<?xml version="1.0" encoding="UTF-8"?>
<testsuites tests="21" failures="0" errors="0" skipped="0">
  <testsuite timestamp="2025-05-01T16:57:43" time="347.358" tests="3" failures="0" errors="0" skipped="0">
    <properties>
      <property name="specId" value="0" />
      <property name="suiteName" value="Create condition pricing US117289 US134625" />
      <property name="capabilities" value="chrome.135_0_7049_96.windows" />
      <property name="file" value="file:///D:/a/1/s/test/specs/BTS/create-condition-pricing.spec.js" />
    </properties>
    <testcase classname="chrome.135_0_7049_96.windows.Create_condition_pricing_US117289_US134625" name="Should create a new yard used for all following tests" time="104.586">
      <system-out><![CDATA[
COMMAND: POST /session/92c8a4308f789fc799e99033afc54cf4/window/fullscreen - {}
RESULT: {}
COMMAND: POST /session/92c8a4308f789fc799e99033afc54cf4/execute/async - {"script":"<script> [1562 bytes]","args":[{"selector":{"controlType":"sap.m.GenericTile","properties":{"header":"Manage Yards"}},"wdio_ui5_key":"sapm.GenericTile{\"header\":\"Manage Yards\"}"}]}
RESULT: {"script":"<script> [1562 bytes]","args":[{"selector":{"controlType":"sap.m.GenericTile","properties":{"header":"Manage Yards"}},"wdio_ui5_key":"sapm.GenericTile{\"header\":\"Manage Yards\"}"}]}
RESULT: undefined
COMMAND: POST /session/92c8a4308f789fc799e99033afc54cf4/element - {"using":"xpath","value":"//*[@id=\"__tile41\"]"}
RESULT: {"using":"xpath","value":"//*[@id=\"__tile41\"]"}
COMMAND: POST /session/92c8a4308f789fc799e99033afc54cf4/element/f.65165B09D34A62F43149F94F00C74D12.d.F7FFE2A402D0F734392067EC2EF1A7BB.e.149/click - {}
RESULT: {}
COMMAND: POST /session/92c8a4308f789fc799e99033afc54cf4/element - {"using":"xpath","value":"//button[@data-kt=\"addNewYardOverflowToolbarButton\"]"}
COMMAND: GET /session/92c8a4308f789fc799e99033afc54cf4/screenshot - {}
RESULT: {"using":"xpath","value":"//button[@data-kt=\"addNewYardOverflowToolbarButton\"]"}
COMMAND: POST /session/92c8a4308f789fc799e99033afc54cf4/elements - {"using":"xpath","value":"//button[@data-kt=\"addNewYardOverflowToolbarButton\"]"}
RESULT: {}
RESULT: {"using":"xpath","value":"//button[@data-kt=\"addNewYardOverflowToolbarButton\"]"}
COMMAND: POST /session/92c8a4308f789fc799e99033afc54cf4/elements - {"using":"xpath","value":"//button[@data-kt=\"addNewYardOverflowToolbarButton\"]"}
RESULT: {"using":"xpath","value":"//button[@data-kt=\"addNewYardOverflowToolbarButton\"]"}
COMMAND: POST /session/92c8a4308f789fc799e99033afc54cf4/elements - {"using":"xpath","value":"//button[@data-kt=\"addNewYardOverflowToolbarButton\"]"}
RESULT: {"using":"xpath","value":"//button[@data-kt=\"addNewYardOverflowToolbarButton\"]"}
COMMAND: POST /session/92c8a4308f789fc799e99033afc54cf4/elements - {"using":"xpath","value":"//button[@data-kt=\"addNewYardOverflowToolbarButton\"]"}
RESULT: {"using":"xpath","value":"//button[@data-kt=\"addNewYardOverflowToolbarButton\"]"}
COMMAND: POST /session/92c8a4308f789fc799e99033afc54cf4/elements - {"using":"xpath","value":"//button[@data-kt=\"addNewYardOverflowToolbarButton\"]"}
RESULT: {"using":"xpath","value":"//button[@data-kt=\"addNewYardOverflowToolbarButton\"]"}
COMMAND: POST /session/92c8a4308f789fc799e99033afc54cf4/elements - {"using":"xpath","value":"//button[@data-kt=\"addNewYardOverflowToolbarButton\"]"}
RESULT: {"using":"xpath","value":"//button[@data-kt=\"addNewYardOverflowToolbarButton\"]"}
COMMAND: POST /session/92c8a4308f789fc799e99033afc54cf4/elements - {"using":"xpath","value":"//button[@data-kt=\"addNewYardOverflowToolbarButton\"]"}
RESULT: {"using":"xpath","value":"//button[@data-kt=\"addNewYardOverflowToolbarButton\"]"}
COMMAND: POST /session/92c8a4308f789fc799e99033afc54cf4/elements - {"using":"xpath","value":"//button[@data-kt=\"addNewYardOverflowToolbarButton\"]"}
RESULT: {"using":"xpath","value":"//button[@data-kt=\"addNewYardOverflowToolbarButton\"]"}
COMMAND: POST /session/92c8a4308f789fc799e99033afc54cf4/elements - {"using":"xpath","value":"//button[@data-kt=\"addNewYardOverflowToolbarButton\"]"}
RESULT: {"using":"xpath","value":"//button[@data-kt=\"addNewYardOverflowToolbarButton\"]"}
COMMAND: POST /session/92c8a4308f789fc799e99033afc54cf4/elements - {"using":"xpath","value":"//button[@data-kt=\"addNewYardOverflowToolbarButton\"]"}
RESULT: {"using":"xpath","value":"//button[@data-kt=\"addNewYardOverflowToolbarButton\"]"}
COMMAND: POST /session/92c8a4308f789fc799e99033afc54cf4/elements - {"using":"xpath","value":"//button[@data-kt=\"addNewYardOverflowToolbarButton\"]"}
RESULT: {"using":"xpath","value":"//button[@data-kt=\"addNewYardOverflowToolbarButton\"]"}
COMMAND: POST /session/92c8a4308f789fc799e99033afc54cf4/elements - {"using":"xpath","value":"//button[@data-kt=\"addNewYardOverflowToolbarButton\"]"}
RESULT: {"using":"xpath","value":"//button[@data-kt=\"addNewYardOverflowToolbarButton\"]"}
COMMAND: POST /session/92c8a4308f789fc799e99033afc54cf4/elements - {"using":"xpath","value":"//button[@data-kt=\"addNewYardOverflowToolbarButton\"]"}
RESULT: {"using":"xpath","value":"//button[@data-kt=\"addNewYardOverflowToolbarButton\"]"}
COMMAND: POST /session/92c8a4308f789fc799e99033afc54cf4/elements - {"using":"xpath","value":"//button[@data-kt=\"addNewYardOverflowToolbarButton\"]"}
RESULT: {"using":"xpath","value":"//button[@data-kt=\"addNewYardOverflowToolbarButton\"]"}
COMMAND: POST /session/92c8a4308f789fc799e99033afc54cf4/elements - {"using":"xpath","value":"//button[@data-kt=\"addNewYardOverflowToolbarButton\"]"}
RESULT: {"using":"xpath","value":"//button[@data-kt=\"addNewYardOverflowToolbarButton\"]"}
COMMAND: POST /session/92c8a4308f789fc799e99033afc54cf4/elements - {"using":"xpath","value":"//button[@data-kt=\"addNewYardOverflowToolbarButton\"]"}
RESULT: {"using":"xpath","value":"//button[@data-kt=\"addNewYardOverflowToolbarButton\"]"}
COMMAND: POST /session/92c8a4308f789fc799e99033afc54cf4/elements - {"using":"xpath","value":"//button[@data-kt=\"addNewYardOverflowToolbarButton\"]"}
RESULT: {"using":"xpath","value":"//button[@data-kt=\"addNewYardOverflowToolbarButton\"]"}
COMMAND: POST /session/92c8a4308f789fc799e99033afc54cf4/elements - {"using":"xpath","value":"//button[@data-kt=\"addNewYardOverflowToolbarButton\"]"}
RESULT: {"using":"xpath","value":"//button[@data-kt=\"addNewYardOverflowToolbarButton\"]"}
COMMAND: POST /session/92c8a4308f789fc799e99033afc54cf4/elements - {"using":"xpath","value":"//button[@data-kt=\"addNewYardOverflowToolbarButton\"]"}
RESULT: {"using":"xpath","value":"//button[@data-kt=\"addNewYardOverflowToolbarButton\"]"}
COMMAND: POST /session/92c8a4308f789fc799e99033afc54cf4/elements - {"using":"xpath","value":"//button[@data-kt=\"addNewYardOverflowToolbarButton\"]"}
RESULT: {"using":"xpath","value":"//button[@data-kt=\"addNewYardOverflowToolbarButton\"]"}
COMMAND: POST /session/92c8a4308f789fc799e99033afc54cf4/elements - {"using":"xpath","value":"//button[@data-kt=\"addNewYardOverflowToolbarButton\"]"}
RESULT: {"using":"xpath","value":"//button[@data-kt=\"addNewYardOverflowToolbarButton\"]"}
COMMAND: POST /session/92c8a4308f789fc799e99033afc54cf4/elements - {"using":"xpath","value":"//button[@data-kt=\"addNewYardOverflowToolbarButton\"]"}
RESULT: {"using":"xpath","value":"//button[@data-kt=\"addNewYardOverflowToolbarButton\"]"}
COMMAND: POST /session/92c8a4308f789fc799e99033afc54cf4/elements - {"using":"xpath","value":"//button[@data-kt=\"addNewYardOverflowToolbarButton\"]"}
RESULT: {"using":"xpath","value":"//button[@data-kt=\"addNewYardOverflowToolbarButton\"]"}
COMMAND: POST /session/92c8a4308f789fc799e99033afc54cf4/elements - {"using":"xpath","value":"//button[@data-kt=\"addNewYardOverflowToolbarButton\"]"}
RESULT: {"using":"xpath","value":"//button[@data-kt=\"addNewYardOverflowToolbarButton\"]"}
COMMAND: POST /session/92c8a4308f789fc799e99033afc54cf4/elements - {"using":"xpath","value":"//button[@data-kt=\"addNewYardOverflowToolbarButton\"]"}
RESULT: {"using":"xpath","value":"//button[@data-kt=\"addNewYardOverflowToolbarButton\"]"}
COMMAND: POST /session/92c8a4308f789fc799e99033afc54cf4/elements - {"using":"xpath","value":"//button[@data-kt=\"addNewYardOverflowToolbarButton\"]"}
RESULT: {"using":"xpath","value":"//button[@data-kt=\"addNewYardOverflowToolbarButton\"]"}
COMMAND: POST /session/92c8a4308f789fc799e99033afc54cf4/elements - {"using":"xpath","value":"//button[@data-kt=\"addNewYardOverflowToolbarButton\"]"}
RESULT: {"using":"xpath","value":"//button[@data-kt=\"addNewYardOverflowToolbarButton\"]"}
COMMAND: POST /session/92c8a4308f789fc799e99033afc54cf4/elements - {"using":"xpath","value":"//button[@data-kt=\"addNewYardOverflowToolbarButton\"]"}
RESULT: {"using":"xpath","value":"//button[@data-kt=\"addNewYardOverflowToolbarButton\"]"}
COMMAND: POST /session/92c8a4308f789fc799e99033afc54cf4/elements - {"using":"xpath","value":"//button[@data-kt=\"addNewYardOverflowToolbarButton\"]"}
RESULT: {"using":"xpath","value":"//button[@data-kt=\"addNewYardOverflowToolbarButton\"]"}
COMMAND: POST /session/92c8a4308f789fc799e99033afc54cf4/element - {"using":"xpath","value":"//button[@data-kt=\"addNewYardOverflowToolbarButton\"]"}
RESULT: {"using":"xpath","value":"//button[@data-kt=\"addNewYardOverflowToolbarButton\"]"}
COMMAND: POST /session/92c8a4308f789fc799e99033afc54cf4/execute/sync - {"script":"<script> [8489 bytes]","args":[{"element-6066-11e4-a52e-4f735466cecf":"f.65165B09D34A62F43149F94F00C74D12.d.F7FFE2A402D0F734392067EC2EF1A7BB.e.277","ELEMENT":"f.65165B09D34A62F43149F94F00C74D12.d.F7FFE2A402D0F734392067EC2EF1A7BB.e.277"}]}
RESULT: {"script":"<script> [8489 bytes]","args":[{"element-6066-11e4-a52e-4f735466cecf":"f.65165B09D34A62F43149F94F00C74D12.d.F7FFE2A402D0F734392067EC2EF1A7BB.e.277","ELEMENT":"f.65165B09D34A62F43149F94F00C74D12.d.F7FFE2A402D0F734392067EC2EF1A7BB.e.277"}]}
COMMAND: GET /session/92c8a4308f789fc799e99033afc54cf4/element/f.65165B09D34A62F43149F94F00C74D12.d.F7FFE2A402D0F734392067EC2EF1A7BB.e.277/enabled - {}
COMMAND: GET /session/92c8a4308f789fc799e99033afc54cf4/screenshot - {}
RESULT: {}
COMMAND: POST /session/92c8a4308f789fc799e99033afc54cf4/execute/sync - {"script":"<script> [8489 bytes]","args":[{"element-6066-11e4-a52e-4f735466cecf":"f.65165B09D34A62F43149F94F00C74D12.d.F7FFE2A402D0F734392067EC2EF1A7BB.e.277","ELEMENT":"f.65165B09D34A62F43149F94F00C74D12.d.F7FFE2A402D0F734392067EC2EF1A7BB.e.277"}]}
COMMAND: GET /session/92c8a4308f789fc799e99033afc54cf4/screenshot - {}
RESULT: {}
RESULT: {"script":"<script> [8489 bytes]","args":[{"element-6066-11e4-a52e-4f735466cecf":"f.65165B09D34A62F43149F94F00C74D12.d.F7FFE2A402D0F734392067EC2EF1A7BB.e.277","ELEMENT":"f.65165B09D34A62F43149F94F00C74D12.d.F7FFE2A402D0F734392067EC2EF1A7BB.e.277"}]}
COMMAND: POST /session/92c8a4308f789fc799e99033afc54cf4/execute/sync - {"script":"<script> [5351 bytes]","args":[{"element-6066-11e4-a52e-4f735466cecf":"f.65165B09D34A62F43149F94F00C74D12.d.F7FFE2A402D0F734392067EC2EF1A7BB.e.277","ELEMENT":"f.65165B09D34A62F43149F94F00C74D12.d.F7FFE2A402D0F734392067EC2EF1A7BB.e.277"}]}
COMMAND: GET /session/92c8a4308f789fc799e99033afc54cf4/screenshot - {}
RESULT: {}
RESULT: {"script":"<script> [5351 bytes]","args":[{"element-6066-11e4-a52e-4f735466cecf":"f.65165B09D34A62F43149F94F00C74D12.d.F7FFE2A402D0F734392067EC2EF1A7BB.e.277","ELEMENT":"f.65165B09D34A62F43149F94F00C74D12.d.F7FFE2A402D0F734392067EC2EF1A7BB.e.277"}]}
COMMAND: POST /session/92c8a4308f789fc799e99033afc54cf4/element/f.65165B09D34A62F43149F94F00C74D12.d.F7FFE2A402D0F734392067EC2EF1A7BB.e.277/click - {}
COMMAND: GET /session/92c8a4308f789fc799e99033afc54cf4/screenshot - {}
RESULT: {}
RESULT: {}
COMMAND: GET /session/92c8a4308f789fc799e99033afc54cf4/screenshot - {}
RESULT: {}
COMMAND: POST /session/92c8a4308f789fc799e99033afc54cf4/element - {"using":"xpath","value":"//input[@id=\"application-manageyards-display-component---NewYard--yardId-inner\"]"}
RESULT: {}
RESULT: {"using":"xpath","value":"//input[@id=\"application-manageyards-display-component---NewYard--yardId-inner\"]"}
COMMAND: POST /session/92c8a4308f789fc799e99033afc54cf4/element - {"using":"xpath","value":"//input[@id=\"application-manageyards-display-component---NewYard--yardId-inner\"]"}
RESULT: {"using":"xpath","value":"//input[@id=\"application-manageyards-display-component---NewYard--yardId-inner\"]"}
COMMAND: POST /session/92c8a4308f789fc799e99033afc54cf4/execute/async - {"script":"<script> [1562 bytes]","args":[{"selector":{"id":"application-manageyards-display-component---NewYard--addressDetailDetailsName1","interaction":{"idSuffix":"inner"}},"wdio_ui5_key":"applicationmanageyards-display-component---NewYard--addressDetailDetailsName1"}]}
RESULT: {"script":"<script> [1562 bytes]","args":[{"selector":{"id":"application-manageyards-display-component---NewYard--addressDetailDetailsName1","interaction":{"idSuffix":"inner"}},"wdio_ui5_key":"applicationmanageyards-display-component---NewYard--addressDetailDetailsName1"}]}
RESULT: undefined
COMMAND: POST /session/92c8a4308f789fc799e99033afc54cf4/execute/async - {"script":"<script> [776 bytes]","args":[{"enterText":"DailyPrice WDIO","selector":{"id":"application-manageyards-display-component---NewYard--addressDetailDetailsName1","interaction":{"idSuffix":"inner"}},"clearTextFirst":true,"interactionType":"ENTER_TEXT"}]}
RESULT: {"script":"<script> [776 bytes]","args":[{"enterText":"DailyPrice WDIO","selector":{"id":"application-manageyards-display-component---NewYard--addressDetailDetailsName1","interaction":{"idSuffix":"inner"}},"clearTextFirst":true,"interactionType":"ENTER_TEXT"}]}
COMMAND: POST /session/92c8a4308f789fc799e99033afc54cf4/execute/async - {"script":"<script> [1562 bytes]","args":[{"selector":{"id":"application-manageyards-display-component---NewYard--addressDetailDetailsLanguage-arrow"},"wdio_ui5_key":"applicationmanageyards-display-component---NewYard--addressDetailDetailsLanguage-arrow"}]}
RESULT: {"script":"<script> [1562 bytes]","args":[{"selector":{"id":"application-manageyards-display-component---NewYard--addressDetailDetailsLanguage-arrow"},"wdio_ui5_key":"applicationmanageyards-display-component---NewYard--addressDetailDetailsLanguage-arrow"}]}
RESULT: undefined
COMMAND: POST /session/92c8a4308f789fc799e99033afc54cf4/element - {"using":"xpath","value":"//*[@id=\"application-manageyards-display-component---NewYard--addressDetailDetailsLanguage-arrow\"]"}
RESULT: {"using":"xpath","value":"//*[@id=\"application-manageyards-display-component---NewYard--addressDetailDetailsLanguage-arrow\"]"}
COMMAND: POST /session/92c8a4308f789fc799e99033afc54cf4/element/f.65165B09D34A62F43149F94F00C74D12.d.F7FFE2A402D0F734392067EC2EF1A7BB.e.716/click - {}
RESULT: {}
COMMAND: POST /session/92c8a4308f789fc799e99033afc54cf4/element - {"using":"xpath","value":"//span[contains(text(), \"English\")]"}
COMMAND: GET /session/92c8a4308f789fc799e99033afc54cf4/screenshot - {}
RESULT: {"using":"xpath","value":"//span[contains(text(), \"English\")]"}
COMMAND: POST /session/92c8a4308f789fc799e99033afc54cf4/element/f.65165B09D34A62F43149F94F00C74D12.d.F7FFE2A402D0F734392067EC2EF1A7BB.e.717/click - {}
RESULT: {}
RESULT: {}
COMMAND: POST /session/92c8a4308f789fc799e99033afc54cf4/execute/async - {"script":"<script> [1562 bytes]","args":[{"selector":{"id":"application-manageyards-display-component---NewYard--addressDetailDetailsCity1","interaction":{"idSuffix":"inner"}},"wdio_ui5_key":"applicationmanageyards-display-component---NewYard--addressDetailDetailsCity1"}]}
COMMAND: GET /session/92c8a4308f789fc799e99033afc54cf4/screenshot - {}
RESULT: {"script":"<script> [1562 bytes]","args":[{"selector":{"id":"application-manageyards-display-component---NewYard--addressDetailDetailsCity1","interaction":{"idSuffix":"inner"}},"wdio_ui5_key":"applicationmanageyards-display-component---NewYard--addressDetailDetailsCity1"}]}
RESULT: undefined
COMMAND: POST /session/92c8a4308f789fc799e99033afc54cf4/execute/async - {"script":"<script> [776 bytes]","args":[{"enterText":"Rosario","selector":{"id":"application-manageyards-display-component---NewYard--addressDetailDetailsCity1","interaction":{"idSuffix":"inner"}},"clearTextFirst":true,"interactionType":"ENTER_TEXT"}]}
RESULT: {}
RESULT: {"script":"<script> [776 bytes]","args":[{"enterText":"Rosario","selector":{"id":"application-manageyards-display-component---NewYard--addressDetailDetailsCity1","interaction":{"idSuffix":"inner"}},"clearTextFirst":true,"interactionType":"ENTER_TEXT"}]}
COMMAND: POST /session/92c8a4308f789fc799e99033afc54cf4/execute/async - {"script":"<script> [1562 bytes]","args":[{"selector":{"id":"application-manageyards-display-component---NewYard--addressDetailDetailsCountry-arrow"},"wdio_ui5_key":"applicationmanageyards-display-component---NewYard--addressDetailDetailsCountry-arrow"}]}
RESULT: {"script":"<script> [1562 bytes]","args":[{"selector":{"id":"application-manageyards-display-component---NewYard--addressDetailDetailsCountry-arrow"},"wdio_ui5_key":"applicationmanageyards-display-component---NewYard--addressDetailDetailsCountry-arrow"}]}
RESULT: undefined
COMMAND: POST /session/92c8a4308f789fc799e99033afc54cf4/element - {"using":"xpath","value":"//*[@id=\"application-manageyards-display-component---NewYard--addressDetailDetailsCountry-arrow\"]"}
RESULT: {"using":"xpath","value":"//*[@id=\"application-manageyards-display-component---NewYard--addressDetailDetailsCountry-arrow\"]"}
COMMAND: POST /session/92c8a4308f789fc799e99033afc54cf4/element/f.65165B09D34A62F43149F94F00C74D12.d.F7FFE2A402D0F734392067EC2EF1A7BB.e.719/click - {}
RESULT: {}
COMMAND: POST /session/92c8a4308f789fc799e99033afc54cf4/element - {"using":"xpath","value":"//span[contains(text(), \"Argentina\")]"}
COMMAND: GET /session/92c8a4308f789fc799e99033afc54cf4/screenshot - {}
RESULT: {"using":"xpath","value":"//span[contains(text(), \"Argentina\")]"}
COMMAND: POST /session/92c8a4308f789fc799e99033afc54cf4/element/f.65165B09D34A62F43149F94F00C74D12.d.F7FFE2A402D0F734392067EC2EF1A7BB.e.720/click - {}
RESULT: {}
RESULT: {}
COMMAND: POST /session/92c8a4308f789fc799e99033afc54cf4/execute/async - {"script":"<script> [1562 bytes]","args":[{"selector":{"id":"application-manageyards-display-component---NewYard--addressEditDetailsCostObjectCstType-arrow"},"wdio_ui5_key":"applicationmanageyards-display-component---NewYard--addressEditDetailsCostObjectCstType-arrow"}]}
COMMAND: GET /session/92c8a4308f789fc799e99033afc54cf4/screenshot - {}
RESULT: {"script":"<script> [1562 bytes]","args":[{"selector":{"id":"application-manageyards-display-component---NewYard--addressEditDetailsCostObjectCstType-arrow"},"wdio_ui5_key":"applicationmanageyards-display-component---NewYard--addressEditDetailsCostObjectCstType-arrow"}]}
RESULT: undefined
COMMAND: POST /session/92c8a4308f789fc799e99033afc54cf4/element - {"using":"xpath","value":"//*[@id=\"application-manageyards-display-component---NewYard--addressEditDetailsCostObjectCstType-arrow\"]"}
RESULT: {}
RESULT: {"using":"xpath","value":"//*[@id=\"application-manageyards-display-component---NewYard--addressEditDetailsCostObjectCstType-arrow\"]"}
COMMAND: POST /session/92c8a4308f789fc799e99033afc54cf4/element/f.65165B09D34A62F43149F94F00C74D12.d.F7FFE2A402D0F734392067EC2EF1A7BB.e.722/click - {}
RESULT: {}
COMMAND: POST /session/92c8a4308f789fc799e99033afc54cf4/element - {"using":"xpath","value":"//span[contains(text(), \"Cost Center\")]"}
COMMAND: GET /session/92c8a4308f789fc799e99033afc54cf4/screenshot - {}
RESULT: {"using":"xpath","value":"//span[contains(text(), \"Cost Center\")]"}
COMMAND: POST /session/92c8a4308f789fc799e99033afc54cf4/element/f.65165B09D34A62F43149F94F00C74D12.d.F7FFE2A402D0F734392067EC2EF1A7BB.e.723/click - {}
RESULT: {}
RESULT: {}
COMMAND: GET /session/92c8a4308f789fc799e99033afc54cf4/screenshot - {}
RESULT: {}
COMMAND: POST /session/92c8a4308f789fc799e99033afc54cf4/element - {"using":"xpath","value":"//span[@id=\"application-manageyards-display-component---NewYard--addressNewCostObjectCstID-vhi\"]"}
RESULT: {"using":"xpath","value":"//span[@id=\"application-manageyards-display-component---NewYard--addressNewCostObjectCstID-vhi\"]"}
COMMAND: POST /session/92c8a4308f789fc799e99033afc54cf4/execute/sync - {"script":"<script> [8489 bytes]","args":[{"element-6066-11e4-a52e-4f735466cecf":"f.65165B09D34A62F43149F94F00C74D12.d.F7FFE2A402D0F734392067EC2EF1A7BB.e.727","ELEMENT":"f.65165B09D34A62F43149F94F00C74D12.d.F7FFE2A402D0F734392067EC2EF1A7BB.e.727"}]}
RESULT: {"script":"<script> [8489 bytes]","args":[{"element-6066-11e4-a52e-4f735466cecf":"f.65165B09D34A62F43149F94F00C74D12.d.F7FFE2A402D0F734392067EC2EF1A7BB.e.727","ELEMENT":"f.65165B09D34A62F43149F94F00C74D12.d.F7FFE2A402D0F734392067EC2EF1A7BB.e.727"}]}
COMMAND: POST /session/92c8a4308f789fc799e99033afc54cf4/execute/async - {"script":"<script> [1562 bytes]","args":[{"selector":{"id":"application-manageyards-display-component---NewYard--addressNewCostObjectCstID-vhi"},"wdio_ui5_key":"applicationmanageyards-display-component---NewYard--addressNewCostObjectCstID-vhi"}]}
COMMAND: GET /session/92c8a4308f789fc799e99033afc54cf4/screenshot - {}
RESULT: {"script":"<script> [1562 bytes]","args":[{"selector":{"id":"application-manageyards-display-component---NewYard--addressNewCostObjectCstID-vhi"},"wdio_ui5_key":"applicationmanageyards-display-component---NewYard--addressNewCostObjectCstID-vhi"}]}
RESULT: undefined
COMMAND: POST /session/92c8a4308f789fc799e99033afc54cf4/element - {"using":"xpath","value":"//*[@id=\"application-manageyards-display-component---NewYard--addressNewCostObjectCstID-vhi\"]"}
RESULT: {}
RESULT: {"using":"xpath","value":"//*[@id=\"application-manageyards-display-component---NewYard--addressNewCostObjectCstID-vhi\"]"}
COMMAND: POST /session/92c8a4308f789fc799e99033afc54cf4/element/f.65165B09D34A62F43149F94F00C74D12.d.F7FFE2A402D0F734392067EC2EF1A7BB.e.727/click - {}
RESULT: {}
COMMAND: GET /session/92c8a4308f789fc799e99033afc54cf4/screenshot - {}
RESULT: {}
COMMAND: POST /session/92c8a4308f789fc799e99033afc54cf4/execute/async - {"script":"<script> [1562 bytes]","args":[{"selector":{"controlType":"sap.m.SearchField","properties":{"placeholder":"Search"},"searchOpenDialogs":true,"interaction":{"idSuffix":"I"}},"wdio_ui5_key":"sapm.SearchField{\"placeholder\":\"Search\"}"}]}
RESULT: {"script":"<script> [1562 bytes]","args":[{"selector":{"controlType":"sap.m.SearchField","properties":{"placeholder":"Search"},"searchOpenDialogs":true,"interaction":{"idSuffix":"I"}},"wdio_ui5_key":"sapm.SearchField{\"placeholder\":\"Search\"}"}]}
RESULT: undefined
COMMAND: POST /session/92c8a4308f789fc799e99033afc54cf4/execute/async - {"script":"<script> [776 bytes]","args":[{"enterText":"10001013","selector":{"controlType":"sap.m.SearchField","properties":{"placeholder":"Search"},"searchOpenDialogs":true,"interaction":{"idSuffix":"I"}},"clearTextFirst":true,"interactionType":"ENTER_TEXT"}]}
RESULT: {"script":"<script> [776 bytes]","args":[{"enterText":"10001013","selector":{"controlType":"sap.m.SearchField","properties":{"placeholder":"Search"},"searchOpenDialogs":true,"interaction":{"idSuffix":"I"}},"clearTextFirst":true,"interactionType":"ENTER_TEXT"}]}
COMMAND: POST /session/92c8a4308f789fc799e99033afc54cf4/actions - {"actions":[{"id":"action1","type":"key","parameters":{},"actions":[{"type":"keyDown","value":"î€‡"},{"type":"pause","duration":10},{"type":"keyUp","value":"î€‡"}]}]}
RESULT: {"actions":[{"id":"action1","type":"key","parameters":{},"actions":[{"type":"keyDown","value":"î€‡"},{"type":"pause","duration":10},{"type":"keyUp","value":"î€‡"}]}]}
COMMAND: GET /session/92c8a4308f789fc799e99033afc54cf4/screenshot - {}
RESULT: {}
COMMAND: POST /session/92c8a4308f789fc799e99033afc54cf4/element - {"using":"xpath","value":"//span[contains(text(), \"General Management\")]"}
RESULT: {"using":"xpath","value":"//span[contains(text(), \"General Management\")]"}
COMMAND: POST /session/92c8a4308f789fc799e99033afc54cf4/element/f.65165B09D34A62F43149F94F00C74D12.d.F7FFE2A402D0F734392067EC2EF1A7BB.e.768/click - {}
RESULT: {}
COMMAND: GET /session/92c8a4308f789fc799e99033afc54cf4/screenshot - {}
RESULT: {}
COMMAND: POST /session/92c8a4308f789fc799e99033afc54cf4/element - {"using":"xpath","value":"//bdi[contains(text(), \"OK\")]"}
RESULT: {"using":"xpath","value":"//bdi[contains(text(), \"OK\")]"}
COMMAND: POST /session/92c8a4308f789fc799e99033afc54cf4/element/f.65165B09D34A62F43149F94F00C74D12.d.F7FFE2A402D0F734392067EC2EF1A7BB.e.769/click - {}
RESULT: {}
COMMAND: GET /session/92c8a4308f789fc799e99033afc54cf4/screenshot - {}
RESULT: {}
COMMAND: POST /session/92c8a4308f789fc799e99033afc54cf4/execute/async - {"script":"<script> [1562 bytes]","args":[{"selector":{"id":"application-manageyards-display-component---NewYard--addressEditDetailsCurrency-arrow"},"wdio_ui5_key":"applicationmanageyards-display-component---NewYard--addressEditDetailsCurrency-arrow"}]}
RESULT: {"script":"<script> [1562 bytes]","args":[{"selector":{"id":"application-manageyards-display-component---NewYard--addressEditDetailsCurrency-arrow"},"wdio_ui5_key":"applicationmanageyards-display-component---NewYard--addressEditDetailsCurrency-arrow"}]}
RESULT: undefined
COMMAND: POST /session/92c8a4308f789fc799e99033afc54cf4/element - {"using":"xpath","value":"//*[@id=\"application-manageyards-display-component---NewYard--addressEditDetailsCurrency-arrow\"]"}
RESULT: {"using":"xpath","value":"//*[@id=\"application-manageyards-display-component---NewYard--addressEditDetailsCurrency-arrow\"]"}
COMMAND: POST /session/92c8a4308f789fc799e99033afc54cf4/element/f.65165B09D34A62F43149F94F00C74D12.d.F7FFE2A402D0F734392067EC2EF1A7BB.e.772/click - {}
RESULT: {}
COMMAND: POST /session/92c8a4308f789fc799e99033afc54cf4/element - {"using":"xpath","value":"//span[contains(text(), \"Euro\")]"}
COMMAND: GET /session/92c8a4308f789fc799e99033afc54cf4/screenshot - {}
RESULT: {"using":"xpath","value":"//span[contains(text(), \"Euro\")]"}
COMMAND: POST /session/92c8a4308f789fc799e99033afc54cf4/element/f.65165B09D34A62F43149F94F00C74D12.d.F7FFE2A402D0F734392067EC2EF1A7BB.e.773/click - {}
RESULT: {}
RESULT: {}
COMMAND: POST /session/92c8a4308f789fc799e99033afc54cf4/execute/async - {"script":"<script> [1562 bytes]","args":[{"selector":{"controlType":"sap.m.Input","viewName":"etm.portal.ui.manageyards.view.New","viewId":"application-manageyards-display-component---NewYard","bindingPath":{"path":"","propertyPath":"/CONTROLLING_AREA","modelName":"NewYardModel"},"interaction":{"idSuffix":"inner"}},"wdio_ui5_key":"etmportal.ui.manageyards.view.Newsap.m.Input{\"path\":\"\",\"propertyPath\":\"/CONTROLLING_AREA\",\"modelName\":\"NewYardModel\"}"}]}
COMMAND: GET /session/92c8a4308f789fc799e99033afc54cf4/screenshot - {}
RESULT: {"script":"<script> [1562 bytes]","args":[{"selector":{"controlType":"sap.m.Input","viewName":"etm.portal.ui.manageyards.view.New","viewId":"application-manageyards-display-component---NewYard","bindingPath":{"path":"","propertyPath":"/CONTROLLING_AREA","modelName":"NewYardModel"},"interaction":{"idSuffix":"inner"}},"wdio_ui5_key":"etmportal.ui.manageyards.view.Newsap.m.Input{\"path\":\"\",\"propertyPath\":\"/CONTROLLING_AREA\",\"modelName\":\"NewYardModel\"}"}]}
RESULT: undefined
COMMAND: POST /session/92c8a4308f789fc799e99033afc54cf4/execute/async - {"script":"<script> [776 bytes]","args":[{"enterText":"Z001","selector":{"controlType":"sap.m.Input","viewName":"etm.portal.ui.manageyards.view.New","viewId":"application-manageyards-display-component---NewYard","bindingPath":{"path":"","propertyPath":"/CONTROLLING_AREA","modelName":"NewYardModel"},"interaction":{"idSuffix":"inner"}},"clearTextFirst":true,"interactionType":"ENTER_TEXT"}]}
RESULT: {}
RESULT: {"script":"<script> [776 bytes]","args":[{"enterText":"Z001","selector":{"controlType":"sap.m.Input","viewName":"etm.portal.ui.manageyards.view.New","viewId":"application-manageyards-display-component---NewYard","bindingPath":{"path":"","propertyPath":"/CONTROLLING_AREA","modelName":"NewYardModel"},"interaction":{"idSuffix":"inner"}},"clearTextFirst":true,"interactionType":"ENTER_TEXT"}]}
COMMAND: POST /session/92c8a4308f789fc799e99033afc54cf4/execute/async - {"script":"<script> [1562 bytes]","args":[{"selector":{"id":"application-manageyards-display-component---NewYard--companyCodeComboBox","interaction":{"idSuffix":"inner"}},"wdio_ui5_key":"applicationmanageyards-display-component---NewYard--companyCodeComboBox"}]}
RESULT: {"script":"<script> [1562 bytes]","args":[{"selector":{"id":"application-manageyards-display-component---NewYard--companyCodeComboBox","interaction":{"idSuffix":"inner"}},"wdio_ui5_key":"applicationmanageyards-display-component---NewYard--companyCodeComboBox"}]}
RESULT: undefined
COMMAND: POST /session/92c8a4308f789fc799e99033afc54cf4/execute/async - {"script":"<script> [776 bytes]","args":[{"enterText":"1000","selector":{"id":"application-manageyards-display-component---NewYard--companyCodeComboBox","interaction":{"idSuffix":"inner"}},"clearTextFirst":true,"interactionType":"ENTER_TEXT"}]}
RESULT: {"script":"<script> [776 bytes]","args":[{"enterText":"1000","selector":{"id":"application-manageyards-display-component---NewYard--companyCodeComboBox","interaction":{"idSuffix":"inner"}},"clearTextFirst":true,"interactionType":"ENTER_TEXT"}]}
COMMAND: POST /session/92c8a4308f789fc799e99033afc54cf4/execute/async - {"script":"<script> [1562 bytes]","args":[{"selector":{"controlType":"sap.m.Input","viewName":"etm.portal.ui.manageyards.view.New","viewId":"application-manageyards-display-component---NewYard","bindingPath":{"path":"","propertyPath":"/PLANT","modelName":"NewYardModel"},"interaction":{"idSuffix":"inner"}},"wdio_ui5_key":"etmportal.ui.manageyards.view.Newsap.m.Input{\"path\":\"\",\"propertyPath\":\"/PLANT\",\"modelName\":\"NewYardModel\"}"}]}
RESULT: {"script":"<script> [1562 bytes]","args":[{"selector":{"controlType":"sap.m.Input","viewName":"etm.portal.ui.manageyards.view.New","viewId":"application-manageyards-display-component---NewYard","bindingPath":{"path":"","propertyPath":"/PLANT","modelName":"NewYardModel"},"interaction":{"idSuffix":"inner"}},"wdio_ui5_key":"etmportal.ui.manageyards.view.Newsap.m.Input{\"path\":\"\",\"propertyPath\":\"/PLANT\",\"modelName\":\"NewYardModel\"}"}]}
RESULT: undefined
COMMAND: POST /session/92c8a4308f789fc799e99033afc54cf4/execute/async - {"script":"<script> [776 bytes]","args":[{"enterText":"1001","selector":{"controlType":"sap.m.Input","viewName":"etm.portal.ui.manageyards.view.New","viewId":"application-manageyards-display-component---NewYard","bindingPath":{"path":"","propertyPath":"/PLANT","modelName":"NewYardModel"},"interaction":{"idSuffix":"inner"}},"clearTextFirst":true,"interactionType":"ENTER_TEXT"}]}
RESULT: {"script":"<script> [776 bytes]","args":[{"enterText":"1001","selector":{"controlType":"sap.m.Input","viewName":"etm.portal.ui.manageyards.view.New","viewId":"application-manageyards-display-component---NewYard","bindingPath":{"path":"","propertyPath":"/PLANT","modelName":"NewYardModel"},"interaction":{"idSuffix":"inner"}},"clearTextFirst":true,"interactionType":"ENTER_TEXT"}]}
COMMAND: POST /session/92c8a4308f789fc799e99033afc54cf4/execute/async - {"script":"<script> [1562 bytes]","args":[{"selector":{"controlType":"sap.m.Input","viewName":"etm.portal.ui.manageyards.view.New","viewId":"application-manageyards-display-component---NewYard","bindingPath":{"path":"","propertyPath":"/SALES_AREA_VKORG","modelName":"NewYardModel"},"interaction":{"idSuffix":"inner"}},"wdio_ui5_key":"etmportal.ui.manageyards.view.Newsap.m.Input{\"path\":\"\",\"propertyPath\":\"/SALES_AREA_VKORG\",\"modelName\":\"NewYardModel\"}"}]}
RESULT: {"script":"<script> [1562 bytes]","args":[{"selector":{"controlType":"sap.m.Input","viewName":"etm.portal.ui.manageyards.view.New","viewId":"application-manageyards-display-component---NewYard","bindingPath":{"path":"","propertyPath":"/SALES_AREA_VKORG","modelName":"NewYardModel"},"interaction":{"idSuffix":"inner"}},"wdio_ui5_key":"etmportal.ui.manageyards.view.Newsap.m.Input{\"path\":\"\",\"propertyPath\":\"/SALES_AREA_VKORG\",\"modelName\":\"NewYardModel\"}"}]}
RESULT: undefined
COMMAND: POST /session/92c8a4308f789fc799e99033afc54cf4/execute/async - {"script":"<script> [776 bytes]","args":[{"enterText":"C002","selector":{"controlType":"sap.m.Input","viewName":"etm.portal.ui.manageyards.view.New","viewId":"application-manageyards-display-component---NewYard","bindingPath":{"path":"","propertyPath":"/SALES_AREA_VKORG","modelName":"NewYardModel"},"interaction":{"idSuffix":"inner"}},"clearTextFirst":true,"interactionType":"ENTER_TEXT"}]}
RESULT: {"script":"<script> [776 bytes]","args":[{"enterText":"C002","selector":{"controlType":"sap.m.Input","viewName":"etm.portal.ui.manageyards.view.New","viewId":"application-manageyards-display-component---NewYard","bindingPath":{"path":"","propertyPath":"/SALES_AREA_VKORG","modelName":"NewYardModel"},"interaction":{"idSuffix":"inner"}},"clearTextFirst":true,"interactionType":"ENTER_TEXT"}]}
COMMAND: POST /session/92c8a4308f789fc799e99033afc54cf4/execute/async - {"script":"<script> [1562 bytes]","args":[{"selector":{"controlType":"sap.m.Input","viewName":"etm.portal.ui.manageyards.view.New","viewId":"application-manageyards-display-component---NewYard","bindingPath":{"path":"","propertyPath":"/SALES_AREA_VTWEG","modelName":"NewYardModel"},"interaction":{"idSuffix":"inner"}},"wdio_ui5_key":"etmportal.ui.manageyards.view.Newsap.m.Input{\"path\":\"\",\"propertyPath\":\"/SALES_AREA_VTWEG\",\"modelName\":\"NewYardModel\"}"}]}
RESULT: {"script":"<script> [1562 bytes]","args":[{"selector":{"controlType":"sap.m.Input","viewName":"etm.portal.ui.manageyards.view.New","viewId":"application-manageyards-display-component---NewYard","bindingPath":{"path":"","propertyPath":"/SALES_AREA_VTWEG","modelName":"NewYardModel"},"interaction":{"idSuffix":"inner"}},"wdio_ui5_key":"etmportal.ui.manageyards.view.Newsap.m.Input{\"path\":\"\",\"propertyPath\":\"/SALES_AREA_VTWEG\",\"modelName\":\"NewYardModel\"}"}]}
RESULT: undefined
COMMAND: POST /session/92c8a4308f789fc799e99033afc54cf4/execute/async - {"script":"<script> [776 bytes]","args":[{"enterText":"C2","selector":{"controlType":"sap.m.Input","viewName":"etm.portal.ui.manageyards.view.New","viewId":"application-manageyards-display-component---NewYard","bindingPath":{"path":"","propertyPath":"/SALES_AREA_VTWEG","modelName":"NewYardModel"},"interaction":{"idSuffix":"inner"}},"clearTextFirst":true,"interactionType":"ENTER_TEXT"}]}
RESULT: {"script":"<script> [776 bytes]","args":[{"enterText":"C2","selector":{"controlType":"sap.m.Input","viewName":"etm.portal.ui.manageyards.view.New","viewId":"application-manageyards-display-component---NewYard","bindingPath":{"path":"","propertyPath":"/SALES_AREA_VTWEG","modelName":"NewYardModel"},"interaction":{"idSuffix":"inner"}},"clearTextFirst":true,"interactionType":"ENTER_TEXT"}]}
COMMAND: POST /session/92c8a4308f789fc799e99033afc54cf4/execute/async - {"script":"<script> [1562 bytes]","args":[{"selector":{"controlType":"sap.m.Input","viewName":"etm.portal.ui.manageyards.view.New","viewId":"application-manageyards-display-component---NewYard","bindingPath":{"path":"","propertyPath":"/SALES_AREA_SPART","modelName":"NewYardModel"},"interaction":{"idSuffix":"inner"}},"wdio_ui5_key":"etmportal.ui.manageyards.view.Newsap.m.Input{\"path\":\"\",\"propertyPath\":\"/SALES_AREA_SPART\",\"modelName\":\"NewYardModel\"}"}]}
RESULT: {"script":"<script> [1562 bytes]","args":[{"selector":{"controlType":"sap.m.Input","viewName":"etm.portal.ui.manageyards.view.New","viewId":"application-manageyards-display-component---NewYard","bindingPath":{"path":"","propertyPath":"/SALES_AREA_SPART","modelName":"NewYardModel"},"interaction":{"idSuffix":"inner"}},"wdio_ui5_key":"etmportal.ui.manageyards.view.Newsap.m.Input{\"path\":\"\",\"propertyPath\":\"/SALES_AREA_SPART\",\"modelName\":\"NewYardModel\"}"}]}
RESULT: undefined
COMMAND: POST /session/92c8a4308f789fc799e99033afc54cf4/execute/async - {"script":"<script> [776 bytes]","args":[{"enterText":"C2","selector":{"controlType":"sap.m.Input","viewName":"etm.portal.ui.manageyards.view.New","viewId":"application-manageyards-display-component---NewYard","bindingPath":{"path":"","propertyPath":"/SALES_AREA_SPART","modelName":"NewYardModel"},"interaction":{"idSuffix":"inner"}},"clearTextFirst":true,"interactionType":"ENTER_TEXT"}]}
RESULT: {"script":"<script> [776 bytes]","args":[{"enterText":"C2","selector":{"controlType":"sap.m.Input","viewName":"etm.portal.ui.manageyards.view.New","viewId":"application-manageyards-display-component---NewYard","bindingPath":{"path":"","propertyPath":"/SALES_AREA_SPART","modelName":"NewYardModel"},"interaction":{"idSuffix":"inner"}},"clearTextFirst":true,"interactionType":"ENTER_TEXT"}]}
COMMAND: POST /session/92c8a4308f789fc799e99033afc54cf4/execute/async - {"script":"<script> [1562 bytes]","args":[{"selector":{"controlType":"sap.m.Input","viewName":"etm.portal.ui.manageyards.view.New","viewId":"application-manageyards-display-component---NewYard","bindingPath":{"path":"","propertyPath":"/SHIP_POINT","modelName":"NewYardModel"},"interaction":{"idSuffix":"inner"}},"wdio_ui5_key":"etmportal.ui.manageyards.view.Newsap.m.Input{\"path\":\"\",\"propertyPath\":\"/SHIP_POINT\",\"modelName\":\"NewYardModel\"}"}]}
RESULT: {"script":"<script> [1562 bytes]","args":[{"selector":{"controlType":"sap.m.Input","viewName":"etm.portal.ui.manageyards.view.New","viewId":"application-manageyards-display-component---NewYard","bindingPath":{"path":"","propertyPath":"/SHIP_POINT","modelName":"NewYardModel"},"interaction":{"idSuffix":"inner"}},"wdio_ui5_key":"etmportal.ui.manageyards.view.Newsap.m.Input{\"path\":\"\",\"propertyPath\":\"/SHIP_POINT\",\"modelName\":\"NewYardModel\"}"}]}
RESULT: undefined
COMMAND: POST /session/92c8a4308f789fc799e99033afc54cf4/execute/async - {"script":"<script> [776 bytes]","args":[{"enterText":"1710","selector":{"controlType":"sap.m.Input","viewName":"etm.portal.ui.manageyards.view.New","viewId":"application-manageyards-display-component---NewYard","bindingPath":{"path":"","propertyPath":"/SHIP_POINT","modelName":"NewYardModel"},"interaction":{"idSuffix":"inner"}},"clearTextFirst":true,"interactionType":"ENTER_TEXT"}]}
RESULT: {"script":"<script> [776 bytes]","args":[{"enterText":"1710","selector":{"controlType":"sap.m.Input","viewName":"etm.portal.ui.manageyards.view.New","viewId":"application-manageyards-display-component---NewYard","bindingPath":{"path":"","propertyPath":"/SHIP_POINT","modelName":"NewYardModel"},"interaction":{"idSuffix":"inner"}},"clearTextFirst":true,"interactionType":"ENTER_TEXT"}]}
COMMAND: POST /session/92c8a4308f789fc799e99033afc54cf4/execute/async - {"script":"<script> [1562 bytes]","args":[{"selector":{"controlType":"sap.m.Input","viewName":"etm.portal.ui.manageyards.view.New","viewId":"application-manageyards-display-component---NewYard","bindingPath":{"path":"","propertyPath":"/DELIVERY_TYPE","modelName":"NewYardModel"},"interaction":{"idSuffix":"inner"}},"wdio_ui5_key":"etmportal.ui.manageyards.view.Newsap.m.Input{\"path\":\"\",\"propertyPath\":\"/DELIVERY_TYPE\",\"modelName\":\"NewYardModel\"}"}]}
RESULT: {"script":"<script> [1562 bytes]","args":[{"selector":{"controlType":"sap.m.Input","viewName":"etm.portal.ui.manageyards.view.New","viewId":"application-manageyards-display-component---NewYard","bindingPath":{"path":"","propertyPath":"/DELIVERY_TYPE","modelName":"NewYardModel"},"interaction":{"idSuffix":"inner"}},"wdio_ui5_key":"etmportal.ui.manageyards.view.Newsap.m.Input{\"path\":\"\",\"propertyPath\":\"/DELIVERY_TYPE\",\"modelName\":\"NewYardModel\"}"}]}
RESULT: undefined
COMMAND: POST /session/92c8a4308f789fc799e99033afc54cf4/execute/async - {"script":"<script> [776 bytes]","args":[{"enterText":"ZL01","selector":{"controlType":"sap.m.Input","viewName":"etm.portal.ui.manageyards.view.New","viewId":"application-manageyards-display-component---NewYard","bindingPath":{"path":"","propertyPath":"/DELIVERY_TYPE","modelName":"NewYardModel"},"interaction":{"idSuffix":"inner"}},"clearTextFirst":true,"interactionType":"ENTER_TEXT"}]}
RESULT: {"script":"<script> [776 bytes]","args":[{"enterText":"ZL01","selector":{"controlType":"sap.m.Input","viewName":"etm.portal.ui.manageyards.view.New","viewId":"application-manageyards-display-component---NewYard","bindingPath":{"path":"","propertyPath":"/DELIVERY_TYPE","modelName":"NewYardModel"},"interaction":{"idSuffix":"inner"}},"clearTextFirst":true,"interactionType":"ENTER_TEXT"}]}
COMMAND: POST /session/92c8a4308f789fc799e99033afc54cf4/execute/async - {"script":"<script> [1562 bytes]","args":[{"selector":{"controlType":"sap.m.Input","viewName":"etm.portal.ui.manageyards.view.New","viewId":"application-manageyards-display-component---NewYard","bindingPath":{"path":"","propertyPath":"/AUART","modelName":"NewYardModel"},"interaction":{"idSuffix":"inner"}},"wdio_ui5_key":"etmportal.ui.manageyards.view.Newsap.m.Input{\"path\":\"\",\"propertyPath\":\"/AUART\",\"modelName\":\"NewYardModel\"}"}]}
RESULT: {"script":"<script> [1562 bytes]","args":[{"selector":{"controlType":"sap.m.Input","viewName":"etm.portal.ui.manageyards.view.New","viewId":"application-manageyards-display-component---NewYard","bindingPath":{"path":"","propertyPath":"/AUART","modelName":"NewYardModel"},"interaction":{"idSuffix":"inner"}},"wdio_ui5_key":"etmportal.ui.manageyards.view.Newsap.m.Input{\"path\":\"\",\"propertyPath\":\"/AUART\",\"modelName\":\"NewYardModel\"}"}]}
RESULT: undefined
COMMAND: POST /session/92c8a4308f789fc799e99033afc54cf4/execute/async - {"script":"<script> [776 bytes]","args":[{"enterText":"TA","selector":{"controlType":"sap.m.Input","viewName":"etm.portal.ui.manageyards.view.New","viewId":"application-manageyards-display-component---NewYard","bindingPath":{"path":"","propertyPath":"/AUART","modelName":"NewYardModel"},"interaction":{"idSuffix":"inner"}},"clearTextFirst":true,"interactionType":"ENTER_TEXT"}]}
RESULT: {"script":"<script> [776 bytes]","args":[{"enterText":"TA","selector":{"controlType":"sap.m.Input","viewName":"etm.portal.ui.manageyards.view.New","viewId":"application-manageyards-display-component---NewYard","bindingPath":{"path":"","propertyPath":"/AUART","modelName":"NewYardModel"},"interaction":{"idSuffix":"inner"}},"clearTextFirst":true,"interactionType":"ENTER_TEXT"}]}
COMMAND: POST /session/92c8a4308f789fc799e99033afc54cf4/element - {"using":"xpath","value":"//button[@data-kt=\"newYardSaveButton\"]"}
RESULT: {"using":"xpath","value":"//button[@data-kt=\"newYardSaveButton\"]"}
COMMAND: POST /session/92c8a4308f789fc799e99033afc54cf4/element/f.65165B09D34A62F43149F94F00C74D12.d.F7FFE2A402D0F734392067EC2EF1A7BB.e.699/click - {}
RESULT: {}
COMMAND: GET /session/92c8a4308f789fc799e99033afc54cf4/screenshot - {}
RESULT: {}
COMMAND: POST /session/92c8a4308f789fc799e99033afc54cf4/element - {"using":"xpath","value":"//header[contains(@id, 'ObjectPageLayout-headerTitle')]/div[1]/div[2]/div[1]/span[1]"}
RESULT: {"using":"xpath","value":"//header[contains(@id, 'ObjectPageLayout-headerTitle')]/div[1]/div[2]/div[1]/span[1]"}
COMMAND: POST /session/92c8a4308f789fc799e99033afc54cf4/elements - {"using":"xpath","value":"//header[contains(@id, 'ObjectPageLayout-headerTitle')]/div[1]/div[2]/div[1]/span[1]"}
RESULT: {"using":"xpath","value":"//header[contains(@id, 'ObjectPageLayout-headerTitle')]/div[1]/div[2]/div[1]/span[1]"}
COMMAND: POST /session/92c8a4308f789fc799e99033afc54cf4/execute/sync - {"script":"<script> [56 bytes]","args":[{"element-6066-11e4-a52e-4f735466cecf":"f.65165B09D34A62F43149F94F00C74D12.d.F7FFE2A402D0F734392067EC2EF1A7BB.e.996","ELEMENT":"f.65165B09D34A62F43149F94F00C74D12.d.F7FFE2A402D0F734392067EC2EF1A7BB.e.996"}]}
RESULT: {"script":"<script> [56 bytes]","args":[{"element-6066-11e4-a52e-4f735466cecf":"f.65165B09D34A62F43149F94F00C74D12.d.F7FFE2A402D0F734392067EC2EF1A7BB.e.996","ELEMENT":"f.65165B09D34A62F43149F94F00C74D12.d.F7FFE2A402D0F734392067EC2EF1A7BB.e.996"}]}
COMMAND: GET /session/92c8a4308f789fc799e99033afc54cf4/screenshot - {}
RESULT: {}
COMMAND: POST /session/92c8a4308f789fc799e99033afc54cf4/element - {"using":"css selector","value":"#shell-header-logo"}
RESULT: {"using":"css selector","value":"#shell-header-logo"}
COMMAND: POST /session/92c8a4308f789fc799e99033afc54cf4/element/f.65165B09D34A62F43149F94F00C74D12.d.F7FFE2A402D0F734392067EC2EF1A7BB.e.246/click - {}
RESULT: {}
COMMAND: GET /session/92c8a4308f789fc799e99033afc54cf4/screenshot - {}
RESULT: {}
COMMAND: POST /session/92c8a4308f789fc799e99033afc54cf4/execute/sync - {"script":"<script> [299 bytes]","args":[["getModel","getResource"]]}
RESULT: {"script":"<script> [299 bytes]","args":[["getModel","getResource"]]}
COMMAND: GET /session/92c8a4308f789fc799e99033afc54cf4/screenshot - {}
]]></system-out>
    </testcase>
    <testcase classname="chrome.135_0_7049_96.windows.Create_condition_pricing_US117289_US134625" name="Should create a new equipment used for all following tests" time="128.136">
      <system-out><![CDATA[
COMMAND: POST /session/92c8a4308f789fc799e99033afc54cf4/execute/async - {"script":"<script> [1562 bytes]","args":[{"selector":{"controlType":"sap.m.GenericTile","properties":{"header":"Manage Resources"}},"wdio_ui5_key":"sapm.GenericTile{\"header\":\"Manage Resources\"}"}]}
RESULT: {}
RESULT: {"script":"<script> [1562 bytes]","args":[{"selector":{"controlType":"sap.m.GenericTile","properties":{"header":"Manage Resources"}},"wdio_ui5_key":"sapm.GenericTile{\"header\":\"Manage Resources\"}"}]}
RESULT: undefined
COMMAND: POST /session/92c8a4308f789fc799e99033afc54cf4/element - {"using":"xpath","value":"//*[@id=\"__tile39\"]"}
RESULT: {"using":"xpath","value":"//*[@id=\"__tile39\"]"}
COMMAND: POST /session/92c8a4308f789fc799e99033afc54cf4/element/f.65165B09D34A62F43149F94F00C74D12.d.F7FFE2A402D0F734392067EC2EF1A7BB.e.143/click - {}
RESULT: {}
COMMAND: POST /session/92c8a4308f789fc799e99033afc54cf4/element - {"using":"xpath","value":"//button[@data-kt=\"addNewRUOverflowToolbarButton\"]"}
COMMAND: GET /session/92c8a4308f789fc799e99033afc54cf4/screenshot - {}
RESULT: {"using":"xpath","value":"//button[@data-kt=\"addNewRUOverflowToolbarButton\"]"}
COMMAND: POST /session/92c8a4308f789fc799e99033afc54cf4/elements - {"using":"xpath","value":"//button[@data-kt=\"addNewRUOverflowToolbarButton\"]"}
RESULT: {}
RESULT: {"using":"xpath","value":"//button[@data-kt=\"addNewRUOverflowToolbarButton\"]"}
COMMAND: POST /session/92c8a4308f789fc799e99033afc54cf4/elements - {"using":"xpath","value":"//button[@data-kt=\"addNewRUOverflowToolbarButton\"]"}
RESULT: {"using":"xpath","value":"//button[@data-kt=\"addNewRUOverflowToolbarButton\"]"}
COMMAND: POST /session/92c8a4308f789fc799e99033afc54cf4/elements - {"using":"xpath","value":"//button[@data-kt=\"addNewRUOverflowToolbarButton\"]"}
RESULT: {"using":"xpath","value":"//button[@data-kt=\"addNewRUOverflowToolbarButton\"]"}
COMMAND: POST /session/92c8a4308f789fc799e99033afc54cf4/elements - {"using":"xpath","value":"//button[@data-kt=\"addNewRUOverflowToolbarButton\"]"}
RESULT: {"using":"xpath","value":"//button[@data-kt=\"addNewRUOverflowToolbarButton\"]"}
COMMAND: POST /session/92c8a4308f789fc799e99033afc54cf4/elements - {"using":"xpath","value":"//button[@data-kt=\"addNewRUOverflowToolbarButton\"]"}
RESULT: {"using":"xpath","value":"//button[@data-kt=\"addNewRUOverflowToolbarButton\"]"}
COMMAND: POST /session/92c8a4308f789fc799e99033afc54cf4/elements - {"using":"xpath","value":"//button[@data-kt=\"addNewRUOverflowToolbarButton\"]"}
RESULT: {"using":"xpath","value":"//button[@data-kt=\"addNewRUOverflowToolbarButton\"]"}
COMMAND: POST /session/92c8a4308f789fc799e99033afc54cf4/elements - {"using":"xpath","value":"//button[@data-kt=\"addNewRUOverflowToolbarButton\"]"}
RESULT: {"using":"xpath","value":"//button[@data-kt=\"addNewRUOverflowToolbarButton\"]"}
COMMAND: POST /session/92c8a4308f789fc799e99033afc54cf4/elements - {"using":"xpath","value":"//button[@data-kt=\"addNewRUOverflowToolbarButton\"]"}
RESULT: {"using":"xpath","value":"//button[@data-kt=\"addNewRUOverflowToolbarButton\"]"}
COMMAND: POST /session/92c8a4308f789fc799e99033afc54cf4/elements - {"using":"xpath","value":"//button[@data-kt=\"addNewRUOverflowToolbarButton\"]"}
RESULT: {"using":"xpath","value":"//button[@data-kt=\"addNewRUOverflowToolbarButton\"]"}
COMMAND: POST /session/92c8a4308f789fc799e99033afc54cf4/elements - {"using":"xpath","value":"//button[@data-kt=\"addNewRUOverflowToolbarButton\"]"}
RESULT: {"using":"xpath","value":"//button[@data-kt=\"addNewRUOverflowToolbarButton\"]"}
COMMAND: POST /session/92c8a4308f789fc799e99033afc54cf4/elements - {"using":"xpath","value":"//button[@data-kt=\"addNewRUOverflowToolbarButton\"]"}
RESULT: {"using":"xpath","value":"//button[@data-kt=\"addNewRUOverflowToolbarButton\"]"}
COMMAND: POST /session/92c8a4308f789fc799e99033afc54cf4/elements - {"using":"xpath","value":"//button[@data-kt=\"addNewRUOverflowToolbarButton\"]"}
RESULT: {"using":"xpath","value":"//button[@data-kt=\"addNewRUOverflowToolbarButton\"]"}
COMMAND: POST /session/92c8a4308f789fc799e99033afc54cf4/elements - {"using":"xpath","value":"//button[@data-kt=\"addNewRUOverflowToolbarButton\"]"}
RESULT: {"using":"xpath","value":"//button[@data-kt=\"addNewRUOverflowToolbarButton\"]"}
COMMAND: POST /session/92c8a4308f789fc799e99033afc54cf4/elements - {"using":"xpath","value":"//button[@data-kt=\"addNewRUOverflowToolbarButton\"]"}
RESULT: {"using":"xpath","value":"//button[@data-kt=\"addNewRUOverflowToolbarButton\"]"}
COMMAND: POST /session/92c8a4308f789fc799e99033afc54cf4/elements - {"using":"xpath","value":"//button[@data-kt=\"addNewRUOverflowToolbarButton\"]"}
RESULT: {"using":"xpath","value":"//button[@data-kt=\"addNewRUOverflowToolbarButton\"]"}
COMMAND: POST /session/92c8a4308f789fc799e99033afc54cf4/elements - {"using":"xpath","value":"//button[@data-kt=\"addNewRUOverflowToolbarButton\"]"}
RESULT: {"using":"xpath","value":"//button[@data-kt=\"addNewRUOverflowToolbarButton\"]"}
COMMAND: POST /session/92c8a4308f789fc799e99033afc54cf4/elements - {"using":"xpath","value":"//button[@data-kt=\"addNewRUOverflowToolbarButton\"]"}
RESULT: {"using":"xpath","value":"//button[@data-kt=\"addNewRUOverflowToolbarButton\"]"}
COMMAND: POST /session/92c8a4308f789fc799e99033afc54cf4/elements - {"using":"xpath","value":"//button[@data-kt=\"addNewRUOverflowToolbarButton\"]"}
RESULT: {"using":"xpath","value":"//button[@data-kt=\"addNewRUOverflowToolbarButton\"]"}
COMMAND: POST /session/92c8a4308f789fc799e99033afc54cf4/element - {"using":"xpath","value":"//button[@data-kt=\"addNewRUOverflowToolbarButton\"]"}
RESULT: {"using":"xpath","value":"//button[@data-kt=\"addNewRUOverflowToolbarButton\"]"}
COMMAND: POST /session/92c8a4308f789fc799e99033afc54cf4/execute/sync - {"script":"<script> [8489 bytes]","args":[{"element-6066-11e4-a52e-4f735466cecf":"f.65165B09D34A62F43149F94F00C74D12.d.F7FFE2A402D0F734392067EC2EF1A7BB.e.1028","ELEMENT":"f.65165B09D34A62F43149F94F00C74D12.d.F7FFE2A402D0F734392067EC2EF1A7BB.e.1028"}]}
RESULT: {"script":"<script> [8489 bytes]","args":[{"element-6066-11e4-a52e-4f735466cecf":"f.65165B09D34A62F43149F94F00C74D12.d.F7FFE2A402D0F734392067EC2EF1A7BB.e.1028","ELEMENT":"f.65165B09D34A62F43149F94F00C74D12.d.F7FFE2A402D0F734392067EC2EF1A7BB.e.1028"}]}
COMMAND: GET /session/92c8a4308f789fc799e99033afc54cf4/element/f.65165B09D34A62F43149F94F00C74D12.d.F7FFE2A402D0F734392067EC2EF1A7BB.e.1028/enabled - {}
COMMAND: GET /session/92c8a4308f789fc799e99033afc54cf4/screenshot - {}
RESULT: {}
COMMAND: POST /session/92c8a4308f789fc799e99033afc54cf4/execute/sync - {"script":"<script> [8489 bytes]","args":[{"element-6066-11e4-a52e-4f735466cecf":"f.65165B09D34A62F43149F94F00C74D12.d.F7FFE2A402D0F734392067EC2EF1A7BB.e.1028","ELEMENT":"f.65165B09D34A62F43149F94F00C74D12.d.F7FFE2A402D0F734392067EC2EF1A7BB.e.1028"}]}
COMMAND: GET /session/92c8a4308f789fc799e99033afc54cf4/screenshot - {}
RESULT: {}
RESULT: {"script":"<script> [8489 bytes]","args":[{"element-6066-11e4-a52e-4f735466cecf":"f.65165B09D34A62F43149F94F00C74D12.d.F7FFE2A402D0F734392067EC2EF1A7BB.e.1028","ELEMENT":"f.65165B09D34A62F43149F94F00C74D12.d.F7FFE2A402D0F734392067EC2EF1A7BB.e.1028"}]}
COMMAND: POST /session/92c8a4308f789fc799e99033afc54cf4/execute/sync - {"script":"<script> [5351 bytes]","args":[{"element-6066-11e4-a52e-4f735466cecf":"f.65165B09D34A62F43149F94F00C74D12.d.F7FFE2A402D0F734392067EC2EF1A7BB.e.1028","ELEMENT":"f.65165B09D34A62F43149F94F00C74D12.d.F7FFE2A402D0F734392067EC2EF1A7BB.e.1028"}]}
COMMAND: GET /session/92c8a4308f789fc799e99033afc54cf4/screenshot - {}
RESULT: {}
RESULT: {"script":"<script> [5351 bytes]","args":[{"element-6066-11e4-a52e-4f735466cecf":"f.65165B09D34A62F43149F94F00C74D12.d.F7FFE2A402D0F734392067EC2EF1A7BB.e.1028","ELEMENT":"f.65165B09D34A62F43149F94F00C74D12.d.F7FFE2A402D0F734392067EC2EF1A7BB.e.1028"}]}
COMMAND: POST /session/92c8a4308f789fc799e99033afc54cf4/element/f.65165B09D34A62F43149F94F00C74D12.d.F7FFE2A402D0F734392067EC2EF1A7BB.e.1028/click - {}
COMMAND: GET /session/92c8a4308f789fc799e99033afc54cf4/screenshot - {}
RESULT: {}
RESULT: {}
COMMAND: GET /session/92c8a4308f789fc799e99033afc54cf4/screenshot - {}
RESULT: {}
RESULT: {}
COMMAND: POST /session/92c8a4308f789fc799e99033afc54cf4/execute/async - {"script":"<script> [1562 bytes]","args":[{"selector":{"id":"application-manageresources-display-component---newResourceUnit--TYPE-arrow"},"wdio_ui5_key":"applicationmanageresources-display-component---newResourceUnit--TYPE-arrow"}]}
RESULT: {"script":"<script> [1562 bytes]","args":[{"selector":{"id":"application-manageresources-display-component---newResourceUnit--TYPE-arrow"},"wdio_ui5_key":"applicationmanageresources-display-component---newResourceUnit--TYPE-arrow"}]}
RESULT: undefined
COMMAND: POST /session/92c8a4308f789fc799e99033afc54cf4/element - {"using":"xpath","value":"//*[@id=\"application-manageresources-display-component---newResourceUnit--TYPE-arrow\"]"}
RESULT: {"using":"xpath","value":"//*[@id=\"application-manageresources-display-component---newResourceUnit--TYPE-arrow\"]"}
COMMAND: POST /session/92c8a4308f789fc799e99033afc54cf4/element/f.65165B09D34A62F43149F94F00C74D12.d.F7FFE2A402D0F734392067EC2EF1A7BB.e.1397/click - {}
RESULT: {}
COMMAND: POST /session/92c8a4308f789fc799e99033afc54cf4/element - {"using":"xpath","value":"//input[@id=\"application-manageresources-display-component---newResourceUnit--TYPE-inner\"]"}
COMMAND: GET /session/92c8a4308f789fc799e99033afc54cf4/screenshot - {}
RESULT: {"using":"xpath","value":"//input[@id=\"application-manageresources-display-component---newResourceUnit--TYPE-inner\"]"}
COMMAND: POST /session/92c8a4308f789fc799e99033afc54cf4/element/f.65165B09D34A62F43149F94F00C74D12.d.F7FFE2A402D0F734392067EC2EF1A7BB.e.1378/clear - {}
RESULT: {}
RESULT: {}
COMMAND: POST /session/92c8a4308f789fc799e99033afc54cf4/element/f.65165B09D34A62F43149F94F00C74D12.d.F7FFE2A402D0F734392067EC2EF1A7BB.e.1378/value - {"text":"Equipment"}
COMMAND: GET /session/92c8a4308f789fc799e99033afc54cf4/screenshot - {}
RESULT: {"text":"Equipment"}
COMMAND: GET /session/92c8a4308f789fc799e99033afc54cf4/screenshot - {}
RESULT: {}
RESULT: {}
COMMAND: POST /session/92c8a4308f789fc799e99033afc54cf4/actions - {"actions":[{"id":"action2","type":"key","parameters":{},"actions":[{"type":"keyDown","value":"î€‡"},{"type":"pause","duration":10},{"type":"keyUp","value":"î€‡"}]}]}
RESULT: {"actions":[{"id":"action2","type":"key","parameters":{},"actions":[{"type":"keyDown","value":"î€‡"},{"type":"pause","duration":10},{"type":"keyUp","value":"î€‡"}]}]}
COMMAND: POST /session/92c8a4308f789fc799e99033afc54cf4/execute/async - {"script":"<script> [1562 bytes]","args":[{"selector":{"id":"application-manageresources-display-component---newResourceUnit--resourceId","interaction":{"idSuffix":"inner"}},"wdio_ui5_key":"applicationmanageresources-display-component---newResourceUnit--resourceId"}]}
COMMAND: GET /session/92c8a4308f789fc799e99033afc54cf4/screenshot - {}
RESULT: {"script":"<script> [1562 bytes]","args":[{"selector":{"id":"application-manageresources-display-component---newResourceUnit--resourceId","interaction":{"idSuffix":"inner"}},"wdio_ui5_key":"applicationmanageresources-display-component---newResourceUnit--resourceId"}]}
RESULT: undefined
COMMAND: POST /session/92c8a4308f789fc799e99033afc54cf4/execute/async - {"script":"<script> [776 bytes]","args":[{"enterText":"B3Imq2L1Hr","selector":{"id":"application-manageresources-display-component---newResourceUnit--resourceId","interaction":{"idSuffix":"inner"}},"clearTextFirst":true,"interactionType":"ENTER_TEXT"}]}
RESULT: {}
RESULT: {"script":"<script> [776 bytes]","args":[{"enterText":"B3Imq2L1Hr","selector":{"id":"application-manageresources-display-component---newResourceUnit--resourceId","interaction":{"idSuffix":"inner"}},"clearTextFirst":true,"interactionType":"ENTER_TEXT"}]}
COMMAND: POST /session/92c8a4308f789fc799e99033afc54cf4/execute/async - {"script":"<script> [1562 bytes]","args":[{"selector":{"id":"application-manageresources-display-component---newResourceUnit--SHORT_TEXT","interaction":{"idSuffix":"inner"}},"wdio_ui5_key":"applicationmanageresources-display-component---newResourceUnit--SHORT_TEXT"}]}
RESULT: {"script":"<script> [1562 bytes]","args":[{"selector":{"id":"application-manageresources-display-component---newResourceUnit--SHORT_TEXT","interaction":{"idSuffix":"inner"}},"wdio_ui5_key":"applicationmanageresources-display-component---newResourceUnit--SHORT_TEXT"}]}
RESULT: undefined
COMMAND: POST /session/92c8a4308f789fc799e99033afc54cf4/execute/async - {"script":"<script> [776 bytes]","args":[{"enterText":"Intercompany Equipment WDIO","selector":{"id":"application-manageresources-display-component---newResourceUnit--SHORT_TEXT","interaction":{"idSuffix":"inner"}},"clearTextFirst":true,"interactionType":"ENTER_TEXT"}]}
RESULT: {"script":"<script> [776 bytes]","args":[{"enterText":"Intercompany Equipment WDIO","selector":{"id":"application-manageresources-display-component---newResourceUnit--SHORT_TEXT","interaction":{"idSuffix":"inner"}},"clearTextFirst":true,"interactionType":"ENTER_TEXT"}]}
COMMAND: POST /session/92c8a4308f789fc799e99033afc54cf4/execute/async - {"script":"<script> [1562 bytes]","args":[{"selector":{"id":"application-manageresources-display-component---newResourceUnit--BASE_UNIT_OF_MEASURE","interaction":{"idSuffix":"inner"}},"wdio_ui5_key":"applicationmanageresources-display-component---newResourceUnit--BASE_UNIT_OF_MEASURE"}]}
RESULT: {"script":"<script> [1562 bytes]","args":[{"selector":{"id":"application-manageresources-display-component---newResourceUnit--BASE_UNIT_OF_MEASURE","interaction":{"idSuffix":"inner"}},"wdio_ui5_key":"applicationmanageresources-display-component---newResourceUnit--BASE_UNIT_OF_MEASURE"}]}
RESULT: undefined
COMMAND: POST /session/92c8a4308f789fc799e99033afc54cf4/execute/async - {"script":"<script> [776 bytes]","args":[{"enterText":"Piece","selector":{"id":"application-manageresources-display-component---newResourceUnit--BASE_UNIT_OF_MEASURE","interaction":{"idSuffix":"inner"}},"clearTextFirst":true,"interactionType":"ENTER_TEXT"}]}
RESULT: {"script":"<script> [776 bytes]","args":[{"enterText":"Piece","selector":{"id":"application-manageresources-display-component---newResourceUnit--BASE_UNIT_OF_MEASURE","interaction":{"idSuffix":"inner"}},"clearTextFirst":true,"interactionType":"ENTER_TEXT"}]}
COMMAND: POST /session/92c8a4308f789fc799e99033afc54cf4/execute/async - {"script":"<script> [1562 bytes]","args":[{"selector":{"id":"application-manageresources-display-component---newResourceUnit--WEIGHT_UNIT","interaction":{"idSuffix":"inner"}},"wdio_ui5_key":"applicationmanageresources-display-component---newResourceUnit--WEIGHT_UNIT"}]}
RESULT: {"script":"<script> [1562 bytes]","args":[{"selector":{"id":"application-manageresources-display-component---newResourceUnit--WEIGHT_UNIT","interaction":{"idSuffix":"inner"}},"wdio_ui5_key":"applicationmanageresources-display-component---newResourceUnit--WEIGHT_UNIT"}]}
RESULT: undefined
COMMAND: POST /session/92c8a4308f789fc799e99033afc54cf4/execute/async - {"script":"<script> [776 bytes]","args":[{"enterText":"Gram","selector":{"id":"application-manageresources-display-component---newResourceUnit--WEIGHT_UNIT","interaction":{"idSuffix":"inner"}},"clearTextFirst":true,"interactionType":"ENTER_TEXT"}]}
RESULT: {"script":"<script> [776 bytes]","args":[{"enterText":"Gram","selector":{"id":"application-manageresources-display-component---newResourceUnit--WEIGHT_UNIT","interaction":{"idSuffix":"inner"}},"clearTextFirst":true,"interactionType":"ENTER_TEXT"}]}
COMMAND: POST /session/92c8a4308f789fc799e99033afc54cf4/execute/async - {"script":"<script> [1562 bytes]","args":[{"selector":{"id":"application-manageresources-display-component---newResourceUnit--DIMENSION_UNIT","interaction":{"idSuffix":"inner"}},"wdio_ui5_key":"applicationmanageresources-display-component---newResourceUnit--DIMENSION_UNIT"}]}
RESULT: {"script":"<script> [1562 bytes]","args":[{"selector":{"id":"application-manageresources-display-component---newResourceUnit--DIMENSION_UNIT","interaction":{"idSuffix":"inner"}},"wdio_ui5_key":"applicationmanageresources-display-component---newResourceUnit--DIMENSION_UNIT"}]}
RESULT: undefined
COMMAND: POST /session/92c8a4308f789fc799e99033afc54cf4/execute/async - {"script":"<script> [776 bytes]","args":[{"enterText":"Meter","selector":{"id":"application-manageresources-display-component---newResourceUnit--DIMENSION_UNIT","interaction":{"idSuffix":"inner"}},"clearTextFirst":true,"interactionType":"ENTER_TEXT"}]}
RESULT: {"script":"<script> [776 bytes]","args":[{"enterText":"Meter","selector":{"id":"application-manageresources-display-component---newResourceUnit--DIMENSION_UNIT","interaction":{"idSuffix":"inner"}},"clearTextFirst":true,"interactionType":"ENTER_TEXT"}]}
COMMAND: POST /session/92c8a4308f789fc799e99033afc54cf4/execute/async - {"script":"<script> [1562 bytes]","args":[{"selector":{"id":"application-manageresources-display-component---newResourceUnit--newRRUPage-anchBar-application-manageresources-display-component---newResourceUnit--control-anchor","interaction":{"idSuffix":"BDI-content"}},"wdio_ui5_key":"applicationmanageresources-display-component---newResourceUnit--newRRUPage-anchBar-application-manageresources-display-component---newResourceUnit--control-anchor"}]}
RESULT: {"script":"<script> [1562 bytes]","args":[{"selector":{"id":"application-manageresources-display-component---newResourceUnit--newRRUPage-anchBar-application-manageresources-display-component---newResourceUnit--control-anchor","interaction":{"idSuffix":"BDI-content"}},"wdio_ui5_key":"applicationmanageresources-display-component---newResourceUnit--newRRUPage-anchBar-application-manageresources-display-component---newResourceUnit--control-anchor"}]}
RESULT: undefined
COMMAND: POST /session/92c8a4308f789fc799e99033afc54cf4/element - {"using":"xpath","value":"//*[@id=\"application-manageresources-display-component---newResourceUnit--newRRUPage-anchBar-application-manageresources-display-component---newResourceUnit--control-anchor\"]"}
RESULT: {"using":"xpath","value":"//*[@id=\"application-manageresources-display-component---newResourceUnit--newRRUPage-anchBar-application-manageresources-display-component---newResourceUnit--control-anchor\"]"}
COMMAND: POST /session/92c8a4308f789fc799e99033afc54cf4/element/f.65165B09D34A62F43149F94F00C74D12.d.F7FFE2A402D0F734392067EC2EF1A7BB.e.1530/click - {}
RESULT: {}
COMMAND: POST /session/92c8a4308f789fc799e99033afc54cf4/execute/async - {"script":"<script> [1562 bytes]","args":[{"selector":{"id":"application-manageresources-display-component---newResourceUnit--PLANNING_GROUP","interaction":{"idSuffix":"inner"}},"wdio_ui5_key":"applicationmanageresources-display-component---newResourceUnit--PLANNING_GROUP"}]}
COMMAND: GET /session/92c8a4308f789fc799e99033afc54cf4/screenshot - {}
RESULT: {"script":"<script> [1562 bytes]","args":[{"selector":{"id":"application-manageresources-display-component---newResourceUnit--PLANNING_GROUP","interaction":{"idSuffix":"inner"}},"wdio_ui5_key":"applicationmanageresources-display-component---newResourceUnit--PLANNING_GROUP"}]}
RESULT: undefined
COMMAND: POST /session/92c8a4308f789fc799e99033afc54cf4/execute/async - {"script":"<script> [776 bytes]","args":[{"enterText":"Heavy Equi","selector":{"id":"application-manageresources-display-component---newResourceUnit--PLANNING_GROUP","interaction":{"idSuffix":"inner"}},"clearTextFirst":true,"interactionType":"ENTER_TEXT"}]}
RESULT: {}
RESULT: {"script":"<script> [776 bytes]","args":[{"enterText":"Heavy Equi","selector":{"id":"application-manageresources-display-component---newResourceUnit--PLANNING_GROUP","interaction":{"idSuffix":"inner"}},"clearTextFirst":true,"interactionType":"ENTER_TEXT"}]}
COMMAND: POST /session/92c8a4308f789fc799e99033afc54cf4/execute/async - {"script":"<script> [1562 bytes]","args":[{"selector":{"id":"application-manageresources-display-component---newResourceUnit--ITEM_TYPE-arrow"},"wdio_ui5_key":"applicationmanageresources-display-component---newResourceUnit--ITEM_TYPE-arrow"}]}
RESULT: {"script":"<script> [1562 bytes]","args":[{"selector":{"id":"application-manageresources-display-component---newResourceUnit--ITEM_TYPE-arrow"},"wdio_ui5_key":"applicationmanageresources-display-component---newResourceUnit--ITEM_TYPE-arrow"}]}
RESULT: undefined
COMMAND: POST /session/92c8a4308f789fc799e99033afc54cf4/element - {"using":"xpath","value":"//*[@id=\"application-manageresources-display-component---newResourceUnit--ITEM_TYPE-arrow\"]"}
RESULT: {"using":"xpath","value":"//*[@id=\"application-manageresources-display-component---newResourceUnit--ITEM_TYPE-arrow\"]"}
COMMAND: POST /session/92c8a4308f789fc799e99033afc54cf4/element/f.65165B09D34A62F43149F94F00C74D12.d.F7FFE2A402D0F734392067EC2EF1A7BB.e.1539/click - {}
RESULT: {}
COMMAND: POST /session/92c8a4308f789fc799e99033afc54cf4/element - {"using":"xpath","value":"(//span[contains(text(), \"Resource Unit\")])[2]"}
COMMAND: GET /session/92c8a4308f789fc799e99033afc54cf4/screenshot - {}
RESULT: {"using":"xpath","value":"(//span[contains(text(), \"Resource Unit\")])[2]"}
COMMAND: POST /session/92c8a4308f789fc799e99033afc54cf4/element/f.65165B09D34A62F43149F94F00C74D12.d.F7FFE2A402D0F734392067EC2EF1A7BB.e.1540/click - {}
RESULT: {}
RESULT: {}
COMMAND: GET /session/92c8a4308f789fc799e99033afc54cf4/screenshot - {}
RESULT: {}
COMMAND: POST /session/92c8a4308f789fc799e99033afc54cf4/element - {"using":"css selector","value":"#application-manageresources-display-component---newResourceUnit--btnAddTimeSegment"}
RESULT: {"using":"css selector","value":"#application-manageresources-display-component---newResourceUnit--btnAddTimeSegment"}
COMMAND: GET /session/92c8a4308f789fc799e99033afc54cf4/element/f.65165B09D34A62F43149F94F00C74D12.d.F7FFE2A402D0F734392067EC2EF1A7BB.e.1541/rect - {}
RESULT: {}
COMMAND: GET /session/92c8a4308f789fc799e99033afc54cf4/window/rect - {}
RESULT: {}
COMMAND: POST /session/92c8a4308f789fc799e99033afc54cf4/execute/sync - {"script":"<script> [92 bytes]","args":[]}
RESULT: {"script":"<script> [92 bytes]","args":[]}
COMMAND: POST /session/92c8a4308f789fc799e99033afc54cf4/actions - {"actions":[{"id":"action3","type":"wheel","parameters":{},"actions":[{"type":"scroll","x":-1888,"y":-32,"deltaX":0,"deltaY":0,"duration":0,"origin":{"element-6066-11e4-a52e-4f735466cecf":"f.65165B09D34A62F43149F94F00C74D12.d.F7FFE2A402D0F734392067EC2EF1A7BB.e.1541"}}]}]}
COMMAND: GET /session/92c8a4308f789fc799e99033afc54cf4/screenshot - {}
RESULT: {}
COMMAND: POST /session/92c8a4308f789fc799e99033afc54cf4/execute/sync - {"script":"<script> [79 bytes]","args":[{"element-6066-11e4-a52e-4f735466cecf":"f.65165B09D34A62F43149F94F00C74D12.d.F7FFE2A402D0F734392067EC2EF1A7BB.e.1541","ELEMENT":"f.65165B09D34A62F43149F94F00C74D12.d.F7FFE2A402D0F734392067EC2EF1A7BB.e.1541"},{"block":"start","inline":"nearest"}]}
RESULT: {"script":"<script> [79 bytes]","args":[{"element-6066-11e4-a52e-4f735466cecf":"f.65165B09D34A62F43149F94F00C74D12.d.F7FFE2A402D0F734392067EC2EF1A7BB.e.1541","ELEMENT":"f.65165B09D34A62F43149F94F00C74D12.d.F7FFE2A402D0F734392067EC2EF1A7BB.e.1541"},{"block":"start","inline":"nearest"}]}
COMMAND: POST /session/92c8a4308f789fc799e99033afc54cf4/execute/async - {"script":"<script> [1562 bytes]","args":[{"selector":{"id":"application-manageresources-display-component---newResourceUnit--btnAddTimeSegment","interaction":{"idSuffix":"inner"}},"wdio_ui5_key":"applicationmanageresources-display-component---newResourceUnit--btnAddTimeSegment"}]}
COMMAND: GET /session/92c8a4308f789fc799e99033afc54cf4/screenshot - {}
RESULT: {"script":"<script> [1562 bytes]","args":[{"selector":{"id":"application-manageresources-display-component---newResourceUnit--btnAddTimeSegment","interaction":{"idSuffix":"inner"}},"wdio_ui5_key":"applicationmanageresources-display-component---newResourceUnit--btnAddTimeSegment"}]}
RESULT: undefined
COMMAND: POST /session/92c8a4308f789fc799e99033afc54cf4/element - {"using":"xpath","value":"//*[@id=\"application-manageresources-display-component---newResourceUnit--btnAddTimeSegment\"]"}
RESULT: {}
RESULT: {"using":"xpath","value":"//*[@id=\"application-manageresources-display-component---newResourceUnit--btnAddTimeSegment\"]"}
COMMAND: POST /session/92c8a4308f789fc799e99033afc54cf4/element/f.65165B09D34A62F43149F94F00C74D12.d.F7FFE2A402D0F734392067EC2EF1A7BB.e.1541/click - {}
RESULT: {}
COMMAND: GET /session/92c8a4308f789fc799e99033afc54cf4/screenshot - {}
RESULT: {}
COMMAND: POST /session/92c8a4308f789fc799e99033afc54cf4/element - {"using":"xpath","value":"//input[@id=\"application-manageresources-display-component---newResourceUnit--idRuTSAdmin-application-manageresources-display-component---newResourceUnit--RUTimeSegment-0-inner\"]"}
RESULT: {"using":"xpath","value":"//input[@id=\"application-manageresources-display-component---newResourceUnit--idRuTSAdmin-application-manageresources-display-component---newResourceUnit--RUTimeSegment-0-inner\"]"}
COMMAND: POST /session/92c8a4308f789fc799e99033afc54cf4/element/f.65165B09D34A62F43149F94F00C74D12.d.F7FFE2A402D0F734392067EC2EF1A7BB.e.1547/clear - {}
RESULT: {}
COMMAND: POST /session/92c8a4308f789fc799e99033afc54cf4/element/f.65165B09D34A62F43149F94F00C74D12.d.F7FFE2A402D0F734392067EC2EF1A7BB.e.1547/value - {"text":"484"}
COMMAND: GET /session/92c8a4308f789fc799e99033afc54cf4/screenshot - {}
RESULT: {"text":"484"}
COMMAND: GET /session/92c8a4308f789fc799e99033afc54cf4/screenshot - {}
RESULT: {}
RESULT: {}
COMMAND: POST /session/92c8a4308f789fc799e99033afc54cf4/element - {"using":"xpath","value":"//li[.//span[text()='484']]"}
RESULT: {"using":"xpath","value":"//li[.//span[text()='484']]"}
COMMAND: POST /session/92c8a4308f789fc799e99033afc54cf4/element/f.65165B09D34A62F43149F94F00C74D12.d.F7FFE2A402D0F734392067EC2EF1A7BB.e.1560/click - {}
RESULT: {}
COMMAND: GET /session/92c8a4308f789fc799e99033afc54cf4/screenshot - {}
RESULT: {}
COMMAND: POST /session/92c8a4308f789fc799e99033afc54cf4/element - {"using":"xpath","value":"(//span[contains(@id, \"-application-manageresources-display-component---newResourceUnit--RUTimeSegment-0-arrow\")])[6]"}
RESULT: {"using":"xpath","value":"(//span[contains(@id, \"-application-manageresources-display-component---newResourceUnit--RUTimeSegment-0-arrow\")])[6]"}
COMMAND: POST /session/92c8a4308f789fc799e99033afc54cf4/element/f.65165B09D34A62F43149F94F00C74D12.d.F7FFE2A402D0F734392067EC2EF1A7BB.e.1561/click - {}
RESULT: {}
COMMAND: GET /session/92c8a4308f789fc799e99033afc54cf4/screenshot - {}
RESULT: {}
COMMAND: POST /session/92c8a4308f789fc799e99033afc54cf4/element - {"using":"xpath","value":"//span[contains(text(), \"PM Order\")]"}
RESULT: {"using":"xpath","value":"//span[contains(text(), \"PM Order\")]"}
COMMAND: POST /session/92c8a4308f789fc799e99033afc54cf4/element/f.65165B09D34A62F43149F94F00C74D12.d.F7FFE2A402D0F734392067EC2EF1A7BB.e.1564/click - {}
RESULT: {}
COMMAND: GET /session/92c8a4308f789fc799e99033afc54cf4/screenshot - {}
RESULT: {}
COMMAND: POST /session/92c8a4308f789fc799e99033afc54cf4/element - {"using":"xpath","value":"(//span[contains(@id ,\"manageresources-display-component---newResourceUnit--RUTimeSegment-0-vhi\")])[1]"}
RESULT: {"using":"xpath","value":"(//span[contains(@id ,\"manageresources-display-component---newResourceUnit--RUTimeSegment-0-vhi\")])[1]"}
COMMAND: GET /session/92c8a4308f789fc799e99033afc54cf4/element/f.65165B09D34A62F43149F94F00C74D12.d.F7FFE2A402D0F734392067EC2EF1A7BB.e.1568/rect - {}
RESULT: {}
COMMAND: GET /session/92c8a4308f789fc799e99033afc54cf4/window/rect - {}
RESULT: {}
COMMAND: POST /session/92c8a4308f789fc799e99033afc54cf4/execute/sync - {"script":"<script> [92 bytes]","args":[]}
RESULT: {"script":"<script> [92 bytes]","args":[]}
COMMAND: POST /session/92c8a4308f789fc799e99033afc54cf4/actions - {"actions":[{"id":"action4","type":"wheel","parameters":{},"actions":[{"type":"scroll","x":-869,"y":-24,"deltaX":0,"deltaY":0,"duration":0,"origin":{"element-6066-11e4-a52e-4f735466cecf":"f.65165B09D34A62F43149F94F00C74D12.d.F7FFE2A402D0F734392067EC2EF1A7BB.e.1568"}}]}]}
COMMAND: GET /session/92c8a4308f789fc799e99033afc54cf4/screenshot - {}
RESULT: {"actions":[{"id":"action4","type":"wheel","parameters":{},"actions":[{"type":"scroll","x":-869,"y":-24,"deltaX":0,"deltaY":0,"duration":0,"origin":{"element-6066-11e4-a52e-4f735466cecf":"f.65165B09D34A62F43149F94F00C74D12.d.F7FFE2A402D0F734392067EC2EF1A7BB.e.1568"}}]}]}
COMMAND: DELETE /session/92c8a4308f789fc799e99033afc54cf4/actions - {}
COMMAND: GET /session/92c8a4308f789fc799e99033afc54cf4/screenshot - {}
RESULT: {}
RESULT: {}
COMMAND: GET /session/92c8a4308f789fc799e99033afc54cf4/screenshot - {}
RESULT: {}
RESULT: {}
COMMAND: POST /session/92c8a4308f789fc799e99033afc54cf4/element/f.65165B09D34A62F43149F94F00C74D12.d.F7FFE2A402D0F734392067EC2EF1A7BB.e.1568/click - {}
RESULT: {}
COMMAND: GET /session/92c8a4308f789fc799e99033afc54cf4/screenshot - {}
RESULT: {}
RESULT: undefined
COMMAND: POST /session/92c8a4308f789fc799e99033afc54cf4/execute/async - {"script":"<script> [776 bytes]","args":[{"enterText":"4000360","selector":{"controlType":"sap.m.SearchField","properties":{"placeholder":"Search"},"searchOpenDialogs":true,"interaction":{"idSuffix":"I"}},"clearTextFirst":true,"interactionType":"ENTER_TEXT"}]}
RESULT: {"script":"<script> [776 bytes]","args":[{"enterText":"4000360","selector":{"controlType":"sap.m.SearchField","properties":{"placeholder":"Search"},"searchOpenDialogs":true,"interaction":{"idSuffix":"I"}},"clearTextFirst":true,"interactionType":"ENTER_TEXT"}]}
COMMAND: POST /session/92c8a4308f789fc799e99033afc54cf4/actions - {"actions":[{"id":"action5","type":"key","parameters":{},"actions":[{"type":"keyDown","value":"î€‡"},{"type":"pause","duration":10},{"type":"keyUp","value":"î€‡"}]}]}
RESULT: {"actions":[{"id":"action5","type":"key","parameters":{},"actions":[{"type":"keyDown","value":"î€‡"},{"type":"pause","duration":10},{"type":"keyUp","value":"î€‡"}]}]}
COMMAND: GET /session/92c8a4308f789fc799e99033afc54cf4/screenshot - {}
RESULT: {}
COMMAND: POST /session/92c8a4308f789fc799e99033afc54cf4/element - {"using":"xpath","value":"//td/div/span[contains(text(), \"BGL Vehicles\")]"}
RESULT: {"using":"xpath","value":"//td/div/span[contains(text(), \"BGL Vehicles\")]"}
COMMAND: POST /session/92c8a4308f789fc799e99033afc54cf4/element/f.65165B09D34A62F43149F94F00C74D12.d.F7FFE2A402D0F734392067EC2EF1A7BB.e.1588/click - {}
RESULT: {}
COMMAND: GET /session/92c8a4308f789fc799e99033afc54cf4/screenshot - {}
RESULT: {}
COMMAND: POST /session/92c8a4308f789fc799e99033afc54cf4/element - {"using":"xpath","value":"//bdi[contains(text(), \"OK\")]"}
RESULT: {"using":"xpath","value":"//bdi[contains(text(), \"OK\")]"}
COMMAND: POST /session/92c8a4308f789fc799e99033afc54cf4/element/f.65165B09D34A62F43149F94F00C74D12.d.F7FFE2A402D0F734392067EC2EF1A7BB.e.1589/click - {}
RESULT: {}
COMMAND: GET /session/92c8a4308f789fc799e99033afc54cf4/screenshot - {}
RESULT: {}
COMMAND: POST /session/92c8a4308f789fc799e99033afc54cf4/execute/async - {"script":"<script> [1562 bytes]","args":[{"selector":{"id":"application-manageresources-display-component---newResourceUnit--newRRUPage-anchBar-application-manageresources-display-component---newResourceUnit--resource-anchor","interaction":{"idSuffix":"BDI-content"}},"wdio_ui5_key":"applicationmanageresources-display-component---newResourceUnit--newRRUPage-anchBar-application-manageresources-display-component---newResourceUnit--resource-anchor"}]}
RESULT: {"script":"<script> [1562 bytes]","args":[{"selector":{"id":"application-manageresources-display-component---newResourceUnit--newRRUPage-anchBar-application-manageresources-display-component---newResourceUnit--resource-anchor","interaction":{"idSuffix":"BDI-content"}},"wdio_ui5_key":"applicationmanageresources-display-component---newResourceUnit--newRRUPage-anchBar-application-manageresources-display-component---newResourceUnit--resource-anchor"}]}
RESULT: undefined
COMMAND: POST /session/92c8a4308f789fc799e99033afc54cf4/element - {"using":"xpath","value":"//*[@id=\"application-manageresources-display-component---newResourceUnit--newRRUPage-anchBar-application-manageresources-display-component---newResourceUnit--resource-anchor\"]"}
RESULT: {"using":"xpath","value":"//*[@id=\"application-manageresources-display-component---newResourceUnit--newRRUPage-anchBar-application-manageresources-display-component---newResourceUnit--resource-anchor\"]"}
COMMAND: POST /session/92c8a4308f789fc799e99033afc54cf4/element/f.65165B09D34A62F43149F94F00C74D12.d.F7FFE2A402D0F734392067EC2EF1A7BB.e.1593/click - {}
RESULT: {}
COMMAND: POST /session/92c8a4308f789fc799e99033afc54cf4/execute/async - {"script":"<script> [1562 bytes]","args":[{"selector":{"id":"application-manageresources-display-component---newResourceUnit--PLANNED_DELIVERY_DATE","interaction":{"idSuffix":"inner"}},"wdio_ui5_key":"applicationmanageresources-display-component---newResourceUnit--PLANNED_DELIVERY_DATE"}]}
COMMAND: GET /session/92c8a4308f789fc799e99033afc54cf4/screenshot - {}
RESULT: {"script":"<script> [1562 bytes]","args":[{"selector":{"id":"application-manageresources-display-component---newResourceUnit--PLANNED_DELIVERY_DATE","interaction":{"idSuffix":"inner"}},"wdio_ui5_key":"applicationmanageresources-display-component---newResourceUnit--PLANNED_DELIVERY_DATE"}]}
RESULT: undefined
COMMAND: POST /session/92c8a4308f789fc799e99033afc54cf4/execute/async - {"script":"<script> [6424 bytes]","args":[{"element-6066-11e4-a52e-4f735466cecf":"f.65165B09D34A62F43149F94F00C74D12.d.F7FFE2A402D0F734392067EC2EF1A7BB.e.1452"},"setValue",["5/1/25"]]}
RESULT: {}
RESULT: {"script":"<script> [6424 bytes]","args":[{"element-6066-11e4-a52e-4f735466cecf":"f.65165B09D34A62F43149F94F00C74D12.d.F7FFE2A402D0F734392067EC2EF1A7BB.e.1452"},"setValue",["5/1/25"]]}
COMMAND: POST /session/92c8a4308f789fc799e99033afc54cf4/element - {"using":"xpath","value":"//button[@data-kt=\"resourceUnitSaveButton\"]"}
RESULT: {"using":"xpath","value":"//button[@data-kt=\"resourceUnitSaveButton\"]"}
COMMAND: POST /session/92c8a4308f789fc799e99033afc54cf4/element/f.65165B09D34A62F43149F94F00C74D12.d.F7FFE2A402D0F734392067EC2EF1A7BB.e.1413/click - {}
RESULT: {}
COMMAND: GET /session/92c8a4308f789fc799e99033afc54cf4/screenshot - {}
RESULT: {}
COMMAND: POST /session/92c8a4308f789fc799e99033afc54cf4/element - {"using":"xpath","value":"//bdi[contains(text(), \"Close\")]"}
RESULT: {"using":"xpath","value":"//bdi[contains(text(), \"Close\")]"}
COMMAND: POST /session/92c8a4308f789fc799e99033afc54cf4/element/f.65165B09D34A62F43149F94F00C74D12.d.F7FFE2A402D0F734392067EC2EF1A7BB.e.1602/click - {}
RESULT: {}
COMMAND: GET /session/92c8a4308f789fc799e99033afc54cf4/screenshot - {}
RESULT: {}
COMMAND: POST /session/92c8a4308f789fc799e99033afc54cf4/element - {"using":"xpath","value":"(//button[contains(@id ,\"actionsToolbar-overflowButton\")])[1]"}
RESULT: {"using":"xpath","value":"(//button[contains(@id ,\"actionsToolbar-overflowButton\")])[1]"}
COMMAND: POST /session/92c8a4308f789fc799e99033afc54cf4/element/f.65165B09D34A62F43149F94F00C74D12.d.F7FFE2A402D0F734392067EC2EF1A7BB.e.1657/click - {}
RESULT: {}
COMMAND: GET /session/92c8a4308f789fc799e99033afc54cf4/screenshot - {}
RESULT: {}
COMMAND: POST /session/92c8a4308f789fc799e99033afc54cf4/element - {"using":"xpath","value":"//button[@data-kt=\"priceInfoButton\"]"}
RESULT: {"using":"xpath","value":"//button[@data-kt=\"priceInfoButton\"]"}
COMMAND: POST /session/92c8a4308f789fc799e99033afc54cf4/element/f.65165B09D34A62F43149F94F00C74D12.d.F7FFE2A402D0F734392067EC2EF1A7BB.e.1659/click - {}
RESULT: {}
COMMAND: GET /session/92c8a4308f789fc799e99033afc54cf4/screenshot - {}
RESULT: {}
COMMAND: POST /session/92c8a4308f789fc799e99033afc54cf4/element - {"using":"css selector","value":"#shell-header-logo"}
RESULT: {"using":"css selector","value":"#shell-header-logo"}
COMMAND: POST /session/92c8a4308f789fc799e99033afc54cf4/element/f.65165B09D34A62F43149F94F00C74D12.d.F7FFE2A402D0F734392067EC2EF1A7BB.e.1001/click - {}
RESULT: {}
]]></system-out>
    </testcase>
    <testcase classname="chrome.135_0_7049_96.windows.Create_condition_pricing_US117289_US134625" name="Should create new condition" time="62.754">
      <system-out><![CDATA[
COMMAND: GET /session/92c8a4308f789fc799e99033afc54cf4/screenshot - {}
COMMAND: POST /session/92c8a4308f789fc799e99033afc54cf4/execute/async - {"script":"<script> [1562 bytes]","args":[{"selector":{"controlType":"sap.m.Text","properties":{"text":"Manage Conditions & Prices"},"interaction":{"idSuffix":"inner"}},"wdio_ui5_key":"sapm.Text{\"text\":\"Manage Conditions & Prices\"}"}]}
RESULT: {"script":"<script> [1562 bytes]","args":[{"selector":{"controlType":"sap.m.Text","properties":{"text":"Manage Conditions & Prices"},"interaction":{"idSuffix":"inner"}},"wdio_ui5_key":"sapm.Text{\"text\":\"Manage Conditions & Prices\"}"}]}
RESULT: undefined
COMMAND: POST /session/92c8a4308f789fc799e99033afc54cf4/element - {"using":"xpath","value":"//*[@id=\"__tile53-title\"]"}
RESULT: {}
RESULT: {"using":"xpath","value":"//*[@id=\"__tile53-title\"]"}
COMMAND: POST /session/92c8a4308f789fc799e99033afc54cf4/element/f.65165B09D34A62F43149F94F00C74D12.d.F7FFE2A402D0F734392067EC2EF1A7BB.e.1737/click - {}
RESULT: {}
COMMAND: POST /session/92c8a4308f789fc799e99033afc54cf4/element - {"using":"xpath","value":"//button[@aria-label=\"Create\"]"}
COMMAND: GET /session/92c8a4308f789fc799e99033afc54cf4/screenshot - {}
RESULT: {"using":"xpath","value":"//button[@aria-label=\"Create\"]"}
COMMAND: POST /session/92c8a4308f789fc799e99033afc54cf4/elements - {"using":"xpath","value":"//button[@aria-label=\"Create\"]"}
RESULT: {}
RESULT: {"using":"xpath","value":"//button[@aria-label=\"Create\"]"}
COMMAND: POST /session/92c8a4308f789fc799e99033afc54cf4/elements - {"using":"xpath","value":"//button[@aria-label=\"Create\"]"}
RESULT: {"using":"xpath","value":"//button[@aria-label=\"Create\"]"}
COMMAND: POST /session/92c8a4308f789fc799e99033afc54cf4/elements - {"using":"xpath","value":"//button[@aria-label=\"Create\"]"}
RESULT: {"using":"xpath","value":"//button[@aria-label=\"Create\"]"}
COMMAND: POST /session/92c8a4308f789fc799e99033afc54cf4/elements - {"using":"xpath","value":"//button[@aria-label=\"Create\"]"}
RESULT: {"using":"xpath","value":"//button[@aria-label=\"Create\"]"}
COMMAND: POST /session/92c8a4308f789fc799e99033afc54cf4/elements - {"using":"xpath","value":"//button[@aria-label=\"Create\"]"}
RESULT: {"using":"xpath","value":"//button[@aria-label=\"Create\"]"}
COMMAND: POST /session/92c8a4308f789fc799e99033afc54cf4/elements - {"using":"xpath","value":"//button[@aria-label=\"Create\"]"}
RESULT: {"using":"xpath","value":"//button[@aria-label=\"Create\"]"}
COMMAND: POST /session/92c8a4308f789fc799e99033afc54cf4/elements - {"using":"xpath","value":"//button[@aria-label=\"Create\"]"}
RESULT: {"using":"xpath","value":"//button[@aria-label=\"Create\"]"}
COMMAND: POST /session/92c8a4308f789fc799e99033afc54cf4/elements - {"using":"xpath","value":"//button[@aria-label=\"Create\"]"}
RESULT: {"using":"xpath","value":"//button[@aria-label=\"Create\"]"}
COMMAND: POST /session/92c8a4308f789fc799e99033afc54cf4/elements - {"using":"xpath","value":"//button[@aria-label=\"Create\"]"}
RESULT: {"using":"xpath","value":"//button[@aria-label=\"Create\"]"}
COMMAND: POST /session/92c8a4308f789fc799e99033afc54cf4/elements - {"using":"xpath","value":"//button[@aria-label=\"Create\"]"}
RESULT: {"using":"xpath","value":"//button[@aria-label=\"Create\"]"}
COMMAND: POST /session/92c8a4308f789fc799e99033afc54cf4/elements - {"using":"xpath","value":"//button[@aria-label=\"Create\"]"}
RESULT: {"using":"xpath","value":"//button[@aria-label=\"Create\"]"}
COMMAND: POST /session/92c8a4308f789fc799e99033afc54cf4/elements - {"using":"xpath","value":"//button[@aria-label=\"Create\"]"}
RESULT: {"using":"xpath","value":"//button[@aria-label=\"Create\"]"}
COMMAND: POST /session/92c8a4308f789fc799e99033afc54cf4/element - {"using":"xpath","value":"//button[@aria-label=\"Create\"]"}
RESULT: {"using":"xpath","value":"//button[@aria-label=\"Create\"]"}
COMMAND: POST /session/92c8a4308f789fc799e99033afc54cf4/execute/sync - {"script":"<script> [8489 bytes]","args":[{"element-6066-11e4-a52e-4f735466cecf":"f.65165B09D34A62F43149F94F00C74D12.d.F7FFE2A402D0F734392067EC2EF1A7BB.e.1772","ELEMENT":"f.65165B09D34A62F43149F94F00C74D12.d.F7FFE2A402D0F734392067EC2EF1A7BB.e.1772"}]}
RESULT: {"script":"<script> [8489 bytes]","args":[{"element-6066-11e4-a52e-4f735466cecf":"f.65165B09D34A62F43149F94F00C74D12.d.F7FFE2A402D0F734392067EC2EF1A7BB.e.1772","ELEMENT":"f.65165B09D34A62F43149F94F00C74D12.d.F7FFE2A402D0F734392067EC2EF1A7BB.e.1772"}]}
COMMAND: GET /session/92c8a4308f789fc799e99033afc54cf4/element/f.65165B09D34A62F43149F94F00C74D12.d.F7FFE2A402D0F734392067EC2EF1A7BB.e.1772/enabled - {}
COMMAND: GET /session/92c8a4308f789fc799e99033afc54cf4/screenshot - {}
RESULT: {}
COMMAND: POST /session/92c8a4308f789fc799e99033afc54cf4/execute/sync - {"script":"<script> [8489 bytes]","args":[{"element-6066-11e4-a52e-4f735466cecf":"f.65165B09D34A62F43149F94F00C74D12.d.F7FFE2A402D0F734392067EC2EF1A7BB.e.1772","ELEMENT":"f.65165B09D34A62F43149F94F00C74D12.d.F7FFE2A402D0F734392067EC2EF1A7BB.e.1772"}]}
COMMAND: GET /session/92c8a4308f789fc799e99033afc54cf4/screenshot - {}
RESULT: {}
RESULT: {"script":"<script> [8489 bytes]","args":[{"element-6066-11e4-a52e-4f735466cecf":"f.65165B09D34A62F43149F94F00C74D12.d.F7FFE2A402D0F734392067EC2EF1A7BB.e.1772","ELEMENT":"f.65165B09D34A62F43149F94F00C74D12.d.F7FFE2A402D0F734392067EC2EF1A7BB.e.1772"}]}
COMMAND: POST /session/92c8a4308f789fc799e99033afc54cf4/execute/sync - {"script":"<script> [5351 bytes]","args":[{"element-6066-11e4-a52e-4f735466cecf":"f.65165B09D34A62F43149F94F00C74D12.d.F7FFE2A402D0F734392067EC2EF1A7BB.e.1772","ELEMENT":"f.65165B09D34A62F43149F94F00C74D12.d.F7FFE2A402D0F734392067EC2EF1A7BB.e.1772"}]}
COMMAND: GET /session/92c8a4308f789fc799e99033afc54cf4/screenshot - {}
RESULT: {}
RESULT: {"script":"<script> [5351 bytes]","args":[{"element-6066-11e4-a52e-4f735466cecf":"f.65165B09D34A62F43149F94F00C74D12.d.F7FFE2A402D0F734392067EC2EF1A7BB.e.1772","ELEMENT":"f.65165B09D34A62F43149F94F00C74D12.d.F7FFE2A402D0F734392067EC2EF1A7BB.e.1772"}]}
COMMAND: POST /session/92c8a4308f789fc799e99033afc54cf4/element/f.65165B09D34A62F43149F94F00C74D12.d.F7FFE2A402D0F734392067EC2EF1A7BB.e.1772/click - {}
COMMAND: GET /session/92c8a4308f789fc799e99033afc54cf4/screenshot - {}
RESULT: {}
RESULT: {}
COMMAND: GET /session/92c8a4308f789fc799e99033afc54cf4/screenshot - {}
RESULT: {}
RESULT: {}
COMMAND: POST /session/92c8a4308f789fc799e99033afc54cf4/actions - {"actions":[{"id":"action6","type":"key","parameters":{},"actions":[{"type":"keyDown","value":"î€‡"},{"type":"pause","duration":10},{"type":"keyUp","value":"î€‡"}]}]}
RESULT: {"actions":[{"id":"action6","type":"key","parameters":{},"actions":[{"type":"keyDown","value":"î€‡"},{"type":"pause","duration":10},{"type":"keyUp","value":"î€‡"}]}]}
COMMAND: GET /session/92c8a4308f789fc799e99033afc54cf4/screenshot - {}
RESULT: {}
COMMAND: POST /session/92c8a4308f789fc799e99033afc54cf4/execute/async - {"script":"<script> [1562 bytes]","args":[{"selector":{"id":"application-manageconditionprice-display-component---newCondition--condBillCond-arrow"},"wdio_ui5_key":"applicationmanageconditionprice-display-component---newCondition--condBillCond-arrow"}]}
RESULT: {"script":"<script> [1562 bytes]","args":[{"selector":{"id":"application-manageconditionprice-display-component---newCondition--condBillCond-arrow"},"wdio_ui5_key":"applicationmanageconditionprice-display-component---newCondition--condBillCond-arrow"}]}
RESULT: undefined
COMMAND: POST /session/92c8a4308f789fc799e99033afc54cf4/element - {"using":"xpath","value":"//*[@id=\"application-manageconditionprice-display-component---newCondition--condBillCond-arrow\"]"}
RESULT: {"using":"xpath","value":"//*[@id=\"application-manageconditionprice-display-component---newCondition--condBillCond-arrow\"]"}
COMMAND: POST /session/92c8a4308f789fc799e99033afc54cf4/element/f.65165B09D34A62F43149F94F00C74D12.d.F7FFE2A402D0F734392067EC2EF1A7BB.e.1950/click - {}
RESULT: {}
COMMAND: GET /session/92c8a4308f789fc799e99033afc54cf4/screenshot - {}
RESULT: {}
COMMAND: POST /session/92c8a4308f789fc799e99033afc54cf4/element - {"using":"xpath","value":"//li[.//span[contains(text(), \"SAPR - Sales price\")]]"}
RESULT: {"using":"xpath","value":"//li[.//span[contains(text(), \"SAPR - Sales price\")]]"}
COMMAND: POST /session/92c8a4308f789fc799e99033afc54cf4/element/f.65165B09D34A62F43149F94F00C74D12.d.F7FFE2A402D0F734392067EC2EF1A7BB.e.1953/click - {}
RESULT: {}
COMMAND: GET /session/92c8a4308f789fc799e99033afc54cf4/screenshot - {}
RESULT: {}
COMMAND: POST /session/92c8a4308f789fc799e99033afc54cf4/execute/async - {"script":"<script> [1562 bytes]","args":[{"selector":{"id":"application-manageconditionprice-display-component---newCondition--condValidTo","interaction":{"idSuffix":"inner"}},"wdio_ui5_key":"applicationmanageconditionprice-display-component---newCondition--condValidTo"}]}
RESULT: {"script":"<script> [1562 bytes]","args":[{"selector":{"id":"application-manageconditionprice-display-component---newCondition--condValidTo","interaction":{"idSuffix":"inner"}},"wdio_ui5_key":"applicationmanageconditionprice-display-component---newCondition--condValidTo"}]}
RESULT: undefined
COMMAND: POST /session/92c8a4308f789fc799e99033afc54cf4/execute/async - {"script":"<script> [776 bytes]","args":[{"enterText":"01/01/26","selector":{"id":"application-manageconditionprice-display-component---newCondition--condValidTo","interaction":{"idSuffix":"inner"}},"clearTextFirst":true,"interactionType":"ENTER_TEXT"}]}
RESULT: {"script":"<script> [776 bytes]","args":[{"enterText":"01/01/26","selector":{"id":"application-manageconditionprice-display-component---newCondition--condValidTo","interaction":{"idSuffix":"inner"}},"clearTextFirst":true,"interactionType":"ENTER_TEXT"}]}
COMMAND: POST /session/92c8a4308f789fc799e99033afc54cf4/element - {"using":"xpath","value":"//input[@id=\"application-manageconditionprice-display-component---newCondition--condRU-inner\"]"}
RESULT: {"using":"xpath","value":"//input[@id=\"application-manageconditionprice-display-component---newCondition--condRU-inner\"]"}
COMMAND: POST /session/92c8a4308f789fc799e99033afc54cf4/element/f.65165B09D34A62F43149F94F00C74D12.d.F7FFE2A402D0F734392067EC2EF1A7BB.e.1814/clear - {}
RESULT: {}
COMMAND: POST /session/92c8a4308f789fc799e99033afc54cf4/element/f.65165B09D34A62F43149F94F00C74D12.d.F7FFE2A402D0F734392067EC2EF1A7BB.e.1814/value - {"text":"B3Imq2L1Hr"}
COMMAND: GET /session/92c8a4308f789fc799e99033afc54cf4/screenshot - {}
RESULT: {"text":"B3Imq2L1Hr"}
COMMAND: GET /session/92c8a4308f789fc799e99033afc54cf4/screenshot - {}
RESULT: {}
RESULT: {}
COMMAND: POST /session/92c8a4308f789fc799e99033afc54cf4/actions - {"actions":[{"id":"action7","type":"key","parameters":{},"actions":[{"type":"keyDown","value":"î€‡"},{"type":"pause","duration":10},{"type":"keyUp","value":"î€‡"}]}]}
RESULT: {"actions":[{"id":"action7","type":"key","parameters":{},"actions":[{"type":"keyDown","value":"î€‡"},{"type":"pause","duration":10},{"type":"keyUp","value":"î€‡"}]}]}
COMMAND: POST /session/92c8a4308f789fc799e99033afc54cf4/execute/async - {"script":"<script> [1562 bytes]","args":[{"selector":{"id":"application-manageconditionprice-display-component---newCondition--condBaseQty","interaction":{"idSuffix":"inner"}},"wdio_ui5_key":"applicationmanageconditionprice-display-component---newCondition--condBaseQty"}]}
COMMAND: GET /session/92c8a4308f789fc799e99033afc54cf4/screenshot - {}
RESULT: {"script":"<script> [1562 bytes]","args":[{"selector":{"id":"application-manageconditionprice-display-component---newCondition--condBaseQty","interaction":{"idSuffix":"inner"}},"wdio_ui5_key":"applicationmanageconditionprice-display-component---newCondition--condBaseQty"}]}
RESULT: undefined
COMMAND: POST /session/92c8a4308f789fc799e99033afc54cf4/execute/async - {"script":"<script> [776 bytes]","args":[{"enterText":"1","selector":{"id":"application-manageconditionprice-display-component---newCondition--condBaseQty","interaction":{"idSuffix":"inner"}},"clearTextFirst":true,"interactionType":"ENTER_TEXT"}]}
RESULT: {}
RESULT: {"script":"<script> [776 bytes]","args":[{"enterText":"1","selector":{"id":"application-manageconditionprice-display-component---newCondition--condBaseQty","interaction":{"idSuffix":"inner"}},"clearTextFirst":true,"interactionType":"ENTER_TEXT"}]}
COMMAND: POST /session/92c8a4308f789fc799e99033afc54cf4/execute/async - {"script":"<script> [1562 bytes]","args":[{"selector":{"id":"application-manageconditionprice-display-component---newCondition--condValue","interaction":{"idSuffix":"inner"}},"wdio_ui5_key":"applicationmanageconditionprice-display-component---newCondition--condValue"}]}
RESULT: {"script":"<script> [1562 bytes]","args":[{"selector":{"id":"application-manageconditionprice-display-component---newCondition--condValue","interaction":{"idSuffix":"inner"}},"wdio_ui5_key":"applicationmanageconditionprice-display-component---newCondition--condValue"}]}
RESULT: undefined
COMMAND: POST /session/92c8a4308f789fc799e99033afc54cf4/execute/async - {"script":"<script> [776 bytes]","args":[{"enterText":"200","selector":{"id":"application-manageconditionprice-display-component---newCondition--condValue","interaction":{"idSuffix":"inner"}},"clearTextFirst":true,"interactionType":"ENTER_TEXT"}]}
RESULT: {"script":"<script> [776 bytes]","args":[{"enterText":"200","selector":{"id":"application-manageconditionprice-display-component---newCondition--condValue","interaction":{"idSuffix":"inner"}},"clearTextFirst":true,"interactionType":"ENTER_TEXT"}]}
COMMAND: POST /session/92c8a4308f789fc799e99033afc54cf4/execute/async - {"script":"<script> [1562 bytes]","args":[{"selector":{"id":"application-manageconditionprice-display-component---newCondition--condCurr-arrow"},"wdio_ui5_key":"applicationmanageconditionprice-display-component---newCondition--condCurr-arrow"}]}
RESULT: {"script":"<script> [1562 bytes]","args":[{"selector":{"id":"application-manageconditionprice-display-component---newCondition--condCurr-arrow"},"wdio_ui5_key":"applicationmanageconditionprice-display-component---newCondition--condCurr-arrow"}]}
RESULT: undefined
COMMAND: POST /session/92c8a4308f789fc799e99033afc54cf4/element - {"using":"xpath","value":"//*[@id=\"application-manageconditionprice-display-component---newCondition--condCurr-arrow\"]"}
RESULT: {"using":"xpath","value":"//*[@id=\"application-manageconditionprice-display-component---newCondition--condCurr-arrow\"]"}
COMMAND: POST /session/92c8a4308f789fc799e99033afc54cf4/element/f.65165B09D34A62F43149F94F00C74D12.d.F7FFE2A402D0F734392067EC2EF1A7BB.e.1924/click - {}
RESULT: {}
COMMAND: POST /session/92c8a4308f789fc799e99033afc54cf4/element - {"using":"xpath","value":"//span[contains(text(), \"Euro\")]"}
COMMAND: GET /session/92c8a4308f789fc799e99033afc54cf4/screenshot - {}
RESULT: {"using":"xpath","value":"//span[contains(text(), \"Euro\")]"}
COMMAND: POST /session/92c8a4308f789fc799e99033afc54cf4/element/f.65165B09D34A62F43149F94F00C74D12.d.F7FFE2A402D0F734392067EC2EF1A7BB.e.1989/click - {}
RESULT: {}
RESULT: {}
COMMAND: POST /session/92c8a4308f789fc799e99033afc54cf4/element - {"using":"xpath","value":"//button[@data-kt=\"saveButton\"]"}
COMMAND: GET /session/92c8a4308f789fc799e99033afc54cf4/screenshot - {}
RESULT: {"using":"xpath","value":"//button[@data-kt=\"saveButton\"]"}
COMMAND: POST /session/92c8a4308f789fc799e99033afc54cf4/element/f.65165B09D34A62F43149F94F00C74D12.d.F7FFE2A402D0F734392067EC2EF1A7BB.e.1925/click - {}
RESULT: {}
RESULT: {}
COMMAND: GET /session/92c8a4308f789fc799e99033afc54cf4/screenshot - {}
RESULT: {}
COMMAND: POST /session/92c8a4308f789fc799e99033afc54cf4/execute/async - {"script":"<script> [1562 bytes]","args":[{"selector":{"id":"application-manageconditionprice-display-component---conditions--smartFilterBar-btnBasicSearch","interaction":{"idSuffix":"I"}},"wdio_ui5_key":"applicationmanageconditionprice-display-component---conditions--smartFilterBar-btnBasicSearch"}]}
RESULT: {"script":"<script> [1562 bytes]","args":[{"selector":{"id":"application-manageconditionprice-display-component---conditions--smartFilterBar-btnBasicSearch","interaction":{"idSuffix":"I"}},"wdio_ui5_key":"applicationmanageconditionprice-display-component---conditions--smartFilterBar-btnBasicSearch"}]}
RESULT: undefined
COMMAND: POST /session/92c8a4308f789fc799e99033afc54cf4/execute/async - {"script":"<script> [776 bytes]","args":[{"enterText":"B3Imq2L1Hr","selector":{"id":"application-manageconditionprice-display-component---conditions--smartFilterBar-btnBasicSearch","interaction":{"idSuffix":"I"}},"clearTextFirst":true,"interactionType":"ENTER_TEXT"}]}
RESULT: {"script":"<script> [776 bytes]","args":[{"enterText":"B3Imq2L1Hr","selector":{"id":"application-manageconditionprice-display-component---conditions--smartFilterBar-btnBasicSearch","interaction":{"idSuffix":"I"}},"clearTextFirst":true,"interactionType":"ENTER_TEXT"}]}
COMMAND: POST /session/92c8a4308f789fc799e99033afc54cf4/actions - {"actions":[{"id":"action8","type":"key","parameters":{},"actions":[{"type":"keyDown","value":"î€‡"},{"type":"pause","duration":10},{"type":"keyUp","value":"î€‡"}]}]}
RESULT: {"actions":[{"id":"action8","type":"key","parameters":{},"actions":[{"type":"keyDown","value":"î€‡"},{"type":"pause","duration":10},{"type":"keyUp","value":"î€‡"}]}]}
COMMAND: GET /session/92c8a4308f789fc799e99033afc54cf4/screenshot - {}
RESULT: {}
COMMAND: POST /session/92c8a4308f789fc799e99033afc54cf4/execute/async - {"script":"<script> [1562 bytes]","args":[{"selector":{"id":"application-manageconditionprice-display-component---conditions--smartFilterBar-filterItemControl_BASIC-BILL_TYPES-vhi"},"wdio_ui5_key":"applicationmanageconditionprice-display-component---conditions--smartFilterBar-filterItemControl_BASIC-BILL_TYPES-vhi"}]}
RESULT: {"script":"<script> [1562 bytes]","args":[{"selector":{"id":"application-manageconditionprice-display-component---conditions--smartFilterBar-filterItemControl_BASIC-BILL_TYPES-vhi"},"wdio_ui5_key":"applicationmanageconditionprice-display-component---conditions--smartFilterBar-filterItemControl_BASIC-BILL_TYPES-vhi"}]}
RESULT: undefined
COMMAND: POST /session/92c8a4308f789fc799e99033afc54cf4/element - {"using":"xpath","value":"//*[@id=\"application-manageconditionprice-display-component---conditions--smartFilterBar-filterItemControl_BASIC-BILL_TYPES-vhi\"]"}
RESULT: {"using":"xpath","value":"//*[@id=\"application-manageconditionprice-display-component---conditions--smartFilterBar-filterItemControl_BASIC-BILL_TYPES-vhi\"]"}
COMMAND: POST /session/92c8a4308f789fc799e99033afc54cf4/element/f.65165B09D34A62F43149F94F00C74D12.d.F7FFE2A402D0F734392067EC2EF1A7BB.e.2005/click - {}
RESULT: {}
COMMAND: POST /session/92c8a4308f789fc799e99033afc54cf4/execute/async - {"script":"<script> [1562 bytes]","args":[{"selector":{"id":"application-manageconditionprice-display-component---conditions--smartFilterBar-filterItemControl_BASIC-BILL_TYPES-valueHelpDialog-smartFilterBar-btnBasicSearch","searchOpenDialogs":true,"interaction":{"idSuffix":"I"}},"wdio_ui5_key":"applicationmanageconditionprice-display-component---conditions--smartFilterBar-filterItemControl_BASIC-BILL_TYPES-valueHelpDialog-smartFilterBar-btnBasicSearch"}]}
COMMAND: GET /session/92c8a4308f789fc799e99033afc54cf4/screenshot - {}
RESULT: {"script":"<script> [1562 bytes]","args":[{"selector":{"id":"application-manageconditionprice-display-component---conditions--smartFilterBar-filterItemControl_BASIC-BILL_TYPES-valueHelpDialog-smartFilterBar-btnBasicSearch","searchOpenDialogs":true,"interaction":{"idSuffix":"I"}},"wdio_ui5_key":"applicationmanageconditionprice-display-component---conditions--smartFilterBar-filterItemControl_BASIC-BILL_TYPES-valueHelpDialog-smartFilterBar-btnBasicSearch"}]}
RESULT: undefined
COMMAND: POST /session/92c8a4308f789fc799e99033afc54cf4/execute/async - {"script":"<script> [776 bytes]","args":[{"enterText":"one","selector":{"id":"application-manageconditionprice-display-component---conditions--smartFilterBar-filterItemControl_BASIC-BILL_TYPES-valueHelpDialog-smartFilterBar-btnBasicSearch","searchOpenDialogs":true,"interaction":{"idSuffix":"I"}},"clearTextFirst":true,"interactionType":"ENTER_TEXT"}]}
RESULT: {}
RESULT: {"script":"<script> [776 bytes]","args":[{"enterText":"one","selector":{"id":"application-manageconditionprice-display-component---conditions--smartFilterBar-filterItemControl_BASIC-BILL_TYPES-valueHelpDialog-smartFilterBar-btnBasicSearch","searchOpenDialogs":true,"interaction":{"idSuffix":"I"}},"clearTextFirst":true,"interactionType":"ENTER_TEXT"}]}
COMMAND: POST /session/92c8a4308f789fc799e99033afc54cf4/actions - {"actions":[{"id":"action9","type":"key","parameters":{},"actions":[{"type":"keyDown","value":"î€‡"},{"type":"pause","duration":10},{"type":"keyUp","value":"î€‡"}]}]}
RESULT: {"actions":[{"id":"action9","type":"key","parameters":{},"actions":[{"type":"keyDown","value":"î€‡"},{"type":"pause","duration":10},{"type":"keyUp","value":"î€‡"}]}]}
COMMAND: GET /session/92c8a4308f789fc799e99033afc54cf4/screenshot - {}
RESULT: {}
COMMAND: POST /session/92c8a4308f789fc799e99033afc54cf4/element - {"using":"xpath","value":"//div[contains(@id, 'application-manageconditionprice-display-component---conditions--smartFilterBar-filterItemControl_BASIC-BILL_TYPES-valueHelpDialog-table-rowsel0')]"}
RESULT: {"using":"xpath","value":"//div[contains(@id, 'application-manageconditionprice-display-component---conditions--smartFilterBar-filterItemControl_BASIC-BILL_TYPES-valueHelpDialog-table-rowsel0')]"}
COMMAND: POST /session/92c8a4308f789fc799e99033afc54cf4/element/f.65165B09D34A62F43149F94F00C74D12.d.F7FFE2A402D0F734392067EC2EF1A7BB.e.2015/click - {}
RESULT: {}
COMMAND: GET /session/92c8a4308f789fc799e99033afc54cf4/screenshot - {}
RESULT: {}
COMMAND: POST /session/92c8a4308f789fc799e99033afc54cf4/element - {"using":"xpath","value":"//bdi[contains(text(), \"OK\")]"}
RESULT: {"using":"xpath","value":"//bdi[contains(text(), \"OK\")]"}
COMMAND: POST /session/92c8a4308f789fc799e99033afc54cf4/element/f.65165B09D34A62F43149F94F00C74D12.d.F7FFE2A402D0F734392067EC2EF1A7BB.e.2017/click - {}
RESULT: {}
COMMAND: GET /session/92c8a4308f789fc799e99033afc54cf4/screenshot - {}
RESULT: {}
COMMAND: POST /session/92c8a4308f789fc799e99033afc54cf4/element - {"using":"xpath","value":"//span[@id=\"application-manageconditionprice-display-component---conditions--smartTable-header-inner\"]"}
RESULT: {"using":"xpath","value":"//span[@id=\"application-manageconditionprice-display-component---conditions--smartTable-header-inner\"]"}
COMMAND: POST /session/92c8a4308f789fc799e99033afc54cf4/elements - {"using":"xpath","value":"//span[@id=\"application-manageconditionprice-display-component---conditions--smartTable-header-inner\"]"}
RESULT: {"using":"xpath","value":"//span[@id=\"application-manageconditionprice-display-component---conditions--smartTable-header-inner\"]"}
COMMAND: POST /session/92c8a4308f789fc799e99033afc54cf4/execute/sync - {"script":"<script> [56 bytes]","args":[{"element-6066-11e4-a52e-4f735466cecf":"f.65165B09D34A62F43149F94F00C74D12.d.F7FFE2A402D0F734392067EC2EF1A7BB.e.2020","ELEMENT":"f.65165B09D34A62F43149F94F00C74D12.d.F7FFE2A402D0F734392067EC2EF1A7BB.e.2020"}]}
RESULT: {"script":"<script> [56 bytes]","args":[{"element-6066-11e4-a52e-4f735466cecf":"f.65165B09D34A62F43149F94F00C74D12.d.F7FFE2A402D0F734392067EC2EF1A7BB.e.2020","ELEMENT":"f.65165B09D34A62F43149F94F00C74D12.d.F7FFE2A402D0F734392067EC2EF1A7BB.e.2020"}]}
COMMAND: POST /session/92c8a4308f789fc799e99033afc54cf4/element - {"using":"css selector","value":"#shell-header-logo"}
COMMAND: GET /session/92c8a4308f789fc799e99033afc54cf4/screenshot - {}
RESULT: {"using":"css selector","value":"#shell-header-logo"}
COMMAND: POST /session/92c8a4308f789fc799e99033afc54cf4/element/f.65165B09D34A62F43149F94F00C74D12.d.F7FFE2A402D0F734392067EC2EF1A7BB.e.1740/click - {}
RESULT: {}
RESULT: {}
COMMAND: GET /session/92c8a4308f789fc799e99033afc54cf4/screenshot - {}
RESULT: {}
COMMAND: POST /session/92c8a4308f789fc799e99033afc54cf4/element - {"using":"css selector","value":"#j_username"}
COMMAND: POST /session/92c8a4308f789fc799e99033afc54cf4/url - {"url":"https://qa-testing-00-live-etm-ui.cfapps.eu10-004.hana.ondemand.com/"}
RESULT: {"using":"css selector","value":"#j_username"}
COMMAND: POST /session/92c8a4308f789fc799e99033afc54cf4/element - {"using":"css selector","value":"#j_username"}
RESULT: {"url":"https://qa-testing-00-live-etm-ui.cfapps.eu10-004.hana.ondemand.com/"}
RESULT: undefined
COMMAND: GET /session/92c8a4308f789fc799e99033afc54cf4/screenshot - {}
RESULT: {"using":"css selector","value":"#j_username"}
COMMAND: POST /session/92c8a4308f789fc799e99033afc54cf4/element - {"using":"css selector","value":"#shell-header-logo"}
RESULT: {}
RESULT: {"using":"css selector","value":"#shell-header-logo"}
COMMAND: POST /session/92c8a4308f789fc799e99033afc54cf4/execute/sync - {"script":"<script> [8489 bytes]","args":[{"element-6066-11e4-a52e-4f735466cecf":"f.65165B09D34A62F43149F94F00C74D12.d.89356867B45110FABF1AC099DADC72BB.e.2034","ELEMENT":"f.65165B09D34A62F43149F94F00C74D12.d.89356867B45110FABF1AC099DADC72BB.e.2034"}]}
RESULT: {"script":"<script> [8489 bytes]","args":[{"element-6066-11e4-a52e-4f735466cecf":"f.65165B09D34A62F43149F94F00C74D12.d.89356867B45110FABF1AC099DADC72BB.e.2034","ELEMENT":"f.65165B09D34A62F43149F94F00C74D12.d.89356867B45110FABF1AC099DADC72BB.e.2034"}]}
COMMAND: POST /session/92c8a4308f789fc799e99033afc54cf4/element - {"using":"css selector","value":"#shell-header-logo"}
COMMAND: GET /session/92c8a4308f789fc799e99033afc54cf4/screenshot - {}
RESULT: {"using":"css selector","value":"#shell-header-logo"}
COMMAND: POST /session/92c8a4308f789fc799e99033afc54cf4/execute/sync - {"script":"<script> [8489 bytes]","args":[{"element-6066-11e4-a52e-4f735466cecf":"f.65165B09D34A62F43149F94F00C74D12.d.89356867B45110FABF1AC099DADC72BB.e.2034","ELEMENT":"f.65165B09D34A62F43149F94F00C74D12.d.89356867B45110FABF1AC099DADC72BB.e.2034"}]}
RESULT: {}
RESULT: {"script":"<script> [8489 bytes]","args":[{"element-6066-11e4-a52e-4f735466cecf":"f.65165B09D34A62F43149F94F00C74D12.d.89356867B45110FABF1AC099DADC72BB.e.2034","ELEMENT":"f.65165B09D34A62F43149F94F00C74D12.d.89356867B45110FABF1AC099DADC72BB.e.2034"}]}
COMMAND: POST /session/92c8a4308f789fc799e99033afc54cf4/execute/sync - {"script":"<script> [5351 bytes]","args":[{"element-6066-11e4-a52e-4f735466cecf":"f.65165B09D34A62F43149F94F00C74D12.d.89356867B45110FABF1AC099DADC72BB.e.2034","ELEMENT":"f.65165B09D34A62F43149F94F00C74D12.d.89356867B45110FABF1AC099DADC72BB.e.2034"}]}
COMMAND: GET /session/92c8a4308f789fc799e99033afc54cf4/screenshot - {}
RESULT: {"script":"<script> [5351 bytes]","args":[{"element-6066-11e4-a52e-4f735466cecf":"f.65165B09D34A62F43149F94F00C74D12.d.89356867B45110FABF1AC099DADC72BB.e.2034","ELEMENT":"f.65165B09D34A62F43149F94F00C74D12.d.89356867B45110FABF1AC099DADC72BB.e.2034"}]}
COMMAND: POST /session/92c8a4308f789fc799e99033afc54cf4/element - {"using":"css selector","value":"#shell-header-logo"}
COMMAND: GET /session/92c8a4308f789fc799e99033afc54cf4/screenshot - {}
RESULT: {}
RESULT: {"using":"css selector","value":"#shell-header-logo"}
COMMAND: POST /session/92c8a4308f789fc799e99033afc54cf4/element/f.65165B09D34A62F43149F94F00C74D12.d.89356867B45110FABF1AC099DADC72BB.e.2034/click - {}
RESULT: {}
RESULT: {}
COMMAND: GET /session/92c8a4308f789fc799e99033afc54cf4/screenshot - {}
RESULT: {}
COMMAND: POST /session/92c8a4308f789fc799e99033afc54cf4/execute/async - {"script":"<script> [189 bytes]","args":[]}
RESULT: {"script":"<script> [189 bytes]","args":[]}
COMMAND: POST /session/92c8a4308f789fc799e99033afc54cf4/execute/async - {"script":"<script> [123 bytes]","args":[]}
RESULT: {"script":"<script> [123 bytes]","args":[]}
COMMAND: POST /session/92c8a4308f789fc799e99033afc54cf4/timeouts - {"script":"<number>"}
RESULT: {"script":"<number>"}
COMMAND: GET /session/92c8a4308f789fc799e99033afc54cf4/timeouts - {}
RESULT: {}
RESULT: undefined
COMMAND: POST /session/92c8a4308f789fc799e99033afc54cf4/execute/async - {"script":"<script> [2676 bytes]","args":[]}
RESULT: {"script":"<script> [2676 bytes]","args":[]}
COMMAND: POST /session/92c8a4308f789fc799e99033afc54cf4/execute/async - {"script":"<script> [2342 bytes]","args":[{"protocol":"http","hostname":"0.0.0.0","path":"/","capabilities":{"browserName":"chrome","goog:chromeOptions":{"binary":"C:\\Program Files\\Google\\Chrome\\Application\\chrome.exe","args":["--start-maximized"]}},"logLevel":"warn","connectionRetryTimeout":120000,"connectionRetryCount":3,"logLevels":{},"enableDirectConnect":true,"strictSSL":true,"_":"65 more keys: [\"cacheDir\",\"port\",\"requestedCapabilities\",\"automationProtocol\",\"baseUrl\",\"waitforInterval\",\"waitforTimeout\",\"onReload\",\"beforeCommand\",\"afterCommand\",\"rootDir\",\"specs\",\"suites\",\"exclude\",\"groupLogsByTestSpec\",\"excludeDriverLogs\",\"bail\",\"framework\",\"reporters\",\"services\",\"maxInstances\",\"maxInstancesPerCapability\",\"injectGlobals\",\"filesToWatch\",\"execArgv\",\"runnerEnv\",\"runner\",\"shard\",\"specFileRetries\",\"specFileRetriesDelay\",\"specFileRetriesDeferred\",\"reporterSyncInterval\",\"reporterSyncTimeout\",\"cucumberFeaturesWithLineNumbers\",\"autoCompileOpts\",\"mochaOpts\",\"jasmineOpts\",\"cucumberOpts\",\"onPrepare\",\"onWorkerStart\",\"onWorkerEnd\",\"before\",\"beforeSession\",\"beforeSuite\",\"beforeHook\",\"beforeTest\",\"afterTest\",\"afterHook\",\"afterSuite\",\"afterSession\",\"after\",\"onComplete\",\"beforeAssertion\",\"afterAssertion\",\"beforeFeature\",\"beforeScenario\",\"beforeStep\",\"afterStep\",\"afterScenario\",\"afterFeature\",\"_\",\"suite\",\"$0\",\"ignoredWorkerServices\",\"wdi5\"]"}]}
RESULT: {"script":"<script> [2342 bytes]","args":[{"protocol":"http","hostname":"0.0.0.0","path":"/","capabilities":{"browserName":"chrome","goog:chromeOptions":{"binary":"C:\\Program Files\\Google\\Chrome\\Application\\chrome.exe","args":["--start-maximized"]}},"logLevel":"warn","connectionRetryTimeout":120000,"connectionRetryCount":3,"logLevels":{},"enableDirectConnect":true,"strictSSL":true,"_":"65 more keys: [\"cacheDir\",\"port\",\"requestedCapabilities\",\"automationProtocol\",\"baseUrl\",\"waitforInterval\",\"waitforTimeout\",\"onReload\",\"beforeCommand\",\"afterCommand\",\"rootDir\",\"specs\",\"suites\",\"exclude\",\"groupLogsByTestSpec\",\"excludeDriverLogs\",\"bail\",\"framework\",\"reporters\",\"services\",\"maxInstances\",\"maxInstancesPerCapability\",\"injectGlobals\",\"filesToWatch\",\"execArgv\",\"runnerEnv\",\"runner\",\"shard\",\"specFileRetries\",\"specFileRetriesDelay\",\"specFileRetriesDeferred\",\"reporterSyncInterval\",\"reporterSyncTimeout\",\"cucumberFeaturesWithLineNumbers\",\"autoCompileOpts\",\"mochaOpts\",\"jasmineOpts\",\"cucumberOpts\",\"onPrepare\",\"onWorkerStart\",\"onWorkerEnd\",\"before\",\"beforeSession\",\"beforeSuite\",\"beforeHook\",\"beforeTest\",\"afterTest\",\"afterHook\",\"afterSuite\",\"afterSession\",\"after\",\"onComplete\",\"beforeAssertion\",\"afterAssertion\",\"beforeFeature\",\"beforeScenario\",\"beforeStep\",\"afterStep\",\"afterScenario\",\"afterFeature\",\"_\",\"suite\",\"$0\",\"ignoredWorkerServices\",\"wdi5\"]"}]}
COMMAND: POST /session/92c8a4308f789fc799e99033afc54cf4/execute/async - {"script":"<script> [21126 bytes]","args":[35000]}
RESULT: {"script":"<script> [21126 bytes]","args":[35000]}
COMMAND: POST /session/92c8a4308f789fc799e99033afc54cf4/window/maximize - {}
RESULT: {}
COMMAND: POST /session/92c8a4308f789fc799e99033afc54cf4/execute/async - {"script":"<script> [1562 bytes]","args":[{"selector":{"id":"shell-header","interaction":{"idSuffix":"icon"}},"wdio_ui5_key":"shellheader"}]}
COMMAND: GET /session/92c8a4308f789fc799e99033afc54cf4/screenshot - {}
RESULT: {"script":"<script> [1562 bytes]","args":[{"selector":{"id":"shell-header","interaction":{"idSuffix":"icon"}},"wdio_ui5_key":"shellheader"}]}
RESULT: undefined
COMMAND: POST /session/92c8a4308f789fc799e99033afc54cf4/refresh - {}
RESULT: {}
RESULT: {}
COMMAND: GET /session/92c8a4308f789fc799e99033afc54cf4/screenshot - {}
RESULT: {}
COMMAND: POST /session/92c8a4308f789fc799e99033afc54cf4/refresh - {}
RESULT: {}
COMMAND: GET /session/92c8a4308f789fc799e99033afc54cf4/screenshot - {}
RESULT: {}
COMMAND: POST /session/92c8a4308f789fc799e99033afc54cf4/window/fullscreen - {}
RESULT: {}
COMMAND: POST /session/92c8a4308f789fc799e99033afc54cf4/execute/async - {"script":"<script> [189 bytes]","args":[]}
RESULT: {"script":"<script> [189 bytes]","args":[]}
COMMAND: POST /session/92c8a4308f789fc799e99033afc54cf4/execute/async - {"script":"<script> [123 bytes]","args":[]}
RESULT: {"script":"<script> [123 bytes]","args":[]}
COMMAND: POST /session/92c8a4308f789fc799e99033afc54cf4/timeouts - {"script":"<number>"}
RESULT: {"script":"<number>"}
COMMAND: GET /session/92c8a4308f789fc799e99033afc54cf4/timeouts - {}
RESULT: {}
RESULT: undefined
COMMAND: POST /session/92c8a4308f789fc799e99033afc54cf4/execute/async - {"script":"<script> [2676 bytes]","args":[]}
RESULT: {"script":"<script> [2676 bytes]","args":[]}
COMMAND: POST /session/92c8a4308f789fc799e99033afc54cf4/execute/async - {"script":"<script> [2342 bytes]","args":[{"protocol":"http","hostname":"0.0.0.0","path":"/","capabilities":{"browserName":"chrome","goog:chromeOptions":{"binary":"C:\\Program Files\\Google\\Chrome\\Application\\chrome.exe","args":["--start-maximized"]}},"logLevel":"warn","connectionRetryTimeout":120000,"connectionRetryCount":3,"logLevels":{},"enableDirectConnect":true,"strictSSL":true,"_":"65 more keys: [\"cacheDir\",\"port\",\"requestedCapabilities\",\"automationProtocol\",\"baseUrl\",\"waitforInterval\",\"waitforTimeout\",\"onReload\",\"beforeCommand\",\"afterCommand\",\"rootDir\",\"specs\",\"suites\",\"exclude\",\"groupLogsByTestSpec\",\"excludeDriverLogs\",\"bail\",\"framework\",\"reporters\",\"services\",\"maxInstances\",\"maxInstancesPerCapability\",\"injectGlobals\",\"filesToWatch\",\"execArgv\",\"runnerEnv\",\"runner\",\"shard\",\"specFileRetries\",\"specFileRetriesDelay\",\"specFileRetriesDeferred\",\"reporterSyncInterval\",\"reporterSyncTimeout\",\"cucumberFeaturesWithLineNumbers\",\"autoCompileOpts\",\"mochaOpts\",\"jasmineOpts\",\"cucumberOpts\",\"onPrepare\",\"onWorkerStart\",\"onWorkerEnd\",\"before\",\"beforeSession\",\"beforeSuite\",\"beforeHook\",\"beforeTest\",\"afterTest\",\"afterHook\",\"afterSuite\",\"afterSession\",\"after\",\"onComplete\",\"beforeAssertion\",\"afterAssertion\",\"beforeFeature\",\"beforeScenario\",\"beforeStep\",\"afterStep\",\"afterScenario\",\"afterFeature\",\"_\",\"suite\",\"$0\",\"ignoredWorkerServices\",\"wdi5\"]"}]}
RESULT: {"script":"<script> [2342 bytes]","args":[{"protocol":"http","hostname":"0.0.0.0","path":"/","capabilities":{"browserName":"chrome","goog:chromeOptions":{"binary":"C:\\Program Files\\Google\\Chrome\\Application\\chrome.exe","args":["--start-maximized"]}},"logLevel":"warn","connectionRetryTimeout":120000,"connectionRetryCount":3,"logLevels":{},"enableDirectConnect":true,"strictSSL":true,"_":"65 more keys: [\"cacheDir\",\"port\",\"requestedCapabilities\",\"automationProtocol\",\"baseUrl\",\"waitforInterval\",\"waitforTimeout\",\"onReload\",\"beforeCommand\",\"afterCommand\",\"rootDir\",\"specs\",\"suites\",\"exclude\",\"groupLogsByTestSpec\",\"excludeDriverLogs\",\"bail\",\"framework\",\"reporters\",\"services\",\"maxInstances\",\"maxInstancesPerCapability\",\"injectGlobals\",\"filesToWatch\",\"execArgv\",\"runnerEnv\",\"runner\",\"shard\",\"specFileRetries\",\"specFileRetriesDelay\",\"specFileRetriesDeferred\",\"reporterSyncInterval\",\"reporterSyncTimeout\",\"cucumberFeaturesWithLineNumbers\",\"autoCompileOpts\",\"mochaOpts\",\"jasmineOpts\",\"cucumberOpts\",\"onPrepare\",\"onWorkerStart\",\"onWorkerEnd\",\"before\",\"beforeSession\",\"beforeSuite\",\"beforeHook\",\"beforeTest\",\"afterTest\",\"afterHook\",\"afterSuite\",\"afterSession\",\"after\",\"onComplete\",\"beforeAssertion\",\"afterAssertion\",\"beforeFeature\",\"beforeScenario\",\"beforeStep\",\"afterStep\",\"afterScenario\",\"afterFeature\",\"_\",\"suite\",\"$0\",\"ignoredWorkerServices\",\"wdi5\"]"}]}
COMMAND: POST /session/92c8a4308f789fc799e99033afc54cf4/execute/async - {"script":"<script> [21126 bytes]","args":[35000]}
RESULT: {"script":"<script> [21126 bytes]","args":[35000]}
]]></system-out>
    </testcase>
  </testsuite>
  <testsuite timestamp="2025-05-01T17:03:30" time="118.738" tests="3" failures="0" errors="0" skipped="0">
    <properties>
      <property name="specId" value="0" />
      <property name="suiteName" value="Set up pricing rule(OT) 104624" />
      <property name="capabilities" value="chrome.135_0_7049_96.windows" />
      <property name="file" value="file:///D:/a/1/s/test/specs/BTS/create-pricing-rule.spec.js" />
    </properties>
    <testcase classname="chrome.135_0_7049_96.windows.Set_up_pricing_rule(OT)_104624" name="Should create a new yard used for all following tests" time="0.015">
      <system-out><![CDATA[
COMMAND: POST /session/92c8a4308f789fc799e99033afc54cf4/window/fullscreen - {}
RESULT: {}
]]></system-out>
    </testcase>
    <testcase classname="chrome.135_0_7049_96.windows.Set_up_pricing_rule(OT)_104624" name="Should create a new equipment used for all following tests" time="0.005" />
    <testcase classname="chrome.135_0_7049_96.windows.Set_up_pricing_rule(OT)_104624" name="Should create new pricing rule on the created resource from earlier module or above" time="71.817">
      <system-out><![CDATA[
COMMAND: POST /session/92c8a4308f789fc799e99033afc54cf4/execute/async - {"script":"<script> [1562 bytes]","args":[{"selector":{"controlType":"sap.m.Text","properties":{"text":"Manage Pricing Rules"},"interaction":{"idSuffix":"inner"}},"wdio_ui5_key":"sapm.Text{\"text\":\"Manage Pricing Rules\"}"}]}
RESULT: {"script":"<script> [1562 bytes]","args":[{"selector":{"controlType":"sap.m.Text","properties":{"text":"Manage Pricing Rules"},"interaction":{"idSuffix":"inner"}},"wdio_ui5_key":"sapm.Text{\"text\":\"Manage Pricing Rules\"}"}]}
RESULT: undefined
COMMAND: POST /session/92c8a4308f789fc799e99033afc54cf4/element - {"using":"xpath","value":"//*[@id=\"__tile55-title\"]"}
RESULT: {"using":"xpath","value":"//*[@id=\"__tile55-title\"]"}
COMMAND: POST /session/92c8a4308f789fc799e99033afc54cf4/element/f.65165B09D34A62F43149F94F00C74D12.d.A738622019BAB0B70A5C7569A97E3952.e.2301/click - {}
RESULT: {}
COMMAND: POST /session/92c8a4308f789fc799e99033afc54cf4/execute/async - {"script":"<script> [1562 bytes]","args":[{"selector":{"controlType":"sap.ui.core.Icon","viewName":"etm.portal.ui.managepricingrules.view.MasterHeader","viewId":"application-managepricingrules-display-component---priceInfoHeader","properties":{"src":{"regex":{"source":"activity\\-items"}}}},"wdio_ui5_key":"etmportal.ui.managepricingrules.view.MasterHeadersap.ui.core.Icon{\"src\":{\"regex\":{\"source\":\"activity\\\\-items\"}}}"}]}
COMMAND: GET /session/92c8a4308f789fc799e99033afc54cf4/screenshot - {}
RESULT: {"script":"<script> [1562 bytes]","args":[{"selector":{"controlType":"sap.ui.core.Icon","viewName":"etm.portal.ui.managepricingrules.view.MasterHeader","viewId":"application-managepricingrules-display-component---priceInfoHeader","properties":{"src":{"regex":{"source":"activity\\-items"}}}},"wdio_ui5_key":"etmportal.ui.managepricingrules.view.MasterHeadersap.ui.core.Icon{\"src\":{\"regex\":{\"source\":\"activity\\\\-items\"}}}"}]}
RESULT: undefined
COMMAND: POST /session/92c8a4308f789fc799e99033afc54cf4/element - {"using":"xpath","value":"//*[@id=\"__filter1-icon\"]"}
RESULT: {}
RESULT: {"using":"xpath","value":"//*[@id=\"__filter1-icon\"]"}
COMMAND: POST /session/92c8a4308f789fc799e99033afc54cf4/element/f.65165B09D34A62F43149F94F00C74D12.d.A738622019BAB0B70A5C7569A97E3952.e.2350/click - {}
RESULT: {}
COMMAND: GET /session/92c8a4308f789fc799e99033afc54cf4/screenshot - {}
RESULT: {}
COMMAND: POST /session/92c8a4308f789fc799e99033afc54cf4/element - {"using":"xpath","value":"//button[@data-kt=\"addButton\"]"}
RESULT: {"using":"xpath","value":"//button[@data-kt=\"addButton\"]"}
COMMAND: POST /session/92c8a4308f789fc799e99033afc54cf4/elements - {"using":"xpath","value":"//button[@data-kt=\"addButton\"]"}
RESULT: {"using":"xpath","value":"//button[@data-kt=\"addButton\"]"}
COMMAND: POST /session/92c8a4308f789fc799e99033afc54cf4/execute/sync - {"script":"<script> [8489 bytes]","args":[{"element-6066-11e4-a52e-4f735466cecf":"f.65165B09D34A62F43149F94F00C74D12.d.A738622019BAB0B70A5C7569A97E3952.e.2400","ELEMENT":"f.65165B09D34A62F43149F94F00C74D12.d.A738622019BAB0B70A5C7569A97E3952.e.2400"}]}
RESULT: {"script":"<script> [8489 bytes]","args":[{"element-6066-11e4-a52e-4f735466cecf":"f.65165B09D34A62F43149F94F00C74D12.d.A738622019BAB0B70A5C7569A97E3952.e.2400","ELEMENT":"f.65165B09D34A62F43149F94F00C74D12.d.A738622019BAB0B70A5C7569A97E3952.e.2400"}]}
COMMAND: GET /session/92c8a4308f789fc799e99033afc54cf4/element/f.65165B09D34A62F43149F94F00C74D12.d.A738622019BAB0B70A5C7569A97E3952.e.2400/enabled - {}
COMMAND: GET /session/92c8a4308f789fc799e99033afc54cf4/screenshot - {}
RESULT: {}
COMMAND: POST /session/92c8a4308f789fc799e99033afc54cf4/execute/sync - {"script":"<script> [8489 bytes]","args":[{"element-6066-11e4-a52e-4f735466cecf":"f.65165B09D34A62F43149F94F00C74D12.d.A738622019BAB0B70A5C7569A97E3952.e.2400","ELEMENT":"f.65165B09D34A62F43149F94F00C74D12.d.A738622019BAB0B70A5C7569A97E3952.e.2400"}]}
COMMAND: GET /session/92c8a4308f789fc799e99033afc54cf4/screenshot - {}
RESULT: {}
RESULT: {"script":"<script> [8489 bytes]","args":[{"element-6066-11e4-a52e-4f735466cecf":"f.65165B09D34A62F43149F94F00C74D12.d.A738622019BAB0B70A5C7569A97E3952.e.2400","ELEMENT":"f.65165B09D34A62F43149F94F00C74D12.d.A738622019BAB0B70A5C7569A97E3952.e.2400"}]}
COMMAND: POST /session/92c8a4308f789fc799e99033afc54cf4/execute/sync - {"script":"<script> [5351 bytes]","args":[{"element-6066-11e4-a52e-4f735466cecf":"f.65165B09D34A62F43149F94F00C74D12.d.A738622019BAB0B70A5C7569A97E3952.e.2400","ELEMENT":"f.65165B09D34A62F43149F94F00C74D12.d.A738622019BAB0B70A5C7569A97E3952.e.2400"}]}
COMMAND: GET /session/92c8a4308f789fc799e99033afc54cf4/screenshot - {}
RESULT: {}
RESULT: {"script":"<script> [5351 bytes]","args":[{"element-6066-11e4-a52e-4f735466cecf":"f.65165B09D34A62F43149F94F00C74D12.d.A738622019BAB0B70A5C7569A97E3952.e.2400","ELEMENT":"f.65165B09D34A62F43149F94F00C74D12.d.A738622019BAB0B70A5C7569A97E3952.e.2400"}]}
COMMAND: POST /session/92c8a4308f789fc799e99033afc54cf4/element/f.65165B09D34A62F43149F94F00C74D12.d.A738622019BAB0B70A5C7569A97E3952.e.2400/click - {}
COMMAND: GET /session/92c8a4308f789fc799e99033afc54cf4/screenshot - {}
RESULT: {}
RESULT: {}
COMMAND: GET /session/92c8a4308f789fc799e99033afc54cf4/screenshot - {}
RESULT: {}
RESULT: {}
COMMAND: POST /session/92c8a4308f789fc799e99033afc54cf4/execute/async - {"script":"<script> [1562 bytes]","args":[{"selector":{"controlType":"sap.m.Title","viewName":"etm.portal.ui.managepricingrules.view.NewItem","viewId":"application-managepricingrules-display-component---newInfoPriceItem","properties":{"text":"New Pricing Rules - Item Level"}},"wdio_ui5_key":"etmportal.ui.managepricingrules.view.NewItemsap.m.Title{\"text\":\"New Pricing Rules - Item Level\"}"}]}
RESULT: {"script":"<script> [1562 bytes]","args":[{"selector":{"controlType":"sap.m.Title","viewName":"etm.portal.ui.managepricingrules.view.NewItem","viewId":"application-managepricingrules-display-component---newInfoPriceItem","properties":{"text":"New Pricing Rules - Item Level"}},"wdio_ui5_key":"etmportal.ui.managepricingrules.view.NewItemsap.m.Title{\"text\":\"New Pricing Rules - Item Level\"}"}]}
RESULT: undefined
COMMAND: POST /session/92c8a4308f789fc799e99033afc54cf4/execute/async - {"script":"<script> [6424 bytes]","args":[{"element-6066-11e4-a52e-4f735466cecf":"f.65165B09D34A62F43149F94F00C74D12.d.A738622019BAB0B70A5C7569A97E3952.e.2773"},"getText",[]]}
RESULT: {"script":"<script> [6424 bytes]","args":[{"element-6066-11e4-a52e-4f735466cecf":"f.65165B09D34A62F43149F94F00C74D12.d.A738622019BAB0B70A5C7569A97E3952.e.2773"},"getText",[]]}
COMMAND: POST /session/92c8a4308f789fc799e99033afc54cf4/execute/async - {"script":"<script> [1562 bytes]","args":[{"selector":{"id":"application-managepricingrules-display-component---newInfoPriceItem--condValidTo","interaction":{"idSuffix":"inner"}},"wdio_ui5_key":"applicationmanagepricingrules-display-component---newInfoPriceItem--condValidTo"}]}
RESULT: {"script":"<script> [1562 bytes]","args":[{"selector":{"id":"application-managepricingrules-display-component---newInfoPriceItem--condValidTo","interaction":{"idSuffix":"inner"}},"wdio_ui5_key":"applicationmanagepricingrules-display-component---newInfoPriceItem--condValidTo"}]}
RESULT: undefined
COMMAND: POST /session/92c8a4308f789fc799e99033afc54cf4/execute/async - {"script":"<script> [776 bytes]","args":[{"enterText":"01/01/26","selector":{"id":"application-managepricingrules-display-component---newInfoPriceItem--condValidTo","interaction":{"idSuffix":"inner"}},"clearTextFirst":true,"interactionType":"ENTER_TEXT"}]}
RESULT: {"script":"<script> [776 bytes]","args":[{"enterText":"01/01/26","selector":{"id":"application-managepricingrules-display-component---newInfoPriceItem--condValidTo","interaction":{"idSuffix":"inner"}},"clearTextFirst":true,"interactionType":"ENTER_TEXT"}]}
COMMAND: POST /session/92c8a4308f789fc799e99033afc54cf4/element - {"using":"xpath","value":"//input[@id=\"application-managepricingrules-display-component---newInfoPriceItem--condRU-inner\"]"}
RESULT: {"using":"xpath","value":"//input[@id=\"application-managepricingrules-display-component---newInfoPriceItem--condRU-inner\"]"}
COMMAND: POST /session/92c8a4308f789fc799e99033afc54cf4/element/f.65165B09D34A62F43149F94F00C74D12.d.A738622019BAB0B70A5C7569A97E3952.e.2651/clear - {}
RESULT: {}
COMMAND: POST /session/92c8a4308f789fc799e99033afc54cf4/element/f.65165B09D34A62F43149F94F00C74D12.d.A738622019BAB0B70A5C7569A97E3952.e.2651/value - {"text":"B3Imq2L1Hr"}
COMMAND: GET /session/92c8a4308f789fc799e99033afc54cf4/screenshot - {}
RESULT: {"text":"B3Imq2L1Hr"}
COMMAND: GET /session/92c8a4308f789fc799e99033afc54cf4/screenshot - {}
RESULT: {}
RESULT: {}
COMMAND: POST /session/92c8a4308f789fc799e99033afc54cf4/execute/async - {"script":"<script> [1562 bytes]","args":[{"selector":{"id":"application-managepricingrules-display-component---newInfoPriceItem--billType-arrow"},"wdio_ui5_key":"applicationmanagepricingrules-display-component---newInfoPriceItem--billType-arrow"}]}
RESULT: {"script":"<script> [1562 bytes]","args":[{"selector":{"id":"application-managepricingrules-display-component---newInfoPriceItem--billType-arrow"},"wdio_ui5_key":"applicationmanagepricingrules-display-component---newInfoPriceItem--billType-arrow"}]}
RESULT: undefined
COMMAND: POST /session/92c8a4308f789fc799e99033afc54cf4/element - {"using":"xpath","value":"//*[@id=\"application-managepricingrules-display-component---newInfoPriceItem--billType-arrow\"]"}
RESULT: {"using":"xpath","value":"//*[@id=\"application-managepricingrules-display-component---newInfoPriceItem--billType-arrow\"]"}
COMMAND: POST /session/92c8a4308f789fc799e99033afc54cf4/element/f.65165B09D34A62F43149F94F00C74D12.d.A738622019BAB0B70A5C7569A97E3952.e.2776/click - {}
RESULT: {}
COMMAND: POST /session/92c8a4308f789fc799e99033afc54cf4/element - {"using":"xpath","value":"//span[contains(text(), \"OT - Sales (one-time)\")]"}
COMMAND: GET /session/92c8a4308f789fc799e99033afc54cf4/screenshot - {}
RESULT: {"using":"xpath","value":"//span[contains(text(), \"OT - Sales (one-time)\")]"}
COMMAND: POST /session/92c8a4308f789fc799e99033afc54cf4/element/f.65165B09D34A62F43149F94F00C74D12.d.A738622019BAB0B70A5C7569A97E3952.e.2777/click - {}
RESULT: {}
RESULT: {}
COMMAND: POST /session/92c8a4308f789fc799e99033afc54cf4/execute/async - {"script":"<script> [1562 bytes]","args":[{"selector":{"id":"application-managepricingrules-display-component---newInfoPriceItem--priceProc-arrow"},"wdio_ui5_key":"applicationmanagepricingrules-display-component---newInfoPriceItem--priceProc-arrow"}]}
COMMAND: GET /session/92c8a4308f789fc799e99033afc54cf4/screenshot - {}
RESULT: {"script":"<script> [1562 bytes]","args":[{"selector":{"id":"application-managepricingrules-display-component---newInfoPriceItem--priceProc-arrow"},"wdio_ui5_key":"applicationmanagepricingrules-display-component---newInfoPriceItem--priceProc-arrow"}]}
RESULT: undefined
COMMAND: POST /session/92c8a4308f789fc799e99033afc54cf4/element - {"using":"xpath","value":"//*[@id=\"application-managepricingrules-display-component---newInfoPriceItem--priceProc-arrow\"]"}
RESULT: {}
RESULT: {"using":"xpath","value":"//*[@id=\"application-managepricingrules-display-component---newInfoPriceItem--priceProc-arrow\"]"}
COMMAND: POST /session/92c8a4308f789fc799e99033afc54cf4/element/f.65165B09D34A62F43149F94F00C74D12.d.A738622019BAB0B70A5C7569A97E3952.e.2734/click - {}
RESULT: {}
COMMAND: POST /session/92c8a4308f789fc799e99033afc54cf4/element - {"using":"xpath","value":"//span[contains(text(), \"MAT - Material\")]"}
COMMAND: GET /session/92c8a4308f789fc799e99033afc54cf4/screenshot - {}
RESULT: {"using":"xpath","value":"//span[contains(text(), \"MAT - Material\")]"}
COMMAND: POST /session/92c8a4308f789fc799e99033afc54cf4/element/f.65165B09D34A62F43149F94F00C74D12.d.A738622019BAB0B70A5C7569A97E3952.e.2778/click - {}
RESULT: {}
RESULT: {}
COMMAND: POST /session/92c8a4308f789fc799e99033afc54cf4/execute/async - {"script":"<script> [1562 bytes]","args":[{"selector":{"id":"application-managepricingrules-display-component---newInfoPriceItem--calcBase-arrow"},"wdio_ui5_key":"applicationmanagepricingrules-display-component---newInfoPriceItem--calcBase-arrow"}]}
COMMAND: GET /session/92c8a4308f789fc799e99033afc54cf4/screenshot - {}
RESULT: {"script":"<script> [1562 bytes]","args":[{"selector":{"id":"application-managepricingrules-display-component---newInfoPriceItem--calcBase-arrow"},"wdio_ui5_key":"applicationmanagepricingrules-display-component---newInfoPriceItem--calcBase-arrow"}]}
RESULT: undefined
COMMAND: POST /session/92c8a4308f789fc799e99033afc54cf4/element - {"using":"xpath","value":"//*[@id=\"application-managepricingrules-display-component---newInfoPriceItem--calcBase-arrow\"]"}
RESULT: {}
RESULT: {"using":"xpath","value":"//*[@id=\"application-managepricingrules-display-component---newInfoPriceItem--calcBase-arrow\"]"}
COMMAND: POST /session/92c8a4308f789fc799e99033afc54cf4/element/f.65165B09D34A62F43149F94F00C74D12.d.A738622019BAB0B70A5C7569A97E3952.e.2741/click - {}
RESULT: {}
COMMAND: GET /session/92c8a4308f789fc799e99033afc54cf4/screenshot - {}
RESULT: {}
COMMAND: POST /session/92c8a4308f789fc799e99033afc54cf4/element - {"using":"xpath","value":"//span[contains(text(), \"0001 - TB(exact month + cal_days)\")]"}
RESULT: {"using":"xpath","value":"//span[contains(text(), \"0001 - TB(exact month + cal_days)\")]"}
COMMAND: POST /session/92c8a4308f789fc799e99033afc54cf4/element/f.65165B09D34A62F43149F94F00C74D12.d.A738622019BAB0B70A5C7569A97E3952.e.2779/click - {}
RESULT: {}
COMMAND: GET /session/92c8a4308f789fc799e99033afc54cf4/screenshot - {}
RESULT: {}
COMMAND: POST /session/92c8a4308f789fc799e99033afc54cf4/element - {"using":"xpath","value":"//button[@data-kt=\"saveNewRuleButton\"]"}
RESULT: {"using":"xpath","value":"//button[@data-kt=\"saveNewRuleButton\"]"}
COMMAND: POST /session/92c8a4308f789fc799e99033afc54cf4/element/f.65165B09D34A62F43149F94F00C74D12.d.A738622019BAB0B70A5C7569A97E3952.e.2758/click - {}
RESULT: {}
COMMAND: GET /session/92c8a4308f789fc799e99033afc54cf4/screenshot - {}
RESULT: {}
COMMAND: POST /session/92c8a4308f789fc799e99033afc54cf4/execute/async - {"script":"<script> [1562 bytes]","args":[{"selector":{"id":"application-managepricingrules-display-component---priceInfoItem--smartFilterBar-btnBasicSearch","interaction":{"idSuffix":"I"}},"wdio_ui5_key":"applicationmanagepricingrules-display-component---priceInfoItem--smartFilterBar-btnBasicSearch"}]}
RESULT: {"script":"<script> [1562 bytes]","args":[{"selector":{"id":"application-managepricingrules-display-component---priceInfoItem--smartFilterBar-btnBasicSearch","interaction":{"idSuffix":"I"}},"wdio_ui5_key":"applicationmanagepricingrules-display-component---priceInfoItem--smartFilterBar-btnBasicSearch"}]}
RESULT: undefined
COMMAND: POST /session/92c8a4308f789fc799e99033afc54cf4/execute/async - {"script":"<script> [776 bytes]","args":[{"enterText":"B3Imq2L1Hr","selector":{"id":"application-managepricingrules-display-component---priceInfoItem--smartFilterBar-btnBasicSearch","interaction":{"idSuffix":"I"}},"clearTextFirst":true,"interactionType":"ENTER_TEXT"}]}
RESULT: {"script":"<script> [776 bytes]","args":[{"enterText":"B3Imq2L1Hr","selector":{"id":"application-managepricingrules-display-component---priceInfoItem--smartFilterBar-btnBasicSearch","interaction":{"idSuffix":"I"}},"clearTextFirst":true,"interactionType":"ENTER_TEXT"}]}
COMMAND: POST /session/92c8a4308f789fc799e99033afc54cf4/actions - {"actions":[{"id":"action10","type":"key","parameters":{},"actions":[{"type":"keyDown","value":"î€‡"},{"type":"pause","duration":10},{"type":"keyUp","value":"î€‡"}]}]}
RESULT: {"actions":[{"id":"action10","type":"key","parameters":{},"actions":[{"type":"keyDown","value":"î€‡"},{"type":"pause","duration":10},{"type":"keyUp","value":"î€‡"}]}]}
COMMAND: GET /session/92c8a4308f789fc799e99033afc54cf4/screenshot - {}
RESULT: {}
COMMAND: POST /session/92c8a4308f789fc799e99033afc54cf4/element - {"using":"xpath","value":"//span[@id=\"application-managepricingrules-display-component---priceInfoItem--smartTable-header-inner\"]"}
RESULT: {"using":"xpath","value":"//span[@id=\"application-managepricingrules-display-component---priceInfoItem--smartTable-header-inner\"]"}
COMMAND: POST /session/92c8a4308f789fc799e99033afc54cf4/elements - {"using":"xpath","value":"//span[@id=\"application-managepricingrules-display-component---priceInfoItem--smartTable-header-inner\"]"}
RESULT: {"using":"xpath","value":"//span[@id=\"application-managepricingrules-display-component---priceInfoItem--smartTable-header-inner\"]"}
COMMAND: POST /session/92c8a4308f789fc799e99033afc54cf4/execute/sync - {"script":"<script> [56 bytes]","args":[{"element-6066-11e4-a52e-4f735466cecf":"f.65165B09D34A62F43149F94F00C74D12.d.A738622019BAB0B70A5C7569A97E3952.e.2808","ELEMENT":"f.65165B09D34A62F43149F94F00C74D12.d.A738622019BAB0B70A5C7569A97E3952.e.2808"}]}
RESULT: {"script":"<script> [56 bytes]","args":[{"element-6066-11e4-a52e-4f735466cecf":"f.65165B09D34A62F43149F94F00C74D12.d.A738622019BAB0B70A5C7569A97E3952.e.2808","ELEMENT":"f.65165B09D34A62F43149F94F00C74D12.d.A738622019BAB0B70A5C7569A97E3952.e.2808"}]}
COMMAND: POST /session/92c8a4308f789fc799e99033afc54cf4/element - {"using":"css selector","value":"#shell-header-logo"}
COMMAND: GET /session/92c8a4308f789fc799e99033afc54cf4/screenshot - {}
RESULT: {"using":"css selector","value":"#shell-header-logo"}
COMMAND: POST /session/92c8a4308f789fc799e99033afc54cf4/element/f.65165B09D34A62F43149F94F00C74D12.d.A738622019BAB0B70A5C7569A97E3952.e.2302/click - {}
RESULT: {}
RESULT: {}
COMMAND: GET /session/92c8a4308f789fc799e99033afc54cf4/screenshot - {}
RESULT: {}
COMMAND: POST /session/92c8a4308f789fc799e99033afc54cf4/element - {"using":"css selector","value":"#j_username"}
COMMAND: POST /session/92c8a4308f789fc799e99033afc54cf4/url - {"url":"https://qa-testing-00-live-etm-ui.cfapps.eu10-004.hana.ondemand.com/"}
RESULT: {"using":"css selector","value":"#j_username"}
COMMAND: POST /session/92c8a4308f789fc799e99033afc54cf4/element - {"using":"css selector","value":"#j_username"}
RESULT: {"url":"https://qa-testing-00-live-etm-ui.cfapps.eu10-004.hana.ondemand.com/"}
RESULT: undefined
COMMAND: GET /session/92c8a4308f789fc799e99033afc54cf4/screenshot - {}
RESULT: {"using":"css selector","value":"#j_username"}
COMMAND: POST /session/92c8a4308f789fc799e99033afc54cf4/element - {"using":"css selector","value":"#shell-header-logo"}
RESULT: {}
RESULT: {"using":"css selector","value":"#shell-header-logo"}
COMMAND: POST /session/92c8a4308f789fc799e99033afc54cf4/execute/sync - {"script":"<script> [8489 bytes]","args":[{"element-6066-11e4-a52e-4f735466cecf":"f.65165B09D34A62F43149F94F00C74D12.d.0AE700BCAF3DF61E165B122B8A6820CB.e.2824","ELEMENT":"f.65165B09D34A62F43149F94F00C74D12.d.0AE700BCAF3DF61E165B122B8A6820CB.e.2824"}]}
RESULT: {"script":"<script> [8489 bytes]","args":[{"element-6066-11e4-a52e-4f735466cecf":"f.65165B09D34A62F43149F94F00C74D12.d.0AE700BCAF3DF61E165B122B8A6820CB.e.2824","ELEMENT":"f.65165B09D34A62F43149F94F00C74D12.d.0AE700BCAF3DF61E165B122B8A6820CB.e.2824"}]}
COMMAND: POST /session/92c8a4308f789fc799e99033afc54cf4/element - {"using":"css selector","value":"#shell-header-logo"}
COMMAND: GET /session/92c8a4308f789fc799e99033afc54cf4/screenshot - {}
RESULT: {"using":"css selector","value":"#shell-header-logo"}
COMMAND: POST /session/92c8a4308f789fc799e99033afc54cf4/execute/sync - {"script":"<script> [8489 bytes]","args":[{"element-6066-11e4-a52e-4f735466cecf":"f.65165B09D34A62F43149F94F00C74D12.d.0AE700BCAF3DF61E165B122B8A6820CB.e.2824","ELEMENT":"f.65165B09D34A62F43149F94F00C74D12.d.0AE700BCAF3DF61E165B122B8A6820CB.e.2824"}]}
RESULT: {}
RESULT: {"script":"<script> [8489 bytes]","args":[{"element-6066-11e4-a52e-4f735466cecf":"f.65165B09D34A62F43149F94F00C74D12.d.0AE700BCAF3DF61E165B122B8A6820CB.e.2824","ELEMENT":"f.65165B09D34A62F43149F94F00C74D12.d.0AE700BCAF3DF61E165B122B8A6820CB.e.2824"}]}
COMMAND: POST /session/92c8a4308f789fc799e99033afc54cf4/execute/sync - {"script":"<script> [5351 bytes]","args":[{"element-6066-11e4-a52e-4f735466cecf":"f.65165B09D34A62F43149F94F00C74D12.d.0AE700BCAF3DF61E165B122B8A6820CB.e.2824","ELEMENT":"f.65165B09D34A62F43149F94F00C74D12.d.0AE700BCAF3DF61E165B122B8A6820CB.e.2824"}]}
COMMAND: GET /session/92c8a4308f789fc799e99033afc54cf4/screenshot - {}
RESULT: {"script":"<script> [5351 bytes]","args":[{"element-6066-11e4-a52e-4f735466cecf":"f.65165B09D34A62F43149F94F00C74D12.d.0AE700BCAF3DF61E165B122B8A6820CB.e.2824","ELEMENT":"f.65165B09D34A62F43149F94F00C74D12.d.0AE700BCAF3DF61E165B122B8A6820CB.e.2824"}]}
COMMAND: POST /session/92c8a4308f789fc799e99033afc54cf4/element - {"using":"css selector","value":"#shell-header-logo"}
COMMAND: GET /session/92c8a4308f789fc799e99033afc54cf4/screenshot - {}
RESULT: {}
RESULT: {"using":"css selector","value":"#shell-header-logo"}
COMMAND: POST /session/92c8a4308f789fc799e99033afc54cf4/element/f.65165B09D34A62F43149F94F00C74D12.d.0AE700BCAF3DF61E165B122B8A6820CB.e.2824/click - {}
RESULT: {}
RESULT: {}
COMMAND: GET /session/92c8a4308f789fc799e99033afc54cf4/screenshot - {}
RESULT: {}
COMMAND: POST /session/92c8a4308f789fc799e99033afc54cf4/execute/async - {"script":"<script> [189 bytes]","args":[]}
RESULT: {"script":"<script> [189 bytes]","args":[]}
COMMAND: POST /session/92c8a4308f789fc799e99033afc54cf4/execute/async - {"script":"<script> [123 bytes]","args":[]}
RESULT: {"script":"<script> [123 bytes]","args":[]}
COMMAND: POST /session/92c8a4308f789fc799e99033afc54cf4/timeouts - {"script":"<number>"}
RESULT: {"script":"<number>"}
COMMAND: GET /session/92c8a4308f789fc799e99033afc54cf4/timeouts - {}
RESULT: {}
RESULT: undefined
COMMAND: POST /session/92c8a4308f789fc799e99033afc54cf4/execute/async - {"script":"<script> [2676 bytes]","args":[]}
RESULT: {"script":"<script> [2676 bytes]","args":[]}
COMMAND: POST /session/92c8a4308f789fc799e99033afc54cf4/execute/async - {"script":"<script> [2342 bytes]","args":[{"protocol":"http","hostname":"0.0.0.0","path":"/","capabilities":{"browserName":"chrome","goog:chromeOptions":{"binary":"C:\\Program Files\\Google\\Chrome\\Application\\chrome.exe","args":["--start-maximized"]}},"logLevel":"warn","connectionRetryTimeout":120000,"connectionRetryCount":3,"logLevels":{},"enableDirectConnect":true,"strictSSL":true,"_":"65 more keys: [\"cacheDir\",\"port\",\"requestedCapabilities\",\"automationProtocol\",\"baseUrl\",\"waitforInterval\",\"waitforTimeout\",\"onReload\",\"beforeCommand\",\"afterCommand\",\"rootDir\",\"specs\",\"suites\",\"exclude\",\"groupLogsByTestSpec\",\"excludeDriverLogs\",\"bail\",\"framework\",\"reporters\",\"services\",\"maxInstances\",\"maxInstancesPerCapability\",\"injectGlobals\",\"filesToWatch\",\"execArgv\",\"runnerEnv\",\"runner\",\"shard\",\"specFileRetries\",\"specFileRetriesDelay\",\"specFileRetriesDeferred\",\"reporterSyncInterval\",\"reporterSyncTimeout\",\"cucumberFeaturesWithLineNumbers\",\"autoCompileOpts\",\"mochaOpts\",\"jasmineOpts\",\"cucumberOpts\",\"onPrepare\",\"onWorkerStart\",\"onWorkerEnd\",\"before\",\"beforeSession\",\"beforeSuite\",\"beforeHook\",\"beforeTest\",\"afterTest\",\"afterHook\",\"afterSuite\",\"afterSession\",\"after\",\"onComplete\",\"beforeAssertion\",\"afterAssertion\",\"beforeFeature\",\"beforeScenario\",\"beforeStep\",\"afterStep\",\"afterScenario\",\"afterFeature\",\"_\",\"suite\",\"$0\",\"ignoredWorkerServices\",\"wdi5\"]"}]}
RESULT: {"script":"<script> [2342 bytes]","args":[{"protocol":"http","hostname":"0.0.0.0","path":"/","capabilities":{"browserName":"chrome","goog:chromeOptions":{"binary":"C:\\Program Files\\Google\\Chrome\\Application\\chrome.exe","args":["--start-maximized"]}},"logLevel":"warn","connectionRetryTimeout":120000,"connectionRetryCount":3,"logLevels":{},"enableDirectConnect":true,"strictSSL":true,"_":"65 more keys: [\"cacheDir\",\"port\",\"requestedCapabilities\",\"automationProtocol\",\"baseUrl\",\"waitforInterval\",\"waitforTimeout\",\"onReload\",\"beforeCommand\",\"afterCommand\",\"rootDir\",\"specs\",\"suites\",\"exclude\",\"groupLogsByTestSpec\",\"excludeDriverLogs\",\"bail\",\"framework\",\"reporters\",\"services\",\"maxInstances\",\"maxInstancesPerCapability\",\"injectGlobals\",\"filesToWatch\",\"execArgv\",\"runnerEnv\",\"runner\",\"shard\",\"specFileRetries\",\"specFileRetriesDelay\",\"specFileRetriesDeferred\",\"reporterSyncInterval\",\"reporterSyncTimeout\",\"cucumberFeaturesWithLineNumbers\",\"autoCompileOpts\",\"mochaOpts\",\"jasmineOpts\",\"cucumberOpts\",\"onPrepare\",\"onWorkerStart\",\"onWorkerEnd\",\"before\",\"beforeSession\",\"beforeSuite\",\"beforeHook\",\"beforeTest\",\"afterTest\",\"afterHook\",\"afterSuite\",\"afterSession\",\"after\",\"onComplete\",\"beforeAssertion\",\"afterAssertion\",\"beforeFeature\",\"beforeScenario\",\"beforeStep\",\"afterStep\",\"afterScenario\",\"afterFeature\",\"_\",\"suite\",\"$0\",\"ignoredWorkerServices\",\"wdi5\"]"}]}
COMMAND: POST /session/92c8a4308f789fc799e99033afc54cf4/execute/async - {"script":"<script> [21126 bytes]","args":[35000]}
RESULT: {"script":"<script> [21126 bytes]","args":[35000]}
COMMAND: POST /session/92c8a4308f789fc799e99033afc54cf4/window/maximize - {}
RESULT: {}
COMMAND: POST /session/92c8a4308f789fc799e99033afc54cf4/execute/async - {"script":"<script> [1562 bytes]","args":[{"selector":{"id":"shell-header","interaction":{"idSuffix":"icon"}},"wdio_ui5_key":"shellheader"}]}
COMMAND: GET /session/92c8a4308f789fc799e99033afc54cf4/screenshot - {}
RESULT: {"script":"<script> [1562 bytes]","args":[{"selector":{"id":"shell-header","interaction":{"idSuffix":"icon"}},"wdio_ui5_key":"shellheader"}]}
RESULT: undefined
COMMAND: POST /session/92c8a4308f789fc799e99033afc54cf4/refresh - {}
RESULT: {}
RESULT: {}
COMMAND: GET /session/92c8a4308f789fc799e99033afc54cf4/screenshot - {}
RESULT: {}
COMMAND: POST /session/92c8a4308f789fc799e99033afc54cf4/refresh - {}
RESULT: {}
COMMAND: GET /session/92c8a4308f789fc799e99033afc54cf4/screenshot - {}
RESULT: {}
COMMAND: POST /session/92c8a4308f789fc799e99033afc54cf4/window/fullscreen - {}
RESULT: {}
COMMAND: POST /session/92c8a4308f789fc799e99033afc54cf4/execute/async - {"script":"<script> [189 bytes]","args":[]}
RESULT: {"script":"<script> [189 bytes]","args":[]}
COMMAND: POST /session/92c8a4308f789fc799e99033afc54cf4/execute/async - {"script":"<script> [123 bytes]","args":[]}
RESULT: {"script":"<script> [123 bytes]","args":[]}
COMMAND: POST /session/92c8a4308f789fc799e99033afc54cf4/timeouts - {"script":"<number>"}
RESULT: {"script":"<number>"}
COMMAND: GET /session/92c8a4308f789fc799e99033afc54cf4/timeouts - {}
RESULT: {}
RESULT: undefined
COMMAND: POST /session/92c8a4308f789fc799e99033afc54cf4/execute/async - {"script":"<script> [2676 bytes]","args":[]}
RESULT: {"script":"<script> [2676 bytes]","args":[]}
COMMAND: POST /session/92c8a4308f789fc799e99033afc54cf4/execute/async - {"script":"<script> [2342 bytes]","args":[{"protocol":"http","hostname":"0.0.0.0","path":"/","capabilities":{"browserName":"chrome","goog:chromeOptions":{"binary":"C:\\Program Files\\Google\\Chrome\\Application\\chrome.exe","args":["--start-maximized"]}},"logLevel":"warn","connectionRetryTimeout":120000,"connectionRetryCount":3,"logLevels":{},"enableDirectConnect":true,"strictSSL":true,"_":"65 more keys: [\"cacheDir\",\"port\",\"requestedCapabilities\",\"automationProtocol\",\"baseUrl\",\"waitforInterval\",\"waitforTimeout\",\"onReload\",\"beforeCommand\",\"afterCommand\",\"rootDir\",\"specs\",\"suites\",\"exclude\",\"groupLogsByTestSpec\",\"excludeDriverLogs\",\"bail\",\"framework\",\"reporters\",\"services\",\"maxInstances\",\"maxInstancesPerCapability\",\"injectGlobals\",\"filesToWatch\",\"execArgv\",\"runnerEnv\",\"runner\",\"shard\",\"specFileRetries\",\"specFileRetriesDelay\",\"specFileRetriesDeferred\",\"reporterSyncInterval\",\"reporterSyncTimeout\",\"cucumberFeaturesWithLineNumbers\",\"autoCompileOpts\",\"mochaOpts\",\"jasmineOpts\",\"cucumberOpts\",\"onPrepare\",\"onWorkerStart\",\"onWorkerEnd\",\"before\",\"beforeSession\",\"beforeSuite\",\"beforeHook\",\"beforeTest\",\"afterTest\",\"afterHook\",\"afterSuite\",\"afterSession\",\"after\",\"onComplete\",\"beforeAssertion\",\"afterAssertion\",\"beforeFeature\",\"beforeScenario\",\"beforeStep\",\"afterStep\",\"afterScenario\",\"afterFeature\",\"_\",\"suite\",\"$0\",\"ignoredWorkerServices\",\"wdi5\"]"}]}
RESULT: {"script":"<script> [2342 bytes]","args":[{"protocol":"http","hostname":"0.0.0.0","path":"/","capabilities":{"browserName":"chrome","goog:chromeOptions":{"binary":"C:\\Program Files\\Google\\Chrome\\Application\\chrome.exe","args":["--start-maximized"]}},"logLevel":"warn","connectionRetryTimeout":120000,"connectionRetryCount":3,"logLevels":{},"enableDirectConnect":true,"strictSSL":true,"_":"65 more keys: [\"cacheDir\",\"port\",\"requestedCapabilities\",\"automationProtocol\",\"baseUrl\",\"waitforInterval\",\"waitforTimeout\",\"onReload\",\"beforeCommand\",\"afterCommand\",\"rootDir\",\"specs\",\"suites\",\"exclude\",\"groupLogsByTestSpec\",\"excludeDriverLogs\",\"bail\",\"framework\",\"reporters\",\"services\",\"maxInstances\",\"maxInstancesPerCapability\",\"injectGlobals\",\"filesToWatch\",\"execArgv\",\"runnerEnv\",\"runner\",\"shard\",\"specFileRetries\",\"specFileRetriesDelay\",\"specFileRetriesDeferred\",\"reporterSyncInterval\",\"reporterSyncTimeout\",\"cucumberFeaturesWithLineNumbers\",\"autoCompileOpts\",\"mochaOpts\",\"jasmineOpts\",\"cucumberOpts\",\"onPrepare\",\"onWorkerStart\",\"onWorkerEnd\",\"before\",\"beforeSession\",\"beforeSuite\",\"beforeHook\",\"beforeTest\",\"afterTest\",\"afterHook\",\"afterSuite\",\"afterSession\",\"after\",\"onComplete\",\"beforeAssertion\",\"afterAssertion\",\"beforeFeature\",\"beforeScenario\",\"beforeStep\",\"afterStep\",\"afterScenario\",\"afterFeature\",\"_\",\"suite\",\"$0\",\"ignoredWorkerServices\",\"wdi5\"]"}]}
COMMAND: POST /session/92c8a4308f789fc799e99033afc54cf4/execute/async - {"script":"<script> [21126 bytes]","args":[35000]}
RESULT: {"script":"<script> [21126 bytes]","args":[35000]}
]]></system-out>
    </testcase>
  </testsuite>
  <testsuite timestamp="2025-05-01T17:05:29" time="419.679" tests="6" failures="0" errors="0" skipped="0">
    <properties>
      <property name="specId" value="0" />
      <property name="suiteName" value="Edit and delete daily price US134629 US134627" />
      <property name="capabilities" value="chrome.135_0_7049_96.windows" />
      <property name="file" value="file:///D:/a/1/s/test/specs/BTS/conditions-prices-daily-price.spec.js" />
    </properties>
    <testcase classname="chrome.135_0_7049_96.windows.Edit_and_delete_daily_price_US134629_US134627" name="Should create a new yard used for all following tests" time="0.026">
      <system-out><![CDATA[
COMMAND: POST /session/92c8a4308f789fc799e99033afc54cf4/window/fullscreen - {}
RESULT: {}
]]></system-out>
    </testcase>
    <testcase classname="chrome.135_0_7049_96.windows.Edit_and_delete_daily_price_US134629_US134627" name="Should create a new partner" time="131.529">
      <system-out><![CDATA[
COMMAND: POST /session/92c8a4308f789fc799e99033afc54cf4/window/fullscreen - {}
RESULT: {}
COMMAND: POST /session/92c8a4308f789fc799e99033afc54cf4/execute/async - {"script":"<script> [1562 bytes]","args":[{"selector":{"controlType":"sap.m.GenericTile","properties":{"header":"Manage Partners"}},"wdio_ui5_key":"sapm.GenericTile{\"header\":\"Manage Partners\"}"}]}
RESULT: {"script":"<script> [1562 bytes]","args":[{"selector":{"controlType":"sap.m.GenericTile","properties":{"header":"Manage Partners"}},"wdio_ui5_key":"sapm.GenericTile{\"header\":\"Manage Partners\"}"}]}
RESULT: undefined
COMMAND: POST /session/92c8a4308f789fc799e99033afc54cf4/element - {"using":"xpath","value":"//*[@id=\"__tile38\"]"}
RESULT: {"using":"xpath","value":"//*[@id=\"__tile38\"]"}
COMMAND: POST /session/92c8a4308f789fc799e99033afc54cf4/element/f.65165B09D34A62F43149F94F00C74D12.d.A279B7D7EB325F2663F806C0D1972ED2.e.2976/click - {}
RESULT: {}
COMMAND: POST /session/92c8a4308f789fc799e99033afc54cf4/element - {"using":"xpath","value":"//button[@data-kt=\"addButton\"]"}
COMMAND: GET /session/92c8a4308f789fc799e99033afc54cf4/screenshot - {}
RESULT: {"using":"xpath","value":"//button[@data-kt=\"addButton\"]"}
COMMAND: POST /session/92c8a4308f789fc799e99033afc54cf4/elements - {"using":"xpath","value":"//button[@data-kt=\"addButton\"]"}
RESULT: {}
RESULT: {"using":"xpath","value":"//button[@data-kt=\"addButton\"]"}
COMMAND: POST /session/92c8a4308f789fc799e99033afc54cf4/elements - {"using":"xpath","value":"//button[@data-kt=\"addButton\"]"}
RESULT: {"using":"xpath","value":"//button[@data-kt=\"addButton\"]"}
COMMAND: POST /session/92c8a4308f789fc799e99033afc54cf4/elements - {"using":"xpath","value":"//button[@data-kt=\"addButton\"]"}
RESULT: {"using":"xpath","value":"//button[@data-kt=\"addButton\"]"}
COMMAND: POST /session/92c8a4308f789fc799e99033afc54cf4/elements - {"using":"xpath","value":"//button[@data-kt=\"addButton\"]"}
RESULT: {"using":"xpath","value":"//button[@data-kt=\"addButton\"]"}
COMMAND: POST /session/92c8a4308f789fc799e99033afc54cf4/elements - {"using":"xpath","value":"//button[@data-kt=\"addButton\"]"}
RESULT: {"using":"xpath","value":"//button[@data-kt=\"addButton\"]"}
COMMAND: POST /session/92c8a4308f789fc799e99033afc54cf4/elements - {"using":"xpath","value":"//button[@data-kt=\"addButton\"]"}
RESULT: {"using":"xpath","value":"//button[@data-kt=\"addButton\"]"}
COMMAND: POST /session/92c8a4308f789fc799e99033afc54cf4/elements - {"using":"xpath","value":"//button[@data-kt=\"addButton\"]"}
RESULT: {"using":"xpath","value":"//button[@data-kt=\"addButton\"]"}
COMMAND: POST /session/92c8a4308f789fc799e99033afc54cf4/elements - {"using":"xpath","value":"//button[@data-kt=\"addButton\"]"}
RESULT: {"using":"xpath","value":"//button[@data-kt=\"addButton\"]"}
COMMAND: POST /session/92c8a4308f789fc799e99033afc54cf4/elements - {"using":"xpath","value":"//button[@data-kt=\"addButton\"]"}
RESULT: {"using":"xpath","value":"//button[@data-kt=\"addButton\"]"}
COMMAND: POST /session/92c8a4308f789fc799e99033afc54cf4/elements - {"using":"xpath","value":"//button[@data-kt=\"addButton\"]"}
RESULT: {"using":"xpath","value":"//button[@data-kt=\"addButton\"]"}
COMMAND: POST /session/92c8a4308f789fc799e99033afc54cf4/elements - {"using":"xpath","value":"//button[@data-kt=\"addButton\"]"}
RESULT: {"using":"xpath","value":"//button[@data-kt=\"addButton\"]"}
COMMAND: POST /session/92c8a4308f789fc799e99033afc54cf4/elements - {"using":"xpath","value":"//button[@data-kt=\"addButton\"]"}
RESULT: {"using":"xpath","value":"//button[@data-kt=\"addButton\"]"}
COMMAND: POST /session/92c8a4308f789fc799e99033afc54cf4/elements - {"using":"xpath","value":"//button[@data-kt=\"addButton\"]"}
RESULT: {"using":"xpath","value":"//button[@data-kt=\"addButton\"]"}
COMMAND: POST /session/92c8a4308f789fc799e99033afc54cf4/elements - {"using":"xpath","value":"//button[@data-kt=\"addButton\"]"}
RESULT: {"using":"xpath","value":"//button[@data-kt=\"addButton\"]"}
COMMAND: POST /session/92c8a4308f789fc799e99033afc54cf4/elements - {"using":"xpath","value":"//button[@data-kt=\"addButton\"]"}
RESULT: {"using":"xpath","value":"//button[@data-kt=\"addButton\"]"}
COMMAND: POST /session/92c8a4308f789fc799e99033afc54cf4/elements - {"using":"xpath","value":"//button[@data-kt=\"addButton\"]"}
RESULT: {"using":"xpath","value":"//button[@data-kt=\"addButton\"]"}
COMMAND: POST /session/92c8a4308f789fc799e99033afc54cf4/elements - {"using":"xpath","value":"//button[@data-kt=\"addButton\"]"}
RESULT: {"using":"xpath","value":"//button[@data-kt=\"addButton\"]"}
COMMAND: POST /session/92c8a4308f789fc799e99033afc54cf4/elements - {"using":"xpath","value":"//button[@data-kt=\"addButton\"]"}
RESULT: {"using":"xpath","value":"//button[@data-kt=\"addButton\"]"}
COMMAND: POST /session/92c8a4308f789fc799e99033afc54cf4/elements - {"using":"xpath","value":"//button[@data-kt=\"addButton\"]"}
RESULT: {"using":"xpath","value":"//button[@data-kt=\"addButton\"]"}
COMMAND: POST /session/92c8a4308f789fc799e99033afc54cf4/elements - {"using":"xpath","value":"//button[@data-kt=\"addButton\"]"}
RESULT: {"using":"xpath","value":"//button[@data-kt=\"addButton\"]"}
COMMAND: POST /session/92c8a4308f789fc799e99033afc54cf4/elements - {"using":"xpath","value":"//button[@data-kt=\"addButton\"]"}
RESULT: {"using":"xpath","value":"//button[@data-kt=\"addButton\"]"}
COMMAND: POST /session/92c8a4308f789fc799e99033afc54cf4/elements - {"using":"xpath","value":"//button[@data-kt=\"addButton\"]"}
RESULT: {"using":"xpath","value":"//button[@data-kt=\"addButton\"]"}
COMMAND: POST /session/92c8a4308f789fc799e99033afc54cf4/elements - {"using":"xpath","value":"//button[@data-kt=\"addButton\"]"}
RESULT: {"using":"xpath","value":"//button[@data-kt=\"addButton\"]"}
COMMAND: POST /session/92c8a4308f789fc799e99033afc54cf4/elements - {"using":"xpath","value":"//button[@data-kt=\"addButton\"]"}
RESULT: {"using":"xpath","value":"//button[@data-kt=\"addButton\"]"}
COMMAND: POST /session/92c8a4308f789fc799e99033afc54cf4/element - {"using":"xpath","value":"//button[@data-kt=\"addButton\"]"}
RESULT: {"using":"xpath","value":"//button[@data-kt=\"addButton\"]"}
COMMAND: POST /session/92c8a4308f789fc799e99033afc54cf4/execute/sync - {"script":"<script> [8489 bytes]","args":[{"element-6066-11e4-a52e-4f735466cecf":"f.65165B09D34A62F43149F94F00C74D12.d.A279B7D7EB325F2663F806C0D1972ED2.e.3125","ELEMENT":"f.65165B09D34A62F43149F94F00C74D12.d.A279B7D7EB325F2663F806C0D1972ED2.e.3125"}]}
RESULT: {"script":"<script> [8489 bytes]","args":[{"element-6066-11e4-a52e-4f735466cecf":"f.65165B09D34A62F43149F94F00C74D12.d.A279B7D7EB325F2663F806C0D1972ED2.e.3125","ELEMENT":"f.65165B09D34A62F43149F94F00C74D12.d.A279B7D7EB325F2663F806C0D1972ED2.e.3125"}]}
COMMAND: GET /session/92c8a4308f789fc799e99033afc54cf4/element/f.65165B09D34A62F43149F94F00C74D12.d.A279B7D7EB325F2663F806C0D1972ED2.e.3125/enabled - {}
COMMAND: GET /session/92c8a4308f789fc799e99033afc54cf4/screenshot - {}
RESULT: {}
COMMAND: POST /session/92c8a4308f789fc799e99033afc54cf4/execute/sync - {"script":"<script> [8489 bytes]","args":[{"element-6066-11e4-a52e-4f735466cecf":"f.65165B09D34A62F43149F94F00C74D12.d.A279B7D7EB325F2663F806C0D1972ED2.e.3125","ELEMENT":"f.65165B09D34A62F43149F94F00C74D12.d.A279B7D7EB325F2663F806C0D1972ED2.e.3125"}]}
COMMAND: GET /session/92c8a4308f789fc799e99033afc54cf4/screenshot - {}
RESULT: {}
RESULT: {"script":"<script> [8489 bytes]","args":[{"element-6066-11e4-a52e-4f735466cecf":"f.65165B09D34A62F43149F94F00C74D12.d.A279B7D7EB325F2663F806C0D1972ED2.e.3125","ELEMENT":"f.65165B09D34A62F43149F94F00C74D12.d.A279B7D7EB325F2663F806C0D1972ED2.e.3125"}]}
COMMAND: POST /session/92c8a4308f789fc799e99033afc54cf4/execute/sync - {"script":"<script> [5351 bytes]","args":[{"element-6066-11e4-a52e-4f735466cecf":"f.65165B09D34A62F43149F94F00C74D12.d.A279B7D7EB325F2663F806C0D1972ED2.e.3125","ELEMENT":"f.65165B09D34A62F43149F94F00C74D12.d.A279B7D7EB325F2663F806C0D1972ED2.e.3125"}]}
COMMAND: GET /session/92c8a4308f789fc799e99033afc54cf4/screenshot - {}
RESULT: {}
RESULT: {"script":"<script> [5351 bytes]","args":[{"element-6066-11e4-a52e-4f735466cecf":"f.65165B09D34A62F43149F94F00C74D12.d.A279B7D7EB325F2663F806C0D1972ED2.e.3125","ELEMENT":"f.65165B09D34A62F43149F94F00C74D12.d.A279B7D7EB325F2663F806C0D1972ED2.e.3125"}]}
COMMAND: POST /session/92c8a4308f789fc799e99033afc54cf4/element/f.65165B09D34A62F43149F94F00C74D12.d.A279B7D7EB325F2663F806C0D1972ED2.e.3125/click - {}
COMMAND: GET /session/92c8a4308f789fc799e99033afc54cf4/screenshot - {}
RESULT: {}
RESULT: {}
COMMAND: GET /session/92c8a4308f789fc799e99033afc54cf4/screenshot - {}
RESULT: {}
RESULT: {}
COMMAND: POST /session/92c8a4308f789fc799e99033afc54cf4/execute/async - {"script":"<script> [1562 bytes]","args":[{"selector":{"id":"application-managepartners-display-component---NewPartner--addressDetailDetailsName1","interaction":{"idSuffix":"inner"}},"wdio_ui5_key":"applicationmanagepartners-display-component---NewPartner--addressDetailDetailsName1"}]}
RESULT: {"script":"<script> [1562 bytes]","args":[{"selector":{"id":"application-managepartners-display-component---NewPartner--addressDetailDetailsName1","interaction":{"idSuffix":"inner"}},"wdio_ui5_key":"applicationmanagepartners-display-component---NewPartner--addressDetailDetailsName1"}]}
RESULT: undefined
COMMAND: POST /session/92c8a4308f789fc799e99033afc54cf4/execute/async - {"script":"<script> [776 bytes]","args":[{"enterText":"DailyPrice Partner WDIO","selector":{"id":"application-managepartners-display-component---NewPartner--addressDetailDetailsName1","interaction":{"idSuffix":"inner"}},"clearTextFirst":true,"interactionType":"ENTER_TEXT"}]}
RESULT: {"script":"<script> [776 bytes]","args":[{"enterText":"DailyPrice Partner WDIO","selector":{"id":"application-managepartners-display-component---NewPartner--addressDetailDetailsName1","interaction":{"idSuffix":"inner"}},"clearTextFirst":true,"interactionType":"ENTER_TEXT"}]}
COMMAND: POST /session/92c8a4308f789fc799e99033afc54cf4/execute/async - {"script":"<script> [1562 bytes]","args":[{"selector":{"id":"application-managepartners-display-component---NewPartner--addressDetailDetailsLanguage-arrow"},"wdio_ui5_key":"applicationmanagepartners-display-component---NewPartner--addressDetailDetailsLanguage-arrow"}]}
RESULT: {"script":"<script> [1562 bytes]","args":[{"selector":{"id":"application-managepartners-display-component---NewPartner--addressDetailDetailsLanguage-arrow"},"wdio_ui5_key":"applicationmanagepartners-display-component---NewPartner--addressDetailDetailsLanguage-arrow"}]}
RESULT: undefined
COMMAND: POST /session/92c8a4308f789fc799e99033afc54cf4/element - {"using":"xpath","value":"//*[@id=\"application-managepartners-display-component---NewPartner--addressDetailDetailsLanguage-arrow\"]"}
RESULT: {"using":"xpath","value":"//*[@id=\"application-managepartners-display-component---NewPartner--addressDetailDetailsLanguage-arrow\"]"}
COMMAND: POST /session/92c8a4308f789fc799e99033afc54cf4/element/f.65165B09D34A62F43149F94F00C74D12.d.A279B7D7EB325F2663F806C0D1972ED2.e.3575/click - {}
RESULT: {}
COMMAND: POST /session/92c8a4308f789fc799e99033afc54cf4/element - {"using":"xpath","value":"//span[contains(text(), \"English\")]"}
COMMAND: GET /session/92c8a4308f789fc799e99033afc54cf4/screenshot - {}
RESULT: {"using":"xpath","value":"//span[contains(text(), \"English\")]"}
COMMAND: POST /session/92c8a4308f789fc799e99033afc54cf4/element/f.65165B09D34A62F43149F94F00C74D12.d.A279B7D7EB325F2663F806C0D1972ED2.e.3576/click - {}
RESULT: {}
RESULT: {}
COMMAND: GET /session/92c8a4308f789fc799e99033afc54cf4/screenshot - {}
RESULT: {}
COMMAND: POST /session/92c8a4308f789fc799e99033afc54cf4/execute/async - {"script":"<script> [1562 bytes]","args":[{"selector":{"id":"application-managepartners-display-component---NewPartner--addressDetailDetailsCity1","interaction":{"idSuffix":"inner"}},"wdio_ui5_key":"applicationmanagepartners-display-component---NewPartner--addressDetailDetailsCity1"}]}
RESULT: {"script":"<script> [1562 bytes]","args":[{"selector":{"id":"application-managepartners-display-component---NewPartner--addressDetailDetailsCity1","interaction":{"idSuffix":"inner"}},"wdio_ui5_key":"applicationmanagepartners-display-component---NewPartner--addressDetailDetailsCity1"}]}
RESULT: undefined
COMMAND: POST /session/92c8a4308f789fc799e99033afc54cf4/execute/async - {"script":"<script> [776 bytes]","args":[{"enterText":"Rosario","selector":{"id":"application-managepartners-display-component---NewPartner--addressDetailDetailsCity1","interaction":{"idSuffix":"inner"}},"clearTextFirst":true,"interactionType":"ENTER_TEXT"}]}
RESULT: {"script":"<script> [776 bytes]","args":[{"enterText":"Rosario","selector":{"id":"application-managepartners-display-component---NewPartner--addressDetailDetailsCity1","interaction":{"idSuffix":"inner"}},"clearTextFirst":true,"interactionType":"ENTER_TEXT"}]}
COMMAND: POST /session/92c8a4308f789fc799e99033afc54cf4/execute/async - {"script":"<script> [1562 bytes]","args":[{"selector":{"id":"application-managepartners-display-component---NewPartner--addressDetailDetailsCountry-arrow"},"wdio_ui5_key":"applicationmanagepartners-display-component---NewPartner--addressDetailDetailsCountry-arrow"}]}
RESULT: {"script":"<script> [1562 bytes]","args":[{"selector":{"id":"application-managepartners-display-component---NewPartner--addressDetailDetailsCountry-arrow"},"wdio_ui5_key":"applicationmanagepartners-display-component---NewPartner--addressDetailDetailsCountry-arrow"}]}
RESULT: undefined
COMMAND: POST /session/92c8a4308f789fc799e99033afc54cf4/element - {"using":"xpath","value":"//*[@id=\"application-managepartners-display-component---NewPartner--addressDetailDetailsCountry-arrow\"]"}
RESULT: {"using":"xpath","value":"//*[@id=\"application-managepartners-display-component---NewPartner--addressDetailDetailsCountry-arrow\"]"}
COMMAND: POST /session/92c8a4308f789fc799e99033afc54cf4/element/f.65165B09D34A62F43149F94F00C74D12.d.A279B7D7EB325F2663F806C0D1972ED2.e.3543/click - {}
RESULT: {}
COMMAND: POST /session/92c8a4308f789fc799e99033afc54cf4/element - {"using":"xpath","value":"//span[contains(text(), \"Argentina\")]"}
COMMAND: GET /session/92c8a4308f789fc799e99033afc54cf4/screenshot - {}
RESULT: {"using":"xpath","value":"//span[contains(text(), \"Argentina\")]"}
COMMAND: POST /session/92c8a4308f789fc799e99033afc54cf4/element/f.65165B09D34A62F43149F94F00C74D12.d.A279B7D7EB325F2663F806C0D1972ED2.e.3578/click - {}
RESULT: {}
RESULT: {}
COMMAND: GET /session/92c8a4308f789fc799e99033afc54cf4/screenshot - {}
RESULT: {}
COMMAND: POST /session/92c8a4308f789fc799e99033afc54cf4/element - {"using":"xpath","value":"//bdi[contains(text(), \"Commercial\")]"}
RESULT: {"using":"xpath","value":"//bdi[contains(text(), \"Commercial\")]"}
COMMAND: POST /session/92c8a4308f789fc799e99033afc54cf4/element/f.65165B09D34A62F43149F94F00C74D12.d.A279B7D7EB325F2663F806C0D1972ED2.e.3579/click - {}
RESULT: {}
COMMAND: GET /session/92c8a4308f789fc799e99033afc54cf4/screenshot - {}
RESULT: {}
COMMAND: POST /session/92c8a4308f789fc799e99033afc54cf4/execute/async - {"script":"<script> [1562 bytes]","args":[{"selector":{"id":"application-managepartners-display-component---NewPartner--partnerDetailInternal-arrow"},"wdio_ui5_key":"applicationmanagepartners-display-component---NewPartner--partnerDetailInternal-arrow"}]}
RESULT: {"script":"<script> [1562 bytes]","args":[{"selector":{"id":"application-managepartners-display-component---NewPartner--partnerDetailInternal-arrow"},"wdio_ui5_key":"applicationmanagepartners-display-component---NewPartner--partnerDetailInternal-arrow"}]}
RESULT: undefined
COMMAND: POST /session/92c8a4308f789fc799e99033afc54cf4/element - {"using":"xpath","value":"//*[@id=\"application-managepartners-display-component---NewPartner--partnerDetailInternal-arrow\"]"}
RESULT: {"using":"xpath","value":"//*[@id=\"application-managepartners-display-component---NewPartner--partnerDetailInternal-arrow\"]"}
COMMAND: POST /session/92c8a4308f789fc799e99033afc54cf4/element/f.65165B09D34A62F43149F94F00C74D12.d.A279B7D7EB325F2663F806C0D1972ED2.e.3585/click - {}
RESULT: {}
COMMAND: POST /session/92c8a4308f789fc799e99033afc54cf4/element - {"using":"xpath","value":"//span[contains(text(), \"Affiliated company\")]"}
COMMAND: GET /session/92c8a4308f789fc799e99033afc54cf4/screenshot - {}
RESULT: {"using":"xpath","value":"//span[contains(text(), \"Affiliated company\")]"}
COMMAND: POST /session/92c8a4308f789fc799e99033afc54cf4/element/f.65165B09D34A62F43149F94F00C74D12.d.A279B7D7EB325F2663F806C0D1972ED2.e.3588/click - {}
RESULT: {}
RESULT: {}
COMMAND: POST /session/92c8a4308f789fc799e99033afc54cf4/execute/async - {"script":"<script> [1562 bytes]","args":[{"selector":{"id":"application-managepartners-display-component---NewPartner--partnerDetailsCurrency-arrow"},"wdio_ui5_key":"applicationmanagepartners-display-component---NewPartner--partnerDetailsCurrency-arrow"}]}
COMMAND: GET /session/92c8a4308f789fc799e99033afc54cf4/screenshot - {}
RESULT: {"script":"<script> [1562 bytes]","args":[{"selector":{"id":"application-managepartners-display-component---NewPartner--partnerDetailsCurrency-arrow"},"wdio_ui5_key":"applicationmanagepartners-display-component---NewPartner--partnerDetailsCurrency-arrow"}]}
RESULT: undefined
COMMAND: POST /session/92c8a4308f789fc799e99033afc54cf4/element - {"using":"xpath","value":"//*[@id=\"application-managepartners-display-component---NewPartner--partnerDetailsCurrency-arrow\"]"}
RESULT: {}
RESULT: {"using":"xpath","value":"//*[@id=\"application-managepartners-display-component---NewPartner--partnerDetailsCurrency-arrow\"]"}
COMMAND: POST /session/92c8a4308f789fc799e99033afc54cf4/element/f.65165B09D34A62F43149F94F00C74D12.d.A279B7D7EB325F2663F806C0D1972ED2.e.3595/click - {}
RESULT: {}
COMMAND: POST /session/92c8a4308f789fc799e99033afc54cf4/element - {"using":"xpath","value":"//span[contains(text(), \"Euro\")]"}
COMMAND: GET /session/92c8a4308f789fc799e99033afc54cf4/screenshot - {}
RESULT: {"using":"xpath","value":"//span[contains(text(), \"Euro\")]"}
COMMAND: POST /session/92c8a4308f789fc799e99033afc54cf4/element/f.65165B09D34A62F43149F94F00C74D12.d.A279B7D7EB325F2663F806C0D1972ED2.e.3596/click - {}
RESULT: {}
RESULT: {}
COMMAND: POST /session/92c8a4308f789fc799e99033afc54cf4/execute/async - {"script":"<script> [1562 bytes]","args":[{"selector":{"id":"application-managepartners-display-component---NewPartner--addressEditDetailsCostObjectCstType-arrow"},"wdio_ui5_key":"applicationmanagepartners-display-component---NewPartner--addressEditDetailsCostObjectCstType-arrow"}]}
COMMAND: GET /session/92c8a4308f789fc799e99033afc54cf4/screenshot - {}
RESULT: {"script":"<script> [1562 bytes]","args":[{"selector":{"id":"application-managepartners-display-component---NewPartner--addressEditDetailsCostObjectCstType-arrow"},"wdio_ui5_key":"applicationmanagepartners-display-component---NewPartner--addressEditDetailsCostObjectCstType-arrow"}]}
RESULT: undefined
COMMAND: POST /session/92c8a4308f789fc799e99033afc54cf4/element - {"using":"xpath","value":"//*[@id=\"application-managepartners-display-component---NewPartner--addressEditDetailsCostObjectCstType-arrow\"]"}
RESULT: {}
RESULT: {"using":"xpath","value":"//*[@id=\"application-managepartners-display-component---NewPartner--addressEditDetailsCostObjectCstType-arrow\"]"}
COMMAND: POST /session/92c8a4308f789fc799e99033afc54cf4/element/f.65165B09D34A62F43149F94F00C74D12.d.A279B7D7EB325F2663F806C0D1972ED2.e.3597/click - {}
RESULT: {}
COMMAND: POST /session/92c8a4308f789fc799e99033afc54cf4/element - {"using":"xpath","value":"//span[contains(text(), \"Cost Center\")]"}
COMMAND: GET /session/92c8a4308f789fc799e99033afc54cf4/screenshot - {}
RESULT: {"using":"xpath","value":"//span[contains(text(), \"Cost Center\")]"}
COMMAND: POST /session/92c8a4308f789fc799e99033afc54cf4/element/f.65165B09D34A62F43149F94F00C74D12.d.A279B7D7EB325F2663F806C0D1972ED2.e.3598/click - {}
RESULT: {}
RESULT: {}
COMMAND: GET /session/92c8a4308f789fc799e99033afc54cf4/screenshot - {}
RESULT: {}
COMMAND: POST /session/92c8a4308f789fc799e99033afc54cf4/element - {"using":"xpath","value":"//span[@id=\"application-managepartners-display-component---NewPartner--addressNewCostObjectCstID-vhi\"]"}
RESULT: {"using":"xpath","value":"//span[@id=\"application-managepartners-display-component---NewPartner--addressNewCostObjectCstID-vhi\"]"}
COMMAND: POST /session/92c8a4308f789fc799e99033afc54cf4/execute/sync - {"script":"<script> [8489 bytes]","args":[{"element-6066-11e4-a52e-4f735466cecf":"f.65165B09D34A62F43149F94F00C74D12.d.A279B7D7EB325F2663F806C0D1972ED2.e.3602","ELEMENT":"f.65165B09D34A62F43149F94F00C74D12.d.A279B7D7EB325F2663F806C0D1972ED2.e.3602"}]}
RESULT: {"script":"<script> [8489 bytes]","args":[{"element-6066-11e4-a52e-4f735466cecf":"f.65165B09D34A62F43149F94F00C74D12.d.A279B7D7EB325F2663F806C0D1972ED2.e.3602","ELEMENT":"f.65165B09D34A62F43149F94F00C74D12.d.A279B7D7EB325F2663F806C0D1972ED2.e.3602"}]}
COMMAND: POST /session/92c8a4308f789fc799e99033afc54cf4/execute/async - {"script":"<script> [1562 bytes]","args":[{"selector":{"id":"application-managepartners-display-component---NewPartner--addressNewCostObjectCstID-vhi"},"wdio_ui5_key":"applicationmanagepartners-display-component---NewPartner--addressNewCostObjectCstID-vhi"}]}
COMMAND: GET /session/92c8a4308f789fc799e99033afc54cf4/screenshot - {}
RESULT: {"script":"<script> [1562 bytes]","args":[{"selector":{"id":"application-managepartners-display-component---NewPartner--addressNewCostObjectCstID-vhi"},"wdio_ui5_key":"applicationmanagepartners-display-component---NewPartner--addressNewCostObjectCstID-vhi"}]}
RESULT: undefined
COMMAND: POST /session/92c8a4308f789fc799e99033afc54cf4/element - {"using":"xpath","value":"//*[@id=\"application-managepartners-display-component---NewPartner--addressNewCostObjectCstID-vhi\"]"}
RESULT: {}
RESULT: {"using":"xpath","value":"//*[@id=\"application-managepartners-display-component---NewPartner--addressNewCostObjectCstID-vhi\"]"}
COMMAND: POST /session/92c8a4308f789fc799e99033afc54cf4/element/f.65165B09D34A62F43149F94F00C74D12.d.A279B7D7EB325F2663F806C0D1972ED2.e.3602/click - {}
RESULT: {}
COMMAND: GET /session/92c8a4308f789fc799e99033afc54cf4/screenshot - {}
RESULT: {}
COMMAND: POST /session/92c8a4308f789fc799e99033afc54cf4/execute/async - {"script":"<script> [1562 bytes]","args":[{"selector":{"controlType":"sap.m.SearchField","properties":{"placeholder":"Search"},"searchOpenDialogs":true,"interaction":{"idSuffix":"I"}},"wdio_ui5_key":"sapm.SearchField{\"placeholder\":\"Search\"}"}]}
RESULT: {"script":"<script> [1562 bytes]","args":[{"selector":{"controlType":"sap.m.SearchField","properties":{"placeholder":"Search"},"searchOpenDialogs":true,"interaction":{"idSuffix":"I"}},"wdio_ui5_key":"sapm.SearchField{\"placeholder\":\"Search\"}"}]}
RESULT: undefined
COMMAND: POST /session/92c8a4308f789fc799e99033afc54cf4/execute/async - {"script":"<script> [776 bytes]","args":[{"enterText":"10001013","selector":{"controlType":"sap.m.SearchField","properties":{"placeholder":"Search"},"searchOpenDialogs":true,"interaction":{"idSuffix":"I"}},"clearTextFirst":true,"interactionType":"ENTER_TEXT"}]}
RESULT: {"script":"<script> [776 bytes]","args":[{"enterText":"10001013","selector":{"controlType":"sap.m.SearchField","properties":{"placeholder":"Search"},"searchOpenDialogs":true,"interaction":{"idSuffix":"I"}},"clearTextFirst":true,"interactionType":"ENTER_TEXT"}]}
COMMAND: POST /session/92c8a4308f789fc799e99033afc54cf4/actions - {"actions":[{"id":"action11","type":"key","parameters":{},"actions":[{"type":"keyDown","value":"î€‡"},{"type":"pause","duration":10},{"type":"keyUp","value":"î€‡"}]}]}
RESULT: {"actions":[{"id":"action11","type":"key","parameters":{},"actions":[{"type":"keyDown","value":"î€‡"},{"type":"pause","duration":10},{"type":"keyUp","value":"î€‡"}]}]}
COMMAND: GET /session/92c8a4308f789fc799e99033afc54cf4/screenshot - {}
RESULT: {}
COMMAND: POST /session/92c8a4308f789fc799e99033afc54cf4/element - {"using":"xpath","value":"//span[contains(text(), \"General Management\")]"}
RESULT: {"using":"xpath","value":"//span[contains(text(), \"General Management\")]"}
COMMAND: POST /session/92c8a4308f789fc799e99033afc54cf4/element/f.65165B09D34A62F43149F94F00C74D12.d.A279B7D7EB325F2663F806C0D1972ED2.e.3640/click - {}
RESULT: {}
COMMAND: GET /session/92c8a4308f789fc799e99033afc54cf4/screenshot - {}
RESULT: {}
COMMAND: POST /session/92c8a4308f789fc799e99033afc54cf4/element - {"using":"xpath","value":"//bdi[contains(text(), \"OK\")]"}
RESULT: {"using":"xpath","value":"//bdi[contains(text(), \"OK\")]"}
COMMAND: POST /session/92c8a4308f789fc799e99033afc54cf4/element/f.65165B09D34A62F43149F94F00C74D12.d.A279B7D7EB325F2663F806C0D1972ED2.e.3641/click - {}
RESULT: {}
COMMAND: GET /session/92c8a4308f789fc799e99033afc54cf4/screenshot - {}
RESULT: {}
COMMAND: POST /session/92c8a4308f789fc799e99033afc54cf4/element - {"using":"xpath","value":"//input[@id=\"application-managepartners-display-component---NewPartner--companyCodeComboBox-inner\"]"}
RESULT: {"using":"xpath","value":"//input[@id=\"application-managepartners-display-component---NewPartner--companyCodeComboBox-inner\"]"}
COMMAND: POST /session/92c8a4308f789fc799e99033afc54cf4/element/f.65165B09D34A62F43149F94F00C74D12.d.A279B7D7EB325F2663F806C0D1972ED2.e.3436/clear - {}
RESULT: {}
COMMAND: POST /session/92c8a4308f789fc799e99033afc54cf4/element/f.65165B09D34A62F43149F94F00C74D12.d.A279B7D7EB325F2663F806C0D1972ED2.e.3436/value - {"text":"C002"}
COMMAND: GET /session/92c8a4308f789fc799e99033afc54cf4/screenshot - {}
RESULT: {"text":"C002"}
COMMAND: GET /session/92c8a4308f789fc799e99033afc54cf4/screenshot - {}
RESULT: {}
RESULT: {}
COMMAND: POST /session/92c8a4308f789fc799e99033afc54cf4/element - {"using":"xpath","value":"//span[contains(text(), \"C002\")]"}
RESULT: {"using":"xpath","value":"//span[contains(text(), \"C002\")]"}
COMMAND: POST /session/92c8a4308f789fc799e99033afc54cf4/element/f.65165B09D34A62F43149F94F00C74D12.d.A279B7D7EB325F2663F806C0D1972ED2.e.3647/click - {}
RESULT: {}
COMMAND: GET /session/92c8a4308f789fc799e99033afc54cf4/screenshot - {}
RESULT: {}
COMMAND: POST /session/92c8a4308f789fc799e99033afc54cf4/execute/async - {"script":"<script> [1562 bytes]","args":[{"selector":{"id":"application-managepartners-display-component---NewPartner--btnAddTableRow-img"},"wdio_ui5_key":"applicationmanagepartners-display-component---NewPartner--btnAddTableRow-img"}]}
RESULT: {"script":"<script> [1562 bytes]","args":[{"selector":{"id":"application-managepartners-display-component---NewPartner--btnAddTableRow-img"},"wdio_ui5_key":"applicationmanagepartners-display-component---NewPartner--btnAddTableRow-img"}]}
RESULT: undefined
COMMAND: POST /session/92c8a4308f789fc799e99033afc54cf4/element - {"using":"xpath","value":"//*[@id=\"application-managepartners-display-component---NewPartner--btnAddTableRow-img\"]"}
RESULT: {"using":"xpath","value":"//*[@id=\"application-managepartners-display-component---NewPartner--btnAddTableRow-img\"]"}
COMMAND: POST /session/92c8a4308f789fc799e99033afc54cf4/element/f.65165B09D34A62F43149F94F00C74D12.d.A279B7D7EB325F2663F806C0D1972ED2.e.3648/click - {}
RESULT: {}
COMMAND: GET /session/92c8a4308f789fc799e99033afc54cf4/screenshot - {}
RESULT: {}
COMMAND: POST /session/92c8a4308f789fc799e99033afc54cf4/element - {"using":"xpath","value":"//input[@id=\"application-managepartners-display-component---NewPartner--assignmentYard-application-managepartners-display-component---NewPartner--assignmentsTable-0-inner\"]"}
RESULT: {"using":"xpath","value":"//input[@id=\"application-managepartners-display-component---NewPartner--assignmentYard-application-managepartners-display-component---NewPartner--assignmentsTable-0-inner\"]"}
COMMAND: POST /session/92c8a4308f789fc799e99033afc54cf4/element/f.65165B09D34A62F43149F94F00C74D12.d.A279B7D7EB325F2663F806C0D1972ED2.e.3651/clear - {}
RESULT: {}
COMMAND: POST /session/92c8a4308f789fc799e99033afc54cf4/element/f.65165B09D34A62F43149F94F00C74D12.d.A279B7D7EB325F2663F806C0D1972ED2.e.3651/value - {"text":"484"}
COMMAND: GET /session/92c8a4308f789fc799e99033afc54cf4/screenshot - {}
RESULT: {"text":"484"}
COMMAND: GET /session/92c8a4308f789fc799e99033afc54cf4/screenshot - {}
RESULT: {}
RESULT: {}
COMMAND: POST /session/92c8a4308f789fc799e99033afc54cf4/element - {"using":"xpath","value":"//li[.//span[text()='484']]"}
RESULT: {"using":"xpath","value":"//li[.//span[text()='484']]"}
COMMAND: POST /session/92c8a4308f789fc799e99033afc54cf4/element/f.65165B09D34A62F43149F94F00C74D12.d.A279B7D7EB325F2663F806C0D1972ED2.e.3660/click - {}
RESULT: {}
COMMAND: GET /session/92c8a4308f789fc799e99033afc54cf4/screenshot - {}
RESULT: {}
COMMAND: POST /session/92c8a4308f789fc799e99033afc54cf4/actions - {"actions":[{"id":"action12","type":"key","parameters":{},"actions":[{"type":"keyDown","value":"î€‡"},{"type":"pause","duration":10},{"type":"keyUp","value":"î€‡"}]}]}
RESULT: {"actions":[{"id":"action12","type":"key","parameters":{},"actions":[{"type":"keyDown","value":"î€‡"},{"type":"pause","duration":10},{"type":"keyUp","value":"î€‡"}]}]}
COMMAND: POST /session/92c8a4308f789fc799e99033afc54cf4/execute/async - {"script":"<script> [1562 bytes]","args":[{"selector":{"id":"application-managepartners-display-component---NewPartner--externalCustomerComboBox-application-managepartners-display-component---NewPartner--assignmentsTable-0-vhi"},"wdio_ui5_key":"applicationmanagepartners-display-component---NewPartner--externalCustomerComboBox-application-managepartners-display-component---NewPartner--assignmentsTable-0-vhi"}]}
COMMAND: GET /session/92c8a4308f789fc799e99033afc54cf4/screenshot - {}
RESULT: {"script":"<script> [1562 bytes]","args":[{"selector":{"id":"application-managepartners-display-component---NewPartner--externalCustomerComboBox-application-managepartners-display-component---NewPartner--assignmentsTable-0-vhi"},"wdio_ui5_key":"applicationmanagepartners-display-component---NewPartner--externalCustomerComboBox-application-managepartners-display-component---NewPartner--assignmentsTable-0-vhi"}]}
RESULT: undefined
COMMAND: POST /session/92c8a4308f789fc799e99033afc54cf4/element - {"using":"xpath","value":"//*[@id=\"application-managepartners-display-component---NewPartner--externalCustomerComboBox-application-managepartners-display-component---NewPartner--assignmentsTable-0-vhi\"]"}
RESULT: {}
RESULT: {"using":"xpath","value":"//*[@id=\"application-managepartners-display-component---NewPartner--externalCustomerComboBox-application-managepartners-display-component---NewPartner--assignmentsTable-0-vhi\"]"}
COMMAND: POST /session/92c8a4308f789fc799e99033afc54cf4/element/f.65165B09D34A62F43149F94F00C74D12.d.A279B7D7EB325F2663F806C0D1972ED2.e.3664/click - {}
RESULT: {}
RESULT: undefined
COMMAND: POST /session/92c8a4308f789fc799e99033afc54cf4/execute/async - {"script":"<script> [776 bytes]","args":[{"enterText":"300003","selector":{"controlType":"sap.m.SearchField","properties":{"placeholder":"Search"},"searchOpenDialogs":true,"interaction":{"idSuffix":"I"}},"clearTextFirst":true,"interactionType":"ENTER_TEXT"}]}
COMMAND: GET /session/92c8a4308f789fc799e99033afc54cf4/screenshot - {}
RESULT: {"script":"<script> [776 bytes]","args":[{"enterText":"300003","selector":{"controlType":"sap.m.SearchField","properties":{"placeholder":"Search"},"searchOpenDialogs":true,"interaction":{"idSuffix":"I"}},"clearTextFirst":true,"interactionType":"ENTER_TEXT"}]}
COMMAND: POST /session/92c8a4308f789fc799e99033afc54cf4/actions - {"actions":[{"id":"action13","type":"key","parameters":{},"actions":[{"type":"keyDown","value":"î€‡"},{"type":"pause","duration":10},{"type":"keyUp","value":"î€‡"}]}]}
RESULT: {}
RESULT: {"actions":[{"id":"action13","type":"key","parameters":{},"actions":[{"type":"keyDown","value":"î€‡"},{"type":"pause","duration":10},{"type":"keyUp","value":"î€‡"}]}]}
COMMAND: GET /session/92c8a4308f789fc799e99033afc54cf4/screenshot - {}
RESULT: {}
COMMAND: POST /session/92c8a4308f789fc799e99033afc54cf4/element - {"using":"xpath","value":"//span[contains(text(), \"300003\")]"}
RESULT: {"using":"xpath","value":"//span[contains(text(), \"300003\")]"}
COMMAND: POST /session/92c8a4308f789fc799e99033afc54cf4/element/f.65165B09D34A62F43149F94F00C74D12.d.A279B7D7EB325F2663F806C0D1972ED2.e.3683/click - {}
RESULT: {}
COMMAND: GET /session/92c8a4308f789fc799e99033afc54cf4/screenshot - {}
RESULT: {}
COMMAND: POST /session/92c8a4308f789fc799e99033afc54cf4/element - {"using":"xpath","value":"//bdi[contains(text(), \"OK\")]"}
RESULT: {"using":"xpath","value":"//bdi[contains(text(), \"OK\")]"}
COMMAND: POST /session/92c8a4308f789fc799e99033afc54cf4/element/f.65165B09D34A62F43149F94F00C74D12.d.A279B7D7EB325F2663F806C0D1972ED2.e.3685/click - {}
RESULT: {}
COMMAND: GET /session/92c8a4308f789fc799e99033afc54cf4/screenshot - {}
RESULT: {}
COMMAND: POST /session/92c8a4308f789fc799e99033afc54cf4/execute/async - {"script":"<script> [1562 bytes]","args":[{"selector":{"id":"application-managepartners-display-component---NewPartner--intercompVendorComboBox-application-managepartners-display-component---NewPartner--assignmentsTable-0-vhi"},"wdio_ui5_key":"applicationmanagepartners-display-component---NewPartner--intercompVendorComboBox-application-managepartners-display-component---NewPartner--assignmentsTable-0-vhi"}]}
RESULT: {"script":"<script> [1562 bytes]","args":[{"selector":{"id":"application-managepartners-display-component---NewPartner--intercompVendorComboBox-application-managepartners-display-component---NewPartner--assignmentsTable-0-vhi"},"wdio_ui5_key":"applicationmanagepartners-display-component---NewPartner--intercompVendorComboBox-application-managepartners-display-component---NewPartner--assignmentsTable-0-vhi"}]}
RESULT: undefined
COMMAND: POST /session/92c8a4308f789fc799e99033afc54cf4/element - {"using":"xpath","value":"//*[@id=\"application-managepartners-display-component---NewPartner--intercompVendorComboBox-application-managepartners-display-component---NewPartner--assignmentsTable-0-vhi\"]"}
RESULT: {"using":"xpath","value":"//*[@id=\"application-managepartners-display-component---NewPartner--intercompVendorComboBox-application-managepartners-display-component---NewPartner--assignmentsTable-0-vhi\"]"}
COMMAND: POST /session/92c8a4308f789fc799e99033afc54cf4/element/f.65165B09D34A62F43149F94F00C74D12.d.A279B7D7EB325F2663F806C0D1972ED2.e.3688/click - {}
RESULT: {}
RESULT: undefined
COMMAND: POST /session/92c8a4308f789fc799e99033afc54cf4/execute/async - {"script":"<script> [776 bytes]","args":[{"enterText":"100005","selector":{"controlType":"sap.m.SearchField","properties":{"placeholder":"Search"},"searchOpenDialogs":true,"interaction":{"idSuffix":"I"}},"clearTextFirst":true,"interactionType":"ENTER_TEXT"}]}
COMMAND: GET /session/92c8a4308f789fc799e99033afc54cf4/screenshot - {}
RESULT: {"script":"<script> [776 bytes]","args":[{"enterText":"100005","selector":{"controlType":"sap.m.SearchField","properties":{"placeholder":"Search"},"searchOpenDialogs":true,"interaction":{"idSuffix":"I"}},"clearTextFirst":true,"interactionType":"ENTER_TEXT"}]}
COMMAND: POST /session/92c8a4308f789fc799e99033afc54cf4/actions - {"actions":[{"id":"action14","type":"key","parameters":{},"actions":[{"type":"keyDown","value":"î€‡"},{"type":"pause","duration":10},{"type":"keyUp","value":"î€‡"}]}]}
RESULT: {}
RESULT: {"actions":[{"id":"action14","type":"key","parameters":{},"actions":[{"type":"keyDown","value":"î€‡"},{"type":"pause","duration":10},{"type":"keyUp","value":"î€‡"}]}]}
COMMAND: GET /session/92c8a4308f789fc799e99033afc54cf4/screenshot - {}
RESULT: {}
COMMAND: POST /session/92c8a4308f789fc799e99033afc54cf4/element - {"using":"xpath","value":"//span[contains(text(), \"Penguins - Field/12345 Berlin\")]"}
RESULT: {"using":"xpath","value":"//span[contains(text(), \"Penguins - Field/12345 Berlin\")]"}
COMMAND: POST /session/92c8a4308f789fc799e99033afc54cf4/element/f.65165B09D34A62F43149F94F00C74D12.d.A279B7D7EB325F2663F806C0D1972ED2.e.3707/click - {}
RESULT: {}
COMMAND: GET /session/92c8a4308f789fc799e99033afc54cf4/screenshot - {}
RESULT: {}
COMMAND: POST /session/92c8a4308f789fc799e99033afc54cf4/element - {"using":"xpath","value":"//bdi[contains(text(), \"OK\")]"}
RESULT: {"using":"xpath","value":"//bdi[contains(text(), \"OK\")]"}
COMMAND: POST /session/92c8a4308f789fc799e99033afc54cf4/element/f.65165B09D34A62F43149F94F00C74D12.d.A279B7D7EB325F2663F806C0D1972ED2.e.3708/click - {}
RESULT: {}
COMMAND: GET /session/92c8a4308f789fc799e99033afc54cf4/screenshot - {}
RESULT: {}
COMMAND: POST /session/92c8a4308f789fc799e99033afc54cf4/element - {"using":"xpath","value":"//button[@data-kt=\"saveButton\"]"}
RESULT: {"using":"xpath","value":"//button[@data-kt=\"saveButton\"]"}
COMMAND: POST /session/92c8a4308f789fc799e99033afc54cf4/element/f.65165B09D34A62F43149F94F00C74D12.d.A279B7D7EB325F2663F806C0D1972ED2.e.3512/click - {}
RESULT: {}
COMMAND: GET /session/92c8a4308f789fc799e99033afc54cf4/screenshot - {}
RESULT: {}
COMMAND: POST /session/92c8a4308f789fc799e99033afc54cf4/element - {"using":"xpath","value":"//header[contains(@id, 'ObjectPageLayout-headerTitle')]/div[1]/div[2]/div[2]/span[1]"}
RESULT: {"using":"xpath","value":"//header[contains(@id, 'ObjectPageLayout-headerTitle')]/div[1]/div[2]/div[2]/span[1]"}
COMMAND: POST /session/92c8a4308f789fc799e99033afc54cf4/elements - {"using":"xpath","value":"//header[contains(@id, 'ObjectPageLayout-headerTitle')]/div[1]/div[2]/div[2]/span[1]"}
RESULT: {"using":"xpath","value":"//header[contains(@id, 'ObjectPageLayout-headerTitle')]/div[1]/div[2]/div[2]/span[1]"}
COMMAND: POST /session/92c8a4308f789fc799e99033afc54cf4/execute/sync - {"script":"<script> [56 bytes]","args":[{"element-6066-11e4-a52e-4f735466cecf":"f.65165B09D34A62F43149F94F00C74D12.d.A279B7D7EB325F2663F806C0D1972ED2.e.3871","ELEMENT":"f.65165B09D34A62F43149F94F00C74D12.d.A279B7D7EB325F2663F806C0D1972ED2.e.3871"}]}
RESULT: {"script":"<script> [56 bytes]","args":[{"element-6066-11e4-a52e-4f735466cecf":"f.65165B09D34A62F43149F94F00C74D12.d.A279B7D7EB325F2663F806C0D1972ED2.e.3871","ELEMENT":"f.65165B09D34A62F43149F94F00C74D12.d.A279B7D7EB325F2663F806C0D1972ED2.e.3871"}]}
COMMAND: POST /session/92c8a4308f789fc799e99033afc54cf4/element - {"using":"css selector","value":"#shell-header-logo"}
COMMAND: GET /session/92c8a4308f789fc799e99033afc54cf4/screenshot - {}
RESULT: {"using":"css selector","value":"#shell-header-logo"}
COMMAND: POST /session/92c8a4308f789fc799e99033afc54cf4/element/f.65165B09D34A62F43149F94F00C74D12.d.A279B7D7EB325F2663F806C0D1972ED2.e.3090/click - {}
RESULT: {}
RESULT: {}
COMMAND: GET /session/92c8a4308f789fc799e99033afc54cf4/screenshot - {}
RESULT: {}
COMMAND: POST /session/92c8a4308f789fc799e99033afc54cf4/execute/sync - {"script":"<script> [299 bytes]","args":[["getModel","getResource"]]}
RESULT: {"script":"<script> [299 bytes]","args":[["getModel","getResource"]]}
]]></system-out>
    </testcase>
    <testcase classname="chrome.135_0_7049_96.windows.Edit_and_delete_daily_price_US134629_US134627" name="Should create a new site used for following tests" time="140.751">
      <system-out><![CDATA[
COMMAND: POST /session/92c8a4308f789fc799e99033afc54cf4/execute/async - {"script":"<script> [1562 bytes]","args":[{"selector":{"controlType":"sap.m.TileContent","bindingPath":{"path":"","propertyPath":"/properties/info"},"ancestor":{"controlType":"sap.m.GenericTile","properties":{"header":"Manage Sites"}}},"wdio_ui5_key":"sapm.TileContent{\"path\":\"\",\"propertyPath\":\"/properties/info\"}{\"controlType\":\"sap.m.GenericTile\",\"properties\":{\"header\":\"Manage Sites\"}}"}]}
COMMAND: GET /session/92c8a4308f789fc799e99033afc54cf4/screenshot - {}
RESULT: {"script":"<script> [1562 bytes]","args":[{"selector":{"controlType":"sap.m.TileContent","bindingPath":{"path":"","propertyPath":"/properties/info"},"ancestor":{"controlType":"sap.m.GenericTile","properties":{"header":"Manage Sites"}}},"wdio_ui5_key":"sapm.TileContent{\"path\":\"\",\"propertyPath\":\"/properties/info\"}{\"controlType\":\"sap.m.GenericTile\",\"properties\":{\"header\":\"Manage Sites\"}}"}]}
RESULT: undefined
COMMAND: POST /session/92c8a4308f789fc799e99033afc54cf4/element - {"using":"xpath","value":"//*[@id=\"__xmlview7--numericTileContent\"]"}
RESULT: {}
RESULT: {"using":"xpath","value":"//*[@id=\"__xmlview7--numericTileContent\"]"}
COMMAND: POST /session/92c8a4308f789fc799e99033afc54cf4/element/f.65165B09D34A62F43149F94F00C74D12.d.A279B7D7EB325F2663F806C0D1972ED2.e.3873/click - {}
RESULT: {}
COMMAND: POST /session/92c8a4308f789fc799e99033afc54cf4/element - {"using":"xpath","value":"//button[@data-kt=\"addOverflowToolbarButton\"]"}
COMMAND: GET /session/92c8a4308f789fc799e99033afc54cf4/screenshot - {}
RESULT: {"using":"xpath","value":"//button[@data-kt=\"addOverflowToolbarButton\"]"}
COMMAND: POST /session/92c8a4308f789fc799e99033afc54cf4/elements - {"using":"xpath","value":"//button[@data-kt=\"addOverflowToolbarButton\"]"}
RESULT: {}
RESULT: {"using":"xpath","value":"//button[@data-kt=\"addOverflowToolbarButton\"]"}
COMMAND: POST /session/92c8a4308f789fc799e99033afc54cf4/elements - {"using":"xpath","value":"//button[@data-kt=\"addOverflowToolbarButton\"]"}
RESULT: {"using":"xpath","value":"//button[@data-kt=\"addOverflowToolbarButton\"]"}
COMMAND: POST /session/92c8a4308f789fc799e99033afc54cf4/elements - {"using":"xpath","value":"//button[@data-kt=\"addOverflowToolbarButton\"]"}
RESULT: {"using":"xpath","value":"//button[@data-kt=\"addOverflowToolbarButton\"]"}
COMMAND: POST /session/92c8a4308f789fc799e99033afc54cf4/element - {"using":"xpath","value":"//button[@data-kt=\"addOverflowToolbarButton\"]"}
RESULT: {"using":"xpath","value":"//button[@data-kt=\"addOverflowToolbarButton\"]"}
COMMAND: POST /session/92c8a4308f789fc799e99033afc54cf4/execute/sync - {"script":"<script> [8489 bytes]","args":[{"element-6066-11e4-a52e-4f735466cecf":"f.65165B09D34A62F43149F94F00C74D12.d.A279B7D7EB325F2663F806C0D1972ED2.e.3919","ELEMENT":"f.65165B09D34A62F43149F94F00C74D12.d.A279B7D7EB325F2663F806C0D1972ED2.e.3919"}]}
RESULT: {"script":"<script> [8489 bytes]","args":[{"element-6066-11e4-a52e-4f735466cecf":"f.65165B09D34A62F43149F94F00C74D12.d.A279B7D7EB325F2663F806C0D1972ED2.e.3919","ELEMENT":"f.65165B09D34A62F43149F94F00C74D12.d.A279B7D7EB325F2663F806C0D1972ED2.e.3919"}]}
COMMAND: GET /session/92c8a4308f789fc799e99033afc54cf4/element/f.65165B09D34A62F43149F94F00C74D12.d.A279B7D7EB325F2663F806C0D1972ED2.e.3919/enabled - {}
COMMAND: GET /session/92c8a4308f789fc799e99033afc54cf4/screenshot - {}
RESULT: {}
COMMAND: POST /session/92c8a4308f789fc799e99033afc54cf4/execute/sync - {"script":"<script> [8489 bytes]","args":[{"element-6066-11e4-a52e-4f735466cecf":"f.65165B09D34A62F43149F94F00C74D12.d.A279B7D7EB325F2663F806C0D1972ED2.e.3919","ELEMENT":"f.65165B09D34A62F43149F94F00C74D12.d.A279B7D7EB325F2663F806C0D1972ED2.e.3919"}]}
COMMAND: GET /session/92c8a4308f789fc799e99033afc54cf4/screenshot - {}
RESULT: {}
RESULT: {"script":"<script> [8489 bytes]","args":[{"element-6066-11e4-a52e-4f735466cecf":"f.65165B09D34A62F43149F94F00C74D12.d.A279B7D7EB325F2663F806C0D1972ED2.e.3919","ELEMENT":"f.65165B09D34A62F43149F94F00C74D12.d.A279B7D7EB325F2663F806C0D1972ED2.e.3919"}]}
COMMAND: POST /session/92c8a4308f789fc799e99033afc54cf4/execute/sync - {"script":"<script> [5351 bytes]","args":[{"element-6066-11e4-a52e-4f735466cecf":"f.65165B09D34A62F43149F94F00C74D12.d.A279B7D7EB325F2663F806C0D1972ED2.e.3919","ELEMENT":"f.65165B09D34A62F43149F94F00C74D12.d.A279B7D7EB325F2663F806C0D1972ED2.e.3919"}]}
COMMAND: GET /session/92c8a4308f789fc799e99033afc54cf4/screenshot - {}
RESULT: {}
RESULT: {"script":"<script> [5351 bytes]","args":[{"element-6066-11e4-a52e-4f735466cecf":"f.65165B09D34A62F43149F94F00C74D12.d.A279B7D7EB325F2663F806C0D1972ED2.e.3919","ELEMENT":"f.65165B09D34A62F43149F94F00C74D12.d.A279B7D7EB325F2663F806C0D1972ED2.e.3919"}]}
COMMAND: POST /session/92c8a4308f789fc799e99033afc54cf4/element/f.65165B09D34A62F43149F94F00C74D12.d.A279B7D7EB325F2663F806C0D1972ED2.e.3919/click - {}
COMMAND: GET /session/92c8a4308f789fc799e99033afc54cf4/screenshot - {}
RESULT: {}
RESULT: {}
COMMAND: GET /session/92c8a4308f789fc799e99033afc54cf4/screenshot - {}
RESULT: {}
COMMAND: POST /session/92c8a4308f789fc799e99033afc54cf4/execute/async - {"script":"<script> [1562 bytes]","args":[{"selector":{"id":"application-managesites-display-component---NewSite--addressDetailDetailsName1","interaction":{"idSuffix":"inner"}},"wdio_ui5_key":"applicationmanagesites-display-component---NewSite--addressDetailDetailsName1"}]}
RESULT: {}
RESULT: {"script":"<script> [1562 bytes]","args":[{"selector":{"id":"application-managesites-display-component---NewSite--addressDetailDetailsName1","interaction":{"idSuffix":"inner"}},"wdio_ui5_key":"applicationmanagesites-display-component---NewSite--addressDetailDetailsName1"}]}
RESULT: undefined
COMMAND: POST /session/92c8a4308f789fc799e99033afc54cf4/execute/async - {"script":"<script> [776 bytes]","args":[{"enterText":"DailyPrice WDIO","selector":{"id":"application-managesites-display-component---NewSite--addressDetailDetailsName1","interaction":{"idSuffix":"inner"}},"clearTextFirst":true,"interactionType":"ENTER_TEXT"}]}
RESULT: {"script":"<script> [776 bytes]","args":[{"enterText":"DailyPrice WDIO","selector":{"id":"application-managesites-display-component---NewSite--addressDetailDetailsName1","interaction":{"idSuffix":"inner"}},"clearTextFirst":true,"interactionType":"ENTER_TEXT"}]}
COMMAND: POST /session/92c8a4308f789fc799e99033afc54cf4/execute/async - {"script":"<script> [1562 bytes]","args":[{"selector":{"id":"application-managesites-display-component---NewSite--addressDetailDetailsLanguage-arrow"},"wdio_ui5_key":"applicationmanagesites-display-component---NewSite--addressDetailDetailsLanguage-arrow"}]}
RESULT: {"script":"<script> [1562 bytes]","args":[{"selector":{"id":"application-managesites-display-component---NewSite--addressDetailDetailsLanguage-arrow"},"wdio_ui5_key":"applicationmanagesites-display-component---NewSite--addressDetailDetailsLanguage-arrow"}]}
RESULT: undefined
COMMAND: POST /session/92c8a4308f789fc799e99033afc54cf4/element - {"using":"xpath","value":"//*[@id=\"application-managesites-display-component---NewSite--addressDetailDetailsLanguage-arrow\"]"}
RESULT: {"using":"xpath","value":"//*[@id=\"application-managesites-display-component---NewSite--addressDetailDetailsLanguage-arrow\"]"}
COMMAND: POST /session/92c8a4308f789fc799e99033afc54cf4/element/f.65165B09D34A62F43149F94F00C74D12.d.A279B7D7EB325F2663F806C0D1972ED2.e.4547/click - {}
RESULT: {}
COMMAND: POST /session/92c8a4308f789fc799e99033afc54cf4/element - {"using":"xpath","value":"//span[contains(text(), \"English\")]"}
COMMAND: GET /session/92c8a4308f789fc799e99033afc54cf4/screenshot - {}
RESULT: {"using":"xpath","value":"//span[contains(text(), \"English\")]"}
COMMAND: POST /session/92c8a4308f789fc799e99033afc54cf4/element/f.65165B09D34A62F43149F94F00C74D12.d.A279B7D7EB325F2663F806C0D1972ED2.e.4548/click - {}
RESULT: {}
RESULT: {}
COMMAND: POST /session/92c8a4308f789fc799e99033afc54cf4/execute/async - {"script":"<script> [1562 bytes]","args":[{"selector":{"id":"application-managesites-display-component---NewSite--addressDetailDetailsCity1","interaction":{"idSuffix":"inner"}},"wdio_ui5_key":"applicationmanagesites-display-component---NewSite--addressDetailDetailsCity1"}]}
COMMAND: GET /session/92c8a4308f789fc799e99033afc54cf4/screenshot - {}
RESULT: {"script":"<script> [1562 bytes]","args":[{"selector":{"id":"application-managesites-display-component---NewSite--addressDetailDetailsCity1","interaction":{"idSuffix":"inner"}},"wdio_ui5_key":"applicationmanagesites-display-component---NewSite--addressDetailDetailsCity1"}]}
RESULT: undefined
COMMAND: POST /session/92c8a4308f789fc799e99033afc54cf4/execute/async - {"script":"<script> [776 bytes]","args":[{"enterText":"Rosario","selector":{"id":"application-managesites-display-component---NewSite--addressDetailDetailsCity1","interaction":{"idSuffix":"inner"}},"clearTextFirst":true,"interactionType":"ENTER_TEXT"}]}
RESULT: {}
RESULT: {"script":"<script> [776 bytes]","args":[{"enterText":"Rosario","selector":{"id":"application-managesites-display-component---NewSite--addressDetailDetailsCity1","interaction":{"idSuffix":"inner"}},"clearTextFirst":true,"interactionType":"ENTER_TEXT"}]}
COMMAND: POST /session/92c8a4308f789fc799e99033afc54cf4/execute/async - {"script":"<script> [1562 bytes]","args":[{"selector":{"id":"application-managesites-display-component---NewSite--addressDetailDetailsCountry-arrow"},"wdio_ui5_key":"applicationmanagesites-display-component---NewSite--addressDetailDetailsCountry-arrow"}]}
RESULT: {"script":"<script> [1562 bytes]","args":[{"selector":{"id":"application-managesites-display-component---NewSite--addressDetailDetailsCountry-arrow"},"wdio_ui5_key":"applicationmanagesites-display-component---NewSite--addressDetailDetailsCountry-arrow"}]}
RESULT: undefined
COMMAND: POST /session/92c8a4308f789fc799e99033afc54cf4/element - {"using":"xpath","value":"//*[@id=\"application-managesites-display-component---NewSite--addressDetailDetailsCountry-arrow\"]"}
RESULT: {"using":"xpath","value":"//*[@id=\"application-managesites-display-component---NewSite--addressDetailDetailsCountry-arrow\"]"}
COMMAND: POST /session/92c8a4308f789fc799e99033afc54cf4/element/f.65165B09D34A62F43149F94F00C74D12.d.A279B7D7EB325F2663F806C0D1972ED2.e.4550/click - {}
RESULT: {}
COMMAND: POST /session/92c8a4308f789fc799e99033afc54cf4/element - {"using":"xpath","value":"//span[contains(text(), \"Argentina\")]"}
COMMAND: GET /session/92c8a4308f789fc799e99033afc54cf4/screenshot - {}
RESULT: {"using":"xpath","value":"//span[contains(text(), \"Argentina\")]"}
COMMAND: POST /session/92c8a4308f789fc799e99033afc54cf4/element/f.65165B09D34A62F43149F94F00C74D12.d.A279B7D7EB325F2663F806C0D1972ED2.e.4551/click - {}
RESULT: {}
RESULT: {}
COMMAND: GET /session/92c8a4308f789fc799e99033afc54cf4/screenshot - {}
RESULT: {}
COMMAND: POST /session/92c8a4308f789fc799e99033afc54cf4/execute/async - {"script":"<script> [1562 bytes]","args":[{"selector":{"id":"application-managesites-display-component---NewSite--addressEditDetailsCostObjectCstType-arrow"},"wdio_ui5_key":"applicationmanagesites-display-component---NewSite--addressEditDetailsCostObjectCstType-arrow"}]}
RESULT: {"script":"<script> [1562 bytes]","args":[{"selector":{"id":"application-managesites-display-component---NewSite--addressEditDetailsCostObjectCstType-arrow"},"wdio_ui5_key":"applicationmanagesites-display-component---NewSite--addressEditDetailsCostObjectCstType-arrow"}]}
RESULT: undefined
COMMAND: POST /session/92c8a4308f789fc799e99033afc54cf4/element - {"using":"xpath","value":"//*[@id=\"application-managesites-display-component---NewSite--addressEditDetailsCostObjectCstType-arrow\"]"}
RESULT: {"using":"xpath","value":"//*[@id=\"application-managesites-display-component---NewSite--addressEditDetailsCostObjectCstType-arrow\"]"}
COMMAND: POST /session/92c8a4308f789fc799e99033afc54cf4/element/f.65165B09D34A62F43149F94F00C74D12.d.A279B7D7EB325F2663F806C0D1972ED2.e.4553/click - {}
RESULT: {}
COMMAND: POST /session/92c8a4308f789fc799e99033afc54cf4/element - {"using":"xpath","value":"//span[contains(text(), \"Cost Center\")]"}
COMMAND: GET /session/92c8a4308f789fc799e99033afc54cf4/screenshot - {}
RESULT: {"using":"xpath","value":"//span[contains(text(), \"Cost Center\")]"}
COMMAND: POST /session/92c8a4308f789fc799e99033afc54cf4/element/f.65165B09D34A62F43149F94F00C74D12.d.A279B7D7EB325F2663F806C0D1972ED2.e.4554/click - {}
RESULT: {}
RESULT: {}
COMMAND: GET /session/92c8a4308f789fc799e99033afc54cf4/screenshot - {}
RESULT: {}
COMMAND: POST /session/92c8a4308f789fc799e99033afc54cf4/element - {"using":"xpath","value":"//span[@id=\"application-managesites-display-component---NewSite--addressNewCostObjectCstID-vhi\"]"}
RESULT: {"using":"xpath","value":"//span[@id=\"application-managesites-display-component---NewSite--addressNewCostObjectCstID-vhi\"]"}
COMMAND: POST /session/92c8a4308f789fc799e99033afc54cf4/execute/sync - {"script":"<script> [8489 bytes]","args":[{"element-6066-11e4-a52e-4f735466cecf":"f.65165B09D34A62F43149F94F00C74D12.d.A279B7D7EB325F2663F806C0D1972ED2.e.4559","ELEMENT":"f.65165B09D34A62F43149F94F00C74D12.d.A279B7D7EB325F2663F806C0D1972ED2.e.4559"}]}
RESULT: {"script":"<script> [8489 bytes]","args":[{"element-6066-11e4-a52e-4f735466cecf":"f.65165B09D34A62F43149F94F00C74D12.d.A279B7D7EB325F2663F806C0D1972ED2.e.4559","ELEMENT":"f.65165B09D34A62F43149F94F00C74D12.d.A279B7D7EB325F2663F806C0D1972ED2.e.4559"}]}
COMMAND: POST /session/92c8a4308f789fc799e99033afc54cf4/execute/async - {"script":"<script> [1562 bytes]","args":[{"selector":{"id":"application-managesites-display-component---NewSite--addressNewCostObjectCstID-vhi"},"wdio_ui5_key":"applicationmanagesites-display-component---NewSite--addressNewCostObjectCstID-vhi"}]}
COMMAND: GET /session/92c8a4308f789fc799e99033afc54cf4/screenshot - {}
RESULT: {"script":"<script> [1562 bytes]","args":[{"selector":{"id":"application-managesites-display-component---NewSite--addressNewCostObjectCstID-vhi"},"wdio_ui5_key":"applicationmanagesites-display-component---NewSite--addressNewCostObjectCstID-vhi"}]}
RESULT: undefined
COMMAND: POST /session/92c8a4308f789fc799e99033afc54cf4/element - {"using":"xpath","value":"//*[@id=\"application-managesites-display-component---NewSite--addressNewCostObjectCstID-vhi\"]"}
RESULT: {}
RESULT: {"using":"xpath","value":"//*[@id=\"application-managesites-display-component---NewSite--addressNewCostObjectCstID-vhi\"]"}
COMMAND: POST /session/92c8a4308f789fc799e99033afc54cf4/element/f.65165B09D34A62F43149F94F00C74D12.d.A279B7D7EB325F2663F806C0D1972ED2.e.4559/click - {}
RESULT: {}
COMMAND: GET /session/92c8a4308f789fc799e99033afc54cf4/screenshot - {}
RESULT: {}
RESULT: undefined
COMMAND: POST /session/92c8a4308f789fc799e99033afc54cf4/execute/async - {"script":"<script> [776 bytes]","args":[{"enterText":"10001013","selector":{"controlType":"sap.m.SearchField","properties":{"placeholder":"Search"},"searchOpenDialogs":true,"interaction":{"idSuffix":"I"}},"clearTextFirst":true,"interactionType":"ENTER_TEXT"}]}
RESULT: {"script":"<script> [776 bytes]","args":[{"enterText":"10001013","selector":{"controlType":"sap.m.SearchField","properties":{"placeholder":"Search"},"searchOpenDialogs":true,"interaction":{"idSuffix":"I"}},"clearTextFirst":true,"interactionType":"ENTER_TEXT"}]}
COMMAND: POST /session/92c8a4308f789fc799e99033afc54cf4/actions - {"actions":[{"id":"action15","type":"key","parameters":{},"actions":[{"type":"keyDown","value":"î€‡"},{"type":"pause","duration":10},{"type":"keyUp","value":"î€‡"}]}]}
RESULT: {"actions":[{"id":"action15","type":"key","parameters":{},"actions":[{"type":"keyDown","value":"î€‡"},{"type":"pause","duration":10},{"type":"keyUp","value":"î€‡"}]}]}
COMMAND: GET /session/92c8a4308f789fc799e99033afc54cf4/screenshot - {}
RESULT: {}
COMMAND: POST /session/92c8a4308f789fc799e99033afc54cf4/element - {"using":"xpath","value":"//span[contains(text(), \"General Management\")]"}
RESULT: {"using":"xpath","value":"//span[contains(text(), \"General Management\")]"}
COMMAND: POST /session/92c8a4308f789fc799e99033afc54cf4/element/f.65165B09D34A62F43149F94F00C74D12.d.A279B7D7EB325F2663F806C0D1972ED2.e.4598/click - {}
RESULT: {}
COMMAND: GET /session/92c8a4308f789fc799e99033afc54cf4/screenshot - {}
RESULT: {}
COMMAND: POST /session/92c8a4308f789fc799e99033afc54cf4/element - {"using":"xpath","value":"//bdi[contains(text(), \"OK\")]"}
RESULT: {"using":"xpath","value":"//bdi[contains(text(), \"OK\")]"}
COMMAND: POST /session/92c8a4308f789fc799e99033afc54cf4/element/f.65165B09D34A62F43149F94F00C74D12.d.A279B7D7EB325F2663F806C0D1972ED2.e.4599/click - {}
RESULT: {}
COMMAND: GET /session/92c8a4308f789fc799e99033afc54cf4/screenshot - {}
RESULT: {}
COMMAND: POST /session/92c8a4308f789fc799e99033afc54cf4/element - {"using":"xpath","value":"//input[@id=\"application-managesites-display-component---NewSite--addressDetailDetailsCalendar-inner\"]"}
RESULT: {"using":"xpath","value":"//input[@id=\"application-managesites-display-component---NewSite--addressDetailDetailsCalendar-inner\"]"}
COMMAND: POST /session/92c8a4308f789fc799e99033afc54cf4/element/f.65165B09D34A62F43149F94F00C74D12.d.A279B7D7EB325F2663F806C0D1972ED2.e.4345/clear - {}
RESULT: {}
COMMAND: POST /session/92c8a4308f789fc799e99033afc54cf4/element/f.65165B09D34A62F43149F94F00C74D12.d.A279B7D7EB325F2663F806C0D1972ED2.e.4345/value - {"text":"Unit"}
COMMAND: GET /session/92c8a4308f789fc799e99033afc54cf4/screenshot - {}
RESULT: {"text":"Unit"}
COMMAND: GET /session/92c8a4308f789fc799e99033afc54cf4/screenshot - {}
RESULT: {}
RESULT: {}
COMMAND: POST /session/92c8a4308f789fc799e99033afc54cf4/actions - {"actions":[{"id":"action16","type":"key","parameters":{},"actions":[{"type":"keyDown","value":"î€‡"},{"type":"pause","duration":10},{"type":"keyUp","value":"î€‡"}]}]}
RESULT: {"actions":[{"id":"action16","type":"key","parameters":{},"actions":[{"type":"keyDown","value":"î€‡"},{"type":"pause","duration":10},{"type":"keyUp","value":"î€‡"}]}]}
COMMAND: POST /session/92c8a4308f789fc799e99033afc54cf4/element - {"using":"xpath","value":"//input[@id=\"application-managesites-display-component---NewSite--addressDetailDetailsYard-inner\"]"}
COMMAND: GET /session/92c8a4308f789fc799e99033afc54cf4/screenshot - {}
RESULT: {"using":"xpath","value":"//input[@id=\"application-managesites-display-component---NewSite--addressDetailDetailsYard-inner\"]"}
COMMAND: POST /session/92c8a4308f789fc799e99033afc54cf4/element/f.65165B09D34A62F43149F94F00C74D12.d.A279B7D7EB325F2663F806C0D1972ED2.e.4346/clear - {}
RESULT: {}
RESULT: {}
COMMAND: POST /session/92c8a4308f789fc799e99033afc54cf4/element/f.65165B09D34A62F43149F94F00C74D12.d.A279B7D7EB325F2663F806C0D1972ED2.e.4346/value - {"text":"484"}
COMMAND: GET /session/92c8a4308f789fc799e99033afc54cf4/screenshot - {}
RESULT: {"text":"484"}
COMMAND: GET /session/92c8a4308f789fc799e99033afc54cf4/screenshot - {}
RESULT: {}
RESULT: {}
COMMAND: POST /session/92c8a4308f789fc799e99033afc54cf4/element - {"using":"xpath","value":"//li[.//span[text()='484']]"}
RESULT: {"using":"xpath","value":"//li[.//span[text()='484']]"}
COMMAND: POST /session/92c8a4308f789fc799e99033afc54cf4/element/f.65165B09D34A62F43149F94F00C74D12.d.A279B7D7EB325F2663F806C0D1972ED2.e.4607/click - {}
RESULT: {}
COMMAND: GET /session/92c8a4308f789fc799e99033afc54cf4/screenshot - {}
RESULT: {}
COMMAND: POST /session/92c8a4308f789fc799e99033afc54cf4/element - {"using":"xpath","value":"//input[@id=\"application-managesites-display-component---NewSite--addressDetailDetailsPartner-inner\"]"}
RESULT: {"using":"xpath","value":"//input[@id=\"application-managesites-display-component---NewSite--addressDetailDetailsPartner-inner\"]"}
COMMAND: POST /session/92c8a4308f789fc799e99033afc54cf4/element - {"using":"xpath","value":"//input[@id=\"application-managesites-display-component---NewSite--addressDetailDetailsPartner-inner\"]"}
RESULT: {"using":"xpath","value":"//input[@id=\"application-managesites-display-component---NewSite--addressDetailDetailsPartner-inner\"]"}
COMMAND: POST /session/92c8a4308f789fc799e99033afc54cf4/element - {"using":"xpath","value":"//button[@data-kt=\"saveButton\"]"}
RESULT: {"using":"xpath","value":"//button[@data-kt=\"saveButton\"]"}
COMMAND: POST /session/92c8a4308f789fc799e99033afc54cf4/element/f.65165B09D34A62F43149F94F00C74D12.d.A279B7D7EB325F2663F806C0D1972ED2.e.4528/click - {}
RESULT: {}
COMMAND: GET /session/92c8a4308f789fc799e99033afc54cf4/screenshot - {}
RESULT: {}
COMMAND: POST /session/92c8a4308f789fc799e99033afc54cf4/element - {"using":"xpath","value":"//header[contains(@id, 'ObjectPageLayout-headerTitle')]/div[1]/div[2]/div[2]/span[1]"}
RESULT: {"using":"xpath","value":"//header[contains(@id, 'ObjectPageLayout-headerTitle')]/div[1]/div[2]/div[2]/span[1]"}
COMMAND: POST /session/92c8a4308f789fc799e99033afc54cf4/elements - {"using":"xpath","value":"//header[contains(@id, 'ObjectPageLayout-headerTitle')]/div[1]/div[2]/div[2]/span[1]"}
RESULT: {"using":"xpath","value":"//header[contains(@id, 'ObjectPageLayout-headerTitle')]/div[1]/div[2]/div[2]/span[1]"}
COMMAND: POST /session/92c8a4308f789fc799e99033afc54cf4/execute/sync - {"script":"<script> [56 bytes]","args":[{"element-6066-11e4-a52e-4f735466cecf":"f.65165B09D34A62F43149F94F00C74D12.d.A279B7D7EB325F2663F806C0D1972ED2.e.4811","ELEMENT":"f.65165B09D34A62F43149F94F00C74D12.d.A279B7D7EB325F2663F806C0D1972ED2.e.4811"}]}
RESULT: {"script":"<script> [56 bytes]","args":[{"element-6066-11e4-a52e-4f735466cecf":"f.65165B09D34A62F43149F94F00C74D12.d.A279B7D7EB325F2663F806C0D1972ED2.e.4811","ELEMENT":"f.65165B09D34A62F43149F94F00C74D12.d.A279B7D7EB325F2663F806C0D1972ED2.e.4811"}]}
COMMAND: POST /session/92c8a4308f789fc799e99033afc54cf4/element - {"using":"css selector","value":"#shell-header-logo"}
COMMAND: GET /session/92c8a4308f789fc799e99033afc54cf4/screenshot - {}
RESULT: {"using":"css selector","value":"#shell-header-logo"}
COMMAND: POST /session/92c8a4308f789fc799e99033afc54cf4/element/f.65165B09D34A62F43149F94F00C74D12.d.A279B7D7EB325F2663F806C0D1972ED2.e.3877/click - {}
RESULT: {}
RESULT: {}
COMMAND: GET /session/92c8a4308f789fc799e99033afc54cf4/screenshot - {}
RESULT: {}
COMMAND: POST /session/92c8a4308f789fc799e99033afc54cf4/execute/sync - {"script":"<script> [299 bytes]","args":[["getModel","getResource"]]}
RESULT: {"script":"<script> [299 bytes]","args":[["getModel","getResource"]]}
COMMAND: POST /session/92c8a4308f789fc799e99033afc54cf4/element - {"using":"xpath","value":"//button[.//bdi[contains(text(), \"Close\")]]"}
COMMAND: GET /session/92c8a4308f789fc799e99033afc54cf4/screenshot - {}
RESULT: {"using":"xpath","value":"//button[.//bdi[contains(text(), \"Close\")]]"}
COMMAND: POST /session/92c8a4308f789fc799e99033afc54cf4/element/f.65165B09D34A62F43149F94F00C74D12.d.A279B7D7EB325F2663F806C0D1972ED2.e.4813/click - {}
RESULT: {}
RESULT: {}
COMMAND: GET /session/92c8a4308f789fc799e99033afc54cf4/screenshot - {}
RESULT: {}
COMMAND: POST /session/92c8a4308f789fc799e99033afc54cf4/refresh - {}
RESULT: {}
COMMAND: GET /session/92c8a4308f789fc799e99033afc54cf4/screenshot - {}
RESULT: {}
COMMAND: POST /session/92c8a4308f789fc799e99033afc54cf4/refresh - {}
RESULT: {}
COMMAND: GET /session/92c8a4308f789fc799e99033afc54cf4/screenshot - {}
RESULT: {}
COMMAND: POST /session/92c8a4308f789fc799e99033afc54cf4/window/fullscreen - {}
RESULT: {}
COMMAND: POST /session/92c8a4308f789fc799e99033afc54cf4/execute/async - {"script":"<script> [189 bytes]","args":[]}
RESULT: {"script":"<script> [189 bytes]","args":[]}
COMMAND: POST /session/92c8a4308f789fc799e99033afc54cf4/execute/async - {"script":"<script> [123 bytes]","args":[]}
RESULT: {"script":"<script> [123 bytes]","args":[]}
COMMAND: POST /session/92c8a4308f789fc799e99033afc54cf4/timeouts - {"script":"<number>"}
RESULT: {"script":"<number>"}
COMMAND: GET /session/92c8a4308f789fc799e99033afc54cf4/timeouts - {}
RESULT: {}
RESULT: undefined
COMMAND: POST /session/92c8a4308f789fc799e99033afc54cf4/execute/async - {"script":"<script> [2676 bytes]","args":[]}
RESULT: {"script":"<script> [2676 bytes]","args":[]}
COMMAND: POST /session/92c8a4308f789fc799e99033afc54cf4/execute/async - {"script":"<script> [2342 bytes]","args":[{"protocol":"http","hostname":"0.0.0.0","path":"/","capabilities":{"browserName":"chrome","goog:chromeOptions":{"binary":"C:\\Program Files\\Google\\Chrome\\Application\\chrome.exe","args":["--start-maximized"]}},"logLevel":"warn","connectionRetryTimeout":120000,"connectionRetryCount":3,"logLevels":{},"enableDirectConnect":true,"strictSSL":true,"_":"65 more keys: [\"cacheDir\",\"port\",\"requestedCapabilities\",\"automationProtocol\",\"baseUrl\",\"waitforInterval\",\"waitforTimeout\",\"onReload\",\"beforeCommand\",\"afterCommand\",\"rootDir\",\"specs\",\"suites\",\"exclude\",\"groupLogsByTestSpec\",\"excludeDriverLogs\",\"bail\",\"framework\",\"reporters\",\"services\",\"maxInstances\",\"maxInstancesPerCapability\",\"injectGlobals\",\"filesToWatch\",\"execArgv\",\"runnerEnv\",\"runner\",\"shard\",\"specFileRetries\",\"specFileRetriesDelay\",\"specFileRetriesDeferred\",\"reporterSyncInterval\",\"reporterSyncTimeout\",\"cucumberFeaturesWithLineNumbers\",\"autoCompileOpts\",\"mochaOpts\",\"jasmineOpts\",\"cucumberOpts\",\"onPrepare\",\"onWorkerStart\",\"onWorkerEnd\",\"before\",\"beforeSession\",\"beforeSuite\",\"beforeHook\",\"beforeTest\",\"afterTest\",\"afterHook\",\"afterSuite\",\"afterSession\",\"after\",\"onComplete\",\"beforeAssertion\",\"afterAssertion\",\"beforeFeature\",\"beforeScenario\",\"beforeStep\",\"afterStep\",\"afterScenario\",\"afterFeature\",\"_\",\"suite\",\"$0\",\"ignoredWorkerServices\",\"wdi5\"]"}]}
RESULT: {"script":"<script> [2342 bytes]","args":[{"protocol":"http","hostname":"0.0.0.0","path":"/","capabilities":{"browserName":"chrome","goog:chromeOptions":{"binary":"C:\\Program Files\\Google\\Chrome\\Application\\chrome.exe","args":["--start-maximized"]}},"logLevel":"warn","connectionRetryTimeout":120000,"connectionRetryCount":3,"logLevels":{},"enableDirectConnect":true,"strictSSL":true,"_":"65 more keys: [\"cacheDir\",\"port\",\"requestedCapabilities\",\"automationProtocol\",\"baseUrl\",\"waitforInterval\",\"waitforTimeout\",\"onReload\",\"beforeCommand\",\"afterCommand\",\"rootDir\",\"specs\",\"suites\",\"exclude\",\"groupLogsByTestSpec\",\"excludeDriverLogs\",\"bail\",\"framework\",\"reporters\",\"services\",\"maxInstances\",\"maxInstancesPerCapability\",\"injectGlobals\",\"filesToWatch\",\"execArgv\",\"runnerEnv\",\"runner\",\"shard\",\"specFileRetries\",\"specFileRetriesDelay\",\"specFileRetriesDeferred\",\"reporterSyncInterval\",\"reporterSyncTimeout\",\"cucumberFeaturesWithLineNumbers\",\"autoCompileOpts\",\"mochaOpts\",\"jasmineOpts\",\"cucumberOpts\",\"onPrepare\",\"onWorkerStart\",\"onWorkerEnd\",\"before\",\"beforeSession\",\"beforeSuite\",\"beforeHook\",\"beforeTest\",\"afterTest\",\"afterHook\",\"afterSuite\",\"afterSession\",\"after\",\"onComplete\",\"beforeAssertion\",\"afterAssertion\",\"beforeFeature\",\"beforeScenario\",\"beforeStep\",\"afterStep\",\"afterScenario\",\"afterFeature\",\"_\",\"suite\",\"$0\",\"ignoredWorkerServices\",\"wdi5\"]"}]}
COMMAND: POST /session/92c8a4308f789fc799e99033afc54cf4/execute/async - {"script":"<script> [21126 bytes]","args":[35000]}
RESULT: {"script":"<script> [21126 bytes]","args":[35000]}
COMMAND: POST /session/92c8a4308f789fc799e99033afc54cf4/window/fullscreen - {}
RESULT: {}
]]></system-out>
    </testcase>
    <testcase classname="chrome.135_0_7049_96.windows.Edit_and_delete_daily_price_US134629_US134627" name="Should go to Manage Conditions Daily Price and add the 2 rows one with yard site and one with yard" time="63.599">
      <system-out><![CDATA[
COMMAND: POST /session/92c8a4308f789fc799e99033afc54cf4/window/fullscreen - {}
RESULT: {}
COMMAND: POST /session/92c8a4308f789fc799e99033afc54cf4/execute/async - {"script":"<script> [1562 bytes]","args":[{"selector":{"controlType":"sap.m.GenericTile","properties":{"header":"Manage Conditions & Prices"}},"wdio_ui5_key":"sapm.GenericTile{\"header\":\"Manage Conditions & Prices\"}"}]}
RESULT: {"script":"<script> [1562 bytes]","args":[{"selector":{"controlType":"sap.m.GenericTile","properties":{"header":"Manage Conditions & Prices"}},"wdio_ui5_key":"sapm.GenericTile{\"header\":\"Manage Conditions & Prices\"}"}]}
RESULT: undefined
COMMAND: POST /session/92c8a4308f789fc799e99033afc54cf4/element - {"using":"xpath","value":"//*[@id=\"__tile93\"]"}
RESULT: {"using":"xpath","value":"//*[@id=\"__tile93\"]"}
COMMAND: POST /session/92c8a4308f789fc799e99033afc54cf4/element/f.65165B09D34A62F43149F94F00C74D12.d.F4F6E13D52987E307FBE72C083401B9E.e.4947/click - {}
RESULT: {}
COMMAND: POST /session/92c8a4308f789fc799e99033afc54cf4/element - {"using":"xpath","value":"//button[@aria-label=\"Create\"]"}
COMMAND: GET /session/92c8a4308f789fc799e99033afc54cf4/screenshot - {}
RESULT: {"using":"xpath","value":"//button[@aria-label=\"Create\"]"}
COMMAND: POST /session/92c8a4308f789fc799e99033afc54cf4/elements - {"using":"xpath","value":"//button[@aria-label=\"Create\"]"}
RESULT: {}
RESULT: {"using":"xpath","value":"//button[@aria-label=\"Create\"]"}
COMMAND: POST /session/92c8a4308f789fc799e99033afc54cf4/elements - {"using":"xpath","value":"//button[@aria-label=\"Create\"]"}
RESULT: {"using":"xpath","value":"//button[@aria-label=\"Create\"]"}
COMMAND: POST /session/92c8a4308f789fc799e99033afc54cf4/elements - {"using":"xpath","value":"//button[@aria-label=\"Create\"]"}
RESULT: {"using":"xpath","value":"//button[@aria-label=\"Create\"]"}
COMMAND: POST /session/92c8a4308f789fc799e99033afc54cf4/elements - {"using":"xpath","value":"//button[@aria-label=\"Create\"]"}
RESULT: {"using":"xpath","value":"//button[@aria-label=\"Create\"]"}
COMMAND: POST /session/92c8a4308f789fc799e99033afc54cf4/elements - {"using":"xpath","value":"//button[@aria-label=\"Create\"]"}
RESULT: {"using":"xpath","value":"//button[@aria-label=\"Create\"]"}
COMMAND: POST /session/92c8a4308f789fc799e99033afc54cf4/elements - {"using":"xpath","value":"//button[@aria-label=\"Create\"]"}
RESULT: {"using":"xpath","value":"//button[@aria-label=\"Create\"]"}
COMMAND: POST /session/92c8a4308f789fc799e99033afc54cf4/elements - {"using":"xpath","value":"//button[@aria-label=\"Create\"]"}
RESULT: {"using":"xpath","value":"//button[@aria-label=\"Create\"]"}
COMMAND: POST /session/92c8a4308f789fc799e99033afc54cf4/elements - {"using":"xpath","value":"//button[@aria-label=\"Create\"]"}
RESULT: {"using":"xpath","value":"//button[@aria-label=\"Create\"]"}
COMMAND: POST /session/92c8a4308f789fc799e99033afc54cf4/elements - {"using":"xpath","value":"//button[@aria-label=\"Create\"]"}
RESULT: {"using":"xpath","value":"//button[@aria-label=\"Create\"]"}
COMMAND: POST /session/92c8a4308f789fc799e99033afc54cf4/elements - {"using":"xpath","value":"//button[@aria-label=\"Create\"]"}
RESULT: {"using":"xpath","value":"//button[@aria-label=\"Create\"]"}
COMMAND: POST /session/92c8a4308f789fc799e99033afc54cf4/elements - {"using":"xpath","value":"//button[@aria-label=\"Create\"]"}
RESULT: {"using":"xpath","value":"//button[@aria-label=\"Create\"]"}
COMMAND: POST /session/92c8a4308f789fc799e99033afc54cf4/elements - {"using":"xpath","value":"//button[@aria-label=\"Create\"]"}
RESULT: {"using":"xpath","value":"//button[@aria-label=\"Create\"]"}
COMMAND: POST /session/92c8a4308f789fc799e99033afc54cf4/elements - {"using":"xpath","value":"//button[@aria-label=\"Create\"]"}
RESULT: {"using":"xpath","value":"//button[@aria-label=\"Create\"]"}
COMMAND: POST /session/92c8a4308f789fc799e99033afc54cf4/elements - {"using":"xpath","value":"//button[@aria-label=\"Create\"]"}
RESULT: {"using":"xpath","value":"//button[@aria-label=\"Create\"]"}
COMMAND: POST /session/92c8a4308f789fc799e99033afc54cf4/elements - {"using":"xpath","value":"//button[@aria-label=\"Create\"]"}
RESULT: {"using":"xpath","value":"//button[@aria-label=\"Create\"]"}
COMMAND: POST /session/92c8a4308f789fc799e99033afc54cf4/elements - {"using":"xpath","value":"//button[@aria-label=\"Create\"]"}
RESULT: {"using":"xpath","value":"//button[@aria-label=\"Create\"]"}
COMMAND: POST /session/92c8a4308f789fc799e99033afc54cf4/elements - {"using":"xpath","value":"//button[@aria-label=\"Create\"]"}
RESULT: {"using":"xpath","value":"//button[@aria-label=\"Create\"]"}
COMMAND: POST /session/92c8a4308f789fc799e99033afc54cf4/elements - {"using":"xpath","value":"//button[@aria-label=\"Create\"]"}
RESULT: {"using":"xpath","value":"//button[@aria-label=\"Create\"]"}
COMMAND: POST /session/92c8a4308f789fc799e99033afc54cf4/elements - {"using":"xpath","value":"//button[@aria-label=\"Create\"]"}
RESULT: {"using":"xpath","value":"//button[@aria-label=\"Create\"]"}
COMMAND: POST /session/92c8a4308f789fc799e99033afc54cf4/elements - {"using":"xpath","value":"//button[@aria-label=\"Create\"]"}
RESULT: {"using":"xpath","value":"//button[@aria-label=\"Create\"]"}
COMMAND: POST /session/92c8a4308f789fc799e99033afc54cf4/elements - {"using":"xpath","value":"//button[@aria-label=\"Create\"]"}
RESULT: {"using":"xpath","value":"//button[@aria-label=\"Create\"]"}
COMMAND: POST /session/92c8a4308f789fc799e99033afc54cf4/elements - {"using":"xpath","value":"//button[@aria-label=\"Create\"]"}
RESULT: {"using":"xpath","value":"//button[@aria-label=\"Create\"]"}
COMMAND: POST /session/92c8a4308f789fc799e99033afc54cf4/elements - {"using":"xpath","value":"//button[@aria-label=\"Create\"]"}
RESULT: {"using":"xpath","value":"//button[@aria-label=\"Create\"]"}
COMMAND: POST /session/92c8a4308f789fc799e99033afc54cf4/elements - {"using":"xpath","value":"//button[@aria-label=\"Create\"]"}
RESULT: {"using":"xpath","value":"//button[@aria-label=\"Create\"]"}
COMMAND: POST /session/92c8a4308f789fc799e99033afc54cf4/elements - {"using":"xpath","value":"//button[@aria-label=\"Create\"]"}
RESULT: {"using":"xpath","value":"//button[@aria-label=\"Create\"]"}
COMMAND: POST /session/92c8a4308f789fc799e99033afc54cf4/element - {"using":"xpath","value":"//button[@aria-label=\"Create\"]"}
RESULT: {"using":"xpath","value":"//button[@aria-label=\"Create\"]"}
COMMAND: POST /session/92c8a4308f789fc799e99033afc54cf4/element/f.65165B09D34A62F43149F94F00C74D12.d.F4F6E13D52987E307FBE72C083401B9E.e.4998/click - {}
RESULT: {}
COMMAND: GET /session/92c8a4308f789fc799e99033afc54cf4/screenshot - {}
RESULT: {}
COMMAND: POST /session/92c8a4308f789fc799e99033afc54cf4/actions - {"actions":[{"id":"action17","type":"key","parameters":{},"actions":[{"type":"keyDown","value":"î€•"},{"type":"pause","duration":10},{"type":"keyUp","value":"î€•"}]}]}
RESULT: {"actions":[{"id":"action17","type":"key","parameters":{},"actions":[{"type":"keyDown","value":"î€•"},{"type":"pause","duration":10},{"type":"keyUp","value":"î€•"}]}]}
COMMAND: POST /session/92c8a4308f789fc799e99033afc54cf4/actions - {"actions":[{"id":"action18","type":"key","parameters":{},"actions":[{"type":"keyDown","value":"î€‡"},{"type":"pause","duration":10},{"type":"keyUp","value":"î€‡"}]}]}
COMMAND: GET /session/92c8a4308f789fc799e99033afc54cf4/screenshot - {}
RESULT: {"actions":[{"id":"action18","type":"key","parameters":{},"actions":[{"type":"keyDown","value":"î€‡"},{"type":"pause","duration":10},{"type":"keyUp","value":"î€‡"}]}]}
COMMAND: POST /session/92c8a4308f789fc799e99033afc54cf4/execute/async - {"script":"<script> [1562 bytes]","args":[{"selector":{"controlType":"sap.m.Title","viewName":"etm.portal.ui.manageconditionprice.view.DailyPrices","viewId":"application-manageconditionprice-display-component---dailyPrices","i18NText":{"propertyName":"text","key":"dailyPrices"}},"wdio_ui5_key":"etmportal.ui.manageconditionprice.view.DailyPricessap.m.Title{\"propertyName\":\"text\",\"key\":\"dailyPrices\"}"}]}
COMMAND: GET /session/92c8a4308f789fc799e99033afc54cf4/screenshot - {}
RESULT: {}
RESULT: {"script":"<script> [1562 bytes]","args":[{"selector":{"controlType":"sap.m.Title","viewName":"etm.portal.ui.manageconditionprice.view.DailyPrices","viewId":"application-manageconditionprice-display-component---dailyPrices","i18NText":{"propertyName":"text","key":"dailyPrices"}},"wdio_ui5_key":"etmportal.ui.manageconditionprice.view.DailyPricessap.m.Title{\"propertyName\":\"text\",\"key\":\"dailyPrices\"}"}]}
RESULT: undefined
COMMAND: POST /session/92c8a4308f789fc799e99033afc54cf4/execute/async - {"script":"<script> [6424 bytes]","args":[{"element-6066-11e4-a52e-4f735466cecf":"f.65165B09D34A62F43149F94F00C74D12.d.F4F6E13D52987E307FBE72C083401B9E.e.5374"},"getText",[]]}
RESULT: {}
RESULT: {"script":"<script> [6424 bytes]","args":[{"element-6066-11e4-a52e-4f735466cecf":"f.65165B09D34A62F43149F94F00C74D12.d.F4F6E13D52987E307FBE72C083401B9E.e.5374"},"getText",[]]}
COMMAND: POST /session/92c8a4308f789fc799e99033afc54cf4/execute/async - {"script":"<script> [1562 bytes]","args":[{"selector":{"id":"application-manageconditionprice-display-component---dailyPrices--condBillCond","interaction":{"idSuffix":"inner"}},"wdio_ui5_key":"applicationmanageconditionprice-display-component---dailyPrices--condBillCond"}]}
RESULT: {"script":"<script> [1562 bytes]","args":[{"selector":{"id":"application-manageconditionprice-display-component---dailyPrices--condBillCond","interaction":{"idSuffix":"inner"}},"wdio_ui5_key":"applicationmanageconditionprice-display-component---dailyPrices--condBillCond"}]}
RESULT: undefined
COMMAND: POST /session/92c8a4308f789fc799e99033afc54cf4/execute/async - {"script":"<script> [776 bytes]","args":[{"enterText":"Residual Value %","selector":{"id":"application-manageconditionprice-display-component---dailyPrices--condBillCond","interaction":{"idSuffix":"inner"}},"clearTextFirst":true,"interactionType":"ENTER_TEXT"}]}
RESULT: {"script":"<script> [776 bytes]","args":[{"enterText":"Residual Value %","selector":{"id":"application-manageconditionprice-display-component---dailyPrices--condBillCond","interaction":{"idSuffix":"inner"}},"clearTextFirst":true,"interactionType":"ENTER_TEXT"}]}
COMMAND: POST /session/92c8a4308f789fc799e99033afc54cf4/execute/async - {"script":"<script> [1562 bytes]","args":[{"selector":{"controlType":"sap.m.StandardListItem","viewName":"etm.portal.ui.manageconditionprice.view.DailyPrices","viewId":"application-manageconditionprice-display-component---dailyPrices","properties":{"type":"Active"},"searchOpenDialogs":true,"interaction":{"idSuffix":"titleText"}},"wdio_ui5_key":"etmportal.ui.manageconditionprice.view.DailyPricessap.m.StandardListItem{\"type\":\"Active\"}"}]}
RESULT: {"script":"<script> [1562 bytes]","args":[{"selector":{"controlType":"sap.m.StandardListItem","viewName":"etm.portal.ui.manageconditionprice.view.DailyPrices","viewId":"application-manageconditionprice-display-component---dailyPrices","properties":{"type":"Active"},"searchOpenDialogs":true,"interaction":{"idSuffix":"titleText"}},"wdio_ui5_key":"etmportal.ui.manageconditionprice.view.DailyPricessap.m.StandardListItem{\"type\":\"Active\"}"}]}
RESULT: undefined
COMMAND: POST /session/92c8a4308f789fc799e99033afc54cf4/element - {"using":"xpath","value":"//*[@id=\"__item42\"]"}
RESULT: {"using":"xpath","value":"//*[@id=\"__item42\"]"}
COMMAND: POST /session/92c8a4308f789fc799e99033afc54cf4/element/f.65165B09D34A62F43149F94F00C74D12.d.F4F6E13D52987E307FBE72C083401B9E.e.5378/click - {}
RESULT: {}
COMMAND: POST /session/92c8a4308f789fc799e99033afc54cf4/execute/async - {"script":"<script> [1562 bytes]","args":[{"selector":{"id":"application-manageconditionprice-display-component---dailyPrices--editBtn","interaction":{"idSuffix":"BDI-content"}},"wdio_ui5_key":"applicationmanageconditionprice-display-component---dailyPrices--editBtn"}]}
COMMAND: GET /session/92c8a4308f789fc799e99033afc54cf4/screenshot - {}
RESULT: {"script":"<script> [1562 bytes]","args":[{"selector":{"id":"application-manageconditionprice-display-component---dailyPrices--editBtn","interaction":{"idSuffix":"BDI-content"}},"wdio_ui5_key":"applicationmanageconditionprice-display-component---dailyPrices--editBtn"}]}
RESULT: undefined
COMMAND: POST /session/92c8a4308f789fc799e99033afc54cf4/element - {"using":"xpath","value":"//*[@id=\"application-manageconditionprice-display-component---dailyPrices--editBtn\"]"}
RESULT: {}
RESULT: {"using":"xpath","value":"//*[@id=\"application-manageconditionprice-display-component---dailyPrices--editBtn\"]"}
COMMAND: POST /session/92c8a4308f789fc799e99033afc54cf4/element/f.65165B09D34A62F43149F94F00C74D12.d.F4F6E13D52987E307FBE72C083401B9E.e.5376/click - {}
RESULT: {}
COMMAND: POST /session/92c8a4308f789fc799e99033afc54cf4/execute/async - {"script":"<script> [1562 bytes]","args":[{"selector":{"controlType":"sap.m.Button","viewName":"etm.portal.ui.manageconditionprice.view.DailyPrices","viewId":"application-manageconditionprice-display-component---dailyPrices","i18NText":{"propertyName":"text","key":"add"},"interaction":{"idSuffix":"BDI-content"}},"wdio_ui5_key":"etmportal.ui.manageconditionprice.view.DailyPricessap.m.Button{\"propertyName\":\"text\",\"key\":\"add\"}"}]}
COMMAND: GET /session/92c8a4308f789fc799e99033afc54cf4/screenshot - {}
RESULT: {"script":"<script> [1562 bytes]","args":[{"selector":{"controlType":"sap.m.Button","viewName":"etm.portal.ui.manageconditionprice.view.DailyPrices","viewId":"application-manageconditionprice-display-component---dailyPrices","i18NText":{"propertyName":"text","key":"add"},"interaction":{"idSuffix":"BDI-content"}},"wdio_ui5_key":"etmportal.ui.manageconditionprice.view.DailyPricessap.m.Button{\"propertyName\":\"text\",\"key\":\"add\"}"}]}
RESULT: undefined
COMMAND: POST /session/92c8a4308f789fc799e99033afc54cf4/element - {"using":"xpath","value":"//*[@id=\"__button6\"]"}
RESULT: {}
RESULT: {"using":"xpath","value":"//*[@id=\"__button6\"]"}
COMMAND: POST /session/92c8a4308f789fc799e99033afc54cf4/element/f.65165B09D34A62F43149F94F00C74D12.d.F4F6E13D52987E307FBE72C083401B9E.e.5386/click - {}
RESULT: {}
COMMAND: POST /session/92c8a4308f789fc799e99033afc54cf4/elements - {"using":"css selector","value":"table tr"}
COMMAND: GET /session/92c8a4308f789fc799e99033afc54cf4/screenshot - {}
RESULT: {"using":"css selector","value":"table tr"}
COMMAND: POST /session/92c8a4308f789fc799e99033afc54cf4/element/f.65165B09D34A62F43149F94F00C74D12.d.F4F6E13D52987E307FBE72C083401B9E.e.5584/elements - {"using":"css selector","value":"input"}
RESULT: {}
RESULT: {"using":"css selector","value":"input"}
COMMAND: POST /session/92c8a4308f789fc799e99033afc54cf4/element/f.65165B09D34A62F43149F94F00C74D12.d.F4F6E13D52987E307FBE72C083401B9E.e.5587/clear - {}
COMMAND: POST /session/92c8a4308f789fc799e99033afc54cf4/element/f.65165B09D34A62F43149F94F00C74D12.d.F4F6E13D52987E307FBE72C083401B9E.e.5585/clear - {}
COMMAND: POST /session/92c8a4308f789fc799e99033afc54cf4/element/f.65165B09D34A62F43149F94F00C74D12.d.F4F6E13D52987E307FBE72C083401B9E.e.5588/clear - {}
COMMAND: POST /session/92c8a4308f789fc799e99033afc54cf4/element/f.65165B09D34A62F43149F94F00C74D12.d.F4F6E13D52987E307FBE72C083401B9E.e.5586/clear - {}
COMMAND: POST /session/92c8a4308f789fc799e99033afc54cf4/element/f.65165B09D34A62F43149F94F00C74D12.d.F4F6E13D52987E307FBE72C083401B9E.e.5584/elements - {"using":"css selector","value":"td"}
RESULT: {}
COMMAND: POST /session/92c8a4308f789fc799e99033afc54cf4/element/f.65165B09D34A62F43149F94F00C74D12.d.F4F6E13D52987E307FBE72C083401B9E.e.5587/value - {"text":"705.60"}
COMMAND: GET /session/92c8a4308f789fc799e99033afc54cf4/screenshot - {}
RESULT: {}
COMMAND: POST /session/92c8a4308f789fc799e99033afc54cf4/element/f.65165B09D34A62F43149F94F00C74D12.d.F4F6E13D52987E307FBE72C083401B9E.e.5588/value - {"text":"Euro"}
COMMAND: GET /session/92c8a4308f789fc799e99033afc54cf4/screenshot - {}
RESULT: {}
COMMAND: POST /session/92c8a4308f789fc799e99033afc54cf4/element/f.65165B09D34A62F43149F94F00C74D12.d.F4F6E13D52987E307FBE72C083401B9E.e.5585/value - {"text":"05/01/25"}
COMMAND: GET /session/92c8a4308f789fc799e99033afc54cf4/screenshot - {}
RESULT: {}
COMMAND: POST /session/92c8a4308f789fc799e99033afc54cf4/element/f.65165B09D34A62F43149F94F00C74D12.d.F4F6E13D52987E307FBE72C083401B9E.e.5586/value - {"text":"10/01/25"}
COMMAND: GET /session/92c8a4308f789fc799e99033afc54cf4/screenshot - {}
RESULT: {"using":"css selector","value":"td"}
COMMAND: POST /session/92c8a4308f789fc799e99033afc54cf4/element - {"using":"xpath","value":".//li[contains(., \"2320\") and not(.//li)]"}
COMMAND: POST /session/92c8a4308f789fc799e99033afc54cf4/element/f.65165B09D34A62F43149F94F00C74D12.d.F4F6E13D52987E307FBE72C083401B9E.e.5606/element - {"using":"css selector","value":"input"}
COMMAND: POST /session/92c8a4308f789fc799e99033afc54cf4/element/f.65165B09D34A62F43149F94F00C74D12.d.F4F6E13D52987E307FBE72C083401B9E.e.5606/element - {"using":"css selector","value":"input"}
RESULT: {"text":"705.60"}
COMMAND: GET /session/92c8a4308f789fc799e99033afc54cf4/screenshot - {}
RESULT: {}
RESULT: {"text":"Euro"}
COMMAND: GET /session/92c8a4308f789fc799e99033afc54cf4/screenshot - {}
RESULT: {}
RESULT: {"text":"05/01/25"}
COMMAND: GET /session/92c8a4308f789fc799e99033afc54cf4/screenshot - {}
RESULT: {}
RESULT: {"text":"10/01/25"}
COMMAND: GET /session/92c8a4308f789fc799e99033afc54cf4/screenshot - {}
RESULT: {}
RESULT: {"using":"css selector","value":"input"}
COMMAND: POST /session/92c8a4308f789fc799e99033afc54cf4/element/f.65165B09D34A62F43149F94F00C74D12.d.F4F6E13D52987E307FBE72C083401B9E.e.5589/click - {}
RESULT: {"using":"css selector","value":"input"}
COMMAND: POST /session/92c8a4308f789fc799e99033afc54cf4/element/f.65165B09D34A62F43149F94F00C74D12.d.F4F6E13D52987E307FBE72C083401B9E.e.5589/clear - {}
RESULT: {"using":"xpath","value":".//li[contains(., \"2320\") and not(.//li)]"}
RESULT: {}
RESULT: {}
RESULT: {}
RESULT: {}
RESULT: {}
COMMAND: GET /session/92c8a4308f789fc799e99033afc54cf4/screenshot - {}
RESULT: {}
COMMAND: POST /session/92c8a4308f789fc799e99033afc54cf4/element/f.65165B09D34A62F43149F94F00C74D12.d.F4F6E13D52987E307FBE72C083401B9E.e.5589/value - {"text":"2320"}
COMMAND: GET /session/92c8a4308f789fc799e99033afc54cf4/screenshot - {}
RESULT: {}
COMMAND: POST /session/92c8a4308f789fc799e99033afc54cf4/elements - {"using":"xpath","value":".//li[contains(., \"2320\") and not(.//li)]"}
RESULT: {"text":"2320"}
COMMAND: GET /session/92c8a4308f789fc799e99033afc54cf4/screenshot - {}
RESULT: {}
RESULT: {"using":"xpath","value":".//li[contains(., \"2320\") and not(.//li)]"}
COMMAND: POST /session/92c8a4308f789fc799e99033afc54cf4/elements - {"using":"xpath","value":".//li[contains(., \"2320\") and not(.//li)]"}
RESULT: {}
RESULT: {"using":"xpath","value":".//li[contains(., \"2320\") and not(.//li)]"}
COMMAND: POST /session/92c8a4308f789fc799e99033afc54cf4/element - {"using":"xpath","value":".//li[contains(., \"2320\") and not(.//li)]"}
RESULT: {"using":"xpath","value":".//li[contains(., \"2320\") and not(.//li)]"}
COMMAND: POST /session/92c8a4308f789fc799e99033afc54cf4/element/f.65165B09D34A62F43149F94F00C74D12.d.F4F6E13D52987E307FBE72C083401B9E.e.5611/click - {}
RESULT: {}
COMMAND: POST /session/92c8a4308f789fc799e99033afc54cf4/element - {"using":"xpath","value":".//li[contains(., \"484\") and not(.//li)]"}
COMMAND: POST /session/92c8a4308f789fc799e99033afc54cf4/element/f.65165B09D34A62F43149F94F00C74D12.d.F4F6E13D52987E307FBE72C083401B9E.e.5607/element - {"using":"css selector","value":"input"}
COMMAND: POST /session/92c8a4308f789fc799e99033afc54cf4/element/f.65165B09D34A62F43149F94F00C74D12.d.F4F6E13D52987E307FBE72C083401B9E.e.5607/element - {"using":"css selector","value":"input"}
COMMAND: GET /session/92c8a4308f789fc799e99033afc54cf4/screenshot - {}
RESULT: {"using":"css selector","value":"input"}
COMMAND: POST /session/92c8a4308f789fc799e99033afc54cf4/element/f.65165B09D34A62F43149F94F00C74D12.d.F4F6E13D52987E307FBE72C083401B9E.e.5590/click - {}
RESULT: {"using":"css selector","value":"input"}
COMMAND: POST /session/92c8a4308f789fc799e99033afc54cf4/element/f.65165B09D34A62F43149F94F00C74D12.d.F4F6E13D52987E307FBE72C083401B9E.e.5590/clear - {}
RESULT: {"using":"xpath","value":".//li[contains(., \"484\") and not(.//li)]"}
RESULT: {}
RESULT: {}
RESULT: {}
COMMAND: POST /session/92c8a4308f789fc799e99033afc54cf4/element/f.65165B09D34A62F43149F94F00C74D12.d.F4F6E13D52987E307FBE72C083401B9E.e.5590/value - {"text":"484"}
COMMAND: GET /session/92c8a4308f789fc799e99033afc54cf4/screenshot - {}
COMMAND: GET /session/92c8a4308f789fc799e99033afc54cf4/screenshot - {}
RESULT: {"text":"484"}
COMMAND: GET /session/92c8a4308f789fc799e99033afc54cf4/screenshot - {}
RESULT: {}
RESULT: {}
COMMAND: POST /session/92c8a4308f789fc799e99033afc54cf4/elements - {"using":"xpath","value":".//li[contains(., \"484\") and not(.//li)]"}
RESULT: {}
RESULT: {"using":"xpath","value":".//li[contains(., \"484\") and not(.//li)]"}
COMMAND: POST /session/92c8a4308f789fc799e99033afc54cf4/element - {"using":"xpath","value":".//li[contains(., \"484\") and not(.//li)]"}
RESULT: {"using":"xpath","value":".//li[contains(., \"484\") and not(.//li)]"}
COMMAND: POST /session/92c8a4308f789fc799e99033afc54cf4/element/f.65165B09D34A62F43149F94F00C74D12.d.F4F6E13D52987E307FBE72C083401B9E.e.5612/click - {}
RESULT: {}
RESULT: undefined
COMMAND: POST /session/92c8a4308f789fc799e99033afc54cf4/element - {"using":"xpath","value":"//*[@id=\"__button6\"]"}
COMMAND: GET /session/92c8a4308f789fc799e99033afc54cf4/screenshot - {}
RESULT: {"using":"xpath","value":"//*[@id=\"__button6\"]"}
COMMAND: POST /session/92c8a4308f789fc799e99033afc54cf4/element/f.65165B09D34A62F43149F94F00C74D12.d.F4F6E13D52987E307FBE72C083401B9E.e.5386/click - {}
RESULT: {}
RESULT: {}
COMMAND: POST /session/92c8a4308f789fc799e99033afc54cf4/elements - {"using":"css selector","value":"table tr"}
COMMAND: GET /session/92c8a4308f789fc799e99033afc54cf4/screenshot - {}
RESULT: {"using":"css selector","value":"table tr"}
COMMAND: POST /session/92c8a4308f789fc799e99033afc54cf4/element/f.65165B09D34A62F43149F94F00C74D12.d.F4F6E13D52987E307FBE72C083401B9E.e.5621/elements - {"using":"css selector","value":"input"}
RESULT: {}
RESULT: {"using":"css selector","value":"input"}
COMMAND: POST /session/92c8a4308f789fc799e99033afc54cf4/element/f.65165B09D34A62F43149F94F00C74D12.d.F4F6E13D52987E307FBE72C083401B9E.e.5616/clear - {}
COMMAND: POST /session/92c8a4308f789fc799e99033afc54cf4/element/f.65165B09D34A62F43149F94F00C74D12.d.F4F6E13D52987E307FBE72C083401B9E.e.5614/clear - {}
COMMAND: POST /session/92c8a4308f789fc799e99033afc54cf4/element/f.65165B09D34A62F43149F94F00C74D12.d.F4F6E13D52987E307FBE72C083401B9E.e.5617/clear - {}
COMMAND: POST /session/92c8a4308f789fc799e99033afc54cf4/element/f.65165B09D34A62F43149F94F00C74D12.d.F4F6E13D52987E307FBE72C083401B9E.e.5615/clear - {}
COMMAND: POST /session/92c8a4308f789fc799e99033afc54cf4/element/f.65165B09D34A62F43149F94F00C74D12.d.F4F6E13D52987E307FBE72C083401B9E.e.5621/elements - {"using":"css selector","value":"td"}
RESULT: {}
COMMAND: POST /session/92c8a4308f789fc799e99033afc54cf4/element/f.65165B09D34A62F43149F94F00C74D12.d.F4F6E13D52987E307FBE72C083401B9E.e.5616/value - {"text":"99.5"}
COMMAND: GET /session/92c8a4308f789fc799e99033afc54cf4/screenshot - {}
RESULT: {}
COMMAND: POST /session/92c8a4308f789fc799e99033afc54cf4/element/f.65165B09D34A62F43149F94F00C74D12.d.F4F6E13D52987E307FBE72C083401B9E.e.5617/value - {"text":"US Dollar"}
COMMAND: GET /session/92c8a4308f789fc799e99033afc54cf4/screenshot - {}
RESULT: {}
COMMAND: POST /session/92c8a4308f789fc799e99033afc54cf4/element/f.65165B09D34A62F43149F94F00C74D12.d.F4F6E13D52987E307FBE72C083401B9E.e.5614/value - {"text":"05/01/25"}
COMMAND: GET /session/92c8a4308f789fc799e99033afc54cf4/screenshot - {}
RESULT: {"using":"css selector","value":"td"}
COMMAND: POST /session/92c8a4308f789fc799e99033afc54cf4/element - {"using":"xpath","value":"(//li[div//span[contains(text(), '2320')]])[2]"}
COMMAND: POST /session/92c8a4308f789fc799e99033afc54cf4/element/f.65165B09D34A62F43149F94F00C74D12.d.F4F6E13D52987E307FBE72C083401B9E.e.5636/element - {"using":"css selector","value":"input"}
COMMAND: POST /session/92c8a4308f789fc799e99033afc54cf4/element/f.65165B09D34A62F43149F94F00C74D12.d.F4F6E13D52987E307FBE72C083401B9E.e.5636/element - {"using":"css selector","value":"input"}
RESULT: {}
COMMAND: POST /session/92c8a4308f789fc799e99033afc54cf4/element/f.65165B09D34A62F43149F94F00C74D12.d.F4F6E13D52987E307FBE72C083401B9E.e.5615/value - {"text":"10/01/25"}
COMMAND: GET /session/92c8a4308f789fc799e99033afc54cf4/screenshot - {}
RESULT: {"text":"99.5"}
COMMAND: GET /session/92c8a4308f789fc799e99033afc54cf4/screenshot - {}
RESULT: {}
RESULT: {"text":"US Dollar"}
COMMAND: GET /session/92c8a4308f789fc799e99033afc54cf4/screenshot - {}
RESULT: {}
RESULT: {"text":"05/01/25"}
COMMAND: GET /session/92c8a4308f789fc799e99033afc54cf4/screenshot - {}
RESULT: {}
RESULT: {"using":"css selector","value":"input"}
COMMAND: POST /session/92c8a4308f789fc799e99033afc54cf4/element/f.65165B09D34A62F43149F94F00C74D12.d.F4F6E13D52987E307FBE72C083401B9E.e.5618/clear - {}
RESULT: {"using":"css selector","value":"input"}
COMMAND: POST /session/92c8a4308f789fc799e99033afc54cf4/element/f.65165B09D34A62F43149F94F00C74D12.d.F4F6E13D52987E307FBE72C083401B9E.e.5618/click - {}
RESULT: {"using":"xpath","value":"(//li[div//span[contains(text(), '2320')]])[2]"}
RESULT: {"text":"10/01/25"}
COMMAND: GET /session/92c8a4308f789fc799e99033afc54cf4/screenshot - {}
RESULT: {}
RESULT: {}
RESULT: {}
RESULT: {}
RESULT: {}
COMMAND: POST /session/92c8a4308f789fc799e99033afc54cf4/element/f.65165B09D34A62F43149F94F00C74D12.d.F4F6E13D52987E307FBE72C083401B9E.e.5618/value - {"text":"2320"}
COMMAND: GET /session/92c8a4308f789fc799e99033afc54cf4/screenshot - {}
COMMAND: POST /session/92c8a4308f789fc799e99033afc54cf4/elements - {"using":"xpath","value":"(//li[div//span[contains(text(), '2320')]])[2]"}
RESULT: {}
COMMAND: GET /session/92c8a4308f789fc799e99033afc54cf4/screenshot - {}
RESULT: {}
RESULT: {"text":"2320"}
COMMAND: GET /session/92c8a4308f789fc799e99033afc54cf4/screenshot - {}
RESULT: {}
RESULT: {"using":"xpath","value":"(//li[div//span[contains(text(), '2320')]])[2]"}
COMMAND: POST /session/92c8a4308f789fc799e99033afc54cf4/elements - {"using":"xpath","value":"(//li[div//span[contains(text(), '2320')]])[2]"}
RESULT: {}
RESULT: {}
RESULT: {"using":"xpath","value":"(//li[div//span[contains(text(), '2320')]])[2]"}
COMMAND: POST /session/92c8a4308f789fc799e99033afc54cf4/element - {"using":"xpath","value":"(//li[div//span[contains(text(), '2320')]])[2]"}
RESULT: {"using":"xpath","value":"(//li[div//span[contains(text(), '2320')]])[2]"}
COMMAND: POST /session/92c8a4308f789fc799e99033afc54cf4/element/f.65165B09D34A62F43149F94F00C74D12.d.F4F6E13D52987E307FBE72C083401B9E.e.5642/click - {}
RESULT: {}
COMMAND: POST /session/92c8a4308f789fc799e99033afc54cf4/execute/async - {"script":"<script> [1562 bytes]","args":[{"selector":{"controlType":"sap.m.Button","viewName":"etm.portal.ui.manageconditionprice.view.DailyPrices","viewId":"application-manageconditionprice-display-component---dailyPrices","i18NText":{"propertyName":"tooltip","key":"save"},"interaction":{"idSuffix":"BDI-content"}},"wdio_ui5_key":"etmportal.ui.manageconditionprice.view.DailyPricessap.m.Button{\"propertyName\":\"tooltip\",\"key\":\"save\"}"}]}
COMMAND: GET /session/92c8a4308f789fc799e99033afc54cf4/screenshot - {}
RESULT: {"script":"<script> [1562 bytes]","args":[{"selector":{"controlType":"sap.m.Button","viewName":"etm.portal.ui.manageconditionprice.view.DailyPrices","viewId":"application-manageconditionprice-display-component---dailyPrices","i18NText":{"propertyName":"tooltip","key":"save"},"interaction":{"idSuffix":"BDI-content"}},"wdio_ui5_key":"etmportal.ui.manageconditionprice.view.DailyPricessap.m.Button{\"propertyName\":\"tooltip\",\"key\":\"save\"}"}]}
RESULT: undefined
COMMAND: POST /session/92c8a4308f789fc799e99033afc54cf4/element - {"using":"xpath","value":"//*[@id=\"__button8\"]"}
RESULT: {}
RESULT: {"using":"xpath","value":"//*[@id=\"__button8\"]"}
COMMAND: POST /session/92c8a4308f789fc799e99033afc54cf4/element/f.65165B09D34A62F43149F94F00C74D12.d.F4F6E13D52987E307FBE72C083401B9E.e.5380/click - {}
RESULT: {}
COMMAND: GET /session/92c8a4308f789fc799e99033afc54cf4/screenshot - {}
RESULT: {}
]]></system-out>
    </testcase>
    <testcase classname="chrome.135_0_7049_96.windows.Edit_and_delete_daily_price_US134629_US134627" name="Should check whether the 2 rows have been added then edit one of the rows s currency and value and save and check the edited values" time="11.246">
      <system-out><![CDATA[
COMMAND: POST /session/92c8a4308f789fc799e99033afc54cf4/elements - {"using":"css selector","value":"table tr"}
RESULT: {"using":"css selector","value":"table tr"}
COMMAND: POST /session/92c8a4308f789fc799e99033afc54cf4/element/f.65165B09D34A62F43149F94F00C74D12.d.F4F6E13D52987E307FBE72C083401B9E.e.5621/elements - {"using":"css selector","value":"td"}
RESULT: {"using":"css selector","value":"td"}
COMMAND: POST /session/92c8a4308f789fc799e99033afc54cf4/element/f.65165B09D34A62F43149F94F00C74D12.d.F4F6E13D52987E307FBE72C083401B9E.e.5584/elements - {"using":"css selector","value":"td"}
RESULT: {"using":"css selector","value":"td"}
COMMAND: POST /session/92c8a4308f789fc799e99033afc54cf4/element/f.65165B09D34A62F43149F94F00C74D12.d.F4F6E13D52987E307FBE72C083401B9E.e.5645/element - {"using":"css selector","value":".sapMObjectNumberText"}
RESULT: {"using":"css selector","value":".sapMObjectNumberText"}
COMMAND: GET /session/92c8a4308f789fc799e99033afc54cf4/element/f.65165B09D34A62F43149F94F00C74D12.d.F4F6E13D52987E307FBE72C083401B9E.e.5647/text - {}
RESULT: {}
COMMAND: POST /session/92c8a4308f789fc799e99033afc54cf4/element/f.65165B09D34A62F43149F94F00C74D12.d.F4F6E13D52987E307FBE72C083401B9E.e.5646/element - {"using":"css selector","value":".sapMObjectNumberText"}
RESULT: {"using":"css selector","value":".sapMObjectNumberText"}
COMMAND: GET /session/92c8a4308f789fc799e99033afc54cf4/element/f.65165B09D34A62F43149F94F00C74D12.d.F4F6E13D52987E307FBE72C083401B9E.e.5648/text - {}
RESULT: {}
RESULT: undefined
COMMAND: POST /session/92c8a4308f789fc799e99033afc54cf4/element - {"using":"xpath","value":"//*[@id=\"application-manageconditionprice-display-component---dailyPrices--editBtn\"]"}
RESULT: {"using":"xpath","value":"//*[@id=\"application-manageconditionprice-display-component---dailyPrices--editBtn\"]"}
COMMAND: POST /session/92c8a4308f789fc799e99033afc54cf4/element/f.65165B09D34A62F43149F94F00C74D12.d.F4F6E13D52987E307FBE72C083401B9E.e.5644/click - {}
RESULT: {}
COMMAND: POST /session/92c8a4308f789fc799e99033afc54cf4/elements - {"using":"css selector","value":"table tr"}
COMMAND: GET /session/92c8a4308f789fc799e99033afc54cf4/screenshot - {}
RESULT: {"using":"css selector","value":"table tr"}
COMMAND: POST /session/92c8a4308f789fc799e99033afc54cf4/element/f.65165B09D34A62F43149F94F00C74D12.d.F4F6E13D52987E307FBE72C083401B9E.e.5621/elements - {"using":"css selector","value":"input"}
RESULT: {}
RESULT: {"using":"css selector","value":"input"}
COMMAND: POST /session/92c8a4308f789fc799e99033afc54cf4/element/f.65165B09D34A62F43149F94F00C74D12.d.F4F6E13D52987E307FBE72C083401B9E.e.5663/clear - {}
COMMAND: POST /session/92c8a4308f789fc799e99033afc54cf4/element/f.65165B09D34A62F43149F94F00C74D12.d.F4F6E13D52987E307FBE72C083401B9E.e.5664/clear - {}
RESULT: {}
COMMAND: POST /session/92c8a4308f789fc799e99033afc54cf4/element/f.65165B09D34A62F43149F94F00C74D12.d.F4F6E13D52987E307FBE72C083401B9E.e.5663/value - {"text":"566.1"}
COMMAND: GET /session/92c8a4308f789fc799e99033afc54cf4/screenshot - {}
RESULT: {}
COMMAND: POST /session/92c8a4308f789fc799e99033afc54cf4/element/f.65165B09D34A62F43149F94F00C74D12.d.F4F6E13D52987E307FBE72C083401B9E.e.5664/value - {"text":"US Dollar"}
COMMAND: GET /session/92c8a4308f789fc799e99033afc54cf4/screenshot - {}
RESULT: {"text":"566.1"}
COMMAND: GET /session/92c8a4308f789fc799e99033afc54cf4/screenshot - {}
RESULT: {}
RESULT: {"text":"US Dollar"}
COMMAND: GET /session/92c8a4308f789fc799e99033afc54cf4/screenshot - {}
RESULT: undefined
COMMAND: POST /session/92c8a4308f789fc799e99033afc54cf4/element - {"using":"xpath","value":"//*[@id=\"__button8\"]"}
RESULT: {}
RESULT: {}
RESULT: {}
RESULT: {"using":"xpath","value":"//*[@id=\"__button8\"]"}
COMMAND: POST /session/92c8a4308f789fc799e99033afc54cf4/element/f.65165B09D34A62F43149F94F00C74D12.d.F4F6E13D52987E307FBE72C083401B9E.e.5649/click - {}
RESULT: {}
COMMAND: GET /session/92c8a4308f789fc799e99033afc54cf4/screenshot - {}
RESULT: {}
COMMAND: POST /session/92c8a4308f789fc799e99033afc54cf4/elements - {"using":"css selector","value":"table tr"}
RESULT: {"using":"css selector","value":"table tr"}
COMMAND: POST /session/92c8a4308f789fc799e99033afc54cf4/element/f.65165B09D34A62F43149F94F00C74D12.d.F4F6E13D52987E307FBE72C083401B9E.e.5621/elements - {"using":"css selector","value":"td"}
RESULT: {"using":"css selector","value":"td"}
COMMAND: POST /session/92c8a4308f789fc799e99033afc54cf4/element/f.65165B09D34A62F43149F94F00C74D12.d.F4F6E13D52987E307FBE72C083401B9E.e.5668/element - {"using":"css selector","value":".sapMObjectNumberText"}
RESULT: {"using":"css selector","value":".sapMObjectNumberText"}
COMMAND: GET /session/92c8a4308f789fc799e99033afc54cf4/element/f.65165B09D34A62F43149F94F00C74D12.d.F4F6E13D52987E307FBE72C083401B9E.e.5670/text - {}
RESULT: {}
]]></system-out>
    </testcase>
    <testcase classname="chrome.135_0_7049_96.windows.Edit_and_delete_daily_price_US134629_US134627" name="Should go into edit and delete all the rows that match the yard we have created for this scenario check if all rows deleted" time="25.525">
      <system-out><![CDATA[
RESULT: undefined
COMMAND: POST /session/92c8a4308f789fc799e99033afc54cf4/element - {"using":"xpath","value":"//*[@id=\"application-manageconditionprice-display-component---dailyPrices--editBtn\"]"}
RESULT: {"using":"xpath","value":"//*[@id=\"application-manageconditionprice-display-component---dailyPrices--editBtn\"]"}
COMMAND: POST /session/92c8a4308f789fc799e99033afc54cf4/element/f.65165B09D34A62F43149F94F00C74D12.d.F4F6E13D52987E307FBE72C083401B9E.e.5667/click - {}
RESULT: {}
COMMAND: GET /session/92c8a4308f789fc799e99033afc54cf4/screenshot - {}
RESULT: {}
COMMAND: POST /session/92c8a4308f789fc799e99033afc54cf4/elements - {"using":"css selector","value":"table tr"}
RESULT: {"using":"css selector","value":"table tr"}
COMMAND: POST /session/92c8a4308f789fc799e99033afc54cf4/element/f.65165B09D34A62F43149F94F00C74D12.d.F4F6E13D52987E307FBE72C083401B9E.e.5388/elements - {"using":"css selector","value":"td"}
RESULT: {"using":"css selector","value":"td"}
COMMAND: POST /session/92c8a4308f789fc799e99033afc54cf4/element/f.65165B09D34A62F43149F94F00C74D12.d.F4F6E13D52987E307FBE72C083401B9E.e.5389/elements - {"using":"css selector","value":"td"}
RESULT: {"using":"css selector","value":"td"}
COMMAND: POST /session/92c8a4308f789fc799e99033afc54cf4/element/f.65165B09D34A62F43149F94F00C74D12.d.F4F6E13D52987E307FBE72C083401B9E.e.5390/elements - {"using":"css selector","value":"td"}
RESULT: {"using":"css selector","value":"td"}
COMMAND: POST /session/92c8a4308f789fc799e99033afc54cf4/element/f.65165B09D34A62F43149F94F00C74D12.d.F4F6E13D52987E307FBE72C083401B9E.e.5323/elements - {"using":"css selector","value":"td"}
RESULT: {"using":"css selector","value":"td"}
COMMAND: POST /session/92c8a4308f789fc799e99033afc54cf4/element/f.65165B09D34A62F43149F94F00C74D12.d.F4F6E13D52987E307FBE72C083401B9E.e.5324/elements - {"using":"css selector","value":"td"}
RESULT: {"using":"css selector","value":"td"}
COMMAND: POST /session/92c8a4308f789fc799e99033afc54cf4/element/f.65165B09D34A62F43149F94F00C74D12.d.F4F6E13D52987E307FBE72C083401B9E.e.5330/elements - {"using":"css selector","value":"td"}
RESULT: {"using":"css selector","value":"td"}
COMMAND: POST /session/92c8a4308f789fc799e99033afc54cf4/element/f.65165B09D34A62F43149F94F00C74D12.d.F4F6E13D52987E307FBE72C083401B9E.e.5331/elements - {"using":"css selector","value":"td"}
RESULT: {"using":"css selector","value":"td"}
COMMAND: POST /session/92c8a4308f789fc799e99033afc54cf4/element/f.65165B09D34A62F43149F94F00C74D12.d.F4F6E13D52987E307FBE72C083401B9E.e.5334/elements - {"using":"css selector","value":"td"}
RESULT: {"using":"css selector","value":"td"}
COMMAND: POST /session/92c8a4308f789fc799e99033afc54cf4/element/f.65165B09D34A62F43149F94F00C74D12.d.F4F6E13D52987E307FBE72C083401B9E.e.5335/elements - {"using":"css selector","value":"td"}
RESULT: {"using":"css selector","value":"td"}
COMMAND: POST /session/92c8a4308f789fc799e99033afc54cf4/element/f.65165B09D34A62F43149F94F00C74D12.d.F4F6E13D52987E307FBE72C083401B9E.e.5338/elements - {"using":"css selector","value":"td"}
RESULT: {"using":"css selector","value":"td"}
COMMAND: POST /session/92c8a4308f789fc799e99033afc54cf4/element/f.65165B09D34A62F43149F94F00C74D12.d.F4F6E13D52987E307FBE72C083401B9E.e.5391/elements - {"using":"css selector","value":"td"}
RESULT: {"using":"css selector","value":"td"}
COMMAND: POST /session/92c8a4308f789fc799e99033afc54cf4/element/f.65165B09D34A62F43149F94F00C74D12.d.F4F6E13D52987E307FBE72C083401B9E.e.5392/elements - {"using":"css selector","value":"td"}
RESULT: {"using":"css selector","value":"td"}
COMMAND: POST /session/92c8a4308f789fc799e99033afc54cf4/element/f.65165B09D34A62F43149F94F00C74D12.d.F4F6E13D52987E307FBE72C083401B9E.e.5393/elements - {"using":"css selector","value":"td"}
RESULT: {"using":"css selector","value":"td"}
COMMAND: POST /session/92c8a4308f789fc799e99033afc54cf4/element/f.65165B09D34A62F43149F94F00C74D12.d.F4F6E13D52987E307FBE72C083401B9E.e.5394/elements - {"using":"css selector","value":"td"}
RESULT: {"using":"css selector","value":"td"}
COMMAND: POST /session/92c8a4308f789fc799e99033afc54cf4/element/f.65165B09D34A62F43149F94F00C74D12.d.F4F6E13D52987E307FBE72C083401B9E.e.5395/elements - {"using":"css selector","value":"td"}
RESULT: {"using":"css selector","value":"td"}
COMMAND: POST /session/92c8a4308f789fc799e99033afc54cf4/element/f.65165B09D34A62F43149F94F00C74D12.d.F4F6E13D52987E307FBE72C083401B9E.e.5396/elements - {"using":"css selector","value":"td"}
RESULT: {"using":"css selector","value":"td"}
COMMAND: POST /session/92c8a4308f789fc799e99033afc54cf4/element/f.65165B09D34A62F43149F94F00C74D12.d.F4F6E13D52987E307FBE72C083401B9E.e.5397/elements - {"using":"css selector","value":"td"}
RESULT: {"using":"css selector","value":"td"}
COMMAND: POST /session/92c8a4308f789fc799e99033afc54cf4/element/f.65165B09D34A62F43149F94F00C74D12.d.F4F6E13D52987E307FBE72C083401B9E.e.5398/elements - {"using":"css selector","value":"td"}
RESULT: {"using":"css selector","value":"td"}
COMMAND: POST /session/92c8a4308f789fc799e99033afc54cf4/element/f.65165B09D34A62F43149F94F00C74D12.d.F4F6E13D52987E307FBE72C083401B9E.e.5399/elements - {"using":"css selector","value":"td"}
RESULT: {"using":"css selector","value":"td"}
COMMAND: POST /session/92c8a4308f789fc799e99033afc54cf4/element/f.65165B09D34A62F43149F94F00C74D12.d.F4F6E13D52987E307FBE72C083401B9E.e.5400/elements - {"using":"css selector","value":"td"}
RESULT: {"using":"css selector","value":"td"}
COMMAND: POST /session/92c8a4308f789fc799e99033afc54cf4/element/f.65165B09D34A62F43149F94F00C74D12.d.F4F6E13D52987E307FBE72C083401B9E.e.5401/elements - {"using":"css selector","value":"td"}
RESULT: {"using":"css selector","value":"td"}
COMMAND: POST /session/92c8a4308f789fc799e99033afc54cf4/element/f.65165B09D34A62F43149F94F00C74D12.d.F4F6E13D52987E307FBE72C083401B9E.e.5402/elements - {"using":"css selector","value":"td"}
RESULT: {"using":"css selector","value":"td"}
COMMAND: POST /session/92c8a4308f789fc799e99033afc54cf4/element/f.65165B09D34A62F43149F94F00C74D12.d.F4F6E13D52987E307FBE72C083401B9E.e.5403/elements - {"using":"css selector","value":"td"}
RESULT: {"using":"css selector","value":"td"}
COMMAND: POST /session/92c8a4308f789fc799e99033afc54cf4/element/f.65165B09D34A62F43149F94F00C74D12.d.F4F6E13D52987E307FBE72C083401B9E.e.5404/elements - {"using":"css selector","value":"td"}
RESULT: {"using":"css selector","value":"td"}
COMMAND: POST /session/92c8a4308f789fc799e99033afc54cf4/element/f.65165B09D34A62F43149F94F00C74D12.d.F4F6E13D52987E307FBE72C083401B9E.e.5405/elements - {"using":"css selector","value":"td"}
RESULT: {"using":"css selector","value":"td"}
COMMAND: POST /session/92c8a4308f789fc799e99033afc54cf4/element/f.65165B09D34A62F43149F94F00C74D12.d.F4F6E13D52987E307FBE72C083401B9E.e.5406/elements - {"using":"css selector","value":"td"}
RESULT: {"using":"css selector","value":"td"}
COMMAND: POST /session/92c8a4308f789fc799e99033afc54cf4/element/f.65165B09D34A62F43149F94F00C74D12.d.F4F6E13D52987E307FBE72C083401B9E.e.5407/elements - {"using":"css selector","value":"td"}
RESULT: {"using":"css selector","value":"td"}
COMMAND: POST /session/92c8a4308f789fc799e99033afc54cf4/element/f.65165B09D34A62F43149F94F00C74D12.d.F4F6E13D52987E307FBE72C083401B9E.e.5408/elements - {"using":"css selector","value":"td"}
RESULT: {"using":"css selector","value":"td"}
COMMAND: POST /session/92c8a4308f789fc799e99033afc54cf4/element/f.65165B09D34A62F43149F94F00C74D12.d.F4F6E13D52987E307FBE72C083401B9E.e.5409/elements - {"using":"css selector","value":"td"}
RESULT: {"using":"css selector","value":"td"}
COMMAND: POST /session/92c8a4308f789fc799e99033afc54cf4/element/f.65165B09D34A62F43149F94F00C74D12.d.F4F6E13D52987E307FBE72C083401B9E.e.5410/elements - {"using":"css selector","value":"td"}
RESULT: {"using":"css selector","value":"td"}
COMMAND: POST /session/92c8a4308f789fc799e99033afc54cf4/element/f.65165B09D34A62F43149F94F00C74D12.d.F4F6E13D52987E307FBE72C083401B9E.e.5411/elements - {"using":"css selector","value":"td"}
RESULT: {"using":"css selector","value":"td"}
COMMAND: POST /session/92c8a4308f789fc799e99033afc54cf4/element/f.65165B09D34A62F43149F94F00C74D12.d.F4F6E13D52987E307FBE72C083401B9E.e.5412/elements - {"using":"css selector","value":"td"}
RESULT: {"using":"css selector","value":"td"}
COMMAND: POST /session/92c8a4308f789fc799e99033afc54cf4/element/f.65165B09D34A62F43149F94F00C74D12.d.F4F6E13D52987E307FBE72C083401B9E.e.5413/elements - {"using":"css selector","value":"td"}
RESULT: {"using":"css selector","value":"td"}
COMMAND: POST /session/92c8a4308f789fc799e99033afc54cf4/element/f.65165B09D34A62F43149F94F00C74D12.d.F4F6E13D52987E307FBE72C083401B9E.e.5414/elements - {"using":"css selector","value":"td"}
RESULT: {"using":"css selector","value":"td"}
COMMAND: POST /session/92c8a4308f789fc799e99033afc54cf4/element/f.65165B09D34A62F43149F94F00C74D12.d.F4F6E13D52987E307FBE72C083401B9E.e.5415/elements - {"using":"css selector","value":"td"}
RESULT: {"using":"css selector","value":"td"}
COMMAND: POST /session/92c8a4308f789fc799e99033afc54cf4/element/f.65165B09D34A62F43149F94F00C74D12.d.F4F6E13D52987E307FBE72C083401B9E.e.5416/elements - {"using":"css selector","value":"td"}
RESULT: {"using":"css selector","value":"td"}
COMMAND: POST /session/92c8a4308f789fc799e99033afc54cf4/element/f.65165B09D34A62F43149F94F00C74D12.d.F4F6E13D52987E307FBE72C083401B9E.e.5417/elements - {"using":"css selector","value":"td"}
RESULT: {"using":"css selector","value":"td"}
COMMAND: POST /session/92c8a4308f789fc799e99033afc54cf4/element/f.65165B09D34A62F43149F94F00C74D12.d.F4F6E13D52987E307FBE72C083401B9E.e.5418/elements - {"using":"css selector","value":"td"}
RESULT: {"using":"css selector","value":"td"}
COMMAND: POST /session/92c8a4308f789fc799e99033afc54cf4/element/f.65165B09D34A62F43149F94F00C74D12.d.F4F6E13D52987E307FBE72C083401B9E.e.5419/elements - {"using":"css selector","value":"td"}
RESULT: {"using":"css selector","value":"td"}
COMMAND: POST /session/92c8a4308f789fc799e99033afc54cf4/element/f.65165B09D34A62F43149F94F00C74D12.d.F4F6E13D52987E307FBE72C083401B9E.e.5420/elements - {"using":"css selector","value":"td"}
RESULT: {"using":"css selector","value":"td"}
COMMAND: POST /session/92c8a4308f789fc799e99033afc54cf4/element/f.65165B09D34A62F43149F94F00C74D12.d.F4F6E13D52987E307FBE72C083401B9E.e.5421/elements - {"using":"css selector","value":"td"}
RESULT: {"using":"css selector","value":"td"}
COMMAND: POST /session/92c8a4308f789fc799e99033afc54cf4/element/f.65165B09D34A62F43149F94F00C74D12.d.F4F6E13D52987E307FBE72C083401B9E.e.5422/elements - {"using":"css selector","value":"td"}
RESULT: {"using":"css selector","value":"td"}
COMMAND: POST /session/92c8a4308f789fc799e99033afc54cf4/element/f.65165B09D34A62F43149F94F00C74D12.d.F4F6E13D52987E307FBE72C083401B9E.e.5423/elements - {"using":"css selector","value":"td"}
RESULT: {"using":"css selector","value":"td"}
COMMAND: POST /session/92c8a4308f789fc799e99033afc54cf4/element/f.65165B09D34A62F43149F94F00C74D12.d.F4F6E13D52987E307FBE72C083401B9E.e.5424/elements - {"using":"css selector","value":"td"}
RESULT: {"using":"css selector","value":"td"}
COMMAND: POST /session/92c8a4308f789fc799e99033afc54cf4/element/f.65165B09D34A62F43149F94F00C74D12.d.F4F6E13D52987E307FBE72C083401B9E.e.5425/elements - {"using":"css selector","value":"td"}
RESULT: {"using":"css selector","value":"td"}
COMMAND: POST /session/92c8a4308f789fc799e99033afc54cf4/element/f.65165B09D34A62F43149F94F00C74D12.d.F4F6E13D52987E307FBE72C083401B9E.e.5426/elements - {"using":"css selector","value":"td"}
RESULT: {"using":"css selector","value":"td"}
COMMAND: POST /session/92c8a4308f789fc799e99033afc54cf4/element/f.65165B09D34A62F43149F94F00C74D12.d.F4F6E13D52987E307FBE72C083401B9E.e.5427/elements - {"using":"css selector","value":"td"}
RESULT: {"using":"css selector","value":"td"}
COMMAND: POST /session/92c8a4308f789fc799e99033afc54cf4/element/f.65165B09D34A62F43149F94F00C74D12.d.F4F6E13D52987E307FBE72C083401B9E.e.5428/elements - {"using":"css selector","value":"td"}
RESULT: {"using":"css selector","value":"td"}
COMMAND: POST /session/92c8a4308f789fc799e99033afc54cf4/element/f.65165B09D34A62F43149F94F00C74D12.d.F4F6E13D52987E307FBE72C083401B9E.e.5429/elements - {"using":"css selector","value":"td"}
RESULT: {"using":"css selector","value":"td"}
COMMAND: POST /session/92c8a4308f789fc799e99033afc54cf4/element/f.65165B09D34A62F43149F94F00C74D12.d.F4F6E13D52987E307FBE72C083401B9E.e.5430/elements - {"using":"css selector","value":"td"}
RESULT: {"using":"css selector","value":"td"}
COMMAND: POST /session/92c8a4308f789fc799e99033afc54cf4/element/f.65165B09D34A62F43149F94F00C74D12.d.F4F6E13D52987E307FBE72C083401B9E.e.5431/elements - {"using":"css selector","value":"td"}
RESULT: {"using":"css selector","value":"td"}
COMMAND: POST /session/92c8a4308f789fc799e99033afc54cf4/element/f.65165B09D34A62F43149F94F00C74D12.d.F4F6E13D52987E307FBE72C083401B9E.e.5432/elements - {"using":"css selector","value":"td"}
RESULT: {"using":"css selector","value":"td"}
COMMAND: POST /session/92c8a4308f789fc799e99033afc54cf4/element/f.65165B09D34A62F43149F94F00C74D12.d.F4F6E13D52987E307FBE72C083401B9E.e.5433/elements - {"using":"css selector","value":"td"}
RESULT: {"using":"css selector","value":"td"}
COMMAND: POST /session/92c8a4308f789fc799e99033afc54cf4/element/f.65165B09D34A62F43149F94F00C74D12.d.F4F6E13D52987E307FBE72C083401B9E.e.5434/elements - {"using":"css selector","value":"td"}
RESULT: {"using":"css selector","value":"td"}
COMMAND: POST /session/92c8a4308f789fc799e99033afc54cf4/element/f.65165B09D34A62F43149F94F00C74D12.d.F4F6E13D52987E307FBE72C083401B9E.e.5435/elements - {"using":"css selector","value":"td"}
RESULT: {"using":"css selector","value":"td"}
COMMAND: POST /session/92c8a4308f789fc799e99033afc54cf4/element/f.65165B09D34A62F43149F94F00C74D12.d.F4F6E13D52987E307FBE72C083401B9E.e.5436/elements - {"using":"css selector","value":"td"}
RESULT: {"using":"css selector","value":"td"}
COMMAND: POST /session/92c8a4308f789fc799e99033afc54cf4/element/f.65165B09D34A62F43149F94F00C74D12.d.F4F6E13D52987E307FBE72C083401B9E.e.5437/elements - {"using":"css selector","value":"td"}
RESULT: {"using":"css selector","value":"td"}
COMMAND: POST /session/92c8a4308f789fc799e99033afc54cf4/element/f.65165B09D34A62F43149F94F00C74D12.d.F4F6E13D52987E307FBE72C083401B9E.e.5438/elements - {"using":"css selector","value":"td"}
RESULT: {"using":"css selector","value":"td"}
COMMAND: POST /session/92c8a4308f789fc799e99033afc54cf4/element/f.65165B09D34A62F43149F94F00C74D12.d.F4F6E13D52987E307FBE72C083401B9E.e.5439/elements - {"using":"css selector","value":"td"}
RESULT: {"using":"css selector","value":"td"}
COMMAND: POST /session/92c8a4308f789fc799e99033afc54cf4/element/f.65165B09D34A62F43149F94F00C74D12.d.F4F6E13D52987E307FBE72C083401B9E.e.5440/elements - {"using":"css selector","value":"td"}
RESULT: {"using":"css selector","value":"td"}
COMMAND: POST /session/92c8a4308f789fc799e99033afc54cf4/element/f.65165B09D34A62F43149F94F00C74D12.d.F4F6E13D52987E307FBE72C083401B9E.e.5441/elements - {"using":"css selector","value":"td"}
RESULT: {"using":"css selector","value":"td"}
COMMAND: POST /session/92c8a4308f789fc799e99033afc54cf4/element/f.65165B09D34A62F43149F94F00C74D12.d.F4F6E13D52987E307FBE72C083401B9E.e.5442/elements - {"using":"css selector","value":"td"}
RESULT: {"using":"css selector","value":"td"}
COMMAND: POST /session/92c8a4308f789fc799e99033afc54cf4/element/f.65165B09D34A62F43149F94F00C74D12.d.F4F6E13D52987E307FBE72C083401B9E.e.5443/elements - {"using":"css selector","value":"td"}
RESULT: {"using":"css selector","value":"td"}
COMMAND: POST /session/92c8a4308f789fc799e99033afc54cf4/element/f.65165B09D34A62F43149F94F00C74D12.d.F4F6E13D52987E307FBE72C083401B9E.e.5444/elements - {"using":"css selector","value":"td"}
RESULT: {"using":"css selector","value":"td"}
COMMAND: POST /session/92c8a4308f789fc799e99033afc54cf4/element/f.65165B09D34A62F43149F94F00C74D12.d.F4F6E13D52987E307FBE72C083401B9E.e.5445/elements - {"using":"css selector","value":"td"}
RESULT: {"using":"css selector","value":"td"}
COMMAND: POST /session/92c8a4308f789fc799e99033afc54cf4/element/f.65165B09D34A62F43149F94F00C74D12.d.F4F6E13D52987E307FBE72C083401B9E.e.5446/elements - {"using":"css selector","value":"td"}
RESULT: {"using":"css selector","value":"td"}
COMMAND: POST /session/92c8a4308f789fc799e99033afc54cf4/element/f.65165B09D34A62F43149F94F00C74D12.d.F4F6E13D52987E307FBE72C083401B9E.e.5447/elements - {"using":"css selector","value":"td"}
RESULT: {"using":"css selector","value":"td"}
COMMAND: POST /session/92c8a4308f789fc799e99033afc54cf4/element/f.65165B09D34A62F43149F94F00C74D12.d.F4F6E13D52987E307FBE72C083401B9E.e.5448/elements - {"using":"css selector","value":"td"}
RESULT: {"using":"css selector","value":"td"}
COMMAND: POST /session/92c8a4308f789fc799e99033afc54cf4/element/f.65165B09D34A62F43149F94F00C74D12.d.F4F6E13D52987E307FBE72C083401B9E.e.5449/elements - {"using":"css selector","value":"td"}
RESULT: {"using":"css selector","value":"td"}
COMMAND: POST /session/92c8a4308f789fc799e99033afc54cf4/element/f.65165B09D34A62F43149F94F00C74D12.d.F4F6E13D52987E307FBE72C083401B9E.e.5450/elements - {"using":"css selector","value":"td"}
RESULT: {"using":"css selector","value":"td"}
COMMAND: POST /session/92c8a4308f789fc799e99033afc54cf4/element/f.65165B09D34A62F43149F94F00C74D12.d.F4F6E13D52987E307FBE72C083401B9E.e.5451/elements - {"using":"css selector","value":"td"}
RESULT: {"using":"css selector","value":"td"}
COMMAND: POST /session/92c8a4308f789fc799e99033afc54cf4/element/f.65165B09D34A62F43149F94F00C74D12.d.F4F6E13D52987E307FBE72C083401B9E.e.5452/elements - {"using":"css selector","value":"td"}
RESULT: {"using":"css selector","value":"td"}
COMMAND: POST /session/92c8a4308f789fc799e99033afc54cf4/element/f.65165B09D34A62F43149F94F00C74D12.d.F4F6E13D52987E307FBE72C083401B9E.e.5453/elements - {"using":"css selector","value":"td"}
RESULT: {"using":"css selector","value":"td"}
COMMAND: POST /session/92c8a4308f789fc799e99033afc54cf4/element/f.65165B09D34A62F43149F94F00C74D12.d.F4F6E13D52987E307FBE72C083401B9E.e.5454/elements - {"using":"css selector","value":"td"}
RESULT: {"using":"css selector","value":"td"}
COMMAND: POST /session/92c8a4308f789fc799e99033afc54cf4/element/f.65165B09D34A62F43149F94F00C74D12.d.F4F6E13D52987E307FBE72C083401B9E.e.5455/elements - {"using":"css selector","value":"td"}
RESULT: {"using":"css selector","value":"td"}
COMMAND: POST /session/92c8a4308f789fc799e99033afc54cf4/element/f.65165B09D34A62F43149F94F00C74D12.d.F4F6E13D52987E307FBE72C083401B9E.e.5456/elements - {"using":"css selector","value":"td"}
RESULT: {"using":"css selector","value":"td"}
COMMAND: POST /session/92c8a4308f789fc799e99033afc54cf4/element/f.65165B09D34A62F43149F94F00C74D12.d.F4F6E13D52987E307FBE72C083401B9E.e.5457/elements - {"using":"css selector","value":"td"}
RESULT: {"using":"css selector","value":"td"}
COMMAND: POST /session/92c8a4308f789fc799e99033afc54cf4/element/f.65165B09D34A62F43149F94F00C74D12.d.F4F6E13D52987E307FBE72C083401B9E.e.5458/elements - {"using":"css selector","value":"td"}
RESULT: {"using":"css selector","value":"td"}
COMMAND: POST /session/92c8a4308f789fc799e99033afc54cf4/element/f.65165B09D34A62F43149F94F00C74D12.d.F4F6E13D52987E307FBE72C083401B9E.e.5459/elements - {"using":"css selector","value":"td"}
RESULT: {"using":"css selector","value":"td"}
COMMAND: POST /session/92c8a4308f789fc799e99033afc54cf4/element/f.65165B09D34A62F43149F94F00C74D12.d.F4F6E13D52987E307FBE72C083401B9E.e.5460/elements - {"using":"css selector","value":"td"}
RESULT: {"using":"css selector","value":"td"}
COMMAND: POST /session/92c8a4308f789fc799e99033afc54cf4/element/f.65165B09D34A62F43149F94F00C74D12.d.F4F6E13D52987E307FBE72C083401B9E.e.5461/elements - {"using":"css selector","value":"td"}
RESULT: {"using":"css selector","value":"td"}
COMMAND: POST /session/92c8a4308f789fc799e99033afc54cf4/element/f.65165B09D34A62F43149F94F00C74D12.d.F4F6E13D52987E307FBE72C083401B9E.e.5462/elements - {"using":"css selector","value":"td"}
RESULT: {"using":"css selector","value":"td"}
COMMAND: POST /session/92c8a4308f789fc799e99033afc54cf4/element/f.65165B09D34A62F43149F94F00C74D12.d.F4F6E13D52987E307FBE72C083401B9E.e.5463/elements - {"using":"css selector","value":"td"}
RESULT: {"using":"css selector","value":"td"}
COMMAND: POST /session/92c8a4308f789fc799e99033afc54cf4/element/f.65165B09D34A62F43149F94F00C74D12.d.F4F6E13D52987E307FBE72C083401B9E.e.5464/elements - {"using":"css selector","value":"td"}
RESULT: {"using":"css selector","value":"td"}
COMMAND: POST /session/92c8a4308f789fc799e99033afc54cf4/element/f.65165B09D34A62F43149F94F00C74D12.d.F4F6E13D52987E307FBE72C083401B9E.e.5465/elements - {"using":"css selector","value":"td"}
RESULT: {"using":"css selector","value":"td"}
COMMAND: POST /session/92c8a4308f789fc799e99033afc54cf4/element/f.65165B09D34A62F43149F94F00C74D12.d.F4F6E13D52987E307FBE72C083401B9E.e.5466/elements - {"using":"css selector","value":"td"}
RESULT: {"using":"css selector","value":"td"}
COMMAND: POST /session/92c8a4308f789fc799e99033afc54cf4/element/f.65165B09D34A62F43149F94F00C74D12.d.F4F6E13D52987E307FBE72C083401B9E.e.5467/elements - {"using":"css selector","value":"td"}
RESULT: {"using":"css selector","value":"td"}
COMMAND: POST /session/92c8a4308f789fc799e99033afc54cf4/element/f.65165B09D34A62F43149F94F00C74D12.d.F4F6E13D52987E307FBE72C083401B9E.e.5468/elements - {"using":"css selector","value":"td"}
RESULT: {"using":"css selector","value":"td"}
COMMAND: POST /session/92c8a4308f789fc799e99033afc54cf4/element/f.65165B09D34A62F43149F94F00C74D12.d.F4F6E13D52987E307FBE72C083401B9E.e.5469/elements - {"using":"css selector","value":"td"}
RESULT: {"using":"css selector","value":"td"}
COMMAND: POST /session/92c8a4308f789fc799e99033afc54cf4/element/f.65165B09D34A62F43149F94F00C74D12.d.F4F6E13D52987E307FBE72C083401B9E.e.5470/elements - {"using":"css selector","value":"td"}
RESULT: {"using":"css selector","value":"td"}
COMMAND: POST /session/92c8a4308f789fc799e99033afc54cf4/element/f.65165B09D34A62F43149F94F00C74D12.d.F4F6E13D52987E307FBE72C083401B9E.e.5471/elements - {"using":"css selector","value":"td"}
RESULT: {"using":"css selector","value":"td"}
COMMAND: POST /session/92c8a4308f789fc799e99033afc54cf4/element/f.65165B09D34A62F43149F94F00C74D12.d.F4F6E13D52987E307FBE72C083401B9E.e.5472/elements - {"using":"css selector","value":"td"}
RESULT: {"using":"css selector","value":"td"}
COMMAND: POST /session/92c8a4308f789fc799e99033afc54cf4/element/f.65165B09D34A62F43149F94F00C74D12.d.F4F6E13D52987E307FBE72C083401B9E.e.5473/elements - {"using":"css selector","value":"td"}
RESULT: {"using":"css selector","value":"td"}
COMMAND: POST /session/92c8a4308f789fc799e99033afc54cf4/element/f.65165B09D34A62F43149F94F00C74D12.d.F4F6E13D52987E307FBE72C083401B9E.e.5474/elements - {"using":"css selector","value":"td"}
RESULT: {"using":"css selector","value":"td"}
COMMAND: POST /session/92c8a4308f789fc799e99033afc54cf4/element/f.65165B09D34A62F43149F94F00C74D12.d.F4F6E13D52987E307FBE72C083401B9E.e.5475/elements - {"using":"css selector","value":"td"}
RESULT: {"using":"css selector","value":"td"}
COMMAND: POST /session/92c8a4308f789fc799e99033afc54cf4/element/f.65165B09D34A62F43149F94F00C74D12.d.F4F6E13D52987E307FBE72C083401B9E.e.5476/elements - {"using":"css selector","value":"td"}
RESULT: {"using":"css selector","value":"td"}
COMMAND: POST /session/92c8a4308f789fc799e99033afc54cf4/element/f.65165B09D34A62F43149F94F00C74D12.d.F4F6E13D52987E307FBE72C083401B9E.e.5477/elements - {"using":"css selector","value":"td"}
RESULT: {"using":"css selector","value":"td"}
COMMAND: POST /session/92c8a4308f789fc799e99033afc54cf4/element/f.65165B09D34A62F43149F94F00C74D12.d.F4F6E13D52987E307FBE72C083401B9E.e.5478/elements - {"using":"css selector","value":"td"}
RESULT: {"using":"css selector","value":"td"}
COMMAND: POST /session/92c8a4308f789fc799e99033afc54cf4/element/f.65165B09D34A62F43149F94F00C74D12.d.F4F6E13D52987E307FBE72C083401B9E.e.5479/elements - {"using":"css selector","value":"td"}
RESULT: {"using":"css selector","value":"td"}
COMMAND: POST /session/92c8a4308f789fc799e99033afc54cf4/element/f.65165B09D34A62F43149F94F00C74D12.d.F4F6E13D52987E307FBE72C083401B9E.e.5480/elements - {"using":"css selector","value":"td"}
RESULT: {"using":"css selector","value":"td"}
COMMAND: POST /session/92c8a4308f789fc799e99033afc54cf4/element/f.65165B09D34A62F43149F94F00C74D12.d.F4F6E13D52987E307FBE72C083401B9E.e.5481/elements - {"using":"css selector","value":"td"}
RESULT: {"using":"css selector","value":"td"}
COMMAND: POST /session/92c8a4308f789fc799e99033afc54cf4/element/f.65165B09D34A62F43149F94F00C74D12.d.F4F6E13D52987E307FBE72C083401B9E.e.5482/elements - {"using":"css selector","value":"td"}
RESULT: {"using":"css selector","value":"td"}
COMMAND: POST /session/92c8a4308f789fc799e99033afc54cf4/element/f.65165B09D34A62F43149F94F00C74D12.d.F4F6E13D52987E307FBE72C083401B9E.e.5483/elements - {"using":"css selector","value":"td"}
RESULT: {"using":"css selector","value":"td"}
COMMAND: POST /session/92c8a4308f789fc799e99033afc54cf4/element/f.65165B09D34A62F43149F94F00C74D12.d.F4F6E13D52987E307FBE72C083401B9E.e.5484/elements - {"using":"css selector","value":"td"}
RESULT: {"using":"css selector","value":"td"}
COMMAND: POST /session/92c8a4308f789fc799e99033afc54cf4/element/f.65165B09D34A62F43149F94F00C74D12.d.F4F6E13D52987E307FBE72C083401B9E.e.5485/elements - {"using":"css selector","value":"td"}
RESULT: {"using":"css selector","value":"td"}
COMMAND: POST /session/92c8a4308f789fc799e99033afc54cf4/element/f.65165B09D34A62F43149F94F00C74D12.d.F4F6E13D52987E307FBE72C083401B9E.e.5486/elements - {"using":"css selector","value":"td"}
RESULT: {"using":"css selector","value":"td"}
COMMAND: POST /session/92c8a4308f789fc799e99033afc54cf4/element/f.65165B09D34A62F43149F94F00C74D12.d.F4F6E13D52987E307FBE72C083401B9E.e.5487/elements - {"using":"css selector","value":"td"}
RESULT: {"using":"css selector","value":"td"}
COMMAND: POST /session/92c8a4308f789fc799e99033afc54cf4/element/f.65165B09D34A62F43149F94F00C74D12.d.F4F6E13D52987E307FBE72C083401B9E.e.5488/elements - {"using":"css selector","value":"td"}
RESULT: {"using":"css selector","value":"td"}
COMMAND: POST /session/92c8a4308f789fc799e99033afc54cf4/element/f.65165B09D34A62F43149F94F00C74D12.d.F4F6E13D52987E307FBE72C083401B9E.e.5489/elements - {"using":"css selector","value":"td"}
RESULT: {"using":"css selector","value":"td"}
COMMAND: POST /session/92c8a4308f789fc799e99033afc54cf4/element/f.65165B09D34A62F43149F94F00C74D12.d.F4F6E13D52987E307FBE72C083401B9E.e.5490/elements - {"using":"css selector","value":"td"}
RESULT: {"using":"css selector","value":"td"}
COMMAND: POST /session/92c8a4308f789fc799e99033afc54cf4/element/f.65165B09D34A62F43149F94F00C74D12.d.F4F6E13D52987E307FBE72C083401B9E.e.5491/elements - {"using":"css selector","value":"td"}
RESULT: {"using":"css selector","value":"td"}
COMMAND: POST /session/92c8a4308f789fc799e99033afc54cf4/element/f.65165B09D34A62F43149F94F00C74D12.d.F4F6E13D52987E307FBE72C083401B9E.e.5492/elements - {"using":"css selector","value":"td"}
RESULT: {"using":"css selector","value":"td"}
COMMAND: POST /session/92c8a4308f789fc799e99033afc54cf4/element/f.65165B09D34A62F43149F94F00C74D12.d.F4F6E13D52987E307FBE72C083401B9E.e.5493/elements - {"using":"css selector","value":"td"}
RESULT: {"using":"css selector","value":"td"}
COMMAND: POST /session/92c8a4308f789fc799e99033afc54cf4/element/f.65165B09D34A62F43149F94F00C74D12.d.F4F6E13D52987E307FBE72C083401B9E.e.5494/elements - {"using":"css selector","value":"td"}
RESULT: {"using":"css selector","value":"td"}
COMMAND: POST /session/92c8a4308f789fc799e99033afc54cf4/element/f.65165B09D34A62F43149F94F00C74D12.d.F4F6E13D52987E307FBE72C083401B9E.e.5495/elements - {"using":"css selector","value":"td"}
RESULT: {"using":"css selector","value":"td"}
COMMAND: POST /session/92c8a4308f789fc799e99033afc54cf4/element/f.65165B09D34A62F43149F94F00C74D12.d.F4F6E13D52987E307FBE72C083401B9E.e.5496/elements - {"using":"css selector","value":"td"}
RESULT: {"using":"css selector","value":"td"}
COMMAND: POST /session/92c8a4308f789fc799e99033afc54cf4/element/f.65165B09D34A62F43149F94F00C74D12.d.F4F6E13D52987E307FBE72C083401B9E.e.5497/elements - {"using":"css selector","value":"td"}
RESULT: {"using":"css selector","value":"td"}
COMMAND: POST /session/92c8a4308f789fc799e99033afc54cf4/element/f.65165B09D34A62F43149F94F00C74D12.d.F4F6E13D52987E307FBE72C083401B9E.e.5498/elements - {"using":"css selector","value":"td"}
RESULT: {"using":"css selector","value":"td"}
COMMAND: POST /session/92c8a4308f789fc799e99033afc54cf4/element/f.65165B09D34A62F43149F94F00C74D12.d.F4F6E13D52987E307FBE72C083401B9E.e.5499/elements - {"using":"css selector","value":"td"}
RESULT: {"using":"css selector","value":"td"}
COMMAND: POST /session/92c8a4308f789fc799e99033afc54cf4/element/f.65165B09D34A62F43149F94F00C74D12.d.F4F6E13D52987E307FBE72C083401B9E.e.5500/elements - {"using":"css selector","value":"td"}
RESULT: {"using":"css selector","value":"td"}
COMMAND: POST /session/92c8a4308f789fc799e99033afc54cf4/element/f.65165B09D34A62F43149F94F00C74D12.d.F4F6E13D52987E307FBE72C083401B9E.e.5501/elements - {"using":"css selector","value":"td"}
RESULT: {"using":"css selector","value":"td"}
COMMAND: POST /session/92c8a4308f789fc799e99033afc54cf4/element/f.65165B09D34A62F43149F94F00C74D12.d.F4F6E13D52987E307FBE72C083401B9E.e.5502/elements - {"using":"css selector","value":"td"}
RESULT: {"using":"css selector","value":"td"}
COMMAND: POST /session/92c8a4308f789fc799e99033afc54cf4/element/f.65165B09D34A62F43149F94F00C74D12.d.F4F6E13D52987E307FBE72C083401B9E.e.5503/elements - {"using":"css selector","value":"td"}
RESULT: {"using":"css selector","value":"td"}
COMMAND: POST /session/92c8a4308f789fc799e99033afc54cf4/element/f.65165B09D34A62F43149F94F00C74D12.d.F4F6E13D52987E307FBE72C083401B9E.e.5504/elements - {"using":"css selector","value":"td"}
RESULT: {"using":"css selector","value":"td"}
COMMAND: POST /session/92c8a4308f789fc799e99033afc54cf4/element/f.65165B09D34A62F43149F94F00C74D12.d.F4F6E13D52987E307FBE72C083401B9E.e.5505/elements - {"using":"css selector","value":"td"}
RESULT: {"using":"css selector","value":"td"}
COMMAND: POST /session/92c8a4308f789fc799e99033afc54cf4/element/f.65165B09D34A62F43149F94F00C74D12.d.F4F6E13D52987E307FBE72C083401B9E.e.5506/elements - {"using":"css selector","value":"td"}
RESULT: {"using":"css selector","value":"td"}
COMMAND: POST /session/92c8a4308f789fc799e99033afc54cf4/element/f.65165B09D34A62F43149F94F00C74D12.d.F4F6E13D52987E307FBE72C083401B9E.e.5507/elements - {"using":"css selector","value":"td"}
RESULT: {"using":"css selector","value":"td"}
COMMAND: POST /session/92c8a4308f789fc799e99033afc54cf4/element/f.65165B09D34A62F43149F94F00C74D12.d.F4F6E13D52987E307FBE72C083401B9E.e.5508/elements - {"using":"css selector","value":"td"}
RESULT: {"using":"css selector","value":"td"}
COMMAND: POST /session/92c8a4308f789fc799e99033afc54cf4/element/f.65165B09D34A62F43149F94F00C74D12.d.F4F6E13D52987E307FBE72C083401B9E.e.5509/elements - {"using":"css selector","value":"td"}
RESULT: {"using":"css selector","value":"td"}
COMMAND: POST /session/92c8a4308f789fc799e99033afc54cf4/element/f.65165B09D34A62F43149F94F00C74D12.d.F4F6E13D52987E307FBE72C083401B9E.e.5510/elements - {"using":"css selector","value":"td"}
RESULT: {"using":"css selector","value":"td"}
COMMAND: POST /session/92c8a4308f789fc799e99033afc54cf4/element/f.65165B09D34A62F43149F94F00C74D12.d.F4F6E13D52987E307FBE72C083401B9E.e.5511/elements - {"using":"css selector","value":"td"}
RESULT: {"using":"css selector","value":"td"}
COMMAND: POST /session/92c8a4308f789fc799e99033afc54cf4/element/f.65165B09D34A62F43149F94F00C74D12.d.F4F6E13D52987E307FBE72C083401B9E.e.5512/elements - {"using":"css selector","value":"td"}
RESULT: {"using":"css selector","value":"td"}
COMMAND: POST /session/92c8a4308f789fc799e99033afc54cf4/element/f.65165B09D34A62F43149F94F00C74D12.d.F4F6E13D52987E307FBE72C083401B9E.e.5513/elements - {"using":"css selector","value":"td"}
RESULT: {"using":"css selector","value":"td"}
COMMAND: POST /session/92c8a4308f789fc799e99033afc54cf4/element/f.65165B09D34A62F43149F94F00C74D12.d.F4F6E13D52987E307FBE72C083401B9E.e.5514/elements - {"using":"css selector","value":"td"}
RESULT: {"using":"css selector","value":"td"}
COMMAND: POST /session/92c8a4308f789fc799e99033afc54cf4/element/f.65165B09D34A62F43149F94F00C74D12.d.F4F6E13D52987E307FBE72C083401B9E.e.5515/elements - {"using":"css selector","value":"td"}
RESULT: {"using":"css selector","value":"td"}
COMMAND: POST /session/92c8a4308f789fc799e99033afc54cf4/element/f.65165B09D34A62F43149F94F00C74D12.d.F4F6E13D52987E307FBE72C083401B9E.e.5516/elements - {"using":"css selector","value":"td"}
RESULT: {"using":"css selector","value":"td"}
COMMAND: POST /session/92c8a4308f789fc799e99033afc54cf4/element/f.65165B09D34A62F43149F94F00C74D12.d.F4F6E13D52987E307FBE72C083401B9E.e.5517/elements - {"using":"css selector","value":"td"}
RESULT: {"using":"css selector","value":"td"}
COMMAND: POST /session/92c8a4308f789fc799e99033afc54cf4/element/f.65165B09D34A62F43149F94F00C74D12.d.F4F6E13D52987E307FBE72C083401B9E.e.5518/elements - {"using":"css selector","value":"td"}
RESULT: {"using":"css selector","value":"td"}
COMMAND: POST /session/92c8a4308f789fc799e99033afc54cf4/element/f.65165B09D34A62F43149F94F00C74D12.d.F4F6E13D52987E307FBE72C083401B9E.e.5519/elements - {"using":"css selector","value":"td"}
RESULT: {"using":"css selector","value":"td"}
COMMAND: POST /session/92c8a4308f789fc799e99033afc54cf4/element/f.65165B09D34A62F43149F94F00C74D12.d.F4F6E13D52987E307FBE72C083401B9E.e.5520/elements - {"using":"css selector","value":"td"}
RESULT: {"using":"css selector","value":"td"}
COMMAND: POST /session/92c8a4308f789fc799e99033afc54cf4/element/f.65165B09D34A62F43149F94F00C74D12.d.F4F6E13D52987E307FBE72C083401B9E.e.5521/elements - {"using":"css selector","value":"td"}
RESULT: {"using":"css selector","value":"td"}
COMMAND: POST /session/92c8a4308f789fc799e99033afc54cf4/element/f.65165B09D34A62F43149F94F00C74D12.d.F4F6E13D52987E307FBE72C083401B9E.e.5522/elements - {"using":"css selector","value":"td"}
RESULT: {"using":"css selector","value":"td"}
COMMAND: POST /session/92c8a4308f789fc799e99033afc54cf4/element/f.65165B09D34A62F43149F94F00C74D12.d.F4F6E13D52987E307FBE72C083401B9E.e.5523/elements - {"using":"css selector","value":"td"}
RESULT: {"using":"css selector","value":"td"}
COMMAND: POST /session/92c8a4308f789fc799e99033afc54cf4/element/f.65165B09D34A62F43149F94F00C74D12.d.F4F6E13D52987E307FBE72C083401B9E.e.5524/elements - {"using":"css selector","value":"td"}
RESULT: {"using":"css selector","value":"td"}
COMMAND: POST /session/92c8a4308f789fc799e99033afc54cf4/element/f.65165B09D34A62F43149F94F00C74D12.d.F4F6E13D52987E307FBE72C083401B9E.e.5525/elements - {"using":"css selector","value":"td"}
RESULT: {"using":"css selector","value":"td"}
COMMAND: POST /session/92c8a4308f789fc799e99033afc54cf4/element/f.65165B09D34A62F43149F94F00C74D12.d.F4F6E13D52987E307FBE72C083401B9E.e.5526/elements - {"using":"css selector","value":"td"}
RESULT: {"using":"css selector","value":"td"}
COMMAND: POST /session/92c8a4308f789fc799e99033afc54cf4/element/f.65165B09D34A62F43149F94F00C74D12.d.F4F6E13D52987E307FBE72C083401B9E.e.5527/elements - {"using":"css selector","value":"td"}
RESULT: {"using":"css selector","value":"td"}
COMMAND: POST /session/92c8a4308f789fc799e99033afc54cf4/element/f.65165B09D34A62F43149F94F00C74D12.d.F4F6E13D52987E307FBE72C083401B9E.e.5528/elements - {"using":"css selector","value":"td"}
RESULT: {"using":"css selector","value":"td"}
COMMAND: POST /session/92c8a4308f789fc799e99033afc54cf4/element/f.65165B09D34A62F43149F94F00C74D12.d.F4F6E13D52987E307FBE72C083401B9E.e.5529/elements - {"using":"css selector","value":"td"}
RESULT: {"using":"css selector","value":"td"}
COMMAND: POST /session/92c8a4308f789fc799e99033afc54cf4/element/f.65165B09D34A62F43149F94F00C74D12.d.F4F6E13D52987E307FBE72C083401B9E.e.5530/elements - {"using":"css selector","value":"td"}
RESULT: {"using":"css selector","value":"td"}
COMMAND: POST /session/92c8a4308f789fc799e99033afc54cf4/element/f.65165B09D34A62F43149F94F00C74D12.d.F4F6E13D52987E307FBE72C083401B9E.e.5531/elements - {"using":"css selector","value":"td"}
RESULT: {"using":"css selector","value":"td"}
COMMAND: POST /session/92c8a4308f789fc799e99033afc54cf4/element/f.65165B09D34A62F43149F94F00C74D12.d.F4F6E13D52987E307FBE72C083401B9E.e.5532/elements - {"using":"css selector","value":"td"}
RESULT: {"using":"css selector","value":"td"}
COMMAND: POST /session/92c8a4308f789fc799e99033afc54cf4/element/f.65165B09D34A62F43149F94F00C74D12.d.F4F6E13D52987E307FBE72C083401B9E.e.5533/elements - {"using":"css selector","value":"td"}
RESULT: {"using":"css selector","value":"td"}
COMMAND: POST /session/92c8a4308f789fc799e99033afc54cf4/element/f.65165B09D34A62F43149F94F00C74D12.d.F4F6E13D52987E307FBE72C083401B9E.e.5534/elements - {"using":"css selector","value":"td"}
RESULT: {"using":"css selector","value":"td"}
COMMAND: POST /session/92c8a4308f789fc799e99033afc54cf4/element/f.65165B09D34A62F43149F94F00C74D12.d.F4F6E13D52987E307FBE72C083401B9E.e.5535/elements - {"using":"css selector","value":"td"}
RESULT: {"using":"css selector","value":"td"}
COMMAND: POST /session/92c8a4308f789fc799e99033afc54cf4/element/f.65165B09D34A62F43149F94F00C74D12.d.F4F6E13D52987E307FBE72C083401B9E.e.5536/elements - {"using":"css selector","value":"td"}
RESULT: {"using":"css selector","value":"td"}
COMMAND: POST /session/92c8a4308f789fc799e99033afc54cf4/element/f.65165B09D34A62F43149F94F00C74D12.d.F4F6E13D52987E307FBE72C083401B9E.e.5537/elements - {"using":"css selector","value":"td"}
RESULT: {"using":"css selector","value":"td"}
COMMAND: POST /session/92c8a4308f789fc799e99033afc54cf4/element/f.65165B09D34A62F43149F94F00C74D12.d.F4F6E13D52987E307FBE72C083401B9E.e.5538/elements - {"using":"css selector","value":"td"}
RESULT: {"using":"css selector","value":"td"}
COMMAND: POST /session/92c8a4308f789fc799e99033afc54cf4/element/f.65165B09D34A62F43149F94F00C74D12.d.F4F6E13D52987E307FBE72C083401B9E.e.5539/elements - {"using":"css selector","value":"td"}
RESULT: {"using":"css selector","value":"td"}
COMMAND: POST /session/92c8a4308f789fc799e99033afc54cf4/element/f.65165B09D34A62F43149F94F00C74D12.d.F4F6E13D52987E307FBE72C083401B9E.e.5540/elements - {"using":"css selector","value":"td"}
RESULT: {"using":"css selector","value":"td"}
COMMAND: POST /session/92c8a4308f789fc799e99033afc54cf4/element/f.65165B09D34A62F43149F94F00C74D12.d.F4F6E13D52987E307FBE72C083401B9E.e.5541/elements - {"using":"css selector","value":"td"}
RESULT: {"using":"css selector","value":"td"}
COMMAND: POST /session/92c8a4308f789fc799e99033afc54cf4/element/f.65165B09D34A62F43149F94F00C74D12.d.F4F6E13D52987E307FBE72C083401B9E.e.5542/elements - {"using":"css selector","value":"td"}
RESULT: {"using":"css selector","value":"td"}
COMMAND: POST /session/92c8a4308f789fc799e99033afc54cf4/element/f.65165B09D34A62F43149F94F00C74D12.d.F4F6E13D52987E307FBE72C083401B9E.e.5543/elements - {"using":"css selector","value":"td"}
RESULT: {"using":"css selector","value":"td"}
COMMAND: POST /session/92c8a4308f789fc799e99033afc54cf4/element/f.65165B09D34A62F43149F94F00C74D12.d.F4F6E13D52987E307FBE72C083401B9E.e.5544/elements - {"using":"css selector","value":"td"}
RESULT: {"using":"css selector","value":"td"}
COMMAND: POST /session/92c8a4308f789fc799e99033afc54cf4/element/f.65165B09D34A62F43149F94F00C74D12.d.F4F6E13D52987E307FBE72C083401B9E.e.5545/elements - {"using":"css selector","value":"td"}
RESULT: {"using":"css selector","value":"td"}
COMMAND: POST /session/92c8a4308f789fc799e99033afc54cf4/element/f.65165B09D34A62F43149F94F00C74D12.d.F4F6E13D52987E307FBE72C083401B9E.e.5546/elements - {"using":"css selector","value":"td"}
RESULT: {"using":"css selector","value":"td"}
COMMAND: POST /session/92c8a4308f789fc799e99033afc54cf4/element/f.65165B09D34A62F43149F94F00C74D12.d.F4F6E13D52987E307FBE72C083401B9E.e.5547/elements - {"using":"css selector","value":"td"}
RESULT: {"using":"css selector","value":"td"}
COMMAND: POST /session/92c8a4308f789fc799e99033afc54cf4/element/f.65165B09D34A62F43149F94F00C74D12.d.F4F6E13D52987E307FBE72C083401B9E.e.5548/elements - {"using":"css selector","value":"td"}
RESULT: {"using":"css selector","value":"td"}
COMMAND: POST /session/92c8a4308f789fc799e99033afc54cf4/element/f.65165B09D34A62F43149F94F00C74D12.d.F4F6E13D52987E307FBE72C083401B9E.e.5549/elements - {"using":"css selector","value":"td"}
RESULT: {"using":"css selector","value":"td"}
COMMAND: POST /session/92c8a4308f789fc799e99033afc54cf4/element/f.65165B09D34A62F43149F94F00C74D12.d.F4F6E13D52987E307FBE72C083401B9E.e.5550/elements - {"using":"css selector","value":"td"}
RESULT: {"using":"css selector","value":"td"}
COMMAND: POST /session/92c8a4308f789fc799e99033afc54cf4/element/f.65165B09D34A62F43149F94F00C74D12.d.F4F6E13D52987E307FBE72C083401B9E.e.5551/elements - {"using":"css selector","value":"td"}
RESULT: {"using":"css selector","value":"td"}
COMMAND: POST /session/92c8a4308f789fc799e99033afc54cf4/element/f.65165B09D34A62F43149F94F00C74D12.d.F4F6E13D52987E307FBE72C083401B9E.e.5552/elements - {"using":"css selector","value":"td"}
RESULT: {"using":"css selector","value":"td"}
COMMAND: POST /session/92c8a4308f789fc799e99033afc54cf4/element/f.65165B09D34A62F43149F94F00C74D12.d.F4F6E13D52987E307FBE72C083401B9E.e.5553/elements - {"using":"css selector","value":"td"}
RESULT: {"using":"css selector","value":"td"}
COMMAND: POST /session/92c8a4308f789fc799e99033afc54cf4/element/f.65165B09D34A62F43149F94F00C74D12.d.F4F6E13D52987E307FBE72C083401B9E.e.5554/elements - {"using":"css selector","value":"td"}
RESULT: {"using":"css selector","value":"td"}
COMMAND: POST /session/92c8a4308f789fc799e99033afc54cf4/element/f.65165B09D34A62F43149F94F00C74D12.d.F4F6E13D52987E307FBE72C083401B9E.e.5555/elements - {"using":"css selector","value":"td"}
RESULT: {"using":"css selector","value":"td"}
COMMAND: POST /session/92c8a4308f789fc799e99033afc54cf4/element/f.65165B09D34A62F43149F94F00C74D12.d.F4F6E13D52987E307FBE72C083401B9E.e.5556/elements - {"using":"css selector","value":"td"}
RESULT: {"using":"css selector","value":"td"}
COMMAND: POST /session/92c8a4308f789fc799e99033afc54cf4/element/f.65165B09D34A62F43149F94F00C74D12.d.F4F6E13D52987E307FBE72C083401B9E.e.5557/elements - {"using":"css selector","value":"td"}
RESULT: {"using":"css selector","value":"td"}
COMMAND: POST /session/92c8a4308f789fc799e99033afc54cf4/element/f.65165B09D34A62F43149F94F00C74D12.d.F4F6E13D52987E307FBE72C083401B9E.e.5558/elements - {"using":"css selector","value":"td"}
RESULT: {"using":"css selector","value":"td"}
COMMAND: POST /session/92c8a4308f789fc799e99033afc54cf4/element/f.65165B09D34A62F43149F94F00C74D12.d.F4F6E13D52987E307FBE72C083401B9E.e.5559/elements - {"using":"css selector","value":"td"}
RESULT: {"using":"css selector","value":"td"}
COMMAND: POST /session/92c8a4308f789fc799e99033afc54cf4/element/f.65165B09D34A62F43149F94F00C74D12.d.F4F6E13D52987E307FBE72C083401B9E.e.5560/elements - {"using":"css selector","value":"td"}
RESULT: {"using":"css selector","value":"td"}
COMMAND: POST /session/92c8a4308f789fc799e99033afc54cf4/element/f.65165B09D34A62F43149F94F00C74D12.d.F4F6E13D52987E307FBE72C083401B9E.e.5561/elements - {"using":"css selector","value":"td"}
RESULT: {"using":"css selector","value":"td"}
COMMAND: POST /session/92c8a4308f789fc799e99033afc54cf4/element/f.65165B09D34A62F43149F94F00C74D12.d.F4F6E13D52987E307FBE72C083401B9E.e.5562/elements - {"using":"css selector","value":"td"}
RESULT: {"using":"css selector","value":"td"}
COMMAND: POST /session/92c8a4308f789fc799e99033afc54cf4/element/f.65165B09D34A62F43149F94F00C74D12.d.F4F6E13D52987E307FBE72C083401B9E.e.5563/elements - {"using":"css selector","value":"td"}
RESULT: {"using":"css selector","value":"td"}
COMMAND: POST /session/92c8a4308f789fc799e99033afc54cf4/element/f.65165B09D34A62F43149F94F00C74D12.d.F4F6E13D52987E307FBE72C083401B9E.e.5564/elements - {"using":"css selector","value":"td"}
RESULT: {"using":"css selector","value":"td"}
COMMAND: POST /session/92c8a4308f789fc799e99033afc54cf4/element/f.65165B09D34A62F43149F94F00C74D12.d.F4F6E13D52987E307FBE72C083401B9E.e.5565/elements - {"using":"css selector","value":"td"}
RESULT: {"using":"css selector","value":"td"}
COMMAND: POST /session/92c8a4308f789fc799e99033afc54cf4/element/f.65165B09D34A62F43149F94F00C74D12.d.F4F6E13D52987E307FBE72C083401B9E.e.5566/elements - {"using":"css selector","value":"td"}
RESULT: {"using":"css selector","value":"td"}
COMMAND: POST /session/92c8a4308f789fc799e99033afc54cf4/element/f.65165B09D34A62F43149F94F00C74D12.d.F4F6E13D52987E307FBE72C083401B9E.e.5567/elements - {"using":"css selector","value":"td"}
RESULT: {"using":"css selector","value":"td"}
COMMAND: POST /session/92c8a4308f789fc799e99033afc54cf4/element/f.65165B09D34A62F43149F94F00C74D12.d.F4F6E13D52987E307FBE72C083401B9E.e.5568/elements - {"using":"css selector","value":"td"}
RESULT: {"using":"css selector","value":"td"}
COMMAND: POST /session/92c8a4308f789fc799e99033afc54cf4/element/f.65165B09D34A62F43149F94F00C74D12.d.F4F6E13D52987E307FBE72C083401B9E.e.5569/elements - {"using":"css selector","value":"td"}
RESULT: {"using":"css selector","value":"td"}
COMMAND: POST /session/92c8a4308f789fc799e99033afc54cf4/element/f.65165B09D34A62F43149F94F00C74D12.d.F4F6E13D52987E307FBE72C083401B9E.e.5570/elements - {"using":"css selector","value":"td"}
RESULT: {"using":"css selector","value":"td"}
COMMAND: POST /session/92c8a4308f789fc799e99033afc54cf4/element/f.65165B09D34A62F43149F94F00C74D12.d.F4F6E13D52987E307FBE72C083401B9E.e.5571/elements - {"using":"css selector","value":"td"}
RESULT: {"using":"css selector","value":"td"}
COMMAND: POST /session/92c8a4308f789fc799e99033afc54cf4/element/f.65165B09D34A62F43149F94F00C74D12.d.F4F6E13D52987E307FBE72C083401B9E.e.5572/elements - {"using":"css selector","value":"td"}
RESULT: {"using":"css selector","value":"td"}
COMMAND: POST /session/92c8a4308f789fc799e99033afc54cf4/element/f.65165B09D34A62F43149F94F00C74D12.d.F4F6E13D52987E307FBE72C083401B9E.e.5573/elements - {"using":"css selector","value":"td"}
RESULT: {"using":"css selector","value":"td"}
COMMAND: POST /session/92c8a4308f789fc799e99033afc54cf4/element/f.65165B09D34A62F43149F94F00C74D12.d.F4F6E13D52987E307FBE72C083401B9E.e.5574/elements - {"using":"css selector","value":"td"}
RESULT: {"using":"css selector","value":"td"}
COMMAND: POST /session/92c8a4308f789fc799e99033afc54cf4/element/f.65165B09D34A62F43149F94F00C74D12.d.F4F6E13D52987E307FBE72C083401B9E.e.5575/elements - {"using":"css selector","value":"td"}
RESULT: {"using":"css selector","value":"td"}
COMMAND: POST /session/92c8a4308f789fc799e99033afc54cf4/element/f.65165B09D34A62F43149F94F00C74D12.d.F4F6E13D52987E307FBE72C083401B9E.e.5576/elements - {"using":"css selector","value":"td"}
RESULT: {"using":"css selector","value":"td"}
COMMAND: POST /session/92c8a4308f789fc799e99033afc54cf4/element/f.65165B09D34A62F43149F94F00C74D12.d.F4F6E13D52987E307FBE72C083401B9E.e.5577/elements - {"using":"css selector","value":"td"}
RESULT: {"using":"css selector","value":"td"}
COMMAND: POST /session/92c8a4308f789fc799e99033afc54cf4/element/f.65165B09D34A62F43149F94F00C74D12.d.F4F6E13D52987E307FBE72C083401B9E.e.5578/elements - {"using":"css selector","value":"td"}
RESULT: {"using":"css selector","value":"td"}
COMMAND: POST /session/92c8a4308f789fc799e99033afc54cf4/element/f.65165B09D34A62F43149F94F00C74D12.d.F4F6E13D52987E307FBE72C083401B9E.e.5579/elements - {"using":"css selector","value":"td"}
RESULT: {"using":"css selector","value":"td"}
COMMAND: POST /session/92c8a4308f789fc799e99033afc54cf4/element/f.65165B09D34A62F43149F94F00C74D12.d.F4F6E13D52987E307FBE72C083401B9E.e.5580/elements - {"using":"css selector","value":"td"}
RESULT: {"using":"css selector","value":"td"}
COMMAND: POST /session/92c8a4308f789fc799e99033afc54cf4/element/f.65165B09D34A62F43149F94F00C74D12.d.F4F6E13D52987E307FBE72C083401B9E.e.5581/elements - {"using":"css selector","value":"td"}
RESULT: {"using":"css selector","value":"td"}
COMMAND: POST /session/92c8a4308f789fc799e99033afc54cf4/element/f.65165B09D34A62F43149F94F00C74D12.d.F4F6E13D52987E307FBE72C083401B9E.e.5582/elements - {"using":"css selector","value":"td"}
RESULT: {"using":"css selector","value":"td"}
COMMAND: POST /session/92c8a4308f789fc799e99033afc54cf4/element/f.65165B09D34A62F43149F94F00C74D12.d.F4F6E13D52987E307FBE72C083401B9E.e.5583/elements - {"using":"css selector","value":"td"}
RESULT: {"using":"css selector","value":"td"}
COMMAND: POST /session/92c8a4308f789fc799e99033afc54cf4/element/f.65165B09D34A62F43149F94F00C74D12.d.F4F6E13D52987E307FBE72C083401B9E.e.5584/elements - {"using":"css selector","value":"td"}
RESULT: {"using":"css selector","value":"td"}
COMMAND: POST /session/92c8a4308f789fc799e99033afc54cf4/element/f.65165B09D34A62F43149F94F00C74D12.d.F4F6E13D52987E307FBE72C083401B9E.e.5606/element - {"using":"css selector","value":"input"}
RESULT: {"using":"css selector","value":"input"}
COMMAND: GET /session/92c8a4308f789fc799e99033afc54cf4/element/f.65165B09D34A62F43149F94F00C74D12.d.F4F6E13D52987E307FBE72C083401B9E.e.5589/property/value - {}
RESULT: {}
COMMAND: POST /session/92c8a4308f789fc799e99033afc54cf4/element/f.65165B09D34A62F43149F94F00C74D12.d.F4F6E13D52987E307FBE72C083401B9E.e.5584/element - {"using":"css selector","value":".sapMCbBg"}
COMMAND: GET /session/92c8a4308f789fc799e99033afc54cf4/screenshot - {}
RESULT: {"using":"css selector","value":".sapMCbBg"}
COMMAND: GET /session/92c8a4308f789fc799e99033afc54cf4/element/f.65165B09D34A62F43149F94F00C74D12.d.F4F6E13D52987E307FBE72C083401B9E.e.6476/selected - {}
RESULT: {}
RESULT: {}
COMMAND: POST /session/92c8a4308f789fc799e99033afc54cf4/element/f.65165B09D34A62F43149F94F00C74D12.d.F4F6E13D52987E307FBE72C083401B9E.e.6476/click - {}
COMMAND: GET /session/92c8a4308f789fc799e99033afc54cf4/screenshot - {}
RESULT: {}
RESULT: {}
COMMAND: POST /session/92c8a4308f789fc799e99033afc54cf4/element/f.65165B09D34A62F43149F94F00C74D12.d.F4F6E13D52987E307FBE72C083401B9E.e.5621/elements - {"using":"css selector","value":"td"}
COMMAND: GET /session/92c8a4308f789fc799e99033afc54cf4/screenshot - {}
RESULT: {"using":"css selector","value":"td"}
COMMAND: POST /session/92c8a4308f789fc799e99033afc54cf4/element/f.65165B09D34A62F43149F94F00C74D12.d.F4F6E13D52987E307FBE72C083401B9E.e.5636/element - {"using":"css selector","value":"input"}
RESULT: {}
RESULT: {"using":"css selector","value":"input"}
COMMAND: GET /session/92c8a4308f789fc799e99033afc54cf4/element/f.65165B09D34A62F43149F94F00C74D12.d.F4F6E13D52987E307FBE72C083401B9E.e.5618/property/value - {}
RESULT: {}
COMMAND: POST /session/92c8a4308f789fc799e99033afc54cf4/element/f.65165B09D34A62F43149F94F00C74D12.d.F4F6E13D52987E307FBE72C083401B9E.e.5621/element - {"using":"css selector","value":".sapMCbBg"}
COMMAND: GET /session/92c8a4308f789fc799e99033afc54cf4/screenshot - {}
RESULT: {"using":"css selector","value":".sapMCbBg"}
COMMAND: GET /session/92c8a4308f789fc799e99033afc54cf4/element/f.65165B09D34A62F43149F94F00C74D12.d.F4F6E13D52987E307FBE72C083401B9E.e.6480/selected - {}
RESULT: {}
RESULT: {}
COMMAND: POST /session/92c8a4308f789fc799e99033afc54cf4/element/f.65165B09D34A62F43149F94F00C74D12.d.F4F6E13D52987E307FBE72C083401B9E.e.6480/click - {}
COMMAND: GET /session/92c8a4308f789fc799e99033afc54cf4/screenshot - {}
RESULT: {}
COMMAND: GET /session/92c8a4308f789fc799e99033afc54cf4/screenshot - {}
RESULT: {}
RESULT: {}
COMMAND: POST /session/92c8a4308f789fc799e99033afc54cf4/execute/async - {"script":"<script> [1562 bytes]","args":[{"selector":{"id":"application-manageconditionprice-display-component---dailyPrices--deleteBtn","interaction":{"idSuffix":"content"}},"wdio_ui5_key":"applicationmanageconditionprice-display-component---dailyPrices--deleteBtn"}]}
RESULT: {"script":"<script> [1562 bytes]","args":[{"selector":{"id":"application-manageconditionprice-display-component---dailyPrices--deleteBtn","interaction":{"idSuffix":"content"}},"wdio_ui5_key":"applicationmanageconditionprice-display-component---dailyPrices--deleteBtn"}]}
RESULT: undefined
COMMAND: POST /session/92c8a4308f789fc799e99033afc54cf4/element - {"using":"xpath","value":"//*[@id=\"application-manageconditionprice-display-component---dailyPrices--deleteBtn\"]"}
RESULT: {"using":"xpath","value":"//*[@id=\"application-manageconditionprice-display-component---dailyPrices--deleteBtn\"]"}
COMMAND: POST /session/92c8a4308f789fc799e99033afc54cf4/element/f.65165B09D34A62F43149F94F00C74D12.d.F4F6E13D52987E307FBE72C083401B9E.e.6482/click - {}
RESULT: {}
COMMAND: POST /session/92c8a4308f789fc799e99033afc54cf4/execute/async - {"script":"<script> [1562 bytes]","args":[{"selector":{"controlType":"sap.m.Button","properties":{"text":"OK"},"searchOpenDialogs":true,"interaction":{"idSuffix":"BDI-content"}},"wdio_ui5_key":"sapm.Button{\"text\":\"OK\"}"}]}
COMMAND: GET /session/92c8a4308f789fc799e99033afc54cf4/screenshot - {}
RESULT: {"script":"<script> [1562 bytes]","args":[{"selector":{"controlType":"sap.m.Button","properties":{"text":"OK"},"searchOpenDialogs":true,"interaction":{"idSuffix":"BDI-content"}},"wdio_ui5_key":"sapm.Button{\"text\":\"OK\"}"}]}
RESULT: undefined
COMMAND: POST /session/92c8a4308f789fc799e99033afc54cf4/element - {"using":"xpath","value":"//*[@id=\"__mbox-btn-0\"]"}
RESULT: {}
RESULT: {"using":"xpath","value":"//*[@id=\"__mbox-btn-0\"]"}
COMMAND: POST /session/92c8a4308f789fc799e99033afc54cf4/element/f.65165B09D34A62F43149F94F00C74D12.d.F4F6E13D52987E307FBE72C083401B9E.e.6483/click - {}
RESULT: {}
COMMAND: GET /session/92c8a4308f789fc799e99033afc54cf4/screenshot - {}
RESULT: {}
RESULT: undefined
COMMAND: POST /session/92c8a4308f789fc799e99033afc54cf4/element - {"using":"xpath","value":"//*[@id=\"__button8\"]"}
RESULT: {"using":"xpath","value":"//*[@id=\"__button8\"]"}
COMMAND: POST /session/92c8a4308f789fc799e99033afc54cf4/element/f.65165B09D34A62F43149F94F00C74D12.d.F4F6E13D52987E307FBE72C083401B9E.e.5671/click - {}
RESULT: {}
COMMAND: GET /session/92c8a4308f789fc799e99033afc54cf4/screenshot - {}
RESULT: {}
COMMAND: POST /session/92c8a4308f789fc799e99033afc54cf4/elements - {"using":"css selector","value":"table tr"}
RESULT: {"using":"css selector","value":"table tr"}
COMMAND: POST /session/92c8a4308f789fc799e99033afc54cf4/element/f.65165B09D34A62F43149F94F00C74D12.d.F4F6E13D52987E307FBE72C083401B9E.e.5388/elements - {"using":"css selector","value":"td"}
RESULT: {"using":"css selector","value":"td"}
COMMAND: POST /session/92c8a4308f789fc799e99033afc54cf4/element/f.65165B09D34A62F43149F94F00C74D12.d.F4F6E13D52987E307FBE72C083401B9E.e.5389/elements - {"using":"css selector","value":"td"}
RESULT: {"using":"css selector","value":"td"}
COMMAND: POST /session/92c8a4308f789fc799e99033afc54cf4/element/f.65165B09D34A62F43149F94F00C74D12.d.F4F6E13D52987E307FBE72C083401B9E.e.5390/elements - {"using":"css selector","value":"td"}
RESULT: {"using":"css selector","value":"td"}
COMMAND: POST /session/92c8a4308f789fc799e99033afc54cf4/element/f.65165B09D34A62F43149F94F00C74D12.d.F4F6E13D52987E307FBE72C083401B9E.e.5323/elements - {"using":"css selector","value":"td"}
RESULT: {"using":"css selector","value":"td"}
COMMAND: POST /session/92c8a4308f789fc799e99033afc54cf4/element/f.65165B09D34A62F43149F94F00C74D12.d.F4F6E13D52987E307FBE72C083401B9E.e.5324/elements - {"using":"css selector","value":"td"}
RESULT: {"using":"css selector","value":"td"}
COMMAND: POST /session/92c8a4308f789fc799e99033afc54cf4/element/f.65165B09D34A62F43149F94F00C74D12.d.F4F6E13D52987E307FBE72C083401B9E.e.5330/elements - {"using":"css selector","value":"td"}
RESULT: {"using":"css selector","value":"td"}
COMMAND: POST /session/92c8a4308f789fc799e99033afc54cf4/element/f.65165B09D34A62F43149F94F00C74D12.d.F4F6E13D52987E307FBE72C083401B9E.e.5331/elements - {"using":"css selector","value":"td"}
RESULT: {"using":"css selector","value":"td"}
COMMAND: POST /session/92c8a4308f789fc799e99033afc54cf4/element/f.65165B09D34A62F43149F94F00C74D12.d.F4F6E13D52987E307FBE72C083401B9E.e.5334/elements - {"using":"css selector","value":"td"}
RESULT: {"using":"css selector","value":"td"}
COMMAND: POST /session/92c8a4308f789fc799e99033afc54cf4/element/f.65165B09D34A62F43149F94F00C74D12.d.F4F6E13D52987E307FBE72C083401B9E.e.5335/elements - {"using":"css selector","value":"td"}
RESULT: {"using":"css selector","value":"td"}
COMMAND: POST /session/92c8a4308f789fc799e99033afc54cf4/element/f.65165B09D34A62F43149F94F00C74D12.d.F4F6E13D52987E307FBE72C083401B9E.e.5338/elements - {"using":"css selector","value":"td"}
RESULT: {"using":"css selector","value":"td"}
COMMAND: POST /session/92c8a4308f789fc799e99033afc54cf4/element/f.65165B09D34A62F43149F94F00C74D12.d.F4F6E13D52987E307FBE72C083401B9E.e.5391/elements - {"using":"css selector","value":"td"}
RESULT: {"using":"css selector","value":"td"}
COMMAND: POST /session/92c8a4308f789fc799e99033afc54cf4/element/f.65165B09D34A62F43149F94F00C74D12.d.F4F6E13D52987E307FBE72C083401B9E.e.5392/elements - {"using":"css selector","value":"td"}
RESULT: {"using":"css selector","value":"td"}
COMMAND: POST /session/92c8a4308f789fc799e99033afc54cf4/element/f.65165B09D34A62F43149F94F00C74D12.d.F4F6E13D52987E307FBE72C083401B9E.e.5393/elements - {"using":"css selector","value":"td"}
RESULT: {"using":"css selector","value":"td"}
COMMAND: POST /session/92c8a4308f789fc799e99033afc54cf4/element/f.65165B09D34A62F43149F94F00C74D12.d.F4F6E13D52987E307FBE72C083401B9E.e.5394/elements - {"using":"css selector","value":"td"}
RESULT: {"using":"css selector","value":"td"}
COMMAND: POST /session/92c8a4308f789fc799e99033afc54cf4/element/f.65165B09D34A62F43149F94F00C74D12.d.F4F6E13D52987E307FBE72C083401B9E.e.5395/elements - {"using":"css selector","value":"td"}
RESULT: {"using":"css selector","value":"td"}
COMMAND: POST /session/92c8a4308f789fc799e99033afc54cf4/element/f.65165B09D34A62F43149F94F00C74D12.d.F4F6E13D52987E307FBE72C083401B9E.e.5396/elements - {"using":"css selector","value":"td"}
RESULT: {"using":"css selector","value":"td"}
COMMAND: POST /session/92c8a4308f789fc799e99033afc54cf4/element/f.65165B09D34A62F43149F94F00C74D12.d.F4F6E13D52987E307FBE72C083401B9E.e.5397/elements - {"using":"css selector","value":"td"}
RESULT: {"using":"css selector","value":"td"}
COMMAND: POST /session/92c8a4308f789fc799e99033afc54cf4/element/f.65165B09D34A62F43149F94F00C74D12.d.F4F6E13D52987E307FBE72C083401B9E.e.5398/elements - {"using":"css selector","value":"td"}
RESULT: {"using":"css selector","value":"td"}
COMMAND: POST /session/92c8a4308f789fc799e99033afc54cf4/element/f.65165B09D34A62F43149F94F00C74D12.d.F4F6E13D52987E307FBE72C083401B9E.e.5399/elements - {"using":"css selector","value":"td"}
RESULT: {"using":"css selector","value":"td"}
COMMAND: POST /session/92c8a4308f789fc799e99033afc54cf4/element/f.65165B09D34A62F43149F94F00C74D12.d.F4F6E13D52987E307FBE72C083401B9E.e.5400/elements - {"using":"css selector","value":"td"}
RESULT: {"using":"css selector","value":"td"}
COMMAND: POST /session/92c8a4308f789fc799e99033afc54cf4/element/f.65165B09D34A62F43149F94F00C74D12.d.F4F6E13D52987E307FBE72C083401B9E.e.5401/elements - {"using":"css selector","value":"td"}
RESULT: {"using":"css selector","value":"td"}
COMMAND: POST /session/92c8a4308f789fc799e99033afc54cf4/element/f.65165B09D34A62F43149F94F00C74D12.d.F4F6E13D52987E307FBE72C083401B9E.e.5402/elements - {"using":"css selector","value":"td"}
RESULT: {"using":"css selector","value":"td"}
COMMAND: POST /session/92c8a4308f789fc799e99033afc54cf4/element/f.65165B09D34A62F43149F94F00C74D12.d.F4F6E13D52987E307FBE72C083401B9E.e.5403/elements - {"using":"css selector","value":"td"}
RESULT: {"using":"css selector","value":"td"}
COMMAND: POST /session/92c8a4308f789fc799e99033afc54cf4/element/f.65165B09D34A62F43149F94F00C74D12.d.F4F6E13D52987E307FBE72C083401B9E.e.5404/elements - {"using":"css selector","value":"td"}
RESULT: {"using":"css selector","value":"td"}
COMMAND: POST /session/92c8a4308f789fc799e99033afc54cf4/element/f.65165B09D34A62F43149F94F00C74D12.d.F4F6E13D52987E307FBE72C083401B9E.e.5405/elements - {"using":"css selector","value":"td"}
RESULT: {"using":"css selector","value":"td"}
COMMAND: POST /session/92c8a4308f789fc799e99033afc54cf4/element/f.65165B09D34A62F43149F94F00C74D12.d.F4F6E13D52987E307FBE72C083401B9E.e.5406/elements - {"using":"css selector","value":"td"}
RESULT: {"using":"css selector","value":"td"}
COMMAND: POST /session/92c8a4308f789fc799e99033afc54cf4/element/f.65165B09D34A62F43149F94F00C74D12.d.F4F6E13D52987E307FBE72C083401B9E.e.5407/elements - {"using":"css selector","value":"td"}
RESULT: {"using":"css selector","value":"td"}
COMMAND: POST /session/92c8a4308f789fc799e99033afc54cf4/element/f.65165B09D34A62F43149F94F00C74D12.d.F4F6E13D52987E307FBE72C083401B9E.e.5408/elements - {"using":"css selector","value":"td"}
RESULT: {"using":"css selector","value":"td"}
COMMAND: POST /session/92c8a4308f789fc799e99033afc54cf4/element/f.65165B09D34A62F43149F94F00C74D12.d.F4F6E13D52987E307FBE72C083401B9E.e.5409/elements - {"using":"css selector","value":"td"}
RESULT: {"using":"css selector","value":"td"}
COMMAND: POST /session/92c8a4308f789fc799e99033afc54cf4/element/f.65165B09D34A62F43149F94F00C74D12.d.F4F6E13D52987E307FBE72C083401B9E.e.5410/elements - {"using":"css selector","value":"td"}
RESULT: {"using":"css selector","value":"td"}
COMMAND: POST /session/92c8a4308f789fc799e99033afc54cf4/element/f.65165B09D34A62F43149F94F00C74D12.d.F4F6E13D52987E307FBE72C083401B9E.e.5411/elements - {"using":"css selector","value":"td"}
RESULT: {"using":"css selector","value":"td"}
COMMAND: POST /session/92c8a4308f789fc799e99033afc54cf4/element/f.65165B09D34A62F43149F94F00C74D12.d.F4F6E13D52987E307FBE72C083401B9E.e.5412/elements - {"using":"css selector","value":"td"}
RESULT: {"using":"css selector","value":"td"}
COMMAND: POST /session/92c8a4308f789fc799e99033afc54cf4/element/f.65165B09D34A62F43149F94F00C74D12.d.F4F6E13D52987E307FBE72C083401B9E.e.5413/elements - {"using":"css selector","value":"td"}
RESULT: {"using":"css selector","value":"td"}
COMMAND: POST /session/92c8a4308f789fc799e99033afc54cf4/element/f.65165B09D34A62F43149F94F00C74D12.d.F4F6E13D52987E307FBE72C083401B9E.e.5414/elements - {"using":"css selector","value":"td"}
RESULT: {"using":"css selector","value":"td"}
COMMAND: POST /session/92c8a4308f789fc799e99033afc54cf4/element/f.65165B09D34A62F43149F94F00C74D12.d.F4F6E13D52987E307FBE72C083401B9E.e.5415/elements - {"using":"css selector","value":"td"}
RESULT: {"using":"css selector","value":"td"}
COMMAND: POST /session/92c8a4308f789fc799e99033afc54cf4/element/f.65165B09D34A62F43149F94F00C74D12.d.F4F6E13D52987E307FBE72C083401B9E.e.5416/elements - {"using":"css selector","value":"td"}
RESULT: {"using":"css selector","value":"td"}
COMMAND: POST /session/92c8a4308f789fc799e99033afc54cf4/element/f.65165B09D34A62F43149F94F00C74D12.d.F4F6E13D52987E307FBE72C083401B9E.e.5417/elements - {"using":"css selector","value":"td"}
RESULT: {"using":"css selector","value":"td"}
COMMAND: POST /session/92c8a4308f789fc799e99033afc54cf4/element/f.65165B09D34A62F43149F94F00C74D12.d.F4F6E13D52987E307FBE72C083401B9E.e.5418/elements - {"using":"css selector","value":"td"}
RESULT: {"using":"css selector","value":"td"}
COMMAND: POST /session/92c8a4308f789fc799e99033afc54cf4/element/f.65165B09D34A62F43149F94F00C74D12.d.F4F6E13D52987E307FBE72C083401B9E.e.5419/elements - {"using":"css selector","value":"td"}
RESULT: {"using":"css selector","value":"td"}
COMMAND: POST /session/92c8a4308f789fc799e99033afc54cf4/element/f.65165B09D34A62F43149F94F00C74D12.d.F4F6E13D52987E307FBE72C083401B9E.e.5420/elements - {"using":"css selector","value":"td"}
RESULT: {"using":"css selector","value":"td"}
COMMAND: POST /session/92c8a4308f789fc799e99033afc54cf4/element/f.65165B09D34A62F43149F94F00C74D12.d.F4F6E13D52987E307FBE72C083401B9E.e.5421/elements - {"using":"css selector","value":"td"}
RESULT: {"using":"css selector","value":"td"}
COMMAND: POST /session/92c8a4308f789fc799e99033afc54cf4/element/f.65165B09D34A62F43149F94F00C74D12.d.F4F6E13D52987E307FBE72C083401B9E.e.5422/elements - {"using":"css selector","value":"td"}
RESULT: {"using":"css selector","value":"td"}
COMMAND: POST /session/92c8a4308f789fc799e99033afc54cf4/element/f.65165B09D34A62F43149F94F00C74D12.d.F4F6E13D52987E307FBE72C083401B9E.e.5423/elements - {"using":"css selector","value":"td"}
RESULT: {"using":"css selector","value":"td"}
COMMAND: POST /session/92c8a4308f789fc799e99033afc54cf4/element/f.65165B09D34A62F43149F94F00C74D12.d.F4F6E13D52987E307FBE72C083401B9E.e.5424/elements - {"using":"css selector","value":"td"}
RESULT: {"using":"css selector","value":"td"}
COMMAND: POST /session/92c8a4308f789fc799e99033afc54cf4/element/f.65165B09D34A62F43149F94F00C74D12.d.F4F6E13D52987E307FBE72C083401B9E.e.5425/elements - {"using":"css selector","value":"td"}
RESULT: {"using":"css selector","value":"td"}
COMMAND: POST /session/92c8a4308f789fc799e99033afc54cf4/element/f.65165B09D34A62F43149F94F00C74D12.d.F4F6E13D52987E307FBE72C083401B9E.e.5426/elements - {"using":"css selector","value":"td"}
RESULT: {"using":"css selector","value":"td"}
COMMAND: POST /session/92c8a4308f789fc799e99033afc54cf4/element/f.65165B09D34A62F43149F94F00C74D12.d.F4F6E13D52987E307FBE72C083401B9E.e.5427/elements - {"using":"css selector","value":"td"}
RESULT: {"using":"css selector","value":"td"}
COMMAND: POST /session/92c8a4308f789fc799e99033afc54cf4/element/f.65165B09D34A62F43149F94F00C74D12.d.F4F6E13D52987E307FBE72C083401B9E.e.5428/elements - {"using":"css selector","value":"td"}
RESULT: {"using":"css selector","value":"td"}
COMMAND: POST /session/92c8a4308f789fc799e99033afc54cf4/element/f.65165B09D34A62F43149F94F00C74D12.d.F4F6E13D52987E307FBE72C083401B9E.e.5429/elements - {"using":"css selector","value":"td"}
RESULT: {"using":"css selector","value":"td"}
COMMAND: POST /session/92c8a4308f789fc799e99033afc54cf4/element/f.65165B09D34A62F43149F94F00C74D12.d.F4F6E13D52987E307FBE72C083401B9E.e.5430/elements - {"using":"css selector","value":"td"}
RESULT: {"using":"css selector","value":"td"}
COMMAND: POST /session/92c8a4308f789fc799e99033afc54cf4/element/f.65165B09D34A62F43149F94F00C74D12.d.F4F6E13D52987E307FBE72C083401B9E.e.5431/elements - {"using":"css selector","value":"td"}
RESULT: {"using":"css selector","value":"td"}
COMMAND: POST /session/92c8a4308f789fc799e99033afc54cf4/element/f.65165B09D34A62F43149F94F00C74D12.d.F4F6E13D52987E307FBE72C083401B9E.e.5432/elements - {"using":"css selector","value":"td"}
RESULT: {"using":"css selector","value":"td"}
COMMAND: POST /session/92c8a4308f789fc799e99033afc54cf4/element/f.65165B09D34A62F43149F94F00C74D12.d.F4F6E13D52987E307FBE72C083401B9E.e.5433/elements - {"using":"css selector","value":"td"}
RESULT: {"using":"css selector","value":"td"}
COMMAND: POST /session/92c8a4308f789fc799e99033afc54cf4/element/f.65165B09D34A62F43149F94F00C74D12.d.F4F6E13D52987E307FBE72C083401B9E.e.5434/elements - {"using":"css selector","value":"td"}
RESULT: {"using":"css selector","value":"td"}
COMMAND: POST /session/92c8a4308f789fc799e99033afc54cf4/element/f.65165B09D34A62F43149F94F00C74D12.d.F4F6E13D52987E307FBE72C083401B9E.e.5435/elements - {"using":"css selector","value":"td"}
RESULT: {"using":"css selector","value":"td"}
COMMAND: POST /session/92c8a4308f789fc799e99033afc54cf4/element/f.65165B09D34A62F43149F94F00C74D12.d.F4F6E13D52987E307FBE72C083401B9E.e.5436/elements - {"using":"css selector","value":"td"}
RESULT: {"using":"css selector","value":"td"}
COMMAND: POST /session/92c8a4308f789fc799e99033afc54cf4/element/f.65165B09D34A62F43149F94F00C74D12.d.F4F6E13D52987E307FBE72C083401B9E.e.5437/elements - {"using":"css selector","value":"td"}
RESULT: {"using":"css selector","value":"td"}
COMMAND: POST /session/92c8a4308f789fc799e99033afc54cf4/element/f.65165B09D34A62F43149F94F00C74D12.d.F4F6E13D52987E307FBE72C083401B9E.e.5438/elements - {"using":"css selector","value":"td"}
RESULT: {"using":"css selector","value":"td"}
COMMAND: POST /session/92c8a4308f789fc799e99033afc54cf4/element/f.65165B09D34A62F43149F94F00C74D12.d.F4F6E13D52987E307FBE72C083401B9E.e.5439/elements - {"using":"css selector","value":"td"}
RESULT: {"using":"css selector","value":"td"}
COMMAND: POST /session/92c8a4308f789fc799e99033afc54cf4/element/f.65165B09D34A62F43149F94F00C74D12.d.F4F6E13D52987E307FBE72C083401B9E.e.5440/elements - {"using":"css selector","value":"td"}
RESULT: {"using":"css selector","value":"td"}
COMMAND: POST /session/92c8a4308f789fc799e99033afc54cf4/element/f.65165B09D34A62F43149F94F00C74D12.d.F4F6E13D52987E307FBE72C083401B9E.e.5441/elements - {"using":"css selector","value":"td"}
RESULT: {"using":"css selector","value":"td"}
COMMAND: POST /session/92c8a4308f789fc799e99033afc54cf4/element/f.65165B09D34A62F43149F94F00C74D12.d.F4F6E13D52987E307FBE72C083401B9E.e.5442/elements - {"using":"css selector","value":"td"}
RESULT: {"using":"css selector","value":"td"}
COMMAND: POST /session/92c8a4308f789fc799e99033afc54cf4/element/f.65165B09D34A62F43149F94F00C74D12.d.F4F6E13D52987E307FBE72C083401B9E.e.5443/elements - {"using":"css selector","value":"td"}
RESULT: {"using":"css selector","value":"td"}
COMMAND: POST /session/92c8a4308f789fc799e99033afc54cf4/element/f.65165B09D34A62F43149F94F00C74D12.d.F4F6E13D52987E307FBE72C083401B9E.e.5444/elements - {"using":"css selector","value":"td"}
RESULT: {"using":"css selector","value":"td"}
COMMAND: POST /session/92c8a4308f789fc799e99033afc54cf4/element/f.65165B09D34A62F43149F94F00C74D12.d.F4F6E13D52987E307FBE72C083401B9E.e.5445/elements - {"using":"css selector","value":"td"}
RESULT: {"using":"css selector","value":"td"}
COMMAND: POST /session/92c8a4308f789fc799e99033afc54cf4/element/f.65165B09D34A62F43149F94F00C74D12.d.F4F6E13D52987E307FBE72C083401B9E.e.5446/elements - {"using":"css selector","value":"td"}
RESULT: {"using":"css selector","value":"td"}
COMMAND: POST /session/92c8a4308f789fc799e99033afc54cf4/element/f.65165B09D34A62F43149F94F00C74D12.d.F4F6E13D52987E307FBE72C083401B9E.e.5447/elements - {"using":"css selector","value":"td"}
RESULT: {"using":"css selector","value":"td"}
COMMAND: POST /session/92c8a4308f789fc799e99033afc54cf4/element/f.65165B09D34A62F43149F94F00C74D12.d.F4F6E13D52987E307FBE72C083401B9E.e.5448/elements - {"using":"css selector","value":"td"}
RESULT: {"using":"css selector","value":"td"}
COMMAND: POST /session/92c8a4308f789fc799e99033afc54cf4/element/f.65165B09D34A62F43149F94F00C74D12.d.F4F6E13D52987E307FBE72C083401B9E.e.5449/elements - {"using":"css selector","value":"td"}
RESULT: {"using":"css selector","value":"td"}
COMMAND: POST /session/92c8a4308f789fc799e99033afc54cf4/element/f.65165B09D34A62F43149F94F00C74D12.d.F4F6E13D52987E307FBE72C083401B9E.e.5450/elements - {"using":"css selector","value":"td"}
RESULT: {"using":"css selector","value":"td"}
COMMAND: POST /session/92c8a4308f789fc799e99033afc54cf4/element/f.65165B09D34A62F43149F94F00C74D12.d.F4F6E13D52987E307FBE72C083401B9E.e.5451/elements - {"using":"css selector","value":"td"}
RESULT: {"using":"css selector","value":"td"}
COMMAND: POST /session/92c8a4308f789fc799e99033afc54cf4/element/f.65165B09D34A62F43149F94F00C74D12.d.F4F6E13D52987E307FBE72C083401B9E.e.5452/elements - {"using":"css selector","value":"td"}
RESULT: {"using":"css selector","value":"td"}
COMMAND: POST /session/92c8a4308f789fc799e99033afc54cf4/element/f.65165B09D34A62F43149F94F00C74D12.d.F4F6E13D52987E307FBE72C083401B9E.e.5453/elements - {"using":"css selector","value":"td"}
RESULT: {"using":"css selector","value":"td"}
COMMAND: POST /session/92c8a4308f789fc799e99033afc54cf4/element/f.65165B09D34A62F43149F94F00C74D12.d.F4F6E13D52987E307FBE72C083401B9E.e.5454/elements - {"using":"css selector","value":"td"}
RESULT: {"using":"css selector","value":"td"}
COMMAND: POST /session/92c8a4308f789fc799e99033afc54cf4/element/f.65165B09D34A62F43149F94F00C74D12.d.F4F6E13D52987E307FBE72C083401B9E.e.5455/elements - {"using":"css selector","value":"td"}
RESULT: {"using":"css selector","value":"td"}
COMMAND: POST /session/92c8a4308f789fc799e99033afc54cf4/element/f.65165B09D34A62F43149F94F00C74D12.d.F4F6E13D52987E307FBE72C083401B9E.e.5456/elements - {"using":"css selector","value":"td"}
RESULT: {"using":"css selector","value":"td"}
COMMAND: POST /session/92c8a4308f789fc799e99033afc54cf4/element/f.65165B09D34A62F43149F94F00C74D12.d.F4F6E13D52987E307FBE72C083401B9E.e.5457/elements - {"using":"css selector","value":"td"}
RESULT: {"using":"css selector","value":"td"}
COMMAND: POST /session/92c8a4308f789fc799e99033afc54cf4/element/f.65165B09D34A62F43149F94F00C74D12.d.F4F6E13D52987E307FBE72C083401B9E.e.5458/elements - {"using":"css selector","value":"td"}
RESULT: {"using":"css selector","value":"td"}
COMMAND: POST /session/92c8a4308f789fc799e99033afc54cf4/element/f.65165B09D34A62F43149F94F00C74D12.d.F4F6E13D52987E307FBE72C083401B9E.e.5459/elements - {"using":"css selector","value":"td"}
RESULT: {"using":"css selector","value":"td"}
COMMAND: POST /session/92c8a4308f789fc799e99033afc54cf4/element/f.65165B09D34A62F43149F94F00C74D12.d.F4F6E13D52987E307FBE72C083401B9E.e.5460/elements - {"using":"css selector","value":"td"}
RESULT: {"using":"css selector","value":"td"}
COMMAND: POST /session/92c8a4308f789fc799e99033afc54cf4/element/f.65165B09D34A62F43149F94F00C74D12.d.F4F6E13D52987E307FBE72C083401B9E.e.5461/elements - {"using":"css selector","value":"td"}
RESULT: {"using":"css selector","value":"td"}
COMMAND: POST /session/92c8a4308f789fc799e99033afc54cf4/element/f.65165B09D34A62F43149F94F00C74D12.d.F4F6E13D52987E307FBE72C083401B9E.e.5462/elements - {"using":"css selector","value":"td"}
RESULT: {"using":"css selector","value":"td"}
COMMAND: POST /session/92c8a4308f789fc799e99033afc54cf4/element/f.65165B09D34A62F43149F94F00C74D12.d.F4F6E13D52987E307FBE72C083401B9E.e.5463/elements - {"using":"css selector","value":"td"}
RESULT: {"using":"css selector","value":"td"}
COMMAND: POST /session/92c8a4308f789fc799e99033afc54cf4/element/f.65165B09D34A62F43149F94F00C74D12.d.F4F6E13D52987E307FBE72C083401B9E.e.5464/elements - {"using":"css selector","value":"td"}
RESULT: {"using":"css selector","value":"td"}
COMMAND: POST /session/92c8a4308f789fc799e99033afc54cf4/element/f.65165B09D34A62F43149F94F00C74D12.d.F4F6E13D52987E307FBE72C083401B9E.e.5465/elements - {"using":"css selector","value":"td"}
RESULT: {"using":"css selector","value":"td"}
COMMAND: POST /session/92c8a4308f789fc799e99033afc54cf4/element/f.65165B09D34A62F43149F94F00C74D12.d.F4F6E13D52987E307FBE72C083401B9E.e.5466/elements - {"using":"css selector","value":"td"}
RESULT: {"using":"css selector","value":"td"}
COMMAND: POST /session/92c8a4308f789fc799e99033afc54cf4/element/f.65165B09D34A62F43149F94F00C74D12.d.F4F6E13D52987E307FBE72C083401B9E.e.5467/elements - {"using":"css selector","value":"td"}
RESULT: {"using":"css selector","value":"td"}
COMMAND: POST /session/92c8a4308f789fc799e99033afc54cf4/element/f.65165B09D34A62F43149F94F00C74D12.d.F4F6E13D52987E307FBE72C083401B9E.e.5468/elements - {"using":"css selector","value":"td"}
RESULT: {"using":"css selector","value":"td"}
COMMAND: POST /session/92c8a4308f789fc799e99033afc54cf4/element/f.65165B09D34A62F43149F94F00C74D12.d.F4F6E13D52987E307FBE72C083401B9E.e.5469/elements - {"using":"css selector","value":"td"}
RESULT: {"using":"css selector","value":"td"}
COMMAND: POST /session/92c8a4308f789fc799e99033afc54cf4/element/f.65165B09D34A62F43149F94F00C74D12.d.F4F6E13D52987E307FBE72C083401B9E.e.5470/elements - {"using":"css selector","value":"td"}
RESULT: {"using":"css selector","value":"td"}
COMMAND: POST /session/92c8a4308f789fc799e99033afc54cf4/element/f.65165B09D34A62F43149F94F00C74D12.d.F4F6E13D52987E307FBE72C083401B9E.e.5471/elements - {"using":"css selector","value":"td"}
RESULT: {"using":"css selector","value":"td"}
COMMAND: POST /session/92c8a4308f789fc799e99033afc54cf4/element/f.65165B09D34A62F43149F94F00C74D12.d.F4F6E13D52987E307FBE72C083401B9E.e.5472/elements - {"using":"css selector","value":"td"}
RESULT: {"using":"css selector","value":"td"}
COMMAND: POST /session/92c8a4308f789fc799e99033afc54cf4/element/f.65165B09D34A62F43149F94F00C74D12.d.F4F6E13D52987E307FBE72C083401B9E.e.5473/elements - {"using":"css selector","value":"td"}
RESULT: {"using":"css selector","value":"td"}
COMMAND: POST /session/92c8a4308f789fc799e99033afc54cf4/element/f.65165B09D34A62F43149F94F00C74D12.d.F4F6E13D52987E307FBE72C083401B9E.e.5474/elements - {"using":"css selector","value":"td"}
RESULT: {"using":"css selector","value":"td"}
COMMAND: POST /session/92c8a4308f789fc799e99033afc54cf4/element/f.65165B09D34A62F43149F94F00C74D12.d.F4F6E13D52987E307FBE72C083401B9E.e.5475/elements - {"using":"css selector","value":"td"}
RESULT: {"using":"css selector","value":"td"}
COMMAND: POST /session/92c8a4308f789fc799e99033afc54cf4/element/f.65165B09D34A62F43149F94F00C74D12.d.F4F6E13D52987E307FBE72C083401B9E.e.5476/elements - {"using":"css selector","value":"td"}
RESULT: {"using":"css selector","value":"td"}
COMMAND: POST /session/92c8a4308f789fc799e99033afc54cf4/element/f.65165B09D34A62F43149F94F00C74D12.d.F4F6E13D52987E307FBE72C083401B9E.e.5477/elements - {"using":"css selector","value":"td"}
RESULT: {"using":"css selector","value":"td"}
COMMAND: POST /session/92c8a4308f789fc799e99033afc54cf4/element/f.65165B09D34A62F43149F94F00C74D12.d.F4F6E13D52987E307FBE72C083401B9E.e.5478/elements - {"using":"css selector","value":"td"}
RESULT: {"using":"css selector","value":"td"}
COMMAND: POST /session/92c8a4308f789fc799e99033afc54cf4/element/f.65165B09D34A62F43149F94F00C74D12.d.F4F6E13D52987E307FBE72C083401B9E.e.5479/elements - {"using":"css selector","value":"td"}
RESULT: {"using":"css selector","value":"td"}
COMMAND: POST /session/92c8a4308f789fc799e99033afc54cf4/element/f.65165B09D34A62F43149F94F00C74D12.d.F4F6E13D52987E307FBE72C083401B9E.e.5480/elements - {"using":"css selector","value":"td"}
RESULT: {"using":"css selector","value":"td"}
COMMAND: POST /session/92c8a4308f789fc799e99033afc54cf4/element/f.65165B09D34A62F43149F94F00C74D12.d.F4F6E13D52987E307FBE72C083401B9E.e.5481/elements - {"using":"css selector","value":"td"}
RESULT: {"using":"css selector","value":"td"}
COMMAND: POST /session/92c8a4308f789fc799e99033afc54cf4/element/f.65165B09D34A62F43149F94F00C74D12.d.F4F6E13D52987E307FBE72C083401B9E.e.5482/elements - {"using":"css selector","value":"td"}
RESULT: {"using":"css selector","value":"td"}
COMMAND: POST /session/92c8a4308f789fc799e99033afc54cf4/element/f.65165B09D34A62F43149F94F00C74D12.d.F4F6E13D52987E307FBE72C083401B9E.e.5483/elements - {"using":"css selector","value":"td"}
RESULT: {"using":"css selector","value":"td"}
COMMAND: POST /session/92c8a4308f789fc799e99033afc54cf4/element/f.65165B09D34A62F43149F94F00C74D12.d.F4F6E13D52987E307FBE72C083401B9E.e.5484/elements - {"using":"css selector","value":"td"}
RESULT: {"using":"css selector","value":"td"}
COMMAND: POST /session/92c8a4308f789fc799e99033afc54cf4/element/f.65165B09D34A62F43149F94F00C74D12.d.F4F6E13D52987E307FBE72C083401B9E.e.5485/elements - {"using":"css selector","value":"td"}
RESULT: {"using":"css selector","value":"td"}
COMMAND: POST /session/92c8a4308f789fc799e99033afc54cf4/element/f.65165B09D34A62F43149F94F00C74D12.d.F4F6E13D52987E307FBE72C083401B9E.e.5486/elements - {"using":"css selector","value":"td"}
RESULT: {"using":"css selector","value":"td"}
COMMAND: POST /session/92c8a4308f789fc799e99033afc54cf4/element/f.65165B09D34A62F43149F94F00C74D12.d.F4F6E13D52987E307FBE72C083401B9E.e.5487/elements - {"using":"css selector","value":"td"}
RESULT: {"using":"css selector","value":"td"}
COMMAND: POST /session/92c8a4308f789fc799e99033afc54cf4/element/f.65165B09D34A62F43149F94F00C74D12.d.F4F6E13D52987E307FBE72C083401B9E.e.5488/elements - {"using":"css selector","value":"td"}
RESULT: {"using":"css selector","value":"td"}
COMMAND: POST /session/92c8a4308f789fc799e99033afc54cf4/element/f.65165B09D34A62F43149F94F00C74D12.d.F4F6E13D52987E307FBE72C083401B9E.e.5489/elements - {"using":"css selector","value":"td"}
RESULT: {"using":"css selector","value":"td"}
COMMAND: POST /session/92c8a4308f789fc799e99033afc54cf4/element/f.65165B09D34A62F43149F94F00C74D12.d.F4F6E13D52987E307FBE72C083401B9E.e.5490/elements - {"using":"css selector","value":"td"}
RESULT: {"using":"css selector","value":"td"}
COMMAND: POST /session/92c8a4308f789fc799e99033afc54cf4/element/f.65165B09D34A62F43149F94F00C74D12.d.F4F6E13D52987E307FBE72C083401B9E.e.5491/elements - {"using":"css selector","value":"td"}
RESULT: {"using":"css selector","value":"td"}
COMMAND: POST /session/92c8a4308f789fc799e99033afc54cf4/element/f.65165B09D34A62F43149F94F00C74D12.d.F4F6E13D52987E307FBE72C083401B9E.e.5492/elements - {"using":"css selector","value":"td"}
RESULT: {"using":"css selector","value":"td"}
COMMAND: POST /session/92c8a4308f789fc799e99033afc54cf4/element/f.65165B09D34A62F43149F94F00C74D12.d.F4F6E13D52987E307FBE72C083401B9E.e.5493/elements - {"using":"css selector","value":"td"}
RESULT: {"using":"css selector","value":"td"}
COMMAND: POST /session/92c8a4308f789fc799e99033afc54cf4/element/f.65165B09D34A62F43149F94F00C74D12.d.F4F6E13D52987E307FBE72C083401B9E.e.5494/elements - {"using":"css selector","value":"td"}
RESULT: {"using":"css selector","value":"td"}
COMMAND: POST /session/92c8a4308f789fc799e99033afc54cf4/element/f.65165B09D34A62F43149F94F00C74D12.d.F4F6E13D52987E307FBE72C083401B9E.e.5495/elements - {"using":"css selector","value":"td"}
RESULT: {"using":"css selector","value":"td"}
COMMAND: POST /session/92c8a4308f789fc799e99033afc54cf4/element/f.65165B09D34A62F43149F94F00C74D12.d.F4F6E13D52987E307FBE72C083401B9E.e.5496/elements - {"using":"css selector","value":"td"}
RESULT: {"using":"css selector","value":"td"}
COMMAND: POST /session/92c8a4308f789fc799e99033afc54cf4/element/f.65165B09D34A62F43149F94F00C74D12.d.F4F6E13D52987E307FBE72C083401B9E.e.5497/elements - {"using":"css selector","value":"td"}
RESULT: {"using":"css selector","value":"td"}
COMMAND: POST /session/92c8a4308f789fc799e99033afc54cf4/element/f.65165B09D34A62F43149F94F00C74D12.d.F4F6E13D52987E307FBE72C083401B9E.e.5498/elements - {"using":"css selector","value":"td"}
RESULT: {"using":"css selector","value":"td"}
COMMAND: POST /session/92c8a4308f789fc799e99033afc54cf4/element/f.65165B09D34A62F43149F94F00C74D12.d.F4F6E13D52987E307FBE72C083401B9E.e.5499/elements - {"using":"css selector","value":"td"}
RESULT: {"using":"css selector","value":"td"}
COMMAND: POST /session/92c8a4308f789fc799e99033afc54cf4/element/f.65165B09D34A62F43149F94F00C74D12.d.F4F6E13D52987E307FBE72C083401B9E.e.5500/elements - {"using":"css selector","value":"td"}
RESULT: {"using":"css selector","value":"td"}
COMMAND: POST /session/92c8a4308f789fc799e99033afc54cf4/element/f.65165B09D34A62F43149F94F00C74D12.d.F4F6E13D52987E307FBE72C083401B9E.e.5501/elements - {"using":"css selector","value":"td"}
RESULT: {"using":"css selector","value":"td"}
COMMAND: POST /session/92c8a4308f789fc799e99033afc54cf4/element/f.65165B09D34A62F43149F94F00C74D12.d.F4F6E13D52987E307FBE72C083401B9E.e.5502/elements - {"using":"css selector","value":"td"}
RESULT: {"using":"css selector","value":"td"}
COMMAND: POST /session/92c8a4308f789fc799e99033afc54cf4/element/f.65165B09D34A62F43149F94F00C74D12.d.F4F6E13D52987E307FBE72C083401B9E.e.5503/elements - {"using":"css selector","value":"td"}
RESULT: {"using":"css selector","value":"td"}
COMMAND: POST /session/92c8a4308f789fc799e99033afc54cf4/element/f.65165B09D34A62F43149F94F00C74D12.d.F4F6E13D52987E307FBE72C083401B9E.e.5504/elements - {"using":"css selector","value":"td"}
RESULT: {"using":"css selector","value":"td"}
COMMAND: POST /session/92c8a4308f789fc799e99033afc54cf4/element/f.65165B09D34A62F43149F94F00C74D12.d.F4F6E13D52987E307FBE72C083401B9E.e.5505/elements - {"using":"css selector","value":"td"}
RESULT: {"using":"css selector","value":"td"}
COMMAND: POST /session/92c8a4308f789fc799e99033afc54cf4/element/f.65165B09D34A62F43149F94F00C74D12.d.F4F6E13D52987E307FBE72C083401B9E.e.5506/elements - {"using":"css selector","value":"td"}
RESULT: {"using":"css selector","value":"td"}
COMMAND: POST /session/92c8a4308f789fc799e99033afc54cf4/element/f.65165B09D34A62F43149F94F00C74D12.d.F4F6E13D52987E307FBE72C083401B9E.e.5507/elements - {"using":"css selector","value":"td"}
RESULT: {"using":"css selector","value":"td"}
COMMAND: POST /session/92c8a4308f789fc799e99033afc54cf4/element/f.65165B09D34A62F43149F94F00C74D12.d.F4F6E13D52987E307FBE72C083401B9E.e.5508/elements - {"using":"css selector","value":"td"}
RESULT: {"using":"css selector","value":"td"}
COMMAND: POST /session/92c8a4308f789fc799e99033afc54cf4/element/f.65165B09D34A62F43149F94F00C74D12.d.F4F6E13D52987E307FBE72C083401B9E.e.5509/elements - {"using":"css selector","value":"td"}
RESULT: {"using":"css selector","value":"td"}
COMMAND: POST /session/92c8a4308f789fc799e99033afc54cf4/element/f.65165B09D34A62F43149F94F00C74D12.d.F4F6E13D52987E307FBE72C083401B9E.e.5510/elements - {"using":"css selector","value":"td"}
RESULT: {"using":"css selector","value":"td"}
COMMAND: POST /session/92c8a4308f789fc799e99033afc54cf4/element/f.65165B09D34A62F43149F94F00C74D12.d.F4F6E13D52987E307FBE72C083401B9E.e.5511/elements - {"using":"css selector","value":"td"}
RESULT: {"using":"css selector","value":"td"}
COMMAND: POST /session/92c8a4308f789fc799e99033afc54cf4/element/f.65165B09D34A62F43149F94F00C74D12.d.F4F6E13D52987E307FBE72C083401B9E.e.5512/elements - {"using":"css selector","value":"td"}
RESULT: {"using":"css selector","value":"td"}
COMMAND: POST /session/92c8a4308f789fc799e99033afc54cf4/element/f.65165B09D34A62F43149F94F00C74D12.d.F4F6E13D52987E307FBE72C083401B9E.e.5513/elements - {"using":"css selector","value":"td"}
RESULT: {"using":"css selector","value":"td"}
COMMAND: POST /session/92c8a4308f789fc799e99033afc54cf4/element/f.65165B09D34A62F43149F94F00C74D12.d.F4F6E13D52987E307FBE72C083401B9E.e.5514/elements - {"using":"css selector","value":"td"}
RESULT: {"using":"css selector","value":"td"}
COMMAND: POST /session/92c8a4308f789fc799e99033afc54cf4/element/f.65165B09D34A62F43149F94F00C74D12.d.F4F6E13D52987E307FBE72C083401B9E.e.5515/elements - {"using":"css selector","value":"td"}
RESULT: {"using":"css selector","value":"td"}
COMMAND: POST /session/92c8a4308f789fc799e99033afc54cf4/element/f.65165B09D34A62F43149F94F00C74D12.d.F4F6E13D52987E307FBE72C083401B9E.e.5516/elements - {"using":"css selector","value":"td"}
RESULT: {"using":"css selector","value":"td"}
COMMAND: POST /session/92c8a4308f789fc799e99033afc54cf4/element/f.65165B09D34A62F43149F94F00C74D12.d.F4F6E13D52987E307FBE72C083401B9E.e.5517/elements - {"using":"css selector","value":"td"}
RESULT: {"using":"css selector","value":"td"}
COMMAND: POST /session/92c8a4308f789fc799e99033afc54cf4/element/f.65165B09D34A62F43149F94F00C74D12.d.F4F6E13D52987E307FBE72C083401B9E.e.5518/elements - {"using":"css selector","value":"td"}
RESULT: {"using":"css selector","value":"td"}
COMMAND: POST /session/92c8a4308f789fc799e99033afc54cf4/element/f.65165B09D34A62F43149F94F00C74D12.d.F4F6E13D52987E307FBE72C083401B9E.e.5519/elements - {"using":"css selector","value":"td"}
RESULT: {"using":"css selector","value":"td"}
COMMAND: POST /session/92c8a4308f789fc799e99033afc54cf4/element/f.65165B09D34A62F43149F94F00C74D12.d.F4F6E13D52987E307FBE72C083401B9E.e.5520/elements - {"using":"css selector","value":"td"}
RESULT: {"using":"css selector","value":"td"}
COMMAND: POST /session/92c8a4308f789fc799e99033afc54cf4/element/f.65165B09D34A62F43149F94F00C74D12.d.F4F6E13D52987E307FBE72C083401B9E.e.5521/elements - {"using":"css selector","value":"td"}
RESULT: {"using":"css selector","value":"td"}
COMMAND: POST /session/92c8a4308f789fc799e99033afc54cf4/element/f.65165B09D34A62F43149F94F00C74D12.d.F4F6E13D52987E307FBE72C083401B9E.e.5522/elements - {"using":"css selector","value":"td"}
RESULT: {"using":"css selector","value":"td"}
COMMAND: POST /session/92c8a4308f789fc799e99033afc54cf4/element/f.65165B09D34A62F43149F94F00C74D12.d.F4F6E13D52987E307FBE72C083401B9E.e.5523/elements - {"using":"css selector","value":"td"}
RESULT: {"using":"css selector","value":"td"}
COMMAND: POST /session/92c8a4308f789fc799e99033afc54cf4/element/f.65165B09D34A62F43149F94F00C74D12.d.F4F6E13D52987E307FBE72C083401B9E.e.5524/elements - {"using":"css selector","value":"td"}
RESULT: {"using":"css selector","value":"td"}
COMMAND: POST /session/92c8a4308f789fc799e99033afc54cf4/element/f.65165B09D34A62F43149F94F00C74D12.d.F4F6E13D52987E307FBE72C083401B9E.e.5525/elements - {"using":"css selector","value":"td"}
RESULT: {"using":"css selector","value":"td"}
COMMAND: POST /session/92c8a4308f789fc799e99033afc54cf4/element/f.65165B09D34A62F43149F94F00C74D12.d.F4F6E13D52987E307FBE72C083401B9E.e.5526/elements - {"using":"css selector","value":"td"}
RESULT: {"using":"css selector","value":"td"}
COMMAND: POST /session/92c8a4308f789fc799e99033afc54cf4/element/f.65165B09D34A62F43149F94F00C74D12.d.F4F6E13D52987E307FBE72C083401B9E.e.5527/elements - {"using":"css selector","value":"td"}
RESULT: {"using":"css selector","value":"td"}
COMMAND: POST /session/92c8a4308f789fc799e99033afc54cf4/element/f.65165B09D34A62F43149F94F00C74D12.d.F4F6E13D52987E307FBE72C083401B9E.e.5528/elements - {"using":"css selector","value":"td"}
RESULT: {"using":"css selector","value":"td"}
COMMAND: POST /session/92c8a4308f789fc799e99033afc54cf4/element/f.65165B09D34A62F43149F94F00C74D12.d.F4F6E13D52987E307FBE72C083401B9E.e.5529/elements - {"using":"css selector","value":"td"}
RESULT: {"using":"css selector","value":"td"}
COMMAND: POST /session/92c8a4308f789fc799e99033afc54cf4/element/f.65165B09D34A62F43149F94F00C74D12.d.F4F6E13D52987E307FBE72C083401B9E.e.5530/elements - {"using":"css selector","value":"td"}
RESULT: {"using":"css selector","value":"td"}
COMMAND: POST /session/92c8a4308f789fc799e99033afc54cf4/element/f.65165B09D34A62F43149F94F00C74D12.d.F4F6E13D52987E307FBE72C083401B9E.e.5531/elements - {"using":"css selector","value":"td"}
RESULT: {"using":"css selector","value":"td"}
COMMAND: POST /session/92c8a4308f789fc799e99033afc54cf4/element/f.65165B09D34A62F43149F94F00C74D12.d.F4F6E13D52987E307FBE72C083401B9E.e.5532/elements - {"using":"css selector","value":"td"}
RESULT: {"using":"css selector","value":"td"}
COMMAND: POST /session/92c8a4308f789fc799e99033afc54cf4/element/f.65165B09D34A62F43149F94F00C74D12.d.F4F6E13D52987E307FBE72C083401B9E.e.5533/elements - {"using":"css selector","value":"td"}
RESULT: {"using":"css selector","value":"td"}
COMMAND: POST /session/92c8a4308f789fc799e99033afc54cf4/element/f.65165B09D34A62F43149F94F00C74D12.d.F4F6E13D52987E307FBE72C083401B9E.e.5534/elements - {"using":"css selector","value":"td"}
RESULT: {"using":"css selector","value":"td"}
COMMAND: POST /session/92c8a4308f789fc799e99033afc54cf4/element/f.65165B09D34A62F43149F94F00C74D12.d.F4F6E13D52987E307FBE72C083401B9E.e.5535/elements - {"using":"css selector","value":"td"}
RESULT: {"using":"css selector","value":"td"}
COMMAND: POST /session/92c8a4308f789fc799e99033afc54cf4/element/f.65165B09D34A62F43149F94F00C74D12.d.F4F6E13D52987E307FBE72C083401B9E.e.5536/elements - {"using":"css selector","value":"td"}
RESULT: {"using":"css selector","value":"td"}
COMMAND: POST /session/92c8a4308f789fc799e99033afc54cf4/element/f.65165B09D34A62F43149F94F00C74D12.d.F4F6E13D52987E307FBE72C083401B9E.e.5537/elements - {"using":"css selector","value":"td"}
RESULT: {"using":"css selector","value":"td"}
COMMAND: POST /session/92c8a4308f789fc799e99033afc54cf4/element/f.65165B09D34A62F43149F94F00C74D12.d.F4F6E13D52987E307FBE72C083401B9E.e.5538/elements - {"using":"css selector","value":"td"}
RESULT: {"using":"css selector","value":"td"}
COMMAND: POST /session/92c8a4308f789fc799e99033afc54cf4/element/f.65165B09D34A62F43149F94F00C74D12.d.F4F6E13D52987E307FBE72C083401B9E.e.5539/elements - {"using":"css selector","value":"td"}
RESULT: {"using":"css selector","value":"td"}
COMMAND: POST /session/92c8a4308f789fc799e99033afc54cf4/element/f.65165B09D34A62F43149F94F00C74D12.d.F4F6E13D52987E307FBE72C083401B9E.e.5540/elements - {"using":"css selector","value":"td"}
RESULT: {"using":"css selector","value":"td"}
COMMAND: POST /session/92c8a4308f789fc799e99033afc54cf4/element/f.65165B09D34A62F43149F94F00C74D12.d.F4F6E13D52987E307FBE72C083401B9E.e.5541/elements - {"using":"css selector","value":"td"}
RESULT: {"using":"css selector","value":"td"}
COMMAND: POST /session/92c8a4308f789fc799e99033afc54cf4/element/f.65165B09D34A62F43149F94F00C74D12.d.F4F6E13D52987E307FBE72C083401B9E.e.5542/elements - {"using":"css selector","value":"td"}
RESULT: {"using":"css selector","value":"td"}
COMMAND: POST /session/92c8a4308f789fc799e99033afc54cf4/element/f.65165B09D34A62F43149F94F00C74D12.d.F4F6E13D52987E307FBE72C083401B9E.e.5543/elements - {"using":"css selector","value":"td"}
RESULT: {"using":"css selector","value":"td"}
COMMAND: POST /session/92c8a4308f789fc799e99033afc54cf4/element/f.65165B09D34A62F43149F94F00C74D12.d.F4F6E13D52987E307FBE72C083401B9E.e.5544/elements - {"using":"css selector","value":"td"}
RESULT: {"using":"css selector","value":"td"}
COMMAND: POST /session/92c8a4308f789fc799e99033afc54cf4/element/f.65165B09D34A62F43149F94F00C74D12.d.F4F6E13D52987E307FBE72C083401B9E.e.5545/elements - {"using":"css selector","value":"td"}
RESULT: {"using":"css selector","value":"td"}
COMMAND: POST /session/92c8a4308f789fc799e99033afc54cf4/element/f.65165B09D34A62F43149F94F00C74D12.d.F4F6E13D52987E307FBE72C083401B9E.e.5546/elements - {"using":"css selector","value":"td"}
RESULT: {"using":"css selector","value":"td"}
COMMAND: POST /session/92c8a4308f789fc799e99033afc54cf4/element/f.65165B09D34A62F43149F94F00C74D12.d.F4F6E13D52987E307FBE72C083401B9E.e.5547/elements - {"using":"css selector","value":"td"}
RESULT: {"using":"css selector","value":"td"}
COMMAND: POST /session/92c8a4308f789fc799e99033afc54cf4/element/f.65165B09D34A62F43149F94F00C74D12.d.F4F6E13D52987E307FBE72C083401B9E.e.5548/elements - {"using":"css selector","value":"td"}
RESULT: {"using":"css selector","value":"td"}
COMMAND: POST /session/92c8a4308f789fc799e99033afc54cf4/element/f.65165B09D34A62F43149F94F00C74D12.d.F4F6E13D52987E307FBE72C083401B9E.e.5549/elements - {"using":"css selector","value":"td"}
RESULT: {"using":"css selector","value":"td"}
COMMAND: POST /session/92c8a4308f789fc799e99033afc54cf4/element/f.65165B09D34A62F43149F94F00C74D12.d.F4F6E13D52987E307FBE72C083401B9E.e.5550/elements - {"using":"css selector","value":"td"}
RESULT: {"using":"css selector","value":"td"}
COMMAND: POST /session/92c8a4308f789fc799e99033afc54cf4/element/f.65165B09D34A62F43149F94F00C74D12.d.F4F6E13D52987E307FBE72C083401B9E.e.5551/elements - {"using":"css selector","value":"td"}
RESULT: {"using":"css selector","value":"td"}
COMMAND: POST /session/92c8a4308f789fc799e99033afc54cf4/element/f.65165B09D34A62F43149F94F00C74D12.d.F4F6E13D52987E307FBE72C083401B9E.e.5552/elements - {"using":"css selector","value":"td"}
RESULT: {"using":"css selector","value":"td"}
COMMAND: POST /session/92c8a4308f789fc799e99033afc54cf4/element/f.65165B09D34A62F43149F94F00C74D12.d.F4F6E13D52987E307FBE72C083401B9E.e.5553/elements - {"using":"css selector","value":"td"}
RESULT: {"using":"css selector","value":"td"}
COMMAND: POST /session/92c8a4308f789fc799e99033afc54cf4/element/f.65165B09D34A62F43149F94F00C74D12.d.F4F6E13D52987E307FBE72C083401B9E.e.5554/elements - {"using":"css selector","value":"td"}
RESULT: {"using":"css selector","value":"td"}
COMMAND: POST /session/92c8a4308f789fc799e99033afc54cf4/element/f.65165B09D34A62F43149F94F00C74D12.d.F4F6E13D52987E307FBE72C083401B9E.e.5555/elements - {"using":"css selector","value":"td"}
RESULT: {"using":"css selector","value":"td"}
COMMAND: POST /session/92c8a4308f789fc799e99033afc54cf4/element/f.65165B09D34A62F43149F94F00C74D12.d.F4F6E13D52987E307FBE72C083401B9E.e.5556/elements - {"using":"css selector","value":"td"}
RESULT: {"using":"css selector","value":"td"}
COMMAND: POST /session/92c8a4308f789fc799e99033afc54cf4/element/f.65165B09D34A62F43149F94F00C74D12.d.F4F6E13D52987E307FBE72C083401B9E.e.5557/elements - {"using":"css selector","value":"td"}
RESULT: {"using":"css selector","value":"td"}
COMMAND: POST /session/92c8a4308f789fc799e99033afc54cf4/element/f.65165B09D34A62F43149F94F00C74D12.d.F4F6E13D52987E307FBE72C083401B9E.e.5558/elements - {"using":"css selector","value":"td"}
RESULT: {"using":"css selector","value":"td"}
COMMAND: POST /session/92c8a4308f789fc799e99033afc54cf4/element/f.65165B09D34A62F43149F94F00C74D12.d.F4F6E13D52987E307FBE72C083401B9E.e.5559/elements - {"using":"css selector","value":"td"}
RESULT: {"using":"css selector","value":"td"}
COMMAND: POST /session/92c8a4308f789fc799e99033afc54cf4/element/f.65165B09D34A62F43149F94F00C74D12.d.F4F6E13D52987E307FBE72C083401B9E.e.5560/elements - {"using":"css selector","value":"td"}
RESULT: {"using":"css selector","value":"td"}
COMMAND: POST /session/92c8a4308f789fc799e99033afc54cf4/element/f.65165B09D34A62F43149F94F00C74D12.d.F4F6E13D52987E307FBE72C083401B9E.e.5561/elements - {"using":"css selector","value":"td"}
RESULT: {"using":"css selector","value":"td"}
COMMAND: POST /session/92c8a4308f789fc799e99033afc54cf4/element/f.65165B09D34A62F43149F94F00C74D12.d.F4F6E13D52987E307FBE72C083401B9E.e.5562/elements - {"using":"css selector","value":"td"}
RESULT: {"using":"css selector","value":"td"}
COMMAND: POST /session/92c8a4308f789fc799e99033afc54cf4/element/f.65165B09D34A62F43149F94F00C74D12.d.F4F6E13D52987E307FBE72C083401B9E.e.5563/elements - {"using":"css selector","value":"td"}
RESULT: {"using":"css selector","value":"td"}
COMMAND: POST /session/92c8a4308f789fc799e99033afc54cf4/element/f.65165B09D34A62F43149F94F00C74D12.d.F4F6E13D52987E307FBE72C083401B9E.e.5564/elements - {"using":"css selector","value":"td"}
RESULT: {"using":"css selector","value":"td"}
COMMAND: POST /session/92c8a4308f789fc799e99033afc54cf4/element/f.65165B09D34A62F43149F94F00C74D12.d.F4F6E13D52987E307FBE72C083401B9E.e.5565/elements - {"using":"css selector","value":"td"}
RESULT: {"using":"css selector","value":"td"}
COMMAND: POST /session/92c8a4308f789fc799e99033afc54cf4/element/f.65165B09D34A62F43149F94F00C74D12.d.F4F6E13D52987E307FBE72C083401B9E.e.5566/elements - {"using":"css selector","value":"td"}
RESULT: {"using":"css selector","value":"td"}
COMMAND: POST /session/92c8a4308f789fc799e99033afc54cf4/element/f.65165B09D34A62F43149F94F00C74D12.d.F4F6E13D52987E307FBE72C083401B9E.e.5567/elements - {"using":"css selector","value":"td"}
RESULT: {"using":"css selector","value":"td"}
COMMAND: POST /session/92c8a4308f789fc799e99033afc54cf4/element/f.65165B09D34A62F43149F94F00C74D12.d.F4F6E13D52987E307FBE72C083401B9E.e.5568/elements - {"using":"css selector","value":"td"}
RESULT: {"using":"css selector","value":"td"}
COMMAND: POST /session/92c8a4308f789fc799e99033afc54cf4/element/f.65165B09D34A62F43149F94F00C74D12.d.F4F6E13D52987E307FBE72C083401B9E.e.5569/elements - {"using":"css selector","value":"td"}
RESULT: {"using":"css selector","value":"td"}
COMMAND: POST /session/92c8a4308f789fc799e99033afc54cf4/element/f.65165B09D34A62F43149F94F00C74D12.d.F4F6E13D52987E307FBE72C083401B9E.e.5570/elements - {"using":"css selector","value":"td"}
RESULT: {"using":"css selector","value":"td"}
COMMAND: POST /session/92c8a4308f789fc799e99033afc54cf4/element/f.65165B09D34A62F43149F94F00C74D12.d.F4F6E13D52987E307FBE72C083401B9E.e.5571/elements - {"using":"css selector","value":"td"}
RESULT: {"using":"css selector","value":"td"}
COMMAND: POST /session/92c8a4308f789fc799e99033afc54cf4/element/f.65165B09D34A62F43149F94F00C74D12.d.F4F6E13D52987E307FBE72C083401B9E.e.5572/elements - {"using":"css selector","value":"td"}
RESULT: {"using":"css selector","value":"td"}
COMMAND: POST /session/92c8a4308f789fc799e99033afc54cf4/element/f.65165B09D34A62F43149F94F00C74D12.d.F4F6E13D52987E307FBE72C083401B9E.e.5573/elements - {"using":"css selector","value":"td"}
RESULT: {"using":"css selector","value":"td"}
COMMAND: POST /session/92c8a4308f789fc799e99033afc54cf4/element/f.65165B09D34A62F43149F94F00C74D12.d.F4F6E13D52987E307FBE72C083401B9E.e.5574/elements - {"using":"css selector","value":"td"}
RESULT: {"using":"css selector","value":"td"}
COMMAND: POST /session/92c8a4308f789fc799e99033afc54cf4/element/f.65165B09D34A62F43149F94F00C74D12.d.F4F6E13D52987E307FBE72C083401B9E.e.5575/elements - {"using":"css selector","value":"td"}
RESULT: {"using":"css selector","value":"td"}
COMMAND: POST /session/92c8a4308f789fc799e99033afc54cf4/element/f.65165B09D34A62F43149F94F00C74D12.d.F4F6E13D52987E307FBE72C083401B9E.e.5576/elements - {"using":"css selector","value":"td"}
RESULT: {"using":"css selector","value":"td"}
COMMAND: POST /session/92c8a4308f789fc799e99033afc54cf4/element/f.65165B09D34A62F43149F94F00C74D12.d.F4F6E13D52987E307FBE72C083401B9E.e.5577/elements - {"using":"css selector","value":"td"}
RESULT: {"using":"css selector","value":"td"}
COMMAND: POST /session/92c8a4308f789fc799e99033afc54cf4/element/f.65165B09D34A62F43149F94F00C74D12.d.F4F6E13D52987E307FBE72C083401B9E.e.5578/elements - {"using":"css selector","value":"td"}
RESULT: {"using":"css selector","value":"td"}
COMMAND: POST /session/92c8a4308f789fc799e99033afc54cf4/element/f.65165B09D34A62F43149F94F00C74D12.d.F4F6E13D52987E307FBE72C083401B9E.e.5579/elements - {"using":"css selector","value":"td"}
RESULT: {"using":"css selector","value":"td"}
COMMAND: POST /session/92c8a4308f789fc799e99033afc54cf4/element/f.65165B09D34A62F43149F94F00C74D12.d.F4F6E13D52987E307FBE72C083401B9E.e.5580/elements - {"using":"css selector","value":"td"}
RESULT: {"using":"css selector","value":"td"}
COMMAND: POST /session/92c8a4308f789fc799e99033afc54cf4/element/f.65165B09D34A62F43149F94F00C74D12.d.F4F6E13D52987E307FBE72C083401B9E.e.5581/elements - {"using":"css selector","value":"td"}
RESULT: {"using":"css selector","value":"td"}
COMMAND: POST /session/92c8a4308f789fc799e99033afc54cf4/element/f.65165B09D34A62F43149F94F00C74D12.d.F4F6E13D52987E307FBE72C083401B9E.e.5582/elements - {"using":"css selector","value":"td"}
RESULT: {"using":"css selector","value":"td"}
COMMAND: POST /session/92c8a4308f789fc799e99033afc54cf4/element/f.65165B09D34A62F43149F94F00C74D12.d.F4F6E13D52987E307FBE72C083401B9E.e.5583/elements - {"using":"css selector","value":"td"}
RESULT: {"using":"css selector","value":"td"}
COMMAND: POST /session/92c8a4308f789fc799e99033afc54cf4/element/f.65165B09D34A62F43149F94F00C74D12.d.F4F6E13D52987E307FBE72C083401B9E.e.6489/elements - {"using":"css selector","value":"td"}
RESULT: {"using":"css selector","value":"td"}
COMMAND: POST /session/92c8a4308f789fc799e99033afc54cf4/element - {"using":"css selector","value":"#j_username"}
COMMAND: POST /session/92c8a4308f789fc799e99033afc54cf4/url - {"url":"https://qa-testing-00-live-etm-ui.cfapps.eu10-004.hana.ondemand.com/"}
RESULT: {"url":"https://qa-testing-00-live-etm-ui.cfapps.eu10-004.hana.ondemand.com/"}
RESULT: undefined
COMMAND: GET /session/92c8a4308f789fc799e99033afc54cf4/screenshot - {}
RESULT: {"using":"css selector","value":"#j_username"}
COMMAND: POST /session/92c8a4308f789fc799e99033afc54cf4/element - {"using":"css selector","value":"#j_username"}
RESULT: {}
RESULT: {"using":"css selector","value":"#j_username"}
COMMAND: POST /session/92c8a4308f789fc799e99033afc54cf4/element - {"using":"css selector","value":"#shell-header-logo"}
RESULT: {"using":"css selector","value":"#shell-header-logo"}
COMMAND: POST /session/92c8a4308f789fc799e99033afc54cf4/execute/sync - {"script":"<script> [8489 bytes]","args":[{"element-6066-11e4-a52e-4f735466cecf":"f.65165B09D34A62F43149F94F00C74D12.d.D75DB1FCB12999D8B0C77114F137A1C2.e.6503","ELEMENT":"f.65165B09D34A62F43149F94F00C74D12.d.D75DB1FCB12999D8B0C77114F137A1C2.e.6503"}]}
RESULT: {"script":"<script> [8489 bytes]","args":[{"element-6066-11e4-a52e-4f735466cecf":"f.65165B09D34A62F43149F94F00C74D12.d.D75DB1FCB12999D8B0C77114F137A1C2.e.6503","ELEMENT":"f.65165B09D34A62F43149F94F00C74D12.d.D75DB1FCB12999D8B0C77114F137A1C2.e.6503"}]}
COMMAND: POST /session/92c8a4308f789fc799e99033afc54cf4/element - {"using":"css selector","value":"#shell-header-logo"}
COMMAND: GET /session/92c8a4308f789fc799e99033afc54cf4/screenshot - {}
RESULT: {}
RESULT: {"using":"css selector","value":"#shell-header-logo"}
COMMAND: POST /session/92c8a4308f789fc799e99033afc54cf4/execute/sync - {"script":"<script> [8489 bytes]","args":[{"element-6066-11e4-a52e-4f735466cecf":"f.65165B09D34A62F43149F94F00C74D12.d.D75DB1FCB12999D8B0C77114F137A1C2.e.6503","ELEMENT":"f.65165B09D34A62F43149F94F00C74D12.d.D75DB1FCB12999D8B0C77114F137A1C2.e.6503"}]}
RESULT: {"script":"<script> [8489 bytes]","args":[{"element-6066-11e4-a52e-4f735466cecf":"f.65165B09D34A62F43149F94F00C74D12.d.D75DB1FCB12999D8B0C77114F137A1C2.e.6503","ELEMENT":"f.65165B09D34A62F43149F94F00C74D12.d.D75DB1FCB12999D8B0C77114F137A1C2.e.6503"}]}
COMMAND: POST /session/92c8a4308f789fc799e99033afc54cf4/execute/sync - {"script":"<script> [5351 bytes]","args":[{"element-6066-11e4-a52e-4f735466cecf":"f.65165B09D34A62F43149F94F00C74D12.d.D75DB1FCB12999D8B0C77114F137A1C2.e.6503","ELEMENT":"f.65165B09D34A62F43149F94F00C74D12.d.D75DB1FCB12999D8B0C77114F137A1C2.e.6503"}]}
COMMAND: GET /session/92c8a4308f789fc799e99033afc54cf4/screenshot - {}
RESULT: {"script":"<script> [5351 bytes]","args":[{"element-6066-11e4-a52e-4f735466cecf":"f.65165B09D34A62F43149F94F00C74D12.d.D75DB1FCB12999D8B0C77114F137A1C2.e.6503","ELEMENT":"f.65165B09D34A62F43149F94F00C74D12.d.D75DB1FCB12999D8B0C77114F137A1C2.e.6503"}]}
COMMAND: POST /session/92c8a4308f789fc799e99033afc54cf4/element - {"using":"css selector","value":"#shell-header-logo"}
COMMAND: GET /session/92c8a4308f789fc799e99033afc54cf4/screenshot - {}
RESULT: {}
RESULT: {"using":"css selector","value":"#shell-header-logo"}
COMMAND: POST /session/92c8a4308f789fc799e99033afc54cf4/element/f.65165B09D34A62F43149F94F00C74D12.d.D75DB1FCB12999D8B0C77114F137A1C2.e.6503/click - {}
RESULT: {}
RESULT: {}
COMMAND: GET /session/92c8a4308f789fc799e99033afc54cf4/screenshot - {}
RESULT: {}
COMMAND: POST /session/92c8a4308f789fc799e99033afc54cf4/execute/async - {"script":"<script> [189 bytes]","args":[]}
RESULT: {"script":"<script> [189 bytes]","args":[]}
COMMAND: POST /session/92c8a4308f789fc799e99033afc54cf4/execute/async - {"script":"<script> [123 bytes]","args":[]}
RESULT: {"script":"<script> [123 bytes]","args":[]}
COMMAND: POST /session/92c8a4308f789fc799e99033afc54cf4/timeouts - {"script":"<number>"}
RESULT: {"script":"<number>"}
COMMAND: GET /session/92c8a4308f789fc799e99033afc54cf4/timeouts - {}
RESULT: {}
RESULT: undefined
COMMAND: POST /session/92c8a4308f789fc799e99033afc54cf4/execute/async - {"script":"<script> [2676 bytes]","args":[]}
RESULT: {"script":"<script> [2676 bytes]","args":[]}
COMMAND: POST /session/92c8a4308f789fc799e99033afc54cf4/execute/async - {"script":"<script> [2342 bytes]","args":[{"protocol":"http","hostname":"0.0.0.0","path":"/","capabilities":{"browserName":"chrome","goog:chromeOptions":{"binary":"C:\\Program Files\\Google\\Chrome\\Application\\chrome.exe","args":["--start-maximized"]}},"logLevel":"warn","connectionRetryTimeout":120000,"connectionRetryCount":3,"logLevels":{},"enableDirectConnect":true,"strictSSL":true,"_":"65 more keys: [\"cacheDir\",\"port\",\"requestedCapabilities\",\"automationProtocol\",\"baseUrl\",\"waitforInterval\",\"waitforTimeout\",\"onReload\",\"beforeCommand\",\"afterCommand\",\"rootDir\",\"specs\",\"suites\",\"exclude\",\"groupLogsByTestSpec\",\"excludeDriverLogs\",\"bail\",\"framework\",\"reporters\",\"services\",\"maxInstances\",\"maxInstancesPerCapability\",\"injectGlobals\",\"filesToWatch\",\"execArgv\",\"runnerEnv\",\"runner\",\"shard\",\"specFileRetries\",\"specFileRetriesDelay\",\"specFileRetriesDeferred\",\"reporterSyncInterval\",\"reporterSyncTimeout\",\"cucumberFeaturesWithLineNumbers\",\"autoCompileOpts\",\"mochaOpts\",\"jasmineOpts\",\"cucumberOpts\",\"onPrepare\",\"onWorkerStart\",\"onWorkerEnd\",\"before\",\"beforeSession\",\"beforeSuite\",\"beforeHook\",\"beforeTest\",\"afterTest\",\"afterHook\",\"afterSuite\",\"afterSession\",\"after\",\"onComplete\",\"beforeAssertion\",\"afterAssertion\",\"beforeFeature\",\"beforeScenario\",\"beforeStep\",\"afterStep\",\"afterScenario\",\"afterFeature\",\"_\",\"suite\",\"$0\",\"ignoredWorkerServices\",\"wdi5\"]"}]}
RESULT: {"script":"<script> [2342 bytes]","args":[{"protocol":"http","hostname":"0.0.0.0","path":"/","capabilities":{"browserName":"chrome","goog:chromeOptions":{"binary":"C:\\Program Files\\Google\\Chrome\\Application\\chrome.exe","args":["--start-maximized"]}},"logLevel":"warn","connectionRetryTimeout":120000,"connectionRetryCount":3,"logLevels":{},"enableDirectConnect":true,"strictSSL":true,"_":"65 more keys: [\"cacheDir\",\"port\",\"requestedCapabilities\",\"automationProtocol\",\"baseUrl\",\"waitforInterval\",\"waitforTimeout\",\"onReload\",\"beforeCommand\",\"afterCommand\",\"rootDir\",\"specs\",\"suites\",\"exclude\",\"groupLogsByTestSpec\",\"excludeDriverLogs\",\"bail\",\"framework\",\"reporters\",\"services\",\"maxInstances\",\"maxInstancesPerCapability\",\"injectGlobals\",\"filesToWatch\",\"execArgv\",\"runnerEnv\",\"runner\",\"shard\",\"specFileRetries\",\"specFileRetriesDelay\",\"specFileRetriesDeferred\",\"reporterSyncInterval\",\"reporterSyncTimeout\",\"cucumberFeaturesWithLineNumbers\",\"autoCompileOpts\",\"mochaOpts\",\"jasmineOpts\",\"cucumberOpts\",\"onPrepare\",\"onWorkerStart\",\"onWorkerEnd\",\"before\",\"beforeSession\",\"beforeSuite\",\"beforeHook\",\"beforeTest\",\"afterTest\",\"afterHook\",\"afterSuite\",\"afterSession\",\"after\",\"onComplete\",\"beforeAssertion\",\"afterAssertion\",\"beforeFeature\",\"beforeScenario\",\"beforeStep\",\"afterStep\",\"afterScenario\",\"afterFeature\",\"_\",\"suite\",\"$0\",\"ignoredWorkerServices\",\"wdi5\"]"}]}
COMMAND: POST /session/92c8a4308f789fc799e99033afc54cf4/execute/async - {"script":"<script> [21126 bytes]","args":[35000]}
RESULT: {"script":"<script> [21126 bytes]","args":[35000]}
COMMAND: POST /session/92c8a4308f789fc799e99033afc54cf4/window/maximize - {}
RESULT: {}
COMMAND: POST /session/92c8a4308f789fc799e99033afc54cf4/execute/async - {"script":"<script> [1562 bytes]","args":[{"selector":{"id":"shell-header","interaction":{"idSuffix":"icon"}},"wdio_ui5_key":"shellheader"}]}
COMMAND: GET /session/92c8a4308f789fc799e99033afc54cf4/screenshot - {}
RESULT: {"script":"<script> [1562 bytes]","args":[{"selector":{"id":"shell-header","interaction":{"idSuffix":"icon"}},"wdio_ui5_key":"shellheader"}]}
RESULT: undefined
COMMAND: POST /session/92c8a4308f789fc799e99033afc54cf4/refresh - {}
RESULT: {}
RESULT: {}
COMMAND: GET /session/92c8a4308f789fc799e99033afc54cf4/screenshot - {}
RESULT: {}
COMMAND: POST /session/92c8a4308f789fc799e99033afc54cf4/refresh - {}
RESULT: {}
COMMAND: GET /session/92c8a4308f789fc799e99033afc54cf4/screenshot - {}
RESULT: {}
COMMAND: POST /session/92c8a4308f789fc799e99033afc54cf4/window/fullscreen - {}
RESULT: {}
COMMAND: POST /session/92c8a4308f789fc799e99033afc54cf4/execute/async - {"script":"<script> [189 bytes]","args":[]}
RESULT: {"script":"<script> [189 bytes]","args":[]}
COMMAND: POST /session/92c8a4308f789fc799e99033afc54cf4/execute/async - {"script":"<script> [123 bytes]","args":[]}
RESULT: {"script":"<script> [123 bytes]","args":[]}
COMMAND: POST /session/92c8a4308f789fc799e99033afc54cf4/timeouts - {"script":"<number>"}
RESULT: {"script":"<number>"}
COMMAND: GET /session/92c8a4308f789fc799e99033afc54cf4/timeouts - {}
RESULT: {}
RESULT: undefined
COMMAND: POST /session/92c8a4308f789fc799e99033afc54cf4/execute/async - {"script":"<script> [2676 bytes]","args":[]}
RESULT: {"script":"<script> [2676 bytes]","args":[]}
COMMAND: POST /session/92c8a4308f789fc799e99033afc54cf4/execute/async - {"script":"<script> [2342 bytes]","args":[{"protocol":"http","hostname":"0.0.0.0","path":"/","capabilities":{"browserName":"chrome","goog:chromeOptions":{"binary":"C:\\Program Files\\Google\\Chrome\\Application\\chrome.exe","args":["--start-maximized"]}},"logLevel":"warn","connectionRetryTimeout":120000,"connectionRetryCount":3,"logLevels":{},"enableDirectConnect":true,"strictSSL":true,"_":"65 more keys: [\"cacheDir\",\"port\",\"requestedCapabilities\",\"automationProtocol\",\"baseUrl\",\"waitforInterval\",\"waitforTimeout\",\"onReload\",\"beforeCommand\",\"afterCommand\",\"rootDir\",\"specs\",\"suites\",\"exclude\",\"groupLogsByTestSpec\",\"excludeDriverLogs\",\"bail\",\"framework\",\"reporters\",\"services\",\"maxInstances\",\"maxInstancesPerCapability\",\"injectGlobals\",\"filesToWatch\",\"execArgv\",\"runnerEnv\",\"runner\",\"shard\",\"specFileRetries\",\"specFileRetriesDelay\",\"specFileRetriesDeferred\",\"reporterSyncInterval\",\"reporterSyncTimeout\",\"cucumberFeaturesWithLineNumbers\",\"autoCompileOpts\",\"mochaOpts\",\"jasmineOpts\",\"cucumberOpts\",\"onPrepare\",\"onWorkerStart\",\"onWorkerEnd\",\"before\",\"beforeSession\",\"beforeSuite\",\"beforeHook\",\"beforeTest\",\"afterTest\",\"afterHook\",\"afterSuite\",\"afterSession\",\"after\",\"onComplete\",\"beforeAssertion\",\"afterAssertion\",\"beforeFeature\",\"beforeScenario\",\"beforeStep\",\"afterStep\",\"afterScenario\",\"afterFeature\",\"_\",\"suite\",\"$0\",\"ignoredWorkerServices\",\"wdi5\"]"}]}
RESULT: {"script":"<script> [2342 bytes]","args":[{"protocol":"http","hostname":"0.0.0.0","path":"/","capabilities":{"browserName":"chrome","goog:chromeOptions":{"binary":"C:\\Program Files\\Google\\Chrome\\Application\\chrome.exe","args":["--start-maximized"]}},"logLevel":"warn","connectionRetryTimeout":120000,"connectionRetryCount":3,"logLevels":{},"enableDirectConnect":true,"strictSSL":true,"_":"65 more keys: [\"cacheDir\",\"port\",\"requestedCapabilities\",\"automationProtocol\",\"baseUrl\",\"waitforInterval\",\"waitforTimeout\",\"onReload\",\"beforeCommand\",\"afterCommand\",\"rootDir\",\"specs\",\"suites\",\"exclude\",\"groupLogsByTestSpec\",\"excludeDriverLogs\",\"bail\",\"framework\",\"reporters\",\"services\",\"maxInstances\",\"maxInstancesPerCapability\",\"injectGlobals\",\"filesToWatch\",\"execArgv\",\"runnerEnv\",\"runner\",\"shard\",\"specFileRetries\",\"specFileRetriesDelay\",\"specFileRetriesDeferred\",\"reporterSyncInterval\",\"reporterSyncTimeout\",\"cucumberFeaturesWithLineNumbers\",\"autoCompileOpts\",\"mochaOpts\",\"jasmineOpts\",\"cucumberOpts\",\"onPrepare\",\"onWorkerStart\",\"onWorkerEnd\",\"before\",\"beforeSession\",\"beforeSuite\",\"beforeHook\",\"beforeTest\",\"afterTest\",\"afterHook\",\"afterSuite\",\"afterSession\",\"after\",\"onComplete\",\"beforeAssertion\",\"afterAssertion\",\"beforeFeature\",\"beforeScenario\",\"beforeStep\",\"afterStep\",\"afterScenario\",\"afterFeature\",\"_\",\"suite\",\"$0\",\"ignoredWorkerServices\",\"wdi5\"]"}]}
COMMAND: POST /session/92c8a4308f789fc799e99033afc54cf4/execute/async - {"script":"<script> [21126 bytes]","args":[35000]}
RESULT: {"script":"<script> [21126 bytes]","args":[35000]}
]]></system-out>
    </testcase>
  </testsuite>
  <testsuite timestamp="2025-05-01T17:12:28" time="411.842" tests="9" failures="0" errors="0" skipped="0">
    <properties>
      <property name="specId" value="0" />
      <property name="suiteName" value="US134625 Set up price condition - one time" />
      <property name="capabilities" value="chrome.135_0_7049_96.windows" />
      <property name="file" value="file:///D:/a/1/s/test/specs/BTS/set-up-price-condition-one-time.spec.js" />
    </properties>
    <testcase classname="chrome.135_0_7049_96.windows.US134625_Set_up_price_condition_-_one_time" name="Should create a new yard used for all following tests" time="0.01">
      <system-out><![CDATA[
COMMAND: POST /session/92c8a4308f789fc799e99033afc54cf4/window/fullscreen - {}
RESULT: {}
]]></system-out>
    </testcase>
    <testcase classname="chrome.135_0_7049_96.windows.US134625_Set_up_price_condition_-_one_time" name="Should create a new partner" time="0.004" />
    <testcase classname="chrome.135_0_7049_96.windows.US134625_Set_up_price_condition_-_one_time" name="Should create a new site used for following tests" time="0.003" />
    <testcase classname="chrome.135_0_7049_96.windows.US134625_Set_up_price_condition_-_one_time" name="Should create a new material for billing type one time" time="110.755">
      <system-out><![CDATA[
COMMAND: POST /session/92c8a4308f789fc799e99033afc54cf4/execute/async - {"script":"<script> [1562 bytes]","args":[{"selector":{"controlType":"sap.m.GenericTile","properties":{"header":"Manage Resources"}},"wdio_ui5_key":"sapm.GenericTile{\"header\":\"Manage Resources\"}"}]}
RESULT: {"script":"<script> [1562 bytes]","args":[{"selector":{"controlType":"sap.m.GenericTile","properties":{"header":"Manage Resources"}},"wdio_ui5_key":"sapm.GenericTile{\"header\":\"Manage Resources\"}"}]}
RESULT: undefined
COMMAND: POST /session/92c8a4308f789fc799e99033afc54cf4/element - {"using":"xpath","value":"//*[@id=\"__tile39\"]"}
RESULT: {"using":"xpath","value":"//*[@id=\"__tile39\"]"}
COMMAND: POST /session/92c8a4308f789fc799e99033afc54cf4/element/f.65165B09D34A62F43149F94F00C74D12.d.19414F99EC22BC79183285DEC5D058C2.e.6656/click - {}
RESULT: {}
COMMAND: POST /session/92c8a4308f789fc799e99033afc54cf4/element - {"using":"xpath","value":"//button[@data-kt=\"addNewRUOverflowToolbarButton\"]"}
COMMAND: GET /session/92c8a4308f789fc799e99033afc54cf4/screenshot - {}
RESULT: {"using":"xpath","value":"//button[@data-kt=\"addNewRUOverflowToolbarButton\"]"}
COMMAND: POST /session/92c8a4308f789fc799e99033afc54cf4/elements - {"using":"xpath","value":"//button[@data-kt=\"addNewRUOverflowToolbarButton\"]"}
RESULT: {}
RESULT: {"using":"xpath","value":"//button[@data-kt=\"addNewRUOverflowToolbarButton\"]"}
COMMAND: POST /session/92c8a4308f789fc799e99033afc54cf4/elements - {"using":"xpath","value":"//button[@data-kt=\"addNewRUOverflowToolbarButton\"]"}
RESULT: {"using":"xpath","value":"//button[@data-kt=\"addNewRUOverflowToolbarButton\"]"}
COMMAND: POST /session/92c8a4308f789fc799e99033afc54cf4/elements - {"using":"xpath","value":"//button[@data-kt=\"addNewRUOverflowToolbarButton\"]"}
RESULT: {"using":"xpath","value":"//button[@data-kt=\"addNewRUOverflowToolbarButton\"]"}
COMMAND: POST /session/92c8a4308f789fc799e99033afc54cf4/elements - {"using":"xpath","value":"//button[@data-kt=\"addNewRUOverflowToolbarButton\"]"}
RESULT: {"using":"xpath","value":"//button[@data-kt=\"addNewRUOverflowToolbarButton\"]"}
COMMAND: POST /session/92c8a4308f789fc799e99033afc54cf4/elements - {"using":"xpath","value":"//button[@data-kt=\"addNewRUOverflowToolbarButton\"]"}
RESULT: {"using":"xpath","value":"//button[@data-kt=\"addNewRUOverflowToolbarButton\"]"}
COMMAND: POST /session/92c8a4308f789fc799e99033afc54cf4/elements - {"using":"xpath","value":"//button[@data-kt=\"addNewRUOverflowToolbarButton\"]"}
RESULT: {"using":"xpath","value":"//button[@data-kt=\"addNewRUOverflowToolbarButton\"]"}
COMMAND: POST /session/92c8a4308f789fc799e99033afc54cf4/elements - {"using":"xpath","value":"//button[@data-kt=\"addNewRUOverflowToolbarButton\"]"}
RESULT: {"using":"xpath","value":"//button[@data-kt=\"addNewRUOverflowToolbarButton\"]"}
COMMAND: POST /session/92c8a4308f789fc799e99033afc54cf4/elements - {"using":"xpath","value":"//button[@data-kt=\"addNewRUOverflowToolbarButton\"]"}
RESULT: {"using":"xpath","value":"//button[@data-kt=\"addNewRUOverflowToolbarButton\"]"}
COMMAND: POST /session/92c8a4308f789fc799e99033afc54cf4/elements - {"using":"xpath","value":"//button[@data-kt=\"addNewRUOverflowToolbarButton\"]"}
RESULT: {"using":"xpath","value":"//button[@data-kt=\"addNewRUOverflowToolbarButton\"]"}
COMMAND: POST /session/92c8a4308f789fc799e99033afc54cf4/elements - {"using":"xpath","value":"//button[@data-kt=\"addNewRUOverflowToolbarButton\"]"}
RESULT: {"using":"xpath","value":"//button[@data-kt=\"addNewRUOverflowToolbarButton\"]"}
COMMAND: POST /session/92c8a4308f789fc799e99033afc54cf4/elements - {"using":"xpath","value":"//button[@data-kt=\"addNewRUOverflowToolbarButton\"]"}
RESULT: {"using":"xpath","value":"//button[@data-kt=\"addNewRUOverflowToolbarButton\"]"}
COMMAND: POST /session/92c8a4308f789fc799e99033afc54cf4/elements - {"using":"xpath","value":"//button[@data-kt=\"addNewRUOverflowToolbarButton\"]"}
RESULT: {"using":"xpath","value":"//button[@data-kt=\"addNewRUOverflowToolbarButton\"]"}
COMMAND: POST /session/92c8a4308f789fc799e99033afc54cf4/elements - {"using":"xpath","value":"//button[@data-kt=\"addNewRUOverflowToolbarButton\"]"}
RESULT: {"using":"xpath","value":"//button[@data-kt=\"addNewRUOverflowToolbarButton\"]"}
COMMAND: POST /session/92c8a4308f789fc799e99033afc54cf4/elements - {"using":"xpath","value":"//button[@data-kt=\"addNewRUOverflowToolbarButton\"]"}
RESULT: {"using":"xpath","value":"//button[@data-kt=\"addNewRUOverflowToolbarButton\"]"}
COMMAND: POST /session/92c8a4308f789fc799e99033afc54cf4/elements - {"using":"xpath","value":"//button[@data-kt=\"addNewRUOverflowToolbarButton\"]"}
RESULT: {"using":"xpath","value":"//button[@data-kt=\"addNewRUOverflowToolbarButton\"]"}
COMMAND: POST /session/92c8a4308f789fc799e99033afc54cf4/elements - {"using":"xpath","value":"//button[@data-kt=\"addNewRUOverflowToolbarButton\"]"}
RESULT: {"using":"xpath","value":"//button[@data-kt=\"addNewRUOverflowToolbarButton\"]"}
COMMAND: POST /session/92c8a4308f789fc799e99033afc54cf4/elements - {"using":"xpath","value":"//button[@data-kt=\"addNewRUOverflowToolbarButton\"]"}
RESULT: {"using":"xpath","value":"//button[@data-kt=\"addNewRUOverflowToolbarButton\"]"}
COMMAND: POST /session/92c8a4308f789fc799e99033afc54cf4/elements - {"using":"xpath","value":"//button[@data-kt=\"addNewRUOverflowToolbarButton\"]"}
RESULT: {"using":"xpath","value":"//button[@data-kt=\"addNewRUOverflowToolbarButton\"]"}
COMMAND: POST /session/92c8a4308f789fc799e99033afc54cf4/elements - {"using":"xpath","value":"//button[@data-kt=\"addNewRUOverflowToolbarButton\"]"}
RESULT: {"using":"xpath","value":"//button[@data-kt=\"addNewRUOverflowToolbarButton\"]"}
COMMAND: POST /session/92c8a4308f789fc799e99033afc54cf4/elements - {"using":"xpath","value":"//button[@data-kt=\"addNewRUOverflowToolbarButton\"]"}
RESULT: {"using":"xpath","value":"//button[@data-kt=\"addNewRUOverflowToolbarButton\"]"}
COMMAND: POST /session/92c8a4308f789fc799e99033afc54cf4/elements - {"using":"xpath","value":"//button[@data-kt=\"addNewRUOverflowToolbarButton\"]"}
RESULT: {"using":"xpath","value":"//button[@data-kt=\"addNewRUOverflowToolbarButton\"]"}
COMMAND: POST /session/92c8a4308f789fc799e99033afc54cf4/elements - {"using":"xpath","value":"//button[@data-kt=\"addNewRUOverflowToolbarButton\"]"}
RESULT: {"using":"xpath","value":"//button[@data-kt=\"addNewRUOverflowToolbarButton\"]"}
COMMAND: POST /session/92c8a4308f789fc799e99033afc54cf4/elements - {"using":"xpath","value":"//button[@data-kt=\"addNewRUOverflowToolbarButton\"]"}
RESULT: {"using":"xpath","value":"//button[@data-kt=\"addNewRUOverflowToolbarButton\"]"}
COMMAND: POST /session/92c8a4308f789fc799e99033afc54cf4/elements - {"using":"xpath","value":"//button[@data-kt=\"addNewRUOverflowToolbarButton\"]"}
RESULT: {"using":"xpath","value":"//button[@data-kt=\"addNewRUOverflowToolbarButton\"]"}
COMMAND: POST /session/92c8a4308f789fc799e99033afc54cf4/elements - {"using":"xpath","value":"//button[@data-kt=\"addNewRUOverflowToolbarButton\"]"}
RESULT: {"using":"xpath","value":"//button[@data-kt=\"addNewRUOverflowToolbarButton\"]"}
COMMAND: POST /session/92c8a4308f789fc799e99033afc54cf4/element - {"using":"xpath","value":"//button[@data-kt=\"addNewRUOverflowToolbarButton\"]"}
RESULT: {"using":"xpath","value":"//button[@data-kt=\"addNewRUOverflowToolbarButton\"]"}
COMMAND: POST /session/92c8a4308f789fc799e99033afc54cf4/execute/sync - {"script":"<script> [8489 bytes]","args":[{"element-6066-11e4-a52e-4f735466cecf":"f.65165B09D34A62F43149F94F00C74D12.d.19414F99EC22BC79183285DEC5D058C2.e.6795","ELEMENT":"f.65165B09D34A62F43149F94F00C74D12.d.19414F99EC22BC79183285DEC5D058C2.e.6795"}]}
RESULT: {"script":"<script> [8489 bytes]","args":[{"element-6066-11e4-a52e-4f735466cecf":"f.65165B09D34A62F43149F94F00C74D12.d.19414F99EC22BC79183285DEC5D058C2.e.6795","ELEMENT":"f.65165B09D34A62F43149F94F00C74D12.d.19414F99EC22BC79183285DEC5D058C2.e.6795"}]}
COMMAND: GET /session/92c8a4308f789fc799e99033afc54cf4/element/f.65165B09D34A62F43149F94F00C74D12.d.19414F99EC22BC79183285DEC5D058C2.e.6795/enabled - {}
COMMAND: GET /session/92c8a4308f789fc799e99033afc54cf4/screenshot - {}
RESULT: {}
COMMAND: POST /session/92c8a4308f789fc799e99033afc54cf4/execute/sync - {"script":"<script> [8489 bytes]","args":[{"element-6066-11e4-a52e-4f735466cecf":"f.65165B09D34A62F43149F94F00C74D12.d.19414F99EC22BC79183285DEC5D058C2.e.6795","ELEMENT":"f.65165B09D34A62F43149F94F00C74D12.d.19414F99EC22BC79183285DEC5D058C2.e.6795"}]}
COMMAND: GET /session/92c8a4308f789fc799e99033afc54cf4/screenshot - {}
RESULT: {}
RESULT: {"script":"<script> [8489 bytes]","args":[{"element-6066-11e4-a52e-4f735466cecf":"f.65165B09D34A62F43149F94F00C74D12.d.19414F99EC22BC79183285DEC5D058C2.e.6795","ELEMENT":"f.65165B09D34A62F43149F94F00C74D12.d.19414F99EC22BC79183285DEC5D058C2.e.6795"}]}
COMMAND: POST /session/92c8a4308f789fc799e99033afc54cf4/execute/sync - {"script":"<script> [5351 bytes]","args":[{"element-6066-11e4-a52e-4f735466cecf":"f.65165B09D34A62F43149F94F00C74D12.d.19414F99EC22BC79183285DEC5D058C2.e.6795","ELEMENT":"f.65165B09D34A62F43149F94F00C74D12.d.19414F99EC22BC79183285DEC5D058C2.e.6795"}]}
COMMAND: GET /session/92c8a4308f789fc799e99033afc54cf4/screenshot - {}
RESULT: {}
RESULT: {"script":"<script> [5351 bytes]","args":[{"element-6066-11e4-a52e-4f735466cecf":"f.65165B09D34A62F43149F94F00C74D12.d.19414F99EC22BC79183285DEC5D058C2.e.6795","ELEMENT":"f.65165B09D34A62F43149F94F00C74D12.d.19414F99EC22BC79183285DEC5D058C2.e.6795"}]}
COMMAND: POST /session/92c8a4308f789fc799e99033afc54cf4/element/f.65165B09D34A62F43149F94F00C74D12.d.19414F99EC22BC79183285DEC5D058C2.e.6795/click - {}
COMMAND: GET /session/92c8a4308f789fc799e99033afc54cf4/screenshot - {}
RESULT: {}
RESULT: {}
COMMAND: GET /session/92c8a4308f789fc799e99033afc54cf4/screenshot - {}
RESULT: {}
RESULT: {}
COMMAND: POST /session/92c8a4308f789fc799e99033afc54cf4/execute/async - {"script":"<script> [1562 bytes]","args":[{"selector":{"id":"application-manageresources-display-component---newResourceUnit--TYPE-arrow"},"wdio_ui5_key":"applicationmanageresources-display-component---newResourceUnit--TYPE-arrow"}]}
RESULT: {"script":"<script> [1562 bytes]","args":[{"selector":{"id":"application-manageresources-display-component---newResourceUnit--TYPE-arrow"},"wdio_ui5_key":"applicationmanageresources-display-component---newResourceUnit--TYPE-arrow"}]}
RESULT: undefined
COMMAND: POST /session/92c8a4308f789fc799e99033afc54cf4/element - {"using":"xpath","value":"//*[@id=\"application-manageresources-display-component---newResourceUnit--TYPE-arrow\"]"}
RESULT: {"using":"xpath","value":"//*[@id=\"application-manageresources-display-component---newResourceUnit--TYPE-arrow\"]"}
COMMAND: POST /session/92c8a4308f789fc799e99033afc54cf4/element/f.65165B09D34A62F43149F94F00C74D12.d.19414F99EC22BC79183285DEC5D058C2.e.7164/click - {}
RESULT: {}
COMMAND: POST /session/92c8a4308f789fc799e99033afc54cf4/element - {"using":"xpath","value":"//input[@id=\"application-manageresources-display-component---newResourceUnit--TYPE-inner\"]"}
COMMAND: GET /session/92c8a4308f789fc799e99033afc54cf4/screenshot - {}
RESULT: {"using":"xpath","value":"//input[@id=\"application-manageresources-display-component---newResourceUnit--TYPE-inner\"]"}
COMMAND: POST /session/92c8a4308f789fc799e99033afc54cf4/element/f.65165B09D34A62F43149F94F00C74D12.d.19414F99EC22BC79183285DEC5D058C2.e.7147/clear - {}
RESULT: {}
RESULT: {}
COMMAND: POST /session/92c8a4308f789fc799e99033afc54cf4/element/f.65165B09D34A62F43149F94F00C74D12.d.19414F99EC22BC79183285DEC5D058C2.e.7147/value - {"text":"Material"}
COMMAND: GET /session/92c8a4308f789fc799e99033afc54cf4/screenshot - {}
RESULT: {"text":"Material"}
COMMAND: GET /session/92c8a4308f789fc799e99033afc54cf4/screenshot - {}
RESULT: {}
RESULT: {}
COMMAND: POST /session/92c8a4308f789fc799e99033afc54cf4/actions - {"actions":[{"id":"action19","type":"key","parameters":{},"actions":[{"type":"keyDown","value":"î€‡"},{"type":"pause","duration":10},{"type":"keyUp","value":"î€‡"}]}]}
RESULT: {"actions":[{"id":"action19","type":"key","parameters":{},"actions":[{"type":"keyDown","value":"î€‡"},{"type":"pause","duration":10},{"type":"keyUp","value":"î€‡"}]}]}
COMMAND: POST /session/92c8a4308f789fc799e99033afc54cf4/execute/async - {"script":"<script> [1562 bytes]","args":[{"selector":{"id":"application-manageresources-display-component---newResourceUnit--SHORT_TEXT","interaction":{"idSuffix":"inner"}},"wdio_ui5_key":"applicationmanageresources-display-component---newResourceUnit--SHORT_TEXT"}]}
COMMAND: GET /session/92c8a4308f789fc799e99033afc54cf4/screenshot - {}
RESULT: {"script":"<script> [1562 bytes]","args":[{"selector":{"id":"application-manageresources-display-component---newResourceUnit--SHORT_TEXT","interaction":{"idSuffix":"inner"}},"wdio_ui5_key":"applicationmanageresources-display-component---newResourceUnit--SHORT_TEXT"}]}
RESULT: undefined
COMMAND: POST /session/92c8a4308f789fc799e99033afc54cf4/execute/async - {"script":"<script> [776 bytes]","args":[{"enterText":"Cement WDIO","selector":{"id":"application-manageresources-display-component---newResourceUnit--SHORT_TEXT","interaction":{"idSuffix":"inner"}},"clearTextFirst":true,"interactionType":"ENTER_TEXT"}]}
RESULT: {}
RESULT: {"script":"<script> [776 bytes]","args":[{"enterText":"Cement WDIO","selector":{"id":"application-manageresources-display-component---newResourceUnit--SHORT_TEXT","interaction":{"idSuffix":"inner"}},"clearTextFirst":true,"interactionType":"ENTER_TEXT"}]}
COMMAND: POST /session/92c8a4308f789fc799e99033afc54cf4/execute/async - {"script":"<script> [1562 bytes]","args":[{"selector":{"id":"application-manageresources-display-component---newResourceUnit--BASE_UNIT_OF_MEASURE","interaction":{"idSuffix":"inner"}},"wdio_ui5_key":"applicationmanageresources-display-component---newResourceUnit--BASE_UNIT_OF_MEASURE"}]}
RESULT: {"script":"<script> [1562 bytes]","args":[{"selector":{"id":"application-manageresources-display-component---newResourceUnit--BASE_UNIT_OF_MEASURE","interaction":{"idSuffix":"inner"}},"wdio_ui5_key":"applicationmanageresources-display-component---newResourceUnit--BASE_UNIT_OF_MEASURE"}]}
RESULT: undefined
COMMAND: POST /session/92c8a4308f789fc799e99033afc54cf4/execute/async - {"script":"<script> [776 bytes]","args":[{"enterText":"Piece","selector":{"id":"application-manageresources-display-component---newResourceUnit--BASE_UNIT_OF_MEASURE","interaction":{"idSuffix":"inner"}},"clearTextFirst":true,"interactionType":"ENTER_TEXT"}]}
RESULT: {"script":"<script> [776 bytes]","args":[{"enterText":"Piece","selector":{"id":"application-manageresources-display-component---newResourceUnit--BASE_UNIT_OF_MEASURE","interaction":{"idSuffix":"inner"}},"clearTextFirst":true,"interactionType":"ENTER_TEXT"}]}
COMMAND: POST /session/92c8a4308f789fc799e99033afc54cf4/execute/async - {"script":"<script> [1562 bytes]","args":[{"selector":{"id":"application-manageresources-display-component---newResourceUnit--WEIGHT_UNIT","interaction":{"idSuffix":"inner"}},"wdio_ui5_key":"applicationmanageresources-display-component---newResourceUnit--WEIGHT_UNIT"}]}
RESULT: {"script":"<script> [1562 bytes]","args":[{"selector":{"id":"application-manageresources-display-component---newResourceUnit--WEIGHT_UNIT","interaction":{"idSuffix":"inner"}},"wdio_ui5_key":"applicationmanageresources-display-component---newResourceUnit--WEIGHT_UNIT"}]}
RESULT: undefined
COMMAND: POST /session/92c8a4308f789fc799e99033afc54cf4/execute/async - {"script":"<script> [776 bytes]","args":[{"enterText":"Gram","selector":{"id":"application-manageresources-display-component---newResourceUnit--WEIGHT_UNIT","interaction":{"idSuffix":"inner"}},"clearTextFirst":true,"interactionType":"ENTER_TEXT"}]}
RESULT: {"script":"<script> [776 bytes]","args":[{"enterText":"Gram","selector":{"id":"application-manageresources-display-component---newResourceUnit--WEIGHT_UNIT","interaction":{"idSuffix":"inner"}},"clearTextFirst":true,"interactionType":"ENTER_TEXT"}]}
COMMAND: POST /session/92c8a4308f789fc799e99033afc54cf4/execute/async - {"script":"<script> [1562 bytes]","args":[{"selector":{"id":"application-manageresources-display-component---newResourceUnit--DIMENSION_UNIT","interaction":{"idSuffix":"inner"}},"wdio_ui5_key":"applicationmanageresources-display-component---newResourceUnit--DIMENSION_UNIT"}]}
RESULT: {"script":"<script> [1562 bytes]","args":[{"selector":{"id":"application-manageresources-display-component---newResourceUnit--DIMENSION_UNIT","interaction":{"idSuffix":"inner"}},"wdio_ui5_key":"applicationmanageresources-display-component---newResourceUnit--DIMENSION_UNIT"}]}
RESULT: undefined
COMMAND: POST /session/92c8a4308f789fc799e99033afc54cf4/execute/async - {"script":"<script> [776 bytes]","args":[{"enterText":"Meter","selector":{"id":"application-manageresources-display-component---newResourceUnit--DIMENSION_UNIT","interaction":{"idSuffix":"inner"}},"clearTextFirst":true,"interactionType":"ENTER_TEXT"}]}
RESULT: {"script":"<script> [776 bytes]","args":[{"enterText":"Meter","selector":{"id":"application-manageresources-display-component---newResourceUnit--DIMENSION_UNIT","interaction":{"idSuffix":"inner"}},"clearTextFirst":true,"interactionType":"ENTER_TEXT"}]}
COMMAND: POST /session/92c8a4308f789fc799e99033afc54cf4/execute/async - {"script":"<script> [1562 bytes]","args":[{"selector":{"id":"application-manageresources-display-component---newResourceUnit--newRRUPage-anchBar-application-manageresources-display-component---newResourceUnit--control-anchor","interaction":{"idSuffix":"BDI-content"}},"wdio_ui5_key":"applicationmanageresources-display-component---newResourceUnit--newRRUPage-anchBar-application-manageresources-display-component---newResourceUnit--control-anchor"}]}
RESULT: {"script":"<script> [1562 bytes]","args":[{"selector":{"id":"application-manageresources-display-component---newResourceUnit--newRRUPage-anchBar-application-manageresources-display-component---newResourceUnit--control-anchor","interaction":{"idSuffix":"BDI-content"}},"wdio_ui5_key":"applicationmanageresources-display-component---newResourceUnit--newRRUPage-anchBar-application-manageresources-display-component---newResourceUnit--control-anchor"}]}
RESULT: undefined
COMMAND: POST /session/92c8a4308f789fc799e99033afc54cf4/element - {"using":"xpath","value":"//*[@id=\"application-manageresources-display-component---newResourceUnit--newRRUPage-anchBar-application-manageresources-display-component---newResourceUnit--control-anchor\"]"}
RESULT: {"using":"xpath","value":"//*[@id=\"application-manageresources-display-component---newResourceUnit--newRRUPage-anchBar-application-manageresources-display-component---newResourceUnit--control-anchor\"]"}
COMMAND: POST /session/92c8a4308f789fc799e99033afc54cf4/element/f.65165B09D34A62F43149F94F00C74D12.d.19414F99EC22BC79183285DEC5D058C2.e.7232/click - {}
RESULT: {}
COMMAND: POST /session/92c8a4308f789fc799e99033afc54cf4/execute/async - {"script":"<script> [1562 bytes]","args":[{"selector":{"id":"application-manageresources-display-component---newResourceUnit--PLANNING_GROUP","interaction":{"idSuffix":"inner"}},"wdio_ui5_key":"applicationmanageresources-display-component---newResourceUnit--PLANNING_GROUP"}]}
COMMAND: GET /session/92c8a4308f789fc799e99033afc54cf4/screenshot - {}
RESULT: {"script":"<script> [1562 bytes]","args":[{"selector":{"id":"application-manageresources-display-component---newResourceUnit--PLANNING_GROUP","interaction":{"idSuffix":"inner"}},"wdio_ui5_key":"applicationmanageresources-display-component---newResourceUnit--PLANNING_GROUP"}]}
RESULT: undefined
COMMAND: POST /session/92c8a4308f789fc799e99033afc54cf4/execute/async - {"script":"<script> [776 bytes]","args":[{"enterText":"Material","selector":{"id":"application-manageresources-display-component---newResourceUnit--PLANNING_GROUP","interaction":{"idSuffix":"inner"}},"clearTextFirst":true,"interactionType":"ENTER_TEXT"}]}
RESULT: {}
RESULT: {"script":"<script> [776 bytes]","args":[{"enterText":"Material","selector":{"id":"application-manageresources-display-component---newResourceUnit--PLANNING_GROUP","interaction":{"idSuffix":"inner"}},"clearTextFirst":true,"interactionType":"ENTER_TEXT"}]}
COMMAND: POST /session/92c8a4308f789fc799e99033afc54cf4/execute/async - {"script":"<script> [1562 bytes]","args":[{"selector":{"id":"application-manageresources-display-component---newResourceUnit--PLANNING_INDICATOR","interaction":{"idSuffix":"inner"}},"wdio_ui5_key":"applicationmanageresources-display-component---newResourceUnit--PLANNING_INDICATOR"}]}
RESULT: {"script":"<script> [1562 bytes]","args":[{"selector":{"id":"application-manageresources-display-component---newResourceUnit--PLANNING_INDICATOR","interaction":{"idSuffix":"inner"}},"wdio_ui5_key":"applicationmanageresources-display-component---newResourceUnit--PLANNING_INDICATOR"}]}
RESULT: undefined
COMMAND: POST /session/92c8a4308f789fc799e99033afc54cf4/execute/async - {"script":"<script> [776 bytes]","args":[{"enterText":"10 - infinite","selector":{"id":"application-manageresources-display-component---newResourceUnit--PLANNING_INDICATOR","interaction":{"idSuffix":"inner"}},"clearTextFirst":true,"interactionType":"ENTER_TEXT"}]}
RESULT: {"script":"<script> [776 bytes]","args":[{"enterText":"10 - infinite","selector":{"id":"application-manageresources-display-component---newResourceUnit--PLANNING_INDICATOR","interaction":{"idSuffix":"inner"}},"clearTextFirst":true,"interactionType":"ENTER_TEXT"}]}
COMMAND: POST /session/92c8a4308f789fc799e99033afc54cf4/element - {"using":"css selector","value":"#application-manageresources-display-component---newResourceUnit--btnAddTimeSegment"}
RESULT: {"using":"css selector","value":"#application-manageresources-display-component---newResourceUnit--btnAddTimeSegment"}
COMMAND: GET /session/92c8a4308f789fc799e99033afc54cf4/element/f.65165B09D34A62F43149F94F00C74D12.d.19414F99EC22BC79183285DEC5D058C2.e.7242/rect - {}
RESULT: {}
COMMAND: GET /session/92c8a4308f789fc799e99033afc54cf4/window/rect - {}
RESULT: {}
COMMAND: POST /session/92c8a4308f789fc799e99033afc54cf4/execute/sync - {"script":"<script> [92 bytes]","args":[]}
RESULT: {"script":"<script> [92 bytes]","args":[]}
COMMAND: POST /session/92c8a4308f789fc799e99033afc54cf4/actions - {"actions":[{"id":"action20","type":"wheel","parameters":{},"actions":[{"type":"scroll","x":-1888,"y":-32,"deltaX":0,"deltaY":0,"duration":0,"origin":{"element-6066-11e4-a52e-4f735466cecf":"f.65165B09D34A62F43149F94F00C74D12.d.19414F99EC22BC79183285DEC5D058C2.e.7242"}}]}]}
COMMAND: GET /session/92c8a4308f789fc799e99033afc54cf4/screenshot - {}
RESULT: {}
COMMAND: POST /session/92c8a4308f789fc799e99033afc54cf4/execute/sync - {"script":"<script> [79 bytes]","args":[{"element-6066-11e4-a52e-4f735466cecf":"f.65165B09D34A62F43149F94F00C74D12.d.19414F99EC22BC79183285DEC5D058C2.e.7242","ELEMENT":"f.65165B09D34A62F43149F94F00C74D12.d.19414F99EC22BC79183285DEC5D058C2.e.7242"},{"block":"start","inline":"nearest"}]}
RESULT: {"script":"<script> [79 bytes]","args":[{"element-6066-11e4-a52e-4f735466cecf":"f.65165B09D34A62F43149F94F00C74D12.d.19414F99EC22BC79183285DEC5D058C2.e.7242","ELEMENT":"f.65165B09D34A62F43149F94F00C74D12.d.19414F99EC22BC79183285DEC5D058C2.e.7242"},{"block":"start","inline":"nearest"}]}
COMMAND: POST /session/92c8a4308f789fc799e99033afc54cf4/execute/async - {"script":"<script> [1562 bytes]","args":[{"selector":{"id":"application-manageresources-display-component---newResourceUnit--btnAddTimeSegment","interaction":{"idSuffix":"inner"}},"wdio_ui5_key":"applicationmanageresources-display-component---newResourceUnit--btnAddTimeSegment"}]}
COMMAND: GET /session/92c8a4308f789fc799e99033afc54cf4/screenshot - {}
RESULT: {"script":"<script> [1562 bytes]","args":[{"selector":{"id":"application-manageresources-display-component---newResourceUnit--btnAddTimeSegment","interaction":{"idSuffix":"inner"}},"wdio_ui5_key":"applicationmanageresources-display-component---newResourceUnit--btnAddTimeSegment"}]}
RESULT: undefined
COMMAND: POST /session/92c8a4308f789fc799e99033afc54cf4/element - {"using":"xpath","value":"//*[@id=\"application-manageresources-display-component---newResourceUnit--btnAddTimeSegment\"]"}
RESULT: {}
RESULT: {"using":"xpath","value":"//*[@id=\"application-manageresources-display-component---newResourceUnit--btnAddTimeSegment\"]"}
COMMAND: POST /session/92c8a4308f789fc799e99033afc54cf4/element/f.65165B09D34A62F43149F94F00C74D12.d.19414F99EC22BC79183285DEC5D058C2.e.7242/click - {}
RESULT: {}
COMMAND: GET /session/92c8a4308f789fc799e99033afc54cf4/screenshot - {}
RESULT: {}
COMMAND: POST /session/92c8a4308f789fc799e99033afc54cf4/element - {"using":"xpath","value":"//input[@id=\"application-manageresources-display-component---newResourceUnit--idRuTSAdmin-application-manageresources-display-component---newResourceUnit--RUTimeSegment-0-inner\"]"}
RESULT: {"using":"xpath","value":"//input[@id=\"application-manageresources-display-component---newResourceUnit--idRuTSAdmin-application-manageresources-display-component---newResourceUnit--RUTimeSegment-0-inner\"]"}
COMMAND: POST /session/92c8a4308f789fc799e99033afc54cf4/element/f.65165B09D34A62F43149F94F00C74D12.d.19414F99EC22BC79183285DEC5D058C2.e.7247/clear - {}
RESULT: {}
COMMAND: POST /session/92c8a4308f789fc799e99033afc54cf4/element/f.65165B09D34A62F43149F94F00C74D12.d.19414F99EC22BC79183285DEC5D058C2.e.7247/value - {"text":"484"}
COMMAND: GET /session/92c8a4308f789fc799e99033afc54cf4/screenshot - {}
RESULT: {"text":"484"}
COMMAND: GET /session/92c8a4308f789fc799e99033afc54cf4/screenshot - {}
RESULT: {}
RESULT: {}
COMMAND: POST /session/92c8a4308f789fc799e99033afc54cf4/element - {"using":"xpath","value":"//li[.//span[text()='484']]"}
RESULT: {"using":"xpath","value":"//li[.//span[text()='484']]"}
COMMAND: POST /session/92c8a4308f789fc799e99033afc54cf4/element/f.65165B09D34A62F43149F94F00C74D12.d.19414F99EC22BC79183285DEC5D058C2.e.7256/click - {}
RESULT: {}
COMMAND: GET /session/92c8a4308f789fc799e99033afc54cf4/screenshot - {}
RESULT: {}
COMMAND: POST /session/92c8a4308f789fc799e99033afc54cf4/element - {"using":"xpath","value":"(//span[contains(@id, \"-application-manageresources-display-component---newResourceUnit--RUTimeSegment-0-arrow\")])[2]"}
RESULT: {"using":"xpath","value":"(//span[contains(@id, \"-application-manageresources-display-component---newResourceUnit--RUTimeSegment-0-arrow\")])[2]"}
COMMAND: POST /session/92c8a4308f789fc799e99033afc54cf4/element/f.65165B09D34A62F43149F94F00C74D12.d.19414F99EC22BC79183285DEC5D058C2.e.7257/click - {}
RESULT: {}
COMMAND: POST /session/92c8a4308f789fc799e99033afc54cf4/element - {"using":"xpath","value":"//span[contains(text(), \"PM Order\")]"}
COMMAND: GET /session/92c8a4308f789fc799e99033afc54cf4/screenshot - {}
RESULT: {"using":"xpath","value":"//span[contains(text(), \"PM Order\")]"}
COMMAND: POST /session/92c8a4308f789fc799e99033afc54cf4/element/f.65165B09D34A62F43149F94F00C74D12.d.19414F99EC22BC79183285DEC5D058C2.e.7258/click - {}
RESULT: {}
RESULT: {}
COMMAND: GET /session/92c8a4308f789fc799e99033afc54cf4/screenshot - {}
RESULT: {}
COMMAND: POST /session/92c8a4308f789fc799e99033afc54cf4/element - {"using":"xpath","value":"//td/div/div/div/span[contains(@id, \"newResourceUnit--RUTimeSegment-0-vhi\")][1]"}
RESULT: {"using":"xpath","value":"//td/div/div/div/span[contains(@id, \"newResourceUnit--RUTimeSegment-0-vhi\")][1]"}
COMMAND: GET /session/92c8a4308f789fc799e99033afc54cf4/element/f.65165B09D34A62F43149F94F00C74D12.d.19414F99EC22BC79183285DEC5D058C2.e.7262/rect - {}
RESULT: {}
COMMAND: GET /session/92c8a4308f789fc799e99033afc54cf4/window/rect - {}
RESULT: {}
COMMAND: POST /session/92c8a4308f789fc799e99033afc54cf4/execute/sync - {"script":"<script> [92 bytes]","args":[]}
RESULT: {"script":"<script> [92 bytes]","args":[]}
COMMAND: POST /session/92c8a4308f789fc799e99033afc54cf4/actions - {"actions":[{"id":"action21","type":"wheel","parameters":{},"actions":[{"type":"scroll","x":-1888,"y":-24,"deltaX":0,"deltaY":0,"duration":0,"origin":{"element-6066-11e4-a52e-4f735466cecf":"f.65165B09D34A62F43149F94F00C74D12.d.19414F99EC22BC79183285DEC5D058C2.e.7262"}}]}]}
COMMAND: GET /session/92c8a4308f789fc799e99033afc54cf4/screenshot - {}
RESULT: {}
COMMAND: POST /session/92c8a4308f789fc799e99033afc54cf4/execute/sync - {"script":"<script> [79 bytes]","args":[{"element-6066-11e4-a52e-4f735466cecf":"f.65165B09D34A62F43149F94F00C74D12.d.19414F99EC22BC79183285DEC5D058C2.e.7262","ELEMENT":"f.65165B09D34A62F43149F94F00C74D12.d.19414F99EC22BC79183285DEC5D058C2.e.7262"},{"block":"start","inline":"nearest"}]}
RESULT: {"script":"<script> [79 bytes]","args":[{"element-6066-11e4-a52e-4f735466cecf":"f.65165B09D34A62F43149F94F00C74D12.d.19414F99EC22BC79183285DEC5D058C2.e.7262","ELEMENT":"f.65165B09D34A62F43149F94F00C74D12.d.19414F99EC22BC79183285DEC5D058C2.e.7262"},{"block":"start","inline":"nearest"}]}
COMMAND: GET /session/92c8a4308f789fc799e99033afc54cf4/screenshot - {}
RESULT: {}
COMMAND: POST /session/92c8a4308f789fc799e99033afc54cf4/element/f.65165B09D34A62F43149F94F00C74D12.d.19414F99EC22BC79183285DEC5D058C2.e.7262/click - {}
RESULT: {}
COMMAND: GET /session/92c8a4308f789fc799e99033afc54cf4/screenshot - {}
RESULT: {}
COMMAND: POST /session/92c8a4308f789fc799e99033afc54cf4/execute/async - {"script":"<script> [1562 bytes]","args":[{"selector":{"controlType":"sap.m.SearchField","properties":{"placeholder":"Search"},"searchOpenDialogs":true,"interaction":{"idSuffix":"I"}},"wdio_ui5_key":"sapm.SearchField{\"placeholder\":\"Search\"}"}]}
RESULT: {"script":"<script> [1562 bytes]","args":[{"selector":{"controlType":"sap.m.SearchField","properties":{"placeholder":"Search"},"searchOpenDialogs":true,"interaction":{"idSuffix":"I"}},"wdio_ui5_key":"sapm.SearchField{\"placeholder\":\"Search\"}"}]}
RESULT: undefined
COMMAND: POST /session/92c8a4308f789fc799e99033afc54cf4/execute/async - {"script":"<script> [776 bytes]","args":[{"enterText":"4000360","selector":{"controlType":"sap.m.SearchField","properties":{"placeholder":"Search"},"searchOpenDialogs":true,"interaction":{"idSuffix":"I"}},"clearTextFirst":true,"interactionType":"ENTER_TEXT"}]}
RESULT: {"script":"<script> [776 bytes]","args":[{"enterText":"4000360","selector":{"controlType":"sap.m.SearchField","properties":{"placeholder":"Search"},"searchOpenDialogs":true,"interaction":{"idSuffix":"I"}},"clearTextFirst":true,"interactionType":"ENTER_TEXT"}]}
COMMAND: POST /session/92c8a4308f789fc799e99033afc54cf4/actions - {"actions":[{"id":"action22","type":"key","parameters":{},"actions":[{"type":"keyDown","value":"î€‡"},{"type":"pause","duration":10},{"type":"keyUp","value":"î€‡"}]}]}
RESULT: {"actions":[{"id":"action22","type":"key","parameters":{},"actions":[{"type":"keyDown","value":"î€‡"},{"type":"pause","duration":10},{"type":"keyUp","value":"î€‡"}]}]}
COMMAND: GET /session/92c8a4308f789fc799e99033afc54cf4/screenshot - {}
RESULT: {}
COMMAND: POST /session/92c8a4308f789fc799e99033afc54cf4/element - {"using":"xpath","value":"//td/div/span[contains(text(), \"BGL Vehicles\")]"}
RESULT: {"using":"xpath","value":"//td/div/span[contains(text(), \"BGL Vehicles\")]"}
COMMAND: POST /session/92c8a4308f789fc799e99033afc54cf4/element/f.65165B09D34A62F43149F94F00C74D12.d.19414F99EC22BC79183285DEC5D058C2.e.7282/click - {}
RESULT: {}
COMMAND: GET /session/92c8a4308f789fc799e99033afc54cf4/screenshot - {}
RESULT: {}
COMMAND: POST /session/92c8a4308f789fc799e99033afc54cf4/element - {"using":"xpath","value":"//bdi[contains(text(), \"OK\")]"}
RESULT: {"using":"xpath","value":"//bdi[contains(text(), \"OK\")]"}
COMMAND: POST /session/92c8a4308f789fc799e99033afc54cf4/element/f.65165B09D34A62F43149F94F00C74D12.d.19414F99EC22BC79183285DEC5D058C2.e.7283/click - {}
RESULT: {}
COMMAND: GET /session/92c8a4308f789fc799e99033afc54cf4/screenshot - {}
RESULT: {}
COMMAND: POST /session/92c8a4308f789fc799e99033afc54cf4/element - {"using":"xpath","value":"//button[@data-kt=\"resourceUnitSaveButton\"]"}
RESULT: {"using":"xpath","value":"//button[@data-kt=\"resourceUnitSaveButton\"]"}
COMMAND: POST /session/92c8a4308f789fc799e99033afc54cf4/element/f.65165B09D34A62F43149F94F00C74D12.d.19414F99EC22BC79183285DEC5D058C2.e.7183/click - {}
RESULT: {}
COMMAND: GET /session/92c8a4308f789fc799e99033afc54cf4/screenshot - {}
RESULT: {}
COMMAND: POST /session/92c8a4308f789fc799e99033afc54cf4/element - {"using":"xpath","value":"//bdi[contains(text(), \"Close\")]"}
RESULT: {"using":"xpath","value":"//bdi[contains(text(), \"Close\")]"}
COMMAND: POST /session/92c8a4308f789fc799e99033afc54cf4/element/f.65165B09D34A62F43149F94F00C74D12.d.19414F99EC22BC79183285DEC5D058C2.e.7290/click - {}
RESULT: {}
COMMAND: GET /session/92c8a4308f789fc799e99033afc54cf4/screenshot - {}
RESULT: {}
COMMAND: POST /session/92c8a4308f789fc799e99033afc54cf4/element - {"using":"xpath","value":"//header[contains(@id, 'detailRruPage-headerTitle')]/div[1]/div[2]/div[2]/span[1]"}
RESULT: {"using":"xpath","value":"//header[contains(@id, 'detailRruPage-headerTitle')]/div[1]/div[2]/div[2]/span[1]"}
COMMAND: POST /session/92c8a4308f789fc799e99033afc54cf4/elements - {"using":"xpath","value":"//header[contains(@id, 'detailRruPage-headerTitle')]/div[1]/div[2]/div[2]/span[1]"}
RESULT: {"using":"xpath","value":"//header[contains(@id, 'detailRruPage-headerTitle')]/div[1]/div[2]/div[2]/span[1]"}
COMMAND: POST /session/92c8a4308f789fc799e99033afc54cf4/execute/sync - {"script":"<script> [56 bytes]","args":[{"element-6066-11e4-a52e-4f735466cecf":"f.65165B09D34A62F43149F94F00C74D12.d.19414F99EC22BC79183285DEC5D058C2.e.7321","ELEMENT":"f.65165B09D34A62F43149F94F00C74D12.d.19414F99EC22BC79183285DEC5D058C2.e.7321"}]}
RESULT: {"script":"<script> [56 bytes]","args":[{"element-6066-11e4-a52e-4f735466cecf":"f.65165B09D34A62F43149F94F00C74D12.d.19414F99EC22BC79183285DEC5D058C2.e.7321","ELEMENT":"f.65165B09D34A62F43149F94F00C74D12.d.19414F99EC22BC79183285DEC5D058C2.e.7321"}]}
COMMAND: GET /session/92c8a4308f789fc799e99033afc54cf4/screenshot - {}
]]></system-out>
    </testcase>
    <testcase classname="chrome.135_0_7049_96.windows.US134625_Set_up_price_condition_-_one_time" name="Should create new pricing rule one time" time="56.385">
      <system-out><![CDATA[
COMMAND: POST /session/92c8a4308f789fc799e99033afc54cf4/element - {"using":"xpath","value":"(//button[contains(@id ,\"actionsToolbar-overflowButton\")])[1]"}
RESULT: {}
RESULT: {"using":"xpath","value":"(//button[contains(@id ,\"actionsToolbar-overflowButton\")])[1]"}
COMMAND: POST /session/92c8a4308f789fc799e99033afc54cf4/element/f.65165B09D34A62F43149F94F00C74D12.d.19414F99EC22BC79183285DEC5D058C2.e.7324/click - {}
RESULT: {}
COMMAND: GET /session/92c8a4308f789fc799e99033afc54cf4/screenshot - {}
RESULT: {}
COMMAND: POST /session/92c8a4308f789fc799e99033afc54cf4/element - {"using":"xpath","value":"//button[@data-kt=\"priceInfoButton\"]"}
RESULT: {"using":"xpath","value":"//button[@data-kt=\"priceInfoButton\"]"}
COMMAND: POST /session/92c8a4308f789fc799e99033afc54cf4/element/f.65165B09D34A62F43149F94F00C74D12.d.19414F99EC22BC79183285DEC5D058C2.e.7326/click - {}
RESULT: {}
COMMAND: GET /session/92c8a4308f789fc799e99033afc54cf4/screenshot - {}
COMMAND: POST /session/92c8a4308f789fc799e99033afc54cf4/element - {"using":"xpath","value":"//button[@data-kt=\"addButton\"]"}
RESULT: {}
RESULT: {"using":"xpath","value":"//button[@data-kt=\"addButton\"]"}
COMMAND: POST /session/92c8a4308f789fc799e99033afc54cf4/elements - {"using":"xpath","value":"//button[@data-kt=\"addButton\"]"}
RESULT: {"using":"xpath","value":"//button[@data-kt=\"addButton\"]"}
COMMAND: POST /session/92c8a4308f789fc799e99033afc54cf4/execute/sync - {"script":"<script> [8489 bytes]","args":[{"element-6066-11e4-a52e-4f735466cecf":"f.65165B09D34A62F43149F94F00C74D12.d.19414F99EC22BC79183285DEC5D058C2.e.7362","ELEMENT":"f.65165B09D34A62F43149F94F00C74D12.d.19414F99EC22BC79183285DEC5D058C2.e.7362"}]}
RESULT: {"script":"<script> [8489 bytes]","args":[{"element-6066-11e4-a52e-4f735466cecf":"f.65165B09D34A62F43149F94F00C74D12.d.19414F99EC22BC79183285DEC5D058C2.e.7362","ELEMENT":"f.65165B09D34A62F43149F94F00C74D12.d.19414F99EC22BC79183285DEC5D058C2.e.7362"}]}
COMMAND: GET /session/92c8a4308f789fc799e99033afc54cf4/element/f.65165B09D34A62F43149F94F00C74D12.d.19414F99EC22BC79183285DEC5D058C2.e.7362/enabled - {}
COMMAND: GET /session/92c8a4308f789fc799e99033afc54cf4/screenshot - {}
RESULT: {}
COMMAND: POST /session/92c8a4308f789fc799e99033afc54cf4/execute/sync - {"script":"<script> [8489 bytes]","args":[{"element-6066-11e4-a52e-4f735466cecf":"f.65165B09D34A62F43149F94F00C74D12.d.19414F99EC22BC79183285DEC5D058C2.e.7362","ELEMENT":"f.65165B09D34A62F43149F94F00C74D12.d.19414F99EC22BC79183285DEC5D058C2.e.7362"}]}
COMMAND: GET /session/92c8a4308f789fc799e99033afc54cf4/screenshot - {}
RESULT: {}
RESULT: {"script":"<script> [8489 bytes]","args":[{"element-6066-11e4-a52e-4f735466cecf":"f.65165B09D34A62F43149F94F00C74D12.d.19414F99EC22BC79183285DEC5D058C2.e.7362","ELEMENT":"f.65165B09D34A62F43149F94F00C74D12.d.19414F99EC22BC79183285DEC5D058C2.e.7362"}]}
COMMAND: POST /session/92c8a4308f789fc799e99033afc54cf4/execute/sync - {"script":"<script> [5351 bytes]","args":[{"element-6066-11e4-a52e-4f735466cecf":"f.65165B09D34A62F43149F94F00C74D12.d.19414F99EC22BC79183285DEC5D058C2.e.7362","ELEMENT":"f.65165B09D34A62F43149F94F00C74D12.d.19414F99EC22BC79183285DEC5D058C2.e.7362"}]}
COMMAND: GET /session/92c8a4308f789fc799e99033afc54cf4/screenshot - {}
RESULT: {}
RESULT: {"script":"<script> [5351 bytes]","args":[{"element-6066-11e4-a52e-4f735466cecf":"f.65165B09D34A62F43149F94F00C74D12.d.19414F99EC22BC79183285DEC5D058C2.e.7362","ELEMENT":"f.65165B09D34A62F43149F94F00C74D12.d.19414F99EC22BC79183285DEC5D058C2.e.7362"}]}
COMMAND: POST /session/92c8a4308f789fc799e99033afc54cf4/element/f.65165B09D34A62F43149F94F00C74D12.d.19414F99EC22BC79183285DEC5D058C2.e.7362/click - {}
COMMAND: GET /session/92c8a4308f789fc799e99033afc54cf4/screenshot - {}
RESULT: {}
RESULT: {}
COMMAND: GET /session/92c8a4308f789fc799e99033afc54cf4/screenshot - {}
RESULT: {}
RESULT: {}
COMMAND: POST /session/92c8a4308f789fc799e99033afc54cf4/execute/async - {"script":"<script> [1562 bytes]","args":[{"selector":{"controlType":"sap.m.Title","viewName":"etm.portal.ui.managepricingrules.view.NewItem","viewId":"application-managepricingrules-display-component---newInfoPriceItem","properties":{"text":"New Pricing Rules - Item Level"}},"wdio_ui5_key":"etmportal.ui.managepricingrules.view.NewItemsap.m.Title{\"text\":\"New Pricing Rules - Item Level\"}"}]}
RESULT: {"script":"<script> [1562 bytes]","args":[{"selector":{"controlType":"sap.m.Title","viewName":"etm.portal.ui.managepricingrules.view.NewItem","viewId":"application-managepricingrules-display-component---newInfoPriceItem","properties":{"text":"New Pricing Rules - Item Level"}},"wdio_ui5_key":"etmportal.ui.managepricingrules.view.NewItemsap.m.Title{\"text\":\"New Pricing Rules - Item Level\"}"}]}
RESULT: undefined
COMMAND: POST /session/92c8a4308f789fc799e99033afc54cf4/execute/async - {"script":"<script> [6424 bytes]","args":[{"element-6066-11e4-a52e-4f735466cecf":"f.65165B09D34A62F43149F94F00C74D12.d.19414F99EC22BC79183285DEC5D058C2.e.7535"},"getText",[]]}
RESULT: {"script":"<script> [6424 bytes]","args":[{"element-6066-11e4-a52e-4f735466cecf":"f.65165B09D34A62F43149F94F00C74D12.d.19414F99EC22BC79183285DEC5D058C2.e.7535"},"getText",[]]}
COMMAND: POST /session/92c8a4308f789fc799e99033afc54cf4/execute/async - {"script":"<script> [1562 bytes]","args":[{"selector":{"id":"application-managepricingrules-display-component---newInfoPriceItem--condValidTo","interaction":{"idSuffix":"inner"}},"wdio_ui5_key":"applicationmanagepricingrules-display-component---newInfoPriceItem--condValidTo"}]}
RESULT: {"script":"<script> [1562 bytes]","args":[{"selector":{"id":"application-managepricingrules-display-component---newInfoPriceItem--condValidTo","interaction":{"idSuffix":"inner"}},"wdio_ui5_key":"applicationmanagepricingrules-display-component---newInfoPriceItem--condValidTo"}]}
RESULT: undefined
COMMAND: POST /session/92c8a4308f789fc799e99033afc54cf4/execute/async - {"script":"<script> [776 bytes]","args":[{"enterText":"01/01/26","selector":{"id":"application-managepricingrules-display-component---newInfoPriceItem--condValidTo","interaction":{"idSuffix":"inner"}},"clearTextFirst":true,"interactionType":"ENTER_TEXT"}]}
RESULT: {"script":"<script> [776 bytes]","args":[{"enterText":"01/01/26","selector":{"id":"application-managepricingrules-display-component---newInfoPriceItem--condValidTo","interaction":{"idSuffix":"inner"}},"clearTextFirst":true,"interactionType":"ENTER_TEXT"}]}
COMMAND: POST /session/92c8a4308f789fc799e99033afc54cf4/execute/async - {"script":"<script> [1562 bytes]","args":[{"selector":{"id":"application-managepricingrules-display-component---newInfoPriceItem--billType-arrow"},"wdio_ui5_key":"applicationmanagepricingrules-display-component---newInfoPriceItem--billType-arrow"}]}
RESULT: {"script":"<script> [1562 bytes]","args":[{"selector":{"id":"application-managepricingrules-display-component---newInfoPriceItem--billType-arrow"},"wdio_ui5_key":"applicationmanagepricingrules-display-component---newInfoPriceItem--billType-arrow"}]}
RESULT: undefined
COMMAND: POST /session/92c8a4308f789fc799e99033afc54cf4/element - {"using":"xpath","value":"//*[@id=\"application-managepricingrules-display-component---newInfoPriceItem--billType-arrow\"]"}
RESULT: {"using":"xpath","value":"//*[@id=\"application-managepricingrules-display-component---newInfoPriceItem--billType-arrow\"]"}
COMMAND: POST /session/92c8a4308f789fc799e99033afc54cf4/element/f.65165B09D34A62F43149F94F00C74D12.d.19414F99EC22BC79183285DEC5D058C2.e.7493/click - {}
RESULT: {}
COMMAND: POST /session/92c8a4308f789fc799e99033afc54cf4/element - {"using":"xpath","value":"//span[contains(text(), \"OT - Sales (one-time)\")]"}
COMMAND: GET /session/92c8a4308f789fc799e99033afc54cf4/screenshot - {}
RESULT: {"using":"xpath","value":"//span[contains(text(), \"OT - Sales (one-time)\")]"}
COMMAND: POST /session/92c8a4308f789fc799e99033afc54cf4/element/f.65165B09D34A62F43149F94F00C74D12.d.19414F99EC22BC79183285DEC5D058C2.e.7537/click - {}
RESULT: {}
RESULT: {}
COMMAND: POST /session/92c8a4308f789fc799e99033afc54cf4/execute/async - {"script":"<script> [1562 bytes]","args":[{"selector":{"id":"application-managepricingrules-display-component---newInfoPriceItem--priceProc-arrow"},"wdio_ui5_key":"applicationmanagepricingrules-display-component---newInfoPriceItem--priceProc-arrow"}]}
COMMAND: GET /session/92c8a4308f789fc799e99033afc54cf4/screenshot - {}
RESULT: {"script":"<script> [1562 bytes]","args":[{"selector":{"id":"application-managepricingrules-display-component---newInfoPriceItem--priceProc-arrow"},"wdio_ui5_key":"applicationmanagepricingrules-display-component---newInfoPriceItem--priceProc-arrow"}]}
RESULT: undefined
COMMAND: POST /session/92c8a4308f789fc799e99033afc54cf4/element - {"using":"xpath","value":"//*[@id=\"application-managepricingrules-display-component---newInfoPriceItem--priceProc-arrow\"]"}
RESULT: {}
RESULT: {"using":"xpath","value":"//*[@id=\"application-managepricingrules-display-component---newInfoPriceItem--priceProc-arrow\"]"}
COMMAND: POST /session/92c8a4308f789fc799e99033afc54cf4/element/f.65165B09D34A62F43149F94F00C74D12.d.19414F99EC22BC79183285DEC5D058C2.e.7500/click - {}
RESULT: {}
COMMAND: POST /session/92c8a4308f789fc799e99033afc54cf4/element - {"using":"xpath","value":"//span[contains(text(), \"MAT - Material\")]"}
COMMAND: GET /session/92c8a4308f789fc799e99033afc54cf4/screenshot - {}
RESULT: {"using":"xpath","value":"//span[contains(text(), \"MAT - Material\")]"}
COMMAND: POST /session/92c8a4308f789fc799e99033afc54cf4/element/f.65165B09D34A62F43149F94F00C74D12.d.19414F99EC22BC79183285DEC5D058C2.e.7538/click - {}
RESULT: {}
RESULT: {}
COMMAND: POST /session/92c8a4308f789fc799e99033afc54cf4/execute/async - {"script":"<script> [1562 bytes]","args":[{"selector":{"id":"application-managepricingrules-display-component---newInfoPriceItem--calcBase-arrow"},"wdio_ui5_key":"applicationmanagepricingrules-display-component---newInfoPriceItem--calcBase-arrow"}]}
COMMAND: GET /session/92c8a4308f789fc799e99033afc54cf4/screenshot - {}
RESULT: {"script":"<script> [1562 bytes]","args":[{"selector":{"id":"application-managepricingrules-display-component---newInfoPriceItem--calcBase-arrow"},"wdio_ui5_key":"applicationmanagepricingrules-display-component---newInfoPriceItem--calcBase-arrow"}]}
RESULT: undefined
COMMAND: POST /session/92c8a4308f789fc799e99033afc54cf4/element - {"using":"xpath","value":"//*[@id=\"application-managepricingrules-display-component---newInfoPriceItem--calcBase-arrow\"]"}
RESULT: {}
RESULT: {"using":"xpath","value":"//*[@id=\"application-managepricingrules-display-component---newInfoPriceItem--calcBase-arrow\"]"}
COMMAND: POST /session/92c8a4308f789fc799e99033afc54cf4/element/f.65165B09D34A62F43149F94F00C74D12.d.19414F99EC22BC79183285DEC5D058C2.e.7507/click - {}
RESULT: {}
COMMAND: GET /session/92c8a4308f789fc799e99033afc54cf4/screenshot - {}
RESULT: {}
COMMAND: POST /session/92c8a4308f789fc799e99033afc54cf4/element - {"using":"xpath","value":"//span[contains(text(), \"0001 - TB(exact month + cal_days)\")]"}
RESULT: {"using":"xpath","value":"//span[contains(text(), \"0001 - TB(exact month + cal_days)\")]"}
COMMAND: POST /session/92c8a4308f789fc799e99033afc54cf4/element/f.65165B09D34A62F43149F94F00C74D12.d.19414F99EC22BC79183285DEC5D058C2.e.7539/click - {}
RESULT: {}
COMMAND: GET /session/92c8a4308f789fc799e99033afc54cf4/screenshot - {}
RESULT: {}
COMMAND: POST /session/92c8a4308f789fc799e99033afc54cf4/element - {"using":"xpath","value":"//button[@data-kt=\"saveNewRuleButton\"]"}
RESULT: {"using":"xpath","value":"//button[@data-kt=\"saveNewRuleButton\"]"}
COMMAND: POST /session/92c8a4308f789fc799e99033afc54cf4/element/f.65165B09D34A62F43149F94F00C74D12.d.19414F99EC22BC79183285DEC5D058C2.e.7527/click - {}
RESULT: {}
COMMAND: GET /session/92c8a4308f789fc799e99033afc54cf4/screenshot - {}
RESULT: {}
COMMAND: POST /session/92c8a4308f789fc799e99033afc54cf4/execute/async - {"script":"<script> [1562 bytes]","args":[{"selector":{"id":"application-managepricingrules-display-component---priceInfoItem--smartFilterBar-btnBasicSearch","interaction":{"idSuffix":"I"}},"wdio_ui5_key":"applicationmanagepricingrules-display-component---priceInfoItem--smartFilterBar-btnBasicSearch"}]}
RESULT: {"script":"<script> [1562 bytes]","args":[{"selector":{"id":"application-managepricingrules-display-component---priceInfoItem--smartFilterBar-btnBasicSearch","interaction":{"idSuffix":"I"}},"wdio_ui5_key":"applicationmanagepricingrules-display-component---priceInfoItem--smartFilterBar-btnBasicSearch"}]}
RESULT: undefined
COMMAND: POST /session/92c8a4308f789fc799e99033afc54cf4/execute/async - {"script":"<script> [776 bytes]","args":[{"enterText":"200261","selector":{"id":"application-managepricingrules-display-component---priceInfoItem--smartFilterBar-btnBasicSearch","interaction":{"idSuffix":"I"}},"clearTextFirst":true,"interactionType":"ENTER_TEXT"}]}
RESULT: {"script":"<script> [776 bytes]","args":[{"enterText":"200261","selector":{"id":"application-managepricingrules-display-component---priceInfoItem--smartFilterBar-btnBasicSearch","interaction":{"idSuffix":"I"}},"clearTextFirst":true,"interactionType":"ENTER_TEXT"}]}
COMMAND: POST /session/92c8a4308f789fc799e99033afc54cf4/actions - {"actions":[{"id":"action23","type":"key","parameters":{},"actions":[{"type":"keyDown","value":"î€‡"},{"type":"pause","duration":10},{"type":"keyUp","value":"î€‡"}]}]}
RESULT: {"actions":[{"id":"action23","type":"key","parameters":{},"actions":[{"type":"keyDown","value":"î€‡"},{"type":"pause","duration":10},{"type":"keyUp","value":"î€‡"}]}]}
COMMAND: GET /session/92c8a4308f789fc799e99033afc54cf4/screenshot - {}
RESULT: {}
COMMAND: POST /session/92c8a4308f789fc799e99033afc54cf4/element - {"using":"xpath","value":"//span[@id=\"application-managepricingrules-display-component---priceInfoItem--smartTable-header-inner\"]"}
RESULT: {"using":"xpath","value":"//span[@id=\"application-managepricingrules-display-component---priceInfoItem--smartTable-header-inner\"]"}
COMMAND: POST /session/92c8a4308f789fc799e99033afc54cf4/elements - {"using":"xpath","value":"//span[@id=\"application-managepricingrules-display-component---priceInfoItem--smartTable-header-inner\"]"}
RESULT: {"using":"xpath","value":"//span[@id=\"application-managepricingrules-display-component---priceInfoItem--smartTable-header-inner\"]"}
COMMAND: POST /session/92c8a4308f789fc799e99033afc54cf4/execute/sync - {"script":"<script> [56 bytes]","args":[{"element-6066-11e4-a52e-4f735466cecf":"f.65165B09D34A62F43149F94F00C74D12.d.19414F99EC22BC79183285DEC5D058C2.e.7562","ELEMENT":"f.65165B09D34A62F43149F94F00C74D12.d.19414F99EC22BC79183285DEC5D058C2.e.7562"}]}
RESULT: {"script":"<script> [56 bytes]","args":[{"element-6066-11e4-a52e-4f735466cecf":"f.65165B09D34A62F43149F94F00C74D12.d.19414F99EC22BC79183285DEC5D058C2.e.7562","ELEMENT":"f.65165B09D34A62F43149F94F00C74D12.d.19414F99EC22BC79183285DEC5D058C2.e.7562"}]}
COMMAND: POST /session/92c8a4308f789fc799e99033afc54cf4/element - {"using":"css selector","value":"#shell-header-logo"}
COMMAND: GET /session/92c8a4308f789fc799e99033afc54cf4/screenshot - {}
RESULT: {"using":"css selector","value":"#shell-header-logo"}
COMMAND: POST /session/92c8a4308f789fc799e99033afc54cf4/element/f.65165B09D34A62F43149F94F00C74D12.d.19414F99EC22BC79183285DEC5D058C2.e.6764/click - {}
RESULT: {}
RESULT: {}
COMMAND: GET /session/92c8a4308f789fc799e99033afc54cf4/screenshot - {}
RESULT: {}
]]></system-out>
    </testcase>
    <testcase classname="chrome.135_0_7049_96.windows.US134625_Set_up_price_condition_-_one_time" name="Should create new condition one time" time="63.673">
      <system-out><![CDATA[
COMMAND: POST /session/92c8a4308f789fc799e99033afc54cf4/execute/async - {"script":"<script> [1562 bytes]","args":[{"selector":{"controlType":"sap.m.Text","properties":{"text":"Manage Conditions & Prices"},"interaction":{"idSuffix":"inner"}},"wdio_ui5_key":"sapm.Text{\"text\":\"Manage Conditions & Prices\"}"}]}
RESULT: {"script":"<script> [1562 bytes]","args":[{"selector":{"controlType":"sap.m.Text","properties":{"text":"Manage Conditions & Prices"},"interaction":{"idSuffix":"inner"}},"wdio_ui5_key":"sapm.Text{\"text\":\"Manage Conditions & Prices\"}"}]}
RESULT: undefined
COMMAND: POST /session/92c8a4308f789fc799e99033afc54cf4/element - {"using":"xpath","value":"//*[@id=\"__tile53-title\"]"}
RESULT: {"using":"xpath","value":"//*[@id=\"__tile53-title\"]"}
COMMAND: POST /session/92c8a4308f789fc799e99033afc54cf4/element/f.65165B09D34A62F43149F94F00C74D12.d.19414F99EC22BC79183285DEC5D058C2.e.7565/click - {}
RESULT: {}
COMMAND: POST /session/92c8a4308f789fc799e99033afc54cf4/element - {"using":"xpath","value":"//button[@aria-label=\"Create\"]"}
COMMAND: GET /session/92c8a4308f789fc799e99033afc54cf4/screenshot - {}
RESULT: {"using":"xpath","value":"//button[@aria-label=\"Create\"]"}
COMMAND: POST /session/92c8a4308f789fc799e99033afc54cf4/elements - {"using":"xpath","value":"//button[@aria-label=\"Create\"]"}
RESULT: {}
RESULT: {"using":"xpath","value":"//button[@aria-label=\"Create\"]"}
COMMAND: POST /session/92c8a4308f789fc799e99033afc54cf4/elements - {"using":"xpath","value":"//button[@aria-label=\"Create\"]"}
RESULT: {"using":"xpath","value":"//button[@aria-label=\"Create\"]"}
COMMAND: POST /session/92c8a4308f789fc799e99033afc54cf4/element - {"using":"xpath","value":"//button[@aria-label=\"Create\"]"}
RESULT: {"using":"xpath","value":"//button[@aria-label=\"Create\"]"}
COMMAND: POST /session/92c8a4308f789fc799e99033afc54cf4/execute/sync - {"script":"<script> [8489 bytes]","args":[{"element-6066-11e4-a52e-4f735466cecf":"f.65165B09D34A62F43149F94F00C74D12.d.19414F99EC22BC79183285DEC5D058C2.e.7600","ELEMENT":"f.65165B09D34A62F43149F94F00C74D12.d.19414F99EC22BC79183285DEC5D058C2.e.7600"}]}
RESULT: {"script":"<script> [8489 bytes]","args":[{"element-6066-11e4-a52e-4f735466cecf":"f.65165B09D34A62F43149F94F00C74D12.d.19414F99EC22BC79183285DEC5D058C2.e.7600","ELEMENT":"f.65165B09D34A62F43149F94F00C74D12.d.19414F99EC22BC79183285DEC5D058C2.e.7600"}]}
COMMAND: GET /session/92c8a4308f789fc799e99033afc54cf4/element/f.65165B09D34A62F43149F94F00C74D12.d.19414F99EC22BC79183285DEC5D058C2.e.7600/enabled - {}
COMMAND: GET /session/92c8a4308f789fc799e99033afc54cf4/screenshot - {}
RESULT: {}
COMMAND: POST /session/92c8a4308f789fc799e99033afc54cf4/execute/sync - {"script":"<script> [8489 bytes]","args":[{"element-6066-11e4-a52e-4f735466cecf":"f.65165B09D34A62F43149F94F00C74D12.d.19414F99EC22BC79183285DEC5D058C2.e.7600","ELEMENT":"f.65165B09D34A62F43149F94F00C74D12.d.19414F99EC22BC79183285DEC5D058C2.e.7600"}]}
COMMAND: GET /session/92c8a4308f789fc799e99033afc54cf4/screenshot - {}
RESULT: {}
RESULT: {"script":"<script> [8489 bytes]","args":[{"element-6066-11e4-a52e-4f735466cecf":"f.65165B09D34A62F43149F94F00C74D12.d.19414F99EC22BC79183285DEC5D058C2.e.7600","ELEMENT":"f.65165B09D34A62F43149F94F00C74D12.d.19414F99EC22BC79183285DEC5D058C2.e.7600"}]}
COMMAND: POST /session/92c8a4308f789fc799e99033afc54cf4/execute/sync - {"script":"<script> [5351 bytes]","args":[{"element-6066-11e4-a52e-4f735466cecf":"f.65165B09D34A62F43149F94F00C74D12.d.19414F99EC22BC79183285DEC5D058C2.e.7600","ELEMENT":"f.65165B09D34A62F43149F94F00C74D12.d.19414F99EC22BC79183285DEC5D058C2.e.7600"}]}
COMMAND: GET /session/92c8a4308f789fc799e99033afc54cf4/screenshot - {}
RESULT: {}
RESULT: {"script":"<script> [5351 bytes]","args":[{"element-6066-11e4-a52e-4f735466cecf":"f.65165B09D34A62F43149F94F00C74D12.d.19414F99EC22BC79183285DEC5D058C2.e.7600","ELEMENT":"f.65165B09D34A62F43149F94F00C74D12.d.19414F99EC22BC79183285DEC5D058C2.e.7600"}]}
COMMAND: POST /session/92c8a4308f789fc799e99033afc54cf4/element/f.65165B09D34A62F43149F94F00C74D12.d.19414F99EC22BC79183285DEC5D058C2.e.7600/click - {}
COMMAND: GET /session/92c8a4308f789fc799e99033afc54cf4/screenshot - {}
RESULT: {}
RESULT: {}
COMMAND: GET /session/92c8a4308f789fc799e99033afc54cf4/screenshot - {}
RESULT: {}
RESULT: {}
COMMAND: POST /session/92c8a4308f789fc799e99033afc54cf4/actions - {"actions":[{"id":"action24","type":"key","parameters":{},"actions":[{"type":"keyDown","value":"î€‡"},{"type":"pause","duration":10},{"type":"keyUp","value":"î€‡"}]}]}
RESULT: {"actions":[{"id":"action24","type":"key","parameters":{},"actions":[{"type":"keyDown","value":"î€‡"},{"type":"pause","duration":10},{"type":"keyUp","value":"î€‡"}]}]}
COMMAND: GET /session/92c8a4308f789fc799e99033afc54cf4/screenshot - {}
RESULT: {}
COMMAND: POST /session/92c8a4308f789fc799e99033afc54cf4/execute/async - {"script":"<script> [1562 bytes]","args":[{"selector":{"id":"application-manageconditionprice-display-component---newCondition--condBillCond-arrow"},"wdio_ui5_key":"applicationmanageconditionprice-display-component---newCondition--condBillCond-arrow"}]}
RESULT: {"script":"<script> [1562 bytes]","args":[{"selector":{"id":"application-manageconditionprice-display-component---newCondition--condBillCond-arrow"},"wdio_ui5_key":"applicationmanageconditionprice-display-component---newCondition--condBillCond-arrow"}]}
RESULT: undefined
COMMAND: POST /session/92c8a4308f789fc799e99033afc54cf4/element - {"using":"xpath","value":"//*[@id=\"application-manageconditionprice-display-component---newCondition--condBillCond-arrow\"]"}
RESULT: {"using":"xpath","value":"//*[@id=\"application-manageconditionprice-display-component---newCondition--condBillCond-arrow\"]"}
COMMAND: POST /session/92c8a4308f789fc799e99033afc54cf4/element/f.65165B09D34A62F43149F94F00C74D12.d.19414F99EC22BC79183285DEC5D058C2.e.7780/click - {}
RESULT: {}
COMMAND: GET /session/92c8a4308f789fc799e99033afc54cf4/screenshot - {}
RESULT: {}
COMMAND: POST /session/92c8a4308f789fc799e99033afc54cf4/element - {"using":"xpath","value":"//li[.//span[contains(text(), \"SAPR - Sales price\")]]"}
RESULT: {"using":"xpath","value":"//li[.//span[contains(text(), \"SAPR - Sales price\")]]"}
COMMAND: POST /session/92c8a4308f789fc799e99033afc54cf4/element/f.65165B09D34A62F43149F94F00C74D12.d.19414F99EC22BC79183285DEC5D058C2.e.7783/click - {}
RESULT: {}
COMMAND: GET /session/92c8a4308f789fc799e99033afc54cf4/screenshot - {}
RESULT: {}
COMMAND: POST /session/92c8a4308f789fc799e99033afc54cf4/execute/async - {"script":"<script> [1562 bytes]","args":[{"selector":{"id":"application-manageconditionprice-display-component---newCondition--condValidTo","interaction":{"idSuffix":"inner"}},"wdio_ui5_key":"applicationmanageconditionprice-display-component---newCondition--condValidTo"}]}
RESULT: {"script":"<script> [1562 bytes]","args":[{"selector":{"id":"application-manageconditionprice-display-component---newCondition--condValidTo","interaction":{"idSuffix":"inner"}},"wdio_ui5_key":"applicationmanageconditionprice-display-component---newCondition--condValidTo"}]}
RESULT: undefined
COMMAND: POST /session/92c8a4308f789fc799e99033afc54cf4/execute/async - {"script":"<script> [776 bytes]","args":[{"enterText":"01/01/26","selector":{"id":"application-manageconditionprice-display-component---newCondition--condValidTo","interaction":{"idSuffix":"inner"}},"clearTextFirst":true,"interactionType":"ENTER_TEXT"}]}
RESULT: {"script":"<script> [776 bytes]","args":[{"enterText":"01/01/26","selector":{"id":"application-manageconditionprice-display-component---newCondition--condValidTo","interaction":{"idSuffix":"inner"}},"clearTextFirst":true,"interactionType":"ENTER_TEXT"}]}
COMMAND: POST /session/92c8a4308f789fc799e99033afc54cf4/element - {"using":"xpath","value":"//input[@id=\"application-manageconditionprice-display-component---newCondition--condRU-inner\"]"}
RESULT: {"using":"xpath","value":"//input[@id=\"application-manageconditionprice-display-component---newCondition--condRU-inner\"]"}
COMMAND: POST /session/92c8a4308f789fc799e99033afc54cf4/element/f.65165B09D34A62F43149F94F00C74D12.d.19414F99EC22BC79183285DEC5D058C2.e.7644/clear - {}
RESULT: {}
COMMAND: POST /session/92c8a4308f789fc799e99033afc54cf4/element/f.65165B09D34A62F43149F94F00C74D12.d.19414F99EC22BC79183285DEC5D058C2.e.7644/value - {"text":"200261"}
COMMAND: GET /session/92c8a4308f789fc799e99033afc54cf4/screenshot - {}
RESULT: {"text":"200261"}
COMMAND: GET /session/92c8a4308f789fc799e99033afc54cf4/screenshot - {}
RESULT: {}
RESULT: {}
COMMAND: POST /session/92c8a4308f789fc799e99033afc54cf4/actions - {"actions":[{"id":"action25","type":"key","parameters":{},"actions":[{"type":"keyDown","value":"î€‡"},{"type":"pause","duration":10},{"type":"keyUp","value":"î€‡"}]}]}
RESULT: {"actions":[{"id":"action25","type":"key","parameters":{},"actions":[{"type":"keyDown","value":"î€‡"},{"type":"pause","duration":10},{"type":"keyUp","value":"î€‡"}]}]}
COMMAND: POST /session/92c8a4308f789fc799e99033afc54cf4/execute/async - {"script":"<script> [1562 bytes]","args":[{"selector":{"id":"application-manageconditionprice-display-component---newCondition--condBaseQty","interaction":{"idSuffix":"inner"}},"wdio_ui5_key":"applicationmanageconditionprice-display-component---newCondition--condBaseQty"}]}
COMMAND: GET /session/92c8a4308f789fc799e99033afc54cf4/screenshot - {}
RESULT: {"script":"<script> [1562 bytes]","args":[{"selector":{"id":"application-manageconditionprice-display-component---newCondition--condBaseQty","interaction":{"idSuffix":"inner"}},"wdio_ui5_key":"applicationmanageconditionprice-display-component---newCondition--condBaseQty"}]}
RESULT: undefined
COMMAND: POST /session/92c8a4308f789fc799e99033afc54cf4/execute/async - {"script":"<script> [776 bytes]","args":[{"enterText":"1","selector":{"id":"application-manageconditionprice-display-component---newCondition--condBaseQty","interaction":{"idSuffix":"inner"}},"clearTextFirst":true,"interactionType":"ENTER_TEXT"}]}
RESULT: {}
RESULT: {"script":"<script> [776 bytes]","args":[{"enterText":"1","selector":{"id":"application-manageconditionprice-display-component---newCondition--condBaseQty","interaction":{"idSuffix":"inner"}},"clearTextFirst":true,"interactionType":"ENTER_TEXT"}]}
COMMAND: POST /session/92c8a4308f789fc799e99033afc54cf4/execute/async - {"script":"<script> [1562 bytes]","args":[{"selector":{"id":"application-manageconditionprice-display-component---newCondition--condValue","interaction":{"idSuffix":"inner"}},"wdio_ui5_key":"applicationmanageconditionprice-display-component---newCondition--condValue"}]}
RESULT: {"script":"<script> [1562 bytes]","args":[{"selector":{"id":"application-manageconditionprice-display-component---newCondition--condValue","interaction":{"idSuffix":"inner"}},"wdio_ui5_key":"applicationmanageconditionprice-display-component---newCondition--condValue"}]}
RESULT: undefined
COMMAND: POST /session/92c8a4308f789fc799e99033afc54cf4/execute/async - {"script":"<script> [776 bytes]","args":[{"enterText":"100.00","selector":{"id":"application-manageconditionprice-display-component---newCondition--condValue","interaction":{"idSuffix":"inner"}},"clearTextFirst":true,"interactionType":"ENTER_TEXT"}]}
RESULT: {"script":"<script> [776 bytes]","args":[{"enterText":"100.00","selector":{"id":"application-manageconditionprice-display-component---newCondition--condValue","interaction":{"idSuffix":"inner"}},"clearTextFirst":true,"interactionType":"ENTER_TEXT"}]}
COMMAND: POST /session/92c8a4308f789fc799e99033afc54cf4/execute/async - {"script":"<script> [1562 bytes]","args":[{"selector":{"id":"application-manageconditionprice-display-component---newCondition--condCurr-arrow"},"wdio_ui5_key":"applicationmanageconditionprice-display-component---newCondition--condCurr-arrow"}]}
RESULT: {"script":"<script> [1562 bytes]","args":[{"selector":{"id":"application-manageconditionprice-display-component---newCondition--condCurr-arrow"},"wdio_ui5_key":"applicationmanageconditionprice-display-component---newCondition--condCurr-arrow"}]}
RESULT: undefined
COMMAND: POST /session/92c8a4308f789fc799e99033afc54cf4/element - {"using":"xpath","value":"//*[@id=\"application-manageconditionprice-display-component---newCondition--condCurr-arrow\"]"}
RESULT: {"using":"xpath","value":"//*[@id=\"application-manageconditionprice-display-component---newCondition--condCurr-arrow\"]"}
COMMAND: POST /session/92c8a4308f789fc799e99033afc54cf4/element/f.65165B09D34A62F43149F94F00C74D12.d.19414F99EC22BC79183285DEC5D058C2.e.7762/click - {}
RESULT: {}
COMMAND: POST /session/92c8a4308f789fc799e99033afc54cf4/element - {"using":"xpath","value":"//span[contains(text(), \"Euro\")]"}
COMMAND: GET /session/92c8a4308f789fc799e99033afc54cf4/screenshot - {}
RESULT: {"using":"xpath","value":"//span[contains(text(), \"Euro\")]"}
COMMAND: POST /session/92c8a4308f789fc799e99033afc54cf4/element/f.65165B09D34A62F43149F94F00C74D12.d.19414F99EC22BC79183285DEC5D058C2.e.7819/click - {}
RESULT: {}
RESULT: {}
COMMAND: POST /session/92c8a4308f789fc799e99033afc54cf4/element - {"using":"xpath","value":"//button[@data-kt=\"saveButton\"]"}
COMMAND: GET /session/92c8a4308f789fc799e99033afc54cf4/screenshot - {}
RESULT: {"using":"xpath","value":"//button[@data-kt=\"saveButton\"]"}
COMMAND: POST /session/92c8a4308f789fc799e99033afc54cf4/element/f.65165B09D34A62F43149F94F00C74D12.d.19414F99EC22BC79183285DEC5D058C2.e.7763/click - {}
RESULT: {}
RESULT: {}
COMMAND: GET /session/92c8a4308f789fc799e99033afc54cf4/screenshot - {}
RESULT: {}
COMMAND: POST /session/92c8a4308f789fc799e99033afc54cf4/execute/async - {"script":"<script> [1562 bytes]","args":[{"selector":{"id":"application-manageconditionprice-display-component---conditions--smartFilterBar-btnBasicSearch","interaction":{"idSuffix":"I"}},"wdio_ui5_key":"applicationmanageconditionprice-display-component---conditions--smartFilterBar-btnBasicSearch"}]}
RESULT: {"script":"<script> [1562 bytes]","args":[{"selector":{"id":"application-manageconditionprice-display-component---conditions--smartFilterBar-btnBasicSearch","interaction":{"idSuffix":"I"}},"wdio_ui5_key":"applicationmanageconditionprice-display-component---conditions--smartFilterBar-btnBasicSearch"}]}
RESULT: undefined
COMMAND: POST /session/92c8a4308f789fc799e99033afc54cf4/execute/async - {"script":"<script> [776 bytes]","args":[{"enterText":"200261","selector":{"id":"application-manageconditionprice-display-component---conditions--smartFilterBar-btnBasicSearch","interaction":{"idSuffix":"I"}},"clearTextFirst":true,"interactionType":"ENTER_TEXT"}]}
RESULT: {"script":"<script> [776 bytes]","args":[{"enterText":"200261","selector":{"id":"application-manageconditionprice-display-component---conditions--smartFilterBar-btnBasicSearch","interaction":{"idSuffix":"I"}},"clearTextFirst":true,"interactionType":"ENTER_TEXT"}]}
COMMAND: POST /session/92c8a4308f789fc799e99033afc54cf4/actions - {"actions":[{"id":"action26","type":"key","parameters":{},"actions":[{"type":"keyDown","value":"î€‡"},{"type":"pause","duration":10},{"type":"keyUp","value":"î€‡"}]}]}
RESULT: {"actions":[{"id":"action26","type":"key","parameters":{},"actions":[{"type":"keyDown","value":"î€‡"},{"type":"pause","duration":10},{"type":"keyUp","value":"î€‡"}]}]}
COMMAND: GET /session/92c8a4308f789fc799e99033afc54cf4/screenshot - {}
RESULT: {}
COMMAND: POST /session/92c8a4308f789fc799e99033afc54cf4/execute/async - {"script":"<script> [1562 bytes]","args":[{"selector":{"id":"application-manageconditionprice-display-component---conditions--smartFilterBar-filterItemControl_BASIC-BILL_TYPES-vhi"},"wdio_ui5_key":"applicationmanageconditionprice-display-component---conditions--smartFilterBar-filterItemControl_BASIC-BILL_TYPES-vhi"}]}
RESULT: {"script":"<script> [1562 bytes]","args":[{"selector":{"id":"application-manageconditionprice-display-component---conditions--smartFilterBar-filterItemControl_BASIC-BILL_TYPES-vhi"},"wdio_ui5_key":"applicationmanageconditionprice-display-component---conditions--smartFilterBar-filterItemControl_BASIC-BILL_TYPES-vhi"}]}
RESULT: undefined
COMMAND: POST /session/92c8a4308f789fc799e99033afc54cf4/element - {"using":"xpath","value":"//*[@id=\"application-manageconditionprice-display-component---conditions--smartFilterBar-filterItemControl_BASIC-BILL_TYPES-vhi\"]"}
RESULT: {"using":"xpath","value":"//*[@id=\"application-manageconditionprice-display-component---conditions--smartFilterBar-filterItemControl_BASIC-BILL_TYPES-vhi\"]"}
COMMAND: POST /session/92c8a4308f789fc799e99033afc54cf4/element/f.65165B09D34A62F43149F94F00C74D12.d.19414F99EC22BC79183285DEC5D058C2.e.7925/click - {}
RESULT: {}
COMMAND: POST /session/92c8a4308f789fc799e99033afc54cf4/execute/async - {"script":"<script> [1562 bytes]","args":[{"selector":{"id":"application-manageconditionprice-display-component---conditions--smartFilterBar-filterItemControl_BASIC-BILL_TYPES-valueHelpDialog-smartFilterBar-btnBasicSearch","searchOpenDialogs":true,"interaction":{"idSuffix":"I"}},"wdio_ui5_key":"applicationmanageconditionprice-display-component---conditions--smartFilterBar-filterItemControl_BASIC-BILL_TYPES-valueHelpDialog-smartFilterBar-btnBasicSearch"}]}
COMMAND: GET /session/92c8a4308f789fc799e99033afc54cf4/screenshot - {}
RESULT: {"script":"<script> [1562 bytes]","args":[{"selector":{"id":"application-manageconditionprice-display-component---conditions--smartFilterBar-filterItemControl_BASIC-BILL_TYPES-valueHelpDialog-smartFilterBar-btnBasicSearch","searchOpenDialogs":true,"interaction":{"idSuffix":"I"}},"wdio_ui5_key":"applicationmanageconditionprice-display-component---conditions--smartFilterBar-filterItemControl_BASIC-BILL_TYPES-valueHelpDialog-smartFilterBar-btnBasicSearch"}]}
RESULT: undefined
COMMAND: POST /session/92c8a4308f789fc799e99033afc54cf4/execute/async - {"script":"<script> [776 bytes]","args":[{"enterText":"one","selector":{"id":"application-manageconditionprice-display-component---conditions--smartFilterBar-filterItemControl_BASIC-BILL_TYPES-valueHelpDialog-smartFilterBar-btnBasicSearch","searchOpenDialogs":true,"interaction":{"idSuffix":"I"}},"clearTextFirst":true,"interactionType":"ENTER_TEXT"}]}
RESULT: {}
RESULT: {"script":"<script> [776 bytes]","args":[{"enterText":"one","selector":{"id":"application-manageconditionprice-display-component---conditions--smartFilterBar-filterItemControl_BASIC-BILL_TYPES-valueHelpDialog-smartFilterBar-btnBasicSearch","searchOpenDialogs":true,"interaction":{"idSuffix":"I"}},"clearTextFirst":true,"interactionType":"ENTER_TEXT"}]}
COMMAND: POST /session/92c8a4308f789fc799e99033afc54cf4/actions - {"actions":[{"id":"action27","type":"key","parameters":{},"actions":[{"type":"keyDown","value":"î€‡"},{"type":"pause","duration":10},{"type":"keyUp","value":"î€‡"}]}]}
RESULT: {"actions":[{"id":"action27","type":"key","parameters":{},"actions":[{"type":"keyDown","value":"î€‡"},{"type":"pause","duration":10},{"type":"keyUp","value":"î€‡"}]}]}
COMMAND: GET /session/92c8a4308f789fc799e99033afc54cf4/screenshot - {}
RESULT: {}
COMMAND: POST /session/92c8a4308f789fc799e99033afc54cf4/element - {"using":"xpath","value":"//div[contains(@id, 'application-manageconditionprice-display-component---conditions--smartFilterBar-filterItemControl_BASIC-BILL_TYPES-valueHelpDialog-table-rowsel0')]"}
RESULT: {"using":"xpath","value":"//div[contains(@id, 'application-manageconditionprice-display-component---conditions--smartFilterBar-filterItemControl_BASIC-BILL_TYPES-valueHelpDialog-table-rowsel0')]"}
COMMAND: POST /session/92c8a4308f789fc799e99033afc54cf4/element/f.65165B09D34A62F43149F94F00C74D12.d.19414F99EC22BC79183285DEC5D058C2.e.7934/click - {}
RESULT: {}
COMMAND: GET /session/92c8a4308f789fc799e99033afc54cf4/screenshot - {}
RESULT: {}
COMMAND: POST /session/92c8a4308f789fc799e99033afc54cf4/element - {"using":"xpath","value":"//bdi[contains(text(), \"OK\")]"}
RESULT: {"using":"xpath","value":"//bdi[contains(text(), \"OK\")]"}
COMMAND: POST /session/92c8a4308f789fc799e99033afc54cf4/element/f.65165B09D34A62F43149F94F00C74D12.d.19414F99EC22BC79183285DEC5D058C2.e.7936/click - {}
RESULT: {}
COMMAND: GET /session/92c8a4308f789fc799e99033afc54cf4/screenshot - {}
RESULT: {}
COMMAND: POST /session/92c8a4308f789fc799e99033afc54cf4/element - {"using":"xpath","value":"//span[@id=\"application-manageconditionprice-display-component---conditions--smartTable-header-inner\"]"}
RESULT: {"using":"xpath","value":"//span[@id=\"application-manageconditionprice-display-component---conditions--smartTable-header-inner\"]"}
COMMAND: POST /session/92c8a4308f789fc799e99033afc54cf4/elements - {"using":"xpath","value":"//span[@id=\"application-manageconditionprice-display-component---conditions--smartTable-header-inner\"]"}
RESULT: {"using":"xpath","value":"//span[@id=\"application-manageconditionprice-display-component---conditions--smartTable-header-inner\"]"}
COMMAND: POST /session/92c8a4308f789fc799e99033afc54cf4/execute/sync - {"script":"<script> [56 bytes]","args":[{"element-6066-11e4-a52e-4f735466cecf":"f.65165B09D34A62F43149F94F00C74D12.d.19414F99EC22BC79183285DEC5D058C2.e.7939","ELEMENT":"f.65165B09D34A62F43149F94F00C74D12.d.19414F99EC22BC79183285DEC5D058C2.e.7939"}]}
RESULT: {"script":"<script> [56 bytes]","args":[{"element-6066-11e4-a52e-4f735466cecf":"f.65165B09D34A62F43149F94F00C74D12.d.19414F99EC22BC79183285DEC5D058C2.e.7939","ELEMENT":"f.65165B09D34A62F43149F94F00C74D12.d.19414F99EC22BC79183285DEC5D058C2.e.7939"}]}
COMMAND: POST /session/92c8a4308f789fc799e99033afc54cf4/element - {"using":"css selector","value":"#shell-header-logo"}
COMMAND: GET /session/92c8a4308f789fc799e99033afc54cf4/screenshot - {}
RESULT: {"using":"css selector","value":"#shell-header-logo"}
COMMAND: POST /session/92c8a4308f789fc799e99033afc54cf4/element/f.65165B09D34A62F43149F94F00C74D12.d.19414F99EC22BC79183285DEC5D058C2.e.7567/click - {}
RESULT: {}
RESULT: {}
COMMAND: GET /session/92c8a4308f789fc799e99033afc54cf4/screenshot - {}
RESULT: {}
]]></system-out>
    </testcase>
    <testcase classname="chrome.135_0_7049_96.windows.US134625_Set_up_price_condition_-_one_time" name="Should create a new contract" time="61.823">
      <system-out><![CDATA[
COMMAND: POST /session/92c8a4308f789fc799e99033afc54cf4/execute/async - {"script":"<script> [1562 bytes]","args":[{"selector":{"controlType":"sap.m.Text","viewName":"etm.portal.ui.managecontractstile.view.Master","properties":{"text":"Manage Contracts"},"interaction":{"idSuffix":"inner"}},"wdio_ui5_key":"etmportal.ui.managecontractstile.view.Mastersap.m.Text{\"text\":\"Manage Contracts\"}"}]}
RESULT: {"script":"<script> [1562 bytes]","args":[{"selector":{"controlType":"sap.m.Text","viewName":"etm.portal.ui.managecontractstile.view.Master","properties":{"text":"Manage Contracts"},"interaction":{"idSuffix":"inner"}},"wdio_ui5_key":"etmportal.ui.managecontractstile.view.Mastersap.m.Text{\"text\":\"Manage Contracts\"}"}]}
RESULT: undefined
COMMAND: POST /session/92c8a4308f789fc799e99033afc54cf4/element - {"using":"xpath","value":"//*[@id=\"__tile130-title\"]"}
RESULT: {"using":"xpath","value":"//*[@id=\"__tile130-title\"]"}
COMMAND: POST /session/92c8a4308f789fc799e99033afc54cf4/element/f.65165B09D34A62F43149F94F00C74D12.d.19414F99EC22BC79183285DEC5D058C2.e.7943/click - {}
RESULT: {}
COMMAND: GET /session/92c8a4308f789fc799e99033afc54cf4/screenshot - {}
RESULT: {}
COMMAND: POST /session/92c8a4308f789fc799e99033afc54cf4/element - {"using":"xpath","value":"//button[@data-kt=\"addButton\"]"}
RESULT: {"using":"xpath","value":"//button[@data-kt=\"addButton\"]"}
COMMAND: POST /session/92c8a4308f789fc799e99033afc54cf4/elements - {"using":"xpath","value":"//button[@data-kt=\"addButton\"]"}
RESULT: {"using":"xpath","value":"//button[@data-kt=\"addButton\"]"}
COMMAND: POST /session/92c8a4308f789fc799e99033afc54cf4/elements - {"using":"xpath","value":"//button[@data-kt=\"addButton\"]"}
RESULT: {"using":"xpath","value":"//button[@data-kt=\"addButton\"]"}
COMMAND: POST /session/92c8a4308f789fc799e99033afc54cf4/elements - {"using":"xpath","value":"//button[@data-kt=\"addButton\"]"}
RESULT: {"using":"xpath","value":"//button[@data-kt=\"addButton\"]"}
COMMAND: POST /session/92c8a4308f789fc799e99033afc54cf4/element - {"using":"xpath","value":"//button[@data-kt=\"addButton\"]"}
RESULT: {"using":"xpath","value":"//button[@data-kt=\"addButton\"]"}
COMMAND: POST /session/92c8a4308f789fc799e99033afc54cf4/execute/sync - {"script":"<script> [8489 bytes]","args":[{"element-6066-11e4-a52e-4f735466cecf":"f.65165B09D34A62F43149F94F00C74D12.d.19414F99EC22BC79183285DEC5D058C2.e.7993","ELEMENT":"f.65165B09D34A62F43149F94F00C74D12.d.19414F99EC22BC79183285DEC5D058C2.e.7993"}]}
RESULT: {"script":"<script> [8489 bytes]","args":[{"element-6066-11e4-a52e-4f735466cecf":"f.65165B09D34A62F43149F94F00C74D12.d.19414F99EC22BC79183285DEC5D058C2.e.7993","ELEMENT":"f.65165B09D34A62F43149F94F00C74D12.d.19414F99EC22BC79183285DEC5D058C2.e.7993"}]}
COMMAND: GET /session/92c8a4308f789fc799e99033afc54cf4/element/f.65165B09D34A62F43149F94F00C74D12.d.19414F99EC22BC79183285DEC5D058C2.e.7993/enabled - {}
COMMAND: GET /session/92c8a4308f789fc799e99033afc54cf4/screenshot - {}
RESULT: {}
COMMAND: POST /session/92c8a4308f789fc799e99033afc54cf4/execute/sync - {"script":"<script> [8489 bytes]","args":[{"element-6066-11e4-a52e-4f735466cecf":"f.65165B09D34A62F43149F94F00C74D12.d.19414F99EC22BC79183285DEC5D058C2.e.7993","ELEMENT":"f.65165B09D34A62F43149F94F00C74D12.d.19414F99EC22BC79183285DEC5D058C2.e.7993"}]}
COMMAND: GET /session/92c8a4308f789fc799e99033afc54cf4/screenshot - {}
RESULT: {}
RESULT: {"script":"<script> [8489 bytes]","args":[{"element-6066-11e4-a52e-4f735466cecf":"f.65165B09D34A62F43149F94F00C74D12.d.19414F99EC22BC79183285DEC5D058C2.e.7993","ELEMENT":"f.65165B09D34A62F43149F94F00C74D12.d.19414F99EC22BC79183285DEC5D058C2.e.7993"}]}
COMMAND: POST /session/92c8a4308f789fc799e99033afc54cf4/execute/sync - {"script":"<script> [5351 bytes]","args":[{"element-6066-11e4-a52e-4f735466cecf":"f.65165B09D34A62F43149F94F00C74D12.d.19414F99EC22BC79183285DEC5D058C2.e.7993","ELEMENT":"f.65165B09D34A62F43149F94F00C74D12.d.19414F99EC22BC79183285DEC5D058C2.e.7993"}]}
COMMAND: GET /session/92c8a4308f789fc799e99033afc54cf4/screenshot - {}
RESULT: {}
RESULT: {"script":"<script> [5351 bytes]","args":[{"element-6066-11e4-a52e-4f735466cecf":"f.65165B09D34A62F43149F94F00C74D12.d.19414F99EC22BC79183285DEC5D058C2.e.7993","ELEMENT":"f.65165B09D34A62F43149F94F00C74D12.d.19414F99EC22BC79183285DEC5D058C2.e.7993"}]}
COMMAND: GET /session/92c8a4308f789fc799e99033afc54cf4/screenshot - {}
RESULT: {}
RESULT: {}
COMMAND: POST /session/92c8a4308f789fc799e99033afc54cf4/element/f.65165B09D34A62F43149F94F00C74D12.d.19414F99EC22BC79183285DEC5D058C2.e.7993/click - {}
RESULT: {}
COMMAND: GET /session/92c8a4308f789fc799e99033afc54cf4/screenshot - {}
RESULT: {}
COMMAND: POST /session/92c8a4308f789fc799e99033afc54cf4/execute/async - {"script":"<script> [1562 bytes]","args":[{"selector":{"id":"application-managecontracts-display-component---AddNewContract--projectDescription","interaction":{"idSuffix":"inner"}},"wdio_ui5_key":"applicationmanagecontracts-display-component---AddNewContract--projectDescription"}]}
RESULT: {"script":"<script> [1562 bytes]","args":[{"selector":{"id":"application-managecontracts-display-component---AddNewContract--projectDescription","interaction":{"idSuffix":"inner"}},"wdio_ui5_key":"applicationmanagecontracts-display-component---AddNewContract--projectDescription"}]}
RESULT: undefined
COMMAND: POST /session/92c8a4308f789fc799e99033afc54cf4/execute/async - {"script":"<script> [776 bytes]","args":[{"enterText":"Intercompany Contract WDIO","selector":{"id":"application-managecontracts-display-component---AddNewContract--projectDescription","interaction":{"idSuffix":"inner"}},"clearTextFirst":true,"interactionType":"ENTER_TEXT"}]}
RESULT: {"script":"<script> [776 bytes]","args":[{"enterText":"Intercompany Contract WDIO","selector":{"id":"application-managecontracts-display-component---AddNewContract--projectDescription","interaction":{"idSuffix":"inner"}},"clearTextFirst":true,"interactionType":"ENTER_TEXT"}]}
COMMAND: POST /session/92c8a4308f789fc799e99033afc54cf4/element - {"using":"xpath","value":"//input[@id=\"application-managecontracts-display-component---AddNewContract--site-inner\"]"}
RESULT: {"using":"xpath","value":"//input[@id=\"application-managecontracts-display-component---AddNewContract--site-inner\"]"}
COMMAND: POST /session/92c8a4308f789fc799e99033afc54cf4/element/f.65165B09D34A62F43149F94F00C74D12.d.19414F99EC22BC79183285DEC5D058C2.e.8325/clear - {}
RESULT: {}
COMMAND: POST /session/92c8a4308f789fc799e99033afc54cf4/element/f.65165B09D34A62F43149F94F00C74D12.d.19414F99EC22BC79183285DEC5D058C2.e.8325/value - {"text":"2320"}
COMMAND: GET /session/92c8a4308f789fc799e99033afc54cf4/screenshot - {}
RESULT: {"text":"2320"}
COMMAND: GET /session/92c8a4308f789fc799e99033afc54cf4/screenshot - {}
RESULT: {}
RESULT: {}
COMMAND: POST /session/92c8a4308f789fc799e99033afc54cf4/element - {"using":"xpath","value":"//li[.//span[text()='2320']]"}
RESULT: {"using":"xpath","value":"//li[.//span[text()='2320']]"}
COMMAND: POST /session/92c8a4308f789fc799e99033afc54cf4/element/f.65165B09D34A62F43149F94F00C74D12.d.19414F99EC22BC79183285DEC5D058C2.e.8359/click - {}
RESULT: {}
COMMAND: GET /session/92c8a4308f789fc799e99033afc54cf4/screenshot - {}
RESULT: {}
COMMAND: POST /session/92c8a4308f789fc799e99033afc54cf4/element - {"using":"xpath","value":"//input[@id=\"application-managecontracts-display-component---AddNewContract--yardId-inner\"]"}
RESULT: {"using":"xpath","value":"//input[@id=\"application-managecontracts-display-component---AddNewContract--yardId-inner\"]"}
COMMAND: GET /session/92c8a4308f789fc799e99033afc54cf4/element/f.65165B09D34A62F43149F94F00C74D12.d.19414F99EC22BC79183285DEC5D058C2.e.8326/property/value - {}
RESULT: {}
COMMAND: POST /session/92c8a4308f789fc799e99033afc54cf4/element - {"using":"xpath","value":"//input[@id=\"application-managecontracts-display-component---AddNewContract--customerSelect-inner\"]"}
COMMAND: GET /session/92c8a4308f789fc799e99033afc54cf4/screenshot - {}
RESULT: {}
RESULT: {"using":"xpath","value":"//input[@id=\"application-managecontracts-display-component---AddNewContract--customerSelect-inner\"]"}
COMMAND: POST /session/92c8a4308f789fc799e99033afc54cf4/element/f.65165B09D34A62F43149F94F00C74D12.d.19414F99EC22BC79183285DEC5D058C2.e.8324/clear - {}
RESULT: {}
COMMAND: POST /session/92c8a4308f789fc799e99033afc54cf4/element/f.65165B09D34A62F43149F94F00C74D12.d.19414F99EC22BC79183285DEC5D058C2.e.8324/value - {"text":"1355"}
COMMAND: GET /session/92c8a4308f789fc799e99033afc54cf4/screenshot - {}
RESULT: {}
RESULT: {"text":"1355"}
COMMAND: GET /session/92c8a4308f789fc799e99033afc54cf4/screenshot - {}
RESULT: {}
COMMAND: POST /session/92c8a4308f789fc799e99033afc54cf4/element - {"using":"xpath","value":"//li[.//span[text()='1355']]"}
RESULT: {"using":"xpath","value":"//li[.//span[text()='1355']]"}
COMMAND: POST /session/92c8a4308f789fc799e99033afc54cf4/element/f.65165B09D34A62F43149F94F00C74D12.d.19414F99EC22BC79183285DEC5D058C2.e.8362/click - {}
RESULT: {}
COMMAND: GET /session/92c8a4308f789fc799e99033afc54cf4/screenshot - {}
RESULT: {}
COMMAND: POST /session/92c8a4308f789fc799e99033afc54cf4/element - {"using":"xpath","value":"//button[@data-kt=\"saveButton\"]"}
RESULT: {"using":"xpath","value":"//button[@data-kt=\"saveButton\"]"}
COMMAND: POST /session/92c8a4308f789fc799e99033afc54cf4/element/f.65165B09D34A62F43149F94F00C74D12.d.19414F99EC22BC79183285DEC5D058C2.e.8352/click - {}
RESULT: {}
COMMAND: GET /session/92c8a4308f789fc799e99033afc54cf4/screenshot - {}
RESULT: {}
COMMAND: POST /session/92c8a4308f789fc799e99033afc54cf4/element - {"using":"xpath","value":"//span[contains(@id ,\"contractDetailTitleNoExpanded\")]"}
RESULT: {"using":"xpath","value":"//span[contains(@id ,\"contractDetailTitleNoExpanded\")]"}
COMMAND: POST /session/92c8a4308f789fc799e99033afc54cf4/elements - {"using":"xpath","value":"//span[contains(@id ,\"contractDetailTitleNoExpanded\")]"}
RESULT: {"using":"xpath","value":"//span[contains(@id ,\"contractDetailTitleNoExpanded\")]"}
COMMAND: POST /session/92c8a4308f789fc799e99033afc54cf4/execute/sync - {"script":"<script> [56 bytes]","args":[{"element-6066-11e4-a52e-4f735466cecf":"f.65165B09D34A62F43149F94F00C74D12.d.19414F99EC22BC79183285DEC5D058C2.e.8434","ELEMENT":"f.65165B09D34A62F43149F94F00C74D12.d.19414F99EC22BC79183285DEC5D058C2.e.8434"}]}
RESULT: {"script":"<script> [56 bytes]","args":[{"element-6066-11e4-a52e-4f735466cecf":"f.65165B09D34A62F43149F94F00C74D12.d.19414F99EC22BC79183285DEC5D058C2.e.8434","ELEMENT":"f.65165B09D34A62F43149F94F00C74D12.d.19414F99EC22BC79183285DEC5D058C2.e.8434"}]}
COMMAND: GET /session/92c8a4308f789fc799e99033afc54cf4/screenshot - {}
RESULT: {}
]]></system-out>
    </testcase>
    <testcase classname="chrome.135_0_7049_96.windows.US134625_Set_up_price_condition_-_one_time" name="Should add the material to the contract" time="53.091">
      <system-out><![CDATA[
COMMAND: POST /session/92c8a4308f789fc799e99033afc54cf4/element - {"using":"xpath","value":"//button[@data-kt=\"contractDetailEditBtnButton\"]"}
RESULT: {"using":"xpath","value":"//button[@data-kt=\"contractDetailEditBtnButton\"]"}
COMMAND: POST /session/92c8a4308f789fc799e99033afc54cf4/element/f.65165B09D34A62F43149F94F00C74D12.d.19414F99EC22BC79183285DEC5D058C2.e.8435/click - {}
RESULT: {}
COMMAND: GET /session/92c8a4308f789fc799e99033afc54cf4/screenshot - {}
RESULT: {}
COMMAND: POST /session/92c8a4308f789fc799e99033afc54cf4/element - {"using":"xpath","value":"(//span[contains(text(), \"Additional Addresses\")])[2]"}
RESULT: {"using":"xpath","value":"(//span[contains(text(), \"Additional Addresses\")])[2]"}
COMMAND: POST /session/92c8a4308f789fc799e99033afc54cf4/element/f.65165B09D34A62F43149F94F00C74D12.d.19414F99EC22BC79183285DEC5D058C2.e.8489/click - {}
RESULT: {}
COMMAND: GET /session/92c8a4308f789fc799e99033afc54cf4/screenshot - {}
RESULT: {}
COMMAND: POST /session/92c8a4308f789fc799e99033afc54cf4/element - {"using":"xpath","value":"//button[@data-kt=\"btnAddTableRowOverflowToolbarButton\"]"}
RESULT: {"using":"xpath","value":"//button[@data-kt=\"btnAddTableRowOverflowToolbarButton\"]"}
COMMAND: POST /session/92c8a4308f789fc799e99033afc54cf4/element/f.65165B09D34A62F43149F94F00C74D12.d.19414F99EC22BC79183285DEC5D058C2.e.8493/click - {}
RESULT: {}
COMMAND: GET /session/92c8a4308f789fc799e99033afc54cf4/screenshot - {}
RESULT: {}
COMMAND: POST /session/92c8a4308f789fc799e99033afc54cf4/element - {"using":"xpath","value":"//div[(text() = 'Standard Entry' or . = 'Standard Entry')]"}
RESULT: {"using":"xpath","value":"//div[(text() = 'Standard Entry' or . = 'Standard Entry')]"}
COMMAND: POST /session/92c8a4308f789fc799e99033afc54cf4/element/f.65165B09D34A62F43149F94F00C74D12.d.19414F99EC22BC79183285DEC5D058C2.e.8495/click - {}
RESULT: {}
COMMAND: GET /session/92c8a4308f789fc799e99033afc54cf4/screenshot - {}
RESULT: {}
COMMAND: POST /session/92c8a4308f789fc799e99033afc54cf4/element - {"using":"xpath","value":"//td[6]/div/div/div/span"}
RESULT: {"using":"xpath","value":"//td[6]/div/div/div/span"}
COMMAND: POST /session/92c8a4308f789fc799e99033afc54cf4/element/f.65165B09D34A62F43149F94F00C74D12.d.19414F99EC22BC79183285DEC5D058C2.e.8507/click - {}
RESULT: {}
COMMAND: GET /session/92c8a4308f789fc799e99033afc54cf4/screenshot - {}
RESULT: {}
COMMAND: POST /session/92c8a4308f789fc799e99033afc54cf4/element - {"using":"xpath","value":"(//span[contains(text(), \"Material\")])"}
RESULT: {"using":"xpath","value":"(//span[contains(text(), \"Material\")])"}
COMMAND: POST /session/92c8a4308f789fc799e99033afc54cf4/element/f.65165B09D34A62F43149F94F00C74D12.d.19414F99EC22BC79183285DEC5D058C2.e.8508/click - {}
RESULT: {}
COMMAND: GET /session/92c8a4308f789fc799e99033afc54cf4/screenshot - {}
RESULT: {}
COMMAND: POST /session/92c8a4308f789fc799e99033afc54cf4/element - {"using":"xpath","value":"//td[7]/div/div/input"}
RESULT: {"using":"xpath","value":"//td[7]/div/div/input"}
COMMAND: POST /session/92c8a4308f789fc799e99033afc54cf4/element/f.65165B09D34A62F43149F94F00C74D12.d.19414F99EC22BC79183285DEC5D058C2.e.8512/clear - {}
RESULT: {}
COMMAND: POST /session/92c8a4308f789fc799e99033afc54cf4/element/f.65165B09D34A62F43149F94F00C74D12.d.19414F99EC22BC79183285DEC5D058C2.e.8512/value - {"text":"200261"}
COMMAND: GET /session/92c8a4308f789fc799e99033afc54cf4/screenshot - {}
RESULT: {"text":"200261"}
COMMAND: GET /session/92c8a4308f789fc799e99033afc54cf4/screenshot - {}
RESULT: {}
RESULT: {}
COMMAND: POST /session/92c8a4308f789fc799e99033afc54cf4/actions - {"actions":[{"id":"action28","type":"key","parameters":{},"actions":[{"type":"keyDown","value":"î€‡"},{"type":"pause","duration":10},{"type":"keyUp","value":"î€‡"}]}]}
RESULT: {"actions":[{"id":"action28","type":"key","parameters":{},"actions":[{"type":"keyDown","value":"î€‡"},{"type":"pause","duration":10},{"type":"keyUp","value":"î€‡"}]}]}
COMMAND: GET /session/92c8a4308f789fc799e99033afc54cf4/screenshot - {}
RESULT: {}
COMMAND: POST /session/92c8a4308f789fc799e99033afc54cf4/execute/sync - {"script":"<script> [276 bytes]","args":["No pricing information was found"]}
RESULT: {"script":"<script> [276 bytes]","args":["No pricing information was found"]}
COMMAND: POST /session/92c8a4308f789fc799e99033afc54cf4/element - {"using":"xpath","value":"(//button[@data-kt=\"saveButton\"])[2]"}
COMMAND: GET /session/92c8a4308f789fc799e99033afc54cf4/screenshot - {}
RESULT: {"using":"xpath","value":"(//button[@data-kt=\"saveButton\"])[2]"}
COMMAND: POST /session/92c8a4308f789fc799e99033afc54cf4/element/f.65165B09D34A62F43149F94F00C74D12.d.19414F99EC22BC79183285DEC5D058C2.e.8535/click - {}
RESULT: {}
RESULT: {}
COMMAND: GET /session/92c8a4308f789fc799e99033afc54cf4/screenshot - {}
RESULT: {}
COMMAND: POST /session/92c8a4308f789fc799e99033afc54cf4/execute/sync - {"script":"<script> [276 bytes]","args":["Some contract items are having rental validity exceeding header rental validity"]}
RESULT: {"script":"<script> [276 bytes]","args":["Some contract items are having rental validity exceeding header rental validity"]}
COMMAND: GET /session/92c8a4308f789fc799e99033afc54cf4/screenshot - {}
RESULT: {}
COMMAND: POST /session/92c8a4308f789fc799e99033afc54cf4/element - {"using":"xpath","value":"//span[contains(@id ,\"contractItemsSmartTable-header-inner\")]"}
RESULT: {"using":"xpath","value":"//span[contains(@id ,\"contractItemsSmartTable-header-inner\")]"}
COMMAND: POST /session/92c8a4308f789fc799e99033afc54cf4/elements - {"using":"xpath","value":"//span[contains(@id ,\"contractItemsSmartTable-header-inner\")]"}
RESULT: {"using":"xpath","value":"//span[contains(@id ,\"contractItemsSmartTable-header-inner\")]"}
COMMAND: POST /session/92c8a4308f789fc799e99033afc54cf4/execute/sync - {"script":"<script> [56 bytes]","args":[{"element-6066-11e4-a52e-4f735466cecf":"f.65165B09D34A62F43149F94F00C74D12.d.19414F99EC22BC79183285DEC5D058C2.e.8542","ELEMENT":"f.65165B09D34A62F43149F94F00C74D12.d.19414F99EC22BC79183285DEC5D058C2.e.8542"}]}
RESULT: {"script":"<script> [56 bytes]","args":[{"element-6066-11e4-a52e-4f735466cecf":"f.65165B09D34A62F43149F94F00C74D12.d.19414F99EC22BC79183285DEC5D058C2.e.8542","ELEMENT":"f.65165B09D34A62F43149F94F00C74D12.d.19414F99EC22BC79183285DEC5D058C2.e.8542"}]}
]]></system-out>
    </testcase>
    <testcase classname="chrome.135_0_7049_96.windows.US134625_Set_up_price_condition_-_one_time" name="Should verify the bill item creation and pricing condition" time="10.851">
      <system-out><![CDATA[
COMMAND: POST /session/92c8a4308f789fc799e99033afc54cf4/execute/async - {"script":"<script> [1562 bytes]","args":[{"selector":{"controlType":"sap.ui.core.Icon","viewName":"etm.portal.ui.managecontracts.view.Detail","properties":{"src":{"regex":{"source":"slim\\-arrow\\-right"}}}},"wdio_ui5_key":"etmportal.ui.managecontracts.view.Detailsap.ui.core.Icon{\"src\":{\"regex\":{\"source\":\"slim\\\\-arrow\\\\-right\"}}}"}]}
COMMAND: GET /session/92c8a4308f789fc799e99033afc54cf4/screenshot - {}
RESULT: {"script":"<script> [1562 bytes]","args":[{"selector":{"controlType":"sap.ui.core.Icon","viewName":"etm.portal.ui.managecontracts.view.Detail","properties":{"src":{"regex":{"source":"slim\\-arrow\\-right"}}}},"wdio_ui5_key":"etmportal.ui.managecontracts.view.Detailsap.ui.core.Icon{\"src\":{\"regex\":{\"source\":\"slim\\\\-arrow\\\\-right\"}}}"}]}
RESULT: undefined
COMMAND: POST /session/92c8a4308f789fc799e99033afc54cf4/element - {"using":"xpath","value":"//*[@id=\"__item1673-__clone3343-imgNav\"]"}
RESULT: {}
RESULT: {"using":"xpath","value":"//*[@id=\"__item1673-__clone3343-imgNav\"]"}
COMMAND: POST /session/92c8a4308f789fc799e99033afc54cf4/element/f.65165B09D34A62F43149F94F00C74D12.d.19414F99EC22BC79183285DEC5D058C2.e.8543/click - {}
RESULT: {}
COMMAND: GET /session/92c8a4308f789fc799e99033afc54cf4/screenshot - {}
COMMAND: POST /session/92c8a4308f789fc799e99033afc54cf4/execute/async - {"script":"<script> [1562 bytes]","args":[{"selector":{"controlType":"sap.m.Text","viewName":"etm.portal.ui.managecontracts.view.BillingItem","viewId":"application-managecontracts-display-component---BillingItem","bindingPath":{"propertyPath":"LINK_TO_C_BILL_TYPES/DESCRIPTION"}},"wdio_ui5_key":"etmportal.ui.managecontracts.view.BillingItemsap.m.Text{\"propertyPath\":\"LINK_TO_C_BILL_TYPES/DESCRIPTION\"}"}]}
RESULT: {}
RESULT: {"script":"<script> [1562 bytes]","args":[{"selector":{"controlType":"sap.m.Text","viewName":"etm.portal.ui.managecontracts.view.BillingItem","viewId":"application-managecontracts-display-component---BillingItem","bindingPath":{"propertyPath":"LINK_TO_C_BILL_TYPES/DESCRIPTION"}},"wdio_ui5_key":"etmportal.ui.managecontracts.view.BillingItemsap.m.Text{\"propertyPath\":\"LINK_TO_C_BILL_TYPES/DESCRIPTION\"}"}]}
RESULT: undefined
COMMAND: POST /session/92c8a4308f789fc799e99033afc54cf4/execute/async - {"script":"<script> [6424 bytes]","args":[{"element-6066-11e4-a52e-4f735466cecf":"f.65165B09D34A62F43149F94F00C74D12.d.19414F99EC22BC79183285DEC5D058C2.e.8594"},"getText",[]]}
RESULT: {"script":"<script> [6424 bytes]","args":[{"element-6066-11e4-a52e-4f735466cecf":"f.65165B09D34A62F43149F94F00C74D12.d.19414F99EC22BC79183285DEC5D058C2.e.8594"},"getText",[]]}
COMMAND: POST /session/92c8a4308f789fc799e99033afc54cf4/execute/async - {"script":"<script> [1562 bytes]","args":[{"selector":{"controlType":"sap.m.ObjectNumber","viewName":"etm.portal.ui.managecontracts.view.BillingItem","viewId":"application-managecontracts-display-component---BillingItem","bindingPath":{"propertyPath":"BASE_PRICE"}},"wdio_ui5_key":"etmportal.ui.managecontracts.view.BillingItemsap.m.ObjectNumber{\"propertyPath\":\"BASE_PRICE\"}"}]}
RESULT: {"script":"<script> [1562 bytes]","args":[{"selector":{"controlType":"sap.m.ObjectNumber","viewName":"etm.portal.ui.managecontracts.view.BillingItem","viewId":"application-managecontracts-display-component---BillingItem","bindingPath":{"propertyPath":"BASE_PRICE"}},"wdio_ui5_key":"etmportal.ui.managecontracts.view.BillingItemsap.m.ObjectNumber{\"propertyPath\":\"BASE_PRICE\"}"}]}
RESULT: undefined
COMMAND: POST /session/92c8a4308f789fc799e99033afc54cf4/execute/async - {"script":"<script> [6424 bytes]","args":[{"element-6066-11e4-a52e-4f735466cecf":"f.65165B09D34A62F43149F94F00C74D12.d.19414F99EC22BC79183285DEC5D058C2.e.8595"},"getNumber",[]]}
RESULT: {"script":"<script> [6424 bytes]","args":[{"element-6066-11e4-a52e-4f735466cecf":"f.65165B09D34A62F43149F94F00C74D12.d.19414F99EC22BC79183285DEC5D058C2.e.8595"},"getNumber",[]]}
COMMAND: POST /session/92c8a4308f789fc799e99033afc54cf4/execute/async - {"script":"<script> [1562 bytes]","args":[{"selector":{"controlType":"sap.m.ObjectNumber","viewName":"etm.portal.ui.managecontracts.view.BillingItem","viewId":"application-managecontracts-display-component---BillingItem","bindingPath":{"propertyPath":"BASE_QUANTITY"}},"wdio_ui5_key":"etmportal.ui.managecontracts.view.BillingItemsap.m.ObjectNumber{\"propertyPath\":\"BASE_QUANTITY\"}"}]}
RESULT: {"script":"<script> [1562 bytes]","args":[{"selector":{"controlType":"sap.m.ObjectNumber","viewName":"etm.portal.ui.managecontracts.view.BillingItem","viewId":"application-managecontracts-display-component---BillingItem","bindingPath":{"propertyPath":"BASE_QUANTITY"}},"wdio_ui5_key":"etmportal.ui.managecontracts.view.BillingItemsap.m.ObjectNumber{\"propertyPath\":\"BASE_QUANTITY\"}"}]}
RESULT: undefined
COMMAND: POST /session/92c8a4308f789fc799e99033afc54cf4/execute/async - {"script":"<script> [6424 bytes]","args":[{"element-6066-11e4-a52e-4f735466cecf":"f.65165B09D34A62F43149F94F00C74D12.d.19414F99EC22BC79183285DEC5D058C2.e.8596"},"getNumber",[]]}
RESULT: {"script":"<script> [6424 bytes]","args":[{"element-6066-11e4-a52e-4f735466cecf":"f.65165B09D34A62F43149F94F00C74D12.d.19414F99EC22BC79183285DEC5D058C2.e.8596"},"getNumber",[]]}
COMMAND: DELETE /session/92c8a4308f789fc799e99033afc54cf4 - {}
RESULT: {}
]]></system-out>
    </testcase>
  </testsuite>
</testsuites>