<?xml version="1.0" encoding="UTF-8"?>
<testsuites tests="11" failures="0" errors="0" skipped="0">
  <testsuite timestamp="2025-04-22T17:28:57" time="1470.378" tests="11" failures="0" errors="0" skipped="0">
    <properties>
      <property name="specId" value="0"/>
      <property name="suiteName" value="Partner specific tests US150819 US151080 US151654 US151176 US103444 US151078 US151079 US151109 US151174 US151175 US151189"/>
      <property name="capabilities" value="chrome.135_0_7049_42.windows"/>
      <property name="file" value="file:///D:/a/1/s/test/specs/BTS/manage-partners.spec.js"/>
    </properties>
    <testcase classname="chrome.135_0_7049_42.windows.Partner_specific_tests_US150819_US151080_US151654_US151176_US103444_US151078_US151079_US151109_US151174_US151175_US151189" name="Should create a new yard prerequisite" time="131.435">
      <system-out><![CDATA[
COMMAND: POST /session/cdd2d6a6ff4e4121354b0ded879e8cf3/window/fullscreen - {}
RESULT: {}
COMMAND: POST /session/cdd2d6a6ff4e4121354b0ded879e8cf3/element - {"using":"xpath","value":"//li[.//span[text()=\"Manage Partners\"]]"}
RESULT: {"using":"xpath","value":"//li[.//span[text()=\"Manage Partners\"]]"}
COMMAND: POST /session/cdd2d6a6ff4e4121354b0ded879e8cf3/element - {"using":"xpath","value":"//li[.//span[text()=\"Manage Partners\"]]"}
RESULT: {"using":"xpath","value":"//li[.//span[text()=\"Manage Partners\"]]"}
COMMAND: POST /session/cdd2d6a6ff4e4121354b0ded879e8cf3/element - {"using":"css selector","value":"#shell-header-logo"}
RESULT: {"using":"css selector","value":"#shell-header-logo"}
COMMAND: POST /session/cdd2d6a6ff4e4121354b0ded879e8cf3/element/f.3354A31769E1E4013F80CDE1D39C4690.d.C86AB51FC49E6A3A1C3044C03A204056.e.257/click - {}
COMMAND: POST /session/cdd2d6a6ff4e4121354b0ded879e8cf3/execute/sync - {"script":"<script> [8489 bytes]","args":[{"element-6066-11e4-a52e-4f735466cecf":"f.3354A31769E1E4013F80CDE1D39C4690.d.C86AB51FC49E6A3A1C3044C03A204056.e.257","ELEMENT":"f.3354A31769E1E4013F80CDE1D39C4690.d.C86AB51FC49E6A3A1C3044C03A204056.e.257"}]}
RESULT: {}
COMMAND: GET /session/cdd2d6a6ff4e4121354b0ded879e8cf3/screenshot - {}
RESULT: {"script":"<script> [8489 bytes]","args":[{"element-6066-11e4-a52e-4f735466cecf":"f.3354A31769E1E4013F80CDE1D39C4690.d.C86AB51FC49E6A3A1C3044C03A204056.e.257","ELEMENT":"f.3354A31769E1E4013F80CDE1D39C4690.d.C86AB51FC49E6A3A1C3044C03A204056.e.257"}]}
COMMAND: POST /session/cdd2d6a6ff4e4121354b0ded879e8cf3/execute/sync - {"script":"<script> [5351 bytes]","args":[{"element-6066-11e4-a52e-4f735466cecf":"f.3354A31769E1E4013F80CDE1D39C4690.d.C86AB51FC49E6A3A1C3044C03A204056.e.257","ELEMENT":"f.3354A31769E1E4013F80CDE1D39C4690.d.C86AB51FC49E6A3A1C3044C03A204056.e.257"}]}
COMMAND: GET /session/cdd2d6a6ff4e4121354b0ded879e8cf3/screenshot - {}
RESULT: {}
RESULT: {"script":"<script> [5351 bytes]","args":[{"element-6066-11e4-a52e-4f735466cecf":"f.3354A31769E1E4013F80CDE1D39C4690.d.C86AB51FC49E6A3A1C3044C03A204056.e.257","ELEMENT":"f.3354A31769E1E4013F80CDE1D39C4690.d.C86AB51FC49E6A3A1C3044C03A204056.e.257"}]}
COMMAND: GET /session/cdd2d6a6ff4e4121354b0ded879e8cf3/screenshot - {}
RESULT: {}
RESULT: {}
COMMAND: POST /session/cdd2d6a6ff4e4121354b0ded879e8cf3/execute/async - {"script":"<script> [1562 bytes]","args":[{"selector":{"controlType":"sap.m.GenericTile","properties":{"header":"Manage Yards"}},"wdio_ui5_key":"sapm.GenericTile{\"header\":\"Manage Yards\"}"}]}
RESULT: {"script":"<script> [1562 bytes]","args":[{"selector":{"controlType":"sap.m.GenericTile","properties":{"header":"Manage Yards"}},"wdio_ui5_key":"sapm.GenericTile{\"header\":\"Manage Yards\"}"}]}
RESULT: undefined
COMMAND: POST /session/cdd2d6a6ff4e4121354b0ded879e8cf3/element - {"using":"xpath","value":"//*[@id=\"__tile41\"]"}
RESULT: {"using":"xpath","value":"//*[@id=\"__tile41\"]"}
COMMAND: POST /session/cdd2d6a6ff4e4121354b0ded879e8cf3/element/f.3354A31769E1E4013F80CDE1D39C4690.d.C86AB51FC49E6A3A1C3044C03A204056.e.153/click - {}
RESULT: {}
COMMAND: POST /session/cdd2d6a6ff4e4121354b0ded879e8cf3/element - {"using":"xpath","value":"//button[@data-kt=\"addNewYardOverflowToolbarButton\"]"}
COMMAND: GET /session/cdd2d6a6ff4e4121354b0ded879e8cf3/screenshot - {}
RESULT: {"using":"xpath","value":"//button[@data-kt=\"addNewYardOverflowToolbarButton\"]"}
COMMAND: POST /session/cdd2d6a6ff4e4121354b0ded879e8cf3/elements - {"using":"xpath","value":"//button[@data-kt=\"addNewYardOverflowToolbarButton\"]"}
RESULT: {}
RESULT: {"using":"xpath","value":"//button[@data-kt=\"addNewYardOverflowToolbarButton\"]"}
COMMAND: POST /session/cdd2d6a6ff4e4121354b0ded879e8cf3/elements - {"using":"xpath","value":"//button[@data-kt=\"addNewYardOverflowToolbarButton\"]"}
RESULT: {"using":"xpath","value":"//button[@data-kt=\"addNewYardOverflowToolbarButton\"]"}
COMMAND: POST /session/cdd2d6a6ff4e4121354b0ded879e8cf3/elements - {"using":"xpath","value":"//button[@data-kt=\"addNewYardOverflowToolbarButton\"]"}
RESULT: {"using":"xpath","value":"//button[@data-kt=\"addNewYardOverflowToolbarButton\"]"}
COMMAND: POST /session/cdd2d6a6ff4e4121354b0ded879e8cf3/elements - {"using":"xpath","value":"//button[@data-kt=\"addNewYardOverflowToolbarButton\"]"}
RESULT: {"using":"xpath","value":"//button[@data-kt=\"addNewYardOverflowToolbarButton\"]"}
COMMAND: POST /session/cdd2d6a6ff4e4121354b0ded879e8cf3/elements - {"using":"xpath","value":"//button[@data-kt=\"addNewYardOverflowToolbarButton\"]"}
RESULT: {"using":"xpath","value":"//button[@data-kt=\"addNewYardOverflowToolbarButton\"]"}
COMMAND: POST /session/cdd2d6a6ff4e4121354b0ded879e8cf3/elements - {"using":"xpath","value":"//button[@data-kt=\"addNewYardOverflowToolbarButton\"]"}
RESULT: {"using":"xpath","value":"//button[@data-kt=\"addNewYardOverflowToolbarButton\"]"}
COMMAND: POST /session/cdd2d6a6ff4e4121354b0ded879e8cf3/elements - {"using":"xpath","value":"//button[@data-kt=\"addNewYardOverflowToolbarButton\"]"}
RESULT: {"using":"xpath","value":"//button[@data-kt=\"addNewYardOverflowToolbarButton\"]"}
COMMAND: POST /session/cdd2d6a6ff4e4121354b0ded879e8cf3/elements - {"using":"xpath","value":"//button[@data-kt=\"addNewYardOverflowToolbarButton\"]"}
RESULT: {"using":"xpath","value":"//button[@data-kt=\"addNewYardOverflowToolbarButton\"]"}
COMMAND: POST /session/cdd2d6a6ff4e4121354b0ded879e8cf3/elements - {"using":"xpath","value":"//button[@data-kt=\"addNewYardOverflowToolbarButton\"]"}
RESULT: {"using":"xpath","value":"//button[@data-kt=\"addNewYardOverflowToolbarButton\"]"}
COMMAND: POST /session/cdd2d6a6ff4e4121354b0ded879e8cf3/elements - {"using":"xpath","value":"//button[@data-kt=\"addNewYardOverflowToolbarButton\"]"}
RESULT: {"using":"xpath","value":"//button[@data-kt=\"addNewYardOverflowToolbarButton\"]"}
COMMAND: POST /session/cdd2d6a6ff4e4121354b0ded879e8cf3/elements - {"using":"xpath","value":"//button[@data-kt=\"addNewYardOverflowToolbarButton\"]"}
RESULT: {"using":"xpath","value":"//button[@data-kt=\"addNewYardOverflowToolbarButton\"]"}
COMMAND: POST /session/cdd2d6a6ff4e4121354b0ded879e8cf3/elements - {"using":"xpath","value":"//button[@data-kt=\"addNewYardOverflowToolbarButton\"]"}
RESULT: {"using":"xpath","value":"//button[@data-kt=\"addNewYardOverflowToolbarButton\"]"}
COMMAND: POST /session/cdd2d6a6ff4e4121354b0ded879e8cf3/elements - {"using":"xpath","value":"//button[@data-kt=\"addNewYardOverflowToolbarButton\"]"}
RESULT: {"using":"xpath","value":"//button[@data-kt=\"addNewYardOverflowToolbarButton\"]"}
COMMAND: POST /session/cdd2d6a6ff4e4121354b0ded879e8cf3/elements - {"using":"xpath","value":"//button[@data-kt=\"addNewYardOverflowToolbarButton\"]"}
RESULT: {"using":"xpath","value":"//button[@data-kt=\"addNewYardOverflowToolbarButton\"]"}
COMMAND: POST /session/cdd2d6a6ff4e4121354b0ded879e8cf3/elements - {"using":"xpath","value":"//button[@data-kt=\"addNewYardOverflowToolbarButton\"]"}
RESULT: {"using":"xpath","value":"//button[@data-kt=\"addNewYardOverflowToolbarButton\"]"}
COMMAND: POST /session/cdd2d6a6ff4e4121354b0ded879e8cf3/elements - {"using":"xpath","value":"//button[@data-kt=\"addNewYardOverflowToolbarButton\"]"}
RESULT: {"using":"xpath","value":"//button[@data-kt=\"addNewYardOverflowToolbarButton\"]"}
COMMAND: POST /session/cdd2d6a6ff4e4121354b0ded879e8cf3/elements - {"using":"xpath","value":"//button[@data-kt=\"addNewYardOverflowToolbarButton\"]"}
RESULT: {"using":"xpath","value":"//button[@data-kt=\"addNewYardOverflowToolbarButton\"]"}
COMMAND: POST /session/cdd2d6a6ff4e4121354b0ded879e8cf3/elements - {"using":"xpath","value":"//button[@data-kt=\"addNewYardOverflowToolbarButton\"]"}
RESULT: {"using":"xpath","value":"//button[@data-kt=\"addNewYardOverflowToolbarButton\"]"}
COMMAND: POST /session/cdd2d6a6ff4e4121354b0ded879e8cf3/elements - {"using":"xpath","value":"//button[@data-kt=\"addNewYardOverflowToolbarButton\"]"}
RESULT: {"using":"xpath","value":"//button[@data-kt=\"addNewYardOverflowToolbarButton\"]"}
COMMAND: POST /session/cdd2d6a6ff4e4121354b0ded879e8cf3/elements - {"using":"xpath","value":"//button[@data-kt=\"addNewYardOverflowToolbarButton\"]"}
RESULT: {"using":"xpath","value":"//button[@data-kt=\"addNewYardOverflowToolbarButton\"]"}
COMMAND: POST /session/cdd2d6a6ff4e4121354b0ded879e8cf3/elements - {"using":"xpath","value":"//button[@data-kt=\"addNewYardOverflowToolbarButton\"]"}
RESULT: {"using":"xpath","value":"//button[@data-kt=\"addNewYardOverflowToolbarButton\"]"}
COMMAND: POST /session/cdd2d6a6ff4e4121354b0ded879e8cf3/elements - {"using":"xpath","value":"//button[@data-kt=\"addNewYardOverflowToolbarButton\"]"}
RESULT: {"using":"xpath","value":"//button[@data-kt=\"addNewYardOverflowToolbarButton\"]"}
COMMAND: POST /session/cdd2d6a6ff4e4121354b0ded879e8cf3/elements - {"using":"xpath","value":"//button[@data-kt=\"addNewYardOverflowToolbarButton\"]"}
RESULT: {"using":"xpath","value":"//button[@data-kt=\"addNewYardOverflowToolbarButton\"]"}
COMMAND: POST /session/cdd2d6a6ff4e4121354b0ded879e8cf3/elements - {"using":"xpath","value":"//button[@data-kt=\"addNewYardOverflowToolbarButton\"]"}
RESULT: {"using":"xpath","value":"//button[@data-kt=\"addNewYardOverflowToolbarButton\"]"}
COMMAND: POST /session/cdd2d6a6ff4e4121354b0ded879e8cf3/elements - {"using":"xpath","value":"//button[@data-kt=\"addNewYardOverflowToolbarButton\"]"}
RESULT: {"using":"xpath","value":"//button[@data-kt=\"addNewYardOverflowToolbarButton\"]"}
COMMAND: POST /session/cdd2d6a6ff4e4121354b0ded879e8cf3/elements - {"using":"xpath","value":"//button[@data-kt=\"addNewYardOverflowToolbarButton\"]"}
RESULT: {"using":"xpath","value":"//button[@data-kt=\"addNewYardOverflowToolbarButton\"]"}
COMMAND: POST /session/cdd2d6a6ff4e4121354b0ded879e8cf3/elements - {"using":"xpath","value":"//button[@data-kt=\"addNewYardOverflowToolbarButton\"]"}
RESULT: {"using":"xpath","value":"//button[@data-kt=\"addNewYardOverflowToolbarButton\"]"}
COMMAND: POST /session/cdd2d6a6ff4e4121354b0ded879e8cf3/elements - {"using":"xpath","value":"//button[@data-kt=\"addNewYardOverflowToolbarButton\"]"}
RESULT: {"using":"xpath","value":"//button[@data-kt=\"addNewYardOverflowToolbarButton\"]"}
COMMAND: POST /session/cdd2d6a6ff4e4121354b0ded879e8cf3/elements - {"using":"xpath","value":"//button[@data-kt=\"addNewYardOverflowToolbarButton\"]"}
RESULT: {"using":"xpath","value":"//button[@data-kt=\"addNewYardOverflowToolbarButton\"]"}
COMMAND: POST /session/cdd2d6a6ff4e4121354b0ded879e8cf3/elements - {"using":"xpath","value":"//button[@data-kt=\"addNewYardOverflowToolbarButton\"]"}
RESULT: {"using":"xpath","value":"//button[@data-kt=\"addNewYardOverflowToolbarButton\"]"}
COMMAND: POST /session/cdd2d6a6ff4e4121354b0ded879e8cf3/elements - {"using":"xpath","value":"//button[@data-kt=\"addNewYardOverflowToolbarButton\"]"}
RESULT: {"using":"xpath","value":"//button[@data-kt=\"addNewYardOverflowToolbarButton\"]"}
COMMAND: POST /session/cdd2d6a6ff4e4121354b0ded879e8cf3/elements - {"using":"xpath","value":"//button[@data-kt=\"addNewYardOverflowToolbarButton\"]"}
RESULT: {"using":"xpath","value":"//button[@data-kt=\"addNewYardOverflowToolbarButton\"]"}
COMMAND: POST /session/cdd2d6a6ff4e4121354b0ded879e8cf3/elements - {"using":"xpath","value":"//button[@data-kt=\"addNewYardOverflowToolbarButton\"]"}
RESULT: {"using":"xpath","value":"//button[@data-kt=\"addNewYardOverflowToolbarButton\"]"}
COMMAND: POST /session/cdd2d6a6ff4e4121354b0ded879e8cf3/elements - {"using":"xpath","value":"//button[@data-kt=\"addNewYardOverflowToolbarButton\"]"}
RESULT: {"using":"xpath","value":"//button[@data-kt=\"addNewYardOverflowToolbarButton\"]"}
COMMAND: POST /session/cdd2d6a6ff4e4121354b0ded879e8cf3/elements - {"using":"xpath","value":"//button[@data-kt=\"addNewYardOverflowToolbarButton\"]"}
RESULT: {"using":"xpath","value":"//button[@data-kt=\"addNewYardOverflowToolbarButton\"]"}
COMMAND: POST /session/cdd2d6a6ff4e4121354b0ded879e8cf3/elements - {"using":"xpath","value":"//button[@data-kt=\"addNewYardOverflowToolbarButton\"]"}
RESULT: {"using":"xpath","value":"//button[@data-kt=\"addNewYardOverflowToolbarButton\"]"}
COMMAND: POST /session/cdd2d6a6ff4e4121354b0ded879e8cf3/elements - {"using":"xpath","value":"//button[@data-kt=\"addNewYardOverflowToolbarButton\"]"}
RESULT: {"using":"xpath","value":"//button[@data-kt=\"addNewYardOverflowToolbarButton\"]"}
COMMAND: POST /session/cdd2d6a6ff4e4121354b0ded879e8cf3/elements - {"using":"xpath","value":"//button[@data-kt=\"addNewYardOverflowToolbarButton\"]"}
RESULT: {"using":"xpath","value":"//button[@data-kt=\"addNewYardOverflowToolbarButton\"]"}
COMMAND: POST /session/cdd2d6a6ff4e4121354b0ded879e8cf3/elements - {"using":"xpath","value":"//button[@data-kt=\"addNewYardOverflowToolbarButton\"]"}
RESULT: {"using":"xpath","value":"//button[@data-kt=\"addNewYardOverflowToolbarButton\"]"}
COMMAND: POST /session/cdd2d6a6ff4e4121354b0ded879e8cf3/elements - {"using":"xpath","value":"//button[@data-kt=\"addNewYardOverflowToolbarButton\"]"}
RESULT: {"using":"xpath","value":"//button[@data-kt=\"addNewYardOverflowToolbarButton\"]"}
COMMAND: POST /session/cdd2d6a6ff4e4121354b0ded879e8cf3/elements - {"using":"xpath","value":"//button[@data-kt=\"addNewYardOverflowToolbarButton\"]"}
RESULT: {"using":"xpath","value":"//button[@data-kt=\"addNewYardOverflowToolbarButton\"]"}
COMMAND: POST /session/cdd2d6a6ff4e4121354b0ded879e8cf3/elements - {"using":"xpath","value":"//button[@data-kt=\"addNewYardOverflowToolbarButton\"]"}
RESULT: {"using":"xpath","value":"//button[@data-kt=\"addNewYardOverflowToolbarButton\"]"}
COMMAND: POST /session/cdd2d6a6ff4e4121354b0ded879e8cf3/elements - {"using":"xpath","value":"//button[@data-kt=\"addNewYardOverflowToolbarButton\"]"}
RESULT: {"using":"xpath","value":"//button[@data-kt=\"addNewYardOverflowToolbarButton\"]"}
COMMAND: POST /session/cdd2d6a6ff4e4121354b0ded879e8cf3/elements - {"using":"xpath","value":"//button[@data-kt=\"addNewYardOverflowToolbarButton\"]"}
RESULT: {"using":"xpath","value":"//button[@data-kt=\"addNewYardOverflowToolbarButton\"]"}
COMMAND: POST /session/cdd2d6a6ff4e4121354b0ded879e8cf3/elements - {"using":"xpath","value":"//button[@data-kt=\"addNewYardOverflowToolbarButton\"]"}
RESULT: {"using":"xpath","value":"//button[@data-kt=\"addNewYardOverflowToolbarButton\"]"}
COMMAND: POST /session/cdd2d6a6ff4e4121354b0ded879e8cf3/elements - {"using":"xpath","value":"//button[@data-kt=\"addNewYardOverflowToolbarButton\"]"}
RESULT: {"using":"xpath","value":"//button[@data-kt=\"addNewYardOverflowToolbarButton\"]"}
COMMAND: POST /session/cdd2d6a6ff4e4121354b0ded879e8cf3/elements - {"using":"xpath","value":"//button[@data-kt=\"addNewYardOverflowToolbarButton\"]"}
RESULT: {"using":"xpath","value":"//button[@data-kt=\"addNewYardOverflowToolbarButton\"]"}
COMMAND: POST /session/cdd2d6a6ff4e4121354b0ded879e8cf3/element - {"using":"xpath","value":"//button[@data-kt=\"addNewYardOverflowToolbarButton\"]"}
RESULT: {"using":"xpath","value":"//button[@data-kt=\"addNewYardOverflowToolbarButton\"]"}
COMMAND: POST /session/cdd2d6a6ff4e4121354b0ded879e8cf3/execute/sync - {"script":"<script> [8489 bytes]","args":[{"element-6066-11e4-a52e-4f735466cecf":"f.3354A31769E1E4013F80CDE1D39C4690.d.C86AB51FC49E6A3A1C3044C03A204056.e.290","ELEMENT":"f.3354A31769E1E4013F80CDE1D39C4690.d.C86AB51FC49E6A3A1C3044C03A204056.e.290"}]}
RESULT: {"script":"<script> [8489 bytes]","args":[{"element-6066-11e4-a52e-4f735466cecf":"f.3354A31769E1E4013F80CDE1D39C4690.d.C86AB51FC49E6A3A1C3044C03A204056.e.290","ELEMENT":"f.3354A31769E1E4013F80CDE1D39C4690.d.C86AB51FC49E6A3A1C3044C03A204056.e.290"}]}
COMMAND: GET /session/cdd2d6a6ff4e4121354b0ded879e8cf3/element/f.3354A31769E1E4013F80CDE1D39C4690.d.C86AB51FC49E6A3A1C3044C03A204056.e.290/enabled - {}
COMMAND: GET /session/cdd2d6a6ff4e4121354b0ded879e8cf3/screenshot - {}
RESULT: {}
COMMAND: POST /session/cdd2d6a6ff4e4121354b0ded879e8cf3/execute/sync - {"script":"<script> [8489 bytes]","args":[{"element-6066-11e4-a52e-4f735466cecf":"f.3354A31769E1E4013F80CDE1D39C4690.d.C86AB51FC49E6A3A1C3044C03A204056.e.290","ELEMENT":"f.3354A31769E1E4013F80CDE1D39C4690.d.C86AB51FC49E6A3A1C3044C03A204056.e.290"}]}
COMMAND: GET /session/cdd2d6a6ff4e4121354b0ded879e8cf3/screenshot - {}
RESULT: {}
RESULT: {"script":"<script> [8489 bytes]","args":[{"element-6066-11e4-a52e-4f735466cecf":"f.3354A31769E1E4013F80CDE1D39C4690.d.C86AB51FC49E6A3A1C3044C03A204056.e.290","ELEMENT":"f.3354A31769E1E4013F80CDE1D39C4690.d.C86AB51FC49E6A3A1C3044C03A204056.e.290"}]}
COMMAND: POST /session/cdd2d6a6ff4e4121354b0ded879e8cf3/execute/sync - {"script":"<script> [5351 bytes]","args":[{"element-6066-11e4-a52e-4f735466cecf":"f.3354A31769E1E4013F80CDE1D39C4690.d.C86AB51FC49E6A3A1C3044C03A204056.e.290","ELEMENT":"f.3354A31769E1E4013F80CDE1D39C4690.d.C86AB51FC49E6A3A1C3044C03A204056.e.290"}]}
COMMAND: GET /session/cdd2d6a6ff4e4121354b0ded879e8cf3/screenshot - {}
RESULT: {}
RESULT: {"script":"<script> [5351 bytes]","args":[{"element-6066-11e4-a52e-4f735466cecf":"f.3354A31769E1E4013F80CDE1D39C4690.d.C86AB51FC49E6A3A1C3044C03A204056.e.290","ELEMENT":"f.3354A31769E1E4013F80CDE1D39C4690.d.C86AB51FC49E6A3A1C3044C03A204056.e.290"}]}
COMMAND: POST /session/cdd2d6a6ff4e4121354b0ded879e8cf3/element/f.3354A31769E1E4013F80CDE1D39C4690.d.C86AB51FC49E6A3A1C3044C03A204056.e.290/click - {}
COMMAND: GET /session/cdd2d6a6ff4e4121354b0ded879e8cf3/screenshot - {}
RESULT: {}
RESULT: {}
COMMAND: GET /session/cdd2d6a6ff4e4121354b0ded879e8cf3/screenshot - {}
COMMAND: POST /session/cdd2d6a6ff4e4121354b0ded879e8cf3/element - {"using":"xpath","value":"//input[@id=\"application-manageyards-display-component---NewYard--yardId-inner\"]"}
RESULT: {}
RESULT: {}
RESULT: {"using":"xpath","value":"//input[@id=\"application-manageyards-display-component---NewYard--yardId-inner\"]"}
COMMAND: POST /session/cdd2d6a6ff4e4121354b0ded879e8cf3/element - {"using":"xpath","value":"//input[@id=\"application-manageyards-display-component---NewYard--yardId-inner\"]"}
RESULT: {"using":"xpath","value":"//input[@id=\"application-manageyards-display-component---NewYard--yardId-inner\"]"}
COMMAND: POST /session/cdd2d6a6ff4e4121354b0ded879e8cf3/execute/async - {"script":"<script> [1562 bytes]","args":[{"selector":{"id":"application-manageyards-display-component---NewYard--addressDetailDetailsName1","interaction":{"idSuffix":"inner"}},"wdio_ui5_key":"applicationmanageyards-display-component---NewYard--addressDetailDetailsName1"}]}
RESULT: {"script":"<script> [1562 bytes]","args":[{"selector":{"id":"application-manageyards-display-component---NewYard--addressDetailDetailsName1","interaction":{"idSuffix":"inner"}},"wdio_ui5_key":"applicationmanageyards-display-component---NewYard--addressDetailDetailsName1"}]}
RESULT: undefined
COMMAND: POST /session/cdd2d6a6ff4e4121354b0ded879e8cf3/execute/async - {"script":"<script> [776 bytes]","args":[{"enterText":"Intracompany Yard wdIO","selector":{"id":"application-manageyards-display-component---NewYard--addressDetailDetailsName1","interaction":{"idSuffix":"inner"}},"clearTextFirst":true,"interactionType":"ENTER_TEXT"}]}
RESULT: {"script":"<script> [776 bytes]","args":[{"enterText":"Intracompany Yard wdIO","selector":{"id":"application-manageyards-display-component---NewYard--addressDetailDetailsName1","interaction":{"idSuffix":"inner"}},"clearTextFirst":true,"interactionType":"ENTER_TEXT"}]}
COMMAND: POST /session/cdd2d6a6ff4e4121354b0ded879e8cf3/execute/async - {"script":"<script> [1562 bytes]","args":[{"selector":{"id":"application-manageyards-display-component---NewYard--addressDetailDetailsLanguage-arrow"},"wdio_ui5_key":"applicationmanageyards-display-component---NewYard--addressDetailDetailsLanguage-arrow"}]}
RESULT: {"script":"<script> [1562 bytes]","args":[{"selector":{"id":"application-manageyards-display-component---NewYard--addressDetailDetailsLanguage-arrow"},"wdio_ui5_key":"applicationmanageyards-display-component---NewYard--addressDetailDetailsLanguage-arrow"}]}
RESULT: undefined
COMMAND: POST /session/cdd2d6a6ff4e4121354b0ded879e8cf3/element - {"using":"xpath","value":"//*[@id=\"application-manageyards-display-component---NewYard--addressDetailDetailsLanguage-arrow\"]"}
RESULT: {"using":"xpath","value":"//*[@id=\"application-manageyards-display-component---NewYard--addressDetailDetailsLanguage-arrow\"]"}
COMMAND: POST /session/cdd2d6a6ff4e4121354b0ded879e8cf3/element/f.3354A31769E1E4013F80CDE1D39C4690.d.C86AB51FC49E6A3A1C3044C03A204056.e.714/click - {}
RESULT: {}
COMMAND: POST /session/cdd2d6a6ff4e4121354b0ded879e8cf3/element - {"using":"xpath","value":"//span[contains(text(), \"English\")]"}
COMMAND: GET /session/cdd2d6a6ff4e4121354b0ded879e8cf3/screenshot - {}
RESULT: {"using":"xpath","value":"//span[contains(text(), \"English\")]"}
COMMAND: POST /session/cdd2d6a6ff4e4121354b0ded879e8cf3/element/f.3354A31769E1E4013F80CDE1D39C4690.d.C86AB51FC49E6A3A1C3044C03A204056.e.715/click - {}
RESULT: {}
RESULT: {}
COMMAND: POST /session/cdd2d6a6ff4e4121354b0ded879e8cf3/execute/async - {"script":"<script> [1562 bytes]","args":[{"selector":{"id":"application-manageyards-display-component---NewYard--addressDetailDetailsCity1","interaction":{"idSuffix":"inner"}},"wdio_ui5_key":"applicationmanageyards-display-component---NewYard--addressDetailDetailsCity1"}]}
COMMAND: GET /session/cdd2d6a6ff4e4121354b0ded879e8cf3/screenshot - {}
RESULT: {"script":"<script> [1562 bytes]","args":[{"selector":{"id":"application-manageyards-display-component---NewYard--addressDetailDetailsCity1","interaction":{"idSuffix":"inner"}},"wdio_ui5_key":"applicationmanageyards-display-component---NewYard--addressDetailDetailsCity1"}]}
RESULT: undefined
COMMAND: POST /session/cdd2d6a6ff4e4121354b0ded879e8cf3/execute/async - {"script":"<script> [776 bytes]","args":[{"enterText":"Rosario","selector":{"id":"application-manageyards-display-component---NewYard--addressDetailDetailsCity1","interaction":{"idSuffix":"inner"}},"clearTextFirst":true,"interactionType":"ENTER_TEXT"}]}
RESULT: {}
RESULT: {"script":"<script> [776 bytes]","args":[{"enterText":"Rosario","selector":{"id":"application-manageyards-display-component---NewYard--addressDetailDetailsCity1","interaction":{"idSuffix":"inner"}},"clearTextFirst":true,"interactionType":"ENTER_TEXT"}]}
COMMAND: POST /session/cdd2d6a6ff4e4121354b0ded879e8cf3/execute/async - {"script":"<script> [1562 bytes]","args":[{"selector":{"id":"application-manageyards-display-component---NewYard--addressDetailDetailsCountry-arrow"},"wdio_ui5_key":"applicationmanageyards-display-component---NewYard--addressDetailDetailsCountry-arrow"}]}
RESULT: {"script":"<script> [1562 bytes]","args":[{"selector":{"id":"application-manageyards-display-component---NewYard--addressDetailDetailsCountry-arrow"},"wdio_ui5_key":"applicationmanageyards-display-component---NewYard--addressDetailDetailsCountry-arrow"}]}
RESULT: undefined
COMMAND: POST /session/cdd2d6a6ff4e4121354b0ded879e8cf3/element - {"using":"xpath","value":"//*[@id=\"application-manageyards-display-component---NewYard--addressDetailDetailsCountry-arrow\"]"}
RESULT: {"using":"xpath","value":"//*[@id=\"application-manageyards-display-component---NewYard--addressDetailDetailsCountry-arrow\"]"}
COMMAND: POST /session/cdd2d6a6ff4e4121354b0ded879e8cf3/element/f.3354A31769E1E4013F80CDE1D39C4690.d.C86AB51FC49E6A3A1C3044C03A204056.e.717/click - {}
RESULT: {}
COMMAND: POST /session/cdd2d6a6ff4e4121354b0ded879e8cf3/element - {"using":"xpath","value":"//span[contains(text(), \"Argentina\")]"}
COMMAND: GET /session/cdd2d6a6ff4e4121354b0ded879e8cf3/screenshot - {}
RESULT: {"using":"xpath","value":"//span[contains(text(), \"Argentina\")]"}
COMMAND: POST /session/cdd2d6a6ff4e4121354b0ded879e8cf3/element/f.3354A31769E1E4013F80CDE1D39C4690.d.C86AB51FC49E6A3A1C3044C03A204056.e.718/click - {}
RESULT: {}
RESULT: {}
COMMAND: POST /session/cdd2d6a6ff4e4121354b0ded879e8cf3/execute/async - {"script":"<script> [1562 bytes]","args":[{"selector":{"id":"application-manageyards-display-component---NewYard--addressEditDetailsCostObjectCstType-arrow"},"wdio_ui5_key":"applicationmanageyards-display-component---NewYard--addressEditDetailsCostObjectCstType-arrow"}]}
COMMAND: GET /session/cdd2d6a6ff4e4121354b0ded879e8cf3/screenshot - {}
RESULT: {"script":"<script> [1562 bytes]","args":[{"selector":{"id":"application-manageyards-display-component---NewYard--addressEditDetailsCostObjectCstType-arrow"},"wdio_ui5_key":"applicationmanageyards-display-component---NewYard--addressEditDetailsCostObjectCstType-arrow"}]}
RESULT: undefined
COMMAND: POST /session/cdd2d6a6ff4e4121354b0ded879e8cf3/element - {"using":"xpath","value":"//*[@id=\"application-manageyards-display-component---NewYard--addressEditDetailsCostObjectCstType-arrow\"]"}
RESULT: {}
RESULT: {"using":"xpath","value":"//*[@id=\"application-manageyards-display-component---NewYard--addressEditDetailsCostObjectCstType-arrow\"]"}
COMMAND: POST /session/cdd2d6a6ff4e4121354b0ded879e8cf3/element/f.3354A31769E1E4013F80CDE1D39C4690.d.C86AB51FC49E6A3A1C3044C03A204056.e.720/click - {}
RESULT: {}
COMMAND: POST /session/cdd2d6a6ff4e4121354b0ded879e8cf3/element - {"using":"xpath","value":"//span[contains(text(), \"Cost Center\")]"}
COMMAND: GET /session/cdd2d6a6ff4e4121354b0ded879e8cf3/screenshot - {}
RESULT: {"using":"xpath","value":"//span[contains(text(), \"Cost Center\")]"}
COMMAND: POST /session/cdd2d6a6ff4e4121354b0ded879e8cf3/element/f.3354A31769E1E4013F80CDE1D39C4690.d.C86AB51FC49E6A3A1C3044C03A204056.e.721/click - {}
RESULT: {}
RESULT: {}
COMMAND: GET /session/cdd2d6a6ff4e4121354b0ded879e8cf3/screenshot - {}
RESULT: {}
COMMAND: POST /session/cdd2d6a6ff4e4121354b0ded879e8cf3/element - {"using":"xpath","value":"//span[@id=\"application-manageyards-display-component---NewYard--addressNewCostObjectCstID-vhi\"]"}
RESULT: {"using":"xpath","value":"//span[@id=\"application-manageyards-display-component---NewYard--addressNewCostObjectCstID-vhi\"]"}
COMMAND: POST /session/cdd2d6a6ff4e4121354b0ded879e8cf3/execute/sync - {"script":"<script> [8489 bytes]","args":[{"element-6066-11e4-a52e-4f735466cecf":"f.3354A31769E1E4013F80CDE1D39C4690.d.C86AB51FC49E6A3A1C3044C03A204056.e.724","ELEMENT":"f.3354A31769E1E4013F80CDE1D39C4690.d.C86AB51FC49E6A3A1C3044C03A204056.e.724"}]}
RESULT: {"script":"<script> [8489 bytes]","args":[{"element-6066-11e4-a52e-4f735466cecf":"f.3354A31769E1E4013F80CDE1D39C4690.d.C86AB51FC49E6A3A1C3044C03A204056.e.724","ELEMENT":"f.3354A31769E1E4013F80CDE1D39C4690.d.C86AB51FC49E6A3A1C3044C03A204056.e.724"}]}
COMMAND: POST /session/cdd2d6a6ff4e4121354b0ded879e8cf3/execute/async - {"script":"<script> [1562 bytes]","args":[{"selector":{"id":"application-manageyards-display-component---NewYard--addressNewCostObjectCstID-vhi"},"wdio_ui5_key":"applicationmanageyards-display-component---NewYard--addressNewCostObjectCstID-vhi"}]}
COMMAND: GET /session/cdd2d6a6ff4e4121354b0ded879e8cf3/screenshot - {}
RESULT: {"script":"<script> [1562 bytes]","args":[{"selector":{"id":"application-manageyards-display-component---NewYard--addressNewCostObjectCstID-vhi"},"wdio_ui5_key":"applicationmanageyards-display-component---NewYard--addressNewCostObjectCstID-vhi"}]}
RESULT: undefined
COMMAND: POST /session/cdd2d6a6ff4e4121354b0ded879e8cf3/element - {"using":"xpath","value":"//*[@id=\"application-manageyards-display-component---NewYard--addressNewCostObjectCstID-vhi\"]"}
RESULT: {}
RESULT: {"using":"xpath","value":"//*[@id=\"application-manageyards-display-component---NewYard--addressNewCostObjectCstID-vhi\"]"}
COMMAND: POST /session/cdd2d6a6ff4e4121354b0ded879e8cf3/element/f.3354A31769E1E4013F80CDE1D39C4690.d.C86AB51FC49E6A3A1C3044C03A204056.e.724/click - {}
RESULT: {}
COMMAND: GET /session/cdd2d6a6ff4e4121354b0ded879e8cf3/screenshot - {}
RESULT: {}
COMMAND: POST /session/cdd2d6a6ff4e4121354b0ded879e8cf3/execute/async - {"script":"<script> [1562 bytes]","args":[{"selector":{"controlType":"sap.m.SearchField","properties":{"placeholder":"Search"},"searchOpenDialogs":true,"interaction":{"idSuffix":"I"}},"wdio_ui5_key":"sapm.SearchField{\"placeholder\":\"Search\"}"}]}
RESULT: {"script":"<script> [1562 bytes]","args":[{"selector":{"controlType":"sap.m.SearchField","properties":{"placeholder":"Search"},"searchOpenDialogs":true,"interaction":{"idSuffix":"I"}},"wdio_ui5_key":"sapm.SearchField{\"placeholder\":\"Search\"}"}]}
RESULT: undefined
COMMAND: POST /session/cdd2d6a6ff4e4121354b0ded879e8cf3/execute/async - {"script":"<script> [776 bytes]","args":[{"enterText":"10001013","selector":{"controlType":"sap.m.SearchField","properties":{"placeholder":"Search"},"searchOpenDialogs":true,"interaction":{"idSuffix":"I"}},"clearTextFirst":true,"interactionType":"ENTER_TEXT"}]}
RESULT: {"script":"<script> [776 bytes]","args":[{"enterText":"10001013","selector":{"controlType":"sap.m.SearchField","properties":{"placeholder":"Search"},"searchOpenDialogs":true,"interaction":{"idSuffix":"I"}},"clearTextFirst":true,"interactionType":"ENTER_TEXT"}]}
COMMAND: POST /session/cdd2d6a6ff4e4121354b0ded879e8cf3/actions - {"actions":[{"id":"action1","type":"key","parameters":{},"actions":[{"type":"keyDown","value":""},{"type":"pause","duration":10},{"type":"keyUp","value":""}]}]}
RESULT: {"actions":[{"id":"action1","type":"key","parameters":{},"actions":[{"type":"keyDown","value":""},{"type":"pause","duration":10},{"type":"keyUp","value":""}]}]}
COMMAND: GET /session/cdd2d6a6ff4e4121354b0ded879e8cf3/screenshot - {}
RESULT: {}
COMMAND: POST /session/cdd2d6a6ff4e4121354b0ded879e8cf3/element - {"using":"xpath","value":"//span[contains(text(), \"General Management\")]"}
RESULT: {"using":"xpath","value":"//span[contains(text(), \"General Management\")]"}
COMMAND: POST /session/cdd2d6a6ff4e4121354b0ded879e8cf3/element/f.3354A31769E1E4013F80CDE1D39C4690.d.C86AB51FC49E6A3A1C3044C03A204056.e.765/click - {}
RESULT: {}
COMMAND: GET /session/cdd2d6a6ff4e4121354b0ded879e8cf3/screenshot - {}
RESULT: {}
COMMAND: POST /session/cdd2d6a6ff4e4121354b0ded879e8cf3/element - {"using":"xpath","value":"//bdi[contains(text(), \"OK\")]"}
RESULT: {"using":"xpath","value":"//bdi[contains(text(), \"OK\")]"}
COMMAND: POST /session/cdd2d6a6ff4e4121354b0ded879e8cf3/element/f.3354A31769E1E4013F80CDE1D39C4690.d.C86AB51FC49E6A3A1C3044C03A204056.e.766/click - {}
RESULT: {}
COMMAND: GET /session/cdd2d6a6ff4e4121354b0ded879e8cf3/screenshot - {}
RESULT: {}
COMMAND: POST /session/cdd2d6a6ff4e4121354b0ded879e8cf3/execute/async - {"script":"<script> [1562 bytes]","args":[{"selector":{"id":"application-manageyards-display-component---NewYard--addressEditDetailsCurrency-arrow"},"wdio_ui5_key":"applicationmanageyards-display-component---NewYard--addressEditDetailsCurrency-arrow"}]}
RESULT: {"script":"<script> [1562 bytes]","args":[{"selector":{"id":"application-manageyards-display-component---NewYard--addressEditDetailsCurrency-arrow"},"wdio_ui5_key":"applicationmanageyards-display-component---NewYard--addressEditDetailsCurrency-arrow"}]}
RESULT: undefined
COMMAND: POST /session/cdd2d6a6ff4e4121354b0ded879e8cf3/element - {"using":"xpath","value":"//*[@id=\"application-manageyards-display-component---NewYard--addressEditDetailsCurrency-arrow\"]"}
RESULT: {"using":"xpath","value":"//*[@id=\"application-manageyards-display-component---NewYard--addressEditDetailsCurrency-arrow\"]"}
COMMAND: POST /session/cdd2d6a6ff4e4121354b0ded879e8cf3/element/f.3354A31769E1E4013F80CDE1D39C4690.d.C86AB51FC49E6A3A1C3044C03A204056.e.769/click - {}
RESULT: {}
COMMAND: POST /session/cdd2d6a6ff4e4121354b0ded879e8cf3/element - {"using":"xpath","value":"//span[contains(text(), \"Euro\")]"}
COMMAND: GET /session/cdd2d6a6ff4e4121354b0ded879e8cf3/screenshot - {}
RESULT: {"using":"xpath","value":"//span[contains(text(), \"Euro\")]"}
COMMAND: POST /session/cdd2d6a6ff4e4121354b0ded879e8cf3/element/f.3354A31769E1E4013F80CDE1D39C4690.d.C86AB51FC49E6A3A1C3044C03A204056.e.770/click - {}
RESULT: {}
RESULT: {}
COMMAND: POST /session/cdd2d6a6ff4e4121354b0ded879e8cf3/execute/async - {"script":"<script> [1562 bytes]","args":[{"selector":{"controlType":"sap.m.Input","viewName":"etm.portal.ui.manageyards.view.New","viewId":"application-manageyards-display-component---NewYard","bindingPath":{"path":"","propertyPath":"/CONTROLLING_AREA","modelName":"NewYardModel"},"interaction":{"idSuffix":"inner"}},"wdio_ui5_key":"etmportal.ui.manageyards.view.Newsap.m.Input{\"path\":\"\",\"propertyPath\":\"/CONTROLLING_AREA\",\"modelName\":\"NewYardModel\"}"}]}
COMMAND: GET /session/cdd2d6a6ff4e4121354b0ded879e8cf3/screenshot - {}
RESULT: {"script":"<script> [1562 bytes]","args":[{"selector":{"controlType":"sap.m.Input","viewName":"etm.portal.ui.manageyards.view.New","viewId":"application-manageyards-display-component---NewYard","bindingPath":{"path":"","propertyPath":"/CONTROLLING_AREA","modelName":"NewYardModel"},"interaction":{"idSuffix":"inner"}},"wdio_ui5_key":"etmportal.ui.manageyards.view.Newsap.m.Input{\"path\":\"\",\"propertyPath\":\"/CONTROLLING_AREA\",\"modelName\":\"NewYardModel\"}"}]}
RESULT: undefined
COMMAND: POST /session/cdd2d6a6ff4e4121354b0ded879e8cf3/execute/async - {"script":"<script> [776 bytes]","args":[{"enterText":"Z001","selector":{"controlType":"sap.m.Input","viewName":"etm.portal.ui.manageyards.view.New","viewId":"application-manageyards-display-component---NewYard","bindingPath":{"path":"","propertyPath":"/CONTROLLING_AREA","modelName":"NewYardModel"},"interaction":{"idSuffix":"inner"}},"clearTextFirst":true,"interactionType":"ENTER_TEXT"}]}
RESULT: {}
RESULT: {"script":"<script> [776 bytes]","args":[{"enterText":"Z001","selector":{"controlType":"sap.m.Input","viewName":"etm.portal.ui.manageyards.view.New","viewId":"application-manageyards-display-component---NewYard","bindingPath":{"path":"","propertyPath":"/CONTROLLING_AREA","modelName":"NewYardModel"},"interaction":{"idSuffix":"inner"}},"clearTextFirst":true,"interactionType":"ENTER_TEXT"}]}
COMMAND: POST /session/cdd2d6a6ff4e4121354b0ded879e8cf3/execute/async - {"script":"<script> [1562 bytes]","args":[{"selector":{"id":"application-manageyards-display-component---NewYard--companyCodeComboBox","interaction":{"idSuffix":"inner"}},"wdio_ui5_key":"applicationmanageyards-display-component---NewYard--companyCodeComboBox"}]}
RESULT: {"script":"<script> [1562 bytes]","args":[{"selector":{"id":"application-manageyards-display-component---NewYard--companyCodeComboBox","interaction":{"idSuffix":"inner"}},"wdio_ui5_key":"applicationmanageyards-display-component---NewYard--companyCodeComboBox"}]}
RESULT: undefined
COMMAND: POST /session/cdd2d6a6ff4e4121354b0ded879e8cf3/execute/async - {"script":"<script> [776 bytes]","args":[{"enterText":"1000","selector":{"id":"application-manageyards-display-component---NewYard--companyCodeComboBox","interaction":{"idSuffix":"inner"}},"clearTextFirst":true,"interactionType":"ENTER_TEXT"}]}
RESULT: {"script":"<script> [776 bytes]","args":[{"enterText":"1000","selector":{"id":"application-manageyards-display-component---NewYard--companyCodeComboBox","interaction":{"idSuffix":"inner"}},"clearTextFirst":true,"interactionType":"ENTER_TEXT"}]}
COMMAND: POST /session/cdd2d6a6ff4e4121354b0ded879e8cf3/execute/async - {"script":"<script> [1562 bytes]","args":[{"selector":{"controlType":"sap.m.Input","viewName":"etm.portal.ui.manageyards.view.New","viewId":"application-manageyards-display-component---NewYard","bindingPath":{"path":"","propertyPath":"/PLANT","modelName":"NewYardModel"},"interaction":{"idSuffix":"inner"}},"wdio_ui5_key":"etmportal.ui.manageyards.view.Newsap.m.Input{\"path\":\"\",\"propertyPath\":\"/PLANT\",\"modelName\":\"NewYardModel\"}"}]}
RESULT: {"script":"<script> [1562 bytes]","args":[{"selector":{"controlType":"sap.m.Input","viewName":"etm.portal.ui.manageyards.view.New","viewId":"application-manageyards-display-component---NewYard","bindingPath":{"path":"","propertyPath":"/PLANT","modelName":"NewYardModel"},"interaction":{"idSuffix":"inner"}},"wdio_ui5_key":"etmportal.ui.manageyards.view.Newsap.m.Input{\"path\":\"\",\"propertyPath\":\"/PLANT\",\"modelName\":\"NewYardModel\"}"}]}
RESULT: undefined
COMMAND: POST /session/cdd2d6a6ff4e4121354b0ded879e8cf3/execute/async - {"script":"<script> [776 bytes]","args":[{"enterText":"1001","selector":{"controlType":"sap.m.Input","viewName":"etm.portal.ui.manageyards.view.New","viewId":"application-manageyards-display-component---NewYard","bindingPath":{"path":"","propertyPath":"/PLANT","modelName":"NewYardModel"},"interaction":{"idSuffix":"inner"}},"clearTextFirst":true,"interactionType":"ENTER_TEXT"}]}
RESULT: {"script":"<script> [776 bytes]","args":[{"enterText":"1001","selector":{"controlType":"sap.m.Input","viewName":"etm.portal.ui.manageyards.view.New","viewId":"application-manageyards-display-component---NewYard","bindingPath":{"path":"","propertyPath":"/PLANT","modelName":"NewYardModel"},"interaction":{"idSuffix":"inner"}},"clearTextFirst":true,"interactionType":"ENTER_TEXT"}]}
COMMAND: POST /session/cdd2d6a6ff4e4121354b0ded879e8cf3/execute/async - {"script":"<script> [1562 bytes]","args":[{"selector":{"controlType":"sap.m.Input","viewName":"etm.portal.ui.manageyards.view.New","viewId":"application-manageyards-display-component---NewYard","bindingPath":{"path":"","propertyPath":"/SALES_AREA_VKORG","modelName":"NewYardModel"},"interaction":{"idSuffix":"inner"}},"wdio_ui5_key":"etmportal.ui.manageyards.view.Newsap.m.Input{\"path\":\"\",\"propertyPath\":\"/SALES_AREA_VKORG\",\"modelName\":\"NewYardModel\"}"}]}
RESULT: {"script":"<script> [1562 bytes]","args":[{"selector":{"controlType":"sap.m.Input","viewName":"etm.portal.ui.manageyards.view.New","viewId":"application-manageyards-display-component---NewYard","bindingPath":{"path":"","propertyPath":"/SALES_AREA_VKORG","modelName":"NewYardModel"},"interaction":{"idSuffix":"inner"}},"wdio_ui5_key":"etmportal.ui.manageyards.view.Newsap.m.Input{\"path\":\"\",\"propertyPath\":\"/SALES_AREA_VKORG\",\"modelName\":\"NewYardModel\"}"}]}
RESULT: undefined
COMMAND: POST /session/cdd2d6a6ff4e4121354b0ded879e8cf3/execute/async - {"script":"<script> [776 bytes]","args":[{"enterText":"C002","selector":{"controlType":"sap.m.Input","viewName":"etm.portal.ui.manageyards.view.New","viewId":"application-manageyards-display-component---NewYard","bindingPath":{"path":"","propertyPath":"/SALES_AREA_VKORG","modelName":"NewYardModel"},"interaction":{"idSuffix":"inner"}},"clearTextFirst":true,"interactionType":"ENTER_TEXT"}]}
RESULT: {"script":"<script> [776 bytes]","args":[{"enterText":"C002","selector":{"controlType":"sap.m.Input","viewName":"etm.portal.ui.manageyards.view.New","viewId":"application-manageyards-display-component---NewYard","bindingPath":{"path":"","propertyPath":"/SALES_AREA_VKORG","modelName":"NewYardModel"},"interaction":{"idSuffix":"inner"}},"clearTextFirst":true,"interactionType":"ENTER_TEXT"}]}
COMMAND: POST /session/cdd2d6a6ff4e4121354b0ded879e8cf3/execute/async - {"script":"<script> [1562 bytes]","args":[{"selector":{"controlType":"sap.m.Input","viewName":"etm.portal.ui.manageyards.view.New","viewId":"application-manageyards-display-component---NewYard","bindingPath":{"path":"","propertyPath":"/SALES_AREA_VTWEG","modelName":"NewYardModel"},"interaction":{"idSuffix":"inner"}},"wdio_ui5_key":"etmportal.ui.manageyards.view.Newsap.m.Input{\"path\":\"\",\"propertyPath\":\"/SALES_AREA_VTWEG\",\"modelName\":\"NewYardModel\"}"}]}
RESULT: {"script":"<script> [1562 bytes]","args":[{"selector":{"controlType":"sap.m.Input","viewName":"etm.portal.ui.manageyards.view.New","viewId":"application-manageyards-display-component---NewYard","bindingPath":{"path":"","propertyPath":"/SALES_AREA_VTWEG","modelName":"NewYardModel"},"interaction":{"idSuffix":"inner"}},"wdio_ui5_key":"etmportal.ui.manageyards.view.Newsap.m.Input{\"path\":\"\",\"propertyPath\":\"/SALES_AREA_VTWEG\",\"modelName\":\"NewYardModel\"}"}]}
RESULT: undefined
COMMAND: POST /session/cdd2d6a6ff4e4121354b0ded879e8cf3/execute/async - {"script":"<script> [776 bytes]","args":[{"enterText":"C2","selector":{"controlType":"sap.m.Input","viewName":"etm.portal.ui.manageyards.view.New","viewId":"application-manageyards-display-component---NewYard","bindingPath":{"path":"","propertyPath":"/SALES_AREA_VTWEG","modelName":"NewYardModel"},"interaction":{"idSuffix":"inner"}},"clearTextFirst":true,"interactionType":"ENTER_TEXT"}]}
RESULT: {"script":"<script> [776 bytes]","args":[{"enterText":"C2","selector":{"controlType":"sap.m.Input","viewName":"etm.portal.ui.manageyards.view.New","viewId":"application-manageyards-display-component---NewYard","bindingPath":{"path":"","propertyPath":"/SALES_AREA_VTWEG","modelName":"NewYardModel"},"interaction":{"idSuffix":"inner"}},"clearTextFirst":true,"interactionType":"ENTER_TEXT"}]}
COMMAND: POST /session/cdd2d6a6ff4e4121354b0ded879e8cf3/execute/async - {"script":"<script> [1562 bytes]","args":[{"selector":{"controlType":"sap.m.Input","viewName":"etm.portal.ui.manageyards.view.New","viewId":"application-manageyards-display-component---NewYard","bindingPath":{"path":"","propertyPath":"/SALES_AREA_SPART","modelName":"NewYardModel"},"interaction":{"idSuffix":"inner"}},"wdio_ui5_key":"etmportal.ui.manageyards.view.Newsap.m.Input{\"path\":\"\",\"propertyPath\":\"/SALES_AREA_SPART\",\"modelName\":\"NewYardModel\"}"}]}
RESULT: {"script":"<script> [1562 bytes]","args":[{"selector":{"controlType":"sap.m.Input","viewName":"etm.portal.ui.manageyards.view.New","viewId":"application-manageyards-display-component---NewYard","bindingPath":{"path":"","propertyPath":"/SALES_AREA_SPART","modelName":"NewYardModel"},"interaction":{"idSuffix":"inner"}},"wdio_ui5_key":"etmportal.ui.manageyards.view.Newsap.m.Input{\"path\":\"\",\"propertyPath\":\"/SALES_AREA_SPART\",\"modelName\":\"NewYardModel\"}"}]}
RESULT: undefined
COMMAND: POST /session/cdd2d6a6ff4e4121354b0ded879e8cf3/execute/async - {"script":"<script> [776 bytes]","args":[{"enterText":"C2","selector":{"controlType":"sap.m.Input","viewName":"etm.portal.ui.manageyards.view.New","viewId":"application-manageyards-display-component---NewYard","bindingPath":{"path":"","propertyPath":"/SALES_AREA_SPART","modelName":"NewYardModel"},"interaction":{"idSuffix":"inner"}},"clearTextFirst":true,"interactionType":"ENTER_TEXT"}]}
RESULT: {"script":"<script> [776 bytes]","args":[{"enterText":"C2","selector":{"controlType":"sap.m.Input","viewName":"etm.portal.ui.manageyards.view.New","viewId":"application-manageyards-display-component---NewYard","bindingPath":{"path":"","propertyPath":"/SALES_AREA_SPART","modelName":"NewYardModel"},"interaction":{"idSuffix":"inner"}},"clearTextFirst":true,"interactionType":"ENTER_TEXT"}]}
COMMAND: POST /session/cdd2d6a6ff4e4121354b0ded879e8cf3/execute/async - {"script":"<script> [1562 bytes]","args":[{"selector":{"controlType":"sap.m.Input","viewName":"etm.portal.ui.manageyards.view.New","viewId":"application-manageyards-display-component---NewYard","bindingPath":{"path":"","propertyPath":"/SHIP_POINT","modelName":"NewYardModel"},"interaction":{"idSuffix":"inner"}},"wdio_ui5_key":"etmportal.ui.manageyards.view.Newsap.m.Input{\"path\":\"\",\"propertyPath\":\"/SHIP_POINT\",\"modelName\":\"NewYardModel\"}"}]}
RESULT: {"script":"<script> [1562 bytes]","args":[{"selector":{"controlType":"sap.m.Input","viewName":"etm.portal.ui.manageyards.view.New","viewId":"application-manageyards-display-component---NewYard","bindingPath":{"path":"","propertyPath":"/SHIP_POINT","modelName":"NewYardModel"},"interaction":{"idSuffix":"inner"}},"wdio_ui5_key":"etmportal.ui.manageyards.view.Newsap.m.Input{\"path\":\"\",\"propertyPath\":\"/SHIP_POINT\",\"modelName\":\"NewYardModel\"}"}]}
RESULT: undefined
COMMAND: POST /session/cdd2d6a6ff4e4121354b0ded879e8cf3/execute/async - {"script":"<script> [776 bytes]","args":[{"enterText":"1710","selector":{"controlType":"sap.m.Input","viewName":"etm.portal.ui.manageyards.view.New","viewId":"application-manageyards-display-component---NewYard","bindingPath":{"path":"","propertyPath":"/SHIP_POINT","modelName":"NewYardModel"},"interaction":{"idSuffix":"inner"}},"clearTextFirst":true,"interactionType":"ENTER_TEXT"}]}
RESULT: {"script":"<script> [776 bytes]","args":[{"enterText":"1710","selector":{"controlType":"sap.m.Input","viewName":"etm.portal.ui.manageyards.view.New","viewId":"application-manageyards-display-component---NewYard","bindingPath":{"path":"","propertyPath":"/SHIP_POINT","modelName":"NewYardModel"},"interaction":{"idSuffix":"inner"}},"clearTextFirst":true,"interactionType":"ENTER_TEXT"}]}
COMMAND: POST /session/cdd2d6a6ff4e4121354b0ded879e8cf3/execute/async - {"script":"<script> [1562 bytes]","args":[{"selector":{"controlType":"sap.m.Input","viewName":"etm.portal.ui.manageyards.view.New","viewId":"application-manageyards-display-component---NewYard","bindingPath":{"path":"","propertyPath":"/DELIVERY_TYPE","modelName":"NewYardModel"},"interaction":{"idSuffix":"inner"}},"wdio_ui5_key":"etmportal.ui.manageyards.view.Newsap.m.Input{\"path\":\"\",\"propertyPath\":\"/DELIVERY_TYPE\",\"modelName\":\"NewYardModel\"}"}]}
RESULT: {"script":"<script> [1562 bytes]","args":[{"selector":{"controlType":"sap.m.Input","viewName":"etm.portal.ui.manageyards.view.New","viewId":"application-manageyards-display-component---NewYard","bindingPath":{"path":"","propertyPath":"/DELIVERY_TYPE","modelName":"NewYardModel"},"interaction":{"idSuffix":"inner"}},"wdio_ui5_key":"etmportal.ui.manageyards.view.Newsap.m.Input{\"path\":\"\",\"propertyPath\":\"/DELIVERY_TYPE\",\"modelName\":\"NewYardModel\"}"}]}
RESULT: undefined
COMMAND: POST /session/cdd2d6a6ff4e4121354b0ded879e8cf3/execute/async - {"script":"<script> [776 bytes]","args":[{"enterText":"ZL01","selector":{"controlType":"sap.m.Input","viewName":"etm.portal.ui.manageyards.view.New","viewId":"application-manageyards-display-component---NewYard","bindingPath":{"path":"","propertyPath":"/DELIVERY_TYPE","modelName":"NewYardModel"},"interaction":{"idSuffix":"inner"}},"clearTextFirst":true,"interactionType":"ENTER_TEXT"}]}
RESULT: {"script":"<script> [776 bytes]","args":[{"enterText":"ZL01","selector":{"controlType":"sap.m.Input","viewName":"etm.portal.ui.manageyards.view.New","viewId":"application-manageyards-display-component---NewYard","bindingPath":{"path":"","propertyPath":"/DELIVERY_TYPE","modelName":"NewYardModel"},"interaction":{"idSuffix":"inner"}},"clearTextFirst":true,"interactionType":"ENTER_TEXT"}]}
COMMAND: POST /session/cdd2d6a6ff4e4121354b0ded879e8cf3/execute/async - {"script":"<script> [1562 bytes]","args":[{"selector":{"controlType":"sap.m.Input","viewName":"etm.portal.ui.manageyards.view.New","viewId":"application-manageyards-display-component---NewYard","bindingPath":{"path":"","propertyPath":"/AUART","modelName":"NewYardModel"},"interaction":{"idSuffix":"inner"}},"wdio_ui5_key":"etmportal.ui.manageyards.view.Newsap.m.Input{\"path\":\"\",\"propertyPath\":\"/AUART\",\"modelName\":\"NewYardModel\"}"}]}
RESULT: {"script":"<script> [1562 bytes]","args":[{"selector":{"controlType":"sap.m.Input","viewName":"etm.portal.ui.manageyards.view.New","viewId":"application-manageyards-display-component---NewYard","bindingPath":{"path":"","propertyPath":"/AUART","modelName":"NewYardModel"},"interaction":{"idSuffix":"inner"}},"wdio_ui5_key":"etmportal.ui.manageyards.view.Newsap.m.Input{\"path\":\"\",\"propertyPath\":\"/AUART\",\"modelName\":\"NewYardModel\"}"}]}
RESULT: undefined
COMMAND: POST /session/cdd2d6a6ff4e4121354b0ded879e8cf3/execute/async - {"script":"<script> [776 bytes]","args":[{"enterText":"TA","selector":{"controlType":"sap.m.Input","viewName":"etm.portal.ui.manageyards.view.New","viewId":"application-manageyards-display-component---NewYard","bindingPath":{"path":"","propertyPath":"/AUART","modelName":"NewYardModel"},"interaction":{"idSuffix":"inner"}},"clearTextFirst":true,"interactionType":"ENTER_TEXT"}]}
RESULT: {"script":"<script> [776 bytes]","args":[{"enterText":"TA","selector":{"controlType":"sap.m.Input","viewName":"etm.portal.ui.manageyards.view.New","viewId":"application-manageyards-display-component---NewYard","bindingPath":{"path":"","propertyPath":"/AUART","modelName":"NewYardModel"},"interaction":{"idSuffix":"inner"}},"clearTextFirst":true,"interactionType":"ENTER_TEXT"}]}
COMMAND: POST /session/cdd2d6a6ff4e4121354b0ded879e8cf3/element - {"using":"xpath","value":"//button[@data-kt=\"newYardSaveButton\"]"}
RESULT: {"using":"xpath","value":"//button[@data-kt=\"newYardSaveButton\"]"}
COMMAND: POST /session/cdd2d6a6ff4e4121354b0ded879e8cf3/element/f.3354A31769E1E4013F80CDE1D39C4690.d.C86AB51FC49E6A3A1C3044C03A204056.e.697/click - {}
RESULT: {}
COMMAND: GET /session/cdd2d6a6ff4e4121354b0ded879e8cf3/screenshot - {}
RESULT: {}
COMMAND: POST /session/cdd2d6a6ff4e4121354b0ded879e8cf3/element - {"using":"xpath","value":"//header[contains(@id, 'ObjectPageLayout-headerTitle')]/div[1]/div[2]/div[1]/span[1]"}
RESULT: {"using":"xpath","value":"//header[contains(@id, 'ObjectPageLayout-headerTitle')]/div[1]/div[2]/div[1]/span[1]"}
COMMAND: POST /session/cdd2d6a6ff4e4121354b0ded879e8cf3/elements - {"using":"xpath","value":"//header[contains(@id, 'ObjectPageLayout-headerTitle')]/div[1]/div[2]/div[1]/span[1]"}
RESULT: {"using":"xpath","value":"//header[contains(@id, 'ObjectPageLayout-headerTitle')]/div[1]/div[2]/div[1]/span[1]"}
COMMAND: POST /session/cdd2d6a6ff4e4121354b0ded879e8cf3/execute/sync - {"script":"<script> [56 bytes]","args":[{"element-6066-11e4-a52e-4f735466cecf":"f.3354A31769E1E4013F80CDE1D39C4690.d.C86AB51FC49E6A3A1C3044C03A204056.e.995","ELEMENT":"f.3354A31769E1E4013F80CDE1D39C4690.d.C86AB51FC49E6A3A1C3044C03A204056.e.995"}]}
RESULT: {"script":"<script> [56 bytes]","args":[{"element-6066-11e4-a52e-4f735466cecf":"f.3354A31769E1E4013F80CDE1D39C4690.d.C86AB51FC49E6A3A1C3044C03A204056.e.995","ELEMENT":"f.3354A31769E1E4013F80CDE1D39C4690.d.C86AB51FC49E6A3A1C3044C03A204056.e.995"}]}
COMMAND: GET /session/cdd2d6a6ff4e4121354b0ded879e8cf3/screenshot - {}
RESULT: {}
COMMAND: POST /session/cdd2d6a6ff4e4121354b0ded879e8cf3/element - {"using":"css selector","value":"#shell-header-logo"}
RESULT: {"using":"css selector","value":"#shell-header-logo"}
COMMAND: POST /session/cdd2d6a6ff4e4121354b0ded879e8cf3/element/f.3354A31769E1E4013F80CDE1D39C4690.d.C86AB51FC49E6A3A1C3044C03A204056.e.257/click - {}
RESULT: {}
COMMAND: GET /session/cdd2d6a6ff4e4121354b0ded879e8cf3/screenshot - {}
RESULT: {}
COMMAND: POST /session/cdd2d6a6ff4e4121354b0ded879e8cf3/execute/sync - {"script":"<script> [299 bytes]","args":[["getModel","getResource"]]}
RESULT: {"script":"<script> [299 bytes]","args":[["getModel","getResource"]]}
]]></system-out>
    </testcase>
    <testcase classname="chrome.135_0_7049_42.windows.Partner_specific_tests_US150819_US151080_US151654_US151176_US103444_US151078_US151079_US151109_US151174_US151175_US151189" name="Should create new external partner US150819" time="97.962">
      <system-out><![CDATA[
COMMAND: POST /session/cdd2d6a6ff4e4121354b0ded879e8cf3/element - {"using":"xpath","value":"//li[.//span[text()=\"Manage Partners\"]]"}
COMMAND: GET /session/cdd2d6a6ff4e4121354b0ded879e8cf3/screenshot - {}
RESULT: {"using":"xpath","value":"//li[.//span[text()=\"Manage Partners\"]]"}
COMMAND: POST /session/cdd2d6a6ff4e4121354b0ded879e8cf3/element - {"using":"xpath","value":"//li[.//span[text()=\"Manage Partners\"]]"}
RESULT: {}
RESULT: {"using":"xpath","value":"//li[.//span[text()=\"Manage Partners\"]]"}
COMMAND: POST /session/cdd2d6a6ff4e4121354b0ded879e8cf3/element - {"using":"css selector","value":"#shell-header-logo"}
RESULT: {"using":"css selector","value":"#shell-header-logo"}
COMMAND: POST /session/cdd2d6a6ff4e4121354b0ded879e8cf3/element/f.3354A31769E1E4013F80CDE1D39C4690.d.C86AB51FC49E6A3A1C3044C03A204056.e.997/click - {}
COMMAND: POST /session/cdd2d6a6ff4e4121354b0ded879e8cf3/execute/sync - {"script":"<script> [8489 bytes]","args":[{"element-6066-11e4-a52e-4f735466cecf":"f.3354A31769E1E4013F80CDE1D39C4690.d.C86AB51FC49E6A3A1C3044C03A204056.e.997","ELEMENT":"f.3354A31769E1E4013F80CDE1D39C4690.d.C86AB51FC49E6A3A1C3044C03A204056.e.997"}]}
RESULT: {}
COMMAND: GET /session/cdd2d6a6ff4e4121354b0ded879e8cf3/screenshot - {}
RESULT: {"script":"<script> [8489 bytes]","args":[{"element-6066-11e4-a52e-4f735466cecf":"f.3354A31769E1E4013F80CDE1D39C4690.d.C86AB51FC49E6A3A1C3044C03A204056.e.997","ELEMENT":"f.3354A31769E1E4013F80CDE1D39C4690.d.C86AB51FC49E6A3A1C3044C03A204056.e.997"}]}
COMMAND: POST /session/cdd2d6a6ff4e4121354b0ded879e8cf3/execute/sync - {"script":"<script> [5351 bytes]","args":[{"element-6066-11e4-a52e-4f735466cecf":"f.3354A31769E1E4013F80CDE1D39C4690.d.C86AB51FC49E6A3A1C3044C03A204056.e.997","ELEMENT":"f.3354A31769E1E4013F80CDE1D39C4690.d.C86AB51FC49E6A3A1C3044C03A204056.e.997"}]}
COMMAND: GET /session/cdd2d6a6ff4e4121354b0ded879e8cf3/screenshot - {}
RESULT: {}
RESULT: {"script":"<script> [5351 bytes]","args":[{"element-6066-11e4-a52e-4f735466cecf":"f.3354A31769E1E4013F80CDE1D39C4690.d.C86AB51FC49E6A3A1C3044C03A204056.e.997","ELEMENT":"f.3354A31769E1E4013F80CDE1D39C4690.d.C86AB51FC49E6A3A1C3044C03A204056.e.997"}]}
COMMAND: GET /session/cdd2d6a6ff4e4121354b0ded879e8cf3/screenshot - {}
RESULT: {}
RESULT: {}
COMMAND: POST /session/cdd2d6a6ff4e4121354b0ded879e8cf3/window/fullscreen - {}
RESULT: {}
COMMAND: POST /session/cdd2d6a6ff4e4121354b0ded879e8cf3/execute/async - {"script":"<script> [1562 bytes]","args":[{"selector":{"controlType":"sap.m.GenericTile","properties":{"header":"Manage Partners"}},"wdio_ui5_key":"sapm.GenericTile{\"header\":\"Manage Partners\"}"}]}
RESULT: {"script":"<script> [1562 bytes]","args":[{"selector":{"controlType":"sap.m.GenericTile","properties":{"header":"Manage Partners"}},"wdio_ui5_key":"sapm.GenericTile{\"header\":\"Manage Partners\"}"}]}
RESULT: undefined
COMMAND: POST /session/cdd2d6a6ff4e4121354b0ded879e8cf3/element - {"using":"xpath","value":"//*[@id=\"__tile38\"]"}
RESULT: {"using":"xpath","value":"//*[@id=\"__tile38\"]"}
COMMAND: POST /session/cdd2d6a6ff4e4121354b0ded879e8cf3/element/f.3354A31769E1E4013F80CDE1D39C4690.d.C86AB51FC49E6A3A1C3044C03A204056.e.144/click - {}
RESULT: {}
COMMAND: POST /session/cdd2d6a6ff4e4121354b0ded879e8cf3/element - {"using":"xpath","value":"//button[@data-kt=\"addButton\"]"}
COMMAND: GET /session/cdd2d6a6ff4e4121354b0ded879e8cf3/screenshot - {}
RESULT: {"using":"xpath","value":"//button[@data-kt=\"addButton\"]"}
COMMAND: POST /session/cdd2d6a6ff4e4121354b0ded879e8cf3/elements - {"using":"xpath","value":"//button[@data-kt=\"addButton\"]"}
RESULT: {}
RESULT: {"using":"xpath","value":"//button[@data-kt=\"addButton\"]"}
COMMAND: POST /session/cdd2d6a6ff4e4121354b0ded879e8cf3/elements - {"using":"xpath","value":"//button[@data-kt=\"addButton\"]"}
RESULT: {"using":"xpath","value":"//button[@data-kt=\"addButton\"]"}
COMMAND: POST /session/cdd2d6a6ff4e4121354b0ded879e8cf3/elements - {"using":"xpath","value":"//button[@data-kt=\"addButton\"]"}
RESULT: {"using":"xpath","value":"//button[@data-kt=\"addButton\"]"}
COMMAND: POST /session/cdd2d6a6ff4e4121354b0ded879e8cf3/elements - {"using":"xpath","value":"//button[@data-kt=\"addButton\"]"}
RESULT: {"using":"xpath","value":"//button[@data-kt=\"addButton\"]"}
COMMAND: POST /session/cdd2d6a6ff4e4121354b0ded879e8cf3/elements - {"using":"xpath","value":"//button[@data-kt=\"addButton\"]"}
RESULT: {"using":"xpath","value":"//button[@data-kt=\"addButton\"]"}
COMMAND: POST /session/cdd2d6a6ff4e4121354b0ded879e8cf3/elements - {"using":"xpath","value":"//button[@data-kt=\"addButton\"]"}
RESULT: {"using":"xpath","value":"//button[@data-kt=\"addButton\"]"}
COMMAND: POST /session/cdd2d6a6ff4e4121354b0ded879e8cf3/elements - {"using":"xpath","value":"//button[@data-kt=\"addButton\"]"}
RESULT: {"using":"xpath","value":"//button[@data-kt=\"addButton\"]"}
COMMAND: POST /session/cdd2d6a6ff4e4121354b0ded879e8cf3/elements - {"using":"xpath","value":"//button[@data-kt=\"addButton\"]"}
RESULT: {"using":"xpath","value":"//button[@data-kt=\"addButton\"]"}
COMMAND: POST /session/cdd2d6a6ff4e4121354b0ded879e8cf3/elements - {"using":"xpath","value":"//button[@data-kt=\"addButton\"]"}
RESULT: {"using":"xpath","value":"//button[@data-kt=\"addButton\"]"}
COMMAND: POST /session/cdd2d6a6ff4e4121354b0ded879e8cf3/elements - {"using":"xpath","value":"//button[@data-kt=\"addButton\"]"}
RESULT: {"using":"xpath","value":"//button[@data-kt=\"addButton\"]"}
COMMAND: POST /session/cdd2d6a6ff4e4121354b0ded879e8cf3/elements - {"using":"xpath","value":"//button[@data-kt=\"addButton\"]"}
RESULT: {"using":"xpath","value":"//button[@data-kt=\"addButton\"]"}
COMMAND: POST /session/cdd2d6a6ff4e4121354b0ded879e8cf3/elements - {"using":"xpath","value":"//button[@data-kt=\"addButton\"]"}
RESULT: {"using":"xpath","value":"//button[@data-kt=\"addButton\"]"}
COMMAND: POST /session/cdd2d6a6ff4e4121354b0ded879e8cf3/elements - {"using":"xpath","value":"//button[@data-kt=\"addButton\"]"}
RESULT: {"using":"xpath","value":"//button[@data-kt=\"addButton\"]"}
COMMAND: POST /session/cdd2d6a6ff4e4121354b0ded879e8cf3/elements - {"using":"xpath","value":"//button[@data-kt=\"addButton\"]"}
RESULT: {"using":"xpath","value":"//button[@data-kt=\"addButton\"]"}
COMMAND: POST /session/cdd2d6a6ff4e4121354b0ded879e8cf3/elements - {"using":"xpath","value":"//button[@data-kt=\"addButton\"]"}
RESULT: {"using":"xpath","value":"//button[@data-kt=\"addButton\"]"}
COMMAND: POST /session/cdd2d6a6ff4e4121354b0ded879e8cf3/elements - {"using":"xpath","value":"//button[@data-kt=\"addButton\"]"}
RESULT: {"using":"xpath","value":"//button[@data-kt=\"addButton\"]"}
COMMAND: POST /session/cdd2d6a6ff4e4121354b0ded879e8cf3/elements - {"using":"xpath","value":"//button[@data-kt=\"addButton\"]"}
RESULT: {"using":"xpath","value":"//button[@data-kt=\"addButton\"]"}
COMMAND: POST /session/cdd2d6a6ff4e4121354b0ded879e8cf3/elements - {"using":"xpath","value":"//button[@data-kt=\"addButton\"]"}
RESULT: {"using":"xpath","value":"//button[@data-kt=\"addButton\"]"}
COMMAND: POST /session/cdd2d6a6ff4e4121354b0ded879e8cf3/elements - {"using":"xpath","value":"//button[@data-kt=\"addButton\"]"}
RESULT: {"using":"xpath","value":"//button[@data-kt=\"addButton\"]"}
COMMAND: POST /session/cdd2d6a6ff4e4121354b0ded879e8cf3/elements - {"using":"xpath","value":"//button[@data-kt=\"addButton\"]"}
RESULT: {"using":"xpath","value":"//button[@data-kt=\"addButton\"]"}
COMMAND: POST /session/cdd2d6a6ff4e4121354b0ded879e8cf3/elements - {"using":"xpath","value":"//button[@data-kt=\"addButton\"]"}
RESULT: {"using":"xpath","value":"//button[@data-kt=\"addButton\"]"}
COMMAND: POST /session/cdd2d6a6ff4e4121354b0ded879e8cf3/elements - {"using":"xpath","value":"//button[@data-kt=\"addButton\"]"}
RESULT: {"using":"xpath","value":"//button[@data-kt=\"addButton\"]"}
COMMAND: POST /session/cdd2d6a6ff4e4121354b0ded879e8cf3/elements - {"using":"xpath","value":"//button[@data-kt=\"addButton\"]"}
RESULT: {"using":"xpath","value":"//button[@data-kt=\"addButton\"]"}
COMMAND: POST /session/cdd2d6a6ff4e4121354b0ded879e8cf3/elements - {"using":"xpath","value":"//button[@data-kt=\"addButton\"]"}
RESULT: {"using":"xpath","value":"//button[@data-kt=\"addButton\"]"}
COMMAND: POST /session/cdd2d6a6ff4e4121354b0ded879e8cf3/elements - {"using":"xpath","value":"//button[@data-kt=\"addButton\"]"}
RESULT: {"using":"xpath","value":"//button[@data-kt=\"addButton\"]"}
COMMAND: POST /session/cdd2d6a6ff4e4121354b0ded879e8cf3/elements - {"using":"xpath","value":"//button[@data-kt=\"addButton\"]"}
RESULT: {"using":"xpath","value":"//button[@data-kt=\"addButton\"]"}
COMMAND: POST /session/cdd2d6a6ff4e4121354b0ded879e8cf3/element - {"using":"xpath","value":"//button[@data-kt=\"addButton\"]"}
RESULT: {"using":"xpath","value":"//button[@data-kt=\"addButton\"]"}
COMMAND: POST /session/cdd2d6a6ff4e4121354b0ded879e8cf3/execute/sync - {"script":"<script> [8489 bytes]","args":[{"element-6066-11e4-a52e-4f735466cecf":"f.3354A31769E1E4013F80CDE1D39C4690.d.C86AB51FC49E6A3A1C3044C03A204056.e.1043","ELEMENT":"f.3354A31769E1E4013F80CDE1D39C4690.d.C86AB51FC49E6A3A1C3044C03A204056.e.1043"}]}
RESULT: {"script":"<script> [8489 bytes]","args":[{"element-6066-11e4-a52e-4f735466cecf":"f.3354A31769E1E4013F80CDE1D39C4690.d.C86AB51FC49E6A3A1C3044C03A204056.e.1043","ELEMENT":"f.3354A31769E1E4013F80CDE1D39C4690.d.C86AB51FC49E6A3A1C3044C03A204056.e.1043"}]}
COMMAND: GET /session/cdd2d6a6ff4e4121354b0ded879e8cf3/element/f.3354A31769E1E4013F80CDE1D39C4690.d.C86AB51FC49E6A3A1C3044C03A204056.e.1043/enabled - {}
COMMAND: GET /session/cdd2d6a6ff4e4121354b0ded879e8cf3/screenshot - {}
RESULT: {}
COMMAND: POST /session/cdd2d6a6ff4e4121354b0ded879e8cf3/execute/sync - {"script":"<script> [8489 bytes]","args":[{"element-6066-11e4-a52e-4f735466cecf":"f.3354A31769E1E4013F80CDE1D39C4690.d.C86AB51FC49E6A3A1C3044C03A204056.e.1043","ELEMENT":"f.3354A31769E1E4013F80CDE1D39C4690.d.C86AB51FC49E6A3A1C3044C03A204056.e.1043"}]}
COMMAND: GET /session/cdd2d6a6ff4e4121354b0ded879e8cf3/screenshot - {}
RESULT: {}
RESULT: {"script":"<script> [8489 bytes]","args":[{"element-6066-11e4-a52e-4f735466cecf":"f.3354A31769E1E4013F80CDE1D39C4690.d.C86AB51FC49E6A3A1C3044C03A204056.e.1043","ELEMENT":"f.3354A31769E1E4013F80CDE1D39C4690.d.C86AB51FC49E6A3A1C3044C03A204056.e.1043"}]}
COMMAND: POST /session/cdd2d6a6ff4e4121354b0ded879e8cf3/execute/sync - {"script":"<script> [5351 bytes]","args":[{"element-6066-11e4-a52e-4f735466cecf":"f.3354A31769E1E4013F80CDE1D39C4690.d.C86AB51FC49E6A3A1C3044C03A204056.e.1043","ELEMENT":"f.3354A31769E1E4013F80CDE1D39C4690.d.C86AB51FC49E6A3A1C3044C03A204056.e.1043"}]}
COMMAND: GET /session/cdd2d6a6ff4e4121354b0ded879e8cf3/screenshot - {}
RESULT: {}
RESULT: {"script":"<script> [5351 bytes]","args":[{"element-6066-11e4-a52e-4f735466cecf":"f.3354A31769E1E4013F80CDE1D39C4690.d.C86AB51FC49E6A3A1C3044C03A204056.e.1043","ELEMENT":"f.3354A31769E1E4013F80CDE1D39C4690.d.C86AB51FC49E6A3A1C3044C03A204056.e.1043"}]}
COMMAND: POST /session/cdd2d6a6ff4e4121354b0ded879e8cf3/element/f.3354A31769E1E4013F80CDE1D39C4690.d.C86AB51FC49E6A3A1C3044C03A204056.e.1043/click - {}
COMMAND: GET /session/cdd2d6a6ff4e4121354b0ded879e8cf3/screenshot - {}
RESULT: {}
RESULT: {}
COMMAND: GET /session/cdd2d6a6ff4e4121354b0ded879e8cf3/screenshot - {}
COMMAND: POST /session/cdd2d6a6ff4e4121354b0ded879e8cf3/execute/async - {"script":"<script> [1562 bytes]","args":[{"selector":{"id":"application-managepartners-display-component---NewPartner--addressDetailDetailsName1","interaction":{"idSuffix":"inner"}},"wdio_ui5_key":"applicationmanagepartners-display-component---NewPartner--addressDetailDetailsName1"}]}
RESULT: {}
RESULT: {}
RESULT: {"script":"<script> [1562 bytes]","args":[{"selector":{"id":"application-managepartners-display-component---NewPartner--addressDetailDetailsName1","interaction":{"idSuffix":"inner"}},"wdio_ui5_key":"applicationmanagepartners-display-component---NewPartner--addressDetailDetailsName1"}]}
RESULT: undefined
COMMAND: POST /session/cdd2d6a6ff4e4121354b0ded879e8cf3/execute/async - {"script":"<script> [776 bytes]","args":[{"enterText":"External Partner WDIO","selector":{"id":"application-managepartners-display-component---NewPartner--addressDetailDetailsName1","interaction":{"idSuffix":"inner"}},"clearTextFirst":true,"interactionType":"ENTER_TEXT"}]}
RESULT: {"script":"<script> [776 bytes]","args":[{"enterText":"External Partner WDIO","selector":{"id":"application-managepartners-display-component---NewPartner--addressDetailDetailsName1","interaction":{"idSuffix":"inner"}},"clearTextFirst":true,"interactionType":"ENTER_TEXT"}]}
COMMAND: POST /session/cdd2d6a6ff4e4121354b0ded879e8cf3/execute/async - {"script":"<script> [1562 bytes]","args":[{"selector":{"id":"application-managepartners-display-component---NewPartner--addressDetailDetailsLanguage-arrow"},"wdio_ui5_key":"applicationmanagepartners-display-component---NewPartner--addressDetailDetailsLanguage-arrow"}]}
RESULT: {"script":"<script> [1562 bytes]","args":[{"selector":{"id":"application-managepartners-display-component---NewPartner--addressDetailDetailsLanguage-arrow"},"wdio_ui5_key":"applicationmanagepartners-display-component---NewPartner--addressDetailDetailsLanguage-arrow"}]}
RESULT: undefined
COMMAND: POST /session/cdd2d6a6ff4e4121354b0ded879e8cf3/element - {"using":"xpath","value":"//*[@id=\"application-managepartners-display-component---NewPartner--addressDetailDetailsLanguage-arrow\"]"}
RESULT: {"using":"xpath","value":"//*[@id=\"application-managepartners-display-component---NewPartner--addressDetailDetailsLanguage-arrow\"]"}
COMMAND: POST /session/cdd2d6a6ff4e4121354b0ded879e8cf3/element/f.3354A31769E1E4013F80CDE1D39C4690.d.C86AB51FC49E6A3A1C3044C03A204056.e.1478/click - {}
RESULT: {}
COMMAND: POST /session/cdd2d6a6ff4e4121354b0ded879e8cf3/element - {"using":"xpath","value":"//span[contains(text(), \"English\")]"}
COMMAND: GET /session/cdd2d6a6ff4e4121354b0ded879e8cf3/screenshot - {}
RESULT: {"using":"xpath","value":"//span[contains(text(), \"English\")]"}
COMMAND: POST /session/cdd2d6a6ff4e4121354b0ded879e8cf3/element/f.3354A31769E1E4013F80CDE1D39C4690.d.C86AB51FC49E6A3A1C3044C03A204056.e.1479/click - {}
RESULT: {}
RESULT: {}
COMMAND: GET /session/cdd2d6a6ff4e4121354b0ded879e8cf3/screenshot - {}
RESULT: {}
COMMAND: POST /session/cdd2d6a6ff4e4121354b0ded879e8cf3/execute/async - {"script":"<script> [1562 bytes]","args":[{"selector":{"id":"application-managepartners-display-component---NewPartner--addressDetailDetailsCity1","interaction":{"idSuffix":"inner"}},"wdio_ui5_key":"applicationmanagepartners-display-component---NewPartner--addressDetailDetailsCity1"}]}
RESULT: {"script":"<script> [1562 bytes]","args":[{"selector":{"id":"application-managepartners-display-component---NewPartner--addressDetailDetailsCity1","interaction":{"idSuffix":"inner"}},"wdio_ui5_key":"applicationmanagepartners-display-component---NewPartner--addressDetailDetailsCity1"}]}
RESULT: undefined
COMMAND: POST /session/cdd2d6a6ff4e4121354b0ded879e8cf3/execute/async - {"script":"<script> [776 bytes]","args":[{"enterText":"Rosario","selector":{"id":"application-managepartners-display-component---NewPartner--addressDetailDetailsCity1","interaction":{"idSuffix":"inner"}},"clearTextFirst":true,"interactionType":"ENTER_TEXT"}]}
RESULT: {"script":"<script> [776 bytes]","args":[{"enterText":"Rosario","selector":{"id":"application-managepartners-display-component---NewPartner--addressDetailDetailsCity1","interaction":{"idSuffix":"inner"}},"clearTextFirst":true,"interactionType":"ENTER_TEXT"}]}
COMMAND: POST /session/cdd2d6a6ff4e4121354b0ded879e8cf3/execute/async - {"script":"<script> [1562 bytes]","args":[{"selector":{"id":"application-managepartners-display-component---NewPartner--addressDetailDetailsCountry-arrow"},"wdio_ui5_key":"applicationmanagepartners-display-component---NewPartner--addressDetailDetailsCountry-arrow"}]}
RESULT: {"script":"<script> [1562 bytes]","args":[{"selector":{"id":"application-managepartners-display-component---NewPartner--addressDetailDetailsCountry-arrow"},"wdio_ui5_key":"applicationmanagepartners-display-component---NewPartner--addressDetailDetailsCountry-arrow"}]}
RESULT: undefined
COMMAND: POST /session/cdd2d6a6ff4e4121354b0ded879e8cf3/element - {"using":"xpath","value":"//*[@id=\"application-managepartners-display-component---NewPartner--addressDetailDetailsCountry-arrow\"]"}
RESULT: {"using":"xpath","value":"//*[@id=\"application-managepartners-display-component---NewPartner--addressDetailDetailsCountry-arrow\"]"}
COMMAND: POST /session/cdd2d6a6ff4e4121354b0ded879e8cf3/element/f.3354A31769E1E4013F80CDE1D39C4690.d.C86AB51FC49E6A3A1C3044C03A204056.e.1432/click - {}
RESULT: {}
COMMAND: POST /session/cdd2d6a6ff4e4121354b0ded879e8cf3/element - {"using":"xpath","value":"//span[contains(text(), \"Argentina\")]"}
COMMAND: GET /session/cdd2d6a6ff4e4121354b0ded879e8cf3/screenshot - {}
RESULT: {"using":"xpath","value":"//span[contains(text(), \"Argentina\")]"}
COMMAND: POST /session/cdd2d6a6ff4e4121354b0ded879e8cf3/element/f.3354A31769E1E4013F80CDE1D39C4690.d.C86AB51FC49E6A3A1C3044C03A204056.e.1481/click - {}
RESULT: {}
RESULT: {}
COMMAND: GET /session/cdd2d6a6ff4e4121354b0ded879e8cf3/screenshot - {}
RESULT: {}
COMMAND: POST /session/cdd2d6a6ff4e4121354b0ded879e8cf3/element - {"using":"xpath","value":"//bdi[contains(text(), \"Commercial\")]"}
RESULT: {"using":"xpath","value":"//bdi[contains(text(), \"Commercial\")]"}
COMMAND: POST /session/cdd2d6a6ff4e4121354b0ded879e8cf3/element/f.3354A31769E1E4013F80CDE1D39C4690.d.C86AB51FC49E6A3A1C3044C03A204056.e.1482/click - {}
RESULT: {}
COMMAND: GET /session/cdd2d6a6ff4e4121354b0ded879e8cf3/screenshot - {}
RESULT: {}
COMMAND: POST /session/cdd2d6a6ff4e4121354b0ded879e8cf3/execute/async - {"script":"<script> [1562 bytes]","args":[{"selector":{"id":"application-managepartners-display-component---NewPartner--partnerDetailInternal-arrow"},"wdio_ui5_key":"applicationmanagepartners-display-component---NewPartner--partnerDetailInternal-arrow"}]}
RESULT: {"script":"<script> [1562 bytes]","args":[{"selector":{"id":"application-managepartners-display-component---NewPartner--partnerDetailInternal-arrow"},"wdio_ui5_key":"applicationmanagepartners-display-component---NewPartner--partnerDetailInternal-arrow"}]}
RESULT: undefined
COMMAND: POST /session/cdd2d6a6ff4e4121354b0ded879e8cf3/element - {"using":"xpath","value":"//*[@id=\"application-managepartners-display-component---NewPartner--partnerDetailInternal-arrow\"]"}
RESULT: {"using":"xpath","value":"//*[@id=\"application-managepartners-display-component---NewPartner--partnerDetailInternal-arrow\"]"}
COMMAND: POST /session/cdd2d6a6ff4e4121354b0ded879e8cf3/element/f.3354A31769E1E4013F80CDE1D39C4690.d.C86AB51FC49E6A3A1C3044C03A204056.e.1490/click - {}
RESULT: {}
COMMAND: POST /session/cdd2d6a6ff4e4121354b0ded879e8cf3/element - {"using":"xpath","value":"//span[contains(text(), \"External partner\")]"}
COMMAND: GET /session/cdd2d6a6ff4e4121354b0ded879e8cf3/screenshot - {}
RESULT: {"using":"xpath","value":"//span[contains(text(), \"External partner\")]"}
COMMAND: POST /session/cdd2d6a6ff4e4121354b0ded879e8cf3/element/f.3354A31769E1E4013F80CDE1D39C4690.d.C86AB51FC49E6A3A1C3044C03A204056.e.1491/click - {}
RESULT: {}
RESULT: {}
COMMAND: POST /session/cdd2d6a6ff4e4121354b0ded879e8cf3/execute/async - {"script":"<script> [1562 bytes]","args":[{"selector":{"id":"application-managepartners-display-component---NewPartner--partnerDetailsCurrency-arrow"},"wdio_ui5_key":"applicationmanagepartners-display-component---NewPartner--partnerDetailsCurrency-arrow"}]}
COMMAND: GET /session/cdd2d6a6ff4e4121354b0ded879e8cf3/screenshot - {}
RESULT: {"script":"<script> [1562 bytes]","args":[{"selector":{"id":"application-managepartners-display-component---NewPartner--partnerDetailsCurrency-arrow"},"wdio_ui5_key":"applicationmanagepartners-display-component---NewPartner--partnerDetailsCurrency-arrow"}]}
RESULT: undefined
COMMAND: POST /session/cdd2d6a6ff4e4121354b0ded879e8cf3/element - {"using":"xpath","value":"//*[@id=\"application-managepartners-display-component---NewPartner--partnerDetailsCurrency-arrow\"]"}
RESULT: {}
RESULT: {"using":"xpath","value":"//*[@id=\"application-managepartners-display-component---NewPartner--partnerDetailsCurrency-arrow\"]"}
COMMAND: POST /session/cdd2d6a6ff4e4121354b0ded879e8cf3/element/f.3354A31769E1E4013F80CDE1D39C4690.d.C86AB51FC49E6A3A1C3044C03A204056.e.1496/click - {}
RESULT: {}
COMMAND: POST /session/cdd2d6a6ff4e4121354b0ded879e8cf3/element - {"using":"xpath","value":"//span[contains(text(), \"US Dollar\")]"}
COMMAND: GET /session/cdd2d6a6ff4e4121354b0ded879e8cf3/screenshot - {}
RESULT: {"using":"xpath","value":"//span[contains(text(), \"US Dollar\")]"}
COMMAND: POST /session/cdd2d6a6ff4e4121354b0ded879e8cf3/element/f.3354A31769E1E4013F80CDE1D39C4690.d.C86AB51FC49E6A3A1C3044C03A204056.e.1497/click - {}
RESULT: {}
RESULT: {}
COMMAND: GET /session/cdd2d6a6ff4e4121354b0ded879e8cf3/screenshot - {}
RESULT: {}
COMMAND: POST /session/cdd2d6a6ff4e4121354b0ded879e8cf3/element - {"using":"xpath","value":"//input[@id=\"application-managepartners-display-component---NewPartner--companyCodeComboBox-inner\"]"}
RESULT: {"using":"xpath","value":"//input[@id=\"application-managepartners-display-component---NewPartner--companyCodeComboBox-inner\"]"}
COMMAND: POST /session/cdd2d6a6ff4e4121354b0ded879e8cf3/element/f.3354A31769E1E4013F80CDE1D39C4690.d.C86AB51FC49E6A3A1C3044C03A204056.e.1427/clear - {}
RESULT: {}
COMMAND: POST /session/cdd2d6a6ff4e4121354b0ded879e8cf3/element/f.3354A31769E1E4013F80CDE1D39C4690.d.C86AB51FC49E6A3A1C3044C03A204056.e.1427/value - {"text":"C002"}
COMMAND: GET /session/cdd2d6a6ff4e4121354b0ded879e8cf3/screenshot - {}
RESULT: {"text":"C002"}
COMMAND: GET /session/cdd2d6a6ff4e4121354b0ded879e8cf3/screenshot - {}
RESULT: {}
RESULT: {}
COMMAND: POST /session/cdd2d6a6ff4e4121354b0ded879e8cf3/element - {"using":"xpath","value":"//span[contains(text(), \"C002\")]"}
RESULT: {"using":"xpath","value":"//span[contains(text(), \"C002\")]"}
COMMAND: POST /session/cdd2d6a6ff4e4121354b0ded879e8cf3/element/f.3354A31769E1E4013F80CDE1D39C4690.d.C86AB51FC49E6A3A1C3044C03A204056.e.1501/click - {}
RESULT: {}
COMMAND: GET /session/cdd2d6a6ff4e4121354b0ded879e8cf3/screenshot - {}
RESULT: {}
COMMAND: POST /session/cdd2d6a6ff4e4121354b0ded879e8cf3/execute/async - {"script":"<script> [1562 bytes]","args":[{"selector":{"id":"application-managepartners-display-component---NewPartner--btnAddTableRow-img"},"wdio_ui5_key":"applicationmanagepartners-display-component---NewPartner--btnAddTableRow-img"}]}
RESULT: {"script":"<script> [1562 bytes]","args":[{"selector":{"id":"application-managepartners-display-component---NewPartner--btnAddTableRow-img"},"wdio_ui5_key":"applicationmanagepartners-display-component---NewPartner--btnAddTableRow-img"}]}
RESULT: undefined
COMMAND: POST /session/cdd2d6a6ff4e4121354b0ded879e8cf3/element - {"using":"xpath","value":"//*[@id=\"application-managepartners-display-component---NewPartner--btnAddTableRow-img\"]"}
RESULT: {"using":"xpath","value":"//*[@id=\"application-managepartners-display-component---NewPartner--btnAddTableRow-img\"]"}
COMMAND: POST /session/cdd2d6a6ff4e4121354b0ded879e8cf3/element/f.3354A31769E1E4013F80CDE1D39C4690.d.C86AB51FC49E6A3A1C3044C03A204056.e.1502/click - {}
RESULT: {}
COMMAND: GET /session/cdd2d6a6ff4e4121354b0ded879e8cf3/screenshot - {}
RESULT: {}
COMMAND: POST /session/cdd2d6a6ff4e4121354b0ded879e8cf3/element - {"using":"xpath","value":"//input[@id=\"application-managepartners-display-component---NewPartner--assignmentYard-application-managepartners-display-component---NewPartner--assignmentsTable-0-inner\"]"}
RESULT: {"using":"xpath","value":"//input[@id=\"application-managepartners-display-component---NewPartner--assignmentYard-application-managepartners-display-component---NewPartner--assignmentsTable-0-inner\"]"}
COMMAND: POST /session/cdd2d6a6ff4e4121354b0ded879e8cf3/element/f.3354A31769E1E4013F80CDE1D39C4690.d.C86AB51FC49E6A3A1C3044C03A204056.e.1505/clear - {}
RESULT: {}
COMMAND: POST /session/cdd2d6a6ff4e4121354b0ded879e8cf3/element/f.3354A31769E1E4013F80CDE1D39C4690.d.C86AB51FC49E6A3A1C3044C03A204056.e.1505/value - {"text":"696"}
COMMAND: GET /session/cdd2d6a6ff4e4121354b0ded879e8cf3/screenshot - {}
RESULT: {"text":"696"}
COMMAND: GET /session/cdd2d6a6ff4e4121354b0ded879e8cf3/screenshot - {}
RESULT: {}
RESULT: {}
COMMAND: POST /session/cdd2d6a6ff4e4121354b0ded879e8cf3/element - {"using":"xpath","value":"//li[.//span[text()='696']]"}
RESULT: {"using":"xpath","value":"//li[.//span[text()='696']]"}
COMMAND: POST /session/cdd2d6a6ff4e4121354b0ded879e8cf3/element/f.3354A31769E1E4013F80CDE1D39C4690.d.C86AB51FC49E6A3A1C3044C03A204056.e.1513/click - {}
RESULT: {}
COMMAND: GET /session/cdd2d6a6ff4e4121354b0ded879e8cf3/screenshot - {}
RESULT: {}
COMMAND: POST /session/cdd2d6a6ff4e4121354b0ded879e8cf3/actions - {"actions":[{"id":"action2","type":"key","parameters":{},"actions":[{"type":"keyDown","value":""},{"type":"pause","duration":10},{"type":"keyUp","value":""}]}]}
RESULT: {"actions":[{"id":"action2","type":"key","parameters":{},"actions":[{"type":"keyDown","value":""},{"type":"pause","duration":10},{"type":"keyUp","value":""}]}]}
COMMAND: POST /session/cdd2d6a6ff4e4121354b0ded879e8cf3/element - {"using":"xpath","value":"//td[contains(@id, \"assignmentsTable-0-cell2\")]/div/div"}
COMMAND: GET /session/cdd2d6a6ff4e4121354b0ded879e8cf3/screenshot - {}
RESULT: {"using":"xpath","value":"//td[contains(@id, \"assignmentsTable-0-cell2\")]/div/div"}
COMMAND: POST /session/cdd2d6a6ff4e4121354b0ded879e8cf3/element/f.3354A31769E1E4013F80CDE1D39C4690.d.C86AB51FC49E6A3A1C3044C03A204056.e.1516/click - {}
RESULT: {}
RESULT: {}
COMMAND: GET /session/cdd2d6a6ff4e4121354b0ded879e8cf3/screenshot - {}
RESULT: {}
COMMAND: POST /session/cdd2d6a6ff4e4121354b0ded879e8cf3/element - {"using":"xpath","value":"//button[@data-kt=\"saveButton\"]"}
RESULT: {"using":"xpath","value":"//button[@data-kt=\"saveButton\"]"}
COMMAND: POST /session/cdd2d6a6ff4e4121354b0ded879e8cf3/element/f.3354A31769E1E4013F80CDE1D39C4690.d.C86AB51FC49E6A3A1C3044C03A204056.e.1463/click - {}
RESULT: {}
COMMAND: GET /session/cdd2d6a6ff4e4121354b0ded879e8cf3/screenshot - {}
RESULT: {}
COMMAND: POST /session/cdd2d6a6ff4e4121354b0ded879e8cf3/element - {"using":"xpath","value":"//header[contains(@id, 'ObjectPageLayout-headerTitle')]/div[1]/div[2]/div[2]/span[1]"}
RESULT: {"using":"xpath","value":"//header[contains(@id, 'ObjectPageLayout-headerTitle')]/div[1]/div[2]/div[2]/span[1]"}
COMMAND: POST /session/cdd2d6a6ff4e4121354b0ded879e8cf3/elements - {"using":"xpath","value":"//header[contains(@id, 'ObjectPageLayout-headerTitle')]/div[1]/div[2]/div[2]/span[1]"}
RESULT: {"using":"xpath","value":"//header[contains(@id, 'ObjectPageLayout-headerTitle')]/div[1]/div[2]/div[2]/span[1]"}
COMMAND: POST /session/cdd2d6a6ff4e4121354b0ded879e8cf3/execute/sync - {"script":"<script> [56 bytes]","args":[{"element-6066-11e4-a52e-4f735466cecf":"f.3354A31769E1E4013F80CDE1D39C4690.d.C86AB51FC49E6A3A1C3044C03A204056.e.1679","ELEMENT":"f.3354A31769E1E4013F80CDE1D39C4690.d.C86AB51FC49E6A3A1C3044C03A204056.e.1679"}]}
RESULT: {"script":"<script> [56 bytes]","args":[{"element-6066-11e4-a52e-4f735466cecf":"f.3354A31769E1E4013F80CDE1D39C4690.d.C86AB51FC49E6A3A1C3044C03A204056.e.1679","ELEMENT":"f.3354A31769E1E4013F80CDE1D39C4690.d.C86AB51FC49E6A3A1C3044C03A204056.e.1679"}]}
COMMAND: POST /session/cdd2d6a6ff4e4121354b0ded879e8cf3/element - {"using":"css selector","value":"#shell-header-logo"}
COMMAND: GET /session/cdd2d6a6ff4e4121354b0ded879e8cf3/screenshot - {}
RESULT: {"using":"css selector","value":"#shell-header-logo"}
COMMAND: POST /session/cdd2d6a6ff4e4121354b0ded879e8cf3/element/f.3354A31769E1E4013F80CDE1D39C4690.d.C86AB51FC49E6A3A1C3044C03A204056.e.997/click - {}
RESULT: {}
RESULT: {}
COMMAND: GET /session/cdd2d6a6ff4e4121354b0ded879e8cf3/screenshot - {}
RESULT: {}
COMMAND: POST /session/cdd2d6a6ff4e4121354b0ded879e8cf3/execute/sync - {"script":"<script> [299 bytes]","args":[["getModel","getResource"]]}
RESULT: {"script":"<script> [299 bytes]","args":[["getModel","getResource"]]}
]]></system-out>
    </testcase>
    <testcase classname="chrome.135_0_7049_42.windows.Partner_specific_tests_US150819_US151080_US151654_US151176_US103444_US151078_US151079_US151109_US151174_US151175_US151189" name="Should filter and search partners US151080" time="103.718">
      <system-out><![CDATA[
COMMAND: GET /session/cdd2d6a6ff4e4121354b0ded879e8cf3/screenshot - {}
COMMAND: POST /session/cdd2d6a6ff4e4121354b0ded879e8cf3/element - {"using":"xpath","value":"//li[.//span[text()=\"Manage Partners\"]]"}
RESULT: {}
RESULT: {"using":"xpath","value":"//li[.//span[text()=\"Manage Partners\"]]"}
COMMAND: POST /session/cdd2d6a6ff4e4121354b0ded879e8cf3/element - {"using":"xpath","value":"//li[.//span[text()=\"Manage Partners\"]]"}
RESULT: {"using":"xpath","value":"//li[.//span[text()=\"Manage Partners\"]]"}
COMMAND: POST /session/cdd2d6a6ff4e4121354b0ded879e8cf3/element - {"using":"css selector","value":"#shell-header-logo"}
RESULT: {"using":"css selector","value":"#shell-header-logo"}
COMMAND: POST /session/cdd2d6a6ff4e4121354b0ded879e8cf3/element/f.3354A31769E1E4013F80CDE1D39C4690.d.C86AB51FC49E6A3A1C3044C03A204056.e.1681/click - {}
COMMAND: POST /session/cdd2d6a6ff4e4121354b0ded879e8cf3/execute/sync - {"script":"<script> [8489 bytes]","args":[{"element-6066-11e4-a52e-4f735466cecf":"f.3354A31769E1E4013F80CDE1D39C4690.d.C86AB51FC49E6A3A1C3044C03A204056.e.1681","ELEMENT":"f.3354A31769E1E4013F80CDE1D39C4690.d.C86AB51FC49E6A3A1C3044C03A204056.e.1681"}]}
RESULT: {}
COMMAND: GET /session/cdd2d6a6ff4e4121354b0ded879e8cf3/screenshot - {}
RESULT: {"script":"<script> [8489 bytes]","args":[{"element-6066-11e4-a52e-4f735466cecf":"f.3354A31769E1E4013F80CDE1D39C4690.d.C86AB51FC49E6A3A1C3044C03A204056.e.1681","ELEMENT":"f.3354A31769E1E4013F80CDE1D39C4690.d.C86AB51FC49E6A3A1C3044C03A204056.e.1681"}]}
COMMAND: POST /session/cdd2d6a6ff4e4121354b0ded879e8cf3/execute/sync - {"script":"<script> [5351 bytes]","args":[{"element-6066-11e4-a52e-4f735466cecf":"f.3354A31769E1E4013F80CDE1D39C4690.d.C86AB51FC49E6A3A1C3044C03A204056.e.1681","ELEMENT":"f.3354A31769E1E4013F80CDE1D39C4690.d.C86AB51FC49E6A3A1C3044C03A204056.e.1681"}]}
COMMAND: GET /session/cdd2d6a6ff4e4121354b0ded879e8cf3/screenshot - {}
RESULT: {}
RESULT: {"script":"<script> [5351 bytes]","args":[{"element-6066-11e4-a52e-4f735466cecf":"f.3354A31769E1E4013F80CDE1D39C4690.d.C86AB51FC49E6A3A1C3044C03A204056.e.1681","ELEMENT":"f.3354A31769E1E4013F80CDE1D39C4690.d.C86AB51FC49E6A3A1C3044C03A204056.e.1681"}]}
COMMAND: GET /session/cdd2d6a6ff4e4121354b0ded879e8cf3/screenshot - {}
RESULT: {}
RESULT: {}
RESULT: undefined
COMMAND: POST /session/cdd2d6a6ff4e4121354b0ded879e8cf3/element - {"using":"xpath","value":"//*[@id=\"__tile38\"]"}
RESULT: {"using":"xpath","value":"//*[@id=\"__tile38\"]"}
COMMAND: POST /session/cdd2d6a6ff4e4121354b0ded879e8cf3/element/f.3354A31769E1E4013F80CDE1D39C4690.d.C86AB51FC49E6A3A1C3044C03A204056.e.144/click - {}
RESULT: {}
COMMAND: POST /session/cdd2d6a6ff4e4121354b0ded879e8cf3/element - {"using":"xpath","value":"//button[@data-kt=\"addButton\"]"}
COMMAND: GET /session/cdd2d6a6ff4e4121354b0ded879e8cf3/screenshot - {}
RESULT: {"using":"xpath","value":"//button[@data-kt=\"addButton\"]"}
COMMAND: POST /session/cdd2d6a6ff4e4121354b0ded879e8cf3/elements - {"using":"xpath","value":"//button[@data-kt=\"addButton\"]"}
RESULT: {}
RESULT: {"using":"xpath","value":"//button[@data-kt=\"addButton\"]"}
COMMAND: POST /session/cdd2d6a6ff4e4121354b0ded879e8cf3/elements - {"using":"xpath","value":"//button[@data-kt=\"addButton\"]"}
RESULT: {"using":"xpath","value":"//button[@data-kt=\"addButton\"]"}
COMMAND: POST /session/cdd2d6a6ff4e4121354b0ded879e8cf3/elements - {"using":"xpath","value":"//button[@data-kt=\"addButton\"]"}
RESULT: {"using":"xpath","value":"//button[@data-kt=\"addButton\"]"}
COMMAND: POST /session/cdd2d6a6ff4e4121354b0ded879e8cf3/elements - {"using":"xpath","value":"//button[@data-kt=\"addButton\"]"}
RESULT: {"using":"xpath","value":"//button[@data-kt=\"addButton\"]"}
COMMAND: POST /session/cdd2d6a6ff4e4121354b0ded879e8cf3/elements - {"using":"xpath","value":"//button[@data-kt=\"addButton\"]"}
RESULT: {"using":"xpath","value":"//button[@data-kt=\"addButton\"]"}
COMMAND: POST /session/cdd2d6a6ff4e4121354b0ded879e8cf3/element - {"using":"xpath","value":"//button[@data-kt=\"addButton\"]"}
RESULT: {"using":"xpath","value":"//button[@data-kt=\"addButton\"]"}
COMMAND: POST /session/cdd2d6a6ff4e4121354b0ded879e8cf3/execute/sync - {"script":"<script> [8489 bytes]","args":[{"element-6066-11e4-a52e-4f735466cecf":"f.3354A31769E1E4013F80CDE1D39C4690.d.C86AB51FC49E6A3A1C3044C03A204056.e.1726","ELEMENT":"f.3354A31769E1E4013F80CDE1D39C4690.d.C86AB51FC49E6A3A1C3044C03A204056.e.1726"}]}
RESULT: {"script":"<script> [8489 bytes]","args":[{"element-6066-11e4-a52e-4f735466cecf":"f.3354A31769E1E4013F80CDE1D39C4690.d.C86AB51FC49E6A3A1C3044C03A204056.e.1726","ELEMENT":"f.3354A31769E1E4013F80CDE1D39C4690.d.C86AB51FC49E6A3A1C3044C03A204056.e.1726"}]}
COMMAND: GET /session/cdd2d6a6ff4e4121354b0ded879e8cf3/element/f.3354A31769E1E4013F80CDE1D39C4690.d.C86AB51FC49E6A3A1C3044C03A204056.e.1726/enabled - {}
COMMAND: GET /session/cdd2d6a6ff4e4121354b0ded879e8cf3/screenshot - {}
RESULT: {}
COMMAND: POST /session/cdd2d6a6ff4e4121354b0ded879e8cf3/execute/sync - {"script":"<script> [8489 bytes]","args":[{"element-6066-11e4-a52e-4f735466cecf":"f.3354A31769E1E4013F80CDE1D39C4690.d.C86AB51FC49E6A3A1C3044C03A204056.e.1726","ELEMENT":"f.3354A31769E1E4013F80CDE1D39C4690.d.C86AB51FC49E6A3A1C3044C03A204056.e.1726"}]}
COMMAND: GET /session/cdd2d6a6ff4e4121354b0ded879e8cf3/screenshot - {}
RESULT: {}
RESULT: {"script":"<script> [8489 bytes]","args":[{"element-6066-11e4-a52e-4f735466cecf":"f.3354A31769E1E4013F80CDE1D39C4690.d.C86AB51FC49E6A3A1C3044C03A204056.e.1726","ELEMENT":"f.3354A31769E1E4013F80CDE1D39C4690.d.C86AB51FC49E6A3A1C3044C03A204056.e.1726"}]}
COMMAND: POST /session/cdd2d6a6ff4e4121354b0ded879e8cf3/execute/sync - {"script":"<script> [5351 bytes]","args":[{"element-6066-11e4-a52e-4f735466cecf":"f.3354A31769E1E4013F80CDE1D39C4690.d.C86AB51FC49E6A3A1C3044C03A204056.e.1726","ELEMENT":"f.3354A31769E1E4013F80CDE1D39C4690.d.C86AB51FC49E6A3A1C3044C03A204056.e.1726"}]}
COMMAND: GET /session/cdd2d6a6ff4e4121354b0ded879e8cf3/screenshot - {}
RESULT: {}
RESULT: {"script":"<script> [5351 bytes]","args":[{"element-6066-11e4-a52e-4f735466cecf":"f.3354A31769E1E4013F80CDE1D39C4690.d.C86AB51FC49E6A3A1C3044C03A204056.e.1726","ELEMENT":"f.3354A31769E1E4013F80CDE1D39C4690.d.C86AB51FC49E6A3A1C3044C03A204056.e.1726"}]}
COMMAND: GET /session/cdd2d6a6ff4e4121354b0ded879e8cf3/screenshot - {}
RESULT: {}
RESULT: {}
COMMAND: POST /session/cdd2d6a6ff4e4121354b0ded879e8cf3/execute/async - {"script":"<script> [1562 bytes]","args":[{"selector":{"id":"application-managepartners-display-component---masterPtm--smartTable-btnPersonalisation-img"},"wdio_ui5_key":"applicationmanagepartners-display-component---masterPtm--smartTable-btnPersonalisation-img"}]}
RESULT: {"script":"<script> [1562 bytes]","args":[{"selector":{"id":"application-managepartners-display-component---masterPtm--smartTable-btnPersonalisation-img"},"wdio_ui5_key":"applicationmanagepartners-display-component---masterPtm--smartTable-btnPersonalisation-img"}]}
RESULT: undefined
COMMAND: POST /session/cdd2d6a6ff4e4121354b0ded879e8cf3/element - {"using":"xpath","value":"//*[@id=\"application-managepartners-display-component---masterPtm--smartTable-btnPersonalisation-img\"]"}
RESULT: {"using":"xpath","value":"//*[@id=\"application-managepartners-display-component---masterPtm--smartTable-btnPersonalisation-img\"]"}
COMMAND: POST /session/cdd2d6a6ff4e4121354b0ded879e8cf3/element/f.3354A31769E1E4013F80CDE1D39C4690.d.C86AB51FC49E6A3A1C3044C03A204056.e.1731/click - {}
RESULT: {}
COMMAND: GET /session/cdd2d6a6ff4e4121354b0ded879e8cf3/screenshot - {}
RESULT: {}
COMMAND: POST /session/cdd2d6a6ff4e4121354b0ded879e8cf3/execute/async - {"script":"<script> [1562 bytes]","args":[{"selector":{"controlType":"sap.m.IconTabFilter","viewName":"etm.portal.ui.managepartners.view.Master","viewId":"application-managepartners-display-component---masterPtm","properties":{"text":"Sort"},"searchOpenDialogs":true,"interaction":{"idSuffix":"text"}},"wdio_ui5_key":"etmportal.ui.managepartners.view.Mastersap.m.IconTabFilter{\"text\":\"Sort\"}"}]}
RESULT: {"script":"<script> [1562 bytes]","args":[{"selector":{"controlType":"sap.m.IconTabFilter","viewName":"etm.portal.ui.managepartners.view.Master","viewId":"application-managepartners-display-component---masterPtm","properties":{"text":"Sort"},"searchOpenDialogs":true,"interaction":{"idSuffix":"text"}},"wdio_ui5_key":"etmportal.ui.managepartners.view.Mastersap.m.IconTabFilter{\"text\":\"Sort\"}"}]}
RESULT: undefined
COMMAND: POST /session/cdd2d6a6ff4e4121354b0ded879e8cf3/element - {"using":"xpath","value":"//*[@id=\"__filter1\"]"}
RESULT: {"using":"xpath","value":"//*[@id=\"__filter1\"]"}
COMMAND: POST /session/cdd2d6a6ff4e4121354b0ded879e8cf3/element/f.3354A31769E1E4013F80CDE1D39C4690.d.C86AB51FC49E6A3A1C3044C03A204056.e.1871/click - {}
RESULT: {}
COMMAND: GET /session/cdd2d6a6ff4e4121354b0ded879e8cf3/screenshot - {}
RESULT: {}
COMMAND: POST /session/cdd2d6a6ff4e4121354b0ded879e8cf3/element - {"using":"xpath","value":"//input[@placeholder=\"Sort by\"]/following-sibling::div//span"}
RESULT: {"using":"xpath","value":"//input[@placeholder=\"Sort by\"]/following-sibling::div//span"}
COMMAND: POST /session/cdd2d6a6ff4e4121354b0ded879e8cf3/element/f.3354A31769E1E4013F80CDE1D39C4690.d.C86AB51FC49E6A3A1C3044C03A204056.e.1873/click - {}
RESULT: {}
COMMAND: GET /session/cdd2d6a6ff4e4121354b0ded879e8cf3/screenshot - {}
RESULT: {}
COMMAND: POST /session/cdd2d6a6ff4e4121354b0ded879e8cf3/element - {"using":"xpath","value":"//li[.//span[text()=\"Language\"]]"}
RESULT: {"using":"xpath","value":"//li[.//span[text()=\"Language\"]]"}
COMMAND: POST /session/cdd2d6a6ff4e4121354b0ded879e8cf3/element/f.3354A31769E1E4013F80CDE1D39C4690.d.C86AB51FC49E6A3A1C3044C03A204056.e.1874/click - {}
RESULT: {}
COMMAND: GET /session/cdd2d6a6ff4e4121354b0ded879e8cf3/screenshot - {}
RESULT: {}
COMMAND: POST /session/cdd2d6a6ff4e4121354b0ded879e8cf3/element - {"using":"xpath","value":"//bdi[contains(text(), \"OK\")]"}
RESULT: {"using":"xpath","value":"//bdi[contains(text(), \"OK\")]"}
COMMAND: POST /session/cdd2d6a6ff4e4121354b0ded879e8cf3/element/f.3354A31769E1E4013F80CDE1D39C4690.d.C86AB51FC49E6A3A1C3044C03A204056.e.1878/click - {}
RESULT: {}
COMMAND: GET /session/cdd2d6a6ff4e4121354b0ded879e8cf3/screenshot - {}
RESULT: {}
COMMAND: POST /session/cdd2d6a6ff4e4121354b0ded879e8cf3/element - {"using":"xpath","value":"//table[contains(@id, \"customPartnersTable\")]//tbody/tr[1]/td[3]/span"}
RESULT: {"using":"xpath","value":"//table[contains(@id, \"customPartnersTable\")]//tbody/tr[1]/td[3]/span"}
COMMAND: POST /session/cdd2d6a6ff4e4121354b0ded879e8cf3/execute/sync - {"script":"<script> [56 bytes]","args":[{"element-6066-11e4-a52e-4f735466cecf":"f.3354A31769E1E4013F80CDE1D39C4690.d.C86AB51FC49E6A3A1C3044C03A204056.e.2009","ELEMENT":"f.3354A31769E1E4013F80CDE1D39C4690.d.C86AB51FC49E6A3A1C3044C03A204056.e.2009"}]}
RESULT: {"script":"<script> [56 bytes]","args":[{"element-6066-11e4-a52e-4f735466cecf":"f.3354A31769E1E4013F80CDE1D39C4690.d.C86AB51FC49E6A3A1C3044C03A204056.e.2009","ELEMENT":"f.3354A31769E1E4013F80CDE1D39C4690.d.C86AB51FC49E6A3A1C3044C03A204056.e.2009"}]}
RESULT: undefined
COMMAND: POST /session/cdd2d6a6ff4e4121354b0ded879e8cf3/element - {"using":"xpath","value":"//*[@id=\"application-managepartners-display-component---masterPtm--smartTable-btnPersonalisation-img\"]"}
COMMAND: GET /session/cdd2d6a6ff4e4121354b0ded879e8cf3/screenshot - {}
RESULT: {"using":"xpath","value":"//*[@id=\"application-managepartners-display-component---masterPtm--smartTable-btnPersonalisation-img\"]"}
COMMAND: POST /session/cdd2d6a6ff4e4121354b0ded879e8cf3/element/f.3354A31769E1E4013F80CDE1D39C4690.d.C86AB51FC49E6A3A1C3044C03A204056.e.1731/click - {}
RESULT: {}
RESULT: {}
COMMAND: GET /session/cdd2d6a6ff4e4121354b0ded879e8cf3/screenshot - {}
RESULT: {}
COMMAND: POST /session/cdd2d6a6ff4e4121354b0ded879e8cf3/element - {"using":"xpath","value":"//bdi[contains(text(), \"Reset\")]"}
RESULT: {"using":"xpath","value":"//bdi[contains(text(), \"Reset\")]"}
COMMAND: POST /session/cdd2d6a6ff4e4121354b0ded879e8cf3/element/f.3354A31769E1E4013F80CDE1D39C4690.d.C86AB51FC49E6A3A1C3044C03A204056.e.2014/click - {}
RESULT: {}
COMMAND: GET /session/cdd2d6a6ff4e4121354b0ded879e8cf3/screenshot - {}
RESULT: {}
COMMAND: POST /session/cdd2d6a6ff4e4121354b0ded879e8cf3/element - {"using":"xpath","value":"(//bdi[contains(text(), \"OK\")])[2]"}
RESULT: {"using":"xpath","value":"(//bdi[contains(text(), \"OK\")])[2]"}
COMMAND: POST /session/cdd2d6a6ff4e4121354b0ded879e8cf3/element/f.3354A31769E1E4013F80CDE1D39C4690.d.C86AB51FC49E6A3A1C3044C03A204056.e.2016/click - {}
RESULT: {}
COMMAND: GET /session/cdd2d6a6ff4e4121354b0ded879e8cf3/screenshot - {}
RESULT: {}
COMMAND: POST /session/cdd2d6a6ff4e4121354b0ded879e8cf3/element - {"using":"xpath","value":"//bdi[contains(text(), \"OK\")]"}
RESULT: {"using":"xpath","value":"//bdi[contains(text(), \"OK\")]"}
COMMAND: POST /session/cdd2d6a6ff4e4121354b0ded879e8cf3/element/f.3354A31769E1E4013F80CDE1D39C4690.d.C86AB51FC49E6A3A1C3044C03A204056.e.2073/click - {}
RESULT: {}
COMMAND: GET /session/cdd2d6a6ff4e4121354b0ded879e8cf3/screenshot - {}
RESULT: {}
COMMAND: POST /session/cdd2d6a6ff4e4121354b0ded879e8cf3/element - {"using":"xpath","value":"//table[contains(@id, \"customPartnersTable\")]//tbody/tr[1]/td[3]/span"}
RESULT: {"using":"xpath","value":"//table[contains(@id, \"customPartnersTable\")]//tbody/tr[1]/td[3]/span"}
COMMAND: POST /session/cdd2d6a6ff4e4121354b0ded879e8cf3/execute/sync - {"script":"<script> [56 bytes]","args":[{"element-6066-11e4-a52e-4f735466cecf":"f.3354A31769E1E4013F80CDE1D39C4690.d.C86AB51FC49E6A3A1C3044C03A204056.e.2075","ELEMENT":"f.3354A31769E1E4013F80CDE1D39C4690.d.C86AB51FC49E6A3A1C3044C03A204056.e.2075"}]}
RESULT: {"script":"<script> [56 bytes]","args":[{"element-6066-11e4-a52e-4f735466cecf":"f.3354A31769E1E4013F80CDE1D39C4690.d.C86AB51FC49E6A3A1C3044C03A204056.e.2075","ELEMENT":"f.3354A31769E1E4013F80CDE1D39C4690.d.C86AB51FC49E6A3A1C3044C03A204056.e.2075"}]}
RESULT: undefined
COMMAND: POST /session/cdd2d6a6ff4e4121354b0ded879e8cf3/element - {"using":"xpath","value":"//*[@id=\"application-managepartners-display-component---masterPtm--smartTable-btnPersonalisation-img\"]"}
COMMAND: GET /session/cdd2d6a6ff4e4121354b0ded879e8cf3/screenshot - {}
RESULT: {"using":"xpath","value":"//*[@id=\"application-managepartners-display-component---masterPtm--smartTable-btnPersonalisation-img\"]"}
COMMAND: POST /session/cdd2d6a6ff4e4121354b0ded879e8cf3/element/f.3354A31769E1E4013F80CDE1D39C4690.d.C86AB51FC49E6A3A1C3044C03A204056.e.1731/click - {}
RESULT: {}
RESULT: {}
COMMAND: GET /session/cdd2d6a6ff4e4121354b0ded879e8cf3/screenshot - {}
RESULT: {}
COMMAND: POST /session/cdd2d6a6ff4e4121354b0ded879e8cf3/execute/async - {"script":"<script> [1562 bytes]","args":[{"selector":{"controlType":"sap.m.IconTabFilter","viewName":"etm.portal.ui.managepartners.view.Master","viewId":"application-managepartners-display-component---masterPtm","properties":{"text":"Filter"},"searchOpenDialogs":true,"interaction":{"idSuffix":"text"}},"wdio_ui5_key":"etmportal.ui.managepartners.view.Mastersap.m.IconTabFilter{\"text\":\"Filter\"}"}]}
RESULT: {"script":"<script> [1562 bytes]","args":[{"selector":{"controlType":"sap.m.IconTabFilter","viewName":"etm.portal.ui.managepartners.view.Master","viewId":"application-managepartners-display-component---masterPtm","properties":{"text":"Filter"},"searchOpenDialogs":true,"interaction":{"idSuffix":"text"}},"wdio_ui5_key":"etmportal.ui.managepartners.view.Mastersap.m.IconTabFilter{\"text\":\"Filter\"}"}]}
RESULT: undefined
COMMAND: POST /session/cdd2d6a6ff4e4121354b0ded879e8cf3/element - {"using":"xpath","value":"//*[@id=\"__filter10\"]"}
RESULT: {"using":"xpath","value":"//*[@id=\"__filter10\"]"}
COMMAND: POST /session/cdd2d6a6ff4e4121354b0ded879e8cf3/element/f.3354A31769E1E4013F80CDE1D39C4690.d.C86AB51FC49E6A3A1C3044C03A204056.e.2080/click - {}
RESULT: {}
COMMAND: GET /session/cdd2d6a6ff4e4121354b0ded879e8cf3/screenshot - {}
RESULT: {}
COMMAND: POST /session/cdd2d6a6ff4e4121354b0ded879e8cf3/element - {"using":"xpath","value":"//input[@placeholder=\"Filter by\"]/following-sibling::div//span"}
RESULT: {"using":"xpath","value":"//input[@placeholder=\"Filter by\"]/following-sibling::div//span"}
COMMAND: POST /session/cdd2d6a6ff4e4121354b0ded879e8cf3/element/f.3354A31769E1E4013F80CDE1D39C4690.d.C86AB51FC49E6A3A1C3044C03A204056.e.2082/click - {}
RESULT: {}
COMMAND: GET /session/cdd2d6a6ff4e4121354b0ded879e8cf3/screenshot - {}
RESULT: {}
COMMAND: POST /session/cdd2d6a6ff4e4121354b0ded879e8cf3/element - {"using":"xpath","value":"//li[.//span[text()=\"Preferred Yard\"]]"}
RESULT: {"using":"xpath","value":"//li[.//span[text()=\"Preferred Yard\"]]"}
COMMAND: POST /session/cdd2d6a6ff4e4121354b0ded879e8cf3/element/f.3354A31769E1E4013F80CDE1D39C4690.d.C86AB51FC49E6A3A1C3044C03A204056.e.2083/click - {}
RESULT: {}
COMMAND: GET /session/cdd2d6a6ff4e4121354b0ded879e8cf3/screenshot - {}
RESULT: {}
COMMAND: POST /session/cdd2d6a6ff4e4121354b0ded879e8cf3/execute/async - {"script":"<script> [1562 bytes]","args":[{"selector":{"id":"FilterPanel-filterItemControl_BASIC-application-managepartners-display-component---masterPtm--smartTable-YARDYARD-vhi","searchOpenDialogs":true},"wdio_ui5_key":"FilterPanelfilterItemControl_BASIC-application-managepartners-display-component---masterPtm--smartTable-YARDYARD-vhi"}]}
RESULT: {"script":"<script> [1562 bytes]","args":[{"selector":{"id":"FilterPanel-filterItemControl_BASIC-application-managepartners-display-component---masterPtm--smartTable-YARDYARD-vhi","searchOpenDialogs":true},"wdio_ui5_key":"FilterPanelfilterItemControl_BASIC-application-managepartners-display-component---masterPtm--smartTable-YARDYARD-vhi"}]}
RESULT: undefined
COMMAND: POST /session/cdd2d6a6ff4e4121354b0ded879e8cf3/element - {"using":"xpath","value":"//*[@id=\"FilterPanel-filterItemControl_BASIC-application-managepartners-display-component---masterPtm--smartTable-YARDYARD-vhi\"]"}
RESULT: {"using":"xpath","value":"//*[@id=\"FilterPanel-filterItemControl_BASIC-application-managepartners-display-component---masterPtm--smartTable-YARDYARD-vhi\"]"}
COMMAND: POST /session/cdd2d6a6ff4e4121354b0ded879e8cf3/element/f.3354A31769E1E4013F80CDE1D39C4690.d.C86AB51FC49E6A3A1C3044C03A204056.e.2086/click - {}
RESULT: {}
COMMAND: GET /session/cdd2d6a6ff4e4121354b0ded879e8cf3/screenshot - {}
RESULT: {}
COMMAND: POST /session/cdd2d6a6ff4e4121354b0ded879e8cf3/execute/async - {"script":"<script> [1562 bytes]","args":[{"selector":{"id":"FilterPanel-filterItemControl_BASIC-application-managepartners-display-component---masterPtm--smartTable-YARDYARD-valueHelpDialog-smartFilterBar-btnBasicSearch","searchOpenDialogs":true,"interaction":{"idSuffix":"I"}},"wdio_ui5_key":"FilterPanelfilterItemControl_BASIC-application-managepartners-display-component---masterPtm--smartTable-YARDYARD-valueHelpDialog-smartFilterBar-btnBasicSearch"}]}
RESULT: {"script":"<script> [1562 bytes]","args":[{"selector":{"id":"FilterPanel-filterItemControl_BASIC-application-managepartners-display-component---masterPtm--smartTable-YARDYARD-valueHelpDialog-smartFilterBar-btnBasicSearch","searchOpenDialogs":true,"interaction":{"idSuffix":"I"}},"wdio_ui5_key":"FilterPanelfilterItemControl_BASIC-application-managepartners-display-component---masterPtm--smartTable-YARDYARD-valueHelpDialog-smartFilterBar-btnBasicSearch"}]}
RESULT: undefined
COMMAND: POST /session/cdd2d6a6ff4e4121354b0ded879e8cf3/execute/async - {"script":"<script> [776 bytes]","args":[{"enterText":"696","selector":{"id":"FilterPanel-filterItemControl_BASIC-application-managepartners-display-component---masterPtm--smartTable-YARDYARD-valueHelpDialog-smartFilterBar-btnBasicSearch","searchOpenDialogs":true,"interaction":{"idSuffix":"I"}},"clearTextFirst":true,"interactionType":"ENTER_TEXT"}]}
RESULT: {"script":"<script> [776 bytes]","args":[{"enterText":"696","selector":{"id":"FilterPanel-filterItemControl_BASIC-application-managepartners-display-component---masterPtm--smartTable-YARDYARD-valueHelpDialog-smartFilterBar-btnBasicSearch","searchOpenDialogs":true,"interaction":{"idSuffix":"I"}},"clearTextFirst":true,"interactionType":"ENTER_TEXT"}]}
COMMAND: POST /session/cdd2d6a6ff4e4121354b0ded879e8cf3/actions - {"actions":[{"id":"action3","type":"key","parameters":{},"actions":[{"type":"keyDown","value":""},{"type":"pause","duration":10},{"type":"keyUp","value":""}]}]}
RESULT: {"actions":[{"id":"action3","type":"key","parameters":{},"actions":[{"type":"keyDown","value":""},{"type":"pause","duration":10},{"type":"keyUp","value":""}]}]}
COMMAND: GET /session/cdd2d6a6ff4e4121354b0ded879e8cf3/screenshot - {}
RESULT: {}
COMMAND: POST /session/cdd2d6a6ff4e4121354b0ded879e8cf3/elements - {"using":"xpath","value":"//table[contains(@id, \"smartTable-YARDYARD-valueHelpDialog-table-table\")]/tbody/tr"}
RESULT: {"using":"xpath","value":"//table[contains(@id, \"smartTable-YARDYARD-valueHelpDialog-table-table\")]/tbody/tr"}
COMMAND: POST /session/cdd2d6a6ff4e4121354b0ded879e8cf3/element - {"using":"xpath","value":"//table[contains(@id, \"smartTable-YARDYARD-valueHelpDialog-table-table\")]/tbody/tr[1]/td[1]/div/span"}
RESULT: {"using":"xpath","value":"//table[contains(@id, \"smartTable-YARDYARD-valueHelpDialog-table-table\")]/tbody/tr[1]/td[1]/div/span"}
COMMAND: POST /session/cdd2d6a6ff4e4121354b0ded879e8cf3/elements - {"using":"xpath","value":"//table[contains(@id, \"smartTable-YARDYARD-valueHelpDialog-table-table\")]/tbody/tr[1]/td[1]/div/span"}
RESULT: {"using":"xpath","value":"//table[contains(@id, \"smartTable-YARDYARD-valueHelpDialog-table-table\")]/tbody/tr[1]/td[1]/div/span"}
COMMAND: POST /session/cdd2d6a6ff4e4121354b0ded879e8cf3/execute/sync - {"script":"<script> [56 bytes]","args":[{"element-6066-11e4-a52e-4f735466cecf":"f.3354A31769E1E4013F80CDE1D39C4690.d.C86AB51FC49E6A3A1C3044C03A204056.e.2105","ELEMENT":"f.3354A31769E1E4013F80CDE1D39C4690.d.C86AB51FC49E6A3A1C3044C03A204056.e.2105"}]}
RESULT: {"script":"<script> [56 bytes]","args":[{"element-6066-11e4-a52e-4f735466cecf":"f.3354A31769E1E4013F80CDE1D39C4690.d.C86AB51FC49E6A3A1C3044C03A204056.e.2105","ELEMENT":"f.3354A31769E1E4013F80CDE1D39C4690.d.C86AB51FC49E6A3A1C3044C03A204056.e.2105"}]}
COMMAND: POST /session/cdd2d6a6ff4e4121354b0ded879e8cf3/element - {"using":"xpath","value":"//div[contains(@id, \"YARDYARD-valueHelpDialog-table-rowsel0\")]"}
COMMAND: GET /session/cdd2d6a6ff4e4121354b0ded879e8cf3/screenshot - {}
RESULT: {"using":"xpath","value":"//div[contains(@id, \"YARDYARD-valueHelpDialog-table-rowsel0\")]"}
COMMAND: POST /session/cdd2d6a6ff4e4121354b0ded879e8cf3/element/f.3354A31769E1E4013F80CDE1D39C4690.d.C86AB51FC49E6A3A1C3044C03A204056.e.2106/click - {}
RESULT: {}
RESULT: {}
COMMAND: GET /session/cdd2d6a6ff4e4121354b0ded879e8cf3/screenshot - {}
RESULT: {}
COMMAND: POST /session/cdd2d6a6ff4e4121354b0ded879e8cf3/element - {"using":"xpath","value":"(//bdi[contains(text(), \"OK\")])[2]"}
RESULT: {"using":"xpath","value":"(//bdi[contains(text(), \"OK\")])[2]"}
COMMAND: POST /session/cdd2d6a6ff4e4121354b0ded879e8cf3/element/f.3354A31769E1E4013F80CDE1D39C4690.d.C86AB51FC49E6A3A1C3044C03A204056.e.2108/click - {}
RESULT: {}
COMMAND: GET /session/cdd2d6a6ff4e4121354b0ded879e8cf3/screenshot - {}
RESULT: {}
COMMAND: POST /session/cdd2d6a6ff4e4121354b0ded879e8cf3/element - {"using":"xpath","value":"//bdi[contains(text(), \"OK\")]"}
RESULT: {"using":"xpath","value":"//bdi[contains(text(), \"OK\")]"}
COMMAND: POST /session/cdd2d6a6ff4e4121354b0ded879e8cf3/element/f.3354A31769E1E4013F80CDE1D39C4690.d.C86AB51FC49E6A3A1C3044C03A204056.e.2111/click - {}
RESULT: {}
COMMAND: GET /session/cdd2d6a6ff4e4121354b0ded879e8cf3/screenshot - {}
RESULT: {}
COMMAND: POST /session/cdd2d6a6ff4e4121354b0ded879e8cf3/element - {"using":"xpath","value":"//table[contains(@id, \"customPartnersTable\")]//tbody/tr[1]/td[3]/span"}
RESULT: {"using":"xpath","value":"//table[contains(@id, \"customPartnersTable\")]//tbody/tr[1]/td[3]/span"}
COMMAND: POST /session/cdd2d6a6ff4e4121354b0ded879e8cf3/execute/sync - {"script":"<script> [56 bytes]","args":[{"element-6066-11e4-a52e-4f735466cecf":"f.3354A31769E1E4013F80CDE1D39C4690.d.C86AB51FC49E6A3A1C3044C03A204056.e.2075","ELEMENT":"f.3354A31769E1E4013F80CDE1D39C4690.d.C86AB51FC49E6A3A1C3044C03A204056.e.2075"}]}
RESULT: {"script":"<script> [56 bytes]","args":[{"element-6066-11e4-a52e-4f735466cecf":"f.3354A31769E1E4013F80CDE1D39C4690.d.C86AB51FC49E6A3A1C3044C03A204056.e.2075","ELEMENT":"f.3354A31769E1E4013F80CDE1D39C4690.d.C86AB51FC49E6A3A1C3044C03A204056.e.2075"}]}
COMMAND: POST /session/cdd2d6a6ff4e4121354b0ded879e8cf3/element - {"using":"css selector","value":"#shell-header-logo"}
COMMAND: GET /session/cdd2d6a6ff4e4121354b0ded879e8cf3/screenshot - {}
RESULT: {"using":"css selector","value":"#shell-header-logo"}
COMMAND: POST /session/cdd2d6a6ff4e4121354b0ded879e8cf3/element/f.3354A31769E1E4013F80CDE1D39C4690.d.C86AB51FC49E6A3A1C3044C03A204056.e.1681/click - {}
RESULT: {}
RESULT: {}
COMMAND: GET /session/cdd2d6a6ff4e4121354b0ded879e8cf3/screenshot - {}
RESULT: {}
]]></system-out>
    </testcase>
    <testcase classname="chrome.135_0_7049_42.windows.Partner_specific_tests_US150819_US151080_US151654_US151176_US103444_US151078_US151079_US151109_US151174_US151175_US151189" name="Should deactivate the created partner in earlier step US151654" time="56.37">
      <system-out><![CDATA[
COMMAND: POST /session/cdd2d6a6ff4e4121354b0ded879e8cf3/element - {"using":"xpath","value":"//li[.//span[text()=\"Manage Partners\"]]"}
RESULT: {"using":"xpath","value":"//li[.//span[text()=\"Manage Partners\"]]"}
COMMAND: POST /session/cdd2d6a6ff4e4121354b0ded879e8cf3/element - {"using":"xpath","value":"//li[.//span[text()=\"Manage Partners\"]]"}
RESULT: {"using":"xpath","value":"//li[.//span[text()=\"Manage Partners\"]]"}
COMMAND: POST /session/cdd2d6a6ff4e4121354b0ded879e8cf3/element - {"using":"css selector","value":"#shell-header-logo"}
RESULT: {"using":"css selector","value":"#shell-header-logo"}
COMMAND: POST /session/cdd2d6a6ff4e4121354b0ded879e8cf3/element/f.3354A31769E1E4013F80CDE1D39C4690.d.C86AB51FC49E6A3A1C3044C03A204056.e.2160/click - {}
COMMAND: POST /session/cdd2d6a6ff4e4121354b0ded879e8cf3/execute/sync - {"script":"<script> [8489 bytes]","args":[{"element-6066-11e4-a52e-4f735466cecf":"f.3354A31769E1E4013F80CDE1D39C4690.d.C86AB51FC49E6A3A1C3044C03A204056.e.2160","ELEMENT":"f.3354A31769E1E4013F80CDE1D39C4690.d.C86AB51FC49E6A3A1C3044C03A204056.e.2160"}]}
RESULT: {}
COMMAND: GET /session/cdd2d6a6ff4e4121354b0ded879e8cf3/screenshot - {}
RESULT: {"script":"<script> [8489 bytes]","args":[{"element-6066-11e4-a52e-4f735466cecf":"f.3354A31769E1E4013F80CDE1D39C4690.d.C86AB51FC49E6A3A1C3044C03A204056.e.2160","ELEMENT":"f.3354A31769E1E4013F80CDE1D39C4690.d.C86AB51FC49E6A3A1C3044C03A204056.e.2160"}]}
COMMAND: POST /session/cdd2d6a6ff4e4121354b0ded879e8cf3/execute/sync - {"script":"<script> [5351 bytes]","args":[{"element-6066-11e4-a52e-4f735466cecf":"f.3354A31769E1E4013F80CDE1D39C4690.d.C86AB51FC49E6A3A1C3044C03A204056.e.2160","ELEMENT":"f.3354A31769E1E4013F80CDE1D39C4690.d.C86AB51FC49E6A3A1C3044C03A204056.e.2160"}]}
COMMAND: GET /session/cdd2d6a6ff4e4121354b0ded879e8cf3/screenshot - {}
RESULT: {}
RESULT: {"script":"<script> [5351 bytes]","args":[{"element-6066-11e4-a52e-4f735466cecf":"f.3354A31769E1E4013F80CDE1D39C4690.d.C86AB51FC49E6A3A1C3044C03A204056.e.2160","ELEMENT":"f.3354A31769E1E4013F80CDE1D39C4690.d.C86AB51FC49E6A3A1C3044C03A204056.e.2160"}]}
COMMAND: GET /session/cdd2d6a6ff4e4121354b0ded879e8cf3/screenshot - {}
RESULT: {}
RESULT: {}
RESULT: undefined
COMMAND: POST /session/cdd2d6a6ff4e4121354b0ded879e8cf3/element - {"using":"xpath","value":"//*[@id=\"__tile38\"]"}
RESULT: {"using":"xpath","value":"//*[@id=\"__tile38\"]"}
COMMAND: POST /session/cdd2d6a6ff4e4121354b0ded879e8cf3/element/f.3354A31769E1E4013F80CDE1D39C4690.d.C86AB51FC49E6A3A1C3044C03A204056.e.144/click - {}
RESULT: {}
COMMAND: POST /session/cdd2d6a6ff4e4121354b0ded879e8cf3/element - {"using":"xpath","value":"//button[@data-kt=\"addButton\"]"}
COMMAND: GET /session/cdd2d6a6ff4e4121354b0ded879e8cf3/screenshot - {}
RESULT: {"using":"xpath","value":"//button[@data-kt=\"addButton\"]"}
COMMAND: POST /session/cdd2d6a6ff4e4121354b0ded879e8cf3/elements - {"using":"xpath","value":"//button[@data-kt=\"addButton\"]"}
RESULT: {}
RESULT: {"using":"xpath","value":"//button[@data-kt=\"addButton\"]"}
COMMAND: POST /session/cdd2d6a6ff4e4121354b0ded879e8cf3/elements - {"using":"xpath","value":"//button[@data-kt=\"addButton\"]"}
RESULT: {"using":"xpath","value":"//button[@data-kt=\"addButton\"]"}
COMMAND: POST /session/cdd2d6a6ff4e4121354b0ded879e8cf3/elements - {"using":"xpath","value":"//button[@data-kt=\"addButton\"]"}
RESULT: {"using":"xpath","value":"//button[@data-kt=\"addButton\"]"}
COMMAND: POST /session/cdd2d6a6ff4e4121354b0ded879e8cf3/elements - {"using":"xpath","value":"//button[@data-kt=\"addButton\"]"}
RESULT: {"using":"xpath","value":"//button[@data-kt=\"addButton\"]"}
COMMAND: POST /session/cdd2d6a6ff4e4121354b0ded879e8cf3/elements - {"using":"xpath","value":"//button[@data-kt=\"addButton\"]"}
RESULT: {"using":"xpath","value":"//button[@data-kt=\"addButton\"]"}
COMMAND: POST /session/cdd2d6a6ff4e4121354b0ded879e8cf3/elements - {"using":"xpath","value":"//button[@data-kt=\"addButton\"]"}
RESULT: {"using":"xpath","value":"//button[@data-kt=\"addButton\"]"}
COMMAND: POST /session/cdd2d6a6ff4e4121354b0ded879e8cf3/elements - {"using":"xpath","value":"//button[@data-kt=\"addButton\"]"}
RESULT: {"using":"xpath","value":"//button[@data-kt=\"addButton\"]"}
COMMAND: POST /session/cdd2d6a6ff4e4121354b0ded879e8cf3/elements - {"using":"xpath","value":"//button[@data-kt=\"addButton\"]"}
RESULT: {"using":"xpath","value":"//button[@data-kt=\"addButton\"]"}
COMMAND: POST /session/cdd2d6a6ff4e4121354b0ded879e8cf3/elements - {"using":"xpath","value":"//button[@data-kt=\"addButton\"]"}
RESULT: {"using":"xpath","value":"//button[@data-kt=\"addButton\"]"}
COMMAND: POST /session/cdd2d6a6ff4e4121354b0ded879e8cf3/elements - {"using":"xpath","value":"//button[@data-kt=\"addButton\"]"}
RESULT: {"using":"xpath","value":"//button[@data-kt=\"addButton\"]"}
COMMAND: POST /session/cdd2d6a6ff4e4121354b0ded879e8cf3/elements - {"using":"xpath","value":"//button[@data-kt=\"addButton\"]"}
RESULT: {"using":"xpath","value":"//button[@data-kt=\"addButton\"]"}
COMMAND: POST /session/cdd2d6a6ff4e4121354b0ded879e8cf3/elements - {"using":"xpath","value":"//button[@data-kt=\"addButton\"]"}
RESULT: {"using":"xpath","value":"//button[@data-kt=\"addButton\"]"}
COMMAND: POST /session/cdd2d6a6ff4e4121354b0ded879e8cf3/elements - {"using":"xpath","value":"//button[@data-kt=\"addButton\"]"}
RESULT: {"using":"xpath","value":"//button[@data-kt=\"addButton\"]"}
COMMAND: POST /session/cdd2d6a6ff4e4121354b0ded879e8cf3/elements - {"using":"xpath","value":"//button[@data-kt=\"addButton\"]"}
RESULT: {"using":"xpath","value":"//button[@data-kt=\"addButton\"]"}
COMMAND: POST /session/cdd2d6a6ff4e4121354b0ded879e8cf3/elements - {"using":"xpath","value":"//button[@data-kt=\"addButton\"]"}
RESULT: {"using":"xpath","value":"//button[@data-kt=\"addButton\"]"}
COMMAND: POST /session/cdd2d6a6ff4e4121354b0ded879e8cf3/elements - {"using":"xpath","value":"//button[@data-kt=\"addButton\"]"}
RESULT: {"using":"xpath","value":"//button[@data-kt=\"addButton\"]"}
COMMAND: POST /session/cdd2d6a6ff4e4121354b0ded879e8cf3/elements - {"using":"xpath","value":"//button[@data-kt=\"addButton\"]"}
RESULT: {"using":"xpath","value":"//button[@data-kt=\"addButton\"]"}
COMMAND: POST /session/cdd2d6a6ff4e4121354b0ded879e8cf3/elements - {"using":"xpath","value":"//button[@data-kt=\"addButton\"]"}
RESULT: {"using":"xpath","value":"//button[@data-kt=\"addButton\"]"}
COMMAND: POST /session/cdd2d6a6ff4e4121354b0ded879e8cf3/element - {"using":"xpath","value":"//button[@data-kt=\"addButton\"]"}
RESULT: {"using":"xpath","value":"//button[@data-kt=\"addButton\"]"}
COMMAND: POST /session/cdd2d6a6ff4e4121354b0ded879e8cf3/execute/sync - {"script":"<script> [8489 bytes]","args":[{"element-6066-11e4-a52e-4f735466cecf":"f.3354A31769E1E4013F80CDE1D39C4690.d.C86AB51FC49E6A3A1C3044C03A204056.e.2194","ELEMENT":"f.3354A31769E1E4013F80CDE1D39C4690.d.C86AB51FC49E6A3A1C3044C03A204056.e.2194"}]}
RESULT: {"script":"<script> [8489 bytes]","args":[{"element-6066-11e4-a52e-4f735466cecf":"f.3354A31769E1E4013F80CDE1D39C4690.d.C86AB51FC49E6A3A1C3044C03A204056.e.2194","ELEMENT":"f.3354A31769E1E4013F80CDE1D39C4690.d.C86AB51FC49E6A3A1C3044C03A204056.e.2194"}]}
COMMAND: GET /session/cdd2d6a6ff4e4121354b0ded879e8cf3/element/f.3354A31769E1E4013F80CDE1D39C4690.d.C86AB51FC49E6A3A1C3044C03A204056.e.2194/enabled - {}
COMMAND: GET /session/cdd2d6a6ff4e4121354b0ded879e8cf3/screenshot - {}
RESULT: {}
COMMAND: POST /session/cdd2d6a6ff4e4121354b0ded879e8cf3/execute/sync - {"script":"<script> [8489 bytes]","args":[{"element-6066-11e4-a52e-4f735466cecf":"f.3354A31769E1E4013F80CDE1D39C4690.d.C86AB51FC49E6A3A1C3044C03A204056.e.2194","ELEMENT":"f.3354A31769E1E4013F80CDE1D39C4690.d.C86AB51FC49E6A3A1C3044C03A204056.e.2194"}]}
COMMAND: GET /session/cdd2d6a6ff4e4121354b0ded879e8cf3/screenshot - {}
RESULT: {}
RESULT: {"script":"<script> [8489 bytes]","args":[{"element-6066-11e4-a52e-4f735466cecf":"f.3354A31769E1E4013F80CDE1D39C4690.d.C86AB51FC49E6A3A1C3044C03A204056.e.2194","ELEMENT":"f.3354A31769E1E4013F80CDE1D39C4690.d.C86AB51FC49E6A3A1C3044C03A204056.e.2194"}]}
COMMAND: POST /session/cdd2d6a6ff4e4121354b0ded879e8cf3/execute/sync - {"script":"<script> [5351 bytes]","args":[{"element-6066-11e4-a52e-4f735466cecf":"f.3354A31769E1E4013F80CDE1D39C4690.d.C86AB51FC49E6A3A1C3044C03A204056.e.2194","ELEMENT":"f.3354A31769E1E4013F80CDE1D39C4690.d.C86AB51FC49E6A3A1C3044C03A204056.e.2194"}]}
COMMAND: GET /session/cdd2d6a6ff4e4121354b0ded879e8cf3/screenshot - {}
RESULT: {}
RESULT: {"script":"<script> [5351 bytes]","args":[{"element-6066-11e4-a52e-4f735466cecf":"f.3354A31769E1E4013F80CDE1D39C4690.d.C86AB51FC49E6A3A1C3044C03A204056.e.2194","ELEMENT":"f.3354A31769E1E4013F80CDE1D39C4690.d.C86AB51FC49E6A3A1C3044C03A204056.e.2194"}]}
COMMAND: GET /session/cdd2d6a6ff4e4121354b0ded879e8cf3/screenshot - {}
RESULT: {}
RESULT: {}
COMMAND: POST /session/cdd2d6a6ff4e4121354b0ded879e8cf3/execute/async - {"script":"<script> [1562 bytes]","args":[{"selector":{"id":"application-managepartners-display-component---masterPtm--smartFilterBar-btnBasicSearch","interaction":{"idSuffix":"I"}},"wdio_ui5_key":"applicationmanagepartners-display-component---masterPtm--smartFilterBar-btnBasicSearch"}]}
RESULT: {"script":"<script> [1562 bytes]","args":[{"selector":{"id":"application-managepartners-display-component---masterPtm--smartFilterBar-btnBasicSearch","interaction":{"idSuffix":"I"}},"wdio_ui5_key":"applicationmanagepartners-display-component---masterPtm--smartFilterBar-btnBasicSearch"}]}
RESULT: undefined
COMMAND: POST /session/cdd2d6a6ff4e4121354b0ded879e8cf3/execute/async - {"script":"<script> [776 bytes]","args":[{"enterText":"1551","selector":{"id":"application-managepartners-display-component---masterPtm--smartFilterBar-btnBasicSearch","interaction":{"idSuffix":"I"}},"clearTextFirst":true,"interactionType":"ENTER_TEXT"}]}
RESULT: {"script":"<script> [776 bytes]","args":[{"enterText":"1551","selector":{"id":"application-managepartners-display-component---masterPtm--smartFilterBar-btnBasicSearch","interaction":{"idSuffix":"I"}},"clearTextFirst":true,"interactionType":"ENTER_TEXT"}]}
COMMAND: POST /session/cdd2d6a6ff4e4121354b0ded879e8cf3/actions - {"actions":[{"id":"action4","type":"key","parameters":{},"actions":[{"type":"keyDown","value":""},{"type":"pause","duration":10},{"type":"keyUp","value":""}]}]}
RESULT: {"actions":[{"id":"action4","type":"key","parameters":{},"actions":[{"type":"keyDown","value":""},{"type":"pause","duration":10},{"type":"keyUp","value":""}]}]}
COMMAND: GET /session/cdd2d6a6ff4e4121354b0ded879e8cf3/screenshot - {}
RESULT: {}
COMMAND: POST /session/cdd2d6a6ff4e4121354b0ded879e8cf3/elements - {"using":"xpath","value":"//table[contains(@id, \"customPartnersTable-listUl\")]/tbody/tr"}
RESULT: {"using":"xpath","value":"//table[contains(@id, \"customPartnersTable-listUl\")]/tbody/tr"}
COMMAND: POST /session/cdd2d6a6ff4e4121354b0ded879e8cf3/element - {"using":"xpath","value":"//table[contains(@id, \"customPartnersTable-listUl\")]/tbody/tr[1]/td[3]/span"}
RESULT: {"using":"xpath","value":"//table[contains(@id, \"customPartnersTable-listUl\")]/tbody/tr[1]/td[3]/span"}
COMMAND: POST /session/cdd2d6a6ff4e4121354b0ded879e8cf3/elements - {"using":"xpath","value":"//table[contains(@id, \"customPartnersTable-listUl\")]/tbody/tr[1]/td[3]/span"}
RESULT: {"using":"xpath","value":"//table[contains(@id, \"customPartnersTable-listUl\")]/tbody/tr[1]/td[3]/span"}
COMMAND: POST /session/cdd2d6a6ff4e4121354b0ded879e8cf3/execute/sync - {"script":"<script> [56 bytes]","args":[{"element-6066-11e4-a52e-4f735466cecf":"f.3354A31769E1E4013F80CDE1D39C4690.d.C86AB51FC49E6A3A1C3044C03A204056.e.2341","ELEMENT":"f.3354A31769E1E4013F80CDE1D39C4690.d.C86AB51FC49E6A3A1C3044C03A204056.e.2341"}]}
RESULT: {"script":"<script> [56 bytes]","args":[{"element-6066-11e4-a52e-4f735466cecf":"f.3354A31769E1E4013F80CDE1D39C4690.d.C86AB51FC49E6A3A1C3044C03A204056.e.2341","ELEMENT":"f.3354A31769E1E4013F80CDE1D39C4690.d.C86AB51FC49E6A3A1C3044C03A204056.e.2341"}]}
COMMAND: POST /session/cdd2d6a6ff4e4121354b0ded879e8cf3/element - {"using":"xpath","value":"//table[contains(@id, \"customPartnersTable-listUl\")]/tbody/tr[1]/td[7]/div/span"}
COMMAND: GET /session/cdd2d6a6ff4e4121354b0ded879e8cf3/screenshot - {}
RESULT: {"using":"xpath","value":"//table[contains(@id, \"customPartnersTable-listUl\")]/tbody/tr[1]/td[7]/div/span"}
COMMAND: POST /session/cdd2d6a6ff4e4121354b0ded879e8cf3/execute/sync - {"script":"<script> [56 bytes]","args":[{"element-6066-11e4-a52e-4f735466cecf":"f.3354A31769E1E4013F80CDE1D39C4690.d.C86AB51FC49E6A3A1C3044C03A204056.e.2342","ELEMENT":"f.3354A31769E1E4013F80CDE1D39C4690.d.C86AB51FC49E6A3A1C3044C03A204056.e.2342"}]}
RESULT: {}
RESULT: {"script":"<script> [56 bytes]","args":[{"element-6066-11e4-a52e-4f735466cecf":"f.3354A31769E1E4013F80CDE1D39C4690.d.C86AB51FC49E6A3A1C3044C03A204056.e.2342","ELEMENT":"f.3354A31769E1E4013F80CDE1D39C4690.d.C86AB51FC49E6A3A1C3044C03A204056.e.2342"}]}
COMMAND: POST /session/cdd2d6a6ff4e4121354b0ded879e8cf3/element - {"using":"xpath","value":"//table[contains(@id, \"customPartnersTable-listUl\")]/tbody/tr[1]/td[2]/div/div"}
COMMAND: GET /session/cdd2d6a6ff4e4121354b0ded879e8cf3/screenshot - {}
RESULT: {"using":"xpath","value":"//table[contains(@id, \"customPartnersTable-listUl\")]/tbody/tr[1]/td[2]/div/div"}
COMMAND: POST /session/cdd2d6a6ff4e4121354b0ded879e8cf3/element/f.3354A31769E1E4013F80CDE1D39C4690.d.C86AB51FC49E6A3A1C3044C03A204056.e.2343/click - {}
RESULT: {}
RESULT: {}
COMMAND: GET /session/cdd2d6a6ff4e4121354b0ded879e8cf3/screenshot - {}
RESULT: {}
COMMAND: POST /session/cdd2d6a6ff4e4121354b0ded879e8cf3/element - {"using":"xpath","value":"//bdi[contains(text(), \"Deactivate\")]"}
RESULT: {"using":"xpath","value":"//bdi[contains(text(), \"Deactivate\")]"}
COMMAND: POST /session/cdd2d6a6ff4e4121354b0ded879e8cf3/element/f.3354A31769E1E4013F80CDE1D39C4690.d.C86AB51FC49E6A3A1C3044C03A204056.e.2344/click - {}
RESULT: {}
COMMAND: GET /session/cdd2d6a6ff4e4121354b0ded879e8cf3/screenshot - {}
RESULT: {}
COMMAND: POST /session/cdd2d6a6ff4e4121354b0ded879e8cf3/element - {"using":"xpath","value":"//bdi[contains(text(), \"Yes\")]"}
RESULT: {"using":"xpath","value":"//bdi[contains(text(), \"Yes\")]"}
COMMAND: POST /session/cdd2d6a6ff4e4121354b0ded879e8cf3/element/f.3354A31769E1E4013F80CDE1D39C4690.d.C86AB51FC49E6A3A1C3044C03A204056.e.2346/click - {}
RESULT: {}
COMMAND: GET /session/cdd2d6a6ff4e4121354b0ded879e8cf3/screenshot - {}
RESULT: {}
COMMAND: POST /session/cdd2d6a6ff4e4121354b0ded879e8cf3/element - {"using":"xpath","value":"//table[contains(@id, \"customPartnersTable-listUl\")]/tbody/tr[1]/td[7]/div/span"}
RESULT: {"using":"xpath","value":"//table[contains(@id, \"customPartnersTable-listUl\")]/tbody/tr[1]/td[7]/div/span"}
COMMAND: POST /session/cdd2d6a6ff4e4121354b0ded879e8cf3/execute/sync - {"script":"<script> [56 bytes]","args":[{"element-6066-11e4-a52e-4f735466cecf":"f.3354A31769E1E4013F80CDE1D39C4690.d.C86AB51FC49E6A3A1C3044C03A204056.e.2342","ELEMENT":"f.3354A31769E1E4013F80CDE1D39C4690.d.C86AB51FC49E6A3A1C3044C03A204056.e.2342"}]}
RESULT: {"script":"<script> [56 bytes]","args":[{"element-6066-11e4-a52e-4f735466cecf":"f.3354A31769E1E4013F80CDE1D39C4690.d.C86AB51FC49E6A3A1C3044C03A204056.e.2342","ELEMENT":"f.3354A31769E1E4013F80CDE1D39C4690.d.C86AB51FC49E6A3A1C3044C03A204056.e.2342"}]}
COMMAND: GET /session/cdd2d6a6ff4e4121354b0ded879e8cf3/screenshot - {}
RESULT: {}
COMMAND: POST /session/cdd2d6a6ff4e4121354b0ded879e8cf3/element - {"using":"css selector","value":"#shell-header-logo"}
RESULT: {"using":"css selector","value":"#shell-header-logo"}
COMMAND: POST /session/cdd2d6a6ff4e4121354b0ded879e8cf3/element/f.3354A31769E1E4013F80CDE1D39C4690.d.C86AB51FC49E6A3A1C3044C03A204056.e.2160/click - {}
RESULT: {}
COMMAND: GET /session/cdd2d6a6ff4e4121354b0ded879e8cf3/screenshot - {}
RESULT: {}
]]></system-out>
    </testcase>
    <testcase classname="chrome.135_0_7049_42.windows.Partner_specific_tests_US150819_US151080_US151654_US151176_US103444_US151078_US151079_US151109_US151174_US151175_US151189" name="Should activate the created partner again US151176" time="62.044">
      <system-out><![CDATA[
COMMAND: POST /session/cdd2d6a6ff4e4121354b0ded879e8cf3/element - {"using":"xpath","value":"//li[.//span[text()=\"Manage Partners\"]]"}
RESULT: {"using":"xpath","value":"//li[.//span[text()=\"Manage Partners\"]]"}
COMMAND: POST /session/cdd2d6a6ff4e4121354b0ded879e8cf3/element - {"using":"xpath","value":"//li[.//span[text()=\"Manage Partners\"]]"}
RESULT: {"using":"xpath","value":"//li[.//span[text()=\"Manage Partners\"]]"}
COMMAND: POST /session/cdd2d6a6ff4e4121354b0ded879e8cf3/element - {"using":"css selector","value":"#shell-header-logo"}
RESULT: {"using":"css selector","value":"#shell-header-logo"}
COMMAND: POST /session/cdd2d6a6ff4e4121354b0ded879e8cf3/element/f.3354A31769E1E4013F80CDE1D39C4690.d.C86AB51FC49E6A3A1C3044C03A204056.e.2350/click - {}
COMMAND: POST /session/cdd2d6a6ff4e4121354b0ded879e8cf3/execute/sync - {"script":"<script> [8489 bytes]","args":[{"element-6066-11e4-a52e-4f735466cecf":"f.3354A31769E1E4013F80CDE1D39C4690.d.C86AB51FC49E6A3A1C3044C03A204056.e.2350","ELEMENT":"f.3354A31769E1E4013F80CDE1D39C4690.d.C86AB51FC49E6A3A1C3044C03A204056.e.2350"}]}
RESULT: {}
COMMAND: GET /session/cdd2d6a6ff4e4121354b0ded879e8cf3/screenshot - {}
RESULT: {"script":"<script> [8489 bytes]","args":[{"element-6066-11e4-a52e-4f735466cecf":"f.3354A31769E1E4013F80CDE1D39C4690.d.C86AB51FC49E6A3A1C3044C03A204056.e.2350","ELEMENT":"f.3354A31769E1E4013F80CDE1D39C4690.d.C86AB51FC49E6A3A1C3044C03A204056.e.2350"}]}
COMMAND: POST /session/cdd2d6a6ff4e4121354b0ded879e8cf3/execute/sync - {"script":"<script> [5351 bytes]","args":[{"element-6066-11e4-a52e-4f735466cecf":"f.3354A31769E1E4013F80CDE1D39C4690.d.C86AB51FC49E6A3A1C3044C03A204056.e.2350","ELEMENT":"f.3354A31769E1E4013F80CDE1D39C4690.d.C86AB51FC49E6A3A1C3044C03A204056.e.2350"}]}
COMMAND: GET /session/cdd2d6a6ff4e4121354b0ded879e8cf3/screenshot - {}
RESULT: {}
RESULT: {"script":"<script> [5351 bytes]","args":[{"element-6066-11e4-a52e-4f735466cecf":"f.3354A31769E1E4013F80CDE1D39C4690.d.C86AB51FC49E6A3A1C3044C03A204056.e.2350","ELEMENT":"f.3354A31769E1E4013F80CDE1D39C4690.d.C86AB51FC49E6A3A1C3044C03A204056.e.2350"}]}
COMMAND: GET /session/cdd2d6a6ff4e4121354b0ded879e8cf3/screenshot - {}
RESULT: {}
RESULT: {}
RESULT: undefined
COMMAND: POST /session/cdd2d6a6ff4e4121354b0ded879e8cf3/element - {"using":"xpath","value":"//*[@id=\"__tile38\"]"}
RESULT: {"using":"xpath","value":"//*[@id=\"__tile38\"]"}
COMMAND: POST /session/cdd2d6a6ff4e4121354b0ded879e8cf3/element/f.3354A31769E1E4013F80CDE1D39C4690.d.C86AB51FC49E6A3A1C3044C03A204056.e.144/click - {}
RESULT: {}
COMMAND: POST /session/cdd2d6a6ff4e4121354b0ded879e8cf3/element - {"using":"xpath","value":"//button[@data-kt=\"addButton\"]"}
COMMAND: GET /session/cdd2d6a6ff4e4121354b0ded879e8cf3/screenshot - {}
RESULT: {"using":"xpath","value":"//button[@data-kt=\"addButton\"]"}
COMMAND: POST /session/cdd2d6a6ff4e4121354b0ded879e8cf3/elements - {"using":"xpath","value":"//button[@data-kt=\"addButton\"]"}
RESULT: {}
RESULT: {"using":"xpath","value":"//button[@data-kt=\"addButton\"]"}
COMMAND: POST /session/cdd2d6a6ff4e4121354b0ded879e8cf3/elements - {"using":"xpath","value":"//button[@data-kt=\"addButton\"]"}
RESULT: {"using":"xpath","value":"//button[@data-kt=\"addButton\"]"}
COMMAND: POST /session/cdd2d6a6ff4e4121354b0ded879e8cf3/elements - {"using":"xpath","value":"//button[@data-kt=\"addButton\"]"}
RESULT: {"using":"xpath","value":"//button[@data-kt=\"addButton\"]"}
COMMAND: POST /session/cdd2d6a6ff4e4121354b0ded879e8cf3/elements - {"using":"xpath","value":"//button[@data-kt=\"addButton\"]"}
RESULT: {"using":"xpath","value":"//button[@data-kt=\"addButton\"]"}
COMMAND: POST /session/cdd2d6a6ff4e4121354b0ded879e8cf3/element - {"using":"xpath","value":"//button[@data-kt=\"addButton\"]"}
RESULT: {"using":"xpath","value":"//button[@data-kt=\"addButton\"]"}
COMMAND: POST /session/cdd2d6a6ff4e4121354b0ded879e8cf3/execute/sync - {"script":"<script> [8489 bytes]","args":[{"element-6066-11e4-a52e-4f735466cecf":"f.3354A31769E1E4013F80CDE1D39C4690.d.C86AB51FC49E6A3A1C3044C03A204056.e.2384","ELEMENT":"f.3354A31769E1E4013F80CDE1D39C4690.d.C86AB51FC49E6A3A1C3044C03A204056.e.2384"}]}
RESULT: {"script":"<script> [8489 bytes]","args":[{"element-6066-11e4-a52e-4f735466cecf":"f.3354A31769E1E4013F80CDE1D39C4690.d.C86AB51FC49E6A3A1C3044C03A204056.e.2384","ELEMENT":"f.3354A31769E1E4013F80CDE1D39C4690.d.C86AB51FC49E6A3A1C3044C03A204056.e.2384"}]}
COMMAND: GET /session/cdd2d6a6ff4e4121354b0ded879e8cf3/element/f.3354A31769E1E4013F80CDE1D39C4690.d.C86AB51FC49E6A3A1C3044C03A204056.e.2384/enabled - {}
COMMAND: GET /session/cdd2d6a6ff4e4121354b0ded879e8cf3/screenshot - {}
RESULT: {}
COMMAND: POST /session/cdd2d6a6ff4e4121354b0ded879e8cf3/execute/sync - {"script":"<script> [8489 bytes]","args":[{"element-6066-11e4-a52e-4f735466cecf":"f.3354A31769E1E4013F80CDE1D39C4690.d.C86AB51FC49E6A3A1C3044C03A204056.e.2384","ELEMENT":"f.3354A31769E1E4013F80CDE1D39C4690.d.C86AB51FC49E6A3A1C3044C03A204056.e.2384"}]}
COMMAND: GET /session/cdd2d6a6ff4e4121354b0ded879e8cf3/screenshot - {}
RESULT: {}
RESULT: {"script":"<script> [8489 bytes]","args":[{"element-6066-11e4-a52e-4f735466cecf":"f.3354A31769E1E4013F80CDE1D39C4690.d.C86AB51FC49E6A3A1C3044C03A204056.e.2384","ELEMENT":"f.3354A31769E1E4013F80CDE1D39C4690.d.C86AB51FC49E6A3A1C3044C03A204056.e.2384"}]}
COMMAND: POST /session/cdd2d6a6ff4e4121354b0ded879e8cf3/execute/sync - {"script":"<script> [5351 bytes]","args":[{"element-6066-11e4-a52e-4f735466cecf":"f.3354A31769E1E4013F80CDE1D39C4690.d.C86AB51FC49E6A3A1C3044C03A204056.e.2384","ELEMENT":"f.3354A31769E1E4013F80CDE1D39C4690.d.C86AB51FC49E6A3A1C3044C03A204056.e.2384"}]}
COMMAND: GET /session/cdd2d6a6ff4e4121354b0ded879e8cf3/screenshot - {}
RESULT: {}
RESULT: {"script":"<script> [5351 bytes]","args":[{"element-6066-11e4-a52e-4f735466cecf":"f.3354A31769E1E4013F80CDE1D39C4690.d.C86AB51FC49E6A3A1C3044C03A204056.e.2384","ELEMENT":"f.3354A31769E1E4013F80CDE1D39C4690.d.C86AB51FC49E6A3A1C3044C03A204056.e.2384"}]}
COMMAND: GET /session/cdd2d6a6ff4e4121354b0ded879e8cf3/screenshot - {}
RESULT: {}
RESULT: {}
RESULT: undefined
COMMAND: POST /session/cdd2d6a6ff4e4121354b0ded879e8cf3/execute/async - {"script":"<script> [776 bytes]","args":[{"enterText":"1551","selector":{"id":"application-managepartners-display-component---masterPtm--smartFilterBar-btnBasicSearch","interaction":{"idSuffix":"I"}},"clearTextFirst":true,"interactionType":"ENTER_TEXT"}]}
RESULT: {"script":"<script> [776 bytes]","args":[{"enterText":"1551","selector":{"id":"application-managepartners-display-component---masterPtm--smartFilterBar-btnBasicSearch","interaction":{"idSuffix":"I"}},"clearTextFirst":true,"interactionType":"ENTER_TEXT"}]}
COMMAND: POST /session/cdd2d6a6ff4e4121354b0ded879e8cf3/actions - {"actions":[{"id":"action5","type":"key","parameters":{},"actions":[{"type":"keyDown","value":""},{"type":"pause","duration":10},{"type":"keyUp","value":""}]}]}
RESULT: {"actions":[{"id":"action5","type":"key","parameters":{},"actions":[{"type":"keyDown","value":""},{"type":"pause","duration":10},{"type":"keyUp","value":""}]}]}
COMMAND: GET /session/cdd2d6a6ff4e4121354b0ded879e8cf3/screenshot - {}
RESULT: {}
COMMAND: POST /session/cdd2d6a6ff4e4121354b0ded879e8cf3/elements - {"using":"xpath","value":"//table[contains(@id, \"customPartnersTable-listUl\")]/tbody/tr"}
RESULT: {"using":"xpath","value":"//table[contains(@id, \"customPartnersTable-listUl\")]/tbody/tr"}
COMMAND: POST /session/cdd2d6a6ff4e4121354b0ded879e8cf3/element - {"using":"xpath","value":"//table[contains(@id, \"customPartnersTable-listUl\")]/tbody/tr[1]/td[3]/span"}
RESULT: {"using":"xpath","value":"//table[contains(@id, \"customPartnersTable-listUl\")]/tbody/tr[1]/td[3]/span"}
COMMAND: POST /session/cdd2d6a6ff4e4121354b0ded879e8cf3/elements - {"using":"xpath","value":"//table[contains(@id, \"customPartnersTable-listUl\")]/tbody/tr[1]/td[3]/span"}
RESULT: {"using":"xpath","value":"//table[contains(@id, \"customPartnersTable-listUl\")]/tbody/tr[1]/td[3]/span"}
COMMAND: POST /session/cdd2d6a6ff4e4121354b0ded879e8cf3/execute/sync - {"script":"<script> [56 bytes]","args":[{"element-6066-11e4-a52e-4f735466cecf":"f.3354A31769E1E4013F80CDE1D39C4690.d.C86AB51FC49E6A3A1C3044C03A204056.e.2530","ELEMENT":"f.3354A31769E1E4013F80CDE1D39C4690.d.C86AB51FC49E6A3A1C3044C03A204056.e.2530"}]}
RESULT: {"script":"<script> [56 bytes]","args":[{"element-6066-11e4-a52e-4f735466cecf":"f.3354A31769E1E4013F80CDE1D39C4690.d.C86AB51FC49E6A3A1C3044C03A204056.e.2530","ELEMENT":"f.3354A31769E1E4013F80CDE1D39C4690.d.C86AB51FC49E6A3A1C3044C03A204056.e.2530"}]}
COMMAND: POST /session/cdd2d6a6ff4e4121354b0ded879e8cf3/element - {"using":"xpath","value":"//table[contains(@id, \"customPartnersTable-listUl\")]/tbody/tr[1]/td[7]/div/span"}
COMMAND: GET /session/cdd2d6a6ff4e4121354b0ded879e8cf3/screenshot - {}
RESULT: {"using":"xpath","value":"//table[contains(@id, \"customPartnersTable-listUl\")]/tbody/tr[1]/td[7]/div/span"}
COMMAND: POST /session/cdd2d6a6ff4e4121354b0ded879e8cf3/execute/sync - {"script":"<script> [56 bytes]","args":[{"element-6066-11e4-a52e-4f735466cecf":"f.3354A31769E1E4013F80CDE1D39C4690.d.C86AB51FC49E6A3A1C3044C03A204056.e.2531","ELEMENT":"f.3354A31769E1E4013F80CDE1D39C4690.d.C86AB51FC49E6A3A1C3044C03A204056.e.2531"}]}
RESULT: {}
RESULT: {"script":"<script> [56 bytes]","args":[{"element-6066-11e4-a52e-4f735466cecf":"f.3354A31769E1E4013F80CDE1D39C4690.d.C86AB51FC49E6A3A1C3044C03A204056.e.2531","ELEMENT":"f.3354A31769E1E4013F80CDE1D39C4690.d.C86AB51FC49E6A3A1C3044C03A204056.e.2531"}]}
COMMAND: POST /session/cdd2d6a6ff4e4121354b0ded879e8cf3/element - {"using":"xpath","value":"//table[contains(@id, \"customPartnersTable-listUl\")]/tbody/tr[1]/td[2]/div/div"}
COMMAND: GET /session/cdd2d6a6ff4e4121354b0ded879e8cf3/screenshot - {}
RESULT: {"using":"xpath","value":"//table[contains(@id, \"customPartnersTable-listUl\")]/tbody/tr[1]/td[2]/div/div"}
COMMAND: POST /session/cdd2d6a6ff4e4121354b0ded879e8cf3/element/f.3354A31769E1E4013F80CDE1D39C4690.d.C86AB51FC49E6A3A1C3044C03A204056.e.2532/click - {}
RESULT: {}
RESULT: {}
COMMAND: GET /session/cdd2d6a6ff4e4121354b0ded879e8cf3/screenshot - {}
RESULT: {}
COMMAND: POST /session/cdd2d6a6ff4e4121354b0ded879e8cf3/element - {"using":"xpath","value":"//bdi[contains(text(), \"Activate\")]"}
RESULT: {"using":"xpath","value":"//bdi[contains(text(), \"Activate\")]"}
COMMAND: POST /session/cdd2d6a6ff4e4121354b0ded879e8cf3/element/f.3354A31769E1E4013F80CDE1D39C4690.d.C86AB51FC49E6A3A1C3044C03A204056.e.2533/click - {}
RESULT: {}
COMMAND: GET /session/cdd2d6a6ff4e4121354b0ded879e8cf3/screenshot - {}
RESULT: {}
COMMAND: POST /session/cdd2d6a6ff4e4121354b0ded879e8cf3/element - {"using":"xpath","value":"//bdi[contains(text(), \"Yes\")]"}
RESULT: {"using":"xpath","value":"//bdi[contains(text(), \"Yes\")]"}
COMMAND: POST /session/cdd2d6a6ff4e4121354b0ded879e8cf3/element/f.3354A31769E1E4013F80CDE1D39C4690.d.C86AB51FC49E6A3A1C3044C03A204056.e.2535/click - {}
RESULT: {}
COMMAND: GET /session/cdd2d6a6ff4e4121354b0ded879e8cf3/screenshot - {}
RESULT: {}
COMMAND: POST /session/cdd2d6a6ff4e4121354b0ded879e8cf3/element - {"using":"xpath","value":"//table[contains(@id, \"customPartnersTable-listUl\")]/tbody/tr[1]/td[7]/div/span"}
RESULT: {"using":"xpath","value":"//table[contains(@id, \"customPartnersTable-listUl\")]/tbody/tr[1]/td[7]/div/span"}
COMMAND: POST /session/cdd2d6a6ff4e4121354b0ded879e8cf3/execute/sync - {"script":"<script> [56 bytes]","args":[{"element-6066-11e4-a52e-4f735466cecf":"f.3354A31769E1E4013F80CDE1D39C4690.d.C86AB51FC49E6A3A1C3044C03A204056.e.2531","ELEMENT":"f.3354A31769E1E4013F80CDE1D39C4690.d.C86AB51FC49E6A3A1C3044C03A204056.e.2531"}]}
RESULT: {"script":"<script> [56 bytes]","args":[{"element-6066-11e4-a52e-4f735466cecf":"f.3354A31769E1E4013F80CDE1D39C4690.d.C86AB51FC49E6A3A1C3044C03A204056.e.2531","ELEMENT":"f.3354A31769E1E4013F80CDE1D39C4690.d.C86AB51FC49E6A3A1C3044C03A204056.e.2531"}]}
COMMAND: GET /session/cdd2d6a6ff4e4121354b0ded879e8cf3/screenshot - {}
RESULT: {}
COMMAND: POST /session/cdd2d6a6ff4e4121354b0ded879e8cf3/element - {"using":"css selector","value":"#shell-header-logo"}
RESULT: {"using":"css selector","value":"#shell-header-logo"}
COMMAND: POST /session/cdd2d6a6ff4e4121354b0ded879e8cf3/element/f.3354A31769E1E4013F80CDE1D39C4690.d.C86AB51FC49E6A3A1C3044C03A204056.e.2350/click - {}
RESULT: {}
COMMAND: GET /session/cdd2d6a6ff4e4121354b0ded879e8cf3/screenshot - {}
RESULT: {}
]]></system-out>
    </testcase>
    <testcase classname="chrome.135_0_7049_42.windows.Partner_specific_tests_US150819_US151080_US151654_US151176_US103444_US151078_US151079_US151109_US151174_US151175_US151189" name="Should edit the created external partner and save it and check its content US103444" time="66.635">
      <system-out><![CDATA[
COMMAND: POST /session/cdd2d6a6ff4e4121354b0ded879e8cf3/element - {"using":"xpath","value":"//li[.//span[text()=\"Manage Partners\"]]"}
RESULT: {"using":"xpath","value":"//li[.//span[text()=\"Manage Partners\"]]"}
COMMAND: POST /session/cdd2d6a6ff4e4121354b0ded879e8cf3/element - {"using":"xpath","value":"//li[.//span[text()=\"Manage Partners\"]]"}
RESULT: {"using":"xpath","value":"//li[.//span[text()=\"Manage Partners\"]]"}
COMMAND: POST /session/cdd2d6a6ff4e4121354b0ded879e8cf3/element - {"using":"css selector","value":"#shell-header-logo"}
RESULT: {"using":"css selector","value":"#shell-header-logo"}
COMMAND: POST /session/cdd2d6a6ff4e4121354b0ded879e8cf3/element/f.3354A31769E1E4013F80CDE1D39C4690.d.C86AB51FC49E6A3A1C3044C03A204056.e.2539/click - {}
COMMAND: POST /session/cdd2d6a6ff4e4121354b0ded879e8cf3/execute/sync - {"script":"<script> [8489 bytes]","args":[{"element-6066-11e4-a52e-4f735466cecf":"f.3354A31769E1E4013F80CDE1D39C4690.d.C86AB51FC49E6A3A1C3044C03A204056.e.2539","ELEMENT":"f.3354A31769E1E4013F80CDE1D39C4690.d.C86AB51FC49E6A3A1C3044C03A204056.e.2539"}]}
RESULT: {"script":"<script> [8489 bytes]","args":[{"element-6066-11e4-a52e-4f735466cecf":"f.3354A31769E1E4013F80CDE1D39C4690.d.C86AB51FC49E6A3A1C3044C03A204056.e.2539","ELEMENT":"f.3354A31769E1E4013F80CDE1D39C4690.d.C86AB51FC49E6A3A1C3044C03A204056.e.2539"}]}
COMMAND: POST /session/cdd2d6a6ff4e4121354b0ded879e8cf3/execute/sync - {"script":"<script> [5351 bytes]","args":[{"element-6066-11e4-a52e-4f735466cecf":"f.3354A31769E1E4013F80CDE1D39C4690.d.C86AB51FC49E6A3A1C3044C03A204056.e.2539","ELEMENT":"f.3354A31769E1E4013F80CDE1D39C4690.d.C86AB51FC49E6A3A1C3044C03A204056.e.2539"}]}
COMMAND: GET /session/cdd2d6a6ff4e4121354b0ded879e8cf3/screenshot - {}
RESULT: {}
RESULT: {"script":"<script> [5351 bytes]","args":[{"element-6066-11e4-a52e-4f735466cecf":"f.3354A31769E1E4013F80CDE1D39C4690.d.C86AB51FC49E6A3A1C3044C03A204056.e.2539","ELEMENT":"f.3354A31769E1E4013F80CDE1D39C4690.d.C86AB51FC49E6A3A1C3044C03A204056.e.2539"}]}
COMMAND: GET /session/cdd2d6a6ff4e4121354b0ded879e8cf3/screenshot - {}
COMMAND: GET /session/cdd2d6a6ff4e4121354b0ded879e8cf3/screenshot - {}
RESULT: {}
RESULT: {}
RESULT: {}
RESULT: undefined
COMMAND: POST /session/cdd2d6a6ff4e4121354b0ded879e8cf3/element - {"using":"xpath","value":"//*[@id=\"__tile38\"]"}
RESULT: {"using":"xpath","value":"//*[@id=\"__tile38\"]"}
COMMAND: POST /session/cdd2d6a6ff4e4121354b0ded879e8cf3/element/f.3354A31769E1E4013F80CDE1D39C4690.d.C86AB51FC49E6A3A1C3044C03A204056.e.144/click - {}
RESULT: {}
COMMAND: POST /session/cdd2d6a6ff4e4121354b0ded879e8cf3/element - {"using":"xpath","value":"//button[@data-kt=\"addButton\"]"}
COMMAND: GET /session/cdd2d6a6ff4e4121354b0ded879e8cf3/screenshot - {}
RESULT: {"using":"xpath","value":"//button[@data-kt=\"addButton\"]"}
COMMAND: POST /session/cdd2d6a6ff4e4121354b0ded879e8cf3/elements - {"using":"xpath","value":"//button[@data-kt=\"addButton\"]"}
RESULT: {}
RESULT: {"using":"xpath","value":"//button[@data-kt=\"addButton\"]"}
COMMAND: POST /session/cdd2d6a6ff4e4121354b0ded879e8cf3/elements - {"using":"xpath","value":"//button[@data-kt=\"addButton\"]"}
RESULT: {"using":"xpath","value":"//button[@data-kt=\"addButton\"]"}
COMMAND: POST /session/cdd2d6a6ff4e4121354b0ded879e8cf3/elements - {"using":"xpath","value":"//button[@data-kt=\"addButton\"]"}
RESULT: {"using":"xpath","value":"//button[@data-kt=\"addButton\"]"}
COMMAND: POST /session/cdd2d6a6ff4e4121354b0ded879e8cf3/elements - {"using":"xpath","value":"//button[@data-kt=\"addButton\"]"}
RESULT: {"using":"xpath","value":"//button[@data-kt=\"addButton\"]"}
COMMAND: POST /session/cdd2d6a6ff4e4121354b0ded879e8cf3/elements - {"using":"xpath","value":"//button[@data-kt=\"addButton\"]"}
RESULT: {"using":"xpath","value":"//button[@data-kt=\"addButton\"]"}
COMMAND: POST /session/cdd2d6a6ff4e4121354b0ded879e8cf3/elements - {"using":"xpath","value":"//button[@data-kt=\"addButton\"]"}
RESULT: {"using":"xpath","value":"//button[@data-kt=\"addButton\"]"}
COMMAND: POST /session/cdd2d6a6ff4e4121354b0ded879e8cf3/elements - {"using":"xpath","value":"//button[@data-kt=\"addButton\"]"}
RESULT: {"using":"xpath","value":"//button[@data-kt=\"addButton\"]"}
COMMAND: POST /session/cdd2d6a6ff4e4121354b0ded879e8cf3/elements - {"using":"xpath","value":"//button[@data-kt=\"addButton\"]"}
RESULT: {"using":"xpath","value":"//button[@data-kt=\"addButton\"]"}
COMMAND: POST /session/cdd2d6a6ff4e4121354b0ded879e8cf3/elements - {"using":"xpath","value":"//button[@data-kt=\"addButton\"]"}
RESULT: {"using":"xpath","value":"//button[@data-kt=\"addButton\"]"}
COMMAND: POST /session/cdd2d6a6ff4e4121354b0ded879e8cf3/elements - {"using":"xpath","value":"//button[@data-kt=\"addButton\"]"}
RESULT: {"using":"xpath","value":"//button[@data-kt=\"addButton\"]"}
COMMAND: POST /session/cdd2d6a6ff4e4121354b0ded879e8cf3/elements - {"using":"xpath","value":"//button[@data-kt=\"addButton\"]"}
RESULT: {"using":"xpath","value":"//button[@data-kt=\"addButton\"]"}
COMMAND: POST /session/cdd2d6a6ff4e4121354b0ded879e8cf3/elements - {"using":"xpath","value":"//button[@data-kt=\"addButton\"]"}
RESULT: {"using":"xpath","value":"//button[@data-kt=\"addButton\"]"}
COMMAND: POST /session/cdd2d6a6ff4e4121354b0ded879e8cf3/elements - {"using":"xpath","value":"//button[@data-kt=\"addButton\"]"}
RESULT: {"using":"xpath","value":"//button[@data-kt=\"addButton\"]"}
COMMAND: POST /session/cdd2d6a6ff4e4121354b0ded879e8cf3/elements - {"using":"xpath","value":"//button[@data-kt=\"addButton\"]"}
RESULT: {"using":"xpath","value":"//button[@data-kt=\"addButton\"]"}
COMMAND: POST /session/cdd2d6a6ff4e4121354b0ded879e8cf3/elements - {"using":"xpath","value":"//button[@data-kt=\"addButton\"]"}
RESULT: {"using":"xpath","value":"//button[@data-kt=\"addButton\"]"}
COMMAND: POST /session/cdd2d6a6ff4e4121354b0ded879e8cf3/elements - {"using":"xpath","value":"//button[@data-kt=\"addButton\"]"}
RESULT: {"using":"xpath","value":"//button[@data-kt=\"addButton\"]"}
COMMAND: POST /session/cdd2d6a6ff4e4121354b0ded879e8cf3/elements - {"using":"xpath","value":"//button[@data-kt=\"addButton\"]"}
RESULT: {"using":"xpath","value":"//button[@data-kt=\"addButton\"]"}
COMMAND: POST /session/cdd2d6a6ff4e4121354b0ded879e8cf3/elements - {"using":"xpath","value":"//button[@data-kt=\"addButton\"]"}
RESULT: {"using":"xpath","value":"//button[@data-kt=\"addButton\"]"}
COMMAND: POST /session/cdd2d6a6ff4e4121354b0ded879e8cf3/elements - {"using":"xpath","value":"//button[@data-kt=\"addButton\"]"}
RESULT: {"using":"xpath","value":"//button[@data-kt=\"addButton\"]"}
COMMAND: POST /session/cdd2d6a6ff4e4121354b0ded879e8cf3/elements - {"using":"xpath","value":"//button[@data-kt=\"addButton\"]"}
RESULT: {"using":"xpath","value":"//button[@data-kt=\"addButton\"]"}
COMMAND: POST /session/cdd2d6a6ff4e4121354b0ded879e8cf3/elements - {"using":"xpath","value":"//button[@data-kt=\"addButton\"]"}
RESULT: {"using":"xpath","value":"//button[@data-kt=\"addButton\"]"}
COMMAND: POST /session/cdd2d6a6ff4e4121354b0ded879e8cf3/elements - {"using":"xpath","value":"//button[@data-kt=\"addButton\"]"}
RESULT: {"using":"xpath","value":"//button[@data-kt=\"addButton\"]"}
COMMAND: POST /session/cdd2d6a6ff4e4121354b0ded879e8cf3/elements - {"using":"xpath","value":"//button[@data-kt=\"addButton\"]"}
RESULT: {"using":"xpath","value":"//button[@data-kt=\"addButton\"]"}
COMMAND: POST /session/cdd2d6a6ff4e4121354b0ded879e8cf3/elements - {"using":"xpath","value":"//button[@data-kt=\"addButton\"]"}
RESULT: {"using":"xpath","value":"//button[@data-kt=\"addButton\"]"}
COMMAND: POST /session/cdd2d6a6ff4e4121354b0ded879e8cf3/elements - {"using":"xpath","value":"//button[@data-kt=\"addButton\"]"}
RESULT: {"using":"xpath","value":"//button[@data-kt=\"addButton\"]"}
COMMAND: POST /session/cdd2d6a6ff4e4121354b0ded879e8cf3/elements - {"using":"xpath","value":"//button[@data-kt=\"addButton\"]"}
RESULT: {"using":"xpath","value":"//button[@data-kt=\"addButton\"]"}
COMMAND: POST /session/cdd2d6a6ff4e4121354b0ded879e8cf3/elements - {"using":"xpath","value":"//button[@data-kt=\"addButton\"]"}
RESULT: {"using":"xpath","value":"//button[@data-kt=\"addButton\"]"}
COMMAND: POST /session/cdd2d6a6ff4e4121354b0ded879e8cf3/elements - {"using":"xpath","value":"//button[@data-kt=\"addButton\"]"}
RESULT: {"using":"xpath","value":"//button[@data-kt=\"addButton\"]"}
COMMAND: POST /session/cdd2d6a6ff4e4121354b0ded879e8cf3/element - {"using":"xpath","value":"//button[@data-kt=\"addButton\"]"}
RESULT: {"using":"xpath","value":"//button[@data-kt=\"addButton\"]"}
COMMAND: POST /session/cdd2d6a6ff4e4121354b0ded879e8cf3/execute/sync - {"script":"<script> [8489 bytes]","args":[{"element-6066-11e4-a52e-4f735466cecf":"f.3354A31769E1E4013F80CDE1D39C4690.d.C86AB51FC49E6A3A1C3044C03A204056.e.2573","ELEMENT":"f.3354A31769E1E4013F80CDE1D39C4690.d.C86AB51FC49E6A3A1C3044C03A204056.e.2573"}]}
RESULT: {"script":"<script> [8489 bytes]","args":[{"element-6066-11e4-a52e-4f735466cecf":"f.3354A31769E1E4013F80CDE1D39C4690.d.C86AB51FC49E6A3A1C3044C03A204056.e.2573","ELEMENT":"f.3354A31769E1E4013F80CDE1D39C4690.d.C86AB51FC49E6A3A1C3044C03A204056.e.2573"}]}
COMMAND: GET /session/cdd2d6a6ff4e4121354b0ded879e8cf3/element/f.3354A31769E1E4013F80CDE1D39C4690.d.C86AB51FC49E6A3A1C3044C03A204056.e.2573/enabled - {}
COMMAND: GET /session/cdd2d6a6ff4e4121354b0ded879e8cf3/screenshot - {}
RESULT: {}
COMMAND: POST /session/cdd2d6a6ff4e4121354b0ded879e8cf3/execute/sync - {"script":"<script> [8489 bytes]","args":[{"element-6066-11e4-a52e-4f735466cecf":"f.3354A31769E1E4013F80CDE1D39C4690.d.C86AB51FC49E6A3A1C3044C03A204056.e.2573","ELEMENT":"f.3354A31769E1E4013F80CDE1D39C4690.d.C86AB51FC49E6A3A1C3044C03A204056.e.2573"}]}
COMMAND: GET /session/cdd2d6a6ff4e4121354b0ded879e8cf3/screenshot - {}
RESULT: {}
RESULT: {"script":"<script> [8489 bytes]","args":[{"element-6066-11e4-a52e-4f735466cecf":"f.3354A31769E1E4013F80CDE1D39C4690.d.C86AB51FC49E6A3A1C3044C03A204056.e.2573","ELEMENT":"f.3354A31769E1E4013F80CDE1D39C4690.d.C86AB51FC49E6A3A1C3044C03A204056.e.2573"}]}
COMMAND: POST /session/cdd2d6a6ff4e4121354b0ded879e8cf3/execute/sync - {"script":"<script> [5351 bytes]","args":[{"element-6066-11e4-a52e-4f735466cecf":"f.3354A31769E1E4013F80CDE1D39C4690.d.C86AB51FC49E6A3A1C3044C03A204056.e.2573","ELEMENT":"f.3354A31769E1E4013F80CDE1D39C4690.d.C86AB51FC49E6A3A1C3044C03A204056.e.2573"}]}
COMMAND: GET /session/cdd2d6a6ff4e4121354b0ded879e8cf3/screenshot - {}
RESULT: {}
RESULT: {"script":"<script> [5351 bytes]","args":[{"element-6066-11e4-a52e-4f735466cecf":"f.3354A31769E1E4013F80CDE1D39C4690.d.C86AB51FC49E6A3A1C3044C03A204056.e.2573","ELEMENT":"f.3354A31769E1E4013F80CDE1D39C4690.d.C86AB51FC49E6A3A1C3044C03A204056.e.2573"}]}
COMMAND: GET /session/cdd2d6a6ff4e4121354b0ded879e8cf3/screenshot - {}
RESULT: {}
RESULT: {}
RESULT: undefined
COMMAND: POST /session/cdd2d6a6ff4e4121354b0ded879e8cf3/execute/async - {"script":"<script> [776 bytes]","args":[{"enterText":"1551","selector":{"id":"application-managepartners-display-component---masterPtm--smartFilterBar-btnBasicSearch","interaction":{"idSuffix":"I"}},"clearTextFirst":true,"interactionType":"ENTER_TEXT"}]}
RESULT: {"script":"<script> [776 bytes]","args":[{"enterText":"1551","selector":{"id":"application-managepartners-display-component---masterPtm--smartFilterBar-btnBasicSearch","interaction":{"idSuffix":"I"}},"clearTextFirst":true,"interactionType":"ENTER_TEXT"}]}
COMMAND: POST /session/cdd2d6a6ff4e4121354b0ded879e8cf3/actions - {"actions":[{"id":"action6","type":"key","parameters":{},"actions":[{"type":"keyDown","value":""},{"type":"pause","duration":10},{"type":"keyUp","value":""}]}]}
RESULT: {"actions":[{"id":"action6","type":"key","parameters":{},"actions":[{"type":"keyDown","value":""},{"type":"pause","duration":10},{"type":"keyUp","value":""}]}]}
COMMAND: GET /session/cdd2d6a6ff4e4121354b0ded879e8cf3/screenshot - {}
RESULT: {}
COMMAND: POST /session/cdd2d6a6ff4e4121354b0ded879e8cf3/elements - {"using":"xpath","value":"//table[contains(@id, \"customPartnersTable-listUl\")]/tbody/tr"}
RESULT: {"using":"xpath","value":"//table[contains(@id, \"customPartnersTable-listUl\")]/tbody/tr"}
COMMAND: POST /session/cdd2d6a6ff4e4121354b0ded879e8cf3/element - {"using":"xpath","value":"//table[contains(@id, \"customPartnersTable-listUl\")]/tbody/tr[1]/td[3]/span"}
RESULT: {"using":"xpath","value":"//table[contains(@id, \"customPartnersTable-listUl\")]/tbody/tr[1]/td[3]/span"}
COMMAND: POST /session/cdd2d6a6ff4e4121354b0ded879e8cf3/elements - {"using":"xpath","value":"//table[contains(@id, \"customPartnersTable-listUl\")]/tbody/tr[1]/td[3]/span"}
RESULT: {"using":"xpath","value":"//table[contains(@id, \"customPartnersTable-listUl\")]/tbody/tr[1]/td[3]/span"}
COMMAND: POST /session/cdd2d6a6ff4e4121354b0ded879e8cf3/execute/sync - {"script":"<script> [56 bytes]","args":[{"element-6066-11e4-a52e-4f735466cecf":"f.3354A31769E1E4013F80CDE1D39C4690.d.C86AB51FC49E6A3A1C3044C03A204056.e.2720","ELEMENT":"f.3354A31769E1E4013F80CDE1D39C4690.d.C86AB51FC49E6A3A1C3044C03A204056.e.2720"}]}
RESULT: {"script":"<script> [56 bytes]","args":[{"element-6066-11e4-a52e-4f735466cecf":"f.3354A31769E1E4013F80CDE1D39C4690.d.C86AB51FC49E6A3A1C3044C03A204056.e.2720","ELEMENT":"f.3354A31769E1E4013F80CDE1D39C4690.d.C86AB51FC49E6A3A1C3044C03A204056.e.2720"}]}
COMMAND: POST /session/cdd2d6a6ff4e4121354b0ded879e8cf3/element - {"using":"xpath","value":"(//span[contains(@id, \"imgNav\")])[1]"}
COMMAND: GET /session/cdd2d6a6ff4e4121354b0ded879e8cf3/screenshot - {}
RESULT: {"using":"xpath","value":"(//span[contains(@id, \"imgNav\")])[1]"}
COMMAND: POST /session/cdd2d6a6ff4e4121354b0ded879e8cf3/element/f.3354A31769E1E4013F80CDE1D39C4690.d.C86AB51FC49E6A3A1C3044C03A204056.e.2717/click - {}
RESULT: {}
RESULT: {}
COMMAND: GET /session/cdd2d6a6ff4e4121354b0ded879e8cf3/screenshot - {}
RESULT: {}
COMMAND: POST /session/cdd2d6a6ff4e4121354b0ded879e8cf3/element - {"using":"xpath","value":"//bdi[contains(text(), \"Edit\")]"}
RESULT: {"using":"xpath","value":"//bdi[contains(text(), \"Edit\")]"}
COMMAND: POST /session/cdd2d6a6ff4e4121354b0ded879e8cf3/element/f.3354A31769E1E4013F80CDE1D39C4690.d.C86AB51FC49E6A3A1C3044C03A204056.e.2861/click - {}
RESULT: {}
COMMAND: GET /session/cdd2d6a6ff4e4121354b0ded879e8cf3/screenshot - {}
RESULT: {}
COMMAND: POST /session/cdd2d6a6ff4e4121354b0ded879e8cf3/execute/async - {"script":"<script> [1562 bytes]","args":[{"selector":{"controlType":"sap.m.Input","viewName":"etm.portal.ui.managepartners.view.EditDetail","labelFor":{"text":"Name"},"interaction":{"idSuffix":"inner"}},"wdio_ui5_key":"etmportal.ui.managepartners.view.EditDetailsap.m.Input{\"text\":\"Name\"}"}]}
RESULT: {"script":"<script> [1562 bytes]","args":[{"selector":{"controlType":"sap.m.Input","viewName":"etm.portal.ui.managepartners.view.EditDetail","labelFor":{"text":"Name"},"interaction":{"idSuffix":"inner"}},"wdio_ui5_key":"etmportal.ui.managepartners.view.EditDetailsap.m.Input{\"text\":\"Name\"}"}]}
RESULT: undefined
COMMAND: POST /session/cdd2d6a6ff4e4121354b0ded879e8cf3/execute/async - {"script":"<script> [776 bytes]","args":[{"enterText":"External EDIT","selector":{"controlType":"sap.m.Input","viewName":"etm.portal.ui.managepartners.view.EditDetail","labelFor":{"text":"Name"},"interaction":{"idSuffix":"inner"}},"clearTextFirst":true,"interactionType":"ENTER_TEXT"}]}
RESULT: {"script":"<script> [776 bytes]","args":[{"enterText":"External EDIT","selector":{"controlType":"sap.m.Input","viewName":"etm.portal.ui.managepartners.view.EditDetail","labelFor":{"text":"Name"},"interaction":{"idSuffix":"inner"}},"clearTextFirst":true,"interactionType":"ENTER_TEXT"}]}
COMMAND: POST /session/cdd2d6a6ff4e4121354b0ded879e8cf3/element - {"using":"xpath","value":"(//span[contains(@id,\"addressDetailDetailsLanguage-arrow\")])[1]"}
RESULT: {"using":"xpath","value":"(//span[contains(@id,\"addressDetailDetailsLanguage-arrow\")])[1]"}
COMMAND: POST /session/cdd2d6a6ff4e4121354b0ded879e8cf3/element/f.3354A31769E1E4013F80CDE1D39C4690.d.C86AB51FC49E6A3A1C3044C03A204056.e.2940/click - {}
RESULT: {}
COMMAND: POST /session/cdd2d6a6ff4e4121354b0ded879e8cf3/element - {"using":"xpath","value":"//span[contains(text(), \"Chinese\")]"}
COMMAND: GET /session/cdd2d6a6ff4e4121354b0ded879e8cf3/screenshot - {}
RESULT: {"using":"xpath","value":"//span[contains(text(), \"Chinese\")]"}
COMMAND: POST /session/cdd2d6a6ff4e4121354b0ded879e8cf3/element/f.3354A31769E1E4013F80CDE1D39C4690.d.C86AB51FC49E6A3A1C3044C03A204056.e.2941/click - {}
RESULT: {}
RESULT: {}
COMMAND: GET /session/cdd2d6a6ff4e4121354b0ded879e8cf3/screenshot - {}
RESULT: {}
COMMAND: POST /session/cdd2d6a6ff4e4121354b0ded879e8cf3/execute/async - {"script":"<script> [1562 bytes]","args":[{"selector":{"controlType":"sap.m.Input","viewName":"etm.portal.ui.managepartners.view.EditDetail","labelFor":{"text":"City"},"interaction":{"idSuffix":"inner"}},"wdio_ui5_key":"etmportal.ui.managepartners.view.EditDetailsap.m.Input{\"text\":\"City\"}"}]}
RESULT: {"script":"<script> [1562 bytes]","args":[{"selector":{"controlType":"sap.m.Input","viewName":"etm.portal.ui.managepartners.view.EditDetail","labelFor":{"text":"City"},"interaction":{"idSuffix":"inner"}},"wdio_ui5_key":"etmportal.ui.managepartners.view.EditDetailsap.m.Input{\"text\":\"City\"}"}]}
RESULT: undefined
COMMAND: POST /session/cdd2d6a6ff4e4121354b0ded879e8cf3/execute/async - {"script":"<script> [776 bytes]","args":[{"enterText":"Clooj-Napoca","selector":{"controlType":"sap.m.Input","viewName":"etm.portal.ui.managepartners.view.EditDetail","labelFor":{"text":"City"},"interaction":{"idSuffix":"inner"}},"clearTextFirst":true,"interactionType":"ENTER_TEXT"}]}
RESULT: {"script":"<script> [776 bytes]","args":[{"enterText":"Clooj-Napoca","selector":{"controlType":"sap.m.Input","viewName":"etm.portal.ui.managepartners.view.EditDetail","labelFor":{"text":"City"},"interaction":{"idSuffix":"inner"}},"clearTextFirst":true,"interactionType":"ENTER_TEXT"}]}
COMMAND: POST /session/cdd2d6a6ff4e4121354b0ded879e8cf3/element - {"using":"xpath","value":"//button[@data-kt=\"saveButton\"]"}
RESULT: {"using":"xpath","value":"//button[@data-kt=\"saveButton\"]"}
COMMAND: POST /session/cdd2d6a6ff4e4121354b0ded879e8cf3/element/f.3354A31769E1E4013F80CDE1D39C4690.d.C86AB51FC49E6A3A1C3044C03A204056.e.2923/click - {}
RESULT: {}
COMMAND: GET /session/cdd2d6a6ff4e4121354b0ded879e8cf3/screenshot - {}
RESULT: {}
COMMAND: POST /session/cdd2d6a6ff4e4121354b0ded879e8cf3/execute/async - {"script":"<script> [1562 bytes]","args":[{"selector":{"id":"application-managepartners-display-component---detailPtm--addressDetailDetailsName1"},"wdio_ui5_key":"applicationmanagepartners-display-component---detailPtm--addressDetailDetailsName1"}]}
RESULT: {"script":"<script> [1562 bytes]","args":[{"selector":{"id":"application-managepartners-display-component---detailPtm--addressDetailDetailsName1"},"wdio_ui5_key":"applicationmanagepartners-display-component---detailPtm--addressDetailDetailsName1"}]}
RESULT: undefined
COMMAND: POST /session/cdd2d6a6ff4e4121354b0ded879e8cf3/execute/async - {"script":"<script> [6424 bytes]","args":[{"element-6066-11e4-a52e-4f735466cecf":"f.3354A31769E1E4013F80CDE1D39C4690.d.C86AB51FC49E6A3A1C3044C03A204056.e.2972"},"getValue",[]]}
RESULT: {"script":"<script> [6424 bytes]","args":[{"element-6066-11e4-a52e-4f735466cecf":"f.3354A31769E1E4013F80CDE1D39C4690.d.C86AB51FC49E6A3A1C3044C03A204056.e.2972"},"getValue",[]]}
COMMAND: POST /session/cdd2d6a6ff4e4121354b0ded879e8cf3/element - {"using":"xpath","value":"//input[@id = \"application-managepartners-display-component---detailPtm--addressDetailDetailsLanguage-inner\"]"}
RESULT: {"using":"xpath","value":"//input[@id = \"application-managepartners-display-component---detailPtm--addressDetailDetailsLanguage-inner\"]"}
COMMAND: GET /session/cdd2d6a6ff4e4121354b0ded879e8cf3/element/f.3354A31769E1E4013F80CDE1D39C4690.d.C86AB51FC49E6A3A1C3044C03A204056.e.2973/property/value - {}
RESULT: {}
COMMAND: POST /session/cdd2d6a6ff4e4121354b0ded879e8cf3/execute/async - {"script":"<script> [1562 bytes]","args":[{"selector":{"id":"application-managepartners-display-component---detailPtm--addressDetailDetailsCity1"},"wdio_ui5_key":"applicationmanagepartners-display-component---detailPtm--addressDetailDetailsCity1"}]}
COMMAND: GET /session/cdd2d6a6ff4e4121354b0ded879e8cf3/screenshot - {}
RESULT: {"script":"<script> [1562 bytes]","args":[{"selector":{"id":"application-managepartners-display-component---detailPtm--addressDetailDetailsCity1"},"wdio_ui5_key":"applicationmanagepartners-display-component---detailPtm--addressDetailDetailsCity1"}]}
RESULT: undefined
COMMAND: POST /session/cdd2d6a6ff4e4121354b0ded879e8cf3/execute/async - {"script":"<script> [6424 bytes]","args":[{"element-6066-11e4-a52e-4f735466cecf":"f.3354A31769E1E4013F80CDE1D39C4690.d.C86AB51FC49E6A3A1C3044C03A204056.e.2974"},"getValue",[]]}
RESULT: {}
RESULT: {"script":"<script> [6424 bytes]","args":[{"element-6066-11e4-a52e-4f735466cecf":"f.3354A31769E1E4013F80CDE1D39C4690.d.C86AB51FC49E6A3A1C3044C03A204056.e.2974"},"getValue",[]]}
COMMAND: POST /session/cdd2d6a6ff4e4121354b0ded879e8cf3/element - {"using":"css selector","value":"#shell-header-logo"}
RESULT: {"using":"css selector","value":"#shell-header-logo"}
COMMAND: POST /session/cdd2d6a6ff4e4121354b0ded879e8cf3/element/f.3354A31769E1E4013F80CDE1D39C4690.d.C86AB51FC49E6A3A1C3044C03A204056.e.2539/click - {}
RESULT: {}
COMMAND: GET /session/cdd2d6a6ff4e4121354b0ded879e8cf3/screenshot - {}
RESULT: {}
]]></system-out>
    </testcase>
    <testcase classname="chrome.135_0_7049_42.windows.Partner_specific_tests_US150819_US151080_US151654_US151176_US103444_US151078_US151079_US151109_US151174_US151175_US151189" name="Should create a new intercompany partner edit some of its fields US151078" time="258.239">
      <system-out><![CDATA[
COMMAND: POST /session/cdd2d6a6ff4e4121354b0ded879e8cf3/element - {"using":"xpath","value":"//li[.//span[text()=\"Manage Partners\"]]"}
RESULT: {"using":"xpath","value":"//li[.//span[text()=\"Manage Partners\"]]"}
COMMAND: POST /session/cdd2d6a6ff4e4121354b0ded879e8cf3/element - {"using":"xpath","value":"//li[.//span[text()=\"Manage Partners\"]]"}
RESULT: {"using":"xpath","value":"//li[.//span[text()=\"Manage Partners\"]]"}
COMMAND: POST /session/cdd2d6a6ff4e4121354b0ded879e8cf3/element - {"using":"css selector","value":"#shell-header-logo"}
RESULT: {"using":"css selector","value":"#shell-header-logo"}
COMMAND: POST /session/cdd2d6a6ff4e4121354b0ded879e8cf3/element/f.3354A31769E1E4013F80CDE1D39C4690.d.C86AB51FC49E6A3A1C3044C03A204056.e.3004/click - {}
COMMAND: POST /session/cdd2d6a6ff4e4121354b0ded879e8cf3/execute/sync - {"script":"<script> [8489 bytes]","args":[{"element-6066-11e4-a52e-4f735466cecf":"f.3354A31769E1E4013F80CDE1D39C4690.d.C86AB51FC49E6A3A1C3044C03A204056.e.3004","ELEMENT":"f.3354A31769E1E4013F80CDE1D39C4690.d.C86AB51FC49E6A3A1C3044C03A204056.e.3004"}]}
RESULT: {"script":"<script> [8489 bytes]","args":[{"element-6066-11e4-a52e-4f735466cecf":"f.3354A31769E1E4013F80CDE1D39C4690.d.C86AB51FC49E6A3A1C3044C03A204056.e.3004","ELEMENT":"f.3354A31769E1E4013F80CDE1D39C4690.d.C86AB51FC49E6A3A1C3044C03A204056.e.3004"}]}
COMMAND: POST /session/cdd2d6a6ff4e4121354b0ded879e8cf3/execute/sync - {"script":"<script> [5351 bytes]","args":[{"element-6066-11e4-a52e-4f735466cecf":"f.3354A31769E1E4013F80CDE1D39C4690.d.C86AB51FC49E6A3A1C3044C03A204056.e.3004","ELEMENT":"f.3354A31769E1E4013F80CDE1D39C4690.d.C86AB51FC49E6A3A1C3044C03A204056.e.3004"}]}
COMMAND: GET /session/cdd2d6a6ff4e4121354b0ded879e8cf3/screenshot - {}
RESULT: {}
COMMAND: GET /session/cdd2d6a6ff4e4121354b0ded879e8cf3/screenshot - {}
RESULT: {"script":"<script> [5351 bytes]","args":[{"element-6066-11e4-a52e-4f735466cecf":"f.3354A31769E1E4013F80CDE1D39C4690.d.C86AB51FC49E6A3A1C3044C03A204056.e.3004","ELEMENT":"f.3354A31769E1E4013F80CDE1D39C4690.d.C86AB51FC49E6A3A1C3044C03A204056.e.3004"}]}
COMMAND: GET /session/cdd2d6a6ff4e4121354b0ded879e8cf3/screenshot - {}
RESULT: {}
RESULT: {}
RESULT: {}
COMMAND: POST /session/cdd2d6a6ff4e4121354b0ded879e8cf3/refresh - {}
RESULT: {}
COMMAND: GET /session/cdd2d6a6ff4e4121354b0ded879e8cf3/screenshot - {}
RESULT: {}
COMMAND: POST /session/cdd2d6a6ff4e4121354b0ded879e8cf3/refresh - {}
RESULT: {}
COMMAND: GET /session/cdd2d6a6ff4e4121354b0ded879e8cf3/screenshot - {}
RESULT: {}
COMMAND: POST /session/cdd2d6a6ff4e4121354b0ded879e8cf3/window/fullscreen - {}
RESULT: {}
COMMAND: POST /session/cdd2d6a6ff4e4121354b0ded879e8cf3/execute/async - {"script":"<script> [189 bytes]","args":[]}
RESULT: {"script":"<script> [189 bytes]","args":[]}
COMMAND: POST /session/cdd2d6a6ff4e4121354b0ded879e8cf3/execute/async - {"script":"<script> [123 bytes]","args":[]}
RESULT: {"script":"<script> [123 bytes]","args":[]}
COMMAND: POST /session/cdd2d6a6ff4e4121354b0ded879e8cf3/timeouts - {"script":"<number>"}
RESULT: {"script":"<number>"}
COMMAND: GET /session/cdd2d6a6ff4e4121354b0ded879e8cf3/timeouts - {}
RESULT: {}
RESULT: undefined
COMMAND: POST /session/cdd2d6a6ff4e4121354b0ded879e8cf3/execute/async - {"script":"<script> [2676 bytes]","args":[]}
RESULT: {"script":"<script> [2676 bytes]","args":[]}
COMMAND: POST /session/cdd2d6a6ff4e4121354b0ded879e8cf3/execute/async - {"script":"<script> [2342 bytes]","args":[{"protocol":"http","hostname":"0.0.0.0","path":"/","capabilities":{"browserName":"chrome","goog:chromeOptions":{"binary":"C:\\Program Files\\Google\\Chrome\\Application\\chrome.exe","args":["--start-maximized"]}},"logLevel":"warn","connectionRetryTimeout":120000,"connectionRetryCount":3,"logLevels":{},"enableDirectConnect":true,"strictSSL":true,"_":"65 more keys: [\"cacheDir\",\"port\",\"requestedCapabilities\",\"automationProtocol\",\"baseUrl\",\"waitforInterval\",\"waitforTimeout\",\"onReload\",\"beforeCommand\",\"afterCommand\",\"rootDir\",\"specs\",\"suites\",\"exclude\",\"groupLogsByTestSpec\",\"excludeDriverLogs\",\"bail\",\"framework\",\"reporters\",\"services\",\"maxInstances\",\"maxInstancesPerCapability\",\"injectGlobals\",\"filesToWatch\",\"execArgv\",\"runnerEnv\",\"runner\",\"shard\",\"specFileRetries\",\"specFileRetriesDelay\",\"specFileRetriesDeferred\",\"reporterSyncInterval\",\"reporterSyncTimeout\",\"cucumberFeaturesWithLineNumbers\",\"autoCompileOpts\",\"mochaOpts\",\"jasmineOpts\",\"cucumberOpts\",\"onPrepare\",\"onWorkerStart\",\"onWorkerEnd\",\"before\",\"beforeSession\",\"beforeSuite\",\"beforeHook\",\"beforeTest\",\"afterTest\",\"afterHook\",\"afterSuite\",\"afterSession\",\"after\",\"onComplete\",\"beforeAssertion\",\"afterAssertion\",\"beforeFeature\",\"beforeScenario\",\"beforeStep\",\"afterStep\",\"afterScenario\",\"afterFeature\",\"_\",\"suite\",\"$0\",\"ignoredWorkerServices\",\"wdi5\"]"}]}
RESULT: {"script":"<script> [2342 bytes]","args":[{"protocol":"http","hostname":"0.0.0.0","path":"/","capabilities":{"browserName":"chrome","goog:chromeOptions":{"binary":"C:\\Program Files\\Google\\Chrome\\Application\\chrome.exe","args":["--start-maximized"]}},"logLevel":"warn","connectionRetryTimeout":120000,"connectionRetryCount":3,"logLevels":{},"enableDirectConnect":true,"strictSSL":true,"_":"65 more keys: [\"cacheDir\",\"port\",\"requestedCapabilities\",\"automationProtocol\",\"baseUrl\",\"waitforInterval\",\"waitforTimeout\",\"onReload\",\"beforeCommand\",\"afterCommand\",\"rootDir\",\"specs\",\"suites\",\"exclude\",\"groupLogsByTestSpec\",\"excludeDriverLogs\",\"bail\",\"framework\",\"reporters\",\"services\",\"maxInstances\",\"maxInstancesPerCapability\",\"injectGlobals\",\"filesToWatch\",\"execArgv\",\"runnerEnv\",\"runner\",\"shard\",\"specFileRetries\",\"specFileRetriesDelay\",\"specFileRetriesDeferred\",\"reporterSyncInterval\",\"reporterSyncTimeout\",\"cucumberFeaturesWithLineNumbers\",\"autoCompileOpts\",\"mochaOpts\",\"jasmineOpts\",\"cucumberOpts\",\"onPrepare\",\"onWorkerStart\",\"onWorkerEnd\",\"before\",\"beforeSession\",\"beforeSuite\",\"beforeHook\",\"beforeTest\",\"afterTest\",\"afterHook\",\"afterSuite\",\"afterSession\",\"after\",\"onComplete\",\"beforeAssertion\",\"afterAssertion\",\"beforeFeature\",\"beforeScenario\",\"beforeStep\",\"afterStep\",\"afterScenario\",\"afterFeature\",\"_\",\"suite\",\"$0\",\"ignoredWorkerServices\",\"wdi5\"]"}]}
COMMAND: POST /session/cdd2d6a6ff4e4121354b0ded879e8cf3/execute/async - {"script":"<script> [21126 bytes]","args":[35000]}
RESULT: {"script":"<script> [21126 bytes]","args":[35000]}
COMMAND: POST /session/cdd2d6a6ff4e4121354b0ded879e8cf3/window/fullscreen - {}
RESULT: {}
COMMAND: POST /session/cdd2d6a6ff4e4121354b0ded879e8cf3/window/fullscreen - {}
RESULT: {}
COMMAND: POST /session/cdd2d6a6ff4e4121354b0ded879e8cf3/execute/async - {"script":"<script> [1562 bytes]","args":[{"selector":{"controlType":"sap.m.GenericTile","properties":{"header":"Manage Partners"}},"wdio_ui5_key":"sapm.GenericTile{\"header\":\"Manage Partners\"}"}]}
RESULT: {"script":"<script> [1562 bytes]","args":[{"selector":{"controlType":"sap.m.GenericTile","properties":{"header":"Manage Partners"}},"wdio_ui5_key":"sapm.GenericTile{\"header\":\"Manage Partners\"}"}]}
RESULT: undefined
COMMAND: POST /session/cdd2d6a6ff4e4121354b0ded879e8cf3/element - {"using":"xpath","value":"//*[@id=\"__tile30\"]"}
RESULT: {"using":"xpath","value":"//*[@id=\"__tile30\"]"}
COMMAND: POST /session/cdd2d6a6ff4e4121354b0ded879e8cf3/element/f.3354A31769E1E4013F80CDE1D39C4690.d.8535F73FA4CD770E720F11B63460B35C.e.3070/click - {}
RESULT: {}
COMMAND: POST /session/cdd2d6a6ff4e4121354b0ded879e8cf3/element - {"using":"xpath","value":"//button[@data-kt=\"addButton\"]"}
COMMAND: GET /session/cdd2d6a6ff4e4121354b0ded879e8cf3/screenshot - {}
RESULT: {"using":"xpath","value":"//button[@data-kt=\"addButton\"]"}
COMMAND: POST /session/cdd2d6a6ff4e4121354b0ded879e8cf3/elements - {"using":"xpath","value":"//button[@data-kt=\"addButton\"]"}
RESULT: {}
RESULT: {"using":"xpath","value":"//button[@data-kt=\"addButton\"]"}
COMMAND: POST /session/cdd2d6a6ff4e4121354b0ded879e8cf3/elements - {"using":"xpath","value":"//button[@data-kt=\"addButton\"]"}
RESULT: {"using":"xpath","value":"//button[@data-kt=\"addButton\"]"}
COMMAND: POST /session/cdd2d6a6ff4e4121354b0ded879e8cf3/elements - {"using":"xpath","value":"//button[@data-kt=\"addButton\"]"}
RESULT: {"using":"xpath","value":"//button[@data-kt=\"addButton\"]"}
COMMAND: POST /session/cdd2d6a6ff4e4121354b0ded879e8cf3/elements - {"using":"xpath","value":"//button[@data-kt=\"addButton\"]"}
RESULT: {"using":"xpath","value":"//button[@data-kt=\"addButton\"]"}
COMMAND: POST /session/cdd2d6a6ff4e4121354b0ded879e8cf3/elements - {"using":"xpath","value":"//button[@data-kt=\"addButton\"]"}
RESULT: {"using":"xpath","value":"//button[@data-kt=\"addButton\"]"}
COMMAND: POST /session/cdd2d6a6ff4e4121354b0ded879e8cf3/elements - {"using":"xpath","value":"//button[@data-kt=\"addButton\"]"}
RESULT: {"using":"xpath","value":"//button[@data-kt=\"addButton\"]"}
COMMAND: POST /session/cdd2d6a6ff4e4121354b0ded879e8cf3/elements - {"using":"xpath","value":"//button[@data-kt=\"addButton\"]"}
RESULT: {"using":"xpath","value":"//button[@data-kt=\"addButton\"]"}
COMMAND: POST /session/cdd2d6a6ff4e4121354b0ded879e8cf3/elements - {"using":"xpath","value":"//button[@data-kt=\"addButton\"]"}
RESULT: {"using":"xpath","value":"//button[@data-kt=\"addButton\"]"}
COMMAND: POST /session/cdd2d6a6ff4e4121354b0ded879e8cf3/elements - {"using":"xpath","value":"//button[@data-kt=\"addButton\"]"}
RESULT: {"using":"xpath","value":"//button[@data-kt=\"addButton\"]"}
COMMAND: POST /session/cdd2d6a6ff4e4121354b0ded879e8cf3/elements - {"using":"xpath","value":"//button[@data-kt=\"addButton\"]"}
RESULT: {"using":"xpath","value":"//button[@data-kt=\"addButton\"]"}
COMMAND: POST /session/cdd2d6a6ff4e4121354b0ded879e8cf3/elements - {"using":"xpath","value":"//button[@data-kt=\"addButton\"]"}
RESULT: {"using":"xpath","value":"//button[@data-kt=\"addButton\"]"}
COMMAND: POST /session/cdd2d6a6ff4e4121354b0ded879e8cf3/elements - {"using":"xpath","value":"//button[@data-kt=\"addButton\"]"}
RESULT: {"using":"xpath","value":"//button[@data-kt=\"addButton\"]"}
COMMAND: POST /session/cdd2d6a6ff4e4121354b0ded879e8cf3/elements - {"using":"xpath","value":"//button[@data-kt=\"addButton\"]"}
RESULT: {"using":"xpath","value":"//button[@data-kt=\"addButton\"]"}
COMMAND: POST /session/cdd2d6a6ff4e4121354b0ded879e8cf3/elements - {"using":"xpath","value":"//button[@data-kt=\"addButton\"]"}
RESULT: {"using":"xpath","value":"//button[@data-kt=\"addButton\"]"}
COMMAND: POST /session/cdd2d6a6ff4e4121354b0ded879e8cf3/elements - {"using":"xpath","value":"//button[@data-kt=\"addButton\"]"}
RESULT: {"using":"xpath","value":"//button[@data-kt=\"addButton\"]"}
COMMAND: POST /session/cdd2d6a6ff4e4121354b0ded879e8cf3/elements - {"using":"xpath","value":"//button[@data-kt=\"addButton\"]"}
RESULT: {"using":"xpath","value":"//button[@data-kt=\"addButton\"]"}
COMMAND: POST /session/cdd2d6a6ff4e4121354b0ded879e8cf3/elements - {"using":"xpath","value":"//button[@data-kt=\"addButton\"]"}
RESULT: {"using":"xpath","value":"//button[@data-kt=\"addButton\"]"}
COMMAND: POST /session/cdd2d6a6ff4e4121354b0ded879e8cf3/elements - {"using":"xpath","value":"//button[@data-kt=\"addButton\"]"}
RESULT: {"using":"xpath","value":"//button[@data-kt=\"addButton\"]"}
COMMAND: POST /session/cdd2d6a6ff4e4121354b0ded879e8cf3/elements - {"using":"xpath","value":"//button[@data-kt=\"addButton\"]"}
RESULT: {"using":"xpath","value":"//button[@data-kt=\"addButton\"]"}
COMMAND: POST /session/cdd2d6a6ff4e4121354b0ded879e8cf3/elements - {"using":"xpath","value":"//button[@data-kt=\"addButton\"]"}
RESULT: {"using":"xpath","value":"//button[@data-kt=\"addButton\"]"}
COMMAND: POST /session/cdd2d6a6ff4e4121354b0ded879e8cf3/elements - {"using":"xpath","value":"//button[@data-kt=\"addButton\"]"}
RESULT: {"using":"xpath","value":"//button[@data-kt=\"addButton\"]"}
COMMAND: POST /session/cdd2d6a6ff4e4121354b0ded879e8cf3/elements - {"using":"xpath","value":"//button[@data-kt=\"addButton\"]"}
RESULT: {"using":"xpath","value":"//button[@data-kt=\"addButton\"]"}
COMMAND: POST /session/cdd2d6a6ff4e4121354b0ded879e8cf3/elements - {"using":"xpath","value":"//button[@data-kt=\"addButton\"]"}
RESULT: {"using":"xpath","value":"//button[@data-kt=\"addButton\"]"}
COMMAND: POST /session/cdd2d6a6ff4e4121354b0ded879e8cf3/elements - {"using":"xpath","value":"//button[@data-kt=\"addButton\"]"}
RESULT: {"using":"xpath","value":"//button[@data-kt=\"addButton\"]"}
COMMAND: POST /session/cdd2d6a6ff4e4121354b0ded879e8cf3/elements - {"using":"xpath","value":"//button[@data-kt=\"addButton\"]"}
RESULT: {"using":"xpath","value":"//button[@data-kt=\"addButton\"]"}
COMMAND: POST /session/cdd2d6a6ff4e4121354b0ded879e8cf3/elements - {"using":"xpath","value":"//button[@data-kt=\"addButton\"]"}
RESULT: {"using":"xpath","value":"//button[@data-kt=\"addButton\"]"}
COMMAND: POST /session/cdd2d6a6ff4e4121354b0ded879e8cf3/elements - {"using":"xpath","value":"//button[@data-kt=\"addButton\"]"}
RESULT: {"using":"xpath","value":"//button[@data-kt=\"addButton\"]"}
COMMAND: POST /session/cdd2d6a6ff4e4121354b0ded879e8cf3/element - {"using":"xpath","value":"//button[@data-kt=\"addButton\"]"}
RESULT: {"using":"xpath","value":"//button[@data-kt=\"addButton\"]"}
COMMAND: POST /session/cdd2d6a6ff4e4121354b0ded879e8cf3/execute/sync - {"script":"<script> [8489 bytes]","args":[{"element-6066-11e4-a52e-4f735466cecf":"f.3354A31769E1E4013F80CDE1D39C4690.d.8535F73FA4CD770E720F11B63460B35C.e.3197","ELEMENT":"f.3354A31769E1E4013F80CDE1D39C4690.d.8535F73FA4CD770E720F11B63460B35C.e.3197"}]}
RESULT: {"script":"<script> [8489 bytes]","args":[{"element-6066-11e4-a52e-4f735466cecf":"f.3354A31769E1E4013F80CDE1D39C4690.d.8535F73FA4CD770E720F11B63460B35C.e.3197","ELEMENT":"f.3354A31769E1E4013F80CDE1D39C4690.d.8535F73FA4CD770E720F11B63460B35C.e.3197"}]}
COMMAND: GET /session/cdd2d6a6ff4e4121354b0ded879e8cf3/element/f.3354A31769E1E4013F80CDE1D39C4690.d.8535F73FA4CD770E720F11B63460B35C.e.3197/enabled - {}
COMMAND: GET /session/cdd2d6a6ff4e4121354b0ded879e8cf3/screenshot - {}
RESULT: {}
COMMAND: POST /session/cdd2d6a6ff4e4121354b0ded879e8cf3/execute/sync - {"script":"<script> [8489 bytes]","args":[{"element-6066-11e4-a52e-4f735466cecf":"f.3354A31769E1E4013F80CDE1D39C4690.d.8535F73FA4CD770E720F11B63460B35C.e.3197","ELEMENT":"f.3354A31769E1E4013F80CDE1D39C4690.d.8535F73FA4CD770E720F11B63460B35C.e.3197"}]}
COMMAND: GET /session/cdd2d6a6ff4e4121354b0ded879e8cf3/screenshot - {}
RESULT: {}
RESULT: {"script":"<script> [8489 bytes]","args":[{"element-6066-11e4-a52e-4f735466cecf":"f.3354A31769E1E4013F80CDE1D39C4690.d.8535F73FA4CD770E720F11B63460B35C.e.3197","ELEMENT":"f.3354A31769E1E4013F80CDE1D39C4690.d.8535F73FA4CD770E720F11B63460B35C.e.3197"}]}
COMMAND: POST /session/cdd2d6a6ff4e4121354b0ded879e8cf3/execute/sync - {"script":"<script> [5351 bytes]","args":[{"element-6066-11e4-a52e-4f735466cecf":"f.3354A31769E1E4013F80CDE1D39C4690.d.8535F73FA4CD770E720F11B63460B35C.e.3197","ELEMENT":"f.3354A31769E1E4013F80CDE1D39C4690.d.8535F73FA4CD770E720F11B63460B35C.e.3197"}]}
COMMAND: GET /session/cdd2d6a6ff4e4121354b0ded879e8cf3/screenshot - {}
RESULT: {}
RESULT: {}
RESULT: {"script":"<script> [5351 bytes]","args":[{"element-6066-11e4-a52e-4f735466cecf":"f.3354A31769E1E4013F80CDE1D39C4690.d.8535F73FA4CD770E720F11B63460B35C.e.3197","ELEMENT":"f.3354A31769E1E4013F80CDE1D39C4690.d.8535F73FA4CD770E720F11B63460B35C.e.3197"}]}
COMMAND: POST /session/cdd2d6a6ff4e4121354b0ded879e8cf3/element/f.3354A31769E1E4013F80CDE1D39C4690.d.8535F73FA4CD770E720F11B63460B35C.e.3197/click - {}
COMMAND: GET /session/cdd2d6a6ff4e4121354b0ded879e8cf3/screenshot - {}
RESULT: {}
COMMAND: GET /session/cdd2d6a6ff4e4121354b0ded879e8cf3/screenshot - {}
RESULT: {}
RESULT: {}
COMMAND: POST /session/cdd2d6a6ff4e4121354b0ded879e8cf3/execute/async - {"script":"<script> [1562 bytes]","args":[{"selector":{"id":"application-managepartners-display-component---NewPartner--addressDetailDetailsName1","interaction":{"idSuffix":"inner"}},"wdio_ui5_key":"applicationmanagepartners-display-component---NewPartner--addressDetailDetailsName1"}]}
RESULT: {"script":"<script> [1562 bytes]","args":[{"selector":{"id":"application-managepartners-display-component---NewPartner--addressDetailDetailsName1","interaction":{"idSuffix":"inner"}},"wdio_ui5_key":"applicationmanagepartners-display-component---NewPartner--addressDetailDetailsName1"}]}
RESULT: undefined
COMMAND: POST /session/cdd2d6a6ff4e4121354b0ded879e8cf3/execute/async - {"script":"<script> [776 bytes]","args":[{"enterText":"Intercompany Partner WDIO","selector":{"id":"application-managepartners-display-component---NewPartner--addressDetailDetailsName1","interaction":{"idSuffix":"inner"}},"clearTextFirst":true,"interactionType":"ENTER_TEXT"}]}
RESULT: {"script":"<script> [776 bytes]","args":[{"enterText":"Intercompany Partner WDIO","selector":{"id":"application-managepartners-display-component---NewPartner--addressDetailDetailsName1","interaction":{"idSuffix":"inner"}},"clearTextFirst":true,"interactionType":"ENTER_TEXT"}]}
COMMAND: POST /session/cdd2d6a6ff4e4121354b0ded879e8cf3/execute/async - {"script":"<script> [1562 bytes]","args":[{"selector":{"id":"application-managepartners-display-component---NewPartner--addressDetailDetailsLanguage-arrow"},"wdio_ui5_key":"applicationmanagepartners-display-component---NewPartner--addressDetailDetailsLanguage-arrow"}]}
RESULT: {"script":"<script> [1562 bytes]","args":[{"selector":{"id":"application-managepartners-display-component---NewPartner--addressDetailDetailsLanguage-arrow"},"wdio_ui5_key":"applicationmanagepartners-display-component---NewPartner--addressDetailDetailsLanguage-arrow"}]}
RESULT: undefined
COMMAND: POST /session/cdd2d6a6ff4e4121354b0ded879e8cf3/element - {"using":"xpath","value":"//*[@id=\"application-managepartners-display-component---NewPartner--addressDetailDetailsLanguage-arrow\"]"}
RESULT: {"using":"xpath","value":"//*[@id=\"application-managepartners-display-component---NewPartner--addressDetailDetailsLanguage-arrow\"]"}
COMMAND: POST /session/cdd2d6a6ff4e4121354b0ded879e8cf3/element/f.3354A31769E1E4013F80CDE1D39C4690.d.8535F73FA4CD770E720F11B63460B35C.e.3641/click - {}
RESULT: {}
COMMAND: POST /session/cdd2d6a6ff4e4121354b0ded879e8cf3/element - {"using":"xpath","value":"//span[contains(text(), \"English\")]"}
COMMAND: GET /session/cdd2d6a6ff4e4121354b0ded879e8cf3/screenshot - {}
RESULT: {"using":"xpath","value":"//span[contains(text(), \"English\")]"}
COMMAND: POST /session/cdd2d6a6ff4e4121354b0ded879e8cf3/element/f.3354A31769E1E4013F80CDE1D39C4690.d.8535F73FA4CD770E720F11B63460B35C.e.3642/click - {}
RESULT: {}
RESULT: {}
COMMAND: GET /session/cdd2d6a6ff4e4121354b0ded879e8cf3/screenshot - {}
RESULT: {}
COMMAND: POST /session/cdd2d6a6ff4e4121354b0ded879e8cf3/execute/async - {"script":"<script> [1562 bytes]","args":[{"selector":{"id":"application-managepartners-display-component---NewPartner--addressDetailDetailsCity1","interaction":{"idSuffix":"inner"}},"wdio_ui5_key":"applicationmanagepartners-display-component---NewPartner--addressDetailDetailsCity1"}]}
RESULT: {"script":"<script> [1562 bytes]","args":[{"selector":{"id":"application-managepartners-display-component---NewPartner--addressDetailDetailsCity1","interaction":{"idSuffix":"inner"}},"wdio_ui5_key":"applicationmanagepartners-display-component---NewPartner--addressDetailDetailsCity1"}]}
RESULT: undefined
COMMAND: POST /session/cdd2d6a6ff4e4121354b0ded879e8cf3/execute/async - {"script":"<script> [776 bytes]","args":[{"enterText":"Rosario","selector":{"id":"application-managepartners-display-component---NewPartner--addressDetailDetailsCity1","interaction":{"idSuffix":"inner"}},"clearTextFirst":true,"interactionType":"ENTER_TEXT"}]}
RESULT: {"script":"<script> [776 bytes]","args":[{"enterText":"Rosario","selector":{"id":"application-managepartners-display-component---NewPartner--addressDetailDetailsCity1","interaction":{"idSuffix":"inner"}},"clearTextFirst":true,"interactionType":"ENTER_TEXT"}]}
COMMAND: POST /session/cdd2d6a6ff4e4121354b0ded879e8cf3/execute/async - {"script":"<script> [1562 bytes]","args":[{"selector":{"id":"application-managepartners-display-component---NewPartner--addressDetailDetailsCountry-arrow"},"wdio_ui5_key":"applicationmanagepartners-display-component---NewPartner--addressDetailDetailsCountry-arrow"}]}
RESULT: {"script":"<script> [1562 bytes]","args":[{"selector":{"id":"application-managepartners-display-component---NewPartner--addressDetailDetailsCountry-arrow"},"wdio_ui5_key":"applicationmanagepartners-display-component---NewPartner--addressDetailDetailsCountry-arrow"}]}
RESULT: undefined
COMMAND: POST /session/cdd2d6a6ff4e4121354b0ded879e8cf3/element - {"using":"xpath","value":"//*[@id=\"application-managepartners-display-component---NewPartner--addressDetailDetailsCountry-arrow\"]"}
RESULT: {"using":"xpath","value":"//*[@id=\"application-managepartners-display-component---NewPartner--addressDetailDetailsCountry-arrow\"]"}
COMMAND: POST /session/cdd2d6a6ff4e4121354b0ded879e8cf3/element/f.3354A31769E1E4013F80CDE1D39C4690.d.8535F73FA4CD770E720F11B63460B35C.e.3605/click - {}
RESULT: {}
COMMAND: POST /session/cdd2d6a6ff4e4121354b0ded879e8cf3/element - {"using":"xpath","value":"//span[contains(text(), \"Argentina\")]"}
COMMAND: GET /session/cdd2d6a6ff4e4121354b0ded879e8cf3/screenshot - {}
RESULT: {"using":"xpath","value":"//span[contains(text(), \"Argentina\")]"}
COMMAND: POST /session/cdd2d6a6ff4e4121354b0ded879e8cf3/element/f.3354A31769E1E4013F80CDE1D39C4690.d.8535F73FA4CD770E720F11B63460B35C.e.3644/click - {}
RESULT: {}
RESULT: {}
COMMAND: GET /session/cdd2d6a6ff4e4121354b0ded879e8cf3/screenshot - {}
RESULT: {}
COMMAND: POST /session/cdd2d6a6ff4e4121354b0ded879e8cf3/element - {"using":"xpath","value":"//bdi[contains(text(), \"Commercial\")]"}
RESULT: {"using":"xpath","value":"//bdi[contains(text(), \"Commercial\")]"}
COMMAND: POST /session/cdd2d6a6ff4e4121354b0ded879e8cf3/element/f.3354A31769E1E4013F80CDE1D39C4690.d.8535F73FA4CD770E720F11B63460B35C.e.3645/click - {}
RESULT: {}
COMMAND: GET /session/cdd2d6a6ff4e4121354b0ded879e8cf3/screenshot - {}
RESULT: {}
COMMAND: POST /session/cdd2d6a6ff4e4121354b0ded879e8cf3/execute/async - {"script":"<script> [1562 bytes]","args":[{"selector":{"id":"application-managepartners-display-component---NewPartner--partnerDetailInternal-arrow"},"wdio_ui5_key":"applicationmanagepartners-display-component---NewPartner--partnerDetailInternal-arrow"}]}
RESULT: {"script":"<script> [1562 bytes]","args":[{"selector":{"id":"application-managepartners-display-component---NewPartner--partnerDetailInternal-arrow"},"wdio_ui5_key":"applicationmanagepartners-display-component---NewPartner--partnerDetailInternal-arrow"}]}
RESULT: undefined
COMMAND: POST /session/cdd2d6a6ff4e4121354b0ded879e8cf3/element - {"using":"xpath","value":"//*[@id=\"application-managepartners-display-component---NewPartner--partnerDetailInternal-arrow\"]"}
RESULT: {"using":"xpath","value":"//*[@id=\"application-managepartners-display-component---NewPartner--partnerDetailInternal-arrow\"]"}
COMMAND: POST /session/cdd2d6a6ff4e4121354b0ded879e8cf3/element/f.3354A31769E1E4013F80CDE1D39C4690.d.8535F73FA4CD770E720F11B63460B35C.e.3651/click - {}
RESULT: {}
COMMAND: POST /session/cdd2d6a6ff4e4121354b0ded879e8cf3/element - {"using":"xpath","value":"//span[contains(text(), \"Affiliated company\")]"}
COMMAND: GET /session/cdd2d6a6ff4e4121354b0ded879e8cf3/screenshot - {}
RESULT: {"using":"xpath","value":"//span[contains(text(), \"Affiliated company\")]"}
COMMAND: POST /session/cdd2d6a6ff4e4121354b0ded879e8cf3/element/f.3354A31769E1E4013F80CDE1D39C4690.d.8535F73FA4CD770E720F11B63460B35C.e.3652/click - {}
RESULT: {}
RESULT: {}
COMMAND: POST /session/cdd2d6a6ff4e4121354b0ded879e8cf3/execute/async - {"script":"<script> [1562 bytes]","args":[{"selector":{"id":"application-managepartners-display-component---NewPartner--partnerDetailsCurrency-arrow"},"wdio_ui5_key":"applicationmanagepartners-display-component---NewPartner--partnerDetailsCurrency-arrow"}]}
COMMAND: GET /session/cdd2d6a6ff4e4121354b0ded879e8cf3/screenshot - {}
RESULT: {"script":"<script> [1562 bytes]","args":[{"selector":{"id":"application-managepartners-display-component---NewPartner--partnerDetailsCurrency-arrow"},"wdio_ui5_key":"applicationmanagepartners-display-component---NewPartner--partnerDetailsCurrency-arrow"}]}
RESULT: undefined
COMMAND: POST /session/cdd2d6a6ff4e4121354b0ded879e8cf3/element - {"using":"xpath","value":"//*[@id=\"application-managepartners-display-component---NewPartner--partnerDetailsCurrency-arrow\"]"}
RESULT: {}
RESULT: {"using":"xpath","value":"//*[@id=\"application-managepartners-display-component---NewPartner--partnerDetailsCurrency-arrow\"]"}
COMMAND: POST /session/cdd2d6a6ff4e4121354b0ded879e8cf3/element/f.3354A31769E1E4013F80CDE1D39C4690.d.8535F73FA4CD770E720F11B63460B35C.e.3659/click - {}
RESULT: {}
COMMAND: POST /session/cdd2d6a6ff4e4121354b0ded879e8cf3/element - {"using":"xpath","value":"//span[contains(text(), \"Euro\")]"}
COMMAND: GET /session/cdd2d6a6ff4e4121354b0ded879e8cf3/screenshot - {}
RESULT: {"using":"xpath","value":"//span[contains(text(), \"Euro\")]"}
COMMAND: POST /session/cdd2d6a6ff4e4121354b0ded879e8cf3/element/f.3354A31769E1E4013F80CDE1D39C4690.d.8535F73FA4CD770E720F11B63460B35C.e.3660/click - {}
RESULT: {}
RESULT: {}
COMMAND: POST /session/cdd2d6a6ff4e4121354b0ded879e8cf3/execute/async - {"script":"<script> [1562 bytes]","args":[{"selector":{"id":"application-managepartners-display-component---NewPartner--addressEditDetailsCostObjectCstType-arrow"},"wdio_ui5_key":"applicationmanagepartners-display-component---NewPartner--addressEditDetailsCostObjectCstType-arrow"}]}
COMMAND: GET /session/cdd2d6a6ff4e4121354b0ded879e8cf3/screenshot - {}
RESULT: {"script":"<script> [1562 bytes]","args":[{"selector":{"id":"application-managepartners-display-component---NewPartner--addressEditDetailsCostObjectCstType-arrow"},"wdio_ui5_key":"applicationmanagepartners-display-component---NewPartner--addressEditDetailsCostObjectCstType-arrow"}]}
RESULT: undefined
COMMAND: POST /session/cdd2d6a6ff4e4121354b0ded879e8cf3/element - {"using":"xpath","value":"//*[@id=\"application-managepartners-display-component---NewPartner--addressEditDetailsCostObjectCstType-arrow\"]"}
RESULT: {}
RESULT: {"using":"xpath","value":"//*[@id=\"application-managepartners-display-component---NewPartner--addressEditDetailsCostObjectCstType-arrow\"]"}
COMMAND: POST /session/cdd2d6a6ff4e4121354b0ded879e8cf3/element/f.3354A31769E1E4013F80CDE1D39C4690.d.8535F73FA4CD770E720F11B63460B35C.e.3661/click - {}
RESULT: {}
COMMAND: POST /session/cdd2d6a6ff4e4121354b0ded879e8cf3/element - {"using":"xpath","value":"//span[contains(text(), \"Cost Center\")]"}
COMMAND: GET /session/cdd2d6a6ff4e4121354b0ded879e8cf3/screenshot - {}
RESULT: {"using":"xpath","value":"//span[contains(text(), \"Cost Center\")]"}
COMMAND: POST /session/cdd2d6a6ff4e4121354b0ded879e8cf3/element/f.3354A31769E1E4013F80CDE1D39C4690.d.8535F73FA4CD770E720F11B63460B35C.e.3662/click - {}
RESULT: {}
RESULT: {}
COMMAND: GET /session/cdd2d6a6ff4e4121354b0ded879e8cf3/screenshot - {}
RESULT: {}
COMMAND: POST /session/cdd2d6a6ff4e4121354b0ded879e8cf3/element - {"using":"xpath","value":"//span[@id=\"application-managepartners-display-component---NewPartner--addressNewCostObjectCstID-vhi\"]"}
RESULT: {"using":"xpath","value":"//span[@id=\"application-managepartners-display-component---NewPartner--addressNewCostObjectCstID-vhi\"]"}
COMMAND: POST /session/cdd2d6a6ff4e4121354b0ded879e8cf3/execute/sync - {"script":"<script> [8489 bytes]","args":[{"element-6066-11e4-a52e-4f735466cecf":"f.3354A31769E1E4013F80CDE1D39C4690.d.8535F73FA4CD770E720F11B63460B35C.e.3665","ELEMENT":"f.3354A31769E1E4013F80CDE1D39C4690.d.8535F73FA4CD770E720F11B63460B35C.e.3665"}]}
RESULT: {"script":"<script> [8489 bytes]","args":[{"element-6066-11e4-a52e-4f735466cecf":"f.3354A31769E1E4013F80CDE1D39C4690.d.8535F73FA4CD770E720F11B63460B35C.e.3665","ELEMENT":"f.3354A31769E1E4013F80CDE1D39C4690.d.8535F73FA4CD770E720F11B63460B35C.e.3665"}]}
COMMAND: POST /session/cdd2d6a6ff4e4121354b0ded879e8cf3/execute/async - {"script":"<script> [1562 bytes]","args":[{"selector":{"id":"application-managepartners-display-component---NewPartner--addressNewCostObjectCstID-vhi"},"wdio_ui5_key":"applicationmanagepartners-display-component---NewPartner--addressNewCostObjectCstID-vhi"}]}
COMMAND: GET /session/cdd2d6a6ff4e4121354b0ded879e8cf3/screenshot - {}
RESULT: {"script":"<script> [1562 bytes]","args":[{"selector":{"id":"application-managepartners-display-component---NewPartner--addressNewCostObjectCstID-vhi"},"wdio_ui5_key":"applicationmanagepartners-display-component---NewPartner--addressNewCostObjectCstID-vhi"}]}
RESULT: undefined
COMMAND: POST /session/cdd2d6a6ff4e4121354b0ded879e8cf3/element - {"using":"xpath","value":"//*[@id=\"application-managepartners-display-component---NewPartner--addressNewCostObjectCstID-vhi\"]"}
RESULT: {}
RESULT: {"using":"xpath","value":"//*[@id=\"application-managepartners-display-component---NewPartner--addressNewCostObjectCstID-vhi\"]"}
COMMAND: POST /session/cdd2d6a6ff4e4121354b0ded879e8cf3/element/f.3354A31769E1E4013F80CDE1D39C4690.d.8535F73FA4CD770E720F11B63460B35C.e.3665/click - {}
RESULT: {}
COMMAND: GET /session/cdd2d6a6ff4e4121354b0ded879e8cf3/screenshot - {}
RESULT: {}
COMMAND: POST /session/cdd2d6a6ff4e4121354b0ded879e8cf3/execute/async - {"script":"<script> [1562 bytes]","args":[{"selector":{"controlType":"sap.m.SearchField","properties":{"placeholder":"Search"},"searchOpenDialogs":true,"interaction":{"idSuffix":"I"}},"wdio_ui5_key":"sapm.SearchField{\"placeholder\":\"Search\"}"}]}
RESULT: {"script":"<script> [1562 bytes]","args":[{"selector":{"controlType":"sap.m.SearchField","properties":{"placeholder":"Search"},"searchOpenDialogs":true,"interaction":{"idSuffix":"I"}},"wdio_ui5_key":"sapm.SearchField{\"placeholder\":\"Search\"}"}]}
RESULT: undefined
COMMAND: POST /session/cdd2d6a6ff4e4121354b0ded879e8cf3/execute/async - {"script":"<script> [776 bytes]","args":[{"enterText":"10001013","selector":{"controlType":"sap.m.SearchField","properties":{"placeholder":"Search"},"searchOpenDialogs":true,"interaction":{"idSuffix":"I"}},"clearTextFirst":true,"interactionType":"ENTER_TEXT"}]}
RESULT: {"script":"<script> [776 bytes]","args":[{"enterText":"10001013","selector":{"controlType":"sap.m.SearchField","properties":{"placeholder":"Search"},"searchOpenDialogs":true,"interaction":{"idSuffix":"I"}},"clearTextFirst":true,"interactionType":"ENTER_TEXT"}]}
COMMAND: POST /session/cdd2d6a6ff4e4121354b0ded879e8cf3/actions - {"actions":[{"id":"action7","type":"key","parameters":{},"actions":[{"type":"keyDown","value":""},{"type":"pause","duration":10},{"type":"keyUp","value":""}]}]}
RESULT: {"actions":[{"id":"action7","type":"key","parameters":{},"actions":[{"type":"keyDown","value":""},{"type":"pause","duration":10},{"type":"keyUp","value":""}]}]}
COMMAND: GET /session/cdd2d6a6ff4e4121354b0ded879e8cf3/screenshot - {}
RESULT: {}
COMMAND: POST /session/cdd2d6a6ff4e4121354b0ded879e8cf3/element - {"using":"xpath","value":"//span[contains(text(), \"General Management\")]"}
RESULT: {"using":"xpath","value":"//span[contains(text(), \"General Management\")]"}
COMMAND: POST /session/cdd2d6a6ff4e4121354b0ded879e8cf3/element/f.3354A31769E1E4013F80CDE1D39C4690.d.8535F73FA4CD770E720F11B63460B35C.e.3707/click - {}
RESULT: {}
COMMAND: GET /session/cdd2d6a6ff4e4121354b0ded879e8cf3/screenshot - {}
RESULT: {}
COMMAND: POST /session/cdd2d6a6ff4e4121354b0ded879e8cf3/element - {"using":"xpath","value":"//bdi[contains(text(), \"OK\")]"}
RESULT: {"using":"xpath","value":"//bdi[contains(text(), \"OK\")]"}
COMMAND: POST /session/cdd2d6a6ff4e4121354b0ded879e8cf3/element/f.3354A31769E1E4013F80CDE1D39C4690.d.8535F73FA4CD770E720F11B63460B35C.e.3708/click - {}
RESULT: {}
COMMAND: GET /session/cdd2d6a6ff4e4121354b0ded879e8cf3/screenshot - {}
RESULT: {}
COMMAND: POST /session/cdd2d6a6ff4e4121354b0ded879e8cf3/element - {"using":"xpath","value":"//input[@id=\"application-managepartners-display-component---NewPartner--companyCodeComboBox-inner\"]"}
RESULT: {"using":"xpath","value":"//input[@id=\"application-managepartners-display-component---NewPartner--companyCodeComboBox-inner\"]"}
COMMAND: POST /session/cdd2d6a6ff4e4121354b0ded879e8cf3/element/f.3354A31769E1E4013F80CDE1D39C4690.d.8535F73FA4CD770E720F11B63460B35C.e.3600/clear - {}
RESULT: {}
COMMAND: POST /session/cdd2d6a6ff4e4121354b0ded879e8cf3/element/f.3354A31769E1E4013F80CDE1D39C4690.d.8535F73FA4CD770E720F11B63460B35C.e.3600/value - {"text":"C002"}
COMMAND: GET /session/cdd2d6a6ff4e4121354b0ded879e8cf3/screenshot - {}
RESULT: {"text":"C002"}
COMMAND: GET /session/cdd2d6a6ff4e4121354b0ded879e8cf3/screenshot - {}
RESULT: {}
RESULT: {}
COMMAND: POST /session/cdd2d6a6ff4e4121354b0ded879e8cf3/element - {"using":"xpath","value":"//span[contains(text(), \"C002\")]"}
RESULT: {"using":"xpath","value":"//span[contains(text(), \"C002\")]"}
COMMAND: POST /session/cdd2d6a6ff4e4121354b0ded879e8cf3/element/f.3354A31769E1E4013F80CDE1D39C4690.d.8535F73FA4CD770E720F11B63460B35C.e.3714/click - {}
RESULT: {}
COMMAND: GET /session/cdd2d6a6ff4e4121354b0ded879e8cf3/screenshot - {}
RESULT: {}
COMMAND: POST /session/cdd2d6a6ff4e4121354b0ded879e8cf3/execute/async - {"script":"<script> [1562 bytes]","args":[{"selector":{"id":"application-managepartners-display-component---NewPartner--btnAddTableRow-img"},"wdio_ui5_key":"applicationmanagepartners-display-component---NewPartner--btnAddTableRow-img"}]}
RESULT: {"script":"<script> [1562 bytes]","args":[{"selector":{"id":"application-managepartners-display-component---NewPartner--btnAddTableRow-img"},"wdio_ui5_key":"applicationmanagepartners-display-component---NewPartner--btnAddTableRow-img"}]}
RESULT: undefined
COMMAND: POST /session/cdd2d6a6ff4e4121354b0ded879e8cf3/element - {"using":"xpath","value":"//*[@id=\"application-managepartners-display-component---NewPartner--btnAddTableRow-img\"]"}
RESULT: {"using":"xpath","value":"//*[@id=\"application-managepartners-display-component---NewPartner--btnAddTableRow-img\"]"}
COMMAND: POST /session/cdd2d6a6ff4e4121354b0ded879e8cf3/element/f.3354A31769E1E4013F80CDE1D39C4690.d.8535F73FA4CD770E720F11B63460B35C.e.3715/click - {}
RESULT: {}
COMMAND: GET /session/cdd2d6a6ff4e4121354b0ded879e8cf3/screenshot - {}
RESULT: {}
COMMAND: POST /session/cdd2d6a6ff4e4121354b0ded879e8cf3/element - {"using":"xpath","value":"//input[@id=\"application-managepartners-display-component---NewPartner--assignmentYard-application-managepartners-display-component---NewPartner--assignmentsTable-0-inner\"]"}
RESULT: {"using":"xpath","value":"//input[@id=\"application-managepartners-display-component---NewPartner--assignmentYard-application-managepartners-display-component---NewPartner--assignmentsTable-0-inner\"]"}
COMMAND: POST /session/cdd2d6a6ff4e4121354b0ded879e8cf3/element/f.3354A31769E1E4013F80CDE1D39C4690.d.8535F73FA4CD770E720F11B63460B35C.e.3718/clear - {}
RESULT: {}
COMMAND: POST /session/cdd2d6a6ff4e4121354b0ded879e8cf3/element/f.3354A31769E1E4013F80CDE1D39C4690.d.8535F73FA4CD770E720F11B63460B35C.e.3718/value - {"text":"696"}
COMMAND: GET /session/cdd2d6a6ff4e4121354b0ded879e8cf3/screenshot - {}
RESULT: {"text":"696"}
COMMAND: GET /session/cdd2d6a6ff4e4121354b0ded879e8cf3/screenshot - {}
RESULT: {}
RESULT: {}
COMMAND: POST /session/cdd2d6a6ff4e4121354b0ded879e8cf3/element - {"using":"xpath","value":"//li[.//span[text()='696']]"}
RESULT: {"using":"xpath","value":"//li[.//span[text()='696']]"}
COMMAND: POST /session/cdd2d6a6ff4e4121354b0ded879e8cf3/element/f.3354A31769E1E4013F80CDE1D39C4690.d.8535F73FA4CD770E720F11B63460B35C.e.3727/click - {}
RESULT: {}
COMMAND: GET /session/cdd2d6a6ff4e4121354b0ded879e8cf3/screenshot - {}
RESULT: {}
COMMAND: POST /session/cdd2d6a6ff4e4121354b0ded879e8cf3/actions - {"actions":[{"id":"action8","type":"key","parameters":{},"actions":[{"type":"keyDown","value":""},{"type":"pause","duration":10},{"type":"keyUp","value":""}]}]}
RESULT: {"actions":[{"id":"action8","type":"key","parameters":{},"actions":[{"type":"keyDown","value":""},{"type":"pause","duration":10},{"type":"keyUp","value":""}]}]}
COMMAND: POST /session/cdd2d6a6ff4e4121354b0ded879e8cf3/execute/async - {"script":"<script> [1562 bytes]","args":[{"selector":{"id":"application-managepartners-display-component---NewPartner--externalCustomerComboBox-application-managepartners-display-component---NewPartner--assignmentsTable-0-vhi"},"wdio_ui5_key":"applicationmanagepartners-display-component---NewPartner--externalCustomerComboBox-application-managepartners-display-component---NewPartner--assignmentsTable-0-vhi"}]}
COMMAND: GET /session/cdd2d6a6ff4e4121354b0ded879e8cf3/screenshot - {}
RESULT: {"script":"<script> [1562 bytes]","args":[{"selector":{"id":"application-managepartners-display-component---NewPartner--externalCustomerComboBox-application-managepartners-display-component---NewPartner--assignmentsTable-0-vhi"},"wdio_ui5_key":"applicationmanagepartners-display-component---NewPartner--externalCustomerComboBox-application-managepartners-display-component---NewPartner--assignmentsTable-0-vhi"}]}
RESULT: undefined
COMMAND: POST /session/cdd2d6a6ff4e4121354b0ded879e8cf3/element - {"using":"xpath","value":"//*[@id=\"application-managepartners-display-component---NewPartner--externalCustomerComboBox-application-managepartners-display-component---NewPartner--assignmentsTable-0-vhi\"]"}
RESULT: {}
RESULT: {"using":"xpath","value":"//*[@id=\"application-managepartners-display-component---NewPartner--externalCustomerComboBox-application-managepartners-display-component---NewPartner--assignmentsTable-0-vhi\"]"}
COMMAND: POST /session/cdd2d6a6ff4e4121354b0ded879e8cf3/element/f.3354A31769E1E4013F80CDE1D39C4690.d.8535F73FA4CD770E720F11B63460B35C.e.3731/click - {}
RESULT: {}
RESULT: undefined
COMMAND: POST /session/cdd2d6a6ff4e4121354b0ded879e8cf3/execute/async - {"script":"<script> [776 bytes]","args":[{"enterText":"300003","selector":{"controlType":"sap.m.SearchField","properties":{"placeholder":"Search"},"searchOpenDialogs":true,"interaction":{"idSuffix":"I"}},"clearTextFirst":true,"interactionType":"ENTER_TEXT"}]}
COMMAND: GET /session/cdd2d6a6ff4e4121354b0ded879e8cf3/screenshot - {}
RESULT: {"script":"<script> [776 bytes]","args":[{"enterText":"300003","selector":{"controlType":"sap.m.SearchField","properties":{"placeholder":"Search"},"searchOpenDialogs":true,"interaction":{"idSuffix":"I"}},"clearTextFirst":true,"interactionType":"ENTER_TEXT"}]}
COMMAND: POST /session/cdd2d6a6ff4e4121354b0ded879e8cf3/actions - {"actions":[{"id":"action9","type":"key","parameters":{},"actions":[{"type":"keyDown","value":""},{"type":"pause","duration":10},{"type":"keyUp","value":""}]}]}
RESULT: {}
RESULT: {"actions":[{"id":"action9","type":"key","parameters":{},"actions":[{"type":"keyDown","value":""},{"type":"pause","duration":10},{"type":"keyUp","value":""}]}]}
COMMAND: GET /session/cdd2d6a6ff4e4121354b0ded879e8cf3/screenshot - {}
RESULT: {}
COMMAND: POST /session/cdd2d6a6ff4e4121354b0ded879e8cf3/element - {"using":"xpath","value":"//span[contains(text(), \"300003\")]"}
RESULT: {"using":"xpath","value":"//span[contains(text(), \"300003\")]"}
COMMAND: POST /session/cdd2d6a6ff4e4121354b0ded879e8cf3/element/f.3354A31769E1E4013F80CDE1D39C4690.d.8535F73FA4CD770E720F11B63460B35C.e.3749/click - {}
RESULT: {}
COMMAND: GET /session/cdd2d6a6ff4e4121354b0ded879e8cf3/screenshot - {}
RESULT: {}
COMMAND: POST /session/cdd2d6a6ff4e4121354b0ded879e8cf3/element - {"using":"xpath","value":"//bdi[contains(text(), \"OK\")]"}
RESULT: {"using":"xpath","value":"//bdi[contains(text(), \"OK\")]"}
COMMAND: POST /session/cdd2d6a6ff4e4121354b0ded879e8cf3/element/f.3354A31769E1E4013F80CDE1D39C4690.d.8535F73FA4CD770E720F11B63460B35C.e.3751/click - {}
RESULT: {}
COMMAND: GET /session/cdd2d6a6ff4e4121354b0ded879e8cf3/screenshot - {}
RESULT: {}
COMMAND: POST /session/cdd2d6a6ff4e4121354b0ded879e8cf3/execute/async - {"script":"<script> [1562 bytes]","args":[{"selector":{"id":"application-managepartners-display-component---NewPartner--intercompVendorComboBox-application-managepartners-display-component---NewPartner--assignmentsTable-0-vhi"},"wdio_ui5_key":"applicationmanagepartners-display-component---NewPartner--intercompVendorComboBox-application-managepartners-display-component---NewPartner--assignmentsTable-0-vhi"}]}
RESULT: {"script":"<script> [1562 bytes]","args":[{"selector":{"id":"application-managepartners-display-component---NewPartner--intercompVendorComboBox-application-managepartners-display-component---NewPartner--assignmentsTable-0-vhi"},"wdio_ui5_key":"applicationmanagepartners-display-component---NewPartner--intercompVendorComboBox-application-managepartners-display-component---NewPartner--assignmentsTable-0-vhi"}]}
RESULT: undefined
COMMAND: POST /session/cdd2d6a6ff4e4121354b0ded879e8cf3/element - {"using":"xpath","value":"//*[@id=\"application-managepartners-display-component---NewPartner--intercompVendorComboBox-application-managepartners-display-component---NewPartner--assignmentsTable-0-vhi\"]"}
RESULT: {"using":"xpath","value":"//*[@id=\"application-managepartners-display-component---NewPartner--intercompVendorComboBox-application-managepartners-display-component---NewPartner--assignmentsTable-0-vhi\"]"}
COMMAND: POST /session/cdd2d6a6ff4e4121354b0ded879e8cf3/element/f.3354A31769E1E4013F80CDE1D39C4690.d.8535F73FA4CD770E720F11B63460B35C.e.3754/click - {}
RESULT: {}
RESULT: undefined
COMMAND: POST /session/cdd2d6a6ff4e4121354b0ded879e8cf3/execute/async - {"script":"<script> [776 bytes]","args":[{"enterText":"100005","selector":{"controlType":"sap.m.SearchField","properties":{"placeholder":"Search"},"searchOpenDialogs":true,"interaction":{"idSuffix":"I"}},"clearTextFirst":true,"interactionType":"ENTER_TEXT"}]}
COMMAND: GET /session/cdd2d6a6ff4e4121354b0ded879e8cf3/screenshot - {}
RESULT: {"script":"<script> [776 bytes]","args":[{"enterText":"100005","selector":{"controlType":"sap.m.SearchField","properties":{"placeholder":"Search"},"searchOpenDialogs":true,"interaction":{"idSuffix":"I"}},"clearTextFirst":true,"interactionType":"ENTER_TEXT"}]}
COMMAND: POST /session/cdd2d6a6ff4e4121354b0ded879e8cf3/actions - {"actions":[{"id":"action10","type":"key","parameters":{},"actions":[{"type":"keyDown","value":""},{"type":"pause","duration":10},{"type":"keyUp","value":""}]}]}
RESULT: {}
RESULT: {"actions":[{"id":"action10","type":"key","parameters":{},"actions":[{"type":"keyDown","value":""},{"type":"pause","duration":10},{"type":"keyUp","value":""}]}]}
COMMAND: GET /session/cdd2d6a6ff4e4121354b0ded879e8cf3/screenshot - {}
RESULT: {}
COMMAND: POST /session/cdd2d6a6ff4e4121354b0ded879e8cf3/element - {"using":"xpath","value":"//span[contains(text(), \"Penguins - Field/12345 Berlin\")]"}
RESULT: {"using":"xpath","value":"//span[contains(text(), \"Penguins - Field/12345 Berlin\")]"}
COMMAND: POST /session/cdd2d6a6ff4e4121354b0ded879e8cf3/element/f.3354A31769E1E4013F80CDE1D39C4690.d.8535F73FA4CD770E720F11B63460B35C.e.3772/click - {}
RESULT: {}
COMMAND: GET /session/cdd2d6a6ff4e4121354b0ded879e8cf3/screenshot - {}
RESULT: {}
COMMAND: POST /session/cdd2d6a6ff4e4121354b0ded879e8cf3/element - {"using":"xpath","value":"//bdi[contains(text(), \"OK\")]"}
RESULT: {"using":"xpath","value":"//bdi[contains(text(), \"OK\")]"}
COMMAND: POST /session/cdd2d6a6ff4e4121354b0ded879e8cf3/element/f.3354A31769E1E4013F80CDE1D39C4690.d.8535F73FA4CD770E720F11B63460B35C.e.3773/click - {}
RESULT: {}
COMMAND: GET /session/cdd2d6a6ff4e4121354b0ded879e8cf3/screenshot - {}
RESULT: {}
COMMAND: POST /session/cdd2d6a6ff4e4121354b0ded879e8cf3/element - {"using":"xpath","value":"//button[@data-kt=\"saveButton\"]"}
RESULT: {"using":"xpath","value":"//button[@data-kt=\"saveButton\"]"}
COMMAND: POST /session/cdd2d6a6ff4e4121354b0ded879e8cf3/element/f.3354A31769E1E4013F80CDE1D39C4690.d.8535F73FA4CD770E720F11B63460B35C.e.3633/click - {}
RESULT: {}
COMMAND: GET /session/cdd2d6a6ff4e4121354b0ded879e8cf3/screenshot - {}
RESULT: {}
COMMAND: POST /session/cdd2d6a6ff4e4121354b0ded879e8cf3/element - {"using":"xpath","value":"//header[contains(@id, 'ObjectPageLayout-headerTitle')]/div[1]/div[2]/div[2]/span[1]"}
RESULT: {"using":"xpath","value":"//header[contains(@id, 'ObjectPageLayout-headerTitle')]/div[1]/div[2]/div[2]/span[1]"}
COMMAND: POST /session/cdd2d6a6ff4e4121354b0ded879e8cf3/elements - {"using":"xpath","value":"//header[contains(@id, 'ObjectPageLayout-headerTitle')]/div[1]/div[2]/div[2]/span[1]"}
RESULT: {"using":"xpath","value":"//header[contains(@id, 'ObjectPageLayout-headerTitle')]/div[1]/div[2]/div[2]/span[1]"}
COMMAND: POST /session/cdd2d6a6ff4e4121354b0ded879e8cf3/execute/sync - {"script":"<script> [56 bytes]","args":[{"element-6066-11e4-a52e-4f735466cecf":"f.3354A31769E1E4013F80CDE1D39C4690.d.8535F73FA4CD770E720F11B63460B35C.e.3937","ELEMENT":"f.3354A31769E1E4013F80CDE1D39C4690.d.8535F73FA4CD770E720F11B63460B35C.e.3937"}]}
RESULT: {"script":"<script> [56 bytes]","args":[{"element-6066-11e4-a52e-4f735466cecf":"f.3354A31769E1E4013F80CDE1D39C4690.d.8535F73FA4CD770E720F11B63460B35C.e.3937","ELEMENT":"f.3354A31769E1E4013F80CDE1D39C4690.d.8535F73FA4CD770E720F11B63460B35C.e.3937"}]}
COMMAND: POST /session/cdd2d6a6ff4e4121354b0ded879e8cf3/element - {"using":"css selector","value":"#shell-header-logo"}
COMMAND: GET /session/cdd2d6a6ff4e4121354b0ded879e8cf3/screenshot - {}
RESULT: {"using":"css selector","value":"#shell-header-logo"}
COMMAND: POST /session/cdd2d6a6ff4e4121354b0ded879e8cf3/element/f.3354A31769E1E4013F80CDE1D39C4690.d.8535F73FA4CD770E720F11B63460B35C.e.3150/click - {}
RESULT: {}
RESULT: {}
COMMAND: GET /session/cdd2d6a6ff4e4121354b0ded879e8cf3/screenshot - {}
RESULT: {}
COMMAND: POST /session/cdd2d6a6ff4e4121354b0ded879e8cf3/execute/sync - {"script":"<script> [299 bytes]","args":[["getModel","getResource"]]}
RESULT: {"script":"<script> [299 bytes]","args":[["getModel","getResource"]]}
RESULT: undefined
COMMAND: POST /session/cdd2d6a6ff4e4121354b0ded879e8cf3/element - {"using":"xpath","value":"//*[@id=\"__tile30\"]"}
COMMAND: GET /session/cdd2d6a6ff4e4121354b0ded879e8cf3/screenshot - {}
RESULT: {"using":"xpath","value":"//*[@id=\"__tile30\"]"}
COMMAND: POST /session/cdd2d6a6ff4e4121354b0ded879e8cf3/element/f.3354A31769E1E4013F80CDE1D39C4690.d.8535F73FA4CD770E720F11B63460B35C.e.3070/click - {}
RESULT: {}
RESULT: {}
COMMAND: POST /session/cdd2d6a6ff4e4121354b0ded879e8cf3/element - {"using":"xpath","value":"//button[@data-kt=\"addButton\"]"}
COMMAND: GET /session/cdd2d6a6ff4e4121354b0ded879e8cf3/screenshot - {}
RESULT: {"using":"xpath","value":"//button[@data-kt=\"addButton\"]"}
COMMAND: POST /session/cdd2d6a6ff4e4121354b0ded879e8cf3/elements - {"using":"xpath","value":"//button[@data-kt=\"addButton\"]"}
RESULT: {}
RESULT: {"using":"xpath","value":"//button[@data-kt=\"addButton\"]"}
COMMAND: POST /session/cdd2d6a6ff4e4121354b0ded879e8cf3/execute/sync - {"script":"<script> [8489 bytes]","args":[{"element-6066-11e4-a52e-4f735466cecf":"f.3354A31769E1E4013F80CDE1D39C4690.d.8535F73FA4CD770E720F11B63460B35C.e.3973","ELEMENT":"f.3354A31769E1E4013F80CDE1D39C4690.d.8535F73FA4CD770E720F11B63460B35C.e.3973"}]}
RESULT: {"script":"<script> [8489 bytes]","args":[{"element-6066-11e4-a52e-4f735466cecf":"f.3354A31769E1E4013F80CDE1D39C4690.d.8535F73FA4CD770E720F11B63460B35C.e.3973","ELEMENT":"f.3354A31769E1E4013F80CDE1D39C4690.d.8535F73FA4CD770E720F11B63460B35C.e.3973"}]}
COMMAND: GET /session/cdd2d6a6ff4e4121354b0ded879e8cf3/element/f.3354A31769E1E4013F80CDE1D39C4690.d.8535F73FA4CD770E720F11B63460B35C.e.3973/enabled - {}
COMMAND: GET /session/cdd2d6a6ff4e4121354b0ded879e8cf3/screenshot - {}
RESULT: {}
COMMAND: POST /session/cdd2d6a6ff4e4121354b0ded879e8cf3/execute/sync - {"script":"<script> [8489 bytes]","args":[{"element-6066-11e4-a52e-4f735466cecf":"f.3354A31769E1E4013F80CDE1D39C4690.d.8535F73FA4CD770E720F11B63460B35C.e.3973","ELEMENT":"f.3354A31769E1E4013F80CDE1D39C4690.d.8535F73FA4CD770E720F11B63460B35C.e.3973"}]}
COMMAND: GET /session/cdd2d6a6ff4e4121354b0ded879e8cf3/screenshot - {}
RESULT: {}
RESULT: {"script":"<script> [8489 bytes]","args":[{"element-6066-11e4-a52e-4f735466cecf":"f.3354A31769E1E4013F80CDE1D39C4690.d.8535F73FA4CD770E720F11B63460B35C.e.3973","ELEMENT":"f.3354A31769E1E4013F80CDE1D39C4690.d.8535F73FA4CD770E720F11B63460B35C.e.3973"}]}
COMMAND: POST /session/cdd2d6a6ff4e4121354b0ded879e8cf3/execute/sync - {"script":"<script> [5351 bytes]","args":[{"element-6066-11e4-a52e-4f735466cecf":"f.3354A31769E1E4013F80CDE1D39C4690.d.8535F73FA4CD770E720F11B63460B35C.e.3973","ELEMENT":"f.3354A31769E1E4013F80CDE1D39C4690.d.8535F73FA4CD770E720F11B63460B35C.e.3973"}]}
COMMAND: GET /session/cdd2d6a6ff4e4121354b0ded879e8cf3/screenshot - {}
RESULT: {}
RESULT: {"script":"<script> [5351 bytes]","args":[{"element-6066-11e4-a52e-4f735466cecf":"f.3354A31769E1E4013F80CDE1D39C4690.d.8535F73FA4CD770E720F11B63460B35C.e.3973","ELEMENT":"f.3354A31769E1E4013F80CDE1D39C4690.d.8535F73FA4CD770E720F11B63460B35C.e.3973"}]}
COMMAND: GET /session/cdd2d6a6ff4e4121354b0ded879e8cf3/screenshot - {}
RESULT: {}
RESULT: {}
COMMAND: POST /session/cdd2d6a6ff4e4121354b0ded879e8cf3/execute/async - {"script":"<script> [1562 bytes]","args":[{"selector":{"id":"application-managepartners-display-component---masterPtm--smartFilterBar-btnBasicSearch","interaction":{"idSuffix":"I"}},"wdio_ui5_key":"applicationmanagepartners-display-component---masterPtm--smartFilterBar-btnBasicSearch"}]}
RESULT: {"script":"<script> [1562 bytes]","args":[{"selector":{"id":"application-managepartners-display-component---masterPtm--smartFilterBar-btnBasicSearch","interaction":{"idSuffix":"I"}},"wdio_ui5_key":"applicationmanagepartners-display-component---masterPtm--smartFilterBar-btnBasicSearch"}]}
RESULT: undefined
COMMAND: POST /session/cdd2d6a6ff4e4121354b0ded879e8cf3/execute/async - {"script":"<script> [776 bytes]","args":[{"enterText":"1554","selector":{"id":"application-managepartners-display-component---masterPtm--smartFilterBar-btnBasicSearch","interaction":{"idSuffix":"I"}},"clearTextFirst":true,"interactionType":"ENTER_TEXT"}]}
RESULT: {"script":"<script> [776 bytes]","args":[{"enterText":"1554","selector":{"id":"application-managepartners-display-component---masterPtm--smartFilterBar-btnBasicSearch","interaction":{"idSuffix":"I"}},"clearTextFirst":true,"interactionType":"ENTER_TEXT"}]}
COMMAND: POST /session/cdd2d6a6ff4e4121354b0ded879e8cf3/actions - {"actions":[{"id":"action11","type":"key","parameters":{},"actions":[{"type":"keyDown","value":""},{"type":"pause","duration":10},{"type":"keyUp","value":""}]}]}
RESULT: {"actions":[{"id":"action11","type":"key","parameters":{},"actions":[{"type":"keyDown","value":""},{"type":"pause","duration":10},{"type":"keyUp","value":""}]}]}
COMMAND: GET /session/cdd2d6a6ff4e4121354b0ded879e8cf3/screenshot - {}
RESULT: {}
COMMAND: POST /session/cdd2d6a6ff4e4121354b0ded879e8cf3/elements - {"using":"xpath","value":"//table[contains(@id, \"customPartnersTable-listUl\")]/tbody/tr"}
RESULT: {"using":"xpath","value":"//table[contains(@id, \"customPartnersTable-listUl\")]/tbody/tr"}
COMMAND: POST /session/cdd2d6a6ff4e4121354b0ded879e8cf3/element - {"using":"xpath","value":"//table[contains(@id, \"customPartnersTable-listUl\")]/tbody/tr[1]/td[3]/span"}
RESULT: {"using":"xpath","value":"//table[contains(@id, \"customPartnersTable-listUl\")]/tbody/tr[1]/td[3]/span"}
COMMAND: POST /session/cdd2d6a6ff4e4121354b0ded879e8cf3/elements - {"using":"xpath","value":"//table[contains(@id, \"customPartnersTable-listUl\")]/tbody/tr[1]/td[3]/span"}
RESULT: {"using":"xpath","value":"//table[contains(@id, \"customPartnersTable-listUl\")]/tbody/tr[1]/td[3]/span"}
COMMAND: POST /session/cdd2d6a6ff4e4121354b0ded879e8cf3/execute/sync - {"script":"<script> [56 bytes]","args":[{"element-6066-11e4-a52e-4f735466cecf":"f.3354A31769E1E4013F80CDE1D39C4690.d.8535F73FA4CD770E720F11B63460B35C.e.4122","ELEMENT":"f.3354A31769E1E4013F80CDE1D39C4690.d.8535F73FA4CD770E720F11B63460B35C.e.4122"}]}
RESULT: {"script":"<script> [56 bytes]","args":[{"element-6066-11e4-a52e-4f735466cecf":"f.3354A31769E1E4013F80CDE1D39C4690.d.8535F73FA4CD770E720F11B63460B35C.e.4122","ELEMENT":"f.3354A31769E1E4013F80CDE1D39C4690.d.8535F73FA4CD770E720F11B63460B35C.e.4122"}]}
COMMAND: POST /session/cdd2d6a6ff4e4121354b0ded879e8cf3/element - {"using":"xpath","value":"(//span[contains(@id, \"imgNav\")])[1]"}
COMMAND: GET /session/cdd2d6a6ff4e4121354b0ded879e8cf3/screenshot - {}
RESULT: {"using":"xpath","value":"(//span[contains(@id, \"imgNav\")])[1]"}
COMMAND: POST /session/cdd2d6a6ff4e4121354b0ded879e8cf3/element/f.3354A31769E1E4013F80CDE1D39C4690.d.8535F73FA4CD770E720F11B63460B35C.e.4120/click - {}
RESULT: {}
RESULT: {}
COMMAND: GET /session/cdd2d6a6ff4e4121354b0ded879e8cf3/screenshot - {}
RESULT: {}
COMMAND: POST /session/cdd2d6a6ff4e4121354b0ded879e8cf3/element - {"using":"xpath","value":"//bdi[contains(text(), \"Edit\")]"}
RESULT: {"using":"xpath","value":"//bdi[contains(text(), \"Edit\")]"}
COMMAND: POST /session/cdd2d6a6ff4e4121354b0ded879e8cf3/element/f.3354A31769E1E4013F80CDE1D39C4690.d.8535F73FA4CD770E720F11B63460B35C.e.4269/click - {}
RESULT: {}
COMMAND: GET /session/cdd2d6a6ff4e4121354b0ded879e8cf3/screenshot - {}
RESULT: {}
COMMAND: POST /session/cdd2d6a6ff4e4121354b0ded879e8cf3/execute/async - {"script":"<script> [1562 bytes]","args":[{"selector":{"controlType":"sap.m.Input","viewName":"etm.portal.ui.managepartners.view.EditDetail","labelFor":{"text":"Name"},"interaction":{"idSuffix":"inner"}},"wdio_ui5_key":"etmportal.ui.managepartners.view.EditDetailsap.m.Input{\"text\":\"Name\"}"}]}
RESULT: {"script":"<script> [1562 bytes]","args":[{"selector":{"controlType":"sap.m.Input","viewName":"etm.portal.ui.managepartners.view.EditDetail","labelFor":{"text":"Name"},"interaction":{"idSuffix":"inner"}},"wdio_ui5_key":"etmportal.ui.managepartners.view.EditDetailsap.m.Input{\"text\":\"Name\"}"}]}
RESULT: undefined
COMMAND: POST /session/cdd2d6a6ff4e4121354b0ded879e8cf3/execute/async - {"script":"<script> [776 bytes]","args":[{"enterText":"Intercompany EDIT","selector":{"controlType":"sap.m.Input","viewName":"etm.portal.ui.managepartners.view.EditDetail","labelFor":{"text":"Name"},"interaction":{"idSuffix":"inner"}},"clearTextFirst":true,"interactionType":"ENTER_TEXT"}]}
RESULT: {"script":"<script> [776 bytes]","args":[{"enterText":"Intercompany EDIT","selector":{"controlType":"sap.m.Input","viewName":"etm.portal.ui.managepartners.view.EditDetail","labelFor":{"text":"Name"},"interaction":{"idSuffix":"inner"}},"clearTextFirst":true,"interactionType":"ENTER_TEXT"}]}
COMMAND: POST /session/cdd2d6a6ff4e4121354b0ded879e8cf3/element - {"using":"xpath","value":"(//span[contains(@id,\"addressDetailDetailsLanguage-arrow\")])[1]"}
RESULT: {"using":"xpath","value":"(//span[contains(@id,\"addressDetailDetailsLanguage-arrow\")])[1]"}
COMMAND: POST /session/cdd2d6a6ff4e4121354b0ded879e8cf3/element/f.3354A31769E1E4013F80CDE1D39C4690.d.8535F73FA4CD770E720F11B63460B35C.e.4352/click - {}
RESULT: {}
COMMAND: POST /session/cdd2d6a6ff4e4121354b0ded879e8cf3/element - {"using":"xpath","value":"//span[contains(text(), \"Chinese\")]"}
COMMAND: GET /session/cdd2d6a6ff4e4121354b0ded879e8cf3/screenshot - {}
RESULT: {"using":"xpath","value":"//span[contains(text(), \"Chinese\")]"}
COMMAND: POST /session/cdd2d6a6ff4e4121354b0ded879e8cf3/element/f.3354A31769E1E4013F80CDE1D39C4690.d.8535F73FA4CD770E720F11B63460B35C.e.4353/click - {}
RESULT: {}
RESULT: {}
COMMAND: GET /session/cdd2d6a6ff4e4121354b0ded879e8cf3/screenshot - {}
RESULT: {}
COMMAND: POST /session/cdd2d6a6ff4e4121354b0ded879e8cf3/execute/async - {"script":"<script> [1562 bytes]","args":[{"selector":{"controlType":"sap.m.Input","viewName":"etm.portal.ui.managepartners.view.EditDetail","labelFor":{"text":"City"},"interaction":{"idSuffix":"inner"}},"wdio_ui5_key":"etmportal.ui.managepartners.view.EditDetailsap.m.Input{\"text\":\"City\"}"}]}
RESULT: {"script":"<script> [1562 bytes]","args":[{"selector":{"controlType":"sap.m.Input","viewName":"etm.portal.ui.managepartners.view.EditDetail","labelFor":{"text":"City"},"interaction":{"idSuffix":"inner"}},"wdio_ui5_key":"etmportal.ui.managepartners.view.EditDetailsap.m.Input{\"text\":\"City\"}"}]}
RESULT: undefined
COMMAND: POST /session/cdd2d6a6ff4e4121354b0ded879e8cf3/execute/async - {"script":"<script> [776 bytes]","args":[{"enterText":"Clooj-Napoca","selector":{"controlType":"sap.m.Input","viewName":"etm.portal.ui.managepartners.view.EditDetail","labelFor":{"text":"City"},"interaction":{"idSuffix":"inner"}},"clearTextFirst":true,"interactionType":"ENTER_TEXT"}]}
RESULT: {"script":"<script> [776 bytes]","args":[{"enterText":"Clooj-Napoca","selector":{"controlType":"sap.m.Input","viewName":"etm.portal.ui.managepartners.view.EditDetail","labelFor":{"text":"City"},"interaction":{"idSuffix":"inner"}},"clearTextFirst":true,"interactionType":"ENTER_TEXT"}]}
COMMAND: POST /session/cdd2d6a6ff4e4121354b0ded879e8cf3/element - {"using":"xpath","value":"//button[@data-kt=\"saveButton\"]"}
RESULT: {"using":"xpath","value":"//button[@data-kt=\"saveButton\"]"}
COMMAND: POST /session/cdd2d6a6ff4e4121354b0ded879e8cf3/element/f.3354A31769E1E4013F80CDE1D39C4690.d.8535F73FA4CD770E720F11B63460B35C.e.4332/click - {}
RESULT: {}
COMMAND: GET /session/cdd2d6a6ff4e4121354b0ded879e8cf3/screenshot - {}
RESULT: {}
COMMAND: POST /session/cdd2d6a6ff4e4121354b0ded879e8cf3/execute/async - {"script":"<script> [1562 bytes]","args":[{"selector":{"id":"application-managepartners-display-component---detailPtm--addressDetailDetailsName1"},"wdio_ui5_key":"applicationmanagepartners-display-component---detailPtm--addressDetailDetailsName1"}]}
RESULT: {"script":"<script> [1562 bytes]","args":[{"selector":{"id":"application-managepartners-display-component---detailPtm--addressDetailDetailsName1"},"wdio_ui5_key":"applicationmanagepartners-display-component---detailPtm--addressDetailDetailsName1"}]}
RESULT: undefined
COMMAND: POST /session/cdd2d6a6ff4e4121354b0ded879e8cf3/execute/async - {"script":"<script> [6424 bytes]","args":[{"element-6066-11e4-a52e-4f735466cecf":"f.3354A31769E1E4013F80CDE1D39C4690.d.8535F73FA4CD770E720F11B63460B35C.e.4384"},"getValue",[]]}
RESULT: {"script":"<script> [6424 bytes]","args":[{"element-6066-11e4-a52e-4f735466cecf":"f.3354A31769E1E4013F80CDE1D39C4690.d.8535F73FA4CD770E720F11B63460B35C.e.4384"},"getValue",[]]}
COMMAND: POST /session/cdd2d6a6ff4e4121354b0ded879e8cf3/element - {"using":"xpath","value":"//input[@id = \"application-managepartners-display-component---detailPtm--addressDetailDetailsLanguage-inner\"]"}
RESULT: {"using":"xpath","value":"//input[@id = \"application-managepartners-display-component---detailPtm--addressDetailDetailsLanguage-inner\"]"}
COMMAND: GET /session/cdd2d6a6ff4e4121354b0ded879e8cf3/element/f.3354A31769E1E4013F80CDE1D39C4690.d.8535F73FA4CD770E720F11B63460B35C.e.4385/property/value - {}
RESULT: {}
COMMAND: POST /session/cdd2d6a6ff4e4121354b0ded879e8cf3/execute/async - {"script":"<script> [1562 bytes]","args":[{"selector":{"id":"application-managepartners-display-component---detailPtm--addressDetailDetailsCity1"},"wdio_ui5_key":"applicationmanagepartners-display-component---detailPtm--addressDetailDetailsCity1"}]}
COMMAND: GET /session/cdd2d6a6ff4e4121354b0ded879e8cf3/screenshot - {}
RESULT: {"script":"<script> [1562 bytes]","args":[{"selector":{"id":"application-managepartners-display-component---detailPtm--addressDetailDetailsCity1"},"wdio_ui5_key":"applicationmanagepartners-display-component---detailPtm--addressDetailDetailsCity1"}]}
RESULT: undefined
COMMAND: POST /session/cdd2d6a6ff4e4121354b0ded879e8cf3/execute/async - {"script":"<script> [6424 bytes]","args":[{"element-6066-11e4-a52e-4f735466cecf":"f.3354A31769E1E4013F80CDE1D39C4690.d.8535F73FA4CD770E720F11B63460B35C.e.4386"},"getValue",[]]}
RESULT: {}
RESULT: {"script":"<script> [6424 bytes]","args":[{"element-6066-11e4-a52e-4f735466cecf":"f.3354A31769E1E4013F80CDE1D39C4690.d.8535F73FA4CD770E720F11B63460B35C.e.4386"},"getValue",[]]}
COMMAND: POST /session/cdd2d6a6ff4e4121354b0ded879e8cf3/element - {"using":"css selector","value":"#shell-header-logo"}
RESULT: {"using":"css selector","value":"#shell-header-logo"}
COMMAND: POST /session/cdd2d6a6ff4e4121354b0ded879e8cf3/element/f.3354A31769E1E4013F80CDE1D39C4690.d.8535F73FA4CD770E720F11B63460B35C.e.3940/click - {}
RESULT: {}
COMMAND: GET /session/cdd2d6a6ff4e4121354b0ded879e8cf3/screenshot - {}
RESULT: {}
]]></system-out>
    </testcase>
    <testcase classname="chrome.135_0_7049_42.windows.Partner_specific_tests_US150819_US151080_US151654_US151176_US103444_US151078_US151079_US151109_US151174_US151175_US151189" name="Should create a new intracompany partner edit some of its fields US151079" time="261.345">
      <system-out><![CDATA[
COMMAND: POST /session/cdd2d6a6ff4e4121354b0ded879e8cf3/element - {"using":"xpath","value":"//li[.//span[text()=\"Manage Partners\"]]"}
RESULT: {"using":"xpath","value":"//li[.//span[text()=\"Manage Partners\"]]"}
COMMAND: POST /session/cdd2d6a6ff4e4121354b0ded879e8cf3/element - {"using":"xpath","value":"//li[.//span[text()=\"Manage Partners\"]]"}
RESULT: {"using":"xpath","value":"//li[.//span[text()=\"Manage Partners\"]]"}
COMMAND: POST /session/cdd2d6a6ff4e4121354b0ded879e8cf3/element - {"using":"css selector","value":"#shell-header-logo"}
RESULT: {"using":"css selector","value":"#shell-header-logo"}
COMMAND: POST /session/cdd2d6a6ff4e4121354b0ded879e8cf3/element/f.3354A31769E1E4013F80CDE1D39C4690.d.8535F73FA4CD770E720F11B63460B35C.e.4416/click - {}
COMMAND: POST /session/cdd2d6a6ff4e4121354b0ded879e8cf3/execute/sync - {"script":"<script> [8489 bytes]","args":[{"element-6066-11e4-a52e-4f735466cecf":"f.3354A31769E1E4013F80CDE1D39C4690.d.8535F73FA4CD770E720F11B63460B35C.e.4416","ELEMENT":"f.3354A31769E1E4013F80CDE1D39C4690.d.8535F73FA4CD770E720F11B63460B35C.e.4416"}]}
RESULT: {}
COMMAND: GET /session/cdd2d6a6ff4e4121354b0ded879e8cf3/screenshot - {}
RESULT: {"script":"<script> [8489 bytes]","args":[{"element-6066-11e4-a52e-4f735466cecf":"f.3354A31769E1E4013F80CDE1D39C4690.d.8535F73FA4CD770E720F11B63460B35C.e.4416","ELEMENT":"f.3354A31769E1E4013F80CDE1D39C4690.d.8535F73FA4CD770E720F11B63460B35C.e.4416"}]}
COMMAND: POST /session/cdd2d6a6ff4e4121354b0ded879e8cf3/execute/sync - {"script":"<script> [5351 bytes]","args":[{"element-6066-11e4-a52e-4f735466cecf":"f.3354A31769E1E4013F80CDE1D39C4690.d.8535F73FA4CD770E720F11B63460B35C.e.4416","ELEMENT":"f.3354A31769E1E4013F80CDE1D39C4690.d.8535F73FA4CD770E720F11B63460B35C.e.4416"}]}
COMMAND: GET /session/cdd2d6a6ff4e4121354b0ded879e8cf3/screenshot - {}
RESULT: {}
RESULT: {"script":"<script> [5351 bytes]","args":[{"element-6066-11e4-a52e-4f735466cecf":"f.3354A31769E1E4013F80CDE1D39C4690.d.8535F73FA4CD770E720F11B63460B35C.e.4416","ELEMENT":"f.3354A31769E1E4013F80CDE1D39C4690.d.8535F73FA4CD770E720F11B63460B35C.e.4416"}]}
COMMAND: GET /session/cdd2d6a6ff4e4121354b0ded879e8cf3/screenshot - {}
RESULT: {}
RESULT: {}
COMMAND: POST /session/cdd2d6a6ff4e4121354b0ded879e8cf3/refresh - {}
RESULT: {}
COMMAND: GET /session/cdd2d6a6ff4e4121354b0ded879e8cf3/screenshot - {}
RESULT: {}
COMMAND: POST /session/cdd2d6a6ff4e4121354b0ded879e8cf3/refresh - {}
RESULT: {}
COMMAND: GET /session/cdd2d6a6ff4e4121354b0ded879e8cf3/screenshot - {}
RESULT: {}
COMMAND: POST /session/cdd2d6a6ff4e4121354b0ded879e8cf3/window/fullscreen - {}
RESULT: {}
COMMAND: POST /session/cdd2d6a6ff4e4121354b0ded879e8cf3/execute/async - {"script":"<script> [189 bytes]","args":[]}
RESULT: {"script":"<script> [189 bytes]","args":[]}
COMMAND: POST /session/cdd2d6a6ff4e4121354b0ded879e8cf3/execute/async - {"script":"<script> [123 bytes]","args":[]}
RESULT: {"script":"<script> [123 bytes]","args":[]}
COMMAND: POST /session/cdd2d6a6ff4e4121354b0ded879e8cf3/timeouts - {"script":"<number>"}
RESULT: {"script":"<number>"}
COMMAND: GET /session/cdd2d6a6ff4e4121354b0ded879e8cf3/timeouts - {}
RESULT: {}
RESULT: undefined
COMMAND: POST /session/cdd2d6a6ff4e4121354b0ded879e8cf3/execute/async - {"script":"<script> [2676 bytes]","args":[]}
RESULT: {"script":"<script> [2676 bytes]","args":[]}
COMMAND: POST /session/cdd2d6a6ff4e4121354b0ded879e8cf3/execute/async - {"script":"<script> [2342 bytes]","args":[{"protocol":"http","hostname":"0.0.0.0","path":"/","capabilities":{"browserName":"chrome","goog:chromeOptions":{"binary":"C:\\Program Files\\Google\\Chrome\\Application\\chrome.exe","args":["--start-maximized"]}},"logLevel":"warn","connectionRetryTimeout":120000,"connectionRetryCount":3,"logLevels":{},"enableDirectConnect":true,"strictSSL":true,"_":"65 more keys: [\"cacheDir\",\"port\",\"requestedCapabilities\",\"automationProtocol\",\"baseUrl\",\"waitforInterval\",\"waitforTimeout\",\"onReload\",\"beforeCommand\",\"afterCommand\",\"rootDir\",\"specs\",\"suites\",\"exclude\",\"groupLogsByTestSpec\",\"excludeDriverLogs\",\"bail\",\"framework\",\"reporters\",\"services\",\"maxInstances\",\"maxInstancesPerCapability\",\"injectGlobals\",\"filesToWatch\",\"execArgv\",\"runnerEnv\",\"runner\",\"shard\",\"specFileRetries\",\"specFileRetriesDelay\",\"specFileRetriesDeferred\",\"reporterSyncInterval\",\"reporterSyncTimeout\",\"cucumberFeaturesWithLineNumbers\",\"autoCompileOpts\",\"mochaOpts\",\"jasmineOpts\",\"cucumberOpts\",\"onPrepare\",\"onWorkerStart\",\"onWorkerEnd\",\"before\",\"beforeSession\",\"beforeSuite\",\"beforeHook\",\"beforeTest\",\"afterTest\",\"afterHook\",\"afterSuite\",\"afterSession\",\"after\",\"onComplete\",\"beforeAssertion\",\"afterAssertion\",\"beforeFeature\",\"beforeScenario\",\"beforeStep\",\"afterStep\",\"afterScenario\",\"afterFeature\",\"_\",\"suite\",\"$0\",\"ignoredWorkerServices\",\"wdi5\"]"}]}
RESULT: {"script":"<script> [2342 bytes]","args":[{"protocol":"http","hostname":"0.0.0.0","path":"/","capabilities":{"browserName":"chrome","goog:chromeOptions":{"binary":"C:\\Program Files\\Google\\Chrome\\Application\\chrome.exe","args":["--start-maximized"]}},"logLevel":"warn","connectionRetryTimeout":120000,"connectionRetryCount":3,"logLevels":{},"enableDirectConnect":true,"strictSSL":true,"_":"65 more keys: [\"cacheDir\",\"port\",\"requestedCapabilities\",\"automationProtocol\",\"baseUrl\",\"waitforInterval\",\"waitforTimeout\",\"onReload\",\"beforeCommand\",\"afterCommand\",\"rootDir\",\"specs\",\"suites\",\"exclude\",\"groupLogsByTestSpec\",\"excludeDriverLogs\",\"bail\",\"framework\",\"reporters\",\"services\",\"maxInstances\",\"maxInstancesPerCapability\",\"injectGlobals\",\"filesToWatch\",\"execArgv\",\"runnerEnv\",\"runner\",\"shard\",\"specFileRetries\",\"specFileRetriesDelay\",\"specFileRetriesDeferred\",\"reporterSyncInterval\",\"reporterSyncTimeout\",\"cucumberFeaturesWithLineNumbers\",\"autoCompileOpts\",\"mochaOpts\",\"jasmineOpts\",\"cucumberOpts\",\"onPrepare\",\"onWorkerStart\",\"onWorkerEnd\",\"before\",\"beforeSession\",\"beforeSuite\",\"beforeHook\",\"beforeTest\",\"afterTest\",\"afterHook\",\"afterSuite\",\"afterSession\",\"after\",\"onComplete\",\"beforeAssertion\",\"afterAssertion\",\"beforeFeature\",\"beforeScenario\",\"beforeStep\",\"afterStep\",\"afterScenario\",\"afterFeature\",\"_\",\"suite\",\"$0\",\"ignoredWorkerServices\",\"wdi5\"]"}]}
COMMAND: POST /session/cdd2d6a6ff4e4121354b0ded879e8cf3/execute/async - {"script":"<script> [21126 bytes]","args":[35000]}
RESULT: {"script":"<script> [21126 bytes]","args":[35000]}
COMMAND: POST /session/cdd2d6a6ff4e4121354b0ded879e8cf3/window/fullscreen - {}
RESULT: {}
COMMAND: POST /session/cdd2d6a6ff4e4121354b0ded879e8cf3/window/fullscreen - {}
RESULT: {}
COMMAND: POST /session/cdd2d6a6ff4e4121354b0ded879e8cf3/execute/async - {"script":"<script> [1562 bytes]","args":[{"selector":{"controlType":"sap.m.GenericTile","properties":{"header":"Manage Partners"}},"wdio_ui5_key":"sapm.GenericTile{\"header\":\"Manage Partners\"}"}]}
RESULT: {"script":"<script> [1562 bytes]","args":[{"selector":{"controlType":"sap.m.GenericTile","properties":{"header":"Manage Partners"}},"wdio_ui5_key":"sapm.GenericTile{\"header\":\"Manage Partners\"}"}]}
RESULT: undefined
COMMAND: POST /session/cdd2d6a6ff4e4121354b0ded879e8cf3/element - {"using":"xpath","value":"//*[@id=\"__tile30\"]"}
RESULT: {"using":"xpath","value":"//*[@id=\"__tile30\"]"}
COMMAND: POST /session/cdd2d6a6ff4e4121354b0ded879e8cf3/element/f.3354A31769E1E4013F80CDE1D39C4690.d.8CBDA2F31F1EAD454007A7AAFD53CE57.e.4486/click - {}
RESULT: {}
COMMAND: POST /session/cdd2d6a6ff4e4121354b0ded879e8cf3/element - {"using":"xpath","value":"//button[@data-kt=\"addButton\"]"}
COMMAND: GET /session/cdd2d6a6ff4e4121354b0ded879e8cf3/screenshot - {}
RESULT: {"using":"xpath","value":"//button[@data-kt=\"addButton\"]"}
COMMAND: POST /session/cdd2d6a6ff4e4121354b0ded879e8cf3/elements - {"using":"xpath","value":"//button[@data-kt=\"addButton\"]"}
RESULT: {}
RESULT: {"using":"xpath","value":"//button[@data-kt=\"addButton\"]"}
COMMAND: POST /session/cdd2d6a6ff4e4121354b0ded879e8cf3/elements - {"using":"xpath","value":"//button[@data-kt=\"addButton\"]"}
RESULT: {"using":"xpath","value":"//button[@data-kt=\"addButton\"]"}
COMMAND: POST /session/cdd2d6a6ff4e4121354b0ded879e8cf3/elements - {"using":"xpath","value":"//button[@data-kt=\"addButton\"]"}
RESULT: {"using":"xpath","value":"//button[@data-kt=\"addButton\"]"}
COMMAND: POST /session/cdd2d6a6ff4e4121354b0ded879e8cf3/elements - {"using":"xpath","value":"//button[@data-kt=\"addButton\"]"}
RESULT: {"using":"xpath","value":"//button[@data-kt=\"addButton\"]"}
COMMAND: POST /session/cdd2d6a6ff4e4121354b0ded879e8cf3/elements - {"using":"xpath","value":"//button[@data-kt=\"addButton\"]"}
RESULT: {"using":"xpath","value":"//button[@data-kt=\"addButton\"]"}
COMMAND: POST /session/cdd2d6a6ff4e4121354b0ded879e8cf3/elements - {"using":"xpath","value":"//button[@data-kt=\"addButton\"]"}
RESULT: {"using":"xpath","value":"//button[@data-kt=\"addButton\"]"}
COMMAND: POST /session/cdd2d6a6ff4e4121354b0ded879e8cf3/elements - {"using":"xpath","value":"//button[@data-kt=\"addButton\"]"}
RESULT: {"using":"xpath","value":"//button[@data-kt=\"addButton\"]"}
COMMAND: POST /session/cdd2d6a6ff4e4121354b0ded879e8cf3/elements - {"using":"xpath","value":"//button[@data-kt=\"addButton\"]"}
RESULT: {"using":"xpath","value":"//button[@data-kt=\"addButton\"]"}
COMMAND: POST /session/cdd2d6a6ff4e4121354b0ded879e8cf3/elements - {"using":"xpath","value":"//button[@data-kt=\"addButton\"]"}
RESULT: {"using":"xpath","value":"//button[@data-kt=\"addButton\"]"}
COMMAND: POST /session/cdd2d6a6ff4e4121354b0ded879e8cf3/elements - {"using":"xpath","value":"//button[@data-kt=\"addButton\"]"}
RESULT: {"using":"xpath","value":"//button[@data-kt=\"addButton\"]"}
COMMAND: POST /session/cdd2d6a6ff4e4121354b0ded879e8cf3/elements - {"using":"xpath","value":"//button[@data-kt=\"addButton\"]"}
RESULT: {"using":"xpath","value":"//button[@data-kt=\"addButton\"]"}
COMMAND: POST /session/cdd2d6a6ff4e4121354b0ded879e8cf3/elements - {"using":"xpath","value":"//button[@data-kt=\"addButton\"]"}
RESULT: {"using":"xpath","value":"//button[@data-kt=\"addButton\"]"}
COMMAND: POST /session/cdd2d6a6ff4e4121354b0ded879e8cf3/elements - {"using":"xpath","value":"//button[@data-kt=\"addButton\"]"}
RESULT: {"using":"xpath","value":"//button[@data-kt=\"addButton\"]"}
COMMAND: POST /session/cdd2d6a6ff4e4121354b0ded879e8cf3/elements - {"using":"xpath","value":"//button[@data-kt=\"addButton\"]"}
RESULT: {"using":"xpath","value":"//button[@data-kt=\"addButton\"]"}
COMMAND: POST /session/cdd2d6a6ff4e4121354b0ded879e8cf3/elements - {"using":"xpath","value":"//button[@data-kt=\"addButton\"]"}
RESULT: {"using":"xpath","value":"//button[@data-kt=\"addButton\"]"}
COMMAND: POST /session/cdd2d6a6ff4e4121354b0ded879e8cf3/elements - {"using":"xpath","value":"//button[@data-kt=\"addButton\"]"}
RESULT: {"using":"xpath","value":"//button[@data-kt=\"addButton\"]"}
COMMAND: POST /session/cdd2d6a6ff4e4121354b0ded879e8cf3/elements - {"using":"xpath","value":"//button[@data-kt=\"addButton\"]"}
RESULT: {"using":"xpath","value":"//button[@data-kt=\"addButton\"]"}
COMMAND: POST /session/cdd2d6a6ff4e4121354b0ded879e8cf3/elements - {"using":"xpath","value":"//button[@data-kt=\"addButton\"]"}
RESULT: {"using":"xpath","value":"//button[@data-kt=\"addButton\"]"}
COMMAND: POST /session/cdd2d6a6ff4e4121354b0ded879e8cf3/elements - {"using":"xpath","value":"//button[@data-kt=\"addButton\"]"}
RESULT: {"using":"xpath","value":"//button[@data-kt=\"addButton\"]"}
COMMAND: POST /session/cdd2d6a6ff4e4121354b0ded879e8cf3/elements - {"using":"xpath","value":"//button[@data-kt=\"addButton\"]"}
RESULT: {"using":"xpath","value":"//button[@data-kt=\"addButton\"]"}
COMMAND: POST /session/cdd2d6a6ff4e4121354b0ded879e8cf3/elements - {"using":"xpath","value":"//button[@data-kt=\"addButton\"]"}
RESULT: {"using":"xpath","value":"//button[@data-kt=\"addButton\"]"}
COMMAND: POST /session/cdd2d6a6ff4e4121354b0ded879e8cf3/elements - {"using":"xpath","value":"//button[@data-kt=\"addButton\"]"}
RESULT: {"using":"xpath","value":"//button[@data-kt=\"addButton\"]"}
COMMAND: POST /session/cdd2d6a6ff4e4121354b0ded879e8cf3/elements - {"using":"xpath","value":"//button[@data-kt=\"addButton\"]"}
RESULT: {"using":"xpath","value":"//button[@data-kt=\"addButton\"]"}
COMMAND: POST /session/cdd2d6a6ff4e4121354b0ded879e8cf3/elements - {"using":"xpath","value":"//button[@data-kt=\"addButton\"]"}
RESULT: {"using":"xpath","value":"//button[@data-kt=\"addButton\"]"}
COMMAND: POST /session/cdd2d6a6ff4e4121354b0ded879e8cf3/elements - {"using":"xpath","value":"//button[@data-kt=\"addButton\"]"}
RESULT: {"using":"xpath","value":"//button[@data-kt=\"addButton\"]"}
COMMAND: POST /session/cdd2d6a6ff4e4121354b0ded879e8cf3/elements - {"using":"xpath","value":"//button[@data-kt=\"addButton\"]"}
RESULT: {"using":"xpath","value":"//button[@data-kt=\"addButton\"]"}
COMMAND: POST /session/cdd2d6a6ff4e4121354b0ded879e8cf3/elements - {"using":"xpath","value":"//button[@data-kt=\"addButton\"]"}
RESULT: {"using":"xpath","value":"//button[@data-kt=\"addButton\"]"}
COMMAND: POST /session/cdd2d6a6ff4e4121354b0ded879e8cf3/elements - {"using":"xpath","value":"//button[@data-kt=\"addButton\"]"}
RESULT: {"using":"xpath","value":"//button[@data-kt=\"addButton\"]"}
COMMAND: POST /session/cdd2d6a6ff4e4121354b0ded879e8cf3/elements - {"using":"xpath","value":"//button[@data-kt=\"addButton\"]"}
RESULT: {"using":"xpath","value":"//button[@data-kt=\"addButton\"]"}
COMMAND: POST /session/cdd2d6a6ff4e4121354b0ded879e8cf3/elements - {"using":"xpath","value":"//button[@data-kt=\"addButton\"]"}
RESULT: {"using":"xpath","value":"//button[@data-kt=\"addButton\"]"}
COMMAND: POST /session/cdd2d6a6ff4e4121354b0ded879e8cf3/elements - {"using":"xpath","value":"//button[@data-kt=\"addButton\"]"}
RESULT: {"using":"xpath","value":"//button[@data-kt=\"addButton\"]"}
COMMAND: POST /session/cdd2d6a6ff4e4121354b0ded879e8cf3/elements - {"using":"xpath","value":"//button[@data-kt=\"addButton\"]"}
RESULT: {"using":"xpath","value":"//button[@data-kt=\"addButton\"]"}
COMMAND: POST /session/cdd2d6a6ff4e4121354b0ded879e8cf3/elements - {"using":"xpath","value":"//button[@data-kt=\"addButton\"]"}
RESULT: {"using":"xpath","value":"//button[@data-kt=\"addButton\"]"}
COMMAND: POST /session/cdd2d6a6ff4e4121354b0ded879e8cf3/elements - {"using":"xpath","value":"//button[@data-kt=\"addButton\"]"}
RESULT: {"using":"xpath","value":"//button[@data-kt=\"addButton\"]"}
COMMAND: POST /session/cdd2d6a6ff4e4121354b0ded879e8cf3/elements - {"using":"xpath","value":"//button[@data-kt=\"addButton\"]"}
RESULT: {"using":"xpath","value":"//button[@data-kt=\"addButton\"]"}
COMMAND: POST /session/cdd2d6a6ff4e4121354b0ded879e8cf3/elements - {"using":"xpath","value":"//button[@data-kt=\"addButton\"]"}
RESULT: {"using":"xpath","value":"//button[@data-kt=\"addButton\"]"}
COMMAND: POST /session/cdd2d6a6ff4e4121354b0ded879e8cf3/elements - {"using":"xpath","value":"//button[@data-kt=\"addButton\"]"}
RESULT: {"using":"xpath","value":"//button[@data-kt=\"addButton\"]"}
COMMAND: POST /session/cdd2d6a6ff4e4121354b0ded879e8cf3/elements - {"using":"xpath","value":"//button[@data-kt=\"addButton\"]"}
RESULT: {"using":"xpath","value":"//button[@data-kt=\"addButton\"]"}
COMMAND: POST /session/cdd2d6a6ff4e4121354b0ded879e8cf3/elements - {"using":"xpath","value":"//button[@data-kt=\"addButton\"]"}
RESULT: {"using":"xpath","value":"//button[@data-kt=\"addButton\"]"}
COMMAND: POST /session/cdd2d6a6ff4e4121354b0ded879e8cf3/elements - {"using":"xpath","value":"//button[@data-kt=\"addButton\"]"}
RESULT: {"using":"xpath","value":"//button[@data-kt=\"addButton\"]"}
COMMAND: POST /session/cdd2d6a6ff4e4121354b0ded879e8cf3/elements - {"using":"xpath","value":"//button[@data-kt=\"addButton\"]"}
RESULT: {"using":"xpath","value":"//button[@data-kt=\"addButton\"]"}
COMMAND: POST /session/cdd2d6a6ff4e4121354b0ded879e8cf3/elements - {"using":"xpath","value":"//button[@data-kt=\"addButton\"]"}
RESULT: {"using":"xpath","value":"//button[@data-kt=\"addButton\"]"}
COMMAND: POST /session/cdd2d6a6ff4e4121354b0ded879e8cf3/elements - {"using":"xpath","value":"//button[@data-kt=\"addButton\"]"}
RESULT: {"using":"xpath","value":"//button[@data-kt=\"addButton\"]"}
COMMAND: POST /session/cdd2d6a6ff4e4121354b0ded879e8cf3/elements - {"using":"xpath","value":"//button[@data-kt=\"addButton\"]"}
RESULT: {"using":"xpath","value":"//button[@data-kt=\"addButton\"]"}
COMMAND: POST /session/cdd2d6a6ff4e4121354b0ded879e8cf3/elements - {"using":"xpath","value":"//button[@data-kt=\"addButton\"]"}
RESULT: {"using":"xpath","value":"//button[@data-kt=\"addButton\"]"}
COMMAND: POST /session/cdd2d6a6ff4e4121354b0ded879e8cf3/elements - {"using":"xpath","value":"//button[@data-kt=\"addButton\"]"}
RESULT: {"using":"xpath","value":"//button[@data-kt=\"addButton\"]"}
COMMAND: POST /session/cdd2d6a6ff4e4121354b0ded879e8cf3/element - {"using":"xpath","value":"//button[@data-kt=\"addButton\"]"}
RESULT: {"using":"xpath","value":"//button[@data-kt=\"addButton\"]"}
COMMAND: POST /session/cdd2d6a6ff4e4121354b0ded879e8cf3/execute/sync - {"script":"<script> [8489 bytes]","args":[{"element-6066-11e4-a52e-4f735466cecf":"f.3354A31769E1E4013F80CDE1D39C4690.d.8CBDA2F31F1EAD454007A7AAFD53CE57.e.4602","ELEMENT":"f.3354A31769E1E4013F80CDE1D39C4690.d.8CBDA2F31F1EAD454007A7AAFD53CE57.e.4602"}]}
RESULT: {"script":"<script> [8489 bytes]","args":[{"element-6066-11e4-a52e-4f735466cecf":"f.3354A31769E1E4013F80CDE1D39C4690.d.8CBDA2F31F1EAD454007A7AAFD53CE57.e.4602","ELEMENT":"f.3354A31769E1E4013F80CDE1D39C4690.d.8CBDA2F31F1EAD454007A7AAFD53CE57.e.4602"}]}
COMMAND: GET /session/cdd2d6a6ff4e4121354b0ded879e8cf3/element/f.3354A31769E1E4013F80CDE1D39C4690.d.8CBDA2F31F1EAD454007A7AAFD53CE57.e.4602/enabled - {}
COMMAND: GET /session/cdd2d6a6ff4e4121354b0ded879e8cf3/screenshot - {}
RESULT: {}
COMMAND: POST /session/cdd2d6a6ff4e4121354b0ded879e8cf3/execute/sync - {"script":"<script> [8489 bytes]","args":[{"element-6066-11e4-a52e-4f735466cecf":"f.3354A31769E1E4013F80CDE1D39C4690.d.8CBDA2F31F1EAD454007A7AAFD53CE57.e.4602","ELEMENT":"f.3354A31769E1E4013F80CDE1D39C4690.d.8CBDA2F31F1EAD454007A7AAFD53CE57.e.4602"}]}
COMMAND: GET /session/cdd2d6a6ff4e4121354b0ded879e8cf3/screenshot - {}
RESULT: {}
RESULT: {"script":"<script> [8489 bytes]","args":[{"element-6066-11e4-a52e-4f735466cecf":"f.3354A31769E1E4013F80CDE1D39C4690.d.8CBDA2F31F1EAD454007A7AAFD53CE57.e.4602","ELEMENT":"f.3354A31769E1E4013F80CDE1D39C4690.d.8CBDA2F31F1EAD454007A7AAFD53CE57.e.4602"}]}
COMMAND: POST /session/cdd2d6a6ff4e4121354b0ded879e8cf3/execute/sync - {"script":"<script> [5351 bytes]","args":[{"element-6066-11e4-a52e-4f735466cecf":"f.3354A31769E1E4013F80CDE1D39C4690.d.8CBDA2F31F1EAD454007A7AAFD53CE57.e.4602","ELEMENT":"f.3354A31769E1E4013F80CDE1D39C4690.d.8CBDA2F31F1EAD454007A7AAFD53CE57.e.4602"}]}
COMMAND: GET /session/cdd2d6a6ff4e4121354b0ded879e8cf3/screenshot - {}
RESULT: {}
RESULT: {"script":"<script> [5351 bytes]","args":[{"element-6066-11e4-a52e-4f735466cecf":"f.3354A31769E1E4013F80CDE1D39C4690.d.8CBDA2F31F1EAD454007A7AAFD53CE57.e.4602","ELEMENT":"f.3354A31769E1E4013F80CDE1D39C4690.d.8CBDA2F31F1EAD454007A7AAFD53CE57.e.4602"}]}
COMMAND: POST /session/cdd2d6a6ff4e4121354b0ded879e8cf3/element/f.3354A31769E1E4013F80CDE1D39C4690.d.8CBDA2F31F1EAD454007A7AAFD53CE57.e.4602/click - {}
COMMAND: GET /session/cdd2d6a6ff4e4121354b0ded879e8cf3/screenshot - {}
RESULT: {}
RESULT: {}
COMMAND: GET /session/cdd2d6a6ff4e4121354b0ded879e8cf3/screenshot - {}
RESULT: {}
RESULT: {}
COMMAND: POST /session/cdd2d6a6ff4e4121354b0ded879e8cf3/execute/async - {"script":"<script> [1562 bytes]","args":[{"selector":{"id":"application-managepartners-display-component---NewPartner--addressDetailDetailsName1","interaction":{"idSuffix":"inner"}},"wdio_ui5_key":"applicationmanagepartners-display-component---NewPartner--addressDetailDetailsName1"}]}
RESULT: {"script":"<script> [1562 bytes]","args":[{"selector":{"id":"application-managepartners-display-component---NewPartner--addressDetailDetailsName1","interaction":{"idSuffix":"inner"}},"wdio_ui5_key":"applicationmanagepartners-display-component---NewPartner--addressDetailDetailsName1"}]}
RESULT: undefined
COMMAND: POST /session/cdd2d6a6ff4e4121354b0ded879e8cf3/execute/async - {"script":"<script> [776 bytes]","args":[{"enterText":"Intracompany Partner WDIO","selector":{"id":"application-managepartners-display-component---NewPartner--addressDetailDetailsName1","interaction":{"idSuffix":"inner"}},"clearTextFirst":true,"interactionType":"ENTER_TEXT"}]}
RESULT: {"script":"<script> [776 bytes]","args":[{"enterText":"Intracompany Partner WDIO","selector":{"id":"application-managepartners-display-component---NewPartner--addressDetailDetailsName1","interaction":{"idSuffix":"inner"}},"clearTextFirst":true,"interactionType":"ENTER_TEXT"}]}
COMMAND: POST /session/cdd2d6a6ff4e4121354b0ded879e8cf3/execute/async - {"script":"<script> [1562 bytes]","args":[{"selector":{"id":"application-managepartners-display-component---NewPartner--addressDetailDetailsLanguage-arrow"},"wdio_ui5_key":"applicationmanagepartners-display-component---NewPartner--addressDetailDetailsLanguage-arrow"}]}
RESULT: {"script":"<script> [1562 bytes]","args":[{"selector":{"id":"application-managepartners-display-component---NewPartner--addressDetailDetailsLanguage-arrow"},"wdio_ui5_key":"applicationmanagepartners-display-component---NewPartner--addressDetailDetailsLanguage-arrow"}]}
RESULT: undefined
COMMAND: POST /session/cdd2d6a6ff4e4121354b0ded879e8cf3/element - {"using":"xpath","value":"//*[@id=\"application-managepartners-display-component---NewPartner--addressDetailDetailsLanguage-arrow\"]"}
RESULT: {"using":"xpath","value":"//*[@id=\"application-managepartners-display-component---NewPartner--addressDetailDetailsLanguage-arrow\"]"}
COMMAND: POST /session/cdd2d6a6ff4e4121354b0ded879e8cf3/element/f.3354A31769E1E4013F80CDE1D39C4690.d.8CBDA2F31F1EAD454007A7AAFD53CE57.e.4830/click - {}
RESULT: {}
COMMAND: POST /session/cdd2d6a6ff4e4121354b0ded879e8cf3/element - {"using":"xpath","value":"//span[contains(text(), \"English\")]"}
COMMAND: GET /session/cdd2d6a6ff4e4121354b0ded879e8cf3/screenshot - {}
RESULT: {"using":"xpath","value":"//span[contains(text(), \"English\")]"}
COMMAND: POST /session/cdd2d6a6ff4e4121354b0ded879e8cf3/element/f.3354A31769E1E4013F80CDE1D39C4690.d.8CBDA2F31F1EAD454007A7AAFD53CE57.e.4831/click - {}
RESULT: {}
RESULT: {}
COMMAND: GET /session/cdd2d6a6ff4e4121354b0ded879e8cf3/screenshot - {}
RESULT: {}
COMMAND: POST /session/cdd2d6a6ff4e4121354b0ded879e8cf3/execute/async - {"script":"<script> [1562 bytes]","args":[{"selector":{"id":"application-managepartners-display-component---NewPartner--addressDetailDetailsCity1","interaction":{"idSuffix":"inner"}},"wdio_ui5_key":"applicationmanagepartners-display-component---NewPartner--addressDetailDetailsCity1"}]}
RESULT: {"script":"<script> [1562 bytes]","args":[{"selector":{"id":"application-managepartners-display-component---NewPartner--addressDetailDetailsCity1","interaction":{"idSuffix":"inner"}},"wdio_ui5_key":"applicationmanagepartners-display-component---NewPartner--addressDetailDetailsCity1"}]}
RESULT: undefined
COMMAND: POST /session/cdd2d6a6ff4e4121354b0ded879e8cf3/execute/async - {"script":"<script> [776 bytes]","args":[{"enterText":"Rosario","selector":{"id":"application-managepartners-display-component---NewPartner--addressDetailDetailsCity1","interaction":{"idSuffix":"inner"}},"clearTextFirst":true,"interactionType":"ENTER_TEXT"}]}
RESULT: {"script":"<script> [776 bytes]","args":[{"enterText":"Rosario","selector":{"id":"application-managepartners-display-component---NewPartner--addressDetailDetailsCity1","interaction":{"idSuffix":"inner"}},"clearTextFirst":true,"interactionType":"ENTER_TEXT"}]}
COMMAND: POST /session/cdd2d6a6ff4e4121354b0ded879e8cf3/execute/async - {"script":"<script> [1562 bytes]","args":[{"selector":{"id":"application-managepartners-display-component---NewPartner--addressDetailDetailsCountry-arrow"},"wdio_ui5_key":"applicationmanagepartners-display-component---NewPartner--addressDetailDetailsCountry-arrow"}]}
RESULT: {"script":"<script> [1562 bytes]","args":[{"selector":{"id":"application-managepartners-display-component---NewPartner--addressDetailDetailsCountry-arrow"},"wdio_ui5_key":"applicationmanagepartners-display-component---NewPartner--addressDetailDetailsCountry-arrow"}]}
RESULT: undefined
COMMAND: POST /session/cdd2d6a6ff4e4121354b0ded879e8cf3/element - {"using":"xpath","value":"//*[@id=\"application-managepartners-display-component---NewPartner--addressDetailDetailsCountry-arrow\"]"}
RESULT: {"using":"xpath","value":"//*[@id=\"application-managepartners-display-component---NewPartner--addressDetailDetailsCountry-arrow\"]"}
COMMAND: POST /session/cdd2d6a6ff4e4121354b0ded879e8cf3/element/f.3354A31769E1E4013F80CDE1D39C4690.d.8CBDA2F31F1EAD454007A7AAFD53CE57.e.4721/click - {}
RESULT: {}
COMMAND: POST /session/cdd2d6a6ff4e4121354b0ded879e8cf3/element - {"using":"xpath","value":"//span[contains(text(), \"Argentina\")]"}
COMMAND: GET /session/cdd2d6a6ff4e4121354b0ded879e8cf3/screenshot - {}
RESULT: {"using":"xpath","value":"//span[contains(text(), \"Argentina\")]"}
COMMAND: POST /session/cdd2d6a6ff4e4121354b0ded879e8cf3/element/f.3354A31769E1E4013F80CDE1D39C4690.d.8CBDA2F31F1EAD454007A7AAFD53CE57.e.4833/click - {}
RESULT: {}
RESULT: {}
COMMAND: GET /session/cdd2d6a6ff4e4121354b0ded879e8cf3/screenshot - {}
RESULT: {}
COMMAND: POST /session/cdd2d6a6ff4e4121354b0ded879e8cf3/element - {"using":"xpath","value":"//bdi[contains(text(), \"Commercial\")]"}
RESULT: {"using":"xpath","value":"//bdi[contains(text(), \"Commercial\")]"}
COMMAND: POST /session/cdd2d6a6ff4e4121354b0ded879e8cf3/element/f.3354A31769E1E4013F80CDE1D39C4690.d.8CBDA2F31F1EAD454007A7AAFD53CE57.e.4834/click - {}
RESULT: {}
COMMAND: GET /session/cdd2d6a6ff4e4121354b0ded879e8cf3/screenshot - {}
RESULT: {}
COMMAND: POST /session/cdd2d6a6ff4e4121354b0ded879e8cf3/execute/async - {"script":"<script> [1562 bytes]","args":[{"selector":{"id":"application-managepartners-display-component---NewPartner--partnerDetailInternal-arrow"},"wdio_ui5_key":"applicationmanagepartners-display-component---NewPartner--partnerDetailInternal-arrow"}]}
RESULT: {"script":"<script> [1562 bytes]","args":[{"selector":{"id":"application-managepartners-display-component---NewPartner--partnerDetailInternal-arrow"},"wdio_ui5_key":"applicationmanagepartners-display-component---NewPartner--partnerDetailInternal-arrow"}]}
RESULT: undefined
COMMAND: POST /session/cdd2d6a6ff4e4121354b0ded879e8cf3/element - {"using":"xpath","value":"//*[@id=\"application-managepartners-display-component---NewPartner--partnerDetailInternal-arrow\"]"}
RESULT: {"using":"xpath","value":"//*[@id=\"application-managepartners-display-component---NewPartner--partnerDetailInternal-arrow\"]"}
COMMAND: POST /session/cdd2d6a6ff4e4121354b0ded879e8cf3/element/f.3354A31769E1E4013F80CDE1D39C4690.d.8CBDA2F31F1EAD454007A7AAFD53CE57.e.4842/click - {}
RESULT: {}
COMMAND: POST /session/cdd2d6a6ff4e4121354b0ded879e8cf3/element - {"using":"xpath","value":"//span[contains(text(), \"Affiliated company\")]"}
COMMAND: GET /session/cdd2d6a6ff4e4121354b0ded879e8cf3/screenshot - {}
RESULT: {"using":"xpath","value":"//span[contains(text(), \"Affiliated company\")]"}
COMMAND: POST /session/cdd2d6a6ff4e4121354b0ded879e8cf3/element/f.3354A31769E1E4013F80CDE1D39C4690.d.8CBDA2F31F1EAD454007A7AAFD53CE57.e.4843/click - {}
RESULT: {}
RESULT: {}
COMMAND: POST /session/cdd2d6a6ff4e4121354b0ded879e8cf3/execute/async - {"script":"<script> [1562 bytes]","args":[{"selector":{"id":"application-managepartners-display-component---NewPartner--partnerDetailsCurrency-arrow"},"wdio_ui5_key":"applicationmanagepartners-display-component---NewPartner--partnerDetailsCurrency-arrow"}]}
COMMAND: GET /session/cdd2d6a6ff4e4121354b0ded879e8cf3/screenshot - {}
RESULT: {"script":"<script> [1562 bytes]","args":[{"selector":{"id":"application-managepartners-display-component---NewPartner--partnerDetailsCurrency-arrow"},"wdio_ui5_key":"applicationmanagepartners-display-component---NewPartner--partnerDetailsCurrency-arrow"}]}
RESULT: undefined
COMMAND: POST /session/cdd2d6a6ff4e4121354b0ded879e8cf3/element - {"using":"xpath","value":"//*[@id=\"application-managepartners-display-component---NewPartner--partnerDetailsCurrency-arrow\"]"}
RESULT: {}
RESULT: {"using":"xpath","value":"//*[@id=\"application-managepartners-display-component---NewPartner--partnerDetailsCurrency-arrow\"]"}
COMMAND: POST /session/cdd2d6a6ff4e4121354b0ded879e8cf3/element/f.3354A31769E1E4013F80CDE1D39C4690.d.8CBDA2F31F1EAD454007A7AAFD53CE57.e.4850/click - {}
RESULT: {}
COMMAND: POST /session/cdd2d6a6ff4e4121354b0ded879e8cf3/element - {"using":"xpath","value":"//span[contains(text(), \"Euro\")]"}
COMMAND: GET /session/cdd2d6a6ff4e4121354b0ded879e8cf3/screenshot - {}
RESULT: {"using":"xpath","value":"//span[contains(text(), \"Euro\")]"}
COMMAND: POST /session/cdd2d6a6ff4e4121354b0ded879e8cf3/element/f.3354A31769E1E4013F80CDE1D39C4690.d.8CBDA2F31F1EAD454007A7AAFD53CE57.e.4851/click - {}
RESULT: {}
RESULT: {}
COMMAND: POST /session/cdd2d6a6ff4e4121354b0ded879e8cf3/execute/async - {"script":"<script> [1562 bytes]","args":[{"selector":{"id":"application-managepartners-display-component---NewPartner--addressEditDetailsCostObjectCstType-arrow"},"wdio_ui5_key":"applicationmanagepartners-display-component---NewPartner--addressEditDetailsCostObjectCstType-arrow"}]}
COMMAND: GET /session/cdd2d6a6ff4e4121354b0ded879e8cf3/screenshot - {}
RESULT: {"script":"<script> [1562 bytes]","args":[{"selector":{"id":"application-managepartners-display-component---NewPartner--addressEditDetailsCostObjectCstType-arrow"},"wdio_ui5_key":"applicationmanagepartners-display-component---NewPartner--addressEditDetailsCostObjectCstType-arrow"}]}
RESULT: undefined
COMMAND: POST /session/cdd2d6a6ff4e4121354b0ded879e8cf3/element - {"using":"xpath","value":"//*[@id=\"application-managepartners-display-component---NewPartner--addressEditDetailsCostObjectCstType-arrow\"]"}
RESULT: {}
RESULT: {"using":"xpath","value":"//*[@id=\"application-managepartners-display-component---NewPartner--addressEditDetailsCostObjectCstType-arrow\"]"}
COMMAND: POST /session/cdd2d6a6ff4e4121354b0ded879e8cf3/element/f.3354A31769E1E4013F80CDE1D39C4690.d.8CBDA2F31F1EAD454007A7AAFD53CE57.e.4852/click - {}
RESULT: {}
COMMAND: POST /session/cdd2d6a6ff4e4121354b0ded879e8cf3/element - {"using":"xpath","value":"//span[contains(text(), \"Cost Center\")]"}
COMMAND: GET /session/cdd2d6a6ff4e4121354b0ded879e8cf3/screenshot - {}
RESULT: {"using":"xpath","value":"//span[contains(text(), \"Cost Center\")]"}
COMMAND: POST /session/cdd2d6a6ff4e4121354b0ded879e8cf3/element/f.3354A31769E1E4013F80CDE1D39C4690.d.8CBDA2F31F1EAD454007A7AAFD53CE57.e.4853/click - {}
RESULT: {}
RESULT: {}
COMMAND: GET /session/cdd2d6a6ff4e4121354b0ded879e8cf3/screenshot - {}
RESULT: {}
COMMAND: POST /session/cdd2d6a6ff4e4121354b0ded879e8cf3/element - {"using":"xpath","value":"//span[@id=\"application-managepartners-display-component---NewPartner--addressNewCostObjectCstID-vhi\"]"}
RESULT: {"using":"xpath","value":"//span[@id=\"application-managepartners-display-component---NewPartner--addressNewCostObjectCstID-vhi\"]"}
COMMAND: POST /session/cdd2d6a6ff4e4121354b0ded879e8cf3/execute/sync - {"script":"<script> [8489 bytes]","args":[{"element-6066-11e4-a52e-4f735466cecf":"f.3354A31769E1E4013F80CDE1D39C4690.d.8CBDA2F31F1EAD454007A7AAFD53CE57.e.4856","ELEMENT":"f.3354A31769E1E4013F80CDE1D39C4690.d.8CBDA2F31F1EAD454007A7AAFD53CE57.e.4856"}]}
RESULT: {"script":"<script> [8489 bytes]","args":[{"element-6066-11e4-a52e-4f735466cecf":"f.3354A31769E1E4013F80CDE1D39C4690.d.8CBDA2F31F1EAD454007A7AAFD53CE57.e.4856","ELEMENT":"f.3354A31769E1E4013F80CDE1D39C4690.d.8CBDA2F31F1EAD454007A7AAFD53CE57.e.4856"}]}
COMMAND: POST /session/cdd2d6a6ff4e4121354b0ded879e8cf3/execute/async - {"script":"<script> [1562 bytes]","args":[{"selector":{"id":"application-managepartners-display-component---NewPartner--addressNewCostObjectCstID-vhi"},"wdio_ui5_key":"applicationmanagepartners-display-component---NewPartner--addressNewCostObjectCstID-vhi"}]}
COMMAND: GET /session/cdd2d6a6ff4e4121354b0ded879e8cf3/screenshot - {}
RESULT: {"script":"<script> [1562 bytes]","args":[{"selector":{"id":"application-managepartners-display-component---NewPartner--addressNewCostObjectCstID-vhi"},"wdio_ui5_key":"applicationmanagepartners-display-component---NewPartner--addressNewCostObjectCstID-vhi"}]}
RESULT: undefined
COMMAND: POST /session/cdd2d6a6ff4e4121354b0ded879e8cf3/element - {"using":"xpath","value":"//*[@id=\"application-managepartners-display-component---NewPartner--addressNewCostObjectCstID-vhi\"]"}
RESULT: {}
RESULT: {"using":"xpath","value":"//*[@id=\"application-managepartners-display-component---NewPartner--addressNewCostObjectCstID-vhi\"]"}
COMMAND: POST /session/cdd2d6a6ff4e4121354b0ded879e8cf3/element/f.3354A31769E1E4013F80CDE1D39C4690.d.8CBDA2F31F1EAD454007A7AAFD53CE57.e.4856/click - {}
RESULT: {}
COMMAND: GET /session/cdd2d6a6ff4e4121354b0ded879e8cf3/screenshot - {}
RESULT: {}
COMMAND: POST /session/cdd2d6a6ff4e4121354b0ded879e8cf3/execute/async - {"script":"<script> [1562 bytes]","args":[{"selector":{"controlType":"sap.m.SearchField","properties":{"placeholder":"Search"},"searchOpenDialogs":true,"interaction":{"idSuffix":"I"}},"wdio_ui5_key":"sapm.SearchField{\"placeholder\":\"Search\"}"}]}
RESULT: {"script":"<script> [1562 bytes]","args":[{"selector":{"controlType":"sap.m.SearchField","properties":{"placeholder":"Search"},"searchOpenDialogs":true,"interaction":{"idSuffix":"I"}},"wdio_ui5_key":"sapm.SearchField{\"placeholder\":\"Search\"}"}]}
RESULT: undefined
COMMAND: POST /session/cdd2d6a6ff4e4121354b0ded879e8cf3/execute/async - {"script":"<script> [776 bytes]","args":[{"enterText":"10001013","selector":{"controlType":"sap.m.SearchField","properties":{"placeholder":"Search"},"searchOpenDialogs":true,"interaction":{"idSuffix":"I"}},"clearTextFirst":true,"interactionType":"ENTER_TEXT"}]}
RESULT: {"script":"<script> [776 bytes]","args":[{"enterText":"10001013","selector":{"controlType":"sap.m.SearchField","properties":{"placeholder":"Search"},"searchOpenDialogs":true,"interaction":{"idSuffix":"I"}},"clearTextFirst":true,"interactionType":"ENTER_TEXT"}]}
COMMAND: POST /session/cdd2d6a6ff4e4121354b0ded879e8cf3/actions - {"actions":[{"id":"action12","type":"key","parameters":{},"actions":[{"type":"keyDown","value":""},{"type":"pause","duration":10},{"type":"keyUp","value":""}]}]}
RESULT: {"actions":[{"id":"action12","type":"key","parameters":{},"actions":[{"type":"keyDown","value":""},{"type":"pause","duration":10},{"type":"keyUp","value":""}]}]}
COMMAND: GET /session/cdd2d6a6ff4e4121354b0ded879e8cf3/screenshot - {}
RESULT: {}
COMMAND: POST /session/cdd2d6a6ff4e4121354b0ded879e8cf3/element - {"using":"xpath","value":"//span[contains(text(), \"General Management\")]"}
RESULT: {"using":"xpath","value":"//span[contains(text(), \"General Management\")]"}
COMMAND: POST /session/cdd2d6a6ff4e4121354b0ded879e8cf3/element/f.3354A31769E1E4013F80CDE1D39C4690.d.8CBDA2F31F1EAD454007A7AAFD53CE57.e.4898/click - {}
RESULT: {}
COMMAND: GET /session/cdd2d6a6ff4e4121354b0ded879e8cf3/screenshot - {}
RESULT: {}
COMMAND: POST /session/cdd2d6a6ff4e4121354b0ded879e8cf3/element - {"using":"xpath","value":"//bdi[contains(text(), \"OK\")]"}
RESULT: {"using":"xpath","value":"//bdi[contains(text(), \"OK\")]"}
COMMAND: POST /session/cdd2d6a6ff4e4121354b0ded879e8cf3/element/f.3354A31769E1E4013F80CDE1D39C4690.d.8CBDA2F31F1EAD454007A7AAFD53CE57.e.4899/click - {}
RESULT: {}
COMMAND: GET /session/cdd2d6a6ff4e4121354b0ded879e8cf3/screenshot - {}
RESULT: {}
COMMAND: POST /session/cdd2d6a6ff4e4121354b0ded879e8cf3/element - {"using":"xpath","value":"//input[@id=\"application-managepartners-display-component---NewPartner--companyCodeComboBox-inner\"]"}
RESULT: {"using":"xpath","value":"//input[@id=\"application-managepartners-display-component---NewPartner--companyCodeComboBox-inner\"]"}
COMMAND: POST /session/cdd2d6a6ff4e4121354b0ded879e8cf3/element/f.3354A31769E1E4013F80CDE1D39C4690.d.8CBDA2F31F1EAD454007A7AAFD53CE57.e.4667/clear - {}
RESULT: {}
COMMAND: POST /session/cdd2d6a6ff4e4121354b0ded879e8cf3/element/f.3354A31769E1E4013F80CDE1D39C4690.d.8CBDA2F31F1EAD454007A7AAFD53CE57.e.4667/value - {"text":"1000"}
COMMAND: GET /session/cdd2d6a6ff4e4121354b0ded879e8cf3/screenshot - {}
RESULT: {"text":"1000"}
COMMAND: GET /session/cdd2d6a6ff4e4121354b0ded879e8cf3/screenshot - {}
RESULT: {}
RESULT: {}
COMMAND: POST /session/cdd2d6a6ff4e4121354b0ded879e8cf3/element - {"using":"xpath","value":"//span[contains(text(), \"1000\")]"}
RESULT: {"using":"xpath","value":"//span[contains(text(), \"1000\")]"}
COMMAND: POST /session/cdd2d6a6ff4e4121354b0ded879e8cf3/element/f.3354A31769E1E4013F80CDE1D39C4690.d.8CBDA2F31F1EAD454007A7AAFD53CE57.e.4905/click - {}
RESULT: {}
COMMAND: GET /session/cdd2d6a6ff4e4121354b0ded879e8cf3/screenshot - {}
RESULT: {}
COMMAND: POST /session/cdd2d6a6ff4e4121354b0ded879e8cf3/execute/async - {"script":"<script> [1562 bytes]","args":[{"selector":{"id":"application-managepartners-display-component---NewPartner--btnAddTableRow-img"},"wdio_ui5_key":"applicationmanagepartners-display-component---NewPartner--btnAddTableRow-img"}]}
RESULT: {"script":"<script> [1562 bytes]","args":[{"selector":{"id":"application-managepartners-display-component---NewPartner--btnAddTableRow-img"},"wdio_ui5_key":"applicationmanagepartners-display-component---NewPartner--btnAddTableRow-img"}]}
RESULT: undefined
COMMAND: POST /session/cdd2d6a6ff4e4121354b0ded879e8cf3/element - {"using":"xpath","value":"//*[@id=\"application-managepartners-display-component---NewPartner--btnAddTableRow-img\"]"}
RESULT: {"using":"xpath","value":"//*[@id=\"application-managepartners-display-component---NewPartner--btnAddTableRow-img\"]"}
COMMAND: POST /session/cdd2d6a6ff4e4121354b0ded879e8cf3/element/f.3354A31769E1E4013F80CDE1D39C4690.d.8CBDA2F31F1EAD454007A7AAFD53CE57.e.4906/click - {}
RESULT: {}
COMMAND: GET /session/cdd2d6a6ff4e4121354b0ded879e8cf3/screenshot - {}
RESULT: {}
COMMAND: POST /session/cdd2d6a6ff4e4121354b0ded879e8cf3/element - {"using":"xpath","value":"//input[@id=\"application-managepartners-display-component---NewPartner--assignmentYard-application-managepartners-display-component---NewPartner--assignmentsTable-0-inner\"]"}
RESULT: {"using":"xpath","value":"//input[@id=\"application-managepartners-display-component---NewPartner--assignmentYard-application-managepartners-display-component---NewPartner--assignmentsTable-0-inner\"]"}
COMMAND: POST /session/cdd2d6a6ff4e4121354b0ded879e8cf3/element/f.3354A31769E1E4013F80CDE1D39C4690.d.8CBDA2F31F1EAD454007A7AAFD53CE57.e.4909/clear - {}
RESULT: {}
COMMAND: POST /session/cdd2d6a6ff4e4121354b0ded879e8cf3/element/f.3354A31769E1E4013F80CDE1D39C4690.d.8CBDA2F31F1EAD454007A7AAFD53CE57.e.4909/value - {"text":"696"}
COMMAND: GET /session/cdd2d6a6ff4e4121354b0ded879e8cf3/screenshot - {}
RESULT: {"text":"696"}
COMMAND: GET /session/cdd2d6a6ff4e4121354b0ded879e8cf3/screenshot - {}
RESULT: {}
RESULT: {}
COMMAND: POST /session/cdd2d6a6ff4e4121354b0ded879e8cf3/element - {"using":"xpath","value":"//li[.//span[text()='696']]"}
RESULT: {"using":"xpath","value":"//li[.//span[text()='696']]"}
COMMAND: POST /session/cdd2d6a6ff4e4121354b0ded879e8cf3/element/f.3354A31769E1E4013F80CDE1D39C4690.d.8CBDA2F31F1EAD454007A7AAFD53CE57.e.4918/click - {}
RESULT: {}
COMMAND: GET /session/cdd2d6a6ff4e4121354b0ded879e8cf3/screenshot - {}
RESULT: {}
COMMAND: POST /session/cdd2d6a6ff4e4121354b0ded879e8cf3/actions - {"actions":[{"id":"action13","type":"key","parameters":{},"actions":[{"type":"keyDown","value":""},{"type":"pause","duration":10},{"type":"keyUp","value":""}]}]}
RESULT: {"actions":[{"id":"action13","type":"key","parameters":{},"actions":[{"type":"keyDown","value":""},{"type":"pause","duration":10},{"type":"keyUp","value":""}]}]}
COMMAND: POST /session/cdd2d6a6ff4e4121354b0ded879e8cf3/execute/async - {"script":"<script> [1562 bytes]","args":[{"selector":{"id":"application-managepartners-display-component---NewPartner--externalCustomerComboBox-application-managepartners-display-component---NewPartner--assignmentsTable-0-vhi"},"wdio_ui5_key":"applicationmanagepartners-display-component---NewPartner--externalCustomerComboBox-application-managepartners-display-component---NewPartner--assignmentsTable-0-vhi"}]}
COMMAND: GET /session/cdd2d6a6ff4e4121354b0ded879e8cf3/screenshot - {}
RESULT: {"script":"<script> [1562 bytes]","args":[{"selector":{"id":"application-managepartners-display-component---NewPartner--externalCustomerComboBox-application-managepartners-display-component---NewPartner--assignmentsTable-0-vhi"},"wdio_ui5_key":"applicationmanagepartners-display-component---NewPartner--externalCustomerComboBox-application-managepartners-display-component---NewPartner--assignmentsTable-0-vhi"}]}
RESULT: undefined
COMMAND: POST /session/cdd2d6a6ff4e4121354b0ded879e8cf3/element - {"using":"xpath","value":"//*[@id=\"application-managepartners-display-component---NewPartner--externalCustomerComboBox-application-managepartners-display-component---NewPartner--assignmentsTable-0-vhi\"]"}
RESULT: {}
RESULT: {"using":"xpath","value":"//*[@id=\"application-managepartners-display-component---NewPartner--externalCustomerComboBox-application-managepartners-display-component---NewPartner--assignmentsTable-0-vhi\"]"}
COMMAND: POST /session/cdd2d6a6ff4e4121354b0ded879e8cf3/element/f.3354A31769E1E4013F80CDE1D39C4690.d.8CBDA2F31F1EAD454007A7AAFD53CE57.e.4922/click - {}
RESULT: {}
RESULT: undefined
COMMAND: POST /session/cdd2d6a6ff4e4121354b0ded879e8cf3/execute/async - {"script":"<script> [776 bytes]","args":[{"enterText":"300003","selector":{"controlType":"sap.m.SearchField","properties":{"placeholder":"Search"},"searchOpenDialogs":true,"interaction":{"idSuffix":"I"}},"clearTextFirst":true,"interactionType":"ENTER_TEXT"}]}
COMMAND: GET /session/cdd2d6a6ff4e4121354b0ded879e8cf3/screenshot - {}
RESULT: {"script":"<script> [776 bytes]","args":[{"enterText":"300003","selector":{"controlType":"sap.m.SearchField","properties":{"placeholder":"Search"},"searchOpenDialogs":true,"interaction":{"idSuffix":"I"}},"clearTextFirst":true,"interactionType":"ENTER_TEXT"}]}
COMMAND: POST /session/cdd2d6a6ff4e4121354b0ded879e8cf3/actions - {"actions":[{"id":"action14","type":"key","parameters":{},"actions":[{"type":"keyDown","value":""},{"type":"pause","duration":10},{"type":"keyUp","value":""}]}]}
RESULT: {}
RESULT: {"actions":[{"id":"action14","type":"key","parameters":{},"actions":[{"type":"keyDown","value":""},{"type":"pause","duration":10},{"type":"keyUp","value":""}]}]}
COMMAND: GET /session/cdd2d6a6ff4e4121354b0ded879e8cf3/screenshot - {}
RESULT: {}
COMMAND: POST /session/cdd2d6a6ff4e4121354b0ded879e8cf3/element - {"using":"xpath","value":"//span[contains(text(), \"300003\")]"}
RESULT: {"using":"xpath","value":"//span[contains(text(), \"300003\")]"}
COMMAND: POST /session/cdd2d6a6ff4e4121354b0ded879e8cf3/element/f.3354A31769E1E4013F80CDE1D39C4690.d.8CBDA2F31F1EAD454007A7AAFD53CE57.e.4939/click - {}
RESULT: {}
COMMAND: GET /session/cdd2d6a6ff4e4121354b0ded879e8cf3/screenshot - {}
RESULT: {}
COMMAND: POST /session/cdd2d6a6ff4e4121354b0ded879e8cf3/element - {"using":"xpath","value":"//bdi[contains(text(), \"OK\")]"}
RESULT: {"using":"xpath","value":"//bdi[contains(text(), \"OK\")]"}
COMMAND: POST /session/cdd2d6a6ff4e4121354b0ded879e8cf3/element/f.3354A31769E1E4013F80CDE1D39C4690.d.8CBDA2F31F1EAD454007A7AAFD53CE57.e.4941/click - {}
RESULT: {}
COMMAND: GET /session/cdd2d6a6ff4e4121354b0ded879e8cf3/screenshot - {}
RESULT: {}
COMMAND: POST /session/cdd2d6a6ff4e4121354b0ded879e8cf3/execute/async - {"script":"<script> [1562 bytes]","args":[{"selector":{"id":"application-managepartners-display-component---NewPartner--intercompVendorComboBox-application-managepartners-display-component---NewPartner--assignmentsTable-0-vhi"},"wdio_ui5_key":"applicationmanagepartners-display-component---NewPartner--intercompVendorComboBox-application-managepartners-display-component---NewPartner--assignmentsTable-0-vhi"}]}
RESULT: {"script":"<script> [1562 bytes]","args":[{"selector":{"id":"application-managepartners-display-component---NewPartner--intercompVendorComboBox-application-managepartners-display-component---NewPartner--assignmentsTable-0-vhi"},"wdio_ui5_key":"applicationmanagepartners-display-component---NewPartner--intercompVendorComboBox-application-managepartners-display-component---NewPartner--assignmentsTable-0-vhi"}]}
RESULT: undefined
COMMAND: POST /session/cdd2d6a6ff4e4121354b0ded879e8cf3/element - {"using":"xpath","value":"//*[@id=\"application-managepartners-display-component---NewPartner--intercompVendorComboBox-application-managepartners-display-component---NewPartner--assignmentsTable-0-vhi\"]"}
RESULT: {"using":"xpath","value":"//*[@id=\"application-managepartners-display-component---NewPartner--intercompVendorComboBox-application-managepartners-display-component---NewPartner--assignmentsTable-0-vhi\"]"}
COMMAND: POST /session/cdd2d6a6ff4e4121354b0ded879e8cf3/element/f.3354A31769E1E4013F80CDE1D39C4690.d.8CBDA2F31F1EAD454007A7AAFD53CE57.e.4944/click - {}
RESULT: {}
RESULT: undefined
COMMAND: POST /session/cdd2d6a6ff4e4121354b0ded879e8cf3/execute/async - {"script":"<script> [776 bytes]","args":[{"enterText":"100005","selector":{"controlType":"sap.m.SearchField","properties":{"placeholder":"Search"},"searchOpenDialogs":true,"interaction":{"idSuffix":"I"}},"clearTextFirst":true,"interactionType":"ENTER_TEXT"}]}
COMMAND: GET /session/cdd2d6a6ff4e4121354b0ded879e8cf3/screenshot - {}
RESULT: {"script":"<script> [776 bytes]","args":[{"enterText":"100005","selector":{"controlType":"sap.m.SearchField","properties":{"placeholder":"Search"},"searchOpenDialogs":true,"interaction":{"idSuffix":"I"}},"clearTextFirst":true,"interactionType":"ENTER_TEXT"}]}
COMMAND: POST /session/cdd2d6a6ff4e4121354b0ded879e8cf3/actions - {"actions":[{"id":"action15","type":"key","parameters":{},"actions":[{"type":"keyDown","value":""},{"type":"pause","duration":10},{"type":"keyUp","value":""}]}]}
RESULT: {}
RESULT: {"actions":[{"id":"action15","type":"key","parameters":{},"actions":[{"type":"keyDown","value":""},{"type":"pause","duration":10},{"type":"keyUp","value":""}]}]}
COMMAND: GET /session/cdd2d6a6ff4e4121354b0ded879e8cf3/screenshot - {}
RESULT: {}
COMMAND: POST /session/cdd2d6a6ff4e4121354b0ded879e8cf3/element - {"using":"xpath","value":"//span[contains(text(), \"Penguins - Field/12345 Berlin\")]"}
RESULT: {"using":"xpath","value":"//span[contains(text(), \"Penguins - Field/12345 Berlin\")]"}
COMMAND: POST /session/cdd2d6a6ff4e4121354b0ded879e8cf3/element/f.3354A31769E1E4013F80CDE1D39C4690.d.8CBDA2F31F1EAD454007A7AAFD53CE57.e.4963/click - {}
RESULT: {}
COMMAND: GET /session/cdd2d6a6ff4e4121354b0ded879e8cf3/screenshot - {}
RESULT: {}
COMMAND: POST /session/cdd2d6a6ff4e4121354b0ded879e8cf3/element - {"using":"xpath","value":"//bdi[contains(text(), \"OK\")]"}
RESULT: {"using":"xpath","value":"//bdi[contains(text(), \"OK\")]"}
COMMAND: POST /session/cdd2d6a6ff4e4121354b0ded879e8cf3/element/f.3354A31769E1E4013F80CDE1D39C4690.d.8CBDA2F31F1EAD454007A7AAFD53CE57.e.4964/click - {}
RESULT: {}
COMMAND: GET /session/cdd2d6a6ff4e4121354b0ded879e8cf3/screenshot - {}
RESULT: {}
COMMAND: POST /session/cdd2d6a6ff4e4121354b0ded879e8cf3/element - {"using":"xpath","value":"//button[@data-kt=\"saveButton\"]"}
RESULT: {"using":"xpath","value":"//button[@data-kt=\"saveButton\"]"}
COMMAND: POST /session/cdd2d6a6ff4e4121354b0ded879e8cf3/element/f.3354A31769E1E4013F80CDE1D39C4690.d.8CBDA2F31F1EAD454007A7AAFD53CE57.e.4706/click - {}
RESULT: {}
COMMAND: GET /session/cdd2d6a6ff4e4121354b0ded879e8cf3/screenshot - {}
RESULT: {}
COMMAND: POST /session/cdd2d6a6ff4e4121354b0ded879e8cf3/element - {"using":"xpath","value":"//header[contains(@id, 'ObjectPageLayout-headerTitle')]/div[1]/div[2]/div[2]/span[1]"}
RESULT: {"using":"xpath","value":"//header[contains(@id, 'ObjectPageLayout-headerTitle')]/div[1]/div[2]/div[2]/span[1]"}
COMMAND: POST /session/cdd2d6a6ff4e4121354b0ded879e8cf3/elements - {"using":"xpath","value":"//header[contains(@id, 'ObjectPageLayout-headerTitle')]/div[1]/div[2]/div[2]/span[1]"}
RESULT: {"using":"xpath","value":"//header[contains(@id, 'ObjectPageLayout-headerTitle')]/div[1]/div[2]/div[2]/span[1]"}
COMMAND: POST /session/cdd2d6a6ff4e4121354b0ded879e8cf3/execute/sync - {"script":"<script> [56 bytes]","args":[{"element-6066-11e4-a52e-4f735466cecf":"f.3354A31769E1E4013F80CDE1D39C4690.d.8CBDA2F31F1EAD454007A7AAFD53CE57.e.5117","ELEMENT":"f.3354A31769E1E4013F80CDE1D39C4690.d.8CBDA2F31F1EAD454007A7AAFD53CE57.e.5117"}]}
RESULT: {"script":"<script> [56 bytes]","args":[{"element-6066-11e4-a52e-4f735466cecf":"f.3354A31769E1E4013F80CDE1D39C4690.d.8CBDA2F31F1EAD454007A7AAFD53CE57.e.5117","ELEMENT":"f.3354A31769E1E4013F80CDE1D39C4690.d.8CBDA2F31F1EAD454007A7AAFD53CE57.e.5117"}]}
COMMAND: POST /session/cdd2d6a6ff4e4121354b0ded879e8cf3/element - {"using":"css selector","value":"#shell-header-logo"}
COMMAND: GET /session/cdd2d6a6ff4e4121354b0ded879e8cf3/screenshot - {}
RESULT: {"using":"css selector","value":"#shell-header-logo"}
COMMAND: POST /session/cdd2d6a6ff4e4121354b0ded879e8cf3/element/f.3354A31769E1E4013F80CDE1D39C4690.d.8CBDA2F31F1EAD454007A7AAFD53CE57.e.4566/click - {}
RESULT: {}
RESULT: {}
COMMAND: GET /session/cdd2d6a6ff4e4121354b0ded879e8cf3/screenshot - {}
RESULT: {}
COMMAND: POST /session/cdd2d6a6ff4e4121354b0ded879e8cf3/execute/sync - {"script":"<script> [299 bytes]","args":[["getModel","getResource"]]}
RESULT: {"script":"<script> [299 bytes]","args":[["getModel","getResource"]]}
RESULT: undefined
COMMAND: POST /session/cdd2d6a6ff4e4121354b0ded879e8cf3/element - {"using":"xpath","value":"//*[@id=\"__tile30\"]"}
COMMAND: GET /session/cdd2d6a6ff4e4121354b0ded879e8cf3/screenshot - {}
RESULT: {}
RESULT: {"using":"xpath","value":"//*[@id=\"__tile30\"]"}
COMMAND: POST /session/cdd2d6a6ff4e4121354b0ded879e8cf3/element/f.3354A31769E1E4013F80CDE1D39C4690.d.8CBDA2F31F1EAD454007A7AAFD53CE57.e.4486/click - {}
RESULT: {}
COMMAND: POST /session/cdd2d6a6ff4e4121354b0ded879e8cf3/element - {"using":"xpath","value":"//button[@data-kt=\"addButton\"]"}
COMMAND: GET /session/cdd2d6a6ff4e4121354b0ded879e8cf3/screenshot - {}
RESULT: {"using":"xpath","value":"//button[@data-kt=\"addButton\"]"}
COMMAND: POST /session/cdd2d6a6ff4e4121354b0ded879e8cf3/elements - {"using":"xpath","value":"//button[@data-kt=\"addButton\"]"}
RESULT: {}
RESULT: {"using":"xpath","value":"//button[@data-kt=\"addButton\"]"}
COMMAND: POST /session/cdd2d6a6ff4e4121354b0ded879e8cf3/element - {"using":"xpath","value":"//button[@data-kt=\"addButton\"]"}
RESULT: {"using":"xpath","value":"//button[@data-kt=\"addButton\"]"}
COMMAND: POST /session/cdd2d6a6ff4e4121354b0ded879e8cf3/execute/sync - {"script":"<script> [8489 bytes]","args":[{"element-6066-11e4-a52e-4f735466cecf":"f.3354A31769E1E4013F80CDE1D39C4690.d.8CBDA2F31F1EAD454007A7AAFD53CE57.e.5165","ELEMENT":"f.3354A31769E1E4013F80CDE1D39C4690.d.8CBDA2F31F1EAD454007A7AAFD53CE57.e.5165"}]}
RESULT: {"script":"<script> [8489 bytes]","args":[{"element-6066-11e4-a52e-4f735466cecf":"f.3354A31769E1E4013F80CDE1D39C4690.d.8CBDA2F31F1EAD454007A7AAFD53CE57.e.5165","ELEMENT":"f.3354A31769E1E4013F80CDE1D39C4690.d.8CBDA2F31F1EAD454007A7AAFD53CE57.e.5165"}]}
COMMAND: GET /session/cdd2d6a6ff4e4121354b0ded879e8cf3/element/f.3354A31769E1E4013F80CDE1D39C4690.d.8CBDA2F31F1EAD454007A7AAFD53CE57.e.5165/enabled - {}
COMMAND: GET /session/cdd2d6a6ff4e4121354b0ded879e8cf3/screenshot - {}
RESULT: {}
COMMAND: POST /session/cdd2d6a6ff4e4121354b0ded879e8cf3/execute/sync - {"script":"<script> [8489 bytes]","args":[{"element-6066-11e4-a52e-4f735466cecf":"f.3354A31769E1E4013F80CDE1D39C4690.d.8CBDA2F31F1EAD454007A7AAFD53CE57.e.5165","ELEMENT":"f.3354A31769E1E4013F80CDE1D39C4690.d.8CBDA2F31F1EAD454007A7AAFD53CE57.e.5165"}]}
COMMAND: GET /session/cdd2d6a6ff4e4121354b0ded879e8cf3/screenshot - {}
RESULT: {}
RESULT: {"script":"<script> [8489 bytes]","args":[{"element-6066-11e4-a52e-4f735466cecf":"f.3354A31769E1E4013F80CDE1D39C4690.d.8CBDA2F31F1EAD454007A7AAFD53CE57.e.5165","ELEMENT":"f.3354A31769E1E4013F80CDE1D39C4690.d.8CBDA2F31F1EAD454007A7AAFD53CE57.e.5165"}]}
COMMAND: POST /session/cdd2d6a6ff4e4121354b0ded879e8cf3/execute/sync - {"script":"<script> [5351 bytes]","args":[{"element-6066-11e4-a52e-4f735466cecf":"f.3354A31769E1E4013F80CDE1D39C4690.d.8CBDA2F31F1EAD454007A7AAFD53CE57.e.5165","ELEMENT":"f.3354A31769E1E4013F80CDE1D39C4690.d.8CBDA2F31F1EAD454007A7AAFD53CE57.e.5165"}]}
COMMAND: GET /session/cdd2d6a6ff4e4121354b0ded879e8cf3/screenshot - {}
RESULT: {}
RESULT: {"script":"<script> [5351 bytes]","args":[{"element-6066-11e4-a52e-4f735466cecf":"f.3354A31769E1E4013F80CDE1D39C4690.d.8CBDA2F31F1EAD454007A7AAFD53CE57.e.5165","ELEMENT":"f.3354A31769E1E4013F80CDE1D39C4690.d.8CBDA2F31F1EAD454007A7AAFD53CE57.e.5165"}]}
COMMAND: GET /session/cdd2d6a6ff4e4121354b0ded879e8cf3/screenshot - {}
RESULT: {}
RESULT: {}
COMMAND: POST /session/cdd2d6a6ff4e4121354b0ded879e8cf3/execute/async - {"script":"<script> [1562 bytes]","args":[{"selector":{"id":"application-managepartners-display-component---masterPtm--smartFilterBar-btnBasicSearch","interaction":{"idSuffix":"I"}},"wdio_ui5_key":"applicationmanagepartners-display-component---masterPtm--smartFilterBar-btnBasicSearch"}]}
RESULT: {"script":"<script> [1562 bytes]","args":[{"selector":{"id":"application-managepartners-display-component---masterPtm--smartFilterBar-btnBasicSearch","interaction":{"idSuffix":"I"}},"wdio_ui5_key":"applicationmanagepartners-display-component---masterPtm--smartFilterBar-btnBasicSearch"}]}
RESULT: undefined
COMMAND: POST /session/cdd2d6a6ff4e4121354b0ded879e8cf3/execute/async - {"script":"<script> [776 bytes]","args":[{"enterText":"1555","selector":{"id":"application-managepartners-display-component---masterPtm--smartFilterBar-btnBasicSearch","interaction":{"idSuffix":"I"}},"clearTextFirst":true,"interactionType":"ENTER_TEXT"}]}
RESULT: {"script":"<script> [776 bytes]","args":[{"enterText":"1555","selector":{"id":"application-managepartners-display-component---masterPtm--smartFilterBar-btnBasicSearch","interaction":{"idSuffix":"I"}},"clearTextFirst":true,"interactionType":"ENTER_TEXT"}]}
COMMAND: POST /session/cdd2d6a6ff4e4121354b0ded879e8cf3/actions - {"actions":[{"id":"action16","type":"key","parameters":{},"actions":[{"type":"keyDown","value":""},{"type":"pause","duration":10},{"type":"keyUp","value":""}]}]}
RESULT: {"actions":[{"id":"action16","type":"key","parameters":{},"actions":[{"type":"keyDown","value":""},{"type":"pause","duration":10},{"type":"keyUp","value":""}]}]}
COMMAND: GET /session/cdd2d6a6ff4e4121354b0ded879e8cf3/screenshot - {}
RESULT: {}
COMMAND: POST /session/cdd2d6a6ff4e4121354b0ded879e8cf3/elements - {"using":"xpath","value":"//table[contains(@id, \"customPartnersTable-listUl\")]/tbody/tr"}
RESULT: {"using":"xpath","value":"//table[contains(@id, \"customPartnersTable-listUl\")]/tbody/tr"}
COMMAND: POST /session/cdd2d6a6ff4e4121354b0ded879e8cf3/element - {"using":"xpath","value":"//table[contains(@id, \"customPartnersTable-listUl\")]/tbody/tr[1]/td[3]/span"}
RESULT: {"using":"xpath","value":"//table[contains(@id, \"customPartnersTable-listUl\")]/tbody/tr[1]/td[3]/span"}
COMMAND: POST /session/cdd2d6a6ff4e4121354b0ded879e8cf3/elements - {"using":"xpath","value":"//table[contains(@id, \"customPartnersTable-listUl\")]/tbody/tr[1]/td[3]/span"}
RESULT: {"using":"xpath","value":"//table[contains(@id, \"customPartnersTable-listUl\")]/tbody/tr[1]/td[3]/span"}
COMMAND: POST /session/cdd2d6a6ff4e4121354b0ded879e8cf3/execute/sync - {"script":"<script> [56 bytes]","args":[{"element-6066-11e4-a52e-4f735466cecf":"f.3354A31769E1E4013F80CDE1D39C4690.d.8CBDA2F31F1EAD454007A7AAFD53CE57.e.5303","ELEMENT":"f.3354A31769E1E4013F80CDE1D39C4690.d.8CBDA2F31F1EAD454007A7AAFD53CE57.e.5303"}]}
RESULT: {"script":"<script> [56 bytes]","args":[{"element-6066-11e4-a52e-4f735466cecf":"f.3354A31769E1E4013F80CDE1D39C4690.d.8CBDA2F31F1EAD454007A7AAFD53CE57.e.5303","ELEMENT":"f.3354A31769E1E4013F80CDE1D39C4690.d.8CBDA2F31F1EAD454007A7AAFD53CE57.e.5303"}]}
COMMAND: POST /session/cdd2d6a6ff4e4121354b0ded879e8cf3/element - {"using":"xpath","value":"(//span[contains(@id, \"imgNav\")])[1]"}
COMMAND: GET /session/cdd2d6a6ff4e4121354b0ded879e8cf3/screenshot - {}
RESULT: {"using":"xpath","value":"(//span[contains(@id, \"imgNav\")])[1]"}
COMMAND: POST /session/cdd2d6a6ff4e4121354b0ded879e8cf3/element/f.3354A31769E1E4013F80CDE1D39C4690.d.8CBDA2F31F1EAD454007A7AAFD53CE57.e.5300/click - {}
RESULT: {}
RESULT: {}
COMMAND: GET /session/cdd2d6a6ff4e4121354b0ded879e8cf3/screenshot - {}
RESULT: {}
COMMAND: POST /session/cdd2d6a6ff4e4121354b0ded879e8cf3/element - {"using":"xpath","value":"//bdi[contains(text(), \"Edit\")]"}
RESULT: {"using":"xpath","value":"//bdi[contains(text(), \"Edit\")]"}
COMMAND: POST /session/cdd2d6a6ff4e4121354b0ded879e8cf3/element/f.3354A31769E1E4013F80CDE1D39C4690.d.8CBDA2F31F1EAD454007A7AAFD53CE57.e.5448/click - {}
RESULT: {}
COMMAND: GET /session/cdd2d6a6ff4e4121354b0ded879e8cf3/screenshot - {}
RESULT: {}
COMMAND: POST /session/cdd2d6a6ff4e4121354b0ded879e8cf3/execute/async - {"script":"<script> [1562 bytes]","args":[{"selector":{"controlType":"sap.m.Input","viewName":"etm.portal.ui.managepartners.view.EditDetail","labelFor":{"text":"Name"},"interaction":{"idSuffix":"inner"}},"wdio_ui5_key":"etmportal.ui.managepartners.view.EditDetailsap.m.Input{\"text\":\"Name\"}"}]}
RESULT: {"script":"<script> [1562 bytes]","args":[{"selector":{"controlType":"sap.m.Input","viewName":"etm.portal.ui.managepartners.view.EditDetail","labelFor":{"text":"Name"},"interaction":{"idSuffix":"inner"}},"wdio_ui5_key":"etmportal.ui.managepartners.view.EditDetailsap.m.Input{\"text\":\"Name\"}"}]}
RESULT: undefined
COMMAND: POST /session/cdd2d6a6ff4e4121354b0ded879e8cf3/execute/async - {"script":"<script> [776 bytes]","args":[{"enterText":"Intracompany EDIT","selector":{"controlType":"sap.m.Input","viewName":"etm.portal.ui.managepartners.view.EditDetail","labelFor":{"text":"Name"},"interaction":{"idSuffix":"inner"}},"clearTextFirst":true,"interactionType":"ENTER_TEXT"}]}
RESULT: {"script":"<script> [776 bytes]","args":[{"enterText":"Intracompany EDIT","selector":{"controlType":"sap.m.Input","viewName":"etm.portal.ui.managepartners.view.EditDetail","labelFor":{"text":"Name"},"interaction":{"idSuffix":"inner"}},"clearTextFirst":true,"interactionType":"ENTER_TEXT"}]}
COMMAND: POST /session/cdd2d6a6ff4e4121354b0ded879e8cf3/element - {"using":"xpath","value":"(//span[contains(@id,\"addressDetailDetailsLanguage-arrow\")])[1]"}
RESULT: {"using":"xpath","value":"(//span[contains(@id,\"addressDetailDetailsLanguage-arrow\")])[1]"}
COMMAND: POST /session/cdd2d6a6ff4e4121354b0ded879e8cf3/element/f.3354A31769E1E4013F80CDE1D39C4690.d.8CBDA2F31F1EAD454007A7AAFD53CE57.e.5531/click - {}
RESULT: {}
COMMAND: POST /session/cdd2d6a6ff4e4121354b0ded879e8cf3/element - {"using":"xpath","value":"//span[contains(text(), \"Chinese\")]"}
COMMAND: GET /session/cdd2d6a6ff4e4121354b0ded879e8cf3/screenshot - {}
RESULT: {"using":"xpath","value":"//span[contains(text(), \"Chinese\")]"}
COMMAND: POST /session/cdd2d6a6ff4e4121354b0ded879e8cf3/element/f.3354A31769E1E4013F80CDE1D39C4690.d.8CBDA2F31F1EAD454007A7AAFD53CE57.e.5532/click - {}
RESULT: {}
RESULT: {}
COMMAND: GET /session/cdd2d6a6ff4e4121354b0ded879e8cf3/screenshot - {}
RESULT: {}
COMMAND: POST /session/cdd2d6a6ff4e4121354b0ded879e8cf3/execute/async - {"script":"<script> [1562 bytes]","args":[{"selector":{"controlType":"sap.m.Input","viewName":"etm.portal.ui.managepartners.view.EditDetail","labelFor":{"text":"City"},"interaction":{"idSuffix":"inner"}},"wdio_ui5_key":"etmportal.ui.managepartners.view.EditDetailsap.m.Input{\"text\":\"City\"}"}]}
RESULT: {"script":"<script> [1562 bytes]","args":[{"selector":{"controlType":"sap.m.Input","viewName":"etm.portal.ui.managepartners.view.EditDetail","labelFor":{"text":"City"},"interaction":{"idSuffix":"inner"}},"wdio_ui5_key":"etmportal.ui.managepartners.view.EditDetailsap.m.Input{\"text\":\"City\"}"}]}
RESULT: undefined
COMMAND: POST /session/cdd2d6a6ff4e4121354b0ded879e8cf3/execute/async - {"script":"<script> [776 bytes]","args":[{"enterText":"Clooj-Napoca","selector":{"controlType":"sap.m.Input","viewName":"etm.portal.ui.managepartners.view.EditDetail","labelFor":{"text":"City"},"interaction":{"idSuffix":"inner"}},"clearTextFirst":true,"interactionType":"ENTER_TEXT"}]}
RESULT: {"script":"<script> [776 bytes]","args":[{"enterText":"Clooj-Napoca","selector":{"controlType":"sap.m.Input","viewName":"etm.portal.ui.managepartners.view.EditDetail","labelFor":{"text":"City"},"interaction":{"idSuffix":"inner"}},"clearTextFirst":true,"interactionType":"ENTER_TEXT"}]}
COMMAND: POST /session/cdd2d6a6ff4e4121354b0ded879e8cf3/element - {"using":"xpath","value":"//button[@data-kt=\"saveButton\"]"}
RESULT: {"using":"xpath","value":"//button[@data-kt=\"saveButton\"]"}
COMMAND: POST /session/cdd2d6a6ff4e4121354b0ded879e8cf3/element/f.3354A31769E1E4013F80CDE1D39C4690.d.8CBDA2F31F1EAD454007A7AAFD53CE57.e.5510/click - {}
RESULT: {}
COMMAND: GET /session/cdd2d6a6ff4e4121354b0ded879e8cf3/screenshot - {}
RESULT: {}
COMMAND: POST /session/cdd2d6a6ff4e4121354b0ded879e8cf3/execute/async - {"script":"<script> [1562 bytes]","args":[{"selector":{"id":"application-managepartners-display-component---detailPtm--addressDetailDetailsName1"},"wdio_ui5_key":"applicationmanagepartners-display-component---detailPtm--addressDetailDetailsName1"}]}
RESULT: {"script":"<script> [1562 bytes]","args":[{"selector":{"id":"application-managepartners-display-component---detailPtm--addressDetailDetailsName1"},"wdio_ui5_key":"applicationmanagepartners-display-component---detailPtm--addressDetailDetailsName1"}]}
RESULT: undefined
COMMAND: POST /session/cdd2d6a6ff4e4121354b0ded879e8cf3/execute/async - {"script":"<script> [6424 bytes]","args":[{"element-6066-11e4-a52e-4f735466cecf":"f.3354A31769E1E4013F80CDE1D39C4690.d.8CBDA2F31F1EAD454007A7AAFD53CE57.e.5563"},"getValue",[]]}
RESULT: {"script":"<script> [6424 bytes]","args":[{"element-6066-11e4-a52e-4f735466cecf":"f.3354A31769E1E4013F80CDE1D39C4690.d.8CBDA2F31F1EAD454007A7AAFD53CE57.e.5563"},"getValue",[]]}
COMMAND: POST /session/cdd2d6a6ff4e4121354b0ded879e8cf3/element - {"using":"xpath","value":"//input[@id = \"application-managepartners-display-component---detailPtm--addressDetailDetailsLanguage-inner\"]"}
RESULT: {"using":"xpath","value":"//input[@id = \"application-managepartners-display-component---detailPtm--addressDetailDetailsLanguage-inner\"]"}
COMMAND: GET /session/cdd2d6a6ff4e4121354b0ded879e8cf3/element/f.3354A31769E1E4013F80CDE1D39C4690.d.8CBDA2F31F1EAD454007A7AAFD53CE57.e.5564/property/value - {}
RESULT: {}
COMMAND: POST /session/cdd2d6a6ff4e4121354b0ded879e8cf3/execute/async - {"script":"<script> [1562 bytes]","args":[{"selector":{"id":"application-managepartners-display-component---detailPtm--addressDetailDetailsCity1"},"wdio_ui5_key":"applicationmanagepartners-display-component---detailPtm--addressDetailDetailsCity1"}]}
COMMAND: GET /session/cdd2d6a6ff4e4121354b0ded879e8cf3/screenshot - {}
RESULT: {"script":"<script> [1562 bytes]","args":[{"selector":{"id":"application-managepartners-display-component---detailPtm--addressDetailDetailsCity1"},"wdio_ui5_key":"applicationmanagepartners-display-component---detailPtm--addressDetailDetailsCity1"}]}
RESULT: undefined
COMMAND: POST /session/cdd2d6a6ff4e4121354b0ded879e8cf3/execute/async - {"script":"<script> [6424 bytes]","args":[{"element-6066-11e4-a52e-4f735466cecf":"f.3354A31769E1E4013F80CDE1D39C4690.d.8CBDA2F31F1EAD454007A7AAFD53CE57.e.5565"},"getValue",[]]}
RESULT: {}
RESULT: {"script":"<script> [6424 bytes]","args":[{"element-6066-11e4-a52e-4f735466cecf":"f.3354A31769E1E4013F80CDE1D39C4690.d.8CBDA2F31F1EAD454007A7AAFD53CE57.e.5565"},"getValue",[]]}
COMMAND: POST /session/cdd2d6a6ff4e4121354b0ded879e8cf3/element - {"using":"css selector","value":"#shell-header-logo"}
RESULT: {"using":"css selector","value":"#shell-header-logo"}
COMMAND: POST /session/cdd2d6a6ff4e4121354b0ded879e8cf3/element/f.3354A31769E1E4013F80CDE1D39C4690.d.8CBDA2F31F1EAD454007A7AAFD53CE57.e.5120/click - {}
RESULT: {}
COMMAND: GET /session/cdd2d6a6ff4e4121354b0ded879e8cf3/screenshot - {}
RESULT: {}
]]></system-out>
    </testcase>
    <testcase classname="chrome.135_0_7049_42.windows.Partner_specific_tests_US150819_US151080_US151654_US151176_US103444_US151078_US151079_US151109_US151174_US151175_US151189" name="Should do filtering and navigation tests US151109" time="170.611">
      <system-out><![CDATA[
COMMAND: POST /session/cdd2d6a6ff4e4121354b0ded879e8cf3/element - {"using":"xpath","value":"//li[.//span[text()=\"Manage Partners\"]]"}
RESULT: {"using":"xpath","value":"//li[.//span[text()=\"Manage Partners\"]]"}
COMMAND: POST /session/cdd2d6a6ff4e4121354b0ded879e8cf3/element - {"using":"xpath","value":"//li[.//span[text()=\"Manage Partners\"]]"}
RESULT: {"using":"xpath","value":"//li[.//span[text()=\"Manage Partners\"]]"}
COMMAND: POST /session/cdd2d6a6ff4e4121354b0ded879e8cf3/element - {"using":"css selector","value":"#shell-header-logo"}
RESULT: {"using":"css selector","value":"#shell-header-logo"}
COMMAND: POST /session/cdd2d6a6ff4e4121354b0ded879e8cf3/element/f.3354A31769E1E4013F80CDE1D39C4690.d.8CBDA2F31F1EAD454007A7AAFD53CE57.e.5595/click - {}
COMMAND: POST /session/cdd2d6a6ff4e4121354b0ded879e8cf3/execute/sync - {"script":"<script> [8489 bytes]","args":[{"element-6066-11e4-a52e-4f735466cecf":"f.3354A31769E1E4013F80CDE1D39C4690.d.8CBDA2F31F1EAD454007A7AAFD53CE57.e.5595","ELEMENT":"f.3354A31769E1E4013F80CDE1D39C4690.d.8CBDA2F31F1EAD454007A7AAFD53CE57.e.5595"}]}
RESULT: {"script":"<script> [8489 bytes]","args":[{"element-6066-11e4-a52e-4f735466cecf":"f.3354A31769E1E4013F80CDE1D39C4690.d.8CBDA2F31F1EAD454007A7AAFD53CE57.e.5595","ELEMENT":"f.3354A31769E1E4013F80CDE1D39C4690.d.8CBDA2F31F1EAD454007A7AAFD53CE57.e.5595"}]}
COMMAND: POST /session/cdd2d6a6ff4e4121354b0ded879e8cf3/execute/sync - {"script":"<script> [5351 bytes]","args":[{"element-6066-11e4-a52e-4f735466cecf":"f.3354A31769E1E4013F80CDE1D39C4690.d.8CBDA2F31F1EAD454007A7AAFD53CE57.e.5595","ELEMENT":"f.3354A31769E1E4013F80CDE1D39C4690.d.8CBDA2F31F1EAD454007A7AAFD53CE57.e.5595"}]}
COMMAND: GET /session/cdd2d6a6ff4e4121354b0ded879e8cf3/screenshot - {}
RESULT: {}
COMMAND: GET /session/cdd2d6a6ff4e4121354b0ded879e8cf3/screenshot - {}
RESULT: {"script":"<script> [5351 bytes]","args":[{"element-6066-11e4-a52e-4f735466cecf":"f.3354A31769E1E4013F80CDE1D39C4690.d.8CBDA2F31F1EAD454007A7AAFD53CE57.e.5595","ELEMENT":"f.3354A31769E1E4013F80CDE1D39C4690.d.8CBDA2F31F1EAD454007A7AAFD53CE57.e.5595"}]}
COMMAND: GET /session/cdd2d6a6ff4e4121354b0ded879e8cf3/screenshot - {}
RESULT: {}
RESULT: {}
RESULT: {}
RESULT: undefined
COMMAND: POST /session/cdd2d6a6ff4e4121354b0ded879e8cf3/element - {"using":"xpath","value":"//*[@id=\"__tile30\"]"}
RESULT: {"using":"xpath","value":"//*[@id=\"__tile30\"]"}
COMMAND: POST /session/cdd2d6a6ff4e4121354b0ded879e8cf3/element/f.3354A31769E1E4013F80CDE1D39C4690.d.8CBDA2F31F1EAD454007A7AAFD53CE57.e.4486/click - {}
RESULT: {}
COMMAND: POST /session/cdd2d6a6ff4e4121354b0ded879e8cf3/element - {"using":"xpath","value":"//button[@data-kt=\"addButton\"]"}
COMMAND: GET /session/cdd2d6a6ff4e4121354b0ded879e8cf3/screenshot - {}
RESULT: {"using":"xpath","value":"//button[@data-kt=\"addButton\"]"}
COMMAND: POST /session/cdd2d6a6ff4e4121354b0ded879e8cf3/elements - {"using":"xpath","value":"//button[@data-kt=\"addButton\"]"}
RESULT: {}
RESULT: {"using":"xpath","value":"//button[@data-kt=\"addButton\"]"}
COMMAND: POST /session/cdd2d6a6ff4e4121354b0ded879e8cf3/elements - {"using":"xpath","value":"//button[@data-kt=\"addButton\"]"}
RESULT: {"using":"xpath","value":"//button[@data-kt=\"addButton\"]"}
COMMAND: POST /session/cdd2d6a6ff4e4121354b0ded879e8cf3/element - {"using":"xpath","value":"//button[@data-kt=\"addButton\"]"}
RESULT: {"using":"xpath","value":"//button[@data-kt=\"addButton\"]"}
COMMAND: POST /session/cdd2d6a6ff4e4121354b0ded879e8cf3/execute/sync - {"script":"<script> [8489 bytes]","args":[{"element-6066-11e4-a52e-4f735466cecf":"f.3354A31769E1E4013F80CDE1D39C4690.d.8CBDA2F31F1EAD454007A7AAFD53CE57.e.5630","ELEMENT":"f.3354A31769E1E4013F80CDE1D39C4690.d.8CBDA2F31F1EAD454007A7AAFD53CE57.e.5630"}]}
RESULT: {"script":"<script> [8489 bytes]","args":[{"element-6066-11e4-a52e-4f735466cecf":"f.3354A31769E1E4013F80CDE1D39C4690.d.8CBDA2F31F1EAD454007A7AAFD53CE57.e.5630","ELEMENT":"f.3354A31769E1E4013F80CDE1D39C4690.d.8CBDA2F31F1EAD454007A7AAFD53CE57.e.5630"}]}
COMMAND: GET /session/cdd2d6a6ff4e4121354b0ded879e8cf3/element/f.3354A31769E1E4013F80CDE1D39C4690.d.8CBDA2F31F1EAD454007A7AAFD53CE57.e.5630/enabled - {}
COMMAND: GET /session/cdd2d6a6ff4e4121354b0ded879e8cf3/screenshot - {}
RESULT: {}
COMMAND: POST /session/cdd2d6a6ff4e4121354b0ded879e8cf3/execute/sync - {"script":"<script> [8489 bytes]","args":[{"element-6066-11e4-a52e-4f735466cecf":"f.3354A31769E1E4013F80CDE1D39C4690.d.8CBDA2F31F1EAD454007A7AAFD53CE57.e.5630","ELEMENT":"f.3354A31769E1E4013F80CDE1D39C4690.d.8CBDA2F31F1EAD454007A7AAFD53CE57.e.5630"}]}
COMMAND: GET /session/cdd2d6a6ff4e4121354b0ded879e8cf3/screenshot - {}
RESULT: {}
RESULT: {"script":"<script> [8489 bytes]","args":[{"element-6066-11e4-a52e-4f735466cecf":"f.3354A31769E1E4013F80CDE1D39C4690.d.8CBDA2F31F1EAD454007A7AAFD53CE57.e.5630","ELEMENT":"f.3354A31769E1E4013F80CDE1D39C4690.d.8CBDA2F31F1EAD454007A7AAFD53CE57.e.5630"}]}
COMMAND: POST /session/cdd2d6a6ff4e4121354b0ded879e8cf3/execute/sync - {"script":"<script> [5351 bytes]","args":[{"element-6066-11e4-a52e-4f735466cecf":"f.3354A31769E1E4013F80CDE1D39C4690.d.8CBDA2F31F1EAD454007A7AAFD53CE57.e.5630","ELEMENT":"f.3354A31769E1E4013F80CDE1D39C4690.d.8CBDA2F31F1EAD454007A7AAFD53CE57.e.5630"}]}
COMMAND: GET /session/cdd2d6a6ff4e4121354b0ded879e8cf3/screenshot - {}
RESULT: {}
RESULT: {"script":"<script> [5351 bytes]","args":[{"element-6066-11e4-a52e-4f735466cecf":"f.3354A31769E1E4013F80CDE1D39C4690.d.8CBDA2F31F1EAD454007A7AAFD53CE57.e.5630","ELEMENT":"f.3354A31769E1E4013F80CDE1D39C4690.d.8CBDA2F31F1EAD454007A7AAFD53CE57.e.5630"}]}
COMMAND: GET /session/cdd2d6a6ff4e4121354b0ded879e8cf3/screenshot - {}
RESULT: {}
RESULT: {}
COMMAND: POST /session/cdd2d6a6ff4e4121354b0ded879e8cf3/element - {"using":"xpath","value":"//span[@id=\"application-managepartners-display-component---masterPtm--smartTable-header-inner\"]"}
RESULT: {"using":"xpath","value":"//span[@id=\"application-managepartners-display-component---masterPtm--smartTable-header-inner\"]"}
COMMAND: POST /session/cdd2d6a6ff4e4121354b0ded879e8cf3/elements - {"using":"xpath","value":"//span[@id=\"application-managepartners-display-component---masterPtm--smartTable-header-inner\"]"}
RESULT: {"using":"xpath","value":"//span[@id=\"application-managepartners-display-component---masterPtm--smartTable-header-inner\"]"}
COMMAND: POST /session/cdd2d6a6ff4e4121354b0ded879e8cf3/execute/sync - {"script":"<script> [56 bytes]","args":[{"element-6066-11e4-a52e-4f735466cecf":"f.3354A31769E1E4013F80CDE1D39C4690.d.8CBDA2F31F1EAD454007A7AAFD53CE57.e.5764","ELEMENT":"f.3354A31769E1E4013F80CDE1D39C4690.d.8CBDA2F31F1EAD454007A7AAFD53CE57.e.5764"}]}
RESULT: {"script":"<script> [56 bytes]","args":[{"element-6066-11e4-a52e-4f735466cecf":"f.3354A31769E1E4013F80CDE1D39C4690.d.8CBDA2F31F1EAD454007A7AAFD53CE57.e.5764","ELEMENT":"f.3354A31769E1E4013F80CDE1D39C4690.d.8CBDA2F31F1EAD454007A7AAFD53CE57.e.5764"}]}
RESULT: undefined
COMMAND: POST /session/cdd2d6a6ff4e4121354b0ded879e8cf3/execute/async - {"script":"<script> [776 bytes]","args":[{"enterText":"External Partner WDIO","selector":{"id":"application-managepartners-display-component---masterPtm--smartFilterBar-btnBasicSearch","interaction":{"idSuffix":"I"}},"clearTextFirst":true,"interactionType":"ENTER_TEXT"}]}
COMMAND: GET /session/cdd2d6a6ff4e4121354b0ded879e8cf3/screenshot - {}
RESULT: {}
RESULT: {"script":"<script> [776 bytes]","args":[{"enterText":"External Partner WDIO","selector":{"id":"application-managepartners-display-component---masterPtm--smartFilterBar-btnBasicSearch","interaction":{"idSuffix":"I"}},"clearTextFirst":true,"interactionType":"ENTER_TEXT"}]}
COMMAND: POST /session/cdd2d6a6ff4e4121354b0ded879e8cf3/actions - {"actions":[{"id":"action17","type":"key","parameters":{},"actions":[{"type":"keyDown","value":""},{"type":"pause","duration":10},{"type":"keyUp","value":""}]}]}
RESULT: {"actions":[{"id":"action17","type":"key","parameters":{},"actions":[{"type":"keyDown","value":""},{"type":"pause","duration":10},{"type":"keyUp","value":""}]}]}
COMMAND: GET /session/cdd2d6a6ff4e4121354b0ded879e8cf3/screenshot - {}
RESULT: {}
COMMAND: POST /session/cdd2d6a6ff4e4121354b0ded879e8cf3/element - {"using":"xpath","value":"//span[@id=\"application-managepartners-display-component---masterPtm--smartTable-header-inner\"]"}
RESULT: {"using":"xpath","value":"//span[@id=\"application-managepartners-display-component---masterPtm--smartTable-header-inner\"]"}
COMMAND: POST /session/cdd2d6a6ff4e4121354b0ded879e8cf3/elements - {"using":"xpath","value":"//span[@id=\"application-managepartners-display-component---masterPtm--smartTable-header-inner\"]"}
RESULT: {"using":"xpath","value":"//span[@id=\"application-managepartners-display-component---masterPtm--smartTable-header-inner\"]"}
COMMAND: POST /session/cdd2d6a6ff4e4121354b0ded879e8cf3/execute/sync - {"script":"<script> [56 bytes]","args":[{"element-6066-11e4-a52e-4f735466cecf":"f.3354A31769E1E4013F80CDE1D39C4690.d.8CBDA2F31F1EAD454007A7AAFD53CE57.e.5764","ELEMENT":"f.3354A31769E1E4013F80CDE1D39C4690.d.8CBDA2F31F1EAD454007A7AAFD53CE57.e.5764"}]}
RESULT: {"script":"<script> [56 bytes]","args":[{"element-6066-11e4-a52e-4f735466cecf":"f.3354A31769E1E4013F80CDE1D39C4690.d.8CBDA2F31F1EAD454007A7AAFD53CE57.e.5764","ELEMENT":"f.3354A31769E1E4013F80CDE1D39C4690.d.8CBDA2F31F1EAD454007A7AAFD53CE57.e.5764"}]}
COMMAND: POST /session/cdd2d6a6ff4e4121354b0ded879e8cf3/element - {"using":"xpath","value":"//div[contains(@id, \"managepartners-display-component---masterPtm--smartFilterBar-btnBasicSearch-reset\")]"}
COMMAND: GET /session/cdd2d6a6ff4e4121354b0ded879e8cf3/screenshot - {}
RESULT: {"using":"xpath","value":"//div[contains(@id, \"managepartners-display-component---masterPtm--smartFilterBar-btnBasicSearch-reset\")]"}
COMMAND: POST /session/cdd2d6a6ff4e4121354b0ded879e8cf3/element/f.3354A31769E1E4013F80CDE1D39C4690.d.8CBDA2F31F1EAD454007A7AAFD53CE57.e.5846/click - {}
RESULT: {}
RESULT: {}
COMMAND: GET /session/cdd2d6a6ff4e4121354b0ded879e8cf3/screenshot - {}
RESULT: {}
COMMAND: POST /session/cdd2d6a6ff4e4121354b0ded879e8cf3/execute/async - {"script":"<script> [1562 bytes]","args":[{"selector":{"id":"application-managepartners-display-component---masterPtm--smartFilterBar-filterItemControl_BASIC-MAIN_ADDRESS-vhi"},"wdio_ui5_key":"applicationmanagepartners-display-component---masterPtm--smartFilterBar-filterItemControl_BASIC-MAIN_ADDRESS-vhi"}]}
RESULT: {"script":"<script> [1562 bytes]","args":[{"selector":{"id":"application-managepartners-display-component---masterPtm--smartFilterBar-filterItemControl_BASIC-MAIN_ADDRESS-vhi"},"wdio_ui5_key":"applicationmanagepartners-display-component---masterPtm--smartFilterBar-filterItemControl_BASIC-MAIN_ADDRESS-vhi"}]}
RESULT: undefined
COMMAND: POST /session/cdd2d6a6ff4e4121354b0ded879e8cf3/element - {"using":"xpath","value":"//*[@id=\"application-managepartners-display-component---masterPtm--smartFilterBar-filterItemControl_BASIC-MAIN_ADDRESS-vhi\"]"}
RESULT: {"using":"xpath","value":"//*[@id=\"application-managepartners-display-component---masterPtm--smartFilterBar-filterItemControl_BASIC-MAIN_ADDRESS-vhi\"]"}
COMMAND: POST /session/cdd2d6a6ff4e4121354b0ded879e8cf3/element/f.3354A31769E1E4013F80CDE1D39C4690.d.8CBDA2F31F1EAD454007A7AAFD53CE57.e.5928/click - {}
RESULT: {}
COMMAND: GET /session/cdd2d6a6ff4e4121354b0ded879e8cf3/screenshot - {}
RESULT: {}
COMMAND: POST /session/cdd2d6a6ff4e4121354b0ded879e8cf3/execute/async - {"script":"<script> [1562 bytes]","args":[{"selector":{"id":"application-managepartners-display-component---masterPtm--smartFilterBar-filterItemControl_BASIC-MAIN_ADDRESS-valueHelpDialog-smartFilterBar-btnBasicSearch","searchOpenDialogs":true,"interaction":{"idSuffix":"I"}},"wdio_ui5_key":"applicationmanagepartners-display-component---masterPtm--smartFilterBar-filterItemControl_BASIC-MAIN_ADDRESS-valueHelpDialog-smartFilterBar-btnBasicSearch"}]}
RESULT: {"script":"<script> [1562 bytes]","args":[{"selector":{"id":"application-managepartners-display-component---masterPtm--smartFilterBar-filterItemControl_BASIC-MAIN_ADDRESS-valueHelpDialog-smartFilterBar-btnBasicSearch","searchOpenDialogs":true,"interaction":{"idSuffix":"I"}},"wdio_ui5_key":"applicationmanagepartners-display-component---masterPtm--smartFilterBar-filterItemControl_BASIC-MAIN_ADDRESS-valueHelpDialog-smartFilterBar-btnBasicSearch"}]}
RESULT: undefined
COMMAND: POST /session/cdd2d6a6ff4e4121354b0ded879e8cf3/execute/async - {"script":"<script> [776 bytes]","args":[{"enterText":"Romania","selector":{"id":"application-managepartners-display-component---masterPtm--smartFilterBar-filterItemControl_BASIC-MAIN_ADDRESS-valueHelpDialog-smartFilterBar-btnBasicSearch","searchOpenDialogs":true,"interaction":{"idSuffix":"I"}},"clearTextFirst":true,"interactionType":"ENTER_TEXT"}]}
RESULT: {"script":"<script> [776 bytes]","args":[{"enterText":"Romania","selector":{"id":"application-managepartners-display-component---masterPtm--smartFilterBar-filterItemControl_BASIC-MAIN_ADDRESS-valueHelpDialog-smartFilterBar-btnBasicSearch","searchOpenDialogs":true,"interaction":{"idSuffix":"I"}},"clearTextFirst":true,"interactionType":"ENTER_TEXT"}]}
COMMAND: POST /session/cdd2d6a6ff4e4121354b0ded879e8cf3/actions - {"actions":[{"id":"action18","type":"key","parameters":{},"actions":[{"type":"keyDown","value":""},{"type":"pause","duration":10},{"type":"keyUp","value":""}]}]}
RESULT: {"actions":[{"id":"action18","type":"key","parameters":{},"actions":[{"type":"keyDown","value":""},{"type":"pause","duration":10},{"type":"keyUp","value":""}]}]}
COMMAND: POST /session/cdd2d6a6ff4e4121354b0ded879e8cf3/elements - {"using":"xpath","value":"//table[contains(@id, \"smartFilterBar-filterItemControl_BASIC-MAIN_ADDRESS-valueHelpDialog-table-table\")]/tbody/tr"}
COMMAND: GET /session/cdd2d6a6ff4e4121354b0ded879e8cf3/screenshot - {}
RESULT: {"using":"xpath","value":"//table[contains(@id, \"smartFilterBar-filterItemControl_BASIC-MAIN_ADDRESS-valueHelpDialog-table-table\")]/tbody/tr"}
COMMAND: POST /session/cdd2d6a6ff4e4121354b0ded879e8cf3/element - {"using":"xpath","value":"//table[contains(@id, \"smartFilterBar-filterItemControl_BASIC-MAIN_ADDRESS-valueHelpDialog-table-table\")]/tbody/tr[1]/td[1]/div/span"}
RESULT: {}
RESULT: {"using":"xpath","value":"//table[contains(@id, \"smartFilterBar-filterItemControl_BASIC-MAIN_ADDRESS-valueHelpDialog-table-table\")]/tbody/tr[1]/td[1]/div/span"}
COMMAND: POST /session/cdd2d6a6ff4e4121354b0ded879e8cf3/elements - {"using":"xpath","value":"//table[contains(@id, \"smartFilterBar-filterItemControl_BASIC-MAIN_ADDRESS-valueHelpDialog-table-table\")]/tbody/tr[1]/td[1]/div/span"}
RESULT: {"using":"xpath","value":"//table[contains(@id, \"smartFilterBar-filterItemControl_BASIC-MAIN_ADDRESS-valueHelpDialog-table-table\")]/tbody/tr[1]/td[1]/div/span"}
COMMAND: POST /session/cdd2d6a6ff4e4121354b0ded879e8cf3/execute/sync - {"script":"<script> [56 bytes]","args":[{"element-6066-11e4-a52e-4f735466cecf":"f.3354A31769E1E4013F80CDE1D39C4690.d.8CBDA2F31F1EAD454007A7AAFD53CE57.e.5949","ELEMENT":"f.3354A31769E1E4013F80CDE1D39C4690.d.8CBDA2F31F1EAD454007A7AAFD53CE57.e.5949"}]}
RESULT: {"script":"<script> [56 bytes]","args":[{"element-6066-11e4-a52e-4f735466cecf":"f.3354A31769E1E4013F80CDE1D39C4690.d.8CBDA2F31F1EAD454007A7AAFD53CE57.e.5949","ELEMENT":"f.3354A31769E1E4013F80CDE1D39C4690.d.8CBDA2F31F1EAD454007A7AAFD53CE57.e.5949"}]}
COMMAND: POST /session/cdd2d6a6ff4e4121354b0ded879e8cf3/element - {"using":"xpath","value":"//div[contains(@id, \"filterItemControl_BASIC-MAIN_ADDRESS-valueHelpDialog-table-rowsel0\")]"}
COMMAND: GET /session/cdd2d6a6ff4e4121354b0ded879e8cf3/screenshot - {}
RESULT: {"using":"xpath","value":"//div[contains(@id, \"filterItemControl_BASIC-MAIN_ADDRESS-valueHelpDialog-table-rowsel0\")]"}
COMMAND: POST /session/cdd2d6a6ff4e4121354b0ded879e8cf3/element/f.3354A31769E1E4013F80CDE1D39C4690.d.8CBDA2F31F1EAD454007A7AAFD53CE57.e.5950/click - {}
RESULT: {}
RESULT: {}
COMMAND: GET /session/cdd2d6a6ff4e4121354b0ded879e8cf3/screenshot - {}
RESULT: {}
COMMAND: POST /session/cdd2d6a6ff4e4121354b0ded879e8cf3/element - {"using":"xpath","value":"(//bdi[contains(text(), \"OK\")])[1]"}
RESULT: {"using":"xpath","value":"(//bdi[contains(text(), \"OK\")])[1]"}
COMMAND: POST /session/cdd2d6a6ff4e4121354b0ded879e8cf3/element/f.3354A31769E1E4013F80CDE1D39C4690.d.8CBDA2F31F1EAD454007A7AAFD53CE57.e.5952/click - {}
RESULT: {}
COMMAND: GET /session/cdd2d6a6ff4e4121354b0ded879e8cf3/screenshot - {}
RESULT: {}
COMMAND: POST /session/cdd2d6a6ff4e4121354b0ded879e8cf3/element - {"using":"xpath","value":"//span[@id=\"application-managepartners-display-component---masterPtm--smartTable-header-inner\"]"}
RESULT: {"using":"xpath","value":"//span[@id=\"application-managepartners-display-component---masterPtm--smartTable-header-inner\"]"}
COMMAND: POST /session/cdd2d6a6ff4e4121354b0ded879e8cf3/elements - {"using":"xpath","value":"//span[@id=\"application-managepartners-display-component---masterPtm--smartTable-header-inner\"]"}
RESULT: {"using":"xpath","value":"//span[@id=\"application-managepartners-display-component---masterPtm--smartTable-header-inner\"]"}
COMMAND: POST /session/cdd2d6a6ff4e4121354b0ded879e8cf3/execute/sync - {"script":"<script> [56 bytes]","args":[{"element-6066-11e4-a52e-4f735466cecf":"f.3354A31769E1E4013F80CDE1D39C4690.d.8CBDA2F31F1EAD454007A7AAFD53CE57.e.5764","ELEMENT":"f.3354A31769E1E4013F80CDE1D39C4690.d.8CBDA2F31F1EAD454007A7AAFD53CE57.e.5764"}]}
RESULT: {"script":"<script> [56 bytes]","args":[{"element-6066-11e4-a52e-4f735466cecf":"f.3354A31769E1E4013F80CDE1D39C4690.d.8CBDA2F31F1EAD454007A7AAFD53CE57.e.5764","ELEMENT":"f.3354A31769E1E4013F80CDE1D39C4690.d.8CBDA2F31F1EAD454007A7AAFD53CE57.e.5764"}]}
COMMAND: POST /session/cdd2d6a6ff4e4121354b0ded879e8cf3/element - {"using":"xpath","value":"//span[contains(@title, \"Remove\")]"}
COMMAND: GET /session/cdd2d6a6ff4e4121354b0ded879e8cf3/screenshot - {}
RESULT: {"using":"xpath","value":"//span[contains(@title, \"Remove\")]"}
COMMAND: POST /session/cdd2d6a6ff4e4121354b0ded879e8cf3/element/f.3354A31769E1E4013F80CDE1D39C4690.d.8CBDA2F31F1EAD454007A7AAFD53CE57.e.5965/click - {}
RESULT: {}
RESULT: {}
COMMAND: GET /session/cdd2d6a6ff4e4121354b0ded879e8cf3/screenshot - {}
RESULT: {}
COMMAND: POST /session/cdd2d6a6ff4e4121354b0ded879e8cf3/element - {"using":"xpath","value":"//span[@id=\"application-managepartners-display-component---masterPtm--smartTable-header-inner\"]"}
RESULT: {"using":"xpath","value":"//span[@id=\"application-managepartners-display-component---masterPtm--smartTable-header-inner\"]"}
COMMAND: POST /session/cdd2d6a6ff4e4121354b0ded879e8cf3/elements - {"using":"xpath","value":"//span[@id=\"application-managepartners-display-component---masterPtm--smartTable-header-inner\"]"}
RESULT: {"using":"xpath","value":"//span[@id=\"application-managepartners-display-component---masterPtm--smartTable-header-inner\"]"}
COMMAND: POST /session/cdd2d6a6ff4e4121354b0ded879e8cf3/execute/sync - {"script":"<script> [56 bytes]","args":[{"element-6066-11e4-a52e-4f735466cecf":"f.3354A31769E1E4013F80CDE1D39C4690.d.8CBDA2F31F1EAD454007A7AAFD53CE57.e.5764","ELEMENT":"f.3354A31769E1E4013F80CDE1D39C4690.d.8CBDA2F31F1EAD454007A7AAFD53CE57.e.5764"}]}
RESULT: {"script":"<script> [56 bytes]","args":[{"element-6066-11e4-a52e-4f735466cecf":"f.3354A31769E1E4013F80CDE1D39C4690.d.8CBDA2F31F1EAD454007A7AAFD53CE57.e.5764","ELEMENT":"f.3354A31769E1E4013F80CDE1D39C4690.d.8CBDA2F31F1EAD454007A7AAFD53CE57.e.5764"}]}
COMMAND: POST /session/cdd2d6a6ff4e4121354b0ded879e8cf3/execute/async - {"script":"<script> [1562 bytes]","args":[{"selector":{"id":"application-managepartners-display-component---masterPtm--smartFilterBar-filterItemControl_BASIC-YARD-vhi"},"wdio_ui5_key":"applicationmanagepartners-display-component---masterPtm--smartFilterBar-filterItemControl_BASIC-YARD-vhi"}]}
COMMAND: GET /session/cdd2d6a6ff4e4121354b0ded879e8cf3/screenshot - {}
RESULT: {"script":"<script> [1562 bytes]","args":[{"selector":{"id":"application-managepartners-display-component---masterPtm--smartFilterBar-filterItemControl_BASIC-YARD-vhi"},"wdio_ui5_key":"applicationmanagepartners-display-component---masterPtm--smartFilterBar-filterItemControl_BASIC-YARD-vhi"}]}
RESULT: undefined
COMMAND: POST /session/cdd2d6a6ff4e4121354b0ded879e8cf3/element - {"using":"xpath","value":"//*[@id=\"application-managepartners-display-component---masterPtm--smartFilterBar-filterItemControl_BASIC-YARD-vhi\"]"}
RESULT: {}
RESULT: {"using":"xpath","value":"//*[@id=\"application-managepartners-display-component---masterPtm--smartFilterBar-filterItemControl_BASIC-YARD-vhi\"]"}
COMMAND: POST /session/cdd2d6a6ff4e4121354b0ded879e8cf3/element/f.3354A31769E1E4013F80CDE1D39C4690.d.8CBDA2F31F1EAD454007A7AAFD53CE57.e.6070/click - {}
RESULT: {}
COMMAND: GET /session/cdd2d6a6ff4e4121354b0ded879e8cf3/screenshot - {}
RESULT: {}
COMMAND: POST /session/cdd2d6a6ff4e4121354b0ded879e8cf3/execute/async - {"script":"<script> [1562 bytes]","args":[{"selector":{"id":"application-managepartners-display-component---masterPtm--smartFilterBar-filterItemControl_BASIC-YARD-valueHelpDialog-smartFilterBar-btnBasicSearch","searchOpenDialogs":true,"interaction":{"idSuffix":"I"}},"wdio_ui5_key":"applicationmanagepartners-display-component---masterPtm--smartFilterBar-filterItemControl_BASIC-YARD-valueHelpDialog-smartFilterBar-btnBasicSearch"}]}
RESULT: {"script":"<script> [1562 bytes]","args":[{"selector":{"id":"application-managepartners-display-component---masterPtm--smartFilterBar-filterItemControl_BASIC-YARD-valueHelpDialog-smartFilterBar-btnBasicSearch","searchOpenDialogs":true,"interaction":{"idSuffix":"I"}},"wdio_ui5_key":"applicationmanagepartners-display-component---masterPtm--smartFilterBar-filterItemControl_BASIC-YARD-valueHelpDialog-smartFilterBar-btnBasicSearch"}]}
RESULT: undefined
COMMAND: POST /session/cdd2d6a6ff4e4121354b0ded879e8cf3/execute/async - {"script":"<script> [776 bytes]","args":[{"enterText":"Test","selector":{"id":"application-managepartners-display-component---masterPtm--smartFilterBar-filterItemControl_BASIC-YARD-valueHelpDialog-smartFilterBar-btnBasicSearch","searchOpenDialogs":true,"interaction":{"idSuffix":"I"}},"clearTextFirst":true,"interactionType":"ENTER_TEXT"}]}
RESULT: {"script":"<script> [776 bytes]","args":[{"enterText":"Test","selector":{"id":"application-managepartners-display-component---masterPtm--smartFilterBar-filterItemControl_BASIC-YARD-valueHelpDialog-smartFilterBar-btnBasicSearch","searchOpenDialogs":true,"interaction":{"idSuffix":"I"}},"clearTextFirst":true,"interactionType":"ENTER_TEXT"}]}
COMMAND: POST /session/cdd2d6a6ff4e4121354b0ded879e8cf3/actions - {"actions":[{"id":"action19","type":"key","parameters":{},"actions":[{"type":"keyDown","value":""},{"type":"pause","duration":10},{"type":"keyUp","value":""}]}]}
RESULT: {"actions":[{"id":"action19","type":"key","parameters":{},"actions":[{"type":"keyDown","value":""},{"type":"pause","duration":10},{"type":"keyUp","value":""}]}]}
COMMAND: POST /session/cdd2d6a6ff4e4121354b0ded879e8cf3/elements - {"using":"xpath","value":"//table[contains(@id, \"smartFilterBar-filterItemControl_BASIC-YARD-valueHelpDialog-table-table\")]/tbody/tr"}
COMMAND: GET /session/cdd2d6a6ff4e4121354b0ded879e8cf3/screenshot - {}
RESULT: {"using":"xpath","value":"//table[contains(@id, \"smartFilterBar-filterItemControl_BASIC-YARD-valueHelpDialog-table-table\")]/tbody/tr"}
COMMAND: POST /session/cdd2d6a6ff4e4121354b0ded879e8cf3/element - {"using":"xpath","value":"//table[contains(@id, \"smartFilterBar-filterItemControl_BASIC-YARD-valueHelpDialog-table-table\")]/tbody/tr[1]/td[1]/div/span"}
RESULT: {}
RESULT: {"using":"xpath","value":"//table[contains(@id, \"smartFilterBar-filterItemControl_BASIC-YARD-valueHelpDialog-table-table\")]/tbody/tr[1]/td[1]/div/span"}
COMMAND: POST /session/cdd2d6a6ff4e4121354b0ded879e8cf3/elements - {"using":"xpath","value":"//table[contains(@id, \"smartFilterBar-filterItemControl_BASIC-YARD-valueHelpDialog-table-table\")]/tbody/tr[1]/td[1]/div/span"}
RESULT: {"using":"xpath","value":"//table[contains(@id, \"smartFilterBar-filterItemControl_BASIC-YARD-valueHelpDialog-table-table\")]/tbody/tr[1]/td[1]/div/span"}
COMMAND: POST /session/cdd2d6a6ff4e4121354b0ded879e8cf3/execute/sync - {"script":"<script> [56 bytes]","args":[{"element-6066-11e4-a52e-4f735466cecf":"f.3354A31769E1E4013F80CDE1D39C4690.d.8CBDA2F31F1EAD454007A7AAFD53CE57.e.6093","ELEMENT":"f.3354A31769E1E4013F80CDE1D39C4690.d.8CBDA2F31F1EAD454007A7AAFD53CE57.e.6093"}]}
RESULT: {"script":"<script> [56 bytes]","args":[{"element-6066-11e4-a52e-4f735466cecf":"f.3354A31769E1E4013F80CDE1D39C4690.d.8CBDA2F31F1EAD454007A7AAFD53CE57.e.6093","ELEMENT":"f.3354A31769E1E4013F80CDE1D39C4690.d.8CBDA2F31F1EAD454007A7AAFD53CE57.e.6093"}]}
COMMAND: POST /session/cdd2d6a6ff4e4121354b0ded879e8cf3/element - {"using":"xpath","value":"//table[contains(@id, \"smartFilterBar-filterItemControl_BASIC-YARD-valueHelpDialog-table-table\")]/tbody/tr[2]/td[1]/div/span"}
COMMAND: GET /session/cdd2d6a6ff4e4121354b0ded879e8cf3/screenshot - {}
RESULT: {"using":"xpath","value":"//table[contains(@id, \"smartFilterBar-filterItemControl_BASIC-YARD-valueHelpDialog-table-table\")]/tbody/tr[2]/td[1]/div/span"}
COMMAND: POST /session/cdd2d6a6ff4e4121354b0ded879e8cf3/elements - {"using":"xpath","value":"//table[contains(@id, \"smartFilterBar-filterItemControl_BASIC-YARD-valueHelpDialog-table-table\")]/tbody/tr[2]/td[1]/div/span"}
RESULT: {}
RESULT: {"using":"xpath","value":"//table[contains(@id, \"smartFilterBar-filterItemControl_BASIC-YARD-valueHelpDialog-table-table\")]/tbody/tr[2]/td[1]/div/span"}
COMMAND: POST /session/cdd2d6a6ff4e4121354b0ded879e8cf3/execute/sync - {"script":"<script> [56 bytes]","args":[{"element-6066-11e4-a52e-4f735466cecf":"f.3354A31769E1E4013F80CDE1D39C4690.d.8CBDA2F31F1EAD454007A7AAFD53CE57.e.6094","ELEMENT":"f.3354A31769E1E4013F80CDE1D39C4690.d.8CBDA2F31F1EAD454007A7AAFD53CE57.e.6094"}]}
RESULT: {"script":"<script> [56 bytes]","args":[{"element-6066-11e4-a52e-4f735466cecf":"f.3354A31769E1E4013F80CDE1D39C4690.d.8CBDA2F31F1EAD454007A7AAFD53CE57.e.6094","ELEMENT":"f.3354A31769E1E4013F80CDE1D39C4690.d.8CBDA2F31F1EAD454007A7AAFD53CE57.e.6094"}]}
COMMAND: POST /session/cdd2d6a6ff4e4121354b0ded879e8cf3/element - {"using":"xpath","value":"//table[contains(@id, \"smartFilterBar-filterItemControl_BASIC-YARD-valueHelpDialog-table-table\")]/tbody/tr[3]/td[1]/div/span"}
COMMAND: GET /session/cdd2d6a6ff4e4121354b0ded879e8cf3/screenshot - {}
RESULT: {"using":"xpath","value":"//table[contains(@id, \"smartFilterBar-filterItemControl_BASIC-YARD-valueHelpDialog-table-table\")]/tbody/tr[3]/td[1]/div/span"}
COMMAND: POST /session/cdd2d6a6ff4e4121354b0ded879e8cf3/elements - {"using":"xpath","value":"//table[contains(@id, \"smartFilterBar-filterItemControl_BASIC-YARD-valueHelpDialog-table-table\")]/tbody/tr[3]/td[1]/div/span"}
RESULT: {}
RESULT: {"using":"xpath","value":"//table[contains(@id, \"smartFilterBar-filterItemControl_BASIC-YARD-valueHelpDialog-table-table\")]/tbody/tr[3]/td[1]/div/span"}
COMMAND: POST /session/cdd2d6a6ff4e4121354b0ded879e8cf3/execute/sync - {"script":"<script> [56 bytes]","args":[{"element-6066-11e4-a52e-4f735466cecf":"f.3354A31769E1E4013F80CDE1D39C4690.d.8CBDA2F31F1EAD454007A7AAFD53CE57.e.6095","ELEMENT":"f.3354A31769E1E4013F80CDE1D39C4690.d.8CBDA2F31F1EAD454007A7AAFD53CE57.e.6095"}]}
RESULT: {"script":"<script> [56 bytes]","args":[{"element-6066-11e4-a52e-4f735466cecf":"f.3354A31769E1E4013F80CDE1D39C4690.d.8CBDA2F31F1EAD454007A7AAFD53CE57.e.6095","ELEMENT":"f.3354A31769E1E4013F80CDE1D39C4690.d.8CBDA2F31F1EAD454007A7AAFD53CE57.e.6095"}]}
COMMAND: POST /session/cdd2d6a6ff4e4121354b0ded879e8cf3/element - {"using":"xpath","value":"//div[contains(@id, \"filterItemControl_BASIC-YARD-valueHelpDialog-table-rowsel2\")]"}
COMMAND: GET /session/cdd2d6a6ff4e4121354b0ded879e8cf3/screenshot - {}
RESULT: {"using":"xpath","value":"//div[contains(@id, \"filterItemControl_BASIC-YARD-valueHelpDialog-table-rowsel2\")]"}
COMMAND: POST /session/cdd2d6a6ff4e4121354b0ded879e8cf3/element/f.3354A31769E1E4013F80CDE1D39C4690.d.8CBDA2F31F1EAD454007A7AAFD53CE57.e.6096/click - {}
RESULT: {}
RESULT: {}
COMMAND: GET /session/cdd2d6a6ff4e4121354b0ded879e8cf3/screenshot - {}
RESULT: {}
COMMAND: POST /session/cdd2d6a6ff4e4121354b0ded879e8cf3/element - {"using":"xpath","value":"(//bdi[contains(text(), \"OK\")])[1]"}
RESULT: {"using":"xpath","value":"(//bdi[contains(text(), \"OK\")])[1]"}
COMMAND: POST /session/cdd2d6a6ff4e4121354b0ded879e8cf3/element/f.3354A31769E1E4013F80CDE1D39C4690.d.8CBDA2F31F1EAD454007A7AAFD53CE57.e.6098/click - {}
RESULT: {}
COMMAND: GET /session/cdd2d6a6ff4e4121354b0ded879e8cf3/screenshot - {}
RESULT: {}
COMMAND: POST /session/cdd2d6a6ff4e4121354b0ded879e8cf3/element - {"using":"xpath","value":"//span[@id=\"application-managepartners-display-component---masterPtm--smartTable-header-inner\"]"}
RESULT: {"using":"xpath","value":"//span[@id=\"application-managepartners-display-component---masterPtm--smartTable-header-inner\"]"}
COMMAND: POST /session/cdd2d6a6ff4e4121354b0ded879e8cf3/elements - {"using":"xpath","value":"//span[@id=\"application-managepartners-display-component---masterPtm--smartTable-header-inner\"]"}
RESULT: {"using":"xpath","value":"//span[@id=\"application-managepartners-display-component---masterPtm--smartTable-header-inner\"]"}
COMMAND: POST /session/cdd2d6a6ff4e4121354b0ded879e8cf3/execute/sync - {"script":"<script> [56 bytes]","args":[{"element-6066-11e4-a52e-4f735466cecf":"f.3354A31769E1E4013F80CDE1D39C4690.d.8CBDA2F31F1EAD454007A7AAFD53CE57.e.5764","ELEMENT":"f.3354A31769E1E4013F80CDE1D39C4690.d.8CBDA2F31F1EAD454007A7AAFD53CE57.e.5764"}]}
RESULT: {"script":"<script> [56 bytes]","args":[{"element-6066-11e4-a52e-4f735466cecf":"f.3354A31769E1E4013F80CDE1D39C4690.d.8CBDA2F31F1EAD454007A7AAFD53CE57.e.5764","ELEMENT":"f.3354A31769E1E4013F80CDE1D39C4690.d.8CBDA2F31F1EAD454007A7AAFD53CE57.e.5764"}]}
COMMAND: POST /session/cdd2d6a6ff4e4121354b0ded879e8cf3/element - {"using":"xpath","value":"//span[contains(@title, \"Remove\")]"}
COMMAND: GET /session/cdd2d6a6ff4e4121354b0ded879e8cf3/screenshot - {}
RESULT: {"using":"xpath","value":"//span[contains(@title, \"Remove\")]"}
COMMAND: POST /session/cdd2d6a6ff4e4121354b0ded879e8cf3/element/f.3354A31769E1E4013F80CDE1D39C4690.d.8CBDA2F31F1EAD454007A7AAFD53CE57.e.6111/click - {}
RESULT: {}
RESULT: {}
COMMAND: GET /session/cdd2d6a6ff4e4121354b0ded879e8cf3/screenshot - {}
COMMAND: POST /session/cdd2d6a6ff4e4121354b0ded879e8cf3/element - {"using":"xpath","value":"//span[@id=\"application-managepartners-display-component---masterPtm--smartTable-header-inner\"]"}
RESULT: {}
RESULT: {"using":"xpath","value":"//span[@id=\"application-managepartners-display-component---masterPtm--smartTable-header-inner\"]"}
COMMAND: POST /session/cdd2d6a6ff4e4121354b0ded879e8cf3/elements - {"using":"xpath","value":"//span[@id=\"application-managepartners-display-component---masterPtm--smartTable-header-inner\"]"}
RESULT: {"using":"xpath","value":"//span[@id=\"application-managepartners-display-component---masterPtm--smartTable-header-inner\"]"}
COMMAND: POST /session/cdd2d6a6ff4e4121354b0ded879e8cf3/execute/sync - {"script":"<script> [56 bytes]","args":[{"element-6066-11e4-a52e-4f735466cecf":"f.3354A31769E1E4013F80CDE1D39C4690.d.8CBDA2F31F1EAD454007A7AAFD53CE57.e.5764","ELEMENT":"f.3354A31769E1E4013F80CDE1D39C4690.d.8CBDA2F31F1EAD454007A7AAFD53CE57.e.5764"}]}
RESULT: {"script":"<script> [56 bytes]","args":[{"element-6066-11e4-a52e-4f735466cecf":"f.3354A31769E1E4013F80CDE1D39C4690.d.8CBDA2F31F1EAD454007A7AAFD53CE57.e.5764","ELEMENT":"f.3354A31769E1E4013F80CDE1D39C4690.d.8CBDA2F31F1EAD454007A7AAFD53CE57.e.5764"}]}
COMMAND: POST /session/cdd2d6a6ff4e4121354b0ded879e8cf3/execute/async - {"script":"<script> [1562 bytes]","args":[{"selector":{"id":"application-managepartners-display-component---masterPtm--smartFilterBar-filterItemControl_BASIC-ALL_TAGS-vhi"},"wdio_ui5_key":"applicationmanagepartners-display-component---masterPtm--smartFilterBar-filterItemControl_BASIC-ALL_TAGS-vhi"}]}
COMMAND: GET /session/cdd2d6a6ff4e4121354b0ded879e8cf3/screenshot - {}
RESULT: {"script":"<script> [1562 bytes]","args":[{"selector":{"id":"application-managepartners-display-component---masterPtm--smartFilterBar-filterItemControl_BASIC-ALL_TAGS-vhi"},"wdio_ui5_key":"applicationmanagepartners-display-component---masterPtm--smartFilterBar-filterItemControl_BASIC-ALL_TAGS-vhi"}]}
RESULT: undefined
COMMAND: POST /session/cdd2d6a6ff4e4121354b0ded879e8cf3/element - {"using":"xpath","value":"//*[@id=\"application-managepartners-display-component---masterPtm--smartFilterBar-filterItemControl_BASIC-ALL_TAGS-vhi\"]"}
RESULT: {}
RESULT: {"using":"xpath","value":"//*[@id=\"application-managepartners-display-component---masterPtm--smartFilterBar-filterItemControl_BASIC-ALL_TAGS-vhi\"]"}
COMMAND: POST /session/cdd2d6a6ff4e4121354b0ded879e8cf3/element/f.3354A31769E1E4013F80CDE1D39C4690.d.8CBDA2F31F1EAD454007A7AAFD53CE57.e.6215/click - {}
RESULT: {}
COMMAND: GET /session/cdd2d6a6ff4e4121354b0ded879e8cf3/screenshot - {}
RESULT: {}
COMMAND: POST /session/cdd2d6a6ff4e4121354b0ded879e8cf3/execute/async - {"script":"<script> [1562 bytes]","args":[{"selector":{"id":"application-managepartners-display-component---masterPtm--smartFilterBar-filterItemControl_BASIC-ALL_TAGS-valueHelpDialog-smartFilterBar-btnBasicSearch","searchOpenDialogs":true,"interaction":{"idSuffix":"I"}},"wdio_ui5_key":"applicationmanagepartners-display-component---masterPtm--smartFilterBar-filterItemControl_BASIC-ALL_TAGS-valueHelpDialog-smartFilterBar-btnBasicSearch"}]}
RESULT: {"script":"<script> [1562 bytes]","args":[{"selector":{"id":"application-managepartners-display-component---masterPtm--smartFilterBar-filterItemControl_BASIC-ALL_TAGS-valueHelpDialog-smartFilterBar-btnBasicSearch","searchOpenDialogs":true,"interaction":{"idSuffix":"I"}},"wdio_ui5_key":"applicationmanagepartners-display-component---masterPtm--smartFilterBar-filterItemControl_BASIC-ALL_TAGS-valueHelpDialog-smartFilterBar-btnBasicSearch"}]}
RESULT: undefined
COMMAND: POST /session/cdd2d6a6ff4e4121354b0ded879e8cf3/execute/async - {"script":"<script> [776 bytes]","args":[{"enterText":"test-tag-1","selector":{"id":"application-managepartners-display-component---masterPtm--smartFilterBar-filterItemControl_BASIC-ALL_TAGS-valueHelpDialog-smartFilterBar-btnBasicSearch","searchOpenDialogs":true,"interaction":{"idSuffix":"I"}},"clearTextFirst":true,"interactionType":"ENTER_TEXT"}]}
RESULT: {"script":"<script> [776 bytes]","args":[{"enterText":"test-tag-1","selector":{"id":"application-managepartners-display-component---masterPtm--smartFilterBar-filterItemControl_BASIC-ALL_TAGS-valueHelpDialog-smartFilterBar-btnBasicSearch","searchOpenDialogs":true,"interaction":{"idSuffix":"I"}},"clearTextFirst":true,"interactionType":"ENTER_TEXT"}]}
COMMAND: POST /session/cdd2d6a6ff4e4121354b0ded879e8cf3/actions - {"actions":[{"id":"action20","type":"key","parameters":{},"actions":[{"type":"keyDown","value":""},{"type":"pause","duration":10},{"type":"keyUp","value":""}]}]}
RESULT: {"actions":[{"id":"action20","type":"key","parameters":{},"actions":[{"type":"keyDown","value":""},{"type":"pause","duration":10},{"type":"keyUp","value":""}]}]}
COMMAND: POST /session/cdd2d6a6ff4e4121354b0ded879e8cf3/elements - {"using":"xpath","value":"//table[contains(@id, \"smartFilterBar-filterItemControl_BASIC-ALL_TAGS-valueHelpDialog-table-table\")]/tbody/tr"}
COMMAND: GET /session/cdd2d6a6ff4e4121354b0ded879e8cf3/screenshot - {}
RESULT: {"using":"xpath","value":"//table[contains(@id, \"smartFilterBar-filterItemControl_BASIC-ALL_TAGS-valueHelpDialog-table-table\")]/tbody/tr"}
COMMAND: POST /session/cdd2d6a6ff4e4121354b0ded879e8cf3/element - {"using":"xpath","value":"//table[contains(@id, \"smartFilterBar-filterItemControl_BASIC-ALL_TAGS-valueHelpDialog-table-table\")]/tbody/tr[1]/td[1]/div/span"}
RESULT: {}
RESULT: {"using":"xpath","value":"//table[contains(@id, \"smartFilterBar-filterItemControl_BASIC-ALL_TAGS-valueHelpDialog-table-table\")]/tbody/tr[1]/td[1]/div/span"}
COMMAND: POST /session/cdd2d6a6ff4e4121354b0ded879e8cf3/elements - {"using":"xpath","value":"//table[contains(@id, \"smartFilterBar-filterItemControl_BASIC-ALL_TAGS-valueHelpDialog-table-table\")]/tbody/tr[1]/td[1]/div/span"}
RESULT: {"using":"xpath","value":"//table[contains(@id, \"smartFilterBar-filterItemControl_BASIC-ALL_TAGS-valueHelpDialog-table-table\")]/tbody/tr[1]/td[1]/div/span"}
COMMAND: POST /session/cdd2d6a6ff4e4121354b0ded879e8cf3/execute/sync - {"script":"<script> [56 bytes]","args":[{"element-6066-11e4-a52e-4f735466cecf":"f.3354A31769E1E4013F80CDE1D39C4690.d.8CBDA2F31F1EAD454007A7AAFD53CE57.e.6237","ELEMENT":"f.3354A31769E1E4013F80CDE1D39C4690.d.8CBDA2F31F1EAD454007A7AAFD53CE57.e.6237"}]}
RESULT: {"script":"<script> [56 bytes]","args":[{"element-6066-11e4-a52e-4f735466cecf":"f.3354A31769E1E4013F80CDE1D39C4690.d.8CBDA2F31F1EAD454007A7AAFD53CE57.e.6237","ELEMENT":"f.3354A31769E1E4013F80CDE1D39C4690.d.8CBDA2F31F1EAD454007A7AAFD53CE57.e.6237"}]}
COMMAND: POST /session/cdd2d6a6ff4e4121354b0ded879e8cf3/element - {"using":"xpath","value":"//div[contains(@id, \"filterItemControl_BASIC-ALL_TAGS-valueHelpDialog-table-rowsel0\")]"}
COMMAND: GET /session/cdd2d6a6ff4e4121354b0ded879e8cf3/screenshot - {}
RESULT: {"using":"xpath","value":"//div[contains(@id, \"filterItemControl_BASIC-ALL_TAGS-valueHelpDialog-table-rowsel0\")]"}
COMMAND: POST /session/cdd2d6a6ff4e4121354b0ded879e8cf3/element/f.3354A31769E1E4013F80CDE1D39C4690.d.8CBDA2F31F1EAD454007A7AAFD53CE57.e.6238/click - {}
RESULT: {}
RESULT: {}
COMMAND: GET /session/cdd2d6a6ff4e4121354b0ded879e8cf3/screenshot - {}
RESULT: {}
COMMAND: POST /session/cdd2d6a6ff4e4121354b0ded879e8cf3/element - {"using":"xpath","value":"(//bdi[contains(text(), \"OK\")])[1]"}
RESULT: {"using":"xpath","value":"(//bdi[contains(text(), \"OK\")])[1]"}
COMMAND: POST /session/cdd2d6a6ff4e4121354b0ded879e8cf3/element/f.3354A31769E1E4013F80CDE1D39C4690.d.8CBDA2F31F1EAD454007A7AAFD53CE57.e.6240/click - {}
RESULT: {}
COMMAND: GET /session/cdd2d6a6ff4e4121354b0ded879e8cf3/screenshot - {}
RESULT: {}
COMMAND: POST /session/cdd2d6a6ff4e4121354b0ded879e8cf3/element - {"using":"xpath","value":"//span[@id=\"application-managepartners-display-component---masterPtm--smartTable-header-inner\"]"}
RESULT: {"using":"xpath","value":"//span[@id=\"application-managepartners-display-component---masterPtm--smartTable-header-inner\"]"}
COMMAND: POST /session/cdd2d6a6ff4e4121354b0ded879e8cf3/elements - {"using":"xpath","value":"//span[@id=\"application-managepartners-display-component---masterPtm--smartTable-header-inner\"]"}
RESULT: {"using":"xpath","value":"//span[@id=\"application-managepartners-display-component---masterPtm--smartTable-header-inner\"]"}
COMMAND: POST /session/cdd2d6a6ff4e4121354b0ded879e8cf3/execute/sync - {"script":"<script> [56 bytes]","args":[{"element-6066-11e4-a52e-4f735466cecf":"f.3354A31769E1E4013F80CDE1D39C4690.d.8CBDA2F31F1EAD454007A7AAFD53CE57.e.5764","ELEMENT":"f.3354A31769E1E4013F80CDE1D39C4690.d.8CBDA2F31F1EAD454007A7AAFD53CE57.e.5764"}]}
RESULT: {"script":"<script> [56 bytes]","args":[{"element-6066-11e4-a52e-4f735466cecf":"f.3354A31769E1E4013F80CDE1D39C4690.d.8CBDA2F31F1EAD454007A7AAFD53CE57.e.5764","ELEMENT":"f.3354A31769E1E4013F80CDE1D39C4690.d.8CBDA2F31F1EAD454007A7AAFD53CE57.e.5764"}]}
COMMAND: POST /session/cdd2d6a6ff4e4121354b0ded879e8cf3/element - {"using":"xpath","value":"//span[contains(@title, \"Remove\")]"}
COMMAND: GET /session/cdd2d6a6ff4e4121354b0ded879e8cf3/screenshot - {}
RESULT: {}
RESULT: {"using":"xpath","value":"//span[contains(@title, \"Remove\")]"}
COMMAND: POST /session/cdd2d6a6ff4e4121354b0ded879e8cf3/element/f.3354A31769E1E4013F80CDE1D39C4690.d.8CBDA2F31F1EAD454007A7AAFD53CE57.e.6262/click - {}
RESULT: {}
COMMAND: GET /session/cdd2d6a6ff4e4121354b0ded879e8cf3/screenshot - {}
RESULT: {}
COMMAND: POST /session/cdd2d6a6ff4e4121354b0ded879e8cf3/execute/async - {"script":"<script> [1562 bytes]","args":[{"selector":{"id":"application-managepartners-display-component---masterPtm--partnerTypes-arrow"},"wdio_ui5_key":"applicationmanagepartners-display-component---masterPtm--partnerTypes-arrow"}]}
RESULT: {"script":"<script> [1562 bytes]","args":[{"selector":{"id":"application-managepartners-display-component---masterPtm--partnerTypes-arrow"},"wdio_ui5_key":"applicationmanagepartners-display-component---masterPtm--partnerTypes-arrow"}]}
RESULT: undefined
COMMAND: POST /session/cdd2d6a6ff4e4121354b0ded879e8cf3/element - {"using":"xpath","value":"//*[@id=\"application-managepartners-display-component---masterPtm--partnerTypes-arrow\"]"}
RESULT: {"using":"xpath","value":"//*[@id=\"application-managepartners-display-component---masterPtm--partnerTypes-arrow\"]"}
COMMAND: POST /session/cdd2d6a6ff4e4121354b0ded879e8cf3/element/f.3354A31769E1E4013F80CDE1D39C4690.d.8CBDA2F31F1EAD454007A7AAFD53CE57.e.6364/click - {}
RESULT: {}
COMMAND: GET /session/cdd2d6a6ff4e4121354b0ded879e8cf3/screenshot - {}
RESULT: {}
COMMAND: POST /session/cdd2d6a6ff4e4121354b0ded879e8cf3/element - {"using":"xpath","value":"//li[.//span[text()=\"External partner\"]]//div[contains(@class,\"sapMCbBg\")]"}
RESULT: {"using":"xpath","value":"//li[.//span[text()=\"External partner\"]]//div[contains(@class,\"sapMCbBg\")]"}
COMMAND: POST /session/cdd2d6a6ff4e4121354b0ded879e8cf3/element/f.3354A31769E1E4013F80CDE1D39C4690.d.8CBDA2F31F1EAD454007A7AAFD53CE57.e.6369/click - {}
RESULT: {}
COMMAND: GET /session/cdd2d6a6ff4e4121354b0ded879e8cf3/screenshot - {}
RESULT: {}
COMMAND: POST /session/cdd2d6a6ff4e4121354b0ded879e8cf3/element - {"using":"xpath","value":"//span[@id=\"application-managepartners-display-component---masterPtm--smartTable-header-inner\"]"}
RESULT: {"using":"xpath","value":"//span[@id=\"application-managepartners-display-component---masterPtm--smartTable-header-inner\"]"}
COMMAND: POST /session/cdd2d6a6ff4e4121354b0ded879e8cf3/elements - {"using":"xpath","value":"//span[@id=\"application-managepartners-display-component---masterPtm--smartTable-header-inner\"]"}
RESULT: {"using":"xpath","value":"//span[@id=\"application-managepartners-display-component---masterPtm--smartTable-header-inner\"]"}
COMMAND: POST /session/cdd2d6a6ff4e4121354b0ded879e8cf3/execute/sync - {"script":"<script> [56 bytes]","args":[{"element-6066-11e4-a52e-4f735466cecf":"f.3354A31769E1E4013F80CDE1D39C4690.d.8CBDA2F31F1EAD454007A7AAFD53CE57.e.5764","ELEMENT":"f.3354A31769E1E4013F80CDE1D39C4690.d.8CBDA2F31F1EAD454007A7AAFD53CE57.e.5764"}]}
RESULT: {"script":"<script> [56 bytes]","args":[{"element-6066-11e4-a52e-4f735466cecf":"f.3354A31769E1E4013F80CDE1D39C4690.d.8CBDA2F31F1EAD454007A7AAFD53CE57.e.5764","ELEMENT":"f.3354A31769E1E4013F80CDE1D39C4690.d.8CBDA2F31F1EAD454007A7AAFD53CE57.e.5764"}]}
COMMAND: POST /session/cdd2d6a6ff4e4121354b0ded879e8cf3/element - {"using":"xpath","value":"//span[contains(@title, \"Remove\")]"}
COMMAND: GET /session/cdd2d6a6ff4e4121354b0ded879e8cf3/screenshot - {}
RESULT: {"using":"xpath","value":"//span[contains(@title, \"Remove\")]"}
COMMAND: POST /session/cdd2d6a6ff4e4121354b0ded879e8cf3/element/f.3354A31769E1E4013F80CDE1D39C4690.d.8CBDA2F31F1EAD454007A7AAFD53CE57.e.6447/click - {}
RESULT: {}
RESULT: {}
COMMAND: GET /session/cdd2d6a6ff4e4121354b0ded879e8cf3/screenshot - {}
RESULT: {}
COMMAND: POST /session/cdd2d6a6ff4e4121354b0ded879e8cf3/execute/async - {"script":"<script> [1562 bytes]","args":[{"selector":{"id":"application-managepartners-display-component---masterPtm--smartFilterBar-btnFilters","interaction":{"idSuffix":"BDI-content"}},"wdio_ui5_key":"applicationmanagepartners-display-component---masterPtm--smartFilterBar-btnFilters"}]}
RESULT: {"script":"<script> [1562 bytes]","args":[{"selector":{"id":"application-managepartners-display-component---masterPtm--smartFilterBar-btnFilters","interaction":{"idSuffix":"BDI-content"}},"wdio_ui5_key":"applicationmanagepartners-display-component---masterPtm--smartFilterBar-btnFilters"}]}
RESULT: undefined
COMMAND: POST /session/cdd2d6a6ff4e4121354b0ded879e8cf3/element - {"using":"xpath","value":"//*[@id=\"application-managepartners-display-component---masterPtm--smartFilterBar-btnFilters\"]"}
RESULT: {"using":"xpath","value":"//*[@id=\"application-managepartners-display-component---masterPtm--smartFilterBar-btnFilters\"]"}
COMMAND: POST /session/cdd2d6a6ff4e4121354b0ded879e8cf3/element/f.3354A31769E1E4013F80CDE1D39C4690.d.8CBDA2F31F1EAD454007A7AAFD53CE57.e.5605/click - {}
RESULT: {}
COMMAND: GET /session/cdd2d6a6ff4e4121354b0ded879e8cf3/screenshot - {}
RESULT: {}
COMMAND: POST /session/cdd2d6a6ff4e4121354b0ded879e8cf3/elements - {"using":"xpath","value":"//table[contains(@id, \"listView-innerSelectionPanelTable-listUl\")]/tbody/tr"}
RESULT: {"using":"xpath","value":"//table[contains(@id, \"listView-innerSelectionPanelTable-listUl\")]/tbody/tr"}
COMMAND: POST /session/cdd2d6a6ff4e4121354b0ded879e8cf3/element - {"using":"xpath","value":"//table[contains(@id, \"listView-innerSelectionPanelTable-listUl\")]/tbody/tr[2]/td[2]/div/div"}
RESULT: {"using":"xpath","value":"//table[contains(@id, \"listView-innerSelectionPanelTable-listUl\")]/tbody/tr[2]/td[2]/div/div"}
COMMAND: POST /session/cdd2d6a6ff4e4121354b0ded879e8cf3/element - {"using":"xpath","value":"//table[contains(@id, \"listView-innerSelectionPanelTable-listUl\")]/tbody/tr[2]/td[2]/div"}
RESULT: {"using":"xpath","value":"//table[contains(@id, \"listView-innerSelectionPanelTable-listUl\")]/tbody/tr[2]/td[2]/div"}
COMMAND: POST /session/cdd2d6a6ff4e4121354b0ded879e8cf3/element - {"using":"xpath","value":"//table[contains(@id, \"listView-innerSelectionPanelTable-listUl\")]/tbody/tr[2]/td[3]/div/div/span/span[1]/bdi"}
RESULT: {"using":"xpath","value":"//table[contains(@id, \"listView-innerSelectionPanelTable-listUl\")]/tbody/tr[2]/td[3]/div/div/span/span[1]/bdi"}
COMMAND: POST /session/cdd2d6a6ff4e4121354b0ded879e8cf3/execute/sync - {"script":"<script> [56 bytes]","args":[{"element-6066-11e4-a52e-4f735466cecf":"f.3354A31769E1E4013F80CDE1D39C4690.d.8CBDA2F31F1EAD454007A7AAFD53CE57.e.6552","ELEMENT":"f.3354A31769E1E4013F80CDE1D39C4690.d.8CBDA2F31F1EAD454007A7AAFD53CE57.e.6552"}]}
RESULT: {"script":"<script> [56 bytes]","args":[{"element-6066-11e4-a52e-4f735466cecf":"f.3354A31769E1E4013F80CDE1D39C4690.d.8CBDA2F31F1EAD454007A7AAFD53CE57.e.6552","ELEMENT":"f.3354A31769E1E4013F80CDE1D39C4690.d.8CBDA2F31F1EAD454007A7AAFD53CE57.e.6552"}]}
COMMAND: GET /session/cdd2d6a6ff4e4121354b0ded879e8cf3/element/f.3354A31769E1E4013F80CDE1D39C4690.d.8CBDA2F31F1EAD454007A7AAFD53CE57.e.6551/attribute/aria-checked - {}
COMMAND: GET /session/cdd2d6a6ff4e4121354b0ded879e8cf3/screenshot - {}
RESULT: {}
COMMAND: POST /session/cdd2d6a6ff4e4121354b0ded879e8cf3/element - {"using":"xpath","value":"//table[contains(@id, \"listView-innerSelectionPanelTable-listUl\")]/tbody/tr[3]/td[2]/div/div"}
RESULT: {}
RESULT: {"using":"xpath","value":"//table[contains(@id, \"listView-innerSelectionPanelTable-listUl\")]/tbody/tr[3]/td[2]/div/div"}
COMMAND: POST /session/cdd2d6a6ff4e4121354b0ded879e8cf3/element - {"using":"xpath","value":"//table[contains(@id, \"listView-innerSelectionPanelTable-listUl\")]/tbody/tr[3]/td[2]/div"}
RESULT: {"using":"xpath","value":"//table[contains(@id, \"listView-innerSelectionPanelTable-listUl\")]/tbody/tr[3]/td[2]/div"}
COMMAND: POST /session/cdd2d6a6ff4e4121354b0ded879e8cf3/element - {"using":"xpath","value":"//table[contains(@id, \"listView-innerSelectionPanelTable-listUl\")]/tbody/tr[3]/td[3]/div/div/span/span[1]/bdi"}
RESULT: {"using":"xpath","value":"//table[contains(@id, \"listView-innerSelectionPanelTable-listUl\")]/tbody/tr[3]/td[3]/div/div/span/span[1]/bdi"}
COMMAND: POST /session/cdd2d6a6ff4e4121354b0ded879e8cf3/execute/sync - {"script":"<script> [56 bytes]","args":[{"element-6066-11e4-a52e-4f735466cecf":"f.3354A31769E1E4013F80CDE1D39C4690.d.8CBDA2F31F1EAD454007A7AAFD53CE57.e.6555","ELEMENT":"f.3354A31769E1E4013F80CDE1D39C4690.d.8CBDA2F31F1EAD454007A7AAFD53CE57.e.6555"}]}
RESULT: {"script":"<script> [56 bytes]","args":[{"element-6066-11e4-a52e-4f735466cecf":"f.3354A31769E1E4013F80CDE1D39C4690.d.8CBDA2F31F1EAD454007A7AAFD53CE57.e.6555","ELEMENT":"f.3354A31769E1E4013F80CDE1D39C4690.d.8CBDA2F31F1EAD454007A7AAFD53CE57.e.6555"}]}
COMMAND: GET /session/cdd2d6a6ff4e4121354b0ded879e8cf3/element/f.3354A31769E1E4013F80CDE1D39C4690.d.8CBDA2F31F1EAD454007A7AAFD53CE57.e.6554/attribute/aria-checked - {}
COMMAND: GET /session/cdd2d6a6ff4e4121354b0ded879e8cf3/screenshot - {}
RESULT: {}
COMMAND: POST /session/cdd2d6a6ff4e4121354b0ded879e8cf3/element - {"using":"xpath","value":"//table[contains(@id, \"listView-innerSelectionPanelTable-listUl\")]/tbody/tr[4]/td[2]/div/div"}
RESULT: {}
RESULT: {"using":"xpath","value":"//table[contains(@id, \"listView-innerSelectionPanelTable-listUl\")]/tbody/tr[4]/td[2]/div/div"}
COMMAND: POST /session/cdd2d6a6ff4e4121354b0ded879e8cf3/element - {"using":"xpath","value":"//table[contains(@id, \"listView-innerSelectionPanelTable-listUl\")]/tbody/tr[4]/td[2]/div"}
RESULT: {"using":"xpath","value":"//table[contains(@id, \"listView-innerSelectionPanelTable-listUl\")]/tbody/tr[4]/td[2]/div"}
COMMAND: POST /session/cdd2d6a6ff4e4121354b0ded879e8cf3/element - {"using":"xpath","value":"//table[contains(@id, \"listView-innerSelectionPanelTable-listUl\")]/tbody/tr[4]/td[3]/div/div/span/span[1]/bdi"}
RESULT: {"using":"xpath","value":"//table[contains(@id, \"listView-innerSelectionPanelTable-listUl\")]/tbody/tr[4]/td[3]/div/div/span/span[1]/bdi"}
COMMAND: POST /session/cdd2d6a6ff4e4121354b0ded879e8cf3/execute/sync - {"script":"<script> [56 bytes]","args":[{"element-6066-11e4-a52e-4f735466cecf":"f.3354A31769E1E4013F80CDE1D39C4690.d.8CBDA2F31F1EAD454007A7AAFD53CE57.e.6558","ELEMENT":"f.3354A31769E1E4013F80CDE1D39C4690.d.8CBDA2F31F1EAD454007A7AAFD53CE57.e.6558"}]}
RESULT: {"script":"<script> [56 bytes]","args":[{"element-6066-11e4-a52e-4f735466cecf":"f.3354A31769E1E4013F80CDE1D39C4690.d.8CBDA2F31F1EAD454007A7AAFD53CE57.e.6558","ELEMENT":"f.3354A31769E1E4013F80CDE1D39C4690.d.8CBDA2F31F1EAD454007A7AAFD53CE57.e.6558"}]}
COMMAND: GET /session/cdd2d6a6ff4e4121354b0ded879e8cf3/element/f.3354A31769E1E4013F80CDE1D39C4690.d.8CBDA2F31F1EAD454007A7AAFD53CE57.e.6557/attribute/aria-checked - {}
COMMAND: GET /session/cdd2d6a6ff4e4121354b0ded879e8cf3/screenshot - {}
RESULT: {}
COMMAND: POST /session/cdd2d6a6ff4e4121354b0ded879e8cf3/element - {"using":"xpath","value":"//table[contains(@id, \"listView-innerSelectionPanelTable-listUl\")]/tbody/tr[5]/td[2]/div/div"}
RESULT: {}
RESULT: {"using":"xpath","value":"//table[contains(@id, \"listView-innerSelectionPanelTable-listUl\")]/tbody/tr[5]/td[2]/div/div"}
COMMAND: POST /session/cdd2d6a6ff4e4121354b0ded879e8cf3/element - {"using":"xpath","value":"//table[contains(@id, \"listView-innerSelectionPanelTable-listUl\")]/tbody/tr[5]/td[2]/div"}
RESULT: {"using":"xpath","value":"//table[contains(@id, \"listView-innerSelectionPanelTable-listUl\")]/tbody/tr[5]/td[2]/div"}
COMMAND: POST /session/cdd2d6a6ff4e4121354b0ded879e8cf3/element - {"using":"xpath","value":"//table[contains(@id, \"listView-innerSelectionPanelTable-listUl\")]/tbody/tr[5]/td[3]/div/div/span/span[1]/bdi"}
RESULT: {"using":"xpath","value":"//table[contains(@id, \"listView-innerSelectionPanelTable-listUl\")]/tbody/tr[5]/td[3]/div/div/span/span[1]/bdi"}
COMMAND: POST /session/cdd2d6a6ff4e4121354b0ded879e8cf3/execute/sync - {"script":"<script> [56 bytes]","args":[{"element-6066-11e4-a52e-4f735466cecf":"f.3354A31769E1E4013F80CDE1D39C4690.d.8CBDA2F31F1EAD454007A7AAFD53CE57.e.6561","ELEMENT":"f.3354A31769E1E4013F80CDE1D39C4690.d.8CBDA2F31F1EAD454007A7AAFD53CE57.e.6561"}]}
RESULT: {"script":"<script> [56 bytes]","args":[{"element-6066-11e4-a52e-4f735466cecf":"f.3354A31769E1E4013F80CDE1D39C4690.d.8CBDA2F31F1EAD454007A7AAFD53CE57.e.6561","ELEMENT":"f.3354A31769E1E4013F80CDE1D39C4690.d.8CBDA2F31F1EAD454007A7AAFD53CE57.e.6561"}]}
COMMAND: GET /session/cdd2d6a6ff4e4121354b0ded879e8cf3/element/f.3354A31769E1E4013F80CDE1D39C4690.d.8CBDA2F31F1EAD454007A7AAFD53CE57.e.6560/attribute/aria-checked - {}
COMMAND: GET /session/cdd2d6a6ff4e4121354b0ded879e8cf3/screenshot - {}
RESULT: {}
COMMAND: POST /session/cdd2d6a6ff4e4121354b0ded879e8cf3/element - {"using":"xpath","value":"//table[contains(@id, \"listView-innerSelectionPanelTable-listUl\")]/tbody/tr[6]/td[2]/div/div"}
RESULT: {}
RESULT: {"using":"xpath","value":"//table[contains(@id, \"listView-innerSelectionPanelTable-listUl\")]/tbody/tr[6]/td[2]/div/div"}
COMMAND: POST /session/cdd2d6a6ff4e4121354b0ded879e8cf3/element - {"using":"xpath","value":"//table[contains(@id, \"listView-innerSelectionPanelTable-listUl\")]/tbody/tr[6]/td[2]/div"}
RESULT: {"using":"xpath","value":"//table[contains(@id, \"listView-innerSelectionPanelTable-listUl\")]/tbody/tr[6]/td[2]/div"}
COMMAND: POST /session/cdd2d6a6ff4e4121354b0ded879e8cf3/element - {"using":"xpath","value":"//table[contains(@id, \"listView-innerSelectionPanelTable-listUl\")]/tbody/tr[6]/td[3]/div/div/span/span[1]/bdi"}
RESULT: {"using":"xpath","value":"//table[contains(@id, \"listView-innerSelectionPanelTable-listUl\")]/tbody/tr[6]/td[3]/div/div/span/span[1]/bdi"}
COMMAND: POST /session/cdd2d6a6ff4e4121354b0ded879e8cf3/execute/sync - {"script":"<script> [56 bytes]","args":[{"element-6066-11e4-a52e-4f735466cecf":"f.3354A31769E1E4013F80CDE1D39C4690.d.8CBDA2F31F1EAD454007A7AAFD53CE57.e.6564","ELEMENT":"f.3354A31769E1E4013F80CDE1D39C4690.d.8CBDA2F31F1EAD454007A7AAFD53CE57.e.6564"}]}
RESULT: {"script":"<script> [56 bytes]","args":[{"element-6066-11e4-a52e-4f735466cecf":"f.3354A31769E1E4013F80CDE1D39C4690.d.8CBDA2F31F1EAD454007A7AAFD53CE57.e.6564","ELEMENT":"f.3354A31769E1E4013F80CDE1D39C4690.d.8CBDA2F31F1EAD454007A7AAFD53CE57.e.6564"}]}
COMMAND: GET /session/cdd2d6a6ff4e4121354b0ded879e8cf3/element/f.3354A31769E1E4013F80CDE1D39C4690.d.8CBDA2F31F1EAD454007A7AAFD53CE57.e.6563/attribute/aria-checked - {}
COMMAND: GET /session/cdd2d6a6ff4e4121354b0ded879e8cf3/screenshot - {}
RESULT: {}
COMMAND: POST /session/cdd2d6a6ff4e4121354b0ded879e8cf3/element - {"using":"xpath","value":"//table[contains(@id, \"listView-innerSelectionPanelTable-listUl\")]/tbody/tr[7]/td[2]/div/div"}
RESULT: {}
RESULT: {"using":"xpath","value":"//table[contains(@id, \"listView-innerSelectionPanelTable-listUl\")]/tbody/tr[7]/td[2]/div/div"}
COMMAND: POST /session/cdd2d6a6ff4e4121354b0ded879e8cf3/element - {"using":"xpath","value":"//table[contains(@id, \"listView-innerSelectionPanelTable-listUl\")]/tbody/tr[7]/td[2]/div"}
RESULT: {"using":"xpath","value":"//table[contains(@id, \"listView-innerSelectionPanelTable-listUl\")]/tbody/tr[7]/td[2]/div"}
COMMAND: POST /session/cdd2d6a6ff4e4121354b0ded879e8cf3/element - {"using":"xpath","value":"//table[contains(@id, \"listView-innerSelectionPanelTable-listUl\")]/tbody/tr[7]/td[3]/div/div/span/span[1]/bdi"}
RESULT: {"using":"xpath","value":"//table[contains(@id, \"listView-innerSelectionPanelTable-listUl\")]/tbody/tr[7]/td[3]/div/div/span/span[1]/bdi"}
COMMAND: POST /session/cdd2d6a6ff4e4121354b0ded879e8cf3/execute/sync - {"script":"<script> [56 bytes]","args":[{"element-6066-11e4-a52e-4f735466cecf":"f.3354A31769E1E4013F80CDE1D39C4690.d.8CBDA2F31F1EAD454007A7AAFD53CE57.e.6567","ELEMENT":"f.3354A31769E1E4013F80CDE1D39C4690.d.8CBDA2F31F1EAD454007A7AAFD53CE57.e.6567"}]}
RESULT: {"script":"<script> [56 bytes]","args":[{"element-6066-11e4-a52e-4f735466cecf":"f.3354A31769E1E4013F80CDE1D39C4690.d.8CBDA2F31F1EAD454007A7AAFD53CE57.e.6567","ELEMENT":"f.3354A31769E1E4013F80CDE1D39C4690.d.8CBDA2F31F1EAD454007A7AAFD53CE57.e.6567"}]}
COMMAND: GET /session/cdd2d6a6ff4e4121354b0ded879e8cf3/element/f.3354A31769E1E4013F80CDE1D39C4690.d.8CBDA2F31F1EAD454007A7AAFD53CE57.e.6566/attribute/aria-checked - {}
COMMAND: GET /session/cdd2d6a6ff4e4121354b0ded879e8cf3/screenshot - {}
RESULT: {}
COMMAND: POST /session/cdd2d6a6ff4e4121354b0ded879e8cf3/element - {"using":"xpath","value":"//table[contains(@id, \"listView-innerSelectionPanelTable-listUl\")]/tbody/tr[8]/td[2]/div/div"}
RESULT: {}
RESULT: {"using":"xpath","value":"//table[contains(@id, \"listView-innerSelectionPanelTable-listUl\")]/tbody/tr[8]/td[2]/div/div"}
COMMAND: POST /session/cdd2d6a6ff4e4121354b0ded879e8cf3/element - {"using":"xpath","value":"//table[contains(@id, \"listView-innerSelectionPanelTable-listUl\")]/tbody/tr[8]/td[2]/div"}
RESULT: {"using":"xpath","value":"//table[contains(@id, \"listView-innerSelectionPanelTable-listUl\")]/tbody/tr[8]/td[2]/div"}
COMMAND: POST /session/cdd2d6a6ff4e4121354b0ded879e8cf3/element - {"using":"xpath","value":"//table[contains(@id, \"listView-innerSelectionPanelTable-listUl\")]/tbody/tr[8]/td[3]/div/div/span/span[1]/bdi"}
RESULT: {"using":"xpath","value":"//table[contains(@id, \"listView-innerSelectionPanelTable-listUl\")]/tbody/tr[8]/td[3]/div/div/span/span[1]/bdi"}
COMMAND: POST /session/cdd2d6a6ff4e4121354b0ded879e8cf3/execute/sync - {"script":"<script> [56 bytes]","args":[{"element-6066-11e4-a52e-4f735466cecf":"f.3354A31769E1E4013F80CDE1D39C4690.d.8CBDA2F31F1EAD454007A7AAFD53CE57.e.6570","ELEMENT":"f.3354A31769E1E4013F80CDE1D39C4690.d.8CBDA2F31F1EAD454007A7AAFD53CE57.e.6570"}]}
RESULT: {"script":"<script> [56 bytes]","args":[{"element-6066-11e4-a52e-4f735466cecf":"f.3354A31769E1E4013F80CDE1D39C4690.d.8CBDA2F31F1EAD454007A7AAFD53CE57.e.6570","ELEMENT":"f.3354A31769E1E4013F80CDE1D39C4690.d.8CBDA2F31F1EAD454007A7AAFD53CE57.e.6570"}]}
COMMAND: GET /session/cdd2d6a6ff4e4121354b0ded879e8cf3/element/f.3354A31769E1E4013F80CDE1D39C4690.d.8CBDA2F31F1EAD454007A7AAFD53CE57.e.6569/attribute/aria-checked - {}
COMMAND: GET /session/cdd2d6a6ff4e4121354b0ded879e8cf3/screenshot - {}
RESULT: {}
COMMAND: POST /session/cdd2d6a6ff4e4121354b0ded879e8cf3/element - {"using":"xpath","value":"//table[contains(@id, \"listView-innerSelectionPanelTable-listUl\")]/tbody/tr[9]/td[2]/div/div"}
RESULT: {}
RESULT: {"using":"xpath","value":"//table[contains(@id, \"listView-innerSelectionPanelTable-listUl\")]/tbody/tr[9]/td[2]/div/div"}
COMMAND: POST /session/cdd2d6a6ff4e4121354b0ded879e8cf3/element - {"using":"xpath","value":"//table[contains(@id, \"listView-innerSelectionPanelTable-listUl\")]/tbody/tr[9]/td[2]/div"}
RESULT: {"using":"xpath","value":"//table[contains(@id, \"listView-innerSelectionPanelTable-listUl\")]/tbody/tr[9]/td[2]/div"}
COMMAND: POST /session/cdd2d6a6ff4e4121354b0ded879e8cf3/element - {"using":"xpath","value":"//table[contains(@id, \"listView-innerSelectionPanelTable-listUl\")]/tbody/tr[9]/td[3]/div/div/span/span[1]/bdi"}
RESULT: {"using":"xpath","value":"//table[contains(@id, \"listView-innerSelectionPanelTable-listUl\")]/tbody/tr[9]/td[3]/div/div/span/span[1]/bdi"}
COMMAND: POST /session/cdd2d6a6ff4e4121354b0ded879e8cf3/execute/sync - {"script":"<script> [56 bytes]","args":[{"element-6066-11e4-a52e-4f735466cecf":"f.3354A31769E1E4013F80CDE1D39C4690.d.8CBDA2F31F1EAD454007A7AAFD53CE57.e.6573","ELEMENT":"f.3354A31769E1E4013F80CDE1D39C4690.d.8CBDA2F31F1EAD454007A7AAFD53CE57.e.6573"}]}
RESULT: {"script":"<script> [56 bytes]","args":[{"element-6066-11e4-a52e-4f735466cecf":"f.3354A31769E1E4013F80CDE1D39C4690.d.8CBDA2F31F1EAD454007A7AAFD53CE57.e.6573","ELEMENT":"f.3354A31769E1E4013F80CDE1D39C4690.d.8CBDA2F31F1EAD454007A7AAFD53CE57.e.6573"}]}
COMMAND: GET /session/cdd2d6a6ff4e4121354b0ded879e8cf3/element/f.3354A31769E1E4013F80CDE1D39C4690.d.8CBDA2F31F1EAD454007A7AAFD53CE57.e.6572/attribute/aria-checked - {}
COMMAND: GET /session/cdd2d6a6ff4e4121354b0ded879e8cf3/screenshot - {}
RESULT: {}
COMMAND: POST /session/cdd2d6a6ff4e4121354b0ded879e8cf3/element - {"using":"xpath","value":"//table[contains(@id, \"listView-innerSelectionPanelTable-listUl\")]/tbody/tr[10]/td[2]/div/div"}
RESULT: {}
RESULT: {"using":"xpath","value":"//table[contains(@id, \"listView-innerSelectionPanelTable-listUl\")]/tbody/tr[10]/td[2]/div/div"}
COMMAND: POST /session/cdd2d6a6ff4e4121354b0ded879e8cf3/element - {"using":"xpath","value":"//table[contains(@id, \"listView-innerSelectionPanelTable-listUl\")]/tbody/tr[10]/td[2]/div"}
RESULT: {"using":"xpath","value":"//table[contains(@id, \"listView-innerSelectionPanelTable-listUl\")]/tbody/tr[10]/td[2]/div"}
COMMAND: POST /session/cdd2d6a6ff4e4121354b0ded879e8cf3/element - {"using":"xpath","value":"//table[contains(@id, \"listView-innerSelectionPanelTable-listUl\")]/tbody/tr[10]/td[3]/div/div/span/span[1]/bdi"}
RESULT: {"using":"xpath","value":"//table[contains(@id, \"listView-innerSelectionPanelTable-listUl\")]/tbody/tr[10]/td[3]/div/div/span/span[1]/bdi"}
COMMAND: POST /session/cdd2d6a6ff4e4121354b0ded879e8cf3/execute/sync - {"script":"<script> [56 bytes]","args":[{"element-6066-11e4-a52e-4f735466cecf":"f.3354A31769E1E4013F80CDE1D39C4690.d.8CBDA2F31F1EAD454007A7AAFD53CE57.e.6576","ELEMENT":"f.3354A31769E1E4013F80CDE1D39C4690.d.8CBDA2F31F1EAD454007A7AAFD53CE57.e.6576"}]}
RESULT: {"script":"<script> [56 bytes]","args":[{"element-6066-11e4-a52e-4f735466cecf":"f.3354A31769E1E4013F80CDE1D39C4690.d.8CBDA2F31F1EAD454007A7AAFD53CE57.e.6576","ELEMENT":"f.3354A31769E1E4013F80CDE1D39C4690.d.8CBDA2F31F1EAD454007A7AAFD53CE57.e.6576"}]}
COMMAND: GET /session/cdd2d6a6ff4e4121354b0ded879e8cf3/element/f.3354A31769E1E4013F80CDE1D39C4690.d.8CBDA2F31F1EAD454007A7AAFD53CE57.e.6575/attribute/aria-checked - {}
COMMAND: GET /session/cdd2d6a6ff4e4121354b0ded879e8cf3/screenshot - {}
RESULT: {}
COMMAND: POST /session/cdd2d6a6ff4e4121354b0ded879e8cf3/element - {"using":"xpath","value":"//table[contains(@id, \"listView-innerSelectionPanelTable-listUl\")]/tbody/tr[11]/td[2]/div/div"}
RESULT: {}
RESULT: {"using":"xpath","value":"//table[contains(@id, \"listView-innerSelectionPanelTable-listUl\")]/tbody/tr[11]/td[2]/div/div"}
COMMAND: POST /session/cdd2d6a6ff4e4121354b0ded879e8cf3/element - {"using":"xpath","value":"//table[contains(@id, \"listView-innerSelectionPanelTable-listUl\")]/tbody/tr[11]/td[2]/div"}
RESULT: {"using":"xpath","value":"//table[contains(@id, \"listView-innerSelectionPanelTable-listUl\")]/tbody/tr[11]/td[2]/div"}
COMMAND: POST /session/cdd2d6a6ff4e4121354b0ded879e8cf3/element - {"using":"xpath","value":"//table[contains(@id, \"listView-innerSelectionPanelTable-listUl\")]/tbody/tr[11]/td[3]/div/div/span/span[1]/bdi"}
RESULT: {"using":"xpath","value":"//table[contains(@id, \"listView-innerSelectionPanelTable-listUl\")]/tbody/tr[11]/td[3]/div/div/span/span[1]/bdi"}
COMMAND: POST /session/cdd2d6a6ff4e4121354b0ded879e8cf3/execute/sync - {"script":"<script> [56 bytes]","args":[{"element-6066-11e4-a52e-4f735466cecf":"f.3354A31769E1E4013F80CDE1D39C4690.d.8CBDA2F31F1EAD454007A7AAFD53CE57.e.6579","ELEMENT":"f.3354A31769E1E4013F80CDE1D39C4690.d.8CBDA2F31F1EAD454007A7AAFD53CE57.e.6579"}]}
RESULT: {"script":"<script> [56 bytes]","args":[{"element-6066-11e4-a52e-4f735466cecf":"f.3354A31769E1E4013F80CDE1D39C4690.d.8CBDA2F31F1EAD454007A7AAFD53CE57.e.6579","ELEMENT":"f.3354A31769E1E4013F80CDE1D39C4690.d.8CBDA2F31F1EAD454007A7AAFD53CE57.e.6579"}]}
COMMAND: GET /session/cdd2d6a6ff4e4121354b0ded879e8cf3/element/f.3354A31769E1E4013F80CDE1D39C4690.d.8CBDA2F31F1EAD454007A7AAFD53CE57.e.6578/attribute/aria-checked - {}
COMMAND: GET /session/cdd2d6a6ff4e4121354b0ded879e8cf3/screenshot - {}
RESULT: {}
COMMAND: POST /session/cdd2d6a6ff4e4121354b0ded879e8cf3/element - {"using":"xpath","value":"//table[contains(@id, \"listView-innerSelectionPanelTable-listUl\")]/tbody/tr[12]/td[2]/div/div"}
RESULT: {}
RESULT: {"using":"xpath","value":"//table[contains(@id, \"listView-innerSelectionPanelTable-listUl\")]/tbody/tr[12]/td[2]/div/div"}
COMMAND: POST /session/cdd2d6a6ff4e4121354b0ded879e8cf3/element - {"using":"xpath","value":"//table[contains(@id, \"listView-innerSelectionPanelTable-listUl\")]/tbody/tr[12]/td[2]/div"}
RESULT: {"using":"xpath","value":"//table[contains(@id, \"listView-innerSelectionPanelTable-listUl\")]/tbody/tr[12]/td[2]/div"}
COMMAND: POST /session/cdd2d6a6ff4e4121354b0ded879e8cf3/element - {"using":"xpath","value":"//table[contains(@id, \"listView-innerSelectionPanelTable-listUl\")]/tbody/tr[12]/td[3]/div/div/span/span[1]/bdi"}
RESULT: {"using":"xpath","value":"//table[contains(@id, \"listView-innerSelectionPanelTable-listUl\")]/tbody/tr[12]/td[3]/div/div/span/span[1]/bdi"}
COMMAND: POST /session/cdd2d6a6ff4e4121354b0ded879e8cf3/execute/sync - {"script":"<script> [56 bytes]","args":[{"element-6066-11e4-a52e-4f735466cecf":"f.3354A31769E1E4013F80CDE1D39C4690.d.8CBDA2F31F1EAD454007A7AAFD53CE57.e.6582","ELEMENT":"f.3354A31769E1E4013F80CDE1D39C4690.d.8CBDA2F31F1EAD454007A7AAFD53CE57.e.6582"}]}
RESULT: {"script":"<script> [56 bytes]","args":[{"element-6066-11e4-a52e-4f735466cecf":"f.3354A31769E1E4013F80CDE1D39C4690.d.8CBDA2F31F1EAD454007A7AAFD53CE57.e.6582","ELEMENT":"f.3354A31769E1E4013F80CDE1D39C4690.d.8CBDA2F31F1EAD454007A7AAFD53CE57.e.6582"}]}
COMMAND: GET /session/cdd2d6a6ff4e4121354b0ded879e8cf3/element/f.3354A31769E1E4013F80CDE1D39C4690.d.8CBDA2F31F1EAD454007A7AAFD53CE57.e.6581/attribute/aria-checked - {}
COMMAND: GET /session/cdd2d6a6ff4e4121354b0ded879e8cf3/screenshot - {}
RESULT: {}
COMMAND: POST /session/cdd2d6a6ff4e4121354b0ded879e8cf3/element - {"using":"xpath","value":"//table[contains(@id, \"listView-innerSelectionPanelTable-listUl\")]/tbody/tr[13]/td[2]/div/div"}
RESULT: {}
RESULT: {"using":"xpath","value":"//table[contains(@id, \"listView-innerSelectionPanelTable-listUl\")]/tbody/tr[13]/td[2]/div/div"}
COMMAND: POST /session/cdd2d6a6ff4e4121354b0ded879e8cf3/element - {"using":"xpath","value":"//table[contains(@id, \"listView-innerSelectionPanelTable-listUl\")]/tbody/tr[13]/td[2]/div"}
RESULT: {"using":"xpath","value":"//table[contains(@id, \"listView-innerSelectionPanelTable-listUl\")]/tbody/tr[13]/td[2]/div"}
COMMAND: POST /session/cdd2d6a6ff4e4121354b0ded879e8cf3/element - {"using":"xpath","value":"//table[contains(@id, \"listView-innerSelectionPanelTable-listUl\")]/tbody/tr[13]/td[3]/div/div/span/span[1]/bdi"}
RESULT: {"using":"xpath","value":"//table[contains(@id, \"listView-innerSelectionPanelTable-listUl\")]/tbody/tr[13]/td[3]/div/div/span/span[1]/bdi"}
COMMAND: POST /session/cdd2d6a6ff4e4121354b0ded879e8cf3/execute/sync - {"script":"<script> [56 bytes]","args":[{"element-6066-11e4-a52e-4f735466cecf":"f.3354A31769E1E4013F80CDE1D39C4690.d.8CBDA2F31F1EAD454007A7AAFD53CE57.e.6585","ELEMENT":"f.3354A31769E1E4013F80CDE1D39C4690.d.8CBDA2F31F1EAD454007A7AAFD53CE57.e.6585"}]}
RESULT: {"script":"<script> [56 bytes]","args":[{"element-6066-11e4-a52e-4f735466cecf":"f.3354A31769E1E4013F80CDE1D39C4690.d.8CBDA2F31F1EAD454007A7AAFD53CE57.e.6585","ELEMENT":"f.3354A31769E1E4013F80CDE1D39C4690.d.8CBDA2F31F1EAD454007A7AAFD53CE57.e.6585"}]}
COMMAND: GET /session/cdd2d6a6ff4e4121354b0ded879e8cf3/element/f.3354A31769E1E4013F80CDE1D39C4690.d.8CBDA2F31F1EAD454007A7AAFD53CE57.e.6584/attribute/aria-checked - {}
COMMAND: GET /session/cdd2d6a6ff4e4121354b0ded879e8cf3/screenshot - {}
RESULT: {}
COMMAND: POST /session/cdd2d6a6ff4e4121354b0ded879e8cf3/element - {"using":"xpath","value":"//table[contains(@id, \"listView-innerSelectionPanelTable-listUl\")]/tbody/tr[14]/td[2]/div/div"}
COMMAND: POST /session/cdd2d6a6ff4e4121354b0ded879e8cf3/element/f.3354A31769E1E4013F80CDE1D39C4690.d.8CBDA2F31F1EAD454007A7AAFD53CE57.e.6583/click - {}
RESULT: {}
RESULT: {}
COMMAND: GET /session/cdd2d6a6ff4e4121354b0ded879e8cf3/screenshot - {}
RESULT: {"using":"xpath","value":"//table[contains(@id, \"listView-innerSelectionPanelTable-listUl\")]/tbody/tr[14]/td[2]/div/div"}
COMMAND: POST /session/cdd2d6a6ff4e4121354b0ded879e8cf3/element - {"using":"xpath","value":"//table[contains(@id, \"listView-innerSelectionPanelTable-listUl\")]/tbody/tr[14]/td[2]/div"}
RESULT: {}
RESULT: {"using":"xpath","value":"//table[contains(@id, \"listView-innerSelectionPanelTable-listUl\")]/tbody/tr[14]/td[2]/div"}
COMMAND: POST /session/cdd2d6a6ff4e4121354b0ded879e8cf3/element - {"using":"xpath","value":"//table[contains(@id, \"listView-innerSelectionPanelTable-listUl\")]/tbody/tr[14]/td[3]/div/div/span/span[1]/bdi"}
RESULT: {"using":"xpath","value":"//table[contains(@id, \"listView-innerSelectionPanelTable-listUl\")]/tbody/tr[14]/td[3]/div/div/span/span[1]/bdi"}
COMMAND: POST /session/cdd2d6a6ff4e4121354b0ded879e8cf3/execute/sync - {"script":"<script> [56 bytes]","args":[{"element-6066-11e4-a52e-4f735466cecf":"f.3354A31769E1E4013F80CDE1D39C4690.d.8CBDA2F31F1EAD454007A7AAFD53CE57.e.6589","ELEMENT":"f.3354A31769E1E4013F80CDE1D39C4690.d.8CBDA2F31F1EAD454007A7AAFD53CE57.e.6589"}]}
RESULT: {"script":"<script> [56 bytes]","args":[{"element-6066-11e4-a52e-4f735466cecf":"f.3354A31769E1E4013F80CDE1D39C4690.d.8CBDA2F31F1EAD454007A7AAFD53CE57.e.6589","ELEMENT":"f.3354A31769E1E4013F80CDE1D39C4690.d.8CBDA2F31F1EAD454007A7AAFD53CE57.e.6589"}]}
COMMAND: GET /session/cdd2d6a6ff4e4121354b0ded879e8cf3/element/f.3354A31769E1E4013F80CDE1D39C4690.d.8CBDA2F31F1EAD454007A7AAFD53CE57.e.6588/attribute/aria-checked - {}
COMMAND: GET /session/cdd2d6a6ff4e4121354b0ded879e8cf3/screenshot - {}
RESULT: {}
COMMAND: POST /session/cdd2d6a6ff4e4121354b0ded879e8cf3/element - {"using":"xpath","value":"//table[contains(@id, \"listView-innerSelectionPanelTable-listUl\")]/tbody/tr[15]/td[2]/div/div"}
RESULT: {}
RESULT: {"using":"xpath","value":"//table[contains(@id, \"listView-innerSelectionPanelTable-listUl\")]/tbody/tr[15]/td[2]/div/div"}
COMMAND: POST /session/cdd2d6a6ff4e4121354b0ded879e8cf3/element - {"using":"xpath","value":"//table[contains(@id, \"listView-innerSelectionPanelTable-listUl\")]/tbody/tr[15]/td[2]/div"}
RESULT: {"using":"xpath","value":"//table[contains(@id, \"listView-innerSelectionPanelTable-listUl\")]/tbody/tr[15]/td[2]/div"}
COMMAND: POST /session/cdd2d6a6ff4e4121354b0ded879e8cf3/element - {"using":"xpath","value":"//table[contains(@id, \"listView-innerSelectionPanelTable-listUl\")]/tbody/tr[15]/td[3]/div/div/span/span[1]/bdi"}
RESULT: {"using":"xpath","value":"//table[contains(@id, \"listView-innerSelectionPanelTable-listUl\")]/tbody/tr[15]/td[3]/div/div/span/span[1]/bdi"}
COMMAND: POST /session/cdd2d6a6ff4e4121354b0ded879e8cf3/execute/sync - {"script":"<script> [56 bytes]","args":[{"element-6066-11e4-a52e-4f735466cecf":"f.3354A31769E1E4013F80CDE1D39C4690.d.8CBDA2F31F1EAD454007A7AAFD53CE57.e.6592","ELEMENT":"f.3354A31769E1E4013F80CDE1D39C4690.d.8CBDA2F31F1EAD454007A7AAFD53CE57.e.6592"}]}
RESULT: {"script":"<script> [56 bytes]","args":[{"element-6066-11e4-a52e-4f735466cecf":"f.3354A31769E1E4013F80CDE1D39C4690.d.8CBDA2F31F1EAD454007A7AAFD53CE57.e.6592","ELEMENT":"f.3354A31769E1E4013F80CDE1D39C4690.d.8CBDA2F31F1EAD454007A7AAFD53CE57.e.6592"}]}
COMMAND: GET /session/cdd2d6a6ff4e4121354b0ded879e8cf3/element/f.3354A31769E1E4013F80CDE1D39C4690.d.8CBDA2F31F1EAD454007A7AAFD53CE57.e.6591/attribute/aria-checked - {}
COMMAND: GET /session/cdd2d6a6ff4e4121354b0ded879e8cf3/screenshot - {}
RESULT: {}
COMMAND: POST /session/cdd2d6a6ff4e4121354b0ded879e8cf3/element - {"using":"xpath","value":"//table[contains(@id, \"listView-innerSelectionPanelTable-listUl\")]/tbody/tr[16]/td[2]/div/div"}
RESULT: {}
RESULT: {"using":"xpath","value":"//table[contains(@id, \"listView-innerSelectionPanelTable-listUl\")]/tbody/tr[16]/td[2]/div/div"}
COMMAND: POST /session/cdd2d6a6ff4e4121354b0ded879e8cf3/element - {"using":"xpath","value":"//table[contains(@id, \"listView-innerSelectionPanelTable-listUl\")]/tbody/tr[16]/td[2]/div"}
RESULT: {"using":"xpath","value":"//table[contains(@id, \"listView-innerSelectionPanelTable-listUl\")]/tbody/tr[16]/td[2]/div"}
COMMAND: POST /session/cdd2d6a6ff4e4121354b0ded879e8cf3/element - {"using":"xpath","value":"//table[contains(@id, \"listView-innerSelectionPanelTable-listUl\")]/tbody/tr[16]/td[3]/div/div/span/span[1]/bdi"}
RESULT: {"using":"xpath","value":"//table[contains(@id, \"listView-innerSelectionPanelTable-listUl\")]/tbody/tr[16]/td[3]/div/div/span/span[1]/bdi"}
COMMAND: POST /session/cdd2d6a6ff4e4121354b0ded879e8cf3/execute/sync - {"script":"<script> [56 bytes]","args":[{"element-6066-11e4-a52e-4f735466cecf":"f.3354A31769E1E4013F80CDE1D39C4690.d.8CBDA2F31F1EAD454007A7AAFD53CE57.e.6595","ELEMENT":"f.3354A31769E1E4013F80CDE1D39C4690.d.8CBDA2F31F1EAD454007A7AAFD53CE57.e.6595"}]}
RESULT: {"script":"<script> [56 bytes]","args":[{"element-6066-11e4-a52e-4f735466cecf":"f.3354A31769E1E4013F80CDE1D39C4690.d.8CBDA2F31F1EAD454007A7AAFD53CE57.e.6595","ELEMENT":"f.3354A31769E1E4013F80CDE1D39C4690.d.8CBDA2F31F1EAD454007A7AAFD53CE57.e.6595"}]}
COMMAND: GET /session/cdd2d6a6ff4e4121354b0ded879e8cf3/element/f.3354A31769E1E4013F80CDE1D39C4690.d.8CBDA2F31F1EAD454007A7AAFD53CE57.e.6594/attribute/aria-checked - {}
COMMAND: GET /session/cdd2d6a6ff4e4121354b0ded879e8cf3/screenshot - {}
RESULT: {}
COMMAND: POST /session/cdd2d6a6ff4e4121354b0ded879e8cf3/element - {"using":"xpath","value":"//table[contains(@id, \"listView-innerSelectionPanelTable-listUl\")]/tbody/tr[17]/td[2]/div/div"}
RESULT: {}
RESULT: {"using":"xpath","value":"//table[contains(@id, \"listView-innerSelectionPanelTable-listUl\")]/tbody/tr[17]/td[2]/div/div"}
COMMAND: POST /session/cdd2d6a6ff4e4121354b0ded879e8cf3/element - {"using":"xpath","value":"//table[contains(@id, \"listView-innerSelectionPanelTable-listUl\")]/tbody/tr[17]/td[2]/div"}
RESULT: {"using":"xpath","value":"//table[contains(@id, \"listView-innerSelectionPanelTable-listUl\")]/tbody/tr[17]/td[2]/div"}
COMMAND: POST /session/cdd2d6a6ff4e4121354b0ded879e8cf3/element - {"using":"xpath","value":"//table[contains(@id, \"listView-innerSelectionPanelTable-listUl\")]/tbody/tr[17]/td[3]/div/div/span/span[1]/bdi"}
RESULT: {"using":"xpath","value":"//table[contains(@id, \"listView-innerSelectionPanelTable-listUl\")]/tbody/tr[17]/td[3]/div/div/span/span[1]/bdi"}
COMMAND: POST /session/cdd2d6a6ff4e4121354b0ded879e8cf3/execute/sync - {"script":"<script> [56 bytes]","args":[{"element-6066-11e4-a52e-4f735466cecf":"f.3354A31769E1E4013F80CDE1D39C4690.d.8CBDA2F31F1EAD454007A7AAFD53CE57.e.6598","ELEMENT":"f.3354A31769E1E4013F80CDE1D39C4690.d.8CBDA2F31F1EAD454007A7AAFD53CE57.e.6598"}]}
RESULT: {"script":"<script> [56 bytes]","args":[{"element-6066-11e4-a52e-4f735466cecf":"f.3354A31769E1E4013F80CDE1D39C4690.d.8CBDA2F31F1EAD454007A7AAFD53CE57.e.6598","ELEMENT":"f.3354A31769E1E4013F80CDE1D39C4690.d.8CBDA2F31F1EAD454007A7AAFD53CE57.e.6598"}]}
COMMAND: GET /session/cdd2d6a6ff4e4121354b0ded879e8cf3/element/f.3354A31769E1E4013F80CDE1D39C4690.d.8CBDA2F31F1EAD454007A7AAFD53CE57.e.6597/attribute/aria-checked - {}
COMMAND: GET /session/cdd2d6a6ff4e4121354b0ded879e8cf3/screenshot - {}
RESULT: {}
COMMAND: POST /session/cdd2d6a6ff4e4121354b0ded879e8cf3/element - {"using":"xpath","value":"//table[contains(@id, \"listView-innerSelectionPanelTable-listUl\")]/tbody/tr[18]/td[2]/div/div"}
RESULT: {}
RESULT: {"using":"xpath","value":"//table[contains(@id, \"listView-innerSelectionPanelTable-listUl\")]/tbody/tr[18]/td[2]/div/div"}
COMMAND: POST /session/cdd2d6a6ff4e4121354b0ded879e8cf3/element - {"using":"xpath","value":"//table[contains(@id, \"listView-innerSelectionPanelTable-listUl\")]/tbody/tr[18]/td[2]/div"}
RESULT: {"using":"xpath","value":"//table[contains(@id, \"listView-innerSelectionPanelTable-listUl\")]/tbody/tr[18]/td[2]/div"}
COMMAND: POST /session/cdd2d6a6ff4e4121354b0ded879e8cf3/element - {"using":"xpath","value":"//table[contains(@id, \"listView-innerSelectionPanelTable-listUl\")]/tbody/tr[18]/td[3]/div/div/span/span[1]/bdi"}
RESULT: {"using":"xpath","value":"//table[contains(@id, \"listView-innerSelectionPanelTable-listUl\")]/tbody/tr[18]/td[3]/div/div/span/span[1]/bdi"}
COMMAND: POST /session/cdd2d6a6ff4e4121354b0ded879e8cf3/execute/sync - {"script":"<script> [56 bytes]","args":[{"element-6066-11e4-a52e-4f735466cecf":"f.3354A31769E1E4013F80CDE1D39C4690.d.8CBDA2F31F1EAD454007A7AAFD53CE57.e.6601","ELEMENT":"f.3354A31769E1E4013F80CDE1D39C4690.d.8CBDA2F31F1EAD454007A7AAFD53CE57.e.6601"}]}
RESULT: {"script":"<script> [56 bytes]","args":[{"element-6066-11e4-a52e-4f735466cecf":"f.3354A31769E1E4013F80CDE1D39C4690.d.8CBDA2F31F1EAD454007A7AAFD53CE57.e.6601","ELEMENT":"f.3354A31769E1E4013F80CDE1D39C4690.d.8CBDA2F31F1EAD454007A7AAFD53CE57.e.6601"}]}
COMMAND: GET /session/cdd2d6a6ff4e4121354b0ded879e8cf3/element/f.3354A31769E1E4013F80CDE1D39C4690.d.8CBDA2F31F1EAD454007A7AAFD53CE57.e.6600/attribute/aria-checked - {}
COMMAND: GET /session/cdd2d6a6ff4e4121354b0ded879e8cf3/screenshot - {}
RESULT: {}
COMMAND: POST /session/cdd2d6a6ff4e4121354b0ded879e8cf3/element - {"using":"xpath","value":"//table[contains(@id, \"listView-innerSelectionPanelTable-listUl\")]/tbody/tr[19]/td[2]/div/div"}
RESULT: {}
RESULT: {"using":"xpath","value":"//table[contains(@id, \"listView-innerSelectionPanelTable-listUl\")]/tbody/tr[19]/td[2]/div/div"}
COMMAND: POST /session/cdd2d6a6ff4e4121354b0ded879e8cf3/element - {"using":"xpath","value":"//table[contains(@id, \"listView-innerSelectionPanelTable-listUl\")]/tbody/tr[19]/td[2]/div"}
RESULT: {"using":"xpath","value":"//table[contains(@id, \"listView-innerSelectionPanelTable-listUl\")]/tbody/tr[19]/td[2]/div"}
COMMAND: POST /session/cdd2d6a6ff4e4121354b0ded879e8cf3/element - {"using":"xpath","value":"//table[contains(@id, \"listView-innerSelectionPanelTable-listUl\")]/tbody/tr[19]/td[3]/div/div/span/span[1]/bdi"}
RESULT: {"using":"xpath","value":"//table[contains(@id, \"listView-innerSelectionPanelTable-listUl\")]/tbody/tr[19]/td[3]/div/div/span/span[1]/bdi"}
COMMAND: POST /session/cdd2d6a6ff4e4121354b0ded879e8cf3/execute/sync - {"script":"<script> [56 bytes]","args":[{"element-6066-11e4-a52e-4f735466cecf":"f.3354A31769E1E4013F80CDE1D39C4690.d.8CBDA2F31F1EAD454007A7AAFD53CE57.e.6604","ELEMENT":"f.3354A31769E1E4013F80CDE1D39C4690.d.8CBDA2F31F1EAD454007A7AAFD53CE57.e.6604"}]}
RESULT: {"script":"<script> [56 bytes]","args":[{"element-6066-11e4-a52e-4f735466cecf":"f.3354A31769E1E4013F80CDE1D39C4690.d.8CBDA2F31F1EAD454007A7AAFD53CE57.e.6604","ELEMENT":"f.3354A31769E1E4013F80CDE1D39C4690.d.8CBDA2F31F1EAD454007A7AAFD53CE57.e.6604"}]}
COMMAND: GET /session/cdd2d6a6ff4e4121354b0ded879e8cf3/element/f.3354A31769E1E4013F80CDE1D39C4690.d.8CBDA2F31F1EAD454007A7AAFD53CE57.e.6603/attribute/aria-checked - {}
COMMAND: GET /session/cdd2d6a6ff4e4121354b0ded879e8cf3/screenshot - {}
RESULT: {}
COMMAND: POST /session/cdd2d6a6ff4e4121354b0ded879e8cf3/element - {"using":"xpath","value":"//table[contains(@id, \"listView-innerSelectionPanelTable-listUl\")]/tbody/tr[20]/td[2]/div/div"}
RESULT: {}
RESULT: {"using":"xpath","value":"//table[contains(@id, \"listView-innerSelectionPanelTable-listUl\")]/tbody/tr[20]/td[2]/div/div"}
COMMAND: POST /session/cdd2d6a6ff4e4121354b0ded879e8cf3/element - {"using":"xpath","value":"//table[contains(@id, \"listView-innerSelectionPanelTable-listUl\")]/tbody/tr[20]/td[2]/div"}
RESULT: {"using":"xpath","value":"//table[contains(@id, \"listView-innerSelectionPanelTable-listUl\")]/tbody/tr[20]/td[2]/div"}
COMMAND: POST /session/cdd2d6a6ff4e4121354b0ded879e8cf3/element - {"using":"xpath","value":"//table[contains(@id, \"listView-innerSelectionPanelTable-listUl\")]/tbody/tr[20]/td[3]/div/div/span/span[1]/bdi"}
RESULT: {"using":"xpath","value":"//table[contains(@id, \"listView-innerSelectionPanelTable-listUl\")]/tbody/tr[20]/td[3]/div/div/span/span[1]/bdi"}
COMMAND: POST /session/cdd2d6a6ff4e4121354b0ded879e8cf3/execute/sync - {"script":"<script> [56 bytes]","args":[{"element-6066-11e4-a52e-4f735466cecf":"f.3354A31769E1E4013F80CDE1D39C4690.d.8CBDA2F31F1EAD454007A7AAFD53CE57.e.6607","ELEMENT":"f.3354A31769E1E4013F80CDE1D39C4690.d.8CBDA2F31F1EAD454007A7AAFD53CE57.e.6607"}]}
RESULT: {"script":"<script> [56 bytes]","args":[{"element-6066-11e4-a52e-4f735466cecf":"f.3354A31769E1E4013F80CDE1D39C4690.d.8CBDA2F31F1EAD454007A7AAFD53CE57.e.6607","ELEMENT":"f.3354A31769E1E4013F80CDE1D39C4690.d.8CBDA2F31F1EAD454007A7AAFD53CE57.e.6607"}]}
COMMAND: GET /session/cdd2d6a6ff4e4121354b0ded879e8cf3/element/f.3354A31769E1E4013F80CDE1D39C4690.d.8CBDA2F31F1EAD454007A7AAFD53CE57.e.6606/attribute/aria-checked - {}
COMMAND: GET /session/cdd2d6a6ff4e4121354b0ded879e8cf3/screenshot - {}
RESULT: {}
COMMAND: POST /session/cdd2d6a6ff4e4121354b0ded879e8cf3/element - {"using":"xpath","value":"//table[contains(@id, \"listView-innerSelectionPanelTable-listUl\")]/tbody/tr[21]/td[2]/div/div"}
RESULT: {}
RESULT: {"using":"xpath","value":"//table[contains(@id, \"listView-innerSelectionPanelTable-listUl\")]/tbody/tr[21]/td[2]/div/div"}
COMMAND: POST /session/cdd2d6a6ff4e4121354b0ded879e8cf3/element - {"using":"xpath","value":"//table[contains(@id, \"listView-innerSelectionPanelTable-listUl\")]/tbody/tr[21]/td[2]/div"}
RESULT: {"using":"xpath","value":"//table[contains(@id, \"listView-innerSelectionPanelTable-listUl\")]/tbody/tr[21]/td[2]/div"}
COMMAND: POST /session/cdd2d6a6ff4e4121354b0ded879e8cf3/element - {"using":"xpath","value":"//table[contains(@id, \"listView-innerSelectionPanelTable-listUl\")]/tbody/tr[21]/td[3]/div/div/span/span[1]/bdi"}
RESULT: {"using":"xpath","value":"//table[contains(@id, \"listView-innerSelectionPanelTable-listUl\")]/tbody/tr[21]/td[3]/div/div/span/span[1]/bdi"}
COMMAND: POST /session/cdd2d6a6ff4e4121354b0ded879e8cf3/execute/sync - {"script":"<script> [56 bytes]","args":[{"element-6066-11e4-a52e-4f735466cecf":"f.3354A31769E1E4013F80CDE1D39C4690.d.8CBDA2F31F1EAD454007A7AAFD53CE57.e.6610","ELEMENT":"f.3354A31769E1E4013F80CDE1D39C4690.d.8CBDA2F31F1EAD454007A7AAFD53CE57.e.6610"}]}
RESULT: {"script":"<script> [56 bytes]","args":[{"element-6066-11e4-a52e-4f735466cecf":"f.3354A31769E1E4013F80CDE1D39C4690.d.8CBDA2F31F1EAD454007A7AAFD53CE57.e.6610","ELEMENT":"f.3354A31769E1E4013F80CDE1D39C4690.d.8CBDA2F31F1EAD454007A7AAFD53CE57.e.6610"}]}
COMMAND: GET /session/cdd2d6a6ff4e4121354b0ded879e8cf3/element/f.3354A31769E1E4013F80CDE1D39C4690.d.8CBDA2F31F1EAD454007A7AAFD53CE57.e.6609/attribute/aria-checked - {}
COMMAND: GET /session/cdd2d6a6ff4e4121354b0ded879e8cf3/screenshot - {}
RESULT: {}
COMMAND: POST /session/cdd2d6a6ff4e4121354b0ded879e8cf3/element - {"using":"xpath","value":"//table[contains(@id, \"listView-innerSelectionPanelTable-listUl\")]/tbody/tr[22]/td[2]/div/div"}
RESULT: {}
RESULT: {"using":"xpath","value":"//table[contains(@id, \"listView-innerSelectionPanelTable-listUl\")]/tbody/tr[22]/td[2]/div/div"}
COMMAND: POST /session/cdd2d6a6ff4e4121354b0ded879e8cf3/element - {"using":"xpath","value":"//table[contains(@id, \"listView-innerSelectionPanelTable-listUl\")]/tbody/tr[22]/td[2]/div"}
RESULT: {"using":"xpath","value":"//table[contains(@id, \"listView-innerSelectionPanelTable-listUl\")]/tbody/tr[22]/td[2]/div"}
COMMAND: POST /session/cdd2d6a6ff4e4121354b0ded879e8cf3/element - {"using":"xpath","value":"//table[contains(@id, \"listView-innerSelectionPanelTable-listUl\")]/tbody/tr[22]/td[3]/div/div/span/span[1]/bdi"}
RESULT: {"using":"xpath","value":"//table[contains(@id, \"listView-innerSelectionPanelTable-listUl\")]/tbody/tr[22]/td[3]/div/div/span/span[1]/bdi"}
COMMAND: POST /session/cdd2d6a6ff4e4121354b0ded879e8cf3/execute/sync - {"script":"<script> [56 bytes]","args":[{"element-6066-11e4-a52e-4f735466cecf":"f.3354A31769E1E4013F80CDE1D39C4690.d.8CBDA2F31F1EAD454007A7AAFD53CE57.e.6613","ELEMENT":"f.3354A31769E1E4013F80CDE1D39C4690.d.8CBDA2F31F1EAD454007A7AAFD53CE57.e.6613"}]}
RESULT: {"script":"<script> [56 bytes]","args":[{"element-6066-11e4-a52e-4f735466cecf":"f.3354A31769E1E4013F80CDE1D39C4690.d.8CBDA2F31F1EAD454007A7AAFD53CE57.e.6613","ELEMENT":"f.3354A31769E1E4013F80CDE1D39C4690.d.8CBDA2F31F1EAD454007A7AAFD53CE57.e.6613"}]}
COMMAND: GET /session/cdd2d6a6ff4e4121354b0ded879e8cf3/element/f.3354A31769E1E4013F80CDE1D39C4690.d.8CBDA2F31F1EAD454007A7AAFD53CE57.e.6612/attribute/aria-checked - {}
COMMAND: GET /session/cdd2d6a6ff4e4121354b0ded879e8cf3/screenshot - {}
RESULT: {}
COMMAND: POST /session/cdd2d6a6ff4e4121354b0ded879e8cf3/element - {"using":"xpath","value":"//table[contains(@id, \"listView-innerSelectionPanelTable-listUl\")]/tbody/tr[23]/td[2]/div/div"}
RESULT: {}
RESULT: {"using":"xpath","value":"//table[contains(@id, \"listView-innerSelectionPanelTable-listUl\")]/tbody/tr[23]/td[2]/div/div"}
COMMAND: POST /session/cdd2d6a6ff4e4121354b0ded879e8cf3/element - {"using":"xpath","value":"//table[contains(@id, \"listView-innerSelectionPanelTable-listUl\")]/tbody/tr[23]/td[2]/div"}
RESULT: {"using":"xpath","value":"//table[contains(@id, \"listView-innerSelectionPanelTable-listUl\")]/tbody/tr[23]/td[2]/div"}
COMMAND: POST /session/cdd2d6a6ff4e4121354b0ded879e8cf3/element - {"using":"xpath","value":"//table[contains(@id, \"listView-innerSelectionPanelTable-listUl\")]/tbody/tr[23]/td[3]/div/div/span/span[1]/bdi"}
RESULT: {"using":"xpath","value":"//table[contains(@id, \"listView-innerSelectionPanelTable-listUl\")]/tbody/tr[23]/td[3]/div/div/span/span[1]/bdi"}
COMMAND: POST /session/cdd2d6a6ff4e4121354b0ded879e8cf3/execute/sync - {"script":"<script> [56 bytes]","args":[{"element-6066-11e4-a52e-4f735466cecf":"f.3354A31769E1E4013F80CDE1D39C4690.d.8CBDA2F31F1EAD454007A7AAFD53CE57.e.6616","ELEMENT":"f.3354A31769E1E4013F80CDE1D39C4690.d.8CBDA2F31F1EAD454007A7AAFD53CE57.e.6616"}]}
RESULT: {"script":"<script> [56 bytes]","args":[{"element-6066-11e4-a52e-4f735466cecf":"f.3354A31769E1E4013F80CDE1D39C4690.d.8CBDA2F31F1EAD454007A7AAFD53CE57.e.6616","ELEMENT":"f.3354A31769E1E4013F80CDE1D39C4690.d.8CBDA2F31F1EAD454007A7AAFD53CE57.e.6616"}]}
COMMAND: GET /session/cdd2d6a6ff4e4121354b0ded879e8cf3/element/f.3354A31769E1E4013F80CDE1D39C4690.d.8CBDA2F31F1EAD454007A7AAFD53CE57.e.6615/attribute/aria-checked - {}
COMMAND: GET /session/cdd2d6a6ff4e4121354b0ded879e8cf3/screenshot - {}
RESULT: {}
COMMAND: POST /session/cdd2d6a6ff4e4121354b0ded879e8cf3/element - {"using":"xpath","value":"//table[contains(@id, \"listView-innerSelectionPanelTable-listUl\")]/tbody/tr[24]/td[2]/div/div"}
RESULT: {}
RESULT: {"using":"xpath","value":"//table[contains(@id, \"listView-innerSelectionPanelTable-listUl\")]/tbody/tr[24]/td[2]/div/div"}
COMMAND: POST /session/cdd2d6a6ff4e4121354b0ded879e8cf3/element - {"using":"xpath","value":"//table[contains(@id, \"listView-innerSelectionPanelTable-listUl\")]/tbody/tr[24]/td[2]/div"}
RESULT: {"using":"xpath","value":"//table[contains(@id, \"listView-innerSelectionPanelTable-listUl\")]/tbody/tr[24]/td[2]/div"}
COMMAND: POST /session/cdd2d6a6ff4e4121354b0ded879e8cf3/element - {"using":"xpath","value":"//table[contains(@id, \"listView-innerSelectionPanelTable-listUl\")]/tbody/tr[24]/td[3]/div/div/span/span[1]/bdi"}
RESULT: {"using":"xpath","value":"//table[contains(@id, \"listView-innerSelectionPanelTable-listUl\")]/tbody/tr[24]/td[3]/div/div/span/span[1]/bdi"}
COMMAND: POST /session/cdd2d6a6ff4e4121354b0ded879e8cf3/execute/sync - {"script":"<script> [56 bytes]","args":[{"element-6066-11e4-a52e-4f735466cecf":"f.3354A31769E1E4013F80CDE1D39C4690.d.8CBDA2F31F1EAD454007A7AAFD53CE57.e.6619","ELEMENT":"f.3354A31769E1E4013F80CDE1D39C4690.d.8CBDA2F31F1EAD454007A7AAFD53CE57.e.6619"}]}
RESULT: {"script":"<script> [56 bytes]","args":[{"element-6066-11e4-a52e-4f735466cecf":"f.3354A31769E1E4013F80CDE1D39C4690.d.8CBDA2F31F1EAD454007A7AAFD53CE57.e.6619","ELEMENT":"f.3354A31769E1E4013F80CDE1D39C4690.d.8CBDA2F31F1EAD454007A7AAFD53CE57.e.6619"}]}
COMMAND: GET /session/cdd2d6a6ff4e4121354b0ded879e8cf3/element/f.3354A31769E1E4013F80CDE1D39C4690.d.8CBDA2F31F1EAD454007A7AAFD53CE57.e.6618/attribute/aria-checked - {}
COMMAND: GET /session/cdd2d6a6ff4e4121354b0ded879e8cf3/screenshot - {}
RESULT: {}
COMMAND: POST /session/cdd2d6a6ff4e4121354b0ded879e8cf3/element - {"using":"xpath","value":"//table[contains(@id, \"listView-innerSelectionPanelTable-listUl\")]/tbody/tr[25]/td[2]/div/div"}
RESULT: {}
RESULT: {"using":"xpath","value":"//table[contains(@id, \"listView-innerSelectionPanelTable-listUl\")]/tbody/tr[25]/td[2]/div/div"}
COMMAND: POST /session/cdd2d6a6ff4e4121354b0ded879e8cf3/element - {"using":"xpath","value":"//table[contains(@id, \"listView-innerSelectionPanelTable-listUl\")]/tbody/tr[25]/td[2]/div"}
RESULT: {"using":"xpath","value":"//table[contains(@id, \"listView-innerSelectionPanelTable-listUl\")]/tbody/tr[25]/td[2]/div"}
COMMAND: POST /session/cdd2d6a6ff4e4121354b0ded879e8cf3/element - {"using":"xpath","value":"//table[contains(@id, \"listView-innerSelectionPanelTable-listUl\")]/tbody/tr[25]/td[3]/div/div/span/span[1]/bdi"}
RESULT: {"using":"xpath","value":"//table[contains(@id, \"listView-innerSelectionPanelTable-listUl\")]/tbody/tr[25]/td[3]/div/div/span/span[1]/bdi"}
COMMAND: POST /session/cdd2d6a6ff4e4121354b0ded879e8cf3/execute/sync - {"script":"<script> [56 bytes]","args":[{"element-6066-11e4-a52e-4f735466cecf":"f.3354A31769E1E4013F80CDE1D39C4690.d.8CBDA2F31F1EAD454007A7AAFD53CE57.e.6622","ELEMENT":"f.3354A31769E1E4013F80CDE1D39C4690.d.8CBDA2F31F1EAD454007A7AAFD53CE57.e.6622"}]}
RESULT: {"script":"<script> [56 bytes]","args":[{"element-6066-11e4-a52e-4f735466cecf":"f.3354A31769E1E4013F80CDE1D39C4690.d.8CBDA2F31F1EAD454007A7AAFD53CE57.e.6622","ELEMENT":"f.3354A31769E1E4013F80CDE1D39C4690.d.8CBDA2F31F1EAD454007A7AAFD53CE57.e.6622"}]}
COMMAND: GET /session/cdd2d6a6ff4e4121354b0ded879e8cf3/element/f.3354A31769E1E4013F80CDE1D39C4690.d.8CBDA2F31F1EAD454007A7AAFD53CE57.e.6621/attribute/aria-checked - {}
COMMAND: GET /session/cdd2d6a6ff4e4121354b0ded879e8cf3/screenshot - {}
RESULT: {}
COMMAND: POST /session/cdd2d6a6ff4e4121354b0ded879e8cf3/element - {"using":"xpath","value":"//bdi[contains(text(), \"OK\")]"}
RESULT: {}
RESULT: {"using":"xpath","value":"//bdi[contains(text(), \"OK\")]"}
COMMAND: POST /session/cdd2d6a6ff4e4121354b0ded879e8cf3/element/f.3354A31769E1E4013F80CDE1D39C4690.d.8CBDA2F31F1EAD454007A7AAFD53CE57.e.6623/click - {}
RESULT: {}
COMMAND: GET /session/cdd2d6a6ff4e4121354b0ded879e8cf3/screenshot - {}
RESULT: {}
COMMAND: POST /session/cdd2d6a6ff4e4121354b0ded879e8cf3/execute/async - {"script":"<script> [1562 bytes]","args":[{"selector":{"id":"application-managepartners-display-component---masterPtm--smartFilterBar-filterItemControlA_-LINK_TO_ADDRESSES_MAIN.CITY1-vhi"},"wdio_ui5_key":"applicationmanagepartners-display-component---masterPtm--smartFilterBar-filterItemControlA_-LINK_TO_ADDRESSES_MAIN.CITY1-vhi"}]}
RESULT: {"script":"<script> [1562 bytes]","args":[{"selector":{"id":"application-managepartners-display-component---masterPtm--smartFilterBar-filterItemControlA_-LINK_TO_ADDRESSES_MAIN.CITY1-vhi"},"wdio_ui5_key":"applicationmanagepartners-display-component---masterPtm--smartFilterBar-filterItemControlA_-LINK_TO_ADDRESSES_MAIN.CITY1-vhi"}]}
RESULT: undefined
COMMAND: POST /session/cdd2d6a6ff4e4121354b0ded879e8cf3/element - {"using":"xpath","value":"//*[@id=\"application-managepartners-display-component---masterPtm--smartFilterBar-filterItemControlA_-LINK_TO_ADDRESSES_MAIN.CITY1-vhi\"]"}
RESULT: {"using":"xpath","value":"//*[@id=\"application-managepartners-display-component---masterPtm--smartFilterBar-filterItemControlA_-LINK_TO_ADDRESSES_MAIN.CITY1-vhi\"]"}
COMMAND: POST /session/cdd2d6a6ff4e4121354b0ded879e8cf3/element/f.3354A31769E1E4013F80CDE1D39C4690.d.8CBDA2F31F1EAD454007A7AAFD53CE57.e.6637/click - {}
RESULT: {}
COMMAND: GET /session/cdd2d6a6ff4e4121354b0ded879e8cf3/screenshot - {}
RESULT: {}
COMMAND: POST /session/cdd2d6a6ff4e4121354b0ded879e8cf3/execute/async - {"script":"<script> [1562 bytes]","args":[{"selector":{"controlType":"sap.m.Input","viewName":"etm.portal.ui.managepartners.view.Master","viewId":"application-managepartners-display-component---masterPtm","properties":{"valueState":"None"},"searchOpenDialogs":true,"interaction":{"idSuffix":"inner"}},"wdio_ui5_key":"etmportal.ui.managepartners.view.Mastersap.m.Input{\"valueState\":\"None\"}"}]}
RESULT: {"script":"<script> [1562 bytes]","args":[{"selector":{"controlType":"sap.m.Input","viewName":"etm.portal.ui.managepartners.view.Master","viewId":"application-managepartners-display-component---masterPtm","properties":{"valueState":"None"},"searchOpenDialogs":true,"interaction":{"idSuffix":"inner"}},"wdio_ui5_key":"etmportal.ui.managepartners.view.Mastersap.m.Input{\"valueState\":\"None\"}"}]}
RESULT: undefined
COMMAND: POST /session/cdd2d6a6ff4e4121354b0ded879e8cf3/execute/async - {"script":"<script> [776 bytes]","args":[{"enterText":"Bangalore","selector":{"controlType":"sap.m.Input","viewName":"etm.portal.ui.managepartners.view.Master","viewId":"application-managepartners-display-component---masterPtm","properties":{"valueState":"None"},"searchOpenDialogs":true,"interaction":{"idSuffix":"inner"}},"clearTextFirst":true,"interactionType":"ENTER_TEXT"}]}
RESULT: {"script":"<script> [776 bytes]","args":[{"enterText":"Bangalore","selector":{"controlType":"sap.m.Input","viewName":"etm.portal.ui.managepartners.view.Master","viewId":"application-managepartners-display-component---masterPtm","properties":{"valueState":"None"},"searchOpenDialogs":true,"interaction":{"idSuffix":"inner"}},"clearTextFirst":true,"interactionType":"ENTER_TEXT"}]}
COMMAND: POST /session/cdd2d6a6ff4e4121354b0ded879e8cf3/actions - {"actions":[{"id":"action21","type":"key","parameters":{},"actions":[{"type":"keyDown","value":""},{"type":"pause","duration":10},{"type":"keyUp","value":""}]}]}
RESULT: {"actions":[{"id":"action21","type":"key","parameters":{},"actions":[{"type":"keyDown","value":""},{"type":"pause","duration":10},{"type":"keyUp","value":""}]}]}
COMMAND: GET /session/cdd2d6a6ff4e4121354b0ded879e8cf3/screenshot - {}
RESULT: {}
COMMAND: POST /session/cdd2d6a6ff4e4121354b0ded879e8cf3/element - {"using":"xpath","value":"(//bdi[contains(text(), \"OK\")])[1]"}
RESULT: {"using":"xpath","value":"(//bdi[contains(text(), \"OK\")])[1]"}
COMMAND: POST /session/cdd2d6a6ff4e4121354b0ded879e8cf3/element/f.3354A31769E1E4013F80CDE1D39C4690.d.8CBDA2F31F1EAD454007A7AAFD53CE57.e.6643/click - {}
RESULT: {}
COMMAND: GET /session/cdd2d6a6ff4e4121354b0ded879e8cf3/screenshot - {}
RESULT: {}
COMMAND: POST /session/cdd2d6a6ff4e4121354b0ded879e8cf3/element - {"using":"xpath","value":"//span[@id=\"application-managepartners-display-component---masterPtm--smartTable-header-inner\"]"}
RESULT: {"using":"xpath","value":"//span[@id=\"application-managepartners-display-component---masterPtm--smartTable-header-inner\"]"}
COMMAND: POST /session/cdd2d6a6ff4e4121354b0ded879e8cf3/elements - {"using":"xpath","value":"//span[@id=\"application-managepartners-display-component---masterPtm--smartTable-header-inner\"]"}
RESULT: {"using":"xpath","value":"//span[@id=\"application-managepartners-display-component---masterPtm--smartTable-header-inner\"]"}
COMMAND: POST /session/cdd2d6a6ff4e4121354b0ded879e8cf3/execute/sync - {"script":"<script> [56 bytes]","args":[{"element-6066-11e4-a52e-4f735466cecf":"f.3354A31769E1E4013F80CDE1D39C4690.d.8CBDA2F31F1EAD454007A7AAFD53CE57.e.5764","ELEMENT":"f.3354A31769E1E4013F80CDE1D39C4690.d.8CBDA2F31F1EAD454007A7AAFD53CE57.e.5764"}]}
RESULT: {"script":"<script> [56 bytes]","args":[{"element-6066-11e4-a52e-4f735466cecf":"f.3354A31769E1E4013F80CDE1D39C4690.d.8CBDA2F31F1EAD454007A7AAFD53CE57.e.5764","ELEMENT":"f.3354A31769E1E4013F80CDE1D39C4690.d.8CBDA2F31F1EAD454007A7AAFD53CE57.e.5764"}]}
COMMAND: POST /session/cdd2d6a6ff4e4121354b0ded879e8cf3/element - {"using":"xpath","value":"//span[contains(@title, \"Remove\")]"}
COMMAND: GET /session/cdd2d6a6ff4e4121354b0ded879e8cf3/screenshot - {}
RESULT: {"using":"xpath","value":"//span[contains(@title, \"Remove\")]"}
COMMAND: POST /session/cdd2d6a6ff4e4121354b0ded879e8cf3/element/f.3354A31769E1E4013F80CDE1D39C4690.d.8CBDA2F31F1EAD454007A7AAFD53CE57.e.6807/click - {}
RESULT: {}
RESULT: {}
COMMAND: GET /session/cdd2d6a6ff4e4121354b0ded879e8cf3/screenshot - {}
RESULT: {}
COMMAND: POST /session/cdd2d6a6ff4e4121354b0ded879e8cf3/element - {"using":"xpath","value":"//span[@id=\"application-managepartners-display-component---masterPtm--smartTable-header-inner\"]"}
RESULT: {"using":"xpath","value":"//span[@id=\"application-managepartners-display-component---masterPtm--smartTable-header-inner\"]"}
COMMAND: POST /session/cdd2d6a6ff4e4121354b0ded879e8cf3/elements - {"using":"xpath","value":"//span[@id=\"application-managepartners-display-component---masterPtm--smartTable-header-inner\"]"}
RESULT: {"using":"xpath","value":"//span[@id=\"application-managepartners-display-component---masterPtm--smartTable-header-inner\"]"}
COMMAND: POST /session/cdd2d6a6ff4e4121354b0ded879e8cf3/execute/sync - {"script":"<script> [56 bytes]","args":[{"element-6066-11e4-a52e-4f735466cecf":"f.3354A31769E1E4013F80CDE1D39C4690.d.8CBDA2F31F1EAD454007A7AAFD53CE57.e.5764","ELEMENT":"f.3354A31769E1E4013F80CDE1D39C4690.d.8CBDA2F31F1EAD454007A7AAFD53CE57.e.5764"}]}
RESULT: {"script":"<script> [56 bytes]","args":[{"element-6066-11e4-a52e-4f735466cecf":"f.3354A31769E1E4013F80CDE1D39C4690.d.8CBDA2F31F1EAD454007A7AAFD53CE57.e.5764","ELEMENT":"f.3354A31769E1E4013F80CDE1D39C4690.d.8CBDA2F31F1EAD454007A7AAFD53CE57.e.5764"}]}
COMMAND: POST /session/cdd2d6a6ff4e4121354b0ded879e8cf3/element - {"using":"css selector","value":"#shell-header-logo"}
COMMAND: GET /session/cdd2d6a6ff4e4121354b0ded879e8cf3/screenshot - {}
RESULT: {"using":"css selector","value":"#shell-header-logo"}
COMMAND: POST /session/cdd2d6a6ff4e4121354b0ded879e8cf3/element/f.3354A31769E1E4013F80CDE1D39C4690.d.8CBDA2F31F1EAD454007A7AAFD53CE57.e.5595/click - {}
RESULT: {}
RESULT: {}
COMMAND: GET /session/cdd2d6a6ff4e4121354b0ded879e8cf3/screenshot - {}
RESULT: {}
]]></system-out>
    </testcase>
    <testcase classname="chrome.135_0_7049_42.windows.Partner_specific_tests_US150819_US151080_US151654_US151176_US103444_US151078_US151079_US151109_US151174_US151175_US151189" name="Should try to save empty partner US151174" time="47.447">
      <system-out><![CDATA[
COMMAND: POST /session/cdd2d6a6ff4e4121354b0ded879e8cf3/element - {"using":"xpath","value":"//li[.//span[text()=\"Manage Partners\"]]"}
RESULT: {"using":"xpath","value":"//li[.//span[text()=\"Manage Partners\"]]"}
COMMAND: POST /session/cdd2d6a6ff4e4121354b0ded879e8cf3/element - {"using":"xpath","value":"//li[.//span[text()=\"Manage Partners\"]]"}
RESULT: {"using":"xpath","value":"//li[.//span[text()=\"Manage Partners\"]]"}
COMMAND: POST /session/cdd2d6a6ff4e4121354b0ded879e8cf3/element - {"using":"css selector","value":"#shell-header-logo"}
RESULT: {"using":"css selector","value":"#shell-header-logo"}
COMMAND: POST /session/cdd2d6a6ff4e4121354b0ded879e8cf3/element/f.3354A31769E1E4013F80CDE1D39C4690.d.8CBDA2F31F1EAD454007A7AAFD53CE57.e.6895/click - {}
COMMAND: POST /session/cdd2d6a6ff4e4121354b0ded879e8cf3/execute/sync - {"script":"<script> [8489 bytes]","args":[{"element-6066-11e4-a52e-4f735466cecf":"f.3354A31769E1E4013F80CDE1D39C4690.d.8CBDA2F31F1EAD454007A7AAFD53CE57.e.6895","ELEMENT":"f.3354A31769E1E4013F80CDE1D39C4690.d.8CBDA2F31F1EAD454007A7AAFD53CE57.e.6895"}]}
RESULT: {}
COMMAND: GET /session/cdd2d6a6ff4e4121354b0ded879e8cf3/screenshot - {}
RESULT: {"script":"<script> [8489 bytes]","args":[{"element-6066-11e4-a52e-4f735466cecf":"f.3354A31769E1E4013F80CDE1D39C4690.d.8CBDA2F31F1EAD454007A7AAFD53CE57.e.6895","ELEMENT":"f.3354A31769E1E4013F80CDE1D39C4690.d.8CBDA2F31F1EAD454007A7AAFD53CE57.e.6895"}]}
COMMAND: POST /session/cdd2d6a6ff4e4121354b0ded879e8cf3/execute/sync - {"script":"<script> [5351 bytes]","args":[{"element-6066-11e4-a52e-4f735466cecf":"f.3354A31769E1E4013F80CDE1D39C4690.d.8CBDA2F31F1EAD454007A7AAFD53CE57.e.6895","ELEMENT":"f.3354A31769E1E4013F80CDE1D39C4690.d.8CBDA2F31F1EAD454007A7AAFD53CE57.e.6895"}]}
COMMAND: GET /session/cdd2d6a6ff4e4121354b0ded879e8cf3/screenshot - {}
RESULT: {}
RESULT: {"script":"<script> [5351 bytes]","args":[{"element-6066-11e4-a52e-4f735466cecf":"f.3354A31769E1E4013F80CDE1D39C4690.d.8CBDA2F31F1EAD454007A7AAFD53CE57.e.6895","ELEMENT":"f.3354A31769E1E4013F80CDE1D39C4690.d.8CBDA2F31F1EAD454007A7AAFD53CE57.e.6895"}]}
COMMAND: GET /session/cdd2d6a6ff4e4121354b0ded879e8cf3/screenshot - {}
RESULT: {}
RESULT: {}
RESULT: undefined
COMMAND: POST /session/cdd2d6a6ff4e4121354b0ded879e8cf3/element - {"using":"xpath","value":"//*[@id=\"__tile30\"]"}
RESULT: {"using":"xpath","value":"//*[@id=\"__tile30\"]"}
COMMAND: POST /session/cdd2d6a6ff4e4121354b0ded879e8cf3/element/f.3354A31769E1E4013F80CDE1D39C4690.d.8CBDA2F31F1EAD454007A7AAFD53CE57.e.4486/click - {}
RESULT: {}
COMMAND: POST /session/cdd2d6a6ff4e4121354b0ded879e8cf3/element - {"using":"xpath","value":"//button[@data-kt=\"addButton\"]"}
COMMAND: GET /session/cdd2d6a6ff4e4121354b0ded879e8cf3/screenshot - {}
RESULT: {"using":"xpath","value":"//button[@data-kt=\"addButton\"]"}
COMMAND: POST /session/cdd2d6a6ff4e4121354b0ded879e8cf3/elements - {"using":"xpath","value":"//button[@data-kt=\"addButton\"]"}
RESULT: {}
RESULT: {"using":"xpath","value":"//button[@data-kt=\"addButton\"]"}
COMMAND: POST /session/cdd2d6a6ff4e4121354b0ded879e8cf3/element - {"using":"xpath","value":"//button[@data-kt=\"addButton\"]"}
RESULT: {"using":"xpath","value":"//button[@data-kt=\"addButton\"]"}
COMMAND: POST /session/cdd2d6a6ff4e4121354b0ded879e8cf3/execute/sync - {"script":"<script> [8489 bytes]","args":[{"element-6066-11e4-a52e-4f735466cecf":"f.3354A31769E1E4013F80CDE1D39C4690.d.8CBDA2F31F1EAD454007A7AAFD53CE57.e.6941","ELEMENT":"f.3354A31769E1E4013F80CDE1D39C4690.d.8CBDA2F31F1EAD454007A7AAFD53CE57.e.6941"}]}
RESULT: {"script":"<script> [8489 bytes]","args":[{"element-6066-11e4-a52e-4f735466cecf":"f.3354A31769E1E4013F80CDE1D39C4690.d.8CBDA2F31F1EAD454007A7AAFD53CE57.e.6941","ELEMENT":"f.3354A31769E1E4013F80CDE1D39C4690.d.8CBDA2F31F1EAD454007A7AAFD53CE57.e.6941"}]}
COMMAND: GET /session/cdd2d6a6ff4e4121354b0ded879e8cf3/element/f.3354A31769E1E4013F80CDE1D39C4690.d.8CBDA2F31F1EAD454007A7AAFD53CE57.e.6941/enabled - {}
COMMAND: GET /session/cdd2d6a6ff4e4121354b0ded879e8cf3/screenshot - {}
RESULT: {}
COMMAND: POST /session/cdd2d6a6ff4e4121354b0ded879e8cf3/execute/sync - {"script":"<script> [8489 bytes]","args":[{"element-6066-11e4-a52e-4f735466cecf":"f.3354A31769E1E4013F80CDE1D39C4690.d.8CBDA2F31F1EAD454007A7AAFD53CE57.e.6941","ELEMENT":"f.3354A31769E1E4013F80CDE1D39C4690.d.8CBDA2F31F1EAD454007A7AAFD53CE57.e.6941"}]}
COMMAND: GET /session/cdd2d6a6ff4e4121354b0ded879e8cf3/screenshot - {}
RESULT: {}
RESULT: {"script":"<script> [8489 bytes]","args":[{"element-6066-11e4-a52e-4f735466cecf":"f.3354A31769E1E4013F80CDE1D39C4690.d.8CBDA2F31F1EAD454007A7AAFD53CE57.e.6941","ELEMENT":"f.3354A31769E1E4013F80CDE1D39C4690.d.8CBDA2F31F1EAD454007A7AAFD53CE57.e.6941"}]}
COMMAND: POST /session/cdd2d6a6ff4e4121354b0ded879e8cf3/execute/sync - {"script":"<script> [5351 bytes]","args":[{"element-6066-11e4-a52e-4f735466cecf":"f.3354A31769E1E4013F80CDE1D39C4690.d.8CBDA2F31F1EAD454007A7AAFD53CE57.e.6941","ELEMENT":"f.3354A31769E1E4013F80CDE1D39C4690.d.8CBDA2F31F1EAD454007A7AAFD53CE57.e.6941"}]}
COMMAND: GET /session/cdd2d6a6ff4e4121354b0ded879e8cf3/screenshot - {}
RESULT: {}
RESULT: {"script":"<script> [5351 bytes]","args":[{"element-6066-11e4-a52e-4f735466cecf":"f.3354A31769E1E4013F80CDE1D39C4690.d.8CBDA2F31F1EAD454007A7AAFD53CE57.e.6941","ELEMENT":"f.3354A31769E1E4013F80CDE1D39C4690.d.8CBDA2F31F1EAD454007A7AAFD53CE57.e.6941"}]}
COMMAND: POST /session/cdd2d6a6ff4e4121354b0ded879e8cf3/element/f.3354A31769E1E4013F80CDE1D39C4690.d.8CBDA2F31F1EAD454007A7AAFD53CE57.e.6941/click - {}
COMMAND: GET /session/cdd2d6a6ff4e4121354b0ded879e8cf3/screenshot - {}
RESULT: {}
RESULT: {}
COMMAND: GET /session/cdd2d6a6ff4e4121354b0ded879e8cf3/screenshot - {}
COMMAND: POST /session/cdd2d6a6ff4e4121354b0ded879e8cf3/element - {"using":"xpath","value":"//button[@data-kt=\"saveButton\"]"}
RESULT: {}
RESULT: {}
RESULT: {"using":"xpath","value":"//button[@data-kt=\"saveButton\"]"}
COMMAND: POST /session/cdd2d6a6ff4e4121354b0ded879e8cf3/element/f.3354A31769E1E4013F80CDE1D39C4690.d.8CBDA2F31F1EAD454007A7AAFD53CE57.e.7348/click - {}
RESULT: {}
COMMAND: GET /session/cdd2d6a6ff4e4121354b0ded879e8cf3/screenshot - {}
RESULT: {}
COMMAND: POST /session/cdd2d6a6ff4e4121354b0ded879e8cf3/element - {"using":"xpath","value":"//span[contains(@class, \"sapMMsgBoxText\")]"}
RESULT: {"using":"xpath","value":"//span[contains(@class, \"sapMMsgBoxText\")]"}
COMMAND: POST /session/cdd2d6a6ff4e4121354b0ded879e8cf3/execute/sync - {"script":"<script> [56 bytes]","args":[{"element-6066-11e4-a52e-4f735466cecf":"f.3354A31769E1E4013F80CDE1D39C4690.d.8CBDA2F31F1EAD454007A7AAFD53CE57.e.7373","ELEMENT":"f.3354A31769E1E4013F80CDE1D39C4690.d.8CBDA2F31F1EAD454007A7AAFD53CE57.e.7373"}]}
RESULT: {"script":"<script> [56 bytes]","args":[{"element-6066-11e4-a52e-4f735466cecf":"f.3354A31769E1E4013F80CDE1D39C4690.d.8CBDA2F31F1EAD454007A7AAFD53CE57.e.7373","ELEMENT":"f.3354A31769E1E4013F80CDE1D39C4690.d.8CBDA2F31F1EAD454007A7AAFD53CE57.e.7373"}]}
COMMAND: POST /session/cdd2d6a6ff4e4121354b0ded879e8cf3/element - {"using":"xpath","value":"(//bdi[contains(text(), \"Close\")])[1]"}
COMMAND: POST /session/cdd2d6a6ff4e4121354b0ded879e8cf3/elements - {"using":"xpath","value":"//span[contains(@class, \"sapMMsgBoxText\")]"}
COMMAND: GET /session/cdd2d6a6ff4e4121354b0ded879e8cf3/screenshot - {}
RESULT: {"using":"xpath","value":"//span[contains(@class, \"sapMMsgBoxText\")]"}
RESULT: {"using":"xpath","value":"(//bdi[contains(text(), \"Close\")])[1]"}
COMMAND: POST /session/cdd2d6a6ff4e4121354b0ded879e8cf3/element/f.3354A31769E1E4013F80CDE1D39C4690.d.8CBDA2F31F1EAD454007A7AAFD53CE57.e.7374/click - {}
RESULT: {}
RESULT: {}
COMMAND: GET /session/cdd2d6a6ff4e4121354b0ded879e8cf3/screenshot - {}
RESULT: {}
COMMAND: POST /session/cdd2d6a6ff4e4121354b0ded879e8cf3/element - {"using":"css selector","value":"#shell-header-logo"}
RESULT: {"using":"css selector","value":"#shell-header-logo"}
COMMAND: POST /session/cdd2d6a6ff4e4121354b0ded879e8cf3/element/f.3354A31769E1E4013F80CDE1D39C4690.d.8CBDA2F31F1EAD454007A7AAFD53CE57.e.6895/click - {}
RESULT: {}
COMMAND: GET /session/cdd2d6a6ff4e4121354b0ded879e8cf3/screenshot - {}
RESULT: {}
]]></system-out>
    </testcase>
    <testcase classname="chrome.135_0_7049_42.windows.Partner_specific_tests_US150819_US151080_US151654_US151176_US103444_US151078_US151079_US151109_US151174_US151175_US151189" name="Should do various searches US151175" time="155.813">
      <system-out><![CDATA[
COMMAND: POST /session/cdd2d6a6ff4e4121354b0ded879e8cf3/element - {"using":"xpath","value":"//li[.//span[text()=\"Manage Partners\"]]"}
RESULT: {"using":"xpath","value":"//li[.//span[text()=\"Manage Partners\"]]"}
COMMAND: POST /session/cdd2d6a6ff4e4121354b0ded879e8cf3/element - {"using":"xpath","value":"//li[.//span[text()=\"Manage Partners\"]]"}
RESULT: {"using":"xpath","value":"//li[.//span[text()=\"Manage Partners\"]]"}
COMMAND: POST /session/cdd2d6a6ff4e4121354b0ded879e8cf3/element - {"using":"css selector","value":"#shell-header-logo"}
RESULT: {"using":"css selector","value":"#shell-header-logo"}
COMMAND: POST /session/cdd2d6a6ff4e4121354b0ded879e8cf3/element/f.3354A31769E1E4013F80CDE1D39C4690.d.8CBDA2F31F1EAD454007A7AAFD53CE57.e.7376/click - {}
COMMAND: POST /session/cdd2d6a6ff4e4121354b0ded879e8cf3/execute/sync - {"script":"<script> [8489 bytes]","args":[{"element-6066-11e4-a52e-4f735466cecf":"f.3354A31769E1E4013F80CDE1D39C4690.d.8CBDA2F31F1EAD454007A7AAFD53CE57.e.7376","ELEMENT":"f.3354A31769E1E4013F80CDE1D39C4690.d.8CBDA2F31F1EAD454007A7AAFD53CE57.e.7376"}]}
RESULT: {"script":"<script> [8489 bytes]","args":[{"element-6066-11e4-a52e-4f735466cecf":"f.3354A31769E1E4013F80CDE1D39C4690.d.8CBDA2F31F1EAD454007A7AAFD53CE57.e.7376","ELEMENT":"f.3354A31769E1E4013F80CDE1D39C4690.d.8CBDA2F31F1EAD454007A7AAFD53CE57.e.7376"}]}
COMMAND: POST /session/cdd2d6a6ff4e4121354b0ded879e8cf3/execute/sync - {"script":"<script> [5351 bytes]","args":[{"element-6066-11e4-a52e-4f735466cecf":"f.3354A31769E1E4013F80CDE1D39C4690.d.8CBDA2F31F1EAD454007A7AAFD53CE57.e.7376","ELEMENT":"f.3354A31769E1E4013F80CDE1D39C4690.d.8CBDA2F31F1EAD454007A7AAFD53CE57.e.7376"}]}
COMMAND: GET /session/cdd2d6a6ff4e4121354b0ded879e8cf3/screenshot - {}
RESULT: {}
COMMAND: GET /session/cdd2d6a6ff4e4121354b0ded879e8cf3/screenshot - {}
RESULT: {"script":"<script> [5351 bytes]","args":[{"element-6066-11e4-a52e-4f735466cecf":"f.3354A31769E1E4013F80CDE1D39C4690.d.8CBDA2F31F1EAD454007A7AAFD53CE57.e.7376","ELEMENT":"f.3354A31769E1E4013F80CDE1D39C4690.d.8CBDA2F31F1EAD454007A7AAFD53CE57.e.7376"}]}
COMMAND: GET /session/cdd2d6a6ff4e4121354b0ded879e8cf3/screenshot - {}
RESULT: {}
RESULT: {}
RESULT: {}
RESULT: undefined
COMMAND: POST /session/cdd2d6a6ff4e4121354b0ded879e8cf3/element - {"using":"xpath","value":"//*[@id=\"__tile30\"]"}
RESULT: {"using":"xpath","value":"//*[@id=\"__tile30\"]"}
COMMAND: POST /session/cdd2d6a6ff4e4121354b0ded879e8cf3/element/f.3354A31769E1E4013F80CDE1D39C4690.d.8CBDA2F31F1EAD454007A7AAFD53CE57.e.4486/click - {}
RESULT: {}
COMMAND: POST /session/cdd2d6a6ff4e4121354b0ded879e8cf3/element - {"using":"xpath","value":"//button[@data-kt=\"addButton\"]"}
COMMAND: GET /session/cdd2d6a6ff4e4121354b0ded879e8cf3/screenshot - {}
RESULT: {"using":"xpath","value":"//button[@data-kt=\"addButton\"]"}
COMMAND: POST /session/cdd2d6a6ff4e4121354b0ded879e8cf3/elements - {"using":"xpath","value":"//button[@data-kt=\"addButton\"]"}
RESULT: {}
RESULT: {"using":"xpath","value":"//button[@data-kt=\"addButton\"]"}
COMMAND: POST /session/cdd2d6a6ff4e4121354b0ded879e8cf3/element - {"using":"xpath","value":"//button[@data-kt=\"addButton\"]"}
RESULT: {"using":"xpath","value":"//button[@data-kt=\"addButton\"]"}
COMMAND: POST /session/cdd2d6a6ff4e4121354b0ded879e8cf3/execute/sync - {"script":"<script> [8489 bytes]","args":[{"element-6066-11e4-a52e-4f735466cecf":"f.3354A31769E1E4013F80CDE1D39C4690.d.8CBDA2F31F1EAD454007A7AAFD53CE57.e.7422","ELEMENT":"f.3354A31769E1E4013F80CDE1D39C4690.d.8CBDA2F31F1EAD454007A7AAFD53CE57.e.7422"}]}
RESULT: {"script":"<script> [8489 bytes]","args":[{"element-6066-11e4-a52e-4f735466cecf":"f.3354A31769E1E4013F80CDE1D39C4690.d.8CBDA2F31F1EAD454007A7AAFD53CE57.e.7422","ELEMENT":"f.3354A31769E1E4013F80CDE1D39C4690.d.8CBDA2F31F1EAD454007A7AAFD53CE57.e.7422"}]}
COMMAND: GET /session/cdd2d6a6ff4e4121354b0ded879e8cf3/element/f.3354A31769E1E4013F80CDE1D39C4690.d.8CBDA2F31F1EAD454007A7AAFD53CE57.e.7422/enabled - {}
COMMAND: GET /session/cdd2d6a6ff4e4121354b0ded879e8cf3/screenshot - {}
RESULT: {}
COMMAND: POST /session/cdd2d6a6ff4e4121354b0ded879e8cf3/execute/sync - {"script":"<script> [8489 bytes]","args":[{"element-6066-11e4-a52e-4f735466cecf":"f.3354A31769E1E4013F80CDE1D39C4690.d.8CBDA2F31F1EAD454007A7AAFD53CE57.e.7422","ELEMENT":"f.3354A31769E1E4013F80CDE1D39C4690.d.8CBDA2F31F1EAD454007A7AAFD53CE57.e.7422"}]}
COMMAND: GET /session/cdd2d6a6ff4e4121354b0ded879e8cf3/screenshot - {}
RESULT: {}
RESULT: {"script":"<script> [8489 bytes]","args":[{"element-6066-11e4-a52e-4f735466cecf":"f.3354A31769E1E4013F80CDE1D39C4690.d.8CBDA2F31F1EAD454007A7AAFD53CE57.e.7422","ELEMENT":"f.3354A31769E1E4013F80CDE1D39C4690.d.8CBDA2F31F1EAD454007A7AAFD53CE57.e.7422"}]}
COMMAND: POST /session/cdd2d6a6ff4e4121354b0ded879e8cf3/execute/sync - {"script":"<script> [5351 bytes]","args":[{"element-6066-11e4-a52e-4f735466cecf":"f.3354A31769E1E4013F80CDE1D39C4690.d.8CBDA2F31F1EAD454007A7AAFD53CE57.e.7422","ELEMENT":"f.3354A31769E1E4013F80CDE1D39C4690.d.8CBDA2F31F1EAD454007A7AAFD53CE57.e.7422"}]}
COMMAND: GET /session/cdd2d6a6ff4e4121354b0ded879e8cf3/screenshot - {}
RESULT: {}
RESULT: {"script":"<script> [5351 bytes]","args":[{"element-6066-11e4-a52e-4f735466cecf":"f.3354A31769E1E4013F80CDE1D39C4690.d.8CBDA2F31F1EAD454007A7AAFD53CE57.e.7422","ELEMENT":"f.3354A31769E1E4013F80CDE1D39C4690.d.8CBDA2F31F1EAD454007A7AAFD53CE57.e.7422"}]}
COMMAND: GET /session/cdd2d6a6ff4e4121354b0ded879e8cf3/screenshot - {}
RESULT: {}
RESULT: {}
COMMAND: POST /session/cdd2d6a6ff4e4121354b0ded879e8cf3/element - {"using":"xpath","value":"//span[@id=\"application-managepartners-display-component---masterPtm--smartTable-header-inner\"]"}
RESULT: {"using":"xpath","value":"//span[@id=\"application-managepartners-display-component---masterPtm--smartTable-header-inner\"]"}
COMMAND: POST /session/cdd2d6a6ff4e4121354b0ded879e8cf3/elements - {"using":"xpath","value":"//span[@id=\"application-managepartners-display-component---masterPtm--smartTable-header-inner\"]"}
RESULT: {"using":"xpath","value":"//span[@id=\"application-managepartners-display-component---masterPtm--smartTable-header-inner\"]"}
COMMAND: POST /session/cdd2d6a6ff4e4121354b0ded879e8cf3/execute/sync - {"script":"<script> [56 bytes]","args":[{"element-6066-11e4-a52e-4f735466cecf":"f.3354A31769E1E4013F80CDE1D39C4690.d.8CBDA2F31F1EAD454007A7AAFD53CE57.e.7548","ELEMENT":"f.3354A31769E1E4013F80CDE1D39C4690.d.8CBDA2F31F1EAD454007A7AAFD53CE57.e.7548"}]}
RESULT: {"script":"<script> [56 bytes]","args":[{"element-6066-11e4-a52e-4f735466cecf":"f.3354A31769E1E4013F80CDE1D39C4690.d.8CBDA2F31F1EAD454007A7AAFD53CE57.e.7548","ELEMENT":"f.3354A31769E1E4013F80CDE1D39C4690.d.8CBDA2F31F1EAD454007A7AAFD53CE57.e.7548"}]}
RESULT: undefined
COMMAND: POST /session/cdd2d6a6ff4e4121354b0ded879e8cf3/element - {"using":"xpath","value":"//*[@id=\"application-managepartners-display-component---masterPtm--smartFilterBar-btnFilters\"]"}
COMMAND: GET /session/cdd2d6a6ff4e4121354b0ded879e8cf3/screenshot - {}
RESULT: {"using":"xpath","value":"//*[@id=\"application-managepartners-display-component---masterPtm--smartFilterBar-btnFilters\"]"}
COMMAND: POST /session/cdd2d6a6ff4e4121354b0ded879e8cf3/element/f.3354A31769E1E4013F80CDE1D39C4690.d.8CBDA2F31F1EAD454007A7AAFD53CE57.e.7386/click - {}
RESULT: {}
RESULT: {}
COMMAND: GET /session/cdd2d6a6ff4e4121354b0ded879e8cf3/screenshot - {}
RESULT: {}
COMMAND: POST /session/cdd2d6a6ff4e4121354b0ded879e8cf3/elements - {"using":"xpath","value":"//table[contains(@id, \"listView-innerSelectionPanelTable-listUl\")]/tbody/tr"}
RESULT: {"using":"xpath","value":"//table[contains(@id, \"listView-innerSelectionPanelTable-listUl\")]/tbody/tr"}
COMMAND: POST /session/cdd2d6a6ff4e4121354b0ded879e8cf3/element - {"using":"xpath","value":"//table[contains(@id, \"listView-innerSelectionPanelTable-listUl\")]/tbody/tr[2]/td[2]/div/div"}
RESULT: {"using":"xpath","value":"//table[contains(@id, \"listView-innerSelectionPanelTable-listUl\")]/tbody/tr[2]/td[2]/div/div"}
COMMAND: POST /session/cdd2d6a6ff4e4121354b0ded879e8cf3/element - {"using":"xpath","value":"//table[contains(@id, \"listView-innerSelectionPanelTable-listUl\")]/tbody/tr[2]/td[2]/div"}
RESULT: {"using":"xpath","value":"//table[contains(@id, \"listView-innerSelectionPanelTable-listUl\")]/tbody/tr[2]/td[2]/div"}
COMMAND: POST /session/cdd2d6a6ff4e4121354b0ded879e8cf3/element - {"using":"xpath","value":"//table[contains(@id, \"listView-innerSelectionPanelTable-listUl\")]/tbody/tr[2]/td[3]/div/div/span/span[1]/bdi"}
RESULT: {"using":"xpath","value":"//table[contains(@id, \"listView-innerSelectionPanelTable-listUl\")]/tbody/tr[2]/td[3]/div/div/span/span[1]/bdi"}
COMMAND: POST /session/cdd2d6a6ff4e4121354b0ded879e8cf3/execute/sync - {"script":"<script> [56 bytes]","args":[{"element-6066-11e4-a52e-4f735466cecf":"f.3354A31769E1E4013F80CDE1D39C4690.d.8CBDA2F31F1EAD454007A7AAFD53CE57.e.7616","ELEMENT":"f.3354A31769E1E4013F80CDE1D39C4690.d.8CBDA2F31F1EAD454007A7AAFD53CE57.e.7616"}]}
RESULT: {"script":"<script> [56 bytes]","args":[{"element-6066-11e4-a52e-4f735466cecf":"f.3354A31769E1E4013F80CDE1D39C4690.d.8CBDA2F31F1EAD454007A7AAFD53CE57.e.7616","ELEMENT":"f.3354A31769E1E4013F80CDE1D39C4690.d.8CBDA2F31F1EAD454007A7AAFD53CE57.e.7616"}]}
COMMAND: GET /session/cdd2d6a6ff4e4121354b0ded879e8cf3/element/f.3354A31769E1E4013F80CDE1D39C4690.d.8CBDA2F31F1EAD454007A7AAFD53CE57.e.7615/attribute/aria-checked - {}
COMMAND: GET /session/cdd2d6a6ff4e4121354b0ded879e8cf3/screenshot - {}
RESULT: {}
COMMAND: POST /session/cdd2d6a6ff4e4121354b0ded879e8cf3/element - {"using":"xpath","value":"//table[contains(@id, \"listView-innerSelectionPanelTable-listUl\")]/tbody/tr[3]/td[2]/div/div"}
RESULT: {}
RESULT: {"using":"xpath","value":"//table[contains(@id, \"listView-innerSelectionPanelTable-listUl\")]/tbody/tr[3]/td[2]/div/div"}
COMMAND: POST /session/cdd2d6a6ff4e4121354b0ded879e8cf3/element - {"using":"xpath","value":"//table[contains(@id, \"listView-innerSelectionPanelTable-listUl\")]/tbody/tr[3]/td[2]/div"}
RESULT: {"using":"xpath","value":"//table[contains(@id, \"listView-innerSelectionPanelTable-listUl\")]/tbody/tr[3]/td[2]/div"}
COMMAND: POST /session/cdd2d6a6ff4e4121354b0ded879e8cf3/element - {"using":"xpath","value":"//table[contains(@id, \"listView-innerSelectionPanelTable-listUl\")]/tbody/tr[3]/td[3]/div/div/span/span[1]/bdi"}
RESULT: {"using":"xpath","value":"//table[contains(@id, \"listView-innerSelectionPanelTable-listUl\")]/tbody/tr[3]/td[3]/div/div/span/span[1]/bdi"}
COMMAND: POST /session/cdd2d6a6ff4e4121354b0ded879e8cf3/execute/sync - {"script":"<script> [56 bytes]","args":[{"element-6066-11e4-a52e-4f735466cecf":"f.3354A31769E1E4013F80CDE1D39C4690.d.8CBDA2F31F1EAD454007A7AAFD53CE57.e.7619","ELEMENT":"f.3354A31769E1E4013F80CDE1D39C4690.d.8CBDA2F31F1EAD454007A7AAFD53CE57.e.7619"}]}
RESULT: {"script":"<script> [56 bytes]","args":[{"element-6066-11e4-a52e-4f735466cecf":"f.3354A31769E1E4013F80CDE1D39C4690.d.8CBDA2F31F1EAD454007A7AAFD53CE57.e.7619","ELEMENT":"f.3354A31769E1E4013F80CDE1D39C4690.d.8CBDA2F31F1EAD454007A7AAFD53CE57.e.7619"}]}
COMMAND: GET /session/cdd2d6a6ff4e4121354b0ded879e8cf3/element/f.3354A31769E1E4013F80CDE1D39C4690.d.8CBDA2F31F1EAD454007A7AAFD53CE57.e.7618/attribute/aria-checked - {}
COMMAND: GET /session/cdd2d6a6ff4e4121354b0ded879e8cf3/screenshot - {}
RESULT: {}
COMMAND: POST /session/cdd2d6a6ff4e4121354b0ded879e8cf3/element - {"using":"xpath","value":"//table[contains(@id, \"listView-innerSelectionPanelTable-listUl\")]/tbody/tr[4]/td[2]/div/div"}
RESULT: {}
RESULT: {"using":"xpath","value":"//table[contains(@id, \"listView-innerSelectionPanelTable-listUl\")]/tbody/tr[4]/td[2]/div/div"}
COMMAND: POST /session/cdd2d6a6ff4e4121354b0ded879e8cf3/element - {"using":"xpath","value":"//table[contains(@id, \"listView-innerSelectionPanelTable-listUl\")]/tbody/tr[4]/td[2]/div"}
RESULT: {"using":"xpath","value":"//table[contains(@id, \"listView-innerSelectionPanelTable-listUl\")]/tbody/tr[4]/td[2]/div"}
COMMAND: POST /session/cdd2d6a6ff4e4121354b0ded879e8cf3/element - {"using":"xpath","value":"//table[contains(@id, \"listView-innerSelectionPanelTable-listUl\")]/tbody/tr[4]/td[3]/div/div/span/span[1]/bdi"}
RESULT: {"using":"xpath","value":"//table[contains(@id, \"listView-innerSelectionPanelTable-listUl\")]/tbody/tr[4]/td[3]/div/div/span/span[1]/bdi"}
COMMAND: POST /session/cdd2d6a6ff4e4121354b0ded879e8cf3/execute/sync - {"script":"<script> [56 bytes]","args":[{"element-6066-11e4-a52e-4f735466cecf":"f.3354A31769E1E4013F80CDE1D39C4690.d.8CBDA2F31F1EAD454007A7AAFD53CE57.e.7622","ELEMENT":"f.3354A31769E1E4013F80CDE1D39C4690.d.8CBDA2F31F1EAD454007A7AAFD53CE57.e.7622"}]}
RESULT: {"script":"<script> [56 bytes]","args":[{"element-6066-11e4-a52e-4f735466cecf":"f.3354A31769E1E4013F80CDE1D39C4690.d.8CBDA2F31F1EAD454007A7AAFD53CE57.e.7622","ELEMENT":"f.3354A31769E1E4013F80CDE1D39C4690.d.8CBDA2F31F1EAD454007A7AAFD53CE57.e.7622"}]}
COMMAND: GET /session/cdd2d6a6ff4e4121354b0ded879e8cf3/element/f.3354A31769E1E4013F80CDE1D39C4690.d.8CBDA2F31F1EAD454007A7AAFD53CE57.e.7621/attribute/aria-checked - {}
COMMAND: GET /session/cdd2d6a6ff4e4121354b0ded879e8cf3/screenshot - {}
RESULT: {}
COMMAND: POST /session/cdd2d6a6ff4e4121354b0ded879e8cf3/element - {"using":"xpath","value":"//table[contains(@id, \"listView-innerSelectionPanelTable-listUl\")]/tbody/tr[5]/td[2]/div/div"}
RESULT: {}
RESULT: {"using":"xpath","value":"//table[contains(@id, \"listView-innerSelectionPanelTable-listUl\")]/tbody/tr[5]/td[2]/div/div"}
COMMAND: POST /session/cdd2d6a6ff4e4121354b0ded879e8cf3/element - {"using":"xpath","value":"//table[contains(@id, \"listView-innerSelectionPanelTable-listUl\")]/tbody/tr[5]/td[2]/div"}
RESULT: {"using":"xpath","value":"//table[contains(@id, \"listView-innerSelectionPanelTable-listUl\")]/tbody/tr[5]/td[2]/div"}
COMMAND: POST /session/cdd2d6a6ff4e4121354b0ded879e8cf3/element - {"using":"xpath","value":"//table[contains(@id, \"listView-innerSelectionPanelTable-listUl\")]/tbody/tr[5]/td[3]/div/div/span/span[1]/bdi"}
RESULT: {"using":"xpath","value":"//table[contains(@id, \"listView-innerSelectionPanelTable-listUl\")]/tbody/tr[5]/td[3]/div/div/span/span[1]/bdi"}
COMMAND: POST /session/cdd2d6a6ff4e4121354b0ded879e8cf3/execute/sync - {"script":"<script> [56 bytes]","args":[{"element-6066-11e4-a52e-4f735466cecf":"f.3354A31769E1E4013F80CDE1D39C4690.d.8CBDA2F31F1EAD454007A7AAFD53CE57.e.7625","ELEMENT":"f.3354A31769E1E4013F80CDE1D39C4690.d.8CBDA2F31F1EAD454007A7AAFD53CE57.e.7625"}]}
RESULT: {"script":"<script> [56 bytes]","args":[{"element-6066-11e4-a52e-4f735466cecf":"f.3354A31769E1E4013F80CDE1D39C4690.d.8CBDA2F31F1EAD454007A7AAFD53CE57.e.7625","ELEMENT":"f.3354A31769E1E4013F80CDE1D39C4690.d.8CBDA2F31F1EAD454007A7AAFD53CE57.e.7625"}]}
COMMAND: GET /session/cdd2d6a6ff4e4121354b0ded879e8cf3/element/f.3354A31769E1E4013F80CDE1D39C4690.d.8CBDA2F31F1EAD454007A7AAFD53CE57.e.7624/attribute/aria-checked - {}
COMMAND: GET /session/cdd2d6a6ff4e4121354b0ded879e8cf3/screenshot - {}
RESULT: {}
COMMAND: POST /session/cdd2d6a6ff4e4121354b0ded879e8cf3/element - {"using":"xpath","value":"//table[contains(@id, \"listView-innerSelectionPanelTable-listUl\")]/tbody/tr[6]/td[2]/div/div"}
RESULT: {}
RESULT: {"using":"xpath","value":"//table[contains(@id, \"listView-innerSelectionPanelTable-listUl\")]/tbody/tr[6]/td[2]/div/div"}
COMMAND: POST /session/cdd2d6a6ff4e4121354b0ded879e8cf3/element - {"using":"xpath","value":"//table[contains(@id, \"listView-innerSelectionPanelTable-listUl\")]/tbody/tr[6]/td[2]/div"}
RESULT: {"using":"xpath","value":"//table[contains(@id, \"listView-innerSelectionPanelTable-listUl\")]/tbody/tr[6]/td[2]/div"}
COMMAND: POST /session/cdd2d6a6ff4e4121354b0ded879e8cf3/element - {"using":"xpath","value":"//table[contains(@id, \"listView-innerSelectionPanelTable-listUl\")]/tbody/tr[6]/td[3]/div/div/span/span[1]/bdi"}
RESULT: {"using":"xpath","value":"//table[contains(@id, \"listView-innerSelectionPanelTable-listUl\")]/tbody/tr[6]/td[3]/div/div/span/span[1]/bdi"}
COMMAND: POST /session/cdd2d6a6ff4e4121354b0ded879e8cf3/execute/sync - {"script":"<script> [56 bytes]","args":[{"element-6066-11e4-a52e-4f735466cecf":"f.3354A31769E1E4013F80CDE1D39C4690.d.8CBDA2F31F1EAD454007A7AAFD53CE57.e.7628","ELEMENT":"f.3354A31769E1E4013F80CDE1D39C4690.d.8CBDA2F31F1EAD454007A7AAFD53CE57.e.7628"}]}
RESULT: {"script":"<script> [56 bytes]","args":[{"element-6066-11e4-a52e-4f735466cecf":"f.3354A31769E1E4013F80CDE1D39C4690.d.8CBDA2F31F1EAD454007A7AAFD53CE57.e.7628","ELEMENT":"f.3354A31769E1E4013F80CDE1D39C4690.d.8CBDA2F31F1EAD454007A7AAFD53CE57.e.7628"}]}
COMMAND: GET /session/cdd2d6a6ff4e4121354b0ded879e8cf3/element/f.3354A31769E1E4013F80CDE1D39C4690.d.8CBDA2F31F1EAD454007A7AAFD53CE57.e.7627/attribute/aria-checked - {}
COMMAND: GET /session/cdd2d6a6ff4e4121354b0ded879e8cf3/screenshot - {}
RESULT: {}
COMMAND: POST /session/cdd2d6a6ff4e4121354b0ded879e8cf3/element - {"using":"xpath","value":"//table[contains(@id, \"listView-innerSelectionPanelTable-listUl\")]/tbody/tr[7]/td[2]/div/div"}
RESULT: {}
RESULT: {"using":"xpath","value":"//table[contains(@id, \"listView-innerSelectionPanelTable-listUl\")]/tbody/tr[7]/td[2]/div/div"}
COMMAND: POST /session/cdd2d6a6ff4e4121354b0ded879e8cf3/element - {"using":"xpath","value":"//table[contains(@id, \"listView-innerSelectionPanelTable-listUl\")]/tbody/tr[7]/td[2]/div"}
RESULT: {"using":"xpath","value":"//table[contains(@id, \"listView-innerSelectionPanelTable-listUl\")]/tbody/tr[7]/td[2]/div"}
COMMAND: POST /session/cdd2d6a6ff4e4121354b0ded879e8cf3/element - {"using":"xpath","value":"//table[contains(@id, \"listView-innerSelectionPanelTable-listUl\")]/tbody/tr[7]/td[3]/div/div/span/span[1]/bdi"}
RESULT: {"using":"xpath","value":"//table[contains(@id, \"listView-innerSelectionPanelTable-listUl\")]/tbody/tr[7]/td[3]/div/div/span/span[1]/bdi"}
COMMAND: POST /session/cdd2d6a6ff4e4121354b0ded879e8cf3/execute/sync - {"script":"<script> [56 bytes]","args":[{"element-6066-11e4-a52e-4f735466cecf":"f.3354A31769E1E4013F80CDE1D39C4690.d.8CBDA2F31F1EAD454007A7AAFD53CE57.e.7631","ELEMENT":"f.3354A31769E1E4013F80CDE1D39C4690.d.8CBDA2F31F1EAD454007A7AAFD53CE57.e.7631"}]}
RESULT: {"script":"<script> [56 bytes]","args":[{"element-6066-11e4-a52e-4f735466cecf":"f.3354A31769E1E4013F80CDE1D39C4690.d.8CBDA2F31F1EAD454007A7AAFD53CE57.e.7631","ELEMENT":"f.3354A31769E1E4013F80CDE1D39C4690.d.8CBDA2F31F1EAD454007A7AAFD53CE57.e.7631"}]}
COMMAND: GET /session/cdd2d6a6ff4e4121354b0ded879e8cf3/element/f.3354A31769E1E4013F80CDE1D39C4690.d.8CBDA2F31F1EAD454007A7AAFD53CE57.e.7630/attribute/aria-checked - {}
COMMAND: GET /session/cdd2d6a6ff4e4121354b0ded879e8cf3/screenshot - {}
RESULT: {}
COMMAND: POST /session/cdd2d6a6ff4e4121354b0ded879e8cf3/element - {"using":"xpath","value":"//table[contains(@id, \"listView-innerSelectionPanelTable-listUl\")]/tbody/tr[8]/td[2]/div/div"}
RESULT: {}
RESULT: {"using":"xpath","value":"//table[contains(@id, \"listView-innerSelectionPanelTable-listUl\")]/tbody/tr[8]/td[2]/div/div"}
COMMAND: POST /session/cdd2d6a6ff4e4121354b0ded879e8cf3/element - {"using":"xpath","value":"//table[contains(@id, \"listView-innerSelectionPanelTable-listUl\")]/tbody/tr[8]/td[2]/div"}
RESULT: {"using":"xpath","value":"//table[contains(@id, \"listView-innerSelectionPanelTable-listUl\")]/tbody/tr[8]/td[2]/div"}
COMMAND: POST /session/cdd2d6a6ff4e4121354b0ded879e8cf3/element - {"using":"xpath","value":"//table[contains(@id, \"listView-innerSelectionPanelTable-listUl\")]/tbody/tr[8]/td[3]/div/div/span/span[1]/bdi"}
RESULT: {"using":"xpath","value":"//table[contains(@id, \"listView-innerSelectionPanelTable-listUl\")]/tbody/tr[8]/td[3]/div/div/span/span[1]/bdi"}
COMMAND: POST /session/cdd2d6a6ff4e4121354b0ded879e8cf3/execute/sync - {"script":"<script> [56 bytes]","args":[{"element-6066-11e4-a52e-4f735466cecf":"f.3354A31769E1E4013F80CDE1D39C4690.d.8CBDA2F31F1EAD454007A7AAFD53CE57.e.7634","ELEMENT":"f.3354A31769E1E4013F80CDE1D39C4690.d.8CBDA2F31F1EAD454007A7AAFD53CE57.e.7634"}]}
RESULT: {"script":"<script> [56 bytes]","args":[{"element-6066-11e4-a52e-4f735466cecf":"f.3354A31769E1E4013F80CDE1D39C4690.d.8CBDA2F31F1EAD454007A7AAFD53CE57.e.7634","ELEMENT":"f.3354A31769E1E4013F80CDE1D39C4690.d.8CBDA2F31F1EAD454007A7AAFD53CE57.e.7634"}]}
COMMAND: GET /session/cdd2d6a6ff4e4121354b0ded879e8cf3/element/f.3354A31769E1E4013F80CDE1D39C4690.d.8CBDA2F31F1EAD454007A7AAFD53CE57.e.7633/attribute/aria-checked - {}
COMMAND: GET /session/cdd2d6a6ff4e4121354b0ded879e8cf3/screenshot - {}
RESULT: {}
COMMAND: POST /session/cdd2d6a6ff4e4121354b0ded879e8cf3/element - {"using":"xpath","value":"//table[contains(@id, \"listView-innerSelectionPanelTable-listUl\")]/tbody/tr[9]/td[2]/div/div"}
RESULT: {}
RESULT: {"using":"xpath","value":"//table[contains(@id, \"listView-innerSelectionPanelTable-listUl\")]/tbody/tr[9]/td[2]/div/div"}
COMMAND: POST /session/cdd2d6a6ff4e4121354b0ded879e8cf3/element - {"using":"xpath","value":"//table[contains(@id, \"listView-innerSelectionPanelTable-listUl\")]/tbody/tr[9]/td[2]/div"}
RESULT: {"using":"xpath","value":"//table[contains(@id, \"listView-innerSelectionPanelTable-listUl\")]/tbody/tr[9]/td[2]/div"}
COMMAND: POST /session/cdd2d6a6ff4e4121354b0ded879e8cf3/element - {"using":"xpath","value":"//table[contains(@id, \"listView-innerSelectionPanelTable-listUl\")]/tbody/tr[9]/td[3]/div/div/span/span[1]/bdi"}
RESULT: {"using":"xpath","value":"//table[contains(@id, \"listView-innerSelectionPanelTable-listUl\")]/tbody/tr[9]/td[3]/div/div/span/span[1]/bdi"}
COMMAND: POST /session/cdd2d6a6ff4e4121354b0ded879e8cf3/execute/sync - {"script":"<script> [56 bytes]","args":[{"element-6066-11e4-a52e-4f735466cecf":"f.3354A31769E1E4013F80CDE1D39C4690.d.8CBDA2F31F1EAD454007A7AAFD53CE57.e.7637","ELEMENT":"f.3354A31769E1E4013F80CDE1D39C4690.d.8CBDA2F31F1EAD454007A7AAFD53CE57.e.7637"}]}
RESULT: {"script":"<script> [56 bytes]","args":[{"element-6066-11e4-a52e-4f735466cecf":"f.3354A31769E1E4013F80CDE1D39C4690.d.8CBDA2F31F1EAD454007A7AAFD53CE57.e.7637","ELEMENT":"f.3354A31769E1E4013F80CDE1D39C4690.d.8CBDA2F31F1EAD454007A7AAFD53CE57.e.7637"}]}
COMMAND: GET /session/cdd2d6a6ff4e4121354b0ded879e8cf3/element/f.3354A31769E1E4013F80CDE1D39C4690.d.8CBDA2F31F1EAD454007A7AAFD53CE57.e.7636/attribute/aria-checked - {}
COMMAND: GET /session/cdd2d6a6ff4e4121354b0ded879e8cf3/screenshot - {}
RESULT: {}
COMMAND: POST /session/cdd2d6a6ff4e4121354b0ded879e8cf3/element - {"using":"xpath","value":"//table[contains(@id, \"listView-innerSelectionPanelTable-listUl\")]/tbody/tr[10]/td[2]/div/div"}
RESULT: {}
RESULT: {"using":"xpath","value":"//table[contains(@id, \"listView-innerSelectionPanelTable-listUl\")]/tbody/tr[10]/td[2]/div/div"}
COMMAND: POST /session/cdd2d6a6ff4e4121354b0ded879e8cf3/element - {"using":"xpath","value":"//table[contains(@id, \"listView-innerSelectionPanelTable-listUl\")]/tbody/tr[10]/td[2]/div"}
RESULT: {"using":"xpath","value":"//table[contains(@id, \"listView-innerSelectionPanelTable-listUl\")]/tbody/tr[10]/td[2]/div"}
COMMAND: POST /session/cdd2d6a6ff4e4121354b0ded879e8cf3/element - {"using":"xpath","value":"//table[contains(@id, \"listView-innerSelectionPanelTable-listUl\")]/tbody/tr[10]/td[3]/div/div/span/span[1]/bdi"}
RESULT: {"using":"xpath","value":"//table[contains(@id, \"listView-innerSelectionPanelTable-listUl\")]/tbody/tr[10]/td[3]/div/div/span/span[1]/bdi"}
COMMAND: POST /session/cdd2d6a6ff4e4121354b0ded879e8cf3/execute/sync - {"script":"<script> [56 bytes]","args":[{"element-6066-11e4-a52e-4f735466cecf":"f.3354A31769E1E4013F80CDE1D39C4690.d.8CBDA2F31F1EAD454007A7AAFD53CE57.e.7640","ELEMENT":"f.3354A31769E1E4013F80CDE1D39C4690.d.8CBDA2F31F1EAD454007A7AAFD53CE57.e.7640"}]}
RESULT: {"script":"<script> [56 bytes]","args":[{"element-6066-11e4-a52e-4f735466cecf":"f.3354A31769E1E4013F80CDE1D39C4690.d.8CBDA2F31F1EAD454007A7AAFD53CE57.e.7640","ELEMENT":"f.3354A31769E1E4013F80CDE1D39C4690.d.8CBDA2F31F1EAD454007A7AAFD53CE57.e.7640"}]}
COMMAND: GET /session/cdd2d6a6ff4e4121354b0ded879e8cf3/element/f.3354A31769E1E4013F80CDE1D39C4690.d.8CBDA2F31F1EAD454007A7AAFD53CE57.e.7639/attribute/aria-checked - {}
COMMAND: GET /session/cdd2d6a6ff4e4121354b0ded879e8cf3/screenshot - {}
RESULT: {}
COMMAND: POST /session/cdd2d6a6ff4e4121354b0ded879e8cf3/element - {"using":"xpath","value":"//table[contains(@id, \"listView-innerSelectionPanelTable-listUl\")]/tbody/tr[11]/td[2]/div/div"}
RESULT: {}
RESULT: {"using":"xpath","value":"//table[contains(@id, \"listView-innerSelectionPanelTable-listUl\")]/tbody/tr[11]/td[2]/div/div"}
COMMAND: POST /session/cdd2d6a6ff4e4121354b0ded879e8cf3/element - {"using":"xpath","value":"//table[contains(@id, \"listView-innerSelectionPanelTable-listUl\")]/tbody/tr[11]/td[2]/div"}
RESULT: {"using":"xpath","value":"//table[contains(@id, \"listView-innerSelectionPanelTable-listUl\")]/tbody/tr[11]/td[2]/div"}
COMMAND: POST /session/cdd2d6a6ff4e4121354b0ded879e8cf3/element - {"using":"xpath","value":"//table[contains(@id, \"listView-innerSelectionPanelTable-listUl\")]/tbody/tr[11]/td[3]/div/div/span/span[1]/bdi"}
RESULT: {"using":"xpath","value":"//table[contains(@id, \"listView-innerSelectionPanelTable-listUl\")]/tbody/tr[11]/td[3]/div/div/span/span[1]/bdi"}
COMMAND: POST /session/cdd2d6a6ff4e4121354b0ded879e8cf3/execute/sync - {"script":"<script> [56 bytes]","args":[{"element-6066-11e4-a52e-4f735466cecf":"f.3354A31769E1E4013F80CDE1D39C4690.d.8CBDA2F31F1EAD454007A7AAFD53CE57.e.7643","ELEMENT":"f.3354A31769E1E4013F80CDE1D39C4690.d.8CBDA2F31F1EAD454007A7AAFD53CE57.e.7643"}]}
RESULT: {"script":"<script> [56 bytes]","args":[{"element-6066-11e4-a52e-4f735466cecf":"f.3354A31769E1E4013F80CDE1D39C4690.d.8CBDA2F31F1EAD454007A7AAFD53CE57.e.7643","ELEMENT":"f.3354A31769E1E4013F80CDE1D39C4690.d.8CBDA2F31F1EAD454007A7AAFD53CE57.e.7643"}]}
COMMAND: GET /session/cdd2d6a6ff4e4121354b0ded879e8cf3/element/f.3354A31769E1E4013F80CDE1D39C4690.d.8CBDA2F31F1EAD454007A7AAFD53CE57.e.7642/attribute/aria-checked - {}
COMMAND: GET /session/cdd2d6a6ff4e4121354b0ded879e8cf3/screenshot - {}
RESULT: {}
COMMAND: POST /session/cdd2d6a6ff4e4121354b0ded879e8cf3/element - {"using":"xpath","value":"//table[contains(@id, \"listView-innerSelectionPanelTable-listUl\")]/tbody/tr[12]/td[2]/div/div"}
RESULT: {}
RESULT: {"using":"xpath","value":"//table[contains(@id, \"listView-innerSelectionPanelTable-listUl\")]/tbody/tr[12]/td[2]/div/div"}
COMMAND: POST /session/cdd2d6a6ff4e4121354b0ded879e8cf3/element - {"using":"xpath","value":"//table[contains(@id, \"listView-innerSelectionPanelTable-listUl\")]/tbody/tr[12]/td[2]/div"}
RESULT: {"using":"xpath","value":"//table[contains(@id, \"listView-innerSelectionPanelTable-listUl\")]/tbody/tr[12]/td[2]/div"}
COMMAND: POST /session/cdd2d6a6ff4e4121354b0ded879e8cf3/element - {"using":"xpath","value":"//table[contains(@id, \"listView-innerSelectionPanelTable-listUl\")]/tbody/tr[12]/td[3]/div/div/span/span[1]/bdi"}
RESULT: {"using":"xpath","value":"//table[contains(@id, \"listView-innerSelectionPanelTable-listUl\")]/tbody/tr[12]/td[3]/div/div/span/span[1]/bdi"}
COMMAND: POST /session/cdd2d6a6ff4e4121354b0ded879e8cf3/execute/sync - {"script":"<script> [56 bytes]","args":[{"element-6066-11e4-a52e-4f735466cecf":"f.3354A31769E1E4013F80CDE1D39C4690.d.8CBDA2F31F1EAD454007A7AAFD53CE57.e.7646","ELEMENT":"f.3354A31769E1E4013F80CDE1D39C4690.d.8CBDA2F31F1EAD454007A7AAFD53CE57.e.7646"}]}
RESULT: {"script":"<script> [56 bytes]","args":[{"element-6066-11e4-a52e-4f735466cecf":"f.3354A31769E1E4013F80CDE1D39C4690.d.8CBDA2F31F1EAD454007A7AAFD53CE57.e.7646","ELEMENT":"f.3354A31769E1E4013F80CDE1D39C4690.d.8CBDA2F31F1EAD454007A7AAFD53CE57.e.7646"}]}
COMMAND: GET /session/cdd2d6a6ff4e4121354b0ded879e8cf3/element/f.3354A31769E1E4013F80CDE1D39C4690.d.8CBDA2F31F1EAD454007A7AAFD53CE57.e.7645/attribute/aria-checked - {}
COMMAND: GET /session/cdd2d6a6ff4e4121354b0ded879e8cf3/screenshot - {}
RESULT: {}
COMMAND: POST /session/cdd2d6a6ff4e4121354b0ded879e8cf3/element - {"using":"xpath","value":"//table[contains(@id, \"listView-innerSelectionPanelTable-listUl\")]/tbody/tr[13]/td[2]/div/div"}
RESULT: {}
RESULT: {"using":"xpath","value":"//table[contains(@id, \"listView-innerSelectionPanelTable-listUl\")]/tbody/tr[13]/td[2]/div/div"}
COMMAND: POST /session/cdd2d6a6ff4e4121354b0ded879e8cf3/element - {"using":"xpath","value":"//table[contains(@id, \"listView-innerSelectionPanelTable-listUl\")]/tbody/tr[13]/td[2]/div"}
RESULT: {"using":"xpath","value":"//table[contains(@id, \"listView-innerSelectionPanelTable-listUl\")]/tbody/tr[13]/td[2]/div"}
COMMAND: POST /session/cdd2d6a6ff4e4121354b0ded879e8cf3/element - {"using":"xpath","value":"//table[contains(@id, \"listView-innerSelectionPanelTable-listUl\")]/tbody/tr[13]/td[3]/div/div/span/span[1]/bdi"}
RESULT: {"using":"xpath","value":"//table[contains(@id, \"listView-innerSelectionPanelTable-listUl\")]/tbody/tr[13]/td[3]/div/div/span/span[1]/bdi"}
COMMAND: POST /session/cdd2d6a6ff4e4121354b0ded879e8cf3/execute/sync - {"script":"<script> [56 bytes]","args":[{"element-6066-11e4-a52e-4f735466cecf":"f.3354A31769E1E4013F80CDE1D39C4690.d.8CBDA2F31F1EAD454007A7AAFD53CE57.e.7649","ELEMENT":"f.3354A31769E1E4013F80CDE1D39C4690.d.8CBDA2F31F1EAD454007A7AAFD53CE57.e.7649"}]}
RESULT: {"script":"<script> [56 bytes]","args":[{"element-6066-11e4-a52e-4f735466cecf":"f.3354A31769E1E4013F80CDE1D39C4690.d.8CBDA2F31F1EAD454007A7AAFD53CE57.e.7649","ELEMENT":"f.3354A31769E1E4013F80CDE1D39C4690.d.8CBDA2F31F1EAD454007A7AAFD53CE57.e.7649"}]}
COMMAND: GET /session/cdd2d6a6ff4e4121354b0ded879e8cf3/element/f.3354A31769E1E4013F80CDE1D39C4690.d.8CBDA2F31F1EAD454007A7AAFD53CE57.e.7648/attribute/aria-checked - {}
COMMAND: GET /session/cdd2d6a6ff4e4121354b0ded879e8cf3/screenshot - {}
RESULT: {}
COMMAND: POST /session/cdd2d6a6ff4e4121354b0ded879e8cf3/element - {"using":"xpath","value":"//table[contains(@id, \"listView-innerSelectionPanelTable-listUl\")]/tbody/tr[14]/td[2]/div/div"}
RESULT: {}
RESULT: {"using":"xpath","value":"//table[contains(@id, \"listView-innerSelectionPanelTable-listUl\")]/tbody/tr[14]/td[2]/div/div"}
COMMAND: POST /session/cdd2d6a6ff4e4121354b0ded879e8cf3/element - {"using":"xpath","value":"//table[contains(@id, \"listView-innerSelectionPanelTable-listUl\")]/tbody/tr[14]/td[2]/div"}
RESULT: {"using":"xpath","value":"//table[contains(@id, \"listView-innerSelectionPanelTable-listUl\")]/tbody/tr[14]/td[2]/div"}
COMMAND: POST /session/cdd2d6a6ff4e4121354b0ded879e8cf3/element - {"using":"xpath","value":"//table[contains(@id, \"listView-innerSelectionPanelTable-listUl\")]/tbody/tr[14]/td[3]/div/div/span/span[1]/bdi"}
RESULT: {"using":"xpath","value":"//table[contains(@id, \"listView-innerSelectionPanelTable-listUl\")]/tbody/tr[14]/td[3]/div/div/span/span[1]/bdi"}
COMMAND: POST /session/cdd2d6a6ff4e4121354b0ded879e8cf3/execute/sync - {"script":"<script> [56 bytes]","args":[{"element-6066-11e4-a52e-4f735466cecf":"f.3354A31769E1E4013F80CDE1D39C4690.d.8CBDA2F31F1EAD454007A7AAFD53CE57.e.7652","ELEMENT":"f.3354A31769E1E4013F80CDE1D39C4690.d.8CBDA2F31F1EAD454007A7AAFD53CE57.e.7652"}]}
RESULT: {"script":"<script> [56 bytes]","args":[{"element-6066-11e4-a52e-4f735466cecf":"f.3354A31769E1E4013F80CDE1D39C4690.d.8CBDA2F31F1EAD454007A7AAFD53CE57.e.7652","ELEMENT":"f.3354A31769E1E4013F80CDE1D39C4690.d.8CBDA2F31F1EAD454007A7AAFD53CE57.e.7652"}]}
COMMAND: GET /session/cdd2d6a6ff4e4121354b0ded879e8cf3/element/f.3354A31769E1E4013F80CDE1D39C4690.d.8CBDA2F31F1EAD454007A7AAFD53CE57.e.7651/attribute/aria-checked - {}
COMMAND: GET /session/cdd2d6a6ff4e4121354b0ded879e8cf3/screenshot - {}
RESULT: {}
COMMAND: POST /session/cdd2d6a6ff4e4121354b0ded879e8cf3/element - {"using":"xpath","value":"//table[contains(@id, \"listView-innerSelectionPanelTable-listUl\")]/tbody/tr[15]/td[2]/div/div"}
RESULT: {}
RESULT: {"using":"xpath","value":"//table[contains(@id, \"listView-innerSelectionPanelTable-listUl\")]/tbody/tr[15]/td[2]/div/div"}
COMMAND: POST /session/cdd2d6a6ff4e4121354b0ded879e8cf3/element - {"using":"xpath","value":"//table[contains(@id, \"listView-innerSelectionPanelTable-listUl\")]/tbody/tr[15]/td[2]/div"}
RESULT: {"using":"xpath","value":"//table[contains(@id, \"listView-innerSelectionPanelTable-listUl\")]/tbody/tr[15]/td[2]/div"}
COMMAND: POST /session/cdd2d6a6ff4e4121354b0ded879e8cf3/element - {"using":"xpath","value":"//table[contains(@id, \"listView-innerSelectionPanelTable-listUl\")]/tbody/tr[15]/td[3]/div/div/span/span[1]/bdi"}
RESULT: {"using":"xpath","value":"//table[contains(@id, \"listView-innerSelectionPanelTable-listUl\")]/tbody/tr[15]/td[3]/div/div/span/span[1]/bdi"}
COMMAND: POST /session/cdd2d6a6ff4e4121354b0ded879e8cf3/execute/sync - {"script":"<script> [56 bytes]","args":[{"element-6066-11e4-a52e-4f735466cecf":"f.3354A31769E1E4013F80CDE1D39C4690.d.8CBDA2F31F1EAD454007A7AAFD53CE57.e.7655","ELEMENT":"f.3354A31769E1E4013F80CDE1D39C4690.d.8CBDA2F31F1EAD454007A7AAFD53CE57.e.7655"}]}
RESULT: {"script":"<script> [56 bytes]","args":[{"element-6066-11e4-a52e-4f735466cecf":"f.3354A31769E1E4013F80CDE1D39C4690.d.8CBDA2F31F1EAD454007A7AAFD53CE57.e.7655","ELEMENT":"f.3354A31769E1E4013F80CDE1D39C4690.d.8CBDA2F31F1EAD454007A7AAFD53CE57.e.7655"}]}
COMMAND: GET /session/cdd2d6a6ff4e4121354b0ded879e8cf3/element/f.3354A31769E1E4013F80CDE1D39C4690.d.8CBDA2F31F1EAD454007A7AAFD53CE57.e.7654/attribute/aria-checked - {}
COMMAND: GET /session/cdd2d6a6ff4e4121354b0ded879e8cf3/screenshot - {}
RESULT: {}
COMMAND: POST /session/cdd2d6a6ff4e4121354b0ded879e8cf3/element - {"using":"xpath","value":"//table[contains(@id, \"listView-innerSelectionPanelTable-listUl\")]/tbody/tr[16]/td[2]/div/div"}
RESULT: {}
RESULT: {"using":"xpath","value":"//table[contains(@id, \"listView-innerSelectionPanelTable-listUl\")]/tbody/tr[16]/td[2]/div/div"}
COMMAND: POST /session/cdd2d6a6ff4e4121354b0ded879e8cf3/element - {"using":"xpath","value":"//table[contains(@id, \"listView-innerSelectionPanelTable-listUl\")]/tbody/tr[16]/td[2]/div"}
RESULT: {"using":"xpath","value":"//table[contains(@id, \"listView-innerSelectionPanelTable-listUl\")]/tbody/tr[16]/td[2]/div"}
COMMAND: POST /session/cdd2d6a6ff4e4121354b0ded879e8cf3/element - {"using":"xpath","value":"//table[contains(@id, \"listView-innerSelectionPanelTable-listUl\")]/tbody/tr[16]/td[3]/div/div/span/span[1]/bdi"}
RESULT: {"using":"xpath","value":"//table[contains(@id, \"listView-innerSelectionPanelTable-listUl\")]/tbody/tr[16]/td[3]/div/div/span/span[1]/bdi"}
COMMAND: POST /session/cdd2d6a6ff4e4121354b0ded879e8cf3/execute/sync - {"script":"<script> [56 bytes]","args":[{"element-6066-11e4-a52e-4f735466cecf":"f.3354A31769E1E4013F80CDE1D39C4690.d.8CBDA2F31F1EAD454007A7AAFD53CE57.e.7658","ELEMENT":"f.3354A31769E1E4013F80CDE1D39C4690.d.8CBDA2F31F1EAD454007A7AAFD53CE57.e.7658"}]}
RESULT: {"script":"<script> [56 bytes]","args":[{"element-6066-11e4-a52e-4f735466cecf":"f.3354A31769E1E4013F80CDE1D39C4690.d.8CBDA2F31F1EAD454007A7AAFD53CE57.e.7658","ELEMENT":"f.3354A31769E1E4013F80CDE1D39C4690.d.8CBDA2F31F1EAD454007A7AAFD53CE57.e.7658"}]}
COMMAND: GET /session/cdd2d6a6ff4e4121354b0ded879e8cf3/element/f.3354A31769E1E4013F80CDE1D39C4690.d.8CBDA2F31F1EAD454007A7AAFD53CE57.e.7657/attribute/aria-checked - {}
COMMAND: GET /session/cdd2d6a6ff4e4121354b0ded879e8cf3/screenshot - {}
RESULT: {}
COMMAND: POST /session/cdd2d6a6ff4e4121354b0ded879e8cf3/element - {"using":"xpath","value":"//table[contains(@id, \"listView-innerSelectionPanelTable-listUl\")]/tbody/tr[17]/td[2]/div/div"}
RESULT: {}
RESULT: {"using":"xpath","value":"//table[contains(@id, \"listView-innerSelectionPanelTable-listUl\")]/tbody/tr[17]/td[2]/div/div"}
COMMAND: POST /session/cdd2d6a6ff4e4121354b0ded879e8cf3/element - {"using":"xpath","value":"//table[contains(@id, \"listView-innerSelectionPanelTable-listUl\")]/tbody/tr[17]/td[2]/div"}
RESULT: {"using":"xpath","value":"//table[contains(@id, \"listView-innerSelectionPanelTable-listUl\")]/tbody/tr[17]/td[2]/div"}
COMMAND: POST /session/cdd2d6a6ff4e4121354b0ded879e8cf3/element - {"using":"xpath","value":"//table[contains(@id, \"listView-innerSelectionPanelTable-listUl\")]/tbody/tr[17]/td[3]/div/div/span/span[1]/bdi"}
RESULT: {"using":"xpath","value":"//table[contains(@id, \"listView-innerSelectionPanelTable-listUl\")]/tbody/tr[17]/td[3]/div/div/span/span[1]/bdi"}
COMMAND: POST /session/cdd2d6a6ff4e4121354b0ded879e8cf3/execute/sync - {"script":"<script> [56 bytes]","args":[{"element-6066-11e4-a52e-4f735466cecf":"f.3354A31769E1E4013F80CDE1D39C4690.d.8CBDA2F31F1EAD454007A7AAFD53CE57.e.7661","ELEMENT":"f.3354A31769E1E4013F80CDE1D39C4690.d.8CBDA2F31F1EAD454007A7AAFD53CE57.e.7661"}]}
RESULT: {"script":"<script> [56 bytes]","args":[{"element-6066-11e4-a52e-4f735466cecf":"f.3354A31769E1E4013F80CDE1D39C4690.d.8CBDA2F31F1EAD454007A7AAFD53CE57.e.7661","ELEMENT":"f.3354A31769E1E4013F80CDE1D39C4690.d.8CBDA2F31F1EAD454007A7AAFD53CE57.e.7661"}]}
COMMAND: GET /session/cdd2d6a6ff4e4121354b0ded879e8cf3/element/f.3354A31769E1E4013F80CDE1D39C4690.d.8CBDA2F31F1EAD454007A7AAFD53CE57.e.7660/attribute/aria-checked - {}
COMMAND: GET /session/cdd2d6a6ff4e4121354b0ded879e8cf3/screenshot - {}
RESULT: {}
COMMAND: POST /session/cdd2d6a6ff4e4121354b0ded879e8cf3/element - {"using":"xpath","value":"//table[contains(@id, \"listView-innerSelectionPanelTable-listUl\")]/tbody/tr[18]/td[2]/div/div"}
RESULT: {}
RESULT: {"using":"xpath","value":"//table[contains(@id, \"listView-innerSelectionPanelTable-listUl\")]/tbody/tr[18]/td[2]/div/div"}
COMMAND: POST /session/cdd2d6a6ff4e4121354b0ded879e8cf3/element - {"using":"xpath","value":"//table[contains(@id, \"listView-innerSelectionPanelTable-listUl\")]/tbody/tr[18]/td[2]/div"}
RESULT: {"using":"xpath","value":"//table[contains(@id, \"listView-innerSelectionPanelTable-listUl\")]/tbody/tr[18]/td[2]/div"}
COMMAND: POST /session/cdd2d6a6ff4e4121354b0ded879e8cf3/element - {"using":"xpath","value":"//table[contains(@id, \"listView-innerSelectionPanelTable-listUl\")]/tbody/tr[18]/td[3]/div/div/span/span[1]/bdi"}
RESULT: {"using":"xpath","value":"//table[contains(@id, \"listView-innerSelectionPanelTable-listUl\")]/tbody/tr[18]/td[3]/div/div/span/span[1]/bdi"}
COMMAND: POST /session/cdd2d6a6ff4e4121354b0ded879e8cf3/execute/sync - {"script":"<script> [56 bytes]","args":[{"element-6066-11e4-a52e-4f735466cecf":"f.3354A31769E1E4013F80CDE1D39C4690.d.8CBDA2F31F1EAD454007A7AAFD53CE57.e.7664","ELEMENT":"f.3354A31769E1E4013F80CDE1D39C4690.d.8CBDA2F31F1EAD454007A7AAFD53CE57.e.7664"}]}
RESULT: {"script":"<script> [56 bytes]","args":[{"element-6066-11e4-a52e-4f735466cecf":"f.3354A31769E1E4013F80CDE1D39C4690.d.8CBDA2F31F1EAD454007A7AAFD53CE57.e.7664","ELEMENT":"f.3354A31769E1E4013F80CDE1D39C4690.d.8CBDA2F31F1EAD454007A7AAFD53CE57.e.7664"}]}
COMMAND: GET /session/cdd2d6a6ff4e4121354b0ded879e8cf3/element/f.3354A31769E1E4013F80CDE1D39C4690.d.8CBDA2F31F1EAD454007A7AAFD53CE57.e.7663/attribute/aria-checked - {}
COMMAND: GET /session/cdd2d6a6ff4e4121354b0ded879e8cf3/screenshot - {}
RESULT: {}
COMMAND: POST /session/cdd2d6a6ff4e4121354b0ded879e8cf3/element - {"using":"xpath","value":"//table[contains(@id, \"listView-innerSelectionPanelTable-listUl\")]/tbody/tr[19]/td[2]/div/div"}
RESULT: {}
RESULT: {"using":"xpath","value":"//table[contains(@id, \"listView-innerSelectionPanelTable-listUl\")]/tbody/tr[19]/td[2]/div/div"}
COMMAND: POST /session/cdd2d6a6ff4e4121354b0ded879e8cf3/element - {"using":"xpath","value":"//table[contains(@id, \"listView-innerSelectionPanelTable-listUl\")]/tbody/tr[19]/td[2]/div"}
RESULT: {"using":"xpath","value":"//table[contains(@id, \"listView-innerSelectionPanelTable-listUl\")]/tbody/tr[19]/td[2]/div"}
COMMAND: POST /session/cdd2d6a6ff4e4121354b0ded879e8cf3/element - {"using":"xpath","value":"//table[contains(@id, \"listView-innerSelectionPanelTable-listUl\")]/tbody/tr[19]/td[3]/div/div/span/span[1]/bdi"}
RESULT: {"using":"xpath","value":"//table[contains(@id, \"listView-innerSelectionPanelTable-listUl\")]/tbody/tr[19]/td[3]/div/div/span/span[1]/bdi"}
COMMAND: POST /session/cdd2d6a6ff4e4121354b0ded879e8cf3/execute/sync - {"script":"<script> [56 bytes]","args":[{"element-6066-11e4-a52e-4f735466cecf":"f.3354A31769E1E4013F80CDE1D39C4690.d.8CBDA2F31F1EAD454007A7AAFD53CE57.e.7667","ELEMENT":"f.3354A31769E1E4013F80CDE1D39C4690.d.8CBDA2F31F1EAD454007A7AAFD53CE57.e.7667"}]}
RESULT: {"script":"<script> [56 bytes]","args":[{"element-6066-11e4-a52e-4f735466cecf":"f.3354A31769E1E4013F80CDE1D39C4690.d.8CBDA2F31F1EAD454007A7AAFD53CE57.e.7667","ELEMENT":"f.3354A31769E1E4013F80CDE1D39C4690.d.8CBDA2F31F1EAD454007A7AAFD53CE57.e.7667"}]}
COMMAND: GET /session/cdd2d6a6ff4e4121354b0ded879e8cf3/element/f.3354A31769E1E4013F80CDE1D39C4690.d.8CBDA2F31F1EAD454007A7AAFD53CE57.e.7666/attribute/aria-checked - {}
COMMAND: GET /session/cdd2d6a6ff4e4121354b0ded879e8cf3/screenshot - {}
RESULT: {}
COMMAND: POST /session/cdd2d6a6ff4e4121354b0ded879e8cf3/element - {"using":"xpath","value":"//table[contains(@id, \"listView-innerSelectionPanelTable-listUl\")]/tbody/tr[20]/td[2]/div/div"}
RESULT: {}
RESULT: {"using":"xpath","value":"//table[contains(@id, \"listView-innerSelectionPanelTable-listUl\")]/tbody/tr[20]/td[2]/div/div"}
COMMAND: POST /session/cdd2d6a6ff4e4121354b0ded879e8cf3/element - {"using":"xpath","value":"//table[contains(@id, \"listView-innerSelectionPanelTable-listUl\")]/tbody/tr[20]/td[2]/div"}
RESULT: {"using":"xpath","value":"//table[contains(@id, \"listView-innerSelectionPanelTable-listUl\")]/tbody/tr[20]/td[2]/div"}
COMMAND: POST /session/cdd2d6a6ff4e4121354b0ded879e8cf3/element - {"using":"xpath","value":"//table[contains(@id, \"listView-innerSelectionPanelTable-listUl\")]/tbody/tr[20]/td[3]/div/div/span/span[1]/bdi"}
RESULT: {"using":"xpath","value":"//table[contains(@id, \"listView-innerSelectionPanelTable-listUl\")]/tbody/tr[20]/td[3]/div/div/span/span[1]/bdi"}
COMMAND: POST /session/cdd2d6a6ff4e4121354b0ded879e8cf3/execute/sync - {"script":"<script> [56 bytes]","args":[{"element-6066-11e4-a52e-4f735466cecf":"f.3354A31769E1E4013F80CDE1D39C4690.d.8CBDA2F31F1EAD454007A7AAFD53CE57.e.7670","ELEMENT":"f.3354A31769E1E4013F80CDE1D39C4690.d.8CBDA2F31F1EAD454007A7AAFD53CE57.e.7670"}]}
RESULT: {"script":"<script> [56 bytes]","args":[{"element-6066-11e4-a52e-4f735466cecf":"f.3354A31769E1E4013F80CDE1D39C4690.d.8CBDA2F31F1EAD454007A7AAFD53CE57.e.7670","ELEMENT":"f.3354A31769E1E4013F80CDE1D39C4690.d.8CBDA2F31F1EAD454007A7AAFD53CE57.e.7670"}]}
COMMAND: GET /session/cdd2d6a6ff4e4121354b0ded879e8cf3/element/f.3354A31769E1E4013F80CDE1D39C4690.d.8CBDA2F31F1EAD454007A7AAFD53CE57.e.7669/attribute/aria-checked - {}
COMMAND: GET /session/cdd2d6a6ff4e4121354b0ded879e8cf3/screenshot - {}
RESULT: {}
COMMAND: POST /session/cdd2d6a6ff4e4121354b0ded879e8cf3/element - {"using":"xpath","value":"//table[contains(@id, \"listView-innerSelectionPanelTable-listUl\")]/tbody/tr[21]/td[2]/div/div"}
COMMAND: POST /session/cdd2d6a6ff4e4121354b0ded879e8cf3/element/f.3354A31769E1E4013F80CDE1D39C4690.d.8CBDA2F31F1EAD454007A7AAFD53CE57.e.7668/click - {}
RESULT: {}
RESULT: {"using":"xpath","value":"//table[contains(@id, \"listView-innerSelectionPanelTable-listUl\")]/tbody/tr[21]/td[2]/div/div"}
COMMAND: POST /session/cdd2d6a6ff4e4121354b0ded879e8cf3/element - {"using":"xpath","value":"//table[contains(@id, \"listView-innerSelectionPanelTable-listUl\")]/tbody/tr[21]/td[2]/div"}
RESULT: {}
COMMAND: GET /session/cdd2d6a6ff4e4121354b0ded879e8cf3/screenshot - {}
RESULT: {"using":"xpath","value":"//table[contains(@id, \"listView-innerSelectionPanelTable-listUl\")]/tbody/tr[21]/td[2]/div"}
COMMAND: POST /session/cdd2d6a6ff4e4121354b0ded879e8cf3/element - {"using":"xpath","value":"//table[contains(@id, \"listView-innerSelectionPanelTable-listUl\")]/tbody/tr[21]/td[3]/div/div/span/span[1]/bdi"}
RESULT: {}
RESULT: {"using":"xpath","value":"//table[contains(@id, \"listView-innerSelectionPanelTable-listUl\")]/tbody/tr[21]/td[3]/div/div/span/span[1]/bdi"}
COMMAND: POST /session/cdd2d6a6ff4e4121354b0ded879e8cf3/execute/sync - {"script":"<script> [56 bytes]","args":[{"element-6066-11e4-a52e-4f735466cecf":"f.3354A31769E1E4013F80CDE1D39C4690.d.8CBDA2F31F1EAD454007A7AAFD53CE57.e.7676","ELEMENT":"f.3354A31769E1E4013F80CDE1D39C4690.d.8CBDA2F31F1EAD454007A7AAFD53CE57.e.7676"}]}
RESULT: {"script":"<script> [56 bytes]","args":[{"element-6066-11e4-a52e-4f735466cecf":"f.3354A31769E1E4013F80CDE1D39C4690.d.8CBDA2F31F1EAD454007A7AAFD53CE57.e.7676","ELEMENT":"f.3354A31769E1E4013F80CDE1D39C4690.d.8CBDA2F31F1EAD454007A7AAFD53CE57.e.7676"}]}
COMMAND: GET /session/cdd2d6a6ff4e4121354b0ded879e8cf3/element/f.3354A31769E1E4013F80CDE1D39C4690.d.8CBDA2F31F1EAD454007A7AAFD53CE57.e.7675/attribute/aria-checked - {}
COMMAND: GET /session/cdd2d6a6ff4e4121354b0ded879e8cf3/screenshot - {}
RESULT: {}
COMMAND: POST /session/cdd2d6a6ff4e4121354b0ded879e8cf3/element - {"using":"xpath","value":"//table[contains(@id, \"listView-innerSelectionPanelTable-listUl\")]/tbody/tr[22]/td[2]/div/div"}
COMMAND: POST /session/cdd2d6a6ff4e4121354b0ded879e8cf3/element/f.3354A31769E1E4013F80CDE1D39C4690.d.8CBDA2F31F1EAD454007A7AAFD53CE57.e.7671/click - {}
RESULT: {}
RESULT: {"using":"xpath","value":"//table[contains(@id, \"listView-innerSelectionPanelTable-listUl\")]/tbody/tr[22]/td[2]/div/div"}
COMMAND: POST /session/cdd2d6a6ff4e4121354b0ded879e8cf3/element - {"using":"xpath","value":"//table[contains(@id, \"listView-innerSelectionPanelTable-listUl\")]/tbody/tr[22]/td[2]/div"}
RESULT: {}
COMMAND: GET /session/cdd2d6a6ff4e4121354b0ded879e8cf3/screenshot - {}
RESULT: {"using":"xpath","value":"//table[contains(@id, \"listView-innerSelectionPanelTable-listUl\")]/tbody/tr[22]/td[2]/div"}
COMMAND: POST /session/cdd2d6a6ff4e4121354b0ded879e8cf3/element - {"using":"xpath","value":"//table[contains(@id, \"listView-innerSelectionPanelTable-listUl\")]/tbody/tr[22]/td[3]/div/div/span/span[1]/bdi"}
RESULT: {}
RESULT: {"using":"xpath","value":"//table[contains(@id, \"listView-innerSelectionPanelTable-listUl\")]/tbody/tr[22]/td[3]/div/div/span/span[1]/bdi"}
COMMAND: POST /session/cdd2d6a6ff4e4121354b0ded879e8cf3/execute/sync - {"script":"<script> [56 bytes]","args":[{"element-6066-11e4-a52e-4f735466cecf":"f.3354A31769E1E4013F80CDE1D39C4690.d.8CBDA2F31F1EAD454007A7AAFD53CE57.e.7680","ELEMENT":"f.3354A31769E1E4013F80CDE1D39C4690.d.8CBDA2F31F1EAD454007A7AAFD53CE57.e.7680"}]}
RESULT: {"script":"<script> [56 bytes]","args":[{"element-6066-11e4-a52e-4f735466cecf":"f.3354A31769E1E4013F80CDE1D39C4690.d.8CBDA2F31F1EAD454007A7AAFD53CE57.e.7680","ELEMENT":"f.3354A31769E1E4013F80CDE1D39C4690.d.8CBDA2F31F1EAD454007A7AAFD53CE57.e.7680"}]}
COMMAND: GET /session/cdd2d6a6ff4e4121354b0ded879e8cf3/element/f.3354A31769E1E4013F80CDE1D39C4690.d.8CBDA2F31F1EAD454007A7AAFD53CE57.e.7679/attribute/aria-checked - {}
COMMAND: GET /session/cdd2d6a6ff4e4121354b0ded879e8cf3/screenshot - {}
RESULT: {}
COMMAND: POST /session/cdd2d6a6ff4e4121354b0ded879e8cf3/element - {"using":"xpath","value":"//table[contains(@id, \"listView-innerSelectionPanelTable-listUl\")]/tbody/tr[23]/td[2]/div/div"}
RESULT: {}
RESULT: {"using":"xpath","value":"//table[contains(@id, \"listView-innerSelectionPanelTable-listUl\")]/tbody/tr[23]/td[2]/div/div"}
COMMAND: POST /session/cdd2d6a6ff4e4121354b0ded879e8cf3/element - {"using":"xpath","value":"//table[contains(@id, \"listView-innerSelectionPanelTable-listUl\")]/tbody/tr[23]/td[2]/div"}
RESULT: {"using":"xpath","value":"//table[contains(@id, \"listView-innerSelectionPanelTable-listUl\")]/tbody/tr[23]/td[2]/div"}
COMMAND: POST /session/cdd2d6a6ff4e4121354b0ded879e8cf3/element - {"using":"xpath","value":"//table[contains(@id, \"listView-innerSelectionPanelTable-listUl\")]/tbody/tr[23]/td[3]/div/div/span/span[1]/bdi"}
RESULT: {"using":"xpath","value":"//table[contains(@id, \"listView-innerSelectionPanelTable-listUl\")]/tbody/tr[23]/td[3]/div/div/span/span[1]/bdi"}
COMMAND: POST /session/cdd2d6a6ff4e4121354b0ded879e8cf3/execute/sync - {"script":"<script> [56 bytes]","args":[{"element-6066-11e4-a52e-4f735466cecf":"f.3354A31769E1E4013F80CDE1D39C4690.d.8CBDA2F31F1EAD454007A7AAFD53CE57.e.7683","ELEMENT":"f.3354A31769E1E4013F80CDE1D39C4690.d.8CBDA2F31F1EAD454007A7AAFD53CE57.e.7683"}]}
RESULT: {"script":"<script> [56 bytes]","args":[{"element-6066-11e4-a52e-4f735466cecf":"f.3354A31769E1E4013F80CDE1D39C4690.d.8CBDA2F31F1EAD454007A7AAFD53CE57.e.7683","ELEMENT":"f.3354A31769E1E4013F80CDE1D39C4690.d.8CBDA2F31F1EAD454007A7AAFD53CE57.e.7683"}]}
COMMAND: GET /session/cdd2d6a6ff4e4121354b0ded879e8cf3/element/f.3354A31769E1E4013F80CDE1D39C4690.d.8CBDA2F31F1EAD454007A7AAFD53CE57.e.7682/attribute/aria-checked - {}
COMMAND: GET /session/cdd2d6a6ff4e4121354b0ded879e8cf3/screenshot - {}
RESULT: {}
COMMAND: POST /session/cdd2d6a6ff4e4121354b0ded879e8cf3/element - {"using":"xpath","value":"//table[contains(@id, \"listView-innerSelectionPanelTable-listUl\")]/tbody/tr[24]/td[2]/div/div"}
RESULT: {}
RESULT: {"using":"xpath","value":"//table[contains(@id, \"listView-innerSelectionPanelTable-listUl\")]/tbody/tr[24]/td[2]/div/div"}
COMMAND: POST /session/cdd2d6a6ff4e4121354b0ded879e8cf3/element - {"using":"xpath","value":"//table[contains(@id, \"listView-innerSelectionPanelTable-listUl\")]/tbody/tr[24]/td[2]/div"}
RESULT: {"using":"xpath","value":"//table[contains(@id, \"listView-innerSelectionPanelTable-listUl\")]/tbody/tr[24]/td[2]/div"}
COMMAND: POST /session/cdd2d6a6ff4e4121354b0ded879e8cf3/element - {"using":"xpath","value":"//table[contains(@id, \"listView-innerSelectionPanelTable-listUl\")]/tbody/tr[24]/td[3]/div/div/span/span[1]/bdi"}
RESULT: {"using":"xpath","value":"//table[contains(@id, \"listView-innerSelectionPanelTable-listUl\")]/tbody/tr[24]/td[3]/div/div/span/span[1]/bdi"}
COMMAND: POST /session/cdd2d6a6ff4e4121354b0ded879e8cf3/execute/sync - {"script":"<script> [56 bytes]","args":[{"element-6066-11e4-a52e-4f735466cecf":"f.3354A31769E1E4013F80CDE1D39C4690.d.8CBDA2F31F1EAD454007A7AAFD53CE57.e.7686","ELEMENT":"f.3354A31769E1E4013F80CDE1D39C4690.d.8CBDA2F31F1EAD454007A7AAFD53CE57.e.7686"}]}
RESULT: {"script":"<script> [56 bytes]","args":[{"element-6066-11e4-a52e-4f735466cecf":"f.3354A31769E1E4013F80CDE1D39C4690.d.8CBDA2F31F1EAD454007A7AAFD53CE57.e.7686","ELEMENT":"f.3354A31769E1E4013F80CDE1D39C4690.d.8CBDA2F31F1EAD454007A7AAFD53CE57.e.7686"}]}
COMMAND: GET /session/cdd2d6a6ff4e4121354b0ded879e8cf3/element/f.3354A31769E1E4013F80CDE1D39C4690.d.8CBDA2F31F1EAD454007A7AAFD53CE57.e.7685/attribute/aria-checked - {}
COMMAND: GET /session/cdd2d6a6ff4e4121354b0ded879e8cf3/screenshot - {}
RESULT: {}
COMMAND: POST /session/cdd2d6a6ff4e4121354b0ded879e8cf3/element - {"using":"xpath","value":"//table[contains(@id, \"listView-innerSelectionPanelTable-listUl\")]/tbody/tr[25]/td[2]/div/div"}
RESULT: {}
RESULT: {"using":"xpath","value":"//table[contains(@id, \"listView-innerSelectionPanelTable-listUl\")]/tbody/tr[25]/td[2]/div/div"}
COMMAND: POST /session/cdd2d6a6ff4e4121354b0ded879e8cf3/element - {"using":"xpath","value":"//table[contains(@id, \"listView-innerSelectionPanelTable-listUl\")]/tbody/tr[25]/td[2]/div"}
RESULT: {"using":"xpath","value":"//table[contains(@id, \"listView-innerSelectionPanelTable-listUl\")]/tbody/tr[25]/td[2]/div"}
COMMAND: POST /session/cdd2d6a6ff4e4121354b0ded879e8cf3/element - {"using":"xpath","value":"//table[contains(@id, \"listView-innerSelectionPanelTable-listUl\")]/tbody/tr[25]/td[3]/div/div/span/span[1]/bdi"}
RESULT: {"using":"xpath","value":"//table[contains(@id, \"listView-innerSelectionPanelTable-listUl\")]/tbody/tr[25]/td[3]/div/div/span/span[1]/bdi"}
COMMAND: POST /session/cdd2d6a6ff4e4121354b0ded879e8cf3/execute/sync - {"script":"<script> [56 bytes]","args":[{"element-6066-11e4-a52e-4f735466cecf":"f.3354A31769E1E4013F80CDE1D39C4690.d.8CBDA2F31F1EAD454007A7AAFD53CE57.e.7689","ELEMENT":"f.3354A31769E1E4013F80CDE1D39C4690.d.8CBDA2F31F1EAD454007A7AAFD53CE57.e.7689"}]}
RESULT: {"script":"<script> [56 bytes]","args":[{"element-6066-11e4-a52e-4f735466cecf":"f.3354A31769E1E4013F80CDE1D39C4690.d.8CBDA2F31F1EAD454007A7AAFD53CE57.e.7689","ELEMENT":"f.3354A31769E1E4013F80CDE1D39C4690.d.8CBDA2F31F1EAD454007A7AAFD53CE57.e.7689"}]}
COMMAND: GET /session/cdd2d6a6ff4e4121354b0ded879e8cf3/element/f.3354A31769E1E4013F80CDE1D39C4690.d.8CBDA2F31F1EAD454007A7AAFD53CE57.e.7688/attribute/aria-checked - {}
COMMAND: GET /session/cdd2d6a6ff4e4121354b0ded879e8cf3/screenshot - {}
RESULT: {}
COMMAND: POST /session/cdd2d6a6ff4e4121354b0ded879e8cf3/element - {"using":"xpath","value":"//bdi[contains(text(), \"OK\")]"}
RESULT: {}
RESULT: {"using":"xpath","value":"//bdi[contains(text(), \"OK\")]"}
COMMAND: POST /session/cdd2d6a6ff4e4121354b0ded879e8cf3/element/f.3354A31769E1E4013F80CDE1D39C4690.d.8CBDA2F31F1EAD454007A7AAFD53CE57.e.7690/click - {}
RESULT: {}
COMMAND: GET /session/cdd2d6a6ff4e4121354b0ded879e8cf3/screenshot - {}
RESULT: {}
COMMAND: POST /session/cdd2d6a6ff4e4121354b0ded879e8cf3/execute/async - {"script":"<script> [1562 bytes]","args":[{"selector":{"id":"application-managepartners-display-component---masterPtm--smartFilterBar-filterItemControlA_-LINK_TO_ADDRESSES_MAIN.ID-vhi"},"wdio_ui5_key":"applicationmanagepartners-display-component---masterPtm--smartFilterBar-filterItemControlA_-LINK_TO_ADDRESSES_MAIN.ID-vhi"}]}
RESULT: {"script":"<script> [1562 bytes]","args":[{"selector":{"id":"application-managepartners-display-component---masterPtm--smartFilterBar-filterItemControlA_-LINK_TO_ADDRESSES_MAIN.ID-vhi"},"wdio_ui5_key":"applicationmanagepartners-display-component---masterPtm--smartFilterBar-filterItemControlA_-LINK_TO_ADDRESSES_MAIN.ID-vhi"}]}
RESULT: undefined
COMMAND: POST /session/cdd2d6a6ff4e4121354b0ded879e8cf3/element - {"using":"xpath","value":"//*[@id=\"application-managepartners-display-component---masterPtm--smartFilterBar-filterItemControlA_-LINK_TO_ADDRESSES_MAIN.ID-vhi\"]"}
RESULT: {"using":"xpath","value":"//*[@id=\"application-managepartners-display-component---masterPtm--smartFilterBar-filterItemControlA_-LINK_TO_ADDRESSES_MAIN.ID-vhi\"]"}
COMMAND: POST /session/cdd2d6a6ff4e4121354b0ded879e8cf3/element/f.3354A31769E1E4013F80CDE1D39C4690.d.8CBDA2F31F1EAD454007A7AAFD53CE57.e.7703/click - {}
RESULT: {}
COMMAND: GET /session/cdd2d6a6ff4e4121354b0ded879e8cf3/screenshot - {}
RESULT: {}
COMMAND: POST /session/cdd2d6a6ff4e4121354b0ded879e8cf3/execute/async - {"script":"<script> [1562 bytes]","args":[{"selector":{"controlType":"sap.ui.core.Icon","viewName":"etm.portal.ui.managepartners.view.Master","viewId":"application-managepartners-display-component---masterPtm","properties":{"src":{"regex":{"source":"slim\\-arrow\\-down"}}},"searchOpenDialogs":true},"wdio_ui5_key":"etmportal.ui.managepartners.view.Mastersap.ui.core.Icon{\"src\":{\"regex\":{\"source\":\"slim\\\\-arrow\\\\-down\"}}}"}]}
RESULT: {"script":"<script> [1562 bytes]","args":[{"selector":{"controlType":"sap.ui.core.Icon","viewName":"etm.portal.ui.managepartners.view.Master","viewId":"application-managepartners-display-component---masterPtm","properties":{"src":{"regex":{"source":"slim\\-arrow\\-down"}}},"searchOpenDialogs":true},"wdio_ui5_key":"etmportal.ui.managepartners.view.Mastersap.ui.core.Icon{\"src\":{\"regex\":{\"source\":\"slim\\\\-arrow\\\\-down\"}}}"}]}
RESULT: undefined
COMMAND: POST /session/cdd2d6a6ff4e4121354b0ded879e8cf3/element - {"using":"xpath","value":"//*[@id=\"__box77-arrow\"]"}
RESULT: {"using":"xpath","value":"//*[@id=\"__box77-arrow\"]"}
COMMAND: POST /session/cdd2d6a6ff4e4121354b0ded879e8cf3/element/f.3354A31769E1E4013F80CDE1D39C4690.d.8CBDA2F31F1EAD454007A7AAFD53CE57.e.7708/click - {}
RESULT: {}
COMMAND: GET /session/cdd2d6a6ff4e4121354b0ded879e8cf3/screenshot - {}
RESULT: {}
COMMAND: POST /session/cdd2d6a6ff4e4121354b0ded879e8cf3/element - {"using":"xpath","value":"//li[.//span[text()='equal to']]"}
RESULT: {"using":"xpath","value":"//li[.//span[text()='equal to']]"}
COMMAND: POST /session/cdd2d6a6ff4e4121354b0ded879e8cf3/element/f.3354A31769E1E4013F80CDE1D39C4690.d.8CBDA2F31F1EAD454007A7AAFD53CE57.e.7709/click - {}
RESULT: {}
COMMAND: GET /session/cdd2d6a6ff4e4121354b0ded879e8cf3/screenshot - {}
RESULT: {}
RESULT: undefined
COMMAND: POST /session/cdd2d6a6ff4e4121354b0ded879e8cf3/execute/async - {"script":"<script> [776 bytes]","args":[{"enterText":"1006","selector":{"controlType":"sap.m.Input","viewName":"etm.portal.ui.managepartners.view.Master","viewId":"application-managepartners-display-component---masterPtm","properties":{"valueState":"None"},"searchOpenDialogs":true,"interaction":{"idSuffix":"inner"}},"clearTextFirst":true,"interactionType":"ENTER_TEXT"}]}
RESULT: {"script":"<script> [776 bytes]","args":[{"enterText":"1006","selector":{"controlType":"sap.m.Input","viewName":"etm.portal.ui.managepartners.view.Master","viewId":"application-managepartners-display-component---masterPtm","properties":{"valueState":"None"},"searchOpenDialogs":true,"interaction":{"idSuffix":"inner"}},"clearTextFirst":true,"interactionType":"ENTER_TEXT"}]}
COMMAND: POST /session/cdd2d6a6ff4e4121354b0ded879e8cf3/actions - {"actions":[{"id":"action22","type":"key","parameters":{},"actions":[{"type":"keyDown","value":""},{"type":"pause","duration":10},{"type":"keyUp","value":""}]}]}
RESULT: {"actions":[{"id":"action22","type":"key","parameters":{},"actions":[{"type":"keyDown","value":""},{"type":"pause","duration":10},{"type":"keyUp","value":""}]}]}
COMMAND: GET /session/cdd2d6a6ff4e4121354b0ded879e8cf3/screenshot - {}
RESULT: {}
COMMAND: POST /session/cdd2d6a6ff4e4121354b0ded879e8cf3/element - {"using":"xpath","value":"(//bdi[contains(text(), \"OK\")])[1]"}
RESULT: {"using":"xpath","value":"(//bdi[contains(text(), \"OK\")])[1]"}
COMMAND: POST /session/cdd2d6a6ff4e4121354b0ded879e8cf3/element/f.3354A31769E1E4013F80CDE1D39C4690.d.8CBDA2F31F1EAD454007A7AAFD53CE57.e.7710/click - {}
RESULT: {}
COMMAND: GET /session/cdd2d6a6ff4e4121354b0ded879e8cf3/screenshot - {}
RESULT: {}
COMMAND: POST /session/cdd2d6a6ff4e4121354b0ded879e8cf3/element - {"using":"xpath","value":"//span[@id=\"application-managepartners-display-component---masterPtm--smartTable-header-inner\"]"}
RESULT: {"using":"xpath","value":"//span[@id=\"application-managepartners-display-component---masterPtm--smartTable-header-inner\"]"}
COMMAND: POST /session/cdd2d6a6ff4e4121354b0ded879e8cf3/elements - {"using":"xpath","value":"//span[@id=\"application-managepartners-display-component---masterPtm--smartTable-header-inner\"]"}
RESULT: {"using":"xpath","value":"//span[@id=\"application-managepartners-display-component---masterPtm--smartTable-header-inner\"]"}
COMMAND: POST /session/cdd2d6a6ff4e4121354b0ded879e8cf3/execute/sync - {"script":"<script> [56 bytes]","args":[{"element-6066-11e4-a52e-4f735466cecf":"f.3354A31769E1E4013F80CDE1D39C4690.d.8CBDA2F31F1EAD454007A7AAFD53CE57.e.7548","ELEMENT":"f.3354A31769E1E4013F80CDE1D39C4690.d.8CBDA2F31F1EAD454007A7AAFD53CE57.e.7548"}]}
RESULT: {"script":"<script> [56 bytes]","args":[{"element-6066-11e4-a52e-4f735466cecf":"f.3354A31769E1E4013F80CDE1D39C4690.d.8CBDA2F31F1EAD454007A7AAFD53CE57.e.7548","ELEMENT":"f.3354A31769E1E4013F80CDE1D39C4690.d.8CBDA2F31F1EAD454007A7AAFD53CE57.e.7548"}]}
COMMAND: POST /session/cdd2d6a6ff4e4121354b0ded879e8cf3/element - {"using":"xpath","value":"//span[contains(@title, \"Remove\")]"}
COMMAND: GET /session/cdd2d6a6ff4e4121354b0ded879e8cf3/screenshot - {}
RESULT: {"using":"xpath","value":"//span[contains(@title, \"Remove\")]"}
COMMAND: POST /session/cdd2d6a6ff4e4121354b0ded879e8cf3/element/f.3354A31769E1E4013F80CDE1D39C4690.d.8CBDA2F31F1EAD454007A7AAFD53CE57.e.7720/click - {}
RESULT: {}
RESULT: {}
COMMAND: GET /session/cdd2d6a6ff4e4121354b0ded879e8cf3/screenshot - {}
RESULT: undefined
COMMAND: POST /session/cdd2d6a6ff4e4121354b0ded879e8cf3/element - {"using":"xpath","value":"//*[@id=\"application-managepartners-display-component---masterPtm--smartFilterBar-filterItemControl_BASIC-YARD-vhi\"]"}
RESULT: {}
RESULT: {"using":"xpath","value":"//*[@id=\"application-managepartners-display-component---masterPtm--smartFilterBar-filterItemControl_BASIC-YARD-vhi\"]"}
COMMAND: POST /session/cdd2d6a6ff4e4121354b0ded879e8cf3/element/f.3354A31769E1E4013F80CDE1D39C4690.d.8CBDA2F31F1EAD454007A7AAFD53CE57.e.7824/click - {}
RESULT: {}
COMMAND: GET /session/cdd2d6a6ff4e4121354b0ded879e8cf3/screenshot - {}
RESULT: {}
RESULT: undefined
COMMAND: POST /session/cdd2d6a6ff4e4121354b0ded879e8cf3/execute/async - {"script":"<script> [776 bytes]","args":[{"enterText":"Test","selector":{"id":"application-managepartners-display-component---masterPtm--smartFilterBar-filterItemControl_BASIC-YARD-valueHelpDialog-smartFilterBar-btnBasicSearch","searchOpenDialogs":true,"interaction":{"idSuffix":"I"}},"clearTextFirst":true,"interactionType":"ENTER_TEXT"}]}
RESULT: {"script":"<script> [776 bytes]","args":[{"enterText":"Test","selector":{"id":"application-managepartners-display-component---masterPtm--smartFilterBar-filterItemControl_BASIC-YARD-valueHelpDialog-smartFilterBar-btnBasicSearch","searchOpenDialogs":true,"interaction":{"idSuffix":"I"}},"clearTextFirst":true,"interactionType":"ENTER_TEXT"}]}
COMMAND: POST /session/cdd2d6a6ff4e4121354b0ded879e8cf3/actions - {"actions":[{"id":"action23","type":"key","parameters":{},"actions":[{"type":"keyDown","value":""},{"type":"pause","duration":10},{"type":"keyUp","value":""}]}]}
RESULT: {"actions":[{"id":"action23","type":"key","parameters":{},"actions":[{"type":"keyDown","value":""},{"type":"pause","duration":10},{"type":"keyUp","value":""}]}]}
COMMAND: POST /session/cdd2d6a6ff4e4121354b0ded879e8cf3/elements - {"using":"xpath","value":"//table[contains(@id, \"smartFilterBar-filterItemControl_BASIC-YARD-valueHelpDialog-table-table\")]/tbody/tr"}
COMMAND: GET /session/cdd2d6a6ff4e4121354b0ded879e8cf3/screenshot - {}
RESULT: {"using":"xpath","value":"//table[contains(@id, \"smartFilterBar-filterItemControl_BASIC-YARD-valueHelpDialog-table-table\")]/tbody/tr"}
COMMAND: POST /session/cdd2d6a6ff4e4121354b0ded879e8cf3/element - {"using":"xpath","value":"//table[contains(@id, \"smartFilterBar-filterItemControl_BASIC-YARD-valueHelpDialog-table-table\")]/tbody/tr[1]/td[1]/div/span"}
RESULT: {}
RESULT: {"using":"xpath","value":"//table[contains(@id, \"smartFilterBar-filterItemControl_BASIC-YARD-valueHelpDialog-table-table\")]/tbody/tr[1]/td[1]/div/span"}
COMMAND: POST /session/cdd2d6a6ff4e4121354b0ded879e8cf3/elements - {"using":"xpath","value":"//table[contains(@id, \"smartFilterBar-filterItemControl_BASIC-YARD-valueHelpDialog-table-table\")]/tbody/tr[1]/td[1]/div/span"}
RESULT: {"using":"xpath","value":"//table[contains(@id, \"smartFilterBar-filterItemControl_BASIC-YARD-valueHelpDialog-table-table\")]/tbody/tr[1]/td[1]/div/span"}
COMMAND: POST /session/cdd2d6a6ff4e4121354b0ded879e8cf3/execute/sync - {"script":"<script> [56 bytes]","args":[{"element-6066-11e4-a52e-4f735466cecf":"f.3354A31769E1E4013F80CDE1D39C4690.d.8CBDA2F31F1EAD454007A7AAFD53CE57.e.7844","ELEMENT":"f.3354A31769E1E4013F80CDE1D39C4690.d.8CBDA2F31F1EAD454007A7AAFD53CE57.e.7844"}]}
RESULT: {"script":"<script> [56 bytes]","args":[{"element-6066-11e4-a52e-4f735466cecf":"f.3354A31769E1E4013F80CDE1D39C4690.d.8CBDA2F31F1EAD454007A7AAFD53CE57.e.7844","ELEMENT":"f.3354A31769E1E4013F80CDE1D39C4690.d.8CBDA2F31F1EAD454007A7AAFD53CE57.e.7844"}]}
COMMAND: POST /session/cdd2d6a6ff4e4121354b0ded879e8cf3/element - {"using":"xpath","value":"//table[contains(@id, \"smartFilterBar-filterItemControl_BASIC-YARD-valueHelpDialog-table-table\")]/tbody/tr[2]/td[1]/div/span"}
COMMAND: GET /session/cdd2d6a6ff4e4121354b0ded879e8cf3/screenshot - {}
RESULT: {"using":"xpath","value":"//table[contains(@id, \"smartFilterBar-filterItemControl_BASIC-YARD-valueHelpDialog-table-table\")]/tbody/tr[2]/td[1]/div/span"}
COMMAND: POST /session/cdd2d6a6ff4e4121354b0ded879e8cf3/elements - {"using":"xpath","value":"//table[contains(@id, \"smartFilterBar-filterItemControl_BASIC-YARD-valueHelpDialog-table-table\")]/tbody/tr[2]/td[1]/div/span"}
RESULT: {}
RESULT: {"using":"xpath","value":"//table[contains(@id, \"smartFilterBar-filterItemControl_BASIC-YARD-valueHelpDialog-table-table\")]/tbody/tr[2]/td[1]/div/span"}
COMMAND: POST /session/cdd2d6a6ff4e4121354b0ded879e8cf3/execute/sync - {"script":"<script> [56 bytes]","args":[{"element-6066-11e4-a52e-4f735466cecf":"f.3354A31769E1E4013F80CDE1D39C4690.d.8CBDA2F31F1EAD454007A7AAFD53CE57.e.7845","ELEMENT":"f.3354A31769E1E4013F80CDE1D39C4690.d.8CBDA2F31F1EAD454007A7AAFD53CE57.e.7845"}]}
RESULT: {"script":"<script> [56 bytes]","args":[{"element-6066-11e4-a52e-4f735466cecf":"f.3354A31769E1E4013F80CDE1D39C4690.d.8CBDA2F31F1EAD454007A7AAFD53CE57.e.7845","ELEMENT":"f.3354A31769E1E4013F80CDE1D39C4690.d.8CBDA2F31F1EAD454007A7AAFD53CE57.e.7845"}]}
COMMAND: POST /session/cdd2d6a6ff4e4121354b0ded879e8cf3/element - {"using":"xpath","value":"//table[contains(@id, \"smartFilterBar-filterItemControl_BASIC-YARD-valueHelpDialog-table-table\")]/tbody/tr[3]/td[1]/div/span"}
COMMAND: GET /session/cdd2d6a6ff4e4121354b0ded879e8cf3/screenshot - {}
RESULT: {"using":"xpath","value":"//table[contains(@id, \"smartFilterBar-filterItemControl_BASIC-YARD-valueHelpDialog-table-table\")]/tbody/tr[3]/td[1]/div/span"}
COMMAND: POST /session/cdd2d6a6ff4e4121354b0ded879e8cf3/elements - {"using":"xpath","value":"//table[contains(@id, \"smartFilterBar-filterItemControl_BASIC-YARD-valueHelpDialog-table-table\")]/tbody/tr[3]/td[1]/div/span"}
RESULT: {}
RESULT: {"using":"xpath","value":"//table[contains(@id, \"smartFilterBar-filterItemControl_BASIC-YARD-valueHelpDialog-table-table\")]/tbody/tr[3]/td[1]/div/span"}
COMMAND: POST /session/cdd2d6a6ff4e4121354b0ded879e8cf3/execute/sync - {"script":"<script> [56 bytes]","args":[{"element-6066-11e4-a52e-4f735466cecf":"f.3354A31769E1E4013F80CDE1D39C4690.d.8CBDA2F31F1EAD454007A7AAFD53CE57.e.7846","ELEMENT":"f.3354A31769E1E4013F80CDE1D39C4690.d.8CBDA2F31F1EAD454007A7AAFD53CE57.e.7846"}]}
RESULT: {"script":"<script> [56 bytes]","args":[{"element-6066-11e4-a52e-4f735466cecf":"f.3354A31769E1E4013F80CDE1D39C4690.d.8CBDA2F31F1EAD454007A7AAFD53CE57.e.7846","ELEMENT":"f.3354A31769E1E4013F80CDE1D39C4690.d.8CBDA2F31F1EAD454007A7AAFD53CE57.e.7846"}]}
COMMAND: POST /session/cdd2d6a6ff4e4121354b0ded879e8cf3/element - {"using":"xpath","value":"//div[contains(@id, \"filterItemControl_BASIC-YARD-valueHelpDialog-table-rowsel2\")]"}
COMMAND: GET /session/cdd2d6a6ff4e4121354b0ded879e8cf3/screenshot - {}
RESULT: {"using":"xpath","value":"//div[contains(@id, \"filterItemControl_BASIC-YARD-valueHelpDialog-table-rowsel2\")]"}
COMMAND: POST /session/cdd2d6a6ff4e4121354b0ded879e8cf3/element/f.3354A31769E1E4013F80CDE1D39C4690.d.8CBDA2F31F1EAD454007A7AAFD53CE57.e.7847/click - {}
RESULT: {}
RESULT: {}
COMMAND: GET /session/cdd2d6a6ff4e4121354b0ded879e8cf3/screenshot - {}
RESULT: {}
COMMAND: POST /session/cdd2d6a6ff4e4121354b0ded879e8cf3/element - {"using":"xpath","value":"(//bdi[contains(text(), \"OK\")])[1]"}
RESULT: {"using":"xpath","value":"(//bdi[contains(text(), \"OK\")])[1]"}
COMMAND: POST /session/cdd2d6a6ff4e4121354b0ded879e8cf3/element/f.3354A31769E1E4013F80CDE1D39C4690.d.8CBDA2F31F1EAD454007A7AAFD53CE57.e.7849/click - {}
RESULT: {}
COMMAND: GET /session/cdd2d6a6ff4e4121354b0ded879e8cf3/screenshot - {}
RESULT: {}
COMMAND: POST /session/cdd2d6a6ff4e4121354b0ded879e8cf3/element - {"using":"xpath","value":"//span[@id=\"application-managepartners-display-component---masterPtm--smartTable-header-inner\"]"}
RESULT: {"using":"xpath","value":"//span[@id=\"application-managepartners-display-component---masterPtm--smartTable-header-inner\"]"}
COMMAND: POST /session/cdd2d6a6ff4e4121354b0ded879e8cf3/elements - {"using":"xpath","value":"//span[@id=\"application-managepartners-display-component---masterPtm--smartTable-header-inner\"]"}
RESULT: {"using":"xpath","value":"//span[@id=\"application-managepartners-display-component---masterPtm--smartTable-header-inner\"]"}
COMMAND: POST /session/cdd2d6a6ff4e4121354b0ded879e8cf3/execute/sync - {"script":"<script> [56 bytes]","args":[{"element-6066-11e4-a52e-4f735466cecf":"f.3354A31769E1E4013F80CDE1D39C4690.d.8CBDA2F31F1EAD454007A7AAFD53CE57.e.7548","ELEMENT":"f.3354A31769E1E4013F80CDE1D39C4690.d.8CBDA2F31F1EAD454007A7AAFD53CE57.e.7548"}]}
RESULT: {"script":"<script> [56 bytes]","args":[{"element-6066-11e4-a52e-4f735466cecf":"f.3354A31769E1E4013F80CDE1D39C4690.d.8CBDA2F31F1EAD454007A7AAFD53CE57.e.7548","ELEMENT":"f.3354A31769E1E4013F80CDE1D39C4690.d.8CBDA2F31F1EAD454007A7AAFD53CE57.e.7548"}]}
COMMAND: POST /session/cdd2d6a6ff4e4121354b0ded879e8cf3/element - {"using":"xpath","value":"//span[contains(@title, \"Remove\")]"}
COMMAND: GET /session/cdd2d6a6ff4e4121354b0ded879e8cf3/screenshot - {}
RESULT: {"using":"xpath","value":"//span[contains(@title, \"Remove\")]"}
COMMAND: POST /session/cdd2d6a6ff4e4121354b0ded879e8cf3/element/f.3354A31769E1E4013F80CDE1D39C4690.d.8CBDA2F31F1EAD454007A7AAFD53CE57.e.7861/click - {}
RESULT: {}
RESULT: {}
COMMAND: GET /session/cdd2d6a6ff4e4121354b0ded879e8cf3/screenshot - {}
RESULT: {}
RESULT: undefined
COMMAND: POST /session/cdd2d6a6ff4e4121354b0ded879e8cf3/element - {"using":"xpath","value":"//*[@id=\"application-managepartners-display-component---masterPtm--smartFilterBar-filterItemControl_BASIC-MAIN_ADDRESS-vhi\"]"}
RESULT: {"using":"xpath","value":"//*[@id=\"application-managepartners-display-component---masterPtm--smartFilterBar-filterItemControl_BASIC-MAIN_ADDRESS-vhi\"]"}
COMMAND: POST /session/cdd2d6a6ff4e4121354b0ded879e8cf3/element/f.3354A31769E1E4013F80CDE1D39C4690.d.8CBDA2F31F1EAD454007A7AAFD53CE57.e.7966/click - {}
RESULT: {}
COMMAND: GET /session/cdd2d6a6ff4e4121354b0ded879e8cf3/screenshot - {}
RESULT: {}
RESULT: undefined
COMMAND: POST /session/cdd2d6a6ff4e4121354b0ded879e8cf3/execute/async - {"script":"<script> [776 bytes]","args":[{"enterText":"Romania","selector":{"id":"application-managepartners-display-component---masterPtm--smartFilterBar-filterItemControl_BASIC-MAIN_ADDRESS-valueHelpDialog-smartFilterBar-btnBasicSearch","searchOpenDialogs":true,"interaction":{"idSuffix":"I"}},"clearTextFirst":true,"interactionType":"ENTER_TEXT"}]}
RESULT: {"script":"<script> [776 bytes]","args":[{"enterText":"Romania","selector":{"id":"application-managepartners-display-component---masterPtm--smartFilterBar-filterItemControl_BASIC-MAIN_ADDRESS-valueHelpDialog-smartFilterBar-btnBasicSearch","searchOpenDialogs":true,"interaction":{"idSuffix":"I"}},"clearTextFirst":true,"interactionType":"ENTER_TEXT"}]}
COMMAND: POST /session/cdd2d6a6ff4e4121354b0ded879e8cf3/actions - {"actions":[{"id":"action24","type":"key","parameters":{},"actions":[{"type":"keyDown","value":""},{"type":"pause","duration":10},{"type":"keyUp","value":""}]}]}
RESULT: {"actions":[{"id":"action24","type":"key","parameters":{},"actions":[{"type":"keyDown","value":""},{"type":"pause","duration":10},{"type":"keyUp","value":""}]}]}
COMMAND: POST /session/cdd2d6a6ff4e4121354b0ded879e8cf3/elements - {"using":"xpath","value":"//table[contains(@id, \"smartFilterBar-filterItemControl_BASIC-MAIN_ADDRESS-valueHelpDialog-table-table\")]/tbody/tr"}
COMMAND: GET /session/cdd2d6a6ff4e4121354b0ded879e8cf3/screenshot - {}
RESULT: {"using":"xpath","value":"//table[contains(@id, \"smartFilterBar-filterItemControl_BASIC-MAIN_ADDRESS-valueHelpDialog-table-table\")]/tbody/tr"}
COMMAND: POST /session/cdd2d6a6ff4e4121354b0ded879e8cf3/element - {"using":"xpath","value":"//table[contains(@id, \"smartFilterBar-filterItemControl_BASIC-MAIN_ADDRESS-valueHelpDialog-table-table\")]/tbody/tr[1]/td[1]/div/span"}
RESULT: {}
RESULT: {"using":"xpath","value":"//table[contains(@id, \"smartFilterBar-filterItemControl_BASIC-MAIN_ADDRESS-valueHelpDialog-table-table\")]/tbody/tr[1]/td[1]/div/span"}
COMMAND: POST /session/cdd2d6a6ff4e4121354b0ded879e8cf3/elements - {"using":"xpath","value":"//table[contains(@id, \"smartFilterBar-filterItemControl_BASIC-MAIN_ADDRESS-valueHelpDialog-table-table\")]/tbody/tr[1]/td[1]/div/span"}
RESULT: {"using":"xpath","value":"//table[contains(@id, \"smartFilterBar-filterItemControl_BASIC-MAIN_ADDRESS-valueHelpDialog-table-table\")]/tbody/tr[1]/td[1]/div/span"}
COMMAND: POST /session/cdd2d6a6ff4e4121354b0ded879e8cf3/execute/sync - {"script":"<script> [56 bytes]","args":[{"element-6066-11e4-a52e-4f735466cecf":"f.3354A31769E1E4013F80CDE1D39C4690.d.8CBDA2F31F1EAD454007A7AAFD53CE57.e.7985","ELEMENT":"f.3354A31769E1E4013F80CDE1D39C4690.d.8CBDA2F31F1EAD454007A7AAFD53CE57.e.7985"}]}
RESULT: {"script":"<script> [56 bytes]","args":[{"element-6066-11e4-a52e-4f735466cecf":"f.3354A31769E1E4013F80CDE1D39C4690.d.8CBDA2F31F1EAD454007A7AAFD53CE57.e.7985","ELEMENT":"f.3354A31769E1E4013F80CDE1D39C4690.d.8CBDA2F31F1EAD454007A7AAFD53CE57.e.7985"}]}
COMMAND: POST /session/cdd2d6a6ff4e4121354b0ded879e8cf3/element - {"using":"xpath","value":"//div[contains(@id, \"filterItemControl_BASIC-MAIN_ADDRESS-valueHelpDialog-table-rowsel0\")]"}
COMMAND: GET /session/cdd2d6a6ff4e4121354b0ded879e8cf3/screenshot - {}
RESULT: {"using":"xpath","value":"//div[contains(@id, \"filterItemControl_BASIC-MAIN_ADDRESS-valueHelpDialog-table-rowsel0\")]"}
COMMAND: POST /session/cdd2d6a6ff4e4121354b0ded879e8cf3/element/f.3354A31769E1E4013F80CDE1D39C4690.d.8CBDA2F31F1EAD454007A7AAFD53CE57.e.7986/click - {}
RESULT: {}
RESULT: {}
COMMAND: GET /session/cdd2d6a6ff4e4121354b0ded879e8cf3/screenshot - {}
RESULT: {}
COMMAND: POST /session/cdd2d6a6ff4e4121354b0ded879e8cf3/element - {"using":"xpath","value":"(//bdi[contains(text(), \"OK\")])[1]"}
RESULT: {"using":"xpath","value":"(//bdi[contains(text(), \"OK\")])[1]"}
COMMAND: POST /session/cdd2d6a6ff4e4121354b0ded879e8cf3/element/f.3354A31769E1E4013F80CDE1D39C4690.d.8CBDA2F31F1EAD454007A7AAFD53CE57.e.7988/click - {}
RESULT: {}
COMMAND: GET /session/cdd2d6a6ff4e4121354b0ded879e8cf3/screenshot - {}
RESULT: {}
COMMAND: POST /session/cdd2d6a6ff4e4121354b0ded879e8cf3/element - {"using":"xpath","value":"//span[@id=\"application-managepartners-display-component---masterPtm--smartTable-header-inner\"]"}
RESULT: {"using":"xpath","value":"//span[@id=\"application-managepartners-display-component---masterPtm--smartTable-header-inner\"]"}
COMMAND: POST /session/cdd2d6a6ff4e4121354b0ded879e8cf3/elements - {"using":"xpath","value":"//span[@id=\"application-managepartners-display-component---masterPtm--smartTable-header-inner\"]"}
RESULT: {"using":"xpath","value":"//span[@id=\"application-managepartners-display-component---masterPtm--smartTable-header-inner\"]"}
COMMAND: POST /session/cdd2d6a6ff4e4121354b0ded879e8cf3/execute/sync - {"script":"<script> [56 bytes]","args":[{"element-6066-11e4-a52e-4f735466cecf":"f.3354A31769E1E4013F80CDE1D39C4690.d.8CBDA2F31F1EAD454007A7AAFD53CE57.e.7548","ELEMENT":"f.3354A31769E1E4013F80CDE1D39C4690.d.8CBDA2F31F1EAD454007A7AAFD53CE57.e.7548"}]}
RESULT: {"script":"<script> [56 bytes]","args":[{"element-6066-11e4-a52e-4f735466cecf":"f.3354A31769E1E4013F80CDE1D39C4690.d.8CBDA2F31F1EAD454007A7AAFD53CE57.e.7548","ELEMENT":"f.3354A31769E1E4013F80CDE1D39C4690.d.8CBDA2F31F1EAD454007A7AAFD53CE57.e.7548"}]}
COMMAND: POST /session/cdd2d6a6ff4e4121354b0ded879e8cf3/element - {"using":"xpath","value":"//span[contains(@title, \"Remove\")]"}
COMMAND: GET /session/cdd2d6a6ff4e4121354b0ded879e8cf3/screenshot - {}
RESULT: {"using":"xpath","value":"//span[contains(@title, \"Remove\")]"}
COMMAND: POST /session/cdd2d6a6ff4e4121354b0ded879e8cf3/element/f.3354A31769E1E4013F80CDE1D39C4690.d.8CBDA2F31F1EAD454007A7AAFD53CE57.e.8001/click - {}
RESULT: {}
RESULT: {}
COMMAND: GET /session/cdd2d6a6ff4e4121354b0ded879e8cf3/screenshot - {}
COMMAND: POST /session/cdd2d6a6ff4e4121354b0ded879e8cf3/execute/async - {"script":"<script> [1562 bytes]","args":[{"selector":{"id":"application-managepartners-display-component---masterPtm--catalogs-arrow"},"wdio_ui5_key":"applicationmanagepartners-display-component---masterPtm--catalogs-arrow"}]}
RESULT: {}
RESULT: {"script":"<script> [1562 bytes]","args":[{"selector":{"id":"application-managepartners-display-component---masterPtm--catalogs-arrow"},"wdio_ui5_key":"applicationmanagepartners-display-component---masterPtm--catalogs-arrow"}]}
RESULT: undefined
COMMAND: POST /session/cdd2d6a6ff4e4121354b0ded879e8cf3/element - {"using":"xpath","value":"//*[@id=\"application-managepartners-display-component---masterPtm--catalogs-arrow\"]"}
RESULT: {"using":"xpath","value":"//*[@id=\"application-managepartners-display-component---masterPtm--catalogs-arrow\"]"}
COMMAND: POST /session/cdd2d6a6ff4e4121354b0ded879e8cf3/element/f.3354A31769E1E4013F80CDE1D39C4690.d.8CBDA2F31F1EAD454007A7AAFD53CE57.e.8108/click - {}
RESULT: {}
COMMAND: GET /session/cdd2d6a6ff4e4121354b0ded879e8cf3/screenshot - {}
RESULT: {}
COMMAND: POST /session/cdd2d6a6ff4e4121354b0ded879e8cf3/element - {"using":"xpath","value":"//li[.//span[text()=\"Webshop Catalog\"]]//div[contains(@class,\"sapMCbBg\")]"}
RESULT: {"using":"xpath","value":"//li[.//span[text()=\"Webshop Catalog\"]]//div[contains(@class,\"sapMCbBg\")]"}
COMMAND: POST /session/cdd2d6a6ff4e4121354b0ded879e8cf3/element/f.3354A31769E1E4013F80CDE1D39C4690.d.8CBDA2F31F1EAD454007A7AAFD53CE57.e.8122/click - {}
RESULT: {}
COMMAND: GET /session/cdd2d6a6ff4e4121354b0ded879e8cf3/screenshot - {}
RESULT: {}
RESULT: undefined
COMMAND: POST /session/cdd2d6a6ff4e4121354b0ded879e8cf3/element - {"using":"xpath","value":"//*[@id=\"application-managepartners-display-component---masterPtm--catalogs-arrow\"]"}
RESULT: {"using":"xpath","value":"//*[@id=\"application-managepartners-display-component---masterPtm--catalogs-arrow\"]"}
COMMAND: POST /session/cdd2d6a6ff4e4121354b0ded879e8cf3/element/f.3354A31769E1E4013F80CDE1D39C4690.d.8CBDA2F31F1EAD454007A7AAFD53CE57.e.8108/click - {}
RESULT: {}
COMMAND: POST /session/cdd2d6a6ff4e4121354b0ded879e8cf3/element - {"using":"xpath","value":"//span[@id=\"application-managepartners-display-component---masterPtm--smartTable-header-inner\"]"}
COMMAND: GET /session/cdd2d6a6ff4e4121354b0ded879e8cf3/screenshot - {}
RESULT: {"using":"xpath","value":"//span[@id=\"application-managepartners-display-component---masterPtm--smartTable-header-inner\"]"}
COMMAND: POST /session/cdd2d6a6ff4e4121354b0ded879e8cf3/elements - {"using":"xpath","value":"//span[@id=\"application-managepartners-display-component---masterPtm--smartTable-header-inner\"]"}
RESULT: {}
RESULT: {"using":"xpath","value":"//span[@id=\"application-managepartners-display-component---masterPtm--smartTable-header-inner\"]"}
COMMAND: POST /session/cdd2d6a6ff4e4121354b0ded879e8cf3/execute/sync - {"script":"<script> [56 bytes]","args":[{"element-6066-11e4-a52e-4f735466cecf":"f.3354A31769E1E4013F80CDE1D39C4690.d.8CBDA2F31F1EAD454007A7AAFD53CE57.e.7548","ELEMENT":"f.3354A31769E1E4013F80CDE1D39C4690.d.8CBDA2F31F1EAD454007A7AAFD53CE57.e.7548"}]}
RESULT: {"script":"<script> [56 bytes]","args":[{"element-6066-11e4-a52e-4f735466cecf":"f.3354A31769E1E4013F80CDE1D39C4690.d.8CBDA2F31F1EAD454007A7AAFD53CE57.e.7548","ELEMENT":"f.3354A31769E1E4013F80CDE1D39C4690.d.8CBDA2F31F1EAD454007A7AAFD53CE57.e.7548"}]}
COMMAND: POST /session/cdd2d6a6ff4e4121354b0ded879e8cf3/element - {"using":"xpath","value":"//span[contains(@title, \"Remove\")]"}
COMMAND: GET /session/cdd2d6a6ff4e4121354b0ded879e8cf3/screenshot - {}
RESULT: {"using":"xpath","value":"//span[contains(@title, \"Remove\")]"}
COMMAND: POST /session/cdd2d6a6ff4e4121354b0ded879e8cf3/element/f.3354A31769E1E4013F80CDE1D39C4690.d.8CBDA2F31F1EAD454007A7AAFD53CE57.e.8145/click - {}
RESULT: {}
RESULT: {}
COMMAND: GET /session/cdd2d6a6ff4e4121354b0ded879e8cf3/screenshot - {}
COMMAND: POST /session/cdd2d6a6ff4e4121354b0ded879e8cf3/execute/async - {"script":"<script> [1562 bytes]","args":[{"selector":{"id":"application-managepartners-display-component---masterPtm--currencies-arrow"},"wdio_ui5_key":"applicationmanagepartners-display-component---masterPtm--currencies-arrow"}]}
RESULT: {}
RESULT: {"script":"<script> [1562 bytes]","args":[{"selector":{"id":"application-managepartners-display-component---masterPtm--currencies-arrow"},"wdio_ui5_key":"applicationmanagepartners-display-component---masterPtm--currencies-arrow"}]}
RESULT: undefined
COMMAND: POST /session/cdd2d6a6ff4e4121354b0ded879e8cf3/element - {"using":"xpath","value":"//*[@id=\"application-managepartners-display-component---masterPtm--currencies-arrow\"]"}
RESULT: {"using":"xpath","value":"//*[@id=\"application-managepartners-display-component---masterPtm--currencies-arrow\"]"}
COMMAND: POST /session/cdd2d6a6ff4e4121354b0ded879e8cf3/element/f.3354A31769E1E4013F80CDE1D39C4690.d.8CBDA2F31F1EAD454007A7AAFD53CE57.e.8261/click - {}
RESULT: {}
COMMAND: GET /session/cdd2d6a6ff4e4121354b0ded879e8cf3/screenshot - {}
RESULT: {}
COMMAND: POST /session/cdd2d6a6ff4e4121354b0ded879e8cf3/element - {"using":"xpath","value":"//li[.//span[text()=\"US Dollar\"]]//div[contains(@class,\"sapMCbBg\")]"}
RESULT: {"using":"xpath","value":"//li[.//span[text()=\"US Dollar\"]]//div[contains(@class,\"sapMCbBg\")]"}
COMMAND: POST /session/cdd2d6a6ff4e4121354b0ded879e8cf3/element/f.3354A31769E1E4013F80CDE1D39C4690.d.8CBDA2F31F1EAD454007A7AAFD53CE57.e.8264/click - {}
RESULT: {}
COMMAND: GET /session/cdd2d6a6ff4e4121354b0ded879e8cf3/screenshot - {}
RESULT: {}
RESULT: undefined
COMMAND: POST /session/cdd2d6a6ff4e4121354b0ded879e8cf3/element - {"using":"xpath","value":"//*[@id=\"application-managepartners-display-component---masterPtm--currencies-arrow\"]"}
RESULT: {"using":"xpath","value":"//*[@id=\"application-managepartners-display-component---masterPtm--currencies-arrow\"]"}
COMMAND: POST /session/cdd2d6a6ff4e4121354b0ded879e8cf3/element/f.3354A31769E1E4013F80CDE1D39C4690.d.8CBDA2F31F1EAD454007A7AAFD53CE57.e.8261/click - {}
RESULT: {}
COMMAND: POST /session/cdd2d6a6ff4e4121354b0ded879e8cf3/element - {"using":"xpath","value":"//span[@id=\"application-managepartners-display-component---masterPtm--smartTable-header-inner\"]"}
COMMAND: GET /session/cdd2d6a6ff4e4121354b0ded879e8cf3/screenshot - {}
RESULT: {"using":"xpath","value":"//span[@id=\"application-managepartners-display-component---masterPtm--smartTable-header-inner\"]"}
COMMAND: POST /session/cdd2d6a6ff4e4121354b0ded879e8cf3/elements - {"using":"xpath","value":"//span[@id=\"application-managepartners-display-component---masterPtm--smartTable-header-inner\"]"}
RESULT: {}
RESULT: {"using":"xpath","value":"//span[@id=\"application-managepartners-display-component---masterPtm--smartTable-header-inner\"]"}
COMMAND: POST /session/cdd2d6a6ff4e4121354b0ded879e8cf3/execute/sync - {"script":"<script> [56 bytes]","args":[{"element-6066-11e4-a52e-4f735466cecf":"f.3354A31769E1E4013F80CDE1D39C4690.d.8CBDA2F31F1EAD454007A7AAFD53CE57.e.7548","ELEMENT":"f.3354A31769E1E4013F80CDE1D39C4690.d.8CBDA2F31F1EAD454007A7AAFD53CE57.e.7548"}]}
RESULT: {"script":"<script> [56 bytes]","args":[{"element-6066-11e4-a52e-4f735466cecf":"f.3354A31769E1E4013F80CDE1D39C4690.d.8CBDA2F31F1EAD454007A7AAFD53CE57.e.7548","ELEMENT":"f.3354A31769E1E4013F80CDE1D39C4690.d.8CBDA2F31F1EAD454007A7AAFD53CE57.e.7548"}]}
COMMAND: POST /session/cdd2d6a6ff4e4121354b0ded879e8cf3/element - {"using":"xpath","value":"//span[contains(@title, \"Remove\")]"}
COMMAND: GET /session/cdd2d6a6ff4e4121354b0ded879e8cf3/screenshot - {}
RESULT: {"using":"xpath","value":"//span[contains(@title, \"Remove\")]"}
COMMAND: POST /session/cdd2d6a6ff4e4121354b0ded879e8cf3/element/f.3354A31769E1E4013F80CDE1D39C4690.d.8CBDA2F31F1EAD454007A7AAFD53CE57.e.8272/click - {}
RESULT: {}
RESULT: {}
COMMAND: GET /session/cdd2d6a6ff4e4121354b0ded879e8cf3/screenshot - {}
RESULT: {}
COMMAND: POST /session/cdd2d6a6ff4e4121354b0ded879e8cf3/execute/async - {"script":"<script> [1562 bytes]","args":[{"selector":{"id":"application-managepartners-display-component---masterPtm--languages-arrow"},"wdio_ui5_key":"applicationmanagepartners-display-component---masterPtm--languages-arrow"}]}
RESULT: {"script":"<script> [1562 bytes]","args":[{"selector":{"id":"application-managepartners-display-component---masterPtm--languages-arrow"},"wdio_ui5_key":"applicationmanagepartners-display-component---masterPtm--languages-arrow"}]}
RESULT: undefined
COMMAND: POST /session/cdd2d6a6ff4e4121354b0ded879e8cf3/element - {"using":"xpath","value":"//*[@id=\"application-managepartners-display-component---masterPtm--languages-arrow\"]"}
RESULT: {"using":"xpath","value":"//*[@id=\"application-managepartners-display-component---masterPtm--languages-arrow\"]"}
COMMAND: POST /session/cdd2d6a6ff4e4121354b0ded879e8cf3/element/f.3354A31769E1E4013F80CDE1D39C4690.d.8CBDA2F31F1EAD454007A7AAFD53CE57.e.8331/click - {}
RESULT: {}
COMMAND: GET /session/cdd2d6a6ff4e4121354b0ded879e8cf3/screenshot - {}
RESULT: {}
COMMAND: POST /session/cdd2d6a6ff4e4121354b0ded879e8cf3/element - {"using":"xpath","value":"//li[.//span[text()=\"German\"]]//div[contains(@class,\"sapMCbBg\")]"}
RESULT: {"using":"xpath","value":"//li[.//span[text()=\"German\"]]//div[contains(@class,\"sapMCbBg\")]"}
COMMAND: POST /session/cdd2d6a6ff4e4121354b0ded879e8cf3/element/f.3354A31769E1E4013F80CDE1D39C4690.d.8CBDA2F31F1EAD454007A7AAFD53CE57.e.8375/click - {}
RESULT: {}
COMMAND: GET /session/cdd2d6a6ff4e4121354b0ded879e8cf3/screenshot - {}
RESULT: {}
RESULT: undefined
COMMAND: POST /session/cdd2d6a6ff4e4121354b0ded879e8cf3/element - {"using":"xpath","value":"//*[@id=\"application-managepartners-display-component---masterPtm--languages-arrow\"]"}
RESULT: {"using":"xpath","value":"//*[@id=\"application-managepartners-display-component---masterPtm--languages-arrow\"]"}
COMMAND: POST /session/cdd2d6a6ff4e4121354b0ded879e8cf3/element/f.3354A31769E1E4013F80CDE1D39C4690.d.8CBDA2F31F1EAD454007A7AAFD53CE57.e.8331/click - {}
RESULT: {}
COMMAND: POST /session/cdd2d6a6ff4e4121354b0ded879e8cf3/element - {"using":"xpath","value":"//span[@id=\"application-managepartners-display-component---masterPtm--smartTable-header-inner\"]"}
COMMAND: GET /session/cdd2d6a6ff4e4121354b0ded879e8cf3/screenshot - {}
RESULT: {"using":"xpath","value":"//span[@id=\"application-managepartners-display-component---masterPtm--smartTable-header-inner\"]"}
COMMAND: POST /session/cdd2d6a6ff4e4121354b0ded879e8cf3/elements - {"using":"xpath","value":"//span[@id=\"application-managepartners-display-component---masterPtm--smartTable-header-inner\"]"}
RESULT: {}
RESULT: {"using":"xpath","value":"//span[@id=\"application-managepartners-display-component---masterPtm--smartTable-header-inner\"]"}
COMMAND: POST /session/cdd2d6a6ff4e4121354b0ded879e8cf3/execute/sync - {"script":"<script> [56 bytes]","args":[{"element-6066-11e4-a52e-4f735466cecf":"f.3354A31769E1E4013F80CDE1D39C4690.d.8CBDA2F31F1EAD454007A7AAFD53CE57.e.7548","ELEMENT":"f.3354A31769E1E4013F80CDE1D39C4690.d.8CBDA2F31F1EAD454007A7AAFD53CE57.e.7548"}]}
RESULT: {"script":"<script> [56 bytes]","args":[{"element-6066-11e4-a52e-4f735466cecf":"f.3354A31769E1E4013F80CDE1D39C4690.d.8CBDA2F31F1EAD454007A7AAFD53CE57.e.7548","ELEMENT":"f.3354A31769E1E4013F80CDE1D39C4690.d.8CBDA2F31F1EAD454007A7AAFD53CE57.e.7548"}]}
COMMAND: POST /session/cdd2d6a6ff4e4121354b0ded879e8cf3/element - {"using":"css selector","value":"#shell-header-logo"}
COMMAND: GET /session/cdd2d6a6ff4e4121354b0ded879e8cf3/screenshot - {}
RESULT: {"using":"css selector","value":"#shell-header-logo"}
COMMAND: POST /session/cdd2d6a6ff4e4121354b0ded879e8cf3/element/f.3354A31769E1E4013F80CDE1D39C4690.d.8CBDA2F31F1EAD454007A7AAFD53CE57.e.7376/click - {}
RESULT: {}
RESULT: {}
COMMAND: GET /session/cdd2d6a6ff4e4121354b0ded879e8cf3/screenshot - {}
RESULT: {}
COMMAND: DELETE /session/cdd2d6a6ff4e4121354b0ded879e8cf3 - {}
RESULT: {}
]]></system-out>
    </testcase>
  </testsuite>
</testsuites>