<?xml version="1.0" encoding="UTF-8"?>
<testsuites tests="80" failures="0" errors="0" skipped="0">
  <testsuite timestamp="2025-05-29T16:17:21" time="709.423" tests="8" failures="0" errors="0" skipped="0">
    <properties>
      <property name="specId" value="0"/>
      <property name="suiteName" value="Stock increase - with WHM US125587"/>
      <property name="capabilities" value="chrome.136_0_7103_93.windows"/>
      <property name="file" value="file:///D:/a/1/s/test/specs/HTR/stock-increase.spec.js"/>
    </properties>
    <testcase classname="chrome.136_0_7103_93.windows.Stock_increase_-_with_WHM_US125587" name="Should create a new WHM yard" time="114.44">
      <system-out><![CDATA[
COMMAND: POST /session/fe219389c4a652ed804fe0697356972e/window/fullscreen - {}
RESULT: {}
COMMAND: POST /session/fe219389c4a652ed804fe0697356972e/execute/async - {"script":"<script> [1562 bytes]","args":[{"selector":{"controlType":"sap.m.GenericTile","properties":{"header":"Manage Yards"}},"wdio_ui5_key":"sapm.GenericTile{\"header\":\"Manage Yards\"}"}]}
RESULT: {"script":"<script> [1562 bytes]","args":[{"selector":{"controlType":"sap.m.GenericTile","properties":{"header":"Manage Yards"}},"wdio_ui5_key":"sapm.GenericTile{\"header\":\"Manage Yards\"}"}]}
RESULT: undefined
COMMAND: POST /session/fe219389c4a652ed804fe0697356972e/element - {"using":"xpath","value":"//*[@id=\"__tile41\"]"}
RESULT: {"using":"xpath","value":"//*[@id=\"__tile41\"]"}
COMMAND: POST /session/fe219389c4a652ed804fe0697356972e/element/f.AE569C338F7BE8C487FB69BDD94B5641.d.4A7B6FCE6CA1B98A5597E6C5D9277AAB.e.125/click - {}
RESULT: {}
COMMAND: GET /session/fe219389c4a652ed804fe0697356972e/screenshot - {}
RESULT: {}
COMMAND: POST /session/fe219389c4a652ed804fe0697356972e/elements - {"using":"xpath","value":"//span[text()='Error']"}
RESULT: {"using":"xpath","value":"//span[text()='Error']"}
COMMAND: POST /session/fe219389c4a652ed804fe0697356972e/element - {"using":"xpath","value":"//button[@data-kt=\"addNewYardOverflowToolbarButton\"]"}
RESULT: {"using":"xpath","value":"//button[@data-kt=\"addNewYardOverflowToolbarButton\"]"}
COMMAND: POST /session/fe219389c4a652ed804fe0697356972e/elements - {"using":"xpath","value":"//button[@data-kt=\"addNewYardOverflowToolbarButton\"]"}
RESULT: {"using":"xpath","value":"//button[@data-kt=\"addNewYardOverflowToolbarButton\"]"}
COMMAND: POST /session/fe219389c4a652ed804fe0697356972e/execute/sync - {"script":"<script> [8489 bytes]","args":[{"element-6066-11e4-a52e-4f735466cecf":"f.AE569C338F7BE8C487FB69BDD94B5641.d.4A7B6FCE6CA1B98A5597E6C5D9277AAB.e.253","ELEMENT":"f.AE569C338F7BE8C487FB69BDD94B5641.d.4A7B6FCE6CA1B98A5597E6C5D9277AAB.e.253"}]}
RESULT: {"script":"<script> [8489 bytes]","args":[{"element-6066-11e4-a52e-4f735466cecf":"f.AE569C338F7BE8C487FB69BDD94B5641.d.4A7B6FCE6CA1B98A5597E6C5D9277AAB.e.253","ELEMENT":"f.AE569C338F7BE8C487FB69BDD94B5641.d.4A7B6FCE6CA1B98A5597E6C5D9277AAB.e.253"}]}
COMMAND: GET /session/fe219389c4a652ed804fe0697356972e/element/f.AE569C338F7BE8C487FB69BDD94B5641.d.4A7B6FCE6CA1B98A5597E6C5D9277AAB.e.253/enabled - {}
COMMAND: GET /session/fe219389c4a652ed804fe0697356972e/screenshot - {}
RESULT: {}
COMMAND: POST /session/fe219389c4a652ed804fe0697356972e/execute/sync - {"script":"<script> [8489 bytes]","args":[{"element-6066-11e4-a52e-4f735466cecf":"f.AE569C338F7BE8C487FB69BDD94B5641.d.4A7B6FCE6CA1B98A5597E6C5D9277AAB.e.253","ELEMENT":"f.AE569C338F7BE8C487FB69BDD94B5641.d.4A7B6FCE6CA1B98A5597E6C5D9277AAB.e.253"}]}
COMMAND: GET /session/fe219389c4a652ed804fe0697356972e/screenshot - {}
RESULT: {}
RESULT: {"script":"<script> [8489 bytes]","args":[{"element-6066-11e4-a52e-4f735466cecf":"f.AE569C338F7BE8C487FB69BDD94B5641.d.4A7B6FCE6CA1B98A5597E6C5D9277AAB.e.253","ELEMENT":"f.AE569C338F7BE8C487FB69BDD94B5641.d.4A7B6FCE6CA1B98A5597E6C5D9277AAB.e.253"}]}
COMMAND: POST /session/fe219389c4a652ed804fe0697356972e/execute/sync - {"script":"<script> [5351 bytes]","args":[{"element-6066-11e4-a52e-4f735466cecf":"f.AE569C338F7BE8C487FB69BDD94B5641.d.4A7B6FCE6CA1B98A5597E6C5D9277AAB.e.253","ELEMENT":"f.AE569C338F7BE8C487FB69BDD94B5641.d.4A7B6FCE6CA1B98A5597E6C5D9277AAB.e.253"}]}
COMMAND: GET /session/fe219389c4a652ed804fe0697356972e/screenshot - {}
RESULT: {}
RESULT: {"script":"<script> [5351 bytes]","args":[{"element-6066-11e4-a52e-4f735466cecf":"f.AE569C338F7BE8C487FB69BDD94B5641.d.4A7B6FCE6CA1B98A5597E6C5D9277AAB.e.253","ELEMENT":"f.AE569C338F7BE8C487FB69BDD94B5641.d.4A7B6FCE6CA1B98A5597E6C5D9277AAB.e.253"}]}
COMMAND: POST /session/fe219389c4a652ed804fe0697356972e/element/f.AE569C338F7BE8C487FB69BDD94B5641.d.4A7B6FCE6CA1B98A5597E6C5D9277AAB.e.253/click - {}
COMMAND: GET /session/fe219389c4a652ed804fe0697356972e/screenshot - {}
RESULT: {}
RESULT: {}
COMMAND: GET /session/fe219389c4a652ed804fe0697356972e/screenshot - {}
RESULT: {}
RESULT: {}
COMMAND: POST /session/fe219389c4a652ed804fe0697356972e/element - {"using":"xpath","value":"//input[@id=\"application-manageyards-display-component---NewYard--yardId-inner\"]"}
RESULT: {"using":"xpath","value":"//input[@id=\"application-manageyards-display-component---NewYard--yardId-inner\"]"}
COMMAND: POST /session/fe219389c4a652ed804fe0697356972e/element - {"using":"xpath","value":"//input[@id=\"application-manageyards-display-component---NewYard--yardId-inner\"]"}
RESULT: {"using":"xpath","value":"//input[@id=\"application-manageyards-display-component---NewYard--yardId-inner\"]"}
COMMAND: POST /session/fe219389c4a652ed804fe0697356972e/execute/async - {"script":"<script> [1562 bytes]","args":[{"selector":{"id":"application-manageyards-display-component---NewYard--addressDetailDetailsName1","interaction":{"idSuffix":"inner"}},"wdio_ui5_key":"applicationmanageyards-display-component---NewYard--addressDetailDetailsName1"}]}
RESULT: {"script":"<script> [1562 bytes]","args":[{"selector":{"id":"application-manageyards-display-component---NewYard--addressDetailDetailsName1","interaction":{"idSuffix":"inner"}},"wdio_ui5_key":"applicationmanageyards-display-component---NewYard--addressDetailDetailsName1"}]}
RESULT: undefined
COMMAND: POST /session/fe219389c4a652ed804fe0697356972e/execute/async - {"script":"<script> [776 bytes]","args":[{"enterText":"Warehouse Managed WDIO","selector":{"id":"application-manageyards-display-component---NewYard--addressDetailDetailsName1","interaction":{"idSuffix":"inner"}},"clearTextFirst":true,"interactionType":"ENTER_TEXT"}]}
RESULT: {"script":"<script> [776 bytes]","args":[{"enterText":"Warehouse Managed WDIO","selector":{"id":"application-manageyards-display-component---NewYard--addressDetailDetailsName1","interaction":{"idSuffix":"inner"}},"clearTextFirst":true,"interactionType":"ENTER_TEXT"}]}
COMMAND: POST /session/fe219389c4a652ed804fe0697356972e/execute/async - {"script":"<script> [1562 bytes]","args":[{"selector":{"id":"application-manageyards-display-component---NewYard--addressDetailDetailsLanguage-arrow"},"wdio_ui5_key":"applicationmanageyards-display-component---NewYard--addressDetailDetailsLanguage-arrow"}]}
RESULT: {"script":"<script> [1562 bytes]","args":[{"selector":{"id":"application-manageyards-display-component---NewYard--addressDetailDetailsLanguage-arrow"},"wdio_ui5_key":"applicationmanageyards-display-component---NewYard--addressDetailDetailsLanguage-arrow"}]}
RESULT: undefined
COMMAND: POST /session/fe219389c4a652ed804fe0697356972e/element - {"using":"xpath","value":"//*[@id=\"application-manageyards-display-component---NewYard--addressDetailDetailsLanguage-arrow\"]"}
RESULT: {"using":"xpath","value":"//*[@id=\"application-manageyards-display-component---NewYard--addressDetailDetailsLanguage-arrow\"]"}
COMMAND: POST /session/fe219389c4a652ed804fe0697356972e/element/f.AE569C338F7BE8C487FB69BDD94B5641.d.4A7B6FCE6CA1B98A5597E6C5D9277AAB.e.683/click - {}
RESULT: {}
COMMAND: POST /session/fe219389c4a652ed804fe0697356972e/element - {"using":"xpath","value":"//span[contains(text(), \"English\")]"}
COMMAND: GET /session/fe219389c4a652ed804fe0697356972e/screenshot - {}
RESULT: {"using":"xpath","value":"//span[contains(text(), \"English\")]"}
COMMAND: POST /session/fe219389c4a652ed804fe0697356972e/element/f.AE569C338F7BE8C487FB69BDD94B5641.d.4A7B6FCE6CA1B98A5597E6C5D9277AAB.e.684/click - {}
RESULT: {}
RESULT: {}
COMMAND: POST /session/fe219389c4a652ed804fe0697356972e/execute/async - {"script":"<script> [1562 bytes]","args":[{"selector":{"id":"application-manageyards-display-component---NewYard--addressDetailDetailsCity1","interaction":{"idSuffix":"inner"}},"wdio_ui5_key":"applicationmanageyards-display-component---NewYard--addressDetailDetailsCity1"}]}
COMMAND: GET /session/fe219389c4a652ed804fe0697356972e/screenshot - {}
RESULT: {"script":"<script> [1562 bytes]","args":[{"selector":{"id":"application-manageyards-display-component---NewYard--addressDetailDetailsCity1","interaction":{"idSuffix":"inner"}},"wdio_ui5_key":"applicationmanageyards-display-component---NewYard--addressDetailDetailsCity1"}]}
RESULT: undefined
COMMAND: POST /session/fe219389c4a652ed804fe0697356972e/execute/async - {"script":"<script> [776 bytes]","args":[{"enterText":"Rosario","selector":{"id":"application-manageyards-display-component---NewYard--addressDetailDetailsCity1","interaction":{"idSuffix":"inner"}},"clearTextFirst":true,"interactionType":"ENTER_TEXT"}]}
RESULT: {}
RESULT: {"script":"<script> [776 bytes]","args":[{"enterText":"Rosario","selector":{"id":"application-manageyards-display-component---NewYard--addressDetailDetailsCity1","interaction":{"idSuffix":"inner"}},"clearTextFirst":true,"interactionType":"ENTER_TEXT"}]}
COMMAND: POST /session/fe219389c4a652ed804fe0697356972e/execute/async - {"script":"<script> [1562 bytes]","args":[{"selector":{"id":"application-manageyards-display-component---NewYard--addressDetailDetailsCountry-arrow"},"wdio_ui5_key":"applicationmanageyards-display-component---NewYard--addressDetailDetailsCountry-arrow"}]}
RESULT: {"script":"<script> [1562 bytes]","args":[{"selector":{"id":"application-manageyards-display-component---NewYard--addressDetailDetailsCountry-arrow"},"wdio_ui5_key":"applicationmanageyards-display-component---NewYard--addressDetailDetailsCountry-arrow"}]}
RESULT: undefined
COMMAND: POST /session/fe219389c4a652ed804fe0697356972e/element - {"using":"xpath","value":"//*[@id=\"application-manageyards-display-component---NewYard--addressDetailDetailsCountry-arrow\"]"}
RESULT: {"using":"xpath","value":"//*[@id=\"application-manageyards-display-component---NewYard--addressDetailDetailsCountry-arrow\"]"}
COMMAND: POST /session/fe219389c4a652ed804fe0697356972e/element/f.AE569C338F7BE8C487FB69BDD94B5641.d.4A7B6FCE6CA1B98A5597E6C5D9277AAB.e.686/click - {}
RESULT: {}
COMMAND: POST /session/fe219389c4a652ed804fe0697356972e/element - {"using":"xpath","value":"//span[contains(text(), \"Argentina\")]"}
COMMAND: GET /session/fe219389c4a652ed804fe0697356972e/screenshot - {}
RESULT: {"using":"xpath","value":"//span[contains(text(), \"Argentina\")]"}
COMMAND: POST /session/fe219389c4a652ed804fe0697356972e/element/f.AE569C338F7BE8C487FB69BDD94B5641.d.4A7B6FCE6CA1B98A5597E6C5D9277AAB.e.687/click - {}
RESULT: {}
RESULT: {}
COMMAND: POST /session/fe219389c4a652ed804fe0697356972e/execute/async - {"script":"<script> [1562 bytes]","args":[{"selector":{"id":"application-manageyards-display-component---NewYard--addressEditDetailsCostObjectCstType-arrow"},"wdio_ui5_key":"applicationmanageyards-display-component---NewYard--addressEditDetailsCostObjectCstType-arrow"}]}
COMMAND: GET /session/fe219389c4a652ed804fe0697356972e/screenshot - {}
RESULT: {"script":"<script> [1562 bytes]","args":[{"selector":{"id":"application-manageyards-display-component---NewYard--addressEditDetailsCostObjectCstType-arrow"},"wdio_ui5_key":"applicationmanageyards-display-component---NewYard--addressEditDetailsCostObjectCstType-arrow"}]}
RESULT: undefined
COMMAND: POST /session/fe219389c4a652ed804fe0697356972e/element - {"using":"xpath","value":"//*[@id=\"application-manageyards-display-component---NewYard--addressEditDetailsCostObjectCstType-arrow\"]"}
RESULT: {}
RESULT: {"using":"xpath","value":"//*[@id=\"application-manageyards-display-component---NewYard--addressEditDetailsCostObjectCstType-arrow\"]"}
COMMAND: POST /session/fe219389c4a652ed804fe0697356972e/element/f.AE569C338F7BE8C487FB69BDD94B5641.d.4A7B6FCE6CA1B98A5597E6C5D9277AAB.e.689/click - {}
RESULT: {}
COMMAND: POST /session/fe219389c4a652ed804fe0697356972e/element - {"using":"xpath","value":"//span[contains(text(), \"Cost Center\")]"}
COMMAND: GET /session/fe219389c4a652ed804fe0697356972e/screenshot - {}
RESULT: {"using":"xpath","value":"//span[contains(text(), \"Cost Center\")]"}
COMMAND: POST /session/fe219389c4a652ed804fe0697356972e/element/f.AE569C338F7BE8C487FB69BDD94B5641.d.4A7B6FCE6CA1B98A5597E6C5D9277AAB.e.690/click - {}
RESULT: {}
RESULT: {}
COMMAND: GET /session/fe219389c4a652ed804fe0697356972e/screenshot - {}
RESULT: {}
COMMAND: POST /session/fe219389c4a652ed804fe0697356972e/element - {"using":"xpath","value":"//span[@id=\"application-manageyards-display-component---NewYard--addressNewCostObjectCstID-vhi\"]"}
RESULT: {"using":"xpath","value":"//span[@id=\"application-manageyards-display-component---NewYard--addressNewCostObjectCstID-vhi\"]"}
COMMAND: POST /session/fe219389c4a652ed804fe0697356972e/execute/sync - {"script":"<script> [8489 bytes]","args":[{"element-6066-11e4-a52e-4f735466cecf":"f.AE569C338F7BE8C487FB69BDD94B5641.d.4A7B6FCE6CA1B98A5597E6C5D9277AAB.e.694","ELEMENT":"f.AE569C338F7BE8C487FB69BDD94B5641.d.4A7B6FCE6CA1B98A5597E6C5D9277AAB.e.694"}]}
RESULT: {"script":"<script> [8489 bytes]","args":[{"element-6066-11e4-a52e-4f735466cecf":"f.AE569C338F7BE8C487FB69BDD94B5641.d.4A7B6FCE6CA1B98A5597E6C5D9277AAB.e.694","ELEMENT":"f.AE569C338F7BE8C487FB69BDD94B5641.d.4A7B6FCE6CA1B98A5597E6C5D9277AAB.e.694"}]}
COMMAND: POST /session/fe219389c4a652ed804fe0697356972e/execute/async - {"script":"<script> [1562 bytes]","args":[{"selector":{"id":"application-manageyards-display-component---NewYard--addressNewCostObjectCstID-vhi"},"wdio_ui5_key":"applicationmanageyards-display-component---NewYard--addressNewCostObjectCstID-vhi"}]}
COMMAND: GET /session/fe219389c4a652ed804fe0697356972e/screenshot - {}
RESULT: {"script":"<script> [1562 bytes]","args":[{"selector":{"id":"application-manageyards-display-component---NewYard--addressNewCostObjectCstID-vhi"},"wdio_ui5_key":"applicationmanageyards-display-component---NewYard--addressNewCostObjectCstID-vhi"}]}
RESULT: undefined
COMMAND: POST /session/fe219389c4a652ed804fe0697356972e/element - {"using":"xpath","value":"//*[@id=\"application-manageyards-display-component---NewYard--addressNewCostObjectCstID-vhi\"]"}
RESULT: {}
RESULT: {"using":"xpath","value":"//*[@id=\"application-manageyards-display-component---NewYard--addressNewCostObjectCstID-vhi\"]"}
COMMAND: POST /session/fe219389c4a652ed804fe0697356972e/element/f.AE569C338F7BE8C487FB69BDD94B5641.d.4A7B6FCE6CA1B98A5597E6C5D9277AAB.e.694/click - {}
RESULT: {}
COMMAND: GET /session/fe219389c4a652ed804fe0697356972e/screenshot - {}
RESULT: {}
COMMAND: POST /session/fe219389c4a652ed804fe0697356972e/execute/async - {"script":"<script> [1562 bytes]","args":[{"selector":{"controlType":"sap.m.SearchField","properties":{"placeholder":"Search"},"searchOpenDialogs":true,"interaction":{"idSuffix":"I"}},"wdio_ui5_key":"sapm.SearchField{\"placeholder\":\"Search\"}"}]}
RESULT: {"script":"<script> [1562 bytes]","args":[{"selector":{"controlType":"sap.m.SearchField","properties":{"placeholder":"Search"},"searchOpenDialogs":true,"interaction":{"idSuffix":"I"}},"wdio_ui5_key":"sapm.SearchField{\"placeholder\":\"Search\"}"}]}
RESULT: undefined
COMMAND: POST /session/fe219389c4a652ed804fe0697356972e/execute/async - {"script":"<script> [776 bytes]","args":[{"enterText":"bauh_b","selector":{"controlType":"sap.m.SearchField","properties":{"placeholder":"Search"},"searchOpenDialogs":true,"interaction":{"idSuffix":"I"}},"clearTextFirst":true,"interactionType":"ENTER_TEXT"}]}
RESULT: {"script":"<script> [776 bytes]","args":[{"enterText":"bauh_b","selector":{"controlType":"sap.m.SearchField","properties":{"placeholder":"Search"},"searchOpenDialogs":true,"interaction":{"idSuffix":"I"}},"clearTextFirst":true,"interactionType":"ENTER_TEXT"}]}
COMMAND: POST /session/fe219389c4a652ed804fe0697356972e/actions - {"actions":[{"id":"action1","type":"key","parameters":{},"actions":[{"type":"keyDown","value":""},{"type":"pause","duration":10},{"type":"keyUp","value":""}]}]}
RESULT: {"actions":[{"id":"action1","type":"key","parameters":{},"actions":[{"type":"keyDown","value":""},{"type":"pause","duration":10},{"type":"keyUp","value":""}]}]}
COMMAND: GET /session/fe219389c4a652ed804fe0697356972e/screenshot - {}
RESULT: {}
COMMAND: POST /session/fe219389c4a652ed804fe0697356972e/element - {"using":"xpath","value":"//span[contains(text(), \"Demo Yard\")]"}
RESULT: {"using":"xpath","value":"//span[contains(text(), \"Demo Yard\")]"}
COMMAND: POST /session/fe219389c4a652ed804fe0697356972e/element/f.AE569C338F7BE8C487FB69BDD94B5641.d.4A7B6FCE6CA1B98A5597E6C5D9277AAB.e.734/click - {}
RESULT: {}
COMMAND: GET /session/fe219389c4a652ed804fe0697356972e/screenshot - {}
RESULT: {}
COMMAND: POST /session/fe219389c4a652ed804fe0697356972e/element - {"using":"xpath","value":"//bdi[contains(text(), \"OK\")]"}
RESULT: {"using":"xpath","value":"//bdi[contains(text(), \"OK\")]"}
COMMAND: POST /session/fe219389c4a652ed804fe0697356972e/element/f.AE569C338F7BE8C487FB69BDD94B5641.d.4A7B6FCE6CA1B98A5597E6C5D9277AAB.e.735/click - {}
RESULT: {}
COMMAND: GET /session/fe219389c4a652ed804fe0697356972e/screenshot - {}
RESULT: {}
COMMAND: POST /session/fe219389c4a652ed804fe0697356972e/execute/async - {"script":"<script> [1562 bytes]","args":[{"selector":{"id":"application-manageyards-display-component---NewYard--addressEditDetailsCurrency-arrow"},"wdio_ui5_key":"applicationmanageyards-display-component---NewYard--addressEditDetailsCurrency-arrow"}]}
RESULT: {"script":"<script> [1562 bytes]","args":[{"selector":{"id":"application-manageyards-display-component---NewYard--addressEditDetailsCurrency-arrow"},"wdio_ui5_key":"applicationmanageyards-display-component---NewYard--addressEditDetailsCurrency-arrow"}]}
RESULT: undefined
COMMAND: POST /session/fe219389c4a652ed804fe0697356972e/element - {"using":"xpath","value":"//*[@id=\"application-manageyards-display-component---NewYard--addressEditDetailsCurrency-arrow\"]"}
RESULT: {"using":"xpath","value":"//*[@id=\"application-manageyards-display-component---NewYard--addressEditDetailsCurrency-arrow\"]"}
COMMAND: POST /session/fe219389c4a652ed804fe0697356972e/element/f.AE569C338F7BE8C487FB69BDD94B5641.d.4A7B6FCE6CA1B98A5597E6C5D9277AAB.e.738/click - {}
RESULT: {}
COMMAND: POST /session/fe219389c4a652ed804fe0697356972e/element - {"using":"xpath","value":"//span[contains(text(), \"Euro\")]"}
COMMAND: GET /session/fe219389c4a652ed804fe0697356972e/screenshot - {}
RESULT: {"using":"xpath","value":"//span[contains(text(), \"Euro\")]"}
COMMAND: POST /session/fe219389c4a652ed804fe0697356972e/element/f.AE569C338F7BE8C487FB69BDD94B5641.d.4A7B6FCE6CA1B98A5597E6C5D9277AAB.e.739/click - {}
RESULT: {}
RESULT: {}
COMMAND: POST /session/fe219389c4a652ed804fe0697356972e/execute/async - {"script":"<script> [1562 bytes]","args":[{"selector":{"controlType":"sap.m.Input","viewName":"etm.portal.ui.manageyards.view.New","viewId":"application-manageyards-display-component---NewYard","bindingPath":{"path":"","propertyPath":"/CONTROLLING_AREA","modelName":"NewYardModel"},"interaction":{"idSuffix":"inner"}},"wdio_ui5_key":"etmportal.ui.manageyards.view.Newsap.m.Input{\"path\":\"\",\"propertyPath\":\"/CONTROLLING_AREA\",\"modelName\":\"NewYardModel\"}"}]}
COMMAND: GET /session/fe219389c4a652ed804fe0697356972e/screenshot - {}
RESULT: {"script":"<script> [1562 bytes]","args":[{"selector":{"controlType":"sap.m.Input","viewName":"etm.portal.ui.manageyards.view.New","viewId":"application-manageyards-display-component---NewYard","bindingPath":{"path":"","propertyPath":"/CONTROLLING_AREA","modelName":"NewYardModel"},"interaction":{"idSuffix":"inner"}},"wdio_ui5_key":"etmportal.ui.manageyards.view.Newsap.m.Input{\"path\":\"\",\"propertyPath\":\"/CONTROLLING_AREA\",\"modelName\":\"NewYardModel\"}"}]}
RESULT: undefined
COMMAND: POST /session/fe219389c4a652ed804fe0697356972e/execute/async - {"script":"<script> [776 bytes]","args":[{"enterText":"Z001","selector":{"controlType":"sap.m.Input","viewName":"etm.portal.ui.manageyards.view.New","viewId":"application-manageyards-display-component---NewYard","bindingPath":{"path":"","propertyPath":"/CONTROLLING_AREA","modelName":"NewYardModel"},"interaction":{"idSuffix":"inner"}},"clearTextFirst":true,"interactionType":"ENTER_TEXT"}]}
RESULT: {}
RESULT: {"script":"<script> [776 bytes]","args":[{"enterText":"Z001","selector":{"controlType":"sap.m.Input","viewName":"etm.portal.ui.manageyards.view.New","viewId":"application-manageyards-display-component---NewYard","bindingPath":{"path":"","propertyPath":"/CONTROLLING_AREA","modelName":"NewYardModel"},"interaction":{"idSuffix":"inner"}},"clearTextFirst":true,"interactionType":"ENTER_TEXT"}]}
COMMAND: POST /session/fe219389c4a652ed804fe0697356972e/execute/async - {"script":"<script> [1562 bytes]","args":[{"selector":{"id":"application-manageyards-display-component---NewYard--companyCodeComboBox","interaction":{"idSuffix":"inner"}},"wdio_ui5_key":"applicationmanageyards-display-component---NewYard--companyCodeComboBox"}]}
RESULT: {"script":"<script> [1562 bytes]","args":[{"selector":{"id":"application-manageyards-display-component---NewYard--companyCodeComboBox","interaction":{"idSuffix":"inner"}},"wdio_ui5_key":"applicationmanageyards-display-component---NewYard--companyCodeComboBox"}]}
RESULT: undefined
COMMAND: POST /session/fe219389c4a652ed804fe0697356972e/execute/async - {"script":"<script> [776 bytes]","args":[{"enterText":"1000","selector":{"id":"application-manageyards-display-component---NewYard--companyCodeComboBox","interaction":{"idSuffix":"inner"}},"clearTextFirst":true,"interactionType":"ENTER_TEXT"}]}
RESULT: {"script":"<script> [776 bytes]","args":[{"enterText":"1000","selector":{"id":"application-manageyards-display-component---NewYard--companyCodeComboBox","interaction":{"idSuffix":"inner"}},"clearTextFirst":true,"interactionType":"ENTER_TEXT"}]}
COMMAND: POST /session/fe219389c4a652ed804fe0697356972e/execute/async - {"script":"<script> [1562 bytes]","args":[{"selector":{"controlType":"sap.m.Input","viewName":"etm.portal.ui.manageyards.view.New","viewId":"application-manageyards-display-component---NewYard","bindingPath":{"path":"","propertyPath":"/PLANT","modelName":"NewYardModel"},"interaction":{"idSuffix":"inner"}},"wdio_ui5_key":"etmportal.ui.manageyards.view.Newsap.m.Input{\"path\":\"\",\"propertyPath\":\"/PLANT\",\"modelName\":\"NewYardModel\"}"}]}
RESULT: {"script":"<script> [1562 bytes]","args":[{"selector":{"controlType":"sap.m.Input","viewName":"etm.portal.ui.manageyards.view.New","viewId":"application-manageyards-display-component---NewYard","bindingPath":{"path":"","propertyPath":"/PLANT","modelName":"NewYardModel"},"interaction":{"idSuffix":"inner"}},"wdio_ui5_key":"etmportal.ui.manageyards.view.Newsap.m.Input{\"path\":\"\",\"propertyPath\":\"/PLANT\",\"modelName\":\"NewYardModel\"}"}]}
RESULT: undefined
COMMAND: POST /session/fe219389c4a652ed804fe0697356972e/execute/async - {"script":"<script> [776 bytes]","args":[{"enterText":"1001","selector":{"controlType":"sap.m.Input","viewName":"etm.portal.ui.manageyards.view.New","viewId":"application-manageyards-display-component---NewYard","bindingPath":{"path":"","propertyPath":"/PLANT","modelName":"NewYardModel"},"interaction":{"idSuffix":"inner"}},"clearTextFirst":true,"interactionType":"ENTER_TEXT"}]}
RESULT: {"script":"<script> [776 bytes]","args":[{"enterText":"1001","selector":{"controlType":"sap.m.Input","viewName":"etm.portal.ui.manageyards.view.New","viewId":"application-manageyards-display-component---NewYard","bindingPath":{"path":"","propertyPath":"/PLANT","modelName":"NewYardModel"},"interaction":{"idSuffix":"inner"}},"clearTextFirst":true,"interactionType":"ENTER_TEXT"}]}
COMMAND: POST /session/fe219389c4a652ed804fe0697356972e/execute/async - {"script":"<script> [1562 bytes]","args":[{"selector":{"controlType":"sap.m.Input","viewName":"etm.portal.ui.manageyards.view.New","viewId":"application-manageyards-display-component---NewYard","bindingPath":{"path":"","propertyPath":"/SALES_AREA_VKORG","modelName":"NewYardModel"},"interaction":{"idSuffix":"inner"}},"wdio_ui5_key":"etmportal.ui.manageyards.view.Newsap.m.Input{\"path\":\"\",\"propertyPath\":\"/SALES_AREA_VKORG\",\"modelName\":\"NewYardModel\"}"}]}
RESULT: {"script":"<script> [1562 bytes]","args":[{"selector":{"controlType":"sap.m.Input","viewName":"etm.portal.ui.manageyards.view.New","viewId":"application-manageyards-display-component---NewYard","bindingPath":{"path":"","propertyPath":"/SALES_AREA_VKORG","modelName":"NewYardModel"},"interaction":{"idSuffix":"inner"}},"wdio_ui5_key":"etmportal.ui.manageyards.view.Newsap.m.Input{\"path\":\"\",\"propertyPath\":\"/SALES_AREA_VKORG\",\"modelName\":\"NewYardModel\"}"}]}
RESULT: undefined
COMMAND: POST /session/fe219389c4a652ed804fe0697356972e/execute/async - {"script":"<script> [776 bytes]","args":[{"enterText":"C002","selector":{"controlType":"sap.m.Input","viewName":"etm.portal.ui.manageyards.view.New","viewId":"application-manageyards-display-component---NewYard","bindingPath":{"path":"","propertyPath":"/SALES_AREA_VKORG","modelName":"NewYardModel"},"interaction":{"idSuffix":"inner"}},"clearTextFirst":true,"interactionType":"ENTER_TEXT"}]}
RESULT: {"script":"<script> [776 bytes]","args":[{"enterText":"C002","selector":{"controlType":"sap.m.Input","viewName":"etm.portal.ui.manageyards.view.New","viewId":"application-manageyards-display-component---NewYard","bindingPath":{"path":"","propertyPath":"/SALES_AREA_VKORG","modelName":"NewYardModel"},"interaction":{"idSuffix":"inner"}},"clearTextFirst":true,"interactionType":"ENTER_TEXT"}]}
COMMAND: POST /session/fe219389c4a652ed804fe0697356972e/execute/async - {"script":"<script> [1562 bytes]","args":[{"selector":{"controlType":"sap.m.Input","viewName":"etm.portal.ui.manageyards.view.New","viewId":"application-manageyards-display-component---NewYard","bindingPath":{"path":"","propertyPath":"/SALES_AREA_VTWEG","modelName":"NewYardModel"},"interaction":{"idSuffix":"inner"}},"wdio_ui5_key":"etmportal.ui.manageyards.view.Newsap.m.Input{\"path\":\"\",\"propertyPath\":\"/SALES_AREA_VTWEG\",\"modelName\":\"NewYardModel\"}"}]}
RESULT: {"script":"<script> [1562 bytes]","args":[{"selector":{"controlType":"sap.m.Input","viewName":"etm.portal.ui.manageyards.view.New","viewId":"application-manageyards-display-component---NewYard","bindingPath":{"path":"","propertyPath":"/SALES_AREA_VTWEG","modelName":"NewYardModel"},"interaction":{"idSuffix":"inner"}},"wdio_ui5_key":"etmportal.ui.manageyards.view.Newsap.m.Input{\"path\":\"\",\"propertyPath\":\"/SALES_AREA_VTWEG\",\"modelName\":\"NewYardModel\"}"}]}
RESULT: undefined
COMMAND: POST /session/fe219389c4a652ed804fe0697356972e/execute/async - {"script":"<script> [776 bytes]","args":[{"enterText":"C2","selector":{"controlType":"sap.m.Input","viewName":"etm.portal.ui.manageyards.view.New","viewId":"application-manageyards-display-component---NewYard","bindingPath":{"path":"","propertyPath":"/SALES_AREA_VTWEG","modelName":"NewYardModel"},"interaction":{"idSuffix":"inner"}},"clearTextFirst":true,"interactionType":"ENTER_TEXT"}]}
RESULT: {"script":"<script> [776 bytes]","args":[{"enterText":"C2","selector":{"controlType":"sap.m.Input","viewName":"etm.portal.ui.manageyards.view.New","viewId":"application-manageyards-display-component---NewYard","bindingPath":{"path":"","propertyPath":"/SALES_AREA_VTWEG","modelName":"NewYardModel"},"interaction":{"idSuffix":"inner"}},"clearTextFirst":true,"interactionType":"ENTER_TEXT"}]}
COMMAND: POST /session/fe219389c4a652ed804fe0697356972e/execute/async - {"script":"<script> [1562 bytes]","args":[{"selector":{"controlType":"sap.m.Input","viewName":"etm.portal.ui.manageyards.view.New","viewId":"application-manageyards-display-component---NewYard","bindingPath":{"path":"","propertyPath":"/SALES_AREA_SPART","modelName":"NewYardModel"},"interaction":{"idSuffix":"inner"}},"wdio_ui5_key":"etmportal.ui.manageyards.view.Newsap.m.Input{\"path\":\"\",\"propertyPath\":\"/SALES_AREA_SPART\",\"modelName\":\"NewYardModel\"}"}]}
RESULT: {"script":"<script> [1562 bytes]","args":[{"selector":{"controlType":"sap.m.Input","viewName":"etm.portal.ui.manageyards.view.New","viewId":"application-manageyards-display-component---NewYard","bindingPath":{"path":"","propertyPath":"/SALES_AREA_SPART","modelName":"NewYardModel"},"interaction":{"idSuffix":"inner"}},"wdio_ui5_key":"etmportal.ui.manageyards.view.Newsap.m.Input{\"path\":\"\",\"propertyPath\":\"/SALES_AREA_SPART\",\"modelName\":\"NewYardModel\"}"}]}
RESULT: undefined
COMMAND: POST /session/fe219389c4a652ed804fe0697356972e/execute/async - {"script":"<script> [776 bytes]","args":[{"enterText":"C2","selector":{"controlType":"sap.m.Input","viewName":"etm.portal.ui.manageyards.view.New","viewId":"application-manageyards-display-component---NewYard","bindingPath":{"path":"","propertyPath":"/SALES_AREA_SPART","modelName":"NewYardModel"},"interaction":{"idSuffix":"inner"}},"clearTextFirst":true,"interactionType":"ENTER_TEXT"}]}
RESULT: {"script":"<script> [776 bytes]","args":[{"enterText":"C2","selector":{"controlType":"sap.m.Input","viewName":"etm.portal.ui.manageyards.view.New","viewId":"application-manageyards-display-component---NewYard","bindingPath":{"path":"","propertyPath":"/SALES_AREA_SPART","modelName":"NewYardModel"},"interaction":{"idSuffix":"inner"}},"clearTextFirst":true,"interactionType":"ENTER_TEXT"}]}
COMMAND: POST /session/fe219389c4a652ed804fe0697356972e/execute/async - {"script":"<script> [1562 bytes]","args":[{"selector":{"controlType":"sap.m.Input","viewName":"etm.portal.ui.manageyards.view.New","viewId":"application-manageyards-display-component---NewYard","bindingPath":{"path":"","propertyPath":"/SHIP_POINT","modelName":"NewYardModel"},"interaction":{"idSuffix":"inner"}},"wdio_ui5_key":"etmportal.ui.manageyards.view.Newsap.m.Input{\"path\":\"\",\"propertyPath\":\"/SHIP_POINT\",\"modelName\":\"NewYardModel\"}"}]}
RESULT: {"script":"<script> [1562 bytes]","args":[{"selector":{"controlType":"sap.m.Input","viewName":"etm.portal.ui.manageyards.view.New","viewId":"application-manageyards-display-component---NewYard","bindingPath":{"path":"","propertyPath":"/SHIP_POINT","modelName":"NewYardModel"},"interaction":{"idSuffix":"inner"}},"wdio_ui5_key":"etmportal.ui.manageyards.view.Newsap.m.Input{\"path\":\"\",\"propertyPath\":\"/SHIP_POINT\",\"modelName\":\"NewYardModel\"}"}]}
RESULT: undefined
COMMAND: POST /session/fe219389c4a652ed804fe0697356972e/execute/async - {"script":"<script> [776 bytes]","args":[{"enterText":"1710","selector":{"controlType":"sap.m.Input","viewName":"etm.portal.ui.manageyards.view.New","viewId":"application-manageyards-display-component---NewYard","bindingPath":{"path":"","propertyPath":"/SHIP_POINT","modelName":"NewYardModel"},"interaction":{"idSuffix":"inner"}},"clearTextFirst":true,"interactionType":"ENTER_TEXT"}]}
RESULT: {"script":"<script> [776 bytes]","args":[{"enterText":"1710","selector":{"controlType":"sap.m.Input","viewName":"etm.portal.ui.manageyards.view.New","viewId":"application-manageyards-display-component---NewYard","bindingPath":{"path":"","propertyPath":"/SHIP_POINT","modelName":"NewYardModel"},"interaction":{"idSuffix":"inner"}},"clearTextFirst":true,"interactionType":"ENTER_TEXT"}]}
COMMAND: POST /session/fe219389c4a652ed804fe0697356972e/execute/async - {"script":"<script> [1562 bytes]","args":[{"selector":{"controlType":"sap.m.Input","viewName":"etm.portal.ui.manageyards.view.New","viewId":"application-manageyards-display-component---NewYard","bindingPath":{"path":"","propertyPath":"/DELIVERY_TYPE","modelName":"NewYardModel"},"interaction":{"idSuffix":"inner"}},"wdio_ui5_key":"etmportal.ui.manageyards.view.Newsap.m.Input{\"path\":\"\",\"propertyPath\":\"/DELIVERY_TYPE\",\"modelName\":\"NewYardModel\"}"}]}
RESULT: {"script":"<script> [1562 bytes]","args":[{"selector":{"controlType":"sap.m.Input","viewName":"etm.portal.ui.manageyards.view.New","viewId":"application-manageyards-display-component---NewYard","bindingPath":{"path":"","propertyPath":"/DELIVERY_TYPE","modelName":"NewYardModel"},"interaction":{"idSuffix":"inner"}},"wdio_ui5_key":"etmportal.ui.manageyards.view.Newsap.m.Input{\"path\":\"\",\"propertyPath\":\"/DELIVERY_TYPE\",\"modelName\":\"NewYardModel\"}"}]}
RESULT: undefined
COMMAND: POST /session/fe219389c4a652ed804fe0697356972e/execute/async - {"script":"<script> [776 bytes]","args":[{"enterText":"ZL01","selector":{"controlType":"sap.m.Input","viewName":"etm.portal.ui.manageyards.view.New","viewId":"application-manageyards-display-component---NewYard","bindingPath":{"path":"","propertyPath":"/DELIVERY_TYPE","modelName":"NewYardModel"},"interaction":{"idSuffix":"inner"}},"clearTextFirst":true,"interactionType":"ENTER_TEXT"}]}
RESULT: {"script":"<script> [776 bytes]","args":[{"enterText":"ZL01","selector":{"controlType":"sap.m.Input","viewName":"etm.portal.ui.manageyards.view.New","viewId":"application-manageyards-display-component---NewYard","bindingPath":{"path":"","propertyPath":"/DELIVERY_TYPE","modelName":"NewYardModel"},"interaction":{"idSuffix":"inner"}},"clearTextFirst":true,"interactionType":"ENTER_TEXT"}]}
COMMAND: POST /session/fe219389c4a652ed804fe0697356972e/execute/async - {"script":"<script> [1562 bytes]","args":[{"selector":{"controlType":"sap.m.Input","viewName":"etm.portal.ui.manageyards.view.New","viewId":"application-manageyards-display-component---NewYard","bindingPath":{"path":"","propertyPath":"/AUART","modelName":"NewYardModel"},"interaction":{"idSuffix":"inner"}},"wdio_ui5_key":"etmportal.ui.manageyards.view.Newsap.m.Input{\"path\":\"\",\"propertyPath\":\"/AUART\",\"modelName\":\"NewYardModel\"}"}]}
RESULT: {"script":"<script> [1562 bytes]","args":[{"selector":{"controlType":"sap.m.Input","viewName":"etm.portal.ui.manageyards.view.New","viewId":"application-manageyards-display-component---NewYard","bindingPath":{"path":"","propertyPath":"/AUART","modelName":"NewYardModel"},"interaction":{"idSuffix":"inner"}},"wdio_ui5_key":"etmportal.ui.manageyards.view.Newsap.m.Input{\"path\":\"\",\"propertyPath\":\"/AUART\",\"modelName\":\"NewYardModel\"}"}]}
RESULT: undefined
COMMAND: POST /session/fe219389c4a652ed804fe0697356972e/execute/async - {"script":"<script> [776 bytes]","args":[{"enterText":"TA","selector":{"controlType":"sap.m.Input","viewName":"etm.portal.ui.manageyards.view.New","viewId":"application-manageyards-display-component---NewYard","bindingPath":{"path":"","propertyPath":"/AUART","modelName":"NewYardModel"},"interaction":{"idSuffix":"inner"}},"clearTextFirst":true,"interactionType":"ENTER_TEXT"}]}
RESULT: {"script":"<script> [776 bytes]","args":[{"enterText":"TA","selector":{"controlType":"sap.m.Input","viewName":"etm.portal.ui.manageyards.view.New","viewId":"application-manageyards-display-component---NewYard","bindingPath":{"path":"","propertyPath":"/AUART","modelName":"NewYardModel"},"interaction":{"idSuffix":"inner"}},"clearTextFirst":true,"interactionType":"ENTER_TEXT"}]}
COMMAND: POST /session/fe219389c4a652ed804fe0697356972e/execute/async - {"script":"<script> [1562 bytes]","args":[{"selector":{"id":"application-manageyards-display-component---NewYard--whmCheckBox","interaction":{"idSuffix":"CbBg"}},"wdio_ui5_key":"applicationmanageyards-display-component---NewYard--whmCheckBox"}]}
RESULT: {"script":"<script> [1562 bytes]","args":[{"selector":{"id":"application-manageyards-display-component---NewYard--whmCheckBox","interaction":{"idSuffix":"CbBg"}},"wdio_ui5_key":"applicationmanageyards-display-component---NewYard--whmCheckBox"}]}
RESULT: undefined
COMMAND: POST /session/fe219389c4a652ed804fe0697356972e/element - {"using":"xpath","value":"//*[@id=\"application-manageyards-display-component---NewYard--whmCheckBox\"]"}
RESULT: {"using":"xpath","value":"//*[@id=\"application-manageyards-display-component---NewYard--whmCheckBox\"]"}
COMMAND: POST /session/fe219389c4a652ed804fe0697356972e/element/f.AE569C338F7BE8C487FB69BDD94B5641.d.4A7B6FCE6CA1B98A5597E6C5D9277AAB.e.759/click - {}
RESULT: {}
COMMAND: GET /session/fe219389c4a652ed804fe0697356972e/screenshot - {}
RESULT: {}
COMMAND: POST /session/fe219389c4a652ed804fe0697356972e/element - {"using":"xpath","value":"//button[@data-kt=\"newYardSaveButton\"]"}
RESULT: {"using":"xpath","value":"//button[@data-kt=\"newYardSaveButton\"]"}
COMMAND: POST /session/fe219389c4a652ed804fe0697356972e/element/f.AE569C338F7BE8C487FB69BDD94B5641.d.4A7B6FCE6CA1B98A5597E6C5D9277AAB.e.669/click - {}
RESULT: {}
COMMAND: GET /session/fe219389c4a652ed804fe0697356972e/screenshot - {}
RESULT: {}
COMMAND: POST /session/fe219389c4a652ed804fe0697356972e/element - {"using":"xpath","value":"//header[contains(@id, 'ObjectPageLayout-headerTitle')]/div[1]/div[2]/div[1]/span[1]"}
RESULT: {"using":"xpath","value":"//header[contains(@id, 'ObjectPageLayout-headerTitle')]/div[1]/div[2]/div[1]/span[1]"}
COMMAND: POST /session/fe219389c4a652ed804fe0697356972e/elements - {"using":"xpath","value":"//header[contains(@id, 'ObjectPageLayout-headerTitle')]/div[1]/div[2]/div[1]/span[1]"}
RESULT: {"using":"xpath","value":"//header[contains(@id, 'ObjectPageLayout-headerTitle')]/div[1]/div[2]/div[1]/span[1]"}
COMMAND: POST /session/fe219389c4a652ed804fe0697356972e/execute/sync - {"script":"<script> [56 bytes]","args":[{"element-6066-11e4-a52e-4f735466cecf":"f.AE569C338F7BE8C487FB69BDD94B5641.d.4A7B6FCE6CA1B98A5597E6C5D9277AAB.e.962","ELEMENT":"f.AE569C338F7BE8C487FB69BDD94B5641.d.4A7B6FCE6CA1B98A5597E6C5D9277AAB.e.962"}]}
RESULT: {"script":"<script> [56 bytes]","args":[{"element-6066-11e4-a52e-4f735466cecf":"f.AE569C338F7BE8C487FB69BDD94B5641.d.4A7B6FCE6CA1B98A5597E6C5D9277AAB.e.962","ELEMENT":"f.AE569C338F7BE8C487FB69BDD94B5641.d.4A7B6FCE6CA1B98A5597E6C5D9277AAB.e.962"}]}
COMMAND: GET /session/fe219389c4a652ed804fe0697356972e/screenshot - {}
RESULT: {}
COMMAND: POST /session/fe219389c4a652ed804fe0697356972e/element - {"using":"css selector","value":"#shell-header-logo"}
RESULT: {"using":"css selector","value":"#shell-header-logo"}
COMMAND: POST /session/fe219389c4a652ed804fe0697356972e/element/f.AE569C338F7BE8C487FB69BDD94B5641.d.4A7B6FCE6CA1B98A5597E6C5D9277AAB.e.222/click - {}
RESULT: {}
COMMAND: GET /session/fe219389c4a652ed804fe0697356972e/screenshot - {}
RESULT: {}
COMMAND: POST /session/fe219389c4a652ed804fe0697356972e/execute/sync - {"script":"<script> [299 bytes]","args":[["getModel","getResource"]]}
RESULT: {"script":"<script> [299 bytes]","args":[["getModel","getResource"]]}
COMMAND: GET /session/fe219389c4a652ed804fe0697356972e/screenshot - {}
]]></system-out>
    </testcase>
    <testcase classname="chrome.136_0_7103_93.windows.Stock_increase_-_with_WHM_US125587" name="Should create a new external WHM partner" time="94.712">
      <system-out><![CDATA[
COMMAND: POST /session/fe219389c4a652ed804fe0697356972e/window/fullscreen - {}
RESULT: {}
RESULT: {}
COMMAND: POST /session/fe219389c4a652ed804fe0697356972e/execute/async - {"script":"<script> [1562 bytes]","args":[{"selector":{"controlType":"sap.m.GenericTile","properties":{"header":"Manage Partners"}},"wdio_ui5_key":"sapm.GenericTile{\"header\":\"Manage Partners\"}"}]}
RESULT: {"script":"<script> [1562 bytes]","args":[{"selector":{"controlType":"sap.m.GenericTile","properties":{"header":"Manage Partners"}},"wdio_ui5_key":"sapm.GenericTile{\"header\":\"Manage Partners\"}"}]}
RESULT: undefined
COMMAND: POST /session/fe219389c4a652ed804fe0697356972e/element - {"using":"xpath","value":"//*[@id=\"__tile38\"]"}
RESULT: {"using":"xpath","value":"//*[@id=\"__tile38\"]"}
COMMAND: POST /session/fe219389c4a652ed804fe0697356972e/element/f.AE569C338F7BE8C487FB69BDD94B5641.d.4A7B6FCE6CA1B98A5597E6C5D9277AAB.e.116/click - {}
RESULT: {}
COMMAND: GET /session/fe219389c4a652ed804fe0697356972e/screenshot - {}
RESULT: {}
COMMAND: POST /session/fe219389c4a652ed804fe0697356972e/elements - {"using":"xpath","value":"//span[text()='Error']"}
RESULT: {"using":"xpath","value":"//span[text()='Error']"}
COMMAND: POST /session/fe219389c4a652ed804fe0697356972e/element - {"using":"xpath","value":"//button[@data-kt=\"addButton\"]"}
RESULT: {"using":"xpath","value":"//button[@data-kt=\"addButton\"]"}
COMMAND: POST /session/fe219389c4a652ed804fe0697356972e/elements - {"using":"xpath","value":"//button[@data-kt=\"addButton\"]"}
RESULT: {"using":"xpath","value":"//button[@data-kt=\"addButton\"]"}
COMMAND: POST /session/fe219389c4a652ed804fe0697356972e/execute/sync - {"script":"<script> [8489 bytes]","args":[{"element-6066-11e4-a52e-4f735466cecf":"f.AE569C338F7BE8C487FB69BDD94B5641.d.4A7B6FCE6CA1B98A5597E6C5D9277AAB.e.1011","ELEMENT":"f.AE569C338F7BE8C487FB69BDD94B5641.d.4A7B6FCE6CA1B98A5597E6C5D9277AAB.e.1011"}]}
RESULT: {"script":"<script> [8489 bytes]","args":[{"element-6066-11e4-a52e-4f735466cecf":"f.AE569C338F7BE8C487FB69BDD94B5641.d.4A7B6FCE6CA1B98A5597E6C5D9277AAB.e.1011","ELEMENT":"f.AE569C338F7BE8C487FB69BDD94B5641.d.4A7B6FCE6CA1B98A5597E6C5D9277AAB.e.1011"}]}
COMMAND: GET /session/fe219389c4a652ed804fe0697356972e/element/f.AE569C338F7BE8C487FB69BDD94B5641.d.4A7B6FCE6CA1B98A5597E6C5D9277AAB.e.1011/enabled - {}
COMMAND: GET /session/fe219389c4a652ed804fe0697356972e/screenshot - {}
RESULT: {}
COMMAND: POST /session/fe219389c4a652ed804fe0697356972e/execute/sync - {"script":"<script> [8489 bytes]","args":[{"element-6066-11e4-a52e-4f735466cecf":"f.AE569C338F7BE8C487FB69BDD94B5641.d.4A7B6FCE6CA1B98A5597E6C5D9277AAB.e.1011","ELEMENT":"f.AE569C338F7BE8C487FB69BDD94B5641.d.4A7B6FCE6CA1B98A5597E6C5D9277AAB.e.1011"}]}
COMMAND: GET /session/fe219389c4a652ed804fe0697356972e/screenshot - {}
RESULT: {}
RESULT: {"script":"<script> [8489 bytes]","args":[{"element-6066-11e4-a52e-4f735466cecf":"f.AE569C338F7BE8C487FB69BDD94B5641.d.4A7B6FCE6CA1B98A5597E6C5D9277AAB.e.1011","ELEMENT":"f.AE569C338F7BE8C487FB69BDD94B5641.d.4A7B6FCE6CA1B98A5597E6C5D9277AAB.e.1011"}]}
COMMAND: POST /session/fe219389c4a652ed804fe0697356972e/execute/sync - {"script":"<script> [5351 bytes]","args":[{"element-6066-11e4-a52e-4f735466cecf":"f.AE569C338F7BE8C487FB69BDD94B5641.d.4A7B6FCE6CA1B98A5597E6C5D9277AAB.e.1011","ELEMENT":"f.AE569C338F7BE8C487FB69BDD94B5641.d.4A7B6FCE6CA1B98A5597E6C5D9277AAB.e.1011"}]}
COMMAND: GET /session/fe219389c4a652ed804fe0697356972e/screenshot - {}
RESULT: {}
RESULT: {"script":"<script> [5351 bytes]","args":[{"element-6066-11e4-a52e-4f735466cecf":"f.AE569C338F7BE8C487FB69BDD94B5641.d.4A7B6FCE6CA1B98A5597E6C5D9277AAB.e.1011","ELEMENT":"f.AE569C338F7BE8C487FB69BDD94B5641.d.4A7B6FCE6CA1B98A5597E6C5D9277AAB.e.1011"}]}
COMMAND: POST /session/fe219389c4a652ed804fe0697356972e/element/f.AE569C338F7BE8C487FB69BDD94B5641.d.4A7B6FCE6CA1B98A5597E6C5D9277AAB.e.1011/click - {}
COMMAND: GET /session/fe219389c4a652ed804fe0697356972e/screenshot - {}
RESULT: {}
RESULT: {}
COMMAND: GET /session/fe219389c4a652ed804fe0697356972e/screenshot - {}
COMMAND: POST /session/fe219389c4a652ed804fe0697356972e/execute/async - {"script":"<script> [1562 bytes]","args":[{"selector":{"id":"application-managepartners-display-component---NewPartner--addressDetailDetailsName1","interaction":{"idSuffix":"inner"}},"wdio_ui5_key":"applicationmanagepartners-display-component---NewPartner--addressDetailDetailsName1"}]}
RESULT: {}
RESULT: {}
RESULT: {"script":"<script> [1562 bytes]","args":[{"selector":{"id":"application-managepartners-display-component---NewPartner--addressDetailDetailsName1","interaction":{"idSuffix":"inner"}},"wdio_ui5_key":"applicationmanagepartners-display-component---NewPartner--addressDetailDetailsName1"}]}
RESULT: undefined
COMMAND: POST /session/fe219389c4a652ed804fe0697356972e/execute/async - {"script":"<script> [776 bytes]","args":[{"enterText":"External Partner WDIO","selector":{"id":"application-managepartners-display-component---NewPartner--addressDetailDetailsName1","interaction":{"idSuffix":"inner"}},"clearTextFirst":true,"interactionType":"ENTER_TEXT"}]}
RESULT: {"script":"<script> [776 bytes]","args":[{"enterText":"External Partner WDIO","selector":{"id":"application-managepartners-display-component---NewPartner--addressDetailDetailsName1","interaction":{"idSuffix":"inner"}},"clearTextFirst":true,"interactionType":"ENTER_TEXT"}]}
COMMAND: POST /session/fe219389c4a652ed804fe0697356972e/execute/async - {"script":"<script> [1562 bytes]","args":[{"selector":{"id":"application-managepartners-display-component---NewPartner--addressDetailDetailsLanguage-arrow"},"wdio_ui5_key":"applicationmanagepartners-display-component---NewPartner--addressDetailDetailsLanguage-arrow"}]}
RESULT: {"script":"<script> [1562 bytes]","args":[{"selector":{"id":"application-managepartners-display-component---NewPartner--addressDetailDetailsLanguage-arrow"},"wdio_ui5_key":"applicationmanagepartners-display-component---NewPartner--addressDetailDetailsLanguage-arrow"}]}
RESULT: undefined
COMMAND: POST /session/fe219389c4a652ed804fe0697356972e/element - {"using":"xpath","value":"//*[@id=\"application-managepartners-display-component---NewPartner--addressDetailDetailsLanguage-arrow\"]"}
RESULT: {"using":"xpath","value":"//*[@id=\"application-managepartners-display-component---NewPartner--addressDetailDetailsLanguage-arrow\"]"}
COMMAND: POST /session/fe219389c4a652ed804fe0697356972e/element/f.AE569C338F7BE8C487FB69BDD94B5641.d.4A7B6FCE6CA1B98A5597E6C5D9277AAB.e.1452/click - {}
RESULT: {}
COMMAND: POST /session/fe219389c4a652ed804fe0697356972e/element - {"using":"xpath","value":"//span[contains(text(), \"English\")]"}
COMMAND: GET /session/fe219389c4a652ed804fe0697356972e/screenshot - {}
RESULT: {"using":"xpath","value":"//span[contains(text(), \"English\")]"}
COMMAND: POST /session/fe219389c4a652ed804fe0697356972e/element/f.AE569C338F7BE8C487FB69BDD94B5641.d.4A7B6FCE6CA1B98A5597E6C5D9277AAB.e.1453/click - {}
RESULT: {}
RESULT: {}
COMMAND: GET /session/fe219389c4a652ed804fe0697356972e/screenshot - {}
RESULT: {}
COMMAND: POST /session/fe219389c4a652ed804fe0697356972e/execute/async - {"script":"<script> [1562 bytes]","args":[{"selector":{"id":"application-managepartners-display-component---NewPartner--addressDetailDetailsCity1","interaction":{"idSuffix":"inner"}},"wdio_ui5_key":"applicationmanagepartners-display-component---NewPartner--addressDetailDetailsCity1"}]}
RESULT: {"script":"<script> [1562 bytes]","args":[{"selector":{"id":"application-managepartners-display-component---NewPartner--addressDetailDetailsCity1","interaction":{"idSuffix":"inner"}},"wdio_ui5_key":"applicationmanagepartners-display-component---NewPartner--addressDetailDetailsCity1"}]}
RESULT: undefined
COMMAND: POST /session/fe219389c4a652ed804fe0697356972e/execute/async - {"script":"<script> [776 bytes]","args":[{"enterText":"Rosario","selector":{"id":"application-managepartners-display-component---NewPartner--addressDetailDetailsCity1","interaction":{"idSuffix":"inner"}},"clearTextFirst":true,"interactionType":"ENTER_TEXT"}]}
RESULT: {"script":"<script> [776 bytes]","args":[{"enterText":"Rosario","selector":{"id":"application-managepartners-display-component---NewPartner--addressDetailDetailsCity1","interaction":{"idSuffix":"inner"}},"clearTextFirst":true,"interactionType":"ENTER_TEXT"}]}
COMMAND: POST /session/fe219389c4a652ed804fe0697356972e/execute/async - {"script":"<script> [1562 bytes]","args":[{"selector":{"id":"application-managepartners-display-component---NewPartner--addressDetailDetailsCountry-arrow"},"wdio_ui5_key":"applicationmanagepartners-display-component---NewPartner--addressDetailDetailsCountry-arrow"}]}
RESULT: {"script":"<script> [1562 bytes]","args":[{"selector":{"id":"application-managepartners-display-component---NewPartner--addressDetailDetailsCountry-arrow"},"wdio_ui5_key":"applicationmanagepartners-display-component---NewPartner--addressDetailDetailsCountry-arrow"}]}
RESULT: undefined
COMMAND: POST /session/fe219389c4a652ed804fe0697356972e/element - {"using":"xpath","value":"//*[@id=\"application-managepartners-display-component---NewPartner--addressDetailDetailsCountry-arrow\"]"}
RESULT: {"using":"xpath","value":"//*[@id=\"application-managepartners-display-component---NewPartner--addressDetailDetailsCountry-arrow\"]"}
COMMAND: POST /session/fe219389c4a652ed804fe0697356972e/element/f.AE569C338F7BE8C487FB69BDD94B5641.d.4A7B6FCE6CA1B98A5597E6C5D9277AAB.e.1438/click - {}
RESULT: {}
COMMAND: POST /session/fe219389c4a652ed804fe0697356972e/element - {"using":"xpath","value":"//span[contains(text(), \"Argentina\")]"}
COMMAND: GET /session/fe219389c4a652ed804fe0697356972e/screenshot - {}
RESULT: {"using":"xpath","value":"//span[contains(text(), \"Argentina\")]"}
COMMAND: POST /session/fe219389c4a652ed804fe0697356972e/element/f.AE569C338F7BE8C487FB69BDD94B5641.d.4A7B6FCE6CA1B98A5597E6C5D9277AAB.e.1455/click - {}
RESULT: {}
RESULT: {}
COMMAND: GET /session/fe219389c4a652ed804fe0697356972e/screenshot - {}
RESULT: {}
COMMAND: POST /session/fe219389c4a652ed804fe0697356972e/element - {"using":"xpath","value":"//bdi[contains(text(), \"Commercial\")]"}
RESULT: {"using":"xpath","value":"//bdi[contains(text(), \"Commercial\")]"}
COMMAND: POST /session/fe219389c4a652ed804fe0697356972e/element/f.AE569C338F7BE8C487FB69BDD94B5641.d.4A7B6FCE6CA1B98A5597E6C5D9277AAB.e.1456/click - {}
RESULT: {}
COMMAND: GET /session/fe219389c4a652ed804fe0697356972e/screenshot - {}
RESULT: {}
COMMAND: POST /session/fe219389c4a652ed804fe0697356972e/execute/async - {"script":"<script> [1562 bytes]","args":[{"selector":{"id":"application-managepartners-display-component---NewPartner--partnerDetailInternal-arrow"},"wdio_ui5_key":"applicationmanagepartners-display-component---NewPartner--partnerDetailInternal-arrow"}]}
RESULT: {"script":"<script> [1562 bytes]","args":[{"selector":{"id":"application-managepartners-display-component---NewPartner--partnerDetailInternal-arrow"},"wdio_ui5_key":"applicationmanagepartners-display-component---NewPartner--partnerDetailInternal-arrow"}]}
RESULT: undefined
COMMAND: POST /session/fe219389c4a652ed804fe0697356972e/element - {"using":"xpath","value":"//*[@id=\"application-managepartners-display-component---NewPartner--partnerDetailInternal-arrow\"]"}
RESULT: {"using":"xpath","value":"//*[@id=\"application-managepartners-display-component---NewPartner--partnerDetailInternal-arrow\"]"}
COMMAND: POST /session/fe219389c4a652ed804fe0697356972e/element/f.AE569C338F7BE8C487FB69BDD94B5641.d.4A7B6FCE6CA1B98A5597E6C5D9277AAB.e.1462/click - {}
RESULT: {}
COMMAND: POST /session/fe219389c4a652ed804fe0697356972e/element - {"using":"xpath","value":"//span[contains(text(), \"External partner\")]"}
COMMAND: GET /session/fe219389c4a652ed804fe0697356972e/screenshot - {}
RESULT: {"using":"xpath","value":"//span[contains(text(), \"External partner\")]"}
COMMAND: POST /session/fe219389c4a652ed804fe0697356972e/element/f.AE569C338F7BE8C487FB69BDD94B5641.d.4A7B6FCE6CA1B98A5597E6C5D9277AAB.e.1463/click - {}
RESULT: {}
RESULT: {}
COMMAND: POST /session/fe219389c4a652ed804fe0697356972e/execute/async - {"script":"<script> [1562 bytes]","args":[{"selector":{"id":"application-managepartners-display-component---NewPartner--partnerDetailsCurrency-arrow"},"wdio_ui5_key":"applicationmanagepartners-display-component---NewPartner--partnerDetailsCurrency-arrow"}]}
COMMAND: GET /session/fe219389c4a652ed804fe0697356972e/screenshot - {}
RESULT: {"script":"<script> [1562 bytes]","args":[{"selector":{"id":"application-managepartners-display-component---NewPartner--partnerDetailsCurrency-arrow"},"wdio_ui5_key":"applicationmanagepartners-display-component---NewPartner--partnerDetailsCurrency-arrow"}]}
RESULT: undefined
COMMAND: POST /session/fe219389c4a652ed804fe0697356972e/element - {"using":"xpath","value":"//*[@id=\"application-managepartners-display-component---NewPartner--partnerDetailsCurrency-arrow\"]"}
RESULT: {}
RESULT: {"using":"xpath","value":"//*[@id=\"application-managepartners-display-component---NewPartner--partnerDetailsCurrency-arrow\"]"}
COMMAND: POST /session/fe219389c4a652ed804fe0697356972e/element/f.AE569C338F7BE8C487FB69BDD94B5641.d.4A7B6FCE6CA1B98A5597E6C5D9277AAB.e.1468/click - {}
RESULT: {}
COMMAND: POST /session/fe219389c4a652ed804fe0697356972e/element - {"using":"xpath","value":"//span[contains(text(), \"US Dollar\")]"}
COMMAND: GET /session/fe219389c4a652ed804fe0697356972e/screenshot - {}
RESULT: {"using":"xpath","value":"//span[contains(text(), \"US Dollar\")]"}
COMMAND: POST /session/fe219389c4a652ed804fe0697356972e/element/f.AE569C338F7BE8C487FB69BDD94B5641.d.4A7B6FCE6CA1B98A5597E6C5D9277AAB.e.1469/click - {}
RESULT: {}
RESULT: {}
COMMAND: GET /session/fe219389c4a652ed804fe0697356972e/screenshot - {}
RESULT: {}
COMMAND: POST /session/fe219389c4a652ed804fe0697356972e/element - {"using":"xpath","value":"//input[@id=\"application-managepartners-display-component---NewPartner--companyCodeComboBox-inner\"]"}
RESULT: {"using":"xpath","value":"//input[@id=\"application-managepartners-display-component---NewPartner--companyCodeComboBox-inner\"]"}
COMMAND: POST /session/fe219389c4a652ed804fe0697356972e/element/f.AE569C338F7BE8C487FB69BDD94B5641.d.4A7B6FCE6CA1B98A5597E6C5D9277AAB.e.1311/clear - {}
RESULT: {}
COMMAND: POST /session/fe219389c4a652ed804fe0697356972e/element/f.AE569C338F7BE8C487FB69BDD94B5641.d.4A7B6FCE6CA1B98A5597E6C5D9277AAB.e.1311/value - {"text":"C002"}
COMMAND: GET /session/fe219389c4a652ed804fe0697356972e/screenshot - {}
RESULT: {"text":"C002"}
COMMAND: GET /session/fe219389c4a652ed804fe0697356972e/screenshot - {}
RESULT: {}
RESULT: {}
COMMAND: POST /session/fe219389c4a652ed804fe0697356972e/element - {"using":"xpath","value":"//li[.//span[text()= \"C002\"]]"}
RESULT: {"using":"xpath","value":"//li[.//span[text()= \"C002\"]]"}
COMMAND: POST /session/fe219389c4a652ed804fe0697356972e/element/f.AE569C338F7BE8C487FB69BDD94B5641.d.4A7B6FCE6CA1B98A5597E6C5D9277AAB.e.1473/click - {}
RESULT: {}
COMMAND: GET /session/fe219389c4a652ed804fe0697356972e/screenshot - {}
RESULT: {}
COMMAND: POST /session/fe219389c4a652ed804fe0697356972e/execute/async - {"script":"<script> [1562 bytes]","args":[{"selector":{"controlType":"sap.ui.core.Icon","viewName":"etm.portal.ui.managepartners.view.NewPartner","viewId":"application-managepartners-display-component---NewPartner","properties":{"src":{"regex":{"source":"slim\\-arrow\\-down"}}},"ancestor":{"controlType":"sap.m.ComboBox","viewName":"etm.portal.ui.managepartners.view.NewPartner","viewId":"application-managepartners-display-component---NewPartner","bindingPath":{"path":"","propertyPath":"/CATALOG","modelName":"oNewPartnerModel"}}},"wdio_ui5_key":"etmportal.ui.managepartners.view.NewPartnersap.ui.core.Icon{\"src\":{\"regex\":{\"source\":\"slim\\\\-arrow\\\\-down\"}}}{\"controlType\":\"sap.m.ComboBox\",\"viewName\":\"etm.portal.ui.managepartners.view.NewPartner\",\"viewId\":\"application-managepartners-display-component---NewPartner\",\"bindingPath\":{\"path\":\"\",\"propertyPath\":\"/CATALOG\",\"modelName\":\"oNewPartnerModel\"}}"}]}
RESULT: {"script":"<script> [1562 bytes]","args":[{"selector":{"controlType":"sap.ui.core.Icon","viewName":"etm.portal.ui.managepartners.view.NewPartner","viewId":"application-managepartners-display-component---NewPartner","properties":{"src":{"regex":{"source":"slim\\-arrow\\-down"}}},"ancestor":{"controlType":"sap.m.ComboBox","viewName":"etm.portal.ui.managepartners.view.NewPartner","viewId":"application-managepartners-display-component---NewPartner","bindingPath":{"path":"","propertyPath":"/CATALOG","modelName":"oNewPartnerModel"}}},"wdio_ui5_key":"etmportal.ui.managepartners.view.NewPartnersap.ui.core.Icon{\"src\":{\"regex\":{\"source\":\"slim\\\\-arrow\\\\-down\"}}}{\"controlType\":\"sap.m.ComboBox\",\"viewName\":\"etm.portal.ui.managepartners.view.NewPartner\",\"viewId\":\"application-managepartners-display-component---NewPartner\",\"bindingPath\":{\"path\":\"\",\"propertyPath\":\"/CATALOG\",\"modelName\":\"oNewPartnerModel\"}}"}]}
RESULT: undefined
COMMAND: POST /session/fe219389c4a652ed804fe0697356972e/element - {"using":"xpath","value":"//*[@id=\"__box22-arrow\"]"}
RESULT: {"using":"xpath","value":"//*[@id=\"__box22-arrow\"]"}
COMMAND: POST /session/fe219389c4a652ed804fe0697356972e/element/f.AE569C338F7BE8C487FB69BDD94B5641.d.4A7B6FCE6CA1B98A5597E6C5D9277AAB.e.1439/click - {}
RESULT: {}
COMMAND: GET /session/fe219389c4a652ed804fe0697356972e/screenshot - {}
RESULT: {}
COMMAND: POST /session/fe219389c4a652ed804fe0697356972e/element - {"using":"xpath","value":"//li[.//span[text()= \"Webshop Catalog\"]]"}
RESULT: {"using":"xpath","value":"//li[.//span[text()= \"Webshop Catalog\"]]"}
COMMAND: POST /session/fe219389c4a652ed804fe0697356972e/element/f.AE569C338F7BE8C487FB69BDD94B5641.d.4A7B6FCE6CA1B98A5597E6C5D9277AAB.e.1475/click - {}
RESULT: {}
COMMAND: GET /session/fe219389c4a652ed804fe0697356972e/screenshot - {}
RESULT: {}
COMMAND: POST /session/fe219389c4a652ed804fe0697356972e/execute/async - {"script":"<script> [1562 bytes]","args":[{"selector":{"id":"application-managepartners-display-component---NewPartner--btnAddTableRow-img"},"wdio_ui5_key":"applicationmanagepartners-display-component---NewPartner--btnAddTableRow-img"}]}
RESULT: {"script":"<script> [1562 bytes]","args":[{"selector":{"id":"application-managepartners-display-component---NewPartner--btnAddTableRow-img"},"wdio_ui5_key":"applicationmanagepartners-display-component---NewPartner--btnAddTableRow-img"}]}
RESULT: undefined
COMMAND: POST /session/fe219389c4a652ed804fe0697356972e/element - {"using":"xpath","value":"//*[@id=\"application-managepartners-display-component---NewPartner--btnAddTableRow-img\"]"}
RESULT: {"using":"xpath","value":"//*[@id=\"application-managepartners-display-component---NewPartner--btnAddTableRow-img\"]"}
COMMAND: POST /session/fe219389c4a652ed804fe0697356972e/element/f.AE569C338F7BE8C487FB69BDD94B5641.d.4A7B6FCE6CA1B98A5597E6C5D9277AAB.e.1476/click - {}
RESULT: {}
COMMAND: GET /session/fe219389c4a652ed804fe0697356972e/screenshot - {}
RESULT: {}
COMMAND: POST /session/fe219389c4a652ed804fe0697356972e/element - {"using":"xpath","value":"//input[@id=\"application-managepartners-display-component---NewPartner--assignmentYard-application-managepartners-display-component---NewPartner--assignmentsTable-0-inner\"]"}
RESULT: {"using":"xpath","value":"//input[@id=\"application-managepartners-display-component---NewPartner--assignmentYard-application-managepartners-display-component---NewPartner--assignmentsTable-0-inner\"]"}
COMMAND: POST /session/fe219389c4a652ed804fe0697356972e/element/f.AE569C338F7BE8C487FB69BDD94B5641.d.4A7B6FCE6CA1B98A5597E6C5D9277AAB.e.1479/clear - {}
RESULT: {}
COMMAND: POST /session/fe219389c4a652ed804fe0697356972e/element/f.AE569C338F7BE8C487FB69BDD94B5641.d.4A7B6FCE6CA1B98A5597E6C5D9277AAB.e.1479/value - {"text":"462"}
COMMAND: GET /session/fe219389c4a652ed804fe0697356972e/screenshot - {}
RESULT: {"text":"462"}
COMMAND: GET /session/fe219389c4a652ed804fe0697356972e/screenshot - {}
RESULT: {}
RESULT: {}
COMMAND: POST /session/fe219389c4a652ed804fe0697356972e/element - {"using":"xpath","value":"//li[.//span[text()='462']]"}
RESULT: {"using":"xpath","value":"//li[.//span[text()='462']]"}
COMMAND: POST /session/fe219389c4a652ed804fe0697356972e/element/f.AE569C338F7BE8C487FB69BDD94B5641.d.4A7B6FCE6CA1B98A5597E6C5D9277AAB.e.1487/click - {}
RESULT: {}
COMMAND: GET /session/fe219389c4a652ed804fe0697356972e/screenshot - {}
RESULT: {}
COMMAND: POST /session/fe219389c4a652ed804fe0697356972e/actions - {"actions":[{"id":"action2","type":"key","parameters":{},"actions":[{"type":"keyDown","value":""},{"type":"pause","duration":10},{"type":"keyUp","value":""}]}]}
RESULT: {"actions":[{"id":"action2","type":"key","parameters":{},"actions":[{"type":"keyDown","value":""},{"type":"pause","duration":10},{"type":"keyUp","value":""}]}]}
COMMAND: POST /session/fe219389c4a652ed804fe0697356972e/element - {"using":"xpath","value":"//td[contains(@id, \"assignmentsTable-0-cell2\")]/div/div"}
COMMAND: GET /session/fe219389c4a652ed804fe0697356972e/screenshot - {}
RESULT: {"using":"xpath","value":"//td[contains(@id, \"assignmentsTable-0-cell2\")]/div/div"}
COMMAND: POST /session/fe219389c4a652ed804fe0697356972e/element/f.AE569C338F7BE8C487FB69BDD94B5641.d.4A7B6FCE6CA1B98A5597E6C5D9277AAB.e.1490/click - {}
RESULT: {}
RESULT: {}
COMMAND: GET /session/fe219389c4a652ed804fe0697356972e/screenshot - {}
RESULT: {}
COMMAND: POST /session/fe219389c4a652ed804fe0697356972e/element - {"using":"xpath","value":"//button[@data-kt=\"saveButton\"]"}
RESULT: {"using":"xpath","value":"//button[@data-kt=\"saveButton\"]"}
COMMAND: POST /session/fe219389c4a652ed804fe0697356972e/element/f.AE569C338F7BE8C487FB69BDD94B5641.d.4A7B6FCE6CA1B98A5597E6C5D9277AAB.e.1378/click - {}
RESULT: {}
COMMAND: GET /session/fe219389c4a652ed804fe0697356972e/screenshot - {}
RESULT: {}
COMMAND: POST /session/fe219389c4a652ed804fe0697356972e/element - {"using":"xpath","value":"//header[contains(@id, 'ObjectPageLayout-headerTitle')]/div[1]/div[2]/div[2]/span[1]"}
RESULT: {"using":"xpath","value":"//header[contains(@id, 'ObjectPageLayout-headerTitle')]/div[1]/div[2]/div[2]/span[1]"}
COMMAND: POST /session/fe219389c4a652ed804fe0697356972e/elements - {"using":"xpath","value":"//header[contains(@id, 'ObjectPageLayout-headerTitle')]/div[1]/div[2]/div[2]/span[1]"}
RESULT: {"using":"xpath","value":"//header[contains(@id, 'ObjectPageLayout-headerTitle')]/div[1]/div[2]/div[2]/span[1]"}
COMMAND: POST /session/fe219389c4a652ed804fe0697356972e/execute/sync - {"script":"<script> [56 bytes]","args":[{"element-6066-11e4-a52e-4f735466cecf":"f.AE569C338F7BE8C487FB69BDD94B5641.d.4A7B6FCE6CA1B98A5597E6C5D9277AAB.e.1657","ELEMENT":"f.AE569C338F7BE8C487FB69BDD94B5641.d.4A7B6FCE6CA1B98A5597E6C5D9277AAB.e.1657"}]}
RESULT: {"script":"<script> [56 bytes]","args":[{"element-6066-11e4-a52e-4f735466cecf":"f.AE569C338F7BE8C487FB69BDD94B5641.d.4A7B6FCE6CA1B98A5597E6C5D9277AAB.e.1657","ELEMENT":"f.AE569C338F7BE8C487FB69BDD94B5641.d.4A7B6FCE6CA1B98A5597E6C5D9277AAB.e.1657"}]}
COMMAND: POST /session/fe219389c4a652ed804fe0697356972e/element - {"using":"css selector","value":"#shell-header-logo"}
COMMAND: GET /session/fe219389c4a652ed804fe0697356972e/screenshot - {}
RESULT: {"using":"css selector","value":"#shell-header-logo"}
COMMAND: POST /session/fe219389c4a652ed804fe0697356972e/element/f.AE569C338F7BE8C487FB69BDD94B5641.d.4A7B6FCE6CA1B98A5597E6C5D9277AAB.e.967/click - {}
RESULT: {}
RESULT: {}
COMMAND: GET /session/fe219389c4a652ed804fe0697356972e/screenshot - {}
RESULT: {}
COMMAND: POST /session/fe219389c4a652ed804fe0697356972e/execute/sync - {"script":"<script> [299 bytes]","args":[["getModel","getResource"]]}
RESULT: {"script":"<script> [299 bytes]","args":[["getModel","getResource"]]}
COMMAND: GET /session/fe219389c4a652ed804fe0697356972e/screenshot - {}
]]></system-out>
    </testcase>
    <testcase classname="chrome.136_0_7103_93.windows.Stock_increase_-_with_WHM_US125587" name="Should create a new WHM site" time="92.572">
      <system-out><![CDATA[
COMMAND: POST /session/fe219389c4a652ed804fe0697356972e/execute/async - {"script":"<script> [1562 bytes]","args":[{"selector":{"controlType":"sap.m.GenericTile","properties":{"header":"Manage Sites"}},"wdio_ui5_key":"sapm.GenericTile{\"header\":\"Manage Sites\"}"}]}
RESULT: {}
RESULT: {"script":"<script> [1562 bytes]","args":[{"selector":{"controlType":"sap.m.GenericTile","properties":{"header":"Manage Sites"}},"wdio_ui5_key":"sapm.GenericTile{\"header\":\"Manage Sites\"}"}]}
RESULT: undefined
COMMAND: POST /session/fe219389c4a652ed804fe0697356972e/element - {"using":"xpath","value":"//*[@id=\"__tile40\"]"}
RESULT: {"using":"xpath","value":"//*[@id=\"__tile40\"]"}
COMMAND: POST /session/fe219389c4a652ed804fe0697356972e/element/f.AE569C338F7BE8C487FB69BDD94B5641.d.4A7B6FCE6CA1B98A5597E6C5D9277AAB.e.122/click - {}
RESULT: {}
COMMAND: GET /session/fe219389c4a652ed804fe0697356972e/screenshot - {}
RESULT: {}
COMMAND: POST /session/fe219389c4a652ed804fe0697356972e/elements - {"using":"xpath","value":"//span[text()='Error']"}
RESULT: {"using":"xpath","value":"//span[text()='Error']"}
COMMAND: POST /session/fe219389c4a652ed804fe0697356972e/element - {"using":"xpath","value":"//button[@data-kt=\"addOverflowToolbarButton\"]"}
RESULT: {"using":"xpath","value":"//button[@data-kt=\"addOverflowToolbarButton\"]"}
COMMAND: POST /session/fe219389c4a652ed804fe0697356972e/elements - {"using":"xpath","value":"//button[@data-kt=\"addOverflowToolbarButton\"]"}
RESULT: {"using":"xpath","value":"//button[@data-kt=\"addOverflowToolbarButton\"]"}
COMMAND: POST /session/fe219389c4a652ed804fe0697356972e/execute/sync - {"script":"<script> [8489 bytes]","args":[{"element-6066-11e4-a52e-4f735466cecf":"f.AE569C338F7BE8C487FB69BDD94B5641.d.4A7B6FCE6CA1B98A5597E6C5D9277AAB.e.1704","ELEMENT":"f.AE569C338F7BE8C487FB69BDD94B5641.d.4A7B6FCE6CA1B98A5597E6C5D9277AAB.e.1704"}]}
RESULT: {"script":"<script> [8489 bytes]","args":[{"element-6066-11e4-a52e-4f735466cecf":"f.AE569C338F7BE8C487FB69BDD94B5641.d.4A7B6FCE6CA1B98A5597E6C5D9277AAB.e.1704","ELEMENT":"f.AE569C338F7BE8C487FB69BDD94B5641.d.4A7B6FCE6CA1B98A5597E6C5D9277AAB.e.1704"}]}
COMMAND: GET /session/fe219389c4a652ed804fe0697356972e/element/f.AE569C338F7BE8C487FB69BDD94B5641.d.4A7B6FCE6CA1B98A5597E6C5D9277AAB.e.1704/enabled - {}
COMMAND: GET /session/fe219389c4a652ed804fe0697356972e/screenshot - {}
RESULT: {}
COMMAND: POST /session/fe219389c4a652ed804fe0697356972e/execute/sync - {"script":"<script> [8489 bytes]","args":[{"element-6066-11e4-a52e-4f735466cecf":"f.AE569C338F7BE8C487FB69BDD94B5641.d.4A7B6FCE6CA1B98A5597E6C5D9277AAB.e.1704","ELEMENT":"f.AE569C338F7BE8C487FB69BDD94B5641.d.4A7B6FCE6CA1B98A5597E6C5D9277AAB.e.1704"}]}
COMMAND: GET /session/fe219389c4a652ed804fe0697356972e/screenshot - {}
RESULT: {}
RESULT: {"script":"<script> [8489 bytes]","args":[{"element-6066-11e4-a52e-4f735466cecf":"f.AE569C338F7BE8C487FB69BDD94B5641.d.4A7B6FCE6CA1B98A5597E6C5D9277AAB.e.1704","ELEMENT":"f.AE569C338F7BE8C487FB69BDD94B5641.d.4A7B6FCE6CA1B98A5597E6C5D9277AAB.e.1704"}]}
COMMAND: POST /session/fe219389c4a652ed804fe0697356972e/execute/sync - {"script":"<script> [5351 bytes]","args":[{"element-6066-11e4-a52e-4f735466cecf":"f.AE569C338F7BE8C487FB69BDD94B5641.d.4A7B6FCE6CA1B98A5597E6C5D9277AAB.e.1704","ELEMENT":"f.AE569C338F7BE8C487FB69BDD94B5641.d.4A7B6FCE6CA1B98A5597E6C5D9277AAB.e.1704"}]}
COMMAND: GET /session/fe219389c4a652ed804fe0697356972e/screenshot - {}
RESULT: {}
RESULT: {"script":"<script> [5351 bytes]","args":[{"element-6066-11e4-a52e-4f735466cecf":"f.AE569C338F7BE8C487FB69BDD94B5641.d.4A7B6FCE6CA1B98A5597E6C5D9277AAB.e.1704","ELEMENT":"f.AE569C338F7BE8C487FB69BDD94B5641.d.4A7B6FCE6CA1B98A5597E6C5D9277AAB.e.1704"}]}
COMMAND: POST /session/fe219389c4a652ed804fe0697356972e/element/f.AE569C338F7BE8C487FB69BDD94B5641.d.4A7B6FCE6CA1B98A5597E6C5D9277AAB.e.1704/click - {}
COMMAND: GET /session/fe219389c4a652ed804fe0697356972e/screenshot - {}
RESULT: {}
RESULT: {}
COMMAND: GET /session/fe219389c4a652ed804fe0697356972e/screenshot - {}
RESULT: {}
RESULT: {}
COMMAND: POST /session/fe219389c4a652ed804fe0697356972e/element - {"using":"xpath","value":"//input[@id=\"application-managesites-display-component---NewSite--siteId-inner\"]"}
RESULT: {"using":"xpath","value":"//input[@id=\"application-managesites-display-component---NewSite--siteId-inner\"]"}
COMMAND: POST /session/fe219389c4a652ed804fe0697356972e/element - {"using":"xpath","value":"//input[@id=\"application-managesites-display-component---NewSite--siteId-inner\"]"}
RESULT: {"using":"xpath","value":"//input[@id=\"application-managesites-display-component---NewSite--siteId-inner\"]"}
COMMAND: POST /session/fe219389c4a652ed804fe0697356972e/execute/async - {"script":"<script> [1562 bytes]","args":[{"selector":{"id":"application-managesites-display-component---NewSite--addressDetailDetailsName1","interaction":{"idSuffix":"inner"}},"wdio_ui5_key":"applicationmanagesites-display-component---NewSite--addressDetailDetailsName1"}]}
RESULT: {"script":"<script> [1562 bytes]","args":[{"selector":{"id":"application-managesites-display-component---NewSite--addressDetailDetailsName1","interaction":{"idSuffix":"inner"}},"wdio_ui5_key":"applicationmanagesites-display-component---NewSite--addressDetailDetailsName1"}]}
RESULT: undefined
COMMAND: POST /session/fe219389c4a652ed804fe0697356972e/execute/async - {"script":"<script> [776 bytes]","args":[{"enterText":"Warehouse Managed Site WDIO","selector":{"id":"application-managesites-display-component---NewSite--addressDetailDetailsName1","interaction":{"idSuffix":"inner"}},"clearTextFirst":true,"interactionType":"ENTER_TEXT"}]}
RESULT: {"script":"<script> [776 bytes]","args":[{"enterText":"Warehouse Managed Site WDIO","selector":{"id":"application-managesites-display-component---NewSite--addressDetailDetailsName1","interaction":{"idSuffix":"inner"}},"clearTextFirst":true,"interactionType":"ENTER_TEXT"}]}
COMMAND: POST /session/fe219389c4a652ed804fe0697356972e/execute/async - {"script":"<script> [1562 bytes]","args":[{"selector":{"id":"application-managesites-display-component---NewSite--addressDetailDetailsLanguage-arrow"},"wdio_ui5_key":"applicationmanagesites-display-component---NewSite--addressDetailDetailsLanguage-arrow"}]}
RESULT: {"script":"<script> [1562 bytes]","args":[{"selector":{"id":"application-managesites-display-component---NewSite--addressDetailDetailsLanguage-arrow"},"wdio_ui5_key":"applicationmanagesites-display-component---NewSite--addressDetailDetailsLanguage-arrow"}]}
RESULT: undefined
COMMAND: POST /session/fe219389c4a652ed804fe0697356972e/element - {"using":"xpath","value":"//*[@id=\"application-managesites-display-component---NewSite--addressDetailDetailsLanguage-arrow\"]"}
RESULT: {"using":"xpath","value":"//*[@id=\"application-managesites-display-component---NewSite--addressDetailDetailsLanguage-arrow\"]"}
COMMAND: POST /session/fe219389c4a652ed804fe0697356972e/element/f.AE569C338F7BE8C487FB69BDD94B5641.d.4A7B6FCE6CA1B98A5597E6C5D9277AAB.e.2114/click - {}
RESULT: {}
COMMAND: POST /session/fe219389c4a652ed804fe0697356972e/element - {"using":"xpath","value":"//span[contains(text(), \"English\")]"}
COMMAND: GET /session/fe219389c4a652ed804fe0697356972e/screenshot - {}
RESULT: {"using":"xpath","value":"//span[contains(text(), \"English\")]"}
COMMAND: POST /session/fe219389c4a652ed804fe0697356972e/element/f.AE569C338F7BE8C487FB69BDD94B5641.d.4A7B6FCE6CA1B98A5597E6C5D9277AAB.e.2115/click - {}
RESULT: {}
RESULT: {}
COMMAND: POST /session/fe219389c4a652ed804fe0697356972e/execute/async - {"script":"<script> [1562 bytes]","args":[{"selector":{"id":"application-managesites-display-component---NewSite--addressDetailDetailsCity1","interaction":{"idSuffix":"inner"}},"wdio_ui5_key":"applicationmanagesites-display-component---NewSite--addressDetailDetailsCity1"}]}
COMMAND: GET /session/fe219389c4a652ed804fe0697356972e/screenshot - {}
RESULT: {"script":"<script> [1562 bytes]","args":[{"selector":{"id":"application-managesites-display-component---NewSite--addressDetailDetailsCity1","interaction":{"idSuffix":"inner"}},"wdio_ui5_key":"applicationmanagesites-display-component---NewSite--addressDetailDetailsCity1"}]}
RESULT: undefined
COMMAND: POST /session/fe219389c4a652ed804fe0697356972e/execute/async - {"script":"<script> [776 bytes]","args":[{"enterText":"Rosario","selector":{"id":"application-managesites-display-component---NewSite--addressDetailDetailsCity1","interaction":{"idSuffix":"inner"}},"clearTextFirst":true,"interactionType":"ENTER_TEXT"}]}
RESULT: {}
RESULT: {"script":"<script> [776 bytes]","args":[{"enterText":"Rosario","selector":{"id":"application-managesites-display-component---NewSite--addressDetailDetailsCity1","interaction":{"idSuffix":"inner"}},"clearTextFirst":true,"interactionType":"ENTER_TEXT"}]}
COMMAND: POST /session/fe219389c4a652ed804fe0697356972e/execute/async - {"script":"<script> [1562 bytes]","args":[{"selector":{"id":"application-managesites-display-component---NewSite--addressDetailDetailsCountry-arrow"},"wdio_ui5_key":"applicationmanagesites-display-component---NewSite--addressDetailDetailsCountry-arrow"}]}
RESULT: {"script":"<script> [1562 bytes]","args":[{"selector":{"id":"application-managesites-display-component---NewSite--addressDetailDetailsCountry-arrow"},"wdio_ui5_key":"applicationmanagesites-display-component---NewSite--addressDetailDetailsCountry-arrow"}]}
RESULT: undefined
COMMAND: POST /session/fe219389c4a652ed804fe0697356972e/element - {"using":"xpath","value":"//*[@id=\"application-managesites-display-component---NewSite--addressDetailDetailsCountry-arrow\"]"}
RESULT: {"using":"xpath","value":"//*[@id=\"application-managesites-display-component---NewSite--addressDetailDetailsCountry-arrow\"]"}
COMMAND: POST /session/fe219389c4a652ed804fe0697356972e/element/f.AE569C338F7BE8C487FB69BDD94B5641.d.4A7B6FCE6CA1B98A5597E6C5D9277AAB.e.2117/click - {}
RESULT: {}
COMMAND: POST /session/fe219389c4a652ed804fe0697356972e/element - {"using":"xpath","value":"//span[contains(text(), \"Argentina\")]"}
COMMAND: GET /session/fe219389c4a652ed804fe0697356972e/screenshot - {}
RESULT: {"using":"xpath","value":"//span[contains(text(), \"Argentina\")]"}
COMMAND: POST /session/fe219389c4a652ed804fe0697356972e/element/f.AE569C338F7BE8C487FB69BDD94B5641.d.4A7B6FCE6CA1B98A5597E6C5D9277AAB.e.2118/click - {}
RESULT: {}
RESULT: {}
COMMAND: GET /session/fe219389c4a652ed804fe0697356972e/screenshot - {}
RESULT: {}
COMMAND: POST /session/fe219389c4a652ed804fe0697356972e/execute/async - {"script":"<script> [1562 bytes]","args":[{"selector":{"id":"application-managesites-display-component---NewSite--addressEditDetailsCostObjectCstType-arrow"},"wdio_ui5_key":"applicationmanagesites-display-component---NewSite--addressEditDetailsCostObjectCstType-arrow"}]}
RESULT: {"script":"<script> [1562 bytes]","args":[{"selector":{"id":"application-managesites-display-component---NewSite--addressEditDetailsCostObjectCstType-arrow"},"wdio_ui5_key":"applicationmanagesites-display-component---NewSite--addressEditDetailsCostObjectCstType-arrow"}]}
RESULT: undefined
COMMAND: POST /session/fe219389c4a652ed804fe0697356972e/element - {"using":"xpath","value":"//*[@id=\"application-managesites-display-component---NewSite--addressEditDetailsCostObjectCstType-arrow\"]"}
RESULT: {"using":"xpath","value":"//*[@id=\"application-managesites-display-component---NewSite--addressEditDetailsCostObjectCstType-arrow\"]"}
COMMAND: POST /session/fe219389c4a652ed804fe0697356972e/element/f.AE569C338F7BE8C487FB69BDD94B5641.d.4A7B6FCE6CA1B98A5597E6C5D9277AAB.e.2120/click - {}
RESULT: {}
COMMAND: POST /session/fe219389c4a652ed804fe0697356972e/element - {"using":"xpath","value":"//span[contains(text(), \"Cost Center\")]"}
COMMAND: GET /session/fe219389c4a652ed804fe0697356972e/screenshot - {}
RESULT: {"using":"xpath","value":"//span[contains(text(), \"Cost Center\")]"}
COMMAND: POST /session/fe219389c4a652ed804fe0697356972e/element/f.AE569C338F7BE8C487FB69BDD94B5641.d.4A7B6FCE6CA1B98A5597E6C5D9277AAB.e.2121/click - {}
RESULT: {}
RESULT: {}
COMMAND: GET /session/fe219389c4a652ed804fe0697356972e/screenshot - {}
RESULT: {}
COMMAND: POST /session/fe219389c4a652ed804fe0697356972e/element - {"using":"xpath","value":"//span[@id=\"application-managesites-display-component---NewSite--addressNewCostObjectCstID-vhi\"]"}
RESULT: {"using":"xpath","value":"//span[@id=\"application-managesites-display-component---NewSite--addressNewCostObjectCstID-vhi\"]"}
COMMAND: POST /session/fe219389c4a652ed804fe0697356972e/execute/sync - {"script":"<script> [8489 bytes]","args":[{"element-6066-11e4-a52e-4f735466cecf":"f.AE569C338F7BE8C487FB69BDD94B5641.d.4A7B6FCE6CA1B98A5597E6C5D9277AAB.e.2126","ELEMENT":"f.AE569C338F7BE8C487FB69BDD94B5641.d.4A7B6FCE6CA1B98A5597E6C5D9277AAB.e.2126"}]}
RESULT: {"script":"<script> [8489 bytes]","args":[{"element-6066-11e4-a52e-4f735466cecf":"f.AE569C338F7BE8C487FB69BDD94B5641.d.4A7B6FCE6CA1B98A5597E6C5D9277AAB.e.2126","ELEMENT":"f.AE569C338F7BE8C487FB69BDD94B5641.d.4A7B6FCE6CA1B98A5597E6C5D9277AAB.e.2126"}]}
COMMAND: POST /session/fe219389c4a652ed804fe0697356972e/execute/async - {"script":"<script> [1562 bytes]","args":[{"selector":{"id":"application-managesites-display-component---NewSite--addressNewCostObjectCstID-vhi"},"wdio_ui5_key":"applicationmanagesites-display-component---NewSite--addressNewCostObjectCstID-vhi"}]}
COMMAND: GET /session/fe219389c4a652ed804fe0697356972e/screenshot - {}
RESULT: {"script":"<script> [1562 bytes]","args":[{"selector":{"id":"application-managesites-display-component---NewSite--addressNewCostObjectCstID-vhi"},"wdio_ui5_key":"applicationmanagesites-display-component---NewSite--addressNewCostObjectCstID-vhi"}]}
RESULT: undefined
COMMAND: POST /session/fe219389c4a652ed804fe0697356972e/element - {"using":"xpath","value":"//*[@id=\"application-managesites-display-component---NewSite--addressNewCostObjectCstID-vhi\"]"}
RESULT: {}
RESULT: {"using":"xpath","value":"//*[@id=\"application-managesites-display-component---NewSite--addressNewCostObjectCstID-vhi\"]"}
COMMAND: POST /session/fe219389c4a652ed804fe0697356972e/element/f.AE569C338F7BE8C487FB69BDD94B5641.d.4A7B6FCE6CA1B98A5597E6C5D9277AAB.e.2126/click - {}
RESULT: {}
COMMAND: GET /session/fe219389c4a652ed804fe0697356972e/screenshot - {}
RESULT: {}
RESULT: undefined
COMMAND: POST /session/fe219389c4a652ed804fe0697356972e/execute/async - {"script":"<script> [776 bytes]","args":[{"enterText":"10001013","selector":{"controlType":"sap.m.SearchField","properties":{"placeholder":"Search"},"searchOpenDialogs":true,"interaction":{"idSuffix":"I"}},"clearTextFirst":true,"interactionType":"ENTER_TEXT"}]}
RESULT: {"script":"<script> [776 bytes]","args":[{"enterText":"10001013","selector":{"controlType":"sap.m.SearchField","properties":{"placeholder":"Search"},"searchOpenDialogs":true,"interaction":{"idSuffix":"I"}},"clearTextFirst":true,"interactionType":"ENTER_TEXT"}]}
COMMAND: POST /session/fe219389c4a652ed804fe0697356972e/actions - {"actions":[{"id":"action3","type":"key","parameters":{},"actions":[{"type":"keyDown","value":""},{"type":"pause","duration":10},{"type":"keyUp","value":""}]}]}
RESULT: {"actions":[{"id":"action3","type":"key","parameters":{},"actions":[{"type":"keyDown","value":""},{"type":"pause","duration":10},{"type":"keyUp","value":""}]}]}
COMMAND: GET /session/fe219389c4a652ed804fe0697356972e/screenshot - {}
RESULT: {}
COMMAND: POST /session/fe219389c4a652ed804fe0697356972e/element - {"using":"xpath","value":"//span[contains(text(), \"General Management\")]"}
RESULT: {"using":"xpath","value":"//span[contains(text(), \"General Management\")]"}
COMMAND: POST /session/fe219389c4a652ed804fe0697356972e/element/f.AE569C338F7BE8C487FB69BDD94B5641.d.4A7B6FCE6CA1B98A5597E6C5D9277AAB.e.2164/click - {}
RESULT: {}
COMMAND: GET /session/fe219389c4a652ed804fe0697356972e/screenshot - {}
RESULT: {}
COMMAND: POST /session/fe219389c4a652ed804fe0697356972e/element - {"using":"xpath","value":"//bdi[contains(text(), \"OK\")]"}
RESULT: {"using":"xpath","value":"//bdi[contains(text(), \"OK\")]"}
COMMAND: POST /session/fe219389c4a652ed804fe0697356972e/element/f.AE569C338F7BE8C487FB69BDD94B5641.d.4A7B6FCE6CA1B98A5597E6C5D9277AAB.e.2165/click - {}
RESULT: {}
COMMAND: GET /session/fe219389c4a652ed804fe0697356972e/screenshot - {}
RESULT: {}
COMMAND: POST /session/fe219389c4a652ed804fe0697356972e/element - {"using":"xpath","value":"//input[@id=\"application-managesites-display-component---NewSite--addressDetailDetailsCalendar-inner\"]"}
RESULT: {"using":"xpath","value":"//input[@id=\"application-managesites-display-component---NewSite--addressDetailDetailsCalendar-inner\"]"}
COMMAND: POST /session/fe219389c4a652ed804fe0697356972e/element/f.AE569C338F7BE8C487FB69BDD94B5641.d.4A7B6FCE6CA1B98A5597E6C5D9277AAB.e.1910/clear - {}
RESULT: {}
COMMAND: POST /session/fe219389c4a652ed804fe0697356972e/element/f.AE569C338F7BE8C487FB69BDD94B5641.d.4A7B6FCE6CA1B98A5597E6C5D9277AAB.e.1910/value - {"text":"Unit"}
COMMAND: GET /session/fe219389c4a652ed804fe0697356972e/screenshot - {}
RESULT: {"text":"Unit"}
COMMAND: GET /session/fe219389c4a652ed804fe0697356972e/screenshot - {}
RESULT: {}
RESULT: {}
COMMAND: POST /session/fe219389c4a652ed804fe0697356972e/actions - {"actions":[{"id":"action4","type":"key","parameters":{},"actions":[{"type":"keyDown","value":""},{"type":"pause","duration":10},{"type":"keyUp","value":""}]}]}
RESULT: {"actions":[{"id":"action4","type":"key","parameters":{},"actions":[{"type":"keyDown","value":""},{"type":"pause","duration":10},{"type":"keyUp","value":""}]}]}
COMMAND: POST /session/fe219389c4a652ed804fe0697356972e/element - {"using":"xpath","value":"//input[@id=\"application-managesites-display-component---NewSite--addressDetailDetailsYard-inner\"]"}
COMMAND: GET /session/fe219389c4a652ed804fe0697356972e/screenshot - {}
RESULT: {"using":"xpath","value":"//input[@id=\"application-managesites-display-component---NewSite--addressDetailDetailsYard-inner\"]"}
COMMAND: POST /session/fe219389c4a652ed804fe0697356972e/element/f.AE569C338F7BE8C487FB69BDD94B5641.d.4A7B6FCE6CA1B98A5597E6C5D9277AAB.e.1911/clear - {}
RESULT: {}
RESULT: {}
COMMAND: POST /session/fe219389c4a652ed804fe0697356972e/element/f.AE569C338F7BE8C487FB69BDD94B5641.d.4A7B6FCE6CA1B98A5597E6C5D9277AAB.e.1911/value - {"text":"462"}
COMMAND: GET /session/fe219389c4a652ed804fe0697356972e/screenshot - {}
RESULT: {"text":"462"}
COMMAND: GET /session/fe219389c4a652ed804fe0697356972e/screenshot - {}
RESULT: {}
RESULT: {}
COMMAND: POST /session/fe219389c4a652ed804fe0697356972e/element - {"using":"xpath","value":"//li[.//span[text()='462']]"}
RESULT: {"using":"xpath","value":"//li[.//span[text()='462']]"}
COMMAND: POST /session/fe219389c4a652ed804fe0697356972e/element/f.AE569C338F7BE8C487FB69BDD94B5641.d.4A7B6FCE6CA1B98A5597E6C5D9277AAB.e.2173/click - {}
RESULT: {}
COMMAND: GET /session/fe219389c4a652ed804fe0697356972e/screenshot - {}
RESULT: {}
COMMAND: POST /session/fe219389c4a652ed804fe0697356972e/element - {"using":"xpath","value":"//input[@id=\"application-managesites-display-component---NewSite--addressDetailDetailsPartner-inner\"]"}
RESULT: {"using":"xpath","value":"//input[@id=\"application-managesites-display-component---NewSite--addressDetailDetailsPartner-inner\"]"}
COMMAND: POST /session/fe219389c4a652ed804fe0697356972e/element - {"using":"xpath","value":"//input[@id=\"application-managesites-display-component---NewSite--addressDetailDetailsPartner-inner\"]"}
RESULT: {"using":"xpath","value":"//input[@id=\"application-managesites-display-component---NewSite--addressDetailDetailsPartner-inner\"]"}
COMMAND: POST /session/fe219389c4a652ed804fe0697356972e/execute/async - {"script":"<script> [1562 bytes]","args":[{"selector":{"id":"application-managesites-display-component---NewSite--siteWhmCheckBox-label","interaction":{"idSuffix":"bdi"}},"wdio_ui5_key":"applicationmanagesites-display-component---NewSite--siteWhmCheckBox-label"}]}
RESULT: {"script":"<script> [1562 bytes]","args":[{"selector":{"id":"application-managesites-display-component---NewSite--siteWhmCheckBox-label","interaction":{"idSuffix":"bdi"}},"wdio_ui5_key":"applicationmanagesites-display-component---NewSite--siteWhmCheckBox-label"}]}
RESULT: undefined
COMMAND: POST /session/fe219389c4a652ed804fe0697356972e/element - {"using":"xpath","value":"//*[@id=\"application-managesites-display-component---NewSite--siteWhmCheckBox-label\"]"}
RESULT: {"using":"xpath","value":"//*[@id=\"application-managesites-display-component---NewSite--siteWhmCheckBox-label\"]"}
COMMAND: POST /session/fe219389c4a652ed804fe0697356972e/element/f.AE569C338F7BE8C487FB69BDD94B5641.d.4A7B6FCE6CA1B98A5597E6C5D9277AAB.e.2175/click - {}
RESULT: {}
COMMAND: GET /session/fe219389c4a652ed804fe0697356972e/screenshot - {}
RESULT: {}
COMMAND: POST /session/fe219389c4a652ed804fe0697356972e/element - {"using":"xpath","value":"//button[@data-kt=\"saveButton\"]"}
RESULT: {"using":"xpath","value":"//button[@data-kt=\"saveButton\"]"}
COMMAND: POST /session/fe219389c4a652ed804fe0697356972e/element/f.AE569C338F7BE8C487FB69BDD94B5641.d.4A7B6FCE6CA1B98A5597E6C5D9277AAB.e.2068/click - {}
RESULT: {}
COMMAND: GET /session/fe219389c4a652ed804fe0697356972e/screenshot - {}
RESULT: {}
COMMAND: POST /session/fe219389c4a652ed804fe0697356972e/element - {"using":"xpath","value":"//header[contains(@id, 'ObjectPageLayout-headerTitle')]/div[1]/div[2]/div[2]/span[1]"}
RESULT: {"using":"xpath","value":"//header[contains(@id, 'ObjectPageLayout-headerTitle')]/div[1]/div[2]/div[2]/span[1]"}
COMMAND: POST /session/fe219389c4a652ed804fe0697356972e/elements - {"using":"xpath","value":"//header[contains(@id, 'ObjectPageLayout-headerTitle')]/div[1]/div[2]/div[2]/span[1]"}
RESULT: {"using":"xpath","value":"//header[contains(@id, 'ObjectPageLayout-headerTitle')]/div[1]/div[2]/div[2]/span[1]"}
COMMAND: POST /session/fe219389c4a652ed804fe0697356972e/execute/sync - {"script":"<script> [56 bytes]","args":[{"element-6066-11e4-a52e-4f735466cecf":"f.AE569C338F7BE8C487FB69BDD94B5641.d.4A7B6FCE6CA1B98A5597E6C5D9277AAB.e.2379","ELEMENT":"f.AE569C338F7BE8C487FB69BDD94B5641.d.4A7B6FCE6CA1B98A5597E6C5D9277AAB.e.2379"}]}
RESULT: {"script":"<script> [56 bytes]","args":[{"element-6066-11e4-a52e-4f735466cecf":"f.AE569C338F7BE8C487FB69BDD94B5641.d.4A7B6FCE6CA1B98A5597E6C5D9277AAB.e.2379","ELEMENT":"f.AE569C338F7BE8C487FB69BDD94B5641.d.4A7B6FCE6CA1B98A5597E6C5D9277AAB.e.2379"}]}
COMMAND: POST /session/fe219389c4a652ed804fe0697356972e/element - {"using":"css selector","value":"#shell-header-logo"}
COMMAND: GET /session/fe219389c4a652ed804fe0697356972e/screenshot - {}
RESULT: {"using":"css selector","value":"#shell-header-logo"}
COMMAND: POST /session/fe219389c4a652ed804fe0697356972e/element/f.AE569C338F7BE8C487FB69BDD94B5641.d.4A7B6FCE6CA1B98A5597E6C5D9277AAB.e.1662/click - {}
RESULT: {}
RESULT: {}
COMMAND: GET /session/fe219389c4a652ed804fe0697356972e/screenshot - {}
RESULT: {}
COMMAND: POST /session/fe219389c4a652ed804fe0697356972e/execute/sync - {"script":"<script> [299 bytes]","args":[["getModel","getResource"]]}
RESULT: {"script":"<script> [299 bytes]","args":[["getModel","getResource"]]}
COMMAND: GET /session/fe219389c4a652ed804fe0697356972e/screenshot - {}
]]></system-out>
    </testcase>
    <testcase classname="chrome.136_0_7103_93.windows.Stock_increase_-_with_WHM_US125587" name="Should create a new material" time="112.071">
      <system-out><![CDATA[
COMMAND: POST /session/fe219389c4a652ed804fe0697356972e/execute/async - {"script":"<script> [1562 bytes]","args":[{"selector":{"controlType":"sap.m.GenericTile","properties":{"header":"Manage Resources"}},"wdio_ui5_key":"sapm.GenericTile{\"header\":\"Manage Resources\"}"}]}
RESULT: {}
RESULT: {"script":"<script> [1562 bytes]","args":[{"selector":{"controlType":"sap.m.GenericTile","properties":{"header":"Manage Resources"}},"wdio_ui5_key":"sapm.GenericTile{\"header\":\"Manage Resources\"}"}]}
RESULT: undefined
COMMAND: POST /session/fe219389c4a652ed804fe0697356972e/element - {"using":"xpath","value":"//*[@id=\"__tile39\"]"}
RESULT: {"using":"xpath","value":"//*[@id=\"__tile39\"]"}
COMMAND: POST /session/fe219389c4a652ed804fe0697356972e/element/f.AE569C338F7BE8C487FB69BDD94B5641.d.4A7B6FCE6CA1B98A5597E6C5D9277AAB.e.119/click - {}
RESULT: {}
COMMAND: GET /session/fe219389c4a652ed804fe0697356972e/screenshot - {}
RESULT: {}
COMMAND: POST /session/fe219389c4a652ed804fe0697356972e/elements - {"using":"xpath","value":"//span[text()='Error']"}
RESULT: {"using":"xpath","value":"//span[text()='Error']"}
COMMAND: POST /session/fe219389c4a652ed804fe0697356972e/element - {"using":"xpath","value":"//button[@data-kt=\"addNewRUOverflowToolbarButton\"]"}
RESULT: {"using":"xpath","value":"//button[@data-kt=\"addNewRUOverflowToolbarButton\"]"}
COMMAND: POST /session/fe219389c4a652ed804fe0697356972e/elements - {"using":"xpath","value":"//button[@data-kt=\"addNewRUOverflowToolbarButton\"]"}
RESULT: {"using":"xpath","value":"//button[@data-kt=\"addNewRUOverflowToolbarButton\"]"}
COMMAND: POST /session/fe219389c4a652ed804fe0697356972e/execute/sync - {"script":"<script> [8489 bytes]","args":[{"element-6066-11e4-a52e-4f735466cecf":"f.AE569C338F7BE8C487FB69BDD94B5641.d.4A7B6FCE6CA1B98A5597E6C5D9277AAB.e.2425","ELEMENT":"f.AE569C338F7BE8C487FB69BDD94B5641.d.4A7B6FCE6CA1B98A5597E6C5D9277AAB.e.2425"}]}
RESULT: {"script":"<script> [8489 bytes]","args":[{"element-6066-11e4-a52e-4f735466cecf":"f.AE569C338F7BE8C487FB69BDD94B5641.d.4A7B6FCE6CA1B98A5597E6C5D9277AAB.e.2425","ELEMENT":"f.AE569C338F7BE8C487FB69BDD94B5641.d.4A7B6FCE6CA1B98A5597E6C5D9277AAB.e.2425"}]}
COMMAND: GET /session/fe219389c4a652ed804fe0697356972e/element/f.AE569C338F7BE8C487FB69BDD94B5641.d.4A7B6FCE6CA1B98A5597E6C5D9277AAB.e.2425/enabled - {}
COMMAND: GET /session/fe219389c4a652ed804fe0697356972e/screenshot - {}
RESULT: {}
COMMAND: POST /session/fe219389c4a652ed804fe0697356972e/execute/sync - {"script":"<script> [8489 bytes]","args":[{"element-6066-11e4-a52e-4f735466cecf":"f.AE569C338F7BE8C487FB69BDD94B5641.d.4A7B6FCE6CA1B98A5597E6C5D9277AAB.e.2425","ELEMENT":"f.AE569C338F7BE8C487FB69BDD94B5641.d.4A7B6FCE6CA1B98A5597E6C5D9277AAB.e.2425"}]}
COMMAND: GET /session/fe219389c4a652ed804fe0697356972e/screenshot - {}
RESULT: {}
RESULT: {"script":"<script> [8489 bytes]","args":[{"element-6066-11e4-a52e-4f735466cecf":"f.AE569C338F7BE8C487FB69BDD94B5641.d.4A7B6FCE6CA1B98A5597E6C5D9277AAB.e.2425","ELEMENT":"f.AE569C338F7BE8C487FB69BDD94B5641.d.4A7B6FCE6CA1B98A5597E6C5D9277AAB.e.2425"}]}
COMMAND: POST /session/fe219389c4a652ed804fe0697356972e/execute/sync - {"script":"<script> [5351 bytes]","args":[{"element-6066-11e4-a52e-4f735466cecf":"f.AE569C338F7BE8C487FB69BDD94B5641.d.4A7B6FCE6CA1B98A5597E6C5D9277AAB.e.2425","ELEMENT":"f.AE569C338F7BE8C487FB69BDD94B5641.d.4A7B6FCE6CA1B98A5597E6C5D9277AAB.e.2425"}]}
COMMAND: GET /session/fe219389c4a652ed804fe0697356972e/screenshot - {}
RESULT: {}
RESULT: {"script":"<script> [5351 bytes]","args":[{"element-6066-11e4-a52e-4f735466cecf":"f.AE569C338F7BE8C487FB69BDD94B5641.d.4A7B6FCE6CA1B98A5597E6C5D9277AAB.e.2425","ELEMENT":"f.AE569C338F7BE8C487FB69BDD94B5641.d.4A7B6FCE6CA1B98A5597E6C5D9277AAB.e.2425"}]}
COMMAND: POST /session/fe219389c4a652ed804fe0697356972e/element/f.AE569C338F7BE8C487FB69BDD94B5641.d.4A7B6FCE6CA1B98A5597E6C5D9277AAB.e.2425/click - {}
COMMAND: GET /session/fe219389c4a652ed804fe0697356972e/screenshot - {}
RESULT: {}
RESULT: {}
COMMAND: GET /session/fe219389c4a652ed804fe0697356972e/screenshot - {}
RESULT: {}
RESULT: {}
COMMAND: POST /session/fe219389c4a652ed804fe0697356972e/execute/async - {"script":"<script> [1562 bytes]","args":[{"selector":{"id":"application-manageresources-display-component---newResourceUnit--TYPE-arrow"},"wdio_ui5_key":"applicationmanageresources-display-component---newResourceUnit--TYPE-arrow"}]}
RESULT: {"script":"<script> [1562 bytes]","args":[{"selector":{"id":"application-manageresources-display-component---newResourceUnit--TYPE-arrow"},"wdio_ui5_key":"applicationmanageresources-display-component---newResourceUnit--TYPE-arrow"}]}
RESULT: undefined
COMMAND: POST /session/fe219389c4a652ed804fe0697356972e/element - {"using":"xpath","value":"//*[@id=\"application-manageresources-display-component---newResourceUnit--TYPE-arrow\"]"}
RESULT: {"using":"xpath","value":"//*[@id=\"application-manageresources-display-component---newResourceUnit--TYPE-arrow\"]"}
COMMAND: POST /session/fe219389c4a652ed804fe0697356972e/element/f.AE569C338F7BE8C487FB69BDD94B5641.d.4A7B6FCE6CA1B98A5597E6C5D9277AAB.e.2783/click - {}
RESULT: {}
COMMAND: POST /session/fe219389c4a652ed804fe0697356972e/element - {"using":"xpath","value":"//input[@id=\"application-manageresources-display-component---newResourceUnit--TYPE-inner\"]"}
COMMAND: GET /session/fe219389c4a652ed804fe0697356972e/screenshot - {}
RESULT: {"using":"xpath","value":"//input[@id=\"application-manageresources-display-component---newResourceUnit--TYPE-inner\"]"}
COMMAND: POST /session/fe219389c4a652ed804fe0697356972e/element/f.AE569C338F7BE8C487FB69BDD94B5641.d.4A7B6FCE6CA1B98A5597E6C5D9277AAB.e.2765/clear - {}
RESULT: {}
RESULT: {}
COMMAND: POST /session/fe219389c4a652ed804fe0697356972e/element/f.AE569C338F7BE8C487FB69BDD94B5641.d.4A7B6FCE6CA1B98A5597E6C5D9277AAB.e.2765/value - {"text":"Material"}
COMMAND: GET /session/fe219389c4a652ed804fe0697356972e/screenshot - {}
RESULT: {"text":"Material"}
COMMAND: GET /session/fe219389c4a652ed804fe0697356972e/screenshot - {}
RESULT: {}
RESULT: {}
COMMAND: POST /session/fe219389c4a652ed804fe0697356972e/actions - {"actions":[{"id":"action5","type":"key","parameters":{},"actions":[{"type":"keyDown","value":""},{"type":"pause","duration":10},{"type":"keyUp","value":""}]}]}
RESULT: {"actions":[{"id":"action5","type":"key","parameters":{},"actions":[{"type":"keyDown","value":""},{"type":"pause","duration":10},{"type":"keyUp","value":""}]}]}
COMMAND: POST /session/fe219389c4a652ed804fe0697356972e/execute/async - {"script":"<script> [1562 bytes]","args":[{"selector":{"id":"application-manageresources-display-component---newResourceUnit--SHORT_TEXT","interaction":{"idSuffix":"inner"}},"wdio_ui5_key":"applicationmanageresources-display-component---newResourceUnit--SHORT_TEXT"}]}
COMMAND: GET /session/fe219389c4a652ed804fe0697356972e/screenshot - {}
RESULT: {"script":"<script> [1562 bytes]","args":[{"selector":{"id":"application-manageresources-display-component---newResourceUnit--SHORT_TEXT","interaction":{"idSuffix":"inner"}},"wdio_ui5_key":"applicationmanageresources-display-component---newResourceUnit--SHORT_TEXT"}]}
RESULT: undefined
COMMAND: POST /session/fe219389c4a652ed804fe0697356972e/execute/async - {"script":"<script> [776 bytes]","args":[{"enterText":"Cement WDIO","selector":{"id":"application-manageresources-display-component---newResourceUnit--SHORT_TEXT","interaction":{"idSuffix":"inner"}},"clearTextFirst":true,"interactionType":"ENTER_TEXT"}]}
RESULT: {}
RESULT: {"script":"<script> [776 bytes]","args":[{"enterText":"Cement WDIO","selector":{"id":"application-manageresources-display-component---newResourceUnit--SHORT_TEXT","interaction":{"idSuffix":"inner"}},"clearTextFirst":true,"interactionType":"ENTER_TEXT"}]}
COMMAND: POST /session/fe219389c4a652ed804fe0697356972e/execute/async - {"script":"<script> [1562 bytes]","args":[{"selector":{"id":"application-manageresources-display-component---newResourceUnit--BASE_UNIT_OF_MEASURE","interaction":{"idSuffix":"inner"}},"wdio_ui5_key":"applicationmanageresources-display-component---newResourceUnit--BASE_UNIT_OF_MEASURE"}]}
RESULT: {"script":"<script> [1562 bytes]","args":[{"selector":{"id":"application-manageresources-display-component---newResourceUnit--BASE_UNIT_OF_MEASURE","interaction":{"idSuffix":"inner"}},"wdio_ui5_key":"applicationmanageresources-display-component---newResourceUnit--BASE_UNIT_OF_MEASURE"}]}
RESULT: undefined
COMMAND: POST /session/fe219389c4a652ed804fe0697356972e/execute/async - {"script":"<script> [776 bytes]","args":[{"enterText":"Piece","selector":{"id":"application-manageresources-display-component---newResourceUnit--BASE_UNIT_OF_MEASURE","interaction":{"idSuffix":"inner"}},"clearTextFirst":true,"interactionType":"ENTER_TEXT"}]}
RESULT: {"script":"<script> [776 bytes]","args":[{"enterText":"Piece","selector":{"id":"application-manageresources-display-component---newResourceUnit--BASE_UNIT_OF_MEASURE","interaction":{"idSuffix":"inner"}},"clearTextFirst":true,"interactionType":"ENTER_TEXT"}]}
COMMAND: POST /session/fe219389c4a652ed804fe0697356972e/execute/async - {"script":"<script> [1562 bytes]","args":[{"selector":{"id":"application-manageresources-display-component---newResourceUnit--WEIGHT_UNIT","interaction":{"idSuffix":"inner"}},"wdio_ui5_key":"applicationmanageresources-display-component---newResourceUnit--WEIGHT_UNIT"}]}
RESULT: {"script":"<script> [1562 bytes]","args":[{"selector":{"id":"application-manageresources-display-component---newResourceUnit--WEIGHT_UNIT","interaction":{"idSuffix":"inner"}},"wdio_ui5_key":"applicationmanageresources-display-component---newResourceUnit--WEIGHT_UNIT"}]}
RESULT: undefined
COMMAND: POST /session/fe219389c4a652ed804fe0697356972e/execute/async - {"script":"<script> [776 bytes]","args":[{"enterText":"Gram","selector":{"id":"application-manageresources-display-component---newResourceUnit--WEIGHT_UNIT","interaction":{"idSuffix":"inner"}},"clearTextFirst":true,"interactionType":"ENTER_TEXT"}]}
RESULT: {"script":"<script> [776 bytes]","args":[{"enterText":"Gram","selector":{"id":"application-manageresources-display-component---newResourceUnit--WEIGHT_UNIT","interaction":{"idSuffix":"inner"}},"clearTextFirst":true,"interactionType":"ENTER_TEXT"}]}
COMMAND: POST /session/fe219389c4a652ed804fe0697356972e/execute/async - {"script":"<script> [1562 bytes]","args":[{"selector":{"id":"application-manageresources-display-component---newResourceUnit--DIMENSION_UNIT","interaction":{"idSuffix":"inner"}},"wdio_ui5_key":"applicationmanageresources-display-component---newResourceUnit--DIMENSION_UNIT"}]}
RESULT: {"script":"<script> [1562 bytes]","args":[{"selector":{"id":"application-manageresources-display-component---newResourceUnit--DIMENSION_UNIT","interaction":{"idSuffix":"inner"}},"wdio_ui5_key":"applicationmanageresources-display-component---newResourceUnit--DIMENSION_UNIT"}]}
RESULT: undefined
COMMAND: POST /session/fe219389c4a652ed804fe0697356972e/execute/async - {"script":"<script> [776 bytes]","args":[{"enterText":"Meter","selector":{"id":"application-manageresources-display-component---newResourceUnit--DIMENSION_UNIT","interaction":{"idSuffix":"inner"}},"clearTextFirst":true,"interactionType":"ENTER_TEXT"}]}
RESULT: {"script":"<script> [776 bytes]","args":[{"enterText":"Meter","selector":{"id":"application-manageresources-display-component---newResourceUnit--DIMENSION_UNIT","interaction":{"idSuffix":"inner"}},"clearTextFirst":true,"interactionType":"ENTER_TEXT"}]}
COMMAND: POST /session/fe219389c4a652ed804fe0697356972e/execute/async - {"script":"<script> [1562 bytes]","args":[{"selector":{"id":"application-manageresources-display-component---newResourceUnit--newRRUPage-anchBar-application-manageresources-display-component---newResourceUnit--control-anchor","interaction":{"idSuffix":"BDI-content"}},"wdio_ui5_key":"applicationmanageresources-display-component---newResourceUnit--newRRUPage-anchBar-application-manageresources-display-component---newResourceUnit--control-anchor"}]}
RESULT: {"script":"<script> [1562 bytes]","args":[{"selector":{"id":"application-manageresources-display-component---newResourceUnit--newRRUPage-anchBar-application-manageresources-display-component---newResourceUnit--control-anchor","interaction":{"idSuffix":"BDI-content"}},"wdio_ui5_key":"applicationmanageresources-display-component---newResourceUnit--newRRUPage-anchBar-application-manageresources-display-component---newResourceUnit--control-anchor"}]}
RESULT: undefined
COMMAND: POST /session/fe219389c4a652ed804fe0697356972e/element - {"using":"xpath","value":"//*[@id=\"application-manageresources-display-component---newResourceUnit--newRRUPage-anchBar-application-manageresources-display-component---newResourceUnit--control-anchor\"]"}
RESULT: {"using":"xpath","value":"//*[@id=\"application-manageresources-display-component---newResourceUnit--newRRUPage-anchBar-application-manageresources-display-component---newResourceUnit--control-anchor\"]"}
COMMAND: POST /session/fe219389c4a652ed804fe0697356972e/element/f.AE569C338F7BE8C487FB69BDD94B5641.d.4A7B6FCE6CA1B98A5597E6C5D9277AAB.e.2914/click - {}
RESULT: {}
COMMAND: POST /session/fe219389c4a652ed804fe0697356972e/execute/async - {"script":"<script> [1562 bytes]","args":[{"selector":{"id":"application-manageresources-display-component---newResourceUnit--PLANNING_GROUP","interaction":{"idSuffix":"inner"}},"wdio_ui5_key":"applicationmanageresources-display-component---newResourceUnit--PLANNING_GROUP"}]}
COMMAND: GET /session/fe219389c4a652ed804fe0697356972e/screenshot - {}
RESULT: {"script":"<script> [1562 bytes]","args":[{"selector":{"id":"application-manageresources-display-component---newResourceUnit--PLANNING_GROUP","interaction":{"idSuffix":"inner"}},"wdio_ui5_key":"applicationmanageresources-display-component---newResourceUnit--PLANNING_GROUP"}]}
RESULT: undefined
COMMAND: POST /session/fe219389c4a652ed804fe0697356972e/execute/async - {"script":"<script> [776 bytes]","args":[{"enterText":"Material","selector":{"id":"application-manageresources-display-component---newResourceUnit--PLANNING_GROUP","interaction":{"idSuffix":"inner"}},"clearTextFirst":true,"interactionType":"ENTER_TEXT"}]}
RESULT: {}
RESULT: {"script":"<script> [776 bytes]","args":[{"enterText":"Material","selector":{"id":"application-manageresources-display-component---newResourceUnit--PLANNING_GROUP","interaction":{"idSuffix":"inner"}},"clearTextFirst":true,"interactionType":"ENTER_TEXT"}]}
COMMAND: POST /session/fe219389c4a652ed804fe0697356972e/execute/async - {"script":"<script> [1562 bytes]","args":[{"selector":{"id":"application-manageresources-display-component---newResourceUnit--PLANNING_INDICATOR","interaction":{"idSuffix":"inner"}},"wdio_ui5_key":"applicationmanageresources-display-component---newResourceUnit--PLANNING_INDICATOR"}]}
RESULT: {"script":"<script> [1562 bytes]","args":[{"selector":{"id":"application-manageresources-display-component---newResourceUnit--PLANNING_INDICATOR","interaction":{"idSuffix":"inner"}},"wdio_ui5_key":"applicationmanageresources-display-component---newResourceUnit--PLANNING_INDICATOR"}]}
RESULT: undefined
COMMAND: POST /session/fe219389c4a652ed804fe0697356972e/execute/async - {"script":"<script> [776 bytes]","args":[{"enterText":"10 - infinite","selector":{"id":"application-manageresources-display-component---newResourceUnit--PLANNING_INDICATOR","interaction":{"idSuffix":"inner"}},"clearTextFirst":true,"interactionType":"ENTER_TEXT"}]}
RESULT: {"script":"<script> [776 bytes]","args":[{"enterText":"10 - infinite","selector":{"id":"application-manageresources-display-component---newResourceUnit--PLANNING_INDICATOR","interaction":{"idSuffix":"inner"}},"clearTextFirst":true,"interactionType":"ENTER_TEXT"}]}
COMMAND: POST /session/fe219389c4a652ed804fe0697356972e/element - {"using":"css selector","value":"#application-manageresources-display-component---newResourceUnit--btnAddTimeSegment"}
RESULT: {"using":"css selector","value":"#application-manageresources-display-component---newResourceUnit--btnAddTimeSegment"}
COMMAND: GET /session/fe219389c4a652ed804fe0697356972e/element/f.AE569C338F7BE8C487FB69BDD94B5641.d.4A7B6FCE6CA1B98A5597E6C5D9277AAB.e.2922/rect - {}
RESULT: {}
COMMAND: GET /session/fe219389c4a652ed804fe0697356972e/window/rect - {}
RESULT: {}
COMMAND: POST /session/fe219389c4a652ed804fe0697356972e/execute/sync - {"script":"<script> [92 bytes]","args":[]}
RESULT: {"script":"<script> [92 bytes]","args":[]}
COMMAND: POST /session/fe219389c4a652ed804fe0697356972e/actions - {"actions":[{"id":"action6","type":"wheel","parameters":{},"actions":[{"type":"scroll","x":-1888,"y":-32,"deltaX":0,"deltaY":0,"duration":0,"origin":{"element-6066-11e4-a52e-4f735466cecf":"f.AE569C338F7BE8C487FB69BDD94B5641.d.4A7B6FCE6CA1B98A5597E6C5D9277AAB.e.2922"}}]}]}
COMMAND: GET /session/fe219389c4a652ed804fe0697356972e/screenshot - {}
RESULT: {}
COMMAND: POST /session/fe219389c4a652ed804fe0697356972e/execute/sync - {"script":"<script> [79 bytes]","args":[{"element-6066-11e4-a52e-4f735466cecf":"f.AE569C338F7BE8C487FB69BDD94B5641.d.4A7B6FCE6CA1B98A5597E6C5D9277AAB.e.2922","ELEMENT":"f.AE569C338F7BE8C487FB69BDD94B5641.d.4A7B6FCE6CA1B98A5597E6C5D9277AAB.e.2922"},{"block":"start","inline":"nearest"}]}
RESULT: {"script":"<script> [79 bytes]","args":[{"element-6066-11e4-a52e-4f735466cecf":"f.AE569C338F7BE8C487FB69BDD94B5641.d.4A7B6FCE6CA1B98A5597E6C5D9277AAB.e.2922","ELEMENT":"f.AE569C338F7BE8C487FB69BDD94B5641.d.4A7B6FCE6CA1B98A5597E6C5D9277AAB.e.2922"},{"block":"start","inline":"nearest"}]}
COMMAND: POST /session/fe219389c4a652ed804fe0697356972e/execute/async - {"script":"<script> [1562 bytes]","args":[{"selector":{"id":"application-manageresources-display-component---newResourceUnit--btnAddTimeSegment","interaction":{"idSuffix":"inner"}},"wdio_ui5_key":"applicationmanageresources-display-component---newResourceUnit--btnAddTimeSegment"}]}
COMMAND: GET /session/fe219389c4a652ed804fe0697356972e/screenshot - {}
RESULT: {"script":"<script> [1562 bytes]","args":[{"selector":{"id":"application-manageresources-display-component---newResourceUnit--btnAddTimeSegment","interaction":{"idSuffix":"inner"}},"wdio_ui5_key":"applicationmanageresources-display-component---newResourceUnit--btnAddTimeSegment"}]}
RESULT: undefined
COMMAND: POST /session/fe219389c4a652ed804fe0697356972e/element - {"using":"xpath","value":"//*[@id=\"application-manageresources-display-component---newResourceUnit--btnAddTimeSegment\"]"}
RESULT: {}
RESULT: {"using":"xpath","value":"//*[@id=\"application-manageresources-display-component---newResourceUnit--btnAddTimeSegment\"]"}
COMMAND: POST /session/fe219389c4a652ed804fe0697356972e/element/f.AE569C338F7BE8C487FB69BDD94B5641.d.4A7B6FCE6CA1B98A5597E6C5D9277AAB.e.2922/click - {}
RESULT: {}
COMMAND: GET /session/fe219389c4a652ed804fe0697356972e/screenshot - {}
RESULT: {}
COMMAND: POST /session/fe219389c4a652ed804fe0697356972e/element - {"using":"xpath","value":"//input[@id=\"application-manageresources-display-component---newResourceUnit--idRuTSAdmin-application-manageresources-display-component---newResourceUnit--RUTimeSegment-0-inner\"]"}
RESULT: {"using":"xpath","value":"//input[@id=\"application-manageresources-display-component---newResourceUnit--idRuTSAdmin-application-manageresources-display-component---newResourceUnit--RUTimeSegment-0-inner\"]"}
COMMAND: POST /session/fe219389c4a652ed804fe0697356972e/element/f.AE569C338F7BE8C487FB69BDD94B5641.d.4A7B6FCE6CA1B98A5597E6C5D9277AAB.e.2927/clear - {}
RESULT: {}
COMMAND: POST /session/fe219389c4a652ed804fe0697356972e/element/f.AE569C338F7BE8C487FB69BDD94B5641.d.4A7B6FCE6CA1B98A5597E6C5D9277AAB.e.2927/value - {"text":"462"}
COMMAND: GET /session/fe219389c4a652ed804fe0697356972e/screenshot - {}
RESULT: {"text":"462"}
COMMAND: GET /session/fe219389c4a652ed804fe0697356972e/screenshot - {}
RESULT: {}
RESULT: {}
COMMAND: POST /session/fe219389c4a652ed804fe0697356972e/element - {"using":"xpath","value":"//li[.//span[text()='462']]"}
RESULT: {"using":"xpath","value":"//li[.//span[text()='462']]"}
COMMAND: POST /session/fe219389c4a652ed804fe0697356972e/element/f.AE569C338F7BE8C487FB69BDD94B5641.d.4A7B6FCE6CA1B98A5597E6C5D9277AAB.e.2936/click - {}
RESULT: {}
COMMAND: GET /session/fe219389c4a652ed804fe0697356972e/screenshot - {}
RESULT: {}
COMMAND: POST /session/fe219389c4a652ed804fe0697356972e/element - {"using":"xpath","value":"(//span[contains(@id, \"-application-manageresources-display-component---newResourceUnit--RUTimeSegment-0-arrow\")])[2]"}
RESULT: {"using":"xpath","value":"(//span[contains(@id, \"-application-manageresources-display-component---newResourceUnit--RUTimeSegment-0-arrow\")])[2]"}
COMMAND: POST /session/fe219389c4a652ed804fe0697356972e/element/f.AE569C338F7BE8C487FB69BDD94B5641.d.4A7B6FCE6CA1B98A5597E6C5D9277AAB.e.2937/click - {}
RESULT: {}
COMMAND: POST /session/fe219389c4a652ed804fe0697356972e/element - {"using":"xpath","value":"//span[contains(text(), \"PM Order\")]"}
COMMAND: GET /session/fe219389c4a652ed804fe0697356972e/screenshot - {}
RESULT: {"using":"xpath","value":"//span[contains(text(), \"PM Order\")]"}
COMMAND: POST /session/fe219389c4a652ed804fe0697356972e/element/f.AE569C338F7BE8C487FB69BDD94B5641.d.4A7B6FCE6CA1B98A5597E6C5D9277AAB.e.2938/click - {}
RESULT: {}
RESULT: {}
COMMAND: GET /session/fe219389c4a652ed804fe0697356972e/screenshot - {}
RESULT: {}
COMMAND: POST /session/fe219389c4a652ed804fe0697356972e/element - {"using":"xpath","value":"//td/div/div/div/span[contains(@id, \"newResourceUnit--RUTimeSegment-0-vhi\")][1]"}
RESULT: {"using":"xpath","value":"//td/div/div/div/span[contains(@id, \"newResourceUnit--RUTimeSegment-0-vhi\")][1]"}
COMMAND: GET /session/fe219389c4a652ed804fe0697356972e/element/f.AE569C338F7BE8C487FB69BDD94B5641.d.4A7B6FCE6CA1B98A5597E6C5D9277AAB.e.2942/rect - {}
RESULT: {}
COMMAND: GET /session/fe219389c4a652ed804fe0697356972e/window/rect - {}
RESULT: {}
COMMAND: POST /session/fe219389c4a652ed804fe0697356972e/execute/sync - {"script":"<script> [92 bytes]","args":[]}
RESULT: {"script":"<script> [92 bytes]","args":[]}
COMMAND: POST /session/fe219389c4a652ed804fe0697356972e/actions - {"actions":[{"id":"action7","type":"wheel","parameters":{},"actions":[{"type":"scroll","x":-1888,"y":-24,"deltaX":0,"deltaY":0,"duration":0,"origin":{"element-6066-11e4-a52e-4f735466cecf":"f.AE569C338F7BE8C487FB69BDD94B5641.d.4A7B6FCE6CA1B98A5597E6C5D9277AAB.e.2942"}}]}]}
COMMAND: GET /session/fe219389c4a652ed804fe0697356972e/screenshot - {}
RESULT: {}
COMMAND: POST /session/fe219389c4a652ed804fe0697356972e/execute/sync - {"script":"<script> [79 bytes]","args":[{"element-6066-11e4-a52e-4f735466cecf":"f.AE569C338F7BE8C487FB69BDD94B5641.d.4A7B6FCE6CA1B98A5597E6C5D9277AAB.e.2942","ELEMENT":"f.AE569C338F7BE8C487FB69BDD94B5641.d.4A7B6FCE6CA1B98A5597E6C5D9277AAB.e.2942"},{"block":"start","inline":"nearest"}]}
RESULT: {"script":"<script> [79 bytes]","args":[{"element-6066-11e4-a52e-4f735466cecf":"f.AE569C338F7BE8C487FB69BDD94B5641.d.4A7B6FCE6CA1B98A5597E6C5D9277AAB.e.2942","ELEMENT":"f.AE569C338F7BE8C487FB69BDD94B5641.d.4A7B6FCE6CA1B98A5597E6C5D9277AAB.e.2942"},{"block":"start","inline":"nearest"}]}
COMMAND: GET /session/fe219389c4a652ed804fe0697356972e/screenshot - {}
RESULT: {}
COMMAND: POST /session/fe219389c4a652ed804fe0697356972e/element/f.AE569C338F7BE8C487FB69BDD94B5641.d.4A7B6FCE6CA1B98A5597E6C5D9277AAB.e.2942/click - {}
RESULT: {}
COMMAND: GET /session/fe219389c4a652ed804fe0697356972e/screenshot - {}
RESULT: {}
RESULT: undefined
COMMAND: POST /session/fe219389c4a652ed804fe0697356972e/execute/async - {"script":"<script> [776 bytes]","args":[{"enterText":"4000360","selector":{"controlType":"sap.m.SearchField","properties":{"placeholder":"Search"},"searchOpenDialogs":true,"interaction":{"idSuffix":"I"}},"clearTextFirst":true,"interactionType":"ENTER_TEXT"}]}
RESULT: {"script":"<script> [776 bytes]","args":[{"enterText":"4000360","selector":{"controlType":"sap.m.SearchField","properties":{"placeholder":"Search"},"searchOpenDialogs":true,"interaction":{"idSuffix":"I"}},"clearTextFirst":true,"interactionType":"ENTER_TEXT"}]}
COMMAND: POST /session/fe219389c4a652ed804fe0697356972e/actions - {"actions":[{"id":"action8","type":"key","parameters":{},"actions":[{"type":"keyDown","value":""},{"type":"pause","duration":10},{"type":"keyUp","value":""}]}]}
RESULT: {"actions":[{"id":"action8","type":"key","parameters":{},"actions":[{"type":"keyDown","value":""},{"type":"pause","duration":10},{"type":"keyUp","value":""}]}]}
COMMAND: GET /session/fe219389c4a652ed804fe0697356972e/screenshot - {}
RESULT: {}
COMMAND: POST /session/fe219389c4a652ed804fe0697356972e/element - {"using":"xpath","value":"//td/div/span[contains(text(), \"BGL Vehicles\")]"}
RESULT: {"using":"xpath","value":"//td/div/span[contains(text(), \"BGL Vehicles\")]"}
COMMAND: POST /session/fe219389c4a652ed804fe0697356972e/element/f.AE569C338F7BE8C487FB69BDD94B5641.d.4A7B6FCE6CA1B98A5597E6C5D9277AAB.e.2962/click - {}
RESULT: {}
COMMAND: GET /session/fe219389c4a652ed804fe0697356972e/screenshot - {}
RESULT: {}
COMMAND: POST /session/fe219389c4a652ed804fe0697356972e/element - {"using":"xpath","value":"//bdi[contains(text(), \"OK\")]"}
RESULT: {"using":"xpath","value":"//bdi[contains(text(), \"OK\")]"}
COMMAND: POST /session/fe219389c4a652ed804fe0697356972e/element/f.AE569C338F7BE8C487FB69BDD94B5641.d.4A7B6FCE6CA1B98A5597E6C5D9277AAB.e.2963/click - {}
RESULT: {}
COMMAND: GET /session/fe219389c4a652ed804fe0697356972e/screenshot - {}
RESULT: {}
COMMAND: POST /session/fe219389c4a652ed804fe0697356972e/element - {"using":"xpath","value":"//label[contains(@class, 'sapMLabelRequired') and .//bdi[contains(text(), 'Planned Retirement')]]"}
RESULT: {"using":"xpath","value":"//label[contains(@class, 'sapMLabelRequired') and .//bdi[contains(text(), 'Planned Retirement')]]"}
COMMAND: POST /session/fe219389c4a652ed804fe0697356972e/elements - {"using":"xpath","value":"//label[contains(@class, 'sapMLabelRequired') and .//bdi[contains(text(), 'Planned Retirement')]]"}
RESULT: {"using":"xpath","value":"//label[contains(@class, 'sapMLabelRequired') and .//bdi[contains(text(), 'Planned Retirement')]]"}
COMMAND: POST /session/fe219389c4a652ed804fe0697356972e/element - {"using":"xpath","value":"//button[@data-kt=\"resourceUnitSaveButton\"]"}
RESULT: {"using":"xpath","value":"//button[@data-kt=\"resourceUnitSaveButton\"]"}
COMMAND: POST /session/fe219389c4a652ed804fe0697356972e/element/f.AE569C338F7BE8C487FB69BDD94B5641.d.4A7B6FCE6CA1B98A5597E6C5D9277AAB.e.2801/click - {}
RESULT: {}
COMMAND: GET /session/fe219389c4a652ed804fe0697356972e/screenshot - {}
RESULT: {}
COMMAND: POST /session/fe219389c4a652ed804fe0697356972e/element - {"using":"xpath","value":"//bdi[contains(text(), \"Close\")]"}
RESULT: {"using":"xpath","value":"//bdi[contains(text(), \"Close\")]"}
COMMAND: POST /session/fe219389c4a652ed804fe0697356972e/element/f.AE569C338F7BE8C487FB69BDD94B5641.d.4A7B6FCE6CA1B98A5597E6C5D9277AAB.e.2969/click - {}
RESULT: {}
COMMAND: GET /session/fe219389c4a652ed804fe0697356972e/screenshot - {}
RESULT: {}
COMMAND: POST /session/fe219389c4a652ed804fe0697356972e/element - {"using":"xpath","value":"//header[contains(@id, 'detailRruPage-headerTitle')]/div[1]/div[2]/div[2]/span[1]"}
RESULT: {"using":"xpath","value":"//header[contains(@id, 'detailRruPage-headerTitle')]/div[1]/div[2]/div[2]/span[1]"}
COMMAND: POST /session/fe219389c4a652ed804fe0697356972e/elements - {"using":"xpath","value":"//header[contains(@id, 'detailRruPage-headerTitle')]/div[1]/div[2]/div[2]/span[1]"}
RESULT: {"using":"xpath","value":"//header[contains(@id, 'detailRruPage-headerTitle')]/div[1]/div[2]/div[2]/span[1]"}
COMMAND: POST /session/fe219389c4a652ed804fe0697356972e/execute/sync - {"script":"<script> [56 bytes]","args":[{"element-6066-11e4-a52e-4f735466cecf":"f.AE569C338F7BE8C487FB69BDD94B5641.d.4A7B6FCE6CA1B98A5597E6C5D9277AAB.e.3000","ELEMENT":"f.AE569C338F7BE8C487FB69BDD94B5641.d.4A7B6FCE6CA1B98A5597E6C5D9277AAB.e.3000"}]}
RESULT: {"script":"<script> [56 bytes]","args":[{"element-6066-11e4-a52e-4f735466cecf":"f.AE569C338F7BE8C487FB69BDD94B5641.d.4A7B6FCE6CA1B98A5597E6C5D9277AAB.e.3000","ELEMENT":"f.AE569C338F7BE8C487FB69BDD94B5641.d.4A7B6FCE6CA1B98A5597E6C5D9277AAB.e.3000"}]}
COMMAND: POST /session/fe219389c4a652ed804fe0697356972e/element - {"using":"css selector","value":"#shell-header-logo"}
COMMAND: GET /session/fe219389c4a652ed804fe0697356972e/screenshot - {}
RESULT: {"using":"css selector","value":"#shell-header-logo"}
COMMAND: POST /session/fe219389c4a652ed804fe0697356972e/element/f.AE569C338F7BE8C487FB69BDD94B5641.d.4A7B6FCE6CA1B98A5597E6C5D9277AAB.e.2384/click - {}
RESULT: {}
RESULT: {}
COMMAND: GET /session/fe219389c4a652ed804fe0697356972e/screenshot - {}
RESULT: {}
]]></system-out>
    </testcase>
    <testcase classname="chrome.136_0_7103_93.windows.Stock_increase_-_with_WHM_US125587" name="Bin Status Report Should Create New Organization yard" time="81.017">
      <system-out><![CDATA[
COMMAND: POST /session/fe219389c4a652ed804fe0697356972e/execute/async - {"script":"<script> [1562 bytes]","args":[{"selector":{"controlType":"sap.m.GenericTile","properties":{"header":"Bin Status Report"}},"wdio_ui5_key":"sapm.GenericTile{\"header\":\"Bin Status Report\"}"}]}
RESULT: {"script":"<script> [1562 bytes]","args":[{"selector":{"controlType":"sap.m.GenericTile","properties":{"header":"Bin Status Report"}},"wdio_ui5_key":"sapm.GenericTile{\"header\":\"Bin Status Report\"}"}]}
RESULT: undefined
COMMAND: POST /session/fe219389c4a652ed804fe0697356972e/element - {"using":"xpath","value":"//*[@id=\"__tile104\"]"}
RESULT: {"using":"xpath","value":"//*[@id=\"__tile104\"]"}
COMMAND: POST /session/fe219389c4a652ed804fe0697356972e/element/f.AE569C338F7BE8C487FB69BDD94B5641.d.4A7B6FCE6CA1B98A5597E6C5D9277AAB.e.3002/click - {}
RESULT: {}
COMMAND: GET /session/fe219389c4a652ed804fe0697356972e/screenshot - {}
RESULT: {}
COMMAND: POST /session/fe219389c4a652ed804fe0697356972e/elements - {"using":"xpath","value":"//span[text()='Error']"}
RESULT: {"using":"xpath","value":"//span[text()='Error']"}
COMMAND: POST /session/fe219389c4a652ed804fe0697356972e/element - {"using":"xpath","value":"//button[@id=\"application-binstatusreport-display-component---warehousing--createOrgBtn\"]"}
RESULT: {"using":"xpath","value":"//button[@id=\"application-binstatusreport-display-component---warehousing--createOrgBtn\"]"}
COMMAND: POST /session/fe219389c4a652ed804fe0697356972e/elements - {"using":"xpath","value":"//button[@id=\"application-binstatusreport-display-component---warehousing--createOrgBtn\"]"}
RESULT: {"using":"xpath","value":"//button[@id=\"application-binstatusreport-display-component---warehousing--createOrgBtn\"]"}
COMMAND: POST /session/fe219389c4a652ed804fe0697356972e/execute/sync - {"script":"<script> [8489 bytes]","args":[{"element-6066-11e4-a52e-4f735466cecf":"f.AE569C338F7BE8C487FB69BDD94B5641.d.4A7B6FCE6CA1B98A5597E6C5D9277AAB.e.3060","ELEMENT":"f.AE569C338F7BE8C487FB69BDD94B5641.d.4A7B6FCE6CA1B98A5597E6C5D9277AAB.e.3060"}]}
RESULT: {"script":"<script> [8489 bytes]","args":[{"element-6066-11e4-a52e-4f735466cecf":"f.AE569C338F7BE8C487FB69BDD94B5641.d.4A7B6FCE6CA1B98A5597E6C5D9277AAB.e.3060","ELEMENT":"f.AE569C338F7BE8C487FB69BDD94B5641.d.4A7B6FCE6CA1B98A5597E6C5D9277AAB.e.3060"}]}
COMMAND: GET /session/fe219389c4a652ed804fe0697356972e/element/f.AE569C338F7BE8C487FB69BDD94B5641.d.4A7B6FCE6CA1B98A5597E6C5D9277AAB.e.3060/enabled - {}
COMMAND: GET /session/fe219389c4a652ed804fe0697356972e/screenshot - {}
RESULT: {}
COMMAND: POST /session/fe219389c4a652ed804fe0697356972e/execute/sync - {"script":"<script> [8489 bytes]","args":[{"element-6066-11e4-a52e-4f735466cecf":"f.AE569C338F7BE8C487FB69BDD94B5641.d.4A7B6FCE6CA1B98A5597E6C5D9277AAB.e.3060","ELEMENT":"f.AE569C338F7BE8C487FB69BDD94B5641.d.4A7B6FCE6CA1B98A5597E6C5D9277AAB.e.3060"}]}
COMMAND: GET /session/fe219389c4a652ed804fe0697356972e/screenshot - {}
RESULT: {}
RESULT: {"script":"<script> [8489 bytes]","args":[{"element-6066-11e4-a52e-4f735466cecf":"f.AE569C338F7BE8C487FB69BDD94B5641.d.4A7B6FCE6CA1B98A5597E6C5D9277AAB.e.3060","ELEMENT":"f.AE569C338F7BE8C487FB69BDD94B5641.d.4A7B6FCE6CA1B98A5597E6C5D9277AAB.e.3060"}]}
COMMAND: POST /session/fe219389c4a652ed804fe0697356972e/execute/sync - {"script":"<script> [5351 bytes]","args":[{"element-6066-11e4-a52e-4f735466cecf":"f.AE569C338F7BE8C487FB69BDD94B5641.d.4A7B6FCE6CA1B98A5597E6C5D9277AAB.e.3060","ELEMENT":"f.AE569C338F7BE8C487FB69BDD94B5641.d.4A7B6FCE6CA1B98A5597E6C5D9277AAB.e.3060"}]}
COMMAND: GET /session/fe219389c4a652ed804fe0697356972e/screenshot - {}
RESULT: {}
RESULT: {"script":"<script> [5351 bytes]","args":[{"element-6066-11e4-a52e-4f735466cecf":"f.AE569C338F7BE8C487FB69BDD94B5641.d.4A7B6FCE6CA1B98A5597E6C5D9277AAB.e.3060","ELEMENT":"f.AE569C338F7BE8C487FB69BDD94B5641.d.4A7B6FCE6CA1B98A5597E6C5D9277AAB.e.3060"}]}
COMMAND: GET /session/fe219389c4a652ed804fe0697356972e/screenshot - {}
RESULT: {}
RESULT: {}
COMMAND: POST /session/fe219389c4a652ed804fe0697356972e/element/f.AE569C338F7BE8C487FB69BDD94B5641.d.4A7B6FCE6CA1B98A5597E6C5D9277AAB.e.3060/click - {}
RESULT: {}
COMMAND: GET /session/fe219389c4a652ed804fe0697356972e/screenshot - {}
RESULT: {}
COMMAND: POST /session/fe219389c4a652ed804fe0697356972e/execute/async - {"script":"<script> [1562 bytes]","args":[{"selector":{"id":"createOrganizationPop--sectionInput","searchOpenDialogs":true,"interaction":{"idSuffix":"inner"}},"wdio_ui5_key":"createOrganizationPopsectionInput"}]}
RESULT: {"script":"<script> [1562 bytes]","args":[{"selector":{"id":"createOrganizationPop--sectionInput","searchOpenDialogs":true,"interaction":{"idSuffix":"inner"}},"wdio_ui5_key":"createOrganizationPopsectionInput"}]}
RESULT: undefined
COMMAND: POST /session/fe219389c4a652ed804fe0697356972e/execute/async - {"script":"<script> [776 bytes]","args":[{"enterText":"WDIO-462","selector":{"id":"createOrganizationPop--sectionInput","searchOpenDialogs":true,"interaction":{"idSuffix":"inner"}},"clearTextFirst":true,"interactionType":"ENTER_TEXT"}]}
RESULT: {"script":"<script> [776 bytes]","args":[{"enterText":"WDIO-462","selector":{"id":"createOrganizationPop--sectionInput","searchOpenDialogs":true,"interaction":{"idSuffix":"inner"}},"clearTextFirst":true,"interactionType":"ENTER_TEXT"}]}
COMMAND: POST /session/fe219389c4a652ed804fe0697356972e/execute/async - {"script":"<script> [1562 bytes]","args":[{"selector":{"id":"createOrganizationPop--descriptionInput","searchOpenDialogs":true,"interaction":{"idSuffix":"inner"}},"wdio_ui5_key":"createOrganizationPopdescriptionInput"}]}
RESULT: {"script":"<script> [1562 bytes]","args":[{"selector":{"id":"createOrganizationPop--descriptionInput","searchOpenDialogs":true,"interaction":{"idSuffix":"inner"}},"wdio_ui5_key":"createOrganizationPopdescriptionInput"}]}
RESULT: undefined
COMMAND: POST /session/fe219389c4a652ed804fe0697356972e/execute/async - {"script":"<script> [776 bytes]","args":[{"enterText":"Shipping-462","selector":{"id":"createOrganizationPop--descriptionInput","searchOpenDialogs":true,"interaction":{"idSuffix":"inner"}},"clearTextFirst":true,"interactionType":"ENTER_TEXT"}]}
RESULT: {"script":"<script> [776 bytes]","args":[{"enterText":"Shipping-462","selector":{"id":"createOrganizationPop--descriptionInput","searchOpenDialogs":true,"interaction":{"idSuffix":"inner"}},"clearTextFirst":true,"interactionType":"ENTER_TEXT"}]}
COMMAND: POST /session/fe219389c4a652ed804fe0697356972e/element - {"using":"css selector","value":"#createOrganizationPop--yardOrg-inner"}
RESULT: {"using":"css selector","value":"#createOrganizationPop--yardOrg-inner"}
COMMAND: POST /session/fe219389c4a652ed804fe0697356972e/element/f.AE569C338F7BE8C487FB69BDD94B5641.d.4A7B6FCE6CA1B98A5597E6C5D9277AAB.e.3364/clear - {}
RESULT: {}
COMMAND: POST /session/fe219389c4a652ed804fe0697356972e/element/f.AE569C338F7BE8C487FB69BDD94B5641.d.4A7B6FCE6CA1B98A5597E6C5D9277AAB.e.3364/value - {"text":"462"}
COMMAND: GET /session/fe219389c4a652ed804fe0697356972e/screenshot - {}
RESULT: {"text":"462"}
COMMAND: GET /session/fe219389c4a652ed804fe0697356972e/screenshot - {}
RESULT: {}
RESULT: {}
COMMAND: POST /session/fe219389c4a652ed804fe0697356972e/actions - {"actions":[{"id":"action9","type":"key","parameters":{},"actions":[{"type":"keyDown","value":""},{"type":"pause","duration":10},{"type":"keyUp","value":""}]}]}
RESULT: {"actions":[{"id":"action9","type":"key","parameters":{},"actions":[{"type":"keyDown","value":""},{"type":"pause","duration":10},{"type":"keyUp","value":""}]}]}
COMMAND: POST /session/fe219389c4a652ed804fe0697356972e/execute/async - {"script":"<script> [1562 bytes]","args":[{"selector":{"id":"createOrganizationPop--grZone","searchOpenDialogs":true,"interaction":{"idSuffix":"CbBg"}},"wdio_ui5_key":"createOrganizationPopgrZone"}]}
COMMAND: GET /session/fe219389c4a652ed804fe0697356972e/screenshot - {}
RESULT: {"script":"<script> [1562 bytes]","args":[{"selector":{"id":"createOrganizationPop--grZone","searchOpenDialogs":true,"interaction":{"idSuffix":"CbBg"}},"wdio_ui5_key":"createOrganizationPopgrZone"}]}
RESULT: undefined
COMMAND: POST /session/fe219389c4a652ed804fe0697356972e/element - {"using":"xpath","value":"//*[@id=\"createOrganizationPop--grZone\"]"}
RESULT: {}
RESULT: {"using":"xpath","value":"//*[@id=\"createOrganizationPop--grZone\"]"}
COMMAND: POST /session/fe219389c4a652ed804fe0697356972e/element/f.AE569C338F7BE8C487FB69BDD94B5641.d.4A7B6FCE6CA1B98A5597E6C5D9277AAB.e.3386/click - {}
RESULT: {}
COMMAND: GET /session/fe219389c4a652ed804fe0697356972e/screenshot - {}
RESULT: {}
COMMAND: POST /session/fe219389c4a652ed804fe0697356972e/execute/async - {"script":"<script> [1562 bytes]","args":[{"selector":{"id":"createOrganizationPop--giZone","searchOpenDialogs":true,"interaction":{"idSuffix":"CbBg"}},"wdio_ui5_key":"createOrganizationPopgiZone"}]}
RESULT: {"script":"<script> [1562 bytes]","args":[{"selector":{"id":"createOrganizationPop--giZone","searchOpenDialogs":true,"interaction":{"idSuffix":"CbBg"}},"wdio_ui5_key":"createOrganizationPopgiZone"}]}
RESULT: undefined
COMMAND: POST /session/fe219389c4a652ed804fe0697356972e/element - {"using":"xpath","value":"//*[@id=\"createOrganizationPop--giZone\"]"}
RESULT: {"using":"xpath","value":"//*[@id=\"createOrganizationPop--giZone\"]"}
COMMAND: POST /session/fe219389c4a652ed804fe0697356972e/element/f.AE569C338F7BE8C487FB69BDD94B5641.d.4A7B6FCE6CA1B98A5597E6C5D9277AAB.e.3388/click - {}
RESULT: {}
COMMAND: GET /session/fe219389c4a652ed804fe0697356972e/screenshot - {}
RESULT: {}
COMMAND: POST /session/fe219389c4a652ed804fe0697356972e/execute/async - {"script":"<script> [1562 bytes]","args":[{"selector":{"id":"createOrganizationPop--binNoInput","searchOpenDialogs":true,"interaction":{"idSuffix":"inner"}},"wdio_ui5_key":"createOrganizationPopbinNoInput"}]}
RESULT: {"script":"<script> [1562 bytes]","args":[{"selector":{"id":"createOrganizationPop--binNoInput","searchOpenDialogs":true,"interaction":{"idSuffix":"inner"}},"wdio_ui5_key":"createOrganizationPopbinNoInput"}]}
RESULT: undefined
COMMAND: POST /session/fe219389c4a652ed804fe0697356972e/execute/async - {"script":"<script> [776 bytes]","args":[{"enterText":"Bin-Wd","selector":{"id":"createOrganizationPop--binNoInput","searchOpenDialogs":true,"interaction":{"idSuffix":"inner"}},"clearTextFirst":true,"interactionType":"ENTER_TEXT"}]}
RESULT: {"script":"<script> [776 bytes]","args":[{"enterText":"Bin-Wd","selector":{"id":"createOrganizationPop--binNoInput","searchOpenDialogs":true,"interaction":{"idSuffix":"inner"}},"clearTextFirst":true,"interactionType":"ENTER_TEXT"}]}
COMMAND: POST /session/fe219389c4a652ed804fe0697356972e/execute/async - {"script":"<script> [1562 bytes]","args":[{"selector":{"id":"createOrganizationPop--descriptionId","searchOpenDialogs":true,"interaction":{"idSuffix":"inner"}},"wdio_ui5_key":"createOrganizationPopdescriptionId"}]}
RESULT: {"script":"<script> [1562 bytes]","args":[{"selector":{"id":"createOrganizationPop--descriptionId","searchOpenDialogs":true,"interaction":{"idSuffix":"inner"}},"wdio_ui5_key":"createOrganizationPopdescriptionId"}]}
RESULT: undefined
COMMAND: POST /session/fe219389c4a652ed804fe0697356972e/execute/async - {"script":"<script> [776 bytes]","args":[{"enterText":"Shipping-Wd","selector":{"id":"createOrganizationPop--descriptionId","searchOpenDialogs":true,"interaction":{"idSuffix":"inner"}},"clearTextFirst":true,"interactionType":"ENTER_TEXT"}]}
RESULT: {"script":"<script> [776 bytes]","args":[{"enterText":"Shipping-Wd","selector":{"id":"createOrganizationPop--descriptionId","searchOpenDialogs":true,"interaction":{"idSuffix":"inner"}},"clearTextFirst":true,"interactionType":"ENTER_TEXT"}]}
COMMAND: POST /session/fe219389c4a652ed804fe0697356972e/execute/async - {"script":"<script> [1562 bytes]","args":[{"selector":{"controlType":"sap.m.CheckBox","viewName":"etm.portal.ui.binstatusreport.view.MasterWareBins","viewId":"application-binstatusreport-display-component---warehousing","bindingPath":{"path":"","propertyPath":"/ZONE","modelName":"newBin"},"searchOpenDialogs":true,"interaction":{"idSuffix":"CbBg"}},"wdio_ui5_key":"etmportal.ui.binstatusreport.view.MasterWareBinssap.m.CheckBox{\"path\":\"\",\"propertyPath\":\"/ZONE\",\"modelName\":\"newBin\"}"}]}
RESULT: {"script":"<script> [1562 bytes]","args":[{"selector":{"controlType":"sap.m.CheckBox","viewName":"etm.portal.ui.binstatusreport.view.MasterWareBins","viewId":"application-binstatusreport-display-component---warehousing","bindingPath":{"path":"","propertyPath":"/ZONE","modelName":"newBin"},"searchOpenDialogs":true,"interaction":{"idSuffix":"CbBg"}},"wdio_ui5_key":"etmportal.ui.binstatusreport.view.MasterWareBinssap.m.CheckBox{\"path\":\"\",\"propertyPath\":\"/ZONE\",\"modelName\":\"newBin\"}"}]}
RESULT: undefined
COMMAND: POST /session/fe219389c4a652ed804fe0697356972e/element - {"using":"xpath","value":"//*[@id=\"__box56\"]"}
RESULT: {"using":"xpath","value":"//*[@id=\"__box56\"]"}
COMMAND: POST /session/fe219389c4a652ed804fe0697356972e/element/f.AE569C338F7BE8C487FB69BDD94B5641.d.4A7B6FCE6CA1B98A5597E6C5D9277AAB.e.3411/click - {}
RESULT: {}
COMMAND: GET /session/fe219389c4a652ed804fe0697356972e/screenshot - {}
RESULT: {}
COMMAND: POST /session/fe219389c4a652ed804fe0697356972e/execute/async - {"script":"<script> [1562 bytes]","args":[{"selector":{"id":"createOrganizationPop--binTypesCB","searchOpenDialogs":true,"interaction":{"idSuffix":"inner"}},"wdio_ui5_key":"createOrganizationPopbinTypesCB"}]}
RESULT: {"script":"<script> [1562 bytes]","args":[{"selector":{"id":"createOrganizationPop--binTypesCB","searchOpenDialogs":true,"interaction":{"idSuffix":"inner"}},"wdio_ui5_key":"createOrganizationPopbinTypesCB"}]}
RESULT: undefined
COMMAND: POST /session/fe219389c4a652ed804fe0697356972e/execute/async - {"script":"<script> [776 bytes]","args":[{"enterText":"1 - General / No capacity check","selector":{"id":"createOrganizationPop--binTypesCB","searchOpenDialogs":true,"interaction":{"idSuffix":"inner"}},"clearTextFirst":true,"interactionType":"ENTER_TEXT"}]}
RESULT: {"script":"<script> [776 bytes]","args":[{"enterText":"1 - General / No capacity check","selector":{"id":"createOrganizationPop--binTypesCB","searchOpenDialogs":true,"interaction":{"idSuffix":"inner"}},"clearTextFirst":true,"interactionType":"ENTER_TEXT"}]}
COMMAND: POST /session/fe219389c4a652ed804fe0697356972e/actions - {"actions":[{"id":"action10","type":"key","parameters":{},"actions":[{"type":"keyDown","value":""},{"type":"pause","duration":10},{"type":"keyUp","value":""}]}]}
RESULT: {"actions":[{"id":"action10","type":"key","parameters":{},"actions":[{"type":"keyDown","value":""},{"type":"pause","duration":10},{"type":"keyUp","value":""}]}]}
COMMAND: GET /session/fe219389c4a652ed804fe0697356972e/screenshot - {}
RESULT: {}
COMMAND: POST /session/fe219389c4a652ed804fe0697356972e/execute/async - {"script":"<script> [1562 bytes]","args":[{"selector":{"id":"createOrganizationPop--finishBtn","searchOpenDialogs":true,"interaction":{"idSuffix":"BDI-content"}},"wdio_ui5_key":"createOrganizationPopfinishBtn"}]}
RESULT: {"script":"<script> [1562 bytes]","args":[{"selector":{"id":"createOrganizationPop--finishBtn","searchOpenDialogs":true,"interaction":{"idSuffix":"BDI-content"}},"wdio_ui5_key":"createOrganizationPopfinishBtn"}]}
RESULT: undefined
COMMAND: POST /session/fe219389c4a652ed804fe0697356972e/element - {"using":"xpath","value":"//*[@id=\"createOrganizationPop--finishBtn\"]"}
RESULT: {"using":"xpath","value":"//*[@id=\"createOrganizationPop--finishBtn\"]"}
COMMAND: POST /session/fe219389c4a652ed804fe0697356972e/element/f.AE569C338F7BE8C487FB69BDD94B5641.d.4A7B6FCE6CA1B98A5597E6C5D9277AAB.e.3422/click - {}
RESULT: {}
COMMAND: GET /session/fe219389c4a652ed804fe0697356972e/screenshot - {}
RESULT: {}
COMMAND: POST /session/fe219389c4a652ed804fe0697356972e/element - {"using":"css selector","value":"#shell-header-logo"}
RESULT: {"using":"css selector","value":"#shell-header-logo"}
COMMAND: POST /session/fe219389c4a652ed804fe0697356972e/element/f.AE569C338F7BE8C487FB69BDD94B5641.d.4A7B6FCE6CA1B98A5597E6C5D9277AAB.e.3009/click - {}
RESULT: {}
COMMAND: GET /session/fe219389c4a652ed804fe0697356972e/screenshot - {}
RESULT: {}
]]></system-out>
    </testcase>
    <testcase classname="chrome.136_0_7103_93.windows.Stock_increase_-_with_WHM_US125587" name="Bin Status Report Should Create New Organization for Site" time="67.367">
      <system-out><![CDATA[
RESULT: undefined
COMMAND: POST /session/fe219389c4a652ed804fe0697356972e/element - {"using":"xpath","value":"//*[@id=\"__tile104\"]"}
RESULT: {"using":"xpath","value":"//*[@id=\"__tile104\"]"}
COMMAND: POST /session/fe219389c4a652ed804fe0697356972e/element/f.AE569C338F7BE8C487FB69BDD94B5641.d.4A7B6FCE6CA1B98A5597E6C5D9277AAB.e.3002/click - {}
RESULT: {}
COMMAND: GET /session/fe219389c4a652ed804fe0697356972e/screenshot - {}
RESULT: {}
COMMAND: POST /session/fe219389c4a652ed804fe0697356972e/elements - {"using":"xpath","value":"//span[text()='Error']"}
RESULT: {"using":"xpath","value":"//span[text()='Error']"}
COMMAND: POST /session/fe219389c4a652ed804fe0697356972e/element - {"using":"xpath","value":"//button[@id=\"application-binstatusreport-display-component---warehousing--createOrgBtn\"]"}
RESULT: {"using":"xpath","value":"//button[@id=\"application-binstatusreport-display-component---warehousing--createOrgBtn\"]"}
COMMAND: POST /session/fe219389c4a652ed804fe0697356972e/elements - {"using":"xpath","value":"//button[@id=\"application-binstatusreport-display-component---warehousing--createOrgBtn\"]"}
RESULT: {"using":"xpath","value":"//button[@id=\"application-binstatusreport-display-component---warehousing--createOrgBtn\"]"}
COMMAND: POST /session/fe219389c4a652ed804fe0697356972e/execute/sync - {"script":"<script> [8489 bytes]","args":[{"element-6066-11e4-a52e-4f735466cecf":"f.AE569C338F7BE8C487FB69BDD94B5641.d.4A7B6FCE6CA1B98A5597E6C5D9277AAB.e.3482","ELEMENT":"f.AE569C338F7BE8C487FB69BDD94B5641.d.4A7B6FCE6CA1B98A5597E6C5D9277AAB.e.3482"}]}
RESULT: {"script":"<script> [8489 bytes]","args":[{"element-6066-11e4-a52e-4f735466cecf":"f.AE569C338F7BE8C487FB69BDD94B5641.d.4A7B6FCE6CA1B98A5597E6C5D9277AAB.e.3482","ELEMENT":"f.AE569C338F7BE8C487FB69BDD94B5641.d.4A7B6FCE6CA1B98A5597E6C5D9277AAB.e.3482"}]}
COMMAND: GET /session/fe219389c4a652ed804fe0697356972e/element/f.AE569C338F7BE8C487FB69BDD94B5641.d.4A7B6FCE6CA1B98A5597E6C5D9277AAB.e.3482/enabled - {}
COMMAND: GET /session/fe219389c4a652ed804fe0697356972e/screenshot - {}
RESULT: {}
COMMAND: POST /session/fe219389c4a652ed804fe0697356972e/execute/sync - {"script":"<script> [8489 bytes]","args":[{"element-6066-11e4-a52e-4f735466cecf":"f.AE569C338F7BE8C487FB69BDD94B5641.d.4A7B6FCE6CA1B98A5597E6C5D9277AAB.e.3482","ELEMENT":"f.AE569C338F7BE8C487FB69BDD94B5641.d.4A7B6FCE6CA1B98A5597E6C5D9277AAB.e.3482"}]}
COMMAND: GET /session/fe219389c4a652ed804fe0697356972e/screenshot - {}
RESULT: {}
RESULT: {"script":"<script> [8489 bytes]","args":[{"element-6066-11e4-a52e-4f735466cecf":"f.AE569C338F7BE8C487FB69BDD94B5641.d.4A7B6FCE6CA1B98A5597E6C5D9277AAB.e.3482","ELEMENT":"f.AE569C338F7BE8C487FB69BDD94B5641.d.4A7B6FCE6CA1B98A5597E6C5D9277AAB.e.3482"}]}
COMMAND: POST /session/fe219389c4a652ed804fe0697356972e/execute/sync - {"script":"<script> [5351 bytes]","args":[{"element-6066-11e4-a52e-4f735466cecf":"f.AE569C338F7BE8C487FB69BDD94B5641.d.4A7B6FCE6CA1B98A5597E6C5D9277AAB.e.3482","ELEMENT":"f.AE569C338F7BE8C487FB69BDD94B5641.d.4A7B6FCE6CA1B98A5597E6C5D9277AAB.e.3482"}]}
COMMAND: GET /session/fe219389c4a652ed804fe0697356972e/screenshot - {}
RESULT: {}
RESULT: {"script":"<script> [5351 bytes]","args":[{"element-6066-11e4-a52e-4f735466cecf":"f.AE569C338F7BE8C487FB69BDD94B5641.d.4A7B6FCE6CA1B98A5597E6C5D9277AAB.e.3482","ELEMENT":"f.AE569C338F7BE8C487FB69BDD94B5641.d.4A7B6FCE6CA1B98A5597E6C5D9277AAB.e.3482"}]}
COMMAND: GET /session/fe219389c4a652ed804fe0697356972e/screenshot - {}
RESULT: {}
RESULT: {}
COMMAND: POST /session/fe219389c4a652ed804fe0697356972e/element/f.AE569C338F7BE8C487FB69BDD94B5641.d.4A7B6FCE6CA1B98A5597E6C5D9277AAB.e.3482/click - {}
RESULT: {}
COMMAND: GET /session/fe219389c4a652ed804fe0697356972e/screenshot - {}
RESULT: {}
RESULT: undefined
COMMAND: POST /session/fe219389c4a652ed804fe0697356972e/execute/async - {"script":"<script> [776 bytes]","args":[{"enterText":"2236","selector":{"id":"createOrganizationPop--sectionInput","searchOpenDialogs":true,"interaction":{"idSuffix":"inner"}},"clearTextFirst":true,"interactionType":"ENTER_TEXT"}]}
RESULT: {"script":"<script> [776 bytes]","args":[{"enterText":"2236","selector":{"id":"createOrganizationPop--sectionInput","searchOpenDialogs":true,"interaction":{"idSuffix":"inner"}},"clearTextFirst":true,"interactionType":"ENTER_TEXT"}]}
RESULT: undefined
COMMAND: POST /session/fe219389c4a652ed804fe0697356972e/execute/async - {"script":"<script> [776 bytes]","args":[{"enterText":"WDIO-2236","selector":{"id":"createOrganizationPop--descriptionInput","searchOpenDialogs":true,"interaction":{"idSuffix":"inner"}},"clearTextFirst":true,"interactionType":"ENTER_TEXT"}]}
RESULT: {"script":"<script> [776 bytes]","args":[{"enterText":"WDIO-2236","selector":{"id":"createOrganizationPop--descriptionInput","searchOpenDialogs":true,"interaction":{"idSuffix":"inner"}},"clearTextFirst":true,"interactionType":"ENTER_TEXT"}]}
COMMAND: POST /session/fe219389c4a652ed804fe0697356972e/element - {"using":"css selector","value":"#createOrganizationPop--siteOrg-inner"}
RESULT: {"using":"css selector","value":"#createOrganizationPop--siteOrg-inner"}
COMMAND: POST /session/fe219389c4a652ed804fe0697356972e/element/f.AE569C338F7BE8C487FB69BDD94B5641.d.4A7B6FCE6CA1B98A5597E6C5D9277AAB.e.3521/clear - {}
RESULT: {}
COMMAND: POST /session/fe219389c4a652ed804fe0697356972e/element/f.AE569C338F7BE8C487FB69BDD94B5641.d.4A7B6FCE6CA1B98A5597E6C5D9277AAB.e.3521/value - {"text":"2236"}
COMMAND: GET /session/fe219389c4a652ed804fe0697356972e/screenshot - {}
RESULT: {"text":"2236"}
COMMAND: GET /session/fe219389c4a652ed804fe0697356972e/screenshot - {}
RESULT: {}
RESULT: {}
COMMAND: POST /session/fe219389c4a652ed804fe0697356972e/actions - {"actions":[{"id":"action11","type":"key","parameters":{},"actions":[{"type":"keyDown","value":""},{"type":"pause","duration":10},{"type":"keyUp","value":""}]}]}
RESULT: {"actions":[{"id":"action11","type":"key","parameters":{},"actions":[{"type":"keyDown","value":""},{"type":"pause","duration":10},{"type":"keyUp","value":""}]}]}
RESULT: undefined
COMMAND: POST /session/fe219389c4a652ed804fe0697356972e/element - {"using":"xpath","value":"//*[@id=\"createOrganizationPop--giZone\"]"}
COMMAND: GET /session/fe219389c4a652ed804fe0697356972e/screenshot - {}
RESULT: {"using":"xpath","value":"//*[@id=\"createOrganizationPop--giZone\"]"}
COMMAND: POST /session/fe219389c4a652ed804fe0697356972e/element/f.AE569C338F7BE8C487FB69BDD94B5641.d.4A7B6FCE6CA1B98A5597E6C5D9277AAB.e.3559/click - {}
RESULT: {}
RESULT: {}
COMMAND: GET /session/fe219389c4a652ed804fe0697356972e/screenshot - {}
RESULT: {}
RESULT: undefined
COMMAND: POST /session/fe219389c4a652ed804fe0697356972e/execute/async - {"script":"<script> [776 bytes]","args":[{"enterText":"WD-BIN","selector":{"id":"createOrganizationPop--binNoInput","searchOpenDialogs":true,"interaction":{"idSuffix":"inner"}},"clearTextFirst":true,"interactionType":"ENTER_TEXT"}]}
RESULT: {"script":"<script> [776 bytes]","args":[{"enterText":"WD-BIN","selector":{"id":"createOrganizationPop--binNoInput","searchOpenDialogs":true,"interaction":{"idSuffix":"inner"}},"clearTextFirst":true,"interactionType":"ENTER_TEXT"}]}
RESULT: undefined
COMMAND: POST /session/fe219389c4a652ed804fe0697356972e/execute/async - {"script":"<script> [776 bytes]","args":[{"enterText":"WD-BIN","selector":{"id":"createOrganizationPop--descriptionId","searchOpenDialogs":true,"interaction":{"idSuffix":"inner"}},"clearTextFirst":true,"interactionType":"ENTER_TEXT"}]}
RESULT: {"script":"<script> [776 bytes]","args":[{"enterText":"WD-BIN","selector":{"id":"createOrganizationPop--descriptionId","searchOpenDialogs":true,"interaction":{"idSuffix":"inner"}},"clearTextFirst":true,"interactionType":"ENTER_TEXT"}]}
COMMAND: POST /session/fe219389c4a652ed804fe0697356972e/execute/async - {"script":"<script> [1562 bytes]","args":[{"selector":{"controlType":"sap.m.CheckBox","viewName":"etm.portal.ui.binstatusreport.view.MasterWareBins","viewId":"application-binstatusreport-display-component---warehousing","bindingPath":{"propertyPath":"/ZONE","modelName":"newBin"},"searchOpenDialogs":true,"interaction":{"idSuffix":"CbBg"}},"wdio_ui5_key":"etmportal.ui.binstatusreport.view.MasterWareBinssap.m.CheckBox{\"propertyPath\":\"/ZONE\",\"modelName\":\"newBin\"}"}]}
RESULT: {"script":"<script> [1562 bytes]","args":[{"selector":{"controlType":"sap.m.CheckBox","viewName":"etm.portal.ui.binstatusreport.view.MasterWareBins","viewId":"application-binstatusreport-display-component---warehousing","bindingPath":{"propertyPath":"/ZONE","modelName":"newBin"},"searchOpenDialogs":true,"interaction":{"idSuffix":"CbBg"}},"wdio_ui5_key":"etmportal.ui.binstatusreport.view.MasterWareBinssap.m.CheckBox{\"propertyPath\":\"/ZONE\",\"modelName\":\"newBin\"}"}]}
RESULT: undefined
COMMAND: POST /session/fe219389c4a652ed804fe0697356972e/element - {"using":"xpath","value":"//*[@id=\"__box68\"]"}
RESULT: {"using":"xpath","value":"//*[@id=\"__box68\"]"}
COMMAND: POST /session/fe219389c4a652ed804fe0697356972e/element/f.AE569C338F7BE8C487FB69BDD94B5641.d.4A7B6FCE6CA1B98A5597E6C5D9277AAB.e.3581/click - {}
RESULT: {}
COMMAND: GET /session/fe219389c4a652ed804fe0697356972e/screenshot - {}
RESULT: {}
RESULT: undefined
COMMAND: POST /session/fe219389c4a652ed804fe0697356972e/execute/async - {"script":"<script> [776 bytes]","args":[{"enterText":"1 - General / No capacity check","selector":{"id":"createOrganizationPop--binTypesCB","searchOpenDialogs":true,"interaction":{"idSuffix":"inner"}},"clearTextFirst":true,"interactionType":"ENTER_TEXT"}]}
RESULT: {"script":"<script> [776 bytes]","args":[{"enterText":"1 - General / No capacity check","selector":{"id":"createOrganizationPop--binTypesCB","searchOpenDialogs":true,"interaction":{"idSuffix":"inner"}},"clearTextFirst":true,"interactionType":"ENTER_TEXT"}]}
COMMAND: POST /session/fe219389c4a652ed804fe0697356972e/execute/async - {"script":"<script> [1562 bytes]","args":[{"selector":{"id":"createOrganizationPop--capacityId","searchOpenDialogs":true,"interaction":{"idSuffix":"inner"}},"wdio_ui5_key":"createOrganizationPopcapacityId"}]}
RESULT: {"script":"<script> [1562 bytes]","args":[{"selector":{"id":"createOrganizationPop--capacityId","searchOpenDialogs":true,"interaction":{"idSuffix":"inner"}},"wdio_ui5_key":"createOrganizationPopcapacityId"}]}
RESULT: undefined
COMMAND: POST /session/fe219389c4a652ed804fe0697356972e/actions - {"actions":[{"id":"action12","type":"key","parameters":{},"actions":[{"type":"keyDown","value":""},{"type":"pause","duration":10},{"type":"keyUp","value":""}]}]}
RESULT: {"actions":[{"id":"action12","type":"key","parameters":{},"actions":[{"type":"keyDown","value":""},{"type":"pause","duration":10},{"type":"keyUp","value":""}]}]}
COMMAND: GET /session/fe219389c4a652ed804fe0697356972e/screenshot - {}
RESULT: {}
RESULT: undefined
COMMAND: POST /session/fe219389c4a652ed804fe0697356972e/element - {"using":"xpath","value":"//*[@id=\"createOrganizationPop--finishBtn\"]"}
RESULT: {"using":"xpath","value":"//*[@id=\"createOrganizationPop--finishBtn\"]"}
COMMAND: POST /session/fe219389c4a652ed804fe0697356972e/element/f.AE569C338F7BE8C487FB69BDD94B5641.d.4A7B6FCE6CA1B98A5597E6C5D9277AAB.e.3595/click - {}
RESULT: {}
COMMAND: GET /session/fe219389c4a652ed804fe0697356972e/screenshot - {}
RESULT: {}
COMMAND: POST /session/fe219389c4a652ed804fe0697356972e/element - {"using":"css selector","value":"#shell-header-logo"}
RESULT: {"using":"css selector","value":"#shell-header-logo"}
COMMAND: POST /session/fe219389c4a652ed804fe0697356972e/element/f.AE569C338F7BE8C487FB69BDD94B5641.d.4A7B6FCE6CA1B98A5597E6C5D9277AAB.e.3431/click - {}
RESULT: {}
COMMAND: GET /session/fe219389c4a652ed804fe0697356972e/screenshot - {}
RESULT: {}
]]></system-out>
    </testcase>
    <testcase classname="chrome.136_0_7103_93.windows.Stock_increase_-_with_WHM_US125587" name="Create a Warehouse Movement for created yard" time="45.611">
      <system-out><![CDATA[
COMMAND: POST /session/fe219389c4a652ed804fe0697356972e/execute/async - {"script":"<script> [1562 bytes]","args":[{"selector":{"controlType":"sap.m.GenericTile","properties":{"header":"Manage Warehouse Movements"}},"wdio_ui5_key":"sapm.GenericTile{\"header\":\"Manage Warehouse Movements\"}"}]}
RESULT: {"script":"<script> [1562 bytes]","args":[{"selector":{"controlType":"sap.m.GenericTile","properties":{"header":"Manage Warehouse Movements"}},"wdio_ui5_key":"sapm.GenericTile{\"header\":\"Manage Warehouse Movements\"}"}]}
RESULT: undefined
COMMAND: POST /session/fe219389c4a652ed804fe0697356972e/element - {"using":"xpath","value":"//*[@id=\"__tile105\"]"}
RESULT: {"using":"xpath","value":"//*[@id=\"__tile105\"]"}
COMMAND: POST /session/fe219389c4a652ed804fe0697356972e/element/f.AE569C338F7BE8C487FB69BDD94B5641.d.4A7B6FCE6CA1B98A5597E6C5D9277AAB.e.3611/click - {}
RESULT: {}
COMMAND: GET /session/fe219389c4a652ed804fe0697356972e/screenshot - {}
RESULT: {}
COMMAND: POST /session/fe219389c4a652ed804fe0697356972e/elements - {"using":"xpath","value":"//span[text()='Error']"}
RESULT: {"using":"xpath","value":"//span[text()='Error']"}
COMMAND: POST /session/fe219389c4a652ed804fe0697356972e/element - {"using":"xpath","value":"//input[@id='application-warehousemovements-display-component---warehouseMovements--smartFilterBar-filterItemControl_BASIC-YARD-inner']"}
RESULT: {"using":"xpath","value":"//input[@id='application-warehousemovements-display-component---warehouseMovements--smartFilterBar-filterItemControl_BASIC-YARD-inner']"}
COMMAND: POST /session/fe219389c4a652ed804fe0697356972e/elements - {"using":"xpath","value":"//input[@id='application-warehousemovements-display-component---warehouseMovements--smartFilterBar-filterItemControl_BASIC-YARD-inner']"}
RESULT: {"using":"xpath","value":"//input[@id='application-warehousemovements-display-component---warehouseMovements--smartFilterBar-filterItemControl_BASIC-YARD-inner']"}
COMMAND: POST /session/fe219389c4a652ed804fe0697356972e/execute/sync - {"script":"<script> [8489 bytes]","args":[{"element-6066-11e4-a52e-4f735466cecf":"f.AE569C338F7BE8C487FB69BDD94B5641.d.4A7B6FCE6CA1B98A5597E6C5D9277AAB.e.3633","ELEMENT":"f.AE569C338F7BE8C487FB69BDD94B5641.d.4A7B6FCE6CA1B98A5597E6C5D9277AAB.e.3633"}]}
RESULT: {"script":"<script> [8489 bytes]","args":[{"element-6066-11e4-a52e-4f735466cecf":"f.AE569C338F7BE8C487FB69BDD94B5641.d.4A7B6FCE6CA1B98A5597E6C5D9277AAB.e.3633","ELEMENT":"f.AE569C338F7BE8C487FB69BDD94B5641.d.4A7B6FCE6CA1B98A5597E6C5D9277AAB.e.3633"}]}
COMMAND: GET /session/fe219389c4a652ed804fe0697356972e/element/f.AE569C338F7BE8C487FB69BDD94B5641.d.4A7B6FCE6CA1B98A5597E6C5D9277AAB.e.3633/enabled - {}
COMMAND: GET /session/fe219389c4a652ed804fe0697356972e/screenshot - {}
RESULT: {}
COMMAND: POST /session/fe219389c4a652ed804fe0697356972e/execute/sync - {"script":"<script> [8489 bytes]","args":[{"element-6066-11e4-a52e-4f735466cecf":"f.AE569C338F7BE8C487FB69BDD94B5641.d.4A7B6FCE6CA1B98A5597E6C5D9277AAB.e.3633","ELEMENT":"f.AE569C338F7BE8C487FB69BDD94B5641.d.4A7B6FCE6CA1B98A5597E6C5D9277AAB.e.3633"}]}
COMMAND: GET /session/fe219389c4a652ed804fe0697356972e/screenshot - {}
RESULT: {}
RESULT: {"script":"<script> [8489 bytes]","args":[{"element-6066-11e4-a52e-4f735466cecf":"f.AE569C338F7BE8C487FB69BDD94B5641.d.4A7B6FCE6CA1B98A5597E6C5D9277AAB.e.3633","ELEMENT":"f.AE569C338F7BE8C487FB69BDD94B5641.d.4A7B6FCE6CA1B98A5597E6C5D9277AAB.e.3633"}]}
COMMAND: POST /session/fe219389c4a652ed804fe0697356972e/execute/sync - {"script":"<script> [5351 bytes]","args":[{"element-6066-11e4-a52e-4f735466cecf":"f.AE569C338F7BE8C487FB69BDD94B5641.d.4A7B6FCE6CA1B98A5597E6C5D9277AAB.e.3633","ELEMENT":"f.AE569C338F7BE8C487FB69BDD94B5641.d.4A7B6FCE6CA1B98A5597E6C5D9277AAB.e.3633"}]}
COMMAND: GET /session/fe219389c4a652ed804fe0697356972e/screenshot - {}
RESULT: {}
RESULT: {"script":"<script> [5351 bytes]","args":[{"element-6066-11e4-a52e-4f735466cecf":"f.AE569C338F7BE8C487FB69BDD94B5641.d.4A7B6FCE6CA1B98A5597E6C5D9277AAB.e.3633","ELEMENT":"f.AE569C338F7BE8C487FB69BDD94B5641.d.4A7B6FCE6CA1B98A5597E6C5D9277AAB.e.3633"}]}
COMMAND: GET /session/fe219389c4a652ed804fe0697356972e/screenshot - {}
RESULT: {}
RESULT: {}
COMMAND: POST /session/fe219389c4a652ed804fe0697356972e/element/f.AE569C338F7BE8C487FB69BDD94B5641.d.4A7B6FCE6CA1B98A5597E6C5D9277AAB.e.3633/clear - {}
RESULT: {}
COMMAND: POST /session/fe219389c4a652ed804fe0697356972e/element/f.AE569C338F7BE8C487FB69BDD94B5641.d.4A7B6FCE6CA1B98A5597E6C5D9277AAB.e.3633/value - {"text":"462"}
COMMAND: GET /session/fe219389c4a652ed804fe0697356972e/screenshot - {}
RESULT: {"text":"462"}
COMMAND: POST /session/fe219389c4a652ed804fe0697356972e/actions - {"actions":[{"id":"action13","type":"key","parameters":{},"actions":[{"type":"keyDown","value":""},{"type":"pause","duration":10},{"type":"keyUp","value":""}]}]}
COMMAND: GET /session/fe219389c4a652ed804fe0697356972e/screenshot - {}
RESULT: {}
RESULT: {"actions":[{"id":"action13","type":"key","parameters":{},"actions":[{"type":"keyDown","value":""},{"type":"pause","duration":10},{"type":"keyUp","value":""}]}]}
COMMAND: GET /session/fe219389c4a652ed804fe0697356972e/screenshot - {}
RESULT: {}
RESULT: {}
COMMAND: POST /session/fe219389c4a652ed804fe0697356972e/element - {"using":"xpath","value":"//button[contains(@data-kt, \"MasterMovementAddOverflowToolbarButton\")]"}
RESULT: {"using":"xpath","value":"//button[contains(@data-kt, \"MasterMovementAddOverflowToolbarButton\")]"}
COMMAND: POST /session/fe219389c4a652ed804fe0697356972e/element/f.AE569C338F7BE8C487FB69BDD94B5641.d.4A7B6FCE6CA1B98A5597E6C5D9277AAB.e.3654/click - {}
RESULT: {}
COMMAND: GET /session/fe219389c4a652ed804fe0697356972e/screenshot - {}
RESULT: {}
COMMAND: POST /session/fe219389c4a652ed804fe0697356972e/element - {"using":"xpath","value":"//*[@id=\"application-warehousemovements-display-component---addMovement--sectionsList-arrow\"]"}
RESULT: {"using":"xpath","value":"//*[@id=\"application-warehousemovements-display-component---addMovement--sectionsList-arrow\"]"}
COMMAND: POST /session/fe219389c4a652ed804fe0697356972e/element/f.AE569C338F7BE8C487FB69BDD94B5641.d.4A7B6FCE6CA1B98A5597E6C5D9277AAB.e.3824/click - {}
RESULT: {}
COMMAND: POST /session/fe219389c4a652ed804fe0697356972e/actions - {"actions":[{"id":"action14","type":"key","parameters":{},"actions":[{"type":"keyDown","value":""},{"type":"pause","duration":10},{"type":"keyUp","value":""}]}]}
COMMAND: GET /session/fe219389c4a652ed804fe0697356972e/screenshot - {}
RESULT: {"actions":[{"id":"action14","type":"key","parameters":{},"actions":[{"type":"keyDown","value":""},{"type":"pause","duration":10},{"type":"keyUp","value":""}]}]}
COMMAND: GET /session/fe219389c4a652ed804fe0697356972e/screenshot - {}
RESULT: {}
RESULT: {}
COMMAND: POST /session/fe219389c4a652ed804fe0697356972e/actions - {"actions":[{"id":"action15","type":"key","parameters":{},"actions":[{"type":"keyDown","value":""},{"type":"pause","duration":10},{"type":"keyUp","value":""}]}]}
RESULT: {"actions":[{"id":"action15","type":"key","parameters":{},"actions":[{"type":"keyDown","value":""},{"type":"pause","duration":10},{"type":"keyUp","value":""}]}]}
COMMAND: GET /session/fe219389c4a652ed804fe0697356972e/screenshot - {}
RESULT: {}
COMMAND: POST /session/fe219389c4a652ed804fe0697356972e/element - {"using":"xpath","value":"//*[@id=\"application-warehousemovements-display-component---addMovement--saveMovementBtn-BDI-content\" and text()=\"Save\"]"}
RESULT: {"using":"xpath","value":"//*[@id=\"application-warehousemovements-display-component---addMovement--saveMovementBtn-BDI-content\" and text()=\"Save\"]"}
COMMAND: POST /session/fe219389c4a652ed804fe0697356972e/element/f.AE569C338F7BE8C487FB69BDD94B5641.d.4A7B6FCE6CA1B98A5597E6C5D9277AAB.e.3825/click - {}
RESULT: {}
COMMAND: GET /session/fe219389c4a652ed804fe0697356972e/screenshot - {}
RESULT: {}
COMMAND: POST /session/fe219389c4a652ed804fe0697356972e/element - {"using":"css selector","value":"#shell-header-logo"}
RESULT: {"using":"css selector","value":"#shell-header-logo"}
COMMAND: POST /session/fe219389c4a652ed804fe0697356972e/element/f.AE569C338F7BE8C487FB69BDD94B5641.d.4A7B6FCE6CA1B98A5597E6C5D9277AAB.e.3614/click - {}
RESULT: {}
COMMAND: GET /session/fe219389c4a652ed804fe0697356972e/screenshot - {}
RESULT: {}
]]></system-out>
    </testcase>
    <testcase classname="chrome.136_0_7103_93.windows.Stock_increase_-_with_WHM_US125587" name="Should do a stock increase handover" time="86.734">
      <system-out><![CDATA[
COMMAND: POST /session/fe219389c4a652ed804fe0697356972e/execute/async - {"script":"<script> [1562 bytes]","args":[{"selector":{"controlType":"sap.m.GenericTile","properties":{"header":"Manage Handovers"}},"wdio_ui5_key":"sapm.GenericTile{\"header\":\"Manage Handovers\"}"}]}
RESULT: {"script":"<script> [1562 bytes]","args":[{"selector":{"controlType":"sap.m.GenericTile","properties":{"header":"Manage Handovers"}},"wdio_ui5_key":"sapm.GenericTile{\"header\":\"Manage Handovers\"}"}]}
RESULT: undefined
COMMAND: POST /session/fe219389c4a652ed804fe0697356972e/element - {"using":"xpath","value":"//*[@id=\"__tile133\"]"}
RESULT: {"using":"xpath","value":"//*[@id=\"__tile133\"]"}
COMMAND: POST /session/fe219389c4a652ed804fe0697356972e/element/f.AE569C338F7BE8C487FB69BDD94B5641.d.4A7B6FCE6CA1B98A5597E6C5D9277AAB.e.195/click - {}
RESULT: {}
COMMAND: GET /session/fe219389c4a652ed804fe0697356972e/screenshot - {}
RESULT: {}
COMMAND: POST /session/fe219389c4a652ed804fe0697356972e/elements - {"using":"xpath","value":"//span[text()='Error']"}
RESULT: {"using":"xpath","value":"//span[text()='Error']"}
COMMAND: POST /session/fe219389c4a652ed804fe0697356972e/element - {"using":"xpath","value":"//button[@data-kt=\"masterHOAddButton\"]"}
RESULT: {"using":"xpath","value":"//button[@data-kt=\"masterHOAddButton\"]"}
COMMAND: POST /session/fe219389c4a652ed804fe0697356972e/elements - {"using":"xpath","value":"//button[@data-kt=\"masterHOAddButton\"]"}
RESULT: {"using":"xpath","value":"//button[@data-kt=\"masterHOAddButton\"]"}
COMMAND: POST /session/fe219389c4a652ed804fe0697356972e/execute/sync - {"script":"<script> [8489 bytes]","args":[{"element-6066-11e4-a52e-4f735466cecf":"f.AE569C338F7BE8C487FB69BDD94B5641.d.4A7B6FCE6CA1B98A5597E6C5D9277AAB.e.3923","ELEMENT":"f.AE569C338F7BE8C487FB69BDD94B5641.d.4A7B6FCE6CA1B98A5597E6C5D9277AAB.e.3923"}]}
RESULT: {"script":"<script> [8489 bytes]","args":[{"element-6066-11e4-a52e-4f735466cecf":"f.AE569C338F7BE8C487FB69BDD94B5641.d.4A7B6FCE6CA1B98A5597E6C5D9277AAB.e.3923","ELEMENT":"f.AE569C338F7BE8C487FB69BDD94B5641.d.4A7B6FCE6CA1B98A5597E6C5D9277AAB.e.3923"}]}
COMMAND: GET /session/fe219389c4a652ed804fe0697356972e/element/f.AE569C338F7BE8C487FB69BDD94B5641.d.4A7B6FCE6CA1B98A5597E6C5D9277AAB.e.3923/enabled - {}
COMMAND: GET /session/fe219389c4a652ed804fe0697356972e/screenshot - {}
RESULT: {}
COMMAND: POST /session/fe219389c4a652ed804fe0697356972e/execute/sync - {"script":"<script> [8489 bytes]","args":[{"element-6066-11e4-a52e-4f735466cecf":"f.AE569C338F7BE8C487FB69BDD94B5641.d.4A7B6FCE6CA1B98A5597E6C5D9277AAB.e.3923","ELEMENT":"f.AE569C338F7BE8C487FB69BDD94B5641.d.4A7B6FCE6CA1B98A5597E6C5D9277AAB.e.3923"}]}
COMMAND: GET /session/fe219389c4a652ed804fe0697356972e/screenshot - {}
RESULT: {}
RESULT: {"script":"<script> [8489 bytes]","args":[{"element-6066-11e4-a52e-4f735466cecf":"f.AE569C338F7BE8C487FB69BDD94B5641.d.4A7B6FCE6CA1B98A5597E6C5D9277AAB.e.3923","ELEMENT":"f.AE569C338F7BE8C487FB69BDD94B5641.d.4A7B6FCE6CA1B98A5597E6C5D9277AAB.e.3923"}]}
COMMAND: POST /session/fe219389c4a652ed804fe0697356972e/execute/sync - {"script":"<script> [5351 bytes]","args":[{"element-6066-11e4-a52e-4f735466cecf":"f.AE569C338F7BE8C487FB69BDD94B5641.d.4A7B6FCE6CA1B98A5597E6C5D9277AAB.e.3923","ELEMENT":"f.AE569C338F7BE8C487FB69BDD94B5641.d.4A7B6FCE6CA1B98A5597E6C5D9277AAB.e.3923"}]}
COMMAND: GET /session/fe219389c4a652ed804fe0697356972e/screenshot - {}
RESULT: {}
RESULT: {"script":"<script> [5351 bytes]","args":[{"element-6066-11e4-a52e-4f735466cecf":"f.AE569C338F7BE8C487FB69BDD94B5641.d.4A7B6FCE6CA1B98A5597E6C5D9277AAB.e.3923","ELEMENT":"f.AE569C338F7BE8C487FB69BDD94B5641.d.4A7B6FCE6CA1B98A5597E6C5D9277AAB.e.3923"}]}
COMMAND: POST /session/fe219389c4a652ed804fe0697356972e/element/f.AE569C338F7BE8C487FB69BDD94B5641.d.4A7B6FCE6CA1B98A5597E6C5D9277AAB.e.3923/click - {}
COMMAND: GET /session/fe219389c4a652ed804fe0697356972e/screenshot - {}
RESULT: {}
RESULT: {}
COMMAND: GET /session/fe219389c4a652ed804fe0697356972e/screenshot - {}
RESULT: {}
COMMAND: POST /session/fe219389c4a652ed804fe0697356972e/element - {"using":"xpath","value":"//span[contains(@id ,\"AddNewHO--typeSelect-arrow\")]"}
RESULT: {}
RESULT: {"using":"xpath","value":"//span[contains(@id ,\"AddNewHO--typeSelect-arrow\")]"}
COMMAND: POST /session/fe219389c4a652ed804fe0697356972e/element/f.AE569C338F7BE8C487FB69BDD94B5641.d.4A7B6FCE6CA1B98A5597E6C5D9277AAB.e.4294/click - {}
RESULT: {}
COMMAND: GET /session/fe219389c4a652ed804fe0697356972e/screenshot - {}
RESULT: {}
COMMAND: POST /session/fe219389c4a652ed804fe0697356972e/element - {"using":"xpath","value":"(//li[contains(text(), \"stock increase yard\")])[1]"}
RESULT: {"using":"xpath","value":"(//li[contains(text(), \"stock increase yard\")])[1]"}
COMMAND: POST /session/fe219389c4a652ed804fe0697356972e/element/f.AE569C338F7BE8C487FB69BDD94B5641.d.4A7B6FCE6CA1B98A5597E6C5D9277AAB.e.4295/click - {}
RESULT: {}
COMMAND: GET /session/fe219389c4a652ed804fe0697356972e/screenshot - {}
RESULT: {}
COMMAND: POST /session/fe219389c4a652ed804fe0697356972e/execute/async - {"script":"<script> [1562 bytes]","args":[{"selector":{"id":"application-managehandovers-display-component---AddNewHO--dueDate","interaction":{"idSuffix":"inner"}},"wdio_ui5_key":"applicationmanagehandovers-display-component---AddNewHO--dueDate"}]}
RESULT: {"script":"<script> [1562 bytes]","args":[{"selector":{"id":"application-managehandovers-display-component---AddNewHO--dueDate","interaction":{"idSuffix":"inner"}},"wdio_ui5_key":"applicationmanagehandovers-display-component---AddNewHO--dueDate"}]}
RESULT: undefined
COMMAND: POST /session/fe219389c4a652ed804fe0697356972e/execute/async - {"script":"<script> [6424 bytes]","args":[{"element-6066-11e4-a52e-4f735466cecf":"f.AE569C338F7BE8C487FB69BDD94B5641.d.4A7B6FCE6CA1B98A5597E6C5D9277AAB.e.4297"},"setValue",["5/29/25"]]}
RESULT: {"script":"<script> [6424 bytes]","args":[{"element-6066-11e4-a52e-4f735466cecf":"f.AE569C338F7BE8C487FB69BDD94B5641.d.4A7B6FCE6CA1B98A5597E6C5D9277AAB.e.4297"},"setValue",["5/29/25"]]}
COMMAND: POST /session/fe219389c4a652ed804fe0697356972e/element - {"using":"xpath","value":"//input[@id=\"generalSectionFrg--receiveYard-inner\"]"}
RESULT: {"using":"xpath","value":"//input[@id=\"generalSectionFrg--receiveYard-inner\"]"}
COMMAND: POST /session/fe219389c4a652ed804fe0697356972e/element/f.AE569C338F7BE8C487FB69BDD94B5641.d.4A7B6FCE6CA1B98A5597E6C5D9277AAB.e.4303/clear - {}
RESULT: {}
COMMAND: POST /session/fe219389c4a652ed804fe0697356972e/element/f.AE569C338F7BE8C487FB69BDD94B5641.d.4A7B6FCE6CA1B98A5597E6C5D9277AAB.e.4303/value - {"text":"462"}
COMMAND: GET /session/fe219389c4a652ed804fe0697356972e/screenshot - {}
RESULT: {"text":"462"}
COMMAND: GET /session/fe219389c4a652ed804fe0697356972e/screenshot - {}
RESULT: {}
RESULT: {}
COMMAND: POST /session/fe219389c4a652ed804fe0697356972e/element - {"using":"xpath","value":"//li[.//span[contains(text(),'462')]]"}
RESULT: {"using":"xpath","value":"//li[.//span[contains(text(),'462')]]"}
COMMAND: POST /session/fe219389c4a652ed804fe0697356972e/element/f.AE569C338F7BE8C487FB69BDD94B5641.d.4A7B6FCE6CA1B98A5597E6C5D9277AAB.e.4319/click - {}
RESULT: {}
COMMAND: GET /session/fe219389c4a652ed804fe0697356972e/screenshot - {}
RESULT: {}
COMMAND: POST /session/fe219389c4a652ed804fe0697356972e/execute/async - {"script":"<script> [1562 bytes]","args":[{"selector":{"id":"application-managehandovers-display-component---AddNewHO--ObjectPageLayout-anchBar-application-managehandovers-display-component---AddNewHO--section4-anchor","interaction":{"idSuffix":"BDI-content"}},"wdio_ui5_key":"applicationmanagehandovers-display-component---AddNewHO--ObjectPageLayout-anchBar-application-managehandovers-display-component---AddNewHO--section4-anchor"}]}
RESULT: {"script":"<script> [1562 bytes]","args":[{"selector":{"id":"application-managehandovers-display-component---AddNewHO--ObjectPageLayout-anchBar-application-managehandovers-display-component---AddNewHO--section4-anchor","interaction":{"idSuffix":"BDI-content"}},"wdio_ui5_key":"applicationmanagehandovers-display-component---AddNewHO--ObjectPageLayout-anchBar-application-managehandovers-display-component---AddNewHO--section4-anchor"}]}
RESULT: undefined
COMMAND: POST /session/fe219389c4a652ed804fe0697356972e/element - {"using":"xpath","value":"//*[@id=\"application-managehandovers-display-component---AddNewHO--ObjectPageLayout-anchBar-application-managehandovers-display-component---AddNewHO--section4-anchor\"]"}
RESULT: {"using":"xpath","value":"//*[@id=\"application-managehandovers-display-component---AddNewHO--ObjectPageLayout-anchBar-application-managehandovers-display-component---AddNewHO--section4-anchor\"]"}
COMMAND: POST /session/fe219389c4a652ed804fe0697356972e/element/f.AE569C338F7BE8C487FB69BDD94B5641.d.4A7B6FCE6CA1B98A5597E6C5D9277AAB.e.4321/click - {}
RESULT: {}
COMMAND: POST /session/fe219389c4a652ed804fe0697356972e/element - {"using":"xpath","value":"//button[@aria-label=\"Add\"]"}
COMMAND: GET /session/fe219389c4a652ed804fe0697356972e/screenshot - {}
RESULT: {"using":"xpath","value":"//button[@aria-label=\"Add\"]"}
COMMAND: POST /session/fe219389c4a652ed804fe0697356972e/element/f.AE569C338F7BE8C487FB69BDD94B5641.d.4A7B6FCE6CA1B98A5597E6C5D9277AAB.e.4323/click - {}
RESULT: {}
RESULT: {}
COMMAND: GET /session/fe219389c4a652ed804fe0697356972e/screenshot - {}
RESULT: {}
COMMAND: POST /session/fe219389c4a652ed804fe0697356972e/execute/async - {"script":"<script> [1562 bytes]","args":[{"selector":{"id":"application-managehandovers-display-component---AddNewHO--smartFilterBar-btnBasicSearch","searchOpenDialogs":true,"interaction":{"idSuffix":"I"}},"wdio_ui5_key":"applicationmanagehandovers-display-component---AddNewHO--smartFilterBar-btnBasicSearch"}]}
RESULT: {"script":"<script> [1562 bytes]","args":[{"selector":{"id":"application-managehandovers-display-component---AddNewHO--smartFilterBar-btnBasicSearch","searchOpenDialogs":true,"interaction":{"idSuffix":"I"}},"wdio_ui5_key":"applicationmanagehandovers-display-component---AddNewHO--smartFilterBar-btnBasicSearch"}]}
RESULT: undefined
COMMAND: POST /session/fe219389c4a652ed804fe0697356972e/execute/async - {"script":"<script> [776 bytes]","args":[{"enterText":"200250","selector":{"id":"application-managehandovers-display-component---AddNewHO--smartFilterBar-btnBasicSearch","searchOpenDialogs":true,"interaction":{"idSuffix":"I"}},"clearTextFirst":true,"interactionType":"ENTER_TEXT"}]}
RESULT: {"script":"<script> [776 bytes]","args":[{"enterText":"200250","selector":{"id":"application-managehandovers-display-component---AddNewHO--smartFilterBar-btnBasicSearch","searchOpenDialogs":true,"interaction":{"idSuffix":"I"}},"clearTextFirst":true,"interactionType":"ENTER_TEXT"}]}
COMMAND: POST /session/fe219389c4a652ed804fe0697356972e/actions - {"actions":[{"id":"action16","type":"key","parameters":{},"actions":[{"type":"keyDown","value":""},{"type":"pause","duration":10},{"type":"keyUp","value":""}]}]}
RESULT: {"actions":[{"id":"action16","type":"key","parameters":{},"actions":[{"type":"keyDown","value":""},{"type":"pause","duration":10},{"type":"keyUp","value":""}]}]}
COMMAND: GET /session/fe219389c4a652ed804fe0697356972e/screenshot - {}
RESULT: {}
COMMAND: POST /session/fe219389c4a652ed804fe0697356972e/execute/async - {"script":"<script> [1562 bytes]","args":[{"selector":{"id":"application-managehandovers-display-component---AddNewHO--popup-sa","searchOpenDialogs":true,"interaction":{"idSuffix":"CbBg"}},"wdio_ui5_key":"applicationmanagehandovers-display-component---AddNewHO--popup-sa"}]}
RESULT: {"script":"<script> [1562 bytes]","args":[{"selector":{"id":"application-managehandovers-display-component---AddNewHO--popup-sa","searchOpenDialogs":true,"interaction":{"idSuffix":"CbBg"}},"wdio_ui5_key":"applicationmanagehandovers-display-component---AddNewHO--popup-sa"}]}
RESULT: undefined
COMMAND: POST /session/fe219389c4a652ed804fe0697356972e/element - {"using":"xpath","value":"//*[@id=\"application-managehandovers-display-component---AddNewHO--popup-sa\"]"}
RESULT: {"using":"xpath","value":"//*[@id=\"application-managehandovers-display-component---AddNewHO--popup-sa\"]"}
COMMAND: POST /session/fe219389c4a652ed804fe0697356972e/element/f.AE569C338F7BE8C487FB69BDD94B5641.d.4A7B6FCE6CA1B98A5597E6C5D9277AAB.e.4478/click - {}
RESULT: {}
COMMAND: GET /session/fe219389c4a652ed804fe0697356972e/screenshot - {}
RESULT: {}
COMMAND: POST /session/fe219389c4a652ed804fe0697356972e/element - {"using":"xpath","value":"//bdi[contains(text(), \"Select\")]"}
RESULT: {"using":"xpath","value":"//bdi[contains(text(), \"Select\")]"}
COMMAND: POST /session/fe219389c4a652ed804fe0697356972e/element/f.AE569C338F7BE8C487FB69BDD94B5641.d.4A7B6FCE6CA1B98A5597E6C5D9277AAB.e.4479/click - {}
RESULT: {}
COMMAND: GET /session/fe219389c4a652ed804fe0697356972e/screenshot - {}
RESULT: {}
COMMAND: POST /session/fe219389c4a652ed804fe0697356972e/element - {"using":"xpath","value":"//button[@data-kt=\"AddNewHOSaveButton\"]"}
RESULT: {"using":"xpath","value":"//button[@data-kt=\"AddNewHOSaveButton\"]"}
COMMAND: POST /session/fe219389c4a652ed804fe0697356972e/element/f.AE569C338F7BE8C487FB69BDD94B5641.d.4A7B6FCE6CA1B98A5597E6C5D9277AAB.e.4483/click - {}
RESULT: {}
COMMAND: GET /session/fe219389c4a652ed804fe0697356972e/screenshot - {}
RESULT: {}
COMMAND: POST /session/fe219389c4a652ed804fe0697356972e/execute/async - {"script":"<script> [1562 bytes]","args":[{"selector":{"id":"receiptDatePicker","viewName":"etm.portal.ui.managehandovers.view.DetailExecuteHO","interaction":{"idSuffix":"inner"}},"wdio_ui5_key":"receiptDatePickeretmportal.ui.managehandovers.view.DetailExecuteHO"}]}
RESULT: {"script":"<script> [1562 bytes]","args":[{"selector":{"id":"receiptDatePicker","viewName":"etm.portal.ui.managehandovers.view.DetailExecuteHO","interaction":{"idSuffix":"inner"}},"wdio_ui5_key":"receiptDatePickeretmportal.ui.managehandovers.view.DetailExecuteHO"}]}
RESULT: undefined
COMMAND: POST /session/fe219389c4a652ed804fe0697356972e/execute/async - {"script":"<script> [6424 bytes]","args":[{"element-6066-11e4-a52e-4f735466cecf":"f.AE569C338F7BE8C487FB69BDD94B5641.d.4A7B6FCE6CA1B98A5597E6C5D9277AAB.e.4513"},"setValue",["5/29/25"]]}
RESULT: {"script":"<script> [6424 bytes]","args":[{"element-6066-11e4-a52e-4f735466cecf":"f.AE569C338F7BE8C487FB69BDD94B5641.d.4A7B6FCE6CA1B98A5597E6C5D9277AAB.e.4513"},"setValue",["5/29/25"]]}
COMMAND: POST /session/fe219389c4a652ed804fe0697356972e/element - {"using":"xpath","value":"//button[@data-kt=\"ReceivingTableConfirmAllButton\"]"}
RESULT: {"using":"xpath","value":"//button[@data-kt=\"ReceivingTableConfirmAllButton\"]"}
COMMAND: POST /session/fe219389c4a652ed804fe0697356972e/element/f.AE569C338F7BE8C487FB69BDD94B5641.d.4A7B6FCE6CA1B98A5597E6C5D9277AAB.e.4531/click - {}
RESULT: {}
COMMAND: GET /session/fe219389c4a652ed804fe0697356972e/screenshot - {}
RESULT: {}
COMMAND: POST /session/fe219389c4a652ed804fe0697356972e/element - {"using":"xpath","value":"//bdi[contains(text(), \"OK\")]"}
RESULT: {"using":"xpath","value":"//bdi[contains(text(), \"OK\")]"}
COMMAND: POST /session/fe219389c4a652ed804fe0697356972e/element/f.AE569C338F7BE8C487FB69BDD94B5641.d.4A7B6FCE6CA1B98A5597E6C5D9277AAB.e.4533/click - {}
RESULT: {}
COMMAND: GET /session/fe219389c4a652ed804fe0697356972e/screenshot - {}
RESULT: {}
COMMAND: POST /session/fe219389c4a652ed804fe0697356972e/element - {"using":"xpath","value":"(//bdi[contains(text(), \"Receive\")])[2]"}
RESULT: {"using":"xpath","value":"(//bdi[contains(text(), \"Receive\")])[2]"}
COMMAND: POST /session/fe219389c4a652ed804fe0697356972e/element/f.AE569C338F7BE8C487FB69BDD94B5641.d.4A7B6FCE6CA1B98A5597E6C5D9277AAB.e.4535/click - {}
RESULT: {}
COMMAND: GET /session/fe219389c4a652ed804fe0697356972e/screenshot - {}
RESULT: {}
COMMAND: POST /session/fe219389c4a652ed804fe0697356972e/element - {"using":"css selector","value":"#shell-header-logo"}
RESULT: {"using":"css selector","value":"#shell-header-logo"}
COMMAND: POST /session/fe219389c4a652ed804fe0697356972e/element/f.AE569C338F7BE8C487FB69BDD94B5641.d.4A7B6FCE6CA1B98A5597E6C5D9277AAB.e.3895/click - {}
RESULT: {}
COMMAND: GET /session/fe219389c4a652ed804fe0697356972e/screenshot - {}
RESULT: {}
COMMAND: POST /session/fe219389c4a652ed804fe0697356972e/element - {"using":"css selector","value":"#j_username"}
COMMAND: POST /session/fe219389c4a652ed804fe0697356972e/url - {"url":"https://qa-testing-00-live-etm-ui.cfapps.eu10-004.hana.ondemand.com/"}
RESULT: {"using":"css selector","value":"#j_username"}
COMMAND: POST /session/fe219389c4a652ed804fe0697356972e/element - {"using":"css selector","value":"#j_username"}
RESULT: {"url":"https://qa-testing-00-live-etm-ui.cfapps.eu10-004.hana.ondemand.com/"}
RESULT: undefined
COMMAND: GET /session/fe219389c4a652ed804fe0697356972e/screenshot - {}
RESULT: {"using":"css selector","value":"#j_username"}
COMMAND: POST /session/fe219389c4a652ed804fe0697356972e/element - {"using":"css selector","value":"#shell-header-logo"}
RESULT: {}
RESULT: {"using":"css selector","value":"#shell-header-logo"}
COMMAND: POST /session/fe219389c4a652ed804fe0697356972e/execute/sync - {"script":"<script> [8489 bytes]","args":[{"element-6066-11e4-a52e-4f735466cecf":"f.AE569C338F7BE8C487FB69BDD94B5641.d.A09D7D7904DDB4863B33C6DD9EB5858E.e.4717","ELEMENT":"f.AE569C338F7BE8C487FB69BDD94B5641.d.A09D7D7904DDB4863B33C6DD9EB5858E.e.4717"}]}
RESULT: {"script":"<script> [8489 bytes]","args":[{"element-6066-11e4-a52e-4f735466cecf":"f.AE569C338F7BE8C487FB69BDD94B5641.d.A09D7D7904DDB4863B33C6DD9EB5858E.e.4717","ELEMENT":"f.AE569C338F7BE8C487FB69BDD94B5641.d.A09D7D7904DDB4863B33C6DD9EB5858E.e.4717"}]}
COMMAND: POST /session/fe219389c4a652ed804fe0697356972e/element - {"using":"css selector","value":"#shell-header-logo"}
COMMAND: GET /session/fe219389c4a652ed804fe0697356972e/screenshot - {}
RESULT: {"using":"css selector","value":"#shell-header-logo"}
COMMAND: POST /session/fe219389c4a652ed804fe0697356972e/execute/sync - {"script":"<script> [8489 bytes]","args":[{"element-6066-11e4-a52e-4f735466cecf":"f.AE569C338F7BE8C487FB69BDD94B5641.d.A09D7D7904DDB4863B33C6DD9EB5858E.e.4717","ELEMENT":"f.AE569C338F7BE8C487FB69BDD94B5641.d.A09D7D7904DDB4863B33C6DD9EB5858E.e.4717"}]}
RESULT: {}
RESULT: {"script":"<script> [8489 bytes]","args":[{"element-6066-11e4-a52e-4f735466cecf":"f.AE569C338F7BE8C487FB69BDD94B5641.d.A09D7D7904DDB4863B33C6DD9EB5858E.e.4717","ELEMENT":"f.AE569C338F7BE8C487FB69BDD94B5641.d.A09D7D7904DDB4863B33C6DD9EB5858E.e.4717"}]}
COMMAND: POST /session/fe219389c4a652ed804fe0697356972e/execute/sync - {"script":"<script> [5351 bytes]","args":[{"element-6066-11e4-a52e-4f735466cecf":"f.AE569C338F7BE8C487FB69BDD94B5641.d.A09D7D7904DDB4863B33C6DD9EB5858E.e.4717","ELEMENT":"f.AE569C338F7BE8C487FB69BDD94B5641.d.A09D7D7904DDB4863B33C6DD9EB5858E.e.4717"}]}
COMMAND: GET /session/fe219389c4a652ed804fe0697356972e/screenshot - {}
RESULT: {"script":"<script> [5351 bytes]","args":[{"element-6066-11e4-a52e-4f735466cecf":"f.AE569C338F7BE8C487FB69BDD94B5641.d.A09D7D7904DDB4863B33C6DD9EB5858E.e.4717","ELEMENT":"f.AE569C338F7BE8C487FB69BDD94B5641.d.A09D7D7904DDB4863B33C6DD9EB5858E.e.4717"}]}
COMMAND: POST /session/fe219389c4a652ed804fe0697356972e/element - {"using":"css selector","value":"#shell-header-logo"}
COMMAND: GET /session/fe219389c4a652ed804fe0697356972e/screenshot - {}
RESULT: {}
RESULT: {"using":"css selector","value":"#shell-header-logo"}
COMMAND: POST /session/fe219389c4a652ed804fe0697356972e/element/f.AE569C338F7BE8C487FB69BDD94B5641.d.A09D7D7904DDB4863B33C6DD9EB5858E.e.4717/click - {}
RESULT: {}
RESULT: {}
COMMAND: GET /session/fe219389c4a652ed804fe0697356972e/screenshot - {}
RESULT: {}
COMMAND: POST /session/fe219389c4a652ed804fe0697356972e/execute/async - {"script":"<script> [189 bytes]","args":[]}
RESULT: {"script":"<script> [189 bytes]","args":[]}
COMMAND: POST /session/fe219389c4a652ed804fe0697356972e/execute/async - {"script":"<script> [123 bytes]","args":[]}
RESULT: {"script":"<script> [123 bytes]","args":[]}
COMMAND: POST /session/fe219389c4a652ed804fe0697356972e/timeouts - {"script":"<number>"}
RESULT: {"script":"<number>"}
COMMAND: GET /session/fe219389c4a652ed804fe0697356972e/timeouts - {}
RESULT: {}
RESULT: undefined
COMMAND: POST /session/fe219389c4a652ed804fe0697356972e/execute/async - {"script":"<script> [2676 bytes]","args":[]}
RESULT: {"script":"<script> [2676 bytes]","args":[]}
COMMAND: POST /session/fe219389c4a652ed804fe0697356972e/execute/async - {"script":"<script> [2342 bytes]","args":[{"protocol":"http","hostname":"0.0.0.0","path":"/","capabilities":{"browserName":"chrome","goog:chromeOptions":{"binary":"C:\\Program Files\\Google\\Chrome\\Application\\chrome.exe","args":["--start-maximized"]}},"logLevel":"warn","connectionRetryTimeout":120000,"connectionRetryCount":3,"logLevels":{},"enableDirectConnect":true,"strictSSL":true,"_":"65 more keys: [\"cacheDir\",\"port\",\"requestedCapabilities\",\"automationProtocol\",\"baseUrl\",\"waitforInterval\",\"waitforTimeout\",\"onReload\",\"beforeCommand\",\"afterCommand\",\"rootDir\",\"specs\",\"suites\",\"exclude\",\"groupLogsByTestSpec\",\"excludeDriverLogs\",\"bail\",\"framework\",\"reporters\",\"services\",\"maxInstances\",\"maxInstancesPerCapability\",\"injectGlobals\",\"filesToWatch\",\"execArgv\",\"runnerEnv\",\"runner\",\"shard\",\"specFileRetries\",\"specFileRetriesDelay\",\"specFileRetriesDeferred\",\"reporterSyncInterval\",\"reporterSyncTimeout\",\"cucumberFeaturesWithLineNumbers\",\"autoCompileOpts\",\"mochaOpts\",\"jasmineOpts\",\"cucumberOpts\",\"onPrepare\",\"onWorkerStart\",\"onWorkerEnd\",\"before\",\"beforeSession\",\"beforeSuite\",\"beforeHook\",\"beforeTest\",\"afterTest\",\"afterHook\",\"afterSuite\",\"afterSession\",\"after\",\"onComplete\",\"beforeAssertion\",\"afterAssertion\",\"beforeFeature\",\"beforeScenario\",\"beforeStep\",\"afterStep\",\"afterScenario\",\"afterFeature\",\"_\",\"suite\",\"$0\",\"ignoredWorkerServices\",\"wdi5\"]"}]}
RESULT: {"script":"<script> [2342 bytes]","args":[{"protocol":"http","hostname":"0.0.0.0","path":"/","capabilities":{"browserName":"chrome","goog:chromeOptions":{"binary":"C:\\Program Files\\Google\\Chrome\\Application\\chrome.exe","args":["--start-maximized"]}},"logLevel":"warn","connectionRetryTimeout":120000,"connectionRetryCount":3,"logLevels":{},"enableDirectConnect":true,"strictSSL":true,"_":"65 more keys: [\"cacheDir\",\"port\",\"requestedCapabilities\",\"automationProtocol\",\"baseUrl\",\"waitforInterval\",\"waitforTimeout\",\"onReload\",\"beforeCommand\",\"afterCommand\",\"rootDir\",\"specs\",\"suites\",\"exclude\",\"groupLogsByTestSpec\",\"excludeDriverLogs\",\"bail\",\"framework\",\"reporters\",\"services\",\"maxInstances\",\"maxInstancesPerCapability\",\"injectGlobals\",\"filesToWatch\",\"execArgv\",\"runnerEnv\",\"runner\",\"shard\",\"specFileRetries\",\"specFileRetriesDelay\",\"specFileRetriesDeferred\",\"reporterSyncInterval\",\"reporterSyncTimeout\",\"cucumberFeaturesWithLineNumbers\",\"autoCompileOpts\",\"mochaOpts\",\"jasmineOpts\",\"cucumberOpts\",\"onPrepare\",\"onWorkerStart\",\"onWorkerEnd\",\"before\",\"beforeSession\",\"beforeSuite\",\"beforeHook\",\"beforeTest\",\"afterTest\",\"afterHook\",\"afterSuite\",\"afterSession\",\"after\",\"onComplete\",\"beforeAssertion\",\"afterAssertion\",\"beforeFeature\",\"beforeScenario\",\"beforeStep\",\"afterStep\",\"afterScenario\",\"afterFeature\",\"_\",\"suite\",\"$0\",\"ignoredWorkerServices\",\"wdi5\"]"}]}
COMMAND: POST /session/fe219389c4a652ed804fe0697356972e/execute/async - {"script":"<script> [21126 bytes]","args":[35000]}
RESULT: {"script":"<script> [21126 bytes]","args":[35000]}
COMMAND: POST /session/fe219389c4a652ed804fe0697356972e/window/maximize - {}
RESULT: {}
COMMAND: POST /session/fe219389c4a652ed804fe0697356972e/execute/async - {"script":"<script> [1562 bytes]","args":[{"selector":{"id":"shell-header","interaction":{"idSuffix":"icon"}},"wdio_ui5_key":"shellheader"}]}
COMMAND: GET /session/fe219389c4a652ed804fe0697356972e/screenshot - {}
RESULT: {"script":"<script> [1562 bytes]","args":[{"selector":{"id":"shell-header","interaction":{"idSuffix":"icon"}},"wdio_ui5_key":"shellheader"}]}
RESULT: undefined
COMMAND: POST /session/fe219389c4a652ed804fe0697356972e/window/fullscreen - {}
RESULT: {}
RESULT: {}
]]></system-out>
    </testcase>
  </testsuite>
  <testsuite timestamp="2025-05-29T16:29:10" time="137.814" tests="6" failures="0" errors="0" skipped="0">
    <properties>
      <property name="specId" value="0"/>
      <property name="suiteName" value="Provide to Site w/ warehouse management w/ clarification US115878"/>
      <property name="capabilities" value="chrome.136_0_7103_93.windows"/>
      <property name="file" value="file:///D:/a/1/s/test/specs/HTR/provide-to-site-w-warehouse-w-clarification.spec.js"/>
    </properties>
    <testcase classname="chrome.136_0_7103_93.windows.Provide_to_Site_w/_warehouse_management_w/_clarification_US115878" name="Should create a new WHM yard" time="0.011">
      <system-out><![CDATA[
COMMAND: POST /session/fe219389c4a652ed804fe0697356972e/window/fullscreen - {}
RESULT: {}
]]></system-out>
    </testcase>
    <testcase classname="chrome.136_0_7103_93.windows.Provide_to_Site_w/_warehouse_management_w/_clarification_US115878" name="Should create a new external WHM partner" time="0.007"/>
    <testcase classname="chrome.136_0_7103_93.windows.Provide_to_Site_w/_warehouse_management_w/_clarification_US115878" name="Should create a new WHM site" time="0.003"/>
    <testcase classname="chrome.136_0_7103_93.windows.Provide_to_Site_w/_warehouse_management_w/_clarification_US115878" name="Should create a new material" time="124.47">
      <system-out><![CDATA[
COMMAND: POST /session/fe219389c4a652ed804fe0697356972e/execute/async - {"script":"<script> [1562 bytes]","args":[{"selector":{"controlType":"sap.m.GenericTile","properties":{"header":"Manage Resources"}},"wdio_ui5_key":"sapm.GenericTile{\"header\":\"Manage Resources\"}"}]}
RESULT: {"script":"<script> [1562 bytes]","args":[{"selector":{"controlType":"sap.m.GenericTile","properties":{"header":"Manage Resources"}},"wdio_ui5_key":"sapm.GenericTile{\"header\":\"Manage Resources\"}"}]}
RESULT: undefined
COMMAND: POST /session/fe219389c4a652ed804fe0697356972e/element - {"using":"xpath","value":"//*[@id=\"__tile31\"]"}
RESULT: {"using":"xpath","value":"//*[@id=\"__tile31\"]"}
COMMAND: POST /session/fe219389c4a652ed804fe0697356972e/element/f.AE569C338F7BE8C487FB69BDD94B5641.d.A09D7D7904DDB4863B33C6DD9EB5858E.e.4737/click - {}
RESULT: {}
COMMAND: GET /session/fe219389c4a652ed804fe0697356972e/screenshot - {}
RESULT: {}
COMMAND: POST /session/fe219389c4a652ed804fe0697356972e/elements - {"using":"xpath","value":"//span[text()='Error']"}
RESULT: {"using":"xpath","value":"//span[text()='Error']"}
COMMAND: POST /session/fe219389c4a652ed804fe0697356972e/element - {"using":"xpath","value":"//button[@data-kt=\"addNewRUOverflowToolbarButton\"]"}
RESULT: {"using":"xpath","value":"//button[@data-kt=\"addNewRUOverflowToolbarButton\"]"}
COMMAND: POST /session/fe219389c4a652ed804fe0697356972e/elements - {"using":"xpath","value":"//button[@data-kt=\"addNewRUOverflowToolbarButton\"]"}
RESULT: {"using":"xpath","value":"//button[@data-kt=\"addNewRUOverflowToolbarButton\"]"}
COMMAND: POST /session/fe219389c4a652ed804fe0697356972e/elements - {"using":"xpath","value":"//button[@data-kt=\"addNewRUOverflowToolbarButton\"]"}
RESULT: {"using":"xpath","value":"//button[@data-kt=\"addNewRUOverflowToolbarButton\"]"}
COMMAND: POST /session/fe219389c4a652ed804fe0697356972e/element - {"using":"xpath","value":"//button[@data-kt=\"addNewRUOverflowToolbarButton\"]"}
RESULT: {"using":"xpath","value":"//button[@data-kt=\"addNewRUOverflowToolbarButton\"]"}
COMMAND: POST /session/fe219389c4a652ed804fe0697356972e/execute/sync - {"script":"<script> [8489 bytes]","args":[{"element-6066-11e4-a52e-4f735466cecf":"f.AE569C338F7BE8C487FB69BDD94B5641.d.A09D7D7904DDB4863B33C6DD9EB5858E.e.4867","ELEMENT":"f.AE569C338F7BE8C487FB69BDD94B5641.d.A09D7D7904DDB4863B33C6DD9EB5858E.e.4867"}]}
RESULT: {"script":"<script> [8489 bytes]","args":[{"element-6066-11e4-a52e-4f735466cecf":"f.AE569C338F7BE8C487FB69BDD94B5641.d.A09D7D7904DDB4863B33C6DD9EB5858E.e.4867","ELEMENT":"f.AE569C338F7BE8C487FB69BDD94B5641.d.A09D7D7904DDB4863B33C6DD9EB5858E.e.4867"}]}
COMMAND: GET /session/fe219389c4a652ed804fe0697356972e/element/f.AE569C338F7BE8C487FB69BDD94B5641.d.A09D7D7904DDB4863B33C6DD9EB5858E.e.4867/enabled - {}
COMMAND: GET /session/fe219389c4a652ed804fe0697356972e/screenshot - {}
RESULT: {}
COMMAND: POST /session/fe219389c4a652ed804fe0697356972e/execute/sync - {"script":"<script> [8489 bytes]","args":[{"element-6066-11e4-a52e-4f735466cecf":"f.AE569C338F7BE8C487FB69BDD94B5641.d.A09D7D7904DDB4863B33C6DD9EB5858E.e.4867","ELEMENT":"f.AE569C338F7BE8C487FB69BDD94B5641.d.A09D7D7904DDB4863B33C6DD9EB5858E.e.4867"}]}
COMMAND: GET /session/fe219389c4a652ed804fe0697356972e/screenshot - {}
RESULT: {}
RESULT: {"script":"<script> [8489 bytes]","args":[{"element-6066-11e4-a52e-4f735466cecf":"f.AE569C338F7BE8C487FB69BDD94B5641.d.A09D7D7904DDB4863B33C6DD9EB5858E.e.4867","ELEMENT":"f.AE569C338F7BE8C487FB69BDD94B5641.d.A09D7D7904DDB4863B33C6DD9EB5858E.e.4867"}]}
COMMAND: POST /session/fe219389c4a652ed804fe0697356972e/execute/sync - {"script":"<script> [5351 bytes]","args":[{"element-6066-11e4-a52e-4f735466cecf":"f.AE569C338F7BE8C487FB69BDD94B5641.d.A09D7D7904DDB4863B33C6DD9EB5858E.e.4867","ELEMENT":"f.AE569C338F7BE8C487FB69BDD94B5641.d.A09D7D7904DDB4863B33C6DD9EB5858E.e.4867"}]}
COMMAND: GET /session/fe219389c4a652ed804fe0697356972e/screenshot - {}
RESULT: {}
RESULT: {"script":"<script> [5351 bytes]","args":[{"element-6066-11e4-a52e-4f735466cecf":"f.AE569C338F7BE8C487FB69BDD94B5641.d.A09D7D7904DDB4863B33C6DD9EB5858E.e.4867","ELEMENT":"f.AE569C338F7BE8C487FB69BDD94B5641.d.A09D7D7904DDB4863B33C6DD9EB5858E.e.4867"}]}
COMMAND: POST /session/fe219389c4a652ed804fe0697356972e/element/f.AE569C338F7BE8C487FB69BDD94B5641.d.A09D7D7904DDB4863B33C6DD9EB5858E.e.4867/click - {}
COMMAND: GET /session/fe219389c4a652ed804fe0697356972e/screenshot - {}
RESULT: {}
RESULT: {}
COMMAND: GET /session/fe219389c4a652ed804fe0697356972e/screenshot - {}
RESULT: {}
COMMAND: POST /session/fe219389c4a652ed804fe0697356972e/execute/async - {"script":"<script> [1562 bytes]","args":[{"selector":{"id":"application-manageresources-display-component---newResourceUnit--TYPE-arrow"},"wdio_ui5_key":"applicationmanageresources-display-component---newResourceUnit--TYPE-arrow"}]}
RESULT: {}
RESULT: {"script":"<script> [1562 bytes]","args":[{"selector":{"id":"application-manageresources-display-component---newResourceUnit--TYPE-arrow"},"wdio_ui5_key":"applicationmanageresources-display-component---newResourceUnit--TYPE-arrow"}]}
RESULT: undefined
COMMAND: POST /session/fe219389c4a652ed804fe0697356972e/element - {"using":"xpath","value":"//*[@id=\"application-manageresources-display-component---newResourceUnit--TYPE-arrow\"]"}
RESULT: {"using":"xpath","value":"//*[@id=\"application-manageresources-display-component---newResourceUnit--TYPE-arrow\"]"}
COMMAND: POST /session/fe219389c4a652ed804fe0697356972e/element/f.AE569C338F7BE8C487FB69BDD94B5641.d.A09D7D7904DDB4863B33C6DD9EB5858E.e.5037/click - {}
RESULT: {}
COMMAND: POST /session/fe219389c4a652ed804fe0697356972e/element - {"using":"xpath","value":"//input[@id=\"application-manageresources-display-component---newResourceUnit--TYPE-inner\"]"}
COMMAND: GET /session/fe219389c4a652ed804fe0697356972e/screenshot - {}
RESULT: {"using":"xpath","value":"//input[@id=\"application-manageresources-display-component---newResourceUnit--TYPE-inner\"]"}
COMMAND: POST /session/fe219389c4a652ed804fe0697356972e/element/f.AE569C338F7BE8C487FB69BDD94B5641.d.A09D7D7904DDB4863B33C6DD9EB5858E.e.4919/clear - {}
RESULT: {}
RESULT: {}
COMMAND: POST /session/fe219389c4a652ed804fe0697356972e/element/f.AE569C338F7BE8C487FB69BDD94B5641.d.A09D7D7904DDB4863B33C6DD9EB5858E.e.4919/value - {"text":"Material"}
COMMAND: GET /session/fe219389c4a652ed804fe0697356972e/screenshot - {}
RESULT: {"text":"Material"}
COMMAND: GET /session/fe219389c4a652ed804fe0697356972e/screenshot - {}
RESULT: {}
RESULT: {}
COMMAND: POST /session/fe219389c4a652ed804fe0697356972e/actions - {"actions":[{"id":"action17","type":"key","parameters":{},"actions":[{"type":"keyDown","value":""},{"type":"pause","duration":10},{"type":"keyUp","value":""}]}]}
RESULT: {"actions":[{"id":"action17","type":"key","parameters":{},"actions":[{"type":"keyDown","value":""},{"type":"pause","duration":10},{"type":"keyUp","value":""}]}]}
COMMAND: POST /session/fe219389c4a652ed804fe0697356972e/execute/async - {"script":"<script> [1562 bytes]","args":[{"selector":{"id":"application-manageresources-display-component---newResourceUnit--SHORT_TEXT","interaction":{"idSuffix":"inner"}},"wdio_ui5_key":"applicationmanageresources-display-component---newResourceUnit--SHORT_TEXT"}]}
COMMAND: GET /session/fe219389c4a652ed804fe0697356972e/screenshot - {}
RESULT: {"script":"<script> [1562 bytes]","args":[{"selector":{"id":"application-manageresources-display-component---newResourceUnit--SHORT_TEXT","interaction":{"idSuffix":"inner"}},"wdio_ui5_key":"applicationmanageresources-display-component---newResourceUnit--SHORT_TEXT"}]}
RESULT: undefined
COMMAND: POST /session/fe219389c4a652ed804fe0697356972e/execute/async - {"script":"<script> [776 bytes]","args":[{"enterText":"Cement WDIO","selector":{"id":"application-manageresources-display-component---newResourceUnit--SHORT_TEXT","interaction":{"idSuffix":"inner"}},"clearTextFirst":true,"interactionType":"ENTER_TEXT"}]}
RESULT: {}
RESULT: {"script":"<script> [776 bytes]","args":[{"enterText":"Cement WDIO","selector":{"id":"application-manageresources-display-component---newResourceUnit--SHORT_TEXT","interaction":{"idSuffix":"inner"}},"clearTextFirst":true,"interactionType":"ENTER_TEXT"}]}
COMMAND: POST /session/fe219389c4a652ed804fe0697356972e/execute/async - {"script":"<script> [1562 bytes]","args":[{"selector":{"id":"application-manageresources-display-component---newResourceUnit--BASE_UNIT_OF_MEASURE","interaction":{"idSuffix":"inner"}},"wdio_ui5_key":"applicationmanageresources-display-component---newResourceUnit--BASE_UNIT_OF_MEASURE"}]}
RESULT: {"script":"<script> [1562 bytes]","args":[{"selector":{"id":"application-manageresources-display-component---newResourceUnit--BASE_UNIT_OF_MEASURE","interaction":{"idSuffix":"inner"}},"wdio_ui5_key":"applicationmanageresources-display-component---newResourceUnit--BASE_UNIT_OF_MEASURE"}]}
RESULT: undefined
COMMAND: POST /session/fe219389c4a652ed804fe0697356972e/execute/async - {"script":"<script> [776 bytes]","args":[{"enterText":"Piece","selector":{"id":"application-manageresources-display-component---newResourceUnit--BASE_UNIT_OF_MEASURE","interaction":{"idSuffix":"inner"}},"clearTextFirst":true,"interactionType":"ENTER_TEXT"}]}
RESULT: {"script":"<script> [776 bytes]","args":[{"enterText":"Piece","selector":{"id":"application-manageresources-display-component---newResourceUnit--BASE_UNIT_OF_MEASURE","interaction":{"idSuffix":"inner"}},"clearTextFirst":true,"interactionType":"ENTER_TEXT"}]}
COMMAND: POST /session/fe219389c4a652ed804fe0697356972e/execute/async - {"script":"<script> [1562 bytes]","args":[{"selector":{"id":"application-manageresources-display-component---newResourceUnit--WEIGHT_UNIT","interaction":{"idSuffix":"inner"}},"wdio_ui5_key":"applicationmanageresources-display-component---newResourceUnit--WEIGHT_UNIT"}]}
RESULT: {"script":"<script> [1562 bytes]","args":[{"selector":{"id":"application-manageresources-display-component---newResourceUnit--WEIGHT_UNIT","interaction":{"idSuffix":"inner"}},"wdio_ui5_key":"applicationmanageresources-display-component---newResourceUnit--WEIGHT_UNIT"}]}
RESULT: undefined
COMMAND: POST /session/fe219389c4a652ed804fe0697356972e/execute/async - {"script":"<script> [776 bytes]","args":[{"enterText":"Gram","selector":{"id":"application-manageresources-display-component---newResourceUnit--WEIGHT_UNIT","interaction":{"idSuffix":"inner"}},"clearTextFirst":true,"interactionType":"ENTER_TEXT"}]}
RESULT: {"script":"<script> [776 bytes]","args":[{"enterText":"Gram","selector":{"id":"application-manageresources-display-component---newResourceUnit--WEIGHT_UNIT","interaction":{"idSuffix":"inner"}},"clearTextFirst":true,"interactionType":"ENTER_TEXT"}]}
COMMAND: POST /session/fe219389c4a652ed804fe0697356972e/execute/async - {"script":"<script> [1562 bytes]","args":[{"selector":{"id":"application-manageresources-display-component---newResourceUnit--DIMENSION_UNIT","interaction":{"idSuffix":"inner"}},"wdio_ui5_key":"applicationmanageresources-display-component---newResourceUnit--DIMENSION_UNIT"}]}
RESULT: {"script":"<script> [1562 bytes]","args":[{"selector":{"id":"application-manageresources-display-component---newResourceUnit--DIMENSION_UNIT","interaction":{"idSuffix":"inner"}},"wdio_ui5_key":"applicationmanageresources-display-component---newResourceUnit--DIMENSION_UNIT"}]}
RESULT: undefined
COMMAND: POST /session/fe219389c4a652ed804fe0697356972e/execute/async - {"script":"<script> [776 bytes]","args":[{"enterText":"Meter","selector":{"id":"application-manageresources-display-component---newResourceUnit--DIMENSION_UNIT","interaction":{"idSuffix":"inner"}},"clearTextFirst":true,"interactionType":"ENTER_TEXT"}]}
RESULT: {"script":"<script> [776 bytes]","args":[{"enterText":"Meter","selector":{"id":"application-manageresources-display-component---newResourceUnit--DIMENSION_UNIT","interaction":{"idSuffix":"inner"}},"clearTextFirst":true,"interactionType":"ENTER_TEXT"}]}
COMMAND: POST /session/fe219389c4a652ed804fe0697356972e/execute/async - {"script":"<script> [1562 bytes]","args":[{"selector":{"id":"application-manageresources-display-component---newResourceUnit--newRRUPage-anchBar-application-manageresources-display-component---newResourceUnit--control-anchor","interaction":{"idSuffix":"BDI-content"}},"wdio_ui5_key":"applicationmanageresources-display-component---newResourceUnit--newRRUPage-anchBar-application-manageresources-display-component---newResourceUnit--control-anchor"}]}
RESULT: {"script":"<script> [1562 bytes]","args":[{"selector":{"id":"application-manageresources-display-component---newResourceUnit--newRRUPage-anchBar-application-manageresources-display-component---newResourceUnit--control-anchor","interaction":{"idSuffix":"BDI-content"}},"wdio_ui5_key":"applicationmanageresources-display-component---newResourceUnit--newRRUPage-anchBar-application-manageresources-display-component---newResourceUnit--control-anchor"}]}
RESULT: undefined
COMMAND: POST /session/fe219389c4a652ed804fe0697356972e/element - {"using":"xpath","value":"//*[@id=\"application-manageresources-display-component---newResourceUnit--newRRUPage-anchBar-application-manageresources-display-component---newResourceUnit--control-anchor\"]"}
RESULT: {"using":"xpath","value":"//*[@id=\"application-manageresources-display-component---newResourceUnit--newRRUPage-anchBar-application-manageresources-display-component---newResourceUnit--control-anchor\"]"}
COMMAND: POST /session/fe219389c4a652ed804fe0697356972e/element/f.AE569C338F7BE8C487FB69BDD94B5641.d.A09D7D7904DDB4863B33C6DD9EB5858E.e.5169/click - {}
RESULT: {}
COMMAND: POST /session/fe219389c4a652ed804fe0697356972e/execute/async - {"script":"<script> [1562 bytes]","args":[{"selector":{"id":"application-manageresources-display-component---newResourceUnit--PLANNING_GROUP","interaction":{"idSuffix":"inner"}},"wdio_ui5_key":"applicationmanageresources-display-component---newResourceUnit--PLANNING_GROUP"}]}
COMMAND: GET /session/fe219389c4a652ed804fe0697356972e/screenshot - {}
RESULT: {"script":"<script> [1562 bytes]","args":[{"selector":{"id":"application-manageresources-display-component---newResourceUnit--PLANNING_GROUP","interaction":{"idSuffix":"inner"}},"wdio_ui5_key":"applicationmanageresources-display-component---newResourceUnit--PLANNING_GROUP"}]}
RESULT: undefined
COMMAND: POST /session/fe219389c4a652ed804fe0697356972e/execute/async - {"script":"<script> [776 bytes]","args":[{"enterText":"Material","selector":{"id":"application-manageresources-display-component---newResourceUnit--PLANNING_GROUP","interaction":{"idSuffix":"inner"}},"clearTextFirst":true,"interactionType":"ENTER_TEXT"}]}
RESULT: {}
RESULT: {"script":"<script> [776 bytes]","args":[{"enterText":"Material","selector":{"id":"application-manageresources-display-component---newResourceUnit--PLANNING_GROUP","interaction":{"idSuffix":"inner"}},"clearTextFirst":true,"interactionType":"ENTER_TEXT"}]}
COMMAND: POST /session/fe219389c4a652ed804fe0697356972e/execute/async - {"script":"<script> [1562 bytes]","args":[{"selector":{"id":"application-manageresources-display-component---newResourceUnit--PLANNING_INDICATOR","interaction":{"idSuffix":"inner"}},"wdio_ui5_key":"applicationmanageresources-display-component---newResourceUnit--PLANNING_INDICATOR"}]}
RESULT: {"script":"<script> [1562 bytes]","args":[{"selector":{"id":"application-manageresources-display-component---newResourceUnit--PLANNING_INDICATOR","interaction":{"idSuffix":"inner"}},"wdio_ui5_key":"applicationmanageresources-display-component---newResourceUnit--PLANNING_INDICATOR"}]}
RESULT: undefined
COMMAND: POST /session/fe219389c4a652ed804fe0697356972e/execute/async - {"script":"<script> [776 bytes]","args":[{"enterText":"10 - infinite","selector":{"id":"application-manageresources-display-component---newResourceUnit--PLANNING_INDICATOR","interaction":{"idSuffix":"inner"}},"clearTextFirst":true,"interactionType":"ENTER_TEXT"}]}
RESULT: {"script":"<script> [776 bytes]","args":[{"enterText":"10 - infinite","selector":{"id":"application-manageresources-display-component---newResourceUnit--PLANNING_INDICATOR","interaction":{"idSuffix":"inner"}},"clearTextFirst":true,"interactionType":"ENTER_TEXT"}]}
COMMAND: POST /session/fe219389c4a652ed804fe0697356972e/element - {"using":"css selector","value":"#application-manageresources-display-component---newResourceUnit--btnAddTimeSegment"}
RESULT: {"using":"css selector","value":"#application-manageresources-display-component---newResourceUnit--btnAddTimeSegment"}
COMMAND: GET /session/fe219389c4a652ed804fe0697356972e/element/f.AE569C338F7BE8C487FB69BDD94B5641.d.A09D7D7904DDB4863B33C6DD9EB5858E.e.5179/rect - {}
RESULT: {}
COMMAND: GET /session/fe219389c4a652ed804fe0697356972e/window/rect - {}
RESULT: {}
COMMAND: POST /session/fe219389c4a652ed804fe0697356972e/execute/sync - {"script":"<script> [92 bytes]","args":[]}
RESULT: {"script":"<script> [92 bytes]","args":[]}
COMMAND: POST /session/fe219389c4a652ed804fe0697356972e/actions - {"actions":[{"id":"action18","type":"wheel","parameters":{},"actions":[{"type":"scroll","x":-1888,"y":-32,"deltaX":0,"deltaY":0,"duration":0,"origin":{"element-6066-11e4-a52e-4f735466cecf":"f.AE569C338F7BE8C487FB69BDD94B5641.d.A09D7D7904DDB4863B33C6DD9EB5858E.e.5179"}}]}]}
COMMAND: GET /session/fe219389c4a652ed804fe0697356972e/screenshot - {}
RESULT: {}
COMMAND: POST /session/fe219389c4a652ed804fe0697356972e/execute/sync - {"script":"<script> [79 bytes]","args":[{"element-6066-11e4-a52e-4f735466cecf":"f.AE569C338F7BE8C487FB69BDD94B5641.d.A09D7D7904DDB4863B33C6DD9EB5858E.e.5179","ELEMENT":"f.AE569C338F7BE8C487FB69BDD94B5641.d.A09D7D7904DDB4863B33C6DD9EB5858E.e.5179"},{"block":"start","inline":"nearest"}]}
RESULT: {"script":"<script> [79 bytes]","args":[{"element-6066-11e4-a52e-4f735466cecf":"f.AE569C338F7BE8C487FB69BDD94B5641.d.A09D7D7904DDB4863B33C6DD9EB5858E.e.5179","ELEMENT":"f.AE569C338F7BE8C487FB69BDD94B5641.d.A09D7D7904DDB4863B33C6DD9EB5858E.e.5179"},{"block":"start","inline":"nearest"}]}
COMMAND: POST /session/fe219389c4a652ed804fe0697356972e/execute/async - {"script":"<script> [1562 bytes]","args":[{"selector":{"id":"application-manageresources-display-component---newResourceUnit--btnAddTimeSegment","interaction":{"idSuffix":"inner"}},"wdio_ui5_key":"applicationmanageresources-display-component---newResourceUnit--btnAddTimeSegment"}]}
COMMAND: GET /session/fe219389c4a652ed804fe0697356972e/screenshot - {}
RESULT: {"script":"<script> [1562 bytes]","args":[{"selector":{"id":"application-manageresources-display-component---newResourceUnit--btnAddTimeSegment","interaction":{"idSuffix":"inner"}},"wdio_ui5_key":"applicationmanageresources-display-component---newResourceUnit--btnAddTimeSegment"}]}
RESULT: undefined
COMMAND: POST /session/fe219389c4a652ed804fe0697356972e/element - {"using":"xpath","value":"//*[@id=\"application-manageresources-display-component---newResourceUnit--btnAddTimeSegment\"]"}
RESULT: {}
RESULT: {"using":"xpath","value":"//*[@id=\"application-manageresources-display-component---newResourceUnit--btnAddTimeSegment\"]"}
COMMAND: POST /session/fe219389c4a652ed804fe0697356972e/element/f.AE569C338F7BE8C487FB69BDD94B5641.d.A09D7D7904DDB4863B33C6DD9EB5858E.e.5179/click - {}
RESULT: {}
COMMAND: GET /session/fe219389c4a652ed804fe0697356972e/screenshot - {}
RESULT: {}
COMMAND: POST /session/fe219389c4a652ed804fe0697356972e/element - {"using":"xpath","value":"//input[@id=\"application-manageresources-display-component---newResourceUnit--idRuTSAdmin-application-manageresources-display-component---newResourceUnit--RUTimeSegment-0-inner\"]"}
RESULT: {"using":"xpath","value":"//input[@id=\"application-manageresources-display-component---newResourceUnit--idRuTSAdmin-application-manageresources-display-component---newResourceUnit--RUTimeSegment-0-inner\"]"}
COMMAND: POST /session/fe219389c4a652ed804fe0697356972e/element/f.AE569C338F7BE8C487FB69BDD94B5641.d.A09D7D7904DDB4863B33C6DD9EB5858E.e.5184/clear - {}
RESULT: {}
COMMAND: POST /session/fe219389c4a652ed804fe0697356972e/element/f.AE569C338F7BE8C487FB69BDD94B5641.d.A09D7D7904DDB4863B33C6DD9EB5858E.e.5184/value - {"text":"462"}
COMMAND: GET /session/fe219389c4a652ed804fe0697356972e/screenshot - {}
RESULT: {"text":"462"}
COMMAND: GET /session/fe219389c4a652ed804fe0697356972e/screenshot - {}
RESULT: {}
RESULT: {}
COMMAND: POST /session/fe219389c4a652ed804fe0697356972e/element - {"using":"xpath","value":"//li[.//span[text()='462']]"}
RESULT: {"using":"xpath","value":"//li[.//span[text()='462']]"}
COMMAND: POST /session/fe219389c4a652ed804fe0697356972e/element/f.AE569C338F7BE8C487FB69BDD94B5641.d.A09D7D7904DDB4863B33C6DD9EB5858E.e.5193/click - {}
RESULT: {}
COMMAND: GET /session/fe219389c4a652ed804fe0697356972e/screenshot - {}
RESULT: {}
COMMAND: POST /session/fe219389c4a652ed804fe0697356972e/element - {"using":"xpath","value":"(//span[contains(@id, \"-application-manageresources-display-component---newResourceUnit--RUTimeSegment-0-arrow\")])[2]"}
RESULT: {"using":"xpath","value":"(//span[contains(@id, \"-application-manageresources-display-component---newResourceUnit--RUTimeSegment-0-arrow\")])[2]"}
COMMAND: POST /session/fe219389c4a652ed804fe0697356972e/element/f.AE569C338F7BE8C487FB69BDD94B5641.d.A09D7D7904DDB4863B33C6DD9EB5858E.e.5194/click - {}
RESULT: {}
COMMAND: POST /session/fe219389c4a652ed804fe0697356972e/element - {"using":"xpath","value":"//span[contains(text(), \"PM Order\")]"}
COMMAND: GET /session/fe219389c4a652ed804fe0697356972e/screenshot - {}
RESULT: {"using":"xpath","value":"//span[contains(text(), \"PM Order\")]"}
COMMAND: POST /session/fe219389c4a652ed804fe0697356972e/element/f.AE569C338F7BE8C487FB69BDD94B5641.d.A09D7D7904DDB4863B33C6DD9EB5858E.e.5195/click - {}
RESULT: {}
RESULT: {}
COMMAND: GET /session/fe219389c4a652ed804fe0697356972e/screenshot - {}
RESULT: {}
COMMAND: POST /session/fe219389c4a652ed804fe0697356972e/element - {"using":"xpath","value":"//td/div/div/div/span[contains(@id, \"newResourceUnit--RUTimeSegment-0-vhi\")][1]"}
RESULT: {"using":"xpath","value":"//td/div/div/div/span[contains(@id, \"newResourceUnit--RUTimeSegment-0-vhi\")][1]"}
COMMAND: GET /session/fe219389c4a652ed804fe0697356972e/element/f.AE569C338F7BE8C487FB69BDD94B5641.d.A09D7D7904DDB4863B33C6DD9EB5858E.e.5199/rect - {}
RESULT: {}
COMMAND: GET /session/fe219389c4a652ed804fe0697356972e/window/rect - {}
RESULT: {}
COMMAND: POST /session/fe219389c4a652ed804fe0697356972e/execute/sync - {"script":"<script> [92 bytes]","args":[]}
RESULT: {"script":"<script> [92 bytes]","args":[]}
COMMAND: POST /session/fe219389c4a652ed804fe0697356972e/actions - {"actions":[{"id":"action19","type":"wheel","parameters":{},"actions":[{"type":"scroll","x":-1888,"y":-24,"deltaX":0,"deltaY":0,"duration":0,"origin":{"element-6066-11e4-a52e-4f735466cecf":"f.AE569C338F7BE8C487FB69BDD94B5641.d.A09D7D7904DDB4863B33C6DD9EB5858E.e.5199"}}]}]}
COMMAND: GET /session/fe219389c4a652ed804fe0697356972e/screenshot - {}
RESULT: {}
COMMAND: POST /session/fe219389c4a652ed804fe0697356972e/execute/sync - {"script":"<script> [79 bytes]","args":[{"element-6066-11e4-a52e-4f735466cecf":"f.AE569C338F7BE8C487FB69BDD94B5641.d.A09D7D7904DDB4863B33C6DD9EB5858E.e.5199","ELEMENT":"f.AE569C338F7BE8C487FB69BDD94B5641.d.A09D7D7904DDB4863B33C6DD9EB5858E.e.5199"},{"block":"start","inline":"nearest"}]}
RESULT: {"script":"<script> [79 bytes]","args":[{"element-6066-11e4-a52e-4f735466cecf":"f.AE569C338F7BE8C487FB69BDD94B5641.d.A09D7D7904DDB4863B33C6DD9EB5858E.e.5199","ELEMENT":"f.AE569C338F7BE8C487FB69BDD94B5641.d.A09D7D7904DDB4863B33C6DD9EB5858E.e.5199"},{"block":"start","inline":"nearest"}]}
COMMAND: GET /session/fe219389c4a652ed804fe0697356972e/screenshot - {}
RESULT: {}
COMMAND: POST /session/fe219389c4a652ed804fe0697356972e/element/f.AE569C338F7BE8C487FB69BDD94B5641.d.A09D7D7904DDB4863B33C6DD9EB5858E.e.5199/click - {}
RESULT: {}
COMMAND: GET /session/fe219389c4a652ed804fe0697356972e/screenshot - {}
RESULT: {}
COMMAND: POST /session/fe219389c4a652ed804fe0697356972e/execute/async - {"script":"<script> [1562 bytes]","args":[{"selector":{"controlType":"sap.m.SearchField","properties":{"placeholder":"Search"},"searchOpenDialogs":true,"interaction":{"idSuffix":"I"}},"wdio_ui5_key":"sapm.SearchField{\"placeholder\":\"Search\"}"}]}
RESULT: {"script":"<script> [1562 bytes]","args":[{"selector":{"controlType":"sap.m.SearchField","properties":{"placeholder":"Search"},"searchOpenDialogs":true,"interaction":{"idSuffix":"I"}},"wdio_ui5_key":"sapm.SearchField{\"placeholder\":\"Search\"}"}]}
RESULT: undefined
COMMAND: POST /session/fe219389c4a652ed804fe0697356972e/execute/async - {"script":"<script> [776 bytes]","args":[{"enterText":"4000360","selector":{"controlType":"sap.m.SearchField","properties":{"placeholder":"Search"},"searchOpenDialogs":true,"interaction":{"idSuffix":"I"}},"clearTextFirst":true,"interactionType":"ENTER_TEXT"}]}
RESULT: {"script":"<script> [776 bytes]","args":[{"enterText":"4000360","selector":{"controlType":"sap.m.SearchField","properties":{"placeholder":"Search"},"searchOpenDialogs":true,"interaction":{"idSuffix":"I"}},"clearTextFirst":true,"interactionType":"ENTER_TEXT"}]}
COMMAND: POST /session/fe219389c4a652ed804fe0697356972e/actions - {"actions":[{"id":"action20","type":"key","parameters":{},"actions":[{"type":"keyDown","value":""},{"type":"pause","duration":10},{"type":"keyUp","value":""}]}]}
RESULT: {"actions":[{"id":"action20","type":"key","parameters":{},"actions":[{"type":"keyDown","value":""},{"type":"pause","duration":10},{"type":"keyUp","value":""}]}]}
COMMAND: GET /session/fe219389c4a652ed804fe0697356972e/screenshot - {}
RESULT: {}
COMMAND: POST /session/fe219389c4a652ed804fe0697356972e/element - {"using":"xpath","value":"//td/div/span[contains(text(), \"BGL Vehicles\")]"}
RESULT: {"using":"xpath","value":"//td/div/span[contains(text(), \"BGL Vehicles\")]"}
COMMAND: POST /session/fe219389c4a652ed804fe0697356972e/element/f.AE569C338F7BE8C487FB69BDD94B5641.d.A09D7D7904DDB4863B33C6DD9EB5858E.e.5222/click - {}
RESULT: {}
COMMAND: GET /session/fe219389c4a652ed804fe0697356972e/screenshot - {}
RESULT: {}
COMMAND: POST /session/fe219389c4a652ed804fe0697356972e/element - {"using":"xpath","value":"//bdi[contains(text(), \"OK\")]"}
RESULT: {"using":"xpath","value":"//bdi[contains(text(), \"OK\")]"}
COMMAND: POST /session/fe219389c4a652ed804fe0697356972e/element/f.AE569C338F7BE8C487FB69BDD94B5641.d.A09D7D7904DDB4863B33C6DD9EB5858E.e.5223/click - {}
RESULT: {}
COMMAND: GET /session/fe219389c4a652ed804fe0697356972e/screenshot - {}
RESULT: {}
COMMAND: POST /session/fe219389c4a652ed804fe0697356972e/element - {"using":"xpath","value":"//label[contains(@class, 'sapMLabelRequired') and .//bdi[contains(text(), 'Planned Retirement')]]"}
RESULT: {"using":"xpath","value":"//label[contains(@class, 'sapMLabelRequired') and .//bdi[contains(text(), 'Planned Retirement')]]"}
COMMAND: POST /session/fe219389c4a652ed804fe0697356972e/elements - {"using":"xpath","value":"//label[contains(@class, 'sapMLabelRequired') and .//bdi[contains(text(), 'Planned Retirement')]]"}
RESULT: {"using":"xpath","value":"//label[contains(@class, 'sapMLabelRequired') and .//bdi[contains(text(), 'Planned Retirement')]]"}
COMMAND: POST /session/fe219389c4a652ed804fe0697356972e/element - {"using":"xpath","value":"//button[@data-kt=\"resourceUnitSaveButton\"]"}
RESULT: {"using":"xpath","value":"//button[@data-kt=\"resourceUnitSaveButton\"]"}
COMMAND: POST /session/fe219389c4a652ed804fe0697356972e/element/f.AE569C338F7BE8C487FB69BDD94B5641.d.A09D7D7904DDB4863B33C6DD9EB5858E.e.5055/click - {}
RESULT: {}
COMMAND: GET /session/fe219389c4a652ed804fe0697356972e/screenshot - {}
RESULT: {}
COMMAND: POST /session/fe219389c4a652ed804fe0697356972e/element - {"using":"xpath","value":"//bdi[contains(text(), \"Close\")]"}
RESULT: {"using":"xpath","value":"//bdi[contains(text(), \"Close\")]"}
COMMAND: POST /session/fe219389c4a652ed804fe0697356972e/element/f.AE569C338F7BE8C487FB69BDD94B5641.d.A09D7D7904DDB4863B33C6DD9EB5858E.e.5230/click - {}
RESULT: {}
COMMAND: GET /session/fe219389c4a652ed804fe0697356972e/screenshot - {}
RESULT: {}
COMMAND: POST /session/fe219389c4a652ed804fe0697356972e/element - {"using":"xpath","value":"//header[contains(@id, 'detailRruPage-headerTitle')]/div[1]/div[2]/div[2]/span[1]"}
RESULT: {"using":"xpath","value":"//header[contains(@id, 'detailRruPage-headerTitle')]/div[1]/div[2]/div[2]/span[1]"}
COMMAND: POST /session/fe219389c4a652ed804fe0697356972e/elements - {"using":"xpath","value":"//header[contains(@id, 'detailRruPage-headerTitle')]/div[1]/div[2]/div[2]/span[1]"}
RESULT: {"using":"xpath","value":"//header[contains(@id, 'detailRruPage-headerTitle')]/div[1]/div[2]/div[2]/span[1]"}
COMMAND: POST /session/fe219389c4a652ed804fe0697356972e/execute/sync - {"script":"<script> [56 bytes]","args":[{"element-6066-11e4-a52e-4f735466cecf":"f.AE569C338F7BE8C487FB69BDD94B5641.d.A09D7D7904DDB4863B33C6DD9EB5858E.e.5261","ELEMENT":"f.AE569C338F7BE8C487FB69BDD94B5641.d.A09D7D7904DDB4863B33C6DD9EB5858E.e.5261"}]}
RESULT: {"script":"<script> [56 bytes]","args":[{"element-6066-11e4-a52e-4f735466cecf":"f.AE569C338F7BE8C487FB69BDD94B5641.d.A09D7D7904DDB4863B33C6DD9EB5858E.e.5261","ELEMENT":"f.AE569C338F7BE8C487FB69BDD94B5641.d.A09D7D7904DDB4863B33C6DD9EB5858E.e.5261"}]}
COMMAND: POST /session/fe219389c4a652ed804fe0697356972e/element - {"using":"css selector","value":"#shell-header-logo"}
COMMAND: GET /session/fe219389c4a652ed804fe0697356972e/screenshot - {}
RESULT: {"using":"css selector","value":"#shell-header-logo"}
COMMAND: POST /session/fe219389c4a652ed804fe0697356972e/element/f.AE569C338F7BE8C487FB69BDD94B5641.d.A09D7D7904DDB4863B33C6DD9EB5858E.e.4717/click - {}
RESULT: {}
RESULT: {}
COMMAND: GET /session/fe219389c4a652ed804fe0697356972e/screenshot - {}
RESULT: {}
]]></system-out>
    </testcase>
    <testcase classname="chrome.136_0_7103_93.windows.Provide_to_Site_w/_warehouse_management_w/_clarification_US115878" name="Bin Status Report Should Create New Organization yard" time="0.004"/>
    <testcase classname="chrome.136_0_7103_93.windows.Provide_to_Site_w/_warehouse_management_w/_clarification_US115878" name="Bin Status Report Should Create New Organization for Site" time="0.004"/>
  </testsuite>
  <testsuite timestamp="2025-05-29T16:31:28" time="460.815" tests="6" failures="0" errors="0" skipped="0">
    <properties>
      <property name="specId" value="0"/>
      <property name="suiteName" value="Provide to Site w/ warehouse management w clarification"/>
      <property name="capabilities" value="chrome.136_0_7103_93.windows"/>
      <property name="file" value="file:///D:/a/1/s/test/specs/HTR/provide-to-site-w-warehouse-w-clarification.spec.js"/>
    </properties>
    <testcase classname="chrome.136_0_7103_93.windows.Provide_to_Site_w/_warehouse_management_w_clarification" name="Should do a stock increase handover" time="85.649">
      <system-out><![CDATA[
COMMAND: POST /session/fe219389c4a652ed804fe0697356972e/execute/async - {"script":"<script> [1562 bytes]","args":[{"selector":{"controlType":"sap.m.GenericTile","properties":{"header":"Manage Handovers"}},"wdio_ui5_key":"sapm.GenericTile{\"header\":\"Manage Handovers\"}"}]}
RESULT: {"script":"<script> [1562 bytes]","args":[{"selector":{"controlType":"sap.m.GenericTile","properties":{"header":"Manage Handovers"}},"wdio_ui5_key":"sapm.GenericTile{\"header\":\"Manage Handovers\"}"}]}
RESULT: undefined
COMMAND: POST /session/fe219389c4a652ed804fe0697356972e/element - {"using":"xpath","value":"//*[@id=\"__tile131\"]"}
RESULT: {"using":"xpath","value":"//*[@id=\"__tile131\"]"}
COMMAND: POST /session/fe219389c4a652ed804fe0697356972e/element/f.AE569C338F7BE8C487FB69BDD94B5641.d.A09D7D7904DDB4863B33C6DD9EB5858E.e.4764/click - {}
RESULT: {}
COMMAND: GET /session/fe219389c4a652ed804fe0697356972e/screenshot - {}
RESULT: {}
COMMAND: POST /session/fe219389c4a652ed804fe0697356972e/elements - {"using":"xpath","value":"//span[text()='Error']"}
RESULT: {"using":"xpath","value":"//span[text()='Error']"}
COMMAND: POST /session/fe219389c4a652ed804fe0697356972e/element - {"using":"xpath","value":"//button[@data-kt=\"masterHOAddButton\"]"}
RESULT: {"using":"xpath","value":"//button[@data-kt=\"masterHOAddButton\"]"}
COMMAND: POST /session/fe219389c4a652ed804fe0697356972e/elements - {"using":"xpath","value":"//button[@data-kt=\"masterHOAddButton\"]"}
RESULT: {"using":"xpath","value":"//button[@data-kt=\"masterHOAddButton\"]"}
COMMAND: POST /session/fe219389c4a652ed804fe0697356972e/execute/sync - {"script":"<script> [8489 bytes]","args":[{"element-6066-11e4-a52e-4f735466cecf":"f.AE569C338F7BE8C487FB69BDD94B5641.d.A09D7D7904DDB4863B33C6DD9EB5858E.e.5295","ELEMENT":"f.AE569C338F7BE8C487FB69BDD94B5641.d.A09D7D7904DDB4863B33C6DD9EB5858E.e.5295"}]}
RESULT: {"script":"<script> [8489 bytes]","args":[{"element-6066-11e4-a52e-4f735466cecf":"f.AE569C338F7BE8C487FB69BDD94B5641.d.A09D7D7904DDB4863B33C6DD9EB5858E.e.5295","ELEMENT":"f.AE569C338F7BE8C487FB69BDD94B5641.d.A09D7D7904DDB4863B33C6DD9EB5858E.e.5295"}]}
COMMAND: GET /session/fe219389c4a652ed804fe0697356972e/element/f.AE569C338F7BE8C487FB69BDD94B5641.d.A09D7D7904DDB4863B33C6DD9EB5858E.e.5295/enabled - {}
COMMAND: GET /session/fe219389c4a652ed804fe0697356972e/screenshot - {}
RESULT: {}
COMMAND: POST /session/fe219389c4a652ed804fe0697356972e/execute/sync - {"script":"<script> [8489 bytes]","args":[{"element-6066-11e4-a52e-4f735466cecf":"f.AE569C338F7BE8C487FB69BDD94B5641.d.A09D7D7904DDB4863B33C6DD9EB5858E.e.5295","ELEMENT":"f.AE569C338F7BE8C487FB69BDD94B5641.d.A09D7D7904DDB4863B33C6DD9EB5858E.e.5295"}]}
COMMAND: GET /session/fe219389c4a652ed804fe0697356972e/screenshot - {}
RESULT: {}
RESULT: {"script":"<script> [8489 bytes]","args":[{"element-6066-11e4-a52e-4f735466cecf":"f.AE569C338F7BE8C487FB69BDD94B5641.d.A09D7D7904DDB4863B33C6DD9EB5858E.e.5295","ELEMENT":"f.AE569C338F7BE8C487FB69BDD94B5641.d.A09D7D7904DDB4863B33C6DD9EB5858E.e.5295"}]}
COMMAND: POST /session/fe219389c4a652ed804fe0697356972e/execute/sync - {"script":"<script> [5351 bytes]","args":[{"element-6066-11e4-a52e-4f735466cecf":"f.AE569C338F7BE8C487FB69BDD94B5641.d.A09D7D7904DDB4863B33C6DD9EB5858E.e.5295","ELEMENT":"f.AE569C338F7BE8C487FB69BDD94B5641.d.A09D7D7904DDB4863B33C6DD9EB5858E.e.5295"}]}
COMMAND: GET /session/fe219389c4a652ed804fe0697356972e/screenshot - {}
RESULT: {}
RESULT: {"script":"<script> [5351 bytes]","args":[{"element-6066-11e4-a52e-4f735466cecf":"f.AE569C338F7BE8C487FB69BDD94B5641.d.A09D7D7904DDB4863B33C6DD9EB5858E.e.5295","ELEMENT":"f.AE569C338F7BE8C487FB69BDD94B5641.d.A09D7D7904DDB4863B33C6DD9EB5858E.e.5295"}]}
COMMAND: POST /session/fe219389c4a652ed804fe0697356972e/element/f.AE569C338F7BE8C487FB69BDD94B5641.d.A09D7D7904DDB4863B33C6DD9EB5858E.e.5295/click - {}
COMMAND: GET /session/fe219389c4a652ed804fe0697356972e/screenshot - {}
RESULT: {}
RESULT: {}
COMMAND: GET /session/fe219389c4a652ed804fe0697356972e/screenshot - {}
RESULT: {}
RESULT: {}
COMMAND: POST /session/fe219389c4a652ed804fe0697356972e/element - {"using":"xpath","value":"//span[contains(@id ,\"AddNewHO--typeSelect-arrow\")]"}
RESULT: {"using":"xpath","value":"//span[contains(@id ,\"AddNewHO--typeSelect-arrow\")]"}
COMMAND: POST /session/fe219389c4a652ed804fe0697356972e/element/f.AE569C338F7BE8C487FB69BDD94B5641.d.A09D7D7904DDB4863B33C6DD9EB5858E.e.5658/click - {}
RESULT: {}
COMMAND: GET /session/fe219389c4a652ed804fe0697356972e/screenshot - {}
RESULT: {}
COMMAND: POST /session/fe219389c4a652ed804fe0697356972e/element - {"using":"xpath","value":"(//li[contains(text(), \"stock increase yard\")])[1]"}
RESULT: {"using":"xpath","value":"(//li[contains(text(), \"stock increase yard\")])[1]"}
COMMAND: POST /session/fe219389c4a652ed804fe0697356972e/element/f.AE569C338F7BE8C487FB69BDD94B5641.d.A09D7D7904DDB4863B33C6DD9EB5858E.e.5659/click - {}
RESULT: {}
COMMAND: GET /session/fe219389c4a652ed804fe0697356972e/screenshot - {}
RESULT: {}
COMMAND: POST /session/fe219389c4a652ed804fe0697356972e/execute/async - {"script":"<script> [1562 bytes]","args":[{"selector":{"id":"application-managehandovers-display-component---AddNewHO--dueDate","interaction":{"idSuffix":"inner"}},"wdio_ui5_key":"applicationmanagehandovers-display-component---AddNewHO--dueDate"}]}
RESULT: {"script":"<script> [1562 bytes]","args":[{"selector":{"id":"application-managehandovers-display-component---AddNewHO--dueDate","interaction":{"idSuffix":"inner"}},"wdio_ui5_key":"applicationmanagehandovers-display-component---AddNewHO--dueDate"}]}
RESULT: undefined
COMMAND: POST /session/fe219389c4a652ed804fe0697356972e/execute/async - {"script":"<script> [6424 bytes]","args":[{"element-6066-11e4-a52e-4f735466cecf":"f.AE569C338F7BE8C487FB69BDD94B5641.d.A09D7D7904DDB4863B33C6DD9EB5858E.e.5661"},"setValue",["5/29/25"]]}
RESULT: {"script":"<script> [6424 bytes]","args":[{"element-6066-11e4-a52e-4f735466cecf":"f.AE569C338F7BE8C487FB69BDD94B5641.d.A09D7D7904DDB4863B33C6DD9EB5858E.e.5661"},"setValue",["5/29/25"]]}
COMMAND: POST /session/fe219389c4a652ed804fe0697356972e/element - {"using":"xpath","value":"//input[@id=\"generalSectionFrg--receiveYard-inner\"]"}
RESULT: {"using":"xpath","value":"//input[@id=\"generalSectionFrg--receiveYard-inner\"]"}
COMMAND: POST /session/fe219389c4a652ed804fe0697356972e/element/f.AE569C338F7BE8C487FB69BDD94B5641.d.A09D7D7904DDB4863B33C6DD9EB5858E.e.5667/clear - {}
RESULT: {}
COMMAND: POST /session/fe219389c4a652ed804fe0697356972e/element/f.AE569C338F7BE8C487FB69BDD94B5641.d.A09D7D7904DDB4863B33C6DD9EB5858E.e.5667/value - {"text":"462"}
COMMAND: GET /session/fe219389c4a652ed804fe0697356972e/screenshot - {}
RESULT: {"text":"462"}
COMMAND: GET /session/fe219389c4a652ed804fe0697356972e/screenshot - {}
RESULT: {}
RESULT: {}
COMMAND: POST /session/fe219389c4a652ed804fe0697356972e/element - {"using":"xpath","value":"//li[.//span[contains(text(),'462')]]"}
RESULT: {"using":"xpath","value":"//li[.//span[contains(text(),'462')]]"}
COMMAND: POST /session/fe219389c4a652ed804fe0697356972e/element/f.AE569C338F7BE8C487FB69BDD94B5641.d.A09D7D7904DDB4863B33C6DD9EB5858E.e.5683/click - {}
RESULT: {}
COMMAND: GET /session/fe219389c4a652ed804fe0697356972e/screenshot - {}
RESULT: {}
COMMAND: POST /session/fe219389c4a652ed804fe0697356972e/execute/async - {"script":"<script> [1562 bytes]","args":[{"selector":{"id":"application-managehandovers-display-component---AddNewHO--ObjectPageLayout-anchBar-application-managehandovers-display-component---AddNewHO--section4-anchor","interaction":{"idSuffix":"BDI-content"}},"wdio_ui5_key":"applicationmanagehandovers-display-component---AddNewHO--ObjectPageLayout-anchBar-application-managehandovers-display-component---AddNewHO--section4-anchor"}]}
RESULT: {"script":"<script> [1562 bytes]","args":[{"selector":{"id":"application-managehandovers-display-component---AddNewHO--ObjectPageLayout-anchBar-application-managehandovers-display-component---AddNewHO--section4-anchor","interaction":{"idSuffix":"BDI-content"}},"wdio_ui5_key":"applicationmanagehandovers-display-component---AddNewHO--ObjectPageLayout-anchBar-application-managehandovers-display-component---AddNewHO--section4-anchor"}]}
RESULT: undefined
COMMAND: POST /session/fe219389c4a652ed804fe0697356972e/element - {"using":"xpath","value":"//*[@id=\"application-managehandovers-display-component---AddNewHO--ObjectPageLayout-anchBar-application-managehandovers-display-component---AddNewHO--section4-anchor\"]"}
RESULT: {"using":"xpath","value":"//*[@id=\"application-managehandovers-display-component---AddNewHO--ObjectPageLayout-anchBar-application-managehandovers-display-component---AddNewHO--section4-anchor\"]"}
COMMAND: POST /session/fe219389c4a652ed804fe0697356972e/element/f.AE569C338F7BE8C487FB69BDD94B5641.d.A09D7D7904DDB4863B33C6DD9EB5858E.e.5685/click - {}
RESULT: {}
COMMAND: POST /session/fe219389c4a652ed804fe0697356972e/element - {"using":"xpath","value":"//button[@aria-label=\"Add\"]"}
COMMAND: GET /session/fe219389c4a652ed804fe0697356972e/screenshot - {}
RESULT: {"using":"xpath","value":"//button[@aria-label=\"Add\"]"}
COMMAND: POST /session/fe219389c4a652ed804fe0697356972e/element/f.AE569C338F7BE8C487FB69BDD94B5641.d.A09D7D7904DDB4863B33C6DD9EB5858E.e.5687/click - {}
RESULT: {}
RESULT: {}
COMMAND: GET /session/fe219389c4a652ed804fe0697356972e/screenshot - {}
RESULT: {}
COMMAND: POST /session/fe219389c4a652ed804fe0697356972e/execute/async - {"script":"<script> [1562 bytes]","args":[{"selector":{"id":"application-managehandovers-display-component---AddNewHO--smartFilterBar-btnBasicSearch","searchOpenDialogs":true,"interaction":{"idSuffix":"I"}},"wdio_ui5_key":"applicationmanagehandovers-display-component---AddNewHO--smartFilterBar-btnBasicSearch"}]}
RESULT: {"script":"<script> [1562 bytes]","args":[{"selector":{"id":"application-managehandovers-display-component---AddNewHO--smartFilterBar-btnBasicSearch","searchOpenDialogs":true,"interaction":{"idSuffix":"I"}},"wdio_ui5_key":"applicationmanagehandovers-display-component---AddNewHO--smartFilterBar-btnBasicSearch"}]}
RESULT: undefined
COMMAND: POST /session/fe219389c4a652ed804fe0697356972e/execute/async - {"script":"<script> [776 bytes]","args":[{"enterText":"200251","selector":{"id":"application-managehandovers-display-component---AddNewHO--smartFilterBar-btnBasicSearch","searchOpenDialogs":true,"interaction":{"idSuffix":"I"}},"clearTextFirst":true,"interactionType":"ENTER_TEXT"}]}
RESULT: {"script":"<script> [776 bytes]","args":[{"enterText":"200251","selector":{"id":"application-managehandovers-display-component---AddNewHO--smartFilterBar-btnBasicSearch","searchOpenDialogs":true,"interaction":{"idSuffix":"I"}},"clearTextFirst":true,"interactionType":"ENTER_TEXT"}]}
COMMAND: POST /session/fe219389c4a652ed804fe0697356972e/actions - {"actions":[{"id":"action21","type":"key","parameters":{},"actions":[{"type":"keyDown","value":""},{"type":"pause","duration":10},{"type":"keyUp","value":""}]}]}
RESULT: {"actions":[{"id":"action21","type":"key","parameters":{},"actions":[{"type":"keyDown","value":""},{"type":"pause","duration":10},{"type":"keyUp","value":""}]}]}
COMMAND: GET /session/fe219389c4a652ed804fe0697356972e/screenshot - {}
RESULT: {}
COMMAND: POST /session/fe219389c4a652ed804fe0697356972e/execute/async - {"script":"<script> [1562 bytes]","args":[{"selector":{"id":"application-managehandovers-display-component---AddNewHO--popup-sa","searchOpenDialogs":true,"interaction":{"idSuffix":"CbBg"}},"wdio_ui5_key":"applicationmanagehandovers-display-component---AddNewHO--popup-sa"}]}
RESULT: {"script":"<script> [1562 bytes]","args":[{"selector":{"id":"application-managehandovers-display-component---AddNewHO--popup-sa","searchOpenDialogs":true,"interaction":{"idSuffix":"CbBg"}},"wdio_ui5_key":"applicationmanagehandovers-display-component---AddNewHO--popup-sa"}]}
RESULT: undefined
COMMAND: POST /session/fe219389c4a652ed804fe0697356972e/element - {"using":"xpath","value":"//*[@id=\"application-managehandovers-display-component---AddNewHO--popup-sa\"]"}
RESULT: {"using":"xpath","value":"//*[@id=\"application-managehandovers-display-component---AddNewHO--popup-sa\"]"}
COMMAND: POST /session/fe219389c4a652ed804fe0697356972e/element/f.AE569C338F7BE8C487FB69BDD94B5641.d.A09D7D7904DDB4863B33C6DD9EB5858E.e.5841/click - {}
RESULT: {}
COMMAND: GET /session/fe219389c4a652ed804fe0697356972e/screenshot - {}
RESULT: {}
COMMAND: POST /session/fe219389c4a652ed804fe0697356972e/element - {"using":"xpath","value":"//bdi[contains(text(), \"Select\")]"}
RESULT: {"using":"xpath","value":"//bdi[contains(text(), \"Select\")]"}
COMMAND: POST /session/fe219389c4a652ed804fe0697356972e/element/f.AE569C338F7BE8C487FB69BDD94B5641.d.A09D7D7904DDB4863B33C6DD9EB5858E.e.5842/click - {}
RESULT: {}
COMMAND: GET /session/fe219389c4a652ed804fe0697356972e/screenshot - {}
RESULT: {}
COMMAND: POST /session/fe219389c4a652ed804fe0697356972e/element - {"using":"xpath","value":"//button[@data-kt=\"AddNewHOSaveButton\"]"}
RESULT: {"using":"xpath","value":"//button[@data-kt=\"AddNewHOSaveButton\"]"}
COMMAND: POST /session/fe219389c4a652ed804fe0697356972e/element/f.AE569C338F7BE8C487FB69BDD94B5641.d.A09D7D7904DDB4863B33C6DD9EB5858E.e.5846/click - {}
RESULT: {}
COMMAND: GET /session/fe219389c4a652ed804fe0697356972e/screenshot - {}
RESULT: {}
COMMAND: POST /session/fe219389c4a652ed804fe0697356972e/execute/async - {"script":"<script> [1562 bytes]","args":[{"selector":{"id":"receiptDatePicker","viewName":"etm.portal.ui.managehandovers.view.DetailExecuteHO","interaction":{"idSuffix":"inner"}},"wdio_ui5_key":"receiptDatePickeretmportal.ui.managehandovers.view.DetailExecuteHO"}]}
RESULT: {"script":"<script> [1562 bytes]","args":[{"selector":{"id":"receiptDatePicker","viewName":"etm.portal.ui.managehandovers.view.DetailExecuteHO","interaction":{"idSuffix":"inner"}},"wdio_ui5_key":"receiptDatePickeretmportal.ui.managehandovers.view.DetailExecuteHO"}]}
RESULT: undefined
COMMAND: POST /session/fe219389c4a652ed804fe0697356972e/execute/async - {"script":"<script> [6424 bytes]","args":[{"element-6066-11e4-a52e-4f735466cecf":"f.AE569C338F7BE8C487FB69BDD94B5641.d.A09D7D7904DDB4863B33C6DD9EB5858E.e.5875"},"setValue",["5/29/25"]]}
RESULT: {"script":"<script> [6424 bytes]","args":[{"element-6066-11e4-a52e-4f735466cecf":"f.AE569C338F7BE8C487FB69BDD94B5641.d.A09D7D7904DDB4863B33C6DD9EB5858E.e.5875"},"setValue",["5/29/25"]]}
COMMAND: POST /session/fe219389c4a652ed804fe0697356972e/element - {"using":"xpath","value":"//button[@data-kt=\"ReceivingTableConfirmAllButton\"]"}
RESULT: {"using":"xpath","value":"//button[@data-kt=\"ReceivingTableConfirmAllButton\"]"}
COMMAND: POST /session/fe219389c4a652ed804fe0697356972e/element/f.AE569C338F7BE8C487FB69BDD94B5641.d.A09D7D7904DDB4863B33C6DD9EB5858E.e.5893/click - {}
RESULT: {}
COMMAND: GET /session/fe219389c4a652ed804fe0697356972e/screenshot - {}
RESULT: {}
COMMAND: POST /session/fe219389c4a652ed804fe0697356972e/element - {"using":"xpath","value":"//bdi[contains(text(), \"OK\")]"}
RESULT: {"using":"xpath","value":"//bdi[contains(text(), \"OK\")]"}
COMMAND: POST /session/fe219389c4a652ed804fe0697356972e/element/f.AE569C338F7BE8C487FB69BDD94B5641.d.A09D7D7904DDB4863B33C6DD9EB5858E.e.5895/click - {}
RESULT: {}
COMMAND: GET /session/fe219389c4a652ed804fe0697356972e/screenshot - {}
RESULT: {}
COMMAND: POST /session/fe219389c4a652ed804fe0697356972e/element - {"using":"xpath","value":"(//bdi[contains(text(), \"Receive\")])[2]"}
RESULT: {"using":"xpath","value":"(//bdi[contains(text(), \"Receive\")])[2]"}
COMMAND: POST /session/fe219389c4a652ed804fe0697356972e/element/f.AE569C338F7BE8C487FB69BDD94B5641.d.A09D7D7904DDB4863B33C6DD9EB5858E.e.5897/click - {}
RESULT: {}
COMMAND: GET /session/fe219389c4a652ed804fe0697356972e/screenshot - {}
RESULT: {}
COMMAND: POST /session/fe219389c4a652ed804fe0697356972e/element - {"using":"css selector","value":"#shell-header-logo"}
RESULT: {"using":"css selector","value":"#shell-header-logo"}
COMMAND: POST /session/fe219389c4a652ed804fe0697356972e/element/f.AE569C338F7BE8C487FB69BDD94B5641.d.A09D7D7904DDB4863B33C6DD9EB5858E.e.5266/click - {}
RESULT: {}
COMMAND: GET /session/fe219389c4a652ed804fe0697356972e/screenshot - {}
RESULT: {}
]]></system-out>
    </testcase>
    <testcase classname="chrome.136_0_7103_93.windows.Provide_to_Site_w/_warehouse_management_w_clarification" name="Should create a new contract" time="60.854">
      <system-out><![CDATA[
COMMAND: POST /session/fe219389c4a652ed804fe0697356972e/execute/async - {"script":"<script> [1562 bytes]","args":[{"selector":{"controlType":"sap.m.GenericTile","properties":{"header":"Manage Contracts"}},"wdio_ui5_key":"sapm.GenericTile{\"header\":\"Manage Contracts\"}"}]}
RESULT: {"script":"<script> [1562 bytes]","args":[{"selector":{"controlType":"sap.m.GenericTile","properties":{"header":"Manage Contracts"}},"wdio_ui5_key":"sapm.GenericTile{\"header\":\"Manage Contracts\"}"}]}
RESULT: undefined
COMMAND: POST /session/fe219389c4a652ed804fe0697356972e/element - {"using":"xpath","value":"//*[@id=\"__tile130\"]"}
RESULT: {"using":"xpath","value":"//*[@id=\"__tile130\"]"}
COMMAND: POST /session/fe219389c4a652ed804fe0697356972e/element/f.AE569C338F7BE8C487FB69BDD94B5641.d.A09D7D7904DDB4863B33C6DD9EB5858E.e.4753/click - {}
RESULT: {}
COMMAND: GET /session/fe219389c4a652ed804fe0697356972e/screenshot - {}
RESULT: {}
COMMAND: POST /session/fe219389c4a652ed804fe0697356972e/elements - {"using":"xpath","value":"//span[text()='Error']"}
RESULT: {"using":"xpath","value":"//span[text()='Error']"}
COMMAND: POST /session/fe219389c4a652ed804fe0697356972e/element - {"using":"xpath","value":"//button[@data-kt=\"addButton\"]"}
RESULT: {"using":"xpath","value":"//button[@data-kt=\"addButton\"]"}
COMMAND: POST /session/fe219389c4a652ed804fe0697356972e/elements - {"using":"xpath","value":"//button[@data-kt=\"addButton\"]"}
RESULT: {"using":"xpath","value":"//button[@data-kt=\"addButton\"]"}
COMMAND: POST /session/fe219389c4a652ed804fe0697356972e/execute/sync - {"script":"<script> [8489 bytes]","args":[{"element-6066-11e4-a52e-4f735466cecf":"f.AE569C338F7BE8C487FB69BDD94B5641.d.A09D7D7904DDB4863B33C6DD9EB5858E.e.6229","ELEMENT":"f.AE569C338F7BE8C487FB69BDD94B5641.d.A09D7D7904DDB4863B33C6DD9EB5858E.e.6229"}]}
RESULT: {"script":"<script> [8489 bytes]","args":[{"element-6066-11e4-a52e-4f735466cecf":"f.AE569C338F7BE8C487FB69BDD94B5641.d.A09D7D7904DDB4863B33C6DD9EB5858E.e.6229","ELEMENT":"f.AE569C338F7BE8C487FB69BDD94B5641.d.A09D7D7904DDB4863B33C6DD9EB5858E.e.6229"}]}
COMMAND: GET /session/fe219389c4a652ed804fe0697356972e/element/f.AE569C338F7BE8C487FB69BDD94B5641.d.A09D7D7904DDB4863B33C6DD9EB5858E.e.6229/enabled - {}
COMMAND: GET /session/fe219389c4a652ed804fe0697356972e/screenshot - {}
RESULT: {}
COMMAND: POST /session/fe219389c4a652ed804fe0697356972e/execute/sync - {"script":"<script> [8489 bytes]","args":[{"element-6066-11e4-a52e-4f735466cecf":"f.AE569C338F7BE8C487FB69BDD94B5641.d.A09D7D7904DDB4863B33C6DD9EB5858E.e.6229","ELEMENT":"f.AE569C338F7BE8C487FB69BDD94B5641.d.A09D7D7904DDB4863B33C6DD9EB5858E.e.6229"}]}
COMMAND: GET /session/fe219389c4a652ed804fe0697356972e/screenshot - {}
RESULT: {}
RESULT: {"script":"<script> [8489 bytes]","args":[{"element-6066-11e4-a52e-4f735466cecf":"f.AE569C338F7BE8C487FB69BDD94B5641.d.A09D7D7904DDB4863B33C6DD9EB5858E.e.6229","ELEMENT":"f.AE569C338F7BE8C487FB69BDD94B5641.d.A09D7D7904DDB4863B33C6DD9EB5858E.e.6229"}]}
COMMAND: POST /session/fe219389c4a652ed804fe0697356972e/execute/sync - {"script":"<script> [5351 bytes]","args":[{"element-6066-11e4-a52e-4f735466cecf":"f.AE569C338F7BE8C487FB69BDD94B5641.d.A09D7D7904DDB4863B33C6DD9EB5858E.e.6229","ELEMENT":"f.AE569C338F7BE8C487FB69BDD94B5641.d.A09D7D7904DDB4863B33C6DD9EB5858E.e.6229"}]}
COMMAND: GET /session/fe219389c4a652ed804fe0697356972e/screenshot - {}
RESULT: {}
RESULT: {"script":"<script> [5351 bytes]","args":[{"element-6066-11e4-a52e-4f735466cecf":"f.AE569C338F7BE8C487FB69BDD94B5641.d.A09D7D7904DDB4863B33C6DD9EB5858E.e.6229","ELEMENT":"f.AE569C338F7BE8C487FB69BDD94B5641.d.A09D7D7904DDB4863B33C6DD9EB5858E.e.6229"}]}
COMMAND: GET /session/fe219389c4a652ed804fe0697356972e/screenshot - {}
RESULT: {}
RESULT: {}
COMMAND: POST /session/fe219389c4a652ed804fe0697356972e/element/f.AE569C338F7BE8C487FB69BDD94B5641.d.A09D7D7904DDB4863B33C6DD9EB5858E.e.6229/click - {}
RESULT: {}
COMMAND: GET /session/fe219389c4a652ed804fe0697356972e/screenshot - {}
COMMAND: POST /session/fe219389c4a652ed804fe0697356972e/execute/async - {"script":"<script> [1562 bytes]","args":[{"selector":{"id":"application-managecontracts-display-component---AddNewContract--projectDescription","interaction":{"idSuffix":"inner"}},"wdio_ui5_key":"applicationmanagecontracts-display-component---AddNewContract--projectDescription"}]}
RESULT: {}
RESULT: {"script":"<script> [1562 bytes]","args":[{"selector":{"id":"application-managecontracts-display-component---AddNewContract--projectDescription","interaction":{"idSuffix":"inner"}},"wdio_ui5_key":"applicationmanagecontracts-display-component---AddNewContract--projectDescription"}]}
RESULT: undefined
COMMAND: POST /session/fe219389c4a652ed804fe0697356972e/execute/async - {"script":"<script> [776 bytes]","args":[{"enterText":"Contract WDIO","selector":{"id":"application-managecontracts-display-component---AddNewContract--projectDescription","interaction":{"idSuffix":"inner"}},"clearTextFirst":true,"interactionType":"ENTER_TEXT"}]}
RESULT: {"script":"<script> [776 bytes]","args":[{"enterText":"Contract WDIO","selector":{"id":"application-managecontracts-display-component---AddNewContract--projectDescription","interaction":{"idSuffix":"inner"}},"clearTextFirst":true,"interactionType":"ENTER_TEXT"}]}
COMMAND: POST /session/fe219389c4a652ed804fe0697356972e/element - {"using":"xpath","value":"//input[@id=\"application-managecontracts-display-component---AddNewContract--site-inner\"]"}
RESULT: {"using":"xpath","value":"//input[@id=\"application-managecontracts-display-component---AddNewContract--site-inner\"]"}
COMMAND: POST /session/fe219389c4a652ed804fe0697356972e/element/f.AE569C338F7BE8C487FB69BDD94B5641.d.A09D7D7904DDB4863B33C6DD9EB5858E.e.6543/clear - {}
RESULT: {}
COMMAND: POST /session/fe219389c4a652ed804fe0697356972e/element/f.AE569C338F7BE8C487FB69BDD94B5641.d.A09D7D7904DDB4863B33C6DD9EB5858E.e.6543/value - {"text":"2236"}
COMMAND: GET /session/fe219389c4a652ed804fe0697356972e/screenshot - {}
RESULT: {"text":"2236"}
COMMAND: GET /session/fe219389c4a652ed804fe0697356972e/screenshot - {}
RESULT: {}
RESULT: {}
COMMAND: POST /session/fe219389c4a652ed804fe0697356972e/element - {"using":"xpath","value":"//li[.//span[text()='2236']]"}
RESULT: {"using":"xpath","value":"//li[.//span[text()='2236']]"}
COMMAND: POST /session/fe219389c4a652ed804fe0697356972e/element/f.AE569C338F7BE8C487FB69BDD94B5641.d.A09D7D7904DDB4863B33C6DD9EB5858E.e.6633/click - {}
RESULT: {}
COMMAND: GET /session/fe219389c4a652ed804fe0697356972e/screenshot - {}
RESULT: {}
COMMAND: POST /session/fe219389c4a652ed804fe0697356972e/element - {"using":"xpath","value":"//input[@id=\"application-managecontracts-display-component---AddNewContract--yardId-inner\"]"}
RESULT: {"using":"xpath","value":"//input[@id=\"application-managecontracts-display-component---AddNewContract--yardId-inner\"]"}
COMMAND: GET /session/fe219389c4a652ed804fe0697356972e/element/f.AE569C338F7BE8C487FB69BDD94B5641.d.A09D7D7904DDB4863B33C6DD9EB5858E.e.6544/property/value - {}
RESULT: {}
COMMAND: POST /session/fe219389c4a652ed804fe0697356972e/element - {"using":"xpath","value":"//input[@id=\"application-managecontracts-display-component---AddNewContract--customerSelect-inner\"]"}
COMMAND: GET /session/fe219389c4a652ed804fe0697356972e/screenshot - {}
RESULT: {"using":"xpath","value":"//input[@id=\"application-managecontracts-display-component---AddNewContract--customerSelect-inner\"]"}
COMMAND: POST /session/fe219389c4a652ed804fe0697356972e/element/f.AE569C338F7BE8C487FB69BDD94B5641.d.A09D7D7904DDB4863B33C6DD9EB5858E.e.6542/clear - {}
RESULT: {}
RESULT: {}
COMMAND: POST /session/fe219389c4a652ed804fe0697356972e/element/f.AE569C338F7BE8C487FB69BDD94B5641.d.A09D7D7904DDB4863B33C6DD9EB5858E.e.6542/value - {"text":"1270"}
COMMAND: GET /session/fe219389c4a652ed804fe0697356972e/screenshot - {}
RESULT: {"text":"1270"}
COMMAND: GET /session/fe219389c4a652ed804fe0697356972e/screenshot - {}
RESULT: {}
RESULT: {}
COMMAND: POST /session/fe219389c4a652ed804fe0697356972e/element - {"using":"xpath","value":"//li[.//span[text()='1270']]"}
RESULT: {"using":"xpath","value":"//li[.//span[text()='1270']]"}
COMMAND: POST /session/fe219389c4a652ed804fe0697356972e/element/f.AE569C338F7BE8C487FB69BDD94B5641.d.A09D7D7904DDB4863B33C6DD9EB5858E.e.6636/click - {}
RESULT: {}
COMMAND: GET /session/fe219389c4a652ed804fe0697356972e/screenshot - {}
RESULT: {}
COMMAND: POST /session/fe219389c4a652ed804fe0697356972e/element - {"using":"xpath","value":"//button[@data-kt=\"saveButton\"]"}
RESULT: {"using":"xpath","value":"//button[@data-kt=\"saveButton\"]"}
COMMAND: POST /session/fe219389c4a652ed804fe0697356972e/element/f.AE569C338F7BE8C487FB69BDD94B5641.d.A09D7D7904DDB4863B33C6DD9EB5858E.e.6626/click - {}
RESULT: {}
COMMAND: GET /session/fe219389c4a652ed804fe0697356972e/screenshot - {}
RESULT: {}
COMMAND: POST /session/fe219389c4a652ed804fe0697356972e/element - {"using":"xpath","value":"//span[contains(@id ,\"contractDetailTitleNoExpanded\")]"}
RESULT: {"using":"xpath","value":"//span[contains(@id ,\"contractDetailTitleNoExpanded\")]"}
COMMAND: POST /session/fe219389c4a652ed804fe0697356972e/elements - {"using":"xpath","value":"//span[contains(@id ,\"contractDetailTitleNoExpanded\")]"}
RESULT: {"using":"xpath","value":"//span[contains(@id ,\"contractDetailTitleNoExpanded\")]"}
COMMAND: POST /session/fe219389c4a652ed804fe0697356972e/execute/sync - {"script":"<script> [56 bytes]","args":[{"element-6066-11e4-a52e-4f735466cecf":"f.AE569C338F7BE8C487FB69BDD94B5641.d.A09D7D7904DDB4863B33C6DD9EB5858E.e.6644","ELEMENT":"f.AE569C338F7BE8C487FB69BDD94B5641.d.A09D7D7904DDB4863B33C6DD9EB5858E.e.6644"}]}
RESULT: {"script":"<script> [56 bytes]","args":[{"element-6066-11e4-a52e-4f735466cecf":"f.AE569C338F7BE8C487FB69BDD94B5641.d.A09D7D7904DDB4863B33C6DD9EB5858E.e.6644","ELEMENT":"f.AE569C338F7BE8C487FB69BDD94B5641.d.A09D7D7904DDB4863B33C6DD9EB5858E.e.6644"}]}
COMMAND: GET /session/fe219389c4a652ed804fe0697356972e/screenshot - {}
RESULT: {}
]]></system-out>
    </testcase>
    <testcase classname="chrome.136_0_7103_93.windows.Provide_to_Site_w/_warehouse_management_w_clarification" name="Should add equipment to the contract" time="56.434">
      <system-out><![CDATA[
COMMAND: POST /session/fe219389c4a652ed804fe0697356972e/element - {"using":"xpath","value":"//button[@data-kt=\"contractDetailEditBtnButton\"]"}
RESULT: {"using":"xpath","value":"//button[@data-kt=\"contractDetailEditBtnButton\"]"}
COMMAND: POST /session/fe219389c4a652ed804fe0697356972e/element/f.AE569C338F7BE8C487FB69BDD94B5641.d.A09D7D7904DDB4863B33C6DD9EB5858E.e.6647/click - {}
RESULT: {}
COMMAND: GET /session/fe219389c4a652ed804fe0697356972e/screenshot - {}
RESULT: {}
COMMAND: POST /session/fe219389c4a652ed804fe0697356972e/element - {"using":"xpath","value":"(//span[contains(text(), \"Additional Addresses\")])[2]"}
RESULT: {"using":"xpath","value":"(//span[contains(text(), \"Additional Addresses\")])[2]"}
COMMAND: POST /session/fe219389c4a652ed804fe0697356972e/element/f.AE569C338F7BE8C487FB69BDD94B5641.d.A09D7D7904DDB4863B33C6DD9EB5858E.e.6701/click - {}
RESULT: {}
COMMAND: GET /session/fe219389c4a652ed804fe0697356972e/screenshot - {}
RESULT: {}
COMMAND: POST /session/fe219389c4a652ed804fe0697356972e/element - {"using":"xpath","value":"//button[@data-kt=\"btnAddTableRowOverflowToolbarButton\"]"}
RESULT: {"using":"xpath","value":"//button[@data-kt=\"btnAddTableRowOverflowToolbarButton\"]"}
COMMAND: POST /session/fe219389c4a652ed804fe0697356972e/element/f.AE569C338F7BE8C487FB69BDD94B5641.d.A09D7D7904DDB4863B33C6DD9EB5858E.e.6705/click - {}
RESULT: {}
COMMAND: GET /session/fe219389c4a652ed804fe0697356972e/screenshot - {}
RESULT: {}
COMMAND: POST /session/fe219389c4a652ed804fe0697356972e/element - {"using":"xpath","value":"//div[(text() = 'Standard Entry' or . = 'Standard Entry')]"}
RESULT: {"using":"xpath","value":"//div[(text() = 'Standard Entry' or . = 'Standard Entry')]"}
COMMAND: POST /session/fe219389c4a652ed804fe0697356972e/element/f.AE569C338F7BE8C487FB69BDD94B5641.d.A09D7D7904DDB4863B33C6DD9EB5858E.e.6707/click - {}
RESULT: {}
COMMAND: GET /session/fe219389c4a652ed804fe0697356972e/screenshot - {}
RESULT: {}
COMMAND: POST /session/fe219389c4a652ed804fe0697356972e/element - {"using":"xpath","value":"//td[6]/div/div/div/span"}
RESULT: {"using":"xpath","value":"//td[6]/div/div/div/span"}
COMMAND: POST /session/fe219389c4a652ed804fe0697356972e/element/f.AE569C338F7BE8C487FB69BDD94B5641.d.A09D7D7904DDB4863B33C6DD9EB5858E.e.6719/click - {}
RESULT: {}
COMMAND: GET /session/fe219389c4a652ed804fe0697356972e/screenshot - {}
RESULT: {}
COMMAND: POST /session/fe219389c4a652ed804fe0697356972e/element - {"using":"xpath","value":"(//span[contains(text(), \"Material\")])"}
RESULT: {"using":"xpath","value":"(//span[contains(text(), \"Material\")])"}
COMMAND: POST /session/fe219389c4a652ed804fe0697356972e/element/f.AE569C338F7BE8C487FB69BDD94B5641.d.A09D7D7904DDB4863B33C6DD9EB5858E.e.6720/click - {}
RESULT: {}
COMMAND: GET /session/fe219389c4a652ed804fe0697356972e/screenshot - {}
RESULT: {}
COMMAND: POST /session/fe219389c4a652ed804fe0697356972e/element - {"using":"xpath","value":"//td[7]/div/div/input"}
RESULT: {"using":"xpath","value":"//td[7]/div/div/input"}
COMMAND: POST /session/fe219389c4a652ed804fe0697356972e/element/f.AE569C338F7BE8C487FB69BDD94B5641.d.A09D7D7904DDB4863B33C6DD9EB5858E.e.6724/clear - {}
RESULT: {}
COMMAND: POST /session/fe219389c4a652ed804fe0697356972e/element/f.AE569C338F7BE8C487FB69BDD94B5641.d.A09D7D7904DDB4863B33C6DD9EB5858E.e.6724/value - {"text":"200251"}
COMMAND: GET /session/fe219389c4a652ed804fe0697356972e/screenshot - {}
RESULT: {"text":"200251"}
COMMAND: GET /session/fe219389c4a652ed804fe0697356972e/screenshot - {}
RESULT: {}
RESULT: {}
COMMAND: POST /session/fe219389c4a652ed804fe0697356972e/actions - {"actions":[{"id":"action22","type":"key","parameters":{},"actions":[{"type":"keyDown","value":""},{"type":"pause","duration":10},{"type":"keyUp","value":""}]}]}
RESULT: {"actions":[{"id":"action22","type":"key","parameters":{},"actions":[{"type":"keyDown","value":""},{"type":"pause","duration":10},{"type":"keyUp","value":""}]}]}
COMMAND: GET /session/fe219389c4a652ed804fe0697356972e/screenshot - {}
RESULT: {}
COMMAND: POST /session/fe219389c4a652ed804fe0697356972e/execute/sync - {"script":"<script> [276 bytes]","args":["No pricing information was found"]}
RESULT: {"script":"<script> [276 bytes]","args":["No pricing information was found"]}
COMMAND: POST /session/fe219389c4a652ed804fe0697356972e/element - {"using":"xpath","value":"//bdi[contains(text(), \"OK\")]"}
COMMAND: GET /session/fe219389c4a652ed804fe0697356972e/screenshot - {}
RESULT: {"using":"xpath","value":"//bdi[contains(text(), \"OK\")]"}
COMMAND: POST /session/fe219389c4a652ed804fe0697356972e/element/f.AE569C338F7BE8C487FB69BDD94B5641.d.A09D7D7904DDB4863B33C6DD9EB5858E.e.6750/click - {}
RESULT: {}
RESULT: {}
COMMAND: GET /session/fe219389c4a652ed804fe0697356972e/screenshot - {}
RESULT: {}
COMMAND: POST /session/fe219389c4a652ed804fe0697356972e/element - {"using":"xpath","value":"(//button[@data-kt=\"saveButton\"])[2]"}
RESULT: {"using":"xpath","value":"(//button[@data-kt=\"saveButton\"])[2]"}
COMMAND: POST /session/fe219389c4a652ed804fe0697356972e/element/f.AE569C338F7BE8C487FB69BDD94B5641.d.A09D7D7904DDB4863B33C6DD9EB5858E.e.6751/click - {}
RESULT: {}
COMMAND: GET /session/fe219389c4a652ed804fe0697356972e/screenshot - {}
RESULT: {}
COMMAND: POST /session/fe219389c4a652ed804fe0697356972e/execute/sync - {"script":"<script> [276 bytes]","args":["Some contract items are having rental validity exceeding header rental validity"]}
RESULT: {"script":"<script> [276 bytes]","args":["Some contract items are having rental validity exceeding header rental validity"]}
COMMAND: GET /session/fe219389c4a652ed804fe0697356972e/screenshot - {}
RESULT: {}
COMMAND: POST /session/fe219389c4a652ed804fe0697356972e/element - {"using":"xpath","value":"//span[contains(@id ,\"contractItemsSmartTable-header-inner\")]"}
RESULT: {"using":"xpath","value":"//span[contains(@id ,\"contractItemsSmartTable-header-inner\")]"}
COMMAND: POST /session/fe219389c4a652ed804fe0697356972e/elements - {"using":"xpath","value":"//span[contains(@id ,\"contractItemsSmartTable-header-inner\")]"}
RESULT: {"using":"xpath","value":"//span[contains(@id ,\"contractItemsSmartTable-header-inner\")]"}
COMMAND: POST /session/fe219389c4a652ed804fe0697356972e/execute/sync - {"script":"<script> [56 bytes]","args":[{"element-6066-11e4-a52e-4f735466cecf":"f.AE569C338F7BE8C487FB69BDD94B5641.d.A09D7D7904DDB4863B33C6DD9EB5858E.e.6756","ELEMENT":"f.AE569C338F7BE8C487FB69BDD94B5641.d.A09D7D7904DDB4863B33C6DD9EB5858E.e.6756"}]}
RESULT: {"script":"<script> [56 bytes]","args":[{"element-6066-11e4-a52e-4f735466cecf":"f.AE569C338F7BE8C487FB69BDD94B5641.d.A09D7D7904DDB4863B33C6DD9EB5858E.e.6756","ELEMENT":"f.AE569C338F7BE8C487FB69BDD94B5641.d.A09D7D7904DDB4863B33C6DD9EB5858E.e.6756"}]}
]]></system-out>
    </testcase>
    <testcase classname="chrome.136_0_7103_93.windows.Provide_to_Site_w/_warehouse_management_w_clarification" name="Should provide to site" time="37.815">
      <system-out><![CDATA[
COMMAND: POST /session/fe219389c4a652ed804fe0697356972e/element - {"using":"xpath","value":"//button[@data-kt=\"provideButton\"]"}
COMMAND: GET /session/fe219389c4a652ed804fe0697356972e/screenshot - {}
RESULT: {"using":"xpath","value":"//button[@data-kt=\"provideButton\"]"}
COMMAND: POST /session/fe219389c4a652ed804fe0697356972e/element/f.AE569C338F7BE8C487FB69BDD94B5641.d.A09D7D7904DDB4863B33C6DD9EB5858E.e.6757/click - {}
RESULT: {}
RESULT: {}
COMMAND: GET /session/fe219389c4a652ed804fe0697356972e/screenshot - {}
RESULT: {}
RESULT: undefined
COMMAND: POST /session/fe219389c4a652ed804fe0697356972e/execute/async - {"script":"<script> [6424 bytes]","args":[{"element-6066-11e4-a52e-4f735466cecf":"f.AE569C338F7BE8C487FB69BDD94B5641.d.A09D7D7904DDB4863B33C6DD9EB5858E.e.5661"},"setValue",["05/29/25"]]}
COMMAND: POST /session/fe219389c4a652ed804fe0697356972e/execute/async - {"script":"<script> [1562 bytes]","args":[{"selector":{"id":"application-managehandovers-display-component---AddNewHO--dueDate","interaction":{"idSuffix":"inner"}},"wdio_ui5_key":"applicationmanagehandovers-display-component---AddNewHO--dueDate"}]}
RESULT: {"script":"<script> [1562 bytes]","args":[{"selector":{"id":"application-managehandovers-display-component---AddNewHO--dueDate","interaction":{"idSuffix":"inner"}},"wdio_ui5_key":"applicationmanagehandovers-display-component---AddNewHO--dueDate"}]}
COMMAND: POST /session/fe219389c4a652ed804fe0697356972e/execute/async - {"script":"<script> [6424 bytes]","args":[{"element-6066-11e4-a52e-4f735466cecf":"f.AE569C338F7BE8C487FB69BDD94B5641.d.A09D7D7904DDB4863B33C6DD9EB5858E.e.6814"},"setValue",["05/29/25"]]}
RESULT: {"script":"<script> [6424 bytes]","args":[{"element-6066-11e4-a52e-4f735466cecf":"f.AE569C338F7BE8C487FB69BDD94B5641.d.A09D7D7904DDB4863B33C6DD9EB5858E.e.6814"},"setValue",["05/29/25"]]}
COMMAND: POST /session/fe219389c4a652ed804fe0697356972e/element - {"using":"xpath","value":"//bdi[contains(text(), \"Instructions\")]"}
RESULT: {"using":"xpath","value":"//bdi[contains(text(), \"Instructions\")]"}
COMMAND: POST /session/fe219389c4a652ed804fe0697356972e/element/f.AE569C338F7BE8C487FB69BDD94B5641.d.A09D7D7904DDB4863B33C6DD9EB5858E.e.7066/click - {}
RESULT: {}
COMMAND: GET /session/fe219389c4a652ed804fe0697356972e/screenshot - {}
RESULT: {}
COMMAND: POST /session/fe219389c4a652ed804fe0697356972e/element - {"using":"xpath","value":"//button[@data-kt=\"AddNewHOProvideAddItemsButton\"]"}
RESULT: {"using":"xpath","value":"//button[@data-kt=\"AddNewHOProvideAddItemsButton\"]"}
COMMAND: POST /session/fe219389c4a652ed804fe0697356972e/element/f.AE569C338F7BE8C487FB69BDD94B5641.d.A09D7D7904DDB4863B33C6DD9EB5858E.e.7070/click - {}
RESULT: {}
COMMAND: GET /session/fe219389c4a652ed804fe0697356972e/screenshot - {}
RESULT: {}
RESULT: undefined
COMMAND: POST /session/fe219389c4a652ed804fe0697356972e/element - {"using":"xpath","value":"//*[@id=\"application-managehandovers-display-component---AddNewHO--popup-sa\"]"}
RESULT: {"using":"xpath","value":"//*[@id=\"application-managehandovers-display-component---AddNewHO--popup-sa\"]"}
COMMAND: POST /session/fe219389c4a652ed804fe0697356972e/element/f.AE569C338F7BE8C487FB69BDD94B5641.d.A09D7D7904DDB4863B33C6DD9EB5858E.e.7085/click - {}
RESULT: {}
COMMAND: GET /session/fe219389c4a652ed804fe0697356972e/screenshot - {}
RESULT: {}
COMMAND: POST /session/fe219389c4a652ed804fe0697356972e/element - {"using":"xpath","value":"//*[contains(@id ,\"BDI-content\")][contains(text(), \"Select\")]"}
RESULT: {"using":"xpath","value":"//*[contains(@id ,\"BDI-content\")][contains(text(), \"Select\")]"}
COMMAND: POST /session/fe219389c4a652ed804fe0697356972e/element/f.AE569C338F7BE8C487FB69BDD94B5641.d.A09D7D7904DDB4863B33C6DD9EB5858E.e.7086/click - {}
RESULT: {}
COMMAND: GET /session/fe219389c4a652ed804fe0697356972e/screenshot - {}
RESULT: {}
COMMAND: POST /session/fe219389c4a652ed804fe0697356972e/element - {"using":"xpath","value":"//bdi[(text() = 'Save' or . = 'Save')]"}
RESULT: {"using":"xpath","value":"//bdi[(text() = 'Save' or . = 'Save')]"}
COMMAND: POST /session/fe219389c4a652ed804fe0697356972e/element/f.AE569C338F7BE8C487FB69BDD94B5641.d.A09D7D7904DDB4863B33C6DD9EB5858E.e.7094/click - {}
RESULT: {}
COMMAND: GET /session/fe219389c4a652ed804fe0697356972e/screenshot - {}
RESULT: {}
]]></system-out>
    </testcase>
    <testcase classname="chrome.136_0_7103_93.windows.Provide_to_Site_w/_warehouse_management_w_clarification" name="Should test for Handover Execution" time="153.396">
      <system-out><![CDATA[
COMMAND: POST /session/fe219389c4a652ed804fe0697356972e/execute/async - {"script":"<script> [1562 bytes]","args":[{"selector":{"controlType":"sap.m.Link","viewName":"etm.portal.ui.managehandovers.view.DetailExecuteHO","bindingPath":{"path":"","propertyPath":"/wmDoc","modelName":"warehouseMovModel"}},"wdio_ui5_key":"etmportal.ui.managehandovers.view.DetailExecuteHOsap.m.Link{\"path\":\"\",\"propertyPath\":\"/wmDoc\",\"modelName\":\"warehouseMovModel\"}"}]}
RESULT: {"script":"<script> [1562 bytes]","args":[{"selector":{"controlType":"sap.m.Link","viewName":"etm.portal.ui.managehandovers.view.DetailExecuteHO","bindingPath":{"path":"","propertyPath":"/wmDoc","modelName":"warehouseMovModel"}},"wdio_ui5_key":"etmportal.ui.managehandovers.view.DetailExecuteHOsap.m.Link{\"path\":\"\",\"propertyPath\":\"/wmDoc\",\"modelName\":\"warehouseMovModel\"}"}]}
RESULT: undefined
COMMAND: POST /session/fe219389c4a652ed804fe0697356972e/element - {"using":"xpath","value":"//*[@id=\"__link82\"]"}
RESULT: {"using":"xpath","value":"//*[@id=\"__link82\"]"}
COMMAND: POST /session/fe219389c4a652ed804fe0697356972e/element/f.AE569C338F7BE8C487FB69BDD94B5641.d.A09D7D7904DDB4863B33C6DD9EB5858E.e.7153/click - {}
RESULT: {}
COMMAND: GET /session/fe219389c4a652ed804fe0697356972e/screenshot - {}
RESULT: {}
COMMAND: POST /session/fe219389c4a652ed804fe0697356972e/execute/async - {"script":"<script> [1562 bytes]","args":[{"selector":{"controlType":"sap.m.Link","viewName":"etm.portal.ui.managehandovers.view.DetailExecuteHO","properties":{"text":"Warehouse Overview"},"searchOpenDialogs":true},"wdio_ui5_key":"etmportal.ui.managehandovers.view.DetailExecuteHOsap.m.Link{\"text\":\"Warehouse Overview\"}"}]}
RESULT: {"script":"<script> [1562 bytes]","args":[{"selector":{"controlType":"sap.m.Link","viewName":"etm.portal.ui.managehandovers.view.DetailExecuteHO","properties":{"text":"Warehouse Overview"},"searchOpenDialogs":true},"wdio_ui5_key":"etmportal.ui.managehandovers.view.DetailExecuteHOsap.m.Link{\"text\":\"Warehouse Overview\"}"}]}
RESULT: undefined
COMMAND: POST /session/fe219389c4a652ed804fe0697356972e/element - {"using":"xpath","value":"//*[@id=\"__link98\"]"}
RESULT: {"using":"xpath","value":"//*[@id=\"__link98\"]"}
COMMAND: POST /session/fe219389c4a652ed804fe0697356972e/element/f.AE569C338F7BE8C487FB69BDD94B5641.d.A09D7D7904DDB4863B33C6DD9EB5858E.e.7157/click - {}
RESULT: {}
COMMAND: GET /session/fe219389c4a652ed804fe0697356972e/screenshot - {}
COMMAND: POST /session/fe219389c4a652ed804fe0697356972e/execute/async - {"script":"<script> [1562 bytes]","args":[{"selector":{"controlType":"sap.m.Button","viewName":"etm.portal.ui.warehousemovements.view.DisplayMovement","viewId":"application-warehousemovements-display-component---displayMovement","i18NText":{"propertyName":"text","key":"execution"},"interaction":{"idSuffix":"BDI-content"}},"wdio_ui5_key":"etmportal.ui.warehousemovements.view.DisplayMovementsap.m.Button{\"propertyName\":\"text\",\"key\":\"execution\"}"}]}
RESULT: {}
RESULT: {"script":"<script> [1562 bytes]","args":[{"selector":{"controlType":"sap.m.Button","viewName":"etm.portal.ui.warehousemovements.view.DisplayMovement","viewId":"application-warehousemovements-display-component---displayMovement","i18NText":{"propertyName":"text","key":"execution"},"interaction":{"idSuffix":"BDI-content"}},"wdio_ui5_key":"etmportal.ui.warehousemovements.view.DisplayMovementsap.m.Button{\"propertyName\":\"text\",\"key\":\"execution\"}"}]}
RESULT: undefined
COMMAND: POST /session/fe219389c4a652ed804fe0697356972e/element - {"using":"xpath","value":"//*[@id=\"__button247\"]"}
RESULT: {"using":"xpath","value":"//*[@id=\"__button247\"]"}
COMMAND: POST /session/fe219389c4a652ed804fe0697356972e/element/f.AE569C338F7BE8C487FB69BDD94B5641.d.A09D7D7904DDB4863B33C6DD9EB5858E.e.7279/click - {}
RESULT: {}
COMMAND: GET /session/fe219389c4a652ed804fe0697356972e/screenshot - {}
RESULT: {}
COMMAND: POST /session/fe219389c4a652ed804fe0697356972e/execute/async - {"script":"<script> [1562 bytes]","args":[{"selector":{"controlType":"sap.m.Button","viewName":"etm.portal.ui.warehousemovements.view.ExecuteMovement","viewId":"application-warehousemovements-display-component---executeMovement","properties":{"text":"Items"},"interaction":{"idSuffix":"BDI-content"}},"wdio_ui5_key":"etmportal.ui.warehousemovements.view.ExecuteMovementsap.m.Button{\"text\":\"Items\"}"}]}
RESULT: {"script":"<script> [1562 bytes]","args":[{"selector":{"controlType":"sap.m.Button","viewName":"etm.portal.ui.warehousemovements.view.ExecuteMovement","viewId":"application-warehousemovements-display-component---executeMovement","properties":{"text":"Items"},"interaction":{"idSuffix":"BDI-content"}},"wdio_ui5_key":"etmportal.ui.warehousemovements.view.ExecuteMovementsap.m.Button{\"text\":\"Items\"}"}]}
RESULT: undefined
COMMAND: POST /session/fe219389c4a652ed804fe0697356972e/element - {"using":"xpath","value":"//*[@id=\"__layout379-anchBar-application-warehousemovements-display-component---executeMovement--itemsSection-anchor\"]"}
RESULT: {"using":"xpath","value":"//*[@id=\"__layout379-anchBar-application-warehousemovements-display-component---executeMovement--itemsSection-anchor\"]"}
COMMAND: POST /session/fe219389c4a652ed804fe0697356972e/element/f.AE569C338F7BE8C487FB69BDD94B5641.d.A09D7D7904DDB4863B33C6DD9EB5858E.e.7376/click - {}
RESULT: {}
COMMAND: GET /session/fe219389c4a652ed804fe0697356972e/screenshot - {}
RESULT: {}
COMMAND: POST /session/fe219389c4a652ed804fe0697356972e/execute/async - {"script":"<script> [1562 bytes]","args":[{"selector":{"controlType":"sap.m.ToggleButton","viewName":"etm.portal.ui.warehousemovements.view.ExecuteMovement","viewId":"application-warehousemovements-display-component---executeMovement","bindingPath":{"propertyPath":"STATUS","modelName":"catalogModel"},"interaction":{"idSuffix":"BDI-content"}},"wdio_ui5_key":"etmportal.ui.warehousemovements.view.ExecuteMovementsap.m.ToggleButton{\"propertyPath\":\"STATUS\",\"modelName\":\"catalogModel\"}"}]}
RESULT: {"script":"<script> [1562 bytes]","args":[{"selector":{"controlType":"sap.m.ToggleButton","viewName":"etm.portal.ui.warehousemovements.view.ExecuteMovement","viewId":"application-warehousemovements-display-component---executeMovement","bindingPath":{"propertyPath":"STATUS","modelName":"catalogModel"},"interaction":{"idSuffix":"BDI-content"}},"wdio_ui5_key":"etmportal.ui.warehousemovements.view.ExecuteMovementsap.m.ToggleButton{\"propertyPath\":\"STATUS\",\"modelName\":\"catalogModel\"}"}]}
RESULT: undefined
COMMAND: POST /session/fe219389c4a652ed804fe0697356972e/element - {"using":"xpath","value":"//*[@id=\"__button272-__clone3256\"]"}
RESULT: {"using":"xpath","value":"//*[@id=\"__button272-__clone3256\"]"}
COMMAND: POST /session/fe219389c4a652ed804fe0697356972e/element/f.AE569C338F7BE8C487FB69BDD94B5641.d.A09D7D7904DDB4863B33C6DD9EB5858E.e.7354/click - {}
RESULT: {}
RESULT: undefined
COMMAND: POST /session/fe219389c4a652ed804fe0697356972e/element - {"using":"xpath","value":"//*[@id=\"__button272-__clone3256\"]"}
COMMAND: GET /session/fe219389c4a652ed804fe0697356972e/screenshot - {}
RESULT: {"using":"xpath","value":"//*[@id=\"__button272-__clone3256\"]"}
COMMAND: POST /session/fe219389c4a652ed804fe0697356972e/element/f.AE569C338F7BE8C487FB69BDD94B5641.d.A09D7D7904DDB4863B33C6DD9EB5858E.e.7354/click - {}
RESULT: {}
RESULT: {}
COMMAND: GET /session/fe219389c4a652ed804fe0697356972e/screenshot - {}
RESULT: {}
COMMAND: POST /session/fe219389c4a652ed804fe0697356972e/element - {"using":"xpath","value":"//section[contains(@id,\"FC-NoHead\")]/div[1]/div[5]/div[2]/span"}
RESULT: {"using":"xpath","value":"//section[contains(@id,\"FC-NoHead\")]/div[1]/div[5]/div[2]/span"}
COMMAND: POST /session/fe219389c4a652ed804fe0697356972e/elements - {"using":"xpath","value":"//section[contains(@id,\"FC-NoHead\")]/div[1]/div[5]/div[2]/span"}
RESULT: {"using":"xpath","value":"//section[contains(@id,\"FC-NoHead\")]/div[1]/div[5]/div[2]/span"}
COMMAND: POST /session/fe219389c4a652ed804fe0697356972e/execute/sync - {"script":"<script> [56 bytes]","args":[{"element-6066-11e4-a52e-4f735466cecf":"f.AE569C338F7BE8C487FB69BDD94B5641.d.A09D7D7904DDB4863B33C6DD9EB5858E.e.7383","ELEMENT":"f.AE569C338F7BE8C487FB69BDD94B5641.d.A09D7D7904DDB4863B33C6DD9EB5858E.e.7383"}]}
RESULT: {"script":"<script> [56 bytes]","args":[{"element-6066-11e4-a52e-4f735466cecf":"f.AE569C338F7BE8C487FB69BDD94B5641.d.A09D7D7904DDB4863B33C6DD9EB5858E.e.7383","ELEMENT":"f.AE569C338F7BE8C487FB69BDD94B5641.d.A09D7D7904DDB4863B33C6DD9EB5858E.e.7383"}]}
COMMAND: POST /session/fe219389c4a652ed804fe0697356972e/actions - {"actions":[{"id":"action23","type":"key","parameters":{},"actions":[{"type":"keyDown","value":""},{"type":"pause","duration":10},{"type":"keyUp","value":""}]}]}
COMMAND: GET /session/fe219389c4a652ed804fe0697356972e/screenshot - {}
RESULT: {"actions":[{"id":"action23","type":"key","parameters":{},"actions":[{"type":"keyDown","value":""},{"type":"pause","duration":10},{"type":"keyUp","value":""}]}]}
COMMAND: POST /session/fe219389c4a652ed804fe0697356972e/execute/async - {"script":"<script> [1562 bytes]","args":[{"selector":{"id":"application-warehousemovements-display-component---executeMovement--executeId","interaction":{"idSuffix":"BDI-content"}},"wdio_ui5_key":"applicationwarehousemovements-display-component---executeMovement--executeId"}]}
COMMAND: GET /session/fe219389c4a652ed804fe0697356972e/screenshot - {}
RESULT: {}
RESULT: {"script":"<script> [1562 bytes]","args":[{"selector":{"id":"application-warehousemovements-display-component---executeMovement--executeId","interaction":{"idSuffix":"BDI-content"}},"wdio_ui5_key":"applicationwarehousemovements-display-component---executeMovement--executeId"}]}
RESULT: undefined
COMMAND: POST /session/fe219389c4a652ed804fe0697356972e/element - {"using":"xpath","value":"//*[@id=\"application-warehousemovements-display-component---executeMovement--executeId\"]"}
RESULT: {}
RESULT: {"using":"xpath","value":"//*[@id=\"application-warehousemovements-display-component---executeMovement--executeId\"]"}
COMMAND: POST /session/fe219389c4a652ed804fe0697356972e/element/f.AE569C338F7BE8C487FB69BDD94B5641.d.A09D7D7904DDB4863B33C6DD9EB5858E.e.7348/click - {}
RESULT: {}
COMMAND: GET /session/fe219389c4a652ed804fe0697356972e/screenshot - {}
RESULT: {}
COMMAND: POST /session/fe219389c4a652ed804fe0697356972e/element - {"using":"css selector","value":"#shell-header-logo"}
RESULT: {"using":"css selector","value":"#shell-header-logo"}
COMMAND: POST /session/fe219389c4a652ed804fe0697356972e/element/f.AE569C338F7BE8C487FB69BDD94B5641.d.A09D7D7904DDB4863B33C6DD9EB5858E.e.6184/click - {}
RESULT: {}
COMMAND: GET /session/fe219389c4a652ed804fe0697356972e/screenshot - {}
RESULT: {}
RESULT: undefined
COMMAND: POST /session/fe219389c4a652ed804fe0697356972e/element - {"using":"xpath","value":"//*[@id=\"__tile131\"]"}
RESULT: {"using":"xpath","value":"//*[@id=\"__tile131\"]"}
COMMAND: POST /session/fe219389c4a652ed804fe0697356972e/element/f.AE569C338F7BE8C487FB69BDD94B5641.d.A09D7D7904DDB4863B33C6DD9EB5858E.e.4764/click - {}
RESULT: {}
COMMAND: GET /session/fe219389c4a652ed804fe0697356972e/screenshot - {}
RESULT: {}
COMMAND: POST /session/fe219389c4a652ed804fe0697356972e/elements - {"using":"xpath","value":"//span[text()='Error']"}
RESULT: {"using":"xpath","value":"//span[text()='Error']"}
COMMAND: POST /session/fe219389c4a652ed804fe0697356972e/execute/async - {"script":"<script> [1562 bytes]","args":[{"selector":{"controlType":"sap.m.SearchField","viewName":"etm.portal.ui.managehandovers.view.MasterHO","bindingPath":{"propertyPath":"/_BASIC_SEARCH_FIELD","modelName":"fi1t3rM0d31"},"interaction":{"idSuffix":"I"}},"wdio_ui5_key":"etmportal.ui.managehandovers.view.MasterHOsap.m.SearchField{\"propertyPath\":\"/_BASIC_SEARCH_FIELD\",\"modelName\":\"fi1t3rM0d31\"}"}]}
RESULT: {"script":"<script> [1562 bytes]","args":[{"selector":{"controlType":"sap.m.SearchField","viewName":"etm.portal.ui.managehandovers.view.MasterHO","bindingPath":{"propertyPath":"/_BASIC_SEARCH_FIELD","modelName":"fi1t3rM0d31"},"interaction":{"idSuffix":"I"}},"wdio_ui5_key":"etmportal.ui.managehandovers.view.MasterHOsap.m.SearchField{\"propertyPath\":\"/_BASIC_SEARCH_FIELD\",\"modelName\":\"fi1t3rM0d31\"}"}]}
RESULT: undefined
COMMAND: POST /session/fe219389c4a652ed804fe0697356972e/execute/async - {"script":"<script> [776 bytes]","args":[{"enterText":"30806","selector":{"controlType":"sap.m.SearchField","viewName":"etm.portal.ui.managehandovers.view.MasterHO","bindingPath":{"propertyPath":"/_BASIC_SEARCH_FIELD","modelName":"fi1t3rM0d31"},"interaction":{"idSuffix":"I"}},"clearTextFirst":true,"interactionType":"ENTER_TEXT"}]}
RESULT: {"script":"<script> [776 bytes]","args":[{"enterText":"30806","selector":{"controlType":"sap.m.SearchField","viewName":"etm.portal.ui.managehandovers.view.MasterHO","bindingPath":{"propertyPath":"/_BASIC_SEARCH_FIELD","modelName":"fi1t3rM0d31"},"interaction":{"idSuffix":"I"}},"clearTextFirst":true,"interactionType":"ENTER_TEXT"}]}
COMMAND: POST /session/fe219389c4a652ed804fe0697356972e/actions - {"actions":[{"id":"action24","type":"key","parameters":{},"actions":[{"type":"keyDown","value":""},{"type":"pause","duration":10},{"type":"keyUp","value":""}]}]}
RESULT: {"actions":[{"id":"action24","type":"key","parameters":{},"actions":[{"type":"keyDown","value":""},{"type":"pause","duration":10},{"type":"keyUp","value":""}]}]}
COMMAND: GET /session/fe219389c4a652ed804fe0697356972e/screenshot - {}
RESULT: {}
COMMAND: POST /session/fe219389c4a652ed804fe0697356972e/execute/async - {"script":"<script> [1562 bytes]","args":[{"selector":{"controlType":"sap.ui.core.Icon","viewName":"etm.portal.ui.managehandovers.view.MasterHO","properties":{"src":{"regex":{"source":"slim\\-arrow\\-right"}}}},"wdio_ui5_key":"etmportal.ui.managehandovers.view.MasterHOsap.ui.core.Icon{\"src\":{\"regex\":{\"source\":\"slim\\\\-arrow\\\\-right\"}}}"}]}
RESULT: {"script":"<script> [1562 bytes]","args":[{"selector":{"controlType":"sap.ui.core.Icon","viewName":"etm.portal.ui.managehandovers.view.MasterHO","properties":{"src":{"regex":{"source":"slim\\-arrow\\-right"}}}},"wdio_ui5_key":"etmportal.ui.managehandovers.view.MasterHOsap.ui.core.Icon{\"src\":{\"regex\":{\"source\":\"slim\\\\-arrow\\\\-right\"}}}"}]}
RESULT: undefined
COMMAND: POST /session/fe219389c4a652ed804fe0697356972e/element - {"using":"xpath","value":"//*[@id=\"__item1723-__clone3336-imgNav\"]"}
RESULT: {"using":"xpath","value":"//*[@id=\"__item1723-__clone3336-imgNav\"]"}
COMMAND: POST /session/fe219389c4a652ed804fe0697356972e/element/f.AE569C338F7BE8C487FB69BDD94B5641.d.A09D7D7904DDB4863B33C6DD9EB5858E.e.7710/click - {}
RESULT: {}
COMMAND: GET /session/fe219389c4a652ed804fe0697356972e/screenshot - {}
RESULT: {}
COMMAND: POST /session/fe219389c4a652ed804fe0697356972e/element - {"using":"xpath","value":"//button[@data-kt=\"IssuingTableConfirmAllButton\"]"}
RESULT: {"using":"xpath","value":"//button[@data-kt=\"IssuingTableConfirmAllButton\"]"}
COMMAND: POST /session/fe219389c4a652ed804fe0697356972e/element/f.AE569C338F7BE8C487FB69BDD94B5641.d.A09D7D7904DDB4863B33C6DD9EB5858E.e.7807/click - {}
RESULT: {}
COMMAND: GET /session/fe219389c4a652ed804fe0697356972e/screenshot - {}
RESULT: {}
COMMAND: POST /session/fe219389c4a652ed804fe0697356972e/element - {"using":"xpath","value":"//bdi[contains(text(), \"OK\")]"}
RESULT: {"using":"xpath","value":"//bdi[contains(text(), \"OK\")]"}
COMMAND: POST /session/fe219389c4a652ed804fe0697356972e/element/f.AE569C338F7BE8C487FB69BDD94B5641.d.A09D7D7904DDB4863B33C6DD9EB5858E.e.7813/click - {}
RESULT: {}
COMMAND: GET /session/fe219389c4a652ed804fe0697356972e/screenshot - {}
RESULT: {}
COMMAND: POST /session/fe219389c4a652ed804fe0697356972e/element - {"using":"xpath","value":"//button[@data-kt=\"execHoIssueButton\"]"}
RESULT: {"using":"xpath","value":"//button[@data-kt=\"execHoIssueButton\"]"}
COMMAND: POST /session/fe219389c4a652ed804fe0697356972e/element/f.AE569C338F7BE8C487FB69BDD94B5641.d.A09D7D7904DDB4863B33C6DD9EB5858E.e.7815/click - {}
RESULT: {}
COMMAND: GET /session/fe219389c4a652ed804fe0697356972e/screenshot - {}
RESULT: {}
RESULT: undefined
COMMAND: POST /session/fe219389c4a652ed804fe0697356972e/execute/async - {"script":"<script> [776 bytes]","args":[{"enterText":"30806","selector":{"controlType":"sap.m.SearchField","viewName":"etm.portal.ui.managehandovers.view.MasterHO","bindingPath":{"propertyPath":"/_BASIC_SEARCH_FIELD","modelName":"fi1t3rM0d31"},"interaction":{"idSuffix":"I"}},"clearTextFirst":true,"interactionType":"ENTER_TEXT"}]}
RESULT: {"script":"<script> [776 bytes]","args":[{"enterText":"30806","selector":{"controlType":"sap.m.SearchField","viewName":"etm.portal.ui.managehandovers.view.MasterHO","bindingPath":{"propertyPath":"/_BASIC_SEARCH_FIELD","modelName":"fi1t3rM0d31"},"interaction":{"idSuffix":"I"}},"clearTextFirst":true,"interactionType":"ENTER_TEXT"}]}
COMMAND: POST /session/fe219389c4a652ed804fe0697356972e/actions - {"actions":[{"id":"action25","type":"key","parameters":{},"actions":[{"type":"keyDown","value":""},{"type":"pause","duration":10},{"type":"keyUp","value":""}]}]}
RESULT: {"actions":[{"id":"action25","type":"key","parameters":{},"actions":[{"type":"keyDown","value":""},{"type":"pause","duration":10},{"type":"keyUp","value":""}]}]}
COMMAND: GET /session/fe219389c4a652ed804fe0697356972e/screenshot - {}
RESULT: {}
COMMAND: POST /session/fe219389c4a652ed804fe0697356972e/element - {"using":"xpath","value":"//span[(text() = '30806' or . = '30806')]"}
RESULT: {"using":"xpath","value":"//span[(text() = '30806' or . = '30806')]"}
COMMAND: POST /session/fe219389c4a652ed804fe0697356972e/element/f.AE569C338F7BE8C487FB69BDD94B5641.d.A09D7D7904DDB4863B33C6DD9EB5858E.e.7861/click - {}
RESULT: {}
COMMAND: GET /session/fe219389c4a652ed804fe0697356972e/screenshot - {}
RESULT: {}
COMMAND: POST /session/fe219389c4a652ed804fe0697356972e/element - {"using":"xpath","value":"//span[contains(text(), \"Instructions\")]"}
RESULT: {"using":"xpath","value":"//span[contains(text(), \"Instructions\")]"}
COMMAND: POST /session/fe219389c4a652ed804fe0697356972e/element/f.AE569C338F7BE8C487FB69BDD94B5641.d.A09D7D7904DDB4863B33C6DD9EB5858E.e.7903/click - {}
RESULT: {}
COMMAND: GET /session/fe219389c4a652ed804fe0697356972e/screenshot - {}
RESULT: {}
COMMAND: POST /session/fe219389c4a652ed804fe0697356972e/element - {"using":"xpath","value":"//span[contains(text(), \"Instructions\")]"}
RESULT: {"using":"xpath","value":"//span[contains(text(), \"Instructions\")]"}
COMMAND: POST /session/fe219389c4a652ed804fe0697356972e/element/f.AE569C338F7BE8C487FB69BDD94B5641.d.A09D7D7904DDB4863B33C6DD9EB5858E.e.7903/click - {}
RESULT: {}
COMMAND: GET /session/fe219389c4a652ed804fe0697356972e/screenshot - {}
RESULT: {}
COMMAND: POST /session/fe219389c4a652ed804fe0697356972e/execute/async - {"script":"<script> [1562 bytes]","args":[{"selector":{"controlType":"sap.m.ComboBox","viewName":"etm.portal.ui.managehandovers.view.DetailExecuteHO","bindingPath":{"propertyPath":"RECEIVING_SECTION","modelName":"catalogModel"},"interaction":{"idSuffix":"inner"}},"wdio_ui5_key":"etmportal.ui.managehandovers.view.DetailExecuteHOsap.m.ComboBox{\"propertyPath\":\"RECEIVING_SECTION\",\"modelName\":\"catalogModel\"}"}]}
RESULT: {"script":"<script> [1562 bytes]","args":[{"selector":{"controlType":"sap.m.ComboBox","viewName":"etm.portal.ui.managehandovers.view.DetailExecuteHO","bindingPath":{"propertyPath":"RECEIVING_SECTION","modelName":"catalogModel"},"interaction":{"idSuffix":"inner"}},"wdio_ui5_key":"etmportal.ui.managehandovers.view.DetailExecuteHOsap.m.ComboBox{\"propertyPath\":\"RECEIVING_SECTION\",\"modelName\":\"catalogModel\"}"}]}
RESULT: undefined
COMMAND: POST /session/fe219389c4a652ed804fe0697356972e/execute/async - {"script":"<script> [776 bytes]","args":[{"enterText":"WDIO-2236","selector":{"controlType":"sap.m.ComboBox","viewName":"etm.portal.ui.managehandovers.view.DetailExecuteHO","bindingPath":{"propertyPath":"RECEIVING_SECTION","modelName":"catalogModel"},"interaction":{"idSuffix":"inner"}},"clearTextFirst":true,"interactionType":"ENTER_TEXT"}]}
RESULT: {"script":"<script> [776 bytes]","args":[{"enterText":"WDIO-2236","selector":{"controlType":"sap.m.ComboBox","viewName":"etm.portal.ui.managehandovers.view.DetailExecuteHO","bindingPath":{"propertyPath":"RECEIVING_SECTION","modelName":"catalogModel"},"interaction":{"idSuffix":"inner"}},"clearTextFirst":true,"interactionType":"ENTER_TEXT"}]}
COMMAND: POST /session/fe219389c4a652ed804fe0697356972e/actions - {"actions":[{"id":"action26","type":"key","parameters":{},"actions":[{"type":"keyDown","value":""},{"type":"pause","duration":10},{"type":"keyUp","value":""}]}]}
RESULT: {"actions":[{"id":"action26","type":"key","parameters":{},"actions":[{"type":"keyDown","value":""},{"type":"pause","duration":10},{"type":"keyUp","value":""}]}]}
COMMAND: GET /session/fe219389c4a652ed804fe0697356972e/screenshot - {}
RESULT: {}
COMMAND: POST /session/fe219389c4a652ed804fe0697356972e/element - {"using":"xpath","value":"//button[@data-kt= \"execHoReceiveButton\"]"}
RESULT: {"using":"xpath","value":"//button[@data-kt= \"execHoReceiveButton\"]"}
COMMAND: POST /session/fe219389c4a652ed804fe0697356972e/element/f.AE569C338F7BE8C487FB69BDD94B5641.d.A09D7D7904DDB4863B33C6DD9EB5858E.e.7909/click - {}
RESULT: {}
COMMAND: GET /session/fe219389c4a652ed804fe0697356972e/screenshot - {}
RESULT: {}
COMMAND: POST /session/fe219389c4a652ed804fe0697356972e/execute/async - {"script":"<script> [1562 bytes]","args":[{"selector":{"controlType":"sap.m.Button","properties":{"text":"Continue"},"searchOpenDialogs":true,"interaction":{"idSuffix":"content"}},"wdio_ui5_key":"sapm.Button{\"text\":\"Continue\"}"}]}
RESULT: {"script":"<script> [1562 bytes]","args":[{"selector":{"controlType":"sap.m.Button","properties":{"text":"Continue"},"searchOpenDialogs":true,"interaction":{"idSuffix":"content"}},"wdio_ui5_key":"sapm.Button{\"text\":\"Continue\"}"}]}
RESULT: undefined
COMMAND: POST /session/fe219389c4a652ed804fe0697356972e/element - {"using":"xpath","value":"//*[@id=\"__mbox-btn-6\"]"}
RESULT: {"using":"xpath","value":"//*[@id=\"__mbox-btn-6\"]"}
COMMAND: POST /session/fe219389c4a652ed804fe0697356972e/element/f.AE569C338F7BE8C487FB69BDD94B5641.d.A09D7D7904DDB4863B33C6DD9EB5858E.e.7910/click - {}
RESULT: {}
COMMAND: GET /session/fe219389c4a652ed804fe0697356972e/screenshot - {}
RESULT: {}
COMMAND: POST /session/fe219389c4a652ed804fe0697356972e/element - {"using":"css selector","value":"#shell-header-logo"}
RESULT: {"using":"css selector","value":"#shell-header-logo"}
COMMAND: POST /session/fe219389c4a652ed804fe0697356972e/element/f.AE569C338F7BE8C487FB69BDD94B5641.d.A09D7D7904DDB4863B33C6DD9EB5858E.e.7449/click - {}
RESULT: {}
COMMAND: GET /session/fe219389c4a652ed804fe0697356972e/screenshot - {}
RESULT: {}
]]></system-out>
    </testcase>
    <testcase classname="chrome.136_0_7103_93.windows.Provide_to_Site_w/_warehouse_management_w_clarification" name="Should test for Clarification" time="66.661">
      <system-out><![CDATA[
RESULT: undefined
COMMAND: POST /session/fe219389c4a652ed804fe0697356972e/element - {"using":"xpath","value":"//*[@id=\"__tile131\"]"}
RESULT: {"using":"xpath","value":"//*[@id=\"__tile131\"]"}
COMMAND: POST /session/fe219389c4a652ed804fe0697356972e/element/f.AE569C338F7BE8C487FB69BDD94B5641.d.A09D7D7904DDB4863B33C6DD9EB5858E.e.4764/click - {}
RESULT: {}
COMMAND: GET /session/fe219389c4a652ed804fe0697356972e/screenshot - {}
RESULT: {}
COMMAND: POST /session/fe219389c4a652ed804fe0697356972e/elements - {"using":"xpath","value":"//span[text()='Error']"}
RESULT: {"using":"xpath","value":"//span[text()='Error']"}
RESULT: undefined
COMMAND: POST /session/fe219389c4a652ed804fe0697356972e/execute/async - {"script":"<script> [776 bytes]","args":[{"enterText":"30806","selector":{"controlType":"sap.m.SearchField","viewName":"etm.portal.ui.managehandovers.view.MasterHO","bindingPath":{"propertyPath":"/_BASIC_SEARCH_FIELD","modelName":"fi1t3rM0d31"},"interaction":{"idSuffix":"I"}},"clearTextFirst":true,"interactionType":"ENTER_TEXT"}]}
RESULT: {"script":"<script> [776 bytes]","args":[{"enterText":"30806","selector":{"controlType":"sap.m.SearchField","viewName":"etm.portal.ui.managehandovers.view.MasterHO","bindingPath":{"propertyPath":"/_BASIC_SEARCH_FIELD","modelName":"fi1t3rM0d31"},"interaction":{"idSuffix":"I"}},"clearTextFirst":true,"interactionType":"ENTER_TEXT"}]}
COMMAND: POST /session/fe219389c4a652ed804fe0697356972e/actions - {"actions":[{"id":"action27","type":"key","parameters":{},"actions":[{"type":"keyDown","value":""},{"type":"pause","duration":10},{"type":"keyUp","value":""}]}]}
RESULT: {"actions":[{"id":"action27","type":"key","parameters":{},"actions":[{"type":"keyDown","value":""},{"type":"pause","duration":10},{"type":"keyUp","value":""}]}]}
COMMAND: GET /session/fe219389c4a652ed804fe0697356972e/screenshot - {}
RESULT: {}
COMMAND: POST /session/fe219389c4a652ed804fe0697356972e/element - {"using":"xpath","value":"//span[(text() = '30806' or . = '30806')]"}
RESULT: {"using":"xpath","value":"//span[(text() = '30806' or . = '30806')]"}
COMMAND: POST /session/fe219389c4a652ed804fe0697356972e/element/f.AE569C338F7BE8C487FB69BDD94B5641.d.A09D7D7904DDB4863B33C6DD9EB5858E.e.8080/click - {}
RESULT: {}
COMMAND: GET /session/fe219389c4a652ed804fe0697356972e/screenshot - {}
RESULT: {}
COMMAND: POST /session/fe219389c4a652ed804fe0697356972e/element - {"using":"xpath","value":"//span[contains(text(), \"Instructions\")]"}
RESULT: {"using":"xpath","value":"//span[contains(text(), \"Instructions\")]"}
COMMAND: POST /session/fe219389c4a652ed804fe0697356972e/element/f.AE569C338F7BE8C487FB69BDD94B5641.d.A09D7D7904DDB4863B33C6DD9EB5858E.e.8176/click - {}
RESULT: {}
COMMAND: GET /session/fe219389c4a652ed804fe0697356972e/screenshot - {}
RESULT: {}
COMMAND: POST /session/fe219389c4a652ed804fe0697356972e/element - {"using":"xpath","value":"//span[contains(text(), \"Instructions\")]"}
RESULT: {"using":"xpath","value":"//span[contains(text(), \"Instructions\")]"}
COMMAND: POST /session/fe219389c4a652ed804fe0697356972e/element/f.AE569C338F7BE8C487FB69BDD94B5641.d.A09D7D7904DDB4863B33C6DD9EB5858E.e.8176/click - {}
RESULT: {}
COMMAND: GET /session/fe219389c4a652ed804fe0697356972e/screenshot - {}
RESULT: {}
COMMAND: POST /session/fe219389c4a652ed804fe0697356972e/element - {"using":"xpath","value":"//button[.//bdi[text() = \"Refuse\"]]"}
RESULT: {"using":"xpath","value":"//button[.//bdi[text() = \"Refuse\"]]"}
COMMAND: POST /session/fe219389c4a652ed804fe0697356972e/element/f.AE569C338F7BE8C487FB69BDD94B5641.d.A09D7D7904DDB4863B33C6DD9EB5858E.e.8182/click - {}
RESULT: {}
COMMAND: GET /session/fe219389c4a652ed804fe0697356972e/screenshot - {}
RESULT: {}
COMMAND: POST /session/fe219389c4a652ed804fe0697356972e/element - {"using":"xpath","value":"//button[@data-kt= \"execHoReceiveRefuseButton\"]"}
RESULT: {"using":"xpath","value":"//button[@data-kt= \"execHoReceiveRefuseButton\"]"}
COMMAND: POST /session/fe219389c4a652ed804fe0697356972e/element/f.AE569C338F7BE8C487FB69BDD94B5641.d.A09D7D7904DDB4863B33C6DD9EB5858E.e.8184/click - {}
RESULT: {}
COMMAND: GET /session/fe219389c4a652ed804fe0697356972e/screenshot - {}
RESULT: {}
COMMAND: POST /session/fe219389c4a652ed804fe0697356972e/element - {"using":"css selector","value":"#shell-header-logo"}
RESULT: {"using":"css selector","value":"#shell-header-logo"}
COMMAND: POST /session/fe219389c4a652ed804fe0697356972e/element/f.AE569C338F7BE8C487FB69BDD94B5641.d.A09D7D7904DDB4863B33C6DD9EB5858E.e.7966/click - {}
RESULT: {}
COMMAND: GET /session/fe219389c4a652ed804fe0697356972e/screenshot - {}
RESULT: {}
COMMAND: POST /session/fe219389c4a652ed804fe0697356972e/element - {"using":"css selector","value":"#j_username"}
COMMAND: POST /session/fe219389c4a652ed804fe0697356972e/url - {"url":"https://qa-testing-00-live-etm-ui.cfapps.eu10-004.hana.ondemand.com/"}
RESULT: {"using":"css selector","value":"#j_username"}
COMMAND: POST /session/fe219389c4a652ed804fe0697356972e/element - {"using":"css selector","value":"#j_username"}
RESULT: {"url":"https://qa-testing-00-live-etm-ui.cfapps.eu10-004.hana.ondemand.com/"}
RESULT: undefined
COMMAND: GET /session/fe219389c4a652ed804fe0697356972e/screenshot - {}
RESULT: {"using":"css selector","value":"#j_username"}
COMMAND: POST /session/fe219389c4a652ed804fe0697356972e/element - {"using":"css selector","value":"#shell-header-logo"}
RESULT: {}
RESULT: {"using":"css selector","value":"#shell-header-logo"}
COMMAND: POST /session/fe219389c4a652ed804fe0697356972e/execute/sync - {"script":"<script> [8489 bytes]","args":[{"element-6066-11e4-a52e-4f735466cecf":"f.AE569C338F7BE8C487FB69BDD94B5641.d.D81147AF60EAACA38028B1D16BD55723.e.8253","ELEMENT":"f.AE569C338F7BE8C487FB69BDD94B5641.d.D81147AF60EAACA38028B1D16BD55723.e.8253"}]}
RESULT: {"script":"<script> [8489 bytes]","args":[{"element-6066-11e4-a52e-4f735466cecf":"f.AE569C338F7BE8C487FB69BDD94B5641.d.D81147AF60EAACA38028B1D16BD55723.e.8253","ELEMENT":"f.AE569C338F7BE8C487FB69BDD94B5641.d.D81147AF60EAACA38028B1D16BD55723.e.8253"}]}
COMMAND: POST /session/fe219389c4a652ed804fe0697356972e/element - {"using":"css selector","value":"#shell-header-logo"}
COMMAND: GET /session/fe219389c4a652ed804fe0697356972e/screenshot - {}
RESULT: {"using":"css selector","value":"#shell-header-logo"}
COMMAND: POST /session/fe219389c4a652ed804fe0697356972e/execute/sync - {"script":"<script> [8489 bytes]","args":[{"element-6066-11e4-a52e-4f735466cecf":"f.AE569C338F7BE8C487FB69BDD94B5641.d.D81147AF60EAACA38028B1D16BD55723.e.8253","ELEMENT":"f.AE569C338F7BE8C487FB69BDD94B5641.d.D81147AF60EAACA38028B1D16BD55723.e.8253"}]}
RESULT: {}
RESULT: {"script":"<script> [8489 bytes]","args":[{"element-6066-11e4-a52e-4f735466cecf":"f.AE569C338F7BE8C487FB69BDD94B5641.d.D81147AF60EAACA38028B1D16BD55723.e.8253","ELEMENT":"f.AE569C338F7BE8C487FB69BDD94B5641.d.D81147AF60EAACA38028B1D16BD55723.e.8253"}]}
COMMAND: POST /session/fe219389c4a652ed804fe0697356972e/execute/sync - {"script":"<script> [5351 bytes]","args":[{"element-6066-11e4-a52e-4f735466cecf":"f.AE569C338F7BE8C487FB69BDD94B5641.d.D81147AF60EAACA38028B1D16BD55723.e.8253","ELEMENT":"f.AE569C338F7BE8C487FB69BDD94B5641.d.D81147AF60EAACA38028B1D16BD55723.e.8253"}]}
COMMAND: GET /session/fe219389c4a652ed804fe0697356972e/screenshot - {}
RESULT: {"script":"<script> [5351 bytes]","args":[{"element-6066-11e4-a52e-4f735466cecf":"f.AE569C338F7BE8C487FB69BDD94B5641.d.D81147AF60EAACA38028B1D16BD55723.e.8253","ELEMENT":"f.AE569C338F7BE8C487FB69BDD94B5641.d.D81147AF60EAACA38028B1D16BD55723.e.8253"}]}
COMMAND: POST /session/fe219389c4a652ed804fe0697356972e/element - {"using":"css selector","value":"#shell-header-logo"}
COMMAND: GET /session/fe219389c4a652ed804fe0697356972e/screenshot - {}
RESULT: {}
RESULT: {"using":"css selector","value":"#shell-header-logo"}
COMMAND: POST /session/fe219389c4a652ed804fe0697356972e/element/f.AE569C338F7BE8C487FB69BDD94B5641.d.D81147AF60EAACA38028B1D16BD55723.e.8253/click - {}
RESULT: {}
RESULT: {}
COMMAND: GET /session/fe219389c4a652ed804fe0697356972e/screenshot - {}
RESULT: {}
COMMAND: POST /session/fe219389c4a652ed804fe0697356972e/execute/async - {"script":"<script> [189 bytes]","args":[]}
RESULT: {"script":"<script> [189 bytes]","args":[]}
COMMAND: POST /session/fe219389c4a652ed804fe0697356972e/execute/async - {"script":"<script> [123 bytes]","args":[]}
RESULT: {"script":"<script> [123 bytes]","args":[]}
COMMAND: POST /session/fe219389c4a652ed804fe0697356972e/timeouts - {"script":"<number>"}
RESULT: {"script":"<number>"}
COMMAND: GET /session/fe219389c4a652ed804fe0697356972e/timeouts - {}
RESULT: {}
RESULT: undefined
COMMAND: POST /session/fe219389c4a652ed804fe0697356972e/execute/async - {"script":"<script> [2676 bytes]","args":[]}
RESULT: {"script":"<script> [2676 bytes]","args":[]}
COMMAND: POST /session/fe219389c4a652ed804fe0697356972e/execute/async - {"script":"<script> [2342 bytes]","args":[{"protocol":"http","hostname":"0.0.0.0","path":"/","capabilities":{"browserName":"chrome","goog:chromeOptions":{"binary":"C:\\Program Files\\Google\\Chrome\\Application\\chrome.exe","args":["--start-maximized"]}},"logLevel":"warn","connectionRetryTimeout":120000,"connectionRetryCount":3,"logLevels":{},"enableDirectConnect":true,"strictSSL":true,"_":"65 more keys: [\"cacheDir\",\"port\",\"requestedCapabilities\",\"automationProtocol\",\"baseUrl\",\"waitforInterval\",\"waitforTimeout\",\"onReload\",\"beforeCommand\",\"afterCommand\",\"rootDir\",\"specs\",\"suites\",\"exclude\",\"groupLogsByTestSpec\",\"excludeDriverLogs\",\"bail\",\"framework\",\"reporters\",\"services\",\"maxInstances\",\"maxInstancesPerCapability\",\"injectGlobals\",\"filesToWatch\",\"execArgv\",\"runnerEnv\",\"runner\",\"shard\",\"specFileRetries\",\"specFileRetriesDelay\",\"specFileRetriesDeferred\",\"reporterSyncInterval\",\"reporterSyncTimeout\",\"cucumberFeaturesWithLineNumbers\",\"autoCompileOpts\",\"mochaOpts\",\"jasmineOpts\",\"cucumberOpts\",\"onPrepare\",\"onWorkerStart\",\"onWorkerEnd\",\"before\",\"beforeSession\",\"beforeSuite\",\"beforeHook\",\"beforeTest\",\"afterTest\",\"afterHook\",\"afterSuite\",\"afterSession\",\"after\",\"onComplete\",\"beforeAssertion\",\"afterAssertion\",\"beforeFeature\",\"beforeScenario\",\"beforeStep\",\"afterStep\",\"afterScenario\",\"afterFeature\",\"_\",\"suite\",\"$0\",\"ignoredWorkerServices\",\"wdi5\"]"}]}
RESULT: {"script":"<script> [2342 bytes]","args":[{"protocol":"http","hostname":"0.0.0.0","path":"/","capabilities":{"browserName":"chrome","goog:chromeOptions":{"binary":"C:\\Program Files\\Google\\Chrome\\Application\\chrome.exe","args":["--start-maximized"]}},"logLevel":"warn","connectionRetryTimeout":120000,"connectionRetryCount":3,"logLevels":{},"enableDirectConnect":true,"strictSSL":true,"_":"65 more keys: [\"cacheDir\",\"port\",\"requestedCapabilities\",\"automationProtocol\",\"baseUrl\",\"waitforInterval\",\"waitforTimeout\",\"onReload\",\"beforeCommand\",\"afterCommand\",\"rootDir\",\"specs\",\"suites\",\"exclude\",\"groupLogsByTestSpec\",\"excludeDriverLogs\",\"bail\",\"framework\",\"reporters\",\"services\",\"maxInstances\",\"maxInstancesPerCapability\",\"injectGlobals\",\"filesToWatch\",\"execArgv\",\"runnerEnv\",\"runner\",\"shard\",\"specFileRetries\",\"specFileRetriesDelay\",\"specFileRetriesDeferred\",\"reporterSyncInterval\",\"reporterSyncTimeout\",\"cucumberFeaturesWithLineNumbers\",\"autoCompileOpts\",\"mochaOpts\",\"jasmineOpts\",\"cucumberOpts\",\"onPrepare\",\"onWorkerStart\",\"onWorkerEnd\",\"before\",\"beforeSession\",\"beforeSuite\",\"beforeHook\",\"beforeTest\",\"afterTest\",\"afterHook\",\"afterSuite\",\"afterSession\",\"after\",\"onComplete\",\"beforeAssertion\",\"afterAssertion\",\"beforeFeature\",\"beforeScenario\",\"beforeStep\",\"afterStep\",\"afterScenario\",\"afterFeature\",\"_\",\"suite\",\"$0\",\"ignoredWorkerServices\",\"wdi5\"]"}]}
COMMAND: POST /session/fe219389c4a652ed804fe0697356972e/execute/async - {"script":"<script> [21126 bytes]","args":[35000]}
RESULT: {"script":"<script> [21126 bytes]","args":[35000]}
COMMAND: POST /session/fe219389c4a652ed804fe0697356972e/window/maximize - {}
RESULT: {}
COMMAND: POST /session/fe219389c4a652ed804fe0697356972e/execute/async - {"script":"<script> [1562 bytes]","args":[{"selector":{"id":"shell-header","interaction":{"idSuffix":"icon"}},"wdio_ui5_key":"shellheader"}]}
COMMAND: GET /session/fe219389c4a652ed804fe0697356972e/screenshot - {}
RESULT: {"script":"<script> [1562 bytes]","args":[{"selector":{"id":"shell-header","interaction":{"idSuffix":"icon"}},"wdio_ui5_key":"shellheader"}]}
RESULT: undefined
COMMAND: POST /session/fe219389c4a652ed804fe0697356972e/window/fullscreen - {}
RESULT: {}
RESULT: {}
]]></system-out>
    </testcase>
  </testsuite>
  <testsuite timestamp="2025-05-29T16:39:09" time="134.014" tests="6" failures="0" errors="0" skipped="0">
    <properties>
      <property name="specId" value="0"/>
      <property name="suiteName" value="Provide to Site w/ warehouse management w/o clarification US113782 "/>
      <property name="capabilities" value="chrome.136_0_7103_93.windows"/>
      <property name="file" value="file:///D:/a/1/s/test/specs/HTR/provide-to-site-w-warehouse-wo-clarification.spec.js"/>
    </properties>
    <testcase classname="chrome.136_0_7103_93.windows.Provide_to_Site_w/_warehouse_management_w/o_clarification_US113782_" name="Should create a new WHM yard" time="0.01">
      <system-out><![CDATA[
COMMAND: POST /session/fe219389c4a652ed804fe0697356972e/window/fullscreen - {}
RESULT: {}
]]></system-out>
    </testcase>
    <testcase classname="chrome.136_0_7103_93.windows.Provide_to_Site_w/_warehouse_management_w/o_clarification_US113782_" name="Should create a new external WHM partner" time="0.003"/>
    <testcase classname="chrome.136_0_7103_93.windows.Provide_to_Site_w/_warehouse_management_w/o_clarification_US113782_" name="Should create a new WHM site" time="0.004"/>
    <testcase classname="chrome.136_0_7103_93.windows.Provide_to_Site_w/_warehouse_management_w/o_clarification_US113782_" name="Should create a new material" time="119.081">
      <system-out><![CDATA[
COMMAND: POST /session/fe219389c4a652ed804fe0697356972e/execute/async - {"script":"<script> [1562 bytes]","args":[{"selector":{"controlType":"sap.m.GenericTile","properties":{"header":"Manage Resources"}},"wdio_ui5_key":"sapm.GenericTile{\"header\":\"Manage Resources\"}"}]}
RESULT: {"script":"<script> [1562 bytes]","args":[{"selector":{"controlType":"sap.m.GenericTile","properties":{"header":"Manage Resources"}},"wdio_ui5_key":"sapm.GenericTile{\"header\":\"Manage Resources\"}"}]}
RESULT: undefined
COMMAND: POST /session/fe219389c4a652ed804fe0697356972e/element - {"using":"xpath","value":"//*[@id=\"__tile31\"]"}
RESULT: {"using":"xpath","value":"//*[@id=\"__tile31\"]"}
COMMAND: POST /session/fe219389c4a652ed804fe0697356972e/element/f.AE569C338F7BE8C487FB69BDD94B5641.d.D81147AF60EAACA38028B1D16BD55723.e.8272/click - {}
RESULT: {}
COMMAND: GET /session/fe219389c4a652ed804fe0697356972e/screenshot - {}
RESULT: {}
COMMAND: POST /session/fe219389c4a652ed804fe0697356972e/elements - {"using":"xpath","value":"//span[text()='Error']"}
RESULT: {"using":"xpath","value":"//span[text()='Error']"}
COMMAND: POST /session/fe219389c4a652ed804fe0697356972e/element - {"using":"xpath","value":"//button[@data-kt=\"addNewRUOverflowToolbarButton\"]"}
RESULT: {"using":"xpath","value":"//button[@data-kt=\"addNewRUOverflowToolbarButton\"]"}
COMMAND: POST /session/fe219389c4a652ed804fe0697356972e/elements - {"using":"xpath","value":"//button[@data-kt=\"addNewRUOverflowToolbarButton\"]"}
RESULT: {"using":"xpath","value":"//button[@data-kt=\"addNewRUOverflowToolbarButton\"]"}
COMMAND: POST /session/fe219389c4a652ed804fe0697356972e/execute/sync - {"script":"<script> [8489 bytes]","args":[{"element-6066-11e4-a52e-4f735466cecf":"f.AE569C338F7BE8C487FB69BDD94B5641.d.D81147AF60EAACA38028B1D16BD55723.e.8414","ELEMENT":"f.AE569C338F7BE8C487FB69BDD94B5641.d.D81147AF60EAACA38028B1D16BD55723.e.8414"}]}
RESULT: {"script":"<script> [8489 bytes]","args":[{"element-6066-11e4-a52e-4f735466cecf":"f.AE569C338F7BE8C487FB69BDD94B5641.d.D81147AF60EAACA38028B1D16BD55723.e.8414","ELEMENT":"f.AE569C338F7BE8C487FB69BDD94B5641.d.D81147AF60EAACA38028B1D16BD55723.e.8414"}]}
COMMAND: GET /session/fe219389c4a652ed804fe0697356972e/element/f.AE569C338F7BE8C487FB69BDD94B5641.d.D81147AF60EAACA38028B1D16BD55723.e.8414/enabled - {}
COMMAND: GET /session/fe219389c4a652ed804fe0697356972e/screenshot - {}
RESULT: {}
COMMAND: POST /session/fe219389c4a652ed804fe0697356972e/execute/sync - {"script":"<script> [8489 bytes]","args":[{"element-6066-11e4-a52e-4f735466cecf":"f.AE569C338F7BE8C487FB69BDD94B5641.d.D81147AF60EAACA38028B1D16BD55723.e.8414","ELEMENT":"f.AE569C338F7BE8C487FB69BDD94B5641.d.D81147AF60EAACA38028B1D16BD55723.e.8414"}]}
COMMAND: GET /session/fe219389c4a652ed804fe0697356972e/screenshot - {}
RESULT: {}
RESULT: {"script":"<script> [8489 bytes]","args":[{"element-6066-11e4-a52e-4f735466cecf":"f.AE569C338F7BE8C487FB69BDD94B5641.d.D81147AF60EAACA38028B1D16BD55723.e.8414","ELEMENT":"f.AE569C338F7BE8C487FB69BDD94B5641.d.D81147AF60EAACA38028B1D16BD55723.e.8414"}]}
COMMAND: POST /session/fe219389c4a652ed804fe0697356972e/execute/sync - {"script":"<script> [5351 bytes]","args":[{"element-6066-11e4-a52e-4f735466cecf":"f.AE569C338F7BE8C487FB69BDD94B5641.d.D81147AF60EAACA38028B1D16BD55723.e.8414","ELEMENT":"f.AE569C338F7BE8C487FB69BDD94B5641.d.D81147AF60EAACA38028B1D16BD55723.e.8414"}]}
COMMAND: GET /session/fe219389c4a652ed804fe0697356972e/screenshot - {}
RESULT: {}
RESULT: {"script":"<script> [5351 bytes]","args":[{"element-6066-11e4-a52e-4f735466cecf":"f.AE569C338F7BE8C487FB69BDD94B5641.d.D81147AF60EAACA38028B1D16BD55723.e.8414","ELEMENT":"f.AE569C338F7BE8C487FB69BDD94B5641.d.D81147AF60EAACA38028B1D16BD55723.e.8414"}]}
COMMAND: POST /session/fe219389c4a652ed804fe0697356972e/element/f.AE569C338F7BE8C487FB69BDD94B5641.d.D81147AF60EAACA38028B1D16BD55723.e.8414/click - {}
COMMAND: GET /session/fe219389c4a652ed804fe0697356972e/screenshot - {}
RESULT: {}
RESULT: {}
COMMAND: GET /session/fe219389c4a652ed804fe0697356972e/screenshot - {}
RESULT: {}
COMMAND: POST /session/fe219389c4a652ed804fe0697356972e/execute/async - {"script":"<script> [1562 bytes]","args":[{"selector":{"id":"application-manageresources-display-component---newResourceUnit--TYPE-arrow"},"wdio_ui5_key":"applicationmanageresources-display-component---newResourceUnit--TYPE-arrow"}]}
RESULT: {}
RESULT: {"script":"<script> [1562 bytes]","args":[{"selector":{"id":"application-manageresources-display-component---newResourceUnit--TYPE-arrow"},"wdio_ui5_key":"applicationmanageresources-display-component---newResourceUnit--TYPE-arrow"}]}
RESULT: undefined
COMMAND: POST /session/fe219389c4a652ed804fe0697356972e/element - {"using":"xpath","value":"//*[@id=\"application-manageresources-display-component---newResourceUnit--TYPE-arrow\"]"}
RESULT: {"using":"xpath","value":"//*[@id=\"application-manageresources-display-component---newResourceUnit--TYPE-arrow\"]"}
COMMAND: POST /session/fe219389c4a652ed804fe0697356972e/element/f.AE569C338F7BE8C487FB69BDD94B5641.d.D81147AF60EAACA38028B1D16BD55723.e.8766/click - {}
RESULT: {}
COMMAND: POST /session/fe219389c4a652ed804fe0697356972e/element - {"using":"xpath","value":"//input[@id=\"application-manageresources-display-component---newResourceUnit--TYPE-inner\"]"}
COMMAND: GET /session/fe219389c4a652ed804fe0697356972e/screenshot - {}
RESULT: {"using":"xpath","value":"//input[@id=\"application-manageresources-display-component---newResourceUnit--TYPE-inner\"]"}
COMMAND: POST /session/fe219389c4a652ed804fe0697356972e/element/f.AE569C338F7BE8C487FB69BDD94B5641.d.D81147AF60EAACA38028B1D16BD55723.e.8753/clear - {}
RESULT: {}
RESULT: {}
COMMAND: POST /session/fe219389c4a652ed804fe0697356972e/element/f.AE569C338F7BE8C487FB69BDD94B5641.d.D81147AF60EAACA38028B1D16BD55723.e.8753/value - {"text":"Material"}
COMMAND: GET /session/fe219389c4a652ed804fe0697356972e/screenshot - {}
RESULT: {"text":"Material"}
COMMAND: GET /session/fe219389c4a652ed804fe0697356972e/screenshot - {}
RESULT: {}
RESULT: {}
COMMAND: POST /session/fe219389c4a652ed804fe0697356972e/actions - {"actions":[{"id":"action28","type":"key","parameters":{},"actions":[{"type":"keyDown","value":""},{"type":"pause","duration":10},{"type":"keyUp","value":""}]}]}
RESULT: {"actions":[{"id":"action28","type":"key","parameters":{},"actions":[{"type":"keyDown","value":""},{"type":"pause","duration":10},{"type":"keyUp","value":""}]}]}
COMMAND: POST /session/fe219389c4a652ed804fe0697356972e/execute/async - {"script":"<script> [1562 bytes]","args":[{"selector":{"id":"application-manageresources-display-component---newResourceUnit--SHORT_TEXT","interaction":{"idSuffix":"inner"}},"wdio_ui5_key":"applicationmanageresources-display-component---newResourceUnit--SHORT_TEXT"}]}
COMMAND: GET /session/fe219389c4a652ed804fe0697356972e/screenshot - {}
RESULT: {"script":"<script> [1562 bytes]","args":[{"selector":{"id":"application-manageresources-display-component---newResourceUnit--SHORT_TEXT","interaction":{"idSuffix":"inner"}},"wdio_ui5_key":"applicationmanageresources-display-component---newResourceUnit--SHORT_TEXT"}]}
RESULT: undefined
COMMAND: POST /session/fe219389c4a652ed804fe0697356972e/execute/async - {"script":"<script> [776 bytes]","args":[{"enterText":"Cement WDIO","selector":{"id":"application-manageresources-display-component---newResourceUnit--SHORT_TEXT","interaction":{"idSuffix":"inner"}},"clearTextFirst":true,"interactionType":"ENTER_TEXT"}]}
RESULT: {}
RESULT: {"script":"<script> [776 bytes]","args":[{"enterText":"Cement WDIO","selector":{"id":"application-manageresources-display-component---newResourceUnit--SHORT_TEXT","interaction":{"idSuffix":"inner"}},"clearTextFirst":true,"interactionType":"ENTER_TEXT"}]}
COMMAND: POST /session/fe219389c4a652ed804fe0697356972e/execute/async - {"script":"<script> [1562 bytes]","args":[{"selector":{"id":"application-manageresources-display-component---newResourceUnit--BASE_UNIT_OF_MEASURE","interaction":{"idSuffix":"inner"}},"wdio_ui5_key":"applicationmanageresources-display-component---newResourceUnit--BASE_UNIT_OF_MEASURE"}]}
RESULT: {"script":"<script> [1562 bytes]","args":[{"selector":{"id":"application-manageresources-display-component---newResourceUnit--BASE_UNIT_OF_MEASURE","interaction":{"idSuffix":"inner"}},"wdio_ui5_key":"applicationmanageresources-display-component---newResourceUnit--BASE_UNIT_OF_MEASURE"}]}
RESULT: undefined
COMMAND: POST /session/fe219389c4a652ed804fe0697356972e/execute/async - {"script":"<script> [776 bytes]","args":[{"enterText":"Piece","selector":{"id":"application-manageresources-display-component---newResourceUnit--BASE_UNIT_OF_MEASURE","interaction":{"idSuffix":"inner"}},"clearTextFirst":true,"interactionType":"ENTER_TEXT"}]}
RESULT: {"script":"<script> [776 bytes]","args":[{"enterText":"Piece","selector":{"id":"application-manageresources-display-component---newResourceUnit--BASE_UNIT_OF_MEASURE","interaction":{"idSuffix":"inner"}},"clearTextFirst":true,"interactionType":"ENTER_TEXT"}]}
COMMAND: POST /session/fe219389c4a652ed804fe0697356972e/execute/async - {"script":"<script> [1562 bytes]","args":[{"selector":{"id":"application-manageresources-display-component---newResourceUnit--WEIGHT_UNIT","interaction":{"idSuffix":"inner"}},"wdio_ui5_key":"applicationmanageresources-display-component---newResourceUnit--WEIGHT_UNIT"}]}
RESULT: {"script":"<script> [1562 bytes]","args":[{"selector":{"id":"application-manageresources-display-component---newResourceUnit--WEIGHT_UNIT","interaction":{"idSuffix":"inner"}},"wdio_ui5_key":"applicationmanageresources-display-component---newResourceUnit--WEIGHT_UNIT"}]}
RESULT: undefined
COMMAND: POST /session/fe219389c4a652ed804fe0697356972e/execute/async - {"script":"<script> [776 bytes]","args":[{"enterText":"Gram","selector":{"id":"application-manageresources-display-component---newResourceUnit--WEIGHT_UNIT","interaction":{"idSuffix":"inner"}},"clearTextFirst":true,"interactionType":"ENTER_TEXT"}]}
RESULT: {"script":"<script> [776 bytes]","args":[{"enterText":"Gram","selector":{"id":"application-manageresources-display-component---newResourceUnit--WEIGHT_UNIT","interaction":{"idSuffix":"inner"}},"clearTextFirst":true,"interactionType":"ENTER_TEXT"}]}
COMMAND: POST /session/fe219389c4a652ed804fe0697356972e/execute/async - {"script":"<script> [1562 bytes]","args":[{"selector":{"id":"application-manageresources-display-component---newResourceUnit--DIMENSION_UNIT","interaction":{"idSuffix":"inner"}},"wdio_ui5_key":"applicationmanageresources-display-component---newResourceUnit--DIMENSION_UNIT"}]}
RESULT: {"script":"<script> [1562 bytes]","args":[{"selector":{"id":"application-manageresources-display-component---newResourceUnit--DIMENSION_UNIT","interaction":{"idSuffix":"inner"}},"wdio_ui5_key":"applicationmanageresources-display-component---newResourceUnit--DIMENSION_UNIT"}]}
RESULT: undefined
COMMAND: POST /session/fe219389c4a652ed804fe0697356972e/execute/async - {"script":"<script> [776 bytes]","args":[{"enterText":"Meter","selector":{"id":"application-manageresources-display-component---newResourceUnit--DIMENSION_UNIT","interaction":{"idSuffix":"inner"}},"clearTextFirst":true,"interactionType":"ENTER_TEXT"}]}
RESULT: {"script":"<script> [776 bytes]","args":[{"enterText":"Meter","selector":{"id":"application-manageresources-display-component---newResourceUnit--DIMENSION_UNIT","interaction":{"idSuffix":"inner"}},"clearTextFirst":true,"interactionType":"ENTER_TEXT"}]}
COMMAND: POST /session/fe219389c4a652ed804fe0697356972e/execute/async - {"script":"<script> [1562 bytes]","args":[{"selector":{"id":"application-manageresources-display-component---newResourceUnit--newRRUPage-anchBar-application-manageresources-display-component---newResourceUnit--control-anchor","interaction":{"idSuffix":"BDI-content"}},"wdio_ui5_key":"applicationmanageresources-display-component---newResourceUnit--newRRUPage-anchBar-application-manageresources-display-component---newResourceUnit--control-anchor"}]}
RESULT: {"script":"<script> [1562 bytes]","args":[{"selector":{"id":"application-manageresources-display-component---newResourceUnit--newRRUPage-anchBar-application-manageresources-display-component---newResourceUnit--control-anchor","interaction":{"idSuffix":"BDI-content"}},"wdio_ui5_key":"applicationmanageresources-display-component---newResourceUnit--newRRUPage-anchBar-application-manageresources-display-component---newResourceUnit--control-anchor"}]}
RESULT: undefined
COMMAND: POST /session/fe219389c4a652ed804fe0697356972e/element - {"using":"xpath","value":"//*[@id=\"application-manageresources-display-component---newResourceUnit--newRRUPage-anchBar-application-manageresources-display-component---newResourceUnit--control-anchor\"]"}
RESULT: {"using":"xpath","value":"//*[@id=\"application-manageresources-display-component---newResourceUnit--newRRUPage-anchBar-application-manageresources-display-component---newResourceUnit--control-anchor\"]"}
COMMAND: POST /session/fe219389c4a652ed804fe0697356972e/element/f.AE569C338F7BE8C487FB69BDD94B5641.d.D81147AF60EAACA38028B1D16BD55723.e.8897/click - {}
RESULT: {}
COMMAND: POST /session/fe219389c4a652ed804fe0697356972e/execute/async - {"script":"<script> [1562 bytes]","args":[{"selector":{"id":"application-manageresources-display-component---newResourceUnit--PLANNING_GROUP","interaction":{"idSuffix":"inner"}},"wdio_ui5_key":"applicationmanageresources-display-component---newResourceUnit--PLANNING_GROUP"}]}
COMMAND: GET /session/fe219389c4a652ed804fe0697356972e/screenshot - {}
RESULT: {"script":"<script> [1562 bytes]","args":[{"selector":{"id":"application-manageresources-display-component---newResourceUnit--PLANNING_GROUP","interaction":{"idSuffix":"inner"}},"wdio_ui5_key":"applicationmanageresources-display-component---newResourceUnit--PLANNING_GROUP"}]}
RESULT: undefined
COMMAND: POST /session/fe219389c4a652ed804fe0697356972e/execute/async - {"script":"<script> [776 bytes]","args":[{"enterText":"Material","selector":{"id":"application-manageresources-display-component---newResourceUnit--PLANNING_GROUP","interaction":{"idSuffix":"inner"}},"clearTextFirst":true,"interactionType":"ENTER_TEXT"}]}
RESULT: {}
RESULT: {"script":"<script> [776 bytes]","args":[{"enterText":"Material","selector":{"id":"application-manageresources-display-component---newResourceUnit--PLANNING_GROUP","interaction":{"idSuffix":"inner"}},"clearTextFirst":true,"interactionType":"ENTER_TEXT"}]}
COMMAND: POST /session/fe219389c4a652ed804fe0697356972e/execute/async - {"script":"<script> [1562 bytes]","args":[{"selector":{"id":"application-manageresources-display-component---newResourceUnit--PLANNING_INDICATOR","interaction":{"idSuffix":"inner"}},"wdio_ui5_key":"applicationmanageresources-display-component---newResourceUnit--PLANNING_INDICATOR"}]}
RESULT: {"script":"<script> [1562 bytes]","args":[{"selector":{"id":"application-manageresources-display-component---newResourceUnit--PLANNING_INDICATOR","interaction":{"idSuffix":"inner"}},"wdio_ui5_key":"applicationmanageresources-display-component---newResourceUnit--PLANNING_INDICATOR"}]}
RESULT: undefined
COMMAND: POST /session/fe219389c4a652ed804fe0697356972e/execute/async - {"script":"<script> [776 bytes]","args":[{"enterText":"10 - infinite","selector":{"id":"application-manageresources-display-component---newResourceUnit--PLANNING_INDICATOR","interaction":{"idSuffix":"inner"}},"clearTextFirst":true,"interactionType":"ENTER_TEXT"}]}
RESULT: {"script":"<script> [776 bytes]","args":[{"enterText":"10 - infinite","selector":{"id":"application-manageresources-display-component---newResourceUnit--PLANNING_INDICATOR","interaction":{"idSuffix":"inner"}},"clearTextFirst":true,"interactionType":"ENTER_TEXT"}]}
COMMAND: POST /session/fe219389c4a652ed804fe0697356972e/element - {"using":"css selector","value":"#application-manageresources-display-component---newResourceUnit--btnAddTimeSegment"}
RESULT: {"using":"css selector","value":"#application-manageresources-display-component---newResourceUnit--btnAddTimeSegment"}
COMMAND: GET /session/fe219389c4a652ed804fe0697356972e/element/f.AE569C338F7BE8C487FB69BDD94B5641.d.D81147AF60EAACA38028B1D16BD55723.e.8907/rect - {}
RESULT: {}
COMMAND: GET /session/fe219389c4a652ed804fe0697356972e/window/rect - {}
RESULT: {}
COMMAND: POST /session/fe219389c4a652ed804fe0697356972e/execute/sync - {"script":"<script> [92 bytes]","args":[]}
RESULT: {"script":"<script> [92 bytes]","args":[]}
COMMAND: POST /session/fe219389c4a652ed804fe0697356972e/actions - {"actions":[{"id":"action29","type":"wheel","parameters":{},"actions":[{"type":"scroll","x":-1888,"y":-32,"deltaX":0,"deltaY":0,"duration":0,"origin":{"element-6066-11e4-a52e-4f735466cecf":"f.AE569C338F7BE8C487FB69BDD94B5641.d.D81147AF60EAACA38028B1D16BD55723.e.8907"}}]}]}
COMMAND: GET /session/fe219389c4a652ed804fe0697356972e/screenshot - {}
RESULT: {}
COMMAND: POST /session/fe219389c4a652ed804fe0697356972e/execute/sync - {"script":"<script> [79 bytes]","args":[{"element-6066-11e4-a52e-4f735466cecf":"f.AE569C338F7BE8C487FB69BDD94B5641.d.D81147AF60EAACA38028B1D16BD55723.e.8907","ELEMENT":"f.AE569C338F7BE8C487FB69BDD94B5641.d.D81147AF60EAACA38028B1D16BD55723.e.8907"},{"block":"start","inline":"nearest"}]}
RESULT: {"script":"<script> [79 bytes]","args":[{"element-6066-11e4-a52e-4f735466cecf":"f.AE569C338F7BE8C487FB69BDD94B5641.d.D81147AF60EAACA38028B1D16BD55723.e.8907","ELEMENT":"f.AE569C338F7BE8C487FB69BDD94B5641.d.D81147AF60EAACA38028B1D16BD55723.e.8907"},{"block":"start","inline":"nearest"}]}
COMMAND: POST /session/fe219389c4a652ed804fe0697356972e/execute/async - {"script":"<script> [1562 bytes]","args":[{"selector":{"id":"application-manageresources-display-component---newResourceUnit--btnAddTimeSegment","interaction":{"idSuffix":"inner"}},"wdio_ui5_key":"applicationmanageresources-display-component---newResourceUnit--btnAddTimeSegment"}]}
COMMAND: GET /session/fe219389c4a652ed804fe0697356972e/screenshot - {}
RESULT: {"script":"<script> [1562 bytes]","args":[{"selector":{"id":"application-manageresources-display-component---newResourceUnit--btnAddTimeSegment","interaction":{"idSuffix":"inner"}},"wdio_ui5_key":"applicationmanageresources-display-component---newResourceUnit--btnAddTimeSegment"}]}
RESULT: undefined
COMMAND: POST /session/fe219389c4a652ed804fe0697356972e/element - {"using":"xpath","value":"//*[@id=\"application-manageresources-display-component---newResourceUnit--btnAddTimeSegment\"]"}
RESULT: {}
RESULT: {"using":"xpath","value":"//*[@id=\"application-manageresources-display-component---newResourceUnit--btnAddTimeSegment\"]"}
COMMAND: POST /session/fe219389c4a652ed804fe0697356972e/element/f.AE569C338F7BE8C487FB69BDD94B5641.d.D81147AF60EAACA38028B1D16BD55723.e.8907/click - {}
RESULT: {}
COMMAND: GET /session/fe219389c4a652ed804fe0697356972e/screenshot - {}
RESULT: {}
COMMAND: POST /session/fe219389c4a652ed804fe0697356972e/element - {"using":"xpath","value":"//input[@id=\"application-manageresources-display-component---newResourceUnit--idRuTSAdmin-application-manageresources-display-component---newResourceUnit--RUTimeSegment-0-inner\"]"}
RESULT: {"using":"xpath","value":"//input[@id=\"application-manageresources-display-component---newResourceUnit--idRuTSAdmin-application-manageresources-display-component---newResourceUnit--RUTimeSegment-0-inner\"]"}
COMMAND: POST /session/fe219389c4a652ed804fe0697356972e/element/f.AE569C338F7BE8C487FB69BDD94B5641.d.D81147AF60EAACA38028B1D16BD55723.e.8912/clear - {}
RESULT: {}
COMMAND: POST /session/fe219389c4a652ed804fe0697356972e/element/f.AE569C338F7BE8C487FB69BDD94B5641.d.D81147AF60EAACA38028B1D16BD55723.e.8912/value - {"text":"462"}
COMMAND: GET /session/fe219389c4a652ed804fe0697356972e/screenshot - {}
RESULT: {"text":"462"}
COMMAND: GET /session/fe219389c4a652ed804fe0697356972e/screenshot - {}
RESULT: {}
RESULT: {}
COMMAND: POST /session/fe219389c4a652ed804fe0697356972e/element - {"using":"xpath","value":"//li[.//span[text()='462']]"}
RESULT: {"using":"xpath","value":"//li[.//span[text()='462']]"}
COMMAND: POST /session/fe219389c4a652ed804fe0697356972e/element/f.AE569C338F7BE8C487FB69BDD94B5641.d.D81147AF60EAACA38028B1D16BD55723.e.8921/click - {}
RESULT: {}
COMMAND: GET /session/fe219389c4a652ed804fe0697356972e/screenshot - {}
RESULT: {}
COMMAND: POST /session/fe219389c4a652ed804fe0697356972e/element - {"using":"xpath","value":"(//span[contains(@id, \"-application-manageresources-display-component---newResourceUnit--RUTimeSegment-0-arrow\")])[2]"}
RESULT: {"using":"xpath","value":"(//span[contains(@id, \"-application-manageresources-display-component---newResourceUnit--RUTimeSegment-0-arrow\")])[2]"}
COMMAND: POST /session/fe219389c4a652ed804fe0697356972e/element/f.AE569C338F7BE8C487FB69BDD94B5641.d.D81147AF60EAACA38028B1D16BD55723.e.8922/click - {}
RESULT: {}
COMMAND: POST /session/fe219389c4a652ed804fe0697356972e/element - {"using":"xpath","value":"//span[contains(text(), \"PM Order\")]"}
COMMAND: GET /session/fe219389c4a652ed804fe0697356972e/screenshot - {}
RESULT: {"using":"xpath","value":"//span[contains(text(), \"PM Order\")]"}
COMMAND: POST /session/fe219389c4a652ed804fe0697356972e/element/f.AE569C338F7BE8C487FB69BDD94B5641.d.D81147AF60EAACA38028B1D16BD55723.e.8923/click - {}
RESULT: {}
RESULT: {}
COMMAND: GET /session/fe219389c4a652ed804fe0697356972e/screenshot - {}
RESULT: {}
COMMAND: POST /session/fe219389c4a652ed804fe0697356972e/element - {"using":"xpath","value":"//td/div/div/div/span[contains(@id, \"newResourceUnit--RUTimeSegment-0-vhi\")][1]"}
RESULT: {"using":"xpath","value":"//td/div/div/div/span[contains(@id, \"newResourceUnit--RUTimeSegment-0-vhi\")][1]"}
COMMAND: GET /session/fe219389c4a652ed804fe0697356972e/element/f.AE569C338F7BE8C487FB69BDD94B5641.d.D81147AF60EAACA38028B1D16BD55723.e.8927/rect - {}
RESULT: {}
COMMAND: GET /session/fe219389c4a652ed804fe0697356972e/window/rect - {}
RESULT: {}
COMMAND: POST /session/fe219389c4a652ed804fe0697356972e/execute/sync - {"script":"<script> [92 bytes]","args":[]}
RESULT: {"script":"<script> [92 bytes]","args":[]}
COMMAND: POST /session/fe219389c4a652ed804fe0697356972e/actions - {"actions":[{"id":"action30","type":"wheel","parameters":{},"actions":[{"type":"scroll","x":-1888,"y":-24,"deltaX":0,"deltaY":0,"duration":0,"origin":{"element-6066-11e4-a52e-4f735466cecf":"f.AE569C338F7BE8C487FB69BDD94B5641.d.D81147AF60EAACA38028B1D16BD55723.e.8927"}}]}]}
COMMAND: GET /session/fe219389c4a652ed804fe0697356972e/screenshot - {}
RESULT: {}
COMMAND: POST /session/fe219389c4a652ed804fe0697356972e/execute/sync - {"script":"<script> [79 bytes]","args":[{"element-6066-11e4-a52e-4f735466cecf":"f.AE569C338F7BE8C487FB69BDD94B5641.d.D81147AF60EAACA38028B1D16BD55723.e.8927","ELEMENT":"f.AE569C338F7BE8C487FB69BDD94B5641.d.D81147AF60EAACA38028B1D16BD55723.e.8927"},{"block":"start","inline":"nearest"}]}
RESULT: {"script":"<script> [79 bytes]","args":[{"element-6066-11e4-a52e-4f735466cecf":"f.AE569C338F7BE8C487FB69BDD94B5641.d.D81147AF60EAACA38028B1D16BD55723.e.8927","ELEMENT":"f.AE569C338F7BE8C487FB69BDD94B5641.d.D81147AF60EAACA38028B1D16BD55723.e.8927"},{"block":"start","inline":"nearest"}]}
COMMAND: GET /session/fe219389c4a652ed804fe0697356972e/screenshot - {}
RESULT: {}
COMMAND: POST /session/fe219389c4a652ed804fe0697356972e/element/f.AE569C338F7BE8C487FB69BDD94B5641.d.D81147AF60EAACA38028B1D16BD55723.e.8927/click - {}
RESULT: {}
COMMAND: GET /session/fe219389c4a652ed804fe0697356972e/screenshot - {}
RESULT: {}
COMMAND: POST /session/fe219389c4a652ed804fe0697356972e/execute/async - {"script":"<script> [1562 bytes]","args":[{"selector":{"controlType":"sap.m.SearchField","properties":{"placeholder":"Search"},"searchOpenDialogs":true,"interaction":{"idSuffix":"I"}},"wdio_ui5_key":"sapm.SearchField{\"placeholder\":\"Search\"}"}]}
RESULT: {"script":"<script> [1562 bytes]","args":[{"selector":{"controlType":"sap.m.SearchField","properties":{"placeholder":"Search"},"searchOpenDialogs":true,"interaction":{"idSuffix":"I"}},"wdio_ui5_key":"sapm.SearchField{\"placeholder\":\"Search\"}"}]}
RESULT: undefined
COMMAND: POST /session/fe219389c4a652ed804fe0697356972e/execute/async - {"script":"<script> [776 bytes]","args":[{"enterText":"4000360","selector":{"controlType":"sap.m.SearchField","properties":{"placeholder":"Search"},"searchOpenDialogs":true,"interaction":{"idSuffix":"I"}},"clearTextFirst":true,"interactionType":"ENTER_TEXT"}]}
RESULT: {"script":"<script> [776 bytes]","args":[{"enterText":"4000360","selector":{"controlType":"sap.m.SearchField","properties":{"placeholder":"Search"},"searchOpenDialogs":true,"interaction":{"idSuffix":"I"}},"clearTextFirst":true,"interactionType":"ENTER_TEXT"}]}
COMMAND: POST /session/fe219389c4a652ed804fe0697356972e/actions - {"actions":[{"id":"action31","type":"key","parameters":{},"actions":[{"type":"keyDown","value":""},{"type":"pause","duration":10},{"type":"keyUp","value":""}]}]}
RESULT: {"actions":[{"id":"action31","type":"key","parameters":{},"actions":[{"type":"keyDown","value":""},{"type":"pause","duration":10},{"type":"keyUp","value":""}]}]}
COMMAND: GET /session/fe219389c4a652ed804fe0697356972e/screenshot - {}
RESULT: {}
COMMAND: POST /session/fe219389c4a652ed804fe0697356972e/element - {"using":"xpath","value":"//td/div/span[contains(text(), \"BGL Vehicles\")]"}
RESULT: {"using":"xpath","value":"//td/div/span[contains(text(), \"BGL Vehicles\")]"}
COMMAND: POST /session/fe219389c4a652ed804fe0697356972e/element/f.AE569C338F7BE8C487FB69BDD94B5641.d.D81147AF60EAACA38028B1D16BD55723.e.8948/click - {}
RESULT: {}
COMMAND: GET /session/fe219389c4a652ed804fe0697356972e/screenshot - {}
RESULT: {}
COMMAND: POST /session/fe219389c4a652ed804fe0697356972e/element - {"using":"xpath","value":"//bdi[contains(text(), \"OK\")]"}
RESULT: {"using":"xpath","value":"//bdi[contains(text(), \"OK\")]"}
COMMAND: POST /session/fe219389c4a652ed804fe0697356972e/element/f.AE569C338F7BE8C487FB69BDD94B5641.d.D81147AF60EAACA38028B1D16BD55723.e.8949/click - {}
RESULT: {}
COMMAND: GET /session/fe219389c4a652ed804fe0697356972e/screenshot - {}
RESULT: {}
COMMAND: POST /session/fe219389c4a652ed804fe0697356972e/element - {"using":"xpath","value":"//label[contains(@class, 'sapMLabelRequired') and .//bdi[contains(text(), 'Planned Retirement')]]"}
RESULT: {"using":"xpath","value":"//label[contains(@class, 'sapMLabelRequired') and .//bdi[contains(text(), 'Planned Retirement')]]"}
COMMAND: POST /session/fe219389c4a652ed804fe0697356972e/elements - {"using":"xpath","value":"//label[contains(@class, 'sapMLabelRequired') and .//bdi[contains(text(), 'Planned Retirement')]]"}
RESULT: {"using":"xpath","value":"//label[contains(@class, 'sapMLabelRequired') and .//bdi[contains(text(), 'Planned Retirement')]]"}
COMMAND: POST /session/fe219389c4a652ed804fe0697356972e/element - {"using":"xpath","value":"//button[@data-kt=\"resourceUnitSaveButton\"]"}
RESULT: {"using":"xpath","value":"//button[@data-kt=\"resourceUnitSaveButton\"]"}
COMMAND: POST /session/fe219389c4a652ed804fe0697356972e/element/f.AE569C338F7BE8C487FB69BDD94B5641.d.D81147AF60EAACA38028B1D16BD55723.e.8783/click - {}
RESULT: {}
COMMAND: GET /session/fe219389c4a652ed804fe0697356972e/screenshot - {}
RESULT: {}
COMMAND: POST /session/fe219389c4a652ed804fe0697356972e/element - {"using":"xpath","value":"//bdi[contains(text(), \"Close\")]"}
RESULT: {"using":"xpath","value":"//bdi[contains(text(), \"Close\")]"}
COMMAND: POST /session/fe219389c4a652ed804fe0697356972e/element/f.AE569C338F7BE8C487FB69BDD94B5641.d.D81147AF60EAACA38028B1D16BD55723.e.8956/click - {}
RESULT: {}
COMMAND: GET /session/fe219389c4a652ed804fe0697356972e/screenshot - {}
RESULT: {}
COMMAND: POST /session/fe219389c4a652ed804fe0697356972e/element - {"using":"xpath","value":"//header[contains(@id, 'detailRruPage-headerTitle')]/div[1]/div[2]/div[2]/span[1]"}
RESULT: {"using":"xpath","value":"//header[contains(@id, 'detailRruPage-headerTitle')]/div[1]/div[2]/div[2]/span[1]"}
COMMAND: POST /session/fe219389c4a652ed804fe0697356972e/elements - {"using":"xpath","value":"//header[contains(@id, 'detailRruPage-headerTitle')]/div[1]/div[2]/div[2]/span[1]"}
RESULT: {"using":"xpath","value":"//header[contains(@id, 'detailRruPage-headerTitle')]/div[1]/div[2]/div[2]/span[1]"}
COMMAND: POST /session/fe219389c4a652ed804fe0697356972e/execute/sync - {"script":"<script> [56 bytes]","args":[{"element-6066-11e4-a52e-4f735466cecf":"f.AE569C338F7BE8C487FB69BDD94B5641.d.D81147AF60EAACA38028B1D16BD55723.e.8984","ELEMENT":"f.AE569C338F7BE8C487FB69BDD94B5641.d.D81147AF60EAACA38028B1D16BD55723.e.8984"}]}
RESULT: {"script":"<script> [56 bytes]","args":[{"element-6066-11e4-a52e-4f735466cecf":"f.AE569C338F7BE8C487FB69BDD94B5641.d.D81147AF60EAACA38028B1D16BD55723.e.8984","ELEMENT":"f.AE569C338F7BE8C487FB69BDD94B5641.d.D81147AF60EAACA38028B1D16BD55723.e.8984"}]}
COMMAND: POST /session/fe219389c4a652ed804fe0697356972e/element - {"using":"css selector","value":"#shell-header-logo"}
COMMAND: GET /session/fe219389c4a652ed804fe0697356972e/screenshot - {}
RESULT: {"using":"css selector","value":"#shell-header-logo"}
COMMAND: POST /session/fe219389c4a652ed804fe0697356972e/element/f.AE569C338F7BE8C487FB69BDD94B5641.d.D81147AF60EAACA38028B1D16BD55723.e.8253/click - {}
RESULT: {}
RESULT: {}
COMMAND: GET /session/fe219389c4a652ed804fe0697356972e/screenshot - {}
RESULT: {}
]]></system-out>
    </testcase>
    <testcase classname="chrome.136_0_7103_93.windows.Provide_to_Site_w/_warehouse_management_w/o_clarification_US113782_" name="Bin Status Report Should Create New Organization yard" time="0.004"/>
    <testcase classname="chrome.136_0_7103_93.windows.Provide_to_Site_w/_warehouse_management_w/o_clarification_US113782_" name="Bin Status Report Should Create New Organization for Site" time="0.004"/>
  </testsuite>
  <testsuite timestamp="2025-05-29T16:41:23" time="389.328" tests="5" failures="0" errors="0" skipped="0">
    <properties>
      <property name="specId" value="0"/>
      <property name="suiteName" value="Provide to Site w/ warehouse management wo clarification"/>
      <property name="capabilities" value="chrome.136_0_7103_93.windows"/>
      <property name="file" value="file:///D:/a/1/s/test/specs/HTR/provide-to-site-w-warehouse-wo-clarification.spec.js"/>
    </properties>
    <testcase classname="chrome.136_0_7103_93.windows.Provide_to_Site_w/_warehouse_management_wo_clarification" name="Should do a stock increase handover" time="87.327">
      <system-out><![CDATA[
COMMAND: POST /session/fe219389c4a652ed804fe0697356972e/execute/async - {"script":"<script> [1562 bytes]","args":[{"selector":{"controlType":"sap.m.GenericTile","properties":{"header":"Manage Handovers"}},"wdio_ui5_key":"sapm.GenericTile{\"header\":\"Manage Handovers\"}"}]}
RESULT: {"script":"<script> [1562 bytes]","args":[{"selector":{"controlType":"sap.m.GenericTile","properties":{"header":"Manage Handovers"}},"wdio_ui5_key":"sapm.GenericTile{\"header\":\"Manage Handovers\"}"}]}
RESULT: undefined
COMMAND: POST /session/fe219389c4a652ed804fe0697356972e/element - {"using":"xpath","value":"//*[@id=\"__tile133\"]"}
RESULT: {"using":"xpath","value":"//*[@id=\"__tile133\"]"}
COMMAND: POST /session/fe219389c4a652ed804fe0697356972e/element/f.AE569C338F7BE8C487FB69BDD94B5641.d.D81147AF60EAACA38028B1D16BD55723.e.8299/click - {}
RESULT: {}
COMMAND: GET /session/fe219389c4a652ed804fe0697356972e/screenshot - {}
RESULT: {}
COMMAND: POST /session/fe219389c4a652ed804fe0697356972e/elements - {"using":"xpath","value":"//span[text()='Error']"}
RESULT: {"using":"xpath","value":"//span[text()='Error']"}
COMMAND: POST /session/fe219389c4a652ed804fe0697356972e/element - {"using":"xpath","value":"//button[@data-kt=\"masterHOAddButton\"]"}
RESULT: {"using":"xpath","value":"//button[@data-kt=\"masterHOAddButton\"]"}
COMMAND: POST /session/fe219389c4a652ed804fe0697356972e/elements - {"using":"xpath","value":"//button[@data-kt=\"masterHOAddButton\"]"}
RESULT: {"using":"xpath","value":"//button[@data-kt=\"masterHOAddButton\"]"}
COMMAND: POST /session/fe219389c4a652ed804fe0697356972e/execute/sync - {"script":"<script> [8489 bytes]","args":[{"element-6066-11e4-a52e-4f735466cecf":"f.AE569C338F7BE8C487FB69BDD94B5641.d.D81147AF60EAACA38028B1D16BD55723.e.9026","ELEMENT":"f.AE569C338F7BE8C487FB69BDD94B5641.d.D81147AF60EAACA38028B1D16BD55723.e.9026"}]}
RESULT: {"script":"<script> [8489 bytes]","args":[{"element-6066-11e4-a52e-4f735466cecf":"f.AE569C338F7BE8C487FB69BDD94B5641.d.D81147AF60EAACA38028B1D16BD55723.e.9026","ELEMENT":"f.AE569C338F7BE8C487FB69BDD94B5641.d.D81147AF60EAACA38028B1D16BD55723.e.9026"}]}
COMMAND: GET /session/fe219389c4a652ed804fe0697356972e/element/f.AE569C338F7BE8C487FB69BDD94B5641.d.D81147AF60EAACA38028B1D16BD55723.e.9026/enabled - {}
COMMAND: GET /session/fe219389c4a652ed804fe0697356972e/screenshot - {}
RESULT: {}
COMMAND: POST /session/fe219389c4a652ed804fe0697356972e/execute/sync - {"script":"<script> [8489 bytes]","args":[{"element-6066-11e4-a52e-4f735466cecf":"f.AE569C338F7BE8C487FB69BDD94B5641.d.D81147AF60EAACA38028B1D16BD55723.e.9026","ELEMENT":"f.AE569C338F7BE8C487FB69BDD94B5641.d.D81147AF60EAACA38028B1D16BD55723.e.9026"}]}
COMMAND: GET /session/fe219389c4a652ed804fe0697356972e/screenshot - {}
RESULT: {}
RESULT: {"script":"<script> [8489 bytes]","args":[{"element-6066-11e4-a52e-4f735466cecf":"f.AE569C338F7BE8C487FB69BDD94B5641.d.D81147AF60EAACA38028B1D16BD55723.e.9026","ELEMENT":"f.AE569C338F7BE8C487FB69BDD94B5641.d.D81147AF60EAACA38028B1D16BD55723.e.9026"}]}
COMMAND: POST /session/fe219389c4a652ed804fe0697356972e/execute/sync - {"script":"<script> [5351 bytes]","args":[{"element-6066-11e4-a52e-4f735466cecf":"f.AE569C338F7BE8C487FB69BDD94B5641.d.D81147AF60EAACA38028B1D16BD55723.e.9026","ELEMENT":"f.AE569C338F7BE8C487FB69BDD94B5641.d.D81147AF60EAACA38028B1D16BD55723.e.9026"}]}
COMMAND: GET /session/fe219389c4a652ed804fe0697356972e/screenshot - {}
RESULT: {}
RESULT: {"script":"<script> [5351 bytes]","args":[{"element-6066-11e4-a52e-4f735466cecf":"f.AE569C338F7BE8C487FB69BDD94B5641.d.D81147AF60EAACA38028B1D16BD55723.e.9026","ELEMENT":"f.AE569C338F7BE8C487FB69BDD94B5641.d.D81147AF60EAACA38028B1D16BD55723.e.9026"}]}
COMMAND: POST /session/fe219389c4a652ed804fe0697356972e/element/f.AE569C338F7BE8C487FB69BDD94B5641.d.D81147AF60EAACA38028B1D16BD55723.e.9026/click - {}
COMMAND: GET /session/fe219389c4a652ed804fe0697356972e/screenshot - {}
RESULT: {}
RESULT: {}
COMMAND: GET /session/fe219389c4a652ed804fe0697356972e/screenshot - {}
COMMAND: POST /session/fe219389c4a652ed804fe0697356972e/element - {"using":"xpath","value":"//span[contains(@id ,\"AddNewHO--typeSelect-arrow\")]"}
RESULT: {}
RESULT: {}
RESULT: {"using":"xpath","value":"//span[contains(@id ,\"AddNewHO--typeSelect-arrow\")]"}
COMMAND: POST /session/fe219389c4a652ed804fe0697356972e/element/f.AE569C338F7BE8C487FB69BDD94B5641.d.D81147AF60EAACA38028B1D16BD55723.e.9383/click - {}
RESULT: {}
COMMAND: GET /session/fe219389c4a652ed804fe0697356972e/screenshot - {}
RESULT: {}
COMMAND: POST /session/fe219389c4a652ed804fe0697356972e/element - {"using":"xpath","value":"(//li[contains(text(), \"stock increase yard\")])[1]"}
RESULT: {"using":"xpath","value":"(//li[contains(text(), \"stock increase yard\")])[1]"}
COMMAND: POST /session/fe219389c4a652ed804fe0697356972e/element/f.AE569C338F7BE8C487FB69BDD94B5641.d.D81147AF60EAACA38028B1D16BD55723.e.9384/click - {}
RESULT: {}
COMMAND: GET /session/fe219389c4a652ed804fe0697356972e/screenshot - {}
RESULT: {}
COMMAND: POST /session/fe219389c4a652ed804fe0697356972e/execute/async - {"script":"<script> [1562 bytes]","args":[{"selector":{"id":"application-managehandovers-display-component---AddNewHO--dueDate","interaction":{"idSuffix":"inner"}},"wdio_ui5_key":"applicationmanagehandovers-display-component---AddNewHO--dueDate"}]}
RESULT: {"script":"<script> [1562 bytes]","args":[{"selector":{"id":"application-managehandovers-display-component---AddNewHO--dueDate","interaction":{"idSuffix":"inner"}},"wdio_ui5_key":"applicationmanagehandovers-display-component---AddNewHO--dueDate"}]}
RESULT: undefined
COMMAND: POST /session/fe219389c4a652ed804fe0697356972e/execute/async - {"script":"<script> [6424 bytes]","args":[{"element-6066-11e4-a52e-4f735466cecf":"f.AE569C338F7BE8C487FB69BDD94B5641.d.D81147AF60EAACA38028B1D16BD55723.e.9386"},"setValue",["5/29/25"]]}
RESULT: {"script":"<script> [6424 bytes]","args":[{"element-6066-11e4-a52e-4f735466cecf":"f.AE569C338F7BE8C487FB69BDD94B5641.d.D81147AF60EAACA38028B1D16BD55723.e.9386"},"setValue",["5/29/25"]]}
COMMAND: POST /session/fe219389c4a652ed804fe0697356972e/element - {"using":"xpath","value":"//input[@id=\"generalSectionFrg--receiveYard-inner\"]"}
RESULT: {"using":"xpath","value":"//input[@id=\"generalSectionFrg--receiveYard-inner\"]"}
COMMAND: POST /session/fe219389c4a652ed804fe0697356972e/element/f.AE569C338F7BE8C487FB69BDD94B5641.d.D81147AF60EAACA38028B1D16BD55723.e.9392/clear - {}
RESULT: {}
COMMAND: POST /session/fe219389c4a652ed804fe0697356972e/element/f.AE569C338F7BE8C487FB69BDD94B5641.d.D81147AF60EAACA38028B1D16BD55723.e.9392/value - {"text":"462"}
COMMAND: GET /session/fe219389c4a652ed804fe0697356972e/screenshot - {}
RESULT: {"text":"462"}
COMMAND: GET /session/fe219389c4a652ed804fe0697356972e/screenshot - {}
RESULT: {}
RESULT: {}
COMMAND: POST /session/fe219389c4a652ed804fe0697356972e/element - {"using":"xpath","value":"//li[.//span[contains(text(),'462')]]"}
RESULT: {"using":"xpath","value":"//li[.//span[contains(text(),'462')]]"}
COMMAND: POST /session/fe219389c4a652ed804fe0697356972e/element/f.AE569C338F7BE8C487FB69BDD94B5641.d.D81147AF60EAACA38028B1D16BD55723.e.9408/click - {}
RESULT: {}
COMMAND: GET /session/fe219389c4a652ed804fe0697356972e/screenshot - {}
RESULT: {}
COMMAND: POST /session/fe219389c4a652ed804fe0697356972e/execute/async - {"script":"<script> [1562 bytes]","args":[{"selector":{"id":"application-managehandovers-display-component---AddNewHO--ObjectPageLayout-anchBar-application-managehandovers-display-component---AddNewHO--section4-anchor","interaction":{"idSuffix":"BDI-content"}},"wdio_ui5_key":"applicationmanagehandovers-display-component---AddNewHO--ObjectPageLayout-anchBar-application-managehandovers-display-component---AddNewHO--section4-anchor"}]}
RESULT: {"script":"<script> [1562 bytes]","args":[{"selector":{"id":"application-managehandovers-display-component---AddNewHO--ObjectPageLayout-anchBar-application-managehandovers-display-component---AddNewHO--section4-anchor","interaction":{"idSuffix":"BDI-content"}},"wdio_ui5_key":"applicationmanagehandovers-display-component---AddNewHO--ObjectPageLayout-anchBar-application-managehandovers-display-component---AddNewHO--section4-anchor"}]}
RESULT: undefined
COMMAND: POST /session/fe219389c4a652ed804fe0697356972e/element - {"using":"xpath","value":"//*[@id=\"application-managehandovers-display-component---AddNewHO--ObjectPageLayout-anchBar-application-managehandovers-display-component---AddNewHO--section4-anchor\"]"}
RESULT: {"using":"xpath","value":"//*[@id=\"application-managehandovers-display-component---AddNewHO--ObjectPageLayout-anchBar-application-managehandovers-display-component---AddNewHO--section4-anchor\"]"}
COMMAND: POST /session/fe219389c4a652ed804fe0697356972e/element/f.AE569C338F7BE8C487FB69BDD94B5641.d.D81147AF60EAACA38028B1D16BD55723.e.9410/click - {}
RESULT: {}
COMMAND: POST /session/fe219389c4a652ed804fe0697356972e/element - {"using":"xpath","value":"//button[@aria-label=\"Add\"]"}
COMMAND: GET /session/fe219389c4a652ed804fe0697356972e/screenshot - {}
RESULT: {"using":"xpath","value":"//button[@aria-label=\"Add\"]"}
COMMAND: POST /session/fe219389c4a652ed804fe0697356972e/element/f.AE569C338F7BE8C487FB69BDD94B5641.d.D81147AF60EAACA38028B1D16BD55723.e.9412/click - {}
RESULT: {}
RESULT: {}
COMMAND: GET /session/fe219389c4a652ed804fe0697356972e/screenshot - {}
RESULT: {}
COMMAND: POST /session/fe219389c4a652ed804fe0697356972e/execute/async - {"script":"<script> [1562 bytes]","args":[{"selector":{"id":"application-managehandovers-display-component---AddNewHO--smartFilterBar-btnBasicSearch","searchOpenDialogs":true,"interaction":{"idSuffix":"I"}},"wdio_ui5_key":"applicationmanagehandovers-display-component---AddNewHO--smartFilterBar-btnBasicSearch"}]}
RESULT: {"script":"<script> [1562 bytes]","args":[{"selector":{"id":"application-managehandovers-display-component---AddNewHO--smartFilterBar-btnBasicSearch","searchOpenDialogs":true,"interaction":{"idSuffix":"I"}},"wdio_ui5_key":"applicationmanagehandovers-display-component---AddNewHO--smartFilterBar-btnBasicSearch"}]}
RESULT: undefined
COMMAND: POST /session/fe219389c4a652ed804fe0697356972e/execute/async - {"script":"<script> [776 bytes]","args":[{"enterText":"200253","selector":{"id":"application-managehandovers-display-component---AddNewHO--smartFilterBar-btnBasicSearch","searchOpenDialogs":true,"interaction":{"idSuffix":"I"}},"clearTextFirst":true,"interactionType":"ENTER_TEXT"}]}
RESULT: {"script":"<script> [776 bytes]","args":[{"enterText":"200253","selector":{"id":"application-managehandovers-display-component---AddNewHO--smartFilterBar-btnBasicSearch","searchOpenDialogs":true,"interaction":{"idSuffix":"I"}},"clearTextFirst":true,"interactionType":"ENTER_TEXT"}]}
COMMAND: POST /session/fe219389c4a652ed804fe0697356972e/actions - {"actions":[{"id":"action32","type":"key","parameters":{},"actions":[{"type":"keyDown","value":""},{"type":"pause","duration":10},{"type":"keyUp","value":""}]}]}
RESULT: {"actions":[{"id":"action32","type":"key","parameters":{},"actions":[{"type":"keyDown","value":""},{"type":"pause","duration":10},{"type":"keyUp","value":""}]}]}
COMMAND: GET /session/fe219389c4a652ed804fe0697356972e/screenshot - {}
RESULT: {}
COMMAND: POST /session/fe219389c4a652ed804fe0697356972e/execute/async - {"script":"<script> [1562 bytes]","args":[{"selector":{"id":"application-managehandovers-display-component---AddNewHO--popup-sa","searchOpenDialogs":true,"interaction":{"idSuffix":"CbBg"}},"wdio_ui5_key":"applicationmanagehandovers-display-component---AddNewHO--popup-sa"}]}
RESULT: {"script":"<script> [1562 bytes]","args":[{"selector":{"id":"application-managehandovers-display-component---AddNewHO--popup-sa","searchOpenDialogs":true,"interaction":{"idSuffix":"CbBg"}},"wdio_ui5_key":"applicationmanagehandovers-display-component---AddNewHO--popup-sa"}]}
RESULT: undefined
COMMAND: POST /session/fe219389c4a652ed804fe0697356972e/element - {"using":"xpath","value":"//*[@id=\"application-managehandovers-display-component---AddNewHO--popup-sa\"]"}
RESULT: {"using":"xpath","value":"//*[@id=\"application-managehandovers-display-component---AddNewHO--popup-sa\"]"}
COMMAND: POST /session/fe219389c4a652ed804fe0697356972e/element/f.AE569C338F7BE8C487FB69BDD94B5641.d.D81147AF60EAACA38028B1D16BD55723.e.9565/click - {}
RESULT: {}
COMMAND: GET /session/fe219389c4a652ed804fe0697356972e/screenshot - {}
RESULT: {}
COMMAND: POST /session/fe219389c4a652ed804fe0697356972e/element - {"using":"xpath","value":"//bdi[contains(text(), \"Select\")]"}
RESULT: {"using":"xpath","value":"//bdi[contains(text(), \"Select\")]"}
COMMAND: POST /session/fe219389c4a652ed804fe0697356972e/element/f.AE569C338F7BE8C487FB69BDD94B5641.d.D81147AF60EAACA38028B1D16BD55723.e.9566/click - {}
RESULT: {}
COMMAND: GET /session/fe219389c4a652ed804fe0697356972e/screenshot - {}
RESULT: {}
COMMAND: POST /session/fe219389c4a652ed804fe0697356972e/element - {"using":"xpath","value":"//button[@data-kt=\"AddNewHOSaveButton\"]"}
RESULT: {"using":"xpath","value":"//button[@data-kt=\"AddNewHOSaveButton\"]"}
COMMAND: POST /session/fe219389c4a652ed804fe0697356972e/element/f.AE569C338F7BE8C487FB69BDD94B5641.d.D81147AF60EAACA38028B1D16BD55723.e.9570/click - {}
RESULT: {}
COMMAND: GET /session/fe219389c4a652ed804fe0697356972e/screenshot - {}
RESULT: {}
COMMAND: POST /session/fe219389c4a652ed804fe0697356972e/execute/async - {"script":"<script> [1562 bytes]","args":[{"selector":{"id":"receiptDatePicker","viewName":"etm.portal.ui.managehandovers.view.DetailExecuteHO","interaction":{"idSuffix":"inner"}},"wdio_ui5_key":"receiptDatePickeretmportal.ui.managehandovers.view.DetailExecuteHO"}]}
RESULT: {"script":"<script> [1562 bytes]","args":[{"selector":{"id":"receiptDatePicker","viewName":"etm.portal.ui.managehandovers.view.DetailExecuteHO","interaction":{"idSuffix":"inner"}},"wdio_ui5_key":"receiptDatePickeretmportal.ui.managehandovers.view.DetailExecuteHO"}]}
RESULT: undefined
COMMAND: POST /session/fe219389c4a652ed804fe0697356972e/execute/async - {"script":"<script> [6424 bytes]","args":[{"element-6066-11e4-a52e-4f735466cecf":"f.AE569C338F7BE8C487FB69BDD94B5641.d.D81147AF60EAACA38028B1D16BD55723.e.9602"},"setValue",["5/29/25"]]}
RESULT: {"script":"<script> [6424 bytes]","args":[{"element-6066-11e4-a52e-4f735466cecf":"f.AE569C338F7BE8C487FB69BDD94B5641.d.D81147AF60EAACA38028B1D16BD55723.e.9602"},"setValue",["5/29/25"]]}
COMMAND: POST /session/fe219389c4a652ed804fe0697356972e/element - {"using":"xpath","value":"//button[@data-kt=\"ReceivingTableConfirmAllButton\"]"}
RESULT: {"using":"xpath","value":"//button[@data-kt=\"ReceivingTableConfirmAllButton\"]"}
COMMAND: POST /session/fe219389c4a652ed804fe0697356972e/element/f.AE569C338F7BE8C487FB69BDD94B5641.d.D81147AF60EAACA38028B1D16BD55723.e.9619/click - {}
RESULT: {}
COMMAND: GET /session/fe219389c4a652ed804fe0697356972e/screenshot - {}
RESULT: {}
COMMAND: POST /session/fe219389c4a652ed804fe0697356972e/element - {"using":"xpath","value":"//bdi[contains(text(), \"OK\")]"}
RESULT: {"using":"xpath","value":"//bdi[contains(text(), \"OK\")]"}
COMMAND: POST /session/fe219389c4a652ed804fe0697356972e/element/f.AE569C338F7BE8C487FB69BDD94B5641.d.D81147AF60EAACA38028B1D16BD55723.e.9621/click - {}
RESULT: {}
COMMAND: GET /session/fe219389c4a652ed804fe0697356972e/screenshot - {}
RESULT: {}
COMMAND: POST /session/fe219389c4a652ed804fe0697356972e/element - {"using":"xpath","value":"(//bdi[contains(text(), \"Receive\")])[2]"}
RESULT: {"using":"xpath","value":"(//bdi[contains(text(), \"Receive\")])[2]"}
COMMAND: POST /session/fe219389c4a652ed804fe0697356972e/element/f.AE569C338F7BE8C487FB69BDD94B5641.d.D81147AF60EAACA38028B1D16BD55723.e.9623/click - {}
RESULT: {}
COMMAND: GET /session/fe219389c4a652ed804fe0697356972e/screenshot - {}
RESULT: {}
COMMAND: POST /session/fe219389c4a652ed804fe0697356972e/element - {"using":"css selector","value":"#shell-header-logo"}
RESULT: {"using":"css selector","value":"#shell-header-logo"}
COMMAND: POST /session/fe219389c4a652ed804fe0697356972e/element/f.AE569C338F7BE8C487FB69BDD94B5641.d.D81147AF60EAACA38028B1D16BD55723.e.8989/click - {}
RESULT: {}
COMMAND: GET /session/fe219389c4a652ed804fe0697356972e/screenshot - {}
RESULT: {}
]]></system-out>
    </testcase>
    <testcase classname="chrome.136_0_7103_93.windows.Provide_to_Site_w/_warehouse_management_wo_clarification" name="Should create a new contract" time="60.024">
      <system-out><![CDATA[
COMMAND: POST /session/fe219389c4a652ed804fe0697356972e/execute/async - {"script":"<script> [1562 bytes]","args":[{"selector":{"controlType":"sap.m.GenericTile","properties":{"header":"Manage Contracts"}},"wdio_ui5_key":"sapm.GenericTile{\"header\":\"Manage Contracts\"}"}]}
RESULT: {"script":"<script> [1562 bytes]","args":[{"selector":{"controlType":"sap.m.GenericTile","properties":{"header":"Manage Contracts"}},"wdio_ui5_key":"sapm.GenericTile{\"header\":\"Manage Contracts\"}"}]}
RESULT: undefined
COMMAND: POST /session/fe219389c4a652ed804fe0697356972e/element - {"using":"xpath","value":"//*[@id=\"__tile131\"]"}
RESULT: {"using":"xpath","value":"//*[@id=\"__tile131\"]"}
COMMAND: POST /session/fe219389c4a652ed804fe0697356972e/element/f.AE569C338F7BE8C487FB69BDD94B5641.d.D81147AF60EAACA38028B1D16BD55723.e.8288/click - {}
RESULT: {}
COMMAND: GET /session/fe219389c4a652ed804fe0697356972e/screenshot - {}
RESULT: {}
COMMAND: POST /session/fe219389c4a652ed804fe0697356972e/elements - {"using":"xpath","value":"//span[text()='Error']"}
RESULT: {"using":"xpath","value":"//span[text()='Error']"}
COMMAND: POST /session/fe219389c4a652ed804fe0697356972e/element - {"using":"xpath","value":"//button[@data-kt=\"addButton\"]"}
RESULT: {"using":"xpath","value":"//button[@data-kt=\"addButton\"]"}
COMMAND: POST /session/fe219389c4a652ed804fe0697356972e/elements - {"using":"xpath","value":"//button[@data-kt=\"addButton\"]"}
RESULT: {"using":"xpath","value":"//button[@data-kt=\"addButton\"]"}
COMMAND: POST /session/fe219389c4a652ed804fe0697356972e/execute/sync - {"script":"<script> [8489 bytes]","args":[{"element-6066-11e4-a52e-4f735466cecf":"f.AE569C338F7BE8C487FB69BDD94B5641.d.D81147AF60EAACA38028B1D16BD55723.e.9845","ELEMENT":"f.AE569C338F7BE8C487FB69BDD94B5641.d.D81147AF60EAACA38028B1D16BD55723.e.9845"}]}
RESULT: {"script":"<script> [8489 bytes]","args":[{"element-6066-11e4-a52e-4f735466cecf":"f.AE569C338F7BE8C487FB69BDD94B5641.d.D81147AF60EAACA38028B1D16BD55723.e.9845","ELEMENT":"f.AE569C338F7BE8C487FB69BDD94B5641.d.D81147AF60EAACA38028B1D16BD55723.e.9845"}]}
COMMAND: GET /session/fe219389c4a652ed804fe0697356972e/element/f.AE569C338F7BE8C487FB69BDD94B5641.d.D81147AF60EAACA38028B1D16BD55723.e.9845/enabled - {}
COMMAND: GET /session/fe219389c4a652ed804fe0697356972e/screenshot - {}
RESULT: {}
COMMAND: POST /session/fe219389c4a652ed804fe0697356972e/execute/sync - {"script":"<script> [8489 bytes]","args":[{"element-6066-11e4-a52e-4f735466cecf":"f.AE569C338F7BE8C487FB69BDD94B5641.d.D81147AF60EAACA38028B1D16BD55723.e.9845","ELEMENT":"f.AE569C338F7BE8C487FB69BDD94B5641.d.D81147AF60EAACA38028B1D16BD55723.e.9845"}]}
COMMAND: GET /session/fe219389c4a652ed804fe0697356972e/screenshot - {}
RESULT: {}
RESULT: {"script":"<script> [8489 bytes]","args":[{"element-6066-11e4-a52e-4f735466cecf":"f.AE569C338F7BE8C487FB69BDD94B5641.d.D81147AF60EAACA38028B1D16BD55723.e.9845","ELEMENT":"f.AE569C338F7BE8C487FB69BDD94B5641.d.D81147AF60EAACA38028B1D16BD55723.e.9845"}]}
COMMAND: POST /session/fe219389c4a652ed804fe0697356972e/execute/sync - {"script":"<script> [5351 bytes]","args":[{"element-6066-11e4-a52e-4f735466cecf":"f.AE569C338F7BE8C487FB69BDD94B5641.d.D81147AF60EAACA38028B1D16BD55723.e.9845","ELEMENT":"f.AE569C338F7BE8C487FB69BDD94B5641.d.D81147AF60EAACA38028B1D16BD55723.e.9845"}]}
COMMAND: GET /session/fe219389c4a652ed804fe0697356972e/screenshot - {}
RESULT: {}
RESULT: {"script":"<script> [5351 bytes]","args":[{"element-6066-11e4-a52e-4f735466cecf":"f.AE569C338F7BE8C487FB69BDD94B5641.d.D81147AF60EAACA38028B1D16BD55723.e.9845","ELEMENT":"f.AE569C338F7BE8C487FB69BDD94B5641.d.D81147AF60EAACA38028B1D16BD55723.e.9845"}]}
COMMAND: GET /session/fe219389c4a652ed804fe0697356972e/screenshot - {}
RESULT: {}
RESULT: {}
COMMAND: POST /session/fe219389c4a652ed804fe0697356972e/element/f.AE569C338F7BE8C487FB69BDD94B5641.d.D81147AF60EAACA38028B1D16BD55723.e.9845/click - {}
RESULT: {}
COMMAND: GET /session/fe219389c4a652ed804fe0697356972e/screenshot - {}
COMMAND: POST /session/fe219389c4a652ed804fe0697356972e/execute/async - {"script":"<script> [1562 bytes]","args":[{"selector":{"id":"application-managecontracts-display-component---AddNewContract--projectDescription","interaction":{"idSuffix":"inner"}},"wdio_ui5_key":"applicationmanagecontracts-display-component---AddNewContract--projectDescription"}]}
RESULT: {}
RESULT: {"script":"<script> [1562 bytes]","args":[{"selector":{"id":"application-managecontracts-display-component---AddNewContract--projectDescription","interaction":{"idSuffix":"inner"}},"wdio_ui5_key":"applicationmanagecontracts-display-component---AddNewContract--projectDescription"}]}
RESULT: undefined
COMMAND: POST /session/fe219389c4a652ed804fe0697356972e/execute/async - {"script":"<script> [776 bytes]","args":[{"enterText":"Contract WDIO","selector":{"id":"application-managecontracts-display-component---AddNewContract--projectDescription","interaction":{"idSuffix":"inner"}},"clearTextFirst":true,"interactionType":"ENTER_TEXT"}]}
RESULT: {"script":"<script> [776 bytes]","args":[{"enterText":"Contract WDIO","selector":{"id":"application-managecontracts-display-component---AddNewContract--projectDescription","interaction":{"idSuffix":"inner"}},"clearTextFirst":true,"interactionType":"ENTER_TEXT"}]}
COMMAND: POST /session/fe219389c4a652ed804fe0697356972e/element - {"using":"xpath","value":"//input[@id=\"application-managecontracts-display-component---AddNewContract--site-inner\"]"}
RESULT: {"using":"xpath","value":"//input[@id=\"application-managecontracts-display-component---AddNewContract--site-inner\"]"}
COMMAND: POST /session/fe219389c4a652ed804fe0697356972e/element/f.AE569C338F7BE8C487FB69BDD94B5641.d.D81147AF60EAACA38028B1D16BD55723.e.10161/clear - {}
RESULT: {}
COMMAND: POST /session/fe219389c4a652ed804fe0697356972e/element/f.AE569C338F7BE8C487FB69BDD94B5641.d.D81147AF60EAACA38028B1D16BD55723.e.10161/value - {"text":"2236"}
COMMAND: GET /session/fe219389c4a652ed804fe0697356972e/screenshot - {}
RESULT: {"text":"2236"}
COMMAND: GET /session/fe219389c4a652ed804fe0697356972e/screenshot - {}
RESULT: {}
RESULT: {}
COMMAND: POST /session/fe219389c4a652ed804fe0697356972e/element - {"using":"xpath","value":"//li[.//span[text()='2236']]"}
RESULT: {"using":"xpath","value":"//li[.//span[text()='2236']]"}
COMMAND: POST /session/fe219389c4a652ed804fe0697356972e/element/f.AE569C338F7BE8C487FB69BDD94B5641.d.D81147AF60EAACA38028B1D16BD55723.e.10251/click - {}
RESULT: {}
COMMAND: GET /session/fe219389c4a652ed804fe0697356972e/screenshot - {}
RESULT: {}
COMMAND: POST /session/fe219389c4a652ed804fe0697356972e/element - {"using":"xpath","value":"//input[@id=\"application-managecontracts-display-component---AddNewContract--yardId-inner\"]"}
RESULT: {"using":"xpath","value":"//input[@id=\"application-managecontracts-display-component---AddNewContract--yardId-inner\"]"}
COMMAND: GET /session/fe219389c4a652ed804fe0697356972e/element/f.AE569C338F7BE8C487FB69BDD94B5641.d.D81147AF60EAACA38028B1D16BD55723.e.10162/property/value - {}
RESULT: {}
COMMAND: POST /session/fe219389c4a652ed804fe0697356972e/element - {"using":"xpath","value":"//input[@id=\"application-managecontracts-display-component---AddNewContract--customerSelect-inner\"]"}
COMMAND: GET /session/fe219389c4a652ed804fe0697356972e/screenshot - {}
RESULT: {"using":"xpath","value":"//input[@id=\"application-managecontracts-display-component---AddNewContract--customerSelect-inner\"]"}
COMMAND: POST /session/fe219389c4a652ed804fe0697356972e/element/f.AE569C338F7BE8C487FB69BDD94B5641.d.D81147AF60EAACA38028B1D16BD55723.e.10160/clear - {}
RESULT: {}
RESULT: {}
COMMAND: POST /session/fe219389c4a652ed804fe0697356972e/element/f.AE569C338F7BE8C487FB69BDD94B5641.d.D81147AF60EAACA38028B1D16BD55723.e.10160/value - {"text":"1270"}
COMMAND: GET /session/fe219389c4a652ed804fe0697356972e/screenshot - {}
RESULT: {"text":"1270"}
COMMAND: GET /session/fe219389c4a652ed804fe0697356972e/screenshot - {}
RESULT: {}
RESULT: {}
COMMAND: POST /session/fe219389c4a652ed804fe0697356972e/element - {"using":"xpath","value":"//li[.//span[text()='1270']]"}
RESULT: {"using":"xpath","value":"//li[.//span[text()='1270']]"}
COMMAND: POST /session/fe219389c4a652ed804fe0697356972e/element/f.AE569C338F7BE8C487FB69BDD94B5641.d.D81147AF60EAACA38028B1D16BD55723.e.10254/click - {}
RESULT: {}
COMMAND: GET /session/fe219389c4a652ed804fe0697356972e/screenshot - {}
RESULT: {}
COMMAND: POST /session/fe219389c4a652ed804fe0697356972e/element - {"using":"xpath","value":"//button[@data-kt=\"saveButton\"]"}
RESULT: {"using":"xpath","value":"//button[@data-kt=\"saveButton\"]"}
COMMAND: POST /session/fe219389c4a652ed804fe0697356972e/element/f.AE569C338F7BE8C487FB69BDD94B5641.d.D81147AF60EAACA38028B1D16BD55723.e.10244/click - {}
RESULT: {}
COMMAND: GET /session/fe219389c4a652ed804fe0697356972e/screenshot - {}
RESULT: {}
COMMAND: POST /session/fe219389c4a652ed804fe0697356972e/element - {"using":"xpath","value":"//span[contains(@id ,\"contractDetailTitleNoExpanded\")]"}
RESULT: {"using":"xpath","value":"//span[contains(@id ,\"contractDetailTitleNoExpanded\")]"}
COMMAND: POST /session/fe219389c4a652ed804fe0697356972e/elements - {"using":"xpath","value":"//span[contains(@id ,\"contractDetailTitleNoExpanded\")]"}
RESULT: {"using":"xpath","value":"//span[contains(@id ,\"contractDetailTitleNoExpanded\")]"}
COMMAND: POST /session/fe219389c4a652ed804fe0697356972e/execute/sync - {"script":"<script> [56 bytes]","args":[{"element-6066-11e4-a52e-4f735466cecf":"f.AE569C338F7BE8C487FB69BDD94B5641.d.D81147AF60EAACA38028B1D16BD55723.e.10264","ELEMENT":"f.AE569C338F7BE8C487FB69BDD94B5641.d.D81147AF60EAACA38028B1D16BD55723.e.10264"}]}
RESULT: {"script":"<script> [56 bytes]","args":[{"element-6066-11e4-a52e-4f735466cecf":"f.AE569C338F7BE8C487FB69BDD94B5641.d.D81147AF60EAACA38028B1D16BD55723.e.10264","ELEMENT":"f.AE569C338F7BE8C487FB69BDD94B5641.d.D81147AF60EAACA38028B1D16BD55723.e.10264"}]}
COMMAND: GET /session/fe219389c4a652ed804fe0697356972e/screenshot - {}
RESULT: {}
]]></system-out>
    </testcase>
    <testcase classname="chrome.136_0_7103_93.windows.Provide_to_Site_w/_warehouse_management_wo_clarification" name="Should add equipment to the contract" time="57.06">
      <system-out><![CDATA[
COMMAND: POST /session/fe219389c4a652ed804fe0697356972e/element - {"using":"xpath","value":"//button[@data-kt=\"contractDetailEditBtnButton\"]"}
RESULT: {"using":"xpath","value":"//button[@data-kt=\"contractDetailEditBtnButton\"]"}
COMMAND: POST /session/fe219389c4a652ed804fe0697356972e/element/f.AE569C338F7BE8C487FB69BDD94B5641.d.D81147AF60EAACA38028B1D16BD55723.e.10267/click - {}
RESULT: {}
COMMAND: GET /session/fe219389c4a652ed804fe0697356972e/screenshot - {}
RESULT: {}
COMMAND: POST /session/fe219389c4a652ed804fe0697356972e/element - {"using":"xpath","value":"(//span[contains(text(), \"Additional Addresses\")])[2]"}
RESULT: {"using":"xpath","value":"(//span[contains(text(), \"Additional Addresses\")])[2]"}
COMMAND: POST /session/fe219389c4a652ed804fe0697356972e/element/f.AE569C338F7BE8C487FB69BDD94B5641.d.D81147AF60EAACA38028B1D16BD55723.e.10327/click - {}
RESULT: {}
COMMAND: GET /session/fe219389c4a652ed804fe0697356972e/screenshot - {}
RESULT: {}
COMMAND: POST /session/fe219389c4a652ed804fe0697356972e/element - {"using":"xpath","value":"//button[@data-kt=\"btnAddTableRowOverflowToolbarButton\"]"}
RESULT: {"using":"xpath","value":"//button[@data-kt=\"btnAddTableRowOverflowToolbarButton\"]"}
COMMAND: POST /session/fe219389c4a652ed804fe0697356972e/element/f.AE569C338F7BE8C487FB69BDD94B5641.d.D81147AF60EAACA38028B1D16BD55723.e.10331/click - {}
RESULT: {}
COMMAND: GET /session/fe219389c4a652ed804fe0697356972e/screenshot - {}
RESULT: {}
COMMAND: POST /session/fe219389c4a652ed804fe0697356972e/element - {"using":"xpath","value":"//div[(text() = 'Standard Entry' or . = 'Standard Entry')]"}
RESULT: {"using":"xpath","value":"//div[(text() = 'Standard Entry' or . = 'Standard Entry')]"}
COMMAND: POST /session/fe219389c4a652ed804fe0697356972e/element/f.AE569C338F7BE8C487FB69BDD94B5641.d.D81147AF60EAACA38028B1D16BD55723.e.10333/click - {}
RESULT: {}
COMMAND: GET /session/fe219389c4a652ed804fe0697356972e/screenshot - {}
RESULT: {}
COMMAND: POST /session/fe219389c4a652ed804fe0697356972e/element - {"using":"xpath","value":"//td[6]/div/div/div/span"}
RESULT: {"using":"xpath","value":"//td[6]/div/div/div/span"}
COMMAND: POST /session/fe219389c4a652ed804fe0697356972e/element/f.AE569C338F7BE8C487FB69BDD94B5641.d.D81147AF60EAACA38028B1D16BD55723.e.10345/click - {}
RESULT: {}
COMMAND: GET /session/fe219389c4a652ed804fe0697356972e/screenshot - {}
RESULT: {}
COMMAND: POST /session/fe219389c4a652ed804fe0697356972e/element - {"using":"xpath","value":"(//span[contains(text(), \"Material\")])"}
RESULT: {"using":"xpath","value":"(//span[contains(text(), \"Material\")])"}
COMMAND: POST /session/fe219389c4a652ed804fe0697356972e/element/f.AE569C338F7BE8C487FB69BDD94B5641.d.D81147AF60EAACA38028B1D16BD55723.e.10346/click - {}
RESULT: {}
COMMAND: GET /session/fe219389c4a652ed804fe0697356972e/screenshot - {}
RESULT: {}
COMMAND: POST /session/fe219389c4a652ed804fe0697356972e/element - {"using":"xpath","value":"//td[7]/div/div/input"}
RESULT: {"using":"xpath","value":"//td[7]/div/div/input"}
COMMAND: POST /session/fe219389c4a652ed804fe0697356972e/element/f.AE569C338F7BE8C487FB69BDD94B5641.d.D81147AF60EAACA38028B1D16BD55723.e.10350/clear - {}
RESULT: {}
COMMAND: POST /session/fe219389c4a652ed804fe0697356972e/element/f.AE569C338F7BE8C487FB69BDD94B5641.d.D81147AF60EAACA38028B1D16BD55723.e.10350/value - {"text":"200253"}
COMMAND: GET /session/fe219389c4a652ed804fe0697356972e/screenshot - {}
RESULT: {"text":"200253"}
COMMAND: GET /session/fe219389c4a652ed804fe0697356972e/screenshot - {}
RESULT: {}
RESULT: {}
COMMAND: POST /session/fe219389c4a652ed804fe0697356972e/actions - {"actions":[{"id":"action33","type":"key","parameters":{},"actions":[{"type":"keyDown","value":""},{"type":"pause","duration":10},{"type":"keyUp","value":""}]}]}
RESULT: {"actions":[{"id":"action33","type":"key","parameters":{},"actions":[{"type":"keyDown","value":""},{"type":"pause","duration":10},{"type":"keyUp","value":""}]}]}
COMMAND: GET /session/fe219389c4a652ed804fe0697356972e/screenshot - {}
RESULT: {}
COMMAND: POST /session/fe219389c4a652ed804fe0697356972e/execute/sync - {"script":"<script> [276 bytes]","args":["No pricing information was found"]}
RESULT: {"script":"<script> [276 bytes]","args":["No pricing information was found"]}
COMMAND: POST /session/fe219389c4a652ed804fe0697356972e/element - {"using":"xpath","value":"//bdi[contains(text(), \"OK\")]"}
COMMAND: GET /session/fe219389c4a652ed804fe0697356972e/screenshot - {}
RESULT: {"using":"xpath","value":"//bdi[contains(text(), \"OK\")]"}
COMMAND: POST /session/fe219389c4a652ed804fe0697356972e/element/f.AE569C338F7BE8C487FB69BDD94B5641.d.D81147AF60EAACA38028B1D16BD55723.e.10376/click - {}
RESULT: {}
RESULT: {}
COMMAND: GET /session/fe219389c4a652ed804fe0697356972e/screenshot - {}
RESULT: {}
COMMAND: POST /session/fe219389c4a652ed804fe0697356972e/element - {"using":"xpath","value":"(//button[@data-kt=\"saveButton\"])[2]"}
RESULT: {"using":"xpath","value":"(//button[@data-kt=\"saveButton\"])[2]"}
COMMAND: POST /session/fe219389c4a652ed804fe0697356972e/element/f.AE569C338F7BE8C487FB69BDD94B5641.d.D81147AF60EAACA38028B1D16BD55723.e.10377/click - {}
RESULT: {}
COMMAND: GET /session/fe219389c4a652ed804fe0697356972e/screenshot - {}
RESULT: {}
COMMAND: POST /session/fe219389c4a652ed804fe0697356972e/execute/sync - {"script":"<script> [276 bytes]","args":["Some contract items are having rental validity exceeding header rental validity"]}
RESULT: {"script":"<script> [276 bytes]","args":["Some contract items are having rental validity exceeding header rental validity"]}
COMMAND: GET /session/fe219389c4a652ed804fe0697356972e/screenshot - {}
RESULT: {}
COMMAND: POST /session/fe219389c4a652ed804fe0697356972e/element - {"using":"xpath","value":"//span[contains(@id ,\"contractItemsSmartTable-header-inner\")]"}
RESULT: {"using":"xpath","value":"//span[contains(@id ,\"contractItemsSmartTable-header-inner\")]"}
COMMAND: POST /session/fe219389c4a652ed804fe0697356972e/elements - {"using":"xpath","value":"//span[contains(@id ,\"contractItemsSmartTable-header-inner\")]"}
RESULT: {"using":"xpath","value":"//span[contains(@id ,\"contractItemsSmartTable-header-inner\")]"}
COMMAND: POST /session/fe219389c4a652ed804fe0697356972e/execute/sync - {"script":"<script> [56 bytes]","args":[{"element-6066-11e4-a52e-4f735466cecf":"f.AE569C338F7BE8C487FB69BDD94B5641.d.D81147AF60EAACA38028B1D16BD55723.e.10381","ELEMENT":"f.AE569C338F7BE8C487FB69BDD94B5641.d.D81147AF60EAACA38028B1D16BD55723.e.10381"}]}
RESULT: {"script":"<script> [56 bytes]","args":[{"element-6066-11e4-a52e-4f735466cecf":"f.AE569C338F7BE8C487FB69BDD94B5641.d.D81147AF60EAACA38028B1D16BD55723.e.10381","ELEMENT":"f.AE569C338F7BE8C487FB69BDD94B5641.d.D81147AF60EAACA38028B1D16BD55723.e.10381"}]}
]]></system-out>
    </testcase>
    <testcase classname="chrome.136_0_7103_93.windows.Provide_to_Site_w/_warehouse_management_wo_clarification" name="Should provide to site" time="37.632">
      <system-out><![CDATA[
COMMAND: POST /session/fe219389c4a652ed804fe0697356972e/element - {"using":"xpath","value":"//button[@data-kt=\"provideButton\"]"}
COMMAND: GET /session/fe219389c4a652ed804fe0697356972e/screenshot - {}
RESULT: {"using":"xpath","value":"//button[@data-kt=\"provideButton\"]"}
COMMAND: POST /session/fe219389c4a652ed804fe0697356972e/element/f.AE569C338F7BE8C487FB69BDD94B5641.d.D81147AF60EAACA38028B1D16BD55723.e.10382/click - {}
RESULT: {}
RESULT: {}
COMMAND: GET /session/fe219389c4a652ed804fe0697356972e/screenshot - {}
RESULT: {}
RESULT: undefined
COMMAND: POST /session/fe219389c4a652ed804fe0697356972e/execute/async - {"script":"<script> [6424 bytes]","args":[{"element-6066-11e4-a52e-4f735466cecf":"f.AE569C338F7BE8C487FB69BDD94B5641.d.D81147AF60EAACA38028B1D16BD55723.e.9386"},"setValue",["05/29/25"]]}
COMMAND: POST /session/fe219389c4a652ed804fe0697356972e/execute/async - {"script":"<script> [1562 bytes]","args":[{"selector":{"id":"application-managehandovers-display-component---AddNewHO--dueDate","interaction":{"idSuffix":"inner"}},"wdio_ui5_key":"applicationmanagehandovers-display-component---AddNewHO--dueDate"}]}
RESULT: {"script":"<script> [1562 bytes]","args":[{"selector":{"id":"application-managehandovers-display-component---AddNewHO--dueDate","interaction":{"idSuffix":"inner"}},"wdio_ui5_key":"applicationmanagehandovers-display-component---AddNewHO--dueDate"}]}
COMMAND: POST /session/fe219389c4a652ed804fe0697356972e/execute/async - {"script":"<script> [6424 bytes]","args":[{"element-6066-11e4-a52e-4f735466cecf":"f.AE569C338F7BE8C487FB69BDD94B5641.d.D81147AF60EAACA38028B1D16BD55723.e.10439"},"setValue",["05/29/25"]]}
RESULT: {"script":"<script> [6424 bytes]","args":[{"element-6066-11e4-a52e-4f735466cecf":"f.AE569C338F7BE8C487FB69BDD94B5641.d.D81147AF60EAACA38028B1D16BD55723.e.10439"},"setValue",["05/29/25"]]}
COMMAND: POST /session/fe219389c4a652ed804fe0697356972e/element - {"using":"xpath","value":"//bdi[contains(text(), \"Instructions\")]"}
RESULT: {"using":"xpath","value":"//bdi[contains(text(), \"Instructions\")]"}
COMMAND: POST /session/fe219389c4a652ed804fe0697356972e/element/f.AE569C338F7BE8C487FB69BDD94B5641.d.D81147AF60EAACA38028B1D16BD55723.e.10558/click - {}
RESULT: {}
COMMAND: GET /session/fe219389c4a652ed804fe0697356972e/screenshot - {}
RESULT: {}
COMMAND: POST /session/fe219389c4a652ed804fe0697356972e/element - {"using":"xpath","value":"//button[@data-kt=\"AddNewHOProvideAddItemsButton\"]"}
RESULT: {"using":"xpath","value":"//button[@data-kt=\"AddNewHOProvideAddItemsButton\"]"}
COMMAND: POST /session/fe219389c4a652ed804fe0697356972e/element/f.AE569C338F7BE8C487FB69BDD94B5641.d.D81147AF60EAACA38028B1D16BD55723.e.10562/click - {}
RESULT: {}
COMMAND: GET /session/fe219389c4a652ed804fe0697356972e/screenshot - {}
RESULT: {}
RESULT: undefined
COMMAND: POST /session/fe219389c4a652ed804fe0697356972e/element - {"using":"xpath","value":"//*[@id=\"application-managehandovers-display-component---AddNewHO--popup-sa\"]"}
RESULT: {"using":"xpath","value":"//*[@id=\"application-managehandovers-display-component---AddNewHO--popup-sa\"]"}
COMMAND: POST /session/fe219389c4a652ed804fe0697356972e/element/f.AE569C338F7BE8C487FB69BDD94B5641.d.D81147AF60EAACA38028B1D16BD55723.e.10572/click - {}
RESULT: {}
COMMAND: GET /session/fe219389c4a652ed804fe0697356972e/screenshot - {}
RESULT: {}
COMMAND: POST /session/fe219389c4a652ed804fe0697356972e/element - {"using":"xpath","value":"//*[contains(@id ,\"BDI-content\")][contains(text(), \"Select\")]"}
RESULT: {"using":"xpath","value":"//*[contains(@id ,\"BDI-content\")][contains(text(), \"Select\")]"}
COMMAND: POST /session/fe219389c4a652ed804fe0697356972e/element/f.AE569C338F7BE8C487FB69BDD94B5641.d.D81147AF60EAACA38028B1D16BD55723.e.10573/click - {}
RESULT: {}
COMMAND: GET /session/fe219389c4a652ed804fe0697356972e/screenshot - {}
RESULT: {}
COMMAND: POST /session/fe219389c4a652ed804fe0697356972e/element - {"using":"xpath","value":"//bdi[(text() = 'Save' or . = 'Save')]"}
RESULT: {"using":"xpath","value":"//bdi[(text() = 'Save' or . = 'Save')]"}
COMMAND: POST /session/fe219389c4a652ed804fe0697356972e/element/f.AE569C338F7BE8C487FB69BDD94B5641.d.D81147AF60EAACA38028B1D16BD55723.e.10581/click - {}
RESULT: {}
COMMAND: GET /session/fe219389c4a652ed804fe0697356972e/screenshot - {}
RESULT: {}
]]></system-out>
    </testcase>
    <testcase classname="chrome.136_0_7103_93.windows.Provide_to_Site_w/_warehouse_management_wo_clarification" name="Should Test for Handover Execution" time="147.276">
      <system-out><![CDATA[
COMMAND: POST /session/fe219389c4a652ed804fe0697356972e/execute/async - {"script":"<script> [1562 bytes]","args":[{"selector":{"controlType":"sap.m.Link","viewName":"etm.portal.ui.managehandovers.view.DetailExecuteHO","bindingPath":{"path":"","propertyPath":"/wmDoc","modelName":"warehouseMovModel"}},"wdio_ui5_key":"etmportal.ui.managehandovers.view.DetailExecuteHOsap.m.Link{\"path\":\"\",\"propertyPath\":\"/wmDoc\",\"modelName\":\"warehouseMovModel\"}"}]}
RESULT: {"script":"<script> [1562 bytes]","args":[{"selector":{"controlType":"sap.m.Link","viewName":"etm.portal.ui.managehandovers.view.DetailExecuteHO","bindingPath":{"path":"","propertyPath":"/wmDoc","modelName":"warehouseMovModel"}},"wdio_ui5_key":"etmportal.ui.managehandovers.view.DetailExecuteHOsap.m.Link{\"path\":\"\",\"propertyPath\":\"/wmDoc\",\"modelName\":\"warehouseMovModel\"}"}]}
RESULT: undefined
COMMAND: POST /session/fe219389c4a652ed804fe0697356972e/element - {"using":"xpath","value":"//*[@id=\"__link82\"]"}
RESULT: {"using":"xpath","value":"//*[@id=\"__link82\"]"}
COMMAND: POST /session/fe219389c4a652ed804fe0697356972e/element/f.AE569C338F7BE8C487FB69BDD94B5641.d.D81147AF60EAACA38028B1D16BD55723.e.10625/click - {}
RESULT: {}
COMMAND: GET /session/fe219389c4a652ed804fe0697356972e/screenshot - {}
RESULT: {}
COMMAND: POST /session/fe219389c4a652ed804fe0697356972e/execute/async - {"script":"<script> [1562 bytes]","args":[{"selector":{"controlType":"sap.m.Link","viewName":"etm.portal.ui.managehandovers.view.DetailExecuteHO","properties":{"text":"Warehouse Overview"},"searchOpenDialogs":true},"wdio_ui5_key":"etmportal.ui.managehandovers.view.DetailExecuteHOsap.m.Link{\"text\":\"Warehouse Overview\"}"}]}
RESULT: {"script":"<script> [1562 bytes]","args":[{"selector":{"controlType":"sap.m.Link","viewName":"etm.portal.ui.managehandovers.view.DetailExecuteHO","properties":{"text":"Warehouse Overview"},"searchOpenDialogs":true},"wdio_ui5_key":"etmportal.ui.managehandovers.view.DetailExecuteHOsap.m.Link{\"text\":\"Warehouse Overview\"}"}]}
RESULT: undefined
COMMAND: POST /session/fe219389c4a652ed804fe0697356972e/element - {"using":"xpath","value":"//*[@id=\"__link98\"]"}
RESULT: {"using":"xpath","value":"//*[@id=\"__link98\"]"}
COMMAND: POST /session/fe219389c4a652ed804fe0697356972e/element/f.AE569C338F7BE8C487FB69BDD94B5641.d.D81147AF60EAACA38028B1D16BD55723.e.10629/click - {}
RESULT: {}
COMMAND: GET /session/fe219389c4a652ed804fe0697356972e/screenshot - {}
COMMAND: POST /session/fe219389c4a652ed804fe0697356972e/execute/async - {"script":"<script> [1562 bytes]","args":[{"selector":{"controlType":"sap.m.Button","viewName":"etm.portal.ui.warehousemovements.view.DisplayMovement","viewId":"application-warehousemovements-display-component---displayMovement","i18NText":{"propertyName":"text","key":"execution"},"interaction":{"idSuffix":"BDI-content"}},"wdio_ui5_key":"etmportal.ui.warehousemovements.view.DisplayMovementsap.m.Button{\"propertyName\":\"text\",\"key\":\"execution\"}"}]}
RESULT: {}
RESULT: {"script":"<script> [1562 bytes]","args":[{"selector":{"controlType":"sap.m.Button","viewName":"etm.portal.ui.warehousemovements.view.DisplayMovement","viewId":"application-warehousemovements-display-component---displayMovement","i18NText":{"propertyName":"text","key":"execution"},"interaction":{"idSuffix":"BDI-content"}},"wdio_ui5_key":"etmportal.ui.warehousemovements.view.DisplayMovementsap.m.Button{\"propertyName\":\"text\",\"key\":\"execution\"}"}]}
RESULT: undefined
COMMAND: POST /session/fe219389c4a652ed804fe0697356972e/element - {"using":"xpath","value":"//*[@id=\"__button247\"]"}
RESULT: {"using":"xpath","value":"//*[@id=\"__button247\"]"}
COMMAND: POST /session/fe219389c4a652ed804fe0697356972e/element/f.AE569C338F7BE8C487FB69BDD94B5641.d.D81147AF60EAACA38028B1D16BD55723.e.10740/click - {}
RESULT: {}
COMMAND: GET /session/fe219389c4a652ed804fe0697356972e/screenshot - {}
RESULT: {}
COMMAND: POST /session/fe219389c4a652ed804fe0697356972e/execute/async - {"script":"<script> [1562 bytes]","args":[{"selector":{"controlType":"sap.m.Button","viewName":"etm.portal.ui.warehousemovements.view.ExecuteMovement","viewId":"application-warehousemovements-display-component---executeMovement","properties":{"text":"Items"},"interaction":{"idSuffix":"BDI-content"}},"wdio_ui5_key":"etmportal.ui.warehousemovements.view.ExecuteMovementsap.m.Button{\"text\":\"Items\"}"}]}
RESULT: {"script":"<script> [1562 bytes]","args":[{"selector":{"controlType":"sap.m.Button","viewName":"etm.portal.ui.warehousemovements.view.ExecuteMovement","viewId":"application-warehousemovements-display-component---executeMovement","properties":{"text":"Items"},"interaction":{"idSuffix":"BDI-content"}},"wdio_ui5_key":"etmportal.ui.warehousemovements.view.ExecuteMovementsap.m.Button{\"text\":\"Items\"}"}]}
RESULT: undefined
COMMAND: POST /session/fe219389c4a652ed804fe0697356972e/element - {"using":"xpath","value":"//*[@id=\"__layout379-anchBar-application-warehousemovements-display-component---executeMovement--itemsSection-anchor\"]"}
RESULT: {"using":"xpath","value":"//*[@id=\"__layout379-anchBar-application-warehousemovements-display-component---executeMovement--itemsSection-anchor\"]"}
COMMAND: POST /session/fe219389c4a652ed804fe0697356972e/element/f.AE569C338F7BE8C487FB69BDD94B5641.d.D81147AF60EAACA38028B1D16BD55723.e.10848/click - {}
RESULT: {}
COMMAND: GET /session/fe219389c4a652ed804fe0697356972e/screenshot - {}
RESULT: {}
COMMAND: POST /session/fe219389c4a652ed804fe0697356972e/execute/async - {"script":"<script> [1562 bytes]","args":[{"selector":{"controlType":"sap.m.ToggleButton","viewName":"etm.portal.ui.warehousemovements.view.ExecuteMovement","viewId":"application-warehousemovements-display-component---executeMovement","bindingPath":{"propertyPath":"STATUS","modelName":"catalogModel"},"interaction":{"idSuffix":"BDI-content"}},"wdio_ui5_key":"etmportal.ui.warehousemovements.view.ExecuteMovementsap.m.ToggleButton{\"propertyPath\":\"STATUS\",\"modelName\":\"catalogModel\"}"}]}
RESULT: {"script":"<script> [1562 bytes]","args":[{"selector":{"controlType":"sap.m.ToggleButton","viewName":"etm.portal.ui.warehousemovements.view.ExecuteMovement","viewId":"application-warehousemovements-display-component---executeMovement","bindingPath":{"propertyPath":"STATUS","modelName":"catalogModel"},"interaction":{"idSuffix":"BDI-content"}},"wdio_ui5_key":"etmportal.ui.warehousemovements.view.ExecuteMovementsap.m.ToggleButton{\"propertyPath\":\"STATUS\",\"modelName\":\"catalogModel\"}"}]}
RESULT: undefined
COMMAND: POST /session/fe219389c4a652ed804fe0697356972e/element - {"using":"xpath","value":"//*[@id=\"__button272-__clone3268\"]"}
RESULT: {"using":"xpath","value":"//*[@id=\"__button272-__clone3268\"]"}
COMMAND: POST /session/fe219389c4a652ed804fe0697356972e/element/f.AE569C338F7BE8C487FB69BDD94B5641.d.D81147AF60EAACA38028B1D16BD55723.e.10826/click - {}
RESULT: {}
RESULT: undefined
COMMAND: POST /session/fe219389c4a652ed804fe0697356972e/element - {"using":"xpath","value":"//*[@id=\"__button272-__clone3268\"]"}
COMMAND: GET /session/fe219389c4a652ed804fe0697356972e/screenshot - {}
RESULT: {"using":"xpath","value":"//*[@id=\"__button272-__clone3268\"]"}
COMMAND: POST /session/fe219389c4a652ed804fe0697356972e/element/f.AE569C338F7BE8C487FB69BDD94B5641.d.D81147AF60EAACA38028B1D16BD55723.e.10826/click - {}
RESULT: {}
RESULT: {}
COMMAND: GET /session/fe219389c4a652ed804fe0697356972e/screenshot - {}
RESULT: {}
RESULT: undefined
COMMAND: POST /session/fe219389c4a652ed804fe0697356972e/execute/async - {"script":"<script> [6424 bytes]","args":[{"element-6066-11e4-a52e-4f735466cecf":"f.AE569C338F7BE8C487FB69BDD94B5641.d.D81147AF60EAACA38028B1D16BD55723.e.10852"},"getText",[]]}
RESULT: {"script":"<script> [6424 bytes]","args":[{"element-6066-11e4-a52e-4f735466cecf":"f.AE569C338F7BE8C487FB69BDD94B5641.d.D81147AF60EAACA38028B1D16BD55723.e.10852"},"getText",[]]}
COMMAND: POST /session/fe219389c4a652ed804fe0697356972e/element - {"using":"xpath","value":"//section[contains(@id,\"FC-NoHead\")]/div[1]/div[5]/div[2]/span"}
RESULT: {"using":"xpath","value":"//section[contains(@id,\"FC-NoHead\")]/div[1]/div[5]/div[2]/span"}
COMMAND: POST /session/fe219389c4a652ed804fe0697356972e/elements - {"using":"xpath","value":"//section[contains(@id,\"FC-NoHead\")]/div[1]/div[5]/div[2]/span"}
RESULT: {"using":"xpath","value":"//section[contains(@id,\"FC-NoHead\")]/div[1]/div[5]/div[2]/span"}
COMMAND: POST /session/fe219389c4a652ed804fe0697356972e/execute/sync - {"script":"<script> [56 bytes]","args":[{"element-6066-11e4-a52e-4f735466cecf":"f.AE569C338F7BE8C487FB69BDD94B5641.d.D81147AF60EAACA38028B1D16BD55723.e.10854","ELEMENT":"f.AE569C338F7BE8C487FB69BDD94B5641.d.D81147AF60EAACA38028B1D16BD55723.e.10854"}]}
RESULT: {"script":"<script> [56 bytes]","args":[{"element-6066-11e4-a52e-4f735466cecf":"f.AE569C338F7BE8C487FB69BDD94B5641.d.D81147AF60EAACA38028B1D16BD55723.e.10854","ELEMENT":"f.AE569C338F7BE8C487FB69BDD94B5641.d.D81147AF60EAACA38028B1D16BD55723.e.10854"}]}
COMMAND: POST /session/fe219389c4a652ed804fe0697356972e/actions - {"actions":[{"id":"action34","type":"key","parameters":{},"actions":[{"type":"keyDown","value":""},{"type":"pause","duration":10},{"type":"keyUp","value":""}]}]}
COMMAND: GET /session/fe219389c4a652ed804fe0697356972e/screenshot - {}
RESULT: {"actions":[{"id":"action34","type":"key","parameters":{},"actions":[{"type":"keyDown","value":""},{"type":"pause","duration":10},{"type":"keyUp","value":""}]}]}
COMMAND: POST /session/fe219389c4a652ed804fe0697356972e/execute/async - {"script":"<script> [1562 bytes]","args":[{"selector":{"id":"application-warehousemovements-display-component---executeMovement--executeId","interaction":{"idSuffix":"BDI-content"}},"wdio_ui5_key":"applicationwarehousemovements-display-component---executeMovement--executeId"}]}
COMMAND: GET /session/fe219389c4a652ed804fe0697356972e/screenshot - {}
RESULT: {}
RESULT: {"script":"<script> [1562 bytes]","args":[{"selector":{"id":"application-warehousemovements-display-component---executeMovement--executeId","interaction":{"idSuffix":"BDI-content"}},"wdio_ui5_key":"applicationwarehousemovements-display-component---executeMovement--executeId"}]}
RESULT: undefined
COMMAND: POST /session/fe219389c4a652ed804fe0697356972e/element - {"using":"xpath","value":"//*[@id=\"application-warehousemovements-display-component---executeMovement--executeId\"]"}
RESULT: {}
RESULT: {"using":"xpath","value":"//*[@id=\"application-warehousemovements-display-component---executeMovement--executeId\"]"}
COMMAND: POST /session/fe219389c4a652ed804fe0697356972e/element/f.AE569C338F7BE8C487FB69BDD94B5641.d.D81147AF60EAACA38028B1D16BD55723.e.10819/click - {}
RESULT: {}
COMMAND: GET /session/fe219389c4a652ed804fe0697356972e/screenshot - {}
RESULT: {}
COMMAND: POST /session/fe219389c4a652ed804fe0697356972e/element - {"using":"css selector","value":"#shell-header-logo"}
RESULT: {"using":"css selector","value":"#shell-header-logo"}
COMMAND: POST /session/fe219389c4a652ed804fe0697356972e/element/f.AE569C338F7BE8C487FB69BDD94B5641.d.D81147AF60EAACA38028B1D16BD55723.e.9798/click - {}
RESULT: {}
COMMAND: GET /session/fe219389c4a652ed804fe0697356972e/screenshot - {}
RESULT: {}
RESULT: undefined
COMMAND: POST /session/fe219389c4a652ed804fe0697356972e/element - {"using":"xpath","value":"//*[@id=\"__tile133\"]"}
RESULT: {"using":"xpath","value":"//*[@id=\"__tile133\"]"}
COMMAND: POST /session/fe219389c4a652ed804fe0697356972e/element/f.AE569C338F7BE8C487FB69BDD94B5641.d.D81147AF60EAACA38028B1D16BD55723.e.8299/click - {}
RESULT: {}
COMMAND: GET /session/fe219389c4a652ed804fe0697356972e/screenshot - {}
RESULT: {}
COMMAND: POST /session/fe219389c4a652ed804fe0697356972e/elements - {"using":"xpath","value":"//span[text()='Error']"}
RESULT: {"using":"xpath","value":"//span[text()='Error']"}
COMMAND: POST /session/fe219389c4a652ed804fe0697356972e/execute/async - {"script":"<script> [1562 bytes]","args":[{"selector":{"controlType":"sap.m.SearchField","viewName":"etm.portal.ui.managehandovers.view.MasterHO","bindingPath":{"propertyPath":"/_BASIC_SEARCH_FIELD","modelName":"fi1t3rM0d31"},"interaction":{"idSuffix":"I"}},"wdio_ui5_key":"etmportal.ui.managehandovers.view.MasterHOsap.m.SearchField{\"propertyPath\":\"/_BASIC_SEARCH_FIELD\",\"modelName\":\"fi1t3rM0d31\"}"}]}
RESULT: {"script":"<script> [1562 bytes]","args":[{"selector":{"controlType":"sap.m.SearchField","viewName":"etm.portal.ui.managehandovers.view.MasterHO","bindingPath":{"propertyPath":"/_BASIC_SEARCH_FIELD","modelName":"fi1t3rM0d31"},"interaction":{"idSuffix":"I"}},"wdio_ui5_key":"etmportal.ui.managehandovers.view.MasterHOsap.m.SearchField{\"propertyPath\":\"/_BASIC_SEARCH_FIELD\",\"modelName\":\"fi1t3rM0d31\"}"}]}
RESULT: undefined
COMMAND: POST /session/fe219389c4a652ed804fe0697356972e/execute/async - {"script":"<script> [776 bytes]","args":[{"enterText":"30814","selector":{"controlType":"sap.m.SearchField","viewName":"etm.portal.ui.managehandovers.view.MasterHO","bindingPath":{"propertyPath":"/_BASIC_SEARCH_FIELD","modelName":"fi1t3rM0d31"},"interaction":{"idSuffix":"I"}},"clearTextFirst":true,"interactionType":"ENTER_TEXT"}]}
RESULT: {"script":"<script> [776 bytes]","args":[{"enterText":"30814","selector":{"controlType":"sap.m.SearchField","viewName":"etm.portal.ui.managehandovers.view.MasterHO","bindingPath":{"propertyPath":"/_BASIC_SEARCH_FIELD","modelName":"fi1t3rM0d31"},"interaction":{"idSuffix":"I"}},"clearTextFirst":true,"interactionType":"ENTER_TEXT"}]}
COMMAND: POST /session/fe219389c4a652ed804fe0697356972e/actions - {"actions":[{"id":"action35","type":"key","parameters":{},"actions":[{"type":"keyDown","value":""},{"type":"pause","duration":10},{"type":"keyUp","value":""}]}]}
RESULT: {"actions":[{"id":"action35","type":"key","parameters":{},"actions":[{"type":"keyDown","value":""},{"type":"pause","duration":10},{"type":"keyUp","value":""}]}]}
COMMAND: GET /session/fe219389c4a652ed804fe0697356972e/screenshot - {}
RESULT: {}
COMMAND: POST /session/fe219389c4a652ed804fe0697356972e/execute/async - {"script":"<script> [1562 bytes]","args":[{"selector":{"controlType":"sap.ui.core.Icon","viewName":"etm.portal.ui.managehandovers.view.MasterHO","properties":{"src":{"regex":{"source":"slim\\-arrow\\-right"}}}},"wdio_ui5_key":"etmportal.ui.managehandovers.view.MasterHOsap.ui.core.Icon{\"src\":{\"regex\":{\"source\":\"slim\\\\-arrow\\\\-right\"}}}"}]}
RESULT: {"script":"<script> [1562 bytes]","args":[{"selector":{"controlType":"sap.ui.core.Icon","viewName":"etm.portal.ui.managehandovers.view.MasterHO","properties":{"src":{"regex":{"source":"slim\\-arrow\\-right"}}}},"wdio_ui5_key":"etmportal.ui.managehandovers.view.MasterHOsap.ui.core.Icon{\"src\":{\"regex\":{\"source\":\"slim\\\\-arrow\\\\-right\"}}}"}]}
RESULT: undefined
COMMAND: POST /session/fe219389c4a652ed804fe0697356972e/element - {"using":"xpath","value":"//*[@id=\"__item1718-__clone3348-imgNav\"]"}
RESULT: {"using":"xpath","value":"//*[@id=\"__item1718-__clone3348-imgNav\"]"}
COMMAND: POST /session/fe219389c4a652ed804fe0697356972e/element/f.AE569C338F7BE8C487FB69BDD94B5641.d.D81147AF60EAACA38028B1D16BD55723.e.11021/click - {}
RESULT: {}
COMMAND: GET /session/fe219389c4a652ed804fe0697356972e/screenshot - {}
RESULT: {}
COMMAND: POST /session/fe219389c4a652ed804fe0697356972e/execute/async - {"script":"<script> [1562 bytes]","args":[{"selector":{"controlType":"sap.m.Button","viewName":"etm.portal.ui.managehandovers.view.DetailExecuteHO","i18NText":{"propertyName":"text","key":"confirmAll"},"interaction":{"idSuffix":"BDI-content"}},"wdio_ui5_key":"etmportal.ui.managehandovers.view.DetailExecuteHOsap.m.Button{\"propertyName\":\"text\",\"key\":\"confirmAll\"}"}]}
RESULT: {"script":"<script> [1562 bytes]","args":[{"selector":{"controlType":"sap.m.Button","viewName":"etm.portal.ui.managehandovers.view.DetailExecuteHO","i18NText":{"propertyName":"text","key":"confirmAll"},"interaction":{"idSuffix":"BDI-content"}},"wdio_ui5_key":"etmportal.ui.managehandovers.view.DetailExecuteHOsap.m.Button{\"propertyName\":\"text\",\"key\":\"confirmAll\"}"}]}
RESULT: undefined
COMMAND: POST /session/fe219389c4a652ed804fe0697356972e/element - {"using":"xpath","value":"//*[@id=\"__button313\"]"}
RESULT: {"using":"xpath","value":"//*[@id=\"__button313\"]"}
COMMAND: POST /session/fe219389c4a652ed804fe0697356972e/element/f.AE569C338F7BE8C487FB69BDD94B5641.d.D81147AF60EAACA38028B1D16BD55723.e.11113/click - {}
RESULT: {}
COMMAND: GET /session/fe219389c4a652ed804fe0697356972e/screenshot - {}
RESULT: {}
COMMAND: POST /session/fe219389c4a652ed804fe0697356972e/actions - {"actions":[{"id":"action36","type":"key","parameters":{},"actions":[{"type":"keyDown","value":""},{"type":"pause","duration":10},{"type":"keyUp","value":""}]}]}
RESULT: {"actions":[{"id":"action36","type":"key","parameters":{},"actions":[{"type":"keyDown","value":""},{"type":"pause","duration":10},{"type":"keyUp","value":""}]}]}
COMMAND: GET /session/fe219389c4a652ed804fe0697356972e/screenshot - {}
RESULT: {}
COMMAND: POST /session/fe219389c4a652ed804fe0697356972e/element - {"using":"xpath","value":"//button[@data-kt=\"execHoIssueButton\"]"}
RESULT: {"using":"xpath","value":"//button[@data-kt=\"execHoIssueButton\"]"}
COMMAND: POST /session/fe219389c4a652ed804fe0697356972e/element/f.AE569C338F7BE8C487FB69BDD94B5641.d.D81147AF60EAACA38028B1D16BD55723.e.11122/click - {}
RESULT: {}
COMMAND: GET /session/fe219389c4a652ed804fe0697356972e/screenshot - {}
RESULT: {}
RESULT: undefined
COMMAND: POST /session/fe219389c4a652ed804fe0697356972e/execute/async - {"script":"<script> [776 bytes]","args":[{"enterText":"30814","selector":{"controlType":"sap.m.SearchField","viewName":"etm.portal.ui.managehandovers.view.MasterHO","bindingPath":{"propertyPath":"/_BASIC_SEARCH_FIELD","modelName":"fi1t3rM0d31"},"interaction":{"idSuffix":"I"}},"clearTextFirst":true,"interactionType":"ENTER_TEXT"}]}
RESULT: {"script":"<script> [776 bytes]","args":[{"enterText":"30814","selector":{"controlType":"sap.m.SearchField","viewName":"etm.portal.ui.managehandovers.view.MasterHO","bindingPath":{"propertyPath":"/_BASIC_SEARCH_FIELD","modelName":"fi1t3rM0d31"},"interaction":{"idSuffix":"I"}},"clearTextFirst":true,"interactionType":"ENTER_TEXT"}]}
COMMAND: POST /session/fe219389c4a652ed804fe0697356972e/actions - {"actions":[{"id":"action37","type":"key","parameters":{},"actions":[{"type":"keyDown","value":""},{"type":"pause","duration":10},{"type":"keyUp","value":""}]}]}
RESULT: {"actions":[{"id":"action37","type":"key","parameters":{},"actions":[{"type":"keyDown","value":""},{"type":"pause","duration":10},{"type":"keyUp","value":""}]}]}
COMMAND: GET /session/fe219389c4a652ed804fe0697356972e/screenshot - {}
RESULT: {}
COMMAND: POST /session/fe219389c4a652ed804fe0697356972e/element - {"using":"xpath","value":"//span[(text() = '30814' or . = '30814')]"}
RESULT: {"using":"xpath","value":"//span[(text() = '30814' or . = '30814')]"}
COMMAND: POST /session/fe219389c4a652ed804fe0697356972e/element/f.AE569C338F7BE8C487FB69BDD94B5641.d.D81147AF60EAACA38028B1D16BD55723.e.11184/click - {}
RESULT: {}
COMMAND: GET /session/fe219389c4a652ed804fe0697356972e/screenshot - {}
RESULT: {}
COMMAND: POST /session/fe219389c4a652ed804fe0697356972e/element - {"using":"xpath","value":"//span[contains(text(), \"Instructions\")]"}
RESULT: {"using":"xpath","value":"//span[contains(text(), \"Instructions\")]"}
COMMAND: POST /session/fe219389c4a652ed804fe0697356972e/element/f.AE569C338F7BE8C487FB69BDD94B5641.d.D81147AF60EAACA38028B1D16BD55723.e.11212/click - {}
RESULT: {}
COMMAND: GET /session/fe219389c4a652ed804fe0697356972e/screenshot - {}
RESULT: {}
COMMAND: POST /session/fe219389c4a652ed804fe0697356972e/element - {"using":"xpath","value":"//span[contains(text(), \"Instructions\")]"}
RESULT: {"using":"xpath","value":"//span[contains(text(), \"Instructions\")]"}
COMMAND: POST /session/fe219389c4a652ed804fe0697356972e/element/f.AE569C338F7BE8C487FB69BDD94B5641.d.D81147AF60EAACA38028B1D16BD55723.e.11212/click - {}
RESULT: {}
COMMAND: GET /session/fe219389c4a652ed804fe0697356972e/screenshot - {}
RESULT: {}
COMMAND: POST /session/fe219389c4a652ed804fe0697356972e/execute/async - {"script":"<script> [1562 bytes]","args":[{"selector":{"controlType":"sap.m.ComboBox","viewName":"etm.portal.ui.managehandovers.view.DetailExecuteHO","bindingPath":{"propertyPath":"RECEIVING_SECTION","modelName":"catalogModel"},"interaction":{"idSuffix":"inner"}},"wdio_ui5_key":"etmportal.ui.managehandovers.view.DetailExecuteHOsap.m.ComboBox{\"propertyPath\":\"RECEIVING_SECTION\",\"modelName\":\"catalogModel\"}"}]}
RESULT: {"script":"<script> [1562 bytes]","args":[{"selector":{"controlType":"sap.m.ComboBox","viewName":"etm.portal.ui.managehandovers.view.DetailExecuteHO","bindingPath":{"propertyPath":"RECEIVING_SECTION","modelName":"catalogModel"},"interaction":{"idSuffix":"inner"}},"wdio_ui5_key":"etmportal.ui.managehandovers.view.DetailExecuteHOsap.m.ComboBox{\"propertyPath\":\"RECEIVING_SECTION\",\"modelName\":\"catalogModel\"}"}]}
RESULT: undefined
COMMAND: POST /session/fe219389c4a652ed804fe0697356972e/execute/async - {"script":"<script> [776 bytes]","args":[{"enterText":"WDIO-2236","selector":{"controlType":"sap.m.ComboBox","viewName":"etm.portal.ui.managehandovers.view.DetailExecuteHO","bindingPath":{"propertyPath":"RECEIVING_SECTION","modelName":"catalogModel"},"interaction":{"idSuffix":"inner"}},"clearTextFirst":true,"interactionType":"ENTER_TEXT"}]}
RESULT: {"script":"<script> [776 bytes]","args":[{"enterText":"WDIO-2236","selector":{"controlType":"sap.m.ComboBox","viewName":"etm.portal.ui.managehandovers.view.DetailExecuteHO","bindingPath":{"propertyPath":"RECEIVING_SECTION","modelName":"catalogModel"},"interaction":{"idSuffix":"inner"}},"clearTextFirst":true,"interactionType":"ENTER_TEXT"}]}
COMMAND: POST /session/fe219389c4a652ed804fe0697356972e/actions - {"actions":[{"id":"action38","type":"key","parameters":{},"actions":[{"type":"keyDown","value":""},{"type":"pause","duration":10},{"type":"keyUp","value":""}]}]}
RESULT: {"actions":[{"id":"action38","type":"key","parameters":{},"actions":[{"type":"keyDown","value":""},{"type":"pause","duration":10},{"type":"keyUp","value":""}]}]}
COMMAND: GET /session/fe219389c4a652ed804fe0697356972e/screenshot - {}
RESULT: {}
COMMAND: POST /session/fe219389c4a652ed804fe0697356972e/element - {"using":"xpath","value":"//button[@data-kt= \"execHoReceiveButton\"]"}
RESULT: {"using":"xpath","value":"//button[@data-kt= \"execHoReceiveButton\"]"}
COMMAND: POST /session/fe219389c4a652ed804fe0697356972e/element/f.AE569C338F7BE8C487FB69BDD94B5641.d.D81147AF60EAACA38028B1D16BD55723.e.11219/click - {}
RESULT: {}
COMMAND: GET /session/fe219389c4a652ed804fe0697356972e/screenshot - {}
RESULT: {}
COMMAND: POST /session/fe219389c4a652ed804fe0697356972e/execute/async - {"script":"<script> [1562 bytes]","args":[{"selector":{"controlType":"sap.m.Button","properties":{"text":"Continue"},"searchOpenDialogs":true,"interaction":{"idSuffix":"content"}},"wdio_ui5_key":"sapm.Button{\"text\":\"Continue\"}"}]}
RESULT: {"script":"<script> [1562 bytes]","args":[{"selector":{"controlType":"sap.m.Button","properties":{"text":"Continue"},"searchOpenDialogs":true,"interaction":{"idSuffix":"content"}},"wdio_ui5_key":"sapm.Button{\"text\":\"Continue\"}"}]}
RESULT: undefined
COMMAND: POST /session/fe219389c4a652ed804fe0697356972e/element - {"using":"xpath","value":"//*[@id=\"__mbox-btn-6\"]"}
RESULT: {"using":"xpath","value":"//*[@id=\"__mbox-btn-6\"]"}
COMMAND: POST /session/fe219389c4a652ed804fe0697356972e/element/f.AE569C338F7BE8C487FB69BDD94B5641.d.D81147AF60EAACA38028B1D16BD55723.e.11220/click - {}
RESULT: {}
COMMAND: GET /session/fe219389c4a652ed804fe0697356972e/screenshot - {}
RESULT: {}
COMMAND: POST /session/fe219389c4a652ed804fe0697356972e/element - {"using":"css selector","value":"#shell-header-logo"}
RESULT: {"using":"css selector","value":"#shell-header-logo"}
COMMAND: POST /session/fe219389c4a652ed804fe0697356972e/element/f.AE569C338F7BE8C487FB69BDD94B5641.d.D81147AF60EAACA38028B1D16BD55723.e.10904/click - {}
RESULT: {}
COMMAND: GET /session/fe219389c4a652ed804fe0697356972e/screenshot - {}
RESULT: {}
COMMAND: POST /session/fe219389c4a652ed804fe0697356972e/element - {"using":"css selector","value":"#j_username"}
COMMAND: POST /session/fe219389c4a652ed804fe0697356972e/url - {"url":"https://qa-testing-00-live-etm-ui.cfapps.eu10-004.hana.ondemand.com/"}
RESULT: {"using":"css selector","value":"#j_username"}
COMMAND: POST /session/fe219389c4a652ed804fe0697356972e/element - {"using":"css selector","value":"#j_username"}
RESULT: {"url":"https://qa-testing-00-live-etm-ui.cfapps.eu10-004.hana.ondemand.com/"}
RESULT: undefined
COMMAND: GET /session/fe219389c4a652ed804fe0697356972e/screenshot - {}
RESULT: {"using":"css selector","value":"#j_username"}
COMMAND: POST /session/fe219389c4a652ed804fe0697356972e/element - {"using":"css selector","value":"#shell-header-logo"}
RESULT: {}
RESULT: {"using":"css selector","value":"#shell-header-logo"}
COMMAND: POST /session/fe219389c4a652ed804fe0697356972e/execute/sync - {"script":"<script> [8489 bytes]","args":[{"element-6066-11e4-a52e-4f735466cecf":"f.AE569C338F7BE8C487FB69BDD94B5641.d.9F0F1D530B5957C853DB619AFA121CBB.e.11279","ELEMENT":"f.AE569C338F7BE8C487FB69BDD94B5641.d.9F0F1D530B5957C853DB619AFA121CBB.e.11279"}]}
RESULT: {"script":"<script> [8489 bytes]","args":[{"element-6066-11e4-a52e-4f735466cecf":"f.AE569C338F7BE8C487FB69BDD94B5641.d.9F0F1D530B5957C853DB619AFA121CBB.e.11279","ELEMENT":"f.AE569C338F7BE8C487FB69BDD94B5641.d.9F0F1D530B5957C853DB619AFA121CBB.e.11279"}]}
COMMAND: POST /session/fe219389c4a652ed804fe0697356972e/element - {"using":"css selector","value":"#shell-header-logo"}
COMMAND: GET /session/fe219389c4a652ed804fe0697356972e/screenshot - {}
RESULT: {"using":"css selector","value":"#shell-header-logo"}
COMMAND: POST /session/fe219389c4a652ed804fe0697356972e/execute/sync - {"script":"<script> [8489 bytes]","args":[{"element-6066-11e4-a52e-4f735466cecf":"f.AE569C338F7BE8C487FB69BDD94B5641.d.9F0F1D530B5957C853DB619AFA121CBB.e.11279","ELEMENT":"f.AE569C338F7BE8C487FB69BDD94B5641.d.9F0F1D530B5957C853DB619AFA121CBB.e.11279"}]}
RESULT: {}
RESULT: {"script":"<script> [8489 bytes]","args":[{"element-6066-11e4-a52e-4f735466cecf":"f.AE569C338F7BE8C487FB69BDD94B5641.d.9F0F1D530B5957C853DB619AFA121CBB.e.11279","ELEMENT":"f.AE569C338F7BE8C487FB69BDD94B5641.d.9F0F1D530B5957C853DB619AFA121CBB.e.11279"}]}
COMMAND: POST /session/fe219389c4a652ed804fe0697356972e/execute/sync - {"script":"<script> [5351 bytes]","args":[{"element-6066-11e4-a52e-4f735466cecf":"f.AE569C338F7BE8C487FB69BDD94B5641.d.9F0F1D530B5957C853DB619AFA121CBB.e.11279","ELEMENT":"f.AE569C338F7BE8C487FB69BDD94B5641.d.9F0F1D530B5957C853DB619AFA121CBB.e.11279"}]}
COMMAND: GET /session/fe219389c4a652ed804fe0697356972e/screenshot - {}
RESULT: {"script":"<script> [5351 bytes]","args":[{"element-6066-11e4-a52e-4f735466cecf":"f.AE569C338F7BE8C487FB69BDD94B5641.d.9F0F1D530B5957C853DB619AFA121CBB.e.11279","ELEMENT":"f.AE569C338F7BE8C487FB69BDD94B5641.d.9F0F1D530B5957C853DB619AFA121CBB.e.11279"}]}
COMMAND: POST /session/fe219389c4a652ed804fe0697356972e/element - {"using":"css selector","value":"#shell-header-logo"}
COMMAND: GET /session/fe219389c4a652ed804fe0697356972e/screenshot - {}
RESULT: {}
RESULT: {"using":"css selector","value":"#shell-header-logo"}
COMMAND: POST /session/fe219389c4a652ed804fe0697356972e/element/f.AE569C338F7BE8C487FB69BDD94B5641.d.9F0F1D530B5957C853DB619AFA121CBB.e.11279/click - {}
RESULT: {}
RESULT: {}
COMMAND: GET /session/fe219389c4a652ed804fe0697356972e/screenshot - {}
RESULT: {}
COMMAND: POST /session/fe219389c4a652ed804fe0697356972e/execute/async - {"script":"<script> [189 bytes]","args":[]}
RESULT: {"script":"<script> [189 bytes]","args":[]}
COMMAND: POST /session/fe219389c4a652ed804fe0697356972e/execute/async - {"script":"<script> [123 bytes]","args":[]}
RESULT: {"script":"<script> [123 bytes]","args":[]}
COMMAND: POST /session/fe219389c4a652ed804fe0697356972e/timeouts - {"script":"<number>"}
RESULT: {"script":"<number>"}
COMMAND: GET /session/fe219389c4a652ed804fe0697356972e/timeouts - {}
RESULT: {}
RESULT: undefined
COMMAND: POST /session/fe219389c4a652ed804fe0697356972e/execute/async - {"script":"<script> [2676 bytes]","args":[]}
RESULT: {"script":"<script> [2676 bytes]","args":[]}
COMMAND: POST /session/fe219389c4a652ed804fe0697356972e/execute/async - {"script":"<script> [2342 bytes]","args":[{"protocol":"http","hostname":"0.0.0.0","path":"/","capabilities":{"browserName":"chrome","goog:chromeOptions":{"binary":"C:\\Program Files\\Google\\Chrome\\Application\\chrome.exe","args":["--start-maximized"]}},"logLevel":"warn","connectionRetryTimeout":120000,"connectionRetryCount":3,"logLevels":{},"enableDirectConnect":true,"strictSSL":true,"_":"65 more keys: [\"cacheDir\",\"port\",\"requestedCapabilities\",\"automationProtocol\",\"baseUrl\",\"waitforInterval\",\"waitforTimeout\",\"onReload\",\"beforeCommand\",\"afterCommand\",\"rootDir\",\"specs\",\"suites\",\"exclude\",\"groupLogsByTestSpec\",\"excludeDriverLogs\",\"bail\",\"framework\",\"reporters\",\"services\",\"maxInstances\",\"maxInstancesPerCapability\",\"injectGlobals\",\"filesToWatch\",\"execArgv\",\"runnerEnv\",\"runner\",\"shard\",\"specFileRetries\",\"specFileRetriesDelay\",\"specFileRetriesDeferred\",\"reporterSyncInterval\",\"reporterSyncTimeout\",\"cucumberFeaturesWithLineNumbers\",\"autoCompileOpts\",\"mochaOpts\",\"jasmineOpts\",\"cucumberOpts\",\"onPrepare\",\"onWorkerStart\",\"onWorkerEnd\",\"before\",\"beforeSession\",\"beforeSuite\",\"beforeHook\",\"beforeTest\",\"afterTest\",\"afterHook\",\"afterSuite\",\"afterSession\",\"after\",\"onComplete\",\"beforeAssertion\",\"afterAssertion\",\"beforeFeature\",\"beforeScenario\",\"beforeStep\",\"afterStep\",\"afterScenario\",\"afterFeature\",\"_\",\"suite\",\"$0\",\"ignoredWorkerServices\",\"wdi5\"]"}]}
RESULT: {"script":"<script> [2342 bytes]","args":[{"protocol":"http","hostname":"0.0.0.0","path":"/","capabilities":{"browserName":"chrome","goog:chromeOptions":{"binary":"C:\\Program Files\\Google\\Chrome\\Application\\chrome.exe","args":["--start-maximized"]}},"logLevel":"warn","connectionRetryTimeout":120000,"connectionRetryCount":3,"logLevels":{},"enableDirectConnect":true,"strictSSL":true,"_":"65 more keys: [\"cacheDir\",\"port\",\"requestedCapabilities\",\"automationProtocol\",\"baseUrl\",\"waitforInterval\",\"waitforTimeout\",\"onReload\",\"beforeCommand\",\"afterCommand\",\"rootDir\",\"specs\",\"suites\",\"exclude\",\"groupLogsByTestSpec\",\"excludeDriverLogs\",\"bail\",\"framework\",\"reporters\",\"services\",\"maxInstances\",\"maxInstancesPerCapability\",\"injectGlobals\",\"filesToWatch\",\"execArgv\",\"runnerEnv\",\"runner\",\"shard\",\"specFileRetries\",\"specFileRetriesDelay\",\"specFileRetriesDeferred\",\"reporterSyncInterval\",\"reporterSyncTimeout\",\"cucumberFeaturesWithLineNumbers\",\"autoCompileOpts\",\"mochaOpts\",\"jasmineOpts\",\"cucumberOpts\",\"onPrepare\",\"onWorkerStart\",\"onWorkerEnd\",\"before\",\"beforeSession\",\"beforeSuite\",\"beforeHook\",\"beforeTest\",\"afterTest\",\"afterHook\",\"afterSuite\",\"afterSession\",\"after\",\"onComplete\",\"beforeAssertion\",\"afterAssertion\",\"beforeFeature\",\"beforeScenario\",\"beforeStep\",\"afterStep\",\"afterScenario\",\"afterFeature\",\"_\",\"suite\",\"$0\",\"ignoredWorkerServices\",\"wdi5\"]"}]}
COMMAND: POST /session/fe219389c4a652ed804fe0697356972e/execute/async - {"script":"<script> [21126 bytes]","args":[35000]}
RESULT: {"script":"<script> [21126 bytes]","args":[35000]}
COMMAND: POST /session/fe219389c4a652ed804fe0697356972e/window/maximize - {}
RESULT: {}
COMMAND: POST /session/fe219389c4a652ed804fe0697356972e/execute/async - {"script":"<script> [1562 bytes]","args":[{"selector":{"id":"shell-header","interaction":{"idSuffix":"icon"}},"wdio_ui5_key":"shellheader"}]}
COMMAND: GET /session/fe219389c4a652ed804fe0697356972e/screenshot - {}
RESULT: {"script":"<script> [1562 bytes]","args":[{"selector":{"id":"shell-header","interaction":{"idSuffix":"icon"}},"wdio_ui5_key":"shellheader"}]}
RESULT: undefined
COMMAND: POST /session/fe219389c4a652ed804fe0697356972e/window/fullscreen - {}
RESULT: {}
RESULT: {}
]]></system-out>
    </testcase>
  </testsuite>
  <testsuite timestamp="2025-05-29T16:47:52" time="486.022" tests="4" failures="0" errors="0" skipped="0">
    <properties>
      <property name="specId" value="0"/>
      <property name="suiteName" value="Provide to Site w/o warehouse management w/ clarification US116605"/>
      <property name="capabilities" value="chrome.136_0_7103_93.windows"/>
      <property name="file" value="file:///D:/a/1/s/test/specs/HTR/provide-to-site-wo-warehouse-w-clarification.spec.js"/>
    </properties>
    <testcase classname="chrome.136_0_7103_93.windows.Provide_to_Site_w/o_warehouse_management_w/_clarification_US116605" name="Should create a new yard" time="113.052">
      <system-out><![CDATA[
COMMAND: POST /session/fe219389c4a652ed804fe0697356972e/window/fullscreen - {}
RESULT: {}
COMMAND: POST /session/fe219389c4a652ed804fe0697356972e/execute/async - {"script":"<script> [1562 bytes]","args":[{"selector":{"controlType":"sap.m.GenericTile","properties":{"header":"Manage Yards"}},"wdio_ui5_key":"sapm.GenericTile{\"header\":\"Manage Yards\"}"}]}
RESULT: {"script":"<script> [1562 bytes]","args":[{"selector":{"controlType":"sap.m.GenericTile","properties":{"header":"Manage Yards"}},"wdio_ui5_key":"sapm.GenericTile{\"header\":\"Manage Yards\"}"}]}
RESULT: undefined
COMMAND: POST /session/fe219389c4a652ed804fe0697356972e/element - {"using":"xpath","value":"//*[@id=\"__tile33\"]"}
RESULT: {"using":"xpath","value":"//*[@id=\"__tile33\"]"}
COMMAND: POST /session/fe219389c4a652ed804fe0697356972e/element/f.AE569C338F7BE8C487FB69BDD94B5641.d.9F0F1D530B5957C853DB619AFA121CBB.e.11304/click - {}
RESULT: {}
COMMAND: GET /session/fe219389c4a652ed804fe0697356972e/screenshot - {}
RESULT: {}
COMMAND: POST /session/fe219389c4a652ed804fe0697356972e/elements - {"using":"xpath","value":"//span[text()='Error']"}
RESULT: {"using":"xpath","value":"//span[text()='Error']"}
COMMAND: POST /session/fe219389c4a652ed804fe0697356972e/element - {"using":"xpath","value":"//button[@data-kt=\"addNewYardOverflowToolbarButton\"]"}
RESULT: {"using":"xpath","value":"//button[@data-kt=\"addNewYardOverflowToolbarButton\"]"}
COMMAND: POST /session/fe219389c4a652ed804fe0697356972e/elements - {"using":"xpath","value":"//button[@data-kt=\"addNewYardOverflowToolbarButton\"]"}
RESULT: {"using":"xpath","value":"//button[@data-kt=\"addNewYardOverflowToolbarButton\"]"}
COMMAND: POST /session/fe219389c4a652ed804fe0697356972e/execute/sync - {"script":"<script> [8489 bytes]","args":[{"element-6066-11e4-a52e-4f735466cecf":"f.AE569C338F7BE8C487FB69BDD94B5641.d.9F0F1D530B5957C853DB619AFA121CBB.e.11427","ELEMENT":"f.AE569C338F7BE8C487FB69BDD94B5641.d.9F0F1D530B5957C853DB619AFA121CBB.e.11427"}]}
RESULT: {"script":"<script> [8489 bytes]","args":[{"element-6066-11e4-a52e-4f735466cecf":"f.AE569C338F7BE8C487FB69BDD94B5641.d.9F0F1D530B5957C853DB619AFA121CBB.e.11427","ELEMENT":"f.AE569C338F7BE8C487FB69BDD94B5641.d.9F0F1D530B5957C853DB619AFA121CBB.e.11427"}]}
COMMAND: GET /session/fe219389c4a652ed804fe0697356972e/element/f.AE569C338F7BE8C487FB69BDD94B5641.d.9F0F1D530B5957C853DB619AFA121CBB.e.11427/enabled - {}
COMMAND: GET /session/fe219389c4a652ed804fe0697356972e/screenshot - {}
RESULT: {}
COMMAND: POST /session/fe219389c4a652ed804fe0697356972e/execute/sync - {"script":"<script> [8489 bytes]","args":[{"element-6066-11e4-a52e-4f735466cecf":"f.AE569C338F7BE8C487FB69BDD94B5641.d.9F0F1D530B5957C853DB619AFA121CBB.e.11427","ELEMENT":"f.AE569C338F7BE8C487FB69BDD94B5641.d.9F0F1D530B5957C853DB619AFA121CBB.e.11427"}]}
COMMAND: GET /session/fe219389c4a652ed804fe0697356972e/screenshot - {}
RESULT: {}
RESULT: {"script":"<script> [8489 bytes]","args":[{"element-6066-11e4-a52e-4f735466cecf":"f.AE569C338F7BE8C487FB69BDD94B5641.d.9F0F1D530B5957C853DB619AFA121CBB.e.11427","ELEMENT":"f.AE569C338F7BE8C487FB69BDD94B5641.d.9F0F1D530B5957C853DB619AFA121CBB.e.11427"}]}
COMMAND: POST /session/fe219389c4a652ed804fe0697356972e/execute/sync - {"script":"<script> [5351 bytes]","args":[{"element-6066-11e4-a52e-4f735466cecf":"f.AE569C338F7BE8C487FB69BDD94B5641.d.9F0F1D530B5957C853DB619AFA121CBB.e.11427","ELEMENT":"f.AE569C338F7BE8C487FB69BDD94B5641.d.9F0F1D530B5957C853DB619AFA121CBB.e.11427"}]}
COMMAND: GET /session/fe219389c4a652ed804fe0697356972e/screenshot - {}
RESULT: {}
RESULT: {"script":"<script> [5351 bytes]","args":[{"element-6066-11e4-a52e-4f735466cecf":"f.AE569C338F7BE8C487FB69BDD94B5641.d.9F0F1D530B5957C853DB619AFA121CBB.e.11427","ELEMENT":"f.AE569C338F7BE8C487FB69BDD94B5641.d.9F0F1D530B5957C853DB619AFA121CBB.e.11427"}]}
COMMAND: POST /session/fe219389c4a652ed804fe0697356972e/element/f.AE569C338F7BE8C487FB69BDD94B5641.d.9F0F1D530B5957C853DB619AFA121CBB.e.11427/click - {}
COMMAND: GET /session/fe219389c4a652ed804fe0697356972e/screenshot - {}
RESULT: {}
RESULT: {}
COMMAND: GET /session/fe219389c4a652ed804fe0697356972e/screenshot - {}
RESULT: {}
RESULT: {}
COMMAND: POST /session/fe219389c4a652ed804fe0697356972e/element - {"using":"xpath","value":"//input[@id=\"application-manageyards-display-component---NewYard--yardId-inner\"]"}
RESULT: {"using":"xpath","value":"//input[@id=\"application-manageyards-display-component---NewYard--yardId-inner\"]"}
COMMAND: POST /session/fe219389c4a652ed804fe0697356972e/element - {"using":"xpath","value":"//input[@id=\"application-manageyards-display-component---NewYard--yardId-inner\"]"}
RESULT: {"using":"xpath","value":"//input[@id=\"application-manageyards-display-component---NewYard--yardId-inner\"]"}
COMMAND: POST /session/fe219389c4a652ed804fe0697356972e/execute/async - {"script":"<script> [1562 bytes]","args":[{"selector":{"id":"application-manageyards-display-component---NewYard--addressDetailDetailsName1","interaction":{"idSuffix":"inner"}},"wdio_ui5_key":"applicationmanageyards-display-component---NewYard--addressDetailDetailsName1"}]}
RESULT: {"script":"<script> [1562 bytes]","args":[{"selector":{"id":"application-manageyards-display-component---NewYard--addressDetailDetailsName1","interaction":{"idSuffix":"inner"}},"wdio_ui5_key":"applicationmanageyards-display-component---NewYard--addressDetailDetailsName1"}]}
RESULT: undefined
COMMAND: POST /session/fe219389c4a652ed804fe0697356972e/execute/async - {"script":"<script> [776 bytes]","args":[{"enterText":"Other Yard WDIO","selector":{"id":"application-manageyards-display-component---NewYard--addressDetailDetailsName1","interaction":{"idSuffix":"inner"}},"clearTextFirst":true,"interactionType":"ENTER_TEXT"}]}
RESULT: {"script":"<script> [776 bytes]","args":[{"enterText":"Other Yard WDIO","selector":{"id":"application-manageyards-display-component---NewYard--addressDetailDetailsName1","interaction":{"idSuffix":"inner"}},"clearTextFirst":true,"interactionType":"ENTER_TEXT"}]}
COMMAND: POST /session/fe219389c4a652ed804fe0697356972e/execute/async - {"script":"<script> [1562 bytes]","args":[{"selector":{"id":"application-manageyards-display-component---NewYard--addressDetailDetailsLanguage-arrow"},"wdio_ui5_key":"applicationmanageyards-display-component---NewYard--addressDetailDetailsLanguage-arrow"}]}
RESULT: {"script":"<script> [1562 bytes]","args":[{"selector":{"id":"application-manageyards-display-component---NewYard--addressDetailDetailsLanguage-arrow"},"wdio_ui5_key":"applicationmanageyards-display-component---NewYard--addressDetailDetailsLanguage-arrow"}]}
RESULT: undefined
COMMAND: POST /session/fe219389c4a652ed804fe0697356972e/element - {"using":"xpath","value":"//*[@id=\"application-manageyards-display-component---NewYard--addressDetailDetailsLanguage-arrow\"]"}
RESULT: {"using":"xpath","value":"//*[@id=\"application-manageyards-display-component---NewYard--addressDetailDetailsLanguage-arrow\"]"}
COMMAND: POST /session/fe219389c4a652ed804fe0697356972e/element/f.AE569C338F7BE8C487FB69BDD94B5641.d.9F0F1D530B5957C853DB619AFA121CBB.e.11863/click - {}
RESULT: {}
COMMAND: POST /session/fe219389c4a652ed804fe0697356972e/element - {"using":"xpath","value":"//span[contains(text(), \"English\")]"}
COMMAND: GET /session/fe219389c4a652ed804fe0697356972e/screenshot - {}
RESULT: {"using":"xpath","value":"//span[contains(text(), \"English\")]"}
COMMAND: POST /session/fe219389c4a652ed804fe0697356972e/element/f.AE569C338F7BE8C487FB69BDD94B5641.d.9F0F1D530B5957C853DB619AFA121CBB.e.11864/click - {}
RESULT: {}
RESULT: {}
COMMAND: POST /session/fe219389c4a652ed804fe0697356972e/execute/async - {"script":"<script> [1562 bytes]","args":[{"selector":{"id":"application-manageyards-display-component---NewYard--addressDetailDetailsCity1","interaction":{"idSuffix":"inner"}},"wdio_ui5_key":"applicationmanageyards-display-component---NewYard--addressDetailDetailsCity1"}]}
COMMAND: GET /session/fe219389c4a652ed804fe0697356972e/screenshot - {}
RESULT: {"script":"<script> [1562 bytes]","args":[{"selector":{"id":"application-manageyards-display-component---NewYard--addressDetailDetailsCity1","interaction":{"idSuffix":"inner"}},"wdio_ui5_key":"applicationmanageyards-display-component---NewYard--addressDetailDetailsCity1"}]}
RESULT: undefined
COMMAND: POST /session/fe219389c4a652ed804fe0697356972e/execute/async - {"script":"<script> [776 bytes]","args":[{"enterText":"Rosario","selector":{"id":"application-manageyards-display-component---NewYard--addressDetailDetailsCity1","interaction":{"idSuffix":"inner"}},"clearTextFirst":true,"interactionType":"ENTER_TEXT"}]}
RESULT: {}
RESULT: {"script":"<script> [776 bytes]","args":[{"enterText":"Rosario","selector":{"id":"application-manageyards-display-component---NewYard--addressDetailDetailsCity1","interaction":{"idSuffix":"inner"}},"clearTextFirst":true,"interactionType":"ENTER_TEXT"}]}
COMMAND: POST /session/fe219389c4a652ed804fe0697356972e/execute/async - {"script":"<script> [1562 bytes]","args":[{"selector":{"id":"application-manageyards-display-component---NewYard--addressDetailDetailsCountry-arrow"},"wdio_ui5_key":"applicationmanageyards-display-component---NewYard--addressDetailDetailsCountry-arrow"}]}
RESULT: {"script":"<script> [1562 bytes]","args":[{"selector":{"id":"application-manageyards-display-component---NewYard--addressDetailDetailsCountry-arrow"},"wdio_ui5_key":"applicationmanageyards-display-component---NewYard--addressDetailDetailsCountry-arrow"}]}
RESULT: undefined
COMMAND: POST /session/fe219389c4a652ed804fe0697356972e/element - {"using":"xpath","value":"//*[@id=\"application-manageyards-display-component---NewYard--addressDetailDetailsCountry-arrow\"]"}
RESULT: {"using":"xpath","value":"//*[@id=\"application-manageyards-display-component---NewYard--addressDetailDetailsCountry-arrow\"]"}
COMMAND: POST /session/fe219389c4a652ed804fe0697356972e/element/f.AE569C338F7BE8C487FB69BDD94B5641.d.9F0F1D530B5957C853DB619AFA121CBB.e.11866/click - {}
RESULT: {}
COMMAND: POST /session/fe219389c4a652ed804fe0697356972e/element - {"using":"xpath","value":"//span[contains(text(), \"Argentina\")]"}
COMMAND: GET /session/fe219389c4a652ed804fe0697356972e/screenshot - {}
RESULT: {"using":"xpath","value":"//span[contains(text(), \"Argentina\")]"}
COMMAND: POST /session/fe219389c4a652ed804fe0697356972e/element/f.AE569C338F7BE8C487FB69BDD94B5641.d.9F0F1D530B5957C853DB619AFA121CBB.e.11868/click - {}
RESULT: {}
RESULT: {}
COMMAND: POST /session/fe219389c4a652ed804fe0697356972e/execute/async - {"script":"<script> [1562 bytes]","args":[{"selector":{"id":"application-manageyards-display-component---NewYard--addressEditDetailsCostObjectCstType-arrow"},"wdio_ui5_key":"applicationmanageyards-display-component---NewYard--addressEditDetailsCostObjectCstType-arrow"}]}
COMMAND: GET /session/fe219389c4a652ed804fe0697356972e/screenshot - {}
RESULT: {"script":"<script> [1562 bytes]","args":[{"selector":{"id":"application-manageyards-display-component---NewYard--addressEditDetailsCostObjectCstType-arrow"},"wdio_ui5_key":"applicationmanageyards-display-component---NewYard--addressEditDetailsCostObjectCstType-arrow"}]}
RESULT: undefined
COMMAND: POST /session/fe219389c4a652ed804fe0697356972e/element - {"using":"xpath","value":"//*[@id=\"application-manageyards-display-component---NewYard--addressEditDetailsCostObjectCstType-arrow\"]"}
RESULT: {}
RESULT: {"using":"xpath","value":"//*[@id=\"application-manageyards-display-component---NewYard--addressEditDetailsCostObjectCstType-arrow\"]"}
COMMAND: POST /session/fe219389c4a652ed804fe0697356972e/element/f.AE569C338F7BE8C487FB69BDD94B5641.d.9F0F1D530B5957C853DB619AFA121CBB.e.11869/click - {}
RESULT: {}
COMMAND: POST /session/fe219389c4a652ed804fe0697356972e/element - {"using":"xpath","value":"//span[contains(text(), \"Cost Center\")]"}
COMMAND: GET /session/fe219389c4a652ed804fe0697356972e/screenshot - {}
RESULT: {"using":"xpath","value":"//span[contains(text(), \"Cost Center\")]"}
COMMAND: POST /session/fe219389c4a652ed804fe0697356972e/element/f.AE569C338F7BE8C487FB69BDD94B5641.d.9F0F1D530B5957C853DB619AFA121CBB.e.11870/click - {}
RESULT: {}
RESULT: {}
COMMAND: GET /session/fe219389c4a652ed804fe0697356972e/screenshot - {}
RESULT: {}
COMMAND: POST /session/fe219389c4a652ed804fe0697356972e/element - {"using":"xpath","value":"//span[@id=\"application-manageyards-display-component---NewYard--addressNewCostObjectCstID-vhi\"]"}
RESULT: {"using":"xpath","value":"//span[@id=\"application-manageyards-display-component---NewYard--addressNewCostObjectCstID-vhi\"]"}
COMMAND: POST /session/fe219389c4a652ed804fe0697356972e/execute/sync - {"script":"<script> [8489 bytes]","args":[{"element-6066-11e4-a52e-4f735466cecf":"f.AE569C338F7BE8C487FB69BDD94B5641.d.9F0F1D530B5957C853DB619AFA121CBB.e.11874","ELEMENT":"f.AE569C338F7BE8C487FB69BDD94B5641.d.9F0F1D530B5957C853DB619AFA121CBB.e.11874"}]}
RESULT: {"script":"<script> [8489 bytes]","args":[{"element-6066-11e4-a52e-4f735466cecf":"f.AE569C338F7BE8C487FB69BDD94B5641.d.9F0F1D530B5957C853DB619AFA121CBB.e.11874","ELEMENT":"f.AE569C338F7BE8C487FB69BDD94B5641.d.9F0F1D530B5957C853DB619AFA121CBB.e.11874"}]}
COMMAND: POST /session/fe219389c4a652ed804fe0697356972e/execute/async - {"script":"<script> [1562 bytes]","args":[{"selector":{"id":"application-manageyards-display-component---NewYard--addressNewCostObjectCstID-vhi"},"wdio_ui5_key":"applicationmanageyards-display-component---NewYard--addressNewCostObjectCstID-vhi"}]}
COMMAND: GET /session/fe219389c4a652ed804fe0697356972e/screenshot - {}
RESULT: {"script":"<script> [1562 bytes]","args":[{"selector":{"id":"application-manageyards-display-component---NewYard--addressNewCostObjectCstID-vhi"},"wdio_ui5_key":"applicationmanageyards-display-component---NewYard--addressNewCostObjectCstID-vhi"}]}
RESULT: undefined
COMMAND: POST /session/fe219389c4a652ed804fe0697356972e/element - {"using":"xpath","value":"//*[@id=\"application-manageyards-display-component---NewYard--addressNewCostObjectCstID-vhi\"]"}
RESULT: {}
RESULT: {"using":"xpath","value":"//*[@id=\"application-manageyards-display-component---NewYard--addressNewCostObjectCstID-vhi\"]"}
COMMAND: POST /session/fe219389c4a652ed804fe0697356972e/element/f.AE569C338F7BE8C487FB69BDD94B5641.d.9F0F1D530B5957C853DB619AFA121CBB.e.11874/click - {}
RESULT: {}
COMMAND: GET /session/fe219389c4a652ed804fe0697356972e/screenshot - {}
RESULT: {}
COMMAND: POST /session/fe219389c4a652ed804fe0697356972e/execute/async - {"script":"<script> [1562 bytes]","args":[{"selector":{"controlType":"sap.m.SearchField","properties":{"placeholder":"Search"},"searchOpenDialogs":true,"interaction":{"idSuffix":"I"}},"wdio_ui5_key":"sapm.SearchField{\"placeholder\":\"Search\"}"}]}
RESULT: {"script":"<script> [1562 bytes]","args":[{"selector":{"controlType":"sap.m.SearchField","properties":{"placeholder":"Search"},"searchOpenDialogs":true,"interaction":{"idSuffix":"I"}},"wdio_ui5_key":"sapm.SearchField{\"placeholder\":\"Search\"}"}]}
RESULT: undefined
COMMAND: POST /session/fe219389c4a652ed804fe0697356972e/execute/async - {"script":"<script> [776 bytes]","args":[{"enterText":"bauh_b","selector":{"controlType":"sap.m.SearchField","properties":{"placeholder":"Search"},"searchOpenDialogs":true,"interaction":{"idSuffix":"I"}},"clearTextFirst":true,"interactionType":"ENTER_TEXT"}]}
RESULT: {"script":"<script> [776 bytes]","args":[{"enterText":"bauh_b","selector":{"controlType":"sap.m.SearchField","properties":{"placeholder":"Search"},"searchOpenDialogs":true,"interaction":{"idSuffix":"I"}},"clearTextFirst":true,"interactionType":"ENTER_TEXT"}]}
COMMAND: POST /session/fe219389c4a652ed804fe0697356972e/actions - {"actions":[{"id":"action39","type":"key","parameters":{},"actions":[{"type":"keyDown","value":""},{"type":"pause","duration":10},{"type":"keyUp","value":""}]}]}
RESULT: {"actions":[{"id":"action39","type":"key","parameters":{},"actions":[{"type":"keyDown","value":""},{"type":"pause","duration":10},{"type":"keyUp","value":""}]}]}
COMMAND: GET /session/fe219389c4a652ed804fe0697356972e/screenshot - {}
RESULT: {}
COMMAND: POST /session/fe219389c4a652ed804fe0697356972e/element - {"using":"xpath","value":"//span[contains(text(), \"Demo Yard\")]"}
RESULT: {"using":"xpath","value":"//span[contains(text(), \"Demo Yard\")]"}
COMMAND: POST /session/fe219389c4a652ed804fe0697356972e/element/f.AE569C338F7BE8C487FB69BDD94B5641.d.9F0F1D530B5957C853DB619AFA121CBB.e.11917/click - {}
RESULT: {}
COMMAND: GET /session/fe219389c4a652ed804fe0697356972e/screenshot - {}
RESULT: {}
COMMAND: POST /session/fe219389c4a652ed804fe0697356972e/element - {"using":"xpath","value":"//bdi[contains(text(), \"OK\")]"}
RESULT: {"using":"xpath","value":"//bdi[contains(text(), \"OK\")]"}
COMMAND: POST /session/fe219389c4a652ed804fe0697356972e/element/f.AE569C338F7BE8C487FB69BDD94B5641.d.9F0F1D530B5957C853DB619AFA121CBB.e.11918/click - {}
RESULT: {}
COMMAND: GET /session/fe219389c4a652ed804fe0697356972e/screenshot - {}
RESULT: {}
COMMAND: POST /session/fe219389c4a652ed804fe0697356972e/execute/async - {"script":"<script> [1562 bytes]","args":[{"selector":{"id":"application-manageyards-display-component---NewYard--addressEditDetailsCurrency-arrow"},"wdio_ui5_key":"applicationmanageyards-display-component---NewYard--addressEditDetailsCurrency-arrow"}]}
RESULT: {"script":"<script> [1562 bytes]","args":[{"selector":{"id":"application-manageyards-display-component---NewYard--addressEditDetailsCurrency-arrow"},"wdio_ui5_key":"applicationmanageyards-display-component---NewYard--addressEditDetailsCurrency-arrow"}]}
RESULT: undefined
COMMAND: POST /session/fe219389c4a652ed804fe0697356972e/element - {"using":"xpath","value":"//*[@id=\"application-manageyards-display-component---NewYard--addressEditDetailsCurrency-arrow\"]"}
RESULT: {"using":"xpath","value":"//*[@id=\"application-manageyards-display-component---NewYard--addressEditDetailsCurrency-arrow\"]"}
COMMAND: POST /session/fe219389c4a652ed804fe0697356972e/element/f.AE569C338F7BE8C487FB69BDD94B5641.d.9F0F1D530B5957C853DB619AFA121CBB.e.11921/click - {}
RESULT: {}
COMMAND: POST /session/fe219389c4a652ed804fe0697356972e/element - {"using":"xpath","value":"//span[contains(text(), \"Euro\")]"}
COMMAND: GET /session/fe219389c4a652ed804fe0697356972e/screenshot - {}
RESULT: {"using":"xpath","value":"//span[contains(text(), \"Euro\")]"}
COMMAND: POST /session/fe219389c4a652ed804fe0697356972e/element/f.AE569C338F7BE8C487FB69BDD94B5641.d.9F0F1D530B5957C853DB619AFA121CBB.e.11922/click - {}
RESULT: {}
RESULT: {}
COMMAND: POST /session/fe219389c4a652ed804fe0697356972e/execute/async - {"script":"<script> [1562 bytes]","args":[{"selector":{"controlType":"sap.m.Input","viewName":"etm.portal.ui.manageyards.view.New","viewId":"application-manageyards-display-component---NewYard","bindingPath":{"path":"","propertyPath":"/CONTROLLING_AREA","modelName":"NewYardModel"},"interaction":{"idSuffix":"inner"}},"wdio_ui5_key":"etmportal.ui.manageyards.view.Newsap.m.Input{\"path\":\"\",\"propertyPath\":\"/CONTROLLING_AREA\",\"modelName\":\"NewYardModel\"}"}]}
COMMAND: GET /session/fe219389c4a652ed804fe0697356972e/screenshot - {}
RESULT: {"script":"<script> [1562 bytes]","args":[{"selector":{"controlType":"sap.m.Input","viewName":"etm.portal.ui.manageyards.view.New","viewId":"application-manageyards-display-component---NewYard","bindingPath":{"path":"","propertyPath":"/CONTROLLING_AREA","modelName":"NewYardModel"},"interaction":{"idSuffix":"inner"}},"wdio_ui5_key":"etmportal.ui.manageyards.view.Newsap.m.Input{\"path\":\"\",\"propertyPath\":\"/CONTROLLING_AREA\",\"modelName\":\"NewYardModel\"}"}]}
RESULT: undefined
COMMAND: POST /session/fe219389c4a652ed804fe0697356972e/execute/async - {"script":"<script> [776 bytes]","args":[{"enterText":"Z001","selector":{"controlType":"sap.m.Input","viewName":"etm.portal.ui.manageyards.view.New","viewId":"application-manageyards-display-component---NewYard","bindingPath":{"path":"","propertyPath":"/CONTROLLING_AREA","modelName":"NewYardModel"},"interaction":{"idSuffix":"inner"}},"clearTextFirst":true,"interactionType":"ENTER_TEXT"}]}
RESULT: {}
RESULT: {"script":"<script> [776 bytes]","args":[{"enterText":"Z001","selector":{"controlType":"sap.m.Input","viewName":"etm.portal.ui.manageyards.view.New","viewId":"application-manageyards-display-component---NewYard","bindingPath":{"path":"","propertyPath":"/CONTROLLING_AREA","modelName":"NewYardModel"},"interaction":{"idSuffix":"inner"}},"clearTextFirst":true,"interactionType":"ENTER_TEXT"}]}
COMMAND: POST /session/fe219389c4a652ed804fe0697356972e/execute/async - {"script":"<script> [1562 bytes]","args":[{"selector":{"id":"application-manageyards-display-component---NewYard--companyCodeComboBox","interaction":{"idSuffix":"inner"}},"wdio_ui5_key":"applicationmanageyards-display-component---NewYard--companyCodeComboBox"}]}
RESULT: {"script":"<script> [1562 bytes]","args":[{"selector":{"id":"application-manageyards-display-component---NewYard--companyCodeComboBox","interaction":{"idSuffix":"inner"}},"wdio_ui5_key":"applicationmanageyards-display-component---NewYard--companyCodeComboBox"}]}
RESULT: undefined
COMMAND: POST /session/fe219389c4a652ed804fe0697356972e/execute/async - {"script":"<script> [776 bytes]","args":[{"enterText":"1000","selector":{"id":"application-manageyards-display-component---NewYard--companyCodeComboBox","interaction":{"idSuffix":"inner"}},"clearTextFirst":true,"interactionType":"ENTER_TEXT"}]}
RESULT: {"script":"<script> [776 bytes]","args":[{"enterText":"1000","selector":{"id":"application-manageyards-display-component---NewYard--companyCodeComboBox","interaction":{"idSuffix":"inner"}},"clearTextFirst":true,"interactionType":"ENTER_TEXT"}]}
COMMAND: POST /session/fe219389c4a652ed804fe0697356972e/execute/async - {"script":"<script> [1562 bytes]","args":[{"selector":{"controlType":"sap.m.Input","viewName":"etm.portal.ui.manageyards.view.New","viewId":"application-manageyards-display-component---NewYard","bindingPath":{"path":"","propertyPath":"/PLANT","modelName":"NewYardModel"},"interaction":{"idSuffix":"inner"}},"wdio_ui5_key":"etmportal.ui.manageyards.view.Newsap.m.Input{\"path\":\"\",\"propertyPath\":\"/PLANT\",\"modelName\":\"NewYardModel\"}"}]}
RESULT: {"script":"<script> [1562 bytes]","args":[{"selector":{"controlType":"sap.m.Input","viewName":"etm.portal.ui.manageyards.view.New","viewId":"application-manageyards-display-component---NewYard","bindingPath":{"path":"","propertyPath":"/PLANT","modelName":"NewYardModel"},"interaction":{"idSuffix":"inner"}},"wdio_ui5_key":"etmportal.ui.manageyards.view.Newsap.m.Input{\"path\":\"\",\"propertyPath\":\"/PLANT\",\"modelName\":\"NewYardModel\"}"}]}
RESULT: undefined
COMMAND: POST /session/fe219389c4a652ed804fe0697356972e/execute/async - {"script":"<script> [776 bytes]","args":[{"enterText":"1001","selector":{"controlType":"sap.m.Input","viewName":"etm.portal.ui.manageyards.view.New","viewId":"application-manageyards-display-component---NewYard","bindingPath":{"path":"","propertyPath":"/PLANT","modelName":"NewYardModel"},"interaction":{"idSuffix":"inner"}},"clearTextFirst":true,"interactionType":"ENTER_TEXT"}]}
RESULT: {"script":"<script> [776 bytes]","args":[{"enterText":"1001","selector":{"controlType":"sap.m.Input","viewName":"etm.portal.ui.manageyards.view.New","viewId":"application-manageyards-display-component---NewYard","bindingPath":{"path":"","propertyPath":"/PLANT","modelName":"NewYardModel"},"interaction":{"idSuffix":"inner"}},"clearTextFirst":true,"interactionType":"ENTER_TEXT"}]}
COMMAND: POST /session/fe219389c4a652ed804fe0697356972e/execute/async - {"script":"<script> [1562 bytes]","args":[{"selector":{"controlType":"sap.m.Input","viewName":"etm.portal.ui.manageyards.view.New","viewId":"application-manageyards-display-component---NewYard","bindingPath":{"path":"","propertyPath":"/SALES_AREA_VKORG","modelName":"NewYardModel"},"interaction":{"idSuffix":"inner"}},"wdio_ui5_key":"etmportal.ui.manageyards.view.Newsap.m.Input{\"path\":\"\",\"propertyPath\":\"/SALES_AREA_VKORG\",\"modelName\":\"NewYardModel\"}"}]}
RESULT: {"script":"<script> [1562 bytes]","args":[{"selector":{"controlType":"sap.m.Input","viewName":"etm.portal.ui.manageyards.view.New","viewId":"application-manageyards-display-component---NewYard","bindingPath":{"path":"","propertyPath":"/SALES_AREA_VKORG","modelName":"NewYardModel"},"interaction":{"idSuffix":"inner"}},"wdio_ui5_key":"etmportal.ui.manageyards.view.Newsap.m.Input{\"path\":\"\",\"propertyPath\":\"/SALES_AREA_VKORG\",\"modelName\":\"NewYardModel\"}"}]}
RESULT: undefined
COMMAND: POST /session/fe219389c4a652ed804fe0697356972e/execute/async - {"script":"<script> [776 bytes]","args":[{"enterText":"C002","selector":{"controlType":"sap.m.Input","viewName":"etm.portal.ui.manageyards.view.New","viewId":"application-manageyards-display-component---NewYard","bindingPath":{"path":"","propertyPath":"/SALES_AREA_VKORG","modelName":"NewYardModel"},"interaction":{"idSuffix":"inner"}},"clearTextFirst":true,"interactionType":"ENTER_TEXT"}]}
RESULT: {"script":"<script> [776 bytes]","args":[{"enterText":"C002","selector":{"controlType":"sap.m.Input","viewName":"etm.portal.ui.manageyards.view.New","viewId":"application-manageyards-display-component---NewYard","bindingPath":{"path":"","propertyPath":"/SALES_AREA_VKORG","modelName":"NewYardModel"},"interaction":{"idSuffix":"inner"}},"clearTextFirst":true,"interactionType":"ENTER_TEXT"}]}
COMMAND: POST /session/fe219389c4a652ed804fe0697356972e/execute/async - {"script":"<script> [1562 bytes]","args":[{"selector":{"controlType":"sap.m.Input","viewName":"etm.portal.ui.manageyards.view.New","viewId":"application-manageyards-display-component---NewYard","bindingPath":{"path":"","propertyPath":"/SALES_AREA_VTWEG","modelName":"NewYardModel"},"interaction":{"idSuffix":"inner"}},"wdio_ui5_key":"etmportal.ui.manageyards.view.Newsap.m.Input{\"path\":\"\",\"propertyPath\":\"/SALES_AREA_VTWEG\",\"modelName\":\"NewYardModel\"}"}]}
RESULT: {"script":"<script> [1562 bytes]","args":[{"selector":{"controlType":"sap.m.Input","viewName":"etm.portal.ui.manageyards.view.New","viewId":"application-manageyards-display-component---NewYard","bindingPath":{"path":"","propertyPath":"/SALES_AREA_VTWEG","modelName":"NewYardModel"},"interaction":{"idSuffix":"inner"}},"wdio_ui5_key":"etmportal.ui.manageyards.view.Newsap.m.Input{\"path\":\"\",\"propertyPath\":\"/SALES_AREA_VTWEG\",\"modelName\":\"NewYardModel\"}"}]}
RESULT: undefined
COMMAND: POST /session/fe219389c4a652ed804fe0697356972e/execute/async - {"script":"<script> [776 bytes]","args":[{"enterText":"C2","selector":{"controlType":"sap.m.Input","viewName":"etm.portal.ui.manageyards.view.New","viewId":"application-manageyards-display-component---NewYard","bindingPath":{"path":"","propertyPath":"/SALES_AREA_VTWEG","modelName":"NewYardModel"},"interaction":{"idSuffix":"inner"}},"clearTextFirst":true,"interactionType":"ENTER_TEXT"}]}
RESULT: {"script":"<script> [776 bytes]","args":[{"enterText":"C2","selector":{"controlType":"sap.m.Input","viewName":"etm.portal.ui.manageyards.view.New","viewId":"application-manageyards-display-component---NewYard","bindingPath":{"path":"","propertyPath":"/SALES_AREA_VTWEG","modelName":"NewYardModel"},"interaction":{"idSuffix":"inner"}},"clearTextFirst":true,"interactionType":"ENTER_TEXT"}]}
COMMAND: POST /session/fe219389c4a652ed804fe0697356972e/execute/async - {"script":"<script> [1562 bytes]","args":[{"selector":{"controlType":"sap.m.Input","viewName":"etm.portal.ui.manageyards.view.New","viewId":"application-manageyards-display-component---NewYard","bindingPath":{"path":"","propertyPath":"/SALES_AREA_SPART","modelName":"NewYardModel"},"interaction":{"idSuffix":"inner"}},"wdio_ui5_key":"etmportal.ui.manageyards.view.Newsap.m.Input{\"path\":\"\",\"propertyPath\":\"/SALES_AREA_SPART\",\"modelName\":\"NewYardModel\"}"}]}
RESULT: {"script":"<script> [1562 bytes]","args":[{"selector":{"controlType":"sap.m.Input","viewName":"etm.portal.ui.manageyards.view.New","viewId":"application-manageyards-display-component---NewYard","bindingPath":{"path":"","propertyPath":"/SALES_AREA_SPART","modelName":"NewYardModel"},"interaction":{"idSuffix":"inner"}},"wdio_ui5_key":"etmportal.ui.manageyards.view.Newsap.m.Input{\"path\":\"\",\"propertyPath\":\"/SALES_AREA_SPART\",\"modelName\":\"NewYardModel\"}"}]}
RESULT: undefined
COMMAND: POST /session/fe219389c4a652ed804fe0697356972e/execute/async - {"script":"<script> [776 bytes]","args":[{"enterText":"C2","selector":{"controlType":"sap.m.Input","viewName":"etm.portal.ui.manageyards.view.New","viewId":"application-manageyards-display-component---NewYard","bindingPath":{"path":"","propertyPath":"/SALES_AREA_SPART","modelName":"NewYardModel"},"interaction":{"idSuffix":"inner"}},"clearTextFirst":true,"interactionType":"ENTER_TEXT"}]}
RESULT: {"script":"<script> [776 bytes]","args":[{"enterText":"C2","selector":{"controlType":"sap.m.Input","viewName":"etm.portal.ui.manageyards.view.New","viewId":"application-manageyards-display-component---NewYard","bindingPath":{"path":"","propertyPath":"/SALES_AREA_SPART","modelName":"NewYardModel"},"interaction":{"idSuffix":"inner"}},"clearTextFirst":true,"interactionType":"ENTER_TEXT"}]}
COMMAND: POST /session/fe219389c4a652ed804fe0697356972e/execute/async - {"script":"<script> [1562 bytes]","args":[{"selector":{"controlType":"sap.m.Input","viewName":"etm.portal.ui.manageyards.view.New","viewId":"application-manageyards-display-component---NewYard","bindingPath":{"path":"","propertyPath":"/SHIP_POINT","modelName":"NewYardModel"},"interaction":{"idSuffix":"inner"}},"wdio_ui5_key":"etmportal.ui.manageyards.view.Newsap.m.Input{\"path\":\"\",\"propertyPath\":\"/SHIP_POINT\",\"modelName\":\"NewYardModel\"}"}]}
RESULT: {"script":"<script> [1562 bytes]","args":[{"selector":{"controlType":"sap.m.Input","viewName":"etm.portal.ui.manageyards.view.New","viewId":"application-manageyards-display-component---NewYard","bindingPath":{"path":"","propertyPath":"/SHIP_POINT","modelName":"NewYardModel"},"interaction":{"idSuffix":"inner"}},"wdio_ui5_key":"etmportal.ui.manageyards.view.Newsap.m.Input{\"path\":\"\",\"propertyPath\":\"/SHIP_POINT\",\"modelName\":\"NewYardModel\"}"}]}
RESULT: undefined
COMMAND: POST /session/fe219389c4a652ed804fe0697356972e/execute/async - {"script":"<script> [776 bytes]","args":[{"enterText":"1710","selector":{"controlType":"sap.m.Input","viewName":"etm.portal.ui.manageyards.view.New","viewId":"application-manageyards-display-component---NewYard","bindingPath":{"path":"","propertyPath":"/SHIP_POINT","modelName":"NewYardModel"},"interaction":{"idSuffix":"inner"}},"clearTextFirst":true,"interactionType":"ENTER_TEXT"}]}
RESULT: {"script":"<script> [776 bytes]","args":[{"enterText":"1710","selector":{"controlType":"sap.m.Input","viewName":"etm.portal.ui.manageyards.view.New","viewId":"application-manageyards-display-component---NewYard","bindingPath":{"path":"","propertyPath":"/SHIP_POINT","modelName":"NewYardModel"},"interaction":{"idSuffix":"inner"}},"clearTextFirst":true,"interactionType":"ENTER_TEXT"}]}
COMMAND: POST /session/fe219389c4a652ed804fe0697356972e/execute/async - {"script":"<script> [1562 bytes]","args":[{"selector":{"controlType":"sap.m.Input","viewName":"etm.portal.ui.manageyards.view.New","viewId":"application-manageyards-display-component---NewYard","bindingPath":{"path":"","propertyPath":"/DELIVERY_TYPE","modelName":"NewYardModel"},"interaction":{"idSuffix":"inner"}},"wdio_ui5_key":"etmportal.ui.manageyards.view.Newsap.m.Input{\"path\":\"\",\"propertyPath\":\"/DELIVERY_TYPE\",\"modelName\":\"NewYardModel\"}"}]}
RESULT: {"script":"<script> [1562 bytes]","args":[{"selector":{"controlType":"sap.m.Input","viewName":"etm.portal.ui.manageyards.view.New","viewId":"application-manageyards-display-component---NewYard","bindingPath":{"path":"","propertyPath":"/DELIVERY_TYPE","modelName":"NewYardModel"},"interaction":{"idSuffix":"inner"}},"wdio_ui5_key":"etmportal.ui.manageyards.view.Newsap.m.Input{\"path\":\"\",\"propertyPath\":\"/DELIVERY_TYPE\",\"modelName\":\"NewYardModel\"}"}]}
RESULT: undefined
COMMAND: POST /session/fe219389c4a652ed804fe0697356972e/execute/async - {"script":"<script> [776 bytes]","args":[{"enterText":"ZL01","selector":{"controlType":"sap.m.Input","viewName":"etm.portal.ui.manageyards.view.New","viewId":"application-manageyards-display-component---NewYard","bindingPath":{"path":"","propertyPath":"/DELIVERY_TYPE","modelName":"NewYardModel"},"interaction":{"idSuffix":"inner"}},"clearTextFirst":true,"interactionType":"ENTER_TEXT"}]}
RESULT: {"script":"<script> [776 bytes]","args":[{"enterText":"ZL01","selector":{"controlType":"sap.m.Input","viewName":"etm.portal.ui.manageyards.view.New","viewId":"application-manageyards-display-component---NewYard","bindingPath":{"path":"","propertyPath":"/DELIVERY_TYPE","modelName":"NewYardModel"},"interaction":{"idSuffix":"inner"}},"clearTextFirst":true,"interactionType":"ENTER_TEXT"}]}
COMMAND: POST /session/fe219389c4a652ed804fe0697356972e/execute/async - {"script":"<script> [1562 bytes]","args":[{"selector":{"controlType":"sap.m.Input","viewName":"etm.portal.ui.manageyards.view.New","viewId":"application-manageyards-display-component---NewYard","bindingPath":{"path":"","propertyPath":"/AUART","modelName":"NewYardModel"},"interaction":{"idSuffix":"inner"}},"wdio_ui5_key":"etmportal.ui.manageyards.view.Newsap.m.Input{\"path\":\"\",\"propertyPath\":\"/AUART\",\"modelName\":\"NewYardModel\"}"}]}
RESULT: {"script":"<script> [1562 bytes]","args":[{"selector":{"controlType":"sap.m.Input","viewName":"etm.portal.ui.manageyards.view.New","viewId":"application-manageyards-display-component---NewYard","bindingPath":{"path":"","propertyPath":"/AUART","modelName":"NewYardModel"},"interaction":{"idSuffix":"inner"}},"wdio_ui5_key":"etmportal.ui.manageyards.view.Newsap.m.Input{\"path\":\"\",\"propertyPath\":\"/AUART\",\"modelName\":\"NewYardModel\"}"}]}
RESULT: undefined
COMMAND: POST /session/fe219389c4a652ed804fe0697356972e/execute/async - {"script":"<script> [776 bytes]","args":[{"enterText":"TA","selector":{"controlType":"sap.m.Input","viewName":"etm.portal.ui.manageyards.view.New","viewId":"application-manageyards-display-component---NewYard","bindingPath":{"path":"","propertyPath":"/AUART","modelName":"NewYardModel"},"interaction":{"idSuffix":"inner"}},"clearTextFirst":true,"interactionType":"ENTER_TEXT"}]}
RESULT: {"script":"<script> [776 bytes]","args":[{"enterText":"TA","selector":{"controlType":"sap.m.Input","viewName":"etm.portal.ui.manageyards.view.New","viewId":"application-manageyards-display-component---NewYard","bindingPath":{"path":"","propertyPath":"/AUART","modelName":"NewYardModel"},"interaction":{"idSuffix":"inner"}},"clearTextFirst":true,"interactionType":"ENTER_TEXT"}]}
COMMAND: POST /session/fe219389c4a652ed804fe0697356972e/element - {"using":"xpath","value":"//button[@data-kt=\"newYardSaveButton\"]"}
RESULT: {"using":"xpath","value":"//button[@data-kt=\"newYardSaveButton\"]"}
COMMAND: POST /session/fe219389c4a652ed804fe0697356972e/element/f.AE569C338F7BE8C487FB69BDD94B5641.d.9F0F1D530B5957C853DB619AFA121CBB.e.11846/click - {}
RESULT: {}
COMMAND: GET /session/fe219389c4a652ed804fe0697356972e/screenshot - {}
RESULT: {}
COMMAND: POST /session/fe219389c4a652ed804fe0697356972e/element - {"using":"xpath","value":"//header[contains(@id, 'ObjectPageLayout-headerTitle')]/div[1]/div[2]/div[1]/span[1]"}
RESULT: {"using":"xpath","value":"//header[contains(@id, 'ObjectPageLayout-headerTitle')]/div[1]/div[2]/div[1]/span[1]"}
COMMAND: POST /session/fe219389c4a652ed804fe0697356972e/elements - {"using":"xpath","value":"//header[contains(@id, 'ObjectPageLayout-headerTitle')]/div[1]/div[2]/div[1]/span[1]"}
RESULT: {"using":"xpath","value":"//header[contains(@id, 'ObjectPageLayout-headerTitle')]/div[1]/div[2]/div[1]/span[1]"}
COMMAND: POST /session/fe219389c4a652ed804fe0697356972e/execute/sync - {"script":"<script> [56 bytes]","args":[{"element-6066-11e4-a52e-4f735466cecf":"f.AE569C338F7BE8C487FB69BDD94B5641.d.9F0F1D530B5957C853DB619AFA121CBB.e.12143","ELEMENT":"f.AE569C338F7BE8C487FB69BDD94B5641.d.9F0F1D530B5957C853DB619AFA121CBB.e.12143"}]}
RESULT: {"script":"<script> [56 bytes]","args":[{"element-6066-11e4-a52e-4f735466cecf":"f.AE569C338F7BE8C487FB69BDD94B5641.d.9F0F1D530B5957C853DB619AFA121CBB.e.12143","ELEMENT":"f.AE569C338F7BE8C487FB69BDD94B5641.d.9F0F1D530B5957C853DB619AFA121CBB.e.12143"}]}
COMMAND: GET /session/fe219389c4a652ed804fe0697356972e/screenshot - {}
RESULT: {}
COMMAND: POST /session/fe219389c4a652ed804fe0697356972e/element - {"using":"css selector","value":"#shell-header-logo"}
RESULT: {"using":"css selector","value":"#shell-header-logo"}
COMMAND: POST /session/fe219389c4a652ed804fe0697356972e/element/f.AE569C338F7BE8C487FB69BDD94B5641.d.9F0F1D530B5957C853DB619AFA121CBB.e.11279/click - {}
RESULT: {}
COMMAND: GET /session/fe219389c4a652ed804fe0697356972e/screenshot - {}
RESULT: {}
COMMAND: POST /session/fe219389c4a652ed804fe0697356972e/execute/sync - {"script":"<script> [299 bytes]","args":[["getModel","getResource"]]}
RESULT: {"script":"<script> [299 bytes]","args":[["getModel","getResource"]]}
]]></system-out>
    </testcase>
    <testcase classname="chrome.136_0_7103_93.windows.Provide_to_Site_w/o_warehouse_management_w/_clarification_US116605" name="Should create a new external partner" time="95.964">
      <system-out><![CDATA[
COMMAND: POST /session/fe219389c4a652ed804fe0697356972e/window/fullscreen - {}
COMMAND: GET /session/fe219389c4a652ed804fe0697356972e/screenshot - {}
RESULT: {}
COMMAND: POST /session/fe219389c4a652ed804fe0697356972e/execute/async - {"script":"<script> [1562 bytes]","args":[{"selector":{"controlType":"sap.m.GenericTile","properties":{"header":"Manage Partners"}},"wdio_ui5_key":"sapm.GenericTile{\"header\":\"Manage Partners\"}"}]}
RESULT: {}
RESULT: {"script":"<script> [1562 bytes]","args":[{"selector":{"controlType":"sap.m.GenericTile","properties":{"header":"Manage Partners"}},"wdio_ui5_key":"sapm.GenericTile{\"header\":\"Manage Partners\"}"}]}
RESULT: undefined
COMMAND: POST /session/fe219389c4a652ed804fe0697356972e/element - {"using":"xpath","value":"//*[@id=\"__tile30\"]"}
RESULT: {"using":"xpath","value":"//*[@id=\"__tile30\"]"}
COMMAND: POST /session/fe219389c4a652ed804fe0697356972e/element/f.AE569C338F7BE8C487FB69BDD94B5641.d.9F0F1D530B5957C853DB619AFA121CBB.e.11295/click - {}
RESULT: {}
COMMAND: GET /session/fe219389c4a652ed804fe0697356972e/screenshot - {}
RESULT: {}
COMMAND: POST /session/fe219389c4a652ed804fe0697356972e/elements - {"using":"xpath","value":"//span[text()='Error']"}
RESULT: {"using":"xpath","value":"//span[text()='Error']"}
COMMAND: POST /session/fe219389c4a652ed804fe0697356972e/element - {"using":"xpath","value":"//button[@data-kt=\"addButton\"]"}
RESULT: {"using":"xpath","value":"//button[@data-kt=\"addButton\"]"}
COMMAND: POST /session/fe219389c4a652ed804fe0697356972e/elements - {"using":"xpath","value":"//button[@data-kt=\"addButton\"]"}
RESULT: {"using":"xpath","value":"//button[@data-kt=\"addButton\"]"}
COMMAND: POST /session/fe219389c4a652ed804fe0697356972e/execute/sync - {"script":"<script> [8489 bytes]","args":[{"element-6066-11e4-a52e-4f735466cecf":"f.AE569C338F7BE8C487FB69BDD94B5641.d.9F0F1D530B5957C853DB619AFA121CBB.e.12193","ELEMENT":"f.AE569C338F7BE8C487FB69BDD94B5641.d.9F0F1D530B5957C853DB619AFA121CBB.e.12193"}]}
RESULT: {"script":"<script> [8489 bytes]","args":[{"element-6066-11e4-a52e-4f735466cecf":"f.AE569C338F7BE8C487FB69BDD94B5641.d.9F0F1D530B5957C853DB619AFA121CBB.e.12193","ELEMENT":"f.AE569C338F7BE8C487FB69BDD94B5641.d.9F0F1D530B5957C853DB619AFA121CBB.e.12193"}]}
COMMAND: GET /session/fe219389c4a652ed804fe0697356972e/element/f.AE569C338F7BE8C487FB69BDD94B5641.d.9F0F1D530B5957C853DB619AFA121CBB.e.12193/enabled - {}
COMMAND: GET /session/fe219389c4a652ed804fe0697356972e/screenshot - {}
RESULT: {}
COMMAND: POST /session/fe219389c4a652ed804fe0697356972e/execute/sync - {"script":"<script> [8489 bytes]","args":[{"element-6066-11e4-a52e-4f735466cecf":"f.AE569C338F7BE8C487FB69BDD94B5641.d.9F0F1D530B5957C853DB619AFA121CBB.e.12193","ELEMENT":"f.AE569C338F7BE8C487FB69BDD94B5641.d.9F0F1D530B5957C853DB619AFA121CBB.e.12193"}]}
COMMAND: GET /session/fe219389c4a652ed804fe0697356972e/screenshot - {}
RESULT: {}
RESULT: {"script":"<script> [8489 bytes]","args":[{"element-6066-11e4-a52e-4f735466cecf":"f.AE569C338F7BE8C487FB69BDD94B5641.d.9F0F1D530B5957C853DB619AFA121CBB.e.12193","ELEMENT":"f.AE569C338F7BE8C487FB69BDD94B5641.d.9F0F1D530B5957C853DB619AFA121CBB.e.12193"}]}
COMMAND: POST /session/fe219389c4a652ed804fe0697356972e/execute/sync - {"script":"<script> [5351 bytes]","args":[{"element-6066-11e4-a52e-4f735466cecf":"f.AE569C338F7BE8C487FB69BDD94B5641.d.9F0F1D530B5957C853DB619AFA121CBB.e.12193","ELEMENT":"f.AE569C338F7BE8C487FB69BDD94B5641.d.9F0F1D530B5957C853DB619AFA121CBB.e.12193"}]}
COMMAND: GET /session/fe219389c4a652ed804fe0697356972e/screenshot - {}
RESULT: {}
RESULT: {"script":"<script> [5351 bytes]","args":[{"element-6066-11e4-a52e-4f735466cecf":"f.AE569C338F7BE8C487FB69BDD94B5641.d.9F0F1D530B5957C853DB619AFA121CBB.e.12193","ELEMENT":"f.AE569C338F7BE8C487FB69BDD94B5641.d.9F0F1D530B5957C853DB619AFA121CBB.e.12193"}]}
COMMAND: POST /session/fe219389c4a652ed804fe0697356972e/element/f.AE569C338F7BE8C487FB69BDD94B5641.d.9F0F1D530B5957C853DB619AFA121CBB.e.12193/click - {}
COMMAND: GET /session/fe219389c4a652ed804fe0697356972e/screenshot - {}
RESULT: {}
RESULT: {}
COMMAND: GET /session/fe219389c4a652ed804fe0697356972e/screenshot - {}
COMMAND: POST /session/fe219389c4a652ed804fe0697356972e/execute/async - {"script":"<script> [1562 bytes]","args":[{"selector":{"id":"application-managepartners-display-component---NewPartner--addressDetailDetailsName1","interaction":{"idSuffix":"inner"}},"wdio_ui5_key":"applicationmanagepartners-display-component---NewPartner--addressDetailDetailsName1"}]}
RESULT: {}
RESULT: {}
RESULT: {"script":"<script> [1562 bytes]","args":[{"selector":{"id":"application-managepartners-display-component---NewPartner--addressDetailDetailsName1","interaction":{"idSuffix":"inner"}},"wdio_ui5_key":"applicationmanagepartners-display-component---NewPartner--addressDetailDetailsName1"}]}
RESULT: undefined
COMMAND: POST /session/fe219389c4a652ed804fe0697356972e/execute/async - {"script":"<script> [776 bytes]","args":[{"enterText":"External Partner WDIO","selector":{"id":"application-managepartners-display-component---NewPartner--addressDetailDetailsName1","interaction":{"idSuffix":"inner"}},"clearTextFirst":true,"interactionType":"ENTER_TEXT"}]}
RESULT: {"script":"<script> [776 bytes]","args":[{"enterText":"External Partner WDIO","selector":{"id":"application-managepartners-display-component---NewPartner--addressDetailDetailsName1","interaction":{"idSuffix":"inner"}},"clearTextFirst":true,"interactionType":"ENTER_TEXT"}]}
COMMAND: POST /session/fe219389c4a652ed804fe0697356972e/execute/async - {"script":"<script> [1562 bytes]","args":[{"selector":{"id":"application-managepartners-display-component---NewPartner--addressDetailDetailsLanguage-arrow"},"wdio_ui5_key":"applicationmanagepartners-display-component---NewPartner--addressDetailDetailsLanguage-arrow"}]}
RESULT: {"script":"<script> [1562 bytes]","args":[{"selector":{"id":"application-managepartners-display-component---NewPartner--addressDetailDetailsLanguage-arrow"},"wdio_ui5_key":"applicationmanagepartners-display-component---NewPartner--addressDetailDetailsLanguage-arrow"}]}
RESULT: undefined
COMMAND: POST /session/fe219389c4a652ed804fe0697356972e/element - {"using":"xpath","value":"//*[@id=\"application-managepartners-display-component---NewPartner--addressDetailDetailsLanguage-arrow\"]"}
RESULT: {"using":"xpath","value":"//*[@id=\"application-managepartners-display-component---NewPartner--addressDetailDetailsLanguage-arrow\"]"}
COMMAND: POST /session/fe219389c4a652ed804fe0697356972e/element/f.AE569C338F7BE8C487FB69BDD94B5641.d.9F0F1D530B5957C853DB619AFA121CBB.e.12636/click - {}
RESULT: {}
COMMAND: POST /session/fe219389c4a652ed804fe0697356972e/element - {"using":"xpath","value":"//span[contains(text(), \"English\")]"}
COMMAND: GET /session/fe219389c4a652ed804fe0697356972e/screenshot - {}
RESULT: {}
RESULT: {"using":"xpath","value":"//span[contains(text(), \"English\")]"}
COMMAND: POST /session/fe219389c4a652ed804fe0697356972e/element/f.AE569C338F7BE8C487FB69BDD94B5641.d.9F0F1D530B5957C853DB619AFA121CBB.e.12637/click - {}
RESULT: {}
COMMAND: GET /session/fe219389c4a652ed804fe0697356972e/screenshot - {}
RESULT: {}
COMMAND: POST /session/fe219389c4a652ed804fe0697356972e/execute/async - {"script":"<script> [1562 bytes]","args":[{"selector":{"id":"application-managepartners-display-component---NewPartner--addressDetailDetailsCity1","interaction":{"idSuffix":"inner"}},"wdio_ui5_key":"applicationmanagepartners-display-component---NewPartner--addressDetailDetailsCity1"}]}
RESULT: {"script":"<script> [1562 bytes]","args":[{"selector":{"id":"application-managepartners-display-component---NewPartner--addressDetailDetailsCity1","interaction":{"idSuffix":"inner"}},"wdio_ui5_key":"applicationmanagepartners-display-component---NewPartner--addressDetailDetailsCity1"}]}
RESULT: undefined
COMMAND: POST /session/fe219389c4a652ed804fe0697356972e/execute/async - {"script":"<script> [776 bytes]","args":[{"enterText":"Rosario","selector":{"id":"application-managepartners-display-component---NewPartner--addressDetailDetailsCity1","interaction":{"idSuffix":"inner"}},"clearTextFirst":true,"interactionType":"ENTER_TEXT"}]}
RESULT: {"script":"<script> [776 bytes]","args":[{"enterText":"Rosario","selector":{"id":"application-managepartners-display-component---NewPartner--addressDetailDetailsCity1","interaction":{"idSuffix":"inner"}},"clearTextFirst":true,"interactionType":"ENTER_TEXT"}]}
COMMAND: POST /session/fe219389c4a652ed804fe0697356972e/execute/async - {"script":"<script> [1562 bytes]","args":[{"selector":{"id":"application-managepartners-display-component---NewPartner--addressDetailDetailsCountry-arrow"},"wdio_ui5_key":"applicationmanagepartners-display-component---NewPartner--addressDetailDetailsCountry-arrow"}]}
RESULT: {"script":"<script> [1562 bytes]","args":[{"selector":{"id":"application-managepartners-display-component---NewPartner--addressDetailDetailsCountry-arrow"},"wdio_ui5_key":"applicationmanagepartners-display-component---NewPartner--addressDetailDetailsCountry-arrow"}]}
RESULT: undefined
COMMAND: POST /session/fe219389c4a652ed804fe0697356972e/element - {"using":"xpath","value":"//*[@id=\"application-managepartners-display-component---NewPartner--addressDetailDetailsCountry-arrow\"]"}
RESULT: {"using":"xpath","value":"//*[@id=\"application-managepartners-display-component---NewPartner--addressDetailDetailsCountry-arrow\"]"}
COMMAND: POST /session/fe219389c4a652ed804fe0697356972e/element/f.AE569C338F7BE8C487FB69BDD94B5641.d.9F0F1D530B5957C853DB619AFA121CBB.e.12623/click - {}
RESULT: {}
COMMAND: POST /session/fe219389c4a652ed804fe0697356972e/element - {"using":"xpath","value":"//span[contains(text(), \"Argentina\")]"}
COMMAND: GET /session/fe219389c4a652ed804fe0697356972e/screenshot - {}
RESULT: {"using":"xpath","value":"//span[contains(text(), \"Argentina\")]"}
COMMAND: POST /session/fe219389c4a652ed804fe0697356972e/element/f.AE569C338F7BE8C487FB69BDD94B5641.d.9F0F1D530B5957C853DB619AFA121CBB.e.12639/click - {}
RESULT: {}
RESULT: {}
COMMAND: GET /session/fe219389c4a652ed804fe0697356972e/screenshot - {}
RESULT: {}
COMMAND: POST /session/fe219389c4a652ed804fe0697356972e/element - {"using":"xpath","value":"//bdi[contains(text(), \"Commercial\")]"}
RESULT: {"using":"xpath","value":"//bdi[contains(text(), \"Commercial\")]"}
COMMAND: POST /session/fe219389c4a652ed804fe0697356972e/element/f.AE569C338F7BE8C487FB69BDD94B5641.d.9F0F1D530B5957C853DB619AFA121CBB.e.12640/click - {}
RESULT: {}
COMMAND: GET /session/fe219389c4a652ed804fe0697356972e/screenshot - {}
RESULT: {}
COMMAND: POST /session/fe219389c4a652ed804fe0697356972e/execute/async - {"script":"<script> [1562 bytes]","args":[{"selector":{"id":"application-managepartners-display-component---NewPartner--partnerDetailInternal-arrow"},"wdio_ui5_key":"applicationmanagepartners-display-component---NewPartner--partnerDetailInternal-arrow"}]}
RESULT: {"script":"<script> [1562 bytes]","args":[{"selector":{"id":"application-managepartners-display-component---NewPartner--partnerDetailInternal-arrow"},"wdio_ui5_key":"applicationmanagepartners-display-component---NewPartner--partnerDetailInternal-arrow"}]}
RESULT: undefined
COMMAND: POST /session/fe219389c4a652ed804fe0697356972e/element - {"using":"xpath","value":"//*[@id=\"application-managepartners-display-component---NewPartner--partnerDetailInternal-arrow\"]"}
RESULT: {"using":"xpath","value":"//*[@id=\"application-managepartners-display-component---NewPartner--partnerDetailInternal-arrow\"]"}
COMMAND: POST /session/fe219389c4a652ed804fe0697356972e/element/f.AE569C338F7BE8C487FB69BDD94B5641.d.9F0F1D530B5957C853DB619AFA121CBB.e.12646/click - {}
RESULT: {}
COMMAND: POST /session/fe219389c4a652ed804fe0697356972e/element - {"using":"xpath","value":"//span[contains(text(), \"External partner\")]"}
COMMAND: GET /session/fe219389c4a652ed804fe0697356972e/screenshot - {}
RESULT: {"using":"xpath","value":"//span[contains(text(), \"External partner\")]"}
COMMAND: POST /session/fe219389c4a652ed804fe0697356972e/element/f.AE569C338F7BE8C487FB69BDD94B5641.d.9F0F1D530B5957C853DB619AFA121CBB.e.12647/click - {}
RESULT: {}
RESULT: {}
COMMAND: POST /session/fe219389c4a652ed804fe0697356972e/execute/async - {"script":"<script> [1562 bytes]","args":[{"selector":{"id":"application-managepartners-display-component---NewPartner--partnerDetailsCurrency-arrow"},"wdio_ui5_key":"applicationmanagepartners-display-component---NewPartner--partnerDetailsCurrency-arrow"}]}
COMMAND: GET /session/fe219389c4a652ed804fe0697356972e/screenshot - {}
RESULT: {"script":"<script> [1562 bytes]","args":[{"selector":{"id":"application-managepartners-display-component---NewPartner--partnerDetailsCurrency-arrow"},"wdio_ui5_key":"applicationmanagepartners-display-component---NewPartner--partnerDetailsCurrency-arrow"}]}
RESULT: undefined
COMMAND: POST /session/fe219389c4a652ed804fe0697356972e/element - {"using":"xpath","value":"//*[@id=\"application-managepartners-display-component---NewPartner--partnerDetailsCurrency-arrow\"]"}
RESULT: {}
RESULT: {"using":"xpath","value":"//*[@id=\"application-managepartners-display-component---NewPartner--partnerDetailsCurrency-arrow\"]"}
COMMAND: POST /session/fe219389c4a652ed804fe0697356972e/element/f.AE569C338F7BE8C487FB69BDD94B5641.d.9F0F1D530B5957C853DB619AFA121CBB.e.12652/click - {}
RESULT: {}
COMMAND: POST /session/fe219389c4a652ed804fe0697356972e/element - {"using":"xpath","value":"//span[contains(text(), \"US Dollar\")]"}
COMMAND: GET /session/fe219389c4a652ed804fe0697356972e/screenshot - {}
RESULT: {"using":"xpath","value":"//span[contains(text(), \"US Dollar\")]"}
COMMAND: POST /session/fe219389c4a652ed804fe0697356972e/element/f.AE569C338F7BE8C487FB69BDD94B5641.d.9F0F1D530B5957C853DB619AFA121CBB.e.12653/click - {}
RESULT: {}
RESULT: {}
COMMAND: GET /session/fe219389c4a652ed804fe0697356972e/screenshot - {}
RESULT: {}
COMMAND: POST /session/fe219389c4a652ed804fe0697356972e/element - {"using":"xpath","value":"//input[@id=\"application-managepartners-display-component---NewPartner--companyCodeComboBox-inner\"]"}
RESULT: {"using":"xpath","value":"//input[@id=\"application-managepartners-display-component---NewPartner--companyCodeComboBox-inner\"]"}
COMMAND: POST /session/fe219389c4a652ed804fe0697356972e/element/f.AE569C338F7BE8C487FB69BDD94B5641.d.9F0F1D530B5957C853DB619AFA121CBB.e.12492/clear - {}
RESULT: {}
COMMAND: POST /session/fe219389c4a652ed804fe0697356972e/element/f.AE569C338F7BE8C487FB69BDD94B5641.d.9F0F1D530B5957C853DB619AFA121CBB.e.12492/value - {"text":"C002"}
COMMAND: GET /session/fe219389c4a652ed804fe0697356972e/screenshot - {}
RESULT: {"text":"C002"}
COMMAND: GET /session/fe219389c4a652ed804fe0697356972e/screenshot - {}
RESULT: {}
RESULT: {}
COMMAND: POST /session/fe219389c4a652ed804fe0697356972e/element - {"using":"xpath","value":"//li[.//span[text()= \"C002\"]]"}
RESULT: {"using":"xpath","value":"//li[.//span[text()= \"C002\"]]"}
COMMAND: POST /session/fe219389c4a652ed804fe0697356972e/element/f.AE569C338F7BE8C487FB69BDD94B5641.d.9F0F1D530B5957C853DB619AFA121CBB.e.12657/click - {}
RESULT: {}
COMMAND: GET /session/fe219389c4a652ed804fe0697356972e/screenshot - {}
RESULT: {}
COMMAND: POST /session/fe219389c4a652ed804fe0697356972e/execute/async - {"script":"<script> [1562 bytes]","args":[{"selector":{"controlType":"sap.ui.core.Icon","viewName":"etm.portal.ui.managepartners.view.NewPartner","viewId":"application-managepartners-display-component---NewPartner","properties":{"src":{"regex":{"source":"slim\\-arrow\\-down"}}},"ancestor":{"controlType":"sap.m.ComboBox","viewName":"etm.portal.ui.managepartners.view.NewPartner","viewId":"application-managepartners-display-component---NewPartner","bindingPath":{"path":"","propertyPath":"/CATALOG","modelName":"oNewPartnerModel"}}},"wdio_ui5_key":"etmportal.ui.managepartners.view.NewPartnersap.ui.core.Icon{\"src\":{\"regex\":{\"source\":\"slim\\\\-arrow\\\\-down\"}}}{\"controlType\":\"sap.m.ComboBox\",\"viewName\":\"etm.portal.ui.managepartners.view.NewPartner\",\"viewId\":\"application-managepartners-display-component---NewPartner\",\"bindingPath\":{\"path\":\"\",\"propertyPath\":\"/CATALOG\",\"modelName\":\"oNewPartnerModel\"}}"}]}
RESULT: {"script":"<script> [1562 bytes]","args":[{"selector":{"controlType":"sap.ui.core.Icon","viewName":"etm.portal.ui.managepartners.view.NewPartner","viewId":"application-managepartners-display-component---NewPartner","properties":{"src":{"regex":{"source":"slim\\-arrow\\-down"}}},"ancestor":{"controlType":"sap.m.ComboBox","viewName":"etm.portal.ui.managepartners.view.NewPartner","viewId":"application-managepartners-display-component---NewPartner","bindingPath":{"path":"","propertyPath":"/CATALOG","modelName":"oNewPartnerModel"}}},"wdio_ui5_key":"etmportal.ui.managepartners.view.NewPartnersap.ui.core.Icon{\"src\":{\"regex\":{\"source\":\"slim\\\\-arrow\\\\-down\"}}}{\"controlType\":\"sap.m.ComboBox\",\"viewName\":\"etm.portal.ui.managepartners.view.NewPartner\",\"viewId\":\"application-managepartners-display-component---NewPartner\",\"bindingPath\":{\"path\":\"\",\"propertyPath\":\"/CATALOG\",\"modelName\":\"oNewPartnerModel\"}}"}]}
RESULT: undefined
COMMAND: POST /session/fe219389c4a652ed804fe0697356972e/element - {"using":"xpath","value":"//*[@id=\"__box21-arrow\"]"}
RESULT: {"using":"xpath","value":"//*[@id=\"__box21-arrow\"]"}
COMMAND: POST /session/fe219389c4a652ed804fe0697356972e/element/f.AE569C338F7BE8C487FB69BDD94B5641.d.9F0F1D530B5957C853DB619AFA121CBB.e.12624/click - {}
RESULT: {}
COMMAND: GET /session/fe219389c4a652ed804fe0697356972e/screenshot - {}
RESULT: {}
COMMAND: POST /session/fe219389c4a652ed804fe0697356972e/element - {"using":"xpath","value":"//li[.//span[text()= \"Webshop Catalog\"]]"}
RESULT: {"using":"xpath","value":"//li[.//span[text()= \"Webshop Catalog\"]]"}
COMMAND: POST /session/fe219389c4a652ed804fe0697356972e/element/f.AE569C338F7BE8C487FB69BDD94B5641.d.9F0F1D530B5957C853DB619AFA121CBB.e.12659/click - {}
RESULT: {}
COMMAND: GET /session/fe219389c4a652ed804fe0697356972e/screenshot - {}
RESULT: {}
COMMAND: POST /session/fe219389c4a652ed804fe0697356972e/execute/async - {"script":"<script> [1562 bytes]","args":[{"selector":{"id":"application-managepartners-display-component---NewPartner--btnAddTableRow-img"},"wdio_ui5_key":"applicationmanagepartners-display-component---NewPartner--btnAddTableRow-img"}]}
RESULT: {"script":"<script> [1562 bytes]","args":[{"selector":{"id":"application-managepartners-display-component---NewPartner--btnAddTableRow-img"},"wdio_ui5_key":"applicationmanagepartners-display-component---NewPartner--btnAddTableRow-img"}]}
RESULT: undefined
COMMAND: POST /session/fe219389c4a652ed804fe0697356972e/element - {"using":"xpath","value":"//*[@id=\"application-managepartners-display-component---NewPartner--btnAddTableRow-img\"]"}
RESULT: {"using":"xpath","value":"//*[@id=\"application-managepartners-display-component---NewPartner--btnAddTableRow-img\"]"}
COMMAND: POST /session/fe219389c4a652ed804fe0697356972e/element/f.AE569C338F7BE8C487FB69BDD94B5641.d.9F0F1D530B5957C853DB619AFA121CBB.e.12660/click - {}
RESULT: {}
COMMAND: GET /session/fe219389c4a652ed804fe0697356972e/screenshot - {}
RESULT: {}
COMMAND: POST /session/fe219389c4a652ed804fe0697356972e/element - {"using":"xpath","value":"//input[@id=\"application-managepartners-display-component---NewPartner--assignmentYard-application-managepartners-display-component---NewPartner--assignmentsTable-0-inner\"]"}
RESULT: {"using":"xpath","value":"//input[@id=\"application-managepartners-display-component---NewPartner--assignmentYard-application-managepartners-display-component---NewPartner--assignmentsTable-0-inner\"]"}
COMMAND: POST /session/fe219389c4a652ed804fe0697356972e/element/f.AE569C338F7BE8C487FB69BDD94B5641.d.9F0F1D530B5957C853DB619AFA121CBB.e.12663/clear - {}
RESULT: {}
COMMAND: POST /session/fe219389c4a652ed804fe0697356972e/element/f.AE569C338F7BE8C487FB69BDD94B5641.d.9F0F1D530B5957C853DB619AFA121CBB.e.12663/value - {"text":"467"}
COMMAND: GET /session/fe219389c4a652ed804fe0697356972e/screenshot - {}
RESULT: {"text":"467"}
COMMAND: GET /session/fe219389c4a652ed804fe0697356972e/screenshot - {}
RESULT: {}
RESULT: {}
COMMAND: POST /session/fe219389c4a652ed804fe0697356972e/element - {"using":"xpath","value":"//li[.//span[text()='467']]"}
RESULT: {"using":"xpath","value":"//li[.//span[text()='467']]"}
COMMAND: POST /session/fe219389c4a652ed804fe0697356972e/element/f.AE569C338F7BE8C487FB69BDD94B5641.d.9F0F1D530B5957C853DB619AFA121CBB.e.12671/click - {}
RESULT: {}
COMMAND: GET /session/fe219389c4a652ed804fe0697356972e/screenshot - {}
RESULT: {}
COMMAND: POST /session/fe219389c4a652ed804fe0697356972e/actions - {"actions":[{"id":"action40","type":"key","parameters":{},"actions":[{"type":"keyDown","value":""},{"type":"pause","duration":10},{"type":"keyUp","value":""}]}]}
RESULT: {"actions":[{"id":"action40","type":"key","parameters":{},"actions":[{"type":"keyDown","value":""},{"type":"pause","duration":10},{"type":"keyUp","value":""}]}]}
COMMAND: POST /session/fe219389c4a652ed804fe0697356972e/element - {"using":"xpath","value":"//td[contains(@id, \"assignmentsTable-0-cell2\")]/div/div"}
COMMAND: GET /session/fe219389c4a652ed804fe0697356972e/screenshot - {}
RESULT: {"using":"xpath","value":"//td[contains(@id, \"assignmentsTable-0-cell2\")]/div/div"}
COMMAND: POST /session/fe219389c4a652ed804fe0697356972e/element/f.AE569C338F7BE8C487FB69BDD94B5641.d.9F0F1D530B5957C853DB619AFA121CBB.e.12674/click - {}
RESULT: {}
RESULT: {}
COMMAND: GET /session/fe219389c4a652ed804fe0697356972e/screenshot - {}
RESULT: {}
COMMAND: POST /session/fe219389c4a652ed804fe0697356972e/element - {"using":"xpath","value":"//button[@data-kt=\"saveButton\"]"}
RESULT: {"using":"xpath","value":"//button[@data-kt=\"saveButton\"]"}
COMMAND: POST /session/fe219389c4a652ed804fe0697356972e/element/f.AE569C338F7BE8C487FB69BDD94B5641.d.9F0F1D530B5957C853DB619AFA121CBB.e.12573/click - {}
RESULT: {}
COMMAND: GET /session/fe219389c4a652ed804fe0697356972e/screenshot - {}
RESULT: {}
COMMAND: POST /session/fe219389c4a652ed804fe0697356972e/element - {"using":"xpath","value":"//header[contains(@id, 'ObjectPageLayout-headerTitle')]/div[1]/div[2]/div[2]/span[1]"}
RESULT: {"using":"xpath","value":"//header[contains(@id, 'ObjectPageLayout-headerTitle')]/div[1]/div[2]/div[2]/span[1]"}
COMMAND: POST /session/fe219389c4a652ed804fe0697356972e/elements - {"using":"xpath","value":"//header[contains(@id, 'ObjectPageLayout-headerTitle')]/div[1]/div[2]/div[2]/span[1]"}
RESULT: {"using":"xpath","value":"//header[contains(@id, 'ObjectPageLayout-headerTitle')]/div[1]/div[2]/div[2]/span[1]"}
COMMAND: POST /session/fe219389c4a652ed804fe0697356972e/execute/sync - {"script":"<script> [56 bytes]","args":[{"element-6066-11e4-a52e-4f735466cecf":"f.AE569C338F7BE8C487FB69BDD94B5641.d.9F0F1D530B5957C853DB619AFA121CBB.e.12838","ELEMENT":"f.AE569C338F7BE8C487FB69BDD94B5641.d.9F0F1D530B5957C853DB619AFA121CBB.e.12838"}]}
RESULT: {"script":"<script> [56 bytes]","args":[{"element-6066-11e4-a52e-4f735466cecf":"f.AE569C338F7BE8C487FB69BDD94B5641.d.9F0F1D530B5957C853DB619AFA121CBB.e.12838","ELEMENT":"f.AE569C338F7BE8C487FB69BDD94B5641.d.9F0F1D530B5957C853DB619AFA121CBB.e.12838"}]}
COMMAND: POST /session/fe219389c4a652ed804fe0697356972e/element - {"using":"css selector","value":"#shell-header-logo"}
COMMAND: GET /session/fe219389c4a652ed804fe0697356972e/screenshot - {}
RESULT: {"using":"css selector","value":"#shell-header-logo"}
COMMAND: POST /session/fe219389c4a652ed804fe0697356972e/element/f.AE569C338F7BE8C487FB69BDD94B5641.d.9F0F1D530B5957C853DB619AFA121CBB.e.12149/click - {}
RESULT: {}
RESULT: {}
COMMAND: GET /session/fe219389c4a652ed804fe0697356972e/screenshot - {}
RESULT: {}
COMMAND: POST /session/fe219389c4a652ed804fe0697356972e/execute/sync - {"script":"<script> [299 bytes]","args":[["getModel","getResource"]]}
RESULT: {"script":"<script> [299 bytes]","args":[["getModel","getResource"]]}
COMMAND: GET /session/fe219389c4a652ed804fe0697356972e/screenshot - {}
]]></system-out>
    </testcase>
    <testcase classname="chrome.136_0_7103_93.windows.Provide_to_Site_w/o_warehouse_management_w/_clarification_US116605" name="Should create a new site" time="144.622">
      <system-out><![CDATA[
COMMAND: POST /session/fe219389c4a652ed804fe0697356972e/execute/async - {"script":"<script> [1562 bytes]","args":[{"selector":{"controlType":"sap.m.GenericTile","properties":{"header":"Manage Sites"}},"wdio_ui5_key":"sapm.GenericTile{\"header\":\"Manage Sites\"}"}]}
RESULT: {}
RESULT: {"script":"<script> [1562 bytes]","args":[{"selector":{"controlType":"sap.m.GenericTile","properties":{"header":"Manage Sites"}},"wdio_ui5_key":"sapm.GenericTile{\"header\":\"Manage Sites\"}"}]}
RESULT: undefined
COMMAND: POST /session/fe219389c4a652ed804fe0697356972e/element - {"using":"xpath","value":"//*[@id=\"__tile32\"]"}
RESULT: {"using":"xpath","value":"//*[@id=\"__tile32\"]"}
COMMAND: POST /session/fe219389c4a652ed804fe0697356972e/element/f.AE569C338F7BE8C487FB69BDD94B5641.d.9F0F1D530B5957C853DB619AFA121CBB.e.11301/click - {}
RESULT: {}
COMMAND: GET /session/fe219389c4a652ed804fe0697356972e/screenshot - {}
RESULT: {}
COMMAND: POST /session/fe219389c4a652ed804fe0697356972e/elements - {"using":"xpath","value":"//span[text()='Error']"}
RESULT: {"using":"xpath","value":"//span[text()='Error']"}
COMMAND: POST /session/fe219389c4a652ed804fe0697356972e/element - {"using":"xpath","value":"//button[@data-kt=\"addOverflowToolbarButton\"]"}
RESULT: {"using":"xpath","value":"//button[@data-kt=\"addOverflowToolbarButton\"]"}
COMMAND: POST /session/fe219389c4a652ed804fe0697356972e/elements - {"using":"xpath","value":"//button[@data-kt=\"addOverflowToolbarButton\"]"}
RESULT: {"using":"xpath","value":"//button[@data-kt=\"addOverflowToolbarButton\"]"}
COMMAND: POST /session/fe219389c4a652ed804fe0697356972e/execute/sync - {"script":"<script> [8489 bytes]","args":[{"element-6066-11e4-a52e-4f735466cecf":"f.AE569C338F7BE8C487FB69BDD94B5641.d.9F0F1D530B5957C853DB619AFA121CBB.e.12884","ELEMENT":"f.AE569C338F7BE8C487FB69BDD94B5641.d.9F0F1D530B5957C853DB619AFA121CBB.e.12884"}]}
RESULT: {"script":"<script> [8489 bytes]","args":[{"element-6066-11e4-a52e-4f735466cecf":"f.AE569C338F7BE8C487FB69BDD94B5641.d.9F0F1D530B5957C853DB619AFA121CBB.e.12884","ELEMENT":"f.AE569C338F7BE8C487FB69BDD94B5641.d.9F0F1D530B5957C853DB619AFA121CBB.e.12884"}]}
COMMAND: GET /session/fe219389c4a652ed804fe0697356972e/element/f.AE569C338F7BE8C487FB69BDD94B5641.d.9F0F1D530B5957C853DB619AFA121CBB.e.12884/enabled - {}
COMMAND: GET /session/fe219389c4a652ed804fe0697356972e/screenshot - {}
RESULT: {}
COMMAND: POST /session/fe219389c4a652ed804fe0697356972e/execute/sync - {"script":"<script> [8489 bytes]","args":[{"element-6066-11e4-a52e-4f735466cecf":"f.AE569C338F7BE8C487FB69BDD94B5641.d.9F0F1D530B5957C853DB619AFA121CBB.e.12884","ELEMENT":"f.AE569C338F7BE8C487FB69BDD94B5641.d.9F0F1D530B5957C853DB619AFA121CBB.e.12884"}]}
COMMAND: GET /session/fe219389c4a652ed804fe0697356972e/screenshot - {}
RESULT: {}
RESULT: {"script":"<script> [8489 bytes]","args":[{"element-6066-11e4-a52e-4f735466cecf":"f.AE569C338F7BE8C487FB69BDD94B5641.d.9F0F1D530B5957C853DB619AFA121CBB.e.12884","ELEMENT":"f.AE569C338F7BE8C487FB69BDD94B5641.d.9F0F1D530B5957C853DB619AFA121CBB.e.12884"}]}
COMMAND: POST /session/fe219389c4a652ed804fe0697356972e/execute/sync - {"script":"<script> [5351 bytes]","args":[{"element-6066-11e4-a52e-4f735466cecf":"f.AE569C338F7BE8C487FB69BDD94B5641.d.9F0F1D530B5957C853DB619AFA121CBB.e.12884","ELEMENT":"f.AE569C338F7BE8C487FB69BDD94B5641.d.9F0F1D530B5957C853DB619AFA121CBB.e.12884"}]}
COMMAND: GET /session/fe219389c4a652ed804fe0697356972e/screenshot - {}
RESULT: {}
RESULT: {"script":"<script> [5351 bytes]","args":[{"element-6066-11e4-a52e-4f735466cecf":"f.AE569C338F7BE8C487FB69BDD94B5641.d.9F0F1D530B5957C853DB619AFA121CBB.e.12884","ELEMENT":"f.AE569C338F7BE8C487FB69BDD94B5641.d.9F0F1D530B5957C853DB619AFA121CBB.e.12884"}]}
COMMAND: POST /session/fe219389c4a652ed804fe0697356972e/element/f.AE569C338F7BE8C487FB69BDD94B5641.d.9F0F1D530B5957C853DB619AFA121CBB.e.12884/click - {}
COMMAND: GET /session/fe219389c4a652ed804fe0697356972e/screenshot - {}
RESULT: {}
RESULT: {}
COMMAND: GET /session/fe219389c4a652ed804fe0697356972e/screenshot - {}
RESULT: {}
RESULT: {}
COMMAND: POST /session/fe219389c4a652ed804fe0697356972e/element - {"using":"xpath","value":"//input[@id=\"application-managesites-display-component---NewSite--siteId-inner\"]"}
RESULT: {"using":"xpath","value":"//input[@id=\"application-managesites-display-component---NewSite--siteId-inner\"]"}
COMMAND: POST /session/fe219389c4a652ed804fe0697356972e/element - {"using":"xpath","value":"//input[@id=\"application-managesites-display-component---NewSite--siteId-inner\"]"}
RESULT: {"using":"xpath","value":"//input[@id=\"application-managesites-display-component---NewSite--siteId-inner\"]"}
COMMAND: POST /session/fe219389c4a652ed804fe0697356972e/execute/async - {"script":"<script> [1562 bytes]","args":[{"selector":{"id":"application-managesites-display-component---NewSite--addressDetailDetailsName1","interaction":{"idSuffix":"inner"}},"wdio_ui5_key":"applicationmanagesites-display-component---NewSite--addressDetailDetailsName1"}]}
RESULT: {"script":"<script> [1562 bytes]","args":[{"selector":{"id":"application-managesites-display-component---NewSite--addressDetailDetailsName1","interaction":{"idSuffix":"inner"}},"wdio_ui5_key":"applicationmanagesites-display-component---NewSite--addressDetailDetailsName1"}]}
RESULT: undefined
COMMAND: POST /session/fe219389c4a652ed804fe0697356972e/execute/async - {"script":"<script> [776 bytes]","args":[{"enterText":"Other Type Site WDIO","selector":{"id":"application-managesites-display-component---NewSite--addressDetailDetailsName1","interaction":{"idSuffix":"inner"}},"clearTextFirst":true,"interactionType":"ENTER_TEXT"}]}
RESULT: {"script":"<script> [776 bytes]","args":[{"enterText":"Other Type Site WDIO","selector":{"id":"application-managesites-display-component---NewSite--addressDetailDetailsName1","interaction":{"idSuffix":"inner"}},"clearTextFirst":true,"interactionType":"ENTER_TEXT"}]}
COMMAND: POST /session/fe219389c4a652ed804fe0697356972e/execute/async - {"script":"<script> [1562 bytes]","args":[{"selector":{"id":"application-managesites-display-component---NewSite--addressDetailDetailsLanguage-arrow"},"wdio_ui5_key":"applicationmanagesites-display-component---NewSite--addressDetailDetailsLanguage-arrow"}]}
RESULT: {"script":"<script> [1562 bytes]","args":[{"selector":{"id":"application-managesites-display-component---NewSite--addressDetailDetailsLanguage-arrow"},"wdio_ui5_key":"applicationmanagesites-display-component---NewSite--addressDetailDetailsLanguage-arrow"}]}
RESULT: undefined
COMMAND: POST /session/fe219389c4a652ed804fe0697356972e/element - {"using":"xpath","value":"//*[@id=\"application-managesites-display-component---NewSite--addressDetailDetailsLanguage-arrow\"]"}
RESULT: {"using":"xpath","value":"//*[@id=\"application-managesites-display-component---NewSite--addressDetailDetailsLanguage-arrow\"]"}
COMMAND: POST /session/fe219389c4a652ed804fe0697356972e/element/f.AE569C338F7BE8C487FB69BDD94B5641.d.9F0F1D530B5957C853DB619AFA121CBB.e.13513/click - {}
RESULT: {}
COMMAND: POST /session/fe219389c4a652ed804fe0697356972e/element - {"using":"xpath","value":"//span[contains(text(), \"English\")]"}
COMMAND: GET /session/fe219389c4a652ed804fe0697356972e/screenshot - {}
RESULT: {"using":"xpath","value":"//span[contains(text(), \"English\")]"}
COMMAND: POST /session/fe219389c4a652ed804fe0697356972e/element/f.AE569C338F7BE8C487FB69BDD94B5641.d.9F0F1D530B5957C853DB619AFA121CBB.e.13514/click - {}
RESULT: {}
RESULT: {}
COMMAND: POST /session/fe219389c4a652ed804fe0697356972e/execute/async - {"script":"<script> [1562 bytes]","args":[{"selector":{"id":"application-managesites-display-component---NewSite--addressDetailDetailsCity1","interaction":{"idSuffix":"inner"}},"wdio_ui5_key":"applicationmanagesites-display-component---NewSite--addressDetailDetailsCity1"}]}
COMMAND: GET /session/fe219389c4a652ed804fe0697356972e/screenshot - {}
RESULT: {"script":"<script> [1562 bytes]","args":[{"selector":{"id":"application-managesites-display-component---NewSite--addressDetailDetailsCity1","interaction":{"idSuffix":"inner"}},"wdio_ui5_key":"applicationmanagesites-display-component---NewSite--addressDetailDetailsCity1"}]}
RESULT: undefined
COMMAND: POST /session/fe219389c4a652ed804fe0697356972e/execute/async - {"script":"<script> [776 bytes]","args":[{"enterText":"Rosario","selector":{"id":"application-managesites-display-component---NewSite--addressDetailDetailsCity1","interaction":{"idSuffix":"inner"}},"clearTextFirst":true,"interactionType":"ENTER_TEXT"}]}
RESULT: {}
RESULT: {"script":"<script> [776 bytes]","args":[{"enterText":"Rosario","selector":{"id":"application-managesites-display-component---NewSite--addressDetailDetailsCity1","interaction":{"idSuffix":"inner"}},"clearTextFirst":true,"interactionType":"ENTER_TEXT"}]}
COMMAND: POST /session/fe219389c4a652ed804fe0697356972e/execute/async - {"script":"<script> [1562 bytes]","args":[{"selector":{"id":"application-managesites-display-component---NewSite--addressDetailDetailsCountry-arrow"},"wdio_ui5_key":"applicationmanagesites-display-component---NewSite--addressDetailDetailsCountry-arrow"}]}
RESULT: {"script":"<script> [1562 bytes]","args":[{"selector":{"id":"application-managesites-display-component---NewSite--addressDetailDetailsCountry-arrow"},"wdio_ui5_key":"applicationmanagesites-display-component---NewSite--addressDetailDetailsCountry-arrow"}]}
RESULT: undefined
COMMAND: POST /session/fe219389c4a652ed804fe0697356972e/element - {"using":"xpath","value":"//*[@id=\"application-managesites-display-component---NewSite--addressDetailDetailsCountry-arrow\"]"}
RESULT: {"using":"xpath","value":"//*[@id=\"application-managesites-display-component---NewSite--addressDetailDetailsCountry-arrow\"]"}
COMMAND: POST /session/fe219389c4a652ed804fe0697356972e/element/f.AE569C338F7BE8C487FB69BDD94B5641.d.9F0F1D530B5957C853DB619AFA121CBB.e.13516/click - {}
RESULT: {}
COMMAND: POST /session/fe219389c4a652ed804fe0697356972e/element - {"using":"xpath","value":"//span[contains(text(), \"Argentina\")]"}
COMMAND: GET /session/fe219389c4a652ed804fe0697356972e/screenshot - {}
RESULT: {"using":"xpath","value":"//span[contains(text(), \"Argentina\")]"}
COMMAND: POST /session/fe219389c4a652ed804fe0697356972e/element/f.AE569C338F7BE8C487FB69BDD94B5641.d.9F0F1D530B5957C853DB619AFA121CBB.e.13517/click - {}
RESULT: {}
RESULT: {}
COMMAND: GET /session/fe219389c4a652ed804fe0697356972e/screenshot - {}
RESULT: {}
COMMAND: POST /session/fe219389c4a652ed804fe0697356972e/execute/async - {"script":"<script> [1562 bytes]","args":[{"selector":{"id":"application-managesites-display-component---NewSite--addressEditDetailsCostObjectCstType-arrow"},"wdio_ui5_key":"applicationmanagesites-display-component---NewSite--addressEditDetailsCostObjectCstType-arrow"}]}
RESULT: {"script":"<script> [1562 bytes]","args":[{"selector":{"id":"application-managesites-display-component---NewSite--addressEditDetailsCostObjectCstType-arrow"},"wdio_ui5_key":"applicationmanagesites-display-component---NewSite--addressEditDetailsCostObjectCstType-arrow"}]}
RESULT: undefined
COMMAND: POST /session/fe219389c4a652ed804fe0697356972e/element - {"using":"xpath","value":"//*[@id=\"application-managesites-display-component---NewSite--addressEditDetailsCostObjectCstType-arrow\"]"}
RESULT: {"using":"xpath","value":"//*[@id=\"application-managesites-display-component---NewSite--addressEditDetailsCostObjectCstType-arrow\"]"}
COMMAND: POST /session/fe219389c4a652ed804fe0697356972e/element/f.AE569C338F7BE8C487FB69BDD94B5641.d.9F0F1D530B5957C853DB619AFA121CBB.e.13518/click - {}
RESULT: {}
COMMAND: POST /session/fe219389c4a652ed804fe0697356972e/element - {"using":"xpath","value":"//span[contains(text(), \"Cost Center\")]"}
COMMAND: GET /session/fe219389c4a652ed804fe0697356972e/screenshot - {}
RESULT: {"using":"xpath","value":"//span[contains(text(), \"Cost Center\")]"}
COMMAND: POST /session/fe219389c4a652ed804fe0697356972e/element/f.AE569C338F7BE8C487FB69BDD94B5641.d.9F0F1D530B5957C853DB619AFA121CBB.e.13519/click - {}
RESULT: {}
RESULT: {}
COMMAND: GET /session/fe219389c4a652ed804fe0697356972e/screenshot - {}
RESULT: {}
COMMAND: POST /session/fe219389c4a652ed804fe0697356972e/element - {"using":"xpath","value":"//span[@id=\"application-managesites-display-component---NewSite--addressNewCostObjectCstID-vhi\"]"}
RESULT: {"using":"xpath","value":"//span[@id=\"application-managesites-display-component---NewSite--addressNewCostObjectCstID-vhi\"]"}
COMMAND: POST /session/fe219389c4a652ed804fe0697356972e/execute/sync - {"script":"<script> [8489 bytes]","args":[{"element-6066-11e4-a52e-4f735466cecf":"f.AE569C338F7BE8C487FB69BDD94B5641.d.9F0F1D530B5957C853DB619AFA121CBB.e.13524","ELEMENT":"f.AE569C338F7BE8C487FB69BDD94B5641.d.9F0F1D530B5957C853DB619AFA121CBB.e.13524"}]}
RESULT: {"script":"<script> [8489 bytes]","args":[{"element-6066-11e4-a52e-4f735466cecf":"f.AE569C338F7BE8C487FB69BDD94B5641.d.9F0F1D530B5957C853DB619AFA121CBB.e.13524","ELEMENT":"f.AE569C338F7BE8C487FB69BDD94B5641.d.9F0F1D530B5957C853DB619AFA121CBB.e.13524"}]}
COMMAND: POST /session/fe219389c4a652ed804fe0697356972e/execute/async - {"script":"<script> [1562 bytes]","args":[{"selector":{"id":"application-managesites-display-component---NewSite--addressNewCostObjectCstID-vhi"},"wdio_ui5_key":"applicationmanagesites-display-component---NewSite--addressNewCostObjectCstID-vhi"}]}
COMMAND: GET /session/fe219389c4a652ed804fe0697356972e/screenshot - {}
RESULT: {"script":"<script> [1562 bytes]","args":[{"selector":{"id":"application-managesites-display-component---NewSite--addressNewCostObjectCstID-vhi"},"wdio_ui5_key":"applicationmanagesites-display-component---NewSite--addressNewCostObjectCstID-vhi"}]}
RESULT: undefined
COMMAND: POST /session/fe219389c4a652ed804fe0697356972e/element - {"using":"xpath","value":"//*[@id=\"application-managesites-display-component---NewSite--addressNewCostObjectCstID-vhi\"]"}
RESULT: {}
RESULT: {"using":"xpath","value":"//*[@id=\"application-managesites-display-component---NewSite--addressNewCostObjectCstID-vhi\"]"}
COMMAND: POST /session/fe219389c4a652ed804fe0697356972e/element/f.AE569C338F7BE8C487FB69BDD94B5641.d.9F0F1D530B5957C853DB619AFA121CBB.e.13524/click - {}
RESULT: {}
COMMAND: GET /session/fe219389c4a652ed804fe0697356972e/screenshot - {}
RESULT: {}
RESULT: undefined
COMMAND: POST /session/fe219389c4a652ed804fe0697356972e/execute/async - {"script":"<script> [776 bytes]","args":[{"enterText":"10001013","selector":{"controlType":"sap.m.SearchField","properties":{"placeholder":"Search"},"searchOpenDialogs":true,"interaction":{"idSuffix":"I"}},"clearTextFirst":true,"interactionType":"ENTER_TEXT"}]}
RESULT: {"script":"<script> [776 bytes]","args":[{"enterText":"10001013","selector":{"controlType":"sap.m.SearchField","properties":{"placeholder":"Search"},"searchOpenDialogs":true,"interaction":{"idSuffix":"I"}},"clearTextFirst":true,"interactionType":"ENTER_TEXT"}]}
COMMAND: POST /session/fe219389c4a652ed804fe0697356972e/actions - {"actions":[{"id":"action41","type":"key","parameters":{},"actions":[{"type":"keyDown","value":""},{"type":"pause","duration":10},{"type":"keyUp","value":""}]}]}
RESULT: {"actions":[{"id":"action41","type":"key","parameters":{},"actions":[{"type":"keyDown","value":""},{"type":"pause","duration":10},{"type":"keyUp","value":""}]}]}
COMMAND: GET /session/fe219389c4a652ed804fe0697356972e/screenshot - {}
RESULT: {}
COMMAND: POST /session/fe219389c4a652ed804fe0697356972e/element - {"using":"xpath","value":"//span[contains(text(), \"General Management\")]"}
RESULT: {"using":"xpath","value":"//span[contains(text(), \"General Management\")]"}
COMMAND: POST /session/fe219389c4a652ed804fe0697356972e/element/f.AE569C338F7BE8C487FB69BDD94B5641.d.9F0F1D530B5957C853DB619AFA121CBB.e.13564/click - {}
RESULT: {}
COMMAND: GET /session/fe219389c4a652ed804fe0697356972e/screenshot - {}
RESULT: {}
COMMAND: POST /session/fe219389c4a652ed804fe0697356972e/element - {"using":"xpath","value":"//bdi[contains(text(), \"OK\")]"}
RESULT: {"using":"xpath","value":"//bdi[contains(text(), \"OK\")]"}
COMMAND: POST /session/fe219389c4a652ed804fe0697356972e/element/f.AE569C338F7BE8C487FB69BDD94B5641.d.9F0F1D530B5957C853DB619AFA121CBB.e.13565/click - {}
RESULT: {}
COMMAND: GET /session/fe219389c4a652ed804fe0697356972e/screenshot - {}
RESULT: {}
COMMAND: POST /session/fe219389c4a652ed804fe0697356972e/element - {"using":"xpath","value":"//input[@id=\"application-managesites-display-component---NewSite--addressDetailDetailsCalendar-inner\"]"}
RESULT: {"using":"xpath","value":"//input[@id=\"application-managesites-display-component---NewSite--addressDetailDetailsCalendar-inner\"]"}
COMMAND: POST /session/fe219389c4a652ed804fe0697356972e/element/f.AE569C338F7BE8C487FB69BDD94B5641.d.9F0F1D530B5957C853DB619AFA121CBB.e.13311/clear - {}
RESULT: {}
COMMAND: POST /session/fe219389c4a652ed804fe0697356972e/element/f.AE569C338F7BE8C487FB69BDD94B5641.d.9F0F1D530B5957C853DB619AFA121CBB.e.13311/value - {"text":"Unit"}
COMMAND: GET /session/fe219389c4a652ed804fe0697356972e/screenshot - {}
RESULT: {"text":"Unit"}
COMMAND: GET /session/fe219389c4a652ed804fe0697356972e/screenshot - {}
RESULT: {}
RESULT: {}
COMMAND: POST /session/fe219389c4a652ed804fe0697356972e/actions - {"actions":[{"id":"action42","type":"key","parameters":{},"actions":[{"type":"keyDown","value":""},{"type":"pause","duration":10},{"type":"keyUp","value":""}]}]}
RESULT: {"actions":[{"id":"action42","type":"key","parameters":{},"actions":[{"type":"keyDown","value":""},{"type":"pause","duration":10},{"type":"keyUp","value":""}]}]}
COMMAND: POST /session/fe219389c4a652ed804fe0697356972e/element - {"using":"xpath","value":"//input[@id=\"application-managesites-display-component---NewSite--addressDetailDetailsYard-inner\"]"}
COMMAND: GET /session/fe219389c4a652ed804fe0697356972e/screenshot - {}
RESULT: {"using":"xpath","value":"//input[@id=\"application-managesites-display-component---NewSite--addressDetailDetailsYard-inner\"]"}
COMMAND: POST /session/fe219389c4a652ed804fe0697356972e/element/f.AE569C338F7BE8C487FB69BDD94B5641.d.9F0F1D530B5957C853DB619AFA121CBB.e.13312/clear - {}
RESULT: {}
RESULT: {}
COMMAND: POST /session/fe219389c4a652ed804fe0697356972e/element/f.AE569C338F7BE8C487FB69BDD94B5641.d.9F0F1D530B5957C853DB619AFA121CBB.e.13312/value - {"text":"467"}
COMMAND: GET /session/fe219389c4a652ed804fe0697356972e/screenshot - {}
RESULT: {"text":"467"}
COMMAND: GET /session/fe219389c4a652ed804fe0697356972e/screenshot - {}
RESULT: {}
RESULT: {}
COMMAND: POST /session/fe219389c4a652ed804fe0697356972e/element - {"using":"xpath","value":"//li[.//span[text()='467']]"}
RESULT: {"using":"xpath","value":"//li[.//span[text()='467']]"}
COMMAND: POST /session/fe219389c4a652ed804fe0697356972e/element/f.AE569C338F7BE8C487FB69BDD94B5641.d.9F0F1D530B5957C853DB619AFA121CBB.e.13573/click - {}
RESULT: {}
COMMAND: GET /session/fe219389c4a652ed804fe0697356972e/screenshot - {}
RESULT: {}
COMMAND: POST /session/fe219389c4a652ed804fe0697356972e/element - {"using":"xpath","value":"//input[@id=\"application-managesites-display-component---NewSite--addressDetailDetailsPartner-inner\"]"}
RESULT: {"using":"xpath","value":"//input[@id=\"application-managesites-display-component---NewSite--addressDetailDetailsPartner-inner\"]"}
COMMAND: POST /session/fe219389c4a652ed804fe0697356972e/element - {"using":"xpath","value":"//input[@id=\"application-managesites-display-component---NewSite--addressDetailDetailsPartner-inner\"]"}
RESULT: {"using":"xpath","value":"//input[@id=\"application-managesites-display-component---NewSite--addressDetailDetailsPartner-inner\"]"}
COMMAND: POST /session/fe219389c4a652ed804fe0697356972e/element - {"using":"xpath","value":"//button[@data-kt=\"saveButton\"]"}
RESULT: {"using":"xpath","value":"//button[@data-kt=\"saveButton\"]"}
COMMAND: POST /session/fe219389c4a652ed804fe0697356972e/element/f.AE569C338F7BE8C487FB69BDD94B5641.d.9F0F1D530B5957C853DB619AFA121CBB.e.13464/click - {}
RESULT: {}
COMMAND: GET /session/fe219389c4a652ed804fe0697356972e/screenshot - {}
RESULT: {}
COMMAND: POST /session/fe219389c4a652ed804fe0697356972e/element - {"using":"xpath","value":"//header[contains(@id, 'ObjectPageLayout-headerTitle')]/div[1]/div[2]/div[2]/span[1]"}
RESULT: {"using":"xpath","value":"//header[contains(@id, 'ObjectPageLayout-headerTitle')]/div[1]/div[2]/div[2]/span[1]"}
COMMAND: POST /session/fe219389c4a652ed804fe0697356972e/elements - {"using":"xpath","value":"//header[contains(@id, 'ObjectPageLayout-headerTitle')]/div[1]/div[2]/div[2]/span[1]"}
RESULT: {"using":"xpath","value":"//header[contains(@id, 'ObjectPageLayout-headerTitle')]/div[1]/div[2]/div[2]/span[1]"}
COMMAND: POST /session/fe219389c4a652ed804fe0697356972e/execute/sync - {"script":"<script> [56 bytes]","args":[{"element-6066-11e4-a52e-4f735466cecf":"f.AE569C338F7BE8C487FB69BDD94B5641.d.9F0F1D530B5957C853DB619AFA121CBB.e.13777","ELEMENT":"f.AE569C338F7BE8C487FB69BDD94B5641.d.9F0F1D530B5957C853DB619AFA121CBB.e.13777"}]}
RESULT: {"script":"<script> [56 bytes]","args":[{"element-6066-11e4-a52e-4f735466cecf":"f.AE569C338F7BE8C487FB69BDD94B5641.d.9F0F1D530B5957C853DB619AFA121CBB.e.13777","ELEMENT":"f.AE569C338F7BE8C487FB69BDD94B5641.d.9F0F1D530B5957C853DB619AFA121CBB.e.13777"}]}
COMMAND: POST /session/fe219389c4a652ed804fe0697356972e/element - {"using":"css selector","value":"#shell-header-logo"}
COMMAND: GET /session/fe219389c4a652ed804fe0697356972e/screenshot - {}
RESULT: {"using":"css selector","value":"#shell-header-logo"}
COMMAND: POST /session/fe219389c4a652ed804fe0697356972e/element/f.AE569C338F7BE8C487FB69BDD94B5641.d.9F0F1D530B5957C853DB619AFA121CBB.e.12842/click - {}
RESULT: {}
RESULT: {}
COMMAND: GET /session/fe219389c4a652ed804fe0697356972e/screenshot - {}
RESULT: {}
COMMAND: POST /session/fe219389c4a652ed804fe0697356972e/execute/sync - {"script":"<script> [299 bytes]","args":[["getModel","getResource"]]}
RESULT: {"script":"<script> [299 bytes]","args":[["getModel","getResource"]]}
COMMAND: POST /session/fe219389c4a652ed804fe0697356972e/actions - {"actions":[{"id":"action43","type":"key","parameters":{},"actions":[{"type":"keyDown","value":""},{"type":"pause","duration":10},{"type":"keyUp","value":""}]}]}
COMMAND: GET /session/fe219389c4a652ed804fe0697356972e/screenshot - {}
RESULT: {"actions":[{"id":"action43","type":"key","parameters":{},"actions":[{"type":"keyDown","value":""},{"type":"pause","duration":10},{"type":"keyUp","value":""}]}]}
COMMAND: GET /session/fe219389c4a652ed804fe0697356972e/screenshot - {}
RESULT: {}
RESULT: {}
COMMAND: POST /session/fe219389c4a652ed804fe0697356972e/refresh - {}
RESULT: {}
COMMAND: GET /session/fe219389c4a652ed804fe0697356972e/screenshot - {}
RESULT: {}
COMMAND: POST /session/fe219389c4a652ed804fe0697356972e/refresh - {}
RESULT: {}
COMMAND: GET /session/fe219389c4a652ed804fe0697356972e/screenshot - {}
RESULT: {}
COMMAND: POST /session/fe219389c4a652ed804fe0697356972e/window/fullscreen - {}
RESULT: {}
COMMAND: POST /session/fe219389c4a652ed804fe0697356972e/execute/async - {"script":"<script> [189 bytes]","args":[]}
RESULT: {"script":"<script> [189 bytes]","args":[]}
COMMAND: POST /session/fe219389c4a652ed804fe0697356972e/execute/async - {"script":"<script> [123 bytes]","args":[]}
RESULT: {"script":"<script> [123 bytes]","args":[]}
COMMAND: POST /session/fe219389c4a652ed804fe0697356972e/timeouts - {"script":"<number>"}
RESULT: {"script":"<number>"}
COMMAND: GET /session/fe219389c4a652ed804fe0697356972e/timeouts - {}
RESULT: {}
RESULT: undefined
COMMAND: POST /session/fe219389c4a652ed804fe0697356972e/execute/async - {"script":"<script> [2676 bytes]","args":[]}
RESULT: {"script":"<script> [2676 bytes]","args":[]}
COMMAND: POST /session/fe219389c4a652ed804fe0697356972e/execute/async - {"script":"<script> [2342 bytes]","args":[{"protocol":"http","hostname":"0.0.0.0","path":"/","capabilities":{"browserName":"chrome","goog:chromeOptions":{"binary":"C:\\Program Files\\Google\\Chrome\\Application\\chrome.exe","args":["--start-maximized"]}},"logLevel":"warn","connectionRetryTimeout":120000,"connectionRetryCount":3,"logLevels":{},"enableDirectConnect":true,"strictSSL":true,"_":"65 more keys: [\"cacheDir\",\"port\",\"requestedCapabilities\",\"automationProtocol\",\"baseUrl\",\"waitforInterval\",\"waitforTimeout\",\"onReload\",\"beforeCommand\",\"afterCommand\",\"rootDir\",\"specs\",\"suites\",\"exclude\",\"groupLogsByTestSpec\",\"excludeDriverLogs\",\"bail\",\"framework\",\"reporters\",\"services\",\"maxInstances\",\"maxInstancesPerCapability\",\"injectGlobals\",\"filesToWatch\",\"execArgv\",\"runnerEnv\",\"runner\",\"shard\",\"specFileRetries\",\"specFileRetriesDelay\",\"specFileRetriesDeferred\",\"reporterSyncInterval\",\"reporterSyncTimeout\",\"cucumberFeaturesWithLineNumbers\",\"autoCompileOpts\",\"mochaOpts\",\"jasmineOpts\",\"cucumberOpts\",\"onPrepare\",\"onWorkerStart\",\"onWorkerEnd\",\"before\",\"beforeSession\",\"beforeSuite\",\"beforeHook\",\"beforeTest\",\"afterTest\",\"afterHook\",\"afterSuite\",\"afterSession\",\"after\",\"onComplete\",\"beforeAssertion\",\"afterAssertion\",\"beforeFeature\",\"beforeScenario\",\"beforeStep\",\"afterStep\",\"afterScenario\",\"afterFeature\",\"_\",\"suite\",\"$0\",\"ignoredWorkerServices\",\"wdi5\"]"}]}
RESULT: {"script":"<script> [2342 bytes]","args":[{"protocol":"http","hostname":"0.0.0.0","path":"/","capabilities":{"browserName":"chrome","goog:chromeOptions":{"binary":"C:\\Program Files\\Google\\Chrome\\Application\\chrome.exe","args":["--start-maximized"]}},"logLevel":"warn","connectionRetryTimeout":120000,"connectionRetryCount":3,"logLevels":{},"enableDirectConnect":true,"strictSSL":true,"_":"65 more keys: [\"cacheDir\",\"port\",\"requestedCapabilities\",\"automationProtocol\",\"baseUrl\",\"waitforInterval\",\"waitforTimeout\",\"onReload\",\"beforeCommand\",\"afterCommand\",\"rootDir\",\"specs\",\"suites\",\"exclude\",\"groupLogsByTestSpec\",\"excludeDriverLogs\",\"bail\",\"framework\",\"reporters\",\"services\",\"maxInstances\",\"maxInstancesPerCapability\",\"injectGlobals\",\"filesToWatch\",\"execArgv\",\"runnerEnv\",\"runner\",\"shard\",\"specFileRetries\",\"specFileRetriesDelay\",\"specFileRetriesDeferred\",\"reporterSyncInterval\",\"reporterSyncTimeout\",\"cucumberFeaturesWithLineNumbers\",\"autoCompileOpts\",\"mochaOpts\",\"jasmineOpts\",\"cucumberOpts\",\"onPrepare\",\"onWorkerStart\",\"onWorkerEnd\",\"before\",\"beforeSession\",\"beforeSuite\",\"beforeHook\",\"beforeTest\",\"afterTest\",\"afterHook\",\"afterSuite\",\"afterSession\",\"after\",\"onComplete\",\"beforeAssertion\",\"afterAssertion\",\"beforeFeature\",\"beforeScenario\",\"beforeStep\",\"afterStep\",\"afterScenario\",\"afterFeature\",\"_\",\"suite\",\"$0\",\"ignoredWorkerServices\",\"wdi5\"]"}]}
COMMAND: POST /session/fe219389c4a652ed804fe0697356972e/execute/async - {"script":"<script> [21126 bytes]","args":[35000]}
RESULT: {"script":"<script> [21126 bytes]","args":[35000]}
COMMAND: POST /session/fe219389c4a652ed804fe0697356972e/window/fullscreen - {}
RESULT: {}
]]></system-out>
    </testcase>
    <testcase classname="chrome.136_0_7103_93.windows.Provide_to_Site_w/o_warehouse_management_w/_clarification_US116605" name="Should create a new material" time="116.588">
      <system-out><![CDATA[
COMMAND: POST /session/fe219389c4a652ed804fe0697356972e/execute/async - {"script":"<script> [1562 bytes]","args":[{"selector":{"controlType":"sap.m.GenericTile","properties":{"header":"Manage Resources"}},"wdio_ui5_key":"sapm.GenericTile{\"header\":\"Manage Resources\"}"}]}
RESULT: {"script":"<script> [1562 bytes]","args":[{"selector":{"controlType":"sap.m.GenericTile","properties":{"header":"Manage Resources"}},"wdio_ui5_key":"sapm.GenericTile{\"header\":\"Manage Resources\"}"}]}
RESULT: undefined
COMMAND: POST /session/fe219389c4a652ed804fe0697356972e/element - {"using":"xpath","value":"//*[@id=\"__tile31\"]"}
RESULT: {"using":"xpath","value":"//*[@id=\"__tile31\"]"}
COMMAND: POST /session/fe219389c4a652ed804fe0697356972e/element/f.AE569C338F7BE8C487FB69BDD94B5641.d.E89F391547A221D8658F9BF4964520A8.e.13852/click - {}
RESULT: {}
COMMAND: GET /session/fe219389c4a652ed804fe0697356972e/screenshot - {}
RESULT: {}
COMMAND: POST /session/fe219389c4a652ed804fe0697356972e/elements - {"using":"xpath","value":"//span[text()='Error']"}
RESULT: {"using":"xpath","value":"//span[text()='Error']"}
COMMAND: POST /session/fe219389c4a652ed804fe0697356972e/element - {"using":"xpath","value":"//button[@data-kt=\"addNewRUOverflowToolbarButton\"]"}
RESULT: {"using":"xpath","value":"//button[@data-kt=\"addNewRUOverflowToolbarButton\"]"}
COMMAND: POST /session/fe219389c4a652ed804fe0697356972e/elements - {"using":"xpath","value":"//button[@data-kt=\"addNewRUOverflowToolbarButton\"]"}
RESULT: {"using":"xpath","value":"//button[@data-kt=\"addNewRUOverflowToolbarButton\"]"}
COMMAND: POST /session/fe219389c4a652ed804fe0697356972e/execute/sync - {"script":"<script> [8489 bytes]","args":[{"element-6066-11e4-a52e-4f735466cecf":"f.AE569C338F7BE8C487FB69BDD94B5641.d.E89F391547A221D8658F9BF4964520A8.e.13959","ELEMENT":"f.AE569C338F7BE8C487FB69BDD94B5641.d.E89F391547A221D8658F9BF4964520A8.e.13959"}]}
RESULT: {"script":"<script> [8489 bytes]","args":[{"element-6066-11e4-a52e-4f735466cecf":"f.AE569C338F7BE8C487FB69BDD94B5641.d.E89F391547A221D8658F9BF4964520A8.e.13959","ELEMENT":"f.AE569C338F7BE8C487FB69BDD94B5641.d.E89F391547A221D8658F9BF4964520A8.e.13959"}]}
COMMAND: GET /session/fe219389c4a652ed804fe0697356972e/element/f.AE569C338F7BE8C487FB69BDD94B5641.d.E89F391547A221D8658F9BF4964520A8.e.13959/enabled - {}
COMMAND: GET /session/fe219389c4a652ed804fe0697356972e/screenshot - {}
RESULT: {}
COMMAND: POST /session/fe219389c4a652ed804fe0697356972e/execute/sync - {"script":"<script> [8489 bytes]","args":[{"element-6066-11e4-a52e-4f735466cecf":"f.AE569C338F7BE8C487FB69BDD94B5641.d.E89F391547A221D8658F9BF4964520A8.e.13959","ELEMENT":"f.AE569C338F7BE8C487FB69BDD94B5641.d.E89F391547A221D8658F9BF4964520A8.e.13959"}]}
COMMAND: GET /session/fe219389c4a652ed804fe0697356972e/screenshot - {}
RESULT: {}
RESULT: {"script":"<script> [8489 bytes]","args":[{"element-6066-11e4-a52e-4f735466cecf":"f.AE569C338F7BE8C487FB69BDD94B5641.d.E89F391547A221D8658F9BF4964520A8.e.13959","ELEMENT":"f.AE569C338F7BE8C487FB69BDD94B5641.d.E89F391547A221D8658F9BF4964520A8.e.13959"}]}
COMMAND: POST /session/fe219389c4a652ed804fe0697356972e/execute/sync - {"script":"<script> [5351 bytes]","args":[{"element-6066-11e4-a52e-4f735466cecf":"f.AE569C338F7BE8C487FB69BDD94B5641.d.E89F391547A221D8658F9BF4964520A8.e.13959","ELEMENT":"f.AE569C338F7BE8C487FB69BDD94B5641.d.E89F391547A221D8658F9BF4964520A8.e.13959"}]}
COMMAND: GET /session/fe219389c4a652ed804fe0697356972e/screenshot - {}
RESULT: {}
RESULT: {"script":"<script> [5351 bytes]","args":[{"element-6066-11e4-a52e-4f735466cecf":"f.AE569C338F7BE8C487FB69BDD94B5641.d.E89F391547A221D8658F9BF4964520A8.e.13959","ELEMENT":"f.AE569C338F7BE8C487FB69BDD94B5641.d.E89F391547A221D8658F9BF4964520A8.e.13959"}]}
COMMAND: POST /session/fe219389c4a652ed804fe0697356972e/element/f.AE569C338F7BE8C487FB69BDD94B5641.d.E89F391547A221D8658F9BF4964520A8.e.13959/click - {}
COMMAND: GET /session/fe219389c4a652ed804fe0697356972e/screenshot - {}
RESULT: {}
RESULT: {}
COMMAND: GET /session/fe219389c4a652ed804fe0697356972e/screenshot - {}
RESULT: {}
RESULT: {}
COMMAND: POST /session/fe219389c4a652ed804fe0697356972e/execute/async - {"script":"<script> [1562 bytes]","args":[{"selector":{"id":"application-manageresources-display-component---newResourceUnit--TYPE-arrow"},"wdio_ui5_key":"applicationmanageresources-display-component---newResourceUnit--TYPE-arrow"}]}
RESULT: {"script":"<script> [1562 bytes]","args":[{"selector":{"id":"application-manageresources-display-component---newResourceUnit--TYPE-arrow"},"wdio_ui5_key":"applicationmanageresources-display-component---newResourceUnit--TYPE-arrow"}]}
RESULT: undefined
COMMAND: POST /session/fe219389c4a652ed804fe0697356972e/element - {"using":"xpath","value":"//*[@id=\"application-manageresources-display-component---newResourceUnit--TYPE-arrow\"]"}
RESULT: {"using":"xpath","value":"//*[@id=\"application-manageresources-display-component---newResourceUnit--TYPE-arrow\"]"}
COMMAND: POST /session/fe219389c4a652ed804fe0697356972e/element/f.AE569C338F7BE8C487FB69BDD94B5641.d.E89F391547A221D8658F9BF4964520A8.e.14327/click - {}
RESULT: {}
COMMAND: POST /session/fe219389c4a652ed804fe0697356972e/element - {"using":"xpath","value":"//input[@id=\"application-manageresources-display-component---newResourceUnit--TYPE-inner\"]"}
COMMAND: GET /session/fe219389c4a652ed804fe0697356972e/screenshot - {}
RESULT: {"using":"xpath","value":"//input[@id=\"application-manageresources-display-component---newResourceUnit--TYPE-inner\"]"}
COMMAND: POST /session/fe219389c4a652ed804fe0697356972e/element/f.AE569C338F7BE8C487FB69BDD94B5641.d.E89F391547A221D8658F9BF4964520A8.e.14309/clear - {}
RESULT: {}
RESULT: {}
COMMAND: POST /session/fe219389c4a652ed804fe0697356972e/element/f.AE569C338F7BE8C487FB69BDD94B5641.d.E89F391547A221D8658F9BF4964520A8.e.14309/value - {"text":"Material"}
COMMAND: GET /session/fe219389c4a652ed804fe0697356972e/screenshot - {}
RESULT: {"text":"Material"}
COMMAND: GET /session/fe219389c4a652ed804fe0697356972e/screenshot - {}
RESULT: {}
RESULT: {}
COMMAND: POST /session/fe219389c4a652ed804fe0697356972e/actions - {"actions":[{"id":"action44","type":"key","parameters":{},"actions":[{"type":"keyDown","value":""},{"type":"pause","duration":10},{"type":"keyUp","value":""}]}]}
RESULT: {"actions":[{"id":"action44","type":"key","parameters":{},"actions":[{"type":"keyDown","value":""},{"type":"pause","duration":10},{"type":"keyUp","value":""}]}]}
COMMAND: POST /session/fe219389c4a652ed804fe0697356972e/execute/async - {"script":"<script> [1562 bytes]","args":[{"selector":{"id":"application-manageresources-display-component---newResourceUnit--SHORT_TEXT","interaction":{"idSuffix":"inner"}},"wdio_ui5_key":"applicationmanageresources-display-component---newResourceUnit--SHORT_TEXT"}]}
COMMAND: GET /session/fe219389c4a652ed804fe0697356972e/screenshot - {}
RESULT: {"script":"<script> [1562 bytes]","args":[{"selector":{"id":"application-manageresources-display-component---newResourceUnit--SHORT_TEXT","interaction":{"idSuffix":"inner"}},"wdio_ui5_key":"applicationmanageresources-display-component---newResourceUnit--SHORT_TEXT"}]}
RESULT: undefined
COMMAND: POST /session/fe219389c4a652ed804fe0697356972e/execute/async - {"script":"<script> [776 bytes]","args":[{"enterText":"Cement WDIO","selector":{"id":"application-manageresources-display-component---newResourceUnit--SHORT_TEXT","interaction":{"idSuffix":"inner"}},"clearTextFirst":true,"interactionType":"ENTER_TEXT"}]}
RESULT: {}
RESULT: {"script":"<script> [776 bytes]","args":[{"enterText":"Cement WDIO","selector":{"id":"application-manageresources-display-component---newResourceUnit--SHORT_TEXT","interaction":{"idSuffix":"inner"}},"clearTextFirst":true,"interactionType":"ENTER_TEXT"}]}
COMMAND: POST /session/fe219389c4a652ed804fe0697356972e/execute/async - {"script":"<script> [1562 bytes]","args":[{"selector":{"id":"application-manageresources-display-component---newResourceUnit--BASE_UNIT_OF_MEASURE","interaction":{"idSuffix":"inner"}},"wdio_ui5_key":"applicationmanageresources-display-component---newResourceUnit--BASE_UNIT_OF_MEASURE"}]}
RESULT: {"script":"<script> [1562 bytes]","args":[{"selector":{"id":"application-manageresources-display-component---newResourceUnit--BASE_UNIT_OF_MEASURE","interaction":{"idSuffix":"inner"}},"wdio_ui5_key":"applicationmanageresources-display-component---newResourceUnit--BASE_UNIT_OF_MEASURE"}]}
RESULT: undefined
COMMAND: POST /session/fe219389c4a652ed804fe0697356972e/execute/async - {"script":"<script> [776 bytes]","args":[{"enterText":"Piece","selector":{"id":"application-manageresources-display-component---newResourceUnit--BASE_UNIT_OF_MEASURE","interaction":{"idSuffix":"inner"}},"clearTextFirst":true,"interactionType":"ENTER_TEXT"}]}
RESULT: {"script":"<script> [776 bytes]","args":[{"enterText":"Piece","selector":{"id":"application-manageresources-display-component---newResourceUnit--BASE_UNIT_OF_MEASURE","interaction":{"idSuffix":"inner"}},"clearTextFirst":true,"interactionType":"ENTER_TEXT"}]}
COMMAND: POST /session/fe219389c4a652ed804fe0697356972e/execute/async - {"script":"<script> [1562 bytes]","args":[{"selector":{"id":"application-manageresources-display-component---newResourceUnit--WEIGHT_UNIT","interaction":{"idSuffix":"inner"}},"wdio_ui5_key":"applicationmanageresources-display-component---newResourceUnit--WEIGHT_UNIT"}]}
RESULT: {"script":"<script> [1562 bytes]","args":[{"selector":{"id":"application-manageresources-display-component---newResourceUnit--WEIGHT_UNIT","interaction":{"idSuffix":"inner"}},"wdio_ui5_key":"applicationmanageresources-display-component---newResourceUnit--WEIGHT_UNIT"}]}
RESULT: undefined
COMMAND: POST /session/fe219389c4a652ed804fe0697356972e/execute/async - {"script":"<script> [776 bytes]","args":[{"enterText":"Gram","selector":{"id":"application-manageresources-display-component---newResourceUnit--WEIGHT_UNIT","interaction":{"idSuffix":"inner"}},"clearTextFirst":true,"interactionType":"ENTER_TEXT"}]}
RESULT: {"script":"<script> [776 bytes]","args":[{"enterText":"Gram","selector":{"id":"application-manageresources-display-component---newResourceUnit--WEIGHT_UNIT","interaction":{"idSuffix":"inner"}},"clearTextFirst":true,"interactionType":"ENTER_TEXT"}]}
COMMAND: POST /session/fe219389c4a652ed804fe0697356972e/execute/async - {"script":"<script> [1562 bytes]","args":[{"selector":{"id":"application-manageresources-display-component---newResourceUnit--DIMENSION_UNIT","interaction":{"idSuffix":"inner"}},"wdio_ui5_key":"applicationmanageresources-display-component---newResourceUnit--DIMENSION_UNIT"}]}
RESULT: {"script":"<script> [1562 bytes]","args":[{"selector":{"id":"application-manageresources-display-component---newResourceUnit--DIMENSION_UNIT","interaction":{"idSuffix":"inner"}},"wdio_ui5_key":"applicationmanageresources-display-component---newResourceUnit--DIMENSION_UNIT"}]}
RESULT: undefined
COMMAND: POST /session/fe219389c4a652ed804fe0697356972e/execute/async - {"script":"<script> [776 bytes]","args":[{"enterText":"Meter","selector":{"id":"application-manageresources-display-component---newResourceUnit--DIMENSION_UNIT","interaction":{"idSuffix":"inner"}},"clearTextFirst":true,"interactionType":"ENTER_TEXT"}]}
RESULT: {"script":"<script> [776 bytes]","args":[{"enterText":"Meter","selector":{"id":"application-manageresources-display-component---newResourceUnit--DIMENSION_UNIT","interaction":{"idSuffix":"inner"}},"clearTextFirst":true,"interactionType":"ENTER_TEXT"}]}
COMMAND: POST /session/fe219389c4a652ed804fe0697356972e/execute/async - {"script":"<script> [1562 bytes]","args":[{"selector":{"id":"application-manageresources-display-component---newResourceUnit--newRRUPage-anchBar-application-manageresources-display-component---newResourceUnit--control-anchor","interaction":{"idSuffix":"BDI-content"}},"wdio_ui5_key":"applicationmanageresources-display-component---newResourceUnit--newRRUPage-anchBar-application-manageresources-display-component---newResourceUnit--control-anchor"}]}
RESULT: {"script":"<script> [1562 bytes]","args":[{"selector":{"id":"application-manageresources-display-component---newResourceUnit--newRRUPage-anchBar-application-manageresources-display-component---newResourceUnit--control-anchor","interaction":{"idSuffix":"BDI-content"}},"wdio_ui5_key":"applicationmanageresources-display-component---newResourceUnit--newRRUPage-anchBar-application-manageresources-display-component---newResourceUnit--control-anchor"}]}
RESULT: undefined
COMMAND: POST /session/fe219389c4a652ed804fe0697356972e/element - {"using":"xpath","value":"//*[@id=\"application-manageresources-display-component---newResourceUnit--newRRUPage-anchBar-application-manageresources-display-component---newResourceUnit--control-anchor\"]"}
RESULT: {"using":"xpath","value":"//*[@id=\"application-manageresources-display-component---newResourceUnit--newRRUPage-anchBar-application-manageresources-display-component---newResourceUnit--control-anchor\"]"}
COMMAND: POST /session/fe219389c4a652ed804fe0697356972e/element/f.AE569C338F7BE8C487FB69BDD94B5641.d.E89F391547A221D8658F9BF4964520A8.e.14460/click - {}
RESULT: {}
COMMAND: POST /session/fe219389c4a652ed804fe0697356972e/execute/async - {"script":"<script> [1562 bytes]","args":[{"selector":{"id":"application-manageresources-display-component---newResourceUnit--PLANNING_GROUP","interaction":{"idSuffix":"inner"}},"wdio_ui5_key":"applicationmanageresources-display-component---newResourceUnit--PLANNING_GROUP"}]}
COMMAND: GET /session/fe219389c4a652ed804fe0697356972e/screenshot - {}
RESULT: {"script":"<script> [1562 bytes]","args":[{"selector":{"id":"application-manageresources-display-component---newResourceUnit--PLANNING_GROUP","interaction":{"idSuffix":"inner"}},"wdio_ui5_key":"applicationmanageresources-display-component---newResourceUnit--PLANNING_GROUP"}]}
RESULT: undefined
COMMAND: POST /session/fe219389c4a652ed804fe0697356972e/execute/async - {"script":"<script> [776 bytes]","args":[{"enterText":"Material","selector":{"id":"application-manageresources-display-component---newResourceUnit--PLANNING_GROUP","interaction":{"idSuffix":"inner"}},"clearTextFirst":true,"interactionType":"ENTER_TEXT"}]}
RESULT: {}
RESULT: {"script":"<script> [776 bytes]","args":[{"enterText":"Material","selector":{"id":"application-manageresources-display-component---newResourceUnit--PLANNING_GROUP","interaction":{"idSuffix":"inner"}},"clearTextFirst":true,"interactionType":"ENTER_TEXT"}]}
COMMAND: POST /session/fe219389c4a652ed804fe0697356972e/execute/async - {"script":"<script> [1562 bytes]","args":[{"selector":{"id":"application-manageresources-display-component---newResourceUnit--PLANNING_INDICATOR","interaction":{"idSuffix":"inner"}},"wdio_ui5_key":"applicationmanageresources-display-component---newResourceUnit--PLANNING_INDICATOR"}]}
RESULT: {"script":"<script> [1562 bytes]","args":[{"selector":{"id":"application-manageresources-display-component---newResourceUnit--PLANNING_INDICATOR","interaction":{"idSuffix":"inner"}},"wdio_ui5_key":"applicationmanageresources-display-component---newResourceUnit--PLANNING_INDICATOR"}]}
RESULT: undefined
COMMAND: POST /session/fe219389c4a652ed804fe0697356972e/execute/async - {"script":"<script> [776 bytes]","args":[{"enterText":"10 - infinite","selector":{"id":"application-manageresources-display-component---newResourceUnit--PLANNING_INDICATOR","interaction":{"idSuffix":"inner"}},"clearTextFirst":true,"interactionType":"ENTER_TEXT"}]}
RESULT: {"script":"<script> [776 bytes]","args":[{"enterText":"10 - infinite","selector":{"id":"application-manageresources-display-component---newResourceUnit--PLANNING_INDICATOR","interaction":{"idSuffix":"inner"}},"clearTextFirst":true,"interactionType":"ENTER_TEXT"}]}
COMMAND: POST /session/fe219389c4a652ed804fe0697356972e/element - {"using":"css selector","value":"#application-manageresources-display-component---newResourceUnit--btnAddTimeSegment"}
RESULT: {"using":"css selector","value":"#application-manageresources-display-component---newResourceUnit--btnAddTimeSegment"}
COMMAND: GET /session/fe219389c4a652ed804fe0697356972e/element/f.AE569C338F7BE8C487FB69BDD94B5641.d.E89F391547A221D8658F9BF4964520A8.e.14470/rect - {}
RESULT: {}
COMMAND: GET /session/fe219389c4a652ed804fe0697356972e/window/rect - {}
RESULT: {}
COMMAND: POST /session/fe219389c4a652ed804fe0697356972e/execute/sync - {"script":"<script> [92 bytes]","args":[]}
RESULT: {"script":"<script> [92 bytes]","args":[]}
COMMAND: POST /session/fe219389c4a652ed804fe0697356972e/actions - {"actions":[{"id":"action45","type":"wheel","parameters":{},"actions":[{"type":"scroll","x":-1888,"y":-32,"deltaX":0,"deltaY":0,"duration":0,"origin":{"element-6066-11e4-a52e-4f735466cecf":"f.AE569C338F7BE8C487FB69BDD94B5641.d.E89F391547A221D8658F9BF4964520A8.e.14470"}}]}]}
COMMAND: GET /session/fe219389c4a652ed804fe0697356972e/screenshot - {}
RESULT: {}
COMMAND: POST /session/fe219389c4a652ed804fe0697356972e/execute/sync - {"script":"<script> [79 bytes]","args":[{"element-6066-11e4-a52e-4f735466cecf":"f.AE569C338F7BE8C487FB69BDD94B5641.d.E89F391547A221D8658F9BF4964520A8.e.14470","ELEMENT":"f.AE569C338F7BE8C487FB69BDD94B5641.d.E89F391547A221D8658F9BF4964520A8.e.14470"},{"block":"start","inline":"nearest"}]}
RESULT: {"script":"<script> [79 bytes]","args":[{"element-6066-11e4-a52e-4f735466cecf":"f.AE569C338F7BE8C487FB69BDD94B5641.d.E89F391547A221D8658F9BF4964520A8.e.14470","ELEMENT":"f.AE569C338F7BE8C487FB69BDD94B5641.d.E89F391547A221D8658F9BF4964520A8.e.14470"},{"block":"start","inline":"nearest"}]}
COMMAND: POST /session/fe219389c4a652ed804fe0697356972e/execute/async - {"script":"<script> [1562 bytes]","args":[{"selector":{"id":"application-manageresources-display-component---newResourceUnit--btnAddTimeSegment","interaction":{"idSuffix":"inner"}},"wdio_ui5_key":"applicationmanageresources-display-component---newResourceUnit--btnAddTimeSegment"}]}
COMMAND: GET /session/fe219389c4a652ed804fe0697356972e/screenshot - {}
RESULT: {"script":"<script> [1562 bytes]","args":[{"selector":{"id":"application-manageresources-display-component---newResourceUnit--btnAddTimeSegment","interaction":{"idSuffix":"inner"}},"wdio_ui5_key":"applicationmanageresources-display-component---newResourceUnit--btnAddTimeSegment"}]}
RESULT: undefined
COMMAND: POST /session/fe219389c4a652ed804fe0697356972e/element - {"using":"xpath","value":"//*[@id=\"application-manageresources-display-component---newResourceUnit--btnAddTimeSegment\"]"}
RESULT: {}
RESULT: {"using":"xpath","value":"//*[@id=\"application-manageresources-display-component---newResourceUnit--btnAddTimeSegment\"]"}
COMMAND: POST /session/fe219389c4a652ed804fe0697356972e/element/f.AE569C338F7BE8C487FB69BDD94B5641.d.E89F391547A221D8658F9BF4964520A8.e.14470/click - {}
RESULT: {}
COMMAND: GET /session/fe219389c4a652ed804fe0697356972e/screenshot - {}
RESULT: {}
COMMAND: POST /session/fe219389c4a652ed804fe0697356972e/element - {"using":"xpath","value":"//input[@id=\"application-manageresources-display-component---newResourceUnit--idRuTSAdmin-application-manageresources-display-component---newResourceUnit--RUTimeSegment-0-inner\"]"}
RESULT: {"using":"xpath","value":"//input[@id=\"application-manageresources-display-component---newResourceUnit--idRuTSAdmin-application-manageresources-display-component---newResourceUnit--RUTimeSegment-0-inner\"]"}
COMMAND: POST /session/fe219389c4a652ed804fe0697356972e/element/f.AE569C338F7BE8C487FB69BDD94B5641.d.E89F391547A221D8658F9BF4964520A8.e.14475/clear - {}
RESULT: {}
COMMAND: POST /session/fe219389c4a652ed804fe0697356972e/element/f.AE569C338F7BE8C487FB69BDD94B5641.d.E89F391547A221D8658F9BF4964520A8.e.14475/value - {"text":"467"}
COMMAND: GET /session/fe219389c4a652ed804fe0697356972e/screenshot - {}
RESULT: {"text":"467"}
COMMAND: GET /session/fe219389c4a652ed804fe0697356972e/screenshot - {}
RESULT: {}
RESULT: {}
COMMAND: POST /session/fe219389c4a652ed804fe0697356972e/element - {"using":"xpath","value":"//li[.//span[text()='467']]"}
RESULT: {"using":"xpath","value":"//li[.//span[text()='467']]"}
COMMAND: POST /session/fe219389c4a652ed804fe0697356972e/element/f.AE569C338F7BE8C487FB69BDD94B5641.d.E89F391547A221D8658F9BF4964520A8.e.14485/click - {}
RESULT: {}
COMMAND: GET /session/fe219389c4a652ed804fe0697356972e/screenshot - {}
RESULT: {}
COMMAND: POST /session/fe219389c4a652ed804fe0697356972e/element - {"using":"xpath","value":"(//span[contains(@id, \"-application-manageresources-display-component---newResourceUnit--RUTimeSegment-0-arrow\")])[2]"}
RESULT: {"using":"xpath","value":"(//span[contains(@id, \"-application-manageresources-display-component---newResourceUnit--RUTimeSegment-0-arrow\")])[2]"}
COMMAND: POST /session/fe219389c4a652ed804fe0697356972e/element/f.AE569C338F7BE8C487FB69BDD94B5641.d.E89F391547A221D8658F9BF4964520A8.e.14486/click - {}
RESULT: {}
COMMAND: POST /session/fe219389c4a652ed804fe0697356972e/element - {"using":"xpath","value":"//span[contains(text(), \"PM Order\")]"}
COMMAND: GET /session/fe219389c4a652ed804fe0697356972e/screenshot - {}
RESULT: {"using":"xpath","value":"//span[contains(text(), \"PM Order\")]"}
COMMAND: POST /session/fe219389c4a652ed804fe0697356972e/element/f.AE569C338F7BE8C487FB69BDD94B5641.d.E89F391547A221D8658F9BF4964520A8.e.14487/click - {}
RESULT: {}
RESULT: {}
COMMAND: GET /session/fe219389c4a652ed804fe0697356972e/screenshot - {}
RESULT: {}
COMMAND: POST /session/fe219389c4a652ed804fe0697356972e/element - {"using":"xpath","value":"//td/div/div/div/span[contains(@id, \"newResourceUnit--RUTimeSegment-0-vhi\")][1]"}
RESULT: {"using":"xpath","value":"//td/div/div/div/span[contains(@id, \"newResourceUnit--RUTimeSegment-0-vhi\")][1]"}
COMMAND: GET /session/fe219389c4a652ed804fe0697356972e/element/f.AE569C338F7BE8C487FB69BDD94B5641.d.E89F391547A221D8658F9BF4964520A8.e.14491/rect - {}
RESULT: {}
COMMAND: GET /session/fe219389c4a652ed804fe0697356972e/window/rect - {}
RESULT: {}
COMMAND: POST /session/fe219389c4a652ed804fe0697356972e/execute/sync - {"script":"<script> [92 bytes]","args":[]}
RESULT: {"script":"<script> [92 bytes]","args":[]}
COMMAND: POST /session/fe219389c4a652ed804fe0697356972e/actions - {"actions":[{"id":"action46","type":"wheel","parameters":{},"actions":[{"type":"scroll","x":-1888,"y":-24,"deltaX":0,"deltaY":0,"duration":0,"origin":{"element-6066-11e4-a52e-4f735466cecf":"f.AE569C338F7BE8C487FB69BDD94B5641.d.E89F391547A221D8658F9BF4964520A8.e.14491"}}]}]}
COMMAND: GET /session/fe219389c4a652ed804fe0697356972e/screenshot - {}
RESULT: {}
COMMAND: POST /session/fe219389c4a652ed804fe0697356972e/execute/sync - {"script":"<script> [79 bytes]","args":[{"element-6066-11e4-a52e-4f735466cecf":"f.AE569C338F7BE8C487FB69BDD94B5641.d.E89F391547A221D8658F9BF4964520A8.e.14491","ELEMENT":"f.AE569C338F7BE8C487FB69BDD94B5641.d.E89F391547A221D8658F9BF4964520A8.e.14491"},{"block":"start","inline":"nearest"}]}
RESULT: {"script":"<script> [79 bytes]","args":[{"element-6066-11e4-a52e-4f735466cecf":"f.AE569C338F7BE8C487FB69BDD94B5641.d.E89F391547A221D8658F9BF4964520A8.e.14491","ELEMENT":"f.AE569C338F7BE8C487FB69BDD94B5641.d.E89F391547A221D8658F9BF4964520A8.e.14491"},{"block":"start","inline":"nearest"}]}
COMMAND: GET /session/fe219389c4a652ed804fe0697356972e/screenshot - {}
RESULT: {}
COMMAND: POST /session/fe219389c4a652ed804fe0697356972e/element/f.AE569C338F7BE8C487FB69BDD94B5641.d.E89F391547A221D8658F9BF4964520A8.e.14491/click - {}
RESULT: {}
COMMAND: GET /session/fe219389c4a652ed804fe0697356972e/screenshot - {}
RESULT: {}
COMMAND: POST /session/fe219389c4a652ed804fe0697356972e/execute/async - {"script":"<script> [1562 bytes]","args":[{"selector":{"controlType":"sap.m.SearchField","properties":{"placeholder":"Search"},"searchOpenDialogs":true,"interaction":{"idSuffix":"I"}},"wdio_ui5_key":"sapm.SearchField{\"placeholder\":\"Search\"}"}]}
RESULT: {"script":"<script> [1562 bytes]","args":[{"selector":{"controlType":"sap.m.SearchField","properties":{"placeholder":"Search"},"searchOpenDialogs":true,"interaction":{"idSuffix":"I"}},"wdio_ui5_key":"sapm.SearchField{\"placeholder\":\"Search\"}"}]}
RESULT: undefined
COMMAND: POST /session/fe219389c4a652ed804fe0697356972e/execute/async - {"script":"<script> [776 bytes]","args":[{"enterText":"4000360","selector":{"controlType":"sap.m.SearchField","properties":{"placeholder":"Search"},"searchOpenDialogs":true,"interaction":{"idSuffix":"I"}},"clearTextFirst":true,"interactionType":"ENTER_TEXT"}]}
RESULT: {"script":"<script> [776 bytes]","args":[{"enterText":"4000360","selector":{"controlType":"sap.m.SearchField","properties":{"placeholder":"Search"},"searchOpenDialogs":true,"interaction":{"idSuffix":"I"}},"clearTextFirst":true,"interactionType":"ENTER_TEXT"}]}
COMMAND: POST /session/fe219389c4a652ed804fe0697356972e/actions - {"actions":[{"id":"action47","type":"key","parameters":{},"actions":[{"type":"keyDown","value":""},{"type":"pause","duration":10},{"type":"keyUp","value":""}]}]}
RESULT: {"actions":[{"id":"action47","type":"key","parameters":{},"actions":[{"type":"keyDown","value":""},{"type":"pause","duration":10},{"type":"keyUp","value":""}]}]}
COMMAND: GET /session/fe219389c4a652ed804fe0697356972e/screenshot - {}
RESULT: {}
COMMAND: POST /session/fe219389c4a652ed804fe0697356972e/element - {"using":"xpath","value":"//td/div/span[contains(text(), \"BGL Vehicles\")]"}
RESULT: {"using":"xpath","value":"//td/div/span[contains(text(), \"BGL Vehicles\")]"}
COMMAND: POST /session/fe219389c4a652ed804fe0697356972e/element/f.AE569C338F7BE8C487FB69BDD94B5641.d.E89F391547A221D8658F9BF4964520A8.e.14513/click - {}
RESULT: {}
COMMAND: GET /session/fe219389c4a652ed804fe0697356972e/screenshot - {}
RESULT: {}
COMMAND: POST /session/fe219389c4a652ed804fe0697356972e/element - {"using":"xpath","value":"//bdi[contains(text(), \"OK\")]"}
RESULT: {"using":"xpath","value":"//bdi[contains(text(), \"OK\")]"}
COMMAND: POST /session/fe219389c4a652ed804fe0697356972e/element/f.AE569C338F7BE8C487FB69BDD94B5641.d.E89F391547A221D8658F9BF4964520A8.e.14514/click - {}
RESULT: {}
COMMAND: GET /session/fe219389c4a652ed804fe0697356972e/screenshot - {}
RESULT: {}
COMMAND: POST /session/fe219389c4a652ed804fe0697356972e/element - {"using":"xpath","value":"//label[contains(@class, 'sapMLabelRequired') and .//bdi[contains(text(), 'Planned Retirement')]]"}
RESULT: {"using":"xpath","value":"//label[contains(@class, 'sapMLabelRequired') and .//bdi[contains(text(), 'Planned Retirement')]]"}
COMMAND: POST /session/fe219389c4a652ed804fe0697356972e/elements - {"using":"xpath","value":"//label[contains(@class, 'sapMLabelRequired') and .//bdi[contains(text(), 'Planned Retirement')]]"}
RESULT: {"using":"xpath","value":"//label[contains(@class, 'sapMLabelRequired') and .//bdi[contains(text(), 'Planned Retirement')]]"}
COMMAND: POST /session/fe219389c4a652ed804fe0697356972e/element - {"using":"xpath","value":"//button[@data-kt=\"resourceUnitSaveButton\"]"}
RESULT: {"using":"xpath","value":"//button[@data-kt=\"resourceUnitSaveButton\"]"}
COMMAND: POST /session/fe219389c4a652ed804fe0697356972e/element/f.AE569C338F7BE8C487FB69BDD94B5641.d.E89F391547A221D8658F9BF4964520A8.e.14347/click - {}
RESULT: {}
COMMAND: GET /session/fe219389c4a652ed804fe0697356972e/screenshot - {}
RESULT: {}
COMMAND: POST /session/fe219389c4a652ed804fe0697356972e/element - {"using":"xpath","value":"//bdi[contains(text(), \"Close\")]"}
RESULT: {"using":"xpath","value":"//bdi[contains(text(), \"Close\")]"}
COMMAND: POST /session/fe219389c4a652ed804fe0697356972e/element/f.AE569C338F7BE8C487FB69BDD94B5641.d.E89F391547A221D8658F9BF4964520A8.e.14520/click - {}
RESULT: {}
COMMAND: GET /session/fe219389c4a652ed804fe0697356972e/screenshot - {}
RESULT: {}
COMMAND: POST /session/fe219389c4a652ed804fe0697356972e/element - {"using":"xpath","value":"//header[contains(@id, 'detailRruPage-headerTitle')]/div[1]/div[2]/div[2]/span[1]"}
RESULT: {"using":"xpath","value":"//header[contains(@id, 'detailRruPage-headerTitle')]/div[1]/div[2]/div[2]/span[1]"}
COMMAND: POST /session/fe219389c4a652ed804fe0697356972e/elements - {"using":"xpath","value":"//header[contains(@id, 'detailRruPage-headerTitle')]/div[1]/div[2]/div[2]/span[1]"}
RESULT: {"using":"xpath","value":"//header[contains(@id, 'detailRruPage-headerTitle')]/div[1]/div[2]/div[2]/span[1]"}
COMMAND: POST /session/fe219389c4a652ed804fe0697356972e/execute/sync - {"script":"<script> [56 bytes]","args":[{"element-6066-11e4-a52e-4f735466cecf":"f.AE569C338F7BE8C487FB69BDD94B5641.d.E89F391547A221D8658F9BF4964520A8.e.14546","ELEMENT":"f.AE569C338F7BE8C487FB69BDD94B5641.d.E89F391547A221D8658F9BF4964520A8.e.14546"}]}
RESULT: {"script":"<script> [56 bytes]","args":[{"element-6066-11e4-a52e-4f735466cecf":"f.AE569C338F7BE8C487FB69BDD94B5641.d.E89F391547A221D8658F9BF4964520A8.e.14546","ELEMENT":"f.AE569C338F7BE8C487FB69BDD94B5641.d.E89F391547A221D8658F9BF4964520A8.e.14546"}]}
COMMAND: POST /session/fe219389c4a652ed804fe0697356972e/element - {"using":"css selector","value":"#shell-header-logo"}
COMMAND: GET /session/fe219389c4a652ed804fe0697356972e/screenshot - {}
RESULT: {"using":"css selector","value":"#shell-header-logo"}
COMMAND: POST /session/fe219389c4a652ed804fe0697356972e/element/f.AE569C338F7BE8C487FB69BDD94B5641.d.E89F391547A221D8658F9BF4964520A8.e.13928/click - {}
RESULT: {}
RESULT: {}
COMMAND: GET /session/fe219389c4a652ed804fe0697356972e/screenshot - {}
RESULT: {}
]]></system-out>
    </testcase>
  </testsuite>
  <testsuite timestamp="2025-05-29T16:55:58" time="341.59" tests="6" failures="0" errors="0" skipped="0">
    <properties>
      <property name="specId" value="0"/>
      <property name="suiteName" value="Provide to Site w/o warehouse management w clarification"/>
      <property name="capabilities" value="chrome.136_0_7103_93.windows"/>
      <property name="file" value="file:///D:/a/1/s/test/specs/HTR/provide-to-site-wo-warehouse-w-clarification.spec.js"/>
    </properties>
    <testcase classname="chrome.136_0_7103_93.windows.Provide_to_Site_w/o_warehouse_management_w_clarification" name="Should do a stock increase handover" time="84.388">
      <system-out><![CDATA[
COMMAND: POST /session/fe219389c4a652ed804fe0697356972e/execute/async - {"script":"<script> [1562 bytes]","args":[{"selector":{"controlType":"sap.m.GenericTile","properties":{"header":"Manage Handovers"}},"wdio_ui5_key":"sapm.GenericTile{\"header\":\"Manage Handovers\"}"}]}
RESULT: {"script":"<script> [1562 bytes]","args":[{"selector":{"controlType":"sap.m.GenericTile","properties":{"header":"Manage Handovers"}},"wdio_ui5_key":"sapm.GenericTile{\"header\":\"Manage Handovers\"}"}]}
RESULT: undefined
COMMAND: POST /session/fe219389c4a652ed804fe0697356972e/element - {"using":"xpath","value":"//*[@id=\"__tile131\"]"}
RESULT: {"using":"xpath","value":"//*[@id=\"__tile131\"]"}
COMMAND: POST /session/fe219389c4a652ed804fe0697356972e/element/f.AE569C338F7BE8C487FB69BDD94B5641.d.E89F391547A221D8658F9BF4964520A8.e.13879/click - {}
RESULT: {}
COMMAND: GET /session/fe219389c4a652ed804fe0697356972e/screenshot - {}
RESULT: {}
COMMAND: POST /session/fe219389c4a652ed804fe0697356972e/elements - {"using":"xpath","value":"//span[text()='Error']"}
RESULT: {"using":"xpath","value":"//span[text()='Error']"}
COMMAND: POST /session/fe219389c4a652ed804fe0697356972e/element - {"using":"xpath","value":"//button[@data-kt=\"masterHOAddButton\"]"}
RESULT: {"using":"xpath","value":"//button[@data-kt=\"masterHOAddButton\"]"}
COMMAND: POST /session/fe219389c4a652ed804fe0697356972e/elements - {"using":"xpath","value":"//button[@data-kt=\"masterHOAddButton\"]"}
RESULT: {"using":"xpath","value":"//button[@data-kt=\"masterHOAddButton\"]"}
COMMAND: POST /session/fe219389c4a652ed804fe0697356972e/execute/sync - {"script":"<script> [8489 bytes]","args":[{"element-6066-11e4-a52e-4f735466cecf":"f.AE569C338F7BE8C487FB69BDD94B5641.d.E89F391547A221D8658F9BF4964520A8.e.14588","ELEMENT":"f.AE569C338F7BE8C487FB69BDD94B5641.d.E89F391547A221D8658F9BF4964520A8.e.14588"}]}
RESULT: {"script":"<script> [8489 bytes]","args":[{"element-6066-11e4-a52e-4f735466cecf":"f.AE569C338F7BE8C487FB69BDD94B5641.d.E89F391547A221D8658F9BF4964520A8.e.14588","ELEMENT":"f.AE569C338F7BE8C487FB69BDD94B5641.d.E89F391547A221D8658F9BF4964520A8.e.14588"}]}
COMMAND: GET /session/fe219389c4a652ed804fe0697356972e/element/f.AE569C338F7BE8C487FB69BDD94B5641.d.E89F391547A221D8658F9BF4964520A8.e.14588/enabled - {}
COMMAND: GET /session/fe219389c4a652ed804fe0697356972e/screenshot - {}
RESULT: {}
COMMAND: POST /session/fe219389c4a652ed804fe0697356972e/execute/sync - {"script":"<script> [8489 bytes]","args":[{"element-6066-11e4-a52e-4f735466cecf":"f.AE569C338F7BE8C487FB69BDD94B5641.d.E89F391547A221D8658F9BF4964520A8.e.14588","ELEMENT":"f.AE569C338F7BE8C487FB69BDD94B5641.d.E89F391547A221D8658F9BF4964520A8.e.14588"}]}
COMMAND: GET /session/fe219389c4a652ed804fe0697356972e/screenshot - {}
RESULT: {}
RESULT: {"script":"<script> [8489 bytes]","args":[{"element-6066-11e4-a52e-4f735466cecf":"f.AE569C338F7BE8C487FB69BDD94B5641.d.E89F391547A221D8658F9BF4964520A8.e.14588","ELEMENT":"f.AE569C338F7BE8C487FB69BDD94B5641.d.E89F391547A221D8658F9BF4964520A8.e.14588"}]}
COMMAND: POST /session/fe219389c4a652ed804fe0697356972e/execute/sync - {"script":"<script> [5351 bytes]","args":[{"element-6066-11e4-a52e-4f735466cecf":"f.AE569C338F7BE8C487FB69BDD94B5641.d.E89F391547A221D8658F9BF4964520A8.e.14588","ELEMENT":"f.AE569C338F7BE8C487FB69BDD94B5641.d.E89F391547A221D8658F9BF4964520A8.e.14588"}]}
COMMAND: GET /session/fe219389c4a652ed804fe0697356972e/screenshot - {}
RESULT: {}
RESULT: {"script":"<script> [5351 bytes]","args":[{"element-6066-11e4-a52e-4f735466cecf":"f.AE569C338F7BE8C487FB69BDD94B5641.d.E89F391547A221D8658F9BF4964520A8.e.14588","ELEMENT":"f.AE569C338F7BE8C487FB69BDD94B5641.d.E89F391547A221D8658F9BF4964520A8.e.14588"}]}
COMMAND: POST /session/fe219389c4a652ed804fe0697356972e/element/f.AE569C338F7BE8C487FB69BDD94B5641.d.E89F391547A221D8658F9BF4964520A8.e.14588/click - {}
COMMAND: GET /session/fe219389c4a652ed804fe0697356972e/screenshot - {}
RESULT: {}
RESULT: {}
COMMAND: GET /session/fe219389c4a652ed804fe0697356972e/screenshot - {}
RESULT: {}
RESULT: {}
COMMAND: POST /session/fe219389c4a652ed804fe0697356972e/element - {"using":"xpath","value":"//span[contains(@id ,\"AddNewHO--typeSelect-arrow\")]"}
RESULT: {"using":"xpath","value":"//span[contains(@id ,\"AddNewHO--typeSelect-arrow\")]"}
COMMAND: POST /session/fe219389c4a652ed804fe0697356972e/element/f.AE569C338F7BE8C487FB69BDD94B5641.d.E89F391547A221D8658F9BF4964520A8.e.14949/click - {}
RESULT: {}
COMMAND: GET /session/fe219389c4a652ed804fe0697356972e/screenshot - {}
RESULT: {}
COMMAND: POST /session/fe219389c4a652ed804fe0697356972e/element - {"using":"xpath","value":"(//li[contains(text(), \"stock increase yard\")])[1]"}
RESULT: {"using":"xpath","value":"(//li[contains(text(), \"stock increase yard\")])[1]"}
COMMAND: POST /session/fe219389c4a652ed804fe0697356972e/element/f.AE569C338F7BE8C487FB69BDD94B5641.d.E89F391547A221D8658F9BF4964520A8.e.14950/click - {}
RESULT: {}
COMMAND: GET /session/fe219389c4a652ed804fe0697356972e/screenshot - {}
RESULT: {}
COMMAND: POST /session/fe219389c4a652ed804fe0697356972e/execute/async - {"script":"<script> [1562 bytes]","args":[{"selector":{"id":"application-managehandovers-display-component---AddNewHO--dueDate","interaction":{"idSuffix":"inner"}},"wdio_ui5_key":"applicationmanagehandovers-display-component---AddNewHO--dueDate"}]}
RESULT: {"script":"<script> [1562 bytes]","args":[{"selector":{"id":"application-managehandovers-display-component---AddNewHO--dueDate","interaction":{"idSuffix":"inner"}},"wdio_ui5_key":"applicationmanagehandovers-display-component---AddNewHO--dueDate"}]}
RESULT: undefined
COMMAND: POST /session/fe219389c4a652ed804fe0697356972e/execute/async - {"script":"<script> [6424 bytes]","args":[{"element-6066-11e4-a52e-4f735466cecf":"f.AE569C338F7BE8C487FB69BDD94B5641.d.E89F391547A221D8658F9BF4964520A8.e.14952"},"setValue",["5/29/25"]]}
RESULT: {"script":"<script> [6424 bytes]","args":[{"element-6066-11e4-a52e-4f735466cecf":"f.AE569C338F7BE8C487FB69BDD94B5641.d.E89F391547A221D8658F9BF4964520A8.e.14952"},"setValue",["5/29/25"]]}
COMMAND: POST /session/fe219389c4a652ed804fe0697356972e/element - {"using":"xpath","value":"//input[@id=\"generalSectionFrg--receiveYard-inner\"]"}
RESULT: {"using":"xpath","value":"//input[@id=\"generalSectionFrg--receiveYard-inner\"]"}
COMMAND: POST /session/fe219389c4a652ed804fe0697356972e/element/f.AE569C338F7BE8C487FB69BDD94B5641.d.E89F391547A221D8658F9BF4964520A8.e.14958/clear - {}
RESULT: {}
COMMAND: POST /session/fe219389c4a652ed804fe0697356972e/element/f.AE569C338F7BE8C487FB69BDD94B5641.d.E89F391547A221D8658F9BF4964520A8.e.14958/value - {"text":"467"}
COMMAND: GET /session/fe219389c4a652ed804fe0697356972e/screenshot - {}
RESULT: {"text":"467"}
COMMAND: GET /session/fe219389c4a652ed804fe0697356972e/screenshot - {}
RESULT: {}
RESULT: {}
COMMAND: POST /session/fe219389c4a652ed804fe0697356972e/element - {"using":"xpath","value":"//li[.//span[contains(text(),'467')]]"}
RESULT: {"using":"xpath","value":"//li[.//span[contains(text(),'467')]]"}
COMMAND: POST /session/fe219389c4a652ed804fe0697356972e/element/f.AE569C338F7BE8C487FB69BDD94B5641.d.E89F391547A221D8658F9BF4964520A8.e.14976/click - {}
RESULT: {}
COMMAND: GET /session/fe219389c4a652ed804fe0697356972e/screenshot - {}
RESULT: {}
COMMAND: POST /session/fe219389c4a652ed804fe0697356972e/execute/async - {"script":"<script> [1562 bytes]","args":[{"selector":{"id":"application-managehandovers-display-component---AddNewHO--ObjectPageLayout-anchBar-application-managehandovers-display-component---AddNewHO--section4-anchor","interaction":{"idSuffix":"BDI-content"}},"wdio_ui5_key":"applicationmanagehandovers-display-component---AddNewHO--ObjectPageLayout-anchBar-application-managehandovers-display-component---AddNewHO--section4-anchor"}]}
RESULT: {"script":"<script> [1562 bytes]","args":[{"selector":{"id":"application-managehandovers-display-component---AddNewHO--ObjectPageLayout-anchBar-application-managehandovers-display-component---AddNewHO--section4-anchor","interaction":{"idSuffix":"BDI-content"}},"wdio_ui5_key":"applicationmanagehandovers-display-component---AddNewHO--ObjectPageLayout-anchBar-application-managehandovers-display-component---AddNewHO--section4-anchor"}]}
RESULT: undefined
COMMAND: POST /session/fe219389c4a652ed804fe0697356972e/element - {"using":"xpath","value":"//*[@id=\"application-managehandovers-display-component---AddNewHO--ObjectPageLayout-anchBar-application-managehandovers-display-component---AddNewHO--section4-anchor\"]"}
RESULT: {"using":"xpath","value":"//*[@id=\"application-managehandovers-display-component---AddNewHO--ObjectPageLayout-anchBar-application-managehandovers-display-component---AddNewHO--section4-anchor\"]"}
COMMAND: POST /session/fe219389c4a652ed804fe0697356972e/element/f.AE569C338F7BE8C487FB69BDD94B5641.d.E89F391547A221D8658F9BF4964520A8.e.14978/click - {}
RESULT: {}
COMMAND: POST /session/fe219389c4a652ed804fe0697356972e/element - {"using":"xpath","value":"//button[@aria-label=\"Add\"]"}
COMMAND: GET /session/fe219389c4a652ed804fe0697356972e/screenshot - {}
RESULT: {"using":"xpath","value":"//button[@aria-label=\"Add\"]"}
COMMAND: POST /session/fe219389c4a652ed804fe0697356972e/element/f.AE569C338F7BE8C487FB69BDD94B5641.d.E89F391547A221D8658F9BF4964520A8.e.14980/click - {}
RESULT: {}
RESULT: {}
COMMAND: GET /session/fe219389c4a652ed804fe0697356972e/screenshot - {}
RESULT: {}
COMMAND: POST /session/fe219389c4a652ed804fe0697356972e/execute/async - {"script":"<script> [1562 bytes]","args":[{"selector":{"id":"application-managehandovers-display-component---AddNewHO--smartFilterBar-btnBasicSearch","searchOpenDialogs":true,"interaction":{"idSuffix":"I"}},"wdio_ui5_key":"applicationmanagehandovers-display-component---AddNewHO--smartFilterBar-btnBasicSearch"}]}
RESULT: {"script":"<script> [1562 bytes]","args":[{"selector":{"id":"application-managehandovers-display-component---AddNewHO--smartFilterBar-btnBasicSearch","searchOpenDialogs":true,"interaction":{"idSuffix":"I"}},"wdio_ui5_key":"applicationmanagehandovers-display-component---AddNewHO--smartFilterBar-btnBasicSearch"}]}
RESULT: undefined
COMMAND: POST /session/fe219389c4a652ed804fe0697356972e/execute/async - {"script":"<script> [776 bytes]","args":[{"enterText":"200257","selector":{"id":"application-managehandovers-display-component---AddNewHO--smartFilterBar-btnBasicSearch","searchOpenDialogs":true,"interaction":{"idSuffix":"I"}},"clearTextFirst":true,"interactionType":"ENTER_TEXT"}]}
RESULT: {"script":"<script> [776 bytes]","args":[{"enterText":"200257","selector":{"id":"application-managehandovers-display-component---AddNewHO--smartFilterBar-btnBasicSearch","searchOpenDialogs":true,"interaction":{"idSuffix":"I"}},"clearTextFirst":true,"interactionType":"ENTER_TEXT"}]}
COMMAND: POST /session/fe219389c4a652ed804fe0697356972e/actions - {"actions":[{"id":"action48","type":"key","parameters":{},"actions":[{"type":"keyDown","value":""},{"type":"pause","duration":10},{"type":"keyUp","value":""}]}]}
RESULT: {"actions":[{"id":"action48","type":"key","parameters":{},"actions":[{"type":"keyDown","value":""},{"type":"pause","duration":10},{"type":"keyUp","value":""}]}]}
COMMAND: GET /session/fe219389c4a652ed804fe0697356972e/screenshot - {}
RESULT: {}
COMMAND: POST /session/fe219389c4a652ed804fe0697356972e/execute/async - {"script":"<script> [1562 bytes]","args":[{"selector":{"id":"application-managehandovers-display-component---AddNewHO--popup-sa","searchOpenDialogs":true,"interaction":{"idSuffix":"CbBg"}},"wdio_ui5_key":"applicationmanagehandovers-display-component---AddNewHO--popup-sa"}]}
RESULT: {"script":"<script> [1562 bytes]","args":[{"selector":{"id":"application-managehandovers-display-component---AddNewHO--popup-sa","searchOpenDialogs":true,"interaction":{"idSuffix":"CbBg"}},"wdio_ui5_key":"applicationmanagehandovers-display-component---AddNewHO--popup-sa"}]}
RESULT: undefined
COMMAND: POST /session/fe219389c4a652ed804fe0697356972e/element - {"using":"xpath","value":"//*[@id=\"application-managehandovers-display-component---AddNewHO--popup-sa\"]"}
RESULT: {"using":"xpath","value":"//*[@id=\"application-managehandovers-display-component---AddNewHO--popup-sa\"]"}
COMMAND: POST /session/fe219389c4a652ed804fe0697356972e/element/f.AE569C338F7BE8C487FB69BDD94B5641.d.E89F391547A221D8658F9BF4964520A8.e.15134/click - {}
RESULT: {}
COMMAND: GET /session/fe219389c4a652ed804fe0697356972e/screenshot - {}
RESULT: {}
COMMAND: POST /session/fe219389c4a652ed804fe0697356972e/element - {"using":"xpath","value":"//bdi[contains(text(), \"Select\")]"}
RESULT: {"using":"xpath","value":"//bdi[contains(text(), \"Select\")]"}
COMMAND: POST /session/fe219389c4a652ed804fe0697356972e/element/f.AE569C338F7BE8C487FB69BDD94B5641.d.E89F391547A221D8658F9BF4964520A8.e.15135/click - {}
RESULT: {}
COMMAND: GET /session/fe219389c4a652ed804fe0697356972e/screenshot - {}
RESULT: {}
COMMAND: POST /session/fe219389c4a652ed804fe0697356972e/element - {"using":"xpath","value":"//button[@data-kt=\"AddNewHOSaveButton\"]"}
RESULT: {"using":"xpath","value":"//button[@data-kt=\"AddNewHOSaveButton\"]"}
COMMAND: POST /session/fe219389c4a652ed804fe0697356972e/element/f.AE569C338F7BE8C487FB69BDD94B5641.d.E89F391547A221D8658F9BF4964520A8.e.15139/click - {}
RESULT: {}
COMMAND: GET /session/fe219389c4a652ed804fe0697356972e/screenshot - {}
RESULT: {}
COMMAND: POST /session/fe219389c4a652ed804fe0697356972e/execute/async - {"script":"<script> [1562 bytes]","args":[{"selector":{"id":"receiptDatePicker","viewName":"etm.portal.ui.managehandovers.view.DetailExecuteHO","interaction":{"idSuffix":"inner"}},"wdio_ui5_key":"receiptDatePickeretmportal.ui.managehandovers.view.DetailExecuteHO"}]}
RESULT: {"script":"<script> [1562 bytes]","args":[{"selector":{"id":"receiptDatePicker","viewName":"etm.portal.ui.managehandovers.view.DetailExecuteHO","interaction":{"idSuffix":"inner"}},"wdio_ui5_key":"receiptDatePickeretmportal.ui.managehandovers.view.DetailExecuteHO"}]}
RESULT: undefined
COMMAND: POST /session/fe219389c4a652ed804fe0697356972e/execute/async - {"script":"<script> [6424 bytes]","args":[{"element-6066-11e4-a52e-4f735466cecf":"f.AE569C338F7BE8C487FB69BDD94B5641.d.E89F391547A221D8658F9BF4964520A8.e.15169"},"setValue",["5/29/25"]]}
RESULT: {"script":"<script> [6424 bytes]","args":[{"element-6066-11e4-a52e-4f735466cecf":"f.AE569C338F7BE8C487FB69BDD94B5641.d.E89F391547A221D8658F9BF4964520A8.e.15169"},"setValue",["5/29/25"]]}
COMMAND: POST /session/fe219389c4a652ed804fe0697356972e/element - {"using":"xpath","value":"//button[@data-kt=\"ReceivingTableConfirmAllButton\"]"}
RESULT: {"using":"xpath","value":"//button[@data-kt=\"ReceivingTableConfirmAllButton\"]"}
COMMAND: POST /session/fe219389c4a652ed804fe0697356972e/element/f.AE569C338F7BE8C487FB69BDD94B5641.d.E89F391547A221D8658F9BF4964520A8.e.15184/click - {}
RESULT: {}
COMMAND: GET /session/fe219389c4a652ed804fe0697356972e/screenshot - {}
RESULT: {}
COMMAND: POST /session/fe219389c4a652ed804fe0697356972e/element - {"using":"xpath","value":"//bdi[contains(text(), \"OK\")]"}
RESULT: {"using":"xpath","value":"//bdi[contains(text(), \"OK\")]"}
COMMAND: POST /session/fe219389c4a652ed804fe0697356972e/element/f.AE569C338F7BE8C487FB69BDD94B5641.d.E89F391547A221D8658F9BF4964520A8.e.15186/click - {}
RESULT: {}
COMMAND: GET /session/fe219389c4a652ed804fe0697356972e/screenshot - {}
RESULT: {}
COMMAND: POST /session/fe219389c4a652ed804fe0697356972e/element - {"using":"xpath","value":"(//bdi[contains(text(), \"Receive\")])[2]"}
RESULT: {"using":"xpath","value":"(//bdi[contains(text(), \"Receive\")])[2]"}
COMMAND: POST /session/fe219389c4a652ed804fe0697356972e/element/f.AE569C338F7BE8C487FB69BDD94B5641.d.E89F391547A221D8658F9BF4964520A8.e.15188/click - {}
RESULT: {}
COMMAND: GET /session/fe219389c4a652ed804fe0697356972e/screenshot - {}
RESULT: {}
COMMAND: POST /session/fe219389c4a652ed804fe0697356972e/element - {"using":"css selector","value":"#shell-header-logo"}
RESULT: {"using":"css selector","value":"#shell-header-logo"}
COMMAND: POST /session/fe219389c4a652ed804fe0697356972e/element/f.AE569C338F7BE8C487FB69BDD94B5641.d.E89F391547A221D8658F9BF4964520A8.e.14551/click - {}
RESULT: {}
COMMAND: GET /session/fe219389c4a652ed804fe0697356972e/screenshot - {}
RESULT: {}
]]></system-out>
    </testcase>
    <testcase classname="chrome.136_0_7103_93.windows.Provide_to_Site_w/o_warehouse_management_w_clarification" name="Should create a new contract" time="60.159">
      <system-out><![CDATA[
COMMAND: POST /session/fe219389c4a652ed804fe0697356972e/execute/async - {"script":"<script> [1562 bytes]","args":[{"selector":{"controlType":"sap.m.GenericTile","properties":{"header":"Manage Contracts"}},"wdio_ui5_key":"sapm.GenericTile{\"header\":\"Manage Contracts\"}"}]}
RESULT: {"script":"<script> [1562 bytes]","args":[{"selector":{"controlType":"sap.m.GenericTile","properties":{"header":"Manage Contracts"}},"wdio_ui5_key":"sapm.GenericTile{\"header\":\"Manage Contracts\"}"}]}
RESULT: undefined
COMMAND: POST /session/fe219389c4a652ed804fe0697356972e/element - {"using":"xpath","value":"//*[@id=\"__tile130\"]"}
RESULT: {"using":"xpath","value":"//*[@id=\"__tile130\"]"}
COMMAND: POST /session/fe219389c4a652ed804fe0697356972e/element/f.AE569C338F7BE8C487FB69BDD94B5641.d.E89F391547A221D8658F9BF4964520A8.e.13868/click - {}
RESULT: {}
COMMAND: GET /session/fe219389c4a652ed804fe0697356972e/screenshot - {}
RESULT: {}
COMMAND: POST /session/fe219389c4a652ed804fe0697356972e/elements - {"using":"xpath","value":"//span[text()='Error']"}
RESULT: {"using":"xpath","value":"//span[text()='Error']"}
COMMAND: POST /session/fe219389c4a652ed804fe0697356972e/element - {"using":"xpath","value":"//button[@data-kt=\"addButton\"]"}
RESULT: {"using":"xpath","value":"//button[@data-kt=\"addButton\"]"}
COMMAND: POST /session/fe219389c4a652ed804fe0697356972e/elements - {"using":"xpath","value":"//button[@data-kt=\"addButton\"]"}
RESULT: {"using":"xpath","value":"//button[@data-kt=\"addButton\"]"}
COMMAND: POST /session/fe219389c4a652ed804fe0697356972e/execute/sync - {"script":"<script> [8489 bytes]","args":[{"element-6066-11e4-a52e-4f735466cecf":"f.AE569C338F7BE8C487FB69BDD94B5641.d.E89F391547A221D8658F9BF4964520A8.e.15413","ELEMENT":"f.AE569C338F7BE8C487FB69BDD94B5641.d.E89F391547A221D8658F9BF4964520A8.e.15413"}]}
RESULT: {"script":"<script> [8489 bytes]","args":[{"element-6066-11e4-a52e-4f735466cecf":"f.AE569C338F7BE8C487FB69BDD94B5641.d.E89F391547A221D8658F9BF4964520A8.e.15413","ELEMENT":"f.AE569C338F7BE8C487FB69BDD94B5641.d.E89F391547A221D8658F9BF4964520A8.e.15413"}]}
COMMAND: GET /session/fe219389c4a652ed804fe0697356972e/element/f.AE569C338F7BE8C487FB69BDD94B5641.d.E89F391547A221D8658F9BF4964520A8.e.15413/enabled - {}
COMMAND: GET /session/fe219389c4a652ed804fe0697356972e/screenshot - {}
RESULT: {}
COMMAND: POST /session/fe219389c4a652ed804fe0697356972e/execute/sync - {"script":"<script> [8489 bytes]","args":[{"element-6066-11e4-a52e-4f735466cecf":"f.AE569C338F7BE8C487FB69BDD94B5641.d.E89F391547A221D8658F9BF4964520A8.e.15413","ELEMENT":"f.AE569C338F7BE8C487FB69BDD94B5641.d.E89F391547A221D8658F9BF4964520A8.e.15413"}]}
COMMAND: GET /session/fe219389c4a652ed804fe0697356972e/screenshot - {}
RESULT: {}
RESULT: {"script":"<script> [8489 bytes]","args":[{"element-6066-11e4-a52e-4f735466cecf":"f.AE569C338F7BE8C487FB69BDD94B5641.d.E89F391547A221D8658F9BF4964520A8.e.15413","ELEMENT":"f.AE569C338F7BE8C487FB69BDD94B5641.d.E89F391547A221D8658F9BF4964520A8.e.15413"}]}
COMMAND: POST /session/fe219389c4a652ed804fe0697356972e/execute/sync - {"script":"<script> [5351 bytes]","args":[{"element-6066-11e4-a52e-4f735466cecf":"f.AE569C338F7BE8C487FB69BDD94B5641.d.E89F391547A221D8658F9BF4964520A8.e.15413","ELEMENT":"f.AE569C338F7BE8C487FB69BDD94B5641.d.E89F391547A221D8658F9BF4964520A8.e.15413"}]}
COMMAND: GET /session/fe219389c4a652ed804fe0697356972e/screenshot - {}
RESULT: {}
RESULT: {"script":"<script> [5351 bytes]","args":[{"element-6066-11e4-a52e-4f735466cecf":"f.AE569C338F7BE8C487FB69BDD94B5641.d.E89F391547A221D8658F9BF4964520A8.e.15413","ELEMENT":"f.AE569C338F7BE8C487FB69BDD94B5641.d.E89F391547A221D8658F9BF4964520A8.e.15413"}]}
COMMAND: GET /session/fe219389c4a652ed804fe0697356972e/screenshot - {}
RESULT: {}
RESULT: {}
COMMAND: POST /session/fe219389c4a652ed804fe0697356972e/element/f.AE569C338F7BE8C487FB69BDD94B5641.d.E89F391547A221D8658F9BF4964520A8.e.15413/click - {}
RESULT: {}
COMMAND: GET /session/fe219389c4a652ed804fe0697356972e/screenshot - {}
COMMAND: POST /session/fe219389c4a652ed804fe0697356972e/execute/async - {"script":"<script> [1562 bytes]","args":[{"selector":{"id":"application-managecontracts-display-component---AddNewContract--projectDescription","interaction":{"idSuffix":"inner"}},"wdio_ui5_key":"applicationmanagecontracts-display-component---AddNewContract--projectDescription"}]}
RESULT: {}
RESULT: {"script":"<script> [1562 bytes]","args":[{"selector":{"id":"application-managecontracts-display-component---AddNewContract--projectDescription","interaction":{"idSuffix":"inner"}},"wdio_ui5_key":"applicationmanagecontracts-display-component---AddNewContract--projectDescription"}]}
RESULT: undefined
COMMAND: POST /session/fe219389c4a652ed804fe0697356972e/execute/async - {"script":"<script> [776 bytes]","args":[{"enterText":"Contract WDIO","selector":{"id":"application-managecontracts-display-component---AddNewContract--projectDescription","interaction":{"idSuffix":"inner"}},"clearTextFirst":true,"interactionType":"ENTER_TEXT"}]}
RESULT: {"script":"<script> [776 bytes]","args":[{"enterText":"Contract WDIO","selector":{"id":"application-managecontracts-display-component---AddNewContract--projectDescription","interaction":{"idSuffix":"inner"}},"clearTextFirst":true,"interactionType":"ENTER_TEXT"}]}
COMMAND: POST /session/fe219389c4a652ed804fe0697356972e/element - {"using":"xpath","value":"//input[@id=\"application-managecontracts-display-component---AddNewContract--site-inner\"]"}
RESULT: {"using":"xpath","value":"//input[@id=\"application-managecontracts-display-component---AddNewContract--site-inner\"]"}
COMMAND: POST /session/fe219389c4a652ed804fe0697356972e/element/f.AE569C338F7BE8C487FB69BDD94B5641.d.E89F391547A221D8658F9BF4964520A8.e.15727/clear - {}
RESULT: {}
COMMAND: POST /session/fe219389c4a652ed804fe0697356972e/element/f.AE569C338F7BE8C487FB69BDD94B5641.d.E89F391547A221D8658F9BF4964520A8.e.15727/value - {"text":"2239"}
COMMAND: GET /session/fe219389c4a652ed804fe0697356972e/screenshot - {}
RESULT: {"text":"2239"}
COMMAND: GET /session/fe219389c4a652ed804fe0697356972e/screenshot - {}
RESULT: {}
RESULT: {}
COMMAND: POST /session/fe219389c4a652ed804fe0697356972e/element - {"using":"xpath","value":"//li[.//span[text()='2239']]"}
RESULT: {"using":"xpath","value":"//li[.//span[text()='2239']]"}
COMMAND: POST /session/fe219389c4a652ed804fe0697356972e/element/f.AE569C338F7BE8C487FB69BDD94B5641.d.E89F391547A221D8658F9BF4964520A8.e.15818/click - {}
RESULT: {}
COMMAND: GET /session/fe219389c4a652ed804fe0697356972e/screenshot - {}
RESULT: {}
COMMAND: POST /session/fe219389c4a652ed804fe0697356972e/element - {"using":"xpath","value":"//input[@id=\"application-managecontracts-display-component---AddNewContract--yardId-inner\"]"}
RESULT: {"using":"xpath","value":"//input[@id=\"application-managecontracts-display-component---AddNewContract--yardId-inner\"]"}
COMMAND: GET /session/fe219389c4a652ed804fe0697356972e/element/f.AE569C338F7BE8C487FB69BDD94B5641.d.E89F391547A221D8658F9BF4964520A8.e.15728/property/value - {}
RESULT: {}
COMMAND: POST /session/fe219389c4a652ed804fe0697356972e/element - {"using":"xpath","value":"//input[@id=\"application-managecontracts-display-component---AddNewContract--customerSelect-inner\"]"}
COMMAND: GET /session/fe219389c4a652ed804fe0697356972e/screenshot - {}
RESULT: {"using":"xpath","value":"//input[@id=\"application-managecontracts-display-component---AddNewContract--customerSelect-inner\"]"}
COMMAND: POST /session/fe219389c4a652ed804fe0697356972e/element/f.AE569C338F7BE8C487FB69BDD94B5641.d.E89F391547A221D8658F9BF4964520A8.e.15726/clear - {}
RESULT: {}
RESULT: {}
COMMAND: POST /session/fe219389c4a652ed804fe0697356972e/element/f.AE569C338F7BE8C487FB69BDD94B5641.d.E89F391547A221D8658F9BF4964520A8.e.15726/value - {"text":"1273"}
COMMAND: GET /session/fe219389c4a652ed804fe0697356972e/screenshot - {}
RESULT: {"text":"1273"}
COMMAND: GET /session/fe219389c4a652ed804fe0697356972e/screenshot - {}
RESULT: {}
RESULT: {}
COMMAND: POST /session/fe219389c4a652ed804fe0697356972e/element - {"using":"xpath","value":"//li[.//span[text()='1273']]"}
RESULT: {"using":"xpath","value":"//li[.//span[text()='1273']]"}
COMMAND: POST /session/fe219389c4a652ed804fe0697356972e/element/f.AE569C338F7BE8C487FB69BDD94B5641.d.E89F391547A221D8658F9BF4964520A8.e.15821/click - {}
RESULT: {}
COMMAND: GET /session/fe219389c4a652ed804fe0697356972e/screenshot - {}
RESULT: {}
COMMAND: POST /session/fe219389c4a652ed804fe0697356972e/element - {"using":"xpath","value":"//button[@data-kt=\"saveButton\"]"}
RESULT: {"using":"xpath","value":"//button[@data-kt=\"saveButton\"]"}
COMMAND: POST /session/fe219389c4a652ed804fe0697356972e/element/f.AE569C338F7BE8C487FB69BDD94B5641.d.E89F391547A221D8658F9BF4964520A8.e.15811/click - {}
RESULT: {}
COMMAND: GET /session/fe219389c4a652ed804fe0697356972e/screenshot - {}
RESULT: {}
COMMAND: POST /session/fe219389c4a652ed804fe0697356972e/element - {"using":"xpath","value":"//span[contains(@id ,\"contractDetailTitleNoExpanded\")]"}
RESULT: {"using":"xpath","value":"//span[contains(@id ,\"contractDetailTitleNoExpanded\")]"}
COMMAND: POST /session/fe219389c4a652ed804fe0697356972e/elements - {"using":"xpath","value":"//span[contains(@id ,\"contractDetailTitleNoExpanded\")]"}
RESULT: {"using":"xpath","value":"//span[contains(@id ,\"contractDetailTitleNoExpanded\")]"}
COMMAND: POST /session/fe219389c4a652ed804fe0697356972e/execute/sync - {"script":"<script> [56 bytes]","args":[{"element-6066-11e4-a52e-4f735466cecf":"f.AE569C338F7BE8C487FB69BDD94B5641.d.E89F391547A221D8658F9BF4964520A8.e.15891","ELEMENT":"f.AE569C338F7BE8C487FB69BDD94B5641.d.E89F391547A221D8658F9BF4964520A8.e.15891"}]}
RESULT: {"script":"<script> [56 bytes]","args":[{"element-6066-11e4-a52e-4f735466cecf":"f.AE569C338F7BE8C487FB69BDD94B5641.d.E89F391547A221D8658F9BF4964520A8.e.15891","ELEMENT":"f.AE569C338F7BE8C487FB69BDD94B5641.d.E89F391547A221D8658F9BF4964520A8.e.15891"}]}
COMMAND: GET /session/fe219389c4a652ed804fe0697356972e/screenshot - {}
RESULT: {}
]]></system-out>
    </testcase>
    <testcase classname="chrome.136_0_7103_93.windows.Provide_to_Site_w/o_warehouse_management_w_clarification" name="Should add equipment to the contract" time="56.097">
      <system-out><![CDATA[
COMMAND: POST /session/fe219389c4a652ed804fe0697356972e/element - {"using":"xpath","value":"//button[@data-kt=\"contractDetailEditBtnButton\"]"}
RESULT: {"using":"xpath","value":"//button[@data-kt=\"contractDetailEditBtnButton\"]"}
COMMAND: POST /session/fe219389c4a652ed804fe0697356972e/element/f.AE569C338F7BE8C487FB69BDD94B5641.d.E89F391547A221D8658F9BF4964520A8.e.15894/click - {}
RESULT: {}
COMMAND: GET /session/fe219389c4a652ed804fe0697356972e/screenshot - {}
RESULT: {}
COMMAND: POST /session/fe219389c4a652ed804fe0697356972e/element - {"using":"xpath","value":"(//span[contains(text(), \"Additional Addresses\")])[2]"}
RESULT: {"using":"xpath","value":"(//span[contains(text(), \"Additional Addresses\")])[2]"}
COMMAND: POST /session/fe219389c4a652ed804fe0697356972e/element/f.AE569C338F7BE8C487FB69BDD94B5641.d.E89F391547A221D8658F9BF4964520A8.e.15948/click - {}
RESULT: {}
COMMAND: GET /session/fe219389c4a652ed804fe0697356972e/screenshot - {}
RESULT: {}
COMMAND: POST /session/fe219389c4a652ed804fe0697356972e/element - {"using":"xpath","value":"//button[@data-kt=\"btnAddTableRowOverflowToolbarButton\"]"}
RESULT: {"using":"xpath","value":"//button[@data-kt=\"btnAddTableRowOverflowToolbarButton\"]"}
COMMAND: POST /session/fe219389c4a652ed804fe0697356972e/element/f.AE569C338F7BE8C487FB69BDD94B5641.d.E89F391547A221D8658F9BF4964520A8.e.15952/click - {}
RESULT: {}
COMMAND: GET /session/fe219389c4a652ed804fe0697356972e/screenshot - {}
RESULT: {}
COMMAND: POST /session/fe219389c4a652ed804fe0697356972e/element - {"using":"xpath","value":"//div[(text() = 'Standard Entry' or . = 'Standard Entry')]"}
RESULT: {"using":"xpath","value":"//div[(text() = 'Standard Entry' or . = 'Standard Entry')]"}
COMMAND: POST /session/fe219389c4a652ed804fe0697356972e/element/f.AE569C338F7BE8C487FB69BDD94B5641.d.E89F391547A221D8658F9BF4964520A8.e.15954/click - {}
RESULT: {}
COMMAND: GET /session/fe219389c4a652ed804fe0697356972e/screenshot - {}
RESULT: {}
COMMAND: POST /session/fe219389c4a652ed804fe0697356972e/element - {"using":"xpath","value":"//td[6]/div/div/div/span"}
RESULT: {"using":"xpath","value":"//td[6]/div/div/div/span"}
COMMAND: POST /session/fe219389c4a652ed804fe0697356972e/element/f.AE569C338F7BE8C487FB69BDD94B5641.d.E89F391547A221D8658F9BF4964520A8.e.15966/click - {}
RESULT: {}
COMMAND: GET /session/fe219389c4a652ed804fe0697356972e/screenshot - {}
RESULT: {}
COMMAND: POST /session/fe219389c4a652ed804fe0697356972e/element - {"using":"xpath","value":"(//span[contains(text(), \"Material\")])"}
RESULT: {"using":"xpath","value":"(//span[contains(text(), \"Material\")])"}
COMMAND: POST /session/fe219389c4a652ed804fe0697356972e/element/f.AE569C338F7BE8C487FB69BDD94B5641.d.E89F391547A221D8658F9BF4964520A8.e.15967/click - {}
RESULT: {}
COMMAND: GET /session/fe219389c4a652ed804fe0697356972e/screenshot - {}
RESULT: {}
COMMAND: POST /session/fe219389c4a652ed804fe0697356972e/element - {"using":"xpath","value":"//td[7]/div/div/input"}
RESULT: {"using":"xpath","value":"//td[7]/div/div/input"}
COMMAND: POST /session/fe219389c4a652ed804fe0697356972e/element/f.AE569C338F7BE8C487FB69BDD94B5641.d.E89F391547A221D8658F9BF4964520A8.e.15971/clear - {}
RESULT: {}
COMMAND: POST /session/fe219389c4a652ed804fe0697356972e/element/f.AE569C338F7BE8C487FB69BDD94B5641.d.E89F391547A221D8658F9BF4964520A8.e.15971/value - {"text":"200257"}
COMMAND: GET /session/fe219389c4a652ed804fe0697356972e/screenshot - {}
RESULT: {"text":"200257"}
COMMAND: GET /session/fe219389c4a652ed804fe0697356972e/screenshot - {}
RESULT: {}
RESULT: {}
COMMAND: POST /session/fe219389c4a652ed804fe0697356972e/actions - {"actions":[{"id":"action49","type":"key","parameters":{},"actions":[{"type":"keyDown","value":""},{"type":"pause","duration":10},{"type":"keyUp","value":""}]}]}
RESULT: {"actions":[{"id":"action49","type":"key","parameters":{},"actions":[{"type":"keyDown","value":""},{"type":"pause","duration":10},{"type":"keyUp","value":""}]}]}
COMMAND: GET /session/fe219389c4a652ed804fe0697356972e/screenshot - {}
RESULT: {}
COMMAND: POST /session/fe219389c4a652ed804fe0697356972e/execute/sync - {"script":"<script> [276 bytes]","args":["No pricing information was found"]}
RESULT: {"script":"<script> [276 bytes]","args":["No pricing information was found"]}
COMMAND: POST /session/fe219389c4a652ed804fe0697356972e/element - {"using":"xpath","value":"//bdi[contains(text(), \"OK\")]"}
COMMAND: GET /session/fe219389c4a652ed804fe0697356972e/screenshot - {}
RESULT: {"using":"xpath","value":"//bdi[contains(text(), \"OK\")]"}
COMMAND: POST /session/fe219389c4a652ed804fe0697356972e/element/f.AE569C338F7BE8C487FB69BDD94B5641.d.E89F391547A221D8658F9BF4964520A8.e.15997/click - {}
RESULT: {}
RESULT: {}
COMMAND: GET /session/fe219389c4a652ed804fe0697356972e/screenshot - {}
RESULT: {}
COMMAND: POST /session/fe219389c4a652ed804fe0697356972e/element - {"using":"xpath","value":"(//button[@data-kt=\"saveButton\"])[2]"}
RESULT: {"using":"xpath","value":"(//button[@data-kt=\"saveButton\"])[2]"}
COMMAND: POST /session/fe219389c4a652ed804fe0697356972e/element/f.AE569C338F7BE8C487FB69BDD94B5641.d.E89F391547A221D8658F9BF4964520A8.e.15998/click - {}
RESULT: {}
COMMAND: GET /session/fe219389c4a652ed804fe0697356972e/screenshot - {}
RESULT: {}
COMMAND: POST /session/fe219389c4a652ed804fe0697356972e/execute/sync - {"script":"<script> [276 bytes]","args":["Some contract items are having rental validity exceeding header rental validity"]}
RESULT: {"script":"<script> [276 bytes]","args":["Some contract items are having rental validity exceeding header rental validity"]}
COMMAND: GET /session/fe219389c4a652ed804fe0697356972e/screenshot - {}
RESULT: {}
COMMAND: POST /session/fe219389c4a652ed804fe0697356972e/element - {"using":"xpath","value":"//span[contains(@id ,\"contractItemsSmartTable-header-inner\")]"}
RESULT: {"using":"xpath","value":"//span[contains(@id ,\"contractItemsSmartTable-header-inner\")]"}
COMMAND: POST /session/fe219389c4a652ed804fe0697356972e/elements - {"using":"xpath","value":"//span[contains(@id ,\"contractItemsSmartTable-header-inner\")]"}
RESULT: {"using":"xpath","value":"//span[contains(@id ,\"contractItemsSmartTable-header-inner\")]"}
COMMAND: POST /session/fe219389c4a652ed804fe0697356972e/execute/sync - {"script":"<script> [56 bytes]","args":[{"element-6066-11e4-a52e-4f735466cecf":"f.AE569C338F7BE8C487FB69BDD94B5641.d.E89F391547A221D8658F9BF4964520A8.e.16003","ELEMENT":"f.AE569C338F7BE8C487FB69BDD94B5641.d.E89F391547A221D8658F9BF4964520A8.e.16003"}]}
RESULT: {"script":"<script> [56 bytes]","args":[{"element-6066-11e4-a52e-4f735466cecf":"f.AE569C338F7BE8C487FB69BDD94B5641.d.E89F391547A221D8658F9BF4964520A8.e.16003","ELEMENT":"f.AE569C338F7BE8C487FB69BDD94B5641.d.E89F391547A221D8658F9BF4964520A8.e.16003"}]}
COMMAND: GET /session/fe219389c4a652ed804fe0697356972e/screenshot - {}
]]></system-out>
    </testcase>
    <testcase classname="chrome.136_0_7103_93.windows.Provide_to_Site_w/o_warehouse_management_w_clarification" name="Should do provide to site" time="127.789">
      <system-out><![CDATA[
COMMAND: POST /session/fe219389c4a652ed804fe0697356972e/element - {"using":"xpath","value":"//button[@data-kt=\"provideButton\"]"}
RESULT: {}
RESULT: {"using":"xpath","value":"//button[@data-kt=\"provideButton\"]"}
COMMAND: POST /session/fe219389c4a652ed804fe0697356972e/element/f.AE569C338F7BE8C487FB69BDD94B5641.d.E89F391547A221D8658F9BF4964520A8.e.16004/click - {}
RESULT: {}
COMMAND: GET /session/fe219389c4a652ed804fe0697356972e/screenshot - {}
RESULT: {}
COMMAND: POST /session/fe219389c4a652ed804fe0697356972e/element - {"using":"xpath","value":"(//div[contains(@id, \"application-managehandovers-display-component---AddNewHO--oneStep-CbBg\")])"}
RESULT: {"using":"xpath","value":"(//div[contains(@id, \"application-managehandovers-display-component---AddNewHO--oneStep-CbBg\")])"}
COMMAND: POST /session/fe219389c4a652ed804fe0697356972e/element - {"using":"xpath","value":"(//div[contains(@id, \"application-managehandovers-display-component---AddNewHO--oneStep-CbBg\")])/input"}
RESULT: {"using":"xpath","value":"(//div[contains(@id, \"application-managehandovers-display-component---AddNewHO--oneStep-CbBg\")])/input"}
COMMAND: GET /session/fe219389c4a652ed804fe0697356972e/element/f.AE569C338F7BE8C487FB69BDD94B5641.d.E89F391547A221D8658F9BF4964520A8.e.16098/attribute/checked - {}
RESULT: {}
RESULT: undefined
COMMAND: POST /session/fe219389c4a652ed804fe0697356972e/execute/async - {"script":"<script> [6424 bytes]","args":[{"element-6066-11e4-a52e-4f735466cecf":"f.AE569C338F7BE8C487FB69BDD94B5641.d.E89F391547A221D8658F9BF4964520A8.e.14952"},"setValue",["05/29/25"]]}
COMMAND: POST /session/fe219389c4a652ed804fe0697356972e/element/f.AE569C338F7BE8C487FB69BDD94B5641.d.E89F391547A221D8658F9BF4964520A8.e.16308/click - {}
COMMAND: POST /session/fe219389c4a652ed804fe0697356972e/execute/async - {"script":"<script> [1562 bytes]","args":[{"selector":{"id":"application-managehandovers-display-component---AddNewHO--dueDate","interaction":{"idSuffix":"inner"}},"wdio_ui5_key":"applicationmanagehandovers-display-component---AddNewHO--dueDate"}]}
RESULT: {}
COMMAND: GET /session/fe219389c4a652ed804fe0697356972e/screenshot - {}
RESULT: {"script":"<script> [1562 bytes]","args":[{"selector":{"id":"application-managehandovers-display-component---AddNewHO--dueDate","interaction":{"idSuffix":"inner"}},"wdio_ui5_key":"applicationmanagehandovers-display-component---AddNewHO--dueDate"}]}
COMMAND: POST /session/fe219389c4a652ed804fe0697356972e/execute/async - {"script":"<script> [6424 bytes]","args":[{"element-6066-11e4-a52e-4f735466cecf":"f.AE569C338F7BE8C487FB69BDD94B5641.d.E89F391547A221D8658F9BF4964520A8.e.16094"},"setValue",["05/29/25"]]}
RESULT: {}
RESULT: {"script":"<script> [6424 bytes]","args":[{"element-6066-11e4-a52e-4f735466cecf":"f.AE569C338F7BE8C487FB69BDD94B5641.d.E89F391547A221D8658F9BF4964520A8.e.16094"},"setValue",["05/29/25"]]}
COMMAND: POST /session/fe219389c4a652ed804fe0697356972e/element - {"using":"xpath","value":"//bdi[contains(text(), \"Instructions\")]"}
RESULT: {"using":"xpath","value":"//bdi[contains(text(), \"Instructions\")]"}
COMMAND: POST /session/fe219389c4a652ed804fe0697356972e/element/f.AE569C338F7BE8C487FB69BDD94B5641.d.E89F391547A221D8658F9BF4964520A8.e.16312/click - {}
RESULT: {}
COMMAND: GET /session/fe219389c4a652ed804fe0697356972e/screenshot - {}
RESULT: {}
COMMAND: POST /session/fe219389c4a652ed804fe0697356972e/element - {"using":"xpath","value":"//button[@data-kt=\"AddNewHOProvideAddItemsButton\"]"}
RESULT: {"using":"xpath","value":"//button[@data-kt=\"AddNewHOProvideAddItemsButton\"]"}
COMMAND: POST /session/fe219389c4a652ed804fe0697356972e/element/f.AE569C338F7BE8C487FB69BDD94B5641.d.E89F391547A221D8658F9BF4964520A8.e.16315/click - {}
RESULT: {}
COMMAND: GET /session/fe219389c4a652ed804fe0697356972e/screenshot - {}
RESULT: {}
RESULT: undefined
COMMAND: POST /session/fe219389c4a652ed804fe0697356972e/element - {"using":"xpath","value":"//*[@id=\"application-managehandovers-display-component---AddNewHO--popup-sa\"]"}
RESULT: {"using":"xpath","value":"//*[@id=\"application-managehandovers-display-component---AddNewHO--popup-sa\"]"}
COMMAND: POST /session/fe219389c4a652ed804fe0697356972e/element/f.AE569C338F7BE8C487FB69BDD94B5641.d.E89F391547A221D8658F9BF4964520A8.e.16332/click - {}
RESULT: {}
COMMAND: GET /session/fe219389c4a652ed804fe0697356972e/screenshot - {}
RESULT: {}
COMMAND: POST /session/fe219389c4a652ed804fe0697356972e/element - {"using":"xpath","value":"//*[contains(@id ,\"BDI-content\")][contains(text(), \"Select\")]"}
RESULT: {"using":"xpath","value":"//*[contains(@id ,\"BDI-content\")][contains(text(), \"Select\")]"}
COMMAND: POST /session/fe219389c4a652ed804fe0697356972e/element/f.AE569C338F7BE8C487FB69BDD94B5641.d.E89F391547A221D8658F9BF4964520A8.e.16333/click - {}
RESULT: {}
COMMAND: GET /session/fe219389c4a652ed804fe0697356972e/screenshot - {}
RESULT: {}
COMMAND: POST /session/fe219389c4a652ed804fe0697356972e/execute/async - {"script":"<script> [1562 bytes]","args":[{"selector":{"id":"application-managehandovers-display-component---AddNewHO--confirmCreationButton","interaction":{"idSuffix":"BDI-content"}},"wdio_ui5_key":"applicationmanagehandovers-display-component---AddNewHO--confirmCreationButton"}]}
RESULT: {"script":"<script> [1562 bytes]","args":[{"selector":{"id":"application-managehandovers-display-component---AddNewHO--confirmCreationButton","interaction":{"idSuffix":"BDI-content"}},"wdio_ui5_key":"applicationmanagehandovers-display-component---AddNewHO--confirmCreationButton"}]}
RESULT: undefined
COMMAND: POST /session/fe219389c4a652ed804fe0697356972e/element - {"using":"xpath","value":"//*[@id=\"application-managehandovers-display-component---AddNewHO--confirmCreationButton\"]"}
RESULT: {"using":"xpath","value":"//*[@id=\"application-managehandovers-display-component---AddNewHO--confirmCreationButton\"]"}
COMMAND: POST /session/fe219389c4a652ed804fe0697356972e/element/f.AE569C338F7BE8C487FB69BDD94B5641.d.E89F391547A221D8658F9BF4964520A8.e.16141/click - {}
RESULT: {}
COMMAND: GET /session/fe219389c4a652ed804fe0697356972e/screenshot - {}
RESULT: {}
COMMAND: POST /session/fe219389c4a652ed804fe0697356972e/execute/async - {"script":"<script> [1562 bytes]","args":[{"selector":{"id":"issueDatePicker","viewName":"etm.portal.ui.managehandovers.view.DetailExecuteHO","interaction":{"idSuffix":"inner"}},"wdio_ui5_key":"issueDatePickeretmportal.ui.managehandovers.view.DetailExecuteHO"}]}
RESULT: {"script":"<script> [1562 bytes]","args":[{"selector":{"id":"issueDatePicker","viewName":"etm.portal.ui.managehandovers.view.DetailExecuteHO","interaction":{"idSuffix":"inner"}},"wdio_ui5_key":"issueDatePickeretmportal.ui.managehandovers.view.DetailExecuteHO"}]}
RESULT: undefined
COMMAND: POST /session/fe219389c4a652ed804fe0697356972e/execute/async - {"script":"<script> [776 bytes]","args":[{"enterText":"5/29/25","selector":{"id":"issueDatePicker","viewName":"etm.portal.ui.managehandovers.view.DetailExecuteHO","interaction":{"idSuffix":"inner"}},"clearTextFirst":true,"interactionType":"ENTER_TEXT"}]}
RESULT: {"script":"<script> [776 bytes]","args":[{"enterText":"5/29/25","selector":{"id":"issueDatePicker","viewName":"etm.portal.ui.managehandovers.view.DetailExecuteHO","interaction":{"idSuffix":"inner"}},"clearTextFirst":true,"interactionType":"ENTER_TEXT"}]}
COMMAND: POST /session/fe219389c4a652ed804fe0697356972e/element - {"using":"xpath","value":"//button[@data-kt=\"PickingTableConfirmAllButton\"]"}
RESULT: {"using":"xpath","value":"//button[@data-kt=\"PickingTableConfirmAllButton\"]"}
COMMAND: POST /session/fe219389c4a652ed804fe0697356972e/element/f.AE569C338F7BE8C487FB69BDD94B5641.d.E89F391547A221D8658F9BF4964520A8.e.16391/click - {}
RESULT: {}
COMMAND: GET /session/fe219389c4a652ed804fe0697356972e/screenshot - {}
RESULT: {}
COMMAND: POST /session/fe219389c4a652ed804fe0697356972e/element - {"using":"xpath","value":"//bdi[contains(text(), \"OK\")]"}
RESULT: {"using":"xpath","value":"//bdi[contains(text(), \"OK\")]"}
COMMAND: POST /session/fe219389c4a652ed804fe0697356972e/element/f.AE569C338F7BE8C487FB69BDD94B5641.d.E89F391547A221D8658F9BF4964520A8.e.16394/click - {}
RESULT: {}
COMMAND: GET /session/fe219389c4a652ed804fe0697356972e/screenshot - {}
RESULT: {}
COMMAND: POST /session/fe219389c4a652ed804fe0697356972e/element - {"using":"xpath","value":"//button[@data-kt=\"execHoPickButton\"]"}
RESULT: {"using":"xpath","value":"//button[@data-kt=\"execHoPickButton\"]"}
COMMAND: POST /session/fe219389c4a652ed804fe0697356972e/element/f.AE569C338F7BE8C487FB69BDD94B5641.d.E89F391547A221D8658F9BF4964520A8.e.16396/click - {}
RESULT: {}
COMMAND: GET /session/fe219389c4a652ed804fe0697356972e/screenshot - {}
RESULT: {}
COMMAND: POST /session/fe219389c4a652ed804fe0697356972e/element - {"using":"xpath","value":"//span[contains(@id ,\"filterItemControl_BASIC-RECEIVE_CONTRACT-vhi\")]"}
RESULT: {"using":"xpath","value":"//span[contains(@id ,\"filterItemControl_BASIC-RECEIVE_CONTRACT-vhi\")]"}
COMMAND: POST /session/fe219389c4a652ed804fe0697356972e/element/f.AE569C338F7BE8C487FB69BDD94B5641.d.E89F391547A221D8658F9BF4964520A8.e.16568/click - {}
RESULT: {}
COMMAND: GET /session/fe219389c4a652ed804fe0697356972e/screenshot - {}
RESULT: {}
COMMAND: POST /session/fe219389c4a652ed804fe0697356972e/execute/async - {"script":"<script> [1562 bytes]","args":[{"selector":{"controlType":"sap.m.SearchField","viewName":"etm.portal.ui.managehandovers.view.MasterHO","bindingPath":{"path":"","propertyPath":"/_BASIC_SEARCH_FIELD","modelName":"fi1t3rM0d31"},"searchOpenDialogs":true,"interaction":{"idSuffix":"I"}},"wdio_ui5_key":"etmportal.ui.managehandovers.view.MasterHOsap.m.SearchField{\"path\":\"\",\"propertyPath\":\"/_BASIC_SEARCH_FIELD\",\"modelName\":\"fi1t3rM0d31\"}"}]}
RESULT: {"script":"<script> [1562 bytes]","args":[{"selector":{"controlType":"sap.m.SearchField","viewName":"etm.portal.ui.managehandovers.view.MasterHO","bindingPath":{"path":"","propertyPath":"/_BASIC_SEARCH_FIELD","modelName":"fi1t3rM0d31"},"searchOpenDialogs":true,"interaction":{"idSuffix":"I"}},"wdio_ui5_key":"etmportal.ui.managehandovers.view.MasterHOsap.m.SearchField{\"path\":\"\",\"propertyPath\":\"/_BASIC_SEARCH_FIELD\",\"modelName\":\"fi1t3rM0d31\"}"}]}
RESULT: undefined
COMMAND: POST /session/fe219389c4a652ed804fe0697356972e/execute/async - {"script":"<script> [776 bytes]","args":[{"enterText":"10377","selector":{"controlType":"sap.m.SearchField","viewName":"etm.portal.ui.managehandovers.view.MasterHO","bindingPath":{"path":"","propertyPath":"/_BASIC_SEARCH_FIELD","modelName":"fi1t3rM0d31"},"searchOpenDialogs":true,"interaction":{"idSuffix":"I"}},"clearTextFirst":true,"interactionType":"ENTER_TEXT"}]}
RESULT: {"script":"<script> [776 bytes]","args":[{"enterText":"10377","selector":{"controlType":"sap.m.SearchField","viewName":"etm.portal.ui.managehandovers.view.MasterHO","bindingPath":{"path":"","propertyPath":"/_BASIC_SEARCH_FIELD","modelName":"fi1t3rM0d31"},"searchOpenDialogs":true,"interaction":{"idSuffix":"I"}},"clearTextFirst":true,"interactionType":"ENTER_TEXT"}]}
COMMAND: POST /session/fe219389c4a652ed804fe0697356972e/actions - {"actions":[{"id":"action50","type":"key","parameters":{},"actions":[{"type":"keyDown","value":""},{"type":"pause","duration":10},{"type":"keyUp","value":""}]}]}
RESULT: {"actions":[{"id":"action50","type":"key","parameters":{},"actions":[{"type":"keyDown","value":""},{"type":"pause","duration":10},{"type":"keyUp","value":""}]}]}
COMMAND: GET /session/fe219389c4a652ed804fe0697356972e/screenshot - {}
RESULT: {}
COMMAND: POST /session/fe219389c4a652ed804fe0697356972e/element - {"using":"xpath","value":"//div[contains(@id, 'filterItemControl_BASIC-RECEIVE_CONTRACT-valueHelpDialog-table-rowsel0')]"}
RESULT: {"using":"xpath","value":"//div[contains(@id, 'filterItemControl_BASIC-RECEIVE_CONTRACT-valueHelpDialog-table-rowsel0')]"}
COMMAND: POST /session/fe219389c4a652ed804fe0697356972e/element/f.AE569C338F7BE8C487FB69BDD94B5641.d.E89F391547A221D8658F9BF4964520A8.e.16578/click - {}
RESULT: {}
COMMAND: GET /session/fe219389c4a652ed804fe0697356972e/screenshot - {}
RESULT: {}
COMMAND: POST /session/fe219389c4a652ed804fe0697356972e/element - {"using":"xpath","value":"//bdi[contains(text(), \"OK\")]"}
RESULT: {"using":"xpath","value":"//bdi[contains(text(), \"OK\")]"}
COMMAND: POST /session/fe219389c4a652ed804fe0697356972e/element/f.AE569C338F7BE8C487FB69BDD94B5641.d.E89F391547A221D8658F9BF4964520A8.e.16580/click - {}
RESULT: {}
COMMAND: GET /session/fe219389c4a652ed804fe0697356972e/screenshot - {}
RESULT: {}
COMMAND: POST /session/fe219389c4a652ed804fe0697356972e/element - {"using":"xpath","value":"//span[contains(@id, \"smartTable-header-inner\")]"}
RESULT: {"using":"xpath","value":"//span[contains(@id, \"smartTable-header-inner\")]"}
COMMAND: POST /session/fe219389c4a652ed804fe0697356972e/elements - {"using":"xpath","value":"//span[contains(@id, \"smartTable-header-inner\")]"}
RESULT: {"using":"xpath","value":"//span[contains(@id, \"smartTable-header-inner\")]"}
COMMAND: POST /session/fe219389c4a652ed804fe0697356972e/execute/sync - {"script":"<script> [56 bytes]","args":[{"element-6066-11e4-a52e-4f735466cecf":"f.AE569C338F7BE8C487FB69BDD94B5641.d.E89F391547A221D8658F9BF4964520A8.e.16609","ELEMENT":"f.AE569C338F7BE8C487FB69BDD94B5641.d.E89F391547A221D8658F9BF4964520A8.e.16609"}]}
RESULT: {"script":"<script> [56 bytes]","args":[{"element-6066-11e4-a52e-4f735466cecf":"f.AE569C338F7BE8C487FB69BDD94B5641.d.E89F391547A221D8658F9BF4964520A8.e.16609","ELEMENT":"f.AE569C338F7BE8C487FB69BDD94B5641.d.E89F391547A221D8658F9BF4964520A8.e.16609"}]}
COMMAND: POST /session/fe219389c4a652ed804fe0697356972e/element - {"using":"xpath","value":"//table[contains(@id, \"customHandovers\")]//tbody/tr[1]/td[2]/span"}
COMMAND: GET /session/fe219389c4a652ed804fe0697356972e/screenshot - {}
RESULT: {"using":"xpath","value":"//table[contains(@id, \"customHandovers\")]//tbody/tr[1]/td[2]/span"}
COMMAND: POST /session/fe219389c4a652ed804fe0697356972e/execute/sync - {"script":"<script> [56 bytes]","args":[{"element-6066-11e4-a52e-4f735466cecf":"f.AE569C338F7BE8C487FB69BDD94B5641.d.E89F391547A221D8658F9BF4964520A8.e.16610","ELEMENT":"f.AE569C338F7BE8C487FB69BDD94B5641.d.E89F391547A221D8658F9BF4964520A8.e.16610"}]}
RESULT: {}
RESULT: {"script":"<script> [56 bytes]","args":[{"element-6066-11e4-a52e-4f735466cecf":"f.AE569C338F7BE8C487FB69BDD94B5641.d.E89F391547A221D8658F9BF4964520A8.e.16610","ELEMENT":"f.AE569C338F7BE8C487FB69BDD94B5641.d.E89F391547A221D8658F9BF4964520A8.e.16610"}]}
COMMAND: POST /session/fe219389c4a652ed804fe0697356972e/element - {"using":"xpath","value":"(//span[contains(@id, \"imgNav\")])[1]"}
COMMAND: GET /session/fe219389c4a652ed804fe0697356972e/screenshot - {}
RESULT: {"using":"xpath","value":"(//span[contains(@id, \"imgNav\")])[1]"}
COMMAND: POST /session/fe219389c4a652ed804fe0697356972e/element/f.AE569C338F7BE8C487FB69BDD94B5641.d.E89F391547A221D8658F9BF4964520A8.e.16607/click - {}
RESULT: {}
RESULT: {}
COMMAND: GET /session/fe219389c4a652ed804fe0697356972e/screenshot - {}
RESULT: {}
RESULT: undefined
COMMAND: POST /session/fe219389c4a652ed804fe0697356972e/execute/async - {"script":"<script> [776 bytes]","args":[{"enterText":"5/29/25","selector":{"id":"issueDatePicker","viewName":"etm.portal.ui.managehandovers.view.DetailExecuteHO","interaction":{"idSuffix":"inner"}},"clearTextFirst":true,"interactionType":"ENTER_TEXT"}]}
RESULT: {"script":"<script> [776 bytes]","args":[{"enterText":"5/29/25","selector":{"id":"issueDatePicker","viewName":"etm.portal.ui.managehandovers.view.DetailExecuteHO","interaction":{"idSuffix":"inner"}},"clearTextFirst":true,"interactionType":"ENTER_TEXT"}]}
COMMAND: POST /session/fe219389c4a652ed804fe0697356972e/element - {"using":"xpath","value":"//button[@data-kt=\"IssuingTableConfirmAllButton\"]"}
RESULT: {"using":"xpath","value":"//button[@data-kt=\"IssuingTableConfirmAllButton\"]"}
COMMAND: POST /session/fe219389c4a652ed804fe0697356972e/element/f.AE569C338F7BE8C487FB69BDD94B5641.d.E89F391547A221D8658F9BF4964520A8.e.16629/click - {}
RESULT: {}
COMMAND: GET /session/fe219389c4a652ed804fe0697356972e/screenshot - {}
RESULT: {}
COMMAND: POST /session/fe219389c4a652ed804fe0697356972e/element - {"using":"xpath","value":"//bdi[contains(text(), \"OK\")]"}
RESULT: {"using":"xpath","value":"//bdi[contains(text(), \"OK\")]"}
COMMAND: POST /session/fe219389c4a652ed804fe0697356972e/element/f.AE569C338F7BE8C487FB69BDD94B5641.d.E89F391547A221D8658F9BF4964520A8.e.16662/click - {}
RESULT: {}
COMMAND: GET /session/fe219389c4a652ed804fe0697356972e/screenshot - {}
RESULT: {}
COMMAND: POST /session/fe219389c4a652ed804fe0697356972e/element - {"using":"xpath","value":"//button[@data-kt=\"execHoIssueButton\"]"}
RESULT: {"using":"xpath","value":"//button[@data-kt=\"execHoIssueButton\"]"}
COMMAND: POST /session/fe219389c4a652ed804fe0697356972e/element/f.AE569C338F7BE8C487FB69BDD94B5641.d.E89F391547A221D8658F9BF4964520A8.e.16663/click - {}
RESULT: {}
COMMAND: GET /session/fe219389c4a652ed804fe0697356972e/screenshot - {}
RESULT: {}
COMMAND: POST /session/fe219389c4a652ed804fe0697356972e/element - {"using":"xpath","value":"//input[contains(@id ,\"smartFilterBar-btnBasicSearch-I\")]"}
RESULT: {"using":"xpath","value":"//input[contains(@id ,\"smartFilterBar-btnBasicSearch-I\")]"}
COMMAND: POST /session/fe219389c4a652ed804fe0697356972e/elements - {"using":"xpath","value":"//input[contains(@id ,\"smartFilterBar-btnBasicSearch-I\")]"}
RESULT: {"using":"xpath","value":"//input[contains(@id ,\"smartFilterBar-btnBasicSearch-I\")]"}
COMMAND: POST /session/fe219389c4a652ed804fe0697356972e/execute/sync - {"script":"<script> [8489 bytes]","args":[{"element-6066-11e4-a52e-4f735466cecf":"f.AE569C338F7BE8C487FB69BDD94B5641.d.E89F391547A221D8658F9BF4964520A8.e.16093","ELEMENT":"f.AE569C338F7BE8C487FB69BDD94B5641.d.E89F391547A221D8658F9BF4964520A8.e.16093"}]}
RESULT: {"script":"<script> [8489 bytes]","args":[{"element-6066-11e4-a52e-4f735466cecf":"f.AE569C338F7BE8C487FB69BDD94B5641.d.E89F391547A221D8658F9BF4964520A8.e.16093","ELEMENT":"f.AE569C338F7BE8C487FB69BDD94B5641.d.E89F391547A221D8658F9BF4964520A8.e.16093"}]}
COMMAND: GET /session/fe219389c4a652ed804fe0697356972e/element/f.AE569C338F7BE8C487FB69BDD94B5641.d.E89F391547A221D8658F9BF4964520A8.e.16093/enabled - {}
COMMAND: GET /session/fe219389c4a652ed804fe0697356972e/screenshot - {}
RESULT: {}
COMMAND: POST /session/fe219389c4a652ed804fe0697356972e/element/f.AE569C338F7BE8C487FB69BDD94B5641.d.E89F391547A221D8658F9BF4964520A8.e.16093/clear - {}
COMMAND: GET /session/fe219389c4a652ed804fe0697356972e/screenshot - {}
RESULT: {}
RESULT: {}
COMMAND: POST /session/fe219389c4a652ed804fe0697356972e/element/f.AE569C338F7BE8C487FB69BDD94B5641.d.E89F391547A221D8658F9BF4964520A8.e.16093/value - {"text":"30819"}
COMMAND: GET /session/fe219389c4a652ed804fe0697356972e/screenshot - {}
RESULT: {}
RESULT: {"text":"30819"}
COMMAND: GET /session/fe219389c4a652ed804fe0697356972e/screenshot - {}
RESULT: {}
RESULT: {}
COMMAND: POST /session/fe219389c4a652ed804fe0697356972e/actions - {"actions":[{"id":"action51","type":"key","parameters":{},"actions":[{"type":"keyDown","value":""},{"type":"pause","duration":10},{"type":"keyUp","value":""}]}]}
RESULT: {"actions":[{"id":"action51","type":"key","parameters":{},"actions":[{"type":"keyDown","value":""},{"type":"pause","duration":10},{"type":"keyUp","value":""}]}]}
COMMAND: GET /session/fe219389c4a652ed804fe0697356972e/screenshot - {}
RESULT: {}
COMMAND: POST /session/fe219389c4a652ed804fe0697356972e/element - {"using":"xpath","value":"//span[contains(@id, \"smartTable-header-inner\")]"}
RESULT: {"using":"xpath","value":"//span[contains(@id, \"smartTable-header-inner\")]"}
COMMAND: POST /session/fe219389c4a652ed804fe0697356972e/elements - {"using":"xpath","value":"//span[contains(@id, \"smartTable-header-inner\")]"}
RESULT: {"using":"xpath","value":"//span[contains(@id, \"smartTable-header-inner\")]"}
COMMAND: POST /session/fe219389c4a652ed804fe0697356972e/execute/sync - {"script":"<script> [56 bytes]","args":[{"element-6066-11e4-a52e-4f735466cecf":"f.AE569C338F7BE8C487FB69BDD94B5641.d.E89F391547A221D8658F9BF4964520A8.e.16609","ELEMENT":"f.AE569C338F7BE8C487FB69BDD94B5641.d.E89F391547A221D8658F9BF4964520A8.e.16609"}]}
RESULT: {"script":"<script> [56 bytes]","args":[{"element-6066-11e4-a52e-4f735466cecf":"f.AE569C338F7BE8C487FB69BDD94B5641.d.E89F391547A221D8658F9BF4964520A8.e.16609","ELEMENT":"f.AE569C338F7BE8C487FB69BDD94B5641.d.E89F391547A221D8658F9BF4964520A8.e.16609"}]}
COMMAND: POST /session/fe219389c4a652ed804fe0697356972e/elements - {"using":"xpath","value":"//thead[contains(@class, \"sapMTableTH\")]/tr/th"}
COMMAND: GET /session/fe219389c4a652ed804fe0697356972e/screenshot - {}
RESULT: {"using":"xpath","value":"//thead[contains(@class, \"sapMTableTH\")]/tr/th"}
COMMAND: GET /session/fe219389c4a652ed804fe0697356972e/element/f.AE569C338F7BE8C487FB69BDD94B5641.d.E89F391547A221D8658F9BF4964520A8.e.16700/text - {}
RESULT: {}
RESULT: {}
COMMAND: GET /session/fe219389c4a652ed804fe0697356972e/element/f.AE569C338F7BE8C487FB69BDD94B5641.d.E89F391547A221D8658F9BF4964520A8.e.16701/text - {}
RESULT: {}
COMMAND: GET /session/fe219389c4a652ed804fe0697356972e/element/f.AE569C338F7BE8C487FB69BDD94B5641.d.E89F391547A221D8658F9BF4964520A8.e.16087/text - {}
RESULT: {}
COMMAND: GET /session/fe219389c4a652ed804fe0697356972e/element/f.AE569C338F7BE8C487FB69BDD94B5641.d.E89F391547A221D8658F9BF4964520A8.e.16089/text - {}
RESULT: {}
COMMAND: GET /session/fe219389c4a652ed804fe0697356972e/element/f.AE569C338F7BE8C487FB69BDD94B5641.d.E89F391547A221D8658F9BF4964520A8.e.16668/text - {}
RESULT: {}
COMMAND: GET /session/fe219389c4a652ed804fe0697356972e/element/f.AE569C338F7BE8C487FB69BDD94B5641.d.E89F391547A221D8658F9BF4964520A8.e.16669/text - {}
RESULT: {}
COMMAND: GET /session/fe219389c4a652ed804fe0697356972e/element/f.AE569C338F7BE8C487FB69BDD94B5641.d.E89F391547A221D8658F9BF4964520A8.e.16670/text - {}
RESULT: {}
COMMAND: GET /session/fe219389c4a652ed804fe0697356972e/element/f.AE569C338F7BE8C487FB69BDD94B5641.d.E89F391547A221D8658F9BF4964520A8.e.16671/text - {}
RESULT: {}
COMMAND: GET /session/fe219389c4a652ed804fe0697356972e/element/f.AE569C338F7BE8C487FB69BDD94B5641.d.E89F391547A221D8658F9BF4964520A8.e.16672/text - {}
RESULT: {}
COMMAND: GET /session/fe219389c4a652ed804fe0697356972e/element/f.AE569C338F7BE8C487FB69BDD94B5641.d.E89F391547A221D8658F9BF4964520A8.e.16673/text - {}
RESULT: {}
COMMAND: GET /session/fe219389c4a652ed804fe0697356972e/element/f.AE569C338F7BE8C487FB69BDD94B5641.d.E89F391547A221D8658F9BF4964520A8.e.16674/text - {}
RESULT: {}
COMMAND: GET /session/fe219389c4a652ed804fe0697356972e/element/f.AE569C338F7BE8C487FB69BDD94B5641.d.E89F391547A221D8658F9BF4964520A8.e.16675/text - {}
RESULT: {}
COMMAND: GET /session/fe219389c4a652ed804fe0697356972e/element/f.AE569C338F7BE8C487FB69BDD94B5641.d.E89F391547A221D8658F9BF4964520A8.e.16676/text - {}
RESULT: {}
COMMAND: GET /session/fe219389c4a652ed804fe0697356972e/element/f.AE569C338F7BE8C487FB69BDD94B5641.d.E89F391547A221D8658F9BF4964520A8.e.16090/text - {}
RESULT: {}
COMMAND: POST /session/fe219389c4a652ed804fe0697356972e/element - {"using":"xpath","value":"//tbody[contains(@id, \"customHandoversTable-tblBody\")]/tr[1]/td[14]/div/span"}
RESULT: {"using":"xpath","value":"//tbody[contains(@id, \"customHandoversTable-tblBody\")]/tr[1]/td[14]/div/span"}
COMMAND: POST /session/fe219389c4a652ed804fe0697356972e/execute/sync - {"script":"<script> [56 bytes]","args":[{"element-6066-11e4-a52e-4f735466cecf":"f.AE569C338F7BE8C487FB69BDD94B5641.d.E89F391547A221D8658F9BF4964520A8.e.16750","ELEMENT":"f.AE569C338F7BE8C487FB69BDD94B5641.d.E89F391547A221D8658F9BF4964520A8.e.16750"}]}
RESULT: {"script":"<script> [56 bytes]","args":[{"element-6066-11e4-a52e-4f735466cecf":"f.AE569C338F7BE8C487FB69BDD94B5641.d.E89F391547A221D8658F9BF4964520A8.e.16750","ELEMENT":"f.AE569C338F7BE8C487FB69BDD94B5641.d.E89F391547A221D8658F9BF4964520A8.e.16750"}]}
COMMAND: POST /session/fe219389c4a652ed804fe0697356972e/element - {"using":"xpath","value":"(//span[contains(@id, \"imgNav\")])[1]"}
COMMAND: GET /session/fe219389c4a652ed804fe0697356972e/screenshot - {}
RESULT: {"using":"xpath","value":"(//span[contains(@id, \"imgNav\")])[1]"}
COMMAND: POST /session/fe219389c4a652ed804fe0697356972e/element/f.AE569C338F7BE8C487FB69BDD94B5641.d.E89F391547A221D8658F9BF4964520A8.e.16751/click - {}
RESULT: {}
RESULT: {}
COMMAND: GET /session/fe219389c4a652ed804fe0697356972e/screenshot - {}
RESULT: {}
RESULT: undefined
COMMAND: POST /session/fe219389c4a652ed804fe0697356972e/execute/async - {"script":"<script> [776 bytes]","args":[{"enterText":"05/29/25","selector":{"id":"receiptDatePicker","viewName":"etm.portal.ui.managehandovers.view.DetailExecuteHO","interaction":{"idSuffix":"inner"}},"clearTextFirst":true,"interactionType":"ENTER_TEXT"}]}
RESULT: {"script":"<script> [776 bytes]","args":[{"enterText":"05/29/25","selector":{"id":"receiptDatePicker","viewName":"etm.portal.ui.managehandovers.view.DetailExecuteHO","interaction":{"idSuffix":"inner"}},"clearTextFirst":true,"interactionType":"ENTER_TEXT"}]}
COMMAND: POST /session/fe219389c4a652ed804fe0697356972e/element - {"using":"xpath","value":"//bdi[contains(text(), \"OK\")]"}
RESULT: {"using":"xpath","value":"//bdi[contains(text(), \"OK\")]"}
COMMAND: POST /session/fe219389c4a652ed804fe0697356972e/element/f.AE569C338F7BE8C487FB69BDD94B5641.d.E89F391547A221D8658F9BF4964520A8.e.16784/click - {}
RESULT: {}
COMMAND: GET /session/fe219389c4a652ed804fe0697356972e/screenshot - {}
RESULT: {}
COMMAND: POST /session/fe219389c4a652ed804fe0697356972e/element - {"using":"xpath","value":"//button[@data-kt=\"ReceivingTableConfirmAllButton\"]"}
RESULT: {"using":"xpath","value":"//button[@data-kt=\"ReceivingTableConfirmAllButton\"]"}
COMMAND: POST /session/fe219389c4a652ed804fe0697356972e/element/f.AE569C338F7BE8C487FB69BDD94B5641.d.E89F391547A221D8658F9BF4964520A8.e.16771/click - {}
RESULT: {}
COMMAND: GET /session/fe219389c4a652ed804fe0697356972e/screenshot - {}
RESULT: {}
COMMAND: POST /session/fe219389c4a652ed804fe0697356972e/element - {"using":"xpath","value":"//bdi[contains(text(), \"OK\")]"}
RESULT: {"using":"xpath","value":"//bdi[contains(text(), \"OK\")]"}
COMMAND: POST /session/fe219389c4a652ed804fe0697356972e/element/f.AE569C338F7BE8C487FB69BDD94B5641.d.E89F391547A221D8658F9BF4964520A8.e.16796/click - {}
RESULT: {}
COMMAND: GET /session/fe219389c4a652ed804fe0697356972e/screenshot - {}
RESULT: {}
COMMAND: POST /session/fe219389c4a652ed804fe0697356972e/element - {"using":"xpath","value":"//button[@data-kt= \"execHoReceiveButton\"]"}
RESULT: {"using":"xpath","value":"//button[@data-kt= \"execHoReceiveButton\"]"}
COMMAND: POST /session/fe219389c4a652ed804fe0697356972e/element/f.AE569C338F7BE8C487FB69BDD94B5641.d.E89F391547A221D8658F9BF4964520A8.e.16797/click - {}
RESULT: {}
COMMAND: GET /session/fe219389c4a652ed804fe0697356972e/screenshot - {}
RESULT: {}
COMMAND: POST /session/fe219389c4a652ed804fe0697356972e/element - {"using":"xpath","value":"//input[contains(@id ,\"smartFilterBar-btnBasicSearch-I\")]"}
RESULT: {"using":"xpath","value":"//input[contains(@id ,\"smartFilterBar-btnBasicSearch-I\")]"}
COMMAND: POST /session/fe219389c4a652ed804fe0697356972e/elements - {"using":"xpath","value":"//input[contains(@id ,\"smartFilterBar-btnBasicSearch-I\")]"}
RESULT: {"using":"xpath","value":"//input[contains(@id ,\"smartFilterBar-btnBasicSearch-I\")]"}
COMMAND: POST /session/fe219389c4a652ed804fe0697356972e/execute/sync - {"script":"<script> [8489 bytes]","args":[{"element-6066-11e4-a52e-4f735466cecf":"f.AE569C338F7BE8C487FB69BDD94B5641.d.E89F391547A221D8658F9BF4964520A8.e.16093","ELEMENT":"f.AE569C338F7BE8C487FB69BDD94B5641.d.E89F391547A221D8658F9BF4964520A8.e.16093"}]}
RESULT: {"script":"<script> [8489 bytes]","args":[{"element-6066-11e4-a52e-4f735466cecf":"f.AE569C338F7BE8C487FB69BDD94B5641.d.E89F391547A221D8658F9BF4964520A8.e.16093","ELEMENT":"f.AE569C338F7BE8C487FB69BDD94B5641.d.E89F391547A221D8658F9BF4964520A8.e.16093"}]}
COMMAND: GET /session/fe219389c4a652ed804fe0697356972e/element/f.AE569C338F7BE8C487FB69BDD94B5641.d.E89F391547A221D8658F9BF4964520A8.e.16093/enabled - {}
COMMAND: GET /session/fe219389c4a652ed804fe0697356972e/screenshot - {}
RESULT: {}
COMMAND: POST /session/fe219389c4a652ed804fe0697356972e/element/f.AE569C338F7BE8C487FB69BDD94B5641.d.E89F391547A221D8658F9BF4964520A8.e.16093/clear - {}
COMMAND: GET /session/fe219389c4a652ed804fe0697356972e/screenshot - {}
RESULT: {}
RESULT: {}
COMMAND: POST /session/fe219389c4a652ed804fe0697356972e/element/f.AE569C338F7BE8C487FB69BDD94B5641.d.E89F391547A221D8658F9BF4964520A8.e.16093/value - {"text":"30819"}
COMMAND: GET /session/fe219389c4a652ed804fe0697356972e/screenshot - {}
RESULT: {}
RESULT: {"text":"30819"}
COMMAND: GET /session/fe219389c4a652ed804fe0697356972e/screenshot - {}
RESULT: {}
RESULT: {}
COMMAND: POST /session/fe219389c4a652ed804fe0697356972e/actions - {"actions":[{"id":"action52","type":"key","parameters":{},"actions":[{"type":"keyDown","value":""},{"type":"pause","duration":10},{"type":"keyUp","value":""}]}]}
RESULT: {"actions":[{"id":"action52","type":"key","parameters":{},"actions":[{"type":"keyDown","value":""},{"type":"pause","duration":10},{"type":"keyUp","value":""}]}]}
COMMAND: GET /session/fe219389c4a652ed804fe0697356972e/screenshot - {}
RESULT: {}
COMMAND: POST /session/fe219389c4a652ed804fe0697356972e/element - {"using":"xpath","value":"//span[contains(@id, \"smartTable-header-inner\")]"}
RESULT: {"using":"xpath","value":"//span[contains(@id, \"smartTable-header-inner\")]"}
COMMAND: POST /session/fe219389c4a652ed804fe0697356972e/elements - {"using":"xpath","value":"//span[contains(@id, \"smartTable-header-inner\")]"}
RESULT: {"using":"xpath","value":"//span[contains(@id, \"smartTable-header-inner\")]"}
COMMAND: POST /session/fe219389c4a652ed804fe0697356972e/execute/sync - {"script":"<script> [56 bytes]","args":[{"element-6066-11e4-a52e-4f735466cecf":"f.AE569C338F7BE8C487FB69BDD94B5641.d.E89F391547A221D8658F9BF4964520A8.e.16609","ELEMENT":"f.AE569C338F7BE8C487FB69BDD94B5641.d.E89F391547A221D8658F9BF4964520A8.e.16609"}]}
RESULT: {"script":"<script> [56 bytes]","args":[{"element-6066-11e4-a52e-4f735466cecf":"f.AE569C338F7BE8C487FB69BDD94B5641.d.E89F391547A221D8658F9BF4964520A8.e.16609","ELEMENT":"f.AE569C338F7BE8C487FB69BDD94B5641.d.E89F391547A221D8658F9BF4964520A8.e.16609"}]}
COMMAND: POST /session/fe219389c4a652ed804fe0697356972e/elements - {"using":"xpath","value":"//thead[contains(@class, \"sapMTableTH\")]/tr/th"}
COMMAND: GET /session/fe219389c4a652ed804fe0697356972e/screenshot - {}
RESULT: {"using":"xpath","value":"//thead[contains(@class, \"sapMTableTH\")]/tr/th"}
COMMAND: GET /session/fe219389c4a652ed804fe0697356972e/element/f.AE569C338F7BE8C487FB69BDD94B5641.d.E89F391547A221D8658F9BF4964520A8.e.16700/text - {}
RESULT: {}
RESULT: {}
COMMAND: GET /session/fe219389c4a652ed804fe0697356972e/element/f.AE569C338F7BE8C487FB69BDD94B5641.d.E89F391547A221D8658F9BF4964520A8.e.16701/text - {}
RESULT: {}
COMMAND: GET /session/fe219389c4a652ed804fe0697356972e/element/f.AE569C338F7BE8C487FB69BDD94B5641.d.E89F391547A221D8658F9BF4964520A8.e.16087/text - {}
RESULT: {}
COMMAND: GET /session/fe219389c4a652ed804fe0697356972e/element/f.AE569C338F7BE8C487FB69BDD94B5641.d.E89F391547A221D8658F9BF4964520A8.e.16089/text - {}
RESULT: {}
COMMAND: GET /session/fe219389c4a652ed804fe0697356972e/element/f.AE569C338F7BE8C487FB69BDD94B5641.d.E89F391547A221D8658F9BF4964520A8.e.16802/text - {}
RESULT: {}
COMMAND: GET /session/fe219389c4a652ed804fe0697356972e/element/f.AE569C338F7BE8C487FB69BDD94B5641.d.E89F391547A221D8658F9BF4964520A8.e.16803/text - {}
RESULT: {}
COMMAND: GET /session/fe219389c4a652ed804fe0697356972e/element/f.AE569C338F7BE8C487FB69BDD94B5641.d.E89F391547A221D8658F9BF4964520A8.e.16804/text - {}
RESULT: {}
COMMAND: GET /session/fe219389c4a652ed804fe0697356972e/element/f.AE569C338F7BE8C487FB69BDD94B5641.d.E89F391547A221D8658F9BF4964520A8.e.16805/text - {}
RESULT: {}
COMMAND: GET /session/fe219389c4a652ed804fe0697356972e/element/f.AE569C338F7BE8C487FB69BDD94B5641.d.E89F391547A221D8658F9BF4964520A8.e.16806/text - {}
RESULT: {}
COMMAND: GET /session/fe219389c4a652ed804fe0697356972e/element/f.AE569C338F7BE8C487FB69BDD94B5641.d.E89F391547A221D8658F9BF4964520A8.e.16807/text - {}
RESULT: {}
COMMAND: GET /session/fe219389c4a652ed804fe0697356972e/element/f.AE569C338F7BE8C487FB69BDD94B5641.d.E89F391547A221D8658F9BF4964520A8.e.16808/text - {}
RESULT: {}
COMMAND: GET /session/fe219389c4a652ed804fe0697356972e/element/f.AE569C338F7BE8C487FB69BDD94B5641.d.E89F391547A221D8658F9BF4964520A8.e.16809/text - {}
RESULT: {}
COMMAND: GET /session/fe219389c4a652ed804fe0697356972e/element/f.AE569C338F7BE8C487FB69BDD94B5641.d.E89F391547A221D8658F9BF4964520A8.e.16810/text - {}
RESULT: {}
COMMAND: GET /session/fe219389c4a652ed804fe0697356972e/element/f.AE569C338F7BE8C487FB69BDD94B5641.d.E89F391547A221D8658F9BF4964520A8.e.16090/text - {}
RESULT: {}
COMMAND: POST /session/fe219389c4a652ed804fe0697356972e/element - {"using":"xpath","value":"//tbody[contains(@id, \"customHandoversTable-tblBody\")]/tr[1]/td[14]/div/span"}
RESULT: {"using":"xpath","value":"//tbody[contains(@id, \"customHandoversTable-tblBody\")]/tr[1]/td[14]/div/span"}
COMMAND: POST /session/fe219389c4a652ed804fe0697356972e/execute/sync - {"script":"<script> [56 bytes]","args":[{"element-6066-11e4-a52e-4f735466cecf":"f.AE569C338F7BE8C487FB69BDD94B5641.d.E89F391547A221D8658F9BF4964520A8.e.16868","ELEMENT":"f.AE569C338F7BE8C487FB69BDD94B5641.d.E89F391547A221D8658F9BF4964520A8.e.16868"}]}
RESULT: {"script":"<script> [56 bytes]","args":[{"element-6066-11e4-a52e-4f735466cecf":"f.AE569C338F7BE8C487FB69BDD94B5641.d.E89F391547A221D8658F9BF4964520A8.e.16868","ELEMENT":"f.AE569C338F7BE8C487FB69BDD94B5641.d.E89F391547A221D8658F9BF4964520A8.e.16868"}]}
COMMAND: GET /session/fe219389c4a652ed804fe0697356972e/screenshot - {}
]]></system-out>
    </testcase>
    <testcase classname="chrome.136_0_7103_93.windows.Provide_to_Site_w/o_warehouse_management_w_clarification" name="Should Test for Handover Execution" time="13.145">
      <system-out><![CDATA[
COMMAND: POST /session/fe219389c4a652ed804fe0697356972e/element - {"using":"xpath","value":"(//span[contains(@id, \"imgNav\")])[1]"}
RESULT: {}
RESULT: {"using":"xpath","value":"(//span[contains(@id, \"imgNav\")])[1]"}
COMMAND: POST /session/fe219389c4a652ed804fe0697356972e/element/f.AE569C338F7BE8C487FB69BDD94B5641.d.E89F391547A221D8658F9BF4964520A8.e.16839/click - {}
RESULT: {}
COMMAND: GET /session/fe219389c4a652ed804fe0697356972e/screenshot - {}
RESULT: {}
COMMAND: POST /session/fe219389c4a652ed804fe0697356972e/element - {"using":"css selector","value":"#shell-header-logo"}
RESULT: {"using":"css selector","value":"#shell-header-logo"}
COMMAND: POST /session/fe219389c4a652ed804fe0697356972e/element/f.AE569C338F7BE8C487FB69BDD94B5641.d.E89F391547A221D8658F9BF4964520A8.e.15363/click - {}
RESULT: {}
COMMAND: GET /session/fe219389c4a652ed804fe0697356972e/screenshot - {}
RESULT: {}
]]></system-out>
    </testcase>
    <testcase classname="chrome.136_0_7103_93.windows.Provide_to_Site_w/o_warehouse_management_w_clarification" name="Should test for Clarification" time="0.004">
      <system-out><![CDATA[
COMMAND: POST /session/fe219389c4a652ed804fe0697356972e/element - {"using":"css selector","value":"#j_username"}
COMMAND: POST /session/fe219389c4a652ed804fe0697356972e/url - {"url":"https://qa-testing-00-live-etm-ui.cfapps.eu10-004.hana.ondemand.com/"}
RESULT: {"using":"css selector","value":"#j_username"}
COMMAND: POST /session/fe219389c4a652ed804fe0697356972e/element - {"using":"css selector","value":"#j_username"}
RESULT: {"url":"https://qa-testing-00-live-etm-ui.cfapps.eu10-004.hana.ondemand.com/"}
RESULT: undefined
COMMAND: GET /session/fe219389c4a652ed804fe0697356972e/screenshot - {}
RESULT: {"using":"css selector","value":"#j_username"}
COMMAND: POST /session/fe219389c4a652ed804fe0697356972e/element - {"using":"css selector","value":"#shell-header-logo"}
RESULT: {}
RESULT: {"using":"css selector","value":"#shell-header-logo"}
COMMAND: POST /session/fe219389c4a652ed804fe0697356972e/execute/sync - {"script":"<script> [8489 bytes]","args":[{"element-6066-11e4-a52e-4f735466cecf":"f.AE569C338F7BE8C487FB69BDD94B5641.d.A7443C5DB0680D627A25D12F6512DEBE.e.16919","ELEMENT":"f.AE569C338F7BE8C487FB69BDD94B5641.d.A7443C5DB0680D627A25D12F6512DEBE.e.16919"}]}
RESULT: {"script":"<script> [8489 bytes]","args":[{"element-6066-11e4-a52e-4f735466cecf":"f.AE569C338F7BE8C487FB69BDD94B5641.d.A7443C5DB0680D627A25D12F6512DEBE.e.16919","ELEMENT":"f.AE569C338F7BE8C487FB69BDD94B5641.d.A7443C5DB0680D627A25D12F6512DEBE.e.16919"}]}
COMMAND: POST /session/fe219389c4a652ed804fe0697356972e/element - {"using":"css selector","value":"#shell-header-logo"}
COMMAND: GET /session/fe219389c4a652ed804fe0697356972e/screenshot - {}
RESULT: {"using":"css selector","value":"#shell-header-logo"}
COMMAND: POST /session/fe219389c4a652ed804fe0697356972e/execute/sync - {"script":"<script> [8489 bytes]","args":[{"element-6066-11e4-a52e-4f735466cecf":"f.AE569C338F7BE8C487FB69BDD94B5641.d.A7443C5DB0680D627A25D12F6512DEBE.e.16919","ELEMENT":"f.AE569C338F7BE8C487FB69BDD94B5641.d.A7443C5DB0680D627A25D12F6512DEBE.e.16919"}]}
RESULT: {}
RESULT: {"script":"<script> [8489 bytes]","args":[{"element-6066-11e4-a52e-4f735466cecf":"f.AE569C338F7BE8C487FB69BDD94B5641.d.A7443C5DB0680D627A25D12F6512DEBE.e.16919","ELEMENT":"f.AE569C338F7BE8C487FB69BDD94B5641.d.A7443C5DB0680D627A25D12F6512DEBE.e.16919"}]}
COMMAND: POST /session/fe219389c4a652ed804fe0697356972e/execute/sync - {"script":"<script> [5351 bytes]","args":[{"element-6066-11e4-a52e-4f735466cecf":"f.AE569C338F7BE8C487FB69BDD94B5641.d.A7443C5DB0680D627A25D12F6512DEBE.e.16919","ELEMENT":"f.AE569C338F7BE8C487FB69BDD94B5641.d.A7443C5DB0680D627A25D12F6512DEBE.e.16919"}]}
COMMAND: GET /session/fe219389c4a652ed804fe0697356972e/screenshot - {}
RESULT: {"script":"<script> [5351 bytes]","args":[{"element-6066-11e4-a52e-4f735466cecf":"f.AE569C338F7BE8C487FB69BDD94B5641.d.A7443C5DB0680D627A25D12F6512DEBE.e.16919","ELEMENT":"f.AE569C338F7BE8C487FB69BDD94B5641.d.A7443C5DB0680D627A25D12F6512DEBE.e.16919"}]}
COMMAND: POST /session/fe219389c4a652ed804fe0697356972e/element - {"using":"css selector","value":"#shell-header-logo"}
COMMAND: GET /session/fe219389c4a652ed804fe0697356972e/screenshot - {}
RESULT: {}
RESULT: {"using":"css selector","value":"#shell-header-logo"}
COMMAND: POST /session/fe219389c4a652ed804fe0697356972e/element/f.AE569C338F7BE8C487FB69BDD94B5641.d.A7443C5DB0680D627A25D12F6512DEBE.e.16919/click - {}
RESULT: {}
RESULT: {}
COMMAND: GET /session/fe219389c4a652ed804fe0697356972e/screenshot - {}
RESULT: {}
COMMAND: POST /session/fe219389c4a652ed804fe0697356972e/execute/async - {"script":"<script> [189 bytes]","args":[]}
RESULT: {"script":"<script> [189 bytes]","args":[]}
COMMAND: POST /session/fe219389c4a652ed804fe0697356972e/execute/async - {"script":"<script> [123 bytes]","args":[]}
RESULT: {"script":"<script> [123 bytes]","args":[]}
COMMAND: POST /session/fe219389c4a652ed804fe0697356972e/timeouts - {"script":"<number>"}
RESULT: {"script":"<number>"}
COMMAND: GET /session/fe219389c4a652ed804fe0697356972e/timeouts - {}
RESULT: {}
RESULT: undefined
COMMAND: POST /session/fe219389c4a652ed804fe0697356972e/execute/async - {"script":"<script> [2676 bytes]","args":[]}
RESULT: {"script":"<script> [2676 bytes]","args":[]}
COMMAND: POST /session/fe219389c4a652ed804fe0697356972e/execute/async - {"script":"<script> [2342 bytes]","args":[{"protocol":"http","hostname":"0.0.0.0","path":"/","capabilities":{"browserName":"chrome","goog:chromeOptions":{"binary":"C:\\Program Files\\Google\\Chrome\\Application\\chrome.exe","args":["--start-maximized"]}},"logLevel":"warn","connectionRetryTimeout":120000,"connectionRetryCount":3,"logLevels":{},"enableDirectConnect":true,"strictSSL":true,"_":"65 more keys: [\"cacheDir\",\"port\",\"requestedCapabilities\",\"automationProtocol\",\"baseUrl\",\"waitforInterval\",\"waitforTimeout\",\"onReload\",\"beforeCommand\",\"afterCommand\",\"rootDir\",\"specs\",\"suites\",\"exclude\",\"groupLogsByTestSpec\",\"excludeDriverLogs\",\"bail\",\"framework\",\"reporters\",\"services\",\"maxInstances\",\"maxInstancesPerCapability\",\"injectGlobals\",\"filesToWatch\",\"execArgv\",\"runnerEnv\",\"runner\",\"shard\",\"specFileRetries\",\"specFileRetriesDelay\",\"specFileRetriesDeferred\",\"reporterSyncInterval\",\"reporterSyncTimeout\",\"cucumberFeaturesWithLineNumbers\",\"autoCompileOpts\",\"mochaOpts\",\"jasmineOpts\",\"cucumberOpts\",\"onPrepare\",\"onWorkerStart\",\"onWorkerEnd\",\"before\",\"beforeSession\",\"beforeSuite\",\"beforeHook\",\"beforeTest\",\"afterTest\",\"afterHook\",\"afterSuite\",\"afterSession\",\"after\",\"onComplete\",\"beforeAssertion\",\"afterAssertion\",\"beforeFeature\",\"beforeScenario\",\"beforeStep\",\"afterStep\",\"afterScenario\",\"afterFeature\",\"_\",\"suite\",\"$0\",\"ignoredWorkerServices\",\"wdi5\"]"}]}
RESULT: {"script":"<script> [2342 bytes]","args":[{"protocol":"http","hostname":"0.0.0.0","path":"/","capabilities":{"browserName":"chrome","goog:chromeOptions":{"binary":"C:\\Program Files\\Google\\Chrome\\Application\\chrome.exe","args":["--start-maximized"]}},"logLevel":"warn","connectionRetryTimeout":120000,"connectionRetryCount":3,"logLevels":{},"enableDirectConnect":true,"strictSSL":true,"_":"65 more keys: [\"cacheDir\",\"port\",\"requestedCapabilities\",\"automationProtocol\",\"baseUrl\",\"waitforInterval\",\"waitforTimeout\",\"onReload\",\"beforeCommand\",\"afterCommand\",\"rootDir\",\"specs\",\"suites\",\"exclude\",\"groupLogsByTestSpec\",\"excludeDriverLogs\",\"bail\",\"framework\",\"reporters\",\"services\",\"maxInstances\",\"maxInstancesPerCapability\",\"injectGlobals\",\"filesToWatch\",\"execArgv\",\"runnerEnv\",\"runner\",\"shard\",\"specFileRetries\",\"specFileRetriesDelay\",\"specFileRetriesDeferred\",\"reporterSyncInterval\",\"reporterSyncTimeout\",\"cucumberFeaturesWithLineNumbers\",\"autoCompileOpts\",\"mochaOpts\",\"jasmineOpts\",\"cucumberOpts\",\"onPrepare\",\"onWorkerStart\",\"onWorkerEnd\",\"before\",\"beforeSession\",\"beforeSuite\",\"beforeHook\",\"beforeTest\",\"afterTest\",\"afterHook\",\"afterSuite\",\"afterSession\",\"after\",\"onComplete\",\"beforeAssertion\",\"afterAssertion\",\"beforeFeature\",\"beforeScenario\",\"beforeStep\",\"afterStep\",\"afterScenario\",\"afterFeature\",\"_\",\"suite\",\"$0\",\"ignoredWorkerServices\",\"wdi5\"]"}]}
COMMAND: POST /session/fe219389c4a652ed804fe0697356972e/execute/async - {"script":"<script> [21126 bytes]","args":[35000]}
RESULT: {"script":"<script> [21126 bytes]","args":[35000]}
COMMAND: POST /session/fe219389c4a652ed804fe0697356972e/window/maximize - {}
RESULT: {}
COMMAND: POST /session/fe219389c4a652ed804fe0697356972e/execute/async - {"script":"<script> [1562 bytes]","args":[{"selector":{"id":"shell-header","interaction":{"idSuffix":"icon"}},"wdio_ui5_key":"shellheader"}]}
COMMAND: GET /session/fe219389c4a652ed804fe0697356972e/screenshot - {}
RESULT: {"script":"<script> [1562 bytes]","args":[{"selector":{"id":"shell-header","interaction":{"idSuffix":"icon"}},"wdio_ui5_key":"shellheader"}]}
RESULT: undefined
COMMAND: POST /session/fe219389c4a652ed804fe0697356972e/window/fullscreen - {}
RESULT: {}
RESULT: {}
]]></system-out>
    </testcase>
  </testsuite>
  <testsuite timestamp="2025-05-29T17:01:40" time="131.057" tests="4" failures="0" errors="0" skipped="0">
    <properties>
      <property name="specId" value="0"/>
      <property name="suiteName" value="Provide to Site w/o warehouse management w/o clarification US116612"/>
      <property name="capabilities" value="chrome.136_0_7103_93.windows"/>
      <property name="file" value="file:///D:/a/1/s/test/specs/HTR/provide-to-site-wo-warehouse-wo-clarification.spec.js"/>
    </properties>
    <testcase classname="chrome.136_0_7103_93.windows.Provide_to_Site_w/o_warehouse_management_w/o_clarification_US116612" name="Should create a new yard" time="0.009">
      <system-out><![CDATA[
COMMAND: POST /session/fe219389c4a652ed804fe0697356972e/window/fullscreen - {}
RESULT: {}
]]></system-out>
    </testcase>
    <testcase classname="chrome.136_0_7103_93.windows.Provide_to_Site_w/o_warehouse_management_w/o_clarification_US116612" name="Should create a new external partner" time="0.004"/>
    <testcase classname="chrome.136_0_7103_93.windows.Provide_to_Site_w/o_warehouse_management_w/o_clarification_US116612" name="Should create a new site" time="0.003"/>
    <testcase classname="chrome.136_0_7103_93.windows.Provide_to_Site_w/o_warehouse_management_w/o_clarification_US116612" name="Should create a new material" time="119.962">
      <system-out><![CDATA[
COMMAND: POST /session/fe219389c4a652ed804fe0697356972e/execute/async - {"script":"<script> [1562 bytes]","args":[{"selector":{"controlType":"sap.m.GenericTile","properties":{"header":"Manage Resources"}},"wdio_ui5_key":"sapm.GenericTile{\"header\":\"Manage Resources\"}"}]}
RESULT: {"script":"<script> [1562 bytes]","args":[{"selector":{"controlType":"sap.m.GenericTile","properties":{"header":"Manage Resources"}},"wdio_ui5_key":"sapm.GenericTile{\"header\":\"Manage Resources\"}"}]}
RESULT: undefined
COMMAND: POST /session/fe219389c4a652ed804fe0697356972e/element - {"using":"xpath","value":"//*[@id=\"__tile31\"]"}
RESULT: {"using":"xpath","value":"//*[@id=\"__tile31\"]"}
COMMAND: POST /session/fe219389c4a652ed804fe0697356972e/element/f.AE569C338F7BE8C487FB69BDD94B5641.d.A7443C5DB0680D627A25D12F6512DEBE.e.16946/click - {}
RESULT: {}
COMMAND: GET /session/fe219389c4a652ed804fe0697356972e/screenshot - {}
RESULT: {}
COMMAND: POST /session/fe219389c4a652ed804fe0697356972e/elements - {"using":"xpath","value":"//span[text()='Error']"}
RESULT: {"using":"xpath","value":"//span[text()='Error']"}
COMMAND: POST /session/fe219389c4a652ed804fe0697356972e/element - {"using":"xpath","value":"//button[@data-kt=\"addNewRUOverflowToolbarButton\"]"}
RESULT: {"using":"xpath","value":"//button[@data-kt=\"addNewRUOverflowToolbarButton\"]"}
COMMAND: POST /session/fe219389c4a652ed804fe0697356972e/elements - {"using":"xpath","value":"//button[@data-kt=\"addNewRUOverflowToolbarButton\"]"}
RESULT: {"using":"xpath","value":"//button[@data-kt=\"addNewRUOverflowToolbarButton\"]"}
COMMAND: POST /session/fe219389c4a652ed804fe0697356972e/elements - {"using":"xpath","value":"//button[@data-kt=\"addNewRUOverflowToolbarButton\"]"}
RESULT: {"using":"xpath","value":"//button[@data-kt=\"addNewRUOverflowToolbarButton\"]"}
COMMAND: POST /session/fe219389c4a652ed804fe0697356972e/element - {"using":"xpath","value":"//button[@data-kt=\"addNewRUOverflowToolbarButton\"]"}
RESULT: {"using":"xpath","value":"//button[@data-kt=\"addNewRUOverflowToolbarButton\"]"}
COMMAND: POST /session/fe219389c4a652ed804fe0697356972e/execute/sync - {"script":"<script> [8489 bytes]","args":[{"element-6066-11e4-a52e-4f735466cecf":"f.AE569C338F7BE8C487FB69BDD94B5641.d.A7443C5DB0680D627A25D12F6512DEBE.e.17074","ELEMENT":"f.AE569C338F7BE8C487FB69BDD94B5641.d.A7443C5DB0680D627A25D12F6512DEBE.e.17074"}]}
RESULT: {"script":"<script> [8489 bytes]","args":[{"element-6066-11e4-a52e-4f735466cecf":"f.AE569C338F7BE8C487FB69BDD94B5641.d.A7443C5DB0680D627A25D12F6512DEBE.e.17074","ELEMENT":"f.AE569C338F7BE8C487FB69BDD94B5641.d.A7443C5DB0680D627A25D12F6512DEBE.e.17074"}]}
COMMAND: GET /session/fe219389c4a652ed804fe0697356972e/element/f.AE569C338F7BE8C487FB69BDD94B5641.d.A7443C5DB0680D627A25D12F6512DEBE.e.17074/enabled - {}
COMMAND: GET /session/fe219389c4a652ed804fe0697356972e/screenshot - {}
RESULT: {}
COMMAND: POST /session/fe219389c4a652ed804fe0697356972e/execute/sync - {"script":"<script> [8489 bytes]","args":[{"element-6066-11e4-a52e-4f735466cecf":"f.AE569C338F7BE8C487FB69BDD94B5641.d.A7443C5DB0680D627A25D12F6512DEBE.e.17074","ELEMENT":"f.AE569C338F7BE8C487FB69BDD94B5641.d.A7443C5DB0680D627A25D12F6512DEBE.e.17074"}]}
COMMAND: GET /session/fe219389c4a652ed804fe0697356972e/screenshot - {}
RESULT: {}
RESULT: {"script":"<script> [8489 bytes]","args":[{"element-6066-11e4-a52e-4f735466cecf":"f.AE569C338F7BE8C487FB69BDD94B5641.d.A7443C5DB0680D627A25D12F6512DEBE.e.17074","ELEMENT":"f.AE569C338F7BE8C487FB69BDD94B5641.d.A7443C5DB0680D627A25D12F6512DEBE.e.17074"}]}
COMMAND: POST /session/fe219389c4a652ed804fe0697356972e/execute/sync - {"script":"<script> [5351 bytes]","args":[{"element-6066-11e4-a52e-4f735466cecf":"f.AE569C338F7BE8C487FB69BDD94B5641.d.A7443C5DB0680D627A25D12F6512DEBE.e.17074","ELEMENT":"f.AE569C338F7BE8C487FB69BDD94B5641.d.A7443C5DB0680D627A25D12F6512DEBE.e.17074"}]}
COMMAND: GET /session/fe219389c4a652ed804fe0697356972e/screenshot - {}
RESULT: {}
RESULT: {"script":"<script> [5351 bytes]","args":[{"element-6066-11e4-a52e-4f735466cecf":"f.AE569C338F7BE8C487FB69BDD94B5641.d.A7443C5DB0680D627A25D12F6512DEBE.e.17074","ELEMENT":"f.AE569C338F7BE8C487FB69BDD94B5641.d.A7443C5DB0680D627A25D12F6512DEBE.e.17074"}]}
COMMAND: POST /session/fe219389c4a652ed804fe0697356972e/element/f.AE569C338F7BE8C487FB69BDD94B5641.d.A7443C5DB0680D627A25D12F6512DEBE.e.17074/click - {}
COMMAND: GET /session/fe219389c4a652ed804fe0697356972e/screenshot - {}
RESULT: {}
RESULT: {}
RESULT: {}
COMMAND: GET /session/fe219389c4a652ed804fe0697356972e/screenshot - {}
RESULT: {}
COMMAND: POST /session/fe219389c4a652ed804fe0697356972e/execute/async - {"script":"<script> [1562 bytes]","args":[{"selector":{"id":"application-manageresources-display-component---newResourceUnit--TYPE-arrow"},"wdio_ui5_key":"applicationmanageresources-display-component---newResourceUnit--TYPE-arrow"}]}
RESULT: {"script":"<script> [1562 bytes]","args":[{"selector":{"id":"application-manageresources-display-component---newResourceUnit--TYPE-arrow"},"wdio_ui5_key":"applicationmanageresources-display-component---newResourceUnit--TYPE-arrow"}]}
RESULT: undefined
COMMAND: POST /session/fe219389c4a652ed804fe0697356972e/element - {"using":"xpath","value":"//*[@id=\"application-manageresources-display-component---newResourceUnit--TYPE-arrow\"]"}
RESULT: {"using":"xpath","value":"//*[@id=\"application-manageresources-display-component---newResourceUnit--TYPE-arrow\"]"}
COMMAND: POST /session/fe219389c4a652ed804fe0697356972e/element/f.AE569C338F7BE8C487FB69BDD94B5641.d.A7443C5DB0680D627A25D12F6512DEBE.e.17446/click - {}
RESULT: {}
COMMAND: POST /session/fe219389c4a652ed804fe0697356972e/element - {"using":"xpath","value":"//input[@id=\"application-manageresources-display-component---newResourceUnit--TYPE-inner\"]"}
COMMAND: GET /session/fe219389c4a652ed804fe0697356972e/screenshot - {}
RESULT: {"using":"xpath","value":"//input[@id=\"application-manageresources-display-component---newResourceUnit--TYPE-inner\"]"}
COMMAND: POST /session/fe219389c4a652ed804fe0697356972e/element/f.AE569C338F7BE8C487FB69BDD94B5641.d.A7443C5DB0680D627A25D12F6512DEBE.e.17426/clear - {}
RESULT: {}
RESULT: {}
COMMAND: POST /session/fe219389c4a652ed804fe0697356972e/element/f.AE569C338F7BE8C487FB69BDD94B5641.d.A7443C5DB0680D627A25D12F6512DEBE.e.17426/value - {"text":"Material"}
COMMAND: GET /session/fe219389c4a652ed804fe0697356972e/screenshot - {}
RESULT: {"text":"Material"}
COMMAND: GET /session/fe219389c4a652ed804fe0697356972e/screenshot - {}
RESULT: {}
RESULT: {}
COMMAND: POST /session/fe219389c4a652ed804fe0697356972e/actions - {"actions":[{"id":"action53","type":"key","parameters":{},"actions":[{"type":"keyDown","value":""},{"type":"pause","duration":10},{"type":"keyUp","value":""}]}]}
RESULT: {"actions":[{"id":"action53","type":"key","parameters":{},"actions":[{"type":"keyDown","value":""},{"type":"pause","duration":10},{"type":"keyUp","value":""}]}]}
COMMAND: POST /session/fe219389c4a652ed804fe0697356972e/execute/async - {"script":"<script> [1562 bytes]","args":[{"selector":{"id":"application-manageresources-display-component---newResourceUnit--SHORT_TEXT","interaction":{"idSuffix":"inner"}},"wdio_ui5_key":"applicationmanageresources-display-component---newResourceUnit--SHORT_TEXT"}]}
COMMAND: GET /session/fe219389c4a652ed804fe0697356972e/screenshot - {}
RESULT: {"script":"<script> [1562 bytes]","args":[{"selector":{"id":"application-manageresources-display-component---newResourceUnit--SHORT_TEXT","interaction":{"idSuffix":"inner"}},"wdio_ui5_key":"applicationmanageresources-display-component---newResourceUnit--SHORT_TEXT"}]}
RESULT: undefined
COMMAND: POST /session/fe219389c4a652ed804fe0697356972e/execute/async - {"script":"<script> [776 bytes]","args":[{"enterText":"Cement WDIO","selector":{"id":"application-manageresources-display-component---newResourceUnit--SHORT_TEXT","interaction":{"idSuffix":"inner"}},"clearTextFirst":true,"interactionType":"ENTER_TEXT"}]}
RESULT: {}
RESULT: {"script":"<script> [776 bytes]","args":[{"enterText":"Cement WDIO","selector":{"id":"application-manageresources-display-component---newResourceUnit--SHORT_TEXT","interaction":{"idSuffix":"inner"}},"clearTextFirst":true,"interactionType":"ENTER_TEXT"}]}
COMMAND: POST /session/fe219389c4a652ed804fe0697356972e/execute/async - {"script":"<script> [1562 bytes]","args":[{"selector":{"id":"application-manageresources-display-component---newResourceUnit--BASE_UNIT_OF_MEASURE","interaction":{"idSuffix":"inner"}},"wdio_ui5_key":"applicationmanageresources-display-component---newResourceUnit--BASE_UNIT_OF_MEASURE"}]}
RESULT: {"script":"<script> [1562 bytes]","args":[{"selector":{"id":"application-manageresources-display-component---newResourceUnit--BASE_UNIT_OF_MEASURE","interaction":{"idSuffix":"inner"}},"wdio_ui5_key":"applicationmanageresources-display-component---newResourceUnit--BASE_UNIT_OF_MEASURE"}]}
RESULT: undefined
COMMAND: POST /session/fe219389c4a652ed804fe0697356972e/execute/async - {"script":"<script> [776 bytes]","args":[{"enterText":"Piece","selector":{"id":"application-manageresources-display-component---newResourceUnit--BASE_UNIT_OF_MEASURE","interaction":{"idSuffix":"inner"}},"clearTextFirst":true,"interactionType":"ENTER_TEXT"}]}
RESULT: {"script":"<script> [776 bytes]","args":[{"enterText":"Piece","selector":{"id":"application-manageresources-display-component---newResourceUnit--BASE_UNIT_OF_MEASURE","interaction":{"idSuffix":"inner"}},"clearTextFirst":true,"interactionType":"ENTER_TEXT"}]}
COMMAND: POST /session/fe219389c4a652ed804fe0697356972e/execute/async - {"script":"<script> [1562 bytes]","args":[{"selector":{"id":"application-manageresources-display-component---newResourceUnit--WEIGHT_UNIT","interaction":{"idSuffix":"inner"}},"wdio_ui5_key":"applicationmanageresources-display-component---newResourceUnit--WEIGHT_UNIT"}]}
RESULT: {"script":"<script> [1562 bytes]","args":[{"selector":{"id":"application-manageresources-display-component---newResourceUnit--WEIGHT_UNIT","interaction":{"idSuffix":"inner"}},"wdio_ui5_key":"applicationmanageresources-display-component---newResourceUnit--WEIGHT_UNIT"}]}
RESULT: undefined
COMMAND: POST /session/fe219389c4a652ed804fe0697356972e/execute/async - {"script":"<script> [776 bytes]","args":[{"enterText":"Gram","selector":{"id":"application-manageresources-display-component---newResourceUnit--WEIGHT_UNIT","interaction":{"idSuffix":"inner"}},"clearTextFirst":true,"interactionType":"ENTER_TEXT"}]}
RESULT: {"script":"<script> [776 bytes]","args":[{"enterText":"Gram","selector":{"id":"application-manageresources-display-component---newResourceUnit--WEIGHT_UNIT","interaction":{"idSuffix":"inner"}},"clearTextFirst":true,"interactionType":"ENTER_TEXT"}]}
COMMAND: POST /session/fe219389c4a652ed804fe0697356972e/execute/async - {"script":"<script> [1562 bytes]","args":[{"selector":{"id":"application-manageresources-display-component---newResourceUnit--DIMENSION_UNIT","interaction":{"idSuffix":"inner"}},"wdio_ui5_key":"applicationmanageresources-display-component---newResourceUnit--DIMENSION_UNIT"}]}
RESULT: {"script":"<script> [1562 bytes]","args":[{"selector":{"id":"application-manageresources-display-component---newResourceUnit--DIMENSION_UNIT","interaction":{"idSuffix":"inner"}},"wdio_ui5_key":"applicationmanageresources-display-component---newResourceUnit--DIMENSION_UNIT"}]}
RESULT: undefined
COMMAND: POST /session/fe219389c4a652ed804fe0697356972e/execute/async - {"script":"<script> [776 bytes]","args":[{"enterText":"Meter","selector":{"id":"application-manageresources-display-component---newResourceUnit--DIMENSION_UNIT","interaction":{"idSuffix":"inner"}},"clearTextFirst":true,"interactionType":"ENTER_TEXT"}]}
RESULT: {"script":"<script> [776 bytes]","args":[{"enterText":"Meter","selector":{"id":"application-manageresources-display-component---newResourceUnit--DIMENSION_UNIT","interaction":{"idSuffix":"inner"}},"clearTextFirst":true,"interactionType":"ENTER_TEXT"}]}
COMMAND: POST /session/fe219389c4a652ed804fe0697356972e/execute/async - {"script":"<script> [1562 bytes]","args":[{"selector":{"id":"application-manageresources-display-component---newResourceUnit--newRRUPage-anchBar-application-manageresources-display-component---newResourceUnit--control-anchor","interaction":{"idSuffix":"BDI-content"}},"wdio_ui5_key":"applicationmanageresources-display-component---newResourceUnit--newRRUPage-anchBar-application-manageresources-display-component---newResourceUnit--control-anchor"}]}
RESULT: {"script":"<script> [1562 bytes]","args":[{"selector":{"id":"application-manageresources-display-component---newResourceUnit--newRRUPage-anchBar-application-manageresources-display-component---newResourceUnit--control-anchor","interaction":{"idSuffix":"BDI-content"}},"wdio_ui5_key":"applicationmanageresources-display-component---newResourceUnit--newRRUPage-anchBar-application-manageresources-display-component---newResourceUnit--control-anchor"}]}
RESULT: undefined
COMMAND: POST /session/fe219389c4a652ed804fe0697356972e/element - {"using":"xpath","value":"//*[@id=\"application-manageresources-display-component---newResourceUnit--newRRUPage-anchBar-application-manageresources-display-component---newResourceUnit--control-anchor\"]"}
RESULT: {"using":"xpath","value":"//*[@id=\"application-manageresources-display-component---newResourceUnit--newRRUPage-anchBar-application-manageresources-display-component---newResourceUnit--control-anchor\"]"}
COMMAND: POST /session/fe219389c4a652ed804fe0697356972e/element/f.AE569C338F7BE8C487FB69BDD94B5641.d.A7443C5DB0680D627A25D12F6512DEBE.e.17576/click - {}
RESULT: {}
COMMAND: POST /session/fe219389c4a652ed804fe0697356972e/execute/async - {"script":"<script> [1562 bytes]","args":[{"selector":{"id":"application-manageresources-display-component---newResourceUnit--PLANNING_GROUP","interaction":{"idSuffix":"inner"}},"wdio_ui5_key":"applicationmanageresources-display-component---newResourceUnit--PLANNING_GROUP"}]}
COMMAND: GET /session/fe219389c4a652ed804fe0697356972e/screenshot - {}
RESULT: {"script":"<script> [1562 bytes]","args":[{"selector":{"id":"application-manageresources-display-component---newResourceUnit--PLANNING_GROUP","interaction":{"idSuffix":"inner"}},"wdio_ui5_key":"applicationmanageresources-display-component---newResourceUnit--PLANNING_GROUP"}]}
RESULT: undefined
COMMAND: POST /session/fe219389c4a652ed804fe0697356972e/execute/async - {"script":"<script> [776 bytes]","args":[{"enterText":"Material","selector":{"id":"application-manageresources-display-component---newResourceUnit--PLANNING_GROUP","interaction":{"idSuffix":"inner"}},"clearTextFirst":true,"interactionType":"ENTER_TEXT"}]}
RESULT: {}
RESULT: {"script":"<script> [776 bytes]","args":[{"enterText":"Material","selector":{"id":"application-manageresources-display-component---newResourceUnit--PLANNING_GROUP","interaction":{"idSuffix":"inner"}},"clearTextFirst":true,"interactionType":"ENTER_TEXT"}]}
COMMAND: POST /session/fe219389c4a652ed804fe0697356972e/execute/async - {"script":"<script> [1562 bytes]","args":[{"selector":{"id":"application-manageresources-display-component---newResourceUnit--PLANNING_INDICATOR","interaction":{"idSuffix":"inner"}},"wdio_ui5_key":"applicationmanageresources-display-component---newResourceUnit--PLANNING_INDICATOR"}]}
RESULT: {"script":"<script> [1562 bytes]","args":[{"selector":{"id":"application-manageresources-display-component---newResourceUnit--PLANNING_INDICATOR","interaction":{"idSuffix":"inner"}},"wdio_ui5_key":"applicationmanageresources-display-component---newResourceUnit--PLANNING_INDICATOR"}]}
RESULT: undefined
COMMAND: POST /session/fe219389c4a652ed804fe0697356972e/execute/async - {"script":"<script> [776 bytes]","args":[{"enterText":"10 - infinite","selector":{"id":"application-manageresources-display-component---newResourceUnit--PLANNING_INDICATOR","interaction":{"idSuffix":"inner"}},"clearTextFirst":true,"interactionType":"ENTER_TEXT"}]}
RESULT: {"script":"<script> [776 bytes]","args":[{"enterText":"10 - infinite","selector":{"id":"application-manageresources-display-component---newResourceUnit--PLANNING_INDICATOR","interaction":{"idSuffix":"inner"}},"clearTextFirst":true,"interactionType":"ENTER_TEXT"}]}
COMMAND: POST /session/fe219389c4a652ed804fe0697356972e/element - {"using":"css selector","value":"#application-manageresources-display-component---newResourceUnit--btnAddTimeSegment"}
RESULT: {"using":"css selector","value":"#application-manageresources-display-component---newResourceUnit--btnAddTimeSegment"}
COMMAND: GET /session/fe219389c4a652ed804fe0697356972e/element/f.AE569C338F7BE8C487FB69BDD94B5641.d.A7443C5DB0680D627A25D12F6512DEBE.e.17586/rect - {}
RESULT: {}
COMMAND: GET /session/fe219389c4a652ed804fe0697356972e/window/rect - {}
RESULT: {}
COMMAND: POST /session/fe219389c4a652ed804fe0697356972e/execute/sync - {"script":"<script> [92 bytes]","args":[]}
RESULT: {"script":"<script> [92 bytes]","args":[]}
COMMAND: POST /session/fe219389c4a652ed804fe0697356972e/actions - {"actions":[{"id":"action54","type":"wheel","parameters":{},"actions":[{"type":"scroll","x":-1888,"y":-32,"deltaX":0,"deltaY":0,"duration":0,"origin":{"element-6066-11e4-a52e-4f735466cecf":"f.AE569C338F7BE8C487FB69BDD94B5641.d.A7443C5DB0680D627A25D12F6512DEBE.e.17586"}}]}]}
COMMAND: GET /session/fe219389c4a652ed804fe0697356972e/screenshot - {}
RESULT: {}
COMMAND: POST /session/fe219389c4a652ed804fe0697356972e/execute/sync - {"script":"<script> [79 bytes]","args":[{"element-6066-11e4-a52e-4f735466cecf":"f.AE569C338F7BE8C487FB69BDD94B5641.d.A7443C5DB0680D627A25D12F6512DEBE.e.17586","ELEMENT":"f.AE569C338F7BE8C487FB69BDD94B5641.d.A7443C5DB0680D627A25D12F6512DEBE.e.17586"},{"block":"start","inline":"nearest"}]}
RESULT: {"script":"<script> [79 bytes]","args":[{"element-6066-11e4-a52e-4f735466cecf":"f.AE569C338F7BE8C487FB69BDD94B5641.d.A7443C5DB0680D627A25D12F6512DEBE.e.17586","ELEMENT":"f.AE569C338F7BE8C487FB69BDD94B5641.d.A7443C5DB0680D627A25D12F6512DEBE.e.17586"},{"block":"start","inline":"nearest"}]}
COMMAND: POST /session/fe219389c4a652ed804fe0697356972e/execute/async - {"script":"<script> [1562 bytes]","args":[{"selector":{"id":"application-manageresources-display-component---newResourceUnit--btnAddTimeSegment","interaction":{"idSuffix":"inner"}},"wdio_ui5_key":"applicationmanageresources-display-component---newResourceUnit--btnAddTimeSegment"}]}
COMMAND: GET /session/fe219389c4a652ed804fe0697356972e/screenshot - {}
RESULT: {"script":"<script> [1562 bytes]","args":[{"selector":{"id":"application-manageresources-display-component---newResourceUnit--btnAddTimeSegment","interaction":{"idSuffix":"inner"}},"wdio_ui5_key":"applicationmanageresources-display-component---newResourceUnit--btnAddTimeSegment"}]}
RESULT: undefined
COMMAND: POST /session/fe219389c4a652ed804fe0697356972e/element - {"using":"xpath","value":"//*[@id=\"application-manageresources-display-component---newResourceUnit--btnAddTimeSegment\"]"}
RESULT: {}
RESULT: {"using":"xpath","value":"//*[@id=\"application-manageresources-display-component---newResourceUnit--btnAddTimeSegment\"]"}
COMMAND: POST /session/fe219389c4a652ed804fe0697356972e/element/f.AE569C338F7BE8C487FB69BDD94B5641.d.A7443C5DB0680D627A25D12F6512DEBE.e.17586/click - {}
RESULT: {}
COMMAND: GET /session/fe219389c4a652ed804fe0697356972e/screenshot - {}
RESULT: {}
COMMAND: POST /session/fe219389c4a652ed804fe0697356972e/element - {"using":"xpath","value":"//input[@id=\"application-manageresources-display-component---newResourceUnit--idRuTSAdmin-application-manageresources-display-component---newResourceUnit--RUTimeSegment-0-inner\"]"}
RESULT: {"using":"xpath","value":"//input[@id=\"application-manageresources-display-component---newResourceUnit--idRuTSAdmin-application-manageresources-display-component---newResourceUnit--RUTimeSegment-0-inner\"]"}
COMMAND: POST /session/fe219389c4a652ed804fe0697356972e/element/f.AE569C338F7BE8C487FB69BDD94B5641.d.A7443C5DB0680D627A25D12F6512DEBE.e.17591/clear - {}
RESULT: {}
COMMAND: POST /session/fe219389c4a652ed804fe0697356972e/element/f.AE569C338F7BE8C487FB69BDD94B5641.d.A7443C5DB0680D627A25D12F6512DEBE.e.17591/value - {"text":"467"}
COMMAND: GET /session/fe219389c4a652ed804fe0697356972e/screenshot - {}
RESULT: {"text":"467"}
COMMAND: GET /session/fe219389c4a652ed804fe0697356972e/screenshot - {}
RESULT: {}
RESULT: {}
COMMAND: POST /session/fe219389c4a652ed804fe0697356972e/element - {"using":"xpath","value":"//li[.//span[text()='467']]"}
RESULT: {"using":"xpath","value":"//li[.//span[text()='467']]"}
COMMAND: POST /session/fe219389c4a652ed804fe0697356972e/element/f.AE569C338F7BE8C487FB69BDD94B5641.d.A7443C5DB0680D627A25D12F6512DEBE.e.17600/click - {}
RESULT: {}
COMMAND: GET /session/fe219389c4a652ed804fe0697356972e/screenshot - {}
RESULT: {}
COMMAND: POST /session/fe219389c4a652ed804fe0697356972e/element - {"using":"xpath","value":"(//span[contains(@id, \"-application-manageresources-display-component---newResourceUnit--RUTimeSegment-0-arrow\")])[2]"}
RESULT: {"using":"xpath","value":"(//span[contains(@id, \"-application-manageresources-display-component---newResourceUnit--RUTimeSegment-0-arrow\")])[2]"}
COMMAND: POST /session/fe219389c4a652ed804fe0697356972e/element/f.AE569C338F7BE8C487FB69BDD94B5641.d.A7443C5DB0680D627A25D12F6512DEBE.e.17601/click - {}
RESULT: {}
COMMAND: POST /session/fe219389c4a652ed804fe0697356972e/element - {"using":"xpath","value":"//span[contains(text(), \"PM Order\")]"}
COMMAND: GET /session/fe219389c4a652ed804fe0697356972e/screenshot - {}
RESULT: {"using":"xpath","value":"//span[contains(text(), \"PM Order\")]"}
COMMAND: POST /session/fe219389c4a652ed804fe0697356972e/element/f.AE569C338F7BE8C487FB69BDD94B5641.d.A7443C5DB0680D627A25D12F6512DEBE.e.17602/click - {}
RESULT: {}
RESULT: {}
COMMAND: GET /session/fe219389c4a652ed804fe0697356972e/screenshot - {}
RESULT: {}
COMMAND: POST /session/fe219389c4a652ed804fe0697356972e/element - {"using":"xpath","value":"//td/div/div/div/span[contains(@id, \"newResourceUnit--RUTimeSegment-0-vhi\")][1]"}
RESULT: {"using":"xpath","value":"//td/div/div/div/span[contains(@id, \"newResourceUnit--RUTimeSegment-0-vhi\")][1]"}
COMMAND: GET /session/fe219389c4a652ed804fe0697356972e/element/f.AE569C338F7BE8C487FB69BDD94B5641.d.A7443C5DB0680D627A25D12F6512DEBE.e.17606/rect - {}
RESULT: {}
COMMAND: GET /session/fe219389c4a652ed804fe0697356972e/window/rect - {}
RESULT: {}
COMMAND: POST /session/fe219389c4a652ed804fe0697356972e/execute/sync - {"script":"<script> [92 bytes]","args":[]}
RESULT: {"script":"<script> [92 bytes]","args":[]}
COMMAND: POST /session/fe219389c4a652ed804fe0697356972e/actions - {"actions":[{"id":"action55","type":"wheel","parameters":{},"actions":[{"type":"scroll","x":-1888,"y":-24,"deltaX":0,"deltaY":0,"duration":0,"origin":{"element-6066-11e4-a52e-4f735466cecf":"f.AE569C338F7BE8C487FB69BDD94B5641.d.A7443C5DB0680D627A25D12F6512DEBE.e.17606"}}]}]}
COMMAND: GET /session/fe219389c4a652ed804fe0697356972e/screenshot - {}
RESULT: {}
COMMAND: POST /session/fe219389c4a652ed804fe0697356972e/execute/sync - {"script":"<script> [79 bytes]","args":[{"element-6066-11e4-a52e-4f735466cecf":"f.AE569C338F7BE8C487FB69BDD94B5641.d.A7443C5DB0680D627A25D12F6512DEBE.e.17606","ELEMENT":"f.AE569C338F7BE8C487FB69BDD94B5641.d.A7443C5DB0680D627A25D12F6512DEBE.e.17606"},{"block":"start","inline":"nearest"}]}
RESULT: {"script":"<script> [79 bytes]","args":[{"element-6066-11e4-a52e-4f735466cecf":"f.AE569C338F7BE8C487FB69BDD94B5641.d.A7443C5DB0680D627A25D12F6512DEBE.e.17606","ELEMENT":"f.AE569C338F7BE8C487FB69BDD94B5641.d.A7443C5DB0680D627A25D12F6512DEBE.e.17606"},{"block":"start","inline":"nearest"}]}
COMMAND: GET /session/fe219389c4a652ed804fe0697356972e/screenshot - {}
RESULT: {}
COMMAND: POST /session/fe219389c4a652ed804fe0697356972e/element/f.AE569C338F7BE8C487FB69BDD94B5641.d.A7443C5DB0680D627A25D12F6512DEBE.e.17606/click - {}
RESULT: {}
COMMAND: GET /session/fe219389c4a652ed804fe0697356972e/screenshot - {}
RESULT: {}
COMMAND: POST /session/fe219389c4a652ed804fe0697356972e/execute/async - {"script":"<script> [1562 bytes]","args":[{"selector":{"controlType":"sap.m.SearchField","properties":{"placeholder":"Search"},"searchOpenDialogs":true,"interaction":{"idSuffix":"I"}},"wdio_ui5_key":"sapm.SearchField{\"placeholder\":\"Search\"}"}]}
RESULT: {"script":"<script> [1562 bytes]","args":[{"selector":{"controlType":"sap.m.SearchField","properties":{"placeholder":"Search"},"searchOpenDialogs":true,"interaction":{"idSuffix":"I"}},"wdio_ui5_key":"sapm.SearchField{\"placeholder\":\"Search\"}"}]}
RESULT: undefined
COMMAND: POST /session/fe219389c4a652ed804fe0697356972e/execute/async - {"script":"<script> [776 bytes]","args":[{"enterText":"4000360","selector":{"controlType":"sap.m.SearchField","properties":{"placeholder":"Search"},"searchOpenDialogs":true,"interaction":{"idSuffix":"I"}},"clearTextFirst":true,"interactionType":"ENTER_TEXT"}]}
RESULT: {"script":"<script> [776 bytes]","args":[{"enterText":"4000360","selector":{"controlType":"sap.m.SearchField","properties":{"placeholder":"Search"},"searchOpenDialogs":true,"interaction":{"idSuffix":"I"}},"clearTextFirst":true,"interactionType":"ENTER_TEXT"}]}
COMMAND: POST /session/fe219389c4a652ed804fe0697356972e/actions - {"actions":[{"id":"action56","type":"key","parameters":{},"actions":[{"type":"keyDown","value":""},{"type":"pause","duration":10},{"type":"keyUp","value":""}]}]}
RESULT: {"actions":[{"id":"action56","type":"key","parameters":{},"actions":[{"type":"keyDown","value":""},{"type":"pause","duration":10},{"type":"keyUp","value":""}]}]}
COMMAND: GET /session/fe219389c4a652ed804fe0697356972e/screenshot - {}
RESULT: {}
COMMAND: POST /session/fe219389c4a652ed804fe0697356972e/element - {"using":"xpath","value":"//td/div/span[contains(text(), \"BGL Vehicles\")]"}
RESULT: {"using":"xpath","value":"//td/div/span[contains(text(), \"BGL Vehicles\")]"}
COMMAND: POST /session/fe219389c4a652ed804fe0697356972e/element/f.AE569C338F7BE8C487FB69BDD94B5641.d.A7443C5DB0680D627A25D12F6512DEBE.e.17627/click - {}
RESULT: {}
COMMAND: GET /session/fe219389c4a652ed804fe0697356972e/screenshot - {}
RESULT: {}
COMMAND: POST /session/fe219389c4a652ed804fe0697356972e/element - {"using":"xpath","value":"//bdi[contains(text(), \"OK\")]"}
RESULT: {"using":"xpath","value":"//bdi[contains(text(), \"OK\")]"}
COMMAND: POST /session/fe219389c4a652ed804fe0697356972e/element/f.AE569C338F7BE8C487FB69BDD94B5641.d.A7443C5DB0680D627A25D12F6512DEBE.e.17628/click - {}
RESULT: {}
COMMAND: GET /session/fe219389c4a652ed804fe0697356972e/screenshot - {}
RESULT: {}
COMMAND: POST /session/fe219389c4a652ed804fe0697356972e/element - {"using":"xpath","value":"//label[contains(@class, 'sapMLabelRequired') and .//bdi[contains(text(), 'Planned Retirement')]]"}
RESULT: {"using":"xpath","value":"//label[contains(@class, 'sapMLabelRequired') and .//bdi[contains(text(), 'Planned Retirement')]]"}
COMMAND: POST /session/fe219389c4a652ed804fe0697356972e/elements - {"using":"xpath","value":"//label[contains(@class, 'sapMLabelRequired') and .//bdi[contains(text(), 'Planned Retirement')]]"}
RESULT: {"using":"xpath","value":"//label[contains(@class, 'sapMLabelRequired') and .//bdi[contains(text(), 'Planned Retirement')]]"}
COMMAND: POST /session/fe219389c4a652ed804fe0697356972e/element - {"using":"xpath","value":"//button[@data-kt=\"resourceUnitSaveButton\"]"}
RESULT: {"using":"xpath","value":"//button[@data-kt=\"resourceUnitSaveButton\"]"}
COMMAND: POST /session/fe219389c4a652ed804fe0697356972e/element/f.AE569C338F7BE8C487FB69BDD94B5641.d.A7443C5DB0680D627A25D12F6512DEBE.e.17463/click - {}
RESULT: {}
COMMAND: GET /session/fe219389c4a652ed804fe0697356972e/screenshot - {}
RESULT: {}
COMMAND: POST /session/fe219389c4a652ed804fe0697356972e/element - {"using":"xpath","value":"//bdi[contains(text(), \"Close\")]"}
RESULT: {"using":"xpath","value":"//bdi[contains(text(), \"Close\")]"}
COMMAND: POST /session/fe219389c4a652ed804fe0697356972e/element/f.AE569C338F7BE8C487FB69BDD94B5641.d.A7443C5DB0680D627A25D12F6512DEBE.e.17635/click - {}
RESULT: {}
COMMAND: GET /session/fe219389c4a652ed804fe0697356972e/screenshot - {}
RESULT: {}
COMMAND: POST /session/fe219389c4a652ed804fe0697356972e/element - {"using":"xpath","value":"//header[contains(@id, 'detailRruPage-headerTitle')]/div[1]/div[2]/div[2]/span[1]"}
RESULT: {"using":"xpath","value":"//header[contains(@id, 'detailRruPage-headerTitle')]/div[1]/div[2]/div[2]/span[1]"}
COMMAND: POST /session/fe219389c4a652ed804fe0697356972e/elements - {"using":"xpath","value":"//header[contains(@id, 'detailRruPage-headerTitle')]/div[1]/div[2]/div[2]/span[1]"}
RESULT: {"using":"xpath","value":"//header[contains(@id, 'detailRruPage-headerTitle')]/div[1]/div[2]/div[2]/span[1]"}
COMMAND: POST /session/fe219389c4a652ed804fe0697356972e/execute/sync - {"script":"<script> [56 bytes]","args":[{"element-6066-11e4-a52e-4f735466cecf":"f.AE569C338F7BE8C487FB69BDD94B5641.d.A7443C5DB0680D627A25D12F6512DEBE.e.17664","ELEMENT":"f.AE569C338F7BE8C487FB69BDD94B5641.d.A7443C5DB0680D627A25D12F6512DEBE.e.17664"}]}
RESULT: {"script":"<script> [56 bytes]","args":[{"element-6066-11e4-a52e-4f735466cecf":"f.AE569C338F7BE8C487FB69BDD94B5641.d.A7443C5DB0680D627A25D12F6512DEBE.e.17664","ELEMENT":"f.AE569C338F7BE8C487FB69BDD94B5641.d.A7443C5DB0680D627A25D12F6512DEBE.e.17664"}]}
COMMAND: POST /session/fe219389c4a652ed804fe0697356972e/element - {"using":"css selector","value":"#shell-header-logo"}
COMMAND: GET /session/fe219389c4a652ed804fe0697356972e/screenshot - {}
RESULT: {"using":"css selector","value":"#shell-header-logo"}
COMMAND: POST /session/fe219389c4a652ed804fe0697356972e/element/f.AE569C338F7BE8C487FB69BDD94B5641.d.A7443C5DB0680D627A25D12F6512DEBE.e.16919/click - {}
RESULT: {}
RESULT: {}
COMMAND: GET /session/fe219389c4a652ed804fe0697356972e/screenshot - {}
RESULT: {}
]]></system-out>
    </testcase>
  </testsuite>
  <testsuite timestamp="2025-05-29T17:03:51" time="348.479" tests="6" failures="0" errors="0" skipped="0">
    <properties>
      <property name="specId" value="0"/>
      <property name="suiteName" value="Provide to Site w/o warehouse management w/o clarification"/>
      <property name="capabilities" value="chrome.136_0_7103_93.windows"/>
      <property name="file" value="file:///D:/a/1/s/test/specs/HTR/provide-to-site-wo-warehouse-wo-clarification.spec.js"/>
    </properties>
    <testcase classname="chrome.136_0_7103_93.windows.Provide_to_Site_w/o_warehouse_management_w/o_clarification" name="Should do a stock increase handover" time="84.298">
      <system-out><![CDATA[
COMMAND: POST /session/fe219389c4a652ed804fe0697356972e/execute/async - {"script":"<script> [1562 bytes]","args":[{"selector":{"controlType":"sap.m.GenericTile","properties":{"header":"Manage Handovers"}},"wdio_ui5_key":"sapm.GenericTile{\"header\":\"Manage Handovers\"}"}]}
RESULT: {"script":"<script> [1562 bytes]","args":[{"selector":{"controlType":"sap.m.GenericTile","properties":{"header":"Manage Handovers"}},"wdio_ui5_key":"sapm.GenericTile{\"header\":\"Manage Handovers\"}"}]}
RESULT: undefined
COMMAND: POST /session/fe219389c4a652ed804fe0697356972e/element - {"using":"xpath","value":"//*[@id=\"__tile131\"]"}
RESULT: {"using":"xpath","value":"//*[@id=\"__tile131\"]"}
COMMAND: POST /session/fe219389c4a652ed804fe0697356972e/element/f.AE569C338F7BE8C487FB69BDD94B5641.d.A7443C5DB0680D627A25D12F6512DEBE.e.16973/click - {}
RESULT: {}
COMMAND: GET /session/fe219389c4a652ed804fe0697356972e/screenshot - {}
RESULT: {}
COMMAND: POST /session/fe219389c4a652ed804fe0697356972e/elements - {"using":"xpath","value":"//span[text()='Error']"}
RESULT: {"using":"xpath","value":"//span[text()='Error']"}
COMMAND: POST /session/fe219389c4a652ed804fe0697356972e/element - {"using":"xpath","value":"//button[@data-kt=\"masterHOAddButton\"]"}
RESULT: {"using":"xpath","value":"//button[@data-kt=\"masterHOAddButton\"]"}
COMMAND: POST /session/fe219389c4a652ed804fe0697356972e/elements - {"using":"xpath","value":"//button[@data-kt=\"masterHOAddButton\"]"}
RESULT: {"using":"xpath","value":"//button[@data-kt=\"masterHOAddButton\"]"}
COMMAND: POST /session/fe219389c4a652ed804fe0697356972e/execute/sync - {"script":"<script> [8489 bytes]","args":[{"element-6066-11e4-a52e-4f735466cecf":"f.AE569C338F7BE8C487FB69BDD94B5641.d.A7443C5DB0680D627A25D12F6512DEBE.e.17727","ELEMENT":"f.AE569C338F7BE8C487FB69BDD94B5641.d.A7443C5DB0680D627A25D12F6512DEBE.e.17727"}]}
RESULT: {"script":"<script> [8489 bytes]","args":[{"element-6066-11e4-a52e-4f735466cecf":"f.AE569C338F7BE8C487FB69BDD94B5641.d.A7443C5DB0680D627A25D12F6512DEBE.e.17727","ELEMENT":"f.AE569C338F7BE8C487FB69BDD94B5641.d.A7443C5DB0680D627A25D12F6512DEBE.e.17727"}]}
COMMAND: GET /session/fe219389c4a652ed804fe0697356972e/element/f.AE569C338F7BE8C487FB69BDD94B5641.d.A7443C5DB0680D627A25D12F6512DEBE.e.17727/enabled - {}
COMMAND: GET /session/fe219389c4a652ed804fe0697356972e/screenshot - {}
RESULT: {}
COMMAND: POST /session/fe219389c4a652ed804fe0697356972e/execute/sync - {"script":"<script> [8489 bytes]","args":[{"element-6066-11e4-a52e-4f735466cecf":"f.AE569C338F7BE8C487FB69BDD94B5641.d.A7443C5DB0680D627A25D12F6512DEBE.e.17727","ELEMENT":"f.AE569C338F7BE8C487FB69BDD94B5641.d.A7443C5DB0680D627A25D12F6512DEBE.e.17727"}]}
COMMAND: GET /session/fe219389c4a652ed804fe0697356972e/screenshot - {}
RESULT: {}
RESULT: {"script":"<script> [8489 bytes]","args":[{"element-6066-11e4-a52e-4f735466cecf":"f.AE569C338F7BE8C487FB69BDD94B5641.d.A7443C5DB0680D627A25D12F6512DEBE.e.17727","ELEMENT":"f.AE569C338F7BE8C487FB69BDD94B5641.d.A7443C5DB0680D627A25D12F6512DEBE.e.17727"}]}
COMMAND: POST /session/fe219389c4a652ed804fe0697356972e/execute/sync - {"script":"<script> [5351 bytes]","args":[{"element-6066-11e4-a52e-4f735466cecf":"f.AE569C338F7BE8C487FB69BDD94B5641.d.A7443C5DB0680D627A25D12F6512DEBE.e.17727","ELEMENT":"f.AE569C338F7BE8C487FB69BDD94B5641.d.A7443C5DB0680D627A25D12F6512DEBE.e.17727"}]}
COMMAND: GET /session/fe219389c4a652ed804fe0697356972e/screenshot - {}
RESULT: {}
RESULT: {"script":"<script> [5351 bytes]","args":[{"element-6066-11e4-a52e-4f735466cecf":"f.AE569C338F7BE8C487FB69BDD94B5641.d.A7443C5DB0680D627A25D12F6512DEBE.e.17727","ELEMENT":"f.AE569C338F7BE8C487FB69BDD94B5641.d.A7443C5DB0680D627A25D12F6512DEBE.e.17727"}]}
COMMAND: POST /session/fe219389c4a652ed804fe0697356972e/element/f.AE569C338F7BE8C487FB69BDD94B5641.d.A7443C5DB0680D627A25D12F6512DEBE.e.17727/click - {}
COMMAND: GET /session/fe219389c4a652ed804fe0697356972e/screenshot - {}
RESULT: {}
RESULT: {}
COMMAND: GET /session/fe219389c4a652ed804fe0697356972e/screenshot - {}
RESULT: {}
RESULT: {}
COMMAND: POST /session/fe219389c4a652ed804fe0697356972e/element - {"using":"xpath","value":"//span[contains(@id ,\"AddNewHO--typeSelect-arrow\")]"}
RESULT: {"using":"xpath","value":"//span[contains(@id ,\"AddNewHO--typeSelect-arrow\")]"}
COMMAND: POST /session/fe219389c4a652ed804fe0697356972e/element/f.AE569C338F7BE8C487FB69BDD94B5641.d.A7443C5DB0680D627A25D12F6512DEBE.e.18125/click - {}
RESULT: {}
COMMAND: GET /session/fe219389c4a652ed804fe0697356972e/screenshot - {}
RESULT: {}
COMMAND: POST /session/fe219389c4a652ed804fe0697356972e/element - {"using":"xpath","value":"(//li[contains(text(), \"stock increase yard\")])[1]"}
RESULT: {"using":"xpath","value":"(//li[contains(text(), \"stock increase yard\")])[1]"}
COMMAND: POST /session/fe219389c4a652ed804fe0697356972e/element/f.AE569C338F7BE8C487FB69BDD94B5641.d.A7443C5DB0680D627A25D12F6512DEBE.e.18126/click - {}
RESULT: {}
COMMAND: GET /session/fe219389c4a652ed804fe0697356972e/screenshot - {}
RESULT: {}
COMMAND: POST /session/fe219389c4a652ed804fe0697356972e/execute/async - {"script":"<script> [1562 bytes]","args":[{"selector":{"id":"application-managehandovers-display-component---AddNewHO--dueDate","interaction":{"idSuffix":"inner"}},"wdio_ui5_key":"applicationmanagehandovers-display-component---AddNewHO--dueDate"}]}
RESULT: {"script":"<script> [1562 bytes]","args":[{"selector":{"id":"application-managehandovers-display-component---AddNewHO--dueDate","interaction":{"idSuffix":"inner"}},"wdio_ui5_key":"applicationmanagehandovers-display-component---AddNewHO--dueDate"}]}
RESULT: undefined
COMMAND: POST /session/fe219389c4a652ed804fe0697356972e/execute/async - {"script":"<script> [6424 bytes]","args":[{"element-6066-11e4-a52e-4f735466cecf":"f.AE569C338F7BE8C487FB69BDD94B5641.d.A7443C5DB0680D627A25D12F6512DEBE.e.18128"},"setValue",["5/29/25"]]}
RESULT: {"script":"<script> [6424 bytes]","args":[{"element-6066-11e4-a52e-4f735466cecf":"f.AE569C338F7BE8C487FB69BDD94B5641.d.A7443C5DB0680D627A25D12F6512DEBE.e.18128"},"setValue",["5/29/25"]]}
COMMAND: POST /session/fe219389c4a652ed804fe0697356972e/element - {"using":"xpath","value":"//input[@id=\"generalSectionFrg--receiveYard-inner\"]"}
RESULT: {"using":"xpath","value":"//input[@id=\"generalSectionFrg--receiveYard-inner\"]"}
COMMAND: POST /session/fe219389c4a652ed804fe0697356972e/element/f.AE569C338F7BE8C487FB69BDD94B5641.d.A7443C5DB0680D627A25D12F6512DEBE.e.18134/clear - {}
RESULT: {}
COMMAND: POST /session/fe219389c4a652ed804fe0697356972e/element/f.AE569C338F7BE8C487FB69BDD94B5641.d.A7443C5DB0680D627A25D12F6512DEBE.e.18134/value - {"text":"467"}
COMMAND: GET /session/fe219389c4a652ed804fe0697356972e/screenshot - {}
RESULT: {"text":"467"}
COMMAND: GET /session/fe219389c4a652ed804fe0697356972e/screenshot - {}
RESULT: {}
RESULT: {}
COMMAND: POST /session/fe219389c4a652ed804fe0697356972e/element - {"using":"xpath","value":"//li[.//span[contains(text(),'467')]]"}
RESULT: {"using":"xpath","value":"//li[.//span[contains(text(),'467')]]"}
COMMAND: POST /session/fe219389c4a652ed804fe0697356972e/element/f.AE569C338F7BE8C487FB69BDD94B5641.d.A7443C5DB0680D627A25D12F6512DEBE.e.18152/click - {}
RESULT: {}
COMMAND: GET /session/fe219389c4a652ed804fe0697356972e/screenshot - {}
RESULT: {}
COMMAND: POST /session/fe219389c4a652ed804fe0697356972e/execute/async - {"script":"<script> [1562 bytes]","args":[{"selector":{"id":"application-managehandovers-display-component---AddNewHO--ObjectPageLayout-anchBar-application-managehandovers-display-component---AddNewHO--section4-anchor","interaction":{"idSuffix":"BDI-content"}},"wdio_ui5_key":"applicationmanagehandovers-display-component---AddNewHO--ObjectPageLayout-anchBar-application-managehandovers-display-component---AddNewHO--section4-anchor"}]}
RESULT: {"script":"<script> [1562 bytes]","args":[{"selector":{"id":"application-managehandovers-display-component---AddNewHO--ObjectPageLayout-anchBar-application-managehandovers-display-component---AddNewHO--section4-anchor","interaction":{"idSuffix":"BDI-content"}},"wdio_ui5_key":"applicationmanagehandovers-display-component---AddNewHO--ObjectPageLayout-anchBar-application-managehandovers-display-component---AddNewHO--section4-anchor"}]}
RESULT: undefined
COMMAND: POST /session/fe219389c4a652ed804fe0697356972e/element - {"using":"xpath","value":"//*[@id=\"application-managehandovers-display-component---AddNewHO--ObjectPageLayout-anchBar-application-managehandovers-display-component---AddNewHO--section4-anchor\"]"}
RESULT: {"using":"xpath","value":"//*[@id=\"application-managehandovers-display-component---AddNewHO--ObjectPageLayout-anchBar-application-managehandovers-display-component---AddNewHO--section4-anchor\"]"}
COMMAND: POST /session/fe219389c4a652ed804fe0697356972e/element/f.AE569C338F7BE8C487FB69BDD94B5641.d.A7443C5DB0680D627A25D12F6512DEBE.e.18154/click - {}
RESULT: {}
COMMAND: POST /session/fe219389c4a652ed804fe0697356972e/element - {"using":"xpath","value":"//button[@aria-label=\"Add\"]"}
COMMAND: GET /session/fe219389c4a652ed804fe0697356972e/screenshot - {}
RESULT: {"using":"xpath","value":"//button[@aria-label=\"Add\"]"}
COMMAND: POST /session/fe219389c4a652ed804fe0697356972e/element/f.AE569C338F7BE8C487FB69BDD94B5641.d.A7443C5DB0680D627A25D12F6512DEBE.e.18156/click - {}
RESULT: {}
RESULT: {}
COMMAND: GET /session/fe219389c4a652ed804fe0697356972e/screenshot - {}
RESULT: {}
COMMAND: POST /session/fe219389c4a652ed804fe0697356972e/execute/async - {"script":"<script> [1562 bytes]","args":[{"selector":{"id":"application-managehandovers-display-component---AddNewHO--smartFilterBar-btnBasicSearch","searchOpenDialogs":true,"interaction":{"idSuffix":"I"}},"wdio_ui5_key":"applicationmanagehandovers-display-component---AddNewHO--smartFilterBar-btnBasicSearch"}]}
RESULT: {"script":"<script> [1562 bytes]","args":[{"selector":{"id":"application-managehandovers-display-component---AddNewHO--smartFilterBar-btnBasicSearch","searchOpenDialogs":true,"interaction":{"idSuffix":"I"}},"wdio_ui5_key":"applicationmanagehandovers-display-component---AddNewHO--smartFilterBar-btnBasicSearch"}]}
RESULT: undefined
COMMAND: POST /session/fe219389c4a652ed804fe0697356972e/execute/async - {"script":"<script> [776 bytes]","args":[{"enterText":"200259","selector":{"id":"application-managehandovers-display-component---AddNewHO--smartFilterBar-btnBasicSearch","searchOpenDialogs":true,"interaction":{"idSuffix":"I"}},"clearTextFirst":true,"interactionType":"ENTER_TEXT"}]}
RESULT: {"script":"<script> [776 bytes]","args":[{"enterText":"200259","selector":{"id":"application-managehandovers-display-component---AddNewHO--smartFilterBar-btnBasicSearch","searchOpenDialogs":true,"interaction":{"idSuffix":"I"}},"clearTextFirst":true,"interactionType":"ENTER_TEXT"}]}
COMMAND: POST /session/fe219389c4a652ed804fe0697356972e/actions - {"actions":[{"id":"action57","type":"key","parameters":{},"actions":[{"type":"keyDown","value":""},{"type":"pause","duration":10},{"type":"keyUp","value":""}]}]}
RESULT: {"actions":[{"id":"action57","type":"key","parameters":{},"actions":[{"type":"keyDown","value":""},{"type":"pause","duration":10},{"type":"keyUp","value":""}]}]}
COMMAND: GET /session/fe219389c4a652ed804fe0697356972e/screenshot - {}
RESULT: {}
COMMAND: POST /session/fe219389c4a652ed804fe0697356972e/execute/async - {"script":"<script> [1562 bytes]","args":[{"selector":{"id":"application-managehandovers-display-component---AddNewHO--popup-sa","searchOpenDialogs":true,"interaction":{"idSuffix":"CbBg"}},"wdio_ui5_key":"applicationmanagehandovers-display-component---AddNewHO--popup-sa"}]}
RESULT: {"script":"<script> [1562 bytes]","args":[{"selector":{"id":"application-managehandovers-display-component---AddNewHO--popup-sa","searchOpenDialogs":true,"interaction":{"idSuffix":"CbBg"}},"wdio_ui5_key":"applicationmanagehandovers-display-component---AddNewHO--popup-sa"}]}
RESULT: undefined
COMMAND: POST /session/fe219389c4a652ed804fe0697356972e/element - {"using":"xpath","value":"//*[@id=\"application-managehandovers-display-component---AddNewHO--popup-sa\"]"}
RESULT: {"using":"xpath","value":"//*[@id=\"application-managehandovers-display-component---AddNewHO--popup-sa\"]"}
COMMAND: POST /session/fe219389c4a652ed804fe0697356972e/element/f.AE569C338F7BE8C487FB69BDD94B5641.d.A7443C5DB0680D627A25D12F6512DEBE.e.18309/click - {}
RESULT: {}
COMMAND: GET /session/fe219389c4a652ed804fe0697356972e/screenshot - {}
RESULT: {}
COMMAND: POST /session/fe219389c4a652ed804fe0697356972e/element - {"using":"xpath","value":"//bdi[contains(text(), \"Select\")]"}
RESULT: {"using":"xpath","value":"//bdi[contains(text(), \"Select\")]"}
COMMAND: POST /session/fe219389c4a652ed804fe0697356972e/element/f.AE569C338F7BE8C487FB69BDD94B5641.d.A7443C5DB0680D627A25D12F6512DEBE.e.18310/click - {}
RESULT: {}
COMMAND: GET /session/fe219389c4a652ed804fe0697356972e/screenshot - {}
RESULT: {}
COMMAND: POST /session/fe219389c4a652ed804fe0697356972e/element - {"using":"xpath","value":"//button[@data-kt=\"AddNewHOSaveButton\"]"}
RESULT: {"using":"xpath","value":"//button[@data-kt=\"AddNewHOSaveButton\"]"}
COMMAND: POST /session/fe219389c4a652ed804fe0697356972e/element/f.AE569C338F7BE8C487FB69BDD94B5641.d.A7443C5DB0680D627A25D12F6512DEBE.e.18314/click - {}
RESULT: {}
COMMAND: GET /session/fe219389c4a652ed804fe0697356972e/screenshot - {}
RESULT: {}
COMMAND: POST /session/fe219389c4a652ed804fe0697356972e/execute/async - {"script":"<script> [1562 bytes]","args":[{"selector":{"id":"receiptDatePicker","viewName":"etm.portal.ui.managehandovers.view.DetailExecuteHO","interaction":{"idSuffix":"inner"}},"wdio_ui5_key":"receiptDatePickeretmportal.ui.managehandovers.view.DetailExecuteHO"}]}
RESULT: {"script":"<script> [1562 bytes]","args":[{"selector":{"id":"receiptDatePicker","viewName":"etm.portal.ui.managehandovers.view.DetailExecuteHO","interaction":{"idSuffix":"inner"}},"wdio_ui5_key":"receiptDatePickeretmportal.ui.managehandovers.view.DetailExecuteHO"}]}
RESULT: undefined
COMMAND: POST /session/fe219389c4a652ed804fe0697356972e/execute/async - {"script":"<script> [6424 bytes]","args":[{"element-6066-11e4-a52e-4f735466cecf":"f.AE569C338F7BE8C487FB69BDD94B5641.d.A7443C5DB0680D627A25D12F6512DEBE.e.18345"},"setValue",["5/29/25"]]}
RESULT: {"script":"<script> [6424 bytes]","args":[{"element-6066-11e4-a52e-4f735466cecf":"f.AE569C338F7BE8C487FB69BDD94B5641.d.A7443C5DB0680D627A25D12F6512DEBE.e.18345"},"setValue",["5/29/25"]]}
COMMAND: POST /session/fe219389c4a652ed804fe0697356972e/element - {"using":"xpath","value":"//button[@data-kt=\"ReceivingTableConfirmAllButton\"]"}
RESULT: {"using":"xpath","value":"//button[@data-kt=\"ReceivingTableConfirmAllButton\"]"}
COMMAND: POST /session/fe219389c4a652ed804fe0697356972e/element/f.AE569C338F7BE8C487FB69BDD94B5641.d.A7443C5DB0680D627A25D12F6512DEBE.e.18360/click - {}
RESULT: {}
COMMAND: GET /session/fe219389c4a652ed804fe0697356972e/screenshot - {}
RESULT: {}
COMMAND: POST /session/fe219389c4a652ed804fe0697356972e/element - {"using":"xpath","value":"//bdi[contains(text(), \"OK\")]"}
RESULT: {"using":"xpath","value":"//bdi[contains(text(), \"OK\")]"}
COMMAND: POST /session/fe219389c4a652ed804fe0697356972e/element/f.AE569C338F7BE8C487FB69BDD94B5641.d.A7443C5DB0680D627A25D12F6512DEBE.e.18362/click - {}
RESULT: {}
COMMAND: GET /session/fe219389c4a652ed804fe0697356972e/screenshot - {}
RESULT: {}
COMMAND: POST /session/fe219389c4a652ed804fe0697356972e/element - {"using":"xpath","value":"(//bdi[contains(text(), \"Receive\")])[2]"}
RESULT: {"using":"xpath","value":"(//bdi[contains(text(), \"Receive\")])[2]"}
COMMAND: POST /session/fe219389c4a652ed804fe0697356972e/element/f.AE569C338F7BE8C487FB69BDD94B5641.d.A7443C5DB0680D627A25D12F6512DEBE.e.18364/click - {}
RESULT: {}
COMMAND: GET /session/fe219389c4a652ed804fe0697356972e/screenshot - {}
RESULT: {}
COMMAND: POST /session/fe219389c4a652ed804fe0697356972e/element - {"using":"css selector","value":"#shell-header-logo"}
RESULT: {"using":"css selector","value":"#shell-header-logo"}
COMMAND: POST /session/fe219389c4a652ed804fe0697356972e/element/f.AE569C338F7BE8C487FB69BDD94B5641.d.A7443C5DB0680D627A25D12F6512DEBE.e.17683/click - {}
RESULT: {}
COMMAND: GET /session/fe219389c4a652ed804fe0697356972e/screenshot - {}
RESULT: {}
]]></system-out>
    </testcase>
    <testcase classname="chrome.136_0_7103_93.windows.Provide_to_Site_w/o_warehouse_management_w/o_clarification" name="Should create a new contract" time="59.498">
      <system-out><![CDATA[
COMMAND: POST /session/fe219389c4a652ed804fe0697356972e/execute/async - {"script":"<script> [1562 bytes]","args":[{"selector":{"controlType":"sap.m.GenericTile","properties":{"header":"Manage Contracts"}},"wdio_ui5_key":"sapm.GenericTile{\"header\":\"Manage Contracts\"}"}]}
RESULT: {"script":"<script> [1562 bytes]","args":[{"selector":{"controlType":"sap.m.GenericTile","properties":{"header":"Manage Contracts"}},"wdio_ui5_key":"sapm.GenericTile{\"header\":\"Manage Contracts\"}"}]}
RESULT: undefined
COMMAND: POST /session/fe219389c4a652ed804fe0697356972e/element - {"using":"xpath","value":"//*[@id=\"__tile130\"]"}
RESULT: {"using":"xpath","value":"//*[@id=\"__tile130\"]"}
COMMAND: POST /session/fe219389c4a652ed804fe0697356972e/element/f.AE569C338F7BE8C487FB69BDD94B5641.d.A7443C5DB0680D627A25D12F6512DEBE.e.16962/click - {}
RESULT: {}
COMMAND: GET /session/fe219389c4a652ed804fe0697356972e/screenshot - {}
RESULT: {}
COMMAND: POST /session/fe219389c4a652ed804fe0697356972e/elements - {"using":"xpath","value":"//span[text()='Error']"}
RESULT: {"using":"xpath","value":"//span[text()='Error']"}
COMMAND: POST /session/fe219389c4a652ed804fe0697356972e/element - {"using":"xpath","value":"//button[@data-kt=\"addButton\"]"}
RESULT: {"using":"xpath","value":"//button[@data-kt=\"addButton\"]"}
COMMAND: POST /session/fe219389c4a652ed804fe0697356972e/elements - {"using":"xpath","value":"//button[@data-kt=\"addButton\"]"}
RESULT: {"using":"xpath","value":"//button[@data-kt=\"addButton\"]"}
COMMAND: POST /session/fe219389c4a652ed804fe0697356972e/execute/sync - {"script":"<script> [8489 bytes]","args":[{"element-6066-11e4-a52e-4f735466cecf":"f.AE569C338F7BE8C487FB69BDD94B5641.d.A7443C5DB0680D627A25D12F6512DEBE.e.18682","ELEMENT":"f.AE569C338F7BE8C487FB69BDD94B5641.d.A7443C5DB0680D627A25D12F6512DEBE.e.18682"}]}
RESULT: {"script":"<script> [8489 bytes]","args":[{"element-6066-11e4-a52e-4f735466cecf":"f.AE569C338F7BE8C487FB69BDD94B5641.d.A7443C5DB0680D627A25D12F6512DEBE.e.18682","ELEMENT":"f.AE569C338F7BE8C487FB69BDD94B5641.d.A7443C5DB0680D627A25D12F6512DEBE.e.18682"}]}
COMMAND: GET /session/fe219389c4a652ed804fe0697356972e/element/f.AE569C338F7BE8C487FB69BDD94B5641.d.A7443C5DB0680D627A25D12F6512DEBE.e.18682/enabled - {}
COMMAND: GET /session/fe219389c4a652ed804fe0697356972e/screenshot - {}
RESULT: {}
COMMAND: POST /session/fe219389c4a652ed804fe0697356972e/execute/sync - {"script":"<script> [8489 bytes]","args":[{"element-6066-11e4-a52e-4f735466cecf":"f.AE569C338F7BE8C487FB69BDD94B5641.d.A7443C5DB0680D627A25D12F6512DEBE.e.18682","ELEMENT":"f.AE569C338F7BE8C487FB69BDD94B5641.d.A7443C5DB0680D627A25D12F6512DEBE.e.18682"}]}
COMMAND: GET /session/fe219389c4a652ed804fe0697356972e/screenshot - {}
RESULT: {}
RESULT: {"script":"<script> [8489 bytes]","args":[{"element-6066-11e4-a52e-4f735466cecf":"f.AE569C338F7BE8C487FB69BDD94B5641.d.A7443C5DB0680D627A25D12F6512DEBE.e.18682","ELEMENT":"f.AE569C338F7BE8C487FB69BDD94B5641.d.A7443C5DB0680D627A25D12F6512DEBE.e.18682"}]}
COMMAND: POST /session/fe219389c4a652ed804fe0697356972e/execute/sync - {"script":"<script> [5351 bytes]","args":[{"element-6066-11e4-a52e-4f735466cecf":"f.AE569C338F7BE8C487FB69BDD94B5641.d.A7443C5DB0680D627A25D12F6512DEBE.e.18682","ELEMENT":"f.AE569C338F7BE8C487FB69BDD94B5641.d.A7443C5DB0680D627A25D12F6512DEBE.e.18682"}]}
COMMAND: GET /session/fe219389c4a652ed804fe0697356972e/screenshot - {}
RESULT: {}
RESULT: {"script":"<script> [5351 bytes]","args":[{"element-6066-11e4-a52e-4f735466cecf":"f.AE569C338F7BE8C487FB69BDD94B5641.d.A7443C5DB0680D627A25D12F6512DEBE.e.18682","ELEMENT":"f.AE569C338F7BE8C487FB69BDD94B5641.d.A7443C5DB0680D627A25D12F6512DEBE.e.18682"}]}
COMMAND: GET /session/fe219389c4a652ed804fe0697356972e/screenshot - {}
RESULT: {}
RESULT: {}
COMMAND: POST /session/fe219389c4a652ed804fe0697356972e/element/f.AE569C338F7BE8C487FB69BDD94B5641.d.A7443C5DB0680D627A25D12F6512DEBE.e.18682/click - {}
RESULT: {}
COMMAND: GET /session/fe219389c4a652ed804fe0697356972e/screenshot - {}
COMMAND: POST /session/fe219389c4a652ed804fe0697356972e/execute/async - {"script":"<script> [1562 bytes]","args":[{"selector":{"id":"application-managecontracts-display-component---AddNewContract--projectDescription","interaction":{"idSuffix":"inner"}},"wdio_ui5_key":"applicationmanagecontracts-display-component---AddNewContract--projectDescription"}]}
RESULT: {}
RESULT: {"script":"<script> [1562 bytes]","args":[{"selector":{"id":"application-managecontracts-display-component---AddNewContract--projectDescription","interaction":{"idSuffix":"inner"}},"wdio_ui5_key":"applicationmanagecontracts-display-component---AddNewContract--projectDescription"}]}
RESULT: undefined
COMMAND: POST /session/fe219389c4a652ed804fe0697356972e/execute/async - {"script":"<script> [776 bytes]","args":[{"enterText":"Contract WDIO","selector":{"id":"application-managecontracts-display-component---AddNewContract--projectDescription","interaction":{"idSuffix":"inner"}},"clearTextFirst":true,"interactionType":"ENTER_TEXT"}]}
RESULT: {"script":"<script> [776 bytes]","args":[{"enterText":"Contract WDIO","selector":{"id":"application-managecontracts-display-component---AddNewContract--projectDescription","interaction":{"idSuffix":"inner"}},"clearTextFirst":true,"interactionType":"ENTER_TEXT"}]}
COMMAND: POST /session/fe219389c4a652ed804fe0697356972e/element - {"using":"xpath","value":"//input[@id=\"application-managecontracts-display-component---AddNewContract--site-inner\"]"}
RESULT: {"using":"xpath","value":"//input[@id=\"application-managecontracts-display-component---AddNewContract--site-inner\"]"}
COMMAND: POST /session/fe219389c4a652ed804fe0697356972e/element/f.AE569C338F7BE8C487FB69BDD94B5641.d.A7443C5DB0680D627A25D12F6512DEBE.e.18878/clear - {}
RESULT: {}
COMMAND: POST /session/fe219389c4a652ed804fe0697356972e/element/f.AE569C338F7BE8C487FB69BDD94B5641.d.A7443C5DB0680D627A25D12F6512DEBE.e.18878/value - {"text":"2239"}
COMMAND: GET /session/fe219389c4a652ed804fe0697356972e/screenshot - {}
RESULT: {"text":"2239"}
COMMAND: GET /session/fe219389c4a652ed804fe0697356972e/screenshot - {}
RESULT: {}
RESULT: {}
COMMAND: POST /session/fe219389c4a652ed804fe0697356972e/element - {"using":"xpath","value":"//li[.//span[text()='2239']]"}
RESULT: {"using":"xpath","value":"//li[.//span[text()='2239']]"}
COMMAND: POST /session/fe219389c4a652ed804fe0697356972e/element/f.AE569C338F7BE8C487FB69BDD94B5641.d.A7443C5DB0680D627A25D12F6512DEBE.e.19057/click - {}
RESULT: {}
COMMAND: GET /session/fe219389c4a652ed804fe0697356972e/screenshot - {}
RESULT: {}
COMMAND: POST /session/fe219389c4a652ed804fe0697356972e/element - {"using":"xpath","value":"//input[@id=\"application-managecontracts-display-component---AddNewContract--yardId-inner\"]"}
RESULT: {"using":"xpath","value":"//input[@id=\"application-managecontracts-display-component---AddNewContract--yardId-inner\"]"}
COMMAND: GET /session/fe219389c4a652ed804fe0697356972e/element/f.AE569C338F7BE8C487FB69BDD94B5641.d.A7443C5DB0680D627A25D12F6512DEBE.e.18879/property/value - {}
RESULT: {}
COMMAND: POST /session/fe219389c4a652ed804fe0697356972e/element - {"using":"xpath","value":"//input[@id=\"application-managecontracts-display-component---AddNewContract--customerSelect-inner\"]"}
COMMAND: GET /session/fe219389c4a652ed804fe0697356972e/screenshot - {}
RESULT: {"using":"xpath","value":"//input[@id=\"application-managecontracts-display-component---AddNewContract--customerSelect-inner\"]"}
COMMAND: POST /session/fe219389c4a652ed804fe0697356972e/element/f.AE569C338F7BE8C487FB69BDD94B5641.d.A7443C5DB0680D627A25D12F6512DEBE.e.18877/clear - {}
RESULT: {}
RESULT: {}
COMMAND: POST /session/fe219389c4a652ed804fe0697356972e/element/f.AE569C338F7BE8C487FB69BDD94B5641.d.A7443C5DB0680D627A25D12F6512DEBE.e.18877/value - {"text":"1273"}
COMMAND: GET /session/fe219389c4a652ed804fe0697356972e/screenshot - {}
RESULT: {"text":"1273"}
COMMAND: GET /session/fe219389c4a652ed804fe0697356972e/screenshot - {}
RESULT: {}
RESULT: {}
COMMAND: POST /session/fe219389c4a652ed804fe0697356972e/element - {"using":"xpath","value":"//li[.//span[text()='1273']]"}
RESULT: {"using":"xpath","value":"//li[.//span[text()='1273']]"}
COMMAND: POST /session/fe219389c4a652ed804fe0697356972e/element/f.AE569C338F7BE8C487FB69BDD94B5641.d.A7443C5DB0680D627A25D12F6512DEBE.e.19060/click - {}
RESULT: {}
COMMAND: GET /session/fe219389c4a652ed804fe0697356972e/screenshot - {}
RESULT: {}
COMMAND: POST /session/fe219389c4a652ed804fe0697356972e/element - {"using":"xpath","value":"//button[@data-kt=\"saveButton\"]"}
RESULT: {"using":"xpath","value":"//button[@data-kt=\"saveButton\"]"}
COMMAND: POST /session/fe219389c4a652ed804fe0697356972e/element/f.AE569C338F7BE8C487FB69BDD94B5641.d.A7443C5DB0680D627A25D12F6512DEBE.e.19050/click - {}
RESULT: {}
COMMAND: GET /session/fe219389c4a652ed804fe0697356972e/screenshot - {}
RESULT: {}
COMMAND: POST /session/fe219389c4a652ed804fe0697356972e/element - {"using":"xpath","value":"//span[contains(@id ,\"contractDetailTitleNoExpanded\")]"}
RESULT: {"using":"xpath","value":"//span[contains(@id ,\"contractDetailTitleNoExpanded\")]"}
COMMAND: POST /session/fe219389c4a652ed804fe0697356972e/elements - {"using":"xpath","value":"//span[contains(@id ,\"contractDetailTitleNoExpanded\")]"}
RESULT: {"using":"xpath","value":"//span[contains(@id ,\"contractDetailTitleNoExpanded\")]"}
COMMAND: POST /session/fe219389c4a652ed804fe0697356972e/execute/sync - {"script":"<script> [56 bytes]","args":[{"element-6066-11e4-a52e-4f735466cecf":"f.AE569C338F7BE8C487FB69BDD94B5641.d.A7443C5DB0680D627A25D12F6512DEBE.e.19070","ELEMENT":"f.AE569C338F7BE8C487FB69BDD94B5641.d.A7443C5DB0680D627A25D12F6512DEBE.e.19070"}]}
RESULT: {"script":"<script> [56 bytes]","args":[{"element-6066-11e4-a52e-4f735466cecf":"f.AE569C338F7BE8C487FB69BDD94B5641.d.A7443C5DB0680D627A25D12F6512DEBE.e.19070","ELEMENT":"f.AE569C338F7BE8C487FB69BDD94B5641.d.A7443C5DB0680D627A25D12F6512DEBE.e.19070"}]}
COMMAND: GET /session/fe219389c4a652ed804fe0697356972e/screenshot - {}
RESULT: {}
]]></system-out>
    </testcase>
    <testcase classname="chrome.136_0_7103_93.windows.Provide_to_Site_w/o_warehouse_management_w/o_clarification" name="Should add equipment to the contract" time="55.918">
      <system-out><![CDATA[
COMMAND: POST /session/fe219389c4a652ed804fe0697356972e/element - {"using":"xpath","value":"//button[@data-kt=\"contractDetailEditBtnButton\"]"}
RESULT: {"using":"xpath","value":"//button[@data-kt=\"contractDetailEditBtnButton\"]"}
COMMAND: POST /session/fe219389c4a652ed804fe0697356972e/element/f.AE569C338F7BE8C487FB69BDD94B5641.d.A7443C5DB0680D627A25D12F6512DEBE.e.19073/click - {}
RESULT: {}
COMMAND: GET /session/fe219389c4a652ed804fe0697356972e/screenshot - {}
RESULT: {}
COMMAND: POST /session/fe219389c4a652ed804fe0697356972e/element - {"using":"xpath","value":"(//span[contains(text(), \"Additional Addresses\")])[2]"}
RESULT: {"using":"xpath","value":"(//span[contains(text(), \"Additional Addresses\")])[2]"}
COMMAND: POST /session/fe219389c4a652ed804fe0697356972e/element/f.AE569C338F7BE8C487FB69BDD94B5641.d.A7443C5DB0680D627A25D12F6512DEBE.e.19127/click - {}
RESULT: {}
COMMAND: GET /session/fe219389c4a652ed804fe0697356972e/screenshot - {}
RESULT: {}
COMMAND: POST /session/fe219389c4a652ed804fe0697356972e/element - {"using":"xpath","value":"//button[@data-kt=\"btnAddTableRowOverflowToolbarButton\"]"}
RESULT: {"using":"xpath","value":"//button[@data-kt=\"btnAddTableRowOverflowToolbarButton\"]"}
COMMAND: POST /session/fe219389c4a652ed804fe0697356972e/element/f.AE569C338F7BE8C487FB69BDD94B5641.d.A7443C5DB0680D627A25D12F6512DEBE.e.19131/click - {}
RESULT: {}
COMMAND: GET /session/fe219389c4a652ed804fe0697356972e/screenshot - {}
RESULT: {}
COMMAND: POST /session/fe219389c4a652ed804fe0697356972e/element - {"using":"xpath","value":"//div[(text() = 'Standard Entry' or . = 'Standard Entry')]"}
RESULT: {"using":"xpath","value":"//div[(text() = 'Standard Entry' or . = 'Standard Entry')]"}
COMMAND: POST /session/fe219389c4a652ed804fe0697356972e/element/f.AE569C338F7BE8C487FB69BDD94B5641.d.A7443C5DB0680D627A25D12F6512DEBE.e.19133/click - {}
RESULT: {}
COMMAND: GET /session/fe219389c4a652ed804fe0697356972e/screenshot - {}
RESULT: {}
COMMAND: POST /session/fe219389c4a652ed804fe0697356972e/element - {"using":"xpath","value":"//td[6]/div/div/div/span"}
RESULT: {"using":"xpath","value":"//td[6]/div/div/div/span"}
COMMAND: POST /session/fe219389c4a652ed804fe0697356972e/element/f.AE569C338F7BE8C487FB69BDD94B5641.d.A7443C5DB0680D627A25D12F6512DEBE.e.19145/click - {}
RESULT: {}
COMMAND: GET /session/fe219389c4a652ed804fe0697356972e/screenshot - {}
RESULT: {}
COMMAND: POST /session/fe219389c4a652ed804fe0697356972e/element - {"using":"xpath","value":"(//span[contains(text(), \"Material\")])"}
RESULT: {"using":"xpath","value":"(//span[contains(text(), \"Material\")])"}
COMMAND: POST /session/fe219389c4a652ed804fe0697356972e/element/f.AE569C338F7BE8C487FB69BDD94B5641.d.A7443C5DB0680D627A25D12F6512DEBE.e.19146/click - {}
RESULT: {}
COMMAND: GET /session/fe219389c4a652ed804fe0697356972e/screenshot - {}
RESULT: {}
COMMAND: POST /session/fe219389c4a652ed804fe0697356972e/element - {"using":"xpath","value":"//td[7]/div/div/input"}
RESULT: {"using":"xpath","value":"//td[7]/div/div/input"}
COMMAND: POST /session/fe219389c4a652ed804fe0697356972e/element/f.AE569C338F7BE8C487FB69BDD94B5641.d.A7443C5DB0680D627A25D12F6512DEBE.e.19150/clear - {}
RESULT: {}
COMMAND: POST /session/fe219389c4a652ed804fe0697356972e/element/f.AE569C338F7BE8C487FB69BDD94B5641.d.A7443C5DB0680D627A25D12F6512DEBE.e.19150/value - {"text":"200259"}
COMMAND: GET /session/fe219389c4a652ed804fe0697356972e/screenshot - {}
RESULT: {"text":"200259"}
COMMAND: GET /session/fe219389c4a652ed804fe0697356972e/screenshot - {}
RESULT: {}
RESULT: {}
COMMAND: POST /session/fe219389c4a652ed804fe0697356972e/actions - {"actions":[{"id":"action58","type":"key","parameters":{},"actions":[{"type":"keyDown","value":""},{"type":"pause","duration":10},{"type":"keyUp","value":""}]}]}
RESULT: {"actions":[{"id":"action58","type":"key","parameters":{},"actions":[{"type":"keyDown","value":""},{"type":"pause","duration":10},{"type":"keyUp","value":""}]}]}
COMMAND: GET /session/fe219389c4a652ed804fe0697356972e/screenshot - {}
RESULT: {}
COMMAND: POST /session/fe219389c4a652ed804fe0697356972e/execute/sync - {"script":"<script> [276 bytes]","args":["No pricing information was found"]}
RESULT: {"script":"<script> [276 bytes]","args":["No pricing information was found"]}
COMMAND: POST /session/fe219389c4a652ed804fe0697356972e/element - {"using":"xpath","value":"//bdi[contains(text(), \"OK\")]"}
COMMAND: GET /session/fe219389c4a652ed804fe0697356972e/screenshot - {}
RESULT: {"using":"xpath","value":"//bdi[contains(text(), \"OK\")]"}
COMMAND: POST /session/fe219389c4a652ed804fe0697356972e/element/f.AE569C338F7BE8C487FB69BDD94B5641.d.A7443C5DB0680D627A25D12F6512DEBE.e.19176/click - {}
RESULT: {}
RESULT: {}
COMMAND: GET /session/fe219389c4a652ed804fe0697356972e/screenshot - {}
RESULT: {}
COMMAND: POST /session/fe219389c4a652ed804fe0697356972e/element - {"using":"xpath","value":"(//button[@data-kt=\"saveButton\"])[2]"}
RESULT: {"using":"xpath","value":"(//button[@data-kt=\"saveButton\"])[2]"}
COMMAND: POST /session/fe219389c4a652ed804fe0697356972e/element/f.AE569C338F7BE8C487FB69BDD94B5641.d.A7443C5DB0680D627A25D12F6512DEBE.e.19177/click - {}
RESULT: {}
COMMAND: GET /session/fe219389c4a652ed804fe0697356972e/screenshot - {}
RESULT: {}
COMMAND: POST /session/fe219389c4a652ed804fe0697356972e/execute/sync - {"script":"<script> [276 bytes]","args":["Some contract items are having rental validity exceeding header rental validity"]}
RESULT: {"script":"<script> [276 bytes]","args":["Some contract items are having rental validity exceeding header rental validity"]}
COMMAND: GET /session/fe219389c4a652ed804fe0697356972e/screenshot - {}
RESULT: {}
COMMAND: POST /session/fe219389c4a652ed804fe0697356972e/element - {"using":"xpath","value":"//span[contains(@id ,\"contractItemsSmartTable-header-inner\")]"}
RESULT: {"using":"xpath","value":"//span[contains(@id ,\"contractItemsSmartTable-header-inner\")]"}
COMMAND: POST /session/fe219389c4a652ed804fe0697356972e/elements - {"using":"xpath","value":"//span[contains(@id ,\"contractItemsSmartTable-header-inner\")]"}
RESULT: {"using":"xpath","value":"//span[contains(@id ,\"contractItemsSmartTable-header-inner\")]"}
COMMAND: POST /session/fe219389c4a652ed804fe0697356972e/execute/sync - {"script":"<script> [56 bytes]","args":[{"element-6066-11e4-a52e-4f735466cecf":"f.AE569C338F7BE8C487FB69BDD94B5641.d.A7443C5DB0680D627A25D12F6512DEBE.e.19181","ELEMENT":"f.AE569C338F7BE8C487FB69BDD94B5641.d.A7443C5DB0680D627A25D12F6512DEBE.e.19181"}]}
RESULT: {"script":"<script> [56 bytes]","args":[{"element-6066-11e4-a52e-4f735466cecf":"f.AE569C338F7BE8C487FB69BDD94B5641.d.A7443C5DB0680D627A25D12F6512DEBE.e.19181","ELEMENT":"f.AE569C338F7BE8C487FB69BDD94B5641.d.A7443C5DB0680D627A25D12F6512DEBE.e.19181"}]}
COMMAND: GET /session/fe219389c4a652ed804fe0697356972e/screenshot - {}
]]></system-out>
    </testcase>
    <testcase classname="chrome.136_0_7103_93.windows.Provide_to_Site_w/o_warehouse_management_w/o_clarification" name="Should do provide to site" time="136.185">
      <system-out><![CDATA[
COMMAND: POST /session/fe219389c4a652ed804fe0697356972e/element - {"using":"xpath","value":"//button[@data-kt=\"provideButton\"]"}
RESULT: {}
RESULT: {"using":"xpath","value":"//button[@data-kt=\"provideButton\"]"}
COMMAND: POST /session/fe219389c4a652ed804fe0697356972e/element/f.AE569C338F7BE8C487FB69BDD94B5641.d.A7443C5DB0680D627A25D12F6512DEBE.e.19182/click - {}
RESULT: {}
COMMAND: GET /session/fe219389c4a652ed804fe0697356972e/screenshot - {}
RESULT: {}
COMMAND: POST /session/fe219389c4a652ed804fe0697356972e/element - {"using":"xpath","value":"(//div[contains(@id, \"application-managehandovers-display-component---AddNewHO--oneStep-CbBg\")])"}
RESULT: {"using":"xpath","value":"(//div[contains(@id, \"application-managehandovers-display-component---AddNewHO--oneStep-CbBg\")])"}
COMMAND: POST /session/fe219389c4a652ed804fe0697356972e/element - {"using":"xpath","value":"(//div[contains(@id, \"application-managehandovers-display-component---AddNewHO--oneStep-CbBg\")])/input"}
RESULT: {"using":"xpath","value":"(//div[contains(@id, \"application-managehandovers-display-component---AddNewHO--oneStep-CbBg\")])/input"}
COMMAND: GET /session/fe219389c4a652ed804fe0697356972e/element/f.AE569C338F7BE8C487FB69BDD94B5641.d.A7443C5DB0680D627A25D12F6512DEBE.e.19262/attribute/checked - {}
RESULT: {}
RESULT: undefined
COMMAND: POST /session/fe219389c4a652ed804fe0697356972e/execute/async - {"script":"<script> [6424 bytes]","args":[{"element-6066-11e4-a52e-4f735466cecf":"f.AE569C338F7BE8C487FB69BDD94B5641.d.A7443C5DB0680D627A25D12F6512DEBE.e.18128"},"setValue",["05/29/25"]]}
COMMAND: POST /session/fe219389c4a652ed804fe0697356972e/element/f.AE569C338F7BE8C487FB69BDD94B5641.d.A7443C5DB0680D627A25D12F6512DEBE.e.19495/click - {}
COMMAND: POST /session/fe219389c4a652ed804fe0697356972e/execute/async - {"script":"<script> [1562 bytes]","args":[{"selector":{"id":"application-managehandovers-display-component---AddNewHO--dueDate","interaction":{"idSuffix":"inner"}},"wdio_ui5_key":"applicationmanagehandovers-display-component---AddNewHO--dueDate"}]}
RESULT: {}
COMMAND: GET /session/fe219389c4a652ed804fe0697356972e/screenshot - {}
RESULT: {"script":"<script> [1562 bytes]","args":[{"selector":{"id":"application-managehandovers-display-component---AddNewHO--dueDate","interaction":{"idSuffix":"inner"}},"wdio_ui5_key":"applicationmanagehandovers-display-component---AddNewHO--dueDate"}]}
COMMAND: POST /session/fe219389c4a652ed804fe0697356972e/execute/async - {"script":"<script> [6424 bytes]","args":[{"element-6066-11e4-a52e-4f735466cecf":"f.AE569C338F7BE8C487FB69BDD94B5641.d.A7443C5DB0680D627A25D12F6512DEBE.e.19258"},"setValue",["05/29/25"]]}
RESULT: {}
RESULT: {"script":"<script> [6424 bytes]","args":[{"element-6066-11e4-a52e-4f735466cecf":"f.AE569C338F7BE8C487FB69BDD94B5641.d.A7443C5DB0680D627A25D12F6512DEBE.e.19258"},"setValue",["05/29/25"]]}
COMMAND: POST /session/fe219389c4a652ed804fe0697356972e/element - {"using":"xpath","value":"//bdi[contains(text(), \"Instructions\")]"}
RESULT: {"using":"xpath","value":"//bdi[contains(text(), \"Instructions\")]"}
COMMAND: POST /session/fe219389c4a652ed804fe0697356972e/element/f.AE569C338F7BE8C487FB69BDD94B5641.d.A7443C5DB0680D627A25D12F6512DEBE.e.19497/click - {}
RESULT: {}
COMMAND: GET /session/fe219389c4a652ed804fe0697356972e/screenshot - {}
RESULT: {}
COMMAND: POST /session/fe219389c4a652ed804fe0697356972e/element - {"using":"xpath","value":"//button[@data-kt=\"AddNewHOProvideAddItemsButton\"]"}
RESULT: {"using":"xpath","value":"//button[@data-kt=\"AddNewHOProvideAddItemsButton\"]"}
COMMAND: POST /session/fe219389c4a652ed804fe0697356972e/element/f.AE569C338F7BE8C487FB69BDD94B5641.d.A7443C5DB0680D627A25D12F6512DEBE.e.19501/click - {}
RESULT: {}
COMMAND: GET /session/fe219389c4a652ed804fe0697356972e/screenshot - {}
RESULT: {}
RESULT: undefined
COMMAND: POST /session/fe219389c4a652ed804fe0697356972e/element - {"using":"xpath","value":"//*[@id=\"application-managehandovers-display-component---AddNewHO--popup-sa\"]"}
RESULT: {"using":"xpath","value":"//*[@id=\"application-managehandovers-display-component---AddNewHO--popup-sa\"]"}
COMMAND: POST /session/fe219389c4a652ed804fe0697356972e/element/f.AE569C338F7BE8C487FB69BDD94B5641.d.A7443C5DB0680D627A25D12F6512DEBE.e.19517/click - {}
RESULT: {}
COMMAND: GET /session/fe219389c4a652ed804fe0697356972e/screenshot - {}
RESULT: {}
COMMAND: POST /session/fe219389c4a652ed804fe0697356972e/element - {"using":"xpath","value":"//*[contains(@id ,\"BDI-content\")][contains(text(), \"Select\")]"}
RESULT: {"using":"xpath","value":"//*[contains(@id ,\"BDI-content\")][contains(text(), \"Select\")]"}
COMMAND: POST /session/fe219389c4a652ed804fe0697356972e/element/f.AE569C338F7BE8C487FB69BDD94B5641.d.A7443C5DB0680D627A25D12F6512DEBE.e.19518/click - {}
RESULT: {}
COMMAND: GET /session/fe219389c4a652ed804fe0697356972e/screenshot - {}
RESULT: {}
COMMAND: POST /session/fe219389c4a652ed804fe0697356972e/execute/async - {"script":"<script> [1562 bytes]","args":[{"selector":{"id":"application-managehandovers-display-component---AddNewHO--confirmCreationButton","interaction":{"idSuffix":"BDI-content"}},"wdio_ui5_key":"applicationmanagehandovers-display-component---AddNewHO--confirmCreationButton"}]}
RESULT: {"script":"<script> [1562 bytes]","args":[{"selector":{"id":"application-managehandovers-display-component---AddNewHO--confirmCreationButton","interaction":{"idSuffix":"BDI-content"}},"wdio_ui5_key":"applicationmanagehandovers-display-component---AddNewHO--confirmCreationButton"}]}
RESULT: undefined
COMMAND: POST /session/fe219389c4a652ed804fe0697356972e/element - {"using":"xpath","value":"//*[@id=\"application-managehandovers-display-component---AddNewHO--confirmCreationButton\"]"}
RESULT: {"using":"xpath","value":"//*[@id=\"application-managehandovers-display-component---AddNewHO--confirmCreationButton\"]"}
COMMAND: POST /session/fe219389c4a652ed804fe0697356972e/element/f.AE569C338F7BE8C487FB69BDD94B5641.d.A7443C5DB0680D627A25D12F6512DEBE.e.19305/click - {}
RESULT: {}
COMMAND: GET /session/fe219389c4a652ed804fe0697356972e/screenshot - {}
RESULT: {}
COMMAND: POST /session/fe219389c4a652ed804fe0697356972e/execute/async - {"script":"<script> [1562 bytes]","args":[{"selector":{"id":"issueDatePicker","viewName":"etm.portal.ui.managehandovers.view.DetailExecuteHO","interaction":{"idSuffix":"inner"}},"wdio_ui5_key":"issueDatePickeretmportal.ui.managehandovers.view.DetailExecuteHO"}]}
RESULT: {"script":"<script> [1562 bytes]","args":[{"selector":{"id":"issueDatePicker","viewName":"etm.portal.ui.managehandovers.view.DetailExecuteHO","interaction":{"idSuffix":"inner"}},"wdio_ui5_key":"issueDatePickeretmportal.ui.managehandovers.view.DetailExecuteHO"}]}
RESULT: undefined
COMMAND: POST /session/fe219389c4a652ed804fe0697356972e/execute/async - {"script":"<script> [776 bytes]","args":[{"enterText":"5/29/25","selector":{"id":"issueDatePicker","viewName":"etm.portal.ui.managehandovers.view.DetailExecuteHO","interaction":{"idSuffix":"inner"}},"clearTextFirst":true,"interactionType":"ENTER_TEXT"}]}
RESULT: {"script":"<script> [776 bytes]","args":[{"enterText":"5/29/25","selector":{"id":"issueDatePicker","viewName":"etm.portal.ui.managehandovers.view.DetailExecuteHO","interaction":{"idSuffix":"inner"}},"clearTextFirst":true,"interactionType":"ENTER_TEXT"}]}
COMMAND: POST /session/fe219389c4a652ed804fe0697356972e/element - {"using":"xpath","value":"//button[@data-kt=\"PickingTableConfirmAllButton\"]"}
RESULT: {"using":"xpath","value":"//button[@data-kt=\"PickingTableConfirmAllButton\"]"}
COMMAND: POST /session/fe219389c4a652ed804fe0697356972e/element/f.AE569C338F7BE8C487FB69BDD94B5641.d.A7443C5DB0680D627A25D12F6512DEBE.e.19576/click - {}
RESULT: {}
COMMAND: GET /session/fe219389c4a652ed804fe0697356972e/screenshot - {}
RESULT: {}
COMMAND: POST /session/fe219389c4a652ed804fe0697356972e/element - {"using":"xpath","value":"//bdi[contains(text(), \"OK\")]"}
RESULT: {"using":"xpath","value":"//bdi[contains(text(), \"OK\")]"}
COMMAND: POST /session/fe219389c4a652ed804fe0697356972e/element/f.AE569C338F7BE8C487FB69BDD94B5641.d.A7443C5DB0680D627A25D12F6512DEBE.e.19579/click - {}
RESULT: {}
COMMAND: GET /session/fe219389c4a652ed804fe0697356972e/screenshot - {}
RESULT: {}
COMMAND: POST /session/fe219389c4a652ed804fe0697356972e/element - {"using":"xpath","value":"//button[@data-kt=\"execHoPickButton\"]"}
RESULT: {"using":"xpath","value":"//button[@data-kt=\"execHoPickButton\"]"}
COMMAND: POST /session/fe219389c4a652ed804fe0697356972e/element/f.AE569C338F7BE8C487FB69BDD94B5641.d.A7443C5DB0680D627A25D12F6512DEBE.e.19581/click - {}
RESULT: {}
COMMAND: GET /session/fe219389c4a652ed804fe0697356972e/screenshot - {}
RESULT: {}
COMMAND: POST /session/fe219389c4a652ed804fe0697356972e/element - {"using":"xpath","value":"//span[contains(@id ,\"filterItemControl_BASIC-RECEIVE_CONTRACT-vhi\")]"}
RESULT: {"using":"xpath","value":"//span[contains(@id ,\"filterItemControl_BASIC-RECEIVE_CONTRACT-vhi\")]"}
COMMAND: POST /session/fe219389c4a652ed804fe0697356972e/element/f.AE569C338F7BE8C487FB69BDD94B5641.d.A7443C5DB0680D627A25D12F6512DEBE.e.19862/click - {}
RESULT: {}
COMMAND: GET /session/fe219389c4a652ed804fe0697356972e/screenshot - {}
RESULT: {}
COMMAND: POST /session/fe219389c4a652ed804fe0697356972e/execute/async - {"script":"<script> [1562 bytes]","args":[{"selector":{"controlType":"sap.m.SearchField","viewName":"etm.portal.ui.managehandovers.view.MasterHO","bindingPath":{"path":"","propertyPath":"/_BASIC_SEARCH_FIELD","modelName":"fi1t3rM0d31"},"searchOpenDialogs":true,"interaction":{"idSuffix":"I"}},"wdio_ui5_key":"etmportal.ui.managehandovers.view.MasterHOsap.m.SearchField{\"path\":\"\",\"propertyPath\":\"/_BASIC_SEARCH_FIELD\",\"modelName\":\"fi1t3rM0d31\"}"}]}
RESULT: {"script":"<script> [1562 bytes]","args":[{"selector":{"controlType":"sap.m.SearchField","viewName":"etm.portal.ui.managehandovers.view.MasterHO","bindingPath":{"path":"","propertyPath":"/_BASIC_SEARCH_FIELD","modelName":"fi1t3rM0d31"},"searchOpenDialogs":true,"interaction":{"idSuffix":"I"}},"wdio_ui5_key":"etmportal.ui.managehandovers.view.MasterHOsap.m.SearchField{\"path\":\"\",\"propertyPath\":\"/_BASIC_SEARCH_FIELD\",\"modelName\":\"fi1t3rM0d31\"}"}]}
RESULT: undefined
COMMAND: POST /session/fe219389c4a652ed804fe0697356972e/execute/async - {"script":"<script> [776 bytes]","args":[{"enterText":"10378","selector":{"controlType":"sap.m.SearchField","viewName":"etm.portal.ui.managehandovers.view.MasterHO","bindingPath":{"path":"","propertyPath":"/_BASIC_SEARCH_FIELD","modelName":"fi1t3rM0d31"},"searchOpenDialogs":true,"interaction":{"idSuffix":"I"}},"clearTextFirst":true,"interactionType":"ENTER_TEXT"}]}
RESULT: {"script":"<script> [776 bytes]","args":[{"enterText":"10378","selector":{"controlType":"sap.m.SearchField","viewName":"etm.portal.ui.managehandovers.view.MasterHO","bindingPath":{"path":"","propertyPath":"/_BASIC_SEARCH_FIELD","modelName":"fi1t3rM0d31"},"searchOpenDialogs":true,"interaction":{"idSuffix":"I"}},"clearTextFirst":true,"interactionType":"ENTER_TEXT"}]}
COMMAND: POST /session/fe219389c4a652ed804fe0697356972e/actions - {"actions":[{"id":"action59","type":"key","parameters":{},"actions":[{"type":"keyDown","value":""},{"type":"pause","duration":10},{"type":"keyUp","value":""}]}]}
RESULT: {"actions":[{"id":"action59","type":"key","parameters":{},"actions":[{"type":"keyDown","value":""},{"type":"pause","duration":10},{"type":"keyUp","value":""}]}]}
COMMAND: GET /session/fe219389c4a652ed804fe0697356972e/screenshot - {}
RESULT: {}
COMMAND: POST /session/fe219389c4a652ed804fe0697356972e/element - {"using":"xpath","value":"//div[contains(@id, 'filterItemControl_BASIC-RECEIVE_CONTRACT-valueHelpDialog-table-rowsel0')]"}
RESULT: {"using":"xpath","value":"//div[contains(@id, 'filterItemControl_BASIC-RECEIVE_CONTRACT-valueHelpDialog-table-rowsel0')]"}
COMMAND: POST /session/fe219389c4a652ed804fe0697356972e/element/f.AE569C338F7BE8C487FB69BDD94B5641.d.A7443C5DB0680D627A25D12F6512DEBE.e.19871/click - {}
RESULT: {}
COMMAND: GET /session/fe219389c4a652ed804fe0697356972e/screenshot - {}
RESULT: {}
COMMAND: POST /session/fe219389c4a652ed804fe0697356972e/element - {"using":"xpath","value":"//bdi[contains(text(), \"OK\")]"}
RESULT: {"using":"xpath","value":"//bdi[contains(text(), \"OK\")]"}
COMMAND: POST /session/fe219389c4a652ed804fe0697356972e/element/f.AE569C338F7BE8C487FB69BDD94B5641.d.A7443C5DB0680D627A25D12F6512DEBE.e.19873/click - {}
RESULT: {}
COMMAND: GET /session/fe219389c4a652ed804fe0697356972e/screenshot - {}
RESULT: {}
COMMAND: POST /session/fe219389c4a652ed804fe0697356972e/element - {"using":"xpath","value":"//span[contains(@id, \"smartTable-header-inner\")]"}
RESULT: {"using":"xpath","value":"//span[contains(@id, \"smartTable-header-inner\")]"}
COMMAND: POST /session/fe219389c4a652ed804fe0697356972e/elements - {"using":"xpath","value":"//span[contains(@id, \"smartTable-header-inner\")]"}
RESULT: {"using":"xpath","value":"//span[contains(@id, \"smartTable-header-inner\")]"}
COMMAND: POST /session/fe219389c4a652ed804fe0697356972e/execute/sync - {"script":"<script> [56 bytes]","args":[{"element-6066-11e4-a52e-4f735466cecf":"f.AE569C338F7BE8C487FB69BDD94B5641.d.A7443C5DB0680D627A25D12F6512DEBE.e.19901","ELEMENT":"f.AE569C338F7BE8C487FB69BDD94B5641.d.A7443C5DB0680D627A25D12F6512DEBE.e.19901"}]}
RESULT: {"script":"<script> [56 bytes]","args":[{"element-6066-11e4-a52e-4f735466cecf":"f.AE569C338F7BE8C487FB69BDD94B5641.d.A7443C5DB0680D627A25D12F6512DEBE.e.19901","ELEMENT":"f.AE569C338F7BE8C487FB69BDD94B5641.d.A7443C5DB0680D627A25D12F6512DEBE.e.19901"}]}
COMMAND: POST /session/fe219389c4a652ed804fe0697356972e/element - {"using":"xpath","value":"//table[contains(@id, \"customHandovers\")]//tbody/tr[1]/td[2]/span"}
COMMAND: GET /session/fe219389c4a652ed804fe0697356972e/screenshot - {}
RESULT: {"using":"xpath","value":"//table[contains(@id, \"customHandovers\")]//tbody/tr[1]/td[2]/span"}
COMMAND: POST /session/fe219389c4a652ed804fe0697356972e/execute/sync - {"script":"<script> [56 bytes]","args":[{"element-6066-11e4-a52e-4f735466cecf":"f.AE569C338F7BE8C487FB69BDD94B5641.d.A7443C5DB0680D627A25D12F6512DEBE.e.19902","ELEMENT":"f.AE569C338F7BE8C487FB69BDD94B5641.d.A7443C5DB0680D627A25D12F6512DEBE.e.19902"}]}
RESULT: {}
RESULT: {"script":"<script> [56 bytes]","args":[{"element-6066-11e4-a52e-4f735466cecf":"f.AE569C338F7BE8C487FB69BDD94B5641.d.A7443C5DB0680D627A25D12F6512DEBE.e.19902","ELEMENT":"f.AE569C338F7BE8C487FB69BDD94B5641.d.A7443C5DB0680D627A25D12F6512DEBE.e.19902"}]}
COMMAND: POST /session/fe219389c4a652ed804fe0697356972e/element - {"using":"xpath","value":"(//span[contains(@id, \"imgNav\")])[1]"}
COMMAND: GET /session/fe219389c4a652ed804fe0697356972e/screenshot - {}
RESULT: {"using":"xpath","value":"(//span[contains(@id, \"imgNav\")])[1]"}
COMMAND: POST /session/fe219389c4a652ed804fe0697356972e/element/f.AE569C338F7BE8C487FB69BDD94B5641.d.A7443C5DB0680D627A25D12F6512DEBE.e.19898/click - {}
RESULT: {}
RESULT: {}
COMMAND: GET /session/fe219389c4a652ed804fe0697356972e/screenshot - {}
RESULT: {}
RESULT: undefined
COMMAND: POST /session/fe219389c4a652ed804fe0697356972e/execute/async - {"script":"<script> [776 bytes]","args":[{"enterText":"5/29/25","selector":{"id":"issueDatePicker","viewName":"etm.portal.ui.managehandovers.view.DetailExecuteHO","interaction":{"idSuffix":"inner"}},"clearTextFirst":true,"interactionType":"ENTER_TEXT"}]}
RESULT: {"script":"<script> [776 bytes]","args":[{"enterText":"5/29/25","selector":{"id":"issueDatePicker","viewName":"etm.portal.ui.managehandovers.view.DetailExecuteHO","interaction":{"idSuffix":"inner"}},"clearTextFirst":true,"interactionType":"ENTER_TEXT"}]}
COMMAND: POST /session/fe219389c4a652ed804fe0697356972e/element - {"using":"xpath","value":"//button[@data-kt=\"IssuingTableConfirmAllButton\"]"}
RESULT: {"using":"xpath","value":"//button[@data-kt=\"IssuingTableConfirmAllButton\"]"}
COMMAND: POST /session/fe219389c4a652ed804fe0697356972e/element/f.AE569C338F7BE8C487FB69BDD94B5641.d.A7443C5DB0680D627A25D12F6512DEBE.e.19956/click - {}
RESULT: {}
COMMAND: GET /session/fe219389c4a652ed804fe0697356972e/screenshot - {}
RESULT: {}
COMMAND: POST /session/fe219389c4a652ed804fe0697356972e/element - {"using":"xpath","value":"//bdi[contains(text(), \"OK\")]"}
RESULT: {"using":"xpath","value":"//bdi[contains(text(), \"OK\")]"}
COMMAND: POST /session/fe219389c4a652ed804fe0697356972e/element/f.AE569C338F7BE8C487FB69BDD94B5641.d.A7443C5DB0680D627A25D12F6512DEBE.e.19960/click - {}
RESULT: {}
COMMAND: GET /session/fe219389c4a652ed804fe0697356972e/screenshot - {}
RESULT: {}
COMMAND: POST /session/fe219389c4a652ed804fe0697356972e/element - {"using":"xpath","value":"//button[@data-kt=\"execHoIssueButton\"]"}
RESULT: {"using":"xpath","value":"//button[@data-kt=\"execHoIssueButton\"]"}
COMMAND: POST /session/fe219389c4a652ed804fe0697356972e/element/f.AE569C338F7BE8C487FB69BDD94B5641.d.A7443C5DB0680D627A25D12F6512DEBE.e.19961/click - {}
RESULT: {}
COMMAND: GET /session/fe219389c4a652ed804fe0697356972e/screenshot - {}
RESULT: {}
COMMAND: POST /session/fe219389c4a652ed804fe0697356972e/element - {"using":"xpath","value":"//input[contains(@id ,\"smartFilterBar-btnBasicSearch-I\")]"}
RESULT: {"using":"xpath","value":"//input[contains(@id ,\"smartFilterBar-btnBasicSearch-I\")]"}
COMMAND: POST /session/fe219389c4a652ed804fe0697356972e/elements - {"using":"xpath","value":"//input[contains(@id ,\"smartFilterBar-btnBasicSearch-I\")]"}
RESULT: {"using":"xpath","value":"//input[contains(@id ,\"smartFilterBar-btnBasicSearch-I\")]"}
COMMAND: POST /session/fe219389c4a652ed804fe0697356972e/execute/sync - {"script":"<script> [8489 bytes]","args":[{"element-6066-11e4-a52e-4f735466cecf":"f.AE569C338F7BE8C487FB69BDD94B5641.d.A7443C5DB0680D627A25D12F6512DEBE.e.19257","ELEMENT":"f.AE569C338F7BE8C487FB69BDD94B5641.d.A7443C5DB0680D627A25D12F6512DEBE.e.19257"}]}
RESULT: {"script":"<script> [8489 bytes]","args":[{"element-6066-11e4-a52e-4f735466cecf":"f.AE569C338F7BE8C487FB69BDD94B5641.d.A7443C5DB0680D627A25D12F6512DEBE.e.19257","ELEMENT":"f.AE569C338F7BE8C487FB69BDD94B5641.d.A7443C5DB0680D627A25D12F6512DEBE.e.19257"}]}
COMMAND: GET /session/fe219389c4a652ed804fe0697356972e/element/f.AE569C338F7BE8C487FB69BDD94B5641.d.A7443C5DB0680D627A25D12F6512DEBE.e.19257/enabled - {}
COMMAND: GET /session/fe219389c4a652ed804fe0697356972e/screenshot - {}
RESULT: {}
COMMAND: POST /session/fe219389c4a652ed804fe0697356972e/element/f.AE569C338F7BE8C487FB69BDD94B5641.d.A7443C5DB0680D627A25D12F6512DEBE.e.19257/clear - {}
COMMAND: GET /session/fe219389c4a652ed804fe0697356972e/screenshot - {}
RESULT: {}
RESULT: {}
COMMAND: POST /session/fe219389c4a652ed804fe0697356972e/element/f.AE569C338F7BE8C487FB69BDD94B5641.d.A7443C5DB0680D627A25D12F6512DEBE.e.19257/value - {"text":"30821"}
COMMAND: GET /session/fe219389c4a652ed804fe0697356972e/screenshot - {}
RESULT: {}
RESULT: {"text":"30821"}
COMMAND: GET /session/fe219389c4a652ed804fe0697356972e/screenshot - {}
RESULT: {}
RESULT: {}
COMMAND: POST /session/fe219389c4a652ed804fe0697356972e/actions - {"actions":[{"id":"action60","type":"key","parameters":{},"actions":[{"type":"keyDown","value":""},{"type":"pause","duration":10},{"type":"keyUp","value":""}]}]}
RESULT: {"actions":[{"id":"action60","type":"key","parameters":{},"actions":[{"type":"keyDown","value":""},{"type":"pause","duration":10},{"type":"keyUp","value":""}]}]}
COMMAND: GET /session/fe219389c4a652ed804fe0697356972e/screenshot - {}
RESULT: {}
COMMAND: POST /session/fe219389c4a652ed804fe0697356972e/element - {"using":"xpath","value":"//span[contains(@id, \"smartTable-header-inner\")]"}
RESULT: {"using":"xpath","value":"//span[contains(@id, \"smartTable-header-inner\")]"}
COMMAND: POST /session/fe219389c4a652ed804fe0697356972e/elements - {"using":"xpath","value":"//span[contains(@id, \"smartTable-header-inner\")]"}
RESULT: {"using":"xpath","value":"//span[contains(@id, \"smartTable-header-inner\")]"}
COMMAND: POST /session/fe219389c4a652ed804fe0697356972e/execute/sync - {"script":"<script> [56 bytes]","args":[{"element-6066-11e4-a52e-4f735466cecf":"f.AE569C338F7BE8C487FB69BDD94B5641.d.A7443C5DB0680D627A25D12F6512DEBE.e.19901","ELEMENT":"f.AE569C338F7BE8C487FB69BDD94B5641.d.A7443C5DB0680D627A25D12F6512DEBE.e.19901"}]}
RESULT: {"script":"<script> [56 bytes]","args":[{"element-6066-11e4-a52e-4f735466cecf":"f.AE569C338F7BE8C487FB69BDD94B5641.d.A7443C5DB0680D627A25D12F6512DEBE.e.19901","ELEMENT":"f.AE569C338F7BE8C487FB69BDD94B5641.d.A7443C5DB0680D627A25D12F6512DEBE.e.19901"}]}
COMMAND: POST /session/fe219389c4a652ed804fe0697356972e/elements - {"using":"xpath","value":"//thead[contains(@class, \"sapMTableTH\")]/tr/th"}
COMMAND: GET /session/fe219389c4a652ed804fe0697356972e/screenshot - {}
RESULT: {"using":"xpath","value":"//thead[contains(@class, \"sapMTableTH\")]/tr/th"}
COMMAND: GET /session/fe219389c4a652ed804fe0697356972e/element/f.AE569C338F7BE8C487FB69BDD94B5641.d.A7443C5DB0680D627A25D12F6512DEBE.e.19998/text - {}
RESULT: {}
RESULT: {}
COMMAND: GET /session/fe219389c4a652ed804fe0697356972e/element/f.AE569C338F7BE8C487FB69BDD94B5641.d.A7443C5DB0680D627A25D12F6512DEBE.e.19999/text - {}
RESULT: {}
COMMAND: GET /session/fe219389c4a652ed804fe0697356972e/element/f.AE569C338F7BE8C487FB69BDD94B5641.d.A7443C5DB0680D627A25D12F6512DEBE.e.19251/text - {}
RESULT: {}
COMMAND: GET /session/fe219389c4a652ed804fe0697356972e/element/f.AE569C338F7BE8C487FB69BDD94B5641.d.A7443C5DB0680D627A25D12F6512DEBE.e.19253/text - {}
RESULT: {}
COMMAND: GET /session/fe219389c4a652ed804fe0697356972e/element/f.AE569C338F7BE8C487FB69BDD94B5641.d.A7443C5DB0680D627A25D12F6512DEBE.e.19966/text - {}
RESULT: {}
COMMAND: GET /session/fe219389c4a652ed804fe0697356972e/element/f.AE569C338F7BE8C487FB69BDD94B5641.d.A7443C5DB0680D627A25D12F6512DEBE.e.19967/text - {}
RESULT: {}
COMMAND: GET /session/fe219389c4a652ed804fe0697356972e/element/f.AE569C338F7BE8C487FB69BDD94B5641.d.A7443C5DB0680D627A25D12F6512DEBE.e.19968/text - {}
RESULT: {}
COMMAND: GET /session/fe219389c4a652ed804fe0697356972e/element/f.AE569C338F7BE8C487FB69BDD94B5641.d.A7443C5DB0680D627A25D12F6512DEBE.e.19969/text - {}
RESULT: {}
COMMAND: GET /session/fe219389c4a652ed804fe0697356972e/element/f.AE569C338F7BE8C487FB69BDD94B5641.d.A7443C5DB0680D627A25D12F6512DEBE.e.19970/text - {}
RESULT: {}
COMMAND: GET /session/fe219389c4a652ed804fe0697356972e/element/f.AE569C338F7BE8C487FB69BDD94B5641.d.A7443C5DB0680D627A25D12F6512DEBE.e.19971/text - {}
RESULT: {}
COMMAND: GET /session/fe219389c4a652ed804fe0697356972e/element/f.AE569C338F7BE8C487FB69BDD94B5641.d.A7443C5DB0680D627A25D12F6512DEBE.e.19972/text - {}
RESULT: {}
COMMAND: GET /session/fe219389c4a652ed804fe0697356972e/element/f.AE569C338F7BE8C487FB69BDD94B5641.d.A7443C5DB0680D627A25D12F6512DEBE.e.19973/text - {}
RESULT: {}
COMMAND: GET /session/fe219389c4a652ed804fe0697356972e/element/f.AE569C338F7BE8C487FB69BDD94B5641.d.A7443C5DB0680D627A25D12F6512DEBE.e.19974/text - {}
RESULT: {}
COMMAND: GET /session/fe219389c4a652ed804fe0697356972e/element/f.AE569C338F7BE8C487FB69BDD94B5641.d.A7443C5DB0680D627A25D12F6512DEBE.e.19254/text - {}
RESULT: {}
COMMAND: POST /session/fe219389c4a652ed804fe0697356972e/element - {"using":"xpath","value":"//tbody[contains(@id, \"customHandoversTable-tblBody\")]/tr[1]/td[14]/div/span"}
RESULT: {"using":"xpath","value":"//tbody[contains(@id, \"customHandoversTable-tblBody\")]/tr[1]/td[14]/div/span"}
COMMAND: POST /session/fe219389c4a652ed804fe0697356972e/execute/sync - {"script":"<script> [56 bytes]","args":[{"element-6066-11e4-a52e-4f735466cecf":"f.AE569C338F7BE8C487FB69BDD94B5641.d.A7443C5DB0680D627A25D12F6512DEBE.e.20048","ELEMENT":"f.AE569C338F7BE8C487FB69BDD94B5641.d.A7443C5DB0680D627A25D12F6512DEBE.e.20048"}]}
RESULT: {"script":"<script> [56 bytes]","args":[{"element-6066-11e4-a52e-4f735466cecf":"f.AE569C338F7BE8C487FB69BDD94B5641.d.A7443C5DB0680D627A25D12F6512DEBE.e.20048","ELEMENT":"f.AE569C338F7BE8C487FB69BDD94B5641.d.A7443C5DB0680D627A25D12F6512DEBE.e.20048"}]}
COMMAND: POST /session/fe219389c4a652ed804fe0697356972e/element - {"using":"xpath","value":"(//span[contains(@id, \"imgNav\")])[1]"}
COMMAND: GET /session/fe219389c4a652ed804fe0697356972e/screenshot - {}
RESULT: {"using":"xpath","value":"(//span[contains(@id, \"imgNav\")])[1]"}
COMMAND: POST /session/fe219389c4a652ed804fe0697356972e/element/f.AE569C338F7BE8C487FB69BDD94B5641.d.A7443C5DB0680D627A25D12F6512DEBE.e.20049/click - {}
RESULT: {}
RESULT: {}
COMMAND: GET /session/fe219389c4a652ed804fe0697356972e/screenshot - {}
RESULT: {}
RESULT: undefined
COMMAND: POST /session/fe219389c4a652ed804fe0697356972e/execute/async - {"script":"<script> [776 bytes]","args":[{"enterText":"05/29/25","selector":{"id":"receiptDatePicker","viewName":"etm.portal.ui.managehandovers.view.DetailExecuteHO","interaction":{"idSuffix":"inner"}},"clearTextFirst":true,"interactionType":"ENTER_TEXT"}]}
RESULT: {"script":"<script> [776 bytes]","args":[{"enterText":"05/29/25","selector":{"id":"receiptDatePicker","viewName":"etm.portal.ui.managehandovers.view.DetailExecuteHO","interaction":{"idSuffix":"inner"}},"clearTextFirst":true,"interactionType":"ENTER_TEXT"}]}
COMMAND: POST /session/fe219389c4a652ed804fe0697356972e/element - {"using":"xpath","value":"//bdi[contains(text(), \"OK\")]"}
RESULT: {"using":"xpath","value":"//bdi[contains(text(), \"OK\")]"}
COMMAND: POST /session/fe219389c4a652ed804fe0697356972e/element/f.AE569C338F7BE8C487FB69BDD94B5641.d.A7443C5DB0680D627A25D12F6512DEBE.e.20081/click - {}
RESULT: {}
COMMAND: GET /session/fe219389c4a652ed804fe0697356972e/screenshot - {}
RESULT: {}
COMMAND: POST /session/fe219389c4a652ed804fe0697356972e/element - {"using":"xpath","value":"//button[@data-kt=\"ReceivingTableConfirmAllButton\"]"}
RESULT: {"using":"xpath","value":"//button[@data-kt=\"ReceivingTableConfirmAllButton\"]"}
COMMAND: POST /session/fe219389c4a652ed804fe0697356972e/element/f.AE569C338F7BE8C487FB69BDD94B5641.d.A7443C5DB0680D627A25D12F6512DEBE.e.20089/click - {}
RESULT: {}
COMMAND: GET /session/fe219389c4a652ed804fe0697356972e/screenshot - {}
RESULT: {}
COMMAND: POST /session/fe219389c4a652ed804fe0697356972e/element - {"using":"xpath","value":"//bdi[contains(text(), \"OK\")]"}
RESULT: {"using":"xpath","value":"//bdi[contains(text(), \"OK\")]"}
COMMAND: POST /session/fe219389c4a652ed804fe0697356972e/element/f.AE569C338F7BE8C487FB69BDD94B5641.d.A7443C5DB0680D627A25D12F6512DEBE.e.20093/click - {}
RESULT: {}
COMMAND: GET /session/fe219389c4a652ed804fe0697356972e/screenshot - {}
RESULT: {}
COMMAND: POST /session/fe219389c4a652ed804fe0697356972e/element - {"using":"xpath","value":"//button[@data-kt= \"execHoReceiveButton\"]"}
RESULT: {"using":"xpath","value":"//button[@data-kt= \"execHoReceiveButton\"]"}
COMMAND: POST /session/fe219389c4a652ed804fe0697356972e/element/f.AE569C338F7BE8C487FB69BDD94B5641.d.A7443C5DB0680D627A25D12F6512DEBE.e.20094/click - {}
RESULT: {}
COMMAND: GET /session/fe219389c4a652ed804fe0697356972e/screenshot - {}
RESULT: {}
COMMAND: POST /session/fe219389c4a652ed804fe0697356972e/element - {"using":"xpath","value":"//input[contains(@id ,\"smartFilterBar-btnBasicSearch-I\")]"}
RESULT: {"using":"xpath","value":"//input[contains(@id ,\"smartFilterBar-btnBasicSearch-I\")]"}
COMMAND: POST /session/fe219389c4a652ed804fe0697356972e/elements - {"using":"xpath","value":"//input[contains(@id ,\"smartFilterBar-btnBasicSearch-I\")]"}
RESULT: {"using":"xpath","value":"//input[contains(@id ,\"smartFilterBar-btnBasicSearch-I\")]"}
COMMAND: POST /session/fe219389c4a652ed804fe0697356972e/execute/sync - {"script":"<script> [8489 bytes]","args":[{"element-6066-11e4-a52e-4f735466cecf":"f.AE569C338F7BE8C487FB69BDD94B5641.d.A7443C5DB0680D627A25D12F6512DEBE.e.19257","ELEMENT":"f.AE569C338F7BE8C487FB69BDD94B5641.d.A7443C5DB0680D627A25D12F6512DEBE.e.19257"}]}
RESULT: {"script":"<script> [8489 bytes]","args":[{"element-6066-11e4-a52e-4f735466cecf":"f.AE569C338F7BE8C487FB69BDD94B5641.d.A7443C5DB0680D627A25D12F6512DEBE.e.19257","ELEMENT":"f.AE569C338F7BE8C487FB69BDD94B5641.d.A7443C5DB0680D627A25D12F6512DEBE.e.19257"}]}
COMMAND: GET /session/fe219389c4a652ed804fe0697356972e/element/f.AE569C338F7BE8C487FB69BDD94B5641.d.A7443C5DB0680D627A25D12F6512DEBE.e.19257/enabled - {}
COMMAND: GET /session/fe219389c4a652ed804fe0697356972e/screenshot - {}
RESULT: {}
COMMAND: POST /session/fe219389c4a652ed804fe0697356972e/element/f.AE569C338F7BE8C487FB69BDD94B5641.d.A7443C5DB0680D627A25D12F6512DEBE.e.19257/clear - {}
COMMAND: GET /session/fe219389c4a652ed804fe0697356972e/screenshot - {}
RESULT: {}
RESULT: {}
COMMAND: POST /session/fe219389c4a652ed804fe0697356972e/element/f.AE569C338F7BE8C487FB69BDD94B5641.d.A7443C5DB0680D627A25D12F6512DEBE.e.19257/value - {"text":"30821"}
COMMAND: GET /session/fe219389c4a652ed804fe0697356972e/screenshot - {}
RESULT: {}
RESULT: {"text":"30821"}
COMMAND: GET /session/fe219389c4a652ed804fe0697356972e/screenshot - {}
RESULT: {}
RESULT: {}
COMMAND: POST /session/fe219389c4a652ed804fe0697356972e/actions - {"actions":[{"id":"action61","type":"key","parameters":{},"actions":[{"type":"keyDown","value":""},{"type":"pause","duration":10},{"type":"keyUp","value":""}]}]}
RESULT: {"actions":[{"id":"action61","type":"key","parameters":{},"actions":[{"type":"keyDown","value":""},{"type":"pause","duration":10},{"type":"keyUp","value":""}]}]}
COMMAND: GET /session/fe219389c4a652ed804fe0697356972e/screenshot - {}
RESULT: {}
COMMAND: POST /session/fe219389c4a652ed804fe0697356972e/element - {"using":"xpath","value":"//span[contains(@id, \"smartTable-header-inner\")]"}
RESULT: {"using":"xpath","value":"//span[contains(@id, \"smartTable-header-inner\")]"}
COMMAND: POST /session/fe219389c4a652ed804fe0697356972e/elements - {"using":"xpath","value":"//span[contains(@id, \"smartTable-header-inner\")]"}
RESULT: {"using":"xpath","value":"//span[contains(@id, \"smartTable-header-inner\")]"}
COMMAND: POST /session/fe219389c4a652ed804fe0697356972e/execute/sync - {"script":"<script> [56 bytes]","args":[{"element-6066-11e4-a52e-4f735466cecf":"f.AE569C338F7BE8C487FB69BDD94B5641.d.A7443C5DB0680D627A25D12F6512DEBE.e.19901","ELEMENT":"f.AE569C338F7BE8C487FB69BDD94B5641.d.A7443C5DB0680D627A25D12F6512DEBE.e.19901"}]}
RESULT: {"script":"<script> [56 bytes]","args":[{"element-6066-11e4-a52e-4f735466cecf":"f.AE569C338F7BE8C487FB69BDD94B5641.d.A7443C5DB0680D627A25D12F6512DEBE.e.19901","ELEMENT":"f.AE569C338F7BE8C487FB69BDD94B5641.d.A7443C5DB0680D627A25D12F6512DEBE.e.19901"}]}
COMMAND: POST /session/fe219389c4a652ed804fe0697356972e/elements - {"using":"xpath","value":"//thead[contains(@class, \"sapMTableTH\")]/tr/th"}
COMMAND: GET /session/fe219389c4a652ed804fe0697356972e/screenshot - {}
RESULT: {"using":"xpath","value":"//thead[contains(@class, \"sapMTableTH\")]/tr/th"}
COMMAND: GET /session/fe219389c4a652ed804fe0697356972e/element/f.AE569C338F7BE8C487FB69BDD94B5641.d.A7443C5DB0680D627A25D12F6512DEBE.e.19998/text - {}
RESULT: {}
RESULT: {}
COMMAND: GET /session/fe219389c4a652ed804fe0697356972e/element/f.AE569C338F7BE8C487FB69BDD94B5641.d.A7443C5DB0680D627A25D12F6512DEBE.e.19999/text - {}
RESULT: {}
COMMAND: GET /session/fe219389c4a652ed804fe0697356972e/element/f.AE569C338F7BE8C487FB69BDD94B5641.d.A7443C5DB0680D627A25D12F6512DEBE.e.19251/text - {}
RESULT: {}
COMMAND: GET /session/fe219389c4a652ed804fe0697356972e/element/f.AE569C338F7BE8C487FB69BDD94B5641.d.A7443C5DB0680D627A25D12F6512DEBE.e.19253/text - {}
RESULT: {}
COMMAND: GET /session/fe219389c4a652ed804fe0697356972e/element/f.AE569C338F7BE8C487FB69BDD94B5641.d.A7443C5DB0680D627A25D12F6512DEBE.e.20099/text - {}
RESULT: {}
COMMAND: GET /session/fe219389c4a652ed804fe0697356972e/element/f.AE569C338F7BE8C487FB69BDD94B5641.d.A7443C5DB0680D627A25D12F6512DEBE.e.20100/text - {}
RESULT: {}
COMMAND: GET /session/fe219389c4a652ed804fe0697356972e/element/f.AE569C338F7BE8C487FB69BDD94B5641.d.A7443C5DB0680D627A25D12F6512DEBE.e.20101/text - {}
RESULT: {}
COMMAND: GET /session/fe219389c4a652ed804fe0697356972e/element/f.AE569C338F7BE8C487FB69BDD94B5641.d.A7443C5DB0680D627A25D12F6512DEBE.e.20102/text - {}
RESULT: {}
COMMAND: GET /session/fe219389c4a652ed804fe0697356972e/element/f.AE569C338F7BE8C487FB69BDD94B5641.d.A7443C5DB0680D627A25D12F6512DEBE.e.20103/text - {}
RESULT: {}
COMMAND: GET /session/fe219389c4a652ed804fe0697356972e/element/f.AE569C338F7BE8C487FB69BDD94B5641.d.A7443C5DB0680D627A25D12F6512DEBE.e.20104/text - {}
RESULT: {}
COMMAND: GET /session/fe219389c4a652ed804fe0697356972e/element/f.AE569C338F7BE8C487FB69BDD94B5641.d.A7443C5DB0680D627A25D12F6512DEBE.e.20105/text - {}
RESULT: {}
COMMAND: GET /session/fe219389c4a652ed804fe0697356972e/element/f.AE569C338F7BE8C487FB69BDD94B5641.d.A7443C5DB0680D627A25D12F6512DEBE.e.20106/text - {}
RESULT: {}
COMMAND: GET /session/fe219389c4a652ed804fe0697356972e/element/f.AE569C338F7BE8C487FB69BDD94B5641.d.A7443C5DB0680D627A25D12F6512DEBE.e.20107/text - {}
RESULT: {}
COMMAND: GET /session/fe219389c4a652ed804fe0697356972e/element/f.AE569C338F7BE8C487FB69BDD94B5641.d.A7443C5DB0680D627A25D12F6512DEBE.e.19254/text - {}
RESULT: {}
COMMAND: POST /session/fe219389c4a652ed804fe0697356972e/element - {"using":"xpath","value":"//tbody[contains(@id, \"customHandoversTable-tblBody\")]/tr[1]/td[14]/div/span"}
RESULT: {"using":"xpath","value":"//tbody[contains(@id, \"customHandoversTable-tblBody\")]/tr[1]/td[14]/div/span"}
COMMAND: POST /session/fe219389c4a652ed804fe0697356972e/execute/sync - {"script":"<script> [56 bytes]","args":[{"element-6066-11e4-a52e-4f735466cecf":"f.AE569C338F7BE8C487FB69BDD94B5641.d.A7443C5DB0680D627A25D12F6512DEBE.e.20152","ELEMENT":"f.AE569C338F7BE8C487FB69BDD94B5641.d.A7443C5DB0680D627A25D12F6512DEBE.e.20152"}]}
RESULT: {"script":"<script> [56 bytes]","args":[{"element-6066-11e4-a52e-4f735466cecf":"f.AE569C338F7BE8C487FB69BDD94B5641.d.A7443C5DB0680D627A25D12F6512DEBE.e.20152","ELEMENT":"f.AE569C338F7BE8C487FB69BDD94B5641.d.A7443C5DB0680D627A25D12F6512DEBE.e.20152"}]}
]]></system-out>
    </testcase>
    <testcase classname="chrome.136_0_7103_93.windows.Provide_to_Site_w/o_warehouse_management_w/o_clarification" name="Should Test for Handover Execution" time="12.563">
      <system-out><![CDATA[
COMMAND: POST /session/fe219389c4a652ed804fe0697356972e/element - {"using":"xpath","value":"(//span[contains(@id, \"imgNav\")])[1]"}
COMMAND: GET /session/fe219389c4a652ed804fe0697356972e/screenshot - {}
RESULT: {"using":"xpath","value":"(//span[contains(@id, \"imgNav\")])[1]"}
COMMAND: POST /session/fe219389c4a652ed804fe0697356972e/element/f.AE569C338F7BE8C487FB69BDD94B5641.d.A7443C5DB0680D627A25D12F6512DEBE.e.20153/click - {}
RESULT: {}
RESULT: {}
COMMAND: GET /session/fe219389c4a652ed804fe0697356972e/screenshot - {}
RESULT: {}
COMMAND: POST /session/fe219389c4a652ed804fe0697356972e/element - {"using":"css selector","value":"#shell-header-logo"}
RESULT: {"using":"css selector","value":"#shell-header-logo"}
COMMAND: POST /session/fe219389c4a652ed804fe0697356972e/element/f.AE569C338F7BE8C487FB69BDD94B5641.d.A7443C5DB0680D627A25D12F6512DEBE.e.18635/click - {}
RESULT: {}
COMMAND: GET /session/fe219389c4a652ed804fe0697356972e/screenshot - {}
RESULT: {}
]]></system-out>
    </testcase>
    <testcase classname="chrome.136_0_7103_93.windows.Provide_to_Site_w/o_warehouse_management_w/o_clarification" name="Should test for Clarification" time="0.004">
      <system-out><![CDATA[
COMMAND: POST /session/fe219389c4a652ed804fe0697356972e/element - {"using":"css selector","value":"#j_username"}
COMMAND: POST /session/fe219389c4a652ed804fe0697356972e/url - {"url":"https://qa-testing-00-live-etm-ui.cfapps.eu10-004.hana.ondemand.com/"}
RESULT: {"using":"css selector","value":"#j_username"}
COMMAND: POST /session/fe219389c4a652ed804fe0697356972e/element - {"using":"css selector","value":"#j_username"}
RESULT: {"url":"https://qa-testing-00-live-etm-ui.cfapps.eu10-004.hana.ondemand.com/"}
RESULT: undefined
COMMAND: GET /session/fe219389c4a652ed804fe0697356972e/screenshot - {}
RESULT: {"using":"css selector","value":"#j_username"}
COMMAND: POST /session/fe219389c4a652ed804fe0697356972e/element - {"using":"css selector","value":"#shell-header-logo"}
RESULT: {}
RESULT: {"using":"css selector","value":"#shell-header-logo"}
COMMAND: POST /session/fe219389c4a652ed804fe0697356972e/execute/sync - {"script":"<script> [8489 bytes]","args":[{"element-6066-11e4-a52e-4f735466cecf":"f.AE569C338F7BE8C487FB69BDD94B5641.d.6F182E64ADC71EB8ACF6C5420AFD1286.e.20217","ELEMENT":"f.AE569C338F7BE8C487FB69BDD94B5641.d.6F182E64ADC71EB8ACF6C5420AFD1286.e.20217"}]}
RESULT: {"script":"<script> [8489 bytes]","args":[{"element-6066-11e4-a52e-4f735466cecf":"f.AE569C338F7BE8C487FB69BDD94B5641.d.6F182E64ADC71EB8ACF6C5420AFD1286.e.20217","ELEMENT":"f.AE569C338F7BE8C487FB69BDD94B5641.d.6F182E64ADC71EB8ACF6C5420AFD1286.e.20217"}]}
COMMAND: POST /session/fe219389c4a652ed804fe0697356972e/element - {"using":"css selector","value":"#shell-header-logo"}
COMMAND: GET /session/fe219389c4a652ed804fe0697356972e/screenshot - {}
RESULT: {"using":"css selector","value":"#shell-header-logo"}
COMMAND: POST /session/fe219389c4a652ed804fe0697356972e/execute/sync - {"script":"<script> [8489 bytes]","args":[{"element-6066-11e4-a52e-4f735466cecf":"f.AE569C338F7BE8C487FB69BDD94B5641.d.6F182E64ADC71EB8ACF6C5420AFD1286.e.20217","ELEMENT":"f.AE569C338F7BE8C487FB69BDD94B5641.d.6F182E64ADC71EB8ACF6C5420AFD1286.e.20217"}]}
RESULT: {}
RESULT: {"script":"<script> [8489 bytes]","args":[{"element-6066-11e4-a52e-4f735466cecf":"f.AE569C338F7BE8C487FB69BDD94B5641.d.6F182E64ADC71EB8ACF6C5420AFD1286.e.20217","ELEMENT":"f.AE569C338F7BE8C487FB69BDD94B5641.d.6F182E64ADC71EB8ACF6C5420AFD1286.e.20217"}]}
COMMAND: POST /session/fe219389c4a652ed804fe0697356972e/execute/sync - {"script":"<script> [5351 bytes]","args":[{"element-6066-11e4-a52e-4f735466cecf":"f.AE569C338F7BE8C487FB69BDD94B5641.d.6F182E64ADC71EB8ACF6C5420AFD1286.e.20217","ELEMENT":"f.AE569C338F7BE8C487FB69BDD94B5641.d.6F182E64ADC71EB8ACF6C5420AFD1286.e.20217"}]}
COMMAND: GET /session/fe219389c4a652ed804fe0697356972e/screenshot - {}
RESULT: {"script":"<script> [5351 bytes]","args":[{"element-6066-11e4-a52e-4f735466cecf":"f.AE569C338F7BE8C487FB69BDD94B5641.d.6F182E64ADC71EB8ACF6C5420AFD1286.e.20217","ELEMENT":"f.AE569C338F7BE8C487FB69BDD94B5641.d.6F182E64ADC71EB8ACF6C5420AFD1286.e.20217"}]}
COMMAND: POST /session/fe219389c4a652ed804fe0697356972e/element - {"using":"css selector","value":"#shell-header-logo"}
COMMAND: GET /session/fe219389c4a652ed804fe0697356972e/screenshot - {}
RESULT: {}
RESULT: {"using":"css selector","value":"#shell-header-logo"}
COMMAND: POST /session/fe219389c4a652ed804fe0697356972e/element/f.AE569C338F7BE8C487FB69BDD94B5641.d.6F182E64ADC71EB8ACF6C5420AFD1286.e.20217/click - {}
RESULT: {}
RESULT: {}
COMMAND: GET /session/fe219389c4a652ed804fe0697356972e/screenshot - {}
RESULT: {}
COMMAND: POST /session/fe219389c4a652ed804fe0697356972e/execute/async - {"script":"<script> [189 bytes]","args":[]}
RESULT: {"script":"<script> [189 bytes]","args":[]}
COMMAND: POST /session/fe219389c4a652ed804fe0697356972e/execute/async - {"script":"<script> [123 bytes]","args":[]}
RESULT: {"script":"<script> [123 bytes]","args":[]}
COMMAND: POST /session/fe219389c4a652ed804fe0697356972e/timeouts - {"script":"<number>"}
RESULT: {"script":"<number>"}
COMMAND: GET /session/fe219389c4a652ed804fe0697356972e/timeouts - {}
RESULT: {}
RESULT: undefined
COMMAND: POST /session/fe219389c4a652ed804fe0697356972e/execute/async - {"script":"<script> [2676 bytes]","args":[]}
RESULT: {"script":"<script> [2676 bytes]","args":[]}
COMMAND: POST /session/fe219389c4a652ed804fe0697356972e/execute/async - {"script":"<script> [2342 bytes]","args":[{"protocol":"http","hostname":"0.0.0.0","path":"/","capabilities":{"browserName":"chrome","goog:chromeOptions":{"binary":"C:\\Program Files\\Google\\Chrome\\Application\\chrome.exe","args":["--start-maximized"]}},"logLevel":"warn","connectionRetryTimeout":120000,"connectionRetryCount":3,"logLevels":{},"enableDirectConnect":true,"strictSSL":true,"_":"65 more keys: [\"cacheDir\",\"port\",\"requestedCapabilities\",\"automationProtocol\",\"baseUrl\",\"waitforInterval\",\"waitforTimeout\",\"onReload\",\"beforeCommand\",\"afterCommand\",\"rootDir\",\"specs\",\"suites\",\"exclude\",\"groupLogsByTestSpec\",\"excludeDriverLogs\",\"bail\",\"framework\",\"reporters\",\"services\",\"maxInstances\",\"maxInstancesPerCapability\",\"injectGlobals\",\"filesToWatch\",\"execArgv\",\"runnerEnv\",\"runner\",\"shard\",\"specFileRetries\",\"specFileRetriesDelay\",\"specFileRetriesDeferred\",\"reporterSyncInterval\",\"reporterSyncTimeout\",\"cucumberFeaturesWithLineNumbers\",\"autoCompileOpts\",\"mochaOpts\",\"jasmineOpts\",\"cucumberOpts\",\"onPrepare\",\"onWorkerStart\",\"onWorkerEnd\",\"before\",\"beforeSession\",\"beforeSuite\",\"beforeHook\",\"beforeTest\",\"afterTest\",\"afterHook\",\"afterSuite\",\"afterSession\",\"after\",\"onComplete\",\"beforeAssertion\",\"afterAssertion\",\"beforeFeature\",\"beforeScenario\",\"beforeStep\",\"afterStep\",\"afterScenario\",\"afterFeature\",\"_\",\"suite\",\"$0\",\"ignoredWorkerServices\",\"wdi5\"]"}]}
RESULT: {"script":"<script> [2342 bytes]","args":[{"protocol":"http","hostname":"0.0.0.0","path":"/","capabilities":{"browserName":"chrome","goog:chromeOptions":{"binary":"C:\\Program Files\\Google\\Chrome\\Application\\chrome.exe","args":["--start-maximized"]}},"logLevel":"warn","connectionRetryTimeout":120000,"connectionRetryCount":3,"logLevels":{},"enableDirectConnect":true,"strictSSL":true,"_":"65 more keys: [\"cacheDir\",\"port\",\"requestedCapabilities\",\"automationProtocol\",\"baseUrl\",\"waitforInterval\",\"waitforTimeout\",\"onReload\",\"beforeCommand\",\"afterCommand\",\"rootDir\",\"specs\",\"suites\",\"exclude\",\"groupLogsByTestSpec\",\"excludeDriverLogs\",\"bail\",\"framework\",\"reporters\",\"services\",\"maxInstances\",\"maxInstancesPerCapability\",\"injectGlobals\",\"filesToWatch\",\"execArgv\",\"runnerEnv\",\"runner\",\"shard\",\"specFileRetries\",\"specFileRetriesDelay\",\"specFileRetriesDeferred\",\"reporterSyncInterval\",\"reporterSyncTimeout\",\"cucumberFeaturesWithLineNumbers\",\"autoCompileOpts\",\"mochaOpts\",\"jasmineOpts\",\"cucumberOpts\",\"onPrepare\",\"onWorkerStart\",\"onWorkerEnd\",\"before\",\"beforeSession\",\"beforeSuite\",\"beforeHook\",\"beforeTest\",\"afterTest\",\"afterHook\",\"afterSuite\",\"afterSession\",\"after\",\"onComplete\",\"beforeAssertion\",\"afterAssertion\",\"beforeFeature\",\"beforeScenario\",\"beforeStep\",\"afterStep\",\"afterScenario\",\"afterFeature\",\"_\",\"suite\",\"$0\",\"ignoredWorkerServices\",\"wdi5\"]"}]}
COMMAND: POST /session/fe219389c4a652ed804fe0697356972e/execute/async - {"script":"<script> [21126 bytes]","args":[35000]}
RESULT: {"script":"<script> [21126 bytes]","args":[35000]}
COMMAND: POST /session/fe219389c4a652ed804fe0697356972e/window/maximize - {}
RESULT: {}
COMMAND: POST /session/fe219389c4a652ed804fe0697356972e/execute/async - {"script":"<script> [1562 bytes]","args":[{"selector":{"id":"shell-header","interaction":{"idSuffix":"icon"}},"wdio_ui5_key":"shellheader"}]}
COMMAND: GET /session/fe219389c4a652ed804fe0697356972e/screenshot - {}
RESULT: {"script":"<script> [1562 bytes]","args":[{"selector":{"id":"shell-header","interaction":{"idSuffix":"icon"}},"wdio_ui5_key":"shellheader"}]}
RESULT: undefined
COMMAND: POST /session/fe219389c4a652ed804fe0697356972e/refresh - {}
RESULT: {}
RESULT: {}
COMMAND: GET /session/fe219389c4a652ed804fe0697356972e/screenshot - {}
RESULT: {}
COMMAND: POST /session/fe219389c4a652ed804fe0697356972e/refresh - {}
RESULT: {}
COMMAND: GET /session/fe219389c4a652ed804fe0697356972e/screenshot - {}
RESULT: {}
COMMAND: POST /session/fe219389c4a652ed804fe0697356972e/window/fullscreen - {}
RESULT: {}
COMMAND: POST /session/fe219389c4a652ed804fe0697356972e/execute/async - {"script":"<script> [189 bytes]","args":[]}
RESULT: {"script":"<script> [189 bytes]","args":[]}
COMMAND: POST /session/fe219389c4a652ed804fe0697356972e/execute/async - {"script":"<script> [123 bytes]","args":[]}
RESULT: {"script":"<script> [123 bytes]","args":[]}
COMMAND: POST /session/fe219389c4a652ed804fe0697356972e/timeouts - {"script":"<number>"}
RESULT: {"script":"<number>"}
COMMAND: GET /session/fe219389c4a652ed804fe0697356972e/timeouts - {}
RESULT: {}
RESULT: undefined
COMMAND: POST /session/fe219389c4a652ed804fe0697356972e/execute/async - {"script":"<script> [2676 bytes]","args":[]}
RESULT: {"script":"<script> [2676 bytes]","args":[]}
COMMAND: POST /session/fe219389c4a652ed804fe0697356972e/execute/async - {"script":"<script> [2342 bytes]","args":[{"protocol":"http","hostname":"0.0.0.0","path":"/","capabilities":{"browserName":"chrome","goog:chromeOptions":{"binary":"C:\\Program Files\\Google\\Chrome\\Application\\chrome.exe","args":["--start-maximized"]}},"logLevel":"warn","connectionRetryTimeout":120000,"connectionRetryCount":3,"logLevels":{},"enableDirectConnect":true,"strictSSL":true,"_":"65 more keys: [\"cacheDir\",\"port\",\"requestedCapabilities\",\"automationProtocol\",\"baseUrl\",\"waitforInterval\",\"waitforTimeout\",\"onReload\",\"beforeCommand\",\"afterCommand\",\"rootDir\",\"specs\",\"suites\",\"exclude\",\"groupLogsByTestSpec\",\"excludeDriverLogs\",\"bail\",\"framework\",\"reporters\",\"services\",\"maxInstances\",\"maxInstancesPerCapability\",\"injectGlobals\",\"filesToWatch\",\"execArgv\",\"runnerEnv\",\"runner\",\"shard\",\"specFileRetries\",\"specFileRetriesDelay\",\"specFileRetriesDeferred\",\"reporterSyncInterval\",\"reporterSyncTimeout\",\"cucumberFeaturesWithLineNumbers\",\"autoCompileOpts\",\"mochaOpts\",\"jasmineOpts\",\"cucumberOpts\",\"onPrepare\",\"onWorkerStart\",\"onWorkerEnd\",\"before\",\"beforeSession\",\"beforeSuite\",\"beforeHook\",\"beforeTest\",\"afterTest\",\"afterHook\",\"afterSuite\",\"afterSession\",\"after\",\"onComplete\",\"beforeAssertion\",\"afterAssertion\",\"beforeFeature\",\"beforeScenario\",\"beforeStep\",\"afterStep\",\"afterScenario\",\"afterFeature\",\"_\",\"suite\",\"$0\",\"ignoredWorkerServices\",\"wdi5\"]"}]}
RESULT: {"script":"<script> [2342 bytes]","args":[{"protocol":"http","hostname":"0.0.0.0","path":"/","capabilities":{"browserName":"chrome","goog:chromeOptions":{"binary":"C:\\Program Files\\Google\\Chrome\\Application\\chrome.exe","args":["--start-maximized"]}},"logLevel":"warn","connectionRetryTimeout":120000,"connectionRetryCount":3,"logLevels":{},"enableDirectConnect":true,"strictSSL":true,"_":"65 more keys: [\"cacheDir\",\"port\",\"requestedCapabilities\",\"automationProtocol\",\"baseUrl\",\"waitforInterval\",\"waitforTimeout\",\"onReload\",\"beforeCommand\",\"afterCommand\",\"rootDir\",\"specs\",\"suites\",\"exclude\",\"groupLogsByTestSpec\",\"excludeDriverLogs\",\"bail\",\"framework\",\"reporters\",\"services\",\"maxInstances\",\"maxInstancesPerCapability\",\"injectGlobals\",\"filesToWatch\",\"execArgv\",\"runnerEnv\",\"runner\",\"shard\",\"specFileRetries\",\"specFileRetriesDelay\",\"specFileRetriesDeferred\",\"reporterSyncInterval\",\"reporterSyncTimeout\",\"cucumberFeaturesWithLineNumbers\",\"autoCompileOpts\",\"mochaOpts\",\"jasmineOpts\",\"cucumberOpts\",\"onPrepare\",\"onWorkerStart\",\"onWorkerEnd\",\"before\",\"beforeSession\",\"beforeSuite\",\"beforeHook\",\"beforeTest\",\"afterTest\",\"afterHook\",\"afterSuite\",\"afterSession\",\"after\",\"onComplete\",\"beforeAssertion\",\"afterAssertion\",\"beforeFeature\",\"beforeScenario\",\"beforeStep\",\"afterStep\",\"afterScenario\",\"afterFeature\",\"_\",\"suite\",\"$0\",\"ignoredWorkerServices\",\"wdi5\"]"}]}
COMMAND: POST /session/fe219389c4a652ed804fe0697356972e/execute/async - {"script":"<script> [21126 bytes]","args":[35000]}
RESULT: {"script":"<script> [21126 bytes]","args":[35000]}
]]></system-out>
    </testcase>
  </testsuite>
  <testsuite timestamp="2025-05-29T17:09:40" time="179.12" tests="6" failures="0" errors="0" skipped="0">
    <properties>
      <property name="specId" value="0"/>
      <property name="suiteName" value="Return from Site w/ warehouse management w/ clarification US125588"/>
      <property name="capabilities" value="chrome.136_0_7103_93.windows"/>
      <property name="file" value="file:///D:/a/1/s/test/specs/HTR/return-from-site-w-warehouse-management-w-clarification.spec.js"/>
    </properties>
    <testcase classname="chrome.136_0_7103_93.windows.Return_from_Site_w/_warehouse_management_w/_clarification_US125588" name="Should create a new WHM yard" time="0.01">
      <system-out><![CDATA[
COMMAND: POST /session/fe219389c4a652ed804fe0697356972e/window/fullscreen - {}
RESULT: {}
]]></system-out>
    </testcase>
    <testcase classname="chrome.136_0_7103_93.windows.Return_from_Site_w/_warehouse_management_w/_clarification_US125588" name="Should create a new external WHM partner" time="0.004"/>
    <testcase classname="chrome.136_0_7103_93.windows.Return_from_Site_w/_warehouse_management_w/_clarification_US125588" name="Should create a new WHM site" time="0.003"/>
    <testcase classname="chrome.136_0_7103_93.windows.Return_from_Site_w/_warehouse_management_w/_clarification_US125588" name="Should create a new material" time="126.319">
      <system-out><![CDATA[
COMMAND: POST /session/fe219389c4a652ed804fe0697356972e/execute/async - {"script":"<script> [1562 bytes]","args":[{"selector":{"controlType":"sap.m.GenericTile","properties":{"header":"Manage Resources"}},"wdio_ui5_key":"sapm.GenericTile{\"header\":\"Manage Resources\"}"}]}
RESULT: {"script":"<script> [1562 bytes]","args":[{"selector":{"controlType":"sap.m.GenericTile","properties":{"header":"Manage Resources"}},"wdio_ui5_key":"sapm.GenericTile{\"header\":\"Manage Resources\"}"}]}
RESULT: undefined
COMMAND: POST /session/fe219389c4a652ed804fe0697356972e/element - {"using":"xpath","value":"//*[@id=\"__tile39\"]"}
RESULT: {"using":"xpath","value":"//*[@id=\"__tile39\"]"}
COMMAND: POST /session/fe219389c4a652ed804fe0697356972e/element/f.AE569C338F7BE8C487FB69BDD94B5641.d.88BC8061B1ADE3993ECBBF80376880E2.e.20366/click - {}
RESULT: {}
COMMAND: GET /session/fe219389c4a652ed804fe0697356972e/screenshot - {}
RESULT: {}
COMMAND: POST /session/fe219389c4a652ed804fe0697356972e/elements - {"using":"xpath","value":"//span[text()='Error']"}
RESULT: {"using":"xpath","value":"//span[text()='Error']"}
COMMAND: POST /session/fe219389c4a652ed804fe0697356972e/element - {"using":"xpath","value":"//button[@data-kt=\"addNewRUOverflowToolbarButton\"]"}
RESULT: {"using":"xpath","value":"//button[@data-kt=\"addNewRUOverflowToolbarButton\"]"}
COMMAND: POST /session/fe219389c4a652ed804fe0697356972e/elements - {"using":"xpath","value":"//button[@data-kt=\"addNewRUOverflowToolbarButton\"]"}
RESULT: {"using":"xpath","value":"//button[@data-kt=\"addNewRUOverflowToolbarButton\"]"}
COMMAND: POST /session/fe219389c4a652ed804fe0697356972e/elements - {"using":"xpath","value":"//button[@data-kt=\"addNewRUOverflowToolbarButton\"]"}
RESULT: {"using":"xpath","value":"//button[@data-kt=\"addNewRUOverflowToolbarButton\"]"}
COMMAND: POST /session/fe219389c4a652ed804fe0697356972e/elements - {"using":"xpath","value":"//button[@data-kt=\"addNewRUOverflowToolbarButton\"]"}
RESULT: {"using":"xpath","value":"//button[@data-kt=\"addNewRUOverflowToolbarButton\"]"}
COMMAND: POST /session/fe219389c4a652ed804fe0697356972e/elements - {"using":"xpath","value":"//button[@data-kt=\"addNewRUOverflowToolbarButton\"]"}
RESULT: {"using":"xpath","value":"//button[@data-kt=\"addNewRUOverflowToolbarButton\"]"}
COMMAND: POST /session/fe219389c4a652ed804fe0697356972e/elements - {"using":"xpath","value":"//button[@data-kt=\"addNewRUOverflowToolbarButton\"]"}
RESULT: {"using":"xpath","value":"//button[@data-kt=\"addNewRUOverflowToolbarButton\"]"}
COMMAND: POST /session/fe219389c4a652ed804fe0697356972e/elements - {"using":"xpath","value":"//button[@data-kt=\"addNewRUOverflowToolbarButton\"]"}
RESULT: {"using":"xpath","value":"//button[@data-kt=\"addNewRUOverflowToolbarButton\"]"}
COMMAND: POST /session/fe219389c4a652ed804fe0697356972e/elements - {"using":"xpath","value":"//button[@data-kt=\"addNewRUOverflowToolbarButton\"]"}
RESULT: {"using":"xpath","value":"//button[@data-kt=\"addNewRUOverflowToolbarButton\"]"}
COMMAND: POST /session/fe219389c4a652ed804fe0697356972e/elements - {"using":"xpath","value":"//button[@data-kt=\"addNewRUOverflowToolbarButton\"]"}
RESULT: {"using":"xpath","value":"//button[@data-kt=\"addNewRUOverflowToolbarButton\"]"}
COMMAND: POST /session/fe219389c4a652ed804fe0697356972e/elements - {"using":"xpath","value":"//button[@data-kt=\"addNewRUOverflowToolbarButton\"]"}
RESULT: {"using":"xpath","value":"//button[@data-kt=\"addNewRUOverflowToolbarButton\"]"}
COMMAND: POST /session/fe219389c4a652ed804fe0697356972e/elements - {"using":"xpath","value":"//button[@data-kt=\"addNewRUOverflowToolbarButton\"]"}
RESULT: {"using":"xpath","value":"//button[@data-kt=\"addNewRUOverflowToolbarButton\"]"}
COMMAND: POST /session/fe219389c4a652ed804fe0697356972e/element - {"using":"xpath","value":"//button[@data-kt=\"addNewRUOverflowToolbarButton\"]"}
RESULT: {"using":"xpath","value":"//button[@data-kt=\"addNewRUOverflowToolbarButton\"]"}
COMMAND: POST /session/fe219389c4a652ed804fe0697356972e/execute/sync - {"script":"<script> [8489 bytes]","args":[{"element-6066-11e4-a52e-4f735466cecf":"f.AE569C338F7BE8C487FB69BDD94B5641.d.88BC8061B1ADE3993ECBBF80376880E2.e.20506","ELEMENT":"f.AE569C338F7BE8C487FB69BDD94B5641.d.88BC8061B1ADE3993ECBBF80376880E2.e.20506"}]}
RESULT: {"script":"<script> [8489 bytes]","args":[{"element-6066-11e4-a52e-4f735466cecf":"f.AE569C338F7BE8C487FB69BDD94B5641.d.88BC8061B1ADE3993ECBBF80376880E2.e.20506","ELEMENT":"f.AE569C338F7BE8C487FB69BDD94B5641.d.88BC8061B1ADE3993ECBBF80376880E2.e.20506"}]}
COMMAND: GET /session/fe219389c4a652ed804fe0697356972e/element/f.AE569C338F7BE8C487FB69BDD94B5641.d.88BC8061B1ADE3993ECBBF80376880E2.e.20506/enabled - {}
COMMAND: GET /session/fe219389c4a652ed804fe0697356972e/screenshot - {}
RESULT: {}
COMMAND: POST /session/fe219389c4a652ed804fe0697356972e/execute/sync - {"script":"<script> [8489 bytes]","args":[{"element-6066-11e4-a52e-4f735466cecf":"f.AE569C338F7BE8C487FB69BDD94B5641.d.88BC8061B1ADE3993ECBBF80376880E2.e.20506","ELEMENT":"f.AE569C338F7BE8C487FB69BDD94B5641.d.88BC8061B1ADE3993ECBBF80376880E2.e.20506"}]}
COMMAND: GET /session/fe219389c4a652ed804fe0697356972e/screenshot - {}
RESULT: {}
RESULT: {"script":"<script> [8489 bytes]","args":[{"element-6066-11e4-a52e-4f735466cecf":"f.AE569C338F7BE8C487FB69BDD94B5641.d.88BC8061B1ADE3993ECBBF80376880E2.e.20506","ELEMENT":"f.AE569C338F7BE8C487FB69BDD94B5641.d.88BC8061B1ADE3993ECBBF80376880E2.e.20506"}]}
COMMAND: POST /session/fe219389c4a652ed804fe0697356972e/execute/sync - {"script":"<script> [5351 bytes]","args":[{"element-6066-11e4-a52e-4f735466cecf":"f.AE569C338F7BE8C487FB69BDD94B5641.d.88BC8061B1ADE3993ECBBF80376880E2.e.20506","ELEMENT":"f.AE569C338F7BE8C487FB69BDD94B5641.d.88BC8061B1ADE3993ECBBF80376880E2.e.20506"}]}
COMMAND: GET /session/fe219389c4a652ed804fe0697356972e/screenshot - {}
RESULT: {}
RESULT: {"script":"<script> [5351 bytes]","args":[{"element-6066-11e4-a52e-4f735466cecf":"f.AE569C338F7BE8C487FB69BDD94B5641.d.88BC8061B1ADE3993ECBBF80376880E2.e.20506","ELEMENT":"f.AE569C338F7BE8C487FB69BDD94B5641.d.88BC8061B1ADE3993ECBBF80376880E2.e.20506"}]}
COMMAND: POST /session/fe219389c4a652ed804fe0697356972e/element/f.AE569C338F7BE8C487FB69BDD94B5641.d.88BC8061B1ADE3993ECBBF80376880E2.e.20506/click - {}
COMMAND: GET /session/fe219389c4a652ed804fe0697356972e/screenshot - {}
RESULT: {}
RESULT: {}
RESULT: {}
COMMAND: GET /session/fe219389c4a652ed804fe0697356972e/screenshot - {}
RESULT: {}
COMMAND: POST /session/fe219389c4a652ed804fe0697356972e/execute/async - {"script":"<script> [1562 bytes]","args":[{"selector":{"id":"application-manageresources-display-component---newResourceUnit--TYPE-arrow"},"wdio_ui5_key":"applicationmanageresources-display-component---newResourceUnit--TYPE-arrow"}]}
RESULT: {"script":"<script> [1562 bytes]","args":[{"selector":{"id":"application-manageresources-display-component---newResourceUnit--TYPE-arrow"},"wdio_ui5_key":"applicationmanageresources-display-component---newResourceUnit--TYPE-arrow"}]}
RESULT: undefined
COMMAND: POST /session/fe219389c4a652ed804fe0697356972e/element - {"using":"xpath","value":"//*[@id=\"application-manageresources-display-component---newResourceUnit--TYPE-arrow\"]"}
RESULT: {"using":"xpath","value":"//*[@id=\"application-manageresources-display-component---newResourceUnit--TYPE-arrow\"]"}
COMMAND: POST /session/fe219389c4a652ed804fe0697356972e/element/f.AE569C338F7BE8C487FB69BDD94B5641.d.88BC8061B1ADE3993ECBBF80376880E2.e.20876/click - {}
RESULT: {}
COMMAND: POST /session/fe219389c4a652ed804fe0697356972e/element - {"using":"xpath","value":"//input[@id=\"application-manageresources-display-component---newResourceUnit--TYPE-inner\"]"}
COMMAND: GET /session/fe219389c4a652ed804fe0697356972e/screenshot - {}
RESULT: {"using":"xpath","value":"//input[@id=\"application-manageresources-display-component---newResourceUnit--TYPE-inner\"]"}
COMMAND: POST /session/fe219389c4a652ed804fe0697356972e/element/f.AE569C338F7BE8C487FB69BDD94B5641.d.88BC8061B1ADE3993ECBBF80376880E2.e.20857/clear - {}
RESULT: {}
RESULT: {}
COMMAND: POST /session/fe219389c4a652ed804fe0697356972e/element/f.AE569C338F7BE8C487FB69BDD94B5641.d.88BC8061B1ADE3993ECBBF80376880E2.e.20857/value - {"text":"Material"}
COMMAND: GET /session/fe219389c4a652ed804fe0697356972e/screenshot - {}
RESULT: {"text":"Material"}
COMMAND: GET /session/fe219389c4a652ed804fe0697356972e/screenshot - {}
RESULT: {}
RESULT: {}
COMMAND: POST /session/fe219389c4a652ed804fe0697356972e/actions - {"actions":[{"id":"action62","type":"key","parameters":{},"actions":[{"type":"keyDown","value":""},{"type":"pause","duration":10},{"type":"keyUp","value":""}]}]}
RESULT: {"actions":[{"id":"action62","type":"key","parameters":{},"actions":[{"type":"keyDown","value":""},{"type":"pause","duration":10},{"type":"keyUp","value":""}]}]}
COMMAND: POST /session/fe219389c4a652ed804fe0697356972e/execute/async - {"script":"<script> [1562 bytes]","args":[{"selector":{"id":"application-manageresources-display-component---newResourceUnit--SHORT_TEXT","interaction":{"idSuffix":"inner"}},"wdio_ui5_key":"applicationmanageresources-display-component---newResourceUnit--SHORT_TEXT"}]}
COMMAND: GET /session/fe219389c4a652ed804fe0697356972e/screenshot - {}
RESULT: {"script":"<script> [1562 bytes]","args":[{"selector":{"id":"application-manageresources-display-component---newResourceUnit--SHORT_TEXT","interaction":{"idSuffix":"inner"}},"wdio_ui5_key":"applicationmanageresources-display-component---newResourceUnit--SHORT_TEXT"}]}
RESULT: undefined
COMMAND: POST /session/fe219389c4a652ed804fe0697356972e/execute/async - {"script":"<script> [776 bytes]","args":[{"enterText":"Cement WDIO","selector":{"id":"application-manageresources-display-component---newResourceUnit--SHORT_TEXT","interaction":{"idSuffix":"inner"}},"clearTextFirst":true,"interactionType":"ENTER_TEXT"}]}
RESULT: {}
RESULT: {"script":"<script> [776 bytes]","args":[{"enterText":"Cement WDIO","selector":{"id":"application-manageresources-display-component---newResourceUnit--SHORT_TEXT","interaction":{"idSuffix":"inner"}},"clearTextFirst":true,"interactionType":"ENTER_TEXT"}]}
COMMAND: POST /session/fe219389c4a652ed804fe0697356972e/execute/async - {"script":"<script> [1562 bytes]","args":[{"selector":{"id":"application-manageresources-display-component---newResourceUnit--BASE_UNIT_OF_MEASURE","interaction":{"idSuffix":"inner"}},"wdio_ui5_key":"applicationmanageresources-display-component---newResourceUnit--BASE_UNIT_OF_MEASURE"}]}
RESULT: {"script":"<script> [1562 bytes]","args":[{"selector":{"id":"application-manageresources-display-component---newResourceUnit--BASE_UNIT_OF_MEASURE","interaction":{"idSuffix":"inner"}},"wdio_ui5_key":"applicationmanageresources-display-component---newResourceUnit--BASE_UNIT_OF_MEASURE"}]}
RESULT: undefined
COMMAND: POST /session/fe219389c4a652ed804fe0697356972e/execute/async - {"script":"<script> [776 bytes]","args":[{"enterText":"Piece","selector":{"id":"application-manageresources-display-component---newResourceUnit--BASE_UNIT_OF_MEASURE","interaction":{"idSuffix":"inner"}},"clearTextFirst":true,"interactionType":"ENTER_TEXT"}]}
RESULT: {"script":"<script> [776 bytes]","args":[{"enterText":"Piece","selector":{"id":"application-manageresources-display-component---newResourceUnit--BASE_UNIT_OF_MEASURE","interaction":{"idSuffix":"inner"}},"clearTextFirst":true,"interactionType":"ENTER_TEXT"}]}
COMMAND: POST /session/fe219389c4a652ed804fe0697356972e/execute/async - {"script":"<script> [1562 bytes]","args":[{"selector":{"id":"application-manageresources-display-component---newResourceUnit--WEIGHT_UNIT","interaction":{"idSuffix":"inner"}},"wdio_ui5_key":"applicationmanageresources-display-component---newResourceUnit--WEIGHT_UNIT"}]}
RESULT: {"script":"<script> [1562 bytes]","args":[{"selector":{"id":"application-manageresources-display-component---newResourceUnit--WEIGHT_UNIT","interaction":{"idSuffix":"inner"}},"wdio_ui5_key":"applicationmanageresources-display-component---newResourceUnit--WEIGHT_UNIT"}]}
RESULT: undefined
COMMAND: POST /session/fe219389c4a652ed804fe0697356972e/execute/async - {"script":"<script> [776 bytes]","args":[{"enterText":"Gram","selector":{"id":"application-manageresources-display-component---newResourceUnit--WEIGHT_UNIT","interaction":{"idSuffix":"inner"}},"clearTextFirst":true,"interactionType":"ENTER_TEXT"}]}
RESULT: {"script":"<script> [776 bytes]","args":[{"enterText":"Gram","selector":{"id":"application-manageresources-display-component---newResourceUnit--WEIGHT_UNIT","interaction":{"idSuffix":"inner"}},"clearTextFirst":true,"interactionType":"ENTER_TEXT"}]}
COMMAND: POST /session/fe219389c4a652ed804fe0697356972e/execute/async - {"script":"<script> [1562 bytes]","args":[{"selector":{"id":"application-manageresources-display-component---newResourceUnit--DIMENSION_UNIT","interaction":{"idSuffix":"inner"}},"wdio_ui5_key":"applicationmanageresources-display-component---newResourceUnit--DIMENSION_UNIT"}]}
RESULT: {"script":"<script> [1562 bytes]","args":[{"selector":{"id":"application-manageresources-display-component---newResourceUnit--DIMENSION_UNIT","interaction":{"idSuffix":"inner"}},"wdio_ui5_key":"applicationmanageresources-display-component---newResourceUnit--DIMENSION_UNIT"}]}
RESULT: undefined
COMMAND: POST /session/fe219389c4a652ed804fe0697356972e/execute/async - {"script":"<script> [776 bytes]","args":[{"enterText":"Meter","selector":{"id":"application-manageresources-display-component---newResourceUnit--DIMENSION_UNIT","interaction":{"idSuffix":"inner"}},"clearTextFirst":true,"interactionType":"ENTER_TEXT"}]}
RESULT: {"script":"<script> [776 bytes]","args":[{"enterText":"Meter","selector":{"id":"application-manageresources-display-component---newResourceUnit--DIMENSION_UNIT","interaction":{"idSuffix":"inner"}},"clearTextFirst":true,"interactionType":"ENTER_TEXT"}]}
COMMAND: POST /session/fe219389c4a652ed804fe0697356972e/execute/async - {"script":"<script> [1562 bytes]","args":[{"selector":{"id":"application-manageresources-display-component---newResourceUnit--newRRUPage-anchBar-application-manageresources-display-component---newResourceUnit--control-anchor","interaction":{"idSuffix":"BDI-content"}},"wdio_ui5_key":"applicationmanageresources-display-component---newResourceUnit--newRRUPage-anchBar-application-manageresources-display-component---newResourceUnit--control-anchor"}]}
RESULT: {"script":"<script> [1562 bytes]","args":[{"selector":{"id":"application-manageresources-display-component---newResourceUnit--newRRUPage-anchBar-application-manageresources-display-component---newResourceUnit--control-anchor","interaction":{"idSuffix":"BDI-content"}},"wdio_ui5_key":"applicationmanageresources-display-component---newResourceUnit--newRRUPage-anchBar-application-manageresources-display-component---newResourceUnit--control-anchor"}]}
RESULT: undefined
COMMAND: POST /session/fe219389c4a652ed804fe0697356972e/element - {"using":"xpath","value":"//*[@id=\"application-manageresources-display-component---newResourceUnit--newRRUPage-anchBar-application-manageresources-display-component---newResourceUnit--control-anchor\"]"}
RESULT: {"using":"xpath","value":"//*[@id=\"application-manageresources-display-component---newResourceUnit--newRRUPage-anchBar-application-manageresources-display-component---newResourceUnit--control-anchor\"]"}
COMMAND: POST /session/fe219389c4a652ed804fe0697356972e/element/f.AE569C338F7BE8C487FB69BDD94B5641.d.88BC8061B1ADE3993ECBBF80376880E2.e.21008/click - {}
RESULT: {}
COMMAND: POST /session/fe219389c4a652ed804fe0697356972e/execute/async - {"script":"<script> [1562 bytes]","args":[{"selector":{"id":"application-manageresources-display-component---newResourceUnit--PLANNING_GROUP","interaction":{"idSuffix":"inner"}},"wdio_ui5_key":"applicationmanageresources-display-component---newResourceUnit--PLANNING_GROUP"}]}
COMMAND: GET /session/fe219389c4a652ed804fe0697356972e/screenshot - {}
RESULT: {"script":"<script> [1562 bytes]","args":[{"selector":{"id":"application-manageresources-display-component---newResourceUnit--PLANNING_GROUP","interaction":{"idSuffix":"inner"}},"wdio_ui5_key":"applicationmanageresources-display-component---newResourceUnit--PLANNING_GROUP"}]}
RESULT: undefined
COMMAND: POST /session/fe219389c4a652ed804fe0697356972e/execute/async - {"script":"<script> [776 bytes]","args":[{"enterText":"Material","selector":{"id":"application-manageresources-display-component---newResourceUnit--PLANNING_GROUP","interaction":{"idSuffix":"inner"}},"clearTextFirst":true,"interactionType":"ENTER_TEXT"}]}
RESULT: {}
RESULT: {"script":"<script> [776 bytes]","args":[{"enterText":"Material","selector":{"id":"application-manageresources-display-component---newResourceUnit--PLANNING_GROUP","interaction":{"idSuffix":"inner"}},"clearTextFirst":true,"interactionType":"ENTER_TEXT"}]}
COMMAND: POST /session/fe219389c4a652ed804fe0697356972e/execute/async - {"script":"<script> [1562 bytes]","args":[{"selector":{"id":"application-manageresources-display-component---newResourceUnit--PLANNING_INDICATOR","interaction":{"idSuffix":"inner"}},"wdio_ui5_key":"applicationmanageresources-display-component---newResourceUnit--PLANNING_INDICATOR"}]}
RESULT: {"script":"<script> [1562 bytes]","args":[{"selector":{"id":"application-manageresources-display-component---newResourceUnit--PLANNING_INDICATOR","interaction":{"idSuffix":"inner"}},"wdio_ui5_key":"applicationmanageresources-display-component---newResourceUnit--PLANNING_INDICATOR"}]}
RESULT: undefined
COMMAND: POST /session/fe219389c4a652ed804fe0697356972e/execute/async - {"script":"<script> [776 bytes]","args":[{"enterText":"10 - infinite","selector":{"id":"application-manageresources-display-component---newResourceUnit--PLANNING_INDICATOR","interaction":{"idSuffix":"inner"}},"clearTextFirst":true,"interactionType":"ENTER_TEXT"}]}
RESULT: {"script":"<script> [776 bytes]","args":[{"enterText":"10 - infinite","selector":{"id":"application-manageresources-display-component---newResourceUnit--PLANNING_INDICATOR","interaction":{"idSuffix":"inner"}},"clearTextFirst":true,"interactionType":"ENTER_TEXT"}]}
COMMAND: POST /session/fe219389c4a652ed804fe0697356972e/element - {"using":"css selector","value":"#application-manageresources-display-component---newResourceUnit--btnAddTimeSegment"}
RESULT: {"using":"css selector","value":"#application-manageresources-display-component---newResourceUnit--btnAddTimeSegment"}
COMMAND: GET /session/fe219389c4a652ed804fe0697356972e/element/f.AE569C338F7BE8C487FB69BDD94B5641.d.88BC8061B1ADE3993ECBBF80376880E2.e.21018/rect - {}
RESULT: {}
COMMAND: GET /session/fe219389c4a652ed804fe0697356972e/window/rect - {}
RESULT: {}
COMMAND: POST /session/fe219389c4a652ed804fe0697356972e/execute/sync - {"script":"<script> [92 bytes]","args":[]}
RESULT: {"script":"<script> [92 bytes]","args":[]}
COMMAND: POST /session/fe219389c4a652ed804fe0697356972e/actions - {"actions":[{"id":"action63","type":"wheel","parameters":{},"actions":[{"type":"scroll","x":-1888,"y":-32,"deltaX":0,"deltaY":0,"duration":0,"origin":{"element-6066-11e4-a52e-4f735466cecf":"f.AE569C338F7BE8C487FB69BDD94B5641.d.88BC8061B1ADE3993ECBBF80376880E2.e.21018"}}]}]}
COMMAND: GET /session/fe219389c4a652ed804fe0697356972e/screenshot - {}
RESULT: {}
COMMAND: POST /session/fe219389c4a652ed804fe0697356972e/execute/sync - {"script":"<script> [79 bytes]","args":[{"element-6066-11e4-a52e-4f735466cecf":"f.AE569C338F7BE8C487FB69BDD94B5641.d.88BC8061B1ADE3993ECBBF80376880E2.e.21018","ELEMENT":"f.AE569C338F7BE8C487FB69BDD94B5641.d.88BC8061B1ADE3993ECBBF80376880E2.e.21018"},{"block":"start","inline":"nearest"}]}
RESULT: {"script":"<script> [79 bytes]","args":[{"element-6066-11e4-a52e-4f735466cecf":"f.AE569C338F7BE8C487FB69BDD94B5641.d.88BC8061B1ADE3993ECBBF80376880E2.e.21018","ELEMENT":"f.AE569C338F7BE8C487FB69BDD94B5641.d.88BC8061B1ADE3993ECBBF80376880E2.e.21018"},{"block":"start","inline":"nearest"}]}
COMMAND: POST /session/fe219389c4a652ed804fe0697356972e/execute/async - {"script":"<script> [1562 bytes]","args":[{"selector":{"id":"application-manageresources-display-component---newResourceUnit--btnAddTimeSegment","interaction":{"idSuffix":"inner"}},"wdio_ui5_key":"applicationmanageresources-display-component---newResourceUnit--btnAddTimeSegment"}]}
COMMAND: GET /session/fe219389c4a652ed804fe0697356972e/screenshot - {}
RESULT: {"script":"<script> [1562 bytes]","args":[{"selector":{"id":"application-manageresources-display-component---newResourceUnit--btnAddTimeSegment","interaction":{"idSuffix":"inner"}},"wdio_ui5_key":"applicationmanageresources-display-component---newResourceUnit--btnAddTimeSegment"}]}
RESULT: undefined
COMMAND: POST /session/fe219389c4a652ed804fe0697356972e/element - {"using":"xpath","value":"//*[@id=\"application-manageresources-display-component---newResourceUnit--btnAddTimeSegment\"]"}
RESULT: {}
RESULT: {"using":"xpath","value":"//*[@id=\"application-manageresources-display-component---newResourceUnit--btnAddTimeSegment\"]"}
COMMAND: POST /session/fe219389c4a652ed804fe0697356972e/element/f.AE569C338F7BE8C487FB69BDD94B5641.d.88BC8061B1ADE3993ECBBF80376880E2.e.21018/click - {}
RESULT: {}
COMMAND: GET /session/fe219389c4a652ed804fe0697356972e/screenshot - {}
RESULT: {}
COMMAND: POST /session/fe219389c4a652ed804fe0697356972e/element - {"using":"xpath","value":"//input[@id=\"application-manageresources-display-component---newResourceUnit--idRuTSAdmin-application-manageresources-display-component---newResourceUnit--RUTimeSegment-0-inner\"]"}
RESULT: {"using":"xpath","value":"//input[@id=\"application-manageresources-display-component---newResourceUnit--idRuTSAdmin-application-manageresources-display-component---newResourceUnit--RUTimeSegment-0-inner\"]"}
COMMAND: POST /session/fe219389c4a652ed804fe0697356972e/element/f.AE569C338F7BE8C487FB69BDD94B5641.d.88BC8061B1ADE3993ECBBF80376880E2.e.21023/clear - {}
RESULT: {}
COMMAND: POST /session/fe219389c4a652ed804fe0697356972e/element/f.AE569C338F7BE8C487FB69BDD94B5641.d.88BC8061B1ADE3993ECBBF80376880E2.e.21023/value - {"text":"462"}
COMMAND: GET /session/fe219389c4a652ed804fe0697356972e/screenshot - {}
RESULT: {"text":"462"}
COMMAND: GET /session/fe219389c4a652ed804fe0697356972e/screenshot - {}
RESULT: {}
RESULT: {}
COMMAND: POST /session/fe219389c4a652ed804fe0697356972e/element - {"using":"xpath","value":"//li[.//span[text()='462']]"}
RESULT: {"using":"xpath","value":"//li[.//span[text()='462']]"}
COMMAND: POST /session/fe219389c4a652ed804fe0697356972e/element/f.AE569C338F7BE8C487FB69BDD94B5641.d.88BC8061B1ADE3993ECBBF80376880E2.e.21032/click - {}
RESULT: {}
COMMAND: GET /session/fe219389c4a652ed804fe0697356972e/screenshot - {}
RESULT: {}
COMMAND: POST /session/fe219389c4a652ed804fe0697356972e/element - {"using":"xpath","value":"(//span[contains(@id, \"-application-manageresources-display-component---newResourceUnit--RUTimeSegment-0-arrow\")])[2]"}
RESULT: {"using":"xpath","value":"(//span[contains(@id, \"-application-manageresources-display-component---newResourceUnit--RUTimeSegment-0-arrow\")])[2]"}
COMMAND: POST /session/fe219389c4a652ed804fe0697356972e/element/f.AE569C338F7BE8C487FB69BDD94B5641.d.88BC8061B1ADE3993ECBBF80376880E2.e.21033/click - {}
RESULT: {}
COMMAND: POST /session/fe219389c4a652ed804fe0697356972e/element - {"using":"xpath","value":"//span[contains(text(), \"PM Order\")]"}
COMMAND: GET /session/fe219389c4a652ed804fe0697356972e/screenshot - {}
RESULT: {"using":"xpath","value":"//span[contains(text(), \"PM Order\")]"}
COMMAND: POST /session/fe219389c4a652ed804fe0697356972e/element/f.AE569C338F7BE8C487FB69BDD94B5641.d.88BC8061B1ADE3993ECBBF80376880E2.e.21034/click - {}
RESULT: {}
RESULT: {}
COMMAND: GET /session/fe219389c4a652ed804fe0697356972e/screenshot - {}
RESULT: {}
COMMAND: POST /session/fe219389c4a652ed804fe0697356972e/element - {"using":"xpath","value":"//td/div/div/div/span[contains(@id, \"newResourceUnit--RUTimeSegment-0-vhi\")][1]"}
RESULT: {"using":"xpath","value":"//td/div/div/div/span[contains(@id, \"newResourceUnit--RUTimeSegment-0-vhi\")][1]"}
COMMAND: GET /session/fe219389c4a652ed804fe0697356972e/element/f.AE569C338F7BE8C487FB69BDD94B5641.d.88BC8061B1ADE3993ECBBF80376880E2.e.21038/rect - {}
RESULT: {}
COMMAND: GET /session/fe219389c4a652ed804fe0697356972e/window/rect - {}
RESULT: {}
COMMAND: POST /session/fe219389c4a652ed804fe0697356972e/execute/sync - {"script":"<script> [92 bytes]","args":[]}
RESULT: {"script":"<script> [92 bytes]","args":[]}
COMMAND: POST /session/fe219389c4a652ed804fe0697356972e/actions - {"actions":[{"id":"action64","type":"wheel","parameters":{},"actions":[{"type":"scroll","x":-1888,"y":-24,"deltaX":0,"deltaY":0,"duration":0,"origin":{"element-6066-11e4-a52e-4f735466cecf":"f.AE569C338F7BE8C487FB69BDD94B5641.d.88BC8061B1ADE3993ECBBF80376880E2.e.21038"}}]}]}
COMMAND: GET /session/fe219389c4a652ed804fe0697356972e/screenshot - {}
RESULT: {}
COMMAND: POST /session/fe219389c4a652ed804fe0697356972e/execute/sync - {"script":"<script> [79 bytes]","args":[{"element-6066-11e4-a52e-4f735466cecf":"f.AE569C338F7BE8C487FB69BDD94B5641.d.88BC8061B1ADE3993ECBBF80376880E2.e.21038","ELEMENT":"f.AE569C338F7BE8C487FB69BDD94B5641.d.88BC8061B1ADE3993ECBBF80376880E2.e.21038"},{"block":"start","inline":"nearest"}]}
RESULT: {"script":"<script> [79 bytes]","args":[{"element-6066-11e4-a52e-4f735466cecf":"f.AE569C338F7BE8C487FB69BDD94B5641.d.88BC8061B1ADE3993ECBBF80376880E2.e.21038","ELEMENT":"f.AE569C338F7BE8C487FB69BDD94B5641.d.88BC8061B1ADE3993ECBBF80376880E2.e.21038"},{"block":"start","inline":"nearest"}]}
COMMAND: GET /session/fe219389c4a652ed804fe0697356972e/screenshot - {}
RESULT: {}
COMMAND: POST /session/fe219389c4a652ed804fe0697356972e/element/f.AE569C338F7BE8C487FB69BDD94B5641.d.88BC8061B1ADE3993ECBBF80376880E2.e.21038/click - {}
RESULT: {}
COMMAND: GET /session/fe219389c4a652ed804fe0697356972e/screenshot - {}
RESULT: {}
COMMAND: POST /session/fe219389c4a652ed804fe0697356972e/execute/async - {"script":"<script> [1562 bytes]","args":[{"selector":{"controlType":"sap.m.SearchField","properties":{"placeholder":"Search"},"searchOpenDialogs":true,"interaction":{"idSuffix":"I"}},"wdio_ui5_key":"sapm.SearchField{\"placeholder\":\"Search\"}"}]}
RESULT: {"script":"<script> [1562 bytes]","args":[{"selector":{"controlType":"sap.m.SearchField","properties":{"placeholder":"Search"},"searchOpenDialogs":true,"interaction":{"idSuffix":"I"}},"wdio_ui5_key":"sapm.SearchField{\"placeholder\":\"Search\"}"}]}
RESULT: undefined
COMMAND: POST /session/fe219389c4a652ed804fe0697356972e/execute/async - {"script":"<script> [776 bytes]","args":[{"enterText":"4000360","selector":{"controlType":"sap.m.SearchField","properties":{"placeholder":"Search"},"searchOpenDialogs":true,"interaction":{"idSuffix":"I"}},"clearTextFirst":true,"interactionType":"ENTER_TEXT"}]}
RESULT: {"script":"<script> [776 bytes]","args":[{"enterText":"4000360","selector":{"controlType":"sap.m.SearchField","properties":{"placeholder":"Search"},"searchOpenDialogs":true,"interaction":{"idSuffix":"I"}},"clearTextFirst":true,"interactionType":"ENTER_TEXT"}]}
COMMAND: POST /session/fe219389c4a652ed804fe0697356972e/actions - {"actions":[{"id":"action65","type":"key","parameters":{},"actions":[{"type":"keyDown","value":""},{"type":"pause","duration":10},{"type":"keyUp","value":""}]}]}
RESULT: {"actions":[{"id":"action65","type":"key","parameters":{},"actions":[{"type":"keyDown","value":""},{"type":"pause","duration":10},{"type":"keyUp","value":""}]}]}
COMMAND: GET /session/fe219389c4a652ed804fe0697356972e/screenshot - {}
RESULT: {}
COMMAND: POST /session/fe219389c4a652ed804fe0697356972e/element - {"using":"xpath","value":"//td/div/span[contains(text(), \"BGL Vehicles\")]"}
RESULT: {"using":"xpath","value":"//td/div/span[contains(text(), \"BGL Vehicles\")]"}
COMMAND: POST /session/fe219389c4a652ed804fe0697356972e/element/f.AE569C338F7BE8C487FB69BDD94B5641.d.88BC8061B1ADE3993ECBBF80376880E2.e.21059/click - {}
RESULT: {}
COMMAND: GET /session/fe219389c4a652ed804fe0697356972e/screenshot - {}
RESULT: {}
COMMAND: POST /session/fe219389c4a652ed804fe0697356972e/element - {"using":"xpath","value":"//bdi[contains(text(), \"OK\")]"}
RESULT: {"using":"xpath","value":"//bdi[contains(text(), \"OK\")]"}
COMMAND: POST /session/fe219389c4a652ed804fe0697356972e/element/f.AE569C338F7BE8C487FB69BDD94B5641.d.88BC8061B1ADE3993ECBBF80376880E2.e.21060/click - {}
RESULT: {}
COMMAND: GET /session/fe219389c4a652ed804fe0697356972e/screenshot - {}
RESULT: {}
COMMAND: POST /session/fe219389c4a652ed804fe0697356972e/element - {"using":"xpath","value":"//label[contains(@class, 'sapMLabelRequired') and .//bdi[contains(text(), 'Planned Retirement')]]"}
RESULT: {"using":"xpath","value":"//label[contains(@class, 'sapMLabelRequired') and .//bdi[contains(text(), 'Planned Retirement')]]"}
COMMAND: POST /session/fe219389c4a652ed804fe0697356972e/elements - {"using":"xpath","value":"//label[contains(@class, 'sapMLabelRequired') and .//bdi[contains(text(), 'Planned Retirement')]]"}
RESULT: {"using":"xpath","value":"//label[contains(@class, 'sapMLabelRequired') and .//bdi[contains(text(), 'Planned Retirement')]]"}
COMMAND: POST /session/fe219389c4a652ed804fe0697356972e/element - {"using":"xpath","value":"//button[@data-kt=\"resourceUnitSaveButton\"]"}
RESULT: {"using":"xpath","value":"//button[@data-kt=\"resourceUnitSaveButton\"]"}
COMMAND: POST /session/fe219389c4a652ed804fe0697356972e/element/f.AE569C338F7BE8C487FB69BDD94B5641.d.88BC8061B1ADE3993ECBBF80376880E2.e.20895/click - {}
RESULT: {}
COMMAND: GET /session/fe219389c4a652ed804fe0697356972e/screenshot - {}
RESULT: {}
COMMAND: POST /session/fe219389c4a652ed804fe0697356972e/element - {"using":"xpath","value":"//bdi[contains(text(), \"Close\")]"}
RESULT: {"using":"xpath","value":"//bdi[contains(text(), \"Close\")]"}
COMMAND: POST /session/fe219389c4a652ed804fe0697356972e/element/f.AE569C338F7BE8C487FB69BDD94B5641.d.88BC8061B1ADE3993ECBBF80376880E2.e.21066/click - {}
RESULT: {}
COMMAND: GET /session/fe219389c4a652ed804fe0697356972e/screenshot - {}
RESULT: {}
COMMAND: POST /session/fe219389c4a652ed804fe0697356972e/element - {"using":"xpath","value":"//header[contains(@id, 'detailRruPage-headerTitle')]/div[1]/div[2]/div[2]/span[1]"}
RESULT: {"using":"xpath","value":"//header[contains(@id, 'detailRruPage-headerTitle')]/div[1]/div[2]/div[2]/span[1]"}
COMMAND: POST /session/fe219389c4a652ed804fe0697356972e/elements - {"using":"xpath","value":"//header[contains(@id, 'detailRruPage-headerTitle')]/div[1]/div[2]/div[2]/span[1]"}
RESULT: {"using":"xpath","value":"//header[contains(@id, 'detailRruPage-headerTitle')]/div[1]/div[2]/div[2]/span[1]"}
COMMAND: POST /session/fe219389c4a652ed804fe0697356972e/execute/sync - {"script":"<script> [56 bytes]","args":[{"element-6066-11e4-a52e-4f735466cecf":"f.AE569C338F7BE8C487FB69BDD94B5641.d.88BC8061B1ADE3993ECBBF80376880E2.e.21097","ELEMENT":"f.AE569C338F7BE8C487FB69BDD94B5641.d.88BC8061B1ADE3993ECBBF80376880E2.e.21097"}]}
RESULT: {"script":"<script> [56 bytes]","args":[{"element-6066-11e4-a52e-4f735466cecf":"f.AE569C338F7BE8C487FB69BDD94B5641.d.88BC8061B1ADE3993ECBBF80376880E2.e.21097","ELEMENT":"f.AE569C338F7BE8C487FB69BDD94B5641.d.88BC8061B1ADE3993ECBBF80376880E2.e.21097"}]}
COMMAND: POST /session/fe219389c4a652ed804fe0697356972e/element - {"using":"css selector","value":"#shell-header-logo"}
COMMAND: GET /session/fe219389c4a652ed804fe0697356972e/screenshot - {}
RESULT: {"using":"css selector","value":"#shell-header-logo"}
COMMAND: POST /session/fe219389c4a652ed804fe0697356972e/element/f.AE569C338F7BE8C487FB69BDD94B5641.d.88BC8061B1ADE3993ECBBF80376880E2.e.20475/click - {}
RESULT: {}
RESULT: {}
COMMAND: GET /session/fe219389c4a652ed804fe0697356972e/screenshot - {}
RESULT: {}
]]></system-out>
    </testcase>
    <testcase classname="chrome.136_0_7103_93.windows.Return_from_Site_w/_warehouse_management_w/_clarification_US125588" name="Bin Status Report Should Create New Organization yard" time="0.004"/>
    <testcase classname="chrome.136_0_7103_93.windows.Return_from_Site_w/_warehouse_management_w/_clarification_US125588" name="Bin Status Report Should Create New Organization for Site" time="0.004"/>
  </testsuite>
  <testsuite timestamp="2025-05-29T17:12:39" time="677.269" tests="7" failures="0" errors="0" skipped="0">
    <properties>
      <property name="specId" value="0"/>
      <property name="suiteName" value="Return from Site w/ warehouse management w clarification"/>
      <property name="capabilities" value="chrome.136_0_7103_93.windows"/>
      <property name="file" value="file:///D:/a/1/s/test/specs/HTR/return-from-site-w-warehouse-management-w-clarification.spec.js"/>
    </properties>
    <testcase classname="chrome.136_0_7103_93.windows.Return_from_Site_w/_warehouse_management_w_clarification" name="Should do a stock increase handover" time="85.036">
      <system-out><![CDATA[
COMMAND: POST /session/fe219389c4a652ed804fe0697356972e/execute/async - {"script":"<script> [1562 bytes]","args":[{"selector":{"controlType":"sap.m.GenericTile","properties":{"header":"Manage Handovers"}},"wdio_ui5_key":"sapm.GenericTile{\"header\":\"Manage Handovers\"}"}]}
RESULT: {"script":"<script> [1562 bytes]","args":[{"selector":{"controlType":"sap.m.GenericTile","properties":{"header":"Manage Handovers"}},"wdio_ui5_key":"sapm.GenericTile{\"header\":\"Manage Handovers\"}"}]}
RESULT: undefined
COMMAND: POST /session/fe219389c4a652ed804fe0697356972e/element - {"using":"xpath","value":"//*[@id=\"__tile132\"]"}
RESULT: {"using":"xpath","value":"//*[@id=\"__tile132\"]"}
COMMAND: POST /session/fe219389c4a652ed804fe0697356972e/element/f.AE569C338F7BE8C487FB69BDD94B5641.d.88BC8061B1ADE3993ECBBF80376880E2.e.20451/click - {}
RESULT: {}
COMMAND: GET /session/fe219389c4a652ed804fe0697356972e/screenshot - {}
RESULT: {}
COMMAND: POST /session/fe219389c4a652ed804fe0697356972e/elements - {"using":"xpath","value":"//span[text()='Error']"}
RESULT: {"using":"xpath","value":"//span[text()='Error']"}
COMMAND: POST /session/fe219389c4a652ed804fe0697356972e/element - {"using":"xpath","value":"//button[@data-kt=\"masterHOAddButton\"]"}
RESULT: {"using":"xpath","value":"//button[@data-kt=\"masterHOAddButton\"]"}
COMMAND: POST /session/fe219389c4a652ed804fe0697356972e/elements - {"using":"xpath","value":"//button[@data-kt=\"masterHOAddButton\"]"}
RESULT: {"using":"xpath","value":"//button[@data-kt=\"masterHOAddButton\"]"}
COMMAND: POST /session/fe219389c4a652ed804fe0697356972e/execute/sync - {"script":"<script> [8489 bytes]","args":[{"element-6066-11e4-a52e-4f735466cecf":"f.AE569C338F7BE8C487FB69BDD94B5641.d.88BC8061B1ADE3993ECBBF80376880E2.e.21133","ELEMENT":"f.AE569C338F7BE8C487FB69BDD94B5641.d.88BC8061B1ADE3993ECBBF80376880E2.e.21133"}]}
RESULT: {"script":"<script> [8489 bytes]","args":[{"element-6066-11e4-a52e-4f735466cecf":"f.AE569C338F7BE8C487FB69BDD94B5641.d.88BC8061B1ADE3993ECBBF80376880E2.e.21133","ELEMENT":"f.AE569C338F7BE8C487FB69BDD94B5641.d.88BC8061B1ADE3993ECBBF80376880E2.e.21133"}]}
COMMAND: GET /session/fe219389c4a652ed804fe0697356972e/element/f.AE569C338F7BE8C487FB69BDD94B5641.d.88BC8061B1ADE3993ECBBF80376880E2.e.21133/enabled - {}
COMMAND: GET /session/fe219389c4a652ed804fe0697356972e/screenshot - {}
RESULT: {}
COMMAND: POST /session/fe219389c4a652ed804fe0697356972e/execute/sync - {"script":"<script> [8489 bytes]","args":[{"element-6066-11e4-a52e-4f735466cecf":"f.AE569C338F7BE8C487FB69BDD94B5641.d.88BC8061B1ADE3993ECBBF80376880E2.e.21133","ELEMENT":"f.AE569C338F7BE8C487FB69BDD94B5641.d.88BC8061B1ADE3993ECBBF80376880E2.e.21133"}]}
COMMAND: GET /session/fe219389c4a652ed804fe0697356972e/screenshot - {}
RESULT: {}
RESULT: {"script":"<script> [8489 bytes]","args":[{"element-6066-11e4-a52e-4f735466cecf":"f.AE569C338F7BE8C487FB69BDD94B5641.d.88BC8061B1ADE3993ECBBF80376880E2.e.21133","ELEMENT":"f.AE569C338F7BE8C487FB69BDD94B5641.d.88BC8061B1ADE3993ECBBF80376880E2.e.21133"}]}
COMMAND: POST /session/fe219389c4a652ed804fe0697356972e/execute/sync - {"script":"<script> [5351 bytes]","args":[{"element-6066-11e4-a52e-4f735466cecf":"f.AE569C338F7BE8C487FB69BDD94B5641.d.88BC8061B1ADE3993ECBBF80376880E2.e.21133","ELEMENT":"f.AE569C338F7BE8C487FB69BDD94B5641.d.88BC8061B1ADE3993ECBBF80376880E2.e.21133"}]}
COMMAND: GET /session/fe219389c4a652ed804fe0697356972e/screenshot - {}
RESULT: {}
RESULT: {"script":"<script> [5351 bytes]","args":[{"element-6066-11e4-a52e-4f735466cecf":"f.AE569C338F7BE8C487FB69BDD94B5641.d.88BC8061B1ADE3993ECBBF80376880E2.e.21133","ELEMENT":"f.AE569C338F7BE8C487FB69BDD94B5641.d.88BC8061B1ADE3993ECBBF80376880E2.e.21133"}]}
COMMAND: POST /session/fe219389c4a652ed804fe0697356972e/element/f.AE569C338F7BE8C487FB69BDD94B5641.d.88BC8061B1ADE3993ECBBF80376880E2.e.21133/click - {}
COMMAND: GET /session/fe219389c4a652ed804fe0697356972e/screenshot - {}
RESULT: {}
RESULT: {}
COMMAND: GET /session/fe219389c4a652ed804fe0697356972e/screenshot - {}
RESULT: {}
RESULT: {}
COMMAND: POST /session/fe219389c4a652ed804fe0697356972e/element - {"using":"xpath","value":"//span[contains(@id ,\"AddNewHO--typeSelect-arrow\")]"}
RESULT: {"using":"xpath","value":"//span[contains(@id ,\"AddNewHO--typeSelect-arrow\")]"}
COMMAND: POST /session/fe219389c4a652ed804fe0697356972e/element/f.AE569C338F7BE8C487FB69BDD94B5641.d.88BC8061B1ADE3993ECBBF80376880E2.e.21478/click - {}
RESULT: {}
COMMAND: GET /session/fe219389c4a652ed804fe0697356972e/screenshot - {}
RESULT: {}
COMMAND: POST /session/fe219389c4a652ed804fe0697356972e/element - {"using":"xpath","value":"(//li[contains(text(), \"stock increase yard\")])[1]"}
RESULT: {"using":"xpath","value":"(//li[contains(text(), \"stock increase yard\")])[1]"}
COMMAND: POST /session/fe219389c4a652ed804fe0697356972e/element/f.AE569C338F7BE8C487FB69BDD94B5641.d.88BC8061B1ADE3993ECBBF80376880E2.e.21479/click - {}
RESULT: {}
COMMAND: GET /session/fe219389c4a652ed804fe0697356972e/screenshot - {}
RESULT: {}
COMMAND: POST /session/fe219389c4a652ed804fe0697356972e/execute/async - {"script":"<script> [1562 bytes]","args":[{"selector":{"id":"application-managehandovers-display-component---AddNewHO--dueDate","interaction":{"idSuffix":"inner"}},"wdio_ui5_key":"applicationmanagehandovers-display-component---AddNewHO--dueDate"}]}
RESULT: {"script":"<script> [1562 bytes]","args":[{"selector":{"id":"application-managehandovers-display-component---AddNewHO--dueDate","interaction":{"idSuffix":"inner"}},"wdio_ui5_key":"applicationmanagehandovers-display-component---AddNewHO--dueDate"}]}
RESULT: undefined
COMMAND: POST /session/fe219389c4a652ed804fe0697356972e/execute/async - {"script":"<script> [6424 bytes]","args":[{"element-6066-11e4-a52e-4f735466cecf":"f.AE569C338F7BE8C487FB69BDD94B5641.d.88BC8061B1ADE3993ECBBF80376880E2.e.21481"},"setValue",["5/29/25"]]}
RESULT: {"script":"<script> [6424 bytes]","args":[{"element-6066-11e4-a52e-4f735466cecf":"f.AE569C338F7BE8C487FB69BDD94B5641.d.88BC8061B1ADE3993ECBBF80376880E2.e.21481"},"setValue",["5/29/25"]]}
COMMAND: POST /session/fe219389c4a652ed804fe0697356972e/element - {"using":"xpath","value":"//input[@id=\"generalSectionFrg--receiveYard-inner\"]"}
RESULT: {"using":"xpath","value":"//input[@id=\"generalSectionFrg--receiveYard-inner\"]"}
COMMAND: POST /session/fe219389c4a652ed804fe0697356972e/element/f.AE569C338F7BE8C487FB69BDD94B5641.d.88BC8061B1ADE3993ECBBF80376880E2.e.21487/clear - {}
RESULT: {}
COMMAND: POST /session/fe219389c4a652ed804fe0697356972e/element/f.AE569C338F7BE8C487FB69BDD94B5641.d.88BC8061B1ADE3993ECBBF80376880E2.e.21487/value - {"text":"462"}
COMMAND: GET /session/fe219389c4a652ed804fe0697356972e/screenshot - {}
RESULT: {"text":"462"}
COMMAND: GET /session/fe219389c4a652ed804fe0697356972e/screenshot - {}
RESULT: {}
RESULT: {}
COMMAND: POST /session/fe219389c4a652ed804fe0697356972e/element - {"using":"xpath","value":"//li[.//span[contains(text(),'462')]]"}
RESULT: {"using":"xpath","value":"//li[.//span[contains(text(),'462')]]"}
COMMAND: POST /session/fe219389c4a652ed804fe0697356972e/element/f.AE569C338F7BE8C487FB69BDD94B5641.d.88BC8061B1ADE3993ECBBF80376880E2.e.21505/click - {}
RESULT: {}
COMMAND: GET /session/fe219389c4a652ed804fe0697356972e/screenshot - {}
RESULT: {}
COMMAND: POST /session/fe219389c4a652ed804fe0697356972e/execute/async - {"script":"<script> [1562 bytes]","args":[{"selector":{"id":"application-managehandovers-display-component---AddNewHO--ObjectPageLayout-anchBar-application-managehandovers-display-component---AddNewHO--section4-anchor","interaction":{"idSuffix":"BDI-content"}},"wdio_ui5_key":"applicationmanagehandovers-display-component---AddNewHO--ObjectPageLayout-anchBar-application-managehandovers-display-component---AddNewHO--section4-anchor"}]}
RESULT: {"script":"<script> [1562 bytes]","args":[{"selector":{"id":"application-managehandovers-display-component---AddNewHO--ObjectPageLayout-anchBar-application-managehandovers-display-component---AddNewHO--section4-anchor","interaction":{"idSuffix":"BDI-content"}},"wdio_ui5_key":"applicationmanagehandovers-display-component---AddNewHO--ObjectPageLayout-anchBar-application-managehandovers-display-component---AddNewHO--section4-anchor"}]}
RESULT: undefined
COMMAND: POST /session/fe219389c4a652ed804fe0697356972e/element - {"using":"xpath","value":"//*[@id=\"application-managehandovers-display-component---AddNewHO--ObjectPageLayout-anchBar-application-managehandovers-display-component---AddNewHO--section4-anchor\"]"}
RESULT: {"using":"xpath","value":"//*[@id=\"application-managehandovers-display-component---AddNewHO--ObjectPageLayout-anchBar-application-managehandovers-display-component---AddNewHO--section4-anchor\"]"}
COMMAND: POST /session/fe219389c4a652ed804fe0697356972e/element/f.AE569C338F7BE8C487FB69BDD94B5641.d.88BC8061B1ADE3993ECBBF80376880E2.e.21507/click - {}
RESULT: {}
COMMAND: POST /session/fe219389c4a652ed804fe0697356972e/element - {"using":"xpath","value":"//button[@aria-label=\"Add\"]"}
COMMAND: GET /session/fe219389c4a652ed804fe0697356972e/screenshot - {}
RESULT: {"using":"xpath","value":"//button[@aria-label=\"Add\"]"}
COMMAND: POST /session/fe219389c4a652ed804fe0697356972e/element/f.AE569C338F7BE8C487FB69BDD94B5641.d.88BC8061B1ADE3993ECBBF80376880E2.e.21509/click - {}
RESULT: {}
RESULT: {}
COMMAND: GET /session/fe219389c4a652ed804fe0697356972e/screenshot - {}
RESULT: {}
COMMAND: POST /session/fe219389c4a652ed804fe0697356972e/execute/async - {"script":"<script> [1562 bytes]","args":[{"selector":{"id":"application-managehandovers-display-component---AddNewHO--smartFilterBar-btnBasicSearch","searchOpenDialogs":true,"interaction":{"idSuffix":"I"}},"wdio_ui5_key":"applicationmanagehandovers-display-component---AddNewHO--smartFilterBar-btnBasicSearch"}]}
RESULT: {"script":"<script> [1562 bytes]","args":[{"selector":{"id":"application-managehandovers-display-component---AddNewHO--smartFilterBar-btnBasicSearch","searchOpenDialogs":true,"interaction":{"idSuffix":"I"}},"wdio_ui5_key":"applicationmanagehandovers-display-component---AddNewHO--smartFilterBar-btnBasicSearch"}]}
RESULT: undefined
COMMAND: POST /session/fe219389c4a652ed804fe0697356972e/execute/async - {"script":"<script> [776 bytes]","args":[{"enterText":"200260","selector":{"id":"application-managehandovers-display-component---AddNewHO--smartFilterBar-btnBasicSearch","searchOpenDialogs":true,"interaction":{"idSuffix":"I"}},"clearTextFirst":true,"interactionType":"ENTER_TEXT"}]}
RESULT: {"script":"<script> [776 bytes]","args":[{"enterText":"200260","selector":{"id":"application-managehandovers-display-component---AddNewHO--smartFilterBar-btnBasicSearch","searchOpenDialogs":true,"interaction":{"idSuffix":"I"}},"clearTextFirst":true,"interactionType":"ENTER_TEXT"}]}
COMMAND: POST /session/fe219389c4a652ed804fe0697356972e/actions - {"actions":[{"id":"action66","type":"key","parameters":{},"actions":[{"type":"keyDown","value":""},{"type":"pause","duration":10},{"type":"keyUp","value":""}]}]}
RESULT: {"actions":[{"id":"action66","type":"key","parameters":{},"actions":[{"type":"keyDown","value":""},{"type":"pause","duration":10},{"type":"keyUp","value":""}]}]}
COMMAND: GET /session/fe219389c4a652ed804fe0697356972e/screenshot - {}
RESULT: {}
COMMAND: POST /session/fe219389c4a652ed804fe0697356972e/execute/async - {"script":"<script> [1562 bytes]","args":[{"selector":{"id":"application-managehandovers-display-component---AddNewHO--popup-sa","searchOpenDialogs":true,"interaction":{"idSuffix":"CbBg"}},"wdio_ui5_key":"applicationmanagehandovers-display-component---AddNewHO--popup-sa"}]}
RESULT: {"script":"<script> [1562 bytes]","args":[{"selector":{"id":"application-managehandovers-display-component---AddNewHO--popup-sa","searchOpenDialogs":true,"interaction":{"idSuffix":"CbBg"}},"wdio_ui5_key":"applicationmanagehandovers-display-component---AddNewHO--popup-sa"}]}
RESULT: undefined
COMMAND: POST /session/fe219389c4a652ed804fe0697356972e/element - {"using":"xpath","value":"//*[@id=\"application-managehandovers-display-component---AddNewHO--popup-sa\"]"}
RESULT: {"using":"xpath","value":"//*[@id=\"application-managehandovers-display-component---AddNewHO--popup-sa\"]"}
COMMAND: POST /session/fe219389c4a652ed804fe0697356972e/element/f.AE569C338F7BE8C487FB69BDD94B5641.d.88BC8061B1ADE3993ECBBF80376880E2.e.21663/click - {}
RESULT: {}
COMMAND: GET /session/fe219389c4a652ed804fe0697356972e/screenshot - {}
RESULT: {}
COMMAND: POST /session/fe219389c4a652ed804fe0697356972e/element - {"using":"xpath","value":"//bdi[contains(text(), \"Select\")]"}
RESULT: {"using":"xpath","value":"//bdi[contains(text(), \"Select\")]"}
COMMAND: POST /session/fe219389c4a652ed804fe0697356972e/element/f.AE569C338F7BE8C487FB69BDD94B5641.d.88BC8061B1ADE3993ECBBF80376880E2.e.21664/click - {}
RESULT: {}
COMMAND: GET /session/fe219389c4a652ed804fe0697356972e/screenshot - {}
RESULT: {}
COMMAND: POST /session/fe219389c4a652ed804fe0697356972e/element - {"using":"xpath","value":"//button[@data-kt=\"AddNewHOSaveButton\"]"}
RESULT: {"using":"xpath","value":"//button[@data-kt=\"AddNewHOSaveButton\"]"}
COMMAND: POST /session/fe219389c4a652ed804fe0697356972e/element/f.AE569C338F7BE8C487FB69BDD94B5641.d.88BC8061B1ADE3993ECBBF80376880E2.e.21668/click - {}
RESULT: {}
COMMAND: GET /session/fe219389c4a652ed804fe0697356972e/screenshot - {}
RESULT: {}
COMMAND: POST /session/fe219389c4a652ed804fe0697356972e/execute/async - {"script":"<script> [1562 bytes]","args":[{"selector":{"id":"receiptDatePicker","viewName":"etm.portal.ui.managehandovers.view.DetailExecuteHO","interaction":{"idSuffix":"inner"}},"wdio_ui5_key":"receiptDatePickeretmportal.ui.managehandovers.view.DetailExecuteHO"}]}
RESULT: {"script":"<script> [1562 bytes]","args":[{"selector":{"id":"receiptDatePicker","viewName":"etm.portal.ui.managehandovers.view.DetailExecuteHO","interaction":{"idSuffix":"inner"}},"wdio_ui5_key":"receiptDatePickeretmportal.ui.managehandovers.view.DetailExecuteHO"}]}
RESULT: undefined
COMMAND: POST /session/fe219389c4a652ed804fe0697356972e/execute/async - {"script":"<script> [6424 bytes]","args":[{"element-6066-11e4-a52e-4f735466cecf":"f.AE569C338F7BE8C487FB69BDD94B5641.d.88BC8061B1ADE3993ECBBF80376880E2.e.21698"},"setValue",["5/29/25"]]}
RESULT: {"script":"<script> [6424 bytes]","args":[{"element-6066-11e4-a52e-4f735466cecf":"f.AE569C338F7BE8C487FB69BDD94B5641.d.88BC8061B1ADE3993ECBBF80376880E2.e.21698"},"setValue",["5/29/25"]]}
COMMAND: POST /session/fe219389c4a652ed804fe0697356972e/element - {"using":"xpath","value":"//button[@data-kt=\"ReceivingTableConfirmAllButton\"]"}
RESULT: {"using":"xpath","value":"//button[@data-kt=\"ReceivingTableConfirmAllButton\"]"}
COMMAND: POST /session/fe219389c4a652ed804fe0697356972e/element/f.AE569C338F7BE8C487FB69BDD94B5641.d.88BC8061B1ADE3993ECBBF80376880E2.e.21717/click - {}
RESULT: {}
COMMAND: GET /session/fe219389c4a652ed804fe0697356972e/screenshot - {}
RESULT: {}
COMMAND: POST /session/fe219389c4a652ed804fe0697356972e/element - {"using":"xpath","value":"//bdi[contains(text(), \"OK\")]"}
RESULT: {"using":"xpath","value":"//bdi[contains(text(), \"OK\")]"}
COMMAND: POST /session/fe219389c4a652ed804fe0697356972e/element/f.AE569C338F7BE8C487FB69BDD94B5641.d.88BC8061B1ADE3993ECBBF80376880E2.e.21719/click - {}
RESULT: {}
COMMAND: GET /session/fe219389c4a652ed804fe0697356972e/screenshot - {}
RESULT: {}
COMMAND: POST /session/fe219389c4a652ed804fe0697356972e/element - {"using":"xpath","value":"(//bdi[contains(text(), \"Receive\")])[2]"}
RESULT: {"using":"xpath","value":"(//bdi[contains(text(), \"Receive\")])[2]"}
COMMAND: POST /session/fe219389c4a652ed804fe0697356972e/element/f.AE569C338F7BE8C487FB69BDD94B5641.d.88BC8061B1ADE3993ECBBF80376880E2.e.21721/click - {}
RESULT: {}
COMMAND: GET /session/fe219389c4a652ed804fe0697356972e/screenshot - {}
RESULT: {}
COMMAND: POST /session/fe219389c4a652ed804fe0697356972e/element - {"using":"css selector","value":"#shell-header-logo"}
RESULT: {"using":"css selector","value":"#shell-header-logo"}
COMMAND: POST /session/fe219389c4a652ed804fe0697356972e/element/f.AE569C338F7BE8C487FB69BDD94B5641.d.88BC8061B1ADE3993ECBBF80376880E2.e.21100/click - {}
RESULT: {}
COMMAND: GET /session/fe219389c4a652ed804fe0697356972e/screenshot - {}
RESULT: {}
]]></system-out>
    </testcase>
    <testcase classname="chrome.136_0_7103_93.windows.Return_from_Site_w/_warehouse_management_w_clarification" name="Should create a new contract" time="60.245">
      <system-out><![CDATA[
COMMAND: POST /session/fe219389c4a652ed804fe0697356972e/execute/async - {"script":"<script> [1562 bytes]","args":[{"selector":{"controlType":"sap.m.GenericTile","properties":{"header":"Manage Contracts"}},"wdio_ui5_key":"sapm.GenericTile{\"header\":\"Manage Contracts\"}"}]}
RESULT: {"script":"<script> [1562 bytes]","args":[{"selector":{"controlType":"sap.m.GenericTile","properties":{"header":"Manage Contracts"}},"wdio_ui5_key":"sapm.GenericTile{\"header\":\"Manage Contracts\"}"}]}
RESULT: undefined
COMMAND: POST /session/fe219389c4a652ed804fe0697356972e/element - {"using":"xpath","value":"//*[@id=\"__tile131\"]"}
RESULT: {"using":"xpath","value":"//*[@id=\"__tile131\"]"}
COMMAND: POST /session/fe219389c4a652ed804fe0697356972e/element/f.AE569C338F7BE8C487FB69BDD94B5641.d.88BC8061B1ADE3993ECBBF80376880E2.e.20382/click - {}
RESULT: {}
COMMAND: GET /session/fe219389c4a652ed804fe0697356972e/screenshot - {}
RESULT: {}
COMMAND: POST /session/fe219389c4a652ed804fe0697356972e/elements - {"using":"xpath","value":"//span[text()='Error']"}
RESULT: {"using":"xpath","value":"//span[text()='Error']"}
COMMAND: POST /session/fe219389c4a652ed804fe0697356972e/element - {"using":"xpath","value":"//button[@data-kt=\"addButton\"]"}
RESULT: {"using":"xpath","value":"//button[@data-kt=\"addButton\"]"}
COMMAND: POST /session/fe219389c4a652ed804fe0697356972e/elements - {"using":"xpath","value":"//button[@data-kt=\"addButton\"]"}
RESULT: {"using":"xpath","value":"//button[@data-kt=\"addButton\"]"}
COMMAND: POST /session/fe219389c4a652ed804fe0697356972e/execute/sync - {"script":"<script> [8489 bytes]","args":[{"element-6066-11e4-a52e-4f735466cecf":"f.AE569C338F7BE8C487FB69BDD94B5641.d.88BC8061B1ADE3993ECBBF80376880E2.e.21932","ELEMENT":"f.AE569C338F7BE8C487FB69BDD94B5641.d.88BC8061B1ADE3993ECBBF80376880E2.e.21932"}]}
RESULT: {"script":"<script> [8489 bytes]","args":[{"element-6066-11e4-a52e-4f735466cecf":"f.AE569C338F7BE8C487FB69BDD94B5641.d.88BC8061B1ADE3993ECBBF80376880E2.e.21932","ELEMENT":"f.AE569C338F7BE8C487FB69BDD94B5641.d.88BC8061B1ADE3993ECBBF80376880E2.e.21932"}]}
COMMAND: GET /session/fe219389c4a652ed804fe0697356972e/element/f.AE569C338F7BE8C487FB69BDD94B5641.d.88BC8061B1ADE3993ECBBF80376880E2.e.21932/enabled - {}
COMMAND: GET /session/fe219389c4a652ed804fe0697356972e/screenshot - {}
RESULT: {}
COMMAND: POST /session/fe219389c4a652ed804fe0697356972e/execute/sync - {"script":"<script> [8489 bytes]","args":[{"element-6066-11e4-a52e-4f735466cecf":"f.AE569C338F7BE8C487FB69BDD94B5641.d.88BC8061B1ADE3993ECBBF80376880E2.e.21932","ELEMENT":"f.AE569C338F7BE8C487FB69BDD94B5641.d.88BC8061B1ADE3993ECBBF80376880E2.e.21932"}]}
COMMAND: GET /session/fe219389c4a652ed804fe0697356972e/screenshot - {}
RESULT: {}
RESULT: {"script":"<script> [8489 bytes]","args":[{"element-6066-11e4-a52e-4f735466cecf":"f.AE569C338F7BE8C487FB69BDD94B5641.d.88BC8061B1ADE3993ECBBF80376880E2.e.21932","ELEMENT":"f.AE569C338F7BE8C487FB69BDD94B5641.d.88BC8061B1ADE3993ECBBF80376880E2.e.21932"}]}
COMMAND: POST /session/fe219389c4a652ed804fe0697356972e/execute/sync - {"script":"<script> [5351 bytes]","args":[{"element-6066-11e4-a52e-4f735466cecf":"f.AE569C338F7BE8C487FB69BDD94B5641.d.88BC8061B1ADE3993ECBBF80376880E2.e.21932","ELEMENT":"f.AE569C338F7BE8C487FB69BDD94B5641.d.88BC8061B1ADE3993ECBBF80376880E2.e.21932"}]}
COMMAND: GET /session/fe219389c4a652ed804fe0697356972e/screenshot - {}
RESULT: {}
RESULT: {"script":"<script> [5351 bytes]","args":[{"element-6066-11e4-a52e-4f735466cecf":"f.AE569C338F7BE8C487FB69BDD94B5641.d.88BC8061B1ADE3993ECBBF80376880E2.e.21932","ELEMENT":"f.AE569C338F7BE8C487FB69BDD94B5641.d.88BC8061B1ADE3993ECBBF80376880E2.e.21932"}]}
COMMAND: GET /session/fe219389c4a652ed804fe0697356972e/screenshot - {}
RESULT: {}
RESULT: {}
COMMAND: POST /session/fe219389c4a652ed804fe0697356972e/element/f.AE569C338F7BE8C487FB69BDD94B5641.d.88BC8061B1ADE3993ECBBF80376880E2.e.21932/click - {}
RESULT: {}
COMMAND: GET /session/fe219389c4a652ed804fe0697356972e/screenshot - {}
RESULT: {}
COMMAND: POST /session/fe219389c4a652ed804fe0697356972e/execute/async - {"script":"<script> [1562 bytes]","args":[{"selector":{"id":"application-managecontracts-display-component---AddNewContract--projectDescription","interaction":{"idSuffix":"inner"}},"wdio_ui5_key":"applicationmanagecontracts-display-component---AddNewContract--projectDescription"}]}
RESULT: {"script":"<script> [1562 bytes]","args":[{"selector":{"id":"application-managecontracts-display-component---AddNewContract--projectDescription","interaction":{"idSuffix":"inner"}},"wdio_ui5_key":"applicationmanagecontracts-display-component---AddNewContract--projectDescription"}]}
RESULT: undefined
COMMAND: POST /session/fe219389c4a652ed804fe0697356972e/execute/async - {"script":"<script> [776 bytes]","args":[{"enterText":"Contract WDIO","selector":{"id":"application-managecontracts-display-component---AddNewContract--projectDescription","interaction":{"idSuffix":"inner"}},"clearTextFirst":true,"interactionType":"ENTER_TEXT"}]}
RESULT: {"script":"<script> [776 bytes]","args":[{"enterText":"Contract WDIO","selector":{"id":"application-managecontracts-display-component---AddNewContract--projectDescription","interaction":{"idSuffix":"inner"}},"clearTextFirst":true,"interactionType":"ENTER_TEXT"}]}
COMMAND: POST /session/fe219389c4a652ed804fe0697356972e/element - {"using":"xpath","value":"//input[@id=\"application-managecontracts-display-component---AddNewContract--site-inner\"]"}
RESULT: {"using":"xpath","value":"//input[@id=\"application-managecontracts-display-component---AddNewContract--site-inner\"]"}
COMMAND: POST /session/fe219389c4a652ed804fe0697356972e/element/f.AE569C338F7BE8C487FB69BDD94B5641.d.88BC8061B1ADE3993ECBBF80376880E2.e.22251/clear - {}
RESULT: {}
COMMAND: POST /session/fe219389c4a652ed804fe0697356972e/element/f.AE569C338F7BE8C487FB69BDD94B5641.d.88BC8061B1ADE3993ECBBF80376880E2.e.22251/value - {"text":"2236"}
COMMAND: GET /session/fe219389c4a652ed804fe0697356972e/screenshot - {}
RESULT: {"text":"2236"}
COMMAND: GET /session/fe219389c4a652ed804fe0697356972e/screenshot - {}
RESULT: {}
RESULT: {}
COMMAND: POST /session/fe219389c4a652ed804fe0697356972e/element - {"using":"xpath","value":"//li[.//span[text()='2236']]"}
RESULT: {"using":"xpath","value":"//li[.//span[text()='2236']]"}
COMMAND: POST /session/fe219389c4a652ed804fe0697356972e/element/f.AE569C338F7BE8C487FB69BDD94B5641.d.88BC8061B1ADE3993ECBBF80376880E2.e.22341/click - {}
RESULT: {}
COMMAND: GET /session/fe219389c4a652ed804fe0697356972e/screenshot - {}
RESULT: {}
COMMAND: POST /session/fe219389c4a652ed804fe0697356972e/element - {"using":"xpath","value":"//input[@id=\"application-managecontracts-display-component---AddNewContract--yardId-inner\"]"}
RESULT: {"using":"xpath","value":"//input[@id=\"application-managecontracts-display-component---AddNewContract--yardId-inner\"]"}
COMMAND: GET /session/fe219389c4a652ed804fe0697356972e/element/f.AE569C338F7BE8C487FB69BDD94B5641.d.88BC8061B1ADE3993ECBBF80376880E2.e.22252/property/value - {}
RESULT: {}
COMMAND: POST /session/fe219389c4a652ed804fe0697356972e/element - {"using":"xpath","value":"//input[@id=\"application-managecontracts-display-component---AddNewContract--customerSelect-inner\"]"}
COMMAND: GET /session/fe219389c4a652ed804fe0697356972e/screenshot - {}
RESULT: {"using":"xpath","value":"//input[@id=\"application-managecontracts-display-component---AddNewContract--customerSelect-inner\"]"}
COMMAND: POST /session/fe219389c4a652ed804fe0697356972e/element/f.AE569C338F7BE8C487FB69BDD94B5641.d.88BC8061B1ADE3993ECBBF80376880E2.e.22250/clear - {}
RESULT: {}
RESULT: {}
COMMAND: POST /session/fe219389c4a652ed804fe0697356972e/element/f.AE569C338F7BE8C487FB69BDD94B5641.d.88BC8061B1ADE3993ECBBF80376880E2.e.22250/value - {"text":"1270"}
COMMAND: GET /session/fe219389c4a652ed804fe0697356972e/screenshot - {}
RESULT: {"text":"1270"}
COMMAND: GET /session/fe219389c4a652ed804fe0697356972e/screenshot - {}
RESULT: {}
RESULT: {}
COMMAND: POST /session/fe219389c4a652ed804fe0697356972e/element - {"using":"xpath","value":"//li[.//span[text()='1270']]"}
RESULT: {"using":"xpath","value":"//li[.//span[text()='1270']]"}
COMMAND: POST /session/fe219389c4a652ed804fe0697356972e/element/f.AE569C338F7BE8C487FB69BDD94B5641.d.88BC8061B1ADE3993ECBBF80376880E2.e.22344/click - {}
RESULT: {}
COMMAND: GET /session/fe219389c4a652ed804fe0697356972e/screenshot - {}
RESULT: {}
COMMAND: POST /session/fe219389c4a652ed804fe0697356972e/element - {"using":"xpath","value":"//button[@data-kt=\"saveButton\"]"}
RESULT: {"using":"xpath","value":"//button[@data-kt=\"saveButton\"]"}
COMMAND: POST /session/fe219389c4a652ed804fe0697356972e/element/f.AE569C338F7BE8C487FB69BDD94B5641.d.88BC8061B1ADE3993ECBBF80376880E2.e.22332/click - {}
RESULT: {}
COMMAND: GET /session/fe219389c4a652ed804fe0697356972e/screenshot - {}
RESULT: {}
COMMAND: POST /session/fe219389c4a652ed804fe0697356972e/element - {"using":"xpath","value":"//span[contains(@id ,\"contractDetailTitleNoExpanded\")]"}
RESULT: {"using":"xpath","value":"//span[contains(@id ,\"contractDetailTitleNoExpanded\")]"}
COMMAND: POST /session/fe219389c4a652ed804fe0697356972e/elements - {"using":"xpath","value":"//span[contains(@id ,\"contractDetailTitleNoExpanded\")]"}
RESULT: {"using":"xpath","value":"//span[contains(@id ,\"contractDetailTitleNoExpanded\")]"}
COMMAND: POST /session/fe219389c4a652ed804fe0697356972e/execute/sync - {"script":"<script> [56 bytes]","args":[{"element-6066-11e4-a52e-4f735466cecf":"f.AE569C338F7BE8C487FB69BDD94B5641.d.88BC8061B1ADE3993ECBBF80376880E2.e.22417","ELEMENT":"f.AE569C338F7BE8C487FB69BDD94B5641.d.88BC8061B1ADE3993ECBBF80376880E2.e.22417"}]}
RESULT: {"script":"<script> [56 bytes]","args":[{"element-6066-11e4-a52e-4f735466cecf":"f.AE569C338F7BE8C487FB69BDD94B5641.d.88BC8061B1ADE3993ECBBF80376880E2.e.22417","ELEMENT":"f.AE569C338F7BE8C487FB69BDD94B5641.d.88BC8061B1ADE3993ECBBF80376880E2.e.22417"}]}
COMMAND: GET /session/fe219389c4a652ed804fe0697356972e/screenshot - {}
RESULT: {}
]]></system-out>
    </testcase>
    <testcase classname="chrome.136_0_7103_93.windows.Return_from_Site_w/_warehouse_management_w_clarification" name="Should add equipment to the contract" time="56.109">
      <system-out><![CDATA[
COMMAND: POST /session/fe219389c4a652ed804fe0697356972e/element - {"using":"xpath","value":"//button[@data-kt=\"contractDetailEditBtnButton\"]"}
RESULT: {"using":"xpath","value":"//button[@data-kt=\"contractDetailEditBtnButton\"]"}
COMMAND: POST /session/fe219389c4a652ed804fe0697356972e/element/f.AE569C338F7BE8C487FB69BDD94B5641.d.88BC8061B1ADE3993ECBBF80376880E2.e.22419/click - {}
RESULT: {}
COMMAND: GET /session/fe219389c4a652ed804fe0697356972e/screenshot - {}
RESULT: {}
COMMAND: POST /session/fe219389c4a652ed804fe0697356972e/element - {"using":"xpath","value":"(//span[contains(text(), \"Additional Addresses\")])[2]"}
RESULT: {"using":"xpath","value":"(//span[contains(text(), \"Additional Addresses\")])[2]"}
COMMAND: POST /session/fe219389c4a652ed804fe0697356972e/element/f.AE569C338F7BE8C487FB69BDD94B5641.d.88BC8061B1ADE3993ECBBF80376880E2.e.22474/click - {}
RESULT: {}
COMMAND: GET /session/fe219389c4a652ed804fe0697356972e/screenshot - {}
RESULT: {}
COMMAND: POST /session/fe219389c4a652ed804fe0697356972e/element - {"using":"xpath","value":"//button[@data-kt=\"btnAddTableRowOverflowToolbarButton\"]"}
RESULT: {"using":"xpath","value":"//button[@data-kt=\"btnAddTableRowOverflowToolbarButton\"]"}
COMMAND: POST /session/fe219389c4a652ed804fe0697356972e/element/f.AE569C338F7BE8C487FB69BDD94B5641.d.88BC8061B1ADE3993ECBBF80376880E2.e.22477/click - {}
RESULT: {}
COMMAND: GET /session/fe219389c4a652ed804fe0697356972e/screenshot - {}
RESULT: {}
COMMAND: POST /session/fe219389c4a652ed804fe0697356972e/element - {"using":"xpath","value":"//div[(text() = 'Standard Entry' or . = 'Standard Entry')]"}
RESULT: {"using":"xpath","value":"//div[(text() = 'Standard Entry' or . = 'Standard Entry')]"}
COMMAND: POST /session/fe219389c4a652ed804fe0697356972e/element/f.AE569C338F7BE8C487FB69BDD94B5641.d.88BC8061B1ADE3993ECBBF80376880E2.e.22479/click - {}
RESULT: {}
COMMAND: GET /session/fe219389c4a652ed804fe0697356972e/screenshot - {}
RESULT: {}
COMMAND: POST /session/fe219389c4a652ed804fe0697356972e/element - {"using":"xpath","value":"//td[6]/div/div/div/span"}
RESULT: {"using":"xpath","value":"//td[6]/div/div/div/span"}
COMMAND: POST /session/fe219389c4a652ed804fe0697356972e/element/f.AE569C338F7BE8C487FB69BDD94B5641.d.88BC8061B1ADE3993ECBBF80376880E2.e.22491/click - {}
RESULT: {}
COMMAND: GET /session/fe219389c4a652ed804fe0697356972e/screenshot - {}
RESULT: {}
COMMAND: POST /session/fe219389c4a652ed804fe0697356972e/element - {"using":"xpath","value":"(//span[contains(text(), \"Material\")])"}
RESULT: {"using":"xpath","value":"(//span[contains(text(), \"Material\")])"}
COMMAND: POST /session/fe219389c4a652ed804fe0697356972e/element/f.AE569C338F7BE8C487FB69BDD94B5641.d.88BC8061B1ADE3993ECBBF80376880E2.e.22492/click - {}
RESULT: {}
COMMAND: GET /session/fe219389c4a652ed804fe0697356972e/screenshot - {}
RESULT: {}
COMMAND: POST /session/fe219389c4a652ed804fe0697356972e/element - {"using":"xpath","value":"//td[7]/div/div/input"}
RESULT: {"using":"xpath","value":"//td[7]/div/div/input"}
COMMAND: POST /session/fe219389c4a652ed804fe0697356972e/element/f.AE569C338F7BE8C487FB69BDD94B5641.d.88BC8061B1ADE3993ECBBF80376880E2.e.22496/clear - {}
RESULT: {}
COMMAND: POST /session/fe219389c4a652ed804fe0697356972e/element/f.AE569C338F7BE8C487FB69BDD94B5641.d.88BC8061B1ADE3993ECBBF80376880E2.e.22496/value - {"text":"200260"}
COMMAND: GET /session/fe219389c4a652ed804fe0697356972e/screenshot - {}
RESULT: {"text":"200260"}
COMMAND: GET /session/fe219389c4a652ed804fe0697356972e/screenshot - {}
RESULT: {}
RESULT: {}
COMMAND: POST /session/fe219389c4a652ed804fe0697356972e/actions - {"actions":[{"id":"action67","type":"key","parameters":{},"actions":[{"type":"keyDown","value":""},{"type":"pause","duration":10},{"type":"keyUp","value":""}]}]}
RESULT: {"actions":[{"id":"action67","type":"key","parameters":{},"actions":[{"type":"keyDown","value":""},{"type":"pause","duration":10},{"type":"keyUp","value":""}]}]}
COMMAND: GET /session/fe219389c4a652ed804fe0697356972e/screenshot - {}
RESULT: {}
COMMAND: POST /session/fe219389c4a652ed804fe0697356972e/execute/sync - {"script":"<script> [276 bytes]","args":["No pricing information was found"]}
RESULT: {"script":"<script> [276 bytes]","args":["No pricing information was found"]}
COMMAND: POST /session/fe219389c4a652ed804fe0697356972e/element - {"using":"xpath","value":"//bdi[contains(text(), \"OK\")]"}
COMMAND: GET /session/fe219389c4a652ed804fe0697356972e/screenshot - {}
RESULT: {"using":"xpath","value":"//bdi[contains(text(), \"OK\")]"}
COMMAND: POST /session/fe219389c4a652ed804fe0697356972e/element/f.AE569C338F7BE8C487FB69BDD94B5641.d.88BC8061B1ADE3993ECBBF80376880E2.e.22522/click - {}
RESULT: {}
RESULT: {}
COMMAND: GET /session/fe219389c4a652ed804fe0697356972e/screenshot - {}
RESULT: {}
COMMAND: POST /session/fe219389c4a652ed804fe0697356972e/element - {"using":"xpath","value":"(//button[@data-kt=\"saveButton\"])[2]"}
RESULT: {"using":"xpath","value":"(//button[@data-kt=\"saveButton\"])[2]"}
COMMAND: POST /session/fe219389c4a652ed804fe0697356972e/element/f.AE569C338F7BE8C487FB69BDD94B5641.d.88BC8061B1ADE3993ECBBF80376880E2.e.22523/click - {}
RESULT: {}
COMMAND: GET /session/fe219389c4a652ed804fe0697356972e/screenshot - {}
RESULT: {}
COMMAND: POST /session/fe219389c4a652ed804fe0697356972e/execute/sync - {"script":"<script> [276 bytes]","args":["Some contract items are having rental validity exceeding header rental validity"]}
RESULT: {"script":"<script> [276 bytes]","args":["Some contract items are having rental validity exceeding header rental validity"]}
COMMAND: GET /session/fe219389c4a652ed804fe0697356972e/screenshot - {}
RESULT: {}
COMMAND: POST /session/fe219389c4a652ed804fe0697356972e/element - {"using":"xpath","value":"//span[contains(@id ,\"contractItemsSmartTable-header-inner\")]"}
RESULT: {"using":"xpath","value":"//span[contains(@id ,\"contractItemsSmartTable-header-inner\")]"}
COMMAND: POST /session/fe219389c4a652ed804fe0697356972e/elements - {"using":"xpath","value":"//span[contains(@id ,\"contractItemsSmartTable-header-inner\")]"}
RESULT: {"using":"xpath","value":"//span[contains(@id ,\"contractItemsSmartTable-header-inner\")]"}
COMMAND: POST /session/fe219389c4a652ed804fe0697356972e/execute/sync - {"script":"<script> [56 bytes]","args":[{"element-6066-11e4-a52e-4f735466cecf":"f.AE569C338F7BE8C487FB69BDD94B5641.d.88BC8061B1ADE3993ECBBF80376880E2.e.22527","ELEMENT":"f.AE569C338F7BE8C487FB69BDD94B5641.d.88BC8061B1ADE3993ECBBF80376880E2.e.22527"}]}
RESULT: {"script":"<script> [56 bytes]","args":[{"element-6066-11e4-a52e-4f735466cecf":"f.AE569C338F7BE8C487FB69BDD94B5641.d.88BC8061B1ADE3993ECBBF80376880E2.e.22527","ELEMENT":"f.AE569C338F7BE8C487FB69BDD94B5641.d.88BC8061B1ADE3993ECBBF80376880E2.e.22527"}]}
]]></system-out>
    </testcase>
    <testcase classname="chrome.136_0_7103_93.windows.Return_from_Site_w/_warehouse_management_w_clarification" name="Should provide to site" time="40.143">
      <system-out><![CDATA[
COMMAND: POST /session/fe219389c4a652ed804fe0697356972e/element - {"using":"xpath","value":"//button[@data-kt=\"provideButton\"]"}
COMMAND: GET /session/fe219389c4a652ed804fe0697356972e/screenshot - {}
RESULT: {"using":"xpath","value":"//button[@data-kt=\"provideButton\"]"}
COMMAND: POST /session/fe219389c4a652ed804fe0697356972e/element/f.AE569C338F7BE8C487FB69BDD94B5641.d.88BC8061B1ADE3993ECBBF80376880E2.e.22528/click - {}
RESULT: {}
RESULT: {}
COMMAND: GET /session/fe219389c4a652ed804fe0697356972e/screenshot - {}
RESULT: undefined
COMMAND: POST /session/fe219389c4a652ed804fe0697356972e/execute/async - {"script":"<script> [6424 bytes]","args":[{"element-6066-11e4-a52e-4f735466cecf":"f.AE569C338F7BE8C487FB69BDD94B5641.d.88BC8061B1ADE3993ECBBF80376880E2.e.21481"},"setValue",["05/29/25"]]}
RESULT: {}
COMMAND: POST /session/fe219389c4a652ed804fe0697356972e/execute/async - {"script":"<script> [1562 bytes]","args":[{"selector":{"id":"application-managehandovers-display-component---AddNewHO--dueDate","interaction":{"idSuffix":"inner"}},"wdio_ui5_key":"applicationmanagehandovers-display-component---AddNewHO--dueDate"}]}
RESULT: {"script":"<script> [1562 bytes]","args":[{"selector":{"id":"application-managehandovers-display-component---AddNewHO--dueDate","interaction":{"idSuffix":"inner"}},"wdio_ui5_key":"applicationmanagehandovers-display-component---AddNewHO--dueDate"}]}
COMMAND: POST /session/fe219389c4a652ed804fe0697356972e/execute/async - {"script":"<script> [6424 bytes]","args":[{"element-6066-11e4-a52e-4f735466cecf":"f.AE569C338F7BE8C487FB69BDD94B5641.d.88BC8061B1ADE3993ECBBF80376880E2.e.22618"},"setValue",["05/29/25"]]}
RESULT: {"script":"<script> [6424 bytes]","args":[{"element-6066-11e4-a52e-4f735466cecf":"f.AE569C338F7BE8C487FB69BDD94B5641.d.88BC8061B1ADE3993ECBBF80376880E2.e.22618"},"setValue",["05/29/25"]]}
COMMAND: POST /session/fe219389c4a652ed804fe0697356972e/element - {"using":"xpath","value":"//bdi[contains(text(), \"Instructions\")]"}
RESULT: {"using":"xpath","value":"//bdi[contains(text(), \"Instructions\")]"}
COMMAND: POST /session/fe219389c4a652ed804fe0697356972e/element/f.AE569C338F7BE8C487FB69BDD94B5641.d.88BC8061B1ADE3993ECBBF80376880E2.e.22835/click - {}
RESULT: {}
COMMAND: GET /session/fe219389c4a652ed804fe0697356972e/screenshot - {}
RESULT: {}
COMMAND: POST /session/fe219389c4a652ed804fe0697356972e/element - {"using":"xpath","value":"//button[@data-kt=\"AddNewHOProvideAddItemsButton\"]"}
RESULT: {"using":"xpath","value":"//button[@data-kt=\"AddNewHOProvideAddItemsButton\"]"}
COMMAND: POST /session/fe219389c4a652ed804fe0697356972e/element/f.AE569C338F7BE8C487FB69BDD94B5641.d.88BC8061B1ADE3993ECBBF80376880E2.e.22839/click - {}
RESULT: {}
COMMAND: GET /session/fe219389c4a652ed804fe0697356972e/screenshot - {}
RESULT: {}
RESULT: undefined
COMMAND: POST /session/fe219389c4a652ed804fe0697356972e/element - {"using":"xpath","value":"//*[@id=\"application-managehandovers-display-component---AddNewHO--popup-sa\"]"}
RESULT: {"using":"xpath","value":"//*[@id=\"application-managehandovers-display-component---AddNewHO--popup-sa\"]"}
COMMAND: POST /session/fe219389c4a652ed804fe0697356972e/element/f.AE569C338F7BE8C487FB69BDD94B5641.d.88BC8061B1ADE3993ECBBF80376880E2.e.22848/click - {}
RESULT: {}
COMMAND: GET /session/fe219389c4a652ed804fe0697356972e/screenshot - {}
RESULT: {}
COMMAND: POST /session/fe219389c4a652ed804fe0697356972e/element - {"using":"xpath","value":"//*[contains(@id ,\"BDI-content\")][contains(text(), \"Select\")]"}
RESULT: {"using":"xpath","value":"//*[contains(@id ,\"BDI-content\")][contains(text(), \"Select\")]"}
COMMAND: POST /session/fe219389c4a652ed804fe0697356972e/element/f.AE569C338F7BE8C487FB69BDD94B5641.d.88BC8061B1ADE3993ECBBF80376880E2.e.22850/click - {}
RESULT: {}
COMMAND: GET /session/fe219389c4a652ed804fe0697356972e/screenshot - {}
RESULT: {}
COMMAND: POST /session/fe219389c4a652ed804fe0697356972e/element - {"using":"xpath","value":"//bdi[(text() = 'Save' or . = 'Save')]"}
RESULT: {"using":"xpath","value":"//bdi[(text() = 'Save' or . = 'Save')]"}
COMMAND: POST /session/fe219389c4a652ed804fe0697356972e/element/f.AE569C338F7BE8C487FB69BDD94B5641.d.88BC8061B1ADE3993ECBBF80376880E2.e.22858/click - {}
RESULT: {}
COMMAND: GET /session/fe219389c4a652ed804fe0697356972e/screenshot - {}
RESULT: {}
]]></system-out>
    </testcase>
    <testcase classname="chrome.136_0_7103_93.windows.Return_from_Site_w/_warehouse_management_w_clarification" name="Should test for Handover Execution" time="151.926">
      <system-out><![CDATA[
COMMAND: POST /session/fe219389c4a652ed804fe0697356972e/execute/async - {"script":"<script> [1562 bytes]","args":[{"selector":{"controlType":"sap.m.Link","viewName":"etm.portal.ui.managehandovers.view.DetailExecuteHO","bindingPath":{"path":"","propertyPath":"/wmDoc","modelName":"warehouseMovModel"}},"wdio_ui5_key":"etmportal.ui.managehandovers.view.DetailExecuteHOsap.m.Link{\"path\":\"\",\"propertyPath\":\"/wmDoc\",\"modelName\":\"warehouseMovModel\"}"}]}
RESULT: {"script":"<script> [1562 bytes]","args":[{"selector":{"controlType":"sap.m.Link","viewName":"etm.portal.ui.managehandovers.view.DetailExecuteHO","bindingPath":{"path":"","propertyPath":"/wmDoc","modelName":"warehouseMovModel"}},"wdio_ui5_key":"etmportal.ui.managehandovers.view.DetailExecuteHOsap.m.Link{\"path\":\"\",\"propertyPath\":\"/wmDoc\",\"modelName\":\"warehouseMovModel\"}"}]}
RESULT: undefined
COMMAND: POST /session/fe219389c4a652ed804fe0697356972e/element - {"using":"xpath","value":"//*[@id=\"__link82\"]"}
RESULT: {"using":"xpath","value":"//*[@id=\"__link82\"]"}
COMMAND: POST /session/fe219389c4a652ed804fe0697356972e/element/f.AE569C338F7BE8C487FB69BDD94B5641.d.88BC8061B1ADE3993ECBBF80376880E2.e.22914/click - {}
RESULT: {}
COMMAND: GET /session/fe219389c4a652ed804fe0697356972e/screenshot - {}
RESULT: {}
COMMAND: POST /session/fe219389c4a652ed804fe0697356972e/execute/async - {"script":"<script> [1562 bytes]","args":[{"selector":{"controlType":"sap.m.Link","viewName":"etm.portal.ui.managehandovers.view.DetailExecuteHO","properties":{"text":"Warehouse Overview"},"searchOpenDialogs":true},"wdio_ui5_key":"etmportal.ui.managehandovers.view.DetailExecuteHOsap.m.Link{\"text\":\"Warehouse Overview\"}"}]}
RESULT: {"script":"<script> [1562 bytes]","args":[{"selector":{"controlType":"sap.m.Link","viewName":"etm.portal.ui.managehandovers.view.DetailExecuteHO","properties":{"text":"Warehouse Overview"},"searchOpenDialogs":true},"wdio_ui5_key":"etmportal.ui.managehandovers.view.DetailExecuteHOsap.m.Link{\"text\":\"Warehouse Overview\"}"}]}
RESULT: undefined
COMMAND: POST /session/fe219389c4a652ed804fe0697356972e/element - {"using":"xpath","value":"//*[@id=\"__link98\"]"}
RESULT: {"using":"xpath","value":"//*[@id=\"__link98\"]"}
COMMAND: POST /session/fe219389c4a652ed804fe0697356972e/element/f.AE569C338F7BE8C487FB69BDD94B5641.d.88BC8061B1ADE3993ECBBF80376880E2.e.22917/click - {}
RESULT: {}
COMMAND: GET /session/fe219389c4a652ed804fe0697356972e/screenshot - {}
RESULT: {}
COMMAND: POST /session/fe219389c4a652ed804fe0697356972e/execute/async - {"script":"<script> [1562 bytes]","args":[{"selector":{"controlType":"sap.m.Button","viewName":"etm.portal.ui.warehousemovements.view.DisplayMovement","viewId":"application-warehousemovements-display-component---displayMovement","i18NText":{"propertyName":"text","key":"execution"},"interaction":{"idSuffix":"BDI-content"}},"wdio_ui5_key":"etmportal.ui.warehousemovements.view.DisplayMovementsap.m.Button{\"propertyName\":\"text\",\"key\":\"execution\"}"}]}
RESULT: {"script":"<script> [1562 bytes]","args":[{"selector":{"controlType":"sap.m.Button","viewName":"etm.portal.ui.warehousemovements.view.DisplayMovement","viewId":"application-warehousemovements-display-component---displayMovement","i18NText":{"propertyName":"text","key":"execution"},"interaction":{"idSuffix":"BDI-content"}},"wdio_ui5_key":"etmportal.ui.warehousemovements.view.DisplayMovementsap.m.Button{\"propertyName\":\"text\",\"key\":\"execution\"}"}]}
RESULT: undefined
COMMAND: POST /session/fe219389c4a652ed804fe0697356972e/element - {"using":"xpath","value":"//*[@id=\"__button247\"]"}
RESULT: {"using":"xpath","value":"//*[@id=\"__button247\"]"}
COMMAND: POST /session/fe219389c4a652ed804fe0697356972e/element/f.AE569C338F7BE8C487FB69BDD94B5641.d.88BC8061B1ADE3993ECBBF80376880E2.e.23033/click - {}
RESULT: {}
COMMAND: GET /session/fe219389c4a652ed804fe0697356972e/screenshot - {}
RESULT: {}
COMMAND: POST /session/fe219389c4a652ed804fe0697356972e/execute/async - {"script":"<script> [1562 bytes]","args":[{"selector":{"controlType":"sap.m.Button","viewName":"etm.portal.ui.warehousemovements.view.ExecuteMovement","viewId":"application-warehousemovements-display-component---executeMovement","properties":{"text":"Items"},"interaction":{"idSuffix":"BDI-content"}},"wdio_ui5_key":"etmportal.ui.warehousemovements.view.ExecuteMovementsap.m.Button{\"text\":\"Items\"}"}]}
RESULT: {"script":"<script> [1562 bytes]","args":[{"selector":{"controlType":"sap.m.Button","viewName":"etm.portal.ui.warehousemovements.view.ExecuteMovement","viewId":"application-warehousemovements-display-component---executeMovement","properties":{"text":"Items"},"interaction":{"idSuffix":"BDI-content"}},"wdio_ui5_key":"etmportal.ui.warehousemovements.view.ExecuteMovementsap.m.Button{\"text\":\"Items\"}"}]}
RESULT: undefined
COMMAND: POST /session/fe219389c4a652ed804fe0697356972e/element - {"using":"xpath","value":"//*[@id=\"__layout379-anchBar-application-warehousemovements-display-component---executeMovement--itemsSection-anchor\"]"}
RESULT: {"using":"xpath","value":"//*[@id=\"__layout379-anchBar-application-warehousemovements-display-component---executeMovement--itemsSection-anchor\"]"}
COMMAND: POST /session/fe219389c4a652ed804fe0697356972e/element/f.AE569C338F7BE8C487FB69BDD94B5641.d.88BC8061B1ADE3993ECBBF80376880E2.e.23134/click - {}
RESULT: {}
COMMAND: GET /session/fe219389c4a652ed804fe0697356972e/screenshot - {}
RESULT: {}
COMMAND: POST /session/fe219389c4a652ed804fe0697356972e/execute/async - {"script":"<script> [1562 bytes]","args":[{"selector":{"controlType":"sap.m.ToggleButton","viewName":"etm.portal.ui.warehousemovements.view.ExecuteMovement","viewId":"application-warehousemovements-display-component---executeMovement","bindingPath":{"propertyPath":"STATUS","modelName":"catalogModel"},"interaction":{"idSuffix":"BDI-content"}},"wdio_ui5_key":"etmportal.ui.warehousemovements.view.ExecuteMovementsap.m.ToggleButton{\"propertyPath\":\"STATUS\",\"modelName\":\"catalogModel\"}"}]}
RESULT: {"script":"<script> [1562 bytes]","args":[{"selector":{"controlType":"sap.m.ToggleButton","viewName":"etm.portal.ui.warehousemovements.view.ExecuteMovement","viewId":"application-warehousemovements-display-component---executeMovement","bindingPath":{"propertyPath":"STATUS","modelName":"catalogModel"},"interaction":{"idSuffix":"BDI-content"}},"wdio_ui5_key":"etmportal.ui.warehousemovements.view.ExecuteMovementsap.m.ToggleButton{\"propertyPath\":\"STATUS\",\"modelName\":\"catalogModel\"}"}]}
RESULT: undefined
COMMAND: POST /session/fe219389c4a652ed804fe0697356972e/element - {"using":"xpath","value":"//*[@id=\"__button272-__clone3282\"]"}
RESULT: {"using":"xpath","value":"//*[@id=\"__button272-__clone3282\"]"}
COMMAND: POST /session/fe219389c4a652ed804fe0697356972e/element/f.AE569C338F7BE8C487FB69BDD94B5641.d.88BC8061B1ADE3993ECBBF80376880E2.e.23113/click - {}
RESULT: {}
RESULT: undefined
COMMAND: POST /session/fe219389c4a652ed804fe0697356972e/element - {"using":"xpath","value":"//*[@id=\"__button272-__clone3282\"]"}
COMMAND: GET /session/fe219389c4a652ed804fe0697356972e/screenshot - {}
RESULT: {"using":"xpath","value":"//*[@id=\"__button272-__clone3282\"]"}
COMMAND: POST /session/fe219389c4a652ed804fe0697356972e/element/f.AE569C338F7BE8C487FB69BDD94B5641.d.88BC8061B1ADE3993ECBBF80376880E2.e.23113/click - {}
RESULT: {}
RESULT: {}
COMMAND: GET /session/fe219389c4a652ed804fe0697356972e/screenshot - {}
RESULT: {}
COMMAND: POST /session/fe219389c4a652ed804fe0697356972e/element - {"using":"xpath","value":"//section[contains(@id,\"FC-NoHead\")]/div[1]/div[5]/div[2]/span"}
RESULT: {"using":"xpath","value":"//section[contains(@id,\"FC-NoHead\")]/div[1]/div[5]/div[2]/span"}
COMMAND: POST /session/fe219389c4a652ed804fe0697356972e/elements - {"using":"xpath","value":"//section[contains(@id,\"FC-NoHead\")]/div[1]/div[5]/div[2]/span"}
RESULT: {"using":"xpath","value":"//section[contains(@id,\"FC-NoHead\")]/div[1]/div[5]/div[2]/span"}
COMMAND: POST /session/fe219389c4a652ed804fe0697356972e/execute/sync - {"script":"<script> [56 bytes]","args":[{"element-6066-11e4-a52e-4f735466cecf":"f.AE569C338F7BE8C487FB69BDD94B5641.d.88BC8061B1ADE3993ECBBF80376880E2.e.23141","ELEMENT":"f.AE569C338F7BE8C487FB69BDD94B5641.d.88BC8061B1ADE3993ECBBF80376880E2.e.23141"}]}
RESULT: {"script":"<script> [56 bytes]","args":[{"element-6066-11e4-a52e-4f735466cecf":"f.AE569C338F7BE8C487FB69BDD94B5641.d.88BC8061B1ADE3993ECBBF80376880E2.e.23141","ELEMENT":"f.AE569C338F7BE8C487FB69BDD94B5641.d.88BC8061B1ADE3993ECBBF80376880E2.e.23141"}]}
COMMAND: POST /session/fe219389c4a652ed804fe0697356972e/actions - {"actions":[{"id":"action68","type":"key","parameters":{},"actions":[{"type":"keyDown","value":""},{"type":"pause","duration":10},{"type":"keyUp","value":""}]}]}
COMMAND: GET /session/fe219389c4a652ed804fe0697356972e/screenshot - {}
RESULT: {"actions":[{"id":"action68","type":"key","parameters":{},"actions":[{"type":"keyDown","value":""},{"type":"pause","duration":10},{"type":"keyUp","value":""}]}]}
COMMAND: POST /session/fe219389c4a652ed804fe0697356972e/execute/async - {"script":"<script> [1562 bytes]","args":[{"selector":{"id":"application-warehousemovements-display-component---executeMovement--executeId","interaction":{"idSuffix":"BDI-content"}},"wdio_ui5_key":"applicationwarehousemovements-display-component---executeMovement--executeId"}]}
COMMAND: GET /session/fe219389c4a652ed804fe0697356972e/screenshot - {}
RESULT: {}
RESULT: {"script":"<script> [1562 bytes]","args":[{"selector":{"id":"application-warehousemovements-display-component---executeMovement--executeId","interaction":{"idSuffix":"BDI-content"}},"wdio_ui5_key":"applicationwarehousemovements-display-component---executeMovement--executeId"}]}
RESULT: undefined
COMMAND: POST /session/fe219389c4a652ed804fe0697356972e/element - {"using":"xpath","value":"//*[@id=\"application-warehousemovements-display-component---executeMovement--executeId\"]"}
RESULT: {}
RESULT: {"using":"xpath","value":"//*[@id=\"application-warehousemovements-display-component---executeMovement--executeId\"]"}
COMMAND: POST /session/fe219389c4a652ed804fe0697356972e/element/f.AE569C338F7BE8C487FB69BDD94B5641.d.88BC8061B1ADE3993ECBBF80376880E2.e.23107/click - {}
RESULT: {}
COMMAND: GET /session/fe219389c4a652ed804fe0697356972e/screenshot - {}
RESULT: {}
COMMAND: POST /session/fe219389c4a652ed804fe0697356972e/element - {"using":"css selector","value":"#shell-header-logo"}
RESULT: {"using":"css selector","value":"#shell-header-logo"}
COMMAND: POST /session/fe219389c4a652ed804fe0697356972e/element/f.AE569C338F7BE8C487FB69BDD94B5641.d.88BC8061B1ADE3993ECBBF80376880E2.e.21889/click - {}
RESULT: {}
COMMAND: GET /session/fe219389c4a652ed804fe0697356972e/screenshot - {}
RESULT: {}
RESULT: undefined
COMMAND: POST /session/fe219389c4a652ed804fe0697356972e/element - {"using":"xpath","value":"//*[@id=\"__tile132\"]"}
RESULT: {"using":"xpath","value":"//*[@id=\"__tile132\"]"}
COMMAND: POST /session/fe219389c4a652ed804fe0697356972e/element/f.AE569C338F7BE8C487FB69BDD94B5641.d.88BC8061B1ADE3993ECBBF80376880E2.e.20451/click - {}
RESULT: {}
COMMAND: GET /session/fe219389c4a652ed804fe0697356972e/screenshot - {}
RESULT: {}
COMMAND: POST /session/fe219389c4a652ed804fe0697356972e/elements - {"using":"xpath","value":"//span[text()='Error']"}
RESULT: {"using":"xpath","value":"//span[text()='Error']"}
COMMAND: POST /session/fe219389c4a652ed804fe0697356972e/execute/async - {"script":"<script> [1562 bytes]","args":[{"selector":{"controlType":"sap.m.SearchField","viewName":"etm.portal.ui.managehandovers.view.MasterHO","bindingPath":{"propertyPath":"/_BASIC_SEARCH_FIELD","modelName":"fi1t3rM0d31"},"interaction":{"idSuffix":"I"}},"wdio_ui5_key":"etmportal.ui.managehandovers.view.MasterHOsap.m.SearchField{\"propertyPath\":\"/_BASIC_SEARCH_FIELD\",\"modelName\":\"fi1t3rM0d31\"}"}]}
RESULT: {"script":"<script> [1562 bytes]","args":[{"selector":{"controlType":"sap.m.SearchField","viewName":"etm.portal.ui.managehandovers.view.MasterHO","bindingPath":{"propertyPath":"/_BASIC_SEARCH_FIELD","modelName":"fi1t3rM0d31"},"interaction":{"idSuffix":"I"}},"wdio_ui5_key":"etmportal.ui.managehandovers.view.MasterHOsap.m.SearchField{\"propertyPath\":\"/_BASIC_SEARCH_FIELD\",\"modelName\":\"fi1t3rM0d31\"}"}]}
RESULT: undefined
COMMAND: POST /session/fe219389c4a652ed804fe0697356972e/execute/async - {"script":"<script> [776 bytes]","args":[{"enterText":"30823","selector":{"controlType":"sap.m.SearchField","viewName":"etm.portal.ui.managehandovers.view.MasterHO","bindingPath":{"propertyPath":"/_BASIC_SEARCH_FIELD","modelName":"fi1t3rM0d31"},"interaction":{"idSuffix":"I"}},"clearTextFirst":true,"interactionType":"ENTER_TEXT"}]}
RESULT: {"script":"<script> [776 bytes]","args":[{"enterText":"30823","selector":{"controlType":"sap.m.SearchField","viewName":"etm.portal.ui.managehandovers.view.MasterHO","bindingPath":{"propertyPath":"/_BASIC_SEARCH_FIELD","modelName":"fi1t3rM0d31"},"interaction":{"idSuffix":"I"}},"clearTextFirst":true,"interactionType":"ENTER_TEXT"}]}
COMMAND: POST /session/fe219389c4a652ed804fe0697356972e/actions - {"actions":[{"id":"action69","type":"key","parameters":{},"actions":[{"type":"keyDown","value":""},{"type":"pause","duration":10},{"type":"keyUp","value":""}]}]}
RESULT: {"actions":[{"id":"action69","type":"key","parameters":{},"actions":[{"type":"keyDown","value":""},{"type":"pause","duration":10},{"type":"keyUp","value":""}]}]}
COMMAND: GET /session/fe219389c4a652ed804fe0697356972e/screenshot - {}
RESULT: {}
COMMAND: POST /session/fe219389c4a652ed804fe0697356972e/execute/async - {"script":"<script> [1562 bytes]","args":[{"selector":{"controlType":"sap.ui.core.Icon","viewName":"etm.portal.ui.managehandovers.view.MasterHO","properties":{"src":{"regex":{"source":"slim\\-arrow\\-right"}}}},"wdio_ui5_key":"etmportal.ui.managehandovers.view.MasterHOsap.ui.core.Icon{\"src\":{\"regex\":{\"source\":\"slim\\\\-arrow\\\\-right\"}}}"}]}
RESULT: {"script":"<script> [1562 bytes]","args":[{"selector":{"controlType":"sap.ui.core.Icon","viewName":"etm.portal.ui.managehandovers.view.MasterHO","properties":{"src":{"regex":{"source":"slim\\-arrow\\-right"}}}},"wdio_ui5_key":"etmportal.ui.managehandovers.view.MasterHOsap.ui.core.Icon{\"src\":{\"regex\":{\"source\":\"slim\\\\-arrow\\\\-right\"}}}"}]}
RESULT: undefined
COMMAND: POST /session/fe219389c4a652ed804fe0697356972e/element - {"using":"xpath","value":"//*[@id=\"__item1729-__clone3361-imgNav\"]"}
RESULT: {"using":"xpath","value":"//*[@id=\"__item1729-__clone3361-imgNav\"]"}
COMMAND: POST /session/fe219389c4a652ed804fe0697356972e/element/f.AE569C338F7BE8C487FB69BDD94B5641.d.88BC8061B1ADE3993ECBBF80376880E2.e.23317/click - {}
RESULT: {}
COMMAND: GET /session/fe219389c4a652ed804fe0697356972e/screenshot - {}
RESULT: {}
COMMAND: POST /session/fe219389c4a652ed804fe0697356972e/element - {"using":"xpath","value":"//button[@data-kt=\"IssuingTableConfirmAllButton\"]"}
RESULT: {"using":"xpath","value":"//button[@data-kt=\"IssuingTableConfirmAllButton\"]"}
COMMAND: POST /session/fe219389c4a652ed804fe0697356972e/element/f.AE569C338F7BE8C487FB69BDD94B5641.d.88BC8061B1ADE3993ECBBF80376880E2.e.23415/click - {}
RESULT: {}
COMMAND: GET /session/fe219389c4a652ed804fe0697356972e/screenshot - {}
RESULT: {}
COMMAND: POST /session/fe219389c4a652ed804fe0697356972e/element - {"using":"xpath","value":"//bdi[contains(text(), \"OK\")]"}
RESULT: {"using":"xpath","value":"//bdi[contains(text(), \"OK\")]"}
COMMAND: POST /session/fe219389c4a652ed804fe0697356972e/element/f.AE569C338F7BE8C487FB69BDD94B5641.d.88BC8061B1ADE3993ECBBF80376880E2.e.23421/click - {}
RESULT: {}
COMMAND: GET /session/fe219389c4a652ed804fe0697356972e/screenshot - {}
RESULT: {}
COMMAND: POST /session/fe219389c4a652ed804fe0697356972e/element - {"using":"xpath","value":"//button[@data-kt=\"execHoIssueButton\"]"}
RESULT: {"using":"xpath","value":"//button[@data-kt=\"execHoIssueButton\"]"}
COMMAND: POST /session/fe219389c4a652ed804fe0697356972e/element/f.AE569C338F7BE8C487FB69BDD94B5641.d.88BC8061B1ADE3993ECBBF80376880E2.e.23423/click - {}
RESULT: {}
COMMAND: GET /session/fe219389c4a652ed804fe0697356972e/screenshot - {}
RESULT: {}
RESULT: undefined
COMMAND: POST /session/fe219389c4a652ed804fe0697356972e/execute/async - {"script":"<script> [776 bytes]","args":[{"enterText":"30823","selector":{"controlType":"sap.m.SearchField","viewName":"etm.portal.ui.managehandovers.view.MasterHO","bindingPath":{"propertyPath":"/_BASIC_SEARCH_FIELD","modelName":"fi1t3rM0d31"},"interaction":{"idSuffix":"I"}},"clearTextFirst":true,"interactionType":"ENTER_TEXT"}]}
RESULT: {"script":"<script> [776 bytes]","args":[{"enterText":"30823","selector":{"controlType":"sap.m.SearchField","viewName":"etm.portal.ui.managehandovers.view.MasterHO","bindingPath":{"propertyPath":"/_BASIC_SEARCH_FIELD","modelName":"fi1t3rM0d31"},"interaction":{"idSuffix":"I"}},"clearTextFirst":true,"interactionType":"ENTER_TEXT"}]}
COMMAND: POST /session/fe219389c4a652ed804fe0697356972e/actions - {"actions":[{"id":"action70","type":"key","parameters":{},"actions":[{"type":"keyDown","value":""},{"type":"pause","duration":10},{"type":"keyUp","value":""}]}]}
RESULT: {"actions":[{"id":"action70","type":"key","parameters":{},"actions":[{"type":"keyDown","value":""},{"type":"pause","duration":10},{"type":"keyUp","value":""}]}]}
COMMAND: GET /session/fe219389c4a652ed804fe0697356972e/screenshot - {}
RESULT: {}
COMMAND: POST /session/fe219389c4a652ed804fe0697356972e/element - {"using":"xpath","value":"//span[(text() = '30823' or . = '30823')]"}
RESULT: {"using":"xpath","value":"//span[(text() = '30823' or . = '30823')]"}
COMMAND: POST /session/fe219389c4a652ed804fe0697356972e/element/f.AE569C338F7BE8C487FB69BDD94B5641.d.88BC8061B1ADE3993ECBBF80376880E2.e.23469/click - {}
RESULT: {}
COMMAND: GET /session/fe219389c4a652ed804fe0697356972e/screenshot - {}
RESULT: {}
COMMAND: POST /session/fe219389c4a652ed804fe0697356972e/element - {"using":"xpath","value":"//span[contains(text(), \"Instructions\")]"}
RESULT: {"using":"xpath","value":"//span[contains(text(), \"Instructions\")]"}
COMMAND: POST /session/fe219389c4a652ed804fe0697356972e/element/f.AE569C338F7BE8C487FB69BDD94B5641.d.88BC8061B1ADE3993ECBBF80376880E2.e.23512/click - {}
RESULT: {}
COMMAND: GET /session/fe219389c4a652ed804fe0697356972e/screenshot - {}
RESULT: {}
COMMAND: POST /session/fe219389c4a652ed804fe0697356972e/element - {"using":"xpath","value":"//span[contains(text(), \"Instructions\")]"}
RESULT: {"using":"xpath","value":"//span[contains(text(), \"Instructions\")]"}
COMMAND: POST /session/fe219389c4a652ed804fe0697356972e/element/f.AE569C338F7BE8C487FB69BDD94B5641.d.88BC8061B1ADE3993ECBBF80376880E2.e.23512/click - {}
RESULT: {}
COMMAND: GET /session/fe219389c4a652ed804fe0697356972e/screenshot - {}
RESULT: {}
COMMAND: POST /session/fe219389c4a652ed804fe0697356972e/execute/async - {"script":"<script> [1562 bytes]","args":[{"selector":{"controlType":"sap.m.ComboBox","viewName":"etm.portal.ui.managehandovers.view.DetailExecuteHO","bindingPath":{"propertyPath":"RECEIVING_SECTION","modelName":"catalogModel"},"interaction":{"idSuffix":"inner"}},"wdio_ui5_key":"etmportal.ui.managehandovers.view.DetailExecuteHOsap.m.ComboBox{\"propertyPath\":\"RECEIVING_SECTION\",\"modelName\":\"catalogModel\"}"}]}
RESULT: {"script":"<script> [1562 bytes]","args":[{"selector":{"controlType":"sap.m.ComboBox","viewName":"etm.portal.ui.managehandovers.view.DetailExecuteHO","bindingPath":{"propertyPath":"RECEIVING_SECTION","modelName":"catalogModel"},"interaction":{"idSuffix":"inner"}},"wdio_ui5_key":"etmportal.ui.managehandovers.view.DetailExecuteHOsap.m.ComboBox{\"propertyPath\":\"RECEIVING_SECTION\",\"modelName\":\"catalogModel\"}"}]}
RESULT: undefined
COMMAND: POST /session/fe219389c4a652ed804fe0697356972e/execute/async - {"script":"<script> [776 bytes]","args":[{"enterText":"WDIO-2236","selector":{"controlType":"sap.m.ComboBox","viewName":"etm.portal.ui.managehandovers.view.DetailExecuteHO","bindingPath":{"propertyPath":"RECEIVING_SECTION","modelName":"catalogModel"},"interaction":{"idSuffix":"inner"}},"clearTextFirst":true,"interactionType":"ENTER_TEXT"}]}
RESULT: {"script":"<script> [776 bytes]","args":[{"enterText":"WDIO-2236","selector":{"controlType":"sap.m.ComboBox","viewName":"etm.portal.ui.managehandovers.view.DetailExecuteHO","bindingPath":{"propertyPath":"RECEIVING_SECTION","modelName":"catalogModel"},"interaction":{"idSuffix":"inner"}},"clearTextFirst":true,"interactionType":"ENTER_TEXT"}]}
COMMAND: POST /session/fe219389c4a652ed804fe0697356972e/actions - {"actions":[{"id":"action71","type":"key","parameters":{},"actions":[{"type":"keyDown","value":""},{"type":"pause","duration":10},{"type":"keyUp","value":""}]}]}
RESULT: {"actions":[{"id":"action71","type":"key","parameters":{},"actions":[{"type":"keyDown","value":""},{"type":"pause","duration":10},{"type":"keyUp","value":""}]}]}
COMMAND: GET /session/fe219389c4a652ed804fe0697356972e/screenshot - {}
RESULT: {}
COMMAND: POST /session/fe219389c4a652ed804fe0697356972e/element - {"using":"xpath","value":"//button[@data-kt= \"execHoReceiveButton\"]"}
RESULT: {"using":"xpath","value":"//button[@data-kt= \"execHoReceiveButton\"]"}
COMMAND: POST /session/fe219389c4a652ed804fe0697356972e/element/f.AE569C338F7BE8C487FB69BDD94B5641.d.88BC8061B1ADE3993ECBBF80376880E2.e.23518/click - {}
RESULT: {}
COMMAND: GET /session/fe219389c4a652ed804fe0697356972e/screenshot - {}
RESULT: {}
COMMAND: POST /session/fe219389c4a652ed804fe0697356972e/execute/async - {"script":"<script> [1562 bytes]","args":[{"selector":{"controlType":"sap.m.Button","properties":{"text":"Continue"},"searchOpenDialogs":true,"interaction":{"idSuffix":"content"}},"wdio_ui5_key":"sapm.Button{\"text\":\"Continue\"}"}]}
RESULT: {"script":"<script> [1562 bytes]","args":[{"selector":{"controlType":"sap.m.Button","properties":{"text":"Continue"},"searchOpenDialogs":true,"interaction":{"idSuffix":"content"}},"wdio_ui5_key":"sapm.Button{\"text\":\"Continue\"}"}]}
RESULT: undefined
COMMAND: POST /session/fe219389c4a652ed804fe0697356972e/element - {"using":"xpath","value":"//*[@id=\"__mbox-btn-6\"]"}
RESULT: {"using":"xpath","value":"//*[@id=\"__mbox-btn-6\"]"}
COMMAND: POST /session/fe219389c4a652ed804fe0697356972e/element/f.AE569C338F7BE8C487FB69BDD94B5641.d.88BC8061B1ADE3993ECBBF80376880E2.e.23519/click - {}
RESULT: {}
COMMAND: GET /session/fe219389c4a652ed804fe0697356972e/screenshot - {}
RESULT: {}
COMMAND: POST /session/fe219389c4a652ed804fe0697356972e/element - {"using":"css selector","value":"#shell-header-logo"}
RESULT: {"using":"css selector","value":"#shell-header-logo"}
COMMAND: POST /session/fe219389c4a652ed804fe0697356972e/element/f.AE569C338F7BE8C487FB69BDD94B5641.d.88BC8061B1ADE3993ECBBF80376880E2.e.23194/click - {}
RESULT: {}
COMMAND: GET /session/fe219389c4a652ed804fe0697356972e/screenshot - {}
RESULT: {}
]]></system-out>
    </testcase>
    <testcase classname="chrome.136_0_7103_93.windows.Return_from_Site_w/_warehouse_management_w_clarification" name="Should test for Clarification" time="65.741">
      <system-out><![CDATA[
RESULT: undefined
COMMAND: POST /session/fe219389c4a652ed804fe0697356972e/element - {"using":"xpath","value":"//*[@id=\"__tile132\"]"}
RESULT: {"using":"xpath","value":"//*[@id=\"__tile132\"]"}
COMMAND: POST /session/fe219389c4a652ed804fe0697356972e/element/f.AE569C338F7BE8C487FB69BDD94B5641.d.88BC8061B1ADE3993ECBBF80376880E2.e.20451/click - {}
RESULT: {}
COMMAND: GET /session/fe219389c4a652ed804fe0697356972e/screenshot - {}
RESULT: {}
COMMAND: POST /session/fe219389c4a652ed804fe0697356972e/elements - {"using":"xpath","value":"//span[text()='Error']"}
RESULT: {"using":"xpath","value":"//span[text()='Error']"}
RESULT: undefined
COMMAND: POST /session/fe219389c4a652ed804fe0697356972e/execute/async - {"script":"<script> [776 bytes]","args":[{"enterText":"30823","selector":{"controlType":"sap.m.SearchField","viewName":"etm.portal.ui.managehandovers.view.MasterHO","bindingPath":{"propertyPath":"/_BASIC_SEARCH_FIELD","modelName":"fi1t3rM0d31"},"interaction":{"idSuffix":"I"}},"clearTextFirst":true,"interactionType":"ENTER_TEXT"}]}
RESULT: {"script":"<script> [776 bytes]","args":[{"enterText":"30823","selector":{"controlType":"sap.m.SearchField","viewName":"etm.portal.ui.managehandovers.view.MasterHO","bindingPath":{"propertyPath":"/_BASIC_SEARCH_FIELD","modelName":"fi1t3rM0d31"},"interaction":{"idSuffix":"I"}},"clearTextFirst":true,"interactionType":"ENTER_TEXT"}]}
COMMAND: POST /session/fe219389c4a652ed804fe0697356972e/actions - {"actions":[{"id":"action72","type":"key","parameters":{},"actions":[{"type":"keyDown","value":""},{"type":"pause","duration":10},{"type":"keyUp","value":""}]}]}
RESULT: {"actions":[{"id":"action72","type":"key","parameters":{},"actions":[{"type":"keyDown","value":""},{"type":"pause","duration":10},{"type":"keyUp","value":""}]}]}
COMMAND: GET /session/fe219389c4a652ed804fe0697356972e/screenshot - {}
RESULT: {}
COMMAND: POST /session/fe219389c4a652ed804fe0697356972e/element - {"using":"xpath","value":"//span[(text() = '30823' or . = '30823')]"}
RESULT: {"using":"xpath","value":"//span[(text() = '30823' or . = '30823')]"}
COMMAND: POST /session/fe219389c4a652ed804fe0697356972e/element/f.AE569C338F7BE8C487FB69BDD94B5641.d.88BC8061B1ADE3993ECBBF80376880E2.e.23692/click - {}
RESULT: {}
COMMAND: GET /session/fe219389c4a652ed804fe0697356972e/screenshot - {}
RESULT: {}
COMMAND: POST /session/fe219389c4a652ed804fe0697356972e/element - {"using":"xpath","value":"//span[contains(text(), \"Instructions\")]"}
RESULT: {"using":"xpath","value":"//span[contains(text(), \"Instructions\")]"}
COMMAND: POST /session/fe219389c4a652ed804fe0697356972e/element/f.AE569C338F7BE8C487FB69BDD94B5641.d.88BC8061B1ADE3993ECBBF80376880E2.e.23786/click - {}
RESULT: {}
COMMAND: GET /session/fe219389c4a652ed804fe0697356972e/screenshot - {}
RESULT: {}
COMMAND: POST /session/fe219389c4a652ed804fe0697356972e/element - {"using":"xpath","value":"//span[contains(text(), \"Instructions\")]"}
RESULT: {"using":"xpath","value":"//span[contains(text(), \"Instructions\")]"}
COMMAND: POST /session/fe219389c4a652ed804fe0697356972e/element/f.AE569C338F7BE8C487FB69BDD94B5641.d.88BC8061B1ADE3993ECBBF80376880E2.e.23786/click - {}
RESULT: {}
COMMAND: GET /session/fe219389c4a652ed804fe0697356972e/screenshot - {}
RESULT: {}
COMMAND: POST /session/fe219389c4a652ed804fe0697356972e/element - {"using":"xpath","value":"//button[.//bdi[text() = \"Receive\"]]"}
RESULT: {"using":"xpath","value":"//button[.//bdi[text() = \"Receive\"]]"}
COMMAND: POST /session/fe219389c4a652ed804fe0697356972e/element/f.AE569C338F7BE8C487FB69BDD94B5641.d.88BC8061B1ADE3993ECBBF80376880E2.e.23792/click - {}
RESULT: {}
COMMAND: GET /session/fe219389c4a652ed804fe0697356972e/screenshot - {}
RESULT: {}
COMMAND: POST /session/fe219389c4a652ed804fe0697356972e/element - {"using":"xpath","value":"//button[@data-kt= \"execHoReceiveRefuseButton\"]"}
RESULT: {"using":"xpath","value":"//button[@data-kt= \"execHoReceiveRefuseButton\"]"}
COMMAND: POST /session/fe219389c4a652ed804fe0697356972e/element/f.AE569C338F7BE8C487FB69BDD94B5641.d.88BC8061B1ADE3993ECBBF80376880E2.e.23795/click - {}
RESULT: {}
COMMAND: GET /session/fe219389c4a652ed804fe0697356972e/screenshot - {}
RESULT: {}
COMMAND: POST /session/fe219389c4a652ed804fe0697356972e/element - {"using":"css selector","value":"#shell-header-logo"}
RESULT: {"using":"css selector","value":"#shell-header-logo"}
COMMAND: POST /session/fe219389c4a652ed804fe0697356972e/element/f.AE569C338F7BE8C487FB69BDD94B5641.d.88BC8061B1ADE3993ECBBF80376880E2.e.23563/click - {}
RESULT: {}
COMMAND: GET /session/fe219389c4a652ed804fe0697356972e/screenshot - {}
RESULT: {}
]]></system-out>
    </testcase>
    <testcase classname="chrome.136_0_7103_93.windows.Return_from_Site_w/_warehouse_management_w_clarification" name="Should do a return to site from the contracts screen in one step" time="218.062">
      <system-out><![CDATA[
RESULT: undefined
COMMAND: POST /session/fe219389c4a652ed804fe0697356972e/element - {"using":"xpath","value":"//*[@id=\"__tile131\"]"}
RESULT: {"using":"xpath","value":"//*[@id=\"__tile131\"]"}
COMMAND: POST /session/fe219389c4a652ed804fe0697356972e/element/f.AE569C338F7BE8C487FB69BDD94B5641.d.88BC8061B1ADE3993ECBBF80376880E2.e.20382/click - {}
RESULT: {}
COMMAND: GET /session/fe219389c4a652ed804fe0697356972e/screenshot - {}
RESULT: {}
COMMAND: POST /session/fe219389c4a652ed804fe0697356972e/elements - {"using":"xpath","value":"//span[text()='Error']"}
RESULT: {"using":"xpath","value":"//span[text()='Error']"}
COMMAND: POST /session/fe219389c4a652ed804fe0697356972e/element - {"using":"xpath","value":"//button[@data-kt=\"addButton\"]"}
RESULT: {"using":"xpath","value":"//button[@data-kt=\"addButton\"]"}
COMMAND: POST /session/fe219389c4a652ed804fe0697356972e/elements - {"using":"xpath","value":"//button[@data-kt=\"addButton\"]"}
RESULT: {"using":"xpath","value":"//button[@data-kt=\"addButton\"]"}
COMMAND: POST /session/fe219389c4a652ed804fe0697356972e/execute/sync - {"script":"<script> [8489 bytes]","args":[{"element-6066-11e4-a52e-4f735466cecf":"f.AE569C338F7BE8C487FB69BDD94B5641.d.88BC8061B1ADE3993ECBBF80376880E2.e.23886","ELEMENT":"f.AE569C338F7BE8C487FB69BDD94B5641.d.88BC8061B1ADE3993ECBBF80376880E2.e.23886"}]}
RESULT: {"script":"<script> [8489 bytes]","args":[{"element-6066-11e4-a52e-4f735466cecf":"f.AE569C338F7BE8C487FB69BDD94B5641.d.88BC8061B1ADE3993ECBBF80376880E2.e.23886","ELEMENT":"f.AE569C338F7BE8C487FB69BDD94B5641.d.88BC8061B1ADE3993ECBBF80376880E2.e.23886"}]}
COMMAND: GET /session/fe219389c4a652ed804fe0697356972e/element/f.AE569C338F7BE8C487FB69BDD94B5641.d.88BC8061B1ADE3993ECBBF80376880E2.e.23886/enabled - {}
COMMAND: GET /session/fe219389c4a652ed804fe0697356972e/screenshot - {}
RESULT: {}
COMMAND: POST /session/fe219389c4a652ed804fe0697356972e/execute/sync - {"script":"<script> [8489 bytes]","args":[{"element-6066-11e4-a52e-4f735466cecf":"f.AE569C338F7BE8C487FB69BDD94B5641.d.88BC8061B1ADE3993ECBBF80376880E2.e.23886","ELEMENT":"f.AE569C338F7BE8C487FB69BDD94B5641.d.88BC8061B1ADE3993ECBBF80376880E2.e.23886"}]}
COMMAND: GET /session/fe219389c4a652ed804fe0697356972e/screenshot - {}
RESULT: {}
RESULT: {"script":"<script> [8489 bytes]","args":[{"element-6066-11e4-a52e-4f735466cecf":"f.AE569C338F7BE8C487FB69BDD94B5641.d.88BC8061B1ADE3993ECBBF80376880E2.e.23886","ELEMENT":"f.AE569C338F7BE8C487FB69BDD94B5641.d.88BC8061B1ADE3993ECBBF80376880E2.e.23886"}]}
COMMAND: POST /session/fe219389c4a652ed804fe0697356972e/execute/sync - {"script":"<script> [5351 bytes]","args":[{"element-6066-11e4-a52e-4f735466cecf":"f.AE569C338F7BE8C487FB69BDD94B5641.d.88BC8061B1ADE3993ECBBF80376880E2.e.23886","ELEMENT":"f.AE569C338F7BE8C487FB69BDD94B5641.d.88BC8061B1ADE3993ECBBF80376880E2.e.23886"}]}
COMMAND: GET /session/fe219389c4a652ed804fe0697356972e/screenshot - {}
RESULT: {}
RESULT: {"script":"<script> [5351 bytes]","args":[{"element-6066-11e4-a52e-4f735466cecf":"f.AE569C338F7BE8C487FB69BDD94B5641.d.88BC8061B1ADE3993ECBBF80376880E2.e.23886","ELEMENT":"f.AE569C338F7BE8C487FB69BDD94B5641.d.88BC8061B1ADE3993ECBBF80376880E2.e.23886"}]}
COMMAND: GET /session/fe219389c4a652ed804fe0697356972e/screenshot - {}
RESULT: {}
RESULT: {}
COMMAND: POST /session/fe219389c4a652ed804fe0697356972e/element - {"using":"xpath","value":"//input[contains(@id ,\"smartContractFilterBar-btnBasicSearch-I\")]"}
RESULT: {"using":"xpath","value":"//input[contains(@id ,\"smartContractFilterBar-btnBasicSearch-I\")]"}
COMMAND: POST /session/fe219389c4a652ed804fe0697356972e/elements - {"using":"xpath","value":"//input[contains(@id ,\"smartContractFilterBar-btnBasicSearch-I\")]"}
RESULT: {"using":"xpath","value":"//input[contains(@id ,\"smartContractFilterBar-btnBasicSearch-I\")]"}
COMMAND: POST /session/fe219389c4a652ed804fe0697356972e/execute/sync - {"script":"<script> [8489 bytes]","args":[{"element-6066-11e4-a52e-4f735466cecf":"f.AE569C338F7BE8C487FB69BDD94B5641.d.88BC8061B1ADE3993ECBBF80376880E2.e.23848","ELEMENT":"f.AE569C338F7BE8C487FB69BDD94B5641.d.88BC8061B1ADE3993ECBBF80376880E2.e.23848"}]}
RESULT: {"script":"<script> [8489 bytes]","args":[{"element-6066-11e4-a52e-4f735466cecf":"f.AE569C338F7BE8C487FB69BDD94B5641.d.88BC8061B1ADE3993ECBBF80376880E2.e.23848","ELEMENT":"f.AE569C338F7BE8C487FB69BDD94B5641.d.88BC8061B1ADE3993ECBBF80376880E2.e.23848"}]}
COMMAND: GET /session/fe219389c4a652ed804fe0697356972e/element/f.AE569C338F7BE8C487FB69BDD94B5641.d.88BC8061B1ADE3993ECBBF80376880E2.e.23848/enabled - {}
COMMAND: GET /session/fe219389c4a652ed804fe0697356972e/screenshot - {}
RESULT: {}
COMMAND: POST /session/fe219389c4a652ed804fe0697356972e/element/f.AE569C338F7BE8C487FB69BDD94B5641.d.88BC8061B1ADE3993ECBBF80376880E2.e.23848/clear - {}
COMMAND: GET /session/fe219389c4a652ed804fe0697356972e/screenshot - {}
RESULT: {}
RESULT: {}
COMMAND: POST /session/fe219389c4a652ed804fe0697356972e/element/f.AE569C338F7BE8C487FB69BDD94B5641.d.88BC8061B1ADE3993ECBBF80376880E2.e.23848/value - {"text":"10379"}
COMMAND: GET /session/fe219389c4a652ed804fe0697356972e/screenshot - {}
RESULT: {}
RESULT: {"text":"10379"}
COMMAND: GET /session/fe219389c4a652ed804fe0697356972e/screenshot - {}
RESULT: {}
RESULT: {}
COMMAND: POST /session/fe219389c4a652ed804fe0697356972e/actions - {"actions":[{"id":"action73","type":"key","parameters":{},"actions":[{"type":"keyDown","value":""},{"type":"pause","duration":10},{"type":"keyUp","value":""}]}]}
RESULT: {"actions":[{"id":"action73","type":"key","parameters":{},"actions":[{"type":"keyDown","value":""},{"type":"pause","duration":10},{"type":"keyUp","value":""}]}]}
COMMAND: GET /session/fe219389c4a652ed804fe0697356972e/screenshot - {}
RESULT: {}
COMMAND: POST /session/fe219389c4a652ed804fe0697356972e/element - {"using":"xpath","value":"//span[contains(@id, \"masterListContractsSmartTable-header-inner\")]"}
RESULT: {"using":"xpath","value":"//span[contains(@id, \"masterListContractsSmartTable-header-inner\")]"}
COMMAND: POST /session/fe219389c4a652ed804fe0697356972e/elements - {"using":"xpath","value":"//span[contains(@id, \"masterListContractsSmartTable-header-inner\")]"}
RESULT: {"using":"xpath","value":"//span[contains(@id, \"masterListContractsSmartTable-header-inner\")]"}
COMMAND: POST /session/fe219389c4a652ed804fe0697356972e/execute/sync - {"script":"<script> [56 bytes]","args":[{"element-6066-11e4-a52e-4f735466cecf":"f.AE569C338F7BE8C487FB69BDD94B5641.d.88BC8061B1ADE3993ECBBF80376880E2.e.23951","ELEMENT":"f.AE569C338F7BE8C487FB69BDD94B5641.d.88BC8061B1ADE3993ECBBF80376880E2.e.23951"}]}
RESULT: {"script":"<script> [56 bytes]","args":[{"element-6066-11e4-a52e-4f735466cecf":"f.AE569C338F7BE8C487FB69BDD94B5641.d.88BC8061B1ADE3993ECBBF80376880E2.e.23951","ELEMENT":"f.AE569C338F7BE8C487FB69BDD94B5641.d.88BC8061B1ADE3993ECBBF80376880E2.e.23951"}]}
COMMAND: POST /session/fe219389c4a652ed804fe0697356972e/element - {"using":"xpath","value":"(//span[contains(@id, \"imgNav\")])[1]"}
COMMAND: GET /session/fe219389c4a652ed804fe0697356972e/screenshot - {}
RESULT: {"using":"xpath","value":"(//span[contains(@id, \"imgNav\")])[1]"}
COMMAND: POST /session/fe219389c4a652ed804fe0697356972e/element/f.AE569C338F7BE8C487FB69BDD94B5641.d.88BC8061B1ADE3993ECBBF80376880E2.e.23949/click - {}
RESULT: {}
RESULT: {}
COMMAND: GET /session/fe219389c4a652ed804fe0697356972e/screenshot - {}
RESULT: {}
COMMAND: POST /session/fe219389c4a652ed804fe0697356972e/element - {"using":"xpath","value":"//button[contains(@id, \"contractDetailReturnButton\")]"}
RESULT: {"using":"xpath","value":"//button[contains(@id, \"contractDetailReturnButton\")]"}
COMMAND: POST /session/fe219389c4a652ed804fe0697356972e/element/f.AE569C338F7BE8C487FB69BDD94B5641.d.88BC8061B1ADE3993ECBBF80376880E2.e.24028/click - {}
RESULT: {}
COMMAND: GET /session/fe219389c4a652ed804fe0697356972e/screenshot - {}
RESULT: undefined
COMMAND: POST /session/fe219389c4a652ed804fe0697356972e/execute/async - {"script":"<script> [6424 bytes]","args":[{"element-6066-11e4-a52e-4f735466cecf":"f.AE569C338F7BE8C487FB69BDD94B5641.d.88BC8061B1ADE3993ECBBF80376880E2.e.21481"},"setValue",["05/29/25"]]}
RESULT: {}
COMMAND: POST /session/fe219389c4a652ed804fe0697356972e/execute/async - {"script":"<script> [1562 bytes]","args":[{"selector":{"id":"application-managehandovers-display-component---AddNewHO--dueDate","interaction":{"idSuffix":"inner"}},"wdio_ui5_key":"applicationmanagehandovers-display-component---AddNewHO--dueDate"}]}
RESULT: {"script":"<script> [1562 bytes]","args":[{"selector":{"id":"application-managehandovers-display-component---AddNewHO--dueDate","interaction":{"idSuffix":"inner"}},"wdio_ui5_key":"applicationmanagehandovers-display-component---AddNewHO--dueDate"}]}
COMMAND: POST /session/fe219389c4a652ed804fe0697356972e/execute/async - {"script":"<script> [6424 bytes]","args":[{"element-6066-11e4-a52e-4f735466cecf":"f.AE569C338F7BE8C487FB69BDD94B5641.d.88BC8061B1ADE3993ECBBF80376880E2.e.24174"},"setValue",["05/29/25"]]}
RESULT: {"script":"<script> [6424 bytes]","args":[{"element-6066-11e4-a52e-4f735466cecf":"f.AE569C338F7BE8C487FB69BDD94B5641.d.88BC8061B1ADE3993ECBBF80376880E2.e.24174"},"setValue",["05/29/25"]]}
COMMAND: POST /session/fe219389c4a652ed804fe0697356972e/element - {"using":"xpath","value":"//bdi[contains(text(), \"Instructions\")]"}
RESULT: {"using":"xpath","value":"//bdi[contains(text(), \"Instructions\")]"}
COMMAND: POST /session/fe219389c4a652ed804fe0697356972e/element/f.AE569C338F7BE8C487FB69BDD94B5641.d.88BC8061B1ADE3993ECBBF80376880E2.e.24421/click - {}
RESULT: {}
COMMAND: GET /session/fe219389c4a652ed804fe0697356972e/screenshot - {}
RESULT: {}
COMMAND: POST /session/fe219389c4a652ed804fe0697356972e/element - {"using":"xpath","value":"//button[@data-kt=\"AddNewHOProvideAddItemsButton\"]"}
RESULT: {"using":"xpath","value":"//button[@data-kt=\"AddNewHOProvideAddItemsButton\"]"}
COMMAND: POST /session/fe219389c4a652ed804fe0697356972e/element/f.AE569C338F7BE8C487FB69BDD94B5641.d.88BC8061B1ADE3993ECBBF80376880E2.e.24243/click - {}
RESULT: {}
COMMAND: GET /session/fe219389c4a652ed804fe0697356972e/screenshot - {}
RESULT: {}
RESULT: undefined
COMMAND: POST /session/fe219389c4a652ed804fe0697356972e/element - {"using":"xpath","value":"//*[@id=\"application-managehandovers-display-component---AddNewHO--popup-sa\"]"}
RESULT: {"using":"xpath","value":"//*[@id=\"application-managehandovers-display-component---AddNewHO--popup-sa\"]"}
COMMAND: POST /session/fe219389c4a652ed804fe0697356972e/element/f.AE569C338F7BE8C487FB69BDD94B5641.d.88BC8061B1ADE3993ECBBF80376880E2.e.24439/click - {}
RESULT: {}
COMMAND: GET /session/fe219389c4a652ed804fe0697356972e/screenshot - {}
RESULT: {}
COMMAND: POST /session/fe219389c4a652ed804fe0697356972e/element - {"using":"xpath","value":"//*[contains(@id ,\"BDI-content\")][contains(text(), \"Select\")]"}
RESULT: {"using":"xpath","value":"//*[contains(@id ,\"BDI-content\")][contains(text(), \"Select\")]"}
COMMAND: POST /session/fe219389c4a652ed804fe0697356972e/element/f.AE569C338F7BE8C487FB69BDD94B5641.d.88BC8061B1ADE3993ECBBF80376880E2.e.24441/click - {}
RESULT: {}
COMMAND: GET /session/fe219389c4a652ed804fe0697356972e/screenshot - {}
RESULT: {}
COMMAND: POST /session/fe219389c4a652ed804fe0697356972e/element - {"using":"xpath","value":"//bdi[(text() = 'Save' or . = 'Save')]"}
RESULT: {"using":"xpath","value":"//bdi[(text() = 'Save' or . = 'Save')]"}
COMMAND: POST /session/fe219389c4a652ed804fe0697356972e/element/f.AE569C338F7BE8C487FB69BDD94B5641.d.88BC8061B1ADE3993ECBBF80376880E2.e.24449/click - {}
RESULT: {}
COMMAND: GET /session/fe219389c4a652ed804fe0697356972e/screenshot - {}
RESULT: {}
COMMAND: POST /session/fe219389c4a652ed804fe0697356972e/element - {"using":"xpath","value":"//a[@data-kt=\"execHoWhMovementLink\"]"}
RESULT: {"using":"xpath","value":"//a[@data-kt=\"execHoWhMovementLink\"]"}
COMMAND: POST /session/fe219389c4a652ed804fe0697356972e/element/f.AE569C338F7BE8C487FB69BDD94B5641.d.88BC8061B1ADE3993ECBBF80376880E2.e.24484/click - {}
RESULT: {}
COMMAND: GET /session/fe219389c4a652ed804fe0697356972e/screenshot - {}
RESULT: {}
COMMAND: POST /session/fe219389c4a652ed804fe0697356972e/element - {"using":"xpath","value":"(//div[contains(@class, \"sapMPopover\") and .//div[contains(@style, \"display: block\")]])[last()]//a"}
RESULT: {"using":"xpath","value":"(//div[contains(@class, \"sapMPopover\") and .//div[contains(@style, \"display: block\")]])[last()]//a"}
COMMAND: POST /session/fe219389c4a652ed804fe0697356972e/element/f.AE569C338F7BE8C487FB69BDD94B5641.d.88BC8061B1ADE3993ECBBF80376880E2.e.24488/click - {}
RESULT: {}
COMMAND: GET /session/fe219389c4a652ed804fe0697356972e/screenshot - {}
COMMAND: POST /session/fe219389c4a652ed804fe0697356972e/element - {"using":"xpath","value":"//button[@data-kt=\"executionButton\"]"}
RESULT: {}
RESULT: {"using":"xpath","value":"//button[@data-kt=\"executionButton\"]"}
COMMAND: POST /session/fe219389c4a652ed804fe0697356972e/element/f.AE569C338F7BE8C487FB69BDD94B5641.d.88BC8061B1ADE3993ECBBF80376880E2.e.24620/click - {}
RESULT: {}
COMMAND: GET /session/fe219389c4a652ed804fe0697356972e/screenshot - {}
RESULT: {}
COMMAND: POST /session/fe219389c4a652ed804fe0697356972e/element - {"using":"xpath","value":"//button[contains(@id,\"executeMovement--itemsSection-anchor\")]"}
RESULT: {"using":"xpath","value":"//button[contains(@id,\"executeMovement--itemsSection-anchor\")]"}
COMMAND: POST /session/fe219389c4a652ed804fe0697356972e/element/f.AE569C338F7BE8C487FB69BDD94B5641.d.88BC8061B1ADE3993ECBBF80376880E2.e.24702/click - {}
RESULT: {}
COMMAND: GET /session/fe219389c4a652ed804fe0697356972e/screenshot - {}
RESULT: {}
COMMAND: POST /session/fe219389c4a652ed804fe0697356972e/element - {"using":"xpath","value":"//table[contains(@id,\"executeMovement--movementItemsTbl-listUl\")]/tbody/tr[1]/td[2]/button"}
RESULT: {"using":"xpath","value":"//table[contains(@id,\"executeMovement--movementItemsTbl-listUl\")]/tbody/tr[1]/td[2]/button"}
COMMAND: POST /session/fe219389c4a652ed804fe0697356972e/element/f.AE569C338F7BE8C487FB69BDD94B5641.d.88BC8061B1ADE3993ECBBF80376880E2.e.24708/click - {}
RESULT: {}
COMMAND: GET /session/fe219389c4a652ed804fe0697356972e/screenshot - {}
RESULT: {}
COMMAND: POST /session/fe219389c4a652ed804fe0697356972e/element - {"using":"xpath","value":"//table[contains(@id,\"executeMovement--movementItemsTbl-listUl\")]/tbody/tr[1]/td[2]/button"}
RESULT: {"using":"xpath","value":"//table[contains(@id,\"executeMovement--movementItemsTbl-listUl\")]/tbody/tr[1]/td[2]/button"}
COMMAND: POST /session/fe219389c4a652ed804fe0697356972e/element/f.AE569C338F7BE8C487FB69BDD94B5641.d.88BC8061B1ADE3993ECBBF80376880E2.e.24708/click - {}
RESULT: {}
COMMAND: GET /session/fe219389c4a652ed804fe0697356972e/screenshot - {}
RESULT: {}
COMMAND: POST /session/fe219389c4a652ed804fe0697356972e/element - {"using":"xpath","value":"//section[contains(@id,\"FC-NoHead\")]/div[1]/div[5]/div[2]/span"}
RESULT: {"using":"xpath","value":"//section[contains(@id,\"FC-NoHead\")]/div[1]/div[5]/div[2]/span"}
COMMAND: POST /session/fe219389c4a652ed804fe0697356972e/elements - {"using":"xpath","value":"//section[contains(@id,\"FC-NoHead\")]/div[1]/div[5]/div[2]/span"}
RESULT: {"using":"xpath","value":"//section[contains(@id,\"FC-NoHead\")]/div[1]/div[5]/div[2]/span"}
COMMAND: POST /session/fe219389c4a652ed804fe0697356972e/execute/sync - {"script":"<script> [56 bytes]","args":[{"element-6066-11e4-a52e-4f735466cecf":"f.AE569C338F7BE8C487FB69BDD94B5641.d.88BC8061B1ADE3993ECBBF80376880E2.e.24710","ELEMENT":"f.AE569C338F7BE8C487FB69BDD94B5641.d.88BC8061B1ADE3993ECBBF80376880E2.e.24710"}]}
RESULT: {"script":"<script> [56 bytes]","args":[{"element-6066-11e4-a52e-4f735466cecf":"f.AE569C338F7BE8C487FB69BDD94B5641.d.88BC8061B1ADE3993ECBBF80376880E2.e.24710","ELEMENT":"f.AE569C338F7BE8C487FB69BDD94B5641.d.88BC8061B1ADE3993ECBBF80376880E2.e.24710"}]}
COMMAND: POST /session/fe219389c4a652ed804fe0697356972e/actions - {"actions":[{"id":"action74","type":"key","parameters":{},"actions":[{"type":"keyDown","value":""},{"type":"pause","duration":10},{"type":"keyUp","value":""}]}]}
COMMAND: GET /session/fe219389c4a652ed804fe0697356972e/screenshot - {}
RESULT: {"actions":[{"id":"action74","type":"key","parameters":{},"actions":[{"type":"keyDown","value":""},{"type":"pause","duration":10},{"type":"keyUp","value":""}]}]}
COMMAND: POST /session/fe219389c4a652ed804fe0697356972e/element - {"using":"xpath","value":"//button[contains(@id,\"executeMovement--executeId\")]"}
COMMAND: GET /session/fe219389c4a652ed804fe0697356972e/screenshot - {}
RESULT: {}
RESULT: {"using":"xpath","value":"//button[contains(@id,\"executeMovement--executeId\")]"}
COMMAND: POST /session/fe219389c4a652ed804fe0697356972e/element/f.AE569C338F7BE8C487FB69BDD94B5641.d.88BC8061B1ADE3993ECBBF80376880E2.e.24696/click - {}
RESULT: {}
RESULT: {}
COMMAND: GET /session/fe219389c4a652ed804fe0697356972e/screenshot - {}
RESULT: {}
COMMAND: POST /session/fe219389c4a652ed804fe0697356972e/element - {"using":"css selector","value":"#shell-header-logo"}
RESULT: {"using":"css selector","value":"#shell-header-logo"}
COMMAND: POST /session/fe219389c4a652ed804fe0697356972e/element/f.AE569C338F7BE8C487FB69BDD94B5641.d.88BC8061B1ADE3993ECBBF80376880E2.e.23839/click - {}
RESULT: {}
COMMAND: GET /session/fe219389c4a652ed804fe0697356972e/screenshot - {}
RESULT: {}
RESULT: undefined
COMMAND: POST /session/fe219389c4a652ed804fe0697356972e/element - {"using":"xpath","value":"//*[@id=\"__tile132\"]"}
RESULT: {"using":"xpath","value":"//*[@id=\"__tile132\"]"}
COMMAND: POST /session/fe219389c4a652ed804fe0697356972e/element/f.AE569C338F7BE8C487FB69BDD94B5641.d.88BC8061B1ADE3993ECBBF80376880E2.e.20451/click - {}
RESULT: {}
COMMAND: GET /session/fe219389c4a652ed804fe0697356972e/screenshot - {}
RESULT: {}
COMMAND: POST /session/fe219389c4a652ed804fe0697356972e/elements - {"using":"xpath","value":"//span[text()='Error']"}
RESULT: {"using":"xpath","value":"//span[text()='Error']"}
RESULT: undefined
COMMAND: POST /session/fe219389c4a652ed804fe0697356972e/execute/async - {"script":"<script> [776 bytes]","args":[{"enterText":"30824","selector":{"controlType":"sap.m.SearchField","viewName":"etm.portal.ui.managehandovers.view.MasterHO","bindingPath":{"propertyPath":"/_BASIC_SEARCH_FIELD","modelName":"fi1t3rM0d31"},"interaction":{"idSuffix":"I"}},"clearTextFirst":true,"interactionType":"ENTER_TEXT"}]}
RESULT: {"script":"<script> [776 bytes]","args":[{"enterText":"30824","selector":{"controlType":"sap.m.SearchField","viewName":"etm.portal.ui.managehandovers.view.MasterHO","bindingPath":{"propertyPath":"/_BASIC_SEARCH_FIELD","modelName":"fi1t3rM0d31"},"interaction":{"idSuffix":"I"}},"clearTextFirst":true,"interactionType":"ENTER_TEXT"}]}
COMMAND: POST /session/fe219389c4a652ed804fe0697356972e/actions - {"actions":[{"id":"action75","type":"key","parameters":{},"actions":[{"type":"keyDown","value":""},{"type":"pause","duration":10},{"type":"keyUp","value":""}]}]}
RESULT: {"actions":[{"id":"action75","type":"key","parameters":{},"actions":[{"type":"keyDown","value":""},{"type":"pause","duration":10},{"type":"keyUp","value":""}]}]}
COMMAND: GET /session/fe219389c4a652ed804fe0697356972e/screenshot - {}
RESULT: {}
COMMAND: POST /session/fe219389c4a652ed804fe0697356972e/element - {"using":"xpath","value":"(//span[contains(@id, \"imgNav\")])[1]"}
RESULT: {"using":"xpath","value":"(//span[contains(@id, \"imgNav\")])[1]"}
COMMAND: POST /session/fe219389c4a652ed804fe0697356972e/element/f.AE569C338F7BE8C487FB69BDD94B5641.d.88BC8061B1ADE3993ECBBF80376880E2.e.25035/click - {}
RESULT: {}
COMMAND: GET /session/fe219389c4a652ed804fe0697356972e/screenshot - {}
RESULT: {}
COMMAND: POST /session/fe219389c4a652ed804fe0697356972e/element - {"using":"xpath","value":"//button[@data-kt=\"IssuingTableConfirmAllButton\"]"}
RESULT: {"using":"xpath","value":"//button[@data-kt=\"IssuingTableConfirmAllButton\"]"}
COMMAND: POST /session/fe219389c4a652ed804fe0697356972e/element/f.AE569C338F7BE8C487FB69BDD94B5641.d.88BC8061B1ADE3993ECBBF80376880E2.e.25132/click - {}
RESULT: {}
COMMAND: GET /session/fe219389c4a652ed804fe0697356972e/screenshot - {}
RESULT: {}
COMMAND: POST /session/fe219389c4a652ed804fe0697356972e/element - {"using":"xpath","value":"//bdi[contains(text(), \"OK\")]"}
RESULT: {"using":"xpath","value":"//bdi[contains(text(), \"OK\")]"}
COMMAND: POST /session/fe219389c4a652ed804fe0697356972e/element/f.AE569C338F7BE8C487FB69BDD94B5641.d.88BC8061B1ADE3993ECBBF80376880E2.e.25141/click - {}
RESULT: {}
COMMAND: GET /session/fe219389c4a652ed804fe0697356972e/screenshot - {}
RESULT: {}
COMMAND: POST /session/fe219389c4a652ed804fe0697356972e/element - {"using":"xpath","value":"//button[@data-kt=\"execHoIssueButton\"]"}
RESULT: {"using":"xpath","value":"//button[@data-kt=\"execHoIssueButton\"]"}
COMMAND: POST /session/fe219389c4a652ed804fe0697356972e/element/f.AE569C338F7BE8C487FB69BDD94B5641.d.88BC8061B1ADE3993ECBBF80376880E2.e.25142/click - {}
RESULT: {}
COMMAND: GET /session/fe219389c4a652ed804fe0697356972e/screenshot - {}
RESULT: {}
RESULT: undefined
COMMAND: POST /session/fe219389c4a652ed804fe0697356972e/execute/async - {"script":"<script> [776 bytes]","args":[{"enterText":"30824","selector":{"controlType":"sap.m.SearchField","viewName":"etm.portal.ui.managehandovers.view.MasterHO","bindingPath":{"propertyPath":"/_BASIC_SEARCH_FIELD","modelName":"fi1t3rM0d31"},"interaction":{"idSuffix":"I"}},"clearTextFirst":true,"interactionType":"ENTER_TEXT"}]}
RESULT: {"script":"<script> [776 bytes]","args":[{"enterText":"30824","selector":{"controlType":"sap.m.SearchField","viewName":"etm.portal.ui.managehandovers.view.MasterHO","bindingPath":{"propertyPath":"/_BASIC_SEARCH_FIELD","modelName":"fi1t3rM0d31"},"interaction":{"idSuffix":"I"}},"clearTextFirst":true,"interactionType":"ENTER_TEXT"}]}
COMMAND: POST /session/fe219389c4a652ed804fe0697356972e/actions - {"actions":[{"id":"action76","type":"key","parameters":{},"actions":[{"type":"keyDown","value":""},{"type":"pause","duration":10},{"type":"keyUp","value":""}]}]}
RESULT: {"actions":[{"id":"action76","type":"key","parameters":{},"actions":[{"type":"keyDown","value":""},{"type":"pause","duration":10},{"type":"keyUp","value":""}]}]}
COMMAND: GET /session/fe219389c4a652ed804fe0697356972e/screenshot - {}
RESULT: {}
COMMAND: POST /session/fe219389c4a652ed804fe0697356972e/element - {"using":"xpath","value":"(//span[contains(@id, \"imgNav\")])[1]"}
RESULT: {"using":"xpath","value":"(//span[contains(@id, \"imgNav\")])[1]"}
COMMAND: POST /session/fe219389c4a652ed804fe0697356972e/element/f.AE569C338F7BE8C487FB69BDD94B5641.d.88BC8061B1ADE3993ECBBF80376880E2.e.25187/click - {}
RESULT: {}
COMMAND: GET /session/fe219389c4a652ed804fe0697356972e/screenshot - {}
RESULT: {}
COMMAND: POST /session/fe219389c4a652ed804fe0697356972e/execute/async - {"script":"<script> [1562 bytes]","args":[{"selector":{"id":"application-managehandovers-display-component---detailManageHO--completedItemsTableTitle"},"wdio_ui5_key":"applicationmanagehandovers-display-component---detailManageHO--completedItemsTableTitle"}]}
RESULT: {"script":"<script> [1562 bytes]","args":[{"selector":{"id":"application-managehandovers-display-component---detailManageHO--completedItemsTableTitle"},"wdio_ui5_key":"applicationmanagehandovers-display-component---detailManageHO--completedItemsTableTitle"}]}
RESULT: undefined
COMMAND: POST /session/fe219389c4a652ed804fe0697356972e/execute/async - {"script":"<script> [6424 bytes]","args":[{"element-6066-11e4-a52e-4f735466cecf":"f.AE569C338F7BE8C487FB69BDD94B5641.d.88BC8061B1ADE3993ECBBF80376880E2.e.25225"},"getText",[]]}
RESULT: {"script":"<script> [6424 bytes]","args":[{"element-6066-11e4-a52e-4f735466cecf":"f.AE569C338F7BE8C487FB69BDD94B5641.d.88BC8061B1ADE3993ECBBF80376880E2.e.25225"},"getText",[]]}
COMMAND: POST /session/fe219389c4a652ed804fe0697356972e/element - {"using":"xpath","value":"//div[contains(@id, \"detailManageHO--headerContentForm--FC-NoHead-content\")]/div[4]/div[2]/div/span"}
RESULT: {"using":"xpath","value":"//div[contains(@id, \"detailManageHO--headerContentForm--FC-NoHead-content\")]/div[4]/div[2]/div/span"}
COMMAND: POST /session/fe219389c4a652ed804fe0697356972e/execute/sync - {"script":"<script> [56 bytes]","args":[{"element-6066-11e4-a52e-4f735466cecf":"f.AE569C338F7BE8C487FB69BDD94B5641.d.88BC8061B1ADE3993ECBBF80376880E2.e.25226","ELEMENT":"f.AE569C338F7BE8C487FB69BDD94B5641.d.88BC8061B1ADE3993ECBBF80376880E2.e.25226"}]}
RESULT: {"script":"<script> [56 bytes]","args":[{"element-6066-11e4-a52e-4f735466cecf":"f.AE569C338F7BE8C487FB69BDD94B5641.d.88BC8061B1ADE3993ECBBF80376880E2.e.25226","ELEMENT":"f.AE569C338F7BE8C487FB69BDD94B5641.d.88BC8061B1ADE3993ECBBF80376880E2.e.25226"}]}
COMMAND: GET /session/fe219389c4a652ed804fe0697356972e/screenshot - {}
RESULT: {}
COMMAND: POST /session/fe219389c4a652ed804fe0697356972e/element - {"using":"css selector","value":"#shell-header-logo"}
RESULT: {"using":"css selector","value":"#shell-header-logo"}
COMMAND: POST /session/fe219389c4a652ed804fe0697356972e/element/f.AE569C338F7BE8C487FB69BDD94B5641.d.88BC8061B1ADE3993ECBBF80376880E2.e.24775/click - {}
RESULT: {}
COMMAND: GET /session/fe219389c4a652ed804fe0697356972e/screenshot - {}
RESULT: {}
COMMAND: POST /session/fe219389c4a652ed804fe0697356972e/element - {"using":"css selector","value":"#j_username"}
COMMAND: POST /session/fe219389c4a652ed804fe0697356972e/url - {"url":"https://qa-testing-00-live-etm-ui.cfapps.eu10-004.hana.ondemand.com/"}
RESULT: {"using":"css selector","value":"#j_username"}
COMMAND: POST /session/fe219389c4a652ed804fe0697356972e/element - {"using":"css selector","value":"#j_username"}
RESULT: {"url":"https://qa-testing-00-live-etm-ui.cfapps.eu10-004.hana.ondemand.com/"}
RESULT: undefined
COMMAND: GET /session/fe219389c4a652ed804fe0697356972e/screenshot - {}
RESULT: {"using":"css selector","value":"#j_username"}
COMMAND: POST /session/fe219389c4a652ed804fe0697356972e/element - {"using":"css selector","value":"#shell-header-logo"}
RESULT: {}
RESULT: {"using":"css selector","value":"#shell-header-logo"}
COMMAND: POST /session/fe219389c4a652ed804fe0697356972e/execute/sync - {"script":"<script> [8489 bytes]","args":[{"element-6066-11e4-a52e-4f735466cecf":"f.AE569C338F7BE8C487FB69BDD94B5641.d.50EA2AD1ABB1898340B71A965A2F20F2.e.25243","ELEMENT":"f.AE569C338F7BE8C487FB69BDD94B5641.d.50EA2AD1ABB1898340B71A965A2F20F2.e.25243"}]}
RESULT: {"script":"<script> [8489 bytes]","args":[{"element-6066-11e4-a52e-4f735466cecf":"f.AE569C338F7BE8C487FB69BDD94B5641.d.50EA2AD1ABB1898340B71A965A2F20F2.e.25243","ELEMENT":"f.AE569C338F7BE8C487FB69BDD94B5641.d.50EA2AD1ABB1898340B71A965A2F20F2.e.25243"}]}
COMMAND: POST /session/fe219389c4a652ed804fe0697356972e/element - {"using":"css selector","value":"#shell-header-logo"}
COMMAND: GET /session/fe219389c4a652ed804fe0697356972e/screenshot - {}
RESULT: {"using":"css selector","value":"#shell-header-logo"}
COMMAND: POST /session/fe219389c4a652ed804fe0697356972e/execute/sync - {"script":"<script> [8489 bytes]","args":[{"element-6066-11e4-a52e-4f735466cecf":"f.AE569C338F7BE8C487FB69BDD94B5641.d.50EA2AD1ABB1898340B71A965A2F20F2.e.25243","ELEMENT":"f.AE569C338F7BE8C487FB69BDD94B5641.d.50EA2AD1ABB1898340B71A965A2F20F2.e.25243"}]}
RESULT: {}
RESULT: {"script":"<script> [8489 bytes]","args":[{"element-6066-11e4-a52e-4f735466cecf":"f.AE569C338F7BE8C487FB69BDD94B5641.d.50EA2AD1ABB1898340B71A965A2F20F2.e.25243","ELEMENT":"f.AE569C338F7BE8C487FB69BDD94B5641.d.50EA2AD1ABB1898340B71A965A2F20F2.e.25243"}]}
COMMAND: POST /session/fe219389c4a652ed804fe0697356972e/execute/sync - {"script":"<script> [5351 bytes]","args":[{"element-6066-11e4-a52e-4f735466cecf":"f.AE569C338F7BE8C487FB69BDD94B5641.d.50EA2AD1ABB1898340B71A965A2F20F2.e.25243","ELEMENT":"f.AE569C338F7BE8C487FB69BDD94B5641.d.50EA2AD1ABB1898340B71A965A2F20F2.e.25243"}]}
COMMAND: GET /session/fe219389c4a652ed804fe0697356972e/screenshot - {}
RESULT: {"script":"<script> [5351 bytes]","args":[{"element-6066-11e4-a52e-4f735466cecf":"f.AE569C338F7BE8C487FB69BDD94B5641.d.50EA2AD1ABB1898340B71A965A2F20F2.e.25243","ELEMENT":"f.AE569C338F7BE8C487FB69BDD94B5641.d.50EA2AD1ABB1898340B71A965A2F20F2.e.25243"}]}
COMMAND: POST /session/fe219389c4a652ed804fe0697356972e/element - {"using":"css selector","value":"#shell-header-logo"}
COMMAND: GET /session/fe219389c4a652ed804fe0697356972e/screenshot - {}
RESULT: {}
RESULT: {"using":"css selector","value":"#shell-header-logo"}
COMMAND: POST /session/fe219389c4a652ed804fe0697356972e/element/f.AE569C338F7BE8C487FB69BDD94B5641.d.50EA2AD1ABB1898340B71A965A2F20F2.e.25243/click - {}
RESULT: {}
RESULT: {}
COMMAND: GET /session/fe219389c4a652ed804fe0697356972e/screenshot - {}
RESULT: {}
COMMAND: POST /session/fe219389c4a652ed804fe0697356972e/execute/async - {"script":"<script> [189 bytes]","args":[]}
RESULT: {"script":"<script> [189 bytes]","args":[]}
COMMAND: POST /session/fe219389c4a652ed804fe0697356972e/execute/async - {"script":"<script> [123 bytes]","args":[]}
RESULT: {"script":"<script> [123 bytes]","args":[]}
COMMAND: POST /session/fe219389c4a652ed804fe0697356972e/timeouts - {"script":"<number>"}
RESULT: {"script":"<number>"}
COMMAND: GET /session/fe219389c4a652ed804fe0697356972e/timeouts - {}
RESULT: {}
RESULT: undefined
COMMAND: POST /session/fe219389c4a652ed804fe0697356972e/execute/async - {"script":"<script> [2676 bytes]","args":[]}
RESULT: {"script":"<script> [2676 bytes]","args":[]}
COMMAND: POST /session/fe219389c4a652ed804fe0697356972e/execute/async - {"script":"<script> [2342 bytes]","args":[{"protocol":"http","hostname":"0.0.0.0","path":"/","capabilities":{"browserName":"chrome","goog:chromeOptions":{"binary":"C:\\Program Files\\Google\\Chrome\\Application\\chrome.exe","args":["--start-maximized"]}},"logLevel":"warn","connectionRetryTimeout":120000,"connectionRetryCount":3,"logLevels":{},"enableDirectConnect":true,"strictSSL":true,"_":"65 more keys: [\"cacheDir\",\"port\",\"requestedCapabilities\",\"automationProtocol\",\"baseUrl\",\"waitforInterval\",\"waitforTimeout\",\"onReload\",\"beforeCommand\",\"afterCommand\",\"rootDir\",\"specs\",\"suites\",\"exclude\",\"groupLogsByTestSpec\",\"excludeDriverLogs\",\"bail\",\"framework\",\"reporters\",\"services\",\"maxInstances\",\"maxInstancesPerCapability\",\"injectGlobals\",\"filesToWatch\",\"execArgv\",\"runnerEnv\",\"runner\",\"shard\",\"specFileRetries\",\"specFileRetriesDelay\",\"specFileRetriesDeferred\",\"reporterSyncInterval\",\"reporterSyncTimeout\",\"cucumberFeaturesWithLineNumbers\",\"autoCompileOpts\",\"mochaOpts\",\"jasmineOpts\",\"cucumberOpts\",\"onPrepare\",\"onWorkerStart\",\"onWorkerEnd\",\"before\",\"beforeSession\",\"beforeSuite\",\"beforeHook\",\"beforeTest\",\"afterTest\",\"afterHook\",\"afterSuite\",\"afterSession\",\"after\",\"onComplete\",\"beforeAssertion\",\"afterAssertion\",\"beforeFeature\",\"beforeScenario\",\"beforeStep\",\"afterStep\",\"afterScenario\",\"afterFeature\",\"_\",\"suite\",\"$0\",\"ignoredWorkerServices\",\"wdi5\"]"}]}
RESULT: {"script":"<script> [2342 bytes]","args":[{"protocol":"http","hostname":"0.0.0.0","path":"/","capabilities":{"browserName":"chrome","goog:chromeOptions":{"binary":"C:\\Program Files\\Google\\Chrome\\Application\\chrome.exe","args":["--start-maximized"]}},"logLevel":"warn","connectionRetryTimeout":120000,"connectionRetryCount":3,"logLevels":{},"enableDirectConnect":true,"strictSSL":true,"_":"65 more keys: [\"cacheDir\",\"port\",\"requestedCapabilities\",\"automationProtocol\",\"baseUrl\",\"waitforInterval\",\"waitforTimeout\",\"onReload\",\"beforeCommand\",\"afterCommand\",\"rootDir\",\"specs\",\"suites\",\"exclude\",\"groupLogsByTestSpec\",\"excludeDriverLogs\",\"bail\",\"framework\",\"reporters\",\"services\",\"maxInstances\",\"maxInstancesPerCapability\",\"injectGlobals\",\"filesToWatch\",\"execArgv\",\"runnerEnv\",\"runner\",\"shard\",\"specFileRetries\",\"specFileRetriesDelay\",\"specFileRetriesDeferred\",\"reporterSyncInterval\",\"reporterSyncTimeout\",\"cucumberFeaturesWithLineNumbers\",\"autoCompileOpts\",\"mochaOpts\",\"jasmineOpts\",\"cucumberOpts\",\"onPrepare\",\"onWorkerStart\",\"onWorkerEnd\",\"before\",\"beforeSession\",\"beforeSuite\",\"beforeHook\",\"beforeTest\",\"afterTest\",\"afterHook\",\"afterSuite\",\"afterSession\",\"after\",\"onComplete\",\"beforeAssertion\",\"afterAssertion\",\"beforeFeature\",\"beforeScenario\",\"beforeStep\",\"afterStep\",\"afterScenario\",\"afterFeature\",\"_\",\"suite\",\"$0\",\"ignoredWorkerServices\",\"wdi5\"]"}]}
COMMAND: POST /session/fe219389c4a652ed804fe0697356972e/execute/async - {"script":"<script> [21126 bytes]","args":[35000]}
RESULT: {"script":"<script> [21126 bytes]","args":[35000]}
COMMAND: POST /session/fe219389c4a652ed804fe0697356972e/window/maximize - {}
RESULT: {}
COMMAND: POST /session/fe219389c4a652ed804fe0697356972e/execute/async - {"script":"<script> [1562 bytes]","args":[{"selector":{"id":"shell-header","interaction":{"idSuffix":"icon"}},"wdio_ui5_key":"shellheader"}]}
COMMAND: GET /session/fe219389c4a652ed804fe0697356972e/screenshot - {}
RESULT: {"script":"<script> [1562 bytes]","args":[{"selector":{"id":"shell-header","interaction":{"idSuffix":"icon"}},"wdio_ui5_key":"shellheader"}]}
RESULT: undefined
COMMAND: POST /session/fe219389c4a652ed804fe0697356972e/window/fullscreen - {}
RESULT: {}
RESULT: {}
]]></system-out>
    </testcase>
  </testsuite>
  <testsuite timestamp="2025-05-29T17:23:56" time="421.583" tests="9" failures="0" errors="0" skipped="0">
    <properties>
      <property name="specId" value="0"/>
      <property name="suiteName" value="Create masterdata for Yard Overview - trigger provide US130988"/>
      <property name="capabilities" value="chrome.136_0_7103_93.windows"/>
      <property name="file" value="file:///D:/a/1/s/test/specs/HTR/stock-decrease.spec.js"/>
    </properties>
    <testcase classname="chrome.136_0_7103_93.windows.Create_masterdata_for_Yard_Overview_-_trigger_provide_US130988" name="Should create a new WHM yard" time="0.078">
      <system-out><![CDATA[
COMMAND: POST /session/fe219389c4a652ed804fe0697356972e/window/fullscreen - {}
RESULT: {}
]]></system-out>
    </testcase>
    <testcase classname="chrome.136_0_7103_93.windows.Create_masterdata_for_Yard_Overview_-_trigger_provide_US130988" name="Should create a new partner" time="0.003"/>
    <testcase classname="chrome.136_0_7103_93.windows.Create_masterdata_for_Yard_Overview_-_trigger_provide_US130988" name="Should create a new site" time="0.003"/>
    <testcase classname="chrome.136_0_7103_93.windows.Create_masterdata_for_Yard_Overview_-_trigger_provide_US130988" name="Should create a new material" time="117.091">
      <system-out><![CDATA[
COMMAND: POST /session/fe219389c4a652ed804fe0697356972e/execute/async - {"script":"<script> [1562 bytes]","args":[{"selector":{"controlType":"sap.m.GenericTile","properties":{"header":"Manage Resources"}},"wdio_ui5_key":"sapm.GenericTile{\"header\":\"Manage Resources\"}"}]}
RESULT: {"script":"<script> [1562 bytes]","args":[{"selector":{"controlType":"sap.m.GenericTile","properties":{"header":"Manage Resources"}},"wdio_ui5_key":"sapm.GenericTile{\"header\":\"Manage Resources\"}"}]}
RESULT: undefined
COMMAND: POST /session/fe219389c4a652ed804fe0697356972e/element - {"using":"xpath","value":"//*[@id=\"__tile31\"]"}
RESULT: {"using":"xpath","value":"//*[@id=\"__tile31\"]"}
COMMAND: POST /session/fe219389c4a652ed804fe0697356972e/element/f.AE569C338F7BE8C487FB69BDD94B5641.d.50EA2AD1ABB1898340B71A965A2F20F2.e.25262/click - {}
RESULT: {}
COMMAND: GET /session/fe219389c4a652ed804fe0697356972e/screenshot - {}
RESULT: {}
COMMAND: POST /session/fe219389c4a652ed804fe0697356972e/elements - {"using":"xpath","value":"//span[text()='Error']"}
RESULT: {"using":"xpath","value":"//span[text()='Error']"}
COMMAND: POST /session/fe219389c4a652ed804fe0697356972e/element - {"using":"xpath","value":"//button[@data-kt=\"addNewRUOverflowToolbarButton\"]"}
RESULT: {"using":"xpath","value":"//button[@data-kt=\"addNewRUOverflowToolbarButton\"]"}
COMMAND: POST /session/fe219389c4a652ed804fe0697356972e/elements - {"using":"xpath","value":"//button[@data-kt=\"addNewRUOverflowToolbarButton\"]"}
RESULT: {"using":"xpath","value":"//button[@data-kt=\"addNewRUOverflowToolbarButton\"]"}
COMMAND: POST /session/fe219389c4a652ed804fe0697356972e/execute/sync - {"script":"<script> [8489 bytes]","args":[{"element-6066-11e4-a52e-4f735466cecf":"f.AE569C338F7BE8C487FB69BDD94B5641.d.50EA2AD1ABB1898340B71A965A2F20F2.e.25403","ELEMENT":"f.AE569C338F7BE8C487FB69BDD94B5641.d.50EA2AD1ABB1898340B71A965A2F20F2.e.25403"}]}
RESULT: {"script":"<script> [8489 bytes]","args":[{"element-6066-11e4-a52e-4f735466cecf":"f.AE569C338F7BE8C487FB69BDD94B5641.d.50EA2AD1ABB1898340B71A965A2F20F2.e.25403","ELEMENT":"f.AE569C338F7BE8C487FB69BDD94B5641.d.50EA2AD1ABB1898340B71A965A2F20F2.e.25403"}]}
COMMAND: GET /session/fe219389c4a652ed804fe0697356972e/element/f.AE569C338F7BE8C487FB69BDD94B5641.d.50EA2AD1ABB1898340B71A965A2F20F2.e.25403/enabled - {}
COMMAND: GET /session/fe219389c4a652ed804fe0697356972e/screenshot - {}
RESULT: {}
COMMAND: POST /session/fe219389c4a652ed804fe0697356972e/execute/sync - {"script":"<script> [8489 bytes]","args":[{"element-6066-11e4-a52e-4f735466cecf":"f.AE569C338F7BE8C487FB69BDD94B5641.d.50EA2AD1ABB1898340B71A965A2F20F2.e.25403","ELEMENT":"f.AE569C338F7BE8C487FB69BDD94B5641.d.50EA2AD1ABB1898340B71A965A2F20F2.e.25403"}]}
COMMAND: GET /session/fe219389c4a652ed804fe0697356972e/screenshot - {}
RESULT: {}
RESULT: {"script":"<script> [8489 bytes]","args":[{"element-6066-11e4-a52e-4f735466cecf":"f.AE569C338F7BE8C487FB69BDD94B5641.d.50EA2AD1ABB1898340B71A965A2F20F2.e.25403","ELEMENT":"f.AE569C338F7BE8C487FB69BDD94B5641.d.50EA2AD1ABB1898340B71A965A2F20F2.e.25403"}]}
COMMAND: POST /session/fe219389c4a652ed804fe0697356972e/execute/sync - {"script":"<script> [5351 bytes]","args":[{"element-6066-11e4-a52e-4f735466cecf":"f.AE569C338F7BE8C487FB69BDD94B5641.d.50EA2AD1ABB1898340B71A965A2F20F2.e.25403","ELEMENT":"f.AE569C338F7BE8C487FB69BDD94B5641.d.50EA2AD1ABB1898340B71A965A2F20F2.e.25403"}]}
COMMAND: GET /session/fe219389c4a652ed804fe0697356972e/screenshot - {}
RESULT: {}
RESULT: {"script":"<script> [5351 bytes]","args":[{"element-6066-11e4-a52e-4f735466cecf":"f.AE569C338F7BE8C487FB69BDD94B5641.d.50EA2AD1ABB1898340B71A965A2F20F2.e.25403","ELEMENT":"f.AE569C338F7BE8C487FB69BDD94B5641.d.50EA2AD1ABB1898340B71A965A2F20F2.e.25403"}]}
COMMAND: POST /session/fe219389c4a652ed804fe0697356972e/element/f.AE569C338F7BE8C487FB69BDD94B5641.d.50EA2AD1ABB1898340B71A965A2F20F2.e.25403/click - {}
COMMAND: GET /session/fe219389c4a652ed804fe0697356972e/screenshot - {}
RESULT: {}
RESULT: {}
COMMAND: GET /session/fe219389c4a652ed804fe0697356972e/screenshot - {}
RESULT: {}
COMMAND: POST /session/fe219389c4a652ed804fe0697356972e/execute/async - {"script":"<script> [1562 bytes]","args":[{"selector":{"id":"application-manageresources-display-component---newResourceUnit--TYPE-arrow"},"wdio_ui5_key":"applicationmanageresources-display-component---newResourceUnit--TYPE-arrow"}]}
RESULT: {}
RESULT: {"script":"<script> [1562 bytes]","args":[{"selector":{"id":"application-manageresources-display-component---newResourceUnit--TYPE-arrow"},"wdio_ui5_key":"applicationmanageresources-display-component---newResourceUnit--TYPE-arrow"}]}
RESULT: undefined
COMMAND: POST /session/fe219389c4a652ed804fe0697356972e/element - {"using":"xpath","value":"//*[@id=\"application-manageresources-display-component---newResourceUnit--TYPE-arrow\"]"}
RESULT: {"using":"xpath","value":"//*[@id=\"application-manageresources-display-component---newResourceUnit--TYPE-arrow\"]"}
COMMAND: POST /session/fe219389c4a652ed804fe0697356972e/element/f.AE569C338F7BE8C487FB69BDD94B5641.d.50EA2AD1ABB1898340B71A965A2F20F2.e.25754/click - {}
RESULT: {}
COMMAND: POST /session/fe219389c4a652ed804fe0697356972e/element - {"using":"xpath","value":"//input[@id=\"application-manageresources-display-component---newResourceUnit--TYPE-inner\"]"}
COMMAND: GET /session/fe219389c4a652ed804fe0697356972e/screenshot - {}
RESULT: {"using":"xpath","value":"//input[@id=\"application-manageresources-display-component---newResourceUnit--TYPE-inner\"]"}
COMMAND: POST /session/fe219389c4a652ed804fe0697356972e/element/f.AE569C338F7BE8C487FB69BDD94B5641.d.50EA2AD1ABB1898340B71A965A2F20F2.e.25742/clear - {}
RESULT: {}
RESULT: {}
COMMAND: POST /session/fe219389c4a652ed804fe0697356972e/element/f.AE569C338F7BE8C487FB69BDD94B5641.d.50EA2AD1ABB1898340B71A965A2F20F2.e.25742/value - {"text":"Material"}
COMMAND: GET /session/fe219389c4a652ed804fe0697356972e/screenshot - {}
RESULT: {"text":"Material"}
COMMAND: GET /session/fe219389c4a652ed804fe0697356972e/screenshot - {}
RESULT: {}
RESULT: {}
COMMAND: POST /session/fe219389c4a652ed804fe0697356972e/actions - {"actions":[{"id":"action77","type":"key","parameters":{},"actions":[{"type":"keyDown","value":""},{"type":"pause","duration":10},{"type":"keyUp","value":""}]}]}
RESULT: {"actions":[{"id":"action77","type":"key","parameters":{},"actions":[{"type":"keyDown","value":""},{"type":"pause","duration":10},{"type":"keyUp","value":""}]}]}
COMMAND: POST /session/fe219389c4a652ed804fe0697356972e/execute/async - {"script":"<script> [1562 bytes]","args":[{"selector":{"id":"application-manageresources-display-component---newResourceUnit--SHORT_TEXT","interaction":{"idSuffix":"inner"}},"wdio_ui5_key":"applicationmanageresources-display-component---newResourceUnit--SHORT_TEXT"}]}
COMMAND: GET /session/fe219389c4a652ed804fe0697356972e/screenshot - {}
RESULT: {"script":"<script> [1562 bytes]","args":[{"selector":{"id":"application-manageresources-display-component---newResourceUnit--SHORT_TEXT","interaction":{"idSuffix":"inner"}},"wdio_ui5_key":"applicationmanageresources-display-component---newResourceUnit--SHORT_TEXT"}]}
RESULT: undefined
COMMAND: POST /session/fe219389c4a652ed804fe0697356972e/execute/async - {"script":"<script> [776 bytes]","args":[{"enterText":"Cement WDIO","selector":{"id":"application-manageresources-display-component---newResourceUnit--SHORT_TEXT","interaction":{"idSuffix":"inner"}},"clearTextFirst":true,"interactionType":"ENTER_TEXT"}]}
RESULT: {}
RESULT: {"script":"<script> [776 bytes]","args":[{"enterText":"Cement WDIO","selector":{"id":"application-manageresources-display-component---newResourceUnit--SHORT_TEXT","interaction":{"idSuffix":"inner"}},"clearTextFirst":true,"interactionType":"ENTER_TEXT"}]}
COMMAND: POST /session/fe219389c4a652ed804fe0697356972e/execute/async - {"script":"<script> [1562 bytes]","args":[{"selector":{"id":"application-manageresources-display-component---newResourceUnit--BASE_UNIT_OF_MEASURE","interaction":{"idSuffix":"inner"}},"wdio_ui5_key":"applicationmanageresources-display-component---newResourceUnit--BASE_UNIT_OF_MEASURE"}]}
RESULT: {"script":"<script> [1562 bytes]","args":[{"selector":{"id":"application-manageresources-display-component---newResourceUnit--BASE_UNIT_OF_MEASURE","interaction":{"idSuffix":"inner"}},"wdio_ui5_key":"applicationmanageresources-display-component---newResourceUnit--BASE_UNIT_OF_MEASURE"}]}
RESULT: undefined
COMMAND: POST /session/fe219389c4a652ed804fe0697356972e/execute/async - {"script":"<script> [776 bytes]","args":[{"enterText":"Piece","selector":{"id":"application-manageresources-display-component---newResourceUnit--BASE_UNIT_OF_MEASURE","interaction":{"idSuffix":"inner"}},"clearTextFirst":true,"interactionType":"ENTER_TEXT"}]}
RESULT: {"script":"<script> [776 bytes]","args":[{"enterText":"Piece","selector":{"id":"application-manageresources-display-component---newResourceUnit--BASE_UNIT_OF_MEASURE","interaction":{"idSuffix":"inner"}},"clearTextFirst":true,"interactionType":"ENTER_TEXT"}]}
COMMAND: POST /session/fe219389c4a652ed804fe0697356972e/execute/async - {"script":"<script> [1562 bytes]","args":[{"selector":{"id":"application-manageresources-display-component---newResourceUnit--WEIGHT_UNIT","interaction":{"idSuffix":"inner"}},"wdio_ui5_key":"applicationmanageresources-display-component---newResourceUnit--WEIGHT_UNIT"}]}
RESULT: {"script":"<script> [1562 bytes]","args":[{"selector":{"id":"application-manageresources-display-component---newResourceUnit--WEIGHT_UNIT","interaction":{"idSuffix":"inner"}},"wdio_ui5_key":"applicationmanageresources-display-component---newResourceUnit--WEIGHT_UNIT"}]}
RESULT: undefined
COMMAND: POST /session/fe219389c4a652ed804fe0697356972e/execute/async - {"script":"<script> [776 bytes]","args":[{"enterText":"Gram","selector":{"id":"application-manageresources-display-component---newResourceUnit--WEIGHT_UNIT","interaction":{"idSuffix":"inner"}},"clearTextFirst":true,"interactionType":"ENTER_TEXT"}]}
RESULT: {"script":"<script> [776 bytes]","args":[{"enterText":"Gram","selector":{"id":"application-manageresources-display-component---newResourceUnit--WEIGHT_UNIT","interaction":{"idSuffix":"inner"}},"clearTextFirst":true,"interactionType":"ENTER_TEXT"}]}
COMMAND: POST /session/fe219389c4a652ed804fe0697356972e/execute/async - {"script":"<script> [1562 bytes]","args":[{"selector":{"id":"application-manageresources-display-component---newResourceUnit--DIMENSION_UNIT","interaction":{"idSuffix":"inner"}},"wdio_ui5_key":"applicationmanageresources-display-component---newResourceUnit--DIMENSION_UNIT"}]}
RESULT: {"script":"<script> [1562 bytes]","args":[{"selector":{"id":"application-manageresources-display-component---newResourceUnit--DIMENSION_UNIT","interaction":{"idSuffix":"inner"}},"wdio_ui5_key":"applicationmanageresources-display-component---newResourceUnit--DIMENSION_UNIT"}]}
RESULT: undefined
COMMAND: POST /session/fe219389c4a652ed804fe0697356972e/execute/async - {"script":"<script> [776 bytes]","args":[{"enterText":"Meter","selector":{"id":"application-manageresources-display-component---newResourceUnit--DIMENSION_UNIT","interaction":{"idSuffix":"inner"}},"clearTextFirst":true,"interactionType":"ENTER_TEXT"}]}
RESULT: {"script":"<script> [776 bytes]","args":[{"enterText":"Meter","selector":{"id":"application-manageresources-display-component---newResourceUnit--DIMENSION_UNIT","interaction":{"idSuffix":"inner"}},"clearTextFirst":true,"interactionType":"ENTER_TEXT"}]}
COMMAND: POST /session/fe219389c4a652ed804fe0697356972e/execute/async - {"script":"<script> [1562 bytes]","args":[{"selector":{"id":"application-manageresources-display-component---newResourceUnit--newRRUPage-anchBar-application-manageresources-display-component---newResourceUnit--control-anchor","interaction":{"idSuffix":"BDI-content"}},"wdio_ui5_key":"applicationmanageresources-display-component---newResourceUnit--newRRUPage-anchBar-application-manageresources-display-component---newResourceUnit--control-anchor"}]}
RESULT: {"script":"<script> [1562 bytes]","args":[{"selector":{"id":"application-manageresources-display-component---newResourceUnit--newRRUPage-anchBar-application-manageresources-display-component---newResourceUnit--control-anchor","interaction":{"idSuffix":"BDI-content"}},"wdio_ui5_key":"applicationmanageresources-display-component---newResourceUnit--newRRUPage-anchBar-application-manageresources-display-component---newResourceUnit--control-anchor"}]}
RESULT: undefined
COMMAND: POST /session/fe219389c4a652ed804fe0697356972e/element - {"using":"xpath","value":"//*[@id=\"application-manageresources-display-component---newResourceUnit--newRRUPage-anchBar-application-manageresources-display-component---newResourceUnit--control-anchor\"]"}
RESULT: {"using":"xpath","value":"//*[@id=\"application-manageresources-display-component---newResourceUnit--newRRUPage-anchBar-application-manageresources-display-component---newResourceUnit--control-anchor\"]"}
COMMAND: POST /session/fe219389c4a652ed804fe0697356972e/element/f.AE569C338F7BE8C487FB69BDD94B5641.d.50EA2AD1ABB1898340B71A965A2F20F2.e.25885/click - {}
RESULT: {}
COMMAND: POST /session/fe219389c4a652ed804fe0697356972e/execute/async - {"script":"<script> [1562 bytes]","args":[{"selector":{"id":"application-manageresources-display-component---newResourceUnit--PLANNING_GROUP","interaction":{"idSuffix":"inner"}},"wdio_ui5_key":"applicationmanageresources-display-component---newResourceUnit--PLANNING_GROUP"}]}
COMMAND: GET /session/fe219389c4a652ed804fe0697356972e/screenshot - {}
RESULT: {"script":"<script> [1562 bytes]","args":[{"selector":{"id":"application-manageresources-display-component---newResourceUnit--PLANNING_GROUP","interaction":{"idSuffix":"inner"}},"wdio_ui5_key":"applicationmanageresources-display-component---newResourceUnit--PLANNING_GROUP"}]}
RESULT: undefined
COMMAND: POST /session/fe219389c4a652ed804fe0697356972e/execute/async - {"script":"<script> [776 bytes]","args":[{"enterText":"Material","selector":{"id":"application-manageresources-display-component---newResourceUnit--PLANNING_GROUP","interaction":{"idSuffix":"inner"}},"clearTextFirst":true,"interactionType":"ENTER_TEXT"}]}
RESULT: {}
RESULT: {"script":"<script> [776 bytes]","args":[{"enterText":"Material","selector":{"id":"application-manageresources-display-component---newResourceUnit--PLANNING_GROUP","interaction":{"idSuffix":"inner"}},"clearTextFirst":true,"interactionType":"ENTER_TEXT"}]}
COMMAND: POST /session/fe219389c4a652ed804fe0697356972e/execute/async - {"script":"<script> [1562 bytes]","args":[{"selector":{"id":"application-manageresources-display-component---newResourceUnit--PLANNING_INDICATOR","interaction":{"idSuffix":"inner"}},"wdio_ui5_key":"applicationmanageresources-display-component---newResourceUnit--PLANNING_INDICATOR"}]}
RESULT: {"script":"<script> [1562 bytes]","args":[{"selector":{"id":"application-manageresources-display-component---newResourceUnit--PLANNING_INDICATOR","interaction":{"idSuffix":"inner"}},"wdio_ui5_key":"applicationmanageresources-display-component---newResourceUnit--PLANNING_INDICATOR"}]}
RESULT: undefined
COMMAND: POST /session/fe219389c4a652ed804fe0697356972e/execute/async - {"script":"<script> [776 bytes]","args":[{"enterText":"10 - infinite","selector":{"id":"application-manageresources-display-component---newResourceUnit--PLANNING_INDICATOR","interaction":{"idSuffix":"inner"}},"clearTextFirst":true,"interactionType":"ENTER_TEXT"}]}
RESULT: {"script":"<script> [776 bytes]","args":[{"enterText":"10 - infinite","selector":{"id":"application-manageresources-display-component---newResourceUnit--PLANNING_INDICATOR","interaction":{"idSuffix":"inner"}},"clearTextFirst":true,"interactionType":"ENTER_TEXT"}]}
COMMAND: POST /session/fe219389c4a652ed804fe0697356972e/element - {"using":"css selector","value":"#application-manageresources-display-component---newResourceUnit--btnAddTimeSegment"}
RESULT: {"using":"css selector","value":"#application-manageresources-display-component---newResourceUnit--btnAddTimeSegment"}
COMMAND: GET /session/fe219389c4a652ed804fe0697356972e/element/f.AE569C338F7BE8C487FB69BDD94B5641.d.50EA2AD1ABB1898340B71A965A2F20F2.e.25895/rect - {}
RESULT: {}
COMMAND: GET /session/fe219389c4a652ed804fe0697356972e/window/rect - {}
RESULT: {}
COMMAND: POST /session/fe219389c4a652ed804fe0697356972e/execute/sync - {"script":"<script> [92 bytes]","args":[]}
RESULT: {"script":"<script> [92 bytes]","args":[]}
COMMAND: POST /session/fe219389c4a652ed804fe0697356972e/actions - {"actions":[{"id":"action78","type":"wheel","parameters":{},"actions":[{"type":"scroll","x":-1888,"y":-32,"deltaX":0,"deltaY":0,"duration":0,"origin":{"element-6066-11e4-a52e-4f735466cecf":"f.AE569C338F7BE8C487FB69BDD94B5641.d.50EA2AD1ABB1898340B71A965A2F20F2.e.25895"}}]}]}
COMMAND: GET /session/fe219389c4a652ed804fe0697356972e/screenshot - {}
RESULT: {}
COMMAND: POST /session/fe219389c4a652ed804fe0697356972e/execute/sync - {"script":"<script> [79 bytes]","args":[{"element-6066-11e4-a52e-4f735466cecf":"f.AE569C338F7BE8C487FB69BDD94B5641.d.50EA2AD1ABB1898340B71A965A2F20F2.e.25895","ELEMENT":"f.AE569C338F7BE8C487FB69BDD94B5641.d.50EA2AD1ABB1898340B71A965A2F20F2.e.25895"},{"block":"start","inline":"nearest"}]}
RESULT: {"script":"<script> [79 bytes]","args":[{"element-6066-11e4-a52e-4f735466cecf":"f.AE569C338F7BE8C487FB69BDD94B5641.d.50EA2AD1ABB1898340B71A965A2F20F2.e.25895","ELEMENT":"f.AE569C338F7BE8C487FB69BDD94B5641.d.50EA2AD1ABB1898340B71A965A2F20F2.e.25895"},{"block":"start","inline":"nearest"}]}
COMMAND: POST /session/fe219389c4a652ed804fe0697356972e/execute/async - {"script":"<script> [1562 bytes]","args":[{"selector":{"id":"application-manageresources-display-component---newResourceUnit--btnAddTimeSegment","interaction":{"idSuffix":"inner"}},"wdio_ui5_key":"applicationmanageresources-display-component---newResourceUnit--btnAddTimeSegment"}]}
COMMAND: GET /session/fe219389c4a652ed804fe0697356972e/screenshot - {}
RESULT: {"script":"<script> [1562 bytes]","args":[{"selector":{"id":"application-manageresources-display-component---newResourceUnit--btnAddTimeSegment","interaction":{"idSuffix":"inner"}},"wdio_ui5_key":"applicationmanageresources-display-component---newResourceUnit--btnAddTimeSegment"}]}
RESULT: undefined
COMMAND: POST /session/fe219389c4a652ed804fe0697356972e/element - {"using":"xpath","value":"//*[@id=\"application-manageresources-display-component---newResourceUnit--btnAddTimeSegment\"]"}
RESULT: {}
RESULT: {"using":"xpath","value":"//*[@id=\"application-manageresources-display-component---newResourceUnit--btnAddTimeSegment\"]"}
COMMAND: POST /session/fe219389c4a652ed804fe0697356972e/element/f.AE569C338F7BE8C487FB69BDD94B5641.d.50EA2AD1ABB1898340B71A965A2F20F2.e.25895/click - {}
RESULT: {}
COMMAND: GET /session/fe219389c4a652ed804fe0697356972e/screenshot - {}
RESULT: {}
COMMAND: POST /session/fe219389c4a652ed804fe0697356972e/element - {"using":"xpath","value":"//input[@id=\"application-manageresources-display-component---newResourceUnit--idRuTSAdmin-application-manageresources-display-component---newResourceUnit--RUTimeSegment-0-inner\"]"}
RESULT: {"using":"xpath","value":"//input[@id=\"application-manageresources-display-component---newResourceUnit--idRuTSAdmin-application-manageresources-display-component---newResourceUnit--RUTimeSegment-0-inner\"]"}
COMMAND: POST /session/fe219389c4a652ed804fe0697356972e/element/f.AE569C338F7BE8C487FB69BDD94B5641.d.50EA2AD1ABB1898340B71A965A2F20F2.e.25900/clear - {}
RESULT: {}
COMMAND: POST /session/fe219389c4a652ed804fe0697356972e/element/f.AE569C338F7BE8C487FB69BDD94B5641.d.50EA2AD1ABB1898340B71A965A2F20F2.e.25900/value - {"text":"462"}
COMMAND: GET /session/fe219389c4a652ed804fe0697356972e/screenshot - {}
RESULT: {"text":"462"}
COMMAND: GET /session/fe219389c4a652ed804fe0697356972e/screenshot - {}
RESULT: {}
RESULT: {}
COMMAND: POST /session/fe219389c4a652ed804fe0697356972e/element - {"using":"xpath","value":"//li[.//span[text()='462']]"}
RESULT: {"using":"xpath","value":"//li[.//span[text()='462']]"}
COMMAND: POST /session/fe219389c4a652ed804fe0697356972e/element/f.AE569C338F7BE8C487FB69BDD94B5641.d.50EA2AD1ABB1898340B71A965A2F20F2.e.25909/click - {}
RESULT: {}
COMMAND: GET /session/fe219389c4a652ed804fe0697356972e/screenshot - {}
RESULT: {}
COMMAND: POST /session/fe219389c4a652ed804fe0697356972e/element - {"using":"xpath","value":"(//span[contains(@id, \"-application-manageresources-display-component---newResourceUnit--RUTimeSegment-0-arrow\")])[2]"}
RESULT: {"using":"xpath","value":"(//span[contains(@id, \"-application-manageresources-display-component---newResourceUnit--RUTimeSegment-0-arrow\")])[2]"}
COMMAND: POST /session/fe219389c4a652ed804fe0697356972e/element/f.AE569C338F7BE8C487FB69BDD94B5641.d.50EA2AD1ABB1898340B71A965A2F20F2.e.25910/click - {}
RESULT: {}
COMMAND: POST /session/fe219389c4a652ed804fe0697356972e/element - {"using":"xpath","value":"//span[contains(text(), \"PM Order\")]"}
COMMAND: GET /session/fe219389c4a652ed804fe0697356972e/screenshot - {}
RESULT: {"using":"xpath","value":"//span[contains(text(), \"PM Order\")]"}
COMMAND: POST /session/fe219389c4a652ed804fe0697356972e/element/f.AE569C338F7BE8C487FB69BDD94B5641.d.50EA2AD1ABB1898340B71A965A2F20F2.e.25911/click - {}
RESULT: {}
RESULT: {}
COMMAND: GET /session/fe219389c4a652ed804fe0697356972e/screenshot - {}
RESULT: {}
COMMAND: POST /session/fe219389c4a652ed804fe0697356972e/element - {"using":"xpath","value":"//td/div/div/div/span[contains(@id, \"newResourceUnit--RUTimeSegment-0-vhi\")][1]"}
RESULT: {"using":"xpath","value":"//td/div/div/div/span[contains(@id, \"newResourceUnit--RUTimeSegment-0-vhi\")][1]"}
COMMAND: GET /session/fe219389c4a652ed804fe0697356972e/element/f.AE569C338F7BE8C487FB69BDD94B5641.d.50EA2AD1ABB1898340B71A965A2F20F2.e.25915/rect - {}
RESULT: {}
COMMAND: GET /session/fe219389c4a652ed804fe0697356972e/window/rect - {}
RESULT: {}
COMMAND: POST /session/fe219389c4a652ed804fe0697356972e/execute/sync - {"script":"<script> [92 bytes]","args":[]}
RESULT: {"script":"<script> [92 bytes]","args":[]}
COMMAND: POST /session/fe219389c4a652ed804fe0697356972e/actions - {"actions":[{"id":"action79","type":"wheel","parameters":{},"actions":[{"type":"scroll","x":-1888,"y":-24,"deltaX":0,"deltaY":0,"duration":0,"origin":{"element-6066-11e4-a52e-4f735466cecf":"f.AE569C338F7BE8C487FB69BDD94B5641.d.50EA2AD1ABB1898340B71A965A2F20F2.e.25915"}}]}]}
COMMAND: GET /session/fe219389c4a652ed804fe0697356972e/screenshot - {}
RESULT: {}
COMMAND: POST /session/fe219389c4a652ed804fe0697356972e/execute/sync - {"script":"<script> [79 bytes]","args":[{"element-6066-11e4-a52e-4f735466cecf":"f.AE569C338F7BE8C487FB69BDD94B5641.d.50EA2AD1ABB1898340B71A965A2F20F2.e.25915","ELEMENT":"f.AE569C338F7BE8C487FB69BDD94B5641.d.50EA2AD1ABB1898340B71A965A2F20F2.e.25915"},{"block":"start","inline":"nearest"}]}
RESULT: {"script":"<script> [79 bytes]","args":[{"element-6066-11e4-a52e-4f735466cecf":"f.AE569C338F7BE8C487FB69BDD94B5641.d.50EA2AD1ABB1898340B71A965A2F20F2.e.25915","ELEMENT":"f.AE569C338F7BE8C487FB69BDD94B5641.d.50EA2AD1ABB1898340B71A965A2F20F2.e.25915"},{"block":"start","inline":"nearest"}]}
COMMAND: GET /session/fe219389c4a652ed804fe0697356972e/screenshot - {}
RESULT: {}
COMMAND: POST /session/fe219389c4a652ed804fe0697356972e/element/f.AE569C338F7BE8C487FB69BDD94B5641.d.50EA2AD1ABB1898340B71A965A2F20F2.e.25915/click - {}
RESULT: {}
COMMAND: GET /session/fe219389c4a652ed804fe0697356972e/screenshot - {}
RESULT: {}
COMMAND: POST /session/fe219389c4a652ed804fe0697356972e/execute/async - {"script":"<script> [1562 bytes]","args":[{"selector":{"controlType":"sap.m.SearchField","properties":{"placeholder":"Search"},"searchOpenDialogs":true,"interaction":{"idSuffix":"I"}},"wdio_ui5_key":"sapm.SearchField{\"placeholder\":\"Search\"}"}]}
RESULT: {"script":"<script> [1562 bytes]","args":[{"selector":{"controlType":"sap.m.SearchField","properties":{"placeholder":"Search"},"searchOpenDialogs":true,"interaction":{"idSuffix":"I"}},"wdio_ui5_key":"sapm.SearchField{\"placeholder\":\"Search\"}"}]}
RESULT: undefined
COMMAND: POST /session/fe219389c4a652ed804fe0697356972e/execute/async - {"script":"<script> [776 bytes]","args":[{"enterText":"4000360","selector":{"controlType":"sap.m.SearchField","properties":{"placeholder":"Search"},"searchOpenDialogs":true,"interaction":{"idSuffix":"I"}},"clearTextFirst":true,"interactionType":"ENTER_TEXT"}]}
RESULT: {"script":"<script> [776 bytes]","args":[{"enterText":"4000360","selector":{"controlType":"sap.m.SearchField","properties":{"placeholder":"Search"},"searchOpenDialogs":true,"interaction":{"idSuffix":"I"}},"clearTextFirst":true,"interactionType":"ENTER_TEXT"}]}
COMMAND: POST /session/fe219389c4a652ed804fe0697356972e/actions - {"actions":[{"id":"action80","type":"key","parameters":{},"actions":[{"type":"keyDown","value":""},{"type":"pause","duration":10},{"type":"keyUp","value":""}]}]}
RESULT: {"actions":[{"id":"action80","type":"key","parameters":{},"actions":[{"type":"keyDown","value":""},{"type":"pause","duration":10},{"type":"keyUp","value":""}]}]}
COMMAND: GET /session/fe219389c4a652ed804fe0697356972e/screenshot - {}
RESULT: {}
COMMAND: POST /session/fe219389c4a652ed804fe0697356972e/element - {"using":"xpath","value":"//td/div/span[contains(text(), \"BGL Vehicles\")]"}
RESULT: {"using":"xpath","value":"//td/div/span[contains(text(), \"BGL Vehicles\")]"}
COMMAND: POST /session/fe219389c4a652ed804fe0697356972e/element/f.AE569C338F7BE8C487FB69BDD94B5641.d.50EA2AD1ABB1898340B71A965A2F20F2.e.25936/click - {}
RESULT: {}
COMMAND: GET /session/fe219389c4a652ed804fe0697356972e/screenshot - {}
RESULT: {}
COMMAND: POST /session/fe219389c4a652ed804fe0697356972e/element - {"using":"xpath","value":"//bdi[contains(text(), \"OK\")]"}
RESULT: {"using":"xpath","value":"//bdi[contains(text(), \"OK\")]"}
COMMAND: POST /session/fe219389c4a652ed804fe0697356972e/element/f.AE569C338F7BE8C487FB69BDD94B5641.d.50EA2AD1ABB1898340B71A965A2F20F2.e.25937/click - {}
RESULT: {}
COMMAND: GET /session/fe219389c4a652ed804fe0697356972e/screenshot - {}
RESULT: {}
COMMAND: POST /session/fe219389c4a652ed804fe0697356972e/element - {"using":"xpath","value":"//label[contains(@class, 'sapMLabelRequired') and .//bdi[contains(text(), 'Planned Retirement')]]"}
RESULT: {"using":"xpath","value":"//label[contains(@class, 'sapMLabelRequired') and .//bdi[contains(text(), 'Planned Retirement')]]"}
COMMAND: POST /session/fe219389c4a652ed804fe0697356972e/elements - {"using":"xpath","value":"//label[contains(@class, 'sapMLabelRequired') and .//bdi[contains(text(), 'Planned Retirement')]]"}
RESULT: {"using":"xpath","value":"//label[contains(@class, 'sapMLabelRequired') and .//bdi[contains(text(), 'Planned Retirement')]]"}
COMMAND: POST /session/fe219389c4a652ed804fe0697356972e/element - {"using":"xpath","value":"//button[@data-kt=\"resourceUnitSaveButton\"]"}
RESULT: {"using":"xpath","value":"//button[@data-kt=\"resourceUnitSaveButton\"]"}
COMMAND: POST /session/fe219389c4a652ed804fe0697356972e/element/f.AE569C338F7BE8C487FB69BDD94B5641.d.50EA2AD1ABB1898340B71A965A2F20F2.e.25771/click - {}
RESULT: {}
COMMAND: GET /session/fe219389c4a652ed804fe0697356972e/screenshot - {}
RESULT: {}
COMMAND: POST /session/fe219389c4a652ed804fe0697356972e/element - {"using":"xpath","value":"//bdi[contains(text(), \"Close\")]"}
RESULT: {"using":"xpath","value":"//bdi[contains(text(), \"Close\")]"}
COMMAND: POST /session/fe219389c4a652ed804fe0697356972e/element/f.AE569C338F7BE8C487FB69BDD94B5641.d.50EA2AD1ABB1898340B71A965A2F20F2.e.25943/click - {}
RESULT: {}
COMMAND: GET /session/fe219389c4a652ed804fe0697356972e/screenshot - {}
RESULT: {}
COMMAND: POST /session/fe219389c4a652ed804fe0697356972e/element - {"using":"xpath","value":"//header[contains(@id, 'detailRruPage-headerTitle')]/div[1]/div[2]/div[2]/span[1]"}
RESULT: {"using":"xpath","value":"//header[contains(@id, 'detailRruPage-headerTitle')]/div[1]/div[2]/div[2]/span[1]"}
COMMAND: POST /session/fe219389c4a652ed804fe0697356972e/elements - {"using":"xpath","value":"//header[contains(@id, 'detailRruPage-headerTitle')]/div[1]/div[2]/div[2]/span[1]"}
RESULT: {"using":"xpath","value":"//header[contains(@id, 'detailRruPage-headerTitle')]/div[1]/div[2]/div[2]/span[1]"}
COMMAND: POST /session/fe219389c4a652ed804fe0697356972e/execute/sync - {"script":"<script> [56 bytes]","args":[{"element-6066-11e4-a52e-4f735466cecf":"f.AE569C338F7BE8C487FB69BDD94B5641.d.50EA2AD1ABB1898340B71A965A2F20F2.e.25977","ELEMENT":"f.AE569C338F7BE8C487FB69BDD94B5641.d.50EA2AD1ABB1898340B71A965A2F20F2.e.25977"}]}
RESULT: {"script":"<script> [56 bytes]","args":[{"element-6066-11e4-a52e-4f735466cecf":"f.AE569C338F7BE8C487FB69BDD94B5641.d.50EA2AD1ABB1898340B71A965A2F20F2.e.25977","ELEMENT":"f.AE569C338F7BE8C487FB69BDD94B5641.d.50EA2AD1ABB1898340B71A965A2F20F2.e.25977"}]}
COMMAND: POST /session/fe219389c4a652ed804fe0697356972e/element - {"using":"css selector","value":"#shell-header-logo"}
COMMAND: GET /session/fe219389c4a652ed804fe0697356972e/screenshot - {}
RESULT: {"using":"css selector","value":"#shell-header-logo"}
COMMAND: POST /session/fe219389c4a652ed804fe0697356972e/element/f.AE569C338F7BE8C487FB69BDD94B5641.d.50EA2AD1ABB1898340B71A965A2F20F2.e.25243/click - {}
RESULT: {}
RESULT: {}
COMMAND: GET /session/fe219389c4a652ed804fe0697356972e/screenshot - {}
RESULT: {}
]]></system-out>
    </testcase>
    <testcase classname="chrome.136_0_7103_93.windows.Create_masterdata_for_Yard_Overview_-_trigger_provide_US130988" name="Bin Status Report Should Create New Organization yard" time="0.003"/>
    <testcase classname="chrome.136_0_7103_93.windows.Create_masterdata_for_Yard_Overview_-_trigger_provide_US130988" name="Create a Warehouse Movement for created yard" time="43.827">
      <system-out><![CDATA[
COMMAND: POST /session/fe219389c4a652ed804fe0697356972e/execute/async - {"script":"<script> [1562 bytes]","args":[{"selector":{"controlType":"sap.m.GenericTile","properties":{"header":"Manage Warehouse Movements"}},"wdio_ui5_key":"sapm.GenericTile{\"header\":\"Manage Warehouse Movements\"}"}]}
RESULT: {"script":"<script> [1562 bytes]","args":[{"selector":{"controlType":"sap.m.GenericTile","properties":{"header":"Manage Warehouse Movements"}},"wdio_ui5_key":"sapm.GenericTile{\"header\":\"Manage Warehouse Movements\"}"}]}
RESULT: undefined
COMMAND: POST /session/fe219389c4a652ed804fe0697356972e/element - {"using":"xpath","value":"//*[@id=\"__tile105\"]"}
RESULT: {"using":"xpath","value":"//*[@id=\"__tile105\"]"}
COMMAND: POST /session/fe219389c4a652ed804fe0697356972e/element/f.AE569C338F7BE8C487FB69BDD94B5641.d.50EA2AD1ABB1898340B71A965A2F20F2.e.25979/click - {}
RESULT: {}
COMMAND: POST /session/fe219389c4a652ed804fe0697356972e/element - {"using":"xpath","value":"//input[@id='application-warehousemovements-display-component---warehouseMovements--smartFilterBar-filterItemControl_BASIC-YARD-inner']"}
COMMAND: GET /session/fe219389c4a652ed804fe0697356972e/screenshot - {}
RESULT: {"using":"xpath","value":"//input[@id='application-warehousemovements-display-component---warehouseMovements--smartFilterBar-filterItemControl_BASIC-YARD-inner']"}
COMMAND: POST /session/fe219389c4a652ed804fe0697356972e/elements - {"using":"xpath","value":"//input[@id='application-warehousemovements-display-component---warehouseMovements--smartFilterBar-filterItemControl_BASIC-YARD-inner']"}
RESULT: {}
RESULT: {"using":"xpath","value":"//input[@id='application-warehousemovements-display-component---warehouseMovements--smartFilterBar-filterItemControl_BASIC-YARD-inner']"}
COMMAND: POST /session/fe219389c4a652ed804fe0697356972e/element - {"using":"xpath","value":"//input[@id='application-warehousemovements-display-component---warehouseMovements--smartFilterBar-filterItemControl_BASIC-YARD-inner']"}
RESULT: {"using":"xpath","value":"//input[@id='application-warehousemovements-display-component---warehouseMovements--smartFilterBar-filterItemControl_BASIC-YARD-inner']"}
COMMAND: POST /session/fe219389c4a652ed804fe0697356972e/execute/sync - {"script":"<script> [8489 bytes]","args":[{"element-6066-11e4-a52e-4f735466cecf":"f.AE569C338F7BE8C487FB69BDD94B5641.d.50EA2AD1ABB1898340B71A965A2F20F2.e.25988","ELEMENT":"f.AE569C338F7BE8C487FB69BDD94B5641.d.50EA2AD1ABB1898340B71A965A2F20F2.e.25988"}]}
RESULT: {"script":"<script> [8489 bytes]","args":[{"element-6066-11e4-a52e-4f735466cecf":"f.AE569C338F7BE8C487FB69BDD94B5641.d.50EA2AD1ABB1898340B71A965A2F20F2.e.25988","ELEMENT":"f.AE569C338F7BE8C487FB69BDD94B5641.d.50EA2AD1ABB1898340B71A965A2F20F2.e.25988"}]}
COMMAND: GET /session/fe219389c4a652ed804fe0697356972e/element/f.AE569C338F7BE8C487FB69BDD94B5641.d.50EA2AD1ABB1898340B71A965A2F20F2.e.25988/enabled - {}
COMMAND: GET /session/fe219389c4a652ed804fe0697356972e/screenshot - {}
RESULT: {}
COMMAND: POST /session/fe219389c4a652ed804fe0697356972e/execute/sync - {"script":"<script> [8489 bytes]","args":[{"element-6066-11e4-a52e-4f735466cecf":"f.AE569C338F7BE8C487FB69BDD94B5641.d.50EA2AD1ABB1898340B71A965A2F20F2.e.25988","ELEMENT":"f.AE569C338F7BE8C487FB69BDD94B5641.d.50EA2AD1ABB1898340B71A965A2F20F2.e.25988"}]}
COMMAND: GET /session/fe219389c4a652ed804fe0697356972e/screenshot - {}
RESULT: {}
RESULT: {"script":"<script> [8489 bytes]","args":[{"element-6066-11e4-a52e-4f735466cecf":"f.AE569C338F7BE8C487FB69BDD94B5641.d.50EA2AD1ABB1898340B71A965A2F20F2.e.25988","ELEMENT":"f.AE569C338F7BE8C487FB69BDD94B5641.d.50EA2AD1ABB1898340B71A965A2F20F2.e.25988"}]}
COMMAND: POST /session/fe219389c4a652ed804fe0697356972e/execute/sync - {"script":"<script> [5351 bytes]","args":[{"element-6066-11e4-a52e-4f735466cecf":"f.AE569C338F7BE8C487FB69BDD94B5641.d.50EA2AD1ABB1898340B71A965A2F20F2.e.25988","ELEMENT":"f.AE569C338F7BE8C487FB69BDD94B5641.d.50EA2AD1ABB1898340B71A965A2F20F2.e.25988"}]}
COMMAND: GET /session/fe219389c4a652ed804fe0697356972e/screenshot - {}
RESULT: {}
RESULT: {"script":"<script> [5351 bytes]","args":[{"element-6066-11e4-a52e-4f735466cecf":"f.AE569C338F7BE8C487FB69BDD94B5641.d.50EA2AD1ABB1898340B71A965A2F20F2.e.25988","ELEMENT":"f.AE569C338F7BE8C487FB69BDD94B5641.d.50EA2AD1ABB1898340B71A965A2F20F2.e.25988"}]}
COMMAND: GET /session/fe219389c4a652ed804fe0697356972e/screenshot - {}
RESULT: {}
RESULT: {}
COMMAND: POST /session/fe219389c4a652ed804fe0697356972e/element/f.AE569C338F7BE8C487FB69BDD94B5641.d.50EA2AD1ABB1898340B71A965A2F20F2.e.25988/clear - {}
RESULT: {}
COMMAND: POST /session/fe219389c4a652ed804fe0697356972e/element/f.AE569C338F7BE8C487FB69BDD94B5641.d.50EA2AD1ABB1898340B71A965A2F20F2.e.25988/value - {"text":"462"}
COMMAND: GET /session/fe219389c4a652ed804fe0697356972e/screenshot - {}
RESULT: {"text":"462"}
COMMAND: POST /session/fe219389c4a652ed804fe0697356972e/actions - {"actions":[{"id":"action81","type":"key","parameters":{},"actions":[{"type":"keyDown","value":""},{"type":"pause","duration":10},{"type":"keyUp","value":""}]}]}
COMMAND: GET /session/fe219389c4a652ed804fe0697356972e/screenshot - {}
RESULT: {}
RESULT: {"actions":[{"id":"action81","type":"key","parameters":{},"actions":[{"type":"keyDown","value":""},{"type":"pause","duration":10},{"type":"keyUp","value":""}]}]}
COMMAND: GET /session/fe219389c4a652ed804fe0697356972e/screenshot - {}
RESULT: {}
RESULT: {}
COMMAND: POST /session/fe219389c4a652ed804fe0697356972e/element - {"using":"xpath","value":"//button[contains(@data-kt, \"MasterMovementAddOverflowToolbarButton\")]"}
RESULT: {"using":"xpath","value":"//button[contains(@data-kt, \"MasterMovementAddOverflowToolbarButton\")]"}
COMMAND: POST /session/fe219389c4a652ed804fe0697356972e/element/f.AE569C338F7BE8C487FB69BDD94B5641.d.50EA2AD1ABB1898340B71A965A2F20F2.e.26024/click - {}
RESULT: {}
COMMAND: GET /session/fe219389c4a652ed804fe0697356972e/screenshot - {}
RESULT: {}
COMMAND: POST /session/fe219389c4a652ed804fe0697356972e/element - {"using":"xpath","value":"//*[@id=\"application-warehousemovements-display-component---addMovement--sectionsList-arrow\"]"}
RESULT: {"using":"xpath","value":"//*[@id=\"application-warehousemovements-display-component---addMovement--sectionsList-arrow\"]"}
COMMAND: POST /session/fe219389c4a652ed804fe0697356972e/element/f.AE569C338F7BE8C487FB69BDD94B5641.d.50EA2AD1ABB1898340B71A965A2F20F2.e.26226/click - {}
RESULT: {}
COMMAND: POST /session/fe219389c4a652ed804fe0697356972e/actions - {"actions":[{"id":"action82","type":"key","parameters":{},"actions":[{"type":"keyDown","value":""},{"type":"pause","duration":10},{"type":"keyUp","value":""}]}]}
COMMAND: GET /session/fe219389c4a652ed804fe0697356972e/screenshot - {}
RESULT: {"actions":[{"id":"action82","type":"key","parameters":{},"actions":[{"type":"keyDown","value":""},{"type":"pause","duration":10},{"type":"keyUp","value":""}]}]}
COMMAND: GET /session/fe219389c4a652ed804fe0697356972e/screenshot - {}
RESULT: {}
RESULT: {}
COMMAND: POST /session/fe219389c4a652ed804fe0697356972e/actions - {"actions":[{"id":"action83","type":"key","parameters":{},"actions":[{"type":"keyDown","value":""},{"type":"pause","duration":10},{"type":"keyUp","value":""}]}]}
RESULT: {"actions":[{"id":"action83","type":"key","parameters":{},"actions":[{"type":"keyDown","value":""},{"type":"pause","duration":10},{"type":"keyUp","value":""}]}]}
COMMAND: GET /session/fe219389c4a652ed804fe0697356972e/screenshot - {}
RESULT: {}
COMMAND: POST /session/fe219389c4a652ed804fe0697356972e/element - {"using":"xpath","value":"//*[@id=\"application-warehousemovements-display-component---addMovement--saveMovementBtn-BDI-content\" and text()=\"Save\"]"}
RESULT: {"using":"xpath","value":"//*[@id=\"application-warehousemovements-display-component---addMovement--saveMovementBtn-BDI-content\" and text()=\"Save\"]"}
COMMAND: POST /session/fe219389c4a652ed804fe0697356972e/element/f.AE569C338F7BE8C487FB69BDD94B5641.d.50EA2AD1ABB1898340B71A965A2F20F2.e.26229/click - {}
RESULT: {}
COMMAND: GET /session/fe219389c4a652ed804fe0697356972e/screenshot - {}
RESULT: {}
COMMAND: POST /session/fe219389c4a652ed804fe0697356972e/element - {"using":"css selector","value":"#shell-header-logo"}
RESULT: {"using":"css selector","value":"#shell-header-logo"}
COMMAND: POST /session/fe219389c4a652ed804fe0697356972e/element/f.AE569C338F7BE8C487FB69BDD94B5641.d.50EA2AD1ABB1898340B71A965A2F20F2.e.25983/click - {}
RESULT: {}
COMMAND: GET /session/fe219389c4a652ed804fe0697356972e/screenshot - {}
RESULT: {}
]]></system-out>
    </testcase>
    <testcase classname="chrome.136_0_7103_93.windows.Create_masterdata_for_Yard_Overview_-_trigger_provide_US130988" name="Should do a stock increase handover for equipment" time="84.405">
      <system-out><![CDATA[
COMMAND: POST /session/fe219389c4a652ed804fe0697356972e/execute/async - {"script":"<script> [1562 bytes]","args":[{"selector":{"controlType":"sap.m.GenericTile","properties":{"header":"Manage Handovers"}},"wdio_ui5_key":"sapm.GenericTile{\"header\":\"Manage Handovers\"}"}]}
RESULT: {"script":"<script> [1562 bytes]","args":[{"selector":{"controlType":"sap.m.GenericTile","properties":{"header":"Manage Handovers"}},"wdio_ui5_key":"sapm.GenericTile{\"header\":\"Manage Handovers\"}"}]}
RESULT: undefined
COMMAND: POST /session/fe219389c4a652ed804fe0697356972e/element - {"using":"xpath","value":"//*[@id=\"__tile133\"]"}
RESULT: {"using":"xpath","value":"//*[@id=\"__tile133\"]"}
COMMAND: POST /session/fe219389c4a652ed804fe0697356972e/element/f.AE569C338F7BE8C487FB69BDD94B5641.d.50EA2AD1ABB1898340B71A965A2F20F2.e.25289/click - {}
RESULT: {}
COMMAND: GET /session/fe219389c4a652ed804fe0697356972e/screenshot - {}
RESULT: {}
COMMAND: POST /session/fe219389c4a652ed804fe0697356972e/elements - {"using":"xpath","value":"//span[text()='Error']"}
RESULT: {"using":"xpath","value":"//span[text()='Error']"}
COMMAND: POST /session/fe219389c4a652ed804fe0697356972e/element - {"using":"xpath","value":"//button[@data-kt=\"masterHOAddButton\"]"}
RESULT: {"using":"xpath","value":"//button[@data-kt=\"masterHOAddButton\"]"}
COMMAND: POST /session/fe219389c4a652ed804fe0697356972e/elements - {"using":"xpath","value":"//button[@data-kt=\"masterHOAddButton\"]"}
RESULT: {"using":"xpath","value":"//button[@data-kt=\"masterHOAddButton\"]"}
COMMAND: POST /session/fe219389c4a652ed804fe0697356972e/execute/sync - {"script":"<script> [8489 bytes]","args":[{"element-6066-11e4-a52e-4f735466cecf":"f.AE569C338F7BE8C487FB69BDD94B5641.d.50EA2AD1ABB1898340B71A965A2F20F2.e.26340","ELEMENT":"f.AE569C338F7BE8C487FB69BDD94B5641.d.50EA2AD1ABB1898340B71A965A2F20F2.e.26340"}]}
RESULT: {"script":"<script> [8489 bytes]","args":[{"element-6066-11e4-a52e-4f735466cecf":"f.AE569C338F7BE8C487FB69BDD94B5641.d.50EA2AD1ABB1898340B71A965A2F20F2.e.26340","ELEMENT":"f.AE569C338F7BE8C487FB69BDD94B5641.d.50EA2AD1ABB1898340B71A965A2F20F2.e.26340"}]}
COMMAND: GET /session/fe219389c4a652ed804fe0697356972e/element/f.AE569C338F7BE8C487FB69BDD94B5641.d.50EA2AD1ABB1898340B71A965A2F20F2.e.26340/enabled - {}
COMMAND: GET /session/fe219389c4a652ed804fe0697356972e/screenshot - {}
RESULT: {}
COMMAND: POST /session/fe219389c4a652ed804fe0697356972e/execute/sync - {"script":"<script> [8489 bytes]","args":[{"element-6066-11e4-a52e-4f735466cecf":"f.AE569C338F7BE8C487FB69BDD94B5641.d.50EA2AD1ABB1898340B71A965A2F20F2.e.26340","ELEMENT":"f.AE569C338F7BE8C487FB69BDD94B5641.d.50EA2AD1ABB1898340B71A965A2F20F2.e.26340"}]}
COMMAND: GET /session/fe219389c4a652ed804fe0697356972e/screenshot - {}
RESULT: {}
RESULT: {"script":"<script> [8489 bytes]","args":[{"element-6066-11e4-a52e-4f735466cecf":"f.AE569C338F7BE8C487FB69BDD94B5641.d.50EA2AD1ABB1898340B71A965A2F20F2.e.26340","ELEMENT":"f.AE569C338F7BE8C487FB69BDD94B5641.d.50EA2AD1ABB1898340B71A965A2F20F2.e.26340"}]}
COMMAND: POST /session/fe219389c4a652ed804fe0697356972e/execute/sync - {"script":"<script> [5351 bytes]","args":[{"element-6066-11e4-a52e-4f735466cecf":"f.AE569C338F7BE8C487FB69BDD94B5641.d.50EA2AD1ABB1898340B71A965A2F20F2.e.26340","ELEMENT":"f.AE569C338F7BE8C487FB69BDD94B5641.d.50EA2AD1ABB1898340B71A965A2F20F2.e.26340"}]}
COMMAND: GET /session/fe219389c4a652ed804fe0697356972e/screenshot - {}
RESULT: {}
RESULT: {"script":"<script> [5351 bytes]","args":[{"element-6066-11e4-a52e-4f735466cecf":"f.AE569C338F7BE8C487FB69BDD94B5641.d.50EA2AD1ABB1898340B71A965A2F20F2.e.26340","ELEMENT":"f.AE569C338F7BE8C487FB69BDD94B5641.d.50EA2AD1ABB1898340B71A965A2F20F2.e.26340"}]}
COMMAND: POST /session/fe219389c4a652ed804fe0697356972e/element/f.AE569C338F7BE8C487FB69BDD94B5641.d.50EA2AD1ABB1898340B71A965A2F20F2.e.26340/click - {}
COMMAND: GET /session/fe219389c4a652ed804fe0697356972e/screenshot - {}
RESULT: {}
RESULT: {}
RESULT: {}
COMMAND: GET /session/fe219389c4a652ed804fe0697356972e/screenshot - {}
RESULT: {}
COMMAND: POST /session/fe219389c4a652ed804fe0697356972e/element - {"using":"xpath","value":"//span[contains(@id ,\"AddNewHO--typeSelect-arrow\")]"}
RESULT: {"using":"xpath","value":"//span[contains(@id ,\"AddNewHO--typeSelect-arrow\")]"}
COMMAND: POST /session/fe219389c4a652ed804fe0697356972e/element/f.AE569C338F7BE8C487FB69BDD94B5641.d.50EA2AD1ABB1898340B71A965A2F20F2.e.26705/click - {}
RESULT: {}
COMMAND: GET /session/fe219389c4a652ed804fe0697356972e/screenshot - {}
RESULT: {}
COMMAND: POST /session/fe219389c4a652ed804fe0697356972e/element - {"using":"xpath","value":"(//li[contains(text(), \"stock increase yard\")])[1]"}
RESULT: {"using":"xpath","value":"(//li[contains(text(), \"stock increase yard\")])[1]"}
COMMAND: POST /session/fe219389c4a652ed804fe0697356972e/element/f.AE569C338F7BE8C487FB69BDD94B5641.d.50EA2AD1ABB1898340B71A965A2F20F2.e.26706/click - {}
RESULT: {}
COMMAND: GET /session/fe219389c4a652ed804fe0697356972e/screenshot - {}
RESULT: {}
COMMAND: POST /session/fe219389c4a652ed804fe0697356972e/execute/async - {"script":"<script> [1562 bytes]","args":[{"selector":{"id":"application-managehandovers-display-component---AddNewHO--dueDate","interaction":{"idSuffix":"inner"}},"wdio_ui5_key":"applicationmanagehandovers-display-component---AddNewHO--dueDate"}]}
RESULT: {"script":"<script> [1562 bytes]","args":[{"selector":{"id":"application-managehandovers-display-component---AddNewHO--dueDate","interaction":{"idSuffix":"inner"}},"wdio_ui5_key":"applicationmanagehandovers-display-component---AddNewHO--dueDate"}]}
RESULT: undefined
COMMAND: POST /session/fe219389c4a652ed804fe0697356972e/execute/async - {"script":"<script> [6424 bytes]","args":[{"element-6066-11e4-a52e-4f735466cecf":"f.AE569C338F7BE8C487FB69BDD94B5641.d.50EA2AD1ABB1898340B71A965A2F20F2.e.26708"},"setValue",["5/29/25"]]}
RESULT: {"script":"<script> [6424 bytes]","args":[{"element-6066-11e4-a52e-4f735466cecf":"f.AE569C338F7BE8C487FB69BDD94B5641.d.50EA2AD1ABB1898340B71A965A2F20F2.e.26708"},"setValue",["5/29/25"]]}
COMMAND: POST /session/fe219389c4a652ed804fe0697356972e/element - {"using":"xpath","value":"//input[@id=\"generalSectionFrg--receiveYard-inner\"]"}
RESULT: {"using":"xpath","value":"//input[@id=\"generalSectionFrg--receiveYard-inner\"]"}
COMMAND: POST /session/fe219389c4a652ed804fe0697356972e/element/f.AE569C338F7BE8C487FB69BDD94B5641.d.50EA2AD1ABB1898340B71A965A2F20F2.e.26714/clear - {}
RESULT: {}
COMMAND: POST /session/fe219389c4a652ed804fe0697356972e/element/f.AE569C338F7BE8C487FB69BDD94B5641.d.50EA2AD1ABB1898340B71A965A2F20F2.e.26714/value - {"text":"462"}
COMMAND: GET /session/fe219389c4a652ed804fe0697356972e/screenshot - {}
RESULT: {"text":"462"}
COMMAND: GET /session/fe219389c4a652ed804fe0697356972e/screenshot - {}
RESULT: {}
RESULT: {}
COMMAND: POST /session/fe219389c4a652ed804fe0697356972e/element - {"using":"xpath","value":"//li[.//span[contains(text(),'462')]]"}
RESULT: {"using":"xpath","value":"//li[.//span[contains(text(),'462')]]"}
COMMAND: POST /session/fe219389c4a652ed804fe0697356972e/element/f.AE569C338F7BE8C487FB69BDD94B5641.d.50EA2AD1ABB1898340B71A965A2F20F2.e.26731/click - {}
RESULT: {}
COMMAND: GET /session/fe219389c4a652ed804fe0697356972e/screenshot - {}
RESULT: {}
COMMAND: POST /session/fe219389c4a652ed804fe0697356972e/execute/async - {"script":"<script> [1562 bytes]","args":[{"selector":{"id":"application-managehandovers-display-component---AddNewHO--ObjectPageLayout-anchBar-application-managehandovers-display-component---AddNewHO--section4-anchor","interaction":{"idSuffix":"BDI-content"}},"wdio_ui5_key":"applicationmanagehandovers-display-component---AddNewHO--ObjectPageLayout-anchBar-application-managehandovers-display-component---AddNewHO--section4-anchor"}]}
RESULT: {"script":"<script> [1562 bytes]","args":[{"selector":{"id":"application-managehandovers-display-component---AddNewHO--ObjectPageLayout-anchBar-application-managehandovers-display-component---AddNewHO--section4-anchor","interaction":{"idSuffix":"BDI-content"}},"wdio_ui5_key":"applicationmanagehandovers-display-component---AddNewHO--ObjectPageLayout-anchBar-application-managehandovers-display-component---AddNewHO--section4-anchor"}]}
RESULT: undefined
COMMAND: POST /session/fe219389c4a652ed804fe0697356972e/element - {"using":"xpath","value":"//*[@id=\"application-managehandovers-display-component---AddNewHO--ObjectPageLayout-anchBar-application-managehandovers-display-component---AddNewHO--section4-anchor\"]"}
RESULT: {"using":"xpath","value":"//*[@id=\"application-managehandovers-display-component---AddNewHO--ObjectPageLayout-anchBar-application-managehandovers-display-component---AddNewHO--section4-anchor\"]"}
COMMAND: POST /session/fe219389c4a652ed804fe0697356972e/element/f.AE569C338F7BE8C487FB69BDD94B5641.d.50EA2AD1ABB1898340B71A965A2F20F2.e.26733/click - {}
RESULT: {}
COMMAND: POST /session/fe219389c4a652ed804fe0697356972e/element - {"using":"xpath","value":"//button[@aria-label=\"Add\"]"}
COMMAND: GET /session/fe219389c4a652ed804fe0697356972e/screenshot - {}
RESULT: {"using":"xpath","value":"//button[@aria-label=\"Add\"]"}
COMMAND: POST /session/fe219389c4a652ed804fe0697356972e/element/f.AE569C338F7BE8C487FB69BDD94B5641.d.50EA2AD1ABB1898340B71A965A2F20F2.e.26735/click - {}
RESULT: {}
RESULT: {}
COMMAND: GET /session/fe219389c4a652ed804fe0697356972e/screenshot - {}
RESULT: {}
COMMAND: POST /session/fe219389c4a652ed804fe0697356972e/execute/async - {"script":"<script> [1562 bytes]","args":[{"selector":{"id":"application-managehandovers-display-component---AddNewHO--smartFilterBar-btnBasicSearch","searchOpenDialogs":true,"interaction":{"idSuffix":"I"}},"wdio_ui5_key":"applicationmanagehandovers-display-component---AddNewHO--smartFilterBar-btnBasicSearch"}]}
RESULT: {"script":"<script> [1562 bytes]","args":[{"selector":{"id":"application-managehandovers-display-component---AddNewHO--smartFilterBar-btnBasicSearch","searchOpenDialogs":true,"interaction":{"idSuffix":"I"}},"wdio_ui5_key":"applicationmanagehandovers-display-component---AddNewHO--smartFilterBar-btnBasicSearch"}]}
RESULT: undefined
COMMAND: POST /session/fe219389c4a652ed804fe0697356972e/execute/async - {"script":"<script> [776 bytes]","args":[{"enterText":"200262","selector":{"id":"application-managehandovers-display-component---AddNewHO--smartFilterBar-btnBasicSearch","searchOpenDialogs":true,"interaction":{"idSuffix":"I"}},"clearTextFirst":true,"interactionType":"ENTER_TEXT"}]}
RESULT: {"script":"<script> [776 bytes]","args":[{"enterText":"200262","selector":{"id":"application-managehandovers-display-component---AddNewHO--smartFilterBar-btnBasicSearch","searchOpenDialogs":true,"interaction":{"idSuffix":"I"}},"clearTextFirst":true,"interactionType":"ENTER_TEXT"}]}
COMMAND: POST /session/fe219389c4a652ed804fe0697356972e/actions - {"actions":[{"id":"action84","type":"key","parameters":{},"actions":[{"type":"keyDown","value":""},{"type":"pause","duration":10},{"type":"keyUp","value":""}]}]}
RESULT: {"actions":[{"id":"action84","type":"key","parameters":{},"actions":[{"type":"keyDown","value":""},{"type":"pause","duration":10},{"type":"keyUp","value":""}]}]}
COMMAND: GET /session/fe219389c4a652ed804fe0697356972e/screenshot - {}
RESULT: {}
COMMAND: POST /session/fe219389c4a652ed804fe0697356972e/execute/async - {"script":"<script> [1562 bytes]","args":[{"selector":{"id":"application-managehandovers-display-component---AddNewHO--popup-sa","searchOpenDialogs":true,"interaction":{"idSuffix":"CbBg"}},"wdio_ui5_key":"applicationmanagehandovers-display-component---AddNewHO--popup-sa"}]}
RESULT: {"script":"<script> [1562 bytes]","args":[{"selector":{"id":"application-managehandovers-display-component---AddNewHO--popup-sa","searchOpenDialogs":true,"interaction":{"idSuffix":"CbBg"}},"wdio_ui5_key":"applicationmanagehandovers-display-component---AddNewHO--popup-sa"}]}
RESULT: undefined
COMMAND: POST /session/fe219389c4a652ed804fe0697356972e/element - {"using":"xpath","value":"//*[@id=\"application-managehandovers-display-component---AddNewHO--popup-sa\"]"}
RESULT: {"using":"xpath","value":"//*[@id=\"application-managehandovers-display-component---AddNewHO--popup-sa\"]"}
COMMAND: POST /session/fe219389c4a652ed804fe0697356972e/element/f.AE569C338F7BE8C487FB69BDD94B5641.d.50EA2AD1ABB1898340B71A965A2F20F2.e.26888/click - {}
RESULT: {}
COMMAND: GET /session/fe219389c4a652ed804fe0697356972e/screenshot - {}
RESULT: {}
COMMAND: POST /session/fe219389c4a652ed804fe0697356972e/element - {"using":"xpath","value":"//bdi[contains(text(), \"Select\")]"}
RESULT: {"using":"xpath","value":"//bdi[contains(text(), \"Select\")]"}
COMMAND: POST /session/fe219389c4a652ed804fe0697356972e/element/f.AE569C338F7BE8C487FB69BDD94B5641.d.50EA2AD1ABB1898340B71A965A2F20F2.e.26889/click - {}
RESULT: {}
COMMAND: GET /session/fe219389c4a652ed804fe0697356972e/screenshot - {}
RESULT: {}
COMMAND: POST /session/fe219389c4a652ed804fe0697356972e/element - {"using":"xpath","value":"//button[@data-kt=\"AddNewHOSaveButton\"]"}
RESULT: {"using":"xpath","value":"//button[@data-kt=\"AddNewHOSaveButton\"]"}
COMMAND: POST /session/fe219389c4a652ed804fe0697356972e/element/f.AE569C338F7BE8C487FB69BDD94B5641.d.50EA2AD1ABB1898340B71A965A2F20F2.e.26893/click - {}
RESULT: {}
COMMAND: GET /session/fe219389c4a652ed804fe0697356972e/screenshot - {}
RESULT: {}
COMMAND: POST /session/fe219389c4a652ed804fe0697356972e/execute/async - {"script":"<script> [1562 bytes]","args":[{"selector":{"id":"receiptDatePicker","viewName":"etm.portal.ui.managehandovers.view.DetailExecuteHO","interaction":{"idSuffix":"inner"}},"wdio_ui5_key":"receiptDatePickeretmportal.ui.managehandovers.view.DetailExecuteHO"}]}
RESULT: {"script":"<script> [1562 bytes]","args":[{"selector":{"id":"receiptDatePicker","viewName":"etm.portal.ui.managehandovers.view.DetailExecuteHO","interaction":{"idSuffix":"inner"}},"wdio_ui5_key":"receiptDatePickeretmportal.ui.managehandovers.view.DetailExecuteHO"}]}
RESULT: undefined
COMMAND: POST /session/fe219389c4a652ed804fe0697356972e/execute/async - {"script":"<script> [6424 bytes]","args":[{"element-6066-11e4-a52e-4f735466cecf":"f.AE569C338F7BE8C487FB69BDD94B5641.d.50EA2AD1ABB1898340B71A965A2F20F2.e.26924"},"setValue",["5/29/25"]]}
RESULT: {"script":"<script> [6424 bytes]","args":[{"element-6066-11e4-a52e-4f735466cecf":"f.AE569C338F7BE8C487FB69BDD94B5641.d.50EA2AD1ABB1898340B71A965A2F20F2.e.26924"},"setValue",["5/29/25"]]}
COMMAND: POST /session/fe219389c4a652ed804fe0697356972e/element - {"using":"xpath","value":"//button[@data-kt=\"ReceivingTableConfirmAllButton\"]"}
RESULT: {"using":"xpath","value":"//button[@data-kt=\"ReceivingTableConfirmAllButton\"]"}
COMMAND: POST /session/fe219389c4a652ed804fe0697356972e/element/f.AE569C338F7BE8C487FB69BDD94B5641.d.50EA2AD1ABB1898340B71A965A2F20F2.e.26941/click - {}
RESULT: {}
COMMAND: GET /session/fe219389c4a652ed804fe0697356972e/screenshot - {}
RESULT: {}
COMMAND: POST /session/fe219389c4a652ed804fe0697356972e/element - {"using":"xpath","value":"//bdi[contains(text(), \"OK\")]"}
RESULT: {"using":"xpath","value":"//bdi[contains(text(), \"OK\")]"}
COMMAND: POST /session/fe219389c4a652ed804fe0697356972e/element/f.AE569C338F7BE8C487FB69BDD94B5641.d.50EA2AD1ABB1898340B71A965A2F20F2.e.26943/click - {}
RESULT: {}
COMMAND: GET /session/fe219389c4a652ed804fe0697356972e/screenshot - {}
RESULT: {}
COMMAND: POST /session/fe219389c4a652ed804fe0697356972e/element - {"using":"xpath","value":"(//bdi[contains(text(), \"Receive\")])[2]"}
RESULT: {"using":"xpath","value":"(//bdi[contains(text(), \"Receive\")])[2]"}
COMMAND: POST /session/fe219389c4a652ed804fe0697356972e/element/f.AE569C338F7BE8C487FB69BDD94B5641.d.50EA2AD1ABB1898340B71A965A2F20F2.e.26945/click - {}
RESULT: {}
COMMAND: GET /session/fe219389c4a652ed804fe0697356972e/screenshot - {}
RESULT: {}
COMMAND: POST /session/fe219389c4a652ed804fe0697356972e/element - {"using":"css selector","value":"#shell-header-logo"}
RESULT: {"using":"css selector","value":"#shell-header-logo"}
COMMAND: POST /session/fe219389c4a652ed804fe0697356972e/element/f.AE569C338F7BE8C487FB69BDD94B5641.d.50EA2AD1ABB1898340B71A965A2F20F2.e.26307/click - {}
RESULT: {}
COMMAND: GET /session/fe219389c4a652ed804fe0697356972e/screenshot - {}
RESULT: {}
]]></system-out>
    </testcase>
    <testcase classname="chrome.136_0_7103_93.windows.Create_masterdata_for_Yard_Overview_-_trigger_provide_US130988" name="Set status to defect" time="55.892">
      <system-out><![CDATA[
COMMAND: POST /session/fe219389c4a652ed804fe0697356972e/execute/async - {"script":"<script> [1562 bytes]","args":[{"selector":{"controlType":"sap.m.GenericTile","properties":{"header":"Manage States & Performance"}},"wdio_ui5_key":"sapm.GenericTile{\"header\":\"Manage States & Performance\"}"}]}
RESULT: {"script":"<script> [1562 bytes]","args":[{"selector":{"controlType":"sap.m.GenericTile","properties":{"header":"Manage States & Performance"}},"wdio_ui5_key":"sapm.GenericTile{\"header\":\"Manage States & Performance\"}"}]}
RESULT: undefined
COMMAND: POST /session/fe219389c4a652ed804fe0697356972e/element - {"using":"xpath","value":"//*[@id=\"__tile96\"]"}
RESULT: {"using":"xpath","value":"//*[@id=\"__tile96\"]"}
COMMAND: POST /session/fe219389c4a652ed804fe0697356972e/element/f.AE569C338F7BE8C487FB69BDD94B5641.d.50EA2AD1ABB1898340B71A965A2F20F2.e.25334/click - {}
RESULT: {}
COMMAND: GET /session/fe219389c4a652ed804fe0697356972e/screenshot - {}
RESULT: {}
COMMAND: POST /session/fe219389c4a652ed804fe0697356972e/elements - {"using":"xpath","value":"//span[text()='Error']"}
RESULT: {"using":"xpath","value":"//span[text()='Error']"}
COMMAND: POST /session/fe219389c4a652ed804fe0697356972e/execute/async - {"script":"<script> [1562 bytes]","args":[{"selector":{"controlType":"sap.ui.core.Icon","viewName":"etm.portal.ui.managestatesandperformance.view.Master","viewId":"application-managestatesandperformance-display-component---stateAndPerform","properties":{"src":{"regex":{"source":"inventory"}}}},"wdio_ui5_key":"etmportal.ui.managestatesandperformance.view.Mastersap.ui.core.Icon{\"src\":{\"regex\":{\"source\":\"inventory\"}}}"}]}
RESULT: {"script":"<script> [1562 bytes]","args":[{"selector":{"controlType":"sap.ui.core.Icon","viewName":"etm.portal.ui.managestatesandperformance.view.Master","viewId":"application-managestatesandperformance-display-component---stateAndPerform","properties":{"src":{"regex":{"source":"inventory"}}}},"wdio_ui5_key":"etmportal.ui.managestatesandperformance.view.Mastersap.ui.core.Icon{\"src\":{\"regex\":{\"source\":\"inventory\"}}}"}]}
RESULT: undefined
COMMAND: POST /session/fe219389c4a652ed804fe0697356972e/element - {"using":"xpath","value":"//*[@id=\"__filter57-icon\"]"}
RESULT: {"using":"xpath","value":"//*[@id=\"__filter57-icon\"]"}
COMMAND: POST /session/fe219389c4a652ed804fe0697356972e/element/f.AE569C338F7BE8C487FB69BDD94B5641.d.50EA2AD1ABB1898340B71A965A2F20F2.e.27206/click - {}
RESULT: {}
COMMAND: POST /session/fe219389c4a652ed804fe0697356972e/execute/async - {"script":"<script> [1562 bytes]","args":[{"selector":{"id":"application-managestatesandperformance-display-component---stateAndPerform--smartFilterBarYard-btnBasicSearch","interaction":{"idSuffix":"I"}},"wdio_ui5_key":"applicationmanagestatesandperformance-display-component---stateAndPerform--smartFilterBarYard-btnBasicSearch"}]}
COMMAND: GET /session/fe219389c4a652ed804fe0697356972e/screenshot - {}
RESULT: {"script":"<script> [1562 bytes]","args":[{"selector":{"id":"application-managestatesandperformance-display-component---stateAndPerform--smartFilterBarYard-btnBasicSearch","interaction":{"idSuffix":"I"}},"wdio_ui5_key":"applicationmanagestatesandperformance-display-component---stateAndPerform--smartFilterBarYard-btnBasicSearch"}]}
RESULT: undefined
COMMAND: POST /session/fe219389c4a652ed804fe0697356972e/execute/async - {"script":"<script> [776 bytes]","args":[{"enterText":"200262","selector":{"id":"application-managestatesandperformance-display-component---stateAndPerform--smartFilterBarYard-btnBasicSearch","interaction":{"idSuffix":"I"}},"clearTextFirst":true,"interactionType":"ENTER_TEXT"}]}
RESULT: {}
RESULT: {"script":"<script> [776 bytes]","args":[{"enterText":"200262","selector":{"id":"application-managestatesandperformance-display-component---stateAndPerform--smartFilterBarYard-btnBasicSearch","interaction":{"idSuffix":"I"}},"clearTextFirst":true,"interactionType":"ENTER_TEXT"}]}
COMMAND: POST /session/fe219389c4a652ed804fe0697356972e/actions - {"actions":[{"id":"action85","type":"key","parameters":{},"actions":[{"type":"keyDown","value":""},{"type":"pause","duration":10},{"type":"keyUp","value":""}]}]}
RESULT: {"actions":[{"id":"action85","type":"key","parameters":{},"actions":[{"type":"keyDown","value":""},{"type":"pause","duration":10},{"type":"keyUp","value":""}]}]}
COMMAND: GET /session/fe219389c4a652ed804fe0697356972e/screenshot - {}
RESULT: {}
COMMAND: POST /session/fe219389c4a652ed804fe0697356972e/element - {"using":"xpath","value":"(//span[contains(@id, \"imgNav\")])[1]"}
RESULT: {"using":"xpath","value":"(//span[contains(@id, \"imgNav\")])[1]"}
COMMAND: POST /session/fe219389c4a652ed804fe0697356972e/element/f.AE569C338F7BE8C487FB69BDD94B5641.d.50EA2AD1ABB1898340B71A965A2F20F2.e.27285/click - {}
RESULT: {}
COMMAND: GET /session/fe219389c4a652ed804fe0697356972e/screenshot - {}
RESULT: {}
COMMAND: POST /session/fe219389c4a652ed804fe0697356972e/execute/async - {"script":"<script> [1562 bytes]","args":[{"selector":{"controlType":"sap.m.Button","viewName":"etm.portal.ui.managestatesandperformance.view.Detail","viewId":"application-managestatesandperformance-display-component---detailStateAndPerform","i18NText":{"propertyName":"text","key":"createStateChange"},"interaction":{"idSuffix":"content"}},"wdio_ui5_key":"etmportal.ui.managestatesandperformance.view.Detailsap.m.Button{\"propertyName\":\"text\",\"key\":\"createStateChange\"}"}]}
RESULT: {"script":"<script> [1562 bytes]","args":[{"selector":{"controlType":"sap.m.Button","viewName":"etm.portal.ui.managestatesandperformance.view.Detail","viewId":"application-managestatesandperformance-display-component---detailStateAndPerform","i18NText":{"propertyName":"text","key":"createStateChange"},"interaction":{"idSuffix":"content"}},"wdio_ui5_key":"etmportal.ui.managestatesandperformance.view.Detailsap.m.Button{\"propertyName\":\"text\",\"key\":\"createStateChange\"}"}]}
RESULT: undefined
COMMAND: POST /session/fe219389c4a652ed804fe0697356972e/element - {"using":"xpath","value":"//*[@id=\"__button185\"]"}
RESULT: {"using":"xpath","value":"//*[@id=\"__button185\"]"}
COMMAND: POST /session/fe219389c4a652ed804fe0697356972e/element/f.AE569C338F7BE8C487FB69BDD94B5641.d.50EA2AD1ABB1898340B71A965A2F20F2.e.27327/click - {}
RESULT: {}
COMMAND: GET /session/fe219389c4a652ed804fe0697356972e/screenshot - {}
RESULT: {}
COMMAND: POST /session/fe219389c4a652ed804fe0697356972e/execute/async - {"script":"<script> [1562 bytes]","args":[{"selector":{"id":"addStateDialog--stateSelect","searchOpenDialogs":true,"interaction":{"idSuffix":"arrow"}},"wdio_ui5_key":"addStateDialogstateSelect"}]}
RESULT: {"script":"<script> [1562 bytes]","args":[{"selector":{"id":"addStateDialog--stateSelect","searchOpenDialogs":true,"interaction":{"idSuffix":"arrow"}},"wdio_ui5_key":"addStateDialogstateSelect"}]}
RESULT: undefined
COMMAND: POST /session/fe219389c4a652ed804fe0697356972e/element - {"using":"xpath","value":"//*[@id=\"addStateDialog--stateSelect\"]"}
RESULT: {"using":"xpath","value":"//*[@id=\"addStateDialog--stateSelect\"]"}
COMMAND: POST /session/fe219389c4a652ed804fe0697356972e/element/f.AE569C338F7BE8C487FB69BDD94B5641.d.50EA2AD1ABB1898340B71A965A2F20F2.e.27361/click - {}
RESULT: {}
COMMAND: GET /session/fe219389c4a652ed804fe0697356972e/screenshot - {}
RESULT: {}
COMMAND: POST /session/fe219389c4a652ed804fe0697356972e/element - {"using":"xpath","value":"//li[text()=\"defect\"]"}
RESULT: {"using":"xpath","value":"//li[text()=\"defect\"]"}
COMMAND: POST /session/fe219389c4a652ed804fe0697356972e/element/f.AE569C338F7BE8C487FB69BDD94B5641.d.50EA2AD1ABB1898340B71A965A2F20F2.e.27363/click - {}
RESULT: {}
COMMAND: GET /session/fe219389c4a652ed804fe0697356972e/screenshot - {}
RESULT: {}
COMMAND: POST /session/fe219389c4a652ed804fe0697356972e/element - {"using":"xpath","value":"//span[contains(@id,\"incrementBtn\")]"}
RESULT: {"using":"xpath","value":"//span[contains(@id,\"incrementBtn\")]"}
COMMAND: POST /session/fe219389c4a652ed804fe0697356972e/element/f.AE569C338F7BE8C487FB69BDD94B5641.d.50EA2AD1ABB1898340B71A965A2F20F2.e.27365/click - {}
RESULT: {}
COMMAND: GET /session/fe219389c4a652ed804fe0697356972e/screenshot - {}
RESULT: {}
COMMAND: POST /session/fe219389c4a652ed804fe0697356972e/element - {"using":"xpath","value":"//button[@data-kt=\"confirmAddStateButton\"]"}
RESULT: {"using":"xpath","value":"//button[@data-kt=\"confirmAddStateButton\"]"}
COMMAND: POST /session/fe219389c4a652ed804fe0697356972e/element/f.AE569C338F7BE8C487FB69BDD94B5641.d.50EA2AD1ABB1898340B71A965A2F20F2.e.27366/click - {}
RESULT: {}
COMMAND: GET /session/fe219389c4a652ed804fe0697356972e/screenshot - {}
RESULT: {}
COMMAND: POST /session/fe219389c4a652ed804fe0697356972e/element - {"using":"css selector","value":"#shell-header-logo"}
RESULT: {"using":"css selector","value":"#shell-header-logo"}
COMMAND: POST /session/fe219389c4a652ed804fe0697356972e/element/f.AE569C338F7BE8C487FB69BDD94B5641.d.50EA2AD1ABB1898340B71A965A2F20F2.e.27118/click - {}
RESULT: {}
COMMAND: GET /session/fe219389c4a652ed804fe0697356972e/screenshot - {}
RESULT: {}
]]></system-out>
    </testcase>
    <testcase classname="chrome.136_0_7103_93.windows.Create_masterdata_for_Yard_Overview_-_trigger_provide_US130988" name="Should do a Stock Decrease" time="99.617">
      <system-out><![CDATA[
RESULT: undefined
COMMAND: POST /session/fe219389c4a652ed804fe0697356972e/element - {"using":"xpath","value":"//*[@id=\"__tile133\"]"}
RESULT: {"using":"xpath","value":"//*[@id=\"__tile133\"]"}
COMMAND: POST /session/fe219389c4a652ed804fe0697356972e/element/f.AE569C338F7BE8C487FB69BDD94B5641.d.50EA2AD1ABB1898340B71A965A2F20F2.e.25289/click - {}
RESULT: {}
COMMAND: GET /session/fe219389c4a652ed804fe0697356972e/screenshot - {}
RESULT: {}
COMMAND: POST /session/fe219389c4a652ed804fe0697356972e/elements - {"using":"xpath","value":"//span[text()='Error']"}
RESULT: {"using":"xpath","value":"//span[text()='Error']"}
COMMAND: POST /session/fe219389c4a652ed804fe0697356972e/element - {"using":"xpath","value":"//button[@data-kt=\"masterHOAddButton\"]"}
RESULT: {"using":"xpath","value":"//button[@data-kt=\"masterHOAddButton\"]"}
COMMAND: POST /session/fe219389c4a652ed804fe0697356972e/elements - {"using":"xpath","value":"//button[@data-kt=\"masterHOAddButton\"]"}
RESULT: {"using":"xpath","value":"//button[@data-kt=\"masterHOAddButton\"]"}
COMMAND: POST /session/fe219389c4a652ed804fe0697356972e/execute/sync - {"script":"<script> [8489 bytes]","args":[{"element-6066-11e4-a52e-4f735466cecf":"f.AE569C338F7BE8C487FB69BDD94B5641.d.50EA2AD1ABB1898340B71A965A2F20F2.e.27400","ELEMENT":"f.AE569C338F7BE8C487FB69BDD94B5641.d.50EA2AD1ABB1898340B71A965A2F20F2.e.27400"}]}
RESULT: {"script":"<script> [8489 bytes]","args":[{"element-6066-11e4-a52e-4f735466cecf":"f.AE569C338F7BE8C487FB69BDD94B5641.d.50EA2AD1ABB1898340B71A965A2F20F2.e.27400","ELEMENT":"f.AE569C338F7BE8C487FB69BDD94B5641.d.50EA2AD1ABB1898340B71A965A2F20F2.e.27400"}]}
COMMAND: GET /session/fe219389c4a652ed804fe0697356972e/element/f.AE569C338F7BE8C487FB69BDD94B5641.d.50EA2AD1ABB1898340B71A965A2F20F2.e.27400/enabled - {}
COMMAND: GET /session/fe219389c4a652ed804fe0697356972e/screenshot - {}
RESULT: {}
COMMAND: POST /session/fe219389c4a652ed804fe0697356972e/execute/sync - {"script":"<script> [8489 bytes]","args":[{"element-6066-11e4-a52e-4f735466cecf":"f.AE569C338F7BE8C487FB69BDD94B5641.d.50EA2AD1ABB1898340B71A965A2F20F2.e.27400","ELEMENT":"f.AE569C338F7BE8C487FB69BDD94B5641.d.50EA2AD1ABB1898340B71A965A2F20F2.e.27400"}]}
COMMAND: GET /session/fe219389c4a652ed804fe0697356972e/screenshot - {}
RESULT: {}
RESULT: {"script":"<script> [8489 bytes]","args":[{"element-6066-11e4-a52e-4f735466cecf":"f.AE569C338F7BE8C487FB69BDD94B5641.d.50EA2AD1ABB1898340B71A965A2F20F2.e.27400","ELEMENT":"f.AE569C338F7BE8C487FB69BDD94B5641.d.50EA2AD1ABB1898340B71A965A2F20F2.e.27400"}]}
COMMAND: POST /session/fe219389c4a652ed804fe0697356972e/execute/sync - {"script":"<script> [5351 bytes]","args":[{"element-6066-11e4-a52e-4f735466cecf":"f.AE569C338F7BE8C487FB69BDD94B5641.d.50EA2AD1ABB1898340B71A965A2F20F2.e.27400","ELEMENT":"f.AE569C338F7BE8C487FB69BDD94B5641.d.50EA2AD1ABB1898340B71A965A2F20F2.e.27400"}]}
COMMAND: GET /session/fe219389c4a652ed804fe0697356972e/screenshot - {}
RESULT: {}
RESULT: {"script":"<script> [5351 bytes]","args":[{"element-6066-11e4-a52e-4f735466cecf":"f.AE569C338F7BE8C487FB69BDD94B5641.d.50EA2AD1ABB1898340B71A965A2F20F2.e.27400","ELEMENT":"f.AE569C338F7BE8C487FB69BDD94B5641.d.50EA2AD1ABB1898340B71A965A2F20F2.e.27400"}]}
COMMAND: POST /session/fe219389c4a652ed804fe0697356972e/element/f.AE569C338F7BE8C487FB69BDD94B5641.d.50EA2AD1ABB1898340B71A965A2F20F2.e.27400/click - {}
COMMAND: GET /session/fe219389c4a652ed804fe0697356972e/screenshot - {}
RESULT: {}
RESULT: {}
COMMAND: GET /session/fe219389c4a652ed804fe0697356972e/screenshot - {}
RESULT: {}
COMMAND: POST /session/fe219389c4a652ed804fe0697356972e/element - {"using":"xpath","value":"//span[contains(@id ,\"AddNewHO--typeSelect-arrow\")]"}
RESULT: {}
RESULT: {"using":"xpath","value":"//span[contains(@id ,\"AddNewHO--typeSelect-arrow\")]"}
COMMAND: POST /session/fe219389c4a652ed804fe0697356972e/element/f.AE569C338F7BE8C487FB69BDD94B5641.d.50EA2AD1ABB1898340B71A965A2F20F2.e.27824/click - {}
RESULT: {}
COMMAND: GET /session/fe219389c4a652ed804fe0697356972e/screenshot - {}
RESULT: {}
COMMAND: POST /session/fe219389c4a652ed804fe0697356972e/element - {"using":"xpath","value":"(//li[contains(text(), \"stock decrease yard\")])[1]"}
RESULT: {"using":"xpath","value":"(//li[contains(text(), \"stock decrease yard\")])[1]"}
COMMAND: POST /session/fe219389c4a652ed804fe0697356972e/element/f.AE569C338F7BE8C487FB69BDD94B5641.d.50EA2AD1ABB1898340B71A965A2F20F2.e.27825/click - {}
RESULT: {}
COMMAND: GET /session/fe219389c4a652ed804fe0697356972e/screenshot - {}
RESULT: {}
RESULT: undefined
COMMAND: POST /session/fe219389c4a652ed804fe0697356972e/execute/async - {"script":"<script> [6424 bytes]","args":[{"element-6066-11e4-a52e-4f735466cecf":"f.AE569C338F7BE8C487FB69BDD94B5641.d.50EA2AD1ABB1898340B71A965A2F20F2.e.26708"},"setValue",["5/29/25"]]}
COMMAND: POST /session/fe219389c4a652ed804fe0697356972e/execute/async - {"script":"<script> [1562 bytes]","args":[{"selector":{"id":"application-managehandovers-display-component---AddNewHO--dueDate","interaction":{"idSuffix":"inner"}},"wdio_ui5_key":"applicationmanagehandovers-display-component---AddNewHO--dueDate"}]}
RESULT: {"script":"<script> [1562 bytes]","args":[{"selector":{"id":"application-managehandovers-display-component---AddNewHO--dueDate","interaction":{"idSuffix":"inner"}},"wdio_ui5_key":"applicationmanagehandovers-display-component---AddNewHO--dueDate"}]}
COMMAND: POST /session/fe219389c4a652ed804fe0697356972e/execute/async - {"script":"<script> [6424 bytes]","args":[{"element-6066-11e4-a52e-4f735466cecf":"f.AE569C338F7BE8C487FB69BDD94B5641.d.50EA2AD1ABB1898340B71A965A2F20F2.e.27839"},"setValue",["5/29/25"]]}
RESULT: {"script":"<script> [6424 bytes]","args":[{"element-6066-11e4-a52e-4f735466cecf":"f.AE569C338F7BE8C487FB69BDD94B5641.d.50EA2AD1ABB1898340B71A965A2F20F2.e.27839"},"setValue",["5/29/25"]]}
COMMAND: POST /session/fe219389c4a652ed804fe0697356972e/element - {"using":"xpath","value":"//input[@id=\"generalSectionFrg--sendYard-inner\"]"}
RESULT: {"using":"xpath","value":"//input[@id=\"generalSectionFrg--sendYard-inner\"]"}
COMMAND: POST /session/fe219389c4a652ed804fe0697356972e/element/f.AE569C338F7BE8C487FB69BDD94B5641.d.50EA2AD1ABB1898340B71A965A2F20F2.e.27845/clear - {}
RESULT: {}
COMMAND: POST /session/fe219389c4a652ed804fe0697356972e/element/f.AE569C338F7BE8C487FB69BDD94B5641.d.50EA2AD1ABB1898340B71A965A2F20F2.e.27845/value - {"text":"462"}
COMMAND: GET /session/fe219389c4a652ed804fe0697356972e/screenshot - {}
RESULT: {"text":"462"}
COMMAND: GET /session/fe219389c4a652ed804fe0697356972e/screenshot - {}
RESULT: {}
RESULT: {}
COMMAND: POST /session/fe219389c4a652ed804fe0697356972e/element - {"using":"xpath","value":"//li[.//span[text()='462']]"}
RESULT: {"using":"xpath","value":"//li[.//span[text()='462']]"}
COMMAND: POST /session/fe219389c4a652ed804fe0697356972e/element/f.AE569C338F7BE8C487FB69BDD94B5641.d.50EA2AD1ABB1898340B71A965A2F20F2.e.27862/click - {}
RESULT: {}
COMMAND: GET /session/fe219389c4a652ed804fe0697356972e/screenshot - {}
RESULT: {}
COMMAND: POST /session/fe219389c4a652ed804fe0697356972e/execute/async - {"script":"<script> [1562 bytes]","args":[{"selector":{"controlType":"sap.ui.core.Icon","viewName":"etm.portal.ui.managehandovers.view.AddNewHO","viewId":"application-managehandovers-display-component---AddNewHO","properties":{"src":{"regex":{"source":"slim\\-arrow\\-down"}}},"ancestor":{"controlType":"etm.portal.ui.reusables.customControls.LiveSearchComboBox","viewName":"etm.portal.ui.managehandovers.view.AddNewHO","viewId":"application-managehandovers-display-component---AddNewHO","bindingPath":{"path":"","propertyPath":"/FORWARDER","modelName":"hoItemsModel"}}},"wdio_ui5_key":"etmportal.ui.managehandovers.view.AddNewHOsap.ui.core.Icon{\"src\":{\"regex\":{\"source\":\"slim\\\\-arrow\\\\-down\"}}}{\"controlType\":\"etm.portal.ui.reusables.customControls.LiveSearchComboBox\",\"viewName\":\"etm.portal.ui.managehandovers.view.AddNewHO\",\"viewId\":\"application-managehandovers-display-component---AddNewHO\",\"bindingPath\":{\"path\":\"\",\"propertyPath\":\"/FORWARDER\",\"modelName\":\"hoItemsModel\"}}"}]}
RESULT: {"script":"<script> [1562 bytes]","args":[{"selector":{"controlType":"sap.ui.core.Icon","viewName":"etm.portal.ui.managehandovers.view.AddNewHO","viewId":"application-managehandovers-display-component---AddNewHO","properties":{"src":{"regex":{"source":"slim\\-arrow\\-down"}}},"ancestor":{"controlType":"etm.portal.ui.reusables.customControls.LiveSearchComboBox","viewName":"etm.portal.ui.managehandovers.view.AddNewHO","viewId":"application-managehandovers-display-component---AddNewHO","bindingPath":{"path":"","propertyPath":"/FORWARDER","modelName":"hoItemsModel"}}},"wdio_ui5_key":"etmportal.ui.managehandovers.view.AddNewHOsap.ui.core.Icon{\"src\":{\"regex\":{\"source\":\"slim\\\\-arrow\\\\-down\"}}}{\"controlType\":\"etm.portal.ui.reusables.customControls.LiveSearchComboBox\",\"viewName\":\"etm.portal.ui.managehandovers.view.AddNewHO\",\"viewId\":\"application-managehandovers-display-component---AddNewHO\",\"bindingPath\":{\"path\":\"\",\"propertyPath\":\"/FORWARDER\",\"modelName\":\"hoItemsModel\"}}"}]}
RESULT: undefined
COMMAND: POST /session/fe219389c4a652ed804fe0697356972e/element - {"using":"xpath","value":"//*[@id=\"__box41-arrow\"]"}
RESULT: {"using":"xpath","value":"//*[@id=\"__box41-arrow\"]"}
COMMAND: POST /session/fe219389c4a652ed804fe0697356972e/element/f.AE569C338F7BE8C487FB69BDD94B5641.d.50EA2AD1ABB1898340B71A965A2F20F2.e.27863/click - {}
RESULT: {}
COMMAND: GET /session/fe219389c4a652ed804fe0697356972e/screenshot - {}
RESULT: {}
COMMAND: POST /session/fe219389c4a652ed804fe0697356972e/execute/async - {"script":"<script> [1562 bytes]","args":[{"selector":{"controlType":"sap.m.StandardListItem","viewName":"etm.portal.ui.managehandovers.view.AddNewHO","viewId":"application-managehandovers-display-component---AddNewHO","properties":{"title":"1002 - Test "},"searchOpenDialogs":true,"interaction":{"idSuffix":"content"}},"wdio_ui5_key":"etmportal.ui.managehandovers.view.AddNewHOsap.m.StandardListItem{\"title\":\"1002 - Test \"}"}]}
RESULT: {"script":"<script> [1562 bytes]","args":[{"selector":{"controlType":"sap.m.StandardListItem","viewName":"etm.portal.ui.managehandovers.view.AddNewHO","viewId":"application-managehandovers-display-component---AddNewHO","properties":{"title":"1002 - Test "},"searchOpenDialogs":true,"interaction":{"idSuffix":"content"}},"wdio_ui5_key":"etmportal.ui.managehandovers.view.AddNewHOsap.m.StandardListItem{\"title\":\"1002 - Test \"}"}]}
RESULT: undefined
COMMAND: POST /session/fe219389c4a652ed804fe0697356972e/element - {"using":"xpath","value":"//*[@id=\"__item1176\"]"}
RESULT: {"using":"xpath","value":"//*[@id=\"__item1176\"]"}
COMMAND: POST /session/fe219389c4a652ed804fe0697356972e/element/f.AE569C338F7BE8C487FB69BDD94B5641.d.50EA2AD1ABB1898340B71A965A2F20F2.e.27866/click - {}
RESULT: {}
COMMAND: GET /session/fe219389c4a652ed804fe0697356972e/screenshot - {}
RESULT: {}
COMMAND: POST /session/fe219389c4a652ed804fe0697356972e/execute/async - {"script":"<script> [1562 bytes]","args":[{"selector":{"controlType":"sap.m.Input","viewName":"etm.portal.ui.managehandovers.view.AddNewHO","viewId":"application-managehandovers-display-component---AddNewHO","bindingPath":{"path":"","propertyPath":"/DRIVER","modelName":"hoItemsModel"},"interaction":{"idSuffix":"inner"}},"wdio_ui5_key":"etmportal.ui.managehandovers.view.AddNewHOsap.m.Input{\"path\":\"\",\"propertyPath\":\"/DRIVER\",\"modelName\":\"hoItemsModel\"}"}]}
RESULT: {"script":"<script> [1562 bytes]","args":[{"selector":{"controlType":"sap.m.Input","viewName":"etm.portal.ui.managehandovers.view.AddNewHO","viewId":"application-managehandovers-display-component---AddNewHO","bindingPath":{"path":"","propertyPath":"/DRIVER","modelName":"hoItemsModel"},"interaction":{"idSuffix":"inner"}},"wdio_ui5_key":"etmportal.ui.managehandovers.view.AddNewHOsap.m.Input{\"path\":\"\",\"propertyPath\":\"/DRIVER\",\"modelName\":\"hoItemsModel\"}"}]}
RESULT: undefined
COMMAND: POST /session/fe219389c4a652ed804fe0697356972e/execute/async - {"script":"<script> [776 bytes]","args":[{"enterText":"StockDecrease Driver","selector":{"controlType":"sap.m.Input","viewName":"etm.portal.ui.managehandovers.view.AddNewHO","viewId":"application-managehandovers-display-component---AddNewHO","bindingPath":{"path":"","propertyPath":"/DRIVER","modelName":"hoItemsModel"},"interaction":{"idSuffix":"inner"}},"clearTextFirst":true,"interactionType":"ENTER_TEXT"}]}
RESULT: {"script":"<script> [776 bytes]","args":[{"enterText":"StockDecrease Driver","selector":{"controlType":"sap.m.Input","viewName":"etm.portal.ui.managehandovers.view.AddNewHO","viewId":"application-managehandovers-display-component---AddNewHO","bindingPath":{"path":"","propertyPath":"/DRIVER","modelName":"hoItemsModel"},"interaction":{"idSuffix":"inner"}},"clearTextFirst":true,"interactionType":"ENTER_TEXT"}]}
COMMAND: POST /session/fe219389c4a652ed804fe0697356972e/execute/async - {"script":"<script> [1562 bytes]","args":[{"selector":{"id":"application-managehandovers-display-component---AddNewHO--responsibleCB-arrow"},"wdio_ui5_key":"applicationmanagehandovers-display-component---AddNewHO--responsibleCB-arrow"}]}
RESULT: {"script":"<script> [1562 bytes]","args":[{"selector":{"id":"application-managehandovers-display-component---AddNewHO--responsibleCB-arrow"},"wdio_ui5_key":"applicationmanagehandovers-display-component---AddNewHO--responsibleCB-arrow"}]}
RESULT: undefined
COMMAND: POST /session/fe219389c4a652ed804fe0697356972e/element - {"using":"xpath","value":"//*[@id=\"application-managehandovers-display-component---AddNewHO--responsibleCB-arrow\"]"}
RESULT: {"using":"xpath","value":"//*[@id=\"application-managehandovers-display-component---AddNewHO--responsibleCB-arrow\"]"}
COMMAND: POST /session/fe219389c4a652ed804fe0697356972e/element/f.AE569C338F7BE8C487FB69BDD94B5641.d.50EA2AD1ABB1898340B71A965A2F20F2.e.27868/click - {}
RESULT: {}
COMMAND: GET /session/fe219389c4a652ed804fe0697356972e/screenshot - {}
RESULT: {}
COMMAND: POST /session/fe219389c4a652ed804fe0697356972e/execute/async - {"script":"<script> [1562 bytes]","args":[{"selector":{"controlType":"sap.m.StandardListItem","viewName":"etm.portal.ui.managehandovers.view.AddNewHO","viewId":"application-managehandovers-display-component---AddNewHO","properties":{"title":"1 - Test unit Update "},"searchOpenDialogs":true},"wdio_ui5_key":"etmportal.ui.managehandovers.view.AddNewHOsap.m.StandardListItem{\"title\":\"1 - Test unit Update \"}"}]}
RESULT: {"script":"<script> [1562 bytes]","args":[{"selector":{"controlType":"sap.m.StandardListItem","viewName":"etm.portal.ui.managehandovers.view.AddNewHO","viewId":"application-managehandovers-display-component---AddNewHO","properties":{"title":"1 - Test unit Update "},"searchOpenDialogs":true},"wdio_ui5_key":"etmportal.ui.managehandovers.view.AddNewHOsap.m.StandardListItem{\"title\":\"1 - Test unit Update \"}"}]}
RESULT: undefined
COMMAND: POST /session/fe219389c4a652ed804fe0697356972e/element - {"using":"xpath","value":"//*[@id=\"__item1275\"]"}
RESULT: {"using":"xpath","value":"//*[@id=\"__item1275\"]"}
COMMAND: POST /session/fe219389c4a652ed804fe0697356972e/element/f.AE569C338F7BE8C487FB69BDD94B5641.d.50EA2AD1ABB1898340B71A965A2F20F2.e.27869/click - {}
RESULT: {}
COMMAND: GET /session/fe219389c4a652ed804fe0697356972e/screenshot - {}
RESULT: {}
RESULT: undefined
COMMAND: POST /session/fe219389c4a652ed804fe0697356972e/element - {"using":"xpath","value":"//*[@id=\"application-managehandovers-display-component---AddNewHO--ObjectPageLayout-anchBar-application-managehandovers-display-component---AddNewHO--section4-anchor\"]"}
RESULT: {"using":"xpath","value":"//*[@id=\"application-managehandovers-display-component---AddNewHO--ObjectPageLayout-anchBar-application-managehandovers-display-component---AddNewHO--section4-anchor\"]"}
COMMAND: POST /session/fe219389c4a652ed804fe0697356972e/element/f.AE569C338F7BE8C487FB69BDD94B5641.d.50EA2AD1ABB1898340B71A965A2F20F2.e.27870/click - {}
RESULT: {}
COMMAND: GET /session/fe219389c4a652ed804fe0697356972e/screenshot - {}
RESULT: {}
COMMAND: POST /session/fe219389c4a652ed804fe0697356972e/execute/async - {"script":"<script> [1562 bytes]","args":[{"selector":{"controlType":"sap.ui.core.Icon","viewName":"etm.portal.ui.managehandovers.view.AddNewHO","viewId":"application-managehandovers-display-component---AddNewHO","properties":{"src":{"regex":{"source":"add"}}}},"wdio_ui5_key":"etmportal.ui.managehandovers.view.AddNewHOsap.ui.core.Icon{\"src\":{\"regex\":{\"source\":\"add\"}}}"}]}
RESULT: {"script":"<script> [1562 bytes]","args":[{"selector":{"controlType":"sap.ui.core.Icon","viewName":"etm.portal.ui.managehandovers.view.AddNewHO","viewId":"application-managehandovers-display-component---AddNewHO","properties":{"src":{"regex":{"source":"add"}}}},"wdio_ui5_key":"etmportal.ui.managehandovers.view.AddNewHOsap.ui.core.Icon{\"src\":{\"regex\":{\"source\":\"add\"}}}"}]}
RESULT: undefined
COMMAND: POST /session/fe219389c4a652ed804fe0697356972e/element - {"using":"xpath","value":"//*[@id=\"__button219-img\"]"}
RESULT: {"using":"xpath","value":"//*[@id=\"__button219-img\"]"}
COMMAND: POST /session/fe219389c4a652ed804fe0697356972e/element/f.AE569C338F7BE8C487FB69BDD94B5641.d.50EA2AD1ABB1898340B71A965A2F20F2.e.27873/click - {}
RESULT: {}
RESULT: undefined
COMMAND: POST /session/fe219389c4a652ed804fe0697356972e/execute/async - {"script":"<script> [776 bytes]","args":[{"enterText":"200262","selector":{"id":"application-managehandovers-display-component---AddNewHO--smartFilterBar-btnBasicSearch","searchOpenDialogs":true,"interaction":{"idSuffix":"I"}},"clearTextFirst":true,"interactionType":"ENTER_TEXT"}]}
COMMAND: GET /session/fe219389c4a652ed804fe0697356972e/screenshot - {}
RESULT: {"script":"<script> [776 bytes]","args":[{"enterText":"200262","selector":{"id":"application-managehandovers-display-component---AddNewHO--smartFilterBar-btnBasicSearch","searchOpenDialogs":true,"interaction":{"idSuffix":"I"}},"clearTextFirst":true,"interactionType":"ENTER_TEXT"}]}
RESULT: {}
RESULT: undefined
COMMAND: POST /session/fe219389c4a652ed804fe0697356972e/element - {"using":"xpath","value":"//*[@id=\"application-managehandovers-display-component---AddNewHO--popup-sa\"]"}
RESULT: {"using":"xpath","value":"//*[@id=\"application-managehandovers-display-component---AddNewHO--popup-sa\"]"}
COMMAND: POST /session/fe219389c4a652ed804fe0697356972e/element/f.AE569C338F7BE8C487FB69BDD94B5641.d.50EA2AD1ABB1898340B71A965A2F20F2.e.27910/click - {}
RESULT: {}
COMMAND: GET /session/fe219389c4a652ed804fe0697356972e/screenshot - {}
RESULT: {}
COMMAND: POST /session/fe219389c4a652ed804fe0697356972e/element - {"using":"xpath","value":"//*[contains(@id ,\"BDI-content\")][contains(text(), \"Select\")]"}
RESULT: {"using":"xpath","value":"//*[contains(@id ,\"BDI-content\")][contains(text(), \"Select\")]"}
COMMAND: POST /session/fe219389c4a652ed804fe0697356972e/element/f.AE569C338F7BE8C487FB69BDD94B5641.d.50EA2AD1ABB1898340B71A965A2F20F2.e.27911/click - {}
RESULT: {}
COMMAND: POST /session/fe219389c4a652ed804fe0697356972e/execute/async - {"script":"<script> [1562 bytes]","args":[{"selector":{"controlType":"sap.m.Button","viewName":"etm.portal.ui.managehandovers.view.AddNewHO","viewId":"application-managehandovers-display-component---AddNewHO","bindingPath":{"path":"/items/0","propertyPath":"QUANTITY","modelName":"hoItemsModel"},"interaction":{"idSuffix":"inner"}},"wdio_ui5_key":"etmportal.ui.managehandovers.view.AddNewHOsap.m.Button{\"path\":\"/items/0\",\"propertyPath\":\"QUANTITY\",\"modelName\":\"hoItemsModel\"}"}]}
COMMAND: GET /session/fe219389c4a652ed804fe0697356972e/screenshot - {}
RESULT: {"script":"<script> [1562 bytes]","args":[{"selector":{"controlType":"sap.m.Button","viewName":"etm.portal.ui.managehandovers.view.AddNewHO","viewId":"application-managehandovers-display-component---AddNewHO","bindingPath":{"path":"/items/0","propertyPath":"QUANTITY","modelName":"hoItemsModel"},"interaction":{"idSuffix":"inner"}},"wdio_ui5_key":"etmportal.ui.managehandovers.view.AddNewHOsap.m.Button{\"path\":\"/items/0\",\"propertyPath\":\"QUANTITY\",\"modelName\":\"hoItemsModel\"}"}]}
RESULT: undefined
COMMAND: POST /session/fe219389c4a652ed804fe0697356972e/element - {"using":"xpath","value":"//*[@id=\"__button220-__clone2557\"]"}
RESULT: {}
RESULT: {"using":"xpath","value":"//*[@id=\"__button220-__clone2557\"]"}
COMMAND: POST /session/fe219389c4a652ed804fe0697356972e/element/f.AE569C338F7BE8C487FB69BDD94B5641.d.50EA2AD1ABB1898340B71A965A2F20F2.e.27915/click - {}
RESULT: {}
COMMAND: POST /session/fe219389c4a652ed804fe0697356972e/execute/async - {"script":"<script> [1562 bytes]","args":[{"selector":{"controlType":"sap.m.NumericInput","viewName":"etm.portal.ui.managehandovers.view.AddNewHO","viewId":"application-managehandovers-display-component---AddNewHO","properties":{"value":"0"},"searchOpenDialogs":true,"interaction":{"idSuffix":"inner"}},"wdio_ui5_key":"etmportal.ui.managehandovers.view.AddNewHOsap.m.NumericInput{\"value\":\"0\"}"}]}
COMMAND: GET /session/fe219389c4a652ed804fe0697356972e/screenshot - {}
RESULT: {"script":"<script> [1562 bytes]","args":[{"selector":{"controlType":"sap.m.NumericInput","viewName":"etm.portal.ui.managehandovers.view.AddNewHO","viewId":"application-managehandovers-display-component---AddNewHO","properties":{"value":"0"},"searchOpenDialogs":true,"interaction":{"idSuffix":"inner"}},"wdio_ui5_key":"etmportal.ui.managehandovers.view.AddNewHOsap.m.NumericInput{\"value\":\"0\"}"}]}
RESULT: undefined
COMMAND: POST /session/fe219389c4a652ed804fe0697356972e/execute/async - {"script":"<script> [776 bytes]","args":[{"enterText":"1","selector":{"controlType":"sap.m.NumericInput","viewName":"etm.portal.ui.managehandovers.view.AddNewHO","viewId":"application-managehandovers-display-component---AddNewHO","properties":{"value":"0"},"searchOpenDialogs":true,"interaction":{"idSuffix":"inner"}},"clearTextFirst":true,"interactionType":"ENTER_TEXT"}]}
RESULT: {}
RESULT: {"script":"<script> [776 bytes]","args":[{"enterText":"1","selector":{"controlType":"sap.m.NumericInput","viewName":"etm.portal.ui.managehandovers.view.AddNewHO","viewId":"application-managehandovers-display-component---AddNewHO","properties":{"value":"0"},"searchOpenDialogs":true,"interaction":{"idSuffix":"inner"}},"clearTextFirst":true,"interactionType":"ENTER_TEXT"}]}
COMMAND: POST /session/fe219389c4a652ed804fe0697356972e/execute/async - {"script":"<script> [1562 bytes]","args":[{"selector":{"controlType":"sap.m.Button","viewName":"etm.portal.ui.managehandovers.view.AddNewHO","viewId":"application-managehandovers-display-component---AddNewHO","i18NText":{"propertyName":"text","key":"confirm"},"searchOpenDialogs":true,"interaction":{"idSuffix":"BDI-content"}},"wdio_ui5_key":"etmportal.ui.managehandovers.view.AddNewHOsap.m.Button{\"propertyName\":\"text\",\"key\":\"confirm\"}"}]}
RESULT: {"script":"<script> [1562 bytes]","args":[{"selector":{"controlType":"sap.m.Button","viewName":"etm.portal.ui.managehandovers.view.AddNewHO","viewId":"application-managehandovers-display-component---AddNewHO","i18NText":{"propertyName":"text","key":"confirm"},"searchOpenDialogs":true,"interaction":{"idSuffix":"BDI-content"}},"wdio_ui5_key":"etmportal.ui.managehandovers.view.AddNewHOsap.m.Button{\"propertyName\":\"text\",\"key\":\"confirm\"}"}]}
RESULT: undefined
COMMAND: POST /session/fe219389c4a652ed804fe0697356972e/element - {"using":"xpath","value":"//*[@id=\"__button223\"]"}
RESULT: {"using":"xpath","value":"//*[@id=\"__button223\"]"}
COMMAND: POST /session/fe219389c4a652ed804fe0697356972e/element/f.AE569C338F7BE8C487FB69BDD94B5641.d.50EA2AD1ABB1898340B71A965A2F20F2.e.27916/click - {}
RESULT: {}
COMMAND: POST /session/fe219389c4a652ed804fe0697356972e/execute/async - {"script":"<script> [1562 bytes]","args":[{"selector":{"id":"application-managehandovers-display-component---AddNewHO--confirmCreationButton","interaction":{"idSuffix":"inner"}},"wdio_ui5_key":"applicationmanagehandovers-display-component---AddNewHO--confirmCreationButton"}]}
COMMAND: GET /session/fe219389c4a652ed804fe0697356972e/screenshot - {}
RESULT: {"script":"<script> [1562 bytes]","args":[{"selector":{"id":"application-managehandovers-display-component---AddNewHO--confirmCreationButton","interaction":{"idSuffix":"inner"}},"wdio_ui5_key":"applicationmanagehandovers-display-component---AddNewHO--confirmCreationButton"}]}
RESULT: undefined
COMMAND: POST /session/fe219389c4a652ed804fe0697356972e/element - {"using":"xpath","value":"//*[@id=\"application-managehandovers-display-component---AddNewHO--confirmCreationButton\"]"}
RESULT: {}
RESULT: {"using":"xpath","value":"//*[@id=\"application-managehandovers-display-component---AddNewHO--confirmCreationButton\"]"}
COMMAND: POST /session/fe219389c4a652ed804fe0697356972e/element/f.AE569C338F7BE8C487FB69BDD94B5641.d.50EA2AD1ABB1898340B71A965A2F20F2.e.27927/click - {}
RESULT: {}
COMMAND: GET /session/fe219389c4a652ed804fe0697356972e/screenshot - {}
RESULT: {}
RESULT: undefined
COMMAND: POST /session/fe219389c4a652ed804fe0697356972e/execute/async - {"script":"<script> [776 bytes]","args":[{"enterText":"5/29/25","selector":{"id":"receiptDatePicker","viewName":"etm.portal.ui.managehandovers.view.DetailExecuteHO","interaction":{"idSuffix":"inner"}},"clearTextFirst":true,"interactionType":"ENTER_TEXT"}]}
RESULT: {"script":"<script> [776 bytes]","args":[{"enterText":"5/29/25","selector":{"id":"receiptDatePicker","viewName":"etm.portal.ui.managehandovers.view.DetailExecuteHO","interaction":{"idSuffix":"inner"}},"clearTextFirst":true,"interactionType":"ENTER_TEXT"}]}
COMMAND: POST /session/fe219389c4a652ed804fe0697356972e/element - {"using":"xpath","value":"//button[@data-kt=\"IssuingTableConfirmAllButton\"]"}
RESULT: {"using":"xpath","value":"//button[@data-kt=\"IssuingTableConfirmAllButton\"]"}
COMMAND: POST /session/fe219389c4a652ed804fe0697356972e/element/f.AE569C338F7BE8C487FB69BDD94B5641.d.50EA2AD1ABB1898340B71A965A2F20F2.e.27970/click - {}
RESULT: {}
COMMAND: GET /session/fe219389c4a652ed804fe0697356972e/screenshot - {}
RESULT: {}
COMMAND: POST /session/fe219389c4a652ed804fe0697356972e/element - {"using":"xpath","value":"//bdi[contains(text(), \"OK\")]"}
RESULT: {"using":"xpath","value":"//bdi[contains(text(), \"OK\")]"}
COMMAND: POST /session/fe219389c4a652ed804fe0697356972e/element/f.AE569C338F7BE8C487FB69BDD94B5641.d.50EA2AD1ABB1898340B71A965A2F20F2.e.27973/click - {}
RESULT: {}
COMMAND: GET /session/fe219389c4a652ed804fe0697356972e/screenshot - {}
RESULT: {}
COMMAND: POST /session/fe219389c4a652ed804fe0697356972e/element - {"using":"xpath","value":"//bdi[contains(text(), \"Issue\")]"}
RESULT: {"using":"xpath","value":"//bdi[contains(text(), \"Issue\")]"}
COMMAND: POST /session/fe219389c4a652ed804fe0697356972e/element/f.AE569C338F7BE8C487FB69BDD94B5641.d.50EA2AD1ABB1898340B71A965A2F20F2.e.27975/click - {}
RESULT: {}
COMMAND: GET /session/fe219389c4a652ed804fe0697356972e/screenshot - {}
RESULT: {}
COMMAND: POST /session/fe219389c4a652ed804fe0697356972e/element - {"using":"css selector","value":"#shell-header-logo"}
RESULT: {"using":"css selector","value":"#shell-header-logo"}
COMMAND: POST /session/fe219389c4a652ed804fe0697356972e/element/f.AE569C338F7BE8C487FB69BDD94B5641.d.50EA2AD1ABB1898340B71A965A2F20F2.e.27372/click - {}
RESULT: {}
COMMAND: GET /session/fe219389c4a652ed804fe0697356972e/screenshot - {}
RESULT: {}
COMMAND: POST /session/fe219389c4a652ed804fe0697356972e/element - {"using":"css selector","value":"#j_username"}
COMMAND: POST /session/fe219389c4a652ed804fe0697356972e/url - {"url":"https://qa-testing-00-live-etm-ui.cfapps.eu10-004.hana.ondemand.com/"}
RESULT: {"using":"css selector","value":"#j_username"}
COMMAND: POST /session/fe219389c4a652ed804fe0697356972e/element - {"using":"css selector","value":"#j_username"}
RESULT: {"url":"https://qa-testing-00-live-etm-ui.cfapps.eu10-004.hana.ondemand.com/"}
RESULT: undefined
COMMAND: GET /session/fe219389c4a652ed804fe0697356972e/screenshot - {}
RESULT: {"using":"css selector","value":"#j_username"}
COMMAND: POST /session/fe219389c4a652ed804fe0697356972e/element - {"using":"css selector","value":"#shell-header-logo"}
RESULT: {}
RESULT: {"using":"css selector","value":"#shell-header-logo"}
COMMAND: POST /session/fe219389c4a652ed804fe0697356972e/execute/sync - {"script":"<script> [8489 bytes]","args":[{"element-6066-11e4-a52e-4f735466cecf":"f.AE569C338F7BE8C487FB69BDD94B5641.d.B3503877C79FB020EEE97697C9353064.e.28326","ELEMENT":"f.AE569C338F7BE8C487FB69BDD94B5641.d.B3503877C79FB020EEE97697C9353064.e.28326"}]}
RESULT: {"script":"<script> [8489 bytes]","args":[{"element-6066-11e4-a52e-4f735466cecf":"f.AE569C338F7BE8C487FB69BDD94B5641.d.B3503877C79FB020EEE97697C9353064.e.28326","ELEMENT":"f.AE569C338F7BE8C487FB69BDD94B5641.d.B3503877C79FB020EEE97697C9353064.e.28326"}]}
COMMAND: POST /session/fe219389c4a652ed804fe0697356972e/element - {"using":"css selector","value":"#shell-header-logo"}
COMMAND: GET /session/fe219389c4a652ed804fe0697356972e/screenshot - {}
RESULT: {"using":"css selector","value":"#shell-header-logo"}
COMMAND: POST /session/fe219389c4a652ed804fe0697356972e/execute/sync - {"script":"<script> [8489 bytes]","args":[{"element-6066-11e4-a52e-4f735466cecf":"f.AE569C338F7BE8C487FB69BDD94B5641.d.B3503877C79FB020EEE97697C9353064.e.28326","ELEMENT":"f.AE569C338F7BE8C487FB69BDD94B5641.d.B3503877C79FB020EEE97697C9353064.e.28326"}]}
RESULT: {}
RESULT: {"script":"<script> [8489 bytes]","args":[{"element-6066-11e4-a52e-4f735466cecf":"f.AE569C338F7BE8C487FB69BDD94B5641.d.B3503877C79FB020EEE97697C9353064.e.28326","ELEMENT":"f.AE569C338F7BE8C487FB69BDD94B5641.d.B3503877C79FB020EEE97697C9353064.e.28326"}]}
COMMAND: POST /session/fe219389c4a652ed804fe0697356972e/execute/sync - {"script":"<script> [5351 bytes]","args":[{"element-6066-11e4-a52e-4f735466cecf":"f.AE569C338F7BE8C487FB69BDD94B5641.d.B3503877C79FB020EEE97697C9353064.e.28326","ELEMENT":"f.AE569C338F7BE8C487FB69BDD94B5641.d.B3503877C79FB020EEE97697C9353064.e.28326"}]}
COMMAND: GET /session/fe219389c4a652ed804fe0697356972e/screenshot - {}
RESULT: {"script":"<script> [5351 bytes]","args":[{"element-6066-11e4-a52e-4f735466cecf":"f.AE569C338F7BE8C487FB69BDD94B5641.d.B3503877C79FB020EEE97697C9353064.e.28326","ELEMENT":"f.AE569C338F7BE8C487FB69BDD94B5641.d.B3503877C79FB020EEE97697C9353064.e.28326"}]}
COMMAND: POST /session/fe219389c4a652ed804fe0697356972e/element - {"using":"css selector","value":"#shell-header-logo"}
COMMAND: GET /session/fe219389c4a652ed804fe0697356972e/screenshot - {}
RESULT: {}
RESULT: {"using":"css selector","value":"#shell-header-logo"}
COMMAND: POST /session/fe219389c4a652ed804fe0697356972e/element/f.AE569C338F7BE8C487FB69BDD94B5641.d.B3503877C79FB020EEE97697C9353064.e.28326/click - {}
RESULT: {}
RESULT: {}
COMMAND: GET /session/fe219389c4a652ed804fe0697356972e/screenshot - {}
RESULT: {}
COMMAND: POST /session/fe219389c4a652ed804fe0697356972e/execute/async - {"script":"<script> [189 bytes]","args":[]}
RESULT: {"script":"<script> [189 bytes]","args":[]}
COMMAND: POST /session/fe219389c4a652ed804fe0697356972e/execute/async - {"script":"<script> [123 bytes]","args":[]}
RESULT: {"script":"<script> [123 bytes]","args":[]}
COMMAND: POST /session/fe219389c4a652ed804fe0697356972e/timeouts - {"script":"<number>"}
RESULT: {"script":"<number>"}
COMMAND: GET /session/fe219389c4a652ed804fe0697356972e/timeouts - {}
RESULT: {}
RESULT: undefined
COMMAND: POST /session/fe219389c4a652ed804fe0697356972e/execute/async - {"script":"<script> [2676 bytes]","args":[]}
RESULT: {"script":"<script> [2676 bytes]","args":[]}
COMMAND: POST /session/fe219389c4a652ed804fe0697356972e/execute/async - {"script":"<script> [2342 bytes]","args":[{"protocol":"http","hostname":"0.0.0.0","path":"/","capabilities":{"browserName":"chrome","goog:chromeOptions":{"binary":"C:\\Program Files\\Google\\Chrome\\Application\\chrome.exe","args":["--start-maximized"]}},"logLevel":"warn","connectionRetryTimeout":120000,"connectionRetryCount":3,"logLevels":{},"enableDirectConnect":true,"strictSSL":true,"_":"65 more keys: [\"cacheDir\",\"port\",\"requestedCapabilities\",\"automationProtocol\",\"baseUrl\",\"waitforInterval\",\"waitforTimeout\",\"onReload\",\"beforeCommand\",\"afterCommand\",\"rootDir\",\"specs\",\"suites\",\"exclude\",\"groupLogsByTestSpec\",\"excludeDriverLogs\",\"bail\",\"framework\",\"reporters\",\"services\",\"maxInstances\",\"maxInstancesPerCapability\",\"injectGlobals\",\"filesToWatch\",\"execArgv\",\"runnerEnv\",\"runner\",\"shard\",\"specFileRetries\",\"specFileRetriesDelay\",\"specFileRetriesDeferred\",\"reporterSyncInterval\",\"reporterSyncTimeout\",\"cucumberFeaturesWithLineNumbers\",\"autoCompileOpts\",\"mochaOpts\",\"jasmineOpts\",\"cucumberOpts\",\"onPrepare\",\"onWorkerStart\",\"onWorkerEnd\",\"before\",\"beforeSession\",\"beforeSuite\",\"beforeHook\",\"beforeTest\",\"afterTest\",\"afterHook\",\"afterSuite\",\"afterSession\",\"after\",\"onComplete\",\"beforeAssertion\",\"afterAssertion\",\"beforeFeature\",\"beforeScenario\",\"beforeStep\",\"afterStep\",\"afterScenario\",\"afterFeature\",\"_\",\"suite\",\"$0\",\"ignoredWorkerServices\",\"wdi5\"]"}]}
RESULT: {"script":"<script> [2342 bytes]","args":[{"protocol":"http","hostname":"0.0.0.0","path":"/","capabilities":{"browserName":"chrome","goog:chromeOptions":{"binary":"C:\\Program Files\\Google\\Chrome\\Application\\chrome.exe","args":["--start-maximized"]}},"logLevel":"warn","connectionRetryTimeout":120000,"connectionRetryCount":3,"logLevels":{},"enableDirectConnect":true,"strictSSL":true,"_":"65 more keys: [\"cacheDir\",\"port\",\"requestedCapabilities\",\"automationProtocol\",\"baseUrl\",\"waitforInterval\",\"waitforTimeout\",\"onReload\",\"beforeCommand\",\"afterCommand\",\"rootDir\",\"specs\",\"suites\",\"exclude\",\"groupLogsByTestSpec\",\"excludeDriverLogs\",\"bail\",\"framework\",\"reporters\",\"services\",\"maxInstances\",\"maxInstancesPerCapability\",\"injectGlobals\",\"filesToWatch\",\"execArgv\",\"runnerEnv\",\"runner\",\"shard\",\"specFileRetries\",\"specFileRetriesDelay\",\"specFileRetriesDeferred\",\"reporterSyncInterval\",\"reporterSyncTimeout\",\"cucumberFeaturesWithLineNumbers\",\"autoCompileOpts\",\"mochaOpts\",\"jasmineOpts\",\"cucumberOpts\",\"onPrepare\",\"onWorkerStart\",\"onWorkerEnd\",\"before\",\"beforeSession\",\"beforeSuite\",\"beforeHook\",\"beforeTest\",\"afterTest\",\"afterHook\",\"afterSuite\",\"afterSession\",\"after\",\"onComplete\",\"beforeAssertion\",\"afterAssertion\",\"beforeFeature\",\"beforeScenario\",\"beforeStep\",\"afterStep\",\"afterScenario\",\"afterFeature\",\"_\",\"suite\",\"$0\",\"ignoredWorkerServices\",\"wdi5\"]"}]}
COMMAND: POST /session/fe219389c4a652ed804fe0697356972e/execute/async - {"script":"<script> [21126 bytes]","args":[35000]}
RESULT: {"script":"<script> [21126 bytes]","args":[35000]}
COMMAND: POST /session/fe219389c4a652ed804fe0697356972e/window/maximize - {}
RESULT: {}
COMMAND: POST /session/fe219389c4a652ed804fe0697356972e/execute/async - {"script":"<script> [1562 bytes]","args":[{"selector":{"id":"shell-header","interaction":{"idSuffix":"icon"}},"wdio_ui5_key":"shellheader"}]}
COMMAND: GET /session/fe219389c4a652ed804fe0697356972e/screenshot - {}
RESULT: {"script":"<script> [1562 bytes]","args":[{"selector":{"id":"shell-header","interaction":{"idSuffix":"icon"}},"wdio_ui5_key":"shellheader"}]}
RESULT: undefined
COMMAND: POST /session/fe219389c4a652ed804fe0697356972e/window/fullscreen - {}
RESULT: {}
RESULT: {}
]]></system-out>
    </testcase>
  </testsuite>
  <testsuite timestamp="2025-05-29T17:30:58" time="685.152" tests="7" failures="0" errors="0" skipped="0">
    <properties>
      <property name="specId" value="0"/>
      <property name="suiteName" value="Transfer Yard to Yard US131076"/>
      <property name="capabilities" value="chrome.136_0_7103_93.windows"/>
      <property name="file" value="file:///D:/a/1/s/test/specs/HTR/transfer-yard-to-yard.spec.js"/>
    </properties>
    <testcase classname="chrome.136_0_7103_93.windows.Transfer_Yard_to_Yard_US131076" name="Should create a new yard" time="0.01">
      <system-out><![CDATA[
COMMAND: POST /session/fe219389c4a652ed804fe0697356972e/window/fullscreen - {}
RESULT: {}
]]></system-out>
    </testcase>
    <testcase classname="chrome.136_0_7103_93.windows.Transfer_Yard_to_Yard_US131076" name="Should create a new 2nd yard" time="111.304">
      <system-out><![CDATA[
COMMAND: POST /session/fe219389c4a652ed804fe0697356972e/window/fullscreen - {}
RESULT: {}
COMMAND: POST /session/fe219389c4a652ed804fe0697356972e/execute/async - {"script":"<script> [1562 bytes]","args":[{"selector":{"controlType":"sap.m.GenericTile","properties":{"header":"Manage Yards"}},"wdio_ui5_key":"sapm.GenericTile{\"header\":\"Manage Yards\"}"}]}
RESULT: {"script":"<script> [1562 bytes]","args":[{"selector":{"controlType":"sap.m.GenericTile","properties":{"header":"Manage Yards"}},"wdio_ui5_key":"sapm.GenericTile{\"header\":\"Manage Yards\"}"}]}
RESULT: undefined
COMMAND: POST /session/fe219389c4a652ed804fe0697356972e/element - {"using":"xpath","value":"//*[@id=\"__tile33\"]"}
RESULT: {"using":"xpath","value":"//*[@id=\"__tile33\"]"}
COMMAND: POST /session/fe219389c4a652ed804fe0697356972e/element/f.AE569C338F7BE8C487FB69BDD94B5641.d.B3503877C79FB020EEE97697C9353064.e.28354/click - {}
RESULT: {}
COMMAND: GET /session/fe219389c4a652ed804fe0697356972e/screenshot - {}
RESULT: {}
COMMAND: POST /session/fe219389c4a652ed804fe0697356972e/elements - {"using":"xpath","value":"//span[text()='Error']"}
RESULT: {"using":"xpath","value":"//span[text()='Error']"}
COMMAND: POST /session/fe219389c4a652ed804fe0697356972e/element - {"using":"xpath","value":"//button[@data-kt=\"addNewYardOverflowToolbarButton\"]"}
RESULT: {"using":"xpath","value":"//button[@data-kt=\"addNewYardOverflowToolbarButton\"]"}
COMMAND: POST /session/fe219389c4a652ed804fe0697356972e/elements - {"using":"xpath","value":"//button[@data-kt=\"addNewYardOverflowToolbarButton\"]"}
RESULT: {"using":"xpath","value":"//button[@data-kt=\"addNewYardOverflowToolbarButton\"]"}
COMMAND: POST /session/fe219389c4a652ed804fe0697356972e/execute/sync - {"script":"<script> [8489 bytes]","args":[{"element-6066-11e4-a52e-4f735466cecf":"f.AE569C338F7BE8C487FB69BDD94B5641.d.B3503877C79FB020EEE97697C9353064.e.28489","ELEMENT":"f.AE569C338F7BE8C487FB69BDD94B5641.d.B3503877C79FB020EEE97697C9353064.e.28489"}]}
RESULT: {"script":"<script> [8489 bytes]","args":[{"element-6066-11e4-a52e-4f735466cecf":"f.AE569C338F7BE8C487FB69BDD94B5641.d.B3503877C79FB020EEE97697C9353064.e.28489","ELEMENT":"f.AE569C338F7BE8C487FB69BDD94B5641.d.B3503877C79FB020EEE97697C9353064.e.28489"}]}
COMMAND: GET /session/fe219389c4a652ed804fe0697356972e/element/f.AE569C338F7BE8C487FB69BDD94B5641.d.B3503877C79FB020EEE97697C9353064.e.28489/enabled - {}
COMMAND: GET /session/fe219389c4a652ed804fe0697356972e/screenshot - {}
RESULT: {}
COMMAND: POST /session/fe219389c4a652ed804fe0697356972e/execute/sync - {"script":"<script> [8489 bytes]","args":[{"element-6066-11e4-a52e-4f735466cecf":"f.AE569C338F7BE8C487FB69BDD94B5641.d.B3503877C79FB020EEE97697C9353064.e.28489","ELEMENT":"f.AE569C338F7BE8C487FB69BDD94B5641.d.B3503877C79FB020EEE97697C9353064.e.28489"}]}
COMMAND: GET /session/fe219389c4a652ed804fe0697356972e/screenshot - {}
RESULT: {}
RESULT: {"script":"<script> [8489 bytes]","args":[{"element-6066-11e4-a52e-4f735466cecf":"f.AE569C338F7BE8C487FB69BDD94B5641.d.B3503877C79FB020EEE97697C9353064.e.28489","ELEMENT":"f.AE569C338F7BE8C487FB69BDD94B5641.d.B3503877C79FB020EEE97697C9353064.e.28489"}]}
COMMAND: POST /session/fe219389c4a652ed804fe0697356972e/execute/sync - {"script":"<script> [5351 bytes]","args":[{"element-6066-11e4-a52e-4f735466cecf":"f.AE569C338F7BE8C487FB69BDD94B5641.d.B3503877C79FB020EEE97697C9353064.e.28489","ELEMENT":"f.AE569C338F7BE8C487FB69BDD94B5641.d.B3503877C79FB020EEE97697C9353064.e.28489"}]}
COMMAND: GET /session/fe219389c4a652ed804fe0697356972e/screenshot - {}
RESULT: {}
RESULT: {"script":"<script> [5351 bytes]","args":[{"element-6066-11e4-a52e-4f735466cecf":"f.AE569C338F7BE8C487FB69BDD94B5641.d.B3503877C79FB020EEE97697C9353064.e.28489","ELEMENT":"f.AE569C338F7BE8C487FB69BDD94B5641.d.B3503877C79FB020EEE97697C9353064.e.28489"}]}
COMMAND: POST /session/fe219389c4a652ed804fe0697356972e/element/f.AE569C338F7BE8C487FB69BDD94B5641.d.B3503877C79FB020EEE97697C9353064.e.28489/click - {}
COMMAND: GET /session/fe219389c4a652ed804fe0697356972e/screenshot - {}
RESULT: {}
RESULT: {}
COMMAND: GET /session/fe219389c4a652ed804fe0697356972e/screenshot - {}
COMMAND: POST /session/fe219389c4a652ed804fe0697356972e/element - {"using":"xpath","value":"//input[@id=\"application-manageyards-display-component---NewYard--yardId-inner\"]"}
RESULT: {}
RESULT: {}
RESULT: {"using":"xpath","value":"//input[@id=\"application-manageyards-display-component---NewYard--yardId-inner\"]"}
COMMAND: POST /session/fe219389c4a652ed804fe0697356972e/element - {"using":"xpath","value":"//input[@id=\"application-manageyards-display-component---NewYard--yardId-inner\"]"}
RESULT: {"using":"xpath","value":"//input[@id=\"application-manageyards-display-component---NewYard--yardId-inner\"]"}
COMMAND: POST /session/fe219389c4a652ed804fe0697356972e/execute/async - {"script":"<script> [1562 bytes]","args":[{"selector":{"id":"application-manageyards-display-component---NewYard--addressDetailDetailsName1","interaction":{"idSuffix":"inner"}},"wdio_ui5_key":"applicationmanageyards-display-component---NewYard--addressDetailDetailsName1"}]}
RESULT: {"script":"<script> [1562 bytes]","args":[{"selector":{"id":"application-manageyards-display-component---NewYard--addressDetailDetailsName1","interaction":{"idSuffix":"inner"}},"wdio_ui5_key":"applicationmanageyards-display-component---NewYard--addressDetailDetailsName1"}]}
RESULT: undefined
COMMAND: POST /session/fe219389c4a652ed804fe0697356972e/execute/async - {"script":"<script> [776 bytes]","args":[{"enterText":"Intracompany Yard wdIO","selector":{"id":"application-manageyards-display-component---NewYard--addressDetailDetailsName1","interaction":{"idSuffix":"inner"}},"clearTextFirst":true,"interactionType":"ENTER_TEXT"}]}
RESULT: {"script":"<script> [776 bytes]","args":[{"enterText":"Intracompany Yard wdIO","selector":{"id":"application-manageyards-display-component---NewYard--addressDetailDetailsName1","interaction":{"idSuffix":"inner"}},"clearTextFirst":true,"interactionType":"ENTER_TEXT"}]}
COMMAND: POST /session/fe219389c4a652ed804fe0697356972e/execute/async - {"script":"<script> [1562 bytes]","args":[{"selector":{"id":"application-manageyards-display-component---NewYard--addressDetailDetailsLanguage-arrow"},"wdio_ui5_key":"applicationmanageyards-display-component---NewYard--addressDetailDetailsLanguage-arrow"}]}
RESULT: {"script":"<script> [1562 bytes]","args":[{"selector":{"id":"application-manageyards-display-component---NewYard--addressDetailDetailsLanguage-arrow"},"wdio_ui5_key":"applicationmanageyards-display-component---NewYard--addressDetailDetailsLanguage-arrow"}]}
RESULT: undefined
COMMAND: POST /session/fe219389c4a652ed804fe0697356972e/element - {"using":"xpath","value":"//*[@id=\"application-manageyards-display-component---NewYard--addressDetailDetailsLanguage-arrow\"]"}
RESULT: {"using":"xpath","value":"//*[@id=\"application-manageyards-display-component---NewYard--addressDetailDetailsLanguage-arrow\"]"}
COMMAND: POST /session/fe219389c4a652ed804fe0697356972e/element/f.AE569C338F7BE8C487FB69BDD94B5641.d.B3503877C79FB020EEE97697C9353064.e.28908/click - {}
RESULT: {}
COMMAND: POST /session/fe219389c4a652ed804fe0697356972e/element - {"using":"xpath","value":"//span[contains(text(), \"English\")]"}
COMMAND: GET /session/fe219389c4a652ed804fe0697356972e/screenshot - {}
RESULT: {"using":"xpath","value":"//span[contains(text(), \"English\")]"}
COMMAND: POST /session/fe219389c4a652ed804fe0697356972e/element/f.AE569C338F7BE8C487FB69BDD94B5641.d.B3503877C79FB020EEE97697C9353064.e.28909/click - {}
RESULT: {}
RESULT: {}
COMMAND: POST /session/fe219389c4a652ed804fe0697356972e/execute/async - {"script":"<script> [1562 bytes]","args":[{"selector":{"id":"application-manageyards-display-component---NewYard--addressDetailDetailsCity1","interaction":{"idSuffix":"inner"}},"wdio_ui5_key":"applicationmanageyards-display-component---NewYard--addressDetailDetailsCity1"}]}
COMMAND: GET /session/fe219389c4a652ed804fe0697356972e/screenshot - {}
RESULT: {"script":"<script> [1562 bytes]","args":[{"selector":{"id":"application-manageyards-display-component---NewYard--addressDetailDetailsCity1","interaction":{"idSuffix":"inner"}},"wdio_ui5_key":"applicationmanageyards-display-component---NewYard--addressDetailDetailsCity1"}]}
RESULT: undefined
COMMAND: POST /session/fe219389c4a652ed804fe0697356972e/execute/async - {"script":"<script> [776 bytes]","args":[{"enterText":"Rosario","selector":{"id":"application-manageyards-display-component---NewYard--addressDetailDetailsCity1","interaction":{"idSuffix":"inner"}},"clearTextFirst":true,"interactionType":"ENTER_TEXT"}]}
RESULT: {}
RESULT: {"script":"<script> [776 bytes]","args":[{"enterText":"Rosario","selector":{"id":"application-manageyards-display-component---NewYard--addressDetailDetailsCity1","interaction":{"idSuffix":"inner"}},"clearTextFirst":true,"interactionType":"ENTER_TEXT"}]}
COMMAND: POST /session/fe219389c4a652ed804fe0697356972e/execute/async - {"script":"<script> [1562 bytes]","args":[{"selector":{"id":"application-manageyards-display-component---NewYard--addressDetailDetailsCountry-arrow"},"wdio_ui5_key":"applicationmanageyards-display-component---NewYard--addressDetailDetailsCountry-arrow"}]}
RESULT: {"script":"<script> [1562 bytes]","args":[{"selector":{"id":"application-manageyards-display-component---NewYard--addressDetailDetailsCountry-arrow"},"wdio_ui5_key":"applicationmanageyards-display-component---NewYard--addressDetailDetailsCountry-arrow"}]}
RESULT: undefined
COMMAND: POST /session/fe219389c4a652ed804fe0697356972e/element - {"using":"xpath","value":"//*[@id=\"application-manageyards-display-component---NewYard--addressDetailDetailsCountry-arrow\"]"}
RESULT: {"using":"xpath","value":"//*[@id=\"application-manageyards-display-component---NewYard--addressDetailDetailsCountry-arrow\"]"}
COMMAND: POST /session/fe219389c4a652ed804fe0697356972e/element/f.AE569C338F7BE8C487FB69BDD94B5641.d.B3503877C79FB020EEE97697C9353064.e.28911/click - {}
RESULT: {}
COMMAND: POST /session/fe219389c4a652ed804fe0697356972e/element - {"using":"xpath","value":"//span[contains(text(), \"Argentina\")]"}
COMMAND: GET /session/fe219389c4a652ed804fe0697356972e/screenshot - {}
RESULT: {"using":"xpath","value":"//span[contains(text(), \"Argentina\")]"}
COMMAND: POST /session/fe219389c4a652ed804fe0697356972e/element/f.AE569C338F7BE8C487FB69BDD94B5641.d.B3503877C79FB020EEE97697C9353064.e.28912/click - {}
RESULT: {}
RESULT: {}
COMMAND: POST /session/fe219389c4a652ed804fe0697356972e/execute/async - {"script":"<script> [1562 bytes]","args":[{"selector":{"id":"application-manageyards-display-component---NewYard--addressEditDetailsCostObjectCstType-arrow"},"wdio_ui5_key":"applicationmanageyards-display-component---NewYard--addressEditDetailsCostObjectCstType-arrow"}]}
COMMAND: GET /session/fe219389c4a652ed804fe0697356972e/screenshot - {}
RESULT: {"script":"<script> [1562 bytes]","args":[{"selector":{"id":"application-manageyards-display-component---NewYard--addressEditDetailsCostObjectCstType-arrow"},"wdio_ui5_key":"applicationmanageyards-display-component---NewYard--addressEditDetailsCostObjectCstType-arrow"}]}
RESULT: undefined
COMMAND: POST /session/fe219389c4a652ed804fe0697356972e/element - {"using":"xpath","value":"//*[@id=\"application-manageyards-display-component---NewYard--addressEditDetailsCostObjectCstType-arrow\"]"}
RESULT: {}
RESULT: {"using":"xpath","value":"//*[@id=\"application-manageyards-display-component---NewYard--addressEditDetailsCostObjectCstType-arrow\"]"}
COMMAND: POST /session/fe219389c4a652ed804fe0697356972e/element/f.AE569C338F7BE8C487FB69BDD94B5641.d.B3503877C79FB020EEE97697C9353064.e.28914/click - {}
RESULT: {}
COMMAND: POST /session/fe219389c4a652ed804fe0697356972e/element - {"using":"xpath","value":"//span[contains(text(), \"Cost Center\")]"}
COMMAND: GET /session/fe219389c4a652ed804fe0697356972e/screenshot - {}
RESULT: {"using":"xpath","value":"//span[contains(text(), \"Cost Center\")]"}
COMMAND: POST /session/fe219389c4a652ed804fe0697356972e/element/f.AE569C338F7BE8C487FB69BDD94B5641.d.B3503877C79FB020EEE97697C9353064.e.28915/click - {}
RESULT: {}
RESULT: {}
COMMAND: GET /session/fe219389c4a652ed804fe0697356972e/screenshot - {}
RESULT: {}
COMMAND: POST /session/fe219389c4a652ed804fe0697356972e/element - {"using":"xpath","value":"//span[@id=\"application-manageyards-display-component---NewYard--addressNewCostObjectCstID-vhi\"]"}
RESULT: {"using":"xpath","value":"//span[@id=\"application-manageyards-display-component---NewYard--addressNewCostObjectCstID-vhi\"]"}
COMMAND: POST /session/fe219389c4a652ed804fe0697356972e/execute/sync - {"script":"<script> [8489 bytes]","args":[{"element-6066-11e4-a52e-4f735466cecf":"f.AE569C338F7BE8C487FB69BDD94B5641.d.B3503877C79FB020EEE97697C9353064.e.28919","ELEMENT":"f.AE569C338F7BE8C487FB69BDD94B5641.d.B3503877C79FB020EEE97697C9353064.e.28919"}]}
RESULT: {"script":"<script> [8489 bytes]","args":[{"element-6066-11e4-a52e-4f735466cecf":"f.AE569C338F7BE8C487FB69BDD94B5641.d.B3503877C79FB020EEE97697C9353064.e.28919","ELEMENT":"f.AE569C338F7BE8C487FB69BDD94B5641.d.B3503877C79FB020EEE97697C9353064.e.28919"}]}
COMMAND: POST /session/fe219389c4a652ed804fe0697356972e/execute/async - {"script":"<script> [1562 bytes]","args":[{"selector":{"id":"application-manageyards-display-component---NewYard--addressNewCostObjectCstID-vhi"},"wdio_ui5_key":"applicationmanageyards-display-component---NewYard--addressNewCostObjectCstID-vhi"}]}
COMMAND: GET /session/fe219389c4a652ed804fe0697356972e/screenshot - {}
RESULT: {"script":"<script> [1562 bytes]","args":[{"selector":{"id":"application-manageyards-display-component---NewYard--addressNewCostObjectCstID-vhi"},"wdio_ui5_key":"applicationmanageyards-display-component---NewYard--addressNewCostObjectCstID-vhi"}]}
RESULT: undefined
COMMAND: POST /session/fe219389c4a652ed804fe0697356972e/element - {"using":"xpath","value":"//*[@id=\"application-manageyards-display-component---NewYard--addressNewCostObjectCstID-vhi\"]"}
RESULT: {}
RESULT: {"using":"xpath","value":"//*[@id=\"application-manageyards-display-component---NewYard--addressNewCostObjectCstID-vhi\"]"}
COMMAND: POST /session/fe219389c4a652ed804fe0697356972e/element/f.AE569C338F7BE8C487FB69BDD94B5641.d.B3503877C79FB020EEE97697C9353064.e.28919/click - {}
RESULT: {}
COMMAND: GET /session/fe219389c4a652ed804fe0697356972e/screenshot - {}
RESULT: {}
COMMAND: POST /session/fe219389c4a652ed804fe0697356972e/execute/async - {"script":"<script> [1562 bytes]","args":[{"selector":{"controlType":"sap.m.SearchField","properties":{"placeholder":"Search"},"searchOpenDialogs":true,"interaction":{"idSuffix":"I"}},"wdio_ui5_key":"sapm.SearchField{\"placeholder\":\"Search\"}"}]}
RESULT: {"script":"<script> [1562 bytes]","args":[{"selector":{"controlType":"sap.m.SearchField","properties":{"placeholder":"Search"},"searchOpenDialogs":true,"interaction":{"idSuffix":"I"}},"wdio_ui5_key":"sapm.SearchField{\"placeholder\":\"Search\"}"}]}
RESULT: undefined
COMMAND: POST /session/fe219389c4a652ed804fe0697356972e/execute/async - {"script":"<script> [776 bytes]","args":[{"enterText":"bauh_b","selector":{"controlType":"sap.m.SearchField","properties":{"placeholder":"Search"},"searchOpenDialogs":true,"interaction":{"idSuffix":"I"}},"clearTextFirst":true,"interactionType":"ENTER_TEXT"}]}
RESULT: {"script":"<script> [776 bytes]","args":[{"enterText":"bauh_b","selector":{"controlType":"sap.m.SearchField","properties":{"placeholder":"Search"},"searchOpenDialogs":true,"interaction":{"idSuffix":"I"}},"clearTextFirst":true,"interactionType":"ENTER_TEXT"}]}
COMMAND: POST /session/fe219389c4a652ed804fe0697356972e/actions - {"actions":[{"id":"action86","type":"key","parameters":{},"actions":[{"type":"keyDown","value":""},{"type":"pause","duration":10},{"type":"keyUp","value":""}]}]}
RESULT: {"actions":[{"id":"action86","type":"key","parameters":{},"actions":[{"type":"keyDown","value":""},{"type":"pause","duration":10},{"type":"keyUp","value":""}]}]}
COMMAND: GET /session/fe219389c4a652ed804fe0697356972e/screenshot - {}
RESULT: {}
COMMAND: POST /session/fe219389c4a652ed804fe0697356972e/element - {"using":"xpath","value":"//span[contains(text(), \"Demo Yard\")]"}
RESULT: {"using":"xpath","value":"//span[contains(text(), \"Demo Yard\")]"}
COMMAND: POST /session/fe219389c4a652ed804fe0697356972e/element/f.AE569C338F7BE8C487FB69BDD94B5641.d.B3503877C79FB020EEE97697C9353064.e.28959/click - {}
RESULT: {}
COMMAND: GET /session/fe219389c4a652ed804fe0697356972e/screenshot - {}
RESULT: {}
COMMAND: POST /session/fe219389c4a652ed804fe0697356972e/element - {"using":"xpath","value":"//bdi[contains(text(), \"OK\")]"}
RESULT: {"using":"xpath","value":"//bdi[contains(text(), \"OK\")]"}
COMMAND: POST /session/fe219389c4a652ed804fe0697356972e/element/f.AE569C338F7BE8C487FB69BDD94B5641.d.B3503877C79FB020EEE97697C9353064.e.28960/click - {}
RESULT: {}
COMMAND: GET /session/fe219389c4a652ed804fe0697356972e/screenshot - {}
RESULT: {}
COMMAND: POST /session/fe219389c4a652ed804fe0697356972e/execute/async - {"script":"<script> [1562 bytes]","args":[{"selector":{"id":"application-manageyards-display-component---NewYard--addressEditDetailsCurrency-arrow"},"wdio_ui5_key":"applicationmanageyards-display-component---NewYard--addressEditDetailsCurrency-arrow"}]}
RESULT: {"script":"<script> [1562 bytes]","args":[{"selector":{"id":"application-manageyards-display-component---NewYard--addressEditDetailsCurrency-arrow"},"wdio_ui5_key":"applicationmanageyards-display-component---NewYard--addressEditDetailsCurrency-arrow"}]}
RESULT: undefined
COMMAND: POST /session/fe219389c4a652ed804fe0697356972e/element - {"using":"xpath","value":"//*[@id=\"application-manageyards-display-component---NewYard--addressEditDetailsCurrency-arrow\"]"}
RESULT: {"using":"xpath","value":"//*[@id=\"application-manageyards-display-component---NewYard--addressEditDetailsCurrency-arrow\"]"}
COMMAND: POST /session/fe219389c4a652ed804fe0697356972e/element/f.AE569C338F7BE8C487FB69BDD94B5641.d.B3503877C79FB020EEE97697C9353064.e.28963/click - {}
RESULT: {}
COMMAND: POST /session/fe219389c4a652ed804fe0697356972e/element - {"using":"xpath","value":"//span[contains(text(), \"Euro\")]"}
COMMAND: GET /session/fe219389c4a652ed804fe0697356972e/screenshot - {}
RESULT: {"using":"xpath","value":"//span[contains(text(), \"Euro\")]"}
COMMAND: POST /session/fe219389c4a652ed804fe0697356972e/element/f.AE569C338F7BE8C487FB69BDD94B5641.d.B3503877C79FB020EEE97697C9353064.e.28964/click - {}
RESULT: {}
RESULT: {}
COMMAND: POST /session/fe219389c4a652ed804fe0697356972e/execute/async - {"script":"<script> [1562 bytes]","args":[{"selector":{"controlType":"sap.m.Input","viewName":"etm.portal.ui.manageyards.view.New","viewId":"application-manageyards-display-component---NewYard","bindingPath":{"path":"","propertyPath":"/CONTROLLING_AREA","modelName":"NewYardModel"},"interaction":{"idSuffix":"inner"}},"wdio_ui5_key":"etmportal.ui.manageyards.view.Newsap.m.Input{\"path\":\"\",\"propertyPath\":\"/CONTROLLING_AREA\",\"modelName\":\"NewYardModel\"}"}]}
COMMAND: GET /session/fe219389c4a652ed804fe0697356972e/screenshot - {}
RESULT: {"script":"<script> [1562 bytes]","args":[{"selector":{"controlType":"sap.m.Input","viewName":"etm.portal.ui.manageyards.view.New","viewId":"application-manageyards-display-component---NewYard","bindingPath":{"path":"","propertyPath":"/CONTROLLING_AREA","modelName":"NewYardModel"},"interaction":{"idSuffix":"inner"}},"wdio_ui5_key":"etmportal.ui.manageyards.view.Newsap.m.Input{\"path\":\"\",\"propertyPath\":\"/CONTROLLING_AREA\",\"modelName\":\"NewYardModel\"}"}]}
RESULT: undefined
COMMAND: POST /session/fe219389c4a652ed804fe0697356972e/execute/async - {"script":"<script> [776 bytes]","args":[{"enterText":"Z001","selector":{"controlType":"sap.m.Input","viewName":"etm.portal.ui.manageyards.view.New","viewId":"application-manageyards-display-component---NewYard","bindingPath":{"path":"","propertyPath":"/CONTROLLING_AREA","modelName":"NewYardModel"},"interaction":{"idSuffix":"inner"}},"clearTextFirst":true,"interactionType":"ENTER_TEXT"}]}
RESULT: {}
RESULT: {"script":"<script> [776 bytes]","args":[{"enterText":"Z001","selector":{"controlType":"sap.m.Input","viewName":"etm.portal.ui.manageyards.view.New","viewId":"application-manageyards-display-component---NewYard","bindingPath":{"path":"","propertyPath":"/CONTROLLING_AREA","modelName":"NewYardModel"},"interaction":{"idSuffix":"inner"}},"clearTextFirst":true,"interactionType":"ENTER_TEXT"}]}
COMMAND: POST /session/fe219389c4a652ed804fe0697356972e/execute/async - {"script":"<script> [1562 bytes]","args":[{"selector":{"id":"application-manageyards-display-component---NewYard--companyCodeComboBox","interaction":{"idSuffix":"inner"}},"wdio_ui5_key":"applicationmanageyards-display-component---NewYard--companyCodeComboBox"}]}
RESULT: {"script":"<script> [1562 bytes]","args":[{"selector":{"id":"application-manageyards-display-component---NewYard--companyCodeComboBox","interaction":{"idSuffix":"inner"}},"wdio_ui5_key":"applicationmanageyards-display-component---NewYard--companyCodeComboBox"}]}
RESULT: undefined
COMMAND: POST /session/fe219389c4a652ed804fe0697356972e/execute/async - {"script":"<script> [776 bytes]","args":[{"enterText":"1000","selector":{"id":"application-manageyards-display-component---NewYard--companyCodeComboBox","interaction":{"idSuffix":"inner"}},"clearTextFirst":true,"interactionType":"ENTER_TEXT"}]}
RESULT: {"script":"<script> [776 bytes]","args":[{"enterText":"1000","selector":{"id":"application-manageyards-display-component---NewYard--companyCodeComboBox","interaction":{"idSuffix":"inner"}},"clearTextFirst":true,"interactionType":"ENTER_TEXT"}]}
COMMAND: POST /session/fe219389c4a652ed804fe0697356972e/execute/async - {"script":"<script> [1562 bytes]","args":[{"selector":{"controlType":"sap.m.Input","viewName":"etm.portal.ui.manageyards.view.New","viewId":"application-manageyards-display-component---NewYard","bindingPath":{"path":"","propertyPath":"/PLANT","modelName":"NewYardModel"},"interaction":{"idSuffix":"inner"}},"wdio_ui5_key":"etmportal.ui.manageyards.view.Newsap.m.Input{\"path\":\"\",\"propertyPath\":\"/PLANT\",\"modelName\":\"NewYardModel\"}"}]}
RESULT: {"script":"<script> [1562 bytes]","args":[{"selector":{"controlType":"sap.m.Input","viewName":"etm.portal.ui.manageyards.view.New","viewId":"application-manageyards-display-component---NewYard","bindingPath":{"path":"","propertyPath":"/PLANT","modelName":"NewYardModel"},"interaction":{"idSuffix":"inner"}},"wdio_ui5_key":"etmportal.ui.manageyards.view.Newsap.m.Input{\"path\":\"\",\"propertyPath\":\"/PLANT\",\"modelName\":\"NewYardModel\"}"}]}
RESULT: undefined
COMMAND: POST /session/fe219389c4a652ed804fe0697356972e/execute/async - {"script":"<script> [776 bytes]","args":[{"enterText":"1001","selector":{"controlType":"sap.m.Input","viewName":"etm.portal.ui.manageyards.view.New","viewId":"application-manageyards-display-component---NewYard","bindingPath":{"path":"","propertyPath":"/PLANT","modelName":"NewYardModel"},"interaction":{"idSuffix":"inner"}},"clearTextFirst":true,"interactionType":"ENTER_TEXT"}]}
RESULT: {"script":"<script> [776 bytes]","args":[{"enterText":"1001","selector":{"controlType":"sap.m.Input","viewName":"etm.portal.ui.manageyards.view.New","viewId":"application-manageyards-display-component---NewYard","bindingPath":{"path":"","propertyPath":"/PLANT","modelName":"NewYardModel"},"interaction":{"idSuffix":"inner"}},"clearTextFirst":true,"interactionType":"ENTER_TEXT"}]}
COMMAND: POST /session/fe219389c4a652ed804fe0697356972e/execute/async - {"script":"<script> [1562 bytes]","args":[{"selector":{"controlType":"sap.m.Input","viewName":"etm.portal.ui.manageyards.view.New","viewId":"application-manageyards-display-component---NewYard","bindingPath":{"path":"","propertyPath":"/SALES_AREA_VKORG","modelName":"NewYardModel"},"interaction":{"idSuffix":"inner"}},"wdio_ui5_key":"etmportal.ui.manageyards.view.Newsap.m.Input{\"path\":\"\",\"propertyPath\":\"/SALES_AREA_VKORG\",\"modelName\":\"NewYardModel\"}"}]}
RESULT: {"script":"<script> [1562 bytes]","args":[{"selector":{"controlType":"sap.m.Input","viewName":"etm.portal.ui.manageyards.view.New","viewId":"application-manageyards-display-component---NewYard","bindingPath":{"path":"","propertyPath":"/SALES_AREA_VKORG","modelName":"NewYardModel"},"interaction":{"idSuffix":"inner"}},"wdio_ui5_key":"etmportal.ui.manageyards.view.Newsap.m.Input{\"path\":\"\",\"propertyPath\":\"/SALES_AREA_VKORG\",\"modelName\":\"NewYardModel\"}"}]}
RESULT: undefined
COMMAND: POST /session/fe219389c4a652ed804fe0697356972e/execute/async - {"script":"<script> [776 bytes]","args":[{"enterText":"C002","selector":{"controlType":"sap.m.Input","viewName":"etm.portal.ui.manageyards.view.New","viewId":"application-manageyards-display-component---NewYard","bindingPath":{"path":"","propertyPath":"/SALES_AREA_VKORG","modelName":"NewYardModel"},"interaction":{"idSuffix":"inner"}},"clearTextFirst":true,"interactionType":"ENTER_TEXT"}]}
RESULT: {"script":"<script> [776 bytes]","args":[{"enterText":"C002","selector":{"controlType":"sap.m.Input","viewName":"etm.portal.ui.manageyards.view.New","viewId":"application-manageyards-display-component---NewYard","bindingPath":{"path":"","propertyPath":"/SALES_AREA_VKORG","modelName":"NewYardModel"},"interaction":{"idSuffix":"inner"}},"clearTextFirst":true,"interactionType":"ENTER_TEXT"}]}
COMMAND: POST /session/fe219389c4a652ed804fe0697356972e/execute/async - {"script":"<script> [1562 bytes]","args":[{"selector":{"controlType":"sap.m.Input","viewName":"etm.portal.ui.manageyards.view.New","viewId":"application-manageyards-display-component---NewYard","bindingPath":{"path":"","propertyPath":"/SALES_AREA_VTWEG","modelName":"NewYardModel"},"interaction":{"idSuffix":"inner"}},"wdio_ui5_key":"etmportal.ui.manageyards.view.Newsap.m.Input{\"path\":\"\",\"propertyPath\":\"/SALES_AREA_VTWEG\",\"modelName\":\"NewYardModel\"}"}]}
RESULT: {"script":"<script> [1562 bytes]","args":[{"selector":{"controlType":"sap.m.Input","viewName":"etm.portal.ui.manageyards.view.New","viewId":"application-manageyards-display-component---NewYard","bindingPath":{"path":"","propertyPath":"/SALES_AREA_VTWEG","modelName":"NewYardModel"},"interaction":{"idSuffix":"inner"}},"wdio_ui5_key":"etmportal.ui.manageyards.view.Newsap.m.Input{\"path\":\"\",\"propertyPath\":\"/SALES_AREA_VTWEG\",\"modelName\":\"NewYardModel\"}"}]}
RESULT: undefined
COMMAND: POST /session/fe219389c4a652ed804fe0697356972e/execute/async - {"script":"<script> [776 bytes]","args":[{"enterText":"C2","selector":{"controlType":"sap.m.Input","viewName":"etm.portal.ui.manageyards.view.New","viewId":"application-manageyards-display-component---NewYard","bindingPath":{"path":"","propertyPath":"/SALES_AREA_VTWEG","modelName":"NewYardModel"},"interaction":{"idSuffix":"inner"}},"clearTextFirst":true,"interactionType":"ENTER_TEXT"}]}
RESULT: {"script":"<script> [776 bytes]","args":[{"enterText":"C2","selector":{"controlType":"sap.m.Input","viewName":"etm.portal.ui.manageyards.view.New","viewId":"application-manageyards-display-component---NewYard","bindingPath":{"path":"","propertyPath":"/SALES_AREA_VTWEG","modelName":"NewYardModel"},"interaction":{"idSuffix":"inner"}},"clearTextFirst":true,"interactionType":"ENTER_TEXT"}]}
COMMAND: POST /session/fe219389c4a652ed804fe0697356972e/execute/async - {"script":"<script> [1562 bytes]","args":[{"selector":{"controlType":"sap.m.Input","viewName":"etm.portal.ui.manageyards.view.New","viewId":"application-manageyards-display-component---NewYard","bindingPath":{"path":"","propertyPath":"/SALES_AREA_SPART","modelName":"NewYardModel"},"interaction":{"idSuffix":"inner"}},"wdio_ui5_key":"etmportal.ui.manageyards.view.Newsap.m.Input{\"path\":\"\",\"propertyPath\":\"/SALES_AREA_SPART\",\"modelName\":\"NewYardModel\"}"}]}
RESULT: {"script":"<script> [1562 bytes]","args":[{"selector":{"controlType":"sap.m.Input","viewName":"etm.portal.ui.manageyards.view.New","viewId":"application-manageyards-display-component---NewYard","bindingPath":{"path":"","propertyPath":"/SALES_AREA_SPART","modelName":"NewYardModel"},"interaction":{"idSuffix":"inner"}},"wdio_ui5_key":"etmportal.ui.manageyards.view.Newsap.m.Input{\"path\":\"\",\"propertyPath\":\"/SALES_AREA_SPART\",\"modelName\":\"NewYardModel\"}"}]}
RESULT: undefined
COMMAND: POST /session/fe219389c4a652ed804fe0697356972e/execute/async - {"script":"<script> [776 bytes]","args":[{"enterText":"C2","selector":{"controlType":"sap.m.Input","viewName":"etm.portal.ui.manageyards.view.New","viewId":"application-manageyards-display-component---NewYard","bindingPath":{"path":"","propertyPath":"/SALES_AREA_SPART","modelName":"NewYardModel"},"interaction":{"idSuffix":"inner"}},"clearTextFirst":true,"interactionType":"ENTER_TEXT"}]}
RESULT: {"script":"<script> [776 bytes]","args":[{"enterText":"C2","selector":{"controlType":"sap.m.Input","viewName":"etm.portal.ui.manageyards.view.New","viewId":"application-manageyards-display-component---NewYard","bindingPath":{"path":"","propertyPath":"/SALES_AREA_SPART","modelName":"NewYardModel"},"interaction":{"idSuffix":"inner"}},"clearTextFirst":true,"interactionType":"ENTER_TEXT"}]}
COMMAND: POST /session/fe219389c4a652ed804fe0697356972e/execute/async - {"script":"<script> [1562 bytes]","args":[{"selector":{"controlType":"sap.m.Input","viewName":"etm.portal.ui.manageyards.view.New","viewId":"application-manageyards-display-component---NewYard","bindingPath":{"path":"","propertyPath":"/SHIP_POINT","modelName":"NewYardModel"},"interaction":{"idSuffix":"inner"}},"wdio_ui5_key":"etmportal.ui.manageyards.view.Newsap.m.Input{\"path\":\"\",\"propertyPath\":\"/SHIP_POINT\",\"modelName\":\"NewYardModel\"}"}]}
RESULT: {"script":"<script> [1562 bytes]","args":[{"selector":{"controlType":"sap.m.Input","viewName":"etm.portal.ui.manageyards.view.New","viewId":"application-manageyards-display-component---NewYard","bindingPath":{"path":"","propertyPath":"/SHIP_POINT","modelName":"NewYardModel"},"interaction":{"idSuffix":"inner"}},"wdio_ui5_key":"etmportal.ui.manageyards.view.Newsap.m.Input{\"path\":\"\",\"propertyPath\":\"/SHIP_POINT\",\"modelName\":\"NewYardModel\"}"}]}
RESULT: undefined
COMMAND: POST /session/fe219389c4a652ed804fe0697356972e/execute/async - {"script":"<script> [776 bytes]","args":[{"enterText":"1710","selector":{"controlType":"sap.m.Input","viewName":"etm.portal.ui.manageyards.view.New","viewId":"application-manageyards-display-component---NewYard","bindingPath":{"path":"","propertyPath":"/SHIP_POINT","modelName":"NewYardModel"},"interaction":{"idSuffix":"inner"}},"clearTextFirst":true,"interactionType":"ENTER_TEXT"}]}
RESULT: {"script":"<script> [776 bytes]","args":[{"enterText":"1710","selector":{"controlType":"sap.m.Input","viewName":"etm.portal.ui.manageyards.view.New","viewId":"application-manageyards-display-component---NewYard","bindingPath":{"path":"","propertyPath":"/SHIP_POINT","modelName":"NewYardModel"},"interaction":{"idSuffix":"inner"}},"clearTextFirst":true,"interactionType":"ENTER_TEXT"}]}
COMMAND: POST /session/fe219389c4a652ed804fe0697356972e/execute/async - {"script":"<script> [1562 bytes]","args":[{"selector":{"controlType":"sap.m.Input","viewName":"etm.portal.ui.manageyards.view.New","viewId":"application-manageyards-display-component---NewYard","bindingPath":{"path":"","propertyPath":"/DELIVERY_TYPE","modelName":"NewYardModel"},"interaction":{"idSuffix":"inner"}},"wdio_ui5_key":"etmportal.ui.manageyards.view.Newsap.m.Input{\"path\":\"\",\"propertyPath\":\"/DELIVERY_TYPE\",\"modelName\":\"NewYardModel\"}"}]}
RESULT: {"script":"<script> [1562 bytes]","args":[{"selector":{"controlType":"sap.m.Input","viewName":"etm.portal.ui.manageyards.view.New","viewId":"application-manageyards-display-component---NewYard","bindingPath":{"path":"","propertyPath":"/DELIVERY_TYPE","modelName":"NewYardModel"},"interaction":{"idSuffix":"inner"}},"wdio_ui5_key":"etmportal.ui.manageyards.view.Newsap.m.Input{\"path\":\"\",\"propertyPath\":\"/DELIVERY_TYPE\",\"modelName\":\"NewYardModel\"}"}]}
RESULT: undefined
COMMAND: POST /session/fe219389c4a652ed804fe0697356972e/execute/async - {"script":"<script> [776 bytes]","args":[{"enterText":"ZL01","selector":{"controlType":"sap.m.Input","viewName":"etm.portal.ui.manageyards.view.New","viewId":"application-manageyards-display-component---NewYard","bindingPath":{"path":"","propertyPath":"/DELIVERY_TYPE","modelName":"NewYardModel"},"interaction":{"idSuffix":"inner"}},"clearTextFirst":true,"interactionType":"ENTER_TEXT"}]}
RESULT: {"script":"<script> [776 bytes]","args":[{"enterText":"ZL01","selector":{"controlType":"sap.m.Input","viewName":"etm.portal.ui.manageyards.view.New","viewId":"application-manageyards-display-component---NewYard","bindingPath":{"path":"","propertyPath":"/DELIVERY_TYPE","modelName":"NewYardModel"},"interaction":{"idSuffix":"inner"}},"clearTextFirst":true,"interactionType":"ENTER_TEXT"}]}
COMMAND: POST /session/fe219389c4a652ed804fe0697356972e/execute/async - {"script":"<script> [1562 bytes]","args":[{"selector":{"controlType":"sap.m.Input","viewName":"etm.portal.ui.manageyards.view.New","viewId":"application-manageyards-display-component---NewYard","bindingPath":{"path":"","propertyPath":"/AUART","modelName":"NewYardModel"},"interaction":{"idSuffix":"inner"}},"wdio_ui5_key":"etmportal.ui.manageyards.view.Newsap.m.Input{\"path\":\"\",\"propertyPath\":\"/AUART\",\"modelName\":\"NewYardModel\"}"}]}
RESULT: {"script":"<script> [1562 bytes]","args":[{"selector":{"controlType":"sap.m.Input","viewName":"etm.portal.ui.manageyards.view.New","viewId":"application-manageyards-display-component---NewYard","bindingPath":{"path":"","propertyPath":"/AUART","modelName":"NewYardModel"},"interaction":{"idSuffix":"inner"}},"wdio_ui5_key":"etmportal.ui.manageyards.view.Newsap.m.Input{\"path\":\"\",\"propertyPath\":\"/AUART\",\"modelName\":\"NewYardModel\"}"}]}
RESULT: undefined
COMMAND: POST /session/fe219389c4a652ed804fe0697356972e/execute/async - {"script":"<script> [776 bytes]","args":[{"enterText":"TA","selector":{"controlType":"sap.m.Input","viewName":"etm.portal.ui.manageyards.view.New","viewId":"application-manageyards-display-component---NewYard","bindingPath":{"path":"","propertyPath":"/AUART","modelName":"NewYardModel"},"interaction":{"idSuffix":"inner"}},"clearTextFirst":true,"interactionType":"ENTER_TEXT"}]}
RESULT: {"script":"<script> [776 bytes]","args":[{"enterText":"TA","selector":{"controlType":"sap.m.Input","viewName":"etm.portal.ui.manageyards.view.New","viewId":"application-manageyards-display-component---NewYard","bindingPath":{"path":"","propertyPath":"/AUART","modelName":"NewYardModel"},"interaction":{"idSuffix":"inner"}},"clearTextFirst":true,"interactionType":"ENTER_TEXT"}]}
COMMAND: POST /session/fe219389c4a652ed804fe0697356972e/element - {"using":"xpath","value":"//button[@data-kt=\"newYardSaveButton\"]"}
RESULT: {"using":"xpath","value":"//button[@data-kt=\"newYardSaveButton\"]"}
COMMAND: POST /session/fe219389c4a652ed804fe0697356972e/element/f.AE569C338F7BE8C487FB69BDD94B5641.d.B3503877C79FB020EEE97697C9353064.e.28877/click - {}
RESULT: {}
COMMAND: GET /session/fe219389c4a652ed804fe0697356972e/screenshot - {}
RESULT: {}
COMMAND: POST /session/fe219389c4a652ed804fe0697356972e/element - {"using":"xpath","value":"//header[contains(@id, 'ObjectPageLayout-headerTitle')]/div[1]/div[2]/div[1]/span[1]"}
RESULT: {"using":"xpath","value":"//header[contains(@id, 'ObjectPageLayout-headerTitle')]/div[1]/div[2]/div[1]/span[1]"}
COMMAND: POST /session/fe219389c4a652ed804fe0697356972e/elements - {"using":"xpath","value":"//header[contains(@id, 'ObjectPageLayout-headerTitle')]/div[1]/div[2]/div[1]/span[1]"}
RESULT: {"using":"xpath","value":"//header[contains(@id, 'ObjectPageLayout-headerTitle')]/div[1]/div[2]/div[1]/span[1]"}
COMMAND: POST /session/fe219389c4a652ed804fe0697356972e/execute/sync - {"script":"<script> [56 bytes]","args":[{"element-6066-11e4-a52e-4f735466cecf":"f.AE569C338F7BE8C487FB69BDD94B5641.d.B3503877C79FB020EEE97697C9353064.e.29180","ELEMENT":"f.AE569C338F7BE8C487FB69BDD94B5641.d.B3503877C79FB020EEE97697C9353064.e.29180"}]}
RESULT: {"script":"<script> [56 bytes]","args":[{"element-6066-11e4-a52e-4f735466cecf":"f.AE569C338F7BE8C487FB69BDD94B5641.d.B3503877C79FB020EEE97697C9353064.e.29180","ELEMENT":"f.AE569C338F7BE8C487FB69BDD94B5641.d.B3503877C79FB020EEE97697C9353064.e.29180"}]}
COMMAND: GET /session/fe219389c4a652ed804fe0697356972e/screenshot - {}
RESULT: {}
COMMAND: POST /session/fe219389c4a652ed804fe0697356972e/element - {"using":"css selector","value":"#shell-header-logo"}
RESULT: {"using":"css selector","value":"#shell-header-logo"}
COMMAND: POST /session/fe219389c4a652ed804fe0697356972e/element/f.AE569C338F7BE8C487FB69BDD94B5641.d.B3503877C79FB020EEE97697C9353064.e.28326/click - {}
RESULT: {}
COMMAND: GET /session/fe219389c4a652ed804fe0697356972e/screenshot - {}
RESULT: {}
COMMAND: POST /session/fe219389c4a652ed804fe0697356972e/execute/sync - {"script":"<script> [299 bytes]","args":[["getModel","getResource"]]}
RESULT: {"script":"<script> [299 bytes]","args":[["getModel","getResource"]]}
COMMAND: GET /session/fe219389c4a652ed804fe0697356972e/screenshot - {}
]]></system-out>
    </testcase>
    <testcase classname="chrome.136_0_7103_93.windows.Transfer_Yard_to_Yard_US131076" name="Should create an equipment" time="137.874">
      <system-out><![CDATA[
COMMAND: POST /session/fe219389c4a652ed804fe0697356972e/execute/async - {"script":"<script> [1562 bytes]","args":[{"selector":{"controlType":"sap.m.GenericTile","properties":{"header":"Manage Resources"}},"wdio_ui5_key":"sapm.GenericTile{\"header\":\"Manage Resources\"}"}]}
RESULT: {}
RESULT: {"script":"<script> [1562 bytes]","args":[{"selector":{"controlType":"sap.m.GenericTile","properties":{"header":"Manage Resources"}},"wdio_ui5_key":"sapm.GenericTile{\"header\":\"Manage Resources\"}"}]}
RESULT: undefined
COMMAND: POST /session/fe219389c4a652ed804fe0697356972e/element - {"using":"xpath","value":"//*[@id=\"__tile31\"]"}
RESULT: {"using":"xpath","value":"//*[@id=\"__tile31\"]"}
COMMAND: POST /session/fe219389c4a652ed804fe0697356972e/element/f.AE569C338F7BE8C487FB69BDD94B5641.d.B3503877C79FB020EEE97697C9353064.e.28348/click - {}
RESULT: {}
COMMAND: GET /session/fe219389c4a652ed804fe0697356972e/screenshot - {}
RESULT: {}
COMMAND: POST /session/fe219389c4a652ed804fe0697356972e/elements - {"using":"xpath","value":"//span[text()='Error']"}
RESULT: {"using":"xpath","value":"//span[text()='Error']"}
COMMAND: POST /session/fe219389c4a652ed804fe0697356972e/element - {"using":"xpath","value":"//button[@data-kt=\"addNewRUOverflowToolbarButton\"]"}
RESULT: {"using":"xpath","value":"//button[@data-kt=\"addNewRUOverflowToolbarButton\"]"}
COMMAND: POST /session/fe219389c4a652ed804fe0697356972e/elements - {"using":"xpath","value":"//button[@data-kt=\"addNewRUOverflowToolbarButton\"]"}
RESULT: {"using":"xpath","value":"//button[@data-kt=\"addNewRUOverflowToolbarButton\"]"}
COMMAND: POST /session/fe219389c4a652ed804fe0697356972e/execute/sync - {"script":"<script> [8489 bytes]","args":[{"element-6066-11e4-a52e-4f735466cecf":"f.AE569C338F7BE8C487FB69BDD94B5641.d.B3503877C79FB020EEE97697C9353064.e.29224","ELEMENT":"f.AE569C338F7BE8C487FB69BDD94B5641.d.B3503877C79FB020EEE97697C9353064.e.29224"}]}
RESULT: {"script":"<script> [8489 bytes]","args":[{"element-6066-11e4-a52e-4f735466cecf":"f.AE569C338F7BE8C487FB69BDD94B5641.d.B3503877C79FB020EEE97697C9353064.e.29224","ELEMENT":"f.AE569C338F7BE8C487FB69BDD94B5641.d.B3503877C79FB020EEE97697C9353064.e.29224"}]}
COMMAND: GET /session/fe219389c4a652ed804fe0697356972e/element/f.AE569C338F7BE8C487FB69BDD94B5641.d.B3503877C79FB020EEE97697C9353064.e.29224/enabled - {}
COMMAND: GET /session/fe219389c4a652ed804fe0697356972e/screenshot - {}
RESULT: {}
COMMAND: POST /session/fe219389c4a652ed804fe0697356972e/execute/sync - {"script":"<script> [8489 bytes]","args":[{"element-6066-11e4-a52e-4f735466cecf":"f.AE569C338F7BE8C487FB69BDD94B5641.d.B3503877C79FB020EEE97697C9353064.e.29224","ELEMENT":"f.AE569C338F7BE8C487FB69BDD94B5641.d.B3503877C79FB020EEE97697C9353064.e.29224"}]}
COMMAND: GET /session/fe219389c4a652ed804fe0697356972e/screenshot - {}
RESULT: {}
RESULT: {"script":"<script> [8489 bytes]","args":[{"element-6066-11e4-a52e-4f735466cecf":"f.AE569C338F7BE8C487FB69BDD94B5641.d.B3503877C79FB020EEE97697C9353064.e.29224","ELEMENT":"f.AE569C338F7BE8C487FB69BDD94B5641.d.B3503877C79FB020EEE97697C9353064.e.29224"}]}
COMMAND: POST /session/fe219389c4a652ed804fe0697356972e/execute/sync - {"script":"<script> [5351 bytes]","args":[{"element-6066-11e4-a52e-4f735466cecf":"f.AE569C338F7BE8C487FB69BDD94B5641.d.B3503877C79FB020EEE97697C9353064.e.29224","ELEMENT":"f.AE569C338F7BE8C487FB69BDD94B5641.d.B3503877C79FB020EEE97697C9353064.e.29224"}]}
COMMAND: GET /session/fe219389c4a652ed804fe0697356972e/screenshot - {}
RESULT: {}
RESULT: {"script":"<script> [5351 bytes]","args":[{"element-6066-11e4-a52e-4f735466cecf":"f.AE569C338F7BE8C487FB69BDD94B5641.d.B3503877C79FB020EEE97697C9353064.e.29224","ELEMENT":"f.AE569C338F7BE8C487FB69BDD94B5641.d.B3503877C79FB020EEE97697C9353064.e.29224"}]}
COMMAND: POST /session/fe219389c4a652ed804fe0697356972e/element/f.AE569C338F7BE8C487FB69BDD94B5641.d.B3503877C79FB020EEE97697C9353064.e.29224/click - {}
COMMAND: GET /session/fe219389c4a652ed804fe0697356972e/screenshot - {}
RESULT: {}
RESULT: {}
COMMAND: GET /session/fe219389c4a652ed804fe0697356972e/screenshot - {}
RESULT: {}
COMMAND: POST /session/fe219389c4a652ed804fe0697356972e/execute/async - {"script":"<script> [1562 bytes]","args":[{"selector":{"id":"application-manageresources-display-component---newResourceUnit--TYPE-arrow"},"wdio_ui5_key":"applicationmanageresources-display-component---newResourceUnit--TYPE-arrow"}]}
RESULT: {}
RESULT: {"script":"<script> [1562 bytes]","args":[{"selector":{"id":"application-manageresources-display-component---newResourceUnit--TYPE-arrow"},"wdio_ui5_key":"applicationmanageresources-display-component---newResourceUnit--TYPE-arrow"}]}
RESULT: undefined
COMMAND: POST /session/fe219389c4a652ed804fe0697356972e/element - {"using":"xpath","value":"//*[@id=\"application-manageresources-display-component---newResourceUnit--TYPE-arrow\"]"}
RESULT: {"using":"xpath","value":"//*[@id=\"application-manageresources-display-component---newResourceUnit--TYPE-arrow\"]"}
COMMAND: POST /session/fe219389c4a652ed804fe0697356972e/element/f.AE569C338F7BE8C487FB69BDD94B5641.d.B3503877C79FB020EEE97697C9353064.e.29581/click - {}
RESULT: {}
COMMAND: POST /session/fe219389c4a652ed804fe0697356972e/element - {"using":"xpath","value":"//input[@id=\"application-manageresources-display-component---newResourceUnit--TYPE-inner\"]"}
COMMAND: GET /session/fe219389c4a652ed804fe0697356972e/screenshot - {}
RESULT: {"using":"xpath","value":"//input[@id=\"application-manageresources-display-component---newResourceUnit--TYPE-inner\"]"}
COMMAND: POST /session/fe219389c4a652ed804fe0697356972e/element/f.AE569C338F7BE8C487FB69BDD94B5641.d.B3503877C79FB020EEE97697C9353064.e.29562/clear - {}
RESULT: {}
RESULT: {}
COMMAND: POST /session/fe219389c4a652ed804fe0697356972e/element/f.AE569C338F7BE8C487FB69BDD94B5641.d.B3503877C79FB020EEE97697C9353064.e.29562/value - {"text":"Equipment"}
COMMAND: GET /session/fe219389c4a652ed804fe0697356972e/screenshot - {}
RESULT: {"text":"Equipment"}
COMMAND: GET /session/fe219389c4a652ed804fe0697356972e/screenshot - {}
RESULT: {}
RESULT: {}
COMMAND: POST /session/fe219389c4a652ed804fe0697356972e/actions - {"actions":[{"id":"action87","type":"key","parameters":{},"actions":[{"type":"keyDown","value":""},{"type":"pause","duration":10},{"type":"keyUp","value":""}]}]}
RESULT: {"actions":[{"id":"action87","type":"key","parameters":{},"actions":[{"type":"keyDown","value":""},{"type":"pause","duration":10},{"type":"keyUp","value":""}]}]}
COMMAND: POST /session/fe219389c4a652ed804fe0697356972e/execute/async - {"script":"<script> [1562 bytes]","args":[{"selector":{"id":"application-manageresources-display-component---newResourceUnit--resourceId","interaction":{"idSuffix":"inner"}},"wdio_ui5_key":"applicationmanageresources-display-component---newResourceUnit--resourceId"}]}
COMMAND: GET /session/fe219389c4a652ed804fe0697356972e/screenshot - {}
RESULT: {"script":"<script> [1562 bytes]","args":[{"selector":{"id":"application-manageresources-display-component---newResourceUnit--resourceId","interaction":{"idSuffix":"inner"}},"wdio_ui5_key":"applicationmanageresources-display-component---newResourceUnit--resourceId"}]}
RESULT: undefined
COMMAND: POST /session/fe219389c4a652ed804fe0697356972e/execute/async - {"script":"<script> [776 bytes]","args":[{"enterText":"dcyyX6WFWD","selector":{"id":"application-manageresources-display-component---newResourceUnit--resourceId","interaction":{"idSuffix":"inner"}},"clearTextFirst":true,"interactionType":"ENTER_TEXT"}]}
RESULT: {}
RESULT: {"script":"<script> [776 bytes]","args":[{"enterText":"dcyyX6WFWD","selector":{"id":"application-manageresources-display-component---newResourceUnit--resourceId","interaction":{"idSuffix":"inner"}},"clearTextFirst":true,"interactionType":"ENTER_TEXT"}]}
COMMAND: POST /session/fe219389c4a652ed804fe0697356972e/execute/async - {"script":"<script> [1562 bytes]","args":[{"selector":{"id":"application-manageresources-display-component---newResourceUnit--SHORT_TEXT","interaction":{"idSuffix":"inner"}},"wdio_ui5_key":"applicationmanageresources-display-component---newResourceUnit--SHORT_TEXT"}]}
RESULT: {"script":"<script> [1562 bytes]","args":[{"selector":{"id":"application-manageresources-display-component---newResourceUnit--SHORT_TEXT","interaction":{"idSuffix":"inner"}},"wdio_ui5_key":"applicationmanageresources-display-component---newResourceUnit--SHORT_TEXT"}]}
RESULT: undefined
COMMAND: POST /session/fe219389c4a652ed804fe0697356972e/execute/async - {"script":"<script> [776 bytes]","args":[{"enterText":"Intercompany Equipment WDIO","selector":{"id":"application-manageresources-display-component---newResourceUnit--SHORT_TEXT","interaction":{"idSuffix":"inner"}},"clearTextFirst":true,"interactionType":"ENTER_TEXT"}]}
RESULT: {"script":"<script> [776 bytes]","args":[{"enterText":"Intercompany Equipment WDIO","selector":{"id":"application-manageresources-display-component---newResourceUnit--SHORT_TEXT","interaction":{"idSuffix":"inner"}},"clearTextFirst":true,"interactionType":"ENTER_TEXT"}]}
COMMAND: POST /session/fe219389c4a652ed804fe0697356972e/execute/async - {"script":"<script> [1562 bytes]","args":[{"selector":{"id":"application-manageresources-display-component---newResourceUnit--BASE_UNIT_OF_MEASURE","interaction":{"idSuffix":"inner"}},"wdio_ui5_key":"applicationmanageresources-display-component---newResourceUnit--BASE_UNIT_OF_MEASURE"}]}
RESULT: {"script":"<script> [1562 bytes]","args":[{"selector":{"id":"application-manageresources-display-component---newResourceUnit--BASE_UNIT_OF_MEASURE","interaction":{"idSuffix":"inner"}},"wdio_ui5_key":"applicationmanageresources-display-component---newResourceUnit--BASE_UNIT_OF_MEASURE"}]}
RESULT: undefined
COMMAND: POST /session/fe219389c4a652ed804fe0697356972e/execute/async - {"script":"<script> [776 bytes]","args":[{"enterText":"Piece","selector":{"id":"application-manageresources-display-component---newResourceUnit--BASE_UNIT_OF_MEASURE","interaction":{"idSuffix":"inner"}},"clearTextFirst":true,"interactionType":"ENTER_TEXT"}]}
RESULT: {"script":"<script> [776 bytes]","args":[{"enterText":"Piece","selector":{"id":"application-manageresources-display-component---newResourceUnit--BASE_UNIT_OF_MEASURE","interaction":{"idSuffix":"inner"}},"clearTextFirst":true,"interactionType":"ENTER_TEXT"}]}
COMMAND: POST /session/fe219389c4a652ed804fe0697356972e/execute/async - {"script":"<script> [1562 bytes]","args":[{"selector":{"id":"application-manageresources-display-component---newResourceUnit--WEIGHT_UNIT","interaction":{"idSuffix":"inner"}},"wdio_ui5_key":"applicationmanageresources-display-component---newResourceUnit--WEIGHT_UNIT"}]}
RESULT: {"script":"<script> [1562 bytes]","args":[{"selector":{"id":"application-manageresources-display-component---newResourceUnit--WEIGHT_UNIT","interaction":{"idSuffix":"inner"}},"wdio_ui5_key":"applicationmanageresources-display-component---newResourceUnit--WEIGHT_UNIT"}]}
RESULT: undefined
COMMAND: POST /session/fe219389c4a652ed804fe0697356972e/execute/async - {"script":"<script> [776 bytes]","args":[{"enterText":"Gram","selector":{"id":"application-manageresources-display-component---newResourceUnit--WEIGHT_UNIT","interaction":{"idSuffix":"inner"}},"clearTextFirst":true,"interactionType":"ENTER_TEXT"}]}
RESULT: {"script":"<script> [776 bytes]","args":[{"enterText":"Gram","selector":{"id":"application-manageresources-display-component---newResourceUnit--WEIGHT_UNIT","interaction":{"idSuffix":"inner"}},"clearTextFirst":true,"interactionType":"ENTER_TEXT"}]}
COMMAND: POST /session/fe219389c4a652ed804fe0697356972e/execute/async - {"script":"<script> [1562 bytes]","args":[{"selector":{"id":"application-manageresources-display-component---newResourceUnit--DIMENSION_UNIT","interaction":{"idSuffix":"inner"}},"wdio_ui5_key":"applicationmanageresources-display-component---newResourceUnit--DIMENSION_UNIT"}]}
RESULT: {"script":"<script> [1562 bytes]","args":[{"selector":{"id":"application-manageresources-display-component---newResourceUnit--DIMENSION_UNIT","interaction":{"idSuffix":"inner"}},"wdio_ui5_key":"applicationmanageresources-display-component---newResourceUnit--DIMENSION_UNIT"}]}
RESULT: undefined
COMMAND: POST /session/fe219389c4a652ed804fe0697356972e/execute/async - {"script":"<script> [776 bytes]","args":[{"enterText":"Meter","selector":{"id":"application-manageresources-display-component---newResourceUnit--DIMENSION_UNIT","interaction":{"idSuffix":"inner"}},"clearTextFirst":true,"interactionType":"ENTER_TEXT"}]}
RESULT: {"script":"<script> [776 bytes]","args":[{"enterText":"Meter","selector":{"id":"application-manageresources-display-component---newResourceUnit--DIMENSION_UNIT","interaction":{"idSuffix":"inner"}},"clearTextFirst":true,"interactionType":"ENTER_TEXT"}]}
COMMAND: POST /session/fe219389c4a652ed804fe0697356972e/execute/async - {"script":"<script> [1562 bytes]","args":[{"selector":{"id":"application-manageresources-display-component---newResourceUnit--newRRUPage-anchBar-application-manageresources-display-component---newResourceUnit--control-anchor","interaction":{"idSuffix":"BDI-content"}},"wdio_ui5_key":"applicationmanageresources-display-component---newResourceUnit--newRRUPage-anchBar-application-manageresources-display-component---newResourceUnit--control-anchor"}]}
RESULT: {"script":"<script> [1562 bytes]","args":[{"selector":{"id":"application-manageresources-display-component---newResourceUnit--newRRUPage-anchBar-application-manageresources-display-component---newResourceUnit--control-anchor","interaction":{"idSuffix":"BDI-content"}},"wdio_ui5_key":"applicationmanageresources-display-component---newResourceUnit--newRRUPage-anchBar-application-manageresources-display-component---newResourceUnit--control-anchor"}]}
RESULT: undefined
COMMAND: POST /session/fe219389c4a652ed804fe0697356972e/element - {"using":"xpath","value":"//*[@id=\"application-manageresources-display-component---newResourceUnit--newRRUPage-anchBar-application-manageresources-display-component---newResourceUnit--control-anchor\"]"}
RESULT: {"using":"xpath","value":"//*[@id=\"application-manageresources-display-component---newResourceUnit--newRRUPage-anchBar-application-manageresources-display-component---newResourceUnit--control-anchor\"]"}
COMMAND: POST /session/fe219389c4a652ed804fe0697356972e/element/f.AE569C338F7BE8C487FB69BDD94B5641.d.B3503877C79FB020EEE97697C9353064.e.29739/click - {}
RESULT: {}
COMMAND: POST /session/fe219389c4a652ed804fe0697356972e/execute/async - {"script":"<script> [1562 bytes]","args":[{"selector":{"id":"application-manageresources-display-component---newResourceUnit--PLANNING_GROUP","interaction":{"idSuffix":"inner"}},"wdio_ui5_key":"applicationmanageresources-display-component---newResourceUnit--PLANNING_GROUP"}]}
COMMAND: GET /session/fe219389c4a652ed804fe0697356972e/screenshot - {}
RESULT: {"script":"<script> [1562 bytes]","args":[{"selector":{"id":"application-manageresources-display-component---newResourceUnit--PLANNING_GROUP","interaction":{"idSuffix":"inner"}},"wdio_ui5_key":"applicationmanageresources-display-component---newResourceUnit--PLANNING_GROUP"}]}
RESULT: undefined
COMMAND: POST /session/fe219389c4a652ed804fe0697356972e/execute/async - {"script":"<script> [776 bytes]","args":[{"enterText":"Heavy Equi","selector":{"id":"application-manageresources-display-component---newResourceUnit--PLANNING_GROUP","interaction":{"idSuffix":"inner"}},"clearTextFirst":true,"interactionType":"ENTER_TEXT"}]}
RESULT: {}
RESULT: {"script":"<script> [776 bytes]","args":[{"enterText":"Heavy Equi","selector":{"id":"application-manageresources-display-component---newResourceUnit--PLANNING_GROUP","interaction":{"idSuffix":"inner"}},"clearTextFirst":true,"interactionType":"ENTER_TEXT"}]}
COMMAND: POST /session/fe219389c4a652ed804fe0697356972e/execute/async - {"script":"<script> [1562 bytes]","args":[{"selector":{"id":"application-manageresources-display-component---newResourceUnit--ITEM_TYPE-arrow"},"wdio_ui5_key":"applicationmanageresources-display-component---newResourceUnit--ITEM_TYPE-arrow"}]}
RESULT: {"script":"<script> [1562 bytes]","args":[{"selector":{"id":"application-manageresources-display-component---newResourceUnit--ITEM_TYPE-arrow"},"wdio_ui5_key":"applicationmanageresources-display-component---newResourceUnit--ITEM_TYPE-arrow"}]}
RESULT: undefined
COMMAND: POST /session/fe219389c4a652ed804fe0697356972e/element - {"using":"xpath","value":"//*[@id=\"application-manageresources-display-component---newResourceUnit--ITEM_TYPE-arrow\"]"}
RESULT: {"using":"xpath","value":"//*[@id=\"application-manageresources-display-component---newResourceUnit--ITEM_TYPE-arrow\"]"}
COMMAND: POST /session/fe219389c4a652ed804fe0697356972e/element/f.AE569C338F7BE8C487FB69BDD94B5641.d.B3503877C79FB020EEE97697C9353064.e.29748/click - {}
RESULT: {}
COMMAND: POST /session/fe219389c4a652ed804fe0697356972e/element - {"using":"xpath","value":"//ul[contains(@id,\"ITEM_TYPE-popup-list-listUl\")]//li[.//span[contains(text(),\"Resource Unit\")]]"}
COMMAND: GET /session/fe219389c4a652ed804fe0697356972e/screenshot - {}
RESULT: {"using":"xpath","value":"//ul[contains(@id,\"ITEM_TYPE-popup-list-listUl\")]//li[.//span[contains(text(),\"Resource Unit\")]]"}
COMMAND: POST /session/fe219389c4a652ed804fe0697356972e/element/f.AE569C338F7BE8C487FB69BDD94B5641.d.B3503877C79FB020EEE97697C9353064.e.29749/click - {}
RESULT: {}
RESULT: {}
COMMAND: GET /session/fe219389c4a652ed804fe0697356972e/screenshot - {}
RESULT: {}
COMMAND: POST /session/fe219389c4a652ed804fe0697356972e/element - {"using":"css selector","value":"#application-manageresources-display-component---newResourceUnit--btnAddTimeSegment"}
RESULT: {"using":"css selector","value":"#application-manageresources-display-component---newResourceUnit--btnAddTimeSegment"}
COMMAND: GET /session/fe219389c4a652ed804fe0697356972e/element/f.AE569C338F7BE8C487FB69BDD94B5641.d.B3503877C79FB020EEE97697C9353064.e.29757/rect - {}
RESULT: {}
COMMAND: GET /session/fe219389c4a652ed804fe0697356972e/window/rect - {}
RESULT: {}
COMMAND: POST /session/fe219389c4a652ed804fe0697356972e/execute/sync - {"script":"<script> [92 bytes]","args":[]}
RESULT: {"script":"<script> [92 bytes]","args":[]}
COMMAND: POST /session/fe219389c4a652ed804fe0697356972e/actions - {"actions":[{"id":"action88","type":"wheel","parameters":{},"actions":[{"type":"scroll","x":-1888,"y":-32,"deltaX":0,"deltaY":0,"duration":0,"origin":{"element-6066-11e4-a52e-4f735466cecf":"f.AE569C338F7BE8C487FB69BDD94B5641.d.B3503877C79FB020EEE97697C9353064.e.29757"}}]}]}
COMMAND: GET /session/fe219389c4a652ed804fe0697356972e/screenshot - {}
RESULT: {}
COMMAND: POST /session/fe219389c4a652ed804fe0697356972e/execute/sync - {"script":"<script> [79 bytes]","args":[{"element-6066-11e4-a52e-4f735466cecf":"f.AE569C338F7BE8C487FB69BDD94B5641.d.B3503877C79FB020EEE97697C9353064.e.29757","ELEMENT":"f.AE569C338F7BE8C487FB69BDD94B5641.d.B3503877C79FB020EEE97697C9353064.e.29757"},{"block":"start","inline":"nearest"}]}
RESULT: {"script":"<script> [79 bytes]","args":[{"element-6066-11e4-a52e-4f735466cecf":"f.AE569C338F7BE8C487FB69BDD94B5641.d.B3503877C79FB020EEE97697C9353064.e.29757","ELEMENT":"f.AE569C338F7BE8C487FB69BDD94B5641.d.B3503877C79FB020EEE97697C9353064.e.29757"},{"block":"start","inline":"nearest"}]}
COMMAND: POST /session/fe219389c4a652ed804fe0697356972e/execute/async - {"script":"<script> [1562 bytes]","args":[{"selector":{"id":"application-manageresources-display-component---newResourceUnit--btnAddTimeSegment","interaction":{"idSuffix":"inner"}},"wdio_ui5_key":"applicationmanageresources-display-component---newResourceUnit--btnAddTimeSegment"}]}
COMMAND: GET /session/fe219389c4a652ed804fe0697356972e/screenshot - {}
RESULT: {"script":"<script> [1562 bytes]","args":[{"selector":{"id":"application-manageresources-display-component---newResourceUnit--btnAddTimeSegment","interaction":{"idSuffix":"inner"}},"wdio_ui5_key":"applicationmanageresources-display-component---newResourceUnit--btnAddTimeSegment"}]}
RESULT: undefined
COMMAND: POST /session/fe219389c4a652ed804fe0697356972e/element - {"using":"xpath","value":"//*[@id=\"application-manageresources-display-component---newResourceUnit--btnAddTimeSegment\"]"}
RESULT: {}
RESULT: {"using":"xpath","value":"//*[@id=\"application-manageresources-display-component---newResourceUnit--btnAddTimeSegment\"]"}
COMMAND: POST /session/fe219389c4a652ed804fe0697356972e/element/f.AE569C338F7BE8C487FB69BDD94B5641.d.B3503877C79FB020EEE97697C9353064.e.29757/click - {}
RESULT: {}
COMMAND: GET /session/fe219389c4a652ed804fe0697356972e/screenshot - {}
RESULT: {}
COMMAND: POST /session/fe219389c4a652ed804fe0697356972e/element - {"using":"xpath","value":"//input[@id=\"application-manageresources-display-component---newResourceUnit--idRuTSAdmin-application-manageresources-display-component---newResourceUnit--RUTimeSegment-0-inner\"]"}
RESULT: {"using":"xpath","value":"//input[@id=\"application-manageresources-display-component---newResourceUnit--idRuTSAdmin-application-manageresources-display-component---newResourceUnit--RUTimeSegment-0-inner\"]"}
COMMAND: POST /session/fe219389c4a652ed804fe0697356972e/element/f.AE569C338F7BE8C487FB69BDD94B5641.d.B3503877C79FB020EEE97697C9353064.e.29763/clear - {}
RESULT: {}
COMMAND: POST /session/fe219389c4a652ed804fe0697356972e/element/f.AE569C338F7BE8C487FB69BDD94B5641.d.B3503877C79FB020EEE97697C9353064.e.29763/value - {"text":"467"}
COMMAND: GET /session/fe219389c4a652ed804fe0697356972e/screenshot - {}
RESULT: {"text":"467"}
COMMAND: GET /session/fe219389c4a652ed804fe0697356972e/screenshot - {}
RESULT: {}
RESULT: {}
COMMAND: POST /session/fe219389c4a652ed804fe0697356972e/element - {"using":"xpath","value":"//li[.//span[text()='467']]"}
RESULT: {"using":"xpath","value":"//li[.//span[text()='467']]"}
COMMAND: POST /session/fe219389c4a652ed804fe0697356972e/element/f.AE569C338F7BE8C487FB69BDD94B5641.d.B3503877C79FB020EEE97697C9353064.e.29775/click - {}
RESULT: {}
COMMAND: GET /session/fe219389c4a652ed804fe0697356972e/screenshot - {}
RESULT: {}
COMMAND: POST /session/fe219389c4a652ed804fe0697356972e/element - {"using":"xpath","value":"(//span[contains(@id, \"-application-manageresources-display-component---newResourceUnit--RUTimeSegment-0-arrow\")])[6]"}
RESULT: {"using":"xpath","value":"(//span[contains(@id, \"-application-manageresources-display-component---newResourceUnit--RUTimeSegment-0-arrow\")])[6]"}
COMMAND: POST /session/fe219389c4a652ed804fe0697356972e/element/f.AE569C338F7BE8C487FB69BDD94B5641.d.B3503877C79FB020EEE97697C9353064.e.29776/click - {}
RESULT: {}
COMMAND: GET /session/fe219389c4a652ed804fe0697356972e/screenshot - {}
RESULT: {}
COMMAND: POST /session/fe219389c4a652ed804fe0697356972e/element - {"using":"xpath","value":"//span[contains(text(), \"PM Order\")]"}
RESULT: {"using":"xpath","value":"//span[contains(text(), \"PM Order\")]"}
COMMAND: POST /session/fe219389c4a652ed804fe0697356972e/element/f.AE569C338F7BE8C487FB69BDD94B5641.d.B3503877C79FB020EEE97697C9353064.e.29779/click - {}
RESULT: {}
COMMAND: GET /session/fe219389c4a652ed804fe0697356972e/screenshot - {}
RESULT: {}
COMMAND: POST /session/fe219389c4a652ed804fe0697356972e/element - {"using":"xpath","value":"(//span[contains(@id ,\"manageresources-display-component---newResourceUnit--RUTimeSegment-0-vhi\")])[1]"}
RESULT: {"using":"xpath","value":"(//span[contains(@id ,\"manageresources-display-component---newResourceUnit--RUTimeSegment-0-vhi\")])[1]"}
COMMAND: GET /session/fe219389c4a652ed804fe0697356972e/element/f.AE569C338F7BE8C487FB69BDD94B5641.d.B3503877C79FB020EEE97697C9353064.e.29783/rect - {}
RESULT: {}
COMMAND: GET /session/fe219389c4a652ed804fe0697356972e/window/rect - {}
RESULT: {}
COMMAND: POST /session/fe219389c4a652ed804fe0697356972e/execute/sync - {"script":"<script> [92 bytes]","args":[]}
RESULT: {"script":"<script> [92 bytes]","args":[]}
COMMAND: POST /session/fe219389c4a652ed804fe0697356972e/actions - {"actions":[{"id":"action89","type":"wheel","parameters":{},"actions":[{"type":"scroll","x":-869,"y":-24,"deltaX":0,"deltaY":0,"duration":0,"origin":{"element-6066-11e4-a52e-4f735466cecf":"f.AE569C338F7BE8C487FB69BDD94B5641.d.B3503877C79FB020EEE97697C9353064.e.29783"}}]}]}
COMMAND: GET /session/fe219389c4a652ed804fe0697356972e/screenshot - {}
RESULT: {"actions":[{"id":"action89","type":"wheel","parameters":{},"actions":[{"type":"scroll","x":-869,"y":-24,"deltaX":0,"deltaY":0,"duration":0,"origin":{"element-6066-11e4-a52e-4f735466cecf":"f.AE569C338F7BE8C487FB69BDD94B5641.d.B3503877C79FB020EEE97697C9353064.e.29783"}}]}]}
COMMAND: DELETE /session/fe219389c4a652ed804fe0697356972e/actions - {}
COMMAND: GET /session/fe219389c4a652ed804fe0697356972e/screenshot - {}
RESULT: {}
RESULT: {}
COMMAND: GET /session/fe219389c4a652ed804fe0697356972e/screenshot - {}
RESULT: {}
RESULT: {}
COMMAND: POST /session/fe219389c4a652ed804fe0697356972e/element/f.AE569C338F7BE8C487FB69BDD94B5641.d.B3503877C79FB020EEE97697C9353064.e.29783/click - {}
RESULT: {}
COMMAND: GET /session/fe219389c4a652ed804fe0697356972e/screenshot - {}
RESULT: {}
RESULT: undefined
COMMAND: POST /session/fe219389c4a652ed804fe0697356972e/execute/async - {"script":"<script> [776 bytes]","args":[{"enterText":"4000360","selector":{"controlType":"sap.m.SearchField","properties":{"placeholder":"Search"},"searchOpenDialogs":true,"interaction":{"idSuffix":"I"}},"clearTextFirst":true,"interactionType":"ENTER_TEXT"}]}
RESULT: {"script":"<script> [776 bytes]","args":[{"enterText":"4000360","selector":{"controlType":"sap.m.SearchField","properties":{"placeholder":"Search"},"searchOpenDialogs":true,"interaction":{"idSuffix":"I"}},"clearTextFirst":true,"interactionType":"ENTER_TEXT"}]}
COMMAND: POST /session/fe219389c4a652ed804fe0697356972e/actions - {"actions":[{"id":"action90","type":"key","parameters":{},"actions":[{"type":"keyDown","value":""},{"type":"pause","duration":10},{"type":"keyUp","value":""}]}]}
RESULT: {"actions":[{"id":"action90","type":"key","parameters":{},"actions":[{"type":"keyDown","value":""},{"type":"pause","duration":10},{"type":"keyUp","value":""}]}]}
COMMAND: GET /session/fe219389c4a652ed804fe0697356972e/screenshot - {}
RESULT: {}
COMMAND: POST /session/fe219389c4a652ed804fe0697356972e/element - {"using":"xpath","value":"//td/div/span[contains(text(), \"BGL Vehicles\")]"}
RESULT: {"using":"xpath","value":"//td/div/span[contains(text(), \"BGL Vehicles\")]"}
COMMAND: POST /session/fe219389c4a652ed804fe0697356972e/element/f.AE569C338F7BE8C487FB69BDD94B5641.d.B3503877C79FB020EEE97697C9353064.e.29803/click - {}
RESULT: {}
COMMAND: GET /session/fe219389c4a652ed804fe0697356972e/screenshot - {}
RESULT: {}
COMMAND: POST /session/fe219389c4a652ed804fe0697356972e/element - {"using":"xpath","value":"//bdi[contains(text(), \"OK\")]"}
RESULT: {"using":"xpath","value":"//bdi[contains(text(), \"OK\")]"}
COMMAND: POST /session/fe219389c4a652ed804fe0697356972e/element/f.AE569C338F7BE8C487FB69BDD94B5641.d.B3503877C79FB020EEE97697C9353064.e.29804/click - {}
RESULT: {}
COMMAND: GET /session/fe219389c4a652ed804fe0697356972e/screenshot - {}
RESULT: {}
COMMAND: POST /session/fe219389c4a652ed804fe0697356972e/execute/async - {"script":"<script> [1562 bytes]","args":[{"selector":{"id":"application-manageresources-display-component---newResourceUnit--newRRUPage-anchBar-application-manageresources-display-component---newResourceUnit--resource-anchor","interaction":{"idSuffix":"BDI-content"}},"wdio_ui5_key":"applicationmanageresources-display-component---newResourceUnit--newRRUPage-anchBar-application-manageresources-display-component---newResourceUnit--resource-anchor"}]}
RESULT: {"script":"<script> [1562 bytes]","args":[{"selector":{"id":"application-manageresources-display-component---newResourceUnit--newRRUPage-anchBar-application-manageresources-display-component---newResourceUnit--resource-anchor","interaction":{"idSuffix":"BDI-content"}},"wdio_ui5_key":"applicationmanageresources-display-component---newResourceUnit--newRRUPage-anchBar-application-manageresources-display-component---newResourceUnit--resource-anchor"}]}
RESULT: undefined
COMMAND: POST /session/fe219389c4a652ed804fe0697356972e/element - {"using":"xpath","value":"//*[@id=\"application-manageresources-display-component---newResourceUnit--newRRUPage-anchBar-application-manageresources-display-component---newResourceUnit--resource-anchor\"]"}
RESULT: {"using":"xpath","value":"//*[@id=\"application-manageresources-display-component---newResourceUnit--newRRUPage-anchBar-application-manageresources-display-component---newResourceUnit--resource-anchor\"]"}
COMMAND: POST /session/fe219389c4a652ed804fe0697356972e/element/f.AE569C338F7BE8C487FB69BDD94B5641.d.B3503877C79FB020EEE97697C9353064.e.29808/click - {}
RESULT: {}
COMMAND: POST /session/fe219389c4a652ed804fe0697356972e/execute/async - {"script":"<script> [1562 bytes]","args":[{"selector":{"id":"application-manageresources-display-component---newResourceUnit--PLANNED_DELIVERY_DATE","interaction":{"idSuffix":"inner"}},"wdio_ui5_key":"applicationmanageresources-display-component---newResourceUnit--PLANNED_DELIVERY_DATE"}]}
COMMAND: GET /session/fe219389c4a652ed804fe0697356972e/screenshot - {}
RESULT: {}
RESULT: {"script":"<script> [1562 bytes]","args":[{"selector":{"id":"application-manageresources-display-component---newResourceUnit--PLANNED_DELIVERY_DATE","interaction":{"idSuffix":"inner"}},"wdio_ui5_key":"applicationmanageresources-display-component---newResourceUnit--PLANNED_DELIVERY_DATE"}]}
RESULT: undefined
COMMAND: POST /session/fe219389c4a652ed804fe0697356972e/execute/async - {"script":"<script> [6424 bytes]","args":[{"element-6066-11e4-a52e-4f735466cecf":"f.AE569C338F7BE8C487FB69BDD94B5641.d.B3503877C79FB020EEE97697C9353064.e.29637"},"setValue",["5/29/25"]]}
RESULT: {"script":"<script> [6424 bytes]","args":[{"element-6066-11e4-a52e-4f735466cecf":"f.AE569C338F7BE8C487FB69BDD94B5641.d.B3503877C79FB020EEE97697C9353064.e.29637"},"setValue",["5/29/25"]]}
COMMAND: POST /session/fe219389c4a652ed804fe0697356972e/element - {"using":"xpath","value":"//label[contains(@class, 'sapMLabelRequired') and .//bdi[contains(text(), 'Planned Retirement')]]"}
RESULT: {"using":"xpath","value":"//label[contains(@class, 'sapMLabelRequired') and .//bdi[contains(text(), 'Planned Retirement')]]"}
COMMAND: POST /session/fe219389c4a652ed804fe0697356972e/elements - {"using":"xpath","value":"//label[contains(@class, 'sapMLabelRequired') and .//bdi[contains(text(), 'Planned Retirement')]]"}
RESULT: {"using":"xpath","value":"//label[contains(@class, 'sapMLabelRequired') and .//bdi[contains(text(), 'Planned Retirement')]]"}
COMMAND: POST /session/fe219389c4a652ed804fe0697356972e/element - {"using":"xpath","value":"//button[@data-kt=\"resourceUnitSaveButton\"]"}
RESULT: {"using":"xpath","value":"//button[@data-kt=\"resourceUnitSaveButton\"]"}
COMMAND: POST /session/fe219389c4a652ed804fe0697356972e/element/f.AE569C338F7BE8C487FB69BDD94B5641.d.B3503877C79FB020EEE97697C9353064.e.29597/click - {}
RESULT: {}
COMMAND: GET /session/fe219389c4a652ed804fe0697356972e/screenshot - {}
RESULT: {}
COMMAND: POST /session/fe219389c4a652ed804fe0697356972e/element - {"using":"xpath","value":"//bdi[contains(text(), \"Close\")]"}
RESULT: {"using":"xpath","value":"//bdi[contains(text(), \"Close\")]"}
COMMAND: POST /session/fe219389c4a652ed804fe0697356972e/element/f.AE569C338F7BE8C487FB69BDD94B5641.d.B3503877C79FB020EEE97697C9353064.e.29818/click - {}
RESULT: {}
COMMAND: GET /session/fe219389c4a652ed804fe0697356972e/screenshot - {}
RESULT: {}
COMMAND: POST /session/fe219389c4a652ed804fe0697356972e/element - {"using":"xpath","value":"(//button[contains(@id ,\"actionsToolbar-overflowButton\")])[1]"}
RESULT: {"using":"xpath","value":"(//button[contains(@id ,\"actionsToolbar-overflowButton\")])[1]"}
COMMAND: POST /session/fe219389c4a652ed804fe0697356972e/element/f.AE569C338F7BE8C487FB69BDD94B5641.d.B3503877C79FB020EEE97697C9353064.e.29851/click - {}
RESULT: {}
COMMAND: GET /session/fe219389c4a652ed804fe0697356972e/screenshot - {}
RESULT: {}
COMMAND: POST /session/fe219389c4a652ed804fe0697356972e/element - {"using":"xpath","value":"//button[@data-kt=\"priceInfoButton\"]"}
RESULT: {"using":"xpath","value":"//button[@data-kt=\"priceInfoButton\"]"}
COMMAND: POST /session/fe219389c4a652ed804fe0697356972e/element/f.AE569C338F7BE8C487FB69BDD94B5641.d.B3503877C79FB020EEE97697C9353064.e.29853/click - {}
RESULT: {}
COMMAND: GET /session/fe219389c4a652ed804fe0697356972e/screenshot - {}
RESULT: {}
COMMAND: POST /session/fe219389c4a652ed804fe0697356972e/element - {"using":"css selector","value":"#shell-header-logo"}
RESULT: {"using":"css selector","value":"#shell-header-logo"}
COMMAND: POST /session/fe219389c4a652ed804fe0697356972e/element/f.AE569C338F7BE8C487FB69BDD94B5641.d.B3503877C79FB020EEE97697C9353064.e.29186/click - {}
RESULT: {}
COMMAND: GET /session/fe219389c4a652ed804fe0697356972e/screenshot - {}
RESULT: {}
]]></system-out>
    </testcase>
    <testcase classname="chrome.136_0_7103_93.windows.Transfer_Yard_to_Yard_US131076" name="Prereq Should create a new equipment multipart" time="125.268">
      <system-out><![CDATA[
RESULT: undefined
COMMAND: POST /session/fe219389c4a652ed804fe0697356972e/element - {"using":"xpath","value":"//*[@id=\"__tile31\"]"}
RESULT: {"using":"xpath","value":"//*[@id=\"__tile31\"]"}
COMMAND: POST /session/fe219389c4a652ed804fe0697356972e/element/f.AE569C338F7BE8C487FB69BDD94B5641.d.B3503877C79FB020EEE97697C9353064.e.28348/click - {}
RESULT: {}
COMMAND: GET /session/fe219389c4a652ed804fe0697356972e/screenshot - {}
RESULT: {}
COMMAND: POST /session/fe219389c4a652ed804fe0697356972e/elements - {"using":"xpath","value":"//span[text()='Error']"}
RESULT: {"using":"xpath","value":"//span[text()='Error']"}
COMMAND: POST /session/fe219389c4a652ed804fe0697356972e/element - {"using":"xpath","value":"//button[@data-kt=\"addNewRUOverflowToolbarButton\"]"}
RESULT: {"using":"xpath","value":"//button[@data-kt=\"addNewRUOverflowToolbarButton\"]"}
COMMAND: POST /session/fe219389c4a652ed804fe0697356972e/elements - {"using":"xpath","value":"//button[@data-kt=\"addNewRUOverflowToolbarButton\"]"}
RESULT: {"using":"xpath","value":"//button[@data-kt=\"addNewRUOverflowToolbarButton\"]"}
COMMAND: POST /session/fe219389c4a652ed804fe0697356972e/execute/sync - {"script":"<script> [8489 bytes]","args":[{"element-6066-11e4-a52e-4f735466cecf":"f.AE569C338F7BE8C487FB69BDD94B5641.d.B3503877C79FB020EEE97697C9353064.e.29931","ELEMENT":"f.AE569C338F7BE8C487FB69BDD94B5641.d.B3503877C79FB020EEE97697C9353064.e.29931"}]}
RESULT: {"script":"<script> [8489 bytes]","args":[{"element-6066-11e4-a52e-4f735466cecf":"f.AE569C338F7BE8C487FB69BDD94B5641.d.B3503877C79FB020EEE97697C9353064.e.29931","ELEMENT":"f.AE569C338F7BE8C487FB69BDD94B5641.d.B3503877C79FB020EEE97697C9353064.e.29931"}]}
COMMAND: GET /session/fe219389c4a652ed804fe0697356972e/element/f.AE569C338F7BE8C487FB69BDD94B5641.d.B3503877C79FB020EEE97697C9353064.e.29931/enabled - {}
COMMAND: GET /session/fe219389c4a652ed804fe0697356972e/screenshot - {}
RESULT: {}
COMMAND: POST /session/fe219389c4a652ed804fe0697356972e/execute/sync - {"script":"<script> [8489 bytes]","args":[{"element-6066-11e4-a52e-4f735466cecf":"f.AE569C338F7BE8C487FB69BDD94B5641.d.B3503877C79FB020EEE97697C9353064.e.29931","ELEMENT":"f.AE569C338F7BE8C487FB69BDD94B5641.d.B3503877C79FB020EEE97697C9353064.e.29931"}]}
COMMAND: GET /session/fe219389c4a652ed804fe0697356972e/screenshot - {}
RESULT: {}
RESULT: {"script":"<script> [8489 bytes]","args":[{"element-6066-11e4-a52e-4f735466cecf":"f.AE569C338F7BE8C487FB69BDD94B5641.d.B3503877C79FB020EEE97697C9353064.e.29931","ELEMENT":"f.AE569C338F7BE8C487FB69BDD94B5641.d.B3503877C79FB020EEE97697C9353064.e.29931"}]}
COMMAND: POST /session/fe219389c4a652ed804fe0697356972e/execute/sync - {"script":"<script> [5351 bytes]","args":[{"element-6066-11e4-a52e-4f735466cecf":"f.AE569C338F7BE8C487FB69BDD94B5641.d.B3503877C79FB020EEE97697C9353064.e.29931","ELEMENT":"f.AE569C338F7BE8C487FB69BDD94B5641.d.B3503877C79FB020EEE97697C9353064.e.29931"}]}
COMMAND: GET /session/fe219389c4a652ed804fe0697356972e/screenshot - {}
RESULT: {}
RESULT: {"script":"<script> [5351 bytes]","args":[{"element-6066-11e4-a52e-4f735466cecf":"f.AE569C338F7BE8C487FB69BDD94B5641.d.B3503877C79FB020EEE97697C9353064.e.29931","ELEMENT":"f.AE569C338F7BE8C487FB69BDD94B5641.d.B3503877C79FB020EEE97697C9353064.e.29931"}]}
COMMAND: POST /session/fe219389c4a652ed804fe0697356972e/element/f.AE569C338F7BE8C487FB69BDD94B5641.d.B3503877C79FB020EEE97697C9353064.e.29931/click - {}
COMMAND: GET /session/fe219389c4a652ed804fe0697356972e/screenshot - {}
RESULT: {}
RESULT: {}
COMMAND: GET /session/fe219389c4a652ed804fe0697356972e/screenshot - {}
RESULT: undefined
COMMAND: POST /session/fe219389c4a652ed804fe0697356972e/element - {"using":"xpath","value":"//*[@id=\"application-manageresources-display-component---newResourceUnit--TYPE-arrow\"]"}
RESULT: {}
RESULT: {}
RESULT: {"using":"xpath","value":"//*[@id=\"application-manageresources-display-component---newResourceUnit--TYPE-arrow\"]"}
COMMAND: POST /session/fe219389c4a652ed804fe0697356972e/element/f.AE569C338F7BE8C487FB69BDD94B5641.d.B3503877C79FB020EEE97697C9353064.e.30290/click - {}
RESULT: {}
COMMAND: POST /session/fe219389c4a652ed804fe0697356972e/element - {"using":"xpath","value":"//input[@id=\"application-manageresources-display-component---newResourceUnit--TYPE-inner\"]"}
COMMAND: GET /session/fe219389c4a652ed804fe0697356972e/screenshot - {}
RESULT: {"using":"xpath","value":"//input[@id=\"application-manageresources-display-component---newResourceUnit--TYPE-inner\"]"}
COMMAND: POST /session/fe219389c4a652ed804fe0697356972e/element/f.AE569C338F7BE8C487FB69BDD94B5641.d.B3503877C79FB020EEE97697C9353064.e.30272/clear - {}
RESULT: {}
RESULT: {}
COMMAND: POST /session/fe219389c4a652ed804fe0697356972e/element/f.AE569C338F7BE8C487FB69BDD94B5641.d.B3503877C79FB020EEE97697C9353064.e.30272/value - {"text":"Equi Multipart"}
COMMAND: GET /session/fe219389c4a652ed804fe0697356972e/screenshot - {}
RESULT: {"text":"Equi Multipart"}
COMMAND: GET /session/fe219389c4a652ed804fe0697356972e/screenshot - {}
RESULT: {}
RESULT: {}
COMMAND: POST /session/fe219389c4a652ed804fe0697356972e/actions - {"actions":[{"id":"action91","type":"key","parameters":{},"actions":[{"type":"keyDown","value":""},{"type":"pause","duration":10},{"type":"keyUp","value":""}]}]}
RESULT: {"actions":[{"id":"action91","type":"key","parameters":{},"actions":[{"type":"keyDown","value":""},{"type":"pause","duration":10},{"type":"keyUp","value":""}]}]}
RESULT: undefined
COMMAND: POST /session/fe219389c4a652ed804fe0697356972e/execute/async - {"script":"<script> [776 bytes]","args":[{"enterText":"Equipment Multipart WDIO","selector":{"id":"application-manageresources-display-component---newResourceUnit--SHORT_TEXT","interaction":{"idSuffix":"inner"}},"clearTextFirst":true,"interactionType":"ENTER_TEXT"}]}
COMMAND: GET /session/fe219389c4a652ed804fe0697356972e/screenshot - {}
RESULT: {}
RESULT: {"script":"<script> [776 bytes]","args":[{"enterText":"Equipment Multipart WDIO","selector":{"id":"application-manageresources-display-component---newResourceUnit--SHORT_TEXT","interaction":{"idSuffix":"inner"}},"clearTextFirst":true,"interactionType":"ENTER_TEXT"}]}
RESULT: undefined
COMMAND: POST /session/fe219389c4a652ed804fe0697356972e/execute/async - {"script":"<script> [776 bytes]","args":[{"enterText":"Piece","selector":{"id":"application-manageresources-display-component---newResourceUnit--BASE_UNIT_OF_MEASURE","interaction":{"idSuffix":"inner"}},"clearTextFirst":true,"interactionType":"ENTER_TEXT"}]}
RESULT: {"script":"<script> [776 bytes]","args":[{"enterText":"Piece","selector":{"id":"application-manageresources-display-component---newResourceUnit--BASE_UNIT_OF_MEASURE","interaction":{"idSuffix":"inner"}},"clearTextFirst":true,"interactionType":"ENTER_TEXT"}]}
RESULT: undefined
COMMAND: POST /session/fe219389c4a652ed804fe0697356972e/execute/async - {"script":"<script> [776 bytes]","args":[{"enterText":"Gram","selector":{"id":"application-manageresources-display-component---newResourceUnit--WEIGHT_UNIT","interaction":{"idSuffix":"inner"}},"clearTextFirst":true,"interactionType":"ENTER_TEXT"}]}
RESULT: {"script":"<script> [776 bytes]","args":[{"enterText":"Gram","selector":{"id":"application-manageresources-display-component---newResourceUnit--WEIGHT_UNIT","interaction":{"idSuffix":"inner"}},"clearTextFirst":true,"interactionType":"ENTER_TEXT"}]}
RESULT: undefined
COMMAND: POST /session/fe219389c4a652ed804fe0697356972e/execute/async - {"script":"<script> [776 bytes]","args":[{"enterText":"Meter","selector":{"id":"application-manageresources-display-component---newResourceUnit--DIMENSION_UNIT","interaction":{"idSuffix":"inner"}},"clearTextFirst":true,"interactionType":"ENTER_TEXT"}]}
RESULT: {"script":"<script> [776 bytes]","args":[{"enterText":"Meter","selector":{"id":"application-manageresources-display-component---newResourceUnit--DIMENSION_UNIT","interaction":{"idSuffix":"inner"}},"clearTextFirst":true,"interactionType":"ENTER_TEXT"}]}
RESULT: undefined
COMMAND: POST /session/fe219389c4a652ed804fe0697356972e/element - {"using":"xpath","value":"//*[@id=\"application-manageresources-display-component---newResourceUnit--newRRUPage-anchBar-application-manageresources-display-component---newResourceUnit--control-anchor\"]"}
RESULT: {"using":"xpath","value":"//*[@id=\"application-manageresources-display-component---newResourceUnit--newRRUPage-anchBar-application-manageresources-display-component---newResourceUnit--control-anchor\"]"}
COMMAND: POST /session/fe219389c4a652ed804fe0697356972e/element/f.AE569C338F7BE8C487FB69BDD94B5641.d.B3503877C79FB020EEE97697C9353064.e.30418/click - {}
RESULT: {}
RESULT: undefined
COMMAND: POST /session/fe219389c4a652ed804fe0697356972e/execute/async - {"script":"<script> [776 bytes]","args":[{"enterText":"Heavy Equi","selector":{"id":"application-manageresources-display-component---newResourceUnit--PLANNING_GROUP","interaction":{"idSuffix":"inner"}},"clearTextFirst":true,"interactionType":"ENTER_TEXT"}]}
COMMAND: GET /session/fe219389c4a652ed804fe0697356972e/screenshot - {}
RESULT: {"script":"<script> [776 bytes]","args":[{"enterText":"Heavy Equi","selector":{"id":"application-manageresources-display-component---newResourceUnit--PLANNING_GROUP","interaction":{"idSuffix":"inner"}},"clearTextFirst":true,"interactionType":"ENTER_TEXT"}]}
RESULT: {}
COMMAND: POST /session/fe219389c4a652ed804fe0697356972e/execute/async - {"script":"<script> [1562 bytes]","args":[{"selector":{"id":"application-manageresources-display-component---newResourceUnit--PLANNING_INDICATOR","interaction":{"idSuffix":"inner"}},"wdio_ui5_key":"applicationmanageresources-display-component---newResourceUnit--PLANNING_INDICATOR"}]}
RESULT: {"script":"<script> [1562 bytes]","args":[{"selector":{"id":"application-manageresources-display-component---newResourceUnit--PLANNING_INDICATOR","interaction":{"idSuffix":"inner"}},"wdio_ui5_key":"applicationmanageresources-display-component---newResourceUnit--PLANNING_INDICATOR"}]}
RESULT: undefined
COMMAND: POST /session/fe219389c4a652ed804fe0697356972e/execute/async - {"script":"<script> [776 bytes]","args":[{"enterText":"10 - infinite","selector":{"id":"application-manageresources-display-component---newResourceUnit--PLANNING_INDICATOR","interaction":{"idSuffix":"inner"}},"clearTextFirst":true,"interactionType":"ENTER_TEXT"}]}
RESULT: {"script":"<script> [776 bytes]","args":[{"enterText":"10 - infinite","selector":{"id":"application-manageresources-display-component---newResourceUnit--PLANNING_INDICATOR","interaction":{"idSuffix":"inner"}},"clearTextFirst":true,"interactionType":"ENTER_TEXT"}]}
RESULT: undefined
COMMAND: POST /session/fe219389c4a652ed804fe0697356972e/element - {"using":"xpath","value":"//*[@id=\"application-manageresources-display-component---newResourceUnit--ITEM_TYPE-arrow\"]"}
RESULT: {"using":"xpath","value":"//*[@id=\"application-manageresources-display-component---newResourceUnit--ITEM_TYPE-arrow\"]"}
COMMAND: POST /session/fe219389c4a652ed804fe0697356972e/element/f.AE569C338F7BE8C487FB69BDD94B5641.d.B3503877C79FB020EEE97697C9353064.e.30427/click - {}
RESULT: {}
COMMAND: GET /session/fe219389c4a652ed804fe0697356972e/screenshot - {}
RESULT: {}
COMMAND: POST /session/fe219389c4a652ed804fe0697356972e/execute/async - {"script":"<script> [1562 bytes]","args":[{"selector":{"controlType":"sap.m.StandardListItem","viewName":"reusables.view.manageresources.NewResourceUnit","viewId":"application-manageresources-display-component---newResourceUnit","properties":{"title":"Pool Equipment"},"searchOpenDialogs":true,"interaction":{"idSuffix":"content"}},"wdio_ui5_key":"reusablesview.manageresources.NewResourceUnitsap.m.StandardListItem{\"title\":\"Pool Equipment\"}"}]}
RESULT: {"script":"<script> [1562 bytes]","args":[{"selector":{"controlType":"sap.m.StandardListItem","viewName":"reusables.view.manageresources.NewResourceUnit","viewId":"application-manageresources-display-component---newResourceUnit","properties":{"title":"Pool Equipment"},"searchOpenDialogs":true,"interaction":{"idSuffix":"content"}},"wdio_ui5_key":"reusablesview.manageresources.NewResourceUnitsap.m.StandardListItem{\"title\":\"Pool Equipment\"}"}]}
RESULT: undefined
COMMAND: POST /session/fe219389c4a652ed804fe0697356972e/element - {"using":"xpath","value":"//*[@id=\"__item1344\"]"}
RESULT: {"using":"xpath","value":"//*[@id=\"__item1344\"]"}
COMMAND: POST /session/fe219389c4a652ed804fe0697356972e/element/f.AE569C338F7BE8C487FB69BDD94B5641.d.B3503877C79FB020EEE97697C9353064.e.30429/click - {}
RESULT: {}
COMMAND: GET /session/fe219389c4a652ed804fe0697356972e/screenshot - {}
RESULT: {}
COMMAND: POST /session/fe219389c4a652ed804fe0697356972e/element - {"using":"css selector","value":"#application-manageresources-display-component---newResourceUnit--btnAddTimeSegment"}
RESULT: {"using":"css selector","value":"#application-manageresources-display-component---newResourceUnit--btnAddTimeSegment"}
COMMAND: GET /session/fe219389c4a652ed804fe0697356972e/element/f.AE569C338F7BE8C487FB69BDD94B5641.d.B3503877C79FB020EEE97697C9353064.e.30491/rect - {}
RESULT: {}
COMMAND: GET /session/fe219389c4a652ed804fe0697356972e/window/rect - {}
RESULT: {}
COMMAND: POST /session/fe219389c4a652ed804fe0697356972e/execute/sync - {"script":"<script> [92 bytes]","args":[]}
RESULT: {"script":"<script> [92 bytes]","args":[]}
COMMAND: POST /session/fe219389c4a652ed804fe0697356972e/actions - {"actions":[{"id":"action92","type":"wheel","parameters":{},"actions":[{"type":"scroll","x":-1888,"y":-32,"deltaX":0,"deltaY":0,"duration":0,"origin":{"element-6066-11e4-a52e-4f735466cecf":"f.AE569C338F7BE8C487FB69BDD94B5641.d.B3503877C79FB020EEE97697C9353064.e.30491"}}]}]}
COMMAND: GET /session/fe219389c4a652ed804fe0697356972e/screenshot - {}
RESULT: {}
COMMAND: POST /session/fe219389c4a652ed804fe0697356972e/execute/sync - {"script":"<script> [79 bytes]","args":[{"element-6066-11e4-a52e-4f735466cecf":"f.AE569C338F7BE8C487FB69BDD94B5641.d.B3503877C79FB020EEE97697C9353064.e.30491","ELEMENT":"f.AE569C338F7BE8C487FB69BDD94B5641.d.B3503877C79FB020EEE97697C9353064.e.30491"},{"block":"start","inline":"nearest"}]}
RESULT: {"script":"<script> [79 bytes]","args":[{"element-6066-11e4-a52e-4f735466cecf":"f.AE569C338F7BE8C487FB69BDD94B5641.d.B3503877C79FB020EEE97697C9353064.e.30491","ELEMENT":"f.AE569C338F7BE8C487FB69BDD94B5641.d.B3503877C79FB020EEE97697C9353064.e.30491"},{"block":"start","inline":"nearest"}]}
RESULT: undefined
COMMAND: POST /session/fe219389c4a652ed804fe0697356972e/element - {"using":"xpath","value":"//*[@id=\"application-manageresources-display-component---newResourceUnit--btnAddTimeSegment\"]"}
COMMAND: GET /session/fe219389c4a652ed804fe0697356972e/screenshot - {}
RESULT: {"using":"xpath","value":"//*[@id=\"application-manageresources-display-component---newResourceUnit--btnAddTimeSegment\"]"}
COMMAND: POST /session/fe219389c4a652ed804fe0697356972e/element/f.AE569C338F7BE8C487FB69BDD94B5641.d.B3503877C79FB020EEE97697C9353064.e.30491/click - {}
RESULT: {}
RESULT: {}
COMMAND: GET /session/fe219389c4a652ed804fe0697356972e/screenshot - {}
RESULT: {}
COMMAND: POST /session/fe219389c4a652ed804fe0697356972e/element - {"using":"xpath","value":"//input[@id=\"application-manageresources-display-component---newResourceUnit--idRuTSAdmin-application-manageresources-display-component---newResourceUnit--RUTimeSegment-0-inner\"]"}
RESULT: {"using":"xpath","value":"//input[@id=\"application-manageresources-display-component---newResourceUnit--idRuTSAdmin-application-manageresources-display-component---newResourceUnit--RUTimeSegment-0-inner\"]"}
COMMAND: POST /session/fe219389c4a652ed804fe0697356972e/element/f.AE569C338F7BE8C487FB69BDD94B5641.d.B3503877C79FB020EEE97697C9353064.e.30496/clear - {}
RESULT: {}
COMMAND: POST /session/fe219389c4a652ed804fe0697356972e/element/f.AE569C338F7BE8C487FB69BDD94B5641.d.B3503877C79FB020EEE97697C9353064.e.30496/value - {"text":"467"}
COMMAND: GET /session/fe219389c4a652ed804fe0697356972e/screenshot - {}
RESULT: {"text":"467"}
COMMAND: GET /session/fe219389c4a652ed804fe0697356972e/screenshot - {}
RESULT: {}
RESULT: {}
COMMAND: POST /session/fe219389c4a652ed804fe0697356972e/element - {"using":"xpath","value":"//li[.//span[text()='467']]"}
RESULT: {"using":"xpath","value":"//li[.//span[text()='467']]"}
COMMAND: POST /session/fe219389c4a652ed804fe0697356972e/element/f.AE569C338F7BE8C487FB69BDD94B5641.d.B3503877C79FB020EEE97697C9353064.e.30509/click - {}
RESULT: {}
COMMAND: GET /session/fe219389c4a652ed804fe0697356972e/screenshot - {}
RESULT: {}
COMMAND: POST /session/fe219389c4a652ed804fe0697356972e/element - {"using":"xpath","value":"(//span[contains(@id, \"-application-manageresources-display-component---newResourceUnit--RUTimeSegment-0-arrow\")])[5]"}
RESULT: {"using":"xpath","value":"(//span[contains(@id, \"-application-manageresources-display-component---newResourceUnit--RUTimeSegment-0-arrow\")])[5]"}
COMMAND: POST /session/fe219389c4a652ed804fe0697356972e/element/f.AE569C338F7BE8C487FB69BDD94B5641.d.B3503877C79FB020EEE97697C9353064.e.30510/click - {}
RESULT: {}
COMMAND: GET /session/fe219389c4a652ed804fe0697356972e/screenshot - {}
RESULT: {}
COMMAND: POST /session/fe219389c4a652ed804fe0697356972e/element - {"using":"xpath","value":"//span[contains(text(), \"PM Order\")]"}
RESULT: {"using":"xpath","value":"//span[contains(text(), \"PM Order\")]"}
COMMAND: POST /session/fe219389c4a652ed804fe0697356972e/element/f.AE569C338F7BE8C487FB69BDD94B5641.d.B3503877C79FB020EEE97697C9353064.e.30511/click - {}
RESULT: {}
COMMAND: GET /session/fe219389c4a652ed804fe0697356972e/screenshot - {}
RESULT: {}
COMMAND: POST /session/fe219389c4a652ed804fe0697356972e/element - {"using":"xpath","value":"(//span[contains(@id ,\"manageresources-display-component---newResourceUnit--RUTimeSegment-0-vhi\")])[1]"}
RESULT: {"using":"xpath","value":"(//span[contains(@id ,\"manageresources-display-component---newResourceUnit--RUTimeSegment-0-vhi\")])[1]"}
COMMAND: GET /session/fe219389c4a652ed804fe0697356972e/element/f.AE569C338F7BE8C487FB69BDD94B5641.d.B3503877C79FB020EEE97697C9353064.e.30515/rect - {}
RESULT: {}
COMMAND: GET /session/fe219389c4a652ed804fe0697356972e/window/rect - {}
RESULT: {}
COMMAND: POST /session/fe219389c4a652ed804fe0697356972e/execute/sync - {"script":"<script> [92 bytes]","args":[]}
RESULT: {"script":"<script> [92 bytes]","args":[]}
COMMAND: POST /session/fe219389c4a652ed804fe0697356972e/actions - {"actions":[{"id":"action93","type":"wheel","parameters":{},"actions":[{"type":"scroll","x":-1888,"y":-24,"deltaX":0,"deltaY":0,"duration":0,"origin":{"element-6066-11e4-a52e-4f735466cecf":"f.AE569C338F7BE8C487FB69BDD94B5641.d.B3503877C79FB020EEE97697C9353064.e.30515"}}]}]}
COMMAND: GET /session/fe219389c4a652ed804fe0697356972e/screenshot - {}
RESULT: {}
COMMAND: POST /session/fe219389c4a652ed804fe0697356972e/execute/sync - {"script":"<script> [79 bytes]","args":[{"element-6066-11e4-a52e-4f735466cecf":"f.AE569C338F7BE8C487FB69BDD94B5641.d.B3503877C79FB020EEE97697C9353064.e.30515","ELEMENT":"f.AE569C338F7BE8C487FB69BDD94B5641.d.B3503877C79FB020EEE97697C9353064.e.30515"},{"block":"start","inline":"nearest"}]}
RESULT: {"script":"<script> [79 bytes]","args":[{"element-6066-11e4-a52e-4f735466cecf":"f.AE569C338F7BE8C487FB69BDD94B5641.d.B3503877C79FB020EEE97697C9353064.e.30515","ELEMENT":"f.AE569C338F7BE8C487FB69BDD94B5641.d.B3503877C79FB020EEE97697C9353064.e.30515"},{"block":"start","inline":"nearest"}]}
COMMAND: GET /session/fe219389c4a652ed804fe0697356972e/screenshot - {}
RESULT: {}
COMMAND: POST /session/fe219389c4a652ed804fe0697356972e/element/f.AE569C338F7BE8C487FB69BDD94B5641.d.B3503877C79FB020EEE97697C9353064.e.30515/click - {}
RESULT: {}
COMMAND: GET /session/fe219389c4a652ed804fe0697356972e/screenshot - {}
RESULT: {}
RESULT: undefined
COMMAND: POST /session/fe219389c4a652ed804fe0697356972e/execute/async - {"script":"<script> [776 bytes]","args":[{"enterText":"4000360","selector":{"controlType":"sap.m.SearchField","properties":{"placeholder":"Search"},"searchOpenDialogs":true,"interaction":{"idSuffix":"I"}},"clearTextFirst":true,"interactionType":"ENTER_TEXT"}]}
RESULT: {"script":"<script> [776 bytes]","args":[{"enterText":"4000360","selector":{"controlType":"sap.m.SearchField","properties":{"placeholder":"Search"},"searchOpenDialogs":true,"interaction":{"idSuffix":"I"}},"clearTextFirst":true,"interactionType":"ENTER_TEXT"}]}
COMMAND: POST /session/fe219389c4a652ed804fe0697356972e/actions - {"actions":[{"id":"action94","type":"key","parameters":{},"actions":[{"type":"keyDown","value":""},{"type":"pause","duration":10},{"type":"keyUp","value":""}]}]}
RESULT: {"actions":[{"id":"action94","type":"key","parameters":{},"actions":[{"type":"keyDown","value":""},{"type":"pause","duration":10},{"type":"keyUp","value":""}]}]}
COMMAND: GET /session/fe219389c4a652ed804fe0697356972e/screenshot - {}
RESULT: {}
COMMAND: POST /session/fe219389c4a652ed804fe0697356972e/element - {"using":"xpath","value":"//td/div/span[contains(text(), \"BGL Vehicles\")]"}
RESULT: {"using":"xpath","value":"//td/div/span[contains(text(), \"BGL Vehicles\")]"}
COMMAND: POST /session/fe219389c4a652ed804fe0697356972e/element/f.AE569C338F7BE8C487FB69BDD94B5641.d.B3503877C79FB020EEE97697C9353064.e.30534/click - {}
RESULT: {}
COMMAND: GET /session/fe219389c4a652ed804fe0697356972e/screenshot - {}
RESULT: {}
COMMAND: POST /session/fe219389c4a652ed804fe0697356972e/element - {"using":"xpath","value":"//bdi[contains(text(), \"OK\")]"}
RESULT: {"using":"xpath","value":"//bdi[contains(text(), \"OK\")]"}
COMMAND: POST /session/fe219389c4a652ed804fe0697356972e/element/f.AE569C338F7BE8C487FB69BDD94B5641.d.B3503877C79FB020EEE97697C9353064.e.30535/click - {}
RESULT: {}
COMMAND: GET /session/fe219389c4a652ed804fe0697356972e/screenshot - {}
RESULT: {}
COMMAND: POST /session/fe219389c4a652ed804fe0697356972e/element - {"using":"xpath","value":"//label[contains(@class, 'sapMLabelRequired') and .//bdi[contains(text(), 'Planned Retirement')]]"}
RESULT: {"using":"xpath","value":"//label[contains(@class, 'sapMLabelRequired') and .//bdi[contains(text(), 'Planned Retirement')]]"}
COMMAND: POST /session/fe219389c4a652ed804fe0697356972e/elements - {"using":"xpath","value":"//label[contains(@class, 'sapMLabelRequired') and .//bdi[contains(text(), 'Planned Retirement')]]"}
RESULT: {"using":"xpath","value":"//label[contains(@class, 'sapMLabelRequired') and .//bdi[contains(text(), 'Planned Retirement')]]"}
COMMAND: POST /session/fe219389c4a652ed804fe0697356972e/element - {"using":"xpath","value":"//button[@data-kt=\"resourceUnitSaveButton\"]"}
RESULT: {"using":"xpath","value":"//button[@data-kt=\"resourceUnitSaveButton\"]"}
COMMAND: POST /session/fe219389c4a652ed804fe0697356972e/element/f.AE569C338F7BE8C487FB69BDD94B5641.d.B3503877C79FB020EEE97697C9353064.e.30306/click - {}
RESULT: {}
COMMAND: GET /session/fe219389c4a652ed804fe0697356972e/screenshot - {}
RESULT: {}
COMMAND: POST /session/fe219389c4a652ed804fe0697356972e/element - {"using":"xpath","value":"//bdi[contains(text(), \"Close\")]"}
RESULT: {"using":"xpath","value":"//bdi[contains(text(), \"Close\")]"}
COMMAND: POST /session/fe219389c4a652ed804fe0697356972e/element/f.AE569C338F7BE8C487FB69BDD94B5641.d.B3503877C79FB020EEE97697C9353064.e.30542/click - {}
RESULT: {}
COMMAND: GET /session/fe219389c4a652ed804fe0697356972e/screenshot - {}
RESULT: {}
COMMAND: POST /session/fe219389c4a652ed804fe0697356972e/element - {"using":"xpath","value":"//header[contains(@id, 'detailRruPage-headerTitle')]/div[1]/div[2]/div[2]/span[1]"}
RESULT: {"using":"xpath","value":"//header[contains(@id, 'detailRruPage-headerTitle')]/div[1]/div[2]/div[2]/span[1]"}
COMMAND: POST /session/fe219389c4a652ed804fe0697356972e/elements - {"using":"xpath","value":"//header[contains(@id, 'detailRruPage-headerTitle')]/div[1]/div[2]/div[2]/span[1]"}
RESULT: {"using":"xpath","value":"//header[contains(@id, 'detailRruPage-headerTitle')]/div[1]/div[2]/div[2]/span[1]"}
COMMAND: POST /session/fe219389c4a652ed804fe0697356972e/execute/sync - {"script":"<script> [56 bytes]","args":[{"element-6066-11e4-a52e-4f735466cecf":"f.AE569C338F7BE8C487FB69BDD94B5641.d.B3503877C79FB020EEE97697C9353064.e.30565","ELEMENT":"f.AE569C338F7BE8C487FB69BDD94B5641.d.B3503877C79FB020EEE97697C9353064.e.30565"}]}
RESULT: {"script":"<script> [56 bytes]","args":[{"element-6066-11e4-a52e-4f735466cecf":"f.AE569C338F7BE8C487FB69BDD94B5641.d.B3503877C79FB020EEE97697C9353064.e.30565","ELEMENT":"f.AE569C338F7BE8C487FB69BDD94B5641.d.B3503877C79FB020EEE97697C9353064.e.30565"}]}
COMMAND: POST /session/fe219389c4a652ed804fe0697356972e/element - {"using":"css selector","value":"#shell-header-logo"}
COMMAND: GET /session/fe219389c4a652ed804fe0697356972e/screenshot - {}
RESULT: {"using":"css selector","value":"#shell-header-logo"}
COMMAND: POST /session/fe219389c4a652ed804fe0697356972e/element/f.AE569C338F7BE8C487FB69BDD94B5641.d.B3503877C79FB020EEE97697C9353064.e.29891/click - {}
RESULT: {}
RESULT: {}
COMMAND: GET /session/fe219389c4a652ed804fe0697356972e/screenshot - {}
RESULT: {}
]]></system-out>
    </testcase>
    <testcase classname="chrome.136_0_7103_93.windows.Transfer_Yard_to_Yard_US131076" name="Should do a stock increase handover for equipment" time="90.212">
      <system-out><![CDATA[
COMMAND: POST /session/fe219389c4a652ed804fe0697356972e/execute/async - {"script":"<script> [1562 bytes]","args":[{"selector":{"controlType":"sap.m.GenericTile","properties":{"header":"Manage Handovers"}},"wdio_ui5_key":"sapm.GenericTile{\"header\":\"Manage Handovers\"}"}]}
RESULT: {"script":"<script> [1562 bytes]","args":[{"selector":{"controlType":"sap.m.GenericTile","properties":{"header":"Manage Handovers"}},"wdio_ui5_key":"sapm.GenericTile{\"header\":\"Manage Handovers\"}"}]}
RESULT: undefined
COMMAND: POST /session/fe219389c4a652ed804fe0697356972e/element - {"using":"xpath","value":"//*[@id=\"__tile132\"]"}
RESULT: {"using":"xpath","value":"//*[@id=\"__tile132\"]"}
COMMAND: POST /session/fe219389c4a652ed804fe0697356972e/element/f.AE569C338F7BE8C487FB69BDD94B5641.d.B3503877C79FB020EEE97697C9353064.e.28375/click - {}
RESULT: {}
COMMAND: GET /session/fe219389c4a652ed804fe0697356972e/screenshot - {}
RESULT: {}
COMMAND: POST /session/fe219389c4a652ed804fe0697356972e/elements - {"using":"xpath","value":"//span[text()='Error']"}
RESULT: {"using":"xpath","value":"//span[text()='Error']"}
COMMAND: POST /session/fe219389c4a652ed804fe0697356972e/element - {"using":"xpath","value":"//button[@data-kt=\"masterHOAddButton\"]"}
RESULT: {"using":"xpath","value":"//button[@data-kt=\"masterHOAddButton\"]"}
COMMAND: POST /session/fe219389c4a652ed804fe0697356972e/elements - {"using":"xpath","value":"//button[@data-kt=\"masterHOAddButton\"]"}
RESULT: {"using":"xpath","value":"//button[@data-kt=\"masterHOAddButton\"]"}
COMMAND: POST /session/fe219389c4a652ed804fe0697356972e/execute/sync - {"script":"<script> [8489 bytes]","args":[{"element-6066-11e4-a52e-4f735466cecf":"f.AE569C338F7BE8C487FB69BDD94B5641.d.B3503877C79FB020EEE97697C9353064.e.30607","ELEMENT":"f.AE569C338F7BE8C487FB69BDD94B5641.d.B3503877C79FB020EEE97697C9353064.e.30607"}]}
RESULT: {"script":"<script> [8489 bytes]","args":[{"element-6066-11e4-a52e-4f735466cecf":"f.AE569C338F7BE8C487FB69BDD94B5641.d.B3503877C79FB020EEE97697C9353064.e.30607","ELEMENT":"f.AE569C338F7BE8C487FB69BDD94B5641.d.B3503877C79FB020EEE97697C9353064.e.30607"}]}
COMMAND: GET /session/fe219389c4a652ed804fe0697356972e/element/f.AE569C338F7BE8C487FB69BDD94B5641.d.B3503877C79FB020EEE97697C9353064.e.30607/enabled - {}
COMMAND: GET /session/fe219389c4a652ed804fe0697356972e/screenshot - {}
RESULT: {}
COMMAND: POST /session/fe219389c4a652ed804fe0697356972e/execute/sync - {"script":"<script> [8489 bytes]","args":[{"element-6066-11e4-a52e-4f735466cecf":"f.AE569C338F7BE8C487FB69BDD94B5641.d.B3503877C79FB020EEE97697C9353064.e.30607","ELEMENT":"f.AE569C338F7BE8C487FB69BDD94B5641.d.B3503877C79FB020EEE97697C9353064.e.30607"}]}
COMMAND: GET /session/fe219389c4a652ed804fe0697356972e/screenshot - {}
RESULT: {}
RESULT: {"script":"<script> [8489 bytes]","args":[{"element-6066-11e4-a52e-4f735466cecf":"f.AE569C338F7BE8C487FB69BDD94B5641.d.B3503877C79FB020EEE97697C9353064.e.30607","ELEMENT":"f.AE569C338F7BE8C487FB69BDD94B5641.d.B3503877C79FB020EEE97697C9353064.e.30607"}]}
COMMAND: POST /session/fe219389c4a652ed804fe0697356972e/execute/sync - {"script":"<script> [5351 bytes]","args":[{"element-6066-11e4-a52e-4f735466cecf":"f.AE569C338F7BE8C487FB69BDD94B5641.d.B3503877C79FB020EEE97697C9353064.e.30607","ELEMENT":"f.AE569C338F7BE8C487FB69BDD94B5641.d.B3503877C79FB020EEE97697C9353064.e.30607"}]}
COMMAND: GET /session/fe219389c4a652ed804fe0697356972e/screenshot - {}
RESULT: {}
RESULT: {"script":"<script> [5351 bytes]","args":[{"element-6066-11e4-a52e-4f735466cecf":"f.AE569C338F7BE8C487FB69BDD94B5641.d.B3503877C79FB020EEE97697C9353064.e.30607","ELEMENT":"f.AE569C338F7BE8C487FB69BDD94B5641.d.B3503877C79FB020EEE97697C9353064.e.30607"}]}
COMMAND: POST /session/fe219389c4a652ed804fe0697356972e/element/f.AE569C338F7BE8C487FB69BDD94B5641.d.B3503877C79FB020EEE97697C9353064.e.30607/click - {}
COMMAND: GET /session/fe219389c4a652ed804fe0697356972e/screenshot - {}
RESULT: {}
RESULT: {}
COMMAND: GET /session/fe219389c4a652ed804fe0697356972e/screenshot - {}
RESULT: {}
RESULT: {}
COMMAND: POST /session/fe219389c4a652ed804fe0697356972e/element - {"using":"xpath","value":"//span[contains(@id ,\"AddNewHO--typeSelect-arrow\")]"}
RESULT: {"using":"xpath","value":"//span[contains(@id ,\"AddNewHO--typeSelect-arrow\")]"}
COMMAND: POST /session/fe219389c4a652ed804fe0697356972e/element/f.AE569C338F7BE8C487FB69BDD94B5641.d.B3503877C79FB020EEE97697C9353064.e.30956/click - {}
RESULT: {}
COMMAND: GET /session/fe219389c4a652ed804fe0697356972e/screenshot - {}
RESULT: {}
COMMAND: POST /session/fe219389c4a652ed804fe0697356972e/element - {"using":"xpath","value":"(//li[contains(text(), \"stock increase yard\")])[1]"}
RESULT: {"using":"xpath","value":"(//li[contains(text(), \"stock increase yard\")])[1]"}
COMMAND: POST /session/fe219389c4a652ed804fe0697356972e/element/f.AE569C338F7BE8C487FB69BDD94B5641.d.B3503877C79FB020EEE97697C9353064.e.30957/click - {}
RESULT: {}
COMMAND: GET /session/fe219389c4a652ed804fe0697356972e/screenshot - {}
RESULT: {}
COMMAND: POST /session/fe219389c4a652ed804fe0697356972e/execute/async - {"script":"<script> [1562 bytes]","args":[{"selector":{"id":"application-managehandovers-display-component---AddNewHO--dueDate","interaction":{"idSuffix":"inner"}},"wdio_ui5_key":"applicationmanagehandovers-display-component---AddNewHO--dueDate"}]}
RESULT: {"script":"<script> [1562 bytes]","args":[{"selector":{"id":"application-managehandovers-display-component---AddNewHO--dueDate","interaction":{"idSuffix":"inner"}},"wdio_ui5_key":"applicationmanagehandovers-display-component---AddNewHO--dueDate"}]}
RESULT: undefined
COMMAND: POST /session/fe219389c4a652ed804fe0697356972e/execute/async - {"script":"<script> [6424 bytes]","args":[{"element-6066-11e4-a52e-4f735466cecf":"f.AE569C338F7BE8C487FB69BDD94B5641.d.B3503877C79FB020EEE97697C9353064.e.30959"},"setValue",["5/29/25"]]}
RESULT: {"script":"<script> [6424 bytes]","args":[{"element-6066-11e4-a52e-4f735466cecf":"f.AE569C338F7BE8C487FB69BDD94B5641.d.B3503877C79FB020EEE97697C9353064.e.30959"},"setValue",["5/29/25"]]}
COMMAND: POST /session/fe219389c4a652ed804fe0697356972e/element - {"using":"xpath","value":"//input[@id=\"generalSectionFrg--receiveYard-inner\"]"}
RESULT: {"using":"xpath","value":"//input[@id=\"generalSectionFrg--receiveYard-inner\"]"}
COMMAND: POST /session/fe219389c4a652ed804fe0697356972e/element/f.AE569C338F7BE8C487FB69BDD94B5641.d.B3503877C79FB020EEE97697C9353064.e.30965/clear - {}
RESULT: {}
COMMAND: POST /session/fe219389c4a652ed804fe0697356972e/element/f.AE569C338F7BE8C487FB69BDD94B5641.d.B3503877C79FB020EEE97697C9353064.e.30965/value - {"text":"467"}
COMMAND: GET /session/fe219389c4a652ed804fe0697356972e/screenshot - {}
RESULT: {"text":"467"}
COMMAND: GET /session/fe219389c4a652ed804fe0697356972e/screenshot - {}
RESULT: {}
RESULT: {}
COMMAND: POST /session/fe219389c4a652ed804fe0697356972e/element - {"using":"xpath","value":"//li[.//span[contains(text(),'467')]]"}
RESULT: {"using":"xpath","value":"//li[.//span[contains(text(),'467')]]"}
COMMAND: POST /session/fe219389c4a652ed804fe0697356972e/element/f.AE569C338F7BE8C487FB69BDD94B5641.d.B3503877C79FB020EEE97697C9353064.e.30983/click - {}
RESULT: {}
COMMAND: GET /session/fe219389c4a652ed804fe0697356972e/screenshot - {}
RESULT: {}
COMMAND: POST /session/fe219389c4a652ed804fe0697356972e/execute/async - {"script":"<script> [1562 bytes]","args":[{"selector":{"id":"application-managehandovers-display-component---AddNewHO--ObjectPageLayout-anchBar-application-managehandovers-display-component---AddNewHO--section4-anchor","interaction":{"idSuffix":"BDI-content"}},"wdio_ui5_key":"applicationmanagehandovers-display-component---AddNewHO--ObjectPageLayout-anchBar-application-managehandovers-display-component---AddNewHO--section4-anchor"}]}
RESULT: {"script":"<script> [1562 bytes]","args":[{"selector":{"id":"application-managehandovers-display-component---AddNewHO--ObjectPageLayout-anchBar-application-managehandovers-display-component---AddNewHO--section4-anchor","interaction":{"idSuffix":"BDI-content"}},"wdio_ui5_key":"applicationmanagehandovers-display-component---AddNewHO--ObjectPageLayout-anchBar-application-managehandovers-display-component---AddNewHO--section4-anchor"}]}
RESULT: undefined
COMMAND: POST /session/fe219389c4a652ed804fe0697356972e/element - {"using":"xpath","value":"//*[@id=\"application-managehandovers-display-component---AddNewHO--ObjectPageLayout-anchBar-application-managehandovers-display-component---AddNewHO--section4-anchor\"]"}
RESULT: {"using":"xpath","value":"//*[@id=\"application-managehandovers-display-component---AddNewHO--ObjectPageLayout-anchBar-application-managehandovers-display-component---AddNewHO--section4-anchor\"]"}
COMMAND: POST /session/fe219389c4a652ed804fe0697356972e/element/f.AE569C338F7BE8C487FB69BDD94B5641.d.B3503877C79FB020EEE97697C9353064.e.30985/click - {}
RESULT: {}
COMMAND: POST /session/fe219389c4a652ed804fe0697356972e/element - {"using":"xpath","value":"//button[@aria-label=\"Add\"]"}
COMMAND: GET /session/fe219389c4a652ed804fe0697356972e/screenshot - {}
RESULT: {"using":"xpath","value":"//button[@aria-label=\"Add\"]"}
COMMAND: POST /session/fe219389c4a652ed804fe0697356972e/element/f.AE569C338F7BE8C487FB69BDD94B5641.d.B3503877C79FB020EEE97697C9353064.e.30987/click - {}
RESULT: {}
RESULT: {}
COMMAND: GET /session/fe219389c4a652ed804fe0697356972e/screenshot - {}
RESULT: {}
COMMAND: POST /session/fe219389c4a652ed804fe0697356972e/execute/async - {"script":"<script> [1562 bytes]","args":[{"selector":{"id":"application-managehandovers-display-component---AddNewHO--smartFilterBar-btnBasicSearch","searchOpenDialogs":true,"interaction":{"idSuffix":"I"}},"wdio_ui5_key":"applicationmanagehandovers-display-component---AddNewHO--smartFilterBar-btnBasicSearch"}]}
RESULT: {"script":"<script> [1562 bytes]","args":[{"selector":{"id":"application-managehandovers-display-component---AddNewHO--smartFilterBar-btnBasicSearch","searchOpenDialogs":true,"interaction":{"idSuffix":"I"}},"wdio_ui5_key":"applicationmanagehandovers-display-component---AddNewHO--smartFilterBar-btnBasicSearch"}]}
RESULT: undefined
COMMAND: POST /session/fe219389c4a652ed804fe0697356972e/execute/async - {"script":"<script> [776 bytes]","args":[{"enterText":"dcyyX6WFWD","selector":{"id":"application-managehandovers-display-component---AddNewHO--smartFilterBar-btnBasicSearch","searchOpenDialogs":true,"interaction":{"idSuffix":"I"}},"clearTextFirst":true,"interactionType":"ENTER_TEXT"}]}
RESULT: {"script":"<script> [776 bytes]","args":[{"enterText":"dcyyX6WFWD","selector":{"id":"application-managehandovers-display-component---AddNewHO--smartFilterBar-btnBasicSearch","searchOpenDialogs":true,"interaction":{"idSuffix":"I"}},"clearTextFirst":true,"interactionType":"ENTER_TEXT"}]}
COMMAND: POST /session/fe219389c4a652ed804fe0697356972e/actions - {"actions":[{"id":"action95","type":"key","parameters":{},"actions":[{"type":"keyDown","value":""},{"type":"pause","duration":10},{"type":"keyUp","value":""}]}]}
RESULT: {"actions":[{"id":"action95","type":"key","parameters":{},"actions":[{"type":"keyDown","value":""},{"type":"pause","duration":10},{"type":"keyUp","value":""}]}]}
COMMAND: GET /session/fe219389c4a652ed804fe0697356972e/screenshot - {}
RESULT: {}
COMMAND: POST /session/fe219389c4a652ed804fe0697356972e/execute/async - {"script":"<script> [1562 bytes]","args":[{"selector":{"id":"application-managehandovers-display-component---AddNewHO--popup-sa","searchOpenDialogs":true,"interaction":{"idSuffix":"CbBg"}},"wdio_ui5_key":"applicationmanagehandovers-display-component---AddNewHO--popup-sa"}]}
RESULT: {"script":"<script> [1562 bytes]","args":[{"selector":{"id":"application-managehandovers-display-component---AddNewHO--popup-sa","searchOpenDialogs":true,"interaction":{"idSuffix":"CbBg"}},"wdio_ui5_key":"applicationmanagehandovers-display-component---AddNewHO--popup-sa"}]}
RESULT: undefined
COMMAND: POST /session/fe219389c4a652ed804fe0697356972e/element - {"using":"xpath","value":"//*[@id=\"application-managehandovers-display-component---AddNewHO--popup-sa\"]"}
RESULT: {"using":"xpath","value":"//*[@id=\"application-managehandovers-display-component---AddNewHO--popup-sa\"]"}
COMMAND: POST /session/fe219389c4a652ed804fe0697356972e/element/f.AE569C338F7BE8C487FB69BDD94B5641.d.B3503877C79FB020EEE97697C9353064.e.31139/click - {}
RESULT: {}
COMMAND: GET /session/fe219389c4a652ed804fe0697356972e/screenshot - {}
RESULT: {}
COMMAND: POST /session/fe219389c4a652ed804fe0697356972e/element - {"using":"xpath","value":"//bdi[contains(text(), \"Select\")]"}
RESULT: {"using":"xpath","value":"//bdi[contains(text(), \"Select\")]"}
COMMAND: POST /session/fe219389c4a652ed804fe0697356972e/element/f.AE569C338F7BE8C487FB69BDD94B5641.d.B3503877C79FB020EEE97697C9353064.e.31140/click - {}
RESULT: {}
COMMAND: GET /session/fe219389c4a652ed804fe0697356972e/screenshot - {}
RESULT: {}
COMMAND: POST /session/fe219389c4a652ed804fe0697356972e/element - {"using":"xpath","value":"//button[@data-kt=\"AddNewHOSaveButton\"]"}
RESULT: {"using":"xpath","value":"//button[@data-kt=\"AddNewHOSaveButton\"]"}
COMMAND: POST /session/fe219389c4a652ed804fe0697356972e/element/f.AE569C338F7BE8C487FB69BDD94B5641.d.B3503877C79FB020EEE97697C9353064.e.31144/click - {}
RESULT: {}
COMMAND: GET /session/fe219389c4a652ed804fe0697356972e/screenshot - {}
RESULT: {}
COMMAND: POST /session/fe219389c4a652ed804fe0697356972e/execute/async - {"script":"<script> [1562 bytes]","args":[{"selector":{"id":"receiptDatePicker","viewName":"etm.portal.ui.managehandovers.view.DetailExecuteHO","interaction":{"idSuffix":"inner"}},"wdio_ui5_key":"receiptDatePickeretmportal.ui.managehandovers.view.DetailExecuteHO"}]}
RESULT: {"script":"<script> [1562 bytes]","args":[{"selector":{"id":"receiptDatePicker","viewName":"etm.portal.ui.managehandovers.view.DetailExecuteHO","interaction":{"idSuffix":"inner"}},"wdio_ui5_key":"receiptDatePickeretmportal.ui.managehandovers.view.DetailExecuteHO"}]}
RESULT: undefined
COMMAND: POST /session/fe219389c4a652ed804fe0697356972e/execute/async - {"script":"<script> [6424 bytes]","args":[{"element-6066-11e4-a52e-4f735466cecf":"f.AE569C338F7BE8C487FB69BDD94B5641.d.B3503877C79FB020EEE97697C9353064.e.31172"},"setValue",["5/29/25"]]}
RESULT: {"script":"<script> [6424 bytes]","args":[{"element-6066-11e4-a52e-4f735466cecf":"f.AE569C338F7BE8C487FB69BDD94B5641.d.B3503877C79FB020EEE97697C9353064.e.31172"},"setValue",["5/29/25"]]}
COMMAND: POST /session/fe219389c4a652ed804fe0697356972e/element - {"using":"xpath","value":"//button[@data-kt=\"ReceivingTableConfirmAllButton\"]"}
RESULT: {"using":"xpath","value":"//button[@data-kt=\"ReceivingTableConfirmAllButton\"]"}
COMMAND: POST /session/fe219389c4a652ed804fe0697356972e/element/f.AE569C338F7BE8C487FB69BDD94B5641.d.B3503877C79FB020EEE97697C9353064.e.31187/click - {}
RESULT: {}
COMMAND: GET /session/fe219389c4a652ed804fe0697356972e/screenshot - {}
RESULT: {}
COMMAND: POST /session/fe219389c4a652ed804fe0697356972e/element - {"using":"xpath","value":"//bdi[contains(text(), \"OK\")]"}
RESULT: {"using":"xpath","value":"//bdi[contains(text(), \"OK\")]"}
COMMAND: POST /session/fe219389c4a652ed804fe0697356972e/element/f.AE569C338F7BE8C487FB69BDD94B5641.d.B3503877C79FB020EEE97697C9353064.e.31189/click - {}
RESULT: {}
COMMAND: GET /session/fe219389c4a652ed804fe0697356972e/screenshot - {}
RESULT: {}
COMMAND: POST /session/fe219389c4a652ed804fe0697356972e/element - {"using":"xpath","value":"(//bdi[contains(text(), \"Receive\")])[2]"}
RESULT: {"using":"xpath","value":"(//bdi[contains(text(), \"Receive\")])[2]"}
COMMAND: POST /session/fe219389c4a652ed804fe0697356972e/element/f.AE569C338F7BE8C487FB69BDD94B5641.d.B3503877C79FB020EEE97697C9353064.e.31191/click - {}
RESULT: {}
COMMAND: GET /session/fe219389c4a652ed804fe0697356972e/screenshot - {}
RESULT: {}
COMMAND: POST /session/fe219389c4a652ed804fe0697356972e/element - {"using":"css selector","value":"#shell-header-logo"}
RESULT: {"using":"css selector","value":"#shell-header-logo"}
COMMAND: POST /session/fe219389c4a652ed804fe0697356972e/element/f.AE569C338F7BE8C487FB69BDD94B5641.d.B3503877C79FB020EEE97697C9353064.e.30568/click - {}
RESULT: {}
COMMAND: GET /session/fe219389c4a652ed804fe0697356972e/screenshot - {}
RESULT: {}
]]></system-out>
    </testcase>
    <testcase classname="chrome.136_0_7103_93.windows.Transfer_Yard_to_Yard_US131076" name="Should do a stock increase handover for equipment multipart" time="83.8">
      <system-out><![CDATA[
RESULT: undefined
COMMAND: POST /session/fe219389c4a652ed804fe0697356972e/element - {"using":"xpath","value":"//*[@id=\"__tile132\"]"}
RESULT: {"using":"xpath","value":"//*[@id=\"__tile132\"]"}
COMMAND: POST /session/fe219389c4a652ed804fe0697356972e/element/f.AE569C338F7BE8C487FB69BDD94B5641.d.B3503877C79FB020EEE97697C9353064.e.28375/click - {}
RESULT: {}
COMMAND: GET /session/fe219389c4a652ed804fe0697356972e/screenshot - {}
RESULT: {}
COMMAND: POST /session/fe219389c4a652ed804fe0697356972e/elements - {"using":"xpath","value":"//span[text()='Error']"}
RESULT: {"using":"xpath","value":"//span[text()='Error']"}
COMMAND: POST /session/fe219389c4a652ed804fe0697356972e/element - {"using":"xpath","value":"//button[@data-kt=\"masterHOAddButton\"]"}
RESULT: {"using":"xpath","value":"//button[@data-kt=\"masterHOAddButton\"]"}
COMMAND: POST /session/fe219389c4a652ed804fe0697356972e/elements - {"using":"xpath","value":"//button[@data-kt=\"masterHOAddButton\"]"}
RESULT: {"using":"xpath","value":"//button[@data-kt=\"masterHOAddButton\"]"}
COMMAND: POST /session/fe219389c4a652ed804fe0697356972e/execute/sync - {"script":"<script> [8489 bytes]","args":[{"element-6066-11e4-a52e-4f735466cecf":"f.AE569C338F7BE8C487FB69BDD94B5641.d.B3503877C79FB020EEE97697C9353064.e.31532","ELEMENT":"f.AE569C338F7BE8C487FB69BDD94B5641.d.B3503877C79FB020EEE97697C9353064.e.31532"}]}
RESULT: {"script":"<script> [8489 bytes]","args":[{"element-6066-11e4-a52e-4f735466cecf":"f.AE569C338F7BE8C487FB69BDD94B5641.d.B3503877C79FB020EEE97697C9353064.e.31532","ELEMENT":"f.AE569C338F7BE8C487FB69BDD94B5641.d.B3503877C79FB020EEE97697C9353064.e.31532"}]}
COMMAND: GET /session/fe219389c4a652ed804fe0697356972e/element/f.AE569C338F7BE8C487FB69BDD94B5641.d.B3503877C79FB020EEE97697C9353064.e.31532/enabled - {}
COMMAND: GET /session/fe219389c4a652ed804fe0697356972e/screenshot - {}
RESULT: {}
COMMAND: POST /session/fe219389c4a652ed804fe0697356972e/execute/sync - {"script":"<script> [8489 bytes]","args":[{"element-6066-11e4-a52e-4f735466cecf":"f.AE569C338F7BE8C487FB69BDD94B5641.d.B3503877C79FB020EEE97697C9353064.e.31532","ELEMENT":"f.AE569C338F7BE8C487FB69BDD94B5641.d.B3503877C79FB020EEE97697C9353064.e.31532"}]}
COMMAND: GET /session/fe219389c4a652ed804fe0697356972e/screenshot - {}
RESULT: {}
RESULT: {"script":"<script> [8489 bytes]","args":[{"element-6066-11e4-a52e-4f735466cecf":"f.AE569C338F7BE8C487FB69BDD94B5641.d.B3503877C79FB020EEE97697C9353064.e.31532","ELEMENT":"f.AE569C338F7BE8C487FB69BDD94B5641.d.B3503877C79FB020EEE97697C9353064.e.31532"}]}
COMMAND: POST /session/fe219389c4a652ed804fe0697356972e/execute/sync - {"script":"<script> [5351 bytes]","args":[{"element-6066-11e4-a52e-4f735466cecf":"f.AE569C338F7BE8C487FB69BDD94B5641.d.B3503877C79FB020EEE97697C9353064.e.31532","ELEMENT":"f.AE569C338F7BE8C487FB69BDD94B5641.d.B3503877C79FB020EEE97697C9353064.e.31532"}]}
COMMAND: GET /session/fe219389c4a652ed804fe0697356972e/screenshot - {}
RESULT: {}
RESULT: {"script":"<script> [5351 bytes]","args":[{"element-6066-11e4-a52e-4f735466cecf":"f.AE569C338F7BE8C487FB69BDD94B5641.d.B3503877C79FB020EEE97697C9353064.e.31532","ELEMENT":"f.AE569C338F7BE8C487FB69BDD94B5641.d.B3503877C79FB020EEE97697C9353064.e.31532"}]}
COMMAND: POST /session/fe219389c4a652ed804fe0697356972e/element/f.AE569C338F7BE8C487FB69BDD94B5641.d.B3503877C79FB020EEE97697C9353064.e.31532/click - {}
COMMAND: GET /session/fe219389c4a652ed804fe0697356972e/screenshot - {}
RESULT: {}
RESULT: {}
COMMAND: GET /session/fe219389c4a652ed804fe0697356972e/screenshot - {}
RESULT: {}
RESULT: {}
COMMAND: POST /session/fe219389c4a652ed804fe0697356972e/element - {"using":"xpath","value":"//span[contains(@id ,\"AddNewHO--typeSelect-arrow\")]"}
RESULT: {"using":"xpath","value":"//span[contains(@id ,\"AddNewHO--typeSelect-arrow\")]"}
COMMAND: POST /session/fe219389c4a652ed804fe0697356972e/element/f.AE569C338F7BE8C487FB69BDD94B5641.d.B3503877C79FB020EEE97697C9353064.e.31945/click - {}
RESULT: {}
COMMAND: GET /session/fe219389c4a652ed804fe0697356972e/screenshot - {}
RESULT: {}
COMMAND: POST /session/fe219389c4a652ed804fe0697356972e/element - {"using":"xpath","value":"(//li[contains(text(), \"stock increase yard\")])[1]"}
RESULT: {"using":"xpath","value":"(//li[contains(text(), \"stock increase yard\")])[1]"}
COMMAND: POST /session/fe219389c4a652ed804fe0697356972e/element/f.AE569C338F7BE8C487FB69BDD94B5641.d.B3503877C79FB020EEE97697C9353064.e.31946/click - {}
RESULT: {}
COMMAND: GET /session/fe219389c4a652ed804fe0697356972e/screenshot - {}
RESULT: {}
RESULT: undefined
COMMAND: POST /session/fe219389c4a652ed804fe0697356972e/execute/async - {"script":"<script> [6424 bytes]","args":[{"element-6066-11e4-a52e-4f735466cecf":"f.AE569C338F7BE8C487FB69BDD94B5641.d.B3503877C79FB020EEE97697C9353064.e.30959"},"setValue",["5/29/25"]]}
COMMAND: POST /session/fe219389c4a652ed804fe0697356972e/execute/async - {"script":"<script> [1562 bytes]","args":[{"selector":{"id":"application-managehandovers-display-component---AddNewHO--dueDate","interaction":{"idSuffix":"inner"}},"wdio_ui5_key":"applicationmanagehandovers-display-component---AddNewHO--dueDate"}]}
RESULT: {"script":"<script> [1562 bytes]","args":[{"selector":{"id":"application-managehandovers-display-component---AddNewHO--dueDate","interaction":{"idSuffix":"inner"}},"wdio_ui5_key":"applicationmanagehandovers-display-component---AddNewHO--dueDate"}]}
COMMAND: POST /session/fe219389c4a652ed804fe0697356972e/execute/async - {"script":"<script> [6424 bytes]","args":[{"element-6066-11e4-a52e-4f735466cecf":"f.AE569C338F7BE8C487FB69BDD94B5641.d.B3503877C79FB020EEE97697C9353064.e.31948"},"setValue",["5/29/25"]]}
RESULT: {"script":"<script> [6424 bytes]","args":[{"element-6066-11e4-a52e-4f735466cecf":"f.AE569C338F7BE8C487FB69BDD94B5641.d.B3503877C79FB020EEE97697C9353064.e.31948"},"setValue",["5/29/25"]]}
COMMAND: POST /session/fe219389c4a652ed804fe0697356972e/element - {"using":"xpath","value":"//input[@id=\"generalSectionFrg--receiveYard-inner\"]"}
RESULT: {"using":"xpath","value":"//input[@id=\"generalSectionFrg--receiveYard-inner\"]"}
COMMAND: POST /session/fe219389c4a652ed804fe0697356972e/element/f.AE569C338F7BE8C487FB69BDD94B5641.d.B3503877C79FB020EEE97697C9353064.e.31954/clear - {}
RESULT: {}
COMMAND: POST /session/fe219389c4a652ed804fe0697356972e/element/f.AE569C338F7BE8C487FB69BDD94B5641.d.B3503877C79FB020EEE97697C9353064.e.31954/value - {"text":"467"}
COMMAND: GET /session/fe219389c4a652ed804fe0697356972e/screenshot - {}
RESULT: {"text":"467"}
COMMAND: GET /session/fe219389c4a652ed804fe0697356972e/screenshot - {}
RESULT: {}
RESULT: {}
COMMAND: POST /session/fe219389c4a652ed804fe0697356972e/element - {"using":"xpath","value":"//li[.//span[contains(text(),'467')]]"}
RESULT: {"using":"xpath","value":"//li[.//span[contains(text(),'467')]]"}
COMMAND: POST /session/fe219389c4a652ed804fe0697356972e/element/f.AE569C338F7BE8C487FB69BDD94B5641.d.B3503877C79FB020EEE97697C9353064.e.31972/click - {}
RESULT: {}
COMMAND: GET /session/fe219389c4a652ed804fe0697356972e/screenshot - {}
RESULT: {}
RESULT: undefined
COMMAND: POST /session/fe219389c4a652ed804fe0697356972e/element - {"using":"xpath","value":"//*[@id=\"application-managehandovers-display-component---AddNewHO--ObjectPageLayout-anchBar-application-managehandovers-display-component---AddNewHO--section4-anchor\"]"}
RESULT: {"using":"xpath","value":"//*[@id=\"application-managehandovers-display-component---AddNewHO--ObjectPageLayout-anchBar-application-managehandovers-display-component---AddNewHO--section4-anchor\"]"}
COMMAND: POST /session/fe219389c4a652ed804fe0697356972e/element/f.AE569C338F7BE8C487FB69BDD94B5641.d.B3503877C79FB020EEE97697C9353064.e.31973/click - {}
RESULT: {}
COMMAND: POST /session/fe219389c4a652ed804fe0697356972e/element - {"using":"xpath","value":"//button[@aria-label=\"Add\"]"}
COMMAND: GET /session/fe219389c4a652ed804fe0697356972e/screenshot - {}
RESULT: {"using":"xpath","value":"//button[@aria-label=\"Add\"]"}
COMMAND: POST /session/fe219389c4a652ed804fe0697356972e/element/f.AE569C338F7BE8C487FB69BDD94B5641.d.B3503877C79FB020EEE97697C9353064.e.31975/click - {}
RESULT: {}
RESULT: {}
COMMAND: GET /session/fe219389c4a652ed804fe0697356972e/screenshot - {}
RESULT: {}
RESULT: undefined
COMMAND: POST /session/fe219389c4a652ed804fe0697356972e/execute/async - {"script":"<script> [776 bytes]","args":[{"enterText":"400029","selector":{"id":"application-managehandovers-display-component---AddNewHO--smartFilterBar-btnBasicSearch","searchOpenDialogs":true,"interaction":{"idSuffix":"I"}},"clearTextFirst":true,"interactionType":"ENTER_TEXT"}]}
RESULT: {"script":"<script> [776 bytes]","args":[{"enterText":"400029","selector":{"id":"application-managehandovers-display-component---AddNewHO--smartFilterBar-btnBasicSearch","searchOpenDialogs":true,"interaction":{"idSuffix":"I"}},"clearTextFirst":true,"interactionType":"ENTER_TEXT"}]}
COMMAND: POST /session/fe219389c4a652ed804fe0697356972e/actions - {"actions":[{"id":"action96","type":"key","parameters":{},"actions":[{"type":"keyDown","value":""},{"type":"pause","duration":10},{"type":"keyUp","value":""}]}]}
RESULT: {"actions":[{"id":"action96","type":"key","parameters":{},"actions":[{"type":"keyDown","value":""},{"type":"pause","duration":10},{"type":"keyUp","value":""}]}]}
COMMAND: GET /session/fe219389c4a652ed804fe0697356972e/screenshot - {}
RESULT: {}
RESULT: undefined
COMMAND: POST /session/fe219389c4a652ed804fe0697356972e/element - {"using":"xpath","value":"//*[@id=\"application-managehandovers-display-component---AddNewHO--popup-sa\"]"}
RESULT: {"using":"xpath","value":"//*[@id=\"application-managehandovers-display-component---AddNewHO--popup-sa\"]"}
COMMAND: POST /session/fe219389c4a652ed804fe0697356972e/element/f.AE569C338F7BE8C487FB69BDD94B5641.d.B3503877C79FB020EEE97697C9353064.e.32126/click - {}
RESULT: {}
COMMAND: GET /session/fe219389c4a652ed804fe0697356972e/screenshot - {}
RESULT: {}
COMMAND: POST /session/fe219389c4a652ed804fe0697356972e/element - {"using":"xpath","value":"//bdi[contains(text(), \"Select\")]"}
RESULT: {"using":"xpath","value":"//bdi[contains(text(), \"Select\")]"}
COMMAND: POST /session/fe219389c4a652ed804fe0697356972e/element/f.AE569C338F7BE8C487FB69BDD94B5641.d.B3503877C79FB020EEE97697C9353064.e.32127/click - {}
RESULT: {}
COMMAND: GET /session/fe219389c4a652ed804fe0697356972e/screenshot - {}
RESULT: {}
COMMAND: POST /session/fe219389c4a652ed804fe0697356972e/element - {"using":"xpath","value":"//button[@data-kt=\"AddNewHOSaveButton\"]"}
RESULT: {"using":"xpath","value":"//button[@data-kt=\"AddNewHOSaveButton\"]"}
COMMAND: POST /session/fe219389c4a652ed804fe0697356972e/element/f.AE569C338F7BE8C487FB69BDD94B5641.d.B3503877C79FB020EEE97697C9353064.e.32131/click - {}
RESULT: {}
COMMAND: GET /session/fe219389c4a652ed804fe0697356972e/screenshot - {}
RESULT: {}
RESULT: undefined
COMMAND: POST /session/fe219389c4a652ed804fe0697356972e/execute/async - {"script":"<script> [6424 bytes]","args":[{"element-6066-11e4-a52e-4f735466cecf":"f.AE569C338F7BE8C487FB69BDD94B5641.d.B3503877C79FB020EEE97697C9353064.e.31172"},"setValue",["5/29/25"]]}
COMMAND: POST /session/fe219389c4a652ed804fe0697356972e/execute/async - {"script":"<script> [1562 bytes]","args":[{"selector":{"id":"receiptDatePicker","viewName":"etm.portal.ui.managehandovers.view.DetailExecuteHO","interaction":{"idSuffix":"inner"}},"wdio_ui5_key":"receiptDatePickeretmportal.ui.managehandovers.view.DetailExecuteHO"}]}
RESULT: {"script":"<script> [1562 bytes]","args":[{"selector":{"id":"receiptDatePicker","viewName":"etm.portal.ui.managehandovers.view.DetailExecuteHO","interaction":{"idSuffix":"inner"}},"wdio_ui5_key":"receiptDatePickeretmportal.ui.managehandovers.view.DetailExecuteHO"}]}
COMMAND: POST /session/fe219389c4a652ed804fe0697356972e/execute/async - {"script":"<script> [6424 bytes]","args":[{"element-6066-11e4-a52e-4f735466cecf":"f.AE569C338F7BE8C487FB69BDD94B5641.d.B3503877C79FB020EEE97697C9353064.e.32161"},"setValue",["5/29/25"]]}
RESULT: {"script":"<script> [6424 bytes]","args":[{"element-6066-11e4-a52e-4f735466cecf":"f.AE569C338F7BE8C487FB69BDD94B5641.d.B3503877C79FB020EEE97697C9353064.e.32161"},"setValue",["5/29/25"]]}
COMMAND: POST /session/fe219389c4a652ed804fe0697356972e/element - {"using":"xpath","value":"//button[@data-kt=\"ReceivingTableConfirmAllButton\"]"}
RESULT: {"using":"xpath","value":"//button[@data-kt=\"ReceivingTableConfirmAllButton\"]"}
COMMAND: POST /session/fe219389c4a652ed804fe0697356972e/element/f.AE569C338F7BE8C487FB69BDD94B5641.d.B3503877C79FB020EEE97697C9353064.e.32175/click - {}
RESULT: {}
COMMAND: GET /session/fe219389c4a652ed804fe0697356972e/screenshot - {}
RESULT: {}
COMMAND: POST /session/fe219389c4a652ed804fe0697356972e/element - {"using":"xpath","value":"//bdi[contains(text(), \"OK\")]"}
RESULT: {"using":"xpath","value":"//bdi[contains(text(), \"OK\")]"}
COMMAND: POST /session/fe219389c4a652ed804fe0697356972e/element/f.AE569C338F7BE8C487FB69BDD94B5641.d.B3503877C79FB020EEE97697C9353064.e.32177/click - {}
RESULT: {}
COMMAND: GET /session/fe219389c4a652ed804fe0697356972e/screenshot - {}
RESULT: {}
COMMAND: POST /session/fe219389c4a652ed804fe0697356972e/element - {"using":"xpath","value":"(//bdi[contains(text(), \"Receive\")])[2]"}
RESULT: {"using":"xpath","value":"(//bdi[contains(text(), \"Receive\")])[2]"}
COMMAND: POST /session/fe219389c4a652ed804fe0697356972e/element/f.AE569C338F7BE8C487FB69BDD94B5641.d.B3503877C79FB020EEE97697C9353064.e.32179/click - {}
RESULT: {}
COMMAND: GET /session/fe219389c4a652ed804fe0697356972e/screenshot - {}
RESULT: {}
COMMAND: POST /session/fe219389c4a652ed804fe0697356972e/element - {"using":"css selector","value":"#shell-header-logo"}
RESULT: {"using":"css selector","value":"#shell-header-logo"}
COMMAND: POST /session/fe219389c4a652ed804fe0697356972e/element/f.AE569C338F7BE8C487FB69BDD94B5641.d.B3503877C79FB020EEE97697C9353064.e.31481/click - {}
RESULT: {}
COMMAND: GET /session/fe219389c4a652ed804fe0697356972e/screenshot - {}
RESULT: {}
]]></system-out>
    </testcase>
    <testcase classname="chrome.136_0_7103_93.windows.Transfer_Yard_to_Yard_US131076" name="Should create a yard to yard transfer handover MAY CRASH DUE TO LOGIC CHANGE NOT BUG CURRENTLY" time="124.372">
      <system-out><![CDATA[
RESULT: undefined
COMMAND: POST /session/fe219389c4a652ed804fe0697356972e/element - {"using":"xpath","value":"//*[@id=\"__tile132\"]"}
RESULT: {"using":"xpath","value":"//*[@id=\"__tile132\"]"}
COMMAND: POST /session/fe219389c4a652ed804fe0697356972e/element/f.AE569C338F7BE8C487FB69BDD94B5641.d.B3503877C79FB020EEE97697C9353064.e.28375/click - {}
RESULT: {}
COMMAND: GET /session/fe219389c4a652ed804fe0697356972e/screenshot - {}
RESULT: {}
COMMAND: POST /session/fe219389c4a652ed804fe0697356972e/elements - {"using":"xpath","value":"//span[text()='Error']"}
RESULT: {"using":"xpath","value":"//span[text()='Error']"}
COMMAND: POST /session/fe219389c4a652ed804fe0697356972e/element - {"using":"xpath","value":"//button[@data-kt=\"masterHOAddButton\"]"}
RESULT: {"using":"xpath","value":"//button[@data-kt=\"masterHOAddButton\"]"}
COMMAND: POST /session/fe219389c4a652ed804fe0697356972e/elements - {"using":"xpath","value":"//button[@data-kt=\"masterHOAddButton\"]"}
RESULT: {"using":"xpath","value":"//button[@data-kt=\"masterHOAddButton\"]"}
COMMAND: POST /session/fe219389c4a652ed804fe0697356972e/execute/sync - {"script":"<script> [8489 bytes]","args":[{"element-6066-11e4-a52e-4f735466cecf":"f.AE569C338F7BE8C487FB69BDD94B5641.d.B3503877C79FB020EEE97697C9353064.e.32393","ELEMENT":"f.AE569C338F7BE8C487FB69BDD94B5641.d.B3503877C79FB020EEE97697C9353064.e.32393"}]}
RESULT: {"script":"<script> [8489 bytes]","args":[{"element-6066-11e4-a52e-4f735466cecf":"f.AE569C338F7BE8C487FB69BDD94B5641.d.B3503877C79FB020EEE97697C9353064.e.32393","ELEMENT":"f.AE569C338F7BE8C487FB69BDD94B5641.d.B3503877C79FB020EEE97697C9353064.e.32393"}]}
COMMAND: GET /session/fe219389c4a652ed804fe0697356972e/element/f.AE569C338F7BE8C487FB69BDD94B5641.d.B3503877C79FB020EEE97697C9353064.e.32393/enabled - {}
COMMAND: GET /session/fe219389c4a652ed804fe0697356972e/screenshot - {}
RESULT: {}
COMMAND: POST /session/fe219389c4a652ed804fe0697356972e/execute/sync - {"script":"<script> [8489 bytes]","args":[{"element-6066-11e4-a52e-4f735466cecf":"f.AE569C338F7BE8C487FB69BDD94B5641.d.B3503877C79FB020EEE97697C9353064.e.32393","ELEMENT":"f.AE569C338F7BE8C487FB69BDD94B5641.d.B3503877C79FB020EEE97697C9353064.e.32393"}]}
COMMAND: GET /session/fe219389c4a652ed804fe0697356972e/screenshot - {}
RESULT: {}
RESULT: {"script":"<script> [8489 bytes]","args":[{"element-6066-11e4-a52e-4f735466cecf":"f.AE569C338F7BE8C487FB69BDD94B5641.d.B3503877C79FB020EEE97697C9353064.e.32393","ELEMENT":"f.AE569C338F7BE8C487FB69BDD94B5641.d.B3503877C79FB020EEE97697C9353064.e.32393"}]}
COMMAND: POST /session/fe219389c4a652ed804fe0697356972e/execute/sync - {"script":"<script> [5351 bytes]","args":[{"element-6066-11e4-a52e-4f735466cecf":"f.AE569C338F7BE8C487FB69BDD94B5641.d.B3503877C79FB020EEE97697C9353064.e.32393","ELEMENT":"f.AE569C338F7BE8C487FB69BDD94B5641.d.B3503877C79FB020EEE97697C9353064.e.32393"}]}
COMMAND: GET /session/fe219389c4a652ed804fe0697356972e/screenshot - {}
RESULT: {}
RESULT: {"script":"<script> [5351 bytes]","args":[{"element-6066-11e4-a52e-4f735466cecf":"f.AE569C338F7BE8C487FB69BDD94B5641.d.B3503877C79FB020EEE97697C9353064.e.32393","ELEMENT":"f.AE569C338F7BE8C487FB69BDD94B5641.d.B3503877C79FB020EEE97697C9353064.e.32393"}]}
COMMAND: POST /session/fe219389c4a652ed804fe0697356972e/element/f.AE569C338F7BE8C487FB69BDD94B5641.d.B3503877C79FB020EEE97697C9353064.e.32393/click - {}
COMMAND: GET /session/fe219389c4a652ed804fe0697356972e/screenshot - {}
RESULT: {}
RESULT: {}
COMMAND: GET /session/fe219389c4a652ed804fe0697356972e/screenshot - {}
RESULT: {}
RESULT: {}
COMMAND: POST /session/fe219389c4a652ed804fe0697356972e/element - {"using":"xpath","value":"//span[contains(@id ,\"AddNewHO--typeSelect-arrow\")]"}
RESULT: {"using":"xpath","value":"//span[contains(@id ,\"AddNewHO--typeSelect-arrow\")]"}
COMMAND: POST /session/fe219389c4a652ed804fe0697356972e/element/f.AE569C338F7BE8C487FB69BDD94B5641.d.B3503877C79FB020EEE97697C9353064.e.32807/click - {}
RESULT: {}
COMMAND: GET /session/fe219389c4a652ed804fe0697356972e/screenshot - {}
RESULT: {}
COMMAND: POST /session/fe219389c4a652ed804fe0697356972e/element - {"using":"xpath","value":"(//li[contains(text(), \"transfer\")])[1]"}
RESULT: {"using":"xpath","value":"(//li[contains(text(), \"transfer\")])[1]"}
COMMAND: POST /session/fe219389c4a652ed804fe0697356972e/element/f.AE569C338F7BE8C487FB69BDD94B5641.d.B3503877C79FB020EEE97697C9353064.e.32808/click - {}
RESULT: {}
COMMAND: GET /session/fe219389c4a652ed804fe0697356972e/screenshot - {}
RESULT: {}
RESULT: undefined
COMMAND: POST /session/fe219389c4a652ed804fe0697356972e/execute/async - {"script":"<script> [6424 bytes]","args":[{"element-6066-11e4-a52e-4f735466cecf":"f.AE569C338F7BE8C487FB69BDD94B5641.d.B3503877C79FB020EEE97697C9353064.e.30959"},"setValue",["05/29/25"]]}
COMMAND: POST /session/fe219389c4a652ed804fe0697356972e/execute/async - {"script":"<script> [1562 bytes]","args":[{"selector":{"id":"application-managehandovers-display-component---AddNewHO--dueDate","interaction":{"idSuffix":"inner"}},"wdio_ui5_key":"applicationmanagehandovers-display-component---AddNewHO--dueDate"}]}
RESULT: {"script":"<script> [1562 bytes]","args":[{"selector":{"id":"application-managehandovers-display-component---AddNewHO--dueDate","interaction":{"idSuffix":"inner"}},"wdio_ui5_key":"applicationmanagehandovers-display-component---AddNewHO--dueDate"}]}
COMMAND: POST /session/fe219389c4a652ed804fe0697356972e/execute/async - {"script":"<script> [6424 bytes]","args":[{"element-6066-11e4-a52e-4f735466cecf":"f.AE569C338F7BE8C487FB69BDD94B5641.d.B3503877C79FB020EEE97697C9353064.e.32810"},"setValue",["05/29/25"]]}
RESULT: {"script":"<script> [6424 bytes]","args":[{"element-6066-11e4-a52e-4f735466cecf":"f.AE569C338F7BE8C487FB69BDD94B5641.d.B3503877C79FB020EEE97697C9353064.e.32810"},"setValue",["05/29/25"]]}
COMMAND: POST /session/fe219389c4a652ed804fe0697356972e/element - {"using":"xpath","value":"//input[@id=\"generalSectionFrg--sendYard-inner\"]"}
RESULT: {"using":"xpath","value":"//input[@id=\"generalSectionFrg--sendYard-inner\"]"}
COMMAND: POST /session/fe219389c4a652ed804fe0697356972e/element/f.AE569C338F7BE8C487FB69BDD94B5641.d.B3503877C79FB020EEE97697C9353064.e.32816/clear - {}
RESULT: {}
COMMAND: POST /session/fe219389c4a652ed804fe0697356972e/element/f.AE569C338F7BE8C487FB69BDD94B5641.d.B3503877C79FB020EEE97697C9353064.e.32816/value - {"text":"467"}
COMMAND: GET /session/fe219389c4a652ed804fe0697356972e/screenshot - {}
RESULT: {"text":"467"}
COMMAND: GET /session/fe219389c4a652ed804fe0697356972e/screenshot - {}
RESULT: {}
RESULT: {}
COMMAND: POST /session/fe219389c4a652ed804fe0697356972e/element - {"using":"xpath","value":"//li[.//span[text()='467']]"}
RESULT: {"using":"xpath","value":"//li[.//span[text()='467']]"}
COMMAND: POST /session/fe219389c4a652ed804fe0697356972e/element/f.AE569C338F7BE8C487FB69BDD94B5641.d.B3503877C79FB020EEE97697C9353064.e.32835/click - {}
RESULT: {}
COMMAND: GET /session/fe219389c4a652ed804fe0697356972e/screenshot - {}
RESULT: {}
COMMAND: POST /session/fe219389c4a652ed804fe0697356972e/element - {"using":"xpath","value":"//input[@id=\"generalSectionFrg--receiveYard-inner\"]"}
RESULT: {"using":"xpath","value":"//input[@id=\"generalSectionFrg--receiveYard-inner\"]"}
COMMAND: POST /session/fe219389c4a652ed804fe0697356972e/element/f.AE569C338F7BE8C487FB69BDD94B5641.d.B3503877C79FB020EEE97697C9353064.e.32817/clear - {}
RESULT: {}
COMMAND: POST /session/fe219389c4a652ed804fe0697356972e/element/f.AE569C338F7BE8C487FB69BDD94B5641.d.B3503877C79FB020EEE97697C9353064.e.32817/value - {"text":"473"}
COMMAND: GET /session/fe219389c4a652ed804fe0697356972e/screenshot - {}
RESULT: {"text":"473"}
COMMAND: GET /session/fe219389c4a652ed804fe0697356972e/screenshot - {}
RESULT: {}
RESULT: {}
COMMAND: POST /session/fe219389c4a652ed804fe0697356972e/element - {"using":"xpath","value":"//li[.//span[text()='473']]"}
RESULT: {"using":"xpath","value":"//li[.//span[text()='473']]"}
COMMAND: POST /session/fe219389c4a652ed804fe0697356972e/element/f.AE569C338F7BE8C487FB69BDD94B5641.d.B3503877C79FB020EEE97697C9353064.e.32837/click - {}
RESULT: {}
COMMAND: GET /session/fe219389c4a652ed804fe0697356972e/screenshot - {}
RESULT: {}
RESULT: undefined
COMMAND: POST /session/fe219389c4a652ed804fe0697356972e/element - {"using":"xpath","value":"//*[@id=\"application-managehandovers-display-component---AddNewHO--ObjectPageLayout-anchBar-application-managehandovers-display-component---AddNewHO--section4-anchor\"]"}
RESULT: {"using":"xpath","value":"//*[@id=\"application-managehandovers-display-component---AddNewHO--ObjectPageLayout-anchBar-application-managehandovers-display-component---AddNewHO--section4-anchor\"]"}
COMMAND: POST /session/fe219389c4a652ed804fe0697356972e/element/f.AE569C338F7BE8C487FB69BDD94B5641.d.B3503877C79FB020EEE97697C9353064.e.32838/click - {}
RESULT: {}
COMMAND: GET /session/fe219389c4a652ed804fe0697356972e/screenshot - {}
RESULT: {}
COMMAND: POST /session/fe219389c4a652ed804fe0697356972e/element - {"using":"xpath","value":"//button[@data-kt=\"AddNewHOProvideAddItemsButton\"]"}
RESULT: {"using":"xpath","value":"//button[@data-kt=\"AddNewHOProvideAddItemsButton\"]"}
COMMAND: POST /session/fe219389c4a652ed804fe0697356972e/element/f.AE569C338F7BE8C487FB69BDD94B5641.d.B3503877C79FB020EEE97697C9353064.e.32842/click - {}
RESULT: {}
COMMAND: GET /session/fe219389c4a652ed804fe0697356972e/screenshot - {}
RESULT: {}
COMMAND: POST /session/fe219389c4a652ed804fe0697356972e/element - {"using":"xpath","value":"//div[contains(@id,\"AddNewHO--TransferHOTypesRuDialogTable-sa-CbBg\")]"}
RESULT: {"using":"xpath","value":"//div[contains(@id,\"AddNewHO--TransferHOTypesRuDialogTable-sa-CbBg\")]"}
COMMAND: POST /session/fe219389c4a652ed804fe0697356972e/element/f.AE569C338F7BE8C487FB69BDD94B5641.d.B3503877C79FB020EEE97697C9353064.e.32866/click - {}
RESULT: {}
COMMAND: GET /session/fe219389c4a652ed804fe0697356972e/screenshot - {}
RESULT: {}
COMMAND: POST /session/fe219389c4a652ed804fe0697356972e/element - {"using":"xpath","value":"//table[contains(@id,\"AddNewHO--TransferHOTypesRuDialogTable-listUl\")]/tbody/tr[1]/td[6]/div/div/input"}
RESULT: {"using":"xpath","value":"//table[contains(@id,\"AddNewHO--TransferHOTypesRuDialogTable-listUl\")]/tbody/tr[1]/td[6]/div/div/input"}
COMMAND: POST /session/fe219389c4a652ed804fe0697356972e/elements - {"using":"xpath","value":"//table[contains(@id,\"AddNewHO--TransferHOTypesRuDialogTable-listUl\")]/tbody/tr[1]/td[6]/div/div/input"}
RESULT: {"using":"xpath","value":"//table[contains(@id,\"AddNewHO--TransferHOTypesRuDialogTable-listUl\")]/tbody/tr[1]/td[6]/div/div/input"}
COMMAND: GET /session/fe219389c4a652ed804fe0697356972e/element/f.AE569C338F7BE8C487FB69BDD94B5641.d.B3503877C79FB020EEE97697C9353064.e.32862/attribute/readonly - {}
RESULT: {}
COMMAND: POST /session/fe219389c4a652ed804fe0697356972e/element - {"using":"xpath","value":"//table[contains(@id,\"AddNewHO--TransferHOTypesRuDialogTable-listUl\")]/tbody/tr[1]/td[6]/div/div/input"}
RESULT: {"using":"xpath","value":"//table[contains(@id,\"AddNewHO--TransferHOTypesRuDialogTable-listUl\")]/tbody/tr[1]/td[6]/div/div/input"}
COMMAND: POST /session/fe219389c4a652ed804fe0697356972e/element/f.AE569C338F7BE8C487FB69BDD94B5641.d.B3503877C79FB020EEE97697C9353064.e.32862/clear - {}
RESULT: {}
COMMAND: POST /session/fe219389c4a652ed804fe0697356972e/element/f.AE569C338F7BE8C487FB69BDD94B5641.d.B3503877C79FB020EEE97697C9353064.e.32862/value - {"text":"1"}
COMMAND: GET /session/fe219389c4a652ed804fe0697356972e/screenshot - {}
RESULT: {"text":"1"}
COMMAND: GET /session/fe219389c4a652ed804fe0697356972e/screenshot - {}
RESULT: {}
RESULT: {}
COMMAND: POST /session/fe219389c4a652ed804fe0697356972e/element - {"using":"xpath","value":"//bdi[contains(text(), \"OK\")]"}
RESULT: {"using":"xpath","value":"//bdi[contains(text(), \"OK\")]"}
COMMAND: POST /session/fe219389c4a652ed804fe0697356972e/element/f.AE569C338F7BE8C487FB69BDD94B5641.d.B3503877C79FB020EEE97697C9353064.e.32870/click - {}
RESULT: {}
COMMAND: GET /session/fe219389c4a652ed804fe0697356972e/screenshot - {}
RESULT: {}
COMMAND: POST /session/fe219389c4a652ed804fe0697356972e/execute/async - {"script":"<script> [1562 bytes]","args":[{"selector":{"id":"application-managehandovers-display-component---AddNewHO--confirmCreationButton","interaction":{"idSuffix":"BDI-content"}},"wdio_ui5_key":"applicationmanagehandovers-display-component---AddNewHO--confirmCreationButton"}]}
RESULT: {"script":"<script> [1562 bytes]","args":[{"selector":{"id":"application-managehandovers-display-component---AddNewHO--confirmCreationButton","interaction":{"idSuffix":"BDI-content"}},"wdio_ui5_key":"applicationmanagehandovers-display-component---AddNewHO--confirmCreationButton"}]}
RESULT: undefined
COMMAND: POST /session/fe219389c4a652ed804fe0697356972e/element - {"using":"xpath","value":"//*[@id=\"application-managehandovers-display-component---AddNewHO--confirmCreationButton\"]"}
RESULT: {"using":"xpath","value":"//*[@id=\"application-managehandovers-display-component---AddNewHO--confirmCreationButton\"]"}
COMMAND: POST /session/fe219389c4a652ed804fe0697356972e/element/f.AE569C338F7BE8C487FB69BDD94B5641.d.B3503877C79FB020EEE97697C9353064.e.32886/click - {}
RESULT: {}
COMMAND: GET /session/fe219389c4a652ed804fe0697356972e/screenshot - {}
RESULT: {}
COMMAND: POST /session/fe219389c4a652ed804fe0697356972e/element - {"using":"xpath","value":"(//section[contains(@id,\"headerContentForm--FC-NoHead\")])[2]/div[1]/div[5]/div[2]/div/span"}
RESULT: {"using":"xpath","value":"(//section[contains(@id,\"headerContentForm--FC-NoHead\")])[2]/div[1]/div[5]/div[2]/div/span"}
COMMAND: POST /session/fe219389c4a652ed804fe0697356972e/execute/sync - {"script":"<script> [56 bytes]","args":[{"element-6066-11e4-a52e-4f735466cecf":"f.AE569C338F7BE8C487FB69BDD94B5641.d.B3503877C79FB020EEE97697C9353064.e.32954","ELEMENT":"f.AE569C338F7BE8C487FB69BDD94B5641.d.B3503877C79FB020EEE97697C9353064.e.32954"}]}
RESULT: {"script":"<script> [56 bytes]","args":[{"element-6066-11e4-a52e-4f735466cecf":"f.AE569C338F7BE8C487FB69BDD94B5641.d.B3503877C79FB020EEE97697C9353064.e.32954","ELEMENT":"f.AE569C338F7BE8C487FB69BDD94B5641.d.B3503877C79FB020EEE97697C9353064.e.32954"}]}
COMMAND: POST /session/fe219389c4a652ed804fe0697356972e/execute/async - {"script":"<script> [1562 bytes]","args":[{"selector":{"id":"issueDatePicker","viewName":"etm.portal.ui.managehandovers.view.DetailExecuteHO","interaction":{"idSuffix":"inner"}},"wdio_ui5_key":"issueDatePickeretmportal.ui.managehandovers.view.DetailExecuteHO"}]}
COMMAND: GET /session/fe219389c4a652ed804fe0697356972e/screenshot - {}
RESULT: {"script":"<script> [1562 bytes]","args":[{"selector":{"id":"issueDatePicker","viewName":"etm.portal.ui.managehandovers.view.DetailExecuteHO","interaction":{"idSuffix":"inner"}},"wdio_ui5_key":"issueDatePickeretmportal.ui.managehandovers.view.DetailExecuteHO"}]}
RESULT: undefined
COMMAND: POST /session/fe219389c4a652ed804fe0697356972e/execute/async - {"script":"<script> [776 bytes]","args":[{"enterText":"5/30/25","selector":{"id":"issueDatePicker","viewName":"etm.portal.ui.managehandovers.view.DetailExecuteHO","interaction":{"idSuffix":"inner"}},"clearTextFirst":true,"interactionType":"ENTER_TEXT"}]}
RESULT: {}
RESULT: {"script":"<script> [776 bytes]","args":[{"enterText":"5/30/25","selector":{"id":"issueDatePicker","viewName":"etm.portal.ui.managehandovers.view.DetailExecuteHO","interaction":{"idSuffix":"inner"}},"clearTextFirst":true,"interactionType":"ENTER_TEXT"}]}
COMMAND: POST /session/fe219389c4a652ed804fe0697356972e/element - {"using":"xpath","value":"//bdi[contains(text(), \"OK\")]"}
RESULT: {"using":"xpath","value":"//bdi[contains(text(), \"OK\")]"}
COMMAND: POST /session/fe219389c4a652ed804fe0697356972e/element/f.AE569C338F7BE8C487FB69BDD94B5641.d.B3503877C79FB020EEE97697C9353064.e.32959/click - {}
RESULT: {}
COMMAND: GET /session/fe219389c4a652ed804fe0697356972e/screenshot - {}
RESULT: {}
COMMAND: POST /session/fe219389c4a652ed804fe0697356972e/execute/async - {"script":"<script> [1562 bytes]","args":[{"selector":{"controlType":"sap.m.Button","viewName":"etm.portal.ui.managehandovers.view.DetailExecuteHO","i18NText":{"propertyName":"text","key":"pickQty"},"interaction":{"idSuffix":"content"}},"wdio_ui5_key":"etmportal.ui.managehandovers.view.DetailExecuteHOsap.m.Button{\"propertyName\":\"text\",\"key\":\"pickQty\"}"}]}
RESULT: {"script":"<script> [1562 bytes]","args":[{"selector":{"controlType":"sap.m.Button","viewName":"etm.portal.ui.managehandovers.view.DetailExecuteHO","i18NText":{"propertyName":"text","key":"pickQty"},"interaction":{"idSuffix":"content"}},"wdio_ui5_key":"etmportal.ui.managehandovers.view.DetailExecuteHOsap.m.Button{\"propertyName\":\"text\",\"key\":\"pickQty\"}"}]}
RESULT: undefined
COMMAND: POST /session/fe219389c4a652ed804fe0697356972e/element - {"using":"xpath","value":"//*[@id=\"__button437\"]"}
RESULT: {"using":"xpath","value":"//*[@id=\"__button437\"]"}
COMMAND: POST /session/fe219389c4a652ed804fe0697356972e/element/f.AE569C338F7BE8C487FB69BDD94B5641.d.B3503877C79FB020EEE97697C9353064.e.32967/click - {}
RESULT: {}
COMMAND: GET /session/fe219389c4a652ed804fe0697356972e/screenshot - {}
RESULT: {}
COMMAND: POST /session/fe219389c4a652ed804fe0697356972e/execute/async - {"script":"<script> [1562 bytes]","args":[{"selector":{"controlType":"sap.m.NumericInput","viewName":"etm.portal.ui.managehandovers.view.DetailExecuteHO","properties":{"value":"0"},"searchOpenDialogs":true,"interaction":{"idSuffix":"inner"}},"wdio_ui5_key":"etmportal.ui.managehandovers.view.DetailExecuteHOsap.m.NumericInput{\"value\":\"0\"}"}]}
RESULT: {"script":"<script> [1562 bytes]","args":[{"selector":{"controlType":"sap.m.NumericInput","viewName":"etm.portal.ui.managehandovers.view.DetailExecuteHO","properties":{"value":"0"},"searchOpenDialogs":true,"interaction":{"idSuffix":"inner"}},"wdio_ui5_key":"etmportal.ui.managehandovers.view.DetailExecuteHOsap.m.NumericInput{\"value\":\"0\"}"}]}
RESULT: undefined
COMMAND: POST /session/fe219389c4a652ed804fe0697356972e/execute/async - {"script":"<script> [1562 bytes]","args":[{"selector":{"id":"statesDialog--okBttnStatesDialog","searchOpenDialogs":true,"interaction":{"idSuffix":"BDI-content"}},"wdio_ui5_key":"statesDialogokBttnStatesDialog"}]}
RESULT: {"script":"<script> [1562 bytes]","args":[{"selector":{"id":"statesDialog--okBttnStatesDialog","searchOpenDialogs":true,"interaction":{"idSuffix":"BDI-content"}},"wdio_ui5_key":"statesDialogokBttnStatesDialog"}]}
RESULT: undefined
COMMAND: POST /session/fe219389c4a652ed804fe0697356972e/element - {"using":"xpath","value":"//*[@id=\"statesDialog--okBttnStatesDialog\"]"}
RESULT: {"using":"xpath","value":"//*[@id=\"statesDialog--okBttnStatesDialog\"]"}
COMMAND: POST /session/fe219389c4a652ed804fe0697356972e/element/f.AE569C338F7BE8C487FB69BDD94B5641.d.B3503877C79FB020EEE97697C9353064.e.32974/click - {}
RESULT: {}
COMMAND: GET /session/fe219389c4a652ed804fe0697356972e/screenshot - {}
RESULT: {}
COMMAND: POST /session/fe219389c4a652ed804fe0697356972e/element - {"using":"xpath","value":"//button[@data-kt=\"PickingTableConfirmAllButton\"]"}
RESULT: {"using":"xpath","value":"//button[@data-kt=\"PickingTableConfirmAllButton\"]"}
COMMAND: POST /session/fe219389c4a652ed804fe0697356972e/element/f.AE569C338F7BE8C487FB69BDD94B5641.d.B3503877C79FB020EEE97697C9353064.e.32980/click - {}
RESULT: {}
COMMAND: GET /session/fe219389c4a652ed804fe0697356972e/screenshot - {}
RESULT: {}
COMMAND: POST /session/fe219389c4a652ed804fe0697356972e/element - {"using":"xpath","value":"//bdi[contains(text(), \"OK\")]"}
RESULT: {"using":"xpath","value":"//bdi[contains(text(), \"OK\")]"}
COMMAND: POST /session/fe219389c4a652ed804fe0697356972e/element/f.AE569C338F7BE8C487FB69BDD94B5641.d.B3503877C79FB020EEE97697C9353064.e.32983/click - {}
RESULT: {}
COMMAND: GET /session/fe219389c4a652ed804fe0697356972e/screenshot - {}
RESULT: {}
COMMAND: POST /session/fe219389c4a652ed804fe0697356972e/element - {"using":"xpath","value":"//header[contains(@id,\"headerTitle\") and @aria-roledescription=\"Object page header\"]/div[1]/div[2]/div[1]/span"}
RESULT: {"using":"xpath","value":"//header[contains(@id,\"headerTitle\") and @aria-roledescription=\"Object page header\"]/div[1]/div[2]/div[1]/span"}
COMMAND: POST /session/fe219389c4a652ed804fe0697356972e/elements - {"using":"xpath","value":"//header[contains(@id,\"headerTitle\") and @aria-roledescription=\"Object page header\"]/div[1]/div[2]/div[1]/span"}
RESULT: {"using":"xpath","value":"//header[contains(@id,\"headerTitle\") and @aria-roledescription=\"Object page header\"]/div[1]/div[2]/div[1]/span"}
COMMAND: POST /session/fe219389c4a652ed804fe0697356972e/execute/sync - {"script":"<script> [56 bytes]","args":[{"element-6066-11e4-a52e-4f735466cecf":"f.AE569C338F7BE8C487FB69BDD94B5641.d.B3503877C79FB020EEE97697C9353064.e.32987","ELEMENT":"f.AE569C338F7BE8C487FB69BDD94B5641.d.B3503877C79FB020EEE97697C9353064.e.32987"}]}
RESULT: {"script":"<script> [56 bytes]","args":[{"element-6066-11e4-a52e-4f735466cecf":"f.AE569C338F7BE8C487FB69BDD94B5641.d.B3503877C79FB020EEE97697C9353064.e.32987","ELEMENT":"f.AE569C338F7BE8C487FB69BDD94B5641.d.B3503877C79FB020EEE97697C9353064.e.32987"}]}
COMMAND: POST /session/fe219389c4a652ed804fe0697356972e/element - {"using":"xpath","value":"//bdi[contains(text(), \"Issue\")]"}
COMMAND: GET /session/fe219389c4a652ed804fe0697356972e/screenshot - {}
RESULT: {"using":"xpath","value":"//bdi[contains(text(), \"Issue\")]"}
COMMAND: POST /session/fe219389c4a652ed804fe0697356972e/element/f.AE569C338F7BE8C487FB69BDD94B5641.d.B3503877C79FB020EEE97697C9353064.e.32988/click - {}
RESULT: {}
RESULT: {}
COMMAND: GET /session/fe219389c4a652ed804fe0697356972e/screenshot - {}
RESULT: {}
COMMAND: POST /session/fe219389c4a652ed804fe0697356972e/element - {"using":"xpath","value":"//input[contains(@id ,\"smartFilterBar-btnBasicSearch-I\")]"}
RESULT: {"using":"xpath","value":"//input[contains(@id ,\"smartFilterBar-btnBasicSearch-I\")]"}
COMMAND: POST /session/fe219389c4a652ed804fe0697356972e/elements - {"using":"xpath","value":"//input[contains(@id ,\"smartFilterBar-btnBasicSearch-I\")]"}
RESULT: {"using":"xpath","value":"//input[contains(@id ,\"smartFilterBar-btnBasicSearch-I\")]"}
COMMAND: POST /session/fe219389c4a652ed804fe0697356972e/execute/sync - {"script":"<script> [8489 bytes]","args":[{"element-6066-11e4-a52e-4f735466cecf":"f.AE569C338F7BE8C487FB69BDD94B5641.d.B3503877C79FB020EEE97697C9353064.e.32352","ELEMENT":"f.AE569C338F7BE8C487FB69BDD94B5641.d.B3503877C79FB020EEE97697C9353064.e.32352"}]}
RESULT: {"script":"<script> [8489 bytes]","args":[{"element-6066-11e4-a52e-4f735466cecf":"f.AE569C338F7BE8C487FB69BDD94B5641.d.B3503877C79FB020EEE97697C9353064.e.32352","ELEMENT":"f.AE569C338F7BE8C487FB69BDD94B5641.d.B3503877C79FB020EEE97697C9353064.e.32352"}]}
COMMAND: GET /session/fe219389c4a652ed804fe0697356972e/element/f.AE569C338F7BE8C487FB69BDD94B5641.d.B3503877C79FB020EEE97697C9353064.e.32352/enabled - {}
COMMAND: GET /session/fe219389c4a652ed804fe0697356972e/screenshot - {}
RESULT: {}
COMMAND: POST /session/fe219389c4a652ed804fe0697356972e/element/f.AE569C338F7BE8C487FB69BDD94B5641.d.B3503877C79FB020EEE97697C9353064.e.32352/clear - {}
COMMAND: GET /session/fe219389c4a652ed804fe0697356972e/screenshot - {}
RESULT: {}
RESULT: {}
COMMAND: POST /session/fe219389c4a652ed804fe0697356972e/element/f.AE569C338F7BE8C487FB69BDD94B5641.d.B3503877C79FB020EEE97697C9353064.e.32352/value - {"text":"30833"}
COMMAND: GET /session/fe219389c4a652ed804fe0697356972e/screenshot - {}
RESULT: {}
RESULT: {"text":"30833"}
COMMAND: GET /session/fe219389c4a652ed804fe0697356972e/screenshot - {}
RESULT: {}
RESULT: {}
COMMAND: POST /session/fe219389c4a652ed804fe0697356972e/actions - {"actions":[{"id":"action97","type":"key","parameters":{},"actions":[{"type":"keyDown","value":""},{"type":"pause","duration":10},{"type":"keyUp","value":""}]}]}
RESULT: {"actions":[{"id":"action97","type":"key","parameters":{},"actions":[{"type":"keyDown","value":""},{"type":"pause","duration":10},{"type":"keyUp","value":""}]}]}
COMMAND: GET /session/fe219389c4a652ed804fe0697356972e/screenshot - {}
RESULT: {}
COMMAND: POST /session/fe219389c4a652ed804fe0697356972e/element - {"using":"xpath","value":"//span[contains(@id, \"smartTable-header-inner\")]"}
RESULT: {"using":"xpath","value":"//span[contains(@id, \"smartTable-header-inner\")]"}
COMMAND: POST /session/fe219389c4a652ed804fe0697356972e/elements - {"using":"xpath","value":"//span[contains(@id, \"smartTable-header-inner\")]"}
RESULT: {"using":"xpath","value":"//span[contains(@id, \"smartTable-header-inner\")]"}
COMMAND: POST /session/fe219389c4a652ed804fe0697356972e/execute/sync - {"script":"<script> [56 bytes]","args":[{"element-6066-11e4-a52e-4f735466cecf":"f.AE569C338F7BE8C487FB69BDD94B5641.d.B3503877C79FB020EEE97697C9353064.e.33182","ELEMENT":"f.AE569C338F7BE8C487FB69BDD94B5641.d.B3503877C79FB020EEE97697C9353064.e.33182"}]}
RESULT: {"script":"<script> [56 bytes]","args":[{"element-6066-11e4-a52e-4f735466cecf":"f.AE569C338F7BE8C487FB69BDD94B5641.d.B3503877C79FB020EEE97697C9353064.e.33182","ELEMENT":"f.AE569C338F7BE8C487FB69BDD94B5641.d.B3503877C79FB020EEE97697C9353064.e.33182"}]}
COMMAND: POST /session/fe219389c4a652ed804fe0697356972e/element - {"using":"xpath","value":"(//span[contains(@id, \"imgNav\")])[1]"}
COMMAND: GET /session/fe219389c4a652ed804fe0697356972e/screenshot - {}
RESULT: {"using":"xpath","value":"(//span[contains(@id, \"imgNav\")])[1]"}
COMMAND: POST /session/fe219389c4a652ed804fe0697356972e/element/f.AE569C338F7BE8C487FB69BDD94B5641.d.B3503877C79FB020EEE97697C9353064.e.33181/click - {}
RESULT: {}
RESULT: {}
COMMAND: GET /session/fe219389c4a652ed804fe0697356972e/screenshot - {}
RESULT: {}
COMMAND: POST /session/fe219389c4a652ed804fe0697356972e/execute/async - {"script":"<script> [1562 bytes]","args":[{"selector":{"controlType":"sap.m.ObjectStatus","viewName":"etm.portal.ui.managehandovers.view.DetailManageHO","viewId":"application-managehandovers-display-component---detailManageHO","bindingPath":{"propertyPath":"LINK_TO_STATUS/DESCRIPTION","modelName":"catalogModel"}},"wdio_ui5_key":"etmportal.ui.managehandovers.view.DetailManageHOsap.m.ObjectStatus{\"propertyPath\":\"LINK_TO_STATUS/DESCRIPTION\",\"modelName\":\"catalogModel\"}"}]}
RESULT: {"script":"<script> [1562 bytes]","args":[{"selector":{"controlType":"sap.m.ObjectStatus","viewName":"etm.portal.ui.managehandovers.view.DetailManageHO","viewId":"application-managehandovers-display-component---detailManageHO","bindingPath":{"propertyPath":"LINK_TO_STATUS/DESCRIPTION","modelName":"catalogModel"}},"wdio_ui5_key":"etmportal.ui.managehandovers.view.DetailManageHOsap.m.ObjectStatus{\"propertyPath\":\"LINK_TO_STATUS/DESCRIPTION\",\"modelName\":\"catalogModel\"}"}]}
RESULT: undefined
COMMAND: POST /session/fe219389c4a652ed804fe0697356972e/execute/async - {"script":"<script> [6424 bytes]","args":[{"element-6066-11e4-a52e-4f735466cecf":"f.AE569C338F7BE8C487FB69BDD94B5641.d.B3503877C79FB020EEE97697C9353064.e.33228"},"getText",[]]}
RESULT: {"script":"<script> [6424 bytes]","args":[{"element-6066-11e4-a52e-4f735466cecf":"f.AE569C338F7BE8C487FB69BDD94B5641.d.B3503877C79FB020EEE97697C9353064.e.33228"},"getText",[]]}
COMMAND: POST /session/fe219389c4a652ed804fe0697356972e/element - {"using":"xpath","value":"//header[contains(@id ,\"detailManageHO--ObjectPageLayout-headerTitle\")]/div[1]/div[2]/div[1]/div[1]/div[1]/div[2]/div/span"}
RESULT: {"using":"xpath","value":"//header[contains(@id ,\"detailManageHO--ObjectPageLayout-headerTitle\")]/div[1]/div[2]/div[1]/div[1]/div[1]/div[2]/div/span"}
COMMAND: POST /session/fe219389c4a652ed804fe0697356972e/execute/sync - {"script":"<script> [56 bytes]","args":[{"element-6066-11e4-a52e-4f735466cecf":"f.AE569C338F7BE8C487FB69BDD94B5641.d.B3503877C79FB020EEE97697C9353064.e.33229","ELEMENT":"f.AE569C338F7BE8C487FB69BDD94B5641.d.B3503877C79FB020EEE97697C9353064.e.33229"}]}
RESULT: {"script":"<script> [56 bytes]","args":[{"element-6066-11e4-a52e-4f735466cecf":"f.AE569C338F7BE8C487FB69BDD94B5641.d.B3503877C79FB020EEE97697C9353064.e.33229","ELEMENT":"f.AE569C338F7BE8C487FB69BDD94B5641.d.B3503877C79FB020EEE97697C9353064.e.33229"}]}
COMMAND: GET /session/fe219389c4a652ed804fe0697356972e/screenshot - {}
RESULT: {}
COMMAND: DELETE /session/fe219389c4a652ed804fe0697356972e - {}
RESULT: {}
]]></system-out>
    </testcase>
  </testsuite>
</testsuites>