<?xml version="1.0" encoding="UTF-8"?>
<testsuites tests="24" failures="0" errors="0" skipped="0">
  <testsuite timestamp="2025-04-13T15:36:51" time="640.482" tests="5" failures="0" errors="0" skipped="0">
    <properties>
      <property name="specId" value="0"/>
      <property name="suiteName" value="Manage Requests Tags Tests US120163"/>
      <property name="capabilities" value="chrome.135_0_7049_42.windows"/>
      <property name="file" value="file:///D:/a/1/s/test/specs/R2C/create-request-Tags.spec.js"/>
    </properties>
    <testcase classname="chrome.135_0_7049_42.windows.Manage_Requests_Tags_Tests_US120163" name="Should create a new yard" time="139.204">
      <system-out><![CDATA[
COMMAND: POST /session/5c358710dd67d6f9b9172afd6139f77d/execute/async - {"script":"<script> [1562 bytes]","args":[{"selector":{"controlType":"sap.m.GenericTile","properties":{"header":"Manage Yards"}},"wdio_ui5_key":"sapm.GenericTile{\"header\":\"Manage Yards\"}"}]}
RESULT: {"script":"<script> [1562 bytes]","args":[{"selector":{"controlType":"sap.m.GenericTile","properties":{"header":"Manage Yards"}},"wdio_ui5_key":"sapm.GenericTile{\"header\":\"Manage Yards\"}"}]}
RESULT: undefined
COMMAND: POST /session/5c358710dd67d6f9b9172afd6139f77d/element - {"using":"xpath","value":"//*[@id=\"__tile41\"]"}
RESULT: {"using":"xpath","value":"//*[@id=\"__tile41\"]"}
COMMAND: POST /session/5c358710dd67d6f9b9172afd6139f77d/element/f.25FA1F70EC8D54F37F57A975E3D7688B.d.B433CA9A9ECCCD60B76B41DA9682C11B.e.127/click - {}
RESULT: {}
COMMAND: GET /session/5c358710dd67d6f9b9172afd6139f77d/screenshot - {}
RESULT: {}
COMMAND: POST /session/5c358710dd67d6f9b9172afd6139f77d/execute/async - {"script":"<script> [1562 bytes]","args":[{"selector":{"controlType":"sap.ui.core.Icon","viewName":"etm.portal.ui.manageyards.view.Master","viewId":"application-manageyards-display-component---masterYard","properties":{"src":{"regex":{"source":"add"}}}},"wdio_ui5_key":"etmportal.ui.manageyards.view.Mastersap.ui.core.Icon{\"src\":{\"regex\":{\"source\":\"add\"}}}"}]}
RESULT: {"script":"<script> [1562 bytes]","args":[{"selector":{"controlType":"sap.ui.core.Icon","viewName":"etm.portal.ui.manageyards.view.Master","viewId":"application-manageyards-display-component---masterYard","properties":{"src":{"regex":{"source":"add"}}}},"wdio_ui5_key":"etmportal.ui.manageyards.view.Mastersap.ui.core.Icon{\"src\":{\"regex\":{\"source\":\"add\"}}}"}]}
RESULT: undefined
COMMAND: POST /session/5c358710dd67d6f9b9172afd6139f77d/element - {"using":"xpath","value":"//*[@id=\"__button4-img\"]"}
RESULT: {"using":"xpath","value":"//*[@id=\"__button4-img\"]"}
COMMAND: POST /session/5c358710dd67d6f9b9172afd6139f77d/element/f.25FA1F70EC8D54F37F57A975E3D7688B.d.B433CA9A9ECCCD60B76B41DA9682C11B.e.174/click - {}
RESULT: {}
COMMAND: GET /session/5c358710dd67d6f9b9172afd6139f77d/screenshot - {}
RESULT: {}
COMMAND: POST /session/5c358710dd67d6f9b9172afd6139f77d/execute/async - {"script":"<script> [1562 bytes]","args":[{"selector":{"id":"application-manageyards-display-component---NewYard--yardId","interaction":{"idSuffix":"inner"}},"wdio_ui5_key":"applicationmanageyards-display-component---NewYard--yardId"}]}
RESULT: {"script":"<script> [1562 bytes]","args":[{"selector":{"id":"application-manageyards-display-component---NewYard--yardId","interaction":{"idSuffix":"inner"}},"wdio_ui5_key":"applicationmanageyards-display-component---NewYard--yardId"}]}
RESULT: undefined
COMMAND: POST /session/5c358710dd67d6f9b9172afd6139f77d/element - {"using":"xpath","value":"//*[@id=\"application-manageyards-display-component---NewYard--addressDetailDetailsName1-inner\"]"}
RESULT: {"using":"xpath","value":"//*[@id=\"application-manageyards-display-component---NewYard--addressDetailDetailsName1-inner\"]"}
COMMAND: POST /session/5c358710dd67d6f9b9172afd6139f77d/element/f.25FA1F70EC8D54F37F57A975E3D7688B.d.B433CA9A9ECCCD60B76B41DA9682C11B.e.389/clear - {}
RESULT: {}
COMMAND: POST /session/5c358710dd67d6f9b9172afd6139f77d/element/f.25FA1F70EC8D54F37F57A975E3D7688B.d.B433CA9A9ECCCD60B76B41DA9682C11B.e.389/value - {"text":"WebdriverYardcqwm7"}
COMMAND: GET /session/5c358710dd67d6f9b9172afd6139f77d/screenshot - {}
RESULT: {"text":"WebdriverYardcqwm7"}
COMMAND: POST /session/5c358710dd67d6f9b9172afd6139f77d/element - {"using":"xpath","value":"//*[@id=\"application-manageyards-display-component---NewYard--addressDetailDetailsLanguage-inner\"]"}
COMMAND: GET /session/5c358710dd67d6f9b9172afd6139f77d/screenshot - {}
RESULT: {}
RESULT: {"using":"xpath","value":"//*[@id=\"application-manageyards-display-component---NewYard--addressDetailDetailsLanguage-inner\"]"}
COMMAND: POST /session/5c358710dd67d6f9b9172afd6139f77d/element/f.25FA1F70EC8D54F37F57A975E3D7688B.d.B433CA9A9ECCCD60B76B41DA9682C11B.e.390/clear - {}
RESULT: {}
RESULT: {}
COMMAND: POST /session/5c358710dd67d6f9b9172afd6139f77d/element/f.25FA1F70EC8D54F37F57A975E3D7688B.d.B433CA9A9ECCCD60B76B41DA9682C11B.e.390/value - {"text":"Romanian"}
COMMAND: GET /session/5c358710dd67d6f9b9172afd6139f77d/screenshot - {}
RESULT: {"text":"Romanian"}
COMMAND: POST /session/5c358710dd67d6f9b9172afd6139f77d/element - {"using":"xpath","value":"//input[contains(@id ,\"application-manageyards-display-component---NewYard--addressDetailDetailsName1-inner\")]"}
COMMAND: GET /session/5c358710dd67d6f9b9172afd6139f77d/screenshot - {}
RESULT: {}
RESULT: {"using":"xpath","value":"//input[contains(@id ,\"application-manageyards-display-component---NewYard--addressDetailDetailsName1-inner\")]"}
COMMAND: GET /session/5c358710dd67d6f9b9172afd6139f77d/element/f.25FA1F70EC8D54F37F57A975E3D7688B.d.B433CA9A9ECCCD60B76B41DA9682C11B.e.389/property/value - {}
RESULT: {}
RESULT: {}
COMMAND: GET /session/5c358710dd67d6f9b9172afd6139f77d/screenshot - {}
RESULT: {}
COMMAND: POST /session/5c358710dd67d6f9b9172afd6139f77d/element - {"using":"xpath","value":"//*[@id=\"application-manageyards-display-component---NewYard--addressDetailDetailsCity1-inner\"]"}
RESULT: {"using":"xpath","value":"//*[@id=\"application-manageyards-display-component---NewYard--addressDetailDetailsCity1-inner\"]"}
COMMAND: POST /session/5c358710dd67d6f9b9172afd6139f77d/element/f.25FA1F70EC8D54F37F57A975E3D7688B.d.B433CA9A9ECCCD60B76B41DA9682C11B.e.392/clear - {}
RESULT: {}
COMMAND: POST /session/5c358710dd67d6f9b9172afd6139f77d/element/f.25FA1F70EC8D54F37F57A975E3D7688B.d.B433CA9A9ECCCD60B76B41DA9682C11B.e.392/value - {"text":"Bucuresti"}
COMMAND: GET /session/5c358710dd67d6f9b9172afd6139f77d/screenshot - {}
RESULT: {"text":"Bucuresti"}
COMMAND: GET /session/5c358710dd67d6f9b9172afd6139f77d/screenshot - {}
RESULT: {}
RESULT: {}
COMMAND: POST /session/5c358710dd67d6f9b9172afd6139f77d/element - {"using":"xpath","value":"//*[@id=\"application-manageyards-display-component---NewYard--addressDetailDetailsCountry-inner\"]"}
RESULT: {"using":"xpath","value":"//*[@id=\"application-manageyards-display-component---NewYard--addressDetailDetailsCountry-inner\"]"}
COMMAND: POST /session/5c358710dd67d6f9b9172afd6139f77d/element/f.25FA1F70EC8D54F37F57A975E3D7688B.d.B433CA9A9ECCCD60B76B41DA9682C11B.e.396/clear - {}
RESULT: {}
COMMAND: POST /session/5c358710dd67d6f9b9172afd6139f77d/element/f.25FA1F70EC8D54F37F57A975E3D7688B.d.B433CA9A9ECCCD60B76B41DA9682C11B.e.396/value - {"text":"Romania"}
COMMAND: GET /session/5c358710dd67d6f9b9172afd6139f77d/screenshot - {}
RESULT: {"text":"Romania"}
COMMAND: GET /session/5c358710dd67d6f9b9172afd6139f77d/screenshot - {}
RESULT: {}
RESULT: {}
COMMAND: POST /session/5c358710dd67d6f9b9172afd6139f77d/element - {"using":"xpath","value":"//div[contains(text(), \"Commercial\")]"}
RESULT: {"using":"xpath","value":"//div[contains(text(), \"Commercial\")]"}
COMMAND: GET /session/5c358710dd67d6f9b9172afd6139f77d/element/f.25FA1F70EC8D54F37F57A975E3D7688B.d.B433CA9A9ECCCD60B76B41DA9682C11B.e.584/rect - {}
RESULT: {}
COMMAND: GET /session/5c358710dd67d6f9b9172afd6139f77d/window/rect - {}
RESULT: {}
COMMAND: POST /session/5c358710dd67d6f9b9172afd6139f77d/execute/sync - {"script":"<script> [92 bytes]","args":[]}
RESULT: {"script":"<script> [92 bytes]","args":[]}
COMMAND: POST /session/5c358710dd67d6f9b9172afd6139f77d/actions - {"actions":[{"id":"action1","type":"wheel","parameters":{},"actions":[{"type":"scroll","x":-1841,"y":-44,"deltaX":0,"deltaY":0,"duration":0,"origin":{"element-6066-11e4-a52e-4f735466cecf":"f.25FA1F70EC8D54F37F57A975E3D7688B.d.B433CA9A9ECCCD60B76B41DA9682C11B.e.584"}}]}]}
COMMAND: GET /session/5c358710dd67d6f9b9172afd6139f77d/screenshot - {}
RESULT: {}
COMMAND: POST /session/5c358710dd67d6f9b9172afd6139f77d/execute/sync - {"script":"<script> [79 bytes]","args":[{"element-6066-11e4-a52e-4f735466cecf":"f.25FA1F70EC8D54F37F57A975E3D7688B.d.B433CA9A9ECCCD60B76B41DA9682C11B.e.584","ELEMENT":"f.25FA1F70EC8D54F37F57A975E3D7688B.d.B433CA9A9ECCCD60B76B41DA9682C11B.e.584"},{"block":"start","inline":"nearest"}]}
RESULT: {"script":"<script> [79 bytes]","args":[{"element-6066-11e4-a52e-4f735466cecf":"f.25FA1F70EC8D54F37F57A975E3D7688B.d.B433CA9A9ECCCD60B76B41DA9682C11B.e.584","ELEMENT":"f.25FA1F70EC8D54F37F57A975E3D7688B.d.B433CA9A9ECCCD60B76B41DA9682C11B.e.584"},{"block":"start","inline":"nearest"}]}
COMMAND: GET /session/5c358710dd67d6f9b9172afd6139f77d/screenshot - {}
RESULT: {}
COMMAND: POST /session/5c358710dd67d6f9b9172afd6139f77d/execute/async - {"script":"<script> [1562 bytes]","args":[{"selector":{"id":"application-manageyards-display-component---NewYard--addressEditDetailsCostObjectCstType-arrow"},"wdio_ui5_key":"applicationmanageyards-display-component---NewYard--addressEditDetailsCostObjectCstType-arrow"}]}
RESULT: {"script":"<script> [1562 bytes]","args":[{"selector":{"id":"application-manageyards-display-component---NewYard--addressEditDetailsCostObjectCstType-arrow"},"wdio_ui5_key":"applicationmanageyards-display-component---NewYard--addressEditDetailsCostObjectCstType-arrow"}]}
RESULT: undefined
COMMAND: POST /session/5c358710dd67d6f9b9172afd6139f77d/element - {"using":"xpath","value":"//*[@id=\"application-manageyards-display-component---NewYard--addressEditDetailsCostObjectCstType-arrow\"]"}
RESULT: {"using":"xpath","value":"//*[@id=\"application-manageyards-display-component---NewYard--addressEditDetailsCostObjectCstType-arrow\"]"}
COMMAND: POST /session/5c358710dd67d6f9b9172afd6139f77d/element/f.25FA1F70EC8D54F37F57A975E3D7688B.d.B433CA9A9ECCCD60B76B41DA9682C11B.e.593/click - {}
RESULT: {}
COMMAND: POST /session/5c358710dd67d6f9b9172afd6139f77d/element - {"using":"xpath","value":"//span[contains(text(), \"Cost Center\")]"}
COMMAND: GET /session/5c358710dd67d6f9b9172afd6139f77d/screenshot - {}
RESULT: {"using":"xpath","value":"//span[contains(text(), \"Cost Center\")]"}
COMMAND: POST /session/5c358710dd67d6f9b9172afd6139f77d/element/f.25FA1F70EC8D54F37F57A975E3D7688B.d.B433CA9A9ECCCD60B76B41DA9682C11B.e.594/click - {}
RESULT: {}
RESULT: {}
COMMAND: GET /session/5c358710dd67d6f9b9172afd6139f77d/screenshot - {}
RESULT: {}
COMMAND: POST /session/5c358710dd67d6f9b9172afd6139f77d/execute/async - {"script":"<script> [1562 bytes]","args":[{"selector":{"id":"application-manageyards-display-component---NewYard--addressNewCostObjectCstID-vhi"},"wdio_ui5_key":"applicationmanageyards-display-component---NewYard--addressNewCostObjectCstID-vhi"}]}
RESULT: {"script":"<script> [1562 bytes]","args":[{"selector":{"id":"application-manageyards-display-component---NewYard--addressNewCostObjectCstID-vhi"},"wdio_ui5_key":"applicationmanageyards-display-component---NewYard--addressNewCostObjectCstID-vhi"}]}
RESULT: undefined
COMMAND: POST /session/5c358710dd67d6f9b9172afd6139f77d/element - {"using":"xpath","value":"//*[@id=\"application-manageyards-display-component---NewYard--addressNewCostObjectCstID-vhi\"]"}
RESULT: {"using":"xpath","value":"//*[@id=\"application-manageyards-display-component---NewYard--addressNewCostObjectCstID-vhi\"]"}
COMMAND: POST /session/5c358710dd67d6f9b9172afd6139f77d/element/f.25FA1F70EC8D54F37F57A975E3D7688B.d.B433CA9A9ECCCD60B76B41DA9682C11B.e.608/click - {}
RESULT: {}
COMMAND: GET /session/5c358710dd67d6f9b9172afd6139f77d/screenshot - {}
RESULT: {}
COMMAND: POST /session/5c358710dd67d6f9b9172afd6139f77d/execute/async - {"script":"<script> [1562 bytes]","args":[{"selector":{"controlType":"sap.m.SearchField","properties":{"placeholder":"Search"},"searchOpenDialogs":true,"interaction":{"idSuffix":"I"}},"wdio_ui5_key":"sapm.SearchField{\"placeholder\":\"Search\"}"}]}
RESULT: {"script":"<script> [1562 bytes]","args":[{"selector":{"controlType":"sap.m.SearchField","properties":{"placeholder":"Search"},"searchOpenDialogs":true,"interaction":{"idSuffix":"I"}},"wdio_ui5_key":"sapm.SearchField{\"placeholder\":\"Search\"}"}]}
RESULT: undefined
COMMAND: POST /session/5c358710dd67d6f9b9172afd6139f77d/execute/async - {"script":"<script> [776 bytes]","args":[{"enterText":"10001013","selector":{"controlType":"sap.m.SearchField","properties":{"placeholder":"Search"},"searchOpenDialogs":true,"interaction":{"idSuffix":"I"}},"clearTextFirst":true,"interactionType":"ENTER_TEXT"}]}
RESULT: {"script":"<script> [776 bytes]","args":[{"enterText":"10001013","selector":{"controlType":"sap.m.SearchField","properties":{"placeholder":"Search"},"searchOpenDialogs":true,"interaction":{"idSuffix":"I"}},"clearTextFirst":true,"interactionType":"ENTER_TEXT"}]}
COMMAND: POST /session/5c358710dd67d6f9b9172afd6139f77d/actions - {"actions":[{"id":"action2","type":"key","parameters":{},"actions":[{"type":"keyDown","value":""},{"type":"pause","duration":10},{"type":"keyUp","value":""}]}]}
RESULT: {"actions":[{"id":"action2","type":"key","parameters":{},"actions":[{"type":"keyDown","value":""},{"type":"pause","duration":10},{"type":"keyUp","value":""}]}]}
COMMAND: GET /session/5c358710dd67d6f9b9172afd6139f77d/screenshot - {}
RESULT: {}
COMMAND: POST /session/5c358710dd67d6f9b9172afd6139f77d/element - {"using":"xpath","value":"//span[contains(text(), \"General Management\")]"}
RESULT: {"using":"xpath","value":"//span[contains(text(), \"General Management\")]"}
COMMAND: POST /session/5c358710dd67d6f9b9172afd6139f77d/element/f.25FA1F70EC8D54F37F57A975E3D7688B.d.B433CA9A9ECCCD60B76B41DA9682C11B.e.649/click - {}
RESULT: {}
COMMAND: GET /session/5c358710dd67d6f9b9172afd6139f77d/screenshot - {}
RESULT: {}
COMMAND: POST /session/5c358710dd67d6f9b9172afd6139f77d/element - {"using":"xpath","value":"//bdi[contains(text(), \"OK\")]"}
RESULT: {"using":"xpath","value":"//bdi[contains(text(), \"OK\")]"}
COMMAND: POST /session/5c358710dd67d6f9b9172afd6139f77d/element/f.25FA1F70EC8D54F37F57A975E3D7688B.d.B433CA9A9ECCCD60B76B41DA9682C11B.e.650/click - {}
RESULT: {}
COMMAND: GET /session/5c358710dd67d6f9b9172afd6139f77d/screenshot - {}
RESULT: {}
COMMAND: POST /session/5c358710dd67d6f9b9172afd6139f77d/execute/async - {"script":"<script> [1562 bytes]","args":[{"selector":{"controlType":"sap.m.Button","viewName":"etm.portal.ui.manageyards.view.New","viewId":"application-manageyards-display-component---NewYard","i18NText":{"propertyName":"text","key":"save"},"interaction":{"idSuffix":"inner"}},"wdio_ui5_key":"etmportal.ui.manageyards.view.Newsap.m.Button{\"propertyName\":\"text\",\"key\":\"save\"}"}]}
RESULT: {"script":"<script> [1562 bytes]","args":[{"selector":{"controlType":"sap.m.Button","viewName":"etm.portal.ui.manageyards.view.New","viewId":"application-manageyards-display-component---NewYard","i18NText":{"propertyName":"text","key":"save"},"interaction":{"idSuffix":"inner"}},"wdio_ui5_key":"etmportal.ui.manageyards.view.Newsap.m.Button{\"propertyName\":\"text\",\"key\":\"save\"}"}]}
RESULT: undefined
COMMAND: POST /session/5c358710dd67d6f9b9172afd6139f77d/element - {"using":"xpath","value":"//*[@id=\"__button18\"]"}
RESULT: {"using":"xpath","value":"//*[@id=\"__button18\"]"}
COMMAND: POST /session/5c358710dd67d6f9b9172afd6139f77d/element/f.25FA1F70EC8D54F37F57A975E3D7688B.d.B433CA9A9ECCCD60B76B41DA9682C11B.e.564/click - {}
RESULT: {}
COMMAND: GET /session/5c358710dd67d6f9b9172afd6139f77d/screenshot - {}
RESULT: {}
COMMAND: POST /session/5c358710dd67d6f9b9172afd6139f77d/element - {"using":"xpath","value":"//header/div/div[2]/div[2]/span"}
RESULT: {"using":"xpath","value":"//header/div/div[2]/div[2]/span"}
COMMAND: GET /session/5c358710dd67d6f9b9172afd6139f77d/element/f.25FA1F70EC8D54F37F57A975E3D7688B.d.B433CA9A9ECCCD60B76B41DA9682C11B.e.847/text - {}
RESULT: {}
COMMAND: POST /session/5c358710dd67d6f9b9172afd6139f77d/execute/async - {"script":"<script> [1562 bytes]","args":[{"selector":{"controlType":"sap.m.OverflowToolbarButton","viewName":"etm.portal.ui.manageyards.view.Detail","viewId":"application-manageyards-display-component---detailYard","i18NText":{"propertyName":"tooltip","key":"closeColumn"},"interaction":{"idSuffix":"inner"}},"wdio_ui5_key":"etmportal.ui.manageyards.view.Detailsap.m.OverflowToolbarButton{\"propertyName\":\"tooltip\",\"key\":\"closeColumn\"}"}]}
RESULT: {"script":"<script> [1562 bytes]","args":[{"selector":{"controlType":"sap.m.OverflowToolbarButton","viewName":"etm.portal.ui.manageyards.view.Detail","viewId":"application-manageyards-display-component---detailYard","i18NText":{"propertyName":"tooltip","key":"closeColumn"},"interaction":{"idSuffix":"inner"}},"wdio_ui5_key":"etmportal.ui.manageyards.view.Detailsap.m.OverflowToolbarButton{\"propertyName\":\"tooltip\",\"key\":\"closeColumn\"}"}]}
RESULT: undefined
COMMAND: POST /session/5c358710dd67d6f9b9172afd6139f77d/element - {"using":"xpath","value":"//*[@id=\"__button42\"]"}
RESULT: {"using":"xpath","value":"//*[@id=\"__button42\"]"}
COMMAND: POST /session/5c358710dd67d6f9b9172afd6139f77d/element/f.25FA1F70EC8D54F37F57A975E3D7688B.d.B433CA9A9ECCCD60B76B41DA9682C11B.e.849/click - {}
RESULT: {}
COMMAND: GET /session/5c358710dd67d6f9b9172afd6139f77d/screenshot - {}
RESULT: {}
COMMAND: POST /session/5c358710dd67d6f9b9172afd6139f77d/element - {"using":"css selector","value":"#shell-header-logo"}
RESULT: {"using":"css selector","value":"#shell-header-logo"}
COMMAND: POST /session/5c358710dd67d6f9b9172afd6139f77d/element/f.25FA1F70EC8D54F37F57A975E3D7688B.d.B433CA9A9ECCCD60B76B41DA9682C11B.e.130/click - {}
RESULT: {}
COMMAND: GET /session/5c358710dd67d6f9b9172afd6139f77d/screenshot - {}
RESULT: {}
COMMAND: POST /session/5c358710dd67d6f9b9172afd6139f77d/refresh - {}
RESULT: {}
COMMAND: GET /session/5c358710dd67d6f9b9172afd6139f77d/screenshot - {}
RESULT: {}
COMMAND: POST /session/5c358710dd67d6f9b9172afd6139f77d/execute/async - {"script":"<script> [189 bytes]","args":[]}
RESULT: {"script":"<script> [189 bytes]","args":[]}
COMMAND: POST /session/5c358710dd67d6f9b9172afd6139f77d/execute/async - {"script":"<script> [123 bytes]","args":[]}
RESULT: {"script":"<script> [123 bytes]","args":[]}
COMMAND: POST /session/5c358710dd67d6f9b9172afd6139f77d/timeouts - {"script":"<number>"}
RESULT: {"script":"<number>"}
COMMAND: GET /session/5c358710dd67d6f9b9172afd6139f77d/timeouts - {}
RESULT: {}
RESULT: undefined
COMMAND: POST /session/5c358710dd67d6f9b9172afd6139f77d/execute/async - {"script":"<script> [2676 bytes]","args":[]}
RESULT: {"script":"<script> [2676 bytes]","args":[]}
COMMAND: POST /session/5c358710dd67d6f9b9172afd6139f77d/execute/async - {"script":"<script> [2342 bytes]","args":[{"protocol":"http","hostname":"0.0.0.0","path":"/","capabilities":{"browserName":"chrome","goog:chromeOptions":{"binary":"C:\\Program Files\\Google\\Chrome\\Application\\chrome.exe"}},"logLevel":"warn","connectionRetryTimeout":120000,"connectionRetryCount":3,"logLevels":{},"enableDirectConnect":true,"strictSSL":true,"_":"65 more keys: [\"cacheDir\",\"port\",\"requestedCapabilities\",\"automationProtocol\",\"baseUrl\",\"waitforInterval\",\"waitforTimeout\",\"onReload\",\"beforeCommand\",\"afterCommand\",\"rootDir\",\"specs\",\"suites\",\"exclude\",\"groupLogsByTestSpec\",\"excludeDriverLogs\",\"bail\",\"framework\",\"reporters\",\"services\",\"maxInstances\",\"maxInstancesPerCapability\",\"injectGlobals\",\"filesToWatch\",\"execArgv\",\"runnerEnv\",\"runner\",\"shard\",\"specFileRetries\",\"specFileRetriesDelay\",\"specFileRetriesDeferred\",\"reporterSyncInterval\",\"reporterSyncTimeout\",\"cucumberFeaturesWithLineNumbers\",\"autoCompileOpts\",\"mochaOpts\",\"jasmineOpts\",\"cucumberOpts\",\"onPrepare\",\"onWorkerStart\",\"onWorkerEnd\",\"before\",\"beforeSession\",\"beforeSuite\",\"beforeHook\",\"beforeTest\",\"afterTest\",\"afterHook\",\"afterSuite\",\"afterSession\",\"after\",\"onComplete\",\"beforeAssertion\",\"afterAssertion\",\"beforeFeature\",\"beforeScenario\",\"beforeStep\",\"afterStep\",\"afterScenario\",\"afterFeature\",\"_\",\"suite\",\"$0\",\"ignoredWorkerServices\",\"wdi5\"]"}]}
RESULT: {"script":"<script> [2342 bytes]","args":[{"protocol":"http","hostname":"0.0.0.0","path":"/","capabilities":{"browserName":"chrome","goog:chromeOptions":{"binary":"C:\\Program Files\\Google\\Chrome\\Application\\chrome.exe"}},"logLevel":"warn","connectionRetryTimeout":120000,"connectionRetryCount":3,"logLevels":{},"enableDirectConnect":true,"strictSSL":true,"_":"65 more keys: [\"cacheDir\",\"port\",\"requestedCapabilities\",\"automationProtocol\",\"baseUrl\",\"waitforInterval\",\"waitforTimeout\",\"onReload\",\"beforeCommand\",\"afterCommand\",\"rootDir\",\"specs\",\"suites\",\"exclude\",\"groupLogsByTestSpec\",\"excludeDriverLogs\",\"bail\",\"framework\",\"reporters\",\"services\",\"maxInstances\",\"maxInstancesPerCapability\",\"injectGlobals\",\"filesToWatch\",\"execArgv\",\"runnerEnv\",\"runner\",\"shard\",\"specFileRetries\",\"specFileRetriesDelay\",\"specFileRetriesDeferred\",\"reporterSyncInterval\",\"reporterSyncTimeout\",\"cucumberFeaturesWithLineNumbers\",\"autoCompileOpts\",\"mochaOpts\",\"jasmineOpts\",\"cucumberOpts\",\"onPrepare\",\"onWorkerStart\",\"onWorkerEnd\",\"before\",\"beforeSession\",\"beforeSuite\",\"beforeHook\",\"beforeTest\",\"afterTest\",\"afterHook\",\"afterSuite\",\"afterSession\",\"after\",\"onComplete\",\"beforeAssertion\",\"afterAssertion\",\"beforeFeature\",\"beforeScenario\",\"beforeStep\",\"afterStep\",\"afterScenario\",\"afterFeature\",\"_\",\"suite\",\"$0\",\"ignoredWorkerServices\",\"wdi5\"]"}]}
COMMAND: POST /session/5c358710dd67d6f9b9172afd6139f77d/execute/async - {"script":"<script> [21126 bytes]","args":[35000]}
RESULT: {"script":"<script> [21126 bytes]","args":[35000]}
]]></system-out>
    </testcase>
    <testcase classname="chrome.135_0_7049_42.windows.Manage_Requests_Tags_Tests_US120163" name="Should create a new partner" time="81.769">
      <system-out><![CDATA[
COMMAND: POST /session/5c358710dd67d6f9b9172afd6139f77d/execute/async - {"script":"<script> [1562 bytes]","args":[{"selector":{"controlType":"sap.m.GenericTile","properties":{"header":"Manage Partners"}},"wdio_ui5_key":"sapm.GenericTile{\"header\":\"Manage Partners\"}"}]}
RESULT: {"script":"<script> [1562 bytes]","args":[{"selector":{"controlType":"sap.m.GenericTile","properties":{"header":"Manage Partners"}},"wdio_ui5_key":"sapm.GenericTile{\"header\":\"Manage Partners\"}"}]}
RESULT: undefined
COMMAND: POST /session/5c358710dd67d6f9b9172afd6139f77d/element - {"using":"xpath","value":"//*[@id=\"__tile38\"]"}
RESULT: {"using":"xpath","value":"//*[@id=\"__tile38\"]"}
COMMAND: POST /session/5c358710dd67d6f9b9172afd6139f77d/element/f.25FA1F70EC8D54F37F57A975E3D7688B.d.8794AF5A43FE6F7E097853BE6E1B397A.e.1205/click - {}
RESULT: {}
COMMAND: GET /session/5c358710dd67d6f9b9172afd6139f77d/screenshot - {}
RESULT: {}
COMMAND: POST /session/5c358710dd67d6f9b9172afd6139f77d/execute/async - {"script":"<script> [1562 bytes]","args":[{"selector":{"controlType":"sap.ui.core.Icon","viewName":"etm.portal.ui.managepartners.view.Master","viewId":"application-managepartners-display-component---masterPtm","properties":{"src":{"regex":{"source":"add"}}}},"wdio_ui5_key":"etmportal.ui.managepartners.view.Mastersap.ui.core.Icon{\"src\":{\"regex\":{\"source\":\"add\"}}}"}]}
RESULT: {"script":"<script> [1562 bytes]","args":[{"selector":{"controlType":"sap.ui.core.Icon","viewName":"etm.portal.ui.managepartners.view.Master","viewId":"application-managepartners-display-component---masterPtm","properties":{"src":{"regex":{"source":"add"}}}},"wdio_ui5_key":"etmportal.ui.managepartners.view.Mastersap.ui.core.Icon{\"src\":{\"regex\":{\"source\":\"add\"}}}"}]}
RESULT: undefined
COMMAND: POST /session/5c358710dd67d6f9b9172afd6139f77d/element - {"using":"xpath","value":"//*[@id=\"__button4-img\"]"}
RESULT: {"using":"xpath","value":"//*[@id=\"__button4-img\"]"}
COMMAND: POST /session/5c358710dd67d6f9b9172afd6139f77d/element/f.25FA1F70EC8D54F37F57A975E3D7688B.d.8794AF5A43FE6F7E097853BE6E1B397A.e.1257/click - {}
RESULT: {}
COMMAND: GET /session/5c358710dd67d6f9b9172afd6139f77d/screenshot - {}
COMMAND: POST /session/5c358710dd67d6f9b9172afd6139f77d/execute/async - {"script":"<script> [1562 bytes]","args":[{"selector":{"id":"application-managepartners-display-component---NewPartner--partnerId","interaction":{"idSuffix":"inner"}},"wdio_ui5_key":"applicationmanagepartners-display-component---NewPartner--partnerId"}]}
RESULT: {}
RESULT: {"script":"<script> [1562 bytes]","args":[{"selector":{"id":"application-managepartners-display-component---NewPartner--partnerId","interaction":{"idSuffix":"inner"}},"wdio_ui5_key":"applicationmanagepartners-display-component---NewPartner--partnerId"}]}
RESULT: undefined
COMMAND: POST /session/5c358710dd67d6f9b9172afd6139f77d/execute/async - {"script":"<script> [1562 bytes]","args":[{"selector":{"id":"application-managepartners-display-component---NewPartner--addressDetailDetailsName1","interaction":{"idSuffix":"inner"}},"wdio_ui5_key":"applicationmanagepartners-display-component---NewPartner--addressDetailDetailsName1"}]}
RESULT: {"script":"<script> [1562 bytes]","args":[{"selector":{"id":"application-managepartners-display-component---NewPartner--addressDetailDetailsName1","interaction":{"idSuffix":"inner"}},"wdio_ui5_key":"applicationmanagepartners-display-component---NewPartner--addressDetailDetailsName1"}]}
RESULT: undefined
COMMAND: POST /session/5c358710dd67d6f9b9172afd6139f77d/execute/async - {"script":"<script> [776 bytes]","args":[{"enterText":"WebdriverPartnersgf22","selector":{"id":"application-managepartners-display-component---NewPartner--addressDetailDetailsName1","interaction":{"idSuffix":"inner"}},"clearTextFirst":true,"interactionType":"ENTER_TEXT"}]}
RESULT: {"script":"<script> [776 bytes]","args":[{"enterText":"WebdriverPartnersgf22","selector":{"id":"application-managepartners-display-component---NewPartner--addressDetailDetailsName1","interaction":{"idSuffix":"inner"}},"clearTextFirst":true,"interactionType":"ENTER_TEXT"}]}
COMMAND: POST /session/5c358710dd67d6f9b9172afd6139f77d/execute/async - {"script":"<script> [1562 bytes]","args":[{"selector":{"id":"application-managepartners-display-component---NewPartner--addressDetailDetailsLanguage","interaction":{"idSuffix":"inner"}},"wdio_ui5_key":"applicationmanagepartners-display-component---NewPartner--addressDetailDetailsLanguage"}]}
RESULT: {"script":"<script> [1562 bytes]","args":[{"selector":{"id":"application-managepartners-display-component---NewPartner--addressDetailDetailsLanguage","interaction":{"idSuffix":"inner"}},"wdio_ui5_key":"applicationmanagepartners-display-component---NewPartner--addressDetailDetailsLanguage"}]}
RESULT: undefined
COMMAND: POST /session/5c358710dd67d6f9b9172afd6139f77d/execute/async - {"script":"<script> [776 bytes]","args":[{"enterText":"Romanian","selector":{"id":"application-managepartners-display-component---NewPartner--addressDetailDetailsLanguage","interaction":{"idSuffix":"inner"}},"clearTextFirst":true,"interactionType":"ENTER_TEXT"}]}
RESULT: {"script":"<script> [776 bytes]","args":[{"enterText":"Romanian","selector":{"id":"application-managepartners-display-component---NewPartner--addressDetailDetailsLanguage","interaction":{"idSuffix":"inner"}},"clearTextFirst":true,"interactionType":"ENTER_TEXT"}]}
COMMAND: POST /session/5c358710dd67d6f9b9172afd6139f77d/element - {"using":"xpath","value":"//input[contains(@id ,\"application-managepartners-display-component---NewPartner--addressDetailDetailsName1-inner\")]"}
RESULT: {"using":"xpath","value":"//input[contains(@id ,\"application-managepartners-display-component---NewPartner--addressDetailDetailsName1-inner\")]"}
COMMAND: GET /session/5c358710dd67d6f9b9172afd6139f77d/element/f.25FA1F70EC8D54F37F57A975E3D7688B.d.8794AF5A43FE6F7E097853BE6E1B397A.e.1462/property/value - {}
RESULT: {}
COMMAND: POST /session/5c358710dd67d6f9b9172afd6139f77d/execute/async - {"script":"<script> [1562 bytes]","args":[{"selector":{"id":"application-managepartners-display-component---NewPartner--addressDetailDetailsCity1","interaction":{"idSuffix":"inner"}},"wdio_ui5_key":"applicationmanagepartners-display-component---NewPartner--addressDetailDetailsCity1"}]}
COMMAND: GET /session/5c358710dd67d6f9b9172afd6139f77d/screenshot - {}
RESULT: {"script":"<script> [1562 bytes]","args":[{"selector":{"id":"application-managepartners-display-component---NewPartner--addressDetailDetailsCity1","interaction":{"idSuffix":"inner"}},"wdio_ui5_key":"applicationmanagepartners-display-component---NewPartner--addressDetailDetailsCity1"}]}
RESULT: undefined
COMMAND: POST /session/5c358710dd67d6f9b9172afd6139f77d/execute/async - {"script":"<script> [776 bytes]","args":[{"enterText":"Bucharest","selector":{"id":"application-managepartners-display-component---NewPartner--addressDetailDetailsCity1","interaction":{"idSuffix":"inner"}},"clearTextFirst":true,"interactionType":"ENTER_TEXT"}]}
RESULT: {}
RESULT: {"script":"<script> [776 bytes]","args":[{"enterText":"Bucharest","selector":{"id":"application-managepartners-display-component---NewPartner--addressDetailDetailsCity1","interaction":{"idSuffix":"inner"}},"clearTextFirst":true,"interactionType":"ENTER_TEXT"}]}
COMMAND: POST /session/5c358710dd67d6f9b9172afd6139f77d/execute/async - {"script":"<script> [1562 bytes]","args":[{"selector":{"id":"application-managepartners-display-component---NewPartner--addressDetailDetailsCountry","interaction":{"idSuffix":"inner"}},"wdio_ui5_key":"applicationmanagepartners-display-component---NewPartner--addressDetailDetailsCountry"}]}
RESULT: {"script":"<script> [1562 bytes]","args":[{"selector":{"id":"application-managepartners-display-component---NewPartner--addressDetailDetailsCountry","interaction":{"idSuffix":"inner"}},"wdio_ui5_key":"applicationmanagepartners-display-component---NewPartner--addressDetailDetailsCountry"}]}
RESULT: undefined
COMMAND: POST /session/5c358710dd67d6f9b9172afd6139f77d/execute/async - {"script":"<script> [6424 bytes]","args":[{"element-6066-11e4-a52e-4f735466cecf":"f.25FA1F70EC8D54F37F57A975E3D7688B.d.8794AF5A43FE6F7E097853BE6E1B397A.e.1469"},"setValue",["Romania"]]}
RESULT: {"script":"<script> [6424 bytes]","args":[{"element-6066-11e4-a52e-4f735466cecf":"f.25FA1F70EC8D54F37F57A975E3D7688B.d.8794AF5A43FE6F7E097853BE6E1B397A.e.1469"},"setValue",["Romania"]]}
COMMAND: POST /session/5c358710dd67d6f9b9172afd6139f77d/execute/async - {"script":"<script> [1562 bytes]","args":[{"selector":{"id":"application-managepartners-display-component---NewPartner--partnerDetailInternal","interaction":{"idSuffix":"inner"}},"wdio_ui5_key":"applicationmanagepartners-display-component---NewPartner--partnerDetailInternal"}]}
RESULT: {"script":"<script> [1562 bytes]","args":[{"selector":{"id":"application-managepartners-display-component---NewPartner--partnerDetailInternal","interaction":{"idSuffix":"inner"}},"wdio_ui5_key":"applicationmanagepartners-display-component---NewPartner--partnerDetailInternal"}]}
RESULT: undefined
COMMAND: POST /session/5c358710dd67d6f9b9172afd6139f77d/execute/async - {"script":"<script> [776 bytes]","args":[{"enterText":"External partner","selector":{"id":"application-managepartners-display-component---NewPartner--partnerDetailInternal","interaction":{"idSuffix":"inner"}},"clearTextFirst":true,"interactionType":"ENTER_TEXT"}]}
RESULT: {"script":"<script> [776 bytes]","args":[{"enterText":"External partner","selector":{"id":"application-managepartners-display-component---NewPartner--partnerDetailInternal","interaction":{"idSuffix":"inner"}},"clearTextFirst":true,"interactionType":"ENTER_TEXT"}]}
COMMAND: POST /session/5c358710dd67d6f9b9172afd6139f77d/execute/async - {"script":"<script> [1562 bytes]","args":[{"selector":{"id":"application-managepartners-display-component---NewPartner--partnerDetailsCurrency","interaction":{"idSuffix":"inner"}},"wdio_ui5_key":"applicationmanagepartners-display-component---NewPartner--partnerDetailsCurrency"}]}
RESULT: {"script":"<script> [1562 bytes]","args":[{"selector":{"id":"application-managepartners-display-component---NewPartner--partnerDetailsCurrency","interaction":{"idSuffix":"inner"}},"wdio_ui5_key":"applicationmanagepartners-display-component---NewPartner--partnerDetailsCurrency"}]}
RESULT: undefined
COMMAND: POST /session/5c358710dd67d6f9b9172afd6139f77d/execute/async - {"script":"<script> [776 bytes]","args":[{"enterText":"Euro","selector":{"id":"application-managepartners-display-component---NewPartner--partnerDetailsCurrency","interaction":{"idSuffix":"inner"}},"clearTextFirst":true,"interactionType":"ENTER_TEXT"}]}
RESULT: {"script":"<script> [776 bytes]","args":[{"enterText":"Euro","selector":{"id":"application-managepartners-display-component---NewPartner--partnerDetailsCurrency","interaction":{"idSuffix":"inner"}},"clearTextFirst":true,"interactionType":"ENTER_TEXT"}]}
COMMAND: POST /session/5c358710dd67d6f9b9172afd6139f77d/execute/async - {"script":"<script> [1562 bytes]","args":[{"selector":{"controlType":"sap.m.Button","viewName":"etm.portal.ui.managepartners.view.NewPartner","viewId":"application-managepartners-display-component---NewPartner","properties":{"text":"Commercial"},"interaction":{"idSuffix":"BDI-content"}},"wdio_ui5_key":"etmportal.ui.managepartners.view.NewPartnersap.m.Button{\"text\":\"Commercial\"}"}]}
RESULT: {"script":"<script> [1562 bytes]","args":[{"selector":{"controlType":"sap.m.Button","viewName":"etm.portal.ui.managepartners.view.NewPartner","viewId":"application-managepartners-display-component---NewPartner","properties":{"text":"Commercial"},"interaction":{"idSuffix":"BDI-content"}},"wdio_ui5_key":"etmportal.ui.managepartners.view.NewPartnersap.m.Button{\"text\":\"Commercial\"}"}]}
RESULT: undefined
COMMAND: POST /session/5c358710dd67d6f9b9172afd6139f77d/element - {"using":"xpath","value":"//*[@id=\"application-managepartners-display-component---NewPartner--ObjectPageLayout-anchBar-__section5-anchor\"]"}
RESULT: {"using":"xpath","value":"//*[@id=\"application-managepartners-display-component---NewPartner--ObjectPageLayout-anchBar-__section5-anchor\"]"}
COMMAND: POST /session/5c358710dd67d6f9b9172afd6139f77d/element/f.25FA1F70EC8D54F37F57A975E3D7688B.d.8794AF5A43FE6F7E097853BE6E1B397A.e.1673/click - {}
RESULT: {}
COMMAND: GET /session/5c358710dd67d6f9b9172afd6139f77d/screenshot - {}
RESULT: {}
COMMAND: POST /session/5c358710dd67d6f9b9172afd6139f77d/execute/async - {"script":"<script> [1562 bytes]","args":[{"selector":{"id":"application-managepartners-display-component---NewPartner--btnAddTableRow-img"},"wdio_ui5_key":"applicationmanagepartners-display-component---NewPartner--btnAddTableRow-img"}]}
RESULT: {"script":"<script> [1562 bytes]","args":[{"selector":{"id":"application-managepartners-display-component---NewPartner--btnAddTableRow-img"},"wdio_ui5_key":"applicationmanagepartners-display-component---NewPartner--btnAddTableRow-img"}]}
RESULT: undefined
COMMAND: POST /session/5c358710dd67d6f9b9172afd6139f77d/element - {"using":"xpath","value":"//*[@id=\"application-managepartners-display-component---NewPartner--btnAddTableRow-img\"]"}
RESULT: {"using":"xpath","value":"//*[@id=\"application-managepartners-display-component---NewPartner--btnAddTableRow-img\"]"}
COMMAND: POST /session/5c358710dd67d6f9b9172afd6139f77d/element/f.25FA1F70EC8D54F37F57A975E3D7688B.d.8794AF5A43FE6F7E097853BE6E1B397A.e.1679/click - {}
RESULT: {}
COMMAND: POST /session/5c358710dd67d6f9b9172afd6139f77d/element - {"using":"xpath","value":"//input[contains(@id ,\"application-managepartners-display-component---NewPartner--assignmentYard-application-managepartners-display-component---NewPartner\")]"}
COMMAND: GET /session/5c358710dd67d6f9b9172afd6139f77d/screenshot - {}
RESULT: {"using":"xpath","value":"//input[contains(@id ,\"application-managepartners-display-component---NewPartner--assignmentYard-application-managepartners-display-component---NewPartner\")]"}
COMMAND: POST /session/5c358710dd67d6f9b9172afd6139f77d/element/f.25FA1F70EC8D54F37F57A975E3D7688B.d.8794AF5A43FE6F7E097853BE6E1B397A.e.1682/clear - {}
RESULT: {}
RESULT: {}
COMMAND: POST /session/5c358710dd67d6f9b9172afd6139f77d/element/f.25FA1F70EC8D54F37F57A975E3D7688B.d.8794AF5A43FE6F7E097853BE6E1B397A.e.1682/value - {"text":"245"}
COMMAND: GET /session/5c358710dd67d6f9b9172afd6139f77d/screenshot - {}
RESULT: {"text":"245"}
COMMAND: POST /session/5c358710dd67d6f9b9172afd6139f77d/execute/async - {"script":"<script> [1562 bytes]","args":[{"selector":{"controlType":"sap.m.Button","viewName":"etm.portal.ui.managepartners.view.NewPartner","viewId":"application-managepartners-display-component---NewPartner","i18NText":{"propertyName":"text","key":"save"},"interaction":{"idSuffix":"BDI-content"}},"wdio_ui5_key":"etmportal.ui.managepartners.view.NewPartnersap.m.Button{\"propertyName\":\"text\",\"key\":\"save\"}"}]}
COMMAND: GET /session/5c358710dd67d6f9b9172afd6139f77d/screenshot - {}
RESULT: {}
RESULT: {"script":"<script> [1562 bytes]","args":[{"selector":{"controlType":"sap.m.Button","viewName":"etm.portal.ui.managepartners.view.NewPartner","viewId":"application-managepartners-display-component---NewPartner","i18NText":{"propertyName":"text","key":"save"},"interaction":{"idSuffix":"BDI-content"}},"wdio_ui5_key":"etmportal.ui.managepartners.view.NewPartnersap.m.Button{\"propertyName\":\"text\",\"key\":\"save\"}"}]}
RESULT: undefined
COMMAND: POST /session/5c358710dd67d6f9b9172afd6139f77d/element - {"using":"xpath","value":"//*[@id=\"__button12\"]"}
RESULT: {}
RESULT: {"using":"xpath","value":"//*[@id=\"__button12\"]"}
COMMAND: POST /session/5c358710dd67d6f9b9172afd6139f77d/element/f.25FA1F70EC8D54F37F57A975E3D7688B.d.8794AF5A43FE6F7E097853BE6E1B397A.e.1651/click - {}
RESULT: {}
COMMAND: GET /session/5c358710dd67d6f9b9172afd6139f77d/screenshot - {}
RESULT: {}
COMMAND: POST /session/5c358710dd67d6f9b9172afd6139f77d/element - {"using":"xpath","value":"//header/div/div[2]/div[2]/span"}
RESULT: {"using":"xpath","value":"//header/div/div[2]/div[2]/span"}
COMMAND: GET /session/5c358710dd67d6f9b9172afd6139f77d/element/f.25FA1F70EC8D54F37F57A975E3D7688B.d.8794AF5A43FE6F7E097853BE6E1B397A.e.1852/text - {}
RESULT: {}
COMMAND: POST /session/5c358710dd67d6f9b9172afd6139f77d/element - {"using":"xpath","value":"//header/div/div/div/div/div/div[2]/div/span"}
RESULT: {"using":"xpath","value":"//header/div/div/div/div/div/div[2]/div/span"}
COMMAND: GET /session/5c358710dd67d6f9b9172afd6139f77d/element/f.25FA1F70EC8D54F37F57A975E3D7688B.d.8794AF5A43FE6F7E097853BE6E1B397A.e.1853/text - {}
RESULT: {}
COMMAND: POST /session/5c358710dd67d6f9b9172afd6139f77d/execute/async - {"script":"<script> [1562 bytes]","args":[{"selector":{"id":"application-managepartners-display-component---detailPtm--partnerType"},"wdio_ui5_key":"applicationmanagepartners-display-component---detailPtm--partnerType"}]}
RESULT: {"script":"<script> [1562 bytes]","args":[{"selector":{"id":"application-managepartners-display-component---detailPtm--partnerType"},"wdio_ui5_key":"applicationmanagepartners-display-component---detailPtm--partnerType"}]}
RESULT: undefined
COMMAND: POST /session/5c358710dd67d6f9b9172afd6139f77d/execute/async - {"script":"<script> [6424 bytes]","args":[{"element-6066-11e4-a52e-4f735466cecf":"f.25FA1F70EC8D54F37F57A975E3D7688B.d.8794AF5A43FE6F7E097853BE6E1B397A.e.1854"},"getText",[]]}
RESULT: {"script":"<script> [6424 bytes]","args":[{"element-6066-11e4-a52e-4f735466cecf":"f.25FA1F70EC8D54F37F57A975E3D7688B.d.8794AF5A43FE6F7E097853BE6E1B397A.e.1854"},"getText",[]]}
COMMAND: POST /session/5c358710dd67d6f9b9172afd6139f77d/element - {"using":"css selector","value":"#shell-header-logo"}
RESULT: {"using":"css selector","value":"#shell-header-logo"}
COMMAND: POST /session/5c358710dd67d6f9b9172afd6139f77d/element/f.25FA1F70EC8D54F37F57A975E3D7688B.d.8794AF5A43FE6F7E097853BE6E1B397A.e.1208/click - {}
RESULT: {}
COMMAND: GET /session/5c358710dd67d6f9b9172afd6139f77d/screenshot - {}
RESULT: {}
]]></system-out>
    </testcase>
    <testcase classname="chrome.135_0_7049_42.windows.Manage_Requests_Tags_Tests_US120163" name="Should create a new site" time="88.263">
      <system-out><![CDATA[
COMMAND: POST /session/5c358710dd67d6f9b9172afd6139f77d/execute/async - {"script":"<script> [1562 bytes]","args":[{"selector":{"controlType":"sap.m.GenericTile","properties":{"header":"Manage Sites"}},"wdio_ui5_key":"sapm.GenericTile{\"header\":\"Manage Sites\"}"}]}
RESULT: {"script":"<script> [1562 bytes]","args":[{"selector":{"controlType":"sap.m.GenericTile","properties":{"header":"Manage Sites"}},"wdio_ui5_key":"sapm.GenericTile{\"header\":\"Manage Sites\"}"}]}
RESULT: undefined
COMMAND: POST /session/5c358710dd67d6f9b9172afd6139f77d/element - {"using":"xpath","value":"//*[@id=\"__tile40\"]"}
RESULT: {"using":"xpath","value":"//*[@id=\"__tile40\"]"}
COMMAND: POST /session/5c358710dd67d6f9b9172afd6139f77d/element/f.25FA1F70EC8D54F37F57A975E3D7688B.d.8794AF5A43FE6F7E097853BE6E1B397A.e.1856/click - {}
RESULT: {}
COMMAND: GET /session/5c358710dd67d6f9b9172afd6139f77d/screenshot - {}
RESULT: {}
COMMAND: POST /session/5c358710dd67d6f9b9172afd6139f77d/execute/async - {"script":"<script> [1562 bytes]","args":[{"selector":{"controlType":"sap.ui.core.Icon","viewName":"etm.portal.ui.managesites.view.Master","viewId":"application-managesites-display-component---masterSite","properties":{"src":{"regex":{"source":"add"}}}},"wdio_ui5_key":"etmportal.ui.managesites.view.Mastersap.ui.core.Icon{\"src\":{\"regex\":{\"source\":\"add\"}}}"}]}
RESULT: {"script":"<script> [1562 bytes]","args":[{"selector":{"controlType":"sap.ui.core.Icon","viewName":"etm.portal.ui.managesites.view.Master","viewId":"application-managesites-display-component---masterSite","properties":{"src":{"regex":{"source":"add"}}}},"wdio_ui5_key":"etmportal.ui.managesites.view.Mastersap.ui.core.Icon{\"src\":{\"regex\":{\"source\":\"add\"}}}"}]}
RESULT: undefined
COMMAND: POST /session/5c358710dd67d6f9b9172afd6139f77d/element - {"using":"xpath","value":"//*[@id=\"__button52-img\"]"}
RESULT: {"using":"xpath","value":"//*[@id=\"__button52-img\"]"}
COMMAND: POST /session/5c358710dd67d6f9b9172afd6139f77d/element/f.25FA1F70EC8D54F37F57A975E3D7688B.d.8794AF5A43FE6F7E097853BE6E1B397A.e.1906/click - {}
RESULT: {}
COMMAND: POST /session/5c358710dd67d6f9b9172afd6139f77d/execute/async - {"script":"<script> [1562 bytes]","args":[{"selector":{"id":"application-managesites-display-component---NewSite--siteId","interaction":{"idSuffix":"inner"}},"wdio_ui5_key":"applicationmanagesites-display-component---NewSite--siteId"}]}
COMMAND: GET /session/5c358710dd67d6f9b9172afd6139f77d/screenshot - {}
RESULT: {"script":"<script> [1562 bytes]","args":[{"selector":{"id":"application-managesites-display-component---NewSite--siteId","interaction":{"idSuffix":"inner"}},"wdio_ui5_key":"applicationmanagesites-display-component---NewSite--siteId"}]}
RESULT: undefined
COMMAND: POST /session/5c358710dd67d6f9b9172afd6139f77d/execute/async - {"script":"<script> [1562 bytes]","args":[{"selector":{"id":"application-managesites-display-component---NewSite--addressDetailDetailsName1","interaction":{"idSuffix":"inner"}},"wdio_ui5_key":"applicationmanagesites-display-component---NewSite--addressDetailDetailsName1"}]}
RESULT: {}
RESULT: {"script":"<script> [1562 bytes]","args":[{"selector":{"id":"application-managesites-display-component---NewSite--addressDetailDetailsName1","interaction":{"idSuffix":"inner"}},"wdio_ui5_key":"applicationmanagesites-display-component---NewSite--addressDetailDetailsName1"}]}
RESULT: undefined
COMMAND: POST /session/5c358710dd67d6f9b9172afd6139f77d/execute/async - {"script":"<script> [776 bytes]","args":[{"enterText":"WebdriverSitexeqhe","selector":{"id":"application-managesites-display-component---NewSite--addressDetailDetailsName1","interaction":{"idSuffix":"inner"}},"clearTextFirst":true,"interactionType":"ENTER_TEXT"}]}
RESULT: {"script":"<script> [776 bytes]","args":[{"enterText":"WebdriverSitexeqhe","selector":{"id":"application-managesites-display-component---NewSite--addressDetailDetailsName1","interaction":{"idSuffix":"inner"}},"clearTextFirst":true,"interactionType":"ENTER_TEXT"}]}
COMMAND: POST /session/5c358710dd67d6f9b9172afd6139f77d/execute/async - {"script":"<script> [1562 bytes]","args":[{"selector":{"id":"application-managesites-display-component---NewSite--addressDetailDetailsLanguage","interaction":{"idSuffix":"inner"}},"wdio_ui5_key":"applicationmanagesites-display-component---NewSite--addressDetailDetailsLanguage"}]}
RESULT: {"script":"<script> [1562 bytes]","args":[{"selector":{"id":"application-managesites-display-component---NewSite--addressDetailDetailsLanguage","interaction":{"idSuffix":"inner"}},"wdio_ui5_key":"applicationmanagesites-display-component---NewSite--addressDetailDetailsLanguage"}]}
RESULT: undefined
COMMAND: POST /session/5c358710dd67d6f9b9172afd6139f77d/execute/async - {"script":"<script> [776 bytes]","args":[{"enterText":"Romanian","selector":{"id":"application-managesites-display-component---NewSite--addressDetailDetailsLanguage","interaction":{"idSuffix":"inner"}},"clearTextFirst":true,"interactionType":"ENTER_TEXT"}]}
RESULT: {"script":"<script> [776 bytes]","args":[{"enterText":"Romanian","selector":{"id":"application-managesites-display-component---NewSite--addressDetailDetailsLanguage","interaction":{"idSuffix":"inner"}},"clearTextFirst":true,"interactionType":"ENTER_TEXT"}]}
COMMAND: POST /session/5c358710dd67d6f9b9172afd6139f77d/execute/async - {"script":"<script> [1562 bytes]","args":[{"selector":{"id":"application-managesites-display-component---NewSite--addressDetailDetailsCity1","interaction":{"idSuffix":"inner"}},"wdio_ui5_key":"applicationmanagesites-display-component---NewSite--addressDetailDetailsCity1"}]}
RESULT: {"script":"<script> [1562 bytes]","args":[{"selector":{"id":"application-managesites-display-component---NewSite--addressDetailDetailsCity1","interaction":{"idSuffix":"inner"}},"wdio_ui5_key":"applicationmanagesites-display-component---NewSite--addressDetailDetailsCity1"}]}
RESULT: undefined
COMMAND: POST /session/5c358710dd67d6f9b9172afd6139f77d/execute/async - {"script":"<script> [776 bytes]","args":[{"enterText":"Bucharest","selector":{"id":"application-managesites-display-component---NewSite--addressDetailDetailsCity1","interaction":{"idSuffix":"inner"}},"clearTextFirst":true,"interactionType":"ENTER_TEXT"}]}
RESULT: {"script":"<script> [776 bytes]","args":[{"enterText":"Bucharest","selector":{"id":"application-managesites-display-component---NewSite--addressDetailDetailsCity1","interaction":{"idSuffix":"inner"}},"clearTextFirst":true,"interactionType":"ENTER_TEXT"}]}
COMMAND: POST /session/5c358710dd67d6f9b9172afd6139f77d/execute/async - {"script":"<script> [1562 bytes]","args":[{"selector":{"id":"application-managesites-display-component---NewSite--addressDetailDetailsCountry","interaction":{"idSuffix":"inner"}},"wdio_ui5_key":"applicationmanagesites-display-component---NewSite--addressDetailDetailsCountry"}]}
RESULT: {"script":"<script> [1562 bytes]","args":[{"selector":{"id":"application-managesites-display-component---NewSite--addressDetailDetailsCountry","interaction":{"idSuffix":"inner"}},"wdio_ui5_key":"applicationmanagesites-display-component---NewSite--addressDetailDetailsCountry"}]}
RESULT: undefined
COMMAND: POST /session/5c358710dd67d6f9b9172afd6139f77d/execute/async - {"script":"<script> [776 bytes]","args":[{"enterText":"Romania","selector":{"id":"application-managesites-display-component---NewSite--addressDetailDetailsCountry","interaction":{"idSuffix":"inner"}},"clearTextFirst":true,"interactionType":"ENTER_TEXT"}]}
RESULT: {"script":"<script> [776 bytes]","args":[{"enterText":"Romania","selector":{"id":"application-managesites-display-component---NewSite--addressDetailDetailsCountry","interaction":{"idSuffix":"inner"}},"clearTextFirst":true,"interactionType":"ENTER_TEXT"}]}
COMMAND: POST /session/5c358710dd67d6f9b9172afd6139f77d/element - {"using":"css selector","value":"#application-managesites-display-component---NewSite--addressDetailDetailsCalendar-inner"}
RESULT: {"using":"css selector","value":"#application-managesites-display-component---NewSite--addressDetailDetailsCalendar-inner"}
COMMAND: POST /session/5c358710dd67d6f9b9172afd6139f77d/element/f.25FA1F70EC8D54F37F57A975E3D7688B.d.8794AF5A43FE6F7E097853BE6E1B397A.e.2092/clear - {}
RESULT: {}
COMMAND: POST /session/5c358710dd67d6f9b9172afd6139f77d/element/f.25FA1F70EC8D54F37F57A975E3D7688B.d.8794AF5A43FE6F7E097853BE6E1B397A.e.2092/value - {"text":"Germany"}
COMMAND: GET /session/5c358710dd67d6f9b9172afd6139f77d/screenshot - {}
RESULT: {"text":"Germany"}
COMMAND: POST /session/5c358710dd67d6f9b9172afd6139f77d/execute/async - {"script":"<script> [1562 bytes]","args":[{"selector":{"id":"application-managesites-display-component---NewSite--addressEditDetailsCostObjectCstType-arrow"},"wdio_ui5_key":"applicationmanagesites-display-component---NewSite--addressEditDetailsCostObjectCstType-arrow"}]}
COMMAND: GET /session/5c358710dd67d6f9b9172afd6139f77d/screenshot - {}
RESULT: {}
RESULT: {"script":"<script> [1562 bytes]","args":[{"selector":{"id":"application-managesites-display-component---NewSite--addressEditDetailsCostObjectCstType-arrow"},"wdio_ui5_key":"applicationmanagesites-display-component---NewSite--addressEditDetailsCostObjectCstType-arrow"}]}
RESULT: undefined
COMMAND: POST /session/5c358710dd67d6f9b9172afd6139f77d/element - {"using":"xpath","value":"//*[@id=\"application-managesites-display-component---NewSite--addressEditDetailsCostObjectCstType-arrow\"]"}
RESULT: {}
RESULT: {"using":"xpath","value":"//*[@id=\"application-managesites-display-component---NewSite--addressEditDetailsCostObjectCstType-arrow\"]"}
COMMAND: POST /session/5c358710dd67d6f9b9172afd6139f77d/element/f.25FA1F70EC8D54F37F57A975E3D7688B.d.8794AF5A43FE6F7E097853BE6E1B397A.e.2277/click - {}
RESULT: {}
COMMAND: POST /session/5c358710dd67d6f9b9172afd6139f77d/element - {"using":"xpath","value":"//span[contains(text(), \"Work Breakdown Structure\")]"}
COMMAND: GET /session/5c358710dd67d6f9b9172afd6139f77d/screenshot - {}
RESULT: {"using":"xpath","value":"//span[contains(text(), \"Work Breakdown Structure\")]"}
COMMAND: POST /session/5c358710dd67d6f9b9172afd6139f77d/element/f.25FA1F70EC8D54F37F57A975E3D7688B.d.8794AF5A43FE6F7E097853BE6E1B397A.e.2278/click - {}
RESULT: {}
RESULT: {}
COMMAND: GET /session/5c358710dd67d6f9b9172afd6139f77d/screenshot - {}
RESULT: {}
COMMAND: POST /session/5c358710dd67d6f9b9172afd6139f77d/execute/async - {"script":"<script> [1562 bytes]","args":[{"selector":{"id":"application-managesites-display-component---NewSite--addressNewCostObjectCstID-vhi"},"wdio_ui5_key":"applicationmanagesites-display-component---NewSite--addressNewCostObjectCstID-vhi"}]}
RESULT: {"script":"<script> [1562 bytes]","args":[{"selector":{"id":"application-managesites-display-component---NewSite--addressNewCostObjectCstID-vhi"},"wdio_ui5_key":"applicationmanagesites-display-component---NewSite--addressNewCostObjectCstID-vhi"}]}
RESULT: undefined
COMMAND: POST /session/5c358710dd67d6f9b9172afd6139f77d/element - {"using":"xpath","value":"//*[@id=\"application-managesites-display-component---NewSite--addressNewCostObjectCstID-vhi\"]"}
RESULT: {"using":"xpath","value":"//*[@id=\"application-managesites-display-component---NewSite--addressNewCostObjectCstID-vhi\"]"}
COMMAND: POST /session/5c358710dd67d6f9b9172afd6139f77d/element/f.25FA1F70EC8D54F37F57A975E3D7688B.d.8794AF5A43FE6F7E097853BE6E1B397A.e.2282/click - {}
RESULT: {}
COMMAND: GET /session/5c358710dd67d6f9b9172afd6139f77d/screenshot - {}
RESULT: {}
COMMAND: POST /session/5c358710dd67d6f9b9172afd6139f77d/execute/async - {"script":"<script> [1562 bytes]","args":[{"selector":{"controlType":"sap.m.SearchField","properties":{"placeholder":"Search"},"searchOpenDialogs":true,"interaction":{"idSuffix":"I"}},"wdio_ui5_key":"sapm.SearchField{\"placeholder\":\"Search\"}"}]}
RESULT: {"script":"<script> [1562 bytes]","args":[{"selector":{"controlType":"sap.m.SearchField","properties":{"placeholder":"Search"},"searchOpenDialogs":true,"interaction":{"idSuffix":"I"}},"wdio_ui5_key":"sapm.SearchField{\"placeholder\":\"Search\"}"}]}
RESULT: undefined
COMMAND: POST /session/5c358710dd67d6f9b9172afd6139f77d/execute/async - {"script":"<script> [776 bytes]","args":[{"enterText":"A1-000100-01","selector":{"controlType":"sap.m.SearchField","properties":{"placeholder":"Search"},"searchOpenDialogs":true,"interaction":{"idSuffix":"I"}},"clearTextFirst":true,"interactionType":"ENTER_TEXT"}]}
RESULT: {"script":"<script> [776 bytes]","args":[{"enterText":"A1-000100-01","selector":{"controlType":"sap.m.SearchField","properties":{"placeholder":"Search"},"searchOpenDialogs":true,"interaction":{"idSuffix":"I"}},"clearTextFirst":true,"interactionType":"ENTER_TEXT"}]}
COMMAND: POST /session/5c358710dd67d6f9b9172afd6139f77d/actions - {"actions":[{"id":"action3","type":"key","parameters":{},"actions":[{"type":"keyDown","value":""},{"type":"pause","duration":10},{"type":"keyUp","value":""}]}]}
RESULT: {"actions":[{"id":"action3","type":"key","parameters":{},"actions":[{"type":"keyDown","value":""},{"type":"pause","duration":10},{"type":"keyUp","value":""}]}]}
COMMAND: GET /session/5c358710dd67d6f9b9172afd6139f77d/screenshot - {}
RESULT: {}
COMMAND: POST /session/5c358710dd67d6f9b9172afd6139f77d/element - {"using":"xpath","value":"//span[contains(text(), \"Template for ETO-Process\")]"}
RESULT: {"using":"xpath","value":"//span[contains(text(), \"Template for ETO-Process\")]"}
COMMAND: POST /session/5c358710dd67d6f9b9172afd6139f77d/element/f.25FA1F70EC8D54F37F57A975E3D7688B.d.8794AF5A43FE6F7E097853BE6E1B397A.e.2303/click - {}
RESULT: {}
COMMAND: GET /session/5c358710dd67d6f9b9172afd6139f77d/screenshot - {}
RESULT: {}
COMMAND: POST /session/5c358710dd67d6f9b9172afd6139f77d/element - {"using":"xpath","value":"//bdi[contains(text(), \"OK\")]"}
RESULT: {"using":"xpath","value":"//bdi[contains(text(), \"OK\")]"}
COMMAND: POST /session/5c358710dd67d6f9b9172afd6139f77d/element/f.25FA1F70EC8D54F37F57A975E3D7688B.d.8794AF5A43FE6F7E097853BE6E1B397A.e.2304/click - {}
RESULT: {}
COMMAND: GET /session/5c358710dd67d6f9b9172afd6139f77d/screenshot - {}
RESULT: {}
COMMAND: POST /session/5c358710dd67d6f9b9172afd6139f77d/element - {"using":"xpath","value":"//input[@id=\"application-managesites-display-component---NewSite--addressDetailDetailsYard-inner\"]"}
RESULT: {"using":"xpath","value":"//input[@id=\"application-managesites-display-component---NewSite--addressDetailDetailsYard-inner\"]"}
COMMAND: POST /session/5c358710dd67d6f9b9172afd6139f77d/element/f.25FA1F70EC8D54F37F57A975E3D7688B.d.8794AF5A43FE6F7E097853BE6E1B397A.e.2093/value - {"text":"245"}
RESULT: {"text":"245"}
COMMAND: GET /session/5c358710dd67d6f9b9172afd6139f77d/screenshot - {}
RESULT: {}
COMMAND: POST /session/5c358710dd67d6f9b9172afd6139f77d/actions - {"actions":[{"id":"action4","type":"key","parameters":{},"actions":[{"type":"keyDown","value":""},{"type":"pause","duration":10},{"type":"keyUp","value":""}]}]}
RESULT: {"actions":[{"id":"action4","type":"key","parameters":{},"actions":[{"type":"keyDown","value":""},{"type":"pause","duration":10},{"type":"keyUp","value":""}]}]}
COMMAND: GET /session/5c358710dd67d6f9b9172afd6139f77d/screenshot - {}
RESULT: {}
COMMAND: POST /session/5c358710dd67d6f9b9172afd6139f77d/element - {"using":"xpath","value":"//input[@id=\"application-managesites-display-component---NewSite--addressDetailDetailsPartner-inner\"]"}
RESULT: {"using":"xpath","value":"//input[@id=\"application-managesites-display-component---NewSite--addressDetailDetailsPartner-inner\"]"}
COMMAND: POST /session/5c358710dd67d6f9b9172afd6139f77d/elements - {"using":"xpath","value":"//input[@id=\"application-managesites-display-component---NewSite--addressDetailDetailsPartner-inner\"]"}
RESULT: {"using":"xpath","value":"//input[@id=\"application-managesites-display-component---NewSite--addressDetailDetailsPartner-inner\"]"}
COMMAND: POST /session/5c358710dd67d6f9b9172afd6139f77d/execute/async - {"script":"<script> [1562 bytes]","args":[{"selector":{"controlType":"sap.m.Button","viewName":"etm.portal.ui.managesites.view.NewSmartSite","viewId":"application-managesites-display-component---NewSite","properties":{"text":"Commercial"},"interaction":{"idSuffix":"BDI-content"}},"wdio_ui5_key":"etmportal.ui.managesites.view.NewSmartSitesap.m.Button{\"text\":\"Commercial\"}"}]}
RESULT: {"script":"<script> [1562 bytes]","args":[{"selector":{"controlType":"sap.m.Button","viewName":"etm.portal.ui.managesites.view.NewSmartSite","viewId":"application-managesites-display-component---NewSite","properties":{"text":"Commercial"},"interaction":{"idSuffix":"BDI-content"}},"wdio_ui5_key":"etmportal.ui.managesites.view.NewSmartSitesap.m.Button{\"text\":\"Commercial\"}"}]}
RESULT: undefined
COMMAND: POST /session/5c358710dd67d6f9b9172afd6139f77d/element - {"using":"xpath","value":"//*[@id=\"application-managesites-display-component---NewSite--ObjectPageLayout-anchBar-__section31-anchor\"]"}
RESULT: {"using":"xpath","value":"//*[@id=\"application-managesites-display-component---NewSite--ObjectPageLayout-anchBar-__section31-anchor\"]"}
COMMAND: POST /session/5c358710dd67d6f9b9172afd6139f77d/element/f.25FA1F70EC8D54F37F57A975E3D7688B.d.8794AF5A43FE6F7E097853BE6E1B397A.e.2311/click - {}
RESULT: {}
COMMAND: POST /session/5c358710dd67d6f9b9172afd6139f77d/execute/async - {"script":"<script> [1562 bytes]","args":[{"selector":{"controlType":"sap.m.Button","viewName":"etm.portal.ui.managesites.view.NewSmartSite","viewId":"application-managesites-display-component---NewSite","i18NText":{"propertyName":"text","key":"save"},"interaction":{"idSuffix":"BDI-content"}},"wdio_ui5_key":"etmportal.ui.managesites.view.NewSmartSitesap.m.Button{\"propertyName\":\"text\",\"key\":\"save\"}"}]}
COMMAND: GET /session/5c358710dd67d6f9b9172afd6139f77d/screenshot - {}
RESULT: {"script":"<script> [1562 bytes]","args":[{"selector":{"controlType":"sap.m.Button","viewName":"etm.portal.ui.managesites.view.NewSmartSite","viewId":"application-managesites-display-component---NewSite","i18NText":{"propertyName":"text","key":"save"},"interaction":{"idSuffix":"BDI-content"}},"wdio_ui5_key":"etmportal.ui.managesites.view.NewSmartSitesap.m.Button{\"propertyName\":\"text\",\"key\":\"save\"}"}]}
RESULT: undefined
COMMAND: POST /session/5c358710dd67d6f9b9172afd6139f77d/element - {"using":"xpath","value":"//*[@id=\"__button64\"]"}
RESULT: {}
RESULT: {"using":"xpath","value":"//*[@id=\"__button64\"]"}
COMMAND: POST /session/5c358710dd67d6f9b9172afd6139f77d/element/f.25FA1F70EC8D54F37F57A975E3D7688B.d.8794AF5A43FE6F7E097853BE6E1B397A.e.2250/click - {}
RESULT: {}
COMMAND: GET /session/5c358710dd67d6f9b9172afd6139f77d/screenshot - {}
RESULT: {}
COMMAND: POST /session/5c358710dd67d6f9b9172afd6139f77d/execute/async - {"script":"<script> [1562 bytes]","args":[{"selector":{"id":"application-managesites-display-component---detailSite--addressDetailDetailsYardText"},"wdio_ui5_key":"applicationmanagesites-display-component---detailSite--addressDetailDetailsYardText"}]}
RESULT: {"script":"<script> [1562 bytes]","args":[{"selector":{"id":"application-managesites-display-component---detailSite--addressDetailDetailsYardText"},"wdio_ui5_key":"applicationmanagesites-display-component---detailSite--addressDetailDetailsYardText"}]}
RESULT: undefined
COMMAND: POST /session/5c358710dd67d6f9b9172afd6139f77d/element - {"using":"xpath","value":"//header/div/div[2]/div[2]/span"}
RESULT: {"using":"xpath","value":"//header/div/div[2]/div[2]/span"}
COMMAND: GET /session/5c358710dd67d6f9b9172afd6139f77d/element/f.25FA1F70EC8D54F37F57A975E3D7688B.d.8794AF5A43FE6F7E097853BE6E1B397A.e.2506/text - {}
RESULT: {}
COMMAND: POST /session/5c358710dd67d6f9b9172afd6139f77d/element - {"using":"xpath","value":"//header/div/div/div/div/div/div[2]/div/span"}
RESULT: {"using":"xpath","value":"//header/div/div/div/div/div/div[2]/div/span"}
COMMAND: GET /session/5c358710dd67d6f9b9172afd6139f77d/element/f.25FA1F70EC8D54F37F57A975E3D7688B.d.8794AF5A43FE6F7E097853BE6E1B397A.e.2507/text - {}
RESULT: {}
COMMAND: POST /session/5c358710dd67d6f9b9172afd6139f77d/element - {"using":"css selector","value":"#shell-header-logo"}
RESULT: {"using":"css selector","value":"#shell-header-logo"}
COMMAND: POST /session/5c358710dd67d6f9b9172afd6139f77d/element/f.25FA1F70EC8D54F37F57A975E3D7688B.d.8794AF5A43FE6F7E097853BE6E1B397A.e.1861/click - {}
RESULT: {}
COMMAND: GET /session/5c358710dd67d6f9b9172afd6139f77d/screenshot - {}
RESULT: {}
]]></system-out>
    </testcase>
    <testcase classname="chrome.135_0_7049_42.windows.Manage_Requests_Tags_Tests_US120163" name="Should Create New Request Tags" time="189.006">
      <system-out><![CDATA[
COMMAND: POST /session/5c358710dd67d6f9b9172afd6139f77d/execute/async - {"script":"<script> [1562 bytes]","args":[{"selector":{"controlType":"sap.m.GenericTile","properties":{"header":"Manage Requests"}},"wdio_ui5_key":"sapm.GenericTile{\"header\":\"Manage Requests\"}"}]}
RESULT: {"script":"<script> [1562 bytes]","args":[{"selector":{"controlType":"sap.m.GenericTile","properties":{"header":"Manage Requests"}},"wdio_ui5_key":"sapm.GenericTile{\"header\":\"Manage Requests\"}"}]}
RESULT: undefined
COMMAND: POST /session/5c358710dd67d6f9b9172afd6139f77d/element - {"using":"xpath","value":"//*[@id=\"__tile47\"]"}
RESULT: {"using":"xpath","value":"//*[@id=\"__tile47\"]"}
COMMAND: POST /session/5c358710dd67d6f9b9172afd6139f77d/element/f.25FA1F70EC8D54F37F57A975E3D7688B.d.8794AF5A43FE6F7E097853BE6E1B397A.e.2509/click - {}
RESULT: {}
COMMAND: GET /session/5c358710dd67d6f9b9172afd6139f77d/screenshot - {}
RESULT: {}
COMMAND: POST /session/5c358710dd67d6f9b9172afd6139f77d/execute/async - {"script":"<script> [1562 bytes]","args":[{"selector":{"controlType":"sap.ui.core.Icon","viewName":"etm.portal.ui.managerequests.view.Master","properties":{"src":{"regex":{"source":"add"}}}},"wdio_ui5_key":"etmportal.ui.managerequests.view.Mastersap.ui.core.Icon{\"src\":{\"regex\":{\"source\":\"add\"}}}"}]}
RESULT: {"script":"<script> [1562 bytes]","args":[{"selector":{"controlType":"sap.ui.core.Icon","viewName":"etm.portal.ui.managerequests.view.Master","properties":{"src":{"regex":{"source":"add"}}}},"wdio_ui5_key":"etmportal.ui.managerequests.view.Mastersap.ui.core.Icon{\"src\":{\"regex\":{\"source\":\"add\"}}}"}]}
RESULT: undefined
COMMAND: POST /session/5c358710dd67d6f9b9172afd6139f77d/element - {"using":"xpath","value":"//*[@id=\"__xmlview58--btnCreateNew-img\"]"}
RESULT: {"using":"xpath","value":"//*[@id=\"__xmlview58--btnCreateNew-img\"]"}
COMMAND: POST /session/5c358710dd67d6f9b9172afd6139f77d/element/f.25FA1F70EC8D54F37F57A975E3D7688B.d.8794AF5A43FE6F7E097853BE6E1B397A.e.2568/click - {}
RESULT: {}
COMMAND: GET /session/5c358710dd67d6f9b9172afd6139f77d/screenshot - {}
RESULT: {}
COMMAND: POST /session/5c358710dd67d6f9b9172afd6139f77d/element - {"using":"xpath","value":"//input[contains(@id ,\"yardId-inner\")]"}
RESULT: {"using":"xpath","value":"//input[contains(@id ,\"yardId-inner\")]"}
COMMAND: POST /session/5c358710dd67d6f9b9172afd6139f77d/execute/sync - {"script":"<script> [8489 bytes]","args":[{"element-6066-11e4-a52e-4f735466cecf":"f.25FA1F70EC8D54F37F57A975E3D7688B.d.8794AF5A43FE6F7E097853BE6E1B397A.e.2797","ELEMENT":"f.25FA1F70EC8D54F37F57A975E3D7688B.d.8794AF5A43FE6F7E097853BE6E1B397A.e.2797"}]}
RESULT: {"script":"<script> [8489 bytes]","args":[{"element-6066-11e4-a52e-4f735466cecf":"f.25FA1F70EC8D54F37F57A975E3D7688B.d.8794AF5A43FE6F7E097853BE6E1B397A.e.2797","ELEMENT":"f.25FA1F70EC8D54F37F57A975E3D7688B.d.8794AF5A43FE6F7E097853BE6E1B397A.e.2797"}]}
COMMAND: POST /session/5c358710dd67d6f9b9172afd6139f77d/element - {"using":"xpath","value":"//input[contains(@id ,\"yardId-inner\")]"}
COMMAND: GET /session/5c358710dd67d6f9b9172afd6139f77d/screenshot - {}
RESULT: {"using":"xpath","value":"//input[contains(@id ,\"yardId-inner\")]"}
COMMAND: POST /session/5c358710dd67d6f9b9172afd6139f77d/element/f.25FA1F70EC8D54F37F57A975E3D7688B.d.8794AF5A43FE6F7E097853BE6E1B397A.e.2797/value - {"text":"WebdriverYardcqwm7"}
RESULT: {}
RESULT: {"text":"WebdriverYardcqwm7"}
COMMAND: GET /session/5c358710dd67d6f9b9172afd6139f77d/screenshot - {}
RESULT: {}
COMMAND: POST /session/5c358710dd67d6f9b9172afd6139f77d/actions - {"actions":[{"id":"action5","type":"key","parameters":{},"actions":[{"type":"keyDown","value":""},{"type":"pause","duration":10},{"type":"keyUp","value":""}]}]}
RESULT: {"actions":[{"id":"action5","type":"key","parameters":{},"actions":[{"type":"keyDown","value":""},{"type":"pause","duration":10},{"type":"keyUp","value":""}]}]}
COMMAND: GET /session/5c358710dd67d6f9b9172afd6139f77d/screenshot - {}
RESULT: {}
COMMAND: POST /session/5c358710dd67d6f9b9172afd6139f77d/element - {"using":"xpath","value":"//input[contains(@id ,\"customerNumber-inner\")]"}
RESULT: {"using":"xpath","value":"//input[contains(@id ,\"customerNumber-inner\")]"}
COMMAND: POST /session/5c358710dd67d6f9b9172afd6139f77d/element/f.25FA1F70EC8D54F37F57A975E3D7688B.d.8794AF5A43FE6F7E097853BE6E1B397A.e.2791/value - {"text":"WebdriverPartnersgf22"}
RESULT: {"text":"WebdriverPartnersgf22"}
COMMAND: GET /session/5c358710dd67d6f9b9172afd6139f77d/screenshot - {}
RESULT: {}
COMMAND: POST /session/5c358710dd67d6f9b9172afd6139f77d/actions - {"actions":[{"id":"action6","type":"key","parameters":{},"actions":[{"type":"keyDown","value":""},{"type":"pause","duration":10},{"type":"keyUp","value":""}]}]}
RESULT: {"actions":[{"id":"action6","type":"key","parameters":{},"actions":[{"type":"keyDown","value":""},{"type":"pause","duration":10},{"type":"keyUp","value":""}]}]}
COMMAND: GET /session/5c358710dd67d6f9b9172afd6139f77d/screenshot - {}
RESULT: {}
COMMAND: POST /session/5c358710dd67d6f9b9172afd6139f77d/element - {"using":"xpath","value":"//input[contains(@id ,\"requestSiteId-inner\")]"}
RESULT: {"using":"xpath","value":"//input[contains(@id ,\"requestSiteId-inner\")]"}
COMMAND: POST /session/5c358710dd67d6f9b9172afd6139f77d/element/f.25FA1F70EC8D54F37F57A975E3D7688B.d.8794AF5A43FE6F7E097853BE6E1B397A.e.2790/value - {"text":"WebdriverSitexeqhe"}
RESULT: {"text":"WebdriverSitexeqhe"}
COMMAND: GET /session/5c358710dd67d6f9b9172afd6139f77d/screenshot - {}
RESULT: {}
COMMAND: POST /session/5c358710dd67d6f9b9172afd6139f77d/execute/async - {"script":"<script> [1562 bytes]","args":[{"selector":{"controlType":"sap.m.Input","viewName":"etm.portal.ui.managerequests.view.NewRequest","bindingPath":{"path":"","propertyPath":"/DESCRIPTION","modelName":"oNewRequestModel"},"interaction":{"idSuffix":"inner"}},"wdio_ui5_key":"etmportal.ui.managerequests.view.NewRequestsap.m.Input{\"path\":\"\",\"propertyPath\":\"/DESCRIPTION\",\"modelName\":\"oNewRequestModel\"}"}]}
RESULT: {"script":"<script> [1562 bytes]","args":[{"selector":{"controlType":"sap.m.Input","viewName":"etm.portal.ui.managerequests.view.NewRequest","bindingPath":{"path":"","propertyPath":"/DESCRIPTION","modelName":"oNewRequestModel"},"interaction":{"idSuffix":"inner"}},"wdio_ui5_key":"etmportal.ui.managerequests.view.NewRequestsap.m.Input{\"path\":\"\",\"propertyPath\":\"/DESCRIPTION\",\"modelName\":\"oNewRequestModel\"}"}]}
RESULT: undefined
COMMAND: POST /session/5c358710dd67d6f9b9172afd6139f77d/execute/async - {"script":"<script> [776 bytes]","args":[{"enterText":"Wdi5 Tags Test","selector":{"controlType":"sap.m.Input","viewName":"etm.portal.ui.managerequests.view.NewRequest","bindingPath":{"path":"","propertyPath":"/DESCRIPTION","modelName":"oNewRequestModel"},"interaction":{"idSuffix":"inner"}},"clearTextFirst":true,"interactionType":"ENTER_TEXT"}]}
RESULT: {"script":"<script> [776 bytes]","args":[{"enterText":"Wdi5 Tags Test","selector":{"controlType":"sap.m.Input","viewName":"etm.portal.ui.managerequests.view.NewRequest","bindingPath":{"path":"","propertyPath":"/DESCRIPTION","modelName":"oNewRequestModel"},"interaction":{"idSuffix":"inner"}},"clearTextFirst":true,"interactionType":"ENTER_TEXT"}]}
COMMAND: POST /session/5c358710dd67d6f9b9172afd6139f77d/execute/async - {"script":"<script> [1562 bytes]","args":[{"selector":{"id":"tagInputAdd","viewName":"etm.portal.ui.managerequests.view.NewRequest","interaction":{"idSuffix":"inner"}},"wdio_ui5_key":"tagInputAddetmportal.ui.managerequests.view.NewRequest"}]}
RESULT: {"script":"<script> [1562 bytes]","args":[{"selector":{"id":"tagInputAdd","viewName":"etm.portal.ui.managerequests.view.NewRequest","interaction":{"idSuffix":"inner"}},"wdio_ui5_key":"tagInputAddetmportal.ui.managerequests.view.NewRequest"}]}
RESULT: undefined
COMMAND: POST /session/5c358710dd67d6f9b9172afd6139f77d/execute/async - {"script":"<script> [776 bytes]","args":[{"enterText":"RefTag","selector":{"id":"tagInputAdd","viewName":"etm.portal.ui.managerequests.view.NewRequest","interaction":{"idSuffix":"inner"}},"clearTextFirst":true,"interactionType":"ENTER_TEXT"}]}
RESULT: {"script":"<script> [776 bytes]","args":[{"enterText":"RefTag","selector":{"id":"tagInputAdd","viewName":"etm.portal.ui.managerequests.view.NewRequest","interaction":{"idSuffix":"inner"}},"clearTextFirst":true,"interactionType":"ENTER_TEXT"}]}
COMMAND: POST /session/5c358710dd67d6f9b9172afd6139f77d/actions - {"actions":[{"id":"action7","type":"key","parameters":{},"actions":[{"type":"keyDown","value":""},{"type":"pause","duration":10},{"type":"keyUp","value":""}]}]}
RESULT: {"actions":[{"id":"action7","type":"key","parameters":{},"actions":[{"type":"keyDown","value":""},{"type":"pause","duration":10},{"type":"keyUp","value":""}]}]}
COMMAND: GET /session/5c358710dd67d6f9b9172afd6139f77d/screenshot - {}
RESULT: {}
RESULT: undefined
COMMAND: POST /session/5c358710dd67d6f9b9172afd6139f77d/execute/async - {"script":"<script> [776 bytes]","args":[{"enterText":"tag-header","selector":{"id":"tagInputAdd","viewName":"etm.portal.ui.managerequests.view.NewRequest","interaction":{"idSuffix":"inner"}},"clearTextFirst":true,"interactionType":"ENTER_TEXT"}]}
RESULT: {"script":"<script> [776 bytes]","args":[{"enterText":"tag-header","selector":{"id":"tagInputAdd","viewName":"etm.portal.ui.managerequests.view.NewRequest","interaction":{"idSuffix":"inner"}},"clearTextFirst":true,"interactionType":"ENTER_TEXT"}]}
COMMAND: POST /session/5c358710dd67d6f9b9172afd6139f77d/actions - {"actions":[{"id":"action8","type":"key","parameters":{},"actions":[{"type":"keyDown","value":""},{"type":"pause","duration":10},{"type":"keyUp","value":""}]}]}
RESULT: {"actions":[{"id":"action8","type":"key","parameters":{},"actions":[{"type":"keyDown","value":""},{"type":"pause","duration":10},{"type":"keyUp","value":""}]}]}
COMMAND: GET /session/5c358710dd67d6f9b9172afd6139f77d/screenshot - {}
RESULT: {}
RESULT: undefined
COMMAND: POST /session/5c358710dd67d6f9b9172afd6139f77d/execute/async - {"script":"<script> [776 bytes]","args":[{"enterText":"tag-duplicate","selector":{"id":"tagInputAdd","viewName":"etm.portal.ui.managerequests.view.NewRequest","interaction":{"idSuffix":"inner"}},"clearTextFirst":true,"interactionType":"ENTER_TEXT"}]}
RESULT: {"script":"<script> [776 bytes]","args":[{"enterText":"tag-duplicate","selector":{"id":"tagInputAdd","viewName":"etm.portal.ui.managerequests.view.NewRequest","interaction":{"idSuffix":"inner"}},"clearTextFirst":true,"interactionType":"ENTER_TEXT"}]}
COMMAND: POST /session/5c358710dd67d6f9b9172afd6139f77d/actions - {"actions":[{"id":"action9","type":"key","parameters":{},"actions":[{"type":"keyDown","value":""},{"type":"pause","duration":10},{"type":"keyUp","value":""}]}]}
RESULT: {"actions":[{"id":"action9","type":"key","parameters":{},"actions":[{"type":"keyDown","value":""},{"type":"pause","duration":10},{"type":"keyUp","value":""}]}]}
COMMAND: GET /session/5c358710dd67d6f9b9172afd6139f77d/screenshot - {}
RESULT: {}
COMMAND: POST /session/5c358710dd67d6f9b9172afd6139f77d/execute/async - {"script":"<script> [1562 bytes]","args":[{"selector":{"id":"tagsLayoutAdd","viewName":"etm.portal.ui.managerequests.view.NewRequest"},"wdio_ui5_key":"tagsLayoutAddetmportal.ui.managerequests.view.NewRequest"}]}
RESULT: {"script":"<script> [1562 bytes]","args":[{"selector":{"id":"tagsLayoutAdd","viewName":"etm.portal.ui.managerequests.view.NewRequest"},"wdio_ui5_key":"tagsLayoutAddetmportal.ui.managerequests.view.NewRequest"}]}
RESULT: undefined
COMMAND: POST /session/5c358710dd67d6f9b9172afd6139f77d/execute/async - {"script":"<script> [6424 bytes]","args":[{"element-6066-11e4-a52e-4f735466cecf":"f.25FA1F70EC8D54F37F57A975E3D7688B.d.8794AF5A43FE6F7E097853BE6E1B397A.e.2929"},"getTokens",[]]}
RESULT: {"script":"<script> [6424 bytes]","args":[{"element-6066-11e4-a52e-4f735466cecf":"f.25FA1F70EC8D54F37F57A975E3D7688B.d.8794AF5A43FE6F7E097853BE6E1B397A.e.2929"},"getTokens",[]]}
COMMAND: POST /session/5c358710dd67d6f9b9172afd6139f77d/execute/async - {"script":"<script> [1562 bytes]","args":[{"wdio_ui5_key":"__token9","selector":{"id":"__token9"}}]}
COMMAND: POST /session/5c358710dd67d6f9b9172afd6139f77d/execute/async - {"script":"<script> [1562 bytes]","args":[{"wdio_ui5_key":"__token10","selector":{"id":"__token10"}}]}
COMMAND: POST /session/5c358710dd67d6f9b9172afd6139f77d/execute/async - {"script":"<script> [1562 bytes]","args":[{"wdio_ui5_key":"__token8","selector":{"id":"__token8"}}]}
RESULT: {"script":"<script> [1562 bytes]","args":[{"wdio_ui5_key":"__token9","selector":{"id":"__token9"}}]}
RESULT: undefined
RESULT: {"script":"<script> [1562 bytes]","args":[{"wdio_ui5_key":"__token8","selector":{"id":"__token8"}}]}
RESULT: undefined
RESULT: {"script":"<script> [1562 bytes]","args":[{"wdio_ui5_key":"__token10","selector":{"id":"__token10"}}]}
RESULT: undefined
COMMAND: POST /session/5c358710dd67d6f9b9172afd6139f77d/execute/async - {"script":"<script> [1562 bytes]","args":[{"selector":{"controlType":"sap.ui.core.Icon","viewName":"etm.portal.ui.managerequests.view.NewRequest","properties":{"src":{"regex":{"source":"decline"}}},"ancestor":{"controlType":"sap.m.Token","viewName":"etm.portal.ui.managerequests.view.NewRequest","properties":{"text":"tag-duplicate"}}},"wdio_ui5_key":"etmportal.ui.managerequests.view.NewRequestsap.ui.core.Icon{\"src\":{\"regex\":{\"source\":\"decline\"}}}{\"controlType\":\"sap.m.Token\",\"viewName\":\"etm.portal.ui.managerequests.view.NewRequest\",\"properties\":{\"text\":\"tag-duplicate\"}}"}]}
RESULT: {"script":"<script> [1562 bytes]","args":[{"selector":{"controlType":"sap.ui.core.Icon","viewName":"etm.portal.ui.managerequests.view.NewRequest","properties":{"src":{"regex":{"source":"decline"}}},"ancestor":{"controlType":"sap.m.Token","viewName":"etm.portal.ui.managerequests.view.NewRequest","properties":{"text":"tag-duplicate"}}},"wdio_ui5_key":"etmportal.ui.managerequests.view.NewRequestsap.ui.core.Icon{\"src\":{\"regex\":{\"source\":\"decline\"}}}{\"controlType\":\"sap.m.Token\",\"viewName\":\"etm.portal.ui.managerequests.view.NewRequest\",\"properties\":{\"text\":\"tag-duplicate\"}}"}]}
RESULT: undefined
COMMAND: POST /session/5c358710dd67d6f9b9172afd6139f77d/element - {"using":"xpath","value":"//*[@id=\"__token10-icon\"]"}
RESULT: {"using":"xpath","value":"//*[@id=\"__token10-icon\"]"}
COMMAND: POST /session/5c358710dd67d6f9b9172afd6139f77d/element/f.25FA1F70EC8D54F37F57A975E3D7688B.d.8794AF5A43FE6F7E097853BE6E1B397A.e.2960/click - {}
RESULT: {}
COMMAND: POST /session/5c358710dd67d6f9b9172afd6139f77d/execute/async - {"script":"<script> [1562 bytes]","args":[{"selector":{"controlType":"sap.ui.core.Icon","viewName":"etm.portal.ui.managerequests.view.NewRequest","properties":{"src":{"regex":{"source":"decline"}}},"ancestor":{"controlType":"sap.m.Token","viewName":"etm.portal.ui.managerequests.view.NewRequest","properties":{"text":"tag1"}}},"wdio_ui5_key":"etmportal.ui.managerequests.view.NewRequestsap.ui.core.Icon{\"src\":{\"regex\":{\"source\":\"decline\"}}}{\"controlType\":\"sap.m.Token\",\"viewName\":\"etm.portal.ui.managerequests.view.NewRequest\",\"properties\":{\"text\":\"tag1\"}}"}]}
COMMAND: GET /session/5c358710dd67d6f9b9172afd6139f77d/screenshot - {}
RESULT: {"script":"<script> [1562 bytes]","args":[{"selector":{"controlType":"sap.ui.core.Icon","viewName":"etm.portal.ui.managerequests.view.NewRequest","properties":{"src":{"regex":{"source":"decline"}}},"ancestor":{"controlType":"sap.m.Token","viewName":"etm.portal.ui.managerequests.view.NewRequest","properties":{"text":"tag1"}}},"wdio_ui5_key":"etmportal.ui.managerequests.view.NewRequestsap.ui.core.Icon{\"src\":{\"regex\":{\"source\":\"decline\"}}}{\"controlType\":\"sap.m.Token\",\"viewName\":\"etm.portal.ui.managerequests.view.NewRequest\",\"properties\":{\"text\":\"tag1\"}}"}]}
RESULT: undefined
RESULT: {}
COMMAND: POST /session/5c358710dd67d6f9b9172afd6139f77d/actions - {"actions":[{"id":"action10","type":"key","parameters":{},"actions":[{"type":"keyDown","value":""},{"type":"pause","duration":10},{"type":"keyUp","value":""}]}]}
RESULT: {"actions":[{"id":"action10","type":"key","parameters":{},"actions":[{"type":"keyDown","value":""},{"type":"pause","duration":10},{"type":"keyUp","value":""}]}]}
COMMAND: GET /session/5c358710dd67d6f9b9172afd6139f77d/screenshot - {}
RESULT: {}
RESULT: undefined
COMMAND: POST /session/5c358710dd67d6f9b9172afd6139f77d/execute/async - {"script":"<script> [6424 bytes]","args":[{"element-6066-11e4-a52e-4f735466cecf":"f.25FA1F70EC8D54F37F57A975E3D7688B.d.8794AF5A43FE6F7E097853BE6E1B397A.e.2929"},"getTokens",[]]}
RESULT: {"script":"<script> [6424 bytes]","args":[{"element-6066-11e4-a52e-4f735466cecf":"f.25FA1F70EC8D54F37F57A975E3D7688B.d.8794AF5A43FE6F7E097853BE6E1B397A.e.2929"},"getTokens",[]]}
RESULT: undefined
RESULT: undefined
COMMAND: POST /session/5c358710dd67d6f9b9172afd6139f77d/execute/async - {"script":"<script> [1562 bytes]","args":[{"selector":{"controlType":"sap.m.Button","viewName":"etm.portal.ui.managerequests.view.NewRequest","properties":{"text":"Items"},"interaction":{"idSuffix":"BDI-content"}},"wdio_ui5_key":"etmportal.ui.managerequests.view.NewRequestsap.m.Button{\"text\":\"Items\"}"}]}
RESULT: {"script":"<script> [1562 bytes]","args":[{"selector":{"controlType":"sap.m.Button","viewName":"etm.portal.ui.managerequests.view.NewRequest","properties":{"text":"Items"},"interaction":{"idSuffix":"BDI-content"}},"wdio_ui5_key":"etmportal.ui.managerequests.view.NewRequestsap.m.Button{\"text\":\"Items\"}"}]}
RESULT: undefined
COMMAND: POST /session/5c358710dd67d6f9b9172afd6139f77d/element - {"using":"xpath","value":"//*[@id=\"__xmlview59--newRequestPage-anchBar-__xmlview59--requestItemsSection-anchor\"]"}
RESULT: {"using":"xpath","value":"//*[@id=\"__xmlview59--newRequestPage-anchBar-__xmlview59--requestItemsSection-anchor\"]"}
COMMAND: POST /session/5c358710dd67d6f9b9172afd6139f77d/element/f.25FA1F70EC8D54F37F57A975E3D7688B.d.8794AF5A43FE6F7E097853BE6E1B397A.e.2967/click - {}
RESULT: {}
COMMAND: GET /session/5c358710dd67d6f9b9172afd6139f77d/screenshot - {}
RESULT: {}
COMMAND: POST /session/5c358710dd67d6f9b9172afd6139f77d/execute/async - {"script":"<script> [1562 bytes]","args":[{"selector":{"controlType":"sap.ui.core.Icon","viewName":"etm.portal.ui.managerequests.view.NewRequest","properties":{"src":{"regex":{"source":"inspect"}}}},"wdio_ui5_key":"etmportal.ui.managerequests.view.NewRequestsap.ui.core.Icon{\"src\":{\"regex\":{\"source\":\"inspect\"}}}"}]}
RESULT: {"script":"<script> [1562 bytes]","args":[{"selector":{"controlType":"sap.ui.core.Icon","viewName":"etm.portal.ui.managerequests.view.NewRequest","properties":{"src":{"regex":{"source":"inspect"}}}},"wdio_ui5_key":"etmportal.ui.managerequests.view.NewRequestsap.ui.core.Icon{\"src\":{\"regex\":{\"source\":\"inspect\"}}}"}]}
RESULT: undefined
COMMAND: POST /session/5c358710dd67d6f9b9172afd6139f77d/element - {"using":"xpath","value":"//*[@id=\"__button114-img\"]"}
RESULT: {"using":"xpath","value":"//*[@id=\"__button114-img\"]"}
COMMAND: POST /session/5c358710dd67d6f9b9172afd6139f77d/element/f.25FA1F70EC8D54F37F57A975E3D7688B.d.8794AF5A43FE6F7E097853BE6E1B397A.e.2972/click - {}
RESULT: {}
COMMAND: GET /session/5c358710dd67d6f9b9172afd6139f77d/screenshot - {}
RESULT: {}
COMMAND: POST /session/5c358710dd67d6f9b9172afd6139f77d/execute/async - {"script":"<script> [1562 bytes]","args":[{"selector":{"controlType":"sap.ui.core.Icon","viewName":"etm.portal.ui.managerequests.view.NewRequest","properties":{"src":{"regex":{"source":"add"}}}},"wdio_ui5_key":"etmportal.ui.managerequests.view.NewRequestsap.ui.core.Icon{\"src\":{\"regex\":{\"source\":\"add\"}}}"}]}
RESULT: {"script":"<script> [1562 bytes]","args":[{"selector":{"controlType":"sap.ui.core.Icon","viewName":"etm.portal.ui.managerequests.view.NewRequest","properties":{"src":{"regex":{"source":"add"}}}},"wdio_ui5_key":"etmportal.ui.managerequests.view.NewRequestsap.ui.core.Icon{\"src\":{\"regex\":{\"source\":\"add\"}}}"}]}
RESULT: undefined
COMMAND: POST /session/5c358710dd67d6f9b9172afd6139f77d/element - {"using":"xpath","value":"//*[@id=\"__xmlview59--btnAddTableRow-img\"]"}
RESULT: {"using":"xpath","value":"//*[@id=\"__xmlview59--btnAddTableRow-img\"]"}
COMMAND: POST /session/5c358710dd67d6f9b9172afd6139f77d/element/f.25FA1F70EC8D54F37F57A975E3D7688B.d.8794AF5A43FE6F7E097853BE6E1B397A.e.2771/click - {}
RESULT: {}
COMMAND: GET /session/5c358710dd67d6f9b9172afd6139f77d/screenshot - {}
RESULT: {}
COMMAND: POST /session/5c358710dd67d6f9b9172afd6139f77d/execute/async - {"script":"<script> [1562 bytes]","args":[{"selector":{"controlType":"sap.ui.unified.MenuItem","viewName":"etm.portal.ui.managerequests.view.NewRequest","i18NText":{"propertyName":"text","key":"standardEntry"},"searchOpenDialogs":true,"interaction":{"idSuffix":"txt"}},"wdio_ui5_key":"etmportal.ui.managerequests.view.NewRequestsap.ui.unified.MenuItem{\"propertyName\":\"text\",\"key\":\"standardEntry\"}"}]}
RESULT: {"script":"<script> [1562 bytes]","args":[{"selector":{"controlType":"sap.ui.unified.MenuItem","viewName":"etm.portal.ui.managerequests.view.NewRequest","i18NText":{"propertyName":"text","key":"standardEntry"},"searchOpenDialogs":true,"interaction":{"idSuffix":"txt"}},"wdio_ui5_key":"etmportal.ui.managerequests.view.NewRequestsap.ui.unified.MenuItem{\"propertyName\":\"text\",\"key\":\"standardEntry\"}"}]}
RESULT: undefined
COMMAND: POST /session/5c358710dd67d6f9b9172afd6139f77d/element - {"using":"xpath","value":"//*[@id=\"__item1092\"]"}
RESULT: {"using":"xpath","value":"//*[@id=\"__item1092\"]"}
COMMAND: POST /session/5c358710dd67d6f9b9172afd6139f77d/element/f.25FA1F70EC8D54F37F57A975E3D7688B.d.8794AF5A43FE6F7E097853BE6E1B397A.e.2980/click - {}
RESULT: {}
COMMAND: GET /session/5c358710dd67d6f9b9172afd6139f77d/screenshot - {}
RESULT: {}
RESULT: undefined
COMMAND: POST /session/5c358710dd67d6f9b9172afd6139f77d/element - {"using":"xpath","value":"//*[@id=\"__xmlview59--btnAddTableRow-img\"]"}
RESULT: {"using":"xpath","value":"//*[@id=\"__xmlview59--btnAddTableRow-img\"]"}
COMMAND: POST /session/5c358710dd67d6f9b9172afd6139f77d/element/f.25FA1F70EC8D54F37F57A975E3D7688B.d.8794AF5A43FE6F7E097853BE6E1B397A.e.2771/click - {}
RESULT: {}
COMMAND: GET /session/5c358710dd67d6f9b9172afd6139f77d/screenshot - {}
RESULT: {}
RESULT: undefined
COMMAND: POST /session/5c358710dd67d6f9b9172afd6139f77d/element - {"using":"xpath","value":"//*[@id=\"__item1092\"]"}
RESULT: {"using":"xpath","value":"//*[@id=\"__item1092\"]"}
COMMAND: POST /session/5c358710dd67d6f9b9172afd6139f77d/element/f.25FA1F70EC8D54F37F57A975E3D7688B.d.8794AF5A43FE6F7E097853BE6E1B397A.e.3001/click - {}
RESULT: {}
COMMAND: GET /session/5c358710dd67d6f9b9172afd6139f77d/screenshot - {}
RESULT: {}
COMMAND: POST /session/5c358710dd67d6f9b9172afd6139f77d/element - {"using":"xpath","value":"(//input[contains(@id ,\"requestItemsTable-0-inner\")])[5]"}
RESULT: {"using":"xpath","value":"(//input[contains(@id ,\"requestItemsTable-0-inner\")])[5]"}
COMMAND: POST /session/5c358710dd67d6f9b9172afd6139f77d/element/f.25FA1F70EC8D54F37F57A975E3D7688B.d.8794AF5A43FE6F7E097853BE6E1B397A.e.2992/clear - {}
RESULT: {}
COMMAND: POST /session/5c358710dd67d6f9b9172afd6139f77d/element/f.25FA1F70EC8D54F37F57A975E3D7688B.d.8794AF5A43FE6F7E097853BE6E1B397A.e.2992/value - {"text":"1000001"}
COMMAND: GET /session/5c358710dd67d6f9b9172afd6139f77d/screenshot - {}
RESULT: {"text":"1000001"}
COMMAND: GET /session/5c358710dd67d6f9b9172afd6139f77d/screenshot - {}
RESULT: {}
RESULT: {}
COMMAND: POST /session/5c358710dd67d6f9b9172afd6139f77d/actions - {"actions":[{"id":"action11","type":"key","parameters":{},"actions":[{"type":"keyDown","value":""},{"type":"pause","duration":10},{"type":"keyUp","value":""}]}]}
RESULT: {"actions":[{"id":"action11","type":"key","parameters":{},"actions":[{"type":"keyDown","value":""},{"type":"pause","duration":10},{"type":"keyUp","value":""}]}]}
COMMAND: POST /session/5c358710dd67d6f9b9172afd6139f77d/element - {"using":"xpath","value":"(//input[contains(@id ,\"requestItemsTable-1-inner\")])[5]"}
COMMAND: GET /session/5c358710dd67d6f9b9172afd6139f77d/screenshot - {}
RESULT: {"using":"xpath","value":"(//input[contains(@id ,\"requestItemsTable-1-inner\")])[5]"}
COMMAND: POST /session/5c358710dd67d6f9b9172afd6139f77d/element/f.25FA1F70EC8D54F37F57A975E3D7688B.d.8794AF5A43FE6F7E097853BE6E1B397A.e.3007/clear - {}
RESULT: {}
RESULT: {}
COMMAND: POST /session/5c358710dd67d6f9b9172afd6139f77d/element/f.25FA1F70EC8D54F37F57A975E3D7688B.d.8794AF5A43FE6F7E097853BE6E1B397A.e.3007/value - {"text":"1000002"}
COMMAND: GET /session/5c358710dd67d6f9b9172afd6139f77d/screenshot - {}
RESULT: {"text":"1000002"}
COMMAND: GET /session/5c358710dd67d6f9b9172afd6139f77d/screenshot - {}
RESULT: {}
RESULT: {}
COMMAND: POST /session/5c358710dd67d6f9b9172afd6139f77d/actions - {"actions":[{"id":"action12","type":"key","parameters":{},"actions":[{"type":"keyDown","value":""},{"type":"pause","duration":10},{"type":"keyUp","value":""}]}]}
RESULT: {"actions":[{"id":"action12","type":"key","parameters":{},"actions":[{"type":"keyDown","value":""},{"type":"pause","duration":10},{"type":"keyUp","value":""}]}]}
COMMAND: POST /session/5c358710dd67d6f9b9172afd6139f77d/execute/async - {"script":"<script> [1562 bytes]","args":[{"selector":{"controlType":"sap.m.Input","viewName":"etm.portal.ui.managerequests.view.NewRequest","bindingPath":{"path":"","propertyPath":"/Tags","modelName":"catalogModel"},"ancestor":{"controlType":"sap.m.ColumnListItem","viewName":"etm.portal.ui.managerequests.view.NewRequest","bindingPath":{"modelName":"newRequestItems","path":"/RequestItems/0"},"ancestor":{"id":"requestItemsTable","viewName":"etm.portal.ui.managerequests.view.NewRequest"}},"interaction":{"idSuffix":"inner"}},"wdio_ui5_key":"etmportal.ui.managerequests.view.NewRequestsap.m.Input{\"path\":\"\",\"propertyPath\":\"/Tags\",\"modelName\":\"catalogModel\"}{\"controlType\":\"sap.m.ColumnListItem\",\"viewName\":\"etm.portal.ui.managerequests.view.NewRequest\",\"bindingPath\":{\"modelName\":\"newRequestItems\",\"path\":\"/RequestItems/0\"},\"ancestor\":{\"id\":\"requestItemsTable\",\"viewName\":\"etm.portal.ui.managerequests.view.NewRequest\"}}"}]}
COMMAND: GET /session/5c358710dd67d6f9b9172afd6139f77d/screenshot - {}
RESULT: {"script":"<script> [1562 bytes]","args":[{"selector":{"controlType":"sap.m.Input","viewName":"etm.portal.ui.managerequests.view.NewRequest","bindingPath":{"path":"","propertyPath":"/Tags","modelName":"catalogModel"},"ancestor":{"controlType":"sap.m.ColumnListItem","viewName":"etm.portal.ui.managerequests.view.NewRequest","bindingPath":{"modelName":"newRequestItems","path":"/RequestItems/0"},"ancestor":{"id":"requestItemsTable","viewName":"etm.portal.ui.managerequests.view.NewRequest"}},"interaction":{"idSuffix":"inner"}},"wdio_ui5_key":"etmportal.ui.managerequests.view.NewRequestsap.m.Input{\"path\":\"\",\"propertyPath\":\"/Tags\",\"modelName\":\"catalogModel\"}{\"controlType\":\"sap.m.ColumnListItem\",\"viewName\":\"etm.portal.ui.managerequests.view.NewRequest\",\"bindingPath\":{\"modelName\":\"newRequestItems\",\"path\":\"/RequestItems/0\"},\"ancestor\":{\"id\":\"requestItemsTable\",\"viewName\":\"etm.portal.ui.managerequests.view.NewRequest\"}}"}]}
RESULT: undefined
COMMAND: POST /session/5c358710dd67d6f9b9172afd6139f77d/execute/async - {"script":"<script> [776 bytes]","args":[{"enterText":"tag1","selector":{"controlType":"sap.m.Input","viewName":"etm.portal.ui.managerequests.view.NewRequest","bindingPath":{"path":"","propertyPath":"/Tags","modelName":"catalogModel"},"ancestor":{"controlType":"sap.m.ColumnListItem","viewName":"etm.portal.ui.managerequests.view.NewRequest","bindingPath":{"modelName":"newRequestItems","path":"/RequestItems/0"},"ancestor":{"id":"requestItemsTable","viewName":"etm.portal.ui.managerequests.view.NewRequest"}},"interaction":{"idSuffix":"inner"}},"clearTextFirst":true,"interactionType":"ENTER_TEXT"}]}
RESULT: {}
RESULT: {"script":"<script> [776 bytes]","args":[{"enterText":"tag1","selector":{"controlType":"sap.m.Input","viewName":"etm.portal.ui.managerequests.view.NewRequest","bindingPath":{"path":"","propertyPath":"/Tags","modelName":"catalogModel"},"ancestor":{"controlType":"sap.m.ColumnListItem","viewName":"etm.portal.ui.managerequests.view.NewRequest","bindingPath":{"modelName":"newRequestItems","path":"/RequestItems/0"},"ancestor":{"id":"requestItemsTable","viewName":"etm.portal.ui.managerequests.view.NewRequest"}},"interaction":{"idSuffix":"inner"}},"clearTextFirst":true,"interactionType":"ENTER_TEXT"}]}
COMMAND: POST /session/5c358710dd67d6f9b9172afd6139f77d/actions - {"actions":[{"id":"action13","type":"key","parameters":{},"actions":[{"type":"keyDown","value":""},{"type":"pause","duration":10},{"type":"keyUp","value":""}]}]}
RESULT: {"actions":[{"id":"action13","type":"key","parameters":{},"actions":[{"type":"keyDown","value":""},{"type":"pause","duration":10},{"type":"keyUp","value":""}]}]}
RESULT: undefined
COMMAND: POST /session/5c358710dd67d6f9b9172afd6139f77d/execute/async - {"script":"<script> [776 bytes]","args":[{"enterText":"tag-duplicate","selector":{"controlType":"sap.m.Input","viewName":"etm.portal.ui.managerequests.view.NewRequest","bindingPath":{"path":"","propertyPath":"/Tags","modelName":"catalogModel"},"ancestor":{"controlType":"sap.m.ColumnListItem","viewName":"etm.portal.ui.managerequests.view.NewRequest","bindingPath":{"modelName":"newRequestItems","path":"/RequestItems/0"},"ancestor":{"id":"requestItemsTable","viewName":"etm.portal.ui.managerequests.view.NewRequest"}},"interaction":{"idSuffix":"inner"}},"clearTextFirst":true,"interactionType":"ENTER_TEXT"}]}
COMMAND: GET /session/5c358710dd67d6f9b9172afd6139f77d/screenshot - {}
RESULT: {"script":"<script> [776 bytes]","args":[{"enterText":"tag-duplicate","selector":{"controlType":"sap.m.Input","viewName":"etm.portal.ui.managerequests.view.NewRequest","bindingPath":{"path":"","propertyPath":"/Tags","modelName":"catalogModel"},"ancestor":{"controlType":"sap.m.ColumnListItem","viewName":"etm.portal.ui.managerequests.view.NewRequest","bindingPath":{"modelName":"newRequestItems","path":"/RequestItems/0"},"ancestor":{"id":"requestItemsTable","viewName":"etm.portal.ui.managerequests.view.NewRequest"}},"interaction":{"idSuffix":"inner"}},"clearTextFirst":true,"interactionType":"ENTER_TEXT"}]}
RESULT: {}
COMMAND: POST /session/5c358710dd67d6f9b9172afd6139f77d/actions - {"actions":[{"id":"action14","type":"key","parameters":{},"actions":[{"type":"keyDown","value":""},{"type":"pause","duration":10},{"type":"keyUp","value":""}]}]}
RESULT: {"actions":[{"id":"action14","type":"key","parameters":{},"actions":[{"type":"keyDown","value":""},{"type":"pause","duration":10},{"type":"keyUp","value":""}]}]}
COMMAND: GET /session/5c358710dd67d6f9b9172afd6139f77d/screenshot - {}
RESULT: {}
COMMAND: POST /session/5c358710dd67d6f9b9172afd6139f77d/execute/async - {"script":"<script> [1562 bytes]","args":[{"selector":{"controlType":"sap.m.Input","viewName":"etm.portal.ui.managerequests.view.NewRequest","bindingPath":{"path":"","propertyPath":"/Tags","modelName":"catalogModel"},"ancestor":{"controlType":"sap.m.ColumnListItem","viewName":"etm.portal.ui.managerequests.view.NewRequest","bindingPath":{"modelName":"newRequestItems","path":"/RequestItems/1"},"ancestor":{"id":"requestItemsTable","viewName":"etm.portal.ui.managerequests.view.NewRequest"}},"interaction":{"idSuffix":"inner"}},"wdio_ui5_key":"etmportal.ui.managerequests.view.NewRequestsap.m.Input{\"path\":\"\",\"propertyPath\":\"/Tags\",\"modelName\":\"catalogModel\"}{\"controlType\":\"sap.m.ColumnListItem\",\"viewName\":\"etm.portal.ui.managerequests.view.NewRequest\",\"bindingPath\":{\"modelName\":\"newRequestItems\",\"path\":\"/RequestItems/1\"},\"ancestor\":{\"id\":\"requestItemsTable\",\"viewName\":\"etm.portal.ui.managerequests.view.NewRequest\"}}"}]}
RESULT: {"script":"<script> [1562 bytes]","args":[{"selector":{"controlType":"sap.m.Input","viewName":"etm.portal.ui.managerequests.view.NewRequest","bindingPath":{"path":"","propertyPath":"/Tags","modelName":"catalogModel"},"ancestor":{"controlType":"sap.m.ColumnListItem","viewName":"etm.portal.ui.managerequests.view.NewRequest","bindingPath":{"modelName":"newRequestItems","path":"/RequestItems/1"},"ancestor":{"id":"requestItemsTable","viewName":"etm.portal.ui.managerequests.view.NewRequest"}},"interaction":{"idSuffix":"inner"}},"wdio_ui5_key":"etmportal.ui.managerequests.view.NewRequestsap.m.Input{\"path\":\"\",\"propertyPath\":\"/Tags\",\"modelName\":\"catalogModel\"}{\"controlType\":\"sap.m.ColumnListItem\",\"viewName\":\"etm.portal.ui.managerequests.view.NewRequest\",\"bindingPath\":{\"modelName\":\"newRequestItems\",\"path\":\"/RequestItems/1\"},\"ancestor\":{\"id\":\"requestItemsTable\",\"viewName\":\"etm.portal.ui.managerequests.view.NewRequest\"}}"}]}
RESULT: undefined
COMMAND: POST /session/5c358710dd67d6f9b9172afd6139f77d/execute/async - {"script":"<script> [776 bytes]","args":[{"enterText":"tag1","selector":{"controlType":"sap.m.Input","viewName":"etm.portal.ui.managerequests.view.NewRequest","bindingPath":{"path":"","propertyPath":"/Tags","modelName":"catalogModel"},"ancestor":{"controlType":"sap.m.ColumnListItem","viewName":"etm.portal.ui.managerequests.view.NewRequest","bindingPath":{"modelName":"newRequestItems","path":"/RequestItems/1"},"ancestor":{"id":"requestItemsTable","viewName":"etm.portal.ui.managerequests.view.NewRequest"}},"interaction":{"idSuffix":"inner"}},"clearTextFirst":true,"interactionType":"ENTER_TEXT"}]}
RESULT: {"script":"<script> [776 bytes]","args":[{"enterText":"tag1","selector":{"controlType":"sap.m.Input","viewName":"etm.portal.ui.managerequests.view.NewRequest","bindingPath":{"path":"","propertyPath":"/Tags","modelName":"catalogModel"},"ancestor":{"controlType":"sap.m.ColumnListItem","viewName":"etm.portal.ui.managerequests.view.NewRequest","bindingPath":{"modelName":"newRequestItems","path":"/RequestItems/1"},"ancestor":{"id":"requestItemsTable","viewName":"etm.portal.ui.managerequests.view.NewRequest"}},"interaction":{"idSuffix":"inner"}},"clearTextFirst":true,"interactionType":"ENTER_TEXT"}]}
COMMAND: POST /session/5c358710dd67d6f9b9172afd6139f77d/actions - {"actions":[{"id":"action15","type":"key","parameters":{},"actions":[{"type":"keyDown","value":""},{"type":"pause","duration":10},{"type":"keyUp","value":""}]}]}
RESULT: {"actions":[{"id":"action15","type":"key","parameters":{},"actions":[{"type":"keyDown","value":""},{"type":"pause","duration":10},{"type":"keyUp","value":""}]}]}
RESULT: undefined
COMMAND: POST /session/5c358710dd67d6f9b9172afd6139f77d/execute/async - {"script":"<script> [776 bytes]","args":[{"enterText":"tag-duplicate","selector":{"controlType":"sap.m.Input","viewName":"etm.portal.ui.managerequests.view.NewRequest","bindingPath":{"path":"","propertyPath":"/Tags","modelName":"catalogModel"},"ancestor":{"controlType":"sap.m.ColumnListItem","viewName":"etm.portal.ui.managerequests.view.NewRequest","bindingPath":{"modelName":"newRequestItems","path":"/RequestItems/1"},"ancestor":{"id":"requestItemsTable","viewName":"etm.portal.ui.managerequests.view.NewRequest"}},"interaction":{"idSuffix":"inner"}},"clearTextFirst":true,"interactionType":"ENTER_TEXT"}]}
COMMAND: GET /session/5c358710dd67d6f9b9172afd6139f77d/screenshot - {}
RESULT: {"script":"<script> [776 bytes]","args":[{"enterText":"tag-duplicate","selector":{"controlType":"sap.m.Input","viewName":"etm.portal.ui.managerequests.view.NewRequest","bindingPath":{"path":"","propertyPath":"/Tags","modelName":"catalogModel"},"ancestor":{"controlType":"sap.m.ColumnListItem","viewName":"etm.portal.ui.managerequests.view.NewRequest","bindingPath":{"modelName":"newRequestItems","path":"/RequestItems/1"},"ancestor":{"id":"requestItemsTable","viewName":"etm.portal.ui.managerequests.view.NewRequest"}},"interaction":{"idSuffix":"inner"}},"clearTextFirst":true,"interactionType":"ENTER_TEXT"}]}
RESULT: {}
COMMAND: POST /session/5c358710dd67d6f9b9172afd6139f77d/actions - {"actions":[{"id":"action16","type":"key","parameters":{},"actions":[{"type":"keyDown","value":""},{"type":"pause","duration":10},{"type":"keyUp","value":""}]}]}
RESULT: {"actions":[{"id":"action16","type":"key","parameters":{},"actions":[{"type":"keyDown","value":""},{"type":"pause","duration":10},{"type":"keyUp","value":""}]}]}
COMMAND: GET /session/5c358710dd67d6f9b9172afd6139f77d/screenshot - {}
RESULT: {}
COMMAND: POST /session/5c358710dd67d6f9b9172afd6139f77d/execute/async - {"script":"<script> [1562 bytes]","args":[{"selector":{"controlType":"sap.ui.core.Icon","viewName":"etm.portal.ui.managerequests.view.NewRequest","properties":{"src":{"regex":{"source":"slim\\-arrow\\-down"}}},"ancestor":{"controlType":"sap.m.Button","viewName":"etm.portal.ui.managerequests.view.NewRequest","properties":{"icon":"sap-icon://slim-arrow-down"}}},"wdio_ui5_key":"etmportal.ui.managerequests.view.NewRequestsap.ui.core.Icon{\"src\":{\"regex\":{\"source\":\"slim\\\\-arrow\\\\-down\"}}}{\"controlType\":\"sap.m.Button\",\"viewName\":\"etm.portal.ui.managerequests.view.NewRequest\",\"properties\":{\"icon\":\"sap-icon://slim-arrow-down\"}}"}]}
RESULT: {"script":"<script> [1562 bytes]","args":[{"selector":{"controlType":"sap.ui.core.Icon","viewName":"etm.portal.ui.managerequests.view.NewRequest","properties":{"src":{"regex":{"source":"slim\\-arrow\\-down"}}},"ancestor":{"controlType":"sap.m.Button","viewName":"etm.portal.ui.managerequests.view.NewRequest","properties":{"icon":"sap-icon://slim-arrow-down"}}},"wdio_ui5_key":"etmportal.ui.managerequests.view.NewRequestsap.ui.core.Icon{\"src\":{\"regex\":{\"source\":\"slim\\\\-arrow\\\\-down\"}}}{\"controlType\":\"sap.m.Button\",\"viewName\":\"etm.portal.ui.managerequests.view.NewRequest\",\"properties\":{\"icon\":\"sap-icon://slim-arrow-down\"}}"}]}
RESULT: undefined
COMMAND: POST /session/5c358710dd67d6f9b9172afd6139f77d/element - {"using":"xpath","value":"//*[@id=\"__title25-expandBtn-img\"]"}
RESULT: {"using":"xpath","value":"//*[@id=\"__title25-expandBtn-img\"]"}
COMMAND: POST /session/5c358710dd67d6f9b9172afd6139f77d/element/f.25FA1F70EC8D54F37F57A975E3D7688B.d.8794AF5A43FE6F7E097853BE6E1B397A.e.3052/click - {}
RESULT: {}
COMMAND: GET /session/5c358710dd67d6f9b9172afd6139f77d/screenshot - {}
RESULT: {}
COMMAND: POST /session/5c358710dd67d6f9b9172afd6139f77d/element - {"using":"xpath","value":"//div[contains(@data-kt ,\"splitAllocationObjectStatus\")]"}
RESULT: {"using":"xpath","value":"//div[contains(@data-kt ,\"splitAllocationObjectStatus\")]"}
COMMAND: POST /session/5c358710dd67d6f9b9172afd6139f77d/elements - {"using":"xpath","value":"//div[contains(@data-kt ,\"splitAllocationObjectStatus\")]"}
RESULT: {"using":"xpath","value":"//div[contains(@data-kt ,\"splitAllocationObjectStatus\")]"}
COMMAND: POST /session/5c358710dd67d6f9b9172afd6139f77d/execute/async - {"script":"<script> [1562 bytes]","args":[{"selector":{"controlType":"sap.ui.core.Icon","viewName":"etm.portal.ui.managerequests.view.NewRequest","properties":{"src":{"regex":{"source":"message\\-error"}}},"ancestor":{"controlType":"sap.m.ColumnListItem","viewName":"etm.portal.ui.managerequests.view.NewRequest","bindingPath":{"modelName":"newRequestItems","path":"/RequestItems/0"},"ancestor":{"id":"requestItemsTable","viewName":"etm.portal.ui.managerequests.view.NewRequest"}}},"wdio_ui5_key":"etmportal.ui.managerequests.view.NewRequestsap.ui.core.Icon{\"src\":{\"regex\":{\"source\":\"message\\\\-error\"}}}{\"controlType\":\"sap.m.ColumnListItem\",\"viewName\":\"etm.portal.ui.managerequests.view.NewRequest\",\"bindingPath\":{\"modelName\":\"newRequestItems\",\"path\":\"/RequestItems/0\"},\"ancestor\":{\"id\":\"requestItemsTable\",\"viewName\":\"etm.portal.ui.managerequests.view.NewRequest\"}}"}]}
RESULT: {"script":"<script> [1562 bytes]","args":[{"selector":{"controlType":"sap.ui.core.Icon","viewName":"etm.portal.ui.managerequests.view.NewRequest","properties":{"src":{"regex":{"source":"message\\-error"}}},"ancestor":{"controlType":"sap.m.ColumnListItem","viewName":"etm.portal.ui.managerequests.view.NewRequest","bindingPath":{"modelName":"newRequestItems","path":"/RequestItems/0"},"ancestor":{"id":"requestItemsTable","viewName":"etm.portal.ui.managerequests.view.NewRequest"}}},"wdio_ui5_key":"etmportal.ui.managerequests.view.NewRequestsap.ui.core.Icon{\"src\":{\"regex\":{\"source\":\"message\\\\-error\"}}}{\"controlType\":\"sap.m.ColumnListItem\",\"viewName\":\"etm.portal.ui.managerequests.view.NewRequest\",\"bindingPath\":{\"modelName\":\"newRequestItems\",\"path\":\"/RequestItems/0\"},\"ancestor\":{\"id\":\"requestItemsTable\",\"viewName\":\"etm.portal.ui.managerequests.view.NewRequest\"}}"}]}
RESULT: undefined
COMMAND: POST /session/5c358710dd67d6f9b9172afd6139f77d/element - {"using":"xpath","value":"//*[@id=\"__status6-__xmlview59--requestItemsTable-0-icon\"]"}
RESULT: {"using":"xpath","value":"//*[@id=\"__status6-__xmlview59--requestItemsTable-0-icon\"]"}
COMMAND: POST /session/5c358710dd67d6f9b9172afd6139f77d/element/f.25FA1F70EC8D54F37F57A975E3D7688B.d.8794AF5A43FE6F7E097853BE6E1B397A.e.3033/click - {}
RESULT: {}
COMMAND: GET /session/5c358710dd67d6f9b9172afd6139f77d/screenshot - {}
RESULT: {}
COMMAND: POST /session/5c358710dd67d6f9b9172afd6139f77d/execute/async - {"script":"<script> [1562 bytes]","args":[{"selector":{"id":"costObjectAdminTypeComboBox","viewName":"etm.portal.ui.managerequests.view.NewRequest","searchOpenDialogs":true,"interaction":{"idSuffix":"inner"}},"wdio_ui5_key":"costObjectAdminTypeComboBoxetmportal.ui.managerequests.view.NewRequest"}]}
RESULT: {"script":"<script> [1562 bytes]","args":[{"selector":{"id":"costObjectAdminTypeComboBox","viewName":"etm.portal.ui.managerequests.view.NewRequest","searchOpenDialogs":true,"interaction":{"idSuffix":"inner"}},"wdio_ui5_key":"costObjectAdminTypeComboBoxetmportal.ui.managerequests.view.NewRequest"}]}
RESULT: undefined
COMMAND: POST /session/5c358710dd67d6f9b9172afd6139f77d/execute/async - {"script":"<script> [776 bytes]","args":[{"enterText":"Cost Center","selector":{"id":"costObjectAdminTypeComboBox","viewName":"etm.portal.ui.managerequests.view.NewRequest","searchOpenDialogs":true,"interaction":{"idSuffix":"inner"}},"clearTextFirst":true,"interactionType":"ENTER_TEXT"}]}
RESULT: {"script":"<script> [776 bytes]","args":[{"enterText":"Cost Center","selector":{"id":"costObjectAdminTypeComboBox","viewName":"etm.portal.ui.managerequests.view.NewRequest","searchOpenDialogs":true,"interaction":{"idSuffix":"inner"}},"clearTextFirst":true,"interactionType":"ENTER_TEXT"}]}
COMMAND: POST /session/5c358710dd67d6f9b9172afd6139f77d/actions - {"actions":[{"id":"action17","type":"key","parameters":{},"actions":[{"type":"keyDown","value":""},{"type":"pause","duration":10},{"type":"keyUp","value":""}]}]}
RESULT: {"actions":[{"id":"action17","type":"key","parameters":{},"actions":[{"type":"keyDown","value":""},{"type":"pause","duration":10},{"type":"keyUp","value":""}]}]}
COMMAND: GET /session/5c358710dd67d6f9b9172afd6139f77d/screenshot - {}
RESULT: {}
COMMAND: POST /session/5c358710dd67d6f9b9172afd6139f77d/execute/async - {"script":"<script> [1562 bytes]","args":[{"selector":{"id":"costObjectIdComboBox","viewName":"etm.portal.ui.managerequests.view.NewRequest","searchOpenDialogs":true,"interaction":{"idSuffix":"inner"}},"wdio_ui5_key":"costObjectIdComboBoxetmportal.ui.managerequests.view.NewRequest"}]}
RESULT: {"script":"<script> [1562 bytes]","args":[{"selector":{"id":"costObjectIdComboBox","viewName":"etm.portal.ui.managerequests.view.NewRequest","searchOpenDialogs":true,"interaction":{"idSuffix":"inner"}},"wdio_ui5_key":"costObjectIdComboBoxetmportal.ui.managerequests.view.NewRequest"}]}
RESULT: undefined
COMMAND: POST /session/5c358710dd67d6f9b9172afd6139f77d/execute/async - {"script":"<script> [776 bytes]","args":[{"enterText":"1001 - 1001","selector":{"id":"costObjectIdComboBox","viewName":"etm.portal.ui.managerequests.view.NewRequest","searchOpenDialogs":true,"interaction":{"idSuffix":"inner"}},"clearTextFirst":true,"interactionType":"ENTER_TEXT"}]}
RESULT: {"script":"<script> [776 bytes]","args":[{"enterText":"1001 - 1001","selector":{"id":"costObjectIdComboBox","viewName":"etm.portal.ui.managerequests.view.NewRequest","searchOpenDialogs":true,"interaction":{"idSuffix":"inner"}},"clearTextFirst":true,"interactionType":"ENTER_TEXT"}]}
COMMAND: POST /session/5c358710dd67d6f9b9172afd6139f77d/actions - {"actions":[{"id":"action18","type":"key","parameters":{},"actions":[{"type":"keyDown","value":""},{"type":"pause","duration":10},{"type":"keyUp","value":""}]}]}
RESULT: {"actions":[{"id":"action18","type":"key","parameters":{},"actions":[{"type":"keyDown","value":""},{"type":"pause","duration":10},{"type":"keyUp","value":""}]}]}
COMMAND: GET /session/5c358710dd67d6f9b9172afd6139f77d/screenshot - {}
RESULT: {}
COMMAND: POST /session/5c358710dd67d6f9b9172afd6139f77d/element - {"using":"xpath","value":"(//bdi[(text() = 'Save' or . = 'Save')])[1]"}
RESULT: {"using":"xpath","value":"(//bdi[(text() = 'Save' or . = 'Save')])[1]"}
COMMAND: POST /session/5c358710dd67d6f9b9172afd6139f77d/element/f.25FA1F70EC8D54F37F57A975E3D7688B.d.8794AF5A43FE6F7E097853BE6E1B397A.e.3070/click - {}
RESULT: {}
COMMAND: POST /session/5c358710dd67d6f9b9172afd6139f77d/execute/async - {"script":"<script> [1562 bytes]","args":[{"selector":{"controlType":"sap.ui.core.Icon","viewName":"etm.portal.ui.managerequests.view.NewRequest","properties":{"src":{"regex":{"source":"message\\-error"}}},"ancestor":{"controlType":"sap.m.ColumnListItem","viewName":"etm.portal.ui.managerequests.view.NewRequest","bindingPath":{"modelName":"newRequestItems","path":"/RequestItems/1"},"ancestor":{"id":"requestItemsTable","viewName":"etm.portal.ui.managerequests.view.NewRequest"}}},"wdio_ui5_key":"etmportal.ui.managerequests.view.NewRequestsap.ui.core.Icon{\"src\":{\"regex\":{\"source\":\"message\\\\-error\"}}}{\"controlType\":\"sap.m.ColumnListItem\",\"viewName\":\"etm.portal.ui.managerequests.view.NewRequest\",\"bindingPath\":{\"modelName\":\"newRequestItems\",\"path\":\"/RequestItems/1\"},\"ancestor\":{\"id\":\"requestItemsTable\",\"viewName\":\"etm.portal.ui.managerequests.view.NewRequest\"}}"}]}
COMMAND: GET /session/5c358710dd67d6f9b9172afd6139f77d/screenshot - {}
RESULT: {"script":"<script> [1562 bytes]","args":[{"selector":{"controlType":"sap.ui.core.Icon","viewName":"etm.portal.ui.managerequests.view.NewRequest","properties":{"src":{"regex":{"source":"message\\-error"}}},"ancestor":{"controlType":"sap.m.ColumnListItem","viewName":"etm.portal.ui.managerequests.view.NewRequest","bindingPath":{"modelName":"newRequestItems","path":"/RequestItems/1"},"ancestor":{"id":"requestItemsTable","viewName":"etm.portal.ui.managerequests.view.NewRequest"}}},"wdio_ui5_key":"etmportal.ui.managerequests.view.NewRequestsap.ui.core.Icon{\"src\":{\"regex\":{\"source\":\"message\\\\-error\"}}}{\"controlType\":\"sap.m.ColumnListItem\",\"viewName\":\"etm.portal.ui.managerequests.view.NewRequest\",\"bindingPath\":{\"modelName\":\"newRequestItems\",\"path\":\"/RequestItems/1\"},\"ancestor\":{\"id\":\"requestItemsTable\",\"viewName\":\"etm.portal.ui.managerequests.view.NewRequest\"}}"}]}
RESULT: undefined
COMMAND: POST /session/5c358710dd67d6f9b9172afd6139f77d/element - {"using":"xpath","value":"//*[@id=\"__status6-__xmlview59--requestItemsTable-1-icon\"]"}
RESULT: {}
RESULT: {"using":"xpath","value":"//*[@id=\"__status6-__xmlview59--requestItemsTable-1-icon\"]"}
COMMAND: POST /session/5c358710dd67d6f9b9172afd6139f77d/element/f.25FA1F70EC8D54F37F57A975E3D7688B.d.8794AF5A43FE6F7E097853BE6E1B397A.e.3050/click - {}
RESULT: {}
COMMAND: GET /session/5c358710dd67d6f9b9172afd6139f77d/screenshot - {}
RESULT: {}
RESULT: undefined
COMMAND: POST /session/5c358710dd67d6f9b9172afd6139f77d/execute/async - {"script":"<script> [776 bytes]","args":[{"enterText":"Cost Center","selector":{"id":"costObjectAdminTypeComboBox","viewName":"etm.portal.ui.managerequests.view.NewRequest","searchOpenDialogs":true,"interaction":{"idSuffix":"inner"}},"clearTextFirst":true,"interactionType":"ENTER_TEXT"}]}
RESULT: {"script":"<script> [776 bytes]","args":[{"enterText":"Cost Center","selector":{"id":"costObjectAdminTypeComboBox","viewName":"etm.portal.ui.managerequests.view.NewRequest","searchOpenDialogs":true,"interaction":{"idSuffix":"inner"}},"clearTextFirst":true,"interactionType":"ENTER_TEXT"}]}
COMMAND: POST /session/5c358710dd67d6f9b9172afd6139f77d/actions - {"actions":[{"id":"action19","type":"key","parameters":{},"actions":[{"type":"keyDown","value":""},{"type":"pause","duration":10},{"type":"keyUp","value":""}]}]}
RESULT: {"actions":[{"id":"action19","type":"key","parameters":{},"actions":[{"type":"keyDown","value":""},{"type":"pause","duration":10},{"type":"keyUp","value":""}]}]}
COMMAND: GET /session/5c358710dd67d6f9b9172afd6139f77d/screenshot - {}
RESULT: {}
RESULT: undefined
COMMAND: POST /session/5c358710dd67d6f9b9172afd6139f77d/execute/async - {"script":"<script> [776 bytes]","args":[{"enterText":"1001 - 1001","selector":{"id":"costObjectIdComboBox","viewName":"etm.portal.ui.managerequests.view.NewRequest","searchOpenDialogs":true,"interaction":{"idSuffix":"inner"}},"clearTextFirst":true,"interactionType":"ENTER_TEXT"}]}
RESULT: {"script":"<script> [776 bytes]","args":[{"enterText":"1001 - 1001","selector":{"id":"costObjectIdComboBox","viewName":"etm.portal.ui.managerequests.view.NewRequest","searchOpenDialogs":true,"interaction":{"idSuffix":"inner"}},"clearTextFirst":true,"interactionType":"ENTER_TEXT"}]}
COMMAND: POST /session/5c358710dd67d6f9b9172afd6139f77d/actions - {"actions":[{"id":"action20","type":"key","parameters":{},"actions":[{"type":"keyDown","value":""},{"type":"pause","duration":10},{"type":"keyUp","value":""}]}]}
RESULT: {"actions":[{"id":"action20","type":"key","parameters":{},"actions":[{"type":"keyDown","value":""},{"type":"pause","duration":10},{"type":"keyUp","value":""}]}]}
COMMAND: GET /session/5c358710dd67d6f9b9172afd6139f77d/screenshot - {}
RESULT: {}
COMMAND: POST /session/5c358710dd67d6f9b9172afd6139f77d/element - {"using":"xpath","value":"(//bdi[(text() = 'Save' or . = 'Save')])[1]"}
RESULT: {"using":"xpath","value":"(//bdi[(text() = 'Save' or . = 'Save')])[1]"}
COMMAND: POST /session/5c358710dd67d6f9b9172afd6139f77d/element/f.25FA1F70EC8D54F37F57A975E3D7688B.d.8794AF5A43FE6F7E097853BE6E1B397A.e.3081/click - {}
RESULT: {}
COMMAND: POST /session/5c358710dd67d6f9b9172afd6139f77d/execute/async - {"script":"<script> [1562 bytes]","args":[{"selector":{"controlType":"sap.ui.core.Icon","viewName":"etm.portal.ui.managerequests.view.NewRequest","properties":{"src":{"regex":{"source":"decline"}}},"ancestor":{"controlType":"sap.m.Token","viewName":"etm.portal.ui.managerequests.view.NewRequest","bindingPath":{"path":"/RequestItems/0/TOKENS/0","propertyPath":"TAG","modelName":"newRequestItems"}}},"wdio_ui5_key":"etmportal.ui.managerequests.view.NewRequestsap.ui.core.Icon{\"src\":{\"regex\":{\"source\":\"decline\"}}}{\"controlType\":\"sap.m.Token\",\"viewName\":\"etm.portal.ui.managerequests.view.NewRequest\",\"bindingPath\":{\"path\":\"/RequestItems/0/TOKENS/0\",\"propertyPath\":\"TAG\",\"modelName\":\"newRequestItems\"}}"}]}
COMMAND: GET /session/5c358710dd67d6f9b9172afd6139f77d/screenshot - {}
RESULT: {"script":"<script> [1562 bytes]","args":[{"selector":{"controlType":"sap.ui.core.Icon","viewName":"etm.portal.ui.managerequests.view.NewRequest","properties":{"src":{"regex":{"source":"decline"}}},"ancestor":{"controlType":"sap.m.Token","viewName":"etm.portal.ui.managerequests.view.NewRequest","bindingPath":{"path":"/RequestItems/0/TOKENS/0","propertyPath":"TAG","modelName":"newRequestItems"}}},"wdio_ui5_key":"etmportal.ui.managerequests.view.NewRequestsap.ui.core.Icon{\"src\":{\"regex\":{\"source\":\"decline\"}}}{\"controlType\":\"sap.m.Token\",\"viewName\":\"etm.portal.ui.managerequests.view.NewRequest\",\"bindingPath\":{\"path\":\"/RequestItems/0/TOKENS/0\",\"propertyPath\":\"TAG\",\"modelName\":\"newRequestItems\"}}"}]}
RESULT: undefined
COMMAND: POST /session/5c358710dd67d6f9b9172afd6139f77d/element - {"using":"xpath","value":"//*[@id=\"__token7-__tokenizer62-__xmlview59--requestItemsTable-0-0-icon\"]"}
RESULT: {}
RESULT: {"using":"xpath","value":"//*[@id=\"__token7-__tokenizer62-__xmlview59--requestItemsTable-0-0-icon\"]"}
COMMAND: POST /session/5c358710dd67d6f9b9172afd6139f77d/element/f.25FA1F70EC8D54F37F57A975E3D7688B.d.8794AF5A43FE6F7E097853BE6E1B397A.e.3083/click - {}
RESULT: {}
COMMAND: GET /session/5c358710dd67d6f9b9172afd6139f77d/screenshot - {}
RESULT: {}
COMMAND: POST /session/5c358710dd67d6f9b9172afd6139f77d/actions - {"actions":[{"id":"action21","type":"key","parameters":{},"actions":[{"type":"keyDown","value":""},{"type":"pause","duration":10},{"type":"keyUp","value":""}]}]}
RESULT: {"actions":[{"id":"action21","type":"key","parameters":{},"actions":[{"type":"keyDown","value":""},{"type":"pause","duration":10},{"type":"keyUp","value":""}]}]}
COMMAND: GET /session/5c358710dd67d6f9b9172afd6139f77d/screenshot - {}
RESULT: {}
COMMAND: POST /session/5c358710dd67d6f9b9172afd6139f77d/execute/async - {"script":"<script> [1562 bytes]","args":[{"selector":{"controlType":"sap.m.Tokenizer","viewName":"etm.portal.ui.managerequests.view.NewRequest","bindingPath":{"path":"/RequestItems/0","propertyPath":"TOKENS","modelName":"newRequestItems"}},"wdio_ui5_key":"etmportal.ui.managerequests.view.NewRequestsap.m.Tokenizer{\"path\":\"/RequestItems/0\",\"propertyPath\":\"TOKENS\",\"modelName\":\"newRequestItems\"}"}]}
RESULT: {"script":"<script> [1562 bytes]","args":[{"selector":{"controlType":"sap.m.Tokenizer","viewName":"etm.portal.ui.managerequests.view.NewRequest","bindingPath":{"path":"/RequestItems/0","propertyPath":"TOKENS","modelName":"newRequestItems"}},"wdio_ui5_key":"etmportal.ui.managerequests.view.NewRequestsap.m.Tokenizer{\"path\":\"/RequestItems/0\",\"propertyPath\":\"TOKENS\",\"modelName\":\"newRequestItems\"}"}]}
RESULT: undefined
COMMAND: POST /session/5c358710dd67d6f9b9172afd6139f77d/execute/async - {"script":"<script> [6424 bytes]","args":[{"element-6066-11e4-a52e-4f735466cecf":"f.25FA1F70EC8D54F37F57A975E3D7688B.d.8794AF5A43FE6F7E097853BE6E1B397A.e.3089"},"getTokens",[]]}
RESULT: {"script":"<script> [6424 bytes]","args":[{"element-6066-11e4-a52e-4f735466cecf":"f.25FA1F70EC8D54F37F57A975E3D7688B.d.8794AF5A43FE6F7E097853BE6E1B397A.e.3089"},"getTokens",[]]}
COMMAND: POST /session/5c358710dd67d6f9b9172afd6139f77d/execute/async - {"script":"<script> [1562 bytes]","args":[{"wdio_ui5_key":"__token7-__tokenizer62-__xmlview59--requestItemsTable-0-0","selector":{"id":"__token7-__tokenizer62-__xmlview59--requestItemsTable-0-0"}}]}
RESULT: {"script":"<script> [1562 bytes]","args":[{"wdio_ui5_key":"__token7-__tokenizer62-__xmlview59--requestItemsTable-0-0","selector":{"id":"__token7-__tokenizer62-__xmlview59--requestItemsTable-0-0"}}]}
RESULT: undefined
RESULT: undefined
COMMAND: POST /session/5c358710dd67d6f9b9172afd6139f77d/execute/async - {"script":"<script> [776 bytes]","args":[{"enterText":"tagRequest1","selector":{"controlType":"sap.m.Input","viewName":"etm.portal.ui.managerequests.view.NewRequest","bindingPath":{"path":"","propertyPath":"/Tags","modelName":"catalogModel"},"ancestor":{"controlType":"sap.m.ColumnListItem","viewName":"etm.portal.ui.managerequests.view.NewRequest","bindingPath":{"modelName":"newRequestItems","path":"/RequestItems/0"},"ancestor":{"id":"requestItemsTable","viewName":"etm.portal.ui.managerequests.view.NewRequest"}},"interaction":{"idSuffix":"inner"}},"clearTextFirst":true,"interactionType":"ENTER_TEXT"}]}
RESULT: {"script":"<script> [776 bytes]","args":[{"enterText":"tagRequest1","selector":{"controlType":"sap.m.Input","viewName":"etm.portal.ui.managerequests.view.NewRequest","bindingPath":{"path":"","propertyPath":"/Tags","modelName":"catalogModel"},"ancestor":{"controlType":"sap.m.ColumnListItem","viewName":"etm.portal.ui.managerequests.view.NewRequest","bindingPath":{"modelName":"newRequestItems","path":"/RequestItems/0"},"ancestor":{"id":"requestItemsTable","viewName":"etm.portal.ui.managerequests.view.NewRequest"}},"interaction":{"idSuffix":"inner"}},"clearTextFirst":true,"interactionType":"ENTER_TEXT"}]}
COMMAND: POST /session/5c358710dd67d6f9b9172afd6139f77d/actions - {"actions":[{"id":"action22","type":"key","parameters":{},"actions":[{"type":"keyDown","value":""},{"type":"pause","duration":10},{"type":"keyUp","value":""}]}]}
RESULT: {"actions":[{"id":"action22","type":"key","parameters":{},"actions":[{"type":"keyDown","value":""},{"type":"pause","duration":10},{"type":"keyUp","value":""}]}]}
COMMAND: GET /session/5c358710dd67d6f9b9172afd6139f77d/screenshot - {}
RESULT: {}
RESULT: undefined
COMMAND: POST /session/5c358710dd67d6f9b9172afd6139f77d/execute/async - {"script":"<script> [6424 bytes]","args":[{"element-6066-11e4-a52e-4f735466cecf":"f.25FA1F70EC8D54F37F57A975E3D7688B.d.8794AF5A43FE6F7E097853BE6E1B397A.e.3089"},"getTokens",[]]}
RESULT: {"script":"<script> [6424 bytes]","args":[{"element-6066-11e4-a52e-4f735466cecf":"f.25FA1F70EC8D54F37F57A975E3D7688B.d.8794AF5A43FE6F7E097853BE6E1B397A.e.3089"},"getTokens",[]]}
COMMAND: POST /session/5c358710dd67d6f9b9172afd6139f77d/execute/async - {"script":"<script> [1562 bytes]","args":[{"wdio_ui5_key":"__token7-__tokenizer62-__xmlview59--requestItemsTable-0-1","selector":{"id":"__token7-__tokenizer62-__xmlview59--requestItemsTable-0-1"}}]}
RESULT: undefined
RESULT: {"script":"<script> [1562 bytes]","args":[{"wdio_ui5_key":"__token7-__tokenizer62-__xmlview59--requestItemsTable-0-1","selector":{"id":"__token7-__tokenizer62-__xmlview59--requestItemsTable-0-1"}}]}
RESULT: undefined
COMMAND: POST /session/5c358710dd67d6f9b9172afd6139f77d/execute/async - {"script":"<script> [1562 bytes]","args":[{"selector":{"controlType":"sap.ui.core.Icon","viewName":"etm.portal.ui.managerequests.view.NewRequest","properties":{"src":{"regex":{"source":"decline"}}},"ancestor":{"controlType":"sap.m.Token","viewName":"etm.portal.ui.managerequests.view.NewRequest","bindingPath":{"path":"/RequestItems/1/TOKENS/0","propertyPath":"TAG","modelName":"newRequestItems"}}},"wdio_ui5_key":"etmportal.ui.managerequests.view.NewRequestsap.ui.core.Icon{\"src\":{\"regex\":{\"source\":\"decline\"}}}{\"controlType\":\"sap.m.Token\",\"viewName\":\"etm.portal.ui.managerequests.view.NewRequest\",\"bindingPath\":{\"path\":\"/RequestItems/1/TOKENS/0\",\"propertyPath\":\"TAG\",\"modelName\":\"newRequestItems\"}}"}]}
RESULT: {"script":"<script> [1562 bytes]","args":[{"selector":{"controlType":"sap.ui.core.Icon","viewName":"etm.portal.ui.managerequests.view.NewRequest","properties":{"src":{"regex":{"source":"decline"}}},"ancestor":{"controlType":"sap.m.Token","viewName":"etm.portal.ui.managerequests.view.NewRequest","bindingPath":{"path":"/RequestItems/1/TOKENS/0","propertyPath":"TAG","modelName":"newRequestItems"}}},"wdio_ui5_key":"etmportal.ui.managerequests.view.NewRequestsap.ui.core.Icon{\"src\":{\"regex\":{\"source\":\"decline\"}}}{\"controlType\":\"sap.m.Token\",\"viewName\":\"etm.portal.ui.managerequests.view.NewRequest\",\"bindingPath\":{\"path\":\"/RequestItems/1/TOKENS/0\",\"propertyPath\":\"TAG\",\"modelName\":\"newRequestItems\"}}"}]}
RESULT: undefined
COMMAND: POST /session/5c358710dd67d6f9b9172afd6139f77d/element - {"using":"xpath","value":"//*[@id=\"__token7-__tokenizer62-__xmlview59--requestItemsTable-1-0-icon\"]"}
RESULT: {"using":"xpath","value":"//*[@id=\"__token7-__tokenizer62-__xmlview59--requestItemsTable-1-0-icon\"]"}
COMMAND: POST /session/5c358710dd67d6f9b9172afd6139f77d/element/f.25FA1F70EC8D54F37F57A975E3D7688B.d.8794AF5A43FE6F7E097853BE6E1B397A.e.3091/click - {}
RESULT: {}
COMMAND: GET /session/5c358710dd67d6f9b9172afd6139f77d/screenshot - {}
RESULT: {}
COMMAND: POST /session/5c358710dd67d6f9b9172afd6139f77d/actions - {"actions":[{"id":"action23","type":"key","parameters":{},"actions":[{"type":"keyDown","value":""},{"type":"pause","duration":10},{"type":"keyUp","value":""}]}]}
RESULT: {"actions":[{"id":"action23","type":"key","parameters":{},"actions":[{"type":"keyDown","value":""},{"type":"pause","duration":10},{"type":"keyUp","value":""}]}]}
COMMAND: GET /session/5c358710dd67d6f9b9172afd6139f77d/screenshot - {}
RESULT: {}
COMMAND: POST /session/5c358710dd67d6f9b9172afd6139f77d/execute/async - {"script":"<script> [1562 bytes]","args":[{"selector":{"controlType":"sap.m.Tokenizer","viewName":"etm.portal.ui.managerequests.view.NewRequest","bindingPath":{"path":"/RequestItems/1","propertyPath":"TOKENS","modelName":"newRequestItems"}},"wdio_ui5_key":"etmportal.ui.managerequests.view.NewRequestsap.m.Tokenizer{\"path\":\"/RequestItems/1\",\"propertyPath\":\"TOKENS\",\"modelName\":\"newRequestItems\"}"}]}
RESULT: {"script":"<script> [1562 bytes]","args":[{"selector":{"controlType":"sap.m.Tokenizer","viewName":"etm.portal.ui.managerequests.view.NewRequest","bindingPath":{"path":"/RequestItems/1","propertyPath":"TOKENS","modelName":"newRequestItems"}},"wdio_ui5_key":"etmportal.ui.managerequests.view.NewRequestsap.m.Tokenizer{\"path\":\"/RequestItems/1\",\"propertyPath\":\"TOKENS\",\"modelName\":\"newRequestItems\"}"}]}
RESULT: undefined
COMMAND: POST /session/5c358710dd67d6f9b9172afd6139f77d/execute/async - {"script":"<script> [6424 bytes]","args":[{"element-6066-11e4-a52e-4f735466cecf":"f.25FA1F70EC8D54F37F57A975E3D7688B.d.8794AF5A43FE6F7E097853BE6E1B397A.e.3097"},"getTokens",[]]}
RESULT: {"script":"<script> [6424 bytes]","args":[{"element-6066-11e4-a52e-4f735466cecf":"f.25FA1F70EC8D54F37F57A975E3D7688B.d.8794AF5A43FE6F7E097853BE6E1B397A.e.3097"},"getTokens",[]]}
COMMAND: POST /session/5c358710dd67d6f9b9172afd6139f77d/execute/async - {"script":"<script> [1562 bytes]","args":[{"wdio_ui5_key":"__token7-__tokenizer62-__xmlview59--requestItemsTable-1-0","selector":{"id":"__token7-__tokenizer62-__xmlview59--requestItemsTable-1-0"}}]}
RESULT: {"script":"<script> [1562 bytes]","args":[{"wdio_ui5_key":"__token7-__tokenizer62-__xmlview59--requestItemsTable-1-0","selector":{"id":"__token7-__tokenizer62-__xmlview59--requestItemsTable-1-0"}}]}
RESULT: undefined
RESULT: undefined
COMMAND: POST /session/5c358710dd67d6f9b9172afd6139f77d/execute/async - {"script":"<script> [776 bytes]","args":[{"enterText":"tagRequest1","selector":{"controlType":"sap.m.Input","viewName":"etm.portal.ui.managerequests.view.NewRequest","bindingPath":{"path":"","propertyPath":"/Tags","modelName":"catalogModel"},"ancestor":{"controlType":"sap.m.ColumnListItem","viewName":"etm.portal.ui.managerequests.view.NewRequest","bindingPath":{"modelName":"newRequestItems","path":"/RequestItems/1"},"ancestor":{"id":"requestItemsTable","viewName":"etm.portal.ui.managerequests.view.NewRequest"}},"interaction":{"idSuffix":"inner"}},"clearTextFirst":true,"interactionType":"ENTER_TEXT"}]}
RESULT: {"script":"<script> [776 bytes]","args":[{"enterText":"tagRequest1","selector":{"controlType":"sap.m.Input","viewName":"etm.portal.ui.managerequests.view.NewRequest","bindingPath":{"path":"","propertyPath":"/Tags","modelName":"catalogModel"},"ancestor":{"controlType":"sap.m.ColumnListItem","viewName":"etm.portal.ui.managerequests.view.NewRequest","bindingPath":{"modelName":"newRequestItems","path":"/RequestItems/1"},"ancestor":{"id":"requestItemsTable","viewName":"etm.portal.ui.managerequests.view.NewRequest"}},"interaction":{"idSuffix":"inner"}},"clearTextFirst":true,"interactionType":"ENTER_TEXT"}]}
COMMAND: POST /session/5c358710dd67d6f9b9172afd6139f77d/actions - {"actions":[{"id":"action24","type":"key","parameters":{},"actions":[{"type":"keyDown","value":""},{"type":"pause","duration":10},{"type":"keyUp","value":""}]}]}
RESULT: {"actions":[{"id":"action24","type":"key","parameters":{},"actions":[{"type":"keyDown","value":""},{"type":"pause","duration":10},{"type":"keyUp","value":""}]}]}
COMMAND: GET /session/5c358710dd67d6f9b9172afd6139f77d/screenshot - {}
RESULT: {}
RESULT: undefined
COMMAND: POST /session/5c358710dd67d6f9b9172afd6139f77d/execute/async - {"script":"<script> [6424 bytes]","args":[{"element-6066-11e4-a52e-4f735466cecf":"f.25FA1F70EC8D54F37F57A975E3D7688B.d.8794AF5A43FE6F7E097853BE6E1B397A.e.3097"},"getTokens",[]]}
RESULT: {"script":"<script> [6424 bytes]","args":[{"element-6066-11e4-a52e-4f735466cecf":"f.25FA1F70EC8D54F37F57A975E3D7688B.d.8794AF5A43FE6F7E097853BE6E1B397A.e.3097"},"getTokens",[]]}
COMMAND: POST /session/5c358710dd67d6f9b9172afd6139f77d/execute/async - {"script":"<script> [1562 bytes]","args":[{"wdio_ui5_key":"__token7-__tokenizer62-__xmlview59--requestItemsTable-1-1","selector":{"id":"__token7-__tokenizer62-__xmlview59--requestItemsTable-1-1"}}]}
RESULT: undefined
RESULT: {"script":"<script> [1562 bytes]","args":[{"wdio_ui5_key":"__token7-__tokenizer62-__xmlview59--requestItemsTable-1-1","selector":{"id":"__token7-__tokenizer62-__xmlview59--requestItemsTable-1-1"}}]}
RESULT: undefined
COMMAND: POST /session/5c358710dd67d6f9b9172afd6139f77d/execute/async - {"script":"<script> [1562 bytes]","args":[{"selector":{"controlType":"sap.m.Button","viewName":"etm.portal.ui.managerequests.view.NewRequest","properties":{"text":"Save"},"i18NText":{"propertyName":"tooltip","key":"save"},"interaction":{"idSuffix":"BDI-content"}},"wdio_ui5_key":"etmportal.ui.managerequests.view.NewRequestsap.m.Button{\"propertyName\":\"tooltip\",\"key\":\"save\"}{\"text\":\"Save\"}"}]}
RESULT: {"script":"<script> [1562 bytes]","args":[{"selector":{"controlType":"sap.m.Button","viewName":"etm.portal.ui.managerequests.view.NewRequest","properties":{"text":"Save"},"i18NText":{"propertyName":"tooltip","key":"save"},"interaction":{"idSuffix":"BDI-content"}},"wdio_ui5_key":"etmportal.ui.managerequests.view.NewRequestsap.m.Button{\"propertyName\":\"tooltip\",\"key\":\"save\"}{\"text\":\"Save\"}"}]}
RESULT: undefined
COMMAND: POST /session/5c358710dd67d6f9b9172afd6139f77d/element - {"using":"xpath","value":"//*[@id=\"__button117\"]"}
RESULT: {"using":"xpath","value":"//*[@id=\"__button117\"]"}
COMMAND: POST /session/5c358710dd67d6f9b9172afd6139f77d/element/f.25FA1F70EC8D54F37F57A975E3D7688B.d.8794AF5A43FE6F7E097853BE6E1B397A.e.2888/click - {}
RESULT: {}
COMMAND: GET /session/5c358710dd67d6f9b9172afd6139f77d/screenshot - {}
RESULT: {}
COMMAND: POST /session/5c358710dd67d6f9b9172afd6139f77d/element - {"using":"xpath","value":"//bdi[contains(@id ,\"BDI-content\")][contains(text(), \"Close\")]"}
RESULT: {"using":"xpath","value":"//bdi[contains(@id ,\"BDI-content\")][contains(text(), \"Close\")]"}
COMMAND: POST /session/5c358710dd67d6f9b9172afd6139f77d/element/f.25FA1F70EC8D54F37F57A975E3D7688B.d.8794AF5A43FE6F7E097853BE6E1B397A.e.3106/click - {}
RESULT: {}
COMMAND: GET /session/5c358710dd67d6f9b9172afd6139f77d/screenshot - {}
RESULT: {}
]]></system-out>
    </testcase>
    <testcase classname="chrome.135_0_7049_42.windows.Manage_Requests_Tags_Tests_US120163" name="Should Edit Request Tags" time="105.887">
      <system-out><![CDATA[
COMMAND: POST /session/5c358710dd67d6f9b9172afd6139f77d/execute/async - {"script":"<script> [1562 bytes]","args":[{"selector":{"controlType":"sap.ui.core.Icon","viewName":"etm.portal.ui.managerequests.view.Detail","properties":{"src":{"regex":{"source":"overflow"}}}},"wdio_ui5_key":"etmportal.ui.managerequests.view.Detailsap.ui.core.Icon{\"src\":{\"regex\":{\"source\":\"overflow\"}}}"}]}
RESULT: {"script":"<script> [1562 bytes]","args":[{"selector":{"controlType":"sap.ui.core.Icon","viewName":"etm.portal.ui.managerequests.view.Detail","properties":{"src":{"regex":{"source":"overflow"}}}},"wdio_ui5_key":"etmportal.ui.managerequests.view.Detailsap.ui.core.Icon{\"src\":{\"regex\":{\"source\":\"overflow\"}}}"}]}
RESULT: undefined
COMMAND: POST /session/5c358710dd67d6f9b9172afd6139f77d/element - {"using":"xpath","value":"//*[@id=\"__xmlview60--detailHeaderTitle-_actionsToolbar-overflowButton-img\"]"}
RESULT: {"using":"xpath","value":"//*[@id=\"__xmlview60--detailHeaderTitle-_actionsToolbar-overflowButton-img\"]"}
COMMAND: POST /session/5c358710dd67d6f9b9172afd6139f77d/element/f.25FA1F70EC8D54F37F57A975E3D7688B.d.8794AF5A43FE6F7E097853BE6E1B397A.e.3230/click - {}
RESULT: {}
COMMAND: GET /session/5c358710dd67d6f9b9172afd6139f77d/screenshot - {}
RESULT: {}
COMMAND: POST /session/5c358710dd67d6f9b9172afd6139f77d/execute/async - {"script":"<script> [1562 bytes]","args":[{"selector":{"controlType":"sap.uxap.ObjectPageHeaderActionButton","viewName":"etm.portal.ui.managerequests.view.Detail","i18NText":{"propertyName":"text","key":"edit"},"searchOpenDialogs":true,"interaction":{"idSuffix":"inner"}},"wdio_ui5_key":"etmportal.ui.managerequests.view.Detailsap.uxap.ObjectPageHeaderActionButton{\"propertyName\":\"text\",\"key\":\"edit\"}"}]}
RESULT: {"script":"<script> [1562 bytes]","args":[{"selector":{"controlType":"sap.uxap.ObjectPageHeaderActionButton","viewName":"etm.portal.ui.managerequests.view.Detail","i18NText":{"propertyName":"text","key":"edit"},"searchOpenDialogs":true,"interaction":{"idSuffix":"inner"}},"wdio_ui5_key":"etmportal.ui.managerequests.view.Detailsap.uxap.ObjectPageHeaderActionButton{\"propertyName\":\"text\",\"key\":\"edit\"}"}]}
RESULT: undefined
COMMAND: POST /session/5c358710dd67d6f9b9172afd6139f77d/element - {"using":"xpath","value":"//*[@id=\"__button138\"]"}
RESULT: {"using":"xpath","value":"//*[@id=\"__button138\"]"}
COMMAND: POST /session/5c358710dd67d6f9b9172afd6139f77d/element/f.25FA1F70EC8D54F37F57A975E3D7688B.d.8794AF5A43FE6F7E097853BE6E1B397A.e.3232/click - {}
RESULT: {}
COMMAND: GET /session/5c358710dd67d6f9b9172afd6139f77d/screenshot - {}
RESULT: {}
COMMAND: POST /session/5c358710dd67d6f9b9172afd6139f77d/execute/async - {"script":"<script> [1562 bytes]","args":[{"selector":{"controlType":"sap.ui.core.Icon","viewName":"etm.portal.ui.managerequests.view.Edit","properties":{"src":{"regex":{"source":"decline"}}},"ancestor":{"controlType":"sap.m.Token","viewName":"etm.portal.ui.managerequests.view.Edit","bindingPath":{"propertyPath":"TAG","modelName":"catalogModel"},"properties":{"text":"RefTag"}}},"wdio_ui5_key":"etmportal.ui.managerequests.view.Editsap.ui.core.Icon{\"src\":{\"regex\":{\"source\":\"decline\"}}}{\"controlType\":\"sap.m.Token\",\"viewName\":\"etm.portal.ui.managerequests.view.Edit\",\"bindingPath\":{\"propertyPath\":\"TAG\",\"modelName\":\"catalogModel\"},\"properties\":{\"text\":\"RefTag\"}}"}]}
RESULT: {"script":"<script> [1562 bytes]","args":[{"selector":{"controlType":"sap.ui.core.Icon","viewName":"etm.portal.ui.managerequests.view.Edit","properties":{"src":{"regex":{"source":"decline"}}},"ancestor":{"controlType":"sap.m.Token","viewName":"etm.portal.ui.managerequests.view.Edit","bindingPath":{"propertyPath":"TAG","modelName":"catalogModel"},"properties":{"text":"RefTag"}}},"wdio_ui5_key":"etmportal.ui.managerequests.view.Editsap.ui.core.Icon{\"src\":{\"regex\":{\"source\":\"decline\"}}}{\"controlType\":\"sap.m.Token\",\"viewName\":\"etm.portal.ui.managerequests.view.Edit\",\"bindingPath\":{\"propertyPath\":\"TAG\",\"modelName\":\"catalogModel\"},\"properties\":{\"text\":\"RefTag\"}}"}]}
RESULT: undefined
COMMAND: POST /session/5c358710dd67d6f9b9172afd6139f77d/element - {"using":"xpath","value":"//*[@id=\"__token13-__tokenizer64-0-icon\"]"}
RESULT: {"using":"xpath","value":"//*[@id=\"__token13-__tokenizer64-0-icon\"]"}
COMMAND: POST /session/5c358710dd67d6f9b9172afd6139f77d/element/f.25FA1F70EC8D54F37F57A975E3D7688B.d.8794AF5A43FE6F7E097853BE6E1B397A.e.3351/click - {}
RESULT: {}
COMMAND: POST /session/5c358710dd67d6f9b9172afd6139f77d/execute/async - {"script":"<script> [1562 bytes]","args":[{"selector":{"id":"tagMultiInputRequests","viewName":"etm.portal.ui.managerequests.view.Edit","interaction":{"idSuffix":"inner"}},"wdio_ui5_key":"tagMultiInputRequestsetmportal.ui.managerequests.view.Edit"}]}
COMMAND: GET /session/5c358710dd67d6f9b9172afd6139f77d/screenshot - {}
RESULT: {"script":"<script> [1562 bytes]","args":[{"selector":{"id":"tagMultiInputRequests","viewName":"etm.portal.ui.managerequests.view.Edit","interaction":{"idSuffix":"inner"}},"wdio_ui5_key":"tagMultiInputRequestsetmportal.ui.managerequests.view.Edit"}]}
RESULT: undefined
COMMAND: POST /session/5c358710dd67d6f9b9172afd6139f77d/execute/async - {"script":"<script> [6424 bytes]","args":[{"element-6066-11e4-a52e-4f735466cecf":"f.25FA1F70EC8D54F37F57A975E3D7688B.d.8794AF5A43FE6F7E097853BE6E1B397A.e.3266"},"getTokens",[]]}
RESULT: {}
RESULT: {"script":"<script> [6424 bytes]","args":[{"element-6066-11e4-a52e-4f735466cecf":"f.25FA1F70EC8D54F37F57A975E3D7688B.d.8794AF5A43FE6F7E097853BE6E1B397A.e.3266"},"getTokens",[]]}
COMMAND: POST /session/5c358710dd67d6f9b9172afd6139f77d/execute/async - {"script":"<script> [1562 bytes]","args":[{"wdio_ui5_key":"__token13-__tokenizer64-1","selector":{"id":"__token13-__tokenizer64-1"}}]}
RESULT: {"script":"<script> [1562 bytes]","args":[{"wdio_ui5_key":"__token13-__tokenizer64-1","selector":{"id":"__token13-__tokenizer64-1"}}]}
RESULT: undefined
RESULT: undefined
COMMAND: POST /session/5c358710dd67d6f9b9172afd6139f77d/execute/async - {"script":"<script> [776 bytes]","args":[{"enterText":"RefTag","selector":{"id":"tagMultiInputRequests","viewName":"etm.portal.ui.managerequests.view.Edit","interaction":{"idSuffix":"inner"}},"clearTextFirst":true,"interactionType":"ENTER_TEXT"}]}
RESULT: {"script":"<script> [776 bytes]","args":[{"enterText":"RefTag","selector":{"id":"tagMultiInputRequests","viewName":"etm.portal.ui.managerequests.view.Edit","interaction":{"idSuffix":"inner"}},"clearTextFirst":true,"interactionType":"ENTER_TEXT"}]}
COMMAND: POST /session/5c358710dd67d6f9b9172afd6139f77d/actions - {"actions":[{"id":"action25","type":"key","parameters":{},"actions":[{"type":"keyDown","value":""},{"type":"pause","duration":10},{"type":"keyUp","value":""}]}]}
RESULT: {"actions":[{"id":"action25","type":"key","parameters":{},"actions":[{"type":"keyDown","value":""},{"type":"pause","duration":10},{"type":"keyUp","value":""}]}]}
COMMAND: GET /session/5c358710dd67d6f9b9172afd6139f77d/screenshot - {}
RESULT: {}
RESULT: undefined
COMMAND: POST /session/5c358710dd67d6f9b9172afd6139f77d/execute/async - {"script":"<script> [6424 bytes]","args":[{"element-6066-11e4-a52e-4f735466cecf":"f.25FA1F70EC8D54F37F57A975E3D7688B.d.8794AF5A43FE6F7E097853BE6E1B397A.e.3266"},"getTokens",[]]}
RESULT: {"script":"<script> [6424 bytes]","args":[{"element-6066-11e4-a52e-4f735466cecf":"f.25FA1F70EC8D54F37F57A975E3D7688B.d.8794AF5A43FE6F7E097853BE6E1B397A.e.3266"},"getTokens",[]]}
COMMAND: POST /session/5c358710dd67d6f9b9172afd6139f77d/execute/async - {"script":"<script> [1562 bytes]","args":[{"wdio_ui5_key":"__token16","selector":{"id":"__token16"}}]}
RESULT: undefined
RESULT: {"script":"<script> [1562 bytes]","args":[{"wdio_ui5_key":"__token16","selector":{"id":"__token16"}}]}
RESULT: undefined
COMMAND: POST /session/5c358710dd67d6f9b9172afd6139f77d/execute/async - {"script":"<script> [1562 bytes]","args":[{"selector":{"controlType":"sap.m.Button","viewName":"etm.portal.ui.managerequests.view.Edit","properties":{"text":"Items (2)"},"interaction":{"idSuffix":"BDI-content"}},"wdio_ui5_key":"etmportal.ui.managerequests.view.Editsap.m.Button{\"text\":\"Items (2)\"}"}]}
RESULT: {"script":"<script> [1562 bytes]","args":[{"selector":{"controlType":"sap.m.Button","viewName":"etm.portal.ui.managerequests.view.Edit","properties":{"text":"Items (2)"},"interaction":{"idSuffix":"BDI-content"}},"wdio_ui5_key":"etmportal.ui.managerequests.view.Editsap.m.Button{\"text\":\"Items (2)\"}"}]}
RESULT: undefined
COMMAND: POST /session/5c358710dd67d6f9b9172afd6139f77d/element - {"using":"xpath","value":"//*[@id=\"__xmlview61--editRequestPage-anchBar-__xmlview61--requestItemsSection-anchor\"]"}
RESULT: {"using":"xpath","value":"//*[@id=\"__xmlview61--editRequestPage-anchBar-__xmlview61--requestItemsSection-anchor\"]"}
COMMAND: POST /session/5c358710dd67d6f9b9172afd6139f77d/element/f.25FA1F70EC8D54F37F57A975E3D7688B.d.8794AF5A43FE6F7E097853BE6E1B397A.e.3356/click - {}
RESULT: {}
COMMAND: GET /session/5c358710dd67d6f9b9172afd6139f77d/screenshot - {}
RESULT: {}
COMMAND: POST /session/5c358710dd67d6f9b9172afd6139f77d/execute/async - {"script":"<script> [1562 bytes]","args":[{"selector":{"controlType":"sap.ui.core.Icon","viewName":"etm.portal.ui.managerequests.view.Edit","properties":{"src":{"regex":{"source":"inspect"}}}},"wdio_ui5_key":"etmportal.ui.managerequests.view.Editsap.ui.core.Icon{\"src\":{\"regex\":{\"source\":\"inspect\"}}}"}]}
RESULT: {"script":"<script> [1562 bytes]","args":[{"selector":{"controlType":"sap.ui.core.Icon","viewName":"etm.portal.ui.managerequests.view.Edit","properties":{"src":{"regex":{"source":"inspect"}}}},"wdio_ui5_key":"etmportal.ui.managerequests.view.Editsap.ui.core.Icon{\"src\":{\"regex\":{\"source\":\"inspect\"}}}"}]}
RESULT: undefined
COMMAND: POST /session/5c358710dd67d6f9b9172afd6139f77d/element - {"using":"xpath","value":"//*[@id=\"__button165-img\"]"}
RESULT: {"using":"xpath","value":"//*[@id=\"__button165-img\"]"}
COMMAND: POST /session/5c358710dd67d6f9b9172afd6139f77d/element/f.25FA1F70EC8D54F37F57A975E3D7688B.d.8794AF5A43FE6F7E097853BE6E1B397A.e.3362/click - {}
RESULT: {}
COMMAND: GET /session/5c358710dd67d6f9b9172afd6139f77d/screenshot - {}
RESULT: {}
COMMAND: POST /session/5c358710dd67d6f9b9172afd6139f77d/execute/async - {"script":"<script> [1562 bytes]","args":[{"selector":{"controlType":"sap.m.Tokenizer","viewName":"etm.portal.ui.managerequests.view.Edit","bindingPath":{"path":"/RequestItems/0","propertyPath":"LINK_TO_TAGS","modelName":"RequestItemsModel"}},"wdio_ui5_key":"etmportal.ui.managerequests.view.Editsap.m.Tokenizer{\"path\":\"/RequestItems/0\",\"propertyPath\":\"LINK_TO_TAGS\",\"modelName\":\"RequestItemsModel\"}"}]}
RESULT: {"script":"<script> [1562 bytes]","args":[{"selector":{"controlType":"sap.m.Tokenizer","viewName":"etm.portal.ui.managerequests.view.Edit","bindingPath":{"path":"/RequestItems/0","propertyPath":"LINK_TO_TAGS","modelName":"RequestItemsModel"}},"wdio_ui5_key":"etmportal.ui.managerequests.view.Editsap.m.Tokenizer{\"path\":\"/RequestItems/0\",\"propertyPath\":\"LINK_TO_TAGS\",\"modelName\":\"RequestItemsModel\"}"}]}
RESULT: undefined
COMMAND: POST /session/5c358710dd67d6f9b9172afd6139f77d/element - {"using":"xpath","value":"//*[@id=\"__tokenizer66\"]"}
RESULT: {"using":"xpath","value":"//*[@id=\"__tokenizer66\"]"}
COMMAND: POST /session/5c358710dd67d6f9b9172afd6139f77d/element/f.25FA1F70EC8D54F37F57A975E3D7688B.d.8794AF5A43FE6F7E097853BE6E1B397A.e.3364/click - {}
RESULT: {}
COMMAND: GET /session/5c358710dd67d6f9b9172afd6139f77d/screenshot - {}
RESULT: {}
COMMAND: POST /session/5c358710dd67d6f9b9172afd6139f77d/execute/async - {"script":"<script> [1562 bytes]","args":[{"selector":{"controlType":"sap.ui.core.Icon","viewName":"etm.portal.ui.managerequests.view.Edit","properties":{"src":{"regex":{"source":"decline"}}},"searchOpenDialogs":true,"ancestor":{"controlType":"sap.m.StandardListItem","viewName":"etm.portal.ui.managerequests.view.Edit","properties":{"title":"tag-duplicate"},"searchOpenDialogs":true}},"wdio_ui5_key":"etmportal.ui.managerequests.view.Editsap.ui.core.Icon{\"src\":{\"regex\":{\"source\":\"decline\"}}}{\"controlType\":\"sap.m.StandardListItem\",\"viewName\":\"etm.portal.ui.managerequests.view.Edit\",\"properties\":{\"title\":\"tag-duplicate\"},\"searchOpenDialogs\":true}"}]}
RESULT: {"script":"<script> [1562 bytes]","args":[{"selector":{"controlType":"sap.ui.core.Icon","viewName":"etm.portal.ui.managerequests.view.Edit","properties":{"src":{"regex":{"source":"decline"}}},"searchOpenDialogs":true,"ancestor":{"controlType":"sap.m.StandardListItem","viewName":"etm.portal.ui.managerequests.view.Edit","properties":{"title":"tag-duplicate"},"searchOpenDialogs":true}},"wdio_ui5_key":"etmportal.ui.managerequests.view.Editsap.ui.core.Icon{\"src\":{\"regex\":{\"source\":\"decline\"}}}{\"controlType\":\"sap.m.StandardListItem\",\"viewName\":\"etm.portal.ui.managerequests.view.Edit\",\"properties\":{\"title\":\"tag-duplicate\"},\"searchOpenDialogs\":true}"}]}
RESULT: undefined
COMMAND: POST /session/5c358710dd67d6f9b9172afd6139f77d/element - {"using":"xpath","value":"//*[@id=\"__item1435-imgDel-img\"]"}
RESULT: {"using":"xpath","value":"//*[@id=\"__item1435-imgDel-img\"]"}
COMMAND: POST /session/5c358710dd67d6f9b9172afd6139f77d/element/f.25FA1F70EC8D54F37F57A975E3D7688B.d.8794AF5A43FE6F7E097853BE6E1B397A.e.3367/click - {}
RESULT: {}
COMMAND: GET /session/5c358710dd67d6f9b9172afd6139f77d/screenshot - {}
RESULT: {}
COMMAND: POST /session/5c358710dd67d6f9b9172afd6139f77d/actions - {"actions":[{"id":"action26","type":"key","parameters":{},"actions":[{"type":"keyDown","value":""},{"type":"pause","duration":10},{"type":"keyUp","value":""}]}]}
RESULT: {"actions":[{"id":"action26","type":"key","parameters":{},"actions":[{"type":"keyDown","value":""},{"type":"pause","duration":10},{"type":"keyUp","value":""}]}]}
COMMAND: POST /session/5c358710dd67d6f9b9172afd6139f77d/execute/async - {"script":"<script> [1562 bytes]","args":[{"selector":{"controlType":"sap.m.Tokenizer","viewName":"etm.portal.ui.managerequests.view.Edit","bindingPath":{"path":"/RequestItems/1","propertyPath":"LINK_TO_TAGS","modelName":"RequestItemsModel"}},"wdio_ui5_key":"etmportal.ui.managerequests.view.Editsap.m.Tokenizer{\"path\":\"/RequestItems/1\",\"propertyPath\":\"LINK_TO_TAGS\",\"modelName\":\"RequestItemsModel\"}"}]}
COMMAND: GET /session/5c358710dd67d6f9b9172afd6139f77d/screenshot - {}
RESULT: {"script":"<script> [1562 bytes]","args":[{"selector":{"controlType":"sap.m.Tokenizer","viewName":"etm.portal.ui.managerequests.view.Edit","bindingPath":{"path":"/RequestItems/1","propertyPath":"LINK_TO_TAGS","modelName":"RequestItemsModel"}},"wdio_ui5_key":"etmportal.ui.managerequests.view.Editsap.m.Tokenizer{\"path\":\"/RequestItems/1\",\"propertyPath\":\"LINK_TO_TAGS\",\"modelName\":\"RequestItemsModel\"}"}]}
RESULT: undefined
COMMAND: POST /session/5c358710dd67d6f9b9172afd6139f77d/element - {"using":"xpath","value":"//*[@id=\"__tokenizer67\"]"}
RESULT: {}
RESULT: {"using":"xpath","value":"//*[@id=\"__tokenizer67\"]"}
COMMAND: POST /session/5c358710dd67d6f9b9172afd6139f77d/element/f.25FA1F70EC8D54F37F57A975E3D7688B.d.8794AF5A43FE6F7E097853BE6E1B397A.e.3370/click - {}
RESULT: {}
COMMAND: GET /session/5c358710dd67d6f9b9172afd6139f77d/screenshot - {}
RESULT: {}
COMMAND: POST /session/5c358710dd67d6f9b9172afd6139f77d/execute/async - {"script":"<script> [1562 bytes]","args":[{"selector":{"controlType":"sap.ui.core.Icon","viewName":"etm.portal.ui.managerequests.view.Edit","properties":{"src":{"regex":{"source":"decline"}}},"searchOpenDialogs":true,"ancestor":{"controlType":"sap.m.StandardListItem","viewName":"etm.portal.ui.managerequests.view.Edit","properties":{"title":"tagRequest1"},"searchOpenDialogs":true}},"wdio_ui5_key":"etmportal.ui.managerequests.view.Editsap.ui.core.Icon{\"src\":{\"regex\":{\"source\":\"decline\"}}}{\"controlType\":\"sap.m.StandardListItem\",\"viewName\":\"etm.portal.ui.managerequests.view.Edit\",\"properties\":{\"title\":\"tagRequest1\"},\"searchOpenDialogs\":true}"}]}
RESULT: {"script":"<script> [1562 bytes]","args":[{"selector":{"controlType":"sap.ui.core.Icon","viewName":"etm.portal.ui.managerequests.view.Edit","properties":{"src":{"regex":{"source":"decline"}}},"searchOpenDialogs":true,"ancestor":{"controlType":"sap.m.StandardListItem","viewName":"etm.portal.ui.managerequests.view.Edit","properties":{"title":"tagRequest1"},"searchOpenDialogs":true}},"wdio_ui5_key":"etmportal.ui.managerequests.view.Editsap.ui.core.Icon{\"src\":{\"regex\":{\"source\":\"decline\"}}}{\"controlType\":\"sap.m.StandardListItem\",\"viewName\":\"etm.portal.ui.managerequests.view.Edit\",\"properties\":{\"title\":\"tagRequest1\"},\"searchOpenDialogs\":true}"}]}
RESULT: undefined
COMMAND: POST /session/5c358710dd67d6f9b9172afd6139f77d/element - {"using":"xpath","value":"//*[@id=\"__item1443-imgDel-img\"]"}
RESULT: {"using":"xpath","value":"//*[@id=\"__item1443-imgDel-img\"]"}
COMMAND: POST /session/5c358710dd67d6f9b9172afd6139f77d/element/f.25FA1F70EC8D54F37F57A975E3D7688B.d.8794AF5A43FE6F7E097853BE6E1B397A.e.3373/click - {}
RESULT: {}
COMMAND: GET /session/5c358710dd67d6f9b9172afd6139f77d/screenshot - {}
RESULT: {}
COMMAND: POST /session/5c358710dd67d6f9b9172afd6139f77d/execute/async - {"script":"<script> [1562 bytes]","args":[{"selector":{"controlType":"sap.ui.core.Icon","viewName":"etm.portal.ui.managerequests.view.Edit","properties":{"src":{"regex":{"source":"decline"}}},"searchOpenDialogs":true,"ancestor":{"controlType":"sap.m.StandardListItem","viewName":"etm.portal.ui.managerequests.view.Edit","properties":{"title":"RefTag"},"searchOpenDialogs":true}},"wdio_ui5_key":"etmportal.ui.managerequests.view.Editsap.ui.core.Icon{\"src\":{\"regex\":{\"source\":\"decline\"}}}{\"controlType\":\"sap.m.StandardListItem\",\"viewName\":\"etm.portal.ui.managerequests.view.Edit\",\"properties\":{\"title\":\"RefTag\"},\"searchOpenDialogs\":true}"}]}
RESULT: {"script":"<script> [1562 bytes]","args":[{"selector":{"controlType":"sap.ui.core.Icon","viewName":"etm.portal.ui.managerequests.view.Edit","properties":{"src":{"regex":{"source":"decline"}}},"searchOpenDialogs":true,"ancestor":{"controlType":"sap.m.StandardListItem","viewName":"etm.portal.ui.managerequests.view.Edit","properties":{"title":"RefTag"},"searchOpenDialogs":true}},"wdio_ui5_key":"etmportal.ui.managerequests.view.Editsap.ui.core.Icon{\"src\":{\"regex\":{\"source\":\"decline\"}}}{\"controlType\":\"sap.m.StandardListItem\",\"viewName\":\"etm.portal.ui.managerequests.view.Edit\",\"properties\":{\"title\":\"RefTag\"},\"searchOpenDialogs\":true}"}]}
RESULT: undefined
COMMAND: POST /session/5c358710dd67d6f9b9172afd6139f77d/element - {"using":"xpath","value":"//*[@id=\"__item1447-imgDel-img\"]"}
RESULT: {"using":"xpath","value":"//*[@id=\"__item1447-imgDel-img\"]"}
COMMAND: POST /session/5c358710dd67d6f9b9172afd6139f77d/element/f.25FA1F70EC8D54F37F57A975E3D7688B.d.8794AF5A43FE6F7E097853BE6E1B397A.e.3376/click - {}
RESULT: {}
COMMAND: GET /session/5c358710dd67d6f9b9172afd6139f77d/screenshot - {}
RESULT: {}
COMMAND: POST /session/5c358710dd67d6f9b9172afd6139f77d/execute/async - {"script":"<script> [1562 bytes]","args":[{"selector":{"controlType":"sap.ui.core.Icon","viewName":"etm.portal.ui.managerequests.view.Edit","properties":{"src":{"regex":{"source":"decline"}}},"searchOpenDialogs":true,"ancestor":{"controlType":"sap.m.StandardListItem","viewName":"etm.portal.ui.managerequests.view.Edit","properties":{"title":"tag-header"},"searchOpenDialogs":true}},"wdio_ui5_key":"etmportal.ui.managerequests.view.Editsap.ui.core.Icon{\"src\":{\"regex\":{\"source\":\"decline\"}}}{\"controlType\":\"sap.m.StandardListItem\",\"viewName\":\"etm.portal.ui.managerequests.view.Edit\",\"properties\":{\"title\":\"tag-header\"},\"searchOpenDialogs\":true}"}]}
RESULT: {"script":"<script> [1562 bytes]","args":[{"selector":{"controlType":"sap.ui.core.Icon","viewName":"etm.portal.ui.managerequests.view.Edit","properties":{"src":{"regex":{"source":"decline"}}},"searchOpenDialogs":true,"ancestor":{"controlType":"sap.m.StandardListItem","viewName":"etm.portal.ui.managerequests.view.Edit","properties":{"title":"tag-header"},"searchOpenDialogs":true}},"wdio_ui5_key":"etmportal.ui.managerequests.view.Editsap.ui.core.Icon{\"src\":{\"regex\":{\"source\":\"decline\"}}}{\"controlType\":\"sap.m.StandardListItem\",\"viewName\":\"etm.portal.ui.managerequests.view.Edit\",\"properties\":{\"title\":\"tag-header\"},\"searchOpenDialogs\":true}"}]}
RESULT: undefined
COMMAND: POST /session/5c358710dd67d6f9b9172afd6139f77d/element - {"using":"xpath","value":"//*[@id=\"__item1450-imgDel-img\"]"}
RESULT: {"using":"xpath","value":"//*[@id=\"__item1450-imgDel-img\"]"}
COMMAND: POST /session/5c358710dd67d6f9b9172afd6139f77d/element/f.25FA1F70EC8D54F37F57A975E3D7688B.d.8794AF5A43FE6F7E097853BE6E1B397A.e.3379/click - {}
RESULT: {}
COMMAND: GET /session/5c358710dd67d6f9b9172afd6139f77d/screenshot - {}
RESULT: {}
COMMAND: POST /session/5c358710dd67d6f9b9172afd6139f77d/actions - {"actions":[{"id":"action27","type":"key","parameters":{},"actions":[{"type":"keyDown","value":""},{"type":"pause","duration":10},{"type":"keyUp","value":""}]}]}
RESULT: {"actions":[{"id":"action27","type":"key","parameters":{},"actions":[{"type":"keyDown","value":""},{"type":"pause","duration":10},{"type":"keyUp","value":""}]}]}
COMMAND: POST /session/5c358710dd67d6f9b9172afd6139f77d/actions - {"actions":[{"id":"action28","type":"key","parameters":{},"actions":[{"type":"keyDown","value":""},{"type":"pause","duration":10},{"type":"keyUp","value":""}]}]}
COMMAND: GET /session/5c358710dd67d6f9b9172afd6139f77d/screenshot - {}
RESULT: {"actions":[{"id":"action28","type":"key","parameters":{},"actions":[{"type":"keyDown","value":""},{"type":"pause","duration":10},{"type":"keyUp","value":""}]}]}
COMMAND: GET /session/5c358710dd67d6f9b9172afd6139f77d/screenshot - {}
RESULT: {}
RESULT: {}
COMMAND: POST /session/5c358710dd67d6f9b9172afd6139f77d/execute/async - {"script":"<script> [1562 bytes]","args":[{"selector":{"controlType":"sap.m.Button","viewName":"etm.portal.ui.managerequests.view.Edit","i18NText":{"propertyName":"tooltip","key":"save"},"interaction":{"idSuffix":"BDI-content"}},"wdio_ui5_key":"etmportal.ui.managerequests.view.Editsap.m.Button{\"propertyName\":\"tooltip\",\"key\":\"save\"}"}]}
RESULT: {"script":"<script> [1562 bytes]","args":[{"selector":{"controlType":"sap.m.Button","viewName":"etm.portal.ui.managerequests.view.Edit","i18NText":{"propertyName":"tooltip","key":"save"},"interaction":{"idSuffix":"BDI-content"}},"wdio_ui5_key":"etmportal.ui.managerequests.view.Editsap.m.Button{\"propertyName\":\"tooltip\",\"key\":\"save\"}"}]}
RESULT: undefined
COMMAND: POST /session/5c358710dd67d6f9b9172afd6139f77d/element - {"using":"xpath","value":"//*[@id=\"__xmlview61--saveButtonId\"]"}
RESULT: {"using":"xpath","value":"//*[@id=\"__xmlview61--saveButtonId\"]"}
COMMAND: POST /session/5c358710dd67d6f9b9172afd6139f77d/element/f.25FA1F70EC8D54F37F57A975E3D7688B.d.8794AF5A43FE6F7E097853BE6E1B397A.e.3274/click - {}
RESULT: {}
COMMAND: GET /session/5c358710dd67d6f9b9172afd6139f77d/screenshot - {}
RESULT: {}
COMMAND: POST /session/5c358710dd67d6f9b9172afd6139f77d/execute/async - {"script":"<script> [1562 bytes]","args":[{"selector":{"id":"tagsLayoutViewMode","viewName":"etm.portal.ui.managerequests.view.Detail"},"wdio_ui5_key":"tagsLayoutViewModeetmportal.ui.managerequests.view.Detail"}]}
RESULT: {"script":"<script> [1562 bytes]","args":[{"selector":{"id":"tagsLayoutViewMode","viewName":"etm.portal.ui.managerequests.view.Detail"},"wdio_ui5_key":"tagsLayoutViewModeetmportal.ui.managerequests.view.Detail"}]}
RESULT: undefined
COMMAND: POST /session/5c358710dd67d6f9b9172afd6139f77d/execute/async - {"script":"<script> [6424 bytes]","args":[{"element-6066-11e4-a52e-4f735466cecf":"f.25FA1F70EC8D54F37F57A975E3D7688B.d.8794AF5A43FE6F7E097853BE6E1B397A.e.3508"},"getTokens",[]]}
RESULT: {"script":"<script> [6424 bytes]","args":[{"element-6066-11e4-a52e-4f735466cecf":"f.25FA1F70EC8D54F37F57A975E3D7688B.d.8794AF5A43FE6F7E097853BE6E1B397A.e.3508"},"getTokens",[]]}
COMMAND: POST /session/5c358710dd67d6f9b9172afd6139f77d/execute/async - {"script":"<script> [1562 bytes]","args":[{"wdio_ui5_key":"__token11-__xmlview60--tagsLayoutViewMode-1","selector":{"id":"__token11-__xmlview60--tagsLayoutViewMode-1"}}]}
COMMAND: POST /session/5c358710dd67d6f9b9172afd6139f77d/execute/async - {"script":"<script> [1562 bytes]","args":[{"wdio_ui5_key":"__token11-__xmlview60--tagsLayoutViewMode-0","selector":{"id":"__token11-__xmlview60--tagsLayoutViewMode-0"}}]}
RESULT: {"script":"<script> [1562 bytes]","args":[{"wdio_ui5_key":"__token11-__xmlview60--tagsLayoutViewMode-1","selector":{"id":"__token11-__xmlview60--tagsLayoutViewMode-1"}}]}
RESULT: undefined
RESULT: {"script":"<script> [1562 bytes]","args":[{"wdio_ui5_key":"__token11-__xmlview60--tagsLayoutViewMode-0","selector":{"id":"__token11-__xmlview60--tagsLayoutViewMode-0"}}]}
RESULT: undefined
COMMAND: POST /session/5c358710dd67d6f9b9172afd6139f77d/execute/async - {"script":"<script> [1562 bytes]","args":[{"selector":{"controlType":"sap.m.OverflowToolbarButton","viewName":"etm.portal.ui.managerequests.view.Detail","properties":{"text":"Settings"},"interaction":{"idSuffix":"inner"}},"wdio_ui5_key":"etmportal.ui.managerequests.view.Detailsap.m.OverflowToolbarButton{\"text\":\"Settings\"}"}]}
RESULT: {"script":"<script> [1562 bytes]","args":[{"selector":{"controlType":"sap.m.OverflowToolbarButton","viewName":"etm.portal.ui.managerequests.view.Detail","properties":{"text":"Settings"},"interaction":{"idSuffix":"inner"}},"wdio_ui5_key":"etmportal.ui.managerequests.view.Detailsap.m.OverflowToolbarButton{\"text\":\"Settings\"}"}]}
RESULT: undefined
COMMAND: POST /session/5c358710dd67d6f9b9172afd6139f77d/element - {"using":"xpath","value":"//*[@id=\"__xmlview60--smartTableRequestItems-btnPersonalisation\"]"}
RESULT: {"using":"xpath","value":"//*[@id=\"__xmlview60--smartTableRequestItems-btnPersonalisation\"]"}
COMMAND: POST /session/5c358710dd67d6f9b9172afd6139f77d/element/f.25FA1F70EC8D54F37F57A975E3D7688B.d.8794AF5A43FE6F7E097853BE6E1B397A.e.3512/click - {}
RESULT: {}
COMMAND: POST /session/5c358710dd67d6f9b9172afd6139f77d/execute/async - {"script":"<script> [1562 bytes]","args":[{"selector":{"controlType":"sap.m.SearchField","viewName":"etm.portal.ui.managerequests.view.Detail","searchOpenDialogs":true,"interaction":{"idSuffix":"I"}},"wdio_ui5_key":"etmportal.ui.managerequests.view.Detailsap.m.SearchField"}]}
COMMAND: GET /session/5c358710dd67d6f9b9172afd6139f77d/screenshot - {}
RESULT: {"script":"<script> [1562 bytes]","args":[{"selector":{"controlType":"sap.m.SearchField","viewName":"etm.portal.ui.managerequests.view.Detail","searchOpenDialogs":true,"interaction":{"idSuffix":"I"}},"wdio_ui5_key":"etmportal.ui.managerequests.view.Detailsap.m.SearchField"}]}
RESULT: undefined
COMMAND: POST /session/5c358710dd67d6f9b9172afd6139f77d/execute/async - {"script":"<script> [776 bytes]","args":[{"enterText":"tag","selector":{"controlType":"sap.m.SearchField","viewName":"etm.portal.ui.managerequests.view.Detail","searchOpenDialogs":true,"interaction":{"idSuffix":"I"}},"clearTextFirst":true,"interactionType":"ENTER_TEXT"}]}
RESULT: {}
RESULT: {"script":"<script> [776 bytes]","args":[{"enterText":"tag","selector":{"controlType":"sap.m.SearchField","viewName":"etm.portal.ui.managerequests.view.Detail","searchOpenDialogs":true,"interaction":{"idSuffix":"I"}},"clearTextFirst":true,"interactionType":"ENTER_TEXT"}]}
COMMAND: POST /session/5c358710dd67d6f9b9172afd6139f77d/element - {"using":"xpath","value":"//div[contains(@id ,\"innerSelectionPanelTable-0-selectMulti-CbBg\")]"}
RESULT: {"using":"xpath","value":"//div[contains(@id ,\"innerSelectionPanelTable-0-selectMulti-CbBg\")]"}
COMMAND: POST /session/5c358710dd67d6f9b9172afd6139f77d/element/f.25FA1F70EC8D54F37F57A975E3D7688B.d.8794AF5A43FE6F7E097853BE6E1B397A.e.3549/click - {}
RESULT: {}
COMMAND: POST /session/5c358710dd67d6f9b9172afd6139f77d/execute/async - {"script":"<script> [1562 bytes]","args":[{"selector":{"controlType":"sap.m.Button","viewName":"etm.portal.ui.managerequests.view.Detail","properties":{"text":"OK"},"searchOpenDialogs":true,"interaction":{"idSuffix":"BDI-content"}},"wdio_ui5_key":"etmportal.ui.managerequests.view.Detailsap.m.Button{\"text\":\"OK\"}"}]}
COMMAND: GET /session/5c358710dd67d6f9b9172afd6139f77d/screenshot - {}
RESULT: {"script":"<script> [1562 bytes]","args":[{"selector":{"controlType":"sap.m.Button","viewName":"etm.portal.ui.managerequests.view.Detail","properties":{"text":"OK"},"searchOpenDialogs":true,"interaction":{"idSuffix":"BDI-content"}},"wdio_ui5_key":"etmportal.ui.managerequests.view.Detailsap.m.Button{\"text\":\"OK\"}"}]}
RESULT: undefined
COMMAND: POST /session/5c358710dd67d6f9b9172afd6139f77d/element - {"using":"xpath","value":"//*[@id=\"__popup377-confirmBtn\"]"}
RESULT: {}
RESULT: {"using":"xpath","value":"//*[@id=\"__popup377-confirmBtn\"]"}
COMMAND: POST /session/5c358710dd67d6f9b9172afd6139f77d/element/f.25FA1F70EC8D54F37F57A975E3D7688B.d.8794AF5A43FE6F7E097853BE6E1B397A.e.3554/click - {}
RESULT: {}
COMMAND: GET /session/5c358710dd67d6f9b9172afd6139f77d/screenshot - {}
RESULT: {}
COMMAND: POST /session/5c358710dd67d6f9b9172afd6139f77d/execute/async - {"script":"<script> [1562 bytes]","args":[{"selector":{"controlType":"sap.m.Text","viewName":"etm.portal.ui.managerequests.view.Detail","bindingPath":{"propertyPath":"NO","modelName":"catalogModel"}},"wdio_ui5_key":"etmportal.ui.managerequests.view.Detailsap.m.Text{\"propertyPath\":\"NO\",\"modelName\":\"catalogModel\"}"}]}
RESULT: {"script":"<script> [1562 bytes]","args":[{"selector":{"controlType":"sap.m.Text","viewName":"etm.portal.ui.managerequests.view.Detail","bindingPath":{"propertyPath":"NO","modelName":"catalogModel"}},"wdio_ui5_key":"etmportal.ui.managerequests.view.Detailsap.m.Text{\"propertyPath\":\"NO\",\"modelName\":\"catalogModel\"}"}]}
RESULT: undefined
COMMAND: POST /session/5c358710dd67d6f9b9172afd6139f77d/execute/async - {"script":"<script> [6424 bytes]","args":[{"element-6066-11e4-a52e-4f735466cecf":"f.25FA1F70EC8D54F37F57A975E3D7688B.d.8794AF5A43FE6F7E097853BE6E1B397A.e.3576"},"getText",[]]}
RESULT: {"script":"<script> [6424 bytes]","args":[{"element-6066-11e4-a52e-4f735466cecf":"f.25FA1F70EC8D54F37F57A975E3D7688B.d.8794AF5A43FE6F7E097853BE6E1B397A.e.3576"},"getText",[]]}
COMMAND: POST /session/5c358710dd67d6f9b9172afd6139f77d/execute/async - {"script":"<script> [1562 bytes]","args":[{"selector":{"controlType":"sap.m.Tokenizer","viewName":"etm.portal.ui.managerequests.view.Detail","bindingPath":{"path":"/SmartRequestItemsPlanningBoard(ITEM=10m,REQUEST='20085')","propertyPath":"LINK_TO_TAGS"}},"wdio_ui5_key":"etmportal.ui.managerequests.view.Detailsap.m.Tokenizer{\"path\":\"/SmartRequestItemsPlanningBoard(ITEM=10m,REQUEST='20085')\",\"propertyPath\":\"LINK_TO_TAGS\"}"}]}
RESULT: {"script":"<script> [1562 bytes]","args":[{"selector":{"controlType":"sap.m.Tokenizer","viewName":"etm.portal.ui.managerequests.view.Detail","bindingPath":{"path":"/SmartRequestItemsPlanningBoard(ITEM=10m,REQUEST='20085')","propertyPath":"LINK_TO_TAGS"}},"wdio_ui5_key":"etmportal.ui.managerequests.view.Detailsap.m.Tokenizer{\"path\":\"/SmartRequestItemsPlanningBoard(ITEM=10m,REQUEST='20085')\",\"propertyPath\":\"LINK_TO_TAGS\"}"}]}
RESULT: undefined
COMMAND: POST /session/5c358710dd67d6f9b9172afd6139f77d/execute/async - {"script":"<script> [6424 bytes]","args":[{"element-6066-11e4-a52e-4f735466cecf":"f.25FA1F70EC8D54F37F57A975E3D7688B.d.8794AF5A43FE6F7E097853BE6E1B397A.e.3577"},"getTokens",[]]}
RESULT: {"script":"<script> [6424 bytes]","args":[{"element-6066-11e4-a52e-4f735466cecf":"f.25FA1F70EC8D54F37F57A975E3D7688B.d.8794AF5A43FE6F7E097853BE6E1B397A.e.3577"},"getTokens",[]]}
COMMAND: POST /session/5c358710dd67d6f9b9172afd6139f77d/execute/async - {"script":"<script> [1562 bytes]","args":[{"wdio_ui5_key":"__token12-__tokenizer63-__clone4231-1","selector":{"id":"__token12-__tokenizer63-__clone4231-1"}}]}
COMMAND: POST /session/5c358710dd67d6f9b9172afd6139f77d/execute/async - {"script":"<script> [1562 bytes]","args":[{"wdio_ui5_key":"__token12-__tokenizer63-__clone4231-2","selector":{"id":"__token12-__tokenizer63-__clone4231-2"}}]}
COMMAND: POST /session/5c358710dd67d6f9b9172afd6139f77d/execute/async - {"script":"<script> [1562 bytes]","args":[{"wdio_ui5_key":"__token12-__tokenizer63-__clone4231-0","selector":{"id":"__token12-__tokenizer63-__clone4231-0"}}]}
RESULT: {"script":"<script> [1562 bytes]","args":[{"wdio_ui5_key":"__token12-__tokenizer63-__clone4231-0","selector":{"id":"__token12-__tokenizer63-__clone4231-0"}}]}
RESULT: undefined
RESULT: {"script":"<script> [1562 bytes]","args":[{"wdio_ui5_key":"__token12-__tokenizer63-__clone4231-2","selector":{"id":"__token12-__tokenizer63-__clone4231-2"}}]}
RESULT: undefined
RESULT: {"script":"<script> [1562 bytes]","args":[{"wdio_ui5_key":"__token12-__tokenizer63-__clone4231-1","selector":{"id":"__token12-__tokenizer63-__clone4231-1"}}]}
RESULT: undefined
COMMAND: POST /session/5c358710dd67d6f9b9172afd6139f77d/element - {"using":"xpath","value":"(//span[contains(text(), \"tag-header\")])[2]"}
RESULT: {"using":"xpath","value":"(//span[contains(text(), \"tag-header\")])[2]"}
COMMAND: POST /session/5c358710dd67d6f9b9172afd6139f77d/elements - {"using":"xpath","value":"(//span[contains(text(), \"tag-header\")])[2]"}
RESULT: {"using":"xpath","value":"(//span[contains(text(), \"tag-header\")])[2]"}
COMMAND: POST /session/5c358710dd67d6f9b9172afd6139f77d/execute/async - {"script":"<script> [1562 bytes]","args":[{"selector":{"controlType":"sap.m.Tokenizer","viewName":"etm.portal.ui.managerequests.view.Detail","bindingPath":{"path":"/SmartRequestItemsPlanningBoard(ITEM=20m,REQUEST='20085')","propertyPath":"LINK_TO_TAGS"}},"wdio_ui5_key":"etmportal.ui.managerequests.view.Detailsap.m.Tokenizer{\"path\":\"/SmartRequestItemsPlanningBoard(ITEM=20m,REQUEST='20085')\",\"propertyPath\":\"LINK_TO_TAGS\"}"}]}
RESULT: {"script":"<script> [1562 bytes]","args":[{"selector":{"controlType":"sap.m.Tokenizer","viewName":"etm.portal.ui.managerequests.view.Detail","bindingPath":{"path":"/SmartRequestItemsPlanningBoard(ITEM=20m,REQUEST='20085')","propertyPath":"LINK_TO_TAGS"}},"wdio_ui5_key":"etmportal.ui.managerequests.view.Detailsap.m.Tokenizer{\"path\":\"/SmartRequestItemsPlanningBoard(ITEM=20m,REQUEST='20085')\",\"propertyPath\":\"LINK_TO_TAGS\"}"}]}
RESULT: undefined
COMMAND: POST /session/5c358710dd67d6f9b9172afd6139f77d/execute/async - {"script":"<script> [6424 bytes]","args":[{"element-6066-11e4-a52e-4f735466cecf":"f.25FA1F70EC8D54F37F57A975E3D7688B.d.8794AF5A43FE6F7E097853BE6E1B397A.e.3582"},"getTokens",[]]}
RESULT: {"script":"<script> [6424 bytes]","args":[{"element-6066-11e4-a52e-4f735466cecf":"f.25FA1F70EC8D54F37F57A975E3D7688B.d.8794AF5A43FE6F7E097853BE6E1B397A.e.3582"},"getTokens",[]]}
COMMAND: POST /session/5c358710dd67d6f9b9172afd6139f77d/element - {"using":"css selector","value":"#shell-header-logo"}
RESULT: {"using":"css selector","value":"#shell-header-logo"}
COMMAND: POST /session/5c358710dd67d6f9b9172afd6139f77d/element/f.25FA1F70EC8D54F37F57A975E3D7688B.d.8794AF5A43FE6F7E097853BE6E1B397A.e.2511/click - {}
RESULT: {}
COMMAND: GET /session/5c358710dd67d6f9b9172afd6139f77d/screenshot - {}
RESULT: {}
]]></system-out>
    </testcase>
  </testsuite>
  <testsuite timestamp="2025-04-13T15:47:31" time="578.617" tests="4" failures="0" errors="0" skipped="0">
    <properties>
      <property name="specId" value="0"/>
      <property name="suiteName" value="Manage request + Contract processing pick up option US120163 "/>
      <property name="capabilities" value="chrome.135_0_7049_42.windows"/>
      <property name="file" value="file:///D:/a/1/s/test/specs/R2C/create-request-Pickup.spec.js"/>
    </properties>
    <testcase classname="chrome.135_0_7049_42.windows.Manage_request_+_Contract_processing_pick_up_option_US120163_" name="Should create a new contract" time="60.146">
      <system-out><![CDATA[
COMMAND: POST /session/5c358710dd67d6f9b9172afd6139f77d/execute/async - {"script":"<script> [1562 bytes]","args":[{"selector":{"controlType":"sap.m.Text","viewName":"etm.portal.ui.managecontractstile.view.Master","properties":{"text":"Manage Contracts"},"interaction":{"idSuffix":"inner"}},"wdio_ui5_key":"etmportal.ui.managecontractstile.view.Mastersap.m.Text{\"text\":\"Manage Contracts\"}"}]}
RESULT: {"script":"<script> [1562 bytes]","args":[{"selector":{"controlType":"sap.m.Text","viewName":"etm.portal.ui.managecontractstile.view.Master","properties":{"text":"Manage Contracts"},"interaction":{"idSuffix":"inner"}},"wdio_ui5_key":"etmportal.ui.managecontractstile.view.Mastersap.m.Text{\"text\":\"Manage Contracts\"}"}]}
RESULT: undefined
COMMAND: POST /session/5c358710dd67d6f9b9172afd6139f77d/element - {"using":"xpath","value":"//*[@id=\"__tile130-title\"]"}
RESULT: {"using":"xpath","value":"//*[@id=\"__tile130-title\"]"}
COMMAND: POST /session/5c358710dd67d6f9b9172afd6139f77d/element/f.25FA1F70EC8D54F37F57A975E3D7688B.d.8794AF5A43FE6F7E097853BE6E1B397A.e.3586/click - {}
RESULT: {}
COMMAND: GET /session/5c358710dd67d6f9b9172afd6139f77d/screenshot - {}
RESULT: {}
RESULT: undefined
RESULT: undefined
COMMAND: POST /session/5c358710dd67d6f9b9172afd6139f77d/execute/async - {"script":"<script> [1562 bytes]","args":[{"selector":{"controlType":"sap.ui.core.Icon","viewName":"etm.portal.ui.managecontracts.view.Master","properties":{"src":{"regex":{"source":"add"}}}},"wdio_ui5_key":"etmportal.ui.managecontracts.view.Mastersap.ui.core.Icon{\"src\":{\"regex\":{\"source\":\"add\"}}}"}]}
RESULT: {"script":"<script> [1562 bytes]","args":[{"selector":{"controlType":"sap.ui.core.Icon","viewName":"etm.portal.ui.managecontracts.view.Master","properties":{"src":{"regex":{"source":"add"}}}},"wdio_ui5_key":"etmportal.ui.managecontracts.view.Mastersap.ui.core.Icon{\"src\":{\"regex\":{\"source\":\"add\"}}}"}]}
RESULT: undefined
COMMAND: POST /session/5c358710dd67d6f9b9172afd6139f77d/element - {"using":"xpath","value":"//*[@id=\"__button187-img\"]"}
RESULT: {"using":"xpath","value":"//*[@id=\"__button187-img\"]"}
COMMAND: POST /session/5c358710dd67d6f9b9172afd6139f77d/element/f.25FA1F70EC8D54F37F57A975E3D7688B.d.8794AF5A43FE6F7E097853BE6E1B397A.e.3636/click - {}
RESULT: {}
COMMAND: POST /session/5c358710dd67d6f9b9172afd6139f77d/execute/async - {"script":"<script> [1562 bytes]","args":[{"selector":{"id":"application-managecontracts-display-component---AddNewContract--projectDescription","interaction":{"idSuffix":"inner"}},"wdio_ui5_key":"applicationmanagecontracts-display-component---AddNewContract--projectDescription"}]}
COMMAND: GET /session/5c358710dd67d6f9b9172afd6139f77d/screenshot - {}
RESULT: {"script":"<script> [1562 bytes]","args":[{"selector":{"id":"application-managecontracts-display-component---AddNewContract--projectDescription","interaction":{"idSuffix":"inner"}},"wdio_ui5_key":"applicationmanagecontracts-display-component---AddNewContract--projectDescription"}]}
RESULT: undefined
COMMAND: POST /session/5c358710dd67d6f9b9172afd6139f77d/execute/async - {"script":"<script> [776 bytes]","args":[{"enterText":"PickupContractni3pf","selector":{"id":"application-managecontracts-display-component---AddNewContract--projectDescription","interaction":{"idSuffix":"inner"}},"clearTextFirst":true,"interactionType":"ENTER_TEXT"}]}
RESULT: {}
RESULT: {"script":"<script> [776 bytes]","args":[{"enterText":"PickupContractni3pf","selector":{"id":"application-managecontracts-display-component---AddNewContract--projectDescription","interaction":{"idSuffix":"inner"}},"clearTextFirst":true,"interactionType":"ENTER_TEXT"}]}
COMMAND: POST /session/5c358710dd67d6f9b9172afd6139f77d/element - {"using":"xpath","value":"//input[contains(@id ,\"application-managecontracts-display-component---AddNewContract--yardId-inner\")]"}
RESULT: {"using":"xpath","value":"//input[contains(@id ,\"application-managecontracts-display-component---AddNewContract--yardId-inner\")]"}
COMMAND: POST /session/5c358710dd67d6f9b9172afd6139f77d/element/f.25FA1F70EC8D54F37F57A975E3D7688B.d.8794AF5A43FE6F7E097853BE6E1B397A.e.3921/value - {"text":"WebdriverYardcqwm7"}
RESULT: {"text":"WebdriverYardcqwm7"}
COMMAND: GET /session/5c358710dd67d6f9b9172afd6139f77d/screenshot - {}
RESULT: {}
COMMAND: POST /session/5c358710dd67d6f9b9172afd6139f77d/actions - {"actions":[{"id":"action29","type":"key","parameters":{},"actions":[{"type":"keyDown","value":""},{"type":"pause","duration":10},{"type":"keyUp","value":""}]}]}
RESULT: {"actions":[{"id":"action29","type":"key","parameters":{},"actions":[{"type":"keyDown","value":""},{"type":"pause","duration":10},{"type":"keyUp","value":""}]}]}
COMMAND: GET /session/5c358710dd67d6f9b9172afd6139f77d/screenshot - {}
RESULT: {}
COMMAND: POST /session/5c358710dd67d6f9b9172afd6139f77d/element - {"using":"xpath","value":"//input[contains(@id ,\"application-managecontracts-display-component---AddNewContract--customerSelect-inner\")]"}
RESULT: {"using":"xpath","value":"//input[contains(@id ,\"application-managecontracts-display-component---AddNewContract--customerSelect-inner\")]"}
COMMAND: POST /session/5c358710dd67d6f9b9172afd6139f77d/element/f.25FA1F70EC8D54F37F57A975E3D7688B.d.8794AF5A43FE6F7E097853BE6E1B397A.e.3919/value - {"text":"WebdriverPartnersgf22"}
RESULT: {"text":"WebdriverPartnersgf22"}
COMMAND: GET /session/5c358710dd67d6f9b9172afd6139f77d/screenshot - {}
RESULT: {}
COMMAND: POST /session/5c358710dd67d6f9b9172afd6139f77d/actions - {"actions":[{"id":"action30","type":"key","parameters":{},"actions":[{"type":"keyDown","value":""},{"type":"pause","duration":10},{"type":"keyUp","value":""}]}]}
RESULT: {"actions":[{"id":"action30","type":"key","parameters":{},"actions":[{"type":"keyDown","value":""},{"type":"pause","duration":10},{"type":"keyUp","value":""}]}]}
COMMAND: GET /session/5c358710dd67d6f9b9172afd6139f77d/screenshot - {}
RESULT: {}
COMMAND: POST /session/5c358710dd67d6f9b9172afd6139f77d/element - {"using":"xpath","value":"//input[contains(@id ,\"application-managecontracts-display-component---AddNewContract--site-inner\")]"}
RESULT: {"using":"xpath","value":"//input[contains(@id ,\"application-managecontracts-display-component---AddNewContract--site-inner\")]"}
COMMAND: POST /session/5c358710dd67d6f9b9172afd6139f77d/element/f.25FA1F70EC8D54F37F57A975E3D7688B.d.8794AF5A43FE6F7E097853BE6E1B397A.e.3920/value - {"text":"WebdriverSitexeqhe"}
RESULT: {"text":"WebdriverSitexeqhe"}
COMMAND: GET /session/5c358710dd67d6f9b9172afd6139f77d/screenshot - {}
RESULT: {}
COMMAND: POST /session/5c358710dd67d6f9b9172afd6139f77d/actions - {"actions":[{"id":"action31","type":"key","parameters":{},"actions":[{"type":"keyDown","value":""},{"type":"pause","duration":10},{"type":"keyUp","value":""}]}]}
RESULT: {"actions":[{"id":"action31","type":"key","parameters":{},"actions":[{"type":"keyDown","value":""},{"type":"pause","duration":10},{"type":"keyUp","value":""}]}]}
COMMAND: GET /session/5c358710dd67d6f9b9172afd6139f77d/screenshot - {}
RESULT: {}
COMMAND: POST /session/5c358710dd67d6f9b9172afd6139f77d/execute/async - {"script":"<script> [1562 bytes]","args":[{"selector":{"id":"application-managecontracts-display-component---AddNewContract--saveBtn","interaction":{"idSuffix":"BDI-content"}},"wdio_ui5_key":"applicationmanagecontracts-display-component---AddNewContract--saveBtn"}]}
RESULT: {"script":"<script> [1562 bytes]","args":[{"selector":{"id":"application-managecontracts-display-component---AddNewContract--saveBtn","interaction":{"idSuffix":"BDI-content"}},"wdio_ui5_key":"applicationmanagecontracts-display-component---AddNewContract--saveBtn"}]}
RESULT: undefined
COMMAND: POST /session/5c358710dd67d6f9b9172afd6139f77d/element - {"using":"xpath","value":"//*[@id=\"application-managecontracts-display-component---AddNewContract--saveBtn\"]"}
RESULT: {"using":"xpath","value":"//*[@id=\"application-managecontracts-display-component---AddNewContract--saveBtn\"]"}
COMMAND: POST /session/5c358710dd67d6f9b9172afd6139f77d/element/f.25FA1F70EC8D54F37F57A975E3D7688B.d.8794AF5A43FE6F7E097853BE6E1B397A.e.3937/click - {}
RESULT: {}
COMMAND: GET /session/5c358710dd67d6f9b9172afd6139f77d/screenshot - {}
RESULT: {}
COMMAND: POST /session/5c358710dd67d6f9b9172afd6139f77d/element - {"using":"xpath","value":"//span[contains(@id ,\"contractDetailTitleNoExpanded\")]"}
RESULT: {"using":"xpath","value":"//span[contains(@id ,\"contractDetailTitleNoExpanded\")]"}
COMMAND: GET /session/5c358710dd67d6f9b9172afd6139f77d/element/f.25FA1F70EC8D54F37F57A975E3D7688B.d.8794AF5A43FE6F7E097853BE6E1B397A.e.4015/text - {}
RESULT: {}
COMMAND: POST /session/5c358710dd67d6f9b9172afd6139f77d/element - {"using":"css selector","value":"#shell-header-logo"}
RESULT: {"using":"css selector","value":"#shell-header-logo"}
COMMAND: POST /session/5c358710dd67d6f9b9172afd6139f77d/element/f.25FA1F70EC8D54F37F57A975E3D7688B.d.8794AF5A43FE6F7E097853BE6E1B397A.e.3588/click - {}
RESULT: {}
COMMAND: GET /session/5c358710dd67d6f9b9172afd6139f77d/screenshot - {}
RESULT: {}
]]></system-out>
    </testcase>
    <testcase classname="chrome.135_0_7049_42.windows.Manage_request_+_Contract_processing_pick_up_option_US120163_" name="Should create a new material" time="152.565">
      <system-out><![CDATA[
COMMAND: POST /session/5c358710dd67d6f9b9172afd6139f77d/execute/async - {"script":"<script> [1562 bytes]","args":[{"selector":{"controlType":"sap.m.GenericTile","properties":{"header":"Manage Resources"}},"wdio_ui5_key":"sapm.GenericTile{\"header\":\"Manage Resources\"}"}]}
RESULT: {"script":"<script> [1562 bytes]","args":[{"selector":{"controlType":"sap.m.GenericTile","properties":{"header":"Manage Resources"}},"wdio_ui5_key":"sapm.GenericTile{\"header\":\"Manage Resources\"}"}]}
RESULT: undefined
COMMAND: POST /session/5c358710dd67d6f9b9172afd6139f77d/element - {"using":"xpath","value":"//*[@id=\"__tile39\"]"}
RESULT: {"using":"xpath","value":"//*[@id=\"__tile39\"]"}
COMMAND: POST /session/5c358710dd67d6f9b9172afd6139f77d/element/f.25FA1F70EC8D54F37F57A975E3D7688B.d.8794AF5A43FE6F7E097853BE6E1B397A.e.4019/click - {}
RESULT: {}
COMMAND: GET /session/5c358710dd67d6f9b9172afd6139f77d/screenshot - {}
RESULT: {}
RESULT: undefined
RESULT: undefined
COMMAND: POST /session/5c358710dd67d6f9b9172afd6139f77d/element - {"using":"xpath","value":"//button[@data-kt=\"addNewRUOverflowToolbarButton\"]"}
RESULT: {"using":"xpath","value":"//button[@data-kt=\"addNewRUOverflowToolbarButton\"]"}
COMMAND: POST /session/5c358710dd67d6f9b9172afd6139f77d/execute/sync - {"script":"<script> [8489 bytes]","args":[{"element-6066-11e4-a52e-4f735466cecf":"f.25FA1F70EC8D54F37F57A975E3D7688B.d.8794AF5A43FE6F7E097853BE6E1B397A.e.4050","ELEMENT":"f.25FA1F70EC8D54F37F57A975E3D7688B.d.8794AF5A43FE6F7E097853BE6E1B397A.e.4050"}]}
RESULT: {"script":"<script> [8489 bytes]","args":[{"element-6066-11e4-a52e-4f735466cecf":"f.25FA1F70EC8D54F37F57A975E3D7688B.d.8794AF5A43FE6F7E097853BE6E1B397A.e.4050","ELEMENT":"f.25FA1F70EC8D54F37F57A975E3D7688B.d.8794AF5A43FE6F7E097853BE6E1B397A.e.4050"}]}
COMMAND: POST /session/5c358710dd67d6f9b9172afd6139f77d/element/f.25FA1F70EC8D54F37F57A975E3D7688B.d.8794AF5A43FE6F7E097853BE6E1B397A.e.4050/click - {}
COMMAND: GET /session/5c358710dd67d6f9b9172afd6139f77d/screenshot - {}
RESULT: {}
COMMAND: POST /session/5c358710dd67d6f9b9172afd6139f77d/execute/async - {"script":"<script> [1562 bytes]","args":[{"selector":{"id":"application-manageresources-display-component---newResourceUnit--TYPE-arrow"},"wdio_ui5_key":"applicationmanageresources-display-component---newResourceUnit--TYPE-arrow"}]}
COMMAND: GET /session/5c358710dd67d6f9b9172afd6139f77d/screenshot - {}
RESULT: {}
RESULT: {"script":"<script> [1562 bytes]","args":[{"selector":{"id":"application-manageresources-display-component---newResourceUnit--TYPE-arrow"},"wdio_ui5_key":"applicationmanageresources-display-component---newResourceUnit--TYPE-arrow"}]}
RESULT: undefined
COMMAND: POST /session/5c358710dd67d6f9b9172afd6139f77d/element - {"using":"xpath","value":"//*[@id=\"application-manageresources-display-component---newResourceUnit--TYPE-arrow\"]"}
RESULT: {}
RESULT: {"using":"xpath","value":"//*[@id=\"application-manageresources-display-component---newResourceUnit--TYPE-arrow\"]"}
COMMAND: POST /session/5c358710dd67d6f9b9172afd6139f77d/element/f.25FA1F70EC8D54F37F57A975E3D7688B.d.8794AF5A43FE6F7E097853BE6E1B397A.e.4385/click - {}
RESULT: {}
COMMAND: POST /session/5c358710dd67d6f9b9172afd6139f77d/execute/async - {"script":"<script> [1562 bytes]","args":[{"selector":{"controlType":"sap.m.StandardListItem","viewName":"reusables.view.manageresources.NewResourceUnit","viewId":"application-manageresources-display-component---newResourceUnit","properties":{"title":"Material"},"searchOpenDialogs":true,"interaction":{"idSuffix":"titleText"}},"wdio_ui5_key":"reusablesview.manageresources.NewResourceUnitsap.m.StandardListItem{\"title\":\"Material\"}"}]}
COMMAND: GET /session/5c358710dd67d6f9b9172afd6139f77d/screenshot - {}
RESULT: {"script":"<script> [1562 bytes]","args":[{"selector":{"controlType":"sap.m.StandardListItem","viewName":"reusables.view.manageresources.NewResourceUnit","viewId":"application-manageresources-display-component---newResourceUnit","properties":{"title":"Material"},"searchOpenDialogs":true,"interaction":{"idSuffix":"titleText"}},"wdio_ui5_key":"reusablesview.manageresources.NewResourceUnitsap.m.StandardListItem{\"title\":\"Material\"}"}]}
RESULT: undefined
COMMAND: POST /session/5c358710dd67d6f9b9172afd6139f77d/element - {"using":"xpath","value":"//*[@id=\"__item2245\"]"}
RESULT: {}
RESULT: {"using":"xpath","value":"//*[@id=\"__item2245\"]"}
COMMAND: POST /session/5c358710dd67d6f9b9172afd6139f77d/element/f.25FA1F70EC8D54F37F57A975E3D7688B.d.8794AF5A43FE6F7E097853BE6E1B397A.e.4388/click - {}
RESULT: {}
COMMAND: POST /session/5c358710dd67d6f9b9172afd6139f77d/execute/async - {"script":"<script> [1562 bytes]","args":[{"selector":{"id":"application-manageresources-display-component---newResourceUnit--SHORT_TEXT","interaction":{"idSuffix":"inner"}},"wdio_ui5_key":"applicationmanageresources-display-component---newResourceUnit--SHORT_TEXT"}]}
COMMAND: GET /session/5c358710dd67d6f9b9172afd6139f77d/screenshot - {}
RESULT: {"script":"<script> [1562 bytes]","args":[{"selector":{"id":"application-manageresources-display-component---newResourceUnit--SHORT_TEXT","interaction":{"idSuffix":"inner"}},"wdio_ui5_key":"applicationmanageresources-display-component---newResourceUnit--SHORT_TEXT"}]}
RESULT: undefined
COMMAND: POST /session/5c358710dd67d6f9b9172afd6139f77d/execute/async - {"script":"<script> [776 bytes]","args":[{"enterText":"WebdriverRUR2Cj0vn5g","selector":{"id":"application-manageresources-display-component---newResourceUnit--SHORT_TEXT","interaction":{"idSuffix":"inner"}},"clearTextFirst":true,"interactionType":"ENTER_TEXT"}]}
RESULT: {}
RESULT: {"script":"<script> [776 bytes]","args":[{"enterText":"WebdriverRUR2Cj0vn5g","selector":{"id":"application-manageresources-display-component---newResourceUnit--SHORT_TEXT","interaction":{"idSuffix":"inner"}},"clearTextFirst":true,"interactionType":"ENTER_TEXT"}]}
COMMAND: POST /session/5c358710dd67d6f9b9172afd6139f77d/execute/async - {"script":"<script> [1562 bytes]","args":[{"selector":{"id":"application-manageresources-display-component---newResourceUnit--BASE_UNIT_OF_MEASURE-arrow"},"wdio_ui5_key":"applicationmanageresources-display-component---newResourceUnit--BASE_UNIT_OF_MEASURE-arrow"}]}
RESULT: {"script":"<script> [1562 bytes]","args":[{"selector":{"id":"application-manageresources-display-component---newResourceUnit--BASE_UNIT_OF_MEASURE-arrow"},"wdio_ui5_key":"applicationmanageresources-display-component---newResourceUnit--BASE_UNIT_OF_MEASURE-arrow"}]}
RESULT: undefined
COMMAND: POST /session/5c358710dd67d6f9b9172afd6139f77d/element - {"using":"xpath","value":"//*[@id=\"application-manageresources-display-component---newResourceUnit--BASE_UNIT_OF_MEASURE-arrow\"]"}
RESULT: {"using":"xpath","value":"//*[@id=\"application-manageresources-display-component---newResourceUnit--BASE_UNIT_OF_MEASURE-arrow\"]"}
COMMAND: POST /session/5c358710dd67d6f9b9172afd6139f77d/element/f.25FA1F70EC8D54F37F57A975E3D7688B.d.8794AF5A43FE6F7E097853BE6E1B397A.e.4444/click - {}
RESULT: {}
COMMAND: POST /session/5c358710dd67d6f9b9172afd6139f77d/execute/async - {"script":"<script> [1562 bytes]","args":[{"selector":{"controlType":"sap.m.StandardListItem","viewName":"reusables.view.manageresources.NewResourceUnit","viewId":"application-manageresources-display-component---newResourceUnit","properties":{"title":"Piece"},"searchOpenDialogs":true,"interaction":{"idSuffix":"titleText"}},"wdio_ui5_key":"reusablesview.manageresources.NewResourceUnitsap.m.StandardListItem{\"title\":\"Piece\"}"}]}
COMMAND: GET /session/5c358710dd67d6f9b9172afd6139f77d/screenshot - {}
RESULT: {"script":"<script> [1562 bytes]","args":[{"selector":{"controlType":"sap.m.StandardListItem","viewName":"reusables.view.manageresources.NewResourceUnit","viewId":"application-manageresources-display-component---newResourceUnit","properties":{"title":"Piece"},"searchOpenDialogs":true,"interaction":{"idSuffix":"titleText"}},"wdio_ui5_key":"reusablesview.manageresources.NewResourceUnitsap.m.StandardListItem{\"title\":\"Piece\"}"}]}
RESULT: undefined
COMMAND: POST /session/5c358710dd67d6f9b9172afd6139f77d/element - {"using":"xpath","value":"//*[@id=\"__item2289\"]"}
RESULT: {}
RESULT: {"using":"xpath","value":"//*[@id=\"__item2289\"]"}
COMMAND: POST /session/5c358710dd67d6f9b9172afd6139f77d/element/f.25FA1F70EC8D54F37F57A975E3D7688B.d.8794AF5A43FE6F7E097853BE6E1B397A.e.4446/click - {}
RESULT: {}
COMMAND: POST /session/5c358710dd67d6f9b9172afd6139f77d/element - {"using":"xpath","value":"//input[contains(@id ,\"application-manageresources-display-component---newResourceUnit--SHORT_TEXT-inner\")]"}
COMMAND: GET /session/5c358710dd67d6f9b9172afd6139f77d/screenshot - {}
RESULT: {"using":"xpath","value":"//input[contains(@id ,\"application-manageresources-display-component---newResourceUnit--SHORT_TEXT-inner\")]"}
COMMAND: GET /session/5c358710dd67d6f9b9172afd6139f77d/element/f.25FA1F70EC8D54F37F57A975E3D7688B.d.8794AF5A43FE6F7E097853BE6E1B397A.e.4405/property/value - {}
RESULT: {}
RESULT: {}
COMMAND: POST /session/5c358710dd67d6f9b9172afd6139f77d/execute/async - {"script":"<script> [1562 bytes]","args":[{"selector":{"id":"application-manageresources-display-component---newResourceUnit--WEIGHT_UNIT-arrow"},"wdio_ui5_key":"applicationmanageresources-display-component---newResourceUnit--WEIGHT_UNIT-arrow"}]}
COMMAND: GET /session/5c358710dd67d6f9b9172afd6139f77d/screenshot - {}
RESULT: {"script":"<script> [1562 bytes]","args":[{"selector":{"id":"application-manageresources-display-component---newResourceUnit--WEIGHT_UNIT-arrow"},"wdio_ui5_key":"applicationmanageresources-display-component---newResourceUnit--WEIGHT_UNIT-arrow"}]}
RESULT: undefined
COMMAND: POST /session/5c358710dd67d6f9b9172afd6139f77d/element - {"using":"xpath","value":"//*[@id=\"application-manageresources-display-component---newResourceUnit--WEIGHT_UNIT-arrow\"]"}
RESULT: {}
RESULT: {"using":"xpath","value":"//*[@id=\"application-manageresources-display-component---newResourceUnit--WEIGHT_UNIT-arrow\"]"}
COMMAND: POST /session/5c358710dd67d6f9b9172afd6139f77d/element/f.25FA1F70EC8D54F37F57A975E3D7688B.d.8794AF5A43FE6F7E097853BE6E1B397A.e.4447/click - {}
RESULT: {}
COMMAND: POST /session/5c358710dd67d6f9b9172afd6139f77d/execute/async - {"script":"<script> [1562 bytes]","args":[{"selector":{"controlType":"sap.m.StandardListItem","viewName":"reusables.view.manageresources.NewResourceUnit","viewId":"application-manageresources-display-component---newResourceUnit","properties":{"title":"Gram"},"searchOpenDialogs":true,"interaction":{"idSuffix":"content"}},"wdio_ui5_key":"reusablesview.manageresources.NewResourceUnitsap.m.StandardListItem{\"title\":\"Gram\"}"}]}
COMMAND: GET /session/5c358710dd67d6f9b9172afd6139f77d/screenshot - {}
RESULT: {"script":"<script> [1562 bytes]","args":[{"selector":{"controlType":"sap.m.StandardListItem","viewName":"reusables.view.manageresources.NewResourceUnit","viewId":"application-manageresources-display-component---newResourceUnit","properties":{"title":"Gram"},"searchOpenDialogs":true,"interaction":{"idSuffix":"content"}},"wdio_ui5_key":"reusablesview.manageresources.NewResourceUnitsap.m.StandardListItem{\"title\":\"Gram\"}"}]}
RESULT: undefined
COMMAND: POST /session/5c358710dd67d6f9b9172afd6139f77d/element - {"using":"xpath","value":"//*[@id=\"__item2354\"]"}
RESULT: {}
RESULT: {"using":"xpath","value":"//*[@id=\"__item2354\"]"}
COMMAND: POST /session/5c358710dd67d6f9b9172afd6139f77d/element/f.25FA1F70EC8D54F37F57A975E3D7688B.d.8794AF5A43FE6F7E097853BE6E1B397A.e.4449/click - {}
RESULT: {}
COMMAND: POST /session/5c358710dd67d6f9b9172afd6139f77d/execute/async - {"script":"<script> [1562 bytes]","args":[{"selector":{"id":"application-manageresources-display-component---newResourceUnit--newRRUPage-OPHeaderContent-collapseBtn-img"},"wdio_ui5_key":"applicationmanageresources-display-component---newResourceUnit--newRRUPage-OPHeaderContent-collapseBtn-img"}]}
COMMAND: GET /session/5c358710dd67d6f9b9172afd6139f77d/screenshot - {}
RESULT: {"script":"<script> [1562 bytes]","args":[{"selector":{"id":"application-manageresources-display-component---newResourceUnit--newRRUPage-OPHeaderContent-collapseBtn-img"},"wdio_ui5_key":"applicationmanageresources-display-component---newResourceUnit--newRRUPage-OPHeaderContent-collapseBtn-img"}]}
RESULT: undefined
COMMAND: POST /session/5c358710dd67d6f9b9172afd6139f77d/element - {"using":"xpath","value":"//*[@id=\"application-manageresources-display-component---newResourceUnit--newRRUPage-OPHeaderContent-collapseBtn-img\"]"}
RESULT: {}
RESULT: {"using":"xpath","value":"//*[@id=\"application-manageresources-display-component---newResourceUnit--newRRUPage-OPHeaderContent-collapseBtn-img\"]"}
COMMAND: POST /session/5c358710dd67d6f9b9172afd6139f77d/element/f.25FA1F70EC8D54F37F57A975E3D7688B.d.8794AF5A43FE6F7E097853BE6E1B397A.e.4395/click - {}
RESULT: {}
COMMAND: GET /session/5c358710dd67d6f9b9172afd6139f77d/screenshot - {}
RESULT: {}
COMMAND: POST /session/5c358710dd67d6f9b9172afd6139f77d/element - {"using":"xpath","value":"(//span[contains(@id ,\"application-manageresources-display-component---newResourceUnit--DIMENSION_UNIT-arrow\")])[1]"}
RESULT: {"using":"xpath","value":"(//span[contains(@id ,\"application-manageresources-display-component---newResourceUnit--DIMENSION_UNIT-arrow\")])[1]"}
COMMAND: POST /session/5c358710dd67d6f9b9172afd6139f77d/element/f.25FA1F70EC8D54F37F57A975E3D7688B.d.8794AF5A43FE6F7E097853BE6E1B397A.e.4455/click - {}
RESULT: {}
COMMAND: GET /session/5c358710dd67d6f9b9172afd6139f77d/screenshot - {}
RESULT: {}
COMMAND: POST /session/5c358710dd67d6f9b9172afd6139f77d/execute/async - {"script":"<script> [1562 bytes]","args":[{"selector":{"controlType":"sap.m.StandardListItem","viewName":"reusables.view.manageresources.NewResourceUnit","viewId":"application-manageresources-display-component---newResourceUnit","properties":{"title":"Centimeter"},"searchOpenDialogs":true,"interaction":{"idSuffix":"titleText"}},"wdio_ui5_key":"reusablesview.manageresources.NewResourceUnitsap.m.StandardListItem{\"title\":\"Centimeter\"}"}]}
RESULT: {"script":"<script> [1562 bytes]","args":[{"selector":{"controlType":"sap.m.StandardListItem","viewName":"reusables.view.manageresources.NewResourceUnit","viewId":"application-manageresources-display-component---newResourceUnit","properties":{"title":"Centimeter"},"searchOpenDialogs":true,"interaction":{"idSuffix":"titleText"}},"wdio_ui5_key":"reusablesview.manageresources.NewResourceUnitsap.m.StandardListItem{\"title\":\"Centimeter\"}"}]}
RESULT: undefined
COMMAND: POST /session/5c358710dd67d6f9b9172afd6139f77d/element - {"using":"xpath","value":"//*[@id=\"__item2357\"]"}
RESULT: {"using":"xpath","value":"//*[@id=\"__item2357\"]"}
COMMAND: POST /session/5c358710dd67d6f9b9172afd6139f77d/element/f.25FA1F70EC8D54F37F57A975E3D7688B.d.8794AF5A43FE6F7E097853BE6E1B397A.e.4457/click - {}
RESULT: {}
COMMAND: POST /session/5c358710dd67d6f9b9172afd6139f77d/execute/async - {"script":"<script> [1562 bytes]","args":[{"selector":{"id":"application-manageresources-display-component---newResourceUnit--newRRUPage-anchBar-application-manageresources-display-component---newResourceUnit--reference-anchor","interaction":{"idSuffix":"BDI-content"}},"wdio_ui5_key":"applicationmanageresources-display-component---newResourceUnit--newRRUPage-anchBar-application-manageresources-display-component---newResourceUnit--reference-anchor"}]}
COMMAND: GET /session/5c358710dd67d6f9b9172afd6139f77d/screenshot - {}
RESULT: {"script":"<script> [1562 bytes]","args":[{"selector":{"id":"application-manageresources-display-component---newResourceUnit--newRRUPage-anchBar-application-manageresources-display-component---newResourceUnit--reference-anchor","interaction":{"idSuffix":"BDI-content"}},"wdio_ui5_key":"applicationmanageresources-display-component---newResourceUnit--newRRUPage-anchBar-application-manageresources-display-component---newResourceUnit--reference-anchor"}]}
RESULT: undefined
COMMAND: POST /session/5c358710dd67d6f9b9172afd6139f77d/element - {"using":"xpath","value":"//*[@id=\"application-manageresources-display-component---newResourceUnit--newRRUPage-anchBar-application-manageresources-display-component---newResourceUnit--reference-anchor\"]"}
RESULT: {}
RESULT: {"using":"xpath","value":"//*[@id=\"application-manageresources-display-component---newResourceUnit--newRRUPage-anchBar-application-manageresources-display-component---newResourceUnit--reference-anchor\"]"}
COMMAND: POST /session/5c358710dd67d6f9b9172afd6139f77d/element/f.25FA1F70EC8D54F37F57A975E3D7688B.d.8794AF5A43FE6F7E097853BE6E1B397A.e.4459/click - {}
RESULT: {}
COMMAND: POST /session/5c358710dd67d6f9b9172afd6139f77d/execute/async - {"script":"<script> [1562 bytes]","args":[{"selector":{"id":"application-manageresources-display-component---newResourceUnit--PLANNING_GROUP-arrow"},"wdio_ui5_key":"applicationmanageresources-display-component---newResourceUnit--PLANNING_GROUP-arrow"}]}
COMMAND: GET /session/5c358710dd67d6f9b9172afd6139f77d/screenshot - {}
RESULT: {"script":"<script> [1562 bytes]","args":[{"selector":{"id":"application-manageresources-display-component---newResourceUnit--PLANNING_GROUP-arrow"},"wdio_ui5_key":"applicationmanageresources-display-component---newResourceUnit--PLANNING_GROUP-arrow"}]}
RESULT: undefined
COMMAND: POST /session/5c358710dd67d6f9b9172afd6139f77d/element - {"using":"xpath","value":"//*[@id=\"application-manageresources-display-component---newResourceUnit--PLANNING_GROUP-arrow\"]"}
RESULT: {}
RESULT: {"using":"xpath","value":"//*[@id=\"application-manageresources-display-component---newResourceUnit--PLANNING_GROUP-arrow\"]"}
COMMAND: POST /session/5c358710dd67d6f9b9172afd6139f77d/element/f.25FA1F70EC8D54F37F57A975E3D7688B.d.8794AF5A43FE6F7E097853BE6E1B397A.e.4463/click - {}
RESULT: {}
COMMAND: POST /session/5c358710dd67d6f9b9172afd6139f77d/execute/async - {"script":"<script> [1562 bytes]","args":[{"selector":{"controlType":"sap.m.StandardListItem","viewName":"reusables.view.manageresources.NewResourceUnit","viewId":"application-manageresources-display-component---newResourceUnit","properties":{"title":"Heavy Equi"},"searchOpenDialogs":true,"interaction":{"idSuffix":"content"}},"wdio_ui5_key":"reusablesview.manageresources.NewResourceUnitsap.m.StandardListItem{\"title\":\"Heavy Equi\"}"}]}
COMMAND: GET /session/5c358710dd67d6f9b9172afd6139f77d/screenshot - {}
RESULT: {"script":"<script> [1562 bytes]","args":[{"selector":{"controlType":"sap.m.StandardListItem","viewName":"reusables.view.manageresources.NewResourceUnit","viewId":"application-manageresources-display-component---newResourceUnit","properties":{"title":"Heavy Equi"},"searchOpenDialogs":true,"interaction":{"idSuffix":"content"}},"wdio_ui5_key":"reusablesview.manageresources.NewResourceUnitsap.m.StandardListItem{\"title\":\"Heavy Equi\"}"}]}
RESULT: undefined
COMMAND: POST /session/5c358710dd67d6f9b9172afd6139f77d/element - {"using":"xpath","value":"//*[@id=\"__item2365\"]"}
RESULT: {}
RESULT: {"using":"xpath","value":"//*[@id=\"__item2365\"]"}
COMMAND: POST /session/5c358710dd67d6f9b9172afd6139f77d/element/f.25FA1F70EC8D54F37F57A975E3D7688B.d.8794AF5A43FE6F7E097853BE6E1B397A.e.4465/click - {}
RESULT: {}
COMMAND: GET /session/5c358710dd67d6f9b9172afd6139f77d/screenshot - {}
RESULT: {}
COMMAND: POST /session/5c358710dd67d6f9b9172afd6139f77d/execute/async - {"script":"<script> [1562 bytes]","args":[{"selector":{"id":"application-manageresources-display-component---newResourceUnit--PLANNING_INDICATOR-arrow"},"wdio_ui5_key":"applicationmanageresources-display-component---newResourceUnit--PLANNING_INDICATOR-arrow"}]}
RESULT: {"script":"<script> [1562 bytes]","args":[{"selector":{"id":"application-manageresources-display-component---newResourceUnit--PLANNING_INDICATOR-arrow"},"wdio_ui5_key":"applicationmanageresources-display-component---newResourceUnit--PLANNING_INDICATOR-arrow"}]}
RESULT: undefined
COMMAND: POST /session/5c358710dd67d6f9b9172afd6139f77d/element - {"using":"xpath","value":"//*[@id=\"application-manageresources-display-component---newResourceUnit--PLANNING_INDICATOR-arrow\"]"}
RESULT: {"using":"xpath","value":"//*[@id=\"application-manageresources-display-component---newResourceUnit--PLANNING_INDICATOR-arrow\"]"}
COMMAND: POST /session/5c358710dd67d6f9b9172afd6139f77d/element/f.25FA1F70EC8D54F37F57A975E3D7688B.d.8794AF5A43FE6F7E097853BE6E1B397A.e.4466/click - {}
RESULT: {}
COMMAND: POST /session/5c358710dd67d6f9b9172afd6139f77d/execute/async - {"script":"<script> [1562 bytes]","args":[{"selector":{"controlType":"sap.m.StandardListItem","viewName":"reusables.view.manageresources.NewResourceUnit","viewId":"application-manageresources-display-component---newResourceUnit","properties":{"title":"10 - infinite"},"searchOpenDialogs":true,"interaction":{"idSuffix":"content"}},"wdio_ui5_key":"reusablesview.manageresources.NewResourceUnitsap.m.StandardListItem{\"title\":\"10 - infinite\"}"}]}
COMMAND: GET /session/5c358710dd67d6f9b9172afd6139f77d/screenshot - {}
RESULT: {"script":"<script> [1562 bytes]","args":[{"selector":{"controlType":"sap.m.StandardListItem","viewName":"reusables.view.manageresources.NewResourceUnit","viewId":"application-manageresources-display-component---newResourceUnit","properties":{"title":"10 - infinite"},"searchOpenDialogs":true,"interaction":{"idSuffix":"content"}},"wdio_ui5_key":"reusablesview.manageresources.NewResourceUnitsap.m.StandardListItem{\"title\":\"10 - infinite\"}"}]}
RESULT: undefined
COMMAND: POST /session/5c358710dd67d6f9b9172afd6139f77d/element - {"using":"xpath","value":"//*[@id=\"__item2375\"]"}
RESULT: {}
RESULT: {"using":"xpath","value":"//*[@id=\"__item2375\"]"}
COMMAND: POST /session/5c358710dd67d6f9b9172afd6139f77d/element/f.25FA1F70EC8D54F37F57A975E3D7688B.d.8794AF5A43FE6F7E097853BE6E1B397A.e.4468/click - {}
RESULT: {}
COMMAND: GET /session/5c358710dd67d6f9b9172afd6139f77d/screenshot - {}
RESULT: {}
COMMAND: POST /session/5c358710dd67d6f9b9172afd6139f77d/element - {"using":"xpath","value":"//bdi[contains(text(), \"Time Segment\")]"}
RESULT: {"using":"xpath","value":"//bdi[contains(text(), \"Time Segment\")]"}
COMMAND: GET /session/5c358710dd67d6f9b9172afd6139f77d/element/f.25FA1F70EC8D54F37F57A975E3D7688B.d.8794AF5A43FE6F7E097853BE6E1B397A.e.4469/rect - {}
RESULT: {}
COMMAND: GET /session/5c358710dd67d6f9b9172afd6139f77d/window/rect - {}
RESULT: {}
COMMAND: POST /session/5c358710dd67d6f9b9172afd6139f77d/execute/sync - {"script":"<script> [92 bytes]","args":[]}
RESULT: {"script":"<script> [92 bytes]","args":[]}
COMMAND: POST /session/5c358710dd67d6f9b9172afd6139f77d/actions - {"actions":[{"id":"action32","type":"wheel","parameters":{},"actions":[{"type":"scroll","x":-1820,"y":-21,"deltaX":0,"deltaY":0,"duration":0,"origin":{"element-6066-11e4-a52e-4f735466cecf":"f.25FA1F70EC8D54F37F57A975E3D7688B.d.8794AF5A43FE6F7E097853BE6E1B397A.e.4469"}}]}]}
COMMAND: GET /session/5c358710dd67d6f9b9172afd6139f77d/screenshot - {}
RESULT: {}
COMMAND: POST /session/5c358710dd67d6f9b9172afd6139f77d/execute/sync - {"script":"<script> [79 bytes]","args":[{"element-6066-11e4-a52e-4f735466cecf":"f.25FA1F70EC8D54F37F57A975E3D7688B.d.8794AF5A43FE6F7E097853BE6E1B397A.e.4469","ELEMENT":"f.25FA1F70EC8D54F37F57A975E3D7688B.d.8794AF5A43FE6F7E097853BE6E1B397A.e.4469"},{"block":"start","inline":"nearest"}]}
RESULT: {"script":"<script> [79 bytes]","args":[{"element-6066-11e4-a52e-4f735466cecf":"f.25FA1F70EC8D54F37F57A975E3D7688B.d.8794AF5A43FE6F7E097853BE6E1B397A.e.4469","ELEMENT":"f.25FA1F70EC8D54F37F57A975E3D7688B.d.8794AF5A43FE6F7E097853BE6E1B397A.e.4469"},{"block":"start","inline":"nearest"}]}
COMMAND: GET /session/5c358710dd67d6f9b9172afd6139f77d/screenshot - {}
RESULT: {}
COMMAND: POST /session/5c358710dd67d6f9b9172afd6139f77d/element - {"using":"xpath","value":"//span[@id=\"application-manageresources-display-component---newResourceUnit--btnAddTimeSegment-img\"]"}
RESULT: {"using":"xpath","value":"//span[@id=\"application-manageresources-display-component---newResourceUnit--btnAddTimeSegment-img\"]"}
COMMAND: POST /session/5c358710dd67d6f9b9172afd6139f77d/execute/sync - {"script":"<script> [8489 bytes]","args":[{"element-6066-11e4-a52e-4f735466cecf":"f.25FA1F70EC8D54F37F57A975E3D7688B.d.8794AF5A43FE6F7E097853BE6E1B397A.e.4472","ELEMENT":"f.25FA1F70EC8D54F37F57A975E3D7688B.d.8794AF5A43FE6F7E097853BE6E1B397A.e.4472"}]}
RESULT: {"script":"<script> [8489 bytes]","args":[{"element-6066-11e4-a52e-4f735466cecf":"f.25FA1F70EC8D54F37F57A975E3D7688B.d.8794AF5A43FE6F7E097853BE6E1B397A.e.4472","ELEMENT":"f.25FA1F70EC8D54F37F57A975E3D7688B.d.8794AF5A43FE6F7E097853BE6E1B397A.e.4472"}]}
COMMAND: POST /session/5c358710dd67d6f9b9172afd6139f77d/element/f.25FA1F70EC8D54F37F57A975E3D7688B.d.8794AF5A43FE6F7E097853BE6E1B397A.e.4472/click - {}
COMMAND: GET /session/5c358710dd67d6f9b9172afd6139f77d/screenshot - {}
RESULT: {}
COMMAND: GET /session/5c358710dd67d6f9b9172afd6139f77d/screenshot - {}
COMMAND: POST /session/5c358710dd67d6f9b9172afd6139f77d/element - {"using":"xpath","value":"//input[@id=\"application-manageresources-display-component---newResourceUnit--idRuTSAdmin-application-manageresources-display-component---newResourceUnit--RUTimeSegment-0-inner\"]"}
RESULT: {}
RESULT: {}
RESULT: {"using":"xpath","value":"//input[@id=\"application-manageresources-display-component---newResourceUnit--idRuTSAdmin-application-manageresources-display-component---newResourceUnit--RUTimeSegment-0-inner\"]"}
COMMAND: POST /session/5c358710dd67d6f9b9172afd6139f77d/element/f.25FA1F70EC8D54F37F57A975E3D7688B.d.8794AF5A43FE6F7E097853BE6E1B397A.e.4475/clear - {}
RESULT: {}
COMMAND: POST /session/5c358710dd67d6f9b9172afd6139f77d/element/f.25FA1F70EC8D54F37F57A975E3D7688B.d.8794AF5A43FE6F7E097853BE6E1B397A.e.4475/value - {"text":"WebdriverYardcqwm7"}
COMMAND: GET /session/5c358710dd67d6f9b9172afd6139f77d/screenshot - {}
RESULT: {"text":"WebdriverYardcqwm7"}
COMMAND: GET /session/5c358710dd67d6f9b9172afd6139f77d/screenshot - {}
RESULT: {}
RESULT: {}
COMMAND: POST /session/5c358710dd67d6f9b9172afd6139f77d/actions - {"actions":[{"id":"action33","type":"key","parameters":{},"actions":[{"type":"keyDown","value":""},{"type":"pause","duration":10},{"type":"keyUp","value":""}]}]}
RESULT: {"actions":[{"id":"action33","type":"key","parameters":{},"actions":[{"type":"keyDown","value":""},{"type":"pause","duration":10},{"type":"keyUp","value":""}]}]}
COMMAND: GET /session/5c358710dd67d6f9b9172afd6139f77d/screenshot - {}
RESULT: {}
COMMAND: POST /session/5c358710dd67d6f9b9172afd6139f77d/execute/async - {"script":"<script> [1562 bytes]","args":[{"selector":{"controlType":"sap.m.Button","viewName":"reusables.view.manageresources.NewResourceUnit","viewId":"application-manageresources-display-component---newResourceUnit","i18NText":{"propertyName":"tooltip","key":"save"},"interaction":{"idSuffix":"BDI-content"}},"wdio_ui5_key":"reusablesview.manageresources.NewResourceUnitsap.m.Button{\"propertyName\":\"tooltip\",\"key\":\"save\"}"}]}
RESULT: {"script":"<script> [1562 bytes]","args":[{"selector":{"controlType":"sap.m.Button","viewName":"reusables.view.manageresources.NewResourceUnit","viewId":"application-manageresources-display-component---newResourceUnit","i18NText":{"propertyName":"tooltip","key":"save"},"interaction":{"idSuffix":"BDI-content"}},"wdio_ui5_key":"reusablesview.manageresources.NewResourceUnitsap.m.Button{\"propertyName\":\"tooltip\",\"key\":\"save\"}"}]}
RESULT: undefined
COMMAND: POST /session/5c358710dd67d6f9b9172afd6139f77d/element - {"using":"xpath","value":"//*[@id=\"application-manageresources-display-component---newResourceUnit--createRuButton\"]"}
RESULT: {"using":"xpath","value":"//*[@id=\"application-manageresources-display-component---newResourceUnit--createRuButton\"]"}
COMMAND: POST /session/5c358710dd67d6f9b9172afd6139f77d/element/f.25FA1F70EC8D54F37F57A975E3D7688B.d.8794AF5A43FE6F7E097853BE6E1B397A.e.4401/click - {}
RESULT: {}
COMMAND: GET /session/5c358710dd67d6f9b9172afd6139f77d/screenshot - {}
RESULT: {}
COMMAND: POST /session/5c358710dd67d6f9b9172afd6139f77d/execute/async - {"script":"<script> [1562 bytes]","args":[{"selector":{"controlType":"sap.m.Title","properties":{"text":"Success"},"searchOpenDialogs":true},"wdio_ui5_key":"sapm.Title{\"text\":\"Success\"}"}]}
RESULT: {"script":"<script> [1562 bytes]","args":[{"selector":{"controlType":"sap.m.Title","properties":{"text":"Success"},"searchOpenDialogs":true},"wdio_ui5_key":"sapm.Title{\"text\":\"Success\"}"}]}
RESULT: undefined
COMMAND: POST /session/5c358710dd67d6f9b9172afd6139f77d/execute/async - {"script":"<script> [6424 bytes]","args":[{"element-6066-11e4-a52e-4f735466cecf":"f.25FA1F70EC8D54F37F57A975E3D7688B.d.8794AF5A43FE6F7E097853BE6E1B397A.e.4488"},"getText",[]]}
RESULT: {"script":"<script> [6424 bytes]","args":[{"element-6066-11e4-a52e-4f735466cecf":"f.25FA1F70EC8D54F37F57A975E3D7688B.d.8794AF5A43FE6F7E097853BE6E1B397A.e.4488"},"getText",[]]}
COMMAND: POST /session/5c358710dd67d6f9b9172afd6139f77d/element - {"using":"xpath","value":"//*[contains(@id, '__text') and (contains(text(), 'successfully created') or contains(., 'successfully created'))]"}
RESULT: {"using":"xpath","value":"//*[contains(@id, '__text') and (contains(text(), 'successfully created') or contains(., 'successfully created'))]"}
COMMAND: GET /session/5c358710dd67d6f9b9172afd6139f77d/element/f.25FA1F70EC8D54F37F57A975E3D7688B.d.8794AF5A43FE6F7E097853BE6E1B397A.e.4486/text - {}
RESULT: {}
COMMAND: POST /session/5c358710dd67d6f9b9172afd6139f77d/execute/async - {"script":"<script> [1562 bytes]","args":[{"selector":{"controlType":"sap.m.Button","properties":{"text":"Close"},"searchOpenDialogs":true,"interaction":{"idSuffix":"BDI-content"}},"wdio_ui5_key":"sapm.Button{\"text\":\"Close\"}"}]}
RESULT: {"script":"<script> [1562 bytes]","args":[{"selector":{"controlType":"sap.m.Button","properties":{"text":"Close"},"searchOpenDialogs":true,"interaction":{"idSuffix":"BDI-content"}},"wdio_ui5_key":"sapm.Button{\"text\":\"Close\"}"}]}
RESULT: undefined
COMMAND: POST /session/5c358710dd67d6f9b9172afd6139f77d/element - {"using":"xpath","value":"//*[@id=\"__mbox-btn-1\"]"}
RESULT: {"using":"xpath","value":"//*[@id=\"__mbox-btn-1\"]"}
COMMAND: POST /session/5c358710dd67d6f9b9172afd6139f77d/element/f.25FA1F70EC8D54F37F57A975E3D7688B.d.8794AF5A43FE6F7E097853BE6E1B397A.e.4485/click - {}
RESULT: {}
COMMAND: GET /session/5c358710dd67d6f9b9172afd6139f77d/screenshot - {}
RESULT: {}
COMMAND: POST /session/5c358710dd67d6f9b9172afd6139f77d/execute/async - {"script":"<script> [1562 bytes]","args":[{"selector":{"controlType":"sap.ui.core.Icon","viewName":"etm.portal.ui.manageresources.view.Detail","viewId":"application-manageresources-display-component---detailRU","properties":{"src":{"regex":{"source":"overflow"}}}},"wdio_ui5_key":"etmportal.ui.manageresources.view.Detailsap.ui.core.Icon{\"src\":{\"regex\":{\"source\":\"overflow\"}}}"}]}
RESULT: {"script":"<script> [1562 bytes]","args":[{"selector":{"controlType":"sap.ui.core.Icon","viewName":"etm.portal.ui.manageresources.view.Detail","viewId":"application-manageresources-display-component---detailRU","properties":{"src":{"regex":{"source":"overflow"}}}},"wdio_ui5_key":"etmportal.ui.manageresources.view.Detailsap.ui.core.Icon{\"src\":{\"regex\":{\"source\":\"overflow\"}}}"}]}
RESULT: undefined
COMMAND: POST /session/5c358710dd67d6f9b9172afd6139f77d/element - {"using":"xpath","value":"//*[@id=\"__title82-_actionsToolbar-overflowButton-img\"]"}
RESULT: {"using":"xpath","value":"//*[@id=\"__title82-_actionsToolbar-overflowButton-img\"]"}
COMMAND: POST /session/5c358710dd67d6f9b9172afd6139f77d/element/f.25FA1F70EC8D54F37F57A975E3D7688B.d.8794AF5A43FE6F7E097853BE6E1B397A.e.4518/click - {}
RESULT: {}
COMMAND: POST /session/5c358710dd67d6f9b9172afd6139f77d/execute/async - {"script":"<script> [1562 bytes]","args":[{"selector":{"controlType":"sap.m.Button","viewName":"etm.portal.ui.manageresources.view.Detail","viewId":"application-manageresources-display-component---detailRU","i18NText":{"propertyName":"tooltip","key":"closeColumn"},"searchOpenDialogs":true,"interaction":{"idSuffix":"inner"}},"wdio_ui5_key":"etmportal.ui.manageresources.view.Detailsap.m.Button{\"propertyName\":\"tooltip\",\"key\":\"closeColumn\"}"}]}
COMMAND: GET /session/5c358710dd67d6f9b9172afd6139f77d/screenshot - {}
RESULT: {"script":"<script> [1562 bytes]","args":[{"selector":{"controlType":"sap.m.Button","viewName":"etm.portal.ui.manageresources.view.Detail","viewId":"application-manageresources-display-component---detailRU","i18NText":{"propertyName":"tooltip","key":"closeColumn"},"searchOpenDialogs":true,"interaction":{"idSuffix":"inner"}},"wdio_ui5_key":"etmportal.ui.manageresources.view.Detailsap.m.Button{\"propertyName\":\"tooltip\",\"key\":\"closeColumn\"}"}]}
RESULT: undefined
COMMAND: POST /session/5c358710dd67d6f9b9172afd6139f77d/element - {"using":"xpath","value":"//*[@id=\"__button251\"]"}
RESULT: {}
RESULT: {"using":"xpath","value":"//*[@id=\"__button251\"]"}
COMMAND: POST /session/5c358710dd67d6f9b9172afd6139f77d/element/f.25FA1F70EC8D54F37F57A975E3D7688B.d.8794AF5A43FE6F7E097853BE6E1B397A.e.4520/click - {}
RESULT: {}
COMMAND: GET /session/5c358710dd67d6f9b9172afd6139f77d/screenshot - {}
RESULT: {}
COMMAND: POST /session/5c358710dd67d6f9b9172afd6139f77d/refresh - {}
RESULT: {}
COMMAND: GET /session/5c358710dd67d6f9b9172afd6139f77d/screenshot - {}
COMMAND: POST /session/5c358710dd67d6f9b9172afd6139f77d/execute/async - {"script":"<script> [189 bytes]","args":[]}
RESULT: {}
RESULT: undefined
RESULT: {"script":"<script> [189 bytes]","args":[]}
COMMAND: POST /session/5c358710dd67d6f9b9172afd6139f77d/execute/async - {"script":"<script> [123 bytes]","args":[]}
RESULT: {"script":"<script> [123 bytes]","args":[]}
COMMAND: POST /session/5c358710dd67d6f9b9172afd6139f77d/timeouts - {"script":"<number>"}
RESULT: {"script":"<number>"}
COMMAND: GET /session/5c358710dd67d6f9b9172afd6139f77d/timeouts - {}
RESULT: {}
RESULT: undefined
COMMAND: POST /session/5c358710dd67d6f9b9172afd6139f77d/execute/async - {"script":"<script> [2676 bytes]","args":[]}
RESULT: {"script":"<script> [2676 bytes]","args":[]}
COMMAND: POST /session/5c358710dd67d6f9b9172afd6139f77d/execute/async - {"script":"<script> [2342 bytes]","args":[{"protocol":"http","hostname":"0.0.0.0","path":"/","capabilities":{"browserName":"chrome","goog:chromeOptions":{"binary":"C:\\Program Files\\Google\\Chrome\\Application\\chrome.exe"}},"logLevel":"warn","connectionRetryTimeout":120000,"connectionRetryCount":3,"logLevels":{},"enableDirectConnect":true,"strictSSL":true,"_":"65 more keys: [\"cacheDir\",\"port\",\"requestedCapabilities\",\"automationProtocol\",\"baseUrl\",\"waitforInterval\",\"waitforTimeout\",\"onReload\",\"beforeCommand\",\"afterCommand\",\"rootDir\",\"specs\",\"suites\",\"exclude\",\"groupLogsByTestSpec\",\"excludeDriverLogs\",\"bail\",\"framework\",\"reporters\",\"services\",\"maxInstances\",\"maxInstancesPerCapability\",\"injectGlobals\",\"filesToWatch\",\"execArgv\",\"runnerEnv\",\"runner\",\"shard\",\"specFileRetries\",\"specFileRetriesDelay\",\"specFileRetriesDeferred\",\"reporterSyncInterval\",\"reporterSyncTimeout\",\"cucumberFeaturesWithLineNumbers\",\"autoCompileOpts\",\"mochaOpts\",\"jasmineOpts\",\"cucumberOpts\",\"onPrepare\",\"onWorkerStart\",\"onWorkerEnd\",\"before\",\"beforeSession\",\"beforeSuite\",\"beforeHook\",\"beforeTest\",\"afterTest\",\"afterHook\",\"afterSuite\",\"afterSession\",\"after\",\"onComplete\",\"beforeAssertion\",\"afterAssertion\",\"beforeFeature\",\"beforeScenario\",\"beforeStep\",\"afterStep\",\"afterScenario\",\"afterFeature\",\"_\",\"suite\",\"$0\",\"ignoredWorkerServices\",\"wdi5\"]"}]}
RESULT: {"script":"<script> [2342 bytes]","args":[{"protocol":"http","hostname":"0.0.0.0","path":"/","capabilities":{"browserName":"chrome","goog:chromeOptions":{"binary":"C:\\Program Files\\Google\\Chrome\\Application\\chrome.exe"}},"logLevel":"warn","connectionRetryTimeout":120000,"connectionRetryCount":3,"logLevels":{},"enableDirectConnect":true,"strictSSL":true,"_":"65 more keys: [\"cacheDir\",\"port\",\"requestedCapabilities\",\"automationProtocol\",\"baseUrl\",\"waitforInterval\",\"waitforTimeout\",\"onReload\",\"beforeCommand\",\"afterCommand\",\"rootDir\",\"specs\",\"suites\",\"exclude\",\"groupLogsByTestSpec\",\"excludeDriverLogs\",\"bail\",\"framework\",\"reporters\",\"services\",\"maxInstances\",\"maxInstancesPerCapability\",\"injectGlobals\",\"filesToWatch\",\"execArgv\",\"runnerEnv\",\"runner\",\"shard\",\"specFileRetries\",\"specFileRetriesDelay\",\"specFileRetriesDeferred\",\"reporterSyncInterval\",\"reporterSyncTimeout\",\"cucumberFeaturesWithLineNumbers\",\"autoCompileOpts\",\"mochaOpts\",\"jasmineOpts\",\"cucumberOpts\",\"onPrepare\",\"onWorkerStart\",\"onWorkerEnd\",\"before\",\"beforeSession\",\"beforeSuite\",\"beforeHook\",\"beforeTest\",\"afterTest\",\"afterHook\",\"afterSuite\",\"afterSession\",\"after\",\"onComplete\",\"beforeAssertion\",\"afterAssertion\",\"beforeFeature\",\"beforeScenario\",\"beforeStep\",\"afterStep\",\"afterScenario\",\"afterFeature\",\"_\",\"suite\",\"$0\",\"ignoredWorkerServices\",\"wdi5\"]"}]}
COMMAND: POST /session/5c358710dd67d6f9b9172afd6139f77d/execute/async - {"script":"<script> [21126 bytes]","args":[35000]}
RESULT: {"script":"<script> [21126 bytes]","args":[35000]}
COMMAND: POST /session/5c358710dd67d6f9b9172afd6139f77d/element - {"using":"css selector","value":"#shell-header-logo"}
RESULT: {"using":"css selector","value":"#shell-header-logo"}
COMMAND: POST /session/5c358710dd67d6f9b9172afd6139f77d/element/f.25FA1F70EC8D54F37F57A975E3D7688B.d.4E77B0655C03D7F01B3A5ACA07621A68.e.4611/click - {}
RESULT: {}
COMMAND: GET /session/5c358710dd67d6f9b9172afd6139f77d/screenshot - {}
RESULT: {}
COMMAND: POST /session/5c358710dd67d6f9b9172afd6139f77d/element - {"using":"css selector","value":"#shell-header-logo"}
RESULT: {"using":"css selector","value":"#shell-header-logo"}
COMMAND: POST /session/5c358710dd67d6f9b9172afd6139f77d/element/f.25FA1F70EC8D54F37F57A975E3D7688B.d.4E77B0655C03D7F01B3A5ACA07621A68.e.4788/click - {}
RESULT: {}
COMMAND: GET /session/5c358710dd67d6f9b9172afd6139f77d/screenshot - {}
RESULT: {}
]]></system-out>
    </testcase>
    <testcase classname="chrome.135_0_7049_42.windows.Manage_request_+_Contract_processing_pick_up_option_US120163_" name="Should Create New Request pick up option" time="177.822">
      <system-out><![CDATA[
COMMAND: POST /session/5c358710dd67d6f9b9172afd6139f77d/element - {"using":"css selector","value":"#shell-header-logo"}
RESULT: {"using":"css selector","value":"#shell-header-logo"}
COMMAND: POST /session/5c358710dd67d6f9b9172afd6139f77d/element/f.25FA1F70EC8D54F37F57A975E3D7688B.d.4E77B0655C03D7F01B3A5ACA07621A68.e.4788/click - {}
RESULT: {}
COMMAND: GET /session/5c358710dd67d6f9b9172afd6139f77d/screenshot - {}
RESULT: {}
COMMAND: POST /session/5c358710dd67d6f9b9172afd6139f77d/execute/async - {"script":"<script> [1562 bytes]","args":[{"selector":{"controlType":"sap.m.GenericTile","properties":{"header":"Manage Requests"}},"wdio_ui5_key":"sapm.GenericTile{\"header\":\"Manage Requests\"}"}]}
RESULT: {"script":"<script> [1562 bytes]","args":[{"selector":{"controlType":"sap.m.GenericTile","properties":{"header":"Manage Requests"}},"wdio_ui5_key":"sapm.GenericTile{\"header\":\"Manage Requests\"}"}]}
RESULT: undefined
COMMAND: POST /session/5c358710dd67d6f9b9172afd6139f77d/element - {"using":"xpath","value":"//*[@id=\"__tile47\"]"}
RESULT: {"using":"xpath","value":"//*[@id=\"__tile47\"]"}
COMMAND: POST /session/5c358710dd67d6f9b9172afd6139f77d/element/f.25FA1F70EC8D54F37F57A975E3D7688B.d.4E77B0655C03D7F01B3A5ACA07621A68.e.4797/click - {}
RESULT: {}
COMMAND: GET /session/5c358710dd67d6f9b9172afd6139f77d/screenshot - {}
RESULT: {}
COMMAND: POST /session/5c358710dd67d6f9b9172afd6139f77d/refresh - {}
RESULT: {}
COMMAND: GET /session/5c358710dd67d6f9b9172afd6139f77d/screenshot - {}
RESULT: {}
COMMAND: POST /session/5c358710dd67d6f9b9172afd6139f77d/execute/async - {"script":"<script> [189 bytes]","args":[]}
RESULT: {"script":"<script> [189 bytes]","args":[]}
COMMAND: POST /session/5c358710dd67d6f9b9172afd6139f77d/execute/async - {"script":"<script> [123 bytes]","args":[]}
RESULT: {"script":"<script> [123 bytes]","args":[]}
COMMAND: POST /session/5c358710dd67d6f9b9172afd6139f77d/timeouts - {"script":"<number>"}
RESULT: {"script":"<number>"}
COMMAND: GET /session/5c358710dd67d6f9b9172afd6139f77d/timeouts - {}
RESULT: {}
RESULT: undefined
COMMAND: POST /session/5c358710dd67d6f9b9172afd6139f77d/execute/async - {"script":"<script> [2676 bytes]","args":[]}
RESULT: {"script":"<script> [2676 bytes]","args":[]}
COMMAND: POST /session/5c358710dd67d6f9b9172afd6139f77d/execute/async - {"script":"<script> [2342 bytes]","args":[{"protocol":"http","hostname":"0.0.0.0","path":"/","capabilities":{"browserName":"chrome","goog:chromeOptions":{"binary":"C:\\Program Files\\Google\\Chrome\\Application\\chrome.exe"}},"logLevel":"warn","connectionRetryTimeout":120000,"connectionRetryCount":3,"logLevels":{},"enableDirectConnect":true,"strictSSL":true,"_":"65 more keys: [\"cacheDir\",\"port\",\"requestedCapabilities\",\"automationProtocol\",\"baseUrl\",\"waitforInterval\",\"waitforTimeout\",\"onReload\",\"beforeCommand\",\"afterCommand\",\"rootDir\",\"specs\",\"suites\",\"exclude\",\"groupLogsByTestSpec\",\"excludeDriverLogs\",\"bail\",\"framework\",\"reporters\",\"services\",\"maxInstances\",\"maxInstancesPerCapability\",\"injectGlobals\",\"filesToWatch\",\"execArgv\",\"runnerEnv\",\"runner\",\"shard\",\"specFileRetries\",\"specFileRetriesDelay\",\"specFileRetriesDeferred\",\"reporterSyncInterval\",\"reporterSyncTimeout\",\"cucumberFeaturesWithLineNumbers\",\"autoCompileOpts\",\"mochaOpts\",\"jasmineOpts\",\"cucumberOpts\",\"onPrepare\",\"onWorkerStart\",\"onWorkerEnd\",\"before\",\"beforeSession\",\"beforeSuite\",\"beforeHook\",\"beforeTest\",\"afterTest\",\"afterHook\",\"afterSuite\",\"afterSession\",\"after\",\"onComplete\",\"beforeAssertion\",\"afterAssertion\",\"beforeFeature\",\"beforeScenario\",\"beforeStep\",\"afterStep\",\"afterScenario\",\"afterFeature\",\"_\",\"suite\",\"$0\",\"ignoredWorkerServices\",\"wdi5\"]"}]}
RESULT: {"script":"<script> [2342 bytes]","args":[{"protocol":"http","hostname":"0.0.0.0","path":"/","capabilities":{"browserName":"chrome","goog:chromeOptions":{"binary":"C:\\Program Files\\Google\\Chrome\\Application\\chrome.exe"}},"logLevel":"warn","connectionRetryTimeout":120000,"connectionRetryCount":3,"logLevels":{},"enableDirectConnect":true,"strictSSL":true,"_":"65 more keys: [\"cacheDir\",\"port\",\"requestedCapabilities\",\"automationProtocol\",\"baseUrl\",\"waitforInterval\",\"waitforTimeout\",\"onReload\",\"beforeCommand\",\"afterCommand\",\"rootDir\",\"specs\",\"suites\",\"exclude\",\"groupLogsByTestSpec\",\"excludeDriverLogs\",\"bail\",\"framework\",\"reporters\",\"services\",\"maxInstances\",\"maxInstancesPerCapability\",\"injectGlobals\",\"filesToWatch\",\"execArgv\",\"runnerEnv\",\"runner\",\"shard\",\"specFileRetries\",\"specFileRetriesDelay\",\"specFileRetriesDeferred\",\"reporterSyncInterval\",\"reporterSyncTimeout\",\"cucumberFeaturesWithLineNumbers\",\"autoCompileOpts\",\"mochaOpts\",\"jasmineOpts\",\"cucumberOpts\",\"onPrepare\",\"onWorkerStart\",\"onWorkerEnd\",\"before\",\"beforeSession\",\"beforeSuite\",\"beforeHook\",\"beforeTest\",\"afterTest\",\"afterHook\",\"afterSuite\",\"afterSession\",\"after\",\"onComplete\",\"beforeAssertion\",\"afterAssertion\",\"beforeFeature\",\"beforeScenario\",\"beforeStep\",\"afterStep\",\"afterScenario\",\"afterFeature\",\"_\",\"suite\",\"$0\",\"ignoredWorkerServices\",\"wdi5\"]"}]}
COMMAND: POST /session/5c358710dd67d6f9b9172afd6139f77d/execute/async - {"script":"<script> [21126 bytes]","args":[35000]}
RESULT: {"script":"<script> [21126 bytes]","args":[35000]}
COMMAND: POST /session/5c358710dd67d6f9b9172afd6139f77d/element - {"using":"xpath","value":"//button[contains(@data-kt ,\"btnCreateNewOverflowToolbarButton\")]"}
RESULT: {"using":"xpath","value":"//button[contains(@data-kt ,\"btnCreateNewOverflowToolbarButton\")]"}
COMMAND: POST /session/5c358710dd67d6f9b9172afd6139f77d/elements - {"using":"xpath","value":"//button[contains(@data-kt ,\"btnCreateNewOverflowToolbarButton\")]"}
RESULT: {"using":"xpath","value":"//button[contains(@data-kt ,\"btnCreateNewOverflowToolbarButton\")]"}
COMMAND: POST /session/5c358710dd67d6f9b9172afd6139f77d/execute/sync - {"script":"<script> [8489 bytes]","args":[{"element-6066-11e4-a52e-4f735466cecf":"f.25FA1F70EC8D54F37F57A975E3D7688B.d.91E49FD00F8EE9C6491EB1FD9A1D52F3.e.4895","ELEMENT":"f.25FA1F70EC8D54F37F57A975E3D7688B.d.91E49FD00F8EE9C6491EB1FD9A1D52F3.e.4895"}]}
RESULT: {"script":"<script> [8489 bytes]","args":[{"element-6066-11e4-a52e-4f735466cecf":"f.25FA1F70EC8D54F37F57A975E3D7688B.d.91E49FD00F8EE9C6491EB1FD9A1D52F3.e.4895","ELEMENT":"f.25FA1F70EC8D54F37F57A975E3D7688B.d.91E49FD00F8EE9C6491EB1FD9A1D52F3.e.4895"}]}
COMMAND: GET /session/5c358710dd67d6f9b9172afd6139f77d/element/f.25FA1F70EC8D54F37F57A975E3D7688B.d.91E49FD00F8EE9C6491EB1FD9A1D52F3.e.4895/enabled - {}
COMMAND: GET /session/5c358710dd67d6f9b9172afd6139f77d/screenshot - {}
RESULT: {}
COMMAND: POST /session/5c358710dd67d6f9b9172afd6139f77d/execute/sync - {"script":"<script> [8489 bytes]","args":[{"element-6066-11e4-a52e-4f735466cecf":"f.25FA1F70EC8D54F37F57A975E3D7688B.d.91E49FD00F8EE9C6491EB1FD9A1D52F3.e.4895","ELEMENT":"f.25FA1F70EC8D54F37F57A975E3D7688B.d.91E49FD00F8EE9C6491EB1FD9A1D52F3.e.4895"}]}
COMMAND: GET /session/5c358710dd67d6f9b9172afd6139f77d/screenshot - {}
RESULT: {}
RESULT: {"script":"<script> [8489 bytes]","args":[{"element-6066-11e4-a52e-4f735466cecf":"f.25FA1F70EC8D54F37F57A975E3D7688B.d.91E49FD00F8EE9C6491EB1FD9A1D52F3.e.4895","ELEMENT":"f.25FA1F70EC8D54F37F57A975E3D7688B.d.91E49FD00F8EE9C6491EB1FD9A1D52F3.e.4895"}]}
COMMAND: POST /session/5c358710dd67d6f9b9172afd6139f77d/execute/sync - {"script":"<script> [5351 bytes]","args":[{"element-6066-11e4-a52e-4f735466cecf":"f.25FA1F70EC8D54F37F57A975E3D7688B.d.91E49FD00F8EE9C6491EB1FD9A1D52F3.e.4895","ELEMENT":"f.25FA1F70EC8D54F37F57A975E3D7688B.d.91E49FD00F8EE9C6491EB1FD9A1D52F3.e.4895"}]}
COMMAND: GET /session/5c358710dd67d6f9b9172afd6139f77d/screenshot - {}
RESULT: {}
RESULT: {"script":"<script> [5351 bytes]","args":[{"element-6066-11e4-a52e-4f735466cecf":"f.25FA1F70EC8D54F37F57A975E3D7688B.d.91E49FD00F8EE9C6491EB1FD9A1D52F3.e.4895","ELEMENT":"f.25FA1F70EC8D54F37F57A975E3D7688B.d.91E49FD00F8EE9C6491EB1FD9A1D52F3.e.4895"}]}
COMMAND: POST /session/5c358710dd67d6f9b9172afd6139f77d/element/f.25FA1F70EC8D54F37F57A975E3D7688B.d.91E49FD00F8EE9C6491EB1FD9A1D52F3.e.4895/click - {}
COMMAND: GET /session/5c358710dd67d6f9b9172afd6139f77d/screenshot - {}
RESULT: {}
RESULT: {}
COMMAND: GET /session/5c358710dd67d6f9b9172afd6139f77d/screenshot - {}
RESULT: {}
RESULT: {}
COMMAND: POST /session/5c358710dd67d6f9b9172afd6139f77d/element - {"using":"xpath","value":"//input[contains(@id ,\"yardId-inner\")]"}
RESULT: {"using":"xpath","value":"//input[contains(@id ,\"yardId-inner\")]"}
COMMAND: POST /session/5c358710dd67d6f9b9172afd6139f77d/execute/sync - {"script":"<script> [8489 bytes]","args":[{"element-6066-11e4-a52e-4f735466cecf":"f.25FA1F70EC8D54F37F57A975E3D7688B.d.91E49FD00F8EE9C6491EB1FD9A1D52F3.e.5138","ELEMENT":"f.25FA1F70EC8D54F37F57A975E3D7688B.d.91E49FD00F8EE9C6491EB1FD9A1D52F3.e.5138"}]}
RESULT: {"script":"<script> [8489 bytes]","args":[{"element-6066-11e4-a52e-4f735466cecf":"f.25FA1F70EC8D54F37F57A975E3D7688B.d.91E49FD00F8EE9C6491EB1FD9A1D52F3.e.5138","ELEMENT":"f.25FA1F70EC8D54F37F57A975E3D7688B.d.91E49FD00F8EE9C6491EB1FD9A1D52F3.e.5138"}]}
COMMAND: POST /session/5c358710dd67d6f9b9172afd6139f77d/element - {"using":"xpath","value":"//input[contains(@id ,\"requestContractNo-inner\")]"}
COMMAND: GET /session/5c358710dd67d6f9b9172afd6139f77d/screenshot - {}
RESULT: {"using":"xpath","value":"//input[contains(@id ,\"requestContractNo-inner\")]"}
COMMAND: POST /session/5c358710dd67d6f9b9172afd6139f77d/element/f.25FA1F70EC8D54F37F57A975E3D7688B.d.91E49FD00F8EE9C6491EB1FD9A1D52F3.e.5133/value - {"text":"10171"}
RESULT: {}
RESULT: {"text":"10171"}
COMMAND: GET /session/5c358710dd67d6f9b9172afd6139f77d/screenshot - {}
RESULT: {}
COMMAND: POST /session/5c358710dd67d6f9b9172afd6139f77d/execute/async - {"script":"<script> [1562 bytes]","args":[{"selector":{"controlType":"sap.m.Button","viewName":"etm.portal.ui.managerequests.view.NewRequest","properties":{"text":"Items"},"interaction":{"idSuffix":"BDI-content"}},"wdio_ui5_key":"etmportal.ui.managerequests.view.NewRequestsap.m.Button{\"text\":\"Items\"}"}]}
RESULT: {"script":"<script> [1562 bytes]","args":[{"selector":{"controlType":"sap.m.Button","viewName":"etm.portal.ui.managerequests.view.NewRequest","properties":{"text":"Items"},"interaction":{"idSuffix":"BDI-content"}},"wdio_ui5_key":"etmportal.ui.managerequests.view.NewRequestsap.m.Button{\"text\":\"Items\"}"}]}
RESULT: undefined
COMMAND: POST /session/5c358710dd67d6f9b9172afd6139f77d/element - {"using":"xpath","value":"//*[@id=\"__xmlview1--newRequestPage-anchBar-__xmlview1--requestItemsSection-anchor\"]"}
RESULT: {"using":"xpath","value":"//*[@id=\"__xmlview1--newRequestPage-anchBar-__xmlview1--requestItemsSection-anchor\"]"}
COMMAND: POST /session/5c358710dd67d6f9b9172afd6139f77d/element/f.25FA1F70EC8D54F37F57A975E3D7688B.d.91E49FD00F8EE9C6491EB1FD9A1D52F3.e.5284/click - {}
RESULT: {}
COMMAND: GET /session/5c358710dd67d6f9b9172afd6139f77d/screenshot - {}
RESULT: {}
COMMAND: POST /session/5c358710dd67d6f9b9172afd6139f77d/execute/async - {"script":"<script> [1562 bytes]","args":[{"selector":{"controlType":"sap.ui.core.Icon","viewName":"etm.portal.ui.managerequests.view.NewRequest","properties":{"src":{"regex":{"source":"inspect"}}}},"wdio_ui5_key":"etmportal.ui.managerequests.view.NewRequestsap.ui.core.Icon{\"src\":{\"regex\":{\"source\":\"inspect\"}}}"}]}
RESULT: {"script":"<script> [1562 bytes]","args":[{"selector":{"controlType":"sap.ui.core.Icon","viewName":"etm.portal.ui.managerequests.view.NewRequest","properties":{"src":{"regex":{"source":"inspect"}}}},"wdio_ui5_key":"etmportal.ui.managerequests.view.NewRequestsap.ui.core.Icon{\"src\":{\"regex\":{\"source\":\"inspect\"}}}"}]}
RESULT: undefined
COMMAND: POST /session/5c358710dd67d6f9b9172afd6139f77d/element - {"using":"xpath","value":"//*[@id=\"__button8-img\"]"}
RESULT: {"using":"xpath","value":"//*[@id=\"__button8-img\"]"}
COMMAND: POST /session/5c358710dd67d6f9b9172afd6139f77d/element/f.25FA1F70EC8D54F37F57A975E3D7688B.d.91E49FD00F8EE9C6491EB1FD9A1D52F3.e.5289/click - {}
RESULT: {}
COMMAND: GET /session/5c358710dd67d6f9b9172afd6139f77d/screenshot - {}
RESULT: {}
COMMAND: POST /session/5c358710dd67d6f9b9172afd6139f77d/execute/async - {"script":"<script> [1562 bytes]","args":[{"selector":{"controlType":"sap.ui.core.Icon","viewName":"etm.portal.ui.managerequests.view.NewRequest","properties":{"src":{"regex":{"source":"add"}}}},"wdio_ui5_key":"etmportal.ui.managerequests.view.NewRequestsap.ui.core.Icon{\"src\":{\"regex\":{\"source\":\"add\"}}}"}]}
RESULT: {"script":"<script> [1562 bytes]","args":[{"selector":{"controlType":"sap.ui.core.Icon","viewName":"etm.portal.ui.managerequests.view.NewRequest","properties":{"src":{"regex":{"source":"add"}}}},"wdio_ui5_key":"etmportal.ui.managerequests.view.NewRequestsap.ui.core.Icon{\"src\":{\"regex\":{\"source\":\"add\"}}}"}]}
RESULT: undefined
COMMAND: POST /session/5c358710dd67d6f9b9172afd6139f77d/element - {"using":"xpath","value":"//*[@id=\"__xmlview1--btnAddTableRow-img\"]"}
RESULT: {"using":"xpath","value":"//*[@id=\"__xmlview1--btnAddTableRow-img\"]"}
COMMAND: POST /session/5c358710dd67d6f9b9172afd6139f77d/element/f.25FA1F70EC8D54F37F57A975E3D7688B.d.91E49FD00F8EE9C6491EB1FD9A1D52F3.e.5112/click - {}
RESULT: {}
COMMAND: GET /session/5c358710dd67d6f9b9172afd6139f77d/screenshot - {}
RESULT: {}
COMMAND: POST /session/5c358710dd67d6f9b9172afd6139f77d/execute/async - {"script":"<script> [1562 bytes]","args":[{"selector":{"controlType":"sap.ui.unified.MenuItem","viewName":"etm.portal.ui.managerequests.view.NewRequest","i18NText":{"propertyName":"text","key":"standardEntry"},"searchOpenDialogs":true,"interaction":{"idSuffix":"txt"}},"wdio_ui5_key":"etmportal.ui.managerequests.view.NewRequestsap.ui.unified.MenuItem{\"propertyName\":\"text\",\"key\":\"standardEntry\"}"}]}
RESULT: {"script":"<script> [1562 bytes]","args":[{"selector":{"controlType":"sap.ui.unified.MenuItem","viewName":"etm.portal.ui.managerequests.view.NewRequest","i18NText":{"propertyName":"text","key":"standardEntry"},"searchOpenDialogs":true,"interaction":{"idSuffix":"txt"}},"wdio_ui5_key":"etmportal.ui.managerequests.view.NewRequestsap.ui.unified.MenuItem{\"propertyName\":\"text\",\"key\":\"standardEntry\"}"}]}
RESULT: undefined
COMMAND: POST /session/5c358710dd67d6f9b9172afd6139f77d/element - {"using":"xpath","value":"//*[@id=\"__item177\"]"}
RESULT: {"using":"xpath","value":"//*[@id=\"__item177\"]"}
COMMAND: POST /session/5c358710dd67d6f9b9172afd6139f77d/element/f.25FA1F70EC8D54F37F57A975E3D7688B.d.91E49FD00F8EE9C6491EB1FD9A1D52F3.e.5298/click - {}
RESULT: {}
COMMAND: GET /session/5c358710dd67d6f9b9172afd6139f77d/screenshot - {}
RESULT: {}
RESULT: undefined
COMMAND: POST /session/5c358710dd67d6f9b9172afd6139f77d/element - {"using":"xpath","value":"//*[@id=\"__xmlview1--btnAddTableRow-img\"]"}
RESULT: {"using":"xpath","value":"//*[@id=\"__xmlview1--btnAddTableRow-img\"]"}
COMMAND: POST /session/5c358710dd67d6f9b9172afd6139f77d/element/f.25FA1F70EC8D54F37F57A975E3D7688B.d.91E49FD00F8EE9C6491EB1FD9A1D52F3.e.5112/click - {}
RESULT: {}
COMMAND: GET /session/5c358710dd67d6f9b9172afd6139f77d/screenshot - {}
RESULT: {}
RESULT: undefined
COMMAND: POST /session/5c358710dd67d6f9b9172afd6139f77d/element - {"using":"xpath","value":"//*[@id=\"__item177\"]"}
RESULT: {"using":"xpath","value":"//*[@id=\"__item177\"]"}
COMMAND: POST /session/5c358710dd67d6f9b9172afd6139f77d/element/f.25FA1F70EC8D54F37F57A975E3D7688B.d.91E49FD00F8EE9C6491EB1FD9A1D52F3.e.5314/click - {}
RESULT: {}
COMMAND: GET /session/5c358710dd67d6f9b9172afd6139f77d/screenshot - {}
RESULT: {}
COMMAND: POST /session/5c358710dd67d6f9b9172afd6139f77d/element - {"using":"xpath","value":"(//input[contains(@id ,\"requestItemsTable-0-inner\")])[5]"}
RESULT: {"using":"xpath","value":"(//input[contains(@id ,\"requestItemsTable-0-inner\")])[5]"}
COMMAND: POST /session/5c358710dd67d6f9b9172afd6139f77d/element/f.25FA1F70EC8D54F37F57A975E3D7688B.d.91E49FD00F8EE9C6491EB1FD9A1D52F3.e.5304/clear - {}
RESULT: {}
COMMAND: POST /session/5c358710dd67d6f9b9172afd6139f77d/element/f.25FA1F70EC8D54F37F57A975E3D7688B.d.91E49FD00F8EE9C6491EB1FD9A1D52F3.e.5304/value - {"text":"1000001"}
COMMAND: GET /session/5c358710dd67d6f9b9172afd6139f77d/screenshot - {}
RESULT: {"text":"1000001"}
COMMAND: GET /session/5c358710dd67d6f9b9172afd6139f77d/screenshot - {}
RESULT: {}
RESULT: {}
COMMAND: POST /session/5c358710dd67d6f9b9172afd6139f77d/actions - {"actions":[{"id":"action34","type":"key","parameters":{},"actions":[{"type":"keyDown","value":""},{"type":"pause","duration":10},{"type":"keyUp","value":""}]}]}
RESULT: {"actions":[{"id":"action34","type":"key","parameters":{},"actions":[{"type":"keyDown","value":""},{"type":"pause","duration":10},{"type":"keyUp","value":""}]}]}
COMMAND: POST /session/5c358710dd67d6f9b9172afd6139f77d/element - {"using":"xpath","value":"(//input[contains(@id ,\"requestItemsTable-1-inner\")])[5]"}
COMMAND: GET /session/5c358710dd67d6f9b9172afd6139f77d/screenshot - {}
RESULT: {"using":"xpath","value":"(//input[contains(@id ,\"requestItemsTable-1-inner\")])[5]"}
COMMAND: POST /session/5c358710dd67d6f9b9172afd6139f77d/element/f.25FA1F70EC8D54F37F57A975E3D7688B.d.91E49FD00F8EE9C6491EB1FD9A1D52F3.e.5320/clear - {}
RESULT: {}
RESULT: {}
COMMAND: POST /session/5c358710dd67d6f9b9172afd6139f77d/element/f.25FA1F70EC8D54F37F57A975E3D7688B.d.91E49FD00F8EE9C6491EB1FD9A1D52F3.e.5320/value - {"text":"200098"}
COMMAND: GET /session/5c358710dd67d6f9b9172afd6139f77d/screenshot - {}
RESULT: {"text":"200098"}
COMMAND: GET /session/5c358710dd67d6f9b9172afd6139f77d/screenshot - {}
RESULT: {}
RESULT: {}
COMMAND: POST /session/5c358710dd67d6f9b9172afd6139f77d/actions - {"actions":[{"id":"action35","type":"key","parameters":{},"actions":[{"type":"keyDown","value":""},{"type":"pause","duration":10},{"type":"keyUp","value":""}]}]}
RESULT: {"actions":[{"id":"action35","type":"key","parameters":{},"actions":[{"type":"keyDown","value":""},{"type":"pause","duration":10},{"type":"keyUp","value":""}]}]}
COMMAND: POST /session/5c358710dd67d6f9b9172afd6139f77d/element - {"using":"xpath","value":"//div[contains(@data-kt ,\"splitAllocationObjectStatus\")]"}
COMMAND: GET /session/5c358710dd67d6f9b9172afd6139f77d/screenshot - {}
RESULT: {"using":"xpath","value":"//div[contains(@data-kt ,\"splitAllocationObjectStatus\")]"}
COMMAND: POST /session/5c358710dd67d6f9b9172afd6139f77d/elements - {"using":"xpath","value":"//div[contains(@data-kt ,\"splitAllocationObjectStatus\")]"}
RESULT: {}
RESULT: {"using":"xpath","value":"//div[contains(@data-kt ,\"splitAllocationObjectStatus\")]"}
COMMAND: POST /session/5c358710dd67d6f9b9172afd6139f77d/execute/async - {"script":"<script> [1562 bytes]","args":[{"selector":{"controlType":"sap.ui.core.Icon","viewName":"etm.portal.ui.managerequests.view.NewRequest","properties":{"src":{"regex":{"source":"message\\-error"}}},"ancestor":{"controlType":"sap.m.ColumnListItem","viewName":"etm.portal.ui.managerequests.view.NewRequest","bindingPath":{"modelName":"newRequestItems","path":"/RequestItems/0"},"ancestor":{"id":"requestItemsTable","viewName":"etm.portal.ui.managerequests.view.NewRequest"}}},"wdio_ui5_key":"etmportal.ui.managerequests.view.NewRequestsap.ui.core.Icon{\"src\":{\"regex\":{\"source\":\"message\\\\-error\"}}}{\"controlType\":\"sap.m.ColumnListItem\",\"viewName\":\"etm.portal.ui.managerequests.view.NewRequest\",\"bindingPath\":{\"modelName\":\"newRequestItems\",\"path\":\"/RequestItems/0\"},\"ancestor\":{\"id\":\"requestItemsTable\",\"viewName\":\"etm.portal.ui.managerequests.view.NewRequest\"}}"}]}
RESULT: {"script":"<script> [1562 bytes]","args":[{"selector":{"controlType":"sap.ui.core.Icon","viewName":"etm.portal.ui.managerequests.view.NewRequest","properties":{"src":{"regex":{"source":"message\\-error"}}},"ancestor":{"controlType":"sap.m.ColumnListItem","viewName":"etm.portal.ui.managerequests.view.NewRequest","bindingPath":{"modelName":"newRequestItems","path":"/RequestItems/0"},"ancestor":{"id":"requestItemsTable","viewName":"etm.portal.ui.managerequests.view.NewRequest"}}},"wdio_ui5_key":"etmportal.ui.managerequests.view.NewRequestsap.ui.core.Icon{\"src\":{\"regex\":{\"source\":\"message\\\\-error\"}}}{\"controlType\":\"sap.m.ColumnListItem\",\"viewName\":\"etm.portal.ui.managerequests.view.NewRequest\",\"bindingPath\":{\"modelName\":\"newRequestItems\",\"path\":\"/RequestItems/0\"},\"ancestor\":{\"id\":\"requestItemsTable\",\"viewName\":\"etm.portal.ui.managerequests.view.NewRequest\"}}"}]}
RESULT: undefined
COMMAND: POST /session/5c358710dd67d6f9b9172afd6139f77d/element - {"using":"xpath","value":"//*[@id=\"__status4-__xmlview1--requestItemsTable-0-icon\"]"}
RESULT: {"using":"xpath","value":"//*[@id=\"__status4-__xmlview1--requestItemsTable-0-icon\"]"}
COMMAND: POST /session/5c358710dd67d6f9b9172afd6139f77d/element/f.25FA1F70EC8D54F37F57A975E3D7688B.d.91E49FD00F8EE9C6491EB1FD9A1D52F3.e.5337/click - {}
RESULT: {}
COMMAND: GET /session/5c358710dd67d6f9b9172afd6139f77d/screenshot - {}
RESULT: {}
COMMAND: POST /session/5c358710dd67d6f9b9172afd6139f77d/execute/async - {"script":"<script> [1562 bytes]","args":[{"selector":{"id":"costObjectAdminTypeComboBox","viewName":"etm.portal.ui.managerequests.view.NewRequest","searchOpenDialogs":true,"interaction":{"idSuffix":"inner"}},"wdio_ui5_key":"costObjectAdminTypeComboBoxetmportal.ui.managerequests.view.NewRequest"}]}
RESULT: {"script":"<script> [1562 bytes]","args":[{"selector":{"id":"costObjectAdminTypeComboBox","viewName":"etm.portal.ui.managerequests.view.NewRequest","searchOpenDialogs":true,"interaction":{"idSuffix":"inner"}},"wdio_ui5_key":"costObjectAdminTypeComboBoxetmportal.ui.managerequests.view.NewRequest"}]}
RESULT: undefined
COMMAND: POST /session/5c358710dd67d6f9b9172afd6139f77d/execute/async - {"script":"<script> [776 bytes]","args":[{"enterText":"Cost Center","selector":{"id":"costObjectAdminTypeComboBox","viewName":"etm.portal.ui.managerequests.view.NewRequest","searchOpenDialogs":true,"interaction":{"idSuffix":"inner"}},"clearTextFirst":true,"interactionType":"ENTER_TEXT"}]}
RESULT: {"script":"<script> [776 bytes]","args":[{"enterText":"Cost Center","selector":{"id":"costObjectAdminTypeComboBox","viewName":"etm.portal.ui.managerequests.view.NewRequest","searchOpenDialogs":true,"interaction":{"idSuffix":"inner"}},"clearTextFirst":true,"interactionType":"ENTER_TEXT"}]}
COMMAND: POST /session/5c358710dd67d6f9b9172afd6139f77d/actions - {"actions":[{"id":"action36","type":"key","parameters":{},"actions":[{"type":"keyDown","value":""},{"type":"pause","duration":10},{"type":"keyUp","value":""}]}]}
RESULT: {"actions":[{"id":"action36","type":"key","parameters":{},"actions":[{"type":"keyDown","value":""},{"type":"pause","duration":10},{"type":"keyUp","value":""}]}]}
COMMAND: GET /session/5c358710dd67d6f9b9172afd6139f77d/screenshot - {}
RESULT: {}
COMMAND: POST /session/5c358710dd67d6f9b9172afd6139f77d/execute/async - {"script":"<script> [1562 bytes]","args":[{"selector":{"id":"costObjectIdComboBox","viewName":"etm.portal.ui.managerequests.view.NewRequest","searchOpenDialogs":true,"interaction":{"idSuffix":"inner"}},"wdio_ui5_key":"costObjectIdComboBoxetmportal.ui.managerequests.view.NewRequest"}]}
RESULT: {"script":"<script> [1562 bytes]","args":[{"selector":{"id":"costObjectIdComboBox","viewName":"etm.portal.ui.managerequests.view.NewRequest","searchOpenDialogs":true,"interaction":{"idSuffix":"inner"}},"wdio_ui5_key":"costObjectIdComboBoxetmportal.ui.managerequests.view.NewRequest"}]}
RESULT: undefined
COMMAND: POST /session/5c358710dd67d6f9b9172afd6139f77d/execute/async - {"script":"<script> [776 bytes]","args":[{"enterText":"1001 - 1001","selector":{"id":"costObjectIdComboBox","viewName":"etm.portal.ui.managerequests.view.NewRequest","searchOpenDialogs":true,"interaction":{"idSuffix":"inner"}},"clearTextFirst":true,"interactionType":"ENTER_TEXT"}]}
RESULT: {"script":"<script> [776 bytes]","args":[{"enterText":"1001 - 1001","selector":{"id":"costObjectIdComboBox","viewName":"etm.portal.ui.managerequests.view.NewRequest","searchOpenDialogs":true,"interaction":{"idSuffix":"inner"}},"clearTextFirst":true,"interactionType":"ENTER_TEXT"}]}
COMMAND: POST /session/5c358710dd67d6f9b9172afd6139f77d/actions - {"actions":[{"id":"action37","type":"key","parameters":{},"actions":[{"type":"keyDown","value":""},{"type":"pause","duration":10},{"type":"keyUp","value":""}]}]}
RESULT: {"actions":[{"id":"action37","type":"key","parameters":{},"actions":[{"type":"keyDown","value":""},{"type":"pause","duration":10},{"type":"keyUp","value":""}]}]}
COMMAND: GET /session/5c358710dd67d6f9b9172afd6139f77d/screenshot - {}
RESULT: {}
COMMAND: POST /session/5c358710dd67d6f9b9172afd6139f77d/element - {"using":"xpath","value":"(//bdi[(text() = 'Save' or . = 'Save')])[1]"}
RESULT: {"using":"xpath","value":"(//bdi[(text() = 'Save' or . = 'Save')])[1]"}
COMMAND: POST /session/5c358710dd67d6f9b9172afd6139f77d/element/f.25FA1F70EC8D54F37F57A975E3D7688B.d.91E49FD00F8EE9C6491EB1FD9A1D52F3.e.5351/click - {}
RESULT: {}
COMMAND: POST /session/5c358710dd67d6f9b9172afd6139f77d/execute/async - {"script":"<script> [1562 bytes]","args":[{"selector":{"controlType":"sap.ui.core.Icon","viewName":"etm.portal.ui.managerequests.view.NewRequest","properties":{"src":{"regex":{"source":"message\\-error"}}},"ancestor":{"controlType":"sap.m.ColumnListItem","viewName":"etm.portal.ui.managerequests.view.NewRequest","bindingPath":{"modelName":"newRequestItems","path":"/RequestItems/1"},"ancestor":{"id":"requestItemsTable","viewName":"etm.portal.ui.managerequests.view.NewRequest"}}},"wdio_ui5_key":"etmportal.ui.managerequests.view.NewRequestsap.ui.core.Icon{\"src\":{\"regex\":{\"source\":\"message\\\\-error\"}}}{\"controlType\":\"sap.m.ColumnListItem\",\"viewName\":\"etm.portal.ui.managerequests.view.NewRequest\",\"bindingPath\":{\"modelName\":\"newRequestItems\",\"path\":\"/RequestItems/1\"},\"ancestor\":{\"id\":\"requestItemsTable\",\"viewName\":\"etm.portal.ui.managerequests.view.NewRequest\"}}"}]}
COMMAND: GET /session/5c358710dd67d6f9b9172afd6139f77d/screenshot - {}
RESULT: {"script":"<script> [1562 bytes]","args":[{"selector":{"controlType":"sap.ui.core.Icon","viewName":"etm.portal.ui.managerequests.view.NewRequest","properties":{"src":{"regex":{"source":"message\\-error"}}},"ancestor":{"controlType":"sap.m.ColumnListItem","viewName":"etm.portal.ui.managerequests.view.NewRequest","bindingPath":{"modelName":"newRequestItems","path":"/RequestItems/1"},"ancestor":{"id":"requestItemsTable","viewName":"etm.portal.ui.managerequests.view.NewRequest"}}},"wdio_ui5_key":"etmportal.ui.managerequests.view.NewRequestsap.ui.core.Icon{\"src\":{\"regex\":{\"source\":\"message\\\\-error\"}}}{\"controlType\":\"sap.m.ColumnListItem\",\"viewName\":\"etm.portal.ui.managerequests.view.NewRequest\",\"bindingPath\":{\"modelName\":\"newRequestItems\",\"path\":\"/RequestItems/1\"},\"ancestor\":{\"id\":\"requestItemsTable\",\"viewName\":\"etm.portal.ui.managerequests.view.NewRequest\"}}"}]}
RESULT: undefined
COMMAND: POST /session/5c358710dd67d6f9b9172afd6139f77d/element - {"using":"xpath","value":"//*[@id=\"__status4-__xmlview1--requestItemsTable-1-icon\"]"}
RESULT: {}
RESULT: {"using":"xpath","value":"//*[@id=\"__status4-__xmlview1--requestItemsTable-1-icon\"]"}
COMMAND: POST /session/5c358710dd67d6f9b9172afd6139f77d/element/f.25FA1F70EC8D54F37F57A975E3D7688B.d.91E49FD00F8EE9C6491EB1FD9A1D52F3.e.5354/click - {}
RESULT: {}
COMMAND: GET /session/5c358710dd67d6f9b9172afd6139f77d/screenshot - {}
RESULT: {}
RESULT: undefined
COMMAND: POST /session/5c358710dd67d6f9b9172afd6139f77d/execute/async - {"script":"<script> [776 bytes]","args":[{"enterText":"Cost Center","selector":{"id":"costObjectAdminTypeComboBox","viewName":"etm.portal.ui.managerequests.view.NewRequest","searchOpenDialogs":true,"interaction":{"idSuffix":"inner"}},"clearTextFirst":true,"interactionType":"ENTER_TEXT"}]}
RESULT: {"script":"<script> [776 bytes]","args":[{"enterText":"Cost Center","selector":{"id":"costObjectAdminTypeComboBox","viewName":"etm.portal.ui.managerequests.view.NewRequest","searchOpenDialogs":true,"interaction":{"idSuffix":"inner"}},"clearTextFirst":true,"interactionType":"ENTER_TEXT"}]}
COMMAND: POST /session/5c358710dd67d6f9b9172afd6139f77d/actions - {"actions":[{"id":"action38","type":"key","parameters":{},"actions":[{"type":"keyDown","value":""},{"type":"pause","duration":10},{"type":"keyUp","value":""}]}]}
RESULT: {"actions":[{"id":"action38","type":"key","parameters":{},"actions":[{"type":"keyDown","value":""},{"type":"pause","duration":10},{"type":"keyUp","value":""}]}]}
COMMAND: GET /session/5c358710dd67d6f9b9172afd6139f77d/screenshot - {}
RESULT: {}
RESULT: undefined
COMMAND: POST /session/5c358710dd67d6f9b9172afd6139f77d/execute/async - {"script":"<script> [776 bytes]","args":[{"enterText":"1001 - 1001","selector":{"id":"costObjectIdComboBox","viewName":"etm.portal.ui.managerequests.view.NewRequest","searchOpenDialogs":true,"interaction":{"idSuffix":"inner"}},"clearTextFirst":true,"interactionType":"ENTER_TEXT"}]}
RESULT: {"script":"<script> [776 bytes]","args":[{"enterText":"1001 - 1001","selector":{"id":"costObjectIdComboBox","viewName":"etm.portal.ui.managerequests.view.NewRequest","searchOpenDialogs":true,"interaction":{"idSuffix":"inner"}},"clearTextFirst":true,"interactionType":"ENTER_TEXT"}]}
COMMAND: POST /session/5c358710dd67d6f9b9172afd6139f77d/actions - {"actions":[{"id":"action39","type":"key","parameters":{},"actions":[{"type":"keyDown","value":""},{"type":"pause","duration":10},{"type":"keyUp","value":""}]}]}
RESULT: {"actions":[{"id":"action39","type":"key","parameters":{},"actions":[{"type":"keyDown","value":""},{"type":"pause","duration":10},{"type":"keyUp","value":""}]}]}
COMMAND: GET /session/5c358710dd67d6f9b9172afd6139f77d/screenshot - {}
RESULT: {}
COMMAND: POST /session/5c358710dd67d6f9b9172afd6139f77d/element - {"using":"xpath","value":"(//bdi[(text() = 'Save' or . = 'Save')])[1]"}
RESULT: {"using":"xpath","value":"(//bdi[(text() = 'Save' or . = 'Save')])[1]"}
COMMAND: POST /session/5c358710dd67d6f9b9172afd6139f77d/element/f.25FA1F70EC8D54F37F57A975E3D7688B.d.91E49FD00F8EE9C6491EB1FD9A1D52F3.e.5367/click - {}
RESULT: {}
COMMAND: GET /session/5c358710dd67d6f9b9172afd6139f77d/screenshot - {}
RESULT: {}
COMMAND: POST /session/5c358710dd67d6f9b9172afd6139f77d/execute/async - {"script":"<script> [1562 bytes]","args":[{"selector":{"controlType":"sap.m.Button","viewName":"etm.portal.ui.managerequests.view.NewRequest","bindingPath":{"path":"/RequestItems/0","propertyPath":"PICK_UP","modelName":"newRequestItems"},"interaction":{"idSuffix":"BDI-content"}},"wdio_ui5_key":"etmportal.ui.managerequests.view.NewRequestsap.m.Button{\"path\":\"/RequestItems/0\",\"propertyPath\":\"PICK_UP\",\"modelName\":\"newRequestItems\"}"}]}
RESULT: {"script":"<script> [1562 bytes]","args":[{"selector":{"controlType":"sap.m.Button","viewName":"etm.portal.ui.managerequests.view.NewRequest","bindingPath":{"path":"/RequestItems/0","propertyPath":"PICK_UP","modelName":"newRequestItems"},"interaction":{"idSuffix":"BDI-content"}},"wdio_ui5_key":"etmportal.ui.managerequests.view.NewRequestsap.m.Button{\"path\":\"/RequestItems/0\",\"propertyPath\":\"PICK_UP\",\"modelName\":\"newRequestItems\"}"}]}
RESULT: undefined
COMMAND: POST /session/5c358710dd67d6f9b9172afd6139f77d/element - {"using":"xpath","value":"//*[@id=\"__xmlview1--pickUpItemButton-__xmlview1--requestItemsTable-0\"]"}
RESULT: {"using":"xpath","value":"//*[@id=\"__xmlview1--pickUpItemButton-__xmlview1--requestItemsTable-0\"]"}
COMMAND: POST /session/5c358710dd67d6f9b9172afd6139f77d/element/f.25FA1F70EC8D54F37F57A975E3D7688B.d.91E49FD00F8EE9C6491EB1FD9A1D52F3.e.5371/click - {}
RESULT: {}
COMMAND: GET /session/5c358710dd67d6f9b9172afd6139f77d/screenshot - {}
RESULT: {}
COMMAND: POST /session/5c358710dd67d6f9b9172afd6139f77d/execute/async - {"script":"<script> [1562 bytes]","args":[{"selector":{"controlType":"sap.m.Button","viewName":"etm.portal.ui.managerequests.view.NewRequest","properties":{"text":"Save"},"i18NText":{"propertyName":"tooltip","key":"save"},"interaction":{"idSuffix":"BDI-content"}},"wdio_ui5_key":"etmportal.ui.managerequests.view.NewRequestsap.m.Button{\"propertyName\":\"tooltip\",\"key\":\"save\"}{\"text\":\"Save\"}"}]}
RESULT: {"script":"<script> [1562 bytes]","args":[{"selector":{"controlType":"sap.m.Button","viewName":"etm.portal.ui.managerequests.view.NewRequest","properties":{"text":"Save"},"i18NText":{"propertyName":"tooltip","key":"save"},"interaction":{"idSuffix":"BDI-content"}},"wdio_ui5_key":"etmportal.ui.managerequests.view.NewRequestsap.m.Button{\"propertyName\":\"tooltip\",\"key\":\"save\"}{\"text\":\"Save\"}"}]}
RESULT: undefined
COMMAND: POST /session/5c358710dd67d6f9b9172afd6139f77d/element - {"using":"xpath","value":"//*[@id=\"__button11\"]"}
RESULT: {"using":"xpath","value":"//*[@id=\"__button11\"]"}
COMMAND: POST /session/5c358710dd67d6f9b9172afd6139f77d/element/f.25FA1F70EC8D54F37F57A975E3D7688B.d.91E49FD00F8EE9C6491EB1FD9A1D52F3.e.5264/click - {}
RESULT: {}
COMMAND: GET /session/5c358710dd67d6f9b9172afd6139f77d/screenshot - {}
RESULT: {}
COMMAND: POST /session/5c358710dd67d6f9b9172afd6139f77d/execute/async - {"script":"<script> [1562 bytes]","args":[{"selector":{"controlType":"sap.m.Text","searchOpenDialogs":true},"wdio_ui5_key":"sapm.Text"}]}
RESULT: {"script":"<script> [1562 bytes]","args":[{"selector":{"controlType":"sap.m.Text","searchOpenDialogs":true},"wdio_ui5_key":"sapm.Text"}]}
RESULT: undefined
COMMAND: POST /session/5c358710dd67d6f9b9172afd6139f77d/execute/async - {"script":"<script> [6424 bytes]","args":[{"element-6066-11e4-a52e-4f735466cecf":"f.25FA1F70EC8D54F37F57A975E3D7688B.d.91E49FD00F8EE9C6491EB1FD9A1D52F3.e.5374"},"getText",[]]}
RESULT: {"script":"<script> [6424 bytes]","args":[{"element-6066-11e4-a52e-4f735466cecf":"f.25FA1F70EC8D54F37F57A975E3D7688B.d.91E49FD00F8EE9C6491EB1FD9A1D52F3.e.5374"},"getText",[]]}
COMMAND: POST /session/5c358710dd67d6f9b9172afd6139f77d/execute/async - {"script":"<script> [1562 bytes]","args":[{"selector":{"controlType":"sap.m.Button","properties":{"text":"Close"},"searchOpenDialogs":true,"interaction":{"idSuffix":"BDI-content"}},"wdio_ui5_key":"sapm.Button{\"text\":\"Close\"}"}]}
RESULT: {"script":"<script> [1562 bytes]","args":[{"selector":{"controlType":"sap.m.Button","properties":{"text":"Close"},"searchOpenDialogs":true,"interaction":{"idSuffix":"BDI-content"}},"wdio_ui5_key":"sapm.Button{\"text\":\"Close\"}"}]}
RESULT: undefined
COMMAND: POST /session/5c358710dd67d6f9b9172afd6139f77d/element - {"using":"xpath","value":"//*[@id=\"__mbox-btn-0\"]"}
RESULT: {"using":"xpath","value":"//*[@id=\"__mbox-btn-0\"]"}
COMMAND: POST /session/5c358710dd67d6f9b9172afd6139f77d/element/f.25FA1F70EC8D54F37F57A975E3D7688B.d.91E49FD00F8EE9C6491EB1FD9A1D52F3.e.5373/click - {}
RESULT: {}
COMMAND: GET /session/5c358710dd67d6f9b9172afd6139f77d/screenshot - {}
RESULT: {}
COMMAND: POST /session/5c358710dd67d6f9b9172afd6139f77d/execute/async - {"script":"<script> [1562 bytes]","args":[{"selector":{"controlType":"sap.m.Button","viewName":"etm.portal.ui.managerequests.view.Detail","bindingPath":{"path":"/SmartRequestItemsPlanningBoard(ITEM=10m,REQUEST='20086')","propertyPath":"PICK_UP"}},"wdio_ui5_key":"etmportal.ui.managerequests.view.Detailsap.m.Button{\"path\":\"/SmartRequestItemsPlanningBoard(ITEM=10m,REQUEST='20086')\",\"propertyPath\":\"PICK_UP\"}"}]}
RESULT: {"script":"<script> [1562 bytes]","args":[{"selector":{"controlType":"sap.m.Button","viewName":"etm.portal.ui.managerequests.view.Detail","bindingPath":{"path":"/SmartRequestItemsPlanningBoard(ITEM=10m,REQUEST='20086')","propertyPath":"PICK_UP"}},"wdio_ui5_key":"etmportal.ui.managerequests.view.Detailsap.m.Button{\"path\":\"/SmartRequestItemsPlanningBoard(ITEM=10m,REQUEST='20086')\",\"propertyPath\":\"PICK_UP\"}"}]}
RESULT: undefined
COMMAND: POST /session/5c358710dd67d6f9b9172afd6139f77d/execute/async - {"script":"<script> [6424 bytes]","args":[{"element-6066-11e4-a52e-4f735466cecf":"f.25FA1F70EC8D54F37F57A975E3D7688B.d.91E49FD00F8EE9C6491EB1FD9A1D52F3.e.5480"},"getType",[]]}
RESULT: {"script":"<script> [6424 bytes]","args":[{"element-6066-11e4-a52e-4f735466cecf":"f.25FA1F70EC8D54F37F57A975E3D7688B.d.91E49FD00F8EE9C6491EB1FD9A1D52F3.e.5480"},"getType",[]]}
COMMAND: POST /session/5c358710dd67d6f9b9172afd6139f77d/execute/async - {"script":"<script> [1562 bytes]","args":[{"selector":{"controlType":"sap.m.Button","viewName":"etm.portal.ui.managerequests.view.Detail","bindingPath":{"path":"/SmartRequestItemsPlanningBoard(ITEM=20m,REQUEST='20086')","propertyPath":"PICK_UP"}},"wdio_ui5_key":"etmportal.ui.managerequests.view.Detailsap.m.Button{\"path\":\"/SmartRequestItemsPlanningBoard(ITEM=20m,REQUEST='20086')\",\"propertyPath\":\"PICK_UP\"}"}]}
RESULT: {"script":"<script> [1562 bytes]","args":[{"selector":{"controlType":"sap.m.Button","viewName":"etm.portal.ui.managerequests.view.Detail","bindingPath":{"path":"/SmartRequestItemsPlanningBoard(ITEM=20m,REQUEST='20086')","propertyPath":"PICK_UP"}},"wdio_ui5_key":"etmportal.ui.managerequests.view.Detailsap.m.Button{\"path\":\"/SmartRequestItemsPlanningBoard(ITEM=20m,REQUEST='20086')\",\"propertyPath\":\"PICK_UP\"}"}]}
RESULT: undefined
COMMAND: POST /session/5c358710dd67d6f9b9172afd6139f77d/execute/async - {"script":"<script> [6424 bytes]","args":[{"element-6066-11e4-a52e-4f735466cecf":"f.25FA1F70EC8D54F37F57A975E3D7688B.d.91E49FD00F8EE9C6491EB1FD9A1D52F3.e.5511"},"getType",[]]}
RESULT: {"script":"<script> [6424 bytes]","args":[{"element-6066-11e4-a52e-4f735466cecf":"f.25FA1F70EC8D54F37F57A975E3D7688B.d.91E49FD00F8EE9C6491EB1FD9A1D52F3.e.5511"},"getType",[]]}
COMMAND: POST /session/5c358710dd67d6f9b9172afd6139f77d/execute/async - {"script":"<script> [1562 bytes]","args":[{"selector":{"id":"pickUpSwitchHeader","viewName":"etm.portal.ui.managerequests.view.Detail","interaction":{"idSuffix":"handle"}},"wdio_ui5_key":"pickUpSwitchHeaderetmportal.ui.managerequests.view.Detail"}]}
RESULT: {"script":"<script> [1562 bytes]","args":[{"selector":{"id":"pickUpSwitchHeader","viewName":"etm.portal.ui.managerequests.view.Detail","interaction":{"idSuffix":"handle"}},"wdio_ui5_key":"pickUpSwitchHeaderetmportal.ui.managerequests.view.Detail"}]}
RESULT: undefined
COMMAND: POST /session/5c358710dd67d6f9b9172afd6139f77d/element - {"using":"xpath","value":"//*[@id=\"__xmlview2--pickUpSwitchHeader\"]"}
RESULT: {"using":"xpath","value":"//*[@id=\"__xmlview2--pickUpSwitchHeader\"]"}
COMMAND: POST /session/5c358710dd67d6f9b9172afd6139f77d/element/f.25FA1F70EC8D54F37F57A975E3D7688B.d.91E49FD00F8EE9C6491EB1FD9A1D52F3.e.5452/click - {}
RESULT: {}
COMMAND: POST /session/5c358710dd67d6f9b9172afd6139f77d/execute/async - {"script":"<script> [1562 bytes]","args":[{"selector":{"controlType":"sap.ui.core.Icon","viewName":"etm.portal.ui.managerequests.view.Detail","properties":{"src":{"regex":{"source":"pushpin\\-off"}}}},"wdio_ui5_key":"etmportal.ui.managerequests.view.Detailsap.ui.core.Icon{\"src\":{\"regex\":{\"source\":\"pushpin\\\\-off\"}}}"}]}
COMMAND: GET /session/5c358710dd67d6f9b9172afd6139f77d/screenshot - {}
RESULT: {"script":"<script> [1562 bytes]","args":[{"selector":{"controlType":"sap.ui.core.Icon","viewName":"etm.portal.ui.managerequests.view.Detail","properties":{"src":{"regex":{"source":"pushpin\\-off"}}}},"wdio_ui5_key":"etmportal.ui.managerequests.view.Detailsap.ui.core.Icon{\"src\":{\"regex\":{\"source\":\"pushpin\\\\-off\"}}}"}]}
RESULT: undefined
COMMAND: POST /session/5c358710dd67d6f9b9172afd6139f77d/element - {"using":"xpath","value":"//*[@id=\"__xmlview2--detailRequestPage-OPHeaderContent-pinBtn-img\"]"}
RESULT: {}
RESULT: {"using":"xpath","value":"//*[@id=\"__xmlview2--detailRequestPage-OPHeaderContent-pinBtn-img\"]"}
COMMAND: POST /session/5c358710dd67d6f9b9172afd6139f77d/element/f.25FA1F70EC8D54F37F57A975E3D7688B.d.91E49FD00F8EE9C6491EB1FD9A1D52F3.e.5460/click - {}
RESULT: {}
RESULT: undefined
COMMAND: POST /session/5c358710dd67d6f9b9172afd6139f77d/execute/async - {"script":"<script> [6424 bytes]","args":[{"element-6066-11e4-a52e-4f735466cecf":"f.25FA1F70EC8D54F37F57A975E3D7688B.d.91E49FD00F8EE9C6491EB1FD9A1D52F3.e.5480"},"getType",[]]}
COMMAND: GET /session/5c358710dd67d6f9b9172afd6139f77d/screenshot - {}
RESULT: {"script":"<script> [6424 bytes]","args":[{"element-6066-11e4-a52e-4f735466cecf":"f.25FA1F70EC8D54F37F57A975E3D7688B.d.91E49FD00F8EE9C6491EB1FD9A1D52F3.e.5480"},"getType",[]]}
RESULT: undefined
COMMAND: POST /session/5c358710dd67d6f9b9172afd6139f77d/execute/async - {"script":"<script> [6424 bytes]","args":[{"element-6066-11e4-a52e-4f735466cecf":"f.25FA1F70EC8D54F37F57A975E3D7688B.d.91E49FD00F8EE9C6491EB1FD9A1D52F3.e.5511"},"getType",[]]}
RESULT: {}
RESULT: {"script":"<script> [6424 bytes]","args":[{"element-6066-11e4-a52e-4f735466cecf":"f.25FA1F70EC8D54F37F57A975E3D7688B.d.91E49FD00F8EE9C6491EB1FD9A1D52F3.e.5511"},"getType",[]]}
COMMAND: POST /session/5c358710dd67d6f9b9172afd6139f77d/execute/async - {"script":"<script> [1562 bytes]","args":[{"selector":{"controlType":"sap.ui.core.Icon","viewName":"etm.portal.ui.managerequests.view.Detail","properties":{"src":{"regex":{"source":"date\\-time"}}},"ancestor":{"controlType":"sap.m.ColumnListItem","viewName":"etm.portal.ui.managerequests.view.Detail","bindingPath":{"path":"/SmartRequestItemsPlanningBoard(ITEM=10m,REQUEST='20086')"},"ancestor":{"id":"requestItemsTable","viewName":"etm.portal.ui.managerequests.view.Detail"}}},"wdio_ui5_key":"etmportal.ui.managerequests.view.Detailsap.ui.core.Icon{\"src\":{\"regex\":{\"source\":\"date\\\\-time\"}}}{\"controlType\":\"sap.m.ColumnListItem\",\"viewName\":\"etm.portal.ui.managerequests.view.Detail\",\"bindingPath\":{\"path\":\"/SmartRequestItemsPlanningBoard(ITEM=10m,REQUEST='20086')\"},\"ancestor\":{\"id\":\"requestItemsTable\",\"viewName\":\"etm.portal.ui.managerequests.view.Detail\"}}"}]}
RESULT: {"script":"<script> [1562 bytes]","args":[{"selector":{"controlType":"sap.ui.core.Icon","viewName":"etm.portal.ui.managerequests.view.Detail","properties":{"src":{"regex":{"source":"date\\-time"}}},"ancestor":{"controlType":"sap.m.ColumnListItem","viewName":"etm.portal.ui.managerequests.view.Detail","bindingPath":{"path":"/SmartRequestItemsPlanningBoard(ITEM=10m,REQUEST='20086')"},"ancestor":{"id":"requestItemsTable","viewName":"etm.portal.ui.managerequests.view.Detail"}}},"wdio_ui5_key":"etmportal.ui.managerequests.view.Detailsap.ui.core.Icon{\"src\":{\"regex\":{\"source\":\"date\\\\-time\"}}}{\"controlType\":\"sap.m.ColumnListItem\",\"viewName\":\"etm.portal.ui.managerequests.view.Detail\",\"bindingPath\":{\"path\":\"/SmartRequestItemsPlanningBoard(ITEM=10m,REQUEST='20086')\"},\"ancestor\":{\"id\":\"requestItemsTable\",\"viewName\":\"etm.portal.ui.managerequests.view.Detail\"}}"}]}
RESULT: undefined
COMMAND: POST /session/5c358710dd67d6f9b9172afd6139f77d/element - {"using":"xpath","value":"//*[@id=\"__button39-__clone1825-img\"]"}
RESULT: {"using":"xpath","value":"//*[@id=\"__button39-__clone1825-img\"]"}
COMMAND: POST /session/5c358710dd67d6f9b9172afd6139f77d/element/f.25FA1F70EC8D54F37F57A975E3D7688B.d.91E49FD00F8EE9C6491EB1FD9A1D52F3.e.5519/click - {}
RESULT: {}
COMMAND: POST /session/5c358710dd67d6f9b9172afd6139f77d/execute/async - {"script":"<script> [1562 bytes]","args":[{"selector":{"controlType":"sap.m.Button","viewName":"etm.portal.ui.managerequests.view.Detail","properties":{"text":"Close"},"searchOpenDialogs":true,"interaction":{"idSuffix":"inner"}},"wdio_ui5_key":"etmportal.ui.managerequests.view.Detailsap.m.Button{\"text\":\"Close\"}"}]}
COMMAND: GET /session/5c358710dd67d6f9b9172afd6139f77d/screenshot - {}
RESULT: {"script":"<script> [1562 bytes]","args":[{"selector":{"controlType":"sap.m.Button","viewName":"etm.portal.ui.managerequests.view.Detail","properties":{"text":"Close"},"searchOpenDialogs":true,"interaction":{"idSuffix":"inner"}},"wdio_ui5_key":"etmportal.ui.managerequests.view.Detailsap.m.Button{\"text\":\"Close\"}"}]}
RESULT: undefined
COMMAND: POST /session/5c358710dd67d6f9b9172afd6139f77d/element - {"using":"xpath","value":"//*[@id=\"__button49\"]"}
RESULT: {}
RESULT: {"using":"xpath","value":"//*[@id=\"__button49\"]"}
COMMAND: POST /session/5c358710dd67d6f9b9172afd6139f77d/element/f.25FA1F70EC8D54F37F57A975E3D7688B.d.91E49FD00F8EE9C6491EB1FD9A1D52F3.e.5521/click - {}
RESULT: {}
COMMAND: POST /session/5c358710dd67d6f9b9172afd6139f77d/execute/async - {"script":"<script> [1562 bytes]","args":[{"selector":{"controlType":"sap.ui.core.Icon","viewName":"etm.portal.ui.managerequests.view.Detail","properties":{"src":{"regex":{"source":"date\\-time"}}},"ancestor":{"controlType":"sap.m.ColumnListItem","viewName":"etm.portal.ui.managerequests.view.Detail","bindingPath":{"path":"/SmartRequestItemsPlanningBoard(ITEM=20m,REQUEST='20086')"},"ancestor":{"id":"requestItemsTable","viewName":"etm.portal.ui.managerequests.view.Detail"}}},"wdio_ui5_key":"etmportal.ui.managerequests.view.Detailsap.ui.core.Icon{\"src\":{\"regex\":{\"source\":\"date\\\\-time\"}}}{\"controlType\":\"sap.m.ColumnListItem\",\"viewName\":\"etm.portal.ui.managerequests.view.Detail\",\"bindingPath\":{\"path\":\"/SmartRequestItemsPlanningBoard(ITEM=20m,REQUEST='20086')\"},\"ancestor\":{\"id\":\"requestItemsTable\",\"viewName\":\"etm.portal.ui.managerequests.view.Detail\"}}"}]}
COMMAND: GET /session/5c358710dd67d6f9b9172afd6139f77d/screenshot - {}
RESULT: {"script":"<script> [1562 bytes]","args":[{"selector":{"controlType":"sap.ui.core.Icon","viewName":"etm.portal.ui.managerequests.view.Detail","properties":{"src":{"regex":{"source":"date\\-time"}}},"ancestor":{"controlType":"sap.m.ColumnListItem","viewName":"etm.portal.ui.managerequests.view.Detail","bindingPath":{"path":"/SmartRequestItemsPlanningBoard(ITEM=20m,REQUEST='20086')"},"ancestor":{"id":"requestItemsTable","viewName":"etm.portal.ui.managerequests.view.Detail"}}},"wdio_ui5_key":"etmportal.ui.managerequests.view.Detailsap.ui.core.Icon{\"src\":{\"regex\":{\"source\":\"date\\\\-time\"}}}{\"controlType\":\"sap.m.ColumnListItem\",\"viewName\":\"etm.portal.ui.managerequests.view.Detail\",\"bindingPath\":{\"path\":\"/SmartRequestItemsPlanningBoard(ITEM=20m,REQUEST='20086')\"},\"ancestor\":{\"id\":\"requestItemsTable\",\"viewName\":\"etm.portal.ui.managerequests.view.Detail\"}}"}]}
RESULT: undefined
COMMAND: POST /session/5c358710dd67d6f9b9172afd6139f77d/element - {"using":"xpath","value":"//*[@id=\"__button39-__clone1826-img\"]"}
RESULT: {}
RESULT: {"using":"xpath","value":"//*[@id=\"__button39-__clone1826-img\"]"}
COMMAND: POST /session/5c358710dd67d6f9b9172afd6139f77d/element/f.25FA1F70EC8D54F37F57A975E3D7688B.d.91E49FD00F8EE9C6491EB1FD9A1D52F3.e.5528/click - {}
RESULT: {}
RESULT: undefined
COMMAND: POST /session/5c358710dd67d6f9b9172afd6139f77d/element - {"using":"xpath","value":"//*[@id=\"__button49\"]"}
COMMAND: GET /session/5c358710dd67d6f9b9172afd6139f77d/screenshot - {}
RESULT: {"using":"xpath","value":"//*[@id=\"__button49\"]"}
COMMAND: POST /session/5c358710dd67d6f9b9172afd6139f77d/elements - {"using":"xpath","value":"//*[@id=\"__button49\"]"}
RESULT: {}
RESULT: {"using":"xpath","value":"//*[@id=\"__button49\"]"}
COMMAND: POST /session/5c358710dd67d6f9b9172afd6139f77d/element - {"using":"xpath","value":"//*[@id=\"__button49\"]"}
RESULT: {"using":"xpath","value":"//*[@id=\"__button49\"]"}
COMMAND: POST /session/5c358710dd67d6f9b9172afd6139f77d/element/f.25FA1F70EC8D54F37F57A975E3D7688B.d.91E49FD00F8EE9C6491EB1FD9A1D52F3.e.5531/click - {}
RESULT: {}
COMMAND: POST /session/5c358710dd67d6f9b9172afd6139f77d/execute/async - {"script":"<script> [189 bytes]","args":[]}
COMMAND: GET /session/5c358710dd67d6f9b9172afd6139f77d/screenshot - {}
RESULT: {"script":"<script> [189 bytes]","args":[]}
COMMAND: POST /session/5c358710dd67d6f9b9172afd6139f77d/execute/async - {"script":"<script> [123 bytes]","args":[]}
RESULT: {}
RESULT: {"script":"<script> [123 bytes]","args":[]}
COMMAND: POST /session/5c358710dd67d6f9b9172afd6139f77d/timeouts - {"script":"<number>"}
RESULT: {"script":"<number>"}
COMMAND: GET /session/5c358710dd67d6f9b9172afd6139f77d/timeouts - {}
RESULT: {}
RESULT: undefined
COMMAND: POST /session/5c358710dd67d6f9b9172afd6139f77d/execute/async - {"script":"<script> [2676 bytes]","args":[]}
RESULT: {"script":"<script> [2676 bytes]","args":[]}
COMMAND: POST /session/5c358710dd67d6f9b9172afd6139f77d/execute/async - {"script":"<script> [2342 bytes]","args":[{"protocol":"http","hostname":"0.0.0.0","path":"/","capabilities":{"browserName":"chrome","goog:chromeOptions":{"binary":"C:\\Program Files\\Google\\Chrome\\Application\\chrome.exe"}},"logLevel":"warn","connectionRetryTimeout":120000,"connectionRetryCount":3,"logLevels":{},"enableDirectConnect":true,"strictSSL":true,"_":"65 more keys: [\"cacheDir\",\"port\",\"requestedCapabilities\",\"automationProtocol\",\"baseUrl\",\"waitforInterval\",\"waitforTimeout\",\"onReload\",\"beforeCommand\",\"afterCommand\",\"rootDir\",\"specs\",\"suites\",\"exclude\",\"groupLogsByTestSpec\",\"excludeDriverLogs\",\"bail\",\"framework\",\"reporters\",\"services\",\"maxInstances\",\"maxInstancesPerCapability\",\"injectGlobals\",\"filesToWatch\",\"execArgv\",\"runnerEnv\",\"runner\",\"shard\",\"specFileRetries\",\"specFileRetriesDelay\",\"specFileRetriesDeferred\",\"reporterSyncInterval\",\"reporterSyncTimeout\",\"cucumberFeaturesWithLineNumbers\",\"autoCompileOpts\",\"mochaOpts\",\"jasmineOpts\",\"cucumberOpts\",\"onPrepare\",\"onWorkerStart\",\"onWorkerEnd\",\"before\",\"beforeSession\",\"beforeSuite\",\"beforeHook\",\"beforeTest\",\"afterTest\",\"afterHook\",\"afterSuite\",\"afterSession\",\"after\",\"onComplete\",\"beforeAssertion\",\"afterAssertion\",\"beforeFeature\",\"beforeScenario\",\"beforeStep\",\"afterStep\",\"afterScenario\",\"afterFeature\",\"_\",\"suite\",\"$0\",\"ignoredWorkerServices\",\"wdi5\"]"}]}
RESULT: {"script":"<script> [2342 bytes]","args":[{"protocol":"http","hostname":"0.0.0.0","path":"/","capabilities":{"browserName":"chrome","goog:chromeOptions":{"binary":"C:\\Program Files\\Google\\Chrome\\Application\\chrome.exe"}},"logLevel":"warn","connectionRetryTimeout":120000,"connectionRetryCount":3,"logLevels":{},"enableDirectConnect":true,"strictSSL":true,"_":"65 more keys: [\"cacheDir\",\"port\",\"requestedCapabilities\",\"automationProtocol\",\"baseUrl\",\"waitforInterval\",\"waitforTimeout\",\"onReload\",\"beforeCommand\",\"afterCommand\",\"rootDir\",\"specs\",\"suites\",\"exclude\",\"groupLogsByTestSpec\",\"excludeDriverLogs\",\"bail\",\"framework\",\"reporters\",\"services\",\"maxInstances\",\"maxInstancesPerCapability\",\"injectGlobals\",\"filesToWatch\",\"execArgv\",\"runnerEnv\",\"runner\",\"shard\",\"specFileRetries\",\"specFileRetriesDelay\",\"specFileRetriesDeferred\",\"reporterSyncInterval\",\"reporterSyncTimeout\",\"cucumberFeaturesWithLineNumbers\",\"autoCompileOpts\",\"mochaOpts\",\"jasmineOpts\",\"cucumberOpts\",\"onPrepare\",\"onWorkerStart\",\"onWorkerEnd\",\"before\",\"beforeSession\",\"beforeSuite\",\"beforeHook\",\"beforeTest\",\"afterTest\",\"afterHook\",\"afterSuite\",\"afterSession\",\"after\",\"onComplete\",\"beforeAssertion\",\"afterAssertion\",\"beforeFeature\",\"beforeScenario\",\"beforeStep\",\"afterStep\",\"afterScenario\",\"afterFeature\",\"_\",\"suite\",\"$0\",\"ignoredWorkerServices\",\"wdi5\"]"}]}
COMMAND: POST /session/5c358710dd67d6f9b9172afd6139f77d/execute/async - {"script":"<script> [21126 bytes]","args":[35000]}
RESULT: {"script":"<script> [21126 bytes]","args":[35000]}
COMMAND: POST /session/5c358710dd67d6f9b9172afd6139f77d/execute/async - {"script":"<script> [1562 bytes]","args":[{"selector":{"controlType":"sap.m.Button","viewName":"etm.portal.ui.managerequests.view.Detail","bindingPath":{"path":"/SmartRequestItemsPlanningBoard(ITEM=10m,REQUEST='20086')","propertyPath":"PICK_UP"}},"wdio_ui5_key":"etmportal.ui.managerequests.view.Detailsap.m.Button{\"path\":\"/SmartRequestItemsPlanningBoard(ITEM=10m,REQUEST='20086')\",\"propertyPath\":\"PICK_UP\"}"}]}
RESULT: {"script":"<script> [1562 bytes]","args":[{"selector":{"controlType":"sap.m.Button","viewName":"etm.portal.ui.managerequests.view.Detail","bindingPath":{"path":"/SmartRequestItemsPlanningBoard(ITEM=10m,REQUEST='20086')","propertyPath":"PICK_UP"}},"wdio_ui5_key":"etmportal.ui.managerequests.view.Detailsap.m.Button{\"path\":\"/SmartRequestItemsPlanningBoard(ITEM=10m,REQUEST='20086')\",\"propertyPath\":\"PICK_UP\"}"}]}
RESULT: undefined
COMMAND: POST /session/5c358710dd67d6f9b9172afd6139f77d/execute/async - {"script":"<script> [6424 bytes]","args":[{"element-6066-11e4-a52e-4f735466cecf":"f.25FA1F70EC8D54F37F57A975E3D7688B.d.91E49FD00F8EE9C6491EB1FD9A1D52F3.e.5480"},"getType",[]]}
RESULT: {"script":"<script> [6424 bytes]","args":[{"element-6066-11e4-a52e-4f735466cecf":"f.25FA1F70EC8D54F37F57A975E3D7688B.d.91E49FD00F8EE9C6491EB1FD9A1D52F3.e.5480"},"getType",[]]}
COMMAND: POST /session/5c358710dd67d6f9b9172afd6139f77d/execute/async - {"script":"<script> [1562 bytes]","args":[{"selector":{"controlType":"sap.m.Button","viewName":"etm.portal.ui.managerequests.view.Detail","bindingPath":{"path":"/SmartRequestItemsPlanningBoard(ITEM=20m,REQUEST='20086')","propertyPath":"PICK_UP"}},"wdio_ui5_key":"etmportal.ui.managerequests.view.Detailsap.m.Button{\"path\":\"/SmartRequestItemsPlanningBoard(ITEM=20m,REQUEST='20086')\",\"propertyPath\":\"PICK_UP\"}"}]}
RESULT: {"script":"<script> [1562 bytes]","args":[{"selector":{"controlType":"sap.m.Button","viewName":"etm.portal.ui.managerequests.view.Detail","bindingPath":{"path":"/SmartRequestItemsPlanningBoard(ITEM=20m,REQUEST='20086')","propertyPath":"PICK_UP"}},"wdio_ui5_key":"etmportal.ui.managerequests.view.Detailsap.m.Button{\"path\":\"/SmartRequestItemsPlanningBoard(ITEM=20m,REQUEST='20086')\",\"propertyPath\":\"PICK_UP\"}"}]}
RESULT: undefined
COMMAND: POST /session/5c358710dd67d6f9b9172afd6139f77d/execute/async - {"script":"<script> [6424 bytes]","args":[{"element-6066-11e4-a52e-4f735466cecf":"f.25FA1F70EC8D54F37F57A975E3D7688B.d.91E49FD00F8EE9C6491EB1FD9A1D52F3.e.5511"},"getType",[]]}
RESULT: {"script":"<script> [6424 bytes]","args":[{"element-6066-11e4-a52e-4f735466cecf":"f.25FA1F70EC8D54F37F57A975E3D7688B.d.91E49FD00F8EE9C6491EB1FD9A1D52F3.e.5511"},"getType",[]]}
]]></system-out>
    </testcase>
    <testcase classname="chrome.135_0_7049_42.windows.Manage_request_+_Contract_processing_pick_up_option_US120163_" name="Should Contract processing pick up option" time="180.84">
      <system-out><![CDATA[
COMMAND: POST /session/5c358710dd67d6f9b9172afd6139f77d/execute/async - {"script":"<script> [1562 bytes]","args":[{"selector":{"id":"requestContractNo","viewName":"etm.portal.ui.managerequests.view.Detail"},"wdio_ui5_key":"requestContractNoetmportal.ui.managerequests.view.Detail"}]}
RESULT: {"script":"<script> [1562 bytes]","args":[{"selector":{"id":"requestContractNo","viewName":"etm.portal.ui.managerequests.view.Detail"},"wdio_ui5_key":"requestContractNoetmportal.ui.managerequests.view.Detail"}]}
RESULT: undefined
COMMAND: POST /session/5c358710dd67d6f9b9172afd6139f77d/element - {"using":"xpath","value":"//*[@id=\"__xmlview2--requestContractNo\"]"}
RESULT: {"using":"xpath","value":"//*[@id=\"__xmlview2--requestContractNo\"]"}
COMMAND: POST /session/5c358710dd67d6f9b9172afd6139f77d/element/f.25FA1F70EC8D54F37F57A975E3D7688B.d.91E49FD00F8EE9C6491EB1FD9A1D52F3.e.5538/click - {}
RESULT: {}
COMMAND: POST /session/5c358710dd67d6f9b9172afd6139f77d/execute/async - {"script":"<script> [1562 bytes]","args":[{"selector":{"controlType":"sap.m.Link","viewName":"etm.portal.ui.managerequests.view.Detail","properties":{"text":"Contract Overview"},"searchOpenDialogs":true},"wdio_ui5_key":"etmportal.ui.managerequests.view.Detailsap.m.Link{\"text\":\"Contract Overview\"}"}]}
COMMAND: GET /session/5c358710dd67d6f9b9172afd6139f77d/screenshot - {}
RESULT: {"script":"<script> [1562 bytes]","args":[{"selector":{"controlType":"sap.m.Link","viewName":"etm.portal.ui.managerequests.view.Detail","properties":{"text":"Contract Overview"},"searchOpenDialogs":true},"wdio_ui5_key":"etmportal.ui.managerequests.view.Detailsap.m.Link{\"text\":\"Contract Overview\"}"}]}
RESULT: undefined
COMMAND: POST /session/5c358710dd67d6f9b9172afd6139f77d/element - {"using":"xpath","value":"//*[@id=\"__link8\"]"}
RESULT: {}
RESULT: {"using":"xpath","value":"//*[@id=\"__link8\"]"}
COMMAND: POST /session/5c358710dd67d6f9b9172afd6139f77d/element/f.25FA1F70EC8D54F37F57A975E3D7688B.d.91E49FD00F8EE9C6491EB1FD9A1D52F3.e.5540/click - {}
RESULT: {}
COMMAND: GET /session/5c358710dd67d6f9b9172afd6139f77d/screenshot - {}
RESULT: {}
RESULT: undefined
RESULT: undefined
COMMAND: POST /session/5c358710dd67d6f9b9172afd6139f77d/element - {"using":"xpath","value":"//div[contains(@id ,\"headerBillingItemsTabFilter-text\")]"}
RESULT: {"using":"xpath","value":"//div[contains(@id ,\"headerBillingItemsTabFilter-text\")]"}
COMMAND: POST /session/5c358710dd67d6f9b9172afd6139f77d/element/f.25FA1F70EC8D54F37F57A975E3D7688B.d.91E49FD00F8EE9C6491EB1FD9A1D52F3.e.5773/click - {}
RESULT: {}
COMMAND: GET /session/5c358710dd67d6f9b9172afd6139f77d/screenshot - {}
RESULT: {}
COMMAND: POST /session/5c358710dd67d6f9b9172afd6139f77d/execute/async - {"script":"<script> [1562 bytes]","args":[{"selector":{"id":"addRequestItemBtn","viewName":"etm.portal.ui.managecontracts.view.Detail","interaction":{"idSuffix":"BDI-content"}},"wdio_ui5_key":"addRequestItemBtnetmportal.ui.managecontracts.view.Detail"}]}
RESULT: {"script":"<script> [1562 bytes]","args":[{"selector":{"id":"addRequestItemBtn","viewName":"etm.portal.ui.managecontracts.view.Detail","interaction":{"idSuffix":"BDI-content"}},"wdio_ui5_key":"addRequestItemBtnetmportal.ui.managecontracts.view.Detail"}]}
RESULT: undefined
COMMAND: POST /session/5c358710dd67d6f9b9172afd6139f77d/element - {"using":"xpath","value":"//*[@id=\"__xmlview4--addRequestItemBtn\"]"}
RESULT: {"using":"xpath","value":"//*[@id=\"__xmlview4--addRequestItemBtn\"]"}
COMMAND: POST /session/5c358710dd67d6f9b9172afd6139f77d/element/f.25FA1F70EC8D54F37F57A975E3D7688B.d.91E49FD00F8EE9C6491EB1FD9A1D52F3.e.5632/click - {}
RESULT: {}
COMMAND: GET /session/5c358710dd67d6f9b9172afd6139f77d/screenshot - {}
RESULT: {}
COMMAND: POST /session/5c358710dd67d6f9b9172afd6139f77d/element - {"using":"xpath","value":"//div[contains(@id ,\"popupRequestTable-sa-CbBg\")]"}
RESULT: {"using":"xpath","value":"//div[contains(@id ,\"popupRequestTable-sa-CbBg\")]"}
COMMAND: POST /session/5c358710dd67d6f9b9172afd6139f77d/element/f.25FA1F70EC8D54F37F57A975E3D7688B.d.91E49FD00F8EE9C6491EB1FD9A1D52F3.e.5810/click - {}
RESULT: {}
COMMAND: GET /session/5c358710dd67d6f9b9172afd6139f77d/screenshot - {}
RESULT: {}
COMMAND: POST /session/5c358710dd67d6f9b9172afd6139f77d/execute/async - {"script":"<script> [1562 bytes]","args":[{"selector":{"controlType":"sap.m.Button","viewName":"etm.portal.ui.managecontracts.view.Detail","i18NText":{"propertyName":"text","key":"selectionDone"},"searchOpenDialogs":true,"interaction":{"idSuffix":"content"}},"wdio_ui5_key":"etmportal.ui.managecontracts.view.Detailsap.m.Button{\"propertyName\":\"text\",\"key\":\"selectionDone\"}"}]}
RESULT: {"script":"<script> [1562 bytes]","args":[{"selector":{"controlType":"sap.m.Button","viewName":"etm.portal.ui.managecontracts.view.Detail","i18NText":{"propertyName":"text","key":"selectionDone"},"searchOpenDialogs":true,"interaction":{"idSuffix":"content"}},"wdio_ui5_key":"etmportal.ui.managecontracts.view.Detailsap.m.Button{\"propertyName\":\"text\",\"key\":\"selectionDone\"}"}]}
RESULT: undefined
COMMAND: POST /session/5c358710dd67d6f9b9172afd6139f77d/element - {"using":"xpath","value":"//*[@id=\"__button65\"]"}
RESULT: {"using":"xpath","value":"//*[@id=\"__button65\"]"}
COMMAND: POST /session/5c358710dd67d6f9b9172afd6139f77d/element/f.25FA1F70EC8D54F37F57A975E3D7688B.d.91E49FD00F8EE9C6491EB1FD9A1D52F3.e.5812/click - {}
RESULT: {}
COMMAND: POST /session/5c358710dd67d6f9b9172afd6139f77d/execute/async - {"script":"<script> [1562 bytes]","args":[{"selector":{"controlType":"sap.m.Button","properties":{"text":"OK"},"searchOpenDialogs":true,"interaction":{"idSuffix":"inner"}},"wdio_ui5_key":"sapm.Button{\"text\":\"OK\"}"}]}
COMMAND: GET /session/5c358710dd67d6f9b9172afd6139f77d/screenshot - {}
RESULT: {"script":"<script> [1562 bytes]","args":[{"selector":{"controlType":"sap.m.Button","properties":{"text":"OK"},"searchOpenDialogs":true,"interaction":{"idSuffix":"inner"}},"wdio_ui5_key":"sapm.Button{\"text\":\"OK\"}"}]}
RESULT: undefined
COMMAND: POST /session/5c358710dd67d6f9b9172afd6139f77d/element - {"using":"xpath","value":"//*[@id=\"__mbox-btn-1\"]"}
RESULT: {}
RESULT: {"using":"xpath","value":"//*[@id=\"__mbox-btn-1\"]"}
COMMAND: POST /session/5c358710dd67d6f9b9172afd6139f77d/element/f.25FA1F70EC8D54F37F57A975E3D7688B.d.91E49FD00F8EE9C6491EB1FD9A1D52F3.e.5813/click - {}
RESULT: {}
COMMAND: GET /session/5c358710dd67d6f9b9172afd6139f77d/screenshot - {}
RESULT: {}
COMMAND: POST /session/5c358710dd67d6f9b9172afd6139f77d/element - {"using":"xpath","value":"//div[contains(@id ,\"headerBillingItemsTabFilter-text\")]"}
RESULT: {"using":"xpath","value":"//div[contains(@id ,\"headerBillingItemsTabFilter-text\")]"}
COMMAND: POST /session/5c358710dd67d6f9b9172afd6139f77d/element/f.25FA1F70EC8D54F37F57A975E3D7688B.d.91E49FD00F8EE9C6491EB1FD9A1D52F3.e.5773/click - {}
RESULT: {}
COMMAND: POST /session/5c358710dd67d6f9b9172afd6139f77d/execute/async - {"script":"<script> [1562 bytes]","args":[{"selector":{"id":"contractDetailProvideButton","viewName":"etm.portal.ui.managecontracts.view.Detail","interaction":{"idSuffix":"BDI-content"}},"wdio_ui5_key":"contractDetailProvideButtonetmportal.ui.managecontracts.view.Detail"}]}
COMMAND: GET /session/5c358710dd67d6f9b9172afd6139f77d/screenshot - {}
RESULT: {"script":"<script> [1562 bytes]","args":[{"selector":{"id":"contractDetailProvideButton","viewName":"etm.portal.ui.managecontracts.view.Detail","interaction":{"idSuffix":"BDI-content"}},"wdio_ui5_key":"contractDetailProvideButtonetmportal.ui.managecontracts.view.Detail"}]}
RESULT: undefined
COMMAND: POST /session/5c358710dd67d6f9b9172afd6139f77d/element - {"using":"xpath","value":"//*[@id=\"__xmlview4--contractDetailProvideButton\"]"}
RESULT: {}
RESULT: {"using":"xpath","value":"//*[@id=\"__xmlview4--contractDetailProvideButton\"]"}
COMMAND: POST /session/5c358710dd67d6f9b9172afd6139f77d/element/f.25FA1F70EC8D54F37F57A975E3D7688B.d.91E49FD00F8EE9C6491EB1FD9A1D52F3.e.5638/click - {}
RESULT: {}
COMMAND: GET /session/5c358710dd67d6f9b9172afd6139f77d/screenshot - {}
RESULT: {}
COMMAND: POST /session/5c358710dd67d6f9b9172afd6139f77d/execute/async - {"script":"<script> [1562 bytes]","args":[{"selector":{"id":"application-managehandovers-display-component---AddNewHO--pickUpCheckbox","interaction":{"idSuffix":"CbBg"}},"wdio_ui5_key":"applicationmanagehandovers-display-component---AddNewHO--pickUpCheckbox"}]}
RESULT: {"script":"<script> [1562 bytes]","args":[{"selector":{"id":"application-managehandovers-display-component---AddNewHO--pickUpCheckbox","interaction":{"idSuffix":"CbBg"}},"wdio_ui5_key":"applicationmanagehandovers-display-component---AddNewHO--pickUpCheckbox"}]}
RESULT: undefined
COMMAND: POST /session/5c358710dd67d6f9b9172afd6139f77d/element - {"using":"xpath","value":"//*[@id=\"application-managehandovers-display-component---AddNewHO--pickUpCheckbox\"]"}
RESULT: {"using":"xpath","value":"//*[@id=\"application-managehandovers-display-component---AddNewHO--pickUpCheckbox\"]"}
COMMAND: POST /session/5c358710dd67d6f9b9172afd6139f77d/element/f.25FA1F70EC8D54F37F57A975E3D7688B.d.91E49FD00F8EE9C6491EB1FD9A1D52F3.e.5979/click - {}
RESULT: {}
COMMAND: POST /session/5c358710dd67d6f9b9172afd6139f77d/execute/async - {"script":"<script> [1562 bytes]","args":[{"selector":{"id":"application-managehandovers-display-component---AddNewHO--ObjectPageLayout-anchBar-application-managehandovers-display-component---AddNewHO--section4-anchor","interaction":{"idSuffix":"content"}},"wdio_ui5_key":"applicationmanagehandovers-display-component---AddNewHO--ObjectPageLayout-anchBar-application-managehandovers-display-component---AddNewHO--section4-anchor"}]}
COMMAND: GET /session/5c358710dd67d6f9b9172afd6139f77d/screenshot - {}
RESULT: {"script":"<script> [1562 bytes]","args":[{"selector":{"id":"application-managehandovers-display-component---AddNewHO--ObjectPageLayout-anchBar-application-managehandovers-display-component---AddNewHO--section4-anchor","interaction":{"idSuffix":"content"}},"wdio_ui5_key":"applicationmanagehandovers-display-component---AddNewHO--ObjectPageLayout-anchBar-application-managehandovers-display-component---AddNewHO--section4-anchor"}]}
RESULT: undefined
COMMAND: POST /session/5c358710dd67d6f9b9172afd6139f77d/element - {"using":"xpath","value":"//*[@id=\"application-managehandovers-display-component---AddNewHO--ObjectPageLayout-anchBar-application-managehandovers-display-component---AddNewHO--section4-anchor\"]"}
RESULT: {}
RESULT: {"using":"xpath","value":"//*[@id=\"application-managehandovers-display-component---AddNewHO--ObjectPageLayout-anchBar-application-managehandovers-display-component---AddNewHO--section4-anchor\"]"}
COMMAND: POST /session/5c358710dd67d6f9b9172afd6139f77d/element/f.25FA1F70EC8D54F37F57A975E3D7688B.d.91E49FD00F8EE9C6491EB1FD9A1D52F3.e.5983/click - {}
RESULT: {}
COMMAND: POST /session/5c358710dd67d6f9b9172afd6139f77d/execute/async - {"script":"<script> [1562 bytes]","args":[{"selector":{"controlType":"sap.m.Button","viewName":"etm.portal.ui.managehandovers.view.AddNewHO","viewId":"application-managehandovers-display-component---AddNewHO","i18NText":{"propertyName":"tooltip","key":"addItems"},"interaction":{"idSuffix":"inner"}},"wdio_ui5_key":"etmportal.ui.managehandovers.view.AddNewHOsap.m.Button{\"propertyName\":\"tooltip\",\"key\":\"addItems\"}"}]}
COMMAND: GET /session/5c358710dd67d6f9b9172afd6139f77d/screenshot - {}
RESULT: {"script":"<script> [1562 bytes]","args":[{"selector":{"controlType":"sap.m.Button","viewName":"etm.portal.ui.managehandovers.view.AddNewHO","viewId":"application-managehandovers-display-component---AddNewHO","i18NText":{"propertyName":"tooltip","key":"addItems"},"interaction":{"idSuffix":"inner"}},"wdio_ui5_key":"etmportal.ui.managehandovers.view.AddNewHOsap.m.Button{\"propertyName\":\"tooltip\",\"key\":\"addItems\"}"}]}
RESULT: undefined
COMMAND: POST /session/5c358710dd67d6f9b9172afd6139f77d/element - {"using":"xpath","value":"//*[@id=\"__button82\"]"}
RESULT: {}
RESULT: {"using":"xpath","value":"//*[@id=\"__button82\"]"}
COMMAND: POST /session/5c358710dd67d6f9b9172afd6139f77d/element/f.25FA1F70EC8D54F37F57A975E3D7688B.d.91E49FD00F8EE9C6491EB1FD9A1D52F3.e.5987/click - {}
RESULT: {}
COMMAND: POST /session/5c358710dd67d6f9b9172afd6139f77d/execute/async - {"script":"<script> [1562 bytes]","args":[{"selector":{"id":"application-managehandovers-display-component---AddNewHO--smartTableHOPopup-header","searchOpenDialogs":true},"wdio_ui5_key":"applicationmanagehandovers-display-component---AddNewHO--smartTableHOPopup-header"}]}
COMMAND: GET /session/5c358710dd67d6f9b9172afd6139f77d/screenshot - {}
RESULT: {"script":"<script> [1562 bytes]","args":[{"selector":{"id":"application-managehandovers-display-component---AddNewHO--smartTableHOPopup-header","searchOpenDialogs":true},"wdio_ui5_key":"applicationmanagehandovers-display-component---AddNewHO--smartTableHOPopup-header"}]}
RESULT: undefined
COMMAND: POST /session/5c358710dd67d6f9b9172afd6139f77d/execute/async - {"script":"<script> [6424 bytes]","args":[{"element-6066-11e4-a52e-4f735466cecf":"f.25FA1F70EC8D54F37F57A975E3D7688B.d.91E49FD00F8EE9C6491EB1FD9A1D52F3.e.5996"},"getText",[]]}
RESULT: {}
RESULT: {"script":"<script> [6424 bytes]","args":[{"element-6066-11e4-a52e-4f735466cecf":"f.25FA1F70EC8D54F37F57A975E3D7688B.d.91E49FD00F8EE9C6491EB1FD9A1D52F3.e.5996"},"getText",[]]}
COMMAND: POST /session/5c358710dd67d6f9b9172afd6139f77d/actions - {"actions":[{"id":"action40","type":"key","parameters":{},"actions":[{"type":"keyDown","value":""},{"type":"pause","duration":10},{"type":"keyUp","value":""}]}]}
RESULT: {"actions":[{"id":"action40","type":"key","parameters":{},"actions":[{"type":"keyDown","value":""},{"type":"pause","duration":10},{"type":"keyUp","value":""}]}]}
COMMAND: GET /session/5c358710dd67d6f9b9172afd6139f77d/screenshot - {}
RESULT: {}
COMMAND: POST /session/5c358710dd67d6f9b9172afd6139f77d/execute/async - {"script":"<script> [1562 bytes]","args":[{"selector":{"id":"backBtn"},"wdio_ui5_key":"backBtn"}]}
RESULT: {"script":"<script> [1562 bytes]","args":[{"selector":{"id":"backBtn"},"wdio_ui5_key":"backBtn"}]}
RESULT: undefined
COMMAND: POST /session/5c358710dd67d6f9b9172afd6139f77d/element - {"using":"xpath","value":"//*[@id=\"backBtn\"]"}
RESULT: {"using":"xpath","value":"//*[@id=\"backBtn\"]"}
COMMAND: POST /session/5c358710dd67d6f9b9172afd6139f77d/element/f.25FA1F70EC8D54F37F57A975E3D7688B.d.91E49FD00F8EE9C6491EB1FD9A1D52F3.e.5998/click - {}
RESULT: {}
COMMAND: GET /session/5c358710dd67d6f9b9172afd6139f77d/screenshot - {}
COMMAND: POST /session/5c358710dd67d6f9b9172afd6139f77d/refresh - {}
RESULT: undefined
RESULT: undefined
RESULT: {}
RESULT: {}
COMMAND: GET /session/5c358710dd67d6f9b9172afd6139f77d/screenshot - {}
RESULT: {}
COMMAND: POST /session/5c358710dd67d6f9b9172afd6139f77d/execute/async - {"script":"<script> [189 bytes]","args":[]}
RESULT: {"script":"<script> [189 bytes]","args":[]}
COMMAND: POST /session/5c358710dd67d6f9b9172afd6139f77d/execute/async - {"script":"<script> [123 bytes]","args":[]}
RESULT: {"script":"<script> [123 bytes]","args":[]}
COMMAND: POST /session/5c358710dd67d6f9b9172afd6139f77d/timeouts - {"script":"<number>"}
RESULT: {"script":"<number>"}
COMMAND: GET /session/5c358710dd67d6f9b9172afd6139f77d/timeouts - {}
RESULT: {}
RESULT: undefined
COMMAND: POST /session/5c358710dd67d6f9b9172afd6139f77d/execute/async - {"script":"<script> [2676 bytes]","args":[]}
RESULT: {"script":"<script> [2676 bytes]","args":[]}
COMMAND: POST /session/5c358710dd67d6f9b9172afd6139f77d/execute/async - {"script":"<script> [2342 bytes]","args":[{"protocol":"http","hostname":"0.0.0.0","path":"/","capabilities":{"browserName":"chrome","goog:chromeOptions":{"binary":"C:\\Program Files\\Google\\Chrome\\Application\\chrome.exe"}},"logLevel":"warn","connectionRetryTimeout":120000,"connectionRetryCount":3,"logLevels":{},"enableDirectConnect":true,"strictSSL":true,"_":"65 more keys: [\"cacheDir\",\"port\",\"requestedCapabilities\",\"automationProtocol\",\"baseUrl\",\"waitforInterval\",\"waitforTimeout\",\"onReload\",\"beforeCommand\",\"afterCommand\",\"rootDir\",\"specs\",\"suites\",\"exclude\",\"groupLogsByTestSpec\",\"excludeDriverLogs\",\"bail\",\"framework\",\"reporters\",\"services\",\"maxInstances\",\"maxInstancesPerCapability\",\"injectGlobals\",\"filesToWatch\",\"execArgv\",\"runnerEnv\",\"runner\",\"shard\",\"specFileRetries\",\"specFileRetriesDelay\",\"specFileRetriesDeferred\",\"reporterSyncInterval\",\"reporterSyncTimeout\",\"cucumberFeaturesWithLineNumbers\",\"autoCompileOpts\",\"mochaOpts\",\"jasmineOpts\",\"cucumberOpts\",\"onPrepare\",\"onWorkerStart\",\"onWorkerEnd\",\"before\",\"beforeSession\",\"beforeSuite\",\"beforeHook\",\"beforeTest\",\"afterTest\",\"afterHook\",\"afterSuite\",\"afterSession\",\"after\",\"onComplete\",\"beforeAssertion\",\"afterAssertion\",\"beforeFeature\",\"beforeScenario\",\"beforeStep\",\"afterStep\",\"afterScenario\",\"afterFeature\",\"_\",\"suite\",\"$0\",\"ignoredWorkerServices\",\"wdi5\"]"}]}
RESULT: {"script":"<script> [2342 bytes]","args":[{"protocol":"http","hostname":"0.0.0.0","path":"/","capabilities":{"browserName":"chrome","goog:chromeOptions":{"binary":"C:\\Program Files\\Google\\Chrome\\Application\\chrome.exe"}},"logLevel":"warn","connectionRetryTimeout":120000,"connectionRetryCount":3,"logLevels":{},"enableDirectConnect":true,"strictSSL":true,"_":"65 more keys: [\"cacheDir\",\"port\",\"requestedCapabilities\",\"automationProtocol\",\"baseUrl\",\"waitforInterval\",\"waitforTimeout\",\"onReload\",\"beforeCommand\",\"afterCommand\",\"rootDir\",\"specs\",\"suites\",\"exclude\",\"groupLogsByTestSpec\",\"excludeDriverLogs\",\"bail\",\"framework\",\"reporters\",\"services\",\"maxInstances\",\"maxInstancesPerCapability\",\"injectGlobals\",\"filesToWatch\",\"execArgv\",\"runnerEnv\",\"runner\",\"shard\",\"specFileRetries\",\"specFileRetriesDelay\",\"specFileRetriesDeferred\",\"reporterSyncInterval\",\"reporterSyncTimeout\",\"cucumberFeaturesWithLineNumbers\",\"autoCompileOpts\",\"mochaOpts\",\"jasmineOpts\",\"cucumberOpts\",\"onPrepare\",\"onWorkerStart\",\"onWorkerEnd\",\"before\",\"beforeSession\",\"beforeSuite\",\"beforeHook\",\"beforeTest\",\"afterTest\",\"afterHook\",\"afterSuite\",\"afterSession\",\"after\",\"onComplete\",\"beforeAssertion\",\"afterAssertion\",\"beforeFeature\",\"beforeScenario\",\"beforeStep\",\"afterStep\",\"afterScenario\",\"afterFeature\",\"_\",\"suite\",\"$0\",\"ignoredWorkerServices\",\"wdi5\"]"}]}
COMMAND: POST /session/5c358710dd67d6f9b9172afd6139f77d/execute/async - {"script":"<script> [21126 bytes]","args":[35000]}
RESULT: undefined
RESULT: {"script":"<script> [21126 bytes]","args":[35000]}
COMMAND: POST /session/5c358710dd67d6f9b9172afd6139f77d/element - {"using":"xpath","value":"//div[contains(@id ,\"headerBillingItemsTabFilter-text\")]"}
RESULT: {"using":"xpath","value":"//div[contains(@id ,\"headerBillingItemsTabFilter-text\")]"}
COMMAND: POST /session/5c358710dd67d6f9b9172afd6139f77d/element/f.25FA1F70EC8D54F37F57A975E3D7688B.d.68B4F681D730C06548B29DE9CBA20235.e.6389/click - {}
RESULT: {}
COMMAND: GET /session/5c358710dd67d6f9b9172afd6139f77d/screenshot - {}
RESULT: {}
COMMAND: POST /session/5c358710dd67d6f9b9172afd6139f77d/execute/async - {"script":"<script> [1562 bytes]","args":[{"selector":{"id":"revertPlanningBtn","viewName":"etm.portal.ui.managecontracts.view.Detail","interaction":{"idSuffix":"BDI-content"}},"wdio_ui5_key":"revertPlanningBtnetmportal.ui.managecontracts.view.Detail"}]}
RESULT: {"script":"<script> [1562 bytes]","args":[{"selector":{"id":"revertPlanningBtn","viewName":"etm.portal.ui.managecontracts.view.Detail","interaction":{"idSuffix":"BDI-content"}},"wdio_ui5_key":"revertPlanningBtnetmportal.ui.managecontracts.view.Detail"}]}
RESULT: undefined
COMMAND: POST /session/5c358710dd67d6f9b9172afd6139f77d/element - {"using":"xpath","value":"//*[@id=\"__xmlview1--revertPlanningBtn\"]"}
RESULT: {"using":"xpath","value":"//*[@id=\"__xmlview1--revertPlanningBtn\"]"}
COMMAND: POST /session/5c358710dd67d6f9b9172afd6139f77d/element/f.25FA1F70EC8D54F37F57A975E3D7688B.d.68B4F681D730C06548B29DE9CBA20235.e.6428/click - {}
RESULT: {}
COMMAND: GET /session/5c358710dd67d6f9b9172afd6139f77d/screenshot - {}
RESULT: {}
COMMAND: POST /session/5c358710dd67d6f9b9172afd6139f77d/actions - {"actions":[{"id":"action41","type":"key","parameters":{},"actions":[{"type":"keyDown","value":""},{"type":"pause","duration":10},{"type":"keyUp","value":""}]}]}
RESULT: {"actions":[{"id":"action41","type":"key","parameters":{},"actions":[{"type":"keyDown","value":""},{"type":"pause","duration":10},{"type":"keyUp","value":""}]}]}
COMMAND: GET /session/5c358710dd67d6f9b9172afd6139f77d/screenshot - {}
RESULT: {}
COMMAND: POST /session/5c358710dd67d6f9b9172afd6139f77d/element - {"using":"xpath","value":"//div[contains(@id ,\"ProductsTable-sa-CbBg\")]"}
RESULT: {"using":"xpath","value":"//div[contains(@id ,\"ProductsTable-sa-CbBg\")]"}
COMMAND: POST /session/5c358710dd67d6f9b9172afd6139f77d/element/f.25FA1F70EC8D54F37F57A975E3D7688B.d.68B4F681D730C06548B29DE9CBA20235.e.6485/click - {}
RESULT: {}
COMMAND: GET /session/5c358710dd67d6f9b9172afd6139f77d/screenshot - {}
RESULT: {}
COMMAND: POST /session/5c358710dd67d6f9b9172afd6139f77d/execute/async - {"script":"<script> [1562 bytes]","args":[{"selector":{"id":"executeRevertPlanningBtn","viewName":"etm.portal.ui.managecontracts.view.Detail","interaction":{"idSuffix":"BDI-content"}},"wdio_ui5_key":"executeRevertPlanningBtnetmportal.ui.managecontracts.view.Detail"}]}
RESULT: {"script":"<script> [1562 bytes]","args":[{"selector":{"id":"executeRevertPlanningBtn","viewName":"etm.portal.ui.managecontracts.view.Detail","interaction":{"idSuffix":"BDI-content"}},"wdio_ui5_key":"executeRevertPlanningBtnetmportal.ui.managecontracts.view.Detail"}]}
RESULT: undefined
COMMAND: POST /session/5c358710dd67d6f9b9172afd6139f77d/element - {"using":"xpath","value":"//*[@id=\"__xmlview1--executeRevertPlanningBtn\"]"}
RESULT: {"using":"xpath","value":"//*[@id=\"__xmlview1--executeRevertPlanningBtn\"]"}
COMMAND: POST /session/5c358710dd67d6f9b9172afd6139f77d/element/f.25FA1F70EC8D54F37F57A975E3D7688B.d.68B4F681D730C06548B29DE9CBA20235.e.6476/click - {}
RESULT: {}
COMMAND: GET /session/5c358710dd67d6f9b9172afd6139f77d/screenshot - {}
RESULT: {}
COMMAND: POST /session/5c358710dd67d6f9b9172afd6139f77d/actions - {"actions":[{"id":"action42","type":"key","parameters":{},"actions":[{"type":"keyDown","value":""},{"type":"pause","duration":10},{"type":"keyUp","value":""}]}]}
RESULT: {"actions":[{"id":"action42","type":"key","parameters":{},"actions":[{"type":"keyDown","value":""},{"type":"pause","duration":10},{"type":"keyUp","value":""}]}]}
COMMAND: POST /session/5c358710dd67d6f9b9172afd6139f77d/execute/async - {"script":"<script> [1562 bytes]","args":[{"selector":{"id":"backBtn"},"wdio_ui5_key":"backBtn"}]}
COMMAND: GET /session/5c358710dd67d6f9b9172afd6139f77d/screenshot - {}
RESULT: {"script":"<script> [1562 bytes]","args":[{"selector":{"id":"backBtn"},"wdio_ui5_key":"backBtn"}]}
RESULT: undefined
COMMAND: POST /session/5c358710dd67d6f9b9172afd6139f77d/element - {"using":"xpath","value":"//*[@id=\"backBtn\"]"}
RESULT: {}
RESULT: {"using":"xpath","value":"//*[@id=\"backBtn\"]"}
COMMAND: POST /session/5c358710dd67d6f9b9172afd6139f77d/element/f.25FA1F70EC8D54F37F57A975E3D7688B.d.68B4F681D730C06548B29DE9CBA20235.e.6500/click - {}
RESULT: {}
COMMAND: GET /session/5c358710dd67d6f9b9172afd6139f77d/screenshot - {}
RESULT: {}
COMMAND: POST /session/5c358710dd67d6f9b9172afd6139f77d/refresh - {}
RESULT: {}
COMMAND: GET /session/5c358710dd67d6f9b9172afd6139f77d/screenshot - {}
RESULT: {}
COMMAND: POST /session/5c358710dd67d6f9b9172afd6139f77d/execute/async - {"script":"<script> [189 bytes]","args":[]}
RESULT: {"script":"<script> [189 bytes]","args":[]}
COMMAND: POST /session/5c358710dd67d6f9b9172afd6139f77d/execute/async - {"script":"<script> [123 bytes]","args":[]}
RESULT: {"script":"<script> [123 bytes]","args":[]}
COMMAND: POST /session/5c358710dd67d6f9b9172afd6139f77d/timeouts - {"script":"<number>"}
RESULT: {"script":"<number>"}
COMMAND: GET /session/5c358710dd67d6f9b9172afd6139f77d/timeouts - {}
RESULT: {}
RESULT: undefined
COMMAND: POST /session/5c358710dd67d6f9b9172afd6139f77d/execute/async - {"script":"<script> [2676 bytes]","args":[]}
RESULT: {"script":"<script> [2676 bytes]","args":[]}
COMMAND: POST /session/5c358710dd67d6f9b9172afd6139f77d/execute/async - {"script":"<script> [2342 bytes]","args":[{"protocol":"http","hostname":"0.0.0.0","path":"/","capabilities":{"browserName":"chrome","goog:chromeOptions":{"binary":"C:\\Program Files\\Google\\Chrome\\Application\\chrome.exe"}},"logLevel":"warn","connectionRetryTimeout":120000,"connectionRetryCount":3,"logLevels":{},"enableDirectConnect":true,"strictSSL":true,"_":"65 more keys: [\"cacheDir\",\"port\",\"requestedCapabilities\",\"automationProtocol\",\"baseUrl\",\"waitforInterval\",\"waitforTimeout\",\"onReload\",\"beforeCommand\",\"afterCommand\",\"rootDir\",\"specs\",\"suites\",\"exclude\",\"groupLogsByTestSpec\",\"excludeDriverLogs\",\"bail\",\"framework\",\"reporters\",\"services\",\"maxInstances\",\"maxInstancesPerCapability\",\"injectGlobals\",\"filesToWatch\",\"execArgv\",\"runnerEnv\",\"runner\",\"shard\",\"specFileRetries\",\"specFileRetriesDelay\",\"specFileRetriesDeferred\",\"reporterSyncInterval\",\"reporterSyncTimeout\",\"cucumberFeaturesWithLineNumbers\",\"autoCompileOpts\",\"mochaOpts\",\"jasmineOpts\",\"cucumberOpts\",\"onPrepare\",\"onWorkerStart\",\"onWorkerEnd\",\"before\",\"beforeSession\",\"beforeSuite\",\"beforeHook\",\"beforeTest\",\"afterTest\",\"afterHook\",\"afterSuite\",\"afterSession\",\"after\",\"onComplete\",\"beforeAssertion\",\"afterAssertion\",\"beforeFeature\",\"beforeScenario\",\"beforeStep\",\"afterStep\",\"afterScenario\",\"afterFeature\",\"_\",\"suite\",\"$0\",\"ignoredWorkerServices\",\"wdi5\"]"}]}
RESULT: {"script":"<script> [2342 bytes]","args":[{"protocol":"http","hostname":"0.0.0.0","path":"/","capabilities":{"browserName":"chrome","goog:chromeOptions":{"binary":"C:\\Program Files\\Google\\Chrome\\Application\\chrome.exe"}},"logLevel":"warn","connectionRetryTimeout":120000,"connectionRetryCount":3,"logLevels":{},"enableDirectConnect":true,"strictSSL":true,"_":"65 more keys: [\"cacheDir\",\"port\",\"requestedCapabilities\",\"automationProtocol\",\"baseUrl\",\"waitforInterval\",\"waitforTimeout\",\"onReload\",\"beforeCommand\",\"afterCommand\",\"rootDir\",\"specs\",\"suites\",\"exclude\",\"groupLogsByTestSpec\",\"excludeDriverLogs\",\"bail\",\"framework\",\"reporters\",\"services\",\"maxInstances\",\"maxInstancesPerCapability\",\"injectGlobals\",\"filesToWatch\",\"execArgv\",\"runnerEnv\",\"runner\",\"shard\",\"specFileRetries\",\"specFileRetriesDelay\",\"specFileRetriesDeferred\",\"reporterSyncInterval\",\"reporterSyncTimeout\",\"cucumberFeaturesWithLineNumbers\",\"autoCompileOpts\",\"mochaOpts\",\"jasmineOpts\",\"cucumberOpts\",\"onPrepare\",\"onWorkerStart\",\"onWorkerEnd\",\"before\",\"beforeSession\",\"beforeSuite\",\"beforeHook\",\"beforeTest\",\"afterTest\",\"afterHook\",\"afterSuite\",\"afterSession\",\"after\",\"onComplete\",\"beforeAssertion\",\"afterAssertion\",\"beforeFeature\",\"beforeScenario\",\"beforeStep\",\"afterStep\",\"afterScenario\",\"afterFeature\",\"_\",\"suite\",\"$0\",\"ignoredWorkerServices\",\"wdi5\"]"}]}
COMMAND: POST /session/5c358710dd67d6f9b9172afd6139f77d/execute/async - {"script":"<script> [21126 bytes]","args":[35000]}
RESULT: {"script":"<script> [21126 bytes]","args":[35000]}
COMMAND: POST /session/5c358710dd67d6f9b9172afd6139f77d/execute/async - {"script":"<script> [1562 bytes]","args":[{"selector":{"controlType":"sap.m.ObjectStatus","viewName":"etm.portal.ui.managerequests.view.Detail","bindingPath":{"path":"/RequestHeaders('20086')","propertyPath":"LINK_TO_STATUS/DESCRIPTION","modelName":"catalogModel"}},"wdio_ui5_key":"etmportal.ui.managerequests.view.Detailsap.m.ObjectStatus{\"path\":\"/RequestHeaders('20086')\",\"propertyPath\":\"LINK_TO_STATUS/DESCRIPTION\",\"modelName\":\"catalogModel\"}"}]}
RESULT: {"script":"<script> [1562 bytes]","args":[{"selector":{"controlType":"sap.m.ObjectStatus","viewName":"etm.portal.ui.managerequests.view.Detail","bindingPath":{"path":"/RequestHeaders('20086')","propertyPath":"LINK_TO_STATUS/DESCRIPTION","modelName":"catalogModel"}},"wdio_ui5_key":"etmportal.ui.managerequests.view.Detailsap.m.ObjectStatus{\"path\":\"/RequestHeaders('20086')\",\"propertyPath\":\"LINK_TO_STATUS/DESCRIPTION\",\"modelName\":\"catalogModel\"}"}]}
RESULT: undefined
COMMAND: POST /session/5c358710dd67d6f9b9172afd6139f77d/execute/async - {"script":"<script> [6424 bytes]","args":[{"element-6066-11e4-a52e-4f735466cecf":"f.25FA1F70EC8D54F37F57A975E3D7688B.d.A062330BCF241126203619808E7708E7.e.6807"},"getText",[]]}
RESULT: {"script":"<script> [6424 bytes]","args":[{"element-6066-11e4-a52e-4f735466cecf":"f.25FA1F70EC8D54F37F57A975E3D7688B.d.A062330BCF241126203619808E7708E7.e.6807"},"getText",[]]}
COMMAND: POST /session/5c358710dd67d6f9b9172afd6139f77d/execute/async - {"script":"<script> [1562 bytes]","args":[{"selector":{"controlType":"sap.m.Button","viewName":"etm.portal.ui.managerequests.view.Detail","bindingPath":{"path":"/SmartRequestItemsPlanningBoard(ITEM=10m,REQUEST='20086')","propertyPath":"PICK_UP"}},"wdio_ui5_key":"etmportal.ui.managerequests.view.Detailsap.m.Button{\"path\":\"/SmartRequestItemsPlanningBoard(ITEM=10m,REQUEST='20086')\",\"propertyPath\":\"PICK_UP\"}"}]}
RESULT: {"script":"<script> [1562 bytes]","args":[{"selector":{"controlType":"sap.m.Button","viewName":"etm.portal.ui.managerequests.view.Detail","bindingPath":{"path":"/SmartRequestItemsPlanningBoard(ITEM=10m,REQUEST='20086')","propertyPath":"PICK_UP"}},"wdio_ui5_key":"etmportal.ui.managerequests.view.Detailsap.m.Button{\"path\":\"/SmartRequestItemsPlanningBoard(ITEM=10m,REQUEST='20086')\",\"propertyPath\":\"PICK_UP\"}"}]}
RESULT: undefined
COMMAND: POST /session/5c358710dd67d6f9b9172afd6139f77d/execute/async - {"script":"<script> [6424 bytes]","args":[{"element-6066-11e4-a52e-4f735466cecf":"f.25FA1F70EC8D54F37F57A975E3D7688B.d.A062330BCF241126203619808E7708E7.e.6792"},"getType",[]]}
RESULT: {"script":"<script> [6424 bytes]","args":[{"element-6066-11e4-a52e-4f735466cecf":"f.25FA1F70EC8D54F37F57A975E3D7688B.d.A062330BCF241126203619808E7708E7.e.6792"},"getType",[]]}
COMMAND: POST /session/5c358710dd67d6f9b9172afd6139f77d/execute/async - {"script":"<script> [1562 bytes]","args":[{"selector":{"controlType":"sap.m.Button","viewName":"etm.portal.ui.managerequests.view.Detail","bindingPath":{"path":"/SmartRequestItemsPlanningBoard(ITEM=20m,REQUEST='20086')","propertyPath":"PICK_UP"}},"wdio_ui5_key":"etmportal.ui.managerequests.view.Detailsap.m.Button{\"path\":\"/SmartRequestItemsPlanningBoard(ITEM=20m,REQUEST='20086')\",\"propertyPath\":\"PICK_UP\"}"}]}
RESULT: {"script":"<script> [1562 bytes]","args":[{"selector":{"controlType":"sap.m.Button","viewName":"etm.portal.ui.managerequests.view.Detail","bindingPath":{"path":"/SmartRequestItemsPlanningBoard(ITEM=20m,REQUEST='20086')","propertyPath":"PICK_UP"}},"wdio_ui5_key":"etmportal.ui.managerequests.view.Detailsap.m.Button{\"path\":\"/SmartRequestItemsPlanningBoard(ITEM=20m,REQUEST='20086')\",\"propertyPath\":\"PICK_UP\"}"}]}
RESULT: undefined
COMMAND: POST /session/5c358710dd67d6f9b9172afd6139f77d/execute/async - {"script":"<script> [6424 bytes]","args":[{"element-6066-11e4-a52e-4f735466cecf":"f.25FA1F70EC8D54F37F57A975E3D7688B.d.A062330BCF241126203619808E7708E7.e.6808"},"getType",[]]}
RESULT: {"script":"<script> [6424 bytes]","args":[{"element-6066-11e4-a52e-4f735466cecf":"f.25FA1F70EC8D54F37F57A975E3D7688B.d.A062330BCF241126203619808E7708E7.e.6808"},"getType",[]]}
COMMAND: POST /session/5c358710dd67d6f9b9172afd6139f77d/element - {"using":"css selector","value":"#shell-header-logo"}
RESULT: {"using":"css selector","value":"#shell-header-logo"}
COMMAND: POST /session/5c358710dd67d6f9b9172afd6139f77d/element/f.25FA1F70EC8D54F37F57A975E3D7688B.d.A062330BCF241126203619808E7708E7.e.6596/click - {}
RESULT: {}
COMMAND: GET /session/5c358710dd67d6f9b9172afd6139f77d/screenshot - {}
RESULT: {}
COMMAND: POST /session/5c358710dd67d6f9b9172afd6139f77d/execute/async - {"script":"<script> [1562 bytes]","args":[{"selector":{"controlType":"sap.m.GenericTile","properties":{"header":"Manage Classifications"}},"wdio_ui5_key":"sapm.GenericTile{\"header\":\"Manage Classifications\"}"}]}
RESULT: {"script":"<script> [1562 bytes]","args":[{"selector":{"controlType":"sap.m.GenericTile","properties":{"header":"Manage Classifications"}},"wdio_ui5_key":"sapm.GenericTile{\"header\":\"Manage Classifications\"}"}]}
RESULT: undefined
COMMAND: POST /session/5c358710dd67d6f9b9172afd6139f77d/element - {"using":"xpath","value":"//*[@id=\"__tile115\"]"}
RESULT: {"using":"xpath","value":"//*[@id=\"__tile115\"]"}
COMMAND: POST /session/5c358710dd67d6f9b9172afd6139f77d/element/f.25FA1F70EC8D54F37F57A975E3D7688B.d.A062330BCF241126203619808E7708E7.e.6823/click - {}
RESULT: {}
COMMAND: GET /session/5c358710dd67d6f9b9172afd6139f77d/screenshot - {}
RESULT: {}
]]></system-out>
    </testcase>
  </testsuite>
  <testsuite timestamp="2025-04-13T15:57:10" time="365.339" tests="4" failures="0" errors="0" skipped="0">
    <properties>
      <property name="specId" value="0"/>
      <property name="suiteName" value="Manage requests - requests specifications US141095"/>
      <property name="capabilities" value="chrome.135_0_7049_42.windows"/>
      <property name="file" value="file:///D:/a/1/s/test/specs/R2C/manage-requests-request-specifications.spec.js"/>
    </properties>
    <testcase classname="chrome.135_0_7049_42.windows.Manage_requests_-_requests_specifications_US141095" name="Should create a new classification of type request item" time="45.98">
      <system-out><![CDATA[
COMMAND: POST /session/5c358710dd67d6f9b9172afd6139f77d/execute/async - {"script":"<script> [1562 bytes]","args":[{"selector":{"controlType":"sap.ui.core.Icon","viewName":"etm.portal.ui.manageclassifications.view.Master","viewId":"application-manageclassifications-display-component---classificationMaster","properties":{"src":{"regex":{"source":"add"}}}},"wdio_ui5_key":"etmportal.ui.manageclassifications.view.Mastersap.ui.core.Icon{\"src\":{\"regex\":{\"source\":\"add\"}}}"}]}
RESULT: {"script":"<script> [1562 bytes]","args":[{"selector":{"controlType":"sap.ui.core.Icon","viewName":"etm.portal.ui.manageclassifications.view.Master","viewId":"application-manageclassifications-display-component---classificationMaster","properties":{"src":{"regex":{"source":"add"}}}},"wdio_ui5_key":"etmportal.ui.manageclassifications.view.Mastersap.ui.core.Icon{\"src\":{\"regex\":{\"source\":\"add\"}}}"}]}
RESULT: undefined
COMMAND: POST /session/5c358710dd67d6f9b9172afd6139f77d/element - {"using":"xpath","value":"//*[@id=\"__button27-img\"]"}
RESULT: {"using":"xpath","value":"//*[@id=\"__button27-img\"]"}
COMMAND: POST /session/5c358710dd67d6f9b9172afd6139f77d/element/f.25FA1F70EC8D54F37F57A975E3D7688B.d.A062330BCF241126203619808E7708E7.e.6860/click - {}
RESULT: {}
COMMAND: POST /session/5c358710dd67d6f9b9172afd6139f77d/execute/async - {"script":"<script> [1562 bytes]","args":[{"selector":{"id":"application-manageclassifications-display-component---classificationCreate--classHeaderName","interaction":{"idSuffix":"inner"}},"wdio_ui5_key":"applicationmanageclassifications-display-component---classificationCreate--classHeaderName"}]}
COMMAND: GET /session/5c358710dd67d6f9b9172afd6139f77d/screenshot - {}
RESULT: {"script":"<script> [1562 bytes]","args":[{"selector":{"id":"application-manageclassifications-display-component---classificationCreate--classHeaderName","interaction":{"idSuffix":"inner"}},"wdio_ui5_key":"applicationmanageclassifications-display-component---classificationCreate--classHeaderName"}]}
RESULT: undefined
COMMAND: POST /session/5c358710dd67d6f9b9172afd6139f77d/execute/async - {"script":"<script> [776 bytes]","args":[{"enterText":"WebdriverItemClasskrmr3k","selector":{"id":"application-manageclassifications-display-component---classificationCreate--classHeaderName","interaction":{"idSuffix":"inner"}},"clearTextFirst":true,"interactionType":"ENTER_TEXT"}]}
RESULT: {}
RESULT: {"script":"<script> [776 bytes]","args":[{"enterText":"WebdriverItemClasskrmr3k","selector":{"id":"application-manageclassifications-display-component---classificationCreate--classHeaderName","interaction":{"idSuffix":"inner"}},"clearTextFirst":true,"interactionType":"ENTER_TEXT"}]}
COMMAND: POST /session/5c358710dd67d6f9b9172afd6139f77d/execute/async - {"script":"<script> [1562 bytes]","args":[{"selector":{"controlType":"sap.ui.core.Icon","viewName":"etm.portal.ui.manageclassifications.view.Create","viewId":"application-manageclassifications-display-component---classificationCreate","properties":{"src":{"regex":{"source":"slim\\-arrow\\-down"}}}},"wdio_ui5_key":"etmportal.ui.manageclassifications.view.Createsap.ui.core.Icon{\"src\":{\"regex\":{\"source\":\"slim\\\\-arrow\\\\-down\"}}}"}]}
RESULT: {"script":"<script> [1562 bytes]","args":[{"selector":{"controlType":"sap.ui.core.Icon","viewName":"etm.portal.ui.manageclassifications.view.Create","viewId":"application-manageclassifications-display-component---classificationCreate","properties":{"src":{"regex":{"source":"slim\\-arrow\\-down"}}}},"wdio_ui5_key":"etmportal.ui.manageclassifications.view.Createsap.ui.core.Icon{\"src\":{\"regex\":{\"source\":\"slim\\\\-arrow\\\\-down\"}}}"}]}
RESULT: undefined
COMMAND: POST /session/5c358710dd67d6f9b9172afd6139f77d/element - {"using":"xpath","value":"//*[@id=\"__box12-arrow\"]"}
RESULT: {"using":"xpath","value":"//*[@id=\"__box12-arrow\"]"}
COMMAND: POST /session/5c358710dd67d6f9b9172afd6139f77d/element/f.25FA1F70EC8D54F37F57A975E3D7688B.d.A062330BCF241126203619808E7708E7.e.7140/click - {}
RESULT: {}
COMMAND: POST /session/5c358710dd67d6f9b9172afd6139f77d/execute/async - {"script":"<script> [1562 bytes]","args":[{"selector":{"controlType":"sap.m.StandardListItem","viewName":"etm.portal.ui.manageclassifications.view.Create","viewId":"application-manageclassifications-display-component---classificationCreate","properties":{"title":"Request Item Specifications"},"searchOpenDialogs":true,"interaction":{"idSuffix":"titleText"}},"wdio_ui5_key":"etmportal.ui.manageclassifications.view.Createsap.m.StandardListItem{\"title\":\"Request Item Specifications\"}"}]}
COMMAND: GET /session/5c358710dd67d6f9b9172afd6139f77d/screenshot - {}
RESULT: {"script":"<script> [1562 bytes]","args":[{"selector":{"controlType":"sap.m.StandardListItem","viewName":"etm.portal.ui.manageclassifications.view.Create","viewId":"application-manageclassifications-display-component---classificationCreate","properties":{"title":"Request Item Specifications"},"searchOpenDialogs":true,"interaction":{"idSuffix":"titleText"}},"wdio_ui5_key":"etmportal.ui.manageclassifications.view.Createsap.m.StandardListItem{\"title\":\"Request Item Specifications\"}"}]}
RESULT: undefined
COMMAND: POST /session/5c358710dd67d6f9b9172afd6139f77d/element - {"using":"xpath","value":"//*[@id=\"__item88\"]"}
RESULT: {}
RESULT: {"using":"xpath","value":"//*[@id=\"__item88\"]"}
COMMAND: POST /session/5c358710dd67d6f9b9172afd6139f77d/element/f.25FA1F70EC8D54F37F57A975E3D7688B.d.A062330BCF241126203619808E7708E7.e.7183/click - {}
RESULT: {}
COMMAND: POST /session/5c358710dd67d6f9b9172afd6139f77d/execute/async - {"script":"<script> [1562 bytes]","args":[{"selector":{"controlType":"sap.ui.core.Icon","viewName":"etm.portal.ui.manageclassifications.view.Create","viewId":"application-manageclassifications-display-component---classificationCreate","properties":{"src":{"regex":{"source":"add"}}}},"wdio_ui5_key":"etmportal.ui.manageclassifications.view.Createsap.ui.core.Icon{\"src\":{\"regex\":{\"source\":\"add\"}}}"}]}
COMMAND: GET /session/5c358710dd67d6f9b9172afd6139f77d/screenshot - {}
RESULT: {"script":"<script> [1562 bytes]","args":[{"selector":{"controlType":"sap.ui.core.Icon","viewName":"etm.portal.ui.manageclassifications.view.Create","viewId":"application-manageclassifications-display-component---classificationCreate","properties":{"src":{"regex":{"source":"add"}}}},"wdio_ui5_key":"etmportal.ui.manageclassifications.view.Createsap.ui.core.Icon{\"src\":{\"regex\":{\"source\":\"add\"}}}"}]}
RESULT: undefined
COMMAND: POST /session/5c358710dd67d6f9b9172afd6139f77d/element - {"using":"xpath","value":"//*[@id=\"__button32-img\"]"}
RESULT: {}
RESULT: {"using":"xpath","value":"//*[@id=\"__button32-img\"]"}
COMMAND: POST /session/5c358710dd67d6f9b9172afd6139f77d/element/f.25FA1F70EC8D54F37F57A975E3D7688B.d.A062330BCF241126203619808E7708E7.e.7143/click - {}
RESULT: {}
COMMAND: POST /session/5c358710dd67d6f9b9172afd6139f77d/execute/async - {"script":"<script> [1562 bytes]","args":[{"selector":{"controlType":"sap.m.Input","viewName":"etm.portal.ui.manageclassifications.view.Create","viewId":"application-manageclassifications-display-component---classificationCreate","bindingPath":{"path":"/0","propertyPath":"PROPERTY","modelName":"newConfigModel"},"interaction":{"idSuffix":"inner"}},"wdio_ui5_key":"etmportal.ui.manageclassifications.view.Createsap.m.Input{\"path\":\"/0\",\"propertyPath\":\"PROPERTY\",\"modelName\":\"newConfigModel\"}"}]}
COMMAND: GET /session/5c358710dd67d6f9b9172afd6139f77d/screenshot - {}
RESULT: {"script":"<script> [1562 bytes]","args":[{"selector":{"controlType":"sap.m.Input","viewName":"etm.portal.ui.manageclassifications.view.Create","viewId":"application-manageclassifications-display-component---classificationCreate","bindingPath":{"path":"/0","propertyPath":"PROPERTY","modelName":"newConfigModel"},"interaction":{"idSuffix":"inner"}},"wdio_ui5_key":"etmportal.ui.manageclassifications.view.Createsap.m.Input{\"path\":\"/0\",\"propertyPath\":\"PROPERTY\",\"modelName\":\"newConfigModel\"}"}]}
RESULT: undefined
COMMAND: POST /session/5c358710dd67d6f9b9172afd6139f77d/execute/async - {"script":"<script> [776 bytes]","args":[{"enterText":"Color","selector":{"controlType":"sap.m.Input","viewName":"etm.portal.ui.manageclassifications.view.Create","viewId":"application-manageclassifications-display-component---classificationCreate","bindingPath":{"path":"/0","propertyPath":"PROPERTY","modelName":"newConfigModel"},"interaction":{"idSuffix":"inner"}},"clearTextFirst":true,"interactionType":"ENTER_TEXT"}]}
RESULT: {}
RESULT: {"script":"<script> [776 bytes]","args":[{"enterText":"Color","selector":{"controlType":"sap.m.Input","viewName":"etm.portal.ui.manageclassifications.view.Create","viewId":"application-manageclassifications-display-component---classificationCreate","bindingPath":{"path":"/0","propertyPath":"PROPERTY","modelName":"newConfigModel"},"interaction":{"idSuffix":"inner"}},"clearTextFirst":true,"interactionType":"ENTER_TEXT"}]}
COMMAND: POST /session/5c358710dd67d6f9b9172afd6139f77d/execute/async - {"script":"<script> [1562 bytes]","args":[{"selector":{"controlType":"sap.m.Input","viewName":"etm.portal.ui.manageclassifications.view.Create","viewId":"application-manageclassifications-display-component---classificationCreate","bindingPath":{"path":"/0","propertyPath":"DESCRIPTION","modelName":"newConfigModel"},"interaction":{"idSuffix":"inner"}},"wdio_ui5_key":"etmportal.ui.manageclassifications.view.Createsap.m.Input{\"path\":\"/0\",\"propertyPath\":\"DESCRIPTION\",\"modelName\":\"newConfigModel\"}"}]}
RESULT: {"script":"<script> [1562 bytes]","args":[{"selector":{"controlType":"sap.m.Input","viewName":"etm.portal.ui.manageclassifications.view.Create","viewId":"application-manageclassifications-display-component---classificationCreate","bindingPath":{"path":"/0","propertyPath":"DESCRIPTION","modelName":"newConfigModel"},"interaction":{"idSuffix":"inner"}},"wdio_ui5_key":"etmportal.ui.manageclassifications.view.Createsap.m.Input{\"path\":\"/0\",\"propertyPath\":\"DESCRIPTION\",\"modelName\":\"newConfigModel\"}"}]}
RESULT: undefined
COMMAND: POST /session/5c358710dd67d6f9b9172afd6139f77d/execute/async - {"script":"<script> [776 bytes]","args":[{"enterText":"Color","selector":{"controlType":"sap.m.Input","viewName":"etm.portal.ui.manageclassifications.view.Create","viewId":"application-manageclassifications-display-component---classificationCreate","bindingPath":{"path":"/0","propertyPath":"DESCRIPTION","modelName":"newConfigModel"},"interaction":{"idSuffix":"inner"}},"clearTextFirst":true,"interactionType":"ENTER_TEXT"}]}
RESULT: {"script":"<script> [776 bytes]","args":[{"enterText":"Color","selector":{"controlType":"sap.m.Input","viewName":"etm.portal.ui.manageclassifications.view.Create","viewId":"application-manageclassifications-display-component---classificationCreate","bindingPath":{"path":"/0","propertyPath":"DESCRIPTION","modelName":"newConfigModel"},"interaction":{"idSuffix":"inner"}},"clearTextFirst":true,"interactionType":"ENTER_TEXT"}]}
COMMAND: POST /session/5c358710dd67d6f9b9172afd6139f77d/execute/async - {"script":"<script> [1562 bytes]","args":[{"selector":{"controlType":"sap.ui.core.Icon","viewName":"etm.portal.ui.manageclassifications.view.Create","viewId":"application-manageclassifications-display-component---classificationCreate","properties":{"src":{"regex":{"source":"slim\\-arrow\\-down"}}},"ancestor":{"controlType":"sap.m.ComboBox","viewName":"etm.portal.ui.manageclassifications.view.Create","viewId":"application-manageclassifications-display-component---classificationCreate","bindingPath":{"path":"/0","propertyPath":"VALUE_TYPE","modelName":"newConfigModel"}}},"wdio_ui5_key":"etmportal.ui.manageclassifications.view.Createsap.ui.core.Icon{\"src\":{\"regex\":{\"source\":\"slim\\\\-arrow\\\\-down\"}}}{\"controlType\":\"sap.m.ComboBox\",\"viewName\":\"etm.portal.ui.manageclassifications.view.Create\",\"viewId\":\"application-manageclassifications-display-component---classificationCreate\",\"bindingPath\":{\"path\":\"/0\",\"propertyPath\":\"VALUE_TYPE\",\"modelName\":\"newConfigModel\"}}"}]}
RESULT: {"script":"<script> [1562 bytes]","args":[{"selector":{"controlType":"sap.ui.core.Icon","viewName":"etm.portal.ui.manageclassifications.view.Create","viewId":"application-manageclassifications-display-component---classificationCreate","properties":{"src":{"regex":{"source":"slim\\-arrow\\-down"}}},"ancestor":{"controlType":"sap.m.ComboBox","viewName":"etm.portal.ui.manageclassifications.view.Create","viewId":"application-manageclassifications-display-component---classificationCreate","bindingPath":{"path":"/0","propertyPath":"VALUE_TYPE","modelName":"newConfigModel"}}},"wdio_ui5_key":"etmportal.ui.manageclassifications.view.Createsap.ui.core.Icon{\"src\":{\"regex\":{\"source\":\"slim\\\\-arrow\\\\-down\"}}}{\"controlType\":\"sap.m.ComboBox\",\"viewName\":\"etm.portal.ui.manageclassifications.view.Create\",\"viewId\":\"application-manageclassifications-display-component---classificationCreate\",\"bindingPath\":{\"path\":\"/0\",\"propertyPath\":\"VALUE_TYPE\",\"modelName\":\"newConfigModel\"}}"}]}
RESULT: undefined
COMMAND: POST /session/5c358710dd67d6f9b9172afd6139f77d/element - {"using":"xpath","value":"//*[@id=\"__box13-application-manageclassifications-display-component---classificationCreate--configurationList-0-arrow\"]"}
RESULT: {"using":"xpath","value":"//*[@id=\"__box13-application-manageclassifications-display-component---classificationCreate--configurationList-0-arrow\"]"}
COMMAND: POST /session/5c358710dd67d6f9b9172afd6139f77d/element/f.25FA1F70EC8D54F37F57A975E3D7688B.d.A062330BCF241126203619808E7708E7.e.7192/click - {}
RESULT: {}
COMMAND: POST /session/5c358710dd67d6f9b9172afd6139f77d/execute/async - {"script":"<script> [1562 bytes]","args":[{"selector":{"controlType":"sap.m.StandardListItem","viewName":"etm.portal.ui.manageclassifications.view.Create","viewId":"application-manageclassifications-display-component---classificationCreate","properties":{"title":"Dropdown"},"searchOpenDialogs":true,"interaction":{"idSuffix":"titleText"}},"wdio_ui5_key":"etmportal.ui.manageclassifications.view.Createsap.m.StandardListItem{\"title\":\"Dropdown\"}"}]}
COMMAND: GET /session/5c358710dd67d6f9b9172afd6139f77d/screenshot - {}
RESULT: {"script":"<script> [1562 bytes]","args":[{"selector":{"controlType":"sap.m.StandardListItem","viewName":"etm.portal.ui.manageclassifications.view.Create","viewId":"application-manageclassifications-display-component---classificationCreate","properties":{"title":"Dropdown"},"searchOpenDialogs":true,"interaction":{"idSuffix":"titleText"}},"wdio_ui5_key":"etmportal.ui.manageclassifications.view.Createsap.m.StandardListItem{\"title\":\"Dropdown\"}"}]}
RESULT: undefined
COMMAND: POST /session/5c358710dd67d6f9b9172afd6139f77d/element - {"using":"xpath","value":"//*[@id=\"__item96\"]"}
RESULT: {}
RESULT: {"using":"xpath","value":"//*[@id=\"__item96\"]"}
COMMAND: POST /session/5c358710dd67d6f9b9172afd6139f77d/element/f.25FA1F70EC8D54F37F57A975E3D7688B.d.A062330BCF241126203619808E7708E7.e.7194/click - {}
RESULT: {}
COMMAND: POST /session/5c358710dd67d6f9b9172afd6139f77d/execute/async - {"script":"<script> [1562 bytes]","args":[{"selector":{"controlType":"sap.ui.core.Icon","viewName":"etm.portal.ui.manageclassifications.view.Create","viewId":"application-manageclassifications-display-component---classificationCreate","properties":{"src":{"regex":{"source":"crm\\-service\\-manager"}}}},"wdio_ui5_key":"etmportal.ui.manageclassifications.view.Createsap.ui.core.Icon{\"src\":{\"regex\":{\"source\":\"crm\\\\-service\\\\-manager\"}}}"}]}
COMMAND: GET /session/5c358710dd67d6f9b9172afd6139f77d/screenshot - {}
RESULT: {"script":"<script> [1562 bytes]","args":[{"selector":{"controlType":"sap.ui.core.Icon","viewName":"etm.portal.ui.manageclassifications.view.Create","viewId":"application-manageclassifications-display-component---classificationCreate","properties":{"src":{"regex":{"source":"crm\\-service\\-manager"}}}},"wdio_ui5_key":"etmportal.ui.manageclassifications.view.Createsap.ui.core.Icon{\"src\":{\"regex\":{\"source\":\"crm\\\\-service\\\\-manager\"}}}"}]}
RESULT: undefined
COMMAND: POST /session/5c358710dd67d6f9b9172afd6139f77d/element - {"using":"xpath","value":"//*[@id=\"__button34-application-manageclassifications-display-component---classificationCreate--configurationList-0-img\"]"}
RESULT: {}
RESULT: {"using":"xpath","value":"//*[@id=\"__button34-application-manageclassifications-display-component---classificationCreate--configurationList-0-img\"]"}
COMMAND: POST /session/5c358710dd67d6f9b9172afd6139f77d/element/f.25FA1F70EC8D54F37F57A975E3D7688B.d.A062330BCF241126203619808E7708E7.e.7196/click - {}
RESULT: {}
COMMAND: POST /session/5c358710dd67d6f9b9172afd6139f77d/element - {"using":"xpath","value":"//button[@title=\"Add additional value\"]"}
COMMAND: GET /session/5c358710dd67d6f9b9172afd6139f77d/screenshot - {}
RESULT: {"using":"xpath","value":"//button[@title=\"Add additional value\"]"}
COMMAND: POST /session/5c358710dd67d6f9b9172afd6139f77d/element/f.25FA1F70EC8D54F37F57A975E3D7688B.d.A062330BCF241126203619808E7708E7.e.7197/click - {}
RESULT: {}
RESULT: {}
COMMAND: POST /session/5c358710dd67d6f9b9172afd6139f77d/execute/async - {"script":"<script> [1562 bytes]","args":[{"selector":{"controlType":"sap.m.Input","viewName":"etm.portal.ui.manageclassifications.view.Create","viewId":"application-manageclassifications-display-component---classificationCreate","bindingPath":{"path":"/VALUES/0","propertyPath":"VALUE","modelName":"dropdownValuesModel"},"searchOpenDialogs":true,"interaction":{"idSuffix":"inner"}},"wdio_ui5_key":"etmportal.ui.manageclassifications.view.Createsap.m.Input{\"path\":\"/VALUES/0\",\"propertyPath\":\"VALUE\",\"modelName\":\"dropdownValuesModel\"}"}]}
COMMAND: GET /session/5c358710dd67d6f9b9172afd6139f77d/screenshot - {}
RESULT: {"script":"<script> [1562 bytes]","args":[{"selector":{"controlType":"sap.m.Input","viewName":"etm.portal.ui.manageclassifications.view.Create","viewId":"application-manageclassifications-display-component---classificationCreate","bindingPath":{"path":"/VALUES/0","propertyPath":"VALUE","modelName":"dropdownValuesModel"},"searchOpenDialogs":true,"interaction":{"idSuffix":"inner"}},"wdio_ui5_key":"etmportal.ui.manageclassifications.view.Createsap.m.Input{\"path\":\"/VALUES/0\",\"propertyPath\":\"VALUE\",\"modelName\":\"dropdownValuesModel\"}"}]}
RESULT: undefined
COMMAND: POST /session/5c358710dd67d6f9b9172afd6139f77d/execute/async - {"script":"<script> [776 bytes]","args":[{"enterText":"1","selector":{"controlType":"sap.m.Input","viewName":"etm.portal.ui.manageclassifications.view.Create","viewId":"application-manageclassifications-display-component---classificationCreate","bindingPath":{"path":"/VALUES/0","propertyPath":"VALUE","modelName":"dropdownValuesModel"},"searchOpenDialogs":true,"interaction":{"idSuffix":"inner"}},"clearTextFirst":true,"interactionType":"ENTER_TEXT"}]}
RESULT: {}
RESULT: {"script":"<script> [776 bytes]","args":[{"enterText":"1","selector":{"controlType":"sap.m.Input","viewName":"etm.portal.ui.manageclassifications.view.Create","viewId":"application-manageclassifications-display-component---classificationCreate","bindingPath":{"path":"/VALUES/0","propertyPath":"VALUE","modelName":"dropdownValuesModel"},"searchOpenDialogs":true,"interaction":{"idSuffix":"inner"}},"clearTextFirst":true,"interactionType":"ENTER_TEXT"}]}
COMMAND: POST /session/5c358710dd67d6f9b9172afd6139f77d/execute/async - {"script":"<script> [1562 bytes]","args":[{"selector":{"controlType":"sap.m.Input","viewName":"etm.portal.ui.manageclassifications.view.Create","viewId":"application-manageclassifications-display-component---classificationCreate","bindingPath":{"path":"/VALUES/0","propertyPath":"TEXT","modelName":"dropdownValuesModel"},"searchOpenDialogs":true,"interaction":{"idSuffix":"inner"}},"wdio_ui5_key":"etmportal.ui.manageclassifications.view.Createsap.m.Input{\"path\":\"/VALUES/0\",\"propertyPath\":\"TEXT\",\"modelName\":\"dropdownValuesModel\"}"}]}
RESULT: {"script":"<script> [1562 bytes]","args":[{"selector":{"controlType":"sap.m.Input","viewName":"etm.portal.ui.manageclassifications.view.Create","viewId":"application-manageclassifications-display-component---classificationCreate","bindingPath":{"path":"/VALUES/0","propertyPath":"TEXT","modelName":"dropdownValuesModel"},"searchOpenDialogs":true,"interaction":{"idSuffix":"inner"}},"wdio_ui5_key":"etmportal.ui.manageclassifications.view.Createsap.m.Input{\"path\":\"/VALUES/0\",\"propertyPath\":\"TEXT\",\"modelName\":\"dropdownValuesModel\"}"}]}
RESULT: undefined
COMMAND: POST /session/5c358710dd67d6f9b9172afd6139f77d/execute/async - {"script":"<script> [776 bytes]","args":[{"enterText":"blue","selector":{"controlType":"sap.m.Input","viewName":"etm.portal.ui.manageclassifications.view.Create","viewId":"application-manageclassifications-display-component---classificationCreate","bindingPath":{"path":"/VALUES/0","propertyPath":"TEXT","modelName":"dropdownValuesModel"},"searchOpenDialogs":true,"interaction":{"idSuffix":"inner"}},"clearTextFirst":true,"interactionType":"ENTER_TEXT"}]}
RESULT: {"script":"<script> [776 bytes]","args":[{"enterText":"blue","selector":{"controlType":"sap.m.Input","viewName":"etm.portal.ui.manageclassifications.view.Create","viewId":"application-manageclassifications-display-component---classificationCreate","bindingPath":{"path":"/VALUES/0","propertyPath":"TEXT","modelName":"dropdownValuesModel"},"searchOpenDialogs":true,"interaction":{"idSuffix":"inner"}},"clearTextFirst":true,"interactionType":"ENTER_TEXT"}]}
COMMAND: POST /session/5c358710dd67d6f9b9172afd6139f77d/element - {"using":"xpath","value":"//button[@title=\"Add additional value\"]"}
RESULT: {"using":"xpath","value":"//button[@title=\"Add additional value\"]"}
COMMAND: POST /session/5c358710dd67d6f9b9172afd6139f77d/element/f.25FA1F70EC8D54F37F57A975E3D7688B.d.A062330BCF241126203619808E7708E7.e.7197/click - {}
RESULT: {}
COMMAND: POST /session/5c358710dd67d6f9b9172afd6139f77d/execute/async - {"script":"<script> [1562 bytes]","args":[{"selector":{"controlType":"sap.m.Input","viewName":"etm.portal.ui.manageclassifications.view.Create","viewId":"application-manageclassifications-display-component---classificationCreate","bindingPath":{"path":"/VALUES/1","propertyPath":"VALUE","modelName":"dropdownValuesModel"},"searchOpenDialogs":true,"interaction":{"idSuffix":"inner"}},"wdio_ui5_key":"etmportal.ui.manageclassifications.view.Createsap.m.Input{\"path\":\"/VALUES/1\",\"propertyPath\":\"VALUE\",\"modelName\":\"dropdownValuesModel\"}"}]}
COMMAND: GET /session/5c358710dd67d6f9b9172afd6139f77d/screenshot - {}
RESULT: {"script":"<script> [1562 bytes]","args":[{"selector":{"controlType":"sap.m.Input","viewName":"etm.portal.ui.manageclassifications.view.Create","viewId":"application-manageclassifications-display-component---classificationCreate","bindingPath":{"path":"/VALUES/1","propertyPath":"VALUE","modelName":"dropdownValuesModel"},"searchOpenDialogs":true,"interaction":{"idSuffix":"inner"}},"wdio_ui5_key":"etmportal.ui.manageclassifications.view.Createsap.m.Input{\"path\":\"/VALUES/1\",\"propertyPath\":\"VALUE\",\"modelName\":\"dropdownValuesModel\"}"}]}
RESULT: undefined
COMMAND: POST /session/5c358710dd67d6f9b9172afd6139f77d/execute/async - {"script":"<script> [776 bytes]","args":[{"enterText":"2","selector":{"controlType":"sap.m.Input","viewName":"etm.portal.ui.manageclassifications.view.Create","viewId":"application-manageclassifications-display-component---classificationCreate","bindingPath":{"path":"/VALUES/1","propertyPath":"VALUE","modelName":"dropdownValuesModel"},"searchOpenDialogs":true,"interaction":{"idSuffix":"inner"}},"clearTextFirst":true,"interactionType":"ENTER_TEXT"}]}
RESULT: {}
RESULT: {"script":"<script> [776 bytes]","args":[{"enterText":"2","selector":{"controlType":"sap.m.Input","viewName":"etm.portal.ui.manageclassifications.view.Create","viewId":"application-manageclassifications-display-component---classificationCreate","bindingPath":{"path":"/VALUES/1","propertyPath":"VALUE","modelName":"dropdownValuesModel"},"searchOpenDialogs":true,"interaction":{"idSuffix":"inner"}},"clearTextFirst":true,"interactionType":"ENTER_TEXT"}]}
COMMAND: POST /session/5c358710dd67d6f9b9172afd6139f77d/execute/async - {"script":"<script> [1562 bytes]","args":[{"selector":{"controlType":"sap.m.Input","viewName":"etm.portal.ui.manageclassifications.view.Create","viewId":"application-manageclassifications-display-component---classificationCreate","bindingPath":{"path":"/VALUES/1","propertyPath":"TEXT","modelName":"dropdownValuesModel"},"searchOpenDialogs":true,"interaction":{"idSuffix":"inner"}},"wdio_ui5_key":"etmportal.ui.manageclassifications.view.Createsap.m.Input{\"path\":\"/VALUES/1\",\"propertyPath\":\"TEXT\",\"modelName\":\"dropdownValuesModel\"}"}]}
RESULT: {"script":"<script> [1562 bytes]","args":[{"selector":{"controlType":"sap.m.Input","viewName":"etm.portal.ui.manageclassifications.view.Create","viewId":"application-manageclassifications-display-component---classificationCreate","bindingPath":{"path":"/VALUES/1","propertyPath":"TEXT","modelName":"dropdownValuesModel"},"searchOpenDialogs":true,"interaction":{"idSuffix":"inner"}},"wdio_ui5_key":"etmportal.ui.manageclassifications.view.Createsap.m.Input{\"path\":\"/VALUES/1\",\"propertyPath\":\"TEXT\",\"modelName\":\"dropdownValuesModel\"}"}]}
RESULT: undefined
COMMAND: POST /session/5c358710dd67d6f9b9172afd6139f77d/execute/async - {"script":"<script> [776 bytes]","args":[{"enterText":"red","selector":{"controlType":"sap.m.Input","viewName":"etm.portal.ui.manageclassifications.view.Create","viewId":"application-manageclassifications-display-component---classificationCreate","bindingPath":{"path":"/VALUES/1","propertyPath":"TEXT","modelName":"dropdownValuesModel"},"searchOpenDialogs":true,"interaction":{"idSuffix":"inner"}},"clearTextFirst":true,"interactionType":"ENTER_TEXT"}]}
RESULT: {"script":"<script> [776 bytes]","args":[{"enterText":"red","selector":{"controlType":"sap.m.Input","viewName":"etm.portal.ui.manageclassifications.view.Create","viewId":"application-manageclassifications-display-component---classificationCreate","bindingPath":{"path":"/VALUES/1","propertyPath":"TEXT","modelName":"dropdownValuesModel"},"searchOpenDialogs":true,"interaction":{"idSuffix":"inner"}},"clearTextFirst":true,"interactionType":"ENTER_TEXT"}]}
COMMAND: POST /session/5c358710dd67d6f9b9172afd6139f77d/execute/async - {"script":"<script> [1562 bytes]","args":[{"selector":{"controlType":"sap.m.Button","viewName":"etm.portal.ui.manageclassifications.view.Create","viewId":"application-manageclassifications-display-component---classificationCreate","i18NText":{"propertyName":"text","key":"save"},"searchOpenDialogs":true,"interaction":{"idSuffix":"BDI-content"}},"wdio_ui5_key":"etmportal.ui.manageclassifications.view.Createsap.m.Button{\"propertyName\":\"text\",\"key\":\"save\"}"}]}
RESULT: {"script":"<script> [1562 bytes]","args":[{"selector":{"controlType":"sap.m.Button","viewName":"etm.portal.ui.manageclassifications.view.Create","viewId":"application-manageclassifications-display-component---classificationCreate","i18NText":{"propertyName":"text","key":"save"},"searchOpenDialogs":true,"interaction":{"idSuffix":"BDI-content"}},"wdio_ui5_key":"etmportal.ui.manageclassifications.view.Createsap.m.Button{\"propertyName\":\"text\",\"key\":\"save\"}"}]}
RESULT: undefined
COMMAND: POST /session/5c358710dd67d6f9b9172afd6139f77d/element - {"using":"xpath","value":"//*[@id=\"__button44\"]"}
RESULT: {"using":"xpath","value":"//*[@id=\"__button44\"]"}
COMMAND: POST /session/5c358710dd67d6f9b9172afd6139f77d/element/f.25FA1F70EC8D54F37F57A975E3D7688B.d.A062330BCF241126203619808E7708E7.e.7218/click - {}
RESULT: {}
COMMAND: GET /session/5c358710dd67d6f9b9172afd6139f77d/screenshot - {}
RESULT: {}
COMMAND: POST /session/5c358710dd67d6f9b9172afd6139f77d/element - {"using":"xpath","value":"//button[@title=\"Save\"]"}
RESULT: {"using":"xpath","value":"//button[@title=\"Save\"]"}
COMMAND: POST /session/5c358710dd67d6f9b9172afd6139f77d/element/f.25FA1F70EC8D54F37F57A975E3D7688B.d.A062330BCF241126203619808E7708E7.e.7151/click - {}
RESULT: {}
COMMAND: GET /session/5c358710dd67d6f9b9172afd6139f77d/screenshot - {}
RESULT: {}
COMMAND: POST /session/5c358710dd67d6f9b9172afd6139f77d/execute/async - {"script":"<script> [1562 bytes]","args":[{"selector":{"id":"application-manageclassifications-display-component---classificationMaster--smartFilterBar-btnBasicSearch","interaction":{"idSuffix":"I"}},"wdio_ui5_key":"applicationmanageclassifications-display-component---classificationMaster--smartFilterBar-btnBasicSearch"}]}
RESULT: {"script":"<script> [1562 bytes]","args":[{"selector":{"id":"application-manageclassifications-display-component---classificationMaster--smartFilterBar-btnBasicSearch","interaction":{"idSuffix":"I"}},"wdio_ui5_key":"applicationmanageclassifications-display-component---classificationMaster--smartFilterBar-btnBasicSearch"}]}
RESULT: undefined
COMMAND: POST /session/5c358710dd67d6f9b9172afd6139f77d/execute/async - {"script":"<script> [776 bytes]","args":[{"enterText":"WebdriverItemClasskrmr3k","selector":{"id":"application-manageclassifications-display-component---classificationMaster--smartFilterBar-btnBasicSearch","interaction":{"idSuffix":"I"}},"clearTextFirst":true,"interactionType":"ENTER_TEXT"}]}
RESULT: {"script":"<script> [776 bytes]","args":[{"enterText":"WebdriverItemClasskrmr3k","selector":{"id":"application-manageclassifications-display-component---classificationMaster--smartFilterBar-btnBasicSearch","interaction":{"idSuffix":"I"}},"clearTextFirst":true,"interactionType":"ENTER_TEXT"}]}
COMMAND: POST /session/5c358710dd67d6f9b9172afd6139f77d/actions - {"actions":[{"id":"action43","type":"key","parameters":{},"actions":[{"type":"keyDown","value":""},{"type":"pause","duration":10},{"type":"keyUp","value":""}]}]}
RESULT: {"actions":[{"id":"action43","type":"key","parameters":{},"actions":[{"type":"keyDown","value":""},{"type":"pause","duration":10},{"type":"keyUp","value":""}]}]}
COMMAND: POST /session/5c358710dd67d6f9b9172afd6139f77d/execute/async - {"script":"<script> [1562 bytes]","args":[{"selector":{"id":"application-manageclassifications-display-component---classificationMaster--smartTable-header"},"wdio_ui5_key":"applicationmanageclassifications-display-component---classificationMaster--smartTable-header"}]}
COMMAND: GET /session/5c358710dd67d6f9b9172afd6139f77d/screenshot - {}
RESULT: {"script":"<script> [1562 bytes]","args":[{"selector":{"id":"application-manageclassifications-display-component---classificationMaster--smartTable-header"},"wdio_ui5_key":"applicationmanageclassifications-display-component---classificationMaster--smartTable-header"}]}
RESULT: undefined
COMMAND: POST /session/5c358710dd67d6f9b9172afd6139f77d/execute/async - {"script":"<script> [6424 bytes]","args":[{"element-6066-11e4-a52e-4f735466cecf":"f.25FA1F70EC8D54F37F57A975E3D7688B.d.A062330BCF241126203619808E7708E7.e.7386"},"getText",[]]}
RESULT: {}
RESULT: {"script":"<script> [6424 bytes]","args":[{"element-6066-11e4-a52e-4f735466cecf":"f.25FA1F70EC8D54F37F57A975E3D7688B.d.A062330BCF241126203619808E7708E7.e.7386"},"getText",[]]}
COMMAND: POST /session/5c358710dd67d6f9b9172afd6139f77d/element - {"using":"css selector","value":"#shell-header-logo"}
RESULT: {"using":"css selector","value":"#shell-header-logo"}
COMMAND: POST /session/5c358710dd67d6f9b9172afd6139f77d/element/f.25FA1F70EC8D54F37F57A975E3D7688B.d.A062330BCF241126203619808E7708E7.e.6826/click - {}
RESULT: {}
COMMAND: GET /session/5c358710dd67d6f9b9172afd6139f77d/screenshot - {}
RESULT: {}
]]></system-out>
    </testcase>
    <testcase classname="chrome.135_0_7049_42.windows.Manage_requests_-_requests_specifications_US141095" name="Should create a new section and a catalog item" time="134.289">
      <system-out><![CDATA[
COMMAND: POST /session/5c358710dd67d6f9b9172afd6139f77d/execute/async - {"script":"<script> [1562 bytes]","args":[{"selector":{"controlType":"sap.m.GenericTile","properties":{"header":"Manage Catalogs"}},"wdio_ui5_key":"sapm.GenericTile{\"header\":\"Manage Catalogs\"}"}]}
RESULT: {"script":"<script> [1562 bytes]","args":[{"selector":{"controlType":"sap.m.GenericTile","properties":{"header":"Manage Catalogs"}},"wdio_ui5_key":"sapm.GenericTile{\"header\":\"Manage Catalogs\"}"}]}
RESULT: undefined
COMMAND: POST /session/5c358710dd67d6f9b9172afd6139f77d/element - {"using":"xpath","value":"//*[@id=\"__tile37\"]"}
RESULT: {"using":"xpath","value":"//*[@id=\"__tile37\"]"}
COMMAND: POST /session/5c358710dd67d6f9b9172afd6139f77d/element/f.25FA1F70EC8D54F37F57A975E3D7688B.d.A062330BCF241126203619808E7708E7.e.7390/click - {}
RESULT: {}
COMMAND: GET /session/5c358710dd67d6f9b9172afd6139f77d/screenshot - {}
RESULT: {}
COMMAND: POST /session/5c358710dd67d6f9b9172afd6139f77d/execute/async - {"script":"<script> [1562 bytes]","args":[{"selector":{"controlType":"sap.m.Text","viewName":"etm.portal.ui.managecatalogs.view.MasterCatalogs","viewId":"application-managecatalogs-display-component---masterCatalogs","bindingPath":{"path":"/Catalogs('0D7502D073D53A0F1700BE067B89AFF9')","propertyPath":"DESCRIPTION","modelName":"catalogModel"}},"wdio_ui5_key":"etmportal.ui.managecatalogs.view.MasterCatalogssap.m.Text{\"path\":\"/Catalogs('0D7502D073D53A0F1700BE067B89AFF9')\",\"propertyPath\":\"DESCRIPTION\",\"modelName\":\"catalogModel\"}"}]}
RESULT: {"script":"<script> [1562 bytes]","args":[{"selector":{"controlType":"sap.m.Text","viewName":"etm.portal.ui.managecatalogs.view.MasterCatalogs","viewId":"application-managecatalogs-display-component---masterCatalogs","bindingPath":{"path":"/Catalogs('0D7502D073D53A0F1700BE067B89AFF9')","propertyPath":"DESCRIPTION","modelName":"catalogModel"}},"wdio_ui5_key":"etmportal.ui.managecatalogs.view.MasterCatalogssap.m.Text{\"path\":\"/Catalogs('0D7502D073D53A0F1700BE067B89AFF9')\",\"propertyPath\":\"DESCRIPTION\",\"modelName\":\"catalogModel\"}"}]}
RESULT: undefined
COMMAND: POST /session/5c358710dd67d6f9b9172afd6139f77d/element - {"using":"xpath","value":"//*[@id=\"__text434-application-managecatalogs-display-component---masterCatalogs--CatalogsTable-11\"]"}
RESULT: {"using":"xpath","value":"//*[@id=\"__text434-application-managecatalogs-display-component---masterCatalogs--CatalogsTable-11\"]"}
COMMAND: POST /session/5c358710dd67d6f9b9172afd6139f77d/element/f.25FA1F70EC8D54F37F57A975E3D7688B.d.A062330BCF241126203619808E7708E7.e.7458/click - {}
RESULT: {}
COMMAND: POST /session/5c358710dd67d6f9b9172afd6139f77d/execute/async - {"script":"<script> [1562 bytes]","args":[{"selector":{"controlType":"sap.ui.layout.HorizontalLayout","viewName":"etm.portal.ui.managecatalogs.view.MasterItems","viewId":"application-managecatalogs-display-component---masterCatalogItems","ancestor":{"id":"application-managecatalogs-display-component---masterCatalogItems--idCatalogItemsTree-rows-row0"}},"wdio_ui5_key":"etmportal.ui.managecatalogs.view.MasterItemssap.ui.layout.HorizontalLayout{\"id\":\"application-managecatalogs-display-component---masterCatalogItems--idCatalogItemsTree-rows-row0\"}"}]}
COMMAND: GET /session/5c358710dd67d6f9b9172afd6139f77d/screenshot - {}
RESULT: {"script":"<script> [1562 bytes]","args":[{"selector":{"controlType":"sap.ui.layout.HorizontalLayout","viewName":"etm.portal.ui.managecatalogs.view.MasterItems","viewId":"application-managecatalogs-display-component---masterCatalogItems","ancestor":{"id":"application-managecatalogs-display-component---masterCatalogItems--idCatalogItemsTree-rows-row0"}},"wdio_ui5_key":"etmportal.ui.managecatalogs.view.MasterItemssap.ui.layout.HorizontalLayout{\"id\":\"application-managecatalogs-display-component---masterCatalogItems--idCatalogItemsTree-rows-row0\"}"}]}
RESULT: undefined
COMMAND: POST /session/5c358710dd67d6f9b9172afd6139f77d/element - {"using":"xpath","value":"//*[@id=\"__layout40-__clone394\"]"}
RESULT: {}
RESULT: {"using":"xpath","value":"//*[@id=\"__layout40-__clone394\"]"}
COMMAND: POST /session/5c358710dd67d6f9b9172afd6139f77d/element/f.25FA1F70EC8D54F37F57A975E3D7688B.d.A062330BCF241126203619808E7708E7.e.7493/click - {}
RESULT: {}
COMMAND: GET /session/5c358710dd67d6f9b9172afd6139f77d/screenshot - {}
COMMAND: POST /session/5c358710dd67d6f9b9172afd6139f77d/execute/async - {"script":"<script> [1562 bytes]","args":[{"selector":{"controlType":"sap.m.Button","viewName":"etm.portal.ui.managecatalogs.view.Detail","viewId":"application-managecatalogs-display-component---detailCatalog","i18NText":{"propertyName":"text","key":"edit"},"interaction":{"idSuffix":"BDI-content"}},"wdio_ui5_key":"etmportal.ui.managecatalogs.view.Detailsap.m.Button{\"propertyName\":\"text\",\"key\":\"edit\"}"}]}
RESULT: {}
RESULT: {"script":"<script> [1562 bytes]","args":[{"selector":{"controlType":"sap.m.Button","viewName":"etm.portal.ui.managecatalogs.view.Detail","viewId":"application-managecatalogs-display-component---detailCatalog","i18NText":{"propertyName":"text","key":"edit"},"interaction":{"idSuffix":"BDI-content"}},"wdio_ui5_key":"etmportal.ui.managecatalogs.view.Detailsap.m.Button{\"propertyName\":\"text\",\"key\":\"edit\"}"}]}
RESULT: undefined
COMMAND: POST /session/5c358710dd67d6f9b9172afd6139f77d/element - {"using":"xpath","value":"//*[@id=\"__button88\"]"}
RESULT: {"using":"xpath","value":"//*[@id=\"__button88\"]"}
COMMAND: POST /session/5c358710dd67d6f9b9172afd6139f77d/element/f.25FA1F70EC8D54F37F57A975E3D7688B.d.A062330BCF241126203619808E7708E7.e.7616/click - {}
RESULT: {}
COMMAND: GET /session/5c358710dd67d6f9b9172afd6139f77d/screenshot - {}
RESULT: {}
COMMAND: POST /session/5c358710dd67d6f9b9172afd6139f77d/element - {"using":"xpath","value":"//bdi[contains(text(), \"Unlock\")]"}
RESULT: {"using":"xpath","value":"//bdi[contains(text(), \"Unlock\")]"}
COMMAND: POST /session/5c358710dd67d6f9b9172afd6139f77d/elements - {"using":"xpath","value":"//bdi[contains(text(), \"Unlock\")]"}
RESULT: {"using":"xpath","value":"//bdi[contains(text(), \"Unlock\")]"}
COMMAND: POST /session/5c358710dd67d6f9b9172afd6139f77d/execute/async - {"script":"<script> [1562 bytes]","args":[{"selector":{"controlType":"sap.ui.core.Icon","viewName":"etm.portal.ui.managecatalogs.view.Detail","viewId":"application-managecatalogs-display-component---detailCatalog","properties":{"src":{"regex":{"source":"add\\-folder"}}}},"wdio_ui5_key":"etmportal.ui.managecatalogs.view.Detailsap.ui.core.Icon{\"src\":{\"regex\":{\"source\":\"add\\\\-folder\"}}}"}]}
RESULT: {"script":"<script> [1562 bytes]","args":[{"selector":{"controlType":"sap.ui.core.Icon","viewName":"etm.portal.ui.managecatalogs.view.Detail","viewId":"application-managecatalogs-display-component---detailCatalog","properties":{"src":{"regex":{"source":"add\\-folder"}}}},"wdio_ui5_key":"etmportal.ui.managecatalogs.view.Detailsap.ui.core.Icon{\"src\":{\"regex\":{\"source\":\"add\\\\-folder\"}}}"}]}
RESULT: undefined
COMMAND: POST /session/5c358710dd67d6f9b9172afd6139f77d/element - {"using":"xpath","value":"//*[@id=\"__button96-img\"]"}
RESULT: {"using":"xpath","value":"//*[@id=\"__button96-img\"]"}
COMMAND: POST /session/5c358710dd67d6f9b9172afd6139f77d/element/f.25FA1F70EC8D54F37F57A975E3D7688B.d.A062330BCF241126203619808E7708E7.e.7631/click - {}
RESULT: {}
COMMAND: GET /session/5c358710dd67d6f9b9172afd6139f77d/screenshot - {}
RESULT: {}
COMMAND: POST /session/5c358710dd67d6f9b9172afd6139f77d/execute/async - {"script":"<script> [1562 bytes]","args":[{"selector":{"id":"application-managecatalogs-display-component---detailCatalog--numberInput","searchOpenDialogs":true,"interaction":{"idSuffix":"inner"}},"wdio_ui5_key":"applicationmanagecatalogs-display-component---detailCatalog--numberInput"}]}
RESULT: {"script":"<script> [1562 bytes]","args":[{"selector":{"id":"application-managecatalogs-display-component---detailCatalog--numberInput","searchOpenDialogs":true,"interaction":{"idSuffix":"inner"}},"wdio_ui5_key":"applicationmanagecatalogs-display-component---detailCatalog--numberInput"}]}
RESULT: undefined
COMMAND: POST /session/5c358710dd67d6f9b9172afd6139f77d/execute/async - {"script":"<script> [776 bytes]","args":[{"enterText":"Sectiondpm4v","selector":{"id":"application-managecatalogs-display-component---detailCatalog--numberInput","searchOpenDialogs":true,"interaction":{"idSuffix":"inner"}},"clearTextFirst":true,"interactionType":"ENTER_TEXT"}]}
RESULT: {"script":"<script> [776 bytes]","args":[{"enterText":"Sectiondpm4v","selector":{"id":"application-managecatalogs-display-component---detailCatalog--numberInput","searchOpenDialogs":true,"interaction":{"idSuffix":"inner"}},"clearTextFirst":true,"interactionType":"ENTER_TEXT"}]}
COMMAND: POST /session/5c358710dd67d6f9b9172afd6139f77d/element - {"using":"css selector","value":"#application-managecatalogs-display-component---detailCatalog--nameInput-inner"}
RESULT: {"using":"css selector","value":"#application-managecatalogs-display-component---detailCatalog--nameInput-inner"}
COMMAND: POST /session/5c358710dd67d6f9b9172afd6139f77d/elements - {"using":"css selector","value":"#application-managecatalogs-display-component---detailCatalog--nameInput-inner"}
RESULT: {"using":"css selector","value":"#application-managecatalogs-display-component---detailCatalog--nameInput-inner"}
COMMAND: POST /session/5c358710dd67d6f9b9172afd6139f77d/element/f.25FA1F70EC8D54F37F57A975E3D7688B.d.A062330BCF241126203619808E7708E7.e.7635/clear - {}
RESULT: {}
COMMAND: POST /session/5c358710dd67d6f9b9172afd6139f77d/element/f.25FA1F70EC8D54F37F57A975E3D7688B.d.A062330BCF241126203619808E7708E7.e.7635/value - {"text":"Webdrivern8nus"}
COMMAND: GET /session/5c358710dd67d6f9b9172afd6139f77d/screenshot - {}
RESULT: {"text":"Webdrivern8nus"}
COMMAND: POST /session/5c358710dd67d6f9b9172afd6139f77d/execute/async - {"script":"<script> [1562 bytes]","args":[{"selector":{"controlType":"sap.m.Button","viewName":"etm.portal.ui.managecatalogs.view.Detail","viewId":"application-managecatalogs-display-component---detailCatalog","i18NText":{"propertyName":"text","key":"create"},"searchOpenDialogs":true,"interaction":{"idSuffix":"BDI-content"}},"wdio_ui5_key":"etmportal.ui.managecatalogs.view.Detailsap.m.Button{\"propertyName\":\"text\",\"key\":\"create\"}"}]}
COMMAND: GET /session/5c358710dd67d6f9b9172afd6139f77d/screenshot - {}
RESULT: {}
RESULT: {"script":"<script> [1562 bytes]","args":[{"selector":{"controlType":"sap.m.Button","viewName":"etm.portal.ui.managecatalogs.view.Detail","viewId":"application-managecatalogs-display-component---detailCatalog","i18NText":{"propertyName":"text","key":"create"},"searchOpenDialogs":true,"interaction":{"idSuffix":"BDI-content"}},"wdio_ui5_key":"etmportal.ui.managecatalogs.view.Detailsap.m.Button{\"propertyName\":\"text\",\"key\":\"create\"}"}]}
RESULT: undefined
COMMAND: POST /session/5c358710dd67d6f9b9172afd6139f77d/element - {"using":"xpath","value":"//*[@id=\"__button66\"]"}
RESULT: {}
RESULT: {"using":"xpath","value":"//*[@id=\"__button66\"]"}
COMMAND: POST /session/5c358710dd67d6f9b9172afd6139f77d/element/f.25FA1F70EC8D54F37F57A975E3D7688B.d.A062330BCF241126203619808E7708E7.e.7640/click - {}
RESULT: {}
COMMAND: GET /session/5c358710dd67d6f9b9172afd6139f77d/screenshot - {}
RESULT: {}
COMMAND: POST /session/5c358710dd67d6f9b9172afd6139f77d/element - {"using":"xpath","value":"//button[@title=\"Save\"]"}
RESULT: {"using":"xpath","value":"//button[@title=\"Save\"]"}
COMMAND: POST /session/5c358710dd67d6f9b9172afd6139f77d/element/f.25FA1F70EC8D54F37F57A975E3D7688B.d.A062330BCF241126203619808E7708E7.e.7641/click - {}
RESULT: {}
COMMAND: POST /session/5c358710dd67d6f9b9172afd6139f77d/execute/async - {"script":"<script> [1562 bytes]","args":[{"selector":{"controlType":"sap.ui.core.Icon","viewName":"etm.portal.ui.managecatalogs.view.Detail","viewId":"application-managecatalogs-display-component---detailCatalog","properties":{"src":{"regex":{"source":"decline"}}}},"wdio_ui5_key":"etmportal.ui.managecatalogs.view.Detailsap.ui.core.Icon{\"src\":{\"regex\":{\"source\":\"decline\"}}}"}]}
COMMAND: GET /session/5c358710dd67d6f9b9172afd6139f77d/screenshot - {}
RESULT: {"script":"<script> [1562 bytes]","args":[{"selector":{"controlType":"sap.ui.core.Icon","viewName":"etm.portal.ui.managecatalogs.view.Detail","viewId":"application-managecatalogs-display-component---detailCatalog","properties":{"src":{"regex":{"source":"decline"}}}},"wdio_ui5_key":"etmportal.ui.managecatalogs.view.Detailsap.ui.core.Icon{\"src\":{\"regex\":{\"source\":\"decline\"}}}"}]}
RESULT: undefined
COMMAND: POST /session/5c358710dd67d6f9b9172afd6139f77d/element - {"using":"xpath","value":"//*[@id=\"__button91-img\"]"}
RESULT: {}
RESULT: {"using":"xpath","value":"//*[@id=\"__button91-img\"]"}
COMMAND: POST /session/5c358710dd67d6f9b9172afd6139f77d/element/f.25FA1F70EC8D54F37F57A975E3D7688B.d.A062330BCF241126203619808E7708E7.e.7653/click - {}
RESULT: {}
COMMAND: GET /session/5c358710dd67d6f9b9172afd6139f77d/screenshot - {}
RESULT: {}
COMMAND: POST /session/5c358710dd67d6f9b9172afd6139f77d/execute/async - {"script":"<script> [1562 bytes]","args":[{"selector":{"controlType":"sap.ui.core.Icon","viewName":"etm.portal.ui.managecatalogs.view.MasterItems","viewId":"application-managecatalogs-display-component---masterCatalogItems","properties":{"src":{"regex":{"source":"refresh"}}}},"wdio_ui5_key":"etmportal.ui.managecatalogs.view.MasterItemssap.ui.core.Icon{\"src\":{\"regex\":{\"source\":\"refresh\"}}}"}]}
RESULT: {"script":"<script> [1562 bytes]","args":[{"selector":{"controlType":"sap.ui.core.Icon","viewName":"etm.portal.ui.managecatalogs.view.MasterItems","viewId":"application-managecatalogs-display-component---masterCatalogItems","properties":{"src":{"regex":{"source":"refresh"}}}},"wdio_ui5_key":"etmportal.ui.managecatalogs.view.MasterItemssap.ui.core.Icon{\"src\":{\"regex\":{\"source\":\"refresh\"}}}"}]}
RESULT: undefined
COMMAND: POST /session/5c358710dd67d6f9b9172afd6139f77d/element - {"using":"xpath","value":"//*[@id=\"__button64-img\"]"}
RESULT: {"using":"xpath","value":"//*[@id=\"__button64-img\"]"}
COMMAND: POST /session/5c358710dd67d6f9b9172afd6139f77d/element/f.25FA1F70EC8D54F37F57A975E3D7688B.d.A062330BCF241126203619808E7708E7.e.7688/click - {}
RESULT: {}
COMMAND: POST /session/5c358710dd67d6f9b9172afd6139f77d/execute/async - {"script":"<script> [1562 bytes]","args":[{"selector":{"id":"application-managecatalogs-display-component---masterCatalogItems--searchItemsField","interaction":{"idSuffix":"I"}},"wdio_ui5_key":"applicationmanagecatalogs-display-component---masterCatalogItems--searchItemsField"}]}
COMMAND: GET /session/5c358710dd67d6f9b9172afd6139f77d/screenshot - {}
RESULT: {"script":"<script> [1562 bytes]","args":[{"selector":{"id":"application-managecatalogs-display-component---masterCatalogItems--searchItemsField","interaction":{"idSuffix":"I"}},"wdio_ui5_key":"applicationmanagecatalogs-display-component---masterCatalogItems--searchItemsField"}]}
RESULT: undefined
COMMAND: POST /session/5c358710dd67d6f9b9172afd6139f77d/execute/async - {"script":"<script> [776 bytes]","args":[{"enterText":"Webdrivern8nus","selector":{"id":"application-managecatalogs-display-component---masterCatalogItems--searchItemsField","interaction":{"idSuffix":"I"}},"clearTextFirst":true,"interactionType":"ENTER_TEXT"}]}
RESULT: {}
RESULT: {"script":"<script> [776 bytes]","args":[{"enterText":"Webdrivern8nus","selector":{"id":"application-managecatalogs-display-component---masterCatalogItems--searchItemsField","interaction":{"idSuffix":"I"}},"clearTextFirst":true,"interactionType":"ENTER_TEXT"}]}
COMMAND: POST /session/5c358710dd67d6f9b9172afd6139f77d/actions - {"actions":[{"id":"action44","type":"key","parameters":{},"actions":[{"type":"keyDown","value":""},{"type":"pause","duration":10},{"type":"keyUp","value":""}]}]}
RESULT: {"actions":[{"id":"action44","type":"key","parameters":{},"actions":[{"type":"keyDown","value":""},{"type":"pause","duration":10},{"type":"keyUp","value":""}]}]}
COMMAND: POST /session/5c358710dd67d6f9b9172afd6139f77d/element - {"using":"xpath","value":"(//span[contains(text(), \"Webdrivern8nus\")])[1]"}
COMMAND: GET /session/5c358710dd67d6f9b9172afd6139f77d/screenshot - {}
RESULT: {"using":"xpath","value":"(//span[contains(text(), \"Webdrivern8nus\")])[1]"}
COMMAND: POST /session/5c358710dd67d6f9b9172afd6139f77d/element/f.25FA1F70EC8D54F37F57A975E3D7688B.d.A062330BCF241126203619808E7708E7.e.7691/click - {}
RESULT: {}
RESULT: {}
COMMAND: GET /session/5c358710dd67d6f9b9172afd6139f77d/screenshot - {}
RESULT: {}
RESULT: undefined
COMMAND: POST /session/5c358710dd67d6f9b9172afd6139f77d/element - {"using":"xpath","value":"//*[@id=\"__button88\"]"}
RESULT: {"using":"xpath","value":"//*[@id=\"__button88\"]"}
COMMAND: POST /session/5c358710dd67d6f9b9172afd6139f77d/element/f.25FA1F70EC8D54F37F57A975E3D7688B.d.A062330BCF241126203619808E7708E7.e.7728/click - {}
RESULT: {}
COMMAND: GET /session/5c358710dd67d6f9b9172afd6139f77d/screenshot - {}
RESULT: {}
RESULT: undefined
COMMAND: POST /session/5c358710dd67d6f9b9172afd6139f77d/element - {"using":"xpath","value":"//*[@id=\"__button96-img\"]"}
RESULT: {"using":"xpath","value":"//*[@id=\"__button96-img\"]"}
COMMAND: POST /session/5c358710dd67d6f9b9172afd6139f77d/element/f.25FA1F70EC8D54F37F57A975E3D7688B.d.A062330BCF241126203619808E7708E7.e.7771/click - {}
RESULT: {}
COMMAND: GET /session/5c358710dd67d6f9b9172afd6139f77d/screenshot - {}
RESULT: {}
RESULT: undefined
COMMAND: POST /session/5c358710dd67d6f9b9172afd6139f77d/execute/async - {"script":"<script> [776 bytes]","args":[{"enterText":"SecondSection60o4a","selector":{"id":"application-managecatalogs-display-component---detailCatalog--numberInput","searchOpenDialogs":true,"interaction":{"idSuffix":"inner"}},"clearTextFirst":true,"interactionType":"ENTER_TEXT"}]}
RESULT: {"script":"<script> [776 bytes]","args":[{"enterText":"SecondSection60o4a","selector":{"id":"application-managecatalogs-display-component---detailCatalog--numberInput","searchOpenDialogs":true,"interaction":{"idSuffix":"inner"}},"clearTextFirst":true,"interactionType":"ENTER_TEXT"}]}
COMMAND: POST /session/5c358710dd67d6f9b9172afd6139f77d/element - {"using":"xpath","value":"//input[contains(@id ,\"application-managecatalogs-display-component---detailCatalog--nameInput-inner\")]"}
RESULT: {"using":"xpath","value":"//input[contains(@id ,\"application-managecatalogs-display-component---detailCatalog--nameInput-inner\")]"}
COMMAND: POST /session/5c358710dd67d6f9b9172afd6139f77d/elements - {"using":"xpath","value":"//input[contains(@id ,\"application-managecatalogs-display-component---detailCatalog--nameInput-inner\")]"}
RESULT: {"using":"xpath","value":"//input[contains(@id ,\"application-managecatalogs-display-component---detailCatalog--nameInput-inner\")]"}
COMMAND: POST /session/5c358710dd67d6f9b9172afd6139f77d/element/f.25FA1F70EC8D54F37F57A975E3D7688B.d.A062330BCF241126203619808E7708E7.e.7775/clear - {}
RESULT: {}
COMMAND: POST /session/5c358710dd67d6f9b9172afd6139f77d/element/f.25FA1F70EC8D54F37F57A975E3D7688B.d.A062330BCF241126203619808E7708E7.e.7775/value - {"text":"webdriversecondrd9vt"}
COMMAND: GET /session/5c358710dd67d6f9b9172afd6139f77d/screenshot - {}
RESULT: {"text":"webdriversecondrd9vt"}
RESULT: undefined
COMMAND: POST /session/5c358710dd67d6f9b9172afd6139f77d/element - {"using":"xpath","value":"//*[@id=\"__button66\"]"}
COMMAND: GET /session/5c358710dd67d6f9b9172afd6139f77d/screenshot - {}
RESULT: {}
RESULT: {"using":"xpath","value":"//*[@id=\"__button66\"]"}
COMMAND: POST /session/5c358710dd67d6f9b9172afd6139f77d/element/f.25FA1F70EC8D54F37F57A975E3D7688B.d.A062330BCF241126203619808E7708E7.e.7779/click - {}
RESULT: {}
RESULT: {}
COMMAND: GET /session/5c358710dd67d6f9b9172afd6139f77d/screenshot - {}
RESULT: {}
COMMAND: POST /session/5c358710dd67d6f9b9172afd6139f77d/element - {"using":"xpath","value":"//button[@title=\"Save\"]"}
RESULT: {"using":"xpath","value":"//button[@title=\"Save\"]"}
COMMAND: POST /session/5c358710dd67d6f9b9172afd6139f77d/element/f.25FA1F70EC8D54F37F57A975E3D7688B.d.A062330BCF241126203619808E7708E7.e.7757/click - {}
RESULT: {}
COMMAND: GET /session/5c358710dd67d6f9b9172afd6139f77d/screenshot - {}
RESULT: {}
RESULT: undefined
COMMAND: POST /session/5c358710dd67d6f9b9172afd6139f77d/element - {"using":"xpath","value":"//*[@id=\"__button91-img\"]"}
RESULT: {"using":"xpath","value":"//*[@id=\"__button91-img\"]"}
COMMAND: POST /session/5c358710dd67d6f9b9172afd6139f77d/element/f.25FA1F70EC8D54F37F57A975E3D7688B.d.A062330BCF241126203619808E7708E7.e.7735/click - {}
RESULT: {}
COMMAND: GET /session/5c358710dd67d6f9b9172afd6139f77d/screenshot - {}
RESULT: {}
RESULT: undefined
COMMAND: POST /session/5c358710dd67d6f9b9172afd6139f77d/element - {"using":"xpath","value":"//*[@id=\"__button64-img\"]"}
RESULT: {"using":"xpath","value":"//*[@id=\"__button64-img\"]"}
COMMAND: POST /session/5c358710dd67d6f9b9172afd6139f77d/element/f.25FA1F70EC8D54F37F57A975E3D7688B.d.A062330BCF241126203619808E7708E7.e.7817/click - {}
RESULT: {}
COMMAND: GET /session/5c358710dd67d6f9b9172afd6139f77d/screenshot - {}
RESULT: {}
RESULT: undefined
COMMAND: POST /session/5c358710dd67d6f9b9172afd6139f77d/execute/async - {"script":"<script> [776 bytes]","args":[{"enterText":"SecondSection60o4a","selector":{"id":"application-managecatalogs-display-component---masterCatalogItems--searchItemsField","interaction":{"idSuffix":"I"}},"clearTextFirst":true,"interactionType":"ENTER_TEXT"}]}
RESULT: {"script":"<script> [776 bytes]","args":[{"enterText":"SecondSection60o4a","selector":{"id":"application-managecatalogs-display-component---masterCatalogItems--searchItemsField","interaction":{"idSuffix":"I"}},"clearTextFirst":true,"interactionType":"ENTER_TEXT"}]}
COMMAND: POST /session/5c358710dd67d6f9b9172afd6139f77d/actions - {"actions":[{"id":"action45","type":"key","parameters":{},"actions":[{"type":"keyDown","value":""},{"type":"pause","duration":10},{"type":"keyUp","value":""}]}]}
RESULT: {"actions":[{"id":"action45","type":"key","parameters":{},"actions":[{"type":"keyDown","value":""},{"type":"pause","duration":10},{"type":"keyUp","value":""}]}]}
COMMAND: POST /session/5c358710dd67d6f9b9172afd6139f77d/element - {"using":"xpath","value":"(//span[contains(text(), \"SecondSection60o4a\")])[1]"}
COMMAND: GET /session/5c358710dd67d6f9b9172afd6139f77d/screenshot - {}
RESULT: {"using":"xpath","value":"(//span[contains(text(), \"SecondSection60o4a\")])[1]"}
COMMAND: POST /session/5c358710dd67d6f9b9172afd6139f77d/element/f.25FA1F70EC8D54F37F57A975E3D7688B.d.A062330BCF241126203619808E7708E7.e.7820/click - {}
RESULT: {}
RESULT: {}
COMMAND: POST /session/5c358710dd67d6f9b9172afd6139f77d/element - {"using":"xpath","value":"(//span[contains(text(), \"SecondSection60o4a\")])[1]"}
COMMAND: GET /session/5c358710dd67d6f9b9172afd6139f77d/screenshot - {}
RESULT: {"using":"xpath","value":"(//span[contains(text(), \"SecondSection60o4a\")])[1]"}
COMMAND: GET /session/5c358710dd67d6f9b9172afd6139f77d/element/f.25FA1F70EC8D54F37F57A975E3D7688B.d.A062330BCF241126203619808E7708E7.e.7820/text - {}
RESULT: {}
COMMAND: POST /session/5c358710dd67d6f9b9172afd6139f77d/element - {"using":"xpath","value":"(//span[contains(text(), \"SecondSection60o4a\")])[1]"}
RESULT: {"using":"xpath","value":"(//span[contains(text(), \"SecondSection60o4a\")])[1]"}
COMMAND: GET /session/5c358710dd67d6f9b9172afd6139f77d/element/f.25FA1F70EC8D54F37F57A975E3D7688B.d.A062330BCF241126203619808E7708E7.e.7820/text - {}
COMMAND: POST /session/5c358710dd67d6f9b9172afd6139f77d/element - {"using":"xpath","value":"(//span[contains(text(), \"SecondSection60o4a\")])[1]"}
RESULT: {"using":"xpath","value":"(//span[contains(text(), \"SecondSection60o4a\")])[1]"}
COMMAND: GET /session/5c358710dd67d6f9b9172afd6139f77d/element/f.25FA1F70EC8D54F37F57A975E3D7688B.d.A062330BCF241126203619808E7708E7.e.7874/text - {}
RESULT: {}
COMMAND: POST /session/5c358710dd67d6f9b9172afd6139f77d/refresh - {}
RESULT: {}
COMMAND: GET /session/5c358710dd67d6f9b9172afd6139f77d/screenshot - {}
COMMAND: POST /session/5c358710dd67d6f9b9172afd6139f77d/execute/async - {"script":"<script> [189 bytes]","args":[]}
RESULT: {}
RESULT: {"script":"<script> [189 bytes]","args":[]}
COMMAND: POST /session/5c358710dd67d6f9b9172afd6139f77d/execute/async - {"script":"<script> [123 bytes]","args":[]}
RESULT: {"script":"<script> [123 bytes]","args":[]}
COMMAND: POST /session/5c358710dd67d6f9b9172afd6139f77d/timeouts - {"script":"<number>"}
RESULT: {"script":"<number>"}
COMMAND: GET /session/5c358710dd67d6f9b9172afd6139f77d/timeouts - {}
RESULT: {}
RESULT: undefined
COMMAND: POST /session/5c358710dd67d6f9b9172afd6139f77d/execute/async - {"script":"<script> [2676 bytes]","args":[]}
RESULT: {"script":"<script> [2676 bytes]","args":[]}
COMMAND: POST /session/5c358710dd67d6f9b9172afd6139f77d/execute/async - {"script":"<script> [2342 bytes]","args":[{"protocol":"http","hostname":"0.0.0.0","path":"/","capabilities":{"browserName":"chrome","goog:chromeOptions":{"binary":"C:\\Program Files\\Google\\Chrome\\Application\\chrome.exe"}},"logLevel":"warn","connectionRetryTimeout":120000,"connectionRetryCount":3,"logLevels":{},"enableDirectConnect":true,"strictSSL":true,"_":"65 more keys: [\"cacheDir\",\"port\",\"requestedCapabilities\",\"automationProtocol\",\"baseUrl\",\"waitforInterval\",\"waitforTimeout\",\"onReload\",\"beforeCommand\",\"afterCommand\",\"rootDir\",\"specs\",\"suites\",\"exclude\",\"groupLogsByTestSpec\",\"excludeDriverLogs\",\"bail\",\"framework\",\"reporters\",\"services\",\"maxInstances\",\"maxInstancesPerCapability\",\"injectGlobals\",\"filesToWatch\",\"execArgv\",\"runnerEnv\",\"runner\",\"shard\",\"specFileRetries\",\"specFileRetriesDelay\",\"specFileRetriesDeferred\",\"reporterSyncInterval\",\"reporterSyncTimeout\",\"cucumberFeaturesWithLineNumbers\",\"autoCompileOpts\",\"mochaOpts\",\"jasmineOpts\",\"cucumberOpts\",\"onPrepare\",\"onWorkerStart\",\"onWorkerEnd\",\"before\",\"beforeSession\",\"beforeSuite\",\"beforeHook\",\"beforeTest\",\"afterTest\",\"afterHook\",\"afterSuite\",\"afterSession\",\"after\",\"onComplete\",\"beforeAssertion\",\"afterAssertion\",\"beforeFeature\",\"beforeScenario\",\"beforeStep\",\"afterStep\",\"afterScenario\",\"afterFeature\",\"_\",\"suite\",\"$0\",\"ignoredWorkerServices\",\"wdi5\"]"}]}
RESULT: {"script":"<script> [2342 bytes]","args":[{"protocol":"http","hostname":"0.0.0.0","path":"/","capabilities":{"browserName":"chrome","goog:chromeOptions":{"binary":"C:\\Program Files\\Google\\Chrome\\Application\\chrome.exe"}},"logLevel":"warn","connectionRetryTimeout":120000,"connectionRetryCount":3,"logLevels":{},"enableDirectConnect":true,"strictSSL":true,"_":"65 more keys: [\"cacheDir\",\"port\",\"requestedCapabilities\",\"automationProtocol\",\"baseUrl\",\"waitforInterval\",\"waitforTimeout\",\"onReload\",\"beforeCommand\",\"afterCommand\",\"rootDir\",\"specs\",\"suites\",\"exclude\",\"groupLogsByTestSpec\",\"excludeDriverLogs\",\"bail\",\"framework\",\"reporters\",\"services\",\"maxInstances\",\"maxInstancesPerCapability\",\"injectGlobals\",\"filesToWatch\",\"execArgv\",\"runnerEnv\",\"runner\",\"shard\",\"specFileRetries\",\"specFileRetriesDelay\",\"specFileRetriesDeferred\",\"reporterSyncInterval\",\"reporterSyncTimeout\",\"cucumberFeaturesWithLineNumbers\",\"autoCompileOpts\",\"mochaOpts\",\"jasmineOpts\",\"cucumberOpts\",\"onPrepare\",\"onWorkerStart\",\"onWorkerEnd\",\"before\",\"beforeSession\",\"beforeSuite\",\"beforeHook\",\"beforeTest\",\"afterTest\",\"afterHook\",\"afterSuite\",\"afterSession\",\"after\",\"onComplete\",\"beforeAssertion\",\"afterAssertion\",\"beforeFeature\",\"beforeScenario\",\"beforeStep\",\"afterStep\",\"afterScenario\",\"afterFeature\",\"_\",\"suite\",\"$0\",\"ignoredWorkerServices\",\"wdi5\"]"}]}
COMMAND: POST /session/5c358710dd67d6f9b9172afd6139f77d/execute/async - {"script":"<script> [21126 bytes]","args":[35000]}
RESULT: {"script":"<script> [21126 bytes]","args":[35000]}
COMMAND: POST /session/5c358710dd67d6f9b9172afd6139f77d/execute/async - {"script":"<script> [1562 bytes]","args":[{"selector":{"controlType":"sap.m.Button","viewName":"etm.portal.ui.managecatalogs.view.Detail","viewId":"application-managecatalogs-display-component---detailCatalog","i18NText":{"propertyName":"text","key":"edit"},"interaction":{"idSuffix":"BDI-content"}},"wdio_ui5_key":"etmportal.ui.managecatalogs.view.Detailsap.m.Button{\"propertyName\":\"text\",\"key\":\"edit\"}"}]}
RESULT: {"script":"<script> [1562 bytes]","args":[{"selector":{"controlType":"sap.m.Button","viewName":"etm.portal.ui.managecatalogs.view.Detail","viewId":"application-managecatalogs-display-component---detailCatalog","i18NText":{"propertyName":"text","key":"edit"},"interaction":{"idSuffix":"BDI-content"}},"wdio_ui5_key":"etmportal.ui.managecatalogs.view.Detailsap.m.Button{\"propertyName\":\"text\",\"key\":\"edit\"}"}]}
RESULT: undefined
COMMAND: POST /session/5c358710dd67d6f9b9172afd6139f77d/element - {"using":"xpath","value":"//*[@id=\"__button25\"]"}
RESULT: {"using":"xpath","value":"//*[@id=\"__button25\"]"}
COMMAND: POST /session/5c358710dd67d6f9b9172afd6139f77d/element/f.25FA1F70EC8D54F37F57A975E3D7688B.d.70E6974C1E8B81F9088DEF1473CAEAA0.e.7951/click - {}
RESULT: {}
COMMAND: POST /session/5c358710dd67d6f9b9172afd6139f77d/execute/async - {"script":"<script> [1562 bytes]","args":[{"selector":{"controlType":"sap.ui.core.Icon","viewName":"etm.portal.ui.managecatalogs.view.Detail","viewId":"application-managecatalogs-display-component---detailCatalog","properties":{"src":{"regex":{"source":"add\\-document"}}}},"wdio_ui5_key":"etmportal.ui.managecatalogs.view.Detailsap.ui.core.Icon{\"src\":{\"regex\":{\"source\":\"add\\\\-document\"}}}"}]}
COMMAND: GET /session/5c358710dd67d6f9b9172afd6139f77d/screenshot - {}
RESULT: {"script":"<script> [1562 bytes]","args":[{"selector":{"controlType":"sap.ui.core.Icon","viewName":"etm.portal.ui.managecatalogs.view.Detail","viewId":"application-managecatalogs-display-component---detailCatalog","properties":{"src":{"regex":{"source":"add\\-document"}}}},"wdio_ui5_key":"etmportal.ui.managecatalogs.view.Detailsap.ui.core.Icon{\"src\":{\"regex\":{\"source\":\"add\\\\-document\"}}}"}]}
RESULT: undefined
COMMAND: POST /session/5c358710dd67d6f9b9172afd6139f77d/element - {"using":"xpath","value":"//*[@id=\"__button34-img\"]"}
RESULT: {}
RESULT: {"using":"xpath","value":"//*[@id=\"__button34-img\"]"}
COMMAND: POST /session/5c358710dd67d6f9b9172afd6139f77d/element/f.25FA1F70EC8D54F37F57A975E3D7688B.d.70E6974C1E8B81F9088DEF1473CAEAA0.e.7960/click - {}
RESULT: {}
COMMAND: POST /session/5c358710dd67d6f9b9172afd6139f77d/execute/async - {"script":"<script> [1562 bytes]","args":[{"selector":{"id":"application-managecatalogs-display-component---detailCatalog--newItemNumberInput","searchOpenDialogs":true,"interaction":{"idSuffix":"inner"}},"wdio_ui5_key":"applicationmanagecatalogs-display-component---detailCatalog--newItemNumberInput"}]}
COMMAND: GET /session/5c358710dd67d6f9b9172afd6139f77d/screenshot - {}
RESULT: {"script":"<script> [1562 bytes]","args":[{"selector":{"id":"application-managecatalogs-display-component---detailCatalog--newItemNumberInput","searchOpenDialogs":true,"interaction":{"idSuffix":"inner"}},"wdio_ui5_key":"applicationmanagecatalogs-display-component---detailCatalog--newItemNumberInput"}]}
RESULT: undefined
COMMAND: POST /session/5c358710dd67d6f9b9172afd6139f77d/execute/async - {"script":"<script> [776 bytes]","args":[{"enterText":"catalogItemyba61l","selector":{"id":"application-managecatalogs-display-component---detailCatalog--newItemNumberInput","searchOpenDialogs":true,"interaction":{"idSuffix":"inner"}},"clearTextFirst":true,"interactionType":"ENTER_TEXT"}]}
RESULT: {}
RESULT: {"script":"<script> [776 bytes]","args":[{"enterText":"catalogItemyba61l","selector":{"id":"application-managecatalogs-display-component---detailCatalog--newItemNumberInput","searchOpenDialogs":true,"interaction":{"idSuffix":"inner"}},"clearTextFirst":true,"interactionType":"ENTER_TEXT"}]}
COMMAND: POST /session/5c358710dd67d6f9b9172afd6139f77d/execute/async - {"script":"<script> [1562 bytes]","args":[{"selector":{"controlType":"sap.m.Input","viewName":"etm.portal.ui.managecatalogs.view.Detail","viewId":"application-managecatalogs-display-component---detailCatalog","bindingPath":{"path":"","propertyPath":"/DESCRIPTION"},"searchOpenDialogs":true,"interaction":{"idSuffix":"inner"}},"wdio_ui5_key":"etmportal.ui.managecatalogs.view.Detailsap.m.Input{\"path\":\"\",\"propertyPath\":\"/DESCRIPTION\"}"}]}
RESULT: {"script":"<script> [1562 bytes]","args":[{"selector":{"controlType":"sap.m.Input","viewName":"etm.portal.ui.managecatalogs.view.Detail","viewId":"application-managecatalogs-display-component---detailCatalog","bindingPath":{"path":"","propertyPath":"/DESCRIPTION"},"searchOpenDialogs":true,"interaction":{"idSuffix":"inner"}},"wdio_ui5_key":"etmportal.ui.managecatalogs.view.Detailsap.m.Input{\"path\":\"\",\"propertyPath\":\"/DESCRIPTION\"}"}]}
RESULT: undefined
COMMAND: POST /session/5c358710dd67d6f9b9172afd6139f77d/execute/async - {"script":"<script> [776 bytes]","args":[{"enterText":"catalogItemNamep1dgl","selector":{"controlType":"sap.m.Input","viewName":"etm.portal.ui.managecatalogs.view.Detail","viewId":"application-managecatalogs-display-component---detailCatalog","bindingPath":{"path":"","propertyPath":"/DESCRIPTION"},"searchOpenDialogs":true,"interaction":{"idSuffix":"inner"}},"clearTextFirst":true,"interactionType":"ENTER_TEXT"}]}
RESULT: {"script":"<script> [776 bytes]","args":[{"enterText":"catalogItemNamep1dgl","selector":{"controlType":"sap.m.Input","viewName":"etm.portal.ui.managecatalogs.view.Detail","viewId":"application-managecatalogs-display-component---detailCatalog","bindingPath":{"path":"","propertyPath":"/DESCRIPTION"},"searchOpenDialogs":true,"interaction":{"idSuffix":"inner"}},"clearTextFirst":true,"interactionType":"ENTER_TEXT"}]}
COMMAND: POST /session/5c358710dd67d6f9b9172afd6139f77d/execute/async - {"script":"<script> [1562 bytes]","args":[{"selector":{"controlType":"sap.m.Button","viewName":"etm.portal.ui.managecatalogs.view.Detail","viewId":"application-managecatalogs-display-component---detailCatalog","i18NText":{"propertyName":"text","key":"create"},"searchOpenDialogs":true,"interaction":{"idSuffix":"BDI-content"}},"wdio_ui5_key":"etmportal.ui.managecatalogs.view.Detailsap.m.Button{\"propertyName\":\"text\",\"key\":\"create\"}"}]}
RESULT: {"script":"<script> [1562 bytes]","args":[{"selector":{"controlType":"sap.m.Button","viewName":"etm.portal.ui.managecatalogs.view.Detail","viewId":"application-managecatalogs-display-component---detailCatalog","i18NText":{"propertyName":"text","key":"create"},"searchOpenDialogs":true,"interaction":{"idSuffix":"BDI-content"}},"wdio_ui5_key":"etmportal.ui.managecatalogs.view.Detailsap.m.Button{\"propertyName\":\"text\",\"key\":\"create\"}"}]}
RESULT: undefined
COMMAND: POST /session/5c358710dd67d6f9b9172afd6139f77d/element - {"using":"xpath","value":"//*[@id=\"__button9\"]"}
RESULT: {"using":"xpath","value":"//*[@id=\"__button9\"]"}
COMMAND: POST /session/5c358710dd67d6f9b9172afd6139f77d/element/f.25FA1F70EC8D54F37F57A975E3D7688B.d.70E6974C1E8B81F9088DEF1473CAEAA0.e.7970/click - {}
RESULT: {}
COMMAND: GET /session/5c358710dd67d6f9b9172afd6139f77d/screenshot - {}
RESULT: {}
COMMAND: POST /session/5c358710dd67d6f9b9172afd6139f77d/element - {"using":"xpath","value":"//button[@title=\"Save\"]"}
RESULT: {"using":"xpath","value":"//button[@title=\"Save\"]"}
COMMAND: POST /session/5c358710dd67d6f9b9172afd6139f77d/element/f.25FA1F70EC8D54F37F57A975E3D7688B.d.70E6974C1E8B81F9088DEF1473CAEAA0.e.7971/click - {}
RESULT: {}
COMMAND: GET /session/5c358710dd67d6f9b9172afd6139f77d/screenshot - {}
RESULT: {}
COMMAND: POST /session/5c358710dd67d6f9b9172afd6139f77d/execute/async - {"script":"<script> [1562 bytes]","args":[{"selector":{"controlType":"sap.ui.core.Icon","viewName":"etm.portal.ui.managecatalogs.view.Detail","viewId":"application-managecatalogs-display-component---detailCatalog","properties":{"src":{"regex":{"source":"decline"}}}},"wdio_ui5_key":"etmportal.ui.managecatalogs.view.Detailsap.ui.core.Icon{\"src\":{\"regex\":{\"source\":\"decline\"}}}"}]}
RESULT: {"script":"<script> [1562 bytes]","args":[{"selector":{"controlType":"sap.ui.core.Icon","viewName":"etm.portal.ui.managecatalogs.view.Detail","viewId":"application-managecatalogs-display-component---detailCatalog","properties":{"src":{"regex":{"source":"decline"}}}},"wdio_ui5_key":"etmportal.ui.managecatalogs.view.Detailsap.ui.core.Icon{\"src\":{\"regex\":{\"source\":\"decline\"}}}"}]}
RESULT: undefined
COMMAND: POST /session/5c358710dd67d6f9b9172afd6139f77d/element - {"using":"xpath","value":"//*[@id=\"__button28-img\"]"}
RESULT: {"using":"xpath","value":"//*[@id=\"__button28-img\"]"}
COMMAND: POST /session/5c358710dd67d6f9b9172afd6139f77d/element/f.25FA1F70EC8D54F37F57A975E3D7688B.d.70E6974C1E8B81F9088DEF1473CAEAA0.e.7976/click - {}
RESULT: {}
COMMAND: GET /session/5c358710dd67d6f9b9172afd6139f77d/screenshot - {}
RESULT: {}
COMMAND: POST /session/5c358710dd67d6f9b9172afd6139f77d/execute/async - {"script":"<script> [1562 bytes]","args":[{"selector":{"controlType":"sap.ui.core.Icon","viewName":"etm.portal.ui.managecatalogs.view.MasterItems","viewId":"application-managecatalogs-display-component---masterCatalogItems","properties":{"src":{"regex":{"source":"refresh"}}}},"wdio_ui5_key":"etmportal.ui.managecatalogs.view.MasterItemssap.ui.core.Icon{\"src\":{\"regex\":{\"source\":\"refresh\"}}}"}]}
RESULT: {"script":"<script> [1562 bytes]","args":[{"selector":{"controlType":"sap.ui.core.Icon","viewName":"etm.portal.ui.managecatalogs.view.MasterItems","viewId":"application-managecatalogs-display-component---masterCatalogItems","properties":{"src":{"regex":{"source":"refresh"}}}},"wdio_ui5_key":"etmportal.ui.managecatalogs.view.MasterItemssap.ui.core.Icon{\"src\":{\"regex\":{\"source\":\"refresh\"}}}"}]}
RESULT: undefined
COMMAND: POST /session/5c358710dd67d6f9b9172afd6139f77d/element - {"using":"xpath","value":"//*[@id=\"__button1-img\"]"}
RESULT: {"using":"xpath","value":"//*[@id=\"__button1-img\"]"}
COMMAND: POST /session/5c358710dd67d6f9b9172afd6139f77d/element/f.25FA1F70EC8D54F37F57A975E3D7688B.d.70E6974C1E8B81F9088DEF1473CAEAA0.e.8011/click - {}
RESULT: {}
COMMAND: GET /session/5c358710dd67d6f9b9172afd6139f77d/screenshot - {}
RESULT: {}
COMMAND: POST /session/5c358710dd67d6f9b9172afd6139f77d/execute/async - {"script":"<script> [1562 bytes]","args":[{"selector":{"id":"application-managecatalogs-display-component---masterCatalogItems--searchItemsField","interaction":{"idSuffix":"I"}},"wdio_ui5_key":"applicationmanagecatalogs-display-component---masterCatalogItems--searchItemsField"}]}
RESULT: {"script":"<script> [1562 bytes]","args":[{"selector":{"id":"application-managecatalogs-display-component---masterCatalogItems--searchItemsField","interaction":{"idSuffix":"I"}},"wdio_ui5_key":"applicationmanagecatalogs-display-component---masterCatalogItems--searchItemsField"}]}
RESULT: undefined
COMMAND: POST /session/5c358710dd67d6f9b9172afd6139f77d/execute/async - {"script":"<script> [776 bytes]","args":[{"enterText":"catalogItemNamep1dgl","selector":{"id":"application-managecatalogs-display-component---masterCatalogItems--searchItemsField","interaction":{"idSuffix":"I"}},"clearTextFirst":true,"interactionType":"ENTER_TEXT"}]}
RESULT: {"script":"<script> [776 bytes]","args":[{"enterText":"catalogItemNamep1dgl","selector":{"id":"application-managecatalogs-display-component---masterCatalogItems--searchItemsField","interaction":{"idSuffix":"I"}},"clearTextFirst":true,"interactionType":"ENTER_TEXT"}]}
COMMAND: POST /session/5c358710dd67d6f9b9172afd6139f77d/actions - {"actions":[{"id":"action46","type":"key","parameters":{},"actions":[{"type":"keyDown","value":""},{"type":"pause","duration":10},{"type":"keyUp","value":""}]}]}
RESULT: {"actions":[{"id":"action46","type":"key","parameters":{},"actions":[{"type":"keyDown","value":""},{"type":"pause","duration":10},{"type":"keyUp","value":""}]}]}
COMMAND: POST /session/5c358710dd67d6f9b9172afd6139f77d/element - {"using":"xpath","value":"(//span[contains(text(), \"catalogItemNamep1dgl\")])[1]"}
COMMAND: GET /session/5c358710dd67d6f9b9172afd6139f77d/screenshot - {}
RESULT: {}
RESULT: {"using":"xpath","value":"(//span[contains(text(), \"catalogItemNamep1dgl\")])[1]"}
COMMAND: POST /session/5c358710dd67d6f9b9172afd6139f77d/element/f.25FA1F70EC8D54F37F57A975E3D7688B.d.70E6974C1E8B81F9088DEF1473CAEAA0.e.8018/click - {}
RESULT: {}
COMMAND: GET /session/5c358710dd67d6f9b9172afd6139f77d/screenshot - {}
RESULT: {}
COMMAND: POST /session/5c358710dd67d6f9b9172afd6139f77d/element - {"using":"xpath","value":"//span[contains(text(), \"catalogItemyba61l\")]"}
RESULT: {"using":"xpath","value":"//span[contains(text(), \"catalogItemyba61l\")]"}
COMMAND: GET /session/5c358710dd67d6f9b9172afd6139f77d/element/f.25FA1F70EC8D54F37F57A975E3D7688B.d.70E6974C1E8B81F9088DEF1473CAEAA0.e.8078/text - {}
RESULT: {}
]]></system-out>
    </testcase>
    <testcase classname="chrome.135_0_7049_42.windows.Manage_requests_-_requests_specifications_US141095" name="Should add the classification to the catalog item" time="35.976">
      <system-out><![CDATA[
RESULT: undefined
COMMAND: POST /session/5c358710dd67d6f9b9172afd6139f77d/element - {"using":"xpath","value":"//*[@id=\"__button25\"]"}
RESULT: {"using":"xpath","value":"//*[@id=\"__button25\"]"}
COMMAND: POST /session/5c358710dd67d6f9b9172afd6139f77d/element/f.25FA1F70EC8D54F37F57A975E3D7688B.d.70E6974C1E8B81F9088DEF1473CAEAA0.e.8079/click - {}
RESULT: {}
COMMAND: GET /session/5c358710dd67d6f9b9172afd6139f77d/screenshot - {}
RESULT: {}
COMMAND: POST /session/5c358710dd67d6f9b9172afd6139f77d/execute/async - {"script":"<script> [1562 bytes]","args":[{"selector":{"id":"application-managecatalogs-display-component---detailCatalog--BASE_UNIT_OF_MEASURE-arrow"},"wdio_ui5_key":"applicationmanagecatalogs-display-component---detailCatalog--BASE_UNIT_OF_MEASURE-arrow"}]}
RESULT: {"script":"<script> [1562 bytes]","args":[{"selector":{"id":"application-managecatalogs-display-component---detailCatalog--BASE_UNIT_OF_MEASURE-arrow"},"wdio_ui5_key":"applicationmanagecatalogs-display-component---detailCatalog--BASE_UNIT_OF_MEASURE-arrow"}]}
RESULT: undefined
COMMAND: POST /session/5c358710dd67d6f9b9172afd6139f77d/element - {"using":"xpath","value":"//*[@id=\"application-managecatalogs-display-component---detailCatalog--BASE_UNIT_OF_MEASURE-arrow\"]"}
RESULT: {"using":"xpath","value":"//*[@id=\"application-managecatalogs-display-component---detailCatalog--BASE_UNIT_OF_MEASURE-arrow\"]"}
COMMAND: POST /session/5c358710dd67d6f9b9172afd6139f77d/element/f.25FA1F70EC8D54F37F57A975E3D7688B.d.70E6974C1E8B81F9088DEF1473CAEAA0.e.8101/click - {}
RESULT: {}
COMMAND: POST /session/5c358710dd67d6f9b9172afd6139f77d/execute/async - {"script":"<script> [1562 bytes]","args":[{"selector":{"controlType":"sap.m.StandardListItem","viewName":"etm.portal.ui.managecatalogs.view.Detail","viewId":"application-managecatalogs-display-component---detailCatalog","properties":{"title":"Piece"},"searchOpenDialogs":true,"interaction":{"idSuffix":"titleText"}},"wdio_ui5_key":"etmportal.ui.managecatalogs.view.Detailsap.m.StandardListItem{\"title\":\"Piece\"}"}]}
COMMAND: GET /session/5c358710dd67d6f9b9172afd6139f77d/screenshot - {}
RESULT: {"script":"<script> [1562 bytes]","args":[{"selector":{"controlType":"sap.m.StandardListItem","viewName":"etm.portal.ui.managecatalogs.view.Detail","viewId":"application-managecatalogs-display-component---detailCatalog","properties":{"title":"Piece"},"searchOpenDialogs":true,"interaction":{"idSuffix":"titleText"}},"wdio_ui5_key":"etmportal.ui.managecatalogs.view.Detailsap.m.StandardListItem{\"title\":\"Piece\"}"}]}
RESULT: undefined
COMMAND: POST /session/5c358710dd67d6f9b9172afd6139f77d/element - {"using":"xpath","value":"//*[@id=\"__item239\"]"}
RESULT: {}
RESULT: {"using":"xpath","value":"//*[@id=\"__item239\"]"}
COMMAND: POST /session/5c358710dd67d6f9b9172afd6139f77d/element/f.25FA1F70EC8D54F37F57A975E3D7688B.d.70E6974C1E8B81F9088DEF1473CAEAA0.e.8103/click - {}
RESULT: {}
COMMAND: POST /session/5c358710dd67d6f9b9172afd6139f77d/execute/async - {"script":"<script> [1562 bytes]","args":[{"selector":{"controlType":"sap.ui.core.Icon","viewName":"etm.portal.ui.managecatalogs.view.Detail","viewId":"application-managecatalogs-display-component---detailCatalog","properties":{"src":{"regex":{"source":"add"}}},"ancestor":{"controlType":"sap.m.Button","viewName":"etm.portal.ui.managecatalogs.view.Detail","viewId":"application-managecatalogs-display-component---detailCatalog","i18NText":{"propertyName":"tooltip","key":"addClass"}}},"wdio_ui5_key":"etmportal.ui.managecatalogs.view.Detailsap.ui.core.Icon{\"src\":{\"regex\":{\"source\":\"add\"}}}{\"controlType\":\"sap.m.Button\",\"viewName\":\"etm.portal.ui.managecatalogs.view.Detail\",\"viewId\":\"application-managecatalogs-display-component---detailCatalog\",\"i18NText\":{\"propertyName\":\"tooltip\",\"key\":\"addClass\"}}"}]}
COMMAND: GET /session/5c358710dd67d6f9b9172afd6139f77d/screenshot - {}
RESULT: {"script":"<script> [1562 bytes]","args":[{"selector":{"controlType":"sap.ui.core.Icon","viewName":"etm.portal.ui.managecatalogs.view.Detail","viewId":"application-managecatalogs-display-component---detailCatalog","properties":{"src":{"regex":{"source":"add"}}},"ancestor":{"controlType":"sap.m.Button","viewName":"etm.portal.ui.managecatalogs.view.Detail","viewId":"application-managecatalogs-display-component---detailCatalog","i18NText":{"propertyName":"tooltip","key":"addClass"}}},"wdio_ui5_key":"etmportal.ui.managecatalogs.view.Detailsap.ui.core.Icon{\"src\":{\"regex\":{\"source\":\"add\"}}}{\"controlType\":\"sap.m.Button\",\"viewName\":\"etm.portal.ui.managecatalogs.view.Detail\",\"viewId\":\"application-managecatalogs-display-component---detailCatalog\",\"i18NText\":{\"propertyName\":\"tooltip\",\"key\":\"addClass\"}}"}]}
RESULT: undefined
COMMAND: POST /session/5c358710dd67d6f9b9172afd6139f77d/element - {"using":"xpath","value":"//*[@id=\"__button31-img\"]"}
RESULT: {}
RESULT: {"using":"xpath","value":"//*[@id=\"__button31-img\"]"}
COMMAND: POST /session/5c358710dd67d6f9b9172afd6139f77d/element/f.25FA1F70EC8D54F37F57A975E3D7688B.d.70E6974C1E8B81F9088DEF1473CAEAA0.e.8104/click - {}
RESULT: {}
COMMAND: POST /session/5c358710dd67d6f9b9172afd6139f77d/element - {"using":"xpath","value":"//input[contains(@id ,\"searchField-I\")]"}
COMMAND: GET /session/5c358710dd67d6f9b9172afd6139f77d/screenshot - {}
RESULT: {"using":"xpath","value":"//input[contains(@id ,\"searchField-I\")]"}
COMMAND: POST /session/5c358710dd67d6f9b9172afd6139f77d/element/f.25FA1F70EC8D54F37F57A975E3D7688B.d.70E6974C1E8B81F9088DEF1473CAEAA0.e.8108/value - {"text":"WebdriverItemClasskrmr3k"}
RESULT: {}
RESULT: {"text":"WebdriverItemClasskrmr3k"}
COMMAND: POST /session/5c358710dd67d6f9b9172afd6139f77d/actions - {"actions":[{"id":"action47","type":"key","parameters":{},"actions":[{"type":"keyDown","value":""},{"type":"pause","duration":10},{"type":"keyUp","value":""}]}]}
COMMAND: GET /session/5c358710dd67d6f9b9172afd6139f77d/screenshot - {}
RESULT: {"actions":[{"id":"action47","type":"key","parameters":{},"actions":[{"type":"keyDown","value":""},{"type":"pause","duration":10},{"type":"keyUp","value":""}]}]}
COMMAND: GET /session/5c358710dd67d6f9b9172afd6139f77d/screenshot - {}
RESULT: {}
RESULT: {}
COMMAND: POST /session/5c358710dd67d6f9b9172afd6139f77d/element - {"using":"xpath","value":"//span[contains(text(), \"WebdriverItemClasskrmr3k\")]"}
RESULT: {"using":"xpath","value":"//span[contains(text(), \"WebdriverItemClasskrmr3k\")]"}
COMMAND: POST /session/5c358710dd67d6f9b9172afd6139f77d/element/f.25FA1F70EC8D54F37F57A975E3D7688B.d.70E6974C1E8B81F9088DEF1473CAEAA0.e.8139/click - {}
RESULT: {}
COMMAND: GET /session/5c358710dd67d6f9b9172afd6139f77d/screenshot - {}
RESULT: {}
COMMAND: POST /session/5c358710dd67d6f9b9172afd6139f77d/execute/async - {"script":"<script> [1562 bytes]","args":[{"selector":{"controlType":"sap.m.Button","viewName":"etm.portal.ui.managecatalogs.view.Detail","viewId":"application-managecatalogs-display-component---detailCatalog","properties":{"text":"Classification"},"interaction":{"idSuffix":"BDI-content"}},"wdio_ui5_key":"etmportal.ui.managecatalogs.view.Detailsap.m.Button{\"text\":\"Classification\"}"}]}
RESULT: {"script":"<script> [1562 bytes]","args":[{"selector":{"controlType":"sap.m.Button","viewName":"etm.portal.ui.managecatalogs.view.Detail","viewId":"application-managecatalogs-display-component---detailCatalog","properties":{"text":"Classification"},"interaction":{"idSuffix":"BDI-content"}},"wdio_ui5_key":"etmportal.ui.managecatalogs.view.Detailsap.m.Button{\"text\":\"Classification\"}"}]}
RESULT: undefined
COMMAND: POST /session/5c358710dd67d6f9b9172afd6139f77d/element - {"using":"xpath","value":"//*[@id=\"application-managecatalogs-display-component---detailCatalog--ObjectPageLayout-anchBar-__section3-anchor\"]"}
RESULT: {"using":"xpath","value":"//*[@id=\"application-managecatalogs-display-component---detailCatalog--ObjectPageLayout-anchBar-__section3-anchor\"]"}
COMMAND: POST /session/5c358710dd67d6f9b9172afd6139f77d/element/f.25FA1F70EC8D54F37F57A975E3D7688B.d.70E6974C1E8B81F9088DEF1473CAEAA0.e.8147/click - {}
RESULT: {}
COMMAND: POST /session/5c358710dd67d6f9b9172afd6139f77d/execute/async - {"script":"<script> [1562 bytes]","args":[{"selector":{"controlType":"sap.ui.core.Icon","viewName":"etm.portal.ui.managecatalogs.view.Detail","viewId":"application-managecatalogs-display-component---detailCatalog","properties":{"src":{"regex":{"source":"slim\\-arrow\\-right"}}},"ancestor":{"controlType":"sap.m.Panel","viewName":"etm.portal.ui.managecatalogs.view.Detail","viewId":"application-managecatalogs-display-component---detailCatalog"}},"wdio_ui5_key":"etmportal.ui.managecatalogs.view.Detailsap.ui.core.Icon{\"src\":{\"regex\":{\"source\":\"slim\\\\-arrow\\\\-right\"}}}{\"controlType\":\"sap.m.Panel\",\"viewName\":\"etm.portal.ui.managecatalogs.view.Detail\",\"viewId\":\"application-managecatalogs-display-component---detailCatalog\"}"}]}
COMMAND: GET /session/5c358710dd67d6f9b9172afd6139f77d/screenshot - {}
RESULT: {"script":"<script> [1562 bytes]","args":[{"selector":{"controlType":"sap.ui.core.Icon","viewName":"etm.portal.ui.managecatalogs.view.Detail","viewId":"application-managecatalogs-display-component---detailCatalog","properties":{"src":{"regex":{"source":"slim\\-arrow\\-right"}}},"ancestor":{"controlType":"sap.m.Panel","viewName":"etm.portal.ui.managecatalogs.view.Detail","viewId":"application-managecatalogs-display-component---detailCatalog"}},"wdio_ui5_key":"etmportal.ui.managecatalogs.view.Detailsap.ui.core.Icon{\"src\":{\"regex\":{\"source\":\"slim\\\\-arrow\\\\-right\"}}}{\"controlType\":\"sap.m.Panel\",\"viewName\":\"etm.portal.ui.managecatalogs.view.Detail\",\"viewId\":\"application-managecatalogs-display-component---detailCatalog\"}"}]}
RESULT: undefined
COMMAND: POST /session/5c358710dd67d6f9b9172afd6139f77d/element - {"using":"xpath","value":"//*[@id=\"__panel0-__layout17-0-expandButton-img\"]"}
RESULT: {}
RESULT: {"using":"xpath","value":"//*[@id=\"__panel0-__layout17-0-expandButton-img\"]"}
COMMAND: POST /session/5c358710dd67d6f9b9172afd6139f77d/element/f.25FA1F70EC8D54F37F57A975E3D7688B.d.70E6974C1E8B81F9088DEF1473CAEAA0.e.8152/click - {}
RESULT: {}
COMMAND: POST /session/5c358710dd67d6f9b9172afd6139f77d/execute/async - {"script":"<script> [1562 bytes]","args":[{"selector":{"controlType":"sap.ui.core.Icon","viewName":"etm.portal.ui.managecatalogs.view.Detail","viewId":"application-managecatalogs-display-component---detailCatalog","properties":{"src":{"regex":{"source":"slim\\-arrow\\-down"}}},"ancestor":{"controlType":"sap.m.ColumnListItem","viewName":"etm.portal.ui.managecatalogs.view.Detail","viewId":"application-managecatalogs-display-component---detailCatalog","bindingPath":{"modelName":"classModel","path":"/data/0/PROPERTIES/0"},"ancestor":{"controlType":"sap.m.Table","viewName":"etm.portal.ui.managecatalogs.view.Detail","viewId":"application-managecatalogs-display-component---detailCatalog","bindingPath":{"path":"/data/0","propertyPath":"PROPERTIES","modelName":"classModel"}}}},"wdio_ui5_key":"etmportal.ui.managecatalogs.view.Detailsap.ui.core.Icon{\"src\":{\"regex\":{\"source\":\"slim\\\\-arrow\\\\-down\"}}}{\"controlType\":\"sap.m.ColumnListItem\",\"viewName\":\"etm.portal.ui.managecatalogs.view.Detail\",\"viewId\":\"application-managecatalogs-display-component---detailCatalog\",\"bindingPath\":{\"modelName\":\"classModel\",\"path\":\"/data/0/PROPERTIES/0\"},\"ancestor\":{\"controlType\":\"sap.m.Table\",\"viewName\":\"etm.portal.ui.managecatalogs.view.Detail\",\"viewId\":\"application-managecatalogs-display-component---detailCatalog\",\"bindingPath\":{\"path\":\"/data/0\",\"propertyPath\":\"PROPERTIES\",\"modelName\":\"classModel\"}}}"}]}
COMMAND: GET /session/5c358710dd67d6f9b9172afd6139f77d/screenshot - {}
RESULT: {"script":"<script> [1562 bytes]","args":[{"selector":{"controlType":"sap.ui.core.Icon","viewName":"etm.portal.ui.managecatalogs.view.Detail","viewId":"application-managecatalogs-display-component---detailCatalog","properties":{"src":{"regex":{"source":"slim\\-arrow\\-down"}}},"ancestor":{"controlType":"sap.m.ColumnListItem","viewName":"etm.portal.ui.managecatalogs.view.Detail","viewId":"application-managecatalogs-display-component---detailCatalog","bindingPath":{"modelName":"classModel","path":"/data/0/PROPERTIES/0"},"ancestor":{"controlType":"sap.m.Table","viewName":"etm.portal.ui.managecatalogs.view.Detail","viewId":"application-managecatalogs-display-component---detailCatalog","bindingPath":{"path":"/data/0","propertyPath":"PROPERTIES","modelName":"classModel"}}}},"wdio_ui5_key":"etmportal.ui.managecatalogs.view.Detailsap.ui.core.Icon{\"src\":{\"regex\":{\"source\":\"slim\\\\-arrow\\\\-down\"}}}{\"controlType\":\"sap.m.ColumnListItem\",\"viewName\":\"etm.portal.ui.managecatalogs.view.Detail\",\"viewId\":\"application-managecatalogs-display-component---detailCatalog\",\"bindingPath\":{\"modelName\":\"classModel\",\"path\":\"/data/0/PROPERTIES/0\"},\"ancestor\":{\"controlType\":\"sap.m.Table\",\"viewName\":\"etm.portal.ui.managecatalogs.view.Detail\",\"viewId\":\"application-managecatalogs-display-component---detailCatalog\",\"bindingPath\":{\"path\":\"/data/0\",\"propertyPath\":\"PROPERTIES\",\"modelName\":\"classModel\"}}}"}]}
RESULT: undefined
COMMAND: POST /session/5c358710dd67d6f9b9172afd6139f77d/element - {"using":"xpath","value":"//*[@id=\"__box31-arrow\"]"}
RESULT: {}
RESULT: {"using":"xpath","value":"//*[@id=\"__box31-arrow\"]"}
COMMAND: POST /session/5c358710dd67d6f9b9172afd6139f77d/element/f.25FA1F70EC8D54F37F57A975E3D7688B.d.70E6974C1E8B81F9088DEF1473CAEAA0.e.8166/click - {}
RESULT: {}
COMMAND: POST /session/5c358710dd67d6f9b9172afd6139f77d/execute/async - {"script":"<script> [1562 bytes]","args":[{"selector":{"controlType":"sap.m.StandardListItem","viewName":"etm.portal.ui.managecatalogs.view.Detail","viewId":"application-managecatalogs-display-component---detailCatalog","properties":{"title":"red"},"searchOpenDialogs":true,"interaction":{"idSuffix":"content"}},"wdio_ui5_key":"etmportal.ui.managecatalogs.view.Detailsap.m.StandardListItem{\"title\":\"red\"}"}]}
COMMAND: GET /session/5c358710dd67d6f9b9172afd6139f77d/screenshot - {}
RESULT: {"script":"<script> [1562 bytes]","args":[{"selector":{"controlType":"sap.m.StandardListItem","viewName":"etm.portal.ui.managecatalogs.view.Detail","viewId":"application-managecatalogs-display-component---detailCatalog","properties":{"title":"red"},"searchOpenDialogs":true,"interaction":{"idSuffix":"content"}},"wdio_ui5_key":"etmportal.ui.managecatalogs.view.Detailsap.m.StandardListItem{\"title\":\"red\"}"}]}
RESULT: undefined
COMMAND: POST /session/5c358710dd67d6f9b9172afd6139f77d/element - {"using":"xpath","value":"//*[@id=\"__item247\"]"}
RESULT: {}
RESULT: {"using":"xpath","value":"//*[@id=\"__item247\"]"}
COMMAND: POST /session/5c358710dd67d6f9b9172afd6139f77d/element/f.25FA1F70EC8D54F37F57A975E3D7688B.d.70E6974C1E8B81F9088DEF1473CAEAA0.e.8169/click - {}
RESULT: {}
COMMAND: GET /session/5c358710dd67d6f9b9172afd6139f77d/screenshot - {}
RESULT: {}
COMMAND: POST /session/5c358710dd67d6f9b9172afd6139f77d/execute/async - {"script":"<script> [1562 bytes]","args":[{"selector":{"controlType":"sap.m.Button","viewName":"etm.portal.ui.managecatalogs.view.Detail","viewId":"application-managecatalogs-display-component---detailCatalog","i18NText":{"propertyName":"text","key":"save"},"interaction":{"idSuffix":"BDI-content"}},"wdio_ui5_key":"etmportal.ui.managecatalogs.view.Detailsap.m.Button{\"propertyName\":\"text\",\"key\":\"save\"}"}]}
RESULT: {"script":"<script> [1562 bytes]","args":[{"selector":{"controlType":"sap.m.Button","viewName":"etm.portal.ui.managecatalogs.view.Detail","viewId":"application-managecatalogs-display-component---detailCatalog","i18NText":{"propertyName":"text","key":"save"},"interaction":{"idSuffix":"BDI-content"}},"wdio_ui5_key":"etmportal.ui.managecatalogs.view.Detailsap.m.Button{\"propertyName\":\"text\",\"key\":\"save\"}"}]}
RESULT: undefined
COMMAND: POST /session/5c358710dd67d6f9b9172afd6139f77d/element - {"using":"xpath","value":"//*[@id=\"__button43\"]"}
RESULT: {"using":"xpath","value":"//*[@id=\"__button43\"]"}
COMMAND: POST /session/5c358710dd67d6f9b9172afd6139f77d/element/f.25FA1F70EC8D54F37F57A975E3D7688B.d.70E6974C1E8B81F9088DEF1473CAEAA0.e.8083/click - {}
RESULT: {}
COMMAND: GET /session/5c358710dd67d6f9b9172afd6139f77d/screenshot - {}
RESULT: {}
COMMAND: POST /session/5c358710dd67d6f9b9172afd6139f77d/element - {"using":"css selector","value":"#shell-header-logo"}
RESULT: {"using":"css selector","value":"#shell-header-logo"}
COMMAND: POST /session/5c358710dd67d6f9b9172afd6139f77d/element/f.25FA1F70EC8D54F37F57A975E3D7688B.d.70E6974C1E8B81F9088DEF1473CAEAA0.e.7897/click - {}
RESULT: {}
COMMAND: GET /session/5c358710dd67d6f9b9172afd6139f77d/screenshot - {}
RESULT: {}
]]></system-out>
    </testcase>
    <testcase classname="chrome.135_0_7049_42.windows.Manage_requests_-_requests_specifications_US141095" name="Should create a new request and add the catalog item with the specifications" time="129.507">
      <system-out><![CDATA[
COMMAND: POST /session/5c358710dd67d6f9b9172afd6139f77d/element - {"using":"xpath","value":"//*[contains(@href, 'etm.portal.ui.managerequests')]"}
RESULT: {"using":"xpath","value":"//*[contains(@href, 'etm.portal.ui.managerequests')]"}
COMMAND: POST /session/5c358710dd67d6f9b9172afd6139f77d/element/f.25FA1F70EC8D54F37F57A975E3D7688B.d.70E6974C1E8B81F9088DEF1473CAEAA0.e.8197/click - {}
RESULT: {}
COMMAND: GET /session/5c358710dd67d6f9b9172afd6139f77d/screenshot - {}
RESULT: {}
COMMAND: POST /session/5c358710dd67d6f9b9172afd6139f77d/execute/async - {"script":"<script> [1562 bytes]","args":[{"selector":{"controlType":"sap.ui.core.Icon","viewName":"etm.portal.ui.managerequests.view.Master","properties":{"src":{"regex":{"source":"add"}}}},"wdio_ui5_key":"etmportal.ui.managerequests.view.Mastersap.ui.core.Icon{\"src\":{\"regex\":{\"source\":\"add\"}}}"}]}
RESULT: {"script":"<script> [1562 bytes]","args":[{"selector":{"controlType":"sap.ui.core.Icon","viewName":"etm.portal.ui.managerequests.view.Master","properties":{"src":{"regex":{"source":"add"}}}},"wdio_ui5_key":"etmportal.ui.managerequests.view.Mastersap.ui.core.Icon{\"src\":{\"regex\":{\"source\":\"add\"}}}"}]}
RESULT: undefined
COMMAND: POST /session/5c358710dd67d6f9b9172afd6139f77d/element - {"using":"xpath","value":"//*[@id=\"__xmlview58--btnCreateNew-img\"]"}
RESULT: {"using":"xpath","value":"//*[@id=\"__xmlview58--btnCreateNew-img\"]"}
COMMAND: POST /session/5c358710dd67d6f9b9172afd6139f77d/element/f.25FA1F70EC8D54F37F57A975E3D7688B.d.70E6974C1E8B81F9088DEF1473CAEAA0.e.8262/click - {}
RESULT: {}
COMMAND: GET /session/5c358710dd67d6f9b9172afd6139f77d/screenshot - {}
RESULT: {}
COMMAND: POST /session/5c358710dd67d6f9b9172afd6139f77d/element - {"using":"xpath","value":"//input[contains(@id ,\"yardId-inner\")]"}
RESULT: {"using":"xpath","value":"//input[contains(@id ,\"yardId-inner\")]"}
COMMAND: POST /session/5c358710dd67d6f9b9172afd6139f77d/execute/sync - {"script":"<script> [8489 bytes]","args":[{"element-6066-11e4-a52e-4f735466cecf":"f.25FA1F70EC8D54F37F57A975E3D7688B.d.70E6974C1E8B81F9088DEF1473CAEAA0.e.8516","ELEMENT":"f.25FA1F70EC8D54F37F57A975E3D7688B.d.70E6974C1E8B81F9088DEF1473CAEAA0.e.8516"}]}
RESULT: {"script":"<script> [8489 bytes]","args":[{"element-6066-11e4-a52e-4f735466cecf":"f.25FA1F70EC8D54F37F57A975E3D7688B.d.70E6974C1E8B81F9088DEF1473CAEAA0.e.8516","ELEMENT":"f.25FA1F70EC8D54F37F57A975E3D7688B.d.70E6974C1E8B81F9088DEF1473CAEAA0.e.8516"}]}
COMMAND: GET /session/5c358710dd67d6f9b9172afd6139f77d/screenshot - {}
RESULT: {}
COMMAND: POST /session/5c358710dd67d6f9b9172afd6139f77d/element - {"using":"xpath","value":"//input[contains(@id ,\"yardId-inner\")]"}
RESULT: {"using":"xpath","value":"//input[contains(@id ,\"yardId-inner\")]"}
COMMAND: POST /session/5c358710dd67d6f9b9172afd6139f77d/element/f.25FA1F70EC8D54F37F57A975E3D7688B.d.70E6974C1E8B81F9088DEF1473CAEAA0.e.8516/value - {"text":"WebdriverYardcqwm7"}
RESULT: {"text":"WebdriverYardcqwm7"}
COMMAND: GET /session/5c358710dd67d6f9b9172afd6139f77d/screenshot - {}
RESULT: {}
COMMAND: POST /session/5c358710dd67d6f9b9172afd6139f77d/actions - {"actions":[{"id":"action48","type":"key","parameters":{},"actions":[{"type":"keyDown","value":""},{"type":"pause","duration":10},{"type":"keyUp","value":""}]}]}
RESULT: {"actions":[{"id":"action48","type":"key","parameters":{},"actions":[{"type":"keyDown","value":""},{"type":"pause","duration":10},{"type":"keyUp","value":""}]}]}
COMMAND: GET /session/5c358710dd67d6f9b9172afd6139f77d/screenshot - {}
RESULT: {}
COMMAND: POST /session/5c358710dd67d6f9b9172afd6139f77d/element - {"using":"xpath","value":"//input[contains(@id ,\"customerNumber-inner\")]"}
RESULT: {"using":"xpath","value":"//input[contains(@id ,\"customerNumber-inner\")]"}
COMMAND: POST /session/5c358710dd67d6f9b9172afd6139f77d/element/f.25FA1F70EC8D54F37F57A975E3D7688B.d.70E6974C1E8B81F9088DEF1473CAEAA0.e.8510/value - {"text":"WebdriverPartnersgf22"}
RESULT: {"text":"WebdriverPartnersgf22"}
COMMAND: GET /session/5c358710dd67d6f9b9172afd6139f77d/screenshot - {}
RESULT: {}
COMMAND: POST /session/5c358710dd67d6f9b9172afd6139f77d/actions - {"actions":[{"id":"action49","type":"key","parameters":{},"actions":[{"type":"keyDown","value":""},{"type":"pause","duration":10},{"type":"keyUp","value":""}]}]}
RESULT: {"actions":[{"id":"action49","type":"key","parameters":{},"actions":[{"type":"keyDown","value":""},{"type":"pause","duration":10},{"type":"keyUp","value":""}]}]}
COMMAND: GET /session/5c358710dd67d6f9b9172afd6139f77d/screenshot - {}
RESULT: {}
COMMAND: POST /session/5c358710dd67d6f9b9172afd6139f77d/element - {"using":"xpath","value":"//input[contains(@id ,\"requestSiteId-inner\")]"}
RESULT: {"using":"xpath","value":"//input[contains(@id ,\"requestSiteId-inner\")]"}
COMMAND: POST /session/5c358710dd67d6f9b9172afd6139f77d/element/f.25FA1F70EC8D54F37F57A975E3D7688B.d.70E6974C1E8B81F9088DEF1473CAEAA0.e.8509/value - {"text":"WebdriverSitexeqhe"}
RESULT: {"text":"WebdriverSitexeqhe"}
COMMAND: GET /session/5c358710dd67d6f9b9172afd6139f77d/screenshot - {}
RESULT: {}
COMMAND: POST /session/5c358710dd67d6f9b9172afd6139f77d/actions - {"actions":[{"id":"action50","type":"key","parameters":{},"actions":[{"type":"keyDown","value":""},{"type":"pause","duration":10},{"type":"keyUp","value":""}]}]}
RESULT: {"actions":[{"id":"action50","type":"key","parameters":{},"actions":[{"type":"keyDown","value":""},{"type":"pause","duration":10},{"type":"keyUp","value":""}]}]}
COMMAND: POST /session/5c358710dd67d6f9b9172afd6139f77d/execute/async - {"script":"<script> [1562 bytes]","args":[{"selector":{"controlType":"sap.ui.core.Icon","viewName":"etm.portal.ui.managerequests.view.NewRequest","properties":{"src":{"regex":{"source":"add"}}}},"wdio_ui5_key":"etmportal.ui.managerequests.view.NewRequestsap.ui.core.Icon{\"src\":{\"regex\":{\"source\":\"add\"}}}"}]}
COMMAND: GET /session/5c358710dd67d6f9b9172afd6139f77d/screenshot - {}
RESULT: {"script":"<script> [1562 bytes]","args":[{"selector":{"controlType":"sap.ui.core.Icon","viewName":"etm.portal.ui.managerequests.view.NewRequest","properties":{"src":{"regex":{"source":"add"}}}},"wdio_ui5_key":"etmportal.ui.managerequests.view.NewRequestsap.ui.core.Icon{\"src\":{\"regex\":{\"source\":\"add\"}}}"}]}
RESULT: undefined
COMMAND: POST /session/5c358710dd67d6f9b9172afd6139f77d/element - {"using":"xpath","value":"//*[@id=\"__xmlview59--btnAddTableRow-img\"]"}
RESULT: {}
RESULT: {"using":"xpath","value":"//*[@id=\"__xmlview59--btnAddTableRow-img\"]"}
COMMAND: POST /session/5c358710dd67d6f9b9172afd6139f77d/element/f.25FA1F70EC8D54F37F57A975E3D7688B.d.70E6974C1E8B81F9088DEF1473CAEAA0.e.8490/click - {}
RESULT: {}
COMMAND: GET /session/5c358710dd67d6f9b9172afd6139f77d/screenshot - {}
RESULT: {}
COMMAND: POST /session/5c358710dd67d6f9b9172afd6139f77d/actions - {"actions":[{"id":"action51","type":"key","parameters":{},"actions":[{"type":"keyDown","value":""},{"type":"pause","duration":10},{"type":"keyUp","value":""}]}]}
RESULT: {"actions":[{"id":"action51","type":"key","parameters":{},"actions":[{"type":"keyDown","value":""},{"type":"pause","duration":10},{"type":"keyUp","value":""}]}]}
COMMAND: POST /session/5c358710dd67d6f9b9172afd6139f77d/actions - {"actions":[{"id":"action52","type":"key","parameters":{},"actions":[{"type":"keyDown","value":""},{"type":"pause","duration":10},{"type":"keyUp","value":""}]}]}
COMMAND: GET /session/5c358710dd67d6f9b9172afd6139f77d/screenshot - {}
RESULT: {"actions":[{"id":"action52","type":"key","parameters":{},"actions":[{"type":"keyDown","value":""},{"type":"pause","duration":10},{"type":"keyUp","value":""}]}]}
COMMAND: POST /session/5c358710dd67d6f9b9172afd6139f77d/element - {"using":"xpath","value":"(//input[contains(@id ,\"requestItemsTable-0-inner\")])[1]"}
COMMAND: GET /session/5c358710dd67d6f9b9172afd6139f77d/screenshot - {}
RESULT: {}
RESULT: {"using":"xpath","value":"(//input[contains(@id ,\"requestItemsTable-0-inner\")])[1]"}
COMMAND: POST /session/5c358710dd67d6f9b9172afd6139f77d/element/f.25FA1F70EC8D54F37F57A975E3D7688B.d.70E6974C1E8B81F9088DEF1473CAEAA0.e.8655/clear - {}
RESULT: {}
RESULT: {}
COMMAND: POST /session/5c358710dd67d6f9b9172afd6139f77d/element/f.25FA1F70EC8D54F37F57A975E3D7688B.d.70E6974C1E8B81F9088DEF1473CAEAA0.e.8655/value - {"text":"catalogItemNamep1dgl"}
COMMAND: GET /session/5c358710dd67d6f9b9172afd6139f77d/screenshot - {}
RESULT: {"text":"catalogItemNamep1dgl"}
COMMAND: GET /session/5c358710dd67d6f9b9172afd6139f77d/screenshot - {}
RESULT: {}
RESULT: {}
COMMAND: POST /session/5c358710dd67d6f9b9172afd6139f77d/actions - {"actions":[{"id":"action53","type":"key","parameters":{},"actions":[{"type":"keyDown","value":""},{"type":"pause","duration":10},{"type":"keyUp","value":""}]}]}
RESULT: {"actions":[{"id":"action53","type":"key","parameters":{},"actions":[{"type":"keyDown","value":""},{"type":"pause","duration":10},{"type":"keyUp","value":""}]}]}
COMMAND: GET /session/5c358710dd67d6f9b9172afd6139f77d/screenshot - {}
RESULT: {}
COMMAND: POST /session/5c358710dd67d6f9b9172afd6139f77d/execute/async - {"script":"<script> [1562 bytes]","args":[{"selector":{"controlType":"sap.m.Button","viewName":"etm.portal.ui.managerequests.view.NewRequest","i18NText":{"propertyName":"text","key":"requestSpecifications"},"interaction":{"idSuffix":"BDI-content"}},"wdio_ui5_key":"etmportal.ui.managerequests.view.NewRequestsap.m.Button{\"propertyName\":\"text\",\"key\":\"requestSpecifications\"}"}]}
RESULT: {"script":"<script> [1562 bytes]","args":[{"selector":{"controlType":"sap.m.Button","viewName":"etm.portal.ui.managerequests.view.NewRequest","i18NText":{"propertyName":"text","key":"requestSpecifications"},"interaction":{"idSuffix":"BDI-content"}},"wdio_ui5_key":"etmportal.ui.managerequests.view.NewRequestsap.m.Button{\"propertyName\":\"text\",\"key\":\"requestSpecifications\"}"}]}
RESULT: undefined
COMMAND: POST /session/5c358710dd67d6f9b9172afd6139f77d/element - {"using":"xpath","value":"//*[@id=\"__button78-__xmlview59--requestItemsTable-0\"]"}
RESULT: {"using":"xpath","value":"//*[@id=\"__button78-__xmlview59--requestItemsTable-0\"]"}
COMMAND: POST /session/5c358710dd67d6f9b9172afd6139f77d/element/f.25FA1F70EC8D54F37F57A975E3D7688B.d.70E6974C1E8B81F9088DEF1473CAEAA0.e.8669/click - {}
RESULT: {}
COMMAND: GET /session/5c358710dd67d6f9b9172afd6139f77d/screenshot - {}
RESULT: {}
COMMAND: POST /session/5c358710dd67d6f9b9172afd6139f77d/element - {"using":"xpath","value":"//input[@value=\"red\"]"}
RESULT: {"using":"xpath","value":"//input[@value=\"red\"]"}
COMMAND: POST /session/5c358710dd67d6f9b9172afd6139f77d/elements - {"using":"xpath","value":"//input[@value=\"red\"]"}
RESULT: {"using":"xpath","value":"//input[@value=\"red\"]"}
COMMAND: POST /session/5c358710dd67d6f9b9172afd6139f77d/execute/async - {"script":"<script> [1562 bytes]","args":[{"selector":{"controlType":"sap.m.Text","viewName":"etm.portal.ui.managerequests.view.NewRequest","bindingPath":{"path":"/currentEntries/0/PROPERTIES/0","propertyPath":"DESCRIPTION","modelName":"techSpecsClassificationModel"},"searchOpenDialogs":true},"wdio_ui5_key":"etmportal.ui.managerequests.view.NewRequestsap.m.Text{\"path\":\"/currentEntries/0/PROPERTIES/0\",\"propertyPath\":\"DESCRIPTION\",\"modelName\":\"techSpecsClassificationModel\"}"}]}
RESULT: {"script":"<script> [1562 bytes]","args":[{"selector":{"controlType":"sap.m.Text","viewName":"etm.portal.ui.managerequests.view.NewRequest","bindingPath":{"path":"/currentEntries/0/PROPERTIES/0","propertyPath":"DESCRIPTION","modelName":"techSpecsClassificationModel"},"searchOpenDialogs":true},"wdio_ui5_key":"etmportal.ui.managerequests.view.NewRequestsap.m.Text{\"path\":\"/currentEntries/0/PROPERTIES/0\",\"propertyPath\":\"DESCRIPTION\",\"modelName\":\"techSpecsClassificationModel\"}"}]}
RESULT: undefined
COMMAND: POST /session/5c358710dd67d6f9b9172afd6139f77d/execute/async - {"script":"<script> [6424 bytes]","args":[{"element-6066-11e4-a52e-4f735466cecf":"f.25FA1F70EC8D54F37F57A975E3D7688B.d.70E6974C1E8B81F9088DEF1473CAEAA0.e.8677"},"getText",[]]}
RESULT: {"script":"<script> [6424 bytes]","args":[{"element-6066-11e4-a52e-4f735466cecf":"f.25FA1F70EC8D54F37F57A975E3D7688B.d.70E6974C1E8B81F9088DEF1473CAEAA0.e.8677"},"getText",[]]}
COMMAND: POST /session/5c358710dd67d6f9b9172afd6139f77d/execute/async - {"script":"<script> [1562 bytes]","args":[{"selector":{"controlType":"sap.ui.core.Icon","viewName":"etm.portal.ui.managerequests.view.NewRequest","properties":{"src":{"regex":{"source":"slim\\-arrow\\-down"}}},"searchOpenDialogs":true},"wdio_ui5_key":"etmportal.ui.managerequests.view.NewRequestsap.ui.core.Icon{\"src\":{\"regex\":{\"source\":\"slim\\\\-arrow\\\\-down\"}}}"}]}
RESULT: {"script":"<script> [1562 bytes]","args":[{"selector":{"controlType":"sap.ui.core.Icon","viewName":"etm.portal.ui.managerequests.view.NewRequest","properties":{"src":{"regex":{"source":"slim\\-arrow\\-down"}}},"searchOpenDialogs":true},"wdio_ui5_key":"etmportal.ui.managerequests.view.NewRequestsap.ui.core.Icon{\"src\":{\"regex\":{\"source\":\"slim\\\\-arrow\\\\-down\"}}}"}]}
RESULT: undefined
COMMAND: POST /session/5c358710dd67d6f9b9172afd6139f77d/element - {"using":"xpath","value":"//*[@id=\"__box58-arrow\"]"}
RESULT: {"using":"xpath","value":"//*[@id=\"__box58-arrow\"]"}
COMMAND: POST /session/5c358710dd67d6f9b9172afd6139f77d/element/f.25FA1F70EC8D54F37F57A975E3D7688B.d.70E6974C1E8B81F9088DEF1473CAEAA0.e.8678/click - {}
RESULT: {}
COMMAND: POST /session/5c358710dd67d6f9b9172afd6139f77d/execute/async - {"script":"<script> [1562 bytes]","args":[{"selector":{"controlType":"sap.m.StandardListItem","viewName":"etm.portal.ui.managerequests.view.NewRequest","properties":{"title":"blue"},"searchOpenDialogs":true,"interaction":{"idSuffix":"content"}},"wdio_ui5_key":"etmportal.ui.managerequests.view.NewRequestsap.m.StandardListItem{\"title\":\"blue\"}"}]}
COMMAND: GET /session/5c358710dd67d6f9b9172afd6139f77d/screenshot - {}
RESULT: {"script":"<script> [1562 bytes]","args":[{"selector":{"controlType":"sap.m.StandardListItem","viewName":"etm.portal.ui.managerequests.view.NewRequest","properties":{"title":"blue"},"searchOpenDialogs":true,"interaction":{"idSuffix":"content"}},"wdio_ui5_key":"etmportal.ui.managerequests.view.NewRequestsap.m.StandardListItem{\"title\":\"blue\"}"}]}
RESULT: undefined
COMMAND: POST /session/5c358710dd67d6f9b9172afd6139f77d/element - {"using":"xpath","value":"//*[@id=\"__item700\"]"}
RESULT: {}
RESULT: {"using":"xpath","value":"//*[@id=\"__item700\"]"}
COMMAND: POST /session/5c358710dd67d6f9b9172afd6139f77d/element/f.25FA1F70EC8D54F37F57A975E3D7688B.d.70E6974C1E8B81F9088DEF1473CAEAA0.e.8681/click - {}
RESULT: {}
COMMAND: GET /session/5c358710dd67d6f9b9172afd6139f77d/screenshot - {}
RESULT: {}
COMMAND: POST /session/5c358710dd67d6f9b9172afd6139f77d/execute/async - {"script":"<script> [1562 bytes]","args":[{"selector":{"id":"saveButton","viewName":"etm.portal.ui.managerequests.view.NewRequest","searchOpenDialogs":true,"interaction":{"idSuffix":"BDI-content"}},"wdio_ui5_key":"saveButtonetmportal.ui.managerequests.view.NewRequest"}]}
RESULT: {"script":"<script> [1562 bytes]","args":[{"selector":{"id":"saveButton","viewName":"etm.portal.ui.managerequests.view.NewRequest","searchOpenDialogs":true,"interaction":{"idSuffix":"BDI-content"}},"wdio_ui5_key":"saveButtonetmportal.ui.managerequests.view.NewRequest"}]}
RESULT: undefined
COMMAND: POST /session/5c358710dd67d6f9b9172afd6139f77d/element - {"using":"xpath","value":"//*[@id=\"__xmlview59--saveButton\"]"}
RESULT: {"using":"xpath","value":"//*[@id=\"__xmlview59--saveButton\"]"}
COMMAND: POST /session/5c358710dd67d6f9b9172afd6139f77d/element/f.25FA1F70EC8D54F37F57A975E3D7688B.d.70E6974C1E8B81F9088DEF1473CAEAA0.e.8675/click - {}
RESULT: {}
COMMAND: POST /session/5c358710dd67d6f9b9172afd6139f77d/execute/async - {"script":"<script> [1562 bytes]","args":[{"selector":{"controlType":"sap.ui.core.Icon","viewName":"etm.portal.ui.managerequests.view.NewRequest","properties":{"src":{"regex":{"source":"slim\\-arrow\\-down"}}},"ancestor":{"controlType":"sap.m.Button","viewName":"etm.portal.ui.managerequests.view.NewRequest","properties":{"icon":"sap-icon://slim-arrow-down"}}},"wdio_ui5_key":"etmportal.ui.managerequests.view.NewRequestsap.ui.core.Icon{\"src\":{\"regex\":{\"source\":\"slim\\\\-arrow\\\\-down\"}}}{\"controlType\":\"sap.m.Button\",\"viewName\":\"etm.portal.ui.managerequests.view.NewRequest\",\"properties\":{\"icon\":\"sap-icon://slim-arrow-down\"}}"}]}
COMMAND: GET /session/5c358710dd67d6f9b9172afd6139f77d/screenshot - {}
RESULT: {"script":"<script> [1562 bytes]","args":[{"selector":{"controlType":"sap.ui.core.Icon","viewName":"etm.portal.ui.managerequests.view.NewRequest","properties":{"src":{"regex":{"source":"slim\\-arrow\\-down"}}},"ancestor":{"controlType":"sap.m.Button","viewName":"etm.portal.ui.managerequests.view.NewRequest","properties":{"icon":"sap-icon://slim-arrow-down"}}},"wdio_ui5_key":"etmportal.ui.managerequests.view.NewRequestsap.ui.core.Icon{\"src\":{\"regex\":{\"source\":\"slim\\\\-arrow\\\\-down\"}}}{\"controlType\":\"sap.m.Button\",\"viewName\":\"etm.portal.ui.managerequests.view.NewRequest\",\"properties\":{\"icon\":\"sap-icon://slim-arrow-down\"}}"}]}
RESULT: undefined
RESULT: {}
COMMAND: POST /session/5c358710dd67d6f9b9172afd6139f77d/element - {"using":"xpath","value":"//div[contains(@data-kt ,\"splitAllocationObjectStatus\")]"}
RESULT: {"using":"xpath","value":"//div[contains(@data-kt ,\"splitAllocationObjectStatus\")]"}
COMMAND: POST /session/5c358710dd67d6f9b9172afd6139f77d/elements - {"using":"xpath","value":"//div[contains(@data-kt ,\"splitAllocationObjectStatus\")]"}
RESULT: {"using":"xpath","value":"//div[contains(@data-kt ,\"splitAllocationObjectStatus\")]"}
COMMAND: POST /session/5c358710dd67d6f9b9172afd6139f77d/execute/async - {"script":"<script> [1562 bytes]","args":[{"selector":{"controlType":"sap.ui.core.Icon","viewName":"etm.portal.ui.managerequests.view.NewRequest","properties":{"src":{"regex":{"source":"message\\-error"}}}},"wdio_ui5_key":"etmportal.ui.managerequests.view.NewRequestsap.ui.core.Icon{\"src\":{\"regex\":{\"source\":\"message\\\\-error\"}}}"}]}
RESULT: {"script":"<script> [1562 bytes]","args":[{"selector":{"controlType":"sap.ui.core.Icon","viewName":"etm.portal.ui.managerequests.view.NewRequest","properties":{"src":{"regex":{"source":"message\\-error"}}}},"wdio_ui5_key":"etmportal.ui.managerequests.view.NewRequestsap.ui.core.Icon{\"src\":{\"regex\":{\"source\":\"message\\\\-error\"}}}"}]}
RESULT: undefined
COMMAND: POST /session/5c358710dd67d6f9b9172afd6139f77d/element - {"using":"xpath","value":"//*[@id=\"__status4-__xmlview59--requestItemsTable-0-icon\"]"}
RESULT: {"using":"xpath","value":"//*[@id=\"__status4-__xmlview59--requestItemsTable-0-icon\"]"}
COMMAND: POST /session/5c358710dd67d6f9b9172afd6139f77d/element/f.25FA1F70EC8D54F37F57A975E3D7688B.d.70E6974C1E8B81F9088DEF1473CAEAA0.e.8684/click - {}
RESULT: {}
COMMAND: POST /session/5c358710dd67d6f9b9172afd6139f77d/execute/async - {"script":"<script> [1562 bytes]","args":[{"selector":{"controlType":"sap.ui.core.Icon","viewName":"etm.portal.ui.managerequests.view.NewRequest","properties":{"src":{"regex":{"source":"slim\\-arrow\\-down"}}},"searchOpenDialogs":true,"ancestor":{"id":"costObjectAdminTypeComboBox","viewName":"etm.portal.ui.managerequests.view.NewRequest","searchOpenDialogs":true}},"wdio_ui5_key":"etmportal.ui.managerequests.view.NewRequestsap.ui.core.Icon{\"src\":{\"regex\":{\"source\":\"slim\\\\-arrow\\\\-down\"}}}{\"id\":\"costObjectAdminTypeComboBox\",\"viewName\":\"etm.portal.ui.managerequests.view.NewRequest\",\"searchOpenDialogs\":true}"}]}
COMMAND: GET /session/5c358710dd67d6f9b9172afd6139f77d/screenshot - {}
RESULT: {"script":"<script> [1562 bytes]","args":[{"selector":{"controlType":"sap.ui.core.Icon","viewName":"etm.portal.ui.managerequests.view.NewRequest","properties":{"src":{"regex":{"source":"slim\\-arrow\\-down"}}},"searchOpenDialogs":true,"ancestor":{"id":"costObjectAdminTypeComboBox","viewName":"etm.portal.ui.managerequests.view.NewRequest","searchOpenDialogs":true}},"wdio_ui5_key":"etmportal.ui.managerequests.view.NewRequestsap.ui.core.Icon{\"src\":{\"regex\":{\"source\":\"slim\\\\-arrow\\\\-down\"}}}{\"id\":\"costObjectAdminTypeComboBox\",\"viewName\":\"etm.portal.ui.managerequests.view.NewRequest\",\"searchOpenDialogs\":true}"}]}
RESULT: undefined
COMMAND: POST /session/5c358710dd67d6f9b9172afd6139f77d/element - {"using":"xpath","value":"//*[@id=\"__xmlview59--costObjectAdminTypeComboBox-arrow\"]"}
RESULT: {}
RESULT: {"using":"xpath","value":"//*[@id=\"__xmlview59--costObjectAdminTypeComboBox-arrow\"]"}
COMMAND: POST /session/5c358710dd67d6f9b9172afd6139f77d/element/f.25FA1F70EC8D54F37F57A975E3D7688B.d.70E6974C1E8B81F9088DEF1473CAEAA0.e.8688/click - {}
RESULT: {}
COMMAND: POST /session/5c358710dd67d6f9b9172afd6139f77d/execute/async - {"script":"<script> [1562 bytes]","args":[{"selector":{"controlType":"sap.m.StandardListItem","viewName":"etm.portal.ui.managerequests.view.NewRequest","properties":{"title":"Cost Center"},"searchOpenDialogs":true,"interaction":{"idSuffix":"titleText"}},"wdio_ui5_key":"etmportal.ui.managerequests.view.NewRequestsap.m.StandardListItem{\"title\":\"Cost Center\"}"}]}
COMMAND: GET /session/5c358710dd67d6f9b9172afd6139f77d/screenshot - {}
RESULT: {"script":"<script> [1562 bytes]","args":[{"selector":{"controlType":"sap.m.StandardListItem","viewName":"etm.portal.ui.managerequests.view.NewRequest","properties":{"title":"Cost Center"},"searchOpenDialogs":true,"interaction":{"idSuffix":"titleText"}},"wdio_ui5_key":"etmportal.ui.managerequests.view.NewRequestsap.m.StandardListItem{\"title\":\"Cost Center\"}"}]}
RESULT: undefined
COMMAND: POST /session/5c358710dd67d6f9b9172afd6139f77d/element - {"using":"xpath","value":"//*[@id=\"__item703\"]"}
RESULT: {}
RESULT: {"using":"xpath","value":"//*[@id=\"__item703\"]"}
COMMAND: POST /session/5c358710dd67d6f9b9172afd6139f77d/element/f.25FA1F70EC8D54F37F57A975E3D7688B.d.70E6974C1E8B81F9088DEF1473CAEAA0.e.8691/click - {}
RESULT: {}
COMMAND: POST /session/5c358710dd67d6f9b9172afd6139f77d/execute/async - {"script":"<script> [1562 bytes]","args":[{"selector":{"controlType":"sap.ui.core.Icon","viewName":"etm.portal.ui.managerequests.view.NewRequest","properties":{"src":{"regex":{"source":"value\\-help"}}},"searchOpenDialogs":true},"wdio_ui5_key":"etmportal.ui.managerequests.view.NewRequestsap.ui.core.Icon{\"src\":{\"regex\":{\"source\":\"value\\\\-help\"}}}"}]}
COMMAND: GET /session/5c358710dd67d6f9b9172afd6139f77d/screenshot - {}
RESULT: {"script":"<script> [1562 bytes]","args":[{"selector":{"controlType":"sap.ui.core.Icon","viewName":"etm.portal.ui.managerequests.view.NewRequest","properties":{"src":{"regex":{"source":"value\\-help"}}},"searchOpenDialogs":true},"wdio_ui5_key":"etmportal.ui.managerequests.view.NewRequestsap.ui.core.Icon{\"src\":{\"regex\":{\"source\":\"value\\\\-help\"}}}"}]}
RESULT: undefined
COMMAND: POST /session/5c358710dd67d6f9b9172afd6139f77d/element - {"using":"xpath","value":"//*[@id=\"__xmlview59--costObjectIdComboBox-vhi\"]"}
RESULT: {}
RESULT: {"using":"xpath","value":"//*[@id=\"__xmlview59--costObjectIdComboBox-vhi\"]"}
COMMAND: POST /session/5c358710dd67d6f9b9172afd6139f77d/element/f.25FA1F70EC8D54F37F57A975E3D7688B.d.70E6974C1E8B81F9088DEF1473CAEAA0.e.8695/click - {}
RESULT: {}
COMMAND: POST /session/5c358710dd67d6f9b9172afd6139f77d/execute/async - {"script":"<script> [1562 bytes]","args":[{"selector":{"controlType":"sap.m.SearchField","properties":{"placeholder":"Search"},"searchOpenDialogs":true,"interaction":{"idSuffix":"I"}},"wdio_ui5_key":"sapm.SearchField{\"placeholder\":\"Search\"}"}]}
COMMAND: GET /session/5c358710dd67d6f9b9172afd6139f77d/screenshot - {}
RESULT: {"script":"<script> [1562 bytes]","args":[{"selector":{"controlType":"sap.m.SearchField","properties":{"placeholder":"Search"},"searchOpenDialogs":true,"interaction":{"idSuffix":"I"}},"wdio_ui5_key":"sapm.SearchField{\"placeholder\":\"Search\"}"}]}
RESULT: undefined
COMMAND: POST /session/5c358710dd67d6f9b9172afd6139f77d/execute/async - {"script":"<script> [776 bytes]","args":[{"enterText":"10001010","selector":{"controlType":"sap.m.SearchField","properties":{"placeholder":"Search"},"searchOpenDialogs":true,"interaction":{"idSuffix":"I"}},"clearTextFirst":true,"interactionType":"ENTER_TEXT"}]}
RESULT: {}
RESULT: {"script":"<script> [776 bytes]","args":[{"enterText":"10001010","selector":{"controlType":"sap.m.SearchField","properties":{"placeholder":"Search"},"searchOpenDialogs":true,"interaction":{"idSuffix":"I"}},"clearTextFirst":true,"interactionType":"ENTER_TEXT"}]}
COMMAND: POST /session/5c358710dd67d6f9b9172afd6139f77d/actions - {"actions":[{"id":"action54","type":"key","parameters":{},"actions":[{"type":"keyDown","value":""},{"type":"pause","duration":10},{"type":"keyUp","value":""}]}]}
RESULT: {"actions":[{"id":"action54","type":"key","parameters":{},"actions":[{"type":"keyDown","value":""},{"type":"pause","duration":10},{"type":"keyUp","value":""}]}]}
COMMAND: GET /session/5c358710dd67d6f9b9172afd6139f77d/screenshot - {}
RESULT: {}
COMMAND: POST /session/5c358710dd67d6f9b9172afd6139f77d/execute/async - {"script":"<script> [1562 bytes]","args":[{"selector":{"controlType":"sap.m.Text","bindingPath":{"path":"/C_CostCtrValueHelp(CostCenter='10001010',ControllingArea='Z001')","propertyPath":"CostCenterName","modelName":"CostCenterModel"},"searchOpenDialogs":true},"wdio_ui5_key":"sapm.Text{\"path\":\"/C_CostCtrValueHelp(CostCenter='10001010',ControllingArea='Z001')\",\"propertyPath\":\"CostCenterName\",\"modelName\":\"CostCenterModel\"}"}]}
RESULT: {"script":"<script> [1562 bytes]","args":[{"selector":{"controlType":"sap.m.Text","bindingPath":{"path":"/C_CostCtrValueHelp(CostCenter='10001010',ControllingArea='Z001')","propertyPath":"CostCenterName","modelName":"CostCenterModel"},"searchOpenDialogs":true},"wdio_ui5_key":"sapm.Text{\"path\":\"/C_CostCtrValueHelp(CostCenter='10001010',ControllingArea='Z001')\",\"propertyPath\":\"CostCenterName\",\"modelName\":\"CostCenterModel\"}"}]}
RESULT: undefined
COMMAND: POST /session/5c358710dd67d6f9b9172afd6139f77d/element - {"using":"xpath","value":"//*[@id=\"__text543-__clone924\"]"}
RESULT: {"using":"xpath","value":"//*[@id=\"__text543-__clone924\"]"}
COMMAND: POST /session/5c358710dd67d6f9b9172afd6139f77d/element/f.25FA1F70EC8D54F37F57A975E3D7688B.d.70E6974C1E8B81F9088DEF1473CAEAA0.e.8735/click - {}
RESULT: {}
COMMAND: POST /session/5c358710dd67d6f9b9172afd6139f77d/execute/async - {"script":"<script> [1562 bytes]","args":[{"selector":{"controlType":"sap.m.Button","properties":{"text":"OK"},"searchOpenDialogs":true,"interaction":{"idSuffix":"BDI-content"}},"wdio_ui5_key":"sapm.Button{\"text\":\"OK\"}"}]}
COMMAND: GET /session/5c358710dd67d6f9b9172afd6139f77d/screenshot - {}
RESULT: {"script":"<script> [1562 bytes]","args":[{"selector":{"controlType":"sap.m.Button","properties":{"text":"OK"},"searchOpenDialogs":true,"interaction":{"idSuffix":"BDI-content"}},"wdio_ui5_key":"sapm.Button{\"text\":\"OK\"}"}]}
RESULT: undefined
COMMAND: POST /session/5c358710dd67d6f9b9172afd6139f77d/element - {"using":"xpath","value":"//*[@id=\"__dialog2-ok\"]"}
RESULT: {}
RESULT: {"using":"xpath","value":"//*[@id=\"__dialog2-ok\"]"}
COMMAND: POST /session/5c358710dd67d6f9b9172afd6139f77d/element/f.25FA1F70EC8D54F37F57A975E3D7688B.d.70E6974C1E8B81F9088DEF1473CAEAA0.e.8737/click - {}
RESULT: {}
COMMAND: GET /session/5c358710dd67d6f9b9172afd6139f77d/screenshot - {}
RESULT: {}
COMMAND: POST /session/5c358710dd67d6f9b9172afd6139f77d/execute/async - {"script":"<script> [1562 bytes]","args":[{"selector":{"controlType":"sap.m.Button","viewName":"etm.portal.ui.managerequests.view.NewRequest","i18NText":{"propertyName":"text","key":"save"},"searchOpenDialogs":true,"interaction":{"idSuffix":"BDI-content"}},"wdio_ui5_key":"etmportal.ui.managerequests.view.NewRequestsap.m.Button{\"propertyName\":\"text\",\"key\":\"save\"}"}]}
RESULT: {"script":"<script> [1562 bytes]","args":[{"selector":{"controlType":"sap.m.Button","viewName":"etm.portal.ui.managerequests.view.NewRequest","i18NText":{"propertyName":"text","key":"save"},"searchOpenDialogs":true,"interaction":{"idSuffix":"BDI-content"}},"wdio_ui5_key":"etmportal.ui.managerequests.view.NewRequestsap.m.Button{\"propertyName\":\"text\",\"key\":\"save\"}"}]}
RESULT: undefined
COMMAND: POST /session/5c358710dd67d6f9b9172afd6139f77d/element - {"using":"xpath","value":"//*[@id=\"__button91\"]"}
RESULT: {"using":"xpath","value":"//*[@id=\"__button91\"]"}
COMMAND: POST /session/5c358710dd67d6f9b9172afd6139f77d/element/f.25FA1F70EC8D54F37F57A975E3D7688B.d.70E6974C1E8B81F9088DEF1473CAEAA0.e.8741/click - {}
RESULT: {}
COMMAND: GET /session/5c358710dd67d6f9b9172afd6139f77d/screenshot - {}
RESULT: {}
COMMAND: POST /session/5c358710dd67d6f9b9172afd6139f77d/execute/async - {"script":"<script> [1562 bytes]","args":[{"selector":{"controlType":"sap.m.Button","viewName":"etm.portal.ui.managerequests.view.NewRequest","i18NText":{"propertyName":"tooltip","key":"save"},"interaction":{"idSuffix":"content"}},"wdio_ui5_key":"etmportal.ui.managerequests.view.NewRequestsap.m.Button{\"propertyName\":\"tooltip\",\"key\":\"save\"}"}]}
RESULT: {"script":"<script> [1562 bytes]","args":[{"selector":{"controlType":"sap.m.Button","viewName":"etm.portal.ui.managerequests.view.NewRequest","i18NText":{"propertyName":"tooltip","key":"save"},"interaction":{"idSuffix":"content"}},"wdio_ui5_key":"etmportal.ui.managerequests.view.NewRequestsap.m.Button{\"propertyName\":\"tooltip\",\"key\":\"save\"}"}]}
RESULT: undefined
COMMAND: POST /session/5c358710dd67d6f9b9172afd6139f77d/element - {"using":"xpath","value":"//*[@id=\"__button80\"]"}
RESULT: {"using":"xpath","value":"//*[@id=\"__button80\"]"}
COMMAND: POST /session/5c358710dd67d6f9b9172afd6139f77d/element/f.25FA1F70EC8D54F37F57A975E3D7688B.d.70E6974C1E8B81F9088DEF1473CAEAA0.e.8609/click - {}
RESULT: {}
COMMAND: GET /session/5c358710dd67d6f9b9172afd6139f77d/screenshot - {}
RESULT: {}
COMMAND: POST /session/5c358710dd67d6f9b9172afd6139f77d/execute/async - {"script":"<script> [1562 bytes]","args":[{"selector":{"controlType":"sap.m.Title","properties":{"text":"Success"},"searchOpenDialogs":true},"wdio_ui5_key":"sapm.Title{\"text\":\"Success\"}"}]}
RESULT: {"script":"<script> [1562 bytes]","args":[{"selector":{"controlType":"sap.m.Title","properties":{"text":"Success"},"searchOpenDialogs":true},"wdio_ui5_key":"sapm.Title{\"text\":\"Success\"}"}]}
RESULT: undefined
COMMAND: POST /session/5c358710dd67d6f9b9172afd6139f77d/execute/async - {"script":"<script> [6424 bytes]","args":[{"element-6066-11e4-a52e-4f735466cecf":"f.25FA1F70EC8D54F37F57A975E3D7688B.d.70E6974C1E8B81F9088DEF1473CAEAA0.e.8746"},"getText",[]]}
RESULT: {"script":"<script> [6424 bytes]","args":[{"element-6066-11e4-a52e-4f735466cecf":"f.25FA1F70EC8D54F37F57A975E3D7688B.d.70E6974C1E8B81F9088DEF1473CAEAA0.e.8746"},"getText",[]]}
COMMAND: POST /session/5c358710dd67d6f9b9172afd6139f77d/execute/async - {"script":"<script> [1562 bytes]","args":[{"selector":{"controlType":"sap.m.Button","properties":{"text":"Close"},"searchOpenDialogs":true,"interaction":{"idSuffix":"BDI-content"}},"wdio_ui5_key":"sapm.Button{\"text\":\"Close\"}"}]}
RESULT: {"script":"<script> [1562 bytes]","args":[{"selector":{"controlType":"sap.m.Button","properties":{"text":"Close"},"searchOpenDialogs":true,"interaction":{"idSuffix":"BDI-content"}},"wdio_ui5_key":"sapm.Button{\"text\":\"Close\"}"}]}
RESULT: undefined
COMMAND: POST /session/5c358710dd67d6f9b9172afd6139f77d/element - {"using":"xpath","value":"//*[@id=\"__mbox-btn-0\"]"}
RESULT: {"using":"xpath","value":"//*[@id=\"__mbox-btn-0\"]"}
COMMAND: POST /session/5c358710dd67d6f9b9172afd6139f77d/element/f.25FA1F70EC8D54F37F57A975E3D7688B.d.70E6974C1E8B81F9088DEF1473CAEAA0.e.8745/click - {}
RESULT: {}
COMMAND: GET /session/5c358710dd67d6f9b9172afd6139f77d/screenshot - {}
RESULT: {}
COMMAND: POST /session/5c358710dd67d6f9b9172afd6139f77d/execute/async - {"script":"<script> [1562 bytes]","args":[{"selector":{"controlType":"sap.m.Button","viewName":"etm.portal.ui.managerequests.view.Detail","i18NText":{"propertyName":"text","key":"requestSpecifications"},"interaction":{"idSuffix":"BDI-content"}},"wdio_ui5_key":"etmportal.ui.managerequests.view.Detailsap.m.Button{\"propertyName\":\"text\",\"key\":\"requestSpecifications\"}"}]}
RESULT: {"script":"<script> [1562 bytes]","args":[{"selector":{"controlType":"sap.m.Button","viewName":"etm.portal.ui.managerequests.view.Detail","i18NText":{"propertyName":"text","key":"requestSpecifications"},"interaction":{"idSuffix":"BDI-content"}},"wdio_ui5_key":"etmportal.ui.managerequests.view.Detailsap.m.Button{\"propertyName\":\"text\",\"key\":\"requestSpecifications\"}"}]}
RESULT: undefined
COMMAND: POST /session/5c358710dd67d6f9b9172afd6139f77d/element - {"using":"xpath","value":"//*[@id=\"__button107-__clone963\"]"}
RESULT: {"using":"xpath","value":"//*[@id=\"__button107-__clone963\"]"}
COMMAND: POST /session/5c358710dd67d6f9b9172afd6139f77d/element/f.25FA1F70EC8D54F37F57A975E3D7688B.d.70E6974C1E8B81F9088DEF1473CAEAA0.e.8863/click - {}
RESULT: {}
COMMAND: GET /session/5c358710dd67d6f9b9172afd6139f77d/screenshot - {}
RESULT: {}
COMMAND: POST /session/5c358710dd67d6f9b9172afd6139f77d/element - {"using":"xpath","value":"//input[@value=\"blue\"]"}
RESULT: {"using":"xpath","value":"//input[@value=\"blue\"]"}
COMMAND: POST /session/5c358710dd67d6f9b9172afd6139f77d/elements - {"using":"xpath","value":"//input[@value=\"blue\"]"}
RESULT: {"using":"xpath","value":"//input[@value=\"blue\"]"}
COMMAND: POST /session/5c358710dd67d6f9b9172afd6139f77d/execute/async - {"script":"<script> [1562 bytes]","args":[{"selector":{"id":"cancelRequestSpecificationsButton","viewName":"etm.portal.ui.managerequests.view.Detail","searchOpenDialogs":true,"interaction":{"idSuffix":"BDI-content"}},"wdio_ui5_key":"cancelRequestSpecificationsButtonetmportal.ui.managerequests.view.Detail"}]}
RESULT: {"script":"<script> [1562 bytes]","args":[{"selector":{"id":"cancelRequestSpecificationsButton","viewName":"etm.portal.ui.managerequests.view.Detail","searchOpenDialogs":true,"interaction":{"idSuffix":"BDI-content"}},"wdio_ui5_key":"cancelRequestSpecificationsButtonetmportal.ui.managerequests.view.Detail"}]}
RESULT: undefined
COMMAND: POST /session/5c358710dd67d6f9b9172afd6139f77d/element - {"using":"xpath","value":"//*[@id=\"__xmlview60--cancelRequestSpecificationsButton\"]"}
RESULT: {"using":"xpath","value":"//*[@id=\"__xmlview60--cancelRequestSpecificationsButton\"]"}
COMMAND: POST /session/5c358710dd67d6f9b9172afd6139f77d/element/f.25FA1F70EC8D54F37F57A975E3D7688B.d.70E6974C1E8B81F9088DEF1473CAEAA0.e.8876/click - {}
RESULT: {}
COMMAND: GET /session/5c358710dd67d6f9b9172afd6139f77d/screenshot - {}
COMMAND: POST /session/5c358710dd67d6f9b9172afd6139f77d/element - {"using":"css selector","value":"#shell-header-logo"}
RESULT: {}
RESULT: {"using":"css selector","value":"#shell-header-logo"}
COMMAND: POST /session/5c358710dd67d6f9b9172afd6139f77d/element/f.25FA1F70EC8D54F37F57A975E3D7688B.d.70E6974C1E8B81F9088DEF1473CAEAA0.e.8205/click - {}
RESULT: {}
COMMAND: GET /session/5c358710dd67d6f9b9172afd6139f77d/screenshot - {}
RESULT: {}
]]></system-out>
    </testcase>
  </testsuite>
  <testsuite timestamp="2025-04-13T16:03:15" time="285.409" tests="3" failures="0" errors="0" skipped="0">
    <properties>
      <property name="specId" value="0"/>
      <property name="suiteName" value="Reserve/Unreserve request item via reserve option US139161"/>
      <property name="capabilities" value="chrome.135_0_7049_42.windows"/>
      <property name="file" value="file:///D:/a/1/s/test/specs/R2C/reserve-unreserve-request-item-via-reserve-option.spec.js"/>
    </properties>
    <testcase classname="chrome.135_0_7049_42.windows.Reserve/Unreserve_request_item_via_reserve_option_US139161" name="Should add the material to the catalog item" time="55.823">
      <system-out><![CDATA[
COMMAND: POST /session/5c358710dd67d6f9b9172afd6139f77d/element - {"using":"xpath","value":"//*[contains(@href, 'etm.portal.ui.managecatalogs')]"}
RESULT: {"using":"xpath","value":"//*[contains(@href, 'etm.portal.ui.managecatalogs')]"}
COMMAND: POST /session/5c358710dd67d6f9b9172afd6139f77d/element/f.25FA1F70EC8D54F37F57A975E3D7688B.d.70E6974C1E8B81F9088DEF1473CAEAA0.e.8883/click - {}
RESULT: {}
COMMAND: GET /session/5c358710dd67d6f9b9172afd6139f77d/screenshot - {}
RESULT: {}
COMMAND: POST /session/5c358710dd67d6f9b9172afd6139f77d/execute/async - {"script":"<script> [1562 bytes]","args":[{"selector":{"controlType":"sap.m.Text","viewName":"etm.portal.ui.managecatalogs.view.MasterCatalogs","viewId":"application-managecatalogs-display-component---masterCatalogs","bindingPath":{"path":"/Catalogs('0D7502D073D53A0F1700BE067B89AFF9')","propertyPath":"DESCRIPTION","modelName":"catalogModel"}},"wdio_ui5_key":"etmportal.ui.managecatalogs.view.MasterCatalogssap.m.Text{\"path\":\"/Catalogs('0D7502D073D53A0F1700BE067B89AFF9')\",\"propertyPath\":\"DESCRIPTION\",\"modelName\":\"catalogModel\"}"}]}
RESULT: {"script":"<script> [1562 bytes]","args":[{"selector":{"controlType":"sap.m.Text","viewName":"etm.portal.ui.managecatalogs.view.MasterCatalogs","viewId":"application-managecatalogs-display-component---masterCatalogs","bindingPath":{"path":"/Catalogs('0D7502D073D53A0F1700BE067B89AFF9')","propertyPath":"DESCRIPTION","modelName":"catalogModel"}},"wdio_ui5_key":"etmportal.ui.managecatalogs.view.MasterCatalogssap.m.Text{\"path\":\"/Catalogs('0D7502D073D53A0F1700BE067B89AFF9')\",\"propertyPath\":\"DESCRIPTION\",\"modelName\":\"catalogModel\"}"}]}
RESULT: undefined
COMMAND: POST /session/5c358710dd67d6f9b9172afd6139f77d/element - {"using":"xpath","value":"//*[@id=\"__text678-application-managecatalogs-display-component---masterCatalogs--CatalogsTable-11\"]"}
RESULT: {"using":"xpath","value":"//*[@id=\"__text678-application-managecatalogs-display-component---masterCatalogs--CatalogsTable-11\"]"}
COMMAND: POST /session/5c358710dd67d6f9b9172afd6139f77d/element/f.25FA1F70EC8D54F37F57A975E3D7688B.d.70E6974C1E8B81F9088DEF1473CAEAA0.e.8953/click - {}
RESULT: {}
RESULT: undefined
COMMAND: POST /session/5c358710dd67d6f9b9172afd6139f77d/execute/async - {"script":"<script> [776 bytes]","args":[{"enterText":"catalogItemyba61l","selector":{"id":"application-managecatalogs-display-component---masterCatalogItems--searchItemsField","interaction":{"idSuffix":"I"}},"clearTextFirst":true,"interactionType":"ENTER_TEXT"}]}
COMMAND: GET /session/5c358710dd67d6f9b9172afd6139f77d/screenshot - {}
RESULT: {"script":"<script> [776 bytes]","args":[{"enterText":"catalogItemyba61l","selector":{"id":"application-managecatalogs-display-component---masterCatalogItems--searchItemsField","interaction":{"idSuffix":"I"}},"clearTextFirst":true,"interactionType":"ENTER_TEXT"}]}
COMMAND: POST /session/5c358710dd67d6f9b9172afd6139f77d/actions - {"actions":[{"id":"action55","type":"key","parameters":{},"actions":[{"type":"keyDown","value":""},{"type":"pause","duration":10},{"type":"keyUp","value":""}]}]}
RESULT: {}
RESULT: {"actions":[{"id":"action55","type":"key","parameters":{},"actions":[{"type":"keyDown","value":""},{"type":"pause","duration":10},{"type":"keyUp","value":""}]}]}
COMMAND: POST /session/5c358710dd67d6f9b9172afd6139f77d/element - {"using":"xpath","value":"(//span[contains(text(), \"catalogItemyba61l\")])[1]"}
COMMAND: GET /session/5c358710dd67d6f9b9172afd6139f77d/screenshot - {}
RESULT: {"using":"xpath","value":"(//span[contains(text(), \"catalogItemyba61l\")])[1]"}
COMMAND: POST /session/5c358710dd67d6f9b9172afd6139f77d/element/f.25FA1F70EC8D54F37F57A975E3D7688B.d.70E6974C1E8B81F9088DEF1473CAEAA0.e.8991/click - {}
RESULT: {}
RESULT: {}
COMMAND: GET /session/5c358710dd67d6f9b9172afd6139f77d/screenshot - {}
RESULT: {}
COMMAND: POST /session/5c358710dd67d6f9b9172afd6139f77d/element - {"using":"xpath","value":"//*[contains(@id ,\"BDI-content\")][contains(text(), \"Edit\")]"}
RESULT: {"using":"xpath","value":"//*[contains(@id ,\"BDI-content\")][contains(text(), \"Edit\")]"}
COMMAND: POST /session/5c358710dd67d6f9b9172afd6139f77d/element/f.25FA1F70EC8D54F37F57A975E3D7688B.d.70E6974C1E8B81F9088DEF1473CAEAA0.e.9073/click - {}
RESULT: {}
COMMAND: GET /session/5c358710dd67d6f9b9172afd6139f77d/screenshot - {}
RESULT: {}
COMMAND: POST /session/5c358710dd67d6f9b9172afd6139f77d/element - {"using":"xpath","value":"//bdi[contains(text(), \"Assigned Resources\")]"}
RESULT: {"using":"xpath","value":"//bdi[contains(text(), \"Assigned Resources\")]"}
COMMAND: POST /session/5c358710dd67d6f9b9172afd6139f77d/element/f.25FA1F70EC8D54F37F57A975E3D7688B.d.70E6974C1E8B81F9088DEF1473CAEAA0.e.9090/click - {}
RESULT: {}
COMMAND: GET /session/5c358710dd67d6f9b9172afd6139f77d/screenshot - {}
RESULT: {}
COMMAND: POST /session/5c358710dd67d6f9b9172afd6139f77d/element - {"using":"xpath","value":"//button[contains(@data-kt ,\"catalogItemAssignRuButton\")]"}
RESULT: {"using":"xpath","value":"//button[contains(@data-kt ,\"catalogItemAssignRuButton\")]"}
COMMAND: POST /session/5c358710dd67d6f9b9172afd6139f77d/element/f.25FA1F70EC8D54F37F57A975E3D7688B.d.70E6974C1E8B81F9088DEF1473CAEAA0.e.9098/click - {}
RESULT: {}
COMMAND: GET /session/5c358710dd67d6f9b9172afd6139f77d/screenshot - {}
RESULT: {}
COMMAND: POST /session/5c358710dd67d6f9b9172afd6139f77d/actions - {"actions":[{"id":"action56","type":"key","parameters":{},"actions":[{"type":"keyDown","value":""},{"type":"pause","duration":10},{"type":"keyUp","value":""}]}]}
RESULT: {"actions":[{"id":"action56","type":"key","parameters":{},"actions":[{"type":"keyDown","value":""},{"type":"pause","duration":10},{"type":"keyUp","value":""}]}]}
COMMAND: GET /session/5c358710dd67d6f9b9172afd6139f77d/screenshot - {}
RESULT: {}
COMMAND: POST /session/5c358710dd67d6f9b9172afd6139f77d/execute/async - {"script":"<script> [1562 bytes]","args":[{"selector":{"id":"application-managecatalogs-display-component---detailCatalog--assignRUSearchField-vhi","searchOpenDialogs":true},"wdio_ui5_key":"applicationmanagecatalogs-display-component---detailCatalog--assignRUSearchField-vhi"}]}
RESULT: {"script":"<script> [1562 bytes]","args":[{"selector":{"id":"application-managecatalogs-display-component---detailCatalog--assignRUSearchField-vhi","searchOpenDialogs":true},"wdio_ui5_key":"applicationmanagecatalogs-display-component---detailCatalog--assignRUSearchField-vhi"}]}
RESULT: undefined
COMMAND: POST /session/5c358710dd67d6f9b9172afd6139f77d/element - {"using":"xpath","value":"//*[@id=\"application-managecatalogs-display-component---detailCatalog--assignRUSearchField-vhi\"]"}
RESULT: {"using":"xpath","value":"//*[@id=\"application-managecatalogs-display-component---detailCatalog--assignRUSearchField-vhi\"]"}
COMMAND: POST /session/5c358710dd67d6f9b9172afd6139f77d/element/f.25FA1F70EC8D54F37F57A975E3D7688B.d.70E6974C1E8B81F9088DEF1473CAEAA0.e.9114/click - {}
RESULT: {}
COMMAND: GET /session/5c358710dd67d6f9b9172afd6139f77d/screenshot - {}
RESULT: {}
COMMAND: POST /session/5c358710dd67d6f9b9172afd6139f77d/element - {"using":"xpath","value":"//input[contains(@id ,\"searchField-I\")]"}
RESULT: {"using":"xpath","value":"//input[contains(@id ,\"searchField-I\")]"}
COMMAND: POST /session/5c358710dd67d6f9b9172afd6139f77d/element/f.25FA1F70EC8D54F37F57A975E3D7688B.d.70E6974C1E8B81F9088DEF1473CAEAA0.e.9118/clear - {}
RESULT: {}
COMMAND: POST /session/5c358710dd67d6f9b9172afd6139f77d/element/f.25FA1F70EC8D54F37F57A975E3D7688B.d.70E6974C1E8B81F9088DEF1473CAEAA0.e.9118/value - {"text":"WebdriverRUR2Cj0vn5g"}
COMMAND: GET /session/5c358710dd67d6f9b9172afd6139f77d/screenshot - {}
RESULT: {"text":"WebdriverRUR2Cj0vn5g"}
COMMAND: GET /session/5c358710dd67d6f9b9172afd6139f77d/screenshot - {}
RESULT: {}
RESULT: {}
COMMAND: POST /session/5c358710dd67d6f9b9172afd6139f77d/actions - {"actions":[{"id":"action57","type":"key","parameters":{},"actions":[{"type":"keyDown","value":""},{"type":"pause","duration":10},{"type":"keyUp","value":""}]}]}
RESULT: {"actions":[{"id":"action57","type":"key","parameters":{},"actions":[{"type":"keyDown","value":""},{"type":"pause","duration":10},{"type":"keyUp","value":""}]}]}
COMMAND: GET /session/5c358710dd67d6f9b9172afd6139f77d/screenshot - {}
RESULT: {}
COMMAND: POST /session/5c358710dd67d6f9b9172afd6139f77d/actions - {"actions":[{"id":"action58","type":"key","parameters":{},"actions":[{"type":"keyDown","value":""},{"type":"pause","duration":10},{"type":"keyUp","value":""}]}]}
RESULT: {"actions":[{"id":"action58","type":"key","parameters":{},"actions":[{"type":"keyDown","value":""},{"type":"pause","duration":10},{"type":"keyUp","value":""}]}]}
COMMAND: GET /session/5c358710dd67d6f9b9172afd6139f77d/screenshot - {}
RESULT: {}
COMMAND: POST /session/5c358710dd67d6f9b9172afd6139f77d/actions - {"actions":[{"id":"action59","type":"key","parameters":{},"actions":[{"type":"keyDown","value":""},{"type":"pause","duration":10},{"type":"keyUp","value":""}]}]}
RESULT: {"actions":[{"id":"action59","type":"key","parameters":{},"actions":[{"type":"keyDown","value":""},{"type":"pause","duration":10},{"type":"keyUp","value":""}]}]}
COMMAND: GET /session/5c358710dd67d6f9b9172afd6139f77d/screenshot - {}
RESULT: {}
COMMAND: POST /session/5c358710dd67d6f9b9172afd6139f77d/element - {"using":"xpath","value":"//bdi[contains(@id ,\"application-managecatalogs-display-component---detailCatalog--RUAssignmentSaveButton-BDI-content\")]"}
RESULT: {"using":"xpath","value":"//bdi[contains(@id ,\"application-managecatalogs-display-component---detailCatalog--RUAssignmentSaveButton-BDI-content\")]"}
COMMAND: POST /session/5c358710dd67d6f9b9172afd6139f77d/element/f.25FA1F70EC8D54F37F57A975E3D7688B.d.70E6974C1E8B81F9088DEF1473CAEAA0.e.9133/click - {}
RESULT: {}
COMMAND: GET /session/5c358710dd67d6f9b9172afd6139f77d/screenshot - {}
RESULT: {}
COMMAND: POST /session/5c358710dd67d6f9b9172afd6139f77d/element - {"using":"xpath","value":"//bdi[contains(text(), \"Save\")]"}
RESULT: {"using":"xpath","value":"//bdi[contains(text(), \"Save\")]"}
COMMAND: POST /session/5c358710dd67d6f9b9172afd6139f77d/element/f.25FA1F70EC8D54F37F57A975E3D7688B.d.70E6974C1E8B81F9088DEF1473CAEAA0.e.9155/click - {}
RESULT: {}
COMMAND: GET /session/5c358710dd67d6f9b9172afd6139f77d/screenshot - {}
RESULT: {}
COMMAND: POST /session/5c358710dd67d6f9b9172afd6139f77d/element - {"using":"css selector","value":"#shell-header-logo"}
RESULT: {"using":"css selector","value":"#shell-header-logo"}
COMMAND: POST /session/5c358710dd67d6f9b9172afd6139f77d/element/f.25FA1F70EC8D54F37F57A975E3D7688B.d.70E6974C1E8B81F9088DEF1473CAEAA0.e.8887/click - {}
RESULT: {}
COMMAND: GET /session/5c358710dd67d6f9b9172afd6139f77d/screenshot - {}
RESULT: {}
]]></system-out>
    </testcase>
    <testcase classname="chrome.135_0_7049_42.windows.Reserve/Unreserve_request_item_via_reserve_option_US139161" name="Should create a new request with a catalog item that can be planned" time="136.373">
      <system-out><![CDATA[
COMMAND: POST /session/5c358710dd67d6f9b9172afd6139f77d/element - {"using":"xpath","value":"//*[contains(@href, 'etm.portal.ui.managerequests')]"}
RESULT: {"using":"xpath","value":"//*[contains(@href, 'etm.portal.ui.managerequests')]"}
COMMAND: POST /session/5c358710dd67d6f9b9172afd6139f77d/element/f.25FA1F70EC8D54F37F57A975E3D7688B.d.70E6974C1E8B81F9088DEF1473CAEAA0.e.8197/click - {}
RESULT: {}
COMMAND: GET /session/5c358710dd67d6f9b9172afd6139f77d/screenshot - {}
COMMAND: POST /session/5c358710dd67d6f9b9172afd6139f77d/refresh - {}
RESULT: {}
RESULT: {}
COMMAND: GET /session/5c358710dd67d6f9b9172afd6139f77d/screenshot - {}
RESULT: {}
COMMAND: POST /session/5c358710dd67d6f9b9172afd6139f77d/execute/async - {"script":"<script> [189 bytes]","args":[]}
RESULT: {"script":"<script> [189 bytes]","args":[]}
COMMAND: POST /session/5c358710dd67d6f9b9172afd6139f77d/execute/async - {"script":"<script> [123 bytes]","args":[]}
RESULT: {"script":"<script> [123 bytes]","args":[]}
COMMAND: POST /session/5c358710dd67d6f9b9172afd6139f77d/timeouts - {"script":"<number>"}
RESULT: {"script":"<number>"}
COMMAND: GET /session/5c358710dd67d6f9b9172afd6139f77d/timeouts - {}
RESULT: {}
RESULT: undefined
COMMAND: POST /session/5c358710dd67d6f9b9172afd6139f77d/execute/async - {"script":"<script> [2676 bytes]","args":[]}
RESULT: {"script":"<script> [2676 bytes]","args":[]}
COMMAND: POST /session/5c358710dd67d6f9b9172afd6139f77d/execute/async - {"script":"<script> [2342 bytes]","args":[{"protocol":"http","hostname":"0.0.0.0","path":"/","capabilities":{"browserName":"chrome","goog:chromeOptions":{"binary":"C:\\Program Files\\Google\\Chrome\\Application\\chrome.exe"}},"logLevel":"warn","connectionRetryTimeout":120000,"connectionRetryCount":3,"logLevels":{},"enableDirectConnect":true,"strictSSL":true,"_":"65 more keys: [\"cacheDir\",\"port\",\"requestedCapabilities\",\"automationProtocol\",\"baseUrl\",\"waitforInterval\",\"waitforTimeout\",\"onReload\",\"beforeCommand\",\"afterCommand\",\"rootDir\",\"specs\",\"suites\",\"exclude\",\"groupLogsByTestSpec\",\"excludeDriverLogs\",\"bail\",\"framework\",\"reporters\",\"services\",\"maxInstances\",\"maxInstancesPerCapability\",\"injectGlobals\",\"filesToWatch\",\"execArgv\",\"runnerEnv\",\"runner\",\"shard\",\"specFileRetries\",\"specFileRetriesDelay\",\"specFileRetriesDeferred\",\"reporterSyncInterval\",\"reporterSyncTimeout\",\"cucumberFeaturesWithLineNumbers\",\"autoCompileOpts\",\"mochaOpts\",\"jasmineOpts\",\"cucumberOpts\",\"onPrepare\",\"onWorkerStart\",\"onWorkerEnd\",\"before\",\"beforeSession\",\"beforeSuite\",\"beforeHook\",\"beforeTest\",\"afterTest\",\"afterHook\",\"afterSuite\",\"afterSession\",\"after\",\"onComplete\",\"beforeAssertion\",\"afterAssertion\",\"beforeFeature\",\"beforeScenario\",\"beforeStep\",\"afterStep\",\"afterScenario\",\"afterFeature\",\"_\",\"suite\",\"$0\",\"ignoredWorkerServices\",\"wdi5\"]"}]}
RESULT: {"script":"<script> [2342 bytes]","args":[{"protocol":"http","hostname":"0.0.0.0","path":"/","capabilities":{"browserName":"chrome","goog:chromeOptions":{"binary":"C:\\Program Files\\Google\\Chrome\\Application\\chrome.exe"}},"logLevel":"warn","connectionRetryTimeout":120000,"connectionRetryCount":3,"logLevels":{},"enableDirectConnect":true,"strictSSL":true,"_":"65 more keys: [\"cacheDir\",\"port\",\"requestedCapabilities\",\"automationProtocol\",\"baseUrl\",\"waitforInterval\",\"waitforTimeout\",\"onReload\",\"beforeCommand\",\"afterCommand\",\"rootDir\",\"specs\",\"suites\",\"exclude\",\"groupLogsByTestSpec\",\"excludeDriverLogs\",\"bail\",\"framework\",\"reporters\",\"services\",\"maxInstances\",\"maxInstancesPerCapability\",\"injectGlobals\",\"filesToWatch\",\"execArgv\",\"runnerEnv\",\"runner\",\"shard\",\"specFileRetries\",\"specFileRetriesDelay\",\"specFileRetriesDeferred\",\"reporterSyncInterval\",\"reporterSyncTimeout\",\"cucumberFeaturesWithLineNumbers\",\"autoCompileOpts\",\"mochaOpts\",\"jasmineOpts\",\"cucumberOpts\",\"onPrepare\",\"onWorkerStart\",\"onWorkerEnd\",\"before\",\"beforeSession\",\"beforeSuite\",\"beforeHook\",\"beforeTest\",\"afterTest\",\"afterHook\",\"afterSuite\",\"afterSession\",\"after\",\"onComplete\",\"beforeAssertion\",\"afterAssertion\",\"beforeFeature\",\"beforeScenario\",\"beforeStep\",\"afterStep\",\"afterScenario\",\"afterFeature\",\"_\",\"suite\",\"$0\",\"ignoredWorkerServices\",\"wdi5\"]"}]}
COMMAND: POST /session/5c358710dd67d6f9b9172afd6139f77d/execute/async - {"script":"<script> [21126 bytes]","args":[35000]}
RESULT: {"script":"<script> [21126 bytes]","args":[35000]}
COMMAND: POST /session/5c358710dd67d6f9b9172afd6139f77d/element - {"using":"xpath","value":"//button[contains(@data-kt ,\"btnCreateNewOverflowToolbarButton\")]"}
RESULT: {"using":"xpath","value":"//button[contains(@data-kt ,\"btnCreateNewOverflowToolbarButton\")]"}
COMMAND: POST /session/5c358710dd67d6f9b9172afd6139f77d/elements - {"using":"xpath","value":"//button[contains(@data-kt ,\"btnCreateNewOverflowToolbarButton\")]"}
RESULT: {"using":"xpath","value":"//button[contains(@data-kt ,\"btnCreateNewOverflowToolbarButton\")]"}
COMMAND: POST /session/5c358710dd67d6f9b9172afd6139f77d/execute/sync - {"script":"<script> [8489 bytes]","args":[{"element-6066-11e4-a52e-4f735466cecf":"f.25FA1F70EC8D54F37F57A975E3D7688B.d.2EA8FF7A7B2E06D8B6D73B25997DBE2B.e.9356","ELEMENT":"f.25FA1F70EC8D54F37F57A975E3D7688B.d.2EA8FF7A7B2E06D8B6D73B25997DBE2B.e.9356"}]}
RESULT: {"script":"<script> [8489 bytes]","args":[{"element-6066-11e4-a52e-4f735466cecf":"f.25FA1F70EC8D54F37F57A975E3D7688B.d.2EA8FF7A7B2E06D8B6D73B25997DBE2B.e.9356","ELEMENT":"f.25FA1F70EC8D54F37F57A975E3D7688B.d.2EA8FF7A7B2E06D8B6D73B25997DBE2B.e.9356"}]}
COMMAND: GET /session/5c358710dd67d6f9b9172afd6139f77d/element/f.25FA1F70EC8D54F37F57A975E3D7688B.d.2EA8FF7A7B2E06D8B6D73B25997DBE2B.e.9356/enabled - {}
COMMAND: GET /session/5c358710dd67d6f9b9172afd6139f77d/screenshot - {}
RESULT: {}
COMMAND: POST /session/5c358710dd67d6f9b9172afd6139f77d/execute/sync - {"script":"<script> [8489 bytes]","args":[{"element-6066-11e4-a52e-4f735466cecf":"f.25FA1F70EC8D54F37F57A975E3D7688B.d.2EA8FF7A7B2E06D8B6D73B25997DBE2B.e.9356","ELEMENT":"f.25FA1F70EC8D54F37F57A975E3D7688B.d.2EA8FF7A7B2E06D8B6D73B25997DBE2B.e.9356"}]}
COMMAND: GET /session/5c358710dd67d6f9b9172afd6139f77d/screenshot - {}
RESULT: {}
RESULT: {"script":"<script> [8489 bytes]","args":[{"element-6066-11e4-a52e-4f735466cecf":"f.25FA1F70EC8D54F37F57A975E3D7688B.d.2EA8FF7A7B2E06D8B6D73B25997DBE2B.e.9356","ELEMENT":"f.25FA1F70EC8D54F37F57A975E3D7688B.d.2EA8FF7A7B2E06D8B6D73B25997DBE2B.e.9356"}]}
COMMAND: POST /session/5c358710dd67d6f9b9172afd6139f77d/execute/sync - {"script":"<script> [5351 bytes]","args":[{"element-6066-11e4-a52e-4f735466cecf":"f.25FA1F70EC8D54F37F57A975E3D7688B.d.2EA8FF7A7B2E06D8B6D73B25997DBE2B.e.9356","ELEMENT":"f.25FA1F70EC8D54F37F57A975E3D7688B.d.2EA8FF7A7B2E06D8B6D73B25997DBE2B.e.9356"}]}
COMMAND: GET /session/5c358710dd67d6f9b9172afd6139f77d/screenshot - {}
RESULT: {}
RESULT: {"script":"<script> [5351 bytes]","args":[{"element-6066-11e4-a52e-4f735466cecf":"f.25FA1F70EC8D54F37F57A975E3D7688B.d.2EA8FF7A7B2E06D8B6D73B25997DBE2B.e.9356","ELEMENT":"f.25FA1F70EC8D54F37F57A975E3D7688B.d.2EA8FF7A7B2E06D8B6D73B25997DBE2B.e.9356"}]}
COMMAND: POST /session/5c358710dd67d6f9b9172afd6139f77d/element/f.25FA1F70EC8D54F37F57A975E3D7688B.d.2EA8FF7A7B2E06D8B6D73B25997DBE2B.e.9356/click - {}
COMMAND: GET /session/5c358710dd67d6f9b9172afd6139f77d/screenshot - {}
RESULT: {}
RESULT: {}
COMMAND: GET /session/5c358710dd67d6f9b9172afd6139f77d/screenshot - {}
RESULT: {}
RESULT: {}
COMMAND: POST /session/5c358710dd67d6f9b9172afd6139f77d/element - {"using":"xpath","value":"//input[contains(@id ,\"yardId-inner\")]"}
RESULT: {"using":"xpath","value":"//input[contains(@id ,\"yardId-inner\")]"}
COMMAND: POST /session/5c358710dd67d6f9b9172afd6139f77d/execute/sync - {"script":"<script> [8489 bytes]","args":[{"element-6066-11e4-a52e-4f735466cecf":"f.25FA1F70EC8D54F37F57A975E3D7688B.d.2EA8FF7A7B2E06D8B6D73B25997DBE2B.e.9591","ELEMENT":"f.25FA1F70EC8D54F37F57A975E3D7688B.d.2EA8FF7A7B2E06D8B6D73B25997DBE2B.e.9591"}]}
RESULT: {"script":"<script> [8489 bytes]","args":[{"element-6066-11e4-a52e-4f735466cecf":"f.25FA1F70EC8D54F37F57A975E3D7688B.d.2EA8FF7A7B2E06D8B6D73B25997DBE2B.e.9591","ELEMENT":"f.25FA1F70EC8D54F37F57A975E3D7688B.d.2EA8FF7A7B2E06D8B6D73B25997DBE2B.e.9591"}]}
COMMAND: POST /session/5c358710dd67d6f9b9172afd6139f77d/element - {"using":"xpath","value":"//input[contains(@id ,\"yardId-inner\")]"}
COMMAND: GET /session/5c358710dd67d6f9b9172afd6139f77d/screenshot - {}
RESULT: {"using":"xpath","value":"//input[contains(@id ,\"yardId-inner\")]"}
COMMAND: POST /session/5c358710dd67d6f9b9172afd6139f77d/element/f.25FA1F70EC8D54F37F57A975E3D7688B.d.2EA8FF7A7B2E06D8B6D73B25997DBE2B.e.9591/value - {"text":"WebdriverYardcqwm7"}
RESULT: {}
RESULT: {"text":"WebdriverYardcqwm7"}
COMMAND: GET /session/5c358710dd67d6f9b9172afd6139f77d/screenshot - {}
RESULT: {}
COMMAND: POST /session/5c358710dd67d6f9b9172afd6139f77d/actions - {"actions":[{"id":"action60","type":"key","parameters":{},"actions":[{"type":"keyDown","value":""},{"type":"pause","duration":10},{"type":"keyUp","value":""}]}]}
RESULT: {"actions":[{"id":"action60","type":"key","parameters":{},"actions":[{"type":"keyDown","value":""},{"type":"pause","duration":10},{"type":"keyUp","value":""}]}]}
COMMAND: GET /session/5c358710dd67d6f9b9172afd6139f77d/screenshot - {}
RESULT: {}
COMMAND: POST /session/5c358710dd67d6f9b9172afd6139f77d/element - {"using":"xpath","value":"//input[contains(@id ,\"customerNumber-inner\")]"}
RESULT: {"using":"xpath","value":"//input[contains(@id ,\"customerNumber-inner\")]"}
COMMAND: POST /session/5c358710dd67d6f9b9172afd6139f77d/element/f.25FA1F70EC8D54F37F57A975E3D7688B.d.2EA8FF7A7B2E06D8B6D73B25997DBE2B.e.9585/value - {"text":"WebdriverPartnersgf22"}
RESULT: {"text":"WebdriverPartnersgf22"}
COMMAND: GET /session/5c358710dd67d6f9b9172afd6139f77d/screenshot - {}
RESULT: {}
COMMAND: POST /session/5c358710dd67d6f9b9172afd6139f77d/actions - {"actions":[{"id":"action61","type":"key","parameters":{},"actions":[{"type":"keyDown","value":""},{"type":"pause","duration":10},{"type":"keyUp","value":""}]}]}
RESULT: {"actions":[{"id":"action61","type":"key","parameters":{},"actions":[{"type":"keyDown","value":""},{"type":"pause","duration":10},{"type":"keyUp","value":""}]}]}
COMMAND: GET /session/5c358710dd67d6f9b9172afd6139f77d/screenshot - {}
RESULT: {}
COMMAND: POST /session/5c358710dd67d6f9b9172afd6139f77d/element - {"using":"xpath","value":"//input[contains(@id ,\"requestSiteId-inner\")]"}
RESULT: {"using":"xpath","value":"//input[contains(@id ,\"requestSiteId-inner\")]"}
COMMAND: POST /session/5c358710dd67d6f9b9172afd6139f77d/element/f.25FA1F70EC8D54F37F57A975E3D7688B.d.2EA8FF7A7B2E06D8B6D73B25997DBE2B.e.9584/value - {"text":"WebdriverSitexeqhe"}
RESULT: {"text":"WebdriverSitexeqhe"}
COMMAND: GET /session/5c358710dd67d6f9b9172afd6139f77d/screenshot - {}
RESULT: {}
COMMAND: POST /session/5c358710dd67d6f9b9172afd6139f77d/actions - {"actions":[{"id":"action62","type":"key","parameters":{},"actions":[{"type":"keyDown","value":""},{"type":"pause","duration":10},{"type":"keyUp","value":""}]}]}
RESULT: {"actions":[{"id":"action62","type":"key","parameters":{},"actions":[{"type":"keyDown","value":""},{"type":"pause","duration":10},{"type":"keyUp","value":""}]}]}
COMMAND: GET /session/5c358710dd67d6f9b9172afd6139f77d/screenshot - {}
RESULT: {}
COMMAND: POST /session/5c358710dd67d6f9b9172afd6139f77d/element - {"using":"xpath","value":"//bdi[contains(text(), \"Items\")]"}
RESULT: {"using":"xpath","value":"//bdi[contains(text(), \"Items\")]"}
COMMAND: POST /session/5c358710dd67d6f9b9172afd6139f77d/element/f.25FA1F70EC8D54F37F57A975E3D7688B.d.2EA8FF7A7B2E06D8B6D73B25997DBE2B.e.9753/click - {}
RESULT: {}
COMMAND: GET /session/5c358710dd67d6f9b9172afd6139f77d/screenshot - {}
RESULT: {}
COMMAND: POST /session/5c358710dd67d6f9b9172afd6139f77d/element - {"using":"xpath","value":"//button[contains(@data-kt ,\"requestItemAddOverflowToolbarButton\")]"}
RESULT: {"using":"xpath","value":"//button[contains(@data-kt ,\"requestItemAddOverflowToolbarButton\")]"}
COMMAND: POST /session/5c358710dd67d6f9b9172afd6139f77d/element/f.25FA1F70EC8D54F37F57A975E3D7688B.d.2EA8FF7A7B2E06D8B6D73B25997DBE2B.e.9563/click - {}
RESULT: {}
COMMAND: GET /session/5c358710dd67d6f9b9172afd6139f77d/screenshot - {}
RESULT: {}
COMMAND: POST /session/5c358710dd67d6f9b9172afd6139f77d/actions - {"actions":[{"id":"action63","type":"key","parameters":{},"actions":[{"type":"keyDown","value":""},{"type":"pause","duration":10},{"type":"keyUp","value":""}]}]}
RESULT: {"actions":[{"id":"action63","type":"key","parameters":{},"actions":[{"type":"keyDown","value":""},{"type":"pause","duration":10},{"type":"keyUp","value":""}]}]}
COMMAND: POST /session/5c358710dd67d6f9b9172afd6139f77d/actions - {"actions":[{"id":"action64","type":"key","parameters":{},"actions":[{"type":"keyDown","value":""},{"type":"pause","duration":10},{"type":"keyUp","value":""}]}]}
COMMAND: GET /session/5c358710dd67d6f9b9172afd6139f77d/screenshot - {}
RESULT: {"actions":[{"id":"action64","type":"key","parameters":{},"actions":[{"type":"keyDown","value":""},{"type":"pause","duration":10},{"type":"keyUp","value":""}]}]}
COMMAND: POST /session/5c358710dd67d6f9b9172afd6139f77d/element - {"using":"xpath","value":"(//input[contains(@id ,\"requestItemsTable-0-inner\")])[1]"}
COMMAND: GET /session/5c358710dd67d6f9b9172afd6139f77d/screenshot - {}
RESULT: {}
RESULT: {"using":"xpath","value":"(//input[contains(@id ,\"requestItemsTable-0-inner\")])[1]"}
COMMAND: POST /session/5c358710dd67d6f9b9172afd6139f77d/element/f.25FA1F70EC8D54F37F57A975E3D7688B.d.2EA8FF7A7B2E06D8B6D73B25997DBE2B.e.9768/clear - {}
RESULT: {}
RESULT: {}
COMMAND: POST /session/5c358710dd67d6f9b9172afd6139f77d/element/f.25FA1F70EC8D54F37F57A975E3D7688B.d.2EA8FF7A7B2E06D8B6D73B25997DBE2B.e.9768/value - {"text":"catalogItemyba61l"}
COMMAND: GET /session/5c358710dd67d6f9b9172afd6139f77d/screenshot - {}
RESULT: {"text":"catalogItemyba61l"}
COMMAND: GET /session/5c358710dd67d6f9b9172afd6139f77d/screenshot - {}
RESULT: {}
RESULT: {}
COMMAND: POST /session/5c358710dd67d6f9b9172afd6139f77d/actions - {"actions":[{"id":"action65","type":"key","parameters":{},"actions":[{"type":"keyDown","value":""},{"type":"pause","duration":10},{"type":"keyUp","value":""}]}]}
RESULT: {"actions":[{"id":"action65","type":"key","parameters":{},"actions":[{"type":"keyDown","value":""},{"type":"pause","duration":10},{"type":"keyUp","value":""}]}]}
COMMAND: GET /session/5c358710dd67d6f9b9172afd6139f77d/screenshot - {}
RESULT: {}
COMMAND: POST /session/5c358710dd67d6f9b9172afd6139f77d/execute/async - {"script":"<script> [1562 bytes]","args":[{"selector":{"controlType":"sap.ui.core.Icon","viewName":"etm.portal.ui.managerequests.view.NewRequest","properties":{"src":{"regex":{"source":"slim\\-arrow\\-down"}}},"ancestor":{"controlType":"sap.m.Button","viewName":"etm.portal.ui.managerequests.view.NewRequest","properties":{"icon":"sap-icon://slim-arrow-down"}}},"wdio_ui5_key":"etmportal.ui.managerequests.view.NewRequestsap.ui.core.Icon{\"src\":{\"regex\":{\"source\":\"slim\\\\-arrow\\\\-down\"}}}{\"controlType\":\"sap.m.Button\",\"viewName\":\"etm.portal.ui.managerequests.view.NewRequest\",\"properties\":{\"icon\":\"sap-icon://slim-arrow-down\"}}"}]}
RESULT: {"script":"<script> [1562 bytes]","args":[{"selector":{"controlType":"sap.ui.core.Icon","viewName":"etm.portal.ui.managerequests.view.NewRequest","properties":{"src":{"regex":{"source":"slim\\-arrow\\-down"}}},"ancestor":{"controlType":"sap.m.Button","viewName":"etm.portal.ui.managerequests.view.NewRequest","properties":{"icon":"sap-icon://slim-arrow-down"}}},"wdio_ui5_key":"etmportal.ui.managerequests.view.NewRequestsap.ui.core.Icon{\"src\":{\"regex\":{\"source\":\"slim\\\\-arrow\\\\-down\"}}}{\"controlType\":\"sap.m.Button\",\"viewName\":\"etm.portal.ui.managerequests.view.NewRequest\",\"properties\":{\"icon\":\"sap-icon://slim-arrow-down\"}}"}]}
RESULT: undefined
COMMAND: POST /session/5c358710dd67d6f9b9172afd6139f77d/element - {"using":"xpath","value":"//*[@id=\"__title4-expandBtn-img\"]"}
RESULT: {"using":"xpath","value":"//*[@id=\"__title4-expandBtn-img\"]"}
COMMAND: POST /session/5c358710dd67d6f9b9172afd6139f77d/element/f.25FA1F70EC8D54F37F57A975E3D7688B.d.2EA8FF7A7B2E06D8B6D73B25997DBE2B.e.9781/click - {}
RESULT: {}
COMMAND: GET /session/5c358710dd67d6f9b9172afd6139f77d/screenshot - {}
RESULT: {}
COMMAND: POST /session/5c358710dd67d6f9b9172afd6139f77d/element - {"using":"xpath","value":"//div[contains(@data-kt ,\"splitAllocationObjectStatus\")]"}
RESULT: {"using":"xpath","value":"//div[contains(@data-kt ,\"splitAllocationObjectStatus\")]"}
COMMAND: POST /session/5c358710dd67d6f9b9172afd6139f77d/elements - {"using":"xpath","value":"//div[contains(@data-kt ,\"splitAllocationObjectStatus\")]"}
RESULT: {"using":"xpath","value":"//div[contains(@data-kt ,\"splitAllocationObjectStatus\")]"}
COMMAND: POST /session/5c358710dd67d6f9b9172afd6139f77d/execute/async - {"script":"<script> [1562 bytes]","args":[{"selector":{"controlType":"sap.ui.core.Icon","viewName":"etm.portal.ui.managerequests.view.NewRequest","properties":{"src":{"regex":{"source":"message\\-error"}}}},"wdio_ui5_key":"etmportal.ui.managerequests.view.NewRequestsap.ui.core.Icon{\"src\":{\"regex\":{\"source\":\"message\\\\-error\"}}}"}]}
RESULT: {"script":"<script> [1562 bytes]","args":[{"selector":{"controlType":"sap.ui.core.Icon","viewName":"etm.portal.ui.managerequests.view.NewRequest","properties":{"src":{"regex":{"source":"message\\-error"}}}},"wdio_ui5_key":"etmportal.ui.managerequests.view.NewRequestsap.ui.core.Icon{\"src\":{\"regex\":{\"source\":\"message\\\\-error\"}}}"}]}
RESULT: undefined
COMMAND: POST /session/5c358710dd67d6f9b9172afd6139f77d/element - {"using":"xpath","value":"//*[@id=\"__status4-__xmlview1--requestItemsTable-0-icon\"]"}
RESULT: {"using":"xpath","value":"//*[@id=\"__status4-__xmlview1--requestItemsTable-0-icon\"]"}
COMMAND: POST /session/5c358710dd67d6f9b9172afd6139f77d/element/f.25FA1F70EC8D54F37F57A975E3D7688B.d.2EA8FF7A7B2E06D8B6D73B25997DBE2B.e.9786/click - {}
RESULT: {}
COMMAND: POST /session/5c358710dd67d6f9b9172afd6139f77d/execute/async - {"script":"<script> [1562 bytes]","args":[{"selector":{"controlType":"sap.ui.core.Icon","viewName":"etm.portal.ui.managerequests.view.NewRequest","properties":{"src":{"regex":{"source":"slim\\-arrow\\-down"}}},"searchOpenDialogs":true,"ancestor":{"id":"costObjectAdminTypeComboBox","viewName":"etm.portal.ui.managerequests.view.NewRequest","searchOpenDialogs":true}},"wdio_ui5_key":"etmportal.ui.managerequests.view.NewRequestsap.ui.core.Icon{\"src\":{\"regex\":{\"source\":\"slim\\\\-arrow\\\\-down\"}}}{\"id\":\"costObjectAdminTypeComboBox\",\"viewName\":\"etm.portal.ui.managerequests.view.NewRequest\",\"searchOpenDialogs\":true}"}]}
COMMAND: GET /session/5c358710dd67d6f9b9172afd6139f77d/screenshot - {}
RESULT: {"script":"<script> [1562 bytes]","args":[{"selector":{"controlType":"sap.ui.core.Icon","viewName":"etm.portal.ui.managerequests.view.NewRequest","properties":{"src":{"regex":{"source":"slim\\-arrow\\-down"}}},"searchOpenDialogs":true,"ancestor":{"id":"costObjectAdminTypeComboBox","viewName":"etm.portal.ui.managerequests.view.NewRequest","searchOpenDialogs":true}},"wdio_ui5_key":"etmportal.ui.managerequests.view.NewRequestsap.ui.core.Icon{\"src\":{\"regex\":{\"source\":\"slim\\\\-arrow\\\\-down\"}}}{\"id\":\"costObjectAdminTypeComboBox\",\"viewName\":\"etm.portal.ui.managerequests.view.NewRequest\",\"searchOpenDialogs\":true}"}]}
RESULT: undefined
COMMAND: POST /session/5c358710dd67d6f9b9172afd6139f77d/element - {"using":"xpath","value":"//*[@id=\"__xmlview1--costObjectAdminTypeComboBox-arrow\"]"}
RESULT: {}
RESULT: {"using":"xpath","value":"//*[@id=\"__xmlview1--costObjectAdminTypeComboBox-arrow\"]"}
COMMAND: POST /session/5c358710dd67d6f9b9172afd6139f77d/element/f.25FA1F70EC8D54F37F57A975E3D7688B.d.2EA8FF7A7B2E06D8B6D73B25997DBE2B.e.9791/click - {}
RESULT: {}
COMMAND: POST /session/5c358710dd67d6f9b9172afd6139f77d/execute/async - {"script":"<script> [1562 bytes]","args":[{"selector":{"controlType":"sap.m.StandardListItem","viewName":"etm.portal.ui.managerequests.view.NewRequest","properties":{"title":"Cost Center"},"searchOpenDialogs":true,"interaction":{"idSuffix":"titleText"}},"wdio_ui5_key":"etmportal.ui.managerequests.view.NewRequestsap.m.StandardListItem{\"title\":\"Cost Center\"}"}]}
COMMAND: GET /session/5c358710dd67d6f9b9172afd6139f77d/screenshot - {}
RESULT: {"script":"<script> [1562 bytes]","args":[{"selector":{"controlType":"sap.m.StandardListItem","viewName":"etm.portal.ui.managerequests.view.NewRequest","properties":{"title":"Cost Center"},"searchOpenDialogs":true,"interaction":{"idSuffix":"titleText"}},"wdio_ui5_key":"etmportal.ui.managerequests.view.NewRequestsap.m.StandardListItem{\"title\":\"Cost Center\"}"}]}
RESULT: undefined
COMMAND: POST /session/5c358710dd67d6f9b9172afd6139f77d/element - {"using":"xpath","value":"//*[@id=\"__item427\"]"}
RESULT: {}
RESULT: {"using":"xpath","value":"//*[@id=\"__item427\"]"}
COMMAND: POST /session/5c358710dd67d6f9b9172afd6139f77d/element/f.25FA1F70EC8D54F37F57A975E3D7688B.d.2EA8FF7A7B2E06D8B6D73B25997DBE2B.e.9794/click - {}
RESULT: {}
COMMAND: POST /session/5c358710dd67d6f9b9172afd6139f77d/execute/async - {"script":"<script> [1562 bytes]","args":[{"selector":{"controlType":"sap.ui.core.Icon","viewName":"etm.portal.ui.managerequests.view.NewRequest","properties":{"src":{"regex":{"source":"value\\-help"}}},"searchOpenDialogs":true},"wdio_ui5_key":"etmportal.ui.managerequests.view.NewRequestsap.ui.core.Icon{\"src\":{\"regex\":{\"source\":\"value\\\\-help\"}}}"}]}
COMMAND: GET /session/5c358710dd67d6f9b9172afd6139f77d/screenshot - {}
RESULT: {"script":"<script> [1562 bytes]","args":[{"selector":{"controlType":"sap.ui.core.Icon","viewName":"etm.portal.ui.managerequests.view.NewRequest","properties":{"src":{"regex":{"source":"value\\-help"}}},"searchOpenDialogs":true},"wdio_ui5_key":"etmportal.ui.managerequests.view.NewRequestsap.ui.core.Icon{\"src\":{\"regex\":{\"source\":\"value\\\\-help\"}}}"}]}
RESULT: undefined
COMMAND: POST /session/5c358710dd67d6f9b9172afd6139f77d/element - {"using":"xpath","value":"//*[@id=\"__xmlview1--costObjectIdComboBox-vhi\"]"}
RESULT: {}
RESULT: {"using":"xpath","value":"//*[@id=\"__xmlview1--costObjectIdComboBox-vhi\"]"}
COMMAND: POST /session/5c358710dd67d6f9b9172afd6139f77d/element/f.25FA1F70EC8D54F37F57A975E3D7688B.d.2EA8FF7A7B2E06D8B6D73B25997DBE2B.e.9798/click - {}
RESULT: {}
COMMAND: POST /session/5c358710dd67d6f9b9172afd6139f77d/execute/async - {"script":"<script> [1562 bytes]","args":[{"selector":{"controlType":"sap.m.SearchField","properties":{"placeholder":"Search"},"searchOpenDialogs":true,"interaction":{"idSuffix":"I"}},"wdio_ui5_key":"sapm.SearchField{\"placeholder\":\"Search\"}"}]}
COMMAND: GET /session/5c358710dd67d6f9b9172afd6139f77d/screenshot - {}
RESULT: {"script":"<script> [1562 bytes]","args":[{"selector":{"controlType":"sap.m.SearchField","properties":{"placeholder":"Search"},"searchOpenDialogs":true,"interaction":{"idSuffix":"I"}},"wdio_ui5_key":"sapm.SearchField{\"placeholder\":\"Search\"}"}]}
RESULT: undefined
COMMAND: POST /session/5c358710dd67d6f9b9172afd6139f77d/execute/async - {"script":"<script> [776 bytes]","args":[{"enterText":"10001010","selector":{"controlType":"sap.m.SearchField","properties":{"placeholder":"Search"},"searchOpenDialogs":true,"interaction":{"idSuffix":"I"}},"clearTextFirst":true,"interactionType":"ENTER_TEXT"}]}
RESULT: {}
RESULT: {"script":"<script> [776 bytes]","args":[{"enterText":"10001010","selector":{"controlType":"sap.m.SearchField","properties":{"placeholder":"Search"},"searchOpenDialogs":true,"interaction":{"idSuffix":"I"}},"clearTextFirst":true,"interactionType":"ENTER_TEXT"}]}
COMMAND: POST /session/5c358710dd67d6f9b9172afd6139f77d/actions - {"actions":[{"id":"action66","type":"key","parameters":{},"actions":[{"type":"keyDown","value":""},{"type":"pause","duration":10},{"type":"keyUp","value":""}]}]}
RESULT: {"actions":[{"id":"action66","type":"key","parameters":{},"actions":[{"type":"keyDown","value":""},{"type":"pause","duration":10},{"type":"keyUp","value":""}]}]}
COMMAND: GET /session/5c358710dd67d6f9b9172afd6139f77d/screenshot - {}
RESULT: {}
COMMAND: POST /session/5c358710dd67d6f9b9172afd6139f77d/execute/async - {"script":"<script> [1562 bytes]","args":[{"selector":{"controlType":"sap.m.Text","bindingPath":{"path":"/C_CostCtrValueHelp(CostCenter='10001010',ControllingArea='Z001')","propertyPath":"CostCenterName","modelName":"CostCenterModel"},"searchOpenDialogs":true},"wdio_ui5_key":"sapm.Text{\"path\":\"/C_CostCtrValueHelp(CostCenter='10001010',ControllingArea='Z001')\",\"propertyPath\":\"CostCenterName\",\"modelName\":\"CostCenterModel\"}"}]}
RESULT: {"script":"<script> [1562 bytes]","args":[{"selector":{"controlType":"sap.m.Text","bindingPath":{"path":"/C_CostCtrValueHelp(CostCenter='10001010',ControllingArea='Z001')","propertyPath":"CostCenterName","modelName":"CostCenterModel"},"searchOpenDialogs":true},"wdio_ui5_key":"sapm.Text{\"path\":\"/C_CostCtrValueHelp(CostCenter='10001010',ControllingArea='Z001')\",\"propertyPath\":\"CostCenterName\",\"modelName\":\"CostCenterModel\"}"}]}
RESULT: undefined
COMMAND: POST /session/5c358710dd67d6f9b9172afd6139f77d/element - {"using":"xpath","value":"//*[@id=\"__text265-__clone557\"]"}
RESULT: {"using":"xpath","value":"//*[@id=\"__text265-__clone557\"]"}
COMMAND: POST /session/5c358710dd67d6f9b9172afd6139f77d/element/f.25FA1F70EC8D54F37F57A975E3D7688B.d.2EA8FF7A7B2E06D8B6D73B25997DBE2B.e.9838/click - {}
RESULT: {}
COMMAND: POST /session/5c358710dd67d6f9b9172afd6139f77d/execute/async - {"script":"<script> [1562 bytes]","args":[{"selector":{"controlType":"sap.m.Button","properties":{"text":"OK"},"searchOpenDialogs":true,"interaction":{"idSuffix":"BDI-content"}},"wdio_ui5_key":"sapm.Button{\"text\":\"OK\"}"}]}
COMMAND: GET /session/5c358710dd67d6f9b9172afd6139f77d/screenshot - {}
RESULT: {"script":"<script> [1562 bytes]","args":[{"selector":{"controlType":"sap.m.Button","properties":{"text":"OK"},"searchOpenDialogs":true,"interaction":{"idSuffix":"BDI-content"}},"wdio_ui5_key":"sapm.Button{\"text\":\"OK\"}"}]}
RESULT: undefined
COMMAND: POST /session/5c358710dd67d6f9b9172afd6139f77d/element - {"using":"xpath","value":"//*[@id=\"__dialog1-ok\"]"}
RESULT: {}
RESULT: {"using":"xpath","value":"//*[@id=\"__dialog1-ok\"]"}
COMMAND: POST /session/5c358710dd67d6f9b9172afd6139f77d/element/f.25FA1F70EC8D54F37F57A975E3D7688B.d.2EA8FF7A7B2E06D8B6D73B25997DBE2B.e.9840/click - {}
RESULT: {}
COMMAND: GET /session/5c358710dd67d6f9b9172afd6139f77d/screenshot - {}
RESULT: {}
COMMAND: POST /session/5c358710dd67d6f9b9172afd6139f77d/execute/async - {"script":"<script> [1562 bytes]","args":[{"selector":{"controlType":"sap.m.Button","viewName":"etm.portal.ui.managerequests.view.NewRequest","i18NText":{"propertyName":"text","key":"save"},"searchOpenDialogs":true,"interaction":{"idSuffix":"BDI-content"}},"wdio_ui5_key":"etmportal.ui.managerequests.view.NewRequestsap.m.Button{\"propertyName\":\"text\",\"key\":\"save\"}"}]}
RESULT: {"script":"<script> [1562 bytes]","args":[{"selector":{"controlType":"sap.m.Button","viewName":"etm.portal.ui.managerequests.view.NewRequest","i18NText":{"propertyName":"text","key":"save"},"searchOpenDialogs":true,"interaction":{"idSuffix":"BDI-content"}},"wdio_ui5_key":"etmportal.ui.managerequests.view.NewRequestsap.m.Button{\"propertyName\":\"text\",\"key\":\"save\"}"}]}
RESULT: undefined
COMMAND: POST /session/5c358710dd67d6f9b9172afd6139f77d/element - {"using":"xpath","value":"//*[@id=\"__button22\"]"}
RESULT: {"using":"xpath","value":"//*[@id=\"__button22\"]"}
COMMAND: POST /session/5c358710dd67d6f9b9172afd6139f77d/element/f.25FA1F70EC8D54F37F57A975E3D7688B.d.2EA8FF7A7B2E06D8B6D73B25997DBE2B.e.9844/click - {}
RESULT: {}
COMMAND: GET /session/5c358710dd67d6f9b9172afd6139f77d/screenshot - {}
RESULT: {}
COMMAND: POST /session/5c358710dd67d6f9b9172afd6139f77d/element - {"using":"xpath","value":"(//bdi[contains(text() ,\"Save\")])[1]"}
RESULT: {"using":"xpath","value":"(//bdi[contains(text() ,\"Save\")])[1]"}
COMMAND: POST /session/5c358710dd67d6f9b9172afd6139f77d/element/f.25FA1F70EC8D54F37F57A975E3D7688B.d.2EA8FF7A7B2E06D8B6D73B25997DBE2B.e.9846/click - {}
RESULT: {}
COMMAND: GET /session/5c358710dd67d6f9b9172afd6139f77d/screenshot - {}
RESULT: {}
COMMAND: POST /session/5c358710dd67d6f9b9172afd6139f77d/execute/async - {"script":"<script> [1562 bytes]","args":[{"selector":{"controlType":"sap.m.Title","properties":{"text":"Success"},"searchOpenDialogs":true},"wdio_ui5_key":"sapm.Title{\"text\":\"Success\"}"}]}
RESULT: {"script":"<script> [1562 bytes]","args":[{"selector":{"controlType":"sap.m.Title","properties":{"text":"Success"},"searchOpenDialogs":true},"wdio_ui5_key":"sapm.Title{\"text\":\"Success\"}"}]}
RESULT: undefined
COMMAND: POST /session/5c358710dd67d6f9b9172afd6139f77d/execute/async - {"script":"<script> [6424 bytes]","args":[{"element-6066-11e4-a52e-4f735466cecf":"f.25FA1F70EC8D54F37F57A975E3D7688B.d.2EA8FF7A7B2E06D8B6D73B25997DBE2B.e.9849"},"getText",[]]}
RESULT: {"script":"<script> [6424 bytes]","args":[{"element-6066-11e4-a52e-4f735466cecf":"f.25FA1F70EC8D54F37F57A975E3D7688B.d.2EA8FF7A7B2E06D8B6D73B25997DBE2B.e.9849"},"getText",[]]}
COMMAND: POST /session/5c358710dd67d6f9b9172afd6139f77d/execute/async - {"script":"<script> [1562 bytes]","args":[{"selector":{"controlType":"sap.m.Button","properties":{"text":"Close"},"searchOpenDialogs":true,"interaction":{"idSuffix":"BDI-content"}},"wdio_ui5_key":"sapm.Button{\"text\":\"Close\"}"}]}
RESULT: {"script":"<script> [1562 bytes]","args":[{"selector":{"controlType":"sap.m.Button","properties":{"text":"Close"},"searchOpenDialogs":true,"interaction":{"idSuffix":"BDI-content"}},"wdio_ui5_key":"sapm.Button{\"text\":\"Close\"}"}]}
RESULT: undefined
COMMAND: POST /session/5c358710dd67d6f9b9172afd6139f77d/element - {"using":"xpath","value":"//*[@id=\"__mbox-btn-0\"]"}
RESULT: {"using":"xpath","value":"//*[@id=\"__mbox-btn-0\"]"}
COMMAND: POST /session/5c358710dd67d6f9b9172afd6139f77d/element/f.25FA1F70EC8D54F37F57A975E3D7688B.d.2EA8FF7A7B2E06D8B6D73B25997DBE2B.e.9848/click - {}
RESULT: {}
COMMAND: GET /session/5c358710dd67d6f9b9172afd6139f77d/screenshot - {}
RESULT: {}
]]></system-out>
    </testcase>
    <testcase classname="chrome.135_0_7049_42.windows.Reserve/Unreserve_request_item_via_reserve_option_US139161" name="Should navigate to planning board and reserve the resource" time="87.825">
      <system-out><![CDATA[
COMMAND: POST /session/5c358710dd67d6f9b9172afd6139f77d/execute/async - {"script":"<script> [1562 bytes]","args":[{"selector":{"controlType":"sap.m.Button","viewName":"etm.portal.ui.managerequests.view.Detail","i18NText":{"propertyName":"text","key":"planningSituation"},"interaction":{"idSuffix":"BDI-content"}},"wdio_ui5_key":"etmportal.ui.managerequests.view.Detailsap.m.Button{\"propertyName\":\"text\",\"key\":\"planningSituation\"}"}]}
RESULT: {"script":"<script> [1562 bytes]","args":[{"selector":{"controlType":"sap.m.Button","viewName":"etm.portal.ui.managerequests.view.Detail","i18NText":{"propertyName":"text","key":"planningSituation"},"interaction":{"idSuffix":"BDI-content"}},"wdio_ui5_key":"etmportal.ui.managerequests.view.Detailsap.m.Button{\"propertyName\":\"text\",\"key\":\"planningSituation\"}"}]}
RESULT: undefined
COMMAND: POST /session/5c358710dd67d6f9b9172afd6139f77d/element - {"using":"xpath","value":"//*[@id=\"__button25\"]"}
RESULT: {"using":"xpath","value":"//*[@id=\"__button25\"]"}
COMMAND: POST /session/5c358710dd67d6f9b9172afd6139f77d/element/f.25FA1F70EC8D54F37F57A975E3D7688B.d.2EA8FF7A7B2E06D8B6D73B25997DBE2B.e.9867/click - {}
RESULT: {}
COMMAND: GET /session/5c358710dd67d6f9b9172afd6139f77d/screenshot - {}
RESULT: {}
COMMAND: POST /session/5c358710dd67d6f9b9172afd6139f77d/element - {"using":"xpath","value":"(//span[contains(@title ,\"WebdriverYardcqwm7\")])[1]"}
RESULT: {"using":"xpath","value":"(//span[contains(@title ,\"WebdriverYardcqwm7\")])[1]"}
COMMAND: POST /session/5c358710dd67d6f9b9172afd6139f77d/elements - {"using":"xpath","value":"(//span[contains(@title ,\"WebdriverYardcqwm7\")])[1]"}
RESULT: {"using":"xpath","value":"(//span[contains(@title ,\"WebdriverYardcqwm7\")])[1]"}
COMMAND: POST /session/5c358710dd67d6f9b9172afd6139f77d/elements - {"using":"xpath","value":"(//span[contains(@title ,\"WebdriverYardcqwm7\")])[1]"}
RESULT: {"using":"xpath","value":"(//span[contains(@title ,\"WebdriverYardcqwm7\")])[1]"}
COMMAND: POST /session/5c358710dd67d6f9b9172afd6139f77d/elements - {"using":"xpath","value":"(//span[contains(@title ,\"WebdriverYardcqwm7\")])[1]"}
RESULT: {"using":"xpath","value":"(//span[contains(@title ,\"WebdriverYardcqwm7\")])[1]"}
COMMAND: POST /session/5c358710dd67d6f9b9172afd6139f77d/elements - {"using":"xpath","value":"(//span[contains(@title ,\"WebdriverYardcqwm7\")])[1]"}
RESULT: {"using":"xpath","value":"(//span[contains(@title ,\"WebdriverYardcqwm7\")])[1]"}
COMMAND: POST /session/5c358710dd67d6f9b9172afd6139f77d/elements - {"using":"xpath","value":"(//span[contains(@title ,\"WebdriverYardcqwm7\")])[1]"}
RESULT: {"using":"xpath","value":"(//span[contains(@title ,\"WebdriverYardcqwm7\")])[1]"}
COMMAND: POST /session/5c358710dd67d6f9b9172afd6139f77d/elements - {"using":"xpath","value":"(//span[contains(@title ,\"WebdriverYardcqwm7\")])[1]"}
RESULT: {"using":"xpath","value":"(//span[contains(@title ,\"WebdriverYardcqwm7\")])[1]"}
COMMAND: POST /session/5c358710dd67d6f9b9172afd6139f77d/elements - {"using":"xpath","value":"(//span[contains(@title ,\"WebdriverYardcqwm7\")])[1]"}
RESULT: {"using":"xpath","value":"(//span[contains(@title ,\"WebdriverYardcqwm7\")])[1]"}
COMMAND: POST /session/5c358710dd67d6f9b9172afd6139f77d/elements - {"using":"xpath","value":"(//span[contains(@title ,\"WebdriverYardcqwm7\")])[1]"}
RESULT: {"using":"xpath","value":"(//span[contains(@title ,\"WebdriverYardcqwm7\")])[1]"}
COMMAND: POST /session/5c358710dd67d6f9b9172afd6139f77d/element - {"using":"xpath","value":"(//span[contains(@title ,\"WebdriverYardcqwm7\")])[1]"}
RESULT: {"using":"xpath","value":"(//span[contains(@title ,\"WebdriverYardcqwm7\")])[1]"}
COMMAND: POST /session/5c358710dd67d6f9b9172afd6139f77d/execute/sync - {"script":"<script> [8489 bytes]","args":[{"element-6066-11e4-a52e-4f735466cecf":"f.25FA1F70EC8D54F37F57A975E3D7688B.d.2EA8FF7A7B2E06D8B6D73B25997DBE2B.e.10257","ELEMENT":"f.25FA1F70EC8D54F37F57A975E3D7688B.d.2EA8FF7A7B2E06D8B6D73B25997DBE2B.e.10257"}]}
RESULT: {"script":"<script> [8489 bytes]","args":[{"element-6066-11e4-a52e-4f735466cecf":"f.25FA1F70EC8D54F37F57A975E3D7688B.d.2EA8FF7A7B2E06D8B6D73B25997DBE2B.e.10257","ELEMENT":"f.25FA1F70EC8D54F37F57A975E3D7688B.d.2EA8FF7A7B2E06D8B6D73B25997DBE2B.e.10257"}]}
COMMAND: POST /session/5c358710dd67d6f9b9172afd6139f77d/element - {"using":"xpath","value":"(//span[contains(@title ,\"WebdriverYardcqwm7\")])[1]"}
COMMAND: GET /session/5c358710dd67d6f9b9172afd6139f77d/screenshot - {}
RESULT: {"using":"xpath","value":"(//span[contains(@title ,\"WebdriverYardcqwm7\")])[1]"}
COMMAND: POST /session/5c358710dd67d6f9b9172afd6139f77d/actions - {"actions":[{"id":"action67","type":"pointer","parameters":{"pointerType":"mouse"},"actions":[{"type":"pointerMove","button":0,"width":0,"height":0,"pressure":0,"tangentialPressure":0,"tiltX":0,"tiltY":0,"twist":0,"altitudeAngle":0,"_":"5 more keys: [\"azimuthAngle\",\"x\",\"y\",\"duration\",\"origin\"]"},{"type":"pointerDown","button":2,"width":0,"height":0,"pressure":0,"tangentialPressure":0,"tiltX":0,"tiltY":0,"twist":0,"altitudeAngle":0,"_":"1 more keys: [\"azimuthAngle\"]"},{"type":"pointerUp","button":2}]}]}
RESULT: {}
RESULT: {"actions":[{"id":"action67","type":"pointer","parameters":{"pointerType":"mouse"},"actions":[{"type":"pointerMove","button":0,"width":0,"height":0,"pressure":0,"tangentialPressure":0,"tiltX":0,"tiltY":0,"twist":0,"altitudeAngle":0,"_":"5 more keys: [\"azimuthAngle\",\"x\",\"y\",\"duration\",\"origin\"]"},{"type":"pointerDown","button":2,"width":0,"height":0,"pressure":0,"tangentialPressure":0,"tiltX":0,"tiltY":0,"twist":0,"altitudeAngle":0,"_":"1 more keys: [\"azimuthAngle\"]"},{"type":"pointerUp","button":2}]}]}
COMMAND: DELETE /session/5c358710dd67d6f9b9172afd6139f77d/actions - {}
COMMAND: GET /session/5c358710dd67d6f9b9172afd6139f77d/screenshot - {}
RESULT: {}
COMMAND: GET /session/5c358710dd67d6f9b9172afd6139f77d/screenshot - {}
RESULT: {}
RESULT: {}
COMMAND: POST /session/5c358710dd67d6f9b9172afd6139f77d/actions - {"actions":[{"id":"action68","type":"key","parameters":{},"actions":[{"type":"keyDown","value":""},{"type":"pause","duration":10},{"type":"keyUp","value":""}]}]}
RESULT: {"actions":[{"id":"action68","type":"key","parameters":{},"actions":[{"type":"keyDown","value":""},{"type":"pause","duration":10},{"type":"keyUp","value":""}]}]}
COMMAND: GET /session/5c358710dd67d6f9b9172afd6139f77d/screenshot - {}
RESULT: {}
COMMAND: POST /session/5c358710dd67d6f9b9172afd6139f77d/actions - {"actions":[{"id":"action69","type":"key","parameters":{},"actions":[{"type":"keyDown","value":""},{"type":"pause","duration":10},{"type":"keyUp","value":""}]}]}
RESULT: {"actions":[{"id":"action69","type":"key","parameters":{},"actions":[{"type":"keyDown","value":""},{"type":"pause","duration":10},{"type":"keyUp","value":""}]}]}
COMMAND: GET /session/5c358710dd67d6f9b9172afd6139f77d/screenshot - {}
RESULT: {}
COMMAND: POST /session/5c358710dd67d6f9b9172afd6139f77d/execute/async - {"script":"<script> [1562 bytes]","args":[{"selector":{"id":"application-planningboard-display-component---pB_RequestHeader--RUreservationComment","searchOpenDialogs":true,"interaction":{"idSuffix":"inner"}},"wdio_ui5_key":"applicationplanningboard-display-component---pB_RequestHeader--RUreservationComment"}]}
RESULT: {"script":"<script> [1562 bytes]","args":[{"selector":{"id":"application-planningboard-display-component---pB_RequestHeader--RUreservationComment","searchOpenDialogs":true,"interaction":{"idSuffix":"inner"}},"wdio_ui5_key":"applicationplanningboard-display-component---pB_RequestHeader--RUreservationComment"}]}
RESULT: undefined
COMMAND: POST /session/5c358710dd67d6f9b9172afd6139f77d/execute/async - {"script":"<script> [776 bytes]","args":[{"enterText":"WdIORes1wdtba","selector":{"id":"application-planningboard-display-component---pB_RequestHeader--RUreservationComment","searchOpenDialogs":true,"interaction":{"idSuffix":"inner"}},"clearTextFirst":true,"interactionType":"ENTER_TEXT"}]}
RESULT: {"script":"<script> [776 bytes]","args":[{"enterText":"WdIORes1wdtba","selector":{"id":"application-planningboard-display-component---pB_RequestHeader--RUreservationComment","searchOpenDialogs":true,"interaction":{"idSuffix":"inner"}},"clearTextFirst":true,"interactionType":"ENTER_TEXT"}]}
COMMAND: POST /session/5c358710dd67d6f9b9172afd6139f77d/execute/async - {"script":"<script> [1562 bytes]","args":[{"selector":{"controlType":"sap.m.Button","viewName":"etm.portal.ui.planningboard.view.detail.RequestHeader","viewId":"application-planningboard-display-component---pB_RequestHeader","properties":{"text":"Ok"},"searchOpenDialogs":true,"interaction":{"idSuffix":"BDI-content"}},"wdio_ui5_key":"etmportal.ui.planningboard.view.detail.RequestHeadersap.m.Button{\"text\":\"Ok\"}"}]}
RESULT: {"script":"<script> [1562 bytes]","args":[{"selector":{"controlType":"sap.m.Button","viewName":"etm.portal.ui.planningboard.view.detail.RequestHeader","viewId":"application-planningboard-display-component---pB_RequestHeader","properties":{"text":"Ok"},"searchOpenDialogs":true,"interaction":{"idSuffix":"BDI-content"}},"wdio_ui5_key":"etmportal.ui.planningboard.view.detail.RequestHeadersap.m.Button{\"text\":\"Ok\"}"}]}
RESULT: undefined
COMMAND: POST /session/5c358710dd67d6f9b9172afd6139f77d/element - {"using":"xpath","value":"//*[@id=\"__button190\"]"}
RESULT: {"using":"xpath","value":"//*[@id=\"__button190\"]"}
COMMAND: POST /session/5c358710dd67d6f9b9172afd6139f77d/element/f.25FA1F70EC8D54F37F57A975E3D7688B.d.2EA8FF7A7B2E06D8B6D73B25997DBE2B.e.10272/click - {}
RESULT: {}
COMMAND: GET /session/5c358710dd67d6f9b9172afd6139f77d/screenshot - {}
RESULT: {}
COMMAND: POST /session/5c358710dd67d6f9b9172afd6139f77d/element - {"using":"xpath","value":"//span[contains(@title ,\"WebdriverYardcqwm7\")]"}
RESULT: {"using":"xpath","value":"//span[contains(@title ,\"WebdriverYardcqwm7\")]"}
COMMAND: POST /session/5c358710dd67d6f9b9172afd6139f77d/actions - {"actions":[{"id":"action70","type":"pointer","parameters":{"pointerType":"mouse"},"actions":[{"type":"pointerMove","button":0,"width":0,"height":0,"pressure":0,"tangentialPressure":0,"tiltX":0,"tiltY":0,"twist":0,"altitudeAngle":0,"_":"5 more keys: [\"azimuthAngle\",\"x\",\"y\",\"duration\",\"origin\"]"},{"type":"pointerDown","button":2,"width":0,"height":0,"pressure":0,"tangentialPressure":0,"tiltX":0,"tiltY":0,"twist":0,"altitudeAngle":0,"_":"1 more keys: [\"azimuthAngle\"]"},{"type":"pointerUp","button":2}]}]}
RESULT: {"actions":[{"id":"action70","type":"pointer","parameters":{"pointerType":"mouse"},"actions":[{"type":"pointerMove","button":0,"width":0,"height":0,"pressure":0,"tangentialPressure":0,"tiltX":0,"tiltY":0,"twist":0,"altitudeAngle":0,"_":"5 more keys: [\"azimuthAngle\",\"x\",\"y\",\"duration\",\"origin\"]"},{"type":"pointerDown","button":2,"width":0,"height":0,"pressure":0,"tangentialPressure":0,"tiltX":0,"tiltY":0,"twist":0,"altitudeAngle":0,"_":"1 more keys: [\"azimuthAngle\"]"},{"type":"pointerUp","button":2}]}]}
COMMAND: DELETE /session/5c358710dd67d6f9b9172afd6139f77d/actions - {}
COMMAND: GET /session/5c358710dd67d6f9b9172afd6139f77d/screenshot - {}
RESULT: {}
COMMAND: GET /session/5c358710dd67d6f9b9172afd6139f77d/screenshot - {}
RESULT: {}
RESULT: {}
COMMAND: POST /session/5c358710dd67d6f9b9172afd6139f77d/actions - {"actions":[{"id":"action71","type":"key","parameters":{},"actions":[{"type":"keyDown","value":""},{"type":"pause","duration":10},{"type":"keyUp","value":""}]}]}
RESULT: {"actions":[{"id":"action71","type":"key","parameters":{},"actions":[{"type":"keyDown","value":""},{"type":"pause","duration":10},{"type":"keyUp","value":""}]}]}
COMMAND: GET /session/5c358710dd67d6f9b9172afd6139f77d/screenshot - {}
RESULT: {}
COMMAND: POST /session/5c358710dd67d6f9b9172afd6139f77d/actions - {"actions":[{"id":"action72","type":"key","parameters":{},"actions":[{"type":"keyDown","value":""},{"type":"pause","duration":10},{"type":"keyUp","value":""}]}]}
RESULT: {"actions":[{"id":"action72","type":"key","parameters":{},"actions":[{"type":"keyDown","value":""},{"type":"pause","duration":10},{"type":"keyUp","value":""}]}]}
COMMAND: GET /session/5c358710dd67d6f9b9172afd6139f77d/screenshot - {}
RESULT: {}
RESULT: undefined
COMMAND: POST /session/5c358710dd67d6f9b9172afd6139f77d/execute/async - {"script":"<script> [776 bytes]","args":[{"enterText":"WdIORes2yldwn","selector":{"id":"application-planningboard-display-component---pB_RequestHeader--RUreservationComment","searchOpenDialogs":true,"interaction":{"idSuffix":"inner"}},"clearTextFirst":true,"interactionType":"ENTER_TEXT"}]}
RESULT: {"script":"<script> [776 bytes]","args":[{"enterText":"WdIORes2yldwn","selector":{"id":"application-planningboard-display-component---pB_RequestHeader--RUreservationComment","searchOpenDialogs":true,"interaction":{"idSuffix":"inner"}},"clearTextFirst":true,"interactionType":"ENTER_TEXT"}]}
RESULT: undefined
COMMAND: POST /session/5c358710dd67d6f9b9172afd6139f77d/element - {"using":"xpath","value":"//*[@id=\"__button190\"]"}
RESULT: {"using":"xpath","value":"//*[@id=\"__button190\"]"}
COMMAND: POST /session/5c358710dd67d6f9b9172afd6139f77d/element/f.25FA1F70EC8D54F37F57A975E3D7688B.d.2EA8FF7A7B2E06D8B6D73B25997DBE2B.e.10358/click - {}
RESULT: {}
COMMAND: GET /session/5c358710dd67d6f9b9172afd6139f77d/screenshot - {}
RESULT: {}
COMMAND: POST /session/5c358710dd67d6f9b9172afd6139f77d/execute/async - {"script":"<script> [1562 bytes]","args":[{"selector":{"controlType":"sap.m.Button","viewName":"etm.portal.ui.planningboard.view.detail.RequestHeader","viewId":"application-planningboard-display-component---pB_RequestHeader","i18NText":{"propertyName":"text","key":"close"},"ancestor":{"id":"application-planningboard-display-component---pB_RequestHeader--requestItemDetails"},"interaction":{"idSuffix":"BDI-content"}},"wdio_ui5_key":"etmportal.ui.planningboard.view.detail.RequestHeadersap.m.Button{\"propertyName\":\"text\",\"key\":\"close\"}{\"id\":\"application-planningboard-display-component---pB_RequestHeader--requestItemDetails\"}"}]}
RESULT: {"script":"<script> [1562 bytes]","args":[{"selector":{"controlType":"sap.m.Button","viewName":"etm.portal.ui.planningboard.view.detail.RequestHeader","viewId":"application-planningboard-display-component---pB_RequestHeader","i18NText":{"propertyName":"text","key":"close"},"ancestor":{"id":"application-planningboard-display-component---pB_RequestHeader--requestItemDetails"},"interaction":{"idSuffix":"BDI-content"}},"wdio_ui5_key":"etmportal.ui.planningboard.view.detail.RequestHeadersap.m.Button{\"propertyName\":\"text\",\"key\":\"close\"}{\"id\":\"application-planningboard-display-component---pB_RequestHeader--requestItemDetails\"}"}]}
RESULT: undefined
COMMAND: POST /session/5c358710dd67d6f9b9172afd6139f77d/element - {"using":"xpath","value":"//*[@id=\"__button66\"]"}
RESULT: {"using":"xpath","value":"//*[@id=\"__button66\"]"}
COMMAND: POST /session/5c358710dd67d6f9b9172afd6139f77d/element/f.25FA1F70EC8D54F37F57A975E3D7688B.d.2EA8FF7A7B2E06D8B6D73B25997DBE2B.e.10282/click - {}
RESULT: {}
COMMAND: GET /session/5c358710dd67d6f9b9172afd6139f77d/screenshot - {}
RESULT: {}
COMMAND: POST /session/5c358710dd67d6f9b9172afd6139f77d/execute/async - {"script":"<script> [1562 bytes]","args":[{"selector":{"id":"application-planningboard-display-component---pB_Master--selectView","interaction":{"idSuffix":"arrow"}},"wdio_ui5_key":"applicationplanningboard-display-component---pB_Master--selectView"}]}
RESULT: {"script":"<script> [1562 bytes]","args":[{"selector":{"id":"application-planningboard-display-component---pB_Master--selectView","interaction":{"idSuffix":"arrow"}},"wdio_ui5_key":"applicationplanningboard-display-component---pB_Master--selectView"}]}
RESULT: undefined
COMMAND: POST /session/5c358710dd67d6f9b9172afd6139f77d/element - {"using":"xpath","value":"//*[@id=\"application-planningboard-display-component---pB_Master--selectView\"]"}
RESULT: {"using":"xpath","value":"//*[@id=\"application-planningboard-display-component---pB_Master--selectView\"]"}
COMMAND: POST /session/5c358710dd67d6f9b9172afd6139f77d/element/f.25FA1F70EC8D54F37F57A975E3D7688B.d.2EA8FF7A7B2E06D8B6D73B25997DBE2B.e.10675/click - {}
RESULT: {}
COMMAND: GET /session/5c358710dd67d6f9b9172afd6139f77d/screenshot - {}
RESULT: {}
COMMAND: POST /session/5c358710dd67d6f9b9172afd6139f77d/execute/async - {"script":"<script> [1562 bytes]","args":[{"selector":{"controlType":"sap.ui.core.Item","viewName":"etm.portal.ui.planningboard.view.Master","viewId":"application-planningboard-display-component---pB_Master","i18NText":{"propertyName":"text","key":"manageReservations"},"searchOpenDialogs":true},"wdio_ui5_key":"etmportal.ui.planningboard.view.Mastersap.ui.core.Item{\"propertyName\":\"text\",\"key\":\"manageReservations\"}"}]}
RESULT: {"script":"<script> [1562 bytes]","args":[{"selector":{"controlType":"sap.ui.core.Item","viewName":"etm.portal.ui.planningboard.view.Master","viewId":"application-planningboard-display-component---pB_Master","i18NText":{"propertyName":"text","key":"manageReservations"},"searchOpenDialogs":true},"wdio_ui5_key":"etmportal.ui.planningboard.view.Mastersap.ui.core.Item{\"propertyName\":\"text\",\"key\":\"manageReservations\"}"}]}
RESULT: undefined
COMMAND: POST /session/5c358710dd67d6f9b9172afd6139f77d/element - {"using":"xpath","value":"//*[@id=\"__item477\"]"}
RESULT: {"using":"xpath","value":"//*[@id=\"__item477\"]"}
COMMAND: POST /session/5c358710dd67d6f9b9172afd6139f77d/element/f.25FA1F70EC8D54F37F57A975E3D7688B.d.2EA8FF7A7B2E06D8B6D73B25997DBE2B.e.10676/click - {}
RESULT: {}
COMMAND: GET /session/5c358710dd67d6f9b9172afd6139f77d/screenshot - {}
RESULT: {}
COMMAND: POST /session/5c358710dd67d6f9b9172afd6139f77d/element - {"using":"xpath","value":"//span[contains(@id ,\"clone\")][contains(text(), \"WdIORes1wdtba\")]"}
RESULT: {"using":"xpath","value":"//span[contains(@id ,\"clone\")][contains(text(), \"WdIORes1wdtba\")]"}
COMMAND: GET /session/5c358710dd67d6f9b9172afd6139f77d/element/f.25FA1F70EC8D54F37F57A975E3D7688B.d.2EA8FF7A7B2E06D8B6D73B25997DBE2B.e.10691/text - {}
RESULT: {}
COMMAND: POST /session/5c358710dd67d6f9b9172afd6139f77d/element - {"using":"xpath","value":"//span[contains(@id ,\"clone\")][contains(text(), \"WdIORes2yldwn\")]"}
RESULT: {"using":"xpath","value":"//span[contains(@id ,\"clone\")][contains(text(), \"WdIORes2yldwn\")]"}
COMMAND: POST /session/5c358710dd67d6f9b9172afd6139f77d/element/f.25FA1F70EC8D54F37F57A975E3D7688B.d.2EA8FF7A7B2E06D8B6D73B25997DBE2B.e.10692/click - {}
RESULT: {}
COMMAND: GET /session/5c358710dd67d6f9b9172afd6139f77d/screenshot - {}
RESULT: {}
COMMAND: POST /session/5c358710dd67d6f9b9172afd6139f77d/actions - {"actions":[{"id":"action73","type":"key","parameters":{},"actions":[{"type":"keyDown","value":""},{"type":"pause","duration":10},{"type":"keyUp","value":""}]}]}
RESULT: {"actions":[{"id":"action73","type":"key","parameters":{},"actions":[{"type":"keyDown","value":""},{"type":"pause","duration":10},{"type":"keyUp","value":""}]}]}
COMMAND: GET /session/5c358710dd67d6f9b9172afd6139f77d/screenshot - {}
RESULT: {}
COMMAND: POST /session/5c358710dd67d6f9b9172afd6139f77d/execute/async - {"script":"<script> [1562 bytes]","args":[{"selector":{"controlType":"sap.m.Button","viewName":"etm.portal.ui.planningboard.view.detail.Planning","viewId":"application-planningboard-display-component---pB_Planning","i18NText":{"propertyName":"text","key":"unplan"},"interaction":{"idSuffix":"BDI-content"}},"wdio_ui5_key":"etmportal.ui.planningboard.view.detail.Planningsap.m.Button{\"propertyName\":\"text\",\"key\":\"unplan\"}"}]}
RESULT: {"script":"<script> [1562 bytes]","args":[{"selector":{"controlType":"sap.m.Button","viewName":"etm.portal.ui.planningboard.view.detail.Planning","viewId":"application-planningboard-display-component---pB_Planning","i18NText":{"propertyName":"text","key":"unplan"},"interaction":{"idSuffix":"BDI-content"}},"wdio_ui5_key":"etmportal.ui.planningboard.view.detail.Planningsap.m.Button{\"propertyName\":\"text\",\"key\":\"unplan\"}"}]}
RESULT: undefined
COMMAND: POST /session/5c358710dd67d6f9b9172afd6139f77d/element - {"using":"xpath","value":"//*[@id=\"__button256\"]"}
RESULT: {"using":"xpath","value":"//*[@id=\"__button256\"]"}
COMMAND: POST /session/5c358710dd67d6f9b9172afd6139f77d/element/f.25FA1F70EC8D54F37F57A975E3D7688B.d.2EA8FF7A7B2E06D8B6D73B25997DBE2B.e.10747/click - {}
RESULT: {}
COMMAND: GET /session/5c358710dd67d6f9b9172afd6139f77d/screenshot - {}
RESULT: {}
COMMAND: POST /session/5c358710dd67d6f9b9172afd6139f77d/element - {"using":"xpath","value":"//span[contains(@id ,\"clone\")][contains(text(), \"WdIORes2yldwn\")]"}
RESULT: {"using":"xpath","value":"//span[contains(@id ,\"clone\")][contains(text(), \"WdIORes2yldwn\")]"}
COMMAND: POST /session/5c358710dd67d6f9b9172afd6139f77d/element - {"using":"xpath","value":"//span[contains(@id ,\"clone\")][contains(text(), \"WdIORes2yldwn\")]"}
RESULT: {"using":"xpath","value":"//span[contains(@id ,\"clone\")][contains(text(), \"WdIORes2yldwn\")]"}
COMMAND: POST /session/5c358710dd67d6f9b9172afd6139f77d/element - {"using":"xpath","value":"//span[contains(@id ,\"clone\")][contains(text(), \"WdIORes1wdtba\")]"}
RESULT: {"using":"xpath","value":"//span[contains(@id ,\"clone\")][contains(text(), \"WdIORes1wdtba\")]"}
COMMAND: POST /session/5c358710dd67d6f9b9172afd6139f77d/element/f.25FA1F70EC8D54F37F57A975E3D7688B.d.2EA8FF7A7B2E06D8B6D73B25997DBE2B.e.10811/click - {}
RESULT: {}
COMMAND: GET /session/5c358710dd67d6f9b9172afd6139f77d/screenshot - {}
RESULT: {}
COMMAND: POST /session/5c358710dd67d6f9b9172afd6139f77d/actions - {"actions":[{"id":"action74","type":"key","parameters":{},"actions":[{"type":"keyDown","value":""},{"type":"pause","duration":10},{"type":"keyUp","value":""}]}]}
RESULT: {"actions":[{"id":"action74","type":"key","parameters":{},"actions":[{"type":"keyDown","value":""},{"type":"pause","duration":10},{"type":"keyUp","value":""}]}]}
COMMAND: GET /session/5c358710dd67d6f9b9172afd6139f77d/screenshot - {}
RESULT: {}
]]></system-out>
    </testcase>
  </testsuite>
  <testsuite timestamp="2025-04-13T16:08:01" time="30.954" tests="1" failures="0" errors="0" skipped="0">
    <properties>
      <property name="specId" value="0"/>
      <property name="suiteName" value="Reserve/Unreserve request item via reserve option US139161"/>
      <property name="capabilities" value="chrome.135_0_7049_42.windows"/>
      <property name="file" value="file:///D:/a/1/s/test/specs/R2C/manage-reservations-view-planning-board.spec.js"/>
    </properties>
    <testcase classname="chrome.135_0_7049_42.windows.Reserve/Unreserve_request_item_via_reserve_option_US139161" name="Should open a reservation to verify and edit the details" time="30.951">
      <system-out><![CDATA[
COMMAND: POST /session/5c358710dd67d6f9b9172afd6139f77d/element - {"using":"xpath","value":"//button[contains(@data-kt, \"editButton\")]"}
RESULT: {"using":"xpath","value":"//button[contains(@data-kt, \"editButton\")]"}
COMMAND: POST /session/5c358710dd67d6f9b9172afd6139f77d/execute/sync - {"script":"<script> [8489 bytes]","args":[{"element-6066-11e4-a52e-4f735466cecf":"f.25FA1F70EC8D54F37F57A975E3D7688B.d.2EA8FF7A7B2E06D8B6D73B25997DBE2B.e.10854","ELEMENT":"f.25FA1F70EC8D54F37F57A975E3D7688B.d.2EA8FF7A7B2E06D8B6D73B25997DBE2B.e.10854"}]}
RESULT: {"script":"<script> [8489 bytes]","args":[{"element-6066-11e4-a52e-4f735466cecf":"f.25FA1F70EC8D54F37F57A975E3D7688B.d.2EA8FF7A7B2E06D8B6D73B25997DBE2B.e.10854","ELEMENT":"f.25FA1F70EC8D54F37F57A975E3D7688B.d.2EA8FF7A7B2E06D8B6D73B25997DBE2B.e.10854"}]}
COMMAND: POST /session/5c358710dd67d6f9b9172afd6139f77d/element - {"using":"xpath","value":"//button[contains(@data-kt, \"unplanButton\")]"}
COMMAND: GET /session/5c358710dd67d6f9b9172afd6139f77d/screenshot - {}
RESULT: {"using":"xpath","value":"//button[contains(@data-kt, \"unplanButton\")]"}
COMMAND: POST /session/5c358710dd67d6f9b9172afd6139f77d/execute/sync - {"script":"<script> [8489 bytes]","args":[{"element-6066-11e4-a52e-4f735466cecf":"f.25FA1F70EC8D54F37F57A975E3D7688B.d.2EA8FF7A7B2E06D8B6D73B25997DBE2B.e.10865","ELEMENT":"f.25FA1F70EC8D54F37F57A975E3D7688B.d.2EA8FF7A7B2E06D8B6D73B25997DBE2B.e.10865"}]}
RESULT: {}
RESULT: {"script":"<script> [8489 bytes]","args":[{"element-6066-11e4-a52e-4f735466cecf":"f.25FA1F70EC8D54F37F57A975E3D7688B.d.2EA8FF7A7B2E06D8B6D73B25997DBE2B.e.10865","ELEMENT":"f.25FA1F70EC8D54F37F57A975E3D7688B.d.2EA8FF7A7B2E06D8B6D73B25997DBE2B.e.10865"}]}
COMMAND: POST /session/5c358710dd67d6f9b9172afd6139f77d/element - {"using":"xpath","value":"//button[contains(@data-kt, \"editButton\")]"}
COMMAND: GET /session/5c358710dd67d6f9b9172afd6139f77d/screenshot - {}
RESULT: {"using":"xpath","value":"//button[contains(@data-kt, \"editButton\")]"}
COMMAND: POST /session/5c358710dd67d6f9b9172afd6139f77d/element/f.25FA1F70EC8D54F37F57A975E3D7688B.d.2EA8FF7A7B2E06D8B6D73B25997DBE2B.e.10854/click - {}
RESULT: {}
RESULT: {}
COMMAND: POST /session/5c358710dd67d6f9b9172afd6139f77d/element - {"using":"xpath","value":"(//input[contains(@id ,\"picker\")][contains(@aria-roledescription ,\"Date Input\")])[4]"}
COMMAND: GET /session/5c358710dd67d6f9b9172afd6139f77d/screenshot - {}
RESULT: {"using":"xpath","value":"(//input[contains(@id ,\"picker\")][contains(@aria-roledescription ,\"Date Input\")])[4]"}
COMMAND: POST /session/5c358710dd67d6f9b9172afd6139f77d/element/f.25FA1F70EC8D54F37F57A975E3D7688B.d.2EA8FF7A7B2E06D8B6D73B25997DBE2B.e.10833/clear - {}
RESULT: {}
RESULT: {}
COMMAND: POST /session/5c358710dd67d6f9b9172afd6139f77d/element/f.25FA1F70EC8D54F37F57A975E3D7688B.d.2EA8FF7A7B2E06D8B6D73B25997DBE2B.e.10833/value - {"text":"4/15/25"}
COMMAND: GET /session/5c358710dd67d6f9b9172afd6139f77d/screenshot - {}
RESULT: {"text":"4/15/25"}
COMMAND: GET /session/5c358710dd67d6f9b9172afd6139f77d/screenshot - {}
RESULT: {}
RESULT: {}
COMMAND: POST /session/5c358710dd67d6f9b9172afd6139f77d/element - {"using":"xpath","value":"//bdi[contains(text(), \"Save\")]"}
RESULT: {"using":"xpath","value":"//bdi[contains(text(), \"Save\")]"}
COMMAND: POST /session/5c358710dd67d6f9b9172afd6139f77d/element/f.25FA1F70EC8D54F37F57A975E3D7688B.d.2EA8FF7A7B2E06D8B6D73B25997DBE2B.e.10888/click - {}
RESULT: {}
COMMAND: GET /session/5c358710dd67d6f9b9172afd6139f77d/screenshot - {}
RESULT: {}
COMMAND: POST /session/5c358710dd67d6f9b9172afd6139f77d/element - {"using":"xpath","value":"(//input[contains(@id ,\"picker\")][contains(@aria-roledescription ,\"Date Input\")])[4]"}
RESULT: {"using":"xpath","value":"(//input[contains(@id ,\"picker\")][contains(@aria-roledescription ,\"Date Input\")])[4]"}
COMMAND: GET /session/5c358710dd67d6f9b9172afd6139f77d/element/f.25FA1F70EC8D54F37F57A975E3D7688B.d.2EA8FF7A7B2E06D8B6D73B25997DBE2B.e.10833/property/value - {}
RESULT: {}
COMMAND: GET /session/5c358710dd67d6f9b9172afd6139f77d/screenshot - {}
RESULT: {}
COMMAND: POST /session/5c358710dd67d6f9b9172afd6139f77d/element - {"using":"xpath","value":"//bdi[contains(text(), \"Unplan\")]"}
RESULT: {"using":"xpath","value":"//bdi[contains(text(), \"Unplan\")]"}
COMMAND: POST /session/5c358710dd67d6f9b9172afd6139f77d/element/f.25FA1F70EC8D54F37F57A975E3D7688B.d.2EA8FF7A7B2E06D8B6D73B25997DBE2B.e.10900/click - {}
RESULT: {}
COMMAND: GET /session/5c358710dd67d6f9b9172afd6139f77d/screenshot - {}
RESULT: {}
COMMAND: POST /session/5c358710dd67d6f9b9172afd6139f77d/element - {"using":"css selector","value":"#shell-header-logo"}
RESULT: {"using":"css selector","value":"#shell-header-logo"}
COMMAND: POST /session/5c358710dd67d6f9b9172afd6139f77d/element/f.25FA1F70EC8D54F37F57A975E3D7688B.d.2EA8FF7A7B2E06D8B6D73B25997DBE2B.e.9302/click - {}
RESULT: {}
COMMAND: GET /session/5c358710dd67d6f9b9172afd6139f77d/screenshot - {}
]]></system-out>
    </testcase>
  </testsuite>
  <testsuite timestamp="2025-04-13T16:08:32" time="352.86" tests="3" failures="0" errors="0" skipped="0">
    <properties>
      <property name="specId" value="0"/>
      <property name="suiteName" value="Process request items into new quotation US120163"/>
      <property name="capabilities" value="chrome.135_0_7049_42.windows"/>
      <property name="file" value="file:///D:/a/1/s/test/specs/R2C/process-request-items-into-new-quotation.spec.js"/>
    </properties>
    <testcase classname="chrome.135_0_7049_42.windows.Process_request_items_into_new_quotation_US120163" name="Should create a new request with catalog items and plan it" time="218.909">
      <system-out><![CDATA[
COMMAND: POST /session/5c358710dd67d6f9b9172afd6139f77d/element - {"using":"xpath","value":"//*[contains(@href, 'etm.portal.ui.managerequests')]"}
RESULT: {}
RESULT: {"using":"xpath","value":"//*[contains(@href, 'etm.portal.ui.managerequests')]"}
COMMAND: POST /session/5c358710dd67d6f9b9172afd6139f77d/element/f.25FA1F70EC8D54F37F57A975E3D7688B.d.2EA8FF7A7B2E06D8B6D73B25997DBE2B.e.10969/click - {}
RESULT: {}
COMMAND: GET /session/5c358710dd67d6f9b9172afd6139f77d/screenshot - {}
RESULT: {}
COMMAND: POST /session/5c358710dd67d6f9b9172afd6139f77d/refresh - {}
RESULT: {}
COMMAND: GET /session/5c358710dd67d6f9b9172afd6139f77d/screenshot - {}
RESULT: {}
COMMAND: POST /session/5c358710dd67d6f9b9172afd6139f77d/execute/async - {"script":"<script> [189 bytes]","args":[]}
RESULT: {"script":"<script> [189 bytes]","args":[]}
COMMAND: POST /session/5c358710dd67d6f9b9172afd6139f77d/execute/async - {"script":"<script> [123 bytes]","args":[]}
RESULT: {"script":"<script> [123 bytes]","args":[]}
COMMAND: POST /session/5c358710dd67d6f9b9172afd6139f77d/timeouts - {"script":"<number>"}
RESULT: {"script":"<number>"}
COMMAND: GET /session/5c358710dd67d6f9b9172afd6139f77d/timeouts - {}
RESULT: {}
RESULT: undefined
COMMAND: POST /session/5c358710dd67d6f9b9172afd6139f77d/execute/async - {"script":"<script> [2676 bytes]","args":[]}
RESULT: {"script":"<script> [2676 bytes]","args":[]}
COMMAND: POST /session/5c358710dd67d6f9b9172afd6139f77d/execute/async - {"script":"<script> [2342 bytes]","args":[{"protocol":"http","hostname":"0.0.0.0","path":"/","capabilities":{"browserName":"chrome","goog:chromeOptions":{"binary":"C:\\Program Files\\Google\\Chrome\\Application\\chrome.exe"}},"logLevel":"warn","connectionRetryTimeout":120000,"connectionRetryCount":3,"logLevels":{},"enableDirectConnect":true,"strictSSL":true,"_":"65 more keys: [\"cacheDir\",\"port\",\"requestedCapabilities\",\"automationProtocol\",\"baseUrl\",\"waitforInterval\",\"waitforTimeout\",\"onReload\",\"beforeCommand\",\"afterCommand\",\"rootDir\",\"specs\",\"suites\",\"exclude\",\"groupLogsByTestSpec\",\"excludeDriverLogs\",\"bail\",\"framework\",\"reporters\",\"services\",\"maxInstances\",\"maxInstancesPerCapability\",\"injectGlobals\",\"filesToWatch\",\"execArgv\",\"runnerEnv\",\"runner\",\"shard\",\"specFileRetries\",\"specFileRetriesDelay\",\"specFileRetriesDeferred\",\"reporterSyncInterval\",\"reporterSyncTimeout\",\"cucumberFeaturesWithLineNumbers\",\"autoCompileOpts\",\"mochaOpts\",\"jasmineOpts\",\"cucumberOpts\",\"onPrepare\",\"onWorkerStart\",\"onWorkerEnd\",\"before\",\"beforeSession\",\"beforeSuite\",\"beforeHook\",\"beforeTest\",\"afterTest\",\"afterHook\",\"afterSuite\",\"afterSession\",\"after\",\"onComplete\",\"beforeAssertion\",\"afterAssertion\",\"beforeFeature\",\"beforeScenario\",\"beforeStep\",\"afterStep\",\"afterScenario\",\"afterFeature\",\"_\",\"suite\",\"$0\",\"ignoredWorkerServices\",\"wdi5\"]"}]}
RESULT: {"script":"<script> [2342 bytes]","args":[{"protocol":"http","hostname":"0.0.0.0","path":"/","capabilities":{"browserName":"chrome","goog:chromeOptions":{"binary":"C:\\Program Files\\Google\\Chrome\\Application\\chrome.exe"}},"logLevel":"warn","connectionRetryTimeout":120000,"connectionRetryCount":3,"logLevels":{},"enableDirectConnect":true,"strictSSL":true,"_":"65 more keys: [\"cacheDir\",\"port\",\"requestedCapabilities\",\"automationProtocol\",\"baseUrl\",\"waitforInterval\",\"waitforTimeout\",\"onReload\",\"beforeCommand\",\"afterCommand\",\"rootDir\",\"specs\",\"suites\",\"exclude\",\"groupLogsByTestSpec\",\"excludeDriverLogs\",\"bail\",\"framework\",\"reporters\",\"services\",\"maxInstances\",\"maxInstancesPerCapability\",\"injectGlobals\",\"filesToWatch\",\"execArgv\",\"runnerEnv\",\"runner\",\"shard\",\"specFileRetries\",\"specFileRetriesDelay\",\"specFileRetriesDeferred\",\"reporterSyncInterval\",\"reporterSyncTimeout\",\"cucumberFeaturesWithLineNumbers\",\"autoCompileOpts\",\"mochaOpts\",\"jasmineOpts\",\"cucumberOpts\",\"onPrepare\",\"onWorkerStart\",\"onWorkerEnd\",\"before\",\"beforeSession\",\"beforeSuite\",\"beforeHook\",\"beforeTest\",\"afterTest\",\"afterHook\",\"afterSuite\",\"afterSession\",\"after\",\"onComplete\",\"beforeAssertion\",\"afterAssertion\",\"beforeFeature\",\"beforeScenario\",\"beforeStep\",\"afterStep\",\"afterScenario\",\"afterFeature\",\"_\",\"suite\",\"$0\",\"ignoredWorkerServices\",\"wdi5\"]"}]}
COMMAND: POST /session/5c358710dd67d6f9b9172afd6139f77d/execute/async - {"script":"<script> [21126 bytes]","args":[35000]}
RESULT: {"script":"<script> [21126 bytes]","args":[35000]}
COMMAND: POST /session/5c358710dd67d6f9b9172afd6139f77d/element - {"using":"xpath","value":"//button[contains(@data-kt ,\"btnCreateNewOverflowToolbarButton\")]"}
RESULT: {"using":"xpath","value":"//button[contains(@data-kt ,\"btnCreateNewOverflowToolbarButton\")]"}
COMMAND: POST /session/5c358710dd67d6f9b9172afd6139f77d/elements - {"using":"xpath","value":"//button[contains(@data-kt ,\"btnCreateNewOverflowToolbarButton\")]"}
RESULT: {"using":"xpath","value":"//button[contains(@data-kt ,\"btnCreateNewOverflowToolbarButton\")]"}
COMMAND: POST /session/5c358710dd67d6f9b9172afd6139f77d/execute/sync - {"script":"<script> [8489 bytes]","args":[{"element-6066-11e4-a52e-4f735466cecf":"f.25FA1F70EC8D54F37F57A975E3D7688B.d.881F8A2A4C1A9243A0AD473C00217E4F.e.11137","ELEMENT":"f.25FA1F70EC8D54F37F57A975E3D7688B.d.881F8A2A4C1A9243A0AD473C00217E4F.e.11137"}]}
RESULT: {"script":"<script> [8489 bytes]","args":[{"element-6066-11e4-a52e-4f735466cecf":"f.25FA1F70EC8D54F37F57A975E3D7688B.d.881F8A2A4C1A9243A0AD473C00217E4F.e.11137","ELEMENT":"f.25FA1F70EC8D54F37F57A975E3D7688B.d.881F8A2A4C1A9243A0AD473C00217E4F.e.11137"}]}
COMMAND: GET /session/5c358710dd67d6f9b9172afd6139f77d/element/f.25FA1F70EC8D54F37F57A975E3D7688B.d.881F8A2A4C1A9243A0AD473C00217E4F.e.11137/enabled - {}
COMMAND: GET /session/5c358710dd67d6f9b9172afd6139f77d/screenshot - {}
RESULT: {}
COMMAND: POST /session/5c358710dd67d6f9b9172afd6139f77d/execute/sync - {"script":"<script> [8489 bytes]","args":[{"element-6066-11e4-a52e-4f735466cecf":"f.25FA1F70EC8D54F37F57A975E3D7688B.d.881F8A2A4C1A9243A0AD473C00217E4F.e.11137","ELEMENT":"f.25FA1F70EC8D54F37F57A975E3D7688B.d.881F8A2A4C1A9243A0AD473C00217E4F.e.11137"}]}
COMMAND: GET /session/5c358710dd67d6f9b9172afd6139f77d/screenshot - {}
RESULT: {}
RESULT: {"script":"<script> [8489 bytes]","args":[{"element-6066-11e4-a52e-4f735466cecf":"f.25FA1F70EC8D54F37F57A975E3D7688B.d.881F8A2A4C1A9243A0AD473C00217E4F.e.11137","ELEMENT":"f.25FA1F70EC8D54F37F57A975E3D7688B.d.881F8A2A4C1A9243A0AD473C00217E4F.e.11137"}]}
COMMAND: POST /session/5c358710dd67d6f9b9172afd6139f77d/execute/sync - {"script":"<script> [5351 bytes]","args":[{"element-6066-11e4-a52e-4f735466cecf":"f.25FA1F70EC8D54F37F57A975E3D7688B.d.881F8A2A4C1A9243A0AD473C00217E4F.e.11137","ELEMENT":"f.25FA1F70EC8D54F37F57A975E3D7688B.d.881F8A2A4C1A9243A0AD473C00217E4F.e.11137"}]}
COMMAND: GET /session/5c358710dd67d6f9b9172afd6139f77d/screenshot - {}
RESULT: {}
RESULT: {"script":"<script> [5351 bytes]","args":[{"element-6066-11e4-a52e-4f735466cecf":"f.25FA1F70EC8D54F37F57A975E3D7688B.d.881F8A2A4C1A9243A0AD473C00217E4F.e.11137","ELEMENT":"f.25FA1F70EC8D54F37F57A975E3D7688B.d.881F8A2A4C1A9243A0AD473C00217E4F.e.11137"}]}
COMMAND: POST /session/5c358710dd67d6f9b9172afd6139f77d/element/f.25FA1F70EC8D54F37F57A975E3D7688B.d.881F8A2A4C1A9243A0AD473C00217E4F.e.11137/click - {}
RESULT: {}
COMMAND: GET /session/5c358710dd67d6f9b9172afd6139f77d/screenshot - {}
RESULT: {}
COMMAND: GET /session/5c358710dd67d6f9b9172afd6139f77d/screenshot - {}
RESULT: {}
RESULT: {}
COMMAND: POST /session/5c358710dd67d6f9b9172afd6139f77d/element - {"using":"xpath","value":"//input[contains(@id ,\"yardId-inner\")]"}
RESULT: {"using":"xpath","value":"//input[contains(@id ,\"yardId-inner\")]"}
COMMAND: POST /session/5c358710dd67d6f9b9172afd6139f77d/execute/sync - {"script":"<script> [8489 bytes]","args":[{"element-6066-11e4-a52e-4f735466cecf":"f.25FA1F70EC8D54F37F57A975E3D7688B.d.881F8A2A4C1A9243A0AD473C00217E4F.e.11393","ELEMENT":"f.25FA1F70EC8D54F37F57A975E3D7688B.d.881F8A2A4C1A9243A0AD473C00217E4F.e.11393"}]}
RESULT: {"script":"<script> [8489 bytes]","args":[{"element-6066-11e4-a52e-4f735466cecf":"f.25FA1F70EC8D54F37F57A975E3D7688B.d.881F8A2A4C1A9243A0AD473C00217E4F.e.11393","ELEMENT":"f.25FA1F70EC8D54F37F57A975E3D7688B.d.881F8A2A4C1A9243A0AD473C00217E4F.e.11393"}]}
COMMAND: POST /session/5c358710dd67d6f9b9172afd6139f77d/element - {"using":"xpath","value":"//input[contains(@id ,\"yardId-inner\")]"}
COMMAND: GET /session/5c358710dd67d6f9b9172afd6139f77d/screenshot - {}
RESULT: {"using":"xpath","value":"//input[contains(@id ,\"yardId-inner\")]"}
COMMAND: POST /session/5c358710dd67d6f9b9172afd6139f77d/element/f.25FA1F70EC8D54F37F57A975E3D7688B.d.881F8A2A4C1A9243A0AD473C00217E4F.e.11393/value - {"text":"WebdriverYardcqwm7"}
RESULT: {}
RESULT: {"text":"WebdriverYardcqwm7"}
COMMAND: GET /session/5c358710dd67d6f9b9172afd6139f77d/screenshot - {}
RESULT: {}
COMMAND: POST /session/5c358710dd67d6f9b9172afd6139f77d/actions - {"actions":[{"id":"action75","type":"key","parameters":{},"actions":[{"type":"keyDown","value":""},{"type":"pause","duration":10},{"type":"keyUp","value":""}]}]}
RESULT: {"actions":[{"id":"action75","type":"key","parameters":{},"actions":[{"type":"keyDown","value":""},{"type":"pause","duration":10},{"type":"keyUp","value":""}]}]}
COMMAND: GET /session/5c358710dd67d6f9b9172afd6139f77d/screenshot - {}
RESULT: {}
COMMAND: POST /session/5c358710dd67d6f9b9172afd6139f77d/element - {"using":"xpath","value":"//input[contains(@id ,\"customerNumber-inner\")]"}
RESULT: {"using":"xpath","value":"//input[contains(@id ,\"customerNumber-inner\")]"}
COMMAND: POST /session/5c358710dd67d6f9b9172afd6139f77d/element/f.25FA1F70EC8D54F37F57A975E3D7688B.d.881F8A2A4C1A9243A0AD473C00217E4F.e.11387/value - {"text":"WebdriverPartnersgf22"}
RESULT: {"text":"WebdriverPartnersgf22"}
COMMAND: GET /session/5c358710dd67d6f9b9172afd6139f77d/screenshot - {}
RESULT: {}
COMMAND: POST /session/5c358710dd67d6f9b9172afd6139f77d/actions - {"actions":[{"id":"action76","type":"key","parameters":{},"actions":[{"type":"keyDown","value":""},{"type":"pause","duration":10},{"type":"keyUp","value":""}]}]}
RESULT: {"actions":[{"id":"action76","type":"key","parameters":{},"actions":[{"type":"keyDown","value":""},{"type":"pause","duration":10},{"type":"keyUp","value":""}]}]}
COMMAND: GET /session/5c358710dd67d6f9b9172afd6139f77d/screenshot - {}
RESULT: {}
COMMAND: POST /session/5c358710dd67d6f9b9172afd6139f77d/element - {"using":"xpath","value":"//input[contains(@id ,\"requestSiteId-inner\")]"}
RESULT: {"using":"xpath","value":"//input[contains(@id ,\"requestSiteId-inner\")]"}
COMMAND: POST /session/5c358710dd67d6f9b9172afd6139f77d/element/f.25FA1F70EC8D54F37F57A975E3D7688B.d.881F8A2A4C1A9243A0AD473C00217E4F.e.11386/value - {"text":"WebdriverSitexeqhe"}
RESULT: {"text":"WebdriverSitexeqhe"}
COMMAND: GET /session/5c358710dd67d6f9b9172afd6139f77d/screenshot - {}
RESULT: {}
COMMAND: POST /session/5c358710dd67d6f9b9172afd6139f77d/actions - {"actions":[{"id":"action77","type":"key","parameters":{},"actions":[{"type":"keyDown","value":""},{"type":"pause","duration":10},{"type":"keyUp","value":""}]}]}
RESULT: {"actions":[{"id":"action77","type":"key","parameters":{},"actions":[{"type":"keyDown","value":""},{"type":"pause","duration":10},{"type":"keyUp","value":""}]}]}
COMMAND: GET /session/5c358710dd67d6f9b9172afd6139f77d/screenshot - {}
RESULT: {}
COMMAND: POST /session/5c358710dd67d6f9b9172afd6139f77d/element - {"using":"xpath","value":"//bdi[contains(text(), \"Items\")]"}
RESULT: {"using":"xpath","value":"//bdi[contains(text(), \"Items\")]"}
COMMAND: POST /session/5c358710dd67d6f9b9172afd6139f77d/element/f.25FA1F70EC8D54F37F57A975E3D7688B.d.881F8A2A4C1A9243A0AD473C00217E4F.e.11538/click - {}
RESULT: {}
COMMAND: GET /session/5c358710dd67d6f9b9172afd6139f77d/screenshot - {}
RESULT: {}
COMMAND: POST /session/5c358710dd67d6f9b9172afd6139f77d/element - {"using":"xpath","value":"//button[contains(@data-kt ,\"requestItemAddOverflowToolbarButton\")]"}
RESULT: {"using":"xpath","value":"//button[contains(@data-kt ,\"requestItemAddOverflowToolbarButton\")]"}
COMMAND: POST /session/5c358710dd67d6f9b9172afd6139f77d/element/f.25FA1F70EC8D54F37F57A975E3D7688B.d.881F8A2A4C1A9243A0AD473C00217E4F.e.11365/click - {}
RESULT: {}
COMMAND: GET /session/5c358710dd67d6f9b9172afd6139f77d/screenshot - {}
RESULT: {}
COMMAND: POST /session/5c358710dd67d6f9b9172afd6139f77d/actions - {"actions":[{"id":"action78","type":"key","parameters":{},"actions":[{"type":"keyDown","value":""},{"type":"pause","duration":10},{"type":"keyUp","value":""}]}]}
RESULT: {"actions":[{"id":"action78","type":"key","parameters":{},"actions":[{"type":"keyDown","value":""},{"type":"pause","duration":10},{"type":"keyUp","value":""}]}]}
COMMAND: POST /session/5c358710dd67d6f9b9172afd6139f77d/actions - {"actions":[{"id":"action79","type":"key","parameters":{},"actions":[{"type":"keyDown","value":""},{"type":"pause","duration":10},{"type":"keyUp","value":""}]}]}
COMMAND: GET /session/5c358710dd67d6f9b9172afd6139f77d/screenshot - {}
RESULT: {"actions":[{"id":"action79","type":"key","parameters":{},"actions":[{"type":"keyDown","value":""},{"type":"pause","duration":10},{"type":"keyUp","value":""}]}]}
COMMAND: POST /session/5c358710dd67d6f9b9172afd6139f77d/element - {"using":"xpath","value":"(//input[contains(@id ,\"requestItemsTable-0-inner\")])[1]"}
COMMAND: GET /session/5c358710dd67d6f9b9172afd6139f77d/screenshot - {}
RESULT: {}
RESULT: {"using":"xpath","value":"(//input[contains(@id ,\"requestItemsTable-0-inner\")])[1]"}
COMMAND: POST /session/5c358710dd67d6f9b9172afd6139f77d/element/f.25FA1F70EC8D54F37F57A975E3D7688B.d.881F8A2A4C1A9243A0AD473C00217E4F.e.11553/clear - {}
RESULT: {}
RESULT: {}
COMMAND: POST /session/5c358710dd67d6f9b9172afd6139f77d/element/f.25FA1F70EC8D54F37F57A975E3D7688B.d.881F8A2A4C1A9243A0AD473C00217E4F.e.11553/value - {"text":"catalogItemyba61l"}
COMMAND: GET /session/5c358710dd67d6f9b9172afd6139f77d/screenshot - {}
RESULT: {"text":"catalogItemyba61l"}
COMMAND: GET /session/5c358710dd67d6f9b9172afd6139f77d/screenshot - {}
RESULT: {}
RESULT: {}
COMMAND: POST /session/5c358710dd67d6f9b9172afd6139f77d/actions - {"actions":[{"id":"action80","type":"key","parameters":{},"actions":[{"type":"keyDown","value":""},{"type":"pause","duration":10},{"type":"keyUp","value":""}]}]}
RESULT: {"actions":[{"id":"action80","type":"key","parameters":{},"actions":[{"type":"keyDown","value":""},{"type":"pause","duration":10},{"type":"keyUp","value":""}]}]}
COMMAND: GET /session/5c358710dd67d6f9b9172afd6139f77d/screenshot - {}
RESULT: {}
COMMAND: POST /session/5c358710dd67d6f9b9172afd6139f77d/execute/async - {"script":"<script> [1562 bytes]","args":[{"selector":{"controlType":"sap.ui.core.Icon","viewName":"etm.portal.ui.managerequests.view.NewRequest","properties":{"src":{"regex":{"source":"slim\\-arrow\\-down"}}},"ancestor":{"controlType":"sap.m.Button","viewName":"etm.portal.ui.managerequests.view.NewRequest","properties":{"icon":"sap-icon://slim-arrow-down"}}},"wdio_ui5_key":"etmportal.ui.managerequests.view.NewRequestsap.ui.core.Icon{\"src\":{\"regex\":{\"source\":\"slim\\\\-arrow\\\\-down\"}}}{\"controlType\":\"sap.m.Button\",\"viewName\":\"etm.portal.ui.managerequests.view.NewRequest\",\"properties\":{\"icon\":\"sap-icon://slim-arrow-down\"}}"}]}
RESULT: {"script":"<script> [1562 bytes]","args":[{"selector":{"controlType":"sap.ui.core.Icon","viewName":"etm.portal.ui.managerequests.view.NewRequest","properties":{"src":{"regex":{"source":"slim\\-arrow\\-down"}}},"ancestor":{"controlType":"sap.m.Button","viewName":"etm.portal.ui.managerequests.view.NewRequest","properties":{"icon":"sap-icon://slim-arrow-down"}}},"wdio_ui5_key":"etmportal.ui.managerequests.view.NewRequestsap.ui.core.Icon{\"src\":{\"regex\":{\"source\":\"slim\\\\-arrow\\\\-down\"}}}{\"controlType\":\"sap.m.Button\",\"viewName\":\"etm.portal.ui.managerequests.view.NewRequest\",\"properties\":{\"icon\":\"sap-icon://slim-arrow-down\"}}"}]}
RESULT: undefined
COMMAND: POST /session/5c358710dd67d6f9b9172afd6139f77d/element - {"using":"xpath","value":"//*[@id=\"__title4-expandBtn-img\"]"}
RESULT: {"using":"xpath","value":"//*[@id=\"__title4-expandBtn-img\"]"}
COMMAND: POST /session/5c358710dd67d6f9b9172afd6139f77d/element/f.25FA1F70EC8D54F37F57A975E3D7688B.d.881F8A2A4C1A9243A0AD473C00217E4F.e.11566/click - {}
RESULT: {}
COMMAND: GET /session/5c358710dd67d6f9b9172afd6139f77d/screenshot - {}
RESULT: {}
COMMAND: POST /session/5c358710dd67d6f9b9172afd6139f77d/element - {"using":"xpath","value":"//div[contains(@data-kt ,\"splitAllocationObjectStatus\")]"}
RESULT: {"using":"xpath","value":"//div[contains(@data-kt ,\"splitAllocationObjectStatus\")]"}
COMMAND: POST /session/5c358710dd67d6f9b9172afd6139f77d/elements - {"using":"xpath","value":"//div[contains(@data-kt ,\"splitAllocationObjectStatus\")]"}
RESULT: {"using":"xpath","value":"//div[contains(@data-kt ,\"splitAllocationObjectStatus\")]"}
COMMAND: POST /session/5c358710dd67d6f9b9172afd6139f77d/execute/async - {"script":"<script> [1562 bytes]","args":[{"selector":{"controlType":"sap.ui.core.Icon","viewName":"etm.portal.ui.managerequests.view.NewRequest","properties":{"src":{"regex":{"source":"message\\-error"}}}},"wdio_ui5_key":"etmportal.ui.managerequests.view.NewRequestsap.ui.core.Icon{\"src\":{\"regex\":{\"source\":\"message\\\\-error\"}}}"}]}
RESULT: {"script":"<script> [1562 bytes]","args":[{"selector":{"controlType":"sap.ui.core.Icon","viewName":"etm.portal.ui.managerequests.view.NewRequest","properties":{"src":{"regex":{"source":"message\\-error"}}}},"wdio_ui5_key":"etmportal.ui.managerequests.view.NewRequestsap.ui.core.Icon{\"src\":{\"regex\":{\"source\":\"message\\\\-error\"}}}"}]}
RESULT: undefined
COMMAND: POST /session/5c358710dd67d6f9b9172afd6139f77d/element - {"using":"xpath","value":"//*[@id=\"__status4-__xmlview1--requestItemsTable-0-icon\"]"}
RESULT: {"using":"xpath","value":"//*[@id=\"__status4-__xmlview1--requestItemsTable-0-icon\"]"}
COMMAND: POST /session/5c358710dd67d6f9b9172afd6139f77d/element/f.25FA1F70EC8D54F37F57A975E3D7688B.d.881F8A2A4C1A9243A0AD473C00217E4F.e.11571/click - {}
RESULT: {}
COMMAND: POST /session/5c358710dd67d6f9b9172afd6139f77d/execute/async - {"script":"<script> [1562 bytes]","args":[{"selector":{"controlType":"sap.ui.core.Icon","viewName":"etm.portal.ui.managerequests.view.NewRequest","properties":{"src":{"regex":{"source":"slim\\-arrow\\-down"}}},"searchOpenDialogs":true,"ancestor":{"id":"costObjectAdminTypeComboBox","viewName":"etm.portal.ui.managerequests.view.NewRequest","searchOpenDialogs":true}},"wdio_ui5_key":"etmportal.ui.managerequests.view.NewRequestsap.ui.core.Icon{\"src\":{\"regex\":{\"source\":\"slim\\\\-arrow\\\\-down\"}}}{\"id\":\"costObjectAdminTypeComboBox\",\"viewName\":\"etm.portal.ui.managerequests.view.NewRequest\",\"searchOpenDialogs\":true}"}]}
COMMAND: GET /session/5c358710dd67d6f9b9172afd6139f77d/screenshot - {}
RESULT: {"script":"<script> [1562 bytes]","args":[{"selector":{"controlType":"sap.ui.core.Icon","viewName":"etm.portal.ui.managerequests.view.NewRequest","properties":{"src":{"regex":{"source":"slim\\-arrow\\-down"}}},"searchOpenDialogs":true,"ancestor":{"id":"costObjectAdminTypeComboBox","viewName":"etm.portal.ui.managerequests.view.NewRequest","searchOpenDialogs":true}},"wdio_ui5_key":"etmportal.ui.managerequests.view.NewRequestsap.ui.core.Icon{\"src\":{\"regex\":{\"source\":\"slim\\\\-arrow\\\\-down\"}}}{\"id\":\"costObjectAdminTypeComboBox\",\"viewName\":\"etm.portal.ui.managerequests.view.NewRequest\",\"searchOpenDialogs\":true}"}]}
RESULT: undefined
COMMAND: POST /session/5c358710dd67d6f9b9172afd6139f77d/element - {"using":"xpath","value":"//*[@id=\"__xmlview1--costObjectAdminTypeComboBox-arrow\"]"}
RESULT: {}
RESULT: {"using":"xpath","value":"//*[@id=\"__xmlview1--costObjectAdminTypeComboBox-arrow\"]"}
COMMAND: POST /session/5c358710dd67d6f9b9172afd6139f77d/element/f.25FA1F70EC8D54F37F57A975E3D7688B.d.881F8A2A4C1A9243A0AD473C00217E4F.e.11576/click - {}
RESULT: {}
COMMAND: POST /session/5c358710dd67d6f9b9172afd6139f77d/execute/async - {"script":"<script> [1562 bytes]","args":[{"selector":{"controlType":"sap.m.StandardListItem","viewName":"etm.portal.ui.managerequests.view.NewRequest","properties":{"title":"Cost Center"},"searchOpenDialogs":true,"interaction":{"idSuffix":"titleText"}},"wdio_ui5_key":"etmportal.ui.managerequests.view.NewRequestsap.m.StandardListItem{\"title\":\"Cost Center\"}"}]}
COMMAND: GET /session/5c358710dd67d6f9b9172afd6139f77d/screenshot - {}
RESULT: {"script":"<script> [1562 bytes]","args":[{"selector":{"controlType":"sap.m.StandardListItem","viewName":"etm.portal.ui.managerequests.view.NewRequest","properties":{"title":"Cost Center"},"searchOpenDialogs":true,"interaction":{"idSuffix":"titleText"}},"wdio_ui5_key":"etmportal.ui.managerequests.view.NewRequestsap.m.StandardListItem{\"title\":\"Cost Center\"}"}]}
RESULT: undefined
COMMAND: POST /session/5c358710dd67d6f9b9172afd6139f77d/element - {"using":"xpath","value":"//*[@id=\"__item427\"]"}
RESULT: {}
RESULT: {"using":"xpath","value":"//*[@id=\"__item427\"]"}
COMMAND: POST /session/5c358710dd67d6f9b9172afd6139f77d/element/f.25FA1F70EC8D54F37F57A975E3D7688B.d.881F8A2A4C1A9243A0AD473C00217E4F.e.11579/click - {}
RESULT: {}
COMMAND: POST /session/5c358710dd67d6f9b9172afd6139f77d/execute/async - {"script":"<script> [1562 bytes]","args":[{"selector":{"controlType":"sap.ui.core.Icon","viewName":"etm.portal.ui.managerequests.view.NewRequest","properties":{"src":{"regex":{"source":"value\\-help"}}},"searchOpenDialogs":true},"wdio_ui5_key":"etmportal.ui.managerequests.view.NewRequestsap.ui.core.Icon{\"src\":{\"regex\":{\"source\":\"value\\\\-help\"}}}"}]}
COMMAND: GET /session/5c358710dd67d6f9b9172afd6139f77d/screenshot - {}
RESULT: {"script":"<script> [1562 bytes]","args":[{"selector":{"controlType":"sap.ui.core.Icon","viewName":"etm.portal.ui.managerequests.view.NewRequest","properties":{"src":{"regex":{"source":"value\\-help"}}},"searchOpenDialogs":true},"wdio_ui5_key":"etmportal.ui.managerequests.view.NewRequestsap.ui.core.Icon{\"src\":{\"regex\":{\"source\":\"value\\\\-help\"}}}"}]}
RESULT: undefined
COMMAND: POST /session/5c358710dd67d6f9b9172afd6139f77d/element - {"using":"xpath","value":"//*[@id=\"__xmlview1--costObjectIdComboBox-vhi\"]"}
RESULT: {}
RESULT: {"using":"xpath","value":"//*[@id=\"__xmlview1--costObjectIdComboBox-vhi\"]"}
COMMAND: POST /session/5c358710dd67d6f9b9172afd6139f77d/element/f.25FA1F70EC8D54F37F57A975E3D7688B.d.881F8A2A4C1A9243A0AD473C00217E4F.e.11583/click - {}
RESULT: {}
COMMAND: POST /session/5c358710dd67d6f9b9172afd6139f77d/execute/async - {"script":"<script> [1562 bytes]","args":[{"selector":{"controlType":"sap.m.SearchField","properties":{"placeholder":"Search"},"searchOpenDialogs":true,"interaction":{"idSuffix":"I"}},"wdio_ui5_key":"sapm.SearchField{\"placeholder\":\"Search\"}"}]}
COMMAND: GET /session/5c358710dd67d6f9b9172afd6139f77d/screenshot - {}
RESULT: {"script":"<script> [1562 bytes]","args":[{"selector":{"controlType":"sap.m.SearchField","properties":{"placeholder":"Search"},"searchOpenDialogs":true,"interaction":{"idSuffix":"I"}},"wdio_ui5_key":"sapm.SearchField{\"placeholder\":\"Search\"}"}]}
RESULT: undefined
COMMAND: POST /session/5c358710dd67d6f9b9172afd6139f77d/execute/async - {"script":"<script> [776 bytes]","args":[{"enterText":"10001010","selector":{"controlType":"sap.m.SearchField","properties":{"placeholder":"Search"},"searchOpenDialogs":true,"interaction":{"idSuffix":"I"}},"clearTextFirst":true,"interactionType":"ENTER_TEXT"}]}
RESULT: {}
RESULT: {"script":"<script> [776 bytes]","args":[{"enterText":"10001010","selector":{"controlType":"sap.m.SearchField","properties":{"placeholder":"Search"},"searchOpenDialogs":true,"interaction":{"idSuffix":"I"}},"clearTextFirst":true,"interactionType":"ENTER_TEXT"}]}
COMMAND: POST /session/5c358710dd67d6f9b9172afd6139f77d/actions - {"actions":[{"id":"action81","type":"key","parameters":{},"actions":[{"type":"keyDown","value":""},{"type":"pause","duration":10},{"type":"keyUp","value":""}]}]}
RESULT: {"actions":[{"id":"action81","type":"key","parameters":{},"actions":[{"type":"keyDown","value":""},{"type":"pause","duration":10},{"type":"keyUp","value":""}]}]}
COMMAND: GET /session/5c358710dd67d6f9b9172afd6139f77d/screenshot - {}
RESULT: {}
COMMAND: POST /session/5c358710dd67d6f9b9172afd6139f77d/execute/async - {"script":"<script> [1562 bytes]","args":[{"selector":{"controlType":"sap.m.Text","bindingPath":{"path":"/C_CostCtrValueHelp(CostCenter='10001010',ControllingArea='Z001')","propertyPath":"CostCenterName","modelName":"CostCenterModel"},"searchOpenDialogs":true},"wdio_ui5_key":"sapm.Text{\"path\":\"/C_CostCtrValueHelp(CostCenter='10001010',ControllingArea='Z001')\",\"propertyPath\":\"CostCenterName\",\"modelName\":\"CostCenterModel\"}"}]}
RESULT: {"script":"<script> [1562 bytes]","args":[{"selector":{"controlType":"sap.m.Text","bindingPath":{"path":"/C_CostCtrValueHelp(CostCenter='10001010',ControllingArea='Z001')","propertyPath":"CostCenterName","modelName":"CostCenterModel"},"searchOpenDialogs":true},"wdio_ui5_key":"sapm.Text{\"path\":\"/C_CostCtrValueHelp(CostCenter='10001010',ControllingArea='Z001')\",\"propertyPath\":\"CostCenterName\",\"modelName\":\"CostCenterModel\"}"}]}
RESULT: undefined
COMMAND: POST /session/5c358710dd67d6f9b9172afd6139f77d/element - {"using":"xpath","value":"//*[@id=\"__text265-__clone557\"]"}
RESULT: {"using":"xpath","value":"//*[@id=\"__text265-__clone557\"]"}
COMMAND: POST /session/5c358710dd67d6f9b9172afd6139f77d/element/f.25FA1F70EC8D54F37F57A975E3D7688B.d.881F8A2A4C1A9243A0AD473C00217E4F.e.11623/click - {}
RESULT: {}
COMMAND: POST /session/5c358710dd67d6f9b9172afd6139f77d/execute/async - {"script":"<script> [1562 bytes]","args":[{"selector":{"controlType":"sap.m.Button","properties":{"text":"OK"},"searchOpenDialogs":true,"interaction":{"idSuffix":"BDI-content"}},"wdio_ui5_key":"sapm.Button{\"text\":\"OK\"}"}]}
COMMAND: GET /session/5c358710dd67d6f9b9172afd6139f77d/screenshot - {}
RESULT: {"script":"<script> [1562 bytes]","args":[{"selector":{"controlType":"sap.m.Button","properties":{"text":"OK"},"searchOpenDialogs":true,"interaction":{"idSuffix":"BDI-content"}},"wdio_ui5_key":"sapm.Button{\"text\":\"OK\"}"}]}
RESULT: undefined
COMMAND: POST /session/5c358710dd67d6f9b9172afd6139f77d/element - {"using":"xpath","value":"//*[@id=\"__dialog1-ok\"]"}
RESULT: {}
RESULT: {"using":"xpath","value":"//*[@id=\"__dialog1-ok\"]"}
COMMAND: POST /session/5c358710dd67d6f9b9172afd6139f77d/element/f.25FA1F70EC8D54F37F57A975E3D7688B.d.881F8A2A4C1A9243A0AD473C00217E4F.e.11625/click - {}
RESULT: {}
COMMAND: GET /session/5c358710dd67d6f9b9172afd6139f77d/screenshot - {}
RESULT: {}
COMMAND: POST /session/5c358710dd67d6f9b9172afd6139f77d/execute/async - {"script":"<script> [1562 bytes]","args":[{"selector":{"controlType":"sap.m.Button","viewName":"etm.portal.ui.managerequests.view.NewRequest","i18NText":{"propertyName":"text","key":"save"},"searchOpenDialogs":true,"interaction":{"idSuffix":"BDI-content"}},"wdio_ui5_key":"etmportal.ui.managerequests.view.NewRequestsap.m.Button{\"propertyName\":\"text\",\"key\":\"save\"}"}]}
RESULT: {"script":"<script> [1562 bytes]","args":[{"selector":{"controlType":"sap.m.Button","viewName":"etm.portal.ui.managerequests.view.NewRequest","i18NText":{"propertyName":"text","key":"save"},"searchOpenDialogs":true,"interaction":{"idSuffix":"BDI-content"}},"wdio_ui5_key":"etmportal.ui.managerequests.view.NewRequestsap.m.Button{\"propertyName\":\"text\",\"key\":\"save\"}"}]}
RESULT: undefined
COMMAND: POST /session/5c358710dd67d6f9b9172afd6139f77d/element - {"using":"xpath","value":"//*[@id=\"__button22\"]"}
RESULT: {"using":"xpath","value":"//*[@id=\"__button22\"]"}
COMMAND: POST /session/5c358710dd67d6f9b9172afd6139f77d/element/f.25FA1F70EC8D54F37F57A975E3D7688B.d.881F8A2A4C1A9243A0AD473C00217E4F.e.11629/click - {}
RESULT: {}
COMMAND: GET /session/5c358710dd67d6f9b9172afd6139f77d/screenshot - {}
RESULT: {}
COMMAND: POST /session/5c358710dd67d6f9b9172afd6139f77d/element - {"using":"xpath","value":"(//bdi[contains(text() ,\"Save\")])[1]"}
RESULT: {"using":"xpath","value":"(//bdi[contains(text() ,\"Save\")])[1]"}
COMMAND: POST /session/5c358710dd67d6f9b9172afd6139f77d/element/f.25FA1F70EC8D54F37F57A975E3D7688B.d.881F8A2A4C1A9243A0AD473C00217E4F.e.11631/click - {}
RESULT: {}
COMMAND: GET /session/5c358710dd67d6f9b9172afd6139f77d/screenshot - {}
RESULT: {}
COMMAND: POST /session/5c358710dd67d6f9b9172afd6139f77d/execute/async - {"script":"<script> [1562 bytes]","args":[{"selector":{"controlType":"sap.m.Title","properties":{"text":"Success"},"searchOpenDialogs":true},"wdio_ui5_key":"sapm.Title{\"text\":\"Success\"}"}]}
RESULT: {"script":"<script> [1562 bytes]","args":[{"selector":{"controlType":"sap.m.Title","properties":{"text":"Success"},"searchOpenDialogs":true},"wdio_ui5_key":"sapm.Title{\"text\":\"Success\"}"}]}
RESULT: undefined
COMMAND: POST /session/5c358710dd67d6f9b9172afd6139f77d/execute/async - {"script":"<script> [6424 bytes]","args":[{"element-6066-11e4-a52e-4f735466cecf":"f.25FA1F70EC8D54F37F57A975E3D7688B.d.881F8A2A4C1A9243A0AD473C00217E4F.e.11634"},"getText",[]]}
RESULT: {"script":"<script> [6424 bytes]","args":[{"element-6066-11e4-a52e-4f735466cecf":"f.25FA1F70EC8D54F37F57A975E3D7688B.d.881F8A2A4C1A9243A0AD473C00217E4F.e.11634"},"getText",[]]}
COMMAND: POST /session/5c358710dd67d6f9b9172afd6139f77d/execute/async - {"script":"<script> [1562 bytes]","args":[{"selector":{"controlType":"sap.m.Button","properties":{"text":"Close"},"searchOpenDialogs":true,"interaction":{"idSuffix":"BDI-content"}},"wdio_ui5_key":"sapm.Button{\"text\":\"Close\"}"}]}
RESULT: {"script":"<script> [1562 bytes]","args":[{"selector":{"controlType":"sap.m.Button","properties":{"text":"Close"},"searchOpenDialogs":true,"interaction":{"idSuffix":"BDI-content"}},"wdio_ui5_key":"sapm.Button{\"text\":\"Close\"}"}]}
RESULT: undefined
COMMAND: POST /session/5c358710dd67d6f9b9172afd6139f77d/element - {"using":"xpath","value":"//*[@id=\"__mbox-btn-0\"]"}
RESULT: {"using":"xpath","value":"//*[@id=\"__mbox-btn-0\"]"}
COMMAND: POST /session/5c358710dd67d6f9b9172afd6139f77d/element/f.25FA1F70EC8D54F37F57A975E3D7688B.d.881F8A2A4C1A9243A0AD473C00217E4F.e.11633/click - {}
RESULT: {}
COMMAND: GET /session/5c358710dd67d6f9b9172afd6139f77d/screenshot - {}
RESULT: {}
COMMAND: POST /session/5c358710dd67d6f9b9172afd6139f77d/execute/async - {"script":"<script> [1562 bytes]","args":[{"selector":{"controlType":"sap.m.Text","viewName":"etm.portal.ui.managerequests.view.Detail","bindingPath":{"propertyPath":"NO","modelName":"catalogModel"}},"wdio_ui5_key":"etmportal.ui.managerequests.view.Detailsap.m.Text{\"propertyPath\":\"NO\",\"modelName\":\"catalogModel\"}"}]}
RESULT: {"script":"<script> [1562 bytes]","args":[{"selector":{"controlType":"sap.m.Text","viewName":"etm.portal.ui.managerequests.view.Detail","bindingPath":{"propertyPath":"NO","modelName":"catalogModel"}},"wdio_ui5_key":"etmportal.ui.managerequests.view.Detailsap.m.Text{\"propertyPath\":\"NO\",\"modelName\":\"catalogModel\"}"}]}
RESULT: undefined
COMMAND: POST /session/5c358710dd67d6f9b9172afd6139f77d/execute/async - {"script":"<script> [6424 bytes]","args":[{"element-6066-11e4-a52e-4f735466cecf":"f.25FA1F70EC8D54F37F57A975E3D7688B.d.881F8A2A4C1A9243A0AD473C00217E4F.e.11759"},"getText",[]]}
RESULT: {"script":"<script> [6424 bytes]","args":[{"element-6066-11e4-a52e-4f735466cecf":"f.25FA1F70EC8D54F37F57A975E3D7688B.d.881F8A2A4C1A9243A0AD473C00217E4F.e.11759"},"getText",[]]}
COMMAND: POST /session/5c358710dd67d6f9b9172afd6139f77d/execute/async - {"script":"<script> [1562 bytes]","args":[{"selector":{"controlType":"sap.ui.core.Icon","viewName":"etm.portal.ui.managerequests.view.Detail","properties":{"src":{"regex":{"source":"date\\-time"}}},"ancestor":{"controlType":"sap.m.ColumnListItem","viewName":"etm.portal.ui.managerequests.view.Detail","bindingPath":{"path":"/SmartRequestItemsPlanningBoard(ITEM=10m,REQUEST='20090')"},"ancestor":{"id":"requestItemsTable","viewName":"etm.portal.ui.managerequests.view.Detail"}}},"wdio_ui5_key":"etmportal.ui.managerequests.view.Detailsap.ui.core.Icon{\"src\":{\"regex\":{\"source\":\"date\\\\-time\"}}}{\"controlType\":\"sap.m.ColumnListItem\",\"viewName\":\"etm.portal.ui.managerequests.view.Detail\",\"bindingPath\":{\"path\":\"/SmartRequestItemsPlanningBoard(ITEM=10m,REQUEST='20090')\"},\"ancestor\":{\"id\":\"requestItemsTable\",\"viewName\":\"etm.portal.ui.managerequests.view.Detail\"}}"}]}
RESULT: {"script":"<script> [1562 bytes]","args":[{"selector":{"controlType":"sap.ui.core.Icon","viewName":"etm.portal.ui.managerequests.view.Detail","properties":{"src":{"regex":{"source":"date\\-time"}}},"ancestor":{"controlType":"sap.m.ColumnListItem","viewName":"etm.portal.ui.managerequests.view.Detail","bindingPath":{"path":"/SmartRequestItemsPlanningBoard(ITEM=10m,REQUEST='20090')"},"ancestor":{"id":"requestItemsTable","viewName":"etm.portal.ui.managerequests.view.Detail"}}},"wdio_ui5_key":"etmportal.ui.managerequests.view.Detailsap.ui.core.Icon{\"src\":{\"regex\":{\"source\":\"date\\\\-time\"}}}{\"controlType\":\"sap.m.ColumnListItem\",\"viewName\":\"etm.portal.ui.managerequests.view.Detail\",\"bindingPath\":{\"path\":\"/SmartRequestItemsPlanningBoard(ITEM=10m,REQUEST='20090')\"},\"ancestor\":{\"id\":\"requestItemsTable\",\"viewName\":\"etm.portal.ui.managerequests.view.Detail\"}}"}]}
RESULT: undefined
COMMAND: POST /session/5c358710dd67d6f9b9172afd6139f77d/element - {"using":"xpath","value":"//*[@id=\"__button37-__clone596-img\"]"}
RESULT: {"using":"xpath","value":"//*[@id=\"__button37-__clone596-img\"]"}
COMMAND: POST /session/5c358710dd67d6f9b9172afd6139f77d/element/f.25FA1F70EC8D54F37F57A975E3D7688B.d.881F8A2A4C1A9243A0AD473C00217E4F.e.11760/click - {}
RESULT: {}
COMMAND: POST /session/5c358710dd67d6f9b9172afd6139f77d/execute/async - {"script":"<script> [1562 bytes]","args":[{"selector":{"controlType":"sap.m.Button","viewName":"etm.portal.ui.managerequests.view.Detail","properties":{"text":"Close"},"searchOpenDialogs":true,"interaction":{"idSuffix":"BDI-content"}},"wdio_ui5_key":"etmportal.ui.managerequests.view.Detailsap.m.Button{\"text\":\"Close\"}"}]}
COMMAND: GET /session/5c358710dd67d6f9b9172afd6139f77d/screenshot - {}
RESULT: {"script":"<script> [1562 bytes]","args":[{"selector":{"controlType":"sap.m.Button","viewName":"etm.portal.ui.managerequests.view.Detail","properties":{"text":"Close"},"searchOpenDialogs":true,"interaction":{"idSuffix":"BDI-content"}},"wdio_ui5_key":"etmportal.ui.managerequests.view.Detailsap.m.Button{\"text\":\"Close\"}"}]}
RESULT: undefined
COMMAND: POST /session/5c358710dd67d6f9b9172afd6139f77d/element - {"using":"xpath","value":"//*[@id=\"__button47\"]"}
RESULT: {}
RESULT: {"using":"xpath","value":"//*[@id=\"__button47\"]"}
COMMAND: POST /session/5c358710dd67d6f9b9172afd6139f77d/element/f.25FA1F70EC8D54F37F57A975E3D7688B.d.881F8A2A4C1A9243A0AD473C00217E4F.e.11763/click - {}
RESULT: {}
COMMAND: POST /session/5c358710dd67d6f9b9172afd6139f77d/refresh - {}
COMMAND: GET /session/5c358710dd67d6f9b9172afd6139f77d/screenshot - {}
RESULT: {}
COMMAND: GET /session/5c358710dd67d6f9b9172afd6139f77d/screenshot - {}
RESULT: {}
RESULT: {}
COMMAND: POST /session/5c358710dd67d6f9b9172afd6139f77d/execute/async - {"script":"<script> [189 bytes]","args":[]}
RESULT: {"script":"<script> [189 bytes]","args":[]}
COMMAND: POST /session/5c358710dd67d6f9b9172afd6139f77d/execute/async - {"script":"<script> [123 bytes]","args":[]}
RESULT: {"script":"<script> [123 bytes]","args":[]}
COMMAND: POST /session/5c358710dd67d6f9b9172afd6139f77d/timeouts - {"script":"<number>"}
RESULT: {"script":"<number>"}
COMMAND: GET /session/5c358710dd67d6f9b9172afd6139f77d/timeouts - {}
RESULT: {}
RESULT: undefined
COMMAND: POST /session/5c358710dd67d6f9b9172afd6139f77d/execute/async - {"script":"<script> [2676 bytes]","args":[]}
RESULT: {"script":"<script> [2676 bytes]","args":[]}
COMMAND: POST /session/5c358710dd67d6f9b9172afd6139f77d/execute/async - {"script":"<script> [2342 bytes]","args":[{"protocol":"http","hostname":"0.0.0.0","path":"/","capabilities":{"browserName":"chrome","goog:chromeOptions":{"binary":"C:\\Program Files\\Google\\Chrome\\Application\\chrome.exe"}},"logLevel":"warn","connectionRetryTimeout":120000,"connectionRetryCount":3,"logLevels":{},"enableDirectConnect":true,"strictSSL":true,"_":"65 more keys: [\"cacheDir\",\"port\",\"requestedCapabilities\",\"automationProtocol\",\"baseUrl\",\"waitforInterval\",\"waitforTimeout\",\"onReload\",\"beforeCommand\",\"afterCommand\",\"rootDir\",\"specs\",\"suites\",\"exclude\",\"groupLogsByTestSpec\",\"excludeDriverLogs\",\"bail\",\"framework\",\"reporters\",\"services\",\"maxInstances\",\"maxInstancesPerCapability\",\"injectGlobals\",\"filesToWatch\",\"execArgv\",\"runnerEnv\",\"runner\",\"shard\",\"specFileRetries\",\"specFileRetriesDelay\",\"specFileRetriesDeferred\",\"reporterSyncInterval\",\"reporterSyncTimeout\",\"cucumberFeaturesWithLineNumbers\",\"autoCompileOpts\",\"mochaOpts\",\"jasmineOpts\",\"cucumberOpts\",\"onPrepare\",\"onWorkerStart\",\"onWorkerEnd\",\"before\",\"beforeSession\",\"beforeSuite\",\"beforeHook\",\"beforeTest\",\"afterTest\",\"afterHook\",\"afterSuite\",\"afterSession\",\"after\",\"onComplete\",\"beforeAssertion\",\"afterAssertion\",\"beforeFeature\",\"beforeScenario\",\"beforeStep\",\"afterStep\",\"afterScenario\",\"afterFeature\",\"_\",\"suite\",\"$0\",\"ignoredWorkerServices\",\"wdi5\"]"}]}
RESULT: {"script":"<script> [2342 bytes]","args":[{"protocol":"http","hostname":"0.0.0.0","path":"/","capabilities":{"browserName":"chrome","goog:chromeOptions":{"binary":"C:\\Program Files\\Google\\Chrome\\Application\\chrome.exe"}},"logLevel":"warn","connectionRetryTimeout":120000,"connectionRetryCount":3,"logLevels":{},"enableDirectConnect":true,"strictSSL":true,"_":"65 more keys: [\"cacheDir\",\"port\",\"requestedCapabilities\",\"automationProtocol\",\"baseUrl\",\"waitforInterval\",\"waitforTimeout\",\"onReload\",\"beforeCommand\",\"afterCommand\",\"rootDir\",\"specs\",\"suites\",\"exclude\",\"groupLogsByTestSpec\",\"excludeDriverLogs\",\"bail\",\"framework\",\"reporters\",\"services\",\"maxInstances\",\"maxInstancesPerCapability\",\"injectGlobals\",\"filesToWatch\",\"execArgv\",\"runnerEnv\",\"runner\",\"shard\",\"specFileRetries\",\"specFileRetriesDelay\",\"specFileRetriesDeferred\",\"reporterSyncInterval\",\"reporterSyncTimeout\",\"cucumberFeaturesWithLineNumbers\",\"autoCompileOpts\",\"mochaOpts\",\"jasmineOpts\",\"cucumberOpts\",\"onPrepare\",\"onWorkerStart\",\"onWorkerEnd\",\"before\",\"beforeSession\",\"beforeSuite\",\"beforeHook\",\"beforeTest\",\"afterTest\",\"afterHook\",\"afterSuite\",\"afterSession\",\"after\",\"onComplete\",\"beforeAssertion\",\"afterAssertion\",\"beforeFeature\",\"beforeScenario\",\"beforeStep\",\"afterStep\",\"afterScenario\",\"afterFeature\",\"_\",\"suite\",\"$0\",\"ignoredWorkerServices\",\"wdi5\"]"}]}
COMMAND: POST /session/5c358710dd67d6f9b9172afd6139f77d/execute/async - {"script":"<script> [21126 bytes]","args":[35000]}
RESULT: {"script":"<script> [21126 bytes]","args":[35000]}
]]></system-out>
    </testcase>
    <testcase classname="chrome.135_0_7049_42.windows.Process_request_items_into_new_quotation_US120163" name="Should process the request into a new quotation" time="67.362">
      <system-out><![CDATA[
COMMAND: GET /session/5c358710dd67d6f9b9172afd6139f77d/window - {}
RESULT: {}
COMMAND: POST /session/5c358710dd67d6f9b9172afd6139f77d/element - {"using":"xpath","value":"//span[contains(@id ,\"detailHeaderTitle-_actionsToolbar-overflowButton-img\")]"}
RESULT: {"using":"xpath","value":"//span[contains(@id ,\"detailHeaderTitle-_actionsToolbar-overflowButton-img\")]"}
COMMAND: POST /session/5c358710dd67d6f9b9172afd6139f77d/element/f.25FA1F70EC8D54F37F57A975E3D7688B.d.FFBAA662FDE0AA7B209FE8DD77189011.e.11934/click - {}
COMMAND: POST /session/5c358710dd67d6f9b9172afd6139f77d/element - {"using":"xpath","value":"//span[contains(@id ,\"detailHeaderTitle-_actionsToolbar-overflowButton-img\")]"}
RESULT: {"using":"xpath","value":"//span[contains(@id ,\"detailHeaderTitle-_actionsToolbar-overflowButton-img\")]"}
COMMAND: POST /session/5c358710dd67d6f9b9172afd6139f77d/element/f.25FA1F70EC8D54F37F57A975E3D7688B.d.FFBAA662FDE0AA7B209FE8DD77189011.e.11934/click - {}
COMMAND: POST /session/5c358710dd67d6f9b9172afd6139f77d/element - {"using":"xpath","value":"//span[contains(@id ,\"detailHeaderTitle-_actionsToolbar-overflowButton-img\")]"}
RESULT: {"using":"xpath","value":"//span[contains(@id ,\"detailHeaderTitle-_actionsToolbar-overflowButton-img\")]"}
COMMAND: POST /session/5c358710dd67d6f9b9172afd6139f77d/element/f.25FA1F70EC8D54F37F57A975E3D7688B.d.FFBAA662FDE0AA7B209FE8DD77189011.e.11991/click - {}
RESULT: {}
COMMAND: GET /session/5c358710dd67d6f9b9172afd6139f77d/screenshot - {}
RESULT: {}
COMMAND: POST /session/5c358710dd67d6f9b9172afd6139f77d/element - {"using":"xpath","value":"//span[contains(@id ,\"actionsMenuButton-internalSplitBtn-arrowButton-img\")]"}
RESULT: {"using":"xpath","value":"//span[contains(@id ,\"actionsMenuButton-internalSplitBtn-arrowButton-img\")]"}
COMMAND: POST /session/5c358710dd67d6f9b9172afd6139f77d/element/f.25FA1F70EC8D54F37F57A975E3D7688B.d.FFBAA662FDE0AA7B209FE8DD77189011.e.11996/click - {}
RESULT: {}
COMMAND: GET /session/5c358710dd67d6f9b9172afd6139f77d/screenshot - {}
RESULT: {}
COMMAND: POST /session/5c358710dd67d6f9b9172afd6139f77d/actions - {"actions":[{"id":"action82","type":"key","parameters":{},"actions":[{"type":"keyDown","value":""},{"type":"pause","duration":10},{"type":"keyUp","value":""}]}]}
RESULT: {"actions":[{"id":"action82","type":"key","parameters":{},"actions":[{"type":"keyDown","value":""},{"type":"pause","duration":10},{"type":"keyUp","value":""}]}]}
COMMAND: GET /session/5c358710dd67d6f9b9172afd6139f77d/screenshot - {}
RESULT: {}
COMMAND: POST /session/5c358710dd67d6f9b9172afd6139f77d/actions - {"actions":[{"id":"action83","type":"key","parameters":{},"actions":[{"type":"keyDown","value":""},{"type":"pause","duration":10},{"type":"keyUp","value":""}]}]}
RESULT: {"actions":[{"id":"action83","type":"key","parameters":{},"actions":[{"type":"keyDown","value":""},{"type":"pause","duration":10},{"type":"keyUp","value":""}]}]}
COMMAND: GET /session/5c358710dd67d6f9b9172afd6139f77d/screenshot - {}
RESULT: {}
COMMAND: POST /session/5c358710dd67d6f9b9172afd6139f77d/actions - {"actions":[{"id":"action84","type":"key","parameters":{},"actions":[{"type":"keyDown","value":""},{"type":"pause","duration":10},{"type":"keyUp","value":""}]}]}
RESULT: {"actions":[{"id":"action84","type":"key","parameters":{},"actions":[{"type":"keyDown","value":""},{"type":"pause","duration":10},{"type":"keyUp","value":""}]}]}
COMMAND: GET /session/5c358710dd67d6f9b9172afd6139f77d/screenshot - {}
RESULT: {}
COMMAND: POST /session/5c358710dd67d6f9b9172afd6139f77d/actions - {"actions":[{"id":"action85","type":"key","parameters":{},"actions":[{"type":"keyDown","value":""},{"type":"pause","duration":10},{"type":"keyUp","value":""}]}]}
RESULT: {"actions":[{"id":"action85","type":"key","parameters":{},"actions":[{"type":"keyDown","value":""},{"type":"pause","duration":10},{"type":"keyUp","value":""}]}]}
COMMAND: GET /session/5c358710dd67d6f9b9172afd6139f77d/screenshot - {}
RESULT: {}
COMMAND: POST /session/5c358710dd67d6f9b9172afd6139f77d/actions - {"actions":[{"id":"action86","type":"key","parameters":{},"actions":[{"type":"keyDown","value":""},{"type":"pause","duration":10},{"type":"keyUp","value":""}]}]}
RESULT: {"actions":[{"id":"action86","type":"key","parameters":{},"actions":[{"type":"keyDown","value":""},{"type":"pause","duration":10},{"type":"keyUp","value":""}]}]}
COMMAND: GET /session/5c358710dd67d6f9b9172afd6139f77d/screenshot - {}
RESULT: {}
COMMAND: GET /session/5c358710dd67d6f9b9172afd6139f77d/window/handles - {}
RESULT: {}
COMMAND: GET /session/5c358710dd67d6f9b9172afd6139f77d/window/handles - {}
RESULT: {}
COMMAND: POST /session/5c358710dd67d6f9b9172afd6139f77d/window - {"handle":"B3B79AC153EE50EF46E10AF5DC303AF2"}
RESULT: {"handle":"B3B79AC153EE50EF46E10AF5DC303AF2"}
COMMAND: GET /session/5c358710dd67d6f9b9172afd6139f77d/url - {}
RESULT: {}
COMMAND: GET /session/5c358710dd67d6f9b9172afd6139f77d/screenshot - {}
COMMAND: POST /session/5c358710dd67d6f9b9172afd6139f77d/element - {"using":"xpath","value":"//span[contains(text(), \"Header Billing Items\")]"}
RESULT: {}
RESULT: {"using":"xpath","value":"//span[contains(text(), \"Header Billing Items\")]"}
COMMAND: POST /session/5c358710dd67d6f9b9172afd6139f77d/element/f.B3B79AC153EE50EF46E10AF5DC303AF2.d.9922F0F420D32D0087BC10579D5FF241.e.12161/click - {}
RESULT: {}
COMMAND: GET /session/5c358710dd67d6f9b9172afd6139f77d/screenshot - {}
COMMAND: POST /session/5c358710dd67d6f9b9172afd6139f77d/element - {"using":"xpath","value":"//span[contains(@id ,\"contractItemsSmartTable-header-inner\")]"}
RESULT: {}
RESULT: {"using":"xpath","value":"//span[contains(@id ,\"contractItemsSmartTable-header-inner\")]"}
COMMAND: GET /session/5c358710dd67d6f9b9172afd6139f77d/element/f.B3B79AC153EE50EF46E10AF5DC303AF2.d.9922F0F420D32D0087BC10579D5FF241.e.12225/text - {}
RESULT: {}
COMMAND: POST /session/5c358710dd67d6f9b9172afd6139f77d/element - {"using":"xpath","value":"//span[@class=\"sapMObjStatusText\"][contains(text(), \"proposed\")]"}
RESULT: {"using":"xpath","value":"//span[@class=\"sapMObjStatusText\"][contains(text(), \"proposed\")]"}
COMMAND: GET /session/5c358710dd67d6f9b9172afd6139f77d/element/f.B3B79AC153EE50EF46E10AF5DC303AF2.d.9922F0F420D32D0087BC10579D5FF241.e.12226/text - {}
RESULT: {}
COMMAND: DELETE /session/5c358710dd67d6f9b9172afd6139f77d/window - {}
RESULT: {}
COMMAND: POST /session/5c358710dd67d6f9b9172afd6139f77d/window - {"handle":"25FA1F70EC8D54F37F57A975E3D7688B"}
RESULT: {"handle":"25FA1F70EC8D54F37F57A975E3D7688B"}
COMMAND: GET /session/5c358710dd67d6f9b9172afd6139f77d/url - {}
RESULT: {}
COMMAND: GET /session/5c358710dd67d6f9b9172afd6139f77d/screenshot - {}
RESULT: {}
]]></system-out>
    </testcase>
    <testcase classname="chrome.135_0_7049_42.windows.Process_request_items_into_new_quotation_US120163" name="Should navigate back to the request and check the request and item statuses" time="59.716">
      <system-out><![CDATA[
COMMAND: POST /session/5c358710dd67d6f9b9172afd6139f77d/refresh - {}
RESULT: {}
COMMAND: GET /session/5c358710dd67d6f9b9172afd6139f77d/screenshot - {}
RESULT: {}
COMMAND: POST /session/5c358710dd67d6f9b9172afd6139f77d/execute/async - {"script":"<script> [189 bytes]","args":[]}
RESULT: {"script":"<script> [189 bytes]","args":[]}
COMMAND: POST /session/5c358710dd67d6f9b9172afd6139f77d/execute/async - {"script":"<script> [123 bytes]","args":[]}
RESULT: {"script":"<script> [123 bytes]","args":[]}
COMMAND: POST /session/5c358710dd67d6f9b9172afd6139f77d/timeouts - {"script":"<number>"}
RESULT: {"script":"<number>"}
COMMAND: GET /session/5c358710dd67d6f9b9172afd6139f77d/timeouts - {}
RESULT: {}
RESULT: undefined
COMMAND: POST /session/5c358710dd67d6f9b9172afd6139f77d/execute/async - {"script":"<script> [2676 bytes]","args":[]}
RESULT: {"script":"<script> [2676 bytes]","args":[]}
COMMAND: POST /session/5c358710dd67d6f9b9172afd6139f77d/execute/async - {"script":"<script> [2342 bytes]","args":[{"protocol":"http","hostname":"0.0.0.0","path":"/","capabilities":{"browserName":"chrome","goog:chromeOptions":{"binary":"C:\\Program Files\\Google\\Chrome\\Application\\chrome.exe"}},"logLevel":"warn","connectionRetryTimeout":120000,"connectionRetryCount":3,"logLevels":{},"enableDirectConnect":true,"strictSSL":true,"_":"65 more keys: [\"cacheDir\",\"port\",\"requestedCapabilities\",\"automationProtocol\",\"baseUrl\",\"waitforInterval\",\"waitforTimeout\",\"onReload\",\"beforeCommand\",\"afterCommand\",\"rootDir\",\"specs\",\"suites\",\"exclude\",\"groupLogsByTestSpec\",\"excludeDriverLogs\",\"bail\",\"framework\",\"reporters\",\"services\",\"maxInstances\",\"maxInstancesPerCapability\",\"injectGlobals\",\"filesToWatch\",\"execArgv\",\"runnerEnv\",\"runner\",\"shard\",\"specFileRetries\",\"specFileRetriesDelay\",\"specFileRetriesDeferred\",\"reporterSyncInterval\",\"reporterSyncTimeout\",\"cucumberFeaturesWithLineNumbers\",\"autoCompileOpts\",\"mochaOpts\",\"jasmineOpts\",\"cucumberOpts\",\"onPrepare\",\"onWorkerStart\",\"onWorkerEnd\",\"before\",\"beforeSession\",\"beforeSuite\",\"beforeHook\",\"beforeTest\",\"afterTest\",\"afterHook\",\"afterSuite\",\"afterSession\",\"after\",\"onComplete\",\"beforeAssertion\",\"afterAssertion\",\"beforeFeature\",\"beforeScenario\",\"beforeStep\",\"afterStep\",\"afterScenario\",\"afterFeature\",\"_\",\"suite\",\"$0\",\"ignoredWorkerServices\",\"wdi5\"]"}]}
RESULT: {"script":"<script> [2342 bytes]","args":[{"protocol":"http","hostname":"0.0.0.0","path":"/","capabilities":{"browserName":"chrome","goog:chromeOptions":{"binary":"C:\\Program Files\\Google\\Chrome\\Application\\chrome.exe"}},"logLevel":"warn","connectionRetryTimeout":120000,"connectionRetryCount":3,"logLevels":{},"enableDirectConnect":true,"strictSSL":true,"_":"65 more keys: [\"cacheDir\",\"port\",\"requestedCapabilities\",\"automationProtocol\",\"baseUrl\",\"waitforInterval\",\"waitforTimeout\",\"onReload\",\"beforeCommand\",\"afterCommand\",\"rootDir\",\"specs\",\"suites\",\"exclude\",\"groupLogsByTestSpec\",\"excludeDriverLogs\",\"bail\",\"framework\",\"reporters\",\"services\",\"maxInstances\",\"maxInstancesPerCapability\",\"injectGlobals\",\"filesToWatch\",\"execArgv\",\"runnerEnv\",\"runner\",\"shard\",\"specFileRetries\",\"specFileRetriesDelay\",\"specFileRetriesDeferred\",\"reporterSyncInterval\",\"reporterSyncTimeout\",\"cucumberFeaturesWithLineNumbers\",\"autoCompileOpts\",\"mochaOpts\",\"jasmineOpts\",\"cucumberOpts\",\"onPrepare\",\"onWorkerStart\",\"onWorkerEnd\",\"before\",\"beforeSession\",\"beforeSuite\",\"beforeHook\",\"beforeTest\",\"afterTest\",\"afterHook\",\"afterSuite\",\"afterSession\",\"after\",\"onComplete\",\"beforeAssertion\",\"afterAssertion\",\"beforeFeature\",\"beforeScenario\",\"beforeStep\",\"afterStep\",\"afterScenario\",\"afterFeature\",\"_\",\"suite\",\"$0\",\"ignoredWorkerServices\",\"wdi5\"]"}]}
COMMAND: POST /session/5c358710dd67d6f9b9172afd6139f77d/execute/async - {"script":"<script> [21126 bytes]","args":[35000]}
RESULT: {"script":"<script> [21126 bytes]","args":[35000]}
COMMAND: POST /session/5c358710dd67d6f9b9172afd6139f77d/execute/async - {"script":"<script> [1562 bytes]","args":[{"selector":{"controlType":"sap.m.Text","viewName":"etm.portal.ui.managerequests.view.Detail","bindingPath":{"path":"/SmartRequestItemsPlanningBoard(ITEM=10m,REQUEST='20090')","propertyPath":"STATUS_DESC"}},"wdio_ui5_key":"etmportal.ui.managerequests.view.Detailsap.m.Text{\"path\":\"/SmartRequestItemsPlanningBoard(ITEM=10m,REQUEST='20090')\",\"propertyPath\":\"STATUS_DESC\"}"}]}
RESULT: {"script":"<script> [1562 bytes]","args":[{"selector":{"controlType":"sap.m.Text","viewName":"etm.portal.ui.managerequests.view.Detail","bindingPath":{"path":"/SmartRequestItemsPlanningBoard(ITEM=10m,REQUEST='20090')","propertyPath":"STATUS_DESC"}},"wdio_ui5_key":"etmportal.ui.managerequests.view.Detailsap.m.Text{\"path\":\"/SmartRequestItemsPlanningBoard(ITEM=10m,REQUEST='20090')\",\"propertyPath\":\"STATUS_DESC\"}"}]}
RESULT: undefined
COMMAND: POST /session/5c358710dd67d6f9b9172afd6139f77d/execute/async - {"script":"<script> [6424 bytes]","args":[{"element-6066-11e4-a52e-4f735466cecf":"f.25FA1F70EC8D54F37F57A975E3D7688B.d.2BCF9A2D728307AD5F58E120AD218261.e.12365"},"getText",[]]}
RESULT: {"script":"<script> [6424 bytes]","args":[{"element-6066-11e4-a52e-4f735466cecf":"f.25FA1F70EC8D54F37F57A975E3D7688B.d.2BCF9A2D728307AD5F58E120AD218261.e.12365"},"getText",[]]}
COMMAND: POST /session/5c358710dd67d6f9b9172afd6139f77d/execute/async - {"script":"<script> [1562 bytes]","args":[{"selector":{"controlType":"sap.m.ObjectStatus","viewName":"etm.portal.ui.managerequests.view.Detail","bindingPath":{"path":"/RequestHeaders('20090')","propertyPath":"LINK_TO_STATUS/DESCRIPTION","modelName":"catalogModel"}},"wdio_ui5_key":"etmportal.ui.managerequests.view.Detailsap.m.ObjectStatus{\"path\":\"/RequestHeaders('20090')\",\"propertyPath\":\"LINK_TO_STATUS/DESCRIPTION\",\"modelName\":\"catalogModel\"}"}]}
RESULT: {"script":"<script> [1562 bytes]","args":[{"selector":{"controlType":"sap.m.ObjectStatus","viewName":"etm.portal.ui.managerequests.view.Detail","bindingPath":{"path":"/RequestHeaders('20090')","propertyPath":"LINK_TO_STATUS/DESCRIPTION","modelName":"catalogModel"}},"wdio_ui5_key":"etmportal.ui.managerequests.view.Detailsap.m.ObjectStatus{\"path\":\"/RequestHeaders('20090')\",\"propertyPath\":\"LINK_TO_STATUS/DESCRIPTION\",\"modelName\":\"catalogModel\"}"}]}
RESULT: undefined
COMMAND: POST /session/5c358710dd67d6f9b9172afd6139f77d/execute/async - {"script":"<script> [6424 bytes]","args":[{"element-6066-11e4-a52e-4f735466cecf":"f.25FA1F70EC8D54F37F57A975E3D7688B.d.2BCF9A2D728307AD5F58E120AD218261.e.12366"},"getText",[]]}
RESULT: {"script":"<script> [6424 bytes]","args":[{"element-6066-11e4-a52e-4f735466cecf":"f.25FA1F70EC8D54F37F57A975E3D7688B.d.2BCF9A2D728307AD5F58E120AD218261.e.12366"},"getText",[]]}
COMMAND: POST /session/5c358710dd67d6f9b9172afd6139f77d/element - {"using":"css selector","value":"#shell-header-logo"}
RESULT: {"using":"css selector","value":"#shell-header-logo"}
COMMAND: POST /session/5c358710dd67d6f9b9172afd6139f77d/element/f.25FA1F70EC8D54F37F57A975E3D7688B.d.2BCF9A2D728307AD5F58E120AD218261.e.12234/click - {}
RESULT: {}
COMMAND: GET /session/5c358710dd67d6f9b9172afd6139f77d/screenshot - {}
RESULT: {}
]]></system-out>
    </testcase>
  </testsuite>
  <testsuite timestamp="2025-04-13T16:14:24" time="391.506" tests="4" failures="0" errors="0" skipped="0">
    <properties>
      <property name="specId" value="0"/>
      <property name="suiteName" value="Process request items into an existing quotation US120163"/>
      <property name="capabilities" value="chrome.135_0_7049_42.windows"/>
      <property name="file" value="file:///D:/a/1/s/test/specs/R2C/process-request-items-into-existing-quotation.spec.js"/>
    </properties>
    <testcase classname="chrome.135_0_7049_42.windows.Process_request_items_into_an_existing_quotation_US120163" name="Should create a new quotation" time="69.126">
      <system-out><![CDATA[
COMMAND: POST /session/5c358710dd67d6f9b9172afd6139f77d/execute/async - {"script":"<script> [1562 bytes]","args":[{"selector":{"controlType":"sap.m.GenericTile","properties":{"header":"Manage Quotations"}},"wdio_ui5_key":"sapm.GenericTile{\"header\":\"Manage Quotations\"}"}]}
RESULT: {"script":"<script> [1562 bytes]","args":[{"selector":{"controlType":"sap.m.GenericTile","properties":{"header":"Manage Quotations"}},"wdio_ui5_key":"sapm.GenericTile{\"header\":\"Manage Quotations\"}"}]}
RESULT: undefined
COMMAND: POST /session/5c358710dd67d6f9b9172afd6139f77d/element - {"using":"xpath","value":"//*[@id=\"__tile132\"]"}
RESULT: {"using":"xpath","value":"//*[@id=\"__tile132\"]"}
COMMAND: POST /session/5c358710dd67d6f9b9172afd6139f77d/element/f.25FA1F70EC8D54F37F57A975E3D7688B.d.2BCF9A2D728307AD5F58E120AD218261.e.12387/click - {}
RESULT: {}
COMMAND: GET /session/5c358710dd67d6f9b9172afd6139f77d/screenshot - {}
RESULT: {}
RESULT: undefined
RESULT: undefined
RESULT: undefined
RESULT: undefined
COMMAND: POST /session/5c358710dd67d6f9b9172afd6139f77d/element - {"using":"xpath","value":"//button[contains(@title ,\"Add new contract\")]"}
RESULT: {"using":"xpath","value":"//button[contains(@title ,\"Add new contract\")]"}
COMMAND: POST /session/5c358710dd67d6f9b9172afd6139f77d/elements - {"using":"xpath","value":"//button[contains(@title ,\"Add new contract\")]"}
RESULT: {"using":"xpath","value":"//button[contains(@title ,\"Add new contract\")]"}
COMMAND: POST /session/5c358710dd67d6f9b9172afd6139f77d/elements - {"using":"xpath","value":"//button[contains(@title ,\"Add new contract\")]"}
RESULT: {"using":"xpath","value":"//button[contains(@title ,\"Add new contract\")]"}
COMMAND: POST /session/5c358710dd67d6f9b9172afd6139f77d/elements - {"using":"xpath","value":"//button[contains(@title ,\"Add new contract\")]"}
RESULT: {"using":"xpath","value":"//button[contains(@title ,\"Add new contract\")]"}
COMMAND: POST /session/5c358710dd67d6f9b9172afd6139f77d/elements - {"using":"xpath","value":"//button[contains(@title ,\"Add new contract\")]"}
RESULT: {"using":"xpath","value":"//button[contains(@title ,\"Add new contract\")]"}
COMMAND: POST /session/5c358710dd67d6f9b9172afd6139f77d/element - {"using":"xpath","value":"//button[contains(@title ,\"Add new contract\")]"}
RESULT: {"using":"xpath","value":"//button[contains(@title ,\"Add new contract\")]"}
COMMAND: POST /session/5c358710dd67d6f9b9172afd6139f77d/element/f.25FA1F70EC8D54F37F57A975E3D7688B.d.2BCF9A2D728307AD5F58E120AD218261.e.12417/click - {}
RESULT: {}
COMMAND: GET /session/5c358710dd67d6f9b9172afd6139f77d/screenshot - {}
RESULT: {}
COMMAND: POST /session/5c358710dd67d6f9b9172afd6139f77d/element - {"using":"xpath","value":"//input[contains(@id ,\"application-managequotations-display-component---AddNewContract--projectDescription-inner\")]"}
RESULT: {"using":"xpath","value":"//input[contains(@id ,\"application-managequotations-display-component---AddNewContract--projectDescription-inner\")]"}
COMMAND: POST /session/5c358710dd67d6f9b9172afd6139f77d/element/f.25FA1F70EC8D54F37F57A975E3D7688B.d.2BCF9A2D728307AD5F58E120AD218261.e.12703/value - {"text":"WdIOQuotation37igc"}
RESULT: {"text":"WdIOQuotation37igc"}
COMMAND: GET /session/5c358710dd67d6f9b9172afd6139f77d/screenshot - {}
RESULT: {}
COMMAND: POST /session/5c358710dd67d6f9b9172afd6139f77d/element - {"using":"xpath","value":"//input[contains(@id ,\"application-managequotations-display-component---AddNewContract--yardId-inner\")]"}
RESULT: {"using":"xpath","value":"//input[contains(@id ,\"application-managequotations-display-component---AddNewContract--yardId-inner\")]"}
COMMAND: POST /session/5c358710dd67d6f9b9172afd6139f77d/element/f.25FA1F70EC8D54F37F57A975E3D7688B.d.2BCF9A2D728307AD5F58E120AD218261.e.12706/value - {"text":"WebdriverYardcqwm7"}
RESULT: {"text":"WebdriverYardcqwm7"}
COMMAND: GET /session/5c358710dd67d6f9b9172afd6139f77d/screenshot - {}
RESULT: {}
COMMAND: POST /session/5c358710dd67d6f9b9172afd6139f77d/actions - {"actions":[{"id":"action87","type":"key","parameters":{},"actions":[{"type":"keyDown","value":""},{"type":"pause","duration":10},{"type":"keyUp","value":""}]}]}
RESULT: {"actions":[{"id":"action87","type":"key","parameters":{},"actions":[{"type":"keyDown","value":""},{"type":"pause","duration":10},{"type":"keyUp","value":""}]}]}
COMMAND: GET /session/5c358710dd67d6f9b9172afd6139f77d/screenshot - {}
RESULT: {}
COMMAND: POST /session/5c358710dd67d6f9b9172afd6139f77d/element - {"using":"xpath","value":"//input[contains(@id ,\"application-managequotations-display-component---AddNewContract--customerSelect-inner\")]"}
RESULT: {"using":"xpath","value":"//input[contains(@id ,\"application-managequotations-display-component---AddNewContract--customerSelect-inner\")]"}
COMMAND: POST /session/5c358710dd67d6f9b9172afd6139f77d/element/f.25FA1F70EC8D54F37F57A975E3D7688B.d.2BCF9A2D728307AD5F58E120AD218261.e.12704/value - {"text":"WebdriverPartnersgf22"}
RESULT: {"text":"WebdriverPartnersgf22"}
COMMAND: GET /session/5c358710dd67d6f9b9172afd6139f77d/screenshot - {}
RESULT: {}
COMMAND: POST /session/5c358710dd67d6f9b9172afd6139f77d/actions - {"actions":[{"id":"action88","type":"key","parameters":{},"actions":[{"type":"keyDown","value":""},{"type":"pause","duration":10},{"type":"keyUp","value":""}]}]}
RESULT: {"actions":[{"id":"action88","type":"key","parameters":{},"actions":[{"type":"keyDown","value":""},{"type":"pause","duration":10},{"type":"keyUp","value":""}]}]}
COMMAND: GET /session/5c358710dd67d6f9b9172afd6139f77d/screenshot - {}
RESULT: {}
COMMAND: POST /session/5c358710dd67d6f9b9172afd6139f77d/element - {"using":"xpath","value":"//input[contains(@id ,\"application-managequotations-display-component---AddNewContract--site-inner\")]"}
RESULT: {"using":"xpath","value":"//input[contains(@id ,\"application-managequotations-display-component---AddNewContract--site-inner\")]"}
COMMAND: POST /session/5c358710dd67d6f9b9172afd6139f77d/element/f.25FA1F70EC8D54F37F57A975E3D7688B.d.2BCF9A2D728307AD5F58E120AD218261.e.12705/value - {"text":"WebdriverSitexeqhe"}
RESULT: {"text":"WebdriverSitexeqhe"}
COMMAND: GET /session/5c358710dd67d6f9b9172afd6139f77d/screenshot - {}
RESULT: {}
COMMAND: POST /session/5c358710dd67d6f9b9172afd6139f77d/actions - {"actions":[{"id":"action89","type":"key","parameters":{},"actions":[{"type":"keyDown","value":""},{"type":"pause","duration":10},{"type":"keyUp","value":""}]}]}
RESULT: {"actions":[{"id":"action89","type":"key","parameters":{},"actions":[{"type":"keyDown","value":""},{"type":"pause","duration":10},{"type":"keyUp","value":""}]}]}
COMMAND: GET /session/5c358710dd67d6f9b9172afd6139f77d/screenshot - {}
RESULT: {}
COMMAND: POST /session/5c358710dd67d6f9b9172afd6139f77d/element - {"using":"xpath","value":"//bdi[contains(text(), \"Save\")]"}
RESULT: {"using":"xpath","value":"//bdi[contains(text(), \"Save\")]"}
COMMAND: POST /session/5c358710dd67d6f9b9172afd6139f77d/element/f.25FA1F70EC8D54F37F57A975E3D7688B.d.2BCF9A2D728307AD5F58E120AD218261.e.12733/click - {}
RESULT: {}
COMMAND: GET /session/5c358710dd67d6f9b9172afd6139f77d/screenshot - {}
RESULT: {}
COMMAND: POST /session/5c358710dd67d6f9b9172afd6139f77d/element - {"using":"css selector","value":"#shell-header-logo"}
RESULT: {"using":"css selector","value":"#shell-header-logo"}
COMMAND: POST /session/5c358710dd67d6f9b9172afd6139f77d/element/f.25FA1F70EC8D54F37F57A975E3D7688B.d.2BCF9A2D728307AD5F58E120AD218261.e.12389/click - {}
RESULT: {}
COMMAND: GET /session/5c358710dd67d6f9b9172afd6139f77d/screenshot - {}
RESULT: {}
]]></system-out>
    </testcase>
    <testcase classname="chrome.135_0_7049_42.windows.Process_request_items_into_an_existing_quotation_US120163" name="Should create a new request with catalog items and plan it" time="201.413">
      <system-out><![CDATA[
COMMAND: POST /session/5c358710dd67d6f9b9172afd6139f77d/element - {"using":"xpath","value":"//*[contains(@href, 'etm.portal.ui.managerequests')]"}
RESULT: {"using":"xpath","value":"//*[contains(@href, 'etm.portal.ui.managerequests')]"}
COMMAND: POST /session/5c358710dd67d6f9b9172afd6139f77d/element/f.25FA1F70EC8D54F37F57A975E3D7688B.d.2BCF9A2D728307AD5F58E120AD218261.e.12750/click - {}
RESULT: {}
COMMAND: GET /session/5c358710dd67d6f9b9172afd6139f77d/screenshot - {}
COMMAND: POST /session/5c358710dd67d6f9b9172afd6139f77d/refresh - {}
RESULT: {}
RESULT: {}
COMMAND: GET /session/5c358710dd67d6f9b9172afd6139f77d/screenshot - {}
COMMAND: POST /session/5c358710dd67d6f9b9172afd6139f77d/execute/async - {"script":"<script> [189 bytes]","args":[]}
RESULT: {}
RESULT: {"script":"<script> [189 bytes]","args":[]}
COMMAND: POST /session/5c358710dd67d6f9b9172afd6139f77d/execute/async - {"script":"<script> [123 bytes]","args":[]}
RESULT: {"script":"<script> [123 bytes]","args":[]}
COMMAND: POST /session/5c358710dd67d6f9b9172afd6139f77d/timeouts - {"script":"<number>"}
RESULT: {"script":"<number>"}
COMMAND: GET /session/5c358710dd67d6f9b9172afd6139f77d/timeouts - {}
RESULT: {}
RESULT: undefined
COMMAND: POST /session/5c358710dd67d6f9b9172afd6139f77d/execute/async - {"script":"<script> [2676 bytes]","args":[]}
RESULT: {"script":"<script> [2676 bytes]","args":[]}
COMMAND: POST /session/5c358710dd67d6f9b9172afd6139f77d/execute/async - {"script":"<script> [2342 bytes]","args":[{"protocol":"http","hostname":"0.0.0.0","path":"/","capabilities":{"browserName":"chrome","goog:chromeOptions":{"binary":"C:\\Program Files\\Google\\Chrome\\Application\\chrome.exe"}},"logLevel":"warn","connectionRetryTimeout":120000,"connectionRetryCount":3,"logLevels":{},"enableDirectConnect":true,"strictSSL":true,"_":"65 more keys: [\"cacheDir\",\"port\",\"requestedCapabilities\",\"automationProtocol\",\"baseUrl\",\"waitforInterval\",\"waitforTimeout\",\"onReload\",\"beforeCommand\",\"afterCommand\",\"rootDir\",\"specs\",\"suites\",\"exclude\",\"groupLogsByTestSpec\",\"excludeDriverLogs\",\"bail\",\"framework\",\"reporters\",\"services\",\"maxInstances\",\"maxInstancesPerCapability\",\"injectGlobals\",\"filesToWatch\",\"execArgv\",\"runnerEnv\",\"runner\",\"shard\",\"specFileRetries\",\"specFileRetriesDelay\",\"specFileRetriesDeferred\",\"reporterSyncInterval\",\"reporterSyncTimeout\",\"cucumberFeaturesWithLineNumbers\",\"autoCompileOpts\",\"mochaOpts\",\"jasmineOpts\",\"cucumberOpts\",\"onPrepare\",\"onWorkerStart\",\"onWorkerEnd\",\"before\",\"beforeSession\",\"beforeSuite\",\"beforeHook\",\"beforeTest\",\"afterTest\",\"afterHook\",\"afterSuite\",\"afterSession\",\"after\",\"onComplete\",\"beforeAssertion\",\"afterAssertion\",\"beforeFeature\",\"beforeScenario\",\"beforeStep\",\"afterStep\",\"afterScenario\",\"afterFeature\",\"_\",\"suite\",\"$0\",\"ignoredWorkerServices\",\"wdi5\"]"}]}
RESULT: {"script":"<script> [2342 bytes]","args":[{"protocol":"http","hostname":"0.0.0.0","path":"/","capabilities":{"browserName":"chrome","goog:chromeOptions":{"binary":"C:\\Program Files\\Google\\Chrome\\Application\\chrome.exe"}},"logLevel":"warn","connectionRetryTimeout":120000,"connectionRetryCount":3,"logLevels":{},"enableDirectConnect":true,"strictSSL":true,"_":"65 more keys: [\"cacheDir\",\"port\",\"requestedCapabilities\",\"automationProtocol\",\"baseUrl\",\"waitforInterval\",\"waitforTimeout\",\"onReload\",\"beforeCommand\",\"afterCommand\",\"rootDir\",\"specs\",\"suites\",\"exclude\",\"groupLogsByTestSpec\",\"excludeDriverLogs\",\"bail\",\"framework\",\"reporters\",\"services\",\"maxInstances\",\"maxInstancesPerCapability\",\"injectGlobals\",\"filesToWatch\",\"execArgv\",\"runnerEnv\",\"runner\",\"shard\",\"specFileRetries\",\"specFileRetriesDelay\",\"specFileRetriesDeferred\",\"reporterSyncInterval\",\"reporterSyncTimeout\",\"cucumberFeaturesWithLineNumbers\",\"autoCompileOpts\",\"mochaOpts\",\"jasmineOpts\",\"cucumberOpts\",\"onPrepare\",\"onWorkerStart\",\"onWorkerEnd\",\"before\",\"beforeSession\",\"beforeSuite\",\"beforeHook\",\"beforeTest\",\"afterTest\",\"afterHook\",\"afterSuite\",\"afterSession\",\"after\",\"onComplete\",\"beforeAssertion\",\"afterAssertion\",\"beforeFeature\",\"beforeScenario\",\"beforeStep\",\"afterStep\",\"afterScenario\",\"afterFeature\",\"_\",\"suite\",\"$0\",\"ignoredWorkerServices\",\"wdi5\"]"}]}
COMMAND: POST /session/5c358710dd67d6f9b9172afd6139f77d/execute/async - {"script":"<script> [21126 bytes]","args":[35000]}
RESULT: {"script":"<script> [21126 bytes]","args":[35000]}
COMMAND: POST /session/5c358710dd67d6f9b9172afd6139f77d/element - {"using":"xpath","value":"//button[contains(@data-kt ,\"btnCreateNewOverflowToolbarButton\")]"}
RESULT: {"using":"xpath","value":"//button[contains(@data-kt ,\"btnCreateNewOverflowToolbarButton\")]"}
COMMAND: POST /session/5c358710dd67d6f9b9172afd6139f77d/elements - {"using":"xpath","value":"//button[contains(@data-kt ,\"btnCreateNewOverflowToolbarButton\")]"}
RESULT: {"using":"xpath","value":"//button[contains(@data-kt ,\"btnCreateNewOverflowToolbarButton\")]"}
COMMAND: POST /session/5c358710dd67d6f9b9172afd6139f77d/execute/sync - {"script":"<script> [8489 bytes]","args":[{"element-6066-11e4-a52e-4f735466cecf":"f.25FA1F70EC8D54F37F57A975E3D7688B.d.7E0F977B7D07BB241D623BD74290A160.e.12904","ELEMENT":"f.25FA1F70EC8D54F37F57A975E3D7688B.d.7E0F977B7D07BB241D623BD74290A160.e.12904"}]}
RESULT: {"script":"<script> [8489 bytes]","args":[{"element-6066-11e4-a52e-4f735466cecf":"f.25FA1F70EC8D54F37F57A975E3D7688B.d.7E0F977B7D07BB241D623BD74290A160.e.12904","ELEMENT":"f.25FA1F70EC8D54F37F57A975E3D7688B.d.7E0F977B7D07BB241D623BD74290A160.e.12904"}]}
COMMAND: GET /session/5c358710dd67d6f9b9172afd6139f77d/element/f.25FA1F70EC8D54F37F57A975E3D7688B.d.7E0F977B7D07BB241D623BD74290A160.e.12904/enabled - {}
COMMAND: GET /session/5c358710dd67d6f9b9172afd6139f77d/screenshot - {}
RESULT: {}
COMMAND: POST /session/5c358710dd67d6f9b9172afd6139f77d/execute/sync - {"script":"<script> [8489 bytes]","args":[{"element-6066-11e4-a52e-4f735466cecf":"f.25FA1F70EC8D54F37F57A975E3D7688B.d.7E0F977B7D07BB241D623BD74290A160.e.12904","ELEMENT":"f.25FA1F70EC8D54F37F57A975E3D7688B.d.7E0F977B7D07BB241D623BD74290A160.e.12904"}]}
RESULT: {}
RESULT: {"script":"<script> [8489 bytes]","args":[{"element-6066-11e4-a52e-4f735466cecf":"f.25FA1F70EC8D54F37F57A975E3D7688B.d.7E0F977B7D07BB241D623BD74290A160.e.12904","ELEMENT":"f.25FA1F70EC8D54F37F57A975E3D7688B.d.7E0F977B7D07BB241D623BD74290A160.e.12904"}]}
COMMAND: POST /session/5c358710dd67d6f9b9172afd6139f77d/execute/sync - {"script":"<script> [5351 bytes]","args":[{"element-6066-11e4-a52e-4f735466cecf":"f.25FA1F70EC8D54F37F57A975E3D7688B.d.7E0F977B7D07BB241D623BD74290A160.e.12904","ELEMENT":"f.25FA1F70EC8D54F37F57A975E3D7688B.d.7E0F977B7D07BB241D623BD74290A160.e.12904"}]}
RESULT: {"script":"<script> [5351 bytes]","args":[{"element-6066-11e4-a52e-4f735466cecf":"f.25FA1F70EC8D54F37F57A975E3D7688B.d.7E0F977B7D07BB241D623BD74290A160.e.12904","ELEMENT":"f.25FA1F70EC8D54F37F57A975E3D7688B.d.7E0F977B7D07BB241D623BD74290A160.e.12904"}]}
COMMAND: POST /session/5c358710dd67d6f9b9172afd6139f77d/element/f.25FA1F70EC8D54F37F57A975E3D7688B.d.7E0F977B7D07BB241D623BD74290A160.e.12904/click - {}
RESULT: {}
COMMAND: GET /session/5c358710dd67d6f9b9172afd6139f77d/screenshot - {}
COMMAND: GET /session/5c358710dd67d6f9b9172afd6139f77d/screenshot - {}
COMMAND: GET /session/5c358710dd67d6f9b9172afd6139f77d/screenshot - {}
COMMAND: GET /session/5c358710dd67d6f9b9172afd6139f77d/screenshot - {}
RESULT: {}
RESULT: {}
RESULT: {}
RESULT: {}
COMMAND: POST /session/5c358710dd67d6f9b9172afd6139f77d/element - {"using":"xpath","value":"//input[contains(@id ,\"yardId-inner\")]"}
RESULT: {"using":"xpath","value":"//input[contains(@id ,\"yardId-inner\")]"}
COMMAND: POST /session/5c358710dd67d6f9b9172afd6139f77d/execute/sync - {"script":"<script> [8489 bytes]","args":[{"element-6066-11e4-a52e-4f735466cecf":"f.25FA1F70EC8D54F37F57A975E3D7688B.d.7E0F977B7D07BB241D623BD74290A160.e.13155","ELEMENT":"f.25FA1F70EC8D54F37F57A975E3D7688B.d.7E0F977B7D07BB241D623BD74290A160.e.13155"}]}
RESULT: {"script":"<script> [8489 bytes]","args":[{"element-6066-11e4-a52e-4f735466cecf":"f.25FA1F70EC8D54F37F57A975E3D7688B.d.7E0F977B7D07BB241D623BD74290A160.e.13155","ELEMENT":"f.25FA1F70EC8D54F37F57A975E3D7688B.d.7E0F977B7D07BB241D623BD74290A160.e.13155"}]}
COMMAND: POST /session/5c358710dd67d6f9b9172afd6139f77d/element - {"using":"xpath","value":"//input[contains(@id ,\"yardId-inner\")]"}
RESULT: {"using":"xpath","value":"//input[contains(@id ,\"yardId-inner\")]"}
COMMAND: POST /session/5c358710dd67d6f9b9172afd6139f77d/element/f.25FA1F70EC8D54F37F57A975E3D7688B.d.7E0F977B7D07BB241D623BD74290A160.e.13155/value - {"text":"WebdriverYardcqwm7"}
COMMAND: GET /session/5c358710dd67d6f9b9172afd6139f77d/screenshot - {}
RESULT: {"text":"WebdriverYardcqwm7"}
RESULT: {}
COMMAND: GET /session/5c358710dd67d6f9b9172afd6139f77d/screenshot - {}
RESULT: {}
COMMAND: POST /session/5c358710dd67d6f9b9172afd6139f77d/actions - {"actions":[{"id":"action90","type":"key","parameters":{},"actions":[{"type":"keyDown","value":""},{"type":"pause","duration":10},{"type":"keyUp","value":""}]}]}
RESULT: {"actions":[{"id":"action90","type":"key","parameters":{},"actions":[{"type":"keyDown","value":""},{"type":"pause","duration":10},{"type":"keyUp","value":""}]}]}
COMMAND: GET /session/5c358710dd67d6f9b9172afd6139f77d/screenshot - {}
RESULT: {}
COMMAND: POST /session/5c358710dd67d6f9b9172afd6139f77d/element - {"using":"xpath","value":"//input[contains(@id ,\"customerNumber-inner\")]"}
RESULT: {"using":"xpath","value":"//input[contains(@id ,\"customerNumber-inner\")]"}
COMMAND: POST /session/5c358710dd67d6f9b9172afd6139f77d/element/f.25FA1F70EC8D54F37F57A975E3D7688B.d.7E0F977B7D07BB241D623BD74290A160.e.13149/value - {"text":"WebdriverPartnersgf22"}
RESULT: {"text":"WebdriverPartnersgf22"}
COMMAND: GET /session/5c358710dd67d6f9b9172afd6139f77d/screenshot - {}
RESULT: {}
COMMAND: POST /session/5c358710dd67d6f9b9172afd6139f77d/actions - {"actions":[{"id":"action91","type":"key","parameters":{},"actions":[{"type":"keyDown","value":""},{"type":"pause","duration":10},{"type":"keyUp","value":""}]}]}
RESULT: {"actions":[{"id":"action91","type":"key","parameters":{},"actions":[{"type":"keyDown","value":""},{"type":"pause","duration":10},{"type":"keyUp","value":""}]}]}
COMMAND: GET /session/5c358710dd67d6f9b9172afd6139f77d/screenshot - {}
RESULT: {}
COMMAND: POST /session/5c358710dd67d6f9b9172afd6139f77d/element - {"using":"xpath","value":"//input[contains(@id ,\"requestSiteId-inner\")]"}
RESULT: {"using":"xpath","value":"//input[contains(@id ,\"requestSiteId-inner\")]"}
COMMAND: POST /session/5c358710dd67d6f9b9172afd6139f77d/element/f.25FA1F70EC8D54F37F57A975E3D7688B.d.7E0F977B7D07BB241D623BD74290A160.e.13148/value - {"text":"WebdriverSitexeqhe"}
RESULT: {"text":"WebdriverSitexeqhe"}
COMMAND: GET /session/5c358710dd67d6f9b9172afd6139f77d/screenshot - {}
RESULT: {}
COMMAND: POST /session/5c358710dd67d6f9b9172afd6139f77d/actions - {"actions":[{"id":"action92","type":"key","parameters":{},"actions":[{"type":"keyDown","value":""},{"type":"pause","duration":10},{"type":"keyUp","value":""}]}]}
RESULT: {"actions":[{"id":"action92","type":"key","parameters":{},"actions":[{"type":"keyDown","value":""},{"type":"pause","duration":10},{"type":"keyUp","value":""}]}]}
COMMAND: GET /session/5c358710dd67d6f9b9172afd6139f77d/screenshot - {}
RESULT: {}
COMMAND: POST /session/5c358710dd67d6f9b9172afd6139f77d/element - {"using":"xpath","value":"//bdi[contains(text(), \"Items\")]"}
RESULT: {"using":"xpath","value":"//bdi[contains(text(), \"Items\")]"}
COMMAND: POST /session/5c358710dd67d6f9b9172afd6139f77d/element/f.25FA1F70EC8D54F37F57A975E3D7688B.d.7E0F977B7D07BB241D623BD74290A160.e.13320/click - {}
RESULT: {}
COMMAND: GET /session/5c358710dd67d6f9b9172afd6139f77d/screenshot - {}
RESULT: {}
COMMAND: POST /session/5c358710dd67d6f9b9172afd6139f77d/element - {"using":"xpath","value":"//button[contains(@data-kt ,\"requestItemAddOverflowToolbarButton\")]"}
RESULT: {"using":"xpath","value":"//button[contains(@data-kt ,\"requestItemAddOverflowToolbarButton\")]"}
COMMAND: POST /session/5c358710dd67d6f9b9172afd6139f77d/element/f.25FA1F70EC8D54F37F57A975E3D7688B.d.7E0F977B7D07BB241D623BD74290A160.e.13127/click - {}
RESULT: {}
COMMAND: GET /session/5c358710dd67d6f9b9172afd6139f77d/screenshot - {}
RESULT: {}
COMMAND: POST /session/5c358710dd67d6f9b9172afd6139f77d/actions - {"actions":[{"id":"action93","type":"key","parameters":{},"actions":[{"type":"keyDown","value":""},{"type":"pause","duration":10},{"type":"keyUp","value":""}]}]}
RESULT: {"actions":[{"id":"action93","type":"key","parameters":{},"actions":[{"type":"keyDown","value":""},{"type":"pause","duration":10},{"type":"keyUp","value":""}]}]}
COMMAND: POST /session/5c358710dd67d6f9b9172afd6139f77d/actions - {"actions":[{"id":"action94","type":"key","parameters":{},"actions":[{"type":"keyDown","value":""},{"type":"pause","duration":10},{"type":"keyUp","value":""}]}]}
COMMAND: GET /session/5c358710dd67d6f9b9172afd6139f77d/screenshot - {}
RESULT: {"actions":[{"id":"action94","type":"key","parameters":{},"actions":[{"type":"keyDown","value":""},{"type":"pause","duration":10},{"type":"keyUp","value":""}]}]}
COMMAND: POST /session/5c358710dd67d6f9b9172afd6139f77d/element - {"using":"xpath","value":"(//input[contains(@id ,\"requestItemsTable-0-inner\")])[1]"}
COMMAND: GET /session/5c358710dd67d6f9b9172afd6139f77d/screenshot - {}
RESULT: {}
RESULT: {"using":"xpath","value":"(//input[contains(@id ,\"requestItemsTable-0-inner\")])[1]"}
COMMAND: POST /session/5c358710dd67d6f9b9172afd6139f77d/element/f.25FA1F70EC8D54F37F57A975E3D7688B.d.7E0F977B7D07BB241D623BD74290A160.e.13336/clear - {}
RESULT: {}
RESULT: {}
COMMAND: POST /session/5c358710dd67d6f9b9172afd6139f77d/element/f.25FA1F70EC8D54F37F57A975E3D7688B.d.7E0F977B7D07BB241D623BD74290A160.e.13336/value - {"text":"catalogItemyba61l"}
COMMAND: GET /session/5c358710dd67d6f9b9172afd6139f77d/screenshot - {}
RESULT: {"text":"catalogItemyba61l"}
COMMAND: GET /session/5c358710dd67d6f9b9172afd6139f77d/screenshot - {}
RESULT: {}
RESULT: {}
COMMAND: POST /session/5c358710dd67d6f9b9172afd6139f77d/actions - {"actions":[{"id":"action95","type":"key","parameters":{},"actions":[{"type":"keyDown","value":""},{"type":"pause","duration":10},{"type":"keyUp","value":""}]}]}
RESULT: {"actions":[{"id":"action95","type":"key","parameters":{},"actions":[{"type":"keyDown","value":""},{"type":"pause","duration":10},{"type":"keyUp","value":""}]}]}
COMMAND: GET /session/5c358710dd67d6f9b9172afd6139f77d/screenshot - {}
RESULT: {}
COMMAND: POST /session/5c358710dd67d6f9b9172afd6139f77d/execute/async - {"script":"<script> [1562 bytes]","args":[{"selector":{"controlType":"sap.ui.core.Icon","viewName":"etm.portal.ui.managerequests.view.NewRequest","properties":{"src":{"regex":{"source":"slim\\-arrow\\-down"}}},"ancestor":{"controlType":"sap.m.Button","viewName":"etm.portal.ui.managerequests.view.NewRequest","properties":{"icon":"sap-icon://slim-arrow-down"}}},"wdio_ui5_key":"etmportal.ui.managerequests.view.NewRequestsap.ui.core.Icon{\"src\":{\"regex\":{\"source\":\"slim\\\\-arrow\\\\-down\"}}}{\"controlType\":\"sap.m.Button\",\"viewName\":\"etm.portal.ui.managerequests.view.NewRequest\",\"properties\":{\"icon\":\"sap-icon://slim-arrow-down\"}}"}]}
RESULT: {"script":"<script> [1562 bytes]","args":[{"selector":{"controlType":"sap.ui.core.Icon","viewName":"etm.portal.ui.managerequests.view.NewRequest","properties":{"src":{"regex":{"source":"slim\\-arrow\\-down"}}},"ancestor":{"controlType":"sap.m.Button","viewName":"etm.portal.ui.managerequests.view.NewRequest","properties":{"icon":"sap-icon://slim-arrow-down"}}},"wdio_ui5_key":"etmportal.ui.managerequests.view.NewRequestsap.ui.core.Icon{\"src\":{\"regex\":{\"source\":\"slim\\\\-arrow\\\\-down\"}}}{\"controlType\":\"sap.m.Button\",\"viewName\":\"etm.portal.ui.managerequests.view.NewRequest\",\"properties\":{\"icon\":\"sap-icon://slim-arrow-down\"}}"}]}
RESULT: undefined
COMMAND: POST /session/5c358710dd67d6f9b9172afd6139f77d/element - {"using":"xpath","value":"//*[@id=\"__title4-expandBtn-img\"]"}
RESULT: {"using":"xpath","value":"//*[@id=\"__title4-expandBtn-img\"]"}
COMMAND: POST /session/5c358710dd67d6f9b9172afd6139f77d/element/f.25FA1F70EC8D54F37F57A975E3D7688B.d.7E0F977B7D07BB241D623BD74290A160.e.13349/click - {}
RESULT: {}
COMMAND: GET /session/5c358710dd67d6f9b9172afd6139f77d/screenshot - {}
RESULT: {}
COMMAND: POST /session/5c358710dd67d6f9b9172afd6139f77d/element - {"using":"xpath","value":"//div[contains(@data-kt ,\"splitAllocationObjectStatus\")]"}
RESULT: {"using":"xpath","value":"//div[contains(@data-kt ,\"splitAllocationObjectStatus\")]"}
COMMAND: POST /session/5c358710dd67d6f9b9172afd6139f77d/elements - {"using":"xpath","value":"//div[contains(@data-kt ,\"splitAllocationObjectStatus\")]"}
RESULT: {"using":"xpath","value":"//div[contains(@data-kt ,\"splitAllocationObjectStatus\")]"}
COMMAND: POST /session/5c358710dd67d6f9b9172afd6139f77d/execute/async - {"script":"<script> [1562 bytes]","args":[{"selector":{"controlType":"sap.ui.core.Icon","viewName":"etm.portal.ui.managerequests.view.NewRequest","properties":{"src":{"regex":{"source":"message\\-error"}}}},"wdio_ui5_key":"etmportal.ui.managerequests.view.NewRequestsap.ui.core.Icon{\"src\":{\"regex\":{\"source\":\"message\\\\-error\"}}}"}]}
RESULT: {"script":"<script> [1562 bytes]","args":[{"selector":{"controlType":"sap.ui.core.Icon","viewName":"etm.portal.ui.managerequests.view.NewRequest","properties":{"src":{"regex":{"source":"message\\-error"}}}},"wdio_ui5_key":"etmportal.ui.managerequests.view.NewRequestsap.ui.core.Icon{\"src\":{\"regex\":{\"source\":\"message\\\\-error\"}}}"}]}
RESULT: undefined
COMMAND: POST /session/5c358710dd67d6f9b9172afd6139f77d/element - {"using":"xpath","value":"//*[@id=\"__status4-__xmlview1--requestItemsTable-0-icon\"]"}
RESULT: {"using":"xpath","value":"//*[@id=\"__status4-__xmlview1--requestItemsTable-0-icon\"]"}
COMMAND: POST /session/5c358710dd67d6f9b9172afd6139f77d/element/f.25FA1F70EC8D54F37F57A975E3D7688B.d.7E0F977B7D07BB241D623BD74290A160.e.13354/click - {}
RESULT: {}
COMMAND: POST /session/5c358710dd67d6f9b9172afd6139f77d/execute/async - {"script":"<script> [1562 bytes]","args":[{"selector":{"controlType":"sap.ui.core.Icon","viewName":"etm.portal.ui.managerequests.view.NewRequest","properties":{"src":{"regex":{"source":"slim\\-arrow\\-down"}}},"searchOpenDialogs":true,"ancestor":{"id":"costObjectAdminTypeComboBox","viewName":"etm.portal.ui.managerequests.view.NewRequest","searchOpenDialogs":true}},"wdio_ui5_key":"etmportal.ui.managerequests.view.NewRequestsap.ui.core.Icon{\"src\":{\"regex\":{\"source\":\"slim\\\\-arrow\\\\-down\"}}}{\"id\":\"costObjectAdminTypeComboBox\",\"viewName\":\"etm.portal.ui.managerequests.view.NewRequest\",\"searchOpenDialogs\":true}"}]}
COMMAND: GET /session/5c358710dd67d6f9b9172afd6139f77d/screenshot - {}
RESULT: {"script":"<script> [1562 bytes]","args":[{"selector":{"controlType":"sap.ui.core.Icon","viewName":"etm.portal.ui.managerequests.view.NewRequest","properties":{"src":{"regex":{"source":"slim\\-arrow\\-down"}}},"searchOpenDialogs":true,"ancestor":{"id":"costObjectAdminTypeComboBox","viewName":"etm.portal.ui.managerequests.view.NewRequest","searchOpenDialogs":true}},"wdio_ui5_key":"etmportal.ui.managerequests.view.NewRequestsap.ui.core.Icon{\"src\":{\"regex\":{\"source\":\"slim\\\\-arrow\\\\-down\"}}}{\"id\":\"costObjectAdminTypeComboBox\",\"viewName\":\"etm.portal.ui.managerequests.view.NewRequest\",\"searchOpenDialogs\":true}"}]}
RESULT: undefined
COMMAND: POST /session/5c358710dd67d6f9b9172afd6139f77d/element - {"using":"xpath","value":"//*[@id=\"__xmlview1--costObjectAdminTypeComboBox-arrow\"]"}
RESULT: {}
RESULT: {"using":"xpath","value":"//*[@id=\"__xmlview1--costObjectAdminTypeComboBox-arrow\"]"}
COMMAND: POST /session/5c358710dd67d6f9b9172afd6139f77d/element/f.25FA1F70EC8D54F37F57A975E3D7688B.d.7E0F977B7D07BB241D623BD74290A160.e.13359/click - {}
RESULT: {}
COMMAND: POST /session/5c358710dd67d6f9b9172afd6139f77d/execute/async - {"script":"<script> [1562 bytes]","args":[{"selector":{"controlType":"sap.m.StandardListItem","viewName":"etm.portal.ui.managerequests.view.NewRequest","properties":{"title":"Cost Center"},"searchOpenDialogs":true,"interaction":{"idSuffix":"titleText"}},"wdio_ui5_key":"etmportal.ui.managerequests.view.NewRequestsap.m.StandardListItem{\"title\":\"Cost Center\"}"}]}
COMMAND: GET /session/5c358710dd67d6f9b9172afd6139f77d/screenshot - {}
RESULT: {}
RESULT: {"script":"<script> [1562 bytes]","args":[{"selector":{"controlType":"sap.m.StandardListItem","viewName":"etm.portal.ui.managerequests.view.NewRequest","properties":{"title":"Cost Center"},"searchOpenDialogs":true,"interaction":{"idSuffix":"titleText"}},"wdio_ui5_key":"etmportal.ui.managerequests.view.NewRequestsap.m.StandardListItem{\"title\":\"Cost Center\"}"}]}
RESULT: undefined
COMMAND: POST /session/5c358710dd67d6f9b9172afd6139f77d/element - {"using":"xpath","value":"//*[@id=\"__item427\"]"}
RESULT: {"using":"xpath","value":"//*[@id=\"__item427\"]"}
COMMAND: POST /session/5c358710dd67d6f9b9172afd6139f77d/element/f.25FA1F70EC8D54F37F57A975E3D7688B.d.7E0F977B7D07BB241D623BD74290A160.e.13362/click - {}
RESULT: {}
COMMAND: POST /session/5c358710dd67d6f9b9172afd6139f77d/execute/async - {"script":"<script> [1562 bytes]","args":[{"selector":{"controlType":"sap.ui.core.Icon","viewName":"etm.portal.ui.managerequests.view.NewRequest","properties":{"src":{"regex":{"source":"value\\-help"}}},"searchOpenDialogs":true},"wdio_ui5_key":"etmportal.ui.managerequests.view.NewRequestsap.ui.core.Icon{\"src\":{\"regex\":{\"source\":\"value\\\\-help\"}}}"}]}
COMMAND: GET /session/5c358710dd67d6f9b9172afd6139f77d/screenshot - {}
RESULT: {"script":"<script> [1562 bytes]","args":[{"selector":{"controlType":"sap.ui.core.Icon","viewName":"etm.portal.ui.managerequests.view.NewRequest","properties":{"src":{"regex":{"source":"value\\-help"}}},"searchOpenDialogs":true},"wdio_ui5_key":"etmportal.ui.managerequests.view.NewRequestsap.ui.core.Icon{\"src\":{\"regex\":{\"source\":\"value\\\\-help\"}}}"}]}
RESULT: undefined
COMMAND: POST /session/5c358710dd67d6f9b9172afd6139f77d/element - {"using":"xpath","value":"//*[@id=\"__xmlview1--costObjectIdComboBox-vhi\"]"}
RESULT: {}
RESULT: {"using":"xpath","value":"//*[@id=\"__xmlview1--costObjectIdComboBox-vhi\"]"}
COMMAND: POST /session/5c358710dd67d6f9b9172afd6139f77d/element/f.25FA1F70EC8D54F37F57A975E3D7688B.d.7E0F977B7D07BB241D623BD74290A160.e.13366/click - {}
RESULT: {}
COMMAND: POST /session/5c358710dd67d6f9b9172afd6139f77d/execute/async - {"script":"<script> [1562 bytes]","args":[{"selector":{"controlType":"sap.m.SearchField","properties":{"placeholder":"Search"},"searchOpenDialogs":true,"interaction":{"idSuffix":"I"}},"wdio_ui5_key":"sapm.SearchField{\"placeholder\":\"Search\"}"}]}
COMMAND: GET /session/5c358710dd67d6f9b9172afd6139f77d/screenshot - {}
RESULT: {"script":"<script> [1562 bytes]","args":[{"selector":{"controlType":"sap.m.SearchField","properties":{"placeholder":"Search"},"searchOpenDialogs":true,"interaction":{"idSuffix":"I"}},"wdio_ui5_key":"sapm.SearchField{\"placeholder\":\"Search\"}"}]}
RESULT: undefined
COMMAND: POST /session/5c358710dd67d6f9b9172afd6139f77d/execute/async - {"script":"<script> [776 bytes]","args":[{"enterText":"10001010","selector":{"controlType":"sap.m.SearchField","properties":{"placeholder":"Search"},"searchOpenDialogs":true,"interaction":{"idSuffix":"I"}},"clearTextFirst":true,"interactionType":"ENTER_TEXT"}]}
RESULT: {}
RESULT: {"script":"<script> [776 bytes]","args":[{"enterText":"10001010","selector":{"controlType":"sap.m.SearchField","properties":{"placeholder":"Search"},"searchOpenDialogs":true,"interaction":{"idSuffix":"I"}},"clearTextFirst":true,"interactionType":"ENTER_TEXT"}]}
COMMAND: POST /session/5c358710dd67d6f9b9172afd6139f77d/actions - {"actions":[{"id":"action96","type":"key","parameters":{},"actions":[{"type":"keyDown","value":""},{"type":"pause","duration":10},{"type":"keyUp","value":""}]}]}
RESULT: {"actions":[{"id":"action96","type":"key","parameters":{},"actions":[{"type":"keyDown","value":""},{"type":"pause","duration":10},{"type":"keyUp","value":""}]}]}
COMMAND: GET /session/5c358710dd67d6f9b9172afd6139f77d/screenshot - {}
RESULT: {}
COMMAND: POST /session/5c358710dd67d6f9b9172afd6139f77d/execute/async - {"script":"<script> [1562 bytes]","args":[{"selector":{"controlType":"sap.m.Text","bindingPath":{"path":"/C_CostCtrValueHelp(CostCenter='10001010',ControllingArea='Z001')","propertyPath":"CostCenterName","modelName":"CostCenterModel"},"searchOpenDialogs":true},"wdio_ui5_key":"sapm.Text{\"path\":\"/C_CostCtrValueHelp(CostCenter='10001010',ControllingArea='Z001')\",\"propertyPath\":\"CostCenterName\",\"modelName\":\"CostCenterModel\"}"}]}
RESULT: {"script":"<script> [1562 bytes]","args":[{"selector":{"controlType":"sap.m.Text","bindingPath":{"path":"/C_CostCtrValueHelp(CostCenter='10001010',ControllingArea='Z001')","propertyPath":"CostCenterName","modelName":"CostCenterModel"},"searchOpenDialogs":true},"wdio_ui5_key":"sapm.Text{\"path\":\"/C_CostCtrValueHelp(CostCenter='10001010',ControllingArea='Z001')\",\"propertyPath\":\"CostCenterName\",\"modelName\":\"CostCenterModel\"}"}]}
RESULT: undefined
COMMAND: POST /session/5c358710dd67d6f9b9172afd6139f77d/element - {"using":"xpath","value":"//*[@id=\"__text265-__clone557\"]"}
RESULT: {"using":"xpath","value":"//*[@id=\"__text265-__clone557\"]"}
COMMAND: POST /session/5c358710dd67d6f9b9172afd6139f77d/element/f.25FA1F70EC8D54F37F57A975E3D7688B.d.7E0F977B7D07BB241D623BD74290A160.e.13406/click - {}
RESULT: {}
COMMAND: POST /session/5c358710dd67d6f9b9172afd6139f77d/execute/async - {"script":"<script> [1562 bytes]","args":[{"selector":{"controlType":"sap.m.Button","properties":{"text":"OK"},"searchOpenDialogs":true,"interaction":{"idSuffix":"BDI-content"}},"wdio_ui5_key":"sapm.Button{\"text\":\"OK\"}"}]}
COMMAND: GET /session/5c358710dd67d6f9b9172afd6139f77d/screenshot - {}
RESULT: {"script":"<script> [1562 bytes]","args":[{"selector":{"controlType":"sap.m.Button","properties":{"text":"OK"},"searchOpenDialogs":true,"interaction":{"idSuffix":"BDI-content"}},"wdio_ui5_key":"sapm.Button{\"text\":\"OK\"}"}]}
RESULT: undefined
COMMAND: POST /session/5c358710dd67d6f9b9172afd6139f77d/element - {"using":"xpath","value":"//*[@id=\"__dialog1-ok\"]"}
RESULT: {}
RESULT: {"using":"xpath","value":"//*[@id=\"__dialog1-ok\"]"}
COMMAND: POST /session/5c358710dd67d6f9b9172afd6139f77d/element/f.25FA1F70EC8D54F37F57A975E3D7688B.d.7E0F977B7D07BB241D623BD74290A160.e.13408/click - {}
RESULT: {}
COMMAND: GET /session/5c358710dd67d6f9b9172afd6139f77d/screenshot - {}
RESULT: {}
COMMAND: POST /session/5c358710dd67d6f9b9172afd6139f77d/execute/async - {"script":"<script> [1562 bytes]","args":[{"selector":{"controlType":"sap.m.Button","viewName":"etm.portal.ui.managerequests.view.NewRequest","i18NText":{"propertyName":"text","key":"save"},"searchOpenDialogs":true,"interaction":{"idSuffix":"BDI-content"}},"wdio_ui5_key":"etmportal.ui.managerequests.view.NewRequestsap.m.Button{\"propertyName\":\"text\",\"key\":\"save\"}"}]}
RESULT: {"script":"<script> [1562 bytes]","args":[{"selector":{"controlType":"sap.m.Button","viewName":"etm.portal.ui.managerequests.view.NewRequest","i18NText":{"propertyName":"text","key":"save"},"searchOpenDialogs":true,"interaction":{"idSuffix":"BDI-content"}},"wdio_ui5_key":"etmportal.ui.managerequests.view.NewRequestsap.m.Button{\"propertyName\":\"text\",\"key\":\"save\"}"}]}
RESULT: undefined
COMMAND: POST /session/5c358710dd67d6f9b9172afd6139f77d/element - {"using":"xpath","value":"//*[@id=\"__button22\"]"}
RESULT: {"using":"xpath","value":"//*[@id=\"__button22\"]"}
COMMAND: POST /session/5c358710dd67d6f9b9172afd6139f77d/element/f.25FA1F70EC8D54F37F57A975E3D7688B.d.7E0F977B7D07BB241D623BD74290A160.e.13412/click - {}
RESULT: {}
COMMAND: GET /session/5c358710dd67d6f9b9172afd6139f77d/screenshot - {}
RESULT: {}
COMMAND: POST /session/5c358710dd67d6f9b9172afd6139f77d/element - {"using":"xpath","value":"(//bdi[contains(text() ,\"Save\")])[1]"}
RESULT: {"using":"xpath","value":"(//bdi[contains(text() ,\"Save\")])[1]"}
COMMAND: POST /session/5c358710dd67d6f9b9172afd6139f77d/element/f.25FA1F70EC8D54F37F57A975E3D7688B.d.7E0F977B7D07BB241D623BD74290A160.e.13414/click - {}
RESULT: {}
COMMAND: GET /session/5c358710dd67d6f9b9172afd6139f77d/screenshot - {}
RESULT: {}
COMMAND: POST /session/5c358710dd67d6f9b9172afd6139f77d/execute/async - {"script":"<script> [1562 bytes]","args":[{"selector":{"controlType":"sap.m.Title","properties":{"text":"Success"},"searchOpenDialogs":true},"wdio_ui5_key":"sapm.Title{\"text\":\"Success\"}"}]}
RESULT: {"script":"<script> [1562 bytes]","args":[{"selector":{"controlType":"sap.m.Title","properties":{"text":"Success"},"searchOpenDialogs":true},"wdio_ui5_key":"sapm.Title{\"text\":\"Success\"}"}]}
RESULT: undefined
COMMAND: POST /session/5c358710dd67d6f9b9172afd6139f77d/execute/async - {"script":"<script> [6424 bytes]","args":[{"element-6066-11e4-a52e-4f735466cecf":"f.25FA1F70EC8D54F37F57A975E3D7688B.d.7E0F977B7D07BB241D623BD74290A160.e.13417"},"getText",[]]}
RESULT: {"script":"<script> [6424 bytes]","args":[{"element-6066-11e4-a52e-4f735466cecf":"f.25FA1F70EC8D54F37F57A975E3D7688B.d.7E0F977B7D07BB241D623BD74290A160.e.13417"},"getText",[]]}
COMMAND: POST /session/5c358710dd67d6f9b9172afd6139f77d/execute/async - {"script":"<script> [1562 bytes]","args":[{"selector":{"controlType":"sap.m.Button","properties":{"text":"Close"},"searchOpenDialogs":true,"interaction":{"idSuffix":"BDI-content"}},"wdio_ui5_key":"sapm.Button{\"text\":\"Close\"}"}]}
RESULT: {"script":"<script> [1562 bytes]","args":[{"selector":{"controlType":"sap.m.Button","properties":{"text":"Close"},"searchOpenDialogs":true,"interaction":{"idSuffix":"BDI-content"}},"wdio_ui5_key":"sapm.Button{\"text\":\"Close\"}"}]}
RESULT: undefined
COMMAND: POST /session/5c358710dd67d6f9b9172afd6139f77d/element - {"using":"xpath","value":"//*[@id=\"__mbox-btn-0\"]"}
RESULT: {"using":"xpath","value":"//*[@id=\"__mbox-btn-0\"]"}
COMMAND: POST /session/5c358710dd67d6f9b9172afd6139f77d/element/f.25FA1F70EC8D54F37F57A975E3D7688B.d.7E0F977B7D07BB241D623BD74290A160.e.13415/click - {}
RESULT: {}
COMMAND: GET /session/5c358710dd67d6f9b9172afd6139f77d/screenshot - {}
RESULT: {}
COMMAND: POST /session/5c358710dd67d6f9b9172afd6139f77d/execute/async - {"script":"<script> [1562 bytes]","args":[{"selector":{"controlType":"sap.m.Text","viewName":"etm.portal.ui.managerequests.view.Detail","bindingPath":{"propertyPath":"NO","modelName":"catalogModel"}},"wdio_ui5_key":"etmportal.ui.managerequests.view.Detailsap.m.Text{\"propertyPath\":\"NO\",\"modelName\":\"catalogModel\"}"}]}
RESULT: {"script":"<script> [1562 bytes]","args":[{"selector":{"controlType":"sap.m.Text","viewName":"etm.portal.ui.managerequests.view.Detail","bindingPath":{"propertyPath":"NO","modelName":"catalogModel"}},"wdio_ui5_key":"etmportal.ui.managerequests.view.Detailsap.m.Text{\"propertyPath\":\"NO\",\"modelName\":\"catalogModel\"}"}]}
RESULT: undefined
COMMAND: POST /session/5c358710dd67d6f9b9172afd6139f77d/execute/async - {"script":"<script> [6424 bytes]","args":[{"element-6066-11e4-a52e-4f735466cecf":"f.25FA1F70EC8D54F37F57A975E3D7688B.d.7E0F977B7D07BB241D623BD74290A160.e.13541"},"getText",[]]}
RESULT: {"script":"<script> [6424 bytes]","args":[{"element-6066-11e4-a52e-4f735466cecf":"f.25FA1F70EC8D54F37F57A975E3D7688B.d.7E0F977B7D07BB241D623BD74290A160.e.13541"},"getText",[]]}
COMMAND: POST /session/5c358710dd67d6f9b9172afd6139f77d/execute/async - {"script":"<script> [1562 bytes]","args":[{"selector":{"controlType":"sap.ui.core.Icon","viewName":"etm.portal.ui.managerequests.view.Detail","properties":{"src":{"regex":{"source":"date\\-time"}}},"ancestor":{"controlType":"sap.m.ColumnListItem","viewName":"etm.portal.ui.managerequests.view.Detail","bindingPath":{"path":"/SmartRequestItemsPlanningBoard(ITEM=10m,REQUEST='20091')"},"ancestor":{"id":"requestItemsTable","viewName":"etm.portal.ui.managerequests.view.Detail"}}},"wdio_ui5_key":"etmportal.ui.managerequests.view.Detailsap.ui.core.Icon{\"src\":{\"regex\":{\"source\":\"date\\\\-time\"}}}{\"controlType\":\"sap.m.ColumnListItem\",\"viewName\":\"etm.portal.ui.managerequests.view.Detail\",\"bindingPath\":{\"path\":\"/SmartRequestItemsPlanningBoard(ITEM=10m,REQUEST='20091')\"},\"ancestor\":{\"id\":\"requestItemsTable\",\"viewName\":\"etm.portal.ui.managerequests.view.Detail\"}}"}]}
RESULT: {"script":"<script> [1562 bytes]","args":[{"selector":{"controlType":"sap.ui.core.Icon","viewName":"etm.portal.ui.managerequests.view.Detail","properties":{"src":{"regex":{"source":"date\\-time"}}},"ancestor":{"controlType":"sap.m.ColumnListItem","viewName":"etm.portal.ui.managerequests.view.Detail","bindingPath":{"path":"/SmartRequestItemsPlanningBoard(ITEM=10m,REQUEST='20091')"},"ancestor":{"id":"requestItemsTable","viewName":"etm.portal.ui.managerequests.view.Detail"}}},"wdio_ui5_key":"etmportal.ui.managerequests.view.Detailsap.ui.core.Icon{\"src\":{\"regex\":{\"source\":\"date\\\\-time\"}}}{\"controlType\":\"sap.m.ColumnListItem\",\"viewName\":\"etm.portal.ui.managerequests.view.Detail\",\"bindingPath\":{\"path\":\"/SmartRequestItemsPlanningBoard(ITEM=10m,REQUEST='20091')\"},\"ancestor\":{\"id\":\"requestItemsTable\",\"viewName\":\"etm.portal.ui.managerequests.view.Detail\"}}"}]}
RESULT: undefined
COMMAND: POST /session/5c358710dd67d6f9b9172afd6139f77d/element - {"using":"xpath","value":"//*[@id=\"__button37-__clone596-img\"]"}
RESULT: {"using":"xpath","value":"//*[@id=\"__button37-__clone596-img\"]"}
COMMAND: POST /session/5c358710dd67d6f9b9172afd6139f77d/element/f.25FA1F70EC8D54F37F57A975E3D7688B.d.7E0F977B7D07BB241D623BD74290A160.e.13542/click - {}
RESULT: {}
COMMAND: POST /session/5c358710dd67d6f9b9172afd6139f77d/execute/async - {"script":"<script> [1562 bytes]","args":[{"selector":{"controlType":"sap.m.Button","viewName":"etm.portal.ui.managerequests.view.Detail","properties":{"text":"Close"},"searchOpenDialogs":true,"interaction":{"idSuffix":"BDI-content"}},"wdio_ui5_key":"etmportal.ui.managerequests.view.Detailsap.m.Button{\"text\":\"Close\"}"}]}
COMMAND: GET /session/5c358710dd67d6f9b9172afd6139f77d/screenshot - {}
RESULT: {"script":"<script> [1562 bytes]","args":[{"selector":{"controlType":"sap.m.Button","viewName":"etm.portal.ui.managerequests.view.Detail","properties":{"text":"Close"},"searchOpenDialogs":true,"interaction":{"idSuffix":"BDI-content"}},"wdio_ui5_key":"etmportal.ui.managerequests.view.Detailsap.m.Button{\"text\":\"Close\"}"}]}
RESULT: undefined
COMMAND: POST /session/5c358710dd67d6f9b9172afd6139f77d/element - {"using":"xpath","value":"//*[@id=\"__button47\"]"}
RESULT: {}
RESULT: {"using":"xpath","value":"//*[@id=\"__button47\"]"}
COMMAND: POST /session/5c358710dd67d6f9b9172afd6139f77d/element/f.25FA1F70EC8D54F37F57A975E3D7688B.d.7E0F977B7D07BB241D623BD74290A160.e.13545/click - {}
RESULT: {}
COMMAND: POST /session/5c358710dd67d6f9b9172afd6139f77d/refresh - {}
COMMAND: GET /session/5c358710dd67d6f9b9172afd6139f77d/screenshot - {}
RESULT: {}
COMMAND: GET /session/5c358710dd67d6f9b9172afd6139f77d/screenshot - {}
RESULT: {}
COMMAND: POST /session/5c358710dd67d6f9b9172afd6139f77d/execute/async - {"script":"<script> [189 bytes]","args":[]}
RESULT: {}
RESULT: {"script":"<script> [189 bytes]","args":[]}
COMMAND: POST /session/5c358710dd67d6f9b9172afd6139f77d/execute/async - {"script":"<script> [123 bytes]","args":[]}
RESULT: {"script":"<script> [123 bytes]","args":[]}
COMMAND: POST /session/5c358710dd67d6f9b9172afd6139f77d/timeouts - {"script":"<number>"}
RESULT: {"script":"<number>"}
COMMAND: GET /session/5c358710dd67d6f9b9172afd6139f77d/timeouts - {}
RESULT: {}
RESULT: undefined
COMMAND: POST /session/5c358710dd67d6f9b9172afd6139f77d/execute/async - {"script":"<script> [2676 bytes]","args":[]}
RESULT: {"script":"<script> [2676 bytes]","args":[]}
COMMAND: POST /session/5c358710dd67d6f9b9172afd6139f77d/execute/async - {"script":"<script> [2342 bytes]","args":[{"protocol":"http","hostname":"0.0.0.0","path":"/","capabilities":{"browserName":"chrome","goog:chromeOptions":{"binary":"C:\\Program Files\\Google\\Chrome\\Application\\chrome.exe"}},"logLevel":"warn","connectionRetryTimeout":120000,"connectionRetryCount":3,"logLevels":{},"enableDirectConnect":true,"strictSSL":true,"_":"65 more keys: [\"cacheDir\",\"port\",\"requestedCapabilities\",\"automationProtocol\",\"baseUrl\",\"waitforInterval\",\"waitforTimeout\",\"onReload\",\"beforeCommand\",\"afterCommand\",\"rootDir\",\"specs\",\"suites\",\"exclude\",\"groupLogsByTestSpec\",\"excludeDriverLogs\",\"bail\",\"framework\",\"reporters\",\"services\",\"maxInstances\",\"maxInstancesPerCapability\",\"injectGlobals\",\"filesToWatch\",\"execArgv\",\"runnerEnv\",\"runner\",\"shard\",\"specFileRetries\",\"specFileRetriesDelay\",\"specFileRetriesDeferred\",\"reporterSyncInterval\",\"reporterSyncTimeout\",\"cucumberFeaturesWithLineNumbers\",\"autoCompileOpts\",\"mochaOpts\",\"jasmineOpts\",\"cucumberOpts\",\"onPrepare\",\"onWorkerStart\",\"onWorkerEnd\",\"before\",\"beforeSession\",\"beforeSuite\",\"beforeHook\",\"beforeTest\",\"afterTest\",\"afterHook\",\"afterSuite\",\"afterSession\",\"after\",\"onComplete\",\"beforeAssertion\",\"afterAssertion\",\"beforeFeature\",\"beforeScenario\",\"beforeStep\",\"afterStep\",\"afterScenario\",\"afterFeature\",\"_\",\"suite\",\"$0\",\"ignoredWorkerServices\",\"wdi5\"]"}]}
RESULT: {"script":"<script> [2342 bytes]","args":[{"protocol":"http","hostname":"0.0.0.0","path":"/","capabilities":{"browserName":"chrome","goog:chromeOptions":{"binary":"C:\\Program Files\\Google\\Chrome\\Application\\chrome.exe"}},"logLevel":"warn","connectionRetryTimeout":120000,"connectionRetryCount":3,"logLevels":{},"enableDirectConnect":true,"strictSSL":true,"_":"65 more keys: [\"cacheDir\",\"port\",\"requestedCapabilities\",\"automationProtocol\",\"baseUrl\",\"waitforInterval\",\"waitforTimeout\",\"onReload\",\"beforeCommand\",\"afterCommand\",\"rootDir\",\"specs\",\"suites\",\"exclude\",\"groupLogsByTestSpec\",\"excludeDriverLogs\",\"bail\",\"framework\",\"reporters\",\"services\",\"maxInstances\",\"maxInstancesPerCapability\",\"injectGlobals\",\"filesToWatch\",\"execArgv\",\"runnerEnv\",\"runner\",\"shard\",\"specFileRetries\",\"specFileRetriesDelay\",\"specFileRetriesDeferred\",\"reporterSyncInterval\",\"reporterSyncTimeout\",\"cucumberFeaturesWithLineNumbers\",\"autoCompileOpts\",\"mochaOpts\",\"jasmineOpts\",\"cucumberOpts\",\"onPrepare\",\"onWorkerStart\",\"onWorkerEnd\",\"before\",\"beforeSession\",\"beforeSuite\",\"beforeHook\",\"beforeTest\",\"afterTest\",\"afterHook\",\"afterSuite\",\"afterSession\",\"after\",\"onComplete\",\"beforeAssertion\",\"afterAssertion\",\"beforeFeature\",\"beforeScenario\",\"beforeStep\",\"afterStep\",\"afterScenario\",\"afterFeature\",\"_\",\"suite\",\"$0\",\"ignoredWorkerServices\",\"wdi5\"]"}]}
COMMAND: POST /session/5c358710dd67d6f9b9172afd6139f77d/execute/async - {"script":"<script> [21126 bytes]","args":[35000]}
RESULT: {"script":"<script> [21126 bytes]","args":[35000]}
]]></system-out>
    </testcase>
    <testcase classname="chrome.135_0_7049_42.windows.Process_request_items_into_an_existing_quotation_US120163" name="Should process the request into an existing quotation" time="70.766">
      <system-out><![CDATA[
COMMAND: GET /session/5c358710dd67d6f9b9172afd6139f77d/window - {}
RESULT: {}
COMMAND: POST /session/5c358710dd67d6f9b9172afd6139f77d/element - {"using":"xpath","value":"//span[contains(@id ,\"detailHeaderTitle-_actionsToolbar-overflowButton-img\")]"}
RESULT: {"using":"xpath","value":"//span[contains(@id ,\"detailHeaderTitle-_actionsToolbar-overflowButton-img\")]"}
COMMAND: POST /session/5c358710dd67d6f9b9172afd6139f77d/element/f.25FA1F70EC8D54F37F57A975E3D7688B.d.28391E5CAE9C5F5B5758E353A0753042.e.13764/click - {}
RESULT: {}
COMMAND: GET /session/5c358710dd67d6f9b9172afd6139f77d/screenshot - {}
RESULT: {}
COMMAND: POST /session/5c358710dd67d6f9b9172afd6139f77d/element - {"using":"xpath","value":"//span[contains(@id ,\"actionsMenuButton-internalSplitBtn-arrowButton-img\")]"}
RESULT: {"using":"xpath","value":"//span[contains(@id ,\"actionsMenuButton-internalSplitBtn-arrowButton-img\")]"}
COMMAND: POST /session/5c358710dd67d6f9b9172afd6139f77d/element/f.25FA1F70EC8D54F37F57A975E3D7688B.d.28391E5CAE9C5F5B5758E353A0753042.e.13768/click - {}
RESULT: {}
COMMAND: GET /session/5c358710dd67d6f9b9172afd6139f77d/screenshot - {}
RESULT: {}
COMMAND: POST /session/5c358710dd67d6f9b9172afd6139f77d/actions - {"actions":[{"id":"action97","type":"key","parameters":{},"actions":[{"type":"keyDown","value":""},{"type":"pause","duration":10},{"type":"keyUp","value":""}]}]}
RESULT: {"actions":[{"id":"action97","type":"key","parameters":{},"actions":[{"type":"keyDown","value":""},{"type":"pause","duration":10},{"type":"keyUp","value":""}]}]}
COMMAND: GET /session/5c358710dd67d6f9b9172afd6139f77d/screenshot - {}
RESULT: {}
COMMAND: POST /session/5c358710dd67d6f9b9172afd6139f77d/actions - {"actions":[{"id":"action98","type":"key","parameters":{},"actions":[{"type":"keyDown","value":""},{"type":"pause","duration":10},{"type":"keyUp","value":""}]}]}
RESULT: {"actions":[{"id":"action98","type":"key","parameters":{},"actions":[{"type":"keyDown","value":""},{"type":"pause","duration":10},{"type":"keyUp","value":""}]}]}
COMMAND: GET /session/5c358710dd67d6f9b9172afd6139f77d/screenshot - {}
RESULT: {}
COMMAND: POST /session/5c358710dd67d6f9b9172afd6139f77d/actions - {"actions":[{"id":"action99","type":"key","parameters":{},"actions":[{"type":"keyDown","value":""},{"type":"pause","duration":10},{"type":"keyUp","value":""}]}]}
RESULT: {"actions":[{"id":"action99","type":"key","parameters":{},"actions":[{"type":"keyDown","value":""},{"type":"pause","duration":10},{"type":"keyUp","value":""}]}]}
COMMAND: GET /session/5c358710dd67d6f9b9172afd6139f77d/screenshot - {}
RESULT: {}
COMMAND: POST /session/5c358710dd67d6f9b9172afd6139f77d/actions - {"actions":[{"id":"action100","type":"key","parameters":{},"actions":[{"type":"keyDown","value":""},{"type":"pause","duration":10},{"type":"keyUp","value":""}]}]}
RESULT: {"actions":[{"id":"action100","type":"key","parameters":{},"actions":[{"type":"keyDown","value":""},{"type":"pause","duration":10},{"type":"keyUp","value":""}]}]}
COMMAND: GET /session/5c358710dd67d6f9b9172afd6139f77d/screenshot - {}
RESULT: {}
COMMAND: POST /session/5c358710dd67d6f9b9172afd6139f77d/element - {"using":"xpath","value":"//input[contains(@id ,\"quotationsSearchField-I\")]"}
RESULT: {"using":"xpath","value":"//input[contains(@id ,\"quotationsSearchField-I\")]"}
COMMAND: POST /session/5c358710dd67d6f9b9172afd6139f77d/element/f.25FA1F70EC8D54F37F57A975E3D7688B.d.28391E5CAE9C5F5B5758E353A0753042.e.13771/clear - {}
RESULT: {}
COMMAND: POST /session/5c358710dd67d6f9b9172afd6139f77d/element/f.25FA1F70EC8D54F37F57A975E3D7688B.d.28391E5CAE9C5F5B5758E353A0753042.e.13771/value - {"text":"WdIOQuotation37igc"}
COMMAND: GET /session/5c358710dd67d6f9b9172afd6139f77d/screenshot - {}
RESULT: {"text":"WdIOQuotation37igc"}
COMMAND: GET /session/5c358710dd67d6f9b9172afd6139f77d/screenshot - {}
RESULT: {}
RESULT: {}
COMMAND: POST /session/5c358710dd67d6f9b9172afd6139f77d/actions - {"actions":[{"id":"action101","type":"key","parameters":{},"actions":[{"type":"keyDown","value":""},{"type":"pause","duration":10},{"type":"keyUp","value":""}]}]}
RESULT: {"actions":[{"id":"action101","type":"key","parameters":{},"actions":[{"type":"keyDown","value":""},{"type":"pause","duration":10},{"type":"keyUp","value":""}]}]}
COMMAND: GET /session/5c358710dd67d6f9b9172afd6139f77d/screenshot - {}
RESULT: {}
COMMAND: POST /session/5c358710dd67d6f9b9172afd6139f77d/element - {"using":"xpath","value":"//div[contains(@id ,\"selectSingle\")]"}
RESULT: {"using":"xpath","value":"//div[contains(@id ,\"selectSingle\")]"}
COMMAND: POST /session/5c358710dd67d6f9b9172afd6139f77d/element/f.25FA1F70EC8D54F37F57A975E3D7688B.d.28391E5CAE9C5F5B5758E353A0753042.e.13780/click - {}
RESULT: {}
COMMAND: GET /session/5c358710dd67d6f9b9172afd6139f77d/screenshot - {}
RESULT: {}
COMMAND: POST /session/5c358710dd67d6f9b9172afd6139f77d/element - {"using":"xpath","value":"//bdi[contains(text() ,\"Selection Done\")]"}
RESULT: {"using":"xpath","value":"//bdi[contains(text() ,\"Selection Done\")]"}
COMMAND: POST /session/5c358710dd67d6f9b9172afd6139f77d/element/f.25FA1F70EC8D54F37F57A975E3D7688B.d.28391E5CAE9C5F5B5758E353A0753042.e.13789/click - {}
RESULT: {}
COMMAND: GET /session/5c358710dd67d6f9b9172afd6139f77d/screenshot - {}
RESULT: {}
COMMAND: POST /session/5c358710dd67d6f9b9172afd6139f77d/actions - {"actions":[{"id":"action102","type":"key","parameters":{},"actions":[{"type":"keyDown","value":""},{"type":"pause","duration":10},{"type":"keyUp","value":""}]}]}
RESULT: {"actions":[{"id":"action102","type":"key","parameters":{},"actions":[{"type":"keyDown","value":""},{"type":"pause","duration":10},{"type":"keyUp","value":""}]}]}
COMMAND: GET /session/5c358710dd67d6f9b9172afd6139f77d/screenshot - {}
RESULT: {}
COMMAND: POST /session/5c358710dd67d6f9b9172afd6139f77d/actions - {"actions":[{"id":"action103","type":"key","parameters":{},"actions":[{"type":"keyDown","value":""},{"type":"pause","duration":10},{"type":"keyUp","value":""}]}]}
RESULT: {"actions":[{"id":"action103","type":"key","parameters":{},"actions":[{"type":"keyDown","value":""},{"type":"pause","duration":10},{"type":"keyUp","value":""}]}]}
COMMAND: GET /session/5c358710dd67d6f9b9172afd6139f77d/screenshot - {}
RESULT: {}
COMMAND: GET /session/5c358710dd67d6f9b9172afd6139f77d/window/handles - {}
RESULT: {}
COMMAND: GET /session/5c358710dd67d6f9b9172afd6139f77d/window/handles - {}
RESULT: {}
COMMAND: POST /session/5c358710dd67d6f9b9172afd6139f77d/window - {"handle":"2DB5BCDE880DC0635A3BD896AF1B1EA1"}
RESULT: {"handle":"2DB5BCDE880DC0635A3BD896AF1B1EA1"}
COMMAND: GET /session/5c358710dd67d6f9b9172afd6139f77d/url - {}
RESULT: {}
COMMAND: GET /session/5c358710dd67d6f9b9172afd6139f77d/screenshot - {}
RESULT: {}
COMMAND: POST /session/5c358710dd67d6f9b9172afd6139f77d/element - {"using":"xpath","value":"//span[contains(text(), \"Header Billing Items\")]"}
RESULT: {"using":"xpath","value":"//span[contains(text(), \"Header Billing Items\")]"}
COMMAND: POST /session/5c358710dd67d6f9b9172afd6139f77d/elements - {"using":"xpath","value":"//span[contains(text(), \"Header Billing Items\")]"}
RESULT: {"using":"xpath","value":"//span[contains(text(), \"Header Billing Items\")]"}
RESULT: undefined
COMMAND: POST /session/5c358710dd67d6f9b9172afd6139f77d/elements - {"using":"xpath","value":"//span[contains(text(), \"Header Billing Items\")]"}
RESULT: {"using":"xpath","value":"//span[contains(text(), \"Header Billing Items\")]"}
COMMAND: POST /session/5c358710dd67d6f9b9172afd6139f77d/elements - {"using":"xpath","value":"//span[contains(text(), \"Header Billing Items\")]"}
RESULT: {"using":"xpath","value":"//span[contains(text(), \"Header Billing Items\")]"}
COMMAND: POST /session/5c358710dd67d6f9b9172afd6139f77d/elements - {"using":"xpath","value":"//span[contains(text(), \"Header Billing Items\")]"}
RESULT: {"using":"xpath","value":"//span[contains(text(), \"Header Billing Items\")]"}
COMMAND: POST /session/5c358710dd67d6f9b9172afd6139f77d/elements - {"using":"xpath","value":"//span[contains(text(), \"Header Billing Items\")]"}
RESULT: {"using":"xpath","value":"//span[contains(text(), \"Header Billing Items\")]"}
COMMAND: POST /session/5c358710dd67d6f9b9172afd6139f77d/element - {"using":"xpath","value":"//span[contains(text(), \"Header Billing Items\")]"}
RESULT: {"using":"xpath","value":"//span[contains(text(), \"Header Billing Items\")]"}
COMMAND: POST /session/5c358710dd67d6f9b9172afd6139f77d/element/f.2DB5BCDE880DC0635A3BD896AF1B1EA1.d.EFA843AC4CA6AFBACCC0A297078CB421.e.13907/click - {}
RESULT: {}
COMMAND: GET /session/5c358710dd67d6f9b9172afd6139f77d/screenshot - {}
RESULT: {}
COMMAND: POST /session/5c358710dd67d6f9b9172afd6139f77d/element - {"using":"xpath","value":"//span[contains(@id ,\"contractItemsSmartTable-header-inner\")]"}
RESULT: {"using":"xpath","value":"//span[contains(@id ,\"contractItemsSmartTable-header-inner\")]"}
COMMAND: GET /session/5c358710dd67d6f9b9172afd6139f77d/element/f.2DB5BCDE880DC0635A3BD896AF1B1EA1.d.EFA843AC4CA6AFBACCC0A297078CB421.e.13987/text - {}
RESULT: {}
COMMAND: POST /session/5c358710dd67d6f9b9172afd6139f77d/element - {"using":"xpath","value":"//span[@class=\"sapMObjStatusText\"][contains(text(), \"proposed\")]"}
RESULT: {"using":"xpath","value":"//span[@class=\"sapMObjStatusText\"][contains(text(), \"proposed\")]"}
COMMAND: GET /session/5c358710dd67d6f9b9172afd6139f77d/element/f.2DB5BCDE880DC0635A3BD896AF1B1EA1.d.EFA843AC4CA6AFBACCC0A297078CB421.e.13988/text - {}
RESULT: {}
COMMAND: DELETE /session/5c358710dd67d6f9b9172afd6139f77d/window - {}
RESULT: {}
COMMAND: POST /session/5c358710dd67d6f9b9172afd6139f77d/window - {"handle":"25FA1F70EC8D54F37F57A975E3D7688B"}
RESULT: {"handle":"25FA1F70EC8D54F37F57A975E3D7688B"}
COMMAND: GET /session/5c358710dd67d6f9b9172afd6139f77d/url - {}
RESULT: {}
COMMAND: GET /session/5c358710dd67d6f9b9172afd6139f77d/screenshot - {}
RESULT: {}
]]></system-out>
    </testcase>
    <testcase classname="chrome.135_0_7049_42.windows.Process_request_items_into_an_existing_quotation_US120163" name="Should navigate back to the request and check the request and item statuses" time="45.92">
      <system-out><![CDATA[
COMMAND: POST /session/5c358710dd67d6f9b9172afd6139f77d/refresh - {}
RESULT: {}
COMMAND: GET /session/5c358710dd67d6f9b9172afd6139f77d/screenshot - {}
RESULT: {}
COMMAND: POST /session/5c358710dd67d6f9b9172afd6139f77d/execute/async - {"script":"<script> [189 bytes]","args":[]}
RESULT: {"script":"<script> [189 bytes]","args":[]}
COMMAND: POST /session/5c358710dd67d6f9b9172afd6139f77d/execute/async - {"script":"<script> [123 bytes]","args":[]}
RESULT: {"script":"<script> [123 bytes]","args":[]}
COMMAND: POST /session/5c358710dd67d6f9b9172afd6139f77d/timeouts - {"script":"<number>"}
RESULT: {"script":"<number>"}
COMMAND: GET /session/5c358710dd67d6f9b9172afd6139f77d/timeouts - {}
RESULT: {}
RESULT: undefined
COMMAND: POST /session/5c358710dd67d6f9b9172afd6139f77d/execute/async - {"script":"<script> [2676 bytes]","args":[]}
RESULT: {"script":"<script> [2676 bytes]","args":[]}
COMMAND: POST /session/5c358710dd67d6f9b9172afd6139f77d/execute/async - {"script":"<script> [2342 bytes]","args":[{"protocol":"http","hostname":"0.0.0.0","path":"/","capabilities":{"browserName":"chrome","goog:chromeOptions":{"binary":"C:\\Program Files\\Google\\Chrome\\Application\\chrome.exe"}},"logLevel":"warn","connectionRetryTimeout":120000,"connectionRetryCount":3,"logLevels":{},"enableDirectConnect":true,"strictSSL":true,"_":"65 more keys: [\"cacheDir\",\"port\",\"requestedCapabilities\",\"automationProtocol\",\"baseUrl\",\"waitforInterval\",\"waitforTimeout\",\"onReload\",\"beforeCommand\",\"afterCommand\",\"rootDir\",\"specs\",\"suites\",\"exclude\",\"groupLogsByTestSpec\",\"excludeDriverLogs\",\"bail\",\"framework\",\"reporters\",\"services\",\"maxInstances\",\"maxInstancesPerCapability\",\"injectGlobals\",\"filesToWatch\",\"execArgv\",\"runnerEnv\",\"runner\",\"shard\",\"specFileRetries\",\"specFileRetriesDelay\",\"specFileRetriesDeferred\",\"reporterSyncInterval\",\"reporterSyncTimeout\",\"cucumberFeaturesWithLineNumbers\",\"autoCompileOpts\",\"mochaOpts\",\"jasmineOpts\",\"cucumberOpts\",\"onPrepare\",\"onWorkerStart\",\"onWorkerEnd\",\"before\",\"beforeSession\",\"beforeSuite\",\"beforeHook\",\"beforeTest\",\"afterTest\",\"afterHook\",\"afterSuite\",\"afterSession\",\"after\",\"onComplete\",\"beforeAssertion\",\"afterAssertion\",\"beforeFeature\",\"beforeScenario\",\"beforeStep\",\"afterStep\",\"afterScenario\",\"afterFeature\",\"_\",\"suite\",\"$0\",\"ignoredWorkerServices\",\"wdi5\"]"}]}
RESULT: {"script":"<script> [2342 bytes]","args":[{"protocol":"http","hostname":"0.0.0.0","path":"/","capabilities":{"browserName":"chrome","goog:chromeOptions":{"binary":"C:\\Program Files\\Google\\Chrome\\Application\\chrome.exe"}},"logLevel":"warn","connectionRetryTimeout":120000,"connectionRetryCount":3,"logLevels":{},"enableDirectConnect":true,"strictSSL":true,"_":"65 more keys: [\"cacheDir\",\"port\",\"requestedCapabilities\",\"automationProtocol\",\"baseUrl\",\"waitforInterval\",\"waitforTimeout\",\"onReload\",\"beforeCommand\",\"afterCommand\",\"rootDir\",\"specs\",\"suites\",\"exclude\",\"groupLogsByTestSpec\",\"excludeDriverLogs\",\"bail\",\"framework\",\"reporters\",\"services\",\"maxInstances\",\"maxInstancesPerCapability\",\"injectGlobals\",\"filesToWatch\",\"execArgv\",\"runnerEnv\",\"runner\",\"shard\",\"specFileRetries\",\"specFileRetriesDelay\",\"specFileRetriesDeferred\",\"reporterSyncInterval\",\"reporterSyncTimeout\",\"cucumberFeaturesWithLineNumbers\",\"autoCompileOpts\",\"mochaOpts\",\"jasmineOpts\",\"cucumberOpts\",\"onPrepare\",\"onWorkerStart\",\"onWorkerEnd\",\"before\",\"beforeSession\",\"beforeSuite\",\"beforeHook\",\"beforeTest\",\"afterTest\",\"afterHook\",\"afterSuite\",\"afterSession\",\"after\",\"onComplete\",\"beforeAssertion\",\"afterAssertion\",\"beforeFeature\",\"beforeScenario\",\"beforeStep\",\"afterStep\",\"afterScenario\",\"afterFeature\",\"_\",\"suite\",\"$0\",\"ignoredWorkerServices\",\"wdi5\"]"}]}
COMMAND: POST /session/5c358710dd67d6f9b9172afd6139f77d/execute/async - {"script":"<script> [21126 bytes]","args":[35000]}
RESULT: {"script":"<script> [21126 bytes]","args":[35000]}
COMMAND: POST /session/5c358710dd67d6f9b9172afd6139f77d/execute/async - {"script":"<script> [1562 bytes]","args":[{"selector":{"controlType":"sap.m.Text","viewName":"etm.portal.ui.managerequests.view.Detail","bindingPath":{"path":"/SmartRequestItemsPlanningBoard(ITEM=10m,REQUEST='20091')","propertyPath":"STATUS_DESC"}},"wdio_ui5_key":"etmportal.ui.managerequests.view.Detailsap.m.Text{\"path\":\"/SmartRequestItemsPlanningBoard(ITEM=10m,REQUEST='20091')\",\"propertyPath\":\"STATUS_DESC\"}"}]}
RESULT: {"script":"<script> [1562 bytes]","args":[{"selector":{"controlType":"sap.m.Text","viewName":"etm.portal.ui.managerequests.view.Detail","bindingPath":{"path":"/SmartRequestItemsPlanningBoard(ITEM=10m,REQUEST='20091')","propertyPath":"STATUS_DESC"}},"wdio_ui5_key":"etmportal.ui.managerequests.view.Detailsap.m.Text{\"path\":\"/SmartRequestItemsPlanningBoard(ITEM=10m,REQUEST='20091')\",\"propertyPath\":\"STATUS_DESC\"}"}]}
RESULT: undefined
COMMAND: POST /session/5c358710dd67d6f9b9172afd6139f77d/execute/async - {"script":"<script> [6424 bytes]","args":[{"element-6066-11e4-a52e-4f735466cecf":"f.25FA1F70EC8D54F37F57A975E3D7688B.d.6F4A976B3E620DB6E6547D345CF9F248.e.14198"},"getText",[]]}
RESULT: {"script":"<script> [6424 bytes]","args":[{"element-6066-11e4-a52e-4f735466cecf":"f.25FA1F70EC8D54F37F57A975E3D7688B.d.6F4A976B3E620DB6E6547D345CF9F248.e.14198"},"getText",[]]}
COMMAND: POST /session/5c358710dd67d6f9b9172afd6139f77d/execute/async - {"script":"<script> [1562 bytes]","args":[{"selector":{"controlType":"sap.m.ObjectStatus","viewName":"etm.portal.ui.managerequests.view.Detail","bindingPath":{"path":"/RequestHeaders('20091')","propertyPath":"LINK_TO_STATUS/DESCRIPTION","modelName":"catalogModel"}},"wdio_ui5_key":"etmportal.ui.managerequests.view.Detailsap.m.ObjectStatus{\"path\":\"/RequestHeaders('20091')\",\"propertyPath\":\"LINK_TO_STATUS/DESCRIPTION\",\"modelName\":\"catalogModel\"}"}]}
RESULT: {"script":"<script> [1562 bytes]","args":[{"selector":{"controlType":"sap.m.ObjectStatus","viewName":"etm.portal.ui.managerequests.view.Detail","bindingPath":{"path":"/RequestHeaders('20091')","propertyPath":"LINK_TO_STATUS/DESCRIPTION","modelName":"catalogModel"}},"wdio_ui5_key":"etmportal.ui.managerequests.view.Detailsap.m.ObjectStatus{\"path\":\"/RequestHeaders('20091')\",\"propertyPath\":\"LINK_TO_STATUS/DESCRIPTION\",\"modelName\":\"catalogModel\"}"}]}
RESULT: undefined
COMMAND: POST /session/5c358710dd67d6f9b9172afd6139f77d/execute/async - {"script":"<script> [6424 bytes]","args":[{"element-6066-11e4-a52e-4f735466cecf":"f.25FA1F70EC8D54F37F57A975E3D7688B.d.6F4A976B3E620DB6E6547D345CF9F248.e.14199"},"getText",[]]}
RESULT: {"script":"<script> [6424 bytes]","args":[{"element-6066-11e4-a52e-4f735466cecf":"f.25FA1F70EC8D54F37F57A975E3D7688B.d.6F4A976B3E620DB6E6547D345CF9F248.e.14199"},"getText",[]]}
COMMAND: DELETE /session/5c358710dd67d6f9b9172afd6139f77d - {}
RESULT: {}
]]></system-out>
    </testcase>
  </testsuite>
</testsuites>