<?xml version="1.0" encoding="UTF-8"?>
<testsuites tests="51" failures="42" errors="42" skipped="0">
  <testsuite timestamp="2025-04-25T16:33:03" time="595.786" tests="9" failures="9" errors="9" skipped="0">
    <properties>
      <property name="specId" value="0" />
      <property name="suiteName" value="Create masterdata for Yard Overview - mass return US131057" />
      <property name="capabilities" value="chrome.135_0_7049_96.windows" />
      <property name="file" value="file:///D:/a/1/s/test/specs/HTR/yard-Mass-Return.spec.js" />
    </properties>
  </testsuite>
  <testsuite timestamp="2025-04-25T16:42:58" time="490.049" tests="9" failures="7" errors="7" skipped="0">
    <properties>
      <property name="specId" value="0" />
      <property name="suiteName" value="Create masterdata for Yard Overview - trigger provide US130988" />
      <property name="capabilities" value="chrome.135_0_7049_96.windows" />
      <property name="file" value="file:///D:/a/1/s/test/specs/HTR/stock-decrease.spec.js" />
    </properties>
    <testcase classname="chrome.135_0_7049_96.windows.Create_masterdata_for_Yard_Overview_-_trigger_provide_US130988" name="create a whm for yard" time="45.809">
      <system-out><![CDATA[
COMMAND: POST /session/54ab07b6f3a83c27c29484349e99f848/element - {"using":"css selector","value":"#shell-header-icon"}
COMMAND: GET /session/54ab07b6f3a83c27c29484349e99f848/screenshot - {}
RESULT: {"using":"css selector","value":"#shell-header-icon"}
COMMAND: POST /session/54ab07b6f3a83c27c29484349e99f848/execute/sync - {"script":"<script> [8489 bytes]","args":[{"element-6066-11e4-a52e-4f735466cecf":"f.59AB657FC34E9F51E6BD7341E7570555.d.D3183A9A88F0E48A7B850D90A1BF484A.e.611","ELEMENT":"f.59AB657FC34E9F51E6BD7341E7570555.d.D3183A9A88F0E48A7B850D90A1BF484A.e.611"}]}
RESULT: {}
RESULT: {"script":"<script> [8489 bytes]","args":[{"element-6066-11e4-a52e-4f735466cecf":"f.59AB657FC34E9F51E6BD7341E7570555.d.D3183A9A88F0E48A7B850D90A1BF484A.e.611","ELEMENT":"f.59AB657FC34E9F51E6BD7341E7570555.d.D3183A9A88F0E48A7B850D90A1BF484A.e.611"}]}
COMMAND: GET /session/54ab07b6f3a83c27c29484349e99f848/element/f.59AB657FC34E9F51E6BD7341E7570555.d.D3183A9A88F0E48A7B850D90A1BF484A.e.611/enabled - {}
COMMAND: GET /session/54ab07b6f3a83c27c29484349e99f848/screenshot - {}
RESULT: {}
COMMAND: POST /session/54ab07b6f3a83c27c29484349e99f848/element/f.59AB657FC34E9F51E6BD7341E7570555.d.D3183A9A88F0E48A7B850D90A1BF484A.e.611/click - {}
COMMAND: GET /session/54ab07b6f3a83c27c29484349e99f848/screenshot - {}
RESULT: {}
RESULT: {}
COMMAND: GET /session/54ab07b6f3a83c27c29484349e99f848/screenshot - {}
RESULT: {}
RESULT: {}
COMMAND: POST /session/54ab07b6f3a83c27c29484349e99f848/element - {"using":"xpath","value":"//div[text()='Warehouse']"}
RESULT: {"using":"xpath","value":"//div[text()='Warehouse']"}
COMMAND: POST /session/54ab07b6f3a83c27c29484349e99f848/elements - {"using":"xpath","value":"//div[text()='Warehouse']"}
RESULT: {"using":"xpath","value":"//div[text()='Warehouse']"}
COMMAND: POST /session/54ab07b6f3a83c27c29484349e99f848/element/f.59AB657FC34E9F51E6BD7341E7570555.d.D3183A9A88F0E48A7B850D90A1BF484A.e.798/click - {}
RESULT: {}
COMMAND: POST /session/54ab07b6f3a83c27c29484349e99f848/element - {"using":"xpath","value":"//span[text()='Manage Warehouse Movements']"}
COMMAND: GET /session/54ab07b6f3a83c27c29484349e99f848/screenshot - {}
RESULT: {"using":"xpath","value":"//span[text()='Manage Warehouse Movements']"}
COMMAND: POST /session/54ab07b6f3a83c27c29484349e99f848/elements - {"using":"xpath","value":"//span[text()='Manage Warehouse Movements']"}
RESULT: {}
RESULT: {"using":"xpath","value":"//span[text()='Manage Warehouse Movements']"}
COMMAND: POST /session/54ab07b6f3a83c27c29484349e99f848/element - {"using":"xpath","value":"//input[@id='application-warehousemovements-display-component---warehouseMovements--smartFilterBar-filterItemControl_BASIC-YARD-inner']"}
RESULT: {"using":"xpath","value":"//input[@id='application-warehousemovements-display-component---warehouseMovements--smartFilterBar-filterItemControl_BASIC-YARD-inner']"}
COMMAND: POST /session/54ab07b6f3a83c27c29484349e99f848/element - {"using":"xpath","value":"//input[@id='application-warehousemovements-display-component---warehouseMovements--smartFilterBar-filterItemControl_BASIC-YARD-inner']"}
RESULT: {"using":"xpath","value":"//input[@id='application-warehousemovements-display-component---warehouseMovements--smartFilterBar-filterItemControl_BASIC-YARD-inner']"}
COMMAND: POST /session/54ab07b6f3a83c27c29484349e99f848/actions - {"actions":[{"id":"action3","type":"key","parameters":{},"actions":[{"type":"keyDown","value":"î€‡"},{"type":"pause","duration":10},{"type":"keyUp","value":"î€‡"}]}]}
RESULT: {"actions":[{"id":"action3","type":"key","parameters":{},"actions":[{"type":"keyDown","value":"î€‡"},{"type":"pause","duration":10},{"type":"keyUp","value":"î€‡"}]}]}
COMMAND: POST /session/54ab07b6f3a83c27c29484349e99f848/element - {"using":"xpath","value":"(//*[@title=\"Add New Movement\"])[1]"}
COMMAND: GET /session/54ab07b6f3a83c27c29484349e99f848/screenshot - {}
RESULT: {"using":"xpath","value":"(//*[@title=\"Add New Movement\"])[1]"}
COMMAND: POST /session/54ab07b6f3a83c27c29484349e99f848/element - {"using":"xpath","value":"(//*[@title=\"Add New Movement\"])[1]"}
RESULT: {}
RESULT: {"using":"xpath","value":"(//*[@title=\"Add New Movement\"])[1]"}
COMMAND: POST /session/54ab07b6f3a83c27c29484349e99f848/element - {"using":"xpath","value":"//*[@id=\"application-warehousemovements-display-component---addMovement--sectionsList-arrow\"]"}
RESULT: {"using":"xpath","value":"//*[@id=\"application-warehousemovements-display-component---addMovement--sectionsList-arrow\"]"}
COMMAND: POST /session/54ab07b6f3a83c27c29484349e99f848/element - {"using":"xpath","value":"//*[@id=\"application-warehousemovements-display-component---addMovement--sectionsList-arrow\"]"}
RESULT: {"using":"xpath","value":"//*[@id=\"application-warehousemovements-display-component---addMovement--sectionsList-arrow\"]"}
COMMAND: POST /session/54ab07b6f3a83c27c29484349e99f848/element - {"using":"xpath","value":"//*[@id=\"application-warehousemovements-display-component---addMovement--saveMovementBtn-BDI-content\" and text()=\"Save\"]"}
RESULT: {"using":"xpath","value":"//*[@id=\"application-warehousemovements-display-component---addMovement--saveMovementBtn-BDI-content\" and text()=\"Save\"]"}
COMMAND: POST /session/54ab07b6f3a83c27c29484349e99f848/element - {"using":"xpath","value":"//*[@id=\"application-warehousemovements-display-component---addMovement--saveMovementBtn-BDI-content\" and text()=\"Save\"]"}
RESULT: {"using":"xpath","value":"//*[@id=\"application-warehousemovements-display-component---addMovement--saveMovementBtn-BDI-content\" and text()=\"Save\"]"}
COMMAND: POST /session/54ab07b6f3a83c27c29484349e99f848/execute/sync - {"script":"<script> [8489 bytes]","args":[{"element-6066-11e4-a52e-4f735466cecf":"f.59AB657FC34E9F51E6BD7341E7570555.d.D3183A9A88F0E48A7B850D90A1BF484A.e.611","ELEMENT":"f.59AB657FC34E9F51E6BD7341E7570555.d.D3183A9A88F0E48A7B850D90A1BF484A.e.611"}]}
COMMAND: POST /session/54ab07b6f3a83c27c29484349e99f848/element - {"using":"css selector","value":"#shell-header-icon"}
RESULT: {"using":"css selector","value":"#shell-header-icon"}
COMMAND: POST /session/54ab07b6f3a83c27c29484349e99f848/execute/sync - {"script":"<script> [8489 bytes]","args":[{"element-6066-11e4-a52e-4f735466cecf":"f.59AB657FC34E9F51E6BD7341E7570555.d.D3183A9A88F0E48A7B850D90A1BF484A.e.799","ELEMENT":"f.59AB657FC34E9F51E6BD7341E7570555.d.D3183A9A88F0E48A7B850D90A1BF484A.e.799"}]}
RESULT: {"script":"<script> [8489 bytes]","args":[{"element-6066-11e4-a52e-4f735466cecf":"f.59AB657FC34E9F51E6BD7341E7570555.d.D3183A9A88F0E48A7B850D90A1BF484A.e.799","ELEMENT":"f.59AB657FC34E9F51E6BD7341E7570555.d.D3183A9A88F0E48A7B850D90A1BF484A.e.799"}]}
COMMAND: GET /session/54ab07b6f3a83c27c29484349e99f848/element/f.59AB657FC34E9F51E6BD7341E7570555.d.D3183A9A88F0E48A7B850D90A1BF484A.e.799/enabled - {}
COMMAND: GET /session/54ab07b6f3a83c27c29484349e99f848/screenshot - {}
RESULT: {}
COMMAND: POST /session/54ab07b6f3a83c27c29484349e99f848/element/f.59AB657FC34E9F51E6BD7341E7570555.d.D3183A9A88F0E48A7B850D90A1BF484A.e.799/click - {}
COMMAND: GET /session/54ab07b6f3a83c27c29484349e99f848/screenshot - {}
RESULT: {}
RESULT: {}
COMMAND: GET /session/54ab07b6f3a83c27c29484349e99f848/screenshot - {}
RESULT: {}
RESULT: {}
]]></system-out>
    </testcase>
    <testcase classname="chrome.135_0_7049_96.windows.Create_masterdata_for_Yard_Overview_-_trigger_provide_US130988" name="Set status to defect" time="24.5">
      <system-out><![CDATA[
COMMAND: GET /session/54ab07b6f3a83c27c29484349e99f848/screenshot - {}
COMMAND: POST /session/54ab07b6f3a83c27c29484349e99f848/execute/async - {"script":"<script> [1562 bytes]","args":[{"selector":{"controlType":"sap.ushell.ui.launchpad.AnchorItem","bindingPath":{"path":"/groups/3","propertyPath":"index"},"interaction":{"idSuffix":"inner"}},"wdio_ui5_key":"sapushell.ui.launchpad.AnchorItem{\"path\":\"/groups/3\",\"propertyPath\":\"index\"}"}]}
RESULT: {}
RESULT: {"script":"<script> [1562 bytes]","args":[{"selector":{"controlType":"sap.ushell.ui.launchpad.AnchorItem","bindingPath":{"path":"/groups/3","propertyPath":"index"},"interaction":{"idSuffix":"inner"}},"wdio_ui5_key":"sapushell.ui.launchpad.AnchorItem{\"path\":\"/groups/3\",\"propertyPath\":\"index\"}"}]}
RESULT: undefined
COMMAND: POST /session/54ab07b6f3a83c27c29484349e99f848/execute/async - {"script":"<script> [1562 bytes]","args":[{"selector":{"controlType":"sap.m.GenericTile","properties":{"header":"Manage States & Performance"}},"wdio_ui5_key":"sapm.GenericTile{\"header\":\"Manage States & Performance\"}"}]}
RESULT: {"script":"<script> [1562 bytes]","args":[{"selector":{"controlType":"sap.m.GenericTile","properties":{"header":"Manage States & Performance"}},"wdio_ui5_key":"sapm.GenericTile{\"header\":\"Manage States & Performance\"}"}]}
RESULT: undefined
COMMAND: POST /session/54ab07b6f3a83c27c29484349e99f848/execute/async - {"script":"<script> [1562 bytes]","args":[{"selector":{"controlType":"sap.ui.core.Icon","viewName":"etm.portal.ui.managestatesandperformance.view.Master","viewId":"application-managestatesandperformance-display-component---stateAndPerform","properties":{"src":{"regex":{"source":"inventory"}}}},"wdio_ui5_key":"etmportal.ui.managestatesandperformance.view.Mastersap.ui.core.Icon{\"src\":{\"regex\":{\"source\":\"inventory\"}}}"}]}
RESULT: {"script":"<script> [1562 bytes]","args":[{"selector":{"controlType":"sap.ui.core.Icon","viewName":"etm.portal.ui.managestatesandperformance.view.Master","viewId":"application-managestatesandperformance-display-component---stateAndPerform","properties":{"src":{"regex":{"source":"inventory"}}}},"wdio_ui5_key":"etmportal.ui.managestatesandperformance.view.Mastersap.ui.core.Icon{\"src\":{\"regex\":{\"source\":\"inventory\"}}}"}]}
RESULT: undefined
COMMAND: POST /session/54ab07b6f3a83c27c29484349e99f848/execute/async - {"script":"<script> [1562 bytes]","args":[{"selector":{"id":"application-managestatesandperformance-display-component---stateAndPerform--smartFilterBarYard-btnBasicSearch","interaction":{"idSuffix":"I"}},"wdio_ui5_key":"applicationmanagestatesandperformance-display-component---stateAndPerform--smartFilterBarYard-btnBasicSearch"}]}
RESULT: {"script":"<script> [1562 bytes]","args":[{"selector":{"id":"application-managestatesandperformance-display-component---stateAndPerform--smartFilterBarYard-btnBasicSearch","interaction":{"idSuffix":"I"}},"wdio_ui5_key":"applicationmanagestatesandperformance-display-component---stateAndPerform--smartFilterBarYard-btnBasicSearch"}]}
RESULT: undefined
COMMAND: POST /session/54ab07b6f3a83c27c29484349e99f848/execute/async - {"script":"<script> [1562 bytes]","args":[{"selector":{"controlType":"sap.m.ColumnListItem","viewName":"etm.portal.ui.managestatesandperformance.view.Master","viewId":"application-managestatesandperformance-display-component---stateAndPerform","properties":{"type":"Navigation"},"interaction":{"idSuffix":"cell0"}},"wdio_ui5_key":"etmportal.ui.managestatesandperformance.view.Mastersap.m.ColumnListItem{\"type\":\"Navigation\"}"}]}
RESULT: {"script":"<script> [1562 bytes]","args":[{"selector":{"controlType":"sap.m.ColumnListItem","viewName":"etm.portal.ui.managestatesandperformance.view.Master","viewId":"application-managestatesandperformance-display-component---stateAndPerform","properties":{"type":"Navigation"},"interaction":{"idSuffix":"cell0"}},"wdio_ui5_key":"etmportal.ui.managestatesandperformance.view.Mastersap.m.ColumnListItem{\"type\":\"Navigation\"}"}]}
RESULT: undefined
COMMAND: POST /session/54ab07b6f3a83c27c29484349e99f848/execute/async - {"script":"<script> [1562 bytes]","args":[{"selector":{"controlType":"sap.m.Button","viewName":"etm.portal.ui.managestatesandperformance.view.Detail","viewId":"application-managestatesandperformance-display-component---detailStateAndPerform","i18NText":{"propertyName":"text","key":"createStateChange"},"interaction":{"idSuffix":"content"}},"wdio_ui5_key":"etmportal.ui.managestatesandperformance.view.Detailsap.m.Button{\"propertyName\":\"text\",\"key\":\"createStateChange\"}"}]}
RESULT: {"script":"<script> [1562 bytes]","args":[{"selector":{"controlType":"sap.m.Button","viewName":"etm.portal.ui.managestatesandperformance.view.Detail","viewId":"application-managestatesandperformance-display-component---detailStateAndPerform","i18NText":{"propertyName":"text","key":"createStateChange"},"interaction":{"idSuffix":"content"}},"wdio_ui5_key":"etmportal.ui.managestatesandperformance.view.Detailsap.m.Button{\"propertyName\":\"text\",\"key\":\"createStateChange\"}"}]}
RESULT: undefined
COMMAND: POST /session/54ab07b6f3a83c27c29484349e99f848/execute/async - {"script":"<script> [1562 bytes]","args":[{"selector":{"id":"addStateDialog--stateSelect","searchOpenDialogs":true,"interaction":{"idSuffix":"arrow"}},"wdio_ui5_key":"addStateDialogstateSelect"}]}
RESULT: {"script":"<script> [1562 bytes]","args":[{"selector":{"id":"addStateDialog--stateSelect","searchOpenDialogs":true,"interaction":{"idSuffix":"arrow"}},"wdio_ui5_key":"addStateDialogstateSelect"}]}
RESULT: undefined
COMMAND: POST /session/54ab07b6f3a83c27c29484349e99f848/execute/async - {"script":"<script> [1562 bytes]","args":[{"selector":{"controlType":"sap.ui.core.Item","viewName":"etm.portal.ui.managestatesandperformance.view.Detail","viewId":"application-managestatesandperformance-display-component---detailStateAndPerform","bindingPath":{"path":"/StateTypes(70)","propertyPath":"STATE","modelName":"catalogModel"},"searchOpenDialogs":true},"wdio_ui5_key":"etmportal.ui.managestatesandperformance.view.Detailsap.ui.core.Item{\"path\":\"/StateTypes(70)\",\"propertyPath\":\"STATE\",\"modelName\":\"catalogModel\"}"}]}
RESULT: {"script":"<script> [1562 bytes]","args":[{"selector":{"controlType":"sap.ui.core.Item","viewName":"etm.portal.ui.managestatesandperformance.view.Detail","viewId":"application-managestatesandperformance-display-component---detailStateAndPerform","bindingPath":{"path":"/StateTypes(70)","propertyPath":"STATE","modelName":"catalogModel"},"searchOpenDialogs":true},"wdio_ui5_key":"etmportal.ui.managestatesandperformance.view.Detailsap.ui.core.Item{\"path\":\"/StateTypes(70)\",\"propertyPath\":\"STATE\",\"modelName\":\"catalogModel\"}"}]}
RESULT: undefined
COMMAND: POST /session/54ab07b6f3a83c27c29484349e99f848/execute/async - {"script":"<script> [1562 bytes]","args":[{"selector":{"controlType":"sap.m.NumericInput","viewName":"etm.portal.ui.managestatesandperformance.view.Detail","viewId":"application-managestatesandperformance-display-component---detailStateAndPerform","properties":{"value":"0"},"searchOpenDialogs":true,"interaction":{"idSuffix":"inner"}},"wdio_ui5_key":"etmportal.ui.managestatesandperformance.view.Detailsap.m.NumericInput{\"value\":\"0\"}"}]}
RESULT: {"script":"<script> [1562 bytes]","args":[{"selector":{"controlType":"sap.m.NumericInput","viewName":"etm.portal.ui.managestatesandperformance.view.Detail","viewId":"application-managestatesandperformance-display-component---detailStateAndPerform","properties":{"value":"0"},"searchOpenDialogs":true,"interaction":{"idSuffix":"inner"}},"wdio_ui5_key":"etmportal.ui.managestatesandperformance.view.Detailsap.m.NumericInput{\"value\":\"0\"}"}]}
RESULT: undefined
COMMAND: POST /session/54ab07b6f3a83c27c29484349e99f848/execute/async - {"script":"<script> [1562 bytes]","args":[{"selector":{"controlType":"sap.m.Button","viewName":"etm.portal.ui.managestatesandperformance.view.Detail","viewId":"application-managestatesandperformance-display-component---detailStateAndPerform","i18NText":{"propertyName":"text","key":"save"},"searchOpenDialogs":true,"interaction":{"idSuffix":"BDI-content"}},"wdio_ui5_key":"etmportal.ui.managestatesandperformance.view.Detailsap.m.Button{\"propertyName\":\"text\",\"key\":\"save\"}"}]}
RESULT: {"script":"<script> [1562 bytes]","args":[{"selector":{"controlType":"sap.m.Button","viewName":"etm.portal.ui.managestatesandperformance.view.Detail","viewId":"application-managestatesandperformance-display-component---detailStateAndPerform","i18NText":{"propertyName":"text","key":"save"},"searchOpenDialogs":true,"interaction":{"idSuffix":"BDI-content"}},"wdio_ui5_key":"etmportal.ui.managestatesandperformance.view.Detailsap.m.Button{\"propertyName\":\"text\",\"key\":\"save\"}"}]}
RESULT: undefined
COMMAND: POST /session/54ab07b6f3a83c27c29484349e99f848/element - {"using":"css selector","value":"#shell-header-logo"}
RESULT: {"using":"css selector","value":"#shell-header-logo"}
COMMAND: POST /session/54ab07b6f3a83c27c29484349e99f848/element/f.59AB657FC34E9F51E6BD7341E7570555.d.D3183A9A88F0E48A7B850D90A1BF484A.e.806/click - {}
RESULT: {}
COMMAND: GET /session/54ab07b6f3a83c27c29484349e99f848/screenshot - {}
RESULT: {}
]]></system-out>
    </testcase>
  </testsuite>
  <testsuite timestamp="2025-04-25T16:51:09" time="601.241" tests="9" failures="8" errors="8" skipped="0">
    <properties>
      <property name="specId" value="0" />
      <property name="suiteName" value="Create masterdata for Mass Change State US104416" />
      <property name="capabilities" value="chrome.135_0_7049_96.windows" />
      <property name="file" value="file:///D:/a/1/s/test/specs/HTR/create-mass-state-change.spec.js" />
    </properties>
    <testcase classname="chrome.135_0_7049_96.windows.Create_masterdata_for_Mass_Change_State_US104416" name="Mass State Change" time="10.849">
      <system-out><![CDATA[
COMMAND: POST /session/54ab07b6f3a83c27c29484349e99f848/execute/async - {"script":"<script> [1562 bytes]","args":[{"selector":{"controlType":"sap.m.GenericTile","properties":{"header":"Manage States & Performance"}},"wdio_ui5_key":"sapm.GenericTile{\"header\":\"Manage States & Performance\"}"}]}
COMMAND: GET /session/54ab07b6f3a83c27c29484349e99f848/screenshot - {}
RESULT: {"script":"<script> [1562 bytes]","args":[{"selector":{"controlType":"sap.m.GenericTile","properties":{"header":"Manage States & Performance"}},"wdio_ui5_key":"sapm.GenericTile{\"header\":\"Manage States & Performance\"}"}]}
RESULT: undefined
RESULT: {}
COMMAND: POST /session/54ab07b6f3a83c27c29484349e99f848/execute/async - {"script":"<script> [1562 bytes]","args":[{"selector":{"controlType":"sap.ui.core.Icon","viewName":"etm.portal.ui.managestatesandperformance.view.Master","viewId":"application-managestatesandperformance-display-component---stateAndPerform","properties":{"src":{"regex":{"source":"chart\\-table\\-view"}}}},"wdio_ui5_key":"etmportal.ui.managestatesandperformance.view.Mastersap.ui.core.Icon{\"src\":{\"regex\":{\"source\":\"chart\\\\-table\\\\-view\"}}}"}]}
RESULT: {"script":"<script> [1562 bytes]","args":[{"selector":{"controlType":"sap.ui.core.Icon","viewName":"etm.portal.ui.managestatesandperformance.view.Master","viewId":"application-managestatesandperformance-display-component---stateAndPerform","properties":{"src":{"regex":{"source":"chart\\-table\\-view"}}}},"wdio_ui5_key":"etmportal.ui.managestatesandperformance.view.Mastersap.ui.core.Icon{\"src\":{\"regex\":{\"source\":\"chart\\\\-table\\\\-view\"}}}"}]}
RESULT: undefined
COMMAND: POST /session/54ab07b6f3a83c27c29484349e99f848/execute/async - {"script":"<script> [1562 bytes]","args":[{"selector":{"id":"application-managestatesandperformance-display-component---stateAndPerform--smartFilterBarContracts-btnBasicSearch","interaction":{"idSuffix":"I"}},"wdio_ui5_key":"applicationmanagestatesandperformance-display-component---stateAndPerform--smartFilterBarContracts-btnBasicSearch"}]}
RESULT: {"script":"<script> [1562 bytes]","args":[{"selector":{"id":"application-managestatesandperformance-display-component---stateAndPerform--smartFilterBarContracts-btnBasicSearch","interaction":{"idSuffix":"I"}},"wdio_ui5_key":"applicationmanagestatesandperformance-display-component---stateAndPerform--smartFilterBarContracts-btnBasicSearch"}]}
RESULT: undefined
COMMAND: POST /session/54ab07b6f3a83c27c29484349e99f848/actions - {"actions":[{"id":"action4","type":"key","parameters":{},"actions":[{"type":"keyDown","value":"î€‡"},{"type":"pause","duration":10},{"type":"keyUp","value":"î€‡"}]}]}
RESULT: {"actions":[{"id":"action4","type":"key","parameters":{},"actions":[{"type":"keyDown","value":"î€‡"},{"type":"pause","duration":10},{"type":"keyUp","value":"î€‡"}]}]}
COMMAND: GET /session/54ab07b6f3a83c27c29484349e99f848/screenshot - {}
RESULT: {}
COMMAND: POST /session/54ab07b6f3a83c27c29484349e99f848/execute/async - {"script":"<script> [1562 bytes]","args":[{"selector":{"id":"application-managestatesandperformance-display-component---stateAndPerform--stateAndPerformContractItemsTable-sa","interaction":{"idSuffix":"CbBg"}},"wdio_ui5_key":"applicationmanagestatesandperformance-display-component---stateAndPerform--stateAndPerformContractItemsTable-sa"}]}
RESULT: {"script":"<script> [1562 bytes]","args":[{"selector":{"id":"application-managestatesandperformance-display-component---stateAndPerform--stateAndPerformContractItemsTable-sa","interaction":{"idSuffix":"CbBg"}},"wdio_ui5_key":"applicationmanagestatesandperformance-display-component---stateAndPerform--stateAndPerformContractItemsTable-sa"}]}
RESULT: undefined
COMMAND: POST /session/54ab07b6f3a83c27c29484349e99f848/execute/async - {"script":"<script> [1562 bytes]","args":[{"selector":{"id":"application-managestatesandperformance-display-component---stateAndPerform--btnMassStateChangeOnContracts-img"},"wdio_ui5_key":"applicationmanagestatesandperformance-display-component---stateAndPerform--btnMassStateChangeOnContracts-img"}]}
RESULT: {"script":"<script> [1562 bytes]","args":[{"selector":{"id":"application-managestatesandperformance-display-component---stateAndPerform--btnMassStateChangeOnContracts-img"},"wdio_ui5_key":"applicationmanagestatesandperformance-display-component---stateAndPerform--btnMassStateChangeOnContracts-img"}]}
RESULT: undefined
COMMAND: POST /session/54ab07b6f3a83c27c29484349e99f848/execute/async - {"script":"<script> [1562 bytes]","args":[{"selector":{"id":"application-managestatesandperformance-display-component---stateAndPerform--ruStateTypes","searchOpenDialogs":true,"interaction":{"idSuffix":"inner"}},"wdio_ui5_key":"applicationmanagestatesandperformance-display-component---stateAndPerform--ruStateTypes"}]}
RESULT: {"script":"<script> [1562 bytes]","args":[{"selector":{"id":"application-managestatesandperformance-display-component---stateAndPerform--ruStateTypes","searchOpenDialogs":true,"interaction":{"idSuffix":"inner"}},"wdio_ui5_key":"applicationmanagestatesandperformance-display-component---stateAndPerform--ruStateTypes"}]}
RESULT: undefined
COMMAND: POST /session/54ab07b6f3a83c27c29484349e99f848/execute/async - {"script":"<script> [1562 bytes]","args":[{"selector":{"controlType":"sap.m.Button","viewName":"etm.portal.ui.managestatesandperformance.view.Master","viewId":"application-managestatesandperformance-display-component---stateAndPerform","i18NText":{"propertyName":"text","key":"ok"},"searchOpenDialogs":true,"interaction":{"idSuffix":"BDI-content"}},"wdio_ui5_key":"etmportal.ui.managestatesandperformance.view.Mastersap.m.Button{\"propertyName\":\"text\",\"key\":\"ok\"}"}]}
RESULT: {"script":"<script> [1562 bytes]","args":[{"selector":{"controlType":"sap.m.Button","viewName":"etm.portal.ui.managestatesandperformance.view.Master","viewId":"application-managestatesandperformance-display-component---stateAndPerform","i18NText":{"propertyName":"text","key":"ok"},"searchOpenDialogs":true,"interaction":{"idSuffix":"BDI-content"}},"wdio_ui5_key":"etmportal.ui.managestatesandperformance.view.Mastersap.m.Button{\"propertyName\":\"text\",\"key\":\"ok\"}"}]}
RESULT: undefined
COMMAND: POST /session/54ab07b6f3a83c27c29484349e99f848/execute/async - {"script":"<script> [1562 bytes]","args":[{"selector":{"controlType":"sap.m.Button","properties":{"text":"OK"},"searchOpenDialogs":true,"ancestor":{"controlType":"sap.m.Dialog","properties":{"icon":"sap-icon://sys-help-2"},"searchOpenDialogs":true},"interaction":{"idSuffix":"BDI-content"}},"wdio_ui5_key":"sapm.Button{\"text\":\"OK\"}{\"controlType\":\"sap.m.Dialog\",\"properties\":{\"icon\":\"sap-icon://sys-help-2\"},\"searchOpenDialogs\":true}"}]}
RESULT: {"script":"<script> [1562 bytes]","args":[{"selector":{"controlType":"sap.m.Button","properties":{"text":"OK"},"searchOpenDialogs":true,"ancestor":{"controlType":"sap.m.Dialog","properties":{"icon":"sap-icon://sys-help-2"},"searchOpenDialogs":true},"interaction":{"idSuffix":"BDI-content"}},"wdio_ui5_key":"sapm.Button{\"text\":\"OK\"}{\"controlType\":\"sap.m.Dialog\",\"properties\":{\"icon\":\"sap-icon://sys-help-2\"},\"searchOpenDialogs\":true}"}]}
RESULT: undefined
COMMAND: POST /session/54ab07b6f3a83c27c29484349e99f848/element - {"using":"css selector","value":"#j_username"}
COMMAND: POST /session/54ab07b6f3a83c27c29484349e99f848/url - {"url":"https://qa-testing-00-live-etm-ui.cfapps.eu10-004.hana.ondemand.com/"}
COMMAND: GET /session/54ab07b6f3a83c27c29484349e99f848/screenshot - {}
RESULT: {"using":"css selector","value":"#j_username"}
COMMAND: POST /session/54ab07b6f3a83c27c29484349e99f848/element - {"using":"css selector","value":"#j_username"}
RESULT: {"url":"https://qa-testing-00-live-etm-ui.cfapps.eu10-004.hana.ondemand.com/"}
RESULT: undefined
COMMAND: GET /session/54ab07b6f3a83c27c29484349e99f848/screenshot - {}
RESULT: {}
RESULT: {"using":"css selector","value":"#j_username"}
COMMAND: POST /session/54ab07b6f3a83c27c29484349e99f848/element - {"using":"css selector","value":"#shell-header-logo"}
RESULT: {}
RESULT: {"using":"css selector","value":"#shell-header-logo"}
COMMAND: POST /session/54ab07b6f3a83c27c29484349e99f848/execute/sync - {"script":"<script> [8489 bytes]","args":[{"element-6066-11e4-a52e-4f735466cecf":"f.59AB657FC34E9F51E6BD7341E7570555.d.FE23A602EA7584CDD6C29FF5B9030E4C.e.2112","ELEMENT":"f.59AB657FC34E9F51E6BD7341E7570555.d.FE23A602EA7584CDD6C29FF5B9030E4C.e.2112"}]}
RESULT: {"script":"<script> [8489 bytes]","args":[{"element-6066-11e4-a52e-4f735466cecf":"f.59AB657FC34E9F51E6BD7341E7570555.d.FE23A602EA7584CDD6C29FF5B9030E4C.e.2112","ELEMENT":"f.59AB657FC34E9F51E6BD7341E7570555.d.FE23A602EA7584CDD6C29FF5B9030E4C.e.2112"}]}
COMMAND: POST /session/54ab07b6f3a83c27c29484349e99f848/element - {"using":"css selector","value":"#shell-header-logo"}
COMMAND: GET /session/54ab07b6f3a83c27c29484349e99f848/screenshot - {}
RESULT: {"using":"css selector","value":"#shell-header-logo"}
COMMAND: POST /session/54ab07b6f3a83c27c29484349e99f848/execute/sync - {"script":"<script> [8489 bytes]","args":[{"element-6066-11e4-a52e-4f735466cecf":"f.59AB657FC34E9F51E6BD7341E7570555.d.FE23A602EA7584CDD6C29FF5B9030E4C.e.2112","ELEMENT":"f.59AB657FC34E9F51E6BD7341E7570555.d.FE23A602EA7584CDD6C29FF5B9030E4C.e.2112"}]}
RESULT: {}
RESULT: {"script":"<script> [8489 bytes]","args":[{"element-6066-11e4-a52e-4f735466cecf":"f.59AB657FC34E9F51E6BD7341E7570555.d.FE23A602EA7584CDD6C29FF5B9030E4C.e.2112","ELEMENT":"f.59AB657FC34E9F51E6BD7341E7570555.d.FE23A602EA7584CDD6C29FF5B9030E4C.e.2112"}]}
COMMAND: POST /session/54ab07b6f3a83c27c29484349e99f848/execute/sync - {"script":"<script> [5351 bytes]","args":[{"element-6066-11e4-a52e-4f735466cecf":"f.59AB657FC34E9F51E6BD7341E7570555.d.FE23A602EA7584CDD6C29FF5B9030E4C.e.2112","ELEMENT":"f.59AB657FC34E9F51E6BD7341E7570555.d.FE23A602EA7584CDD6C29FF5B9030E4C.e.2112"}]}
COMMAND: GET /session/54ab07b6f3a83c27c29484349e99f848/screenshot - {}
RESULT: {"script":"<script> [5351 bytes]","args":[{"element-6066-11e4-a52e-4f735466cecf":"f.59AB657FC34E9F51E6BD7341E7570555.d.FE23A602EA7584CDD6C29FF5B9030E4C.e.2112","ELEMENT":"f.59AB657FC34E9F51E6BD7341E7570555.d.FE23A602EA7584CDD6C29FF5B9030E4C.e.2112"}]}
COMMAND: POST /session/54ab07b6f3a83c27c29484349e99f848/element - {"using":"css selector","value":"#shell-header-logo"}
COMMAND: GET /session/54ab07b6f3a83c27c29484349e99f848/screenshot - {}
RESULT: {}
RESULT: {"using":"css selector","value":"#shell-header-logo"}
COMMAND: POST /session/54ab07b6f3a83c27c29484349e99f848/element/f.59AB657FC34E9F51E6BD7341E7570555.d.FE23A602EA7584CDD6C29FF5B9030E4C.e.2112/click - {}
RESULT: {}
RESULT: {}
COMMAND: GET /session/54ab07b6f3a83c27c29484349e99f848/screenshot - {}
RESULT: {}
COMMAND: POST /session/54ab07b6f3a83c27c29484349e99f848/execute/async - {"script":"<script> [189 bytes]","args":[]}
RESULT: {"script":"<script> [189 bytes]","args":[]}
COMMAND: POST /session/54ab07b6f3a83c27c29484349e99f848/execute/async - {"script":"<script> [123 bytes]","args":[]}
RESULT: {"script":"<script> [123 bytes]","args":[]}
COMMAND: POST /session/54ab07b6f3a83c27c29484349e99f848/timeouts - {"script":"<number>"}
RESULT: {"script":"<number>"}
COMMAND: GET /session/54ab07b6f3a83c27c29484349e99f848/timeouts - {}
RESULT: {}
RESULT: undefined
COMMAND: POST /session/54ab07b6f3a83c27c29484349e99f848/execute/async - {"script":"<script> [2676 bytes]","args":[]}
RESULT: {"script":"<script> [2676 bytes]","args":[]}
COMMAND: POST /session/54ab07b6f3a83c27c29484349e99f848/execute/async - {"script":"<script> [2342 bytes]","args":[{"protocol":"http","hostname":"0.0.0.0","path":"/","capabilities":{"browserName":"chrome","goog:chromeOptions":{"binary":"C:\\Program Files\\Google\\Chrome\\Application\\chrome.exe","args":["--start-maximized"]}},"logLevel":"warn","connectionRetryTimeout":120000,"connectionRetryCount":3,"logLevels":{},"enableDirectConnect":true,"strictSSL":true,"_":"65 more keys: [\"cacheDir\",\"port\",\"requestedCapabilities\",\"automationProtocol\",\"baseUrl\",\"waitforInterval\",\"waitforTimeout\",\"onReload\",\"beforeCommand\",\"afterCommand\",\"rootDir\",\"specs\",\"suites\",\"exclude\",\"groupLogsByTestSpec\",\"excludeDriverLogs\",\"bail\",\"framework\",\"reporters\",\"services\",\"maxInstances\",\"maxInstancesPerCapability\",\"injectGlobals\",\"filesToWatch\",\"execArgv\",\"runnerEnv\",\"runner\",\"shard\",\"specFileRetries\",\"specFileRetriesDelay\",\"specFileRetriesDeferred\",\"reporterSyncInterval\",\"reporterSyncTimeout\",\"cucumberFeaturesWithLineNumbers\",\"autoCompileOpts\",\"mochaOpts\",\"jasmineOpts\",\"cucumberOpts\",\"onPrepare\",\"onWorkerStart\",\"onWorkerEnd\",\"before\",\"beforeSession\",\"beforeSuite\",\"beforeHook\",\"beforeTest\",\"afterTest\",\"afterHook\",\"afterSuite\",\"afterSession\",\"after\",\"onComplete\",\"beforeAssertion\",\"afterAssertion\",\"beforeFeature\",\"beforeScenario\",\"beforeStep\",\"afterStep\",\"afterScenario\",\"afterFeature\",\"_\",\"suite\",\"$0\",\"ignoredWorkerServices\",\"wdi5\"]"}]}
RESULT: {"script":"<script> [2342 bytes]","args":[{"protocol":"http","hostname":"0.0.0.0","path":"/","capabilities":{"browserName":"chrome","goog:chromeOptions":{"binary":"C:\\Program Files\\Google\\Chrome\\Application\\chrome.exe","args":["--start-maximized"]}},"logLevel":"warn","connectionRetryTimeout":120000,"connectionRetryCount":3,"logLevels":{},"enableDirectConnect":true,"strictSSL":true,"_":"65 more keys: [\"cacheDir\",\"port\",\"requestedCapabilities\",\"automationProtocol\",\"baseUrl\",\"waitforInterval\",\"waitforTimeout\",\"onReload\",\"beforeCommand\",\"afterCommand\",\"rootDir\",\"specs\",\"suites\",\"exclude\",\"groupLogsByTestSpec\",\"excludeDriverLogs\",\"bail\",\"framework\",\"reporters\",\"services\",\"maxInstances\",\"maxInstancesPerCapability\",\"injectGlobals\",\"filesToWatch\",\"execArgv\",\"runnerEnv\",\"runner\",\"shard\",\"specFileRetries\",\"specFileRetriesDelay\",\"specFileRetriesDeferred\",\"reporterSyncInterval\",\"reporterSyncTimeout\",\"cucumberFeaturesWithLineNumbers\",\"autoCompileOpts\",\"mochaOpts\",\"jasmineOpts\",\"cucumberOpts\",\"onPrepare\",\"onWorkerStart\",\"onWorkerEnd\",\"before\",\"beforeSession\",\"beforeSuite\",\"beforeHook\",\"beforeTest\",\"afterTest\",\"afterHook\",\"afterSuite\",\"afterSession\",\"after\",\"onComplete\",\"beforeAssertion\",\"afterAssertion\",\"beforeFeature\",\"beforeScenario\",\"beforeStep\",\"afterStep\",\"afterScenario\",\"afterFeature\",\"_\",\"suite\",\"$0\",\"ignoredWorkerServices\",\"wdi5\"]"}]}
COMMAND: POST /session/54ab07b6f3a83c27c29484349e99f848/execute/async - {"script":"<script> [21126 bytes]","args":[35000]}
RESULT: {"script":"<script> [21126 bytes]","args":[35000]}
COMMAND: POST /session/54ab07b6f3a83c27c29484349e99f848/window/maximize - {}
RESULT: {}
COMMAND: POST /session/54ab07b6f3a83c27c29484349e99f848/execute/async - {"script":"<script> [1562 bytes]","args":[{"selector":{"id":"shell-header","interaction":{"idSuffix":"icon"}},"wdio_ui5_key":"shellheader"}]}
COMMAND: GET /session/54ab07b6f3a83c27c29484349e99f848/screenshot - {}
RESULT: {"script":"<script> [1562 bytes]","args":[{"selector":{"id":"shell-header","interaction":{"idSuffix":"icon"}},"wdio_ui5_key":"shellheader"}]}
RESULT: undefined
]]></system-out>
    </testcase>
  </testsuite>
  <testsuite timestamp="2025-04-25T17:01:10" time="266.779" tests="3" failures="1" errors="1" skipped="0">
    <properties>
      <property name="specId" value="0" />
      <property name="suiteName" value="Transfer Yard to Yard US131076" />
      <property name="capabilities" value="chrome.135_0_7049_96.windows" />
      <property name="file" value="file:///D:/a/1/s/test/specs/HTR/transfer-yard-to-yard.spec.js" />
    </properties>
    <testcase classname="chrome.135_0_7049_96.windows.Transfer_Yard_to_Yard_US131076" name="Should create one equipment and one multipart" time="159.182">
      <system-out><![CDATA[
COMMAND: POST /session/54ab07b6f3a83c27c29484349e99f848/execute/async - {"script":"<script> [1562 bytes]","args":[{"selector":{"controlType":"sap.m.GenericTile","properties":{"header":"Manage Resources"}},"wdio_ui5_key":"sapm.GenericTile{\"header\":\"Manage Resources\"}"}]}
RESULT: {}
RESULT: {"script":"<script> [1562 bytes]","args":[{"selector":{"controlType":"sap.m.GenericTile","properties":{"header":"Manage Resources"}},"wdio_ui5_key":"sapm.GenericTile{\"header\":\"Manage Resources\"}"}]}
RESULT: undefined
COMMAND: POST /session/54ab07b6f3a83c27c29484349e99f848/element - {"using":"xpath","value":"//*[@id=\"__tile39\"]"}
RESULT: {"using":"xpath","value":"//*[@id=\"__tile39\"]"}
COMMAND: POST /session/54ab07b6f3a83c27c29484349e99f848/element/f.59AB657FC34E9F51E6BD7341E7570555.d.FE23A602EA7584CDD6C29FF5B9030E4C.e.2120/click - {}
RESULT: {}
COMMAND: GET /session/54ab07b6f3a83c27c29484349e99f848/screenshot - {}
RESULT: {}
COMMAND: POST /session/54ab07b6f3a83c27c29484349e99f848/execute/async - {"script":"<script> [1562 bytes]","args":[{"selector":{"controlType":"sap.ui.core.Icon","viewName":"etm.portal.ui.manageresources.view.Master","viewId":"application-manageresources-display-component---masterRU","properties":{"src":{"regex":{"source":"add"}}}},"wdio_ui5_key":"etmportal.ui.manageresources.view.Mastersap.ui.core.Icon{\"src\":{\"regex\":{\"source\":\"add\"}}}"}]}
RESULT: {"script":"<script> [1562 bytes]","args":[{"selector":{"controlType":"sap.ui.core.Icon","viewName":"etm.portal.ui.manageresources.view.Master","viewId":"application-manageresources-display-component---masterRU","properties":{"src":{"regex":{"source":"add"}}}},"wdio_ui5_key":"etmportal.ui.manageresources.view.Mastersap.ui.core.Icon{\"src\":{\"regex\":{\"source\":\"add\"}}}"}]}
RESULT: undefined
COMMAND: POST /session/54ab07b6f3a83c27c29484349e99f848/element - {"using":"xpath","value":"//*[@id=\"__button5-img\"]"}
RESULT: {"using":"xpath","value":"//*[@id=\"__button5-img\"]"}
COMMAND: POST /session/54ab07b6f3a83c27c29484349e99f848/element/f.59AB657FC34E9F51E6BD7341E7570555.d.FE23A602EA7584CDD6C29FF5B9030E4C.e.2165/click - {}
RESULT: {}
COMMAND: GET /session/54ab07b6f3a83c27c29484349e99f848/screenshot - {}
RESULT: {}
COMMAND: POST /session/54ab07b6f3a83c27c29484349e99f848/execute/async - {"script":"<script> [1562 bytes]","args":[{"selector":{"id":"application-manageresources-display-component---newResourceUnit--TYPE-arrow"},"wdio_ui5_key":"applicationmanageresources-display-component---newResourceUnit--TYPE-arrow"}]}
RESULT: {"script":"<script> [1562 bytes]","args":[{"selector":{"id":"application-manageresources-display-component---newResourceUnit--TYPE-arrow"},"wdio_ui5_key":"applicationmanageresources-display-component---newResourceUnit--TYPE-arrow"}]}
RESULT: undefined
COMMAND: POST /session/54ab07b6f3a83c27c29484349e99f848/element - {"using":"xpath","value":"//*[@id=\"application-manageresources-display-component---newResourceUnit--TYPE-arrow\"]"}
RESULT: {"using":"xpath","value":"//*[@id=\"application-manageresources-display-component---newResourceUnit--TYPE-arrow\"]"}
COMMAND: POST /session/54ab07b6f3a83c27c29484349e99f848/element/f.59AB657FC34E9F51E6BD7341E7570555.d.FE23A602EA7584CDD6C29FF5B9030E4C.e.2487/click - {}
RESULT: {}
COMMAND: POST /session/54ab07b6f3a83c27c29484349e99f848/execute/async - {"script":"<script> [1562 bytes]","args":[{"selector":{"controlType":"sap.m.StandardListItem","viewName":"reusables.view.manageresources.NewResourceUnit","viewId":"application-manageresources-display-component---newResourceUnit","properties":{"title":"Equipment"},"searchOpenDialogs":true,"interaction":{"idSuffix":"content"}},"wdio_ui5_key":"reusablesview.manageresources.NewResourceUnitsap.m.StandardListItem{\"title\":\"Equipment\"}"}]}
COMMAND: GET /session/54ab07b6f3a83c27c29484349e99f848/screenshot - {}
RESULT: {"script":"<script> [1562 bytes]","args":[{"selector":{"controlType":"sap.m.StandardListItem","viewName":"reusables.view.manageresources.NewResourceUnit","viewId":"application-manageresources-display-component---newResourceUnit","properties":{"title":"Equipment"},"searchOpenDialogs":true,"interaction":{"idSuffix":"content"}},"wdio_ui5_key":"reusablesview.manageresources.NewResourceUnitsap.m.StandardListItem{\"title\":\"Equipment\"}"}]}
RESULT: undefined
COMMAND: POST /session/54ab07b6f3a83c27c29484349e99f848/element - {"using":"xpath","value":"//*[@id=\"__item141\"]"}
RESULT: {}
RESULT: {"using":"xpath","value":"//*[@id=\"__item141\"]"}
COMMAND: POST /session/54ab07b6f3a83c27c29484349e99f848/element/f.59AB657FC34E9F51E6BD7341E7570555.d.FE23A602EA7584CDD6C29FF5B9030E4C.e.2490/click - {}
RESULT: {}
COMMAND: POST /session/54ab07b6f3a83c27c29484349e99f848/execute/async - {"script":"<script> [1562 bytes]","args":[{"selector":{"id":"application-manageresources-display-component---newResourceUnit--resourceId","interaction":{"idSuffix":"inner"}},"wdio_ui5_key":"applicationmanageresources-display-component---newResourceUnit--resourceId"}]}
COMMAND: GET /session/54ab07b6f3a83c27c29484349e99f848/screenshot - {}
RESULT: {"script":"<script> [1562 bytes]","args":[{"selector":{"id":"application-manageresources-display-component---newResourceUnit--resourceId","interaction":{"idSuffix":"inner"}},"wdio_ui5_key":"applicationmanageresources-display-component---newResourceUnit--resourceId"}]}
RESULT: undefined
COMMAND: POST /session/54ab07b6f3a83c27c29484349e99f848/execute/async - {"script":"<script> [776 bytes]","args":[{"enterText":"TransferYardEquip3hp3b","selector":{"id":"application-manageresources-display-component---newResourceUnit--resourceId","interaction":{"idSuffix":"inner"}},"clearTextFirst":true,"interactionType":"ENTER_TEXT"}]}
RESULT: {}
RESULT: {"script":"<script> [776 bytes]","args":[{"enterText":"TransferYardEquip3hp3b","selector":{"id":"application-manageresources-display-component---newResourceUnit--resourceId","interaction":{"idSuffix":"inner"}},"clearTextFirst":true,"interactionType":"ENTER_TEXT"}]}
COMMAND: POST /session/54ab07b6f3a83c27c29484349e99f848/execute/async - {"script":"<script> [1562 bytes]","args":[{"selector":{"id":"application-manageresources-display-component---newResourceUnit--SHORT_TEXT","interaction":{"idSuffix":"inner"}},"wdio_ui5_key":"applicationmanageresources-display-component---newResourceUnit--SHORT_TEXT"}]}
RESULT: {"script":"<script> [1562 bytes]","args":[{"selector":{"id":"application-manageresources-display-component---newResourceUnit--SHORT_TEXT","interaction":{"idSuffix":"inner"}},"wdio_ui5_key":"applicationmanageresources-display-component---newResourceUnit--SHORT_TEXT"}]}
RESULT: undefined
COMMAND: POST /session/54ab07b6f3a83c27c29484349e99f848/execute/async - {"script":"<script> [776 bytes]","args":[{"enterText":"Equip4transfer","selector":{"id":"application-manageresources-display-component---newResourceUnit--SHORT_TEXT","interaction":{"idSuffix":"inner"}},"clearTextFirst":true,"interactionType":"ENTER_TEXT"}]}
RESULT: {"script":"<script> [776 bytes]","args":[{"enterText":"Equip4transfer","selector":{"id":"application-manageresources-display-component---newResourceUnit--SHORT_TEXT","interaction":{"idSuffix":"inner"}},"clearTextFirst":true,"interactionType":"ENTER_TEXT"}]}
COMMAND: POST /session/54ab07b6f3a83c27c29484349e99f848/execute/async - {"script":"<script> [1562 bytes]","args":[{"selector":{"id":"application-manageresources-display-component---newResourceUnit--BASE_UNIT_OF_MEASURE","interaction":{"idSuffix":"inner"}},"wdio_ui5_key":"applicationmanageresources-display-component---newResourceUnit--BASE_UNIT_OF_MEASURE"}]}
RESULT: {"script":"<script> [1562 bytes]","args":[{"selector":{"id":"application-manageresources-display-component---newResourceUnit--BASE_UNIT_OF_MEASURE","interaction":{"idSuffix":"inner"}},"wdio_ui5_key":"applicationmanageresources-display-component---newResourceUnit--BASE_UNIT_OF_MEASURE"}]}
RESULT: undefined
COMMAND: POST /session/54ab07b6f3a83c27c29484349e99f848/execute/async - {"script":"<script> [776 bytes]","args":[{"enterText":"Piece","selector":{"id":"application-manageresources-display-component---newResourceUnit--BASE_UNIT_OF_MEASURE","interaction":{"idSuffix":"inner"}},"clearTextFirst":true,"interactionType":"ENTER_TEXT"}]}
RESULT: {"script":"<script> [776 bytes]","args":[{"enterText":"Piece","selector":{"id":"application-manageresources-display-component---newResourceUnit--BASE_UNIT_OF_MEASURE","interaction":{"idSuffix":"inner"}},"clearTextFirst":true,"interactionType":"ENTER_TEXT"}]}
COMMAND: POST /session/54ab07b6f3a83c27c29484349e99f848/execute/async - {"script":"<script> [1562 bytes]","args":[{"selector":{"id":"application-manageresources-display-component---newResourceUnit--WEIGHT_UNIT","interaction":{"idSuffix":"inner"}},"wdio_ui5_key":"applicationmanageresources-display-component---newResourceUnit--WEIGHT_UNIT"}]}
RESULT: {"script":"<script> [1562 bytes]","args":[{"selector":{"id":"application-manageresources-display-component---newResourceUnit--WEIGHT_UNIT","interaction":{"idSuffix":"inner"}},"wdio_ui5_key":"applicationmanageresources-display-component---newResourceUnit--WEIGHT_UNIT"}]}
RESULT: undefined
COMMAND: POST /session/54ab07b6f3a83c27c29484349e99f848/execute/async - {"script":"<script> [776 bytes]","args":[{"enterText":"Gram","selector":{"id":"application-manageresources-display-component---newResourceUnit--WEIGHT_UNIT","interaction":{"idSuffix":"inner"}},"clearTextFirst":true,"interactionType":"ENTER_TEXT"}]}
RESULT: {"script":"<script> [776 bytes]","args":[{"enterText":"Gram","selector":{"id":"application-manageresources-display-component---newResourceUnit--WEIGHT_UNIT","interaction":{"idSuffix":"inner"}},"clearTextFirst":true,"interactionType":"ENTER_TEXT"}]}
COMMAND: POST /session/54ab07b6f3a83c27c29484349e99f848/execute/async - {"script":"<script> [1562 bytes]","args":[{"selector":{"id":"application-manageresources-display-component---newResourceUnit--DIMENSION_UNIT","interaction":{"idSuffix":"inner"}},"wdio_ui5_key":"applicationmanageresources-display-component---newResourceUnit--DIMENSION_UNIT"}]}
RESULT: {"script":"<script> [1562 bytes]","args":[{"selector":{"id":"application-manageresources-display-component---newResourceUnit--DIMENSION_UNIT","interaction":{"idSuffix":"inner"}},"wdio_ui5_key":"applicationmanageresources-display-component---newResourceUnit--DIMENSION_UNIT"}]}
RESULT: undefined
COMMAND: POST /session/54ab07b6f3a83c27c29484349e99f848/execute/async - {"script":"<script> [776 bytes]","args":[{"enterText":"Meter","selector":{"id":"application-manageresources-display-component---newResourceUnit--DIMENSION_UNIT","interaction":{"idSuffix":"inner"}},"clearTextFirst":true,"interactionType":"ENTER_TEXT"}]}
RESULT: {"script":"<script> [776 bytes]","args":[{"enterText":"Meter","selector":{"id":"application-manageresources-display-component---newResourceUnit--DIMENSION_UNIT","interaction":{"idSuffix":"inner"}},"clearTextFirst":true,"interactionType":"ENTER_TEXT"}]}
COMMAND: POST /session/54ab07b6f3a83c27c29484349e99f848/execute/async - {"script":"<script> [1562 bytes]","args":[{"selector":{"id":"application-manageresources-display-component---newResourceUnit--newRRUPage-anchBar-application-manageresources-display-component---newResourceUnit--control-anchor","interaction":{"idSuffix":"BDI-content"}},"wdio_ui5_key":"applicationmanageresources-display-component---newResourceUnit--newRRUPage-anchBar-application-manageresources-display-component---newResourceUnit--control-anchor"}]}
RESULT: {"script":"<script> [1562 bytes]","args":[{"selector":{"id":"application-manageresources-display-component---newResourceUnit--newRRUPage-anchBar-application-manageresources-display-component---newResourceUnit--control-anchor","interaction":{"idSuffix":"BDI-content"}},"wdio_ui5_key":"applicationmanageresources-display-component---newResourceUnit--newRRUPage-anchBar-application-manageresources-display-component---newResourceUnit--control-anchor"}]}
RESULT: undefined
COMMAND: POST /session/54ab07b6f3a83c27c29484349e99f848/element - {"using":"xpath","value":"//*[@id=\"application-manageresources-display-component---newResourceUnit--newRRUPage-anchBar-application-manageresources-display-component---newResourceUnit--control-anchor\"]"}
RESULT: {"using":"xpath","value":"//*[@id=\"application-manageresources-display-component---newResourceUnit--newRRUPage-anchBar-application-manageresources-display-component---newResourceUnit--control-anchor\"]"}
COMMAND: POST /session/54ab07b6f3a83c27c29484349e99f848/element/f.59AB657FC34E9F51E6BD7341E7570555.d.FE23A602EA7584CDD6C29FF5B9030E4C.e.2623/click - {}
RESULT: {}
COMMAND: POST /session/54ab07b6f3a83c27c29484349e99f848/execute/async - {"script":"<script> [1562 bytes]","args":[{"selector":{"id":"application-manageresources-display-component---newResourceUnit--PLANNING_GROUP","interaction":{"idSuffix":"inner"}},"wdio_ui5_key":"applicationmanageresources-display-component---newResourceUnit--PLANNING_GROUP"}]}
COMMAND: GET /session/54ab07b6f3a83c27c29484349e99f848/screenshot - {}
RESULT: {"script":"<script> [1562 bytes]","args":[{"selector":{"id":"application-manageresources-display-component---newResourceUnit--PLANNING_GROUP","interaction":{"idSuffix":"inner"}},"wdio_ui5_key":"applicationmanageresources-display-component---newResourceUnit--PLANNING_GROUP"}]}
RESULT: undefined
COMMAND: POST /session/54ab07b6f3a83c27c29484349e99f848/execute/async - {"script":"<script> [776 bytes]","args":[{"enterText":"Heavy Equi","selector":{"id":"application-manageresources-display-component---newResourceUnit--PLANNING_GROUP","interaction":{"idSuffix":"inner"}},"clearTextFirst":true,"interactionType":"ENTER_TEXT"}]}
RESULT: {}
RESULT: {"script":"<script> [776 bytes]","args":[{"enterText":"Heavy Equi","selector":{"id":"application-manageresources-display-component---newResourceUnit--PLANNING_GROUP","interaction":{"idSuffix":"inner"}},"clearTextFirst":true,"interactionType":"ENTER_TEXT"}]}
COMMAND: POST /session/54ab07b6f3a83c27c29484349e99f848/execute/async - {"script":"<script> [1562 bytes]","args":[{"selector":{"id":"application-manageresources-display-component---newResourceUnit--ITEM_TYPE-arrow"},"wdio_ui5_key":"applicationmanageresources-display-component---newResourceUnit--ITEM_TYPE-arrow"}]}
RESULT: {"script":"<script> [1562 bytes]","args":[{"selector":{"id":"application-manageresources-display-component---newResourceUnit--ITEM_TYPE-arrow"},"wdio_ui5_key":"applicationmanageresources-display-component---newResourceUnit--ITEM_TYPE-arrow"}]}
RESULT: undefined
COMMAND: POST /session/54ab07b6f3a83c27c29484349e99f848/element - {"using":"xpath","value":"//*[@id=\"application-manageresources-display-component---newResourceUnit--ITEM_TYPE-arrow\"]"}
RESULT: {"using":"xpath","value":"//*[@id=\"application-manageresources-display-component---newResourceUnit--ITEM_TYPE-arrow\"]"}
COMMAND: POST /session/54ab07b6f3a83c27c29484349e99f848/element/f.59AB657FC34E9F51E6BD7341E7570555.d.FE23A602EA7584CDD6C29FF5B9030E4C.e.2630/click - {}
RESULT: {}
COMMAND: POST /session/54ab07b6f3a83c27c29484349e99f848/execute/async - {"script":"<script> [1562 bytes]","args":[{"selector":{"controlType":"sap.m.StandardListItem","viewName":"reusables.view.manageresources.NewResourceUnit","viewId":"application-manageresources-display-component---newResourceUnit","properties":{"title":"Resource Unit"},"searchOpenDialogs":true,"interaction":{"idSuffix":"titleText"}},"wdio_ui5_key":"reusablesview.manageresources.NewResourceUnitsap.m.StandardListItem{\"title\":\"Resource Unit\"}"}]}
COMMAND: GET /session/54ab07b6f3a83c27c29484349e99f848/screenshot - {}
RESULT: {"script":"<script> [1562 bytes]","args":[{"selector":{"controlType":"sap.m.StandardListItem","viewName":"reusables.view.manageresources.NewResourceUnit","viewId":"application-manageresources-display-component---newResourceUnit","properties":{"title":"Resource Unit"},"searchOpenDialogs":true,"interaction":{"idSuffix":"titleText"}},"wdio_ui5_key":"reusablesview.manageresources.NewResourceUnitsap.m.StandardListItem{\"title\":\"Resource Unit\"}"}]}
RESULT: undefined
COMMAND: POST /session/54ab07b6f3a83c27c29484349e99f848/element - {"using":"xpath","value":"//*[@id=\"__item210\"]"}
RESULT: {}
RESULT: {"using":"xpath","value":"//*[@id=\"__item210\"]"}
COMMAND: POST /session/54ab07b6f3a83c27c29484349e99f848/element/f.59AB657FC34E9F51E6BD7341E7570555.d.FE23A602EA7584CDD6C29FF5B9030E4C.e.2632/click - {}
RESULT: {}
COMMAND: POST /session/54ab07b6f3a83c27c29484349e99f848/execute/async - {"script":"<script> [1562 bytes]","args":[{"selector":{"id":"application-manageresources-display-component---newResourceUnit--btnAddTimeSegment-img"},"wdio_ui5_key":"applicationmanageresources-display-component---newResourceUnit--btnAddTimeSegment-img"}]}
COMMAND: GET /session/54ab07b6f3a83c27c29484349e99f848/screenshot - {}
RESULT: {"script":"<script> [1562 bytes]","args":[{"selector":{"id":"application-manageresources-display-component---newResourceUnit--btnAddTimeSegment-img"},"wdio_ui5_key":"applicationmanageresources-display-component---newResourceUnit--btnAddTimeSegment-img"}]}
RESULT: undefined
COMMAND: POST /session/54ab07b6f3a83c27c29484349e99f848/element - {"using":"xpath","value":"//*[@id=\"application-manageresources-display-component---newResourceUnit--btnAddTimeSegment-img\"]"}
RESULT: {}
RESULT: {"using":"xpath","value":"//*[@id=\"application-manageresources-display-component---newResourceUnit--btnAddTimeSegment-img\"]"}
COMMAND: POST /session/54ab07b6f3a83c27c29484349e99f848/element/f.59AB657FC34E9F51E6BD7341E7570555.d.FE23A602EA7584CDD6C29FF5B9030E4C.e.2633/click - {}
RESULT: {}
COMMAND: POST /session/54ab07b6f3a83c27c29484349e99f848/element - {"using":"xpath","value":"//input[@id=\"application-manageresources-display-component---newResourceUnit--idRuTSAdmin-application-manageresources-display-component---newResourceUnit--RUTimeSegment-0-inner\"]"}
COMMAND: GET /session/54ab07b6f3a83c27c29484349e99f848/screenshot - {}
RESULT: {"using":"xpath","value":"//input[@id=\"application-manageresources-display-component---newResourceUnit--idRuTSAdmin-application-manageresources-display-component---newResourceUnit--RUTimeSegment-0-inner\"]"}
COMMAND: POST /session/54ab07b6f3a83c27c29484349e99f848/element/f.59AB657FC34E9F51E6BD7341E7570555.d.FE23A602EA7584CDD6C29FF5B9030E4C.e.2637/clear - {}
RESULT: {}
RESULT: {}
COMMAND: POST /session/54ab07b6f3a83c27c29484349e99f848/element/f.59AB657FC34E9F51E6BD7341E7570555.d.FE23A602EA7584CDD6C29FF5B9030E4C.e.2637/value - {"text":"106"}
COMMAND: GET /session/54ab07b6f3a83c27c29484349e99f848/screenshot - {}
RESULT: {"text":"106"}
COMMAND: GET /session/54ab07b6f3a83c27c29484349e99f848/screenshot - {}
RESULT: {}
RESULT: {}
COMMAND: POST /session/54ab07b6f3a83c27c29484349e99f848/actions - {"actions":[{"id":"action5","type":"key","parameters":{},"actions":[{"type":"keyDown","value":"î€‡"},{"type":"pause","duration":10},{"type":"keyUp","value":"î€‡"}]}]}
RESULT: {"actions":[{"id":"action5","type":"key","parameters":{},"actions":[{"type":"keyDown","value":"î€‡"},{"type":"pause","duration":10},{"type":"keyUp","value":"î€‡"}]}]}
COMMAND: POST /session/54ab07b6f3a83c27c29484349e99f848/execute/async - {"script":"<script> [1562 bytes]","args":[{"selector":{"controlType":"sap.ui.core.Icon","viewName":"reusables.view.manageresources.NewResourceUnit","viewId":"application-manageresources-display-component---newResourceUnit","properties":{"src":{"regex":{"source":"slim\\-arrow\\-down"}}},"ancestor":{"controlType":"sap.m.ComboBox","viewName":"reusables.view.manageresources.NewResourceUnit","viewId":"application-manageresources-display-component---newResourceUnit","bindingPath":{"path":"/RESOURCE_UNIT_TIME_SEQUENCES/0","propertyPath":"COST_OBJECT_ADMIN_CST_TYPE","modelName":"oNewRruModel"}}},"wdio_ui5_key":"reusablesview.manageresources.NewResourceUnitsap.ui.core.Icon{\"src\":{\"regex\":{\"source\":\"slim\\\\-arrow\\\\-down\"}}}{\"controlType\":\"sap.m.ComboBox\",\"viewName\":\"reusables.view.manageresources.NewResourceUnit\",\"viewId\":\"application-manageresources-display-component---newResourceUnit\",\"bindingPath\":{\"path\":\"/RESOURCE_UNIT_TIME_SEQUENCES/0\",\"propertyPath\":\"COST_OBJECT_ADMIN_CST_TYPE\",\"modelName\":\"oNewRruModel\"}}"}]}
COMMAND: GET /session/54ab07b6f3a83c27c29484349e99f848/screenshot - {}
RESULT: {"script":"<script> [1562 bytes]","args":[{"selector":{"controlType":"sap.ui.core.Icon","viewName":"reusables.view.manageresources.NewResourceUnit","viewId":"application-manageresources-display-component---newResourceUnit","properties":{"src":{"regex":{"source":"slim\\-arrow\\-down"}}},"ancestor":{"controlType":"sap.m.ComboBox","viewName":"reusables.view.manageresources.NewResourceUnit","viewId":"application-manageresources-display-component---newResourceUnit","bindingPath":{"path":"/RESOURCE_UNIT_TIME_SEQUENCES/0","propertyPath":"COST_OBJECT_ADMIN_CST_TYPE","modelName":"oNewRruModel"}}},"wdio_ui5_key":"reusablesview.manageresources.NewResourceUnitsap.ui.core.Icon{\"src\":{\"regex\":{\"source\":\"slim\\\\-arrow\\\\-down\"}}}{\"controlType\":\"sap.m.ComboBox\",\"viewName\":\"reusables.view.manageresources.NewResourceUnit\",\"viewId\":\"application-manageresources-display-component---newResourceUnit\",\"bindingPath\":{\"path\":\"/RESOURCE_UNIT_TIME_SEQUENCES/0\",\"propertyPath\":\"COST_OBJECT_ADMIN_CST_TYPE\",\"modelName\":\"oNewRruModel\"}}"}]}
RESULT: undefined
COMMAND: POST /session/54ab07b6f3a83c27c29484349e99f848/element - {"using":"xpath","value":"//*[@id=\"__box5-application-manageresources-display-component---newResourceUnit--RUTimeSegment-0-arrow\"]"}
RESULT: {}
RESULT: {"using":"xpath","value":"//*[@id=\"__box5-application-manageresources-display-component---newResourceUnit--RUTimeSegment-0-arrow\"]"}
COMMAND: POST /session/54ab07b6f3a83c27c29484349e99f848/element/f.59AB657FC34E9F51E6BD7341E7570555.d.FE23A602EA7584CDD6C29FF5B9030E4C.e.2651/click - {}
RESULT: {}
COMMAND: POST /session/54ab07b6f3a83c27c29484349e99f848/execute/async - {"script":"<script> [1562 bytes]","args":[{"selector":{"controlType":"sap.m.StandardListItem","viewName":"reusables.view.manageresources.NewResourceUnit","viewId":"application-manageresources-display-component---newResourceUnit","properties":{"title":"PM Order"},"searchOpenDialogs":true,"interaction":{"idSuffix":"titleText"}},"wdio_ui5_key":"reusablesview.manageresources.NewResourceUnitsap.m.StandardListItem{\"title\":\"PM Order\"}"}]}
COMMAND: GET /session/54ab07b6f3a83c27c29484349e99f848/screenshot - {}
RESULT: {"script":"<script> [1562 bytes]","args":[{"selector":{"controlType":"sap.m.StandardListItem","viewName":"reusables.view.manageresources.NewResourceUnit","viewId":"application-manageresources-display-component---newResourceUnit","properties":{"title":"PM Order"},"searchOpenDialogs":true,"interaction":{"idSuffix":"titleText"}},"wdio_ui5_key":"reusablesview.manageresources.NewResourceUnitsap.m.StandardListItem{\"title\":\"PM Order\"}"}]}
RESULT: undefined
COMMAND: POST /session/54ab07b6f3a83c27c29484349e99f848/element - {"using":"xpath","value":"//*[@id=\"__item342\"]"}
RESULT: {}
RESULT: {"using":"xpath","value":"//*[@id=\"__item342\"]"}
COMMAND: POST /session/54ab07b6f3a83c27c29484349e99f848/element/f.59AB657FC34E9F51E6BD7341E7570555.d.FE23A602EA7584CDD6C29FF5B9030E4C.e.2655/click - {}
RESULT: {}
COMMAND: POST /session/54ab07b6f3a83c27c29484349e99f848/element - {"using":"xpath","value":"(//input[contains(@id ,\"-application-manageresources-display-component---newResourceUnit--RUTimeSegment-0-inner\")])[8]"}
COMMAND: GET /session/54ab07b6f3a83c27c29484349e99f848/screenshot - {}
RESULT: {"using":"xpath","value":"(//input[contains(@id ,\"-application-manageresources-display-component---newResourceUnit--RUTimeSegment-0-inner\")])[8]"}
COMMAND: POST /session/54ab07b6f3a83c27c29484349e99f848/element/f.59AB657FC34E9F51E6BD7341E7570555.d.FE23A602EA7584CDD6C29FF5B9030E4C.e.2643/clear - {}
RESULT: {}
COMMAND: POST /session/54ab07b6f3a83c27c29484349e99f848/element - {"using":"xpath","value":"(//input[contains(@id ,\"-application-manageresources-display-component---newResourceUnit--RUTimeSegment-0-inner\")])[8]"}
RESULT: {"using":"xpath","value":"(//input[contains(@id ,\"-application-manageresources-display-component---newResourceUnit--RUTimeSegment-0-inner\")])[8]"}
COMMAND: POST /session/54ab07b6f3a83c27c29484349e99f848/element/f.59AB657FC34E9F51E6BD7341E7570555.d.FE23A602EA7584CDD6C29FF5B9030E4C.e.2643/clear - {}
COMMAND: POST /session/54ab07b6f3a83c27c29484349e99f848/element - {"using":"xpath","value":"(//input[contains(@id ,\"-application-manageresources-display-component---newResourceUnit--RUTimeSegment-0-inner\")])[8]"}
RESULT: {"using":"xpath","value":"(//input[contains(@id ,\"-application-manageresources-display-component---newResourceUnit--RUTimeSegment-0-inner\")])[8]"}
COMMAND: POST /session/54ab07b6f3a83c27c29484349e99f848/element/f.59AB657FC34E9F51E6BD7341E7570555.d.FE23A602EA7584CDD6C29FF5B9030E4C.e.2659/clear - {}
COMMAND: POST /session/54ab07b6f3a83c27c29484349e99f848/element - {"using":"xpath","value":"(//input[contains(@id ,\"-application-manageresources-display-component---newResourceUnit--RUTimeSegment-0-inner\")])[8]"}
RESULT: {"using":"xpath","value":"(//input[contains(@id ,\"-application-manageresources-display-component---newResourceUnit--RUTimeSegment-0-inner\")])[8]"}
COMMAND: POST /session/54ab07b6f3a83c27c29484349e99f848/element/f.59AB657FC34E9F51E6BD7341E7570555.d.FE23A602EA7584CDD6C29FF5B9030E4C.e.2659/clear - {}
COMMAND: POST /session/54ab07b6f3a83c27c29484349e99f848/element - {"using":"xpath","value":"(//input[contains(@id ,\"-application-manageresources-display-component---newResourceUnit--RUTimeSegment-0-inner\")])[8]"}
RESULT: {"using":"xpath","value":"(//input[contains(@id ,\"-application-manageresources-display-component---newResourceUnit--RUTimeSegment-0-inner\")])[8]"}
COMMAND: POST /session/54ab07b6f3a83c27c29484349e99f848/element/f.59AB657FC34E9F51E6BD7341E7570555.d.FE23A602EA7584CDD6C29FF5B9030E4C.e.2661/clear - {}
RESULT: {}
COMMAND: POST /session/54ab07b6f3a83c27c29484349e99f848/element/f.59AB657FC34E9F51E6BD7341E7570555.d.FE23A602EA7584CDD6C29FF5B9030E4C.e.2661/value - {"text":"4000360"}
COMMAND: GET /session/54ab07b6f3a83c27c29484349e99f848/screenshot - {}
RESULT: {"text":"4000360"}
COMMAND: GET /session/54ab07b6f3a83c27c29484349e99f848/screenshot - {}
RESULT: {}
RESULT: {}
COMMAND: POST /session/54ab07b6f3a83c27c29484349e99f848/actions - {"actions":[{"id":"action6","type":"key","parameters":{},"actions":[{"type":"keyDown","value":"î€‡"},{"type":"pause","duration":10},{"type":"keyUp","value":"î€‡"}]}]}
RESULT: {"actions":[{"id":"action6","type":"key","parameters":{},"actions":[{"type":"keyDown","value":"î€‡"},{"type":"pause","duration":10},{"type":"keyUp","value":"î€‡"}]}]}
COMMAND: GET /session/54ab07b6f3a83c27c29484349e99f848/screenshot - {}
RESULT: {}
COMMAND: POST /session/54ab07b6f3a83c27c29484349e99f848/execute/async - {"script":"<script> [1562 bytes]","args":[{"selector":{"id":"application-manageresources-display-component---newResourceUnit--newRRUPage-anchBar-application-manageresources-display-component---newResourceUnit--resource-anchor","interaction":{"idSuffix":"BDI-content"}},"wdio_ui5_key":"applicationmanageresources-display-component---newResourceUnit--newRRUPage-anchBar-application-manageresources-display-component---newResourceUnit--resource-anchor"}]}
RESULT: {"script":"<script> [1562 bytes]","args":[{"selector":{"id":"application-manageresources-display-component---newResourceUnit--newRRUPage-anchBar-application-manageresources-display-component---newResourceUnit--resource-anchor","interaction":{"idSuffix":"BDI-content"}},"wdio_ui5_key":"applicationmanageresources-display-component---newResourceUnit--newRRUPage-anchBar-application-manageresources-display-component---newResourceUnit--resource-anchor"}]}
RESULT: undefined
COMMAND: POST /session/54ab07b6f3a83c27c29484349e99f848/element - {"using":"xpath","value":"//*[@id=\"application-manageresources-display-component---newResourceUnit--newRRUPage-anchBar-application-manageresources-display-component---newResourceUnit--resource-anchor\"]"}
RESULT: {"using":"xpath","value":"//*[@id=\"application-manageresources-display-component---newResourceUnit--newRRUPage-anchBar-application-manageresources-display-component---newResourceUnit--resource-anchor\"]"}
COMMAND: POST /session/54ab07b6f3a83c27c29484349e99f848/element/f.59AB657FC34E9F51E6BD7341E7570555.d.FE23A602EA7584CDD6C29FF5B9030E4C.e.2677/click - {}
RESULT: {}
COMMAND: POST /session/54ab07b6f3a83c27c29484349e99f848/execute/async - {"script":"<script> [1562 bytes]","args":[{"selector":{"id":"application-manageresources-display-component---newResourceUnit--PLANNED_DELIVERY_DATE","interaction":{"idSuffix":"inner"}},"wdio_ui5_key":"applicationmanageresources-display-component---newResourceUnit--PLANNED_DELIVERY_DATE"}]}
COMMAND: GET /session/54ab07b6f3a83c27c29484349e99f848/screenshot - {}
RESULT: {"script":"<script> [1562 bytes]","args":[{"selector":{"id":"application-manageresources-display-component---newResourceUnit--PLANNED_DELIVERY_DATE","interaction":{"idSuffix":"inner"}},"wdio_ui5_key":"applicationmanageresources-display-component---newResourceUnit--PLANNED_DELIVERY_DATE"}]}
RESULT: undefined
COMMAND: POST /session/54ab07b6f3a83c27c29484349e99f848/execute/async - {"script":"<script> [6424 bytes]","args":[{"element-6066-11e4-a52e-4f735466cecf":"f.59AB657FC34E9F51E6BD7341E7570555.d.FE23A602EA7584CDD6C29FF5B9030E4C.e.2544"},"setValue",["4/25/25"]]}
RESULT: {}
RESULT: {"script":"<script> [6424 bytes]","args":[{"element-6066-11e4-a52e-4f735466cecf":"f.59AB657FC34E9F51E6BD7341E7570555.d.FE23A602EA7584CDD6C29FF5B9030E4C.e.2544"},"setValue",["4/25/25"]]}
COMMAND: POST /session/54ab07b6f3a83c27c29484349e99f848/execute/async - {"script":"<script> [1562 bytes]","args":[{"selector":{"controlType":"sap.m.Button","viewName":"reusables.view.manageresources.NewResourceUnit","viewId":"application-manageresources-display-component---newResourceUnit","i18NText":{"propertyName":"tooltip","key":"save"},"interaction":{"idSuffix":"BDI-content"}},"wdio_ui5_key":"reusablesview.manageresources.NewResourceUnitsap.m.Button{\"propertyName\":\"tooltip\",\"key\":\"save\"}"}]}
RESULT: {"script":"<script> [1562 bytes]","args":[{"selector":{"controlType":"sap.m.Button","viewName":"reusables.view.manageresources.NewResourceUnit","viewId":"application-manageresources-display-component---newResourceUnit","i18NText":{"propertyName":"tooltip","key":"save"},"interaction":{"idSuffix":"BDI-content"}},"wdio_ui5_key":"reusablesview.manageresources.NewResourceUnitsap.m.Button{\"propertyName\":\"tooltip\",\"key\":\"save\"}"}]}
RESULT: undefined
COMMAND: POST /session/54ab07b6f3a83c27c29484349e99f848/element - {"using":"xpath","value":"//*[@id=\"application-manageresources-display-component---newResourceUnit--createRuButton\"]"}
RESULT: {"using":"xpath","value":"//*[@id=\"application-manageresources-display-component---newResourceUnit--createRuButton\"]"}
COMMAND: POST /session/54ab07b6f3a83c27c29484349e99f848/element/f.59AB657FC34E9F51E6BD7341E7570555.d.FE23A602EA7584CDD6C29FF5B9030E4C.e.2504/click - {}
RESULT: {}
COMMAND: GET /session/54ab07b6f3a83c27c29484349e99f848/screenshot - {}
RESULT: {}
COMMAND: POST /session/54ab07b6f3a83c27c29484349e99f848/execute/async - {"script":"<script> [1562 bytes]","args":[{"selector":{"controlType":"sap.m.Button","properties":{"text":"Close"},"searchOpenDialogs":true,"interaction":{"idSuffix":"inner"}},"wdio_ui5_key":"sapm.Button{\"text\":\"Close\"}"}]}
RESULT: {"script":"<script> [1562 bytes]","args":[{"selector":{"controlType":"sap.m.Button","properties":{"text":"Close"},"searchOpenDialogs":true,"interaction":{"idSuffix":"inner"}},"wdio_ui5_key":"sapm.Button{\"text\":\"Close\"}"}]}
RESULT: undefined
COMMAND: POST /session/54ab07b6f3a83c27c29484349e99f848/element - {"using":"xpath","value":"//*[@id=\"__mbox-btn-0\"]"}
RESULT: {"using":"xpath","value":"//*[@id=\"__mbox-btn-0\"]"}
COMMAND: POST /session/54ab07b6f3a83c27c29484349e99f848/element/f.59AB657FC34E9F51E6BD7341E7570555.d.FE23A602EA7584CDD6C29FF5B9030E4C.e.2685/click - {}
RESULT: {}
COMMAND: GET /session/54ab07b6f3a83c27c29484349e99f848/screenshot - {}
COMMAND: POST /session/54ab07b6f3a83c27c29484349e99f848/execute/async - {"script":"<script> [1562 bytes]","args":[{"selector":{"controlType":"sap.m.Text","viewName":"etm.portal.ui.manageresources.view.Detail","viewId":"application-manageresources-display-component---detailRU","bindingPath":{"propertyPath":"ID","modelName":"catalogModel"}},"wdio_ui5_key":"etmportal.ui.manageresources.view.Detailsap.m.Text{\"propertyPath\":\"ID\",\"modelName\":\"catalogModel\"}"}]}
RESULT: {}
RESULT: {"script":"<script> [1562 bytes]","args":[{"selector":{"controlType":"sap.m.Text","viewName":"etm.portal.ui.manageresources.view.Detail","viewId":"application-manageresources-display-component---detailRU","bindingPath":{"propertyPath":"ID","modelName":"catalogModel"}},"wdio_ui5_key":"etmportal.ui.manageresources.view.Detailsap.m.Text{\"propertyPath\":\"ID\",\"modelName\":\"catalogModel\"}"}]}
RESULT: undefined
COMMAND: POST /session/54ab07b6f3a83c27c29484349e99f848/execute/async - {"script":"<script> [6424 bytes]","args":[{"element-6066-11e4-a52e-4f735466cecf":"f.59AB657FC34E9F51E6BD7341E7570555.d.FE23A602EA7584CDD6C29FF5B9030E4C.e.2720"},"getText",[]]}
RESULT: {"script":"<script> [6424 bytes]","args":[{"element-6066-11e4-a52e-4f735466cecf":"f.59AB657FC34E9F51E6BD7341E7570555.d.FE23A602EA7584CDD6C29FF5B9030E4C.e.2720"},"getText",[]]}
COMMAND: POST /session/54ab07b6f3a83c27c29484349e99f848/execute/async - {"script":"<script> [1562 bytes]","args":[{"selector":{"controlType":"sap.m.OverflowToolbarButton","viewName":"etm.portal.ui.manageresources.view.Master","viewId":"application-manageresources-display-component---masterRU","bindingPath":{"path":"","propertyPath":"/isLogbook","modelName":"minimumStockRPGModel"},"interaction":{"idSuffix":"inner"}},"wdio_ui5_key":"etmportal.ui.manageresources.view.Mastersap.m.OverflowToolbarButton{\"path\":\"\",\"propertyPath\":\"/isLogbook\",\"modelName\":\"minimumStockRPGModel\"}"}]}
RESULT: {"script":"<script> [1562 bytes]","args":[{"selector":{"controlType":"sap.m.OverflowToolbarButton","viewName":"etm.portal.ui.manageresources.view.Master","viewId":"application-manageresources-display-component---masterRU","bindingPath":{"path":"","propertyPath":"/isLogbook","modelName":"minimumStockRPGModel"},"interaction":{"idSuffix":"inner"}},"wdio_ui5_key":"etmportal.ui.manageresources.view.Mastersap.m.OverflowToolbarButton{\"path\":\"\",\"propertyPath\":\"/isLogbook\",\"modelName\":\"minimumStockRPGModel\"}"}]}
RESULT: undefined
COMMAND: POST /session/54ab07b6f3a83c27c29484349e99f848/element - {"using":"xpath","value":"//*[@id=\"__button5\"]"}
RESULT: {"using":"xpath","value":"//*[@id=\"__button5\"]"}
COMMAND: POST /session/54ab07b6f3a83c27c29484349e99f848/element/f.59AB657FC34E9F51E6BD7341E7570555.d.FE23A602EA7584CDD6C29FF5B9030E4C.e.2163/click - {}
RESULT: {}
COMMAND: GET /session/54ab07b6f3a83c27c29484349e99f848/screenshot - {}
RESULT: {}
RESULT: undefined
COMMAND: POST /session/54ab07b6f3a83c27c29484349e99f848/element - {"using":"xpath","value":"//*[@id=\"application-manageresources-display-component---newResourceUnit--TYPE-arrow\"]"}
RESULT: {"using":"xpath","value":"//*[@id=\"application-manageresources-display-component---newResourceUnit--TYPE-arrow\"]"}
COMMAND: POST /session/54ab07b6f3a83c27c29484349e99f848/element/f.59AB657FC34E9F51E6BD7341E7570555.d.FE23A602EA7584CDD6C29FF5B9030E4C.e.2487/click - {}
RESULT: {}
COMMAND: POST /session/54ab07b6f3a83c27c29484349e99f848/execute/async - {"script":"<script> [1562 bytes]","args":[{"selector":{"controlType":"sap.m.StandardListItem","viewName":"reusables.view.manageresources.NewResourceUnit","viewId":"application-manageresources-display-component---newResourceUnit","properties":{"title":"Equi Multipart"},"searchOpenDialogs":true,"interaction":{"idSuffix":"titleText"}},"wdio_ui5_key":"reusablesview.manageresources.NewResourceUnitsap.m.StandardListItem{\"title\":\"Equi Multipart\"}"}]}
COMMAND: GET /session/54ab07b6f3a83c27c29484349e99f848/screenshot - {}
RESULT: {"script":"<script> [1562 bytes]","args":[{"selector":{"controlType":"sap.m.StandardListItem","viewName":"reusables.view.manageresources.NewResourceUnit","viewId":"application-manageresources-display-component---newResourceUnit","properties":{"title":"Equi Multipart"},"searchOpenDialogs":true,"interaction":{"idSuffix":"titleText"}},"wdio_ui5_key":"reusablesview.manageresources.NewResourceUnitsap.m.StandardListItem{\"title\":\"Equi Multipart\"}"}]}
RESULT: undefined
COMMAND: POST /session/54ab07b6f3a83c27c29484349e99f848/element - {"using":"xpath","value":"//*[@id=\"__item146\"]"}
RESULT: {}
RESULT: {"using":"xpath","value":"//*[@id=\"__item146\"]"}
COMMAND: POST /session/54ab07b6f3a83c27c29484349e99f848/element/f.59AB657FC34E9F51E6BD7341E7570555.d.FE23A602EA7584CDD6C29FF5B9030E4C.e.2745/click - {}
RESULT: {}
RESULT: undefined
COMMAND: POST /session/54ab07b6f3a83c27c29484349e99f848/execute/async - {"script":"<script> [776 bytes]","args":[{"enterText":"TransferYardmultipart3hp3b","selector":{"id":"application-manageresources-display-component---newResourceUnit--SHORT_TEXT","interaction":{"idSuffix":"inner"}},"clearTextFirst":true,"interactionType":"ENTER_TEXT"}]}
COMMAND: GET /session/54ab07b6f3a83c27c29484349e99f848/screenshot - {}
RESULT: {"script":"<script> [776 bytes]","args":[{"enterText":"TransferYardmultipart3hp3b","selector":{"id":"application-manageresources-display-component---newResourceUnit--SHORT_TEXT","interaction":{"idSuffix":"inner"}},"clearTextFirst":true,"interactionType":"ENTER_TEXT"}]}
RESULT: undefined
COMMAND: POST /session/54ab07b6f3a83c27c29484349e99f848/execute/async - {"script":"<script> [776 bytes]","args":[{"enterText":"Piece","selector":{"id":"application-manageresources-display-component---newResourceUnit--BASE_UNIT_OF_MEASURE","interaction":{"idSuffix":"inner"}},"clearTextFirst":true,"interactionType":"ENTER_TEXT"}]}
RESULT: {}
RESULT: {"script":"<script> [776 bytes]","args":[{"enterText":"Piece","selector":{"id":"application-manageresources-display-component---newResourceUnit--BASE_UNIT_OF_MEASURE","interaction":{"idSuffix":"inner"}},"clearTextFirst":true,"interactionType":"ENTER_TEXT"}]}
RESULT: undefined
COMMAND: POST /session/54ab07b6f3a83c27c29484349e99f848/execute/async - {"script":"<script> [776 bytes]","args":[{"enterText":"Gram","selector":{"id":"application-manageresources-display-component---newResourceUnit--WEIGHT_UNIT","interaction":{"idSuffix":"inner"}},"clearTextFirst":true,"interactionType":"ENTER_TEXT"}]}
RESULT: {"script":"<script> [776 bytes]","args":[{"enterText":"Gram","selector":{"id":"application-manageresources-display-component---newResourceUnit--WEIGHT_UNIT","interaction":{"idSuffix":"inner"}},"clearTextFirst":true,"interactionType":"ENTER_TEXT"}]}
RESULT: undefined
COMMAND: POST /session/54ab07b6f3a83c27c29484349e99f848/execute/async - {"script":"<script> [776 bytes]","args":[{"enterText":"Meter","selector":{"id":"application-manageresources-display-component---newResourceUnit--DIMENSION_UNIT","interaction":{"idSuffix":"inner"}},"clearTextFirst":true,"interactionType":"ENTER_TEXT"}]}
RESULT: {"script":"<script> [776 bytes]","args":[{"enterText":"Meter","selector":{"id":"application-manageresources-display-component---newResourceUnit--DIMENSION_UNIT","interaction":{"idSuffix":"inner"}},"clearTextFirst":true,"interactionType":"ENTER_TEXT"}]}
RESULT: undefined
COMMAND: POST /session/54ab07b6f3a83c27c29484349e99f848/execute/async - {"script":"<script> [776 bytes]","args":[{"enterText":"Heavy equip","selector":{"id":"application-manageresources-display-component---newResourceUnit--PLANNING_GROUP","interaction":{"idSuffix":"inner"}},"clearTextFirst":true,"interactionType":"ENTER_TEXT"}]}
RESULT: {"script":"<script> [776 bytes]","args":[{"enterText":"Heavy equip","selector":{"id":"application-manageresources-display-component---newResourceUnit--PLANNING_GROUP","interaction":{"idSuffix":"inner"}},"clearTextFirst":true,"interactionType":"ENTER_TEXT"}]}
RESULT: undefined
COMMAND: POST /session/54ab07b6f3a83c27c29484349e99f848/element - {"using":"xpath","value":"//*[@id=\"application-manageresources-display-component---newResourceUnit--ITEM_TYPE-arrow\"]"}
RESULT: {"using":"xpath","value":"//*[@id=\"application-manageresources-display-component---newResourceUnit--ITEM_TYPE-arrow\"]"}
COMMAND: POST /session/54ab07b6f3a83c27c29484349e99f848/element/f.59AB657FC34E9F51E6BD7341E7570555.d.FE23A602EA7584CDD6C29FF5B9030E4C.e.2808/click - {}
RESULT: {}
COMMAND: POST /session/54ab07b6f3a83c27c29484349e99f848/execute/async - {"script":"<script> [1562 bytes]","args":[{"selector":{"controlType":"sap.m.StandardListItem","viewName":"reusables.view.manageresources.NewResourceUnit","viewId":"application-manageresources-display-component---newResourceUnit","properties":{"title":"Pool Equipment"},"searchOpenDialogs":true,"interaction":{"idSuffix":"content"}},"wdio_ui5_key":"reusablesview.manageresources.NewResourceUnitsap.m.StandardListItem{\"title\":\"Pool Equipment\"}"}]}
COMMAND: GET /session/54ab07b6f3a83c27c29484349e99f848/screenshot - {}
RESULT: {"script":"<script> [1562 bytes]","args":[{"selector":{"controlType":"sap.m.StandardListItem","viewName":"reusables.view.manageresources.NewResourceUnit","viewId":"application-manageresources-display-component---newResourceUnit","properties":{"title":"Pool Equipment"},"searchOpenDialogs":true,"interaction":{"idSuffix":"content"}},"wdio_ui5_key":"reusablesview.manageresources.NewResourceUnitsap.m.StandardListItem{\"title\":\"Pool Equipment\"}"}]}
RESULT: undefined
COMMAND: POST /session/54ab07b6f3a83c27c29484349e99f848/element - {"using":"xpath","value":"//*[@id=\"__item568\"]"}
RESULT: {}
RESULT: {"using":"xpath","value":"//*[@id=\"__item568\"]"}
COMMAND: POST /session/54ab07b6f3a83c27c29484349e99f848/element/f.59AB657FC34E9F51E6BD7341E7570555.d.FE23A602EA7584CDD6C29FF5B9030E4C.e.2810/click - {}
RESULT: {}
COMMAND: POST /session/54ab07b6f3a83c27c29484349e99f848/execute/async - {"script":"<script> [1562 bytes]","args":[{"selector":{"id":"application-manageresources-display-component---newResourceUnit--PLANNING_INDICATOR","interaction":{"idSuffix":"inner"}},"wdio_ui5_key":"applicationmanageresources-display-component---newResourceUnit--PLANNING_INDICATOR"}]}
COMMAND: GET /session/54ab07b6f3a83c27c29484349e99f848/screenshot - {}
RESULT: {"script":"<script> [1562 bytes]","args":[{"selector":{"id":"application-manageresources-display-component---newResourceUnit--PLANNING_INDICATOR","interaction":{"idSuffix":"inner"}},"wdio_ui5_key":"applicationmanageresources-display-component---newResourceUnit--PLANNING_INDICATOR"}]}
RESULT: undefined
COMMAND: POST /session/54ab07b6f3a83c27c29484349e99f848/execute/async - {"script":"<script> [776 bytes]","args":[{"enterText":"10 - infinite","selector":{"id":"application-manageresources-display-component---newResourceUnit--PLANNING_INDICATOR","interaction":{"idSuffix":"inner"}},"clearTextFirst":true,"interactionType":"ENTER_TEXT"}]}
RESULT: {}
RESULT: {"script":"<script> [776 bytes]","args":[{"enterText":"10 - infinite","selector":{"id":"application-manageresources-display-component---newResourceUnit--PLANNING_INDICATOR","interaction":{"idSuffix":"inner"}},"clearTextFirst":true,"interactionType":"ENTER_TEXT"}]}
COMMAND: POST /session/54ab07b6f3a83c27c29484349e99f848/actions - {"actions":[{"id":"action7","type":"key","parameters":{},"actions":[{"type":"keyDown","value":"î€‡"},{"type":"pause","duration":10},{"type":"keyUp","value":"î€‡"}]}]}
RESULT: {"actions":[{"id":"action7","type":"key","parameters":{},"actions":[{"type":"keyDown","value":"î€‡"},{"type":"pause","duration":10},{"type":"keyUp","value":"î€‡"}]}]}
RESULT: undefined
COMMAND: POST /session/54ab07b6f3a83c27c29484349e99f848/element - {"using":"xpath","value":"//*[@id=\"application-manageresources-display-component---newResourceUnit--newRRUPage-anchBar-application-manageresources-display-component---newResourceUnit--control-anchor\"]"}
COMMAND: GET /session/54ab07b6f3a83c27c29484349e99f848/screenshot - {}
RESULT: {"using":"xpath","value":"//*[@id=\"application-manageresources-display-component---newResourceUnit--newRRUPage-anchBar-application-manageresources-display-component---newResourceUnit--control-anchor\"]"}
COMMAND: POST /session/54ab07b6f3a83c27c29484349e99f848/element/f.59AB657FC34E9F51E6BD7341E7570555.d.FE23A602EA7584CDD6C29FF5B9030E4C.e.2812/click - {}
RESULT: {}
RESULT: {}
RESULT: undefined
COMMAND: POST /session/54ab07b6f3a83c27c29484349e99f848/element - {"using":"xpath","value":"//*[@id=\"application-manageresources-display-component---newResourceUnit--btnAddTimeSegment-img\"]"}
COMMAND: GET /session/54ab07b6f3a83c27c29484349e99f848/screenshot - {}
RESULT: {"using":"xpath","value":"//*[@id=\"application-manageresources-display-component---newResourceUnit--btnAddTimeSegment-img\"]"}
COMMAND: POST /session/54ab07b6f3a83c27c29484349e99f848/element/f.59AB657FC34E9F51E6BD7341E7570555.d.FE23A602EA7584CDD6C29FF5B9030E4C.e.2814/click - {}
RESULT: {}
RESULT: {}
COMMAND: POST /session/54ab07b6f3a83c27c29484349e99f848/element - {"using":"xpath","value":"//input[@id=\"application-manageresources-display-component---newResourceUnit--idRuTSAdmin-application-manageresources-display-component---newResourceUnit--RUTimeSegment-0-inner\"]"}
COMMAND: GET /session/54ab07b6f3a83c27c29484349e99f848/screenshot - {}
RESULT: {"using":"xpath","value":"//input[@id=\"application-manageresources-display-component---newResourceUnit--idRuTSAdmin-application-manageresources-display-component---newResourceUnit--RUTimeSegment-0-inner\"]"}
COMMAND: POST /session/54ab07b6f3a83c27c29484349e99f848/element/f.59AB657FC34E9F51E6BD7341E7570555.d.FE23A602EA7584CDD6C29FF5B9030E4C.e.2817/clear - {}
RESULT: {}
RESULT: {}
COMMAND: POST /session/54ab07b6f3a83c27c29484349e99f848/element/f.59AB657FC34E9F51E6BD7341E7570555.d.FE23A602EA7584CDD6C29FF5B9030E4C.e.2817/value - {"text":"106"}
COMMAND: GET /session/54ab07b6f3a83c27c29484349e99f848/screenshot - {}
RESULT: {"text":"106"}
COMMAND: GET /session/54ab07b6f3a83c27c29484349e99f848/screenshot - {}
RESULT: {}
RESULT: {}
COMMAND: POST /session/54ab07b6f3a83c27c29484349e99f848/actions - {"actions":[{"id":"action8","type":"key","parameters":{},"actions":[{"type":"keyDown","value":"î€‡"},{"type":"pause","duration":10},{"type":"keyUp","value":"î€‡"}]}]}
RESULT: {"actions":[{"id":"action8","type":"key","parameters":{},"actions":[{"type":"keyDown","value":"î€‡"},{"type":"pause","duration":10},{"type":"keyUp","value":"î€‡"}]}]}
COMMAND: GET /session/54ab07b6f3a83c27c29484349e99f848/screenshot - {}
RESULT: {}
COMMAND: POST /session/54ab07b6f3a83c27c29484349e99f848/element - {"using":"xpath","value":"//*[text()=\"Save\"]"}
RESULT: {"using":"xpath","value":"//*[text()=\"Save\"]"}
COMMAND: POST /session/54ab07b6f3a83c27c29484349e99f848/execute/sync - {"script":"<script> [8489 bytes]","args":[{"element-6066-11e4-a52e-4f735466cecf":"f.59AB657FC34E9F51E6BD7341E7570555.d.FE23A602EA7584CDD6C29FF5B9030E4C.e.2684","ELEMENT":"f.59AB657FC34E9F51E6BD7341E7570555.d.FE23A602EA7584CDD6C29FF5B9030E4C.e.2684"}]}
RESULT: {"script":"<script> [8489 bytes]","args":[{"element-6066-11e4-a52e-4f735466cecf":"f.59AB657FC34E9F51E6BD7341E7570555.d.FE23A602EA7584CDD6C29FF5B9030E4C.e.2684","ELEMENT":"f.59AB657FC34E9F51E6BD7341E7570555.d.FE23A602EA7584CDD6C29FF5B9030E4C.e.2684"}]}
COMMAND: POST /session/54ab07b6f3a83c27c29484349e99f848/execute/sync - {"script":"<script> [5351 bytes]","args":[{"element-6066-11e4-a52e-4f735466cecf":"f.59AB657FC34E9F51E6BD7341E7570555.d.FE23A602EA7584CDD6C29FF5B9030E4C.e.2684","ELEMENT":"f.59AB657FC34E9F51E6BD7341E7570555.d.FE23A602EA7584CDD6C29FF5B9030E4C.e.2684"}]}
COMMAND: GET /session/54ab07b6f3a83c27c29484349e99f848/screenshot - {}
RESULT: {"script":"<script> [5351 bytes]","args":[{"element-6066-11e4-a52e-4f735466cecf":"f.59AB657FC34E9F51E6BD7341E7570555.d.FE23A602EA7584CDD6C29FF5B9030E4C.e.2684","ELEMENT":"f.59AB657FC34E9F51E6BD7341E7570555.d.FE23A602EA7584CDD6C29FF5B9030E4C.e.2684"}]}
COMMAND: POST /session/54ab07b6f3a83c27c29484349e99f848/element/f.59AB657FC34E9F51E6BD7341E7570555.d.FE23A602EA7584CDD6C29FF5B9030E4C.e.2684/click - {}
COMMAND: GET /session/54ab07b6f3a83c27c29484349e99f848/screenshot - {}
RESULT: {}
RESULT: {}
COMMAND: GET /session/54ab07b6f3a83c27c29484349e99f848/screenshot - {}
RESULT: {}
RESULT: {}
COMMAND: POST /session/54ab07b6f3a83c27c29484349e99f848/element - {"using":"xpath","value":"//bdi[contains(text(), \"Close\")]"}
RESULT: {"using":"xpath","value":"//bdi[contains(text(), \"Close\")]"}
COMMAND: POST /session/54ab07b6f3a83c27c29484349e99f848/element/f.59AB657FC34E9F51E6BD7341E7570555.d.FE23A602EA7584CDD6C29FF5B9030E4C.e.2839/click - {}
RESULT: {}
COMMAND: GET /session/54ab07b6f3a83c27c29484349e99f848/screenshot - {}
RESULT: {}
RESULT: undefined
COMMAND: POST /session/54ab07b6f3a83c27c29484349e99f848/execute/async - {"script":"<script> [6424 bytes]","args":[{"element-6066-11e4-a52e-4f735466cecf":"f.59AB657FC34E9F51E6BD7341E7570555.d.FE23A602EA7584CDD6C29FF5B9030E4C.e.2720"},"getText",[]]}
RESULT: {"script":"<script> [6424 bytes]","args":[{"element-6066-11e4-a52e-4f735466cecf":"f.59AB657FC34E9F51E6BD7341E7570555.d.FE23A602EA7584CDD6C29FF5B9030E4C.e.2720"},"getText",[]]}
COMMAND: POST /session/54ab07b6f3a83c27c29484349e99f848/element - {"using":"css selector","value":"#shell-header-logo"}
RESULT: {"using":"css selector","value":"#shell-header-logo"}
COMMAND: POST /session/54ab07b6f3a83c27c29484349e99f848/element/f.59AB657FC34E9F51E6BD7341E7570555.d.FE23A602EA7584CDD6C29FF5B9030E4C.e.2112/click - {}
RESULT: {}
COMMAND: GET /session/54ab07b6f3a83c27c29484349e99f848/screenshot - {}
RESULT: {}
]]></system-out>
    </testcase>
    <testcase classname="chrome.135_0_7049_96.windows.Transfer_Yard_to_Yard_US131076" name="Should do a stock increase for the equipment and multipart" time="66.853">
      <system-out><![CDATA[
COMMAND: POST /session/54ab07b6f3a83c27c29484349e99f848/execute/async - {"script":"<script> [1562 bytes]","args":[{"selector":{"controlType":"sap.m.Text","viewName":"etm.portal.ui.managehandoverstile.view.Master","properties":{"text":"Manage Handovers"},"interaction":{"idSuffix":"inner"}},"wdio_ui5_key":"etmportal.ui.managehandoverstile.view.Mastersap.m.Text{\"text\":\"Manage Handovers\"}"}]}
RESULT: {"script":"<script> [1562 bytes]","args":[{"selector":{"controlType":"sap.m.Text","viewName":"etm.portal.ui.managehandoverstile.view.Master","properties":{"text":"Manage Handovers"},"interaction":{"idSuffix":"inner"}},"wdio_ui5_key":"etmportal.ui.managehandoverstile.view.Mastersap.m.Text{\"text\":\"Manage Handovers\"}"}]}
RESULT: undefined
COMMAND: POST /session/54ab07b6f3a83c27c29484349e99f848/element - {"using":"xpath","value":"//*[@id=\"__tile131-title\"]"}
RESULT: {"using":"xpath","value":"//*[@id=\"__tile131-title\"]"}
COMMAND: POST /session/54ab07b6f3a83c27c29484349e99f848/element/f.59AB657FC34E9F51E6BD7341E7570555.d.FE23A602EA7584CDD6C29FF5B9030E4C.e.2853/click - {}
RESULT: {}
COMMAND: GET /session/54ab07b6f3a83c27c29484349e99f848/screenshot - {}
COMMAND: POST /session/54ab07b6f3a83c27c29484349e99f848/execute/async - {"script":"<script> [1562 bytes]","args":[{"selector":{"controlType":"sap.ui.core.Icon","viewName":"etm.portal.ui.managehandovers.view.MasterHO","properties":{"src":{"regex":{"source":"add"}}}},"wdio_ui5_key":"etmportal.ui.managehandovers.view.MasterHOsap.ui.core.Icon{\"src\":{\"regex\":{\"source\":\"add\"}}}"}]}
RESULT: {}
RESULT: {"script":"<script> [1562 bytes]","args":[{"selector":{"controlType":"sap.ui.core.Icon","viewName":"etm.portal.ui.managehandovers.view.MasterHO","properties":{"src":{"regex":{"source":"add"}}}},"wdio_ui5_key":"etmportal.ui.managehandovers.view.MasterHOsap.ui.core.Icon{\"src\":{\"regex\":{\"source\":\"add\"}}}"}]}
RESULT: undefined
COMMAND: POST /session/54ab07b6f3a83c27c29484349e99f848/element - {"using":"xpath","value":"//*[@id=\"__button85-img\"]"}
RESULT: {"using":"xpath","value":"//*[@id=\"__button85-img\"]"}
COMMAND: POST /session/54ab07b6f3a83c27c29484349e99f848/element/f.59AB657FC34E9F51E6BD7341E7570555.d.FE23A602EA7584CDD6C29FF5B9030E4C.e.2896/click - {}
RESULT: {}
COMMAND: POST /session/54ab07b6f3a83c27c29484349e99f848/execute/async - {"script":"<script> [1562 bytes]","args":[{"selector":{"id":"application-managehandovers-display-component---AddNewHO--typeSelect","interaction":{"idSuffix":"arrow"}},"wdio_ui5_key":"applicationmanagehandovers-display-component---AddNewHO--typeSelect"}]}
COMMAND: GET /session/54ab07b6f3a83c27c29484349e99f848/screenshot - {}
RESULT: {"script":"<script> [1562 bytes]","args":[{"selector":{"id":"application-managehandovers-display-component---AddNewHO--typeSelect","interaction":{"idSuffix":"arrow"}},"wdio_ui5_key":"applicationmanagehandovers-display-component---AddNewHO--typeSelect"}]}
RESULT: undefined
COMMAND: POST /session/54ab07b6f3a83c27c29484349e99f848/element - {"using":"xpath","value":"//*[@id=\"application-managehandovers-display-component---AddNewHO--typeSelect\"]"}
RESULT: {}
RESULT: {"using":"xpath","value":"//*[@id=\"application-managehandovers-display-component---AddNewHO--typeSelect\"]"}
COMMAND: POST /session/54ab07b6f3a83c27c29484349e99f848/element/f.59AB657FC34E9F51E6BD7341E7570555.d.FE23A602EA7584CDD6C29FF5B9030E4C.e.3200/click - {}
RESULT: {}
COMMAND: POST /session/54ab07b6f3a83c27c29484349e99f848/execute/async - {"script":"<script> [1562 bytes]","args":[{"selector":{"controlType":"sap.ui.core.Item","viewName":"etm.portal.ui.managehandovers.view.AddNewHO","viewId":"application-managehandovers-display-component---AddNewHO","bindingPath":{"path":"/HandOverTypes('100')","propertyPath":"ID","modelName":"catalogModel"},"searchOpenDialogs":true},"wdio_ui5_key":"etmportal.ui.managehandovers.view.AddNewHOsap.ui.core.Item{\"path\":\"/HandOverTypes('100')\",\"propertyPath\":\"ID\",\"modelName\":\"catalogModel\"}"}]}
COMMAND: GET /session/54ab07b6f3a83c27c29484349e99f848/screenshot - {}
RESULT: {"script":"<script> [1562 bytes]","args":[{"selector":{"controlType":"sap.ui.core.Item","viewName":"etm.portal.ui.managehandovers.view.AddNewHO","viewId":"application-managehandovers-display-component---AddNewHO","bindingPath":{"path":"/HandOverTypes('100')","propertyPath":"ID","modelName":"catalogModel"},"searchOpenDialogs":true},"wdio_ui5_key":"etmportal.ui.managehandovers.view.AddNewHOsap.ui.core.Item{\"path\":\"/HandOverTypes('100')\",\"propertyPath\":\"ID\",\"modelName\":\"catalogModel\"}"}]}
RESULT: undefined
COMMAND: POST /session/54ab07b6f3a83c27c29484349e99f848/element - {"using":"xpath","value":"//*[@id=\"__item728-application-managehandovers-display-component---AddNewHO--typeSelect-1\"]"}
RESULT: {}
RESULT: {"using":"xpath","value":"//*[@id=\"__item728-application-managehandovers-display-component---AddNewHO--typeSelect-1\"]"}
COMMAND: POST /session/54ab07b6f3a83c27c29484349e99f848/element/f.59AB657FC34E9F51E6BD7341E7570555.d.FE23A602EA7584CDD6C29FF5B9030E4C.e.3201/click - {}
RESULT: {}
COMMAND: POST /session/54ab07b6f3a83c27c29484349e99f848/execute/async - {"script":"<script> [1562 bytes]","args":[{"selector":{"id":"application-managehandovers-display-component---AddNewHO--dueDate","interaction":{"idSuffix":"inner"}},"wdio_ui5_key":"applicationmanagehandovers-display-component---AddNewHO--dueDate"}]}
COMMAND: GET /session/54ab07b6f3a83c27c29484349e99f848/screenshot - {}
RESULT: {"script":"<script> [1562 bytes]","args":[{"selector":{"id":"application-managehandovers-display-component---AddNewHO--dueDate","interaction":{"idSuffix":"inner"}},"wdio_ui5_key":"applicationmanagehandovers-display-component---AddNewHO--dueDate"}]}
RESULT: undefined
COMMAND: POST /session/54ab07b6f3a83c27c29484349e99f848/element - {"using":"xpath","value":"//input[@id=\"generalSectionFrg--receiveYard-inner\"]"}
RESULT: {}
RESULT: {"using":"xpath","value":"//input[@id=\"generalSectionFrg--receiveYard-inner\"]"}
COMMAND: POST /session/54ab07b6f3a83c27c29484349e99f848/element/f.59AB657FC34E9F51E6BD7341E7570555.d.FE23A602EA7584CDD6C29FF5B9030E4C.e.3211/clear - {}
RESULT: {}
COMMAND: POST /session/54ab07b6f3a83c27c29484349e99f848/element/f.59AB657FC34E9F51E6BD7341E7570555.d.FE23A602EA7584CDD6C29FF5B9030E4C.e.3211/value - {"text":"106"}
COMMAND: GET /session/54ab07b6f3a83c27c29484349e99f848/screenshot - {}
RESULT: {"text":"106"}
COMMAND: GET /session/54ab07b6f3a83c27c29484349e99f848/screenshot - {}
RESULT: {}
RESULT: {}
COMMAND: POST /session/54ab07b6f3a83c27c29484349e99f848/element - {"using":"xpath","value":"//input[@id=\"application-managehandovers-display-component---AddNewHO--dueDate-inner\"]"}
RESULT: {"using":"xpath","value":"//input[@id=\"application-managehandovers-display-component---AddNewHO--dueDate-inner\"]"}
COMMAND: POST /session/54ab07b6f3a83c27c29484349e99f848/elements - {"using":"xpath","value":"//input[@id=\"application-managehandovers-display-component---AddNewHO--dueDate-inner\"]"}
RESULT: {"using":"xpath","value":"//input[@id=\"application-managehandovers-display-component---AddNewHO--dueDate-inner\"]"}
COMMAND: POST /session/54ab07b6f3a83c27c29484349e99f848/execute/sync - {"script":"<script> [8489 bytes]","args":[{"element-6066-11e4-a52e-4f735466cecf":"f.59AB657FC34E9F51E6BD7341E7570555.d.FE23A602EA7584CDD6C29FF5B9030E4C.e.3205","ELEMENT":"f.59AB657FC34E9F51E6BD7341E7570555.d.FE23A602EA7584CDD6C29FF5B9030E4C.e.3205"}]}
RESULT: {"script":"<script> [8489 bytes]","args":[{"element-6066-11e4-a52e-4f735466cecf":"f.59AB657FC34E9F51E6BD7341E7570555.d.FE23A602EA7584CDD6C29FF5B9030E4C.e.3205","ELEMENT":"f.59AB657FC34E9F51E6BD7341E7570555.d.FE23A602EA7584CDD6C29FF5B9030E4C.e.3205"}]}
COMMAND: GET /session/54ab07b6f3a83c27c29484349e99f848/element/f.59AB657FC34E9F51E6BD7341E7570555.d.FE23A602EA7584CDD6C29FF5B9030E4C.e.3205/enabled - {}
COMMAND: GET /session/54ab07b6f3a83c27c29484349e99f848/screenshot - {}
RESULT: {}
COMMAND: POST /session/54ab07b6f3a83c27c29484349e99f848/element/f.59AB657FC34E9F51E6BD7341E7570555.d.FE23A602EA7584CDD6C29FF5B9030E4C.e.3205/click - {}
COMMAND: GET /session/54ab07b6f3a83c27c29484349e99f848/screenshot - {}
RESULT: {}
RESULT: {}
COMMAND: POST /session/54ab07b6f3a83c27c29484349e99f848/element/f.59AB657FC34E9F51E6BD7341E7570555.d.FE23A602EA7584CDD6C29FF5B9030E4C.e.3205/clear - {}
COMMAND: GET /session/54ab07b6f3a83c27c29484349e99f848/screenshot - {}
RESULT: {}
RESULT: {}
COMMAND: POST /session/54ab07b6f3a83c27c29484349e99f848/element/f.59AB657FC34E9F51E6BD7341E7570555.d.FE23A602EA7584CDD6C29FF5B9030E4C.e.3205/clear - {}
COMMAND: GET /session/54ab07b6f3a83c27c29484349e99f848/screenshot - {}
RESULT: {}
RESULT: {}
COMMAND: POST /session/54ab07b6f3a83c27c29484349e99f848/element/f.59AB657FC34E9F51E6BD7341E7570555.d.FE23A602EA7584CDD6C29FF5B9030E4C.e.3205/value - {"text":"4/25/25"}
COMMAND: GET /session/54ab07b6f3a83c27c29484349e99f848/screenshot - {}
RESULT: {}
RESULT: {"text":"4/25/25"}
COMMAND: POST /session/54ab07b6f3a83c27c29484349e99f848/execute/async - {"script":"<script> [1562 bytes]","args":[{"selector":{"id":"application-managehandovers-display-component---AddNewHO--ObjectPageLayout-anchBar-application-managehandovers-display-component---AddNewHO--section4-anchor","interaction":{"idSuffix":"BDI-content"}},"wdio_ui5_key":"applicationmanagehandovers-display-component---AddNewHO--ObjectPageLayout-anchBar-application-managehandovers-display-component---AddNewHO--section4-anchor"}]}
COMMAND: GET /session/54ab07b6f3a83c27c29484349e99f848/screenshot - {}
RESULT: {}
RESULT: {"script":"<script> [1562 bytes]","args":[{"selector":{"id":"application-managehandovers-display-component---AddNewHO--ObjectPageLayout-anchBar-application-managehandovers-display-component---AddNewHO--section4-anchor","interaction":{"idSuffix":"BDI-content"}},"wdio_ui5_key":"applicationmanagehandovers-display-component---AddNewHO--ObjectPageLayout-anchBar-application-managehandovers-display-component---AddNewHO--section4-anchor"}]}
RESULT: undefined
COMMAND: POST /session/54ab07b6f3a83c27c29484349e99f848/element - {"using":"xpath","value":"//*[@id=\"application-managehandovers-display-component---AddNewHO--ObjectPageLayout-anchBar-application-managehandovers-display-component---AddNewHO--section4-anchor\"]"}
RESULT: {}
RESULT: {"using":"xpath","value":"//*[@id=\"application-managehandovers-display-component---AddNewHO--ObjectPageLayout-anchBar-application-managehandovers-display-component---AddNewHO--section4-anchor\"]"}
COMMAND: POST /session/54ab07b6f3a83c27c29484349e99f848/element/f.59AB657FC34E9F51E6BD7341E7570555.d.FE23A602EA7584CDD6C29FF5B9030E4C.e.3228/click - {}
RESULT: {}
COMMAND: POST /session/54ab07b6f3a83c27c29484349e99f848/execute/async - {"script":"<script> [1562 bytes]","args":[{"selector":{"controlType":"sap.ui.core.Icon","viewName":"etm.portal.ui.managehandovers.view.AddNewHO","viewId":"application-managehandovers-display-component---AddNewHO","properties":{"src":{"regex":{"source":"add"}}}},"wdio_ui5_key":"etmportal.ui.managehandovers.view.AddNewHOsap.ui.core.Icon{\"src\":{\"regex\":{\"source\":\"add\"}}}"}]}
COMMAND: GET /session/54ab07b6f3a83c27c29484349e99f848/screenshot - {}
RESULT: {"script":"<script> [1562 bytes]","args":[{"selector":{"controlType":"sap.ui.core.Icon","viewName":"etm.portal.ui.managehandovers.view.AddNewHO","viewId":"application-managehandovers-display-component---AddNewHO","properties":{"src":{"regex":{"source":"add"}}}},"wdio_ui5_key":"etmportal.ui.managehandovers.view.AddNewHOsap.ui.core.Icon{\"src\":{\"regex\":{\"source\":\"add\"}}}"}]}
RESULT: undefined
COMMAND: POST /session/54ab07b6f3a83c27c29484349e99f848/element - {"using":"xpath","value":"//*[@id=\"__button104-img\"]"}
RESULT: {}
RESULT: {"using":"xpath","value":"//*[@id=\"__button104-img\"]"}
COMMAND: POST /session/54ab07b6f3a83c27c29484349e99f848/element/f.59AB657FC34E9F51E6BD7341E7570555.d.FE23A602EA7584CDD6C29FF5B9030E4C.e.3232/click - {}
RESULT: {}
COMMAND: POST /session/54ab07b6f3a83c27c29484349e99f848/execute/async - {"script":"<script> [1562 bytes]","args":[{"selector":{"id":"application-managehandovers-display-component---AddNewHO--smartFilterBar-btnBasicSearch","searchOpenDialogs":true,"interaction":{"idSuffix":"I"}},"wdio_ui5_key":"applicationmanagehandovers-display-component---AddNewHO--smartFilterBar-btnBasicSearch"}]}
COMMAND: GET /session/54ab07b6f3a83c27c29484349e99f848/screenshot - {}
RESULT: {"script":"<script> [1562 bytes]","args":[{"selector":{"id":"application-managehandovers-display-component---AddNewHO--smartFilterBar-btnBasicSearch","searchOpenDialogs":true,"interaction":{"idSuffix":"I"}},"wdio_ui5_key":"applicationmanagehandovers-display-component---AddNewHO--smartFilterBar-btnBasicSearch"}]}
RESULT: undefined
COMMAND: POST /session/54ab07b6f3a83c27c29484349e99f848/execute/async - {"script":"<script> [776 bytes]","args":[{"enterText":"TransferYard","selector":{"id":"application-managehandovers-display-component---AddNewHO--smartFilterBar-btnBasicSearch","searchOpenDialogs":true,"interaction":{"idSuffix":"I"}},"clearTextFirst":true,"interactionType":"ENTER_TEXT"}]}
RESULT: {}
RESULT: {"script":"<script> [776 bytes]","args":[{"enterText":"TransferYard","selector":{"id":"application-managehandovers-display-component---AddNewHO--smartFilterBar-btnBasicSearch","searchOpenDialogs":true,"interaction":{"idSuffix":"I"}},"clearTextFirst":true,"interactionType":"ENTER_TEXT"}]}
COMMAND: POST /session/54ab07b6f3a83c27c29484349e99f848/actions - {"actions":[{"id":"action9","type":"key","parameters":{},"actions":[{"type":"keyDown","value":"î€‡"},{"type":"pause","duration":10},{"type":"keyUp","value":"î€‡"}]}]}
RESULT: {"actions":[{"id":"action9","type":"key","parameters":{},"actions":[{"type":"keyDown","value":"î€‡"},{"type":"pause","duration":10},{"type":"keyUp","value":"î€‡"}]}]}
COMMAND: POST /session/54ab07b6f3a83c27c29484349e99f848/execute/async - {"script":"<script> [1562 bytes]","args":[{"selector":{"id":"application-managehandovers-display-component---AddNewHO--popup-sa","searchOpenDialogs":true,"interaction":{"idSuffix":"CbBg"}},"wdio_ui5_key":"applicationmanagehandovers-display-component---AddNewHO--popup-sa"}]}
COMMAND: GET /session/54ab07b6f3a83c27c29484349e99f848/screenshot - {}
RESULT: {"script":"<script> [1562 bytes]","args":[{"selector":{"id":"application-managehandovers-display-component---AddNewHO--popup-sa","searchOpenDialogs":true,"interaction":{"idSuffix":"CbBg"}},"wdio_ui5_key":"applicationmanagehandovers-display-component---AddNewHO--popup-sa"}]}
RESULT: undefined
COMMAND: POST /session/54ab07b6f3a83c27c29484349e99f848/element - {"using":"xpath","value":"//*[@id=\"application-managehandovers-display-component---AddNewHO--popup-sa\"]"}
RESULT: {}
RESULT: {"using":"xpath","value":"//*[@id=\"application-managehandovers-display-component---AddNewHO--popup-sa\"]"}
COMMAND: POST /session/54ab07b6f3a83c27c29484349e99f848/element/f.59AB657FC34E9F51E6BD7341E7570555.d.FE23A602EA7584CDD6C29FF5B9030E4C.e.3382/click - {}
RESULT: {}
COMMAND: POST /session/54ab07b6f3a83c27c29484349e99f848/execute/async - {"script":"<script> [1562 bytes]","args":[{"selector":{"controlType":"sap.m.Button","viewName":"etm.portal.ui.managehandovers.view.AddNewHO","viewId":"application-managehandovers-display-component---AddNewHO","i18NText":{"propertyName":"text","key":"select"},"searchOpenDialogs":true,"interaction":{"idSuffix":"BDI-content"}},"wdio_ui5_key":"etmportal.ui.managehandovers.view.AddNewHOsap.m.Button{\"propertyName\":\"text\",\"key\":\"select\"}"}]}
COMMAND: GET /session/54ab07b6f3a83c27c29484349e99f848/screenshot - {}
RESULT: {"script":"<script> [1562 bytes]","args":[{"selector":{"controlType":"sap.m.Button","viewName":"etm.portal.ui.managehandovers.view.AddNewHO","viewId":"application-managehandovers-display-component---AddNewHO","i18NText":{"propertyName":"text","key":"select"},"searchOpenDialogs":true,"interaction":{"idSuffix":"BDI-content"}},"wdio_ui5_key":"etmportal.ui.managehandovers.view.AddNewHOsap.m.Button{\"propertyName\":\"text\",\"key\":\"select\"}"}]}
RESULT: undefined
COMMAND: POST /session/54ab07b6f3a83c27c29484349e99f848/element - {"using":"xpath","value":"//*[@id=\"__button107\"]"}
RESULT: {}
RESULT: {"using":"xpath","value":"//*[@id=\"__button107\"]"}
COMMAND: POST /session/54ab07b6f3a83c27c29484349e99f848/element/f.59AB657FC34E9F51E6BD7341E7570555.d.FE23A602EA7584CDD6C29FF5B9030E4C.e.3384/click - {}
RESULT: {}
COMMAND: GET /session/54ab07b6f3a83c27c29484349e99f848/screenshot - {}
RESULT: {}
COMMAND: POST /session/54ab07b6f3a83c27c29484349e99f848/execute/async - {"script":"<script> [1562 bytes]","args":[{"selector":{"controlType":"sap.m.Input","viewName":"etm.portal.ui.managehandovers.view.AddNewHO","viewId":"application-managehandovers-display-component---AddNewHO","bindingPath":{"path":"/items/0","propertyPath":"TYPE","modelName":"hoItemsModel"},"interaction":{"idSuffix":"inner"}},"wdio_ui5_key":"etmportal.ui.managehandovers.view.AddNewHOsap.m.Input{\"path\":\"/items/0\",\"propertyPath\":\"TYPE\",\"modelName\":\"hoItemsModel\"}"}]}
RESULT: {"script":"<script> [1562 bytes]","args":[{"selector":{"controlType":"sap.m.Input","viewName":"etm.portal.ui.managehandovers.view.AddNewHO","viewId":"application-managehandovers-display-component---AddNewHO","bindingPath":{"path":"/items/0","propertyPath":"TYPE","modelName":"hoItemsModel"},"interaction":{"idSuffix":"inner"}},"wdio_ui5_key":"etmportal.ui.managehandovers.view.AddNewHOsap.m.Input{\"path\":\"/items/0\",\"propertyPath\":\"TYPE\",\"modelName\":\"hoItemsModel\"}"}]}
RESULT: undefined
COMMAND: POST /session/54ab07b6f3a83c27c29484349e99f848/execute/async - {"script":"<script> [776 bytes]","args":[{"enterText":"100","selector":{"controlType":"sap.m.Input","viewName":"etm.portal.ui.managehandovers.view.AddNewHO","viewId":"application-managehandovers-display-component---AddNewHO","bindingPath":{"path":"/items/0","propertyPath":"TYPE","modelName":"hoItemsModel"},"interaction":{"idSuffix":"inner"}},"clearTextFirst":true,"interactionType":"ENTER_TEXT"}]}
RESULT: {"script":"<script> [776 bytes]","args":[{"enterText":"100","selector":{"controlType":"sap.m.Input","viewName":"etm.portal.ui.managehandovers.view.AddNewHO","viewId":"application-managehandovers-display-component---AddNewHO","bindingPath":{"path":"/items/0","propertyPath":"TYPE","modelName":"hoItemsModel"},"interaction":{"idSuffix":"inner"}},"clearTextFirst":true,"interactionType":"ENTER_TEXT"}]}
COMMAND: POST /session/54ab07b6f3a83c27c29484349e99f848/execute/async - {"script":"<script> [1562 bytes]","args":[{"selector":{"id":"application-managehandovers-display-component---AddNewHO--confirmCreationButton","interaction":{"idSuffix":"BDI-content"}},"wdio_ui5_key":"applicationmanagehandovers-display-component---AddNewHO--confirmCreationButton"}]}
RESULT: {"script":"<script> [1562 bytes]","args":[{"selector":{"id":"application-managehandovers-display-component---AddNewHO--confirmCreationButton","interaction":{"idSuffix":"BDI-content"}},"wdio_ui5_key":"applicationmanagehandovers-display-component---AddNewHO--confirmCreationButton"}]}
RESULT: undefined
COMMAND: POST /session/54ab07b6f3a83c27c29484349e99f848/element - {"using":"xpath","value":"//*[@id=\"application-managehandovers-display-component---AddNewHO--confirmCreationButton\"]"}
RESULT: {"using":"xpath","value":"//*[@id=\"application-managehandovers-display-component---AddNewHO--confirmCreationButton\"]"}
COMMAND: POST /session/54ab07b6f3a83c27c29484349e99f848/element/f.59AB657FC34E9F51E6BD7341E7570555.d.FE23A602EA7584CDD6C29FF5B9030E4C.e.3399/click - {}
RESULT: {}
COMMAND: GET /session/54ab07b6f3a83c27c29484349e99f848/screenshot - {}
RESULT: {}
COMMAND: POST /session/54ab07b6f3a83c27c29484349e99f848/execute/async - {"script":"<script> [1562 bytes]","args":[{"selector":{"controlType":"sap.m.Button","viewName":"etm.portal.ui.managehandovers.view.DetailExecuteHO","i18NText":{"propertyName":"text","key":"confirmAll"},"interaction":{"idSuffix":"BDI-content"}},"wdio_ui5_key":"etmportal.ui.managehandovers.view.DetailExecuteHOsap.m.Button{\"propertyName\":\"text\",\"key\":\"confirmAll\"}"}]}
RESULT: {"script":"<script> [1562 bytes]","args":[{"selector":{"controlType":"sap.m.Button","viewName":"etm.portal.ui.managehandovers.view.DetailExecuteHO","i18NText":{"propertyName":"text","key":"confirmAll"},"interaction":{"idSuffix":"BDI-content"}},"wdio_ui5_key":"etmportal.ui.managehandovers.view.DetailExecuteHOsap.m.Button{\"propertyName\":\"text\",\"key\":\"confirmAll\"}"}]}
RESULT: undefined
COMMAND: POST /session/54ab07b6f3a83c27c29484349e99f848/element - {"using":"xpath","value":"//*[@id=\"__button136\"]"}
RESULT: {"using":"xpath","value":"//*[@id=\"__button136\"]"}
COMMAND: POST /session/54ab07b6f3a83c27c29484349e99f848/element/f.59AB657FC34E9F51E6BD7341E7570555.d.FE23A602EA7584CDD6C29FF5B9030E4C.e.3451/click - {}
RESULT: {}
COMMAND: POST /session/54ab07b6f3a83c27c29484349e99f848/execute/async - {"script":"<script> [1562 bytes]","args":[{"selector":{"controlType":"sap.m.Button","properties":{"text":"OK"},"searchOpenDialogs":true,"interaction":{"idSuffix":"BDI-content"}},"wdio_ui5_key":"sapm.Button{\"text\":\"OK\"}"}]}
COMMAND: GET /session/54ab07b6f3a83c27c29484349e99f848/screenshot - {}
RESULT: {"script":"<script> [1562 bytes]","args":[{"selector":{"controlType":"sap.m.Button","properties":{"text":"OK"},"searchOpenDialogs":true,"interaction":{"idSuffix":"BDI-content"}},"wdio_ui5_key":"sapm.Button{\"text\":\"OK\"}"}]}
RESULT: undefined
COMMAND: POST /session/54ab07b6f3a83c27c29484349e99f848/element - {"using":"xpath","value":"//*[@id=\"__mbox-btn-2\"]"}
RESULT: {}
RESULT: {"using":"xpath","value":"//*[@id=\"__mbox-btn-2\"]"}
COMMAND: POST /session/54ab07b6f3a83c27c29484349e99f848/element/f.59AB657FC34E9F51E6BD7341E7570555.d.FE23A602EA7584CDD6C29FF5B9030E4C.e.3452/click - {}
RESULT: {}
COMMAND: GET /session/54ab07b6f3a83c27c29484349e99f848/screenshot - {}
RESULT: {}
COMMAND: POST /session/54ab07b6f3a83c27c29484349e99f848/element - {"using":"xpath","value":"//input[contains(@id, \"receiptDatePicker-inner\")]"}
RESULT: {"using":"xpath","value":"//input[contains(@id, \"receiptDatePicker-inner\")]"}
COMMAND: POST /session/54ab07b6f3a83c27c29484349e99f848/elements - {"using":"xpath","value":"//input[contains(@id, \"receiptDatePicker-inner\")]"}
RESULT: {"using":"xpath","value":"//input[contains(@id, \"receiptDatePicker-inner\")]"}
COMMAND: POST /session/54ab07b6f3a83c27c29484349e99f848/execute/sync - {"script":"<script> [8489 bytes]","args":[{"element-6066-11e4-a52e-4f735466cecf":"f.59AB657FC34E9F51E6BD7341E7570555.d.FE23A602EA7584CDD6C29FF5B9030E4C.e.3430","ELEMENT":"f.59AB657FC34E9F51E6BD7341E7570555.d.FE23A602EA7584CDD6C29FF5B9030E4C.e.3430"}]}
RESULT: {"script":"<script> [8489 bytes]","args":[{"element-6066-11e4-a52e-4f735466cecf":"f.59AB657FC34E9F51E6BD7341E7570555.d.FE23A602EA7584CDD6C29FF5B9030E4C.e.3430","ELEMENT":"f.59AB657FC34E9F51E6BD7341E7570555.d.FE23A602EA7584CDD6C29FF5B9030E4C.e.3430"}]}
COMMAND: GET /session/54ab07b6f3a83c27c29484349e99f848/element/f.59AB657FC34E9F51E6BD7341E7570555.d.FE23A602EA7584CDD6C29FF5B9030E4C.e.3430/enabled - {}
COMMAND: GET /session/54ab07b6f3a83c27c29484349e99f848/screenshot - {}
RESULT: {}
COMMAND: POST /session/54ab07b6f3a83c27c29484349e99f848/element/f.59AB657FC34E9F51E6BD7341E7570555.d.FE23A602EA7584CDD6C29FF5B9030E4C.e.3430/click - {}
COMMAND: GET /session/54ab07b6f3a83c27c29484349e99f848/screenshot - {}
RESULT: {}
RESULT: {}
COMMAND: POST /session/54ab07b6f3a83c27c29484349e99f848/element/f.59AB657FC34E9F51E6BD7341E7570555.d.FE23A602EA7584CDD6C29FF5B9030E4C.e.3430/clear - {}
COMMAND: GET /session/54ab07b6f3a83c27c29484349e99f848/screenshot - {}
RESULT: {}
RESULT: {}
COMMAND: POST /session/54ab07b6f3a83c27c29484349e99f848/element/f.59AB657FC34E9F51E6BD7341E7570555.d.FE23A602EA7584CDD6C29FF5B9030E4C.e.3430/clear - {}
COMMAND: GET /session/54ab07b6f3a83c27c29484349e99f848/screenshot - {}
RESULT: {}
RESULT: {}
COMMAND: POST /session/54ab07b6f3a83c27c29484349e99f848/element/f.59AB657FC34E9F51E6BD7341E7570555.d.FE23A602EA7584CDD6C29FF5B9030E4C.e.3430/value - {"text":"4/25/25"}
COMMAND: GET /session/54ab07b6f3a83c27c29484349e99f848/screenshot - {}
RESULT: {}
RESULT: {"text":"4/25/25"}
COMMAND: POST /session/54ab07b6f3a83c27c29484349e99f848/execute/async - {"script":"<script> [1562 bytes]","args":[{"selector":{"id":"confirmationButton","viewName":"etm.portal.ui.managehandovers.view.DetailExecuteHO","interaction":{"idSuffix":"BDI-content"}},"wdio_ui5_key":"confirmationButtonetmportal.ui.managehandovers.view.DetailExecuteHO"}]}
COMMAND: GET /session/54ab07b6f3a83c27c29484349e99f848/screenshot - {}
RESULT: {}
RESULT: {"script":"<script> [1562 bytes]","args":[{"selector":{"id":"confirmationButton","viewName":"etm.portal.ui.managehandovers.view.DetailExecuteHO","interaction":{"idSuffix":"BDI-content"}},"wdio_ui5_key":"confirmationButtonetmportal.ui.managehandovers.view.DetailExecuteHO"}]}
RESULT: undefined
RESULT: {}
]]></system-out>
    </testcase>
  </testsuite>
  <testsuite timestamp="2025-04-25T17:05:37" time="129.57" tests="3" failures="3" errors="3" skipped="0">
    <properties>
      <property name="specId" value="0" />
      <property name="suiteName" value="Create bundle US131067" />
      <property name="capabilities" value="chrome.135_0_7049_96.windows" />
      <property name="file" value="file:///D:/a/1/s/test/specs/HTR/create-bundle-replenishment.spec.js" />
    </properties>
  </testsuite>
  <testsuite timestamp="2025-04-25T17:07:46" time="133.237" tests="1" failures="1" errors="1" skipped="0">
    <properties>
      <property name="specId" value="0" />
      <property name="suiteName" value="Create Replenishment US131070" />
      <property name="capabilities" value="chrome.135_0_7049_96.windows" />
      <property name="file" value="file:///D:/a/1/s/test/specs/HTR/create-bundle-replenishment.spec.js" />
    </properties>
  </testsuite>
  <testsuite timestamp="2025-04-25T17:09:59" time="286.506" tests="3" failures="1" errors="1" skipped="0">
    <properties>
      <property name="specId" value="0" />
      <property name="suiteName" value="Yard Overview Autoplanning US130989" />
      <property name="capabilities" value="chrome.135_0_7049_96.windows" />
      <property name="file" value="file:///D:/a/1/s/test/specs/HTR/yard-overview-autoplanning.spec.js" />
    </properties>
    <testcase classname="chrome.135_0_7049_96.windows.Yard_Overview_Autoplanning_US130989" name="Should create a new Material" time="106.239">
      <system-out><![CDATA[
COMMAND: POST /session/54ab07b6f3a83c27c29484349e99f848/execute/async - {"script":"<script> [1562 bytes]","args":[{"selector":{"controlType":"sap.m.GenericTile","properties":{"header":"Manage Resources"}},"wdio_ui5_key":"sapm.GenericTile{\"header\":\"Manage Resources\"}"}]}
RESULT: {}
RESULT: {"script":"<script> [1562 bytes]","args":[{"selector":{"controlType":"sap.m.GenericTile","properties":{"header":"Manage Resources"}},"wdio_ui5_key":"sapm.GenericTile{\"header\":\"Manage Resources\"}"}]}
RESULT: undefined
COMMAND: POST /session/54ab07b6f3a83c27c29484349e99f848/element - {"using":"xpath","value":"//*[@id=\"__tile31\"]"}
RESULT: {"using":"xpath","value":"//*[@id=\"__tile31\"]"}
COMMAND: POST /session/54ab07b6f3a83c27c29484349e99f848/element/f.59AB657FC34E9F51E6BD7341E7570555.d.EC646679A0B8FAEBD5582C6A59427745.e.4463/click - {}
RESULT: {}
COMMAND: GET /session/54ab07b6f3a83c27c29484349e99f848/screenshot - {}
RESULT: {}
COMMAND: POST /session/54ab07b6f3a83c27c29484349e99f848/execute/async - {"script":"<script> [1562 bytes]","args":[{"selector":{"controlType":"sap.ui.core.Icon","viewName":"etm.portal.ui.manageresources.view.Master","viewId":"application-manageresources-display-component---masterRU","properties":{"src":{"regex":{"source":"add"}}}},"wdio_ui5_key":"etmportal.ui.manageresources.view.Mastersap.ui.core.Icon{\"src\":{\"regex\":{\"source\":\"add\"}}}"}]}
RESULT: {"script":"<script> [1562 bytes]","args":[{"selector":{"controlType":"sap.ui.core.Icon","viewName":"etm.portal.ui.manageresources.view.Master","viewId":"application-manageresources-display-component---masterRU","properties":{"src":{"regex":{"source":"add"}}}},"wdio_ui5_key":"etmportal.ui.manageresources.view.Mastersap.ui.core.Icon{\"src\":{\"regex\":{\"source\":\"add\"}}}"}]}
RESULT: undefined
COMMAND: POST /session/54ab07b6f3a83c27c29484349e99f848/element - {"using":"xpath","value":"//*[@id=\"__button5-img\"]"}
RESULT: {"using":"xpath","value":"//*[@id=\"__button5-img\"]"}
COMMAND: POST /session/54ab07b6f3a83c27c29484349e99f848/element/f.59AB657FC34E9F51E6BD7341E7570555.d.EC646679A0B8FAEBD5582C6A59427745.e.4602/click - {}
RESULT: {}
COMMAND: GET /session/54ab07b6f3a83c27c29484349e99f848/screenshot - {}
RESULT: {}
COMMAND: POST /session/54ab07b6f3a83c27c29484349e99f848/execute/async - {"script":"<script> [1562 bytes]","args":[{"selector":{"id":"application-manageresources-display-component---newResourceUnit--TYPE-arrow"},"wdio_ui5_key":"applicationmanageresources-display-component---newResourceUnit--TYPE-arrow"}]}
RESULT: {"script":"<script> [1562 bytes]","args":[{"selector":{"id":"application-manageresources-display-component---newResourceUnit--TYPE-arrow"},"wdio_ui5_key":"applicationmanageresources-display-component---newResourceUnit--TYPE-arrow"}]}
RESULT: undefined
COMMAND: POST /session/54ab07b6f3a83c27c29484349e99f848/element - {"using":"xpath","value":"//*[@id=\"application-manageresources-display-component---newResourceUnit--TYPE-arrow\"]"}
RESULT: {"using":"xpath","value":"//*[@id=\"application-manageresources-display-component---newResourceUnit--TYPE-arrow\"]"}
COMMAND: POST /session/54ab07b6f3a83c27c29484349e99f848/element/f.59AB657FC34E9F51E6BD7341E7570555.d.EC646679A0B8FAEBD5582C6A59427745.e.4923/click - {}
RESULT: {}
COMMAND: POST /session/54ab07b6f3a83c27c29484349e99f848/execute/async - {"script":"<script> [1562 bytes]","args":[{"selector":{"controlType":"sap.m.StandardListItem","viewName":"reusables.view.manageresources.NewResourceUnit","viewId":"application-manageresources-display-component---newResourceUnit","properties":{"title":"Material"},"searchOpenDialogs":true,"interaction":{"idSuffix":"titleText"}},"wdio_ui5_key":"reusablesview.manageresources.NewResourceUnitsap.m.StandardListItem{\"title\":\"Material\"}"}]}
COMMAND: GET /session/54ab07b6f3a83c27c29484349e99f848/screenshot - {}
RESULT: {"script":"<script> [1562 bytes]","args":[{"selector":{"controlType":"sap.m.StandardListItem","viewName":"reusables.view.manageresources.NewResourceUnit","viewId":"application-manageresources-display-component---newResourceUnit","properties":{"title":"Material"},"searchOpenDialogs":true,"interaction":{"idSuffix":"titleText"}},"wdio_ui5_key":"reusablesview.manageresources.NewResourceUnitsap.m.StandardListItem{\"title\":\"Material\"}"}]}
RESULT: undefined
COMMAND: POST /session/54ab07b6f3a83c27c29484349e99f848/element - {"using":"xpath","value":"//*[@id=\"__item142\"]"}
RESULT: {}
RESULT: {"using":"xpath","value":"//*[@id=\"__item142\"]"}
COMMAND: POST /session/54ab07b6f3a83c27c29484349e99f848/element/f.59AB657FC34E9F51E6BD7341E7570555.d.EC646679A0B8FAEBD5582C6A59427745.e.4926/click - {}
RESULT: {}
COMMAND: GET /session/54ab07b6f3a83c27c29484349e99f848/screenshot - {}
RESULT: {}
COMMAND: POST /session/54ab07b6f3a83c27c29484349e99f848/execute/async - {"script":"<script> [1562 bytes]","args":[{"selector":{"id":"application-manageresources-display-component---newResourceUnit--SHORT_TEXT","interaction":{"idSuffix":"inner"}},"wdio_ui5_key":"applicationmanageresources-display-component---newResourceUnit--SHORT_TEXT"}]}
RESULT: {"script":"<script> [1562 bytes]","args":[{"selector":{"id":"application-manageresources-display-component---newResourceUnit--SHORT_TEXT","interaction":{"idSuffix":"inner"}},"wdio_ui5_key":"applicationmanageresources-display-component---newResourceUnit--SHORT_TEXT"}]}
RESULT: undefined
COMMAND: POST /session/54ab07b6f3a83c27c29484349e99f848/execute/async - {"script":"<script> [776 bytes]","args":[{"enterText":"AutoplanYOmaterial","selector":{"id":"application-manageresources-display-component---newResourceUnit--SHORT_TEXT","interaction":{"idSuffix":"inner"}},"clearTextFirst":true,"interactionType":"ENTER_TEXT"}]}
RESULT: {"script":"<script> [776 bytes]","args":[{"enterText":"AutoplanYOmaterial","selector":{"id":"application-manageresources-display-component---newResourceUnit--SHORT_TEXT","interaction":{"idSuffix":"inner"}},"clearTextFirst":true,"interactionType":"ENTER_TEXT"}]}
COMMAND: POST /session/54ab07b6f3a83c27c29484349e99f848/execute/async - {"script":"<script> [1562 bytes]","args":[{"selector":{"id":"application-manageresources-display-component---newResourceUnit--BASE_UNIT_OF_MEASURE","interaction":{"idSuffix":"inner"}},"wdio_ui5_key":"applicationmanageresources-display-component---newResourceUnit--BASE_UNIT_OF_MEASURE"}]}
RESULT: {"script":"<script> [1562 bytes]","args":[{"selector":{"id":"application-manageresources-display-component---newResourceUnit--BASE_UNIT_OF_MEASURE","interaction":{"idSuffix":"inner"}},"wdio_ui5_key":"applicationmanageresources-display-component---newResourceUnit--BASE_UNIT_OF_MEASURE"}]}
RESULT: undefined
COMMAND: POST /session/54ab07b6f3a83c27c29484349e99f848/execute/async - {"script":"<script> [776 bytes]","args":[{"enterText":"Piece","selector":{"id":"application-manageresources-display-component---newResourceUnit--BASE_UNIT_OF_MEASURE","interaction":{"idSuffix":"inner"}},"clearTextFirst":true,"interactionType":"ENTER_TEXT"}]}
RESULT: {"script":"<script> [776 bytes]","args":[{"enterText":"Piece","selector":{"id":"application-manageresources-display-component---newResourceUnit--BASE_UNIT_OF_MEASURE","interaction":{"idSuffix":"inner"}},"clearTextFirst":true,"interactionType":"ENTER_TEXT"}]}
COMMAND: POST /session/54ab07b6f3a83c27c29484349e99f848/execute/async - {"script":"<script> [1562 bytes]","args":[{"selector":{"id":"application-manageresources-display-component---newResourceUnit--WEIGHT_UNIT","interaction":{"idSuffix":"inner"}},"wdio_ui5_key":"applicationmanageresources-display-component---newResourceUnit--WEIGHT_UNIT"}]}
RESULT: {"script":"<script> [1562 bytes]","args":[{"selector":{"id":"application-manageresources-display-component---newResourceUnit--WEIGHT_UNIT","interaction":{"idSuffix":"inner"}},"wdio_ui5_key":"applicationmanageresources-display-component---newResourceUnit--WEIGHT_UNIT"}]}
RESULT: undefined
COMMAND: POST /session/54ab07b6f3a83c27c29484349e99f848/execute/async - {"script":"<script> [776 bytes]","args":[{"enterText":"Gram","selector":{"id":"application-manageresources-display-component---newResourceUnit--WEIGHT_UNIT","interaction":{"idSuffix":"inner"}},"clearTextFirst":true,"interactionType":"ENTER_TEXT"}]}
RESULT: {"script":"<script> [776 bytes]","args":[{"enterText":"Gram","selector":{"id":"application-manageresources-display-component---newResourceUnit--WEIGHT_UNIT","interaction":{"idSuffix":"inner"}},"clearTextFirst":true,"interactionType":"ENTER_TEXT"}]}
COMMAND: POST /session/54ab07b6f3a83c27c29484349e99f848/execute/async - {"script":"<script> [1562 bytes]","args":[{"selector":{"id":"application-manageresources-display-component---newResourceUnit--DIMENSION_UNIT","interaction":{"idSuffix":"inner"}},"wdio_ui5_key":"applicationmanageresources-display-component---newResourceUnit--DIMENSION_UNIT"}]}
RESULT: {"script":"<script> [1562 bytes]","args":[{"selector":{"id":"application-manageresources-display-component---newResourceUnit--DIMENSION_UNIT","interaction":{"idSuffix":"inner"}},"wdio_ui5_key":"applicationmanageresources-display-component---newResourceUnit--DIMENSION_UNIT"}]}
RESULT: undefined
COMMAND: POST /session/54ab07b6f3a83c27c29484349e99f848/execute/async - {"script":"<script> [776 bytes]","args":[{"enterText":"Meter","selector":{"id":"application-manageresources-display-component---newResourceUnit--DIMENSION_UNIT","interaction":{"idSuffix":"inner"}},"clearTextFirst":true,"interactionType":"ENTER_TEXT"}]}
RESULT: {"script":"<script> [776 bytes]","args":[{"enterText":"Meter","selector":{"id":"application-manageresources-display-component---newResourceUnit--DIMENSION_UNIT","interaction":{"idSuffix":"inner"}},"clearTextFirst":true,"interactionType":"ENTER_TEXT"}]}
COMMAND: POST /session/54ab07b6f3a83c27c29484349e99f848/execute/async - {"script":"<script> [1562 bytes]","args":[{"selector":{"id":"application-manageresources-display-component---newResourceUnit--PLANNING_GROUP","interaction":{"idSuffix":"inner"}},"wdio_ui5_key":"applicationmanageresources-display-component---newResourceUnit--PLANNING_GROUP"}]}
RESULT: {"script":"<script> [1562 bytes]","args":[{"selector":{"id":"application-manageresources-display-component---newResourceUnit--PLANNING_GROUP","interaction":{"idSuffix":"inner"}},"wdio_ui5_key":"applicationmanageresources-display-component---newResourceUnit--PLANNING_GROUP"}]}
RESULT: undefined
COMMAND: POST /session/54ab07b6f3a83c27c29484349e99f848/execute/async - {"script":"<script> [776 bytes]","args":[{"enterText":"Heavy","selector":{"id":"application-manageresources-display-component---newResourceUnit--PLANNING_GROUP","interaction":{"idSuffix":"inner"}},"clearTextFirst":true,"interactionType":"ENTER_TEXT"}]}
RESULT: {"script":"<script> [776 bytes]","args":[{"enterText":"Heavy","selector":{"id":"application-manageresources-display-component---newResourceUnit--PLANNING_GROUP","interaction":{"idSuffix":"inner"}},"clearTextFirst":true,"interactionType":"ENTER_TEXT"}]}
COMMAND: POST /session/54ab07b6f3a83c27c29484349e99f848/execute/async - {"script":"<script> [1562 bytes]","args":[{"selector":{"id":"application-manageresources-display-component---newResourceUnit--PLANNING_INDICATOR","interaction":{"idSuffix":"inner"}},"wdio_ui5_key":"applicationmanageresources-display-component---newResourceUnit--PLANNING_INDICATOR"}]}
RESULT: {"script":"<script> [1562 bytes]","args":[{"selector":{"id":"application-manageresources-display-component---newResourceUnit--PLANNING_INDICATOR","interaction":{"idSuffix":"inner"}},"wdio_ui5_key":"applicationmanageresources-display-component---newResourceUnit--PLANNING_INDICATOR"}]}
RESULT: undefined
COMMAND: POST /session/54ab07b6f3a83c27c29484349e99f848/execute/async - {"script":"<script> [776 bytes]","args":[{"enterText":"10 - infinite","selector":{"id":"application-manageresources-display-component---newResourceUnit--PLANNING_INDICATOR","interaction":{"idSuffix":"inner"}},"clearTextFirst":true,"interactionType":"ENTER_TEXT"}]}
RESULT: {"script":"<script> [776 bytes]","args":[{"enterText":"10 - infinite","selector":{"id":"application-manageresources-display-component---newResourceUnit--PLANNING_INDICATOR","interaction":{"idSuffix":"inner"}},"clearTextFirst":true,"interactionType":"ENTER_TEXT"}]}
COMMAND: POST /session/54ab07b6f3a83c27c29484349e99f848/actions - {"actions":[{"id":"action12","type":"key","parameters":{},"actions":[{"type":"keyDown","value":"î€‡"},{"type":"pause","duration":10},{"type":"keyUp","value":"î€‡"}]}]}
RESULT: {"actions":[{"id":"action12","type":"key","parameters":{},"actions":[{"type":"keyDown","value":"î€‡"},{"type":"pause","duration":10},{"type":"keyUp","value":"î€‡"}]}]}
COMMAND: POST /session/54ab07b6f3a83c27c29484349e99f848/execute/async - {"script":"<script> [1562 bytes]","args":[{"selector":{"id":"application-manageresources-display-component---newResourceUnit--newRRUPage-anchBar-application-manageresources-display-component---newResourceUnit--control-anchor","interaction":{"idSuffix":"BDI-content"}},"wdio_ui5_key":"applicationmanageresources-display-component---newResourceUnit--newRRUPage-anchBar-application-manageresources-display-component---newResourceUnit--control-anchor"}]}
COMMAND: GET /session/54ab07b6f3a83c27c29484349e99f848/screenshot - {}
RESULT: {"script":"<script> [1562 bytes]","args":[{"selector":{"id":"application-manageresources-display-component---newResourceUnit--newRRUPage-anchBar-application-manageresources-display-component---newResourceUnit--control-anchor","interaction":{"idSuffix":"BDI-content"}},"wdio_ui5_key":"applicationmanageresources-display-component---newResourceUnit--newRRUPage-anchBar-application-manageresources-display-component---newResourceUnit--control-anchor"}]}
RESULT: undefined
COMMAND: POST /session/54ab07b6f3a83c27c29484349e99f848/element - {"using":"xpath","value":"//*[@id=\"application-manageresources-display-component---newResourceUnit--newRRUPage-anchBar-application-manageresources-display-component---newResourceUnit--control-anchor\"]"}
RESULT: {}
RESULT: {"using":"xpath","value":"//*[@id=\"application-manageresources-display-component---newResourceUnit--newRRUPage-anchBar-application-manageresources-display-component---newResourceUnit--control-anchor\"]"}
COMMAND: POST /session/54ab07b6f3a83c27c29484349e99f848/element/f.59AB657FC34E9F51E6BD7341E7570555.d.EC646679A0B8FAEBD5582C6A59427745.e.4998/click - {}
RESULT: {}
COMMAND: POST /session/54ab07b6f3a83c27c29484349e99f848/execute/async - {"script":"<script> [1562 bytes]","args":[{"selector":{"id":"application-manageresources-display-component---newResourceUnit--btnAddTimeSegment-img"},"wdio_ui5_key":"applicationmanageresources-display-component---newResourceUnit--btnAddTimeSegment-img"}]}
COMMAND: GET /session/54ab07b6f3a83c27c29484349e99f848/screenshot - {}
RESULT: {"script":"<script> [1562 bytes]","args":[{"selector":{"id":"application-manageresources-display-component---newResourceUnit--btnAddTimeSegment-img"},"wdio_ui5_key":"applicationmanageresources-display-component---newResourceUnit--btnAddTimeSegment-img"}]}
RESULT: undefined
COMMAND: POST /session/54ab07b6f3a83c27c29484349e99f848/element - {"using":"xpath","value":"//*[@id=\"application-manageresources-display-component---newResourceUnit--btnAddTimeSegment-img\"]"}
RESULT: {}
RESULT: {"using":"xpath","value":"//*[@id=\"application-manageresources-display-component---newResourceUnit--btnAddTimeSegment-img\"]"}
COMMAND: POST /session/54ab07b6f3a83c27c29484349e99f848/element/f.59AB657FC34E9F51E6BD7341E7570555.d.EC646679A0B8FAEBD5582C6A59427745.e.5002/click - {}
RESULT: {}
COMMAND: POST /session/54ab07b6f3a83c27c29484349e99f848/element - {"using":"xpath","value":"//input[@id=\"application-manageresources-display-component---newResourceUnit--idRuTSAdmin-application-manageresources-display-component---newResourceUnit--RUTimeSegment-0-inner\"]"}
COMMAND: GET /session/54ab07b6f3a83c27c29484349e99f848/screenshot - {}
RESULT: {}
RESULT: {"using":"xpath","value":"//input[@id=\"application-manageresources-display-component---newResourceUnit--idRuTSAdmin-application-manageresources-display-component---newResourceUnit--RUTimeSegment-0-inner\"]"}
COMMAND: POST /session/54ab07b6f3a83c27c29484349e99f848/element/f.59AB657FC34E9F51E6BD7341E7570555.d.EC646679A0B8FAEBD5582C6A59427745.e.5005/clear - {}
RESULT: {}
COMMAND: POST /session/54ab07b6f3a83c27c29484349e99f848/element/f.59AB657FC34E9F51E6BD7341E7570555.d.EC646679A0B8FAEBD5582C6A59427745.e.5005/value - {"text":"Webdriver Yard"}
COMMAND: GET /session/54ab07b6f3a83c27c29484349e99f848/screenshot - {}
RESULT: {"text":"Webdriver Yard"}
COMMAND: GET /session/54ab07b6f3a83c27c29484349e99f848/screenshot - {}
RESULT: {}
RESULT: {}
COMMAND: POST /session/54ab07b6f3a83c27c29484349e99f848/actions - {"actions":[{"id":"action13","type":"key","parameters":{},"actions":[{"type":"keyDown","value":"î€‡"},{"type":"pause","duration":10},{"type":"keyUp","value":"î€‡"}]}]}
RESULT: {"actions":[{"id":"action13","type":"key","parameters":{},"actions":[{"type":"keyDown","value":"î€‡"},{"type":"pause","duration":10},{"type":"keyUp","value":"î€‡"}]}]}
COMMAND: GET /session/54ab07b6f3a83c27c29484349e99f848/screenshot - {}
RESULT: {}
COMMAND: POST /session/54ab07b6f3a83c27c29484349e99f848/element - {"using":"xpath","value":"//*[contains(text(), \"Catalogs\")][contains(@id ,\"application-manageresources-display-component---newResourceUnit--newRRUPage-anchBar\")]"}
RESULT: {"using":"xpath","value":"//*[contains(text(), \"Catalogs\")][contains(@id ,\"application-manageresources-display-component---newResourceUnit--newRRUPage-anchBar\")]"}
COMMAND: POST /session/54ab07b6f3a83c27c29484349e99f848/element/f.59AB657FC34E9F51E6BD7341E7570555.d.EC646679A0B8FAEBD5582C6A59427745.e.5016/click - {}
RESULT: {}
COMMAND: GET /session/54ab07b6f3a83c27c29484349e99f848/screenshot - {}
RESULT: {}
COMMAND: POST /session/54ab07b6f3a83c27c29484349e99f848/element - {"using":"xpath","value":"//*[contains(text(), \"Assign\")][contains(@id ,\"button\")]"}
RESULT: {"using":"xpath","value":"//*[contains(text(), \"Assign\")][contains(@id ,\"button\")]"}
COMMAND: POST /session/54ab07b6f3a83c27c29484349e99f848/element/f.59AB657FC34E9F51E6BD7341E7570555.d.EC646679A0B8FAEBD5582C6A59427745.e.5021/click - {}
RESULT: {}
COMMAND: GET /session/54ab07b6f3a83c27c29484349e99f848/screenshot - {}
RESULT: {}
COMMAND: POST /session/54ab07b6f3a83c27c29484349e99f848/element - {"using":"xpath","value":"//input[@id=\"application-manageresources-display-component---newResourceUnit--catalogSelect-inner\"]"}
RESULT: {"using":"xpath","value":"//input[@id=\"application-manageresources-display-component---newResourceUnit--catalogSelect-inner\"]"}
COMMAND: POST /session/54ab07b6f3a83c27c29484349e99f848/element/f.59AB657FC34E9F51E6BD7341E7570555.d.EC646679A0B8FAEBD5582C6A59427745.e.5023/clear - {}
RESULT: {}
COMMAND: POST /session/54ab07b6f3a83c27c29484349e99f848/element/f.59AB657FC34E9F51E6BD7341E7570555.d.EC646679A0B8FAEBD5582C6A59427745.e.5023/value - {"text":"Webshop"}
COMMAND: GET /session/54ab07b6f3a83c27c29484349e99f848/screenshot - {}
RESULT: {"text":"Webshop"}
COMMAND: GET /session/54ab07b6f3a83c27c29484349e99f848/screenshot - {}
RESULT: {}
RESULT: {}
COMMAND: POST /session/54ab07b6f3a83c27c29484349e99f848/actions - {"actions":[{"id":"action14","type":"key","parameters":{},"actions":[{"type":"keyDown","value":"î€‡"},{"type":"pause","duration":10},{"type":"keyUp","value":"î€‡"}]}]}
RESULT: {"actions":[{"id":"action14","type":"key","parameters":{},"actions":[{"type":"keyDown","value":"î€‡"},{"type":"pause","duration":10},{"type":"keyUp","value":"î€‡"}]}]}
COMMAND: GET /session/54ab07b6f3a83c27c29484349e99f848/screenshot - {}
RESULT: {}
COMMAND: POST /session/54ab07b6f3a83c27c29484349e99f848/element - {"using":"xpath","value":"//input[@id=\"application-manageresources-display-component---newResourceUnit--catalogItemSelect-inner\"]"}
RESULT: {"using":"xpath","value":"//input[@id=\"application-manageresources-display-component---newResourceUnit--catalogItemSelect-inner\"]"}
COMMAND: POST /session/54ab07b6f3a83c27c29484349e99f848/element/f.59AB657FC34E9F51E6BD7341E7570555.d.EC646679A0B8FAEBD5582C6A59427745.e.5025/clear - {}
RESULT: {}
COMMAND: POST /session/54ab07b6f3a83c27c29484349e99f848/element/f.59AB657FC34E9F51E6BD7341E7570555.d.EC646679A0B8FAEBD5582C6A59427745.e.5025/value - {"text":"Concert"}
COMMAND: GET /session/54ab07b6f3a83c27c29484349e99f848/screenshot - {}
RESULT: {"text":"Concert"}
COMMAND: GET /session/54ab07b6f3a83c27c29484349e99f848/screenshot - {}
RESULT: {}
RESULT: {}
COMMAND: POST /session/54ab07b6f3a83c27c29484349e99f848/actions - {"actions":[{"id":"action15","type":"key","parameters":{},"actions":[{"type":"keyDown","value":"î€•"},{"type":"pause","duration":10},{"type":"keyUp","value":"î€•"}]}]}
RESULT: {"actions":[{"id":"action15","type":"key","parameters":{},"actions":[{"type":"keyDown","value":"î€•"},{"type":"pause","duration":10},{"type":"keyUp","value":"î€•"}]}]}
COMMAND: POST /session/54ab07b6f3a83c27c29484349e99f848/actions - {"actions":[{"id":"action16","type":"key","parameters":{},"actions":[{"type":"keyDown","value":"î€‡"},{"type":"pause","duration":10},{"type":"keyUp","value":"î€‡"}]}]}
COMMAND: GET /session/54ab07b6f3a83c27c29484349e99f848/screenshot - {}
RESULT: {"actions":[{"id":"action16","type":"key","parameters":{},"actions":[{"type":"keyDown","value":"î€‡"},{"type":"pause","duration":10},{"type":"keyUp","value":"î€‡"}]}]}
COMMAND: POST /session/54ab07b6f3a83c27c29484349e99f848/execute/async - {"script":"<script> [1562 bytes]","args":[{"selector":{"id":"application-manageresources-display-component---newResourceUnit--RUAssignmentSaveButton","searchOpenDialogs":true,"interaction":{"idSuffix":"BDI-content"}},"wdio_ui5_key":"applicationmanageresources-display-component---newResourceUnit--RUAssignmentSaveButton"}]}
COMMAND: GET /session/54ab07b6f3a83c27c29484349e99f848/screenshot - {}
RESULT: {}
RESULT: {"script":"<script> [1562 bytes]","args":[{"selector":{"id":"application-manageresources-display-component---newResourceUnit--RUAssignmentSaveButton","searchOpenDialogs":true,"interaction":{"idSuffix":"BDI-content"}},"wdio_ui5_key":"applicationmanageresources-display-component---newResourceUnit--RUAssignmentSaveButton"}]}
RESULT: undefined
COMMAND: POST /session/54ab07b6f3a83c27c29484349e99f848/element - {"using":"xpath","value":"//*[@id=\"application-manageresources-display-component---newResourceUnit--RUAssignmentSaveButton\"]"}
RESULT: {}
RESULT: {"using":"xpath","value":"//*[@id=\"application-manageresources-display-component---newResourceUnit--RUAssignmentSaveButton\"]"}
COMMAND: POST /session/54ab07b6f3a83c27c29484349e99f848/element/f.59AB657FC34E9F51E6BD7341E7570555.d.EC646679A0B8FAEBD5582C6A59427745.e.5046/click - {}
RESULT: {}
COMMAND: GET /session/54ab07b6f3a83c27c29484349e99f848/screenshot - {}
RESULT: {}
COMMAND: POST /session/54ab07b6f3a83c27c29484349e99f848/element - {"using":"xpath","value":"//bdi[@id=\"application-manageresources-display-component---newResourceUnit--createRuButton-BDI-content\" and text()=\"Save\"]"}
RESULT: {"using":"xpath","value":"//bdi[@id=\"application-manageresources-display-component---newResourceUnit--createRuButton-BDI-content\" and text()=\"Save\"]"}
COMMAND: POST /session/54ab07b6f3a83c27c29484349e99f848/execute/sync - {"script":"<script> [8489 bytes]","args":[{"element-6066-11e4-a52e-4f735466cecf":"f.59AB657FC34E9F51E6BD7341E7570555.d.EC646679A0B8FAEBD5582C6A59427745.e.5057","ELEMENT":"f.59AB657FC34E9F51E6BD7341E7570555.d.EC646679A0B8FAEBD5582C6A59427745.e.5057"}]}
RESULT: {"script":"<script> [8489 bytes]","args":[{"element-6066-11e4-a52e-4f735466cecf":"f.59AB657FC34E9F51E6BD7341E7570555.d.EC646679A0B8FAEBD5582C6A59427745.e.5057","ELEMENT":"f.59AB657FC34E9F51E6BD7341E7570555.d.EC646679A0B8FAEBD5582C6A59427745.e.5057"}]}
COMMAND: POST /session/54ab07b6f3a83c27c29484349e99f848/execute/sync - {"script":"<script> [5351 bytes]","args":[{"element-6066-11e4-a52e-4f735466cecf":"f.59AB657FC34E9F51E6BD7341E7570555.d.EC646679A0B8FAEBD5582C6A59427745.e.5057","ELEMENT":"f.59AB657FC34E9F51E6BD7341E7570555.d.EC646679A0B8FAEBD5582C6A59427745.e.5057"}]}
COMMAND: GET /session/54ab07b6f3a83c27c29484349e99f848/screenshot - {}
RESULT: {"script":"<script> [5351 bytes]","args":[{"element-6066-11e4-a52e-4f735466cecf":"f.59AB657FC34E9F51E6BD7341E7570555.d.EC646679A0B8FAEBD5582C6A59427745.e.5057","ELEMENT":"f.59AB657FC34E9F51E6BD7341E7570555.d.EC646679A0B8FAEBD5582C6A59427745.e.5057"}]}
COMMAND: POST /session/54ab07b6f3a83c27c29484349e99f848/element/f.59AB657FC34E9F51E6BD7341E7570555.d.EC646679A0B8FAEBD5582C6A59427745.e.5057/click - {}
COMMAND: GET /session/54ab07b6f3a83c27c29484349e99f848/screenshot - {}
RESULT: {}
RESULT: {}
COMMAND: GET /session/54ab07b6f3a83c27c29484349e99f848/screenshot - {}
RESULT: {}
RESULT: {}
COMMAND: POST /session/54ab07b6f3a83c27c29484349e99f848/element - {"using":"xpath","value":"//bdi[contains(@id, \"BDI-content\") and text()=\"Close\"]"}
RESULT: {"using":"xpath","value":"//bdi[contains(@id, \"BDI-content\") and text()=\"Close\"]"}
COMMAND: POST /session/54ab07b6f3a83c27c29484349e99f848/execute/sync - {"script":"<script> [8489 bytes]","args":[{"element-6066-11e4-a52e-4f735466cecf":"f.59AB657FC34E9F51E6BD7341E7570555.d.EC646679A0B8FAEBD5582C6A59427745.e.5061","ELEMENT":"f.59AB657FC34E9F51E6BD7341E7570555.d.EC646679A0B8FAEBD5582C6A59427745.e.5061"}]}
RESULT: {"script":"<script> [8489 bytes]","args":[{"element-6066-11e4-a52e-4f735466cecf":"f.59AB657FC34E9F51E6BD7341E7570555.d.EC646679A0B8FAEBD5582C6A59427745.e.5061","ELEMENT":"f.59AB657FC34E9F51E6BD7341E7570555.d.EC646679A0B8FAEBD5582C6A59427745.e.5061"}]}
COMMAND: POST /session/54ab07b6f3a83c27c29484349e99f848/execute/sync - {"script":"<script> [5351 bytes]","args":[{"element-6066-11e4-a52e-4f735466cecf":"f.59AB657FC34E9F51E6BD7341E7570555.d.EC646679A0B8FAEBD5582C6A59427745.e.5061","ELEMENT":"f.59AB657FC34E9F51E6BD7341E7570555.d.EC646679A0B8FAEBD5582C6A59427745.e.5061"}]}
COMMAND: GET /session/54ab07b6f3a83c27c29484349e99f848/screenshot - {}
RESULT: {"script":"<script> [5351 bytes]","args":[{"element-6066-11e4-a52e-4f735466cecf":"f.59AB657FC34E9F51E6BD7341E7570555.d.EC646679A0B8FAEBD5582C6A59427745.e.5061","ELEMENT":"f.59AB657FC34E9F51E6BD7341E7570555.d.EC646679A0B8FAEBD5582C6A59427745.e.5061"}]}
COMMAND: POST /session/54ab07b6f3a83c27c29484349e99f848/element/f.59AB657FC34E9F51E6BD7341E7570555.d.EC646679A0B8FAEBD5582C6A59427745.e.5061/click - {}
COMMAND: GET /session/54ab07b6f3a83c27c29484349e99f848/screenshot - {}
RESULT: {}
RESULT: {}
COMMAND: GET /session/54ab07b6f3a83c27c29484349e99f848/screenshot - {}
RESULT: {}
COMMAND: POST /session/54ab07b6f3a83c27c29484349e99f848/execute/async - {"script":"<script> [1562 bytes]","args":[{"selector":{"controlType":"sap.m.Text","viewName":"etm.portal.ui.manageresources.view.Detail","viewId":"application-manageresources-display-component---detailRU","bindingPath":{"propertyPath":"ID","modelName":"catalogModel"}},"wdio_ui5_key":"etmportal.ui.manageresources.view.Detailsap.m.Text{\"propertyPath\":\"ID\",\"modelName\":\"catalogModel\"}"}]}
RESULT: {}
RESULT: {"script":"<script> [1562 bytes]","args":[{"selector":{"controlType":"sap.m.Text","viewName":"etm.portal.ui.manageresources.view.Detail","viewId":"application-manageresources-display-component---detailRU","bindingPath":{"propertyPath":"ID","modelName":"catalogModel"}},"wdio_ui5_key":"etmportal.ui.manageresources.view.Detailsap.m.Text{\"propertyPath\":\"ID\",\"modelName\":\"catalogModel\"}"}]}
RESULT: undefined
COMMAND: POST /session/54ab07b6f3a83c27c29484349e99f848/execute/async - {"script":"<script> [6424 bytes]","args":[{"element-6066-11e4-a52e-4f735466cecf":"f.59AB657FC34E9F51E6BD7341E7570555.d.EC646679A0B8FAEBD5582C6A59427745.e.5089"},"getText",[]]}
RESULT: {"script":"<script> [6424 bytes]","args":[{"element-6066-11e4-a52e-4f735466cecf":"f.59AB657FC34E9F51E6BD7341E7570555.d.EC646679A0B8FAEBD5582C6A59427745.e.5089"},"getText",[]]}
COMMAND: POST /session/54ab07b6f3a83c27c29484349e99f848/element - {"using":"css selector","value":"#shell-header-logo"}
RESULT: {"using":"css selector","value":"#shell-header-logo"}
COMMAND: POST /session/54ab07b6f3a83c27c29484349e99f848/element/f.59AB657FC34E9F51E6BD7341E7570555.d.EC646679A0B8FAEBD5582C6A59427745.e.4434/click - {}
RESULT: {}
COMMAND: GET /session/54ab07b6f3a83c27c29484349e99f848/screenshot - {}
RESULT: {}
]]></system-out>
    </testcase>
    <testcase classname="chrome.135_0_7049_96.windows.Yard_Overview_Autoplanning_US130989" name="Should create a new request and add the material" time="83.966">
      <system-out><![CDATA[
COMMAND: POST /session/54ab07b6f3a83c27c29484349e99f848/execute/async - {"script":"<script> [1562 bytes]","args":[{"selector":{"controlType":"sap.m.Text","properties":{"text":"Manage Requests"},"interaction":{"idSuffix":"inner"}},"wdio_ui5_key":"sapm.Text{\"text\":\"Manage Requests\"}"}]}
RESULT: {"script":"<script> [1562 bytes]","args":[{"selector":{"controlType":"sap.m.Text","properties":{"text":"Manage Requests"},"interaction":{"idSuffix":"inner"}},"wdio_ui5_key":"sapm.Text{\"text\":\"Manage Requests\"}"}]}
RESULT: undefined
COMMAND: POST /session/54ab07b6f3a83c27c29484349e99f848/element - {"using":"xpath","value":"//*[@id=\"__tile39-title\"]"}
RESULT: {"using":"xpath","value":"//*[@id=\"__tile39-title\"]"}
COMMAND: POST /session/54ab07b6f3a83c27c29484349e99f848/element/f.59AB657FC34E9F51E6BD7341E7570555.d.EC646679A0B8FAEBD5582C6A59427745.e.5094/click - {}
RESULT: {}
COMMAND: GET /session/54ab07b6f3a83c27c29484349e99f848/screenshot - {}
RESULT: {}
COMMAND: POST /session/54ab07b6f3a83c27c29484349e99f848/execute/async - {"script":"<script> [1562 bytes]","args":[{"selector":{"id":"btnCreateNew","viewName":"etm.portal.ui.managerequests.view.Master","interaction":{"idSuffix":"inner"}},"wdio_ui5_key":"btnCreateNewetmportal.ui.managerequests.view.Master"}]}
RESULT: {"script":"<script> [1562 bytes]","args":[{"selector":{"id":"btnCreateNew","viewName":"etm.portal.ui.managerequests.view.Master","interaction":{"idSuffix":"inner"}},"wdio_ui5_key":"btnCreateNewetmportal.ui.managerequests.view.Master"}]}
RESULT: undefined
COMMAND: POST /session/54ab07b6f3a83c27c29484349e99f848/element - {"using":"xpath","value":"//*[@id=\"__xmlview58--btnCreateNew\"]"}
RESULT: {"using":"xpath","value":"//*[@id=\"__xmlview58--btnCreateNew\"]"}
COMMAND: POST /session/54ab07b6f3a83c27c29484349e99f848/element/f.59AB657FC34E9F51E6BD7341E7570555.d.EC646679A0B8FAEBD5582C6A59427745.e.5151/click - {}
RESULT: {}
COMMAND: GET /session/54ab07b6f3a83c27c29484349e99f848/screenshot - {}
RESULT: {}
COMMAND: POST /session/54ab07b6f3a83c27c29484349e99f848/execute/async - {"script":"<script> [1562 bytes]","args":[{"selector":{"controlType":"sap.ui.core.Icon","viewName":"etm.portal.ui.managerequests.view.NewRequest","properties":{"src":{"regex":{"source":"full\\-screen"}}}},"wdio_ui5_key":"etmportal.ui.managerequests.view.NewRequestsap.ui.core.Icon{\"src\":{\"regex\":{\"source\":\"full\\\\-screen\"}}}"}]}
RESULT: {"script":"<script> [1562 bytes]","args":[{"selector":{"controlType":"sap.ui.core.Icon","viewName":"etm.portal.ui.managerequests.view.NewRequest","properties":{"src":{"regex":{"source":"full\\-screen"}}}},"wdio_ui5_key":"etmportal.ui.managerequests.view.NewRequestsap.ui.core.Icon{\"src\":{\"regex\":{\"source\":\"full\\\\-screen\"}}}"}]}
RESULT: undefined
COMMAND: POST /session/54ab07b6f3a83c27c29484349e99f848/element - {"using":"xpath","value":"//*[@id=\"__button75-img\"]"}
RESULT: {"using":"xpath","value":"//*[@id=\"__button75-img\"]"}
COMMAND: POST /session/54ab07b6f3a83c27c29484349e99f848/element/f.59AB657FC34E9F51E6BD7341E7570555.d.EC646679A0B8FAEBD5582C6A59427745.e.5534/click - {}
RESULT: {}
COMMAND: GET /session/54ab07b6f3a83c27c29484349e99f848/screenshot - {}
RESULT: {}
COMMAND: POST /session/54ab07b6f3a83c27c29484349e99f848/element - {"using":"xpath","value":"//input[contains(@id ,\"yardId-inner\")]"}
RESULT: {"using":"xpath","value":"//input[contains(@id ,\"yardId-inner\")]"}
COMMAND: POST /session/54ab07b6f3a83c27c29484349e99f848/element/f.59AB657FC34E9F51E6BD7341E7570555.d.EC646679A0B8FAEBD5582C6A59427745.e.5383/value - {"text":"Webdriver Yard"}
RESULT: {"text":"Webdriver Yard"}
COMMAND: GET /session/54ab07b6f3a83c27c29484349e99f848/screenshot - {}
RESULT: {}
COMMAND: POST /session/54ab07b6f3a83c27c29484349e99f848/actions - {"actions":[{"id":"action17","type":"key","parameters":{},"actions":[{"type":"keyDown","value":"î€‡"},{"type":"pause","duration":10},{"type":"keyUp","value":"î€‡"}]}]}
RESULT: {"actions":[{"id":"action17","type":"key","parameters":{},"actions":[{"type":"keyDown","value":"î€‡"},{"type":"pause","duration":10},{"type":"keyUp","value":"î€‡"}]}]}
COMMAND: GET /session/54ab07b6f3a83c27c29484349e99f848/screenshot - {}
RESULT: {}
COMMAND: POST /session/54ab07b6f3a83c27c29484349e99f848/element - {"using":"xpath","value":"//input[contains(@id ,\"customerNumber-inner\")]"}
RESULT: {"using":"xpath","value":"//input[contains(@id ,\"customerNumber-inner\")]"}
COMMAND: POST /session/54ab07b6f3a83c27c29484349e99f848/element/f.59AB657FC34E9F51E6BD7341E7570555.d.EC646679A0B8FAEBD5582C6A59427745.e.5377/clear - {}
RESULT: {}
COMMAND: POST /session/54ab07b6f3a83c27c29484349e99f848/element/f.59AB657FC34E9F51E6BD7341E7570555.d.EC646679A0B8FAEBD5582C6A59427745.e.5377/value - {"text":"WebdriverPartner"}
COMMAND: GET /session/54ab07b6f3a83c27c29484349e99f848/screenshot - {}
RESULT: {"text":"WebdriverPartner"}
COMMAND: GET /session/54ab07b6f3a83c27c29484349e99f848/screenshot - {}
RESULT: {}
RESULT: {}
COMMAND: POST /session/54ab07b6f3a83c27c29484349e99f848/actions - {"actions":[{"id":"action18","type":"key","parameters":{},"actions":[{"type":"keyDown","value":"î€‡"},{"type":"pause","duration":10},{"type":"keyUp","value":"î€‡"}]}]}
RESULT: {"actions":[{"id":"action18","type":"key","parameters":{},"actions":[{"type":"keyDown","value":"î€‡"},{"type":"pause","duration":10},{"type":"keyUp","value":"î€‡"}]}]}
COMMAND: GET /session/54ab07b6f3a83c27c29484349e99f848/screenshot - {}
RESULT: {}
COMMAND: POST /session/54ab07b6f3a83c27c29484349e99f848/element - {"using":"xpath","value":"//button[contains(@id ,\"btnAddTableRow\")]"}
RESULT: {"using":"xpath","value":"//button[contains(@id ,\"btnAddTableRow\")]"}
COMMAND: POST /session/54ab07b6f3a83c27c29484349e99f848/element/f.59AB657FC34E9F51E6BD7341E7570555.d.EC646679A0B8FAEBD5582C6A59427745.e.5355/click - {}
RESULT: {}
COMMAND: GET /session/54ab07b6f3a83c27c29484349e99f848/screenshot - {}
RESULT: {}
COMMAND: POST /session/54ab07b6f3a83c27c29484349e99f848/actions - {"actions":[{"id":"action19","type":"key","parameters":{},"actions":[{"type":"keyDown","value":"î€•"},{"type":"pause","duration":10},{"type":"keyUp","value":"î€•"}]}]}
RESULT: {"actions":[{"id":"action19","type":"key","parameters":{},"actions":[{"type":"keyDown","value":"î€•"},{"type":"pause","duration":10},{"type":"keyUp","value":"î€•"}]}]}
COMMAND: POST /session/54ab07b6f3a83c27c29484349e99f848/actions - {"actions":[{"id":"action20","type":"key","parameters":{},"actions":[{"type":"keyDown","value":"î€‡"},{"type":"pause","duration":10},{"type":"keyUp","value":"î€‡"}]}]}
COMMAND: GET /session/54ab07b6f3a83c27c29484349e99f848/screenshot - {}
RESULT: {"actions":[{"id":"action20","type":"key","parameters":{},"actions":[{"type":"keyDown","value":"î€‡"},{"type":"pause","duration":10},{"type":"keyUp","value":"î€‡"}]}]}
COMMAND: POST /session/54ab07b6f3a83c27c29484349e99f848/execute/async - {"script":"<script> [1562 bytes]","args":[{"selector":{"controlType":"etm.portal.ui.reusables.customControls.LiveSearchComboBox","viewName":"etm.portal.ui.managerequests.view.NewRequest","bindingPath":{"path":"/RequestItems/0","propertyPath":"CATALOG_ITEM","modelName":"newRequestItems"},"interaction":{"idSuffix":"inner"}},"wdio_ui5_key":"etmportal.ui.managerequests.view.NewRequestetm.portal.ui.reusables.customControls.LiveSearchComboBox{\"path\":\"/RequestItems/0\",\"propertyPath\":\"CATALOG_ITEM\",\"modelName\":\"newRequestItems\"}"}]}
COMMAND: GET /session/54ab07b6f3a83c27c29484349e99f848/screenshot - {}
RESULT: {}
RESULT: {"script":"<script> [1562 bytes]","args":[{"selector":{"controlType":"etm.portal.ui.reusables.customControls.LiveSearchComboBox","viewName":"etm.portal.ui.managerequests.view.NewRequest","bindingPath":{"path":"/RequestItems/0","propertyPath":"CATALOG_ITEM","modelName":"newRequestItems"},"interaction":{"idSuffix":"inner"}},"wdio_ui5_key":"etmportal.ui.managerequests.view.NewRequestetm.portal.ui.reusables.customControls.LiveSearchComboBox{\"path\":\"/RequestItems/0\",\"propertyPath\":\"CATALOG_ITEM\",\"modelName\":\"newRequestItems\"}"}]}
RESULT: undefined
COMMAND: POST /session/54ab07b6f3a83c27c29484349e99f848/execute/async - {"script":"<script> [776 bytes]","args":[{"enterText":"Concert","selector":{"controlType":"etm.portal.ui.reusables.customControls.LiveSearchComboBox","viewName":"etm.portal.ui.managerequests.view.NewRequest","bindingPath":{"path":"/RequestItems/0","propertyPath":"CATALOG_ITEM","modelName":"newRequestItems"},"interaction":{"idSuffix":"inner"}},"clearTextFirst":true,"interactionType":"ENTER_TEXT"}]}
RESULT: {}
RESULT: {"script":"<script> [776 bytes]","args":[{"enterText":"Concert","selector":{"controlType":"etm.portal.ui.reusables.customControls.LiveSearchComboBox","viewName":"etm.portal.ui.managerequests.view.NewRequest","bindingPath":{"path":"/RequestItems/0","propertyPath":"CATALOG_ITEM","modelName":"newRequestItems"},"interaction":{"idSuffix":"inner"}},"clearTextFirst":true,"interactionType":"ENTER_TEXT"}]}
COMMAND: POST /session/54ab07b6f3a83c27c29484349e99f848/execute/async - {"script":"<script> [1562 bytes]","args":[{"selector":{"controlType":"sap.ui.core.Icon","viewName":"etm.portal.ui.managerequests.view.NewRequest","properties":{"src":{"regex":{"source":"slim\\-arrow\\-down"}}},"ancestor":{"controlType":"sap.m.ColumnListItem","viewName":"etm.portal.ui.managerequests.view.NewRequest","bindingPath":{"modelName":"newRequestItems","path":"/RequestItems/0"},"ancestor":{"id":"requestItemsTable","viewName":"etm.portal.ui.managerequests.view.NewRequest"}}},"wdio_ui5_key":"etmportal.ui.managerequests.view.NewRequestsap.ui.core.Icon{\"src\":{\"regex\":{\"source\":\"slim\\\\-arrow\\\\-down\"}}}{\"controlType\":\"sap.m.ColumnListItem\",\"viewName\":\"etm.portal.ui.managerequests.view.NewRequest\",\"bindingPath\":{\"modelName\":\"newRequestItems\",\"path\":\"/RequestItems/0\"},\"ancestor\":{\"id\":\"requestItemsTable\",\"viewName\":\"etm.portal.ui.managerequests.view.NewRequest\"}}"}]}
RESULT: {"script":"<script> [1562 bytes]","args":[{"selector":{"controlType":"sap.ui.core.Icon","viewName":"etm.portal.ui.managerequests.view.NewRequest","properties":{"src":{"regex":{"source":"slim\\-arrow\\-down"}}},"ancestor":{"controlType":"sap.m.ColumnListItem","viewName":"etm.portal.ui.managerequests.view.NewRequest","bindingPath":{"modelName":"newRequestItems","path":"/RequestItems/0"},"ancestor":{"id":"requestItemsTable","viewName":"etm.portal.ui.managerequests.view.NewRequest"}}},"wdio_ui5_key":"etmportal.ui.managerequests.view.NewRequestsap.ui.core.Icon{\"src\":{\"regex\":{\"source\":\"slim\\\\-arrow\\\\-down\"}}}{\"controlType\":\"sap.m.ColumnListItem\",\"viewName\":\"etm.portal.ui.managerequests.view.NewRequest\",\"bindingPath\":{\"modelName\":\"newRequestItems\",\"path\":\"/RequestItems/0\"},\"ancestor\":{\"id\":\"requestItemsTable\",\"viewName\":\"etm.portal.ui.managerequests.view.NewRequest\"}}"}]}
RESULT: undefined
COMMAND: POST /session/54ab07b6f3a83c27c29484349e99f848/element - {"using":"xpath","value":"//*[@id=\"__box14-__xmlview59--requestItemsTable-0-arrow\"]"}
RESULT: {"using":"xpath","value":"//*[@id=\"__box14-__xmlview59--requestItemsTable-0-arrow\"]"}
COMMAND: POST /session/54ab07b6f3a83c27c29484349e99f848/element/f.59AB657FC34E9F51E6BD7341E7570555.d.EC646679A0B8FAEBD5582C6A59427745.e.5596/click - {}
RESULT: {}
COMMAND: POST /session/54ab07b6f3a83c27c29484349e99f848/execute/async - {"script":"<script> [1562 bytes]","args":[{"selector":{"controlType":"sap.m.StandardListItem","viewName":"etm.portal.ui.managerequests.view.NewRequest","properties":{"title":"Concert - Concert "},"searchOpenDialogs":true,"interaction":{"idSuffix":"content"}},"wdio_ui5_key":"etmportal.ui.managerequests.view.NewRequestsap.m.StandardListItem{\"title\":\"Concert - Concert \"}"}]}
COMMAND: GET /session/54ab07b6f3a83c27c29484349e99f848/screenshot - {}
RESULT: {"script":"<script> [1562 bytes]","args":[{"selector":{"controlType":"sap.m.StandardListItem","viewName":"etm.portal.ui.managerequests.view.NewRequest","properties":{"title":"Concert - Concert "},"searchOpenDialogs":true,"interaction":{"idSuffix":"content"}},"wdio_ui5_key":"etmportal.ui.managerequests.view.NewRequestsap.m.StandardListItem{\"title\":\"Concert - Concert \"}"}]}
RESULT: undefined
COMMAND: POST /session/54ab07b6f3a83c27c29484349e99f848/execute/async - {"script":"<script> [1562 bytes]","args":[{"selector":{"controlType":"sap.ui.core.Icon","viewName":"etm.portal.ui.managerequests.view.NewRequest","properties":{"src":{"regex":{"source":"message\\-error"}}},"ancestor":{"controlType":"sap.m.ColumnListItem","viewName":"etm.portal.ui.managerequests.view.NewRequest","bindingPath":{"modelName":"newRequestItems","path":"/RequestItems/0"},"ancestor":{"id":"requestItemsTable","viewName":"etm.portal.ui.managerequests.view.NewRequest"}}},"wdio_ui5_key":"etmportal.ui.managerequests.view.NewRequestsap.ui.core.Icon{\"src\":{\"regex\":{\"source\":\"message\\\\-error\"}}}{\"controlType\":\"sap.m.ColumnListItem\",\"viewName\":\"etm.portal.ui.managerequests.view.NewRequest\",\"bindingPath\":{\"modelName\":\"newRequestItems\",\"path\":\"/RequestItems/0\"},\"ancestor\":{\"id\":\"requestItemsTable\",\"viewName\":\"etm.portal.ui.managerequests.view.NewRequest\"}}"}]}
RESULT: {}
RESULT: {"script":"<script> [1562 bytes]","args":[{"selector":{"controlType":"sap.ui.core.Icon","viewName":"etm.portal.ui.managerequests.view.NewRequest","properties":{"src":{"regex":{"source":"message\\-error"}}},"ancestor":{"controlType":"sap.m.ColumnListItem","viewName":"etm.portal.ui.managerequests.view.NewRequest","bindingPath":{"modelName":"newRequestItems","path":"/RequestItems/0"},"ancestor":{"id":"requestItemsTable","viewName":"etm.portal.ui.managerequests.view.NewRequest"}}},"wdio_ui5_key":"etmportal.ui.managerequests.view.NewRequestsap.ui.core.Icon{\"src\":{\"regex\":{\"source\":\"message\\\\-error\"}}}{\"controlType\":\"sap.m.ColumnListItem\",\"viewName\":\"etm.portal.ui.managerequests.view.NewRequest\",\"bindingPath\":{\"modelName\":\"newRequestItems\",\"path\":\"/RequestItems/0\"},\"ancestor\":{\"id\":\"requestItemsTable\",\"viewName\":\"etm.portal.ui.managerequests.view.NewRequest\"}}"}]}
RESULT: undefined
COMMAND: POST /session/54ab07b6f3a83c27c29484349e99f848/element - {"using":"xpath","value":"//*[@id=\"__status10-__xmlview59--requestItemsTable-0-icon\"]"}
RESULT: {"using":"xpath","value":"//*[@id=\"__status10-__xmlview59--requestItemsTable-0-icon\"]"}
COMMAND: POST /session/54ab07b6f3a83c27c29484349e99f848/element/f.59AB657FC34E9F51E6BD7341E7570555.d.EC646679A0B8FAEBD5582C6A59427745.e.5597/click - {}
RESULT: {}
COMMAND: POST /session/54ab07b6f3a83c27c29484349e99f848/execute/async - {"script":"<script> [1562 bytes]","args":[{"selector":{"controlType":"sap.ui.core.Icon","viewName":"etm.portal.ui.managerequests.view.NewRequest","properties":{"src":{"regex":{"source":"slim\\-arrow\\-down"}}},"searchOpenDialogs":true,"ancestor":{"id":"costObjectAdminTypeComboBox","viewName":"etm.portal.ui.managerequests.view.NewRequest","searchOpenDialogs":true}},"wdio_ui5_key":"etmportal.ui.managerequests.view.NewRequestsap.ui.core.Icon{\"src\":{\"regex\":{\"source\":\"slim\\\\-arrow\\\\-down\"}}}{\"id\":\"costObjectAdminTypeComboBox\",\"viewName\":\"etm.portal.ui.managerequests.view.NewRequest\",\"searchOpenDialogs\":true}"}]}
COMMAND: GET /session/54ab07b6f3a83c27c29484349e99f848/screenshot - {}
RESULT: {"script":"<script> [1562 bytes]","args":[{"selector":{"controlType":"sap.ui.core.Icon","viewName":"etm.portal.ui.managerequests.view.NewRequest","properties":{"src":{"regex":{"source":"slim\\-arrow\\-down"}}},"searchOpenDialogs":true,"ancestor":{"id":"costObjectAdminTypeComboBox","viewName":"etm.portal.ui.managerequests.view.NewRequest","searchOpenDialogs":true}},"wdio_ui5_key":"etmportal.ui.managerequests.view.NewRequestsap.ui.core.Icon{\"src\":{\"regex\":{\"source\":\"slim\\\\-arrow\\\\-down\"}}}{\"id\":\"costObjectAdminTypeComboBox\",\"viewName\":\"etm.portal.ui.managerequests.view.NewRequest\",\"searchOpenDialogs\":true}"}]}
RESULT: undefined
COMMAND: POST /session/54ab07b6f3a83c27c29484349e99f848/element - {"using":"xpath","value":"//*[@id=\"__xmlview59--costObjectAdminTypeComboBox-arrow\"]"}
RESULT: {}
RESULT: {"using":"xpath","value":"//*[@id=\"__xmlview59--costObjectAdminTypeComboBox-arrow\"]"}
COMMAND: POST /session/54ab07b6f3a83c27c29484349e99f848/element/f.59AB657FC34E9F51E6BD7341E7570555.d.EC646679A0B8FAEBD5582C6A59427745.e.5602/click - {}
RESULT: {}
COMMAND: GET /session/54ab07b6f3a83c27c29484349e99f848/screenshot - {}
RESULT: {}
COMMAND: POST /session/54ab07b6f3a83c27c29484349e99f848/execute/async - {"script":"<script> [1562 bytes]","args":[{"selector":{"controlType":"sap.m.StandardListItem","viewName":"etm.portal.ui.managerequests.view.NewRequest","properties":{"title":"Cost Center"},"searchOpenDialogs":true,"interaction":{"idSuffix":"content"}},"wdio_ui5_key":"etmportal.ui.managerequests.view.NewRequestsap.m.StandardListItem{\"title\":\"Cost Center\"}"}]}
RESULT: {"script":"<script> [1562 bytes]","args":[{"selector":{"controlType":"sap.m.StandardListItem","viewName":"etm.portal.ui.managerequests.view.NewRequest","properties":{"title":"Cost Center"},"searchOpenDialogs":true,"interaction":{"idSuffix":"content"}},"wdio_ui5_key":"etmportal.ui.managerequests.view.NewRequestsap.m.StandardListItem{\"title\":\"Cost Center\"}"}]}
RESULT: undefined
COMMAND: POST /session/54ab07b6f3a83c27c29484349e99f848/element - {"using":"xpath","value":"//*[@id=\"__item941\"]"}
RESULT: {"using":"xpath","value":"//*[@id=\"__item941\"]"}
COMMAND: POST /session/54ab07b6f3a83c27c29484349e99f848/element/f.59AB657FC34E9F51E6BD7341E7570555.d.EC646679A0B8FAEBD5582C6A59427745.e.5605/click - {}
RESULT: {}
COMMAND: POST /session/54ab07b6f3a83c27c29484349e99f848/execute/async - {"script":"<script> [1562 bytes]","args":[{"selector":{"controlType":"sap.m.Button","viewName":"etm.portal.ui.managerequests.view.NewRequest","i18NText":{"propertyName":"text","key":"save"},"searchOpenDialogs":true,"interaction":{"idSuffix":"inner"}},"wdio_ui5_key":"etmportal.ui.managerequests.view.NewRequestsap.m.Button{\"propertyName\":\"text\",\"key\":\"save\"}"}]}
COMMAND: GET /session/54ab07b6f3a83c27c29484349e99f848/screenshot - {}
RESULT: {"script":"<script> [1562 bytes]","args":[{"selector":{"controlType":"sap.m.Button","viewName":"etm.portal.ui.managerequests.view.NewRequest","i18NText":{"propertyName":"text","key":"save"},"searchOpenDialogs":true,"interaction":{"idSuffix":"inner"}},"wdio_ui5_key":"etmportal.ui.managerequests.view.NewRequestsap.m.Button{\"propertyName\":\"text\",\"key\":\"save\"}"}]}
RESULT: undefined
COMMAND: POST /session/54ab07b6f3a83c27c29484349e99f848/element - {"using":"xpath","value":"//*[@id=\"__button93\"]"}
RESULT: {}
RESULT: {"using":"xpath","value":"//*[@id=\"__button93\"]"}
COMMAND: POST /session/54ab07b6f3a83c27c29484349e99f848/element/f.59AB657FC34E9F51E6BD7341E7570555.d.EC646679A0B8FAEBD5582C6A59427745.e.5612/click - {}
RESULT: {}
COMMAND: POST /session/54ab07b6f3a83c27c29484349e99f848/execute/async - {"script":"<script> [1562 bytes]","args":[{"selector":{"controlType":"sap.m.Button","viewName":"etm.portal.ui.managerequests.view.NewRequest","i18NText":{"propertyName":"tooltip","key":"save"},"interaction":{"idSuffix":"BDI-content"}},"wdio_ui5_key":"etmportal.ui.managerequests.view.NewRequestsap.m.Button{\"propertyName\":\"tooltip\",\"key\":\"save\"}"}]}
COMMAND: GET /session/54ab07b6f3a83c27c29484349e99f848/screenshot - {}
RESULT: {"script":"<script> [1562 bytes]","args":[{"selector":{"controlType":"sap.m.Button","viewName":"etm.portal.ui.managerequests.view.NewRequest","i18NText":{"propertyName":"tooltip","key":"save"},"interaction":{"idSuffix":"BDI-content"}},"wdio_ui5_key":"etmportal.ui.managerequests.view.NewRequestsap.m.Button{\"propertyName\":\"tooltip\",\"key\":\"save\"}"}]}
RESULT: undefined
COMMAND: POST /session/54ab07b6f3a83c27c29484349e99f848/element - {"using":"xpath","value":"//*[@id=\"__button82\"]"}
RESULT: {}
RESULT: {"using":"xpath","value":"//*[@id=\"__button82\"]"}
COMMAND: POST /session/54ab07b6f3a83c27c29484349e99f848/element/f.59AB657FC34E9F51E6BD7341E7570555.d.EC646679A0B8FAEBD5582C6A59427745.e.5484/click - {}
RESULT: {}
COMMAND: POST /session/54ab07b6f3a83c27c29484349e99f848/execute/async - {"script":"<script> [1562 bytes]","args":[{"selector":{"controlType":"sap.m.Button","properties":{"text":"Close"},"searchOpenDialogs":true,"interaction":{"idSuffix":"inner"}},"wdio_ui5_key":"sapm.Button{\"text\":\"Close\"}"}]}
COMMAND: GET /session/54ab07b6f3a83c27c29484349e99f848/screenshot - {}
RESULT: {"script":"<script> [1562 bytes]","args":[{"selector":{"controlType":"sap.m.Button","properties":{"text":"Close"},"searchOpenDialogs":true,"interaction":{"idSuffix":"inner"}},"wdio_ui5_key":"sapm.Button{\"text\":\"Close\"}"}]}
RESULT: undefined
COMMAND: POST /session/54ab07b6f3a83c27c29484349e99f848/element - {"using":"xpath","value":"//*[@id=\"__mbox-btn-1\"]"}
RESULT: {}
RESULT: {"using":"xpath","value":"//*[@id=\"__mbox-btn-1\"]"}
COMMAND: POST /session/54ab07b6f3a83c27c29484349e99f848/element/f.59AB657FC34E9F51E6BD7341E7570555.d.EC646679A0B8FAEBD5582C6A59427745.e.5616/click - {}
RESULT: {}
COMMAND: GET /session/54ab07b6f3a83c27c29484349e99f848/screenshot - {}
RESULT: {}
COMMAND: POST /session/54ab07b6f3a83c27c29484349e99f848/execute/async - {"script":"<script> [1562 bytes]","args":[{"selector":{"controlType":"sap.m.Text","viewName":"etm.portal.ui.managerequests.view.Detail","bindingPath":{"propertyPath":"NO","modelName":"catalogModel"}},"wdio_ui5_key":"etmportal.ui.managerequests.view.Detailsap.m.Text{\"propertyPath\":\"NO\",\"modelName\":\"catalogModel\"}"}]}
RESULT: {"script":"<script> [1562 bytes]","args":[{"selector":{"controlType":"sap.m.Text","viewName":"etm.portal.ui.managerequests.view.Detail","bindingPath":{"propertyPath":"NO","modelName":"catalogModel"}},"wdio_ui5_key":"etmportal.ui.managerequests.view.Detailsap.m.Text{\"propertyPath\":\"NO\",\"modelName\":\"catalogModel\"}"}]}
RESULT: undefined
COMMAND: POST /session/54ab07b6f3a83c27c29484349e99f848/execute/async - {"script":"<script> [6424 bytes]","args":[{"element-6066-11e4-a52e-4f735466cecf":"f.59AB657FC34E9F51E6BD7341E7570555.d.EC646679A0B8FAEBD5582C6A59427745.e.5793"},"getText",[]]}
RESULT: {"script":"<script> [6424 bytes]","args":[{"element-6066-11e4-a52e-4f735466cecf":"f.59AB657FC34E9F51E6BD7341E7570555.d.EC646679A0B8FAEBD5582C6A59427745.e.5793"},"getText",[]]}
COMMAND: POST /session/54ab07b6f3a83c27c29484349e99f848/element - {"using":"css selector","value":"#shell-header-logo"}
RESULT: {"using":"css selector","value":"#shell-header-logo"}
COMMAND: POST /session/54ab07b6f3a83c27c29484349e99f848/element/f.59AB657FC34E9F51E6BD7341E7570555.d.EC646679A0B8FAEBD5582C6A59427745.e.5097/click - {}
RESULT: {}
COMMAND: GET /session/54ab07b6f3a83c27c29484349e99f848/screenshot - {}
RESULT: {}
]]></system-out>
    </testcase>
  </testsuite>
  <testsuite timestamp="2025-04-25T17:14:46" time="519.623" tests="7" failures="7" errors="7" skipped="0">
    <properties>
      <property name="specId" value="0" />
      <property name="suiteName" value="Create masterdata for Yard Overview - trigger provide US130988" />
      <property name="capabilities" value="chrome.135_0_7049_96.windows" />
      <property name="file" value="file:///D:/a/1/s/test/specs/HTR/yard-movement-putaways.spec.js" />
    </properties>
  </testsuite>
  <testsuite timestamp="2025-04-25T17:23:25" time="90.019" tests="1" failures="0" errors="0" skipped="0">
    <properties>
      <property name="specId" value="0" />
      <property name="suiteName" value="Create Reverse Billing US127248" />
      <property name="capabilities" value="chrome.135_0_7049_96.windows" />
      <property name="file" value="file:///D:/a/1/s/test/specs/HTR/billing-completness.spec.js" />
    </properties>
    <testcase classname="chrome.135_0_7049_96.windows.Create_Reverse_Billing_US127248" name="Should check the completness" time="47.635">
      <system-out><![CDATA[
COMMAND: POST /session/54ab07b6f3a83c27c29484349e99f848/execute/async - {"script":"<script> [1562 bytes]","args":[{"selector":{"id":"application-billofresources-display-component---BillOfResources--smartFilterBar-filterItemControl_BASIC-BOR_TYPE-vhi"},"wdio_ui5_key":"applicationbillofresources-display-component---BillOfResources--smartFilterBar-filterItemControl_BASIC-BOR_TYPE-vhi"}]}
RESULT: {"script":"<script> [1562 bytes]","args":[{"selector":{"id":"application-billofresources-display-component---BillOfResources--smartFilterBar-filterItemControl_BASIC-BOR_TYPE-vhi"},"wdio_ui5_key":"applicationbillofresources-display-component---BillOfResources--smartFilterBar-filterItemControl_BASIC-BOR_TYPE-vhi"}]}
RESULT: undefined
COMMAND: POST /session/54ab07b6f3a83c27c29484349e99f848/element - {"using":"xpath","value":"//*[@id=\"application-billofresources-display-component---BillOfResources--smartFilterBar-filterItemControl_BASIC-BOR_TYPE-vhi\"]"}
RESULT: {"using":"xpath","value":"//*[@id=\"application-billofresources-display-component---BillOfResources--smartFilterBar-filterItemControl_BASIC-BOR_TYPE-vhi\"]"}
COMMAND: POST /session/54ab07b6f3a83c27c29484349e99f848/element/f.59AB657FC34E9F51E6BD7341E7570555.d.6D1CB88FDFC628E2D0A2B9F86B869FAB.e.6879/click - {}
RESULT: {}
COMMAND: GET /session/54ab07b6f3a83c27c29484349e99f848/screenshot - {}
RESULT: {}
COMMAND: POST /session/54ab07b6f3a83c27c29484349e99f848/element - {"using":"xpath","value":"//div[@id=\"application-billofresources-display-component---BillOfResources--smartFilterBar-filterItemControl_BASIC-BOR_TYPE-valueHelpDialog-table-rowsel4\"]"}
RESULT: {"using":"xpath","value":"//div[@id=\"application-billofresources-display-component---BillOfResources--smartFilterBar-filterItemControl_BASIC-BOR_TYPE-valueHelpDialog-table-rowsel4\"]"}
COMMAND: POST /session/54ab07b6f3a83c27c29484349e99f848/element/f.59AB657FC34E9F51E6BD7341E7570555.d.6D1CB88FDFC628E2D0A2B9F86B869FAB.e.6888/click - {}
RESULT: {}
COMMAND: GET /session/54ab07b6f3a83c27c29484349e99f848/screenshot - {}
RESULT: {}
COMMAND: POST /session/54ab07b6f3a83c27c29484349e99f848/execute/async - {"script":"<script> [1562 bytes]","args":[{"selector":{"id":"application-billofresources-display-component---BillOfResources--smartFilterBar-filterItemControl_BASIC-BOR_TYPE-valueHelpDialog-ok","searchOpenDialogs":true,"interaction":{"idSuffix":"BDI-content"}},"wdio_ui5_key":"applicationbillofresources-display-component---BillOfResources--smartFilterBar-filterItemControl_BASIC-BOR_TYPE-valueHelpDialog-ok"}]}
RESULT: {"script":"<script> [1562 bytes]","args":[{"selector":{"id":"application-billofresources-display-component---BillOfResources--smartFilterBar-filterItemControl_BASIC-BOR_TYPE-valueHelpDialog-ok","searchOpenDialogs":true,"interaction":{"idSuffix":"BDI-content"}},"wdio_ui5_key":"applicationbillofresources-display-component---BillOfResources--smartFilterBar-filterItemControl_BASIC-BOR_TYPE-valueHelpDialog-ok"}]}
RESULT: undefined
COMMAND: POST /session/54ab07b6f3a83c27c29484349e99f848/element - {"using":"xpath","value":"//*[@id=\"application-billofresources-display-component---BillOfResources--smartFilterBar-filterItemControl_BASIC-BOR_TYPE-valueHelpDialog-ok\"]"}
RESULT: {"using":"xpath","value":"//*[@id=\"application-billofresources-display-component---BillOfResources--smartFilterBar-filterItemControl_BASIC-BOR_TYPE-valueHelpDialog-ok\"]"}
COMMAND: POST /session/54ab07b6f3a83c27c29484349e99f848/element/f.59AB657FC34E9F51E6BD7341E7570555.d.6D1CB88FDFC628E2D0A2B9F86B869FAB.e.6892/click - {}
RESULT: {}
COMMAND: GET /session/54ab07b6f3a83c27c29484349e99f848/screenshot - {}
RESULT: {}
COMMAND: POST /session/54ab07b6f3a83c27c29484349e99f848/execute/async - {"script":"<script> [1562 bytes]","args":[{"selector":{"id":"application-billofresources-display-component---BillOfResources--smartFilterBar-filterItemControl_BASIC-RESOURCE_UNIT-vhi"},"wdio_ui5_key":"applicationbillofresources-display-component---BillOfResources--smartFilterBar-filterItemControl_BASIC-RESOURCE_UNIT-vhi"}]}
RESULT: {"script":"<script> [1562 bytes]","args":[{"selector":{"id":"application-billofresources-display-component---BillOfResources--smartFilterBar-filterItemControl_BASIC-RESOURCE_UNIT-vhi"},"wdio_ui5_key":"applicationbillofresources-display-component---BillOfResources--smartFilterBar-filterItemControl_BASIC-RESOURCE_UNIT-vhi"}]}
RESULT: undefined
COMMAND: POST /session/54ab07b6f3a83c27c29484349e99f848/element - {"using":"xpath","value":"//*[@id=\"application-billofresources-display-component---BillOfResources--smartFilterBar-filterItemControl_BASIC-RESOURCE_UNIT-vhi\"]"}
RESULT: {"using":"xpath","value":"//*[@id=\"application-billofresources-display-component---BillOfResources--smartFilterBar-filterItemControl_BASIC-RESOURCE_UNIT-vhi\"]"}
COMMAND: POST /session/54ab07b6f3a83c27c29484349e99f848/element/f.59AB657FC34E9F51E6BD7341E7570555.d.6D1CB88FDFC628E2D0A2B9F86B869FAB.e.6897/click - {}
RESULT: {}
COMMAND: GET /session/54ab07b6f3a83c27c29484349e99f848/screenshot - {}
RESULT: {}
COMMAND: POST /session/54ab07b6f3a83c27c29484349e99f848/element - {"using":"xpath","value":"//div[@id=\"application-billofresources-display-component---BillOfResources--smartFilterBar-filterItemControl_BASIC-RESOURCE_UNIT-valueHelpDialog-table-rowsel1\"]"}
RESULT: {"using":"xpath","value":"//div[@id=\"application-billofresources-display-component---BillOfResources--smartFilterBar-filterItemControl_BASIC-RESOURCE_UNIT-valueHelpDialog-table-rowsel1\"]"}
COMMAND: POST /session/54ab07b6f3a83c27c29484349e99f848/element/f.59AB657FC34E9F51E6BD7341E7570555.d.6D1CB88FDFC628E2D0A2B9F86B869FAB.e.6905/click - {}
RESULT: {}
COMMAND: GET /session/54ab07b6f3a83c27c29484349e99f848/screenshot - {}
RESULT: {}
COMMAND: POST /session/54ab07b6f3a83c27c29484349e99f848/execute/async - {"script":"<script> [1562 bytes]","args":[{"selector":{"id":"application-billofresources-display-component---BillOfResources--smartFilterBar-filterItemControl_BASIC-RESOURCE_UNIT-valueHelpDialog-ok","searchOpenDialogs":true},"wdio_ui5_key":"applicationbillofresources-display-component---BillOfResources--smartFilterBar-filterItemControl_BASIC-RESOURCE_UNIT-valueHelpDialog-ok"}]}
RESULT: {"script":"<script> [1562 bytes]","args":[{"selector":{"id":"application-billofresources-display-component---BillOfResources--smartFilterBar-filterItemControl_BASIC-RESOURCE_UNIT-valueHelpDialog-ok","searchOpenDialogs":true},"wdio_ui5_key":"applicationbillofresources-display-component---BillOfResources--smartFilterBar-filterItemControl_BASIC-RESOURCE_UNIT-valueHelpDialog-ok"}]}
RESULT: undefined
COMMAND: POST /session/54ab07b6f3a83c27c29484349e99f848/element - {"using":"xpath","value":"//*[@id=\"application-billofresources-display-component---BillOfResources--smartFilterBar-filterItemControl_BASIC-RESOURCE_UNIT-valueHelpDialog-ok\"]"}
RESULT: {"using":"xpath","value":"//*[@id=\"application-billofresources-display-component---BillOfResources--smartFilterBar-filterItemControl_BASIC-RESOURCE_UNIT-valueHelpDialog-ok\"]"}
COMMAND: POST /session/54ab07b6f3a83c27c29484349e99f848/element/f.59AB657FC34E9F51E6BD7341E7570555.d.6D1CB88FDFC628E2D0A2B9F86B869FAB.e.6908/click - {}
RESULT: {}
COMMAND: GET /session/54ab07b6f3a83c27c29484349e99f848/screenshot - {}
RESULT: {}
COMMAND: POST /session/54ab07b6f3a83c27c29484349e99f848/execute/async - {"script":"<script> [1562 bytes]","args":[{"selector":{"controlType":"sap.m.ColumnListItem","viewName":"etm.portal.ui.billofresources.view.MasterBoR","viewId":"application-billofresources-display-component---BillOfResources","properties":{"type":"Navigation"},"interaction":{"idSuffix":"cell2"}},"wdio_ui5_key":"etmportal.ui.billofresources.view.MasterBoRsap.m.ColumnListItem{\"type\":\"Navigation\"}"}]}
RESULT: {"script":"<script> [1562 bytes]","args":[{"selector":{"controlType":"sap.m.ColumnListItem","viewName":"etm.portal.ui.billofresources.view.MasterBoR","viewId":"application-billofresources-display-component---BillOfResources","properties":{"type":"Navigation"},"interaction":{"idSuffix":"cell2"}},"wdio_ui5_key":"etmportal.ui.billofresources.view.MasterBoRsap.m.ColumnListItem{\"type\":\"Navigation\"}"}]}
RESULT: undefined
COMMAND: POST /session/54ab07b6f3a83c27c29484349e99f848/execute/async - {"script":"<script> [1562 bytes]","args":[{"selector":{"controlType":"sap.m.Button","viewName":"etm.portal.ui.billofresources.view.DetailBoR","viewId":"application-billofresources-display-component---detailBoR","i18NText":{"propertyName":"text","key":"inspectContent"},"interaction":{"idSuffix":"content"}},"wdio_ui5_key":"etmportal.ui.billofresources.view.DetailBoRsap.m.Button{\"propertyName\":\"text\",\"key\":\"inspectContent\"}"}]}
RESULT: {"script":"<script> [1562 bytes]","args":[{"selector":{"controlType":"sap.m.Button","viewName":"etm.portal.ui.billofresources.view.DetailBoR","viewId":"application-billofresources-display-component---detailBoR","i18NText":{"propertyName":"text","key":"inspectContent"},"interaction":{"idSuffix":"content"}},"wdio_ui5_key":"etmportal.ui.billofresources.view.DetailBoRsap.m.Button{\"propertyName\":\"text\",\"key\":\"inspectContent\"}"}]}
RESULT: undefined
COMMAND: POST /session/54ab07b6f3a83c27c29484349e99f848/execute/async - {"script":"<script> [1562 bytes]","args":[{"selector":{"controlType":"sap.m.Button","properties":{"text":"OK"},"searchOpenDialogs":true,"interaction":{"idSuffix":"BDI-content"}},"wdio_ui5_key":"sapm.Button{\"text\":\"OK\"}"}]}
RESULT: {"script":"<script> [1562 bytes]","args":[{"selector":{"controlType":"sap.m.Button","properties":{"text":"OK"},"searchOpenDialogs":true,"interaction":{"idSuffix":"BDI-content"}},"wdio_ui5_key":"sapm.Button{\"text\":\"OK\"}"}]}
RESULT: undefined
COMMAND: POST /session/54ab07b6f3a83c27c29484349e99f848/execute/async - {"script":"<script> [1562 bytes]","args":[{"selector":{"id":"application-iscorders-display-component---createOrder--orderTitle","interaction":{"idSuffix":"inner"}},"wdio_ui5_key":"applicationiscorders-display-component---createOrder--orderTitle"}]}
RESULT: {"script":"<script> [1562 bytes]","args":[{"selector":{"id":"application-iscorders-display-component---createOrder--orderTitle","interaction":{"idSuffix":"inner"}},"wdio_ui5_key":"applicationiscorders-display-component---createOrder--orderTitle"}]}
RESULT: undefined
COMMAND: POST /session/54ab07b6f3a83c27c29484349e99f848/execute/async - {"script":"<script> [1562 bytes]","args":[{"selector":{"id":"application-iscorders-display-component---createOrder--orderDesc","interaction":{"idSuffix":"inner"}},"wdio_ui5_key":"applicationiscorders-display-component---createOrder--orderDesc"}]}
RESULT: {"script":"<script> [1562 bytes]","args":[{"selector":{"id":"application-iscorders-display-component---createOrder--orderDesc","interaction":{"idSuffix":"inner"}},"wdio_ui5_key":"applicationiscorders-display-component---createOrder--orderDesc"}]}
RESULT: undefined
COMMAND: POST /session/54ab07b6f3a83c27c29484349e99f848/execute/async - {"script":"<script> [1562 bytes]","args":[{"selector":{"controlType":"sap.m.Button","viewName":"etm.portal.ui.iscorders.view.New","viewId":"application-iscorders-display-component---createOrder","properties":{"text":"Cost information"},"interaction":{"idSuffix":"BDI-content"}},"wdio_ui5_key":"etmportal.ui.iscorders.view.Newsap.m.Button{\"text\":\"Cost information\"}"}]}
RESULT: {"script":"<script> [1562 bytes]","args":[{"selector":{"controlType":"sap.m.Button","viewName":"etm.portal.ui.iscorders.view.New","viewId":"application-iscorders-display-component---createOrder","properties":{"text":"Cost information"},"interaction":{"idSuffix":"BDI-content"}},"wdio_ui5_key":"etmportal.ui.iscorders.view.Newsap.m.Button{\"text\":\"Cost information\"}"}]}
RESULT: undefined
COMMAND: POST /session/54ab07b6f3a83c27c29484349e99f848/execute/async - {"script":"<script> [1562 bytes]","args":[{"selector":{"id":"application-iscorders-display-component---createOrder--durationDimension-arrow"},"wdio_ui5_key":"applicationiscorders-display-component---createOrder--durationDimension-arrow"}]}
RESULT: {"script":"<script> [1562 bytes]","args":[{"selector":{"id":"application-iscorders-display-component---createOrder--durationDimension-arrow"},"wdio_ui5_key":"applicationiscorders-display-component---createOrder--durationDimension-arrow"}]}
RESULT: undefined
COMMAND: POST /session/54ab07b6f3a83c27c29484349e99f848/execute/async - {"script":"<script> [1562 bytes]","args":[{"selector":{"controlType":"sap.m.StandardListItem","viewName":"etm.portal.ui.iscorders.view.New","viewId":"application-iscorders-display-component---createOrder","properties":{"title":"Days"},"searchOpenDialogs":true,"interaction":{"idSuffix":"titleText"}},"wdio_ui5_key":"etmportal.ui.iscorders.view.Newsap.m.StandardListItem{\"title\":\"Days\"}"}]}
RESULT: {"script":"<script> [1562 bytes]","args":[{"selector":{"controlType":"sap.m.StandardListItem","viewName":"etm.portal.ui.iscorders.view.New","viewId":"application-iscorders-display-component---createOrder","properties":{"title":"Days"},"searchOpenDialogs":true,"interaction":{"idSuffix":"titleText"}},"wdio_ui5_key":"etmportal.ui.iscorders.view.Newsap.m.StandardListItem{\"title\":\"Days\"}"}]}
RESULT: undefined
COMMAND: POST /session/54ab07b6f3a83c27c29484349e99f848/execute/async - {"script":"<script> [1562 bytes]","args":[{"selector":{"id":"application-iscorders-display-component---createOrder--addPersonButton","interaction":{"idSuffix":"inner"}},"wdio_ui5_key":"applicationiscorders-display-component---createOrder--addPersonButton"}]}
RESULT: {"script":"<script> [1562 bytes]","args":[{"selector":{"id":"application-iscorders-display-component---createOrder--addPersonButton","interaction":{"idSuffix":"inner"}},"wdio_ui5_key":"applicationiscorders-display-component---createOrder--addPersonButton"}]}
RESULT: undefined
COMMAND: POST /session/54ab07b6f3a83c27c29484349e99f848/execute/async - {"script":"<script> [1562 bytes]","args":[{"selector":{"controlType":"sap.m.SearchField","viewName":"etm.portal.ui.iscorders.view.New","viewId":"application-iscorders-display-component---createOrder","properties":{"value":"Test unit update"},"searchOpenDialogs":true,"interaction":{"idSuffix":"I"}},"wdio_ui5_key":"etmportal.ui.iscorders.view.Newsap.m.SearchField{\"value\":\"Test unit update\"}"}]}
RESULT: {"script":"<script> [1562 bytes]","args":[{"selector":{"controlType":"sap.m.SearchField","viewName":"etm.portal.ui.iscorders.view.New","viewId":"application-iscorders-display-component---createOrder","properties":{"value":"Test unit update"},"searchOpenDialogs":true,"interaction":{"idSuffix":"I"}},"wdio_ui5_key":"etmportal.ui.iscorders.view.Newsap.m.SearchField{\"value\":\"Test unit update\"}"}]}
RESULT: undefined
COMMAND: POST /session/54ab07b6f3a83c27c29484349e99f848/actions - {"actions":[{"id":"action24","type":"key","parameters":{},"actions":[{"type":"keyDown","value":"î€‡"},{"type":"pause","duration":10},{"type":"keyUp","value":"î€‡"}]}]}
RESULT: {"actions":[{"id":"action24","type":"key","parameters":{},"actions":[{"type":"keyDown","value":"î€‡"},{"type":"pause","duration":10},{"type":"keyUp","value":"î€‡"}]}]}
COMMAND: POST /session/54ab07b6f3a83c27c29484349e99f848/execute/async - {"script":"<script> [1562 bytes]","args":[{"selector":{"controlType":"sap.m.ObjectAttribute","viewName":"etm.portal.ui.iscorders.view.New","viewId":"application-iscorders-display-component---createOrder","i18NText":{"propertyName":"title","key":"email"},"searchOpenDialogs":true},"wdio_ui5_key":"etmportal.ui.iscorders.view.Newsap.m.ObjectAttribute{\"propertyName\":\"title\",\"key\":\"email\"}"}]}
COMMAND: GET /session/54ab07b6f3a83c27c29484349e99f848/screenshot - {}
RESULT: {"script":"<script> [1562 bytes]","args":[{"selector":{"controlType":"sap.m.ObjectAttribute","viewName":"etm.portal.ui.iscorders.view.New","viewId":"application-iscorders-display-component---createOrder","i18NText":{"propertyName":"title","key":"email"},"searchOpenDialogs":true},"wdio_ui5_key":"etmportal.ui.iscorders.view.Newsap.m.ObjectAttribute{\"propertyName\":\"title\",\"key\":\"email\"}"}]}
RESULT: undefined
COMMAND: POST /session/54ab07b6f3a83c27c29484349e99f848/execute/async - {"script":"<script> [1562 bytes]","args":[{"selector":{"id":"application-iscorders-display-component---createOrder--addTaskButton-img"},"wdio_ui5_key":"applicationiscorders-display-component---createOrder--addTaskButton-img"}]}
RESULT: {}
RESULT: {"script":"<script> [1562 bytes]","args":[{"selector":{"id":"application-iscorders-display-component---createOrder--addTaskButton-img"},"wdio_ui5_key":"applicationiscorders-display-component---createOrder--addTaskButton-img"}]}
RESULT: undefined
COMMAND: POST /session/54ab07b6f3a83c27c29484349e99f848/execute/async - {"script":"<script> [1562 bytes]","args":[{"selector":{"controlType":"sap.m.Input","viewName":"etm.portal.ui.iscorders.view.New","viewId":"application-iscorders-display-component---createOrder","bindingPath":{"path":"/OrderTasks/0","propertyPath":"NAME","modelName":"TaskListModel"},"interaction":{"idSuffix":"inner"}},"wdio_ui5_key":"etmportal.ui.iscorders.view.Newsap.m.Input{\"path\":\"/OrderTasks/0\",\"propertyPath\":\"NAME\",\"modelName\":\"TaskListModel\"}"}]}
RESULT: {"script":"<script> [1562 bytes]","args":[{"selector":{"controlType":"sap.m.Input","viewName":"etm.portal.ui.iscorders.view.New","viewId":"application-iscorders-display-component---createOrder","bindingPath":{"path":"/OrderTasks/0","propertyPath":"NAME","modelName":"TaskListModel"},"interaction":{"idSuffix":"inner"}},"wdio_ui5_key":"etmportal.ui.iscorders.view.Newsap.m.Input{\"path\":\"/OrderTasks/0\",\"propertyPath\":\"NAME\",\"modelName\":\"TaskListModel\"}"}]}
RESULT: undefined
COMMAND: POST /session/54ab07b6f3a83c27c29484349e99f848/execute/async - {"script":"<script> [1562 bytes]","args":[{"selector":{"id":"application-iscorders-display-component---createOrder--taskResponsiblePerson-application-iscorders-display-component---createOrder--sacTempTasksAdd-0","interaction":{"idSuffix":"inner"}},"wdio_ui5_key":"applicationiscorders-display-component---createOrder--taskResponsiblePerson-application-iscorders-display-component---createOrder--sacTempTasksAdd-0"}]}
RESULT: {"script":"<script> [1562 bytes]","args":[{"selector":{"id":"application-iscorders-display-component---createOrder--taskResponsiblePerson-application-iscorders-display-component---createOrder--sacTempTasksAdd-0","interaction":{"idSuffix":"inner"}},"wdio_ui5_key":"applicationiscorders-display-component---createOrder--taskResponsiblePerson-application-iscorders-display-component---createOrder--sacTempTasksAdd-0"}]}
RESULT: undefined
COMMAND: POST /session/54ab07b6f3a83c27c29484349e99f848/execute/async - {"script":"<script> [1562 bytes]","args":[{"selector":{"controlType":"sap.m.TextArea","viewName":"etm.portal.ui.iscorders.view.New","viewId":"application-iscorders-display-component---createOrder","bindingPath":{"path":"/OrderTasks/0","propertyPath":"DESCRIPTION","modelName":"TaskListModel"},"interaction":{"idSuffix":"inner"}},"wdio_ui5_key":"etmportal.ui.iscorders.view.Newsap.m.TextArea{\"path\":\"/OrderTasks/0\",\"propertyPath\":\"DESCRIPTION\",\"modelName\":\"TaskListModel\"}"}]}
RESULT: {"script":"<script> [1562 bytes]","args":[{"selector":{"controlType":"sap.m.TextArea","viewName":"etm.portal.ui.iscorders.view.New","viewId":"application-iscorders-display-component---createOrder","bindingPath":{"path":"/OrderTasks/0","propertyPath":"DESCRIPTION","modelName":"TaskListModel"},"interaction":{"idSuffix":"inner"}},"wdio_ui5_key":"etmportal.ui.iscorders.view.Newsap.m.TextArea{\"path\":\"/OrderTasks/0\",\"propertyPath\":\"DESCRIPTION\",\"modelName\":\"TaskListModel\"}"}]}
RESULT: undefined
COMMAND: POST /session/54ab07b6f3a83c27c29484349e99f848/execute/async - {"script":"<script> [1562 bytes]","args":[{"selector":{"controlType":"sap.m.Input","viewName":"etm.portal.ui.iscorders.view.New","viewId":"application-iscorders-display-component---createOrder","bindingPath":{"path":"/OrderTasks/0","propertyPath":"DURATION","modelName":"TaskListModel"},"interaction":{"idSuffix":"inner"}},"wdio_ui5_key":"etmportal.ui.iscorders.view.Newsap.m.Input{\"path\":\"/OrderTasks/0\",\"propertyPath\":\"DURATION\",\"modelName\":\"TaskListModel\"}"}]}
RESULT: {"script":"<script> [1562 bytes]","args":[{"selector":{"controlType":"sap.m.Input","viewName":"etm.portal.ui.iscorders.view.New","viewId":"application-iscorders-display-component---createOrder","bindingPath":{"path":"/OrderTasks/0","propertyPath":"DURATION","modelName":"TaskListModel"},"interaction":{"idSuffix":"inner"}},"wdio_ui5_key":"etmportal.ui.iscorders.view.Newsap.m.Input{\"path\":\"/OrderTasks/0\",\"propertyPath\":\"DURATION\",\"modelName\":\"TaskListModel\"}"}]}
RESULT: undefined
COMMAND: POST /session/54ab07b6f3a83c27c29484349e99f848/execute/async - {"script":"<script> [1562 bytes]","args":[{"selector":{"controlType":"sap.m.ComboBox","viewName":"etm.portal.ui.iscorders.view.New","viewId":"application-iscorders-display-component---createOrder","bindingPath":{"path":"/OrderTasks/0","propertyPath":"DURATION_UNIT_OF_MEASURE","modelName":"TaskListModel"},"interaction":{"idSuffix":"inner"}},"wdio_ui5_key":"etmportal.ui.iscorders.view.Newsap.m.ComboBox{\"path\":\"/OrderTasks/0\",\"propertyPath\":\"DURATION_UNIT_OF_MEASURE\",\"modelName\":\"TaskListModel\"}"}]}
RESULT: {"script":"<script> [1562 bytes]","args":[{"selector":{"controlType":"sap.m.ComboBox","viewName":"etm.portal.ui.iscorders.view.New","viewId":"application-iscorders-display-component---createOrder","bindingPath":{"path":"/OrderTasks/0","propertyPath":"DURATION_UNIT_OF_MEASURE","modelName":"TaskListModel"},"interaction":{"idSuffix":"inner"}},"wdio_ui5_key":"etmportal.ui.iscorders.view.Newsap.m.ComboBox{\"path\":\"/OrderTasks/0\",\"propertyPath\":\"DURATION_UNIT_OF_MEASURE\",\"modelName\":\"TaskListModel\"}"}]}
RESULT: undefined
COMMAND: POST /session/54ab07b6f3a83c27c29484349e99f848/execute/async - {"script":"<script> [1562 bytes]","args":[{"selector":{"id":"application-iscorders-display-component---createOrder--saveOrderButton","interaction":{"idSuffix":"inner"}},"wdio_ui5_key":"applicationiscorders-display-component---createOrder--saveOrderButton"}]}
RESULT: {"script":"<script> [1562 bytes]","args":[{"selector":{"id":"application-iscorders-display-component---createOrder--saveOrderButton","interaction":{"idSuffix":"inner"}},"wdio_ui5_key":"applicationiscorders-display-component---createOrder--saveOrderButton"}]}
RESULT: undefined
COMMAND: POST /session/54ab07b6f3a83c27c29484349e99f848/element - {"using":"css selector","value":"#shell-header-logo"}
RESULT: {"using":"css selector","value":"#shell-header-logo"}
COMMAND: POST /session/54ab07b6f3a83c27c29484349e99f848/element/f.59AB657FC34E9F51E6BD7341E7570555.d.6D1CB88FDFC628E2D0A2B9F86B869FAB.e.6822/click - {}
RESULT: {}
COMMAND: GET /session/54ab07b6f3a83c27c29484349e99f848/screenshot - {}
RESULT: {}
COMMAND: POST /session/54ab07b6f3a83c27c29484349e99f848/element - {"using":"css selector","value":"#j_username"}
COMMAND: POST /session/54ab07b6f3a83c27c29484349e99f848/url - {"url":"https://qa-testing-00-live-etm-ui.cfapps.eu10-004.hana.ondemand.com/"}
RESULT: {"using":"css selector","value":"#j_username"}
COMMAND: POST /session/54ab07b6f3a83c27c29484349e99f848/element - {"using":"css selector","value":"#j_username"}
RESULT: {"url":"https://qa-testing-00-live-etm-ui.cfapps.eu10-004.hana.ondemand.com/"}
RESULT: undefined
COMMAND: GET /session/54ab07b6f3a83c27c29484349e99f848/screenshot - {}
RESULT: {"using":"css selector","value":"#j_username"}
COMMAND: POST /session/54ab07b6f3a83c27c29484349e99f848/element - {"using":"css selector","value":"#shell-header-logo"}
RESULT: {}
RESULT: {"using":"css selector","value":"#shell-header-logo"}
COMMAND: POST /session/54ab07b6f3a83c27c29484349e99f848/execute/sync - {"script":"<script> [8489 bytes]","args":[{"element-6066-11e4-a52e-4f735466cecf":"f.59AB657FC34E9F51E6BD7341E7570555.d.7197FEBF3FC278F098B0B578F180B103.e.6923","ELEMENT":"f.59AB657FC34E9F51E6BD7341E7570555.d.7197FEBF3FC278F098B0B578F180B103.e.6923"}]}
RESULT: {"script":"<script> [8489 bytes]","args":[{"element-6066-11e4-a52e-4f735466cecf":"f.59AB657FC34E9F51E6BD7341E7570555.d.7197FEBF3FC278F098B0B578F180B103.e.6923","ELEMENT":"f.59AB657FC34E9F51E6BD7341E7570555.d.7197FEBF3FC278F098B0B578F180B103.e.6923"}]}
COMMAND: POST /session/54ab07b6f3a83c27c29484349e99f848/element - {"using":"css selector","value":"#shell-header-logo"}
COMMAND: GET /session/54ab07b6f3a83c27c29484349e99f848/screenshot - {}
RESULT: {"using":"css selector","value":"#shell-header-logo"}
COMMAND: POST /session/54ab07b6f3a83c27c29484349e99f848/execute/sync - {"script":"<script> [8489 bytes]","args":[{"element-6066-11e4-a52e-4f735466cecf":"f.59AB657FC34E9F51E6BD7341E7570555.d.7197FEBF3FC278F098B0B578F180B103.e.6923","ELEMENT":"f.59AB657FC34E9F51E6BD7341E7570555.d.7197FEBF3FC278F098B0B578F180B103.e.6923"}]}
RESULT: {}
RESULT: {"script":"<script> [8489 bytes]","args":[{"element-6066-11e4-a52e-4f735466cecf":"f.59AB657FC34E9F51E6BD7341E7570555.d.7197FEBF3FC278F098B0B578F180B103.e.6923","ELEMENT":"f.59AB657FC34E9F51E6BD7341E7570555.d.7197FEBF3FC278F098B0B578F180B103.e.6923"}]}
COMMAND: POST /session/54ab07b6f3a83c27c29484349e99f848/execute/sync - {"script":"<script> [5351 bytes]","args":[{"element-6066-11e4-a52e-4f735466cecf":"f.59AB657FC34E9F51E6BD7341E7570555.d.7197FEBF3FC278F098B0B578F180B103.e.6923","ELEMENT":"f.59AB657FC34E9F51E6BD7341E7570555.d.7197FEBF3FC278F098B0B578F180B103.e.6923"}]}
COMMAND: GET /session/54ab07b6f3a83c27c29484349e99f848/screenshot - {}
RESULT: {"script":"<script> [5351 bytes]","args":[{"element-6066-11e4-a52e-4f735466cecf":"f.59AB657FC34E9F51E6BD7341E7570555.d.7197FEBF3FC278F098B0B578F180B103.e.6923","ELEMENT":"f.59AB657FC34E9F51E6BD7341E7570555.d.7197FEBF3FC278F098B0B578F180B103.e.6923"}]}
COMMAND: POST /session/54ab07b6f3a83c27c29484349e99f848/element - {"using":"css selector","value":"#shell-header-logo"}
COMMAND: GET /session/54ab07b6f3a83c27c29484349e99f848/screenshot - {}
RESULT: {}
RESULT: {"using":"css selector","value":"#shell-header-logo"}
COMMAND: POST /session/54ab07b6f3a83c27c29484349e99f848/element/f.59AB657FC34E9F51E6BD7341E7570555.d.7197FEBF3FC278F098B0B578F180B103.e.6923/click - {}
RESULT: {}
RESULT: {}
COMMAND: GET /session/54ab07b6f3a83c27c29484349e99f848/screenshot - {}
RESULT: {}
COMMAND: POST /session/54ab07b6f3a83c27c29484349e99f848/execute/async - {"script":"<script> [189 bytes]","args":[]}
RESULT: {"script":"<script> [189 bytes]","args":[]}
COMMAND: POST /session/54ab07b6f3a83c27c29484349e99f848/execute/async - {"script":"<script> [123 bytes]","args":[]}
RESULT: {"script":"<script> [123 bytes]","args":[]}
COMMAND: POST /session/54ab07b6f3a83c27c29484349e99f848/timeouts - {"script":"<number>"}
RESULT: {"script":"<number>"}
COMMAND: GET /session/54ab07b6f3a83c27c29484349e99f848/timeouts - {}
RESULT: {}
RESULT: undefined
COMMAND: POST /session/54ab07b6f3a83c27c29484349e99f848/execute/async - {"script":"<script> [2676 bytes]","args":[]}
RESULT: {"script":"<script> [2676 bytes]","args":[]}
COMMAND: POST /session/54ab07b6f3a83c27c29484349e99f848/execute/async - {"script":"<script> [2342 bytes]","args":[{"protocol":"http","hostname":"0.0.0.0","path":"/","capabilities":{"browserName":"chrome","goog:chromeOptions":{"binary":"C:\\Program Files\\Google\\Chrome\\Application\\chrome.exe","args":["--start-maximized"]}},"logLevel":"warn","connectionRetryTimeout":120000,"connectionRetryCount":3,"logLevels":{},"enableDirectConnect":true,"strictSSL":true,"_":"65 more keys: [\"cacheDir\",\"port\",\"requestedCapabilities\",\"automationProtocol\",\"baseUrl\",\"waitforInterval\",\"waitforTimeout\",\"onReload\",\"beforeCommand\",\"afterCommand\",\"rootDir\",\"specs\",\"suites\",\"exclude\",\"groupLogsByTestSpec\",\"excludeDriverLogs\",\"bail\",\"framework\",\"reporters\",\"services\",\"maxInstances\",\"maxInstancesPerCapability\",\"injectGlobals\",\"filesToWatch\",\"execArgv\",\"runnerEnv\",\"runner\",\"shard\",\"specFileRetries\",\"specFileRetriesDelay\",\"specFileRetriesDeferred\",\"reporterSyncInterval\",\"reporterSyncTimeout\",\"cucumberFeaturesWithLineNumbers\",\"autoCompileOpts\",\"mochaOpts\",\"jasmineOpts\",\"cucumberOpts\",\"onPrepare\",\"onWorkerStart\",\"onWorkerEnd\",\"before\",\"beforeSession\",\"beforeSuite\",\"beforeHook\",\"beforeTest\",\"afterTest\",\"afterHook\",\"afterSuite\",\"afterSession\",\"after\",\"onComplete\",\"beforeAssertion\",\"afterAssertion\",\"beforeFeature\",\"beforeScenario\",\"beforeStep\",\"afterStep\",\"afterScenario\",\"afterFeature\",\"_\",\"suite\",\"$0\",\"ignoredWorkerServices\",\"wdi5\"]"}]}
RESULT: {"script":"<script> [2342 bytes]","args":[{"protocol":"http","hostname":"0.0.0.0","path":"/","capabilities":{"browserName":"chrome","goog:chromeOptions":{"binary":"C:\\Program Files\\Google\\Chrome\\Application\\chrome.exe","args":["--start-maximized"]}},"logLevel":"warn","connectionRetryTimeout":120000,"connectionRetryCount":3,"logLevels":{},"enableDirectConnect":true,"strictSSL":true,"_":"65 more keys: [\"cacheDir\",\"port\",\"requestedCapabilities\",\"automationProtocol\",\"baseUrl\",\"waitforInterval\",\"waitforTimeout\",\"onReload\",\"beforeCommand\",\"afterCommand\",\"rootDir\",\"specs\",\"suites\",\"exclude\",\"groupLogsByTestSpec\",\"excludeDriverLogs\",\"bail\",\"framework\",\"reporters\",\"services\",\"maxInstances\",\"maxInstancesPerCapability\",\"injectGlobals\",\"filesToWatch\",\"execArgv\",\"runnerEnv\",\"runner\",\"shard\",\"specFileRetries\",\"specFileRetriesDelay\",\"specFileRetriesDeferred\",\"reporterSyncInterval\",\"reporterSyncTimeout\",\"cucumberFeaturesWithLineNumbers\",\"autoCompileOpts\",\"mochaOpts\",\"jasmineOpts\",\"cucumberOpts\",\"onPrepare\",\"onWorkerStart\",\"onWorkerEnd\",\"before\",\"beforeSession\",\"beforeSuite\",\"beforeHook\",\"beforeTest\",\"afterTest\",\"afterHook\",\"afterSuite\",\"afterSession\",\"after\",\"onComplete\",\"beforeAssertion\",\"afterAssertion\",\"beforeFeature\",\"beforeScenario\",\"beforeStep\",\"afterStep\",\"afterScenario\",\"afterFeature\",\"_\",\"suite\",\"$0\",\"ignoredWorkerServices\",\"wdi5\"]"}]}
COMMAND: POST /session/54ab07b6f3a83c27c29484349e99f848/execute/async - {"script":"<script> [21126 bytes]","args":[35000]}
RESULT: {"script":"<script> [21126 bytes]","args":[35000]}
COMMAND: POST /session/54ab07b6f3a83c27c29484349e99f848/window/maximize - {}
RESULT: {}
COMMAND: POST /session/54ab07b6f3a83c27c29484349e99f848/execute/async - {"script":"<script> [1562 bytes]","args":[{"selector":{"id":"shell-header","interaction":{"idSuffix":"icon"}},"wdio_ui5_key":"shellheader"}]}
COMMAND: GET /session/54ab07b6f3a83c27c29484349e99f848/screenshot - {}
RESULT: {"script":"<script> [1562 bytes]","args":[{"selector":{"id":"shell-header","interaction":{"idSuffix":"icon"}},"wdio_ui5_key":"shellheader"}]}
RESULT: undefined
COMMAND: POST /session/54ab07b6f3a83c27c29484349e99f848/refresh - {}
RESULT: {}
RESULT: {}
COMMAND: GET /session/54ab07b6f3a83c27c29484349e99f848/screenshot - {}
RESULT: {}
COMMAND: POST /session/54ab07b6f3a83c27c29484349e99f848/refresh - {}
RESULT: {}
COMMAND: GET /session/54ab07b6f3a83c27c29484349e99f848/screenshot - {}
RESULT: {}
COMMAND: POST /session/54ab07b6f3a83c27c29484349e99f848/window/fullscreen - {}
RESULT: {}
COMMAND: POST /session/54ab07b6f3a83c27c29484349e99f848/execute/async - {"script":"<script> [189 bytes]","args":[]}
RESULT: {"script":"<script> [189 bytes]","args":[]}
COMMAND: POST /session/54ab07b6f3a83c27c29484349e99f848/execute/async - {"script":"<script> [123 bytes]","args":[]}
RESULT: {"script":"<script> [123 bytes]","args":[]}
COMMAND: POST /session/54ab07b6f3a83c27c29484349e99f848/timeouts - {"script":"<number>"}
RESULT: {"script":"<number>"}
COMMAND: GET /session/54ab07b6f3a83c27c29484349e99f848/timeouts - {}
RESULT: {}
RESULT: undefined
COMMAND: POST /session/54ab07b6f3a83c27c29484349e99f848/execute/async - {"script":"<script> [2676 bytes]","args":[]}
RESULT: {"script":"<script> [2676 bytes]","args":[]}
COMMAND: POST /session/54ab07b6f3a83c27c29484349e99f848/execute/async - {"script":"<script> [2342 bytes]","args":[{"protocol":"http","hostname":"0.0.0.0","path":"/","capabilities":{"browserName":"chrome","goog:chromeOptions":{"binary":"C:\\Program Files\\Google\\Chrome\\Application\\chrome.exe","args":["--start-maximized"]}},"logLevel":"warn","connectionRetryTimeout":120000,"connectionRetryCount":3,"logLevels":{},"enableDirectConnect":true,"strictSSL":true,"_":"65 more keys: [\"cacheDir\",\"port\",\"requestedCapabilities\",\"automationProtocol\",\"baseUrl\",\"waitforInterval\",\"waitforTimeout\",\"onReload\",\"beforeCommand\",\"afterCommand\",\"rootDir\",\"specs\",\"suites\",\"exclude\",\"groupLogsByTestSpec\",\"excludeDriverLogs\",\"bail\",\"framework\",\"reporters\",\"services\",\"maxInstances\",\"maxInstancesPerCapability\",\"injectGlobals\",\"filesToWatch\",\"execArgv\",\"runnerEnv\",\"runner\",\"shard\",\"specFileRetries\",\"specFileRetriesDelay\",\"specFileRetriesDeferred\",\"reporterSyncInterval\",\"reporterSyncTimeout\",\"cucumberFeaturesWithLineNumbers\",\"autoCompileOpts\",\"mochaOpts\",\"jasmineOpts\",\"cucumberOpts\",\"onPrepare\",\"onWorkerStart\",\"onWorkerEnd\",\"before\",\"beforeSession\",\"beforeSuite\",\"beforeHook\",\"beforeTest\",\"afterTest\",\"afterHook\",\"afterSuite\",\"afterSession\",\"after\",\"onComplete\",\"beforeAssertion\",\"afterAssertion\",\"beforeFeature\",\"beforeScenario\",\"beforeStep\",\"afterStep\",\"afterScenario\",\"afterFeature\",\"_\",\"suite\",\"$0\",\"ignoredWorkerServices\",\"wdi5\"]"}]}
RESULT: {"script":"<script> [2342 bytes]","args":[{"protocol":"http","hostname":"0.0.0.0","path":"/","capabilities":{"browserName":"chrome","goog:chromeOptions":{"binary":"C:\\Program Files\\Google\\Chrome\\Application\\chrome.exe","args":["--start-maximized"]}},"logLevel":"warn","connectionRetryTimeout":120000,"connectionRetryCount":3,"logLevels":{},"enableDirectConnect":true,"strictSSL":true,"_":"65 more keys: [\"cacheDir\",\"port\",\"requestedCapabilities\",\"automationProtocol\",\"baseUrl\",\"waitforInterval\",\"waitforTimeout\",\"onReload\",\"beforeCommand\",\"afterCommand\",\"rootDir\",\"specs\",\"suites\",\"exclude\",\"groupLogsByTestSpec\",\"excludeDriverLogs\",\"bail\",\"framework\",\"reporters\",\"services\",\"maxInstances\",\"maxInstancesPerCapability\",\"injectGlobals\",\"filesToWatch\",\"execArgv\",\"runnerEnv\",\"runner\",\"shard\",\"specFileRetries\",\"specFileRetriesDelay\",\"specFileRetriesDeferred\",\"reporterSyncInterval\",\"reporterSyncTimeout\",\"cucumberFeaturesWithLineNumbers\",\"autoCompileOpts\",\"mochaOpts\",\"jasmineOpts\",\"cucumberOpts\",\"onPrepare\",\"onWorkerStart\",\"onWorkerEnd\",\"before\",\"beforeSession\",\"beforeSuite\",\"beforeHook\",\"beforeTest\",\"afterTest\",\"afterHook\",\"afterSuite\",\"afterSession\",\"after\",\"onComplete\",\"beforeAssertion\",\"afterAssertion\",\"beforeFeature\",\"beforeScenario\",\"beforeStep\",\"afterStep\",\"afterScenario\",\"afterFeature\",\"_\",\"suite\",\"$0\",\"ignoredWorkerServices\",\"wdi5\"]"}]}
COMMAND: POST /session/54ab07b6f3a83c27c29484349e99f848/execute/async - {"script":"<script> [21126 bytes]","args":[35000]}
RESULT: {"script":"<script> [21126 bytes]","args":[35000]}
COMMAND: POST /session/54ab07b6f3a83c27c29484349e99f848/window/fullscreen - {}
RESULT: {}
]]></system-out>
    </testcase>
  </testsuite>
  <testsuite timestamp="2025-04-25T17:24:56" time="619.852" tests="6" failures="5" errors="5" skipped="0">
    <properties>
      <property name="specId" value="0" />
      <property name="suiteName" value="RU Inventory Mass State Change Multiple Items US151066" />
      <property name="capabilities" value="chrome.135_0_7049_96.windows" />
      <property name="file" value="file:///D:/a/1/s/test/specs/BTS/ru-inv-list-mass-state-change.spec.js" />
    </properties>
    <testcase classname="chrome.135_0_7049_96.windows.RU_Inventory_Mass_State_Change_Multiple_Items_US151066" name="Step 1 Should do a RU inventory mass state change on chosen yard 109 with the resources available one equipment multipart one tool pool" time="292.736">
      <system-out><![CDATA[
COMMAND: POST /session/54ab07b6f3a83c27c29484349e99f848/execute/async - {"script":"<script> [1562 bytes]","args":[{"selector":{"controlType":"sap.m.GenericTile","properties":{"header":"RU Inventory List"}},"wdio_ui5_key":"sapm.GenericTile{\"header\":\"RU Inventory List\"}"}]}
RESULT: {"script":"<script> [1562 bytes]","args":[{"selector":{"controlType":"sap.m.GenericTile","properties":{"header":"RU Inventory List"}},"wdio_ui5_key":"sapm.GenericTile{\"header\":\"RU Inventory List\"}"}]}
RESULT: undefined
COMMAND: POST /session/54ab07b6f3a83c27c29484349e99f848/element - {"using":"xpath","value":"//*[@id=\"__tile99\"]"}
RESULT: {"using":"xpath","value":"//*[@id=\"__tile99\"]"}
COMMAND: POST /session/54ab07b6f3a83c27c29484349e99f848/element/f.59AB657FC34E9F51E6BD7341E7570555.d.A7CF349951AC8ED10851F8D3D6D3AF32.e.7082/click - {}
RESULT: {}
COMMAND: POST /session/54ab07b6f3a83c27c29484349e99f848/element - {"using":"xpath","value":"//button[contains(@id, \"massStateBtn\")]"}
COMMAND: GET /session/54ab07b6f3a83c27c29484349e99f848/screenshot - {}
RESULT: {"using":"xpath","value":"//button[contains(@id, \"massStateBtn\")]"}
COMMAND: POST /session/54ab07b6f3a83c27c29484349e99f848/elements - {"using":"xpath","value":"//button[contains(@id, \"massStateBtn\")]"}
RESULT: {}
RESULT: {"using":"xpath","value":"//button[contains(@id, \"massStateBtn\")]"}
COMMAND: POST /session/54ab07b6f3a83c27c29484349e99f848/elements - {"using":"xpath","value":"//button[contains(@id, \"massStateBtn\")]"}
RESULT: {"using":"xpath","value":"//button[contains(@id, \"massStateBtn\")]"}
COMMAND: POST /session/54ab07b6f3a83c27c29484349e99f848/elements - {"using":"xpath","value":"//button[contains(@id, \"massStateBtn\")]"}
RESULT: {"using":"xpath","value":"//button[contains(@id, \"massStateBtn\")]"}
COMMAND: POST /session/54ab07b6f3a83c27c29484349e99f848/elements - {"using":"xpath","value":"//button[contains(@id, \"massStateBtn\")]"}
RESULT: {"using":"xpath","value":"//button[contains(@id, \"massStateBtn\")]"}
COMMAND: POST /session/54ab07b6f3a83c27c29484349e99f848/elements - {"using":"xpath","value":"//button[contains(@id, \"massStateBtn\")]"}
RESULT: {"using":"xpath","value":"//button[contains(@id, \"massStateBtn\")]"}
COMMAND: POST /session/54ab07b6f3a83c27c29484349e99f848/elements - {"using":"xpath","value":"//button[contains(@id, \"massStateBtn\")]"}
RESULT: {"using":"xpath","value":"//button[contains(@id, \"massStateBtn\")]"}
COMMAND: POST /session/54ab07b6f3a83c27c29484349e99f848/elements - {"using":"xpath","value":"//button[contains(@id, \"massStateBtn\")]"}
RESULT: {"using":"xpath","value":"//button[contains(@id, \"massStateBtn\")]"}
COMMAND: POST /session/54ab07b6f3a83c27c29484349e99f848/elements - {"using":"xpath","value":"//button[contains(@id, \"massStateBtn\")]"}
RESULT: {"using":"xpath","value":"//button[contains(@id, \"massStateBtn\")]"}
COMMAND: POST /session/54ab07b6f3a83c27c29484349e99f848/elements - {"using":"xpath","value":"//button[contains(@id, \"massStateBtn\")]"}
RESULT: {"using":"xpath","value":"//button[contains(@id, \"massStateBtn\")]"}
COMMAND: POST /session/54ab07b6f3a83c27c29484349e99f848/elements - {"using":"xpath","value":"//button[contains(@id, \"massStateBtn\")]"}
RESULT: {"using":"xpath","value":"//button[contains(@id, \"massStateBtn\")]"}
COMMAND: POST /session/54ab07b6f3a83c27c29484349e99f848/elements - {"using":"xpath","value":"//button[contains(@id, \"massStateBtn\")]"}
RESULT: {"using":"xpath","value":"//button[contains(@id, \"massStateBtn\")]"}
COMMAND: POST /session/54ab07b6f3a83c27c29484349e99f848/elements - {"using":"xpath","value":"//button[contains(@id, \"massStateBtn\")]"}
RESULT: {"using":"xpath","value":"//button[contains(@id, \"massStateBtn\")]"}
COMMAND: POST /session/54ab07b6f3a83c27c29484349e99f848/elements - {"using":"xpath","value":"//button[contains(@id, \"massStateBtn\")]"}
RESULT: {"using":"xpath","value":"//button[contains(@id, \"massStateBtn\")]"}
COMMAND: POST /session/54ab07b6f3a83c27c29484349e99f848/elements - {"using":"xpath","value":"//button[contains(@id, \"massStateBtn\")]"}
RESULT: {"using":"xpath","value":"//button[contains(@id, \"massStateBtn\")]"}
COMMAND: POST /session/54ab07b6f3a83c27c29484349e99f848/elements - {"using":"xpath","value":"//button[contains(@id, \"massStateBtn\")]"}
RESULT: {"using":"xpath","value":"//button[contains(@id, \"massStateBtn\")]"}
COMMAND: POST /session/54ab07b6f3a83c27c29484349e99f848/elements - {"using":"xpath","value":"//button[contains(@id, \"massStateBtn\")]"}
RESULT: {"using":"xpath","value":"//button[contains(@id, \"massStateBtn\")]"}
COMMAND: POST /session/54ab07b6f3a83c27c29484349e99f848/elements - {"using":"xpath","value":"//button[contains(@id, \"massStateBtn\")]"}
RESULT: {"using":"xpath","value":"//button[contains(@id, \"massStateBtn\")]"}
COMMAND: POST /session/54ab07b6f3a83c27c29484349e99f848/elements - {"using":"xpath","value":"//button[contains(@id, \"massStateBtn\")]"}
RESULT: {"using":"xpath","value":"//button[contains(@id, \"massStateBtn\")]"}
COMMAND: POST /session/54ab07b6f3a83c27c29484349e99f848/elements - {"using":"xpath","value":"//button[contains(@id, \"massStateBtn\")]"}
RESULT: {"using":"xpath","value":"//button[contains(@id, \"massStateBtn\")]"}
COMMAND: POST /session/54ab07b6f3a83c27c29484349e99f848/elements - {"using":"xpath","value":"//button[contains(@id, \"massStateBtn\")]"}
RESULT: {"using":"xpath","value":"//button[contains(@id, \"massStateBtn\")]"}
COMMAND: POST /session/54ab07b6f3a83c27c29484349e99f848/elements - {"using":"xpath","value":"//button[contains(@id, \"massStateBtn\")]"}
RESULT: {"using":"xpath","value":"//button[contains(@id, \"massStateBtn\")]"}
COMMAND: POST /session/54ab07b6f3a83c27c29484349e99f848/elements - {"using":"xpath","value":"//button[contains(@id, \"massStateBtn\")]"}
RESULT: {"using":"xpath","value":"//button[contains(@id, \"massStateBtn\")]"}
COMMAND: POST /session/54ab07b6f3a83c27c29484349e99f848/elements - {"using":"xpath","value":"//button[contains(@id, \"massStateBtn\")]"}
RESULT: {"using":"xpath","value":"//button[contains(@id, \"massStateBtn\")]"}
COMMAND: POST /session/54ab07b6f3a83c27c29484349e99f848/elements - {"using":"xpath","value":"//button[contains(@id, \"massStateBtn\")]"}
RESULT: {"using":"xpath","value":"//button[contains(@id, \"massStateBtn\")]"}
COMMAND: POST /session/54ab07b6f3a83c27c29484349e99f848/elements - {"using":"xpath","value":"//button[contains(@id, \"massStateBtn\")]"}
RESULT: {"using":"xpath","value":"//button[contains(@id, \"massStateBtn\")]"}
COMMAND: POST /session/54ab07b6f3a83c27c29484349e99f848/elements - {"using":"xpath","value":"//button[contains(@id, \"massStateBtn\")]"}
RESULT: {"using":"xpath","value":"//button[contains(@id, \"massStateBtn\")]"}
COMMAND: POST /session/54ab07b6f3a83c27c29484349e99f848/elements - {"using":"xpath","value":"//button[contains(@id, \"massStateBtn\")]"}
RESULT: {"using":"xpath","value":"//button[contains(@id, \"massStateBtn\")]"}
COMMAND: POST /session/54ab07b6f3a83c27c29484349e99f848/elements - {"using":"xpath","value":"//button[contains(@id, \"massStateBtn\")]"}
RESULT: {"using":"xpath","value":"//button[contains(@id, \"massStateBtn\")]"}
COMMAND: POST /session/54ab07b6f3a83c27c29484349e99f848/elements - {"using":"xpath","value":"//button[contains(@id, \"massStateBtn\")]"}
RESULT: {"using":"xpath","value":"//button[contains(@id, \"massStateBtn\")]"}
COMMAND: POST /session/54ab07b6f3a83c27c29484349e99f848/elements - {"using":"xpath","value":"//button[contains(@id, \"massStateBtn\")]"}
RESULT: {"using":"xpath","value":"//button[contains(@id, \"massStateBtn\")]"}
COMMAND: POST /session/54ab07b6f3a83c27c29484349e99f848/elements - {"using":"xpath","value":"//button[contains(@id, \"massStateBtn\")]"}
RESULT: {"using":"xpath","value":"//button[contains(@id, \"massStateBtn\")]"}
COMMAND: POST /session/54ab07b6f3a83c27c29484349e99f848/elements - {"using":"xpath","value":"//button[contains(@id, \"massStateBtn\")]"}
RESULT: {"using":"xpath","value":"//button[contains(@id, \"massStateBtn\")]"}
COMMAND: POST /session/54ab07b6f3a83c27c29484349e99f848/elements - {"using":"xpath","value":"//button[contains(@id, \"massStateBtn\")]"}
RESULT: {"using":"xpath","value":"//button[contains(@id, \"massStateBtn\")]"}
COMMAND: POST /session/54ab07b6f3a83c27c29484349e99f848/elements - {"using":"xpath","value":"//button[contains(@id, \"massStateBtn\")]"}
RESULT: {"using":"xpath","value":"//button[contains(@id, \"massStateBtn\")]"}
COMMAND: POST /session/54ab07b6f3a83c27c29484349e99f848/elements - {"using":"xpath","value":"//button[contains(@id, \"massStateBtn\")]"}
RESULT: {"using":"xpath","value":"//button[contains(@id, \"massStateBtn\")]"}
COMMAND: POST /session/54ab07b6f3a83c27c29484349e99f848/elements - {"using":"xpath","value":"//button[contains(@id, \"massStateBtn\")]"}
RESULT: {"using":"xpath","value":"//button[contains(@id, \"massStateBtn\")]"}
COMMAND: POST /session/54ab07b6f3a83c27c29484349e99f848/elements - {"using":"xpath","value":"//button[contains(@id, \"massStateBtn\")]"}
RESULT: {"using":"xpath","value":"//button[contains(@id, \"massStateBtn\")]"}
COMMAND: POST /session/54ab07b6f3a83c27c29484349e99f848/elements - {"using":"xpath","value":"//button[contains(@id, \"massStateBtn\")]"}
RESULT: {"using":"xpath","value":"//button[contains(@id, \"massStateBtn\")]"}
COMMAND: POST /session/54ab07b6f3a83c27c29484349e99f848/elements - {"using":"xpath","value":"//button[contains(@id, \"massStateBtn\")]"}
RESULT: {"using":"xpath","value":"//button[contains(@id, \"massStateBtn\")]"}
COMMAND: POST /session/54ab07b6f3a83c27c29484349e99f848/elements - {"using":"xpath","value":"//button[contains(@id, \"massStateBtn\")]"}
RESULT: {"using":"xpath","value":"//button[contains(@id, \"massStateBtn\")]"}
COMMAND: POST /session/54ab07b6f3a83c27c29484349e99f848/elements - {"using":"xpath","value":"//button[contains(@id, \"massStateBtn\")]"}
RESULT: {"using":"xpath","value":"//button[contains(@id, \"massStateBtn\")]"}
COMMAND: POST /session/54ab07b6f3a83c27c29484349e99f848/elements - {"using":"xpath","value":"//button[contains(@id, \"massStateBtn\")]"}
RESULT: {"using":"xpath","value":"//button[contains(@id, \"massStateBtn\")]"}
COMMAND: POST /session/54ab07b6f3a83c27c29484349e99f848/elements - {"using":"xpath","value":"//button[contains(@id, \"massStateBtn\")]"}
RESULT: {"using":"xpath","value":"//button[contains(@id, \"massStateBtn\")]"}
COMMAND: POST /session/54ab07b6f3a83c27c29484349e99f848/elements - {"using":"xpath","value":"//button[contains(@id, \"massStateBtn\")]"}
RESULT: {"using":"xpath","value":"//button[contains(@id, \"massStateBtn\")]"}
COMMAND: POST /session/54ab07b6f3a83c27c29484349e99f848/elements - {"using":"xpath","value":"//button[contains(@id, \"massStateBtn\")]"}
RESULT: {"using":"xpath","value":"//button[contains(@id, \"massStateBtn\")]"}
COMMAND: POST /session/54ab07b6f3a83c27c29484349e99f848/elements - {"using":"xpath","value":"//button[contains(@id, \"massStateBtn\")]"}
RESULT: {"using":"xpath","value":"//button[contains(@id, \"massStateBtn\")]"}
COMMAND: POST /session/54ab07b6f3a83c27c29484349e99f848/elements - {"using":"xpath","value":"//button[contains(@id, \"massStateBtn\")]"}
RESULT: {"using":"xpath","value":"//button[contains(@id, \"massStateBtn\")]"}
COMMAND: POST /session/54ab07b6f3a83c27c29484349e99f848/elements - {"using":"xpath","value":"//button[contains(@id, \"massStateBtn\")]"}
RESULT: {"using":"xpath","value":"//button[contains(@id, \"massStateBtn\")]"}
COMMAND: POST /session/54ab07b6f3a83c27c29484349e99f848/elements - {"using":"xpath","value":"//button[contains(@id, \"massStateBtn\")]"}
RESULT: {"using":"xpath","value":"//button[contains(@id, \"massStateBtn\")]"}
COMMAND: POST /session/54ab07b6f3a83c27c29484349e99f848/elements - {"using":"xpath","value":"//button[contains(@id, \"massStateBtn\")]"}
RESULT: {"using":"xpath","value":"//button[contains(@id, \"massStateBtn\")]"}
COMMAND: POST /session/54ab07b6f3a83c27c29484349e99f848/elements - {"using":"xpath","value":"//button[contains(@id, \"massStateBtn\")]"}
RESULT: {"using":"xpath","value":"//button[contains(@id, \"massStateBtn\")]"}
COMMAND: POST /session/54ab07b6f3a83c27c29484349e99f848/elements - {"using":"xpath","value":"//button[contains(@id, \"massStateBtn\")]"}
RESULT: {"using":"xpath","value":"//button[contains(@id, \"massStateBtn\")]"}
COMMAND: POST /session/54ab07b6f3a83c27c29484349e99f848/elements - {"using":"xpath","value":"//button[contains(@id, \"massStateBtn\")]"}
RESULT: {"using":"xpath","value":"//button[contains(@id, \"massStateBtn\")]"}
COMMAND: POST /session/54ab07b6f3a83c27c29484349e99f848/elements - {"using":"xpath","value":"//button[contains(@id, \"massStateBtn\")]"}
RESULT: {"using":"xpath","value":"//button[contains(@id, \"massStateBtn\")]"}
COMMAND: POST /session/54ab07b6f3a83c27c29484349e99f848/elements - {"using":"xpath","value":"//button[contains(@id, \"massStateBtn\")]"}
RESULT: {"using":"xpath","value":"//button[contains(@id, \"massStateBtn\")]"}
COMMAND: POST /session/54ab07b6f3a83c27c29484349e99f848/elements - {"using":"xpath","value":"//button[contains(@id, \"massStateBtn\")]"}
RESULT: {"using":"xpath","value":"//button[contains(@id, \"massStateBtn\")]"}
COMMAND: POST /session/54ab07b6f3a83c27c29484349e99f848/elements - {"using":"xpath","value":"//button[contains(@id, \"massStateBtn\")]"}
RESULT: {"using":"xpath","value":"//button[contains(@id, \"massStateBtn\")]"}
COMMAND: POST /session/54ab07b6f3a83c27c29484349e99f848/elements - {"using":"xpath","value":"//button[contains(@id, \"massStateBtn\")]"}
RESULT: {"using":"xpath","value":"//button[contains(@id, \"massStateBtn\")]"}
COMMAND: POST /session/54ab07b6f3a83c27c29484349e99f848/elements - {"using":"xpath","value":"//button[contains(@id, \"massStateBtn\")]"}
RESULT: {"using":"xpath","value":"//button[contains(@id, \"massStateBtn\")]"}
COMMAND: POST /session/54ab07b6f3a83c27c29484349e99f848/elements - {"using":"xpath","value":"//button[contains(@id, \"massStateBtn\")]"}
RESULT: {"using":"xpath","value":"//button[contains(@id, \"massStateBtn\")]"}
COMMAND: POST /session/54ab07b6f3a83c27c29484349e99f848/elements - {"using":"xpath","value":"//button[contains(@id, \"massStateBtn\")]"}
RESULT: {"using":"xpath","value":"//button[contains(@id, \"massStateBtn\")]"}
COMMAND: POST /session/54ab07b6f3a83c27c29484349e99f848/elements - {"using":"xpath","value":"//button[contains(@id, \"massStateBtn\")]"}
RESULT: {"using":"xpath","value":"//button[contains(@id, \"massStateBtn\")]"}
COMMAND: POST /session/54ab07b6f3a83c27c29484349e99f848/elements - {"using":"xpath","value":"//button[contains(@id, \"massStateBtn\")]"}
RESULT: {"using":"xpath","value":"//button[contains(@id, \"massStateBtn\")]"}
COMMAND: POST /session/54ab07b6f3a83c27c29484349e99f848/elements - {"using":"xpath","value":"//button[contains(@id, \"massStateBtn\")]"}
RESULT: {"using":"xpath","value":"//button[contains(@id, \"massStateBtn\")]"}
COMMAND: POST /session/54ab07b6f3a83c27c29484349e99f848/elements - {"using":"xpath","value":"//button[contains(@id, \"massStateBtn\")]"}
RESULT: {"using":"xpath","value":"//button[contains(@id, \"massStateBtn\")]"}
COMMAND: POST /session/54ab07b6f3a83c27c29484349e99f848/elements - {"using":"xpath","value":"//button[contains(@id, \"massStateBtn\")]"}
RESULT: {"using":"xpath","value":"//button[contains(@id, \"massStateBtn\")]"}
COMMAND: POST /session/54ab07b6f3a83c27c29484349e99f848/elements - {"using":"xpath","value":"//button[contains(@id, \"massStateBtn\")]"}
RESULT: {"using":"xpath","value":"//button[contains(@id, \"massStateBtn\")]"}
COMMAND: POST /session/54ab07b6f3a83c27c29484349e99f848/elements - {"using":"xpath","value":"//button[contains(@id, \"massStateBtn\")]"}
RESULT: {"using":"xpath","value":"//button[contains(@id, \"massStateBtn\")]"}
COMMAND: POST /session/54ab07b6f3a83c27c29484349e99f848/elements - {"using":"xpath","value":"//button[contains(@id, \"massStateBtn\")]"}
RESULT: {"using":"xpath","value":"//button[contains(@id, \"massStateBtn\")]"}
COMMAND: POST /session/54ab07b6f3a83c27c29484349e99f848/elements - {"using":"xpath","value":"//button[contains(@id, \"massStateBtn\")]"}
RESULT: {"using":"xpath","value":"//button[contains(@id, \"massStateBtn\")]"}
COMMAND: POST /session/54ab07b6f3a83c27c29484349e99f848/elements - {"using":"xpath","value":"//button[contains(@id, \"massStateBtn\")]"}
RESULT: {"using":"xpath","value":"//button[contains(@id, \"massStateBtn\")]"}
COMMAND: POST /session/54ab07b6f3a83c27c29484349e99f848/element - {"using":"xpath","value":"//button[contains(@id, \"massStateBtn\")]"}
RESULT: {"using":"xpath","value":"//button[contains(@id, \"massStateBtn\")]"}
COMMAND: POST /session/54ab07b6f3a83c27c29484349e99f848/execute/sync - {"script":"<script> [8489 bytes]","args":[{"element-6066-11e4-a52e-4f735466cecf":"f.59AB657FC34E9F51E6BD7341E7570555.d.A7CF349951AC8ED10851F8D3D6D3AF32.e.7118","ELEMENT":"f.59AB657FC34E9F51E6BD7341E7570555.d.A7CF349951AC8ED10851F8D3D6D3AF32.e.7118"}]}
RESULT: {"script":"<script> [8489 bytes]","args":[{"element-6066-11e4-a52e-4f735466cecf":"f.59AB657FC34E9F51E6BD7341E7570555.d.A7CF349951AC8ED10851F8D3D6D3AF32.e.7118","ELEMENT":"f.59AB657FC34E9F51E6BD7341E7570555.d.A7CF349951AC8ED10851F8D3D6D3AF32.e.7118"}]}
COMMAND: GET /session/54ab07b6f3a83c27c29484349e99f848/element/f.59AB657FC34E9F51E6BD7341E7570555.d.A7CF349951AC8ED10851F8D3D6D3AF32.e.7118/enabled - {}
COMMAND: GET /session/54ab07b6f3a83c27c29484349e99f848/screenshot - {}
RESULT: {}
COMMAND: POST /session/54ab07b6f3a83c27c29484349e99f848/execute/sync - {"script":"<script> [8489 bytes]","args":[{"element-6066-11e4-a52e-4f735466cecf":"f.59AB657FC34E9F51E6BD7341E7570555.d.A7CF349951AC8ED10851F8D3D6D3AF32.e.7118","ELEMENT":"f.59AB657FC34E9F51E6BD7341E7570555.d.A7CF349951AC8ED10851F8D3D6D3AF32.e.7118"}]}
COMMAND: GET /session/54ab07b6f3a83c27c29484349e99f848/screenshot - {}
RESULT: {}
RESULT: {"script":"<script> [8489 bytes]","args":[{"element-6066-11e4-a52e-4f735466cecf":"f.59AB657FC34E9F51E6BD7341E7570555.d.A7CF349951AC8ED10851F8D3D6D3AF32.e.7118","ELEMENT":"f.59AB657FC34E9F51E6BD7341E7570555.d.A7CF349951AC8ED10851F8D3D6D3AF32.e.7118"}]}
COMMAND: POST /session/54ab07b6f3a83c27c29484349e99f848/execute/sync - {"script":"<script> [5351 bytes]","args":[{"element-6066-11e4-a52e-4f735466cecf":"f.59AB657FC34E9F51E6BD7341E7570555.d.A7CF349951AC8ED10851F8D3D6D3AF32.e.7118","ELEMENT":"f.59AB657FC34E9F51E6BD7341E7570555.d.A7CF349951AC8ED10851F8D3D6D3AF32.e.7118"}]}
COMMAND: GET /session/54ab07b6f3a83c27c29484349e99f848/screenshot - {}
RESULT: {}
RESULT: {"script":"<script> [5351 bytes]","args":[{"element-6066-11e4-a52e-4f735466cecf":"f.59AB657FC34E9F51E6BD7341E7570555.d.A7CF349951AC8ED10851F8D3D6D3AF32.e.7118","ELEMENT":"f.59AB657FC34E9F51E6BD7341E7570555.d.A7CF349951AC8ED10851F8D3D6D3AF32.e.7118"}]}
COMMAND: POST /session/54ab07b6f3a83c27c29484349e99f848/element/f.59AB657FC34E9F51E6BD7341E7570555.d.A7CF349951AC8ED10851F8D3D6D3AF32.e.7118/click - {}
COMMAND: GET /session/54ab07b6f3a83c27c29484349e99f848/screenshot - {}
RESULT: {}
RESULT: {}
COMMAND: GET /session/54ab07b6f3a83c27c29484349e99f848/screenshot - {}
RESULT: {}
RESULT: {}
COMMAND: POST /session/54ab07b6f3a83c27c29484349e99f848/execute/async - {"script":"<script> [1562 bytes]","args":[{"selector":{"id":"application-ruinventorylist-display-component---Master--ruLocationTypeComboBox-arrow"},"wdio_ui5_key":"applicationruinventorylist-display-component---Master--ruLocationTypeComboBox-arrow"}]}
RESULT: {"script":"<script> [1562 bytes]","args":[{"selector":{"id":"application-ruinventorylist-display-component---Master--ruLocationTypeComboBox-arrow"},"wdio_ui5_key":"applicationruinventorylist-display-component---Master--ruLocationTypeComboBox-arrow"}]}
RESULT: undefined
COMMAND: POST /session/54ab07b6f3a83c27c29484349e99f848/element - {"using":"xpath","value":"//*[@id=\"application-ruinventorylist-display-component---Master--ruLocationTypeComboBox-arrow\"]"}
RESULT: {"using":"xpath","value":"//*[@id=\"application-ruinventorylist-display-component---Master--ruLocationTypeComboBox-arrow\"]"}
COMMAND: POST /session/54ab07b6f3a83c27c29484349e99f848/element/f.59AB657FC34E9F51E6BD7341E7570555.d.A7CF349951AC8ED10851F8D3D6D3AF32.e.7358/click - {}
RESULT: {}
COMMAND: GET /session/54ab07b6f3a83c27c29484349e99f848/screenshot - {}
RESULT: {}
COMMAND: POST /session/54ab07b6f3a83c27c29484349e99f848/element - {"using":"xpath","value":"//li[.//span[text()='Yard']]"}
RESULT: {"using":"xpath","value":"//li[.//span[text()='Yard']]"}
COMMAND: POST /session/54ab07b6f3a83c27c29484349e99f848/element/f.59AB657FC34E9F51E6BD7341E7570555.d.A7CF349951AC8ED10851F8D3D6D3AF32.e.7359/click - {}
RESULT: {}
COMMAND: GET /session/54ab07b6f3a83c27c29484349e99f848/screenshot - {}
RESULT: {}
COMMAND: POST /session/54ab07b6f3a83c27c29484349e99f848/execute/async - {"script":"<script> [1562 bytes]","args":[{"selector":{"id":"application-ruinventorylist-display-component---Master--smartFilterBar-filterItemControl_BASIC-YARD-vhi"},"wdio_ui5_key":"applicationruinventorylist-display-component---Master--smartFilterBar-filterItemControl_BASIC-YARD-vhi"}]}
RESULT: {"script":"<script> [1562 bytes]","args":[{"selector":{"id":"application-ruinventorylist-display-component---Master--smartFilterBar-filterItemControl_BASIC-YARD-vhi"},"wdio_ui5_key":"applicationruinventorylist-display-component---Master--smartFilterBar-filterItemControl_BASIC-YARD-vhi"}]}
RESULT: undefined
COMMAND: POST /session/54ab07b6f3a83c27c29484349e99f848/element - {"using":"xpath","value":"//*[@id=\"application-ruinventorylist-display-component---Master--smartFilterBar-filterItemControl_BASIC-YARD-vhi\"]"}
RESULT: {"using":"xpath","value":"//*[@id=\"application-ruinventorylist-display-component---Master--smartFilterBar-filterItemControl_BASIC-YARD-vhi\"]"}
COMMAND: POST /session/54ab07b6f3a83c27c29484349e99f848/element/f.59AB657FC34E9F51E6BD7341E7570555.d.A7CF349951AC8ED10851F8D3D6D3AF32.e.7425/click - {}
RESULT: {}
COMMAND: GET /session/54ab07b6f3a83c27c29484349e99f848/screenshot - {}
RESULT: {}
COMMAND: POST /session/54ab07b6f3a83c27c29484349e99f848/execute/async - {"script":"<script> [1562 bytes]","args":[{"selector":{"id":"application-ruinventorylist-display-component---Master--smartFilterBar-filterItemControl_BASIC-YARD-valueHelpDialog-smartFilterBar-btnBasicSearch","searchOpenDialogs":true,"interaction":{"idSuffix":"I"}},"wdio_ui5_key":"applicationruinventorylist-display-component---Master--smartFilterBar-filterItemControl_BASIC-YARD-valueHelpDialog-smartFilterBar-btnBasicSearch"}]}
RESULT: {"script":"<script> [1562 bytes]","args":[{"selector":{"id":"application-ruinventorylist-display-component---Master--smartFilterBar-filterItemControl_BASIC-YARD-valueHelpDialog-smartFilterBar-btnBasicSearch","searchOpenDialogs":true,"interaction":{"idSuffix":"I"}},"wdio_ui5_key":"applicationruinventorylist-display-component---Master--smartFilterBar-filterItemControl_BASIC-YARD-valueHelpDialog-smartFilterBar-btnBasicSearch"}]}
RESULT: undefined
COMMAND: POST /session/54ab07b6f3a83c27c29484349e99f848/execute/async - {"script":"<script> [776 bytes]","args":[{"enterText":"109","selector":{"id":"application-ruinventorylist-display-component---Master--smartFilterBar-filterItemControl_BASIC-YARD-valueHelpDialog-smartFilterBar-btnBasicSearch","searchOpenDialogs":true,"interaction":{"idSuffix":"I"}},"clearTextFirst":true,"interactionType":"ENTER_TEXT"}]}
RESULT: {"script":"<script> [776 bytes]","args":[{"enterText":"109","selector":{"id":"application-ruinventorylist-display-component---Master--smartFilterBar-filterItemControl_BASIC-YARD-valueHelpDialog-smartFilterBar-btnBasicSearch","searchOpenDialogs":true,"interaction":{"idSuffix":"I"}},"clearTextFirst":true,"interactionType":"ENTER_TEXT"}]}
COMMAND: POST /session/54ab07b6f3a83c27c29484349e99f848/actions - {"actions":[{"id":"action25","type":"key","parameters":{},"actions":[{"type":"keyDown","value":"î€‡"},{"type":"pause","duration":10},{"type":"keyUp","value":"î€‡"}]}]}
RESULT: {"actions":[{"id":"action25","type":"key","parameters":{},"actions":[{"type":"keyDown","value":"î€‡"},{"type":"pause","duration":10},{"type":"keyUp","value":"î€‡"}]}]}
COMMAND: GET /session/54ab07b6f3a83c27c29484349e99f848/screenshot - {}
RESULT: {}
COMMAND: POST /session/54ab07b6f3a83c27c29484349e99f848/elements - {"using":"xpath","value":"//table[contains(@id, \"filterItemControl_BASIC-YARD-valueHelpDialog-table-table\")]/tbody/tr"}
RESULT: {"using":"xpath","value":"//table[contains(@id, \"filterItemControl_BASIC-YARD-valueHelpDialog-table-table\")]/tbody/tr"}
COMMAND: POST /session/54ab07b6f3a83c27c29484349e99f848/element - {"using":"xpath","value":"//table[contains(@id, \"filterItemControl_BASIC-YARD-valueHelpDialog-table-table\")]/tbody/tr[1]/td[1]/div/span"}
RESULT: {"using":"xpath","value":"//table[contains(@id, \"filterItemControl_BASIC-YARD-valueHelpDialog-table-table\")]/tbody/tr[1]/td[1]/div/span"}
COMMAND: POST /session/54ab07b6f3a83c27c29484349e99f848/elements - {"using":"xpath","value":"//table[contains(@id, \"filterItemControl_BASIC-YARD-valueHelpDialog-table-table\")]/tbody/tr[1]/td[1]/div/span"}
RESULT: {"using":"xpath","value":"//table[contains(@id, \"filterItemControl_BASIC-YARD-valueHelpDialog-table-table\")]/tbody/tr[1]/td[1]/div/span"}
COMMAND: POST /session/54ab07b6f3a83c27c29484349e99f848/execute/sync - {"script":"<script> [56 bytes]","args":[{"element-6066-11e4-a52e-4f735466cecf":"f.59AB657FC34E9F51E6BD7341E7570555.d.A7CF349951AC8ED10851F8D3D6D3AF32.e.7448","ELEMENT":"f.59AB657FC34E9F51E6BD7341E7570555.d.A7CF349951AC8ED10851F8D3D6D3AF32.e.7448"}]}
RESULT: {"script":"<script> [56 bytes]","args":[{"element-6066-11e4-a52e-4f735466cecf":"f.59AB657FC34E9F51E6BD7341E7570555.d.A7CF349951AC8ED10851F8D3D6D3AF32.e.7448","ELEMENT":"f.59AB657FC34E9F51E6BD7341E7570555.d.A7CF349951AC8ED10851F8D3D6D3AF32.e.7448"}]}
COMMAND: POST /session/54ab07b6f3a83c27c29484349e99f848/element - {"using":"xpath","value":"//div[contains(@id, \"filterItemControl_BASIC-YARD-valueHelpDialog-table-rowsel0\")]"}
COMMAND: GET /session/54ab07b6f3a83c27c29484349e99f848/screenshot - {}
RESULT: {"using":"xpath","value":"//div[contains(@id, \"filterItemControl_BASIC-YARD-valueHelpDialog-table-rowsel0\")]"}
COMMAND: POST /session/54ab07b6f3a83c27c29484349e99f848/element/f.59AB657FC34E9F51E6BD7341E7570555.d.A7CF349951AC8ED10851F8D3D6D3AF32.e.7449/click - {}
RESULT: {}
RESULT: {}
COMMAND: GET /session/54ab07b6f3a83c27c29484349e99f848/screenshot - {}
RESULT: {}
COMMAND: POST /session/54ab07b6f3a83c27c29484349e99f848/element - {"using":"xpath","value":"//div[contains(@id, \"smartFilterBar-filterItemControl_BASIC-YARD-valueHelpDialog-smartFilterBar-btnBasicSearch-reset\")]"}
RESULT: {"using":"xpath","value":"//div[contains(@id, \"smartFilterBar-filterItemControl_BASIC-YARD-valueHelpDialog-smartFilterBar-btnBasicSearch-reset\")]"}
COMMAND: POST /session/54ab07b6f3a83c27c29484349e99f848/element/f.59AB657FC34E9F51E6BD7341E7570555.d.A7CF349951AC8ED10851F8D3D6D3AF32.e.7451/click - {}
RESULT: {}
RESULT: undefined
COMMAND: POST /session/54ab07b6f3a83c27c29484349e99f848/execute/async - {"script":"<script> [776 bytes]","args":[{"enterText":"OPA5_BST01_YARD1","selector":{"id":"application-ruinventorylist-display-component---Master--smartFilterBar-filterItemControl_BASIC-YARD-valueHelpDialog-smartFilterBar-btnBasicSearch","searchOpenDialogs":true,"interaction":{"idSuffix":"I"}},"clearTextFirst":true,"interactionType":"ENTER_TEXT"}]}
COMMAND: GET /session/54ab07b6f3a83c27c29484349e99f848/screenshot - {}
RESULT: {"script":"<script> [776 bytes]","args":[{"enterText":"OPA5_BST01_YARD1","selector":{"id":"application-ruinventorylist-display-component---Master--smartFilterBar-filterItemControl_BASIC-YARD-valueHelpDialog-smartFilterBar-btnBasicSearch","searchOpenDialogs":true,"interaction":{"idSuffix":"I"}},"clearTextFirst":true,"interactionType":"ENTER_TEXT"}]}
COMMAND: POST /session/54ab07b6f3a83c27c29484349e99f848/actions - {"actions":[{"id":"action26","type":"key","parameters":{},"actions":[{"type":"keyDown","value":"î€‡"},{"type":"pause","duration":10},{"type":"keyUp","value":"î€‡"}]}]}
RESULT: {}
RESULT: {"actions":[{"id":"action26","type":"key","parameters":{},"actions":[{"type":"keyDown","value":"î€‡"},{"type":"pause","duration":10},{"type":"keyUp","value":"î€‡"}]}]}
COMMAND: GET /session/54ab07b6f3a83c27c29484349e99f848/screenshot - {}
RESULT: {}
COMMAND: POST /session/54ab07b6f3a83c27c29484349e99f848/elements - {"using":"xpath","value":"//table[contains(@id, \"filterItemControl_BASIC-YARD-valueHelpDialog-table-table\")]/tbody/tr"}
RESULT: {"using":"xpath","value":"//table[contains(@id, \"filterItemControl_BASIC-YARD-valueHelpDialog-table-table\")]/tbody/tr"}
COMMAND: POST /session/54ab07b6f3a83c27c29484349e99f848/element - {"using":"xpath","value":"//table[contains(@id, \"filterItemControl_BASIC-YARD-valueHelpDialog-table-table\")]/tbody/tr[1]/td[1]/div/span"}
RESULT: {"using":"xpath","value":"//table[contains(@id, \"filterItemControl_BASIC-YARD-valueHelpDialog-table-table\")]/tbody/tr[1]/td[1]/div/span"}
COMMAND: POST /session/54ab07b6f3a83c27c29484349e99f848/elements - {"using":"xpath","value":"//table[contains(@id, \"filterItemControl_BASIC-YARD-valueHelpDialog-table-table\")]/tbody/tr[1]/td[1]/div/span"}
RESULT: {"using":"xpath","value":"//table[contains(@id, \"filterItemControl_BASIC-YARD-valueHelpDialog-table-table\")]/tbody/tr[1]/td[1]/div/span"}
COMMAND: POST /session/54ab07b6f3a83c27c29484349e99f848/execute/sync - {"script":"<script> [56 bytes]","args":[{"element-6066-11e4-a52e-4f735466cecf":"f.59AB657FC34E9F51E6BD7341E7570555.d.A7CF349951AC8ED10851F8D3D6D3AF32.e.7448","ELEMENT":"f.59AB657FC34E9F51E6BD7341E7570555.d.A7CF349951AC8ED10851F8D3D6D3AF32.e.7448"}]}
RESULT: {"script":"<script> [56 bytes]","args":[{"element-6066-11e4-a52e-4f735466cecf":"f.59AB657FC34E9F51E6BD7341E7570555.d.A7CF349951AC8ED10851F8D3D6D3AF32.e.7448","ELEMENT":"f.59AB657FC34E9F51E6BD7341E7570555.d.A7CF349951AC8ED10851F8D3D6D3AF32.e.7448"}]}
COMMAND: POST /session/54ab07b6f3a83c27c29484349e99f848/element - {"using":"xpath","value":"//div[contains(@id, \"filterItemControl_BASIC-YARD-valueHelpDialog-table-rowsel0\")]"}
COMMAND: GET /session/54ab07b6f3a83c27c29484349e99f848/screenshot - {}
RESULT: {"using":"xpath","value":"//div[contains(@id, \"filterItemControl_BASIC-YARD-valueHelpDialog-table-rowsel0\")]"}
COMMAND: POST /session/54ab07b6f3a83c27c29484349e99f848/element/f.59AB657FC34E9F51E6BD7341E7570555.d.A7CF349951AC8ED10851F8D3D6D3AF32.e.7449/click - {}
RESULT: {}
RESULT: {}
COMMAND: GET /session/54ab07b6f3a83c27c29484349e99f848/screenshot - {}
RESULT: {}
COMMAND: POST /session/54ab07b6f3a83c27c29484349e99f848/element - {"using":"xpath","value":"(//bdi[contains(text(), \"OK\")])[1]"}
RESULT: {"using":"xpath","value":"(//bdi[contains(text(), \"OK\")])[1]"}
COMMAND: POST /session/54ab07b6f3a83c27c29484349e99f848/element/f.59AB657FC34E9F51E6BD7341E7570555.d.A7CF349951AC8ED10851F8D3D6D3AF32.e.7452/click - {}
RESULT: {}
COMMAND: GET /session/54ab07b6f3a83c27c29484349e99f848/screenshot - {}
RESULT: {}
COMMAND: POST /session/54ab07b6f3a83c27c29484349e99f848/element - {"using":"xpath","value":"//span[@id=\"application-ruinventorylist-display-component---Master--smartTableRuInventoryList-header-inner\"]"}
RESULT: {"using":"xpath","value":"//span[@id=\"application-ruinventorylist-display-component---Master--smartTableRuInventoryList-header-inner\"]"}
COMMAND: POST /session/54ab07b6f3a83c27c29484349e99f848/elements - {"using":"xpath","value":"//span[@id=\"application-ruinventorylist-display-component---Master--smartTableRuInventoryList-header-inner\"]"}
RESULT: {"using":"xpath","value":"//span[@id=\"application-ruinventorylist-display-component---Master--smartTableRuInventoryList-header-inner\"]"}
COMMAND: POST /session/54ab07b6f3a83c27c29484349e99f848/execute/sync - {"script":"<script> [56 bytes]","args":[{"element-6066-11e4-a52e-4f735466cecf":"f.59AB657FC34E9F51E6BD7341E7570555.d.A7CF349951AC8ED10851F8D3D6D3AF32.e.7574","ELEMENT":"f.59AB657FC34E9F51E6BD7341E7570555.d.A7CF349951AC8ED10851F8D3D6D3AF32.e.7574"}]}
RESULT: {"script":"<script> [56 bytes]","args":[{"element-6066-11e4-a52e-4f735466cecf":"f.59AB657FC34E9F51E6BD7341E7570555.d.A7CF349951AC8ED10851F8D3D6D3AF32.e.7574","ELEMENT":"f.59AB657FC34E9F51E6BD7341E7570555.d.A7CF349951AC8ED10851F8D3D6D3AF32.e.7574"}]}
COMMAND: POST /session/54ab07b6f3a83c27c29484349e99f848/execute/async - {"script":"<script> [1562 bytes]","args":[{"selector":{"id":"application-ruinventorylist-display-component---Master--smartFilterBar-btnBasicSearch","interaction":{"idSuffix":"I"}},"wdio_ui5_key":"applicationruinventorylist-display-component---Master--smartFilterBar-btnBasicSearch"}]}
COMMAND: GET /session/54ab07b6f3a83c27c29484349e99f848/screenshot - {}
RESULT: {"script":"<script> [1562 bytes]","args":[{"selector":{"id":"application-ruinventorylist-display-component---Master--smartFilterBar-btnBasicSearch","interaction":{"idSuffix":"I"}},"wdio_ui5_key":"applicationruinventorylist-display-component---Master--smartFilterBar-btnBasicSearch"}]}
RESULT: undefined
COMMAND: POST /session/54ab07b6f3a83c27c29484349e99f848/execute/async - {"script":"<script> [776 bytes]","args":[{"enterText":"600002","selector":{"id":"application-ruinventorylist-display-component---Master--smartFilterBar-btnBasicSearch","interaction":{"idSuffix":"I"}},"clearTextFirst":true,"interactionType":"ENTER_TEXT"}]}
RESULT: {}
RESULT: {"script":"<script> [776 bytes]","args":[{"enterText":"600002","selector":{"id":"application-ruinventorylist-display-component---Master--smartFilterBar-btnBasicSearch","interaction":{"idSuffix":"I"}},"clearTextFirst":true,"interactionType":"ENTER_TEXT"}]}
COMMAND: POST /session/54ab07b6f3a83c27c29484349e99f848/actions - {"actions":[{"id":"action27","type":"key","parameters":{},"actions":[{"type":"keyDown","value":"î€‡"},{"type":"pause","duration":10},{"type":"keyUp","value":"î€‡"}]}]}
RESULT: {"actions":[{"id":"action27","type":"key","parameters":{},"actions":[{"type":"keyDown","value":"î€‡"},{"type":"pause","duration":10},{"type":"keyUp","value":"î€‡"}]}]}
COMMAND: GET /session/54ab07b6f3a83c27c29484349e99f848/screenshot - {}
RESULT: {}
COMMAND: POST /session/54ab07b6f3a83c27c29484349e99f848/element - {"using":"xpath","value":"//span[@id=\"application-ruinventorylist-display-component---Master--smartTableRuInventoryList-header-inner\"]"}
RESULT: {"using":"xpath","value":"//span[@id=\"application-ruinventorylist-display-component---Master--smartTableRuInventoryList-header-inner\"]"}
COMMAND: POST /session/54ab07b6f3a83c27c29484349e99f848/elements - {"using":"xpath","value":"//span[@id=\"application-ruinventorylist-display-component---Master--smartTableRuInventoryList-header-inner\"]"}
RESULT: {"using":"xpath","value":"//span[@id=\"application-ruinventorylist-display-component---Master--smartTableRuInventoryList-header-inner\"]"}
COMMAND: POST /session/54ab07b6f3a83c27c29484349e99f848/execute/sync - {"script":"<script> [56 bytes]","args":[{"element-6066-11e4-a52e-4f735466cecf":"f.59AB657FC34E9F51E6BD7341E7570555.d.A7CF349951AC8ED10851F8D3D6D3AF32.e.7574","ELEMENT":"f.59AB657FC34E9F51E6BD7341E7570555.d.A7CF349951AC8ED10851F8D3D6D3AF32.e.7574"}]}
RESULT: {"script":"<script> [56 bytes]","args":[{"element-6066-11e4-a52e-4f735466cecf":"f.59AB657FC34E9F51E6BD7341E7570555.d.A7CF349951AC8ED10851F8D3D6D3AF32.e.7574","ELEMENT":"f.59AB657FC34E9F51E6BD7341E7570555.d.A7CF349951AC8ED10851F8D3D6D3AF32.e.7574"}]}
COMMAND: POST /session/54ab07b6f3a83c27c29484349e99f848/element - {"using":"xpath","value":"//table[contains(@id, \"application-ruinventorylist-display-component---Master--tableRuInventoryList-listUl\")]/tbody/tr[1]/td[2]/div/div"}
COMMAND: GET /session/54ab07b6f3a83c27c29484349e99f848/screenshot - {}
RESULT: {"using":"xpath","value":"//table[contains(@id, \"application-ruinventorylist-display-component---Master--tableRuInventoryList-listUl\")]/tbody/tr[1]/td[2]/div/div"}
COMMAND: POST /session/54ab07b6f3a83c27c29484349e99f848/element/f.59AB657FC34E9F51E6BD7341E7570555.d.A7CF349951AC8ED10851F8D3D6D3AF32.e.7580/click - {}
RESULT: {}
RESULT: {}
COMMAND: GET /session/54ab07b6f3a83c27c29484349e99f848/screenshot - {}
RESULT: {}
COMMAND: POST /session/54ab07b6f3a83c27c29484349e99f848/element - {"using":"xpath","value":"//div[contains(@id, \"smartFilterBar-btnBasicSearch-reset\")]"}
RESULT: {"using":"xpath","value":"//div[contains(@id, \"smartFilterBar-btnBasicSearch-reset\")]"}
COMMAND: POST /session/54ab07b6f3a83c27c29484349e99f848/element/f.59AB657FC34E9F51E6BD7341E7570555.d.A7CF349951AC8ED10851F8D3D6D3AF32.e.7590/click - {}
RESULT: {}
COMMAND: GET /session/54ab07b6f3a83c27c29484349e99f848/screenshot - {}
RESULT: {}
RESULT: undefined
COMMAND: POST /session/54ab07b6f3a83c27c29484349e99f848/execute/async - {"script":"<script> [776 bytes]","args":[{"enterText":"401002","selector":{"id":"application-ruinventorylist-display-component---Master--smartFilterBar-btnBasicSearch","interaction":{"idSuffix":"I"}},"clearTextFirst":true,"interactionType":"ENTER_TEXT"}]}
RESULT: {"script":"<script> [776 bytes]","args":[{"enterText":"401002","selector":{"id":"application-ruinventorylist-display-component---Master--smartFilterBar-btnBasicSearch","interaction":{"idSuffix":"I"}},"clearTextFirst":true,"interactionType":"ENTER_TEXT"}]}
COMMAND: POST /session/54ab07b6f3a83c27c29484349e99f848/actions - {"actions":[{"id":"action28","type":"key","parameters":{},"actions":[{"type":"keyDown","value":"î€‡"},{"type":"pause","duration":10},{"type":"keyUp","value":"î€‡"}]}]}
RESULT: {"actions":[{"id":"action28","type":"key","parameters":{},"actions":[{"type":"keyDown","value":"î€‡"},{"type":"pause","duration":10},{"type":"keyUp","value":"î€‡"}]}]}
COMMAND: GET /session/54ab07b6f3a83c27c29484349e99f848/screenshot - {}
RESULT: {}
COMMAND: POST /session/54ab07b6f3a83c27c29484349e99f848/element - {"using":"xpath","value":"//span[@id=\"application-ruinventorylist-display-component---Master--smartTableRuInventoryList-header-inner\"]"}
RESULT: {"using":"xpath","value":"//span[@id=\"application-ruinventorylist-display-component---Master--smartTableRuInventoryList-header-inner\"]"}
COMMAND: POST /session/54ab07b6f3a83c27c29484349e99f848/elements - {"using":"xpath","value":"//span[@id=\"application-ruinventorylist-display-component---Master--smartTableRuInventoryList-header-inner\"]"}
RESULT: {"using":"xpath","value":"//span[@id=\"application-ruinventorylist-display-component---Master--smartTableRuInventoryList-header-inner\"]"}
COMMAND: POST /session/54ab07b6f3a83c27c29484349e99f848/execute/sync - {"script":"<script> [56 bytes]","args":[{"element-6066-11e4-a52e-4f735466cecf":"f.59AB657FC34E9F51E6BD7341E7570555.d.A7CF349951AC8ED10851F8D3D6D3AF32.e.7574","ELEMENT":"f.59AB657FC34E9F51E6BD7341E7570555.d.A7CF349951AC8ED10851F8D3D6D3AF32.e.7574"}]}
RESULT: {"script":"<script> [56 bytes]","args":[{"element-6066-11e4-a52e-4f735466cecf":"f.59AB657FC34E9F51E6BD7341E7570555.d.A7CF349951AC8ED10851F8D3D6D3AF32.e.7574","ELEMENT":"f.59AB657FC34E9F51E6BD7341E7570555.d.A7CF349951AC8ED10851F8D3D6D3AF32.e.7574"}]}
COMMAND: POST /session/54ab07b6f3a83c27c29484349e99f848/element - {"using":"xpath","value":"//table[contains(@id, \"application-ruinventorylist-display-component---Master--tableRuInventoryList-listUl\")]/tbody/tr[1]/td[2]/div/div"}
COMMAND: GET /session/54ab07b6f3a83c27c29484349e99f848/screenshot - {}
RESULT: {"using":"xpath","value":"//table[contains(@id, \"application-ruinventorylist-display-component---Master--tableRuInventoryList-listUl\")]/tbody/tr[1]/td[2]/div/div"}
COMMAND: POST /session/54ab07b6f3a83c27c29484349e99f848/element/f.59AB657FC34E9F51E6BD7341E7570555.d.A7CF349951AC8ED10851F8D3D6D3AF32.e.7717/click - {}
RESULT: {}
RESULT: {}
COMMAND: GET /session/54ab07b6f3a83c27c29484349e99f848/screenshot - {}
RESULT: {}
COMMAND: POST /session/54ab07b6f3a83c27c29484349e99f848/element - {"using":"xpath","value":"//div[contains(@id, \"smartFilterBar-btnBasicSearch-reset\")]"}
RESULT: {"using":"xpath","value":"//div[contains(@id, \"smartFilterBar-btnBasicSearch-reset\")]"}
COMMAND: POST /session/54ab07b6f3a83c27c29484349e99f848/element/f.59AB657FC34E9F51E6BD7341E7570555.d.A7CF349951AC8ED10851F8D3D6D3AF32.e.7590/click - {}
RESULT: {}
COMMAND: GET /session/54ab07b6f3a83c27c29484349e99f848/screenshot - {}
RESULT: {}
COMMAND: POST /session/54ab07b6f3a83c27c29484349e99f848/element/f.59AB657FC34E9F51E6BD7341E7570555.d.A7CF349951AC8ED10851F8D3D6D3AF32.e.7118/click - {}
RESULT: {}
COMMAND: GET /session/54ab07b6f3a83c27c29484349e99f848/screenshot - {}
RESULT: {}
COMMAND: POST /session/54ab07b6f3a83c27c29484349e99f848/execute/async - {"script":"<script> [1562 bytes]","args":[{"selector":{"controlType":"sap.m.Title","viewName":"etm.portal.ui.ruinventorylist.view.Master","viewId":"application-ruinventorylist-display-component---Master","properties":{"text":"Mass State Change"},"searchOpenDialogs":true},"wdio_ui5_key":"etmportal.ui.ruinventorylist.view.Mastersap.m.Title{\"text\":\"Mass State Change\"}"}]}
RESULT: {"script":"<script> [1562 bytes]","args":[{"selector":{"controlType":"sap.m.Title","viewName":"etm.portal.ui.ruinventorylist.view.Master","viewId":"application-ruinventorylist-display-component---Master","properties":{"text":"Mass State Change"},"searchOpenDialogs":true},"wdio_ui5_key":"etmportal.ui.ruinventorylist.view.Mastersap.m.Title{\"text\":\"Mass State Change\"}"}]}
RESULT: undefined
COMMAND: POST /session/54ab07b6f3a83c27c29484349e99f848/execute/async - {"script":"<script> [6424 bytes]","args":[{"element-6066-11e4-a52e-4f735466cecf":"f.59AB657FC34E9F51E6BD7341E7570555.d.A7CF349951AC8ED10851F8D3D6D3AF32.e.7865"},"getText",[]]}
RESULT: {"script":"<script> [6424 bytes]","args":[{"element-6066-11e4-a52e-4f735466cecf":"f.59AB657FC34E9F51E6BD7341E7570555.d.A7CF349951AC8ED10851F8D3D6D3AF32.e.7865"},"getText",[]]}
COMMAND: POST /session/54ab07b6f3a83c27c29484349e99f848/element - {"using":"xpath","value":"(//bdi[contains(text(), \"OK\")])[1]"}
RESULT: {"using":"xpath","value":"(//bdi[contains(text(), \"OK\")])[1]"}
COMMAND: POST /session/54ab07b6f3a83c27c29484349e99f848/element/f.59AB657FC34E9F51E6BD7341E7570555.d.A7CF349951AC8ED10851F8D3D6D3AF32.e.7866/click - {}
RESULT: {}
COMMAND: GET /session/54ab07b6f3a83c27c29484349e99f848/screenshot - {}
RESULT: {}
COMMAND: POST /session/54ab07b6f3a83c27c29484349e99f848/element - {"using":"css selector","value":"div.sapMMessageBoxError"}
RESULT: {"using":"css selector","value":"div.sapMMessageBoxError"}
COMMAND: POST /session/54ab07b6f3a83c27c29484349e99f848/elements - {"using":"css selector","value":"div.sapMMessageBoxError"}
RESULT: {"using":"css selector","value":"div.sapMMessageBoxError"}
COMMAND: POST /session/54ab07b6f3a83c27c29484349e99f848/element - {"using":"xpath","value":"(//bdi[contains(text(), \"Close\")])[1]"}
RESULT: {"using":"xpath","value":"(//bdi[contains(text(), \"Close\")])[1]"}
COMMAND: POST /session/54ab07b6f3a83c27c29484349e99f848/element/f.59AB657FC34E9F51E6BD7341E7570555.d.A7CF349951AC8ED10851F8D3D6D3AF32.e.7871/click - {}
RESULT: {}
COMMAND: GET /session/54ab07b6f3a83c27c29484349e99f848/screenshot - {}
RESULT: {}
COMMAND: POST /session/54ab07b6f3a83c27c29484349e99f848/execute/async - {"script":"<script> [1562 bytes]","args":[{"selector":{"id":"application-ruinventorylist-display-component---Master--ruStateTypes-arrow","searchOpenDialogs":true},"wdio_ui5_key":"applicationruinventorylist-display-component---Master--ruStateTypes-arrow"}]}
RESULT: {"script":"<script> [1562 bytes]","args":[{"selector":{"id":"application-ruinventorylist-display-component---Master--ruStateTypes-arrow","searchOpenDialogs":true},"wdio_ui5_key":"applicationruinventorylist-display-component---Master--ruStateTypes-arrow"}]}
RESULT: undefined
COMMAND: POST /session/54ab07b6f3a83c27c29484349e99f848/element - {"using":"xpath","value":"//*[@id=\"application-ruinventorylist-display-component---Master--ruStateTypes-arrow\"]"}
RESULT: {"using":"xpath","value":"//*[@id=\"application-ruinventorylist-display-component---Master--ruStateTypes-arrow\"]"}
COMMAND: POST /session/54ab07b6f3a83c27c29484349e99f848/element/f.59AB657FC34E9F51E6BD7341E7570555.d.A7CF349951AC8ED10851F8D3D6D3AF32.e.7872/click - {}
RESULT: {}
COMMAND: GET /session/54ab07b6f3a83c27c29484349e99f848/screenshot - {}
RESULT: {}
COMMAND: POST /session/54ab07b6f3a83c27c29484349e99f848/element - {"using":"xpath","value":"//li[.//span[text()=\"defect\"]]"}
RESULT: {"using":"xpath","value":"//li[.//span[text()=\"defect\"]]"}
COMMAND: POST /session/54ab07b6f3a83c27c29484349e99f848/element/f.59AB657FC34E9F51E6BD7341E7570555.d.A7CF349951AC8ED10851F8D3D6D3AF32.e.7873/click - {}
RESULT: {}
COMMAND: GET /session/54ab07b6f3a83c27c29484349e99f848/screenshot - {}
RESULT: {}
COMMAND: POST /session/54ab07b6f3a83c27c29484349e99f848/element - {"using":"xpath","value":"(//span[@data-kt=\"trashMassStateChangeIcon\"])[1]"}
RESULT: {"using":"xpath","value":"(//span[@data-kt=\"trashMassStateChangeIcon\"])[1]"}
COMMAND: POST /session/54ab07b6f3a83c27c29484349e99f848/element/f.59AB657FC34E9F51E6BD7341E7570555.d.A7CF349951AC8ED10851F8D3D6D3AF32.e.7874/click - {}
RESULT: {}
COMMAND: GET /session/54ab07b6f3a83c27c29484349e99f848/screenshot - {}
RESULT: {}
COMMAND: POST /session/54ab07b6f3a83c27c29484349e99f848/element - {"using":"xpath","value":"//table[contains(@id, \"massStateChangeTable-listUl\")]/tbody/tr[1]/td[11]/div/div/div/input"}
RESULT: {"using":"xpath","value":"//table[contains(@id, \"massStateChangeTable-listUl\")]/tbody/tr[1]/td[11]/div/div/div/input"}
COMMAND: GET /session/54ab07b6f3a83c27c29484349e99f848/element/f.59AB657FC34E9F51E6BD7341E7570555.d.A7CF349951AC8ED10851F8D3D6D3AF32.e.7858/property/value - {}
RESULT: {}
COMMAND: POST /session/54ab07b6f3a83c27c29484349e99f848/element - {"using":"xpath","value":"(//span[@data-kt=\"trashMassStateChangeIcon\"])[2]"}
COMMAND: GET /session/54ab07b6f3a83c27c29484349e99f848/screenshot - {}
RESULT: {"using":"xpath","value":"(//span[@data-kt=\"trashMassStateChangeIcon\"])[2]"}
COMMAND: POST /session/54ab07b6f3a83c27c29484349e99f848/element/f.59AB657FC34E9F51E6BD7341E7570555.d.A7CF349951AC8ED10851F8D3D6D3AF32.e.7876/click - {}
RESULT: {}
RESULT: {}
COMMAND: GET /session/54ab07b6f3a83c27c29484349e99f848/screenshot - {}
RESULT: {}
COMMAND: POST /session/54ab07b6f3a83c27c29484349e99f848/element - {"using":"xpath","value":"//table[contains(@id, \"massStateChangeTable-listUl\")]/tbody/tr[2]/td[11]/div/div/div/input"}
RESULT: {"using":"xpath","value":"//table[contains(@id, \"massStateChangeTable-listUl\")]/tbody/tr[2]/td[11]/div/div/div/input"}
COMMAND: GET /session/54ab07b6f3a83c27c29484349e99f848/element/f.59AB657FC34E9F51E6BD7341E7570555.d.A7CF349951AC8ED10851F8D3D6D3AF32.e.7862/property/value - {}
RESULT: {}
COMMAND: POST /session/54ab07b6f3a83c27c29484349e99f848/element - {"using":"xpath","value":"//table[contains(@id, \"massStateChangeTable-listUl\")]/tbody/tr[1]/td[10]/div/span/span[1]"}
COMMAND: GET /session/54ab07b6f3a83c27c29484349e99f848/screenshot - {}
RESULT: {"using":"xpath","value":"//table[contains(@id, \"massStateChangeTable-listUl\")]/tbody/tr[1]/td[10]/div/span/span[1]"}
COMMAND: POST /session/54ab07b6f3a83c27c29484349e99f848/execute/sync - {"script":"<script> [56 bytes]","args":[{"element-6066-11e4-a52e-4f735466cecf":"f.59AB657FC34E9F51E6BD7341E7570555.d.A7CF349951AC8ED10851F8D3D6D3AF32.e.7878","ELEMENT":"f.59AB657FC34E9F51E6BD7341E7570555.d.A7CF349951AC8ED10851F8D3D6D3AF32.e.7878"}]}
RESULT: {}
RESULT: {"script":"<script> [56 bytes]","args":[{"element-6066-11e4-a52e-4f735466cecf":"f.59AB657FC34E9F51E6BD7341E7570555.d.A7CF349951AC8ED10851F8D3D6D3AF32.e.7878","ELEMENT":"f.59AB657FC34E9F51E6BD7341E7570555.d.A7CF349951AC8ED10851F8D3D6D3AF32.e.7878"}]}
COMMAND: POST /session/54ab07b6f3a83c27c29484349e99f848/element - {"using":"xpath","value":"//table[contains(@id, \"massStateChangeTable-listUl\")]/tbody/tr[1]/td[11]/div/div/div/div[2]/span"}
COMMAND: GET /session/54ab07b6f3a83c27c29484349e99f848/screenshot - {}
RESULT: {"using":"xpath","value":"//table[contains(@id, \"massStateChangeTable-listUl\")]/tbody/tr[1]/td[11]/div/div/div/div[2]/span"}
COMMAND: POST /session/54ab07b6f3a83c27c29484349e99f848/element/f.59AB657FC34E9F51E6BD7341E7570555.d.A7CF349951AC8ED10851F8D3D6D3AF32.e.7879/click - {}
RESULT: {}
RESULT: {}
COMMAND: GET /session/54ab07b6f3a83c27c29484349e99f848/screenshot - {}
RESULT: {}
COMMAND: POST /session/54ab07b6f3a83c27c29484349e99f848/element - {"using":"xpath","value":"//table[contains(@id, \"massStateChangeTable-listUl\")]/tbody/tr[1]/td[11]/div/div/div/div[2]/span"}
RESULT: {"using":"xpath","value":"//table[contains(@id, \"massStateChangeTable-listUl\")]/tbody/tr[1]/td[11]/div/div/div/div[2]/span"}
COMMAND: POST /session/54ab07b6f3a83c27c29484349e99f848/element/f.59AB657FC34E9F51E6BD7341E7570555.d.A7CF349951AC8ED10851F8D3D6D3AF32.e.7879/click - {}
RESULT: {}
COMMAND: GET /session/54ab07b6f3a83c27c29484349e99f848/screenshot - {}
RESULT: {}
COMMAND: POST /session/54ab07b6f3a83c27c29484349e99f848/element - {"using":"xpath","value":"//table[contains(@id, \"massStateChangeTable-listUl\")]/tbody/tr[1]/td[11]/div/div/div/div[2]/span"}
RESULT: {"using":"xpath","value":"//table[contains(@id, \"massStateChangeTable-listUl\")]/tbody/tr[1]/td[11]/div/div/div/div[2]/span"}
COMMAND: POST /session/54ab07b6f3a83c27c29484349e99f848/element/f.59AB657FC34E9F51E6BD7341E7570555.d.A7CF349951AC8ED10851F8D3D6D3AF32.e.7879/click - {}
RESULT: {}
COMMAND: GET /session/54ab07b6f3a83c27c29484349e99f848/screenshot - {}
RESULT: {}
COMMAND: POST /session/54ab07b6f3a83c27c29484349e99f848/element - {"using":"xpath","value":"//table[contains(@id, \"massStateChangeTable-listUl\")]/tbody/tr[1]/td[11]/div/div/div/div[2]/span"}
RESULT: {"using":"xpath","value":"//table[contains(@id, \"massStateChangeTable-listUl\")]/tbody/tr[1]/td[11]/div/div/div/div[2]/span"}
COMMAND: POST /session/54ab07b6f3a83c27c29484349e99f848/element/f.59AB657FC34E9F51E6BD7341E7570555.d.A7CF349951AC8ED10851F8D3D6D3AF32.e.7879/click - {}
RESULT: {}
COMMAND: GET /session/54ab07b6f3a83c27c29484349e99f848/screenshot - {}
RESULT: {}
COMMAND: POST /session/54ab07b6f3a83c27c29484349e99f848/element - {"using":"xpath","value":"//table[contains(@id, \"massStateChangeTable-listUl\")]/tbody/tr[1]/td[11]/div/div/div/div[2]/span"}
RESULT: {"using":"xpath","value":"//table[contains(@id, \"massStateChangeTable-listUl\")]/tbody/tr[1]/td[11]/div/div/div/div[2]/span"}
COMMAND: POST /session/54ab07b6f3a83c27c29484349e99f848/element/f.59AB657FC34E9F51E6BD7341E7570555.d.A7CF349951AC8ED10851F8D3D6D3AF32.e.7879/click - {}
RESULT: {}
COMMAND: GET /session/54ab07b6f3a83c27c29484349e99f848/screenshot - {}
RESULT: {}
COMMAND: POST /session/54ab07b6f3a83c27c29484349e99f848/element - {"using":"xpath","value":"//table[contains(@id, \"massStateChangeTable-listUl\")]/tbody/tr[1]/td[11]/div/div/div/div[2]/span"}
RESULT: {"using":"xpath","value":"//table[contains(@id, \"massStateChangeTable-listUl\")]/tbody/tr[1]/td[11]/div/div/div/div[2]/span"}
COMMAND: POST /session/54ab07b6f3a83c27c29484349e99f848/element/f.59AB657FC34E9F51E6BD7341E7570555.d.A7CF349951AC8ED10851F8D3D6D3AF32.e.7879/click - {}
RESULT: {}
COMMAND: GET /session/54ab07b6f3a83c27c29484349e99f848/screenshot - {}
RESULT: {}
COMMAND: POST /session/54ab07b6f3a83c27c29484349e99f848/element - {"using":"xpath","value":"//table[contains(@id, \"massStateChangeTable-listUl\")]/tbody/tr[1]/td[11]/div/div/div/div[2]/span"}
RESULT: {"using":"xpath","value":"//table[contains(@id, \"massStateChangeTable-listUl\")]/tbody/tr[1]/td[11]/div/div/div/div[2]/span"}
COMMAND: POST /session/54ab07b6f3a83c27c29484349e99f848/element/f.59AB657FC34E9F51E6BD7341E7570555.d.A7CF349951AC8ED10851F8D3D6D3AF32.e.7879/click - {}
RESULT: {}
COMMAND: GET /session/54ab07b6f3a83c27c29484349e99f848/screenshot - {}
RESULT: {}
COMMAND: POST /session/54ab07b6f3a83c27c29484349e99f848/element - {"using":"xpath","value":"//table[contains(@id, \"massStateChangeTable-listUl\")]/tbody/tr[1]/td[11]/div/div/div/div[2]/span"}
RESULT: {"using":"xpath","value":"//table[contains(@id, \"massStateChangeTable-listUl\")]/tbody/tr[1]/td[11]/div/div/div/div[2]/span"}
COMMAND: POST /session/54ab07b6f3a83c27c29484349e99f848/element/f.59AB657FC34E9F51E6BD7341E7570555.d.A7CF349951AC8ED10851F8D3D6D3AF32.e.7879/click - {}
RESULT: {}
COMMAND: GET /session/54ab07b6f3a83c27c29484349e99f848/screenshot - {}
RESULT: {}
COMMAND: POST /session/54ab07b6f3a83c27c29484349e99f848/element - {"using":"xpath","value":"//table[contains(@id, \"massStateChangeTable-listUl\")]/tbody/tr[1]/td[11]/div/div/div/div[2]/span"}
RESULT: {"using":"xpath","value":"//table[contains(@id, \"massStateChangeTable-listUl\")]/tbody/tr[1]/td[11]/div/div/div/div[2]/span"}
COMMAND: POST /session/54ab07b6f3a83c27c29484349e99f848/element/f.59AB657FC34E9F51E6BD7341E7570555.d.A7CF349951AC8ED10851F8D3D6D3AF32.e.7879/click - {}
RESULT: {}
COMMAND: GET /session/54ab07b6f3a83c27c29484349e99f848/screenshot - {}
RESULT: {}
COMMAND: POST /session/54ab07b6f3a83c27c29484349e99f848/element - {"using":"xpath","value":"//table[contains(@id, \"massStateChangeTable-listUl\")]/tbody/tr[1]/td[11]/div/div/div/div[2]/span"}
RESULT: {"using":"xpath","value":"//table[contains(@id, \"massStateChangeTable-listUl\")]/tbody/tr[1]/td[11]/div/div/div/div[2]/span"}
COMMAND: POST /session/54ab07b6f3a83c27c29484349e99f848/element/f.59AB657FC34E9F51E6BD7341E7570555.d.A7CF349951AC8ED10851F8D3D6D3AF32.e.7879/click - {}
RESULT: {}
COMMAND: GET /session/54ab07b6f3a83c27c29484349e99f848/screenshot - {}
RESULT: {}
COMMAND: POST /session/54ab07b6f3a83c27c29484349e99f848/element - {"using":"xpath","value":"//table[contains(@id, \"massStateChangeTable-listUl\")]/tbody/tr[1]/td[11]/div/div/div/div[2]/span"}
RESULT: {"using":"xpath","value":"//table[contains(@id, \"massStateChangeTable-listUl\")]/tbody/tr[1]/td[11]/div/div/div/div[2]/span"}
COMMAND: POST /session/54ab07b6f3a83c27c29484349e99f848/element/f.59AB657FC34E9F51E6BD7341E7570555.d.A7CF349951AC8ED10851F8D3D6D3AF32.e.7879/click - {}
RESULT: {}
COMMAND: GET /session/54ab07b6f3a83c27c29484349e99f848/screenshot - {}
RESULT: {}
COMMAND: POST /session/54ab07b6f3a83c27c29484349e99f848/element - {"using":"xpath","value":"//table[contains(@id, \"massStateChangeTable-listUl\")]/tbody/tr[1]/td[11]/div/div/div/div[2]/span"}
RESULT: {"using":"xpath","value":"//table[contains(@id, \"massStateChangeTable-listUl\")]/tbody/tr[1]/td[11]/div/div/div/div[2]/span"}
COMMAND: POST /session/54ab07b6f3a83c27c29484349e99f848/element/f.59AB657FC34E9F51E6BD7341E7570555.d.A7CF349951AC8ED10851F8D3D6D3AF32.e.7879/click - {}
RESULT: {}
COMMAND: GET /session/54ab07b6f3a83c27c29484349e99f848/screenshot - {}
RESULT: {}
COMMAND: POST /session/54ab07b6f3a83c27c29484349e99f848/element - {"using":"xpath","value":"//table[contains(@id, \"massStateChangeTable-listUl\")]/tbody/tr[1]/td[11]/div/div/div/div[2]/span"}
RESULT: {"using":"xpath","value":"//table[contains(@id, \"massStateChangeTable-listUl\")]/tbody/tr[1]/td[11]/div/div/div/div[2]/span"}
COMMAND: POST /session/54ab07b6f3a83c27c29484349e99f848/element/f.59AB657FC34E9F51E6BD7341E7570555.d.A7CF349951AC8ED10851F8D3D6D3AF32.e.7879/click - {}
RESULT: {}
COMMAND: GET /session/54ab07b6f3a83c27c29484349e99f848/screenshot - {}
RESULT: {}
COMMAND: POST /session/54ab07b6f3a83c27c29484349e99f848/element - {"using":"xpath","value":"//table[contains(@id, \"massStateChangeTable-listUl\")]/tbody/tr[1]/td[11]/div/div/div/div[2]/span"}
RESULT: {"using":"xpath","value":"//table[contains(@id, \"massStateChangeTable-listUl\")]/tbody/tr[1]/td[11]/div/div/div/div[2]/span"}
COMMAND: POST /session/54ab07b6f3a83c27c29484349e99f848/element/f.59AB657FC34E9F51E6BD7341E7570555.d.A7CF349951AC8ED10851F8D3D6D3AF32.e.7879/click - {}
RESULT: {}
COMMAND: GET /session/54ab07b6f3a83c27c29484349e99f848/screenshot - {}
RESULT: {}
COMMAND: POST /session/54ab07b6f3a83c27c29484349e99f848/element - {"using":"xpath","value":"//table[contains(@id, \"massStateChangeTable-listUl\")]/tbody/tr[1]/td[11]/div/div/div/div[2]/span"}
RESULT: {"using":"xpath","value":"//table[contains(@id, \"massStateChangeTable-listUl\")]/tbody/tr[1]/td[11]/div/div/div/div[2]/span"}
COMMAND: POST /session/54ab07b6f3a83c27c29484349e99f848/element/f.59AB657FC34E9F51E6BD7341E7570555.d.A7CF349951AC8ED10851F8D3D6D3AF32.e.7879/click - {}
RESULT: {}
COMMAND: GET /session/54ab07b6f3a83c27c29484349e99f848/screenshot - {}
RESULT: {}
COMMAND: POST /session/54ab07b6f3a83c27c29484349e99f848/element - {"using":"xpath","value":"//table[contains(@id, \"massStateChangeTable-listUl\")]/tbody/tr[1]/td[11]/div/div/div/div[2]/span"}
RESULT: {"using":"xpath","value":"//table[contains(@id, \"massStateChangeTable-listUl\")]/tbody/tr[1]/td[11]/div/div/div/div[2]/span"}
COMMAND: POST /session/54ab07b6f3a83c27c29484349e99f848/element/f.59AB657FC34E9F51E6BD7341E7570555.d.A7CF349951AC8ED10851F8D3D6D3AF32.e.7879/click - {}
RESULT: {}
COMMAND: GET /session/54ab07b6f3a83c27c29484349e99f848/screenshot - {}
RESULT: {}
COMMAND: POST /session/54ab07b6f3a83c27c29484349e99f848/element - {"using":"xpath","value":"//table[contains(@id, \"massStateChangeTable-listUl\")]/tbody/tr[1]/td[11]/div/div/div/div[2]/span"}
RESULT: {"using":"xpath","value":"//table[contains(@id, \"massStateChangeTable-listUl\")]/tbody/tr[1]/td[11]/div/div/div/div[2]/span"}
COMMAND: POST /session/54ab07b6f3a83c27c29484349e99f848/element/f.59AB657FC34E9F51E6BD7341E7570555.d.A7CF349951AC8ED10851F8D3D6D3AF32.e.7879/click - {}
RESULT: {}
COMMAND: GET /session/54ab07b6f3a83c27c29484349e99f848/screenshot - {}
RESULT: {}
COMMAND: POST /session/54ab07b6f3a83c27c29484349e99f848/element - {"using":"xpath","value":"//table[contains(@id, \"massStateChangeTable-listUl\")]/tbody/tr[1]/td[11]/div/div/div/div[2]/span"}
RESULT: {"using":"xpath","value":"//table[contains(@id, \"massStateChangeTable-listUl\")]/tbody/tr[1]/td[11]/div/div/div/div[2]/span"}
COMMAND: POST /session/54ab07b6f3a83c27c29484349e99f848/element/f.59AB657FC34E9F51E6BD7341E7570555.d.A7CF349951AC8ED10851F8D3D6D3AF32.e.7879/click - {}
RESULT: {}
COMMAND: GET /session/54ab07b6f3a83c27c29484349e99f848/screenshot - {}
RESULT: {}
COMMAND: POST /session/54ab07b6f3a83c27c29484349e99f848/element - {"using":"xpath","value":"//table[contains(@id, \"massStateChangeTable-listUl\")]/tbody/tr[1]/td[11]/div/div/div/div[2]/span"}
RESULT: {"using":"xpath","value":"//table[contains(@id, \"massStateChangeTable-listUl\")]/tbody/tr[1]/td[11]/div/div/div/div[2]/span"}
COMMAND: POST /session/54ab07b6f3a83c27c29484349e99f848/element/f.59AB657FC34E9F51E6BD7341E7570555.d.A7CF349951AC8ED10851F8D3D6D3AF32.e.7879/click - {}
RESULT: {}
COMMAND: GET /session/54ab07b6f3a83c27c29484349e99f848/screenshot - {}
RESULT: {}
COMMAND: POST /session/54ab07b6f3a83c27c29484349e99f848/element - {"using":"xpath","value":"//table[contains(@id, \"massStateChangeTable-listUl\")]/tbody/tr[1]/td[11]/div/div/div/div[2]/span"}
RESULT: {"using":"xpath","value":"//table[contains(@id, \"massStateChangeTable-listUl\")]/tbody/tr[1]/td[11]/div/div/div/div[2]/span"}
COMMAND: POST /session/54ab07b6f3a83c27c29484349e99f848/element/f.59AB657FC34E9F51E6BD7341E7570555.d.A7CF349951AC8ED10851F8D3D6D3AF32.e.7879/click - {}
RESULT: {}
COMMAND: GET /session/54ab07b6f3a83c27c29484349e99f848/screenshot - {}
RESULT: {}
COMMAND: POST /session/54ab07b6f3a83c27c29484349e99f848/element - {"using":"xpath","value":"//table[contains(@id, \"massStateChangeTable-listUl\")]/tbody/tr[1]/td[11]/div/div/div/div[2]/span"}
RESULT: {"using":"xpath","value":"//table[contains(@id, \"massStateChangeTable-listUl\")]/tbody/tr[1]/td[11]/div/div/div/div[2]/span"}
COMMAND: POST /session/54ab07b6f3a83c27c29484349e99f848/element/f.59AB657FC34E9F51E6BD7341E7570555.d.A7CF349951AC8ED10851F8D3D6D3AF32.e.7879/click - {}
RESULT: {}
COMMAND: GET /session/54ab07b6f3a83c27c29484349e99f848/screenshot - {}
RESULT: {}
COMMAND: POST /session/54ab07b6f3a83c27c29484349e99f848/element - {"using":"xpath","value":"//table[contains(@id, \"massStateChangeTable-listUl\")]/tbody/tr[1]/td[11]/div/div/div/div[2]/span"}
RESULT: {"using":"xpath","value":"//table[contains(@id, \"massStateChangeTable-listUl\")]/tbody/tr[1]/td[11]/div/div/div/div[2]/span"}
COMMAND: POST /session/54ab07b6f3a83c27c29484349e99f848/element/f.59AB657FC34E9F51E6BD7341E7570555.d.A7CF349951AC8ED10851F8D3D6D3AF32.e.7879/click - {}
RESULT: {}
COMMAND: GET /session/54ab07b6f3a83c27c29484349e99f848/screenshot - {}
RESULT: {}
COMMAND: POST /session/54ab07b6f3a83c27c29484349e99f848/element - {"using":"xpath","value":"//table[contains(@id, \"massStateChangeTable-listUl\")]/tbody/tr[1]/td[11]/div/div/div/div[2]/span"}
RESULT: {"using":"xpath","value":"//table[contains(@id, \"massStateChangeTable-listUl\")]/tbody/tr[1]/td[11]/div/div/div/div[2]/span"}
COMMAND: POST /session/54ab07b6f3a83c27c29484349e99f848/element/f.59AB657FC34E9F51E6BD7341E7570555.d.A7CF349951AC8ED10851F8D3D6D3AF32.e.7879/click - {}
RESULT: {}
COMMAND: GET /session/54ab07b6f3a83c27c29484349e99f848/screenshot - {}
RESULT: {}
COMMAND: POST /session/54ab07b6f3a83c27c29484349e99f848/element - {"using":"xpath","value":"//table[contains(@id, \"massStateChangeTable-listUl\")]/tbody/tr[1]/td[11]/div/div/div/div[2]/span"}
RESULT: {"using":"xpath","value":"//table[contains(@id, \"massStateChangeTable-listUl\")]/tbody/tr[1]/td[11]/div/div/div/div[2]/span"}
COMMAND: POST /session/54ab07b6f3a83c27c29484349e99f848/element/f.59AB657FC34E9F51E6BD7341E7570555.d.A7CF349951AC8ED10851F8D3D6D3AF32.e.7879/click - {}
RESULT: {}
COMMAND: GET /session/54ab07b6f3a83c27c29484349e99f848/screenshot - {}
RESULT: {}
COMMAND: POST /session/54ab07b6f3a83c27c29484349e99f848/element - {"using":"xpath","value":"//table[contains(@id, \"massStateChangeTable-listUl\")]/tbody/tr[1]/td[11]/div/div/div/div[2]/span"}
RESULT: {"using":"xpath","value":"//table[contains(@id, \"massStateChangeTable-listUl\")]/tbody/tr[1]/td[11]/div/div/div/div[2]/span"}
COMMAND: POST /session/54ab07b6f3a83c27c29484349e99f848/element/f.59AB657FC34E9F51E6BD7341E7570555.d.A7CF349951AC8ED10851F8D3D6D3AF32.e.7879/click - {}
RESULT: {}
COMMAND: GET /session/54ab07b6f3a83c27c29484349e99f848/screenshot - {}
RESULT: {}
COMMAND: POST /session/54ab07b6f3a83c27c29484349e99f848/element - {"using":"xpath","value":"//table[contains(@id, \"massStateChangeTable-listUl\")]/tbody/tr[1]/td[11]/div/div/div/div[2]/span"}
RESULT: {"using":"xpath","value":"//table[contains(@id, \"massStateChangeTable-listUl\")]/tbody/tr[1]/td[11]/div/div/div/div[2]/span"}
COMMAND: POST /session/54ab07b6f3a83c27c29484349e99f848/element/f.59AB657FC34E9F51E6BD7341E7570555.d.A7CF349951AC8ED10851F8D3D6D3AF32.e.7879/click - {}
RESULT: {}
COMMAND: GET /session/54ab07b6f3a83c27c29484349e99f848/screenshot - {}
RESULT: {}
COMMAND: POST /session/54ab07b6f3a83c27c29484349e99f848/element - {"using":"xpath","value":"//table[contains(@id, \"massStateChangeTable-listUl\")]/tbody/tr[1]/td[11]/div/div/div/div[2]/span"}
RESULT: {"using":"xpath","value":"//table[contains(@id, \"massStateChangeTable-listUl\")]/tbody/tr[1]/td[11]/div/div/div/div[2]/span"}
COMMAND: POST /session/54ab07b6f3a83c27c29484349e99f848/element/f.59AB657FC34E9F51E6BD7341E7570555.d.A7CF349951AC8ED10851F8D3D6D3AF32.e.7879/click - {}
RESULT: {}
COMMAND: GET /session/54ab07b6f3a83c27c29484349e99f848/screenshot - {}
RESULT: {}
COMMAND: POST /session/54ab07b6f3a83c27c29484349e99f848/element - {"using":"xpath","value":"//table[contains(@id, \"massStateChangeTable-listUl\")]/tbody/tr[1]/td[11]/div/div/div/div[2]/span"}
RESULT: {"using":"xpath","value":"//table[contains(@id, \"massStateChangeTable-listUl\")]/tbody/tr[1]/td[11]/div/div/div/div[2]/span"}
COMMAND: POST /session/54ab07b6f3a83c27c29484349e99f848/element/f.59AB657FC34E9F51E6BD7341E7570555.d.A7CF349951AC8ED10851F8D3D6D3AF32.e.7879/click - {}
RESULT: {}
COMMAND: GET /session/54ab07b6f3a83c27c29484349e99f848/screenshot - {}
RESULT: {}
COMMAND: POST /session/54ab07b6f3a83c27c29484349e99f848/element - {"using":"xpath","value":"//table[contains(@id, \"massStateChangeTable-listUl\")]/tbody/tr[1]/td[11]/div/div/div/div[2]/span"}
RESULT: {"using":"xpath","value":"//table[contains(@id, \"massStateChangeTable-listUl\")]/tbody/tr[1]/td[11]/div/div/div/div[2]/span"}
COMMAND: POST /session/54ab07b6f3a83c27c29484349e99f848/element/f.59AB657FC34E9F51E6BD7341E7570555.d.A7CF349951AC8ED10851F8D3D6D3AF32.e.7879/click - {}
RESULT: {}
COMMAND: GET /session/54ab07b6f3a83c27c29484349e99f848/screenshot - {}
RESULT: {}
COMMAND: POST /session/54ab07b6f3a83c27c29484349e99f848/element - {"using":"xpath","value":"//table[contains(@id, \"massStateChangeTable-listUl\")]/tbody/tr[1]/td[11]/div/div/div/div[2]/span"}
RESULT: {"using":"xpath","value":"//table[contains(@id, \"massStateChangeTable-listUl\")]/tbody/tr[1]/td[11]/div/div/div/div[2]/span"}
COMMAND: POST /session/54ab07b6f3a83c27c29484349e99f848/element/f.59AB657FC34E9F51E6BD7341E7570555.d.A7CF349951AC8ED10851F8D3D6D3AF32.e.7879/click - {}
RESULT: {}
COMMAND: GET /session/54ab07b6f3a83c27c29484349e99f848/screenshot - {}
RESULT: {}
COMMAND: POST /session/54ab07b6f3a83c27c29484349e99f848/element - {"using":"xpath","value":"//table[contains(@id, \"massStateChangeTable-listUl\")]/tbody/tr[1]/td[11]/div/div/div/div[2]/span"}
RESULT: {"using":"xpath","value":"//table[contains(@id, \"massStateChangeTable-listUl\")]/tbody/tr[1]/td[11]/div/div/div/div[2]/span"}
COMMAND: POST /session/54ab07b6f3a83c27c29484349e99f848/element/f.59AB657FC34E9F51E6BD7341E7570555.d.A7CF349951AC8ED10851F8D3D6D3AF32.e.7879/click - {}
RESULT: {}
COMMAND: GET /session/54ab07b6f3a83c27c29484349e99f848/screenshot - {}
RESULT: {}
COMMAND: POST /session/54ab07b6f3a83c27c29484349e99f848/element - {"using":"xpath","value":"//table[contains(@id, \"massStateChangeTable-listUl\")]/tbody/tr[1]/td[11]/div/div/div/div[2]/span"}
RESULT: {"using":"xpath","value":"//table[contains(@id, \"massStateChangeTable-listUl\")]/tbody/tr[1]/td[11]/div/div/div/div[2]/span"}
COMMAND: POST /session/54ab07b6f3a83c27c29484349e99f848/element/f.59AB657FC34E9F51E6BD7341E7570555.d.A7CF349951AC8ED10851F8D3D6D3AF32.e.7879/click - {}
RESULT: {}
COMMAND: GET /session/54ab07b6f3a83c27c29484349e99f848/screenshot - {}
RESULT: {}
COMMAND: POST /session/54ab07b6f3a83c27c29484349e99f848/element - {"using":"xpath","value":"//table[contains(@id, \"massStateChangeTable-listUl\")]/tbody/tr[1]/td[11]/div/div/div/div[2]/span"}
RESULT: {"using":"xpath","value":"//table[contains(@id, \"massStateChangeTable-listUl\")]/tbody/tr[1]/td[11]/div/div/div/div[2]/span"}
COMMAND: POST /session/54ab07b6f3a83c27c29484349e99f848/element/f.59AB657FC34E9F51E6BD7341E7570555.d.A7CF349951AC8ED10851F8D3D6D3AF32.e.7879/click - {}
RESULT: {}
COMMAND: GET /session/54ab07b6f3a83c27c29484349e99f848/screenshot - {}
RESULT: {}
COMMAND: POST /session/54ab07b6f3a83c27c29484349e99f848/element - {"using":"xpath","value":"//table[contains(@id, \"massStateChangeTable-listUl\")]/tbody/tr[1]/td[11]/div/div/div/div[2]/span"}
RESULT: {"using":"xpath","value":"//table[contains(@id, \"massStateChangeTable-listUl\")]/tbody/tr[1]/td[11]/div/div/div/div[2]/span"}
COMMAND: POST /session/54ab07b6f3a83c27c29484349e99f848/element/f.59AB657FC34E9F51E6BD7341E7570555.d.A7CF349951AC8ED10851F8D3D6D3AF32.e.7879/click - {}
RESULT: {}
COMMAND: GET /session/54ab07b6f3a83c27c29484349e99f848/screenshot - {}
RESULT: {}
COMMAND: POST /session/54ab07b6f3a83c27c29484349e99f848/element - {"using":"xpath","value":"//table[contains(@id, \"massStateChangeTable-listUl\")]/tbody/tr[1]/td[11]/div/div/div/div[2]/span"}
RESULT: {"using":"xpath","value":"//table[contains(@id, \"massStateChangeTable-listUl\")]/tbody/tr[1]/td[11]/div/div/div/div[2]/span"}
COMMAND: POST /session/54ab07b6f3a83c27c29484349e99f848/element/f.59AB657FC34E9F51E6BD7341E7570555.d.A7CF349951AC8ED10851F8D3D6D3AF32.e.7879/click - {}
RESULT: {}
COMMAND: GET /session/54ab07b6f3a83c27c29484349e99f848/screenshot - {}
RESULT: {}
COMMAND: POST /session/54ab07b6f3a83c27c29484349e99f848/element - {"using":"xpath","value":"//table[contains(@id, \"massStateChangeTable-listUl\")]/tbody/tr[1]/td[11]/div/div/div/div[2]/span"}
RESULT: {"using":"xpath","value":"//table[contains(@id, \"massStateChangeTable-listUl\")]/tbody/tr[1]/td[11]/div/div/div/div[2]/span"}
COMMAND: POST /session/54ab07b6f3a83c27c29484349e99f848/element/f.59AB657FC34E9F51E6BD7341E7570555.d.A7CF349951AC8ED10851F8D3D6D3AF32.e.7879/click - {}
RESULT: {}
COMMAND: GET /session/54ab07b6f3a83c27c29484349e99f848/screenshot - {}
RESULT: {}
COMMAND: POST /session/54ab07b6f3a83c27c29484349e99f848/element - {"using":"xpath","value":"//table[contains(@id, \"massStateChangeTable-listUl\")]/tbody/tr[1]/td[11]/div/div/div/div[2]/span"}
RESULT: {"using":"xpath","value":"//table[contains(@id, \"massStateChangeTable-listUl\")]/tbody/tr[1]/td[11]/div/div/div/div[2]/span"}
COMMAND: POST /session/54ab07b6f3a83c27c29484349e99f848/element/f.59AB657FC34E9F51E6BD7341E7570555.d.A7CF349951AC8ED10851F8D3D6D3AF32.e.7879/click - {}
RESULT: {}
COMMAND: GET /session/54ab07b6f3a83c27c29484349e99f848/screenshot - {}
RESULT: {}
COMMAND: POST /session/54ab07b6f3a83c27c29484349e99f848/element - {"using":"xpath","value":"//table[contains(@id, \"massStateChangeTable-listUl\")]/tbody/tr[1]/td[11]/div/div/div/div[2]/span"}
RESULT: {"using":"xpath","value":"//table[contains(@id, \"massStateChangeTable-listUl\")]/tbody/tr[1]/td[11]/div/div/div/div[2]/span"}
COMMAND: POST /session/54ab07b6f3a83c27c29484349e99f848/element/f.59AB657FC34E9F51E6BD7341E7570555.d.A7CF349951AC8ED10851F8D3D6D3AF32.e.7879/click - {}
RESULT: {}
COMMAND: GET /session/54ab07b6f3a83c27c29484349e99f848/screenshot - {}
RESULT: {}
COMMAND: POST /session/54ab07b6f3a83c27c29484349e99f848/element - {"using":"xpath","value":"//table[contains(@id, \"massStateChangeTable-listUl\")]/tbody/tr[1]/td[11]/div/div/div/div[2]/span"}
RESULT: {"using":"xpath","value":"//table[contains(@id, \"massStateChangeTable-listUl\")]/tbody/tr[1]/td[11]/div/div/div/div[2]/span"}
COMMAND: POST /session/54ab07b6f3a83c27c29484349e99f848/element/f.59AB657FC34E9F51E6BD7341E7570555.d.A7CF349951AC8ED10851F8D3D6D3AF32.e.7879/click - {}
RESULT: {}
COMMAND: GET /session/54ab07b6f3a83c27c29484349e99f848/screenshot - {}
RESULT: {}
COMMAND: POST /session/54ab07b6f3a83c27c29484349e99f848/element - {"using":"xpath","value":"//table[contains(@id, \"massStateChangeTable-listUl\")]/tbody/tr[1]/td[11]/div/div/div/div[2]/span"}
RESULT: {"using":"xpath","value":"//table[contains(@id, \"massStateChangeTable-listUl\")]/tbody/tr[1]/td[11]/div/div/div/div[2]/span"}
COMMAND: POST /session/54ab07b6f3a83c27c29484349e99f848/element/f.59AB657FC34E9F51E6BD7341E7570555.d.A7CF349951AC8ED10851F8D3D6D3AF32.e.7879/click - {}
RESULT: {}
COMMAND: GET /session/54ab07b6f3a83c27c29484349e99f848/screenshot - {}
RESULT: {}
COMMAND: POST /session/54ab07b6f3a83c27c29484349e99f848/element - {"using":"xpath","value":"//table[contains(@id, \"massStateChangeTable-listUl\")]/tbody/tr[1]/td[11]/div/div/div/div[2]/span"}
RESULT: {"using":"xpath","value":"//table[contains(@id, \"massStateChangeTable-listUl\")]/tbody/tr[1]/td[11]/div/div/div/div[2]/span"}
COMMAND: POST /session/54ab07b6f3a83c27c29484349e99f848/element/f.59AB657FC34E9F51E6BD7341E7570555.d.A7CF349951AC8ED10851F8D3D6D3AF32.e.7879/click - {}
RESULT: {}
COMMAND: GET /session/54ab07b6f3a83c27c29484349e99f848/screenshot - {}
RESULT: {}
COMMAND: POST /session/54ab07b6f3a83c27c29484349e99f848/element - {"using":"xpath","value":"//table[contains(@id, \"massStateChangeTable-listUl\")]/tbody/tr[1]/td[11]/div/div/div/div[2]/span"}
RESULT: {"using":"xpath","value":"//table[contains(@id, \"massStateChangeTable-listUl\")]/tbody/tr[1]/td[11]/div/div/div/div[2]/span"}
COMMAND: POST /session/54ab07b6f3a83c27c29484349e99f848/element/f.59AB657FC34E9F51E6BD7341E7570555.d.A7CF349951AC8ED10851F8D3D6D3AF32.e.7879/click - {}
RESULT: {}
COMMAND: GET /session/54ab07b6f3a83c27c29484349e99f848/screenshot - {}
RESULT: {}
COMMAND: POST /session/54ab07b6f3a83c27c29484349e99f848/element - {"using":"xpath","value":"//table[contains(@id, \"massStateChangeTable-listUl\")]/tbody/tr[1]/td[11]/div/div/div/div[2]/span"}
RESULT: {"using":"xpath","value":"//table[contains(@id, \"massStateChangeTable-listUl\")]/tbody/tr[1]/td[11]/div/div/div/div[2]/span"}
COMMAND: POST /session/54ab07b6f3a83c27c29484349e99f848/element/f.59AB657FC34E9F51E6BD7341E7570555.d.A7CF349951AC8ED10851F8D3D6D3AF32.e.7879/click - {}
RESULT: {}
COMMAND: GET /session/54ab07b6f3a83c27c29484349e99f848/screenshot - {}
RESULT: {}
COMMAND: POST /session/54ab07b6f3a83c27c29484349e99f848/element - {"using":"xpath","value":"//table[contains(@id, \"massStateChangeTable-listUl\")]/tbody/tr[1]/td[11]/div/div/div/div[2]/span"}
RESULT: {"using":"xpath","value":"//table[contains(@id, \"massStateChangeTable-listUl\")]/tbody/tr[1]/td[11]/div/div/div/div[2]/span"}
COMMAND: POST /session/54ab07b6f3a83c27c29484349e99f848/element/f.59AB657FC34E9F51E6BD7341E7570555.d.A7CF349951AC8ED10851F8D3D6D3AF32.e.7879/click - {}
RESULT: {}
COMMAND: GET /session/54ab07b6f3a83c27c29484349e99f848/screenshot - {}
RESULT: {}
COMMAND: POST /session/54ab07b6f3a83c27c29484349e99f848/element - {"using":"xpath","value":"//table[contains(@id, \"massStateChangeTable-listUl\")]/tbody/tr[1]/td[11]/div/div/div/div[2]/span"}
RESULT: {"using":"xpath","value":"//table[contains(@id, \"massStateChangeTable-listUl\")]/tbody/tr[1]/td[11]/div/div/div/div[2]/span"}
COMMAND: POST /session/54ab07b6f3a83c27c29484349e99f848/element/f.59AB657FC34E9F51E6BD7341E7570555.d.A7CF349951AC8ED10851F8D3D6D3AF32.e.7879/click - {}
RESULT: {}
COMMAND: GET /session/54ab07b6f3a83c27c29484349e99f848/screenshot - {}
RESULT: {}
COMMAND: POST /session/54ab07b6f3a83c27c29484349e99f848/element - {"using":"xpath","value":"//table[contains(@id, \"massStateChangeTable-listUl\")]/tbody/tr[1]/td[11]/div/div/div/div[2]/span"}
RESULT: {"using":"xpath","value":"//table[contains(@id, \"massStateChangeTable-listUl\")]/tbody/tr[1]/td[11]/div/div/div/div[2]/span"}
COMMAND: POST /session/54ab07b6f3a83c27c29484349e99f848/element/f.59AB657FC34E9F51E6BD7341E7570555.d.A7CF349951AC8ED10851F8D3D6D3AF32.e.7879/click - {}
RESULT: {}
COMMAND: GET /session/54ab07b6f3a83c27c29484349e99f848/screenshot - {}
RESULT: {}
COMMAND: POST /session/54ab07b6f3a83c27c29484349e99f848/element - {"using":"xpath","value":"//table[contains(@id, \"massStateChangeTable-listUl\")]/tbody/tr[1]/td[11]/div/div/div/div[2]/span"}
RESULT: {"using":"xpath","value":"//table[contains(@id, \"massStateChangeTable-listUl\")]/tbody/tr[1]/td[11]/div/div/div/div[2]/span"}
COMMAND: POST /session/54ab07b6f3a83c27c29484349e99f848/element/f.59AB657FC34E9F51E6BD7341E7570555.d.A7CF349951AC8ED10851F8D3D6D3AF32.e.7879/click - {}
RESULT: {}
COMMAND: GET /session/54ab07b6f3a83c27c29484349e99f848/screenshot - {}
RESULT: {}
COMMAND: POST /session/54ab07b6f3a83c27c29484349e99f848/element - {"using":"xpath","value":"//table[contains(@id, \"massStateChangeTable-listUl\")]/tbody/tr[1]/td[11]/div/div/div/div[2]/span"}
RESULT: {"using":"xpath","value":"//table[contains(@id, \"massStateChangeTable-listUl\")]/tbody/tr[1]/td[11]/div/div/div/div[2]/span"}
COMMAND: POST /session/54ab07b6f3a83c27c29484349e99f848/element/f.59AB657FC34E9F51E6BD7341E7570555.d.A7CF349951AC8ED10851F8D3D6D3AF32.e.7879/click - {}
RESULT: {}
COMMAND: GET /session/54ab07b6f3a83c27c29484349e99f848/screenshot - {}
RESULT: {}
COMMAND: POST /session/54ab07b6f3a83c27c29484349e99f848/element - {"using":"xpath","value":"//table[contains(@id, \"massStateChangeTable-listUl\")]/tbody/tr[1]/td[11]/div/div/div/div[2]/span"}
RESULT: {"using":"xpath","value":"//table[contains(@id, \"massStateChangeTable-listUl\")]/tbody/tr[1]/td[11]/div/div/div/div[2]/span"}
COMMAND: POST /session/54ab07b6f3a83c27c29484349e99f848/element/f.59AB657FC34E9F51E6BD7341E7570555.d.A7CF349951AC8ED10851F8D3D6D3AF32.e.7879/click - {}
RESULT: {}
COMMAND: GET /session/54ab07b6f3a83c27c29484349e99f848/screenshot - {}
RESULT: {}
COMMAND: POST /session/54ab07b6f3a83c27c29484349e99f848/element - {"using":"xpath","value":"//table[contains(@id, \"massStateChangeTable-listUl\")]/tbody/tr[1]/td[11]/div/div/div/div[2]/span"}
RESULT: {"using":"xpath","value":"//table[contains(@id, \"massStateChangeTable-listUl\")]/tbody/tr[1]/td[11]/div/div/div/div[2]/span"}
COMMAND: POST /session/54ab07b6f3a83c27c29484349e99f848/element/f.59AB657FC34E9F51E6BD7341E7570555.d.A7CF349951AC8ED10851F8D3D6D3AF32.e.7879/click - {}
RESULT: {}
COMMAND: GET /session/54ab07b6f3a83c27c29484349e99f848/screenshot - {}
RESULT: {}
COMMAND: POST /session/54ab07b6f3a83c27c29484349e99f848/element - {"using":"xpath","value":"//table[contains(@id, \"massStateChangeTable-listUl\")]/tbody/tr[2]/td[11]/div/div/div/div[2]/span"}
RESULT: {"using":"xpath","value":"//table[contains(@id, \"massStateChangeTable-listUl\")]/tbody/tr[2]/td[11]/div/div/div/div[2]/span"}
COMMAND: POST /session/54ab07b6f3a83c27c29484349e99f848/element/f.59AB657FC34E9F51E6BD7341E7570555.d.A7CF349951AC8ED10851F8D3D6D3AF32.e.7880/click - {}
RESULT: {}
COMMAND: GET /session/54ab07b6f3a83c27c29484349e99f848/screenshot - {}
RESULT: {}
COMMAND: POST /session/54ab07b6f3a83c27c29484349e99f848/element - {"using":"xpath","value":"//table[contains(@id, \"massStateChangeTable-listUl\")]/tbody/tr[1]/td[11]/div/div/div/input"}
RESULT: {"using":"xpath","value":"//table[contains(@id, \"massStateChangeTable-listUl\")]/tbody/tr[1]/td[11]/div/div/div/input"}
COMMAND: GET /session/54ab07b6f3a83c27c29484349e99f848/element/f.59AB657FC34E9F51E6BD7341E7570555.d.A7CF349951AC8ED10851F8D3D6D3AF32.e.7858/property/value - {}
RESULT: {}
COMMAND: POST /session/54ab07b6f3a83c27c29484349e99f848/element - {"using":"xpath","value":"//table[contains(@id, \"massStateChangeTable-listUl\")]/tbody/tr[2]/td[11]/div/div/div/input"}
COMMAND: GET /session/54ab07b6f3a83c27c29484349e99f848/screenshot - {}
RESULT: {"using":"xpath","value":"//table[contains(@id, \"massStateChangeTable-listUl\")]/tbody/tr[2]/td[11]/div/div/div/input"}
COMMAND: GET /session/54ab07b6f3a83c27c29484349e99f848/element/f.59AB657FC34E9F51E6BD7341E7570555.d.A7CF349951AC8ED10851F8D3D6D3AF32.e.7862/property/value - {}
RESULT: {}
RESULT: {}
COMMAND: POST /session/54ab07b6f3a83c27c29484349e99f848/element - {"using":"xpath","value":"(//bdi[contains(text(), \"OK\")])[1]"}
COMMAND: GET /session/54ab07b6f3a83c27c29484349e99f848/screenshot - {}
RESULT: {}
RESULT: {"using":"xpath","value":"(//bdi[contains(text(), \"OK\")])[1]"}
COMMAND: POST /session/54ab07b6f3a83c27c29484349e99f848/element/f.59AB657FC34E9F51E6BD7341E7570555.d.A7CF349951AC8ED10851F8D3D6D3AF32.e.7866/click - {}
RESULT: {}
COMMAND: GET /session/54ab07b6f3a83c27c29484349e99f848/screenshot - {}
RESULT: {}
COMMAND: POST /session/54ab07b6f3a83c27c29484349e99f848/element - {"using":"xpath","value":"(//bdi[contains(text(), \"OK\")])[2]"}
RESULT: {"using":"xpath","value":"(//bdi[contains(text(), \"OK\")])[2]"}
COMMAND: POST /session/54ab07b6f3a83c27c29484349e99f848/element/f.59AB657FC34E9F51E6BD7341E7570555.d.A7CF349951AC8ED10851F8D3D6D3AF32.e.7883/click - {}
RESULT: {}
COMMAND: GET /session/54ab07b6f3a83c27c29484349e99f848/screenshot - {}
RESULT: {}
RESULT: undefined
COMMAND: POST /session/54ab07b6f3a83c27c29484349e99f848/execute/async - {"script":"<script> [776 bytes]","args":[{"enterText":"600002","selector":{"id":"application-ruinventorylist-display-component---Master--smartFilterBar-btnBasicSearch","interaction":{"idSuffix":"I"}},"clearTextFirst":true,"interactionType":"ENTER_TEXT"}]}
RESULT: {"script":"<script> [776 bytes]","args":[{"enterText":"600002","selector":{"id":"application-ruinventorylist-display-component---Master--smartFilterBar-btnBasicSearch","interaction":{"idSuffix":"I"}},"clearTextFirst":true,"interactionType":"ENTER_TEXT"}]}
COMMAND: POST /session/54ab07b6f3a83c27c29484349e99f848/actions - {"actions":[{"id":"action29","type":"key","parameters":{},"actions":[{"type":"keyDown","value":"î€‡"},{"type":"pause","duration":10},{"type":"keyUp","value":"î€‡"}]}]}
RESULT: {"actions":[{"id":"action29","type":"key","parameters":{},"actions":[{"type":"keyDown","value":"î€‡"},{"type":"pause","duration":10},{"type":"keyUp","value":"î€‡"}]}]}
COMMAND: GET /session/54ab07b6f3a83c27c29484349e99f848/screenshot - {}
RESULT: {}
COMMAND: POST /session/54ab07b6f3a83c27c29484349e99f848/element - {"using":"xpath","value":"//span[@id=\"application-ruinventorylist-display-component---Master--smartTableRuInventoryList-header-inner\"]"}
RESULT: {"using":"xpath","value":"//span[@id=\"application-ruinventorylist-display-component---Master--smartTableRuInventoryList-header-inner\"]"}
COMMAND: POST /session/54ab07b6f3a83c27c29484349e99f848/elements - {"using":"xpath","value":"//span[@id=\"application-ruinventorylist-display-component---Master--smartTableRuInventoryList-header-inner\"]"}
RESULT: {"using":"xpath","value":"//span[@id=\"application-ruinventorylist-display-component---Master--smartTableRuInventoryList-header-inner\"]"}
COMMAND: POST /session/54ab07b6f3a83c27c29484349e99f848/execute/sync - {"script":"<script> [56 bytes]","args":[{"element-6066-11e4-a52e-4f735466cecf":"f.59AB657FC34E9F51E6BD7341E7570555.d.A7CF349951AC8ED10851F8D3D6D3AF32.e.7574","ELEMENT":"f.59AB657FC34E9F51E6BD7341E7570555.d.A7CF349951AC8ED10851F8D3D6D3AF32.e.7574"}]}
RESULT: {"script":"<script> [56 bytes]","args":[{"element-6066-11e4-a52e-4f735466cecf":"f.59AB657FC34E9F51E6BD7341E7570555.d.A7CF349951AC8ED10851F8D3D6D3AF32.e.7574","ELEMENT":"f.59AB657FC34E9F51E6BD7341E7570555.d.A7CF349951AC8ED10851F8D3D6D3AF32.e.7574"}]}
COMMAND: POST /session/54ab07b6f3a83c27c29484349e99f848/element - {"using":"xpath","value":"//table[contains(@id, \"application-ruinventorylist-display-component---Master--tableRuInventoryList-listUl\")]/tbody/tr[1]/td[6]/div/span"}
COMMAND: GET /session/54ab07b6f3a83c27c29484349e99f848/screenshot - {}
RESULT: {"using":"xpath","value":"//table[contains(@id, \"application-ruinventorylist-display-component---Master--tableRuInventoryList-listUl\")]/tbody/tr[1]/td[6]/div/span"}
COMMAND: POST /session/54ab07b6f3a83c27c29484349e99f848/execute/sync - {"script":"<script> [56 bytes]","args":[{"element-6066-11e4-a52e-4f735466cecf":"f.59AB657FC34E9F51E6BD7341E7570555.d.A7CF349951AC8ED10851F8D3D6D3AF32.e.7903","ELEMENT":"f.59AB657FC34E9F51E6BD7341E7570555.d.A7CF349951AC8ED10851F8D3D6D3AF32.e.7903"}]}
RESULT: {}
RESULT: {"script":"<script> [56 bytes]","args":[{"element-6066-11e4-a52e-4f735466cecf":"f.59AB657FC34E9F51E6BD7341E7570555.d.A7CF349951AC8ED10851F8D3D6D3AF32.e.7903","ELEMENT":"f.59AB657FC34E9F51E6BD7341E7570555.d.A7CF349951AC8ED10851F8D3D6D3AF32.e.7903"}]}
COMMAND: POST /session/54ab07b6f3a83c27c29484349e99f848/element - {"using":"xpath","value":"//div[contains(@id, \"smartFilterBar-btnBasicSearch-reset\")]"}
COMMAND: GET /session/54ab07b6f3a83c27c29484349e99f848/screenshot - {}
RESULT: {"using":"xpath","value":"//div[contains(@id, \"smartFilterBar-btnBasicSearch-reset\")]"}
COMMAND: POST /session/54ab07b6f3a83c27c29484349e99f848/element/f.59AB657FC34E9F51E6BD7341E7570555.d.A7CF349951AC8ED10851F8D3D6D3AF32.e.7590/click - {}
RESULT: {}
RESULT: {}
COMMAND: GET /session/54ab07b6f3a83c27c29484349e99f848/screenshot - {}
RESULT: {}
RESULT: undefined
COMMAND: POST /session/54ab07b6f3a83c27c29484349e99f848/execute/async - {"script":"<script> [776 bytes]","args":[{"enterText":"401002","selector":{"id":"application-ruinventorylist-display-component---Master--smartFilterBar-btnBasicSearch","interaction":{"idSuffix":"I"}},"clearTextFirst":true,"interactionType":"ENTER_TEXT"}]}
RESULT: {"script":"<script> [776 bytes]","args":[{"enterText":"401002","selector":{"id":"application-ruinventorylist-display-component---Master--smartFilterBar-btnBasicSearch","interaction":{"idSuffix":"I"}},"clearTextFirst":true,"interactionType":"ENTER_TEXT"}]}
COMMAND: POST /session/54ab07b6f3a83c27c29484349e99f848/actions - {"actions":[{"id":"action30","type":"key","parameters":{},"actions":[{"type":"keyDown","value":"î€‡"},{"type":"pause","duration":10},{"type":"keyUp","value":"î€‡"}]}]}
RESULT: {"actions":[{"id":"action30","type":"key","parameters":{},"actions":[{"type":"keyDown","value":"î€‡"},{"type":"pause","duration":10},{"type":"keyUp","value":"î€‡"}]}]}
COMMAND: GET /session/54ab07b6f3a83c27c29484349e99f848/screenshot - {}
RESULT: {}
COMMAND: POST /session/54ab07b6f3a83c27c29484349e99f848/element - {"using":"xpath","value":"//span[@id=\"application-ruinventorylist-display-component---Master--smartTableRuInventoryList-header-inner\"]"}
RESULT: {"using":"xpath","value":"//span[@id=\"application-ruinventorylist-display-component---Master--smartTableRuInventoryList-header-inner\"]"}
COMMAND: POST /session/54ab07b6f3a83c27c29484349e99f848/elements - {"using":"xpath","value":"//span[@id=\"application-ruinventorylist-display-component---Master--smartTableRuInventoryList-header-inner\"]"}
RESULT: {"using":"xpath","value":"//span[@id=\"application-ruinventorylist-display-component---Master--smartTableRuInventoryList-header-inner\"]"}
COMMAND: POST /session/54ab07b6f3a83c27c29484349e99f848/execute/sync - {"script":"<script> [56 bytes]","args":[{"element-6066-11e4-a52e-4f735466cecf":"f.59AB657FC34E9F51E6BD7341E7570555.d.A7CF349951AC8ED10851F8D3D6D3AF32.e.7574","ELEMENT":"f.59AB657FC34E9F51E6BD7341E7570555.d.A7CF349951AC8ED10851F8D3D6D3AF32.e.7574"}]}
RESULT: {"script":"<script> [56 bytes]","args":[{"element-6066-11e4-a52e-4f735466cecf":"f.59AB657FC34E9F51E6BD7341E7570555.d.A7CF349951AC8ED10851F8D3D6D3AF32.e.7574","ELEMENT":"f.59AB657FC34E9F51E6BD7341E7570555.d.A7CF349951AC8ED10851F8D3D6D3AF32.e.7574"}]}
COMMAND: POST /session/54ab07b6f3a83c27c29484349e99f848/element - {"using":"xpath","value":"//table[contains(@id, \"application-ruinventorylist-display-component---Master--tableRuInventoryList-listUl\")]/tbody/tr[1]/td[6]/div/span"}
COMMAND: GET /session/54ab07b6f3a83c27c29484349e99f848/screenshot - {}
RESULT: {"using":"xpath","value":"//table[contains(@id, \"application-ruinventorylist-display-component---Master--tableRuInventoryList-listUl\")]/tbody/tr[1]/td[6]/div/span"}
COMMAND: POST /session/54ab07b6f3a83c27c29484349e99f848/execute/sync - {"script":"<script> [56 bytes]","args":[{"element-6066-11e4-a52e-4f735466cecf":"f.59AB657FC34E9F51E6BD7341E7570555.d.A7CF349951AC8ED10851F8D3D6D3AF32.e.7980","ELEMENT":"f.59AB657FC34E9F51E6BD7341E7570555.d.A7CF349951AC8ED10851F8D3D6D3AF32.e.7980"}]}
RESULT: {}
RESULT: {"script":"<script> [56 bytes]","args":[{"element-6066-11e4-a52e-4f735466cecf":"f.59AB657FC34E9F51E6BD7341E7570555.d.A7CF349951AC8ED10851F8D3D6D3AF32.e.7980","ELEMENT":"f.59AB657FC34E9F51E6BD7341E7570555.d.A7CF349951AC8ED10851F8D3D6D3AF32.e.7980"}]}
COMMAND: POST /session/54ab07b6f3a83c27c29484349e99f848/element - {"using":"xpath","value":"//div[contains(@id, \"smartFilterBar-btnBasicSearch-reset\")]"}
COMMAND: GET /session/54ab07b6f3a83c27c29484349e99f848/screenshot - {}
RESULT: {"using":"xpath","value":"//div[contains(@id, \"smartFilterBar-btnBasicSearch-reset\")]"}
COMMAND: POST /session/54ab07b6f3a83c27c29484349e99f848/element/f.59AB657FC34E9F51E6BD7341E7570555.d.A7CF349951AC8ED10851F8D3D6D3AF32.e.7590/click - {}
RESULT: {}
RESULT: {}
COMMAND: GET /session/54ab07b6f3a83c27c29484349e99f848/screenshot - {}
RESULT: {}
COMMAND: POST /session/54ab07b6f3a83c27c29484349e99f848/element/f.59AB657FC34E9F51E6BD7341E7570555.d.A7CF349951AC8ED10851F8D3D6D3AF32.e.7118/click - {}
RESULT: {}
COMMAND: GET /session/54ab07b6f3a83c27c29484349e99f848/screenshot - {}
RESULT: {}
RESULT: undefined
COMMAND: POST /session/54ab07b6f3a83c27c29484349e99f848/execute/async - {"script":"<script> [776 bytes]","args":[{"enterText":"600002","selector":{"id":"application-ruinventorylist-display-component---Master--smartFilterBar-btnBasicSearch","interaction":{"idSuffix":"I"}},"clearTextFirst":true,"interactionType":"ENTER_TEXT"}]}
RESULT: {"script":"<script> [776 bytes]","args":[{"enterText":"600002","selector":{"id":"application-ruinventorylist-display-component---Master--smartFilterBar-btnBasicSearch","interaction":{"idSuffix":"I"}},"clearTextFirst":true,"interactionType":"ENTER_TEXT"}]}
COMMAND: POST /session/54ab07b6f3a83c27c29484349e99f848/actions - {"actions":[{"id":"action31","type":"key","parameters":{},"actions":[{"type":"keyDown","value":"î€‡"},{"type":"pause","duration":10},{"type":"keyUp","value":"î€‡"}]}]}
RESULT: {"actions":[{"id":"action31","type":"key","parameters":{},"actions":[{"type":"keyDown","value":"î€‡"},{"type":"pause","duration":10},{"type":"keyUp","value":"î€‡"}]}]}
COMMAND: GET /session/54ab07b6f3a83c27c29484349e99f848/screenshot - {}
RESULT: {}
COMMAND: POST /session/54ab07b6f3a83c27c29484349e99f848/element - {"using":"xpath","value":"//span[@id=\"application-ruinventorylist-display-component---Master--smartTableRuInventoryList-header-inner\"]"}
RESULT: {"using":"xpath","value":"//span[@id=\"application-ruinventorylist-display-component---Master--smartTableRuInventoryList-header-inner\"]"}
COMMAND: POST /session/54ab07b6f3a83c27c29484349e99f848/elements - {"using":"xpath","value":"//span[@id=\"application-ruinventorylist-display-component---Master--smartTableRuInventoryList-header-inner\"]"}
RESULT: {"using":"xpath","value":"//span[@id=\"application-ruinventorylist-display-component---Master--smartTableRuInventoryList-header-inner\"]"}
COMMAND: POST /session/54ab07b6f3a83c27c29484349e99f848/execute/sync - {"script":"<script> [56 bytes]","args":[{"element-6066-11e4-a52e-4f735466cecf":"f.59AB657FC34E9F51E6BD7341E7570555.d.A7CF349951AC8ED10851F8D3D6D3AF32.e.7574","ELEMENT":"f.59AB657FC34E9F51E6BD7341E7570555.d.A7CF349951AC8ED10851F8D3D6D3AF32.e.7574"}]}
RESULT: {"script":"<script> [56 bytes]","args":[{"element-6066-11e4-a52e-4f735466cecf":"f.59AB657FC34E9F51E6BD7341E7570555.d.A7CF349951AC8ED10851F8D3D6D3AF32.e.7574","ELEMENT":"f.59AB657FC34E9F51E6BD7341E7570555.d.A7CF349951AC8ED10851F8D3D6D3AF32.e.7574"}]}
COMMAND: POST /session/54ab07b6f3a83c27c29484349e99f848/element - {"using":"xpath","value":"//table[contains(@id, \"application-ruinventorylist-display-component---Master--tableRuInventoryList-listUl\")]/tbody/tr[1]/td[2]/div/div"}
COMMAND: GET /session/54ab07b6f3a83c27c29484349e99f848/screenshot - {}
RESULT: {"using":"xpath","value":"//table[contains(@id, \"application-ruinventorylist-display-component---Master--tableRuInventoryList-listUl\")]/tbody/tr[1]/td[2]/div/div"}
COMMAND: POST /session/54ab07b6f3a83c27c29484349e99f848/element/f.59AB657FC34E9F51E6BD7341E7570555.d.A7CF349951AC8ED10851F8D3D6D3AF32.e.8222/click - {}
RESULT: {}
RESULT: {}
COMMAND: GET /session/54ab07b6f3a83c27c29484349e99f848/screenshot - {}
RESULT: {}
COMMAND: POST /session/54ab07b6f3a83c27c29484349e99f848/element - {"using":"xpath","value":"//div[contains(@id, \"smartFilterBar-btnBasicSearch-reset\")]"}
RESULT: {"using":"xpath","value":"//div[contains(@id, \"smartFilterBar-btnBasicSearch-reset\")]"}
COMMAND: POST /session/54ab07b6f3a83c27c29484349e99f848/element/f.59AB657FC34E9F51E6BD7341E7570555.d.A7CF349951AC8ED10851F8D3D6D3AF32.e.7590/click - {}
RESULT: {}
COMMAND: GET /session/54ab07b6f3a83c27c29484349e99f848/screenshot - {}
RESULT: {}
RESULT: undefined
COMMAND: POST /session/54ab07b6f3a83c27c29484349e99f848/execute/async - {"script":"<script> [776 bytes]","args":[{"enterText":"401002","selector":{"id":"application-ruinventorylist-display-component---Master--smartFilterBar-btnBasicSearch","interaction":{"idSuffix":"I"}},"clearTextFirst":true,"interactionType":"ENTER_TEXT"}]}
RESULT: {"script":"<script> [776 bytes]","args":[{"enterText":"401002","selector":{"id":"application-ruinventorylist-display-component---Master--smartFilterBar-btnBasicSearch","interaction":{"idSuffix":"I"}},"clearTextFirst":true,"interactionType":"ENTER_TEXT"}]}
COMMAND: POST /session/54ab07b6f3a83c27c29484349e99f848/actions - {"actions":[{"id":"action32","type":"key","parameters":{},"actions":[{"type":"keyDown","value":"î€‡"},{"type":"pause","duration":10},{"type":"keyUp","value":"î€‡"}]}]}
RESULT: {"actions":[{"id":"action32","type":"key","parameters":{},"actions":[{"type":"keyDown","value":"î€‡"},{"type":"pause","duration":10},{"type":"keyUp","value":"î€‡"}]}]}
COMMAND: GET /session/54ab07b6f3a83c27c29484349e99f848/screenshot - {}
RESULT: {}
COMMAND: POST /session/54ab07b6f3a83c27c29484349e99f848/element - {"using":"xpath","value":"//span[@id=\"application-ruinventorylist-display-component---Master--smartTableRuInventoryList-header-inner\"]"}
RESULT: {"using":"xpath","value":"//span[@id=\"application-ruinventorylist-display-component---Master--smartTableRuInventoryList-header-inner\"]"}
COMMAND: POST /session/54ab07b6f3a83c27c29484349e99f848/elements - {"using":"xpath","value":"//span[@id=\"application-ruinventorylist-display-component---Master--smartTableRuInventoryList-header-inner\"]"}
RESULT: {"using":"xpath","value":"//span[@id=\"application-ruinventorylist-display-component---Master--smartTableRuInventoryList-header-inner\"]"}
COMMAND: POST /session/54ab07b6f3a83c27c29484349e99f848/execute/sync - {"script":"<script> [56 bytes]","args":[{"element-6066-11e4-a52e-4f735466cecf":"f.59AB657FC34E9F51E6BD7341E7570555.d.A7CF349951AC8ED10851F8D3D6D3AF32.e.7574","ELEMENT":"f.59AB657FC34E9F51E6BD7341E7570555.d.A7CF349951AC8ED10851F8D3D6D3AF32.e.7574"}]}
RESULT: {"script":"<script> [56 bytes]","args":[{"element-6066-11e4-a52e-4f735466cecf":"f.59AB657FC34E9F51E6BD7341E7570555.d.A7CF349951AC8ED10851F8D3D6D3AF32.e.7574","ELEMENT":"f.59AB657FC34E9F51E6BD7341E7570555.d.A7CF349951AC8ED10851F8D3D6D3AF32.e.7574"}]}
COMMAND: POST /session/54ab07b6f3a83c27c29484349e99f848/element - {"using":"xpath","value":"//table[contains(@id, \"application-ruinventorylist-display-component---Master--tableRuInventoryList-listUl\")]/tbody/tr[1]/td[2]/div/div"}
COMMAND: GET /session/54ab07b6f3a83c27c29484349e99f848/screenshot - {}
RESULT: {"using":"xpath","value":"//table[contains(@id, \"application-ruinventorylist-display-component---Master--tableRuInventoryList-listUl\")]/tbody/tr[1]/td[2]/div/div"}
COMMAND: POST /session/54ab07b6f3a83c27c29484349e99f848/element/f.59AB657FC34E9F51E6BD7341E7570555.d.A7CF349951AC8ED10851F8D3D6D3AF32.e.8357/click - {}
RESULT: {}
RESULT: {}
COMMAND: GET /session/54ab07b6f3a83c27c29484349e99f848/screenshot - {}
RESULT: {}
COMMAND: POST /session/54ab07b6f3a83c27c29484349e99f848/element - {"using":"xpath","value":"//div[contains(@id, \"smartFilterBar-btnBasicSearch-reset\")]"}
RESULT: {"using":"xpath","value":"//div[contains(@id, \"smartFilterBar-btnBasicSearch-reset\")]"}
COMMAND: POST /session/54ab07b6f3a83c27c29484349e99f848/element/f.59AB657FC34E9F51E6BD7341E7570555.d.A7CF349951AC8ED10851F8D3D6D3AF32.e.7590/click - {}
RESULT: {}
COMMAND: GET /session/54ab07b6f3a83c27c29484349e99f848/screenshot - {}
RESULT: {}
COMMAND: POST /session/54ab07b6f3a83c27c29484349e99f848/element/f.59AB657FC34E9F51E6BD7341E7570555.d.A7CF349951AC8ED10851F8D3D6D3AF32.e.7118/click - {}
RESULT: {}
COMMAND: GET /session/54ab07b6f3a83c27c29484349e99f848/screenshot - {}
RESULT: {}
RESULT: undefined
COMMAND: POST /session/54ab07b6f3a83c27c29484349e99f848/element - {"using":"xpath","value":"//*[@id=\"application-ruinventorylist-display-component---Master--ruStateTypes-arrow\"]"}
RESULT: {"using":"xpath","value":"//*[@id=\"application-ruinventorylist-display-component---Master--ruStateTypes-arrow\"]"}
COMMAND: POST /session/54ab07b6f3a83c27c29484349e99f848/element/f.59AB657FC34E9F51E6BD7341E7570555.d.A7CF349951AC8ED10851F8D3D6D3AF32.e.8505/click - {}
RESULT: {}
COMMAND: GET /session/54ab07b6f3a83c27c29484349e99f848/screenshot - {}
RESULT: {}
COMMAND: POST /session/54ab07b6f3a83c27c29484349e99f848/element - {"using":"xpath","value":"//li[.//span[text()=\"available\"]]"}
RESULT: {"using":"xpath","value":"//li[.//span[text()=\"available\"]]"}
COMMAND: POST /session/54ab07b6f3a83c27c29484349e99f848/element/f.59AB657FC34E9F51E6BD7341E7570555.d.A7CF349951AC8ED10851F8D3D6D3AF32.e.8506/click - {}
RESULT: {}
COMMAND: GET /session/54ab07b6f3a83c27c29484349e99f848/screenshot - {}
RESULT: {}
COMMAND: POST /session/54ab07b6f3a83c27c29484349e99f848/element - {"using":"xpath","value":"(//bdi[contains(text(), \"OK\")])[1]"}
RESULT: {"using":"xpath","value":"(//bdi[contains(text(), \"OK\")])[1]"}
COMMAND: POST /session/54ab07b6f3a83c27c29484349e99f848/element/f.59AB657FC34E9F51E6BD7341E7570555.d.A7CF349951AC8ED10851F8D3D6D3AF32.e.8507/click - {}
RESULT: {}
COMMAND: GET /session/54ab07b6f3a83c27c29484349e99f848/screenshot - {}
RESULT: {}
COMMAND: POST /session/54ab07b6f3a83c27c29484349e99f848/element - {"using":"xpath","value":"(//bdi[contains(text(), \"OK\")])[2]"}
RESULT: {"using":"xpath","value":"(//bdi[contains(text(), \"OK\")])[2]"}
COMMAND: POST /session/54ab07b6f3a83c27c29484349e99f848/element/f.59AB657FC34E9F51E6BD7341E7570555.d.A7CF349951AC8ED10851F8D3D6D3AF32.e.8512/click - {}
RESULT: {}
COMMAND: GET /session/54ab07b6f3a83c27c29484349e99f848/screenshot - {}
RESULT: {}
RESULT: undefined
COMMAND: POST /session/54ab07b6f3a83c27c29484349e99f848/execute/async - {"script":"<script> [776 bytes]","args":[{"enterText":"600002","selector":{"id":"application-ruinventorylist-display-component---Master--smartFilterBar-btnBasicSearch","interaction":{"idSuffix":"I"}},"clearTextFirst":true,"interactionType":"ENTER_TEXT"}]}
RESULT: {"script":"<script> [776 bytes]","args":[{"enterText":"600002","selector":{"id":"application-ruinventorylist-display-component---Master--smartFilterBar-btnBasicSearch","interaction":{"idSuffix":"I"}},"clearTextFirst":true,"interactionType":"ENTER_TEXT"}]}
COMMAND: POST /session/54ab07b6f3a83c27c29484349e99f848/actions - {"actions":[{"id":"action33","type":"key","parameters":{},"actions":[{"type":"keyDown","value":"î€‡"},{"type":"pause","duration":10},{"type":"keyUp","value":"î€‡"}]}]}
RESULT: {"actions":[{"id":"action33","type":"key","parameters":{},"actions":[{"type":"keyDown","value":"î€‡"},{"type":"pause","duration":10},{"type":"keyUp","value":"î€‡"}]}]}
COMMAND: GET /session/54ab07b6f3a83c27c29484349e99f848/screenshot - {}
RESULT: {}
COMMAND: POST /session/54ab07b6f3a83c27c29484349e99f848/element - {"using":"xpath","value":"//span[@id=\"application-ruinventorylist-display-component---Master--smartTableRuInventoryList-header-inner\"]"}
RESULT: {"using":"xpath","value":"//span[@id=\"application-ruinventorylist-display-component---Master--smartTableRuInventoryList-header-inner\"]"}
COMMAND: POST /session/54ab07b6f3a83c27c29484349e99f848/elements - {"using":"xpath","value":"//span[@id=\"application-ruinventorylist-display-component---Master--smartTableRuInventoryList-header-inner\"]"}
RESULT: {"using":"xpath","value":"//span[@id=\"application-ruinventorylist-display-component---Master--smartTableRuInventoryList-header-inner\"]"}
COMMAND: POST /session/54ab07b6f3a83c27c29484349e99f848/execute/sync - {"script":"<script> [56 bytes]","args":[{"element-6066-11e4-a52e-4f735466cecf":"f.59AB657FC34E9F51E6BD7341E7570555.d.A7CF349951AC8ED10851F8D3D6D3AF32.e.7574","ELEMENT":"f.59AB657FC34E9F51E6BD7341E7570555.d.A7CF349951AC8ED10851F8D3D6D3AF32.e.7574"}]}
RESULT: {"script":"<script> [56 bytes]","args":[{"element-6066-11e4-a52e-4f735466cecf":"f.59AB657FC34E9F51E6BD7341E7570555.d.A7CF349951AC8ED10851F8D3D6D3AF32.e.7574","ELEMENT":"f.59AB657FC34E9F51E6BD7341E7570555.d.A7CF349951AC8ED10851F8D3D6D3AF32.e.7574"}]}
COMMAND: POST /session/54ab07b6f3a83c27c29484349e99f848/element - {"using":"xpath","value":"//table[contains(@id, \"application-ruinventorylist-display-component---Master--tableRuInventoryList-listUl\")]/tbody/tr[1]/td[6]/div/span"}
COMMAND: GET /session/54ab07b6f3a83c27c29484349e99f848/screenshot - {}
RESULT: {"using":"xpath","value":"//table[contains(@id, \"application-ruinventorylist-display-component---Master--tableRuInventoryList-listUl\")]/tbody/tr[1]/td[6]/div/span"}
COMMAND: POST /session/54ab07b6f3a83c27c29484349e99f848/execute/sync - {"script":"<script> [56 bytes]","args":[{"element-6066-11e4-a52e-4f735466cecf":"f.59AB657FC34E9F51E6BD7341E7570555.d.A7CF349951AC8ED10851F8D3D6D3AF32.e.8530","ELEMENT":"f.59AB657FC34E9F51E6BD7341E7570555.d.A7CF349951AC8ED10851F8D3D6D3AF32.e.8530"}]}
RESULT: {}
RESULT: {"script":"<script> [56 bytes]","args":[{"element-6066-11e4-a52e-4f735466cecf":"f.59AB657FC34E9F51E6BD7341E7570555.d.A7CF349951AC8ED10851F8D3D6D3AF32.e.8530","ELEMENT":"f.59AB657FC34E9F51E6BD7341E7570555.d.A7CF349951AC8ED10851F8D3D6D3AF32.e.8530"}]}
COMMAND: POST /session/54ab07b6f3a83c27c29484349e99f848/element - {"using":"xpath","value":"//div[contains(@id, \"smartFilterBar-btnBasicSearch-reset\")]"}
COMMAND: GET /session/54ab07b6f3a83c27c29484349e99f848/screenshot - {}
RESULT: {"using":"xpath","value":"//div[contains(@id, \"smartFilterBar-btnBasicSearch-reset\")]"}
COMMAND: POST /session/54ab07b6f3a83c27c29484349e99f848/element/f.59AB657FC34E9F51E6BD7341E7570555.d.A7CF349951AC8ED10851F8D3D6D3AF32.e.7590/click - {}
RESULT: {}
RESULT: {}
COMMAND: GET /session/54ab07b6f3a83c27c29484349e99f848/screenshot - {}
RESULT: {}
RESULT: undefined
COMMAND: POST /session/54ab07b6f3a83c27c29484349e99f848/execute/async - {"script":"<script> [776 bytes]","args":[{"enterText":"401002","selector":{"id":"application-ruinventorylist-display-component---Master--smartFilterBar-btnBasicSearch","interaction":{"idSuffix":"I"}},"clearTextFirst":true,"interactionType":"ENTER_TEXT"}]}
RESULT: {"script":"<script> [776 bytes]","args":[{"enterText":"401002","selector":{"id":"application-ruinventorylist-display-component---Master--smartFilterBar-btnBasicSearch","interaction":{"idSuffix":"I"}},"clearTextFirst":true,"interactionType":"ENTER_TEXT"}]}
COMMAND: POST /session/54ab07b6f3a83c27c29484349e99f848/actions - {"actions":[{"id":"action34","type":"key","parameters":{},"actions":[{"type":"keyDown","value":"î€‡"},{"type":"pause","duration":10},{"type":"keyUp","value":"î€‡"}]}]}
RESULT: {"actions":[{"id":"action34","type":"key","parameters":{},"actions":[{"type":"keyDown","value":"î€‡"},{"type":"pause","duration":10},{"type":"keyUp","value":"î€‡"}]}]}
COMMAND: GET /session/54ab07b6f3a83c27c29484349e99f848/screenshot - {}
RESULT: {}
COMMAND: POST /session/54ab07b6f3a83c27c29484349e99f848/element - {"using":"xpath","value":"//span[@id=\"application-ruinventorylist-display-component---Master--smartTableRuInventoryList-header-inner\"]"}
RESULT: {"using":"xpath","value":"//span[@id=\"application-ruinventorylist-display-component---Master--smartTableRuInventoryList-header-inner\"]"}
COMMAND: POST /session/54ab07b6f3a83c27c29484349e99f848/elements - {"using":"xpath","value":"//span[@id=\"application-ruinventorylist-display-component---Master--smartTableRuInventoryList-header-inner\"]"}
RESULT: {"using":"xpath","value":"//span[@id=\"application-ruinventorylist-display-component---Master--smartTableRuInventoryList-header-inner\"]"}
COMMAND: POST /session/54ab07b6f3a83c27c29484349e99f848/execute/sync - {"script":"<script> [56 bytes]","args":[{"element-6066-11e4-a52e-4f735466cecf":"f.59AB657FC34E9F51E6BD7341E7570555.d.A7CF349951AC8ED10851F8D3D6D3AF32.e.7574","ELEMENT":"f.59AB657FC34E9F51E6BD7341E7570555.d.A7CF349951AC8ED10851F8D3D6D3AF32.e.7574"}]}
RESULT: {"script":"<script> [56 bytes]","args":[{"element-6066-11e4-a52e-4f735466cecf":"f.59AB657FC34E9F51E6BD7341E7570555.d.A7CF349951AC8ED10851F8D3D6D3AF32.e.7574","ELEMENT":"f.59AB657FC34E9F51E6BD7341E7570555.d.A7CF349951AC8ED10851F8D3D6D3AF32.e.7574"}]}
COMMAND: POST /session/54ab07b6f3a83c27c29484349e99f848/element - {"using":"xpath","value":"//table[contains(@id, \"application-ruinventorylist-display-component---Master--tableRuInventoryList-listUl\")]/tbody/tr[1]/td[6]/div/span"}
COMMAND: GET /session/54ab07b6f3a83c27c29484349e99f848/screenshot - {}
RESULT: {"using":"xpath","value":"//table[contains(@id, \"application-ruinventorylist-display-component---Master--tableRuInventoryList-listUl\")]/tbody/tr[1]/td[6]/div/span"}
COMMAND: POST /session/54ab07b6f3a83c27c29484349e99f848/execute/sync - {"script":"<script> [56 bytes]","args":[{"element-6066-11e4-a52e-4f735466cecf":"f.59AB657FC34E9F51E6BD7341E7570555.d.A7CF349951AC8ED10851F8D3D6D3AF32.e.8606","ELEMENT":"f.59AB657FC34E9F51E6BD7341E7570555.d.A7CF349951AC8ED10851F8D3D6D3AF32.e.8606"}]}
RESULT: {}
RESULT: {"script":"<script> [56 bytes]","args":[{"element-6066-11e4-a52e-4f735466cecf":"f.59AB657FC34E9F51E6BD7341E7570555.d.A7CF349951AC8ED10851F8D3D6D3AF32.e.8606","ELEMENT":"f.59AB657FC34E9F51E6BD7341E7570555.d.A7CF349951AC8ED10851F8D3D6D3AF32.e.8606"}]}
COMMAND: POST /session/54ab07b6f3a83c27c29484349e99f848/element - {"using":"xpath","value":"//div[contains(@id, \"smartFilterBar-btnBasicSearch-reset\")]"}
COMMAND: GET /session/54ab07b6f3a83c27c29484349e99f848/screenshot - {}
RESULT: {"using":"xpath","value":"//div[contains(@id, \"smartFilterBar-btnBasicSearch-reset\")]"}
COMMAND: POST /session/54ab07b6f3a83c27c29484349e99f848/element/f.59AB657FC34E9F51E6BD7341E7570555.d.A7CF349951AC8ED10851F8D3D6D3AF32.e.7590/click - {}
RESULT: {}
RESULT: {}
COMMAND: GET /session/54ab07b6f3a83c27c29484349e99f848/screenshot - {}
RESULT: {}
COMMAND: POST /session/54ab07b6f3a83c27c29484349e99f848/element - {"using":"css selector","value":"#shell-header-logo"}
RESULT: {"using":"css selector","value":"#shell-header-logo"}
COMMAND: POST /session/54ab07b6f3a83c27c29484349e99f848/element/f.59AB657FC34E9F51E6BD7341E7570555.d.A7CF349951AC8ED10851F8D3D6D3AF32.e.7086/click - {}
RESULT: {}
COMMAND: GET /session/54ab07b6f3a83c27c29484349e99f848/screenshot - {}
RESULT: {}
]]></system-out>
    </testcase>
  </testsuite>
</testsuites>