<?xml version="1.0" encoding="UTF-8"?>
<testsuites tests="2" failures="1" errors="1" skipped="0">
  <testsuite timestamp="2025-05-12T15:32:51" time="153.635" tests="2" failures="1" errors="1" skipped="0">
    <properties>
      <property name="specId" value="0" />
      <property name="suiteName" value="Dynamic site option US120073" />
      <property name="capabilities" value="chrome.136_0_7103_49.windows" />
      <property name="file" value="file:///D:/a/1/s/test/specs/R2C/dynamic-site-option.spec.js" />
    </properties>
    <testcase classname="chrome.136_0_7103_49.windows.Dynamic_site_option_US120073" name="Should edit partner field" time="15.674">
      <system-out><![CDATA[
COMMAND: GET /session/6241f8978df20f74ddbc688e24f62ff0/screenshot - {}
RESULT: {}
COMMAND: POST /session/6241f8978df20f74ddbc688e24f62ff0/execute/async - {"script":"<script> [1562 bytes]","args":[{"selector":{"controlType":"sap.m.Button","viewName":"etm.portal.ui.managesites.view.Detail","viewId":"application-managesites-display-component---detailSite","i18NText":{"propertyName":"text","key":"edit"},"interaction":{"idSuffix":"content"}},"wdio_ui5_key":"etmportal.ui.managesites.view.Detailsap.m.Button{\"propertyName\":\"text\",\"key\":\"edit\"}"}]}
RESULT: {"script":"<script> [1562 bytes]","args":[{"selector":{"controlType":"sap.m.Button","viewName":"etm.portal.ui.managesites.view.Detail","viewId":"application-managesites-display-component---detailSite","i18NText":{"propertyName":"text","key":"edit"},"interaction":{"idSuffix":"content"}},"wdio_ui5_key":"etmportal.ui.managesites.view.Detailsap.m.Button{\"propertyName\":\"text\",\"key\":\"edit\"}"}]}
RESULT: undefined
COMMAND: POST /session/6241f8978df20f74ddbc688e24f62ff0/element - {"using":"xpath","value":"//bdi[contains(text(), \"Commercial\")]"}
RESULT: {"using":"xpath","value":"//bdi[contains(text(), \"Commercial\")]"}
COMMAND: POST /session/6241f8978df20f74ddbc688e24f62ff0/element/f.F589F56ED5D2259164DCF83CCD9E053F.d.6C4C2328EB2D09E6D4433DDD473B31B0.e.432/click - {}
RESULT: {}
COMMAND: POST /session/6241f8978df20f74ddbc688e24f62ff0/element - {"using":"xpath","value":"//input[@id=\"application-managesites-display-component---NewSite--addressDetailDetailsPartner-inner\"]"}
COMMAND: GET /session/6241f8978df20f74ddbc688e24f62ff0/screenshot - {}
RESULT: {"using":"xpath","value":"//input[@id=\"application-managesites-display-component---NewSite--addressDetailDetailsPartner-inner\"]"}
COMMAND: POST /session/6241f8978df20f74ddbc688e24f62ff0/elements - {"using":"xpath","value":"//input[@id=\"application-managesites-display-component---NewSite--addressDetailDetailsPartner-inner\"]"}
RESULT: {}
RESULT: {"using":"xpath","value":"//input[@id=\"application-managesites-display-component---NewSite--addressDetailDetailsPartner-inner\"]"}
COMMAND: POST /session/6241f8978df20f74ddbc688e24f62ff0/element - {"using":"xpath","value":"//bdi[contains(text(), \"Save\")]"}
RESULT: {"using":"xpath","value":"//bdi[contains(text(), \"Save\")]"}
COMMAND: GET /session/6241f8978df20f74ddbc688e24f62ff0/screenshot - {}
RESULT: {}
COMMAND: DELETE /session/6241f8978df20f74ddbc688e24f62ff0 - {}
RESULT: {}
]]></system-out>
    </testcase>
  </testsuite>
</testsuites>