<?xml version="1.0" encoding="UTF-8"?>
<testsuites tests="23" failures="0" errors="0" skipped="0">
  <testsuite timestamp="2025-05-19T17:47:22" time="1087.496" tests="6" failures="0" errors="0" skipped="0">
    <properties>
      <property name="specId" value="0" />
      <property name="suiteName" value="Standard contract - add contract items by Insert Request US118222" />
      <property name="capabilities" value="chrome.136_0_7103_93.windows" />
      <property name="file" value="file:///D:/a/1/s/test/specs/R2C/standard-contract-add-contract-items-by-insert-request.spec.js" />
    </properties>
    <testcase classname="chrome.136_0_7103_93.windows.Standard_contract_-_add_contract_items_by_Insert_Request_US118222" name="Should create prerequisites yard partner site material and equipment" time="298.403">
      <system-out><![CDATA[
COMMAND: POST /session/16f78b01815a2e3a707cc501cb0afb21/execute/async - {"script":"<script> [1562 bytes]","args":[{"selector":{"controlType":"sap.m.GenericTile","properties":{"header":"Manage Yards"}},"wdio_ui5_key":"sapm.GenericTile{\"header\":\"Manage Yards\"}"}]}
RESULT: {"script":"<script> [1562 bytes]","args":[{"selector":{"controlType":"sap.m.GenericTile","properties":{"header":"Manage Yards"}},"wdio_ui5_key":"sapm.GenericTile{\"header\":\"Manage Yards\"}"}]}
RESULT: undefined
COMMAND: POST /session/16f78b01815a2e3a707cc501cb0afb21/element - {"using":"xpath","value":"//*[@id=\"__tile41\"]"}
RESULT: {"using":"xpath","value":"//*[@id=\"__tile41\"]"}
COMMAND: POST /session/16f78b01815a2e3a707cc501cb0afb21/element/f.2B12B0EA68CDE32E3DD19BB79ABA46A3.d.C910D46CA80B5E28CB6D885CD91B8008.e.116/click - {}
RESULT: {}
COMMAND: GET /session/16f78b01815a2e3a707cc501cb0afb21/screenshot - {}
RESULT: {}
COMMAND: POST /session/16f78b01815a2e3a707cc501cb0afb21/elements - {"using":"xpath","value":"//span[text()='Error']"}
RESULT: {"using":"xpath","value":"//span[text()='Error']"}
COMMAND: POST /session/16f78b01815a2e3a707cc501cb0afb21/execute/async - {"script":"<script> [1562 bytes]","args":[{"selector":{"controlType":"sap.ui.core.Icon","viewName":"etm.portal.ui.manageyards.view.Master","viewId":"application-manageyards-display-component---masterYard","properties":{"src":{"regex":{"source":"add"}}}},"wdio_ui5_key":"etmportal.ui.manageyards.view.Mastersap.ui.core.Icon{\"src\":{\"regex\":{\"source\":\"add\"}}}"}]}
RESULT: {"script":"<script> [1562 bytes]","args":[{"selector":{"controlType":"sap.ui.core.Icon","viewName":"etm.portal.ui.manageyards.view.Master","viewId":"application-manageyards-display-component---masterYard","properties":{"src":{"regex":{"source":"add"}}}},"wdio_ui5_key":"etmportal.ui.manageyards.view.Mastersap.ui.core.Icon{\"src\":{\"regex\":{\"source\":\"add\"}}}"}]}
RESULT: undefined
COMMAND: POST /session/16f78b01815a2e3a707cc501cb0afb21/element - {"using":"xpath","value":"//*[@id=\"__button4-img\"]"}
RESULT: {"using":"xpath","value":"//*[@id=\"__button4-img\"]"}
COMMAND: POST /session/16f78b01815a2e3a707cc501cb0afb21/element/f.2B12B0EA68CDE32E3DD19BB79ABA46A3.d.C910D46CA80B5E28CB6D885CD91B8008.e.162/click - {}
RESULT: {}
COMMAND: GET /session/16f78b01815a2e3a707cc501cb0afb21/screenshot - {}
RESULT: {}
COMMAND: POST /session/16f78b01815a2e3a707cc501cb0afb21/execute/async - {"script":"<script> [1562 bytes]","args":[{"selector":{"id":"application-manageyards-display-component---NewYard--yardId","interaction":{"idSuffix":"inner"}},"wdio_ui5_key":"applicationmanageyards-display-component---NewYard--yardId"}]}
RESULT: {"script":"<script> [1562 bytes]","args":[{"selector":{"id":"application-manageyards-display-component---NewYard--yardId","interaction":{"idSuffix":"inner"}},"wdio_ui5_key":"applicationmanageyards-display-component---NewYard--yardId"}]}
RESULT: undefined
COMMAND: POST /session/16f78b01815a2e3a707cc501cb0afb21/element - {"using":"xpath","value":"//*[@id=\"application-manageyards-display-component---NewYard--addressDetailDetailsName1-inner\"]"}
RESULT: {"using":"xpath","value":"//*[@id=\"application-manageyards-display-component---NewYard--addressDetailDetailsName1-inner\"]"}
COMMAND: POST /session/16f78b01815a2e3a707cc501cb0afb21/element/f.2B12B0EA68CDE32E3DD19BB79ABA46A3.d.C910D46CA80B5E28CB6D885CD91B8008.e.294/clear - {}
RESULT: {}
COMMAND: POST /session/16f78b01815a2e3a707cc501cb0afb21/element/f.2B12B0EA68CDE32E3DD19BB79ABA46A3.d.C910D46CA80B5E28CB6D885CD91B8008.e.294/value - {"text":"WebdriverYard4x4mo"}
COMMAND: GET /session/16f78b01815a2e3a707cc501cb0afb21/screenshot - {}
RESULT: {"text":"WebdriverYard4x4mo"}
COMMAND: POST /session/16f78b01815a2e3a707cc501cb0afb21/element - {"using":"xpath","value":"//*[@id=\"application-manageyards-display-component---NewYard--addressDetailDetailsLanguage-inner\"]"}
COMMAND: GET /session/16f78b01815a2e3a707cc501cb0afb21/screenshot - {}
RESULT: {}
RESULT: {"using":"xpath","value":"//*[@id=\"application-manageyards-display-component---NewYard--addressDetailDetailsLanguage-inner\"]"}
COMMAND: POST /session/16f78b01815a2e3a707cc501cb0afb21/element/f.2B12B0EA68CDE32E3DD19BB79ABA46A3.d.C910D46CA80B5E28CB6D885CD91B8008.e.295/clear - {}
RESULT: {}
RESULT: {}
COMMAND: POST /session/16f78b01815a2e3a707cc501cb0afb21/element/f.2B12B0EA68CDE32E3DD19BB79ABA46A3.d.C910D46CA80B5E28CB6D885CD91B8008.e.295/value - {"text":"Romanian"}
COMMAND: GET /session/16f78b01815a2e3a707cc501cb0afb21/screenshot - {}
RESULT: {"text":"Romanian"}
COMMAND: POST /session/16f78b01815a2e3a707cc501cb0afb21/element - {"using":"xpath","value":"//input[contains(@id ,\"application-manageyards-display-component---NewYard--addressDetailDetailsName1-inner\")]"}
COMMAND: GET /session/16f78b01815a2e3a707cc501cb0afb21/screenshot - {}
RESULT: {}
RESULT: {"using":"xpath","value":"//input[contains(@id ,\"application-manageyards-display-component---NewYard--addressDetailDetailsName1-inner\")]"}
COMMAND: GET /session/16f78b01815a2e3a707cc501cb0afb21/element/f.2B12B0EA68CDE32E3DD19BB79ABA46A3.d.C910D46CA80B5E28CB6D885CD91B8008.e.294/property/value - {}
RESULT: {}
RESULT: {}
COMMAND: GET /session/16f78b01815a2e3a707cc501cb0afb21/screenshot - {}
RESULT: {}
COMMAND: POST /session/16f78b01815a2e3a707cc501cb0afb21/element - {"using":"xpath","value":"//*[@id=\"application-manageyards-display-component---NewYard--addressDetailDetailsCity1-inner\"]"}
RESULT: {"using":"xpath","value":"//*[@id=\"application-manageyards-display-component---NewYard--addressDetailDetailsCity1-inner\"]"}
COMMAND: POST /session/16f78b01815a2e3a707cc501cb0afb21/element/f.2B12B0EA68CDE32E3DD19BB79ABA46A3.d.C910D46CA80B5E28CB6D885CD91B8008.e.297/clear - {}
RESULT: {}
COMMAND: POST /session/16f78b01815a2e3a707cc501cb0afb21/element/f.2B12B0EA68CDE32E3DD19BB79ABA46A3.d.C910D46CA80B5E28CB6D885CD91B8008.e.297/value - {"text":"Bucuresti"}
COMMAND: GET /session/16f78b01815a2e3a707cc501cb0afb21/screenshot - {}
RESULT: {"text":"Bucuresti"}
COMMAND: GET /session/16f78b01815a2e3a707cc501cb0afb21/screenshot - {}
RESULT: {}
RESULT: {}
COMMAND: POST /session/16f78b01815a2e3a707cc501cb0afb21/element - {"using":"xpath","value":"//*[@id=\"application-manageyards-display-component---NewYard--addressDetailDetailsCountry-inner\"]"}
RESULT: {"using":"xpath","value":"//*[@id=\"application-manageyards-display-component---NewYard--addressDetailDetailsCountry-inner\"]"}
COMMAND: POST /session/16f78b01815a2e3a707cc501cb0afb21/element/f.2B12B0EA68CDE32E3DD19BB79ABA46A3.d.C910D46CA80B5E28CB6D885CD91B8008.e.301/clear - {}
RESULT: {}
COMMAND: POST /session/16f78b01815a2e3a707cc501cb0afb21/element/f.2B12B0EA68CDE32E3DD19BB79ABA46A3.d.C910D46CA80B5E28CB6D885CD91B8008.e.301/value - {"text":"Romania"}
COMMAND: GET /session/16f78b01815a2e3a707cc501cb0afb21/screenshot - {}
RESULT: {"text":"Romania"}
COMMAND: GET /session/16f78b01815a2e3a707cc501cb0afb21/screenshot - {}
RESULT: {}
RESULT: {}
COMMAND: POST /session/16f78b01815a2e3a707cc501cb0afb21/element - {"using":"xpath","value":"//div[contains(text(), \"Commercial\")]"}
RESULT: {"using":"xpath","value":"//div[contains(text(), \"Commercial\")]"}
COMMAND: GET /session/16f78b01815a2e3a707cc501cb0afb21/element/f.2B12B0EA68CDE32E3DD19BB79ABA46A3.d.C910D46CA80B5E28CB6D885CD91B8008.e.586/rect - {}
RESULT: {}
COMMAND: GET /session/16f78b01815a2e3a707cc501cb0afb21/window/rect - {}
RESULT: {}
COMMAND: POST /session/16f78b01815a2e3a707cc501cb0afb21/execute/sync - {"script":"<script> [92 bytes]","args":[]}
RESULT: {"script":"<script> [92 bytes]","args":[]}
COMMAND: POST /session/16f78b01815a2e3a707cc501cb0afb21/actions - {"actions":[{"id":"action1","type":"wheel","parameters":{},"actions":[{"type":"scroll","x":-1841,"y":-44,"deltaX":0,"deltaY":0,"duration":0,"origin":{"element-6066-11e4-a52e-4f735466cecf":"f.2B12B0EA68CDE32E3DD19BB79ABA46A3.d.C910D46CA80B5E28CB6D885CD91B8008.e.586"}}]}]}
COMMAND: GET /session/16f78b01815a2e3a707cc501cb0afb21/screenshot - {}
RESULT: {}
COMMAND: POST /session/16f78b01815a2e3a707cc501cb0afb21/execute/sync - {"script":"<script> [79 bytes]","args":[{"element-6066-11e4-a52e-4f735466cecf":"f.2B12B0EA68CDE32E3DD19BB79ABA46A3.d.C910D46CA80B5E28CB6D885CD91B8008.e.586","ELEMENT":"f.2B12B0EA68CDE32E3DD19BB79ABA46A3.d.C910D46CA80B5E28CB6D885CD91B8008.e.586"},{"block":"start","inline":"nearest"}]}
RESULT: {"script":"<script> [79 bytes]","args":[{"element-6066-11e4-a52e-4f735466cecf":"f.2B12B0EA68CDE32E3DD19BB79ABA46A3.d.C910D46CA80B5E28CB6D885CD91B8008.e.586","ELEMENT":"f.2B12B0EA68CDE32E3DD19BB79ABA46A3.d.C910D46CA80B5E28CB6D885CD91B8008.e.586"},{"block":"start","inline":"nearest"}]}
COMMAND: GET /session/16f78b01815a2e3a707cc501cb0afb21/screenshot - {}
RESULT: {}
COMMAND: POST /session/16f78b01815a2e3a707cc501cb0afb21/execute/async - {"script":"<script> [1562 bytes]","args":[{"selector":{"id":"application-manageyards-display-component---NewYard--addressEditDetailsCostObjectCstType-arrow"},"wdio_ui5_key":"applicationmanageyards-display-component---NewYard--addressEditDetailsCostObjectCstType-arrow"}]}
RESULT: {"script":"<script> [1562 bytes]","args":[{"selector":{"id":"application-manageyards-display-component---NewYard--addressEditDetailsCostObjectCstType-arrow"},"wdio_ui5_key":"applicationmanageyards-display-component---NewYard--addressEditDetailsCostObjectCstType-arrow"}]}
RESULT: undefined
COMMAND: POST /session/16f78b01815a2e3a707cc501cb0afb21/element - {"using":"xpath","value":"//*[@id=\"application-manageyards-display-component---NewYard--addressEditDetailsCostObjectCstType-arrow\"]"}
RESULT: {"using":"xpath","value":"//*[@id=\"application-manageyards-display-component---NewYard--addressEditDetailsCostObjectCstType-arrow\"]"}
COMMAND: POST /session/16f78b01815a2e3a707cc501cb0afb21/element/f.2B12B0EA68CDE32E3DD19BB79ABA46A3.d.C910D46CA80B5E28CB6D885CD91B8008.e.595/click - {}
RESULT: {}
COMMAND: POST /session/16f78b01815a2e3a707cc501cb0afb21/element - {"using":"xpath","value":"//span[contains(text(), \"Cost Center\")]"}
COMMAND: GET /session/16f78b01815a2e3a707cc501cb0afb21/screenshot - {}
RESULT: {"using":"xpath","value":"//span[contains(text(), \"Cost Center\")]"}
COMMAND: POST /session/16f78b01815a2e3a707cc501cb0afb21/element/f.2B12B0EA68CDE32E3DD19BB79ABA46A3.d.C910D46CA80B5E28CB6D885CD91B8008.e.596/click - {}
RESULT: {}
RESULT: {}
COMMAND: GET /session/16f78b01815a2e3a707cc501cb0afb21/screenshot - {}
RESULT: {}
COMMAND: POST /session/16f78b01815a2e3a707cc501cb0afb21/execute/async - {"script":"<script> [1562 bytes]","args":[{"selector":{"id":"application-manageyards-display-component---NewYard--addressNewCostObjectCstID-vhi"},"wdio_ui5_key":"applicationmanageyards-display-component---NewYard--addressNewCostObjectCstID-vhi"}]}
RESULT: {"script":"<script> [1562 bytes]","args":[{"selector":{"id":"application-manageyards-display-component---NewYard--addressNewCostObjectCstID-vhi"},"wdio_ui5_key":"applicationmanageyards-display-component---NewYard--addressNewCostObjectCstID-vhi"}]}
RESULT: undefined
COMMAND: POST /session/16f78b01815a2e3a707cc501cb0afb21/element - {"using":"xpath","value":"//*[@id=\"application-manageyards-display-component---NewYard--addressNewCostObjectCstID-vhi\"]"}
RESULT: {"using":"xpath","value":"//*[@id=\"application-manageyards-display-component---NewYard--addressNewCostObjectCstID-vhi\"]"}
COMMAND: POST /session/16f78b01815a2e3a707cc501cb0afb21/element/f.2B12B0EA68CDE32E3DD19BB79ABA46A3.d.C910D46CA80B5E28CB6D885CD91B8008.e.600/click - {}
RESULT: {}
COMMAND: GET /session/16f78b01815a2e3a707cc501cb0afb21/screenshot - {}
RESULT: {}
COMMAND: POST /session/16f78b01815a2e3a707cc501cb0afb21/execute/async - {"script":"<script> [1562 bytes]","args":[{"selector":{"controlType":"sap.m.SearchField","properties":{"placeholder":"Search"},"searchOpenDialogs":true,"interaction":{"idSuffix":"I"}},"wdio_ui5_key":"sapm.SearchField{\"placeholder\":\"Search\"}"}]}
RESULT: {"script":"<script> [1562 bytes]","args":[{"selector":{"controlType":"sap.m.SearchField","properties":{"placeholder":"Search"},"searchOpenDialogs":true,"interaction":{"idSuffix":"I"}},"wdio_ui5_key":"sapm.SearchField{\"placeholder\":\"Search\"}"}]}
RESULT: undefined
COMMAND: POST /session/16f78b01815a2e3a707cc501cb0afb21/execute/async - {"script":"<script> [776 bytes]","args":[{"enterText":"10001013","selector":{"controlType":"sap.m.SearchField","properties":{"placeholder":"Search"},"searchOpenDialogs":true,"interaction":{"idSuffix":"I"}},"clearTextFirst":true,"interactionType":"ENTER_TEXT"}]}
RESULT: {"script":"<script> [776 bytes]","args":[{"enterText":"10001013","selector":{"controlType":"sap.m.SearchField","properties":{"placeholder":"Search"},"searchOpenDialogs":true,"interaction":{"idSuffix":"I"}},"clearTextFirst":true,"interactionType":"ENTER_TEXT"}]}
COMMAND: POST /session/16f78b01815a2e3a707cc501cb0afb21/actions - {"actions":[{"id":"action2","type":"key","parameters":{},"actions":[{"type":"keyDown","value":"î€‡"},{"type":"pause","duration":10},{"type":"keyUp","value":"î€‡"}]}]}
RESULT: {"actions":[{"id":"action2","type":"key","parameters":{},"actions":[{"type":"keyDown","value":"î€‡"},{"type":"pause","duration":10},{"type":"keyUp","value":"î€‡"}]}]}
COMMAND: GET /session/16f78b01815a2e3a707cc501cb0afb21/screenshot - {}
RESULT: {}
COMMAND: POST /session/16f78b01815a2e3a707cc501cb0afb21/element - {"using":"xpath","value":"//span[contains(text(), \"General Management\")]"}
RESULT: {"using":"xpath","value":"//span[contains(text(), \"General Management\")]"}
COMMAND: POST /session/16f78b01815a2e3a707cc501cb0afb21/element/f.2B12B0EA68CDE32E3DD19BB79ABA46A3.d.C910D46CA80B5E28CB6D885CD91B8008.e.641/click - {}
RESULT: {}
COMMAND: GET /session/16f78b01815a2e3a707cc501cb0afb21/screenshot - {}
RESULT: {}
COMMAND: POST /session/16f78b01815a2e3a707cc501cb0afb21/element - {"using":"xpath","value":"//bdi[contains(text(), \"OK\")]"}
RESULT: {"using":"xpath","value":"//bdi[contains(text(), \"OK\")]"}
COMMAND: POST /session/16f78b01815a2e3a707cc501cb0afb21/element/f.2B12B0EA68CDE32E3DD19BB79ABA46A3.d.C910D46CA80B5E28CB6D885CD91B8008.e.642/click - {}
RESULT: {}
COMMAND: GET /session/16f78b01815a2e3a707cc501cb0afb21/screenshot - {}
RESULT: {}
COMMAND: POST /session/16f78b01815a2e3a707cc501cb0afb21/execute/async - {"script":"<script> [1562 bytes]","args":[{"selector":{"controlType":"sap.m.Button","viewName":"etm.portal.ui.manageyards.view.New","viewId":"application-manageyards-display-component---NewYard","i18NText":{"propertyName":"text","key":"save"},"interaction":{"idSuffix":"inner"}},"wdio_ui5_key":"etmportal.ui.manageyards.view.Newsap.m.Button{\"propertyName\":\"text\",\"key\":\"save\"}"}]}
RESULT: {"script":"<script> [1562 bytes]","args":[{"selector":{"controlType":"sap.m.Button","viewName":"etm.portal.ui.manageyards.view.New","viewId":"application-manageyards-display-component---NewYard","i18NText":{"propertyName":"text","key":"save"},"interaction":{"idSuffix":"inner"}},"wdio_ui5_key":"etmportal.ui.manageyards.view.Newsap.m.Button{\"propertyName\":\"text\",\"key\":\"save\"}"}]}
RESULT: undefined
COMMAND: POST /session/16f78b01815a2e3a707cc501cb0afb21/element - {"using":"xpath","value":"//*[@id=\"__button18\"]"}
RESULT: {"using":"xpath","value":"//*[@id=\"__button18\"]"}
COMMAND: POST /session/16f78b01815a2e3a707cc501cb0afb21/element/f.2B12B0EA68CDE32E3DD19BB79ABA46A3.d.C910D46CA80B5E28CB6D885CD91B8008.e.532/click - {}
RESULT: {}
COMMAND: GET /session/16f78b01815a2e3a707cc501cb0afb21/screenshot - {}
RESULT: {}
COMMAND: POST /session/16f78b01815a2e3a707cc501cb0afb21/element - {"using":"xpath","value":"//header/div/div[2]/div[2]/span"}
RESULT: {"using":"xpath","value":"//header/div/div[2]/div[2]/span"}
COMMAND: GET /session/16f78b01815a2e3a707cc501cb0afb21/element/f.2B12B0EA68CDE32E3DD19BB79ABA46A3.d.C910D46CA80B5E28CB6D885CD91B8008.e.838/text - {}
RESULT: {}
COMMAND: POST /session/16f78b01815a2e3a707cc501cb0afb21/execute/async - {"script":"<script> [1562 bytes]","args":[{"selector":{"controlType":"sap.m.OverflowToolbarButton","viewName":"etm.portal.ui.manageyards.view.Detail","viewId":"application-manageyards-display-component---detailYard","i18NText":{"propertyName":"tooltip","key":"closeColumn"},"interaction":{"idSuffix":"inner"}},"wdio_ui5_key":"etmportal.ui.manageyards.view.Detailsap.m.OverflowToolbarButton{\"propertyName\":\"tooltip\",\"key\":\"closeColumn\"}"}]}
RESULT: {"script":"<script> [1562 bytes]","args":[{"selector":{"controlType":"sap.m.OverflowToolbarButton","viewName":"etm.portal.ui.manageyards.view.Detail","viewId":"application-manageyards-display-component---detailYard","i18NText":{"propertyName":"tooltip","key":"closeColumn"},"interaction":{"idSuffix":"inner"}},"wdio_ui5_key":"etmportal.ui.manageyards.view.Detailsap.m.OverflowToolbarButton{\"propertyName\":\"tooltip\",\"key\":\"closeColumn\"}"}]}
RESULT: undefined
COMMAND: POST /session/16f78b01815a2e3a707cc501cb0afb21/element - {"using":"xpath","value":"//*[@id=\"__button40\"]"}
RESULT: {"using":"xpath","value":"//*[@id=\"__button40\"]"}
COMMAND: POST /session/16f78b01815a2e3a707cc501cb0afb21/element/f.2B12B0EA68CDE32E3DD19BB79ABA46A3.d.C910D46CA80B5E28CB6D885CD91B8008.e.840/click - {}
RESULT: {}
COMMAND: GET /session/16f78b01815a2e3a707cc501cb0afb21/screenshot - {}
RESULT: {}
COMMAND: POST /session/16f78b01815a2e3a707cc501cb0afb21/element - {"using":"css selector","value":"#shell-header-logo"}
RESULT: {"using":"css selector","value":"#shell-header-logo"}
COMMAND: POST /session/16f78b01815a2e3a707cc501cb0afb21/element/f.2B12B0EA68CDE32E3DD19BB79ABA46A3.d.C910D46CA80B5E28CB6D885CD91B8008.e.118/click - {}
RESULT: {}
COMMAND: GET /session/16f78b01815a2e3a707cc501cb0afb21/screenshot - {}
RESULT: {}
COMMAND: POST /session/16f78b01815a2e3a707cc501cb0afb21/refresh - {}
RESULT: {}
COMMAND: GET /session/16f78b01815a2e3a707cc501cb0afb21/screenshot - {}
RESULT: {}
COMMAND: POST /session/16f78b01815a2e3a707cc501cb0afb21/execute/async - {"script":"<script> [189 bytes]","args":[]}
RESULT: {"script":"<script> [189 bytes]","args":[]}
COMMAND: POST /session/16f78b01815a2e3a707cc501cb0afb21/execute/async - {"script":"<script> [123 bytes]","args":[]}
RESULT: {"script":"<script> [123 bytes]","args":[]}
COMMAND: POST /session/16f78b01815a2e3a707cc501cb0afb21/timeouts - {"script":"<number>"}
RESULT: {"script":"<number>"}
COMMAND: GET /session/16f78b01815a2e3a707cc501cb0afb21/timeouts - {}
RESULT: {}
RESULT: undefined
COMMAND: POST /session/16f78b01815a2e3a707cc501cb0afb21/execute/async - {"script":"<script> [2676 bytes]","args":[]}
RESULT: {"script":"<script> [2676 bytes]","args":[]}
COMMAND: POST /session/16f78b01815a2e3a707cc501cb0afb21/execute/async - {"script":"<script> [2342 bytes]","args":[{"protocol":"http","hostname":"0.0.0.0","path":"/","capabilities":{"browserName":"chrome","goog:chromeOptions":{"binary":"C:\\Program Files\\Google\\Chrome\\Application\\chrome.exe","args":["--start-maximized"]}},"logLevel":"warn","connectionRetryTimeout":120000,"connectionRetryCount":3,"logLevels":{},"enableDirectConnect":true,"strictSSL":true,"_":"65 more keys: [\"cacheDir\",\"port\",\"requestedCapabilities\",\"automationProtocol\",\"baseUrl\",\"waitforInterval\",\"waitforTimeout\",\"onReload\",\"beforeCommand\",\"afterCommand\",\"rootDir\",\"specs\",\"suites\",\"exclude\",\"groupLogsByTestSpec\",\"excludeDriverLogs\",\"bail\",\"framework\",\"reporters\",\"services\",\"maxInstances\",\"maxInstancesPerCapability\",\"injectGlobals\",\"filesToWatch\",\"execArgv\",\"runnerEnv\",\"runner\",\"shard\",\"specFileRetries\",\"specFileRetriesDelay\",\"specFileRetriesDeferred\",\"reporterSyncInterval\",\"reporterSyncTimeout\",\"cucumberFeaturesWithLineNumbers\",\"autoCompileOpts\",\"mochaOpts\",\"jasmineOpts\",\"cucumberOpts\",\"onPrepare\",\"onWorkerStart\",\"onWorkerEnd\",\"before\",\"beforeSession\",\"beforeSuite\",\"beforeHook\",\"beforeTest\",\"afterTest\",\"afterHook\",\"afterSuite\",\"afterSession\",\"after\",\"onComplete\",\"beforeAssertion\",\"afterAssertion\",\"beforeFeature\",\"beforeScenario\",\"beforeStep\",\"afterStep\",\"afterScenario\",\"afterFeature\",\"_\",\"suite\",\"$0\",\"ignoredWorkerServices\",\"wdi5\"]"}]}
RESULT: {"script":"<script> [2342 bytes]","args":[{"protocol":"http","hostname":"0.0.0.0","path":"/","capabilities":{"browserName":"chrome","goog:chromeOptions":{"binary":"C:\\Program Files\\Google\\Chrome\\Application\\chrome.exe","args":["--start-maximized"]}},"logLevel":"warn","connectionRetryTimeout":120000,"connectionRetryCount":3,"logLevels":{},"enableDirectConnect":true,"strictSSL":true,"_":"65 more keys: [\"cacheDir\",\"port\",\"requestedCapabilities\",\"automationProtocol\",\"baseUrl\",\"waitforInterval\",\"waitforTimeout\",\"onReload\",\"beforeCommand\",\"afterCommand\",\"rootDir\",\"specs\",\"suites\",\"exclude\",\"groupLogsByTestSpec\",\"excludeDriverLogs\",\"bail\",\"framework\",\"reporters\",\"services\",\"maxInstances\",\"maxInstancesPerCapability\",\"injectGlobals\",\"filesToWatch\",\"execArgv\",\"runnerEnv\",\"runner\",\"shard\",\"specFileRetries\",\"specFileRetriesDelay\",\"specFileRetriesDeferred\",\"reporterSyncInterval\",\"reporterSyncTimeout\",\"cucumberFeaturesWithLineNumbers\",\"autoCompileOpts\",\"mochaOpts\",\"jasmineOpts\",\"cucumberOpts\",\"onPrepare\",\"onWorkerStart\",\"onWorkerEnd\",\"before\",\"beforeSession\",\"beforeSuite\",\"beforeHook\",\"beforeTest\",\"afterTest\",\"afterHook\",\"afterSuite\",\"afterSession\",\"after\",\"onComplete\",\"beforeAssertion\",\"afterAssertion\",\"beforeFeature\",\"beforeScenario\",\"beforeStep\",\"afterStep\",\"afterScenario\",\"afterFeature\",\"_\",\"suite\",\"$0\",\"ignoredWorkerServices\",\"wdi5\"]"}]}
COMMAND: POST /session/16f78b01815a2e3a707cc501cb0afb21/execute/async - {"script":"<script> [21126 bytes]","args":[35000]}
RESULT: {"script":"<script> [21126 bytes]","args":[35000]}
COMMAND: POST /session/16f78b01815a2e3a707cc501cb0afb21/execute/async - {"script":"<script> [1562 bytes]","args":[{"selector":{"controlType":"sap.m.GenericTile","properties":{"header":"Manage Partners"}},"wdio_ui5_key":"sapm.GenericTile{\"header\":\"Manage Partners\"}"}]}
RESULT: {"script":"<script> [1562 bytes]","args":[{"selector":{"controlType":"sap.m.GenericTile","properties":{"header":"Manage Partners"}},"wdio_ui5_key":"sapm.GenericTile{\"header\":\"Manage Partners\"}"}]}
RESULT: undefined
COMMAND: POST /session/16f78b01815a2e3a707cc501cb0afb21/element - {"using":"xpath","value":"//*[@id=\"__tile38\"]"}
RESULT: {"using":"xpath","value":"//*[@id=\"__tile38\"]"}
COMMAND: POST /session/16f78b01815a2e3a707cc501cb0afb21/element/f.2B12B0EA68CDE32E3DD19BB79ABA46A3.d.DC1098562FC352858E0BE15583C35A6C.e.1192/click - {}
RESULT: {}
COMMAND: GET /session/16f78b01815a2e3a707cc501cb0afb21/screenshot - {}
RESULT: {}
COMMAND: POST /session/16f78b01815a2e3a707cc501cb0afb21/elements - {"using":"xpath","value":"//span[text()='Error']"}
RESULT: {"using":"xpath","value":"//span[text()='Error']"}
COMMAND: POST /session/16f78b01815a2e3a707cc501cb0afb21/execute/async - {"script":"<script> [1562 bytes]","args":[{"selector":{"controlType":"sap.ui.core.Icon","viewName":"etm.portal.ui.managepartners.view.Master","viewId":"application-managepartners-display-component---masterPtm","properties":{"src":{"regex":{"source":"add"}}}},"wdio_ui5_key":"etmportal.ui.managepartners.view.Mastersap.ui.core.Icon{\"src\":{\"regex\":{\"source\":\"add\"}}}"}]}
RESULT: {"script":"<script> [1562 bytes]","args":[{"selector":{"controlType":"sap.ui.core.Icon","viewName":"etm.portal.ui.managepartners.view.Master","viewId":"application-managepartners-display-component---masterPtm","properties":{"src":{"regex":{"source":"add"}}}},"wdio_ui5_key":"etmportal.ui.managepartners.view.Mastersap.ui.core.Icon{\"src\":{\"regex\":{\"source\":\"add\"}}}"}]}
RESULT: undefined
COMMAND: POST /session/16f78b01815a2e3a707cc501cb0afb21/element - {"using":"xpath","value":"//*[@id=\"__button4-img\"]"}
RESULT: {"using":"xpath","value":"//*[@id=\"__button4-img\"]"}
COMMAND: POST /session/16f78b01815a2e3a707cc501cb0afb21/element/f.2B12B0EA68CDE32E3DD19BB79ABA46A3.d.DC1098562FC352858E0BE15583C35A6C.e.1244/click - {}
RESULT: {}
COMMAND: GET /session/16f78b01815a2e3a707cc501cb0afb21/screenshot - {}
RESULT: {}
COMMAND: POST /session/16f78b01815a2e3a707cc501cb0afb21/execute/async - {"script":"<script> [1562 bytes]","args":[{"selector":{"id":"application-managepartners-display-component---NewPartner--partnerId","interaction":{"idSuffix":"inner"}},"wdio_ui5_key":"applicationmanagepartners-display-component---NewPartner--partnerId"}]}
RESULT: {"script":"<script> [1562 bytes]","args":[{"selector":{"id":"application-managepartners-display-component---NewPartner--partnerId","interaction":{"idSuffix":"inner"}},"wdio_ui5_key":"applicationmanagepartners-display-component---NewPartner--partnerId"}]}
RESULT: undefined
COMMAND: POST /session/16f78b01815a2e3a707cc501cb0afb21/execute/async - {"script":"<script> [1562 bytes]","args":[{"selector":{"id":"application-managepartners-display-component---NewPartner--addressDetailDetailsName1","interaction":{"idSuffix":"inner"}},"wdio_ui5_key":"applicationmanagepartners-display-component---NewPartner--addressDetailDetailsName1"}]}
RESULT: {"script":"<script> [1562 bytes]","args":[{"selector":{"id":"application-managepartners-display-component---NewPartner--addressDetailDetailsName1","interaction":{"idSuffix":"inner"}},"wdio_ui5_key":"applicationmanagepartners-display-component---NewPartner--addressDetailDetailsName1"}]}
RESULT: undefined
COMMAND: POST /session/16f78b01815a2e3a707cc501cb0afb21/execute/async - {"script":"<script> [776 bytes]","args":[{"enterText":"WebdriverPartnereq48h","selector":{"id":"application-managepartners-display-component---NewPartner--addressDetailDetailsName1","interaction":{"idSuffix":"inner"}},"clearTextFirst":true,"interactionType":"ENTER_TEXT"}]}
RESULT: {"script":"<script> [776 bytes]","args":[{"enterText":"WebdriverPartnereq48h","selector":{"id":"application-managepartners-display-component---NewPartner--addressDetailDetailsName1","interaction":{"idSuffix":"inner"}},"clearTextFirst":true,"interactionType":"ENTER_TEXT"}]}
COMMAND: POST /session/16f78b01815a2e3a707cc501cb0afb21/execute/async - {"script":"<script> [1562 bytes]","args":[{"selector":{"id":"application-managepartners-display-component---NewPartner--addressDetailDetailsLanguage","interaction":{"idSuffix":"inner"}},"wdio_ui5_key":"applicationmanagepartners-display-component---NewPartner--addressDetailDetailsLanguage"}]}
RESULT: {"script":"<script> [1562 bytes]","args":[{"selector":{"id":"application-managepartners-display-component---NewPartner--addressDetailDetailsLanguage","interaction":{"idSuffix":"inner"}},"wdio_ui5_key":"applicationmanagepartners-display-component---NewPartner--addressDetailDetailsLanguage"}]}
RESULT: undefined
COMMAND: POST /session/16f78b01815a2e3a707cc501cb0afb21/execute/async - {"script":"<script> [776 bytes]","args":[{"enterText":"Romanian","selector":{"id":"application-managepartners-display-component---NewPartner--addressDetailDetailsLanguage","interaction":{"idSuffix":"inner"}},"clearTextFirst":true,"interactionType":"ENTER_TEXT"}]}
RESULT: {"script":"<script> [776 bytes]","args":[{"enterText":"Romanian","selector":{"id":"application-managepartners-display-component---NewPartner--addressDetailDetailsLanguage","interaction":{"idSuffix":"inner"}},"clearTextFirst":true,"interactionType":"ENTER_TEXT"}]}
COMMAND: POST /session/16f78b01815a2e3a707cc501cb0afb21/element - {"using":"xpath","value":"//input[contains(@id ,\"application-managepartners-display-component---NewPartner--addressDetailDetailsName1-inner\")]"}
RESULT: {"using":"xpath","value":"//input[contains(@id ,\"application-managepartners-display-component---NewPartner--addressDetailDetailsName1-inner\")]"}
COMMAND: GET /session/16f78b01815a2e3a707cc501cb0afb21/element/f.2B12B0EA68CDE32E3DD19BB79ABA46A3.d.DC1098562FC352858E0BE15583C35A6C.e.1428/property/value - {}
RESULT: {}
COMMAND: POST /session/16f78b01815a2e3a707cc501cb0afb21/execute/async - {"script":"<script> [1562 bytes]","args":[{"selector":{"id":"application-managepartners-display-component---NewPartner--addressDetailDetailsCity1","interaction":{"idSuffix":"inner"}},"wdio_ui5_key":"applicationmanagepartners-display-component---NewPartner--addressDetailDetailsCity1"}]}
COMMAND: GET /session/16f78b01815a2e3a707cc501cb0afb21/screenshot - {}
RESULT: {"script":"<script> [1562 bytes]","args":[{"selector":{"id":"application-managepartners-display-component---NewPartner--addressDetailDetailsCity1","interaction":{"idSuffix":"inner"}},"wdio_ui5_key":"applicationmanagepartners-display-component---NewPartner--addressDetailDetailsCity1"}]}
RESULT: undefined
COMMAND: POST /session/16f78b01815a2e3a707cc501cb0afb21/execute/async - {"script":"<script> [776 bytes]","args":[{"enterText":"Bucharest","selector":{"id":"application-managepartners-display-component---NewPartner--addressDetailDetailsCity1","interaction":{"idSuffix":"inner"}},"clearTextFirst":true,"interactionType":"ENTER_TEXT"}]}
RESULT: {}
RESULT: {"script":"<script> [776 bytes]","args":[{"enterText":"Bucharest","selector":{"id":"application-managepartners-display-component---NewPartner--addressDetailDetailsCity1","interaction":{"idSuffix":"inner"}},"clearTextFirst":true,"interactionType":"ENTER_TEXT"}]}
COMMAND: POST /session/16f78b01815a2e3a707cc501cb0afb21/execute/async - {"script":"<script> [1562 bytes]","args":[{"selector":{"id":"application-managepartners-display-component---NewPartner--addressDetailDetailsCountry","interaction":{"idSuffix":"inner"}},"wdio_ui5_key":"applicationmanagepartners-display-component---NewPartner--addressDetailDetailsCountry"}]}
RESULT: {"script":"<script> [1562 bytes]","args":[{"selector":{"id":"application-managepartners-display-component---NewPartner--addressDetailDetailsCountry","interaction":{"idSuffix":"inner"}},"wdio_ui5_key":"applicationmanagepartners-display-component---NewPartner--addressDetailDetailsCountry"}]}
RESULT: undefined
COMMAND: POST /session/16f78b01815a2e3a707cc501cb0afb21/execute/async - {"script":"<script> [6424 bytes]","args":[{"element-6066-11e4-a52e-4f735466cecf":"f.2B12B0EA68CDE32E3DD19BB79ABA46A3.d.DC1098562FC352858E0BE15583C35A6C.e.1435"},"setValue",["Romania"]]}
RESULT: {"script":"<script> [6424 bytes]","args":[{"element-6066-11e4-a52e-4f735466cecf":"f.2B12B0EA68CDE32E3DD19BB79ABA46A3.d.DC1098562FC352858E0BE15583C35A6C.e.1435"},"setValue",["Romania"]]}
COMMAND: POST /session/16f78b01815a2e3a707cc501cb0afb21/execute/async - {"script":"<script> [1562 bytes]","args":[{"selector":{"id":"application-managepartners-display-component---NewPartner--partnerDetailInternal","interaction":{"idSuffix":"inner"}},"wdio_ui5_key":"applicationmanagepartners-display-component---NewPartner--partnerDetailInternal"}]}
RESULT: {"script":"<script> [1562 bytes]","args":[{"selector":{"id":"application-managepartners-display-component---NewPartner--partnerDetailInternal","interaction":{"idSuffix":"inner"}},"wdio_ui5_key":"applicationmanagepartners-display-component---NewPartner--partnerDetailInternal"}]}
RESULT: undefined
COMMAND: POST /session/16f78b01815a2e3a707cc501cb0afb21/execute/async - {"script":"<script> [776 bytes]","args":[{"enterText":"External partner","selector":{"id":"application-managepartners-display-component---NewPartner--partnerDetailInternal","interaction":{"idSuffix":"inner"}},"clearTextFirst":true,"interactionType":"ENTER_TEXT"}]}
RESULT: {"script":"<script> [776 bytes]","args":[{"enterText":"External partner","selector":{"id":"application-managepartners-display-component---NewPartner--partnerDetailInternal","interaction":{"idSuffix":"inner"}},"clearTextFirst":true,"interactionType":"ENTER_TEXT"}]}
COMMAND: POST /session/16f78b01815a2e3a707cc501cb0afb21/execute/async - {"script":"<script> [1562 bytes]","args":[{"selector":{"id":"application-managepartners-display-component---NewPartner--partnerDetailsCurrency","interaction":{"idSuffix":"inner"}},"wdio_ui5_key":"applicationmanagepartners-display-component---NewPartner--partnerDetailsCurrency"}]}
RESULT: {"script":"<script> [1562 bytes]","args":[{"selector":{"id":"application-managepartners-display-component---NewPartner--partnerDetailsCurrency","interaction":{"idSuffix":"inner"}},"wdio_ui5_key":"applicationmanagepartners-display-component---NewPartner--partnerDetailsCurrency"}]}
RESULT: undefined
COMMAND: POST /session/16f78b01815a2e3a707cc501cb0afb21/execute/async - {"script":"<script> [776 bytes]","args":[{"enterText":"Euro","selector":{"id":"application-managepartners-display-component---NewPartner--partnerDetailsCurrency","interaction":{"idSuffix":"inner"}},"clearTextFirst":true,"interactionType":"ENTER_TEXT"}]}
RESULT: {"script":"<script> [776 bytes]","args":[{"enterText":"Euro","selector":{"id":"application-managepartners-display-component---NewPartner--partnerDetailsCurrency","interaction":{"idSuffix":"inner"}},"clearTextFirst":true,"interactionType":"ENTER_TEXT"}]}
COMMAND: POST /session/16f78b01815a2e3a707cc501cb0afb21/execute/async - {"script":"<script> [1562 bytes]","args":[{"selector":{"controlType":"sap.m.Button","viewName":"etm.portal.ui.managepartners.view.NewPartner","viewId":"application-managepartners-display-component---NewPartner","properties":{"text":"Commercial"},"interaction":{"idSuffix":"BDI-content"}},"wdio_ui5_key":"etmportal.ui.managepartners.view.NewPartnersap.m.Button{\"text\":\"Commercial\"}"}]}
RESULT: {"script":"<script> [1562 bytes]","args":[{"selector":{"controlType":"sap.m.Button","viewName":"etm.portal.ui.managepartners.view.NewPartner","viewId":"application-managepartners-display-component---NewPartner","properties":{"text":"Commercial"},"interaction":{"idSuffix":"BDI-content"}},"wdio_ui5_key":"etmportal.ui.managepartners.view.NewPartnersap.m.Button{\"text\":\"Commercial\"}"}]}
RESULT: undefined
COMMAND: POST /session/16f78b01815a2e3a707cc501cb0afb21/element - {"using":"xpath","value":"//*[@id=\"application-managepartners-display-component---NewPartner--ObjectPageLayout-anchBar-__section5-anchor\"]"}
RESULT: {"using":"xpath","value":"//*[@id=\"application-managepartners-display-component---NewPartner--ObjectPageLayout-anchBar-__section5-anchor\"]"}
COMMAND: POST /session/16f78b01815a2e3a707cc501cb0afb21/element/f.2B12B0EA68CDE32E3DD19BB79ABA46A3.d.DC1098562FC352858E0BE15583C35A6C.e.1675/click - {}
RESULT: {}
COMMAND: GET /session/16f78b01815a2e3a707cc501cb0afb21/screenshot - {}
RESULT: {}
COMMAND: POST /session/16f78b01815a2e3a707cc501cb0afb21/execute/async - {"script":"<script> [1562 bytes]","args":[{"selector":{"id":"application-managepartners-display-component---NewPartner--btnAddTableRow-img"},"wdio_ui5_key":"applicationmanagepartners-display-component---NewPartner--btnAddTableRow-img"}]}
RESULT: {"script":"<script> [1562 bytes]","args":[{"selector":{"id":"application-managepartners-display-component---NewPartner--btnAddTableRow-img"},"wdio_ui5_key":"applicationmanagepartners-display-component---NewPartner--btnAddTableRow-img"}]}
RESULT: undefined
COMMAND: POST /session/16f78b01815a2e3a707cc501cb0afb21/element - {"using":"xpath","value":"//*[@id=\"application-managepartners-display-component---NewPartner--btnAddTableRow-img\"]"}
RESULT: {"using":"xpath","value":"//*[@id=\"application-managepartners-display-component---NewPartner--btnAddTableRow-img\"]"}
COMMAND: POST /session/16f78b01815a2e3a707cc501cb0afb21/element/f.2B12B0EA68CDE32E3DD19BB79ABA46A3.d.DC1098562FC352858E0BE15583C35A6C.e.1683/click - {}
RESULT: {}
COMMAND: POST /session/16f78b01815a2e3a707cc501cb0afb21/element - {"using":"xpath","value":"//input[contains(@id ,\"application-managepartners-display-component---NewPartner--assignmentYard-application-managepartners-display-component---NewPartner\")]"}
COMMAND: GET /session/16f78b01815a2e3a707cc501cb0afb21/screenshot - {}
RESULT: {"using":"xpath","value":"//input[contains(@id ,\"application-managepartners-display-component---NewPartner--assignmentYard-application-managepartners-display-component---NewPartner\")]"}
COMMAND: POST /session/16f78b01815a2e3a707cc501cb0afb21/element/f.2B12B0EA68CDE32E3DD19BB79ABA46A3.d.DC1098562FC352858E0BE15583C35A6C.e.1686/clear - {}
RESULT: {}
RESULT: {}
COMMAND: POST /session/16f78b01815a2e3a707cc501cb0afb21/element/f.2B12B0EA68CDE32E3DD19BB79ABA46A3.d.DC1098562FC352858E0BE15583C35A6C.e.1686/value - {"text":"WebdriverYard4x4mo"}
COMMAND: GET /session/16f78b01815a2e3a707cc501cb0afb21/screenshot - {}
RESULT: {"text":"WebdriverYard4x4mo"}
COMMAND: GET /session/16f78b01815a2e3a707cc501cb0afb21/screenshot - {}
RESULT: {}
RESULT: {}
COMMAND: POST /session/16f78b01815a2e3a707cc501cb0afb21/execute/async - {"script":"<script> [1562 bytes]","args":[{"selector":{"controlType":"sap.m.Button","viewName":"etm.portal.ui.managepartners.view.NewPartner","viewId":"application-managepartners-display-component---NewPartner","i18NText":{"propertyName":"text","key":"save"},"interaction":{"idSuffix":"BDI-content"}},"wdio_ui5_key":"etmportal.ui.managepartners.view.NewPartnersap.m.Button{\"propertyName\":\"text\",\"key\":\"save\"}"}]}
RESULT: {"script":"<script> [1562 bytes]","args":[{"selector":{"controlType":"sap.m.Button","viewName":"etm.portal.ui.managepartners.view.NewPartner","viewId":"application-managepartners-display-component---NewPartner","i18NText":{"propertyName":"text","key":"save"},"interaction":{"idSuffix":"BDI-content"}},"wdio_ui5_key":"etmportal.ui.managepartners.view.NewPartnersap.m.Button{\"propertyName\":\"text\",\"key\":\"save\"}"}]}
RESULT: undefined
COMMAND: POST /session/16f78b01815a2e3a707cc501cb0afb21/element - {"using":"xpath","value":"//*[@id=\"__button12\"]"}
RESULT: {"using":"xpath","value":"//*[@id=\"__button12\"]"}
COMMAND: POST /session/16f78b01815a2e3a707cc501cb0afb21/element/f.2B12B0EA68CDE32E3DD19BB79ABA46A3.d.DC1098562FC352858E0BE15583C35A6C.e.1578/click - {}
RESULT: {}
COMMAND: GET /session/16f78b01815a2e3a707cc501cb0afb21/screenshot - {}
RESULT: {}
COMMAND: POST /session/16f78b01815a2e3a707cc501cb0afb21/element - {"using":"xpath","value":"//header/div/div[2]/div[2]/span"}
RESULT: {"using":"xpath","value":"//header/div/div[2]/div[2]/span"}
COMMAND: GET /session/16f78b01815a2e3a707cc501cb0afb21/element/f.2B12B0EA68CDE32E3DD19BB79ABA46A3.d.DC1098562FC352858E0BE15583C35A6C.e.1858/text - {}
RESULT: {}
COMMAND: POST /session/16f78b01815a2e3a707cc501cb0afb21/element - {"using":"xpath","value":"//header/div/div/div/div/div/div[2]/div/span"}
RESULT: {"using":"xpath","value":"//header/div/div/div/div/div/div[2]/div/span"}
COMMAND: GET /session/16f78b01815a2e3a707cc501cb0afb21/element/f.2B12B0EA68CDE32E3DD19BB79ABA46A3.d.DC1098562FC352858E0BE15583C35A6C.e.1859/text - {}
RESULT: {}
COMMAND: POST /session/16f78b01815a2e3a707cc501cb0afb21/execute/async - {"script":"<script> [1562 bytes]","args":[{"selector":{"id":"application-managepartners-display-component---detailPtm--partnerType"},"wdio_ui5_key":"applicationmanagepartners-display-component---detailPtm--partnerType"}]}
RESULT: {"script":"<script> [1562 bytes]","args":[{"selector":{"id":"application-managepartners-display-component---detailPtm--partnerType"},"wdio_ui5_key":"applicationmanagepartners-display-component---detailPtm--partnerType"}]}
RESULT: undefined
COMMAND: POST /session/16f78b01815a2e3a707cc501cb0afb21/execute/async - {"script":"<script> [6424 bytes]","args":[{"element-6066-11e4-a52e-4f735466cecf":"f.2B12B0EA68CDE32E3DD19BB79ABA46A3.d.DC1098562FC352858E0BE15583C35A6C.e.1860"},"getText",[]]}
RESULT: {"script":"<script> [6424 bytes]","args":[{"element-6066-11e4-a52e-4f735466cecf":"f.2B12B0EA68CDE32E3DD19BB79ABA46A3.d.DC1098562FC352858E0BE15583C35A6C.e.1860"},"getText",[]]}
COMMAND: POST /session/16f78b01815a2e3a707cc501cb0afb21/element - {"using":"css selector","value":"#shell-header-logo"}
RESULT: {"using":"css selector","value":"#shell-header-logo"}
COMMAND: POST /session/16f78b01815a2e3a707cc501cb0afb21/element/f.2B12B0EA68CDE32E3DD19BB79ABA46A3.d.DC1098562FC352858E0BE15583C35A6C.e.1195/click - {}
RESULT: {}
COMMAND: GET /session/16f78b01815a2e3a707cc501cb0afb21/screenshot - {}
RESULT: {}
COMMAND: POST /session/16f78b01815a2e3a707cc501cb0afb21/execute/async - {"script":"<script> [1562 bytes]","args":[{"selector":{"controlType":"sap.m.GenericTile","properties":{"header":"Manage Sites"}},"wdio_ui5_key":"sapm.GenericTile{\"header\":\"Manage Sites\"}"}]}
RESULT: {"script":"<script> [1562 bytes]","args":[{"selector":{"controlType":"sap.m.GenericTile","properties":{"header":"Manage Sites"}},"wdio_ui5_key":"sapm.GenericTile{\"header\":\"Manage Sites\"}"}]}
RESULT: undefined
COMMAND: POST /session/16f78b01815a2e3a707cc501cb0afb21/element - {"using":"xpath","value":"//*[@id=\"__tile40\"]"}
RESULT: {"using":"xpath","value":"//*[@id=\"__tile40\"]"}
COMMAND: POST /session/16f78b01815a2e3a707cc501cb0afb21/element/f.2B12B0EA68CDE32E3DD19BB79ABA46A3.d.DC1098562FC352858E0BE15583C35A6C.e.1862/click - {}
RESULT: {}
COMMAND: GET /session/16f78b01815a2e3a707cc501cb0afb21/screenshot - {}
RESULT: {}
COMMAND: POST /session/16f78b01815a2e3a707cc501cb0afb21/elements - {"using":"xpath","value":"//span[text()='Error']"}
RESULT: {"using":"xpath","value":"//span[text()='Error']"}
COMMAND: POST /session/16f78b01815a2e3a707cc501cb0afb21/execute/async - {"script":"<script> [1562 bytes]","args":[{"selector":{"controlType":"sap.ui.core.Icon","viewName":"etm.portal.ui.managesites.view.Master","viewId":"application-managesites-display-component---masterSite","properties":{"src":{"regex":{"source":"add"}}}},"wdio_ui5_key":"etmportal.ui.managesites.view.Mastersap.ui.core.Icon{\"src\":{\"regex\":{\"source\":\"add\"}}}"}]}
RESULT: {"script":"<script> [1562 bytes]","args":[{"selector":{"controlType":"sap.ui.core.Icon","viewName":"etm.portal.ui.managesites.view.Master","viewId":"application-managesites-display-component---masterSite","properties":{"src":{"regex":{"source":"add"}}}},"wdio_ui5_key":"etmportal.ui.managesites.view.Mastersap.ui.core.Icon{\"src\":{\"regex\":{\"source\":\"add\"}}}"}]}
RESULT: undefined
COMMAND: POST /session/16f78b01815a2e3a707cc501cb0afb21/element - {"using":"xpath","value":"//*[@id=\"__button48-img\"]"}
RESULT: {"using":"xpath","value":"//*[@id=\"__button48-img\"]"}
COMMAND: POST /session/16f78b01815a2e3a707cc501cb0afb21/element/f.2B12B0EA68CDE32E3DD19BB79ABA46A3.d.DC1098562FC352858E0BE15583C35A6C.e.1909/click - {}
RESULT: {}
COMMAND: POST /session/16f78b01815a2e3a707cc501cb0afb21/execute/async - {"script":"<script> [1562 bytes]","args":[{"selector":{"id":"application-managesites-display-component---NewSite--siteId","interaction":{"idSuffix":"inner"}},"wdio_ui5_key":"applicationmanagesites-display-component---NewSite--siteId"}]}
COMMAND: GET /session/16f78b01815a2e3a707cc501cb0afb21/screenshot - {}
RESULT: {"script":"<script> [1562 bytes]","args":[{"selector":{"id":"application-managesites-display-component---NewSite--siteId","interaction":{"idSuffix":"inner"}},"wdio_ui5_key":"applicationmanagesites-display-component---NewSite--siteId"}]}
RESULT: undefined
COMMAND: POST /session/16f78b01815a2e3a707cc501cb0afb21/execute/async - {"script":"<script> [1562 bytes]","args":[{"selector":{"id":"application-managesites-display-component---NewSite--addressDetailDetailsName1","interaction":{"idSuffix":"inner"}},"wdio_ui5_key":"applicationmanagesites-display-component---NewSite--addressDetailDetailsName1"}]}
RESULT: {}
RESULT: {"script":"<script> [1562 bytes]","args":[{"selector":{"id":"application-managesites-display-component---NewSite--addressDetailDetailsName1","interaction":{"idSuffix":"inner"}},"wdio_ui5_key":"applicationmanagesites-display-component---NewSite--addressDetailDetailsName1"}]}
RESULT: undefined
COMMAND: POST /session/16f78b01815a2e3a707cc501cb0afb21/execute/async - {"script":"<script> [776 bytes]","args":[{"enterText":"WebdriverSitez8cgkh","selector":{"id":"application-managesites-display-component---NewSite--addressDetailDetailsName1","interaction":{"idSuffix":"inner"}},"clearTextFirst":true,"interactionType":"ENTER_TEXT"}]}
RESULT: {"script":"<script> [776 bytes]","args":[{"enterText":"WebdriverSitez8cgkh","selector":{"id":"application-managesites-display-component---NewSite--addressDetailDetailsName1","interaction":{"idSuffix":"inner"}},"clearTextFirst":true,"interactionType":"ENTER_TEXT"}]}
COMMAND: POST /session/16f78b01815a2e3a707cc501cb0afb21/execute/async - {"script":"<script> [1562 bytes]","args":[{"selector":{"id":"application-managesites-display-component---NewSite--addressDetailDetailsLanguage","interaction":{"idSuffix":"inner"}},"wdio_ui5_key":"applicationmanagesites-display-component---NewSite--addressDetailDetailsLanguage"}]}
RESULT: {"script":"<script> [1562 bytes]","args":[{"selector":{"id":"application-managesites-display-component---NewSite--addressDetailDetailsLanguage","interaction":{"idSuffix":"inner"}},"wdio_ui5_key":"applicationmanagesites-display-component---NewSite--addressDetailDetailsLanguage"}]}
RESULT: undefined
COMMAND: POST /session/16f78b01815a2e3a707cc501cb0afb21/execute/async - {"script":"<script> [776 bytes]","args":[{"enterText":"Romanian","selector":{"id":"application-managesites-display-component---NewSite--addressDetailDetailsLanguage","interaction":{"idSuffix":"inner"}},"clearTextFirst":true,"interactionType":"ENTER_TEXT"}]}
RESULT: {"script":"<script> [776 bytes]","args":[{"enterText":"Romanian","selector":{"id":"application-managesites-display-component---NewSite--addressDetailDetailsLanguage","interaction":{"idSuffix":"inner"}},"clearTextFirst":true,"interactionType":"ENTER_TEXT"}]}
COMMAND: POST /session/16f78b01815a2e3a707cc501cb0afb21/execute/async - {"script":"<script> [1562 bytes]","args":[{"selector":{"id":"application-managesites-display-component---NewSite--addressDetailDetailsCity1","interaction":{"idSuffix":"inner"}},"wdio_ui5_key":"applicationmanagesites-display-component---NewSite--addressDetailDetailsCity1"}]}
RESULT: {"script":"<script> [1562 bytes]","args":[{"selector":{"id":"application-managesites-display-component---NewSite--addressDetailDetailsCity1","interaction":{"idSuffix":"inner"}},"wdio_ui5_key":"applicationmanagesites-display-component---NewSite--addressDetailDetailsCity1"}]}
RESULT: undefined
COMMAND: POST /session/16f78b01815a2e3a707cc501cb0afb21/execute/async - {"script":"<script> [776 bytes]","args":[{"enterText":"Bucharest","selector":{"id":"application-managesites-display-component---NewSite--addressDetailDetailsCity1","interaction":{"idSuffix":"inner"}},"clearTextFirst":true,"interactionType":"ENTER_TEXT"}]}
RESULT: {"script":"<script> [776 bytes]","args":[{"enterText":"Bucharest","selector":{"id":"application-managesites-display-component---NewSite--addressDetailDetailsCity1","interaction":{"idSuffix":"inner"}},"clearTextFirst":true,"interactionType":"ENTER_TEXT"}]}
COMMAND: POST /session/16f78b01815a2e3a707cc501cb0afb21/execute/async - {"script":"<script> [1562 bytes]","args":[{"selector":{"id":"application-managesites-display-component---NewSite--addressDetailDetailsCountry","interaction":{"idSuffix":"inner"}},"wdio_ui5_key":"applicationmanagesites-display-component---NewSite--addressDetailDetailsCountry"}]}
RESULT: {"script":"<script> [1562 bytes]","args":[{"selector":{"id":"application-managesites-display-component---NewSite--addressDetailDetailsCountry","interaction":{"idSuffix":"inner"}},"wdio_ui5_key":"applicationmanagesites-display-component---NewSite--addressDetailDetailsCountry"}]}
RESULT: undefined
COMMAND: POST /session/16f78b01815a2e3a707cc501cb0afb21/execute/async - {"script":"<script> [776 bytes]","args":[{"enterText":"Romania","selector":{"id":"application-managesites-display-component---NewSite--addressDetailDetailsCountry","interaction":{"idSuffix":"inner"}},"clearTextFirst":true,"interactionType":"ENTER_TEXT"}]}
RESULT: {"script":"<script> [776 bytes]","args":[{"enterText":"Romania","selector":{"id":"application-managesites-display-component---NewSite--addressDetailDetailsCountry","interaction":{"idSuffix":"inner"}},"clearTextFirst":true,"interactionType":"ENTER_TEXT"}]}
COMMAND: POST /session/16f78b01815a2e3a707cc501cb0afb21/element - {"using":"css selector","value":"#application-managesites-display-component---NewSite--addressDetailDetailsCalendar-inner"}
RESULT: {"using":"css selector","value":"#application-managesites-display-component---NewSite--addressDetailDetailsCalendar-inner"}
COMMAND: POST /session/16f78b01815a2e3a707cc501cb0afb21/element/f.2B12B0EA68CDE32E3DD19BB79ABA46A3.d.DC1098562FC352858E0BE15583C35A6C.e.2076/clear - {}
RESULT: {}
COMMAND: POST /session/16f78b01815a2e3a707cc501cb0afb21/element/f.2B12B0EA68CDE32E3DD19BB79ABA46A3.d.DC1098562FC352858E0BE15583C35A6C.e.2076/value - {"text":"Germany"}
COMMAND: GET /session/16f78b01815a2e3a707cc501cb0afb21/screenshot - {}
RESULT: {"text":"Germany"}
COMMAND: POST /session/16f78b01815a2e3a707cc501cb0afb21/execute/async - {"script":"<script> [1562 bytes]","args":[{"selector":{"id":"application-managesites-display-component---NewSite--addressEditDetailsCostObjectCstType-arrow"},"wdio_ui5_key":"applicationmanagesites-display-component---NewSite--addressEditDetailsCostObjectCstType-arrow"}]}
COMMAND: GET /session/16f78b01815a2e3a707cc501cb0afb21/screenshot - {}
RESULT: {}
RESULT: {"script":"<script> [1562 bytes]","args":[{"selector":{"id":"application-managesites-display-component---NewSite--addressEditDetailsCostObjectCstType-arrow"},"wdio_ui5_key":"applicationmanagesites-display-component---NewSite--addressEditDetailsCostObjectCstType-arrow"}]}
RESULT: undefined
COMMAND: POST /session/16f78b01815a2e3a707cc501cb0afb21/element - {"using":"xpath","value":"//*[@id=\"application-managesites-display-component---NewSite--addressEditDetailsCostObjectCstType-arrow\"]"}
RESULT: {}
RESULT: {"using":"xpath","value":"//*[@id=\"application-managesites-display-component---NewSite--addressEditDetailsCostObjectCstType-arrow\"]"}
COMMAND: POST /session/16f78b01815a2e3a707cc501cb0afb21/element/f.2B12B0EA68CDE32E3DD19BB79ABA46A3.d.DC1098562FC352858E0BE15583C35A6C.e.2305/click - {}
RESULT: {}
COMMAND: POST /session/16f78b01815a2e3a707cc501cb0afb21/element - {"using":"xpath","value":"//span[contains(text(), \"Work Breakdown Structure\")]"}
COMMAND: GET /session/16f78b01815a2e3a707cc501cb0afb21/screenshot - {}
RESULT: {"using":"xpath","value":"//span[contains(text(), \"Work Breakdown Structure\")]"}
COMMAND: POST /session/16f78b01815a2e3a707cc501cb0afb21/element/f.2B12B0EA68CDE32E3DD19BB79ABA46A3.d.DC1098562FC352858E0BE15583C35A6C.e.2307/click - {}
RESULT: {}
RESULT: {}
COMMAND: GET /session/16f78b01815a2e3a707cc501cb0afb21/screenshot - {}
RESULT: {}
COMMAND: POST /session/16f78b01815a2e3a707cc501cb0afb21/execute/async - {"script":"<script> [1562 bytes]","args":[{"selector":{"id":"application-managesites-display-component---NewSite--addressNewCostObjectCstID-vhi"},"wdio_ui5_key":"applicationmanagesites-display-component---NewSite--addressNewCostObjectCstID-vhi"}]}
RESULT: {"script":"<script> [1562 bytes]","args":[{"selector":{"id":"application-managesites-display-component---NewSite--addressNewCostObjectCstID-vhi"},"wdio_ui5_key":"applicationmanagesites-display-component---NewSite--addressNewCostObjectCstID-vhi"}]}
RESULT: undefined
COMMAND: POST /session/16f78b01815a2e3a707cc501cb0afb21/element - {"using":"xpath","value":"//*[@id=\"application-managesites-display-component---NewSite--addressNewCostObjectCstID-vhi\"]"}
RESULT: {"using":"xpath","value":"//*[@id=\"application-managesites-display-component---NewSite--addressNewCostObjectCstID-vhi\"]"}
COMMAND: POST /session/16f78b01815a2e3a707cc501cb0afb21/element/f.2B12B0EA68CDE32E3DD19BB79ABA46A3.d.DC1098562FC352858E0BE15583C35A6C.e.2311/click - {}
RESULT: {}
COMMAND: GET /session/16f78b01815a2e3a707cc501cb0afb21/screenshot - {}
RESULT: {}
COMMAND: POST /session/16f78b01815a2e3a707cc501cb0afb21/execute/async - {"script":"<script> [1562 bytes]","args":[{"selector":{"controlType":"sap.m.SearchField","properties":{"placeholder":"Search"},"searchOpenDialogs":true,"interaction":{"idSuffix":"I"}},"wdio_ui5_key":"sapm.SearchField{\"placeholder\":\"Search\"}"}]}
RESULT: {"script":"<script> [1562 bytes]","args":[{"selector":{"controlType":"sap.m.SearchField","properties":{"placeholder":"Search"},"searchOpenDialogs":true,"interaction":{"idSuffix":"I"}},"wdio_ui5_key":"sapm.SearchField{\"placeholder\":\"Search\"}"}]}
RESULT: undefined
COMMAND: POST /session/16f78b01815a2e3a707cc501cb0afb21/execute/async - {"script":"<script> [776 bytes]","args":[{"enterText":"A1-000100-01","selector":{"controlType":"sap.m.SearchField","properties":{"placeholder":"Search"},"searchOpenDialogs":true,"interaction":{"idSuffix":"I"}},"clearTextFirst":true,"interactionType":"ENTER_TEXT"}]}
RESULT: {"script":"<script> [776 bytes]","args":[{"enterText":"A1-000100-01","selector":{"controlType":"sap.m.SearchField","properties":{"placeholder":"Search"},"searchOpenDialogs":true,"interaction":{"idSuffix":"I"}},"clearTextFirst":true,"interactionType":"ENTER_TEXT"}]}
COMMAND: POST /session/16f78b01815a2e3a707cc501cb0afb21/actions - {"actions":[{"id":"action3","type":"key","parameters":{},"actions":[{"type":"keyDown","value":"î€‡"},{"type":"pause","duration":10},{"type":"keyUp","value":"î€‡"}]}]}
RESULT: {"actions":[{"id":"action3","type":"key","parameters":{},"actions":[{"type":"keyDown","value":"î€‡"},{"type":"pause","duration":10},{"type":"keyUp","value":"î€‡"}]}]}
COMMAND: GET /session/16f78b01815a2e3a707cc501cb0afb21/screenshot - {}
RESULT: {}
COMMAND: POST /session/16f78b01815a2e3a707cc501cb0afb21/element - {"using":"xpath","value":"//span[contains(text(), \"Template for ETO-Process\")]"}
RESULT: {"using":"xpath","value":"//span[contains(text(), \"Template for ETO-Process\")]"}
COMMAND: POST /session/16f78b01815a2e3a707cc501cb0afb21/element/f.2B12B0EA68CDE32E3DD19BB79ABA46A3.d.DC1098562FC352858E0BE15583C35A6C.e.2332/click - {}
RESULT: {}
COMMAND: GET /session/16f78b01815a2e3a707cc501cb0afb21/screenshot - {}
RESULT: {}
COMMAND: POST /session/16f78b01815a2e3a707cc501cb0afb21/element - {"using":"xpath","value":"//bdi[contains(text(), \"OK\")]"}
RESULT: {"using":"xpath","value":"//bdi[contains(text(), \"OK\")]"}
COMMAND: POST /session/16f78b01815a2e3a707cc501cb0afb21/element/f.2B12B0EA68CDE32E3DD19BB79ABA46A3.d.DC1098562FC352858E0BE15583C35A6C.e.2333/click - {}
RESULT: {}
COMMAND: GET /session/16f78b01815a2e3a707cc501cb0afb21/screenshot - {}
RESULT: {}
COMMAND: POST /session/16f78b01815a2e3a707cc501cb0afb21/element - {"using":"xpath","value":"//input[@id=\"application-managesites-display-component---NewSite--addressDetailDetailsYard-inner\"]"}
RESULT: {"using":"xpath","value":"//input[@id=\"application-managesites-display-component---NewSite--addressDetailDetailsYard-inner\"]"}
COMMAND: POST /session/16f78b01815a2e3a707cc501cb0afb21/element/f.2B12B0EA68CDE32E3DD19BB79ABA46A3.d.DC1098562FC352858E0BE15583C35A6C.e.2077/value - {"text":"WebdriverYard4x4mo"}
RESULT: {"text":"WebdriverYard4x4mo"}
COMMAND: GET /session/16f78b01815a2e3a707cc501cb0afb21/screenshot - {}
RESULT: {}
COMMAND: POST /session/16f78b01815a2e3a707cc501cb0afb21/actions - {"actions":[{"id":"action4","type":"key","parameters":{},"actions":[{"type":"keyDown","value":"î€‡"},{"type":"pause","duration":10},{"type":"keyUp","value":"î€‡"}]}]}
RESULT: {"actions":[{"id":"action4","type":"key","parameters":{},"actions":[{"type":"keyDown","value":"î€‡"},{"type":"pause","duration":10},{"type":"keyUp","value":"î€‡"}]}]}
COMMAND: GET /session/16f78b01815a2e3a707cc501cb0afb21/screenshot - {}
RESULT: {}
COMMAND: POST /session/16f78b01815a2e3a707cc501cb0afb21/element - {"using":"xpath","value":"//input[@id=\"application-managesites-display-component---NewSite--addressDetailDetailsPartner-inner\"]"}
RESULT: {"using":"xpath","value":"//input[@id=\"application-managesites-display-component---NewSite--addressDetailDetailsPartner-inner\"]"}
COMMAND: POST /session/16f78b01815a2e3a707cc501cb0afb21/elements - {"using":"xpath","value":"//input[@id=\"application-managesites-display-component---NewSite--addressDetailDetailsPartner-inner\"]"}
RESULT: {"using":"xpath","value":"//input[@id=\"application-managesites-display-component---NewSite--addressDetailDetailsPartner-inner\"]"}
COMMAND: POST /session/16f78b01815a2e3a707cc501cb0afb21/execute/async - {"script":"<script> [1562 bytes]","args":[{"selector":{"controlType":"sap.m.Button","viewName":"etm.portal.ui.managesites.view.NewSmartSite","viewId":"application-managesites-display-component---NewSite","properties":{"text":"Commercial"},"interaction":{"idSuffix":"BDI-content"}},"wdio_ui5_key":"etmportal.ui.managesites.view.NewSmartSitesap.m.Button{\"text\":\"Commercial\"}"}]}
RESULT: {"script":"<script> [1562 bytes]","args":[{"selector":{"controlType":"sap.m.Button","viewName":"etm.portal.ui.managesites.view.NewSmartSite","viewId":"application-managesites-display-component---NewSite","properties":{"text":"Commercial"},"interaction":{"idSuffix":"BDI-content"}},"wdio_ui5_key":"etmportal.ui.managesites.view.NewSmartSitesap.m.Button{\"text\":\"Commercial\"}"}]}
RESULT: undefined
COMMAND: POST /session/16f78b01815a2e3a707cc501cb0afb21/element - {"using":"xpath","value":"//*[@id=\"application-managesites-display-component---NewSite--ObjectPageLayout-anchBar-__section29-anchor\"]"}
RESULT: {"using":"xpath","value":"//*[@id=\"application-managesites-display-component---NewSite--ObjectPageLayout-anchBar-__section29-anchor\"]"}
COMMAND: POST /session/16f78b01815a2e3a707cc501cb0afb21/element/f.2B12B0EA68CDE32E3DD19BB79ABA46A3.d.DC1098562FC352858E0BE15583C35A6C.e.2340/click - {}
RESULT: {}
COMMAND: POST /session/16f78b01815a2e3a707cc501cb0afb21/execute/async - {"script":"<script> [1562 bytes]","args":[{"selector":{"controlType":"sap.m.Button","viewName":"etm.portal.ui.managesites.view.NewSmartSite","viewId":"application-managesites-display-component---NewSite","i18NText":{"propertyName":"text","key":"save"},"interaction":{"idSuffix":"BDI-content"}},"wdio_ui5_key":"etmportal.ui.managesites.view.NewSmartSitesap.m.Button{\"propertyName\":\"text\",\"key\":\"save\"}"}]}
COMMAND: GET /session/16f78b01815a2e3a707cc501cb0afb21/screenshot - {}
RESULT: {"script":"<script> [1562 bytes]","args":[{"selector":{"controlType":"sap.m.Button","viewName":"etm.portal.ui.managesites.view.NewSmartSite","viewId":"application-managesites-display-component---NewSite","i18NText":{"propertyName":"text","key":"save"},"interaction":{"idSuffix":"BDI-content"}},"wdio_ui5_key":"etmportal.ui.managesites.view.NewSmartSitesap.m.Button{\"propertyName\":\"text\",\"key\":\"save\"}"}]}
RESULT: undefined
COMMAND: POST /session/16f78b01815a2e3a707cc501cb0afb21/element - {"using":"xpath","value":"//*[@id=\"__button60\"]"}
RESULT: {}
RESULT: {"using":"xpath","value":"//*[@id=\"__button60\"]"}
COMMAND: POST /session/16f78b01815a2e3a707cc501cb0afb21/element/f.2B12B0EA68CDE32E3DD19BB79ABA46A3.d.DC1098562FC352858E0BE15583C35A6C.e.2247/click - {}
RESULT: {}
COMMAND: GET /session/16f78b01815a2e3a707cc501cb0afb21/screenshot - {}
RESULT: {}
COMMAND: POST /session/16f78b01815a2e3a707cc501cb0afb21/execute/async - {"script":"<script> [1562 bytes]","args":[{"selector":{"id":"application-managesites-display-component---detailSite--addressDetailDetailsYardText"},"wdio_ui5_key":"applicationmanagesites-display-component---detailSite--addressDetailDetailsYardText"}]}
RESULT: {"script":"<script> [1562 bytes]","args":[{"selector":{"id":"application-managesites-display-component---detailSite--addressDetailDetailsYardText"},"wdio_ui5_key":"applicationmanagesites-display-component---detailSite--addressDetailDetailsYardText"}]}
RESULT: undefined
COMMAND: POST /session/16f78b01815a2e3a707cc501cb0afb21/element - {"using":"xpath","value":"//header/div/div[2]/div[2]/span"}
RESULT: {"using":"xpath","value":"//header/div/div[2]/div[2]/span"}
COMMAND: GET /session/16f78b01815a2e3a707cc501cb0afb21/element/f.2B12B0EA68CDE32E3DD19BB79ABA46A3.d.DC1098562FC352858E0BE15583C35A6C.e.2545/text - {}
RESULT: {}
COMMAND: POST /session/16f78b01815a2e3a707cc501cb0afb21/element - {"using":"xpath","value":"//header/div/div/div/div/div/div[2]/div/span"}
RESULT: {"using":"xpath","value":"//header/div/div/div/div/div/div[2]/div/span"}
COMMAND: GET /session/16f78b01815a2e3a707cc501cb0afb21/element/f.2B12B0EA68CDE32E3DD19BB79ABA46A3.d.DC1098562FC352858E0BE15583C35A6C.e.2546/text - {}
RESULT: {}
COMMAND: POST /session/16f78b01815a2e3a707cc501cb0afb21/element - {"using":"css selector","value":"#shell-header-logo"}
RESULT: {"using":"css selector","value":"#shell-header-logo"}
COMMAND: POST /session/16f78b01815a2e3a707cc501cb0afb21/element/f.2B12B0EA68CDE32E3DD19BB79ABA46A3.d.DC1098562FC352858E0BE15583C35A6C.e.1865/click - {}
RESULT: {}
COMMAND: GET /session/16f78b01815a2e3a707cc501cb0afb21/screenshot - {}
RESULT: {}
]]></system-out>
    </testcase>
    <testcase classname="chrome.136_0_7103_93.windows.Standard_contract_-_add_contract_items_by_Insert_Request_US118222" name="Should create 2 new resources and a catalog item" time="395.543">
      <system-out><![CDATA[
COMMAND: POST /session/16f78b01815a2e3a707cc501cb0afb21/execute/async - {"script":"<script> [1562 bytes]","args":[{"selector":{"controlType":"sap.m.GenericTile","properties":{"header":"Manage Resources"}},"wdio_ui5_key":"sapm.GenericTile{\"header\":\"Manage Resources\"}"}]}
RESULT: {"script":"<script> [1562 bytes]","args":[{"selector":{"controlType":"sap.m.GenericTile","properties":{"header":"Manage Resources"}},"wdio_ui5_key":"sapm.GenericTile{\"header\":\"Manage Resources\"}"}]}
RESULT: undefined
COMMAND: POST /session/16f78b01815a2e3a707cc501cb0afb21/element - {"using":"xpath","value":"//*[@id=\"__tile39\"]"}
RESULT: {"using":"xpath","value":"//*[@id=\"__tile39\"]"}
COMMAND: POST /session/16f78b01815a2e3a707cc501cb0afb21/element/f.2B12B0EA68CDE32E3DD19BB79ABA46A3.d.DC1098562FC352858E0BE15583C35A6C.e.2548/click - {}
RESULT: {}
COMMAND: GET /session/16f78b01815a2e3a707cc501cb0afb21/screenshot - {}
RESULT: {}
COMMAND: POST /session/16f78b01815a2e3a707cc501cb0afb21/elements - {"using":"xpath","value":"//span[text()='Error']"}
RESULT: {"using":"xpath","value":"//span[text()='Error']"}
COMMAND: POST /session/16f78b01815a2e3a707cc501cb0afb21/element - {"using":"xpath","value":"//button[@data-kt=\"addNewRUOverflowToolbarButton\"]"}
RESULT: {"using":"xpath","value":"//button[@data-kt=\"addNewRUOverflowToolbarButton\"]"}
COMMAND: POST /session/16f78b01815a2e3a707cc501cb0afb21/execute/sync - {"script":"<script> [8489 bytes]","args":[{"element-6066-11e4-a52e-4f735466cecf":"f.2B12B0EA68CDE32E3DD19BB79ABA46A3.d.DC1098562FC352858E0BE15583C35A6C.e.2590","ELEMENT":"f.2B12B0EA68CDE32E3DD19BB79ABA46A3.d.DC1098562FC352858E0BE15583C35A6C.e.2590"}]}
RESULT: {"script":"<script> [8489 bytes]","args":[{"element-6066-11e4-a52e-4f735466cecf":"f.2B12B0EA68CDE32E3DD19BB79ABA46A3.d.DC1098562FC352858E0BE15583C35A6C.e.2590","ELEMENT":"f.2B12B0EA68CDE32E3DD19BB79ABA46A3.d.DC1098562FC352858E0BE15583C35A6C.e.2590"}]}
COMMAND: POST /session/16f78b01815a2e3a707cc501cb0afb21/element/f.2B12B0EA68CDE32E3DD19BB79ABA46A3.d.DC1098562FC352858E0BE15583C35A6C.e.2590/click - {}
COMMAND: GET /session/16f78b01815a2e3a707cc501cb0afb21/screenshot - {}
RESULT: {}
COMMAND: POST /session/16f78b01815a2e3a707cc501cb0afb21/execute/async - {"script":"<script> [1562 bytes]","args":[{"selector":{"id":"application-manageresources-display-component---newResourceUnit--TYPE-arrow"},"wdio_ui5_key":"applicationmanageresources-display-component---newResourceUnit--TYPE-arrow"}]}
COMMAND: GET /session/16f78b01815a2e3a707cc501cb0afb21/screenshot - {}
RESULT: {}
RESULT: {"script":"<script> [1562 bytes]","args":[{"selector":{"id":"application-manageresources-display-component---newResourceUnit--TYPE-arrow"},"wdio_ui5_key":"applicationmanageresources-display-component---newResourceUnit--TYPE-arrow"}]}
RESULT: undefined
COMMAND: POST /session/16f78b01815a2e3a707cc501cb0afb21/element - {"using":"xpath","value":"//*[@id=\"application-manageresources-display-component---newResourceUnit--TYPE-arrow\"]"}
RESULT: {}
RESULT: {"using":"xpath","value":"//*[@id=\"application-manageresources-display-component---newResourceUnit--TYPE-arrow\"]"}
COMMAND: POST /session/16f78b01815a2e3a707cc501cb0afb21/element/f.2B12B0EA68CDE32E3DD19BB79ABA46A3.d.DC1098562FC352858E0BE15583C35A6C.e.2912/click - {}
RESULT: {}
COMMAND: POST /session/16f78b01815a2e3a707cc501cb0afb21/execute/async - {"script":"<script> [1562 bytes]","args":[{"selector":{"controlType":"sap.m.StandardListItem","viewName":"reusables.view.manageresources.NewResourceUnit","viewId":"application-manageresources-display-component---newResourceUnit","properties":{"title":"Material"},"searchOpenDialogs":true,"interaction":{"idSuffix":"titleText"}},"wdio_ui5_key":"reusablesview.manageresources.NewResourceUnitsap.m.StandardListItem{\"title\":\"Material\"}"}]}
COMMAND: GET /session/16f78b01815a2e3a707cc501cb0afb21/screenshot - {}
RESULT: {"script":"<script> [1562 bytes]","args":[{"selector":{"controlType":"sap.m.StandardListItem","viewName":"reusables.view.manageresources.NewResourceUnit","viewId":"application-manageresources-display-component---newResourceUnit","properties":{"title":"Material"},"searchOpenDialogs":true,"interaction":{"idSuffix":"titleText"}},"wdio_ui5_key":"reusablesview.manageresources.NewResourceUnitsap.m.StandardListItem{\"title\":\"Material\"}"}]}
RESULT: undefined
COMMAND: POST /session/16f78b01815a2e3a707cc501cb0afb21/element - {"using":"xpath","value":"//*[@id=\"__item1127\"]"}
RESULT: {}
RESULT: {"using":"xpath","value":"//*[@id=\"__item1127\"]"}
COMMAND: POST /session/16f78b01815a2e3a707cc501cb0afb21/element/f.2B12B0EA68CDE32E3DD19BB79ABA46A3.d.DC1098562FC352858E0BE15583C35A6C.e.2915/click - {}
RESULT: {}
COMMAND: POST /session/16f78b01815a2e3a707cc501cb0afb21/execute/async - {"script":"<script> [1562 bytes]","args":[{"selector":{"id":"application-manageresources-display-component---newResourceUnit--SHORT_TEXT","interaction":{"idSuffix":"inner"}},"wdio_ui5_key":"applicationmanageresources-display-component---newResourceUnit--SHORT_TEXT"}]}
COMMAND: GET /session/16f78b01815a2e3a707cc501cb0afb21/screenshot - {}
RESULT: {"script":"<script> [1562 bytes]","args":[{"selector":{"id":"application-manageresources-display-component---newResourceUnit--SHORT_TEXT","interaction":{"idSuffix":"inner"}},"wdio_ui5_key":"applicationmanageresources-display-component---newResourceUnit--SHORT_TEXT"}]}
RESULT: undefined
COMMAND: POST /session/16f78b01815a2e3a707cc501cb0afb21/execute/async - {"script":"<script> [776 bytes]","args":[{"enterText":"WebdriverRUR2C3klab","selector":{"id":"application-manageresources-display-component---newResourceUnit--SHORT_TEXT","interaction":{"idSuffix":"inner"}},"clearTextFirst":true,"interactionType":"ENTER_TEXT"}]}
RESULT: {}
RESULT: {"script":"<script> [776 bytes]","args":[{"enterText":"WebdriverRUR2C3klab","selector":{"id":"application-manageresources-display-component---newResourceUnit--SHORT_TEXT","interaction":{"idSuffix":"inner"}},"clearTextFirst":true,"interactionType":"ENTER_TEXT"}]}
COMMAND: POST /session/16f78b01815a2e3a707cc501cb0afb21/execute/async - {"script":"<script> [1562 bytes]","args":[{"selector":{"id":"application-manageresources-display-component---newResourceUnit--BASE_UNIT_OF_MEASURE-arrow"},"wdio_ui5_key":"applicationmanageresources-display-component---newResourceUnit--BASE_UNIT_OF_MEASURE-arrow"}]}
RESULT: {"script":"<script> [1562 bytes]","args":[{"selector":{"id":"application-manageresources-display-component---newResourceUnit--BASE_UNIT_OF_MEASURE-arrow"},"wdio_ui5_key":"applicationmanageresources-display-component---newResourceUnit--BASE_UNIT_OF_MEASURE-arrow"}]}
RESULT: undefined
COMMAND: POST /session/16f78b01815a2e3a707cc501cb0afb21/element - {"using":"xpath","value":"//*[@id=\"application-manageresources-display-component---newResourceUnit--BASE_UNIT_OF_MEASURE-arrow\"]"}
RESULT: {"using":"xpath","value":"//*[@id=\"application-manageresources-display-component---newResourceUnit--BASE_UNIT_OF_MEASURE-arrow\"]"}
COMMAND: POST /session/16f78b01815a2e3a707cc501cb0afb21/element/f.2B12B0EA68CDE32E3DD19BB79ABA46A3.d.DC1098562FC352858E0BE15583C35A6C.e.2969/click - {}
RESULT: {}
COMMAND: POST /session/16f78b01815a2e3a707cc501cb0afb21/execute/async - {"script":"<script> [1562 bytes]","args":[{"selector":{"controlType":"sap.m.StandardListItem","viewName":"reusables.view.manageresources.NewResourceUnit","viewId":"application-manageresources-display-component---newResourceUnit","properties":{"title":"Piece"},"searchOpenDialogs":true,"interaction":{"idSuffix":"titleText"}},"wdio_ui5_key":"reusablesview.manageresources.NewResourceUnitsap.m.StandardListItem{\"title\":\"Piece\"}"}]}
COMMAND: GET /session/16f78b01815a2e3a707cc501cb0afb21/screenshot - {}
RESULT: {"script":"<script> [1562 bytes]","args":[{"selector":{"controlType":"sap.m.StandardListItem","viewName":"reusables.view.manageresources.NewResourceUnit","viewId":"application-manageresources-display-component---newResourceUnit","properties":{"title":"Piece"},"searchOpenDialogs":true,"interaction":{"idSuffix":"titleText"}},"wdio_ui5_key":"reusablesview.manageresources.NewResourceUnitsap.m.StandardListItem{\"title\":\"Piece\"}"}]}
RESULT: undefined
COMMAND: POST /session/16f78b01815a2e3a707cc501cb0afb21/element - {"using":"xpath","value":"//*[@id=\"__item1169\"]"}
RESULT: {}
RESULT: {"using":"xpath","value":"//*[@id=\"__item1169\"]"}
COMMAND: POST /session/16f78b01815a2e3a707cc501cb0afb21/element/f.2B12B0EA68CDE32E3DD19BB79ABA46A3.d.DC1098562FC352858E0BE15583C35A6C.e.2971/click - {}
RESULT: {}
COMMAND: POST /session/16f78b01815a2e3a707cc501cb0afb21/element - {"using":"xpath","value":"//input[contains(@id ,\"application-manageresources-display-component---newResourceUnit--SHORT_TEXT-inner\")]"}
COMMAND: GET /session/16f78b01815a2e3a707cc501cb0afb21/screenshot - {}
RESULT: {"using":"xpath","value":"//input[contains(@id ,\"application-manageresources-display-component---newResourceUnit--SHORT_TEXT-inner\")]"}
COMMAND: GET /session/16f78b01815a2e3a707cc501cb0afb21/element/f.2B12B0EA68CDE32E3DD19BB79ABA46A3.d.DC1098562FC352858E0BE15583C35A6C.e.2932/property/value - {}
RESULT: {}
RESULT: {}
COMMAND: POST /session/16f78b01815a2e3a707cc501cb0afb21/execute/async - {"script":"<script> [1562 bytes]","args":[{"selector":{"id":"application-manageresources-display-component---newResourceUnit--WEIGHT_UNIT-arrow"},"wdio_ui5_key":"applicationmanageresources-display-component---newResourceUnit--WEIGHT_UNIT-arrow"}]}
COMMAND: GET /session/16f78b01815a2e3a707cc501cb0afb21/screenshot - {}
RESULT: {"script":"<script> [1562 bytes]","args":[{"selector":{"id":"application-manageresources-display-component---newResourceUnit--WEIGHT_UNIT-arrow"},"wdio_ui5_key":"applicationmanageresources-display-component---newResourceUnit--WEIGHT_UNIT-arrow"}]}
RESULT: undefined
COMMAND: POST /session/16f78b01815a2e3a707cc501cb0afb21/element - {"using":"xpath","value":"//*[@id=\"application-manageresources-display-component---newResourceUnit--WEIGHT_UNIT-arrow\"]"}
RESULT: {}
RESULT: {"using":"xpath","value":"//*[@id=\"application-manageresources-display-component---newResourceUnit--WEIGHT_UNIT-arrow\"]"}
COMMAND: POST /session/16f78b01815a2e3a707cc501cb0afb21/element/f.2B12B0EA68CDE32E3DD19BB79ABA46A3.d.DC1098562FC352858E0BE15583C35A6C.e.2972/click - {}
RESULT: {}
COMMAND: POST /session/16f78b01815a2e3a707cc501cb0afb21/execute/async - {"script":"<script> [1562 bytes]","args":[{"selector":{"controlType":"sap.m.StandardListItem","viewName":"reusables.view.manageresources.NewResourceUnit","viewId":"application-manageresources-display-component---newResourceUnit","properties":{"title":"Gram"},"searchOpenDialogs":true,"interaction":{"idSuffix":"content"}},"wdio_ui5_key":"reusablesview.manageresources.NewResourceUnitsap.m.StandardListItem{\"title\":\"Gram\"}"}]}
COMMAND: GET /session/16f78b01815a2e3a707cc501cb0afb21/screenshot - {}
RESULT: {"script":"<script> [1562 bytes]","args":[{"selector":{"controlType":"sap.m.StandardListItem","viewName":"reusables.view.manageresources.NewResourceUnit","viewId":"application-manageresources-display-component---newResourceUnit","properties":{"title":"Gram"},"searchOpenDialogs":true,"interaction":{"idSuffix":"content"}},"wdio_ui5_key":"reusablesview.manageresources.NewResourceUnitsap.m.StandardListItem{\"title\":\"Gram\"}"}]}
RESULT: undefined
COMMAND: POST /session/16f78b01815a2e3a707cc501cb0afb21/element - {"using":"xpath","value":"//*[@id=\"__item1234\"]"}
RESULT: {}
RESULT: {"using":"xpath","value":"//*[@id=\"__item1234\"]"}
COMMAND: POST /session/16f78b01815a2e3a707cc501cb0afb21/element/f.2B12B0EA68CDE32E3DD19BB79ABA46A3.d.DC1098562FC352858E0BE15583C35A6C.e.2974/click - {}
RESULT: {}
COMMAND: POST /session/16f78b01815a2e3a707cc501cb0afb21/execute/async - {"script":"<script> [1562 bytes]","args":[{"selector":{"id":"application-manageresources-display-component---newResourceUnit--newRRUPage-OPHeaderContent-collapseBtn-img"},"wdio_ui5_key":"applicationmanageresources-display-component---newResourceUnit--newRRUPage-OPHeaderContent-collapseBtn-img"}]}
COMMAND: GET /session/16f78b01815a2e3a707cc501cb0afb21/screenshot - {}
RESULT: {"script":"<script> [1562 bytes]","args":[{"selector":{"id":"application-manageresources-display-component---newResourceUnit--newRRUPage-OPHeaderContent-collapseBtn-img"},"wdio_ui5_key":"applicationmanageresources-display-component---newResourceUnit--newRRUPage-OPHeaderContent-collapseBtn-img"}]}
RESULT: undefined
COMMAND: POST /session/16f78b01815a2e3a707cc501cb0afb21/element - {"using":"xpath","value":"//*[@id=\"application-manageresources-display-component---newResourceUnit--newRRUPage-OPHeaderContent-collapseBtn-img\"]"}
RESULT: {}
RESULT: {"using":"xpath","value":"//*[@id=\"application-manageresources-display-component---newResourceUnit--newRRUPage-OPHeaderContent-collapseBtn-img\"]"}
COMMAND: POST /session/16f78b01815a2e3a707cc501cb0afb21/element/f.2B12B0EA68CDE32E3DD19BB79ABA46A3.d.DC1098562FC352858E0BE15583C35A6C.e.2922/click - {}
RESULT: {}
COMMAND: GET /session/16f78b01815a2e3a707cc501cb0afb21/screenshot - {}
RESULT: {}
COMMAND: POST /session/16f78b01815a2e3a707cc501cb0afb21/element - {"using":"xpath","value":"(//span[contains(@id ,\"application-manageresources-display-component---newResourceUnit--DIMENSION_UNIT-arrow\")])[1]"}
RESULT: {"using":"xpath","value":"(//span[contains(@id ,\"application-manageresources-display-component---newResourceUnit--DIMENSION_UNIT-arrow\")])[1]"}
COMMAND: POST /session/16f78b01815a2e3a707cc501cb0afb21/element/f.2B12B0EA68CDE32E3DD19BB79ABA46A3.d.DC1098562FC352858E0BE15583C35A6C.e.2978/click - {}
RESULT: {}
COMMAND: GET /session/16f78b01815a2e3a707cc501cb0afb21/screenshot - {}
RESULT: {}
COMMAND: POST /session/16f78b01815a2e3a707cc501cb0afb21/execute/async - {"script":"<script> [1562 bytes]","args":[{"selector":{"controlType":"sap.m.StandardListItem","viewName":"reusables.view.manageresources.NewResourceUnit","viewId":"application-manageresources-display-component---newResourceUnit","properties":{"title":"Centimeter"},"searchOpenDialogs":true,"interaction":{"idSuffix":"titleText"}},"wdio_ui5_key":"reusablesview.manageresources.NewResourceUnitsap.m.StandardListItem{\"title\":\"Centimeter\"}"}]}
RESULT: {"script":"<script> [1562 bytes]","args":[{"selector":{"controlType":"sap.m.StandardListItem","viewName":"reusables.view.manageresources.NewResourceUnit","viewId":"application-manageresources-display-component---newResourceUnit","properties":{"title":"Centimeter"},"searchOpenDialogs":true,"interaction":{"idSuffix":"titleText"}},"wdio_ui5_key":"reusablesview.manageresources.NewResourceUnitsap.m.StandardListItem{\"title\":\"Centimeter\"}"}]}
RESULT: undefined
COMMAND: POST /session/16f78b01815a2e3a707cc501cb0afb21/element - {"using":"xpath","value":"//*[@id=\"__item1237\"]"}
RESULT: {"using":"xpath","value":"//*[@id=\"__item1237\"]"}
COMMAND: POST /session/16f78b01815a2e3a707cc501cb0afb21/element/f.2B12B0EA68CDE32E3DD19BB79ABA46A3.d.DC1098562FC352858E0BE15583C35A6C.e.2982/click - {}
RESULT: {}
COMMAND: POST /session/16f78b01815a2e3a707cc501cb0afb21/execute/async - {"script":"<script> [1562 bytes]","args":[{"selector":{"id":"application-manageresources-display-component---newResourceUnit--newRRUPage-anchBar-application-manageresources-display-component---newResourceUnit--reference-anchor","interaction":{"idSuffix":"BDI-content"}},"wdio_ui5_key":"applicationmanageresources-display-component---newResourceUnit--newRRUPage-anchBar-application-manageresources-display-component---newResourceUnit--reference-anchor"}]}
COMMAND: GET /session/16f78b01815a2e3a707cc501cb0afb21/screenshot - {}
RESULT: {"script":"<script> [1562 bytes]","args":[{"selector":{"id":"application-manageresources-display-component---newResourceUnit--newRRUPage-anchBar-application-manageresources-display-component---newResourceUnit--reference-anchor","interaction":{"idSuffix":"BDI-content"}},"wdio_ui5_key":"applicationmanageresources-display-component---newResourceUnit--newRRUPage-anchBar-application-manageresources-display-component---newResourceUnit--reference-anchor"}]}
RESULT: undefined
COMMAND: POST /session/16f78b01815a2e3a707cc501cb0afb21/element - {"using":"xpath","value":"//*[@id=\"application-manageresources-display-component---newResourceUnit--newRRUPage-anchBar-application-manageresources-display-component---newResourceUnit--reference-anchor\"]"}
RESULT: {}
RESULT: {"using":"xpath","value":"//*[@id=\"application-manageresources-display-component---newResourceUnit--newRRUPage-anchBar-application-manageresources-display-component---newResourceUnit--reference-anchor\"]"}
COMMAND: POST /session/16f78b01815a2e3a707cc501cb0afb21/element/f.2B12B0EA68CDE32E3DD19BB79ABA46A3.d.DC1098562FC352858E0BE15583C35A6C.e.2984/click - {}
RESULT: {}
COMMAND: POST /session/16f78b01815a2e3a707cc501cb0afb21/execute/async - {"script":"<script> [1562 bytes]","args":[{"selector":{"id":"application-manageresources-display-component---newResourceUnit--PLANNING_GROUP-arrow"},"wdio_ui5_key":"applicationmanageresources-display-component---newResourceUnit--PLANNING_GROUP-arrow"}]}
COMMAND: GET /session/16f78b01815a2e3a707cc501cb0afb21/screenshot - {}
RESULT: {"script":"<script> [1562 bytes]","args":[{"selector":{"id":"application-manageresources-display-component---newResourceUnit--PLANNING_GROUP-arrow"},"wdio_ui5_key":"applicationmanageresources-display-component---newResourceUnit--PLANNING_GROUP-arrow"}]}
RESULT: undefined
COMMAND: POST /session/16f78b01815a2e3a707cc501cb0afb21/element - {"using":"xpath","value":"//*[@id=\"application-manageresources-display-component---newResourceUnit--PLANNING_GROUP-arrow\"]"}
RESULT: {}
RESULT: {"using":"xpath","value":"//*[@id=\"application-manageresources-display-component---newResourceUnit--PLANNING_GROUP-arrow\"]"}
COMMAND: POST /session/16f78b01815a2e3a707cc501cb0afb21/element/f.2B12B0EA68CDE32E3DD19BB79ABA46A3.d.DC1098562FC352858E0BE15583C35A6C.e.2988/click - {}
RESULT: {}
COMMAND: POST /session/16f78b01815a2e3a707cc501cb0afb21/execute/async - {"script":"<script> [1562 bytes]","args":[{"selector":{"controlType":"sap.m.StandardListItem","viewName":"reusables.view.manageresources.NewResourceUnit","viewId":"application-manageresources-display-component---newResourceUnit","properties":{"title":"Heavy Equi"},"searchOpenDialogs":true,"interaction":{"idSuffix":"content"}},"wdio_ui5_key":"reusablesview.manageresources.NewResourceUnitsap.m.StandardListItem{\"title\":\"Heavy Equi\"}"}]}
COMMAND: GET /session/16f78b01815a2e3a707cc501cb0afb21/screenshot - {}
RESULT: {"script":"<script> [1562 bytes]","args":[{"selector":{"controlType":"sap.m.StandardListItem","viewName":"reusables.view.manageresources.NewResourceUnit","viewId":"application-manageresources-display-component---newResourceUnit","properties":{"title":"Heavy Equi"},"searchOpenDialogs":true,"interaction":{"idSuffix":"content"}},"wdio_ui5_key":"reusablesview.manageresources.NewResourceUnitsap.m.StandardListItem{\"title\":\"Heavy Equi\"}"}]}
RESULT: undefined
COMMAND: POST /session/16f78b01815a2e3a707cc501cb0afb21/element - {"using":"xpath","value":"//*[@id=\"__item1245\"]"}
RESULT: {}
RESULT: {"using":"xpath","value":"//*[@id=\"__item1245\"]"}
COMMAND: POST /session/16f78b01815a2e3a707cc501cb0afb21/element/f.2B12B0EA68CDE32E3DD19BB79ABA46A3.d.DC1098562FC352858E0BE15583C35A6C.e.2990/click - {}
RESULT: {}
COMMAND: GET /session/16f78b01815a2e3a707cc501cb0afb21/screenshot - {}
RESULT: {}
COMMAND: POST /session/16f78b01815a2e3a707cc501cb0afb21/execute/async - {"script":"<script> [1562 bytes]","args":[{"selector":{"id":"application-manageresources-display-component---newResourceUnit--PLANNING_INDICATOR-arrow"},"wdio_ui5_key":"applicationmanageresources-display-component---newResourceUnit--PLANNING_INDICATOR-arrow"}]}
RESULT: {"script":"<script> [1562 bytes]","args":[{"selector":{"id":"application-manageresources-display-component---newResourceUnit--PLANNING_INDICATOR-arrow"},"wdio_ui5_key":"applicationmanageresources-display-component---newResourceUnit--PLANNING_INDICATOR-arrow"}]}
RESULT: undefined
COMMAND: POST /session/16f78b01815a2e3a707cc501cb0afb21/element - {"using":"xpath","value":"//*[@id=\"application-manageresources-display-component---newResourceUnit--PLANNING_INDICATOR-arrow\"]"}
RESULT: {"using":"xpath","value":"//*[@id=\"application-manageresources-display-component---newResourceUnit--PLANNING_INDICATOR-arrow\"]"}
COMMAND: POST /session/16f78b01815a2e3a707cc501cb0afb21/element/f.2B12B0EA68CDE32E3DD19BB79ABA46A3.d.DC1098562FC352858E0BE15583C35A6C.e.2991/click - {}
RESULT: {}
COMMAND: POST /session/16f78b01815a2e3a707cc501cb0afb21/execute/async - {"script":"<script> [1562 bytes]","args":[{"selector":{"controlType":"sap.m.StandardListItem","viewName":"reusables.view.manageresources.NewResourceUnit","viewId":"application-manageresources-display-component---newResourceUnit","properties":{"title":"10 - infinite"},"searchOpenDialogs":true,"interaction":{"idSuffix":"content"}},"wdio_ui5_key":"reusablesview.manageresources.NewResourceUnitsap.m.StandardListItem{\"title\":\"10 - infinite\"}"}]}
COMMAND: GET /session/16f78b01815a2e3a707cc501cb0afb21/screenshot - {}
RESULT: {"script":"<script> [1562 bytes]","args":[{"selector":{"controlType":"sap.m.StandardListItem","viewName":"reusables.view.manageresources.NewResourceUnit","viewId":"application-manageresources-display-component---newResourceUnit","properties":{"title":"10 - infinite"},"searchOpenDialogs":true,"interaction":{"idSuffix":"content"}},"wdio_ui5_key":"reusablesview.manageresources.NewResourceUnitsap.m.StandardListItem{\"title\":\"10 - infinite\"}"}]}
RESULT: undefined
COMMAND: POST /session/16f78b01815a2e3a707cc501cb0afb21/element - {"using":"xpath","value":"//*[@id=\"__item1255\"]"}
RESULT: {}
RESULT: {"using":"xpath","value":"//*[@id=\"__item1255\"]"}
COMMAND: POST /session/16f78b01815a2e3a707cc501cb0afb21/element/f.2B12B0EA68CDE32E3DD19BB79ABA46A3.d.DC1098562FC352858E0BE15583C35A6C.e.2993/click - {}
RESULT: {}
COMMAND: GET /session/16f78b01815a2e3a707cc501cb0afb21/screenshot - {}
RESULT: {}
COMMAND: POST /session/16f78b01815a2e3a707cc501cb0afb21/element - {"using":"xpath","value":"//bdi[contains(text(), \"Time Segment\")]"}
RESULT: {"using":"xpath","value":"//bdi[contains(text(), \"Time Segment\")]"}
COMMAND: GET /session/16f78b01815a2e3a707cc501cb0afb21/element/f.2B12B0EA68CDE32E3DD19BB79ABA46A3.d.DC1098562FC352858E0BE15583C35A6C.e.2994/rect - {}
RESULT: {}
COMMAND: GET /session/16f78b01815a2e3a707cc501cb0afb21/window/rect - {}
RESULT: {}
COMMAND: POST /session/16f78b01815a2e3a707cc501cb0afb21/execute/sync - {"script":"<script> [92 bytes]","args":[]}
RESULT: {"script":"<script> [92 bytes]","args":[]}
COMMAND: POST /session/16f78b01815a2e3a707cc501cb0afb21/actions - {"actions":[{"id":"action5","type":"wheel","parameters":{},"actions":[{"type":"scroll","x":-1820,"y":-21,"deltaX":0,"deltaY":0,"duration":0,"origin":{"element-6066-11e4-a52e-4f735466cecf":"f.2B12B0EA68CDE32E3DD19BB79ABA46A3.d.DC1098562FC352858E0BE15583C35A6C.e.2994"}}]}]}
COMMAND: GET /session/16f78b01815a2e3a707cc501cb0afb21/screenshot - {}
RESULT: {}
COMMAND: POST /session/16f78b01815a2e3a707cc501cb0afb21/execute/sync - {"script":"<script> [79 bytes]","args":[{"element-6066-11e4-a52e-4f735466cecf":"f.2B12B0EA68CDE32E3DD19BB79ABA46A3.d.DC1098562FC352858E0BE15583C35A6C.e.2994","ELEMENT":"f.2B12B0EA68CDE32E3DD19BB79ABA46A3.d.DC1098562FC352858E0BE15583C35A6C.e.2994"},{"block":"start","inline":"nearest"}]}
RESULT: {"script":"<script> [79 bytes]","args":[{"element-6066-11e4-a52e-4f735466cecf":"f.2B12B0EA68CDE32E3DD19BB79ABA46A3.d.DC1098562FC352858E0BE15583C35A6C.e.2994","ELEMENT":"f.2B12B0EA68CDE32E3DD19BB79ABA46A3.d.DC1098562FC352858E0BE15583C35A6C.e.2994"},{"block":"start","inline":"nearest"}]}
COMMAND: GET /session/16f78b01815a2e3a707cc501cb0afb21/screenshot - {}
RESULT: {}
COMMAND: POST /session/16f78b01815a2e3a707cc501cb0afb21/element - {"using":"xpath","value":"//span[@id=\"application-manageresources-display-component---newResourceUnit--btnAddTimeSegment-img\"]"}
RESULT: {"using":"xpath","value":"//span[@id=\"application-manageresources-display-component---newResourceUnit--btnAddTimeSegment-img\"]"}
COMMAND: POST /session/16f78b01815a2e3a707cc501cb0afb21/execute/sync - {"script":"<script> [8489 bytes]","args":[{"element-6066-11e4-a52e-4f735466cecf":"f.2B12B0EA68CDE32E3DD19BB79ABA46A3.d.DC1098562FC352858E0BE15583C35A6C.e.2997","ELEMENT":"f.2B12B0EA68CDE32E3DD19BB79ABA46A3.d.DC1098562FC352858E0BE15583C35A6C.e.2997"}]}
RESULT: {"script":"<script> [8489 bytes]","args":[{"element-6066-11e4-a52e-4f735466cecf":"f.2B12B0EA68CDE32E3DD19BB79ABA46A3.d.DC1098562FC352858E0BE15583C35A6C.e.2997","ELEMENT":"f.2B12B0EA68CDE32E3DD19BB79ABA46A3.d.DC1098562FC352858E0BE15583C35A6C.e.2997"}]}
COMMAND: POST /session/16f78b01815a2e3a707cc501cb0afb21/element/f.2B12B0EA68CDE32E3DD19BB79ABA46A3.d.DC1098562FC352858E0BE15583C35A6C.e.2997/click - {}
COMMAND: GET /session/16f78b01815a2e3a707cc501cb0afb21/screenshot - {}
RESULT: {}
COMMAND: GET /session/16f78b01815a2e3a707cc501cb0afb21/screenshot - {}
COMMAND: POST /session/16f78b01815a2e3a707cc501cb0afb21/element - {"using":"xpath","value":"//input[@id=\"application-manageresources-display-component---newResourceUnit--idRuTSAdmin-application-manageresources-display-component---newResourceUnit--RUTimeSegment-0-inner\"]"}
RESULT: {}
RESULT: {}
RESULT: {"using":"xpath","value":"//input[@id=\"application-manageresources-display-component---newResourceUnit--idRuTSAdmin-application-manageresources-display-component---newResourceUnit--RUTimeSegment-0-inner\"]"}
COMMAND: POST /session/16f78b01815a2e3a707cc501cb0afb21/element/f.2B12B0EA68CDE32E3DD19BB79ABA46A3.d.DC1098562FC352858E0BE15583C35A6C.e.3000/clear - {}
RESULT: {}
COMMAND: POST /session/16f78b01815a2e3a707cc501cb0afb21/element/f.2B12B0EA68CDE32E3DD19BB79ABA46A3.d.DC1098562FC352858E0BE15583C35A6C.e.3000/value - {"text":"WebdriverYard4x4mo"}
COMMAND: GET /session/16f78b01815a2e3a707cc501cb0afb21/screenshot - {}
RESULT: {"text":"WebdriverYard4x4mo"}
COMMAND: GET /session/16f78b01815a2e3a707cc501cb0afb21/screenshot - {}
RESULT: {}
RESULT: {}
COMMAND: POST /session/16f78b01815a2e3a707cc501cb0afb21/actions - {"actions":[{"id":"action6","type":"key","parameters":{},"actions":[{"type":"keyDown","value":"î€‡"},{"type":"pause","duration":10},{"type":"keyUp","value":"î€‡"}]}]}
RESULT: {"actions":[{"id":"action6","type":"key","parameters":{},"actions":[{"type":"keyDown","value":"î€‡"},{"type":"pause","duration":10},{"type":"keyUp","value":"î€‡"}]}]}
COMMAND: GET /session/16f78b01815a2e3a707cc501cb0afb21/screenshot - {}
RESULT: {}
COMMAND: POST /session/16f78b01815a2e3a707cc501cb0afb21/execute/async - {"script":"<script> [1562 bytes]","args":[{"selector":{"controlType":"sap.m.Button","viewName":"reusables.view.manageresources.NewResourceUnit","viewId":"application-manageresources-display-component---newResourceUnit","i18NText":{"propertyName":"tooltip","key":"save"},"interaction":{"idSuffix":"BDI-content"}},"wdio_ui5_key":"reusablesview.manageresources.NewResourceUnitsap.m.Button{\"propertyName\":\"tooltip\",\"key\":\"save\"}"}]}
RESULT: {"script":"<script> [1562 bytes]","args":[{"selector":{"controlType":"sap.m.Button","viewName":"reusables.view.manageresources.NewResourceUnit","viewId":"application-manageresources-display-component---newResourceUnit","i18NText":{"propertyName":"tooltip","key":"save"},"interaction":{"idSuffix":"BDI-content"}},"wdio_ui5_key":"reusablesview.manageresources.NewResourceUnitsap.m.Button{\"propertyName\":\"tooltip\",\"key\":\"save\"}"}]}
RESULT: undefined
COMMAND: POST /session/16f78b01815a2e3a707cc501cb0afb21/element - {"using":"xpath","value":"//*[@id=\"application-manageresources-display-component---newResourceUnit--createRuButton\"]"}
RESULT: {"using":"xpath","value":"//*[@id=\"application-manageresources-display-component---newResourceUnit--createRuButton\"]"}
COMMAND: POST /session/16f78b01815a2e3a707cc501cb0afb21/element/f.2B12B0EA68CDE32E3DD19BB79ABA46A3.d.DC1098562FC352858E0BE15583C35A6C.e.2928/click - {}
RESULT: {}
COMMAND: GET /session/16f78b01815a2e3a707cc501cb0afb21/screenshot - {}
RESULT: {}
COMMAND: POST /session/16f78b01815a2e3a707cc501cb0afb21/execute/async - {"script":"<script> [1562 bytes]","args":[{"selector":{"controlType":"sap.m.Title","properties":{"text":"Success"},"searchOpenDialogs":true},"wdio_ui5_key":"sapm.Title{\"text\":\"Success\"}"}]}
RESULT: {"script":"<script> [1562 bytes]","args":[{"selector":{"controlType":"sap.m.Title","properties":{"text":"Success"},"searchOpenDialogs":true},"wdio_ui5_key":"sapm.Title{\"text\":\"Success\"}"}]}
RESULT: undefined
COMMAND: POST /session/16f78b01815a2e3a707cc501cb0afb21/execute/async - {"script":"<script> [6424 bytes]","args":[{"element-6066-11e4-a52e-4f735466cecf":"f.2B12B0EA68CDE32E3DD19BB79ABA46A3.d.DC1098562FC352858E0BE15583C35A6C.e.3013"},"getText",[]]}
RESULT: {"script":"<script> [6424 bytes]","args":[{"element-6066-11e4-a52e-4f735466cecf":"f.2B12B0EA68CDE32E3DD19BB79ABA46A3.d.DC1098562FC352858E0BE15583C35A6C.e.3013"},"getText",[]]}
COMMAND: POST /session/16f78b01815a2e3a707cc501cb0afb21/element - {"using":"xpath","value":"//*[contains(@id, '__text') and (contains(text(), 'successfully created') or contains(., 'successfully created'))]"}
RESULT: {"using":"xpath","value":"//*[contains(@id, '__text') and (contains(text(), 'successfully created') or contains(., 'successfully created'))]"}
COMMAND: GET /session/16f78b01815a2e3a707cc501cb0afb21/element/f.2B12B0EA68CDE32E3DD19BB79ABA46A3.d.DC1098562FC352858E0BE15583C35A6C.e.3011/text - {}
RESULT: {}
COMMAND: POST /session/16f78b01815a2e3a707cc501cb0afb21/execute/async - {"script":"<script> [1562 bytes]","args":[{"selector":{"controlType":"sap.m.Button","properties":{"text":"Close"},"searchOpenDialogs":true,"interaction":{"idSuffix":"BDI-content"}},"wdio_ui5_key":"sapm.Button{\"text\":\"Close\"}"}]}
RESULT: {"script":"<script> [1562 bytes]","args":[{"selector":{"controlType":"sap.m.Button","properties":{"text":"Close"},"searchOpenDialogs":true,"interaction":{"idSuffix":"BDI-content"}},"wdio_ui5_key":"sapm.Button{\"text\":\"Close\"}"}]}
RESULT: undefined
COMMAND: POST /session/16f78b01815a2e3a707cc501cb0afb21/element - {"using":"xpath","value":"//*[@id=\"__mbox-btn-0\"]"}
RESULT: {"using":"xpath","value":"//*[@id=\"__mbox-btn-0\"]"}
COMMAND: POST /session/16f78b01815a2e3a707cc501cb0afb21/element/f.2B12B0EA68CDE32E3DD19BB79ABA46A3.d.DC1098562FC352858E0BE15583C35A6C.e.3010/click - {}
RESULT: {}
COMMAND: GET /session/16f78b01815a2e3a707cc501cb0afb21/screenshot - {}
RESULT: {}
COMMAND: POST /session/16f78b01815a2e3a707cc501cb0afb21/execute/async - {"script":"<script> [1562 bytes]","args":[{"selector":{"controlType":"sap.ui.core.Icon","viewName":"etm.portal.ui.manageresources.view.Detail","viewId":"application-manageresources-display-component---detailRU","properties":{"src":{"regex":{"source":"overflow"}}}},"wdio_ui5_key":"etmportal.ui.manageresources.view.Detailsap.ui.core.Icon{\"src\":{\"regex\":{\"source\":\"overflow\"}}}"}]}
RESULT: {"script":"<script> [1562 bytes]","args":[{"selector":{"controlType":"sap.ui.core.Icon","viewName":"etm.portal.ui.manageresources.view.Detail","viewId":"application-manageresources-display-component---detailRU","properties":{"src":{"regex":{"source":"overflow"}}}},"wdio_ui5_key":"etmportal.ui.manageresources.view.Detailsap.ui.core.Icon{\"src\":{\"regex\":{\"source\":\"overflow\"}}}"}]}
RESULT: undefined
COMMAND: POST /session/16f78b01815a2e3a707cc501cb0afb21/element - {"using":"xpath","value":"//*[@id=\"__title31-_actionsToolbar-overflowButton-img\"]"}
RESULT: {"using":"xpath","value":"//*[@id=\"__title31-_actionsToolbar-overflowButton-img\"]"}
COMMAND: POST /session/16f78b01815a2e3a707cc501cb0afb21/element/f.2B12B0EA68CDE32E3DD19BB79ABA46A3.d.DC1098562FC352858E0BE15583C35A6C.e.3040/click - {}
RESULT: {}
COMMAND: POST /session/16f78b01815a2e3a707cc501cb0afb21/execute/async - {"script":"<script> [1562 bytes]","args":[{"selector":{"controlType":"sap.m.Button","viewName":"etm.portal.ui.manageresources.view.Detail","viewId":"application-manageresources-display-component---detailRU","i18NText":{"propertyName":"tooltip","key":"closeColumn"},"searchOpenDialogs":true,"interaction":{"idSuffix":"inner"}},"wdio_ui5_key":"etmportal.ui.manageresources.view.Detailsap.m.Button{\"propertyName\":\"tooltip\",\"key\":\"closeColumn\"}"}]}
COMMAND: GET /session/16f78b01815a2e3a707cc501cb0afb21/screenshot - {}
RESULT: {"script":"<script> [1562 bytes]","args":[{"selector":{"controlType":"sap.m.Button","viewName":"etm.portal.ui.manageresources.view.Detail","viewId":"application-manageresources-display-component---detailRU","i18NText":{"propertyName":"tooltip","key":"closeColumn"},"searchOpenDialogs":true,"interaction":{"idSuffix":"inner"}},"wdio_ui5_key":"etmportal.ui.manageresources.view.Detailsap.m.Button{\"propertyName\":\"tooltip\",\"key\":\"closeColumn\"}"}]}
RESULT: undefined
COMMAND: POST /session/16f78b01815a2e3a707cc501cb0afb21/element - {"using":"xpath","value":"//*[@id=\"__button137\"]"}
RESULT: {}
RESULT: {"using":"xpath","value":"//*[@id=\"__button137\"]"}
COMMAND: POST /session/16f78b01815a2e3a707cc501cb0afb21/element/f.2B12B0EA68CDE32E3DD19BB79ABA46A3.d.DC1098562FC352858E0BE15583C35A6C.e.3042/click - {}
RESULT: {}
COMMAND: GET /session/16f78b01815a2e3a707cc501cb0afb21/screenshot - {}
RESULT: {}
COMMAND: POST /session/16f78b01815a2e3a707cc501cb0afb21/refresh - {}
RESULT: {}
COMMAND: GET /session/16f78b01815a2e3a707cc501cb0afb21/screenshot - {}
RESULT: {}
COMMAND: POST /session/16f78b01815a2e3a707cc501cb0afb21/execute/async - {"script":"<script> [189 bytes]","args":[]}
RESULT: {"script":"<script> [189 bytes]","args":[]}
COMMAND: POST /session/16f78b01815a2e3a707cc501cb0afb21/execute/async - {"script":"<script> [123 bytes]","args":[]}
RESULT: {"script":"<script> [123 bytes]","args":[]}
COMMAND: POST /session/16f78b01815a2e3a707cc501cb0afb21/timeouts - {"script":"<number>"}
RESULT: {"script":"<number>"}
COMMAND: GET /session/16f78b01815a2e3a707cc501cb0afb21/timeouts - {}
RESULT: {}
RESULT: undefined
COMMAND: POST /session/16f78b01815a2e3a707cc501cb0afb21/execute/async - {"script":"<script> [2676 bytes]","args":[]}
RESULT: {"script":"<script> [2676 bytes]","args":[]}
COMMAND: POST /session/16f78b01815a2e3a707cc501cb0afb21/execute/async - {"script":"<script> [2342 bytes]","args":[{"protocol":"http","hostname":"0.0.0.0","path":"/","capabilities":{"browserName":"chrome","goog:chromeOptions":{"binary":"C:\\Program Files\\Google\\Chrome\\Application\\chrome.exe","args":["--start-maximized"]}},"logLevel":"warn","connectionRetryTimeout":120000,"connectionRetryCount":3,"logLevels":{},"enableDirectConnect":true,"strictSSL":true,"_":"65 more keys: [\"cacheDir\",\"port\",\"requestedCapabilities\",\"automationProtocol\",\"baseUrl\",\"waitforInterval\",\"waitforTimeout\",\"onReload\",\"beforeCommand\",\"afterCommand\",\"rootDir\",\"specs\",\"suites\",\"exclude\",\"groupLogsByTestSpec\",\"excludeDriverLogs\",\"bail\",\"framework\",\"reporters\",\"services\",\"maxInstances\",\"maxInstancesPerCapability\",\"injectGlobals\",\"filesToWatch\",\"execArgv\",\"runnerEnv\",\"runner\",\"shard\",\"specFileRetries\",\"specFileRetriesDelay\",\"specFileRetriesDeferred\",\"reporterSyncInterval\",\"reporterSyncTimeout\",\"cucumberFeaturesWithLineNumbers\",\"autoCompileOpts\",\"mochaOpts\",\"jasmineOpts\",\"cucumberOpts\",\"onPrepare\",\"onWorkerStart\",\"onWorkerEnd\",\"before\",\"beforeSession\",\"beforeSuite\",\"beforeHook\",\"beforeTest\",\"afterTest\",\"afterHook\",\"afterSuite\",\"afterSession\",\"after\",\"onComplete\",\"beforeAssertion\",\"afterAssertion\",\"beforeFeature\",\"beforeScenario\",\"beforeStep\",\"afterStep\",\"afterScenario\",\"afterFeature\",\"_\",\"suite\",\"$0\",\"ignoredWorkerServices\",\"wdi5\"]"}]}
RESULT: {"script":"<script> [2342 bytes]","args":[{"protocol":"http","hostname":"0.0.0.0","path":"/","capabilities":{"browserName":"chrome","goog:chromeOptions":{"binary":"C:\\Program Files\\Google\\Chrome\\Application\\chrome.exe","args":["--start-maximized"]}},"logLevel":"warn","connectionRetryTimeout":120000,"connectionRetryCount":3,"logLevels":{},"enableDirectConnect":true,"strictSSL":true,"_":"65 more keys: [\"cacheDir\",\"port\",\"requestedCapabilities\",\"automationProtocol\",\"baseUrl\",\"waitforInterval\",\"waitforTimeout\",\"onReload\",\"beforeCommand\",\"afterCommand\",\"rootDir\",\"specs\",\"suites\",\"exclude\",\"groupLogsByTestSpec\",\"excludeDriverLogs\",\"bail\",\"framework\",\"reporters\",\"services\",\"maxInstances\",\"maxInstancesPerCapability\",\"injectGlobals\",\"filesToWatch\",\"execArgv\",\"runnerEnv\",\"runner\",\"shard\",\"specFileRetries\",\"specFileRetriesDelay\",\"specFileRetriesDeferred\",\"reporterSyncInterval\",\"reporterSyncTimeout\",\"cucumberFeaturesWithLineNumbers\",\"autoCompileOpts\",\"mochaOpts\",\"jasmineOpts\",\"cucumberOpts\",\"onPrepare\",\"onWorkerStart\",\"onWorkerEnd\",\"before\",\"beforeSession\",\"beforeSuite\",\"beforeHook\",\"beforeTest\",\"afterTest\",\"afterHook\",\"afterSuite\",\"afterSession\",\"after\",\"onComplete\",\"beforeAssertion\",\"afterAssertion\",\"beforeFeature\",\"beforeScenario\",\"beforeStep\",\"afterStep\",\"afterScenario\",\"afterFeature\",\"_\",\"suite\",\"$0\",\"ignoredWorkerServices\",\"wdi5\"]"}]}
COMMAND: POST /session/16f78b01815a2e3a707cc501cb0afb21/execute/async - {"script":"<script> [21126 bytes]","args":[35000]}
RESULT: {"script":"<script> [21126 bytes]","args":[35000]}
COMMAND: POST /session/16f78b01815a2e3a707cc501cb0afb21/element - {"using":"css selector","value":"#shell-header-logo"}
RESULT: {"using":"css selector","value":"#shell-header-logo"}
COMMAND: POST /session/16f78b01815a2e3a707cc501cb0afb21/element/f.2B12B0EA68CDE32E3DD19BB79ABA46A3.d.AA2602430D2B14646B57C448FF39AFC4.e.3123/click - {}
RESULT: {}
COMMAND: GET /session/16f78b01815a2e3a707cc501cb0afb21/screenshot - {}
RESULT: {}
COMMAND: POST /session/16f78b01815a2e3a707cc501cb0afb21/execute/async - {"script":"<script> [1562 bytes]","args":[{"selector":{"controlType":"sap.m.GenericTile","properties":{"header":"Manage Resources"}},"wdio_ui5_key":"sapm.GenericTile{\"header\":\"Manage Resources\"}"}]}
RESULT: {"script":"<script> [1562 bytes]","args":[{"selector":{"controlType":"sap.m.GenericTile","properties":{"header":"Manage Resources"}},"wdio_ui5_key":"sapm.GenericTile{\"header\":\"Manage Resources\"}"}]}
RESULT: undefined
COMMAND: POST /session/16f78b01815a2e3a707cc501cb0afb21/element - {"using":"xpath","value":"//*[@id=\"__tile39\"]"}
RESULT: {"using":"xpath","value":"//*[@id=\"__tile39\"]"}
COMMAND: POST /session/16f78b01815a2e3a707cc501cb0afb21/element/f.2B12B0EA68CDE32E3DD19BB79ABA46A3.d.AA2602430D2B14646B57C448FF39AFC4.e.3305/click - {}
RESULT: {}
COMMAND: GET /session/16f78b01815a2e3a707cc501cb0afb21/screenshot - {}
RESULT: {}
COMMAND: POST /session/16f78b01815a2e3a707cc501cb0afb21/elements - {"using":"xpath","value":"//span[text()='Error']"}
RESULT: {"using":"xpath","value":"//span[text()='Error']"}
COMMAND: POST /session/16f78b01815a2e3a707cc501cb0afb21/element - {"using":"xpath","value":"//button[@data-kt=\"addNewRUOverflowToolbarButton\"]"}
RESULT: {"using":"xpath","value":"//button[@data-kt=\"addNewRUOverflowToolbarButton\"]"}
COMMAND: POST /session/16f78b01815a2e3a707cc501cb0afb21/execute/sync - {"script":"<script> [8489 bytes]","args":[{"element-6066-11e4-a52e-4f735466cecf":"f.2B12B0EA68CDE32E3DD19BB79ABA46A3.d.AA2602430D2B14646B57C448FF39AFC4.e.3337","ELEMENT":"f.2B12B0EA68CDE32E3DD19BB79ABA46A3.d.AA2602430D2B14646B57C448FF39AFC4.e.3337"}]}
RESULT: {"script":"<script> [8489 bytes]","args":[{"element-6066-11e4-a52e-4f735466cecf":"f.2B12B0EA68CDE32E3DD19BB79ABA46A3.d.AA2602430D2B14646B57C448FF39AFC4.e.3337","ELEMENT":"f.2B12B0EA68CDE32E3DD19BB79ABA46A3.d.AA2602430D2B14646B57C448FF39AFC4.e.3337"}]}
COMMAND: POST /session/16f78b01815a2e3a707cc501cb0afb21/element/f.2B12B0EA68CDE32E3DD19BB79ABA46A3.d.AA2602430D2B14646B57C448FF39AFC4.e.3337/click - {}
COMMAND: GET /session/16f78b01815a2e3a707cc501cb0afb21/screenshot - {}
RESULT: {}
COMMAND: GET /session/16f78b01815a2e3a707cc501cb0afb21/screenshot - {}
RESULT: {}
RESULT: {}
COMMAND: POST /session/16f78b01815a2e3a707cc501cb0afb21/execute/async - {"script":"<script> [1562 bytes]","args":[{"selector":{"id":"application-manageresources-display-component---newResourceUnit--TYPE-arrow"},"wdio_ui5_key":"applicationmanageresources-display-component---newResourceUnit--TYPE-arrow"}]}
RESULT: {"script":"<script> [1562 bytes]","args":[{"selector":{"id":"application-manageresources-display-component---newResourceUnit--TYPE-arrow"},"wdio_ui5_key":"applicationmanageresources-display-component---newResourceUnit--TYPE-arrow"}]}
RESULT: undefined
COMMAND: POST /session/16f78b01815a2e3a707cc501cb0afb21/element - {"using":"xpath","value":"//*[@id=\"application-manageresources-display-component---newResourceUnit--TYPE-arrow\"]"}
RESULT: {"using":"xpath","value":"//*[@id=\"application-manageresources-display-component---newResourceUnit--TYPE-arrow\"]"}
COMMAND: POST /session/16f78b01815a2e3a707cc501cb0afb21/element/f.2B12B0EA68CDE32E3DD19BB79ABA46A3.d.AA2602430D2B14646B57C448FF39AFC4.e.3397/click - {}
RESULT: {}
COMMAND: POST /session/16f78b01815a2e3a707cc501cb0afb21/execute/async - {"script":"<script> [1562 bytes]","args":[{"selector":{"controlType":"sap.m.StandardListItem","viewName":"reusables.view.manageresources.NewResourceUnit","viewId":"application-manageresources-display-component---newResourceUnit","properties":{"title":"Equipment"},"searchOpenDialogs":true,"interaction":{"idSuffix":"content"}},"wdio_ui5_key":"reusablesview.manageresources.NewResourceUnitsap.m.StandardListItem{\"title\":\"Equipment\"}"}]}
COMMAND: GET /session/16f78b01815a2e3a707cc501cb0afb21/screenshot - {}
RESULT: {"script":"<script> [1562 bytes]","args":[{"selector":{"controlType":"sap.m.StandardListItem","viewName":"reusables.view.manageresources.NewResourceUnit","viewId":"application-manageresources-display-component---newResourceUnit","properties":{"title":"Equipment"},"searchOpenDialogs":true,"interaction":{"idSuffix":"content"}},"wdio_ui5_key":"reusablesview.manageresources.NewResourceUnitsap.m.StandardListItem{\"title\":\"Equipment\"}"}]}
RESULT: undefined
COMMAND: POST /session/16f78b01815a2e3a707cc501cb0afb21/element - {"using":"xpath","value":"//*[@id=\"__item180\"]"}
RESULT: {}
RESULT: {"using":"xpath","value":"//*[@id=\"__item180\"]"}
COMMAND: POST /session/16f78b01815a2e3a707cc501cb0afb21/element/f.2B12B0EA68CDE32E3DD19BB79ABA46A3.d.AA2602430D2B14646B57C448FF39AFC4.e.3400/click - {}
RESULT: {}
COMMAND: POST /session/16f78b01815a2e3a707cc501cb0afb21/execute/async - {"script":"<script> [1562 bytes]","args":[{"selector":{"id":"application-manageresources-display-component---newResourceUnit--resourceId","interaction":{"idSuffix":"inner"}},"wdio_ui5_key":"applicationmanageresources-display-component---newResourceUnit--resourceId"}]}
COMMAND: GET /session/16f78b01815a2e3a707cc501cb0afb21/screenshot - {}
RESULT: {"script":"<script> [1562 bytes]","args":[{"selector":{"id":"application-manageresources-display-component---newResourceUnit--resourceId","interaction":{"idSuffix":"inner"}},"wdio_ui5_key":"applicationmanageresources-display-component---newResourceUnit--resourceId"}]}
RESULT: undefined
COMMAND: POST /session/16f78b01815a2e3a707cc501cb0afb21/execute/async - {"script":"<script> [776 bytes]","args":[{"enterText":"WdIOR2cEquipe32qs","selector":{"id":"application-manageresources-display-component---newResourceUnit--resourceId","interaction":{"idSuffix":"inner"}},"clearTextFirst":true,"interactionType":"ENTER_TEXT"}]}
RESULT: {}
RESULT: {"script":"<script> [776 bytes]","args":[{"enterText":"WdIOR2cEquipe32qs","selector":{"id":"application-manageresources-display-component---newResourceUnit--resourceId","interaction":{"idSuffix":"inner"}},"clearTextFirst":true,"interactionType":"ENTER_TEXT"}]}
COMMAND: POST /session/16f78b01815a2e3a707cc501cb0afb21/execute/async - {"script":"<script> [1562 bytes]","args":[{"selector":{"id":"application-manageresources-display-component---newResourceUnit--SHORT_TEXT","interaction":{"idSuffix":"inner"}},"wdio_ui5_key":"applicationmanageresources-display-component---newResourceUnit--SHORT_TEXT"}]}
RESULT: {"script":"<script> [1562 bytes]","args":[{"selector":{"id":"application-manageresources-display-component---newResourceUnit--SHORT_TEXT","interaction":{"idSuffix":"inner"}},"wdio_ui5_key":"applicationmanageresources-display-component---newResourceUnit--SHORT_TEXT"}]}
RESULT: undefined
COMMAND: POST /session/16f78b01815a2e3a707cc501cb0afb21/execute/async - {"script":"<script> [776 bytes]","args":[{"enterText":"WdIOR2cEquipe32qs","selector":{"id":"application-manageresources-display-component---newResourceUnit--SHORT_TEXT","interaction":{"idSuffix":"inner"}},"clearTextFirst":true,"interactionType":"ENTER_TEXT"}]}
RESULT: {"script":"<script> [776 bytes]","args":[{"enterText":"WdIOR2cEquipe32qs","selector":{"id":"application-manageresources-display-component---newResourceUnit--SHORT_TEXT","interaction":{"idSuffix":"inner"}},"clearTextFirst":true,"interactionType":"ENTER_TEXT"}]}
COMMAND: POST /session/16f78b01815a2e3a707cc501cb0afb21/execute/async - {"script":"<script> [1562 bytes]","args":[{"selector":{"id":"application-manageresources-display-component---newResourceUnit--BASE_UNIT_OF_MEASURE","interaction":{"idSuffix":"inner"}},"wdio_ui5_key":"applicationmanageresources-display-component---newResourceUnit--BASE_UNIT_OF_MEASURE"}]}
RESULT: {"script":"<script> [1562 bytes]","args":[{"selector":{"id":"application-manageresources-display-component---newResourceUnit--BASE_UNIT_OF_MEASURE","interaction":{"idSuffix":"inner"}},"wdio_ui5_key":"applicationmanageresources-display-component---newResourceUnit--BASE_UNIT_OF_MEASURE"}]}
RESULT: undefined
COMMAND: POST /session/16f78b01815a2e3a707cc501cb0afb21/execute/async - {"script":"<script> [776 bytes]","args":[{"enterText":"Piece","selector":{"id":"application-manageresources-display-component---newResourceUnit--BASE_UNIT_OF_MEASURE","interaction":{"idSuffix":"inner"}},"clearTextFirst":true,"interactionType":"ENTER_TEXT"}]}
RESULT: {"script":"<script> [776 bytes]","args":[{"enterText":"Piece","selector":{"id":"application-manageresources-display-component---newResourceUnit--BASE_UNIT_OF_MEASURE","interaction":{"idSuffix":"inner"}},"clearTextFirst":true,"interactionType":"ENTER_TEXT"}]}
COMMAND: POST /session/16f78b01815a2e3a707cc501cb0afb21/execute/async - {"script":"<script> [1562 bytes]","args":[{"selector":{"id":"application-manageresources-display-component---newResourceUnit--WEIGHT_UNIT","interaction":{"idSuffix":"inner"}},"wdio_ui5_key":"applicationmanageresources-display-component---newResourceUnit--WEIGHT_UNIT"}]}
RESULT: {"script":"<script> [1562 bytes]","args":[{"selector":{"id":"application-manageresources-display-component---newResourceUnit--WEIGHT_UNIT","interaction":{"idSuffix":"inner"}},"wdio_ui5_key":"applicationmanageresources-display-component---newResourceUnit--WEIGHT_UNIT"}]}
RESULT: undefined
COMMAND: POST /session/16f78b01815a2e3a707cc501cb0afb21/execute/async - {"script":"<script> [776 bytes]","args":[{"enterText":"Gram","selector":{"id":"application-manageresources-display-component---newResourceUnit--WEIGHT_UNIT","interaction":{"idSuffix":"inner"}},"clearTextFirst":true,"interactionType":"ENTER_TEXT"}]}
RESULT: {"script":"<script> [776 bytes]","args":[{"enterText":"Gram","selector":{"id":"application-manageresources-display-component---newResourceUnit--WEIGHT_UNIT","interaction":{"idSuffix":"inner"}},"clearTextFirst":true,"interactionType":"ENTER_TEXT"}]}
COMMAND: POST /session/16f78b01815a2e3a707cc501cb0afb21/execute/async - {"script":"<script> [1562 bytes]","args":[{"selector":{"id":"application-manageresources-display-component---newResourceUnit--newRRUPage-OPHeaderContent-collapseBtn-img"},"wdio_ui5_key":"applicationmanageresources-display-component---newResourceUnit--newRRUPage-OPHeaderContent-collapseBtn-img"}]}
RESULT: {"script":"<script> [1562 bytes]","args":[{"selector":{"id":"application-manageresources-display-component---newResourceUnit--newRRUPage-OPHeaderContent-collapseBtn-img"},"wdio_ui5_key":"applicationmanageresources-display-component---newResourceUnit--newRRUPage-OPHeaderContent-collapseBtn-img"}]}
RESULT: undefined
COMMAND: POST /session/16f78b01815a2e3a707cc501cb0afb21/element - {"using":"xpath","value":"//*[@id=\"application-manageresources-display-component---newResourceUnit--newRRUPage-OPHeaderContent-collapseBtn-img\"]"}
RESULT: {"using":"xpath","value":"//*[@id=\"application-manageresources-display-component---newResourceUnit--newRRUPage-OPHeaderContent-collapseBtn-img\"]"}
COMMAND: POST /session/16f78b01815a2e3a707cc501cb0afb21/element/f.2B12B0EA68CDE32E3DD19BB79ABA46A3.d.AA2602430D2B14646B57C448FF39AFC4.e.3408/click - {}
RESULT: {}
COMMAND: GET /session/16f78b01815a2e3a707cc501cb0afb21/screenshot - {}
RESULT: {}
COMMAND: POST /session/16f78b01815a2e3a707cc501cb0afb21/element - {"using":"xpath","value":"(//span[contains(@id ,\"application-manageresources-display-component---newResourceUnit--DIMENSION_UNIT-arrow\")])[1]"}
RESULT: {"using":"xpath","value":"(//span[contains(@id ,\"application-manageresources-display-component---newResourceUnit--DIMENSION_UNIT-arrow\")])[1]"}
COMMAND: POST /session/16f78b01815a2e3a707cc501cb0afb21/element/f.2B12B0EA68CDE32E3DD19BB79ABA46A3.d.AA2602430D2B14646B57C448FF39AFC4.e.3530/click - {}
RESULT: {}
COMMAND: GET /session/16f78b01815a2e3a707cc501cb0afb21/screenshot - {}
RESULT: {}
COMMAND: POST /session/16f78b01815a2e3a707cc501cb0afb21/execute/async - {"script":"<script> [1562 bytes]","args":[{"selector":{"controlType":"sap.m.StandardListItem","viewName":"reusables.view.manageresources.NewResourceUnit","viewId":"application-manageresources-display-component---newResourceUnit","properties":{"title":"Centimeter"},"searchOpenDialogs":true,"interaction":{"idSuffix":"titleText"}},"wdio_ui5_key":"reusablesview.manageresources.NewResourceUnitsap.m.StandardListItem{\"title\":\"Centimeter\"}"}]}
RESULT: {"script":"<script> [1562 bytes]","args":[{"selector":{"controlType":"sap.m.StandardListItem","viewName":"reusables.view.manageresources.NewResourceUnit","viewId":"application-manageresources-display-component---newResourceUnit","properties":{"title":"Centimeter"},"searchOpenDialogs":true,"interaction":{"idSuffix":"titleText"}},"wdio_ui5_key":"reusablesview.manageresources.NewResourceUnitsap.m.StandardListItem{\"title\":\"Centimeter\"}"}]}
RESULT: undefined
COMMAND: POST /session/16f78b01815a2e3a707cc501cb0afb21/element - {"using":"xpath","value":"//*[@id=\"__item221\"]"}
RESULT: {"using":"xpath","value":"//*[@id=\"__item221\"]"}
COMMAND: POST /session/16f78b01815a2e3a707cc501cb0afb21/element/f.2B12B0EA68CDE32E3DD19BB79ABA46A3.d.AA2602430D2B14646B57C448FF39AFC4.e.3534/click - {}
RESULT: {}
COMMAND: GET /session/16f78b01815a2e3a707cc501cb0afb21/screenshot - {}
RESULT: {}
COMMAND: POST /session/16f78b01815a2e3a707cc501cb0afb21/execute/async - {"script":"<script> [1562 bytes]","args":[{"selector":{"id":"application-manageresources-display-component---newResourceUnit--newRRUPage-anchBar-application-manageresources-display-component---newResourceUnit--control-anchor","interaction":{"idSuffix":"BDI-content"}},"wdio_ui5_key":"applicationmanageresources-display-component---newResourceUnit--newRRUPage-anchBar-application-manageresources-display-component---newResourceUnit--control-anchor"}]}
RESULT: {"script":"<script> [1562 bytes]","args":[{"selector":{"id":"application-manageresources-display-component---newResourceUnit--newRRUPage-anchBar-application-manageresources-display-component---newResourceUnit--control-anchor","interaction":{"idSuffix":"BDI-content"}},"wdio_ui5_key":"applicationmanageresources-display-component---newResourceUnit--newRRUPage-anchBar-application-manageresources-display-component---newResourceUnit--control-anchor"}]}
RESULT: undefined
COMMAND: POST /session/16f78b01815a2e3a707cc501cb0afb21/element - {"using":"xpath","value":"//*[@id=\"application-manageresources-display-component---newResourceUnit--newRRUPage-anchBar-application-manageresources-display-component---newResourceUnit--control-anchor\"]"}
RESULT: {"using":"xpath","value":"//*[@id=\"application-manageresources-display-component---newResourceUnit--newRRUPage-anchBar-application-manageresources-display-component---newResourceUnit--control-anchor\"]"}
COMMAND: POST /session/16f78b01815a2e3a707cc501cb0afb21/element/f.2B12B0EA68CDE32E3DD19BB79ABA46A3.d.AA2602430D2B14646B57C448FF39AFC4.e.3536/click - {}
RESULT: {}
COMMAND: POST /session/16f78b01815a2e3a707cc501cb0afb21/execute/async - {"script":"<script> [1562 bytes]","args":[{"selector":{"id":"application-manageresources-display-component---newResourceUnit--PLANNING_GROUP","interaction":{"idSuffix":"inner"}},"wdio_ui5_key":"applicationmanageresources-display-component---newResourceUnit--PLANNING_GROUP"}]}
COMMAND: GET /session/16f78b01815a2e3a707cc501cb0afb21/screenshot - {}
RESULT: {"script":"<script> [1562 bytes]","args":[{"selector":{"id":"application-manageresources-display-component---newResourceUnit--PLANNING_GROUP","interaction":{"idSuffix":"inner"}},"wdio_ui5_key":"applicationmanageresources-display-component---newResourceUnit--PLANNING_GROUP"}]}
RESULT: undefined
COMMAND: POST /session/16f78b01815a2e3a707cc501cb0afb21/execute/async - {"script":"<script> [776 bytes]","args":[{"enterText":"Heavy Equi","selector":{"id":"application-manageresources-display-component---newResourceUnit--PLANNING_GROUP","interaction":{"idSuffix":"inner"}},"clearTextFirst":true,"interactionType":"ENTER_TEXT"}]}
RESULT: {}
RESULT: {"script":"<script> [776 bytes]","args":[{"enterText":"Heavy Equi","selector":{"id":"application-manageresources-display-component---newResourceUnit--PLANNING_GROUP","interaction":{"idSuffix":"inner"}},"clearTextFirst":true,"interactionType":"ENTER_TEXT"}]}
COMMAND: POST /session/16f78b01815a2e3a707cc501cb0afb21/execute/async - {"script":"<script> [1562 bytes]","args":[{"selector":{"id":"application-manageresources-display-component---newResourceUnit--ITEM_TYPE-arrow"},"wdio_ui5_key":"applicationmanageresources-display-component---newResourceUnit--ITEM_TYPE-arrow"}]}
RESULT: {"script":"<script> [1562 bytes]","args":[{"selector":{"id":"application-manageresources-display-component---newResourceUnit--ITEM_TYPE-arrow"},"wdio_ui5_key":"applicationmanageresources-display-component---newResourceUnit--ITEM_TYPE-arrow"}]}
RESULT: undefined
COMMAND: POST /session/16f78b01815a2e3a707cc501cb0afb21/element - {"using":"xpath","value":"//*[@id=\"application-manageresources-display-component---newResourceUnit--ITEM_TYPE-arrow\"]"}
RESULT: {"using":"xpath","value":"//*[@id=\"application-manageresources-display-component---newResourceUnit--ITEM_TYPE-arrow\"]"}
COMMAND: POST /session/16f78b01815a2e3a707cc501cb0afb21/element/f.2B12B0EA68CDE32E3DD19BB79ABA46A3.d.AA2602430D2B14646B57C448FF39AFC4.e.3541/click - {}
RESULT: {}
COMMAND: POST /session/16f78b01815a2e3a707cc501cb0afb21/execute/async - {"script":"<script> [1562 bytes]","args":[{"selector":{"controlType":"sap.m.StandardListItem","viewName":"reusables.view.manageresources.NewResourceUnit","viewId":"application-manageresources-display-component---newResourceUnit","properties":{"title":"Resource Unit"},"searchOpenDialogs":true,"interaction":{"idSuffix":"titleText"}},"wdio_ui5_key":"reusablesview.manageresources.NewResourceUnitsap.m.StandardListItem{\"title\":\"Resource Unit\"}"}]}
COMMAND: GET /session/16f78b01815a2e3a707cc501cb0afb21/screenshot - {}
RESULT: {"script":"<script> [1562 bytes]","args":[{"selector":{"controlType":"sap.m.StandardListItem","viewName":"reusables.view.manageresources.NewResourceUnit","viewId":"application-manageresources-display-component---newResourceUnit","properties":{"title":"Resource Unit"},"searchOpenDialogs":true,"interaction":{"idSuffix":"titleText"}},"wdio_ui5_key":"reusablesview.manageresources.NewResourceUnitsap.m.StandardListItem{\"title\":\"Resource Unit\"}"}]}
RESULT: undefined
COMMAND: POST /session/16f78b01815a2e3a707cc501cb0afb21/element - {"using":"xpath","value":"//*[@id=\"__item243\"]"}
RESULT: {}
RESULT: {"using":"xpath","value":"//*[@id=\"__item243\"]"}
COMMAND: POST /session/16f78b01815a2e3a707cc501cb0afb21/element/f.2B12B0EA68CDE32E3DD19BB79ABA46A3.d.AA2602430D2B14646B57C448FF39AFC4.e.3543/click - {}
RESULT: {}
COMMAND: POST /session/16f78b01815a2e3a707cc501cb0afb21/element - {"using":"xpath","value":"//bdi[contains(text(), \"Time Segment\")]"}
COMMAND: GET /session/16f78b01815a2e3a707cc501cb0afb21/screenshot - {}
RESULT: {"using":"xpath","value":"//bdi[contains(text(), \"Time Segment\")]"}
COMMAND: GET /session/16f78b01815a2e3a707cc501cb0afb21/element/f.2B12B0EA68CDE32E3DD19BB79ABA46A3.d.AA2602430D2B14646B57C448FF39AFC4.e.3544/rect - {}
RESULT: {}
RESULT: {}
COMMAND: GET /session/16f78b01815a2e3a707cc501cb0afb21/window/rect - {}
RESULT: {}
COMMAND: POST /session/16f78b01815a2e3a707cc501cb0afb21/execute/sync - {"script":"<script> [92 bytes]","args":[]}
RESULT: {"script":"<script> [92 bytes]","args":[]}
COMMAND: POST /session/16f78b01815a2e3a707cc501cb0afb21/actions - {"actions":[{"id":"action7","type":"wheel","parameters":{},"actions":[{"type":"scroll","x":-1820,"y":-21,"deltaX":0,"deltaY":0,"duration":0,"origin":{"element-6066-11e4-a52e-4f735466cecf":"f.2B12B0EA68CDE32E3DD19BB79ABA46A3.d.AA2602430D2B14646B57C448FF39AFC4.e.3544"}}]}]}
COMMAND: GET /session/16f78b01815a2e3a707cc501cb0afb21/screenshot - {}
RESULT: {}
COMMAND: POST /session/16f78b01815a2e3a707cc501cb0afb21/execute/sync - {"script":"<script> [79 bytes]","args":[{"element-6066-11e4-a52e-4f735466cecf":"f.2B12B0EA68CDE32E3DD19BB79ABA46A3.d.AA2602430D2B14646B57C448FF39AFC4.e.3544","ELEMENT":"f.2B12B0EA68CDE32E3DD19BB79ABA46A3.d.AA2602430D2B14646B57C448FF39AFC4.e.3544"},{"block":"start","inline":"nearest"}]}
RESULT: {"script":"<script> [79 bytes]","args":[{"element-6066-11e4-a52e-4f735466cecf":"f.2B12B0EA68CDE32E3DD19BB79ABA46A3.d.AA2602430D2B14646B57C448FF39AFC4.e.3544","ELEMENT":"f.2B12B0EA68CDE32E3DD19BB79ABA46A3.d.AA2602430D2B14646B57C448FF39AFC4.e.3544"},{"block":"start","inline":"nearest"}]}
COMMAND: POST /session/16f78b01815a2e3a707cc501cb0afb21/execute/async - {"script":"<script> [1562 bytes]","args":[{"selector":{"id":"application-manageresources-display-component---newResourceUnit--btnAddTimeSegment-img"},"wdio_ui5_key":"applicationmanageresources-display-component---newResourceUnit--btnAddTimeSegment-img"}]}
COMMAND: GET /session/16f78b01815a2e3a707cc501cb0afb21/screenshot - {}
RESULT: {"script":"<script> [1562 bytes]","args":[{"selector":{"id":"application-manageresources-display-component---newResourceUnit--btnAddTimeSegment-img"},"wdio_ui5_key":"applicationmanageresources-display-component---newResourceUnit--btnAddTimeSegment-img"}]}
RESULT: undefined
COMMAND: POST /session/16f78b01815a2e3a707cc501cb0afb21/element - {"using":"xpath","value":"//*[@id=\"application-manageresources-display-component---newResourceUnit--btnAddTimeSegment-img\"]"}
RESULT: {}
RESULT: {"using":"xpath","value":"//*[@id=\"application-manageresources-display-component---newResourceUnit--btnAddTimeSegment-img\"]"}
COMMAND: POST /session/16f78b01815a2e3a707cc501cb0afb21/element/f.2B12B0EA68CDE32E3DD19BB79ABA46A3.d.AA2602430D2B14646B57C448FF39AFC4.e.3547/click - {}
RESULT: {}
COMMAND: GET /session/16f78b01815a2e3a707cc501cb0afb21/screenshot - {}
RESULT: {}
COMMAND: POST /session/16f78b01815a2e3a707cc501cb0afb21/element - {"using":"xpath","value":"//input[@id=\"application-manageresources-display-component---newResourceUnit--idRuTSAdmin-application-manageresources-display-component---newResourceUnit--RUTimeSegment-0-inner\"]"}
RESULT: {"using":"xpath","value":"//input[@id=\"application-manageresources-display-component---newResourceUnit--idRuTSAdmin-application-manageresources-display-component---newResourceUnit--RUTimeSegment-0-inner\"]"}
COMMAND: POST /session/16f78b01815a2e3a707cc501cb0afb21/element/f.2B12B0EA68CDE32E3DD19BB79ABA46A3.d.AA2602430D2B14646B57C448FF39AFC4.e.3551/clear - {}
RESULT: {}
COMMAND: POST /session/16f78b01815a2e3a707cc501cb0afb21/element/f.2B12B0EA68CDE32E3DD19BB79ABA46A3.d.AA2602430D2B14646B57C448FF39AFC4.e.3551/value - {"text":"WebdriverYard4x4mo"}
COMMAND: GET /session/16f78b01815a2e3a707cc501cb0afb21/screenshot - {}
RESULT: {"text":"WebdriverYard4x4mo"}
COMMAND: GET /session/16f78b01815a2e3a707cc501cb0afb21/screenshot - {}
RESULT: {}
RESULT: {}
COMMAND: POST /session/16f78b01815a2e3a707cc501cb0afb21/actions - {"actions":[{"id":"action8","type":"key","parameters":{},"actions":[{"type":"keyDown","value":"î€‡"},{"type":"pause","duration":10},{"type":"keyUp","value":"î€‡"}]}]}
RESULT: {"actions":[{"id":"action8","type":"key","parameters":{},"actions":[{"type":"keyDown","value":"î€‡"},{"type":"pause","duration":10},{"type":"keyUp","value":"î€‡"}]}]}
COMMAND: POST /session/16f78b01815a2e3a707cc501cb0afb21/execute/async - {"script":"<script> [1562 bytes]","args":[{"selector":{"controlType":"sap.ui.core.Icon","viewName":"reusables.view.manageresources.NewResourceUnit","viewId":"application-manageresources-display-component---newResourceUnit","properties":{"src":{"regex":{"source":"slim\\-arrow\\-down"}}},"ancestor":{"controlType":"sap.m.ComboBox","viewName":"reusables.view.manageresources.NewResourceUnit","viewId":"application-manageresources-display-component---newResourceUnit","bindingPath":{"path":"/RESOURCE_UNIT_TIME_SEQUENCES/0","propertyPath":"COST_OBJECT_ADMIN_CST_TYPE","modelName":"oNewRruModel"}}},"wdio_ui5_key":"reusablesview.manageresources.NewResourceUnitsap.ui.core.Icon{\"src\":{\"regex\":{\"source\":\"slim\\\\-arrow\\\\-down\"}}}{\"controlType\":\"sap.m.ComboBox\",\"viewName\":\"reusables.view.manageresources.NewResourceUnit\",\"viewId\":\"application-manageresources-display-component---newResourceUnit\",\"bindingPath\":{\"path\":\"/RESOURCE_UNIT_TIME_SEQUENCES/0\",\"propertyPath\":\"COST_OBJECT_ADMIN_CST_TYPE\",\"modelName\":\"oNewRruModel\"}}"}]}
COMMAND: GET /session/16f78b01815a2e3a707cc501cb0afb21/screenshot - {}
RESULT: {"script":"<script> [1562 bytes]","args":[{"selector":{"controlType":"sap.ui.core.Icon","viewName":"reusables.view.manageresources.NewResourceUnit","viewId":"application-manageresources-display-component---newResourceUnit","properties":{"src":{"regex":{"source":"slim\\-arrow\\-down"}}},"ancestor":{"controlType":"sap.m.ComboBox","viewName":"reusables.view.manageresources.NewResourceUnit","viewId":"application-manageresources-display-component---newResourceUnit","bindingPath":{"path":"/RESOURCE_UNIT_TIME_SEQUENCES/0","propertyPath":"COST_OBJECT_ADMIN_CST_TYPE","modelName":"oNewRruModel"}}},"wdio_ui5_key":"reusablesview.manageresources.NewResourceUnitsap.ui.core.Icon{\"src\":{\"regex\":{\"source\":\"slim\\\\-arrow\\\\-down\"}}}{\"controlType\":\"sap.m.ComboBox\",\"viewName\":\"reusables.view.manageresources.NewResourceUnit\",\"viewId\":\"application-manageresources-display-component---newResourceUnit\",\"bindingPath\":{\"path\":\"/RESOURCE_UNIT_TIME_SEQUENCES/0\",\"propertyPath\":\"COST_OBJECT_ADMIN_CST_TYPE\",\"modelName\":\"oNewRruModel\"}}"}]}
RESULT: undefined
COMMAND: POST /session/16f78b01815a2e3a707cc501cb0afb21/element - {"using":"xpath","value":"//*[@id=\"__box7-application-manageresources-display-component---newResourceUnit--RUTimeSegment-0-arrow\"]"}
RESULT: {}
RESULT: {"using":"xpath","value":"//*[@id=\"__box7-application-manageresources-display-component---newResourceUnit--RUTimeSegment-0-arrow\"]"}
COMMAND: POST /session/16f78b01815a2e3a707cc501cb0afb21/element/f.2B12B0EA68CDE32E3DD19BB79ABA46A3.d.AA2602430D2B14646B57C448FF39AFC4.e.3563/click - {}
RESULT: {}
COMMAND: POST /session/16f78b01815a2e3a707cc501cb0afb21/execute/async - {"script":"<script> [1562 bytes]","args":[{"selector":{"controlType":"sap.m.StandardListItem","viewName":"reusables.view.manageresources.NewResourceUnit","viewId":"application-manageresources-display-component---newResourceUnit","properties":{"title":"PM Order"},"searchOpenDialogs":true,"interaction":{"idSuffix":"titleText"}},"wdio_ui5_key":"reusablesview.manageresources.NewResourceUnitsap.m.StandardListItem{\"title\":\"PM Order\"}"}]}
COMMAND: GET /session/16f78b01815a2e3a707cc501cb0afb21/screenshot - {}
RESULT: {"script":"<script> [1562 bytes]","args":[{"selector":{"controlType":"sap.m.StandardListItem","viewName":"reusables.view.manageresources.NewResourceUnit","viewId":"application-manageresources-display-component---newResourceUnit","properties":{"title":"PM Order"},"searchOpenDialogs":true,"interaction":{"idSuffix":"titleText"}},"wdio_ui5_key":"reusablesview.manageresources.NewResourceUnitsap.m.StandardListItem{\"title\":\"PM Order\"}"}]}
RESULT: undefined
COMMAND: POST /session/16f78b01815a2e3a707cc501cb0afb21/element - {"using":"xpath","value":"//*[@id=\"__item712\"]"}
RESULT: {}
RESULT: {"using":"xpath","value":"//*[@id=\"__item712\"]"}
COMMAND: POST /session/16f78b01815a2e3a707cc501cb0afb21/element/f.2B12B0EA68CDE32E3DD19BB79ABA46A3.d.AA2602430D2B14646B57C448FF39AFC4.e.3567/click - {}
RESULT: {}
COMMAND: GET /session/16f78b01815a2e3a707cc501cb0afb21/screenshot - {}
RESULT: {}
COMMAND: POST /session/16f78b01815a2e3a707cc501cb0afb21/element - {"using":"xpath","value":"(//input[contains(@id ,\"-application-manageresources-display-component---newResourceUnit--RUTimeSegment-0-inner\")])[8]"}
RESULT: {"using":"xpath","value":"(//input[contains(@id ,\"-application-manageresources-display-component---newResourceUnit--RUTimeSegment-0-inner\")])[8]"}
COMMAND: POST /session/16f78b01815a2e3a707cc501cb0afb21/element/f.2B12B0EA68CDE32E3DD19BB79ABA46A3.d.AA2602430D2B14646B57C448FF39AFC4.e.3570/clear - {}
RESULT: {}
COMMAND: POST /session/16f78b01815a2e3a707cc501cb0afb21/element/f.2B12B0EA68CDE32E3DD19BB79ABA46A3.d.AA2602430D2B14646B57C448FF39AFC4.e.3570/value - {"text":"4000360"}
COMMAND: GET /session/16f78b01815a2e3a707cc501cb0afb21/screenshot - {}
RESULT: {"text":"4000360"}
COMMAND: GET /session/16f78b01815a2e3a707cc501cb0afb21/screenshot - {}
RESULT: {}
RESULT: {}
COMMAND: POST /session/16f78b01815a2e3a707cc501cb0afb21/actions - {"actions":[{"id":"action9","type":"key","parameters":{},"actions":[{"type":"keyDown","value":"î€‡"},{"type":"pause","duration":10},{"type":"keyUp","value":"î€‡"}]}]}
RESULT: {"actions":[{"id":"action9","type":"key","parameters":{},"actions":[{"type":"keyDown","value":"î€‡"},{"type":"pause","duration":10},{"type":"keyUp","value":"î€‡"}]}]}
COMMAND: GET /session/16f78b01815a2e3a707cc501cb0afb21/screenshot - {}
RESULT: {}
COMMAND: POST /session/16f78b01815a2e3a707cc501cb0afb21/element - {"using":"xpath","value":"//input[contains(@id ,\"application-manageresources-display-component---newResourceUnit--newTimeSegmentFromDatePicker-application-manageresources-display-component---newResourceUnit--RUTimeSegment-0-inner\")]"}
RESULT: {"using":"xpath","value":"//input[contains(@id ,\"application-manageresources-display-component---newResourceUnit--newTimeSegmentFromDatePicker-application-manageresources-display-component---newResourceUnit--RUTimeSegment-0-inner\")]"}
COMMAND: POST /session/16f78b01815a2e3a707cc501cb0afb21/element/f.2B12B0EA68CDE32E3DD19BB79ABA46A3.d.AA2602430D2B14646B57C448FF39AFC4.e.3558/clear - {}
RESULT: {}
COMMAND: POST /session/16f78b01815a2e3a707cc501cb0afb21/element/f.2B12B0EA68CDE32E3DD19BB79ABA46A3.d.AA2602430D2B14646B57C448FF39AFC4.e.3558/clear - {}
COMMAND: GET /session/16f78b01815a2e3a707cc501cb0afb21/screenshot - {}
RESULT: {}
COMMAND: POST /session/16f78b01815a2e3a707cc501cb0afb21/element/f.2B12B0EA68CDE32E3DD19BB79ABA46A3.d.AA2602430D2B14646B57C448FF39AFC4.e.3558/value - {"text":"06/19/24"}
COMMAND: GET /session/16f78b01815a2e3a707cc501cb0afb21/screenshot - {}
RESULT: {}
RESULT: {"text":"06/19/24"}
COMMAND: POST /session/16f78b01815a2e3a707cc501cb0afb21/execute/async - {"script":"<script> [1562 bytes]","args":[{"selector":{"id":"application-manageresources-display-component---newResourceUnit--newRRUPage-anchBar-application-manageresources-display-component---newResourceUnit--resource-anchor","interaction":{"idSuffix":"BDI-content"}},"wdio_ui5_key":"applicationmanageresources-display-component---newResourceUnit--newRRUPage-anchBar-application-manageresources-display-component---newResourceUnit--resource-anchor"}]}
COMMAND: GET /session/16f78b01815a2e3a707cc501cb0afb21/screenshot - {}
RESULT: {}
RESULT: {}
RESULT: {"script":"<script> [1562 bytes]","args":[{"selector":{"id":"application-manageresources-display-component---newResourceUnit--newRRUPage-anchBar-application-manageresources-display-component---newResourceUnit--resource-anchor","interaction":{"idSuffix":"BDI-content"}},"wdio_ui5_key":"applicationmanageresources-display-component---newResourceUnit--newRRUPage-anchBar-application-manageresources-display-component---newResourceUnit--resource-anchor"}]}
RESULT: undefined
COMMAND: POST /session/16f78b01815a2e3a707cc501cb0afb21/element - {"using":"xpath","value":"//*[@id=\"application-manageresources-display-component---newResourceUnit--newRRUPage-anchBar-application-manageresources-display-component---newResourceUnit--resource-anchor\"]"}
RESULT: {"using":"xpath","value":"//*[@id=\"application-manageresources-display-component---newResourceUnit--newRRUPage-anchBar-application-manageresources-display-component---newResourceUnit--resource-anchor\"]"}
COMMAND: POST /session/16f78b01815a2e3a707cc501cb0afb21/element/f.2B12B0EA68CDE32E3DD19BB79ABA46A3.d.AA2602430D2B14646B57C448FF39AFC4.e.3591/click - {}
RESULT: {}
COMMAND: POST /session/16f78b01815a2e3a707cc501cb0afb21/execute/async - {"script":"<script> [1562 bytes]","args":[{"selector":{"id":"application-manageresources-display-component---newResourceUnit--PLANNED_DELIVERY_DATE","interaction":{"idSuffix":"inner"}},"wdio_ui5_key":"applicationmanageresources-display-component---newResourceUnit--PLANNED_DELIVERY_DATE"}]}
COMMAND: GET /session/16f78b01815a2e3a707cc501cb0afb21/screenshot - {}
RESULT: {"script":"<script> [1562 bytes]","args":[{"selector":{"id":"application-manageresources-display-component---newResourceUnit--PLANNED_DELIVERY_DATE","interaction":{"idSuffix":"inner"}},"wdio_ui5_key":"applicationmanageresources-display-component---newResourceUnit--PLANNED_DELIVERY_DATE"}]}
RESULT: undefined
COMMAND: POST /session/16f78b01815a2e3a707cc501cb0afb21/execute/async - {"script":"<script> [6424 bytes]","args":[{"element-6066-11e4-a52e-4f735466cecf":"f.2B12B0EA68CDE32E3DD19BB79ABA46A3.d.AA2602430D2B14646B57C448FF39AFC4.e.3454"},"setValue",["06/19/24"]]}
RESULT: {}
RESULT: {"script":"<script> [6424 bytes]","args":[{"element-6066-11e4-a52e-4f735466cecf":"f.2B12B0EA68CDE32E3DD19BB79ABA46A3.d.AA2602430D2B14646B57C448FF39AFC4.e.3454"},"setValue",["06/19/24"]]}
COMMAND: POST /session/16f78b01815a2e3a707cc501cb0afb21/execute/async - {"script":"<script> [1562 bytes]","args":[{"selector":{"id":"application-manageresources-display-component---newResourceUnit--RETIRE_PLANNED_DATE","interaction":{"idSuffix":"inner"}},"wdio_ui5_key":"applicationmanageresources-display-component---newResourceUnit--RETIRE_PLANNED_DATE"}]}
RESULT: {"script":"<script> [1562 bytes]","args":[{"selector":{"id":"application-manageresources-display-component---newResourceUnit--RETIRE_PLANNED_DATE","interaction":{"idSuffix":"inner"}},"wdio_ui5_key":"applicationmanageresources-display-component---newResourceUnit--RETIRE_PLANNED_DATE"}]}
RESULT: undefined
COMMAND: POST /session/16f78b01815a2e3a707cc501cb0afb21/execute/async - {"script":"<script> [776 bytes]","args":[{"enterText":"3/14/29","selector":{"id":"application-manageresources-display-component---newResourceUnit--RETIRE_PLANNED_DATE","interaction":{"idSuffix":"inner"}},"clearTextFirst":true,"interactionType":"ENTER_TEXT"}]}
RESULT: {"script":"<script> [776 bytes]","args":[{"enterText":"3/14/29","selector":{"id":"application-manageresources-display-component---newResourceUnit--RETIRE_PLANNED_DATE","interaction":{"idSuffix":"inner"}},"clearTextFirst":true,"interactionType":"ENTER_TEXT"}]}
COMMAND: POST /session/16f78b01815a2e3a707cc501cb0afb21/execute/async - {"script":"<script> [1562 bytes]","args":[{"selector":{"controlType":"sap.m.Button","viewName":"reusables.view.manageresources.NewResourceUnit","viewId":"application-manageresources-display-component---newResourceUnit","i18NText":{"propertyName":"tooltip","key":"save"},"interaction":{"idSuffix":"BDI-content"}},"wdio_ui5_key":"reusablesview.manageresources.NewResourceUnitsap.m.Button{\"propertyName\":\"tooltip\",\"key\":\"save\"}"}]}
RESULT: {"script":"<script> [1562 bytes]","args":[{"selector":{"controlType":"sap.m.Button","viewName":"reusables.view.manageresources.NewResourceUnit","viewId":"application-manageresources-display-component---newResourceUnit","i18NText":{"propertyName":"tooltip","key":"save"},"interaction":{"idSuffix":"BDI-content"}},"wdio_ui5_key":"reusablesview.manageresources.NewResourceUnitsap.m.Button{\"propertyName\":\"tooltip\",\"key\":\"save\"}"}]}
RESULT: undefined
COMMAND: POST /session/16f78b01815a2e3a707cc501cb0afb21/element - {"using":"xpath","value":"//*[@id=\"application-manageresources-display-component---newResourceUnit--createRuButton\"]"}
RESULT: {"using":"xpath","value":"//*[@id=\"application-manageresources-display-component---newResourceUnit--createRuButton\"]"}
COMMAND: POST /session/16f78b01815a2e3a707cc501cb0afb21/element/f.2B12B0EA68CDE32E3DD19BB79ABA46A3.d.AA2602430D2B14646B57C448FF39AFC4.e.3414/click - {}
RESULT: {}
COMMAND: GET /session/16f78b01815a2e3a707cc501cb0afb21/screenshot - {}
RESULT: {}
COMMAND: POST /session/16f78b01815a2e3a707cc501cb0afb21/execute/async - {"script":"<script> [1562 bytes]","args":[{"selector":{"controlType":"sap.m.Button","properties":{"text":"Close"},"searchOpenDialogs":true,"interaction":{"idSuffix":"inner"}},"wdio_ui5_key":"sapm.Button{\"text\":\"Close\"}"}]}
RESULT: {"script":"<script> [1562 bytes]","args":[{"selector":{"controlType":"sap.m.Button","properties":{"text":"Close"},"searchOpenDialogs":true,"interaction":{"idSuffix":"inner"}},"wdio_ui5_key":"sapm.Button{\"text\":\"Close\"}"}]}
RESULT: undefined
COMMAND: POST /session/16f78b01815a2e3a707cc501cb0afb21/element - {"using":"xpath","value":"//*[@id=\"__mbox-btn-0\"]"}
RESULT: {"using":"xpath","value":"//*[@id=\"__mbox-btn-0\"]"}
COMMAND: POST /session/16f78b01815a2e3a707cc501cb0afb21/element/f.2B12B0EA68CDE32E3DD19BB79ABA46A3.d.AA2602430D2B14646B57C448FF39AFC4.e.3599/click - {}
RESULT: {}
COMMAND: GET /session/16f78b01815a2e3a707cc501cb0afb21/screenshot - {}
RESULT: {}
COMMAND: POST /session/16f78b01815a2e3a707cc501cb0afb21/execute/async - {"script":"<script> [1562 bytes]","args":[{"selector":{"controlType":"sap.m.Text","viewName":"etm.portal.ui.manageresources.view.Detail","viewId":"application-manageresources-display-component---detailRU","bindingPath":{"propertyPath":"ID","modelName":"catalogModel"}},"wdio_ui5_key":"etmportal.ui.manageresources.view.Detailsap.m.Text{\"propertyPath\":\"ID\",\"modelName\":\"catalogModel\"}"}]}
RESULT: {"script":"<script> [1562 bytes]","args":[{"selector":{"controlType":"sap.m.Text","viewName":"etm.portal.ui.manageresources.view.Detail","viewId":"application-manageresources-display-component---detailRU","bindingPath":{"propertyPath":"ID","modelName":"catalogModel"}},"wdio_ui5_key":"etmportal.ui.manageresources.view.Detailsap.m.Text{\"propertyPath\":\"ID\",\"modelName\":\"catalogModel\"}"}]}
RESULT: undefined
COMMAND: POST /session/16f78b01815a2e3a707cc501cb0afb21/execute/async - {"script":"<script> [6424 bytes]","args":[{"element-6066-11e4-a52e-4f735466cecf":"f.2B12B0EA68CDE32E3DD19BB79ABA46A3.d.AA2602430D2B14646B57C448FF39AFC4.e.3740"},"getText",[]]}
RESULT: {"script":"<script> [6424 bytes]","args":[{"element-6066-11e4-a52e-4f735466cecf":"f.2B12B0EA68CDE32E3DD19BB79ABA46A3.d.AA2602430D2B14646B57C448FF39AFC4.e.3740"},"getText",[]]}
COMMAND: POST /session/16f78b01815a2e3a707cc501cb0afb21/element - {"using":"css selector","value":"#shell-header-logo"}
RESULT: {"using":"css selector","value":"#shell-header-logo"}
COMMAND: POST /session/16f78b01815a2e3a707cc501cb0afb21/element/f.2B12B0EA68CDE32E3DD19BB79ABA46A3.d.AA2602430D2B14646B57C448FF39AFC4.e.3307/click - {}
RESULT: {}
COMMAND: GET /session/16f78b01815a2e3a707cc501cb0afb21/screenshot - {}
RESULT: {}
COMMAND: POST /session/16f78b01815a2e3a707cc501cb0afb21/execute/async - {"script":"<script> [1562 bytes]","args":[{"selector":{"controlType":"sap.m.GenericTile","properties":{"header":"Manage Catalogs"}},"wdio_ui5_key":"sapm.GenericTile{\"header\":\"Manage Catalogs\"}"}]}
RESULT: {"script":"<script> [1562 bytes]","args":[{"selector":{"controlType":"sap.m.GenericTile","properties":{"header":"Manage Catalogs"}},"wdio_ui5_key":"sapm.GenericTile{\"header\":\"Manage Catalogs\"}"}]}
RESULT: undefined
COMMAND: POST /session/16f78b01815a2e3a707cc501cb0afb21/element - {"using":"xpath","value":"//*[@id=\"__tile37\"]"}
RESULT: {"using":"xpath","value":"//*[@id=\"__tile37\"]"}
COMMAND: POST /session/16f78b01815a2e3a707cc501cb0afb21/element/f.2B12B0EA68CDE32E3DD19BB79ABA46A3.d.AA2602430D2B14646B57C448FF39AFC4.e.3742/click - {}
RESULT: {}
COMMAND: GET /session/16f78b01815a2e3a707cc501cb0afb21/screenshot - {}
RESULT: {}
COMMAND: POST /session/16f78b01815a2e3a707cc501cb0afb21/elements - {"using":"xpath","value":"//span[text()='Error']"}
RESULT: {"using":"xpath","value":"//span[text()='Error']"}
COMMAND: POST /session/16f78b01815a2e3a707cc501cb0afb21/execute/async - {"script":"<script> [1562 bytes]","args":[{"selector":{"controlType":"sap.m.Text","viewName":"etm.portal.ui.managecatalogs.view.MasterCatalogs","viewId":"application-managecatalogs-display-component---masterCatalogs","bindingPath":{"path":"/Catalogs('0D7502D073D53A0F1700BE067B89AFF9')","propertyPath":"DESCRIPTION","modelName":"catalogModel"}},"wdio_ui5_key":"etmportal.ui.managecatalogs.view.MasterCatalogssap.m.Text{\"path\":\"/Catalogs('0D7502D073D53A0F1700BE067B89AFF9')\",\"propertyPath\":\"DESCRIPTION\",\"modelName\":\"catalogModel\"}"}]}
RESULT: {"script":"<script> [1562 bytes]","args":[{"selector":{"controlType":"sap.m.Text","viewName":"etm.portal.ui.managecatalogs.view.MasterCatalogs","viewId":"application-managecatalogs-display-component---masterCatalogs","bindingPath":{"path":"/Catalogs('0D7502D073D53A0F1700BE067B89AFF9')","propertyPath":"DESCRIPTION","modelName":"catalogModel"}},"wdio_ui5_key":"etmportal.ui.managecatalogs.view.MasterCatalogssap.m.Text{\"path\":\"/Catalogs('0D7502D073D53A0F1700BE067B89AFF9')\",\"propertyPath\":\"DESCRIPTION\",\"modelName\":\"catalogModel\"}"}]}
RESULT: undefined
COMMAND: POST /session/16f78b01815a2e3a707cc501cb0afb21/element - {"using":"xpath","value":"//*[@id=\"__text919-application-managecatalogs-display-component---masterCatalogs--CatalogsTable-11\"]"}
RESULT: {"using":"xpath","value":"//*[@id=\"__text919-application-managecatalogs-display-component---masterCatalogs--CatalogsTable-11\"]"}
COMMAND: POST /session/16f78b01815a2e3a707cc501cb0afb21/element/f.2B12B0EA68CDE32E3DD19BB79ABA46A3.d.AA2602430D2B14646B57C448FF39AFC4.e.3814/click - {}
RESULT: {}
COMMAND: POST /session/16f78b01815a2e3a707cc501cb0afb21/execute/async - {"script":"<script> [1562 bytes]","args":[{"selector":{"controlType":"sap.ui.layout.HorizontalLayout","viewName":"etm.portal.ui.managecatalogs.view.MasterItems","viewId":"application-managecatalogs-display-component---masterCatalogItems","ancestor":{"id":"application-managecatalogs-display-component---masterCatalogItems--idCatalogItemsTree-rows-row0"}},"wdio_ui5_key":"etmportal.ui.managecatalogs.view.MasterItemssap.ui.layout.HorizontalLayout{\"id\":\"application-managecatalogs-display-component---masterCatalogItems--idCatalogItemsTree-rows-row0\"}"}]}
COMMAND: GET /session/16f78b01815a2e3a707cc501cb0afb21/screenshot - {}
RESULT: {"script":"<script> [1562 bytes]","args":[{"selector":{"controlType":"sap.ui.layout.HorizontalLayout","viewName":"etm.portal.ui.managecatalogs.view.MasterItems","viewId":"application-managecatalogs-display-component---masterCatalogItems","ancestor":{"id":"application-managecatalogs-display-component---masterCatalogItems--idCatalogItemsTree-rows-row0"}},"wdio_ui5_key":"etmportal.ui.managecatalogs.view.MasterItemssap.ui.layout.HorizontalLayout{\"id\":\"application-managecatalogs-display-component---masterCatalogItems--idCatalogItemsTree-rows-row0\"}"}]}
RESULT: undefined
COMMAND: POST /session/16f78b01815a2e3a707cc501cb0afb21/element - {"using":"xpath","value":"//*[@id=\"__layout279-__clone1977\"]"}
RESULT: {}
RESULT: {"using":"xpath","value":"//*[@id=\"__layout279-__clone1977\"]"}
COMMAND: POST /session/16f78b01815a2e3a707cc501cb0afb21/element/f.2B12B0EA68CDE32E3DD19BB79ABA46A3.d.AA2602430D2B14646B57C448FF39AFC4.e.3848/click - {}
RESULT: {}
COMMAND: GET /session/16f78b01815a2e3a707cc501cb0afb21/screenshot - {}
RESULT: {}
COMMAND: POST /session/16f78b01815a2e3a707cc501cb0afb21/execute/async - {"script":"<script> [1562 bytes]","args":[{"selector":{"controlType":"sap.m.Button","viewName":"etm.portal.ui.managecatalogs.view.Detail","viewId":"application-managecatalogs-display-component---detailCatalog","i18NText":{"propertyName":"text","key":"edit"},"interaction":{"idSuffix":"BDI-content"}},"wdio_ui5_key":"etmportal.ui.managecatalogs.view.Detailsap.m.Button{\"propertyName\":\"text\",\"key\":\"edit\"}"}]}
RESULT: {"script":"<script> [1562 bytes]","args":[{"selector":{"controlType":"sap.m.Button","viewName":"etm.portal.ui.managecatalogs.view.Detail","viewId":"application-managecatalogs-display-component---detailCatalog","i18NText":{"propertyName":"text","key":"edit"},"interaction":{"idSuffix":"BDI-content"}},"wdio_ui5_key":"etmportal.ui.managecatalogs.view.Detailsap.m.Button{\"propertyName\":\"text\",\"key\":\"edit\"}"}]}
RESULT: undefined
COMMAND: POST /session/16f78b01815a2e3a707cc501cb0afb21/element - {"using":"xpath","value":"//*[@id=\"__button118\"]"}
RESULT: {"using":"xpath","value":"//*[@id=\"__button118\"]"}
COMMAND: POST /session/16f78b01815a2e3a707cc501cb0afb21/element/f.2B12B0EA68CDE32E3DD19BB79ABA46A3.d.AA2602430D2B14646B57C448FF39AFC4.e.3937/click - {}
RESULT: {}
COMMAND: GET /session/16f78b01815a2e3a707cc501cb0afb21/screenshot - {}
RESULT: {}
COMMAND: POST /session/16f78b01815a2e3a707cc501cb0afb21/element - {"using":"xpath","value":"//bdi[contains(text(), \"Unlock\")]"}
RESULT: {"using":"xpath","value":"//bdi[contains(text(), \"Unlock\")]"}
COMMAND: POST /session/16f78b01815a2e3a707cc501cb0afb21/elements - {"using":"xpath","value":"//bdi[contains(text(), \"Unlock\")]"}
RESULT: {"using":"xpath","value":"//bdi[contains(text(), \"Unlock\")]"}
COMMAND: POST /session/16f78b01815a2e3a707cc501cb0afb21/execute/async - {"script":"<script> [1562 bytes]","args":[{"selector":{"controlType":"sap.ui.core.Icon","viewName":"etm.portal.ui.managecatalogs.view.Detail","viewId":"application-managecatalogs-display-component---detailCatalog","properties":{"src":{"regex":{"source":"add\\-folder"}}}},"wdio_ui5_key":"etmportal.ui.managecatalogs.view.Detailsap.ui.core.Icon{\"src\":{\"regex\":{\"source\":\"add\\\\-folder\"}}}"}]}
RESULT: {"script":"<script> [1562 bytes]","args":[{"selector":{"controlType":"sap.ui.core.Icon","viewName":"etm.portal.ui.managecatalogs.view.Detail","viewId":"application-managecatalogs-display-component---detailCatalog","properties":{"src":{"regex":{"source":"add\\-folder"}}}},"wdio_ui5_key":"etmportal.ui.managecatalogs.view.Detailsap.ui.core.Icon{\"src\":{\"regex\":{\"source\":\"add\\\\-folder\"}}}"}]}
RESULT: undefined
COMMAND: POST /session/16f78b01815a2e3a707cc501cb0afb21/element - {"using":"xpath","value":"//*[@id=\"__button126-img\"]"}
RESULT: {"using":"xpath","value":"//*[@id=\"__button126-img\"]"}
COMMAND: POST /session/16f78b01815a2e3a707cc501cb0afb21/element/f.2B12B0EA68CDE32E3DD19BB79ABA46A3.d.AA2602430D2B14646B57C448FF39AFC4.e.3942/click - {}
RESULT: {}
COMMAND: GET /session/16f78b01815a2e3a707cc501cb0afb21/screenshot - {}
RESULT: {}
COMMAND: POST /session/16f78b01815a2e3a707cc501cb0afb21/execute/async - {"script":"<script> [1562 bytes]","args":[{"selector":{"id":"application-managecatalogs-display-component---detailCatalog--numberInput","searchOpenDialogs":true,"interaction":{"idSuffix":"inner"}},"wdio_ui5_key":"applicationmanagecatalogs-display-component---detailCatalog--numberInput"}]}
RESULT: {"script":"<script> [1562 bytes]","args":[{"selector":{"id":"application-managecatalogs-display-component---detailCatalog--numberInput","searchOpenDialogs":true,"interaction":{"idSuffix":"inner"}},"wdio_ui5_key":"applicationmanagecatalogs-display-component---detailCatalog--numberInput"}]}
RESULT: undefined
COMMAND: POST /session/16f78b01815a2e3a707cc501cb0afb21/execute/async - {"script":"<script> [776 bytes]","args":[{"enterText":"Sectionhchx0j","selector":{"id":"application-managecatalogs-display-component---detailCatalog--numberInput","searchOpenDialogs":true,"interaction":{"idSuffix":"inner"}},"clearTextFirst":true,"interactionType":"ENTER_TEXT"}]}
RESULT: {"script":"<script> [776 bytes]","args":[{"enterText":"Sectionhchx0j","selector":{"id":"application-managecatalogs-display-component---detailCatalog--numberInput","searchOpenDialogs":true,"interaction":{"idSuffix":"inner"}},"clearTextFirst":true,"interactionType":"ENTER_TEXT"}]}
COMMAND: POST /session/16f78b01815a2e3a707cc501cb0afb21/element - {"using":"css selector","value":"#application-managecatalogs-display-component---detailCatalog--nameInput-inner"}
RESULT: {"using":"css selector","value":"#application-managecatalogs-display-component---detailCatalog--nameInput-inner"}
COMMAND: POST /session/16f78b01815a2e3a707cc501cb0afb21/elements - {"using":"css selector","value":"#application-managecatalogs-display-component---detailCatalog--nameInput-inner"}
RESULT: {"using":"css selector","value":"#application-managecatalogs-display-component---detailCatalog--nameInput-inner"}
COMMAND: POST /session/16f78b01815a2e3a707cc501cb0afb21/element/f.2B12B0EA68CDE32E3DD19BB79ABA46A3.d.AA2602430D2B14646B57C448FF39AFC4.e.3946/clear - {}
RESULT: {}
COMMAND: POST /session/16f78b01815a2e3a707cc501cb0afb21/element/f.2B12B0EA68CDE32E3DD19BB79ABA46A3.d.AA2602430D2B14646B57C448FF39AFC4.e.3946/value - {"text":"Webdriverrolsrg"}
COMMAND: GET /session/16f78b01815a2e3a707cc501cb0afb21/screenshot - {}
RESULT: {"text":"Webdriverrolsrg"}
COMMAND: POST /session/16f78b01815a2e3a707cc501cb0afb21/execute/async - {"script":"<script> [1562 bytes]","args":[{"selector":{"controlType":"sap.m.Button","viewName":"etm.portal.ui.managecatalogs.view.Detail","viewId":"application-managecatalogs-display-component---detailCatalog","i18NText":{"propertyName":"text","key":"create"},"searchOpenDialogs":true,"interaction":{"idSuffix":"BDI-content"}},"wdio_ui5_key":"etmportal.ui.managecatalogs.view.Detailsap.m.Button{\"propertyName\":\"text\",\"key\":\"create\"}"}]}
COMMAND: GET /session/16f78b01815a2e3a707cc501cb0afb21/screenshot - {}
RESULT: {}
RESULT: {"script":"<script> [1562 bytes]","args":[{"selector":{"controlType":"sap.m.Button","viewName":"etm.portal.ui.managecatalogs.view.Detail","viewId":"application-managecatalogs-display-component---detailCatalog","i18NText":{"propertyName":"text","key":"create"},"searchOpenDialogs":true,"interaction":{"idSuffix":"BDI-content"}},"wdio_ui5_key":"etmportal.ui.managecatalogs.view.Detailsap.m.Button{\"propertyName\":\"text\",\"key\":\"create\"}"}]}
RESULT: undefined
COMMAND: POST /session/16f78b01815a2e3a707cc501cb0afb21/element - {"using":"xpath","value":"//*[@id=\"__button96\"]"}
RESULT: {}
RESULT: {"using":"xpath","value":"//*[@id=\"__button96\"]"}
COMMAND: POST /session/16f78b01815a2e3a707cc501cb0afb21/element/f.2B12B0EA68CDE32E3DD19BB79ABA46A3.d.AA2602430D2B14646B57C448FF39AFC4.e.3951/click - {}
RESULT: {}
COMMAND: GET /session/16f78b01815a2e3a707cc501cb0afb21/screenshot - {}
RESULT: {}
COMMAND: POST /session/16f78b01815a2e3a707cc501cb0afb21/element - {"using":"xpath","value":"//button[@title=\"Save\"]"}
RESULT: {"using":"xpath","value":"//button[@title=\"Save\"]"}
COMMAND: POST /session/16f78b01815a2e3a707cc501cb0afb21/element/f.2B12B0EA68CDE32E3DD19BB79ABA46A3.d.AA2602430D2B14646B57C448FF39AFC4.e.3952/click - {}
RESULT: {}
COMMAND: POST /session/16f78b01815a2e3a707cc501cb0afb21/execute/async - {"script":"<script> [1562 bytes]","args":[{"selector":{"controlType":"sap.ui.core.Icon","viewName":"etm.portal.ui.managecatalogs.view.Detail","viewId":"application-managecatalogs-display-component---detailCatalog","properties":{"src":{"regex":{"source":"decline"}}}},"wdio_ui5_key":"etmportal.ui.managecatalogs.view.Detailsap.ui.core.Icon{\"src\":{\"regex\":{\"source\":\"decline\"}}}"}]}
COMMAND: GET /session/16f78b01815a2e3a707cc501cb0afb21/screenshot - {}
RESULT: {"script":"<script> [1562 bytes]","args":[{"selector":{"controlType":"sap.ui.core.Icon","viewName":"etm.portal.ui.managecatalogs.view.Detail","viewId":"application-managecatalogs-display-component---detailCatalog","properties":{"src":{"regex":{"source":"decline"}}}},"wdio_ui5_key":"etmportal.ui.managecatalogs.view.Detailsap.ui.core.Icon{\"src\":{\"regex\":{\"source\":\"decline\"}}}"}]}
RESULT: undefined
COMMAND: POST /session/16f78b01815a2e3a707cc501cb0afb21/element - {"using":"xpath","value":"//*[@id=\"__button121-img\"]"}
RESULT: {}
RESULT: {"using":"xpath","value":"//*[@id=\"__button121-img\"]"}
COMMAND: POST /session/16f78b01815a2e3a707cc501cb0afb21/element/f.2B12B0EA68CDE32E3DD19BB79ABA46A3.d.AA2602430D2B14646B57C448FF39AFC4.e.3957/click - {}
RESULT: {}
COMMAND: GET /session/16f78b01815a2e3a707cc501cb0afb21/screenshot - {}
RESULT: {}
COMMAND: POST /session/16f78b01815a2e3a707cc501cb0afb21/execute/async - {"script":"<script> [1562 bytes]","args":[{"selector":{"controlType":"sap.ui.core.Icon","viewName":"etm.portal.ui.managecatalogs.view.MasterItems","viewId":"application-managecatalogs-display-component---masterCatalogItems","properties":{"src":{"regex":{"source":"refresh"}}}},"wdio_ui5_key":"etmportal.ui.managecatalogs.view.MasterItemssap.ui.core.Icon{\"src\":{\"regex\":{\"source\":\"refresh\"}}}"}]}
RESULT: {"script":"<script> [1562 bytes]","args":[{"selector":{"controlType":"sap.ui.core.Icon","viewName":"etm.portal.ui.managecatalogs.view.MasterItems","viewId":"application-managecatalogs-display-component---masterCatalogItems","properties":{"src":{"regex":{"source":"refresh"}}}},"wdio_ui5_key":"etmportal.ui.managecatalogs.view.MasterItemssap.ui.core.Icon{\"src\":{\"regex\":{\"source\":\"refresh\"}}}"}]}
RESULT: undefined
COMMAND: POST /session/16f78b01815a2e3a707cc501cb0afb21/element - {"using":"xpath","value":"//*[@id=\"__button94-img\"]"}
RESULT: {"using":"xpath","value":"//*[@id=\"__button94-img\"]"}
COMMAND: POST /session/16f78b01815a2e3a707cc501cb0afb21/element/f.2B12B0EA68CDE32E3DD19BB79ABA46A3.d.AA2602430D2B14646B57C448FF39AFC4.e.3994/click - {}
RESULT: {}
COMMAND: POST /session/16f78b01815a2e3a707cc501cb0afb21/execute/async - {"script":"<script> [1562 bytes]","args":[{"selector":{"id":"application-managecatalogs-display-component---masterCatalogItems--searchItemsField","interaction":{"idSuffix":"I"}},"wdio_ui5_key":"applicationmanagecatalogs-display-component---masterCatalogItems--searchItemsField"}]}
COMMAND: GET /session/16f78b01815a2e3a707cc501cb0afb21/screenshot - {}
RESULT: {"script":"<script> [1562 bytes]","args":[{"selector":{"id":"application-managecatalogs-display-component---masterCatalogItems--searchItemsField","interaction":{"idSuffix":"I"}},"wdio_ui5_key":"applicationmanagecatalogs-display-component---masterCatalogItems--searchItemsField"}]}
RESULT: undefined
COMMAND: POST /session/16f78b01815a2e3a707cc501cb0afb21/execute/async - {"script":"<script> [776 bytes]","args":[{"enterText":"Webdriverrolsrg","selector":{"id":"application-managecatalogs-display-component---masterCatalogItems--searchItemsField","interaction":{"idSuffix":"I"}},"clearTextFirst":true,"interactionType":"ENTER_TEXT"}]}
RESULT: {}
RESULT: {"script":"<script> [776 bytes]","args":[{"enterText":"Webdriverrolsrg","selector":{"id":"application-managecatalogs-display-component---masterCatalogItems--searchItemsField","interaction":{"idSuffix":"I"}},"clearTextFirst":true,"interactionType":"ENTER_TEXT"}]}
COMMAND: POST /session/16f78b01815a2e3a707cc501cb0afb21/actions - {"actions":[{"id":"action10","type":"key","parameters":{},"actions":[{"type":"keyDown","value":"î€‡"},{"type":"pause","duration":10},{"type":"keyUp","value":"î€‡"}]}]}
RESULT: {"actions":[{"id":"action10","type":"key","parameters":{},"actions":[{"type":"keyDown","value":"î€‡"},{"type":"pause","duration":10},{"type":"keyUp","value":"î€‡"}]}]}
COMMAND: POST /session/16f78b01815a2e3a707cc501cb0afb21/element - {"using":"xpath","value":"(//span[contains(text(), \"Webdriverrolsrg\")])[1]"}
COMMAND: GET /session/16f78b01815a2e3a707cc501cb0afb21/screenshot - {}
RESULT: {"using":"xpath","value":"(//span[contains(text(), \"Webdriverrolsrg\")])[1]"}
COMMAND: POST /session/16f78b01815a2e3a707cc501cb0afb21/element/f.2B12B0EA68CDE32E3DD19BB79ABA46A3.d.AA2602430D2B14646B57C448FF39AFC4.e.3997/click - {}
RESULT: {}
RESULT: {}
COMMAND: GET /session/16f78b01815a2e3a707cc501cb0afb21/screenshot - {}
RESULT: {}
RESULT: undefined
COMMAND: POST /session/16f78b01815a2e3a707cc501cb0afb21/element - {"using":"xpath","value":"//*[@id=\"__button118\"]"}
RESULT: {"using":"xpath","value":"//*[@id=\"__button118\"]"}
COMMAND: POST /session/16f78b01815a2e3a707cc501cb0afb21/element/f.2B12B0EA68CDE32E3DD19BB79ABA46A3.d.AA2602430D2B14646B57C448FF39AFC4.e.4066/click - {}
RESULT: {}
COMMAND: GET /session/16f78b01815a2e3a707cc501cb0afb21/screenshot - {}
RESULT: {}
RESULT: undefined
COMMAND: POST /session/16f78b01815a2e3a707cc501cb0afb21/element - {"using":"xpath","value":"//*[@id=\"__button126-img\"]"}
RESULT: {"using":"xpath","value":"//*[@id=\"__button126-img\"]"}
COMMAND: POST /session/16f78b01815a2e3a707cc501cb0afb21/element/f.2B12B0EA68CDE32E3DD19BB79ABA46A3.d.AA2602430D2B14646B57C448FF39AFC4.e.4082/click - {}
RESULT: {}
COMMAND: GET /session/16f78b01815a2e3a707cc501cb0afb21/screenshot - {}
RESULT: {}
RESULT: undefined
COMMAND: POST /session/16f78b01815a2e3a707cc501cb0afb21/execute/async - {"script":"<script> [776 bytes]","args":[{"enterText":"SecondSectionpjeax","selector":{"id":"application-managecatalogs-display-component---detailCatalog--numberInput","searchOpenDialogs":true,"interaction":{"idSuffix":"inner"}},"clearTextFirst":true,"interactionType":"ENTER_TEXT"}]}
RESULT: {"script":"<script> [776 bytes]","args":[{"enterText":"SecondSectionpjeax","selector":{"id":"application-managecatalogs-display-component---detailCatalog--numberInput","searchOpenDialogs":true,"interaction":{"idSuffix":"inner"}},"clearTextFirst":true,"interactionType":"ENTER_TEXT"}]}
COMMAND: POST /session/16f78b01815a2e3a707cc501cb0afb21/element - {"using":"xpath","value":"//input[contains(@id ,\"application-managecatalogs-display-component---detailCatalog--nameInput-inner\")]"}
RESULT: {"using":"xpath","value":"//input[contains(@id ,\"application-managecatalogs-display-component---detailCatalog--nameInput-inner\")]"}
COMMAND: POST /session/16f78b01815a2e3a707cc501cb0afb21/elements - {"using":"xpath","value":"//input[contains(@id ,\"application-managecatalogs-display-component---detailCatalog--nameInput-inner\")]"}
RESULT: {"using":"xpath","value":"//input[contains(@id ,\"application-managecatalogs-display-component---detailCatalog--nameInput-inner\")]"}
COMMAND: POST /session/16f78b01815a2e3a707cc501cb0afb21/element/f.2B12B0EA68CDE32E3DD19BB79ABA46A3.d.AA2602430D2B14646B57C448FF39AFC4.e.4086/clear - {}
RESULT: {}
COMMAND: POST /session/16f78b01815a2e3a707cc501cb0afb21/element/f.2B12B0EA68CDE32E3DD19BB79ABA46A3.d.AA2602430D2B14646B57C448FF39AFC4.e.4086/value - {"text":"webdriversecondqlu2r"}
COMMAND: GET /session/16f78b01815a2e3a707cc501cb0afb21/screenshot - {}
RESULT: {"text":"webdriversecondqlu2r"}
RESULT: undefined
COMMAND: POST /session/16f78b01815a2e3a707cc501cb0afb21/element - {"using":"xpath","value":"//*[@id=\"__button96\"]"}
COMMAND: GET /session/16f78b01815a2e3a707cc501cb0afb21/screenshot - {}
RESULT: {}
RESULT: {"using":"xpath","value":"//*[@id=\"__button96\"]"}
COMMAND: POST /session/16f78b01815a2e3a707cc501cb0afb21/element/f.2B12B0EA68CDE32E3DD19BB79ABA46A3.d.AA2602430D2B14646B57C448FF39AFC4.e.4090/click - {}
RESULT: {}
RESULT: {}
COMMAND: GET /session/16f78b01815a2e3a707cc501cb0afb21/screenshot - {}
RESULT: {}
COMMAND: POST /session/16f78b01815a2e3a707cc501cb0afb21/element - {"using":"xpath","value":"//button[@title=\"Save\"]"}
RESULT: {"using":"xpath","value":"//button[@title=\"Save\"]"}
COMMAND: POST /session/16f78b01815a2e3a707cc501cb0afb21/element/f.2B12B0EA68CDE32E3DD19BB79ABA46A3.d.AA2602430D2B14646B57C448FF39AFC4.e.4070/click - {}
RESULT: {}
COMMAND: GET /session/16f78b01815a2e3a707cc501cb0afb21/screenshot - {}
RESULT: {}
RESULT: undefined
COMMAND: POST /session/16f78b01815a2e3a707cc501cb0afb21/element - {"using":"xpath","value":"//*[@id=\"__button121-img\"]"}
RESULT: {"using":"xpath","value":"//*[@id=\"__button121-img\"]"}
COMMAND: POST /session/16f78b01815a2e3a707cc501cb0afb21/element/f.2B12B0EA68CDE32E3DD19BB79ABA46A3.d.AA2602430D2B14646B57C448FF39AFC4.e.4094/click - {}
RESULT: {}
COMMAND: GET /session/16f78b01815a2e3a707cc501cb0afb21/screenshot - {}
RESULT: {}
RESULT: undefined
COMMAND: POST /session/16f78b01815a2e3a707cc501cb0afb21/element - {"using":"xpath","value":"//*[@id=\"__button94-img\"]"}
RESULT: {"using":"xpath","value":"//*[@id=\"__button94-img\"]"}
COMMAND: POST /session/16f78b01815a2e3a707cc501cb0afb21/element/f.2B12B0EA68CDE32E3DD19BB79ABA46A3.d.AA2602430D2B14646B57C448FF39AFC4.e.4128/click - {}
RESULT: {}
COMMAND: GET /session/16f78b01815a2e3a707cc501cb0afb21/screenshot - {}
RESULT: {}
RESULT: undefined
COMMAND: POST /session/16f78b01815a2e3a707cc501cb0afb21/execute/async - {"script":"<script> [776 bytes]","args":[{"enterText":"SecondSectionpjeax","selector":{"id":"application-managecatalogs-display-component---masterCatalogItems--searchItemsField","interaction":{"idSuffix":"I"}},"clearTextFirst":true,"interactionType":"ENTER_TEXT"}]}
RESULT: {"script":"<script> [776 bytes]","args":[{"enterText":"SecondSectionpjeax","selector":{"id":"application-managecatalogs-display-component---masterCatalogItems--searchItemsField","interaction":{"idSuffix":"I"}},"clearTextFirst":true,"interactionType":"ENTER_TEXT"}]}
COMMAND: POST /session/16f78b01815a2e3a707cc501cb0afb21/actions - {"actions":[{"id":"action11","type":"key","parameters":{},"actions":[{"type":"keyDown","value":"î€‡"},{"type":"pause","duration":10},{"type":"keyUp","value":"î€‡"}]}]}
RESULT: {"actions":[{"id":"action11","type":"key","parameters":{},"actions":[{"type":"keyDown","value":"î€‡"},{"type":"pause","duration":10},{"type":"keyUp","value":"î€‡"}]}]}
COMMAND: POST /session/16f78b01815a2e3a707cc501cb0afb21/element - {"using":"xpath","value":"(//span[contains(text(), \"SecondSectionpjeax\")])[1]"}
COMMAND: GET /session/16f78b01815a2e3a707cc501cb0afb21/screenshot - {}
RESULT: {"using":"xpath","value":"(//span[contains(text(), \"SecondSectionpjeax\")])[1]"}
COMMAND: POST /session/16f78b01815a2e3a707cc501cb0afb21/element/f.2B12B0EA68CDE32E3DD19BB79ABA46A3.d.AA2602430D2B14646B57C448FF39AFC4.e.4131/click - {}
RESULT: {}
RESULT: {}
COMMAND: POST /session/16f78b01815a2e3a707cc501cb0afb21/element - {"using":"xpath","value":"(//span[contains(text(), \"SecondSectionpjeax\")])[1]"}
COMMAND: GET /session/16f78b01815a2e3a707cc501cb0afb21/screenshot - {}
RESULT: {"using":"xpath","value":"(//span[contains(text(), \"SecondSectionpjeax\")])[1]"}
COMMAND: GET /session/16f78b01815a2e3a707cc501cb0afb21/element/f.2B12B0EA68CDE32E3DD19BB79ABA46A3.d.AA2602430D2B14646B57C448FF39AFC4.e.4131/text - {}
RESULT: {}
COMMAND: POST /session/16f78b01815a2e3a707cc501cb0afb21/element - {"using":"xpath","value":"(//span[contains(text(), \"SecondSectionpjeax\")])[1]"}
RESULT: {"using":"xpath","value":"(//span[contains(text(), \"SecondSectionpjeax\")])[1]"}
COMMAND: GET /session/16f78b01815a2e3a707cc501cb0afb21/element/f.2B12B0EA68CDE32E3DD19BB79ABA46A3.d.AA2602430D2B14646B57C448FF39AFC4.e.4131/text - {}
COMMAND: POST /session/16f78b01815a2e3a707cc501cb0afb21/element - {"using":"xpath","value":"(//span[contains(text(), \"SecondSectionpjeax\")])[1]"}
RESULT: {"using":"xpath","value":"(//span[contains(text(), \"SecondSectionpjeax\")])[1]"}
COMMAND: GET /session/16f78b01815a2e3a707cc501cb0afb21/element/f.2B12B0EA68CDE32E3DD19BB79ABA46A3.d.AA2602430D2B14646B57C448FF39AFC4.e.4182/text - {}
RESULT: {}
COMMAND: POST /session/16f78b01815a2e3a707cc501cb0afb21/refresh - {}
RESULT: {}
COMMAND: GET /session/16f78b01815a2e3a707cc501cb0afb21/screenshot - {}
RESULT: {}
COMMAND: POST /session/16f78b01815a2e3a707cc501cb0afb21/execute/async - {"script":"<script> [189 bytes]","args":[]}
RESULT: {"script":"<script> [189 bytes]","args":[]}
COMMAND: POST /session/16f78b01815a2e3a707cc501cb0afb21/execute/async - {"script":"<script> [123 bytes]","args":[]}
RESULT: {"script":"<script> [123 bytes]","args":[]}
COMMAND: POST /session/16f78b01815a2e3a707cc501cb0afb21/timeouts - {"script":"<number>"}
RESULT: {"script":"<number>"}
COMMAND: GET /session/16f78b01815a2e3a707cc501cb0afb21/timeouts - {}
RESULT: {}
RESULT: undefined
COMMAND: POST /session/16f78b01815a2e3a707cc501cb0afb21/execute/async - {"script":"<script> [2676 bytes]","args":[]}
RESULT: {"script":"<script> [2676 bytes]","args":[]}
COMMAND: POST /session/16f78b01815a2e3a707cc501cb0afb21/execute/async - {"script":"<script> [2342 bytes]","args":[{"protocol":"http","hostname":"0.0.0.0","path":"/","capabilities":{"browserName":"chrome","goog:chromeOptions":{"binary":"C:\\Program Files\\Google\\Chrome\\Application\\chrome.exe","args":["--start-maximized"]}},"logLevel":"warn","connectionRetryTimeout":120000,"connectionRetryCount":3,"logLevels":{},"enableDirectConnect":true,"strictSSL":true,"_":"65 more keys: [\"cacheDir\",\"port\",\"requestedCapabilities\",\"automationProtocol\",\"baseUrl\",\"waitforInterval\",\"waitforTimeout\",\"onReload\",\"beforeCommand\",\"afterCommand\",\"rootDir\",\"specs\",\"suites\",\"exclude\",\"groupLogsByTestSpec\",\"excludeDriverLogs\",\"bail\",\"framework\",\"reporters\",\"services\",\"maxInstances\",\"maxInstancesPerCapability\",\"injectGlobals\",\"filesToWatch\",\"execArgv\",\"runnerEnv\",\"runner\",\"shard\",\"specFileRetries\",\"specFileRetriesDelay\",\"specFileRetriesDeferred\",\"reporterSyncInterval\",\"reporterSyncTimeout\",\"cucumberFeaturesWithLineNumbers\",\"autoCompileOpts\",\"mochaOpts\",\"jasmineOpts\",\"cucumberOpts\",\"onPrepare\",\"onWorkerStart\",\"onWorkerEnd\",\"before\",\"beforeSession\",\"beforeSuite\",\"beforeHook\",\"beforeTest\",\"afterTest\",\"afterHook\",\"afterSuite\",\"afterSession\",\"after\",\"onComplete\",\"beforeAssertion\",\"afterAssertion\",\"beforeFeature\",\"beforeScenario\",\"beforeStep\",\"afterStep\",\"afterScenario\",\"afterFeature\",\"_\",\"suite\",\"$0\",\"ignoredWorkerServices\",\"wdi5\"]"}]}
RESULT: {"script":"<script> [2342 bytes]","args":[{"protocol":"http","hostname":"0.0.0.0","path":"/","capabilities":{"browserName":"chrome","goog:chromeOptions":{"binary":"C:\\Program Files\\Google\\Chrome\\Application\\chrome.exe","args":["--start-maximized"]}},"logLevel":"warn","connectionRetryTimeout":120000,"connectionRetryCount":3,"logLevels":{},"enableDirectConnect":true,"strictSSL":true,"_":"65 more keys: [\"cacheDir\",\"port\",\"requestedCapabilities\",\"automationProtocol\",\"baseUrl\",\"waitforInterval\",\"waitforTimeout\",\"onReload\",\"beforeCommand\",\"afterCommand\",\"rootDir\",\"specs\",\"suites\",\"exclude\",\"groupLogsByTestSpec\",\"excludeDriverLogs\",\"bail\",\"framework\",\"reporters\",\"services\",\"maxInstances\",\"maxInstancesPerCapability\",\"injectGlobals\",\"filesToWatch\",\"execArgv\",\"runnerEnv\",\"runner\",\"shard\",\"specFileRetries\",\"specFileRetriesDelay\",\"specFileRetriesDeferred\",\"reporterSyncInterval\",\"reporterSyncTimeout\",\"cucumberFeaturesWithLineNumbers\",\"autoCompileOpts\",\"mochaOpts\",\"jasmineOpts\",\"cucumberOpts\",\"onPrepare\",\"onWorkerStart\",\"onWorkerEnd\",\"before\",\"beforeSession\",\"beforeSuite\",\"beforeHook\",\"beforeTest\",\"afterTest\",\"afterHook\",\"afterSuite\",\"afterSession\",\"after\",\"onComplete\",\"beforeAssertion\",\"afterAssertion\",\"beforeFeature\",\"beforeScenario\",\"beforeStep\",\"afterStep\",\"afterScenario\",\"afterFeature\",\"_\",\"suite\",\"$0\",\"ignoredWorkerServices\",\"wdi5\"]"}]}
COMMAND: POST /session/16f78b01815a2e3a707cc501cb0afb21/execute/async - {"script":"<script> [21126 bytes]","args":[35000]}
RESULT: {"script":"<script> [21126 bytes]","args":[35000]}
COMMAND: POST /session/16f78b01815a2e3a707cc501cb0afb21/execute/async - {"script":"<script> [1562 bytes]","args":[{"selector":{"controlType":"sap.m.Button","viewName":"etm.portal.ui.managecatalogs.view.Detail","viewId":"application-managecatalogs-display-component---detailCatalog","i18NText":{"propertyName":"text","key":"edit"},"interaction":{"idSuffix":"BDI-content"}},"wdio_ui5_key":"etmportal.ui.managecatalogs.view.Detailsap.m.Button{\"propertyName\":\"text\",\"key\":\"edit\"}"}]}
RESULT: {"script":"<script> [1562 bytes]","args":[{"selector":{"controlType":"sap.m.Button","viewName":"etm.portal.ui.managecatalogs.view.Detail","viewId":"application-managecatalogs-display-component---detailCatalog","i18NText":{"propertyName":"text","key":"edit"},"interaction":{"idSuffix":"BDI-content"}},"wdio_ui5_key":"etmportal.ui.managecatalogs.view.Detailsap.m.Button{\"propertyName\":\"text\",\"key\":\"edit\"}"}]}
RESULT: undefined
COMMAND: POST /session/16f78b01815a2e3a707cc501cb0afb21/element - {"using":"xpath","value":"//*[@id=\"__button25\"]"}
RESULT: {"using":"xpath","value":"//*[@id=\"__button25\"]"}
COMMAND: POST /session/16f78b01815a2e3a707cc501cb0afb21/element/f.2B12B0EA68CDE32E3DD19BB79ABA46A3.d.CE092697D20F38E8D2192680ED07B148.e.4242/click - {}
RESULT: {}
COMMAND: GET /session/16f78b01815a2e3a707cc501cb0afb21/screenshot - {}
RESULT: {}
COMMAND: POST /session/16f78b01815a2e3a707cc501cb0afb21/element - {"using":"xpath","value":"//button[contains(@title ,\"Create Catalog Item\")]"}
RESULT: {"using":"xpath","value":"//button[contains(@title ,\"Create Catalog Item\")]"}
COMMAND: POST /session/16f78b01815a2e3a707cc501cb0afb21/element/f.2B12B0EA68CDE32E3DD19BB79ABA46A3.d.CE092697D20F38E8D2192680ED07B148.e.4246/click - {}
RESULT: {}
COMMAND: POST /session/16f78b01815a2e3a707cc501cb0afb21/execute/async - {"script":"<script> [1562 bytes]","args":[{"selector":{"id":"application-managecatalogs-display-component---detailCatalog--newItemNumberInput","searchOpenDialogs":true,"interaction":{"idSuffix":"inner"}},"wdio_ui5_key":"applicationmanagecatalogs-display-component---detailCatalog--newItemNumberInput"}]}
COMMAND: GET /session/16f78b01815a2e3a707cc501cb0afb21/screenshot - {}
RESULT: {"script":"<script> [1562 bytes]","args":[{"selector":{"id":"application-managecatalogs-display-component---detailCatalog--newItemNumberInput","searchOpenDialogs":true,"interaction":{"idSuffix":"inner"}},"wdio_ui5_key":"applicationmanagecatalogs-display-component---detailCatalog--newItemNumberInput"}]}
RESULT: undefined
COMMAND: POST /session/16f78b01815a2e3a707cc501cb0afb21/execute/async - {"script":"<script> [776 bytes]","args":[{"enterText":"catalogItem9yh2ff","selector":{"id":"application-managecatalogs-display-component---detailCatalog--newItemNumberInput","searchOpenDialogs":true,"interaction":{"idSuffix":"inner"}},"clearTextFirst":true,"interactionType":"ENTER_TEXT"}]}
RESULT: {}
RESULT: {"script":"<script> [776 bytes]","args":[{"enterText":"catalogItem9yh2ff","selector":{"id":"application-managecatalogs-display-component---detailCatalog--newItemNumberInput","searchOpenDialogs":true,"interaction":{"idSuffix":"inner"}},"clearTextFirst":true,"interactionType":"ENTER_TEXT"}]}
COMMAND: POST /session/16f78b01815a2e3a707cc501cb0afb21/execute/async - {"script":"<script> [1562 bytes]","args":[{"selector":{"controlType":"sap.m.Input","viewName":"etm.portal.ui.managecatalogs.view.Detail","viewId":"application-managecatalogs-display-component---detailCatalog","bindingPath":{"path":"","propertyPath":"/DESCRIPTION"},"searchOpenDialogs":true,"interaction":{"idSuffix":"inner"}},"wdio_ui5_key":"etmportal.ui.managecatalogs.view.Detailsap.m.Input{\"path\":\"\",\"propertyPath\":\"/DESCRIPTION\"}"}]}
RESULT: {"script":"<script> [1562 bytes]","args":[{"selector":{"controlType":"sap.m.Input","viewName":"etm.portal.ui.managecatalogs.view.Detail","viewId":"application-managecatalogs-display-component---detailCatalog","bindingPath":{"path":"","propertyPath":"/DESCRIPTION"},"searchOpenDialogs":true,"interaction":{"idSuffix":"inner"}},"wdio_ui5_key":"etmportal.ui.managecatalogs.view.Detailsap.m.Input{\"path\":\"\",\"propertyPath\":\"/DESCRIPTION\"}"}]}
RESULT: undefined
COMMAND: POST /session/16f78b01815a2e3a707cc501cb0afb21/execute/async - {"script":"<script> [776 bytes]","args":[{"enterText":"catalogItemName6jg6h","selector":{"controlType":"sap.m.Input","viewName":"etm.portal.ui.managecatalogs.view.Detail","viewId":"application-managecatalogs-display-component---detailCatalog","bindingPath":{"path":"","propertyPath":"/DESCRIPTION"},"searchOpenDialogs":true,"interaction":{"idSuffix":"inner"}},"clearTextFirst":true,"interactionType":"ENTER_TEXT"}]}
RESULT: {"script":"<script> [776 bytes]","args":[{"enterText":"catalogItemName6jg6h","selector":{"controlType":"sap.m.Input","viewName":"etm.portal.ui.managecatalogs.view.Detail","viewId":"application-managecatalogs-display-component---detailCatalog","bindingPath":{"path":"","propertyPath":"/DESCRIPTION"},"searchOpenDialogs":true,"interaction":{"idSuffix":"inner"}},"clearTextFirst":true,"interactionType":"ENTER_TEXT"}]}
COMMAND: POST /session/16f78b01815a2e3a707cc501cb0afb21/actions - {"actions":[{"id":"action12","type":"key","parameters":{},"actions":[{"type":"keyDown","value":"î€„"},{"type":"pause","duration":10},{"type":"keyUp","value":"î€„"}]}]}
RESULT: {"actions":[{"id":"action12","type":"key","parameters":{},"actions":[{"type":"keyDown","value":"î€„"},{"type":"pause","duration":10},{"type":"keyUp","value":"î€„"}]}]}
COMMAND: GET /session/16f78b01815a2e3a707cc501cb0afb21/screenshot - {}
RESULT: {}
COMMAND: POST /session/16f78b01815a2e3a707cc501cb0afb21/actions - {"actions":[{"id":"action13","type":"key","parameters":{},"actions":[{"type":"keyDown","value":"î€‡"},{"type":"pause","duration":10},{"type":"keyUp","value":"î€‡"}]}]}
RESULT: {"actions":[{"id":"action13","type":"key","parameters":{},"actions":[{"type":"keyDown","value":"î€‡"},{"type":"pause","duration":10},{"type":"keyUp","value":"î€‡"}]}]}
COMMAND: GET /session/16f78b01815a2e3a707cc501cb0afb21/screenshot - {}
RESULT: {}
COMMAND: POST /session/16f78b01815a2e3a707cc501cb0afb21/element - {"using":"xpath","value":"//button[@title=\"Save\"]"}
RESULT: {"using":"xpath","value":"//button[@title=\"Save\"]"}
COMMAND: POST /session/16f78b01815a2e3a707cc501cb0afb21/element/f.2B12B0EA68CDE32E3DD19BB79ABA46A3.d.CE092697D20F38E8D2192680ED07B148.e.4255/click - {}
RESULT: {}
COMMAND: GET /session/16f78b01815a2e3a707cc501cb0afb21/screenshot - {}
RESULT: {}
COMMAND: POST /session/16f78b01815a2e3a707cc501cb0afb21/execute/async - {"script":"<script> [1562 bytes]","args":[{"selector":{"controlType":"sap.ui.core.Icon","viewName":"etm.portal.ui.managecatalogs.view.Detail","viewId":"application-managecatalogs-display-component---detailCatalog","properties":{"src":{"regex":{"source":"decline"}}}},"wdio_ui5_key":"etmportal.ui.managecatalogs.view.Detailsap.ui.core.Icon{\"src\":{\"regex\":{\"source\":\"decline\"}}}"}]}
RESULT: {"script":"<script> [1562 bytes]","args":[{"selector":{"controlType":"sap.ui.core.Icon","viewName":"etm.portal.ui.managecatalogs.view.Detail","viewId":"application-managecatalogs-display-component---detailCatalog","properties":{"src":{"regex":{"source":"decline"}}}},"wdio_ui5_key":"etmportal.ui.managecatalogs.view.Detailsap.ui.core.Icon{\"src\":{\"regex\":{\"source\":\"decline\"}}}"}]}
RESULT: undefined
COMMAND: POST /session/16f78b01815a2e3a707cc501cb0afb21/element - {"using":"xpath","value":"//*[@id=\"__button28-img\"]"}
RESULT: {"using":"xpath","value":"//*[@id=\"__button28-img\"]"}
COMMAND: POST /session/16f78b01815a2e3a707cc501cb0afb21/element/f.2B12B0EA68CDE32E3DD19BB79ABA46A3.d.CE092697D20F38E8D2192680ED07B148.e.4259/click - {}
RESULT: {}
COMMAND: GET /session/16f78b01815a2e3a707cc501cb0afb21/screenshot - {}
RESULT: {}
COMMAND: POST /session/16f78b01815a2e3a707cc501cb0afb21/execute/async - {"script":"<script> [1562 bytes]","args":[{"selector":{"controlType":"sap.ui.core.Icon","viewName":"etm.portal.ui.managecatalogs.view.MasterItems","viewId":"application-managecatalogs-display-component---masterCatalogItems","properties":{"src":{"regex":{"source":"refresh"}}}},"wdio_ui5_key":"etmportal.ui.managecatalogs.view.MasterItemssap.ui.core.Icon{\"src\":{\"regex\":{\"source\":\"refresh\"}}}"}]}
RESULT: {"script":"<script> [1562 bytes]","args":[{"selector":{"controlType":"sap.ui.core.Icon","viewName":"etm.portal.ui.managecatalogs.view.MasterItems","viewId":"application-managecatalogs-display-component---masterCatalogItems","properties":{"src":{"regex":{"source":"refresh"}}}},"wdio_ui5_key":"etmportal.ui.managecatalogs.view.MasterItemssap.ui.core.Icon{\"src\":{\"regex\":{\"source\":\"refresh\"}}}"}]}
RESULT: undefined
COMMAND: POST /session/16f78b01815a2e3a707cc501cb0afb21/element - {"using":"xpath","value":"//*[@id=\"__button1-img\"]"}
RESULT: {"using":"xpath","value":"//*[@id=\"__button1-img\"]"}
COMMAND: POST /session/16f78b01815a2e3a707cc501cb0afb21/element/f.2B12B0EA68CDE32E3DD19BB79ABA46A3.d.CE092697D20F38E8D2192680ED07B148.e.4268/click - {}
RESULT: {}
COMMAND: GET /session/16f78b01815a2e3a707cc501cb0afb21/screenshot - {}
RESULT: {}
COMMAND: POST /session/16f78b01815a2e3a707cc501cb0afb21/execute/async - {"script":"<script> [1562 bytes]","args":[{"selector":{"id":"application-managecatalogs-display-component---masterCatalogItems--searchItemsField","interaction":{"idSuffix":"I"}},"wdio_ui5_key":"applicationmanagecatalogs-display-component---masterCatalogItems--searchItemsField"}]}
RESULT: {"script":"<script> [1562 bytes]","args":[{"selector":{"id":"application-managecatalogs-display-component---masterCatalogItems--searchItemsField","interaction":{"idSuffix":"I"}},"wdio_ui5_key":"applicationmanagecatalogs-display-component---masterCatalogItems--searchItemsField"}]}
RESULT: undefined
COMMAND: POST /session/16f78b01815a2e3a707cc501cb0afb21/execute/async - {"script":"<script> [776 bytes]","args":[{"enterText":"catalogItemName6jg6h","selector":{"id":"application-managecatalogs-display-component---masterCatalogItems--searchItemsField","interaction":{"idSuffix":"I"}},"clearTextFirst":true,"interactionType":"ENTER_TEXT"}]}
RESULT: {"script":"<script> [776 bytes]","args":[{"enterText":"catalogItemName6jg6h","selector":{"id":"application-managecatalogs-display-component---masterCatalogItems--searchItemsField","interaction":{"idSuffix":"I"}},"clearTextFirst":true,"interactionType":"ENTER_TEXT"}]}
COMMAND: POST /session/16f78b01815a2e3a707cc501cb0afb21/actions - {"actions":[{"id":"action14","type":"key","parameters":{},"actions":[{"type":"keyDown","value":"î€‡"},{"type":"pause","duration":10},{"type":"keyUp","value":"î€‡"}]}]}
RESULT: {"actions":[{"id":"action14","type":"key","parameters":{},"actions":[{"type":"keyDown","value":"î€‡"},{"type":"pause","duration":10},{"type":"keyUp","value":"î€‡"}]}]}
COMMAND: POST /session/16f78b01815a2e3a707cc501cb0afb21/element - {"using":"xpath","value":"(//span[contains(text(), \"catalogItemName6jg6h\")])[1]"}
COMMAND: GET /session/16f78b01815a2e3a707cc501cb0afb21/screenshot - {}
RESULT: {"using":"xpath","value":"(//span[contains(text(), \"catalogItemName6jg6h\")])[1]"}
COMMAND: POST /session/16f78b01815a2e3a707cc501cb0afb21/element/f.2B12B0EA68CDE32E3DD19BB79ABA46A3.d.CE092697D20F38E8D2192680ED07B148.e.4305/click - {}
RESULT: {}
RESULT: {}
COMMAND: GET /session/16f78b01815a2e3a707cc501cb0afb21/screenshot - {}
RESULT: {}
COMMAND: POST /session/16f78b01815a2e3a707cc501cb0afb21/element - {"using":"xpath","value":"//span[contains(text(), \"catalogItem9yh2ff\")]"}
RESULT: {"using":"xpath","value":"//span[contains(text(), \"catalogItem9yh2ff\")]"}
COMMAND: GET /session/16f78b01815a2e3a707cc501cb0afb21/element/f.2B12B0EA68CDE32E3DD19BB79ABA46A3.d.CE092697D20F38E8D2192680ED07B148.e.4367/text - {}
RESULT: {}
]]></system-out>
    </testcase>
    <testcase classname="chrome.136_0_7103_93.windows.Standard_contract_-_add_contract_items_by_Insert_Request_US118222" name="Should assign resources to the catalog item" time="51.907">
      <system-out><![CDATA[
RESULT: undefined
COMMAND: POST /session/16f78b01815a2e3a707cc501cb0afb21/element - {"using":"xpath","value":"//*[@id=\"__button25\"]"}
RESULT: {"using":"xpath","value":"//*[@id=\"__button25\"]"}
COMMAND: POST /session/16f78b01815a2e3a707cc501cb0afb21/element/f.2B12B0EA68CDE32E3DD19BB79ABA46A3.d.CE092697D20F38E8D2192680ED07B148.e.4368/click - {}
RESULT: {}
COMMAND: GET /session/16f78b01815a2e3a707cc501cb0afb21/screenshot - {}
RESULT: {}
COMMAND: POST /session/16f78b01815a2e3a707cc501cb0afb21/execute/async - {"script":"<script> [1562 bytes]","args":[{"selector":{"id":"application-managecatalogs-display-component---detailCatalog--BASE_UNIT_OF_MEASURE-arrow"},"wdio_ui5_key":"applicationmanagecatalogs-display-component---detailCatalog--BASE_UNIT_OF_MEASURE-arrow"}]}
RESULT: {"script":"<script> [1562 bytes]","args":[{"selector":{"id":"application-managecatalogs-display-component---detailCatalog--BASE_UNIT_OF_MEASURE-arrow"},"wdio_ui5_key":"applicationmanagecatalogs-display-component---detailCatalog--BASE_UNIT_OF_MEASURE-arrow"}]}
RESULT: undefined
COMMAND: POST /session/16f78b01815a2e3a707cc501cb0afb21/element - {"using":"xpath","value":"//*[@id=\"application-managecatalogs-display-component---detailCatalog--BASE_UNIT_OF_MEASURE-arrow\"]"}
RESULT: {"using":"xpath","value":"//*[@id=\"application-managecatalogs-display-component---detailCatalog--BASE_UNIT_OF_MEASURE-arrow\"]"}
COMMAND: POST /session/16f78b01815a2e3a707cc501cb0afb21/element/f.2B12B0EA68CDE32E3DD19BB79ABA46A3.d.CE092697D20F38E8D2192680ED07B148.e.4396/click - {}
RESULT: {}
COMMAND: POST /session/16f78b01815a2e3a707cc501cb0afb21/execute/async - {"script":"<script> [1562 bytes]","args":[{"selector":{"controlType":"sap.m.StandardListItem","viewName":"etm.portal.ui.managecatalogs.view.Detail","viewId":"application-managecatalogs-display-component---detailCatalog","properties":{"title":"Piece"},"searchOpenDialogs":true,"interaction":{"idSuffix":"titleText"}},"wdio_ui5_key":"etmportal.ui.managecatalogs.view.Detailsap.m.StandardListItem{\"title\":\"Piece\"}"}]}
COMMAND: GET /session/16f78b01815a2e3a707cc501cb0afb21/screenshot - {}
RESULT: {"script":"<script> [1562 bytes]","args":[{"selector":{"controlType":"sap.m.StandardListItem","viewName":"etm.portal.ui.managecatalogs.view.Detail","viewId":"application-managecatalogs-display-component---detailCatalog","properties":{"title":"Piece"},"searchOpenDialogs":true,"interaction":{"idSuffix":"titleText"}},"wdio_ui5_key":"etmportal.ui.managecatalogs.view.Detailsap.m.StandardListItem{\"title\":\"Piece\"}"}]}
RESULT: undefined
COMMAND: POST /session/16f78b01815a2e3a707cc501cb0afb21/element - {"using":"xpath","value":"//*[@id=\"__item221\"]"}
RESULT: {}
RESULT: {"using":"xpath","value":"//*[@id=\"__item221\"]"}
COMMAND: POST /session/16f78b01815a2e3a707cc501cb0afb21/element/f.2B12B0EA68CDE32E3DD19BB79ABA46A3.d.CE092697D20F38E8D2192680ED07B148.e.4398/click - {}
RESULT: {}
COMMAND: POST /session/16f78b01815a2e3a707cc501cb0afb21/execute/async - {"script":"<script> [1562 bytes]","args":[{"selector":{"id":"application-managecatalogs-display-component---detailCatalog--ObjectPageLayout-anchBar-application-managecatalogs-display-component---detailCatalog--sectionRUs-anchor","interaction":{"idSuffix":"BDI-content"}},"wdio_ui5_key":"applicationmanagecatalogs-display-component---detailCatalog--ObjectPageLayout-anchBar-application-managecatalogs-display-component---detailCatalog--sectionRUs-anchor"}]}
COMMAND: GET /session/16f78b01815a2e3a707cc501cb0afb21/screenshot - {}
RESULT: {"script":"<script> [1562 bytes]","args":[{"selector":{"id":"application-managecatalogs-display-component---detailCatalog--ObjectPageLayout-anchBar-application-managecatalogs-display-component---detailCatalog--sectionRUs-anchor","interaction":{"idSuffix":"BDI-content"}},"wdio_ui5_key":"applicationmanagecatalogs-display-component---detailCatalog--ObjectPageLayout-anchBar-application-managecatalogs-display-component---detailCatalog--sectionRUs-anchor"}]}
RESULT: undefined
COMMAND: POST /session/16f78b01815a2e3a707cc501cb0afb21/element - {"using":"xpath","value":"//*[@id=\"application-managecatalogs-display-component---detailCatalog--ObjectPageLayout-anchBar-application-managecatalogs-display-component---detailCatalog--sectionRUs-anchor\"]"}
RESULT: {}
RESULT: {"using":"xpath","value":"//*[@id=\"application-managecatalogs-display-component---detailCatalog--ObjectPageLayout-anchBar-application-managecatalogs-display-component---detailCatalog--sectionRUs-anchor\"]"}
COMMAND: POST /session/16f78b01815a2e3a707cc501cb0afb21/element/f.2B12B0EA68CDE32E3DD19BB79ABA46A3.d.CE092697D20F38E8D2192680ED07B148.e.4400/click - {}
RESULT: {}
COMMAND: POST /session/16f78b01815a2e3a707cc501cb0afb21/element - {"using":"xpath","value":"//button[contains(@data-kt ,\"catalogItemAssignRuButton\")]"}
COMMAND: GET /session/16f78b01815a2e3a707cc501cb0afb21/screenshot - {}
RESULT: {"using":"xpath","value":"//button[contains(@data-kt ,\"catalogItemAssignRuButton\")]"}
COMMAND: POST /session/16f78b01815a2e3a707cc501cb0afb21/element/f.2B12B0EA68CDE32E3DD19BB79ABA46A3.d.CE092697D20F38E8D2192680ED07B148.e.4406/click - {}
RESULT: {}
RESULT: {}
COMMAND: GET /session/16f78b01815a2e3a707cc501cb0afb21/screenshot - {}
RESULT: {}
COMMAND: POST /session/16f78b01815a2e3a707cc501cb0afb21/actions - {"actions":[{"id":"action15","type":"key","parameters":{},"actions":[{"type":"keyDown","value":"î€‡"},{"type":"pause","duration":10},{"type":"keyUp","value":"î€‡"}]}]}
RESULT: {"actions":[{"id":"action15","type":"key","parameters":{},"actions":[{"type":"keyDown","value":"î€‡"},{"type":"pause","duration":10},{"type":"keyUp","value":"î€‡"}]}]}
COMMAND: POST /session/16f78b01815a2e3a707cc501cb0afb21/execute/async - {"script":"<script> [1562 bytes]","args":[{"selector":{"id":"application-managecatalogs-display-component---detailCatalog--assignRUSearchField-vhi","searchOpenDialogs":true},"wdio_ui5_key":"applicationmanagecatalogs-display-component---detailCatalog--assignRUSearchField-vhi"}]}
COMMAND: GET /session/16f78b01815a2e3a707cc501cb0afb21/screenshot - {}
RESULT: {"script":"<script> [1562 bytes]","args":[{"selector":{"id":"application-managecatalogs-display-component---detailCatalog--assignRUSearchField-vhi","searchOpenDialogs":true},"wdio_ui5_key":"applicationmanagecatalogs-display-component---detailCatalog--assignRUSearchField-vhi"}]}
RESULT: undefined
COMMAND: POST /session/16f78b01815a2e3a707cc501cb0afb21/element - {"using":"xpath","value":"//*[@id=\"application-managecatalogs-display-component---detailCatalog--assignRUSearchField-vhi\"]"}
RESULT: {}
RESULT: {"using":"xpath","value":"//*[@id=\"application-managecatalogs-display-component---detailCatalog--assignRUSearchField-vhi\"]"}
COMMAND: POST /session/16f78b01815a2e3a707cc501cb0afb21/element/f.2B12B0EA68CDE32E3DD19BB79ABA46A3.d.CE092697D20F38E8D2192680ED07B148.e.4427/click - {}
RESULT: {}
COMMAND: GET /session/16f78b01815a2e3a707cc501cb0afb21/screenshot - {}
RESULT: {}
COMMAND: POST /session/16f78b01815a2e3a707cc501cb0afb21/element - {"using":"xpath","value":"//input[contains(@id ,\"searchField-I\")]"}
RESULT: {"using":"xpath","value":"//input[contains(@id ,\"searchField-I\")]"}
COMMAND: POST /session/16f78b01815a2e3a707cc501cb0afb21/element/f.2B12B0EA68CDE32E3DD19BB79ABA46A3.d.CE092697D20F38E8D2192680ED07B148.e.4429/clear - {}
RESULT: {}
COMMAND: POST /session/16f78b01815a2e3a707cc501cb0afb21/element/f.2B12B0EA68CDE32E3DD19BB79ABA46A3.d.CE092697D20F38E8D2192680ED07B148.e.4429/value - {"text":"WdIOR2cEquipe32qs"}
COMMAND: GET /session/16f78b01815a2e3a707cc501cb0afb21/screenshot - {}
RESULT: {"text":"WdIOR2cEquipe32qs"}
COMMAND: GET /session/16f78b01815a2e3a707cc501cb0afb21/screenshot - {}
RESULT: {}
RESULT: {}
COMMAND: POST /session/16f78b01815a2e3a707cc501cb0afb21/actions - {"actions":[{"id":"action16","type":"key","parameters":{},"actions":[{"type":"keyDown","value":"î€‡"},{"type":"pause","duration":10},{"type":"keyUp","value":"î€‡"}]}]}
RESULT: {"actions":[{"id":"action16","type":"key","parameters":{},"actions":[{"type":"keyDown","value":"î€‡"},{"type":"pause","duration":10},{"type":"keyUp","value":"î€‡"}]}]}
COMMAND: GET /session/16f78b01815a2e3a707cc501cb0afb21/screenshot - {}
RESULT: {}
COMMAND: POST /session/16f78b01815a2e3a707cc501cb0afb21/actions - {"actions":[{"id":"action17","type":"key","parameters":{},"actions":[{"type":"keyDown","value":"î€„"},{"type":"pause","duration":10},{"type":"keyUp","value":"î€„"}]}]}
RESULT: {"actions":[{"id":"action17","type":"key","parameters":{},"actions":[{"type":"keyDown","value":"î€„"},{"type":"pause","duration":10},{"type":"keyUp","value":"î€„"}]}]}
COMMAND: GET /session/16f78b01815a2e3a707cc501cb0afb21/screenshot - {}
RESULT: {}
COMMAND: POST /session/16f78b01815a2e3a707cc501cb0afb21/actions - {"actions":[{"id":"action18","type":"key","parameters":{},"actions":[{"type":"keyDown","value":"î€‡"},{"type":"pause","duration":10},{"type":"keyUp","value":"î€‡"}]}]}
RESULT: {"actions":[{"id":"action18","type":"key","parameters":{},"actions":[{"type":"keyDown","value":"î€‡"},{"type":"pause","duration":10},{"type":"keyUp","value":"î€‡"}]}]}
COMMAND: GET /session/16f78b01815a2e3a707cc501cb0afb21/screenshot - {}
RESULT: {}
COMMAND: POST /session/16f78b01815a2e3a707cc501cb0afb21/element - {"using":"xpath","value":"//bdi[contains(@id ,\"application-managecatalogs-display-component---detailCatalog--RUAssignmentSaveButton-BDI-content\")]"}
RESULT: {"using":"xpath","value":"//bdi[contains(@id ,\"application-managecatalogs-display-component---detailCatalog--RUAssignmentSaveButton-BDI-content\")]"}
COMMAND: POST /session/16f78b01815a2e3a707cc501cb0afb21/element/f.2B12B0EA68CDE32E3DD19BB79ABA46A3.d.CE092697D20F38E8D2192680ED07B148.e.4464/click - {}
RESULT: {}
COMMAND: GET /session/16f78b01815a2e3a707cc501cb0afb21/screenshot - {}
RESULT: {}
COMMAND: POST /session/16f78b01815a2e3a707cc501cb0afb21/element - {"using":"xpath","value":"//bdi[contains(@id ,\"application-managecatalogs-display-component---detailCatalog--ObjectPageLayout-anchBar-application-managecatalogs-display-component---detailCatalog--sectionRUs-anchor-BDI-content\")]"}
RESULT: {"using":"xpath","value":"//bdi[contains(@id ,\"application-managecatalogs-display-component---detailCatalog--ObjectPageLayout-anchBar-application-managecatalogs-display-component---detailCatalog--sectionRUs-anchor-BDI-content\")]"}
COMMAND: POST /session/16f78b01815a2e3a707cc501cb0afb21/element/f.2B12B0EA68CDE32E3DD19BB79ABA46A3.d.CE092697D20F38E8D2192680ED07B148.e.4483/click - {}
RESULT: {}
COMMAND: GET /session/16f78b01815a2e3a707cc501cb0afb21/screenshot - {}
RESULT: {}
COMMAND: POST /session/16f78b01815a2e3a707cc501cb0afb21/element - {"using":"xpath","value":"//button[contains(@data-kt ,\"catalogItemAssignRuButton\")]"}
RESULT: {"using":"xpath","value":"//button[contains(@data-kt ,\"catalogItemAssignRuButton\")]"}
COMMAND: POST /session/16f78b01815a2e3a707cc501cb0afb21/element/f.2B12B0EA68CDE32E3DD19BB79ABA46A3.d.CE092697D20F38E8D2192680ED07B148.e.4406/click - {}
RESULT: {}
COMMAND: GET /session/16f78b01815a2e3a707cc501cb0afb21/screenshot - {}
RESULT: {}
COMMAND: POST /session/16f78b01815a2e3a707cc501cb0afb21/actions - {"actions":[{"id":"action19","type":"key","parameters":{},"actions":[{"type":"keyDown","value":"î€‡"},{"type":"pause","duration":10},{"type":"keyUp","value":"î€‡"}]}]}
RESULT: {"actions":[{"id":"action19","type":"key","parameters":{},"actions":[{"type":"keyDown","value":"î€‡"},{"type":"pause","duration":10},{"type":"keyUp","value":"î€‡"}]}]}
RESULT: undefined
COMMAND: POST /session/16f78b01815a2e3a707cc501cb0afb21/element - {"using":"xpath","value":"//*[@id=\"application-managecatalogs-display-component---detailCatalog--assignRUSearchField-vhi\"]"}
COMMAND: GET /session/16f78b01815a2e3a707cc501cb0afb21/screenshot - {}
RESULT: {"using":"xpath","value":"//*[@id=\"application-managecatalogs-display-component---detailCatalog--assignRUSearchField-vhi\"]"}
COMMAND: POST /session/16f78b01815a2e3a707cc501cb0afb21/elements - {"using":"xpath","value":"//*[@id=\"application-managecatalogs-display-component---detailCatalog--assignRUSearchField-vhi\"]"}
RESULT: {}
RESULT: {"using":"xpath","value":"//*[@id=\"application-managecatalogs-display-component---detailCatalog--assignRUSearchField-vhi\"]"}
COMMAND: POST /session/16f78b01815a2e3a707cc501cb0afb21/element - {"using":"xpath","value":"//*[@id=\"application-managecatalogs-display-component---detailCatalog--assignRUSearchField-vhi\"]"}
RESULT: {"using":"xpath","value":"//*[@id=\"application-managecatalogs-display-component---detailCatalog--assignRUSearchField-vhi\"]"}
COMMAND: POST /session/16f78b01815a2e3a707cc501cb0afb21/element/f.2B12B0EA68CDE32E3DD19BB79ABA46A3.d.CE092697D20F38E8D2192680ED07B148.e.4502/click - {}
RESULT: {}
COMMAND: POST /session/16f78b01815a2e3a707cc501cb0afb21/execute/async - {"script":"<script> [1562 bytes]","args":[{"selector":{"controlType":"sap.m.SearchField","viewName":"etm.portal.ui.managecatalogs.view.Detail","viewId":"application-managecatalogs-display-component---detailCatalog","searchOpenDialogs":true,"interaction":{"idSuffix":"I"}},"wdio_ui5_key":"etmportal.ui.managecatalogs.view.Detailsap.m.SearchField"}]}
COMMAND: GET /session/16f78b01815a2e3a707cc501cb0afb21/screenshot - {}
RESULT: {"script":"<script> [1562 bytes]","args":[{"selector":{"controlType":"sap.m.SearchField","viewName":"etm.portal.ui.managecatalogs.view.Detail","viewId":"application-managecatalogs-display-component---detailCatalog","searchOpenDialogs":true,"interaction":{"idSuffix":"I"}},"wdio_ui5_key":"etmportal.ui.managecatalogs.view.Detailsap.m.SearchField"}]}
RESULT: undefined
COMMAND: POST /session/16f78b01815a2e3a707cc501cb0afb21/execute/async - {"script":"<script> [776 bytes]","args":[{"enterText":"WebdriverRUR2C3klab","selector":{"controlType":"sap.m.SearchField","viewName":"etm.portal.ui.managecatalogs.view.Detail","viewId":"application-managecatalogs-display-component---detailCatalog","searchOpenDialogs":true,"interaction":{"idSuffix":"I"}},"clearTextFirst":true,"interactionType":"ENTER_TEXT"}]}
RESULT: {}
RESULT: {"script":"<script> [776 bytes]","args":[{"enterText":"WebdriverRUR2C3klab","selector":{"controlType":"sap.m.SearchField","viewName":"etm.portal.ui.managecatalogs.view.Detail","viewId":"application-managecatalogs-display-component---detailCatalog","searchOpenDialogs":true,"interaction":{"idSuffix":"I"}},"clearTextFirst":true,"interactionType":"ENTER_TEXT"}]}
COMMAND: POST /session/16f78b01815a2e3a707cc501cb0afb21/actions - {"actions":[{"id":"action20","type":"key","parameters":{},"actions":[{"type":"keyDown","value":"î€‡"},{"type":"pause","duration":10},{"type":"keyUp","value":"î€‡"}]}]}
RESULT: {"actions":[{"id":"action20","type":"key","parameters":{},"actions":[{"type":"keyDown","value":"î€‡"},{"type":"pause","duration":10},{"type":"keyUp","value":"î€‡"}]}]}
COMMAND: GET /session/16f78b01815a2e3a707cc501cb0afb21/screenshot - {}
RESULT: {}
COMMAND: POST /session/16f78b01815a2e3a707cc501cb0afb21/element - {"using":"xpath","value":"(//span[contains(text(), \"WebdriverRUR2C3klab\")])[1]"}
RESULT: {"using":"xpath","value":"(//span[contains(text(), \"WebdriverRUR2C3klab\")])[1]"}
COMMAND: POST /session/16f78b01815a2e3a707cc501cb0afb21/element/f.2B12B0EA68CDE32E3DD19BB79ABA46A3.d.CE092697D20F38E8D2192680ED07B148.e.4520/click - {}
RESULT: {}
COMMAND: POST /session/16f78b01815a2e3a707cc501cb0afb21/execute/async - {"script":"<script> [1562 bytes]","args":[{"selector":{"id":"application-managecatalogs-display-component---detailCatalog--RUAssignmentSaveButton","searchOpenDialogs":true,"interaction":{"idSuffix":"BDI-content"}},"wdio_ui5_key":"applicationmanagecatalogs-display-component---detailCatalog--RUAssignmentSaveButton"}]}
COMMAND: GET /session/16f78b01815a2e3a707cc501cb0afb21/screenshot - {}
RESULT: {"script":"<script> [1562 bytes]","args":[{"selector":{"id":"application-managecatalogs-display-component---detailCatalog--RUAssignmentSaveButton","searchOpenDialogs":true,"interaction":{"idSuffix":"BDI-content"}},"wdio_ui5_key":"applicationmanagecatalogs-display-component---detailCatalog--RUAssignmentSaveButton"}]}
RESULT: undefined
COMMAND: POST /session/16f78b01815a2e3a707cc501cb0afb21/element - {"using":"xpath","value":"//*[@id=\"application-managecatalogs-display-component---detailCatalog--RUAssignmentSaveButton\"]"}
RESULT: {}
RESULT: {"using":"xpath","value":"//*[@id=\"application-managecatalogs-display-component---detailCatalog--RUAssignmentSaveButton\"]"}
COMMAND: POST /session/16f78b01815a2e3a707cc501cb0afb21/element/f.2B12B0EA68CDE32E3DD19BB79ABA46A3.d.CE092697D20F38E8D2192680ED07B148.e.4523/click - {}
RESULT: {}
COMMAND: GET /session/16f78b01815a2e3a707cc501cb0afb21/screenshot - {}
RESULT: {}
COMMAND: POST /session/16f78b01815a2e3a707cc501cb0afb21/element - {"using":"xpath","value":"//bdi[contains(text(), \"Save\")]"}
RESULT: {"using":"xpath","value":"//bdi[contains(text(), \"Save\")]"}
COMMAND: POST /session/16f78b01815a2e3a707cc501cb0afb21/element/f.2B12B0EA68CDE32E3DD19BB79ABA46A3.d.CE092697D20F38E8D2192680ED07B148.e.4546/click - {}
RESULT: {}
COMMAND: GET /session/16f78b01815a2e3a707cc501cb0afb21/screenshot - {}
RESULT: {}
COMMAND: POST /session/16f78b01815a2e3a707cc501cb0afb21/element - {"using":"css selector","value":"#shell-header-logo"}
RESULT: {"using":"css selector","value":"#shell-header-logo"}
COMMAND: POST /session/16f78b01815a2e3a707cc501cb0afb21/element/f.2B12B0EA68CDE32E3DD19BB79ABA46A3.d.CE092697D20F38E8D2192680ED07B148.e.4206/click - {}
RESULT: {}
COMMAND: GET /session/16f78b01815a2e3a707cc501cb0afb21/screenshot - {}
RESULT: {}
]]></system-out>
    </testcase>
    <testcase classname="chrome.136_0_7103_93.windows.Standard_contract_-_add_contract_items_by_Insert_Request_US118222" name="Should create a new contract" time="90.884">
      <system-out><![CDATA[
COMMAND: POST /session/16f78b01815a2e3a707cc501cb0afb21/execute/async - {"script":"<script> [1562 bytes]","args":[{"selector":{"controlType":"sap.m.GenericTile","properties":{"header":"Manage Contracts"}},"wdio_ui5_key":"sapm.GenericTile{\"header\":\"Manage Contracts\"}"}]}
RESULT: {"script":"<script> [1562 bytes]","args":[{"selector":{"controlType":"sap.m.GenericTile","properties":{"header":"Manage Contracts"}},"wdio_ui5_key":"sapm.GenericTile{\"header\":\"Manage Contracts\"}"}]}
RESULT: undefined
COMMAND: POST /session/16f78b01815a2e3a707cc501cb0afb21/element - {"using":"xpath","value":"//*[@id=\"__tile130\"]"}
RESULT: {"using":"xpath","value":"//*[@id=\"__tile130\"]"}
COMMAND: POST /session/16f78b01815a2e3a707cc501cb0afb21/element/f.2B12B0EA68CDE32E3DD19BB79ABA46A3.d.CE092697D20F38E8D2192680ED07B148.e.4579/click - {}
RESULT: {}
COMMAND: GET /session/16f78b01815a2e3a707cc501cb0afb21/screenshot - {}
RESULT: {}
COMMAND: POST /session/16f78b01815a2e3a707cc501cb0afb21/elements - {"using":"xpath","value":"//span[text()='Error']"}
RESULT: {"using":"xpath","value":"//span[text()='Error']"}
COMMAND: POST /session/16f78b01815a2e3a707cc501cb0afb21/element - {"using":"xpath","value":"//button[@data-kt=\"addButton\"]"}
RESULT: {"using":"xpath","value":"//button[@data-kt=\"addButton\"]"}
COMMAND: POST /session/16f78b01815a2e3a707cc501cb0afb21/element/f.2B12B0EA68CDE32E3DD19BB79ABA46A3.d.CE092697D20F38E8D2192680ED07B148.e.4630/click - {}
RESULT: {}
COMMAND: GET /session/16f78b01815a2e3a707cc501cb0afb21/screenshot - {}
RESULT: {}
COMMAND: POST /session/16f78b01815a2e3a707cc501cb0afb21/execute/async - {"script":"<script> [1562 bytes]","args":[{"selector":{"id":"application-managecontracts-display-component---AddNewContract--projectDescription","interaction":{"idSuffix":"inner"}},"wdio_ui5_key":"applicationmanagecontracts-display-component---AddNewContract--projectDescription"}]}
RESULT: {"script":"<script> [1562 bytes]","args":[{"selector":{"id":"application-managecontracts-display-component---AddNewContract--projectDescription","interaction":{"idSuffix":"inner"}},"wdio_ui5_key":"applicationmanagecontracts-display-component---AddNewContract--projectDescription"}]}
RESULT: undefined
COMMAND: POST /session/16f78b01815a2e3a707cc501cb0afb21/execute/async - {"script":"<script> [776 bytes]","args":[{"enterText":"WdIOR2curlu2","selector":{"id":"application-managecontracts-display-component---AddNewContract--projectDescription","interaction":{"idSuffix":"inner"}},"clearTextFirst":true,"interactionType":"ENTER_TEXT"}]}
RESULT: {"script":"<script> [776 bytes]","args":[{"enterText":"WdIOR2curlu2","selector":{"id":"application-managecontracts-display-component---AddNewContract--projectDescription","interaction":{"idSuffix":"inner"}},"clearTextFirst":true,"interactionType":"ENTER_TEXT"}]}
COMMAND: POST /session/16f78b01815a2e3a707cc501cb0afb21/element - {"using":"xpath","value":"//input[@id=\"application-managecontracts-display-component---AddNewContract--yardId-inner\"]"}
RESULT: {"using":"xpath","value":"//input[@id=\"application-managecontracts-display-component---AddNewContract--yardId-inner\"]"}
COMMAND: POST /session/16f78b01815a2e3a707cc501cb0afb21/element/f.2B12B0EA68CDE32E3DD19BB79ABA46A3.d.CE092697D20F38E8D2192680ED07B148.e.4932/clear - {}
RESULT: {}
COMMAND: POST /session/16f78b01815a2e3a707cc501cb0afb21/element/f.2B12B0EA68CDE32E3DD19BB79ABA46A3.d.CE092697D20F38E8D2192680ED07B148.e.4932/value - {"text":"WebdriverYard4x4mo"}
COMMAND: GET /session/16f78b01815a2e3a707cc501cb0afb21/screenshot - {}
RESULT: {"text":"WebdriverYard4x4mo"}
COMMAND: GET /session/16f78b01815a2e3a707cc501cb0afb21/screenshot - {}
RESULT: {}
RESULT: {}
COMMAND: POST /session/16f78b01815a2e3a707cc501cb0afb21/actions - {"actions":[{"id":"action21","type":"key","parameters":{},"actions":[{"type":"keyDown","value":"î€‡"},{"type":"pause","duration":10},{"type":"keyUp","value":"î€‡"}]}]}
RESULT: {"actions":[{"id":"action21","type":"key","parameters":{},"actions":[{"type":"keyDown","value":"î€‡"},{"type":"pause","duration":10},{"type":"keyUp","value":"î€‡"}]}]}
COMMAND: GET /session/16f78b01815a2e3a707cc501cb0afb21/screenshot - {}
RESULT: {}
COMMAND: POST /session/16f78b01815a2e3a707cc501cb0afb21/element - {"using":"xpath","value":"//input[@id=\"application-managecontracts-display-component---AddNewContract--customerSelect-inner\"]"}
RESULT: {"using":"xpath","value":"//input[@id=\"application-managecontracts-display-component---AddNewContract--customerSelect-inner\"]"}
COMMAND: POST /session/16f78b01815a2e3a707cc501cb0afb21/element/f.2B12B0EA68CDE32E3DD19BB79ABA46A3.d.CE092697D20F38E8D2192680ED07B148.e.4930/clear - {}
RESULT: {}
COMMAND: POST /session/16f78b01815a2e3a707cc501cb0afb21/element/f.2B12B0EA68CDE32E3DD19BB79ABA46A3.d.CE092697D20F38E8D2192680ED07B148.e.4930/value - {"text":"WebdriverPartnereq48h"}
COMMAND: GET /session/16f78b01815a2e3a707cc501cb0afb21/screenshot - {}
RESULT: {"text":"WebdriverPartnereq48h"}
COMMAND: GET /session/16f78b01815a2e3a707cc501cb0afb21/screenshot - {}
RESULT: {}
RESULT: {}
COMMAND: POST /session/16f78b01815a2e3a707cc501cb0afb21/actions - {"actions":[{"id":"action22","type":"key","parameters":{},"actions":[{"type":"keyDown","value":"î€‡"},{"type":"pause","duration":10},{"type":"keyUp","value":"î€‡"}]}]}
RESULT: {"actions":[{"id":"action22","type":"key","parameters":{},"actions":[{"type":"keyDown","value":"î€‡"},{"type":"pause","duration":10},{"type":"keyUp","value":"î€‡"}]}]}
COMMAND: GET /session/16f78b01815a2e3a707cc501cb0afb21/screenshot - {}
RESULT: {}
COMMAND: POST /session/16f78b01815a2e3a707cc501cb0afb21/element - {"using":"xpath","value":"//input[@id=\"application-managecontracts-display-component---AddNewContract--site-inner\"]"}
RESULT: {"using":"xpath","value":"//input[@id=\"application-managecontracts-display-component---AddNewContract--site-inner\"]"}
COMMAND: POST /session/16f78b01815a2e3a707cc501cb0afb21/element/f.2B12B0EA68CDE32E3DD19BB79ABA46A3.d.CE092697D20F38E8D2192680ED07B148.e.4931/clear - {}
RESULT: {}
COMMAND: POST /session/16f78b01815a2e3a707cc501cb0afb21/element/f.2B12B0EA68CDE32E3DD19BB79ABA46A3.d.CE092697D20F38E8D2192680ED07B148.e.4931/value - {"text":"WebdriverSitez8cgkh"}
COMMAND: GET /session/16f78b01815a2e3a707cc501cb0afb21/screenshot - {}
RESULT: {"text":"WebdriverSitez8cgkh"}
COMMAND: GET /session/16f78b01815a2e3a707cc501cb0afb21/screenshot - {}
RESULT: {}
RESULT: {}
COMMAND: POST /session/16f78b01815a2e3a707cc501cb0afb21/actions - {"actions":[{"id":"action23","type":"key","parameters":{},"actions":[{"type":"keyDown","value":"î€‡"},{"type":"pause","duration":10},{"type":"keyUp","value":"î€‡"}]}]}
RESULT: {"actions":[{"id":"action23","type":"key","parameters":{},"actions":[{"type":"keyDown","value":"î€‡"},{"type":"pause","duration":10},{"type":"keyUp","value":"î€‡"}]}]}
COMMAND: GET /session/16f78b01815a2e3a707cc501cb0afb21/screenshot - {}
RESULT: {}
COMMAND: POST /session/16f78b01815a2e3a707cc501cb0afb21/element - {"using":"xpath","value":"//button[@data-kt=\"saveButton\"]"}
RESULT: {"using":"xpath","value":"//button[@data-kt=\"saveButton\"]"}
COMMAND: POST /session/16f78b01815a2e3a707cc501cb0afb21/element/f.2B12B0EA68CDE32E3DD19BB79ABA46A3.d.CE092697D20F38E8D2192680ED07B148.e.4965/click - {}
RESULT: {}
COMMAND: GET /session/16f78b01815a2e3a707cc501cb0afb21/screenshot - {}
RESULT: {}
COMMAND: POST /session/16f78b01815a2e3a707cc501cb0afb21/execute/async - {"script":"<script> [1562 bytes]","args":[{"selector":{"id":"contractDetailTitleNoExpanded","viewName":"etm.portal.ui.managecontracts.view.Detail"},"wdio_ui5_key":"contractDetailTitleNoExpandedetmportal.ui.managecontracts.view.Detail"}]}
RESULT: {"script":"<script> [1562 bytes]","args":[{"selector":{"id":"contractDetailTitleNoExpanded","viewName":"etm.portal.ui.managecontracts.view.Detail"},"wdio_ui5_key":"contractDetailTitleNoExpandedetmportal.ui.managecontracts.view.Detail"}]}
RESULT: undefined
COMMAND: POST /session/16f78b01815a2e3a707cc501cb0afb21/execute/async - {"script":"<script> [6424 bytes]","args":[{"element-6066-11e4-a52e-4f735466cecf":"f.2B12B0EA68CDE32E3DD19BB79ABA46A3.d.CE092697D20F38E8D2192680ED07B148.e.5038"},"getText",[]]}
RESULT: {"script":"<script> [6424 bytes]","args":[{"element-6066-11e4-a52e-4f735466cecf":"f.2B12B0EA68CDE32E3DD19BB79ABA46A3.d.CE092697D20F38E8D2192680ED07B148.e.5038"},"getText",[]]}
]]></system-out>
    </testcase>
    <testcase classname="chrome.136_0_7103_93.windows.Standard_contract_-_add_contract_items_by_Insert_Request_US118222" name="Should create a new request and plan it" time="162.941">
      <system-out><![CDATA[
COMMAND: POST /session/16f78b01815a2e3a707cc501cb0afb21/element - {"using":"css selector","value":"#shell-header-logo"}
RESULT: {"using":"css selector","value":"#shell-header-logo"}
COMMAND: POST /session/16f78b01815a2e3a707cc501cb0afb21/element/f.2B12B0EA68CDE32E3DD19BB79ABA46A3.d.CE092697D20F38E8D2192680ED07B148.e.4582/click - {}
RESULT: {}
COMMAND: GET /session/16f78b01815a2e3a707cc501cb0afb21/screenshot - {}
RESULT: {}
COMMAND: POST /session/16f78b01815a2e3a707cc501cb0afb21/execute/async - {"script":"<script> [1562 bytes]","args":[{"selector":{"controlType":"sap.m.GenericTile","properties":{"header":"Manage Requests"}},"wdio_ui5_key":"sapm.GenericTile{\"header\":\"Manage Requests\"}"}]}
RESULT: {"script":"<script> [1562 bytes]","args":[{"selector":{"controlType":"sap.m.GenericTile","properties":{"header":"Manage Requests"}},"wdio_ui5_key":"sapm.GenericTile{\"header\":\"Manage Requests\"}"}]}
RESULT: undefined
COMMAND: POST /session/16f78b01815a2e3a707cc501cb0afb21/element - {"using":"xpath","value":"//*[@id=\"__tile47\"]"}
RESULT: {"using":"xpath","value":"//*[@id=\"__tile47\"]"}
COMMAND: POST /session/16f78b01815a2e3a707cc501cb0afb21/element/f.2B12B0EA68CDE32E3DD19BB79ABA46A3.d.CE092697D20F38E8D2192680ED07B148.e.5041/click - {}
RESULT: {}
COMMAND: GET /session/16f78b01815a2e3a707cc501cb0afb21/screenshot - {}
RESULT: {}
COMMAND: POST /session/16f78b01815a2e3a707cc501cb0afb21/elements - {"using":"xpath","value":"//span[text()='Error']"}
RESULT: {"using":"xpath","value":"//span[text()='Error']"}
COMMAND: POST /session/16f78b01815a2e3a707cc501cb0afb21/element - {"using":"xpath","value":"//button[contains(@data-kt ,\"btnCreateNewOverflowToolbarButton\")]"}
COMMAND: POST /session/16f78b01815a2e3a707cc501cb0afb21/element - {"using":"xpath","value":"(//span[contains(@class ,\"sapMObjStatusText\")])[1]"}
RESULT: {"using":"xpath","value":"//button[contains(@data-kt ,\"btnCreateNewOverflowToolbarButton\")]"}
COMMAND: POST /session/16f78b01815a2e3a707cc501cb0afb21/element/f.2B12B0EA68CDE32E3DD19BB79ABA46A3.d.CE092697D20F38E8D2192680ED07B148.e.5126/click - {}
RESULT: {"using":"xpath","value":"(//span[contains(@class ,\"sapMObjStatusText\")])[1]"}
COMMAND: POST /session/16f78b01815a2e3a707cc501cb0afb21/execute/sync - {"script":"<script> [8489 bytes]","args":[{"element-6066-11e4-a52e-4f735466cecf":"f.2B12B0EA68CDE32E3DD19BB79ABA46A3.d.CE092697D20F38E8D2192680ED07B148.e.5156","ELEMENT":"f.2B12B0EA68CDE32E3DD19BB79ABA46A3.d.CE092697D20F38E8D2192680ED07B148.e.5156"}]}
RESULT: {}
COMMAND: GET /session/16f78b01815a2e3a707cc501cb0afb21/screenshot - {}
RESULT: {"script":"<script> [8489 bytes]","args":[{"element-6066-11e4-a52e-4f735466cecf":"f.2B12B0EA68CDE32E3DD19BB79ABA46A3.d.CE092697D20F38E8D2192680ED07B148.e.5156","ELEMENT":"f.2B12B0EA68CDE32E3DD19BB79ABA46A3.d.CE092697D20F38E8D2192680ED07B148.e.5156"}]}
COMMAND: GET /session/16f78b01815a2e3a707cc501cb0afb21/screenshot - {}
RESULT: {}
RESULT: {}
COMMAND: POST /session/16f78b01815a2e3a707cc501cb0afb21/element - {"using":"xpath","value":"//input[contains(@id ,\"yardId-inner\")]"}
RESULT: {"using":"xpath","value":"//input[contains(@id ,\"yardId-inner\")]"}
COMMAND: POST /session/16f78b01815a2e3a707cc501cb0afb21/execute/sync - {"script":"<script> [8489 bytes]","args":[{"element-6066-11e4-a52e-4f735466cecf":"f.2B12B0EA68CDE32E3DD19BB79ABA46A3.d.CE092697D20F38E8D2192680ED07B148.e.5240","ELEMENT":"f.2B12B0EA68CDE32E3DD19BB79ABA46A3.d.CE092697D20F38E8D2192680ED07B148.e.5240"}]}
RESULT: {"script":"<script> [8489 bytes]","args":[{"element-6066-11e4-a52e-4f735466cecf":"f.2B12B0EA68CDE32E3DD19BB79ABA46A3.d.CE092697D20F38E8D2192680ED07B148.e.5240","ELEMENT":"f.2B12B0EA68CDE32E3DD19BB79ABA46A3.d.CE092697D20F38E8D2192680ED07B148.e.5240"}]}
COMMAND: POST /session/16f78b01815a2e3a707cc501cb0afb21/element - {"using":"xpath","value":"//input[contains(@id ,\"requestContractNo-inner\")]"}
COMMAND: POST /session/16f78b01815a2e3a707cc501cb0afb21/element - {"using":"xpath","value":"//input[contains(@id ,\"requestContractNo-inner\")]"}
COMMAND: GET /session/16f78b01815a2e3a707cc501cb0afb21/screenshot - {}
RESULT: {"using":"xpath","value":"//input[contains(@id ,\"requestContractNo-inner\")]"}
COMMAND: POST /session/16f78b01815a2e3a707cc501cb0afb21/element/f.2B12B0EA68CDE32E3DD19BB79ABA46A3.d.CE092697D20F38E8D2192680ED07B148.e.5237/value - {"text":"10402"}
RESULT: {"using":"xpath","value":"//input[contains(@id ,\"requestContractNo-inner\")]"}
COMMAND: GET /session/16f78b01815a2e3a707cc501cb0afb21/element/f.2B12B0EA68CDE32E3DD19BB79ABA46A3.d.CE092697D20F38E8D2192680ED07B148.e.5237/enabled - {}
RESULT: {}
RESULT: {"text":"10402"}
COMMAND: GET /session/16f78b01815a2e3a707cc501cb0afb21/screenshot - {}
RESULT: {}
COMMAND: GET /session/16f78b01815a2e3a707cc501cb0afb21/screenshot - {}
RESULT: {}
RESULT: {}
COMMAND: POST /session/16f78b01815a2e3a707cc501cb0afb21/actions - {"actions":[{"id":"action24","type":"key","parameters":{},"actions":[{"type":"keyDown","value":"î€‡"},{"type":"pause","duration":10},{"type":"keyUp","value":"î€‡"}]}]}
RESULT: {"actions":[{"id":"action24","type":"key","parameters":{},"actions":[{"type":"keyDown","value":"î€‡"},{"type":"pause","duration":10},{"type":"keyUp","value":"î€‡"}]}]}
COMMAND: GET /session/16f78b01815a2e3a707cc501cb0afb21/screenshot - {}
RESULT: {}
COMMAND: POST /session/16f78b01815a2e3a707cc501cb0afb21/execute/async - {"script":"<script> [1562 bytes]","args":[{"selector":{"controlType":"sap.ui.core.Icon","viewName":"etm.portal.ui.managerequests.view.NewRequest","properties":{"src":{"regex":{"source":"add"}}}},"wdio_ui5_key":"etmportal.ui.managerequests.view.NewRequestsap.ui.core.Icon{\"src\":{\"regex\":{\"source\":\"add\"}}}"}]}
RESULT: {"script":"<script> [1562 bytes]","args":[{"selector":{"controlType":"sap.ui.core.Icon","viewName":"etm.portal.ui.managerequests.view.NewRequest","properties":{"src":{"regex":{"source":"add"}}}},"wdio_ui5_key":"etmportal.ui.managerequests.view.NewRequestsap.ui.core.Icon{\"src\":{\"regex\":{\"source\":\"add\"}}}"}]}
RESULT: undefined
COMMAND: POST /session/16f78b01815a2e3a707cc501cb0afb21/element - {"using":"xpath","value":"//*[@id=\"__xmlview61--btnAddTableRow-img\"]"}
RESULT: {"using":"xpath","value":"//*[@id=\"__xmlview61--btnAddTableRow-img\"]"}
COMMAND: POST /session/16f78b01815a2e3a707cc501cb0afb21/element/f.2B12B0EA68CDE32E3DD19BB79ABA46A3.d.CE092697D20F38E8D2192680ED07B148.e.5437/click - {}
RESULT: {}
COMMAND: GET /session/16f78b01815a2e3a707cc501cb0afb21/screenshot - {}
RESULT: {}
COMMAND: POST /session/16f78b01815a2e3a707cc501cb0afb21/execute/async - {"script":"<script> [1562 bytes]","args":[{"selector":{"controlType":"sap.ui.unified.MenuItem","viewName":"etm.portal.ui.managerequests.view.NewRequest","i18NText":{"propertyName":"text","key":"standardEntry"},"searchOpenDialogs":true,"interaction":{"idSuffix":"txt"}},"wdio_ui5_key":"etmportal.ui.managerequests.view.NewRequestsap.ui.unified.MenuItem{\"propertyName\":\"text\",\"key\":\"standardEntry\"}"}]}
RESULT: {"script":"<script> [1562 bytes]","args":[{"selector":{"controlType":"sap.ui.unified.MenuItem","viewName":"etm.portal.ui.managerequests.view.NewRequest","i18NText":{"propertyName":"text","key":"standardEntry"},"searchOpenDialogs":true,"interaction":{"idSuffix":"txt"}},"wdio_ui5_key":"etmportal.ui.managerequests.view.NewRequestsap.ui.unified.MenuItem{\"propertyName\":\"text\",\"key\":\"standardEntry\"}"}]}
RESULT: undefined
COMMAND: POST /session/16f78b01815a2e3a707cc501cb0afb21/element - {"using":"xpath","value":"//*[@id=\"__item2080\"]"}
RESULT: {"using":"xpath","value":"//*[@id=\"__item2080\"]"}
COMMAND: POST /session/16f78b01815a2e3a707cc501cb0afb21/element/f.2B12B0EA68CDE32E3DD19BB79ABA46A3.d.CE092697D20F38E8D2192680ED07B148.e.5441/click - {}
RESULT: {}
COMMAND: GET /session/16f78b01815a2e3a707cc501cb0afb21/screenshot - {}
RESULT: {}
RESULT: undefined
COMMAND: POST /session/16f78b01815a2e3a707cc501cb0afb21/element - {"using":"xpath","value":"//*[@id=\"__xmlview61--btnAddTableRow-img\"]"}
RESULT: {"using":"xpath","value":"//*[@id=\"__xmlview61--btnAddTableRow-img\"]"}
COMMAND: POST /session/16f78b01815a2e3a707cc501cb0afb21/element/f.2B12B0EA68CDE32E3DD19BB79ABA46A3.d.CE092697D20F38E8D2192680ED07B148.e.5437/click - {}
RESULT: {}
COMMAND: GET /session/16f78b01815a2e3a707cc501cb0afb21/screenshot - {}
RESULT: {}
RESULT: undefined
COMMAND: POST /session/16f78b01815a2e3a707cc501cb0afb21/element - {"using":"xpath","value":"//*[@id=\"__item2080\"]"}
RESULT: {"using":"xpath","value":"//*[@id=\"__item2080\"]"}
COMMAND: POST /session/16f78b01815a2e3a707cc501cb0afb21/element/f.2B12B0EA68CDE32E3DD19BB79ABA46A3.d.CE092697D20F38E8D2192680ED07B148.e.5453/click - {}
RESULT: {}
COMMAND: GET /session/16f78b01815a2e3a707cc501cb0afb21/screenshot - {}
RESULT: {}
COMMAND: POST /session/16f78b01815a2e3a707cc501cb0afb21/element - {"using":"xpath","value":"(//input[contains(@id ,\"requestItemsTable-0-inner\")])[1]"}
RESULT: {"using":"xpath","value":"(//input[contains(@id ,\"requestItemsTable-0-inner\")])[1]"}
COMMAND: POST /session/16f78b01815a2e3a707cc501cb0afb21/element/f.2B12B0EA68CDE32E3DD19BB79ABA46A3.d.CE092697D20F38E8D2192680ED07B148.e.5443/clear - {}
RESULT: {}
COMMAND: POST /session/16f78b01815a2e3a707cc501cb0afb21/element/f.2B12B0EA68CDE32E3DD19BB79ABA46A3.d.CE092697D20F38E8D2192680ED07B148.e.5443/value - {"text":"catalogItem9yh2ff"}
COMMAND: GET /session/16f78b01815a2e3a707cc501cb0afb21/screenshot - {}
RESULT: {"text":"catalogItem9yh2ff"}
COMMAND: GET /session/16f78b01815a2e3a707cc501cb0afb21/screenshot - {}
RESULT: {}
RESULT: {}
COMMAND: POST /session/16f78b01815a2e3a707cc501cb0afb21/actions - {"actions":[{"id":"action25","type":"key","parameters":{},"actions":[{"type":"keyDown","value":"î€‡"},{"type":"pause","duration":10},{"type":"keyUp","value":"î€‡"}]}]}
RESULT: {"actions":[{"id":"action25","type":"key","parameters":{},"actions":[{"type":"keyDown","value":"î€‡"},{"type":"pause","duration":10},{"type":"keyUp","value":"î€‡"}]}]}
COMMAND: POST /session/16f78b01815a2e3a707cc501cb0afb21/element - {"using":"xpath","value":"(//input[contains(@id ,\"requestItemsTable-1-inner\")])[1]"}
COMMAND: GET /session/16f78b01815a2e3a707cc501cb0afb21/screenshot - {}
RESULT: {"using":"xpath","value":"(//input[contains(@id ,\"requestItemsTable-1-inner\")])[1]"}
COMMAND: POST /session/16f78b01815a2e3a707cc501cb0afb21/element/f.2B12B0EA68CDE32E3DD19BB79ABA46A3.d.CE092697D20F38E8D2192680ED07B148.e.5455/clear - {}
RESULT: {}
RESULT: {}
COMMAND: POST /session/16f78b01815a2e3a707cc501cb0afb21/element/f.2B12B0EA68CDE32E3DD19BB79ABA46A3.d.CE092697D20F38E8D2192680ED07B148.e.5455/value - {"text":"catalogItem9yh2ff"}
COMMAND: GET /session/16f78b01815a2e3a707cc501cb0afb21/screenshot - {}
RESULT: {"text":"catalogItem9yh2ff"}
COMMAND: GET /session/16f78b01815a2e3a707cc501cb0afb21/screenshot - {}
RESULT: {}
RESULT: {}
COMMAND: POST /session/16f78b01815a2e3a707cc501cb0afb21/actions - {"actions":[{"id":"action26","type":"key","parameters":{},"actions":[{"type":"keyDown","value":"î€‡"},{"type":"pause","duration":10},{"type":"keyUp","value":"î€‡"}]}]}
RESULT: {"actions":[{"id":"action26","type":"key","parameters":{},"actions":[{"type":"keyDown","value":"î€‡"},{"type":"pause","duration":10},{"type":"keyUp","value":"î€‡"}]}]}
COMMAND: GET /session/16f78b01815a2e3a707cc501cb0afb21/screenshot - {}
RESULT: {}
COMMAND: POST /session/16f78b01815a2e3a707cc501cb0afb21/execute/async - {"script":"<script> [1562 bytes]","args":[{"selector":{"controlType":"sap.ui.core.Icon","viewName":"etm.portal.ui.managerequests.view.NewRequest","properties":{"src":{"regex":{"source":"slim\\-arrow\\-down"}}},"ancestor":{"controlType":"sap.m.Button","viewName":"etm.portal.ui.managerequests.view.NewRequest","properties":{"icon":"sap-icon://slim-arrow-down"}}},"wdio_ui5_key":"etmportal.ui.managerequests.view.NewRequestsap.ui.core.Icon{\"src\":{\"regex\":{\"source\":\"slim\\\\-arrow\\\\-down\"}}}{\"controlType\":\"sap.m.Button\",\"viewName\":\"etm.portal.ui.managerequests.view.NewRequest\",\"properties\":{\"icon\":\"sap-icon://slim-arrow-down\"}}"}]}
RESULT: {"script":"<script> [1562 bytes]","args":[{"selector":{"controlType":"sap.ui.core.Icon","viewName":"etm.portal.ui.managerequests.view.NewRequest","properties":{"src":{"regex":{"source":"slim\\-arrow\\-down"}}},"ancestor":{"controlType":"sap.m.Button","viewName":"etm.portal.ui.managerequests.view.NewRequest","properties":{"icon":"sap-icon://slim-arrow-down"}}},"wdio_ui5_key":"etmportal.ui.managerequests.view.NewRequestsap.ui.core.Icon{\"src\":{\"regex\":{\"source\":\"slim\\\\-arrow\\\\-down\"}}}{\"controlType\":\"sap.m.Button\",\"viewName\":\"etm.portal.ui.managerequests.view.NewRequest\",\"properties\":{\"icon\":\"sap-icon://slim-arrow-down\"}}"}]}
RESULT: undefined
COMMAND: POST /session/16f78b01815a2e3a707cc501cb0afb21/element - {"using":"xpath","value":"//*[@id=\"__title45-expandBtn-img\"]"}
RESULT: {"using":"xpath","value":"//*[@id=\"__title45-expandBtn-img\"]"}
COMMAND: POST /session/16f78b01815a2e3a707cc501cb0afb21/element/f.2B12B0EA68CDE32E3DD19BB79ABA46A3.d.CE092697D20F38E8D2192680ED07B148.e.5475/click - {}
RESULT: {}
COMMAND: POST /session/16f78b01815a2e3a707cc501cb0afb21/element - {"using":"xpath","value":"//div[contains(@data-kt ,\"splitAllocationObjectStatus\")]"}
COMMAND: GET /session/16f78b01815a2e3a707cc501cb0afb21/screenshot - {}
RESULT: {"using":"xpath","value":"//div[contains(@data-kt ,\"splitAllocationObjectStatus\")]"}
COMMAND: POST /session/16f78b01815a2e3a707cc501cb0afb21/elements - {"using":"xpath","value":"//div[contains(@data-kt ,\"splitAllocationObjectStatus\")]"}
RESULT: {}
RESULT: {"using":"xpath","value":"//div[contains(@data-kt ,\"splitAllocationObjectStatus\")]"}
COMMAND: POST /session/16f78b01815a2e3a707cc501cb0afb21/execute/async - {"script":"<script> [1562 bytes]","args":[{"selector":{"controlType":"sap.ui.core.Icon","viewName":"etm.portal.ui.managerequests.view.NewRequest","properties":{"src":{"regex":{"source":"message\\-error"}}},"ancestor":{"controlType":"sap.m.ColumnListItem","viewName":"etm.portal.ui.managerequests.view.NewRequest","bindingPath":{"modelName":"newRequestItems","path":"/RequestItems/0"},"ancestor":{"id":"requestItemsTable","viewName":"etm.portal.ui.managerequests.view.NewRequest"}}},"wdio_ui5_key":"etmportal.ui.managerequests.view.NewRequestsap.ui.core.Icon{\"src\":{\"regex\":{\"source\":\"message\\\\-error\"}}}{\"controlType\":\"sap.m.ColumnListItem\",\"viewName\":\"etm.portal.ui.managerequests.view.NewRequest\",\"bindingPath\":{\"modelName\":\"newRequestItems\",\"path\":\"/RequestItems/0\"},\"ancestor\":{\"id\":\"requestItemsTable\",\"viewName\":\"etm.portal.ui.managerequests.view.NewRequest\"}}"}]}
RESULT: {"script":"<script> [1562 bytes]","args":[{"selector":{"controlType":"sap.ui.core.Icon","viewName":"etm.portal.ui.managerequests.view.NewRequest","properties":{"src":{"regex":{"source":"message\\-error"}}},"ancestor":{"controlType":"sap.m.ColumnListItem","viewName":"etm.portal.ui.managerequests.view.NewRequest","bindingPath":{"modelName":"newRequestItems","path":"/RequestItems/0"},"ancestor":{"id":"requestItemsTable","viewName":"etm.portal.ui.managerequests.view.NewRequest"}}},"wdio_ui5_key":"etmportal.ui.managerequests.view.NewRequestsap.ui.core.Icon{\"src\":{\"regex\":{\"source\":\"message\\\\-error\"}}}{\"controlType\":\"sap.m.ColumnListItem\",\"viewName\":\"etm.portal.ui.managerequests.view.NewRequest\",\"bindingPath\":{\"modelName\":\"newRequestItems\",\"path\":\"/RequestItems/0\"},\"ancestor\":{\"id\":\"requestItemsTable\",\"viewName\":\"etm.portal.ui.managerequests.view.NewRequest\"}}"}]}
RESULT: undefined
COMMAND: POST /session/16f78b01815a2e3a707cc501cb0afb21/element - {"using":"xpath","value":"//*[@id=\"__status15-__xmlview61--requestItemsTable-0-icon\"]"}
RESULT: {"using":"xpath","value":"//*[@id=\"__status15-__xmlview61--requestItemsTable-0-icon\"]"}
COMMAND: POST /session/16f78b01815a2e3a707cc501cb0afb21/element/f.2B12B0EA68CDE32E3DD19BB79ABA46A3.d.CE092697D20F38E8D2192680ED07B148.e.5481/click - {}
RESULT: {}
COMMAND: GET /session/16f78b01815a2e3a707cc501cb0afb21/screenshot - {}
RESULT: {}
COMMAND: POST /session/16f78b01815a2e3a707cc501cb0afb21/execute/async - {"script":"<script> [1562 bytes]","args":[{"selector":{"id":"costObjectAdminTypeComboBox","viewName":"etm.portal.ui.managerequests.view.NewRequest","searchOpenDialogs":true,"interaction":{"idSuffix":"inner"}},"wdio_ui5_key":"costObjectAdminTypeComboBoxetmportal.ui.managerequests.view.NewRequest"}]}
RESULT: {"script":"<script> [1562 bytes]","args":[{"selector":{"id":"costObjectAdminTypeComboBox","viewName":"etm.portal.ui.managerequests.view.NewRequest","searchOpenDialogs":true,"interaction":{"idSuffix":"inner"}},"wdio_ui5_key":"costObjectAdminTypeComboBoxetmportal.ui.managerequests.view.NewRequest"}]}
RESULT: undefined
COMMAND: POST /session/16f78b01815a2e3a707cc501cb0afb21/execute/async - {"script":"<script> [776 bytes]","args":[{"enterText":"Cost Center","selector":{"id":"costObjectAdminTypeComboBox","viewName":"etm.portal.ui.managerequests.view.NewRequest","searchOpenDialogs":true,"interaction":{"idSuffix":"inner"}},"clearTextFirst":true,"interactionType":"ENTER_TEXT"}]}
RESULT: {"script":"<script> [776 bytes]","args":[{"enterText":"Cost Center","selector":{"id":"costObjectAdminTypeComboBox","viewName":"etm.portal.ui.managerequests.view.NewRequest","searchOpenDialogs":true,"interaction":{"idSuffix":"inner"}},"clearTextFirst":true,"interactionType":"ENTER_TEXT"}]}
COMMAND: POST /session/16f78b01815a2e3a707cc501cb0afb21/actions - {"actions":[{"id":"action27","type":"key","parameters":{},"actions":[{"type":"keyDown","value":"î€‡"},{"type":"pause","duration":10},{"type":"keyUp","value":"î€‡"}]}]}
RESULT: {"actions":[{"id":"action27","type":"key","parameters":{},"actions":[{"type":"keyDown","value":"î€‡"},{"type":"pause","duration":10},{"type":"keyUp","value":"î€‡"}]}]}
COMMAND: GET /session/16f78b01815a2e3a707cc501cb0afb21/screenshot - {}
RESULT: {}
COMMAND: POST /session/16f78b01815a2e3a707cc501cb0afb21/execute/async - {"script":"<script> [1562 bytes]","args":[{"selector":{"controlType":"sap.ui.core.Icon","viewName":"etm.portal.ui.managerequests.view.NewRequest","properties":{"src":{"regex":{"source":"value\\-help"}}},"searchOpenDialogs":true},"wdio_ui5_key":"etmportal.ui.managerequests.view.NewRequestsap.ui.core.Icon{\"src\":{\"regex\":{\"source\":\"value\\\\-help\"}}}"}]}
RESULT: {"script":"<script> [1562 bytes]","args":[{"selector":{"controlType":"sap.ui.core.Icon","viewName":"etm.portal.ui.managerequests.view.NewRequest","properties":{"src":{"regex":{"source":"value\\-help"}}},"searchOpenDialogs":true},"wdio_ui5_key":"etmportal.ui.managerequests.view.NewRequestsap.ui.core.Icon{\"src\":{\"regex\":{\"source\":\"value\\\\-help\"}}}"}]}
RESULT: undefined
COMMAND: POST /session/16f78b01815a2e3a707cc501cb0afb21/element - {"using":"xpath","value":"//*[@id=\"__xmlview61--costObjectIdComboBox-vhi\"]"}
RESULT: {"using":"xpath","value":"//*[@id=\"__xmlview61--costObjectIdComboBox-vhi\"]"}
COMMAND: POST /session/16f78b01815a2e3a707cc501cb0afb21/element/f.2B12B0EA68CDE32E3DD19BB79ABA46A3.d.CE092697D20F38E8D2192680ED07B148.e.5493/click - {}
RESULT: {}
COMMAND: POST /session/16f78b01815a2e3a707cc501cb0afb21/execute/async - {"script":"<script> [1562 bytes]","args":[{"selector":{"controlType":"sap.m.SearchField","properties":{"placeholder":"Search"},"searchOpenDialogs":true,"interaction":{"idSuffix":"I"}},"wdio_ui5_key":"sapm.SearchField{\"placeholder\":\"Search\"}"}]}
COMMAND: GET /session/16f78b01815a2e3a707cc501cb0afb21/screenshot - {}
RESULT: {"script":"<script> [1562 bytes]","args":[{"selector":{"controlType":"sap.m.SearchField","properties":{"placeholder":"Search"},"searchOpenDialogs":true,"interaction":{"idSuffix":"I"}},"wdio_ui5_key":"sapm.SearchField{\"placeholder\":\"Search\"}"}]}
RESULT: undefined
COMMAND: POST /session/16f78b01815a2e3a707cc501cb0afb21/execute/async - {"script":"<script> [776 bytes]","args":[{"enterText":"10001013","selector":{"controlType":"sap.m.SearchField","properties":{"placeholder":"Search"},"searchOpenDialogs":true,"interaction":{"idSuffix":"I"}},"clearTextFirst":true,"interactionType":"ENTER_TEXT"}]}
RESULT: {}
RESULT: {"script":"<script> [776 bytes]","args":[{"enterText":"10001013","selector":{"controlType":"sap.m.SearchField","properties":{"placeholder":"Search"},"searchOpenDialogs":true,"interaction":{"idSuffix":"I"}},"clearTextFirst":true,"interactionType":"ENTER_TEXT"}]}
COMMAND: POST /session/16f78b01815a2e3a707cc501cb0afb21/actions - {"actions":[{"id":"action28","type":"key","parameters":{},"actions":[{"type":"keyDown","value":"î€‡"},{"type":"pause","duration":10},{"type":"keyUp","value":"î€‡"}]}]}
RESULT: {"actions":[{"id":"action28","type":"key","parameters":{},"actions":[{"type":"keyDown","value":"î€‡"},{"type":"pause","duration":10},{"type":"keyUp","value":"î€‡"}]}]}
COMMAND: GET /session/16f78b01815a2e3a707cc501cb0afb21/screenshot - {}
RESULT: {}
COMMAND: POST /session/16f78b01815a2e3a707cc501cb0afb21/element - {"using":"xpath","value":"//span[contains(text(), \"General Management\")]"}
RESULT: {"using":"xpath","value":"//span[contains(text(), \"General Management\")]"}
COMMAND: POST /session/16f78b01815a2e3a707cc501cb0afb21/element/f.2B12B0EA68CDE32E3DD19BB79ABA46A3.d.CE092697D20F38E8D2192680ED07B148.e.5534/click - {}
RESULT: {}
COMMAND: GET /session/16f78b01815a2e3a707cc501cb0afb21/screenshot - {}
RESULT: {}
COMMAND: POST /session/16f78b01815a2e3a707cc501cb0afb21/element - {"using":"xpath","value":"//bdi[contains(text(), \"OK\")]"}
RESULT: {"using":"xpath","value":"//bdi[contains(text(), \"OK\")]"}
COMMAND: POST /session/16f78b01815a2e3a707cc501cb0afb21/element/f.2B12B0EA68CDE32E3DD19BB79ABA46A3.d.CE092697D20F38E8D2192680ED07B148.e.5535/click - {}
RESULT: {}
COMMAND: GET /session/16f78b01815a2e3a707cc501cb0afb21/screenshot - {}
RESULT: {}
COMMAND: POST /session/16f78b01815a2e3a707cc501cb0afb21/element - {"using":"xpath","value":"(//bdi[contains(@id ,\"BDI-content\")][contains(text(), \"Save\")])[1]"}
RESULT: {"using":"xpath","value":"(//bdi[contains(@id ,\"BDI-content\")][contains(text(), \"Save\")])[1]"}
COMMAND: POST /session/16f78b01815a2e3a707cc501cb0afb21/element/f.2B12B0EA68CDE32E3DD19BB79ABA46A3.d.CE092697D20F38E8D2192680ED07B148.e.5539/click - {}
RESULT: {}
COMMAND: GET /session/16f78b01815a2e3a707cc501cb0afb21/screenshot - {}
RESULT: {}
COMMAND: POST /session/16f78b01815a2e3a707cc501cb0afb21/execute/async - {"script":"<script> [1562 bytes]","args":[{"selector":{"controlType":"sap.ui.core.Icon","viewName":"etm.portal.ui.managerequests.view.NewRequest","properties":{"src":{"regex":{"source":"message\\-error"}}},"ancestor":{"controlType":"sap.m.ColumnListItem","viewName":"etm.portal.ui.managerequests.view.NewRequest","bindingPath":{"modelName":"newRequestItems","path":"/RequestItems/1"},"ancestor":{"id":"requestItemsTable","viewName":"etm.portal.ui.managerequests.view.NewRequest"}}},"wdio_ui5_key":"etmportal.ui.managerequests.view.NewRequestsap.ui.core.Icon{\"src\":{\"regex\":{\"source\":\"message\\\\-error\"}}}{\"controlType\":\"sap.m.ColumnListItem\",\"viewName\":\"etm.portal.ui.managerequests.view.NewRequest\",\"bindingPath\":{\"modelName\":\"newRequestItems\",\"path\":\"/RequestItems/1\"},\"ancestor\":{\"id\":\"requestItemsTable\",\"viewName\":\"etm.portal.ui.managerequests.view.NewRequest\"}}"}]}
RESULT: {"script":"<script> [1562 bytes]","args":[{"selector":{"controlType":"sap.ui.core.Icon","viewName":"etm.portal.ui.managerequests.view.NewRequest","properties":{"src":{"regex":{"source":"message\\-error"}}},"ancestor":{"controlType":"sap.m.ColumnListItem","viewName":"etm.portal.ui.managerequests.view.NewRequest","bindingPath":{"modelName":"newRequestItems","path":"/RequestItems/1"},"ancestor":{"id":"requestItemsTable","viewName":"etm.portal.ui.managerequests.view.NewRequest"}}},"wdio_ui5_key":"etmportal.ui.managerequests.view.NewRequestsap.ui.core.Icon{\"src\":{\"regex\":{\"source\":\"message\\\\-error\"}}}{\"controlType\":\"sap.m.ColumnListItem\",\"viewName\":\"etm.portal.ui.managerequests.view.NewRequest\",\"bindingPath\":{\"modelName\":\"newRequestItems\",\"path\":\"/RequestItems/1\"},\"ancestor\":{\"id\":\"requestItemsTable\",\"viewName\":\"etm.portal.ui.managerequests.view.NewRequest\"}}"}]}
RESULT: undefined
COMMAND: POST /session/16f78b01815a2e3a707cc501cb0afb21/element - {"using":"xpath","value":"//*[@id=\"__status15-__xmlview61--requestItemsTable-1-icon\"]"}
RESULT: {"using":"xpath","value":"//*[@id=\"__status15-__xmlview61--requestItemsTable-1-icon\"]"}
COMMAND: POST /session/16f78b01815a2e3a707cc501cb0afb21/element/f.2B12B0EA68CDE32E3DD19BB79ABA46A3.d.CE092697D20F38E8D2192680ED07B148.e.5542/click - {}
RESULT: {}
COMMAND: GET /session/16f78b01815a2e3a707cc501cb0afb21/screenshot - {}
RESULT: {}
RESULT: undefined
COMMAND: POST /session/16f78b01815a2e3a707cc501cb0afb21/execute/async - {"script":"<script> [776 bytes]","args":[{"enterText":"Cost Center","selector":{"id":"costObjectAdminTypeComboBox","viewName":"etm.portal.ui.managerequests.view.NewRequest","searchOpenDialogs":true,"interaction":{"idSuffix":"inner"}},"clearTextFirst":true,"interactionType":"ENTER_TEXT"}]}
RESULT: {"script":"<script> [776 bytes]","args":[{"enterText":"Cost Center","selector":{"id":"costObjectAdminTypeComboBox","viewName":"etm.portal.ui.managerequests.view.NewRequest","searchOpenDialogs":true,"interaction":{"idSuffix":"inner"}},"clearTextFirst":true,"interactionType":"ENTER_TEXT"}]}
COMMAND: POST /session/16f78b01815a2e3a707cc501cb0afb21/actions - {"actions":[{"id":"action29","type":"key","parameters":{},"actions":[{"type":"keyDown","value":"î€‡"},{"type":"pause","duration":10},{"type":"keyUp","value":"î€‡"}]}]}
RESULT: {"actions":[{"id":"action29","type":"key","parameters":{},"actions":[{"type":"keyDown","value":"î€‡"},{"type":"pause","duration":10},{"type":"keyUp","value":"î€‡"}]}]}
COMMAND: GET /session/16f78b01815a2e3a707cc501cb0afb21/screenshot - {}
RESULT: {}
RESULT: undefined
COMMAND: POST /session/16f78b01815a2e3a707cc501cb0afb21/element - {"using":"xpath","value":"//*[@id=\"__xmlview61--costObjectIdComboBox-vhi\"]"}
RESULT: {"using":"xpath","value":"//*[@id=\"__xmlview61--costObjectIdComboBox-vhi\"]"}
COMMAND: POST /session/16f78b01815a2e3a707cc501cb0afb21/element/f.2B12B0EA68CDE32E3DD19BB79ABA46A3.d.CE092697D20F38E8D2192680ED07B148.e.5552/click - {}
RESULT: {}
RESULT: undefined
COMMAND: POST /session/16f78b01815a2e3a707cc501cb0afb21/execute/async - {"script":"<script> [776 bytes]","args":[{"enterText":"10001013","selector":{"controlType":"sap.m.SearchField","properties":{"placeholder":"Search"},"searchOpenDialogs":true,"interaction":{"idSuffix":"I"}},"clearTextFirst":true,"interactionType":"ENTER_TEXT"}]}
COMMAND: GET /session/16f78b01815a2e3a707cc501cb0afb21/screenshot - {}
RESULT: {"script":"<script> [776 bytes]","args":[{"enterText":"10001013","selector":{"controlType":"sap.m.SearchField","properties":{"placeholder":"Search"},"searchOpenDialogs":true,"interaction":{"idSuffix":"I"}},"clearTextFirst":true,"interactionType":"ENTER_TEXT"}]}
COMMAND: POST /session/16f78b01815a2e3a707cc501cb0afb21/actions - {"actions":[{"id":"action30","type":"key","parameters":{},"actions":[{"type":"keyDown","value":"î€‡"},{"type":"pause","duration":10},{"type":"keyUp","value":"î€‡"}]}]}
RESULT: {}
RESULT: {"actions":[{"id":"action30","type":"key","parameters":{},"actions":[{"type":"keyDown","value":"î€‡"},{"type":"pause","duration":10},{"type":"keyUp","value":"î€‡"}]}]}
COMMAND: GET /session/16f78b01815a2e3a707cc501cb0afb21/screenshot - {}
RESULT: {}
COMMAND: POST /session/16f78b01815a2e3a707cc501cb0afb21/element - {"using":"xpath","value":"//span[contains(text(), \"General Management\")]"}
RESULT: {"using":"xpath","value":"//span[contains(text(), \"General Management\")]"}
COMMAND: POST /session/16f78b01815a2e3a707cc501cb0afb21/element/f.2B12B0EA68CDE32E3DD19BB79ABA46A3.d.CE092697D20F38E8D2192680ED07B148.e.5591/click - {}
RESULT: {}
COMMAND: GET /session/16f78b01815a2e3a707cc501cb0afb21/screenshot - {}
RESULT: {}
COMMAND: POST /session/16f78b01815a2e3a707cc501cb0afb21/element - {"using":"xpath","value":"//bdi[contains(text(), \"OK\")]"}
RESULT: {"using":"xpath","value":"//bdi[contains(text(), \"OK\")]"}
COMMAND: POST /session/16f78b01815a2e3a707cc501cb0afb21/element/f.2B12B0EA68CDE32E3DD19BB79ABA46A3.d.CE092697D20F38E8D2192680ED07B148.e.5592/click - {}
RESULT: {}
COMMAND: GET /session/16f78b01815a2e3a707cc501cb0afb21/screenshot - {}
RESULT: {}
COMMAND: POST /session/16f78b01815a2e3a707cc501cb0afb21/element - {"using":"xpath","value":"(//bdi[contains(@id ,\"BDI-content\")][contains(text(), \"Save\")])[1]"}
RESULT: {"using":"xpath","value":"(//bdi[contains(@id ,\"BDI-content\")][contains(text(), \"Save\")])[1]"}
COMMAND: POST /session/16f78b01815a2e3a707cc501cb0afb21/element/f.2B12B0EA68CDE32E3DD19BB79ABA46A3.d.CE092697D20F38E8D2192680ED07B148.e.5596/click - {}
RESULT: {}
COMMAND: GET /session/16f78b01815a2e3a707cc501cb0afb21/screenshot - {}
RESULT: {}
COMMAND: POST /session/16f78b01815a2e3a707cc501cb0afb21/execute/async - {"script":"<script> [1562 bytes]","args":[{"selector":{"controlType":"sap.m.Button","viewName":"etm.portal.ui.managerequests.view.NewRequest","i18NText":{"propertyName":"tooltip","key":"save"},"interaction":{"idSuffix":"content"}},"wdio_ui5_key":"etmportal.ui.managerequests.view.NewRequestsap.m.Button{\"propertyName\":\"tooltip\",\"key\":\"save\"}"}]}
RESULT: {"script":"<script> [1562 bytes]","args":[{"selector":{"controlType":"sap.m.Button","viewName":"etm.portal.ui.managerequests.view.NewRequest","i18NText":{"propertyName":"tooltip","key":"save"},"interaction":{"idSuffix":"content"}},"wdio_ui5_key":"etmportal.ui.managerequests.view.NewRequestsap.m.Button{\"propertyName\":\"tooltip\",\"key\":\"save\"}"}]}
RESULT: undefined
COMMAND: POST /session/16f78b01815a2e3a707cc501cb0afb21/element - {"using":"xpath","value":"//*[@id=\"__button101\"]"}
RESULT: {"using":"xpath","value":"//*[@id=\"__button101\"]"}
COMMAND: POST /session/16f78b01815a2e3a707cc501cb0afb21/element/f.2B12B0EA68CDE32E3DD19BB79ABA46A3.d.CE092697D20F38E8D2192680ED07B148.e.5355/click - {}
RESULT: {}
COMMAND: GET /session/16f78b01815a2e3a707cc501cb0afb21/screenshot - {}
RESULT: {}
COMMAND: POST /session/16f78b01815a2e3a707cc501cb0afb21/execute/async - {"script":"<script> [1562 bytes]","args":[{"selector":{"controlType":"sap.m.Title","properties":{"text":"Success"},"searchOpenDialogs":true},"wdio_ui5_key":"sapm.Title{\"text\":\"Success\"}"}]}
RESULT: {"script":"<script> [1562 bytes]","args":[{"selector":{"controlType":"sap.m.Title","properties":{"text":"Success"},"searchOpenDialogs":true},"wdio_ui5_key":"sapm.Title{\"text\":\"Success\"}"}]}
RESULT: undefined
COMMAND: POST /session/16f78b01815a2e3a707cc501cb0afb21/execute/async - {"script":"<script> [6424 bytes]","args":[{"element-6066-11e4-a52e-4f735466cecf":"f.2B12B0EA68CDE32E3DD19BB79ABA46A3.d.CE092697D20F38E8D2192680ED07B148.e.5602"},"getText",[]]}
RESULT: {"script":"<script> [6424 bytes]","args":[{"element-6066-11e4-a52e-4f735466cecf":"f.2B12B0EA68CDE32E3DD19BB79ABA46A3.d.CE092697D20F38E8D2192680ED07B148.e.5602"},"getText",[]]}
COMMAND: POST /session/16f78b01815a2e3a707cc501cb0afb21/execute/async - {"script":"<script> [1562 bytes]","args":[{"selector":{"controlType":"sap.m.Button","properties":{"text":"Close"},"searchOpenDialogs":true,"interaction":{"idSuffix":"BDI-content"}},"wdio_ui5_key":"sapm.Button{\"text\":\"Close\"}"}]}
RESULT: {"script":"<script> [1562 bytes]","args":[{"selector":{"controlType":"sap.m.Button","properties":{"text":"Close"},"searchOpenDialogs":true,"interaction":{"idSuffix":"BDI-content"}},"wdio_ui5_key":"sapm.Button{\"text\":\"Close\"}"}]}
RESULT: undefined
COMMAND: POST /session/16f78b01815a2e3a707cc501cb0afb21/element - {"using":"xpath","value":"//*[@id=\"__mbox-btn-4\"]"}
RESULT: {"using":"xpath","value":"//*[@id=\"__mbox-btn-4\"]"}
COMMAND: POST /session/16f78b01815a2e3a707cc501cb0afb21/element/f.2B12B0EA68CDE32E3DD19BB79ABA46A3.d.CE092697D20F38E8D2192680ED07B148.e.5601/click - {}
RESULT: {}
COMMAND: GET /session/16f78b01815a2e3a707cc501cb0afb21/screenshot - {}
RESULT: {}
COMMAND: POST /session/16f78b01815a2e3a707cc501cb0afb21/execute/async - {"script":"<script> [1562 bytes]","args":[{"selector":{"controlType":"sap.m.Text","viewName":"etm.portal.ui.managerequests.view.Detail","bindingPath":{"propertyPath":"NO","modelName":"catalogModel"}},"wdio_ui5_key":"etmportal.ui.managerequests.view.Detailsap.m.Text{\"propertyPath\":\"NO\",\"modelName\":\"catalogModel\"}"}]}
RESULT: {"script":"<script> [1562 bytes]","args":[{"selector":{"controlType":"sap.m.Text","viewName":"etm.portal.ui.managerequests.view.Detail","bindingPath":{"propertyPath":"NO","modelName":"catalogModel"}},"wdio_ui5_key":"etmportal.ui.managerequests.view.Detailsap.m.Text{\"propertyPath\":\"NO\",\"modelName\":\"catalogModel\"}"}]}
RESULT: undefined
COMMAND: POST /session/16f78b01815a2e3a707cc501cb0afb21/execute/async - {"script":"<script> [6424 bytes]","args":[{"element-6066-11e4-a52e-4f735466cecf":"f.2B12B0EA68CDE32E3DD19BB79ABA46A3.d.CE092697D20F38E8D2192680ED07B148.e.5732"},"getText",[]]}
RESULT: {"script":"<script> [6424 bytes]","args":[{"element-6066-11e4-a52e-4f735466cecf":"f.2B12B0EA68CDE32E3DD19BB79ABA46A3.d.CE092697D20F38E8D2192680ED07B148.e.5732"},"getText",[]]}
COMMAND: POST /session/16f78b01815a2e3a707cc501cb0afb21/execute/async - {"script":"<script> [1562 bytes]","args":[{"selector":{"controlType":"sap.ui.core.Icon","viewName":"etm.portal.ui.managerequests.view.Detail","properties":{"src":{"regex":{"source":"date\\-time"}}},"ancestor":{"controlType":"sap.m.ColumnListItem","viewName":"etm.portal.ui.managerequests.view.Detail","bindingPath":{"path":"/SmartRequestItemsPlanningBoard(ITEM=10m,REQUEST='20169')"},"ancestor":{"id":"requestItemsTable","viewName":"etm.portal.ui.managerequests.view.Detail"}}},"wdio_ui5_key":"etmportal.ui.managerequests.view.Detailsap.ui.core.Icon{\"src\":{\"regex\":{\"source\":\"date\\\\-time\"}}}{\"controlType\":\"sap.m.ColumnListItem\",\"viewName\":\"etm.portal.ui.managerequests.view.Detail\",\"bindingPath\":{\"path\":\"/SmartRequestItemsPlanningBoard(ITEM=10m,REQUEST='20169')\"},\"ancestor\":{\"id\":\"requestItemsTable\",\"viewName\":\"etm.portal.ui.managerequests.view.Detail\"}}"}]}
RESULT: {"script":"<script> [1562 bytes]","args":[{"selector":{"controlType":"sap.ui.core.Icon","viewName":"etm.portal.ui.managerequests.view.Detail","properties":{"src":{"regex":{"source":"date\\-time"}}},"ancestor":{"controlType":"sap.m.ColumnListItem","viewName":"etm.portal.ui.managerequests.view.Detail","bindingPath":{"path":"/SmartRequestItemsPlanningBoard(ITEM=10m,REQUEST='20169')"},"ancestor":{"id":"requestItemsTable","viewName":"etm.portal.ui.managerequests.view.Detail"}}},"wdio_ui5_key":"etmportal.ui.managerequests.view.Detailsap.ui.core.Icon{\"src\":{\"regex\":{\"source\":\"date\\\\-time\"}}}{\"controlType\":\"sap.m.ColumnListItem\",\"viewName\":\"etm.portal.ui.managerequests.view.Detail\",\"bindingPath\":{\"path\":\"/SmartRequestItemsPlanningBoard(ITEM=10m,REQUEST='20169')\"},\"ancestor\":{\"id\":\"requestItemsTable\",\"viewName\":\"etm.portal.ui.managerequests.view.Detail\"}}"}]}
RESULT: undefined
COMMAND: POST /session/16f78b01815a2e3a707cc501cb0afb21/element - {"using":"xpath","value":"//*[@id=\"__button129-__clone7951-img\"]"}
RESULT: {"using":"xpath","value":"//*[@id=\"__button129-__clone7951-img\"]"}
COMMAND: POST /session/16f78b01815a2e3a707cc501cb0afb21/element/f.2B12B0EA68CDE32E3DD19BB79ABA46A3.d.CE092697D20F38E8D2192680ED07B148.e.5733/click - {}
RESULT: {}
COMMAND: POST /session/16f78b01815a2e3a707cc501cb0afb21/execute/async - {"script":"<script> [1562 bytes]","args":[{"selector":{"controlType":"sap.m.Button","viewName":"etm.portal.ui.managerequests.view.Detail","properties":{"text":"Close"},"searchOpenDialogs":true,"interaction":{"idSuffix":"BDI-content"}},"wdio_ui5_key":"etmportal.ui.managerequests.view.Detailsap.m.Button{\"text\":\"Close\"}"}]}
COMMAND: GET /session/16f78b01815a2e3a707cc501cb0afb21/screenshot - {}
RESULT: {"script":"<script> [1562 bytes]","args":[{"selector":{"controlType":"sap.m.Button","viewName":"etm.portal.ui.managerequests.view.Detail","properties":{"text":"Close"},"searchOpenDialogs":true,"interaction":{"idSuffix":"BDI-content"}},"wdio_ui5_key":"etmportal.ui.managerequests.view.Detailsap.m.Button{\"text\":\"Close\"}"}]}
RESULT: undefined
COMMAND: POST /session/16f78b01815a2e3a707cc501cb0afb21/element - {"using":"xpath","value":"//*[@id=\"__button137\"]"}
RESULT: {}
RESULT: {"using":"xpath","value":"//*[@id=\"__button137\"]"}
COMMAND: POST /session/16f78b01815a2e3a707cc501cb0afb21/element/f.2B12B0EA68CDE32E3DD19BB79ABA46A3.d.CE092697D20F38E8D2192680ED07B148.e.5735/click - {}
RESULT: {}
COMMAND: POST /session/16f78b01815a2e3a707cc501cb0afb21/execute/async - {"script":"<script> [1562 bytes]","args":[{"selector":{"controlType":"sap.ui.core.Icon","viewName":"etm.portal.ui.managerequests.view.Detail","properties":{"src":{"regex":{"source":"date\\-time"}}},"ancestor":{"controlType":"sap.m.ColumnListItem","viewName":"etm.portal.ui.managerequests.view.Detail","bindingPath":{"path":"/SmartRequestItemsPlanningBoard(ITEM=20m,REQUEST='20169')"},"ancestor":{"id":"requestItemsTable","viewName":"etm.portal.ui.managerequests.view.Detail"}}},"wdio_ui5_key":"etmportal.ui.managerequests.view.Detailsap.ui.core.Icon{\"src\":{\"regex\":{\"source\":\"date\\\\-time\"}}}{\"controlType\":\"sap.m.ColumnListItem\",\"viewName\":\"etm.portal.ui.managerequests.view.Detail\",\"bindingPath\":{\"path\":\"/SmartRequestItemsPlanningBoard(ITEM=20m,REQUEST='20169')\"},\"ancestor\":{\"id\":\"requestItemsTable\",\"viewName\":\"etm.portal.ui.managerequests.view.Detail\"}}"}]}
COMMAND: GET /session/16f78b01815a2e3a707cc501cb0afb21/screenshot - {}
RESULT: {"script":"<script> [1562 bytes]","args":[{"selector":{"controlType":"sap.ui.core.Icon","viewName":"etm.portal.ui.managerequests.view.Detail","properties":{"src":{"regex":{"source":"date\\-time"}}},"ancestor":{"controlType":"sap.m.ColumnListItem","viewName":"etm.portal.ui.managerequests.view.Detail","bindingPath":{"path":"/SmartRequestItemsPlanningBoard(ITEM=20m,REQUEST='20169')"},"ancestor":{"id":"requestItemsTable","viewName":"etm.portal.ui.managerequests.view.Detail"}}},"wdio_ui5_key":"etmportal.ui.managerequests.view.Detailsap.ui.core.Icon{\"src\":{\"regex\":{\"source\":\"date\\\\-time\"}}}{\"controlType\":\"sap.m.ColumnListItem\",\"viewName\":\"etm.portal.ui.managerequests.view.Detail\",\"bindingPath\":{\"path\":\"/SmartRequestItemsPlanningBoard(ITEM=20m,REQUEST='20169')\"},\"ancestor\":{\"id\":\"requestItemsTable\",\"viewName\":\"etm.portal.ui.managerequests.view.Detail\"}}"}]}
RESULT: undefined
COMMAND: POST /session/16f78b01815a2e3a707cc501cb0afb21/element - {"using":"xpath","value":"//*[@id=\"__button129-__clone7952-img\"]"}
RESULT: {}
RESULT: {"using":"xpath","value":"//*[@id=\"__button129-__clone7952-img\"]"}
COMMAND: POST /session/16f78b01815a2e3a707cc501cb0afb21/element/f.2B12B0EA68CDE32E3DD19BB79ABA46A3.d.CE092697D20F38E8D2192680ED07B148.e.5742/click - {}
RESULT: {}
RESULT: undefined
COMMAND: POST /session/16f78b01815a2e3a707cc501cb0afb21/element - {"using":"xpath","value":"//*[@id=\"__button137\"]"}
COMMAND: GET /session/16f78b01815a2e3a707cc501cb0afb21/screenshot - {}
RESULT: {"using":"xpath","value":"//*[@id=\"__button137\"]"}
COMMAND: POST /session/16f78b01815a2e3a707cc501cb0afb21/elements - {"using":"xpath","value":"//*[@id=\"__button137\"]"}
RESULT: {}
RESULT: {"using":"xpath","value":"//*[@id=\"__button137\"]"}
COMMAND: POST /session/16f78b01815a2e3a707cc501cb0afb21/element - {"using":"xpath","value":"//*[@id=\"__button137\"]"}
RESULT: {"using":"xpath","value":"//*[@id=\"__button137\"]"}
COMMAND: POST /session/16f78b01815a2e3a707cc501cb0afb21/element/f.2B12B0EA68CDE32E3DD19BB79ABA46A3.d.CE092697D20F38E8D2192680ED07B148.e.5745/click - {}
RESULT: {}
COMMAND: POST /session/16f78b01815a2e3a707cc501cb0afb21/element - {"using":"css selector","value":"#shell-header-logo"}
COMMAND: GET /session/16f78b01815a2e3a707cc501cb0afb21/screenshot - {}
RESULT: {"using":"css selector","value":"#shell-header-logo"}
COMMAND: POST /session/16f78b01815a2e3a707cc501cb0afb21/element/f.2B12B0EA68CDE32E3DD19BB79ABA46A3.d.CE092697D20F38E8D2192680ED07B148.e.5046/click - {}
RESULT: {}
RESULT: {}
COMMAND: GET /session/16f78b01815a2e3a707cc501cb0afb21/screenshot - {}
RESULT: {}
]]></system-out>
    </testcase>
    <testcase classname="chrome.136_0_7103_93.windows.Standard_contract_-_add_contract_items_by_Insert_Request_US118222" name="Should insert the request into the contract" time="56.582">
      <system-out><![CDATA[
RESULT: undefined
COMMAND: POST /session/16f78b01815a2e3a707cc501cb0afb21/element - {"using":"xpath","value":"//*[@id=\"__tile130\"]"}
RESULT: {"using":"xpath","value":"//*[@id=\"__tile130\"]"}
COMMAND: POST /session/16f78b01815a2e3a707cc501cb0afb21/element/f.2B12B0EA68CDE32E3DD19BB79ABA46A3.d.CE092697D20F38E8D2192680ED07B148.e.4579/click - {}
RESULT: {}
COMMAND: GET /session/16f78b01815a2e3a707cc501cb0afb21/screenshot - {}
RESULT: {}
COMMAND: POST /session/16f78b01815a2e3a707cc501cb0afb21/elements - {"using":"xpath","value":"//span[text()='Error']"}
RESULT: {"using":"xpath","value":"//span[text()='Error']"}
COMMAND: POST /session/16f78b01815a2e3a707cc501cb0afb21/execute/async - {"script":"<script> [1562 bytes]","args":[{"selector":{"controlType":"sap.m.SearchField","viewName":"etm.portal.ui.managecontracts.view.Master","bindingPath":{"path":"","propertyPath":"/_BASIC_SEARCH_FIELD","modelName":"fi1t3rM0d31"},"interaction":{"idSuffix":"I"}},"wdio_ui5_key":"etmportal.ui.managecontracts.view.Mastersap.m.SearchField{\"path\":\"\",\"propertyPath\":\"/_BASIC_SEARCH_FIELD\",\"modelName\":\"fi1t3rM0d31\"}"}]}
RESULT: {"script":"<script> [1562 bytes]","args":[{"selector":{"controlType":"sap.m.SearchField","viewName":"etm.portal.ui.managecontracts.view.Master","bindingPath":{"path":"","propertyPath":"/_BASIC_SEARCH_FIELD","modelName":"fi1t3rM0d31"},"interaction":{"idSuffix":"I"}},"wdio_ui5_key":"etmportal.ui.managecontracts.view.Mastersap.m.SearchField{\"path\":\"\",\"propertyPath\":\"/_BASIC_SEARCH_FIELD\",\"modelName\":\"fi1t3rM0d31\"}"}]}
RESULT: undefined
COMMAND: POST /session/16f78b01815a2e3a707cc501cb0afb21/execute/async - {"script":"<script> [776 bytes]","args":[{"enterText":"10402","selector":{"controlType":"sap.m.SearchField","viewName":"etm.portal.ui.managecontracts.view.Master","bindingPath":{"path":"","propertyPath":"/_BASIC_SEARCH_FIELD","modelName":"fi1t3rM0d31"},"interaction":{"idSuffix":"I"}},"clearTextFirst":true,"interactionType":"ENTER_TEXT"}]}
RESULT: {"script":"<script> [776 bytes]","args":[{"enterText":"10402","selector":{"controlType":"sap.m.SearchField","viewName":"etm.portal.ui.managecontracts.view.Master","bindingPath":{"path":"","propertyPath":"/_BASIC_SEARCH_FIELD","modelName":"fi1t3rM0d31"},"interaction":{"idSuffix":"I"}},"clearTextFirst":true,"interactionType":"ENTER_TEXT"}]}
COMMAND: POST /session/16f78b01815a2e3a707cc501cb0afb21/actions - {"actions":[{"id":"action31","type":"key","parameters":{},"actions":[{"type":"keyDown","value":"î€‡"},{"type":"pause","duration":10},{"type":"keyUp","value":"î€‡"}]}]}
RESULT: {"actions":[{"id":"action31","type":"key","parameters":{},"actions":[{"type":"keyDown","value":"î€‡"},{"type":"pause","duration":10},{"type":"keyUp","value":"î€‡"}]}]}
COMMAND: GET /session/16f78b01815a2e3a707cc501cb0afb21/screenshot - {}
RESULT: {}
COMMAND: POST /session/16f78b01815a2e3a707cc501cb0afb21/execute/async - {"script":"<script> [1562 bytes]","args":[{"selector":{"controlType":"sap.ui.core.Icon","viewName":"etm.portal.ui.managecontracts.view.Master","properties":{"src":{"regex":{"source":"slim\\-arrow\\-right"}}}},"wdio_ui5_key":"etmportal.ui.managecontracts.view.Mastersap.ui.core.Icon{\"src\":{\"regex\":{\"source\":\"slim\\\\-arrow\\\\-right\"}}}"}]}
RESULT: {"script":"<script> [1562 bytes]","args":[{"selector":{"controlType":"sap.ui.core.Icon","viewName":"etm.portal.ui.managecontracts.view.Master","properties":{"src":{"regex":{"source":"slim\\-arrow\\-right"}}}},"wdio_ui5_key":"etmportal.ui.managecontracts.view.Mastersap.ui.core.Icon{\"src\":{\"regex\":{\"source\":\"slim\\\\-arrow\\\\-right\"}}}"}]}
RESULT: undefined
COMMAND: POST /session/16f78b01815a2e3a707cc501cb0afb21/element - {"using":"xpath","value":"//*[@id=\"__item2361-__clone8062-imgNav\"]"}
RESULT: {"using":"xpath","value":"//*[@id=\"__item2361-__clone8062-imgNav\"]"}
COMMAND: POST /session/16f78b01815a2e3a707cc501cb0afb21/element/f.2B12B0EA68CDE32E3DD19BB79ABA46A3.d.CE092697D20F38E8D2192680ED07B148.e.5872/click - {}
RESULT: {}
COMMAND: POST /session/16f78b01815a2e3a707cc501cb0afb21/execute/async - {"script":"<script> [1562 bytes]","args":[{"selector":{"id":"addRequestItemBtn","viewName":"etm.portal.ui.managecontracts.view.Detail","interaction":{"idSuffix":"BDI-content"}},"wdio_ui5_key":"addRequestItemBtnetmportal.ui.managecontracts.view.Detail"}]}
COMMAND: GET /session/16f78b01815a2e3a707cc501cb0afb21/screenshot - {}
RESULT: {"script":"<script> [1562 bytes]","args":[{"selector":{"id":"addRequestItemBtn","viewName":"etm.portal.ui.managecontracts.view.Detail","interaction":{"idSuffix":"BDI-content"}},"wdio_ui5_key":"addRequestItemBtnetmportal.ui.managecontracts.view.Detail"}]}
RESULT: undefined
COMMAND: POST /session/16f78b01815a2e3a707cc501cb0afb21/element - {"using":"xpath","value":"//*[@id=\"__xmlview64--addRequestItemBtn\"]"}
RESULT: {}
RESULT: {"using":"xpath","value":"//*[@id=\"__xmlview64--addRequestItemBtn\"]"}
COMMAND: POST /session/16f78b01815a2e3a707cc501cb0afb21/element/f.2B12B0EA68CDE32E3DD19BB79ABA46A3.d.CE092697D20F38E8D2192680ED07B148.e.5958/click - {}
RESULT: {}
COMMAND: GET /session/16f78b01815a2e3a707cc501cb0afb21/screenshot - {}
RESULT: {}
COMMAND: POST /session/16f78b01815a2e3a707cc501cb0afb21/element - {"using":"xpath","value":"//div[contains(@id ,\"popupRequestTable-sa-CbBg\")]"}
RESULT: {"using":"xpath","value":"//div[contains(@id ,\"popupRequestTable-sa-CbBg\")]"}
COMMAND: POST /session/16f78b01815a2e3a707cc501cb0afb21/element/f.2B12B0EA68CDE32E3DD19BB79ABA46A3.d.CE092697D20F38E8D2192680ED07B148.e.6061/click - {}
RESULT: {}
COMMAND: GET /session/16f78b01815a2e3a707cc501cb0afb21/screenshot - {}
RESULT: {}
COMMAND: POST /session/16f78b01815a2e3a707cc501cb0afb21/execute/async - {"script":"<script> [1562 bytes]","args":[{"selector":{"controlType":"sap.m.Button","viewName":"etm.portal.ui.managecontracts.view.Detail","i18NText":{"propertyName":"text","key":"selectionDone"},"searchOpenDialogs":true,"interaction":{"idSuffix":"BDI-content"}},"wdio_ui5_key":"etmportal.ui.managecontracts.view.Detailsap.m.Button{\"propertyName\":\"text\",\"key\":\"selectionDone\"}"}]}
RESULT: {"script":"<script> [1562 bytes]","args":[{"selector":{"controlType":"sap.m.Button","viewName":"etm.portal.ui.managecontracts.view.Detail","i18NText":{"propertyName":"text","key":"selectionDone"},"searchOpenDialogs":true,"interaction":{"idSuffix":"BDI-content"}},"wdio_ui5_key":"etmportal.ui.managecontracts.view.Detailsap.m.Button{\"propertyName\":\"text\",\"key\":\"selectionDone\"}"}]}
RESULT: undefined
COMMAND: POST /session/16f78b01815a2e3a707cc501cb0afb21/element - {"using":"xpath","value":"//*[@id=\"__button148\"]"}
RESULT: {"using":"xpath","value":"//*[@id=\"__button148\"]"}
COMMAND: POST /session/16f78b01815a2e3a707cc501cb0afb21/element/f.2B12B0EA68CDE32E3DD19BB79ABA46A3.d.CE092697D20F38E8D2192680ED07B148.e.6064/click - {}
RESULT: {}
COMMAND: POST /session/16f78b01815a2e3a707cc501cb0afb21/execute/async - {"script":"<script> [1562 bytes]","args":[{"selector":{"controlType":"sap.m.Text","properties":{"text":"Started processing request items into the contract."},"searchOpenDialogs":true},"wdio_ui5_key":"sapm.Text{\"text\":\"Started processing request items into the contract.\"}"}]}
COMMAND: GET /session/16f78b01815a2e3a707cc501cb0afb21/screenshot - {}
RESULT: {"script":"<script> [1562 bytes]","args":[{"selector":{"controlType":"sap.m.Text","properties":{"text":"Started processing request items into the contract."},"searchOpenDialogs":true},"wdio_ui5_key":"sapm.Text{\"text\":\"Started processing request items into the contract.\"}"}]}
RESULT: undefined
COMMAND: POST /session/16f78b01815a2e3a707cc501cb0afb21/execute/async - {"script":"<script> [6424 bytes]","args":[{"element-6066-11e4-a52e-4f735466cecf":"f.2B12B0EA68CDE32E3DD19BB79ABA46A3.d.CE092697D20F38E8D2192680ED07B148.e.6066"},"getText",[]]}
RESULT: {}
RESULT: {"script":"<script> [6424 bytes]","args":[{"element-6066-11e4-a52e-4f735466cecf":"f.2B12B0EA68CDE32E3DD19BB79ABA46A3.d.CE092697D20F38E8D2192680ED07B148.e.6066"},"getText",[]]}
COMMAND: POST /session/16f78b01815a2e3a707cc501cb0afb21/execute/async - {"script":"<script> [1562 bytes]","args":[{"selector":{"controlType":"sap.m.Button","properties":{"text":"OK"},"searchOpenDialogs":true,"interaction":{"idSuffix":"inner"}},"wdio_ui5_key":"sapm.Button{\"text\":\"OK\"}"}]}
RESULT: {"script":"<script> [1562 bytes]","args":[{"selector":{"controlType":"sap.m.Button","properties":{"text":"OK"},"searchOpenDialogs":true,"interaction":{"idSuffix":"inner"}},"wdio_ui5_key":"sapm.Button{\"text\":\"OK\"}"}]}
RESULT: undefined
COMMAND: POST /session/16f78b01815a2e3a707cc501cb0afb21/element - {"using":"xpath","value":"//*[@id=\"__mbox-btn-5\"]"}
RESULT: {"using":"xpath","value":"//*[@id=\"__mbox-btn-5\"]"}
COMMAND: POST /session/16f78b01815a2e3a707cc501cb0afb21/element/f.2B12B0EA68CDE32E3DD19BB79ABA46A3.d.CE092697D20F38E8D2192680ED07B148.e.6065/click - {}
RESULT: {}
COMMAND: POST /session/16f78b01815a2e3a707cc501cb0afb21/execute/async - {"script":"<script> [1562 bytes]","args":[{"selector":{"id":"headerBillingItemsTabFilter","viewName":"etm.portal.ui.managecontracts.view.Detail","interaction":{"idSuffix":"text"}},"wdio_ui5_key":"headerBillingItemsTabFilteretmportal.ui.managecontracts.view.Detail"}]}
COMMAND: GET /session/16f78b01815a2e3a707cc501cb0afb21/screenshot - {}
RESULT: {"script":"<script> [1562 bytes]","args":[{"selector":{"id":"headerBillingItemsTabFilter","viewName":"etm.portal.ui.managecontracts.view.Detail","interaction":{"idSuffix":"text"}},"wdio_ui5_key":"headerBillingItemsTabFilteretmportal.ui.managecontracts.view.Detail"}]}
RESULT: undefined
COMMAND: POST /session/16f78b01815a2e3a707cc501cb0afb21/element - {"using":"xpath","value":"//*[@id=\"__xmlview64--headerBillingItemsTabFilter\"]"}
RESULT: {}
RESULT: {"using":"xpath","value":"//*[@id=\"__xmlview64--headerBillingItemsTabFilter\"]"}
COMMAND: POST /session/16f78b01815a2e3a707cc501cb0afb21/element/f.2B12B0EA68CDE32E3DD19BB79ABA46A3.d.CE092697D20F38E8D2192680ED07B148.e.6076/click - {}
RESULT: {}
COMMAND: GET /session/16f78b01815a2e3a707cc501cb0afb21/screenshot - {}
RESULT: {}
COMMAND: POST /session/16f78b01815a2e3a707cc501cb0afb21/execute/async - {"script":"<script> [1562 bytes]","args":[{"selector":{"controlType":"sap.ui.core.Icon","viewName":"etm.portal.ui.managecontracts.view.Detail","properties":{"src":{"regex":{"source":"synchronize"}}}},"wdio_ui5_key":"etmportal.ui.managecontracts.view.Detailsap.ui.core.Icon{\"src\":{\"regex\":{\"source\":\"synchronize\"}}}"}]}
RESULT: {"script":"<script> [1562 bytes]","args":[{"selector":{"controlType":"sap.ui.core.Icon","viewName":"etm.portal.ui.managecontracts.view.Detail","properties":{"src":{"regex":{"source":"synchronize"}}}},"wdio_ui5_key":"etmportal.ui.managecontracts.view.Detailsap.ui.core.Icon{\"src\":{\"regex\":{\"source\":\"synchronize\"}}}"}]}
RESULT: undefined
COMMAND: POST /session/16f78b01815a2e3a707cc501cb0afb21/element - {"using":"xpath","value":"//*[@id=\"__xmlview64--btnToggleUpdate-img\"]"}
RESULT: {"using":"xpath","value":"//*[@id=\"__xmlview64--btnToggleUpdate-img\"]"}
COMMAND: POST /session/16f78b01815a2e3a707cc501cb0afb21/element/f.2B12B0EA68CDE32E3DD19BB79ABA46A3.d.CE092697D20F38E8D2192680ED07B148.e.5957/click - {}
RESULT: {}
COMMAND: GET /session/16f78b01815a2e3a707cc501cb0afb21/screenshot - {}
RESULT: {}
RESULT: undefined
COMMAND: POST /session/16f78b01815a2e3a707cc501cb0afb21/element - {"using":"xpath","value":"//*[@id=\"__xmlview64--headerBillingItemsTabFilter\"]"}
RESULT: {"using":"xpath","value":"//*[@id=\"__xmlview64--headerBillingItemsTabFilter\"]"}
COMMAND: POST /session/16f78b01815a2e3a707cc501cb0afb21/element/f.2B12B0EA68CDE32E3DD19BB79ABA46A3.d.CE092697D20F38E8D2192680ED07B148.e.6076/click - {}
RESULT: {}
COMMAND: POST /session/16f78b01815a2e3a707cc501cb0afb21/execute/async - {"script":"<script> [1562 bytes]","args":[{"selector":{"controlType":"sap.m.Title","viewName":"etm.portal.ui.managecontracts.view.Detail","properties":{"text":"Contract Items (2)"}},"wdio_ui5_key":"etmportal.ui.managecontracts.view.Detailsap.m.Title{\"text\":\"Contract Items (2)\"}"}]}
COMMAND: GET /session/16f78b01815a2e3a707cc501cb0afb21/screenshot - {}
RESULT: {"script":"<script> [1562 bytes]","args":[{"selector":{"controlType":"sap.m.Title","viewName":"etm.portal.ui.managecontracts.view.Detail","properties":{"text":"Contract Items (2)"}},"wdio_ui5_key":"etmportal.ui.managecontracts.view.Detailsap.m.Title{\"text\":\"Contract Items (2)\"}"}]}
RESULT: undefined
COMMAND: POST /session/16f78b01815a2e3a707cc501cb0afb21/execute/async - {"script":"<script> [6424 bytes]","args":[{"element-6066-11e4-a52e-4f735466cecf":"f.2B12B0EA68CDE32E3DD19BB79ABA46A3.d.CE092697D20F38E8D2192680ED07B148.e.6084"},"getText",[]]}
RESULT: {}
RESULT: {"script":"<script> [6424 bytes]","args":[{"element-6066-11e4-a52e-4f735466cecf":"f.2B12B0EA68CDE32E3DD19BB79ABA46A3.d.CE092697D20F38E8D2192680ED07B148.e.6084"},"getText",[]]}
COMMAND: POST /session/16f78b01815a2e3a707cc501cb0afb21/execute/async - {"script":"<script> [1562 bytes]","args":[{"selector":{"controlType":"sap.m.ObjectStatus","viewName":"etm.portal.ui.managecontracts.view.Detail","bindingPath":{"path":"/SmartContractItems(CONTRACT='10402',ITEM=10m,SUB_ITEM=0m)","propertyPath":"STATUS"}},"wdio_ui5_key":"etmportal.ui.managecontracts.view.Detailsap.m.ObjectStatus{\"path\":\"/SmartContractItems(CONTRACT='10402',ITEM=10m,SUB_ITEM=0m)\",\"propertyPath\":\"STATUS\"}"}]}
RESULT: {"script":"<script> [1562 bytes]","args":[{"selector":{"controlType":"sap.m.ObjectStatus","viewName":"etm.portal.ui.managecontracts.view.Detail","bindingPath":{"path":"/SmartContractItems(CONTRACT='10402',ITEM=10m,SUB_ITEM=0m)","propertyPath":"STATUS"}},"wdio_ui5_key":"etmportal.ui.managecontracts.view.Detailsap.m.ObjectStatus{\"path\":\"/SmartContractItems(CONTRACT='10402',ITEM=10m,SUB_ITEM=0m)\",\"propertyPath\":\"STATUS\"}"}]}
RESULT: undefined
COMMAND: POST /session/16f78b01815a2e3a707cc501cb0afb21/execute/async - {"script":"<script> [6424 bytes]","args":[{"element-6066-11e4-a52e-4f735466cecf":"f.2B12B0EA68CDE32E3DD19BB79ABA46A3.d.CE092697D20F38E8D2192680ED07B148.e.6086"},"getText",[]]}
RESULT: {"script":"<script> [6424 bytes]","args":[{"element-6066-11e4-a52e-4f735466cecf":"f.2B12B0EA68CDE32E3DD19BB79ABA46A3.d.CE092697D20F38E8D2192680ED07B148.e.6086"},"getText",[]]}
COMMAND: POST /session/16f78b01815a2e3a707cc501cb0afb21/execute/async - {"script":"<script> [1562 bytes]","args":[{"selector":{"controlType":"sap.m.ObjectStatus","viewName":"etm.portal.ui.managecontracts.view.Detail","bindingPath":{"path":"/SmartContractItems(CONTRACT='10402',ITEM=20m,SUB_ITEM=0m)","propertyPath":"STATUS"}},"wdio_ui5_key":"etmportal.ui.managecontracts.view.Detailsap.m.ObjectStatus{\"path\":\"/SmartContractItems(CONTRACT='10402',ITEM=20m,SUB_ITEM=0m)\",\"propertyPath\":\"STATUS\"}"}]}
RESULT: {"script":"<script> [1562 bytes]","args":[{"selector":{"controlType":"sap.m.ObjectStatus","viewName":"etm.portal.ui.managecontracts.view.Detail","bindingPath":{"path":"/SmartContractItems(CONTRACT='10402',ITEM=20m,SUB_ITEM=0m)","propertyPath":"STATUS"}},"wdio_ui5_key":"etmportal.ui.managecontracts.view.Detailsap.m.ObjectStatus{\"path\":\"/SmartContractItems(CONTRACT='10402',ITEM=20m,SUB_ITEM=0m)\",\"propertyPath\":\"STATUS\"}"}]}
RESULT: undefined
COMMAND: POST /session/16f78b01815a2e3a707cc501cb0afb21/execute/async - {"script":"<script> [6424 bytes]","args":[{"element-6066-11e4-a52e-4f735466cecf":"f.2B12B0EA68CDE32E3DD19BB79ABA46A3.d.CE092697D20F38E8D2192680ED07B148.e.6087"},"getText",[]]}
RESULT: {"script":"<script> [6424 bytes]","args":[{"element-6066-11e4-a52e-4f735466cecf":"f.2B12B0EA68CDE32E3DD19BB79ABA46A3.d.CE092697D20F38E8D2192680ED07B148.e.6087"},"getText",[]]}
]]></system-out>
    </testcase>
  </testsuite>
  <testsuite timestamp="2025-05-19T18:05:29" time="81.463" tests="1" failures="0" errors="0" skipped="0">
    <properties>
      <property name="specId" value="0" />
      <property name="suiteName" value="Manage contracts - revert request US152962" />
      <property name="capabilities" value="chrome.136_0_7103_93.windows" />
      <property name="file" value="file:///D:/a/1/s/test/specs/R2C/manage-contracts-revert-request.spec.js" />
    </properties>
    <testcase classname="chrome.136_0_7103_93.windows.Manage_contracts_-_revert_request_US152962" name="Should revert the request" time="81.461">
      <system-out><![CDATA[
COMMAND: POST /session/16f78b01815a2e3a707cc501cb0afb21/execute/async - {"script":"<script> [1562 bytes]","args":[{"selector":{"id":"revertPlanningBtn","viewName":"etm.portal.ui.managecontracts.view.Detail","interaction":{"idSuffix":"BDI-content"}},"wdio_ui5_key":"revertPlanningBtnetmportal.ui.managecontracts.view.Detail"}]}
RESULT: {"script":"<script> [1562 bytes]","args":[{"selector":{"id":"revertPlanningBtn","viewName":"etm.portal.ui.managecontracts.view.Detail","interaction":{"idSuffix":"BDI-content"}},"wdio_ui5_key":"revertPlanningBtnetmportal.ui.managecontracts.view.Detail"}]}
RESULT: undefined
COMMAND: POST /session/16f78b01815a2e3a707cc501cb0afb21/element - {"using":"xpath","value":"//*[@id=\"__xmlview64--revertPlanningBtn\"]"}
RESULT: {"using":"xpath","value":"//*[@id=\"__xmlview64--revertPlanningBtn\"]"}
COMMAND: POST /session/16f78b01815a2e3a707cc501cb0afb21/element/f.2B12B0EA68CDE32E3DD19BB79ABA46A3.d.CE092697D20F38E8D2192680ED07B148.e.5961/click - {}
RESULT: {}
COMMAND: POST /session/16f78b01815a2e3a707cc501cb0afb21/element - {"using":"xpath","value":"(//div[contains(@id ,\"selectMulti-CbBg\")])[2]"}
COMMAND: GET /session/16f78b01815a2e3a707cc501cb0afb21/screenshot - {}
RESULT: {"using":"xpath","value":"(//div[contains(@id ,\"selectMulti-CbBg\")])[2]"}
COMMAND: POST /session/16f78b01815a2e3a707cc501cb0afb21/element/f.2B12B0EA68CDE32E3DD19BB79ABA46A3.d.CE092697D20F38E8D2192680ED07B148.e.6133/click - {}
RESULT: {}
RESULT: {}
COMMAND: GET /session/16f78b01815a2e3a707cc501cb0afb21/screenshot - {}
RESULT: {}
COMMAND: POST /session/16f78b01815a2e3a707cc501cb0afb21/element - {"using":"xpath","value":"//span[contains(@id ,\"executeRevertPlanningBtn-content\")]"}
RESULT: {"using":"xpath","value":"//span[contains(@id ,\"executeRevertPlanningBtn-content\")]"}
COMMAND: POST /session/16f78b01815a2e3a707cc501cb0afb21/element/f.2B12B0EA68CDE32E3DD19BB79ABA46A3.d.CE092697D20F38E8D2192680ED07B148.e.6135/click - {}
RESULT: {}
COMMAND: GET /session/16f78b01815a2e3a707cc501cb0afb21/screenshot - {}
RESULT: {}
COMMAND: POST /session/16f78b01815a2e3a707cc501cb0afb21/actions - {"actions":[{"id":"action32","type":"key","parameters":{},"actions":[{"type":"keyDown","value":"î€‡"},{"type":"pause","duration":10},{"type":"keyUp","value":"î€‡"}]}]}
RESULT: {"actions":[{"id":"action32","type":"key","parameters":{},"actions":[{"type":"keyDown","value":"î€‡"},{"type":"pause","duration":10},{"type":"keyUp","value":"î€‡"}]}]}
COMMAND: GET /session/16f78b01815a2e3a707cc501cb0afb21/screenshot - {}
RESULT: {}
COMMAND: POST /session/16f78b01815a2e3a707cc501cb0afb21/refresh - {}
RESULT: {}
COMMAND: GET /session/16f78b01815a2e3a707cc501cb0afb21/screenshot - {}
RESULT: {}
COMMAND: POST /session/16f78b01815a2e3a707cc501cb0afb21/execute/async - {"script":"<script> [189 bytes]","args":[]}
RESULT: {"script":"<script> [189 bytes]","args":[]}
COMMAND: POST /session/16f78b01815a2e3a707cc501cb0afb21/execute/async - {"script":"<script> [123 bytes]","args":[]}
RESULT: {"script":"<script> [123 bytes]","args":[]}
COMMAND: POST /session/16f78b01815a2e3a707cc501cb0afb21/timeouts - {"script":"<number>"}
RESULT: {"script":"<number>"}
COMMAND: GET /session/16f78b01815a2e3a707cc501cb0afb21/timeouts - {}
RESULT: {}
RESULT: undefined
COMMAND: POST /session/16f78b01815a2e3a707cc501cb0afb21/execute/async - {"script":"<script> [2676 bytes]","args":[]}
RESULT: {"script":"<script> [2676 bytes]","args":[]}
COMMAND: POST /session/16f78b01815a2e3a707cc501cb0afb21/execute/async - {"script":"<script> [2342 bytes]","args":[{"protocol":"http","hostname":"0.0.0.0","path":"/","capabilities":{"browserName":"chrome","goog:chromeOptions":{"binary":"C:\\Program Files\\Google\\Chrome\\Application\\chrome.exe","args":["--start-maximized"]}},"logLevel":"warn","connectionRetryTimeout":120000,"connectionRetryCount":3,"logLevels":{},"enableDirectConnect":true,"strictSSL":true,"_":"65 more keys: [\"cacheDir\",\"port\",\"requestedCapabilities\",\"automationProtocol\",\"baseUrl\",\"waitforInterval\",\"waitforTimeout\",\"onReload\",\"beforeCommand\",\"afterCommand\",\"rootDir\",\"specs\",\"suites\",\"exclude\",\"groupLogsByTestSpec\",\"excludeDriverLogs\",\"bail\",\"framework\",\"reporters\",\"services\",\"maxInstances\",\"maxInstancesPerCapability\",\"injectGlobals\",\"filesToWatch\",\"execArgv\",\"runnerEnv\",\"runner\",\"shard\",\"specFileRetries\",\"specFileRetriesDelay\",\"specFileRetriesDeferred\",\"reporterSyncInterval\",\"reporterSyncTimeout\",\"cucumberFeaturesWithLineNumbers\",\"autoCompileOpts\",\"mochaOpts\",\"jasmineOpts\",\"cucumberOpts\",\"onPrepare\",\"onWorkerStart\",\"onWorkerEnd\",\"before\",\"beforeSession\",\"beforeSuite\",\"beforeHook\",\"beforeTest\",\"afterTest\",\"afterHook\",\"afterSuite\",\"afterSession\",\"after\",\"onComplete\",\"beforeAssertion\",\"afterAssertion\",\"beforeFeature\",\"beforeScenario\",\"beforeStep\",\"afterStep\",\"afterScenario\",\"afterFeature\",\"_\",\"suite\",\"$0\",\"ignoredWorkerServices\",\"wdi5\"]"}]}
RESULT: {"script":"<script> [2342 bytes]","args":[{"protocol":"http","hostname":"0.0.0.0","path":"/","capabilities":{"browserName":"chrome","goog:chromeOptions":{"binary":"C:\\Program Files\\Google\\Chrome\\Application\\chrome.exe","args":["--start-maximized"]}},"logLevel":"warn","connectionRetryTimeout":120000,"connectionRetryCount":3,"logLevels":{},"enableDirectConnect":true,"strictSSL":true,"_":"65 more keys: [\"cacheDir\",\"port\",\"requestedCapabilities\",\"automationProtocol\",\"baseUrl\",\"waitforInterval\",\"waitforTimeout\",\"onReload\",\"beforeCommand\",\"afterCommand\",\"rootDir\",\"specs\",\"suites\",\"exclude\",\"groupLogsByTestSpec\",\"excludeDriverLogs\",\"bail\",\"framework\",\"reporters\",\"services\",\"maxInstances\",\"maxInstancesPerCapability\",\"injectGlobals\",\"filesToWatch\",\"execArgv\",\"runnerEnv\",\"runner\",\"shard\",\"specFileRetries\",\"specFileRetriesDelay\",\"specFileRetriesDeferred\",\"reporterSyncInterval\",\"reporterSyncTimeout\",\"cucumberFeaturesWithLineNumbers\",\"autoCompileOpts\",\"mochaOpts\",\"jasmineOpts\",\"cucumberOpts\",\"onPrepare\",\"onWorkerStart\",\"onWorkerEnd\",\"before\",\"beforeSession\",\"beforeSuite\",\"beforeHook\",\"beforeTest\",\"afterTest\",\"afterHook\",\"afterSuite\",\"afterSession\",\"after\",\"onComplete\",\"beforeAssertion\",\"afterAssertion\",\"beforeFeature\",\"beforeScenario\",\"beforeStep\",\"afterStep\",\"afterScenario\",\"afterFeature\",\"_\",\"suite\",\"$0\",\"ignoredWorkerServices\",\"wdi5\"]"}]}
COMMAND: POST /session/16f78b01815a2e3a707cc501cb0afb21/execute/async - {"script":"<script> [21126 bytes]","args":[35000]}
RESULT: {"script":"<script> [21126 bytes]","args":[35000]}
COMMAND: POST /session/16f78b01815a2e3a707cc501cb0afb21/execute/async - {"script":"<script> [1562 bytes]","args":[{"selector":{"controlType":"sap.m.Title","viewName":"etm.portal.ui.managecontracts.view.Detail","properties":{"text":"Contract Items (1)"}},"wdio_ui5_key":"etmportal.ui.managecontracts.view.Detailsap.m.Title{\"text\":\"Contract Items (1)\"}"}]}
RESULT: {"script":"<script> [1562 bytes]","args":[{"selector":{"controlType":"sap.m.Title","viewName":"etm.portal.ui.managecontracts.view.Detail","properties":{"text":"Contract Items (1)"}},"wdio_ui5_key":"etmportal.ui.managecontracts.view.Detailsap.m.Title{\"text\":\"Contract Items (1)\"}"}]}
RESULT: undefined
COMMAND: POST /session/16f78b01815a2e3a707cc501cb0afb21/execute/async - {"script":"<script> [6424 bytes]","args":[{"element-6066-11e4-a52e-4f735466cecf":"f.2B12B0EA68CDE32E3DD19BB79ABA46A3.d.C8F9EB822A534685122854F59501940C.e.6369"},"getText",[]]}
RESULT: {"script":"<script> [6424 bytes]","args":[{"element-6066-11e4-a52e-4f735466cecf":"f.2B12B0EA68CDE32E3DD19BB79ABA46A3.d.C8F9EB822A534685122854F59501940C.e.6369"},"getText",[]]}
COMMAND: POST /session/16f78b01815a2e3a707cc501cb0afb21/execute/async - {"script":"<script> [1562 bytes]","args":[{"selector":{"id":"contractDetailEditBtn","viewName":"etm.portal.ui.managecontracts.view.Detail","interaction":{"idSuffix":"inner"}},"wdio_ui5_key":"contractDetailEditBtnetmportal.ui.managecontracts.view.Detail"}]}
RESULT: {"script":"<script> [1562 bytes]","args":[{"selector":{"id":"contractDetailEditBtn","viewName":"etm.portal.ui.managecontracts.view.Detail","interaction":{"idSuffix":"inner"}},"wdio_ui5_key":"contractDetailEditBtnetmportal.ui.managecontracts.view.Detail"}]}
RESULT: undefined
COMMAND: POST /session/16f78b01815a2e3a707cc501cb0afb21/element - {"using":"xpath","value":"//*[@id=\"__xmlview1--contractDetailEditBtn\"]"}
RESULT: {"using":"xpath","value":"//*[@id=\"__xmlview1--contractDetailEditBtn\"]"}
COMMAND: POST /session/16f78b01815a2e3a707cc501cb0afb21/element/f.2B12B0EA68CDE32E3DD19BB79ABA46A3.d.C8F9EB822A534685122854F59501940C.e.6210/click - {}
RESULT: {}
COMMAND: GET /session/16f78b01815a2e3a707cc501cb0afb21/screenshot - {}
RESULT: {}
COMMAND: POST /session/16f78b01815a2e3a707cc501cb0afb21/element - {"using":"xpath","value":"(//span[contains(text(), \"Header Billing Items\")])[2]"}
RESULT: {"using":"xpath","value":"(//span[contains(text(), \"Header Billing Items\")])[2]"}
COMMAND: POST /session/16f78b01815a2e3a707cc501cb0afb21/element/f.2B12B0EA68CDE32E3DD19BB79ABA46A3.d.C8F9EB822A534685122854F59501940C.e.6434/click - {}
RESULT: {}
COMMAND: GET /session/16f78b01815a2e3a707cc501cb0afb21/screenshot - {}
RESULT: {}
COMMAND: POST /session/16f78b01815a2e3a707cc501cb0afb21/element - {"using":"xpath","value":"//div[contains(@id ,\"ProductsTable-sa-CbBg\")]"}
RESULT: {"using":"xpath","value":"//div[contains(@id ,\"ProductsTable-sa-CbBg\")]"}
COMMAND: POST /session/16f78b01815a2e3a707cc501cb0afb21/element/f.2B12B0EA68CDE32E3DD19BB79ABA46A3.d.C8F9EB822A534685122854F59501940C.e.6437/click - {}
RESULT: {}
COMMAND: GET /session/16f78b01815a2e3a707cc501cb0afb21/screenshot - {}
RESULT: {}
COMMAND: POST /session/16f78b01815a2e3a707cc501cb0afb21/execute/async - {"script":"<script> [1562 bytes]","args":[{"selector":{"id":"deleteBtn","viewName":"etm.portal.ui.managecontracts.view.EditContract","interaction":{"idSuffix":"BDI-content"}},"wdio_ui5_key":"deleteBtnetmportal.ui.managecontracts.view.EditContract"}]}
RESULT: {"script":"<script> [1562 bytes]","args":[{"selector":{"id":"deleteBtn","viewName":"etm.portal.ui.managecontracts.view.EditContract","interaction":{"idSuffix":"BDI-content"}},"wdio_ui5_key":"deleteBtnetmportal.ui.managecontracts.view.EditContract"}]}
RESULT: undefined
COMMAND: POST /session/16f78b01815a2e3a707cc501cb0afb21/element - {"using":"xpath","value":"//*[@id=\"__xmlview2--deleteBtn\"]"}
RESULT: {"using":"xpath","value":"//*[@id=\"__xmlview2--deleteBtn\"]"}
COMMAND: POST /session/16f78b01815a2e3a707cc501cb0afb21/element/f.2B12B0EA68CDE32E3DD19BB79ABA46A3.d.C8F9EB822A534685122854F59501940C.e.6440/click - {}
RESULT: {}
COMMAND: POST /session/16f78b01815a2e3a707cc501cb0afb21/element - {"using":"xpath","value":"//bdi[contains(@id ,\"BDI-content\")][contains(text(), \"OK\")]"}
COMMAND: GET /session/16f78b01815a2e3a707cc501cb0afb21/screenshot - {}
RESULT: {"using":"xpath","value":"//bdi[contains(@id ,\"BDI-content\")][contains(text(), \"OK\")]"}
COMMAND: POST /session/16f78b01815a2e3a707cc501cb0afb21/element/f.2B12B0EA68CDE32E3DD19BB79ABA46A3.d.C8F9EB822A534685122854F59501940C.e.6442/click - {}
RESULT: {}
RESULT: {}
COMMAND: GET /session/16f78b01815a2e3a707cc501cb0afb21/screenshot - {}
RESULT: {}
COMMAND: POST /session/16f78b01815a2e3a707cc501cb0afb21/element - {"using":"xpath","value":"//bdi[contains(@id ,\"BDI-content\")][contains(text(), \"Save\")]"}
RESULT: {"using":"xpath","value":"//bdi[contains(@id ,\"BDI-content\")][contains(text(), \"Save\")]"}
COMMAND: POST /session/16f78b01815a2e3a707cc501cb0afb21/element/f.2B12B0EA68CDE32E3DD19BB79ABA46A3.d.C8F9EB822A534685122854F59501940C.e.6444/click - {}
RESULT: {}
COMMAND: GET /session/16f78b01815a2e3a707cc501cb0afb21/screenshot - {}
RESULT: {}
COMMAND: POST /session/16f78b01815a2e3a707cc501cb0afb21/element - {"using":"xpath","value":"(//span[contains(text(), \"Header Billing Items\")])[1]"}
RESULT: {"using":"xpath","value":"(//span[contains(text(), \"Header Billing Items\")])[1]"}
COMMAND: POST /session/16f78b01815a2e3a707cc501cb0afb21/element/f.2B12B0EA68CDE32E3DD19BB79ABA46A3.d.C8F9EB822A534685122854F59501940C.e.6447/click - {}
RESULT: {}
COMMAND: GET /session/16f78b01815a2e3a707cc501cb0afb21/screenshot - {}
RESULT: {}
COMMAND: POST /session/16f78b01815a2e3a707cc501cb0afb21/execute/async - {"script":"<script> [1562 bytes]","args":[{"selector":{"controlType":"sap.m.ObjectStatus","viewName":"etm.portal.ui.managecontracts.view.Detail","bindingPath":{"path":"/SmartContractItems(CONTRACT='10402',ITEM=10m,SUB_ITEM=0m)","propertyPath":"STATUS"}},"wdio_ui5_key":"etmportal.ui.managecontracts.view.Detailsap.m.ObjectStatus{\"path\":\"/SmartContractItems(CONTRACT='10402',ITEM=10m,SUB_ITEM=0m)\",\"propertyPath\":\"STATUS\"}"}]}
RESULT: {"script":"<script> [1562 bytes]","args":[{"selector":{"controlType":"sap.m.ObjectStatus","viewName":"etm.portal.ui.managecontracts.view.Detail","bindingPath":{"path":"/SmartContractItems(CONTRACT='10402',ITEM=10m,SUB_ITEM=0m)","propertyPath":"STATUS"}},"wdio_ui5_key":"etmportal.ui.managecontracts.view.Detailsap.m.ObjectStatus{\"path\":\"/SmartContractItems(CONTRACT='10402',ITEM=10m,SUB_ITEM=0m)\",\"propertyPath\":\"STATUS\"}"}]}
RESULT: undefined
COMMAND: POST /session/16f78b01815a2e3a707cc501cb0afb21/execute/async - {"script":"<script> [6424 bytes]","args":[{"element-6066-11e4-a52e-4f735466cecf":"f.2B12B0EA68CDE32E3DD19BB79ABA46A3.d.C8F9EB822A534685122854F59501940C.e.6449"},"getText",[]]}
RESULT: {"script":"<script> [6424 bytes]","args":[{"element-6066-11e4-a52e-4f735466cecf":"f.2B12B0EA68CDE32E3DD19BB79ABA46A3.d.C8F9EB822A534685122854F59501940C.e.6449"},"getText",[]]}
COMMAND: POST /session/16f78b01815a2e3a707cc501cb0afb21/element - {"using":"css selector","value":"#shell-header-logo"}
RESULT: {"using":"css selector","value":"#shell-header-logo"}
COMMAND: POST /session/16f78b01815a2e3a707cc501cb0afb21/element/f.2B12B0EA68CDE32E3DD19BB79ABA46A3.d.C8F9EB822A534685122854F59501940C.e.6150/click - {}
RESULT: {}
COMMAND: GET /session/16f78b01815a2e3a707cc501cb0afb21/screenshot - {}
RESULT: {}
COMMAND: POST /session/16f78b01815a2e3a707cc501cb0afb21/execute/async - {"script":"<script> [1562 bytes]","args":[{"selector":{"controlType":"sap.m.GenericTile","properties":{"header":"Manage Requests"}},"wdio_ui5_key":"sapm.GenericTile{\"header\":\"Manage Requests\"}"}]}
RESULT: {"script":"<script> [1562 bytes]","args":[{"selector":{"controlType":"sap.m.GenericTile","properties":{"header":"Manage Requests"}},"wdio_ui5_key":"sapm.GenericTile{\"header\":\"Manage Requests\"}"}]}
RESULT: undefined
COMMAND: POST /session/16f78b01815a2e3a707cc501cb0afb21/element - {"using":"xpath","value":"//*[@id=\"__tile47\"]"}
RESULT: {"using":"xpath","value":"//*[@id=\"__tile47\"]"}
COMMAND: POST /session/16f78b01815a2e3a707cc501cb0afb21/element/f.2B12B0EA68CDE32E3DD19BB79ABA46A3.d.C8F9EB822A534685122854F59501940C.e.6465/click - {}
RESULT: {}
COMMAND: GET /session/16f78b01815a2e3a707cc501cb0afb21/screenshot - {}
RESULT: {}
COMMAND: POST /session/16f78b01815a2e3a707cc501cb0afb21/execute/async - {"script":"<script> [1562 bytes]","args":[{"selector":{"controlType":"sap.m.SearchField","viewName":"etm.portal.ui.managerequests.view.Master","bindingPath":{"path":"","propertyPath":"/_BASIC_SEARCH_FIELD","modelName":"fi1t3rM0d31"},"interaction":{"idSuffix":"I"}},"wdio_ui5_key":"etmportal.ui.managerequests.view.Mastersap.m.SearchField{\"path\":\"\",\"propertyPath\":\"/_BASIC_SEARCH_FIELD\",\"modelName\":\"fi1t3rM0d31\"}"}]}
RESULT: {"script":"<script> [1562 bytes]","args":[{"selector":{"controlType":"sap.m.SearchField","viewName":"etm.portal.ui.managerequests.view.Master","bindingPath":{"path":"","propertyPath":"/_BASIC_SEARCH_FIELD","modelName":"fi1t3rM0d31"},"interaction":{"idSuffix":"I"}},"wdio_ui5_key":"etmportal.ui.managerequests.view.Mastersap.m.SearchField{\"path\":\"\",\"propertyPath\":\"/_BASIC_SEARCH_FIELD\",\"modelName\":\"fi1t3rM0d31\"}"}]}
RESULT: undefined
COMMAND: POST /session/16f78b01815a2e3a707cc501cb0afb21/execute/async - {"script":"<script> [776 bytes]","args":[{"enterText":"20169","selector":{"controlType":"sap.m.SearchField","viewName":"etm.portal.ui.managerequests.view.Master","bindingPath":{"path":"","propertyPath":"/_BASIC_SEARCH_FIELD","modelName":"fi1t3rM0d31"},"interaction":{"idSuffix":"I"}},"clearTextFirst":true,"interactionType":"ENTER_TEXT"}]}
COMMAND: POST /session/16f78b01815a2e3a707cc501cb0afb21/elements - {"using":"xpath","value":"//span[text()='Error']"}
RESULT: {"script":"<script> [776 bytes]","args":[{"enterText":"20169","selector":{"controlType":"sap.m.SearchField","viewName":"etm.portal.ui.managerequests.view.Master","bindingPath":{"path":"","propertyPath":"/_BASIC_SEARCH_FIELD","modelName":"fi1t3rM0d31"},"interaction":{"idSuffix":"I"}},"clearTextFirst":true,"interactionType":"ENTER_TEXT"}]}
COMMAND: POST /session/16f78b01815a2e3a707cc501cb0afb21/actions - {"actions":[{"id":"action33","type":"key","parameters":{},"actions":[{"type":"keyDown","value":"î€‡"},{"type":"pause","duration":10},{"type":"keyUp","value":"î€‡"}]}]}
RESULT: {"using":"xpath","value":"//span[text()='Error']"}
RESULT: {"actions":[{"id":"action33","type":"key","parameters":{},"actions":[{"type":"keyDown","value":"î€‡"},{"type":"pause","duration":10},{"type":"keyUp","value":"î€‡"}]}]}
COMMAND: GET /session/16f78b01815a2e3a707cc501cb0afb21/screenshot - {}
RESULT: {}
COMMAND: POST /session/16f78b01815a2e3a707cc501cb0afb21/execute/async - {"script":"<script> [1562 bytes]","args":[{"selector":{"controlType":"sap.m.Text","viewName":"etm.portal.ui.managerequests.view.Master","bindingPath":{"path":"/SmartManageRequests('20169')","propertyPath":"NO"}},"wdio_ui5_key":"etmportal.ui.managerequests.view.Mastersap.m.Text{\"path\":\"/SmartManageRequests('20169')\",\"propertyPath\":\"NO\"}"}]}
RESULT: {"script":"<script> [1562 bytes]","args":[{"selector":{"controlType":"sap.m.Text","viewName":"etm.portal.ui.managerequests.view.Master","bindingPath":{"path":"/SmartManageRequests('20169')","propertyPath":"NO"}},"wdio_ui5_key":"etmportal.ui.managerequests.view.Mastersap.m.Text{\"path\":\"/SmartManageRequests('20169')\",\"propertyPath\":\"NO\"}"}]}
RESULT: undefined
COMMAND: POST /session/16f78b01815a2e3a707cc501cb0afb21/element - {"using":"xpath","value":"//*[@id=\"__text463-__clone168\"]"}
RESULT: {"using":"xpath","value":"//*[@id=\"__text463-__clone168\"]"}
COMMAND: POST /session/16f78b01815a2e3a707cc501cb0afb21/element/f.2B12B0EA68CDE32E3DD19BB79ABA46A3.d.C8F9EB822A534685122854F59501940C.e.6594/click - {}
RESULT: {}
COMMAND: GET /session/16f78b01815a2e3a707cc501cb0afb21/screenshot - {}
RESULT: {}
COMMAND: POST /session/16f78b01815a2e3a707cc501cb0afb21/execute/async - {"script":"<script> [1562 bytes]","args":[{"selector":{"controlType":"sap.ui.core.Icon","viewName":"etm.portal.ui.managerequests.view.Detail","properties":{"src":{"regex":{"source":"slim\\-arrow\\-up"}}}},"wdio_ui5_key":"etmportal.ui.managerequests.view.Detailsap.ui.core.Icon{\"src\":{\"regex\":{\"source\":\"slim\\\\-arrow\\\\-up\"}}}"}]}
RESULT: {"script":"<script> [1562 bytes]","args":[{"selector":{"controlType":"sap.ui.core.Icon","viewName":"etm.portal.ui.managerequests.view.Detail","properties":{"src":{"regex":{"source":"slim\\-arrow\\-up"}}}},"wdio_ui5_key":"etmportal.ui.managerequests.view.Detailsap.ui.core.Icon{\"src\":{\"regex\":{\"source\":\"slim\\\\-arrow\\\\-up\"}}}"}]}
RESULT: undefined
COMMAND: POST /session/16f78b01815a2e3a707cc501cb0afb21/element - {"using":"xpath","value":"//*[@id=\"__xmlview62--detailRequestPage-OPHeaderContent-collapseBtn-img\"]"}
RESULT: {"using":"xpath","value":"//*[@id=\"__xmlview62--detailRequestPage-OPHeaderContent-collapseBtn-img\"]"}
COMMAND: POST /session/16f78b01815a2e3a707cc501cb0afb21/element/f.2B12B0EA68CDE32E3DD19BB79ABA46A3.d.C8F9EB822A534685122854F59501940C.e.6738/click - {}
RESULT: {}
COMMAND: GET /session/16f78b01815a2e3a707cc501cb0afb21/screenshot - {}
RESULT: {}
COMMAND: POST /session/16f78b01815a2e3a707cc501cb0afb21/execute/async - {"script":"<script> [1562 bytes]","args":[{"selector":{"controlType":"sap.m.Text","viewName":"etm.portal.ui.managerequests.view.Detail","bindingPath":{"path":"/SmartRequestItemsPlanningBoard(ITEM=20m,REQUEST='20169')","propertyPath":"STATUS_DESC"}},"wdio_ui5_key":"etmportal.ui.managerequests.view.Detailsap.m.Text{\"path\":\"/SmartRequestItemsPlanningBoard(ITEM=20m,REQUEST='20169')\",\"propertyPath\":\"STATUS_DESC\"}"}]}
RESULT: {"script":"<script> [1562 bytes]","args":[{"selector":{"controlType":"sap.m.Text","viewName":"etm.portal.ui.managerequests.view.Detail","bindingPath":{"path":"/SmartRequestItemsPlanningBoard(ITEM=20m,REQUEST='20169')","propertyPath":"STATUS_DESC"}},"wdio_ui5_key":"etmportal.ui.managerequests.view.Detailsap.m.Text{\"path\":\"/SmartRequestItemsPlanningBoard(ITEM=20m,REQUEST='20169')\",\"propertyPath\":\"STATUS_DESC\"}"}]}
RESULT: undefined
COMMAND: POST /session/16f78b01815a2e3a707cc501cb0afb21/execute/async - {"script":"<script> [6424 bytes]","args":[{"element-6066-11e4-a52e-4f735466cecf":"f.2B12B0EA68CDE32E3DD19BB79ABA46A3.d.C8F9EB822A534685122854F59501940C.e.6798"},"getText",[]]}
RESULT: {"script":"<script> [6424 bytes]","args":[{"element-6066-11e4-a52e-4f735466cecf":"f.2B12B0EA68CDE32E3DD19BB79ABA46A3.d.C8F9EB822A534685122854F59501940C.e.6798"},"getText",[]]}
COMMAND: POST /session/16f78b01815a2e3a707cc501cb0afb21/element - {"using":"css selector","value":"#shell-header-logo"}
RESULT: {"using":"css selector","value":"#shell-header-logo"}
COMMAND: POST /session/16f78b01815a2e3a707cc501cb0afb21/element/f.2B12B0EA68CDE32E3DD19BB79ABA46A3.d.C8F9EB822A534685122854F59501940C.e.6469/click - {}
RESULT: {}
COMMAND: GET /session/16f78b01815a2e3a707cc501cb0afb21/screenshot - {}
RESULT: {}
]]></system-out>
    </testcase>
  </testsuite>
  <testsuite timestamp="2025-05-19T18:06:51" time="240.518" tests="4" failures="0" errors="0" skipped="0">
    <properties>
      <property name="specId" value="0" />
      <property name="suiteName" value="Standard contract close-reopen US111278" />
      <property name="capabilities" value="chrome.136_0_7103_93.windows" />
      <property name="file" value="file:///D:/a/1/s/test/specs/R2C/standard-contract-close-reopen.spec.js" />
    </properties>
    <testcase classname="chrome.136_0_7103_93.windows.Standard_contract_close-reopen_US111278" name="Should create a new contract and add an item" time="133.318">
      <system-out><![CDATA[
COMMAND: POST /session/16f78b01815a2e3a707cc501cb0afb21/execute/async - {"script":"<script> [1562 bytes]","args":[{"selector":{"controlType":"sap.m.GenericTile","properties":{"header":"Manage Contracts"}},"wdio_ui5_key":"sapm.GenericTile{\"header\":\"Manage Contracts\"}"}]}
RESULT: {"script":"<script> [1562 bytes]","args":[{"selector":{"controlType":"sap.m.GenericTile","properties":{"header":"Manage Contracts"}},"wdio_ui5_key":"sapm.GenericTile{\"header\":\"Manage Contracts\"}"}]}
RESULT: undefined
COMMAND: POST /session/16f78b01815a2e3a707cc501cb0afb21/element - {"using":"xpath","value":"//*[@id=\"__tile130\"]"}
RESULT: {"using":"xpath","value":"//*[@id=\"__tile130\"]"}
COMMAND: POST /session/16f78b01815a2e3a707cc501cb0afb21/element/f.2B12B0EA68CDE32E3DD19BB79ABA46A3.d.C8F9EB822A534685122854F59501940C.e.6803/click - {}
RESULT: {}
COMMAND: GET /session/16f78b01815a2e3a707cc501cb0afb21/screenshot - {}
RESULT: {}
COMMAND: POST /session/16f78b01815a2e3a707cc501cb0afb21/elements - {"using":"xpath","value":"//span[text()='Error']"}
RESULT: {"using":"xpath","value":"//span[text()='Error']"}
COMMAND: POST /session/16f78b01815a2e3a707cc501cb0afb21/element - {"using":"xpath","value":"//button[@data-kt=\"addButton\"]"}
RESULT: {"using":"xpath","value":"//button[@data-kt=\"addButton\"]"}
COMMAND: POST /session/16f78b01815a2e3a707cc501cb0afb21/element/f.2B12B0EA68CDE32E3DD19BB79ABA46A3.d.C8F9EB822A534685122854F59501940C.e.6853/click - {}
RESULT: {}
COMMAND: GET /session/16f78b01815a2e3a707cc501cb0afb21/screenshot - {}
RESULT: {}
COMMAND: POST /session/16f78b01815a2e3a707cc501cb0afb21/execute/async - {"script":"<script> [1562 bytes]","args":[{"selector":{"id":"application-managecontracts-display-component---AddNewContract--projectDescription","interaction":{"idSuffix":"inner"}},"wdio_ui5_key":"applicationmanagecontracts-display-component---AddNewContract--projectDescription"}]}
RESULT: {"script":"<script> [1562 bytes]","args":[{"selector":{"id":"application-managecontracts-display-component---AddNewContract--projectDescription","interaction":{"idSuffix":"inner"}},"wdio_ui5_key":"applicationmanagecontracts-display-component---AddNewContract--projectDescription"}]}
RESULT: undefined
COMMAND: POST /session/16f78b01815a2e3a707cc501cb0afb21/execute/async - {"script":"<script> [776 bytes]","args":[{"enterText":"WdIOR2c61v2g","selector":{"id":"application-managecontracts-display-component---AddNewContract--projectDescription","interaction":{"idSuffix":"inner"}},"clearTextFirst":true,"interactionType":"ENTER_TEXT"}]}
RESULT: {"script":"<script> [776 bytes]","args":[{"enterText":"WdIOR2c61v2g","selector":{"id":"application-managecontracts-display-component---AddNewContract--projectDescription","interaction":{"idSuffix":"inner"}},"clearTextFirst":true,"interactionType":"ENTER_TEXT"}]}
COMMAND: POST /session/16f78b01815a2e3a707cc501cb0afb21/element - {"using":"xpath","value":"//input[@id=\"application-managecontracts-display-component---AddNewContract--yardId-inner\"]"}
RESULT: {"using":"xpath","value":"//input[@id=\"application-managecontracts-display-component---AddNewContract--yardId-inner\"]"}
COMMAND: POST /session/16f78b01815a2e3a707cc501cb0afb21/element/f.2B12B0EA68CDE32E3DD19BB79ABA46A3.d.C8F9EB822A534685122854F59501940C.e.7155/clear - {}
RESULT: {}
COMMAND: POST /session/16f78b01815a2e3a707cc501cb0afb21/element/f.2B12B0EA68CDE32E3DD19BB79ABA46A3.d.C8F9EB822A534685122854F59501940C.e.7155/value - {"text":"WebdriverYard4x4mo"}
COMMAND: GET /session/16f78b01815a2e3a707cc501cb0afb21/screenshot - {}
RESULT: {"text":"WebdriverYard4x4mo"}
COMMAND: GET /session/16f78b01815a2e3a707cc501cb0afb21/screenshot - {}
RESULT: {}
RESULT: {}
COMMAND: POST /session/16f78b01815a2e3a707cc501cb0afb21/actions - {"actions":[{"id":"action34","type":"key","parameters":{},"actions":[{"type":"keyDown","value":"î€‡"},{"type":"pause","duration":10},{"type":"keyUp","value":"î€‡"}]}]}
RESULT: {"actions":[{"id":"action34","type":"key","parameters":{},"actions":[{"type":"keyDown","value":"î€‡"},{"type":"pause","duration":10},{"type":"keyUp","value":"î€‡"}]}]}
COMMAND: GET /session/16f78b01815a2e3a707cc501cb0afb21/screenshot - {}
RESULT: {}
COMMAND: POST /session/16f78b01815a2e3a707cc501cb0afb21/element - {"using":"xpath","value":"//input[@id=\"application-managecontracts-display-component---AddNewContract--customerSelect-inner\"]"}
RESULT: {"using":"xpath","value":"//input[@id=\"application-managecontracts-display-component---AddNewContract--customerSelect-inner\"]"}
COMMAND: POST /session/16f78b01815a2e3a707cc501cb0afb21/element/f.2B12B0EA68CDE32E3DD19BB79ABA46A3.d.C8F9EB822A534685122854F59501940C.e.7153/clear - {}
RESULT: {}
COMMAND: POST /session/16f78b01815a2e3a707cc501cb0afb21/element/f.2B12B0EA68CDE32E3DD19BB79ABA46A3.d.C8F9EB822A534685122854F59501940C.e.7153/value - {"text":"WebdriverPartnereq48h"}
COMMAND: GET /session/16f78b01815a2e3a707cc501cb0afb21/screenshot - {}
RESULT: {"text":"WebdriverPartnereq48h"}
COMMAND: GET /session/16f78b01815a2e3a707cc501cb0afb21/screenshot - {}
RESULT: {}
RESULT: {}
COMMAND: POST /session/16f78b01815a2e3a707cc501cb0afb21/actions - {"actions":[{"id":"action35","type":"key","parameters":{},"actions":[{"type":"keyDown","value":"î€‡"},{"type":"pause","duration":10},{"type":"keyUp","value":"î€‡"}]}]}
RESULT: {"actions":[{"id":"action35","type":"key","parameters":{},"actions":[{"type":"keyDown","value":"î€‡"},{"type":"pause","duration":10},{"type":"keyUp","value":"î€‡"}]}]}
COMMAND: GET /session/16f78b01815a2e3a707cc501cb0afb21/screenshot - {}
RESULT: {}
COMMAND: POST /session/16f78b01815a2e3a707cc501cb0afb21/element - {"using":"xpath","value":"//input[@id=\"application-managecontracts-display-component---AddNewContract--site-inner\"]"}
RESULT: {"using":"xpath","value":"//input[@id=\"application-managecontracts-display-component---AddNewContract--site-inner\"]"}
COMMAND: POST /session/16f78b01815a2e3a707cc501cb0afb21/element/f.2B12B0EA68CDE32E3DD19BB79ABA46A3.d.C8F9EB822A534685122854F59501940C.e.7154/clear - {}
RESULT: {}
COMMAND: POST /session/16f78b01815a2e3a707cc501cb0afb21/element/f.2B12B0EA68CDE32E3DD19BB79ABA46A3.d.C8F9EB822A534685122854F59501940C.e.7154/value - {"text":"WebdriverSitez8cgkh"}
COMMAND: GET /session/16f78b01815a2e3a707cc501cb0afb21/screenshot - {}
RESULT: {"text":"WebdriverSitez8cgkh"}
COMMAND: GET /session/16f78b01815a2e3a707cc501cb0afb21/screenshot - {}
RESULT: {}
RESULT: {}
COMMAND: POST /session/16f78b01815a2e3a707cc501cb0afb21/actions - {"actions":[{"id":"action36","type":"key","parameters":{},"actions":[{"type":"keyDown","value":"î€‡"},{"type":"pause","duration":10},{"type":"keyUp","value":"î€‡"}]}]}
RESULT: {"actions":[{"id":"action36","type":"key","parameters":{},"actions":[{"type":"keyDown","value":"î€‡"},{"type":"pause","duration":10},{"type":"keyUp","value":"î€‡"}]}]}
COMMAND: GET /session/16f78b01815a2e3a707cc501cb0afb21/screenshot - {}
RESULT: {}
COMMAND: POST /session/16f78b01815a2e3a707cc501cb0afb21/element - {"using":"xpath","value":"//button[@data-kt=\"saveButton\"]"}
RESULT: {"using":"xpath","value":"//button[@data-kt=\"saveButton\"]"}
COMMAND: POST /session/16f78b01815a2e3a707cc501cb0afb21/element/f.2B12B0EA68CDE32E3DD19BB79ABA46A3.d.C8F9EB822A534685122854F59501940C.e.7188/click - {}
RESULT: {}
COMMAND: GET /session/16f78b01815a2e3a707cc501cb0afb21/screenshot - {}
RESULT: {}
COMMAND: POST /session/16f78b01815a2e3a707cc501cb0afb21/execute/async - {"script":"<script> [1562 bytes]","args":[{"selector":{"id":"contractDetailTitleNoExpanded","viewName":"etm.portal.ui.managecontracts.view.Detail"},"wdio_ui5_key":"contractDetailTitleNoExpandedetmportal.ui.managecontracts.view.Detail"}]}
RESULT: {"script":"<script> [1562 bytes]","args":[{"selector":{"id":"contractDetailTitleNoExpanded","viewName":"etm.portal.ui.managecontracts.view.Detail"},"wdio_ui5_key":"contractDetailTitleNoExpandedetmportal.ui.managecontracts.view.Detail"}]}
RESULT: undefined
COMMAND: POST /session/16f78b01815a2e3a707cc501cb0afb21/execute/async - {"script":"<script> [6424 bytes]","args":[{"element-6066-11e4-a52e-4f735466cecf":"f.2B12B0EA68CDE32E3DD19BB79ABA46A3.d.C8F9EB822A534685122854F59501940C.e.7200"},"getText",[]]}
RESULT: {"script":"<script> [6424 bytes]","args":[{"element-6066-11e4-a52e-4f735466cecf":"f.2B12B0EA68CDE32E3DD19BB79ABA46A3.d.C8F9EB822A534685122854F59501940C.e.7200"},"getText",[]]}
COMMAND: POST /session/16f78b01815a2e3a707cc501cb0afb21/execute/async - {"script":"<script> [1562 bytes]","args":[{"selector":{"id":"closeContractBtn","viewName":"etm.portal.ui.managecontracts.view.Detail"},"wdio_ui5_key":"closeContractBtnetmportal.ui.managecontracts.view.Detail"}]}
RESULT: {"script":"<script> [1562 bytes]","args":[{"selector":{"id":"closeContractBtn","viewName":"etm.portal.ui.managecontracts.view.Detail"},"wdio_ui5_key":"closeContractBtnetmportal.ui.managecontracts.view.Detail"}]}
RESULT: undefined
COMMAND: POST /session/16f78b01815a2e3a707cc501cb0afb21/execute/async - {"script":"<script> [6424 bytes]","args":[{"element-6066-11e4-a52e-4f735466cecf":"f.2B12B0EA68CDE32E3DD19BB79ABA46A3.d.C8F9EB822A534685122854F59501940C.e.7201"},"getEnabled",[]]}
RESULT: {"script":"<script> [6424 bytes]","args":[{"element-6066-11e4-a52e-4f735466cecf":"f.2B12B0EA68CDE32E3DD19BB79ABA46A3.d.C8F9EB822A534685122854F59501940C.e.7201"},"getEnabled",[]]}
COMMAND: POST /session/16f78b01815a2e3a707cc501cb0afb21/element - {"using":"xpath","value":"//button[@data-kt=\"contractDetailEditBtnButton\"]"}
RESULT: {"using":"xpath","value":"//button[@data-kt=\"contractDetailEditBtnButton\"]"}
COMMAND: POST /session/16f78b01815a2e3a707cc501cb0afb21/element/f.2B12B0EA68CDE32E3DD19BB79ABA46A3.d.C8F9EB822A534685122854F59501940C.e.7202/click - {}
RESULT: {}
COMMAND: GET /session/16f78b01815a2e3a707cc501cb0afb21/screenshot - {}
RESULT: {}
COMMAND: POST /session/16f78b01815a2e3a707cc501cb0afb21/element - {"using":"xpath","value":"(//span[contains(text(), \"Additional Addresses\")])[2]"}
RESULT: {"using":"xpath","value":"(//span[contains(text(), \"Additional Addresses\")])[2]"}
COMMAND: POST /session/16f78b01815a2e3a707cc501cb0afb21/element/f.2B12B0EA68CDE32E3DD19BB79ABA46A3.d.C8F9EB822A534685122854F59501940C.e.7259/click - {}
RESULT: {}
COMMAND: GET /session/16f78b01815a2e3a707cc501cb0afb21/screenshot - {}
RESULT: {}
COMMAND: POST /session/16f78b01815a2e3a707cc501cb0afb21/element - {"using":"xpath","value":"//button[@data-kt=\"btnAddTableRowOverflowToolbarButton\"]"}
RESULT: {"using":"xpath","value":"//button[@data-kt=\"btnAddTableRowOverflowToolbarButton\"]"}
COMMAND: POST /session/16f78b01815a2e3a707cc501cb0afb21/element/f.2B12B0EA68CDE32E3DD19BB79ABA46A3.d.C8F9EB822A534685122854F59501940C.e.7261/click - {}
RESULT: {}
COMMAND: GET /session/16f78b01815a2e3a707cc501cb0afb21/screenshot - {}
RESULT: {}
COMMAND: POST /session/16f78b01815a2e3a707cc501cb0afb21/element - {"using":"xpath","value":"//div[(text() = 'Standard Entry' or . = 'Standard Entry')]"}
RESULT: {"using":"xpath","value":"//div[(text() = 'Standard Entry' or . = 'Standard Entry')]"}
COMMAND: POST /session/16f78b01815a2e3a707cc501cb0afb21/element/f.2B12B0EA68CDE32E3DD19BB79ABA46A3.d.C8F9EB822A534685122854F59501940C.e.7263/click - {}
RESULT: {}
COMMAND: POST /session/16f78b01815a2e3a707cc501cb0afb21/element - {"using":"xpath","value":"//td[6]/div/div/input[1]"}
COMMAND: GET /session/16f78b01815a2e3a707cc501cb0afb21/screenshot - {}
RESULT: {"using":"xpath","value":"//td[6]/div/div/input[1]"}
COMMAND: POST /session/16f78b01815a2e3a707cc501cb0afb21/element/f.2B12B0EA68CDE32E3DD19BB79ABA46A3.d.C8F9EB822A534685122854F59501940C.e.7265/click - {}
RESULT: {}
RESULT: {}
COMMAND: POST /session/16f78b01815a2e3a707cc501cb0afb21/actions - {"actions":[{"id":"action37","type":"key","parameters":{},"actions":[{"type":"keyDown","value":"î€ƒ"},{"type":"pause","duration":10},{"type":"keyUp","value":"î€ƒ"}]}]}
COMMAND: GET /session/16f78b01815a2e3a707cc501cb0afb21/screenshot - {}
RESULT: {"actions":[{"id":"action37","type":"key","parameters":{},"actions":[{"type":"keyDown","value":"î€ƒ"},{"type":"pause","duration":10},{"type":"keyUp","value":"î€ƒ"}]}]}
COMMAND: POST /session/16f78b01815a2e3a707cc501cb0afb21/element - {"using":"xpath","value":"//td[6]/div/div/input[1]"}
COMMAND: GET /session/16f78b01815a2e3a707cc501cb0afb21/screenshot - {}
RESULT: {}
RESULT: {"using":"xpath","value":"//td[6]/div/div/input[1]"}
COMMAND: POST /session/16f78b01815a2e3a707cc501cb0afb21/element/f.2B12B0EA68CDE32E3DD19BB79ABA46A3.d.C8F9EB822A534685122854F59501940C.e.7265/clear - {}
RESULT: {}
RESULT: {}
COMMAND: POST /session/16f78b01815a2e3a707cc501cb0afb21/element/f.2B12B0EA68CDE32E3DD19BB79ABA46A3.d.C8F9EB822A534685122854F59501940C.e.7265/value - {"text":"Material"}
COMMAND: GET /session/16f78b01815a2e3a707cc501cb0afb21/screenshot - {}
RESULT: {"text":"Material"}
COMMAND: GET /session/16f78b01815a2e3a707cc501cb0afb21/screenshot - {}
RESULT: {}
RESULT: {}
COMMAND: POST /session/16f78b01815a2e3a707cc501cb0afb21/actions - {"actions":[{"id":"action38","type":"key","parameters":{},"actions":[{"type":"keyDown","value":"î€‡"},{"type":"pause","duration":10},{"type":"keyUp","value":"î€‡"}]}]}
RESULT: {"actions":[{"id":"action38","type":"key","parameters":{},"actions":[{"type":"keyDown","value":"î€‡"},{"type":"pause","duration":10},{"type":"keyUp","value":"î€‡"}]}]}
COMMAND: GET /session/16f78b01815a2e3a707cc501cb0afb21/screenshot - {}
COMMAND: POST /session/16f78b01815a2e3a707cc501cb0afb21/actions - {"actions":[{"id":"action39","type":"key","parameters":{},"actions":[{"type":"keyDown","value":"î€‡"},{"type":"pause","duration":10},{"type":"keyUp","value":"î€‡"}]}]}
RESULT: {}
RESULT: {"actions":[{"id":"action39","type":"key","parameters":{},"actions":[{"type":"keyDown","value":"î€‡"},{"type":"pause","duration":10},{"type":"keyUp","value":"î€‡"}]}]}
COMMAND: POST /session/16f78b01815a2e3a707cc501cb0afb21/element - {"using":"xpath","value":"//td[7]/div/div/input"}
COMMAND: GET /session/16f78b01815a2e3a707cc501cb0afb21/screenshot - {}
RESULT: {"using":"xpath","value":"//td[7]/div/div/input"}
COMMAND: POST /session/16f78b01815a2e3a707cc501cb0afb21/element/f.2B12B0EA68CDE32E3DD19BB79ABA46A3.d.C8F9EB822A534685122854F59501940C.e.7278/clear - {}
RESULT: {}
RESULT: {}
COMMAND: POST /session/16f78b01815a2e3a707cc501cb0afb21/element/f.2B12B0EA68CDE32E3DD19BB79ABA46A3.d.C8F9EB822A534685122854F59501940C.e.7278/value - {"text":"WebdriverRUR2C3klab"}
COMMAND: GET /session/16f78b01815a2e3a707cc501cb0afb21/screenshot - {}
RESULT: {"text":"WebdriverRUR2C3klab"}
COMMAND: GET /session/16f78b01815a2e3a707cc501cb0afb21/screenshot - {}
RESULT: {}
RESULT: {}
COMMAND: POST /session/16f78b01815a2e3a707cc501cb0afb21/actions - {"actions":[{"id":"action40","type":"key","parameters":{},"actions":[{"type":"keyDown","value":"î€‡"},{"type":"pause","duration":10},{"type":"keyUp","value":"î€‡"}]}]}
RESULT: {"actions":[{"id":"action40","type":"key","parameters":{},"actions":[{"type":"keyDown","value":"î€‡"},{"type":"pause","duration":10},{"type":"keyUp","value":"î€‡"}]}]}
COMMAND: GET /session/16f78b01815a2e3a707cc501cb0afb21/screenshot - {}
RESULT: {}
COMMAND: POST /session/16f78b01815a2e3a707cc501cb0afb21/actions - {"actions":[{"id":"action41","type":"key","parameters":{},"actions":[{"type":"keyDown","value":"î€‡"},{"type":"pause","duration":10},{"type":"keyUp","value":"î€‡"}]}]}
RESULT: {"actions":[{"id":"action41","type":"key","parameters":{},"actions":[{"type":"keyDown","value":"î€‡"},{"type":"pause","duration":10},{"type":"keyUp","value":"î€‡"}]}]}
COMMAND: GET /session/16f78b01815a2e3a707cc501cb0afb21/screenshot - {}
RESULT: {}
COMMAND: POST /session/16f78b01815a2e3a707cc501cb0afb21/element - {"using":"xpath","value":"(//button[@data-kt=\"saveButton\"])[2]"}
RESULT: {"using":"xpath","value":"(//button[@data-kt=\"saveButton\"])[2]"}
COMMAND: POST /session/16f78b01815a2e3a707cc501cb0afb21/element/f.2B12B0EA68CDE32E3DD19BB79ABA46A3.d.C8F9EB822A534685122854F59501940C.e.7304/click - {}
RESULT: {}
COMMAND: GET /session/16f78b01815a2e3a707cc501cb0afb21/screenshot - {}
RESULT: {}
]]></system-out>
    </testcase>
    <testcase classname="chrome.136_0_7103_93.windows.Standard_contract_close-reopen_US111278" name="It should close the contract" time="21.134">
      <system-out><![CDATA[
RESULT: undefined
COMMAND: POST /session/16f78b01815a2e3a707cc501cb0afb21/element - {"using":"xpath","value":"//*[@id=\"__xmlview64--closeContractBtn\"]"}
RESULT: {"using":"xpath","value":"//*[@id=\"__xmlview64--closeContractBtn\"]"}
COMMAND: POST /session/16f78b01815a2e3a707cc501cb0afb21/element/f.2B12B0EA68CDE32E3DD19BB79ABA46A3.d.C8F9EB822A534685122854F59501940C.e.7201/click - {}
RESULT: {}
COMMAND: GET /session/16f78b01815a2e3a707cc501cb0afb21/screenshot - {}
RESULT: {}
COMMAND: POST /session/16f78b01815a2e3a707cc501cb0afb21/element - {"using":"xpath","value":"//span[contains(text(), \"Do you want to close the whole contract?\")]"}
RESULT: {"using":"xpath","value":"//span[contains(text(), \"Do you want to close the whole contract?\")]"}
COMMAND: POST /session/16f78b01815a2e3a707cc501cb0afb21/execute/sync - {"script":"<script> [8489 bytes]","args":[{"element-6066-11e4-a52e-4f735466cecf":"f.2B12B0EA68CDE32E3DD19BB79ABA46A3.d.C8F9EB822A534685122854F59501940C.e.7308","ELEMENT":"f.2B12B0EA68CDE32E3DD19BB79ABA46A3.d.C8F9EB822A534685122854F59501940C.e.7308"}]}
RESULT: {"script":"<script> [8489 bytes]","args":[{"element-6066-11e4-a52e-4f735466cecf":"f.2B12B0EA68CDE32E3DD19BB79ABA46A3.d.C8F9EB822A534685122854F59501940C.e.7308","ELEMENT":"f.2B12B0EA68CDE32E3DD19BB79ABA46A3.d.C8F9EB822A534685122854F59501940C.e.7308"}]}
COMMAND: POST /session/16f78b01815a2e3a707cc501cb0afb21/element - {"using":"xpath","value":"//bdi[contains(text(), \"OK\")]"}
COMMAND: GET /session/16f78b01815a2e3a707cc501cb0afb21/screenshot - {}
RESULT: {"using":"xpath","value":"//bdi[contains(text(), \"OK\")]"}
COMMAND: POST /session/16f78b01815a2e3a707cc501cb0afb21/element/f.2B12B0EA68CDE32E3DD19BB79ABA46A3.d.C8F9EB822A534685122854F59501940C.e.7309/click - {}
RESULT: {}
RESULT: {}
COMMAND: GET /session/16f78b01815a2e3a707cc501cb0afb21/screenshot - {}
RESULT: {}
COMMAND: POST /session/16f78b01815a2e3a707cc501cb0afb21/element - {"using":"xpath","value":"//input[contains(@id ,\"smartContractFilterBar-btnBasicSearch-I\")]"}
RESULT: {"using":"xpath","value":"//input[contains(@id ,\"smartContractFilterBar-btnBasicSearch-I\")]"}
COMMAND: POST /session/16f78b01815a2e3a707cc501cb0afb21/element/f.2B12B0EA68CDE32E3DD19BB79ABA46A3.d.C8F9EB822A534685122854F59501940C.e.6809/clear - {}
RESULT: {}
COMMAND: POST /session/16f78b01815a2e3a707cc501cb0afb21/element/f.2B12B0EA68CDE32E3DD19BB79ABA46A3.d.C8F9EB822A534685122854F59501940C.e.6809/value - {"text":"10403"}
COMMAND: GET /session/16f78b01815a2e3a707cc501cb0afb21/screenshot - {}
RESULT: {"text":"10403"}
COMMAND: POST /session/16f78b01815a2e3a707cc501cb0afb21/actions - {"actions":[{"id":"action42","type":"key","parameters":{},"actions":[{"type":"keyDown","value":"î€‡"},{"type":"pause","duration":10},{"type":"keyUp","value":"î€‡"}]}]}
COMMAND: GET /session/16f78b01815a2e3a707cc501cb0afb21/screenshot - {}
RESULT: {}
RESULT: {"actions":[{"id":"action42","type":"key","parameters":{},"actions":[{"type":"keyDown","value":"î€‡"},{"type":"pause","duration":10},{"type":"keyUp","value":"î€‡"}]}]}
COMMAND: GET /session/16f78b01815a2e3a707cc501cb0afb21/screenshot - {}
RESULT: {}
RESULT: {}
COMMAND: POST /session/16f78b01815a2e3a707cc501cb0afb21/execute/async - {"script":"<script> [1562 bytes]","args":[{"selector":{"controlType":"sap.ui.core.Icon","viewName":"etm.portal.ui.managecontracts.view.Master","properties":{"src":{"regex":{"source":"slim\\-arrow\\-right"}}}},"wdio_ui5_key":"etmportal.ui.managecontracts.view.Mastersap.ui.core.Icon{\"src\":{\"regex\":{\"source\":\"slim\\\\-arrow\\\\-right\"}}}"}]}
RESULT: {"script":"<script> [1562 bytes]","args":[{"selector":{"controlType":"sap.ui.core.Icon","viewName":"etm.portal.ui.managecontracts.view.Master","properties":{"src":{"regex":{"source":"slim\\-arrow\\-right"}}}},"wdio_ui5_key":"etmportal.ui.managecontracts.view.Mastersap.ui.core.Icon{\"src\":{\"regex\":{\"source\":\"slim\\\\-arrow\\\\-right\"}}}"}]}
RESULT: undefined
COMMAND: POST /session/16f78b01815a2e3a707cc501cb0afb21/element - {"using":"xpath","value":"//*[@id=\"__item126-__clone5644-imgNav\"]"}
RESULT: {"using":"xpath","value":"//*[@id=\"__item126-__clone5644-imgNav\"]"}
COMMAND: POST /session/16f78b01815a2e3a707cc501cb0afb21/element/f.2B12B0EA68CDE32E3DD19BB79ABA46A3.d.C8F9EB822A534685122854F59501940C.e.7514/click - {}
RESULT: {}
COMMAND: POST /session/16f78b01815a2e3a707cc501cb0afb21/execute/async - {"script":"<script> [1562 bytes]","args":[{"selector":{"controlType":"sap.m.ObjectStatus","viewName":"etm.portal.ui.managecontracts.view.Detail","bindingPath":{"propertyPath":"LINK_TO_LOGISTICAL_STATUS/DESCRIPTION","modelName":"catalogModel"}},"wdio_ui5_key":"etmportal.ui.managecontracts.view.Detailsap.m.ObjectStatus{\"propertyPath\":\"LINK_TO_LOGISTICAL_STATUS/DESCRIPTION\",\"modelName\":\"catalogModel\"}"}]}
COMMAND: GET /session/16f78b01815a2e3a707cc501cb0afb21/screenshot - {}
RESULT: {"script":"<script> [1562 bytes]","args":[{"selector":{"controlType":"sap.m.ObjectStatus","viewName":"etm.portal.ui.managecontracts.view.Detail","bindingPath":{"propertyPath":"LINK_TO_LOGISTICAL_STATUS/DESCRIPTION","modelName":"catalogModel"}},"wdio_ui5_key":"etmportal.ui.managecontracts.view.Detailsap.m.ObjectStatus{\"propertyPath\":\"LINK_TO_LOGISTICAL_STATUS/DESCRIPTION\",\"modelName\":\"catalogModel\"}"}]}
RESULT: undefined
COMMAND: POST /session/16f78b01815a2e3a707cc501cb0afb21/execute/async - {"script":"<script> [6424 bytes]","args":[{"element-6066-11e4-a52e-4f735466cecf":"f.2B12B0EA68CDE32E3DD19BB79ABA46A3.d.C8F9EB822A534685122854F59501940C.e.7554"},"getText",[]]}
RESULT: {}
RESULT: {"script":"<script> [6424 bytes]","args":[{"element-6066-11e4-a52e-4f735466cecf":"f.2B12B0EA68CDE32E3DD19BB79ABA46A3.d.C8F9EB822A534685122854F59501940C.e.7554"},"getText",[]]}
]]></system-out>
    </testcase>
    <testcase classname="chrome.136_0_7103_93.windows.Standard_contract_close-reopen_US111278" name="Should reopen the contract" time="9.941">
      <system-out><![CDATA[
COMMAND: POST /session/16f78b01815a2e3a707cc501cb0afb21/execute/async - {"script":"<script> [1562 bytes]","args":[{"selector":{"id":"openContractBtn","viewName":"etm.portal.ui.managecontracts.view.Detail"},"wdio_ui5_key":"openContractBtnetmportal.ui.managecontracts.view.Detail"}]}
RESULT: {"script":"<script> [1562 bytes]","args":[{"selector":{"id":"openContractBtn","viewName":"etm.portal.ui.managecontracts.view.Detail"},"wdio_ui5_key":"openContractBtnetmportal.ui.managecontracts.view.Detail"}]}
RESULT: undefined
COMMAND: POST /session/16f78b01815a2e3a707cc501cb0afb21/execute/async - {"script":"<script> [6424 bytes]","args":[{"element-6066-11e4-a52e-4f735466cecf":"f.2B12B0EA68CDE32E3DD19BB79ABA46A3.d.C8F9EB822A534685122854F59501940C.e.7534"},"getEnabled",[]]}
RESULT: {"script":"<script> [6424 bytes]","args":[{"element-6066-11e4-a52e-4f735466cecf":"f.2B12B0EA68CDE32E3DD19BB79ABA46A3.d.C8F9EB822A534685122854F59501940C.e.7534"},"getEnabled",[]]}
COMMAND: POST /session/16f78b01815a2e3a707cc501cb0afb21/element - {"using":"xpath","value":"//bdi[contains(text(), \"Edit\")]"}
RESULT: {"using":"xpath","value":"//bdi[contains(text(), \"Edit\")]"}
COMMAND: POST /session/16f78b01815a2e3a707cc501cb0afb21/element - {"using":"xpath","value":"//bdi[contains(text(), \"Edit\")]"}
RESULT: undefined
COMMAND: POST /session/16f78b01815a2e3a707cc501cb0afb21/element - {"using":"xpath","value":"//*[@id=\"__xmlview64--openContractBtn\"]"}
RESULT: {"using":"xpath","value":"//bdi[contains(text(), \"Edit\")]"}
RESULT: {"using":"xpath","value":"//*[@id=\"__xmlview64--openContractBtn\"]"}
COMMAND: POST /session/16f78b01815a2e3a707cc501cb0afb21/element/f.2B12B0EA68CDE32E3DD19BB79ABA46A3.d.C8F9EB822A534685122854F59501940C.e.7534/click - {}
RESULT: {}
COMMAND: POST /session/16f78b01815a2e3a707cc501cb0afb21/execute/async - {"script":"<script> [1562 bytes]","args":[{"selector":{"controlType":"sap.m.Text","properties":{"text":"Contract has been reopened successfully"},"searchOpenDialogs":true},"wdio_ui5_key":"sapm.Text{\"text\":\"Contract has been reopened successfully\"}"}]}
COMMAND: GET /session/16f78b01815a2e3a707cc501cb0afb21/screenshot - {}
RESULT: {"script":"<script> [1562 bytes]","args":[{"selector":{"controlType":"sap.m.Text","properties":{"text":"Contract has been reopened successfully"},"searchOpenDialogs":true},"wdio_ui5_key":"sapm.Text{\"text\":\"Contract has been reopened successfully\"}"}]}
RESULT: undefined
COMMAND: POST /session/16f78b01815a2e3a707cc501cb0afb21/execute/async - {"script":"<script> [6424 bytes]","args":[{"element-6066-11e4-a52e-4f735466cecf":"f.2B12B0EA68CDE32E3DD19BB79ABA46A3.d.C8F9EB822A534685122854F59501940C.e.7557"},"getText",[]]}
RESULT: {}
RESULT: {"script":"<script> [6424 bytes]","args":[{"element-6066-11e4-a52e-4f735466cecf":"f.2B12B0EA68CDE32E3DD19BB79ABA46A3.d.C8F9EB822A534685122854F59501940C.e.7557"},"getText",[]]}
COMMAND: POST /session/16f78b01815a2e3a707cc501cb0afb21/element - {"using":"xpath","value":"//bdi[contains(text(), \"OK\")]"}
RESULT: {"using":"xpath","value":"//bdi[contains(text(), \"OK\")]"}
COMMAND: POST /session/16f78b01815a2e3a707cc501cb0afb21/element/f.2B12B0EA68CDE32E3DD19BB79ABA46A3.d.C8F9EB822A534685122854F59501940C.e.7558/click - {}
RESULT: {}
COMMAND: GET /session/16f78b01815a2e3a707cc501cb0afb21/screenshot - {}
RESULT: {}
COMMAND: POST /session/16f78b01815a2e3a707cc501cb0afb21/element - {"using":"xpath","value":"//bdi[contains(text(), \"Edit\")]"}
RESULT: undefined
COMMAND: POST /session/16f78b01815a2e3a707cc501cb0afb21/execute/async - {"script":"<script> [6424 bytes]","args":[{"element-6066-11e4-a52e-4f735466cecf":"f.2B12B0EA68CDE32E3DD19BB79ABA46A3.d.C8F9EB822A534685122854F59501940C.e.7201"},"getEnabled",[]]}
RESULT: {"using":"xpath","value":"//bdi[contains(text(), \"Edit\")]"}
COMMAND: POST /session/16f78b01815a2e3a707cc501cb0afb21/execute/sync - {"script":"<script> [8489 bytes]","args":[{"element-6066-11e4-a52e-4f735466cecf":"f.2B12B0EA68CDE32E3DD19BB79ABA46A3.d.C8F9EB822A534685122854F59501940C.e.7559","ELEMENT":"f.2B12B0EA68CDE32E3DD19BB79ABA46A3.d.C8F9EB822A534685122854F59501940C.e.7559"}]}
COMMAND: POST /session/16f78b01815a2e3a707cc501cb0afb21/execute/async - {"script":"<script> [1562 bytes]","args":[{"selector":{"id":"closeContractBtn","viewName":"etm.portal.ui.managecontracts.view.Detail"},"wdio_ui5_key":"closeContractBtnetmportal.ui.managecontracts.view.Detail"}]}
RESULT: {"script":"<script> [8489 bytes]","args":[{"element-6066-11e4-a52e-4f735466cecf":"f.2B12B0EA68CDE32E3DD19BB79ABA46A3.d.C8F9EB822A534685122854F59501940C.e.7559","ELEMENT":"f.2B12B0EA68CDE32E3DD19BB79ABA46A3.d.C8F9EB822A534685122854F59501940C.e.7559"}]}
COMMAND: GET /session/16f78b01815a2e3a707cc501cb0afb21/screenshot - {}
RESULT: {"script":"<script> [1562 bytes]","args":[{"selector":{"id":"closeContractBtn","viewName":"etm.portal.ui.managecontracts.view.Detail"},"wdio_ui5_key":"closeContractBtnetmportal.ui.managecontracts.view.Detail"}]}
COMMAND: POST /session/16f78b01815a2e3a707cc501cb0afb21/execute/async - {"script":"<script> [6424 bytes]","args":[{"element-6066-11e4-a52e-4f735466cecf":"f.2B12B0EA68CDE32E3DD19BB79ABA46A3.d.C8F9EB822A534685122854F59501940C.e.7560"},"getEnabled",[]]}
RESULT: {}
RESULT: {"script":"<script> [6424 bytes]","args":[{"element-6066-11e4-a52e-4f735466cecf":"f.2B12B0EA68CDE32E3DD19BB79ABA46A3.d.C8F9EB822A534685122854F59501940C.e.7560"},"getEnabled",[]]}
]]></system-out>
    </testcase>
    <testcase classname="chrome.136_0_7103_93.windows.Standard_contract_close-reopen_US111278" name="Should verify for multiple statuses that open button is not visible" time="72.529">
      <system-out><![CDATA[
COMMAND: POST /session/16f78b01815a2e3a707cc501cb0afb21/execute/async - {"script":"<script> [1562 bytes]","args":[{"selector":{"controlType":"sap.ui.core.Icon","viewName":"etm.portal.ui.managecontracts.view.Detail","properties":{"src":{"regex":{"source":"decline"}}}},"wdio_ui5_key":"etmportal.ui.managecontracts.view.Detailsap.ui.core.Icon{\"src\":{\"regex\":{\"source\":\"decline\"}}}"}]}
RESULT: {"script":"<script> [1562 bytes]","args":[{"selector":{"controlType":"sap.ui.core.Icon","viewName":"etm.portal.ui.managecontracts.view.Detail","properties":{"src":{"regex":{"source":"decline"}}}},"wdio_ui5_key":"etmportal.ui.managecontracts.view.Detailsap.ui.core.Icon{\"src\":{\"regex\":{\"source\":\"decline\"}}}"}]}
RESULT: undefined
COMMAND: POST /session/16f78b01815a2e3a707cc501cb0afb21/element - {"using":"xpath","value":"//*[@id=\"__xmlview64--closeColumnBtn-img\"]"}
RESULT: {"using":"xpath","value":"//*[@id=\"__xmlview64--closeColumnBtn-img\"]"}
COMMAND: POST /session/16f78b01815a2e3a707cc501cb0afb21/element/f.2B12B0EA68CDE32E3DD19BB79ABA46A3.d.C8F9EB822A534685122854F59501940C.e.7531/click - {}
RESULT: {}
COMMAND: GET /session/16f78b01815a2e3a707cc501cb0afb21/screenshot - {}
COMMAND: POST /session/16f78b01815a2e3a707cc501cb0afb21/element - {"using":"xpath","value":"//div[contains(@id ,\"smartContractFilterBar-btnBasicSearch-reset\")]"}
RESULT: {}
RESULT: {"using":"xpath","value":"//div[contains(@id ,\"smartContractFilterBar-btnBasicSearch-reset\")]"}
COMMAND: POST /session/16f78b01815a2e3a707cc501cb0afb21/element/f.2B12B0EA68CDE32E3DD19BB79ABA46A3.d.C8F9EB822A534685122854F59501940C.e.7533/click - {}
RESULT: {}
COMMAND: GET /session/16f78b01815a2e3a707cc501cb0afb21/screenshot - {}
COMMAND: POST /session/16f78b01815a2e3a707cc501cb0afb21/execute/async - {"script":"<script> [1562 bytes]","args":[{"selector":{"controlType":"sap.ui.core.Icon","viewName":"etm.portal.ui.managecontracts.view.Master","properties":{"src":{"regex":{"source":"slim\\-arrow\\-down"}}},"ancestor":{"id":"smartContractStatusFilter","viewName":"etm.portal.ui.managecontracts.view.Master"}},"wdio_ui5_key":"etmportal.ui.managecontracts.view.Mastersap.ui.core.Icon{\"src\":{\"regex\":{\"source\":\"slim\\\\-arrow\\\\-down\"}}}{\"id\":\"smartContractStatusFilter\",\"viewName\":\"etm.portal.ui.managecontracts.view.Master\"}"}]}
RESULT: {}
RESULT: {"script":"<script> [1562 bytes]","args":[{"selector":{"controlType":"sap.ui.core.Icon","viewName":"etm.portal.ui.managecontracts.view.Master","properties":{"src":{"regex":{"source":"slim\\-arrow\\-down"}}},"ancestor":{"id":"smartContractStatusFilter","viewName":"etm.portal.ui.managecontracts.view.Master"}},"wdio_ui5_key":"etmportal.ui.managecontracts.view.Mastersap.ui.core.Icon{\"src\":{\"regex\":{\"source\":\"slim\\\\-arrow\\\\-down\"}}}{\"id\":\"smartContractStatusFilter\",\"viewName\":\"etm.portal.ui.managecontracts.view.Master\"}"}]}
RESULT: undefined
COMMAND: POST /session/16f78b01815a2e3a707cc501cb0afb21/element - {"using":"xpath","value":"//*[@id=\"__xmlview63--smartContractStatusFilter-arrow\"]"}
RESULT: {"using":"xpath","value":"//*[@id=\"__xmlview63--smartContractStatusFilter-arrow\"]"}
COMMAND: POST /session/16f78b01815a2e3a707cc501cb0afb21/element/f.2B12B0EA68CDE32E3DD19BB79ABA46A3.d.C8F9EB822A534685122854F59501940C.e.7605/click - {}
RESULT: {}
COMMAND: POST /session/16f78b01815a2e3a707cc501cb0afb21/execute/async - {"script":"<script> [1562 bytes]","args":[{"selector":{"controlType":"sap.m.CheckBox","viewName":"etm.portal.ui.managecontracts.view.Master","properties":{"editable":true},"searchOpenDialogs":true,"ancestor":{"controlType":"sap.m.StandardListItem","viewName":"etm.portal.ui.managecontracts.view.Master","properties":{"title":"partial provided"},"searchOpenDialogs":true},"interaction":{"idSuffix":"CbBg"}},"wdio_ui5_key":"etmportal.ui.managecontracts.view.Mastersap.m.CheckBox{\"editable\":true}{\"controlType\":\"sap.m.StandardListItem\",\"viewName\":\"etm.portal.ui.managecontracts.view.Master\",\"properties\":{\"title\":\"partial provided\"},\"searchOpenDialogs\":true}"}]}
COMMAND: GET /session/16f78b01815a2e3a707cc501cb0afb21/screenshot - {}
RESULT: {"script":"<script> [1562 bytes]","args":[{"selector":{"controlType":"sap.m.CheckBox","viewName":"etm.portal.ui.managecontracts.view.Master","properties":{"editable":true},"searchOpenDialogs":true,"ancestor":{"controlType":"sap.m.StandardListItem","viewName":"etm.portal.ui.managecontracts.view.Master","properties":{"title":"partial provided"},"searchOpenDialogs":true},"interaction":{"idSuffix":"CbBg"}},"wdio_ui5_key":"etmportal.ui.managecontracts.view.Mastersap.m.CheckBox{\"editable\":true}{\"controlType\":\"sap.m.StandardListItem\",\"viewName\":\"etm.portal.ui.managecontracts.view.Master\",\"properties\":{\"title\":\"partial provided\"},\"searchOpenDialogs\":true}"}]}
RESULT: undefined
COMMAND: POST /session/16f78b01815a2e3a707cc501cb0afb21/element - {"using":"xpath","value":"//*[@id=\"__item1808-selectMulti\"]"}
RESULT: {}
RESULT: {"using":"xpath","value":"//*[@id=\"__item1808-selectMulti\"]"}
COMMAND: POST /session/16f78b01815a2e3a707cc501cb0afb21/element/f.2B12B0EA68CDE32E3DD19BB79ABA46A3.d.C8F9EB822A534685122854F59501940C.e.7615/click - {}
RESULT: {}
COMMAND: GET /session/16f78b01815a2e3a707cc501cb0afb21/screenshot - {}
RESULT: {}
COMMAND: POST /session/16f78b01815a2e3a707cc501cb0afb21/element - {"using":"xpath","value":"(//span[contains(@title ,\"Navigation\")])[2]"}
RESULT: {"using":"xpath","value":"(//span[contains(@title ,\"Navigation\")])[2]"}
COMMAND: POST /session/16f78b01815a2e3a707cc501cb0afb21/element/f.2B12B0EA68CDE32E3DD19BB79ABA46A3.d.C8F9EB822A534685122854F59501940C.e.7647/click - {}
RESULT: {}
COMMAND: GET /session/16f78b01815a2e3a707cc501cb0afb21/screenshot - {}
RESULT: {}
COMMAND: POST /session/16f78b01815a2e3a707cc501cb0afb21/element - {"using":"xpath","value":"//bdi[contains(@id ,\"closeContractBtn-BDI-content\")]"}
RESULT: {"using":"xpath","value":"//bdi[contains(@id ,\"closeContractBtn-BDI-content\")]"}
COMMAND: POST /session/16f78b01815a2e3a707cc501cb0afb21/execute/sync - {"script":"<script> [8489 bytes]","args":[{"element-6066-11e4-a52e-4f735466cecf":"f.2B12B0EA68CDE32E3DD19BB79ABA46A3.d.C8F9EB822A534685122854F59501940C.e.7837","ELEMENT":"f.2B12B0EA68CDE32E3DD19BB79ABA46A3.d.C8F9EB822A534685122854F59501940C.e.7837"}]}
RESULT: undefined
COMMAND: POST /session/16f78b01815a2e3a707cc501cb0afb21/element - {"using":"xpath","value":"//*[@id=\"__xmlview64--closeColumnBtn-img\"]"}
RESULT: {"using":"xpath","value":"//*[@id=\"__xmlview64--closeColumnBtn-img\"]"}
COMMAND: POST /session/16f78b01815a2e3a707cc501cb0afb21/element/f.2B12B0EA68CDE32E3DD19BB79ABA46A3.d.C8F9EB822A534685122854F59501940C.e.7531/click - {}
RESULT: {"script":"<script> [8489 bytes]","args":[{"element-6066-11e4-a52e-4f735466cecf":"f.2B12B0EA68CDE32E3DD19BB79ABA46A3.d.C8F9EB822A534685122854F59501940C.e.7837","ELEMENT":"f.2B12B0EA68CDE32E3DD19BB79ABA46A3.d.C8F9EB822A534685122854F59501940C.e.7837"}]}
COMMAND: GET /session/16f78b01815a2e3a707cc501cb0afb21/screenshot - {}
RESULT: {}
COMMAND: GET /session/16f78b01815a2e3a707cc501cb0afb21/screenshot - {}
COMMAND: POST /session/16f78b01815a2e3a707cc501cb0afb21/execute/sync - {"script":"<script> [8489 bytes]","args":[{"element-6066-11e4-a52e-4f735466cecf":"f.2B12B0EA68CDE32E3DD19BB79ABA46A3.d.C8F9EB822A534685122854F59501940C.e.7837","ELEMENT":"f.2B12B0EA68CDE32E3DD19BB79ABA46A3.d.C8F9EB822A534685122854F59501940C.e.7837"}]}
COMMAND: POST /session/16f78b01815a2e3a707cc501cb0afb21/refresh - {}
RESULT: {}
RESULT: {}
RESULT: {"script":"<script> [8489 bytes]","args":[{"element-6066-11e4-a52e-4f735466cecf":"f.2B12B0EA68CDE32E3DD19BB79ABA46A3.d.C8F9EB822A534685122854F59501940C.e.7837","ELEMENT":"f.2B12B0EA68CDE32E3DD19BB79ABA46A3.d.C8F9EB822A534685122854F59501940C.e.7837"}]}
COMMAND: GET /session/16f78b01815a2e3a707cc501cb0afb21/screenshot - {}
RESULT: {}
COMMAND: GET /session/16f78b01815a2e3a707cc501cb0afb21/screenshot - {}
RESULT: {}
RESULT: {}
COMMAND: POST /session/16f78b01815a2e3a707cc501cb0afb21/execute/async - {"script":"<script> [189 bytes]","args":[]}
RESULT: {"script":"<script> [189 bytes]","args":[]}
COMMAND: POST /session/16f78b01815a2e3a707cc501cb0afb21/execute/async - {"script":"<script> [123 bytes]","args":[]}
RESULT: {"script":"<script> [123 bytes]","args":[]}
COMMAND: POST /session/16f78b01815a2e3a707cc501cb0afb21/timeouts - {"script":"<number>"}
RESULT: {"script":"<number>"}
COMMAND: GET /session/16f78b01815a2e3a707cc501cb0afb21/timeouts - {}
RESULT: {}
RESULT: undefined
COMMAND: POST /session/16f78b01815a2e3a707cc501cb0afb21/execute/async - {"script":"<script> [2676 bytes]","args":[]}
RESULT: {"script":"<script> [2676 bytes]","args":[]}
COMMAND: POST /session/16f78b01815a2e3a707cc501cb0afb21/execute/async - {"script":"<script> [2342 bytes]","args":[{"protocol":"http","hostname":"0.0.0.0","path":"/","capabilities":{"browserName":"chrome","goog:chromeOptions":{"binary":"C:\\Program Files\\Google\\Chrome\\Application\\chrome.exe","args":["--start-maximized"]}},"logLevel":"warn","connectionRetryTimeout":120000,"connectionRetryCount":3,"logLevels":{},"enableDirectConnect":true,"strictSSL":true,"_":"65 more keys: [\"cacheDir\",\"port\",\"requestedCapabilities\",\"automationProtocol\",\"baseUrl\",\"waitforInterval\",\"waitforTimeout\",\"onReload\",\"beforeCommand\",\"afterCommand\",\"rootDir\",\"specs\",\"suites\",\"exclude\",\"groupLogsByTestSpec\",\"excludeDriverLogs\",\"bail\",\"framework\",\"reporters\",\"services\",\"maxInstances\",\"maxInstancesPerCapability\",\"injectGlobals\",\"filesToWatch\",\"execArgv\",\"runnerEnv\",\"runner\",\"shard\",\"specFileRetries\",\"specFileRetriesDelay\",\"specFileRetriesDeferred\",\"reporterSyncInterval\",\"reporterSyncTimeout\",\"cucumberFeaturesWithLineNumbers\",\"autoCompileOpts\",\"mochaOpts\",\"jasmineOpts\",\"cucumberOpts\",\"onPrepare\",\"onWorkerStart\",\"onWorkerEnd\",\"before\",\"beforeSession\",\"beforeSuite\",\"beforeHook\",\"beforeTest\",\"afterTest\",\"afterHook\",\"afterSuite\",\"afterSession\",\"after\",\"onComplete\",\"beforeAssertion\",\"afterAssertion\",\"beforeFeature\",\"beforeScenario\",\"beforeStep\",\"afterStep\",\"afterScenario\",\"afterFeature\",\"_\",\"suite\",\"$0\",\"ignoredWorkerServices\",\"wdi5\"]"}]}
RESULT: {"script":"<script> [2342 bytes]","args":[{"protocol":"http","hostname":"0.0.0.0","path":"/","capabilities":{"browserName":"chrome","goog:chromeOptions":{"binary":"C:\\Program Files\\Google\\Chrome\\Application\\chrome.exe","args":["--start-maximized"]}},"logLevel":"warn","connectionRetryTimeout":120000,"connectionRetryCount":3,"logLevels":{},"enableDirectConnect":true,"strictSSL":true,"_":"65 more keys: [\"cacheDir\",\"port\",\"requestedCapabilities\",\"automationProtocol\",\"baseUrl\",\"waitforInterval\",\"waitforTimeout\",\"onReload\",\"beforeCommand\",\"afterCommand\",\"rootDir\",\"specs\",\"suites\",\"exclude\",\"groupLogsByTestSpec\",\"excludeDriverLogs\",\"bail\",\"framework\",\"reporters\",\"services\",\"maxInstances\",\"maxInstancesPerCapability\",\"injectGlobals\",\"filesToWatch\",\"execArgv\",\"runnerEnv\",\"runner\",\"shard\",\"specFileRetries\",\"specFileRetriesDelay\",\"specFileRetriesDeferred\",\"reporterSyncInterval\",\"reporterSyncTimeout\",\"cucumberFeaturesWithLineNumbers\",\"autoCompileOpts\",\"mochaOpts\",\"jasmineOpts\",\"cucumberOpts\",\"onPrepare\",\"onWorkerStart\",\"onWorkerEnd\",\"before\",\"beforeSession\",\"beforeSuite\",\"beforeHook\",\"beforeTest\",\"afterTest\",\"afterHook\",\"afterSuite\",\"afterSession\",\"after\",\"onComplete\",\"beforeAssertion\",\"afterAssertion\",\"beforeFeature\",\"beforeScenario\",\"beforeStep\",\"afterStep\",\"afterScenario\",\"afterFeature\",\"_\",\"suite\",\"$0\",\"ignoredWorkerServices\",\"wdi5\"]"}]}
COMMAND: POST /session/16f78b01815a2e3a707cc501cb0afb21/execute/async - {"script":"<script> [21126 bytes]","args":[35000]}
RESULT: {"script":"<script> [21126 bytes]","args":[35000]}
COMMAND: POST /session/16f78b01815a2e3a707cc501cb0afb21/execute/async - {"script":"<script> [1562 bytes]","args":[{"selector":{"controlType":"sap.ui.core.Icon","viewName":"etm.portal.ui.managecontracts.view.Master","properties":{"src":{"regex":{"source":"slim\\-arrow\\-down"}}},"ancestor":{"id":"smartContractStatusFilter","viewName":"etm.portal.ui.managecontracts.view.Master"}},"wdio_ui5_key":"etmportal.ui.managecontracts.view.Mastersap.ui.core.Icon{\"src\":{\"regex\":{\"source\":\"slim\\\\-arrow\\\\-down\"}}}{\"id\":\"smartContractStatusFilter\",\"viewName\":\"etm.portal.ui.managecontracts.view.Master\"}"}]}
RESULT: {"script":"<script> [1562 bytes]","args":[{"selector":{"controlType":"sap.ui.core.Icon","viewName":"etm.portal.ui.managecontracts.view.Master","properties":{"src":{"regex":{"source":"slim\\-arrow\\-down"}}},"ancestor":{"id":"smartContractStatusFilter","viewName":"etm.portal.ui.managecontracts.view.Master"}},"wdio_ui5_key":"etmportal.ui.managecontracts.view.Mastersap.ui.core.Icon{\"src\":{\"regex\":{\"source\":\"slim\\\\-arrow\\\\-down\"}}}{\"id\":\"smartContractStatusFilter\",\"viewName\":\"etm.portal.ui.managecontracts.view.Master\"}"}]}
RESULT: undefined
COMMAND: POST /session/16f78b01815a2e3a707cc501cb0afb21/element - {"using":"xpath","value":"//*[@id=\"__xmlview0--smartContractStatusFilter-arrow\"]"}
RESULT: {"using":"xpath","value":"//*[@id=\"__xmlview0--smartContractStatusFilter-arrow\"]"}
COMMAND: POST /session/16f78b01815a2e3a707cc501cb0afb21/element/f.2B12B0EA68CDE32E3DD19BB79ABA46A3.d.25290C292360AD3F74E69471E3552263.e.8013/click - {}
RESULT: {}
COMMAND: GET /session/16f78b01815a2e3a707cc501cb0afb21/screenshot - {}
RESULT: {}
COMMAND: POST /session/16f78b01815a2e3a707cc501cb0afb21/execute/async - {"script":"<script> [1562 bytes]","args":[{"selector":{"controlType":"sap.m.CheckBox","viewName":"etm.portal.ui.managecontracts.view.Master","properties":{"editable":true},"searchOpenDialogs":true,"ancestor":{"controlType":"sap.m.StandardListItem","viewName":"etm.portal.ui.managecontracts.view.Master","properties":{"title":"partial billed"},"searchOpenDialogs":true},"interaction":{"idSuffix":"CbBg"}},"wdio_ui5_key":"etmportal.ui.managecontracts.view.Mastersap.m.CheckBox{\"editable\":true}{\"controlType\":\"sap.m.StandardListItem\",\"viewName\":\"etm.portal.ui.managecontracts.view.Master\",\"properties\":{\"title\":\"partial billed\"},\"searchOpenDialogs\":true}"}]}
RESULT: {"script":"<script> [1562 bytes]","args":[{"selector":{"controlType":"sap.m.CheckBox","viewName":"etm.portal.ui.managecontracts.view.Master","properties":{"editable":true},"searchOpenDialogs":true,"ancestor":{"controlType":"sap.m.StandardListItem","viewName":"etm.portal.ui.managecontracts.view.Master","properties":{"title":"partial billed"},"searchOpenDialogs":true},"interaction":{"idSuffix":"CbBg"}},"wdio_ui5_key":"etmportal.ui.managecontracts.view.Mastersap.m.CheckBox{\"editable\":true}{\"controlType\":\"sap.m.StandardListItem\",\"viewName\":\"etm.portal.ui.managecontracts.view.Master\",\"properties\":{\"title\":\"partial billed\"},\"searchOpenDialogs\":true}"}]}
RESULT: undefined
COMMAND: POST /session/16f78b01815a2e3a707cc501cb0afb21/element - {"using":"xpath","value":"//*[@id=\"__item41-selectMulti\"]"}
RESULT: {"using":"xpath","value":"//*[@id=\"__item41-selectMulti\"]"}
COMMAND: POST /session/16f78b01815a2e3a707cc501cb0afb21/element/f.2B12B0EA68CDE32E3DD19BB79ABA46A3.d.25290C292360AD3F74E69471E3552263.e.8022/click - {}
RESULT: {}
COMMAND: GET /session/16f78b01815a2e3a707cc501cb0afb21/screenshot - {}
RESULT: {}
COMMAND: POST /session/16f78b01815a2e3a707cc501cb0afb21/element - {"using":"xpath","value":"(//span[contains(@title ,\"Navigation\")])[2]"}
RESULT: {"using":"xpath","value":"(//span[contains(@title ,\"Navigation\")])[2]"}
COMMAND: POST /session/16f78b01815a2e3a707cc501cb0afb21/element/f.2B12B0EA68CDE32E3DD19BB79ABA46A3.d.25290C292360AD3F74E69471E3552263.e.8057/click - {}
RESULT: {}
COMMAND: GET /session/16f78b01815a2e3a707cc501cb0afb21/screenshot - {}
RESULT: {}
COMMAND: POST /session/16f78b01815a2e3a707cc501cb0afb21/execute/sync - {"script":"<script> [8489 bytes]","args":[{"element-6066-11e4-a52e-4f735466cecf":"f.2B12B0EA68CDE32E3DD19BB79ABA46A3.d.C8F9EB822A534685122854F59501940C.e.7837","ELEMENT":"f.2B12B0EA68CDE32E3DD19BB79ABA46A3.d.C8F9EB822A534685122854F59501940C.e.7837"}]}
COMMAND: POST /session/16f78b01815a2e3a707cc501cb0afb21/element - {"using":"css selector","value":"#shell-header-logo"}
COMMAND: POST /session/16f78b01815a2e3a707cc501cb0afb21/element - {"using":"xpath","value":"//bdi[contains(@id ,\"closeContractBtn-BDI-content\")]"}
RESULT: {"using":"css selector","value":"#shell-header-logo"}
COMMAND: POST /session/16f78b01815a2e3a707cc501cb0afb21/element/f.2B12B0EA68CDE32E3DD19BB79ABA46A3.d.25290C292360AD3F74E69471E3552263.e.8010/click - {}
RESULT: {"using":"xpath","value":"//bdi[contains(@id ,\"closeContractBtn-BDI-content\")]"}
COMMAND: POST /session/16f78b01815a2e3a707cc501cb0afb21/element - {"using":"xpath","value":"//bdi[contains(@id ,\"closeContractBtn-BDI-content\")]"}
RESULT: {}
COMMAND: GET /session/16f78b01815a2e3a707cc501cb0afb21/screenshot - {}
RESULT: {"using":"xpath","value":"//bdi[contains(@id ,\"closeContractBtn-BDI-content\")]"}
RESULT: {}
]]></system-out>
    </testcase>
  </testsuite>
  <testsuite timestamp="2025-05-19T18:10:51" time="48.341" tests="1" failures="0" errors="0" skipped="0">
    <properties>
      <property name="specId" value="0" />
      <property name="suiteName" value="Standard contract decline US151279" />
      <property name="capabilities" value="chrome.136_0_7103_93.windows" />
      <property name="file" value="file:///D:/a/1/s/test/specs/R2C/standard-contract-decline.spec.js" />
    </properties>
    <testcase classname="chrome.136_0_7103_93.windows.Standard_contract_decline_US151279" name="Should decline a contract" time="44.418">
      <system-out><![CDATA[
COMMAND: POST /session/16f78b01815a2e3a707cc501cb0afb21/execute/async - {"script":"<script> [1562 bytes]","args":[{"selector":{"controlType":"sap.m.GenericTile","properties":{"header":"Manage Contracts"}},"wdio_ui5_key":"sapm.GenericTile{\"header\":\"Manage Contracts\"}"}]}
RESULT: {"script":"<script> [1562 bytes]","args":[{"selector":{"controlType":"sap.m.GenericTile","properties":{"header":"Manage Contracts"}},"wdio_ui5_key":"sapm.GenericTile{\"header\":\"Manage Contracts\"}"}]}
RESULT: undefined
COMMAND: POST /session/16f78b01815a2e3a707cc501cb0afb21/element - {"using":"xpath","value":"//*[@id=\"__tile130\"]"}
RESULT: {"using":"xpath","value":"//*[@id=\"__tile130\"]"}
COMMAND: POST /session/16f78b01815a2e3a707cc501cb0afb21/element/f.2B12B0EA68CDE32E3DD19BB79ABA46A3.d.25290C292360AD3F74E69471E3552263.e.8397/click - {}
RESULT: {}
COMMAND: GET /session/16f78b01815a2e3a707cc501cb0afb21/screenshot - {}
RESULT: {}
COMMAND: POST /session/16f78b01815a2e3a707cc501cb0afb21/element - {"using":"xpath","value":"//input[contains(@id ,\"smartContractFilterBar-btnBasicSearch-I\")]"}
RESULT: {"using":"xpath","value":"//input[contains(@id ,\"smartContractFilterBar-btnBasicSearch-I\")]"}
COMMAND: POST /session/16f78b01815a2e3a707cc501cb0afb21/element/f.2B12B0EA68CDE32E3DD19BB79ABA46A3.d.25290C292360AD3F74E69471E3552263.e.8408/clear - {}
RESULT: {}
COMMAND: POST /session/16f78b01815a2e3a707cc501cb0afb21/element/f.2B12B0EA68CDE32E3DD19BB79ABA46A3.d.25290C292360AD3F74E69471E3552263.e.8408/value - {"text":"10403"}
COMMAND: GET /session/16f78b01815a2e3a707cc501cb0afb21/screenshot - {}
RESULT: {"text":"10403"}
COMMAND: POST /session/16f78b01815a2e3a707cc501cb0afb21/actions - {"actions":[{"id":"action43","type":"key","parameters":{},"actions":[{"type":"keyDown","value":"î€‡"},{"type":"pause","duration":10},{"type":"keyUp","value":"î€‡"}]}]}
COMMAND: GET /session/16f78b01815a2e3a707cc501cb0afb21/screenshot - {}
RESULT: {}
RESULT: {"actions":[{"id":"action43","type":"key","parameters":{},"actions":[{"type":"keyDown","value":"î€‡"},{"type":"pause","duration":10},{"type":"keyUp","value":"î€‡"}]}]}
COMMAND: GET /session/16f78b01815a2e3a707cc501cb0afb21/screenshot - {}
RESULT: {}
RESULT: {}
COMMAND: POST /session/16f78b01815a2e3a707cc501cb0afb21/elements - {"using":"xpath","value":"//span[text()='Error']"}
RESULT: {"using":"xpath","value":"//span[text()='Error']"}
COMMAND: POST /session/16f78b01815a2e3a707cc501cb0afb21/execute/async - {"script":"<script> [1562 bytes]","args":[{"selector":{"controlType":"sap.ui.core.Icon","viewName":"etm.portal.ui.managecontracts.view.Master","properties":{"src":{"regex":{"source":"slim\\-arrow\\-right"}}}},"wdio_ui5_key":"etmportal.ui.managecontracts.view.Mastersap.ui.core.Icon{\"src\":{\"regex\":{\"source\":\"slim\\\\-arrow\\\\-right\"}}}"}]}
RESULT: {"script":"<script> [1562 bytes]","args":[{"selector":{"controlType":"sap.ui.core.Icon","viewName":"etm.portal.ui.managecontracts.view.Master","properties":{"src":{"regex":{"source":"slim\\-arrow\\-right"}}}},"wdio_ui5_key":"etmportal.ui.managecontracts.view.Mastersap.ui.core.Icon{\"src\":{\"regex\":{\"source\":\"slim\\\\-arrow\\\\-right\"}}}"}]}
RESULT: undefined
COMMAND: POST /session/16f78b01815a2e3a707cc501cb0afb21/element - {"using":"xpath","value":"//*[@id=\"__item77-__clone207-imgNav\"]"}
RESULT: {"using":"xpath","value":"//*[@id=\"__item77-__clone207-imgNav\"]"}
COMMAND: POST /session/16f78b01815a2e3a707cc501cb0afb21/element/f.2B12B0EA68CDE32E3DD19BB79ABA46A3.d.25290C292360AD3F74E69471E3552263.e.8498/click - {}
RESULT: {}
COMMAND: GET /session/16f78b01815a2e3a707cc501cb0afb21/screenshot - {}
RESULT: {}
COMMAND: POST /session/16f78b01815a2e3a707cc501cb0afb21/execute/async - {"script":"<script> [1562 bytes]","args":[{"selector":{"id":"cancelContractBtn","viewName":"etm.portal.ui.managecontracts.view.Detail","interaction":{"idSuffix":"BDI-content"}},"wdio_ui5_key":"cancelContractBtnetmportal.ui.managecontracts.view.Detail"}]}
RESULT: {"script":"<script> [1562 bytes]","args":[{"selector":{"id":"cancelContractBtn","viewName":"etm.portal.ui.managecontracts.view.Detail","interaction":{"idSuffix":"BDI-content"}},"wdio_ui5_key":"cancelContractBtnetmportal.ui.managecontracts.view.Detail"}]}
RESULT: undefined
COMMAND: POST /session/16f78b01815a2e3a707cc501cb0afb21/element - {"using":"xpath","value":"//*[@id=\"__xmlview61--cancelContractBtn\"]"}
RESULT: {"using":"xpath","value":"//*[@id=\"__xmlview61--cancelContractBtn\"]"}
COMMAND: POST /session/16f78b01815a2e3a707cc501cb0afb21/element/f.2B12B0EA68CDE32E3DD19BB79ABA46A3.d.25290C292360AD3F74E69471E3552263.e.8604/click - {}
RESULT: {}
COMMAND: GET /session/16f78b01815a2e3a707cc501cb0afb21/screenshot - {}
RESULT: {}
COMMAND: POST /session/16f78b01815a2e3a707cc501cb0afb21/execute/async - {"script":"<script> [1562 bytes]","args":[{"selector":{"controlType":"sap.m.Text","properties":{"text":"Do you want to cancel the whole contract?"},"searchOpenDialogs":true},"wdio_ui5_key":"sapm.Text{\"text\":\"Do you want to cancel the whole contract?\"}"}]}
RESULT: {"script":"<script> [1562 bytes]","args":[{"selector":{"controlType":"sap.m.Text","properties":{"text":"Do you want to cancel the whole contract?"},"searchOpenDialogs":true},"wdio_ui5_key":"sapm.Text{\"text\":\"Do you want to cancel the whole contract?\"}"}]}
RESULT: undefined
COMMAND: POST /session/16f78b01815a2e3a707cc501cb0afb21/execute/async - {"script":"<script> [6424 bytes]","args":[{"element-6066-11e4-a52e-4f735466cecf":"f.2B12B0EA68CDE32E3DD19BB79ABA46A3.d.25290C292360AD3F74E69471E3552263.e.8663"},"getText",[]]}
RESULT: {"script":"<script> [6424 bytes]","args":[{"element-6066-11e4-a52e-4f735466cecf":"f.2B12B0EA68CDE32E3DD19BB79ABA46A3.d.25290C292360AD3F74E69471E3552263.e.8663"},"getText",[]]}
COMMAND: POST /session/16f78b01815a2e3a707cc501cb0afb21/element - {"using":"xpath","value":"//bdi[contains(text(), \"OK\")]"}
RESULT: {"using":"xpath","value":"//bdi[contains(text(), \"OK\")]"}
COMMAND: POST /session/16f78b01815a2e3a707cc501cb0afb21/element/f.2B12B0EA68CDE32E3DD19BB79ABA46A3.d.25290C292360AD3F74E69471E3552263.e.8664/click - {}
RESULT: {}
COMMAND: GET /session/16f78b01815a2e3a707cc501cb0afb21/screenshot - {}
RESULT: {}
COMMAND: POST /session/16f78b01815a2e3a707cc501cb0afb21/element - {"using":"xpath","value":"//input[contains(@id ,\"smartContractFilterBar-btnBasicSearch-I\")]"}
RESULT: {"using":"xpath","value":"//input[contains(@id ,\"smartContractFilterBar-btnBasicSearch-I\")]"}
COMMAND: POST /session/16f78b01815a2e3a707cc501cb0afb21/element/f.2B12B0EA68CDE32E3DD19BB79ABA46A3.d.25290C292360AD3F74E69471E3552263.e.8408/clear - {}
RESULT: {}
COMMAND: POST /session/16f78b01815a2e3a707cc501cb0afb21/element/f.2B12B0EA68CDE32E3DD19BB79ABA46A3.d.25290C292360AD3F74E69471E3552263.e.8408/value - {"text":"10403"}
COMMAND: GET /session/16f78b01815a2e3a707cc501cb0afb21/screenshot - {}
RESULT: {"text":"10403"}
COMMAND: POST /session/16f78b01815a2e3a707cc501cb0afb21/actions - {"actions":[{"id":"action44","type":"key","parameters":{},"actions":[{"type":"keyDown","value":"î€‡"},{"type":"pause","duration":10},{"type":"keyUp","value":"î€‡"}]}]}
COMMAND: GET /session/16f78b01815a2e3a707cc501cb0afb21/screenshot - {}
RESULT: {}
RESULT: {"actions":[{"id":"action44","type":"key","parameters":{},"actions":[{"type":"keyDown","value":"î€‡"},{"type":"pause","duration":10},{"type":"keyUp","value":"î€‡"}]}]}
COMMAND: GET /session/16f78b01815a2e3a707cc501cb0afb21/screenshot - {}
RESULT: {}
RESULT: {}
COMMAND: POST /session/16f78b01815a2e3a707cc501cb0afb21/execute/async - {"script":"<script> [1562 bytes]","args":[{"selector":{"controlType":"sap.m.ObjectStatus","viewName":"etm.portal.ui.managecontracts.view.Master","bindingPath":{"path":"/SmartContractHeaders('10403')","propertyPath":"STATUS_DESCRIPTION"}},"wdio_ui5_key":"etmportal.ui.managecontracts.view.Mastersap.m.ObjectStatus{\"path\":\"/SmartContractHeaders('10403')\",\"propertyPath\":\"STATUS_DESCRIPTION\"}"}]}
RESULT: {"script":"<script> [1562 bytes]","args":[{"selector":{"controlType":"sap.m.ObjectStatus","viewName":"etm.portal.ui.managecontracts.view.Master","bindingPath":{"path":"/SmartContractHeaders('10403')","propertyPath":"STATUS_DESCRIPTION"}},"wdio_ui5_key":"etmportal.ui.managecontracts.view.Mastersap.m.ObjectStatus{\"path\":\"/SmartContractHeaders('10403')\",\"propertyPath\":\"STATUS_DESCRIPTION\"}"}]}
RESULT: undefined
COMMAND: POST /session/16f78b01815a2e3a707cc501cb0afb21/execute/async - {"script":"<script> [6424 bytes]","args":[{"element-6066-11e4-a52e-4f735466cecf":"f.2B12B0EA68CDE32E3DD19BB79ABA46A3.d.25290C292360AD3F74E69471E3552263.e.8718"},"getText",[]]}
RESULT: {"script":"<script> [6424 bytes]","args":[{"element-6066-11e4-a52e-4f735466cecf":"f.2B12B0EA68CDE32E3DD19BB79ABA46A3.d.25290C292360AD3F74E69471E3552263.e.8718"},"getText",[]]}
RESULT: undefined
COMMAND: POST /session/16f78b01815a2e3a707cc501cb0afb21/element - {"using":"xpath","value":"//*[@id=\"__item77-__clone207-imgNav\"]"}
RESULT: {"using":"xpath","value":"//*[@id=\"__item77-__clone207-imgNav\"]"}
COMMAND: POST /session/16f78b01815a2e3a707cc501cb0afb21/element/f.2B12B0EA68CDE32E3DD19BB79ABA46A3.d.25290C292360AD3F74E69471E3552263.e.8498/click - {}
RESULT: {}
COMMAND: GET /session/16f78b01815a2e3a707cc501cb0afb21/screenshot - {}
RESULT: {}
COMMAND: POST /session/16f78b01815a2e3a707cc501cb0afb21/execute/async - {"script":"<script> [1562 bytes]","args":[{"selector":{"controlType":"sap.m.ObjectStatus","viewName":"etm.portal.ui.managecontracts.view.Detail","bindingPath":{"path":"/SmartContractItems(CONTRACT='10403',ITEM=10m,SUB_ITEM=0m)","propertyPath":"STATUS"}},"wdio_ui5_key":"etmportal.ui.managecontracts.view.Detailsap.m.ObjectStatus{\"path\":\"/SmartContractItems(CONTRACT='10403',ITEM=10m,SUB_ITEM=0m)\",\"propertyPath\":\"STATUS\"}"}]}
RESULT: {"script":"<script> [1562 bytes]","args":[{"selector":{"controlType":"sap.m.ObjectStatus","viewName":"etm.portal.ui.managecontracts.view.Detail","bindingPath":{"path":"/SmartContractItems(CONTRACT='10403',ITEM=10m,SUB_ITEM=0m)","propertyPath":"STATUS"}},"wdio_ui5_key":"etmportal.ui.managecontracts.view.Detailsap.m.ObjectStatus{\"path\":\"/SmartContractItems(CONTRACT='10403',ITEM=10m,SUB_ITEM=0m)\",\"propertyPath\":\"STATUS\"}"}]}
RESULT: undefined
COMMAND: POST /session/16f78b01815a2e3a707cc501cb0afb21/execute/async - {"script":"<script> [6424 bytes]","args":[{"element-6066-11e4-a52e-4f735466cecf":"f.2B12B0EA68CDE32E3DD19BB79ABA46A3.d.25290C292360AD3F74E69471E3552263.e.8742"},"getText",[]]}
RESULT: {"script":"<script> [6424 bytes]","args":[{"element-6066-11e4-a52e-4f735466cecf":"f.2B12B0EA68CDE32E3DD19BB79ABA46A3.d.25290C292360AD3F74E69471E3552263.e.8742"},"getText",[]]}
COMMAND: POST /session/16f78b01815a2e3a707cc501cb0afb21/element - {"using":"css selector","value":"#shell-header-logo"}
RESULT: {"using":"css selector","value":"#shell-header-logo"}
COMMAND: POST /session/16f78b01815a2e3a707cc501cb0afb21/element/f.2B12B0EA68CDE32E3DD19BB79ABA46A3.d.25290C292360AD3F74E69471E3552263.e.8399/click - {}
RESULT: {}
COMMAND: GET /session/16f78b01815a2e3a707cc501cb0afb21/screenshot - {}
RESULT: {}
]]></system-out>
    </testcase>
  </testsuite>
  <testsuite timestamp="2025-05-19T18:11:40" time="174.563" tests="2" failures="0" errors="0" skipped="0">
    <properties>
      <property name="specId" value="0" />
      <property name="suiteName" value="Insert service into a contract US152956" />
      <property name="capabilities" value="chrome.136_0_7103_93.windows" />
      <property name="file" value="file:///D:/a/1/s/test/specs/R2C/insert-service-into-a-contract.spec.js" />
    </properties>
    <testcase classname="chrome.136_0_7103_93.windows.Insert_service_into_a_contract_US152956" name="Should create a new contract" time="93.364">
      <system-out><![CDATA[
RESULT: undefined
COMMAND: POST /session/16f78b01815a2e3a707cc501cb0afb21/element - {"using":"xpath","value":"//*[@id=\"__tile130\"]"}
RESULT: {"using":"xpath","value":"//*[@id=\"__tile130\"]"}
COMMAND: POST /session/16f78b01815a2e3a707cc501cb0afb21/element/f.2B12B0EA68CDE32E3DD19BB79ABA46A3.d.25290C292360AD3F74E69471E3552263.e.8397/click - {}
RESULT: {}
COMMAND: GET /session/16f78b01815a2e3a707cc501cb0afb21/screenshot - {}
RESULT: {}
COMMAND: POST /session/16f78b01815a2e3a707cc501cb0afb21/elements - {"using":"xpath","value":"//span[text()='Error']"}
RESULT: {"using":"xpath","value":"//span[text()='Error']"}
COMMAND: POST /session/16f78b01815a2e3a707cc501cb0afb21/element - {"using":"xpath","value":"//button[@data-kt=\"addButton\"]"}
RESULT: {"using":"xpath","value":"//button[@data-kt=\"addButton\"]"}
COMMAND: POST /session/16f78b01815a2e3a707cc501cb0afb21/element/f.2B12B0EA68CDE32E3DD19BB79ABA46A3.d.25290C292360AD3F74E69471E3552263.e.8795/click - {}
RESULT: {}
COMMAND: GET /session/16f78b01815a2e3a707cc501cb0afb21/screenshot - {}
RESULT: {}
COMMAND: POST /session/16f78b01815a2e3a707cc501cb0afb21/execute/async - {"script":"<script> [1562 bytes]","args":[{"selector":{"id":"application-managecontracts-display-component---AddNewContract--projectDescription","interaction":{"idSuffix":"inner"}},"wdio_ui5_key":"applicationmanagecontracts-display-component---AddNewContract--projectDescription"}]}
RESULT: {"script":"<script> [1562 bytes]","args":[{"selector":{"id":"application-managecontracts-display-component---AddNewContract--projectDescription","interaction":{"idSuffix":"inner"}},"wdio_ui5_key":"applicationmanagecontracts-display-component---AddNewContract--projectDescription"}]}
RESULT: undefined
COMMAND: POST /session/16f78b01815a2e3a707cc501cb0afb21/execute/async - {"script":"<script> [776 bytes]","args":[{"enterText":"WdIOR2c7r9ut","selector":{"id":"application-managecontracts-display-component---AddNewContract--projectDescription","interaction":{"idSuffix":"inner"}},"clearTextFirst":true,"interactionType":"ENTER_TEXT"}]}
RESULT: {"script":"<script> [776 bytes]","args":[{"enterText":"WdIOR2c7r9ut","selector":{"id":"application-managecontracts-display-component---AddNewContract--projectDescription","interaction":{"idSuffix":"inner"}},"clearTextFirst":true,"interactionType":"ENTER_TEXT"}]}
COMMAND: POST /session/16f78b01815a2e3a707cc501cb0afb21/element - {"using":"xpath","value":"//input[@id=\"application-managecontracts-display-component---AddNewContract--yardId-inner\"]"}
RESULT: {"using":"xpath","value":"//input[@id=\"application-managecontracts-display-component---AddNewContract--yardId-inner\"]"}
COMMAND: POST /session/16f78b01815a2e3a707cc501cb0afb21/element/f.2B12B0EA68CDE32E3DD19BB79ABA46A3.d.25290C292360AD3F74E69471E3552263.e.9093/clear - {}
RESULT: {}
COMMAND: POST /session/16f78b01815a2e3a707cc501cb0afb21/element/f.2B12B0EA68CDE32E3DD19BB79ABA46A3.d.25290C292360AD3F74E69471E3552263.e.9093/value - {"text":"WebdriverYard4x4mo"}
COMMAND: GET /session/16f78b01815a2e3a707cc501cb0afb21/screenshot - {}
RESULT: {"text":"WebdriverYard4x4mo"}
COMMAND: GET /session/16f78b01815a2e3a707cc501cb0afb21/screenshot - {}
RESULT: {}
RESULT: {}
COMMAND: POST /session/16f78b01815a2e3a707cc501cb0afb21/actions - {"actions":[{"id":"action45","type":"key","parameters":{},"actions":[{"type":"keyDown","value":"î€‡"},{"type":"pause","duration":10},{"type":"keyUp","value":"î€‡"}]}]}
RESULT: {"actions":[{"id":"action45","type":"key","parameters":{},"actions":[{"type":"keyDown","value":"î€‡"},{"type":"pause","duration":10},{"type":"keyUp","value":"î€‡"}]}]}
COMMAND: GET /session/16f78b01815a2e3a707cc501cb0afb21/screenshot - {}
RESULT: {}
COMMAND: POST /session/16f78b01815a2e3a707cc501cb0afb21/element - {"using":"xpath","value":"//input[@id=\"application-managecontracts-display-component---AddNewContract--customerSelect-inner\"]"}
RESULT: {"using":"xpath","value":"//input[@id=\"application-managecontracts-display-component---AddNewContract--customerSelect-inner\"]"}
COMMAND: POST /session/16f78b01815a2e3a707cc501cb0afb21/element/f.2B12B0EA68CDE32E3DD19BB79ABA46A3.d.25290C292360AD3F74E69471E3552263.e.9091/clear - {}
RESULT: {}
COMMAND: POST /session/16f78b01815a2e3a707cc501cb0afb21/element/f.2B12B0EA68CDE32E3DD19BB79ABA46A3.d.25290C292360AD3F74E69471E3552263.e.9091/value - {"text":"WebdriverPartnereq48h"}
COMMAND: GET /session/16f78b01815a2e3a707cc501cb0afb21/screenshot - {}
RESULT: {"text":"WebdriverPartnereq48h"}
COMMAND: GET /session/16f78b01815a2e3a707cc501cb0afb21/screenshot - {}
RESULT: {}
RESULT: {}
COMMAND: POST /session/16f78b01815a2e3a707cc501cb0afb21/actions - {"actions":[{"id":"action46","type":"key","parameters":{},"actions":[{"type":"keyDown","value":"î€‡"},{"type":"pause","duration":10},{"type":"keyUp","value":"î€‡"}]}]}
RESULT: {"actions":[{"id":"action46","type":"key","parameters":{},"actions":[{"type":"keyDown","value":"î€‡"},{"type":"pause","duration":10},{"type":"keyUp","value":"î€‡"}]}]}
COMMAND: GET /session/16f78b01815a2e3a707cc501cb0afb21/screenshot - {}
RESULT: {}
COMMAND: POST /session/16f78b01815a2e3a707cc501cb0afb21/element - {"using":"xpath","value":"//input[@id=\"application-managecontracts-display-component---AddNewContract--site-inner\"]"}
RESULT: {"using":"xpath","value":"//input[@id=\"application-managecontracts-display-component---AddNewContract--site-inner\"]"}
COMMAND: POST /session/16f78b01815a2e3a707cc501cb0afb21/element/f.2B12B0EA68CDE32E3DD19BB79ABA46A3.d.25290C292360AD3F74E69471E3552263.e.9092/clear - {}
RESULT: {}
COMMAND: POST /session/16f78b01815a2e3a707cc501cb0afb21/element/f.2B12B0EA68CDE32E3DD19BB79ABA46A3.d.25290C292360AD3F74E69471E3552263.e.9092/value - {"text":"WebdriverSitez8cgkh"}
COMMAND: GET /session/16f78b01815a2e3a707cc501cb0afb21/screenshot - {}
RESULT: {"text":"WebdriverSitez8cgkh"}
COMMAND: GET /session/16f78b01815a2e3a707cc501cb0afb21/screenshot - {}
RESULT: {}
RESULT: {}
COMMAND: POST /session/16f78b01815a2e3a707cc501cb0afb21/actions - {"actions":[{"id":"action47","type":"key","parameters":{},"actions":[{"type":"keyDown","value":"î€‡"},{"type":"pause","duration":10},{"type":"keyUp","value":"î€‡"}]}]}
RESULT: {"actions":[{"id":"action47","type":"key","parameters":{},"actions":[{"type":"keyDown","value":"î€‡"},{"type":"pause","duration":10},{"type":"keyUp","value":"î€‡"}]}]}
COMMAND: GET /session/16f78b01815a2e3a707cc501cb0afb21/screenshot - {}
RESULT: {}
COMMAND: POST /session/16f78b01815a2e3a707cc501cb0afb21/element - {"using":"xpath","value":"//button[@data-kt=\"saveButton\"]"}
RESULT: {"using":"xpath","value":"//button[@data-kt=\"saveButton\"]"}
COMMAND: POST /session/16f78b01815a2e3a707cc501cb0afb21/element/f.2B12B0EA68CDE32E3DD19BB79ABA46A3.d.25290C292360AD3F74E69471E3552263.e.9133/click - {}
RESULT: {}
COMMAND: GET /session/16f78b01815a2e3a707cc501cb0afb21/screenshot - {}
RESULT: {}
COMMAND: POST /session/16f78b01815a2e3a707cc501cb0afb21/execute/async - {"script":"<script> [1562 bytes]","args":[{"selector":{"id":"contractDetailTitleNoExpanded","viewName":"etm.portal.ui.managecontracts.view.Detail"},"wdio_ui5_key":"contractDetailTitleNoExpandedetmportal.ui.managecontracts.view.Detail"}]}
RESULT: {"script":"<script> [1562 bytes]","args":[{"selector":{"id":"contractDetailTitleNoExpanded","viewName":"etm.portal.ui.managecontracts.view.Detail"},"wdio_ui5_key":"contractDetailTitleNoExpandedetmportal.ui.managecontracts.view.Detail"}]}
RESULT: undefined
COMMAND: POST /session/16f78b01815a2e3a707cc501cb0afb21/execute/async - {"script":"<script> [6424 bytes]","args":[{"element-6066-11e4-a52e-4f735466cecf":"f.2B12B0EA68CDE32E3DD19BB79ABA46A3.d.25290C292360AD3F74E69471E3552263.e.9144"},"getText",[]]}
RESULT: {"script":"<script> [6424 bytes]","args":[{"element-6066-11e4-a52e-4f735466cecf":"f.2B12B0EA68CDE32E3DD19BB79ABA46A3.d.25290C292360AD3F74E69471E3552263.e.9144"},"getText",[]]}
]]></system-out>
    </testcase>
    <testcase classname="chrome.136_0_7103_93.windows.Insert_service_into_a_contract_US152956" name="Should add a service unit and a service group to the contract" time="77.275">
      <system-out><![CDATA[
COMMAND: POST /session/16f78b01815a2e3a707cc501cb0afb21/element - {"using":"xpath","value":"//button[@data-kt=\"contractDetailEditBtnButton\"]"}
RESULT: {"using":"xpath","value":"//button[@data-kt=\"contractDetailEditBtnButton\"]"}
COMMAND: POST /session/16f78b01815a2e3a707cc501cb0afb21/execute/sync - {"script":"<script> [8489 bytes]","args":[{"element-6066-11e4-a52e-4f735466cecf":"f.2B12B0EA68CDE32E3DD19BB79ABA46A3.d.25290C292360AD3F74E69471E3552263.e.9145","ELEMENT":"f.2B12B0EA68CDE32E3DD19BB79ABA46A3.d.25290C292360AD3F74E69471E3552263.e.9145"}]}
RESULT: {"script":"<script> [8489 bytes]","args":[{"element-6066-11e4-a52e-4f735466cecf":"f.2B12B0EA68CDE32E3DD19BB79ABA46A3.d.25290C292360AD3F74E69471E3552263.e.9145","ELEMENT":"f.2B12B0EA68CDE32E3DD19BB79ABA46A3.d.25290C292360AD3F74E69471E3552263.e.9145"}]}
COMMAND: POST /session/16f78b01815a2e3a707cc501cb0afb21/execute/sync - {"script":"<script> [8489 bytes]","args":[{"element-6066-11e4-a52e-4f735466cecf":"f.2B12B0EA68CDE32E3DD19BB79ABA46A3.d.25290C292360AD3F74E69471E3552263.e.9145","ELEMENT":"f.2B12B0EA68CDE32E3DD19BB79ABA46A3.d.25290C292360AD3F74E69471E3552263.e.9145"}]}
COMMAND: GET /session/16f78b01815a2e3a707cc501cb0afb21/screenshot - {}
RESULT: {"script":"<script> [8489 bytes]","args":[{"element-6066-11e4-a52e-4f735466cecf":"f.2B12B0EA68CDE32E3DD19BB79ABA46A3.d.25290C292360AD3F74E69471E3552263.e.9145","ELEMENT":"f.2B12B0EA68CDE32E3DD19BB79ABA46A3.d.25290C292360AD3F74E69471E3552263.e.9145"}]}
COMMAND: POST /session/16f78b01815a2e3a707cc501cb0afb21/execute/sync - {"script":"<script> [5351 bytes]","args":[{"element-6066-11e4-a52e-4f735466cecf":"f.2B12B0EA68CDE32E3DD19BB79ABA46A3.d.25290C292360AD3F74E69471E3552263.e.9145","ELEMENT":"f.2B12B0EA68CDE32E3DD19BB79ABA46A3.d.25290C292360AD3F74E69471E3552263.e.9145"}]}
COMMAND: GET /session/16f78b01815a2e3a707cc501cb0afb21/screenshot - {}
RESULT: {}
RESULT: {"script":"<script> [5351 bytes]","args":[{"element-6066-11e4-a52e-4f735466cecf":"f.2B12B0EA68CDE32E3DD19BB79ABA46A3.d.25290C292360AD3F74E69471E3552263.e.9145","ELEMENT":"f.2B12B0EA68CDE32E3DD19BB79ABA46A3.d.25290C292360AD3F74E69471E3552263.e.9145"}]}
COMMAND: POST /session/16f78b01815a2e3a707cc501cb0afb21/element/f.2B12B0EA68CDE32E3DD19BB79ABA46A3.d.25290C292360AD3F74E69471E3552263.e.9145/click - {}
COMMAND: GET /session/16f78b01815a2e3a707cc501cb0afb21/screenshot - {}
RESULT: {}
RESULT: {}
COMMAND: GET /session/16f78b01815a2e3a707cc501cb0afb21/screenshot - {}
RESULT: {}
RESULT: {}
COMMAND: POST /session/16f78b01815a2e3a707cc501cb0afb21/element - {"using":"xpath","value":"(//span[contains(text(), \"Additional Addresses\")])[2]"}
RESULT: {"using":"xpath","value":"(//span[contains(text(), \"Additional Addresses\")])[2]"}
COMMAND: POST /session/16f78b01815a2e3a707cc501cb0afb21/element/f.2B12B0EA68CDE32E3DD19BB79ABA46A3.d.25290C292360AD3F74E69471E3552263.e.9199/click - {}
RESULT: {}
COMMAND: GET /session/16f78b01815a2e3a707cc501cb0afb21/screenshot - {}
RESULT: {}
COMMAND: POST /session/16f78b01815a2e3a707cc501cb0afb21/element - {"using":"xpath","value":"//button[@data-kt=\"btnAddTableRowOverflowToolbarButton\"]"}
RESULT: {"using":"xpath","value":"//button[@data-kt=\"btnAddTableRowOverflowToolbarButton\"]"}
COMMAND: POST /session/16f78b01815a2e3a707cc501cb0afb21/element/f.2B12B0EA68CDE32E3DD19BB79ABA46A3.d.25290C292360AD3F74E69471E3552263.e.9203/click - {}
RESULT: {}
COMMAND: GET /session/16f78b01815a2e3a707cc501cb0afb21/screenshot - {}
RESULT: {}
COMMAND: POST /session/16f78b01815a2e3a707cc501cb0afb21/element - {"using":"xpath","value":"//div[(text() = 'Standard Entry' or . = 'Standard Entry')]"}
RESULT: {"using":"xpath","value":"//div[(text() = 'Standard Entry' or . = 'Standard Entry')]"}
COMMAND: POST /session/16f78b01815a2e3a707cc501cb0afb21/element/f.2B12B0EA68CDE32E3DD19BB79ABA46A3.d.25290C292360AD3F74E69471E3552263.e.9205/click - {}
RESULT: {}
COMMAND: POST /session/16f78b01815a2e3a707cc501cb0afb21/element - {"using":"xpath","value":"//button[@data-kt=\"btnAddTableRowOverflowToolbarButton\"]"}
COMMAND: GET /session/16f78b01815a2e3a707cc501cb0afb21/screenshot - {}
RESULT: {"using":"xpath","value":"//button[@data-kt=\"btnAddTableRowOverflowToolbarButton\"]"}
COMMAND: POST /session/16f78b01815a2e3a707cc501cb0afb21/element/f.2B12B0EA68CDE32E3DD19BB79ABA46A3.d.25290C292360AD3F74E69471E3552263.e.9203/click - {}
RESULT: {}
RESULT: {}
COMMAND: GET /session/16f78b01815a2e3a707cc501cb0afb21/screenshot - {}
RESULT: {}
COMMAND: POST /session/16f78b01815a2e3a707cc501cb0afb21/element - {"using":"xpath","value":"//div[(text() = 'Standard Entry' or . = 'Standard Entry')]"}
RESULT: {"using":"xpath","value":"//div[(text() = 'Standard Entry' or . = 'Standard Entry')]"}
COMMAND: POST /session/16f78b01815a2e3a707cc501cb0afb21/element/f.2B12B0EA68CDE32E3DD19BB79ABA46A3.d.25290C292360AD3F74E69471E3552263.e.9217/click - {}
RESULT: {}
COMMAND: POST /session/16f78b01815a2e3a707cc501cb0afb21/element - {"using":"xpath","value":"(//td[6]/div/div/input)[1]"}
COMMAND: GET /session/16f78b01815a2e3a707cc501cb0afb21/screenshot - {}
RESULT: {"using":"xpath","value":"(//td[6]/div/div/input)[1]"}
COMMAND: POST /session/16f78b01815a2e3a707cc501cb0afb21/element/f.2B12B0EA68CDE32E3DD19BB79ABA46A3.d.25290C292360AD3F74E69471E3552263.e.9219/click - {}
RESULT: {}
RESULT: {}
COMMAND: POST /session/16f78b01815a2e3a707cc501cb0afb21/actions - {"actions":[{"id":"action48","type":"key","parameters":{},"actions":[{"type":"keyDown","value":"î€ƒ"},{"type":"pause","duration":10},{"type":"keyUp","value":"î€ƒ"}]}]}
COMMAND: GET /session/16f78b01815a2e3a707cc501cb0afb21/screenshot - {}
RESULT: {"actions":[{"id":"action48","type":"key","parameters":{},"actions":[{"type":"keyDown","value":"î€ƒ"},{"type":"pause","duration":10},{"type":"keyUp","value":"î€ƒ"}]}]}
COMMAND: POST /session/16f78b01815a2e3a707cc501cb0afb21/element - {"using":"xpath","value":"(//td[6]/div/div/input)[1]"}
COMMAND: GET /session/16f78b01815a2e3a707cc501cb0afb21/screenshot - {}
RESULT: {}
RESULT: {"using":"xpath","value":"(//td[6]/div/div/input)[1]"}
COMMAND: POST /session/16f78b01815a2e3a707cc501cb0afb21/element/f.2B12B0EA68CDE32E3DD19BB79ABA46A3.d.25290C292360AD3F74E69471E3552263.e.9219/clear - {}
RESULT: {}
RESULT: {}
COMMAND: POST /session/16f78b01815a2e3a707cc501cb0afb21/element/f.2B12B0EA68CDE32E3DD19BB79ABA46A3.d.25290C292360AD3F74E69471E3552263.e.9219/value - {"text":"Service Unit"}
COMMAND: GET /session/16f78b01815a2e3a707cc501cb0afb21/screenshot - {}
RESULT: {"text":"Service Unit"}
COMMAND: GET /session/16f78b01815a2e3a707cc501cb0afb21/screenshot - {}
RESULT: {}
RESULT: {}
COMMAND: POST /session/16f78b01815a2e3a707cc501cb0afb21/actions - {"actions":[{"id":"action49","type":"key","parameters":{},"actions":[{"type":"keyDown","value":"î€‡"},{"type":"pause","duration":10},{"type":"keyUp","value":"î€‡"}]}]}
RESULT: {"actions":[{"id":"action49","type":"key","parameters":{},"actions":[{"type":"keyDown","value":"î€‡"},{"type":"pause","duration":10},{"type":"keyUp","value":"î€‡"}]}]}
COMMAND: GET /session/16f78b01815a2e3a707cc501cb0afb21/screenshot - {}
RESULT: {}
COMMAND: POST /session/16f78b01815a2e3a707cc501cb0afb21/actions - {"actions":[{"id":"action50","type":"key","parameters":{},"actions":[{"type":"keyDown","value":"î€‡"},{"type":"pause","duration":10},{"type":"keyUp","value":"î€‡"}]}]}
RESULT: {"actions":[{"id":"action50","type":"key","parameters":{},"actions":[{"type":"keyDown","value":"î€‡"},{"type":"pause","duration":10},{"type":"keyUp","value":"î€‡"}]}]}
COMMAND: POST /session/16f78b01815a2e3a707cc501cb0afb21/element - {"using":"xpath","value":"(//td[7]/div/div/input)[1]"}
COMMAND: GET /session/16f78b01815a2e3a707cc501cb0afb21/screenshot - {}
RESULT: {"using":"xpath","value":"(//td[7]/div/div/input)[1]"}
COMMAND: POST /session/16f78b01815a2e3a707cc501cb0afb21/element/f.2B12B0EA68CDE32E3DD19BB79ABA46A3.d.25290C292360AD3F74E69471E3552263.e.9235/clear - {}
RESULT: {}
RESULT: {}
COMMAND: POST /session/16f78b01815a2e3a707cc501cb0afb21/element/f.2B12B0EA68CDE32E3DD19BB79ABA46A3.d.25290C292360AD3F74E69471E3552263.e.9235/value - {"text":"1000001"}
COMMAND: GET /session/16f78b01815a2e3a707cc501cb0afb21/screenshot - {}
RESULT: {"text":"1000001"}
COMMAND: GET /session/16f78b01815a2e3a707cc501cb0afb21/screenshot - {}
RESULT: {}
RESULT: {}
COMMAND: POST /session/16f78b01815a2e3a707cc501cb0afb21/actions - {"actions":[{"id":"action51","type":"key","parameters":{},"actions":[{"type":"keyDown","value":"î€‡"},{"type":"pause","duration":10},{"type":"keyUp","value":"î€‡"}]}]}
RESULT: {"actions":[{"id":"action51","type":"key","parameters":{},"actions":[{"type":"keyDown","value":"î€‡"},{"type":"pause","duration":10},{"type":"keyUp","value":"î€‡"}]}]}
COMMAND: GET /session/16f78b01815a2e3a707cc501cb0afb21/screenshot - {}
RESULT: {}
COMMAND: POST /session/16f78b01815a2e3a707cc501cb0afb21/actions - {"actions":[{"id":"action52","type":"key","parameters":{},"actions":[{"type":"keyDown","value":"î€‡"},{"type":"pause","duration":10},{"type":"keyUp","value":"î€‡"}]}]}
RESULT: {"actions":[{"id":"action52","type":"key","parameters":{},"actions":[{"type":"keyDown","value":"î€‡"},{"type":"pause","duration":10},{"type":"keyUp","value":"î€‡"}]}]}
COMMAND: GET /session/16f78b01815a2e3a707cc501cb0afb21/screenshot - {}
RESULT: {}
COMMAND: POST /session/16f78b01815a2e3a707cc501cb0afb21/element - {"using":"xpath","value":"(//td[6]/div/div/input)[2]"}
RESULT: {"using":"xpath","value":"(//td[6]/div/div/input)[2]"}
COMMAND: POST /session/16f78b01815a2e3a707cc501cb0afb21/element/f.2B12B0EA68CDE32E3DD19BB79ABA46A3.d.25290C292360AD3F74E69471E3552263.e.9207/click - {}
RESULT: {}
COMMAND: POST /session/16f78b01815a2e3a707cc501cb0afb21/actions - {"actions":[{"id":"action53","type":"key","parameters":{},"actions":[{"type":"keyDown","value":"î€ƒ"},{"type":"pause","duration":10},{"type":"keyUp","value":"î€ƒ"}]}]}
COMMAND: GET /session/16f78b01815a2e3a707cc501cb0afb21/screenshot - {}
RESULT: {"actions":[{"id":"action53","type":"key","parameters":{},"actions":[{"type":"keyDown","value":"î€ƒ"},{"type":"pause","duration":10},{"type":"keyUp","value":"î€ƒ"}]}]}
COMMAND: POST /session/16f78b01815a2e3a707cc501cb0afb21/element - {"using":"xpath","value":"(//td[6]/div/div/input)[2]"}
COMMAND: GET /session/16f78b01815a2e3a707cc501cb0afb21/screenshot - {}
RESULT: {}
RESULT: {"using":"xpath","value":"(//td[6]/div/div/input)[2]"}
COMMAND: POST /session/16f78b01815a2e3a707cc501cb0afb21/element/f.2B12B0EA68CDE32E3DD19BB79ABA46A3.d.25290C292360AD3F74E69471E3552263.e.9207/clear - {}
RESULT: {}
RESULT: {}
COMMAND: POST /session/16f78b01815a2e3a707cc501cb0afb21/element/f.2B12B0EA68CDE32E3DD19BB79ABA46A3.d.25290C292360AD3F74E69471E3552263.e.9207/value - {"text":"Service Unit Group"}
COMMAND: GET /session/16f78b01815a2e3a707cc501cb0afb21/screenshot - {}
RESULT: {"text":"Service Unit Group"}
COMMAND: GET /session/16f78b01815a2e3a707cc501cb0afb21/screenshot - {}
RESULT: {}
RESULT: {}
COMMAND: POST /session/16f78b01815a2e3a707cc501cb0afb21/actions - {"actions":[{"id":"action54","type":"key","parameters":{},"actions":[{"type":"keyDown","value":"î€‡"},{"type":"pause","duration":10},{"type":"keyUp","value":"î€‡"}]}]}
RESULT: {"actions":[{"id":"action54","type":"key","parameters":{},"actions":[{"type":"keyDown","value":"î€‡"},{"type":"pause","duration":10},{"type":"keyUp","value":"î€‡"}]}]}
COMMAND: GET /session/16f78b01815a2e3a707cc501cb0afb21/screenshot - {}
RESULT: {}
COMMAND: POST /session/16f78b01815a2e3a707cc501cb0afb21/actions - {"actions":[{"id":"action55","type":"key","parameters":{},"actions":[{"type":"keyDown","value":"î€‡"},{"type":"pause","duration":10},{"type":"keyUp","value":"î€‡"}]}]}
RESULT: {"actions":[{"id":"action55","type":"key","parameters":{},"actions":[{"type":"keyDown","value":"î€‡"},{"type":"pause","duration":10},{"type":"keyUp","value":"î€‡"}]}]}
COMMAND: POST /session/16f78b01815a2e3a707cc501cb0afb21/element - {"using":"xpath","value":"(//td[7]/div/div/input)[2]"}
COMMAND: GET /session/16f78b01815a2e3a707cc501cb0afb21/screenshot - {}
RESULT: {"using":"xpath","value":"(//td[7]/div/div/input)[2]"}
COMMAND: POST /session/16f78b01815a2e3a707cc501cb0afb21/element/f.2B12B0EA68CDE32E3DD19BB79ABA46A3.d.25290C292360AD3F74E69471E3552263.e.9264/clear - {}
RESULT: {}
RESULT: {}
COMMAND: POST /session/16f78b01815a2e3a707cc501cb0afb21/element/f.2B12B0EA68CDE32E3DD19BB79ABA46A3.d.25290C292360AD3F74E69471E3552263.e.9264/value - {"text":"1100001"}
COMMAND: GET /session/16f78b01815a2e3a707cc501cb0afb21/screenshot - {}
RESULT: {"text":"1100001"}
COMMAND: GET /session/16f78b01815a2e3a707cc501cb0afb21/screenshot - {}
RESULT: {}
RESULT: {}
COMMAND: POST /session/16f78b01815a2e3a707cc501cb0afb21/actions - {"actions":[{"id":"action56","type":"key","parameters":{},"actions":[{"type":"keyDown","value":"î€‡"},{"type":"pause","duration":10},{"type":"keyUp","value":"î€‡"}]}]}
RESULT: {"actions":[{"id":"action56","type":"key","parameters":{},"actions":[{"type":"keyDown","value":"î€‡"},{"type":"pause","duration":10},{"type":"keyUp","value":"î€‡"}]}]}
COMMAND: GET /session/16f78b01815a2e3a707cc501cb0afb21/screenshot - {}
RESULT: {}
COMMAND: POST /session/16f78b01815a2e3a707cc501cb0afb21/actions - {"actions":[{"id":"action57","type":"key","parameters":{},"actions":[{"type":"keyDown","value":"î€‡"},{"type":"pause","duration":10},{"type":"keyUp","value":"î€‡"}]}]}
RESULT: {"actions":[{"id":"action57","type":"key","parameters":{},"actions":[{"type":"keyDown","value":"î€‡"},{"type":"pause","duration":10},{"type":"keyUp","value":"î€‡"}]}]}
COMMAND: GET /session/16f78b01815a2e3a707cc501cb0afb21/screenshot - {}
RESULT: {}
COMMAND: POST /session/16f78b01815a2e3a707cc501cb0afb21/element - {"using":"xpath","value":"(//button[@data-kt=\"saveButton\"])[2]"}
RESULT: {"using":"xpath","value":"(//button[@data-kt=\"saveButton\"])[2]"}
COMMAND: POST /session/16f78b01815a2e3a707cc501cb0afb21/element/f.2B12B0EA68CDE32E3DD19BB79ABA46A3.d.25290C292360AD3F74E69471E3552263.e.9288/click - {}
RESULT: {}
COMMAND: GET /session/16f78b01815a2e3a707cc501cb0afb21/screenshot - {}
RESULT: {}
COMMAND: POST /session/16f78b01815a2e3a707cc501cb0afb21/element - {"using":"xpath","value":"(//span[contains(text(), \"Additional Addresses\")])[1]"}
RESULT: {"using":"xpath","value":"(//span[contains(text(), \"Additional Addresses\")])[1]"}
COMMAND: POST /session/16f78b01815a2e3a707cc501cb0afb21/element/f.2B12B0EA68CDE32E3DD19BB79ABA46A3.d.25290C292360AD3F74E69471E3552263.e.9291/click - {}
RESULT: {}
COMMAND: GET /session/16f78b01815a2e3a707cc501cb0afb21/screenshot - {}
RESULT: {}
COMMAND: POST /session/16f78b01815a2e3a707cc501cb0afb21/execute/async - {"script":"<script> [1562 bytes]","args":[{"selector":{"controlType":"sap.m.Title","viewName":"etm.portal.ui.managecontracts.view.Detail","properties":{"text":"Contract Items (2)"}},"wdio_ui5_key":"etmportal.ui.managecontracts.view.Detailsap.m.Title{\"text\":\"Contract Items (2)\"}"}]}
RESULT: {"script":"<script> [1562 bytes]","args":[{"selector":{"controlType":"sap.m.Title","viewName":"etm.portal.ui.managecontracts.view.Detail","properties":{"text":"Contract Items (2)"}},"wdio_ui5_key":"etmportal.ui.managecontracts.view.Detailsap.m.Title{\"text\":\"Contract Items (2)\"}"}]}
RESULT: undefined
COMMAND: POST /session/16f78b01815a2e3a707cc501cb0afb21/execute/async - {"script":"<script> [6424 bytes]","args":[{"element-6066-11e4-a52e-4f735466cecf":"f.2B12B0EA68CDE32E3DD19BB79ABA46A3.d.25290C292360AD3F74E69471E3552263.e.9295"},"getText",[]]}
RESULT: {"script":"<script> [6424 bytes]","args":[{"element-6066-11e4-a52e-4f735466cecf":"f.2B12B0EA68CDE32E3DD19BB79ABA46A3.d.25290C292360AD3F74E69471E3552263.e.9295"},"getText",[]]}
COMMAND: POST /session/16f78b01815a2e3a707cc501cb0afb21/element - {"using":"xpath","value":"(//span[contains(@class ,\"sapMObjStatusText\")])[1]"}
RESULT: {"using":"xpath","value":"(//span[contains(@class ,\"sapMObjStatusText\")])[1]"}
COMMAND: GET /session/16f78b01815a2e3a707cc501cb0afb21/element/f.2B12B0EA68CDE32E3DD19BB79ABA46A3.d.25290C292360AD3F74E69471E3552263.e.9296/text - {}
RESULT: {}
COMMAND: POST /session/16f78b01815a2e3a707cc501cb0afb21/element - {"using":"xpath","value":"(//span[contains(@class ,\"sapMObjStatusText\")])[4]"}
RESULT: {"using":"xpath","value":"(//span[contains(@class ,\"sapMObjStatusText\")])[4]"}
COMMAND: GET /session/16f78b01815a2e3a707cc501cb0afb21/element/f.2B12B0EA68CDE32E3DD19BB79ABA46A3.d.25290C292360AD3F74E69471E3552263.e.9297/text - {}
RESULT: {}
COMMAND: POST /session/16f78b01815a2e3a707cc501cb0afb21/element - {"using":"css selector","value":"#shell-header-logo"}
RESULT: {"using":"css selector","value":"#shell-header-logo"}
COMMAND: POST /session/16f78b01815a2e3a707cc501cb0afb21/element/f.2B12B0EA68CDE32E3DD19BB79ABA46A3.d.25290C292360AD3F74E69471E3552263.e.8746/click - {}
RESULT: {}
COMMAND: GET /session/16f78b01815a2e3a707cc501cb0afb21/screenshot - {}
RESULT: {}
]]></system-out>
    </testcase>
  </testsuite>
  <testsuite timestamp="2025-05-19T18:14:34" time="180.091" tests="2" failures="0" errors="0" skipped="0">
    <properties>
      <property name="specId" value="0" />
      <property name="suiteName" value="Reduced contract US151275" />
      <property name="capabilities" value="chrome.136_0_7103_93.windows" />
      <property name="file" value="file:///D:/a/1/s/test/specs/R2C/reduced-contract-creation.spec.js" />
    </properties>
    <testcase classname="chrome.136_0_7103_93.windows.Reduced_contract_US151275" name="Should create a new reduced contract" time="128.634">
      <system-out><![CDATA[
RESULT: undefined
COMMAND: POST /session/16f78b01815a2e3a707cc501cb0afb21/element - {"using":"xpath","value":"//*[@id=\"__tile130\"]"}
RESULT: {"using":"xpath","value":"//*[@id=\"__tile130\"]"}
COMMAND: POST /session/16f78b01815a2e3a707cc501cb0afb21/element/f.2B12B0EA68CDE32E3DD19BB79ABA46A3.d.25290C292360AD3F74E69471E3552263.e.8397/click - {}
RESULT: {}
COMMAND: GET /session/16f78b01815a2e3a707cc501cb0afb21/screenshot - {}
RESULT: {}
COMMAND: POST /session/16f78b01815a2e3a707cc501cb0afb21/element - {"using":"xpath","value":"//button[@data-kt=\"addButton\"]"}
RESULT: {"using":"xpath","value":"//button[@data-kt=\"addButton\"]"}
COMMAND: POST /session/16f78b01815a2e3a707cc501cb0afb21/element/f.2B12B0EA68CDE32E3DD19BB79ABA46A3.d.25290C292360AD3F74E69471E3552263.e.9351/click - {}
RESULT: {}
COMMAND: GET /session/16f78b01815a2e3a707cc501cb0afb21/screenshot - {}
RESULT: {}
COMMAND: POST /session/16f78b01815a2e3a707cc501cb0afb21/elements - {"using":"xpath","value":"//span[text()='Error']"}
RESULT: {"using":"xpath","value":"//span[text()='Error']"}
COMMAND: POST /session/16f78b01815a2e3a707cc501cb0afb21/refresh - {}
RESULT: {}
COMMAND: GET /session/16f78b01815a2e3a707cc501cb0afb21/screenshot - {}
RESULT: {}
COMMAND: POST /session/16f78b01815a2e3a707cc501cb0afb21/execute/async - {"script":"<script> [189 bytes]","args":[]}
RESULT: {"script":"<script> [189 bytes]","args":[]}
COMMAND: POST /session/16f78b01815a2e3a707cc501cb0afb21/execute/async - {"script":"<script> [123 bytes]","args":[]}
RESULT: {"script":"<script> [123 bytes]","args":[]}
COMMAND: POST /session/16f78b01815a2e3a707cc501cb0afb21/timeouts - {"script":"<number>"}
RESULT: {"script":"<number>"}
COMMAND: GET /session/16f78b01815a2e3a707cc501cb0afb21/timeouts - {}
RESULT: {}
RESULT: undefined
COMMAND: POST /session/16f78b01815a2e3a707cc501cb0afb21/execute/async - {"script":"<script> [2676 bytes]","args":[]}
RESULT: {"script":"<script> [2676 bytes]","args":[]}
COMMAND: POST /session/16f78b01815a2e3a707cc501cb0afb21/execute/async - {"script":"<script> [2342 bytes]","args":[{"protocol":"http","hostname":"0.0.0.0","path":"/","capabilities":{"browserName":"chrome","goog:chromeOptions":{"binary":"C:\\Program Files\\Google\\Chrome\\Application\\chrome.exe","args":["--start-maximized"]}},"logLevel":"warn","connectionRetryTimeout":120000,"connectionRetryCount":3,"logLevels":{},"enableDirectConnect":true,"strictSSL":true,"_":"65 more keys: [\"cacheDir\",\"port\",\"requestedCapabilities\",\"automationProtocol\",\"baseUrl\",\"waitforInterval\",\"waitforTimeout\",\"onReload\",\"beforeCommand\",\"afterCommand\",\"rootDir\",\"specs\",\"suites\",\"exclude\",\"groupLogsByTestSpec\",\"excludeDriverLogs\",\"bail\",\"framework\",\"reporters\",\"services\",\"maxInstances\",\"maxInstancesPerCapability\",\"injectGlobals\",\"filesToWatch\",\"execArgv\",\"runnerEnv\",\"runner\",\"shard\",\"specFileRetries\",\"specFileRetriesDelay\",\"specFileRetriesDeferred\",\"reporterSyncInterval\",\"reporterSyncTimeout\",\"cucumberFeaturesWithLineNumbers\",\"autoCompileOpts\",\"mochaOpts\",\"jasmineOpts\",\"cucumberOpts\",\"onPrepare\",\"onWorkerStart\",\"onWorkerEnd\",\"before\",\"beforeSession\",\"beforeSuite\",\"beforeHook\",\"beforeTest\",\"afterTest\",\"afterHook\",\"afterSuite\",\"afterSession\",\"after\",\"onComplete\",\"beforeAssertion\",\"afterAssertion\",\"beforeFeature\",\"beforeScenario\",\"beforeStep\",\"afterStep\",\"afterScenario\",\"afterFeature\",\"_\",\"suite\",\"$0\",\"ignoredWorkerServices\",\"wdi5\"]"}]}
RESULT: {"script":"<script> [2342 bytes]","args":[{"protocol":"http","hostname":"0.0.0.0","path":"/","capabilities":{"browserName":"chrome","goog:chromeOptions":{"binary":"C:\\Program Files\\Google\\Chrome\\Application\\chrome.exe","args":["--start-maximized"]}},"logLevel":"warn","connectionRetryTimeout":120000,"connectionRetryCount":3,"logLevels":{},"enableDirectConnect":true,"strictSSL":true,"_":"65 more keys: [\"cacheDir\",\"port\",\"requestedCapabilities\",\"automationProtocol\",\"baseUrl\",\"waitforInterval\",\"waitforTimeout\",\"onReload\",\"beforeCommand\",\"afterCommand\",\"rootDir\",\"specs\",\"suites\",\"exclude\",\"groupLogsByTestSpec\",\"excludeDriverLogs\",\"bail\",\"framework\",\"reporters\",\"services\",\"maxInstances\",\"maxInstancesPerCapability\",\"injectGlobals\",\"filesToWatch\",\"execArgv\",\"runnerEnv\",\"runner\",\"shard\",\"specFileRetries\",\"specFileRetriesDelay\",\"specFileRetriesDeferred\",\"reporterSyncInterval\",\"reporterSyncTimeout\",\"cucumberFeaturesWithLineNumbers\",\"autoCompileOpts\",\"mochaOpts\",\"jasmineOpts\",\"cucumberOpts\",\"onPrepare\",\"onWorkerStart\",\"onWorkerEnd\",\"before\",\"beforeSession\",\"beforeSuite\",\"beforeHook\",\"beforeTest\",\"afterTest\",\"afterHook\",\"afterSuite\",\"afterSession\",\"after\",\"onComplete\",\"beforeAssertion\",\"afterAssertion\",\"beforeFeature\",\"beforeScenario\",\"beforeStep\",\"afterStep\",\"afterScenario\",\"afterFeature\",\"_\",\"suite\",\"$0\",\"ignoredWorkerServices\",\"wdi5\"]"}]}
COMMAND: POST /session/16f78b01815a2e3a707cc501cb0afb21/execute/async - {"script":"<script> [21126 bytes]","args":[35000]}
RESULT: {"script":"<script> [21126 bytes]","args":[35000]}
COMMAND: POST /session/16f78b01815a2e3a707cc501cb0afb21/execute/async - {"script":"<script> [1562 bytes]","args":[{"selector":{"id":"application-managecontracts-display-component---AddNewContract--contractType","interaction":{"idSuffix":"arrow"}},"wdio_ui5_key":"applicationmanagecontracts-display-component---AddNewContract--contractType"}]}
RESULT: {"script":"<script> [1562 bytes]","args":[{"selector":{"id":"application-managecontracts-display-component---AddNewContract--contractType","interaction":{"idSuffix":"arrow"}},"wdio_ui5_key":"applicationmanagecontracts-display-component---AddNewContract--contractType"}]}
RESULT: undefined
COMMAND: POST /session/16f78b01815a2e3a707cc501cb0afb21/element - {"using":"xpath","value":"//*[@id=\"application-managecontracts-display-component---AddNewContract--contractType\"]"}
RESULT: {"using":"xpath","value":"//*[@id=\"application-managecontracts-display-component---AddNewContract--contractType\"]"}
COMMAND: POST /session/16f78b01815a2e3a707cc501cb0afb21/element/f.2B12B0EA68CDE32E3DD19BB79ABA46A3.d.F2F46145B958344657211774514FA6E0.e.9874/click - {}
RESULT: {}
COMMAND: GET /session/16f78b01815a2e3a707cc501cb0afb21/screenshot - {}
RESULT: {}
COMMAND: POST /session/16f78b01815a2e3a707cc501cb0afb21/execute/async - {"script":"<script> [1562 bytes]","args":[{"selector":{"controlType":"sap.ui.core.Item","viewName":"etm.portal.ui.managecontracts.view.AddNewContract","viewId":"application-managecontracts-display-component---AddNewContract","bindingPath":{"path":"/ContractTypes('02')","propertyPath":"ID","modelName":"catalogModel"},"searchOpenDialogs":true},"wdio_ui5_key":"etmportal.ui.managecontracts.view.AddNewContractsap.ui.core.Item{\"path\":\"/ContractTypes('02')\",\"propertyPath\":\"ID\",\"modelName\":\"catalogModel\"}"}]}
RESULT: {"script":"<script> [1562 bytes]","args":[{"selector":{"controlType":"sap.ui.core.Item","viewName":"etm.portal.ui.managecontracts.view.AddNewContract","viewId":"application-managecontracts-display-component---AddNewContract","bindingPath":{"path":"/ContractTypes('02')","propertyPath":"ID","modelName":"catalogModel"},"searchOpenDialogs":true},"wdio_ui5_key":"etmportal.ui.managecontracts.view.AddNewContractsap.ui.core.Item{\"path\":\"/ContractTypes('02')\",\"propertyPath\":\"ID\",\"modelName\":\"catalogModel\"}"}]}
RESULT: undefined
COMMAND: POST /session/16f78b01815a2e3a707cc501cb0afb21/element - {"using":"xpath","value":"//*[@id=\"__item57-application-managecontracts-display-component---AddNewContract--contractType-1\"]"}
RESULT: {"using":"xpath","value":"//*[@id=\"__item57-application-managecontracts-display-component---AddNewContract--contractType-1\"]"}
COMMAND: POST /session/16f78b01815a2e3a707cc501cb0afb21/element/f.2B12B0EA68CDE32E3DD19BB79ABA46A3.d.F2F46145B958344657211774514FA6E0.e.9875/click - {}
RESULT: {}
COMMAND: GET /session/16f78b01815a2e3a707cc501cb0afb21/screenshot - {}
RESULT: {}
COMMAND: POST /session/16f78b01815a2e3a707cc501cb0afb21/execute/async - {"script":"<script> [1562 bytes]","args":[{"selector":{"id":"application-managecontracts-display-component---AddNewContract--projectDescription","interaction":{"idSuffix":"inner"}},"wdio_ui5_key":"applicationmanagecontracts-display-component---AddNewContract--projectDescription"}]}
RESULT: {"script":"<script> [1562 bytes]","args":[{"selector":{"id":"application-managecontracts-display-component---AddNewContract--projectDescription","interaction":{"idSuffix":"inner"}},"wdio_ui5_key":"applicationmanagecontracts-display-component---AddNewContract--projectDescription"}]}
RESULT: undefined
COMMAND: POST /session/16f78b01815a2e3a707cc501cb0afb21/execute/async - {"script":"<script> [776 bytes]","args":[{"enterText":"WdIOReducedolxs2","selector":{"id":"application-managecontracts-display-component---AddNewContract--projectDescription","interaction":{"idSuffix":"inner"}},"clearTextFirst":true,"interactionType":"ENTER_TEXT"}]}
RESULT: {"script":"<script> [776 bytes]","args":[{"enterText":"WdIOReducedolxs2","selector":{"id":"application-managecontracts-display-component---AddNewContract--projectDescription","interaction":{"idSuffix":"inner"}},"clearTextFirst":true,"interactionType":"ENTER_TEXT"}]}
COMMAND: POST /session/16f78b01815a2e3a707cc501cb0afb21/element - {"using":"xpath","value":"//input[@id=\"application-managecontracts-display-component---AddNewContract--yardId-inner\"]"}
RESULT: {"using":"xpath","value":"//input[@id=\"application-managecontracts-display-component---AddNewContract--yardId-inner\"]"}
COMMAND: POST /session/16f78b01815a2e3a707cc501cb0afb21/element/f.2B12B0EA68CDE32E3DD19BB79ABA46A3.d.F2F46145B958344657211774514FA6E0.e.9812/clear - {}
RESULT: {}
COMMAND: POST /session/16f78b01815a2e3a707cc501cb0afb21/element/f.2B12B0EA68CDE32E3DD19BB79ABA46A3.d.F2F46145B958344657211774514FA6E0.e.9812/value - {"text":"WebdriverYard4x4mo"}
COMMAND: GET /session/16f78b01815a2e3a707cc501cb0afb21/screenshot - {}
RESULT: {"text":"WebdriverYard4x4mo"}
COMMAND: GET /session/16f78b01815a2e3a707cc501cb0afb21/screenshot - {}
RESULT: {}
RESULT: {}
COMMAND: POST /session/16f78b01815a2e3a707cc501cb0afb21/actions - {"actions":[{"id":"action58","type":"key","parameters":{},"actions":[{"type":"keyDown","value":"î€‡"},{"type":"pause","duration":10},{"type":"keyUp","value":"î€‡"}]}]}
RESULT: {"actions":[{"id":"action58","type":"key","parameters":{},"actions":[{"type":"keyDown","value":"î€‡"},{"type":"pause","duration":10},{"type":"keyUp","value":"î€‡"}]}]}
COMMAND: GET /session/16f78b01815a2e3a707cc501cb0afb21/screenshot - {}
RESULT: {}
COMMAND: POST /session/16f78b01815a2e3a707cc501cb0afb21/element - {"using":"xpath","value":"//input[@id=\"application-managecontracts-display-component---AddNewContract--customerSelect-inner\"]"}
RESULT: {"using":"xpath","value":"//input[@id=\"application-managecontracts-display-component---AddNewContract--customerSelect-inner\"]"}
COMMAND: POST /session/16f78b01815a2e3a707cc501cb0afb21/element/f.2B12B0EA68CDE32E3DD19BB79ABA46A3.d.F2F46145B958344657211774514FA6E0.e.9810/clear - {}
RESULT: {}
COMMAND: POST /session/16f78b01815a2e3a707cc501cb0afb21/element/f.2B12B0EA68CDE32E3DD19BB79ABA46A3.d.F2F46145B958344657211774514FA6E0.e.9810/value - {"text":"WebdriverPartnereq48h"}
COMMAND: GET /session/16f78b01815a2e3a707cc501cb0afb21/screenshot - {}
RESULT: {"text":"WebdriverPartnereq48h"}
COMMAND: GET /session/16f78b01815a2e3a707cc501cb0afb21/screenshot - {}
RESULT: {}
RESULT: {}
COMMAND: POST /session/16f78b01815a2e3a707cc501cb0afb21/actions - {"actions":[{"id":"action59","type":"key","parameters":{},"actions":[{"type":"keyDown","value":"î€‡"},{"type":"pause","duration":10},{"type":"keyUp","value":"î€‡"}]}]}
RESULT: {"actions":[{"id":"action59","type":"key","parameters":{},"actions":[{"type":"keyDown","value":"î€‡"},{"type":"pause","duration":10},{"type":"keyUp","value":"î€‡"}]}]}
COMMAND: GET /session/16f78b01815a2e3a707cc501cb0afb21/screenshot - {}
RESULT: {}
COMMAND: POST /session/16f78b01815a2e3a707cc501cb0afb21/execute/async - {"script":"<script> [1562 bytes]","args":[{"selector":{"id":"application-managecontracts-display-component---AddNewContract--calendarInput-arrow"},"wdio_ui5_key":"applicationmanagecontracts-display-component---AddNewContract--calendarInput-arrow"}]}
RESULT: {"script":"<script> [1562 bytes]","args":[{"selector":{"id":"application-managecontracts-display-component---AddNewContract--calendarInput-arrow"},"wdio_ui5_key":"applicationmanagecontracts-display-component---AddNewContract--calendarInput-arrow"}]}
RESULT: undefined
COMMAND: POST /session/16f78b01815a2e3a707cc501cb0afb21/element - {"using":"xpath","value":"//*[@id=\"application-managecontracts-display-component---AddNewContract--calendarInput-arrow\"]"}
RESULT: {"using":"xpath","value":"//*[@id=\"application-managecontracts-display-component---AddNewContract--calendarInput-arrow\"]"}
COMMAND: POST /session/16f78b01815a2e3a707cc501cb0afb21/element/f.2B12B0EA68CDE32E3DD19BB79ABA46A3.d.F2F46145B958344657211774514FA6E0.e.9783/click - {}
RESULT: {}
COMMAND: GET /session/16f78b01815a2e3a707cc501cb0afb21/screenshot - {}
RESULT: {}
COMMAND: POST /session/16f78b01815a2e3a707cc501cb0afb21/execute/async - {"script":"<script> [1562 bytes]","args":[{"selector":{"controlType":"sap.m.StandardListItem","viewName":"etm.portal.ui.managecontracts.view.AddNewContract","viewId":"application-managecontracts-display-component---AddNewContract","properties":{"title":"1 - Calendar unit test patch"},"searchOpenDialogs":true,"interaction":{"idSuffix":"titleText"}},"wdio_ui5_key":"etmportal.ui.managecontracts.view.AddNewContractsap.m.StandardListItem{\"title\":\"1 - Calendar unit test patch\"}"}]}
RESULT: {"script":"<script> [1562 bytes]","args":[{"selector":{"controlType":"sap.m.StandardListItem","viewName":"etm.portal.ui.managecontracts.view.AddNewContract","viewId":"application-managecontracts-display-component---AddNewContract","properties":{"title":"1 - Calendar unit test patch"},"searchOpenDialogs":true,"interaction":{"idSuffix":"titleText"}},"wdio_ui5_key":"etmportal.ui.managecontracts.view.AddNewContractsap.m.StandardListItem{\"title\":\"1 - Calendar unit test patch\"}"}]}
RESULT: undefined
COMMAND: POST /session/16f78b01815a2e3a707cc501cb0afb21/element - {"using":"xpath","value":"//*[@id=\"__item1263\"]"}
RESULT: {"using":"xpath","value":"//*[@id=\"__item1263\"]"}
COMMAND: POST /session/16f78b01815a2e3a707cc501cb0afb21/element/f.2B12B0EA68CDE32E3DD19BB79ABA46A3.d.F2F46145B958344657211774514FA6E0.e.9880/click - {}
RESULT: {}
COMMAND: GET /session/16f78b01815a2e3a707cc501cb0afb21/screenshot - {}
RESULT: {}
COMMAND: POST /session/16f78b01815a2e3a707cc501cb0afb21/execute/async - {"script":"<script> [1562 bytes]","args":[{"selector":{"id":"application-managecontracts-display-component---AddNewContract--streetInput","interaction":{"idSuffix":"inner"}},"wdio_ui5_key":"applicationmanagecontracts-display-component---AddNewContract--streetInput"}]}
RESULT: {"script":"<script> [1562 bytes]","args":[{"selector":{"id":"application-managecontracts-display-component---AddNewContract--streetInput","interaction":{"idSuffix":"inner"}},"wdio_ui5_key":"applicationmanagecontracts-display-component---AddNewContract--streetInput"}]}
RESULT: undefined
COMMAND: POST /session/16f78b01815a2e3a707cc501cb0afb21/execute/async - {"script":"<script> [776 bytes]","args":[{"enterText":"StreetWdIO","selector":{"id":"application-managecontracts-display-component---AddNewContract--streetInput","interaction":{"idSuffix":"inner"}},"clearTextFirst":true,"interactionType":"ENTER_TEXT"}]}
RESULT: {"script":"<script> [776 bytes]","args":[{"enterText":"StreetWdIO","selector":{"id":"application-managecontracts-display-component---AddNewContract--streetInput","interaction":{"idSuffix":"inner"}},"clearTextFirst":true,"interactionType":"ENTER_TEXT"}]}
COMMAND: POST /session/16f78b01815a2e3a707cc501cb0afb21/execute/async - {"script":"<script> [1562 bytes]","args":[{"selector":{"id":"application-managecontracts-display-component---AddNewContract--numberInput","interaction":{"idSuffix":"inner"}},"wdio_ui5_key":"applicationmanagecontracts-display-component---AddNewContract--numberInput"}]}
RESULT: {"script":"<script> [1562 bytes]","args":[{"selector":{"id":"application-managecontracts-display-component---AddNewContract--numberInput","interaction":{"idSuffix":"inner"}},"wdio_ui5_key":"applicationmanagecontracts-display-component---AddNewContract--numberInput"}]}
RESULT: undefined
COMMAND: POST /session/16f78b01815a2e3a707cc501cb0afb21/execute/async - {"script":"<script> [776 bytes]","args":[{"enterText":"3","selector":{"id":"application-managecontracts-display-component---AddNewContract--numberInput","interaction":{"idSuffix":"inner"}},"clearTextFirst":true,"interactionType":"ENTER_TEXT"}]}
RESULT: {"script":"<script> [776 bytes]","args":[{"enterText":"3","selector":{"id":"application-managecontracts-display-component---AddNewContract--numberInput","interaction":{"idSuffix":"inner"}},"clearTextFirst":true,"interactionType":"ENTER_TEXT"}]}
COMMAND: POST /session/16f78b01815a2e3a707cc501cb0afb21/execute/async - {"script":"<script> [1562 bytes]","args":[{"selector":{"id":"application-managecontracts-display-component---AddNewContract--cityInput","interaction":{"idSuffix":"inner"}},"wdio_ui5_key":"applicationmanagecontracts-display-component---AddNewContract--cityInput"}]}
RESULT: {"script":"<script> [1562 bytes]","args":[{"selector":{"id":"application-managecontracts-display-component---AddNewContract--cityInput","interaction":{"idSuffix":"inner"}},"wdio_ui5_key":"applicationmanagecontracts-display-component---AddNewContract--cityInput"}]}
RESULT: undefined
COMMAND: POST /session/16f78b01815a2e3a707cc501cb0afb21/execute/async - {"script":"<script> [776 bytes]","args":[{"enterText":"Bucharest","selector":{"id":"application-managecontracts-display-component---AddNewContract--cityInput","interaction":{"idSuffix":"inner"}},"clearTextFirst":true,"interactionType":"ENTER_TEXT"}]}
RESULT: {"script":"<script> [776 bytes]","args":[{"enterText":"Bucharest","selector":{"id":"application-managecontracts-display-component---AddNewContract--cityInput","interaction":{"idSuffix":"inner"}},"clearTextFirst":true,"interactionType":"ENTER_TEXT"}]}
COMMAND: POST /session/16f78b01815a2e3a707cc501cb0afb21/execute/async - {"script":"<script> [1562 bytes]","args":[{"selector":{"id":"application-managecontracts-display-component---AddNewContract--zipInput","interaction":{"idSuffix":"inner"}},"wdio_ui5_key":"applicationmanagecontracts-display-component---AddNewContract--zipInput"}]}
RESULT: {"script":"<script> [1562 bytes]","args":[{"selector":{"id":"application-managecontracts-display-component---AddNewContract--zipInput","interaction":{"idSuffix":"inner"}},"wdio_ui5_key":"applicationmanagecontracts-display-component---AddNewContract--zipInput"}]}
RESULT: undefined
COMMAND: POST /session/16f78b01815a2e3a707cc501cb0afb21/execute/async - {"script":"<script> [776 bytes]","args":[{"enterText":"021210","selector":{"id":"application-managecontracts-display-component---AddNewContract--zipInput","interaction":{"idSuffix":"inner"}},"clearTextFirst":true,"interactionType":"ENTER_TEXT"}]}
RESULT: {"script":"<script> [776 bytes]","args":[{"enterText":"021210","selector":{"id":"application-managecontracts-display-component---AddNewContract--zipInput","interaction":{"idSuffix":"inner"}},"clearTextFirst":true,"interactionType":"ENTER_TEXT"}]}
COMMAND: POST /session/16f78b01815a2e3a707cc501cb0afb21/element - {"using":"xpath","value":"//bdi[contains(@id ,\"application-managecontracts-display-component---AddNewContract--saveBtn-BDI-content\")]"}
RESULT: {"using":"xpath","value":"//bdi[contains(@id ,\"application-managecontracts-display-component---AddNewContract--saveBtn-BDI-content\")]"}
COMMAND: POST /session/16f78b01815a2e3a707cc501cb0afb21/element/f.2B12B0EA68CDE32E3DD19BB79ABA46A3.d.F2F46145B958344657211774514FA6E0.e.9885/click - {}
RESULT: {}
COMMAND: GET /session/16f78b01815a2e3a707cc501cb0afb21/screenshot - {}
RESULT: {}
COMMAND: POST /session/16f78b01815a2e3a707cc501cb0afb21/element - {"using":"xpath","value":"//button[contains(@data-kt ,\"contractDetailEditBtnButton\")]"}
RESULT: {"using":"xpath","value":"//button[contains(@data-kt ,\"contractDetailEditBtnButton\")]"}
COMMAND: POST /session/16f78b01815a2e3a707cc501cb0afb21/execute/sync - {"script":"<script> [8489 bytes]","args":[{"element-6066-11e4-a52e-4f735466cecf":"f.2B12B0EA68CDE32E3DD19BB79ABA46A3.d.F2F46145B958344657211774514FA6E0.e.9898","ELEMENT":"f.2B12B0EA68CDE32E3DD19BB79ABA46A3.d.F2F46145B958344657211774514FA6E0.e.9898"}]}
RESULT: {"script":"<script> [8489 bytes]","args":[{"element-6066-11e4-a52e-4f735466cecf":"f.2B12B0EA68CDE32E3DD19BB79ABA46A3.d.F2F46145B958344657211774514FA6E0.e.9898","ELEMENT":"f.2B12B0EA68CDE32E3DD19BB79ABA46A3.d.F2F46145B958344657211774514FA6E0.e.9898"}]}
COMMAND: POST /session/16f78b01815a2e3a707cc501cb0afb21/execute/sync - {"script":"<script> [8489 bytes]","args":[{"element-6066-11e4-a52e-4f735466cecf":"f.2B12B0EA68CDE32E3DD19BB79ABA46A3.d.F2F46145B958344657211774514FA6E0.e.9898","ELEMENT":"f.2B12B0EA68CDE32E3DD19BB79ABA46A3.d.F2F46145B958344657211774514FA6E0.e.9898"}]}
COMMAND: GET /session/16f78b01815a2e3a707cc501cb0afb21/screenshot - {}
RESULT: {"script":"<script> [8489 bytes]","args":[{"element-6066-11e4-a52e-4f735466cecf":"f.2B12B0EA68CDE32E3DD19BB79ABA46A3.d.F2F46145B958344657211774514FA6E0.e.9898","ELEMENT":"f.2B12B0EA68CDE32E3DD19BB79ABA46A3.d.F2F46145B958344657211774514FA6E0.e.9898"}]}
COMMAND: POST /session/16f78b01815a2e3a707cc501cb0afb21/execute/sync - {"script":"<script> [5351 bytes]","args":[{"element-6066-11e4-a52e-4f735466cecf":"f.2B12B0EA68CDE32E3DD19BB79ABA46A3.d.F2F46145B958344657211774514FA6E0.e.9898","ELEMENT":"f.2B12B0EA68CDE32E3DD19BB79ABA46A3.d.F2F46145B958344657211774514FA6E0.e.9898"}]}
COMMAND: GET /session/16f78b01815a2e3a707cc501cb0afb21/screenshot - {}
RESULT: {}
RESULT: {"script":"<script> [5351 bytes]","args":[{"element-6066-11e4-a52e-4f735466cecf":"f.2B12B0EA68CDE32E3DD19BB79ABA46A3.d.F2F46145B958344657211774514FA6E0.e.9898","ELEMENT":"f.2B12B0EA68CDE32E3DD19BB79ABA46A3.d.F2F46145B958344657211774514FA6E0.e.9898"}]}
COMMAND: POST /session/16f78b01815a2e3a707cc501cb0afb21/execute/async - {"script":"<script> [1562 bytes]","args":[{"selector":{"controlType":"sap.m.Text","viewName":"etm.portal.ui.managecontracts.view.Detail","bindingPath":{"propertyPath":"LINK_TO_C_CONTRACT_TYPES/DESCRIPTION","modelName":"catalogModel"}},"wdio_ui5_key":"etmportal.ui.managecontracts.view.Detailsap.m.Text{\"propertyPath\":\"LINK_TO_C_CONTRACT_TYPES/DESCRIPTION\",\"modelName\":\"catalogModel\"}"}]}
COMMAND: GET /session/16f78b01815a2e3a707cc501cb0afb21/screenshot - {}
RESULT: {}
RESULT: {"script":"<script> [1562 bytes]","args":[{"selector":{"controlType":"sap.m.Text","viewName":"etm.portal.ui.managecontracts.view.Detail","bindingPath":{"propertyPath":"LINK_TO_C_CONTRACT_TYPES/DESCRIPTION","modelName":"catalogModel"}},"wdio_ui5_key":"etmportal.ui.managecontracts.view.Detailsap.m.Text{\"propertyPath\":\"LINK_TO_C_CONTRACT_TYPES/DESCRIPTION\",\"modelName\":\"catalogModel\"}"}]}
RESULT: undefined
COMMAND: POST /session/16f78b01815a2e3a707cc501cb0afb21/execute/async - {"script":"<script> [6424 bytes]","args":[{"element-6066-11e4-a52e-4f735466cecf":"f.2B12B0EA68CDE32E3DD19BB79ABA46A3.d.F2F46145B958344657211774514FA6E0.e.9900"},"getText",[]]}
RESULT: {}
RESULT: {"script":"<script> [6424 bytes]","args":[{"element-6066-11e4-a52e-4f735466cecf":"f.2B12B0EA68CDE32E3DD19BB79ABA46A3.d.F2F46145B958344657211774514FA6E0.e.9900"},"getText",[]]}
COMMAND: POST /session/16f78b01815a2e3a707cc501cb0afb21/element/f.2B12B0EA68CDE32E3DD19BB79ABA46A3.d.F2F46145B958344657211774514FA6E0.e.9898/click - {}
RESULT: {}
COMMAND: GET /session/16f78b01815a2e3a707cc501cb0afb21/screenshot - {}
RESULT: {}
]]></system-out>
    </testcase>
    <testcase classname="chrome.136_0_7103_93.windows.Reduced_contract_US151275" name="Should add a RU to the contract" time="46.346">
      <system-out><![CDATA[
COMMAND: POST /session/16f78b01815a2e3a707cc501cb0afb21/element - {"using":"xpath","value":"(//span[contains(text(), \"Header Billing Items\")])[2]"}
RESULT: {"using":"xpath","value":"(//span[contains(text(), \"Header Billing Items\")])[2]"}
COMMAND: POST /session/16f78b01815a2e3a707cc501cb0afb21/element/f.2B12B0EA68CDE32E3DD19BB79ABA46A3.d.F2F46145B958344657211774514FA6E0.e.9944/click - {}
RESULT: {}
COMMAND: GET /session/16f78b01815a2e3a707cc501cb0afb21/screenshot - {}
RESULT: {}
COMMAND: POST /session/16f78b01815a2e3a707cc501cb0afb21/element - {"using":"xpath","value":"//button[@data-kt=\"btnAddTableRowOverflowToolbarButton\"]"}
RESULT: {"using":"xpath","value":"//button[@data-kt=\"btnAddTableRowOverflowToolbarButton\"]"}
COMMAND: POST /session/16f78b01815a2e3a707cc501cb0afb21/element/f.2B12B0EA68CDE32E3DD19BB79ABA46A3.d.F2F46145B958344657211774514FA6E0.e.9947/click - {}
RESULT: {}
COMMAND: GET /session/16f78b01815a2e3a707cc501cb0afb21/screenshot - {}
RESULT: {}
COMMAND: POST /session/16f78b01815a2e3a707cc501cb0afb21/element - {"using":"xpath","value":"//div[(text() = 'Standard Entry' or . = 'Standard Entry')]"}
RESULT: {"using":"xpath","value":"//div[(text() = 'Standard Entry' or . = 'Standard Entry')]"}
COMMAND: POST /session/16f78b01815a2e3a707cc501cb0afb21/element/f.2B12B0EA68CDE32E3DD19BB79ABA46A3.d.F2F46145B958344657211774514FA6E0.e.9949/click - {}
RESULT: {}
COMMAND: POST /session/16f78b01815a2e3a707cc501cb0afb21/element - {"using":"xpath","value":"//td[6]/div/div/input[1]"}
COMMAND: GET /session/16f78b01815a2e3a707cc501cb0afb21/screenshot - {}
RESULT: {"using":"xpath","value":"//td[6]/div/div/input[1]"}
COMMAND: POST /session/16f78b01815a2e3a707cc501cb0afb21/element/f.2B12B0EA68CDE32E3DD19BB79ABA46A3.d.F2F46145B958344657211774514FA6E0.e.9951/click - {}
RESULT: {}
RESULT: {}
COMMAND: POST /session/16f78b01815a2e3a707cc501cb0afb21/actions - {"actions":[{"id":"action60","type":"key","parameters":{},"actions":[{"type":"keyDown","value":"î€ƒ"},{"type":"pause","duration":10},{"type":"keyUp","value":"î€ƒ"}]}]}
COMMAND: GET /session/16f78b01815a2e3a707cc501cb0afb21/screenshot - {}
RESULT: {"actions":[{"id":"action60","type":"key","parameters":{},"actions":[{"type":"keyDown","value":"î€ƒ"},{"type":"pause","duration":10},{"type":"keyUp","value":"î€ƒ"}]}]}
COMMAND: POST /session/16f78b01815a2e3a707cc501cb0afb21/element - {"using":"xpath","value":"//td[6]/div/div/input[1]"}
COMMAND: GET /session/16f78b01815a2e3a707cc501cb0afb21/screenshot - {}
RESULT: {}
RESULT: {"using":"xpath","value":"//td[6]/div/div/input[1]"}
COMMAND: POST /session/16f78b01815a2e3a707cc501cb0afb21/element/f.2B12B0EA68CDE32E3DD19BB79ABA46A3.d.F2F46145B958344657211774514FA6E0.e.9951/clear - {}
RESULT: {}
RESULT: {}
COMMAND: POST /session/16f78b01815a2e3a707cc501cb0afb21/element/f.2B12B0EA68CDE32E3DD19BB79ABA46A3.d.F2F46145B958344657211774514FA6E0.e.9951/value - {"text":"Material"}
COMMAND: GET /session/16f78b01815a2e3a707cc501cb0afb21/screenshot - {}
RESULT: {"text":"Material"}
COMMAND: GET /session/16f78b01815a2e3a707cc501cb0afb21/screenshot - {}
RESULT: {}
RESULT: {}
COMMAND: POST /session/16f78b01815a2e3a707cc501cb0afb21/actions - {"actions":[{"id":"action61","type":"key","parameters":{},"actions":[{"type":"keyDown","value":"î€‡"},{"type":"pause","duration":10},{"type":"keyUp","value":"î€‡"}]}]}
RESULT: {"actions":[{"id":"action61","type":"key","parameters":{},"actions":[{"type":"keyDown","value":"î€‡"},{"type":"pause","duration":10},{"type":"keyUp","value":"î€‡"}]}]}
COMMAND: GET /session/16f78b01815a2e3a707cc501cb0afb21/screenshot - {}
RESULT: {}
COMMAND: POST /session/16f78b01815a2e3a707cc501cb0afb21/actions - {"actions":[{"id":"action62","type":"key","parameters":{},"actions":[{"type":"keyDown","value":"î€‡"},{"type":"pause","duration":10},{"type":"keyUp","value":"î€‡"}]}]}
RESULT: {"actions":[{"id":"action62","type":"key","parameters":{},"actions":[{"type":"keyDown","value":"î€‡"},{"type":"pause","duration":10},{"type":"keyUp","value":"î€‡"}]}]}
COMMAND: POST /session/16f78b01815a2e3a707cc501cb0afb21/element - {"using":"xpath","value":"//td[7]/div/div/input"}
COMMAND: GET /session/16f78b01815a2e3a707cc501cb0afb21/screenshot - {}
RESULT: {"using":"xpath","value":"//td[7]/div/div/input"}
COMMAND: POST /session/16f78b01815a2e3a707cc501cb0afb21/element/f.2B12B0EA68CDE32E3DD19BB79ABA46A3.d.F2F46145B958344657211774514FA6E0.e.9964/clear - {}
RESULT: {}
RESULT: {}
COMMAND: POST /session/16f78b01815a2e3a707cc501cb0afb21/element/f.2B12B0EA68CDE32E3DD19BB79ABA46A3.d.F2F46145B958344657211774514FA6E0.e.9964/value - {"text":"WebdriverRUR2C"}
COMMAND: GET /session/16f78b01815a2e3a707cc501cb0afb21/screenshot - {}
RESULT: {"text":"WebdriverRUR2C"}
COMMAND: GET /session/16f78b01815a2e3a707cc501cb0afb21/screenshot - {}
RESULT: {}
RESULT: {}
COMMAND: POST /session/16f78b01815a2e3a707cc501cb0afb21/actions - {"actions":[{"id":"action63","type":"key","parameters":{},"actions":[{"type":"keyDown","value":"î€‡"},{"type":"pause","duration":10},{"type":"keyUp","value":"î€‡"}]}]}
RESULT: {"actions":[{"id":"action63","type":"key","parameters":{},"actions":[{"type":"keyDown","value":"î€‡"},{"type":"pause","duration":10},{"type":"keyUp","value":"î€‡"}]}]}
COMMAND: GET /session/16f78b01815a2e3a707cc501cb0afb21/screenshot - {}
COMMAND: POST /session/16f78b01815a2e3a707cc501cb0afb21/actions - {"actions":[{"id":"action64","type":"key","parameters":{},"actions":[{"type":"keyDown","value":"î€‡"},{"type":"pause","duration":10},{"type":"keyUp","value":"î€‡"}]}]}
RESULT: {}
RESULT: {"actions":[{"id":"action64","type":"key","parameters":{},"actions":[{"type":"keyDown","value":"î€‡"},{"type":"pause","duration":10},{"type":"keyUp","value":"î€‡"}]}]}
COMMAND: GET /session/16f78b01815a2e3a707cc501cb0afb21/screenshot - {}
RESULT: {}
COMMAND: POST /session/16f78b01815a2e3a707cc501cb0afb21/element - {"using":"xpath","value":"(//button[@data-kt=\"saveButton\"])[2]"}
RESULT: {"using":"xpath","value":"(//button[@data-kt=\"saveButton\"])[2]"}
COMMAND: POST /session/16f78b01815a2e3a707cc501cb0afb21/element/f.2B12B0EA68CDE32E3DD19BB79ABA46A3.d.F2F46145B958344657211774514FA6E0.e.9989/click - {}
RESULT: {}
COMMAND: GET /session/16f78b01815a2e3a707cc501cb0afb21/screenshot - {}
RESULT: {}
COMMAND: POST /session/16f78b01815a2e3a707cc501cb0afb21/element - {"using":"xpath","value":"//button[contains(@data-kt ,\"contractDetailEditBtnButton\")]"}
RESULT: {"using":"xpath","value":"//button[contains(@data-kt ,\"contractDetailEditBtnButton\")]"}
COMMAND: POST /session/16f78b01815a2e3a707cc501cb0afb21/execute/sync - {"script":"<script> [8489 bytes]","args":[{"element-6066-11e4-a52e-4f735466cecf":"f.2B12B0EA68CDE32E3DD19BB79ABA46A3.d.F2F46145B958344657211774514FA6E0.e.9898","ELEMENT":"f.2B12B0EA68CDE32E3DD19BB79ABA46A3.d.F2F46145B958344657211774514FA6E0.e.9898"}]}
RESULT: {"script":"<script> [8489 bytes]","args":[{"element-6066-11e4-a52e-4f735466cecf":"f.2B12B0EA68CDE32E3DD19BB79ABA46A3.d.F2F46145B958344657211774514FA6E0.e.9898","ELEMENT":"f.2B12B0EA68CDE32E3DD19BB79ABA46A3.d.F2F46145B958344657211774514FA6E0.e.9898"}]}
COMMAND: POST /session/16f78b01815a2e3a707cc501cb0afb21/execute/sync - {"script":"<script> [8489 bytes]","args":[{"element-6066-11e4-a52e-4f735466cecf":"f.2B12B0EA68CDE32E3DD19BB79ABA46A3.d.F2F46145B958344657211774514FA6E0.e.9898","ELEMENT":"f.2B12B0EA68CDE32E3DD19BB79ABA46A3.d.F2F46145B958344657211774514FA6E0.e.9898"}]}
COMMAND: GET /session/16f78b01815a2e3a707cc501cb0afb21/screenshot - {}
RESULT: {"script":"<script> [8489 bytes]","args":[{"element-6066-11e4-a52e-4f735466cecf":"f.2B12B0EA68CDE32E3DD19BB79ABA46A3.d.F2F46145B958344657211774514FA6E0.e.9898","ELEMENT":"f.2B12B0EA68CDE32E3DD19BB79ABA46A3.d.F2F46145B958344657211774514FA6E0.e.9898"}]}
COMMAND: POST /session/16f78b01815a2e3a707cc501cb0afb21/execute/sync - {"script":"<script> [5351 bytes]","args":[{"element-6066-11e4-a52e-4f735466cecf":"f.2B12B0EA68CDE32E3DD19BB79ABA46A3.d.F2F46145B958344657211774514FA6E0.e.9898","ELEMENT":"f.2B12B0EA68CDE32E3DD19BB79ABA46A3.d.F2F46145B958344657211774514FA6E0.e.9898"}]}
COMMAND: GET /session/16f78b01815a2e3a707cc501cb0afb21/screenshot - {}
RESULT: {}
RESULT: {"script":"<script> [5351 bytes]","args":[{"element-6066-11e4-a52e-4f735466cecf":"f.2B12B0EA68CDE32E3DD19BB79ABA46A3.d.F2F46145B958344657211774514FA6E0.e.9898","ELEMENT":"f.2B12B0EA68CDE32E3DD19BB79ABA46A3.d.F2F46145B958344657211774514FA6E0.e.9898"}]}
COMMAND: POST /session/16f78b01815a2e3a707cc501cb0afb21/element - {"using":"xpath","value":"(//span[contains(text(), \"Header Billing Items\")])[1]"}
COMMAND: GET /session/16f78b01815a2e3a707cc501cb0afb21/screenshot - {}
RESULT: {}
RESULT: {"using":"xpath","value":"(//span[contains(text(), \"Header Billing Items\")])[1]"}
COMMAND: POST /session/16f78b01815a2e3a707cc501cb0afb21/element/f.2B12B0EA68CDE32E3DD19BB79ABA46A3.d.F2F46145B958344657211774514FA6E0.e.9992/click - {}
RESULT: {}
RESULT: {}
COMMAND: GET /session/16f78b01815a2e3a707cc501cb0afb21/screenshot - {}
RESULT: {}
COMMAND: POST /session/16f78b01815a2e3a707cc501cb0afb21/execute/async - {"script":"<script> [1562 bytes]","args":[{"selector":{"controlType":"sap.m.Title","viewName":"etm.portal.ui.managecontracts.view.Detail","properties":{"text":"Contract Items (1)"}},"wdio_ui5_key":"etmportal.ui.managecontracts.view.Detailsap.m.Title{\"text\":\"Contract Items (1)\"}"}]}
RESULT: {"script":"<script> [1562 bytes]","args":[{"selector":{"controlType":"sap.m.Title","viewName":"etm.portal.ui.managecontracts.view.Detail","properties":{"text":"Contract Items (1)"}},"wdio_ui5_key":"etmportal.ui.managecontracts.view.Detailsap.m.Title{\"text\":\"Contract Items (1)\"}"}]}
RESULT: undefined
COMMAND: POST /session/16f78b01815a2e3a707cc501cb0afb21/execute/async - {"script":"<script> [6424 bytes]","args":[{"element-6066-11e4-a52e-4f735466cecf":"f.2B12B0EA68CDE32E3DD19BB79ABA46A3.d.F2F46145B958344657211774514FA6E0.e.9996"},"getText",[]]}
RESULT: {"script":"<script> [6424 bytes]","args":[{"element-6066-11e4-a52e-4f735466cecf":"f.2B12B0EA68CDE32E3DD19BB79ABA46A3.d.F2F46145B958344657211774514FA6E0.e.9996"},"getText",[]]}
COMMAND: POST /session/16f78b01815a2e3a707cc501cb0afb21/element - {"using":"xpath","value":"(//span[contains(@class ,\"sapMObjStatusText\")])[1]"}
RESULT: {"using":"xpath","value":"(//span[contains(@class ,\"sapMObjStatusText\")])[1]"}
COMMAND: GET /session/16f78b01815a2e3a707cc501cb0afb21/element/f.2B12B0EA68CDE32E3DD19BB79ABA46A3.d.F2F46145B958344657211774514FA6E0.e.9997/text - {}
RESULT: {}
COMMAND: POST /session/16f78b01815a2e3a707cc501cb0afb21/refresh - {}
RESULT: {}
COMMAND: GET /session/16f78b01815a2e3a707cc501cb0afb21/screenshot - {}
RESULT: {}
COMMAND: POST /session/16f78b01815a2e3a707cc501cb0afb21/execute/async - {"script":"<script> [189 bytes]","args":[]}
RESULT: {"script":"<script> [189 bytes]","args":[]}
COMMAND: POST /session/16f78b01815a2e3a707cc501cb0afb21/execute/async - {"script":"<script> [123 bytes]","args":[]}
RESULT: {"script":"<script> [123 bytes]","args":[]}
COMMAND: POST /session/16f78b01815a2e3a707cc501cb0afb21/timeouts - {"script":"<number>"}
RESULT: {"script":"<number>"}
COMMAND: GET /session/16f78b01815a2e3a707cc501cb0afb21/timeouts - {}
RESULT: {}
RESULT: undefined
COMMAND: POST /session/16f78b01815a2e3a707cc501cb0afb21/execute/async - {"script":"<script> [2676 bytes]","args":[]}
RESULT: {"script":"<script> [2676 bytes]","args":[]}
COMMAND: POST /session/16f78b01815a2e3a707cc501cb0afb21/execute/async - {"script":"<script> [2342 bytes]","args":[{"protocol":"http","hostname":"0.0.0.0","path":"/","capabilities":{"browserName":"chrome","goog:chromeOptions":{"binary":"C:\\Program Files\\Google\\Chrome\\Application\\chrome.exe","args":["--start-maximized"]}},"logLevel":"warn","connectionRetryTimeout":120000,"connectionRetryCount":3,"logLevels":{},"enableDirectConnect":true,"strictSSL":true,"_":"65 more keys: [\"cacheDir\",\"port\",\"requestedCapabilities\",\"automationProtocol\",\"baseUrl\",\"waitforInterval\",\"waitforTimeout\",\"onReload\",\"beforeCommand\",\"afterCommand\",\"rootDir\",\"specs\",\"suites\",\"exclude\",\"groupLogsByTestSpec\",\"excludeDriverLogs\",\"bail\",\"framework\",\"reporters\",\"services\",\"maxInstances\",\"maxInstancesPerCapability\",\"injectGlobals\",\"filesToWatch\",\"execArgv\",\"runnerEnv\",\"runner\",\"shard\",\"specFileRetries\",\"specFileRetriesDelay\",\"specFileRetriesDeferred\",\"reporterSyncInterval\",\"reporterSyncTimeout\",\"cucumberFeaturesWithLineNumbers\",\"autoCompileOpts\",\"mochaOpts\",\"jasmineOpts\",\"cucumberOpts\",\"onPrepare\",\"onWorkerStart\",\"onWorkerEnd\",\"before\",\"beforeSession\",\"beforeSuite\",\"beforeHook\",\"beforeTest\",\"afterTest\",\"afterHook\",\"afterSuite\",\"afterSession\",\"after\",\"onComplete\",\"beforeAssertion\",\"afterAssertion\",\"beforeFeature\",\"beforeScenario\",\"beforeStep\",\"afterStep\",\"afterScenario\",\"afterFeature\",\"_\",\"suite\",\"$0\",\"ignoredWorkerServices\",\"wdi5\"]"}]}
RESULT: {"script":"<script> [2342 bytes]","args":[{"protocol":"http","hostname":"0.0.0.0","path":"/","capabilities":{"browserName":"chrome","goog:chromeOptions":{"binary":"C:\\Program Files\\Google\\Chrome\\Application\\chrome.exe","args":["--start-maximized"]}},"logLevel":"warn","connectionRetryTimeout":120000,"connectionRetryCount":3,"logLevels":{},"enableDirectConnect":true,"strictSSL":true,"_":"65 more keys: [\"cacheDir\",\"port\",\"requestedCapabilities\",\"automationProtocol\",\"baseUrl\",\"waitforInterval\",\"waitforTimeout\",\"onReload\",\"beforeCommand\",\"afterCommand\",\"rootDir\",\"specs\",\"suites\",\"exclude\",\"groupLogsByTestSpec\",\"excludeDriverLogs\",\"bail\",\"framework\",\"reporters\",\"services\",\"maxInstances\",\"maxInstancesPerCapability\",\"injectGlobals\",\"filesToWatch\",\"execArgv\",\"runnerEnv\",\"runner\",\"shard\",\"specFileRetries\",\"specFileRetriesDelay\",\"specFileRetriesDeferred\",\"reporterSyncInterval\",\"reporterSyncTimeout\",\"cucumberFeaturesWithLineNumbers\",\"autoCompileOpts\",\"mochaOpts\",\"jasmineOpts\",\"cucumberOpts\",\"onPrepare\",\"onWorkerStart\",\"onWorkerEnd\",\"before\",\"beforeSession\",\"beforeSuite\",\"beforeHook\",\"beforeTest\",\"afterTest\",\"afterHook\",\"afterSuite\",\"afterSession\",\"after\",\"onComplete\",\"beforeAssertion\",\"afterAssertion\",\"beforeFeature\",\"beforeScenario\",\"beforeStep\",\"afterStep\",\"afterScenario\",\"afterFeature\",\"_\",\"suite\",\"$0\",\"ignoredWorkerServices\",\"wdi5\"]"}]}
COMMAND: POST /session/16f78b01815a2e3a707cc501cb0afb21/execute/async - {"script":"<script> [21126 bytes]","args":[35000]}
RESULT: {"script":"<script> [21126 bytes]","args":[35000]}
COMMAND: POST /session/16f78b01815a2e3a707cc501cb0afb21/element - {"using":"css selector","value":"#shell-header-logo"}
RESULT: {"using":"css selector","value":"#shell-header-logo"}
COMMAND: POST /session/16f78b01815a2e3a707cc501cb0afb21/element/f.2B12B0EA68CDE32E3DD19BB79ABA46A3.d.C3AACD2DB5792F146E8D86EB32F067D1.e.10003/click - {}
RESULT: {}
COMMAND: GET /session/16f78b01815a2e3a707cc501cb0afb21/screenshot - {}
RESULT: {}
]]></system-out>
    </testcase>
  </testsuite>
  <testsuite timestamp="2025-05-19T18:17:34" time="1331.593" tests="7" failures="0" errors="0" skipped="0">
    <properties>
      <property name="specId" value="0" />
      <property name="suiteName" value="E2E - Logistical and commercial statuses" />
      <property name="capabilities" value="chrome.136_0_7103_93.windows" />
      <property name="file" value="file:///D:/a/1/s/test/specs/R2C/E2E-Logistical-and-commercial-status.spec.js" />
    </properties>
    <testcase classname="chrome.136_0_7103_93.windows.E2E_-_Logistical_and_commercial_statuses" name="Should create prerequisites yard partner and site" time="299.322">
      <system-out><![CDATA[
COMMAND: POST /session/16f78b01815a2e3a707cc501cb0afb21/execute/async - {"script":"<script> [1562 bytes]","args":[{"selector":{"controlType":"sap.m.GenericTile","properties":{"header":"Manage Yards"}},"wdio_ui5_key":"sapm.GenericTile{\"header\":\"Manage Yards\"}"}]}
RESULT: {"script":"<script> [1562 bytes]","args":[{"selector":{"controlType":"sap.m.GenericTile","properties":{"header":"Manage Yards"}},"wdio_ui5_key":"sapm.GenericTile{\"header\":\"Manage Yards\"}"}]}
RESULT: undefined
COMMAND: POST /session/16f78b01815a2e3a707cc501cb0afb21/element - {"using":"xpath","value":"//*[@id=\"__tile41\"]"}
RESULT: {"using":"xpath","value":"//*[@id=\"__tile41\"]"}
COMMAND: POST /session/16f78b01815a2e3a707cc501cb0afb21/element/f.2B12B0EA68CDE32E3DD19BB79ABA46A3.d.C3AACD2DB5792F146E8D86EB32F067D1.e.10223/click - {}
RESULT: {}
COMMAND: GET /session/16f78b01815a2e3a707cc501cb0afb21/screenshot - {}
RESULT: {}
COMMAND: POST /session/16f78b01815a2e3a707cc501cb0afb21/elements - {"using":"xpath","value":"//span[text()='Error']"}
RESULT: {"using":"xpath","value":"//span[text()='Error']"}
COMMAND: POST /session/16f78b01815a2e3a707cc501cb0afb21/execute/async - {"script":"<script> [1562 bytes]","args":[{"selector":{"controlType":"sap.ui.core.Icon","viewName":"etm.portal.ui.manageyards.view.Master","viewId":"application-manageyards-display-component---masterYard","properties":{"src":{"regex":{"source":"add"}}}},"wdio_ui5_key":"etmportal.ui.manageyards.view.Mastersap.ui.core.Icon{\"src\":{\"regex\":{\"source\":\"add\"}}}"}]}
RESULT: {"script":"<script> [1562 bytes]","args":[{"selector":{"controlType":"sap.ui.core.Icon","viewName":"etm.portal.ui.manageyards.view.Master","viewId":"application-manageyards-display-component---masterYard","properties":{"src":{"regex":{"source":"add"}}}},"wdio_ui5_key":"etmportal.ui.manageyards.view.Mastersap.ui.core.Icon{\"src\":{\"regex\":{\"source\":\"add\"}}}"}]}
RESULT: undefined
COMMAND: POST /session/16f78b01815a2e3a707cc501cb0afb21/element - {"using":"xpath","value":"//*[@id=\"__button14-img\"]"}
RESULT: {"using":"xpath","value":"//*[@id=\"__button14-img\"]"}
COMMAND: POST /session/16f78b01815a2e3a707cc501cb0afb21/element/f.2B12B0EA68CDE32E3DD19BB79ABA46A3.d.C3AACD2DB5792F146E8D86EB32F067D1.e.10266/click - {}
RESULT: {}
COMMAND: GET /session/16f78b01815a2e3a707cc501cb0afb21/screenshot - {}
RESULT: {}
COMMAND: POST /session/16f78b01815a2e3a707cc501cb0afb21/execute/async - {"script":"<script> [1562 bytes]","args":[{"selector":{"id":"application-manageyards-display-component---NewYard--yardId","interaction":{"idSuffix":"inner"}},"wdio_ui5_key":"applicationmanageyards-display-component---NewYard--yardId"}]}
RESULT: {"script":"<script> [1562 bytes]","args":[{"selector":{"id":"application-manageyards-display-component---NewYard--yardId","interaction":{"idSuffix":"inner"}},"wdio_ui5_key":"applicationmanageyards-display-component---NewYard--yardId"}]}
RESULT: undefined
COMMAND: POST /session/16f78b01815a2e3a707cc501cb0afb21/element - {"using":"xpath","value":"//*[@id=\"application-manageyards-display-component---NewYard--addressDetailDetailsName1-inner\"]"}
RESULT: {"using":"xpath","value":"//*[@id=\"application-manageyards-display-component---NewYard--addressDetailDetailsName1-inner\"]"}
COMMAND: POST /session/16f78b01815a2e3a707cc501cb0afb21/element/f.2B12B0EA68CDE32E3DD19BB79ABA46A3.d.C3AACD2DB5792F146E8D86EB32F067D1.e.10451/clear - {}
RESULT: {}
COMMAND: POST /session/16f78b01815a2e3a707cc501cb0afb21/element/f.2B12B0EA68CDE32E3DD19BB79ABA46A3.d.C3AACD2DB5792F146E8D86EB32F067D1.e.10451/value - {"text":"WebdriverYardsx936l"}
COMMAND: GET /session/16f78b01815a2e3a707cc501cb0afb21/screenshot - {}
RESULT: {"text":"WebdriverYardsx936l"}
COMMAND: POST /session/16f78b01815a2e3a707cc501cb0afb21/element - {"using":"xpath","value":"//*[@id=\"application-manageyards-display-component---NewYard--addressDetailDetailsLanguage-inner\"]"}
COMMAND: GET /session/16f78b01815a2e3a707cc501cb0afb21/screenshot - {}
RESULT: {}
RESULT: {"using":"xpath","value":"//*[@id=\"application-manageyards-display-component---NewYard--addressDetailDetailsLanguage-inner\"]"}
COMMAND: POST /session/16f78b01815a2e3a707cc501cb0afb21/element/f.2B12B0EA68CDE32E3DD19BB79ABA46A3.d.C3AACD2DB5792F146E8D86EB32F067D1.e.10452/clear - {}
RESULT: {}
RESULT: {}
COMMAND: POST /session/16f78b01815a2e3a707cc501cb0afb21/element/f.2B12B0EA68CDE32E3DD19BB79ABA46A3.d.C3AACD2DB5792F146E8D86EB32F067D1.e.10452/value - {"text":"Romanian"}
COMMAND: GET /session/16f78b01815a2e3a707cc501cb0afb21/screenshot - {}
RESULT: {"text":"Romanian"}
COMMAND: POST /session/16f78b01815a2e3a707cc501cb0afb21/element - {"using":"xpath","value":"//input[contains(@id ,\"application-manageyards-display-component---NewYard--addressDetailDetailsName1-inner\")]"}
COMMAND: GET /session/16f78b01815a2e3a707cc501cb0afb21/screenshot - {}
RESULT: {}
RESULT: {"using":"xpath","value":"//input[contains(@id ,\"application-manageyards-display-component---NewYard--addressDetailDetailsName1-inner\")]"}
COMMAND: GET /session/16f78b01815a2e3a707cc501cb0afb21/element/f.2B12B0EA68CDE32E3DD19BB79ABA46A3.d.C3AACD2DB5792F146E8D86EB32F067D1.e.10451/property/value - {}
RESULT: {}
RESULT: {}
COMMAND: GET /session/16f78b01815a2e3a707cc501cb0afb21/screenshot - {}
RESULT: {}
COMMAND: POST /session/16f78b01815a2e3a707cc501cb0afb21/element - {"using":"xpath","value":"//*[@id=\"application-manageyards-display-component---NewYard--addressDetailDetailsCity1-inner\"]"}
RESULT: {"using":"xpath","value":"//*[@id=\"application-manageyards-display-component---NewYard--addressDetailDetailsCity1-inner\"]"}
COMMAND: POST /session/16f78b01815a2e3a707cc501cb0afb21/element/f.2B12B0EA68CDE32E3DD19BB79ABA46A3.d.C3AACD2DB5792F146E8D86EB32F067D1.e.10454/clear - {}
RESULT: {}
COMMAND: POST /session/16f78b01815a2e3a707cc501cb0afb21/element/f.2B12B0EA68CDE32E3DD19BB79ABA46A3.d.C3AACD2DB5792F146E8D86EB32F067D1.e.10454/value - {"text":"Bucuresti"}
COMMAND: GET /session/16f78b01815a2e3a707cc501cb0afb21/screenshot - {}
RESULT: {"text":"Bucuresti"}
COMMAND: GET /session/16f78b01815a2e3a707cc501cb0afb21/screenshot - {}
RESULT: {}
RESULT: {}
COMMAND: POST /session/16f78b01815a2e3a707cc501cb0afb21/element - {"using":"xpath","value":"//*[@id=\"application-manageyards-display-component---NewYard--addressDetailDetailsCountry-inner\"]"}
RESULT: {"using":"xpath","value":"//*[@id=\"application-manageyards-display-component---NewYard--addressDetailDetailsCountry-inner\"]"}
COMMAND: POST /session/16f78b01815a2e3a707cc501cb0afb21/element/f.2B12B0EA68CDE32E3DD19BB79ABA46A3.d.C3AACD2DB5792F146E8D86EB32F067D1.e.10458/clear - {}
RESULT: {}
COMMAND: POST /session/16f78b01815a2e3a707cc501cb0afb21/element/f.2B12B0EA68CDE32E3DD19BB79ABA46A3.d.C3AACD2DB5792F146E8D86EB32F067D1.e.10458/value - {"text":"Romania"}
COMMAND: GET /session/16f78b01815a2e3a707cc501cb0afb21/screenshot - {}
RESULT: {"text":"Romania"}
COMMAND: GET /session/16f78b01815a2e3a707cc501cb0afb21/screenshot - {}
RESULT: {}
RESULT: {}
COMMAND: POST /session/16f78b01815a2e3a707cc501cb0afb21/element - {"using":"xpath","value":"//div[contains(text(), \"Commercial\")]"}
RESULT: {"using":"xpath","value":"//div[contains(text(), \"Commercial\")]"}
COMMAND: GET /session/16f78b01815a2e3a707cc501cb0afb21/element/f.2B12B0EA68CDE32E3DD19BB79ABA46A3.d.C3AACD2DB5792F146E8D86EB32F067D1.e.10702/rect - {}
RESULT: {}
COMMAND: GET /session/16f78b01815a2e3a707cc501cb0afb21/window/rect - {}
RESULT: {}
COMMAND: POST /session/16f78b01815a2e3a707cc501cb0afb21/execute/sync - {"script":"<script> [92 bytes]","args":[]}
RESULT: {"script":"<script> [92 bytes]","args":[]}
COMMAND: POST /session/16f78b01815a2e3a707cc501cb0afb21/actions - {"actions":[{"id":"action65","type":"wheel","parameters":{},"actions":[{"type":"scroll","x":-1841,"y":-44,"deltaX":0,"deltaY":0,"duration":0,"origin":{"element-6066-11e4-a52e-4f735466cecf":"f.2B12B0EA68CDE32E3DD19BB79ABA46A3.d.C3AACD2DB5792F146E8D86EB32F067D1.e.10702"}}]}]}
COMMAND: GET /session/16f78b01815a2e3a707cc501cb0afb21/screenshot - {}
RESULT: {}
COMMAND: POST /session/16f78b01815a2e3a707cc501cb0afb21/execute/sync - {"script":"<script> [79 bytes]","args":[{"element-6066-11e4-a52e-4f735466cecf":"f.2B12B0EA68CDE32E3DD19BB79ABA46A3.d.C3AACD2DB5792F146E8D86EB32F067D1.e.10702","ELEMENT":"f.2B12B0EA68CDE32E3DD19BB79ABA46A3.d.C3AACD2DB5792F146E8D86EB32F067D1.e.10702"},{"block":"start","inline":"nearest"}]}
RESULT: {"script":"<script> [79 bytes]","args":[{"element-6066-11e4-a52e-4f735466cecf":"f.2B12B0EA68CDE32E3DD19BB79ABA46A3.d.C3AACD2DB5792F146E8D86EB32F067D1.e.10702","ELEMENT":"f.2B12B0EA68CDE32E3DD19BB79ABA46A3.d.C3AACD2DB5792F146E8D86EB32F067D1.e.10702"},{"block":"start","inline":"nearest"}]}
COMMAND: GET /session/16f78b01815a2e3a707cc501cb0afb21/screenshot - {}
RESULT: {}
COMMAND: POST /session/16f78b01815a2e3a707cc501cb0afb21/execute/async - {"script":"<script> [1562 bytes]","args":[{"selector":{"id":"application-manageyards-display-component---NewYard--addressEditDetailsCostObjectCstType-arrow"},"wdio_ui5_key":"applicationmanageyards-display-component---NewYard--addressEditDetailsCostObjectCstType-arrow"}]}
RESULT: {"script":"<script> [1562 bytes]","args":[{"selector":{"id":"application-manageyards-display-component---NewYard--addressEditDetailsCostObjectCstType-arrow"},"wdio_ui5_key":"applicationmanageyards-display-component---NewYard--addressEditDetailsCostObjectCstType-arrow"}]}
RESULT: undefined
COMMAND: POST /session/16f78b01815a2e3a707cc501cb0afb21/element - {"using":"xpath","value":"//*[@id=\"application-manageyards-display-component---NewYard--addressEditDetailsCostObjectCstType-arrow\"]"}
RESULT: {"using":"xpath","value":"//*[@id=\"application-manageyards-display-component---NewYard--addressEditDetailsCostObjectCstType-arrow\"]"}
COMMAND: POST /session/16f78b01815a2e3a707cc501cb0afb21/element/f.2B12B0EA68CDE32E3DD19BB79ABA46A3.d.C3AACD2DB5792F146E8D86EB32F067D1.e.10711/click - {}
RESULT: {}
COMMAND: POST /session/16f78b01815a2e3a707cc501cb0afb21/element - {"using":"xpath","value":"//span[contains(text(), \"Cost Center\")]"}
COMMAND: GET /session/16f78b01815a2e3a707cc501cb0afb21/screenshot - {}
RESULT: {"using":"xpath","value":"//span[contains(text(), \"Cost Center\")]"}
COMMAND: POST /session/16f78b01815a2e3a707cc501cb0afb21/element/f.2B12B0EA68CDE32E3DD19BB79ABA46A3.d.C3AACD2DB5792F146E8D86EB32F067D1.e.10712/click - {}
RESULT: {}
RESULT: {}
COMMAND: GET /session/16f78b01815a2e3a707cc501cb0afb21/screenshot - {}
RESULT: {}
COMMAND: POST /session/16f78b01815a2e3a707cc501cb0afb21/execute/async - {"script":"<script> [1562 bytes]","args":[{"selector":{"id":"application-manageyards-display-component---NewYard--addressNewCostObjectCstID-vhi"},"wdio_ui5_key":"applicationmanageyards-display-component---NewYard--addressNewCostObjectCstID-vhi"}]}
RESULT: {"script":"<script> [1562 bytes]","args":[{"selector":{"id":"application-manageyards-display-component---NewYard--addressNewCostObjectCstID-vhi"},"wdio_ui5_key":"applicationmanageyards-display-component---NewYard--addressNewCostObjectCstID-vhi"}]}
RESULT: undefined
COMMAND: POST /session/16f78b01815a2e3a707cc501cb0afb21/element - {"using":"xpath","value":"//*[@id=\"application-manageyards-display-component---NewYard--addressNewCostObjectCstID-vhi\"]"}
RESULT: {"using":"xpath","value":"//*[@id=\"application-manageyards-display-component---NewYard--addressNewCostObjectCstID-vhi\"]"}
COMMAND: POST /session/16f78b01815a2e3a707cc501cb0afb21/element/f.2B12B0EA68CDE32E3DD19BB79ABA46A3.d.C3AACD2DB5792F146E8D86EB32F067D1.e.10716/click - {}
RESULT: {}
COMMAND: GET /session/16f78b01815a2e3a707cc501cb0afb21/screenshot - {}
RESULT: {}
COMMAND: POST /session/16f78b01815a2e3a707cc501cb0afb21/execute/async - {"script":"<script> [1562 bytes]","args":[{"selector":{"controlType":"sap.m.SearchField","properties":{"placeholder":"Search"},"searchOpenDialogs":true,"interaction":{"idSuffix":"I"}},"wdio_ui5_key":"sapm.SearchField{\"placeholder\":\"Search\"}"}]}
RESULT: {"script":"<script> [1562 bytes]","args":[{"selector":{"controlType":"sap.m.SearchField","properties":{"placeholder":"Search"},"searchOpenDialogs":true,"interaction":{"idSuffix":"I"}},"wdio_ui5_key":"sapm.SearchField{\"placeholder\":\"Search\"}"}]}
RESULT: undefined
COMMAND: POST /session/16f78b01815a2e3a707cc501cb0afb21/execute/async - {"script":"<script> [776 bytes]","args":[{"enterText":"10001013","selector":{"controlType":"sap.m.SearchField","properties":{"placeholder":"Search"},"searchOpenDialogs":true,"interaction":{"idSuffix":"I"}},"clearTextFirst":true,"interactionType":"ENTER_TEXT"}]}
RESULT: {"script":"<script> [776 bytes]","args":[{"enterText":"10001013","selector":{"controlType":"sap.m.SearchField","properties":{"placeholder":"Search"},"searchOpenDialogs":true,"interaction":{"idSuffix":"I"}},"clearTextFirst":true,"interactionType":"ENTER_TEXT"}]}
COMMAND: POST /session/16f78b01815a2e3a707cc501cb0afb21/actions - {"actions":[{"id":"action66","type":"key","parameters":{},"actions":[{"type":"keyDown","value":"î€‡"},{"type":"pause","duration":10},{"type":"keyUp","value":"î€‡"}]}]}
RESULT: {"actions":[{"id":"action66","type":"key","parameters":{},"actions":[{"type":"keyDown","value":"î€‡"},{"type":"pause","duration":10},{"type":"keyUp","value":"î€‡"}]}]}
COMMAND: GET /session/16f78b01815a2e3a707cc501cb0afb21/screenshot - {}
RESULT: {}
COMMAND: POST /session/16f78b01815a2e3a707cc501cb0afb21/element - {"using":"xpath","value":"//span[contains(text(), \"General Management\")]"}
RESULT: {"using":"xpath","value":"//span[contains(text(), \"General Management\")]"}
COMMAND: POST /session/16f78b01815a2e3a707cc501cb0afb21/element/f.2B12B0EA68CDE32E3DD19BB79ABA46A3.d.C3AACD2DB5792F146E8D86EB32F067D1.e.10756/click - {}
RESULT: {}
COMMAND: GET /session/16f78b01815a2e3a707cc501cb0afb21/screenshot - {}
RESULT: {}
COMMAND: POST /session/16f78b01815a2e3a707cc501cb0afb21/element - {"using":"xpath","value":"//bdi[contains(text(), \"OK\")]"}
RESULT: {"using":"xpath","value":"//bdi[contains(text(), \"OK\")]"}
COMMAND: POST /session/16f78b01815a2e3a707cc501cb0afb21/element/f.2B12B0EA68CDE32E3DD19BB79ABA46A3.d.C3AACD2DB5792F146E8D86EB32F067D1.e.10757/click - {}
RESULT: {}
COMMAND: GET /session/16f78b01815a2e3a707cc501cb0afb21/screenshot - {}
RESULT: {}
COMMAND: POST /session/16f78b01815a2e3a707cc501cb0afb21/execute/async - {"script":"<script> [1562 bytes]","args":[{"selector":{"controlType":"sap.m.Button","viewName":"etm.portal.ui.manageyards.view.New","viewId":"application-manageyards-display-component---NewYard","i18NText":{"propertyName":"text","key":"save"},"interaction":{"idSuffix":"inner"}},"wdio_ui5_key":"etmportal.ui.manageyards.view.Newsap.m.Button{\"propertyName\":\"text\",\"key\":\"save\"}"}]}
RESULT: {"script":"<script> [1562 bytes]","args":[{"selector":{"controlType":"sap.m.Button","viewName":"etm.portal.ui.manageyards.view.New","viewId":"application-manageyards-display-component---NewYard","i18NText":{"propertyName":"text","key":"save"},"interaction":{"idSuffix":"inner"}},"wdio_ui5_key":"etmportal.ui.manageyards.view.Newsap.m.Button{\"propertyName\":\"text\",\"key\":\"save\"}"}]}
RESULT: undefined
COMMAND: POST /session/16f78b01815a2e3a707cc501cb0afb21/element - {"using":"xpath","value":"//*[@id=\"__button28\"]"}
RESULT: {"using":"xpath","value":"//*[@id=\"__button28\"]"}
COMMAND: POST /session/16f78b01815a2e3a707cc501cb0afb21/element/f.2B12B0EA68CDE32E3DD19BB79ABA46A3.d.C3AACD2DB5792F146E8D86EB32F067D1.e.10658/click - {}
RESULT: {}
COMMAND: GET /session/16f78b01815a2e3a707cc501cb0afb21/screenshot - {}
RESULT: {}
COMMAND: POST /session/16f78b01815a2e3a707cc501cb0afb21/element - {"using":"xpath","value":"//header/div/div[2]/div[2]/span"}
RESULT: {"using":"xpath","value":"//header/div/div[2]/div[2]/span"}
COMMAND: GET /session/16f78b01815a2e3a707cc501cb0afb21/element/f.2B12B0EA68CDE32E3DD19BB79ABA46A3.d.C3AACD2DB5792F146E8D86EB32F067D1.e.10957/text - {}
RESULT: {}
COMMAND: POST /session/16f78b01815a2e3a707cc501cb0afb21/execute/async - {"script":"<script> [1562 bytes]","args":[{"selector":{"controlType":"sap.m.OverflowToolbarButton","viewName":"etm.portal.ui.manageyards.view.Detail","viewId":"application-manageyards-display-component---detailYard","i18NText":{"propertyName":"tooltip","key":"closeColumn"},"interaction":{"idSuffix":"inner"}},"wdio_ui5_key":"etmportal.ui.manageyards.view.Detailsap.m.OverflowToolbarButton{\"propertyName\":\"tooltip\",\"key\":\"closeColumn\"}"}]}
RESULT: {"script":"<script> [1562 bytes]","args":[{"selector":{"controlType":"sap.m.OverflowToolbarButton","viewName":"etm.portal.ui.manageyards.view.Detail","viewId":"application-manageyards-display-component---detailYard","i18NText":{"propertyName":"tooltip","key":"closeColumn"},"interaction":{"idSuffix":"inner"}},"wdio_ui5_key":"etmportal.ui.manageyards.view.Detailsap.m.OverflowToolbarButton{\"propertyName\":\"tooltip\",\"key\":\"closeColumn\"}"}]}
RESULT: undefined
COMMAND: POST /session/16f78b01815a2e3a707cc501cb0afb21/element - {"using":"xpath","value":"//*[@id=\"__button50\"]"}
RESULT: {"using":"xpath","value":"//*[@id=\"__button50\"]"}
COMMAND: POST /session/16f78b01815a2e3a707cc501cb0afb21/element/f.2B12B0EA68CDE32E3DD19BB79ABA46A3.d.C3AACD2DB5792F146E8D86EB32F067D1.e.10959/click - {}
RESULT: {}
COMMAND: GET /session/16f78b01815a2e3a707cc501cb0afb21/screenshot - {}
COMMAND: POST /session/16f78b01815a2e3a707cc501cb0afb21/element - {"using":"css selector","value":"#shell-header-logo"}
RESULT: {}
RESULT: {"using":"css selector","value":"#shell-header-logo"}
COMMAND: POST /session/16f78b01815a2e3a707cc501cb0afb21/element/f.2B12B0EA68CDE32E3DD19BB79ABA46A3.d.C3AACD2DB5792F146E8D86EB32F067D1.e.10226/click - {}
RESULT: {}
COMMAND: GET /session/16f78b01815a2e3a707cc501cb0afb21/screenshot - {}
RESULT: {}
COMMAND: POST /session/16f78b01815a2e3a707cc501cb0afb21/refresh - {}
RESULT: {}
COMMAND: GET /session/16f78b01815a2e3a707cc501cb0afb21/screenshot - {}
RESULT: {}
COMMAND: POST /session/16f78b01815a2e3a707cc501cb0afb21/execute/async - {"script":"<script> [189 bytes]","args":[]}
RESULT: {"script":"<script> [189 bytes]","args":[]}
COMMAND: POST /session/16f78b01815a2e3a707cc501cb0afb21/execute/async - {"script":"<script> [123 bytes]","args":[]}
RESULT: {"script":"<script> [123 bytes]","args":[]}
COMMAND: POST /session/16f78b01815a2e3a707cc501cb0afb21/timeouts - {"script":"<number>"}
RESULT: {"script":"<number>"}
COMMAND: GET /session/16f78b01815a2e3a707cc501cb0afb21/timeouts - {}
RESULT: {}
RESULT: undefined
COMMAND: POST /session/16f78b01815a2e3a707cc501cb0afb21/execute/async - {"script":"<script> [2676 bytes]","args":[]}
RESULT: {"script":"<script> [2676 bytes]","args":[]}
COMMAND: POST /session/16f78b01815a2e3a707cc501cb0afb21/execute/async - {"script":"<script> [2342 bytes]","args":[{"protocol":"http","hostname":"0.0.0.0","path":"/","capabilities":{"browserName":"chrome","goog:chromeOptions":{"binary":"C:\\Program Files\\Google\\Chrome\\Application\\chrome.exe","args":["--start-maximized"]}},"logLevel":"warn","connectionRetryTimeout":120000,"connectionRetryCount":3,"logLevels":{},"enableDirectConnect":true,"strictSSL":true,"_":"65 more keys: [\"cacheDir\",\"port\",\"requestedCapabilities\",\"automationProtocol\",\"baseUrl\",\"waitforInterval\",\"waitforTimeout\",\"onReload\",\"beforeCommand\",\"afterCommand\",\"rootDir\",\"specs\",\"suites\",\"exclude\",\"groupLogsByTestSpec\",\"excludeDriverLogs\",\"bail\",\"framework\",\"reporters\",\"services\",\"maxInstances\",\"maxInstancesPerCapability\",\"injectGlobals\",\"filesToWatch\",\"execArgv\",\"runnerEnv\",\"runner\",\"shard\",\"specFileRetries\",\"specFileRetriesDelay\",\"specFileRetriesDeferred\",\"reporterSyncInterval\",\"reporterSyncTimeout\",\"cucumberFeaturesWithLineNumbers\",\"autoCompileOpts\",\"mochaOpts\",\"jasmineOpts\",\"cucumberOpts\",\"onPrepare\",\"onWorkerStart\",\"onWorkerEnd\",\"before\",\"beforeSession\",\"beforeSuite\",\"beforeHook\",\"beforeTest\",\"afterTest\",\"afterHook\",\"afterSuite\",\"afterSession\",\"after\",\"onComplete\",\"beforeAssertion\",\"afterAssertion\",\"beforeFeature\",\"beforeScenario\",\"beforeStep\",\"afterStep\",\"afterScenario\",\"afterFeature\",\"_\",\"suite\",\"$0\",\"ignoredWorkerServices\",\"wdi5\"]"}]}
RESULT: {"script":"<script> [2342 bytes]","args":[{"protocol":"http","hostname":"0.0.0.0","path":"/","capabilities":{"browserName":"chrome","goog:chromeOptions":{"binary":"C:\\Program Files\\Google\\Chrome\\Application\\chrome.exe","args":["--start-maximized"]}},"logLevel":"warn","connectionRetryTimeout":120000,"connectionRetryCount":3,"logLevels":{},"enableDirectConnect":true,"strictSSL":true,"_":"65 more keys: [\"cacheDir\",\"port\",\"requestedCapabilities\",\"automationProtocol\",\"baseUrl\",\"waitforInterval\",\"waitforTimeout\",\"onReload\",\"beforeCommand\",\"afterCommand\",\"rootDir\",\"specs\",\"suites\",\"exclude\",\"groupLogsByTestSpec\",\"excludeDriverLogs\",\"bail\",\"framework\",\"reporters\",\"services\",\"maxInstances\",\"maxInstancesPerCapability\",\"injectGlobals\",\"filesToWatch\",\"execArgv\",\"runnerEnv\",\"runner\",\"shard\",\"specFileRetries\",\"specFileRetriesDelay\",\"specFileRetriesDeferred\",\"reporterSyncInterval\",\"reporterSyncTimeout\",\"cucumberFeaturesWithLineNumbers\",\"autoCompileOpts\",\"mochaOpts\",\"jasmineOpts\",\"cucumberOpts\",\"onPrepare\",\"onWorkerStart\",\"onWorkerEnd\",\"before\",\"beforeSession\",\"beforeSuite\",\"beforeHook\",\"beforeTest\",\"afterTest\",\"afterHook\",\"afterSuite\",\"afterSession\",\"after\",\"onComplete\",\"beforeAssertion\",\"afterAssertion\",\"beforeFeature\",\"beforeScenario\",\"beforeStep\",\"afterStep\",\"afterScenario\",\"afterFeature\",\"_\",\"suite\",\"$0\",\"ignoredWorkerServices\",\"wdi5\"]"}]}
COMMAND: POST /session/16f78b01815a2e3a707cc501cb0afb21/execute/async - {"script":"<script> [21126 bytes]","args":[35000]}
RESULT: {"script":"<script> [21126 bytes]","args":[35000]}
COMMAND: POST /session/16f78b01815a2e3a707cc501cb0afb21/execute/async - {"script":"<script> [1562 bytes]","args":[{"selector":{"controlType":"sap.m.GenericTile","properties":{"header":"Manage Partners"}},"wdio_ui5_key":"sapm.GenericTile{\"header\":\"Manage Partners\"}"}]}
RESULT: {"script":"<script> [1562 bytes]","args":[{"selector":{"controlType":"sap.m.GenericTile","properties":{"header":"Manage Partners"}},"wdio_ui5_key":"sapm.GenericTile{\"header\":\"Manage Partners\"}"}]}
RESULT: undefined
COMMAND: POST /session/16f78b01815a2e3a707cc501cb0afb21/element - {"using":"xpath","value":"//*[@id=\"__tile38\"]"}
RESULT: {"using":"xpath","value":"//*[@id=\"__tile38\"]"}
COMMAND: POST /session/16f78b01815a2e3a707cc501cb0afb21/element/f.2B12B0EA68CDE32E3DD19BB79ABA46A3.d.5163B1E5E10D1BA86021EF2E298B50F2.e.11312/click - {}
RESULT: {}
COMMAND: GET /session/16f78b01815a2e3a707cc501cb0afb21/screenshot - {}
RESULT: {}
COMMAND: POST /session/16f78b01815a2e3a707cc501cb0afb21/elements - {"using":"xpath","value":"//span[text()='Error']"}
RESULT: {"using":"xpath","value":"//span[text()='Error']"}
COMMAND: POST /session/16f78b01815a2e3a707cc501cb0afb21/execute/async - {"script":"<script> [1562 bytes]","args":[{"selector":{"controlType":"sap.ui.core.Icon","viewName":"etm.portal.ui.managepartners.view.Master","viewId":"application-managepartners-display-component---masterPtm","properties":{"src":{"regex":{"source":"add"}}}},"wdio_ui5_key":"etmportal.ui.managepartners.view.Mastersap.ui.core.Icon{\"src\":{\"regex\":{\"source\":\"add\"}}}"}]}
RESULT: {"script":"<script> [1562 bytes]","args":[{"selector":{"controlType":"sap.ui.core.Icon","viewName":"etm.portal.ui.managepartners.view.Master","viewId":"application-managepartners-display-component---masterPtm","properties":{"src":{"regex":{"source":"add"}}}},"wdio_ui5_key":"etmportal.ui.managepartners.view.Mastersap.ui.core.Icon{\"src\":{\"regex\":{\"source\":\"add\"}}}"}]}
RESULT: undefined
COMMAND: POST /session/16f78b01815a2e3a707cc501cb0afb21/element - {"using":"xpath","value":"//*[@id=\"__button4-img\"]"}
RESULT: {"using":"xpath","value":"//*[@id=\"__button4-img\"]"}
COMMAND: POST /session/16f78b01815a2e3a707cc501cb0afb21/element/f.2B12B0EA68CDE32E3DD19BB79ABA46A3.d.5163B1E5E10D1BA86021EF2E298B50F2.e.11361/click - {}
RESULT: {}
COMMAND: GET /session/16f78b01815a2e3a707cc501cb0afb21/screenshot - {}
RESULT: {}
COMMAND: POST /session/16f78b01815a2e3a707cc501cb0afb21/execute/async - {"script":"<script> [1562 bytes]","args":[{"selector":{"id":"application-managepartners-display-component---NewPartner--partnerId","interaction":{"idSuffix":"inner"}},"wdio_ui5_key":"applicationmanagepartners-display-component---NewPartner--partnerId"}]}
RESULT: {"script":"<script> [1562 bytes]","args":[{"selector":{"id":"application-managepartners-display-component---NewPartner--partnerId","interaction":{"idSuffix":"inner"}},"wdio_ui5_key":"applicationmanagepartners-display-component---NewPartner--partnerId"}]}
RESULT: undefined
COMMAND: POST /session/16f78b01815a2e3a707cc501cb0afb21/execute/async - {"script":"<script> [1562 bytes]","args":[{"selector":{"id":"application-managepartners-display-component---NewPartner--addressDetailDetailsName1","interaction":{"idSuffix":"inner"}},"wdio_ui5_key":"applicationmanagepartners-display-component---NewPartner--addressDetailDetailsName1"}]}
RESULT: {"script":"<script> [1562 bytes]","args":[{"selector":{"id":"application-managepartners-display-component---NewPartner--addressDetailDetailsName1","interaction":{"idSuffix":"inner"}},"wdio_ui5_key":"applicationmanagepartners-display-component---NewPartner--addressDetailDetailsName1"}]}
RESULT: undefined
COMMAND: POST /session/16f78b01815a2e3a707cc501cb0afb21/execute/async - {"script":"<script> [776 bytes]","args":[{"enterText":"WebdriverPartnerphel4g","selector":{"id":"application-managepartners-display-component---NewPartner--addressDetailDetailsName1","interaction":{"idSuffix":"inner"}},"clearTextFirst":true,"interactionType":"ENTER_TEXT"}]}
RESULT: {"script":"<script> [776 bytes]","args":[{"enterText":"WebdriverPartnerphel4g","selector":{"id":"application-managepartners-display-component---NewPartner--addressDetailDetailsName1","interaction":{"idSuffix":"inner"}},"clearTextFirst":true,"interactionType":"ENTER_TEXT"}]}
COMMAND: POST /session/16f78b01815a2e3a707cc501cb0afb21/execute/async - {"script":"<script> [1562 bytes]","args":[{"selector":{"id":"application-managepartners-display-component---NewPartner--addressDetailDetailsLanguage","interaction":{"idSuffix":"inner"}},"wdio_ui5_key":"applicationmanagepartners-display-component---NewPartner--addressDetailDetailsLanguage"}]}
RESULT: {"script":"<script> [1562 bytes]","args":[{"selector":{"id":"application-managepartners-display-component---NewPartner--addressDetailDetailsLanguage","interaction":{"idSuffix":"inner"}},"wdio_ui5_key":"applicationmanagepartners-display-component---NewPartner--addressDetailDetailsLanguage"}]}
RESULT: undefined
COMMAND: POST /session/16f78b01815a2e3a707cc501cb0afb21/execute/async - {"script":"<script> [776 bytes]","args":[{"enterText":"Romanian","selector":{"id":"application-managepartners-display-component---NewPartner--addressDetailDetailsLanguage","interaction":{"idSuffix":"inner"}},"clearTextFirst":true,"interactionType":"ENTER_TEXT"}]}
RESULT: {"script":"<script> [776 bytes]","args":[{"enterText":"Romanian","selector":{"id":"application-managepartners-display-component---NewPartner--addressDetailDetailsLanguage","interaction":{"idSuffix":"inner"}},"clearTextFirst":true,"interactionType":"ENTER_TEXT"}]}
COMMAND: POST /session/16f78b01815a2e3a707cc501cb0afb21/element - {"using":"xpath","value":"//input[contains(@id ,\"application-managepartners-display-component---NewPartner--addressDetailDetailsName1-inner\")]"}
RESULT: {"using":"xpath","value":"//input[contains(@id ,\"application-managepartners-display-component---NewPartner--addressDetailDetailsName1-inner\")]"}
COMMAND: GET /session/16f78b01815a2e3a707cc501cb0afb21/element/f.2B12B0EA68CDE32E3DD19BB79ABA46A3.d.5163B1E5E10D1BA86021EF2E298B50F2.e.11543/property/value - {}
RESULT: {}
COMMAND: POST /session/16f78b01815a2e3a707cc501cb0afb21/execute/async - {"script":"<script> [1562 bytes]","args":[{"selector":{"id":"application-managepartners-display-component---NewPartner--addressDetailDetailsCity1","interaction":{"idSuffix":"inner"}},"wdio_ui5_key":"applicationmanagepartners-display-component---NewPartner--addressDetailDetailsCity1"}]}
COMMAND: GET /session/16f78b01815a2e3a707cc501cb0afb21/screenshot - {}
RESULT: {"script":"<script> [1562 bytes]","args":[{"selector":{"id":"application-managepartners-display-component---NewPartner--addressDetailDetailsCity1","interaction":{"idSuffix":"inner"}},"wdio_ui5_key":"applicationmanagepartners-display-component---NewPartner--addressDetailDetailsCity1"}]}
RESULT: undefined
COMMAND: POST /session/16f78b01815a2e3a707cc501cb0afb21/execute/async - {"script":"<script> [776 bytes]","args":[{"enterText":"Bucharest","selector":{"id":"application-managepartners-display-component---NewPartner--addressDetailDetailsCity1","interaction":{"idSuffix":"inner"}},"clearTextFirst":true,"interactionType":"ENTER_TEXT"}]}
RESULT: {}
RESULT: {"script":"<script> [776 bytes]","args":[{"enterText":"Bucharest","selector":{"id":"application-managepartners-display-component---NewPartner--addressDetailDetailsCity1","interaction":{"idSuffix":"inner"}},"clearTextFirst":true,"interactionType":"ENTER_TEXT"}]}
COMMAND: POST /session/16f78b01815a2e3a707cc501cb0afb21/execute/async - {"script":"<script> [1562 bytes]","args":[{"selector":{"id":"application-managepartners-display-component---NewPartner--addressDetailDetailsCountry","interaction":{"idSuffix":"inner"}},"wdio_ui5_key":"applicationmanagepartners-display-component---NewPartner--addressDetailDetailsCountry"}]}
RESULT: {"script":"<script> [1562 bytes]","args":[{"selector":{"id":"application-managepartners-display-component---NewPartner--addressDetailDetailsCountry","interaction":{"idSuffix":"inner"}},"wdio_ui5_key":"applicationmanagepartners-display-component---NewPartner--addressDetailDetailsCountry"}]}
RESULT: undefined
COMMAND: POST /session/16f78b01815a2e3a707cc501cb0afb21/execute/async - {"script":"<script> [6424 bytes]","args":[{"element-6066-11e4-a52e-4f735466cecf":"f.2B12B0EA68CDE32E3DD19BB79ABA46A3.d.5163B1E5E10D1BA86021EF2E298B50F2.e.11550"},"setValue",["Romania"]]}
RESULT: {"script":"<script> [6424 bytes]","args":[{"element-6066-11e4-a52e-4f735466cecf":"f.2B12B0EA68CDE32E3DD19BB79ABA46A3.d.5163B1E5E10D1BA86021EF2E298B50F2.e.11550"},"setValue",["Romania"]]}
COMMAND: POST /session/16f78b01815a2e3a707cc501cb0afb21/execute/async - {"script":"<script> [1562 bytes]","args":[{"selector":{"id":"application-managepartners-display-component---NewPartner--partnerDetailInternal","interaction":{"idSuffix":"inner"}},"wdio_ui5_key":"applicationmanagepartners-display-component---NewPartner--partnerDetailInternal"}]}
RESULT: {"script":"<script> [1562 bytes]","args":[{"selector":{"id":"application-managepartners-display-component---NewPartner--partnerDetailInternal","interaction":{"idSuffix":"inner"}},"wdio_ui5_key":"applicationmanagepartners-display-component---NewPartner--partnerDetailInternal"}]}
RESULT: undefined
COMMAND: POST /session/16f78b01815a2e3a707cc501cb0afb21/execute/async - {"script":"<script> [776 bytes]","args":[{"enterText":"External partner","selector":{"id":"application-managepartners-display-component---NewPartner--partnerDetailInternal","interaction":{"idSuffix":"inner"}},"clearTextFirst":true,"interactionType":"ENTER_TEXT"}]}
RESULT: {"script":"<script> [776 bytes]","args":[{"enterText":"External partner","selector":{"id":"application-managepartners-display-component---NewPartner--partnerDetailInternal","interaction":{"idSuffix":"inner"}},"clearTextFirst":true,"interactionType":"ENTER_TEXT"}]}
COMMAND: POST /session/16f78b01815a2e3a707cc501cb0afb21/execute/async - {"script":"<script> [1562 bytes]","args":[{"selector":{"id":"application-managepartners-display-component---NewPartner--partnerDetailsCurrency","interaction":{"idSuffix":"inner"}},"wdio_ui5_key":"applicationmanagepartners-display-component---NewPartner--partnerDetailsCurrency"}]}
RESULT: {"script":"<script> [1562 bytes]","args":[{"selector":{"id":"application-managepartners-display-component---NewPartner--partnerDetailsCurrency","interaction":{"idSuffix":"inner"}},"wdio_ui5_key":"applicationmanagepartners-display-component---NewPartner--partnerDetailsCurrency"}]}
RESULT: undefined
COMMAND: POST /session/16f78b01815a2e3a707cc501cb0afb21/execute/async - {"script":"<script> [776 bytes]","args":[{"enterText":"Euro","selector":{"id":"application-managepartners-display-component---NewPartner--partnerDetailsCurrency","interaction":{"idSuffix":"inner"}},"clearTextFirst":true,"interactionType":"ENTER_TEXT"}]}
RESULT: {"script":"<script> [776 bytes]","args":[{"enterText":"Euro","selector":{"id":"application-managepartners-display-component---NewPartner--partnerDetailsCurrency","interaction":{"idSuffix":"inner"}},"clearTextFirst":true,"interactionType":"ENTER_TEXT"}]}
COMMAND: POST /session/16f78b01815a2e3a707cc501cb0afb21/execute/async - {"script":"<script> [1562 bytes]","args":[{"selector":{"controlType":"sap.m.Button","viewName":"etm.portal.ui.managepartners.view.NewPartner","viewId":"application-managepartners-display-component---NewPartner","properties":{"text":"Commercial"},"interaction":{"idSuffix":"BDI-content"}},"wdio_ui5_key":"etmportal.ui.managepartners.view.NewPartnersap.m.Button{\"text\":\"Commercial\"}"}]}
RESULT: {"script":"<script> [1562 bytes]","args":[{"selector":{"controlType":"sap.m.Button","viewName":"etm.portal.ui.managepartners.view.NewPartner","viewId":"application-managepartners-display-component---NewPartner","properties":{"text":"Commercial"},"interaction":{"idSuffix":"BDI-content"}},"wdio_ui5_key":"etmportal.ui.managepartners.view.NewPartnersap.m.Button{\"text\":\"Commercial\"}"}]}
RESULT: undefined
COMMAND: POST /session/16f78b01815a2e3a707cc501cb0afb21/element - {"using":"xpath","value":"//*[@id=\"application-managepartners-display-component---NewPartner--ObjectPageLayout-anchBar-__section5-anchor\"]"}
RESULT: {"using":"xpath","value":"//*[@id=\"application-managepartners-display-component---NewPartner--ObjectPageLayout-anchBar-__section5-anchor\"]"}
COMMAND: POST /session/16f78b01815a2e3a707cc501cb0afb21/element/f.2B12B0EA68CDE32E3DD19BB79ABA46A3.d.5163B1E5E10D1BA86021EF2E298B50F2.e.11790/click - {}
RESULT: {}
COMMAND: GET /session/16f78b01815a2e3a707cc501cb0afb21/screenshot - {}
RESULT: {}
COMMAND: POST /session/16f78b01815a2e3a707cc501cb0afb21/execute/async - {"script":"<script> [1562 bytes]","args":[{"selector":{"id":"application-managepartners-display-component---NewPartner--btnAddTableRow-img"},"wdio_ui5_key":"applicationmanagepartners-display-component---NewPartner--btnAddTableRow-img"}]}
RESULT: {"script":"<script> [1562 bytes]","args":[{"selector":{"id":"application-managepartners-display-component---NewPartner--btnAddTableRow-img"},"wdio_ui5_key":"applicationmanagepartners-display-component---NewPartner--btnAddTableRow-img"}]}
RESULT: undefined
COMMAND: POST /session/16f78b01815a2e3a707cc501cb0afb21/element - {"using":"xpath","value":"//*[@id=\"application-managepartners-display-component---NewPartner--btnAddTableRow-img\"]"}
RESULT: {"using":"xpath","value":"//*[@id=\"application-managepartners-display-component---NewPartner--btnAddTableRow-img\"]"}
COMMAND: POST /session/16f78b01815a2e3a707cc501cb0afb21/element/f.2B12B0EA68CDE32E3DD19BB79ABA46A3.d.5163B1E5E10D1BA86021EF2E298B50F2.e.11798/click - {}
RESULT: {}
COMMAND: POST /session/16f78b01815a2e3a707cc501cb0afb21/element - {"using":"xpath","value":"//input[contains(@id ,\"application-managepartners-display-component---NewPartner--assignmentYard-application-managepartners-display-component---NewPartner\")]"}
COMMAND: GET /session/16f78b01815a2e3a707cc501cb0afb21/screenshot - {}
RESULT: {"using":"xpath","value":"//input[contains(@id ,\"application-managepartners-display-component---NewPartner--assignmentYard-application-managepartners-display-component---NewPartner\")]"}
COMMAND: POST /session/16f78b01815a2e3a707cc501cb0afb21/element/f.2B12B0EA68CDE32E3DD19BB79ABA46A3.d.5163B1E5E10D1BA86021EF2E298B50F2.e.11801/clear - {}
RESULT: {}
RESULT: {}
COMMAND: POST /session/16f78b01815a2e3a707cc501cb0afb21/element/f.2B12B0EA68CDE32E3DD19BB79ABA46A3.d.5163B1E5E10D1BA86021EF2E298B50F2.e.11801/value - {"text":"WebdriverYardsx936l"}
COMMAND: GET /session/16f78b01815a2e3a707cc501cb0afb21/screenshot - {}
RESULT: {"text":"WebdriverYardsx936l"}
COMMAND: GET /session/16f78b01815a2e3a707cc501cb0afb21/screenshot - {}
RESULT: {}
RESULT: {}
COMMAND: POST /session/16f78b01815a2e3a707cc501cb0afb21/execute/async - {"script":"<script> [1562 bytes]","args":[{"selector":{"controlType":"sap.m.Button","viewName":"etm.portal.ui.managepartners.view.NewPartner","viewId":"application-managepartners-display-component---NewPartner","i18NText":{"propertyName":"text","key":"save"},"interaction":{"idSuffix":"BDI-content"}},"wdio_ui5_key":"etmportal.ui.managepartners.view.NewPartnersap.m.Button{\"propertyName\":\"text\",\"key\":\"save\"}"}]}
RESULT: {"script":"<script> [1562 bytes]","args":[{"selector":{"controlType":"sap.m.Button","viewName":"etm.portal.ui.managepartners.view.NewPartner","viewId":"application-managepartners-display-component---NewPartner","i18NText":{"propertyName":"text","key":"save"},"interaction":{"idSuffix":"BDI-content"}},"wdio_ui5_key":"etmportal.ui.managepartners.view.NewPartnersap.m.Button{\"propertyName\":\"text\",\"key\":\"save\"}"}]}
RESULT: undefined
COMMAND: POST /session/16f78b01815a2e3a707cc501cb0afb21/element - {"using":"xpath","value":"//*[@id=\"__button12\"]"}
RESULT: {"using":"xpath","value":"//*[@id=\"__button12\"]"}
COMMAND: POST /session/16f78b01815a2e3a707cc501cb0afb21/element/f.2B12B0EA68CDE32E3DD19BB79ABA46A3.d.5163B1E5E10D1BA86021EF2E298B50F2.e.11730/click - {}
RESULT: {}
COMMAND: GET /session/16f78b01815a2e3a707cc501cb0afb21/screenshot - {}
RESULT: {}
COMMAND: POST /session/16f78b01815a2e3a707cc501cb0afb21/element - {"using":"xpath","value":"//header/div/div[2]/div[2]/span"}
RESULT: {"using":"xpath","value":"//header/div/div[2]/div[2]/span"}
COMMAND: GET /session/16f78b01815a2e3a707cc501cb0afb21/element/f.2B12B0EA68CDE32E3DD19BB79ABA46A3.d.5163B1E5E10D1BA86021EF2E298B50F2.e.11973/text - {}
RESULT: {}
COMMAND: POST /session/16f78b01815a2e3a707cc501cb0afb21/element - {"using":"xpath","value":"//header/div/div/div/div/div/div[2]/div/span"}
RESULT: {"using":"xpath","value":"//header/div/div/div/div/div/div[2]/div/span"}
COMMAND: GET /session/16f78b01815a2e3a707cc501cb0afb21/element/f.2B12B0EA68CDE32E3DD19BB79ABA46A3.d.5163B1E5E10D1BA86021EF2E298B50F2.e.11974/text - {}
RESULT: {}
COMMAND: POST /session/16f78b01815a2e3a707cc501cb0afb21/execute/async - {"script":"<script> [1562 bytes]","args":[{"selector":{"id":"application-managepartners-display-component---detailPtm--partnerType"},"wdio_ui5_key":"applicationmanagepartners-display-component---detailPtm--partnerType"}]}
RESULT: {"script":"<script> [1562 bytes]","args":[{"selector":{"id":"application-managepartners-display-component---detailPtm--partnerType"},"wdio_ui5_key":"applicationmanagepartners-display-component---detailPtm--partnerType"}]}
RESULT: undefined
COMMAND: POST /session/16f78b01815a2e3a707cc501cb0afb21/execute/async - {"script":"<script> [6424 bytes]","args":[{"element-6066-11e4-a52e-4f735466cecf":"f.2B12B0EA68CDE32E3DD19BB79ABA46A3.d.5163B1E5E10D1BA86021EF2E298B50F2.e.11975"},"getText",[]]}
RESULT: {"script":"<script> [6424 bytes]","args":[{"element-6066-11e4-a52e-4f735466cecf":"f.2B12B0EA68CDE32E3DD19BB79ABA46A3.d.5163B1E5E10D1BA86021EF2E298B50F2.e.11975"},"getText",[]]}
COMMAND: POST /session/16f78b01815a2e3a707cc501cb0afb21/element - {"using":"css selector","value":"#shell-header-logo"}
RESULT: {"using":"css selector","value":"#shell-header-logo"}
COMMAND: POST /session/16f78b01815a2e3a707cc501cb0afb21/element/f.2B12B0EA68CDE32E3DD19BB79ABA46A3.d.5163B1E5E10D1BA86021EF2E298B50F2.e.11313/click - {}
RESULT: {}
COMMAND: GET /session/16f78b01815a2e3a707cc501cb0afb21/screenshot - {}
RESULT: {}
COMMAND: POST /session/16f78b01815a2e3a707cc501cb0afb21/execute/async - {"script":"<script> [1562 bytes]","args":[{"selector":{"controlType":"sap.m.GenericTile","properties":{"header":"Manage Sites"}},"wdio_ui5_key":"sapm.GenericTile{\"header\":\"Manage Sites\"}"}]}
RESULT: {"script":"<script> [1562 bytes]","args":[{"selector":{"controlType":"sap.m.GenericTile","properties":{"header":"Manage Sites"}},"wdio_ui5_key":"sapm.GenericTile{\"header\":\"Manage Sites\"}"}]}
RESULT: undefined
COMMAND: POST /session/16f78b01815a2e3a707cc501cb0afb21/element - {"using":"xpath","value":"//*[@id=\"__tile40\"]"}
RESULT: {"using":"xpath","value":"//*[@id=\"__tile40\"]"}
COMMAND: POST /session/16f78b01815a2e3a707cc501cb0afb21/element/f.2B12B0EA68CDE32E3DD19BB79ABA46A3.d.5163B1E5E10D1BA86021EF2E298B50F2.e.11977/click - {}
RESULT: {}
COMMAND: GET /session/16f78b01815a2e3a707cc501cb0afb21/screenshot - {}
RESULT: {}
COMMAND: POST /session/16f78b01815a2e3a707cc501cb0afb21/elements - {"using":"xpath","value":"//span[text()='Error']"}
RESULT: {"using":"xpath","value":"//span[text()='Error']"}
COMMAND: POST /session/16f78b01815a2e3a707cc501cb0afb21/execute/async - {"script":"<script> [1562 bytes]","args":[{"selector":{"controlType":"sap.ui.core.Icon","viewName":"etm.portal.ui.managesites.view.Master","viewId":"application-managesites-display-component---masterSite","properties":{"src":{"regex":{"source":"add"}}}},"wdio_ui5_key":"etmportal.ui.managesites.view.Mastersap.ui.core.Icon{\"src\":{\"regex\":{\"source\":\"add\"}}}"}]}
RESULT: {"script":"<script> [1562 bytes]","args":[{"selector":{"controlType":"sap.ui.core.Icon","viewName":"etm.portal.ui.managesites.view.Master","viewId":"application-managesites-display-component---masterSite","properties":{"src":{"regex":{"source":"add"}}}},"wdio_ui5_key":"etmportal.ui.managesites.view.Mastersap.ui.core.Icon{\"src\":{\"regex\":{\"source\":\"add\"}}}"}]}
RESULT: undefined
COMMAND: POST /session/16f78b01815a2e3a707cc501cb0afb21/element - {"using":"xpath","value":"//*[@id=\"__button48-img\"]"}
RESULT: {"using":"xpath","value":"//*[@id=\"__button48-img\"]"}
COMMAND: POST /session/16f78b01815a2e3a707cc501cb0afb21/element/f.2B12B0EA68CDE32E3DD19BB79ABA46A3.d.5163B1E5E10D1BA86021EF2E298B50F2.e.12027/click - {}
RESULT: {}
COMMAND: POST /session/16f78b01815a2e3a707cc501cb0afb21/execute/async - {"script":"<script> [1562 bytes]","args":[{"selector":{"id":"application-managesites-display-component---NewSite--siteId","interaction":{"idSuffix":"inner"}},"wdio_ui5_key":"applicationmanagesites-display-component---NewSite--siteId"}]}
COMMAND: GET /session/16f78b01815a2e3a707cc501cb0afb21/screenshot - {}
RESULT: {"script":"<script> [1562 bytes]","args":[{"selector":{"id":"application-managesites-display-component---NewSite--siteId","interaction":{"idSuffix":"inner"}},"wdio_ui5_key":"applicationmanagesites-display-component---NewSite--siteId"}]}
RESULT: undefined
COMMAND: POST /session/16f78b01815a2e3a707cc501cb0afb21/execute/async - {"script":"<script> [1562 bytes]","args":[{"selector":{"id":"application-managesites-display-component---NewSite--addressDetailDetailsName1","interaction":{"idSuffix":"inner"}},"wdio_ui5_key":"applicationmanagesites-display-component---NewSite--addressDetailDetailsName1"}]}
RESULT: {}
RESULT: {"script":"<script> [1562 bytes]","args":[{"selector":{"id":"application-managesites-display-component---NewSite--addressDetailDetailsName1","interaction":{"idSuffix":"inner"}},"wdio_ui5_key":"applicationmanagesites-display-component---NewSite--addressDetailDetailsName1"}]}
RESULT: undefined
COMMAND: POST /session/16f78b01815a2e3a707cc501cb0afb21/execute/async - {"script":"<script> [776 bytes]","args":[{"enterText":"WebdriverSitebtucr","selector":{"id":"application-managesites-display-component---NewSite--addressDetailDetailsName1","interaction":{"idSuffix":"inner"}},"clearTextFirst":true,"interactionType":"ENTER_TEXT"}]}
RESULT: {"script":"<script> [776 bytes]","args":[{"enterText":"WebdriverSitebtucr","selector":{"id":"application-managesites-display-component---NewSite--addressDetailDetailsName1","interaction":{"idSuffix":"inner"}},"clearTextFirst":true,"interactionType":"ENTER_TEXT"}]}
COMMAND: POST /session/16f78b01815a2e3a707cc501cb0afb21/execute/async - {"script":"<script> [1562 bytes]","args":[{"selector":{"id":"application-managesites-display-component---NewSite--addressDetailDetailsLanguage","interaction":{"idSuffix":"inner"}},"wdio_ui5_key":"applicationmanagesites-display-component---NewSite--addressDetailDetailsLanguage"}]}
RESULT: {"script":"<script> [1562 bytes]","args":[{"selector":{"id":"application-managesites-display-component---NewSite--addressDetailDetailsLanguage","interaction":{"idSuffix":"inner"}},"wdio_ui5_key":"applicationmanagesites-display-component---NewSite--addressDetailDetailsLanguage"}]}
RESULT: undefined
COMMAND: POST /session/16f78b01815a2e3a707cc501cb0afb21/execute/async - {"script":"<script> [776 bytes]","args":[{"enterText":"Romanian","selector":{"id":"application-managesites-display-component---NewSite--addressDetailDetailsLanguage","interaction":{"idSuffix":"inner"}},"clearTextFirst":true,"interactionType":"ENTER_TEXT"}]}
RESULT: {"script":"<script> [776 bytes]","args":[{"enterText":"Romanian","selector":{"id":"application-managesites-display-component---NewSite--addressDetailDetailsLanguage","interaction":{"idSuffix":"inner"}},"clearTextFirst":true,"interactionType":"ENTER_TEXT"}]}
COMMAND: POST /session/16f78b01815a2e3a707cc501cb0afb21/execute/async - {"script":"<script> [1562 bytes]","args":[{"selector":{"id":"application-managesites-display-component---NewSite--addressDetailDetailsCity1","interaction":{"idSuffix":"inner"}},"wdio_ui5_key":"applicationmanagesites-display-component---NewSite--addressDetailDetailsCity1"}]}
RESULT: {"script":"<script> [1562 bytes]","args":[{"selector":{"id":"application-managesites-display-component---NewSite--addressDetailDetailsCity1","interaction":{"idSuffix":"inner"}},"wdio_ui5_key":"applicationmanagesites-display-component---NewSite--addressDetailDetailsCity1"}]}
RESULT: undefined
COMMAND: POST /session/16f78b01815a2e3a707cc501cb0afb21/execute/async - {"script":"<script> [776 bytes]","args":[{"enterText":"Bucharest","selector":{"id":"application-managesites-display-component---NewSite--addressDetailDetailsCity1","interaction":{"idSuffix":"inner"}},"clearTextFirst":true,"interactionType":"ENTER_TEXT"}]}
RESULT: {"script":"<script> [776 bytes]","args":[{"enterText":"Bucharest","selector":{"id":"application-managesites-display-component---NewSite--addressDetailDetailsCity1","interaction":{"idSuffix":"inner"}},"clearTextFirst":true,"interactionType":"ENTER_TEXT"}]}
COMMAND: POST /session/16f78b01815a2e3a707cc501cb0afb21/execute/async - {"script":"<script> [1562 bytes]","args":[{"selector":{"id":"application-managesites-display-component---NewSite--addressDetailDetailsCountry","interaction":{"idSuffix":"inner"}},"wdio_ui5_key":"applicationmanagesites-display-component---NewSite--addressDetailDetailsCountry"}]}
RESULT: {"script":"<script> [1562 bytes]","args":[{"selector":{"id":"application-managesites-display-component---NewSite--addressDetailDetailsCountry","interaction":{"idSuffix":"inner"}},"wdio_ui5_key":"applicationmanagesites-display-component---NewSite--addressDetailDetailsCountry"}]}
RESULT: undefined
COMMAND: POST /session/16f78b01815a2e3a707cc501cb0afb21/execute/async - {"script":"<script> [776 bytes]","args":[{"enterText":"Romania","selector":{"id":"application-managesites-display-component---NewSite--addressDetailDetailsCountry","interaction":{"idSuffix":"inner"}},"clearTextFirst":true,"interactionType":"ENTER_TEXT"}]}
RESULT: {"script":"<script> [776 bytes]","args":[{"enterText":"Romania","selector":{"id":"application-managesites-display-component---NewSite--addressDetailDetailsCountry","interaction":{"idSuffix":"inner"}},"clearTextFirst":true,"interactionType":"ENTER_TEXT"}]}
COMMAND: POST /session/16f78b01815a2e3a707cc501cb0afb21/element - {"using":"css selector","value":"#application-managesites-display-component---NewSite--addressDetailDetailsCalendar-inner"}
RESULT: {"using":"css selector","value":"#application-managesites-display-component---NewSite--addressDetailDetailsCalendar-inner"}
COMMAND: POST /session/16f78b01815a2e3a707cc501cb0afb21/element/f.2B12B0EA68CDE32E3DD19BB79ABA46A3.d.5163B1E5E10D1BA86021EF2E298B50F2.e.12224/clear - {}
RESULT: {}
COMMAND: POST /session/16f78b01815a2e3a707cc501cb0afb21/element/f.2B12B0EA68CDE32E3DD19BB79ABA46A3.d.5163B1E5E10D1BA86021EF2E298B50F2.e.12224/value - {"text":"Germany"}
COMMAND: GET /session/16f78b01815a2e3a707cc501cb0afb21/screenshot - {}
RESULT: {"text":"Germany"}
COMMAND: POST /session/16f78b01815a2e3a707cc501cb0afb21/execute/async - {"script":"<script> [1562 bytes]","args":[{"selector":{"id":"application-managesites-display-component---NewSite--addressEditDetailsCostObjectCstType-arrow"},"wdio_ui5_key":"applicationmanagesites-display-component---NewSite--addressEditDetailsCostObjectCstType-arrow"}]}
COMMAND: GET /session/16f78b01815a2e3a707cc501cb0afb21/screenshot - {}
RESULT: {}
RESULT: {"script":"<script> [1562 bytes]","args":[{"selector":{"id":"application-managesites-display-component---NewSite--addressEditDetailsCostObjectCstType-arrow"},"wdio_ui5_key":"applicationmanagesites-display-component---NewSite--addressEditDetailsCostObjectCstType-arrow"}]}
RESULT: undefined
COMMAND: POST /session/16f78b01815a2e3a707cc501cb0afb21/element - {"using":"xpath","value":"//*[@id=\"application-managesites-display-component---NewSite--addressEditDetailsCostObjectCstType-arrow\"]"}
RESULT: {}
RESULT: {"using":"xpath","value":"//*[@id=\"application-managesites-display-component---NewSite--addressEditDetailsCostObjectCstType-arrow\"]"}
COMMAND: POST /session/16f78b01815a2e3a707cc501cb0afb21/element/f.2B12B0EA68CDE32E3DD19BB79ABA46A3.d.5163B1E5E10D1BA86021EF2E298B50F2.e.12420/click - {}
RESULT: {}
COMMAND: POST /session/16f78b01815a2e3a707cc501cb0afb21/element - {"using":"xpath","value":"//span[contains(text(), \"Work Breakdown Structure\")]"}
COMMAND: GET /session/16f78b01815a2e3a707cc501cb0afb21/screenshot - {}
RESULT: {"using":"xpath","value":"//span[contains(text(), \"Work Breakdown Structure\")]"}
COMMAND: POST /session/16f78b01815a2e3a707cc501cb0afb21/element/f.2B12B0EA68CDE32E3DD19BB79ABA46A3.d.5163B1E5E10D1BA86021EF2E298B50F2.e.12421/click - {}
RESULT: {}
RESULT: {}
COMMAND: GET /session/16f78b01815a2e3a707cc501cb0afb21/screenshot - {}
RESULT: {}
COMMAND: POST /session/16f78b01815a2e3a707cc501cb0afb21/execute/async - {"script":"<script> [1562 bytes]","args":[{"selector":{"id":"application-managesites-display-component---NewSite--addressNewCostObjectCstID-vhi"},"wdio_ui5_key":"applicationmanagesites-display-component---NewSite--addressNewCostObjectCstID-vhi"}]}
RESULT: {"script":"<script> [1562 bytes]","args":[{"selector":{"id":"application-managesites-display-component---NewSite--addressNewCostObjectCstID-vhi"},"wdio_ui5_key":"applicationmanagesites-display-component---NewSite--addressNewCostObjectCstID-vhi"}]}
RESULT: undefined
COMMAND: POST /session/16f78b01815a2e3a707cc501cb0afb21/element - {"using":"xpath","value":"//*[@id=\"application-managesites-display-component---NewSite--addressNewCostObjectCstID-vhi\"]"}
RESULT: {"using":"xpath","value":"//*[@id=\"application-managesites-display-component---NewSite--addressNewCostObjectCstID-vhi\"]"}
COMMAND: POST /session/16f78b01815a2e3a707cc501cb0afb21/element/f.2B12B0EA68CDE32E3DD19BB79ABA46A3.d.5163B1E5E10D1BA86021EF2E298B50F2.e.12425/click - {}
RESULT: {}
COMMAND: GET /session/16f78b01815a2e3a707cc501cb0afb21/screenshot - {}
RESULT: {}
COMMAND: POST /session/16f78b01815a2e3a707cc501cb0afb21/execute/async - {"script":"<script> [1562 bytes]","args":[{"selector":{"controlType":"sap.m.SearchField","properties":{"placeholder":"Search"},"searchOpenDialogs":true,"interaction":{"idSuffix":"I"}},"wdio_ui5_key":"sapm.SearchField{\"placeholder\":\"Search\"}"}]}
RESULT: {"script":"<script> [1562 bytes]","args":[{"selector":{"controlType":"sap.m.SearchField","properties":{"placeholder":"Search"},"searchOpenDialogs":true,"interaction":{"idSuffix":"I"}},"wdio_ui5_key":"sapm.SearchField{\"placeholder\":\"Search\"}"}]}
RESULT: undefined
COMMAND: POST /session/16f78b01815a2e3a707cc501cb0afb21/execute/async - {"script":"<script> [776 bytes]","args":[{"enterText":"A1-000100-01","selector":{"controlType":"sap.m.SearchField","properties":{"placeholder":"Search"},"searchOpenDialogs":true,"interaction":{"idSuffix":"I"}},"clearTextFirst":true,"interactionType":"ENTER_TEXT"}]}
RESULT: {"script":"<script> [776 bytes]","args":[{"enterText":"A1-000100-01","selector":{"controlType":"sap.m.SearchField","properties":{"placeholder":"Search"},"searchOpenDialogs":true,"interaction":{"idSuffix":"I"}},"clearTextFirst":true,"interactionType":"ENTER_TEXT"}]}
COMMAND: POST /session/16f78b01815a2e3a707cc501cb0afb21/actions - {"actions":[{"id":"action67","type":"key","parameters":{},"actions":[{"type":"keyDown","value":"î€‡"},{"type":"pause","duration":10},{"type":"keyUp","value":"î€‡"}]}]}
RESULT: {"actions":[{"id":"action67","type":"key","parameters":{},"actions":[{"type":"keyDown","value":"î€‡"},{"type":"pause","duration":10},{"type":"keyUp","value":"î€‡"}]}]}
COMMAND: GET /session/16f78b01815a2e3a707cc501cb0afb21/screenshot - {}
RESULT: {}
COMMAND: POST /session/16f78b01815a2e3a707cc501cb0afb21/element - {"using":"xpath","value":"//span[contains(text(), \"Template for ETO-Process\")]"}
RESULT: {"using":"xpath","value":"//span[contains(text(), \"Template for ETO-Process\")]"}
COMMAND: POST /session/16f78b01815a2e3a707cc501cb0afb21/element/f.2B12B0EA68CDE32E3DD19BB79ABA46A3.d.5163B1E5E10D1BA86021EF2E298B50F2.e.12445/click - {}
RESULT: {}
COMMAND: GET /session/16f78b01815a2e3a707cc501cb0afb21/screenshot - {}
RESULT: {}
COMMAND: POST /session/16f78b01815a2e3a707cc501cb0afb21/element - {"using":"xpath","value":"//bdi[contains(text(), \"OK\")]"}
RESULT: {"using":"xpath","value":"//bdi[contains(text(), \"OK\")]"}
COMMAND: POST /session/16f78b01815a2e3a707cc501cb0afb21/element/f.2B12B0EA68CDE32E3DD19BB79ABA46A3.d.5163B1E5E10D1BA86021EF2E298B50F2.e.12446/click - {}
RESULT: {}
COMMAND: GET /session/16f78b01815a2e3a707cc501cb0afb21/screenshot - {}
RESULT: {}
COMMAND: POST /session/16f78b01815a2e3a707cc501cb0afb21/element - {"using":"xpath","value":"//input[@id=\"application-managesites-display-component---NewSite--addressDetailDetailsYard-inner\"]"}
RESULT: {"using":"xpath","value":"//input[@id=\"application-managesites-display-component---NewSite--addressDetailDetailsYard-inner\"]"}
COMMAND: POST /session/16f78b01815a2e3a707cc501cb0afb21/element/f.2B12B0EA68CDE32E3DD19BB79ABA46A3.d.5163B1E5E10D1BA86021EF2E298B50F2.e.12225/value - {"text":"WebdriverYardsx936l"}
RESULT: {"text":"WebdriverYardsx936l"}
COMMAND: GET /session/16f78b01815a2e3a707cc501cb0afb21/screenshot - {}
RESULT: {}
COMMAND: POST /session/16f78b01815a2e3a707cc501cb0afb21/actions - {"actions":[{"id":"action68","type":"key","parameters":{},"actions":[{"type":"keyDown","value":"î€‡"},{"type":"pause","duration":10},{"type":"keyUp","value":"î€‡"}]}]}
RESULT: {"actions":[{"id":"action68","type":"key","parameters":{},"actions":[{"type":"keyDown","value":"î€‡"},{"type":"pause","duration":10},{"type":"keyUp","value":"î€‡"}]}]}
COMMAND: GET /session/16f78b01815a2e3a707cc501cb0afb21/screenshot - {}
RESULT: {}
COMMAND: POST /session/16f78b01815a2e3a707cc501cb0afb21/element - {"using":"xpath","value":"//input[@id=\"application-managesites-display-component---NewSite--addressDetailDetailsPartner-inner\"]"}
RESULT: {"using":"xpath","value":"//input[@id=\"application-managesites-display-component---NewSite--addressDetailDetailsPartner-inner\"]"}
COMMAND: POST /session/16f78b01815a2e3a707cc501cb0afb21/elements - {"using":"xpath","value":"//input[@id=\"application-managesites-display-component---NewSite--addressDetailDetailsPartner-inner\"]"}
RESULT: {"using":"xpath","value":"//input[@id=\"application-managesites-display-component---NewSite--addressDetailDetailsPartner-inner\"]"}
COMMAND: POST /session/16f78b01815a2e3a707cc501cb0afb21/execute/async - {"script":"<script> [1562 bytes]","args":[{"selector":{"controlType":"sap.m.Button","viewName":"etm.portal.ui.managesites.view.NewSmartSite","viewId":"application-managesites-display-component---NewSite","properties":{"text":"Commercial"},"interaction":{"idSuffix":"BDI-content"}},"wdio_ui5_key":"etmportal.ui.managesites.view.NewSmartSitesap.m.Button{\"text\":\"Commercial\"}"}]}
RESULT: {"script":"<script> [1562 bytes]","args":[{"selector":{"controlType":"sap.m.Button","viewName":"etm.portal.ui.managesites.view.NewSmartSite","viewId":"application-managesites-display-component---NewSite","properties":{"text":"Commercial"},"interaction":{"idSuffix":"BDI-content"}},"wdio_ui5_key":"etmportal.ui.managesites.view.NewSmartSitesap.m.Button{\"text\":\"Commercial\"}"}]}
RESULT: undefined
COMMAND: POST /session/16f78b01815a2e3a707cc501cb0afb21/element - {"using":"xpath","value":"//*[@id=\"application-managesites-display-component---NewSite--ObjectPageLayout-anchBar-__section29-anchor\"]"}
RESULT: {"using":"xpath","value":"//*[@id=\"application-managesites-display-component---NewSite--ObjectPageLayout-anchBar-__section29-anchor\"]"}
COMMAND: POST /session/16f78b01815a2e3a707cc501cb0afb21/element/f.2B12B0EA68CDE32E3DD19BB79ABA46A3.d.5163B1E5E10D1BA86021EF2E298B50F2.e.12453/click - {}
RESULT: {}
COMMAND: POST /session/16f78b01815a2e3a707cc501cb0afb21/execute/async - {"script":"<script> [1562 bytes]","args":[{"selector":{"controlType":"sap.m.Button","viewName":"etm.portal.ui.managesites.view.NewSmartSite","viewId":"application-managesites-display-component---NewSite","i18NText":{"propertyName":"text","key":"save"},"interaction":{"idSuffix":"BDI-content"}},"wdio_ui5_key":"etmportal.ui.managesites.view.NewSmartSitesap.m.Button{\"propertyName\":\"text\",\"key\":\"save\"}"}]}
COMMAND: GET /session/16f78b01815a2e3a707cc501cb0afb21/screenshot - {}
RESULT: {"script":"<script> [1562 bytes]","args":[{"selector":{"controlType":"sap.m.Button","viewName":"etm.portal.ui.managesites.view.NewSmartSite","viewId":"application-managesites-display-component---NewSite","i18NText":{"propertyName":"text","key":"save"},"interaction":{"idSuffix":"BDI-content"}},"wdio_ui5_key":"etmportal.ui.managesites.view.NewSmartSitesap.m.Button{\"propertyName\":\"text\",\"key\":\"save\"}"}]}
RESULT: undefined
COMMAND: POST /session/16f78b01815a2e3a707cc501cb0afb21/element - {"using":"xpath","value":"//*[@id=\"__button60\"]"}
RESULT: {}
RESULT: {"using":"xpath","value":"//*[@id=\"__button60\"]"}
COMMAND: POST /session/16f78b01815a2e3a707cc501cb0afb21/element/f.2B12B0EA68CDE32E3DD19BB79ABA46A3.d.5163B1E5E10D1BA86021EF2E298B50F2.e.12357/click - {}
RESULT: {}
COMMAND: GET /session/16f78b01815a2e3a707cc501cb0afb21/screenshot - {}
RESULT: {}
COMMAND: POST /session/16f78b01815a2e3a707cc501cb0afb21/execute/async - {"script":"<script> [1562 bytes]","args":[{"selector":{"id":"application-managesites-display-component---detailSite--addressDetailDetailsYardText"},"wdio_ui5_key":"applicationmanagesites-display-component---detailSite--addressDetailDetailsYardText"}]}
RESULT: {"script":"<script> [1562 bytes]","args":[{"selector":{"id":"application-managesites-display-component---detailSite--addressDetailDetailsYardText"},"wdio_ui5_key":"applicationmanagesites-display-component---detailSite--addressDetailDetailsYardText"}]}
RESULT: undefined
COMMAND: POST /session/16f78b01815a2e3a707cc501cb0afb21/element - {"using":"xpath","value":"//header/div/div[2]/div[2]/span"}
RESULT: {"using":"xpath","value":"//header/div/div[2]/div[2]/span"}
COMMAND: GET /session/16f78b01815a2e3a707cc501cb0afb21/element/f.2B12B0EA68CDE32E3DD19BB79ABA46A3.d.5163B1E5E10D1BA86021EF2E298B50F2.e.12660/text - {}
RESULT: {}
COMMAND: POST /session/16f78b01815a2e3a707cc501cb0afb21/element - {"using":"xpath","value":"//header/div/div/div/div/div/div[2]/div/span"}
RESULT: {"using":"xpath","value":"//header/div/div/div/div/div/div[2]/div/span"}
COMMAND: GET /session/16f78b01815a2e3a707cc501cb0afb21/element/f.2B12B0EA68CDE32E3DD19BB79ABA46A3.d.5163B1E5E10D1BA86021EF2E298B50F2.e.12661/text - {}
RESULT: {}
COMMAND: POST /session/16f78b01815a2e3a707cc501cb0afb21/element - {"using":"css selector","value":"#shell-header-logo"}
RESULT: {"using":"css selector","value":"#shell-header-logo"}
COMMAND: POST /session/16f78b01815a2e3a707cc501cb0afb21/element/f.2B12B0EA68CDE32E3DD19BB79ABA46A3.d.5163B1E5E10D1BA86021EF2E298B50F2.e.11980/click - {}
RESULT: {}
COMMAND: GET /session/16f78b01815a2e3a707cc501cb0afb21/screenshot - {}
RESULT: {}
]]></system-out>
    </testcase>
    <testcase classname="chrome.136_0_7103_93.windows.E2E_-_Logistical_and_commercial_statuses" name="It should stock increase the resource" time="211.054">
      <system-out><![CDATA[
COMMAND: POST /session/16f78b01815a2e3a707cc501cb0afb21/execute/async - {"script":"<script> [1562 bytes]","args":[{"selector":{"controlType":"sap.m.GenericTile","properties":{"header":"Manage Resources"}},"wdio_ui5_key":"sapm.GenericTile{\"header\":\"Manage Resources\"}"}]}
RESULT: {"script":"<script> [1562 bytes]","args":[{"selector":{"controlType":"sap.m.GenericTile","properties":{"header":"Manage Resources"}},"wdio_ui5_key":"sapm.GenericTile{\"header\":\"Manage Resources\"}"}]}
RESULT: undefined
COMMAND: POST /session/16f78b01815a2e3a707cc501cb0afb21/element - {"using":"xpath","value":"//*[@id=\"__tile39\"]"}
RESULT: {"using":"xpath","value":"//*[@id=\"__tile39\"]"}
COMMAND: POST /session/16f78b01815a2e3a707cc501cb0afb21/element/f.2B12B0EA68CDE32E3DD19BB79ABA46A3.d.5163B1E5E10D1BA86021EF2E298B50F2.e.12663/click - {}
RESULT: {}
COMMAND: GET /session/16f78b01815a2e3a707cc501cb0afb21/screenshot - {}
RESULT: {}
COMMAND: POST /session/16f78b01815a2e3a707cc501cb0afb21/elements - {"using":"xpath","value":"//span[text()='Error']"}
RESULT: {"using":"xpath","value":"//span[text()='Error']"}
COMMAND: POST /session/16f78b01815a2e3a707cc501cb0afb21/element - {"using":"xpath","value":"//button[@data-kt=\"addNewRUOverflowToolbarButton\"]"}
RESULT: {"using":"xpath","value":"//button[@data-kt=\"addNewRUOverflowToolbarButton\"]"}
COMMAND: POST /session/16f78b01815a2e3a707cc501cb0afb21/execute/sync - {"script":"<script> [8489 bytes]","args":[{"element-6066-11e4-a52e-4f735466cecf":"f.2B12B0EA68CDE32E3DD19BB79ABA46A3.d.5163B1E5E10D1BA86021EF2E298B50F2.e.12704","ELEMENT":"f.2B12B0EA68CDE32E3DD19BB79ABA46A3.d.5163B1E5E10D1BA86021EF2E298B50F2.e.12704"}]}
RESULT: {"script":"<script> [8489 bytes]","args":[{"element-6066-11e4-a52e-4f735466cecf":"f.2B12B0EA68CDE32E3DD19BB79ABA46A3.d.5163B1E5E10D1BA86021EF2E298B50F2.e.12704","ELEMENT":"f.2B12B0EA68CDE32E3DD19BB79ABA46A3.d.5163B1E5E10D1BA86021EF2E298B50F2.e.12704"}]}
COMMAND: POST /session/16f78b01815a2e3a707cc501cb0afb21/element/f.2B12B0EA68CDE32E3DD19BB79ABA46A3.d.5163B1E5E10D1BA86021EF2E298B50F2.e.12704/click - {}
COMMAND: GET /session/16f78b01815a2e3a707cc501cb0afb21/screenshot - {}
RESULT: {}
COMMAND: POST /session/16f78b01815a2e3a707cc501cb0afb21/execute/async - {"script":"<script> [1562 bytes]","args":[{"selector":{"id":"application-manageresources-display-component---newResourceUnit--TYPE-arrow"},"wdio_ui5_key":"applicationmanageresources-display-component---newResourceUnit--TYPE-arrow"}]}
COMMAND: GET /session/16f78b01815a2e3a707cc501cb0afb21/screenshot - {}
RESULT: {}
RESULT: {"script":"<script> [1562 bytes]","args":[{"selector":{"id":"application-manageresources-display-component---newResourceUnit--TYPE-arrow"},"wdio_ui5_key":"applicationmanageresources-display-component---newResourceUnit--TYPE-arrow"}]}
RESULT: undefined
COMMAND: POST /session/16f78b01815a2e3a707cc501cb0afb21/element - {"using":"xpath","value":"//*[@id=\"application-manageresources-display-component---newResourceUnit--TYPE-arrow\"]"}
RESULT: {}
RESULT: {"using":"xpath","value":"//*[@id=\"application-manageresources-display-component---newResourceUnit--TYPE-arrow\"]"}
COMMAND: POST /session/16f78b01815a2e3a707cc501cb0afb21/element/f.2B12B0EA68CDE32E3DD19BB79ABA46A3.d.5163B1E5E10D1BA86021EF2E298B50F2.e.13030/click - {}
RESULT: {}
COMMAND: POST /session/16f78b01815a2e3a707cc501cb0afb21/execute/async - {"script":"<script> [1562 bytes]","args":[{"selector":{"controlType":"sap.m.StandardListItem","viewName":"reusables.view.manageresources.NewResourceUnit","viewId":"application-manageresources-display-component---newResourceUnit","properties":{"title":"Material"},"searchOpenDialogs":true,"interaction":{"idSuffix":"titleText"}},"wdio_ui5_key":"reusablesview.manageresources.NewResourceUnitsap.m.StandardListItem{\"title\":\"Material\"}"}]}
COMMAND: GET /session/16f78b01815a2e3a707cc501cb0afb21/screenshot - {}
RESULT: {"script":"<script> [1562 bytes]","args":[{"selector":{"controlType":"sap.m.StandardListItem","viewName":"reusables.view.manageresources.NewResourceUnit","viewId":"application-manageresources-display-component---newResourceUnit","properties":{"title":"Material"},"searchOpenDialogs":true,"interaction":{"idSuffix":"titleText"}},"wdio_ui5_key":"reusablesview.manageresources.NewResourceUnitsap.m.StandardListItem{\"title\":\"Material\"}"}]}
RESULT: undefined
COMMAND: POST /session/16f78b01815a2e3a707cc501cb0afb21/element - {"using":"xpath","value":"//*[@id=\"__item1132\"]"}
RESULT: {}
RESULT: {"using":"xpath","value":"//*[@id=\"__item1132\"]"}
COMMAND: POST /session/16f78b01815a2e3a707cc501cb0afb21/element/f.2B12B0EA68CDE32E3DD19BB79ABA46A3.d.5163B1E5E10D1BA86021EF2E298B50F2.e.13033/click - {}
RESULT: {}
COMMAND: POST /session/16f78b01815a2e3a707cc501cb0afb21/execute/async - {"script":"<script> [1562 bytes]","args":[{"selector":{"id":"application-manageresources-display-component---newResourceUnit--SHORT_TEXT","interaction":{"idSuffix":"inner"}},"wdio_ui5_key":"applicationmanageresources-display-component---newResourceUnit--SHORT_TEXT"}]}
COMMAND: GET /session/16f78b01815a2e3a707cc501cb0afb21/screenshot - {}
RESULT: {"script":"<script> [1562 bytes]","args":[{"selector":{"id":"application-manageresources-display-component---newResourceUnit--SHORT_TEXT","interaction":{"idSuffix":"inner"}},"wdio_ui5_key":"applicationmanageresources-display-component---newResourceUnit--SHORT_TEXT"}]}
RESULT: undefined
COMMAND: POST /session/16f78b01815a2e3a707cc501cb0afb21/execute/async - {"script":"<script> [776 bytes]","args":[{"enterText":"WebdriverRUR2Caqhhx","selector":{"id":"application-manageresources-display-component---newResourceUnit--SHORT_TEXT","interaction":{"idSuffix":"inner"}},"clearTextFirst":true,"interactionType":"ENTER_TEXT"}]}
RESULT: {}
RESULT: {"script":"<script> [776 bytes]","args":[{"enterText":"WebdriverRUR2Caqhhx","selector":{"id":"application-manageresources-display-component---newResourceUnit--SHORT_TEXT","interaction":{"idSuffix":"inner"}},"clearTextFirst":true,"interactionType":"ENTER_TEXT"}]}
COMMAND: POST /session/16f78b01815a2e3a707cc501cb0afb21/execute/async - {"script":"<script> [1562 bytes]","args":[{"selector":{"id":"application-manageresources-display-component---newResourceUnit--BASE_UNIT_OF_MEASURE-arrow"},"wdio_ui5_key":"applicationmanageresources-display-component---newResourceUnit--BASE_UNIT_OF_MEASURE-arrow"}]}
RESULT: {"script":"<script> [1562 bytes]","args":[{"selector":{"id":"application-manageresources-display-component---newResourceUnit--BASE_UNIT_OF_MEASURE-arrow"},"wdio_ui5_key":"applicationmanageresources-display-component---newResourceUnit--BASE_UNIT_OF_MEASURE-arrow"}]}
RESULT: undefined
COMMAND: POST /session/16f78b01815a2e3a707cc501cb0afb21/element - {"using":"xpath","value":"//*[@id=\"application-manageresources-display-component---newResourceUnit--BASE_UNIT_OF_MEASURE-arrow\"]"}
RESULT: {"using":"xpath","value":"//*[@id=\"application-manageresources-display-component---newResourceUnit--BASE_UNIT_OF_MEASURE-arrow\"]"}
COMMAND: POST /session/16f78b01815a2e3a707cc501cb0afb21/element/f.2B12B0EA68CDE32E3DD19BB79ABA46A3.d.5163B1E5E10D1BA86021EF2E298B50F2.e.13088/click - {}
RESULT: {}
COMMAND: POST /session/16f78b01815a2e3a707cc501cb0afb21/execute/async - {"script":"<script> [1562 bytes]","args":[{"selector":{"controlType":"sap.m.StandardListItem","viewName":"reusables.view.manageresources.NewResourceUnit","viewId":"application-manageresources-display-component---newResourceUnit","properties":{"title":"Piece"},"searchOpenDialogs":true,"interaction":{"idSuffix":"titleText"}},"wdio_ui5_key":"reusablesview.manageresources.NewResourceUnitsap.m.StandardListItem{\"title\":\"Piece\"}"}]}
COMMAND: GET /session/16f78b01815a2e3a707cc501cb0afb21/screenshot - {}
RESULT: {"script":"<script> [1562 bytes]","args":[{"selector":{"controlType":"sap.m.StandardListItem","viewName":"reusables.view.manageresources.NewResourceUnit","viewId":"application-manageresources-display-component---newResourceUnit","properties":{"title":"Piece"},"searchOpenDialogs":true,"interaction":{"idSuffix":"titleText"}},"wdio_ui5_key":"reusablesview.manageresources.NewResourceUnitsap.m.StandardListItem{\"title\":\"Piece\"}"}]}
RESULT: undefined
COMMAND: POST /session/16f78b01815a2e3a707cc501cb0afb21/element - {"using":"xpath","value":"//*[@id=\"__item1174\"]"}
RESULT: {}
RESULT: {"using":"xpath","value":"//*[@id=\"__item1174\"]"}
COMMAND: POST /session/16f78b01815a2e3a707cc501cb0afb21/element/f.2B12B0EA68CDE32E3DD19BB79ABA46A3.d.5163B1E5E10D1BA86021EF2E298B50F2.e.13090/click - {}
RESULT: {}
COMMAND: POST /session/16f78b01815a2e3a707cc501cb0afb21/element - {"using":"xpath","value":"//input[contains(@id ,\"application-manageresources-display-component---newResourceUnit--SHORT_TEXT-inner\")]"}
COMMAND: GET /session/16f78b01815a2e3a707cc501cb0afb21/screenshot - {}
RESULT: {"using":"xpath","value":"//input[contains(@id ,\"application-manageresources-display-component---newResourceUnit--SHORT_TEXT-inner\")]"}
COMMAND: GET /session/16f78b01815a2e3a707cc501cb0afb21/element/f.2B12B0EA68CDE32E3DD19BB79ABA46A3.d.5163B1E5E10D1BA86021EF2E298B50F2.e.13050/property/value - {}
RESULT: {}
RESULT: {}
COMMAND: POST /session/16f78b01815a2e3a707cc501cb0afb21/execute/async - {"script":"<script> [1562 bytes]","args":[{"selector":{"id":"application-manageresources-display-component---newResourceUnit--WEIGHT_UNIT-arrow"},"wdio_ui5_key":"applicationmanageresources-display-component---newResourceUnit--WEIGHT_UNIT-arrow"}]}
COMMAND: GET /session/16f78b01815a2e3a707cc501cb0afb21/screenshot - {}
RESULT: {"script":"<script> [1562 bytes]","args":[{"selector":{"id":"application-manageresources-display-component---newResourceUnit--WEIGHT_UNIT-arrow"},"wdio_ui5_key":"applicationmanageresources-display-component---newResourceUnit--WEIGHT_UNIT-arrow"}]}
RESULT: undefined
COMMAND: POST /session/16f78b01815a2e3a707cc501cb0afb21/element - {"using":"xpath","value":"//*[@id=\"application-manageresources-display-component---newResourceUnit--WEIGHT_UNIT-arrow\"]"}
RESULT: {}
RESULT: {"using":"xpath","value":"//*[@id=\"application-manageresources-display-component---newResourceUnit--WEIGHT_UNIT-arrow\"]"}
COMMAND: POST /session/16f78b01815a2e3a707cc501cb0afb21/element/f.2B12B0EA68CDE32E3DD19BB79ABA46A3.d.5163B1E5E10D1BA86021EF2E298B50F2.e.13091/click - {}
RESULT: {}
COMMAND: POST /session/16f78b01815a2e3a707cc501cb0afb21/execute/async - {"script":"<script> [1562 bytes]","args":[{"selector":{"controlType":"sap.m.StandardListItem","viewName":"reusables.view.manageresources.NewResourceUnit","viewId":"application-manageresources-display-component---newResourceUnit","properties":{"title":"Gram"},"searchOpenDialogs":true,"interaction":{"idSuffix":"content"}},"wdio_ui5_key":"reusablesview.manageresources.NewResourceUnitsap.m.StandardListItem{\"title\":\"Gram\"}"}]}
COMMAND: GET /session/16f78b01815a2e3a707cc501cb0afb21/screenshot - {}
RESULT: {"script":"<script> [1562 bytes]","args":[{"selector":{"controlType":"sap.m.StandardListItem","viewName":"reusables.view.manageresources.NewResourceUnit","viewId":"application-manageresources-display-component---newResourceUnit","properties":{"title":"Gram"},"searchOpenDialogs":true,"interaction":{"idSuffix":"content"}},"wdio_ui5_key":"reusablesview.manageresources.NewResourceUnitsap.m.StandardListItem{\"title\":\"Gram\"}"}]}
RESULT: undefined
COMMAND: POST /session/16f78b01815a2e3a707cc501cb0afb21/element - {"using":"xpath","value":"//*[@id=\"__item1239\"]"}
RESULT: {}
RESULT: {"using":"xpath","value":"//*[@id=\"__item1239\"]"}
COMMAND: POST /session/16f78b01815a2e3a707cc501cb0afb21/element/f.2B12B0EA68CDE32E3DD19BB79ABA46A3.d.5163B1E5E10D1BA86021EF2E298B50F2.e.13093/click - {}
RESULT: {}
COMMAND: POST /session/16f78b01815a2e3a707cc501cb0afb21/execute/async - {"script":"<script> [1562 bytes]","args":[{"selector":{"id":"application-manageresources-display-component---newResourceUnit--newRRUPage-OPHeaderContent-collapseBtn-img"},"wdio_ui5_key":"applicationmanageresources-display-component---newResourceUnit--newRRUPage-OPHeaderContent-collapseBtn-img"}]}
COMMAND: GET /session/16f78b01815a2e3a707cc501cb0afb21/screenshot - {}
RESULT: {"script":"<script> [1562 bytes]","args":[{"selector":{"id":"application-manageresources-display-component---newResourceUnit--newRRUPage-OPHeaderContent-collapseBtn-img"},"wdio_ui5_key":"applicationmanageresources-display-component---newResourceUnit--newRRUPage-OPHeaderContent-collapseBtn-img"}]}
RESULT: undefined
COMMAND: POST /session/16f78b01815a2e3a707cc501cb0afb21/element - {"using":"xpath","value":"//*[@id=\"application-manageresources-display-component---newResourceUnit--newRRUPage-OPHeaderContent-collapseBtn-img\"]"}
RESULT: {}
RESULT: {"using":"xpath","value":"//*[@id=\"application-manageresources-display-component---newResourceUnit--newRRUPage-OPHeaderContent-collapseBtn-img\"]"}
COMMAND: POST /session/16f78b01815a2e3a707cc501cb0afb21/element/f.2B12B0EA68CDE32E3DD19BB79ABA46A3.d.5163B1E5E10D1BA86021EF2E298B50F2.e.13040/click - {}
RESULT: {}
COMMAND: GET /session/16f78b01815a2e3a707cc501cb0afb21/screenshot - {}
RESULT: {}
COMMAND: POST /session/16f78b01815a2e3a707cc501cb0afb21/element - {"using":"xpath","value":"(//span[contains(@id ,\"application-manageresources-display-component---newResourceUnit--DIMENSION_UNIT-arrow\")])[1]"}
RESULT: {"using":"xpath","value":"(//span[contains(@id ,\"application-manageresources-display-component---newResourceUnit--DIMENSION_UNIT-arrow\")])[1]"}
COMMAND: POST /session/16f78b01815a2e3a707cc501cb0afb21/element/f.2B12B0EA68CDE32E3DD19BB79ABA46A3.d.5163B1E5E10D1BA86021EF2E298B50F2.e.13099/click - {}
RESULT: {}
COMMAND: GET /session/16f78b01815a2e3a707cc501cb0afb21/screenshot - {}
RESULT: {}
COMMAND: POST /session/16f78b01815a2e3a707cc501cb0afb21/execute/async - {"script":"<script> [1562 bytes]","args":[{"selector":{"controlType":"sap.m.StandardListItem","viewName":"reusables.view.manageresources.NewResourceUnit","viewId":"application-manageresources-display-component---newResourceUnit","properties":{"title":"Centimeter"},"searchOpenDialogs":true,"interaction":{"idSuffix":"titleText"}},"wdio_ui5_key":"reusablesview.manageresources.NewResourceUnitsap.m.StandardListItem{\"title\":\"Centimeter\"}"}]}
RESULT: {"script":"<script> [1562 bytes]","args":[{"selector":{"controlType":"sap.m.StandardListItem","viewName":"reusables.view.manageresources.NewResourceUnit","viewId":"application-manageresources-display-component---newResourceUnit","properties":{"title":"Centimeter"},"searchOpenDialogs":true,"interaction":{"idSuffix":"titleText"}},"wdio_ui5_key":"reusablesview.manageresources.NewResourceUnitsap.m.StandardListItem{\"title\":\"Centimeter\"}"}]}
RESULT: undefined
COMMAND: POST /session/16f78b01815a2e3a707cc501cb0afb21/element - {"using":"xpath","value":"//*[@id=\"__item1242\"]"}
RESULT: {"using":"xpath","value":"//*[@id=\"__item1242\"]"}
COMMAND: POST /session/16f78b01815a2e3a707cc501cb0afb21/element/f.2B12B0EA68CDE32E3DD19BB79ABA46A3.d.5163B1E5E10D1BA86021EF2E298B50F2.e.13101/click - {}
RESULT: {}
COMMAND: POST /session/16f78b01815a2e3a707cc501cb0afb21/execute/async - {"script":"<script> [1562 bytes]","args":[{"selector":{"id":"application-manageresources-display-component---newResourceUnit--newRRUPage-anchBar-application-manageresources-display-component---newResourceUnit--reference-anchor","interaction":{"idSuffix":"BDI-content"}},"wdio_ui5_key":"applicationmanageresources-display-component---newResourceUnit--newRRUPage-anchBar-application-manageresources-display-component---newResourceUnit--reference-anchor"}]}
COMMAND: GET /session/16f78b01815a2e3a707cc501cb0afb21/screenshot - {}
RESULT: {"script":"<script> [1562 bytes]","args":[{"selector":{"id":"application-manageresources-display-component---newResourceUnit--newRRUPage-anchBar-application-manageresources-display-component---newResourceUnit--reference-anchor","interaction":{"idSuffix":"BDI-content"}},"wdio_ui5_key":"applicationmanageresources-display-component---newResourceUnit--newRRUPage-anchBar-application-manageresources-display-component---newResourceUnit--reference-anchor"}]}
RESULT: undefined
COMMAND: POST /session/16f78b01815a2e3a707cc501cb0afb21/element - {"using":"xpath","value":"//*[@id=\"application-manageresources-display-component---newResourceUnit--newRRUPage-anchBar-application-manageresources-display-component---newResourceUnit--reference-anchor\"]"}
RESULT: {}
RESULT: {"using":"xpath","value":"//*[@id=\"application-manageresources-display-component---newResourceUnit--newRRUPage-anchBar-application-manageresources-display-component---newResourceUnit--reference-anchor\"]"}
COMMAND: POST /session/16f78b01815a2e3a707cc501cb0afb21/element/f.2B12B0EA68CDE32E3DD19BB79ABA46A3.d.5163B1E5E10D1BA86021EF2E298B50F2.e.13103/click - {}
RESULT: {}
COMMAND: POST /session/16f78b01815a2e3a707cc501cb0afb21/execute/async - {"script":"<script> [1562 bytes]","args":[{"selector":{"id":"application-manageresources-display-component---newResourceUnit--PLANNING_GROUP-arrow"},"wdio_ui5_key":"applicationmanageresources-display-component---newResourceUnit--PLANNING_GROUP-arrow"}]}
COMMAND: GET /session/16f78b01815a2e3a707cc501cb0afb21/screenshot - {}
RESULT: {"script":"<script> [1562 bytes]","args":[{"selector":{"id":"application-manageresources-display-component---newResourceUnit--PLANNING_GROUP-arrow"},"wdio_ui5_key":"applicationmanageresources-display-component---newResourceUnit--PLANNING_GROUP-arrow"}]}
RESULT: undefined
COMMAND: POST /session/16f78b01815a2e3a707cc501cb0afb21/element - {"using":"xpath","value":"//*[@id=\"application-manageresources-display-component---newResourceUnit--PLANNING_GROUP-arrow\"]"}
RESULT: {}
RESULT: {"using":"xpath","value":"//*[@id=\"application-manageresources-display-component---newResourceUnit--PLANNING_GROUP-arrow\"]"}
COMMAND: POST /session/16f78b01815a2e3a707cc501cb0afb21/element/f.2B12B0EA68CDE32E3DD19BB79ABA46A3.d.5163B1E5E10D1BA86021EF2E298B50F2.e.13107/click - {}
RESULT: {}
COMMAND: POST /session/16f78b01815a2e3a707cc501cb0afb21/execute/async - {"script":"<script> [1562 bytes]","args":[{"selector":{"controlType":"sap.m.StandardListItem","viewName":"reusables.view.manageresources.NewResourceUnit","viewId":"application-manageresources-display-component---newResourceUnit","properties":{"title":"Heavy Equi"},"searchOpenDialogs":true,"interaction":{"idSuffix":"content"}},"wdio_ui5_key":"reusablesview.manageresources.NewResourceUnitsap.m.StandardListItem{\"title\":\"Heavy Equi\"}"}]}
COMMAND: GET /session/16f78b01815a2e3a707cc501cb0afb21/screenshot - {}
RESULT: {"script":"<script> [1562 bytes]","args":[{"selector":{"controlType":"sap.m.StandardListItem","viewName":"reusables.view.manageresources.NewResourceUnit","viewId":"application-manageresources-display-component---newResourceUnit","properties":{"title":"Heavy Equi"},"searchOpenDialogs":true,"interaction":{"idSuffix":"content"}},"wdio_ui5_key":"reusablesview.manageresources.NewResourceUnitsap.m.StandardListItem{\"title\":\"Heavy Equi\"}"}]}
RESULT: undefined
COMMAND: POST /session/16f78b01815a2e3a707cc501cb0afb21/element - {"using":"xpath","value":"//*[@id=\"__item1250\"]"}
RESULT: {}
RESULT: {"using":"xpath","value":"//*[@id=\"__item1250\"]"}
COMMAND: POST /session/16f78b01815a2e3a707cc501cb0afb21/element/f.2B12B0EA68CDE32E3DD19BB79ABA46A3.d.5163B1E5E10D1BA86021EF2E298B50F2.e.13109/click - {}
RESULT: {}
COMMAND: GET /session/16f78b01815a2e3a707cc501cb0afb21/screenshot - {}
RESULT: {}
COMMAND: POST /session/16f78b01815a2e3a707cc501cb0afb21/execute/async - {"script":"<script> [1562 bytes]","args":[{"selector":{"id":"application-manageresources-display-component---newResourceUnit--PLANNING_INDICATOR-arrow"},"wdio_ui5_key":"applicationmanageresources-display-component---newResourceUnit--PLANNING_INDICATOR-arrow"}]}
RESULT: {"script":"<script> [1562 bytes]","args":[{"selector":{"id":"application-manageresources-display-component---newResourceUnit--PLANNING_INDICATOR-arrow"},"wdio_ui5_key":"applicationmanageresources-display-component---newResourceUnit--PLANNING_INDICATOR-arrow"}]}
RESULT: undefined
COMMAND: POST /session/16f78b01815a2e3a707cc501cb0afb21/element - {"using":"xpath","value":"//*[@id=\"application-manageresources-display-component---newResourceUnit--PLANNING_INDICATOR-arrow\"]"}
RESULT: {"using":"xpath","value":"//*[@id=\"application-manageresources-display-component---newResourceUnit--PLANNING_INDICATOR-arrow\"]"}
COMMAND: POST /session/16f78b01815a2e3a707cc501cb0afb21/element/f.2B12B0EA68CDE32E3DD19BB79ABA46A3.d.5163B1E5E10D1BA86021EF2E298B50F2.e.13110/click - {}
RESULT: {}
COMMAND: POST /session/16f78b01815a2e3a707cc501cb0afb21/execute/async - {"script":"<script> [1562 bytes]","args":[{"selector":{"controlType":"sap.m.StandardListItem","viewName":"reusables.view.manageresources.NewResourceUnit","viewId":"application-manageresources-display-component---newResourceUnit","properties":{"title":"10 - infinite"},"searchOpenDialogs":true,"interaction":{"idSuffix":"content"}},"wdio_ui5_key":"reusablesview.manageresources.NewResourceUnitsap.m.StandardListItem{\"title\":\"10 - infinite\"}"}]}
COMMAND: GET /session/16f78b01815a2e3a707cc501cb0afb21/screenshot - {}
RESULT: {"script":"<script> [1562 bytes]","args":[{"selector":{"controlType":"sap.m.StandardListItem","viewName":"reusables.view.manageresources.NewResourceUnit","viewId":"application-manageresources-display-component---newResourceUnit","properties":{"title":"10 - infinite"},"searchOpenDialogs":true,"interaction":{"idSuffix":"content"}},"wdio_ui5_key":"reusablesview.manageresources.NewResourceUnitsap.m.StandardListItem{\"title\":\"10 - infinite\"}"}]}
RESULT: undefined
COMMAND: POST /session/16f78b01815a2e3a707cc501cb0afb21/element - {"using":"xpath","value":"//*[@id=\"__item1260\"]"}
RESULT: {}
RESULT: {"using":"xpath","value":"//*[@id=\"__item1260\"]"}
COMMAND: POST /session/16f78b01815a2e3a707cc501cb0afb21/element/f.2B12B0EA68CDE32E3DD19BB79ABA46A3.d.5163B1E5E10D1BA86021EF2E298B50F2.e.13112/click - {}
RESULT: {}
COMMAND: GET /session/16f78b01815a2e3a707cc501cb0afb21/screenshot - {}
RESULT: {}
COMMAND: POST /session/16f78b01815a2e3a707cc501cb0afb21/element - {"using":"xpath","value":"//bdi[contains(text(), \"Time Segment\")]"}
RESULT: {"using":"xpath","value":"//bdi[contains(text(), \"Time Segment\")]"}
COMMAND: GET /session/16f78b01815a2e3a707cc501cb0afb21/element/f.2B12B0EA68CDE32E3DD19BB79ABA46A3.d.5163B1E5E10D1BA86021EF2E298B50F2.e.13113/rect - {}
RESULT: {}
COMMAND: GET /session/16f78b01815a2e3a707cc501cb0afb21/window/rect - {}
RESULT: {}
COMMAND: POST /session/16f78b01815a2e3a707cc501cb0afb21/execute/sync - {"script":"<script> [92 bytes]","args":[]}
RESULT: {"script":"<script> [92 bytes]","args":[]}
COMMAND: POST /session/16f78b01815a2e3a707cc501cb0afb21/actions - {"actions":[{"id":"action69","type":"wheel","parameters":{},"actions":[{"type":"scroll","x":-1820,"y":-21,"deltaX":0,"deltaY":0,"duration":0,"origin":{"element-6066-11e4-a52e-4f735466cecf":"f.2B12B0EA68CDE32E3DD19BB79ABA46A3.d.5163B1E5E10D1BA86021EF2E298B50F2.e.13113"}}]}]}
COMMAND: GET /session/16f78b01815a2e3a707cc501cb0afb21/screenshot - {}
RESULT: {}
COMMAND: POST /session/16f78b01815a2e3a707cc501cb0afb21/execute/sync - {"script":"<script> [79 bytes]","args":[{"element-6066-11e4-a52e-4f735466cecf":"f.2B12B0EA68CDE32E3DD19BB79ABA46A3.d.5163B1E5E10D1BA86021EF2E298B50F2.e.13113","ELEMENT":"f.2B12B0EA68CDE32E3DD19BB79ABA46A3.d.5163B1E5E10D1BA86021EF2E298B50F2.e.13113"},{"block":"start","inline":"nearest"}]}
RESULT: {"script":"<script> [79 bytes]","args":[{"element-6066-11e4-a52e-4f735466cecf":"f.2B12B0EA68CDE32E3DD19BB79ABA46A3.d.5163B1E5E10D1BA86021EF2E298B50F2.e.13113","ELEMENT":"f.2B12B0EA68CDE32E3DD19BB79ABA46A3.d.5163B1E5E10D1BA86021EF2E298B50F2.e.13113"},{"block":"start","inline":"nearest"}]}
COMMAND: GET /session/16f78b01815a2e3a707cc501cb0afb21/screenshot - {}
RESULT: {}
COMMAND: POST /session/16f78b01815a2e3a707cc501cb0afb21/element - {"using":"xpath","value":"//span[@id=\"application-manageresources-display-component---newResourceUnit--btnAddTimeSegment-img\"]"}
RESULT: {"using":"xpath","value":"//span[@id=\"application-manageresources-display-component---newResourceUnit--btnAddTimeSegment-img\"]"}
COMMAND: POST /session/16f78b01815a2e3a707cc501cb0afb21/execute/sync - {"script":"<script> [8489 bytes]","args":[{"element-6066-11e4-a52e-4f735466cecf":"f.2B12B0EA68CDE32E3DD19BB79ABA46A3.d.5163B1E5E10D1BA86021EF2E298B50F2.e.13116","ELEMENT":"f.2B12B0EA68CDE32E3DD19BB79ABA46A3.d.5163B1E5E10D1BA86021EF2E298B50F2.e.13116"}]}
RESULT: {"script":"<script> [8489 bytes]","args":[{"element-6066-11e4-a52e-4f735466cecf":"f.2B12B0EA68CDE32E3DD19BB79ABA46A3.d.5163B1E5E10D1BA86021EF2E298B50F2.e.13116","ELEMENT":"f.2B12B0EA68CDE32E3DD19BB79ABA46A3.d.5163B1E5E10D1BA86021EF2E298B50F2.e.13116"}]}
COMMAND: POST /session/16f78b01815a2e3a707cc501cb0afb21/element/f.2B12B0EA68CDE32E3DD19BB79ABA46A3.d.5163B1E5E10D1BA86021EF2E298B50F2.e.13116/click - {}
COMMAND: GET /session/16f78b01815a2e3a707cc501cb0afb21/screenshot - {}
RESULT: {}
COMMAND: GET /session/16f78b01815a2e3a707cc501cb0afb21/screenshot - {}
COMMAND: POST /session/16f78b01815a2e3a707cc501cb0afb21/element - {"using":"xpath","value":"//input[@id=\"application-manageresources-display-component---newResourceUnit--idRuTSAdmin-application-manageresources-display-component---newResourceUnit--RUTimeSegment-0-inner\"]"}
RESULT: {}
RESULT: {}
RESULT: {"using":"xpath","value":"//input[@id=\"application-manageresources-display-component---newResourceUnit--idRuTSAdmin-application-manageresources-display-component---newResourceUnit--RUTimeSegment-0-inner\"]"}
COMMAND: POST /session/16f78b01815a2e3a707cc501cb0afb21/element/f.2B12B0EA68CDE32E3DD19BB79ABA46A3.d.5163B1E5E10D1BA86021EF2E298B50F2.e.13119/clear - {}
RESULT: {}
COMMAND: POST /session/16f78b01815a2e3a707cc501cb0afb21/element/f.2B12B0EA68CDE32E3DD19BB79ABA46A3.d.5163B1E5E10D1BA86021EF2E298B50F2.e.13119/value - {"text":"WebdriverYardsx936l"}
COMMAND: GET /session/16f78b01815a2e3a707cc501cb0afb21/screenshot - {}
RESULT: {"text":"WebdriverYardsx936l"}
COMMAND: GET /session/16f78b01815a2e3a707cc501cb0afb21/screenshot - {}
RESULT: {}
RESULT: {}
COMMAND: POST /session/16f78b01815a2e3a707cc501cb0afb21/actions - {"actions":[{"id":"action70","type":"key","parameters":{},"actions":[{"type":"keyDown","value":"î€‡"},{"type":"pause","duration":10},{"type":"keyUp","value":"î€‡"}]}]}
RESULT: {"actions":[{"id":"action70","type":"key","parameters":{},"actions":[{"type":"keyDown","value":"î€‡"},{"type":"pause","duration":10},{"type":"keyUp","value":"î€‡"}]}]}
COMMAND: GET /session/16f78b01815a2e3a707cc501cb0afb21/screenshot - {}
RESULT: {}
COMMAND: POST /session/16f78b01815a2e3a707cc501cb0afb21/execute/async - {"script":"<script> [1562 bytes]","args":[{"selector":{"controlType":"sap.m.Button","viewName":"reusables.view.manageresources.NewResourceUnit","viewId":"application-manageresources-display-component---newResourceUnit","i18NText":{"propertyName":"tooltip","key":"save"},"interaction":{"idSuffix":"BDI-content"}},"wdio_ui5_key":"reusablesview.manageresources.NewResourceUnitsap.m.Button{\"propertyName\":\"tooltip\",\"key\":\"save\"}"}]}
RESULT: {"script":"<script> [1562 bytes]","args":[{"selector":{"controlType":"sap.m.Button","viewName":"reusables.view.manageresources.NewResourceUnit","viewId":"application-manageresources-display-component---newResourceUnit","i18NText":{"propertyName":"tooltip","key":"save"},"interaction":{"idSuffix":"BDI-content"}},"wdio_ui5_key":"reusablesview.manageresources.NewResourceUnitsap.m.Button{\"propertyName\":\"tooltip\",\"key\":\"save\"}"}]}
RESULT: undefined
COMMAND: POST /session/16f78b01815a2e3a707cc501cb0afb21/element - {"using":"xpath","value":"//*[@id=\"application-manageresources-display-component---newResourceUnit--createRuButton\"]"}
RESULT: {"using":"xpath","value":"//*[@id=\"application-manageresources-display-component---newResourceUnit--createRuButton\"]"}
COMMAND: POST /session/16f78b01815a2e3a707cc501cb0afb21/element/f.2B12B0EA68CDE32E3DD19BB79ABA46A3.d.5163B1E5E10D1BA86021EF2E298B50F2.e.13046/click - {}
RESULT: {}
COMMAND: GET /session/16f78b01815a2e3a707cc501cb0afb21/screenshot - {}
RESULT: {}
COMMAND: POST /session/16f78b01815a2e3a707cc501cb0afb21/execute/async - {"script":"<script> [1562 bytes]","args":[{"selector":{"controlType":"sap.m.Title","properties":{"text":"Success"},"searchOpenDialogs":true},"wdio_ui5_key":"sapm.Title{\"text\":\"Success\"}"}]}
RESULT: {"script":"<script> [1562 bytes]","args":[{"selector":{"controlType":"sap.m.Title","properties":{"text":"Success"},"searchOpenDialogs":true},"wdio_ui5_key":"sapm.Title{\"text\":\"Success\"}"}]}
RESULT: undefined
COMMAND: POST /session/16f78b01815a2e3a707cc501cb0afb21/execute/async - {"script":"<script> [6424 bytes]","args":[{"element-6066-11e4-a52e-4f735466cecf":"f.2B12B0EA68CDE32E3DD19BB79ABA46A3.d.5163B1E5E10D1BA86021EF2E298B50F2.e.13132"},"getText",[]]}
RESULT: {"script":"<script> [6424 bytes]","args":[{"element-6066-11e4-a52e-4f735466cecf":"f.2B12B0EA68CDE32E3DD19BB79ABA46A3.d.5163B1E5E10D1BA86021EF2E298B50F2.e.13132"},"getText",[]]}
COMMAND: POST /session/16f78b01815a2e3a707cc501cb0afb21/element - {"using":"xpath","value":"//*[contains(@id, '__text') and (contains(text(), 'successfully created') or contains(., 'successfully created'))]"}
RESULT: {"using":"xpath","value":"//*[contains(@id, '__text') and (contains(text(), 'successfully created') or contains(., 'successfully created'))]"}
COMMAND: GET /session/16f78b01815a2e3a707cc501cb0afb21/element/f.2B12B0EA68CDE32E3DD19BB79ABA46A3.d.5163B1E5E10D1BA86021EF2E298B50F2.e.13130/text - {}
RESULT: {}
COMMAND: POST /session/16f78b01815a2e3a707cc501cb0afb21/execute/async - {"script":"<script> [1562 bytes]","args":[{"selector":{"controlType":"sap.m.Button","properties":{"text":"Close"},"searchOpenDialogs":true,"interaction":{"idSuffix":"BDI-content"}},"wdio_ui5_key":"sapm.Button{\"text\":\"Close\"}"}]}
RESULT: {"script":"<script> [1562 bytes]","args":[{"selector":{"controlType":"sap.m.Button","properties":{"text":"Close"},"searchOpenDialogs":true,"interaction":{"idSuffix":"BDI-content"}},"wdio_ui5_key":"sapm.Button{\"text\":\"Close\"}"}]}
RESULT: undefined
COMMAND: POST /session/16f78b01815a2e3a707cc501cb0afb21/element - {"using":"xpath","value":"//*[@id=\"__mbox-btn-0\"]"}
RESULT: {"using":"xpath","value":"//*[@id=\"__mbox-btn-0\"]"}
COMMAND: POST /session/16f78b01815a2e3a707cc501cb0afb21/element/f.2B12B0EA68CDE32E3DD19BB79ABA46A3.d.5163B1E5E10D1BA86021EF2E298B50F2.e.13129/click - {}
RESULT: {}
COMMAND: GET /session/16f78b01815a2e3a707cc501cb0afb21/screenshot - {}
RESULT: {}
COMMAND: POST /session/16f78b01815a2e3a707cc501cb0afb21/execute/async - {"script":"<script> [1562 bytes]","args":[{"selector":{"controlType":"sap.ui.core.Icon","viewName":"etm.portal.ui.manageresources.view.Detail","viewId":"application-manageresources-display-component---detailRU","properties":{"src":{"regex":{"source":"overflow"}}}},"wdio_ui5_key":"etmportal.ui.manageresources.view.Detailsap.ui.core.Icon{\"src\":{\"regex\":{\"source\":\"overflow\"}}}"}]}
RESULT: {"script":"<script> [1562 bytes]","args":[{"selector":{"controlType":"sap.ui.core.Icon","viewName":"etm.portal.ui.manageresources.view.Detail","viewId":"application-manageresources-display-component---detailRU","properties":{"src":{"regex":{"source":"overflow"}}}},"wdio_ui5_key":"etmportal.ui.manageresources.view.Detailsap.ui.core.Icon{\"src\":{\"regex\":{\"source\":\"overflow\"}}}"}]}
RESULT: undefined
COMMAND: POST /session/16f78b01815a2e3a707cc501cb0afb21/element - {"using":"xpath","value":"//*[@id=\"__title31-_actionsToolbar-overflowButton-img\"]"}
RESULT: {"using":"xpath","value":"//*[@id=\"__title31-_actionsToolbar-overflowButton-img\"]"}
COMMAND: POST /session/16f78b01815a2e3a707cc501cb0afb21/element/f.2B12B0EA68CDE32E3DD19BB79ABA46A3.d.5163B1E5E10D1BA86021EF2E298B50F2.e.13166/click - {}
RESULT: {}
COMMAND: POST /session/16f78b01815a2e3a707cc501cb0afb21/execute/async - {"script":"<script> [1562 bytes]","args":[{"selector":{"controlType":"sap.m.Button","viewName":"etm.portal.ui.manageresources.view.Detail","viewId":"application-manageresources-display-component---detailRU","i18NText":{"propertyName":"tooltip","key":"closeColumn"},"searchOpenDialogs":true,"interaction":{"idSuffix":"inner"}},"wdio_ui5_key":"etmportal.ui.manageresources.view.Detailsap.m.Button{\"propertyName\":\"tooltip\",\"key\":\"closeColumn\"}"}]}
COMMAND: GET /session/16f78b01815a2e3a707cc501cb0afb21/screenshot - {}
RESULT: {"script":"<script> [1562 bytes]","args":[{"selector":{"controlType":"sap.m.Button","viewName":"etm.portal.ui.manageresources.view.Detail","viewId":"application-manageresources-display-component---detailRU","i18NText":{"propertyName":"tooltip","key":"closeColumn"},"searchOpenDialogs":true,"interaction":{"idSuffix":"inner"}},"wdio_ui5_key":"etmportal.ui.manageresources.view.Detailsap.m.Button{\"propertyName\":\"tooltip\",\"key\":\"closeColumn\"}"}]}
RESULT: undefined
COMMAND: POST /session/16f78b01815a2e3a707cc501cb0afb21/element - {"using":"xpath","value":"//*[@id=\"__button137\"]"}
RESULT: {}
RESULT: {"using":"xpath","value":"//*[@id=\"__button137\"]"}
COMMAND: POST /session/16f78b01815a2e3a707cc501cb0afb21/element/f.2B12B0EA68CDE32E3DD19BB79ABA46A3.d.5163B1E5E10D1BA86021EF2E298B50F2.e.13168/click - {}
RESULT: {}
COMMAND: GET /session/16f78b01815a2e3a707cc501cb0afb21/screenshot - {}
RESULT: {}
COMMAND: POST /session/16f78b01815a2e3a707cc501cb0afb21/refresh - {}
RESULT: {}
COMMAND: GET /session/16f78b01815a2e3a707cc501cb0afb21/screenshot - {}
RESULT: {}
COMMAND: POST /session/16f78b01815a2e3a707cc501cb0afb21/execute/async - {"script":"<script> [189 bytes]","args":[]}
RESULT: {"script":"<script> [189 bytes]","args":[]}
COMMAND: POST /session/16f78b01815a2e3a707cc501cb0afb21/execute/async - {"script":"<script> [123 bytes]","args":[]}
RESULT: {"script":"<script> [123 bytes]","args":[]}
COMMAND: POST /session/16f78b01815a2e3a707cc501cb0afb21/timeouts - {"script":"<number>"}
RESULT: {"script":"<number>"}
COMMAND: GET /session/16f78b01815a2e3a707cc501cb0afb21/timeouts - {}
RESULT: {}
RESULT: undefined
COMMAND: POST /session/16f78b01815a2e3a707cc501cb0afb21/execute/async - {"script":"<script> [2676 bytes]","args":[]}
RESULT: {"script":"<script> [2676 bytes]","args":[]}
COMMAND: POST /session/16f78b01815a2e3a707cc501cb0afb21/execute/async - {"script":"<script> [2342 bytes]","args":[{"protocol":"http","hostname":"0.0.0.0","path":"/","capabilities":{"browserName":"chrome","goog:chromeOptions":{"binary":"C:\\Program Files\\Google\\Chrome\\Application\\chrome.exe","args":["--start-maximized"]}},"logLevel":"warn","connectionRetryTimeout":120000,"connectionRetryCount":3,"logLevels":{},"enableDirectConnect":true,"strictSSL":true,"_":"65 more keys: [\"cacheDir\",\"port\",\"requestedCapabilities\",\"automationProtocol\",\"baseUrl\",\"waitforInterval\",\"waitforTimeout\",\"onReload\",\"beforeCommand\",\"afterCommand\",\"rootDir\",\"specs\",\"suites\",\"exclude\",\"groupLogsByTestSpec\",\"excludeDriverLogs\",\"bail\",\"framework\",\"reporters\",\"services\",\"maxInstances\",\"maxInstancesPerCapability\",\"injectGlobals\",\"filesToWatch\",\"execArgv\",\"runnerEnv\",\"runner\",\"shard\",\"specFileRetries\",\"specFileRetriesDelay\",\"specFileRetriesDeferred\",\"reporterSyncInterval\",\"reporterSyncTimeout\",\"cucumberFeaturesWithLineNumbers\",\"autoCompileOpts\",\"mochaOpts\",\"jasmineOpts\",\"cucumberOpts\",\"onPrepare\",\"onWorkerStart\",\"onWorkerEnd\",\"before\",\"beforeSession\",\"beforeSuite\",\"beforeHook\",\"beforeTest\",\"afterTest\",\"afterHook\",\"afterSuite\",\"afterSession\",\"after\",\"onComplete\",\"beforeAssertion\",\"afterAssertion\",\"beforeFeature\",\"beforeScenario\",\"beforeStep\",\"afterStep\",\"afterScenario\",\"afterFeature\",\"_\",\"suite\",\"$0\",\"ignoredWorkerServices\",\"wdi5\"]"}]}
RESULT: {"script":"<script> [2342 bytes]","args":[{"protocol":"http","hostname":"0.0.0.0","path":"/","capabilities":{"browserName":"chrome","goog:chromeOptions":{"binary":"C:\\Program Files\\Google\\Chrome\\Application\\chrome.exe","args":["--start-maximized"]}},"logLevel":"warn","connectionRetryTimeout":120000,"connectionRetryCount":3,"logLevels":{},"enableDirectConnect":true,"strictSSL":true,"_":"65 more keys: [\"cacheDir\",\"port\",\"requestedCapabilities\",\"automationProtocol\",\"baseUrl\",\"waitforInterval\",\"waitforTimeout\",\"onReload\",\"beforeCommand\",\"afterCommand\",\"rootDir\",\"specs\",\"suites\",\"exclude\",\"groupLogsByTestSpec\",\"excludeDriverLogs\",\"bail\",\"framework\",\"reporters\",\"services\",\"maxInstances\",\"maxInstancesPerCapability\",\"injectGlobals\",\"filesToWatch\",\"execArgv\",\"runnerEnv\",\"runner\",\"shard\",\"specFileRetries\",\"specFileRetriesDelay\",\"specFileRetriesDeferred\",\"reporterSyncInterval\",\"reporterSyncTimeout\",\"cucumberFeaturesWithLineNumbers\",\"autoCompileOpts\",\"mochaOpts\",\"jasmineOpts\",\"cucumberOpts\",\"onPrepare\",\"onWorkerStart\",\"onWorkerEnd\",\"before\",\"beforeSession\",\"beforeSuite\",\"beforeHook\",\"beforeTest\",\"afterTest\",\"afterHook\",\"afterSuite\",\"afterSession\",\"after\",\"onComplete\",\"beforeAssertion\",\"afterAssertion\",\"beforeFeature\",\"beforeScenario\",\"beforeStep\",\"afterStep\",\"afterScenario\",\"afterFeature\",\"_\",\"suite\",\"$0\",\"ignoredWorkerServices\",\"wdi5\"]"}]}
COMMAND: POST /session/16f78b01815a2e3a707cc501cb0afb21/execute/async - {"script":"<script> [21126 bytes]","args":[35000]}
RESULT: {"script":"<script> [21126 bytes]","args":[35000]}
COMMAND: POST /session/16f78b01815a2e3a707cc501cb0afb21/element - {"using":"css selector","value":"#shell-header-logo"}
RESULT: {"using":"css selector","value":"#shell-header-logo"}
COMMAND: POST /session/16f78b01815a2e3a707cc501cb0afb21/element/f.2B12B0EA68CDE32E3DD19BB79ABA46A3.d.A3B28A642594796975F45A046FA60DB6.e.13267/click - {}
RESULT: {}
COMMAND: GET /session/16f78b01815a2e3a707cc501cb0afb21/screenshot - {}
COMMAND: POST /session/16f78b01815a2e3a707cc501cb0afb21/execute/async - {"script":"<script> [1562 bytes]","args":[{"selector":{"controlType":"sap.m.GenericTile","properties":{"header":"Manage Handovers"}},"wdio_ui5_key":"sapm.GenericTile{\"header\":\"Manage Handovers\"}"}]}
RESULT: {}
RESULT: {"script":"<script> [1562 bytes]","args":[{"selector":{"controlType":"sap.m.GenericTile","properties":{"header":"Manage Handovers"}},"wdio_ui5_key":"sapm.GenericTile{\"header\":\"Manage Handovers\"}"}]}
RESULT: undefined
COMMAND: POST /session/16f78b01815a2e3a707cc501cb0afb21/element - {"using":"xpath","value":"//*[@id=\"__tile132\"]"}
RESULT: {"using":"xpath","value":"//*[@id=\"__tile132\"]"}
COMMAND: POST /session/16f78b01815a2e3a707cc501cb0afb21/element/f.2B12B0EA68CDE32E3DD19BB79ABA46A3.d.A3B28A642594796975F45A046FA60DB6.e.13283/click - {}
RESULT: {}
COMMAND: GET /session/16f78b01815a2e3a707cc501cb0afb21/screenshot - {}
RESULT: {}
COMMAND: POST /session/16f78b01815a2e3a707cc501cb0afb21/elements - {"using":"xpath","value":"//span[text()='Error']"}
RESULT: {"using":"xpath","value":"//span[text()='Error']"}
COMMAND: POST /session/16f78b01815a2e3a707cc501cb0afb21/element - {"using":"xpath","value":"//button[@data-kt=\"masterHOAddButton\"]"}
RESULT: {"using":"xpath","value":"//button[@data-kt=\"masterHOAddButton\"]"}
COMMAND: POST /session/16f78b01815a2e3a707cc501cb0afb21/execute/sync - {"script":"<script> [8489 bytes]","args":[{"element-6066-11e4-a52e-4f735466cecf":"f.2B12B0EA68CDE32E3DD19BB79ABA46A3.d.A3B28A642594796975F45A046FA60DB6.e.13326","ELEMENT":"f.2B12B0EA68CDE32E3DD19BB79ABA46A3.d.A3B28A642594796975F45A046FA60DB6.e.13326"}]}
RESULT: {"script":"<script> [8489 bytes]","args":[{"element-6066-11e4-a52e-4f735466cecf":"f.2B12B0EA68CDE32E3DD19BB79ABA46A3.d.A3B28A642594796975F45A046FA60DB6.e.13326","ELEMENT":"f.2B12B0EA68CDE32E3DD19BB79ABA46A3.d.A3B28A642594796975F45A046FA60DB6.e.13326"}]}
COMMAND: POST /session/16f78b01815a2e3a707cc501cb0afb21/element/f.2B12B0EA68CDE32E3DD19BB79ABA46A3.d.A3B28A642594796975F45A046FA60DB6.e.13326/click - {}
COMMAND: GET /session/16f78b01815a2e3a707cc501cb0afb21/screenshot - {}
RESULT: {}
COMMAND: GET /session/16f78b01815a2e3a707cc501cb0afb21/screenshot - {}
COMMAND: POST /session/16f78b01815a2e3a707cc501cb0afb21/element - {"using":"xpath","value":"//span[contains(@id ,\"AddNewHO--typeSelect-arrow\")]"}
RESULT: {}
RESULT: {}
RESULT: {"using":"xpath","value":"//span[contains(@id ,\"AddNewHO--typeSelect-arrow\")]"}
COMMAND: POST /session/16f78b01815a2e3a707cc501cb0afb21/element/f.2B12B0EA68CDE32E3DD19BB79ABA46A3.d.A3B28A642594796975F45A046FA60DB6.e.13624/click - {}
RESULT: {}
COMMAND: GET /session/16f78b01815a2e3a707cc501cb0afb21/screenshot - {}
RESULT: {}
COMMAND: POST /session/16f78b01815a2e3a707cc501cb0afb21/element - {"using":"xpath","value":"(//li[contains(text(), \"stock increase yard\")])[1]"}
RESULT: {"using":"xpath","value":"(//li[contains(text(), \"stock increase yard\")])[1]"}
COMMAND: POST /session/16f78b01815a2e3a707cc501cb0afb21/element/f.2B12B0EA68CDE32E3DD19BB79ABA46A3.d.A3B28A642594796975F45A046FA60DB6.e.13625/click - {}
RESULT: {}
COMMAND: GET /session/16f78b01815a2e3a707cc501cb0afb21/screenshot - {}
RESULT: {}
COMMAND: POST /session/16f78b01815a2e3a707cc501cb0afb21/execute/async - {"script":"<script> [1562 bytes]","args":[{"selector":{"id":"application-managehandovers-display-component---AddNewHO--dueDate","interaction":{"idSuffix":"inner"}},"wdio_ui5_key":"applicationmanagehandovers-display-component---AddNewHO--dueDate"}]}
RESULT: {"script":"<script> [1562 bytes]","args":[{"selector":{"id":"application-managehandovers-display-component---AddNewHO--dueDate","interaction":{"idSuffix":"inner"}},"wdio_ui5_key":"applicationmanagehandovers-display-component---AddNewHO--dueDate"}]}
RESULT: undefined
COMMAND: POST /session/16f78b01815a2e3a707cc501cb0afb21/execute/async - {"script":"<script> [6424 bytes]","args":[{"element-6066-11e4-a52e-4f735466cecf":"f.2B12B0EA68CDE32E3DD19BB79ABA46A3.d.A3B28A642594796975F45A046FA60DB6.e.13627"},"setValue",["5/19/25"]]}
RESULT: {"script":"<script> [6424 bytes]","args":[{"element-6066-11e4-a52e-4f735466cecf":"f.2B12B0EA68CDE32E3DD19BB79ABA46A3.d.A3B28A642594796975F45A046FA60DB6.e.13627"},"setValue",["5/19/25"]]}
COMMAND: POST /session/16f78b01815a2e3a707cc501cb0afb21/element - {"using":"xpath","value":"//input[@id=\"generalSectionFrg--receiveYard-inner\"]"}
RESULT: {"using":"xpath","value":"//input[@id=\"generalSectionFrg--receiveYard-inner\"]"}
COMMAND: POST /session/16f78b01815a2e3a707cc501cb0afb21/element/f.2B12B0EA68CDE32E3DD19BB79ABA46A3.d.A3B28A642594796975F45A046FA60DB6.e.13631/clear - {}
RESULT: {}
COMMAND: POST /session/16f78b01815a2e3a707cc501cb0afb21/element/f.2B12B0EA68CDE32E3DD19BB79ABA46A3.d.A3B28A642594796975F45A046FA60DB6.e.13631/value - {"text":"WebdriverYardsx936l"}
COMMAND: GET /session/16f78b01815a2e3a707cc501cb0afb21/screenshot - {}
RESULT: {"text":"WebdriverYardsx936l"}
COMMAND: GET /session/16f78b01815a2e3a707cc501cb0afb21/screenshot - {}
RESULT: {}
RESULT: {}
COMMAND: POST /session/16f78b01815a2e3a707cc501cb0afb21/execute/async - {"script":"<script> [1562 bytes]","args":[{"selector":{"id":"application-managehandovers-display-component---AddNewHO--ObjectPageLayout-anchBar-application-managehandovers-display-component---AddNewHO--section4-anchor","interaction":{"idSuffix":"BDI-content"}},"wdio_ui5_key":"applicationmanagehandovers-display-component---AddNewHO--ObjectPageLayout-anchBar-application-managehandovers-display-component---AddNewHO--section4-anchor"}]}
RESULT: {"script":"<script> [1562 bytes]","args":[{"selector":{"id":"application-managehandovers-display-component---AddNewHO--ObjectPageLayout-anchBar-application-managehandovers-display-component---AddNewHO--section4-anchor","interaction":{"idSuffix":"BDI-content"}},"wdio_ui5_key":"applicationmanagehandovers-display-component---AddNewHO--ObjectPageLayout-anchBar-application-managehandovers-display-component---AddNewHO--section4-anchor"}]}
RESULT: undefined
COMMAND: POST /session/16f78b01815a2e3a707cc501cb0afb21/element - {"using":"xpath","value":"//*[@id=\"application-managehandovers-display-component---AddNewHO--ObjectPageLayout-anchBar-application-managehandovers-display-component---AddNewHO--section4-anchor\"]"}
RESULT: {"using":"xpath","value":"//*[@id=\"application-managehandovers-display-component---AddNewHO--ObjectPageLayout-anchBar-application-managehandovers-display-component---AddNewHO--section4-anchor\"]"}
COMMAND: POST /session/16f78b01815a2e3a707cc501cb0afb21/element/f.2B12B0EA68CDE32E3DD19BB79ABA46A3.d.A3B28A642594796975F45A046FA60DB6.e.13649/click - {}
RESULT: {}
COMMAND: GET /session/16f78b01815a2e3a707cc501cb0afb21/screenshot - {}
RESULT: {}
COMMAND: POST /session/16f78b01815a2e3a707cc501cb0afb21/element - {"using":"xpath","value":"//button[@aria-label=\"Add\"]"}
RESULT: {"using":"xpath","value":"//button[@aria-label=\"Add\"]"}
COMMAND: POST /session/16f78b01815a2e3a707cc501cb0afb21/element/f.2B12B0EA68CDE32E3DD19BB79ABA46A3.d.A3B28A642594796975F45A046FA60DB6.e.13653/click - {}
RESULT: {}
COMMAND: GET /session/16f78b01815a2e3a707cc501cb0afb21/screenshot - {}
RESULT: {}
COMMAND: POST /session/16f78b01815a2e3a707cc501cb0afb21/execute/async - {"script":"<script> [1562 bytes]","args":[{"selector":{"id":"application-managehandovers-display-component---AddNewHO--smartFilterBar-btnBasicSearch","searchOpenDialogs":true,"interaction":{"idSuffix":"I"}},"wdio_ui5_key":"applicationmanagehandovers-display-component---AddNewHO--smartFilterBar-btnBasicSearch"}]}
RESULT: {"script":"<script> [1562 bytes]","args":[{"selector":{"id":"application-managehandovers-display-component---AddNewHO--smartFilterBar-btnBasicSearch","searchOpenDialogs":true,"interaction":{"idSuffix":"I"}},"wdio_ui5_key":"applicationmanagehandovers-display-component---AddNewHO--smartFilterBar-btnBasicSearch"}]}
RESULT: undefined
COMMAND: POST /session/16f78b01815a2e3a707cc501cb0afb21/execute/async - {"script":"<script> [776 bytes]","args":[{"enterText":"WebdriverRUR2Caqhhx","selector":{"id":"application-managehandovers-display-component---AddNewHO--smartFilterBar-btnBasicSearch","searchOpenDialogs":true,"interaction":{"idSuffix":"I"}},"clearTextFirst":true,"interactionType":"ENTER_TEXT"}]}
RESULT: {"script":"<script> [776 bytes]","args":[{"enterText":"WebdriverRUR2Caqhhx","selector":{"id":"application-managehandovers-display-component---AddNewHO--smartFilterBar-btnBasicSearch","searchOpenDialogs":true,"interaction":{"idSuffix":"I"}},"clearTextFirst":true,"interactionType":"ENTER_TEXT"}]}
COMMAND: POST /session/16f78b01815a2e3a707cc501cb0afb21/actions - {"actions":[{"id":"action71","type":"key","parameters":{},"actions":[{"type":"keyDown","value":"î€‡"},{"type":"pause","duration":10},{"type":"keyUp","value":"î€‡"}]}]}
RESULT: {"actions":[{"id":"action71","type":"key","parameters":{},"actions":[{"type":"keyDown","value":"î€‡"},{"type":"pause","duration":10},{"type":"keyUp","value":"î€‡"}]}]}
COMMAND: POST /session/16f78b01815a2e3a707cc501cb0afb21/execute/async - {"script":"<script> [1562 bytes]","args":[{"selector":{"id":"application-managehandovers-display-component---AddNewHO--popup-sa","searchOpenDialogs":true,"interaction":{"idSuffix":"CbBg"}},"wdio_ui5_key":"applicationmanagehandovers-display-component---AddNewHO--popup-sa"}]}
COMMAND: GET /session/16f78b01815a2e3a707cc501cb0afb21/screenshot - {}
RESULT: {"script":"<script> [1562 bytes]","args":[{"selector":{"id":"application-managehandovers-display-component---AddNewHO--popup-sa","searchOpenDialogs":true,"interaction":{"idSuffix":"CbBg"}},"wdio_ui5_key":"applicationmanagehandovers-display-component---AddNewHO--popup-sa"}]}
RESULT: undefined
COMMAND: POST /session/16f78b01815a2e3a707cc501cb0afb21/element - {"using":"xpath","value":"//*[@id=\"application-managehandovers-display-component---AddNewHO--popup-sa\"]"}
RESULT: {}
RESULT: {"using":"xpath","value":"//*[@id=\"application-managehandovers-display-component---AddNewHO--popup-sa\"]"}
COMMAND: POST /session/16f78b01815a2e3a707cc501cb0afb21/element/f.2B12B0EA68CDE32E3DD19BB79ABA46A3.d.A3B28A642594796975F45A046FA60DB6.e.13777/click - {}
RESULT: {}
COMMAND: GET /session/16f78b01815a2e3a707cc501cb0afb21/screenshot - {}
RESULT: {}
COMMAND: POST /session/16f78b01815a2e3a707cc501cb0afb21/element - {"using":"xpath","value":"//bdi[contains(text(), \"Select\")]"}
RESULT: {"using":"xpath","value":"//bdi[contains(text(), \"Select\")]"}
COMMAND: POST /session/16f78b01815a2e3a707cc501cb0afb21/element/f.2B12B0EA68CDE32E3DD19BB79ABA46A3.d.A3B28A642594796975F45A046FA60DB6.e.13778/click - {}
RESULT: {}
COMMAND: GET /session/16f78b01815a2e3a707cc501cb0afb21/screenshot - {}
RESULT: {}
COMMAND: POST /session/16f78b01815a2e3a707cc501cb0afb21/execute/async - {"script":"<script> [1562 bytes]","args":[{"selector":{"controlType":"sap.m.Input","viewName":"etm.portal.ui.managehandovers.view.AddNewHO","viewId":"application-managehandovers-display-component---AddNewHO","bindingPath":{"path":"/items/0","propertyPath":"TYPE","modelName":"hoItemsModel"},"interaction":{"idSuffix":"inner"}},"wdio_ui5_key":"etmportal.ui.managehandovers.view.AddNewHOsap.m.Input{\"path\":\"/items/0\",\"propertyPath\":\"TYPE\",\"modelName\":\"hoItemsModel\"}"}]}
RESULT: {"script":"<script> [1562 bytes]","args":[{"selector":{"controlType":"sap.m.Input","viewName":"etm.portal.ui.managehandovers.view.AddNewHO","viewId":"application-managehandovers-display-component---AddNewHO","bindingPath":{"path":"/items/0","propertyPath":"TYPE","modelName":"hoItemsModel"},"interaction":{"idSuffix":"inner"}},"wdio_ui5_key":"etmportal.ui.managehandovers.view.AddNewHOsap.m.Input{\"path\":\"/items/0\",\"propertyPath\":\"TYPE\",\"modelName\":\"hoItemsModel\"}"}]}
RESULT: undefined
COMMAND: POST /session/16f78b01815a2e3a707cc501cb0afb21/execute/async - {"script":"<script> [776 bytes]","args":[{"enterText":"100","selector":{"controlType":"sap.m.Input","viewName":"etm.portal.ui.managehandovers.view.AddNewHO","viewId":"application-managehandovers-display-component---AddNewHO","bindingPath":{"path":"/items/0","propertyPath":"TYPE","modelName":"hoItemsModel"},"interaction":{"idSuffix":"inner"}},"clearTextFirst":true,"interactionType":"ENTER_TEXT"}]}
RESULT: {"script":"<script> [776 bytes]","args":[{"enterText":"100","selector":{"controlType":"sap.m.Input","viewName":"etm.portal.ui.managehandovers.view.AddNewHO","viewId":"application-managehandovers-display-component---AddNewHO","bindingPath":{"path":"/items/0","propertyPath":"TYPE","modelName":"hoItemsModel"},"interaction":{"idSuffix":"inner"}},"clearTextFirst":true,"interactionType":"ENTER_TEXT"}]}
COMMAND: POST /session/16f78b01815a2e3a707cc501cb0afb21/element - {"using":"xpath","value":"//button[@data-kt=\"AddNewHOSaveButton\"]"}
RESULT: {"using":"xpath","value":"//button[@data-kt=\"AddNewHOSaveButton\"]"}
COMMAND: POST /session/16f78b01815a2e3a707cc501cb0afb21/element/f.2B12B0EA68CDE32E3DD19BB79ABA46A3.d.A3B28A642594796975F45A046FA60DB6.e.13785/click - {}
RESULT: {}
COMMAND: GET /session/16f78b01815a2e3a707cc501cb0afb21/screenshot - {}
RESULT: {}
COMMAND: POST /session/16f78b01815a2e3a707cc501cb0afb21/execute/async - {"script":"<script> [1562 bytes]","args":[{"selector":{"id":"receiptDatePicker","viewName":"etm.portal.ui.managehandovers.view.DetailExecuteHO","interaction":{"idSuffix":"inner"}},"wdio_ui5_key":"receiptDatePickeretmportal.ui.managehandovers.view.DetailExecuteHO"}]}
RESULT: {"script":"<script> [1562 bytes]","args":[{"selector":{"id":"receiptDatePicker","viewName":"etm.portal.ui.managehandovers.view.DetailExecuteHO","interaction":{"idSuffix":"inner"}},"wdio_ui5_key":"receiptDatePickeretmportal.ui.managehandovers.view.DetailExecuteHO"}]}
RESULT: undefined
COMMAND: POST /session/16f78b01815a2e3a707cc501cb0afb21/execute/async - {"script":"<script> [6424 bytes]","args":[{"element-6066-11e4-a52e-4f735466cecf":"f.2B12B0EA68CDE32E3DD19BB79ABA46A3.d.A3B28A642594796975F45A046FA60DB6.e.13805"},"setValue",["5/19/25"]]}
RESULT: {"script":"<script> [6424 bytes]","args":[{"element-6066-11e4-a52e-4f735466cecf":"f.2B12B0EA68CDE32E3DD19BB79ABA46A3.d.A3B28A642594796975F45A046FA60DB6.e.13805"},"setValue",["5/19/25"]]}
COMMAND: POST /session/16f78b01815a2e3a707cc501cb0afb21/element - {"using":"xpath","value":"//button[@data-kt=\"PickingTableConfirmAllButton\"]"}
RESULT: {"using":"xpath","value":"//button[@data-kt=\"PickingTableConfirmAllButton\"]"}
COMMAND: POST /session/16f78b01815a2e3a707cc501cb0afb21/element/f.2B12B0EA68CDE32E3DD19BB79ABA46A3.d.A3B28A642594796975F45A046FA60DB6.e.13824/click - {}
RESULT: {}
COMMAND: GET /session/16f78b01815a2e3a707cc501cb0afb21/screenshot - {}
RESULT: {}
COMMAND: POST /session/16f78b01815a2e3a707cc501cb0afb21/element - {"using":"xpath","value":"//bdi[contains(text(), \"OK\")]"}
RESULT: {"using":"xpath","value":"//bdi[contains(text(), \"OK\")]"}
COMMAND: POST /session/16f78b01815a2e3a707cc501cb0afb21/element/f.2B12B0EA68CDE32E3DD19BB79ABA46A3.d.A3B28A642594796975F45A046FA60DB6.e.13826/click - {}
RESULT: {}
COMMAND: GET /session/16f78b01815a2e3a707cc501cb0afb21/screenshot - {}
RESULT: {}
COMMAND: POST /session/16f78b01815a2e3a707cc501cb0afb21/element - {"using":"xpath","value":"(//bdi[contains(text(), \"Receive\")])[2]"}
RESULT: {"using":"xpath","value":"(//bdi[contains(text(), \"Receive\")])[2]"}
COMMAND: POST /session/16f78b01815a2e3a707cc501cb0afb21/element/f.2B12B0EA68CDE32E3DD19BB79ABA46A3.d.A3B28A642594796975F45A046FA60DB6.e.13828/click - {}
RESULT: {}
COMMAND: GET /session/16f78b01815a2e3a707cc501cb0afb21/screenshot - {}
RESULT: {}
COMMAND: POST /session/16f78b01815a2e3a707cc501cb0afb21/element - {"using":"css selector","value":"#shell-header-logo"}
RESULT: {"using":"css selector","value":"#shell-header-logo"}
COMMAND: POST /session/16f78b01815a2e3a707cc501cb0afb21/element/f.2B12B0EA68CDE32E3DD19BB79ABA46A3.d.A3B28A642594796975F45A046FA60DB6.e.13267/click - {}
RESULT: {}
]]></system-out>
    </testcase>
    <testcase classname="chrome.136_0_7103_93.windows.E2E_-_Logistical_and_commercial_statuses" name="Should add a pricing rule and a condition to the RU" time="99.246">
      <system-out><![CDATA[
COMMAND: POST /session/16f78b01815a2e3a707cc501cb0afb21/execute/async - {"script":"<script> [1562 bytes]","args":[{"selector":{"controlType":"sap.m.GenericTile","properties":{"header":"Manage Pricing Rules"}},"wdio_ui5_key":"sapm.GenericTile{\"header\":\"Manage Pricing Rules\"}"}]}
COMMAND: GET /session/16f78b01815a2e3a707cc501cb0afb21/screenshot - {}
RESULT: {"script":"<script> [1562 bytes]","args":[{"selector":{"controlType":"sap.m.GenericTile","properties":{"header":"Manage Pricing Rules"}},"wdio_ui5_key":"sapm.GenericTile{\"header\":\"Manage Pricing Rules\"}"}]}
RESULT: undefined
COMMAND: POST /session/16f78b01815a2e3a707cc501cb0afb21/element - {"using":"xpath","value":"//*[@id=\"__tile55\"]"}
RESULT: {}
RESULT: {"using":"xpath","value":"//*[@id=\"__tile55\"]"}
COMMAND: POST /session/16f78b01815a2e3a707cc501cb0afb21/element/f.2B12B0EA68CDE32E3DD19BB79ABA46A3.d.A3B28A642594796975F45A046FA60DB6.e.13972/click - {}
RESULT: {}
COMMAND: GET /session/16f78b01815a2e3a707cc501cb0afb21/screenshot - {}
RESULT: {}
COMMAND: POST /session/16f78b01815a2e3a707cc501cb0afb21/elements - {"using":"xpath","value":"//span[text()='Error']"}
RESULT: {"using":"xpath","value":"//span[text()='Error']"}
COMMAND: POST /session/16f78b01815a2e3a707cc501cb0afb21/execute/async - {"script":"<script> [1562 bytes]","args":[{"selector":{"controlType":"sap.ui.core.Icon","viewName":"etm.portal.ui.managepricingrules.view.MasterHeader","viewId":"application-managepricingrules-display-component---priceInfoHeader","properties":{"src":{"regex":{"source":"activity\\-items"}}}},"wdio_ui5_key":"etmportal.ui.managepricingrules.view.MasterHeadersap.ui.core.Icon{\"src\":{\"regex\":{\"source\":\"activity\\\\-items\"}}}"}]}
RESULT: {"script":"<script> [1562 bytes]","args":[{"selector":{"controlType":"sap.ui.core.Icon","viewName":"etm.portal.ui.managepricingrules.view.MasterHeader","viewId":"application-managepricingrules-display-component---priceInfoHeader","properties":{"src":{"regex":{"source":"activity\\-items"}}}},"wdio_ui5_key":"etmportal.ui.managepricingrules.view.MasterHeadersap.ui.core.Icon{\"src\":{\"regex\":{\"source\":\"activity\\\\-items\"}}}"}]}
RESULT: undefined
COMMAND: POST /session/16f78b01815a2e3a707cc501cb0afb21/element - {"using":"xpath","value":"//*[@id=\"__filter22-icon\"]"}
RESULT: {"using":"xpath","value":"//*[@id=\"__filter22-icon\"]"}
COMMAND: POST /session/16f78b01815a2e3a707cc501cb0afb21/element/f.2B12B0EA68CDE32E3DD19BB79ABA46A3.d.A3B28A642594796975F45A046FA60DB6.e.14056/click - {}
RESULT: {}
COMMAND: GET /session/16f78b01815a2e3a707cc501cb0afb21/screenshot - {}
RESULT: {}
COMMAND: POST /session/16f78b01815a2e3a707cc501cb0afb21/execute/async - {"script":"<script> [1562 bytes]","args":[{"selector":{"controlType":"sap.ui.core.Icon","viewName":"etm.portal.ui.managepricingrules.view.MasterItem","viewId":"application-managepricingrules-display-component---priceInfoItem","properties":{"src":{"regex":{"source":"add"}}}},"wdio_ui5_key":"etmportal.ui.managepricingrules.view.MasterItemsap.ui.core.Icon{\"src\":{\"regex\":{\"source\":\"add\"}}}"}]}
RESULT: {"script":"<script> [1562 bytes]","args":[{"selector":{"controlType":"sap.ui.core.Icon","viewName":"etm.portal.ui.managepricingrules.view.MasterItem","viewId":"application-managepricingrules-display-component---priceInfoItem","properties":{"src":{"regex":{"source":"add"}}}},"wdio_ui5_key":"etmportal.ui.managepricingrules.view.MasterItemsap.ui.core.Icon{\"src\":{\"regex\":{\"source\":\"add\"}}}"}]}
RESULT: undefined
COMMAND: POST /session/16f78b01815a2e3a707cc501cb0afb21/element - {"using":"xpath","value":"//*[@id=\"__button67-img\"]"}
RESULT: {"using":"xpath","value":"//*[@id=\"__button67-img\"]"}
COMMAND: POST /session/16f78b01815a2e3a707cc501cb0afb21/element/f.2B12B0EA68CDE32E3DD19BB79ABA46A3.d.A3B28A642594796975F45A046FA60DB6.e.14102/click - {}
RESULT: {}
COMMAND: GET /session/16f78b01815a2e3a707cc501cb0afb21/screenshot - {}
RESULT: {}
COMMAND: POST /session/16f78b01815a2e3a707cc501cb0afb21/element - {"using":"xpath","value":"//input[@id=\"application-managepricingrules-display-component---newInfoPriceItem--condRU-inner\"]"}
RESULT: {"using":"xpath","value":"//input[@id=\"application-managepricingrules-display-component---newInfoPriceItem--condRU-inner\"]"}
COMMAND: POST /session/16f78b01815a2e3a707cc501cb0afb21/element/f.2B12B0EA68CDE32E3DD19BB79ABA46A3.d.A3B28A642594796975F45A046FA60DB6.e.14314/clear - {}
RESULT: {}
COMMAND: POST /session/16f78b01815a2e3a707cc501cb0afb21/element/f.2B12B0EA68CDE32E3DD19BB79ABA46A3.d.A3B28A642594796975F45A046FA60DB6.e.14314/value - {"text":"WebdriverRUR2Caqhhx"}
COMMAND: GET /session/16f78b01815a2e3a707cc501cb0afb21/screenshot - {}
RESULT: {}
RESULT: {"text":"WebdriverRUR2Caqhhx"}
COMMAND: POST /session/16f78b01815a2e3a707cc501cb0afb21/execute/async - {"script":"<script> [1562 bytes]","args":[{"selector":{"id":"application-managepricingrules-display-component---newInfoPriceItem--condValidTo","interaction":{"idSuffix":"inner"}},"wdio_ui5_key":"applicationmanagepricingrules-display-component---newInfoPriceItem--condValidTo"}]}
COMMAND: GET /session/16f78b01815a2e3a707cc501cb0afb21/screenshot - {}
RESULT: {"script":"<script> [1562 bytes]","args":[{"selector":{"id":"application-managepricingrules-display-component---newInfoPriceItem--condValidTo","interaction":{"idSuffix":"inner"}},"wdio_ui5_key":"applicationmanagepricingrules-display-component---newInfoPriceItem--condValidTo"}]}
RESULT: undefined
COMMAND: POST /session/16f78b01815a2e3a707cc501cb0afb21/execute/async - {"script":"<script> [776 bytes]","args":[{"enterText":"5/18/33","selector":{"id":"application-managepricingrules-display-component---newInfoPriceItem--condValidTo","interaction":{"idSuffix":"inner"}},"clearTextFirst":true,"interactionType":"ENTER_TEXT"}]}
RESULT: {}
RESULT: {"script":"<script> [776 bytes]","args":[{"enterText":"5/18/33","selector":{"id":"application-managepricingrules-display-component---newInfoPriceItem--condValidTo","interaction":{"idSuffix":"inner"}},"clearTextFirst":true,"interactionType":"ENTER_TEXT"}]}
COMMAND: POST /session/16f78b01815a2e3a707cc501cb0afb21/execute/async - {"script":"<script> [1562 bytes]","args":[{"selector":{"id":"application-managepricingrules-display-component---newInfoPriceItem--billType-arrow"},"wdio_ui5_key":"applicationmanagepricingrules-display-component---newInfoPriceItem--billType-arrow"}]}
RESULT: {"script":"<script> [1562 bytes]","args":[{"selector":{"id":"application-managepricingrules-display-component---newInfoPriceItem--billType-arrow"},"wdio_ui5_key":"applicationmanagepricingrules-display-component---newInfoPriceItem--billType-arrow"}]}
RESULT: undefined
COMMAND: POST /session/16f78b01815a2e3a707cc501cb0afb21/element - {"using":"xpath","value":"//*[@id=\"application-managepricingrules-display-component---newInfoPriceItem--billType-arrow\"]"}
RESULT: {"using":"xpath","value":"//*[@id=\"application-managepricingrules-display-component---newInfoPriceItem--billType-arrow\"]"}
COMMAND: POST /session/16f78b01815a2e3a707cc501cb0afb21/element/f.2B12B0EA68CDE32E3DD19BB79ABA46A3.d.A3B28A642594796975F45A046FA60DB6.e.14364/click - {}
RESULT: {}
COMMAND: POST /session/16f78b01815a2e3a707cc501cb0afb21/element - {"using":"xpath","value":"//span[contains(text(), \"TB - Time based\")]"}
COMMAND: GET /session/16f78b01815a2e3a707cc501cb0afb21/screenshot - {}
RESULT: {"using":"xpath","value":"//span[contains(text(), \"TB - Time based\")]"}
COMMAND: POST /session/16f78b01815a2e3a707cc501cb0afb21/element/f.2B12B0EA68CDE32E3DD19BB79ABA46A3.d.A3B28A642594796975F45A046FA60DB6.e.14365/click - {}
RESULT: {}
RESULT: {}
COMMAND: POST /session/16f78b01815a2e3a707cc501cb0afb21/execute/async - {"script":"<script> [1562 bytes]","args":[{"selector":{"id":"application-managepricingrules-display-component---newInfoPriceItem--priceProc-arrow"},"wdio_ui5_key":"applicationmanagepricingrules-display-component---newInfoPriceItem--priceProc-arrow"}]}
COMMAND: GET /session/16f78b01815a2e3a707cc501cb0afb21/screenshot - {}
RESULT: {"script":"<script> [1562 bytes]","args":[{"selector":{"id":"application-managepricingrules-display-component---newInfoPriceItem--priceProc-arrow"},"wdio_ui5_key":"applicationmanagepricingrules-display-component---newInfoPriceItem--priceProc-arrow"}]}
RESULT: undefined
COMMAND: POST /session/16f78b01815a2e3a707cc501cb0afb21/element - {"using":"xpath","value":"//*[@id=\"application-managepricingrules-display-component---newInfoPriceItem--priceProc-arrow\"]"}
RESULT: {}
RESULT: {"using":"xpath","value":"//*[@id=\"application-managepricingrules-display-component---newInfoPriceItem--priceProc-arrow\"]"}
COMMAND: POST /session/16f78b01815a2e3a707cc501cb0afb21/element/f.2B12B0EA68CDE32E3DD19BB79ABA46A3.d.A3B28A642594796975F45A046FA60DB6.e.14366/click - {}
RESULT: {}
COMMAND: POST /session/16f78b01815a2e3a707cc501cb0afb21/element - {"using":"xpath","value":"//span[contains(text(), \"TBS - Time based standard\")]"}
COMMAND: GET /session/16f78b01815a2e3a707cc501cb0afb21/screenshot - {}
RESULT: {"using":"xpath","value":"//span[contains(text(), \"TBS - Time based standard\")]"}
COMMAND: POST /session/16f78b01815a2e3a707cc501cb0afb21/element/f.2B12B0EA68CDE32E3DD19BB79ABA46A3.d.A3B28A642594796975F45A046FA60DB6.e.14367/click - {}
RESULT: {}
RESULT: {}
COMMAND: POST /session/16f78b01815a2e3a707cc501cb0afb21/execute/async - {"script":"<script> [1562 bytes]","args":[{"selector":{"id":"application-managepricingrules-display-component---newInfoPriceItem--calcBase-arrow"},"wdio_ui5_key":"applicationmanagepricingrules-display-component---newInfoPriceItem--calcBase-arrow"}]}
COMMAND: GET /session/16f78b01815a2e3a707cc501cb0afb21/screenshot - {}
RESULT: {"script":"<script> [1562 bytes]","args":[{"selector":{"id":"application-managepricingrules-display-component---newInfoPriceItem--calcBase-arrow"},"wdio_ui5_key":"applicationmanagepricingrules-display-component---newInfoPriceItem--calcBase-arrow"}]}
RESULT: undefined
COMMAND: POST /session/16f78b01815a2e3a707cc501cb0afb21/element - {"using":"xpath","value":"//*[@id=\"application-managepricingrules-display-component---newInfoPriceItem--calcBase-arrow\"]"}
RESULT: {}
RESULT: {"using":"xpath","value":"//*[@id=\"application-managepricingrules-display-component---newInfoPriceItem--calcBase-arrow\"]"}
COMMAND: POST /session/16f78b01815a2e3a707cc501cb0afb21/element/f.2B12B0EA68CDE32E3DD19BB79ABA46A3.d.A3B28A642594796975F45A046FA60DB6.e.14368/click - {}
RESULT: {}
COMMAND: GET /session/16f78b01815a2e3a707cc501cb0afb21/screenshot - {}
RESULT: {}
COMMAND: POST /session/16f78b01815a2e3a707cc501cb0afb21/element - {"using":"xpath","value":"//span[contains(text(), \"0006 - TB(calendar days)\")]"}
RESULT: {"using":"xpath","value":"//span[contains(text(), \"0006 - TB(calendar days)\")]"}
COMMAND: POST /session/16f78b01815a2e3a707cc501cb0afb21/element/f.2B12B0EA68CDE32E3DD19BB79ABA46A3.d.A3B28A642594796975F45A046FA60DB6.e.14369/click - {}
RESULT: {}
COMMAND: POST /session/16f78b01815a2e3a707cc501cb0afb21/execute/async - {"script":"<script> [1562 bytes]","args":[{"selector":{"id":"application-managepricingrules-display-component---newInfoPriceItem--daysMonth","interaction":{"idSuffix":"inner"}},"wdio_ui5_key":"applicationmanagepricingrules-display-component---newInfoPriceItem--daysMonth"}]}
COMMAND: GET /session/16f78b01815a2e3a707cc501cb0afb21/screenshot - {}
RESULT: {"script":"<script> [1562 bytes]","args":[{"selector":{"id":"application-managepricingrules-display-component---newInfoPriceItem--daysMonth","interaction":{"idSuffix":"inner"}},"wdio_ui5_key":"applicationmanagepricingrules-display-component---newInfoPriceItem--daysMonth"}]}
RESULT: undefined
COMMAND: POST /session/16f78b01815a2e3a707cc501cb0afb21/execute/async - {"script":"<script> [776 bytes]","args":[{"enterText":"30","selector":{"id":"application-managepricingrules-display-component---newInfoPriceItem--daysMonth","interaction":{"idSuffix":"inner"}},"clearTextFirst":true,"interactionType":"ENTER_TEXT"}]}
RESULT: {}
RESULT: {"script":"<script> [776 bytes]","args":[{"enterText":"30","selector":{"id":"application-managepricingrules-display-component---newInfoPriceItem--daysMonth","interaction":{"idSuffix":"inner"}},"clearTextFirst":true,"interactionType":"ENTER_TEXT"}]}
COMMAND: POST /session/16f78b01815a2e3a707cc501cb0afb21/element - {"using":"xpath","value":"//button[@data-kt=\"saveNewRuleButton\"]"}
RESULT: {"using":"xpath","value":"//button[@data-kt=\"saveNewRuleButton\"]"}
COMMAND: POST /session/16f78b01815a2e3a707cc501cb0afb21/element/f.2B12B0EA68CDE32E3DD19BB79ABA46A3.d.A3B28A642594796975F45A046FA60DB6.e.14371/click - {}
RESULT: {}
COMMAND: GET /session/16f78b01815a2e3a707cc501cb0afb21/screenshot - {}
RESULT: {}
COMMAND: POST /session/16f78b01815a2e3a707cc501cb0afb21/element - {"using":"css selector","value":"#shell-header-logo"}
RESULT: {"using":"css selector","value":"#shell-header-logo"}
COMMAND: POST /session/16f78b01815a2e3a707cc501cb0afb21/element/f.2B12B0EA68CDE32E3DD19BB79ABA46A3.d.A3B28A642594796975F45A046FA60DB6.e.13975/click - {}
RESULT: {}
COMMAND: GET /session/16f78b01815a2e3a707cc501cb0afb21/screenshot - {}
RESULT: {}
COMMAND: POST /session/16f78b01815a2e3a707cc501cb0afb21/execute/async - {"script":"<script> [1562 bytes]","args":[{"selector":{"controlType":"sap.m.Text","properties":{"text":"Manage Conditions & Prices"},"interaction":{"idSuffix":"inner"}},"wdio_ui5_key":"sapm.Text{\"text\":\"Manage Conditions & Prices\"}"}]}
RESULT: {"script":"<script> [1562 bytes]","args":[{"selector":{"controlType":"sap.m.Text","properties":{"text":"Manage Conditions & Prices"},"interaction":{"idSuffix":"inner"}},"wdio_ui5_key":"sapm.Text{\"text\":\"Manage Conditions & Prices\"}"}]}
RESULT: undefined
COMMAND: POST /session/16f78b01815a2e3a707cc501cb0afb21/element - {"using":"xpath","value":"//*[@id=\"__tile53-title\"]"}
RESULT: {"using":"xpath","value":"//*[@id=\"__tile53-title\"]"}
COMMAND: POST /session/16f78b01815a2e3a707cc501cb0afb21/element/f.2B12B0EA68CDE32E3DD19BB79ABA46A3.d.A3B28A642594796975F45A046FA60DB6.e.14390/click - {}
RESULT: {}
COMMAND: GET /session/16f78b01815a2e3a707cc501cb0afb21/screenshot - {}
RESULT: {}
COMMAND: POST /session/16f78b01815a2e3a707cc501cb0afb21/element - {"using":"xpath","value":"//button[@aria-label=\"Create\"]"}
RESULT: {"using":"xpath","value":"//button[@aria-label=\"Create\"]"}
COMMAND: POST /session/16f78b01815a2e3a707cc501cb0afb21/elements - {"using":"xpath","value":"//button[@aria-label=\"Create\"]"}
RESULT: {"using":"xpath","value":"//button[@aria-label=\"Create\"]"}
COMMAND: POST /session/16f78b01815a2e3a707cc501cb0afb21/elements - {"using":"xpath","value":"//button[@aria-label=\"Create\"]"}
RESULT: {"using":"xpath","value":"//button[@aria-label=\"Create\"]"}
COMMAND: POST /session/16f78b01815a2e3a707cc501cb0afb21/element - {"using":"xpath","value":"//button[@aria-label=\"Create\"]"}
RESULT: {"using":"xpath","value":"//button[@aria-label=\"Create\"]"}
COMMAND: POST /session/16f78b01815a2e3a707cc501cb0afb21/element/f.2B12B0EA68CDE32E3DD19BB79ABA46A3.d.A3B28A642594796975F45A046FA60DB6.e.14422/click - {}
RESULT: {}
COMMAND: POST /session/16f78b01815a2e3a707cc501cb0afb21/actions - {"actions":[{"id":"action72","type":"key","parameters":{},"actions":[{"type":"keyDown","value":"î€‡"},{"type":"pause","duration":10},{"type":"keyUp","value":"î€‡"}]}]}
COMMAND: GET /session/16f78b01815a2e3a707cc501cb0afb21/screenshot - {}
RESULT: {"actions":[{"id":"action72","type":"key","parameters":{},"actions":[{"type":"keyDown","value":"î€‡"},{"type":"pause","duration":10},{"type":"keyUp","value":"î€‡"}]}]}
COMMAND: GET /session/16f78b01815a2e3a707cc501cb0afb21/screenshot - {}
COMMAND: POST /session/16f78b01815a2e3a707cc501cb0afb21/execute/async - {"script":"<script> [1562 bytes]","args":[{"selector":{"id":"application-manageconditionprice-display-component---newCondition--condBillCond-arrow"},"wdio_ui5_key":"applicationmanageconditionprice-display-component---newCondition--condBillCond-arrow"}]}
RESULT: {}
RESULT: {}
RESULT: {"script":"<script> [1562 bytes]","args":[{"selector":{"id":"application-manageconditionprice-display-component---newCondition--condBillCond-arrow"},"wdio_ui5_key":"applicationmanageconditionprice-display-component---newCondition--condBillCond-arrow"}]}
RESULT: undefined
COMMAND: POST /session/16f78b01815a2e3a707cc501cb0afb21/element - {"using":"xpath","value":"//*[@id=\"application-manageconditionprice-display-component---newCondition--condBillCond-arrow\"]"}
RESULT: {"using":"xpath","value":"//*[@id=\"application-manageconditionprice-display-component---newCondition--condBillCond-arrow\"]"}
COMMAND: POST /session/16f78b01815a2e3a707cc501cb0afb21/element/f.2B12B0EA68CDE32E3DD19BB79ABA46A3.d.A3B28A642594796975F45A046FA60DB6.e.14770/click - {}
RESULT: {}
COMMAND: POST /session/16f78b01815a2e3a707cc501cb0afb21/element - {"using":"xpath","value":"//span[contains(text(), \"DISP - D&I special price\")]"}
COMMAND: GET /session/16f78b01815a2e3a707cc501cb0afb21/screenshot - {}
RESULT: {"using":"xpath","value":"//span[contains(text(), \"DISP - D&I special price\")]"}
COMMAND: POST /session/16f78b01815a2e3a707cc501cb0afb21/element/f.2B12B0EA68CDE32E3DD19BB79ABA46A3.d.A3B28A642594796975F45A046FA60DB6.e.14771/click - {}
RESULT: {}
RESULT: {}
COMMAND: POST /session/16f78b01815a2e3a707cc501cb0afb21/execute/async - {"script":"<script> [1562 bytes]","args":[{"selector":{"id":"application-manageconditionprice-display-component---newCondition--condValidTo","interaction":{"idSuffix":"inner"}},"wdio_ui5_key":"applicationmanageconditionprice-display-component---newCondition--condValidTo"}]}
COMMAND: GET /session/16f78b01815a2e3a707cc501cb0afb21/screenshot - {}
RESULT: {"script":"<script> [1562 bytes]","args":[{"selector":{"id":"application-manageconditionprice-display-component---newCondition--condValidTo","interaction":{"idSuffix":"inner"}},"wdio_ui5_key":"applicationmanageconditionprice-display-component---newCondition--condValidTo"}]}
RESULT: undefined
COMMAND: POST /session/16f78b01815a2e3a707cc501cb0afb21/execute/async - {"script":"<script> [776 bytes]","args":[{"enterText":"5/11/33","selector":{"id":"application-manageconditionprice-display-component---newCondition--condValidTo","interaction":{"idSuffix":"inner"}},"clearTextFirst":true,"interactionType":"ENTER_TEXT"}]}
RESULT: {}
RESULT: {"script":"<script> [776 bytes]","args":[{"enterText":"5/11/33","selector":{"id":"application-manageconditionprice-display-component---newCondition--condValidTo","interaction":{"idSuffix":"inner"}},"clearTextFirst":true,"interactionType":"ENTER_TEXT"}]}
COMMAND: POST /session/16f78b01815a2e3a707cc501cb0afb21/element - {"using":"xpath","value":"//input[@id=\"application-manageconditionprice-display-component---newCondition--condRU-inner\"]"}
RESULT: {"using":"xpath","value":"//input[@id=\"application-manageconditionprice-display-component---newCondition--condRU-inner\"]"}
COMMAND: POST /session/16f78b01815a2e3a707cc501cb0afb21/element/f.2B12B0EA68CDE32E3DD19BB79ABA46A3.d.A3B28A642594796975F45A046FA60DB6.e.14520/clear - {}
RESULT: {}
COMMAND: POST /session/16f78b01815a2e3a707cc501cb0afb21/element/f.2B12B0EA68CDE32E3DD19BB79ABA46A3.d.A3B28A642594796975F45A046FA60DB6.e.14520/value - {"text":"WebdriverRUR2Caqhhx"}
COMMAND: GET /session/16f78b01815a2e3a707cc501cb0afb21/screenshot - {}
RESULT: {"text":"WebdriverRUR2Caqhhx"}
COMMAND: GET /session/16f78b01815a2e3a707cc501cb0afb21/screenshot - {}
RESULT: {}
RESULT: {}
COMMAND: POST /session/16f78b01815a2e3a707cc501cb0afb21/actions - {"actions":[{"id":"action73","type":"key","parameters":{},"actions":[{"type":"keyDown","value":"î€‡"},{"type":"pause","duration":10},{"type":"keyUp","value":"î€‡"}]}]}
RESULT: {"actions":[{"id":"action73","type":"key","parameters":{},"actions":[{"type":"keyDown","value":"î€‡"},{"type":"pause","duration":10},{"type":"keyUp","value":"î€‡"}]}]}
COMMAND: POST /session/16f78b01815a2e3a707cc501cb0afb21/execute/async - {"script":"<script> [1562 bytes]","args":[{"selector":{"id":"application-manageconditionprice-display-component---newCondition--condBaseQty","interaction":{"idSuffix":"inner"}},"wdio_ui5_key":"applicationmanageconditionprice-display-component---newCondition--condBaseQty"}]}
COMMAND: GET /session/16f78b01815a2e3a707cc501cb0afb21/screenshot - {}
RESULT: {"script":"<script> [1562 bytes]","args":[{"selector":{"id":"application-manageconditionprice-display-component---newCondition--condBaseQty","interaction":{"idSuffix":"inner"}},"wdio_ui5_key":"applicationmanageconditionprice-display-component---newCondition--condBaseQty"}]}
RESULT: undefined
COMMAND: POST /session/16f78b01815a2e3a707cc501cb0afb21/execute/async - {"script":"<script> [776 bytes]","args":[{"enterText":"1","selector":{"id":"application-manageconditionprice-display-component---newCondition--condBaseQty","interaction":{"idSuffix":"inner"}},"clearTextFirst":true,"interactionType":"ENTER_TEXT"}]}
RESULT: {}
RESULT: {"script":"<script> [776 bytes]","args":[{"enterText":"1","selector":{"id":"application-manageconditionprice-display-component---newCondition--condBaseQty","interaction":{"idSuffix":"inner"}},"clearTextFirst":true,"interactionType":"ENTER_TEXT"}]}
COMMAND: POST /session/16f78b01815a2e3a707cc501cb0afb21/execute/async - {"script":"<script> [1562 bytes]","args":[{"selector":{"id":"application-manageconditionprice-display-component---newCondition--condValue","interaction":{"idSuffix":"inner"}},"wdio_ui5_key":"applicationmanageconditionprice-display-component---newCondition--condValue"}]}
RESULT: {"script":"<script> [1562 bytes]","args":[{"selector":{"id":"application-manageconditionprice-display-component---newCondition--condValue","interaction":{"idSuffix":"inner"}},"wdio_ui5_key":"applicationmanageconditionprice-display-component---newCondition--condValue"}]}
RESULT: undefined
COMMAND: POST /session/16f78b01815a2e3a707cc501cb0afb21/execute/async - {"script":"<script> [776 bytes]","args":[{"enterText":"100","selector":{"id":"application-manageconditionprice-display-component---newCondition--condValue","interaction":{"idSuffix":"inner"}},"clearTextFirst":true,"interactionType":"ENTER_TEXT"}]}
RESULT: {"script":"<script> [776 bytes]","args":[{"enterText":"100","selector":{"id":"application-manageconditionprice-display-component---newCondition--condValue","interaction":{"idSuffix":"inner"}},"clearTextFirst":true,"interactionType":"ENTER_TEXT"}]}
COMMAND: POST /session/16f78b01815a2e3a707cc501cb0afb21/execute/async - {"script":"<script> [1562 bytes]","args":[{"selector":{"id":"application-manageconditionprice-display-component---newCondition--condCurr-arrow"},"wdio_ui5_key":"applicationmanageconditionprice-display-component---newCondition--condCurr-arrow"}]}
RESULT: {"script":"<script> [1562 bytes]","args":[{"selector":{"id":"application-manageconditionprice-display-component---newCondition--condCurr-arrow"},"wdio_ui5_key":"applicationmanageconditionprice-display-component---newCondition--condCurr-arrow"}]}
RESULT: undefined
COMMAND: POST /session/16f78b01815a2e3a707cc501cb0afb21/element - {"using":"xpath","value":"//*[@id=\"application-manageconditionprice-display-component---newCondition--condCurr-arrow\"]"}
RESULT: {"using":"xpath","value":"//*[@id=\"application-manageconditionprice-display-component---newCondition--condCurr-arrow\"]"}
COMMAND: POST /session/16f78b01815a2e3a707cc501cb0afb21/element/f.2B12B0EA68CDE32E3DD19BB79ABA46A3.d.A3B28A642594796975F45A046FA60DB6.e.14763/click - {}
RESULT: {}
COMMAND: POST /session/16f78b01815a2e3a707cc501cb0afb21/element - {"using":"xpath","value":"//span[contains(text(), \"Euro\")]"}
COMMAND: GET /session/16f78b01815a2e3a707cc501cb0afb21/screenshot - {}
RESULT: {"using":"xpath","value":"//span[contains(text(), \"Euro\")]"}
COMMAND: POST /session/16f78b01815a2e3a707cc501cb0afb21/element/f.2B12B0EA68CDE32E3DD19BB79ABA46A3.d.A3B28A642594796975F45A046FA60DB6.e.14807/click - {}
RESULT: {}
RESULT: {}
COMMAND: POST /session/16f78b01815a2e3a707cc501cb0afb21/element - {"using":"xpath","value":"//button[@data-kt=\"saveButton\"]"}
COMMAND: GET /session/16f78b01815a2e3a707cc501cb0afb21/screenshot - {}
RESULT: {"using":"xpath","value":"//button[@data-kt=\"saveButton\"]"}
COMMAND: POST /session/16f78b01815a2e3a707cc501cb0afb21/element/f.2B12B0EA68CDE32E3DD19BB79ABA46A3.d.A3B28A642594796975F45A046FA60DB6.e.14764/click - {}
RESULT: {}
RESULT: {}
COMMAND: GET /session/16f78b01815a2e3a707cc501cb0afb21/screenshot - {}
RESULT: {}
COMMAND: POST /session/16f78b01815a2e3a707cc501cb0afb21/element - {"using":"css selector","value":"#shell-header-logo"}
RESULT: {"using":"css selector","value":"#shell-header-logo"}
COMMAND: POST /session/16f78b01815a2e3a707cc501cb0afb21/element/f.2B12B0EA68CDE32E3DD19BB79ABA46A3.d.A3B28A642594796975F45A046FA60DB6.e.14393/click - {}
RESULT: {}
COMMAND: GET /session/16f78b01815a2e3a707cc501cb0afb21/screenshot - {}
RESULT: {}
]]></system-out>
    </testcase>
    <testcase classname="chrome.136_0_7103_93.windows.E2E_-_Logistical_and_commercial_statuses" name="Should create a new contract" time="65.034">
      <system-out><![CDATA[
COMMAND: POST /session/16f78b01815a2e3a707cc501cb0afb21/execute/async - {"script":"<script> [1562 bytes]","args":[{"selector":{"controlType":"sap.m.GenericTile","properties":{"header":"Manage Contracts"}},"wdio_ui5_key":"sapm.GenericTile{\"header\":\"Manage Contracts\"}"}]}
RESULT: {"script":"<script> [1562 bytes]","args":[{"selector":{"controlType":"sap.m.GenericTile","properties":{"header":"Manage Contracts"}},"wdio_ui5_key":"sapm.GenericTile{\"header\":\"Manage Contracts\"}"}]}
RESULT: undefined
COMMAND: POST /session/16f78b01815a2e3a707cc501cb0afb21/element - {"using":"xpath","value":"//*[@id=\"__tile130\"]"}
RESULT: {"using":"xpath","value":"//*[@id=\"__tile130\"]"}
COMMAND: POST /session/16f78b01815a2e3a707cc501cb0afb21/element/f.2B12B0EA68CDE32E3DD19BB79ABA46A3.d.A3B28A642594796975F45A046FA60DB6.e.14810/click - {}
RESULT: {}
COMMAND: GET /session/16f78b01815a2e3a707cc501cb0afb21/screenshot - {}
RESULT: {}
COMMAND: POST /session/16f78b01815a2e3a707cc501cb0afb21/elements - {"using":"xpath","value":"//span[text()='Error']"}
RESULT: {"using":"xpath","value":"//span[text()='Error']"}
COMMAND: POST /session/16f78b01815a2e3a707cc501cb0afb21/element - {"using":"xpath","value":"//button[@data-kt=\"addButton\"]"}
RESULT: {"using":"xpath","value":"//button[@data-kt=\"addButton\"]"}
COMMAND: POST /session/16f78b01815a2e3a707cc501cb0afb21/element/f.2B12B0EA68CDE32E3DD19BB79ABA46A3.d.A3B28A642594796975F45A046FA60DB6.e.14861/click - {}
RESULT: {}
COMMAND: GET /session/16f78b01815a2e3a707cc501cb0afb21/screenshot - {}
COMMAND: POST /session/16f78b01815a2e3a707cc501cb0afb21/execute/async - {"script":"<script> [1562 bytes]","args":[{"selector":{"id":"application-managecontracts-display-component---AddNewContract--projectDescription","interaction":{"idSuffix":"inner"}},"wdio_ui5_key":"applicationmanagecontracts-display-component---AddNewContract--projectDescription"}]}
RESULT: {}
RESULT: {"script":"<script> [1562 bytes]","args":[{"selector":{"id":"application-managecontracts-display-component---AddNewContract--projectDescription","interaction":{"idSuffix":"inner"}},"wdio_ui5_key":"applicationmanagecontracts-display-component---AddNewContract--projectDescription"}]}
RESULT: undefined
COMMAND: POST /session/16f78b01815a2e3a707cc501cb0afb21/execute/async - {"script":"<script> [776 bytes]","args":[{"enterText":"WdIOR2cetau4","selector":{"id":"application-managecontracts-display-component---AddNewContract--projectDescription","interaction":{"idSuffix":"inner"}},"clearTextFirst":true,"interactionType":"ENTER_TEXT"}]}
RESULT: {"script":"<script> [776 bytes]","args":[{"enterText":"WdIOR2cetau4","selector":{"id":"application-managecontracts-display-component---AddNewContract--projectDescription","interaction":{"idSuffix":"inner"}},"clearTextFirst":true,"interactionType":"ENTER_TEXT"}]}
COMMAND: POST /session/16f78b01815a2e3a707cc501cb0afb21/element - {"using":"xpath","value":"//input[@id=\"application-managecontracts-display-component---AddNewContract--yardId-inner\"]"}
RESULT: {"using":"xpath","value":"//input[@id=\"application-managecontracts-display-component---AddNewContract--yardId-inner\"]"}
COMMAND: POST /session/16f78b01815a2e3a707cc501cb0afb21/element/f.2B12B0EA68CDE32E3DD19BB79ABA46A3.d.A3B28A642594796975F45A046FA60DB6.e.15158/clear - {}
RESULT: {}
COMMAND: POST /session/16f78b01815a2e3a707cc501cb0afb21/element/f.2B12B0EA68CDE32E3DD19BB79ABA46A3.d.A3B28A642594796975F45A046FA60DB6.e.15158/value - {"text":"WebdriverYardsx936l"}
COMMAND: GET /session/16f78b01815a2e3a707cc501cb0afb21/screenshot - {}
RESULT: {"text":"WebdriverYardsx936l"}
COMMAND: GET /session/16f78b01815a2e3a707cc501cb0afb21/screenshot - {}
RESULT: {}
RESULT: {}
COMMAND: POST /session/16f78b01815a2e3a707cc501cb0afb21/actions - {"actions":[{"id":"action74","type":"key","parameters":{},"actions":[{"type":"keyDown","value":"î€‡"},{"type":"pause","duration":10},{"type":"keyUp","value":"î€‡"}]}]}
RESULT: {"actions":[{"id":"action74","type":"key","parameters":{},"actions":[{"type":"keyDown","value":"î€‡"},{"type":"pause","duration":10},{"type":"keyUp","value":"î€‡"}]}]}
COMMAND: GET /session/16f78b01815a2e3a707cc501cb0afb21/screenshot - {}
RESULT: {}
COMMAND: POST /session/16f78b01815a2e3a707cc501cb0afb21/element - {"using":"xpath","value":"//input[@id=\"application-managecontracts-display-component---AddNewContract--customerSelect-inner\"]"}
RESULT: {"using":"xpath","value":"//input[@id=\"application-managecontracts-display-component---AddNewContract--customerSelect-inner\"]"}
COMMAND: POST /session/16f78b01815a2e3a707cc501cb0afb21/element/f.2B12B0EA68CDE32E3DD19BB79ABA46A3.d.A3B28A642594796975F45A046FA60DB6.e.15156/clear - {}
RESULT: {}
COMMAND: POST /session/16f78b01815a2e3a707cc501cb0afb21/element/f.2B12B0EA68CDE32E3DD19BB79ABA46A3.d.A3B28A642594796975F45A046FA60DB6.e.15156/value - {"text":"WebdriverPartnerphel4g"}
COMMAND: GET /session/16f78b01815a2e3a707cc501cb0afb21/screenshot - {}
RESULT: {"text":"WebdriverPartnerphel4g"}
COMMAND: GET /session/16f78b01815a2e3a707cc501cb0afb21/screenshot - {}
RESULT: {}
RESULT: {}
COMMAND: POST /session/16f78b01815a2e3a707cc501cb0afb21/actions - {"actions":[{"id":"action75","type":"key","parameters":{},"actions":[{"type":"keyDown","value":"î€‡"},{"type":"pause","duration":10},{"type":"keyUp","value":"î€‡"}]}]}
RESULT: {"actions":[{"id":"action75","type":"key","parameters":{},"actions":[{"type":"keyDown","value":"î€‡"},{"type":"pause","duration":10},{"type":"keyUp","value":"î€‡"}]}]}
COMMAND: GET /session/16f78b01815a2e3a707cc501cb0afb21/screenshot - {}
RESULT: {}
COMMAND: POST /session/16f78b01815a2e3a707cc501cb0afb21/element - {"using":"xpath","value":"//input[@id=\"application-managecontracts-display-component---AddNewContract--site-inner\"]"}
RESULT: {"using":"xpath","value":"//input[@id=\"application-managecontracts-display-component---AddNewContract--site-inner\"]"}
COMMAND: POST /session/16f78b01815a2e3a707cc501cb0afb21/element/f.2B12B0EA68CDE32E3DD19BB79ABA46A3.d.A3B28A642594796975F45A046FA60DB6.e.15157/clear - {}
RESULT: {}
COMMAND: POST /session/16f78b01815a2e3a707cc501cb0afb21/element/f.2B12B0EA68CDE32E3DD19BB79ABA46A3.d.A3B28A642594796975F45A046FA60DB6.e.15157/value - {"text":"WebdriverSitebtucr"}
COMMAND: GET /session/16f78b01815a2e3a707cc501cb0afb21/screenshot - {}
RESULT: {"text":"WebdriverSitebtucr"}
COMMAND: GET /session/16f78b01815a2e3a707cc501cb0afb21/screenshot - {}
RESULT: {}
RESULT: {}
COMMAND: POST /session/16f78b01815a2e3a707cc501cb0afb21/actions - {"actions":[{"id":"action76","type":"key","parameters":{},"actions":[{"type":"keyDown","value":"î€‡"},{"type":"pause","duration":10},{"type":"keyUp","value":"î€‡"}]}]}
RESULT: {"actions":[{"id":"action76","type":"key","parameters":{},"actions":[{"type":"keyDown","value":"î€‡"},{"type":"pause","duration":10},{"type":"keyUp","value":"î€‡"}]}]}
COMMAND: POST /session/16f78b01815a2e3a707cc501cb0afb21/element - {"using":"xpath","value":"//button[@data-kt=\"saveButton\"]"}
COMMAND: GET /session/16f78b01815a2e3a707cc501cb0afb21/screenshot - {}
RESULT: {"using":"xpath","value":"//button[@data-kt=\"saveButton\"]"}
COMMAND: POST /session/16f78b01815a2e3a707cc501cb0afb21/element/f.2B12B0EA68CDE32E3DD19BB79ABA46A3.d.A3B28A642594796975F45A046FA60DB6.e.15193/click - {}
RESULT: {}
RESULT: {}
COMMAND: GET /session/16f78b01815a2e3a707cc501cb0afb21/screenshot - {}
RESULT: {}
COMMAND: POST /session/16f78b01815a2e3a707cc501cb0afb21/execute/async - {"script":"<script> [1562 bytes]","args":[{"selector":{"id":"contractDetailTitleNoExpanded","viewName":"etm.portal.ui.managecontracts.view.Detail"},"wdio_ui5_key":"contractDetailTitleNoExpandedetmportal.ui.managecontracts.view.Detail"}]}
RESULT: {"script":"<script> [1562 bytes]","args":[{"selector":{"id":"contractDetailTitleNoExpanded","viewName":"etm.portal.ui.managecontracts.view.Detail"},"wdio_ui5_key":"contractDetailTitleNoExpandedetmportal.ui.managecontracts.view.Detail"}]}
RESULT: undefined
COMMAND: POST /session/16f78b01815a2e3a707cc501cb0afb21/execute/async - {"script":"<script> [6424 bytes]","args":[{"element-6066-11e4-a52e-4f735466cecf":"f.2B12B0EA68CDE32E3DD19BB79ABA46A3.d.A3B28A642594796975F45A046FA60DB6.e.15265"},"getText",[]]}
RESULT: {"script":"<script> [6424 bytes]","args":[{"element-6066-11e4-a52e-4f735466cecf":"f.2B12B0EA68CDE32E3DD19BB79ABA46A3.d.A3B28A642594796975F45A046FA60DB6.e.15265"},"getText",[]]}
]]></system-out>
    </testcase>
    <testcase classname="chrome.136_0_7103_93.windows.E2E_-_Logistical_and_commercial_statuses" name="Should add materialID to the contract" time="43.51">
      <system-out><![CDATA[
COMMAND: POST /session/16f78b01815a2e3a707cc501cb0afb21/element - {"using":"xpath","value":"//button[@data-kt=\"contractDetailEditBtnButton\"]"}
RESULT: {"using":"xpath","value":"//button[@data-kt=\"contractDetailEditBtnButton\"]"}
COMMAND: POST /session/16f78b01815a2e3a707cc501cb0afb21/element/f.2B12B0EA68CDE32E3DD19BB79ABA46A3.d.A3B28A642594796975F45A046FA60DB6.e.15266/click - {}
RESULT: {}
COMMAND: GET /session/16f78b01815a2e3a707cc501cb0afb21/screenshot - {}
RESULT: {}
COMMAND: POST /session/16f78b01815a2e3a707cc501cb0afb21/element - {"using":"xpath","value":"(//span[contains(text(), \"Additional Addresses\")])[2]"}
RESULT: {"using":"xpath","value":"(//span[contains(text(), \"Additional Addresses\")])[2]"}
COMMAND: POST /session/16f78b01815a2e3a707cc501cb0afb21/element/f.2B12B0EA68CDE32E3DD19BB79ABA46A3.d.A3B28A642594796975F45A046FA60DB6.e.15321/click - {}
RESULT: {}
COMMAND: GET /session/16f78b01815a2e3a707cc501cb0afb21/screenshot - {}
RESULT: {}
COMMAND: POST /session/16f78b01815a2e3a707cc501cb0afb21/element - {"using":"xpath","value":"//button[@data-kt=\"btnAddTableRowOverflowToolbarButton\"]"}
RESULT: {"using":"xpath","value":"//button[@data-kt=\"btnAddTableRowOverflowToolbarButton\"]"}
COMMAND: POST /session/16f78b01815a2e3a707cc501cb0afb21/element/f.2B12B0EA68CDE32E3DD19BB79ABA46A3.d.A3B28A642594796975F45A046FA60DB6.e.15325/click - {}
RESULT: {}
COMMAND: GET /session/16f78b01815a2e3a707cc501cb0afb21/screenshot - {}
RESULT: {}
COMMAND: POST /session/16f78b01815a2e3a707cc501cb0afb21/element - {"using":"xpath","value":"//div[(text() = 'Standard Entry' or . = 'Standard Entry')]"}
RESULT: {"using":"xpath","value":"//div[(text() = 'Standard Entry' or . = 'Standard Entry')]"}
COMMAND: POST /session/16f78b01815a2e3a707cc501cb0afb21/element/f.2B12B0EA68CDE32E3DD19BB79ABA46A3.d.A3B28A642594796975F45A046FA60DB6.e.15327/click - {}
RESULT: {}
COMMAND: POST /session/16f78b01815a2e3a707cc501cb0afb21/element - {"using":"xpath","value":"//td[6]/div/div/input[1]"}
COMMAND: GET /session/16f78b01815a2e3a707cc501cb0afb21/screenshot - {}
RESULT: {"using":"xpath","value":"//td[6]/div/div/input[1]"}
COMMAND: POST /session/16f78b01815a2e3a707cc501cb0afb21/element/f.2B12B0EA68CDE32E3DD19BB79ABA46A3.d.A3B28A642594796975F45A046FA60DB6.e.15329/click - {}
RESULT: {}
RESULT: {}
COMMAND: POST /session/16f78b01815a2e3a707cc501cb0afb21/actions - {"actions":[{"id":"action77","type":"key","parameters":{},"actions":[{"type":"keyDown","value":"î€ƒ"},{"type":"pause","duration":10},{"type":"keyUp","value":"î€ƒ"}]}]}
COMMAND: GET /session/16f78b01815a2e3a707cc501cb0afb21/screenshot - {}
RESULT: {"actions":[{"id":"action77","type":"key","parameters":{},"actions":[{"type":"keyDown","value":"î€ƒ"},{"type":"pause","duration":10},{"type":"keyUp","value":"î€ƒ"}]}]}
COMMAND: POST /session/16f78b01815a2e3a707cc501cb0afb21/element - {"using":"xpath","value":"//td[6]/div/div/input[1]"}
COMMAND: GET /session/16f78b01815a2e3a707cc501cb0afb21/screenshot - {}
RESULT: {}
RESULT: {}
RESULT: {"using":"xpath","value":"//td[6]/div/div/input[1]"}
COMMAND: POST /session/16f78b01815a2e3a707cc501cb0afb21/element/f.2B12B0EA68CDE32E3DD19BB79ABA46A3.d.A3B28A642594796975F45A046FA60DB6.e.15329/clear - {}
RESULT: {}
COMMAND: POST /session/16f78b01815a2e3a707cc501cb0afb21/element/f.2B12B0EA68CDE32E3DD19BB79ABA46A3.d.A3B28A642594796975F45A046FA60DB6.e.15329/value - {"text":"Material"}
COMMAND: GET /session/16f78b01815a2e3a707cc501cb0afb21/screenshot - {}
RESULT: {"text":"Material"}
COMMAND: GET /session/16f78b01815a2e3a707cc501cb0afb21/screenshot - {}
RESULT: {}
RESULT: {}
COMMAND: POST /session/16f78b01815a2e3a707cc501cb0afb21/actions - {"actions":[{"id":"action78","type":"key","parameters":{},"actions":[{"type":"keyDown","value":"î€‡"},{"type":"pause","duration":10},{"type":"keyUp","value":"î€‡"}]}]}
RESULT: {"actions":[{"id":"action78","type":"key","parameters":{},"actions":[{"type":"keyDown","value":"î€‡"},{"type":"pause","duration":10},{"type":"keyUp","value":"î€‡"}]}]}
COMMAND: GET /session/16f78b01815a2e3a707cc501cb0afb21/screenshot - {}
RESULT: {}
COMMAND: POST /session/16f78b01815a2e3a707cc501cb0afb21/actions - {"actions":[{"id":"action79","type":"key","parameters":{},"actions":[{"type":"keyDown","value":"î€‡"},{"type":"pause","duration":10},{"type":"keyUp","value":"î€‡"}]}]}
RESULT: {"actions":[{"id":"action79","type":"key","parameters":{},"actions":[{"type":"keyDown","value":"î€‡"},{"type":"pause","duration":10},{"type":"keyUp","value":"î€‡"}]}]}
COMMAND: POST /session/16f78b01815a2e3a707cc501cb0afb21/element - {"using":"xpath","value":"//td[7]/div/div/input"}
COMMAND: GET /session/16f78b01815a2e3a707cc501cb0afb21/screenshot - {}
RESULT: {"using":"xpath","value":"//td[7]/div/div/input"}
COMMAND: POST /session/16f78b01815a2e3a707cc501cb0afb21/element/f.2B12B0EA68CDE32E3DD19BB79ABA46A3.d.A3B28A642594796975F45A046FA60DB6.e.15342/clear - {}
RESULT: {}
RESULT: {}
COMMAND: POST /session/16f78b01815a2e3a707cc501cb0afb21/element/f.2B12B0EA68CDE32E3DD19BB79ABA46A3.d.A3B28A642594796975F45A046FA60DB6.e.15342/value - {"text":"WebdriverRUR2Caqhhx"}
COMMAND: GET /session/16f78b01815a2e3a707cc501cb0afb21/screenshot - {}
RESULT: {"text":"WebdriverRUR2Caqhhx"}
COMMAND: GET /session/16f78b01815a2e3a707cc501cb0afb21/screenshot - {}
RESULT: {}
RESULT: {}
COMMAND: POST /session/16f78b01815a2e3a707cc501cb0afb21/actions - {"actions":[{"id":"action80","type":"key","parameters":{},"actions":[{"type":"keyDown","value":"î€‡"},{"type":"pause","duration":10},{"type":"keyUp","value":"î€‡"}]}]}
RESULT: {"actions":[{"id":"action80","type":"key","parameters":{},"actions":[{"type":"keyDown","value":"î€‡"},{"type":"pause","duration":10},{"type":"keyUp","value":"î€‡"}]}]}
COMMAND: GET /session/16f78b01815a2e3a707cc501cb0afb21/screenshot - {}
RESULT: {}
COMMAND: POST /session/16f78b01815a2e3a707cc501cb0afb21/actions - {"actions":[{"id":"action81","type":"key","parameters":{},"actions":[{"type":"keyDown","value":"î€‡"},{"type":"pause","duration":10},{"type":"keyUp","value":"î€‡"}]}]}
RESULT: {"actions":[{"id":"action81","type":"key","parameters":{},"actions":[{"type":"keyDown","value":"î€‡"},{"type":"pause","duration":10},{"type":"keyUp","value":"î€‡"}]}]}
COMMAND: GET /session/16f78b01815a2e3a707cc501cb0afb21/screenshot - {}
RESULT: {}
COMMAND: POST /session/16f78b01815a2e3a707cc501cb0afb21/element - {"using":"xpath","value":"(//button[@data-kt=\"saveButton\"])[2]"}
RESULT: {"using":"xpath","value":"(//button[@data-kt=\"saveButton\"])[2]"}
COMMAND: POST /session/16f78b01815a2e3a707cc501cb0afb21/element/f.2B12B0EA68CDE32E3DD19BB79ABA46A3.d.A3B28A642594796975F45A046FA60DB6.e.15365/click - {}
RESULT: {}
COMMAND: GET /session/16f78b01815a2e3a707cc501cb0afb21/screenshot - {}
RESULT: {}
]]></system-out>
    </testcase>
    <testcase classname="chrome.136_0_7103_93.windows.E2E_-_Logistical_and_commercial_statuses" name="It should follow the handover steps to the status fully provided" time="353.039">
      <system-out><![CDATA[
COMMAND: POST /session/16f78b01815a2e3a707cc501cb0afb21/execute/async - {"script":"<script> [1562 bytes]","args":[{"selector":{"id":"contractDetailProvideButton","viewName":"etm.portal.ui.managecontracts.view.Detail","interaction":{"idSuffix":"BDI-content"}},"wdio_ui5_key":"contractDetailProvideButtonetmportal.ui.managecontracts.view.Detail"}]}
RESULT: {"script":"<script> [1562 bytes]","args":[{"selector":{"id":"contractDetailProvideButton","viewName":"etm.portal.ui.managecontracts.view.Detail","interaction":{"idSuffix":"BDI-content"}},"wdio_ui5_key":"contractDetailProvideButtonetmportal.ui.managecontracts.view.Detail"}]}
RESULT: undefined
COMMAND: POST /session/16f78b01815a2e3a707cc501cb0afb21/element - {"using":"xpath","value":"//*[@id=\"__xmlview61--contractDetailProvideButton\"]"}
RESULT: {"using":"xpath","value":"//*[@id=\"__xmlview61--contractDetailProvideButton\"]"}
COMMAND: POST /session/16f78b01815a2e3a707cc501cb0afb21/element/f.2B12B0EA68CDE32E3DD19BB79ABA46A3.d.A3B28A642594796975F45A046FA60DB6.e.15369/click - {}
RESULT: {}
COMMAND: GET /session/16f78b01815a2e3a707cc501cb0afb21/screenshot - {}
COMMAND: POST /session/16f78b01815a2e3a707cc501cb0afb21/execute/async - {"script":"<script> [1562 bytes]","args":[{"selector":{"id":"application-managehandovers-display-component---AddNewHO--oneStep","interaction":{"idSuffix":"CbBg"}},"wdio_ui5_key":"applicationmanagehandovers-display-component---AddNewHO--oneStep"}]}
RESULT: {}
RESULT: {"script":"<script> [1562 bytes]","args":[{"selector":{"id":"application-managehandovers-display-component---AddNewHO--oneStep","interaction":{"idSuffix":"CbBg"}},"wdio_ui5_key":"applicationmanagehandovers-display-component---AddNewHO--oneStep"}]}
RESULT: undefined
COMMAND: POST /session/16f78b01815a2e3a707cc501cb0afb21/element - {"using":"xpath","value":"//*[@id=\"application-managehandovers-display-component---AddNewHO--oneStep\"]"}
RESULT: {"using":"xpath","value":"//*[@id=\"application-managehandovers-display-component---AddNewHO--oneStep\"]"}
COMMAND: POST /session/16f78b01815a2e3a707cc501cb0afb21/element/f.2B12B0EA68CDE32E3DD19BB79ABA46A3.d.A3B28A642594796975F45A046FA60DB6.e.15537/click - {}
RESULT: {}
RESULT: undefined
COMMAND: POST /session/16f78b01815a2e3a707cc501cb0afb21/execute/async - {"script":"<script> [776 bytes]","args":[{"enterText":"05/19/25","selector":{"id":"application-managehandovers-display-component---AddNewHO--dueDate","interaction":{"idSuffix":"inner"}},"clearTextFirst":true,"interactionType":"ENTER_TEXT"}]}
COMMAND: GET /session/16f78b01815a2e3a707cc501cb0afb21/screenshot - {}
RESULT: {"script":"<script> [776 bytes]","args":[{"enterText":"05/19/25","selector":{"id":"application-managehandovers-display-component---AddNewHO--dueDate","interaction":{"idSuffix":"inner"}},"clearTextFirst":true,"interactionType":"ENTER_TEXT"}]}
RESULT: undefined
COMMAND: POST /session/16f78b01815a2e3a707cc501cb0afb21/element - {"using":"xpath","value":"//*[@id=\"application-managehandovers-display-component---AddNewHO--ObjectPageLayout-anchBar-application-managehandovers-display-component---AddNewHO--section4-anchor\"]"}
RESULT: {}
RESULT: {"using":"xpath","value":"//*[@id=\"application-managehandovers-display-component---AddNewHO--ObjectPageLayout-anchBar-application-managehandovers-display-component---AddNewHO--section4-anchor\"]"}
COMMAND: POST /session/16f78b01815a2e3a707cc501cb0afb21/element/f.2B12B0EA68CDE32E3DD19BB79ABA46A3.d.A3B28A642594796975F45A046FA60DB6.e.15540/click - {}
RESULT: {}
COMMAND: POST /session/16f78b01815a2e3a707cc501cb0afb21/execute/async - {"script":"<script> [1562 bytes]","args":[{"selector":{"controlType":"sap.ui.core.Icon","viewName":"etm.portal.ui.managehandovers.view.AddNewHO","viewId":"application-managehandovers-display-component---AddNewHO","properties":{"src":{"regex":{"source":"add"}}}},"wdio_ui5_key":"etmportal.ui.managehandovers.view.AddNewHOsap.ui.core.Icon{\"src\":{\"regex\":{\"source\":\"add\"}}}"}]}
COMMAND: GET /session/16f78b01815a2e3a707cc501cb0afb21/screenshot - {}
RESULT: {"script":"<script> [1562 bytes]","args":[{"selector":{"controlType":"sap.ui.core.Icon","viewName":"etm.portal.ui.managehandovers.view.AddNewHO","viewId":"application-managehandovers-display-component---AddNewHO","properties":{"src":{"regex":{"source":"add"}}}},"wdio_ui5_key":"etmportal.ui.managehandovers.view.AddNewHOsap.ui.core.Icon{\"src\":{\"regex\":{\"source\":\"add\"}}}"}]}
RESULT: undefined
COMMAND: POST /session/16f78b01815a2e3a707cc501cb0afb21/element - {"using":"xpath","value":"//*[@id=\"__button149-img\"]"}
RESULT: {}
RESULT: {"using":"xpath","value":"//*[@id=\"__button149-img\"]"}
COMMAND: POST /session/16f78b01815a2e3a707cc501cb0afb21/element/f.2B12B0EA68CDE32E3DD19BB79ABA46A3.d.A3B28A642594796975F45A046FA60DB6.e.15544/click - {}
RESULT: {}
COMMAND: GET /session/16f78b01815a2e3a707cc501cb0afb21/screenshot - {}
RESULT: {}
RESULT: undefined
COMMAND: POST /session/16f78b01815a2e3a707cc501cb0afb21/element - {"using":"xpath","value":"//*[@id=\"application-managehandovers-display-component---AddNewHO--popup-sa\"]"}
RESULT: {"using":"xpath","value":"//*[@id=\"application-managehandovers-display-component---AddNewHO--popup-sa\"]"}
COMMAND: POST /session/16f78b01815a2e3a707cc501cb0afb21/element/f.2B12B0EA68CDE32E3DD19BB79ABA46A3.d.A3B28A642594796975F45A046FA60DB6.e.15555/click - {}
RESULT: {}
COMMAND: POST /session/16f78b01815a2e3a707cc501cb0afb21/execute/async - {"script":"<script> [1562 bytes]","args":[{"selector":{"controlType":"sap.m.Button","viewName":"etm.portal.ui.managehandovers.view.AddNewHO","viewId":"application-managehandovers-display-component---AddNewHO","i18NText":{"propertyName":"text","key":"select"},"searchOpenDialogs":true,"interaction":{"idSuffix":"inner"}},"wdio_ui5_key":"etmportal.ui.managehandovers.view.AddNewHOsap.m.Button{\"propertyName\":\"text\",\"key\":\"select\"}"}]}
COMMAND: GET /session/16f78b01815a2e3a707cc501cb0afb21/screenshot - {}
RESULT: {"script":"<script> [1562 bytes]","args":[{"selector":{"controlType":"sap.m.Button","viewName":"etm.portal.ui.managehandovers.view.AddNewHO","viewId":"application-managehandovers-display-component---AddNewHO","i18NText":{"propertyName":"text","key":"select"},"searchOpenDialogs":true,"interaction":{"idSuffix":"inner"}},"wdio_ui5_key":"etmportal.ui.managehandovers.view.AddNewHOsap.m.Button{\"propertyName\":\"text\",\"key\":\"select\"}"}]}
RESULT: undefined
COMMAND: POST /session/16f78b01815a2e3a707cc501cb0afb21/element - {"using":"xpath","value":"//*[@id=\"__button152\"]"}
RESULT: {}
RESULT: {"using":"xpath","value":"//*[@id=\"__button152\"]"}
COMMAND: POST /session/16f78b01815a2e3a707cc501cb0afb21/element/f.2B12B0EA68CDE32E3DD19BB79ABA46A3.d.A3B28A642594796975F45A046FA60DB6.e.15558/click - {}
RESULT: {}
COMMAND: POST /session/16f78b01815a2e3a707cc501cb0afb21/execute/async - {"script":"<script> [1562 bytes]","args":[{"selector":{"id":"application-managehandovers-display-component---AddNewHO--confirmCreationButton","interaction":{"idSuffix":"BDI-content"}},"wdio_ui5_key":"applicationmanagehandovers-display-component---AddNewHO--confirmCreationButton"}]}
COMMAND: GET /session/16f78b01815a2e3a707cc501cb0afb21/screenshot - {}
RESULT: {"script":"<script> [1562 bytes]","args":[{"selector":{"id":"application-managehandovers-display-component---AddNewHO--confirmCreationButton","interaction":{"idSuffix":"BDI-content"}},"wdio_ui5_key":"applicationmanagehandovers-display-component---AddNewHO--confirmCreationButton"}]}
RESULT: undefined
COMMAND: POST /session/16f78b01815a2e3a707cc501cb0afb21/element - {"using":"xpath","value":"//*[@id=\"application-managehandovers-display-component---AddNewHO--confirmCreationButton\"]"}
RESULT: {}
RESULT: {"using":"xpath","value":"//*[@id=\"application-managehandovers-display-component---AddNewHO--confirmCreationButton\"]"}
COMMAND: POST /session/16f78b01815a2e3a707cc501cb0afb21/element/f.2B12B0EA68CDE32E3DD19BB79ABA46A3.d.A3B28A642594796975F45A046FA60DB6.e.15502/click - {}
RESULT: {}
COMMAND: GET /session/16f78b01815a2e3a707cc501cb0afb21/screenshot - {}
RESULT: {}
COMMAND: POST /session/16f78b01815a2e3a707cc501cb0afb21/element - {"using":"xpath","value":"//a[contains(@data-kt ,\"GeneralSectionReceiveContracttLink\")]"}
RESULT: {"using":"xpath","value":"//a[contains(@data-kt ,\"GeneralSectionReceiveContracttLink\")]"}
COMMAND: POST /session/16f78b01815a2e3a707cc501cb0afb21/element/f.2B12B0EA68CDE32E3DD19BB79ABA46A3.d.A3B28A642594796975F45A046FA60DB6.e.15593/click - {}
RESULT: {}
COMMAND: GET /session/16f78b01815a2e3a707cc501cb0afb21/screenshot - {}
RESULT: {}
COMMAND: POST /session/16f78b01815a2e3a707cc501cb0afb21/element - {"using":"xpath","value":"//a[contains(@data-kt ,\"ContextMenuId2Link\")]"}
RESULT: {"using":"xpath","value":"//a[contains(@data-kt ,\"ContextMenuId2Link\")]"}
COMMAND: POST /session/16f78b01815a2e3a707cc501cb0afb21/element/f.2B12B0EA68CDE32E3DD19BB79ABA46A3.d.A3B28A642594796975F45A046FA60DB6.e.15597/click - {}
RESULT: {}
COMMAND: GET /session/16f78b01815a2e3a707cc501cb0afb21/screenshot - {}
RESULT: {}
COMMAND: POST /session/16f78b01815a2e3a707cc501cb0afb21/execute/async - {"script":"<script> [1562 bytes]","args":[{"selector":{"controlType":"sap.m.ObjectStatus","viewName":"etm.portal.ui.managecontracts.view.Detail","bindingPath":{"propertyPath":"LINK_TO_LOGISTICAL_STATUS/DESCRIPTION","modelName":"catalogModel"}},"wdio_ui5_key":"etmportal.ui.managecontracts.view.Detailsap.m.ObjectStatus{\"propertyPath\":\"LINK_TO_LOGISTICAL_STATUS/DESCRIPTION\",\"modelName\":\"catalogModel\"}"}]}
RESULT: {"script":"<script> [1562 bytes]","args":[{"selector":{"controlType":"sap.m.ObjectStatus","viewName":"etm.portal.ui.managecontracts.view.Detail","bindingPath":{"propertyPath":"LINK_TO_LOGISTICAL_STATUS/DESCRIPTION","modelName":"catalogModel"}},"wdio_ui5_key":"etmportal.ui.managecontracts.view.Detailsap.m.ObjectStatus{\"propertyPath\":\"LINK_TO_LOGISTICAL_STATUS/DESCRIPTION\",\"modelName\":\"catalogModel\"}"}]}
RESULT: undefined
COMMAND: POST /session/16f78b01815a2e3a707cc501cb0afb21/execute/async - {"script":"<script> [6424 bytes]","args":[{"element-6066-11e4-a52e-4f735466cecf":"f.2B12B0EA68CDE32E3DD19BB79ABA46A3.d.A3B28A642594796975F45A046FA60DB6.e.15819"},"getText",[]]}
RESULT: {"script":"<script> [6424 bytes]","args":[{"element-6066-11e4-a52e-4f735466cecf":"f.2B12B0EA68CDE32E3DD19BB79ABA46A3.d.A3B28A642594796975F45A046FA60DB6.e.15819"},"getText",[]]}
COMMAND: POST /session/16f78b01815a2e3a707cc501cb0afb21/execute/async - {"script":"<script> [1562 bytes]","args":[{"selector":{"controlType":"sap.m.ObjectStatus","viewName":"etm.portal.ui.managecontracts.view.Detail","bindingPath":{"propertyPath":"LINK_TO_COMMERCIAL_STATUS/DESCRIPTION","modelName":"catalogModel"}},"wdio_ui5_key":"etmportal.ui.managecontracts.view.Detailsap.m.ObjectStatus{\"propertyPath\":\"LINK_TO_COMMERCIAL_STATUS/DESCRIPTION\",\"modelName\":\"catalogModel\"}"}]}
RESULT: {"script":"<script> [1562 bytes]","args":[{"selector":{"controlType":"sap.m.ObjectStatus","viewName":"etm.portal.ui.managecontracts.view.Detail","bindingPath":{"propertyPath":"LINK_TO_COMMERCIAL_STATUS/DESCRIPTION","modelName":"catalogModel"}},"wdio_ui5_key":"etmportal.ui.managecontracts.view.Detailsap.m.ObjectStatus{\"propertyPath\":\"LINK_TO_COMMERCIAL_STATUS/DESCRIPTION\",\"modelName\":\"catalogModel\"}"}]}
RESULT: undefined
COMMAND: POST /session/16f78b01815a2e3a707cc501cb0afb21/execute/async - {"script":"<script> [6424 bytes]","args":[{"element-6066-11e4-a52e-4f735466cecf":"f.2B12B0EA68CDE32E3DD19BB79ABA46A3.d.A3B28A642594796975F45A046FA60DB6.e.15820"},"getText",[]]}
RESULT: {"script":"<script> [6424 bytes]","args":[{"element-6066-11e4-a52e-4f735466cecf":"f.2B12B0EA68CDE32E3DD19BB79ABA46A3.d.A3B28A642594796975F45A046FA60DB6.e.15820"},"getText",[]]}
COMMAND: POST /session/16f78b01815a2e3a707cc501cb0afb21/execute/async - {"script":"<script> [1562 bytes]","args":[{"selector":{"id":"backBtn"},"wdio_ui5_key":"backBtn"}]}
RESULT: {"script":"<script> [1562 bytes]","args":[{"selector":{"id":"backBtn"},"wdio_ui5_key":"backBtn"}]}
RESULT: undefined
COMMAND: POST /session/16f78b01815a2e3a707cc501cb0afb21/element - {"using":"xpath","value":"//*[@id=\"backBtn\"]"}
RESULT: {"using":"xpath","value":"//*[@id=\"backBtn\"]"}
COMMAND: POST /session/16f78b01815a2e3a707cc501cb0afb21/element/f.2B12B0EA68CDE32E3DD19BB79ABA46A3.d.A3B28A642594796975F45A046FA60DB6.e.15821/click - {}
RESULT: {}
COMMAND: GET /session/16f78b01815a2e3a707cc501cb0afb21/screenshot - {}
COMMAND: POST /session/16f78b01815a2e3a707cc501cb0afb21/execute/async - {"script":"<script> [1562 bytes]","args":[{"selector":{"controlType":"sap.m.Text","viewName":"etm.portal.ui.managehandovers.view.DetailExecuteHO","bindingPath":{"propertyPath":"NO","modelName":"catalogModel"}},"wdio_ui5_key":"etmportal.ui.managehandovers.view.DetailExecuteHOsap.m.Text{\"propertyPath\":\"NO\",\"modelName\":\"catalogModel\"}"}]}
RESULT: {}
RESULT: {"script":"<script> [1562 bytes]","args":[{"selector":{"controlType":"sap.m.Text","viewName":"etm.portal.ui.managehandovers.view.DetailExecuteHO","bindingPath":{"propertyPath":"NO","modelName":"catalogModel"}},"wdio_ui5_key":"etmportal.ui.managehandovers.view.DetailExecuteHOsap.m.Text{\"propertyPath\":\"NO\",\"modelName\":\"catalogModel\"}"}]}
RESULT: undefined
COMMAND: POST /session/16f78b01815a2e3a707cc501cb0afb21/execute/async - {"script":"<script> [6424 bytes]","args":[{"element-6066-11e4-a52e-4f735466cecf":"f.2B12B0EA68CDE32E3DD19BB79ABA46A3.d.A3B28A642594796975F45A046FA60DB6.e.15957"},"getText",[]]}
RESULT: {"script":"<script> [6424 bytes]","args":[{"element-6066-11e4-a52e-4f735466cecf":"f.2B12B0EA68CDE32E3DD19BB79ABA46A3.d.A3B28A642594796975F45A046FA60DB6.e.15957"},"getText",[]]}
COMMAND: POST /session/16f78b01815a2e3a707cc501cb0afb21/element - {"using":"xpath","value":"//input[contains(@id ,\"issueDatePicker-inner\")]"}
RESULT: {"using":"xpath","value":"//input[contains(@id ,\"issueDatePicker-inner\")]"}
COMMAND: GET /session/16f78b01815a2e3a707cc501cb0afb21/element/f.2B12B0EA68CDE32E3DD19BB79ABA46A3.d.A3B28A642594796975F45A046FA60DB6.e.15940/property/value - {}
RESULT: {}
COMMAND: POST /session/16f78b01815a2e3a707cc501cb0afb21/element/f.2B12B0EA68CDE32E3DD19BB79ABA46A3.d.A3B28A642594796975F45A046FA60DB6.e.15940/clear - {}
COMMAND: GET /session/16f78b01815a2e3a707cc501cb0afb21/screenshot - {}
RESULT: {}
COMMAND: POST /session/16f78b01815a2e3a707cc501cb0afb21/element/f.2B12B0EA68CDE32E3DD19BB79ABA46A3.d.A3B28A642594796975F45A046FA60DB6.e.15940/value - {"text":"05/19/25"}
COMMAND: GET /session/16f78b01815a2e3a707cc501cb0afb21/screenshot - {}
RESULT: {}
RESULT: {"text":"05/19/25"}
COMMAND: GET /session/16f78b01815a2e3a707cc501cb0afb21/screenshot - {}
RESULT: {}
RESULT: {}
COMMAND: POST /session/16f78b01815a2e3a707cc501cb0afb21/execute/async - {"script":"<script> [1562 bytes]","args":[{"selector":{"controlType":"sap.m.Button","viewName":"etm.portal.ui.managehandovers.view.DetailExecuteHO","i18NText":{"propertyName":"text","key":"confirmAll"},"interaction":{"idSuffix":"inner"}},"wdio_ui5_key":"etmportal.ui.managehandovers.view.DetailExecuteHOsap.m.Button{\"propertyName\":\"text\",\"key\":\"confirmAll\"}"}]}
RESULT: {"script":"<script> [1562 bytes]","args":[{"selector":{"controlType":"sap.m.Button","viewName":"etm.portal.ui.managehandovers.view.DetailExecuteHO","i18NText":{"propertyName":"text","key":"confirmAll"},"interaction":{"idSuffix":"inner"}},"wdio_ui5_key":"etmportal.ui.managehandovers.view.DetailExecuteHOsap.m.Button{\"propertyName\":\"text\",\"key\":\"confirmAll\"}"}]}
RESULT: undefined
COMMAND: POST /session/16f78b01815a2e3a707cc501cb0afb21/element - {"using":"xpath","value":"//*[@id=\"__button232\"]"}
RESULT: {"using":"xpath","value":"//*[@id=\"__button232\"]"}
COMMAND: POST /session/16f78b01815a2e3a707cc501cb0afb21/element/f.2B12B0EA68CDE32E3DD19BB79ABA46A3.d.A3B28A642594796975F45A046FA60DB6.e.15962/click - {}
RESULT: {}
COMMAND: GET /session/16f78b01815a2e3a707cc501cb0afb21/screenshot - {}
RESULT: {}
COMMAND: POST /session/16f78b01815a2e3a707cc501cb0afb21/actions - {"actions":[{"id":"action82","type":"key","parameters":{},"actions":[{"type":"keyDown","value":"î€‡"},{"type":"pause","duration":10},{"type":"keyUp","value":"î€‡"}]}]}
RESULT: {"actions":[{"id":"action82","type":"key","parameters":{},"actions":[{"type":"keyDown","value":"î€‡"},{"type":"pause","duration":10},{"type":"keyUp","value":"î€‡"}]}]}
COMMAND: GET /session/16f78b01815a2e3a707cc501cb0afb21/screenshot - {}
RESULT: {}
RESULT: undefined
COMMAND: POST /session/16f78b01815a2e3a707cc501cb0afb21/element - {"using":"xpath","value":"//*[@id=\"__button232\"]"}
RESULT: {"using":"xpath","value":"//*[@id=\"__button232\"]"}
COMMAND: POST /session/16f78b01815a2e3a707cc501cb0afb21/element/f.2B12B0EA68CDE32E3DD19BB79ABA46A3.d.A3B28A642594796975F45A046FA60DB6.e.15962/click - {}
RESULT: {}
COMMAND: GET /session/16f78b01815a2e3a707cc501cb0afb21/screenshot - {}
RESULT: {}
COMMAND: POST /session/16f78b01815a2e3a707cc501cb0afb21/execute/async - {"script":"<script> [1562 bytes]","args":[{"selector":{"controlType":"sap.m.Button","properties":{"text":"OK"},"searchOpenDialogs":true,"interaction":{"idSuffix":"content"}},"wdio_ui5_key":"sapm.Button{\"text\":\"OK\"}"}]}
RESULT: {"script":"<script> [1562 bytes]","args":[{"selector":{"controlType":"sap.m.Button","properties":{"text":"OK"},"searchOpenDialogs":true,"interaction":{"idSuffix":"content"}},"wdio_ui5_key":"sapm.Button{\"text\":\"OK\"}"}]}
RESULT: undefined
COMMAND: POST /session/16f78b01815a2e3a707cc501cb0afb21/element - {"using":"xpath","value":"//*[@id=\"__mbox-btn-4\"]"}
RESULT: {"using":"xpath","value":"//*[@id=\"__mbox-btn-4\"]"}
COMMAND: POST /session/16f78b01815a2e3a707cc501cb0afb21/element/f.2B12B0EA68CDE32E3DD19BB79ABA46A3.d.A3B28A642594796975F45A046FA60DB6.e.15970/click - {}
RESULT: {}
COMMAND: GET /session/16f78b01815a2e3a707cc501cb0afb21/screenshot - {}
RESULT: {}
COMMAND: POST /session/16f78b01815a2e3a707cc501cb0afb21/element - {"using":"xpath","value":"//button[contains(@data-kt ,\"execHoPickFooterButton\")]"}
RESULT: {"using":"xpath","value":"//button[contains(@data-kt ,\"execHoPickFooterButton\")]"}
COMMAND: POST /session/16f78b01815a2e3a707cc501cb0afb21/element/f.2B12B0EA68CDE32E3DD19BB79ABA46A3.d.A3B28A642594796975F45A046FA60DB6.e.15974/click - {}
RESULT: {}
COMMAND: GET /session/16f78b01815a2e3a707cc501cb0afb21/screenshot - {}
RESULT: {}
COMMAND: POST /session/16f78b01815a2e3a707cc501cb0afb21/refresh - {}
RESULT: {}
COMMAND: GET /session/16f78b01815a2e3a707cc501cb0afb21/screenshot - {}
RESULT: {}
COMMAND: POST /session/16f78b01815a2e3a707cc501cb0afb21/refresh - {}
RESULT: {}
COMMAND: GET /session/16f78b01815a2e3a707cc501cb0afb21/screenshot - {}
RESULT: {}
COMMAND: POST /session/16f78b01815a2e3a707cc501cb0afb21/window/fullscreen - {}
RESULT: {}
COMMAND: POST /session/16f78b01815a2e3a707cc501cb0afb21/execute/async - {"script":"<script> [189 bytes]","args":[]}
RESULT: {"script":"<script> [189 bytes]","args":[]}
COMMAND: POST /session/16f78b01815a2e3a707cc501cb0afb21/execute/async - {"script":"<script> [123 bytes]","args":[]}
RESULT: {"script":"<script> [123 bytes]","args":[]}
COMMAND: POST /session/16f78b01815a2e3a707cc501cb0afb21/timeouts - {"script":"<number>"}
RESULT: {"script":"<number>"}
COMMAND: GET /session/16f78b01815a2e3a707cc501cb0afb21/timeouts - {}
RESULT: {}
RESULT: undefined
COMMAND: POST /session/16f78b01815a2e3a707cc501cb0afb21/execute/async - {"script":"<script> [2676 bytes]","args":[]}
RESULT: {"script":"<script> [2676 bytes]","args":[]}
COMMAND: POST /session/16f78b01815a2e3a707cc501cb0afb21/execute/async - {"script":"<script> [2342 bytes]","args":[{"protocol":"http","hostname":"0.0.0.0","path":"/","capabilities":{"browserName":"chrome","goog:chromeOptions":{"binary":"C:\\Program Files\\Google\\Chrome\\Application\\chrome.exe","args":["--start-maximized"]}},"logLevel":"warn","connectionRetryTimeout":120000,"connectionRetryCount":3,"logLevels":{},"enableDirectConnect":true,"strictSSL":true,"_":"65 more keys: [\"cacheDir\",\"port\",\"requestedCapabilities\",\"automationProtocol\",\"baseUrl\",\"waitforInterval\",\"waitforTimeout\",\"onReload\",\"beforeCommand\",\"afterCommand\",\"rootDir\",\"specs\",\"suites\",\"exclude\",\"groupLogsByTestSpec\",\"excludeDriverLogs\",\"bail\",\"framework\",\"reporters\",\"services\",\"maxInstances\",\"maxInstancesPerCapability\",\"injectGlobals\",\"filesToWatch\",\"execArgv\",\"runnerEnv\",\"runner\",\"shard\",\"specFileRetries\",\"specFileRetriesDelay\",\"specFileRetriesDeferred\",\"reporterSyncInterval\",\"reporterSyncTimeout\",\"cucumberFeaturesWithLineNumbers\",\"autoCompileOpts\",\"mochaOpts\",\"jasmineOpts\",\"cucumberOpts\",\"onPrepare\",\"onWorkerStart\",\"onWorkerEnd\",\"before\",\"beforeSession\",\"beforeSuite\",\"beforeHook\",\"beforeTest\",\"afterTest\",\"afterHook\",\"afterSuite\",\"afterSession\",\"after\",\"onComplete\",\"beforeAssertion\",\"afterAssertion\",\"beforeFeature\",\"beforeScenario\",\"beforeStep\",\"afterStep\",\"afterScenario\",\"afterFeature\",\"_\",\"suite\",\"$0\",\"ignoredWorkerServices\",\"wdi5\"]"}]}
RESULT: {"script":"<script> [2342 bytes]","args":[{"protocol":"http","hostname":"0.0.0.0","path":"/","capabilities":{"browserName":"chrome","goog:chromeOptions":{"binary":"C:\\Program Files\\Google\\Chrome\\Application\\chrome.exe","args":["--start-maximized"]}},"logLevel":"warn","connectionRetryTimeout":120000,"connectionRetryCount":3,"logLevels":{},"enableDirectConnect":true,"strictSSL":true,"_":"65 more keys: [\"cacheDir\",\"port\",\"requestedCapabilities\",\"automationProtocol\",\"baseUrl\",\"waitforInterval\",\"waitforTimeout\",\"onReload\",\"beforeCommand\",\"afterCommand\",\"rootDir\",\"specs\",\"suites\",\"exclude\",\"groupLogsByTestSpec\",\"excludeDriverLogs\",\"bail\",\"framework\",\"reporters\",\"services\",\"maxInstances\",\"maxInstancesPerCapability\",\"injectGlobals\",\"filesToWatch\",\"execArgv\",\"runnerEnv\",\"runner\",\"shard\",\"specFileRetries\",\"specFileRetriesDelay\",\"specFileRetriesDeferred\",\"reporterSyncInterval\",\"reporterSyncTimeout\",\"cucumberFeaturesWithLineNumbers\",\"autoCompileOpts\",\"mochaOpts\",\"jasmineOpts\",\"cucumberOpts\",\"onPrepare\",\"onWorkerStart\",\"onWorkerEnd\",\"before\",\"beforeSession\",\"beforeSuite\",\"beforeHook\",\"beforeTest\",\"afterTest\",\"afterHook\",\"afterSuite\",\"afterSession\",\"after\",\"onComplete\",\"beforeAssertion\",\"afterAssertion\",\"beforeFeature\",\"beforeScenario\",\"beforeStep\",\"afterStep\",\"afterScenario\",\"afterFeature\",\"_\",\"suite\",\"$0\",\"ignoredWorkerServices\",\"wdi5\"]"}]}
COMMAND: POST /session/16f78b01815a2e3a707cc501cb0afb21/execute/async - {"script":"<script> [21126 bytes]","args":[35000]}
RESULT: {"script":"<script> [21126 bytes]","args":[35000]}
COMMAND: POST /session/16f78b01815a2e3a707cc501cb0afb21/execute/async - {"script":"<script> [1562 bytes]","args":[{"selector":{"controlType":"sap.m.SearchField","viewName":"etm.portal.ui.managehandovers.view.MasterHO","bindingPath":{"path":"","propertyPath":"/_BASIC_SEARCH_FIELD","modelName":"fi1t3rM0d31"},"interaction":{"idSuffix":"I"}},"wdio_ui5_key":"etmportal.ui.managehandovers.view.MasterHOsap.m.SearchField{\"path\":\"\",\"propertyPath\":\"/_BASIC_SEARCH_FIELD\",\"modelName\":\"fi1t3rM0d31\"}"}]}
RESULT: {"script":"<script> [1562 bytes]","args":[{"selector":{"controlType":"sap.m.SearchField","viewName":"etm.portal.ui.managehandovers.view.MasterHO","bindingPath":{"path":"","propertyPath":"/_BASIC_SEARCH_FIELD","modelName":"fi1t3rM0d31"},"interaction":{"idSuffix":"I"}},"wdio_ui5_key":"etmportal.ui.managehandovers.view.MasterHOsap.m.SearchField{\"path\":\"\",\"propertyPath\":\"/_BASIC_SEARCH_FIELD\",\"modelName\":\"fi1t3rM0d31\"}"}]}
RESULT: undefined
COMMAND: POST /session/16f78b01815a2e3a707cc501cb0afb21/execute/async - {"script":"<script> [776 bytes]","args":[{"enterText":"30787","selector":{"controlType":"sap.m.SearchField","viewName":"etm.portal.ui.managehandovers.view.MasterHO","bindingPath":{"path":"","propertyPath":"/_BASIC_SEARCH_FIELD","modelName":"fi1t3rM0d31"},"interaction":{"idSuffix":"I"}},"clearTextFirst":true,"interactionType":"ENTER_TEXT"}]}
RESULT: {"script":"<script> [776 bytes]","args":[{"enterText":"30787","selector":{"controlType":"sap.m.SearchField","viewName":"etm.portal.ui.managehandovers.view.MasterHO","bindingPath":{"path":"","propertyPath":"/_BASIC_SEARCH_FIELD","modelName":"fi1t3rM0d31"},"interaction":{"idSuffix":"I"}},"clearTextFirst":true,"interactionType":"ENTER_TEXT"}]}
COMMAND: POST /session/16f78b01815a2e3a707cc501cb0afb21/actions - {"actions":[{"id":"action83","type":"key","parameters":{},"actions":[{"type":"keyDown","value":"î€‡"},{"type":"pause","duration":10},{"type":"keyUp","value":"î€‡"}]}]}
RESULT: {"actions":[{"id":"action83","type":"key","parameters":{},"actions":[{"type":"keyDown","value":"î€‡"},{"type":"pause","duration":10},{"type":"keyUp","value":"î€‡"}]}]}
COMMAND: GET /session/16f78b01815a2e3a707cc501cb0afb21/screenshot - {}
RESULT: {}
COMMAND: POST /session/16f78b01815a2e3a707cc501cb0afb21/execute/async - {"script":"<script> [1562 bytes]","args":[{"selector":{"controlType":"sap.m.Title","viewName":"etm.portal.ui.managehandovers.view.MasterHO","properties":{"text":"Records (1)"}},"wdio_ui5_key":"etmportal.ui.managehandovers.view.MasterHOsap.m.Title{\"text\":\"Records (1)\"}"}]}
RESULT: {"script":"<script> [1562 bytes]","args":[{"selector":{"controlType":"sap.m.Title","viewName":"etm.portal.ui.managehandovers.view.MasterHO","properties":{"text":"Records (1)"}},"wdio_ui5_key":"etmportal.ui.managehandovers.view.MasterHOsap.m.Title{\"text\":\"Records (1)\"}"}]}
RESULT: undefined
COMMAND: POST /session/16f78b01815a2e3a707cc501cb0afb21/execute/async - {"script":"<script> [6424 bytes]","args":[{"element-6066-11e4-a52e-4f735466cecf":"f.2B12B0EA68CDE32E3DD19BB79ABA46A3.d.BC44F31AEB9404F2179B39F96ABCD61C.e.16332"},"getText",[]]}
RESULT: {"script":"<script> [6424 bytes]","args":[{"element-6066-11e4-a52e-4f735466cecf":"f.2B12B0EA68CDE32E3DD19BB79ABA46A3.d.BC44F31AEB9404F2179B39F96ABCD61C.e.16332"},"getText",[]]}
COMMAND: POST /session/16f78b01815a2e3a707cc501cb0afb21/execute/async - {"script":"<script> [1562 bytes]","args":[{"selector":{"controlType":"sap.ui.core.Icon","viewName":"etm.portal.ui.managehandovers.view.MasterHO","properties":{"src":{"regex":{"source":"slim\\-arrow\\-right"}}}},"wdio_ui5_key":"etmportal.ui.managehandovers.view.MasterHOsap.ui.core.Icon{\"src\":{\"regex\":{\"source\":\"slim\\\\-arrow\\\\-right\"}}}"}]}
RESULT: {"script":"<script> [1562 bytes]","args":[{"selector":{"controlType":"sap.ui.core.Icon","viewName":"etm.portal.ui.managehandovers.view.MasterHO","properties":{"src":{"regex":{"source":"slim\\-arrow\\-right"}}}},"wdio_ui5_key":"etmportal.ui.managehandovers.view.MasterHOsap.ui.core.Icon{\"src\":{\"regex\":{\"source\":\"slim\\\\-arrow\\\\-right\"}}}"}]}
RESULT: undefined
COMMAND: POST /session/16f78b01815a2e3a707cc501cb0afb21/element - {"using":"xpath","value":"//*[@id=\"__item29-__clone17-imgNav\"]"}
RESULT: {"using":"xpath","value":"//*[@id=\"__item29-__clone17-imgNav\"]"}
COMMAND: POST /session/16f78b01815a2e3a707cc501cb0afb21/element/f.2B12B0EA68CDE32E3DD19BB79ABA46A3.d.BC44F31AEB9404F2179B39F96ABCD61C.e.16331/click - {}
RESULT: {}
COMMAND: GET /session/16f78b01815a2e3a707cc501cb0afb21/screenshot - {}
RESULT: {}
COMMAND: POST /session/16f78b01815a2e3a707cc501cb0afb21/element - {"using":"xpath","value":"//a[contains(@data-kt ,\"GeneralSectionReceiveContracttLink\")]"}
RESULT: {"using":"xpath","value":"//a[contains(@data-kt ,\"GeneralSectionReceiveContracttLink\")]"}
COMMAND: POST /session/16f78b01815a2e3a707cc501cb0afb21/element/f.2B12B0EA68CDE32E3DD19BB79ABA46A3.d.BC44F31AEB9404F2179B39F96ABCD61C.e.16423/click - {}
RESULT: {}
COMMAND: GET /session/16f78b01815a2e3a707cc501cb0afb21/screenshot - {}
RESULT: {}
COMMAND: POST /session/16f78b01815a2e3a707cc501cb0afb21/element - {"using":"xpath","value":"//a[contains(@data-kt ,\"ContextMenuId2Link\")]"}
RESULT: {"using":"xpath","value":"//a[contains(@data-kt ,\"ContextMenuId2Link\")]"}
COMMAND: POST /session/16f78b01815a2e3a707cc501cb0afb21/element/f.2B12B0EA68CDE32E3DD19BB79ABA46A3.d.BC44F31AEB9404F2179B39F96ABCD61C.e.16426/click - {}
RESULT: {}
COMMAND: GET /session/16f78b01815a2e3a707cc501cb0afb21/screenshot - {}
RESULT: {}
COMMAND: POST /session/16f78b01815a2e3a707cc501cb0afb21/execute/async - {"script":"<script> [1562 bytes]","args":[{"selector":{"controlType":"sap.m.ObjectStatus","viewName":"etm.portal.ui.managecontracts.view.Detail","bindingPath":{"propertyPath":"LINK_TO_LOGISTICAL_STATUS/DESCRIPTION","modelName":"catalogModel"}},"wdio_ui5_key":"etmportal.ui.managecontracts.view.Detailsap.m.ObjectStatus{\"propertyPath\":\"LINK_TO_LOGISTICAL_STATUS/DESCRIPTION\",\"modelName\":\"catalogModel\"}"}]}
RESULT: {"script":"<script> [1562 bytes]","args":[{"selector":{"controlType":"sap.m.ObjectStatus","viewName":"etm.portal.ui.managecontracts.view.Detail","bindingPath":{"propertyPath":"LINK_TO_LOGISTICAL_STATUS/DESCRIPTION","modelName":"catalogModel"}},"wdio_ui5_key":"etmportal.ui.managecontracts.view.Detailsap.m.ObjectStatus{\"propertyPath\":\"LINK_TO_LOGISTICAL_STATUS/DESCRIPTION\",\"modelName\":\"catalogModel\"}"}]}
RESULT: undefined
COMMAND: POST /session/16f78b01815a2e3a707cc501cb0afb21/execute/async - {"script":"<script> [6424 bytes]","args":[{"element-6066-11e4-a52e-4f735466cecf":"f.2B12B0EA68CDE32E3DD19BB79ABA46A3.d.BC44F31AEB9404F2179B39F96ABCD61C.e.16661"},"getText",[]]}
RESULT: {"script":"<script> [6424 bytes]","args":[{"element-6066-11e4-a52e-4f735466cecf":"f.2B12B0EA68CDE32E3DD19BB79ABA46A3.d.BC44F31AEB9404F2179B39F96ABCD61C.e.16661"},"getText",[]]}
COMMAND: POST /session/16f78b01815a2e3a707cc501cb0afb21/execute/async - {"script":"<script> [1562 bytes]","args":[{"selector":{"controlType":"sap.m.ObjectStatus","viewName":"etm.portal.ui.managecontracts.view.Detail","bindingPath":{"propertyPath":"LINK_TO_COMMERCIAL_STATUS/DESCRIPTION","modelName":"catalogModel"}},"wdio_ui5_key":"etmportal.ui.managecontracts.view.Detailsap.m.ObjectStatus{\"propertyPath\":\"LINK_TO_COMMERCIAL_STATUS/DESCRIPTION\",\"modelName\":\"catalogModel\"}"}]}
RESULT: {"script":"<script> [1562 bytes]","args":[{"selector":{"controlType":"sap.m.ObjectStatus","viewName":"etm.portal.ui.managecontracts.view.Detail","bindingPath":{"propertyPath":"LINK_TO_COMMERCIAL_STATUS/DESCRIPTION","modelName":"catalogModel"}},"wdio_ui5_key":"etmportal.ui.managecontracts.view.Detailsap.m.ObjectStatus{\"propertyPath\":\"LINK_TO_COMMERCIAL_STATUS/DESCRIPTION\",\"modelName\":\"catalogModel\"}"}]}
RESULT: undefined
COMMAND: POST /session/16f78b01815a2e3a707cc501cb0afb21/execute/async - {"script":"<script> [6424 bytes]","args":[{"element-6066-11e4-a52e-4f735466cecf":"f.2B12B0EA68CDE32E3DD19BB79ABA46A3.d.BC44F31AEB9404F2179B39F96ABCD61C.e.16663"},"getText",[]]}
RESULT: {"script":"<script> [6424 bytes]","args":[{"element-6066-11e4-a52e-4f735466cecf":"f.2B12B0EA68CDE32E3DD19BB79ABA46A3.d.BC44F31AEB9404F2179B39F96ABCD61C.e.16663"},"getText",[]]}
COMMAND: POST /session/16f78b01815a2e3a707cc501cb0afb21/execute/async - {"script":"<script> [1562 bytes]","args":[{"selector":{"id":"backBtn"},"wdio_ui5_key":"backBtn"}]}
RESULT: {"script":"<script> [1562 bytes]","args":[{"selector":{"id":"backBtn"},"wdio_ui5_key":"backBtn"}]}
RESULT: undefined
COMMAND: POST /session/16f78b01815a2e3a707cc501cb0afb21/element - {"using":"xpath","value":"//*[@id=\"backBtn\"]"}
RESULT: {"using":"xpath","value":"//*[@id=\"backBtn\"]"}
COMMAND: POST /session/16f78b01815a2e3a707cc501cb0afb21/element/f.2B12B0EA68CDE32E3DD19BB79ABA46A3.d.BC44F31AEB9404F2179B39F96ABCD61C.e.16664/click - {}
RESULT: {}
COMMAND: GET /session/16f78b01815a2e3a707cc501cb0afb21/screenshot - {}
COMMAND: POST /session/16f78b01815a2e3a707cc501cb0afb21/execute/async - {"script":"<script> [1562 bytes]","args":[{"selector":{"controlType":"sap.m.Button","viewName":"etm.portal.ui.managehandovers.view.DetailExecuteHO","i18NText":{"propertyName":"text","key":"confirmAll"},"interaction":{"idSuffix":"BDI-content"}},"wdio_ui5_key":"etmportal.ui.managehandovers.view.DetailExecuteHOsap.m.Button{\"propertyName\":\"text\",\"key\":\"confirmAll\"}"}]}
RESULT: {}
RESULT: {"script":"<script> [1562 bytes]","args":[{"selector":{"controlType":"sap.m.Button","viewName":"etm.portal.ui.managehandovers.view.DetailExecuteHO","i18NText":{"propertyName":"text","key":"confirmAll"},"interaction":{"idSuffix":"BDI-content"}},"wdio_ui5_key":"etmportal.ui.managehandovers.view.DetailExecuteHOsap.m.Button{\"propertyName\":\"text\",\"key\":\"confirmAll\"}"}]}
RESULT: undefined
COMMAND: POST /session/16f78b01815a2e3a707cc501cb0afb21/element - {"using":"xpath","value":"//*[@id=\"__button81\"]"}
RESULT: {"using":"xpath","value":"//*[@id=\"__button81\"]"}
COMMAND: POST /session/16f78b01815a2e3a707cc501cb0afb21/element/f.2B12B0EA68CDE32E3DD19BB79ABA46A3.d.BC44F31AEB9404F2179B39F96ABCD61C.e.16958/click - {}
RESULT: {}
COMMAND: GET /session/16f78b01815a2e3a707cc501cb0afb21/screenshot - {}
RESULT: {}
COMMAND: POST /session/16f78b01815a2e3a707cc501cb0afb21/execute/async - {"script":"<script> [1562 bytes]","args":[{"selector":{"controlType":"sap.m.Button","properties":{"text":"OK"},"searchOpenDialogs":true,"interaction":{"idSuffix":"inner"}},"wdio_ui5_key":"sapm.Button{\"text\":\"OK\"}"}]}
RESULT: {"script":"<script> [1562 bytes]","args":[{"selector":{"controlType":"sap.m.Button","properties":{"text":"OK"},"searchOpenDialogs":true,"interaction":{"idSuffix":"inner"}},"wdio_ui5_key":"sapm.Button{\"text\":\"OK\"}"}]}
RESULT: undefined
COMMAND: POST /session/16f78b01815a2e3a707cc501cb0afb21/element - {"using":"xpath","value":"//*[@id=\"__mbox-btn-0\"]"}
RESULT: {"using":"xpath","value":"//*[@id=\"__mbox-btn-0\"]"}
COMMAND: POST /session/16f78b01815a2e3a707cc501cb0afb21/element/f.2B12B0EA68CDE32E3DD19BB79ABA46A3.d.BC44F31AEB9404F2179B39F96ABCD61C.e.16959/click - {}
RESULT: {}
COMMAND: GET /session/16f78b01815a2e3a707cc501cb0afb21/screenshot - {}
RESULT: {}
COMMAND: POST /session/16f78b01815a2e3a707cc501cb0afb21/element - {"using":"xpath","value":"//button[contains(@data-kt ,\"execHoIssueFooterButton\")]"}
RESULT: {"using":"xpath","value":"//button[contains(@data-kt ,\"execHoIssueFooterButton\")]"}
COMMAND: POST /session/16f78b01815a2e3a707cc501cb0afb21/element/f.2B12B0EA68CDE32E3DD19BB79ABA46A3.d.BC44F31AEB9404F2179B39F96ABCD61C.e.16962/click - {}
RESULT: {}
COMMAND: GET /session/16f78b01815a2e3a707cc501cb0afb21/screenshot - {}
RESULT: {}
COMMAND: POST /session/16f78b01815a2e3a707cc501cb0afb21/refresh - {}
RESULT: {}
COMMAND: GET /session/16f78b01815a2e3a707cc501cb0afb21/screenshot - {}
RESULT: {}
COMMAND: POST /session/16f78b01815a2e3a707cc501cb0afb21/refresh - {}
RESULT: {}
COMMAND: GET /session/16f78b01815a2e3a707cc501cb0afb21/screenshot - {}
RESULT: {}
COMMAND: POST /session/16f78b01815a2e3a707cc501cb0afb21/window/fullscreen - {}
RESULT: {}
COMMAND: POST /session/16f78b01815a2e3a707cc501cb0afb21/execute/async - {"script":"<script> [189 bytes]","args":[]}
RESULT: {"script":"<script> [189 bytes]","args":[]}
COMMAND: POST /session/16f78b01815a2e3a707cc501cb0afb21/execute/async - {"script":"<script> [123 bytes]","args":[]}
RESULT: {"script":"<script> [123 bytes]","args":[]}
COMMAND: POST /session/16f78b01815a2e3a707cc501cb0afb21/timeouts - {"script":"<number>"}
RESULT: {"script":"<number>"}
COMMAND: GET /session/16f78b01815a2e3a707cc501cb0afb21/timeouts - {}
RESULT: {}
RESULT: undefined
COMMAND: POST /session/16f78b01815a2e3a707cc501cb0afb21/execute/async - {"script":"<script> [2676 bytes]","args":[]}
RESULT: {"script":"<script> [2676 bytes]","args":[]}
COMMAND: POST /session/16f78b01815a2e3a707cc501cb0afb21/execute/async - {"script":"<script> [2342 bytes]","args":[{"protocol":"http","hostname":"0.0.0.0","path":"/","capabilities":{"browserName":"chrome","goog:chromeOptions":{"binary":"C:\\Program Files\\Google\\Chrome\\Application\\chrome.exe","args":["--start-maximized"]}},"logLevel":"warn","connectionRetryTimeout":120000,"connectionRetryCount":3,"logLevels":{},"enableDirectConnect":true,"strictSSL":true,"_":"65 more keys: [\"cacheDir\",\"port\",\"requestedCapabilities\",\"automationProtocol\",\"baseUrl\",\"waitforInterval\",\"waitforTimeout\",\"onReload\",\"beforeCommand\",\"afterCommand\",\"rootDir\",\"specs\",\"suites\",\"exclude\",\"groupLogsByTestSpec\",\"excludeDriverLogs\",\"bail\",\"framework\",\"reporters\",\"services\",\"maxInstances\",\"maxInstancesPerCapability\",\"injectGlobals\",\"filesToWatch\",\"execArgv\",\"runnerEnv\",\"runner\",\"shard\",\"specFileRetries\",\"specFileRetriesDelay\",\"specFileRetriesDeferred\",\"reporterSyncInterval\",\"reporterSyncTimeout\",\"cucumberFeaturesWithLineNumbers\",\"autoCompileOpts\",\"mochaOpts\",\"jasmineOpts\",\"cucumberOpts\",\"onPrepare\",\"onWorkerStart\",\"onWorkerEnd\",\"before\",\"beforeSession\",\"beforeSuite\",\"beforeHook\",\"beforeTest\",\"afterTest\",\"afterHook\",\"afterSuite\",\"afterSession\",\"after\",\"onComplete\",\"beforeAssertion\",\"afterAssertion\",\"beforeFeature\",\"beforeScenario\",\"beforeStep\",\"afterStep\",\"afterScenario\",\"afterFeature\",\"_\",\"suite\",\"$0\",\"ignoredWorkerServices\",\"wdi5\"]"}]}
RESULT: {"script":"<script> [2342 bytes]","args":[{"protocol":"http","hostname":"0.0.0.0","path":"/","capabilities":{"browserName":"chrome","goog:chromeOptions":{"binary":"C:\\Program Files\\Google\\Chrome\\Application\\chrome.exe","args":["--start-maximized"]}},"logLevel":"warn","connectionRetryTimeout":120000,"connectionRetryCount":3,"logLevels":{},"enableDirectConnect":true,"strictSSL":true,"_":"65 more keys: [\"cacheDir\",\"port\",\"requestedCapabilities\",\"automationProtocol\",\"baseUrl\",\"waitforInterval\",\"waitforTimeout\",\"onReload\",\"beforeCommand\",\"afterCommand\",\"rootDir\",\"specs\",\"suites\",\"exclude\",\"groupLogsByTestSpec\",\"excludeDriverLogs\",\"bail\",\"framework\",\"reporters\",\"services\",\"maxInstances\",\"maxInstancesPerCapability\",\"injectGlobals\",\"filesToWatch\",\"execArgv\",\"runnerEnv\",\"runner\",\"shard\",\"specFileRetries\",\"specFileRetriesDelay\",\"specFileRetriesDeferred\",\"reporterSyncInterval\",\"reporterSyncTimeout\",\"cucumberFeaturesWithLineNumbers\",\"autoCompileOpts\",\"mochaOpts\",\"jasmineOpts\",\"cucumberOpts\",\"onPrepare\",\"onWorkerStart\",\"onWorkerEnd\",\"before\",\"beforeSession\",\"beforeSuite\",\"beforeHook\",\"beforeTest\",\"afterTest\",\"afterHook\",\"afterSuite\",\"afterSession\",\"after\",\"onComplete\",\"beforeAssertion\",\"afterAssertion\",\"beforeFeature\",\"beforeScenario\",\"beforeStep\",\"afterStep\",\"afterScenario\",\"afterFeature\",\"_\",\"suite\",\"$0\",\"ignoredWorkerServices\",\"wdi5\"]"}]}
COMMAND: POST /session/16f78b01815a2e3a707cc501cb0afb21/execute/async - {"script":"<script> [21126 bytes]","args":[35000]}
RESULT: {"script":"<script> [21126 bytes]","args":[35000]}
COMMAND: POST /session/16f78b01815a2e3a707cc501cb0afb21/execute/async - {"script":"<script> [1562 bytes]","args":[{"selector":{"controlType":"sap.m.SearchField","viewName":"etm.portal.ui.managehandovers.view.MasterHO","bindingPath":{"path":"","propertyPath":"/_BASIC_SEARCH_FIELD","modelName":"fi1t3rM0d31"},"interaction":{"idSuffix":"I"}},"wdio_ui5_key":"etmportal.ui.managehandovers.view.MasterHOsap.m.SearchField{\"path\":\"\",\"propertyPath\":\"/_BASIC_SEARCH_FIELD\",\"modelName\":\"fi1t3rM0d31\"}"}]}
RESULT: {"script":"<script> [1562 bytes]","args":[{"selector":{"controlType":"sap.m.SearchField","viewName":"etm.portal.ui.managehandovers.view.MasterHO","bindingPath":{"path":"","propertyPath":"/_BASIC_SEARCH_FIELD","modelName":"fi1t3rM0d31"},"interaction":{"idSuffix":"I"}},"wdio_ui5_key":"etmportal.ui.managehandovers.view.MasterHOsap.m.SearchField{\"path\":\"\",\"propertyPath\":\"/_BASIC_SEARCH_FIELD\",\"modelName\":\"fi1t3rM0d31\"}"}]}
RESULT: undefined
COMMAND: POST /session/16f78b01815a2e3a707cc501cb0afb21/execute/async - {"script":"<script> [776 bytes]","args":[{"enterText":"30787","selector":{"controlType":"sap.m.SearchField","viewName":"etm.portal.ui.managehandovers.view.MasterHO","bindingPath":{"path":"","propertyPath":"/_BASIC_SEARCH_FIELD","modelName":"fi1t3rM0d31"},"interaction":{"idSuffix":"I"}},"clearTextFirst":true,"interactionType":"ENTER_TEXT"}]}
RESULT: {"script":"<script> [776 bytes]","args":[{"enterText":"30787","selector":{"controlType":"sap.m.SearchField","viewName":"etm.portal.ui.managehandovers.view.MasterHO","bindingPath":{"path":"","propertyPath":"/_BASIC_SEARCH_FIELD","modelName":"fi1t3rM0d31"},"interaction":{"idSuffix":"I"}},"clearTextFirst":true,"interactionType":"ENTER_TEXT"}]}
COMMAND: POST /session/16f78b01815a2e3a707cc501cb0afb21/actions - {"actions":[{"id":"action84","type":"key","parameters":{},"actions":[{"type":"keyDown","value":"î€‡"},{"type":"pause","duration":10},{"type":"keyUp","value":"î€‡"}]}]}
RESULT: {"actions":[{"id":"action84","type":"key","parameters":{},"actions":[{"type":"keyDown","value":"î€‡"},{"type":"pause","duration":10},{"type":"keyUp","value":"î€‡"}]}]}
COMMAND: GET /session/16f78b01815a2e3a707cc501cb0afb21/screenshot - {}
RESULT: {}
COMMAND: POST /session/16f78b01815a2e3a707cc501cb0afb21/execute/async - {"script":"<script> [1562 bytes]","args":[{"selector":{"controlType":"sap.m.Title","viewName":"etm.portal.ui.managehandovers.view.MasterHO","properties":{"text":"Records (1)"}},"wdio_ui5_key":"etmportal.ui.managehandovers.view.MasterHOsap.m.Title{\"text\":\"Records (1)\"}"}]}
RESULT: {"script":"<script> [1562 bytes]","args":[{"selector":{"controlType":"sap.m.Title","viewName":"etm.portal.ui.managehandovers.view.MasterHO","properties":{"text":"Records (1)"}},"wdio_ui5_key":"etmportal.ui.managehandovers.view.MasterHOsap.m.Title{\"text\":\"Records (1)\"}"}]}
RESULT: undefined
COMMAND: POST /session/16f78b01815a2e3a707cc501cb0afb21/execute/async - {"script":"<script> [6424 bytes]","args":[{"element-6066-11e4-a52e-4f735466cecf":"f.2B12B0EA68CDE32E3DD19BB79ABA46A3.d.3647859A07D69BCADCA4B37034B1EC9C.e.17249"},"getText",[]]}
RESULT: {"script":"<script> [6424 bytes]","args":[{"element-6066-11e4-a52e-4f735466cecf":"f.2B12B0EA68CDE32E3DD19BB79ABA46A3.d.3647859A07D69BCADCA4B37034B1EC9C.e.17249"},"getText",[]]}
COMMAND: POST /session/16f78b01815a2e3a707cc501cb0afb21/execute/async - {"script":"<script> [1562 bytes]","args":[{"selector":{"controlType":"sap.ui.core.Icon","viewName":"etm.portal.ui.managehandovers.view.MasterHO","properties":{"src":{"regex":{"source":"slim\\-arrow\\-right"}}}},"wdio_ui5_key":"etmportal.ui.managehandovers.view.MasterHOsap.ui.core.Icon{\"src\":{\"regex\":{\"source\":\"slim\\\\-arrow\\\\-right\"}}}"}]}
RESULT: {"script":"<script> [1562 bytes]","args":[{"selector":{"controlType":"sap.ui.core.Icon","viewName":"etm.portal.ui.managehandovers.view.MasterHO","properties":{"src":{"regex":{"source":"slim\\-arrow\\-right"}}}},"wdio_ui5_key":"etmportal.ui.managehandovers.view.MasterHOsap.ui.core.Icon{\"src\":{\"regex\":{\"source\":\"slim\\\\-arrow\\\\-right\"}}}"}]}
RESULT: undefined
COMMAND: POST /session/16f78b01815a2e3a707cc501cb0afb21/element - {"using":"xpath","value":"//*[@id=\"__item31-__clone17-imgNav\"]"}
RESULT: {"using":"xpath","value":"//*[@id=\"__item31-__clone17-imgNav\"]"}
COMMAND: POST /session/16f78b01815a2e3a707cc501cb0afb21/element/f.2B12B0EA68CDE32E3DD19BB79ABA46A3.d.3647859A07D69BCADCA4B37034B1EC9C.e.17248/click - {}
RESULT: {}
COMMAND: GET /session/16f78b01815a2e3a707cc501cb0afb21/screenshot - {}
RESULT: {}
COMMAND: POST /session/16f78b01815a2e3a707cc501cb0afb21/execute/async - {"script":"<script> [1562 bytes]","args":[{"selector":{"controlType":"sap.m.ObjectStatus","viewName":"etm.portal.ui.managehandovers.view.DetailExecuteHO","labelFor":{"text":"Status"}},"wdio_ui5_key":"etmportal.ui.managehandovers.view.DetailExecuteHOsap.m.ObjectStatus{\"text\":\"Status\"}"}]}
RESULT: {"script":"<script> [1562 bytes]","args":[{"selector":{"controlType":"sap.m.ObjectStatus","viewName":"etm.portal.ui.managehandovers.view.DetailExecuteHO","labelFor":{"text":"Status"}},"wdio_ui5_key":"etmportal.ui.managehandovers.view.DetailExecuteHOsap.m.ObjectStatus{\"text\":\"Status\"}"}]}
RESULT: undefined
COMMAND: POST /session/16f78b01815a2e3a707cc501cb0afb21/execute/async - {"script":"<script> [6424 bytes]","args":[{"element-6066-11e4-a52e-4f735466cecf":"f.2B12B0EA68CDE32E3DD19BB79ABA46A3.d.3647859A07D69BCADCA4B37034B1EC9C.e.17336"},"getText",[]]}
RESULT: {"script":"<script> [6424 bytes]","args":[{"element-6066-11e4-a52e-4f735466cecf":"f.2B12B0EA68CDE32E3DD19BB79ABA46A3.d.3647859A07D69BCADCA4B37034B1EC9C.e.17336"},"getText",[]]}
COMMAND: POST /session/16f78b01815a2e3a707cc501cb0afb21/execute/async - {"script":"<script> [1562 bytes]","args":[{"selector":{"controlType":"sap.m.Button","viewName":"etm.portal.ui.managehandovers.view.DetailExecuteHO","i18NText":{"propertyName":"text","key":"confirmAll"},"interaction":{"idSuffix":"BDI-content"}},"wdio_ui5_key":"etmportal.ui.managehandovers.view.DetailExecuteHOsap.m.Button{\"propertyName\":\"text\",\"key\":\"confirmAll\"}"}]}
RESULT: {"script":"<script> [1562 bytes]","args":[{"selector":{"controlType":"sap.m.Button","viewName":"etm.portal.ui.managehandovers.view.DetailExecuteHO","i18NText":{"propertyName":"text","key":"confirmAll"},"interaction":{"idSuffix":"BDI-content"}},"wdio_ui5_key":"etmportal.ui.managehandovers.view.DetailExecuteHOsap.m.Button{\"propertyName\":\"text\",\"key\":\"confirmAll\"}"}]}
RESULT: undefined
COMMAND: POST /session/16f78b01815a2e3a707cc501cb0afb21/element - {"using":"xpath","value":"//*[@id=\"__button29\"]"}
RESULT: {"using":"xpath","value":"//*[@id=\"__button29\"]"}
COMMAND: POST /session/16f78b01815a2e3a707cc501cb0afb21/element/f.2B12B0EA68CDE32E3DD19BB79ABA46A3.d.3647859A07D69BCADCA4B37034B1EC9C.e.17340/click - {}
RESULT: {}
COMMAND: GET /session/16f78b01815a2e3a707cc501cb0afb21/screenshot - {}
RESULT: {}
COMMAND: POST /session/16f78b01815a2e3a707cc501cb0afb21/execute/async - {"script":"<script> [1562 bytes]","args":[{"selector":{"controlType":"sap.m.Button","properties":{"text":"OK"},"searchOpenDialogs":true,"interaction":{"idSuffix":"BDI-content"}},"wdio_ui5_key":"sapm.Button{\"text\":\"OK\"}"}]}
RESULT: {"script":"<script> [1562 bytes]","args":[{"selector":{"controlType":"sap.m.Button","properties":{"text":"OK"},"searchOpenDialogs":true,"interaction":{"idSuffix":"BDI-content"}},"wdio_ui5_key":"sapm.Button{\"text\":\"OK\"}"}]}
RESULT: undefined
COMMAND: POST /session/16f78b01815a2e3a707cc501cb0afb21/element - {"using":"xpath","value":"//*[@id=\"__mbox-btn-0\"]"}
RESULT: {"using":"xpath","value":"//*[@id=\"__mbox-btn-0\"]"}
COMMAND: POST /session/16f78b01815a2e3a707cc501cb0afb21/element/f.2B12B0EA68CDE32E3DD19BB79ABA46A3.d.3647859A07D69BCADCA4B37034B1EC9C.e.17341/click - {}
RESULT: {}
COMMAND: GET /session/16f78b01815a2e3a707cc501cb0afb21/screenshot - {}
RESULT: {}
COMMAND: POST /session/16f78b01815a2e3a707cc501cb0afb21/element - {"using":"xpath","value":"//button[contains(@data-kt ,\"execHoReceiveFooterButton\")]"}
RESULT: {"using":"xpath","value":"//button[contains(@data-kt ,\"execHoReceiveFooterButton\")]"}
COMMAND: POST /session/16f78b01815a2e3a707cc501cb0afb21/element/f.2B12B0EA68CDE32E3DD19BB79ABA46A3.d.3647859A07D69BCADCA4B37034B1EC9C.e.17306/click - {}
RESULT: {}
COMMAND: GET /session/16f78b01815a2e3a707cc501cb0afb21/screenshot - {}
RESULT: {}
COMMAND: POST /session/16f78b01815a2e3a707cc501cb0afb21/refresh - {}
RESULT: {}
COMMAND: GET /session/16f78b01815a2e3a707cc501cb0afb21/screenshot - {}
RESULT: {}
COMMAND: POST /session/16f78b01815a2e3a707cc501cb0afb21/refresh - {}
RESULT: {}
COMMAND: GET /session/16f78b01815a2e3a707cc501cb0afb21/screenshot - {}
RESULT: {}
COMMAND: POST /session/16f78b01815a2e3a707cc501cb0afb21/window/fullscreen - {}
RESULT: {}
COMMAND: POST /session/16f78b01815a2e3a707cc501cb0afb21/execute/async - {"script":"<script> [189 bytes]","args":[]}
RESULT: {"script":"<script> [189 bytes]","args":[]}
COMMAND: POST /session/16f78b01815a2e3a707cc501cb0afb21/execute/async - {"script":"<script> [123 bytes]","args":[]}
RESULT: {"script":"<script> [123 bytes]","args":[]}
COMMAND: POST /session/16f78b01815a2e3a707cc501cb0afb21/timeouts - {"script":"<number>"}
RESULT: {"script":"<number>"}
COMMAND: GET /session/16f78b01815a2e3a707cc501cb0afb21/timeouts - {}
RESULT: {}
RESULT: undefined
COMMAND: POST /session/16f78b01815a2e3a707cc501cb0afb21/execute/async - {"script":"<script> [2676 bytes]","args":[]}
RESULT: {"script":"<script> [2676 bytes]","args":[]}
COMMAND: POST /session/16f78b01815a2e3a707cc501cb0afb21/execute/async - {"script":"<script> [2342 bytes]","args":[{"protocol":"http","hostname":"0.0.0.0","path":"/","capabilities":{"browserName":"chrome","goog:chromeOptions":{"binary":"C:\\Program Files\\Google\\Chrome\\Application\\chrome.exe","args":["--start-maximized"]}},"logLevel":"warn","connectionRetryTimeout":120000,"connectionRetryCount":3,"logLevels":{},"enableDirectConnect":true,"strictSSL":true,"_":"65 more keys: [\"cacheDir\",\"port\",\"requestedCapabilities\",\"automationProtocol\",\"baseUrl\",\"waitforInterval\",\"waitforTimeout\",\"onReload\",\"beforeCommand\",\"afterCommand\",\"rootDir\",\"specs\",\"suites\",\"exclude\",\"groupLogsByTestSpec\",\"excludeDriverLogs\",\"bail\",\"framework\",\"reporters\",\"services\",\"maxInstances\",\"maxInstancesPerCapability\",\"injectGlobals\",\"filesToWatch\",\"execArgv\",\"runnerEnv\",\"runner\",\"shard\",\"specFileRetries\",\"specFileRetriesDelay\",\"specFileRetriesDeferred\",\"reporterSyncInterval\",\"reporterSyncTimeout\",\"cucumberFeaturesWithLineNumbers\",\"autoCompileOpts\",\"mochaOpts\",\"jasmineOpts\",\"cucumberOpts\",\"onPrepare\",\"onWorkerStart\",\"onWorkerEnd\",\"before\",\"beforeSession\",\"beforeSuite\",\"beforeHook\",\"beforeTest\",\"afterTest\",\"afterHook\",\"afterSuite\",\"afterSession\",\"after\",\"onComplete\",\"beforeAssertion\",\"afterAssertion\",\"beforeFeature\",\"beforeScenario\",\"beforeStep\",\"afterStep\",\"afterScenario\",\"afterFeature\",\"_\",\"suite\",\"$0\",\"ignoredWorkerServices\",\"wdi5\"]"}]}
RESULT: {"script":"<script> [2342 bytes]","args":[{"protocol":"http","hostname":"0.0.0.0","path":"/","capabilities":{"browserName":"chrome","goog:chromeOptions":{"binary":"C:\\Program Files\\Google\\Chrome\\Application\\chrome.exe","args":["--start-maximized"]}},"logLevel":"warn","connectionRetryTimeout":120000,"connectionRetryCount":3,"logLevels":{},"enableDirectConnect":true,"strictSSL":true,"_":"65 more keys: [\"cacheDir\",\"port\",\"requestedCapabilities\",\"automationProtocol\",\"baseUrl\",\"waitforInterval\",\"waitforTimeout\",\"onReload\",\"beforeCommand\",\"afterCommand\",\"rootDir\",\"specs\",\"suites\",\"exclude\",\"groupLogsByTestSpec\",\"excludeDriverLogs\",\"bail\",\"framework\",\"reporters\",\"services\",\"maxInstances\",\"maxInstancesPerCapability\",\"injectGlobals\",\"filesToWatch\",\"execArgv\",\"runnerEnv\",\"runner\",\"shard\",\"specFileRetries\",\"specFileRetriesDelay\",\"specFileRetriesDeferred\",\"reporterSyncInterval\",\"reporterSyncTimeout\",\"cucumberFeaturesWithLineNumbers\",\"autoCompileOpts\",\"mochaOpts\",\"jasmineOpts\",\"cucumberOpts\",\"onPrepare\",\"onWorkerStart\",\"onWorkerEnd\",\"before\",\"beforeSession\",\"beforeSuite\",\"beforeHook\",\"beforeTest\",\"afterTest\",\"afterHook\",\"afterSuite\",\"afterSession\",\"after\",\"onComplete\",\"beforeAssertion\",\"afterAssertion\",\"beforeFeature\",\"beforeScenario\",\"beforeStep\",\"afterStep\",\"afterScenario\",\"afterFeature\",\"_\",\"suite\",\"$0\",\"ignoredWorkerServices\",\"wdi5\"]"}]}
COMMAND: POST /session/16f78b01815a2e3a707cc501cb0afb21/execute/async - {"script":"<script> [21126 bytes]","args":[35000]}
RESULT: {"script":"<script> [21126 bytes]","args":[35000]}
COMMAND: POST /session/16f78b01815a2e3a707cc501cb0afb21/execute/async - {"script":"<script> [1562 bytes]","args":[{"selector":{"controlType":"sap.m.SearchField","viewName":"etm.portal.ui.managehandovers.view.MasterHO","bindingPath":{"path":"","propertyPath":"/_BASIC_SEARCH_FIELD","modelName":"fi1t3rM0d31"},"interaction":{"idSuffix":"I"}},"wdio_ui5_key":"etmportal.ui.managehandovers.view.MasterHOsap.m.SearchField{\"path\":\"\",\"propertyPath\":\"/_BASIC_SEARCH_FIELD\",\"modelName\":\"fi1t3rM0d31\"}"}]}
RESULT: {"script":"<script> [1562 bytes]","args":[{"selector":{"controlType":"sap.m.SearchField","viewName":"etm.portal.ui.managehandovers.view.MasterHO","bindingPath":{"path":"","propertyPath":"/_BASIC_SEARCH_FIELD","modelName":"fi1t3rM0d31"},"interaction":{"idSuffix":"I"}},"wdio_ui5_key":"etmportal.ui.managehandovers.view.MasterHOsap.m.SearchField{\"path\":\"\",\"propertyPath\":\"/_BASIC_SEARCH_FIELD\",\"modelName\":\"fi1t3rM0d31\"}"}]}
RESULT: undefined
COMMAND: POST /session/16f78b01815a2e3a707cc501cb0afb21/execute/async - {"script":"<script> [776 bytes]","args":[{"enterText":"30787","selector":{"controlType":"sap.m.SearchField","viewName":"etm.portal.ui.managehandovers.view.MasterHO","bindingPath":{"path":"","propertyPath":"/_BASIC_SEARCH_FIELD","modelName":"fi1t3rM0d31"},"interaction":{"idSuffix":"I"}},"clearTextFirst":true,"interactionType":"ENTER_TEXT"}]}
RESULT: {"script":"<script> [776 bytes]","args":[{"enterText":"30787","selector":{"controlType":"sap.m.SearchField","viewName":"etm.portal.ui.managehandovers.view.MasterHO","bindingPath":{"path":"","propertyPath":"/_BASIC_SEARCH_FIELD","modelName":"fi1t3rM0d31"},"interaction":{"idSuffix":"I"}},"clearTextFirst":true,"interactionType":"ENTER_TEXT"}]}
COMMAND: POST /session/16f78b01815a2e3a707cc501cb0afb21/actions - {"actions":[{"id":"action85","type":"key","parameters":{},"actions":[{"type":"keyDown","value":"î€‡"},{"type":"pause","duration":10},{"type":"keyUp","value":"î€‡"}]}]}
RESULT: {"actions":[{"id":"action85","type":"key","parameters":{},"actions":[{"type":"keyDown","value":"î€‡"},{"type":"pause","duration":10},{"type":"keyUp","value":"î€‡"}]}]}
COMMAND: GET /session/16f78b01815a2e3a707cc501cb0afb21/screenshot - {}
RESULT: {}
COMMAND: POST /session/16f78b01815a2e3a707cc501cb0afb21/execute/async - {"script":"<script> [1562 bytes]","args":[{"selector":{"controlType":"sap.m.Title","viewName":"etm.portal.ui.managehandovers.view.MasterHO","properties":{"text":"Records (1)"}},"wdio_ui5_key":"etmportal.ui.managehandovers.view.MasterHOsap.m.Title{\"text\":\"Records (1)\"}"}]}
RESULT: {"script":"<script> [1562 bytes]","args":[{"selector":{"controlType":"sap.m.Title","viewName":"etm.portal.ui.managehandovers.view.MasterHO","properties":{"text":"Records (1)"}},"wdio_ui5_key":"etmportal.ui.managehandovers.view.MasterHOsap.m.Title{\"text\":\"Records (1)\"}"}]}
RESULT: undefined
COMMAND: POST /session/16f78b01815a2e3a707cc501cb0afb21/execute/async - {"script":"<script> [6424 bytes]","args":[{"element-6066-11e4-a52e-4f735466cecf":"f.2B12B0EA68CDE32E3DD19BB79ABA46A3.d.A86C9529DE96E949932C38761068D335.e.17521"},"getText",[]]}
RESULT: {"script":"<script> [6424 bytes]","args":[{"element-6066-11e4-a52e-4f735466cecf":"f.2B12B0EA68CDE32E3DD19BB79ABA46A3.d.A86C9529DE96E949932C38761068D335.e.17521"},"getText",[]]}
COMMAND: POST /session/16f78b01815a2e3a707cc501cb0afb21/execute/async - {"script":"<script> [1562 bytes]","args":[{"selector":{"controlType":"sap.ui.core.Icon","viewName":"etm.portal.ui.managehandovers.view.MasterHO","properties":{"src":{"regex":{"source":"slim\\-arrow\\-right"}}}},"wdio_ui5_key":"etmportal.ui.managehandovers.view.MasterHOsap.ui.core.Icon{\"src\":{\"regex\":{\"source\":\"slim\\\\-arrow\\\\-right\"}}}"}]}
RESULT: {"script":"<script> [1562 bytes]","args":[{"selector":{"controlType":"sap.ui.core.Icon","viewName":"etm.portal.ui.managehandovers.view.MasterHO","properties":{"src":{"regex":{"source":"slim\\-arrow\\-right"}}}},"wdio_ui5_key":"etmportal.ui.managehandovers.view.MasterHOsap.ui.core.Icon{\"src\":{\"regex\":{\"source\":\"slim\\\\-arrow\\\\-right\"}}}"}]}
RESULT: undefined
COMMAND: POST /session/16f78b01815a2e3a707cc501cb0afb21/element - {"using":"xpath","value":"//*[@id=\"__item27-__clone17-imgNav\"]"}
RESULT: {"using":"xpath","value":"//*[@id=\"__item27-__clone17-imgNav\"]"}
COMMAND: POST /session/16f78b01815a2e3a707cc501cb0afb21/element/f.2B12B0EA68CDE32E3DD19BB79ABA46A3.d.A86C9529DE96E949932C38761068D335.e.17520/click - {}
RESULT: {}
COMMAND: GET /session/16f78b01815a2e3a707cc501cb0afb21/screenshot - {}
RESULT: {}
COMMAND: POST /session/16f78b01815a2e3a707cc501cb0afb21/execute/async - {"script":"<script> [1562 bytes]","args":[{"selector":{"controlType":"sap.m.ObjectStatus","viewName":"etm.portal.ui.managehandovers.view.DetailManageHO","viewId":"application-managehandovers-display-component---detailManageHO","labelFor":{"text":"Status"}},"wdio_ui5_key":"etmportal.ui.managehandovers.view.DetailManageHOsap.m.ObjectStatus{\"text\":\"Status\"}"}]}
RESULT: {"script":"<script> [1562 bytes]","args":[{"selector":{"controlType":"sap.m.ObjectStatus","viewName":"etm.portal.ui.managehandovers.view.DetailManageHO","viewId":"application-managehandovers-display-component---detailManageHO","labelFor":{"text":"Status"}},"wdio_ui5_key":"etmportal.ui.managehandovers.view.DetailManageHOsap.m.ObjectStatus{\"text\":\"Status\"}"}]}
RESULT: undefined
COMMAND: POST /session/16f78b01815a2e3a707cc501cb0afb21/execute/async - {"script":"<script> [6424 bytes]","args":[{"element-6066-11e4-a52e-4f735466cecf":"f.2B12B0EA68CDE32E3DD19BB79ABA46A3.d.A86C9529DE96E949932C38761068D335.e.17597"},"getText",[]]}
RESULT: {"script":"<script> [6424 bytes]","args":[{"element-6066-11e4-a52e-4f735466cecf":"f.2B12B0EA68CDE32E3DD19BB79ABA46A3.d.A86C9529DE96E949932C38761068D335.e.17597"},"getText",[]]}
COMMAND: POST /session/16f78b01815a2e3a707cc501cb0afb21/element - {"using":"xpath","value":"//a[contains(@data-kt ,\"GeneralSectionReceiveContracttLink\")]"}
RESULT: {"using":"xpath","value":"//a[contains(@data-kt ,\"GeneralSectionReceiveContracttLink\")]"}
COMMAND: POST /session/16f78b01815a2e3a707cc501cb0afb21/element/f.2B12B0EA68CDE32E3DD19BB79ABA46A3.d.A86C9529DE96E949932C38761068D335.e.17600/click - {}
RESULT: {}
COMMAND: GET /session/16f78b01815a2e3a707cc501cb0afb21/screenshot - {}
RESULT: {}
COMMAND: POST /session/16f78b01815a2e3a707cc501cb0afb21/element - {"using":"xpath","value":"//a[contains(@data-kt ,\"ContextMenuId2Link\")]"}
RESULT: {"using":"xpath","value":"//a[contains(@data-kt ,\"ContextMenuId2Link\")]"}
COMMAND: POST /session/16f78b01815a2e3a707cc501cb0afb21/element/f.2B12B0EA68CDE32E3DD19BB79ABA46A3.d.A86C9529DE96E949932C38761068D335.e.17603/click - {}
RESULT: {}
COMMAND: GET /session/16f78b01815a2e3a707cc501cb0afb21/screenshot - {}
RESULT: {}
COMMAND: POST /session/16f78b01815a2e3a707cc501cb0afb21/execute/async - {"script":"<script> [1562 bytes]","args":[{"selector":{"controlType":"sap.m.ObjectStatus","viewName":"etm.portal.ui.managecontracts.view.Detail","bindingPath":{"propertyPath":"LINK_TO_LOGISTICAL_STATUS/DESCRIPTION","modelName":"catalogModel"}},"wdio_ui5_key":"etmportal.ui.managecontracts.view.Detailsap.m.ObjectStatus{\"propertyPath\":\"LINK_TO_LOGISTICAL_STATUS/DESCRIPTION\",\"modelName\":\"catalogModel\"}"}]}
RESULT: {"script":"<script> [1562 bytes]","args":[{"selector":{"controlType":"sap.m.ObjectStatus","viewName":"etm.portal.ui.managecontracts.view.Detail","bindingPath":{"propertyPath":"LINK_TO_LOGISTICAL_STATUS/DESCRIPTION","modelName":"catalogModel"}},"wdio_ui5_key":"etmportal.ui.managecontracts.view.Detailsap.m.ObjectStatus{\"propertyPath\":\"LINK_TO_LOGISTICAL_STATUS/DESCRIPTION\",\"modelName\":\"catalogModel\"}"}]}
RESULT: undefined
COMMAND: POST /session/16f78b01815a2e3a707cc501cb0afb21/execute/async - {"script":"<script> [6424 bytes]","args":[{"element-6066-11e4-a52e-4f735466cecf":"f.2B12B0EA68CDE32E3DD19BB79ABA46A3.d.A86C9529DE96E949932C38761068D335.e.17867"},"getText",[]]}
RESULT: {"script":"<script> [6424 bytes]","args":[{"element-6066-11e4-a52e-4f735466cecf":"f.2B12B0EA68CDE32E3DD19BB79ABA46A3.d.A86C9529DE96E949932C38761068D335.e.17867"},"getText",[]]}
COMMAND: POST /session/16f78b01815a2e3a707cc501cb0afb21/execute/async - {"script":"<script> [1562 bytes]","args":[{"selector":{"controlType":"sap.m.ObjectStatus","viewName":"etm.portal.ui.managecontracts.view.Detail","bindingPath":{"propertyPath":"LINK_TO_COMMERCIAL_STATUS/DESCRIPTION","modelName":"catalogModel"}},"wdio_ui5_key":"etmportal.ui.managecontracts.view.Detailsap.m.ObjectStatus{\"propertyPath\":\"LINK_TO_COMMERCIAL_STATUS/DESCRIPTION\",\"modelName\":\"catalogModel\"}"}]}
RESULT: {"script":"<script> [1562 bytes]","args":[{"selector":{"controlType":"sap.m.ObjectStatus","viewName":"etm.portal.ui.managecontracts.view.Detail","bindingPath":{"propertyPath":"LINK_TO_COMMERCIAL_STATUS/DESCRIPTION","modelName":"catalogModel"}},"wdio_ui5_key":"etmportal.ui.managecontracts.view.Detailsap.m.ObjectStatus{\"propertyPath\":\"LINK_TO_COMMERCIAL_STATUS/DESCRIPTION\",\"modelName\":\"catalogModel\"}"}]}
RESULT: undefined
COMMAND: POST /session/16f78b01815a2e3a707cc501cb0afb21/execute/async - {"script":"<script> [6424 bytes]","args":[{"element-6066-11e4-a52e-4f735466cecf":"f.2B12B0EA68CDE32E3DD19BB79ABA46A3.d.A86C9529DE96E949932C38761068D335.e.17868"},"getText",[]]}
RESULT: {"script":"<script> [6424 bytes]","args":[{"element-6066-11e4-a52e-4f735466cecf":"f.2B12B0EA68CDE32E3DD19BB79ABA46A3.d.A86C9529DE96E949932C38761068D335.e.17868"},"getText",[]]}
]]></system-out>
    </testcase>
    <testcase classname="chrome.136_0_7103_93.windows.E2E_-_Logistical_and_commercial_statuses" name="It should follow the handover steps to the status fully returned" time="233.442">
      <system-out><![CDATA[
COMMAND: POST /session/16f78b01815a2e3a707cc501cb0afb21/execute/async - {"script":"<script> [1562 bytes]","args":[{"selector":{"id":"contractDetailReturnButton","viewName":"etm.portal.ui.managecontracts.view.Detail","interaction":{"idSuffix":"BDI-content"}},"wdio_ui5_key":"contractDetailReturnButtonetmportal.ui.managecontracts.view.Detail"}]}
RESULT: {"script":"<script> [1562 bytes]","args":[{"selector":{"id":"contractDetailReturnButton","viewName":"etm.portal.ui.managecontracts.view.Detail","interaction":{"idSuffix":"BDI-content"}},"wdio_ui5_key":"contractDetailReturnButtonetmportal.ui.managecontracts.view.Detail"}]}
RESULT: undefined
COMMAND: POST /session/16f78b01815a2e3a707cc501cb0afb21/element - {"using":"xpath","value":"//*[@id=\"__xmlview2--contractDetailReturnButton\"]"}
RESULT: {"using":"xpath","value":"//*[@id=\"__xmlview2--contractDetailReturnButton\"]"}
COMMAND: POST /session/16f78b01815a2e3a707cc501cb0afb21/element/f.2B12B0EA68CDE32E3DD19BB79ABA46A3.d.A86C9529DE96E949932C38761068D335.e.17704/click - {}
RESULT: {}
COMMAND: POST /session/16f78b01815a2e3a707cc501cb0afb21/execute/async - {"script":"<script> [1562 bytes]","args":[{"selector":{"id":"application-managehandovers-display-component---AddNewHO--dueDate","interaction":{"idSuffix":"inner"}},"wdio_ui5_key":"applicationmanagehandovers-display-component---AddNewHO--dueDate"}]}
COMMAND: GET /session/16f78b01815a2e3a707cc501cb0afb21/screenshot - {}
RESULT: {"script":"<script> [1562 bytes]","args":[{"selector":{"id":"application-managehandovers-display-component---AddNewHO--dueDate","interaction":{"idSuffix":"inner"}},"wdio_ui5_key":"applicationmanagehandovers-display-component---AddNewHO--dueDate"}]}
RESULT: undefined
COMMAND: POST /session/16f78b01815a2e3a707cc501cb0afb21/execute/async - {"script":"<script> [776 bytes]","args":[{"enterText":"05/19/25","selector":{"id":"application-managehandovers-display-component---AddNewHO--dueDate","interaction":{"idSuffix":"inner"}},"clearTextFirst":true,"interactionType":"ENTER_TEXT"}]}
RESULT: {}
RESULT: {"script":"<script> [776 bytes]","args":[{"enterText":"05/19/25","selector":{"id":"application-managehandovers-display-component---AddNewHO--dueDate","interaction":{"idSuffix":"inner"}},"clearTextFirst":true,"interactionType":"ENTER_TEXT"}]}
COMMAND: POST /session/16f78b01815a2e3a707cc501cb0afb21/element - {"using":"xpath","value":"//bdi[contains(@id ,\"application-managehandovers-display-component---AddNewHO--ObjectPageLayout-anchBar-application-managehandovers-display-component---AddNewHO--section4-anchor-BDI-content\")]"}
RESULT: {"using":"xpath","value":"//bdi[contains(@id ,\"application-managehandovers-display-component---AddNewHO--ObjectPageLayout-anchBar-application-managehandovers-display-component---AddNewHO--section4-anchor-BDI-content\")]"}
COMMAND: POST /session/16f78b01815a2e3a707cc501cb0afb21/element/f.2B12B0EA68CDE32E3DD19BB79ABA46A3.d.A86C9529DE96E949932C38761068D335.e.18177/click - {}
RESULT: {}
COMMAND: GET /session/16f78b01815a2e3a707cc501cb0afb21/screenshot - {}
RESULT: {}
COMMAND: POST /session/16f78b01815a2e3a707cc501cb0afb21/element - {"using":"xpath","value":"//button[contains(@data-kt ,\"AddNewHOProvideAddItemsButton\")]"}
RESULT: {"using":"xpath","value":"//button[contains(@data-kt ,\"AddNewHOProvideAddItemsButton\")]"}
COMMAND: POST /session/16f78b01815a2e3a707cc501cb0afb21/element/f.2B12B0EA68CDE32E3DD19BB79ABA46A3.d.A86C9529DE96E949932C38761068D335.e.17982/click - {}
RESULT: {}
COMMAND: GET /session/16f78b01815a2e3a707cc501cb0afb21/screenshot - {}
RESULT: {}
COMMAND: POST /session/16f78b01815a2e3a707cc501cb0afb21/execute/async - {"script":"<script> [1562 bytes]","args":[{"selector":{"id":"application-managehandovers-display-component---AddNewHO--popup-sa","searchOpenDialogs":true,"interaction":{"idSuffix":"CbBg"}},"wdio_ui5_key":"applicationmanagehandovers-display-component---AddNewHO--popup-sa"}]}
RESULT: {"script":"<script> [1562 bytes]","args":[{"selector":{"id":"application-managehandovers-display-component---AddNewHO--popup-sa","searchOpenDialogs":true,"interaction":{"idSuffix":"CbBg"}},"wdio_ui5_key":"applicationmanagehandovers-display-component---AddNewHO--popup-sa"}]}
RESULT: undefined
COMMAND: POST /session/16f78b01815a2e3a707cc501cb0afb21/element - {"using":"xpath","value":"//*[@id=\"application-managehandovers-display-component---AddNewHO--popup-sa\"]"}
RESULT: {"using":"xpath","value":"//*[@id=\"application-managehandovers-display-component---AddNewHO--popup-sa\"]"}
COMMAND: POST /session/16f78b01815a2e3a707cc501cb0afb21/element/f.2B12B0EA68CDE32E3DD19BB79ABA46A3.d.A86C9529DE96E949932C38761068D335.e.18191/click - {}
RESULT: {}
COMMAND: POST /session/16f78b01815a2e3a707cc501cb0afb21/execute/async - {"script":"<script> [1562 bytes]","args":[{"selector":{"controlType":"sap.m.Button","viewName":"etm.portal.ui.managehandovers.view.AddNewHO","viewId":"application-managehandovers-display-component---AddNewHO","i18NText":{"propertyName":"text","key":"select"},"searchOpenDialogs":true,"interaction":{"idSuffix":"BDI-content"}},"wdio_ui5_key":"etmportal.ui.managehandovers.view.AddNewHOsap.m.Button{\"propertyName\":\"text\",\"key\":\"select\"}"}]}
COMMAND: GET /session/16f78b01815a2e3a707cc501cb0afb21/screenshot - {}
RESULT: {"script":"<script> [1562 bytes]","args":[{"selector":{"controlType":"sap.m.Button","viewName":"etm.portal.ui.managehandovers.view.AddNewHO","viewId":"application-managehandovers-display-component---AddNewHO","i18NText":{"propertyName":"text","key":"select"},"searchOpenDialogs":true,"interaction":{"idSuffix":"BDI-content"}},"wdio_ui5_key":"etmportal.ui.managehandovers.view.AddNewHOsap.m.Button{\"propertyName\":\"text\",\"key\":\"select\"}"}]}
RESULT: undefined
COMMAND: POST /session/16f78b01815a2e3a707cc501cb0afb21/element - {"using":"xpath","value":"//*[@id=\"__button56\"]"}
RESULT: {}
RESULT: {"using":"xpath","value":"//*[@id=\"__button56\"]"}
COMMAND: POST /session/16f78b01815a2e3a707cc501cb0afb21/element/f.2B12B0EA68CDE32E3DD19BB79ABA46A3.d.A86C9529DE96E949932C38761068D335.e.18194/click - {}
RESULT: {}
COMMAND: GET /session/16f78b01815a2e3a707cc501cb0afb21/screenshot - {}
RESULT: {}
COMMAND: POST /session/16f78b01815a2e3a707cc501cb0afb21/execute/async - {"script":"<script> [1562 bytes]","args":[{"selector":{"id":"application-managehandovers-display-component---AddNewHO--confirmCreationButton","interaction":{"idSuffix":"BDI-content"}},"wdio_ui5_key":"applicationmanagehandovers-display-component---AddNewHO--confirmCreationButton"}]}
RESULT: {"script":"<script> [1562 bytes]","args":[{"selector":{"id":"application-managehandovers-display-component---AddNewHO--confirmCreationButton","interaction":{"idSuffix":"BDI-content"}},"wdio_ui5_key":"applicationmanagehandovers-display-component---AddNewHO--confirmCreationButton"}]}
RESULT: undefined
COMMAND: POST /session/16f78b01815a2e3a707cc501cb0afb21/element - {"using":"xpath","value":"//*[@id=\"application-managehandovers-display-component---AddNewHO--confirmCreationButton\"]"}
RESULT: {"using":"xpath","value":"//*[@id=\"application-managehandovers-display-component---AddNewHO--confirmCreationButton\"]"}
COMMAND: POST /session/16f78b01815a2e3a707cc501cb0afb21/element/f.2B12B0EA68CDE32E3DD19BB79ABA46A3.d.A86C9529DE96E949932C38761068D335.e.17989/click - {}
RESULT: {}
COMMAND: GET /session/16f78b01815a2e3a707cc501cb0afb21/screenshot - {}
RESULT: {}
COMMAND: POST /session/16f78b01815a2e3a707cc501cb0afb21/execute/async - {"script":"<script> [1562 bytes]","args":[{"selector":{"controlType":"sap.m.Text","viewName":"etm.portal.ui.managehandovers.view.DetailExecuteHO","bindingPath":{"propertyPath":"NO","modelName":"catalogModel"}},"wdio_ui5_key":"etmportal.ui.managehandovers.view.DetailExecuteHOsap.m.Text{\"propertyPath\":\"NO\",\"modelName\":\"catalogModel\"}"}]}
RESULT: {"script":"<script> [1562 bytes]","args":[{"selector":{"controlType":"sap.m.Text","viewName":"etm.portal.ui.managehandovers.view.DetailExecuteHO","bindingPath":{"propertyPath":"NO","modelName":"catalogModel"}},"wdio_ui5_key":"etmportal.ui.managehandovers.view.DetailExecuteHOsap.m.Text{\"propertyPath\":\"NO\",\"modelName\":\"catalogModel\"}"}]}
RESULT: undefined
COMMAND: POST /session/16f78b01815a2e3a707cc501cb0afb21/execute/async - {"script":"<script> [6424 bytes]","args":[{"element-6066-11e4-a52e-4f735466cecf":"f.2B12B0EA68CDE32E3DD19BB79ABA46A3.d.A86C9529DE96E949932C38761068D335.e.18233"},"getText",[]]}
RESULT: {"script":"<script> [6424 bytes]","args":[{"element-6066-11e4-a52e-4f735466cecf":"f.2B12B0EA68CDE32E3DD19BB79ABA46A3.d.A86C9529DE96E949932C38761068D335.e.18233"},"getText",[]]}
COMMAND: POST /session/16f78b01815a2e3a707cc501cb0afb21/element - {"using":"xpath","value":"//a[contains(@data-kt ,\"GeneralSectionSendContractLink\")]"}
RESULT: {"using":"xpath","value":"//a[contains(@data-kt ,\"GeneralSectionSendContractLink\")]"}
COMMAND: POST /session/16f78b01815a2e3a707cc501cb0afb21/element/f.2B12B0EA68CDE32E3DD19BB79ABA46A3.d.A86C9529DE96E949932C38761068D335.e.18234/click - {}
RESULT: {}
COMMAND: GET /session/16f78b01815a2e3a707cc501cb0afb21/screenshot - {}
RESULT: {}
COMMAND: POST /session/16f78b01815a2e3a707cc501cb0afb21/element - {"using":"xpath","value":"//a[contains(@data-kt ,\"ContextMenuId2Link\")]"}
RESULT: {"using":"xpath","value":"//a[contains(@data-kt ,\"ContextMenuId2Link\")]"}
COMMAND: POST /session/16f78b01815a2e3a707cc501cb0afb21/elements - {"using":"xpath","value":"//a[contains(@data-kt ,\"ContextMenuId2Link\")]"}
RESULT: {"using":"xpath","value":"//a[contains(@data-kt ,\"ContextMenuId2Link\")]"}
COMMAND: POST /session/16f78b01815a2e3a707cc501cb0afb21/element/f.2B12B0EA68CDE32E3DD19BB79ABA46A3.d.A86C9529DE96E949932C38761068D335.e.18236/click - {}
RESULT: {}
COMMAND: GET /session/16f78b01815a2e3a707cc501cb0afb21/screenshot - {}
RESULT: {}
COMMAND: POST /session/16f78b01815a2e3a707cc501cb0afb21/execute/async - {"script":"<script> [1562 bytes]","args":[{"selector":{"controlType":"sap.m.Link","viewName":"etm.portal.ui.managehandovers.view.DetailExecuteHO","properties":{"text":"Contract Overview"},"searchOpenDialogs":true},"wdio_ui5_key":"etmportal.ui.managehandovers.view.DetailExecuteHOsap.m.Link{\"text\":\"Contract Overview\"}"}]}
RESULT: {"script":"<script> [1562 bytes]","args":[{"selector":{"controlType":"sap.m.Link","viewName":"etm.portal.ui.managehandovers.view.DetailExecuteHO","properties":{"text":"Contract Overview"},"searchOpenDialogs":true},"wdio_ui5_key":"etmportal.ui.managehandovers.view.DetailExecuteHOsap.m.Link{\"text\":\"Contract Overview\"}"}]}
RESULT: undefined
RESULT: undefined
COMMAND: POST /session/16f78b01815a2e3a707cc501cb0afb21/execute/async - {"script":"<script> [6424 bytes]","args":[{"element-6066-11e4-a52e-4f735466cecf":"f.2B12B0EA68CDE32E3DD19BB79ABA46A3.d.A86C9529DE96E949932C38761068D335.e.17867"},"getText",[]]}
COMMAND: POST /session/16f78b01815a2e3a707cc501cb0afb21/execute/async - {"script":"<script> [1562 bytes]","args":[{"selector":{"controlType":"sap.m.ObjectStatus","viewName":"etm.portal.ui.managecontracts.view.Detail","bindingPath":{"propertyPath":"LINK_TO_LOGISTICAL_STATUS/DESCRIPTION","modelName":"catalogModel"}},"wdio_ui5_key":"etmportal.ui.managecontracts.view.Detailsap.m.ObjectStatus{\"propertyPath\":\"LINK_TO_LOGISTICAL_STATUS/DESCRIPTION\",\"modelName\":\"catalogModel\"}"}]}
RESULT: {"script":"<script> [1562 bytes]","args":[{"selector":{"controlType":"sap.m.ObjectStatus","viewName":"etm.portal.ui.managecontracts.view.Detail","bindingPath":{"propertyPath":"LINK_TO_LOGISTICAL_STATUS/DESCRIPTION","modelName":"catalogModel"}},"wdio_ui5_key":"etmportal.ui.managecontracts.view.Detailsap.m.ObjectStatus{\"propertyPath\":\"LINK_TO_LOGISTICAL_STATUS/DESCRIPTION\",\"modelName\":\"catalogModel\"}"}]}
COMMAND: POST /session/16f78b01815a2e3a707cc501cb0afb21/execute/async - {"script":"<script> [6424 bytes]","args":[{"element-6066-11e4-a52e-4f735466cecf":"f.2B12B0EA68CDE32E3DD19BB79ABA46A3.d.A86C9529DE96E949932C38761068D335.e.18475"},"getText",[]]}
RESULT: {"script":"<script> [6424 bytes]","args":[{"element-6066-11e4-a52e-4f735466cecf":"f.2B12B0EA68CDE32E3DD19BB79ABA46A3.d.A86C9529DE96E949932C38761068D335.e.18475"},"getText",[]]}
RESULT: undefined
COMMAND: POST /session/16f78b01815a2e3a707cc501cb0afb21/execute/async - {"script":"<script> [6424 bytes]","args":[{"element-6066-11e4-a52e-4f735466cecf":"f.2B12B0EA68CDE32E3DD19BB79ABA46A3.d.A86C9529DE96E949932C38761068D335.e.17868"},"getText",[]]}
COMMAND: POST /session/16f78b01815a2e3a707cc501cb0afb21/execute/async - {"script":"<script> [1562 bytes]","args":[{"selector":{"controlType":"sap.m.ObjectStatus","viewName":"etm.portal.ui.managecontracts.view.Detail","bindingPath":{"propertyPath":"LINK_TO_COMMERCIAL_STATUS/DESCRIPTION","modelName":"catalogModel"}},"wdio_ui5_key":"etmportal.ui.managecontracts.view.Detailsap.m.ObjectStatus{\"propertyPath\":\"LINK_TO_COMMERCIAL_STATUS/DESCRIPTION\",\"modelName\":\"catalogModel\"}"}]}
RESULT: {"script":"<script> [1562 bytes]","args":[{"selector":{"controlType":"sap.m.ObjectStatus","viewName":"etm.portal.ui.managecontracts.view.Detail","bindingPath":{"propertyPath":"LINK_TO_COMMERCIAL_STATUS/DESCRIPTION","modelName":"catalogModel"}},"wdio_ui5_key":"etmportal.ui.managecontracts.view.Detailsap.m.ObjectStatus{\"propertyPath\":\"LINK_TO_COMMERCIAL_STATUS/DESCRIPTION\",\"modelName\":\"catalogModel\"}"}]}
COMMAND: POST /session/16f78b01815a2e3a707cc501cb0afb21/execute/async - {"script":"<script> [6424 bytes]","args":[{"element-6066-11e4-a52e-4f735466cecf":"f.2B12B0EA68CDE32E3DD19BB79ABA46A3.d.A86C9529DE96E949932C38761068D335.e.18476"},"getText",[]]}
RESULT: {"script":"<script> [6424 bytes]","args":[{"element-6066-11e4-a52e-4f735466cecf":"f.2B12B0EA68CDE32E3DD19BB79ABA46A3.d.A86C9529DE96E949932C38761068D335.e.18476"},"getText",[]]}
COMMAND: POST /session/16f78b01815a2e3a707cc501cb0afb21/execute/async - {"script":"<script> [1562 bytes]","args":[{"selector":{"id":"backBtn"},"wdio_ui5_key":"backBtn"}]}
RESULT: {"script":"<script> [1562 bytes]","args":[{"selector":{"id":"backBtn"},"wdio_ui5_key":"backBtn"}]}
RESULT: undefined
COMMAND: POST /session/16f78b01815a2e3a707cc501cb0afb21/element - {"using":"xpath","value":"//*[@id=\"backBtn\"]"}
RESULT: {"using":"xpath","value":"//*[@id=\"backBtn\"]"}
COMMAND: POST /session/16f78b01815a2e3a707cc501cb0afb21/element/f.2B12B0EA68CDE32E3DD19BB79ABA46A3.d.A86C9529DE96E949932C38761068D335.e.18477/click - {}
RESULT: {}
COMMAND: GET /session/16f78b01815a2e3a707cc501cb0afb21/screenshot - {}
RESULT: {}
COMMAND: POST /session/16f78b01815a2e3a707cc501cb0afb21/element - {"using":"xpath","value":"//input[contains(@id ,\"issueDatePicker-inner\")]"}
RESULT: {"using":"xpath","value":"//input[contains(@id ,\"issueDatePicker-inner\")]"}
COMMAND: GET /session/16f78b01815a2e3a707cc501cb0afb21/element/f.2B12B0EA68CDE32E3DD19BB79ABA46A3.d.A86C9529DE96E949932C38761068D335.e.18742/property/value - {}
RESULT: {}
COMMAND: POST /session/16f78b01815a2e3a707cc501cb0afb21/element/f.2B12B0EA68CDE32E3DD19BB79ABA46A3.d.A86C9529DE96E949932C38761068D335.e.18742/clear - {}
COMMAND: GET /session/16f78b01815a2e3a707cc501cb0afb21/screenshot - {}
RESULT: {}
COMMAND: POST /session/16f78b01815a2e3a707cc501cb0afb21/element/f.2B12B0EA68CDE32E3DD19BB79ABA46A3.d.A86C9529DE96E949932C38761068D335.e.18742/value - {"text":"05/19/25"}
COMMAND: GET /session/16f78b01815a2e3a707cc501cb0afb21/screenshot - {}
RESULT: {}
RESULT: {"text":"05/19/25"}
COMMAND: GET /session/16f78b01815a2e3a707cc501cb0afb21/screenshot - {}
RESULT: {}
RESULT: {}
COMMAND: POST /session/16f78b01815a2e3a707cc501cb0afb21/execute/async - {"script":"<script> [1562 bytes]","args":[{"selector":{"controlType":"sap.m.Button","viewName":"etm.portal.ui.managehandovers.view.DetailExecuteHO","i18NText":{"propertyName":"text","key":"confirmAll"},"interaction":{"idSuffix":"inner"}},"wdio_ui5_key":"etmportal.ui.managehandovers.view.DetailExecuteHOsap.m.Button{\"propertyName\":\"text\",\"key\":\"confirmAll\"}"}]}
RESULT: {"script":"<script> [1562 bytes]","args":[{"selector":{"controlType":"sap.m.Button","viewName":"etm.portal.ui.managehandovers.view.DetailExecuteHO","i18NText":{"propertyName":"text","key":"confirmAll"},"interaction":{"idSuffix":"inner"}},"wdio_ui5_key":"etmportal.ui.managehandovers.view.DetailExecuteHOsap.m.Button{\"propertyName\":\"text\",\"key\":\"confirmAll\"}"}]}
RESULT: undefined
COMMAND: POST /session/16f78b01815a2e3a707cc501cb0afb21/element - {"using":"xpath","value":"//*[@id=\"__button136\"]"}
RESULT: {"using":"xpath","value":"//*[@id=\"__button136\"]"}
COMMAND: POST /session/16f78b01815a2e3a707cc501cb0afb21/element/f.2B12B0EA68CDE32E3DD19BB79ABA46A3.d.A86C9529DE96E949932C38761068D335.e.18766/click - {}
RESULT: {}
COMMAND: GET /session/16f78b01815a2e3a707cc501cb0afb21/screenshot - {}
RESULT: {}
COMMAND: POST /session/16f78b01815a2e3a707cc501cb0afb21/actions - {"actions":[{"id":"action86","type":"key","parameters":{},"actions":[{"type":"keyDown","value":"î€‡"},{"type":"pause","duration":10},{"type":"keyUp","value":"î€‡"}]}]}
RESULT: {"actions":[{"id":"action86","type":"key","parameters":{},"actions":[{"type":"keyDown","value":"î€‡"},{"type":"pause","duration":10},{"type":"keyUp","value":"î€‡"}]}]}
COMMAND: GET /session/16f78b01815a2e3a707cc501cb0afb21/screenshot - {}
RESULT: {}
RESULT: undefined
COMMAND: POST /session/16f78b01815a2e3a707cc501cb0afb21/element - {"using":"xpath","value":"//*[@id=\"__button136\"]"}
RESULT: {"using":"xpath","value":"//*[@id=\"__button136\"]"}
COMMAND: POST /session/16f78b01815a2e3a707cc501cb0afb21/element/f.2B12B0EA68CDE32E3DD19BB79ABA46A3.d.A86C9529DE96E949932C38761068D335.e.18766/click - {}
RESULT: {}
COMMAND: GET /session/16f78b01815a2e3a707cc501cb0afb21/screenshot - {}
RESULT: {}
COMMAND: POST /session/16f78b01815a2e3a707cc501cb0afb21/execute/async - {"script":"<script> [1562 bytes]","args":[{"selector":{"controlType":"sap.m.Button","properties":{"text":"OK"},"searchOpenDialogs":true,"interaction":{"idSuffix":"content"}},"wdio_ui5_key":"sapm.Button{\"text\":\"OK\"}"}]}
RESULT: {"script":"<script> [1562 bytes]","args":[{"selector":{"controlType":"sap.m.Button","properties":{"text":"OK"},"searchOpenDialogs":true,"interaction":{"idSuffix":"content"}},"wdio_ui5_key":"sapm.Button{\"text\":\"OK\"}"}]}
RESULT: undefined
COMMAND: POST /session/16f78b01815a2e3a707cc501cb0afb21/element - {"using":"xpath","value":"//*[@id=\"__mbox-btn-2\"]"}
RESULT: {"using":"xpath","value":"//*[@id=\"__mbox-btn-2\"]"}
COMMAND: POST /session/16f78b01815a2e3a707cc501cb0afb21/element/f.2B12B0EA68CDE32E3DD19BB79ABA46A3.d.A86C9529DE96E949932C38761068D335.e.18774/click - {}
RESULT: {}
COMMAND: GET /session/16f78b01815a2e3a707cc501cb0afb21/screenshot - {}
RESULT: {}
COMMAND: POST /session/16f78b01815a2e3a707cc501cb0afb21/element - {"using":"xpath","value":"//button[contains(@data-kt ,\"execHoIssueFooterButton\")]"}
RESULT: {"using":"xpath","value":"//button[contains(@data-kt ,\"execHoIssueFooterButton\")]"}
COMMAND: POST /session/16f78b01815a2e3a707cc501cb0afb21/element/f.2B12B0EA68CDE32E3DD19BB79ABA46A3.d.A86C9529DE96E949932C38761068D335.e.18778/click - {}
RESULT: {}
COMMAND: GET /session/16f78b01815a2e3a707cc501cb0afb21/screenshot - {}
RESULT: {}
COMMAND: POST /session/16f78b01815a2e3a707cc501cb0afb21/refresh - {}
RESULT: {}
COMMAND: GET /session/16f78b01815a2e3a707cc501cb0afb21/screenshot - {}
RESULT: {}
COMMAND: POST /session/16f78b01815a2e3a707cc501cb0afb21/refresh - {}
RESULT: {}
COMMAND: GET /session/16f78b01815a2e3a707cc501cb0afb21/screenshot - {}
RESULT: {}
COMMAND: POST /session/16f78b01815a2e3a707cc501cb0afb21/window/fullscreen - {}
RESULT: {}
COMMAND: POST /session/16f78b01815a2e3a707cc501cb0afb21/execute/async - {"script":"<script> [189 bytes]","args":[]}
RESULT: {"script":"<script> [189 bytes]","args":[]}
COMMAND: POST /session/16f78b01815a2e3a707cc501cb0afb21/execute/async - {"script":"<script> [123 bytes]","args":[]}
RESULT: {"script":"<script> [123 bytes]","args":[]}
COMMAND: POST /session/16f78b01815a2e3a707cc501cb0afb21/timeouts - {"script":"<number>"}
RESULT: {"script":"<number>"}
COMMAND: GET /session/16f78b01815a2e3a707cc501cb0afb21/timeouts - {}
RESULT: {}
RESULT: undefined
COMMAND: POST /session/16f78b01815a2e3a707cc501cb0afb21/execute/async - {"script":"<script> [2676 bytes]","args":[]}
RESULT: {"script":"<script> [2676 bytes]","args":[]}
COMMAND: POST /session/16f78b01815a2e3a707cc501cb0afb21/execute/async - {"script":"<script> [2342 bytes]","args":[{"protocol":"http","hostname":"0.0.0.0","path":"/","capabilities":{"browserName":"chrome","goog:chromeOptions":{"binary":"C:\\Program Files\\Google\\Chrome\\Application\\chrome.exe","args":["--start-maximized"]}},"logLevel":"warn","connectionRetryTimeout":120000,"connectionRetryCount":3,"logLevels":{},"enableDirectConnect":true,"strictSSL":true,"_":"65 more keys: [\"cacheDir\",\"port\",\"requestedCapabilities\",\"automationProtocol\",\"baseUrl\",\"waitforInterval\",\"waitforTimeout\",\"onReload\",\"beforeCommand\",\"afterCommand\",\"rootDir\",\"specs\",\"suites\",\"exclude\",\"groupLogsByTestSpec\",\"excludeDriverLogs\",\"bail\",\"framework\",\"reporters\",\"services\",\"maxInstances\",\"maxInstancesPerCapability\",\"injectGlobals\",\"filesToWatch\",\"execArgv\",\"runnerEnv\",\"runner\",\"shard\",\"specFileRetries\",\"specFileRetriesDelay\",\"specFileRetriesDeferred\",\"reporterSyncInterval\",\"reporterSyncTimeout\",\"cucumberFeaturesWithLineNumbers\",\"autoCompileOpts\",\"mochaOpts\",\"jasmineOpts\",\"cucumberOpts\",\"onPrepare\",\"onWorkerStart\",\"onWorkerEnd\",\"before\",\"beforeSession\",\"beforeSuite\",\"beforeHook\",\"beforeTest\",\"afterTest\",\"afterHook\",\"afterSuite\",\"afterSession\",\"after\",\"onComplete\",\"beforeAssertion\",\"afterAssertion\",\"beforeFeature\",\"beforeScenario\",\"beforeStep\",\"afterStep\",\"afterScenario\",\"afterFeature\",\"_\",\"suite\",\"$0\",\"ignoredWorkerServices\",\"wdi5\"]"}]}
RESULT: {"script":"<script> [2342 bytes]","args":[{"protocol":"http","hostname":"0.0.0.0","path":"/","capabilities":{"browserName":"chrome","goog:chromeOptions":{"binary":"C:\\Program Files\\Google\\Chrome\\Application\\chrome.exe","args":["--start-maximized"]}},"logLevel":"warn","connectionRetryTimeout":120000,"connectionRetryCount":3,"logLevels":{},"enableDirectConnect":true,"strictSSL":true,"_":"65 more keys: [\"cacheDir\",\"port\",\"requestedCapabilities\",\"automationProtocol\",\"baseUrl\",\"waitforInterval\",\"waitforTimeout\",\"onReload\",\"beforeCommand\",\"afterCommand\",\"rootDir\",\"specs\",\"suites\",\"exclude\",\"groupLogsByTestSpec\",\"excludeDriverLogs\",\"bail\",\"framework\",\"reporters\",\"services\",\"maxInstances\",\"maxInstancesPerCapability\",\"injectGlobals\",\"filesToWatch\",\"execArgv\",\"runnerEnv\",\"runner\",\"shard\",\"specFileRetries\",\"specFileRetriesDelay\",\"specFileRetriesDeferred\",\"reporterSyncInterval\",\"reporterSyncTimeout\",\"cucumberFeaturesWithLineNumbers\",\"autoCompileOpts\",\"mochaOpts\",\"jasmineOpts\",\"cucumberOpts\",\"onPrepare\",\"onWorkerStart\",\"onWorkerEnd\",\"before\",\"beforeSession\",\"beforeSuite\",\"beforeHook\",\"beforeTest\",\"afterTest\",\"afterHook\",\"afterSuite\",\"afterSession\",\"after\",\"onComplete\",\"beforeAssertion\",\"afterAssertion\",\"beforeFeature\",\"beforeScenario\",\"beforeStep\",\"afterStep\",\"afterScenario\",\"afterFeature\",\"_\",\"suite\",\"$0\",\"ignoredWorkerServices\",\"wdi5\"]"}]}
COMMAND: POST /session/16f78b01815a2e3a707cc501cb0afb21/execute/async - {"script":"<script> [21126 bytes]","args":[35000]}
RESULT: {"script":"<script> [21126 bytes]","args":[35000]}
COMMAND: POST /session/16f78b01815a2e3a707cc501cb0afb21/execute/async - {"script":"<script> [1562 bytes]","args":[{"selector":{"controlType":"sap.m.SearchField","viewName":"etm.portal.ui.managehandovers.view.MasterHO","bindingPath":{"path":"","propertyPath":"/_BASIC_SEARCH_FIELD","modelName":"fi1t3rM0d31"},"interaction":{"idSuffix":"I"}},"wdio_ui5_key":"etmportal.ui.managehandovers.view.MasterHOsap.m.SearchField{\"path\":\"\",\"propertyPath\":\"/_BASIC_SEARCH_FIELD\",\"modelName\":\"fi1t3rM0d31\"}"}]}
RESULT: {"script":"<script> [1562 bytes]","args":[{"selector":{"controlType":"sap.m.SearchField","viewName":"etm.portal.ui.managehandovers.view.MasterHO","bindingPath":{"path":"","propertyPath":"/_BASIC_SEARCH_FIELD","modelName":"fi1t3rM0d31"},"interaction":{"idSuffix":"I"}},"wdio_ui5_key":"etmportal.ui.managehandovers.view.MasterHOsap.m.SearchField{\"path\":\"\",\"propertyPath\":\"/_BASIC_SEARCH_FIELD\",\"modelName\":\"fi1t3rM0d31\"}"}]}
RESULT: undefined
COMMAND: POST /session/16f78b01815a2e3a707cc501cb0afb21/execute/async - {"script":"<script> [776 bytes]","args":[{"enterText":"30788","selector":{"controlType":"sap.m.SearchField","viewName":"etm.portal.ui.managehandovers.view.MasterHO","bindingPath":{"path":"","propertyPath":"/_BASIC_SEARCH_FIELD","modelName":"fi1t3rM0d31"},"interaction":{"idSuffix":"I"}},"clearTextFirst":true,"interactionType":"ENTER_TEXT"}]}
RESULT: {"script":"<script> [776 bytes]","args":[{"enterText":"30788","selector":{"controlType":"sap.m.SearchField","viewName":"etm.portal.ui.managehandovers.view.MasterHO","bindingPath":{"path":"","propertyPath":"/_BASIC_SEARCH_FIELD","modelName":"fi1t3rM0d31"},"interaction":{"idSuffix":"I"}},"clearTextFirst":true,"interactionType":"ENTER_TEXT"}]}
COMMAND: POST /session/16f78b01815a2e3a707cc501cb0afb21/actions - {"actions":[{"id":"action87","type":"key","parameters":{},"actions":[{"type":"keyDown","value":"î€‡"},{"type":"pause","duration":10},{"type":"keyUp","value":"î€‡"}]}]}
RESULT: {"actions":[{"id":"action87","type":"key","parameters":{},"actions":[{"type":"keyDown","value":"î€‡"},{"type":"pause","duration":10},{"type":"keyUp","value":"î€‡"}]}]}
COMMAND: GET /session/16f78b01815a2e3a707cc501cb0afb21/screenshot - {}
RESULT: {}
COMMAND: POST /session/16f78b01815a2e3a707cc501cb0afb21/execute/async - {"script":"<script> [1562 bytes]","args":[{"selector":{"controlType":"sap.m.Title","viewName":"etm.portal.ui.managehandovers.view.MasterHO","properties":{"text":"Records (1)"}},"wdio_ui5_key":"etmportal.ui.managehandovers.view.MasterHOsap.m.Title{\"text\":\"Records (1)\"}"}]}
RESULT: {"script":"<script> [1562 bytes]","args":[{"selector":{"controlType":"sap.m.Title","viewName":"etm.portal.ui.managehandovers.view.MasterHO","properties":{"text":"Records (1)"}},"wdio_ui5_key":"etmportal.ui.managehandovers.view.MasterHOsap.m.Title{\"text\":\"Records (1)\"}"}]}
RESULT: undefined
COMMAND: POST /session/16f78b01815a2e3a707cc501cb0afb21/execute/async - {"script":"<script> [6424 bytes]","args":[{"element-6066-11e4-a52e-4f735466cecf":"f.2B12B0EA68CDE32E3DD19BB79ABA46A3.d.0E7338527844FCAD2A3618DD771C7EBC.e.19080"},"getText",[]]}
RESULT: {"script":"<script> [6424 bytes]","args":[{"element-6066-11e4-a52e-4f735466cecf":"f.2B12B0EA68CDE32E3DD19BB79ABA46A3.d.0E7338527844FCAD2A3618DD771C7EBC.e.19080"},"getText",[]]}
COMMAND: POST /session/16f78b01815a2e3a707cc501cb0afb21/execute/async - {"script":"<script> [1562 bytes]","args":[{"selector":{"controlType":"sap.ui.core.Icon","viewName":"etm.portal.ui.managehandovers.view.MasterHO","properties":{"src":{"regex":{"source":"slim\\-arrow\\-right"}}}},"wdio_ui5_key":"etmportal.ui.managehandovers.view.MasterHOsap.ui.core.Icon{\"src\":{\"regex\":{\"source\":\"slim\\\\-arrow\\\\-right\"}}}"}]}
RESULT: {"script":"<script> [1562 bytes]","args":[{"selector":{"controlType":"sap.ui.core.Icon","viewName":"etm.portal.ui.managehandovers.view.MasterHO","properties":{"src":{"regex":{"source":"slim\\-arrow\\-right"}}}},"wdio_ui5_key":"etmportal.ui.managehandovers.view.MasterHOsap.ui.core.Icon{\"src\":{\"regex\":{\"source\":\"slim\\\\-arrow\\\\-right\"}}}"}]}
RESULT: undefined
COMMAND: POST /session/16f78b01815a2e3a707cc501cb0afb21/element - {"using":"xpath","value":"//*[@id=\"__item27-__clone17-imgNav\"]"}
RESULT: {"using":"xpath","value":"//*[@id=\"__item27-__clone17-imgNav\"]"}
COMMAND: POST /session/16f78b01815a2e3a707cc501cb0afb21/element/f.2B12B0EA68CDE32E3DD19BB79ABA46A3.d.0E7338527844FCAD2A3618DD771C7EBC.e.19079/click - {}
RESULT: {}
COMMAND: GET /session/16f78b01815a2e3a707cc501cb0afb21/screenshot - {}
RESULT: {}
COMMAND: POST /session/16f78b01815a2e3a707cc501cb0afb21/execute/async - {"script":"<script> [1562 bytes]","args":[{"selector":{"controlType":"sap.m.ObjectStatus","viewName":"etm.portal.ui.managehandovers.view.DetailManageHO","viewId":"application-managehandovers-display-component---detailManageHO","labelFor":{"text":"Status"}},"wdio_ui5_key":"etmportal.ui.managehandovers.view.DetailManageHOsap.m.ObjectStatus{\"text\":\"Status\"}"}]}
RESULT: {"script":"<script> [1562 bytes]","args":[{"selector":{"controlType":"sap.m.ObjectStatus","viewName":"etm.portal.ui.managehandovers.view.DetailManageHO","viewId":"application-managehandovers-display-component---detailManageHO","labelFor":{"text":"Status"}},"wdio_ui5_key":"etmportal.ui.managehandovers.view.DetailManageHOsap.m.ObjectStatus{\"text\":\"Status\"}"}]}
RESULT: undefined
COMMAND: POST /session/16f78b01815a2e3a707cc501cb0afb21/execute/async - {"script":"<script> [6424 bytes]","args":[{"element-6066-11e4-a52e-4f735466cecf":"f.2B12B0EA68CDE32E3DD19BB79ABA46A3.d.0E7338527844FCAD2A3618DD771C7EBC.e.19166"},"getText",[]]}
RESULT: {"script":"<script> [6424 bytes]","args":[{"element-6066-11e4-a52e-4f735466cecf":"f.2B12B0EA68CDE32E3DD19BB79ABA46A3.d.0E7338527844FCAD2A3618DD771C7EBC.e.19166"},"getText",[]]}
COMMAND: POST /session/16f78b01815a2e3a707cc501cb0afb21/element - {"using":"xpath","value":"//a[contains(@data-kt ,\"GeneralSectionSendContractLink\")]"}
RESULT: {"using":"xpath","value":"//a[contains(@data-kt ,\"GeneralSectionSendContractLink\")]"}
COMMAND: POST /session/16f78b01815a2e3a707cc501cb0afb21/element/f.2B12B0EA68CDE32E3DD19BB79ABA46A3.d.0E7338527844FCAD2A3618DD771C7EBC.e.19167/click - {}
RESULT: {}
COMMAND: GET /session/16f78b01815a2e3a707cc501cb0afb21/screenshot - {}
RESULT: {}
COMMAND: POST /session/16f78b01815a2e3a707cc501cb0afb21/elements - {"using":"xpath","value":"//a[contains(@data-kt ,\"ContextMenuId2Link\")]"}
RESULT: {"using":"xpath","value":"//a[contains(@data-kt ,\"ContextMenuId2Link\")]"}
COMMAND: POST /session/16f78b01815a2e3a707cc501cb0afb21/element/f.2B12B0EA68CDE32E3DD19BB79ABA46A3.d.A86C9529DE96E949932C38761068D335.e.18236/click - {}
COMMAND: POST /session/16f78b01815a2e3a707cc501cb0afb21/element - {"using":"xpath","value":"//a[contains(@data-kt ,\"ContextMenuId2Link\")]"}
RESULT: {"using":"xpath","value":"//a[contains(@data-kt ,\"ContextMenuId2Link\")]"}
COMMAND: POST /session/16f78b01815a2e3a707cc501cb0afb21/element/f.2B12B0EA68CDE32E3DD19BB79ABA46A3.d.A86C9529DE96E949932C38761068D335.e.18236/click - {}
COMMAND: POST /session/16f78b01815a2e3a707cc501cb0afb21/element - {"using":"xpath","value":"//a[contains(@data-kt ,\"ContextMenuId2Link\")]"}
RESULT: {"using":"xpath","value":"//a[contains(@data-kt ,\"ContextMenuId2Link\")]"}
COMMAND: POST /session/16f78b01815a2e3a707cc501cb0afb21/element/f.2B12B0EA68CDE32E3DD19BB79ABA46A3.d.0E7338527844FCAD2A3618DD771C7EBC.e.19170/click - {}
RESULT: {}
COMMAND: GET /session/16f78b01815a2e3a707cc501cb0afb21/screenshot - {}
RESULT: {}
COMMAND: POST /session/16f78b01815a2e3a707cc501cb0afb21/execute/async - {"script":"<script> [1562 bytes]","args":[{"selector":{"controlType":"sap.m.ObjectStatus","viewName":"etm.portal.ui.managecontracts.view.Detail","bindingPath":{"propertyPath":"LINK_TO_COMMERCIAL_STATUS/DESCRIPTION","modelName":"catalogModel"}},"wdio_ui5_key":"etmportal.ui.managecontracts.view.Detailsap.m.ObjectStatus{\"propertyPath\":\"LINK_TO_COMMERCIAL_STATUS/DESCRIPTION\",\"modelName\":\"catalogModel\"}"}]}
RESULT: {"script":"<script> [1562 bytes]","args":[{"selector":{"controlType":"sap.m.ObjectStatus","viewName":"etm.portal.ui.managecontracts.view.Detail","bindingPath":{"propertyPath":"LINK_TO_COMMERCIAL_STATUS/DESCRIPTION","modelName":"catalogModel"}},"wdio_ui5_key":"etmportal.ui.managecontracts.view.Detailsap.m.ObjectStatus{\"propertyPath\":\"LINK_TO_COMMERCIAL_STATUS/DESCRIPTION\",\"modelName\":\"catalogModel\"}"}]}
RESULT: undefined
COMMAND: POST /session/16f78b01815a2e3a707cc501cb0afb21/execute/async - {"script":"<script> [6424 bytes]","args":[{"element-6066-11e4-a52e-4f735466cecf":"f.2B12B0EA68CDE32E3DD19BB79ABA46A3.d.0E7338527844FCAD2A3618DD771C7EBC.e.19407"},"getText",[]]}
RESULT: {"script":"<script> [6424 bytes]","args":[{"element-6066-11e4-a52e-4f735466cecf":"f.2B12B0EA68CDE32E3DD19BB79ABA46A3.d.0E7338527844FCAD2A3618DD771C7EBC.e.19407"},"getText",[]]}
COMMAND: POST /session/16f78b01815a2e3a707cc501cb0afb21/execute/async - {"script":"<script> [1562 bytes]","args":[{"selector":{"controlType":"sap.m.ObjectStatus","viewName":"etm.portal.ui.managecontracts.view.Detail","bindingPath":{"propertyPath":"LINK_TO_LOGISTICAL_STATUS/DESCRIPTION","modelName":"catalogModel"}},"wdio_ui5_key":"etmportal.ui.managecontracts.view.Detailsap.m.ObjectStatus{\"propertyPath\":\"LINK_TO_LOGISTICAL_STATUS/DESCRIPTION\",\"modelName\":\"catalogModel\"}"}]}
RESULT: {"script":"<script> [1562 bytes]","args":[{"selector":{"controlType":"sap.m.ObjectStatus","viewName":"etm.portal.ui.managecontracts.view.Detail","bindingPath":{"propertyPath":"LINK_TO_LOGISTICAL_STATUS/DESCRIPTION","modelName":"catalogModel"}},"wdio_ui5_key":"etmportal.ui.managecontracts.view.Detailsap.m.ObjectStatus{\"propertyPath\":\"LINK_TO_LOGISTICAL_STATUS/DESCRIPTION\",\"modelName\":\"catalogModel\"}"}]}
RESULT: undefined
COMMAND: POST /session/16f78b01815a2e3a707cc501cb0afb21/execute/async - {"script":"<script> [6424 bytes]","args":[{"element-6066-11e4-a52e-4f735466cecf":"f.2B12B0EA68CDE32E3DD19BB79ABA46A3.d.0E7338527844FCAD2A3618DD771C7EBC.e.19408"},"getText",[]]}
RESULT: {"script":"<script> [6424 bytes]","args":[{"element-6066-11e4-a52e-4f735466cecf":"f.2B12B0EA68CDE32E3DD19BB79ABA46A3.d.0E7338527844FCAD2A3618DD771C7EBC.e.19408"},"getText",[]]}
COMMAND: POST /session/16f78b01815a2e3a707cc501cb0afb21/element - {"using":"xpath","value":"//button[@data-kt=\"contractDetailEditBtnButton\"]"}
RESULT: {"using":"xpath","value":"//button[@data-kt=\"contractDetailEditBtnButton\"]"}
COMMAND: POST /session/16f78b01815a2e3a707cc501cb0afb21/element/f.2B12B0EA68CDE32E3DD19BB79ABA46A3.d.0E7338527844FCAD2A3618DD771C7EBC.e.19236/click - {}
RESULT: {}
COMMAND: GET /session/16f78b01815a2e3a707cc501cb0afb21/screenshot - {}
RESULT: {}
COMMAND: POST /session/16f78b01815a2e3a707cc501cb0afb21/element - {"using":"xpath","value":"(//span[contains(text(), \"Additional Addresses\")])[2]"}
RESULT: {"using":"xpath","value":"(//span[contains(text(), \"Additional Addresses\")])[2]"}
COMMAND: POST /session/16f78b01815a2e3a707cc501cb0afb21/element/f.2B12B0EA68CDE32E3DD19BB79ABA46A3.d.0E7338527844FCAD2A3618DD771C7EBC.e.19474/click - {}
RESULT: {}
COMMAND: GET /session/16f78b01815a2e3a707cc501cb0afb21/screenshot - {}
RESULT: {}
COMMAND: POST /session/16f78b01815a2e3a707cc501cb0afb21/element - {"using":"xpath","value":"//button[@data-kt=\"btnAddTableRowOverflowToolbarButton\"]"}
RESULT: {"using":"xpath","value":"//button[@data-kt=\"btnAddTableRowOverflowToolbarButton\"]"}
COMMAND: POST /session/16f78b01815a2e3a707cc501cb0afb21/element/f.2B12B0EA68CDE32E3DD19BB79ABA46A3.d.0E7338527844FCAD2A3618DD771C7EBC.e.19476/click - {}
RESULT: {}
COMMAND: GET /session/16f78b01815a2e3a707cc501cb0afb21/screenshot - {}
RESULT: {}
COMMAND: POST /session/16f78b01815a2e3a707cc501cb0afb21/element - {"using":"xpath","value":"//div[(text() = 'Standard Entry' or . = 'Standard Entry')]"}
RESULT: {"using":"xpath","value":"//div[(text() = 'Standard Entry' or . = 'Standard Entry')]"}
COMMAND: POST /session/16f78b01815a2e3a707cc501cb0afb21/element/f.2B12B0EA68CDE32E3DD19BB79ABA46A3.d.0E7338527844FCAD2A3618DD771C7EBC.e.19478/click - {}
RESULT: {}
COMMAND: POST /session/16f78b01815a2e3a707cc501cb0afb21/execute/async - {"script":"<script> [1562 bytes]","args":[{"selector":{"controlType":"sap.ui.core.Icon","viewName":"etm.portal.ui.managecontracts.view.EditContract","properties":{"src":{"regex":{"source":"slim\\-arrow\\-down"}}},"ancestor":{"controlType":"sap.m.ComboBox","viewName":"etm.portal.ui.managecontracts.view.EditContract","bindingPath":{"propertyPath":"RU_TYPE","modelName":"catalogModel"}}},"wdio_ui5_key":"etmportal.ui.managecontracts.view.EditContractsap.ui.core.Icon{\"src\":{\"regex\":{\"source\":\"slim\\\\-arrow\\\\-down\"}}}{\"controlType\":\"sap.m.ComboBox\",\"viewName\":\"etm.portal.ui.managecontracts.view.EditContract\",\"bindingPath\":{\"propertyPath\":\"RU_TYPE\",\"modelName\":\"catalogModel\"}}"}]}
COMMAND: GET /session/16f78b01815a2e3a707cc501cb0afb21/screenshot - {}
RESULT: {"script":"<script> [1562 bytes]","args":[{"selector":{"controlType":"sap.ui.core.Icon","viewName":"etm.portal.ui.managecontracts.view.EditContract","properties":{"src":{"regex":{"source":"slim\\-arrow\\-down"}}},"ancestor":{"controlType":"sap.m.ComboBox","viewName":"etm.portal.ui.managecontracts.view.EditContract","bindingPath":{"propertyPath":"RU_TYPE","modelName":"catalogModel"}}},"wdio_ui5_key":"etmportal.ui.managecontracts.view.EditContractsap.ui.core.Icon{\"src\":{\"regex\":{\"source\":\"slim\\\\-arrow\\\\-down\"}}}{\"controlType\":\"sap.m.ComboBox\",\"viewName\":\"etm.portal.ui.managecontracts.view.EditContract\",\"bindingPath\":{\"propertyPath\":\"RU_TYPE\",\"modelName\":\"catalogModel\"}}"}]}
RESULT: undefined
COMMAND: POST /session/16f78b01815a2e3a707cc501cb0afb21/element - {"using":"xpath","value":"//*[@id=\"__box19-arrow\"]"}
RESULT: {}
RESULT: {"using":"xpath","value":"//*[@id=\"__box19-arrow\"]"}
COMMAND: POST /session/16f78b01815a2e3a707cc501cb0afb21/element/f.2B12B0EA68CDE32E3DD19BB79ABA46A3.d.0E7338527844FCAD2A3618DD771C7EBC.e.19493/click - {}
RESULT: {}
COMMAND: POST /session/16f78b01815a2e3a707cc501cb0afb21/execute/async - {"script":"<script> [1562 bytes]","args":[{"selector":{"controlType":"sap.m.StandardListItem","viewName":"etm.portal.ui.managecontracts.view.EditContract","properties":{"title":"Material"},"searchOpenDialogs":true,"interaction":{"idSuffix":"content"}},"wdio_ui5_key":"etmportal.ui.managecontracts.view.EditContractsap.m.StandardListItem{\"title\":\"Material\"}"}]}
COMMAND: GET /session/16f78b01815a2e3a707cc501cb0afb21/screenshot - {}
RESULT: {"script":"<script> [1562 bytes]","args":[{"selector":{"controlType":"sap.m.StandardListItem","viewName":"etm.portal.ui.managecontracts.view.EditContract","properties":{"title":"Material"},"searchOpenDialogs":true,"interaction":{"idSuffix":"content"}},"wdio_ui5_key":"etmportal.ui.managecontracts.view.EditContractsap.m.StandardListItem{\"title\":\"Material\"}"}]}
RESULT: undefined
COMMAND: POST /session/16f78b01815a2e3a707cc501cb0afb21/element - {"using":"xpath","value":"//*[@id=\"__item91\"]"}
RESULT: {}
RESULT: {"using":"xpath","value":"//*[@id=\"__item91\"]"}
COMMAND: POST /session/16f78b01815a2e3a707cc501cb0afb21/element/f.2B12B0EA68CDE32E3DD19BB79ABA46A3.d.0E7338527844FCAD2A3618DD771C7EBC.e.19496/click - {}
RESULT: {}
COMMAND: POST /session/16f78b01815a2e3a707cc501cb0afb21/element - {"using":"xpath","value":"//td[7]/div/div/input"}
COMMAND: GET /session/16f78b01815a2e3a707cc501cb0afb21/screenshot - {}
RESULT: {"using":"xpath","value":"//td[7]/div/div/input"}
COMMAND: POST /session/16f78b01815a2e3a707cc501cb0afb21/element/f.2B12B0EA68CDE32E3DD19BB79ABA46A3.d.0E7338527844FCAD2A3618DD771C7EBC.e.19499/clear - {}
RESULT: {}
RESULT: {}
COMMAND: POST /session/16f78b01815a2e3a707cc501cb0afb21/element/f.2B12B0EA68CDE32E3DD19BB79ABA46A3.d.0E7338527844FCAD2A3618DD771C7EBC.e.19499/value - {"text":"WebdriverRUR2Caqhhx"}
COMMAND: GET /session/16f78b01815a2e3a707cc501cb0afb21/screenshot - {}
RESULT: {"text":"WebdriverRUR2Caqhhx"}
COMMAND: GET /session/16f78b01815a2e3a707cc501cb0afb21/screenshot - {}
RESULT: {}
RESULT: {}
COMMAND: POST /session/16f78b01815a2e3a707cc501cb0afb21/actions - {"actions":[{"id":"action88","type":"key","parameters":{},"actions":[{"type":"keyDown","value":"î€‡"},{"type":"pause","duration":10},{"type":"keyUp","value":"î€‡"}]}]}
RESULT: {"actions":[{"id":"action88","type":"key","parameters":{},"actions":[{"type":"keyDown","value":"î€‡"},{"type":"pause","duration":10},{"type":"keyUp","value":"î€‡"}]}]}
COMMAND: GET /session/16f78b01815a2e3a707cc501cb0afb21/screenshot - {}
RESULT: {}
COMMAND: POST /session/16f78b01815a2e3a707cc501cb0afb21/element - {"using":"xpath","value":"//button[@data-kt=\"saveButton\"]"}
RESULT: {"using":"xpath","value":"//button[@data-kt=\"saveButton\"]"}
COMMAND: POST /session/16f78b01815a2e3a707cc501cb0afb21/element/f.2B12B0EA68CDE32E3DD19BB79ABA46A3.d.0E7338527844FCAD2A3618DD771C7EBC.e.19522/click - {}
RESULT: {}
COMMAND: GET /session/16f78b01815a2e3a707cc501cb0afb21/screenshot - {}
RESULT: {}
RESULT: undefined
COMMAND: POST /session/16f78b01815a2e3a707cc501cb0afb21/execute/async - {"script":"<script> [6424 bytes]","args":[{"element-6066-11e4-a52e-4f735466cecf":"f.2B12B0EA68CDE32E3DD19BB79ABA46A3.d.0E7338527844FCAD2A3618DD771C7EBC.e.19408"},"getText",[]]}
RESULT: {"script":"<script> [6424 bytes]","args":[{"element-6066-11e4-a52e-4f735466cecf":"f.2B12B0EA68CDE32E3DD19BB79ABA46A3.d.0E7338527844FCAD2A3618DD771C7EBC.e.19408"},"getText",[]]}
COMMAND: DELETE /session/16f78b01815a2e3a707cc501cb0afb21 - {}
RESULT: {}
]]></system-out>
    </testcase>
  </testsuite>
</testsuites>