<?xml version="1.0" encoding="UTF-8"?>
<testsuites tests="2" failures="0" errors="0" skipped="0">
  <testsuite timestamp="2025-05-20T15:29:34" time="160.282" tests="2" failures="0" errors="0" skipped="0">
    <properties>
      <property name="specId" value="0" />
      <property name="suiteName" value="Dynamic site option US120073" />
      <property name="capabilities" value="chrome.136_0_7103_93.windows" />
      <property name="file" value="file:///D:/a/1/s/test/specs/R2C/dynamic-site-option.spec.js" />
    </properties>
    <testcase classname="chrome.136_0_7103_93.windows.Dynamic_site_option_US120073" name="Should create new site" time="79.435">
      <system-out><![CDATA[
COMMAND: POST /session/f4d1435c39f6a110c41c93c41c5a3101/execute/async - {"script":"<script> [1562 bytes]","args":[{"selector":{"controlType":"sap.ui.core.Icon","viewName":"etm.portal.ui.managesites.view.Master","viewId":"application-managesites-display-component---masterSite","properties":{"src":{"regex":{"source":"add"}}}},"wdio_ui5_key":"etmportal.ui.managesites.view.Mastersap.ui.core.Icon{\"src\":{\"regex\":{\"source\":\"add\"}}}"}]}
RESULT: {"script":"<script> [1562 bytes]","args":[{"selector":{"controlType":"sap.ui.core.Icon","viewName":"etm.portal.ui.managesites.view.Master","viewId":"application-managesites-display-component---masterSite","properties":{"src":{"regex":{"source":"add"}}}},"wdio_ui5_key":"etmportal.ui.managesites.view.Mastersap.ui.core.Icon{\"src\":{\"regex\":{\"source\":\"add\"}}}"}]}
RESULT: undefined
COMMAND: POST /session/f4d1435c39f6a110c41c93c41c5a3101/element - {"using":"xpath","value":"//*[@id=\"__button4-img\"]"}
RESULT: {"using":"xpath","value":"//*[@id=\"__button4-img\"]"}
COMMAND: POST /session/f4d1435c39f6a110c41c93c41c5a3101/element/f.8251F38AB72728AF82064E3A30DA5D20.d.75CBBBB327BEAE13C492E76AF6D75CA0.e.166/click - {}
RESULT: {}
COMMAND: POST /session/f4d1435c39f6a110c41c93c41c5a3101/execute/async - {"script":"<script> [1562 bytes]","args":[{"selector":{"id":"application-managesites-display-component---NewSite--siteId","interaction":{"idSuffix":"inner"}},"wdio_ui5_key":"applicationmanagesites-display-component---NewSite--siteId"}]}
COMMAND: GET /session/f4d1435c39f6a110c41c93c41c5a3101/screenshot - {}
RESULT: {"script":"<script> [1562 bytes]","args":[{"selector":{"id":"application-managesites-display-component---NewSite--siteId","interaction":{"idSuffix":"inner"}},"wdio_ui5_key":"applicationmanagesites-display-component---NewSite--siteId"}]}
RESULT: undefined
COMMAND: POST /session/f4d1435c39f6a110c41c93c41c5a3101/execute/async - {"script":"<script> [1562 bytes]","args":[{"selector":{"id":"application-managesites-display-component---NewSite--addressDetailDetailsName1","interaction":{"idSuffix":"inner"}},"wdio_ui5_key":"applicationmanagesites-display-component---NewSite--addressDetailDetailsName1"}]}
RESULT: {}
RESULT: {"script":"<script> [1562 bytes]","args":[{"selector":{"id":"application-managesites-display-component---NewSite--addressDetailDetailsName1","interaction":{"idSuffix":"inner"}},"wdio_ui5_key":"applicationmanagesites-display-component---NewSite--addressDetailDetailsName1"}]}
RESULT: undefined
COMMAND: POST /session/f4d1435c39f6a110c41c93c41c5a3101/execute/async - {"script":"<script> [776 bytes]","args":[{"enterText":"Webdriver Site 7hpq1","selector":{"id":"application-managesites-display-component---NewSite--addressDetailDetailsName1","interaction":{"idSuffix":"inner"}},"clearTextFirst":true,"interactionType":"ENTER_TEXT"}]}
RESULT: {"script":"<script> [776 bytes]","args":[{"enterText":"Webdriver Site 7hpq1","selector":{"id":"application-managesites-display-component---NewSite--addressDetailDetailsName1","interaction":{"idSuffix":"inner"}},"clearTextFirst":true,"interactionType":"ENTER_TEXT"}]}
COMMAND: POST /session/f4d1435c39f6a110c41c93c41c5a3101/execute/async - {"script":"<script> [1562 bytes]","args":[{"selector":{"id":"application-managesites-display-component---NewSite--addressDetailDetailsLanguage","interaction":{"idSuffix":"inner"}},"wdio_ui5_key":"applicationmanagesites-display-component---NewSite--addressDetailDetailsLanguage"}]}
RESULT: {"script":"<script> [1562 bytes]","args":[{"selector":{"id":"application-managesites-display-component---NewSite--addressDetailDetailsLanguage","interaction":{"idSuffix":"inner"}},"wdio_ui5_key":"applicationmanagesites-display-component---NewSite--addressDetailDetailsLanguage"}]}
RESULT: undefined
COMMAND: POST /session/f4d1435c39f6a110c41c93c41c5a3101/execute/async - {"script":"<script> [776 bytes]","args":[{"enterText":"Romanian","selector":{"id":"application-managesites-display-component---NewSite--addressDetailDetailsLanguage","interaction":{"idSuffix":"inner"}},"clearTextFirst":true,"interactionType":"ENTER_TEXT"}]}
RESULT: {"script":"<script> [776 bytes]","args":[{"enterText":"Romanian","selector":{"id":"application-managesites-display-component---NewSite--addressDetailDetailsLanguage","interaction":{"idSuffix":"inner"}},"clearTextFirst":true,"interactionType":"ENTER_TEXT"}]}
COMMAND: POST /session/f4d1435c39f6a110c41c93c41c5a3101/execute/async - {"script":"<script> [1562 bytes]","args":[{"selector":{"id":"application-managesites-display-component---NewSite--addressDetailDetailsCity1","interaction":{"idSuffix":"inner"}},"wdio_ui5_key":"applicationmanagesites-display-component---NewSite--addressDetailDetailsCity1"}]}
RESULT: {"script":"<script> [1562 bytes]","args":[{"selector":{"id":"application-managesites-display-component---NewSite--addressDetailDetailsCity1","interaction":{"idSuffix":"inner"}},"wdio_ui5_key":"applicationmanagesites-display-component---NewSite--addressDetailDetailsCity1"}]}
RESULT: undefined
COMMAND: POST /session/f4d1435c39f6a110c41c93c41c5a3101/execute/async - {"script":"<script> [776 bytes]","args":[{"enterText":"Bucharest","selector":{"id":"application-managesites-display-component---NewSite--addressDetailDetailsCity1","interaction":{"idSuffix":"inner"}},"clearTextFirst":true,"interactionType":"ENTER_TEXT"}]}
RESULT: {"script":"<script> [776 bytes]","args":[{"enterText":"Bucharest","selector":{"id":"application-managesites-display-component---NewSite--addressDetailDetailsCity1","interaction":{"idSuffix":"inner"}},"clearTextFirst":true,"interactionType":"ENTER_TEXT"}]}
COMMAND: POST /session/f4d1435c39f6a110c41c93c41c5a3101/execute/async - {"script":"<script> [1562 bytes]","args":[{"selector":{"id":"application-managesites-display-component---NewSite--addressDetailDetailsCountry","interaction":{"idSuffix":"inner"}},"wdio_ui5_key":"applicationmanagesites-display-component---NewSite--addressDetailDetailsCountry"}]}
RESULT: {"script":"<script> [1562 bytes]","args":[{"selector":{"id":"application-managesites-display-component---NewSite--addressDetailDetailsCountry","interaction":{"idSuffix":"inner"}},"wdio_ui5_key":"applicationmanagesites-display-component---NewSite--addressDetailDetailsCountry"}]}
RESULT: undefined
COMMAND: POST /session/f4d1435c39f6a110c41c93c41c5a3101/execute/async - {"script":"<script> [776 bytes]","args":[{"enterText":"Romania","selector":{"id":"application-managesites-display-component---NewSite--addressDetailDetailsCountry","interaction":{"idSuffix":"inner"}},"clearTextFirst":true,"interactionType":"ENTER_TEXT"}]}
RESULT: {"script":"<script> [776 bytes]","args":[{"enterText":"Romania","selector":{"id":"application-managesites-display-component---NewSite--addressDetailDetailsCountry","interaction":{"idSuffix":"inner"}},"clearTextFirst":true,"interactionType":"ENTER_TEXT"}]}
COMMAND: POST /session/f4d1435c39f6a110c41c93c41c5a3101/execute/async - {"script":"<script> [1562 bytes]","args":[{"selector":{"id":"application-managesites-display-component---NewSite--addressDetailDetailsCalendar","interaction":{"idSuffix":"inner"}},"wdio_ui5_key":"applicationmanagesites-display-component---NewSite--addressDetailDetailsCalendar"}]}
RESULT: {"script":"<script> [1562 bytes]","args":[{"selector":{"id":"application-managesites-display-component---NewSite--addressDetailDetailsCalendar","interaction":{"idSuffix":"inner"}},"wdio_ui5_key":"applicationmanagesites-display-component---NewSite--addressDetailDetailsCalendar"}]}
RESULT: undefined
COMMAND: POST /session/f4d1435c39f6a110c41c93c41c5a3101/execute/async - {"script":"<script> [776 bytes]","args":[{"enterText":"Germany","selector":{"id":"application-managesites-display-component---NewSite--addressDetailDetailsCalendar","interaction":{"idSuffix":"inner"}},"clearTextFirst":true,"interactionType":"ENTER_TEXT"}]}
RESULT: {"script":"<script> [776 bytes]","args":[{"enterText":"Germany","selector":{"id":"application-managesites-display-component---NewSite--addressDetailDetailsCalendar","interaction":{"idSuffix":"inner"}},"clearTextFirst":true,"interactionType":"ENTER_TEXT"}]}
COMMAND: POST /session/f4d1435c39f6a110c41c93c41c5a3101/execute/async - {"script":"<script> [1562 bytes]","args":[{"selector":{"id":"application-managesites-display-component---NewSite--addressEditDetailsCostObjectCstType-arrow"},"wdio_ui5_key":"applicationmanagesites-display-component---NewSite--addressEditDetailsCostObjectCstType-arrow"}]}
RESULT: {"script":"<script> [1562 bytes]","args":[{"selector":{"id":"application-managesites-display-component---NewSite--addressEditDetailsCostObjectCstType-arrow"},"wdio_ui5_key":"applicationmanagesites-display-component---NewSite--addressEditDetailsCostObjectCstType-arrow"}]}
RESULT: undefined
COMMAND: POST /session/f4d1435c39f6a110c41c93c41c5a3101/element - {"using":"xpath","value":"//*[@id=\"application-managesites-display-component---NewSite--addressEditDetailsCostObjectCstType-arrow\"]"}
RESULT: {"using":"xpath","value":"//*[@id=\"application-managesites-display-component---NewSite--addressEditDetailsCostObjectCstType-arrow\"]"}
COMMAND: POST /session/f4d1435c39f6a110c41c93c41c5a3101/element/f.8251F38AB72728AF82064E3A30DA5D20.d.75CBBBB327BEAE13C492E76AF6D75CA0.e.559/click - {}
RESULT: {}
COMMAND: POST /session/f4d1435c39f6a110c41c93c41c5a3101/element - {"using":"xpath","value":"//span[contains(text(), \"Work Breakdown Structure\")]"}
COMMAND: GET /session/f4d1435c39f6a110c41c93c41c5a3101/screenshot - {}
RESULT: {"using":"xpath","value":"//span[contains(text(), \"Work Breakdown Structure\")]"}
COMMAND: POST /session/f4d1435c39f6a110c41c93c41c5a3101/element/f.8251F38AB72728AF82064E3A30DA5D20.d.75CBBBB327BEAE13C492E76AF6D75CA0.e.560/click - {}
RESULT: {}
RESULT: {}
COMMAND: GET /session/f4d1435c39f6a110c41c93c41c5a3101/screenshot - {}
RESULT: {}
COMMAND: POST /session/f4d1435c39f6a110c41c93c41c5a3101/execute/async - {"script":"<script> [1562 bytes]","args":[{"selector":{"id":"application-managesites-display-component---NewSite--addressNewCostObjectCstID-vhi"},"wdio_ui5_key":"applicationmanagesites-display-component---NewSite--addressNewCostObjectCstID-vhi"}]}
RESULT: {"script":"<script> [1562 bytes]","args":[{"selector":{"id":"application-managesites-display-component---NewSite--addressNewCostObjectCstID-vhi"},"wdio_ui5_key":"applicationmanagesites-display-component---NewSite--addressNewCostObjectCstID-vhi"}]}
RESULT: undefined
COMMAND: POST /session/f4d1435c39f6a110c41c93c41c5a3101/element - {"using":"xpath","value":"//*[@id=\"application-managesites-display-component---NewSite--addressNewCostObjectCstID-vhi\"]"}
RESULT: {"using":"xpath","value":"//*[@id=\"application-managesites-display-component---NewSite--addressNewCostObjectCstID-vhi\"]"}
COMMAND: POST /session/f4d1435c39f6a110c41c93c41c5a3101/element/f.8251F38AB72728AF82064E3A30DA5D20.d.75CBBBB327BEAE13C492E76AF6D75CA0.e.564/click - {}
RESULT: {}
COMMAND: GET /session/f4d1435c39f6a110c41c93c41c5a3101/screenshot - {}
RESULT: {}
COMMAND: POST /session/f4d1435c39f6a110c41c93c41c5a3101/execute/async - {"script":"<script> [1562 bytes]","args":[{"selector":{"controlType":"sap.m.SearchField","properties":{"placeholder":"Search"},"searchOpenDialogs":true,"interaction":{"idSuffix":"I"}},"wdio_ui5_key":"sapm.SearchField{\"placeholder\":\"Search\"}"}]}
RESULT: {"script":"<script> [1562 bytes]","args":[{"selector":{"controlType":"sap.m.SearchField","properties":{"placeholder":"Search"},"searchOpenDialogs":true,"interaction":{"idSuffix":"I"}},"wdio_ui5_key":"sapm.SearchField{\"placeholder\":\"Search\"}"}]}
RESULT: undefined
COMMAND: POST /session/f4d1435c39f6a110c41c93c41c5a3101/execute/async - {"script":"<script> [776 bytes]","args":[{"enterText":"A1-000100-01","selector":{"controlType":"sap.m.SearchField","properties":{"placeholder":"Search"},"searchOpenDialogs":true,"interaction":{"idSuffix":"I"}},"clearTextFirst":true,"interactionType":"ENTER_TEXT"}]}
RESULT: {"script":"<script> [776 bytes]","args":[{"enterText":"A1-000100-01","selector":{"controlType":"sap.m.SearchField","properties":{"placeholder":"Search"},"searchOpenDialogs":true,"interaction":{"idSuffix":"I"}},"clearTextFirst":true,"interactionType":"ENTER_TEXT"}]}
COMMAND: POST /session/f4d1435c39f6a110c41c93c41c5a3101/actions - {"actions":[{"id":"action1","type":"key","parameters":{},"actions":[{"type":"keyDown","value":"î€‡"},{"type":"pause","duration":10},{"type":"keyUp","value":"î€‡"}]}]}
RESULT: {"actions":[{"id":"action1","type":"key","parameters":{},"actions":[{"type":"keyDown","value":"î€‡"},{"type":"pause","duration":10},{"type":"keyUp","value":"î€‡"}]}]}
COMMAND: GET /session/f4d1435c39f6a110c41c93c41c5a3101/screenshot - {}
RESULT: {}
COMMAND: POST /session/f4d1435c39f6a110c41c93c41c5a3101/element - {"using":"xpath","value":"//span[contains(text(), \"Template for ETO-Process\")]"}
RESULT: {"using":"xpath","value":"//span[contains(text(), \"Template for ETO-Process\")]"}
COMMAND: POST /session/f4d1435c39f6a110c41c93c41c5a3101/element/f.8251F38AB72728AF82064E3A30DA5D20.d.75CBBBB327BEAE13C492E76AF6D75CA0.e.584/click - {}
RESULT: {}
COMMAND: GET /session/f4d1435c39f6a110c41c93c41c5a3101/screenshot - {}
RESULT: {}
COMMAND: POST /session/f4d1435c39f6a110c41c93c41c5a3101/element - {"using":"xpath","value":"//bdi[contains(text(), \"OK\")]"}
RESULT: {"using":"xpath","value":"//bdi[contains(text(), \"OK\")]"}
COMMAND: POST /session/f4d1435c39f6a110c41c93c41c5a3101/element/f.8251F38AB72728AF82064E3A30DA5D20.d.75CBBBB327BEAE13C492E76AF6D75CA0.e.585/click - {}
RESULT: {}
COMMAND: GET /session/f4d1435c39f6a110c41c93c41c5a3101/screenshot - {}
RESULT: {}
COMMAND: POST /session/f4d1435c39f6a110c41c93c41c5a3101/element - {"using":"xpath","value":"//input[@id=\"application-managesites-display-component---NewSite--addressDetailDetailsYard-inner\"]"}
RESULT: {"using":"xpath","value":"//input[@id=\"application-managesites-display-component---NewSite--addressDetailDetailsYard-inner\"]"}
COMMAND: POST /session/f4d1435c39f6a110c41c93c41c5a3101/element/f.8251F38AB72728AF82064E3A30DA5D20.d.75CBBBB327BEAE13C492E76AF6D75CA0.e.361/value - {"text":"webdriver"}
RESULT: {"text":"webdriver"}
COMMAND: GET /session/f4d1435c39f6a110c41c93c41c5a3101/screenshot - {}
RESULT: {}
COMMAND: POST /session/f4d1435c39f6a110c41c93c41c5a3101/actions - {"actions":[{"id":"action2","type":"key","parameters":{},"actions":[{"type":"keyDown","value":"î€‡"},{"type":"pause","duration":10},{"type":"keyUp","value":"î€‡"}]}]}
RESULT: {"actions":[{"id":"action2","type":"key","parameters":{},"actions":[{"type":"keyDown","value":"î€‡"},{"type":"pause","duration":10},{"type":"keyUp","value":"î€‡"}]}]}
COMMAND: GET /session/f4d1435c39f6a110c41c93c41c5a3101/screenshot - {}
RESULT: {}
COMMAND: POST /session/f4d1435c39f6a110c41c93c41c5a3101/element - {"using":"xpath","value":"//input[@id=\"application-managesites-display-component---NewSite--addressDetailDetailsPartner-inner\"]"}
RESULT: {"using":"xpath","value":"//input[@id=\"application-managesites-display-component---NewSite--addressDetailDetailsPartner-inner\"]"}
COMMAND: POST /session/f4d1435c39f6a110c41c93c41c5a3101/elements - {"using":"xpath","value":"//input[@id=\"application-managesites-display-component---NewSite--addressDetailDetailsPartner-inner\"]"}
RESULT: {"using":"xpath","value":"//input[@id=\"application-managesites-display-component---NewSite--addressDetailDetailsPartner-inner\"]"}
COMMAND: POST /session/f4d1435c39f6a110c41c93c41c5a3101/execute/async - {"script":"<script> [1562 bytes]","args":[{"selector":{"controlType":"sap.m.Button","viewName":"etm.portal.ui.managesites.view.NewSmartSite","viewId":"application-managesites-display-component---NewSite","properties":{"text":"Commercial"},"interaction":{"idSuffix":"BDI-content"}},"wdio_ui5_key":"etmportal.ui.managesites.view.NewSmartSitesap.m.Button{\"text\":\"Commercial\"}"}]}
RESULT: {"script":"<script> [1562 bytes]","args":[{"selector":{"controlType":"sap.m.Button","viewName":"etm.portal.ui.managesites.view.NewSmartSite","viewId":"application-managesites-display-component---NewSite","properties":{"text":"Commercial"},"interaction":{"idSuffix":"BDI-content"}},"wdio_ui5_key":"etmportal.ui.managesites.view.NewSmartSitesap.m.Button{\"text\":\"Commercial\"}"}]}
RESULT: undefined
COMMAND: POST /session/f4d1435c39f6a110c41c93c41c5a3101/element - {"using":"xpath","value":"//*[@id=\"application-managesites-display-component---NewSite--ObjectPageLayout-anchBar-__section5-anchor\"]"}
RESULT: {"using":"xpath","value":"//*[@id=\"application-managesites-display-component---NewSite--ObjectPageLayout-anchBar-__section5-anchor\"]"}
COMMAND: POST /session/f4d1435c39f6a110c41c93c41c5a3101/element/f.8251F38AB72728AF82064E3A30DA5D20.d.75CBBBB327BEAE13C492E76AF6D75CA0.e.614/click - {}
RESULT: {}
COMMAND: POST /session/f4d1435c39f6a110c41c93c41c5a3101/execute/async - {"script":"<script> [1562 bytes]","args":[{"selector":{"controlType":"sap.m.Button","viewName":"etm.portal.ui.managesites.view.NewSmartSite","viewId":"application-managesites-display-component---NewSite","i18NText":{"propertyName":"text","key":"save"},"interaction":{"idSuffix":"BDI-content"}},"wdio_ui5_key":"etmportal.ui.managesites.view.NewSmartSitesap.m.Button{\"propertyName\":\"text\",\"key\":\"save\"}"}]}
COMMAND: GET /session/f4d1435c39f6a110c41c93c41c5a3101/screenshot - {}
RESULT: {"script":"<script> [1562 bytes]","args":[{"selector":{"controlType":"sap.m.Button","viewName":"etm.portal.ui.managesites.view.NewSmartSite","viewId":"application-managesites-display-component---NewSite","i18NText":{"propertyName":"text","key":"save"},"interaction":{"idSuffix":"BDI-content"}},"wdio_ui5_key":"etmportal.ui.managesites.view.NewSmartSitesap.m.Button{\"propertyName\":\"text\",\"key\":\"save\"}"}]}
RESULT: undefined
COMMAND: POST /session/f4d1435c39f6a110c41c93c41c5a3101/element - {"using":"xpath","value":"//*[@id=\"__button16\"]"}
RESULT: {}
RESULT: {"using":"xpath","value":"//*[@id=\"__button16\"]"}
COMMAND: POST /session/f4d1435c39f6a110c41c93c41c5a3101/element/f.8251F38AB72728AF82064E3A30DA5D20.d.75CBBBB327BEAE13C492E76AF6D75CA0.e.496/click - {}
RESULT: {}
COMMAND: GET /session/f4d1435c39f6a110c41c93c41c5a3101/screenshot - {}
COMMAND: POST /session/f4d1435c39f6a110c41c93c41c5a3101/execute/async - {"script":"<script> [1562 bytes]","args":[{"selector":{"id":"application-managesites-display-component---detailSite--addressDetailDetailsYardText"},"wdio_ui5_key":"applicationmanagesites-display-component---detailSite--addressDetailDetailsYardText"}]}
RESULT: {}
RESULT: {"script":"<script> [1562 bytes]","args":[{"selector":{"id":"application-managesites-display-component---detailSite--addressDetailDetailsYardText"},"wdio_ui5_key":"applicationmanagesites-display-component---detailSite--addressDetailDetailsYardText"}]}
RESULT: undefined
COMMAND: POST /session/f4d1435c39f6a110c41c93c41c5a3101/execute/async - {"script":"<script> [1562 bytes]","args":[{"selector":{"controlType":"sap.m.Label","viewName":"etm.portal.ui.managesites.view.Detail","viewId":"application-managesites-display-component---detailSite","i18NText":{"propertyName":"text","key":"status"}},"wdio_ui5_key":"etmportal.ui.managesites.view.Detailsap.m.Label{\"propertyName\":\"text\",\"key\":\"status\"}"}]}
RESULT: {"script":"<script> [1562 bytes]","args":[{"selector":{"controlType":"sap.m.Label","viewName":"etm.portal.ui.managesites.view.Detail","viewId":"application-managesites-display-component---detailSite","i18NText":{"propertyName":"text","key":"status"}},"wdio_ui5_key":"etmportal.ui.managesites.view.Detailsap.m.Label{\"propertyName\":\"text\",\"key\":\"status\"}"}]}
RESULT: undefined
COMMAND: POST /session/f4d1435c39f6a110c41c93c41c5a3101/execute/async - {"script":"<script> [6424 bytes]","args":[{"element-6066-11e4-a52e-4f735466cecf":"f.8251F38AB72728AF82064E3A30DA5D20.d.75CBBBB327BEAE13C492E76AF6D75CA0.e.805"},"getText",[]]}
RESULT: {"script":"<script> [6424 bytes]","args":[{"element-6066-11e4-a52e-4f735466cecf":"f.8251F38AB72728AF82064E3A30DA5D20.d.75CBBBB327BEAE13C492E76AF6D75CA0.e.805"},"getText",[]]}
]]></system-out>
    </testcase>
    <testcase classname="chrome.136_0_7103_93.windows.Dynamic_site_option_US120073" name="Should edit partner field" time="21.047">
      <system-out><![CDATA[
COMMAND: POST /session/f4d1435c39f6a110c41c93c41c5a3101/execute/async - {"script":"<script> [1562 bytes]","args":[{"selector":{"controlType":"sap.m.Button","viewName":"etm.portal.ui.managesites.view.Detail","viewId":"application-managesites-display-component---detailSite","i18NText":{"propertyName":"text","key":"edit"},"interaction":{"idSuffix":"content"}},"wdio_ui5_key":"etmportal.ui.managesites.view.Detailsap.m.Button{\"propertyName\":\"text\",\"key\":\"edit\"}"}]}
RESULT: {"script":"<script> [1562 bytes]","args":[{"selector":{"controlType":"sap.m.Button","viewName":"etm.portal.ui.managesites.view.Detail","viewId":"application-managesites-display-component---detailSite","i18NText":{"propertyName":"text","key":"edit"},"interaction":{"idSuffix":"content"}},"wdio_ui5_key":"etmportal.ui.managesites.view.Detailsap.m.Button{\"propertyName\":\"text\",\"key\":\"edit\"}"}]}
RESULT: undefined
COMMAND: POST /session/f4d1435c39f6a110c41c93c41c5a3101/element - {"using":"xpath","value":"//*[@id=\"__button33\"]"}
RESULT: {"using":"xpath","value":"//*[@id=\"__button33\"]"}
COMMAND: POST /session/f4d1435c39f6a110c41c93c41c5a3101/element/f.8251F38AB72728AF82064E3A30DA5D20.d.75CBBBB327BEAE13C492E76AF6D75CA0.e.820/click - {}
RESULT: {}
COMMAND: GET /session/f4d1435c39f6a110c41c93c41c5a3101/screenshot - {}
COMMAND: POST /session/f4d1435c39f6a110c41c93c41c5a3101/element - {"using":"xpath","value":"//bdi[contains(text(), \"Commercial\")]"}
RESULT: {}
RESULT: {"using":"xpath","value":"//bdi[contains(text(), \"Commercial\")]"}
COMMAND: POST /session/f4d1435c39f6a110c41c93c41c5a3101/element/f.8251F38AB72728AF82064E3A30DA5D20.d.75CBBBB327BEAE13C492E76AF6D75CA0.e.1004/click - {}
RESULT: {}
COMMAND: POST /session/f4d1435c39f6a110c41c93c41c5a3101/element - {"using":"xpath","value":"//input[@id=\"application-managesites-display-component---NewSite--addressDetailDetailsPartner-inner\"]"}
COMMAND: GET /session/f4d1435c39f6a110c41c93c41c5a3101/screenshot - {}
RESULT: {"using":"xpath","value":"//input[@id=\"application-managesites-display-component---NewSite--addressDetailDetailsPartner-inner\"]"}
COMMAND: POST /session/f4d1435c39f6a110c41c93c41c5a3101/elements - {"using":"xpath","value":"//input[@id=\"application-managesites-display-component---NewSite--addressDetailDetailsPartner-inner\"]"}
RESULT: {}
RESULT: {"using":"xpath","value":"//input[@id=\"application-managesites-display-component---NewSite--addressDetailDetailsPartner-inner\"]"}
COMMAND: POST /session/f4d1435c39f6a110c41c93c41c5a3101/element - {"using":"xpath","value":"//bdi[contains(text(), \"Save\")]"}
RESULT: {"using":"xpath","value":"//bdi[contains(text(), \"Save\")]"}
COMMAND: DELETE /session/f4d1435c39f6a110c41c93c41c5a3101 - {}
RESULT: {}
]]></system-out>
    </testcase>
  </testsuite>
</testsuites>