<?xml version="1.0" encoding="UTF-8"?>
<testsuites tests="15" failures="5" errors="5" skipped="0">
  <testsuite timestamp="2025-06-02T16:33:55" time="942.778" tests="9" failures="5" errors="5" skipped="0">
    <properties>
      <property name="specId" value="0" />
      <property name="suiteName" value="Prerequisites &amp; test for yard mass return on Yard Overview US131057" />
      <property name="capabilities" value="chrome.136_0_7103_93.windows" />
      <property name="file" value="file:///D:/a/1/s/test/specs/HTR/yard-mass-return.spec.js" />
    </properties>
    <testcase classname="chrome.136_0_7103_93.windows.Prerequisites_&amp;_test_for_yard_mass_return_on_Yard_Overview_US131057" name="Prereq Should create a new yard used for all following tests" time="128.617">
      <system-out><![CDATA[
COMMAND: POST /session/58f9e8aeb115b0a6781a57b35f866581/window/fullscreen - {}
RESULT: {}
COMMAND: POST /session/58f9e8aeb115b0a6781a57b35f866581/execute/async - {"script":"<script> [1562 bytes]","args":[{"selector":{"controlType":"sap.m.GenericTile","properties":{"header":"Manage Yards"}},"wdio_ui5_key":"sapm.GenericTile{\"header\":\"Manage Yards\"}"}]}
RESULT: {"script":"<script> [1562 bytes]","args":[{"selector":{"controlType":"sap.m.GenericTile","properties":{"header":"Manage Yards"}},"wdio_ui5_key":"sapm.GenericTile{\"header\":\"Manage Yards\"}"}]}
RESULT: undefined
COMMAND: POST /session/58f9e8aeb115b0a6781a57b35f866581/element - {"using":"xpath","value":"//*[@id=\"__tile41\"]"}
RESULT: {"using":"xpath","value":"//*[@id=\"__tile41\"]"}
COMMAND: POST /session/58f9e8aeb115b0a6781a57b35f866581/element/f.AE3DDBF61D62EC5D164E8B5EF4A74F4D.d.238174C5AA82A8521A2507EEA4E8B1B6.e.157/click - {}
RESULT: {}
COMMAND: GET /session/58f9e8aeb115b0a6781a57b35f866581/screenshot - {}
RESULT: {}
COMMAND: POST /session/58f9e8aeb115b0a6781a57b35f866581/elements - {"using":"xpath","value":"//span[text()='Error']"}
RESULT: {"using":"xpath","value":"//span[text()='Error']"}
COMMAND: POST /session/58f9e8aeb115b0a6781a57b35f866581/element - {"using":"xpath","value":"//button[@data-kt=\"addNewYardOverflowToolbarButton\"]"}
RESULT: {"using":"xpath","value":"//button[@data-kt=\"addNewYardOverflowToolbarButton\"]"}
COMMAND: POST /session/58f9e8aeb115b0a6781a57b35f866581/elements - {"using":"xpath","value":"//button[@data-kt=\"addNewYardOverflowToolbarButton\"]"}
RESULT: {"using":"xpath","value":"//button[@data-kt=\"addNewYardOverflowToolbarButton\"]"}
COMMAND: POST /session/58f9e8aeb115b0a6781a57b35f866581/elements - {"using":"xpath","value":"//button[@data-kt=\"addNewYardOverflowToolbarButton\"]"}
RESULT: {"using":"xpath","value":"//button[@data-kt=\"addNewYardOverflowToolbarButton\"]"}
COMMAND: POST /session/58f9e8aeb115b0a6781a57b35f866581/elements - {"using":"xpath","value":"//button[@data-kt=\"addNewYardOverflowToolbarButton\"]"}
RESULT: {"using":"xpath","value":"//button[@data-kt=\"addNewYardOverflowToolbarButton\"]"}
COMMAND: POST /session/58f9e8aeb115b0a6781a57b35f866581/elements - {"using":"xpath","value":"//button[@data-kt=\"addNewYardOverflowToolbarButton\"]"}
RESULT: {"using":"xpath","value":"//button[@data-kt=\"addNewYardOverflowToolbarButton\"]"}
COMMAND: POST /session/58f9e8aeb115b0a6781a57b35f866581/elements - {"using":"xpath","value":"//button[@data-kt=\"addNewYardOverflowToolbarButton\"]"}
RESULT: {"using":"xpath","value":"//button[@data-kt=\"addNewYardOverflowToolbarButton\"]"}
COMMAND: POST /session/58f9e8aeb115b0a6781a57b35f866581/elements - {"using":"xpath","value":"//button[@data-kt=\"addNewYardOverflowToolbarButton\"]"}
RESULT: {"using":"xpath","value":"//button[@data-kt=\"addNewYardOverflowToolbarButton\"]"}
COMMAND: POST /session/58f9e8aeb115b0a6781a57b35f866581/elements - {"using":"xpath","value":"//button[@data-kt=\"addNewYardOverflowToolbarButton\"]"}
RESULT: {"using":"xpath","value":"//button[@data-kt=\"addNewYardOverflowToolbarButton\"]"}
COMMAND: POST /session/58f9e8aeb115b0a6781a57b35f866581/elements - {"using":"xpath","value":"//button[@data-kt=\"addNewYardOverflowToolbarButton\"]"}
RESULT: {"using":"xpath","value":"//button[@data-kt=\"addNewYardOverflowToolbarButton\"]"}
COMMAND: POST /session/58f9e8aeb115b0a6781a57b35f866581/elements - {"using":"xpath","value":"//button[@data-kt=\"addNewYardOverflowToolbarButton\"]"}
RESULT: {"using":"xpath","value":"//button[@data-kt=\"addNewYardOverflowToolbarButton\"]"}
COMMAND: POST /session/58f9e8aeb115b0a6781a57b35f866581/elements - {"using":"xpath","value":"//button[@data-kt=\"addNewYardOverflowToolbarButton\"]"}
RESULT: {"using":"xpath","value":"//button[@data-kt=\"addNewYardOverflowToolbarButton\"]"}
COMMAND: POST /session/58f9e8aeb115b0a6781a57b35f866581/element - {"using":"xpath","value":"//button[@data-kt=\"addNewYardOverflowToolbarButton\"]"}
RESULT: {"using":"xpath","value":"//button[@data-kt=\"addNewYardOverflowToolbarButton\"]"}
COMMAND: POST /session/58f9e8aeb115b0a6781a57b35f866581/execute/sync - {"script":"<script> [8489 bytes]","args":[{"element-6066-11e4-a52e-4f735466cecf":"f.AE3DDBF61D62EC5D164E8B5EF4A74F4D.d.238174C5AA82A8521A2507EEA4E8B1B6.e.290","ELEMENT":"f.AE3DDBF61D62EC5D164E8B5EF4A74F4D.d.238174C5AA82A8521A2507EEA4E8B1B6.e.290"}]}
RESULT: {"script":"<script> [8489 bytes]","args":[{"element-6066-11e4-a52e-4f735466cecf":"f.AE3DDBF61D62EC5D164E8B5EF4A74F4D.d.238174C5AA82A8521A2507EEA4E8B1B6.e.290","ELEMENT":"f.AE3DDBF61D62EC5D164E8B5EF4A74F4D.d.238174C5AA82A8521A2507EEA4E8B1B6.e.290"}]}
COMMAND: GET /session/58f9e8aeb115b0a6781a57b35f866581/element/f.AE3DDBF61D62EC5D164E8B5EF4A74F4D.d.238174C5AA82A8521A2507EEA4E8B1B6.e.290/enabled - {}
COMMAND: GET /session/58f9e8aeb115b0a6781a57b35f866581/screenshot - {}
RESULT: {}
COMMAND: POST /session/58f9e8aeb115b0a6781a57b35f866581/execute/sync - {"script":"<script> [8489 bytes]","args":[{"element-6066-11e4-a52e-4f735466cecf":"f.AE3DDBF61D62EC5D164E8B5EF4A74F4D.d.238174C5AA82A8521A2507EEA4E8B1B6.e.290","ELEMENT":"f.AE3DDBF61D62EC5D164E8B5EF4A74F4D.d.238174C5AA82A8521A2507EEA4E8B1B6.e.290"}]}
COMMAND: GET /session/58f9e8aeb115b0a6781a57b35f866581/screenshot - {}
RESULT: {}
RESULT: {"script":"<script> [8489 bytes]","args":[{"element-6066-11e4-a52e-4f735466cecf":"f.AE3DDBF61D62EC5D164E8B5EF4A74F4D.d.238174C5AA82A8521A2507EEA4E8B1B6.e.290","ELEMENT":"f.AE3DDBF61D62EC5D164E8B5EF4A74F4D.d.238174C5AA82A8521A2507EEA4E8B1B6.e.290"}]}
COMMAND: POST /session/58f9e8aeb115b0a6781a57b35f866581/execute/sync - {"script":"<script> [5351 bytes]","args":[{"element-6066-11e4-a52e-4f735466cecf":"f.AE3DDBF61D62EC5D164E8B5EF4A74F4D.d.238174C5AA82A8521A2507EEA4E8B1B6.e.290","ELEMENT":"f.AE3DDBF61D62EC5D164E8B5EF4A74F4D.d.238174C5AA82A8521A2507EEA4E8B1B6.e.290"}]}
COMMAND: GET /session/58f9e8aeb115b0a6781a57b35f866581/screenshot - {}
RESULT: {}
RESULT: {"script":"<script> [5351 bytes]","args":[{"element-6066-11e4-a52e-4f735466cecf":"f.AE3DDBF61D62EC5D164E8B5EF4A74F4D.d.238174C5AA82A8521A2507EEA4E8B1B6.e.290","ELEMENT":"f.AE3DDBF61D62EC5D164E8B5EF4A74F4D.d.238174C5AA82A8521A2507EEA4E8B1B6.e.290"}]}
COMMAND: POST /session/58f9e8aeb115b0a6781a57b35f866581/element/f.AE3DDBF61D62EC5D164E8B5EF4A74F4D.d.238174C5AA82A8521A2507EEA4E8B1B6.e.290/click - {}
COMMAND: GET /session/58f9e8aeb115b0a6781a57b35f866581/screenshot - {}
RESULT: {}
RESULT: {}
COMMAND: GET /session/58f9e8aeb115b0a6781a57b35f866581/screenshot - {}
COMMAND: POST /session/58f9e8aeb115b0a6781a57b35f866581/element - {"using":"xpath","value":"//input[@id=\"application-manageyards-display-component---NewYard--yardId-inner\"]"}
RESULT: {}
RESULT: {}
RESULT: {"using":"xpath","value":"//input[@id=\"application-manageyards-display-component---NewYard--yardId-inner\"]"}
COMMAND: POST /session/58f9e8aeb115b0a6781a57b35f866581/element - {"using":"xpath","value":"//input[@id=\"application-manageyards-display-component---NewYard--yardId-inner\"]"}
RESULT: {"using":"xpath","value":"//input[@id=\"application-manageyards-display-component---NewYard--yardId-inner\"]"}
COMMAND: POST /session/58f9e8aeb115b0a6781a57b35f866581/execute/async - {"script":"<script> [1562 bytes]","args":[{"selector":{"id":"application-manageyards-display-component---NewYard--addressDetailDetailsName1","interaction":{"idSuffix":"inner"}},"wdio_ui5_key":"applicationmanageyards-display-component---NewYard--addressDetailDetailsName1"}]}
RESULT: {"script":"<script> [1562 bytes]","args":[{"selector":{"id":"application-manageyards-display-component---NewYard--addressDetailDetailsName1","interaction":{"idSuffix":"inner"}},"wdio_ui5_key":"applicationmanageyards-display-component---NewYard--addressDetailDetailsName1"}]}
RESULT: undefined
COMMAND: POST /session/58f9e8aeb115b0a6781a57b35f866581/execute/async - {"script":"<script> [776 bytes]","args":[{"enterText":"Other Yard WDIO","selector":{"id":"application-manageyards-display-component---NewYard--addressDetailDetailsName1","interaction":{"idSuffix":"inner"}},"clearTextFirst":true,"interactionType":"ENTER_TEXT"}]}
RESULT: {"script":"<script> [776 bytes]","args":[{"enterText":"Other Yard WDIO","selector":{"id":"application-manageyards-display-component---NewYard--addressDetailDetailsName1","interaction":{"idSuffix":"inner"}},"clearTextFirst":true,"interactionType":"ENTER_TEXT"}]}
COMMAND: POST /session/58f9e8aeb115b0a6781a57b35f866581/execute/async - {"script":"<script> [1562 bytes]","args":[{"selector":{"id":"application-manageyards-display-component---NewYard--addressDetailDetailsLanguage-arrow"},"wdio_ui5_key":"applicationmanageyards-display-component---NewYard--addressDetailDetailsLanguage-arrow"}]}
RESULT: {"script":"<script> [1562 bytes]","args":[{"selector":{"id":"application-manageyards-display-component---NewYard--addressDetailDetailsLanguage-arrow"},"wdio_ui5_key":"applicationmanageyards-display-component---NewYard--addressDetailDetailsLanguage-arrow"}]}
RESULT: undefined
COMMAND: POST /session/58f9e8aeb115b0a6781a57b35f866581/element - {"using":"xpath","value":"//*[@id=\"application-manageyards-display-component---NewYard--addressDetailDetailsLanguage-arrow\"]"}
RESULT: {"using":"xpath","value":"//*[@id=\"application-manageyards-display-component---NewYard--addressDetailDetailsLanguage-arrow\"]"}
COMMAND: POST /session/58f9e8aeb115b0a6781a57b35f866581/element/f.AE3DDBF61D62EC5D164E8B5EF4A74F4D.d.238174C5AA82A8521A2507EEA4E8B1B6.e.720/click - {}
RESULT: {}
COMMAND: POST /session/58f9e8aeb115b0a6781a57b35f866581/element - {"using":"xpath","value":"//span[contains(text(), \"English\")]"}
COMMAND: GET /session/58f9e8aeb115b0a6781a57b35f866581/screenshot - {}
RESULT: {"using":"xpath","value":"//span[contains(text(), \"English\")]"}
COMMAND: POST /session/58f9e8aeb115b0a6781a57b35f866581/element/f.AE3DDBF61D62EC5D164E8B5EF4A74F4D.d.238174C5AA82A8521A2507EEA4E8B1B6.e.721/click - {}
RESULT: {}
RESULT: {}
COMMAND: POST /session/58f9e8aeb115b0a6781a57b35f866581/execute/async - {"script":"<script> [1562 bytes]","args":[{"selector":{"id":"application-manageyards-display-component---NewYard--addressDetailDetailsCity1","interaction":{"idSuffix":"inner"}},"wdio_ui5_key":"applicationmanageyards-display-component---NewYard--addressDetailDetailsCity1"}]}
COMMAND: GET /session/58f9e8aeb115b0a6781a57b35f866581/screenshot - {}
RESULT: {"script":"<script> [1562 bytes]","args":[{"selector":{"id":"application-manageyards-display-component---NewYard--addressDetailDetailsCity1","interaction":{"idSuffix":"inner"}},"wdio_ui5_key":"applicationmanageyards-display-component---NewYard--addressDetailDetailsCity1"}]}
RESULT: undefined
COMMAND: POST /session/58f9e8aeb115b0a6781a57b35f866581/execute/async - {"script":"<script> [776 bytes]","args":[{"enterText":"Rosario","selector":{"id":"application-manageyards-display-component---NewYard--addressDetailDetailsCity1","interaction":{"idSuffix":"inner"}},"clearTextFirst":true,"interactionType":"ENTER_TEXT"}]}
RESULT: {}
RESULT: {"script":"<script> [776 bytes]","args":[{"enterText":"Rosario","selector":{"id":"application-manageyards-display-component---NewYard--addressDetailDetailsCity1","interaction":{"idSuffix":"inner"}},"clearTextFirst":true,"interactionType":"ENTER_TEXT"}]}
COMMAND: POST /session/58f9e8aeb115b0a6781a57b35f866581/execute/async - {"script":"<script> [1562 bytes]","args":[{"selector":{"id":"application-manageyards-display-component---NewYard--addressDetailDetailsCountry-arrow"},"wdio_ui5_key":"applicationmanageyards-display-component---NewYard--addressDetailDetailsCountry-arrow"}]}
RESULT: {"script":"<script> [1562 bytes]","args":[{"selector":{"id":"application-manageyards-display-component---NewYard--addressDetailDetailsCountry-arrow"},"wdio_ui5_key":"applicationmanageyards-display-component---NewYard--addressDetailDetailsCountry-arrow"}]}
RESULT: undefined
COMMAND: POST /session/58f9e8aeb115b0a6781a57b35f866581/element - {"using":"xpath","value":"//*[@id=\"application-manageyards-display-component---NewYard--addressDetailDetailsCountry-arrow\"]"}
RESULT: {"using":"xpath","value":"//*[@id=\"application-manageyards-display-component---NewYard--addressDetailDetailsCountry-arrow\"]"}
COMMAND: POST /session/58f9e8aeb115b0a6781a57b35f866581/element/f.AE3DDBF61D62EC5D164E8B5EF4A74F4D.d.238174C5AA82A8521A2507EEA4E8B1B6.e.723/click - {}
RESULT: {}
COMMAND: POST /session/58f9e8aeb115b0a6781a57b35f866581/element - {"using":"xpath","value":"//span[contains(text(), \"Argentina\")]"}
COMMAND: GET /session/58f9e8aeb115b0a6781a57b35f866581/screenshot - {}
RESULT: {"using":"xpath","value":"//span[contains(text(), \"Argentina\")]"}
COMMAND: POST /session/58f9e8aeb115b0a6781a57b35f866581/element/f.AE3DDBF61D62EC5D164E8B5EF4A74F4D.d.238174C5AA82A8521A2507EEA4E8B1B6.e.725/click - {}
RESULT: {}
RESULT: {}
COMMAND: POST /session/58f9e8aeb115b0a6781a57b35f866581/execute/async - {"script":"<script> [1562 bytes]","args":[{"selector":{"id":"application-manageyards-display-component---NewYard--addressEditDetailsCostObjectCstType-arrow"},"wdio_ui5_key":"applicationmanageyards-display-component---NewYard--addressEditDetailsCostObjectCstType-arrow"}]}
COMMAND: GET /session/58f9e8aeb115b0a6781a57b35f866581/screenshot - {}
RESULT: {"script":"<script> [1562 bytes]","args":[{"selector":{"id":"application-manageyards-display-component---NewYard--addressEditDetailsCostObjectCstType-arrow"},"wdio_ui5_key":"applicationmanageyards-display-component---NewYard--addressEditDetailsCostObjectCstType-arrow"}]}
RESULT: undefined
COMMAND: POST /session/58f9e8aeb115b0a6781a57b35f866581/element - {"using":"xpath","value":"//*[@id=\"application-manageyards-display-component---NewYard--addressEditDetailsCostObjectCstType-arrow\"]"}
RESULT: {}
RESULT: {"using":"xpath","value":"//*[@id=\"application-manageyards-display-component---NewYard--addressEditDetailsCostObjectCstType-arrow\"]"}
COMMAND: POST /session/58f9e8aeb115b0a6781a57b35f866581/element/f.AE3DDBF61D62EC5D164E8B5EF4A74F4D.d.238174C5AA82A8521A2507EEA4E8B1B6.e.726/click - {}
RESULT: {}
COMMAND: POST /session/58f9e8aeb115b0a6781a57b35f866581/element - {"using":"xpath","value":"//span[contains(text(), \"Cost Center\")]"}
COMMAND: GET /session/58f9e8aeb115b0a6781a57b35f866581/screenshot - {}
RESULT: {"using":"xpath","value":"//span[contains(text(), \"Cost Center\")]"}
COMMAND: POST /session/58f9e8aeb115b0a6781a57b35f866581/element/f.AE3DDBF61D62EC5D164E8B5EF4A74F4D.d.238174C5AA82A8521A2507EEA4E8B1B6.e.727/click - {}
RESULT: {}
RESULT: {}
COMMAND: GET /session/58f9e8aeb115b0a6781a57b35f866581/screenshot - {}
RESULT: {}
COMMAND: POST /session/58f9e8aeb115b0a6781a57b35f866581/element - {"using":"xpath","value":"//span[@id=\"application-manageyards-display-component---NewYard--addressNewCostObjectCstID-vhi\"]"}
RESULT: {"using":"xpath","value":"//span[@id=\"application-manageyards-display-component---NewYard--addressNewCostObjectCstID-vhi\"]"}
COMMAND: POST /session/58f9e8aeb115b0a6781a57b35f866581/execute/sync - {"script":"<script> [8489 bytes]","args":[{"element-6066-11e4-a52e-4f735466cecf":"f.AE3DDBF61D62EC5D164E8B5EF4A74F4D.d.238174C5AA82A8521A2507EEA4E8B1B6.e.731","ELEMENT":"f.AE3DDBF61D62EC5D164E8B5EF4A74F4D.d.238174C5AA82A8521A2507EEA4E8B1B6.e.731"}]}
RESULT: {"script":"<script> [8489 bytes]","args":[{"element-6066-11e4-a52e-4f735466cecf":"f.AE3DDBF61D62EC5D164E8B5EF4A74F4D.d.238174C5AA82A8521A2507EEA4E8B1B6.e.731","ELEMENT":"f.AE3DDBF61D62EC5D164E8B5EF4A74F4D.d.238174C5AA82A8521A2507EEA4E8B1B6.e.731"}]}
COMMAND: POST /session/58f9e8aeb115b0a6781a57b35f866581/execute/async - {"script":"<script> [1562 bytes]","args":[{"selector":{"id":"application-manageyards-display-component---NewYard--addressNewCostObjectCstID-vhi"},"wdio_ui5_key":"applicationmanageyards-display-component---NewYard--addressNewCostObjectCstID-vhi"}]}
COMMAND: GET /session/58f9e8aeb115b0a6781a57b35f866581/screenshot - {}
RESULT: {"script":"<script> [1562 bytes]","args":[{"selector":{"id":"application-manageyards-display-component---NewYard--addressNewCostObjectCstID-vhi"},"wdio_ui5_key":"applicationmanageyards-display-component---NewYard--addressNewCostObjectCstID-vhi"}]}
RESULT: undefined
COMMAND: POST /session/58f9e8aeb115b0a6781a57b35f866581/element - {"using":"xpath","value":"//*[@id=\"application-manageyards-display-component---NewYard--addressNewCostObjectCstID-vhi\"]"}
RESULT: {}
RESULT: {"using":"xpath","value":"//*[@id=\"application-manageyards-display-component---NewYard--addressNewCostObjectCstID-vhi\"]"}
COMMAND: POST /session/58f9e8aeb115b0a6781a57b35f866581/element/f.AE3DDBF61D62EC5D164E8B5EF4A74F4D.d.238174C5AA82A8521A2507EEA4E8B1B6.e.731/click - {}
RESULT: {}
COMMAND: GET /session/58f9e8aeb115b0a6781a57b35f866581/screenshot - {}
COMMAND: POST /session/58f9e8aeb115b0a6781a57b35f866581/execute/async - {"script":"<script> [1562 bytes]","args":[{"selector":{"controlType":"sap.m.SearchField","properties":{"placeholder":"Search"},"searchOpenDialogs":true,"interaction":{"idSuffix":"I"}},"wdio_ui5_key":"sapm.SearchField{\"placeholder\":\"Search\"}"}]}
RESULT: {}
RESULT: {"script":"<script> [1562 bytes]","args":[{"selector":{"controlType":"sap.m.SearchField","properties":{"placeholder":"Search"},"searchOpenDialogs":true,"interaction":{"idSuffix":"I"}},"wdio_ui5_key":"sapm.SearchField{\"placeholder\":\"Search\"}"}]}
RESULT: undefined
COMMAND: POST /session/58f9e8aeb115b0a6781a57b35f866581/execute/async - {"script":"<script> [776 bytes]","args":[{"enterText":"bauh_b","selector":{"controlType":"sap.m.SearchField","properties":{"placeholder":"Search"},"searchOpenDialogs":true,"interaction":{"idSuffix":"I"}},"clearTextFirst":true,"interactionType":"ENTER_TEXT"}]}
RESULT: {"script":"<script> [776 bytes]","args":[{"enterText":"bauh_b","selector":{"controlType":"sap.m.SearchField","properties":{"placeholder":"Search"},"searchOpenDialogs":true,"interaction":{"idSuffix":"I"}},"clearTextFirst":true,"interactionType":"ENTER_TEXT"}]}
COMMAND: POST /session/58f9e8aeb115b0a6781a57b35f866581/actions - {"actions":[{"id":"action1","type":"key","parameters":{},"actions":[{"type":"keyDown","value":"î€‡"},{"type":"pause","duration":10},{"type":"keyUp","value":"î€‡"}]}]}
RESULT: {"actions":[{"id":"action1","type":"key","parameters":{},"actions":[{"type":"keyDown","value":"î€‡"},{"type":"pause","duration":10},{"type":"keyUp","value":"î€‡"}]}]}
COMMAND: GET /session/58f9e8aeb115b0a6781a57b35f866581/screenshot - {}
RESULT: {}
COMMAND: POST /session/58f9e8aeb115b0a6781a57b35f866581/element - {"using":"xpath","value":"//span[contains(text(), \"Demo Yard\")]"}
RESULT: {"using":"xpath","value":"//span[contains(text(), \"Demo Yard\")]"}
COMMAND: POST /session/58f9e8aeb115b0a6781a57b35f866581/element/f.AE3DDBF61D62EC5D164E8B5EF4A74F4D.d.238174C5AA82A8521A2507EEA4E8B1B6.e.772/click - {}
RESULT: {}
COMMAND: GET /session/58f9e8aeb115b0a6781a57b35f866581/screenshot - {}
RESULT: {}
COMMAND: POST /session/58f9e8aeb115b0a6781a57b35f866581/element - {"using":"xpath","value":"//bdi[contains(text(), \"OK\")]"}
RESULT: {"using":"xpath","value":"//bdi[contains(text(), \"OK\")]"}
COMMAND: POST /session/58f9e8aeb115b0a6781a57b35f866581/element/f.AE3DDBF61D62EC5D164E8B5EF4A74F4D.d.238174C5AA82A8521A2507EEA4E8B1B6.e.773/click - {}
RESULT: {}
COMMAND: GET /session/58f9e8aeb115b0a6781a57b35f866581/screenshot - {}
RESULT: {}
COMMAND: POST /session/58f9e8aeb115b0a6781a57b35f866581/execute/async - {"script":"<script> [1562 bytes]","args":[{"selector":{"id":"application-manageyards-display-component---NewYard--addressEditDetailsCurrency-arrow"},"wdio_ui5_key":"applicationmanageyards-display-component---NewYard--addressEditDetailsCurrency-arrow"}]}
RESULT: {"script":"<script> [1562 bytes]","args":[{"selector":{"id":"application-manageyards-display-component---NewYard--addressEditDetailsCurrency-arrow"},"wdio_ui5_key":"applicationmanageyards-display-component---NewYard--addressEditDetailsCurrency-arrow"}]}
RESULT: undefined
COMMAND: POST /session/58f9e8aeb115b0a6781a57b35f866581/element - {"using":"xpath","value":"//*[@id=\"application-manageyards-display-component---NewYard--addressEditDetailsCurrency-arrow\"]"}
RESULT: {"using":"xpath","value":"//*[@id=\"application-manageyards-display-component---NewYard--addressEditDetailsCurrency-arrow\"]"}
COMMAND: POST /session/58f9e8aeb115b0a6781a57b35f866581/element/f.AE3DDBF61D62EC5D164E8B5EF4A74F4D.d.238174C5AA82A8521A2507EEA4E8B1B6.e.776/click - {}
RESULT: {}
COMMAND: POST /session/58f9e8aeb115b0a6781a57b35f866581/element - {"using":"xpath","value":"//span[contains(text(), \"Euro\")]"}
COMMAND: GET /session/58f9e8aeb115b0a6781a57b35f866581/screenshot - {}
RESULT: {"using":"xpath","value":"//span[contains(text(), \"Euro\")]"}
COMMAND: POST /session/58f9e8aeb115b0a6781a57b35f866581/element/f.AE3DDBF61D62EC5D164E8B5EF4A74F4D.d.238174C5AA82A8521A2507EEA4E8B1B6.e.777/click - {}
RESULT: {}
RESULT: {}
COMMAND: POST /session/58f9e8aeb115b0a6781a57b35f866581/execute/async - {"script":"<script> [1562 bytes]","args":[{"selector":{"controlType":"sap.m.Input","viewName":"etm.portal.ui.manageyards.view.New","viewId":"application-manageyards-display-component---NewYard","bindingPath":{"path":"","propertyPath":"/CONTROLLING_AREA","modelName":"NewYardModel"},"interaction":{"idSuffix":"inner"}},"wdio_ui5_key":"etmportal.ui.manageyards.view.Newsap.m.Input{\"path\":\"\",\"propertyPath\":\"/CONTROLLING_AREA\",\"modelName\":\"NewYardModel\"}"}]}
COMMAND: GET /session/58f9e8aeb115b0a6781a57b35f866581/screenshot - {}
RESULT: {"script":"<script> [1562 bytes]","args":[{"selector":{"controlType":"sap.m.Input","viewName":"etm.portal.ui.manageyards.view.New","viewId":"application-manageyards-display-component---NewYard","bindingPath":{"path":"","propertyPath":"/CONTROLLING_AREA","modelName":"NewYardModel"},"interaction":{"idSuffix":"inner"}},"wdio_ui5_key":"etmportal.ui.manageyards.view.Newsap.m.Input{\"path\":\"\",\"propertyPath\":\"/CONTROLLING_AREA\",\"modelName\":\"NewYardModel\"}"}]}
RESULT: undefined
COMMAND: POST /session/58f9e8aeb115b0a6781a57b35f866581/execute/async - {"script":"<script> [776 bytes]","args":[{"enterText":"Z001","selector":{"controlType":"sap.m.Input","viewName":"etm.portal.ui.manageyards.view.New","viewId":"application-manageyards-display-component---NewYard","bindingPath":{"path":"","propertyPath":"/CONTROLLING_AREA","modelName":"NewYardModel"},"interaction":{"idSuffix":"inner"}},"clearTextFirst":true,"interactionType":"ENTER_TEXT"}]}
RESULT: {}
RESULT: {"script":"<script> [776 bytes]","args":[{"enterText":"Z001","selector":{"controlType":"sap.m.Input","viewName":"etm.portal.ui.manageyards.view.New","viewId":"application-manageyards-display-component---NewYard","bindingPath":{"path":"","propertyPath":"/CONTROLLING_AREA","modelName":"NewYardModel"},"interaction":{"idSuffix":"inner"}},"clearTextFirst":true,"interactionType":"ENTER_TEXT"}]}
COMMAND: POST /session/58f9e8aeb115b0a6781a57b35f866581/execute/async - {"script":"<script> [1562 bytes]","args":[{"selector":{"id":"application-manageyards-display-component---NewYard--companyCodeComboBox","interaction":{"idSuffix":"inner"}},"wdio_ui5_key":"applicationmanageyards-display-component---NewYard--companyCodeComboBox"}]}
RESULT: {"script":"<script> [1562 bytes]","args":[{"selector":{"id":"application-manageyards-display-component---NewYard--companyCodeComboBox","interaction":{"idSuffix":"inner"}},"wdio_ui5_key":"applicationmanageyards-display-component---NewYard--companyCodeComboBox"}]}
RESULT: undefined
COMMAND: POST /session/58f9e8aeb115b0a6781a57b35f866581/execute/async - {"script":"<script> [776 bytes]","args":[{"enterText":"1000","selector":{"id":"application-manageyards-display-component---NewYard--companyCodeComboBox","interaction":{"idSuffix":"inner"}},"clearTextFirst":true,"interactionType":"ENTER_TEXT"}]}
RESULT: {"script":"<script> [776 bytes]","args":[{"enterText":"1000","selector":{"id":"application-manageyards-display-component---NewYard--companyCodeComboBox","interaction":{"idSuffix":"inner"}},"clearTextFirst":true,"interactionType":"ENTER_TEXT"}]}
COMMAND: POST /session/58f9e8aeb115b0a6781a57b35f866581/execute/async - {"script":"<script> [1562 bytes]","args":[{"selector":{"controlType":"sap.m.Input","viewName":"etm.portal.ui.manageyards.view.New","viewId":"application-manageyards-display-component---NewYard","bindingPath":{"path":"","propertyPath":"/PLANT","modelName":"NewYardModel"},"interaction":{"idSuffix":"inner"}},"wdio_ui5_key":"etmportal.ui.manageyards.view.Newsap.m.Input{\"path\":\"\",\"propertyPath\":\"/PLANT\",\"modelName\":\"NewYardModel\"}"}]}
RESULT: {"script":"<script> [1562 bytes]","args":[{"selector":{"controlType":"sap.m.Input","viewName":"etm.portal.ui.manageyards.view.New","viewId":"application-manageyards-display-component---NewYard","bindingPath":{"path":"","propertyPath":"/PLANT","modelName":"NewYardModel"},"interaction":{"idSuffix":"inner"}},"wdio_ui5_key":"etmportal.ui.manageyards.view.Newsap.m.Input{\"path\":\"\",\"propertyPath\":\"/PLANT\",\"modelName\":\"NewYardModel\"}"}]}
RESULT: undefined
COMMAND: POST /session/58f9e8aeb115b0a6781a57b35f866581/execute/async - {"script":"<script> [776 bytes]","args":[{"enterText":"1001","selector":{"controlType":"sap.m.Input","viewName":"etm.portal.ui.manageyards.view.New","viewId":"application-manageyards-display-component---NewYard","bindingPath":{"path":"","propertyPath":"/PLANT","modelName":"NewYardModel"},"interaction":{"idSuffix":"inner"}},"clearTextFirst":true,"interactionType":"ENTER_TEXT"}]}
RESULT: {"script":"<script> [776 bytes]","args":[{"enterText":"1001","selector":{"controlType":"sap.m.Input","viewName":"etm.portal.ui.manageyards.view.New","viewId":"application-manageyards-display-component---NewYard","bindingPath":{"path":"","propertyPath":"/PLANT","modelName":"NewYardModel"},"interaction":{"idSuffix":"inner"}},"clearTextFirst":true,"interactionType":"ENTER_TEXT"}]}
COMMAND: POST /session/58f9e8aeb115b0a6781a57b35f866581/execute/async - {"script":"<script> [1562 bytes]","args":[{"selector":{"controlType":"sap.m.Input","viewName":"etm.portal.ui.manageyards.view.New","viewId":"application-manageyards-display-component---NewYard","bindingPath":{"path":"","propertyPath":"/SALES_AREA_VKORG","modelName":"NewYardModel"},"interaction":{"idSuffix":"inner"}},"wdio_ui5_key":"etmportal.ui.manageyards.view.Newsap.m.Input{\"path\":\"\",\"propertyPath\":\"/SALES_AREA_VKORG\",\"modelName\":\"NewYardModel\"}"}]}
RESULT: {"script":"<script> [1562 bytes]","args":[{"selector":{"controlType":"sap.m.Input","viewName":"etm.portal.ui.manageyards.view.New","viewId":"application-manageyards-display-component---NewYard","bindingPath":{"path":"","propertyPath":"/SALES_AREA_VKORG","modelName":"NewYardModel"},"interaction":{"idSuffix":"inner"}},"wdio_ui5_key":"etmportal.ui.manageyards.view.Newsap.m.Input{\"path\":\"\",\"propertyPath\":\"/SALES_AREA_VKORG\",\"modelName\":\"NewYardModel\"}"}]}
RESULT: undefined
COMMAND: POST /session/58f9e8aeb115b0a6781a57b35f866581/execute/async - {"script":"<script> [776 bytes]","args":[{"enterText":"C002","selector":{"controlType":"sap.m.Input","viewName":"etm.portal.ui.manageyards.view.New","viewId":"application-manageyards-display-component---NewYard","bindingPath":{"path":"","propertyPath":"/SALES_AREA_VKORG","modelName":"NewYardModel"},"interaction":{"idSuffix":"inner"}},"clearTextFirst":true,"interactionType":"ENTER_TEXT"}]}
RESULT: {"script":"<script> [776 bytes]","args":[{"enterText":"C002","selector":{"controlType":"sap.m.Input","viewName":"etm.portal.ui.manageyards.view.New","viewId":"application-manageyards-display-component---NewYard","bindingPath":{"path":"","propertyPath":"/SALES_AREA_VKORG","modelName":"NewYardModel"},"interaction":{"idSuffix":"inner"}},"clearTextFirst":true,"interactionType":"ENTER_TEXT"}]}
COMMAND: POST /session/58f9e8aeb115b0a6781a57b35f866581/execute/async - {"script":"<script> [1562 bytes]","args":[{"selector":{"controlType":"sap.m.Input","viewName":"etm.portal.ui.manageyards.view.New","viewId":"application-manageyards-display-component---NewYard","bindingPath":{"path":"","propertyPath":"/SALES_AREA_VTWEG","modelName":"NewYardModel"},"interaction":{"idSuffix":"inner"}},"wdio_ui5_key":"etmportal.ui.manageyards.view.Newsap.m.Input{\"path\":\"\",\"propertyPath\":\"/SALES_AREA_VTWEG\",\"modelName\":\"NewYardModel\"}"}]}
RESULT: {"script":"<script> [1562 bytes]","args":[{"selector":{"controlType":"sap.m.Input","viewName":"etm.portal.ui.manageyards.view.New","viewId":"application-manageyards-display-component---NewYard","bindingPath":{"path":"","propertyPath":"/SALES_AREA_VTWEG","modelName":"NewYardModel"},"interaction":{"idSuffix":"inner"}},"wdio_ui5_key":"etmportal.ui.manageyards.view.Newsap.m.Input{\"path\":\"\",\"propertyPath\":\"/SALES_AREA_VTWEG\",\"modelName\":\"NewYardModel\"}"}]}
RESULT: undefined
COMMAND: POST /session/58f9e8aeb115b0a6781a57b35f866581/execute/async - {"script":"<script> [776 bytes]","args":[{"enterText":"C2","selector":{"controlType":"sap.m.Input","viewName":"etm.portal.ui.manageyards.view.New","viewId":"application-manageyards-display-component---NewYard","bindingPath":{"path":"","propertyPath":"/SALES_AREA_VTWEG","modelName":"NewYardModel"},"interaction":{"idSuffix":"inner"}},"clearTextFirst":true,"interactionType":"ENTER_TEXT"}]}
RESULT: {"script":"<script> [776 bytes]","args":[{"enterText":"C2","selector":{"controlType":"sap.m.Input","viewName":"etm.portal.ui.manageyards.view.New","viewId":"application-manageyards-display-component---NewYard","bindingPath":{"path":"","propertyPath":"/SALES_AREA_VTWEG","modelName":"NewYardModel"},"interaction":{"idSuffix":"inner"}},"clearTextFirst":true,"interactionType":"ENTER_TEXT"}]}
COMMAND: POST /session/58f9e8aeb115b0a6781a57b35f866581/execute/async - {"script":"<script> [1562 bytes]","args":[{"selector":{"controlType":"sap.m.Input","viewName":"etm.portal.ui.manageyards.view.New","viewId":"application-manageyards-display-component---NewYard","bindingPath":{"path":"","propertyPath":"/SALES_AREA_SPART","modelName":"NewYardModel"},"interaction":{"idSuffix":"inner"}},"wdio_ui5_key":"etmportal.ui.manageyards.view.Newsap.m.Input{\"path\":\"\",\"propertyPath\":\"/SALES_AREA_SPART\",\"modelName\":\"NewYardModel\"}"}]}
RESULT: {"script":"<script> [1562 bytes]","args":[{"selector":{"controlType":"sap.m.Input","viewName":"etm.portal.ui.manageyards.view.New","viewId":"application-manageyards-display-component---NewYard","bindingPath":{"path":"","propertyPath":"/SALES_AREA_SPART","modelName":"NewYardModel"},"interaction":{"idSuffix":"inner"}},"wdio_ui5_key":"etmportal.ui.manageyards.view.Newsap.m.Input{\"path\":\"\",\"propertyPath\":\"/SALES_AREA_SPART\",\"modelName\":\"NewYardModel\"}"}]}
RESULT: undefined
COMMAND: POST /session/58f9e8aeb115b0a6781a57b35f866581/execute/async - {"script":"<script> [776 bytes]","args":[{"enterText":"C2","selector":{"controlType":"sap.m.Input","viewName":"etm.portal.ui.manageyards.view.New","viewId":"application-manageyards-display-component---NewYard","bindingPath":{"path":"","propertyPath":"/SALES_AREA_SPART","modelName":"NewYardModel"},"interaction":{"idSuffix":"inner"}},"clearTextFirst":true,"interactionType":"ENTER_TEXT"}]}
RESULT: {"script":"<script> [776 bytes]","args":[{"enterText":"C2","selector":{"controlType":"sap.m.Input","viewName":"etm.portal.ui.manageyards.view.New","viewId":"application-manageyards-display-component---NewYard","bindingPath":{"path":"","propertyPath":"/SALES_AREA_SPART","modelName":"NewYardModel"},"interaction":{"idSuffix":"inner"}},"clearTextFirst":true,"interactionType":"ENTER_TEXT"}]}
COMMAND: POST /session/58f9e8aeb115b0a6781a57b35f866581/execute/async - {"script":"<script> [1562 bytes]","args":[{"selector":{"controlType":"sap.m.Input","viewName":"etm.portal.ui.manageyards.view.New","viewId":"application-manageyards-display-component---NewYard","bindingPath":{"path":"","propertyPath":"/SHIP_POINT","modelName":"NewYardModel"},"interaction":{"idSuffix":"inner"}},"wdio_ui5_key":"etmportal.ui.manageyards.view.Newsap.m.Input{\"path\":\"\",\"propertyPath\":\"/SHIP_POINT\",\"modelName\":\"NewYardModel\"}"}]}
RESULT: {"script":"<script> [1562 bytes]","args":[{"selector":{"controlType":"sap.m.Input","viewName":"etm.portal.ui.manageyards.view.New","viewId":"application-manageyards-display-component---NewYard","bindingPath":{"path":"","propertyPath":"/SHIP_POINT","modelName":"NewYardModel"},"interaction":{"idSuffix":"inner"}},"wdio_ui5_key":"etmportal.ui.manageyards.view.Newsap.m.Input{\"path\":\"\",\"propertyPath\":\"/SHIP_POINT\",\"modelName\":\"NewYardModel\"}"}]}
RESULT: undefined
COMMAND: POST /session/58f9e8aeb115b0a6781a57b35f866581/execute/async - {"script":"<script> [776 bytes]","args":[{"enterText":"1710","selector":{"controlType":"sap.m.Input","viewName":"etm.portal.ui.manageyards.view.New","viewId":"application-manageyards-display-component---NewYard","bindingPath":{"path":"","propertyPath":"/SHIP_POINT","modelName":"NewYardModel"},"interaction":{"idSuffix":"inner"}},"clearTextFirst":true,"interactionType":"ENTER_TEXT"}]}
RESULT: {"script":"<script> [776 bytes]","args":[{"enterText":"1710","selector":{"controlType":"sap.m.Input","viewName":"etm.portal.ui.manageyards.view.New","viewId":"application-manageyards-display-component---NewYard","bindingPath":{"path":"","propertyPath":"/SHIP_POINT","modelName":"NewYardModel"},"interaction":{"idSuffix":"inner"}},"clearTextFirst":true,"interactionType":"ENTER_TEXT"}]}
COMMAND: POST /session/58f9e8aeb115b0a6781a57b35f866581/execute/async - {"script":"<script> [1562 bytes]","args":[{"selector":{"controlType":"sap.m.Input","viewName":"etm.portal.ui.manageyards.view.New","viewId":"application-manageyards-display-component---NewYard","bindingPath":{"path":"","propertyPath":"/DELIVERY_TYPE","modelName":"NewYardModel"},"interaction":{"idSuffix":"inner"}},"wdio_ui5_key":"etmportal.ui.manageyards.view.Newsap.m.Input{\"path\":\"\",\"propertyPath\":\"/DELIVERY_TYPE\",\"modelName\":\"NewYardModel\"}"}]}
RESULT: {"script":"<script> [1562 bytes]","args":[{"selector":{"controlType":"sap.m.Input","viewName":"etm.portal.ui.manageyards.view.New","viewId":"application-manageyards-display-component---NewYard","bindingPath":{"path":"","propertyPath":"/DELIVERY_TYPE","modelName":"NewYardModel"},"interaction":{"idSuffix":"inner"}},"wdio_ui5_key":"etmportal.ui.manageyards.view.Newsap.m.Input{\"path\":\"\",\"propertyPath\":\"/DELIVERY_TYPE\",\"modelName\":\"NewYardModel\"}"}]}
RESULT: undefined
COMMAND: POST /session/58f9e8aeb115b0a6781a57b35f866581/execute/async - {"script":"<script> [776 bytes]","args":[{"enterText":"ZL01","selector":{"controlType":"sap.m.Input","viewName":"etm.portal.ui.manageyards.view.New","viewId":"application-manageyards-display-component---NewYard","bindingPath":{"path":"","propertyPath":"/DELIVERY_TYPE","modelName":"NewYardModel"},"interaction":{"idSuffix":"inner"}},"clearTextFirst":true,"interactionType":"ENTER_TEXT"}]}
RESULT: {"script":"<script> [776 bytes]","args":[{"enterText":"ZL01","selector":{"controlType":"sap.m.Input","viewName":"etm.portal.ui.manageyards.view.New","viewId":"application-manageyards-display-component---NewYard","bindingPath":{"path":"","propertyPath":"/DELIVERY_TYPE","modelName":"NewYardModel"},"interaction":{"idSuffix":"inner"}},"clearTextFirst":true,"interactionType":"ENTER_TEXT"}]}
COMMAND: POST /session/58f9e8aeb115b0a6781a57b35f866581/execute/async - {"script":"<script> [1562 bytes]","args":[{"selector":{"controlType":"sap.m.Input","viewName":"etm.portal.ui.manageyards.view.New","viewId":"application-manageyards-display-component---NewYard","bindingPath":{"path":"","propertyPath":"/AUART","modelName":"NewYardModel"},"interaction":{"idSuffix":"inner"}},"wdio_ui5_key":"etmportal.ui.manageyards.view.Newsap.m.Input{\"path\":\"\",\"propertyPath\":\"/AUART\",\"modelName\":\"NewYardModel\"}"}]}
RESULT: {"script":"<script> [1562 bytes]","args":[{"selector":{"controlType":"sap.m.Input","viewName":"etm.portal.ui.manageyards.view.New","viewId":"application-manageyards-display-component---NewYard","bindingPath":{"path":"","propertyPath":"/AUART","modelName":"NewYardModel"},"interaction":{"idSuffix":"inner"}},"wdio_ui5_key":"etmportal.ui.manageyards.view.Newsap.m.Input{\"path\":\"\",\"propertyPath\":\"/AUART\",\"modelName\":\"NewYardModel\"}"}]}
RESULT: undefined
COMMAND: POST /session/58f9e8aeb115b0a6781a57b35f866581/execute/async - {"script":"<script> [776 bytes]","args":[{"enterText":"TA","selector":{"controlType":"sap.m.Input","viewName":"etm.portal.ui.manageyards.view.New","viewId":"application-manageyards-display-component---NewYard","bindingPath":{"path":"","propertyPath":"/AUART","modelName":"NewYardModel"},"interaction":{"idSuffix":"inner"}},"clearTextFirst":true,"interactionType":"ENTER_TEXT"}]}
RESULT: {"script":"<script> [776 bytes]","args":[{"enterText":"TA","selector":{"controlType":"sap.m.Input","viewName":"etm.portal.ui.manageyards.view.New","viewId":"application-manageyards-display-component---NewYard","bindingPath":{"path":"","propertyPath":"/AUART","modelName":"NewYardModel"},"interaction":{"idSuffix":"inner"}},"clearTextFirst":true,"interactionType":"ENTER_TEXT"}]}
COMMAND: POST /session/58f9e8aeb115b0a6781a57b35f866581/element - {"using":"xpath","value":"//button[@data-kt=\"newYardSaveButton\"]"}
RESULT: {"using":"xpath","value":"//button[@data-kt=\"newYardSaveButton\"]"}
COMMAND: POST /session/58f9e8aeb115b0a6781a57b35f866581/element/f.AE3DDBF61D62EC5D164E8B5EF4A74F4D.d.238174C5AA82A8521A2507EEA4E8B1B6.e.703/click - {}
RESULT: {}
COMMAND: GET /session/58f9e8aeb115b0a6781a57b35f866581/screenshot - {}
RESULT: {}
COMMAND: POST /session/58f9e8aeb115b0a6781a57b35f866581/element - {"using":"xpath","value":"//header[contains(@id, 'ObjectPageLayout-headerTitle')]/div[1]/div[2]/div[1]/span[1]"}
RESULT: {"using":"xpath","value":"//header[contains(@id, 'ObjectPageLayout-headerTitle')]/div[1]/div[2]/div[1]/span[1]"}
COMMAND: POST /session/58f9e8aeb115b0a6781a57b35f866581/elements - {"using":"xpath","value":"//header[contains(@id, 'ObjectPageLayout-headerTitle')]/div[1]/div[2]/div[1]/span[1]"}
RESULT: {"using":"xpath","value":"//header[contains(@id, 'ObjectPageLayout-headerTitle')]/div[1]/div[2]/div[1]/span[1]"}
COMMAND: POST /session/58f9e8aeb115b0a6781a57b35f866581/execute/sync - {"script":"<script> [56 bytes]","args":[{"element-6066-11e4-a52e-4f735466cecf":"f.AE3DDBF61D62EC5D164E8B5EF4A74F4D.d.238174C5AA82A8521A2507EEA4E8B1B6.e.1004","ELEMENT":"f.AE3DDBF61D62EC5D164E8B5EF4A74F4D.d.238174C5AA82A8521A2507EEA4E8B1B6.e.1004"}]}
RESULT: {"script":"<script> [56 bytes]","args":[{"element-6066-11e4-a52e-4f735466cecf":"f.AE3DDBF61D62EC5D164E8B5EF4A74F4D.d.238174C5AA82A8521A2507EEA4E8B1B6.e.1004","ELEMENT":"f.AE3DDBF61D62EC5D164E8B5EF4A74F4D.d.238174C5AA82A8521A2507EEA4E8B1B6.e.1004"}]}
COMMAND: GET /session/58f9e8aeb115b0a6781a57b35f866581/screenshot - {}
RESULT: {}
COMMAND: POST /session/58f9e8aeb115b0a6781a57b35f866581/element - {"using":"css selector","value":"#shell-header-logo"}
RESULT: {"using":"css selector","value":"#shell-header-logo"}
COMMAND: POST /session/58f9e8aeb115b0a6781a57b35f866581/element/f.AE3DDBF61D62EC5D164E8B5EF4A74F4D.d.238174C5AA82A8521A2507EEA4E8B1B6.e.258/click - {}
RESULT: {}
COMMAND: GET /session/58f9e8aeb115b0a6781a57b35f866581/screenshot - {}
RESULT: {}
COMMAND: POST /session/58f9e8aeb115b0a6781a57b35f866581/execute/sync - {"script":"<script> [299 bytes]","args":[["getModel","getResource"]]}
RESULT: {"script":"<script> [299 bytes]","args":[["getModel","getResource"]]}
COMMAND: GET /session/58f9e8aeb115b0a6781a57b35f866581/screenshot - {}
]]></system-out>
    </testcase>
    <testcase classname="chrome.136_0_7103_93.windows.Prerequisites_&amp;_test_for_yard_mass_return_on_Yard_Overview_US131057" name="Prereq Should create a new partner" time="147.705">
      <system-out><![CDATA[
COMMAND: POST /session/58f9e8aeb115b0a6781a57b35f866581/window/fullscreen - {}
RESULT: {}
RESULT: {}
COMMAND: POST /session/58f9e8aeb115b0a6781a57b35f866581/execute/async - {"script":"<script> [1562 bytes]","args":[{"selector":{"controlType":"sap.m.GenericTile","properties":{"header":"Manage Partners"}},"wdio_ui5_key":"sapm.GenericTile{\"header\":\"Manage Partners\"}"}]}
RESULT: {"script":"<script> [1562 bytes]","args":[{"selector":{"controlType":"sap.m.GenericTile","properties":{"header":"Manage Partners"}},"wdio_ui5_key":"sapm.GenericTile{\"header\":\"Manage Partners\"}"}]}
RESULT: undefined
COMMAND: POST /session/58f9e8aeb115b0a6781a57b35f866581/element - {"using":"xpath","value":"//*[@id=\"__tile38\"]"}
RESULT: {"using":"xpath","value":"//*[@id=\"__tile38\"]"}
COMMAND: POST /session/58f9e8aeb115b0a6781a57b35f866581/element/f.AE3DDBF61D62EC5D164E8B5EF4A74F4D.d.238174C5AA82A8521A2507EEA4E8B1B6.e.148/click - {}
RESULT: {}
COMMAND: GET /session/58f9e8aeb115b0a6781a57b35f866581/screenshot - {}
RESULT: {}
COMMAND: POST /session/58f9e8aeb115b0a6781a57b35f866581/elements - {"using":"xpath","value":"//span[text()='Error']"}
RESULT: {"using":"xpath","value":"//span[text()='Error']"}
COMMAND: POST /session/58f9e8aeb115b0a6781a57b35f866581/element - {"using":"xpath","value":"//button[@data-kt=\"addButton\"]"}
RESULT: {"using":"xpath","value":"//button[@data-kt=\"addButton\"]"}
COMMAND: POST /session/58f9e8aeb115b0a6781a57b35f866581/elements - {"using":"xpath","value":"//button[@data-kt=\"addButton\"]"}
RESULT: {"using":"xpath","value":"//button[@data-kt=\"addButton\"]"}
COMMAND: POST /session/58f9e8aeb115b0a6781a57b35f866581/execute/sync - {"script":"<script> [8489 bytes]","args":[{"element-6066-11e4-a52e-4f735466cecf":"f.AE3DDBF61D62EC5D164E8B5EF4A74F4D.d.238174C5AA82A8521A2507EEA4E8B1B6.e.1043","ELEMENT":"f.AE3DDBF61D62EC5D164E8B5EF4A74F4D.d.238174C5AA82A8521A2507EEA4E8B1B6.e.1043"}]}
RESULT: {"script":"<script> [8489 bytes]","args":[{"element-6066-11e4-a52e-4f735466cecf":"f.AE3DDBF61D62EC5D164E8B5EF4A74F4D.d.238174C5AA82A8521A2507EEA4E8B1B6.e.1043","ELEMENT":"f.AE3DDBF61D62EC5D164E8B5EF4A74F4D.d.238174C5AA82A8521A2507EEA4E8B1B6.e.1043"}]}
COMMAND: GET /session/58f9e8aeb115b0a6781a57b35f866581/element/f.AE3DDBF61D62EC5D164E8B5EF4A74F4D.d.238174C5AA82A8521A2507EEA4E8B1B6.e.1043/enabled - {}
COMMAND: GET /session/58f9e8aeb115b0a6781a57b35f866581/screenshot - {}
RESULT: {}
COMMAND: POST /session/58f9e8aeb115b0a6781a57b35f866581/execute/sync - {"script":"<script> [8489 bytes]","args":[{"element-6066-11e4-a52e-4f735466cecf":"f.AE3DDBF61D62EC5D164E8B5EF4A74F4D.d.238174C5AA82A8521A2507EEA4E8B1B6.e.1043","ELEMENT":"f.AE3DDBF61D62EC5D164E8B5EF4A74F4D.d.238174C5AA82A8521A2507EEA4E8B1B6.e.1043"}]}
COMMAND: GET /session/58f9e8aeb115b0a6781a57b35f866581/screenshot - {}
RESULT: {}
RESULT: {"script":"<script> [8489 bytes]","args":[{"element-6066-11e4-a52e-4f735466cecf":"f.AE3DDBF61D62EC5D164E8B5EF4A74F4D.d.238174C5AA82A8521A2507EEA4E8B1B6.e.1043","ELEMENT":"f.AE3DDBF61D62EC5D164E8B5EF4A74F4D.d.238174C5AA82A8521A2507EEA4E8B1B6.e.1043"}]}
COMMAND: POST /session/58f9e8aeb115b0a6781a57b35f866581/execute/sync - {"script":"<script> [5351 bytes]","args":[{"element-6066-11e4-a52e-4f735466cecf":"f.AE3DDBF61D62EC5D164E8B5EF4A74F4D.d.238174C5AA82A8521A2507EEA4E8B1B6.e.1043","ELEMENT":"f.AE3DDBF61D62EC5D164E8B5EF4A74F4D.d.238174C5AA82A8521A2507EEA4E8B1B6.e.1043"}]}
COMMAND: GET /session/58f9e8aeb115b0a6781a57b35f866581/screenshot - {}
RESULT: {}
RESULT: {"script":"<script> [5351 bytes]","args":[{"element-6066-11e4-a52e-4f735466cecf":"f.AE3DDBF61D62EC5D164E8B5EF4A74F4D.d.238174C5AA82A8521A2507EEA4E8B1B6.e.1043","ELEMENT":"f.AE3DDBF61D62EC5D164E8B5EF4A74F4D.d.238174C5AA82A8521A2507EEA4E8B1B6.e.1043"}]}
COMMAND: POST /session/58f9e8aeb115b0a6781a57b35f866581/element/f.AE3DDBF61D62EC5D164E8B5EF4A74F4D.d.238174C5AA82A8521A2507EEA4E8B1B6.e.1043/click - {}
COMMAND: GET /session/58f9e8aeb115b0a6781a57b35f866581/screenshot - {}
RESULT: {}
RESULT: {}
COMMAND: GET /session/58f9e8aeb115b0a6781a57b35f866581/screenshot - {}
RESULT: {}
COMMAND: POST /session/58f9e8aeb115b0a6781a57b35f866581/execute/async - {"script":"<script> [1562 bytes]","args":[{"selector":{"id":"application-managepartners-display-component---NewPartner--addressDetailDetailsName1","interaction":{"idSuffix":"inner"}},"wdio_ui5_key":"applicationmanagepartners-display-component---NewPartner--addressDetailDetailsName1"}]}
RESULT: {}
RESULT: {"script":"<script> [1562 bytes]","args":[{"selector":{"id":"application-managepartners-display-component---NewPartner--addressDetailDetailsName1","interaction":{"idSuffix":"inner"}},"wdio_ui5_key":"applicationmanagepartners-display-component---NewPartner--addressDetailDetailsName1"}]}
RESULT: undefined
COMMAND: POST /session/58f9e8aeb115b0a6781a57b35f866581/execute/async - {"script":"<script> [776 bytes]","args":[{"enterText":"Intracompany Partner WDIO","selector":{"id":"application-managepartners-display-component---NewPartner--addressDetailDetailsName1","interaction":{"idSuffix":"inner"}},"clearTextFirst":true,"interactionType":"ENTER_TEXT"}]}
RESULT: {"script":"<script> [776 bytes]","args":[{"enterText":"Intracompany Partner WDIO","selector":{"id":"application-managepartners-display-component---NewPartner--addressDetailDetailsName1","interaction":{"idSuffix":"inner"}},"clearTextFirst":true,"interactionType":"ENTER_TEXT"}]}
COMMAND: POST /session/58f9e8aeb115b0a6781a57b35f866581/execute/async - {"script":"<script> [1562 bytes]","args":[{"selector":{"id":"application-managepartners-display-component---NewPartner--addressDetailDetailsLanguage-arrow"},"wdio_ui5_key":"applicationmanagepartners-display-component---NewPartner--addressDetailDetailsLanguage-arrow"}]}
RESULT: {"script":"<script> [1562 bytes]","args":[{"selector":{"id":"application-managepartners-display-component---NewPartner--addressDetailDetailsLanguage-arrow"},"wdio_ui5_key":"applicationmanagepartners-display-component---NewPartner--addressDetailDetailsLanguage-arrow"}]}
RESULT: undefined
COMMAND: POST /session/58f9e8aeb115b0a6781a57b35f866581/element - {"using":"xpath","value":"//*[@id=\"application-managepartners-display-component---NewPartner--addressDetailDetailsLanguage-arrow\"]"}
RESULT: {"using":"xpath","value":"//*[@id=\"application-managepartners-display-component---NewPartner--addressDetailDetailsLanguage-arrow\"]"}
COMMAND: POST /session/58f9e8aeb115b0a6781a57b35f866581/element/f.AE3DDBF61D62EC5D164E8B5EF4A74F4D.d.238174C5AA82A8521A2507EEA4E8B1B6.e.1495/click - {}
RESULT: {}
COMMAND: POST /session/58f9e8aeb115b0a6781a57b35f866581/element - {"using":"xpath","value":"//span[contains(text(), \"English\")]"}
COMMAND: GET /session/58f9e8aeb115b0a6781a57b35f866581/screenshot - {}
RESULT: {"using":"xpath","value":"//span[contains(text(), \"English\")]"}
COMMAND: POST /session/58f9e8aeb115b0a6781a57b35f866581/element/f.AE3DDBF61D62EC5D164E8B5EF4A74F4D.d.238174C5AA82A8521A2507EEA4E8B1B6.e.1496/click - {}
RESULT: {}
RESULT: {}
COMMAND: GET /session/58f9e8aeb115b0a6781a57b35f866581/screenshot - {}
RESULT: {}
COMMAND: POST /session/58f9e8aeb115b0a6781a57b35f866581/execute/async - {"script":"<script> [1562 bytes]","args":[{"selector":{"id":"application-managepartners-display-component---NewPartner--addressDetailDetailsCity1","interaction":{"idSuffix":"inner"}},"wdio_ui5_key":"applicationmanagepartners-display-component---NewPartner--addressDetailDetailsCity1"}]}
RESULT: {"script":"<script> [1562 bytes]","args":[{"selector":{"id":"application-managepartners-display-component---NewPartner--addressDetailDetailsCity1","interaction":{"idSuffix":"inner"}},"wdio_ui5_key":"applicationmanagepartners-display-component---NewPartner--addressDetailDetailsCity1"}]}
RESULT: undefined
COMMAND: POST /session/58f9e8aeb115b0a6781a57b35f866581/execute/async - {"script":"<script> [776 bytes]","args":[{"enterText":"Rosario","selector":{"id":"application-managepartners-display-component---NewPartner--addressDetailDetailsCity1","interaction":{"idSuffix":"inner"}},"clearTextFirst":true,"interactionType":"ENTER_TEXT"}]}
RESULT: {"script":"<script> [776 bytes]","args":[{"enterText":"Rosario","selector":{"id":"application-managepartners-display-component---NewPartner--addressDetailDetailsCity1","interaction":{"idSuffix":"inner"}},"clearTextFirst":true,"interactionType":"ENTER_TEXT"}]}
COMMAND: POST /session/58f9e8aeb115b0a6781a57b35f866581/execute/async - {"script":"<script> [1562 bytes]","args":[{"selector":{"id":"application-managepartners-display-component---NewPartner--addressDetailDetailsCountry-arrow"},"wdio_ui5_key":"applicationmanagepartners-display-component---NewPartner--addressDetailDetailsCountry-arrow"}]}
RESULT: {"script":"<script> [1562 bytes]","args":[{"selector":{"id":"application-managepartners-display-component---NewPartner--addressDetailDetailsCountry-arrow"},"wdio_ui5_key":"applicationmanagepartners-display-component---NewPartner--addressDetailDetailsCountry-arrow"}]}
RESULT: undefined
COMMAND: POST /session/58f9e8aeb115b0a6781a57b35f866581/element - {"using":"xpath","value":"//*[@id=\"application-managepartners-display-component---NewPartner--addressDetailDetailsCountry-arrow\"]"}
RESULT: {"using":"xpath","value":"//*[@id=\"application-managepartners-display-component---NewPartner--addressDetailDetailsCountry-arrow\"]"}
COMMAND: POST /session/58f9e8aeb115b0a6781a57b35f866581/element/f.AE3DDBF61D62EC5D164E8B5EF4A74F4D.d.238174C5AA82A8521A2507EEA4E8B1B6.e.1481/click - {}
RESULT: {}
COMMAND: POST /session/58f9e8aeb115b0a6781a57b35f866581/element - {"using":"xpath","value":"//span[contains(text(), \"Argentina\")]"}
COMMAND: GET /session/58f9e8aeb115b0a6781a57b35f866581/screenshot - {}
RESULT: {"using":"xpath","value":"//span[contains(text(), \"Argentina\")]"}
COMMAND: POST /session/58f9e8aeb115b0a6781a57b35f866581/element/f.AE3DDBF61D62EC5D164E8B5EF4A74F4D.d.238174C5AA82A8521A2507EEA4E8B1B6.e.1498/click - {}
RESULT: {}
RESULT: {}
COMMAND: GET /session/58f9e8aeb115b0a6781a57b35f866581/screenshot - {}
RESULT: {}
COMMAND: POST /session/58f9e8aeb115b0a6781a57b35f866581/element - {"using":"xpath","value":"//bdi[contains(text(), \"Commercial\")]"}
RESULT: {"using":"xpath","value":"//bdi[contains(text(), \"Commercial\")]"}
COMMAND: POST /session/58f9e8aeb115b0a6781a57b35f866581/element/f.AE3DDBF61D62EC5D164E8B5EF4A74F4D.d.238174C5AA82A8521A2507EEA4E8B1B6.e.1499/click - {}
RESULT: {}
COMMAND: GET /session/58f9e8aeb115b0a6781a57b35f866581/screenshot - {}
RESULT: {}
COMMAND: POST /session/58f9e8aeb115b0a6781a57b35f866581/execute/async - {"script":"<script> [1562 bytes]","args":[{"selector":{"id":"application-managepartners-display-component---NewPartner--partnerDetailInternal-arrow"},"wdio_ui5_key":"applicationmanagepartners-display-component---NewPartner--partnerDetailInternal-arrow"}]}
RESULT: {"script":"<script> [1562 bytes]","args":[{"selector":{"id":"application-managepartners-display-component---NewPartner--partnerDetailInternal-arrow"},"wdio_ui5_key":"applicationmanagepartners-display-component---NewPartner--partnerDetailInternal-arrow"}]}
RESULT: undefined
COMMAND: POST /session/58f9e8aeb115b0a6781a57b35f866581/element - {"using":"xpath","value":"//*[@id=\"application-managepartners-display-component---NewPartner--partnerDetailInternal-arrow\"]"}
RESULT: {"using":"xpath","value":"//*[@id=\"application-managepartners-display-component---NewPartner--partnerDetailInternal-arrow\"]"}
COMMAND: POST /session/58f9e8aeb115b0a6781a57b35f866581/element/f.AE3DDBF61D62EC5D164E8B5EF4A74F4D.d.238174C5AA82A8521A2507EEA4E8B1B6.e.1507/click - {}
RESULT: {}
COMMAND: POST /session/58f9e8aeb115b0a6781a57b35f866581/element - {"using":"xpath","value":"//span[contains(text(), \"Affiliated company\")]"}
COMMAND: GET /session/58f9e8aeb115b0a6781a57b35f866581/screenshot - {}
RESULT: {"using":"xpath","value":"//span[contains(text(), \"Affiliated company\")]"}
COMMAND: POST /session/58f9e8aeb115b0a6781a57b35f866581/element/f.AE3DDBF61D62EC5D164E8B5EF4A74F4D.d.238174C5AA82A8521A2507EEA4E8B1B6.e.1508/click - {}
RESULT: {}
RESULT: {}
COMMAND: POST /session/58f9e8aeb115b0a6781a57b35f866581/execute/async - {"script":"<script> [1562 bytes]","args":[{"selector":{"id":"application-managepartners-display-component---NewPartner--partnerDetailsCurrency-arrow"},"wdio_ui5_key":"applicationmanagepartners-display-component---NewPartner--partnerDetailsCurrency-arrow"}]}
COMMAND: GET /session/58f9e8aeb115b0a6781a57b35f866581/screenshot - {}
RESULT: {"script":"<script> [1562 bytes]","args":[{"selector":{"id":"application-managepartners-display-component---NewPartner--partnerDetailsCurrency-arrow"},"wdio_ui5_key":"applicationmanagepartners-display-component---NewPartner--partnerDetailsCurrency-arrow"}]}
RESULT: undefined
COMMAND: POST /session/58f9e8aeb115b0a6781a57b35f866581/element - {"using":"xpath","value":"//*[@id=\"application-managepartners-display-component---NewPartner--partnerDetailsCurrency-arrow\"]"}
RESULT: {}
RESULT: {"using":"xpath","value":"//*[@id=\"application-managepartners-display-component---NewPartner--partnerDetailsCurrency-arrow\"]"}
COMMAND: POST /session/58f9e8aeb115b0a6781a57b35f866581/element/f.AE3DDBF61D62EC5D164E8B5EF4A74F4D.d.238174C5AA82A8521A2507EEA4E8B1B6.e.1515/click - {}
RESULT: {}
COMMAND: POST /session/58f9e8aeb115b0a6781a57b35f866581/element - {"using":"xpath","value":"//span[contains(text(), \"Euro\")]"}
COMMAND: GET /session/58f9e8aeb115b0a6781a57b35f866581/screenshot - {}
RESULT: {"using":"xpath","value":"//span[contains(text(), \"Euro\")]"}
COMMAND: POST /session/58f9e8aeb115b0a6781a57b35f866581/element/f.AE3DDBF61D62EC5D164E8B5EF4A74F4D.d.238174C5AA82A8521A2507EEA4E8B1B6.e.1516/click - {}
RESULT: {}
RESULT: {}
COMMAND: POST /session/58f9e8aeb115b0a6781a57b35f866581/execute/async - {"script":"<script> [1562 bytes]","args":[{"selector":{"id":"application-managepartners-display-component---NewPartner--addressEditDetailsCostObjectCstType-arrow"},"wdio_ui5_key":"applicationmanagepartners-display-component---NewPartner--addressEditDetailsCostObjectCstType-arrow"}]}
COMMAND: GET /session/58f9e8aeb115b0a6781a57b35f866581/screenshot - {}
RESULT: {"script":"<script> [1562 bytes]","args":[{"selector":{"id":"application-managepartners-display-component---NewPartner--addressEditDetailsCostObjectCstType-arrow"},"wdio_ui5_key":"applicationmanagepartners-display-component---NewPartner--addressEditDetailsCostObjectCstType-arrow"}]}
RESULT: undefined
COMMAND: POST /session/58f9e8aeb115b0a6781a57b35f866581/element - {"using":"xpath","value":"//*[@id=\"application-managepartners-display-component---NewPartner--addressEditDetailsCostObjectCstType-arrow\"]"}
RESULT: {}
RESULT: {"using":"xpath","value":"//*[@id=\"application-managepartners-display-component---NewPartner--addressEditDetailsCostObjectCstType-arrow\"]"}
COMMAND: POST /session/58f9e8aeb115b0a6781a57b35f866581/element/f.AE3DDBF61D62EC5D164E8B5EF4A74F4D.d.238174C5AA82A8521A2507EEA4E8B1B6.e.1517/click - {}
RESULT: {}
COMMAND: POST /session/58f9e8aeb115b0a6781a57b35f866581/element - {"using":"xpath","value":"//span[contains(text(), \"Cost Center\")]"}
COMMAND: GET /session/58f9e8aeb115b0a6781a57b35f866581/screenshot - {}
RESULT: {"using":"xpath","value":"//span[contains(text(), \"Cost Center\")]"}
COMMAND: POST /session/58f9e8aeb115b0a6781a57b35f866581/element/f.AE3DDBF61D62EC5D164E8B5EF4A74F4D.d.238174C5AA82A8521A2507EEA4E8B1B6.e.1518/click - {}
RESULT: {}
RESULT: {}
COMMAND: GET /session/58f9e8aeb115b0a6781a57b35f866581/screenshot - {}
RESULT: {}
COMMAND: POST /session/58f9e8aeb115b0a6781a57b35f866581/element - {"using":"xpath","value":"//span[@id=\"application-managepartners-display-component---NewPartner--addressNewCostObjectCstID-vhi\"]"}
RESULT: {"using":"xpath","value":"//span[@id=\"application-managepartners-display-component---NewPartner--addressNewCostObjectCstID-vhi\"]"}
COMMAND: POST /session/58f9e8aeb115b0a6781a57b35f866581/execute/sync - {"script":"<script> [8489 bytes]","args":[{"element-6066-11e4-a52e-4f735466cecf":"f.AE3DDBF61D62EC5D164E8B5EF4A74F4D.d.238174C5AA82A8521A2507EEA4E8B1B6.e.1522","ELEMENT":"f.AE3DDBF61D62EC5D164E8B5EF4A74F4D.d.238174C5AA82A8521A2507EEA4E8B1B6.e.1522"}]}
RESULT: {"script":"<script> [8489 bytes]","args":[{"element-6066-11e4-a52e-4f735466cecf":"f.AE3DDBF61D62EC5D164E8B5EF4A74F4D.d.238174C5AA82A8521A2507EEA4E8B1B6.e.1522","ELEMENT":"f.AE3DDBF61D62EC5D164E8B5EF4A74F4D.d.238174C5AA82A8521A2507EEA4E8B1B6.e.1522"}]}
COMMAND: POST /session/58f9e8aeb115b0a6781a57b35f866581/execute/async - {"script":"<script> [1562 bytes]","args":[{"selector":{"id":"application-managepartners-display-component---NewPartner--addressNewCostObjectCstID-vhi"},"wdio_ui5_key":"applicationmanagepartners-display-component---NewPartner--addressNewCostObjectCstID-vhi"}]}
COMMAND: GET /session/58f9e8aeb115b0a6781a57b35f866581/screenshot - {}
RESULT: {"script":"<script> [1562 bytes]","args":[{"selector":{"id":"application-managepartners-display-component---NewPartner--addressNewCostObjectCstID-vhi"},"wdio_ui5_key":"applicationmanagepartners-display-component---NewPartner--addressNewCostObjectCstID-vhi"}]}
RESULT: undefined
COMMAND: POST /session/58f9e8aeb115b0a6781a57b35f866581/element - {"using":"xpath","value":"//*[@id=\"application-managepartners-display-component---NewPartner--addressNewCostObjectCstID-vhi\"]"}
RESULT: {}
RESULT: {"using":"xpath","value":"//*[@id=\"application-managepartners-display-component---NewPartner--addressNewCostObjectCstID-vhi\"]"}
COMMAND: POST /session/58f9e8aeb115b0a6781a57b35f866581/element/f.AE3DDBF61D62EC5D164E8B5EF4A74F4D.d.238174C5AA82A8521A2507EEA4E8B1B6.e.1522/click - {}
RESULT: {}
COMMAND: GET /session/58f9e8aeb115b0a6781a57b35f866581/screenshot - {}
RESULT: {}
RESULT: undefined
COMMAND: POST /session/58f9e8aeb115b0a6781a57b35f866581/execute/async - {"script":"<script> [776 bytes]","args":[{"enterText":"10001013","selector":{"controlType":"sap.m.SearchField","properties":{"placeholder":"Search"},"searchOpenDialogs":true,"interaction":{"idSuffix":"I"}},"clearTextFirst":true,"interactionType":"ENTER_TEXT"}]}
RESULT: {"script":"<script> [776 bytes]","args":[{"enterText":"10001013","selector":{"controlType":"sap.m.SearchField","properties":{"placeholder":"Search"},"searchOpenDialogs":true,"interaction":{"idSuffix":"I"}},"clearTextFirst":true,"interactionType":"ENTER_TEXT"}]}
COMMAND: POST /session/58f9e8aeb115b0a6781a57b35f866581/actions - {"actions":[{"id":"action2","type":"key","parameters":{},"actions":[{"type":"keyDown","value":"î€‡"},{"type":"pause","duration":10},{"type":"keyUp","value":"î€‡"}]}]}
RESULT: {"actions":[{"id":"action2","type":"key","parameters":{},"actions":[{"type":"keyDown","value":"î€‡"},{"type":"pause","duration":10},{"type":"keyUp","value":"î€‡"}]}]}
COMMAND: GET /session/58f9e8aeb115b0a6781a57b35f866581/screenshot - {}
RESULT: {}
COMMAND: POST /session/58f9e8aeb115b0a6781a57b35f866581/element - {"using":"xpath","value":"//span[contains(text(), \"General Management\")]"}
RESULT: {"using":"xpath","value":"//span[contains(text(), \"General Management\")]"}
COMMAND: POST /session/58f9e8aeb115b0a6781a57b35f866581/element/f.AE3DDBF61D62EC5D164E8B5EF4A74F4D.d.238174C5AA82A8521A2507EEA4E8B1B6.e.1563/click - {}
RESULT: {}
COMMAND: GET /session/58f9e8aeb115b0a6781a57b35f866581/screenshot - {}
RESULT: {}
COMMAND: POST /session/58f9e8aeb115b0a6781a57b35f866581/element - {"using":"xpath","value":"//bdi[contains(text(), \"OK\")]"}
RESULT: {"using":"xpath","value":"//bdi[contains(text(), \"OK\")]"}
COMMAND: POST /session/58f9e8aeb115b0a6781a57b35f866581/element/f.AE3DDBF61D62EC5D164E8B5EF4A74F4D.d.238174C5AA82A8521A2507EEA4E8B1B6.e.1564/click - {}
RESULT: {}
COMMAND: GET /session/58f9e8aeb115b0a6781a57b35f866581/screenshot - {}
RESULT: {}
COMMAND: POST /session/58f9e8aeb115b0a6781a57b35f866581/element - {"using":"xpath","value":"//input[@id=\"application-managepartners-display-component---NewPartner--companyCodeComboBox-inner\"]"}
RESULT: {"using":"xpath","value":"//input[@id=\"application-managepartners-display-component---NewPartner--companyCodeComboBox-inner\"]"}
COMMAND: POST /session/58f9e8aeb115b0a6781a57b35f866581/element/f.AE3DDBF61D62EC5D164E8B5EF4A74F4D.d.238174C5AA82A8521A2507EEA4E8B1B6.e.1357/clear - {}
RESULT: {}
COMMAND: POST /session/58f9e8aeb115b0a6781a57b35f866581/element/f.AE3DDBF61D62EC5D164E8B5EF4A74F4D.d.238174C5AA82A8521A2507EEA4E8B1B6.e.1357/value - {"text":"1000"}
COMMAND: GET /session/58f9e8aeb115b0a6781a57b35f866581/screenshot - {}
RESULT: {"text":"1000"}
COMMAND: GET /session/58f9e8aeb115b0a6781a57b35f866581/screenshot - {}
RESULT: {}
RESULT: {}
COMMAND: POST /session/58f9e8aeb115b0a6781a57b35f866581/element - {"using":"xpath","value":"//li[.//span[text()= \"1000\"]]"}
RESULT: {"using":"xpath","value":"//li[.//span[text()= \"1000\"]]"}
COMMAND: POST /session/58f9e8aeb115b0a6781a57b35f866581/element/f.AE3DDBF61D62EC5D164E8B5EF4A74F4D.d.238174C5AA82A8521A2507EEA4E8B1B6.e.1570/click - {}
RESULT: {}
COMMAND: GET /session/58f9e8aeb115b0a6781a57b35f866581/screenshot - {}
RESULT: {}
COMMAND: POST /session/58f9e8aeb115b0a6781a57b35f866581/execute/async - {"script":"<script> [1562 bytes]","args":[{"selector":{"id":"application-managepartners-display-component---NewPartner--btnAddTableRow-img"},"wdio_ui5_key":"applicationmanagepartners-display-component---NewPartner--btnAddTableRow-img"}]}
RESULT: {"script":"<script> [1562 bytes]","args":[{"selector":{"id":"application-managepartners-display-component---NewPartner--btnAddTableRow-img"},"wdio_ui5_key":"applicationmanagepartners-display-component---NewPartner--btnAddTableRow-img"}]}
RESULT: undefined
COMMAND: POST /session/58f9e8aeb115b0a6781a57b35f866581/element - {"using":"xpath","value":"//*[@id=\"application-managepartners-display-component---NewPartner--btnAddTableRow-img\"]"}
RESULT: {"using":"xpath","value":"//*[@id=\"application-managepartners-display-component---NewPartner--btnAddTableRow-img\"]"}
COMMAND: POST /session/58f9e8aeb115b0a6781a57b35f866581/element/f.AE3DDBF61D62EC5D164E8B5EF4A74F4D.d.238174C5AA82A8521A2507EEA4E8B1B6.e.1571/click - {}
RESULT: {}
COMMAND: GET /session/58f9e8aeb115b0a6781a57b35f866581/screenshot - {}
RESULT: {}
COMMAND: POST /session/58f9e8aeb115b0a6781a57b35f866581/element - {"using":"xpath","value":"//input[@id=\"application-managepartners-display-component---NewPartner--assignmentYard-application-managepartners-display-component---NewPartner--assignmentsTable-0-inner\"]"}
RESULT: {"using":"xpath","value":"//input[@id=\"application-managepartners-display-component---NewPartner--assignmentYard-application-managepartners-display-component---NewPartner--assignmentsTable-0-inner\"]"}
COMMAND: POST /session/58f9e8aeb115b0a6781a57b35f866581/element/f.AE3DDBF61D62EC5D164E8B5EF4A74F4D.d.238174C5AA82A8521A2507EEA4E8B1B6.e.1574/clear - {}
RESULT: {}
COMMAND: POST /session/58f9e8aeb115b0a6781a57b35f866581/element/f.AE3DDBF61D62EC5D164E8B5EF4A74F4D.d.238174C5AA82A8521A2507EEA4E8B1B6.e.1574/value - {"text":"591"}
COMMAND: GET /session/58f9e8aeb115b0a6781a57b35f866581/screenshot - {}
RESULT: {"text":"591"}
COMMAND: GET /session/58f9e8aeb115b0a6781a57b35f866581/screenshot - {}
RESULT: {}
RESULT: {}
COMMAND: POST /session/58f9e8aeb115b0a6781a57b35f866581/element - {"using":"xpath","value":"//li[.//span[text()='591']]"}
RESULT: {"using":"xpath","value":"//li[.//span[text()='591']]"}
COMMAND: POST /session/58f9e8aeb115b0a6781a57b35f866581/element/f.AE3DDBF61D62EC5D164E8B5EF4A74F4D.d.238174C5AA82A8521A2507EEA4E8B1B6.e.1583/click - {}
RESULT: {}
COMMAND: GET /session/58f9e8aeb115b0a6781a57b35f866581/screenshot - {}
RESULT: {}
COMMAND: POST /session/58f9e8aeb115b0a6781a57b35f866581/actions - {"actions":[{"id":"action3","type":"key","parameters":{},"actions":[{"type":"keyDown","value":"î€‡"},{"type":"pause","duration":10},{"type":"keyUp","value":"î€‡"}]}]}
RESULT: {"actions":[{"id":"action3","type":"key","parameters":{},"actions":[{"type":"keyDown","value":"î€‡"},{"type":"pause","duration":10},{"type":"keyUp","value":"î€‡"}]}]}
COMMAND: POST /session/58f9e8aeb115b0a6781a57b35f866581/execute/async - {"script":"<script> [1562 bytes]","args":[{"selector":{"id":"application-managepartners-display-component---NewPartner--externalCustomerComboBox-application-managepartners-display-component---NewPartner--assignmentsTable-0-vhi"},"wdio_ui5_key":"applicationmanagepartners-display-component---NewPartner--externalCustomerComboBox-application-managepartners-display-component---NewPartner--assignmentsTable-0-vhi"}]}
COMMAND: GET /session/58f9e8aeb115b0a6781a57b35f866581/screenshot - {}
RESULT: {"script":"<script> [1562 bytes]","args":[{"selector":{"id":"application-managepartners-display-component---NewPartner--externalCustomerComboBox-application-managepartners-display-component---NewPartner--assignmentsTable-0-vhi"},"wdio_ui5_key":"applicationmanagepartners-display-component---NewPartner--externalCustomerComboBox-application-managepartners-display-component---NewPartner--assignmentsTable-0-vhi"}]}
RESULT: undefined
COMMAND: POST /session/58f9e8aeb115b0a6781a57b35f866581/element - {"using":"xpath","value":"//*[@id=\"application-managepartners-display-component---NewPartner--externalCustomerComboBox-application-managepartners-display-component---NewPartner--assignmentsTable-0-vhi\"]"}
RESULT: {}
RESULT: {"using":"xpath","value":"//*[@id=\"application-managepartners-display-component---NewPartner--externalCustomerComboBox-application-managepartners-display-component---NewPartner--assignmentsTable-0-vhi\"]"}
COMMAND: POST /session/58f9e8aeb115b0a6781a57b35f866581/element/f.AE3DDBF61D62EC5D164E8B5EF4A74F4D.d.238174C5AA82A8521A2507EEA4E8B1B6.e.1587/click - {}
RESULT: {}
RESULT: undefined
COMMAND: POST /session/58f9e8aeb115b0a6781a57b35f866581/execute/async - {"script":"<script> [776 bytes]","args":[{"enterText":"300003","selector":{"controlType":"sap.m.SearchField","properties":{"placeholder":"Search"},"searchOpenDialogs":true,"interaction":{"idSuffix":"I"}},"clearTextFirst":true,"interactionType":"ENTER_TEXT"}]}
COMMAND: GET /session/58f9e8aeb115b0a6781a57b35f866581/screenshot - {}
RESULT: {"script":"<script> [776 bytes]","args":[{"enterText":"300003","selector":{"controlType":"sap.m.SearchField","properties":{"placeholder":"Search"},"searchOpenDialogs":true,"interaction":{"idSuffix":"I"}},"clearTextFirst":true,"interactionType":"ENTER_TEXT"}]}
COMMAND: POST /session/58f9e8aeb115b0a6781a57b35f866581/actions - {"actions":[{"id":"action4","type":"key","parameters":{},"actions":[{"type":"keyDown","value":"î€‡"},{"type":"pause","duration":10},{"type":"keyUp","value":"î€‡"}]}]}
RESULT: {}
RESULT: {"actions":[{"id":"action4","type":"key","parameters":{},"actions":[{"type":"keyDown","value":"î€‡"},{"type":"pause","duration":10},{"type":"keyUp","value":"î€‡"}]}]}
COMMAND: GET /session/58f9e8aeb115b0a6781a57b35f866581/screenshot - {}
RESULT: {}
COMMAND: POST /session/58f9e8aeb115b0a6781a57b35f866581/element - {"using":"xpath","value":"//span[contains(text(), \"300003\")]"}
RESULT: {"using":"xpath","value":"//span[contains(text(), \"300003\")]"}
COMMAND: POST /session/58f9e8aeb115b0a6781a57b35f866581/element/f.AE3DDBF61D62EC5D164E8B5EF4A74F4D.d.238174C5AA82A8521A2507EEA4E8B1B6.e.1605/click - {}
RESULT: {}
COMMAND: GET /session/58f9e8aeb115b0a6781a57b35f866581/screenshot - {}
RESULT: {}
COMMAND: POST /session/58f9e8aeb115b0a6781a57b35f866581/element - {"using":"xpath","value":"//bdi[contains(text(), \"OK\")]"}
RESULT: {"using":"xpath","value":"//bdi[contains(text(), \"OK\")]"}
COMMAND: POST /session/58f9e8aeb115b0a6781a57b35f866581/element/f.AE3DDBF61D62EC5D164E8B5EF4A74F4D.d.238174C5AA82A8521A2507EEA4E8B1B6.e.1607/click - {}
RESULT: {}
COMMAND: GET /session/58f9e8aeb115b0a6781a57b35f866581/screenshot - {}
COMMAND: POST /session/58f9e8aeb115b0a6781a57b35f866581/execute/async - {"script":"<script> [1562 bytes]","args":[{"selector":{"id":"application-managepartners-display-component---NewPartner--intercompVendorComboBox-application-managepartners-display-component---NewPartner--assignmentsTable-0-vhi"},"wdio_ui5_key":"applicationmanagepartners-display-component---NewPartner--intercompVendorComboBox-application-managepartners-display-component---NewPartner--assignmentsTable-0-vhi"}]}
RESULT: {}
RESULT: {"script":"<script> [1562 bytes]","args":[{"selector":{"id":"application-managepartners-display-component---NewPartner--intercompVendorComboBox-application-managepartners-display-component---NewPartner--assignmentsTable-0-vhi"},"wdio_ui5_key":"applicationmanagepartners-display-component---NewPartner--intercompVendorComboBox-application-managepartners-display-component---NewPartner--assignmentsTable-0-vhi"}]}
RESULT: undefined
COMMAND: POST /session/58f9e8aeb115b0a6781a57b35f866581/element - {"using":"xpath","value":"//*[@id=\"application-managepartners-display-component---NewPartner--intercompVendorComboBox-application-managepartners-display-component---NewPartner--assignmentsTable-0-vhi\"]"}
RESULT: {"using":"xpath","value":"//*[@id=\"application-managepartners-display-component---NewPartner--intercompVendorComboBox-application-managepartners-display-component---NewPartner--assignmentsTable-0-vhi\"]"}
COMMAND: POST /session/58f9e8aeb115b0a6781a57b35f866581/element/f.AE3DDBF61D62EC5D164E8B5EF4A74F4D.d.238174C5AA82A8521A2507EEA4E8B1B6.e.1611/click - {}
RESULT: {}
RESULT: undefined
COMMAND: POST /session/58f9e8aeb115b0a6781a57b35f866581/execute/async - {"script":"<script> [776 bytes]","args":[{"enterText":"100005","selector":{"controlType":"sap.m.SearchField","properties":{"placeholder":"Search"},"searchOpenDialogs":true,"interaction":{"idSuffix":"I"}},"clearTextFirst":true,"interactionType":"ENTER_TEXT"}]}
COMMAND: GET /session/58f9e8aeb115b0a6781a57b35f866581/screenshot - {}
RESULT: {}
RESULT: {"script":"<script> [776 bytes]","args":[{"enterText":"100005","selector":{"controlType":"sap.m.SearchField","properties":{"placeholder":"Search"},"searchOpenDialogs":true,"interaction":{"idSuffix":"I"}},"clearTextFirst":true,"interactionType":"ENTER_TEXT"}]}
COMMAND: POST /session/58f9e8aeb115b0a6781a57b35f866581/actions - {"actions":[{"id":"action5","type":"key","parameters":{},"actions":[{"type":"keyDown","value":"î€‡"},{"type":"pause","duration":10},{"type":"keyUp","value":"î€‡"}]}]}
RESULT: {"actions":[{"id":"action5","type":"key","parameters":{},"actions":[{"type":"keyDown","value":"î€‡"},{"type":"pause","duration":10},{"type":"keyUp","value":"î€‡"}]}]}
COMMAND: GET /session/58f9e8aeb115b0a6781a57b35f866581/screenshot - {}
RESULT: {}
COMMAND: POST /session/58f9e8aeb115b0a6781a57b35f866581/element - {"using":"xpath","value":"//span[contains(text(), \"Penguins - Field/12345 Berlin\")]"}
RESULT: {"using":"xpath","value":"//span[contains(text(), \"Penguins - Field/12345 Berlin\")]"}
COMMAND: POST /session/58f9e8aeb115b0a6781a57b35f866581/element/f.AE3DDBF61D62EC5D164E8B5EF4A74F4D.d.238174C5AA82A8521A2507EEA4E8B1B6.e.1629/click - {}
RESULT: {}
COMMAND: GET /session/58f9e8aeb115b0a6781a57b35f866581/screenshot - {}
RESULT: {}
COMMAND: POST /session/58f9e8aeb115b0a6781a57b35f866581/element - {"using":"xpath","value":"//bdi[contains(text(), \"OK\")]"}
RESULT: {"using":"xpath","value":"//bdi[contains(text(), \"OK\")]"}
COMMAND: POST /session/58f9e8aeb115b0a6781a57b35f866581/element/f.AE3DDBF61D62EC5D164E8B5EF4A74F4D.d.238174C5AA82A8521A2507EEA4E8B1B6.e.1630/click - {}
RESULT: {}
COMMAND: GET /session/58f9e8aeb115b0a6781a57b35f866581/screenshot - {}
RESULT: {}
COMMAND: POST /session/58f9e8aeb115b0a6781a57b35f866581/element - {"using":"xpath","value":"//button[@data-kt=\"saveButton\"]"}
RESULT: {"using":"xpath","value":"//button[@data-kt=\"saveButton\"]"}
COMMAND: POST /session/58f9e8aeb115b0a6781a57b35f866581/element/f.AE3DDBF61D62EC5D164E8B5EF4A74F4D.d.238174C5AA82A8521A2507EEA4E8B1B6.e.1432/click - {}
RESULT: {}
COMMAND: GET /session/58f9e8aeb115b0a6781a57b35f866581/screenshot - {}
RESULT: {}
COMMAND: POST /session/58f9e8aeb115b0a6781a57b35f866581/element - {"using":"xpath","value":"//header[contains(@id, 'ObjectPageLayout-headerTitle')]/div[1]/div[2]/div[2]/span[1]"}
RESULT: {"using":"xpath","value":"//header[contains(@id, 'ObjectPageLayout-headerTitle')]/div[1]/div[2]/div[2]/span[1]"}
COMMAND: POST /session/58f9e8aeb115b0a6781a57b35f866581/elements - {"using":"xpath","value":"//header[contains(@id, 'ObjectPageLayout-headerTitle')]/div[1]/div[2]/div[2]/span[1]"}
RESULT: {"using":"xpath","value":"//header[contains(@id, 'ObjectPageLayout-headerTitle')]/div[1]/div[2]/div[2]/span[1]"}
COMMAND: POST /session/58f9e8aeb115b0a6781a57b35f866581/execute/sync - {"script":"<script> [56 bytes]","args":[{"element-6066-11e4-a52e-4f735466cecf":"f.AE3DDBF61D62EC5D164E8B5EF4A74F4D.d.238174C5AA82A8521A2507EEA4E8B1B6.e.1796","ELEMENT":"f.AE3DDBF61D62EC5D164E8B5EF4A74F4D.d.238174C5AA82A8521A2507EEA4E8B1B6.e.1796"}]}
RESULT: {"script":"<script> [56 bytes]","args":[{"element-6066-11e4-a52e-4f735466cecf":"f.AE3DDBF61D62EC5D164E8B5EF4A74F4D.d.238174C5AA82A8521A2507EEA4E8B1B6.e.1796","ELEMENT":"f.AE3DDBF61D62EC5D164E8B5EF4A74F4D.d.238174C5AA82A8521A2507EEA4E8B1B6.e.1796"}]}
COMMAND: POST /session/58f9e8aeb115b0a6781a57b35f866581/element - {"using":"css selector","value":"#shell-header-logo"}
COMMAND: GET /session/58f9e8aeb115b0a6781a57b35f866581/screenshot - {}
RESULT: {"using":"css selector","value":"#shell-header-logo"}
COMMAND: POST /session/58f9e8aeb115b0a6781a57b35f866581/element/f.AE3DDBF61D62EC5D164E8B5EF4A74F4D.d.238174C5AA82A8521A2507EEA4E8B1B6.e.1010/click - {}
RESULT: {}
RESULT: {}
COMMAND: GET /session/58f9e8aeb115b0a6781a57b35f866581/screenshot - {}
RESULT: {}
COMMAND: POST /session/58f9e8aeb115b0a6781a57b35f866581/execute/sync - {"script":"<script> [299 bytes]","args":[["getModel","getResource"]]}
RESULT: {"script":"<script> [299 bytes]","args":[["getModel","getResource"]]}
]]></system-out>
    </testcase>
    <testcase classname="chrome.136_0_7103_93.windows.Prerequisites_&amp;_test_for_yard_mass_return_on_Yard_Overview_US131057" name="Prereq Should create a new site" time="126.008">
      <system-out><![CDATA[
COMMAND: GET /session/58f9e8aeb115b0a6781a57b35f866581/screenshot - {}
COMMAND: POST /session/58f9e8aeb115b0a6781a57b35f866581/execute/async - {"script":"<script> [1562 bytes]","args":[{"selector":{"controlType":"sap.m.GenericTile","properties":{"header":"Manage Sites"}},"wdio_ui5_key":"sapm.GenericTile{\"header\":\"Manage Sites\"}"}]}
RESULT: {}
RESULT: {"script":"<script> [1562 bytes]","args":[{"selector":{"controlType":"sap.m.GenericTile","properties":{"header":"Manage Sites"}},"wdio_ui5_key":"sapm.GenericTile{\"header\":\"Manage Sites\"}"}]}
RESULT: undefined
COMMAND: POST /session/58f9e8aeb115b0a6781a57b35f866581/element - {"using":"xpath","value":"//*[@id=\"__tile40\"]"}
RESULT: {"using":"xpath","value":"//*[@id=\"__tile40\"]"}
COMMAND: POST /session/58f9e8aeb115b0a6781a57b35f866581/element/f.AE3DDBF61D62EC5D164E8B5EF4A74F4D.d.238174C5AA82A8521A2507EEA4E8B1B6.e.154/click - {}
RESULT: {}
COMMAND: GET /session/58f9e8aeb115b0a6781a57b35f866581/screenshot - {}
RESULT: {}
COMMAND: POST /session/58f9e8aeb115b0a6781a57b35f866581/elements - {"using":"xpath","value":"//span[text()='Error']"}
RESULT: {"using":"xpath","value":"//span[text()='Error']"}
COMMAND: POST /session/58f9e8aeb115b0a6781a57b35f866581/element - {"using":"xpath","value":"//button[@data-kt=\"addOverflowToolbarButton\"]"}
RESULT: {"using":"xpath","value":"//button[@data-kt=\"addOverflowToolbarButton\"]"}
COMMAND: POST /session/58f9e8aeb115b0a6781a57b35f866581/elements - {"using":"xpath","value":"//button[@data-kt=\"addOverflowToolbarButton\"]"}
RESULT: {"using":"xpath","value":"//button[@data-kt=\"addOverflowToolbarButton\"]"}
COMMAND: POST /session/58f9e8aeb115b0a6781a57b35f866581/execute/sync - {"script":"<script> [8489 bytes]","args":[{"element-6066-11e4-a52e-4f735466cecf":"f.AE3DDBF61D62EC5D164E8B5EF4A74F4D.d.238174C5AA82A8521A2507EEA4E8B1B6.e.1843","ELEMENT":"f.AE3DDBF61D62EC5D164E8B5EF4A74F4D.d.238174C5AA82A8521A2507EEA4E8B1B6.e.1843"}]}
RESULT: {"script":"<script> [8489 bytes]","args":[{"element-6066-11e4-a52e-4f735466cecf":"f.AE3DDBF61D62EC5D164E8B5EF4A74F4D.d.238174C5AA82A8521A2507EEA4E8B1B6.e.1843","ELEMENT":"f.AE3DDBF61D62EC5D164E8B5EF4A74F4D.d.238174C5AA82A8521A2507EEA4E8B1B6.e.1843"}]}
COMMAND: GET /session/58f9e8aeb115b0a6781a57b35f866581/element/f.AE3DDBF61D62EC5D164E8B5EF4A74F4D.d.238174C5AA82A8521A2507EEA4E8B1B6.e.1843/enabled - {}
COMMAND: GET /session/58f9e8aeb115b0a6781a57b35f866581/screenshot - {}
RESULT: {}
COMMAND: POST /session/58f9e8aeb115b0a6781a57b35f866581/execute/sync - {"script":"<script> [8489 bytes]","args":[{"element-6066-11e4-a52e-4f735466cecf":"f.AE3DDBF61D62EC5D164E8B5EF4A74F4D.d.238174C5AA82A8521A2507EEA4E8B1B6.e.1843","ELEMENT":"f.AE3DDBF61D62EC5D164E8B5EF4A74F4D.d.238174C5AA82A8521A2507EEA4E8B1B6.e.1843"}]}
COMMAND: GET /session/58f9e8aeb115b0a6781a57b35f866581/screenshot - {}
RESULT: {}
RESULT: {"script":"<script> [8489 bytes]","args":[{"element-6066-11e4-a52e-4f735466cecf":"f.AE3DDBF61D62EC5D164E8B5EF4A74F4D.d.238174C5AA82A8521A2507EEA4E8B1B6.e.1843","ELEMENT":"f.AE3DDBF61D62EC5D164E8B5EF4A74F4D.d.238174C5AA82A8521A2507EEA4E8B1B6.e.1843"}]}
COMMAND: POST /session/58f9e8aeb115b0a6781a57b35f866581/execute/sync - {"script":"<script> [5351 bytes]","args":[{"element-6066-11e4-a52e-4f735466cecf":"f.AE3DDBF61D62EC5D164E8B5EF4A74F4D.d.238174C5AA82A8521A2507EEA4E8B1B6.e.1843","ELEMENT":"f.AE3DDBF61D62EC5D164E8B5EF4A74F4D.d.238174C5AA82A8521A2507EEA4E8B1B6.e.1843"}]}
COMMAND: GET /session/58f9e8aeb115b0a6781a57b35f866581/screenshot - {}
RESULT: {}
RESULT: {"script":"<script> [5351 bytes]","args":[{"element-6066-11e4-a52e-4f735466cecf":"f.AE3DDBF61D62EC5D164E8B5EF4A74F4D.d.238174C5AA82A8521A2507EEA4E8B1B6.e.1843","ELEMENT":"f.AE3DDBF61D62EC5D164E8B5EF4A74F4D.d.238174C5AA82A8521A2507EEA4E8B1B6.e.1843"}]}
COMMAND: POST /session/58f9e8aeb115b0a6781a57b35f866581/element/f.AE3DDBF61D62EC5D164E8B5EF4A74F4D.d.238174C5AA82A8521A2507EEA4E8B1B6.e.1843/click - {}
COMMAND: GET /session/58f9e8aeb115b0a6781a57b35f866581/screenshot - {}
RESULT: {}
RESULT: {}
COMMAND: GET /session/58f9e8aeb115b0a6781a57b35f866581/screenshot - {}
COMMAND: POST /session/58f9e8aeb115b0a6781a57b35f866581/element - {"using":"xpath","value":"//input[@id=\"application-managesites-display-component---NewSite--siteId-inner\"]"}
RESULT: {}
RESULT: {}
RESULT: {"using":"xpath","value":"//input[@id=\"application-managesites-display-component---NewSite--siteId-inner\"]"}
COMMAND: POST /session/58f9e8aeb115b0a6781a57b35f866581/element - {"using":"xpath","value":"//input[@id=\"application-managesites-display-component---NewSite--siteId-inner\"]"}
RESULT: {"using":"xpath","value":"//input[@id=\"application-managesites-display-component---NewSite--siteId-inner\"]"}
COMMAND: POST /session/58f9e8aeb115b0a6781a57b35f866581/execute/async - {"script":"<script> [1562 bytes]","args":[{"selector":{"id":"application-managesites-display-component---NewSite--addressDetailDetailsName1","interaction":{"idSuffix":"inner"}},"wdio_ui5_key":"applicationmanagesites-display-component---NewSite--addressDetailDetailsName1"}]}
RESULT: {"script":"<script> [1562 bytes]","args":[{"selector":{"id":"application-managesites-display-component---NewSite--addressDetailDetailsName1","interaction":{"idSuffix":"inner"}},"wdio_ui5_key":"applicationmanagesites-display-component---NewSite--addressDetailDetailsName1"}]}
RESULT: undefined
COMMAND: POST /session/58f9e8aeb115b0a6781a57b35f866581/execute/async - {"script":"<script> [776 bytes]","args":[{"enterText":"Intracompany Site wdIO","selector":{"id":"application-managesites-display-component---NewSite--addressDetailDetailsName1","interaction":{"idSuffix":"inner"}},"clearTextFirst":true,"interactionType":"ENTER_TEXT"}]}
RESULT: {"script":"<script> [776 bytes]","args":[{"enterText":"Intracompany Site wdIO","selector":{"id":"application-managesites-display-component---NewSite--addressDetailDetailsName1","interaction":{"idSuffix":"inner"}},"clearTextFirst":true,"interactionType":"ENTER_TEXT"}]}
COMMAND: POST /session/58f9e8aeb115b0a6781a57b35f866581/execute/async - {"script":"<script> [1562 bytes]","args":[{"selector":{"id":"application-managesites-display-component---NewSite--addressDetailDetailsLanguage-arrow"},"wdio_ui5_key":"applicationmanagesites-display-component---NewSite--addressDetailDetailsLanguage-arrow"}]}
RESULT: {"script":"<script> [1562 bytes]","args":[{"selector":{"id":"application-managesites-display-component---NewSite--addressDetailDetailsLanguage-arrow"},"wdio_ui5_key":"applicationmanagesites-display-component---NewSite--addressDetailDetailsLanguage-arrow"}]}
RESULT: undefined
COMMAND: POST /session/58f9e8aeb115b0a6781a57b35f866581/element - {"using":"xpath","value":"//*[@id=\"application-managesites-display-component---NewSite--addressDetailDetailsLanguage-arrow\"]"}
RESULT: {"using":"xpath","value":"//*[@id=\"application-managesites-display-component---NewSite--addressDetailDetailsLanguage-arrow\"]"}
COMMAND: POST /session/58f9e8aeb115b0a6781a57b35f866581/element/f.AE3DDBF61D62EC5D164E8B5EF4A74F4D.d.238174C5AA82A8521A2507EEA4E8B1B6.e.2248/click - {}
RESULT: {}
COMMAND: POST /session/58f9e8aeb115b0a6781a57b35f866581/element - {"using":"xpath","value":"//span[contains(text(), \"English\")]"}
COMMAND: GET /session/58f9e8aeb115b0a6781a57b35f866581/screenshot - {}
RESULT: {"using":"xpath","value":"//span[contains(text(), \"English\")]"}
COMMAND: POST /session/58f9e8aeb115b0a6781a57b35f866581/element/f.AE3DDBF61D62EC5D164E8B5EF4A74F4D.d.238174C5AA82A8521A2507EEA4E8B1B6.e.2249/click - {}
RESULT: {}
RESULT: {}
COMMAND: POST /session/58f9e8aeb115b0a6781a57b35f866581/execute/async - {"script":"<script> [1562 bytes]","args":[{"selector":{"id":"application-managesites-display-component---NewSite--addressDetailDetailsCity1","interaction":{"idSuffix":"inner"}},"wdio_ui5_key":"applicationmanagesites-display-component---NewSite--addressDetailDetailsCity1"}]}
COMMAND: GET /session/58f9e8aeb115b0a6781a57b35f866581/screenshot - {}
RESULT: {"script":"<script> [1562 bytes]","args":[{"selector":{"id":"application-managesites-display-component---NewSite--addressDetailDetailsCity1","interaction":{"idSuffix":"inner"}},"wdio_ui5_key":"applicationmanagesites-display-component---NewSite--addressDetailDetailsCity1"}]}
RESULT: undefined
COMMAND: POST /session/58f9e8aeb115b0a6781a57b35f866581/execute/async - {"script":"<script> [776 bytes]","args":[{"enterText":"Rosario","selector":{"id":"application-managesites-display-component---NewSite--addressDetailDetailsCity1","interaction":{"idSuffix":"inner"}},"clearTextFirst":true,"interactionType":"ENTER_TEXT"}]}
RESULT: {}
RESULT: {"script":"<script> [776 bytes]","args":[{"enterText":"Rosario","selector":{"id":"application-managesites-display-component---NewSite--addressDetailDetailsCity1","interaction":{"idSuffix":"inner"}},"clearTextFirst":true,"interactionType":"ENTER_TEXT"}]}
COMMAND: POST /session/58f9e8aeb115b0a6781a57b35f866581/execute/async - {"script":"<script> [1562 bytes]","args":[{"selector":{"id":"application-managesites-display-component---NewSite--addressDetailDetailsCountry-arrow"},"wdio_ui5_key":"applicationmanagesites-display-component---NewSite--addressDetailDetailsCountry-arrow"}]}
RESULT: {"script":"<script> [1562 bytes]","args":[{"selector":{"id":"application-managesites-display-component---NewSite--addressDetailDetailsCountry-arrow"},"wdio_ui5_key":"applicationmanagesites-display-component---NewSite--addressDetailDetailsCountry-arrow"}]}
RESULT: undefined
COMMAND: POST /session/58f9e8aeb115b0a6781a57b35f866581/element - {"using":"xpath","value":"//*[@id=\"application-managesites-display-component---NewSite--addressDetailDetailsCountry-arrow\"]"}
RESULT: {"using":"xpath","value":"//*[@id=\"application-managesites-display-component---NewSite--addressDetailDetailsCountry-arrow\"]"}
COMMAND: POST /session/58f9e8aeb115b0a6781a57b35f866581/element/f.AE3DDBF61D62EC5D164E8B5EF4A74F4D.d.238174C5AA82A8521A2507EEA4E8B1B6.e.2251/click - {}
RESULT: {}
COMMAND: POST /session/58f9e8aeb115b0a6781a57b35f866581/element - {"using":"xpath","value":"//span[contains(text(), \"Argentina\")]"}
COMMAND: GET /session/58f9e8aeb115b0a6781a57b35f866581/screenshot - {}
RESULT: {"using":"xpath","value":"//span[contains(text(), \"Argentina\")]"}
COMMAND: POST /session/58f9e8aeb115b0a6781a57b35f866581/element/f.AE3DDBF61D62EC5D164E8B5EF4A74F4D.d.238174C5AA82A8521A2507EEA4E8B1B6.e.2253/click - {}
RESULT: {}
RESULT: {}
COMMAND: GET /session/58f9e8aeb115b0a6781a57b35f866581/screenshot - {}
RESULT: {}
COMMAND: POST /session/58f9e8aeb115b0a6781a57b35f866581/execute/async - {"script":"<script> [1562 bytes]","args":[{"selector":{"id":"application-managesites-display-component---NewSite--addressEditDetailsCostObjectCstType-arrow"},"wdio_ui5_key":"applicationmanagesites-display-component---NewSite--addressEditDetailsCostObjectCstType-arrow"}]}
RESULT: {"script":"<script> [1562 bytes]","args":[{"selector":{"id":"application-managesites-display-component---NewSite--addressEditDetailsCostObjectCstType-arrow"},"wdio_ui5_key":"applicationmanagesites-display-component---NewSite--addressEditDetailsCostObjectCstType-arrow"}]}
RESULT: undefined
COMMAND: POST /session/58f9e8aeb115b0a6781a57b35f866581/element - {"using":"xpath","value":"//*[@id=\"application-managesites-display-component---NewSite--addressEditDetailsCostObjectCstType-arrow\"]"}
RESULT: {"using":"xpath","value":"//*[@id=\"application-managesites-display-component---NewSite--addressEditDetailsCostObjectCstType-arrow\"]"}
COMMAND: POST /session/58f9e8aeb115b0a6781a57b35f866581/element/f.AE3DDBF61D62EC5D164E8B5EF4A74F4D.d.238174C5AA82A8521A2507EEA4E8B1B6.e.2254/click - {}
RESULT: {}
COMMAND: POST /session/58f9e8aeb115b0a6781a57b35f866581/element - {"using":"xpath","value":"//span[contains(text(), \"Cost Center\")]"}
COMMAND: GET /session/58f9e8aeb115b0a6781a57b35f866581/screenshot - {}
RESULT: {"using":"xpath","value":"//span[contains(text(), \"Cost Center\")]"}
COMMAND: POST /session/58f9e8aeb115b0a6781a57b35f866581/element/f.AE3DDBF61D62EC5D164E8B5EF4A74F4D.d.238174C5AA82A8521A2507EEA4E8B1B6.e.2255/click - {}
RESULT: {}
RESULT: {}
COMMAND: GET /session/58f9e8aeb115b0a6781a57b35f866581/screenshot - {}
RESULT: {}
COMMAND: POST /session/58f9e8aeb115b0a6781a57b35f866581/element - {"using":"xpath","value":"//span[@id=\"application-managesites-display-component---NewSite--addressNewCostObjectCstID-vhi\"]"}
RESULT: {"using":"xpath","value":"//span[@id=\"application-managesites-display-component---NewSite--addressNewCostObjectCstID-vhi\"]"}
COMMAND: POST /session/58f9e8aeb115b0a6781a57b35f866581/execute/sync - {"script":"<script> [8489 bytes]","args":[{"element-6066-11e4-a52e-4f735466cecf":"f.AE3DDBF61D62EC5D164E8B5EF4A74F4D.d.238174C5AA82A8521A2507EEA4E8B1B6.e.2260","ELEMENT":"f.AE3DDBF61D62EC5D164E8B5EF4A74F4D.d.238174C5AA82A8521A2507EEA4E8B1B6.e.2260"}]}
RESULT: {"script":"<script> [8489 bytes]","args":[{"element-6066-11e4-a52e-4f735466cecf":"f.AE3DDBF61D62EC5D164E8B5EF4A74F4D.d.238174C5AA82A8521A2507EEA4E8B1B6.e.2260","ELEMENT":"f.AE3DDBF61D62EC5D164E8B5EF4A74F4D.d.238174C5AA82A8521A2507EEA4E8B1B6.e.2260"}]}
COMMAND: POST /session/58f9e8aeb115b0a6781a57b35f866581/execute/async - {"script":"<script> [1562 bytes]","args":[{"selector":{"id":"application-managesites-display-component---NewSite--addressNewCostObjectCstID-vhi"},"wdio_ui5_key":"applicationmanagesites-display-component---NewSite--addressNewCostObjectCstID-vhi"}]}
COMMAND: GET /session/58f9e8aeb115b0a6781a57b35f866581/screenshot - {}
RESULT: {"script":"<script> [1562 bytes]","args":[{"selector":{"id":"application-managesites-display-component---NewSite--addressNewCostObjectCstID-vhi"},"wdio_ui5_key":"applicationmanagesites-display-component---NewSite--addressNewCostObjectCstID-vhi"}]}
RESULT: undefined
COMMAND: POST /session/58f9e8aeb115b0a6781a57b35f866581/element - {"using":"xpath","value":"//*[@id=\"application-managesites-display-component---NewSite--addressNewCostObjectCstID-vhi\"]"}
RESULT: {}
RESULT: {"using":"xpath","value":"//*[@id=\"application-managesites-display-component---NewSite--addressNewCostObjectCstID-vhi\"]"}
COMMAND: POST /session/58f9e8aeb115b0a6781a57b35f866581/element/f.AE3DDBF61D62EC5D164E8B5EF4A74F4D.d.238174C5AA82A8521A2507EEA4E8B1B6.e.2260/click - {}
RESULT: {}
COMMAND: GET /session/58f9e8aeb115b0a6781a57b35f866581/screenshot - {}
RESULT: {}
RESULT: undefined
COMMAND: POST /session/58f9e8aeb115b0a6781a57b35f866581/execute/async - {"script":"<script> [776 bytes]","args":[{"enterText":"10001013","selector":{"controlType":"sap.m.SearchField","properties":{"placeholder":"Search"},"searchOpenDialogs":true,"interaction":{"idSuffix":"I"}},"clearTextFirst":true,"interactionType":"ENTER_TEXT"}]}
RESULT: {"script":"<script> [776 bytes]","args":[{"enterText":"10001013","selector":{"controlType":"sap.m.SearchField","properties":{"placeholder":"Search"},"searchOpenDialogs":true,"interaction":{"idSuffix":"I"}},"clearTextFirst":true,"interactionType":"ENTER_TEXT"}]}
COMMAND: POST /session/58f9e8aeb115b0a6781a57b35f866581/actions - {"actions":[{"id":"action6","type":"key","parameters":{},"actions":[{"type":"keyDown","value":"î€‡"},{"type":"pause","duration":10},{"type":"keyUp","value":"î€‡"}]}]}
RESULT: {"actions":[{"id":"action6","type":"key","parameters":{},"actions":[{"type":"keyDown","value":"î€‡"},{"type":"pause","duration":10},{"type":"keyUp","value":"î€‡"}]}]}
COMMAND: GET /session/58f9e8aeb115b0a6781a57b35f866581/screenshot - {}
RESULT: {}
COMMAND: POST /session/58f9e8aeb115b0a6781a57b35f866581/element - {"using":"xpath","value":"//span[contains(text(), \"General Management\")]"}
RESULT: {"using":"xpath","value":"//span[contains(text(), \"General Management\")]"}
COMMAND: POST /session/58f9e8aeb115b0a6781a57b35f866581/element/f.AE3DDBF61D62EC5D164E8B5EF4A74F4D.d.238174C5AA82A8521A2507EEA4E8B1B6.e.2300/click - {}
RESULT: {}
COMMAND: GET /session/58f9e8aeb115b0a6781a57b35f866581/screenshot - {}
RESULT: {}
COMMAND: POST /session/58f9e8aeb115b0a6781a57b35f866581/element - {"using":"xpath","value":"//bdi[contains(text(), \"OK\")]"}
RESULT: {"using":"xpath","value":"//bdi[contains(text(), \"OK\")]"}
COMMAND: POST /session/58f9e8aeb115b0a6781a57b35f866581/element/f.AE3DDBF61D62EC5D164E8B5EF4A74F4D.d.238174C5AA82A8521A2507EEA4E8B1B6.e.2301/click - {}
RESULT: {}
COMMAND: GET /session/58f9e8aeb115b0a6781a57b35f866581/screenshot - {}
RESULT: {}
COMMAND: POST /session/58f9e8aeb115b0a6781a57b35f866581/element - {"using":"xpath","value":"//input[@id=\"application-managesites-display-component---NewSite--addressDetailDetailsCalendar-inner\"]"}
RESULT: {"using":"xpath","value":"//input[@id=\"application-managesites-display-component---NewSite--addressDetailDetailsCalendar-inner\"]"}
COMMAND: POST /session/58f9e8aeb115b0a6781a57b35f866581/element/f.AE3DDBF61D62EC5D164E8B5EF4A74F4D.d.238174C5AA82A8521A2507EEA4E8B1B6.e.2045/clear - {}
RESULT: {}
COMMAND: POST /session/58f9e8aeb115b0a6781a57b35f866581/element/f.AE3DDBF61D62EC5D164E8B5EF4A74F4D.d.238174C5AA82A8521A2507EEA4E8B1B6.e.2045/value - {"text":"Unit"}
COMMAND: GET /session/58f9e8aeb115b0a6781a57b35f866581/screenshot - {}
RESULT: {"text":"Unit"}
COMMAND: GET /session/58f9e8aeb115b0a6781a57b35f866581/screenshot - {}
RESULT: {}
RESULT: {}
COMMAND: POST /session/58f9e8aeb115b0a6781a57b35f866581/actions - {"actions":[{"id":"action7","type":"key","parameters":{},"actions":[{"type":"keyDown","value":"î€‡"},{"type":"pause","duration":10},{"type":"keyUp","value":"î€‡"}]}]}
RESULT: {"actions":[{"id":"action7","type":"key","parameters":{},"actions":[{"type":"keyDown","value":"î€‡"},{"type":"pause","duration":10},{"type":"keyUp","value":"î€‡"}]}]}
COMMAND: POST /session/58f9e8aeb115b0a6781a57b35f866581/element - {"using":"xpath","value":"//input[@id=\"application-managesites-display-component---NewSite--addressDetailDetailsYard-inner\"]"}
RESULT: {"using":"xpath","value":"//input[@id=\"application-managesites-display-component---NewSite--addressDetailDetailsYard-inner\"]"}
COMMAND: POST /session/58f9e8aeb115b0a6781a57b35f866581/element/f.AE3DDBF61D62EC5D164E8B5EF4A74F4D.d.238174C5AA82A8521A2507EEA4E8B1B6.e.2046/clear - {}
RESULT: {}
COMMAND: POST /session/58f9e8aeb115b0a6781a57b35f866581/element/f.AE3DDBF61D62EC5D164E8B5EF4A74F4D.d.238174C5AA82A8521A2507EEA4E8B1B6.e.2046/value - {"text":"591"}
COMMAND: GET /session/58f9e8aeb115b0a6781a57b35f866581/screenshot - {}
COMMAND: GET /session/58f9e8aeb115b0a6781a57b35f866581/screenshot - {}
RESULT: {"text":"591"}
COMMAND: GET /session/58f9e8aeb115b0a6781a57b35f866581/screenshot - {}
RESULT: {}
RESULT: {}
RESULT: {}
COMMAND: POST /session/58f9e8aeb115b0a6781a57b35f866581/element - {"using":"xpath","value":"//li[.//span[text()='591']]"}
RESULT: {"using":"xpath","value":"//li[.//span[text()='591']]"}
COMMAND: POST /session/58f9e8aeb115b0a6781a57b35f866581/element/f.AE3DDBF61D62EC5D164E8B5EF4A74F4D.d.238174C5AA82A8521A2507EEA4E8B1B6.e.2309/click - {}
RESULT: {}
COMMAND: GET /session/58f9e8aeb115b0a6781a57b35f866581/screenshot - {}
RESULT: {}
COMMAND: POST /session/58f9e8aeb115b0a6781a57b35f866581/element - {"using":"xpath","value":"//input[@id=\"application-managesites-display-component---NewSite--addressDetailDetailsPartner-inner\"]"}
RESULT: {"using":"xpath","value":"//input[@id=\"application-managesites-display-component---NewSite--addressDetailDetailsPartner-inner\"]"}
COMMAND: POST /session/58f9e8aeb115b0a6781a57b35f866581/element - {"using":"xpath","value":"//input[@id=\"application-managesites-display-component---NewSite--addressDetailDetailsPartner-inner\"]"}
RESULT: {"using":"xpath","value":"//input[@id=\"application-managesites-display-component---NewSite--addressDetailDetailsPartner-inner\"]"}
COMMAND: POST /session/58f9e8aeb115b0a6781a57b35f866581/element - {"using":"xpath","value":"//button[@data-kt=\"saveButton\"]"}
RESULT: {"using":"xpath","value":"//button[@data-kt=\"saveButton\"]"}
COMMAND: POST /session/58f9e8aeb115b0a6781a57b35f866581/element/f.AE3DDBF61D62EC5D164E8B5EF4A74F4D.d.238174C5AA82A8521A2507EEA4E8B1B6.e.2241/click - {}
RESULT: {}
COMMAND: GET /session/58f9e8aeb115b0a6781a57b35f866581/screenshot - {}
RESULT: {}
COMMAND: POST /session/58f9e8aeb115b0a6781a57b35f866581/element - {"using":"xpath","value":"//header[contains(@id, 'ObjectPageLayout-headerTitle')]/div[1]/div[2]/div[2]/span[1]"}
RESULT: {"using":"xpath","value":"//header[contains(@id, 'ObjectPageLayout-headerTitle')]/div[1]/div[2]/div[2]/span[1]"}
COMMAND: POST /session/58f9e8aeb115b0a6781a57b35f866581/elements - {"using":"xpath","value":"//header[contains(@id, 'ObjectPageLayout-headerTitle')]/div[1]/div[2]/div[2]/span[1]"}
RESULT: {"using":"xpath","value":"//header[contains(@id, 'ObjectPageLayout-headerTitle')]/div[1]/div[2]/div[2]/span[1]"}
COMMAND: POST /session/58f9e8aeb115b0a6781a57b35f866581/execute/sync - {"script":"<script> [56 bytes]","args":[{"element-6066-11e4-a52e-4f735466cecf":"f.AE3DDBF61D62EC5D164E8B5EF4A74F4D.d.238174C5AA82A8521A2507EEA4E8B1B6.e.2511","ELEMENT":"f.AE3DDBF61D62EC5D164E8B5EF4A74F4D.d.238174C5AA82A8521A2507EEA4E8B1B6.e.2511"}]}
RESULT: {"script":"<script> [56 bytes]","args":[{"element-6066-11e4-a52e-4f735466cecf":"f.AE3DDBF61D62EC5D164E8B5EF4A74F4D.d.238174C5AA82A8521A2507EEA4E8B1B6.e.2511","ELEMENT":"f.AE3DDBF61D62EC5D164E8B5EF4A74F4D.d.238174C5AA82A8521A2507EEA4E8B1B6.e.2511"}]}
COMMAND: POST /session/58f9e8aeb115b0a6781a57b35f866581/element - {"using":"css selector","value":"#shell-header-logo"}
COMMAND: GET /session/58f9e8aeb115b0a6781a57b35f866581/screenshot - {}
RESULT: {"using":"css selector","value":"#shell-header-logo"}
COMMAND: POST /session/58f9e8aeb115b0a6781a57b35f866581/element/f.AE3DDBF61D62EC5D164E8B5EF4A74F4D.d.238174C5AA82A8521A2507EEA4E8B1B6.e.1801/click - {}
RESULT: {}
RESULT: {}
COMMAND: GET /session/58f9e8aeb115b0a6781a57b35f866581/screenshot - {}
RESULT: {}
COMMAND: POST /session/58f9e8aeb115b0a6781a57b35f866581/execute/sync - {"script":"<script> [299 bytes]","args":[["getModel","getResource"]]}
RESULT: {"script":"<script> [299 bytes]","args":[["getModel","getResource"]]}
]]></system-out>
    </testcase>
    <testcase classname="chrome.136_0_7103_93.windows.Prerequisites_&amp;_test_for_yard_mass_return_on_Yard_Overview_US131057" name="Prereq Should create a new material" time="134.371">
      <system-out><![CDATA[
COMMAND: GET /session/58f9e8aeb115b0a6781a57b35f866581/screenshot - {}
COMMAND: POST /session/58f9e8aeb115b0a6781a57b35f866581/execute/async - {"script":"<script> [1562 bytes]","args":[{"selector":{"controlType":"sap.m.GenericTile","properties":{"header":"Manage Resources"}},"wdio_ui5_key":"sapm.GenericTile{\"header\":\"Manage Resources\"}"}]}
RESULT: {}
RESULT: {"script":"<script> [1562 bytes]","args":[{"selector":{"controlType":"sap.m.GenericTile","properties":{"header":"Manage Resources"}},"wdio_ui5_key":"sapm.GenericTile{\"header\":\"Manage Resources\"}"}]}
RESULT: undefined
COMMAND: POST /session/58f9e8aeb115b0a6781a57b35f866581/element - {"using":"xpath","value":"//*[@id=\"__tile39\"]"}
RESULT: {"using":"xpath","value":"//*[@id=\"__tile39\"]"}
COMMAND: POST /session/58f9e8aeb115b0a6781a57b35f866581/element/f.AE3DDBF61D62EC5D164E8B5EF4A74F4D.d.238174C5AA82A8521A2507EEA4E8B1B6.e.151/click - {}
RESULT: {}
COMMAND: GET /session/58f9e8aeb115b0a6781a57b35f866581/screenshot - {}
RESULT: {}
COMMAND: POST /session/58f9e8aeb115b0a6781a57b35f866581/elements - {"using":"xpath","value":"//span[text()='Error']"}
RESULT: {"using":"xpath","value":"//span[text()='Error']"}
COMMAND: POST /session/58f9e8aeb115b0a6781a57b35f866581/element - {"using":"xpath","value":"//button[@data-kt=\"addNewRUOverflowToolbarButton\"]"}
RESULT: {"using":"xpath","value":"//button[@data-kt=\"addNewRUOverflowToolbarButton\"]"}
COMMAND: POST /session/58f9e8aeb115b0a6781a57b35f866581/elements - {"using":"xpath","value":"//button[@data-kt=\"addNewRUOverflowToolbarButton\"]"}
RESULT: {"using":"xpath","value":"//button[@data-kt=\"addNewRUOverflowToolbarButton\"]"}
COMMAND: POST /session/58f9e8aeb115b0a6781a57b35f866581/elements - {"using":"xpath","value":"//button[@data-kt=\"addNewRUOverflowToolbarButton\"]"}
RESULT: {"using":"xpath","value":"//button[@data-kt=\"addNewRUOverflowToolbarButton\"]"}
COMMAND: POST /session/58f9e8aeb115b0a6781a57b35f866581/element - {"using":"xpath","value":"//button[@data-kt=\"addNewRUOverflowToolbarButton\"]"}
RESULT: {"using":"xpath","value":"//button[@data-kt=\"addNewRUOverflowToolbarButton\"]"}
COMMAND: POST /session/58f9e8aeb115b0a6781a57b35f866581/execute/sync - {"script":"<script> [8489 bytes]","args":[{"element-6066-11e4-a52e-4f735466cecf":"f.AE3DDBF61D62EC5D164E8B5EF4A74F4D.d.238174C5AA82A8521A2507EEA4E8B1B6.e.2553","ELEMENT":"f.AE3DDBF61D62EC5D164E8B5EF4A74F4D.d.238174C5AA82A8521A2507EEA4E8B1B6.e.2553"}]}
RESULT: {"script":"<script> [8489 bytes]","args":[{"element-6066-11e4-a52e-4f735466cecf":"f.AE3DDBF61D62EC5D164E8B5EF4A74F4D.d.238174C5AA82A8521A2507EEA4E8B1B6.e.2553","ELEMENT":"f.AE3DDBF61D62EC5D164E8B5EF4A74F4D.d.238174C5AA82A8521A2507EEA4E8B1B6.e.2553"}]}
COMMAND: GET /session/58f9e8aeb115b0a6781a57b35f866581/element/f.AE3DDBF61D62EC5D164E8B5EF4A74F4D.d.238174C5AA82A8521A2507EEA4E8B1B6.e.2553/enabled - {}
COMMAND: GET /session/58f9e8aeb115b0a6781a57b35f866581/screenshot - {}
RESULT: {}
COMMAND: POST /session/58f9e8aeb115b0a6781a57b35f866581/execute/sync - {"script":"<script> [8489 bytes]","args":[{"element-6066-11e4-a52e-4f735466cecf":"f.AE3DDBF61D62EC5D164E8B5EF4A74F4D.d.238174C5AA82A8521A2507EEA4E8B1B6.e.2553","ELEMENT":"f.AE3DDBF61D62EC5D164E8B5EF4A74F4D.d.238174C5AA82A8521A2507EEA4E8B1B6.e.2553"}]}
COMMAND: GET /session/58f9e8aeb115b0a6781a57b35f866581/screenshot - {}
RESULT: {}
RESULT: {"script":"<script> [8489 bytes]","args":[{"element-6066-11e4-a52e-4f735466cecf":"f.AE3DDBF61D62EC5D164E8B5EF4A74F4D.d.238174C5AA82A8521A2507EEA4E8B1B6.e.2553","ELEMENT":"f.AE3DDBF61D62EC5D164E8B5EF4A74F4D.d.238174C5AA82A8521A2507EEA4E8B1B6.e.2553"}]}
COMMAND: POST /session/58f9e8aeb115b0a6781a57b35f866581/execute/sync - {"script":"<script> [5351 bytes]","args":[{"element-6066-11e4-a52e-4f735466cecf":"f.AE3DDBF61D62EC5D164E8B5EF4A74F4D.d.238174C5AA82A8521A2507EEA4E8B1B6.e.2553","ELEMENT":"f.AE3DDBF61D62EC5D164E8B5EF4A74F4D.d.238174C5AA82A8521A2507EEA4E8B1B6.e.2553"}]}
COMMAND: GET /session/58f9e8aeb115b0a6781a57b35f866581/screenshot - {}
RESULT: {}
RESULT: {"script":"<script> [5351 bytes]","args":[{"element-6066-11e4-a52e-4f735466cecf":"f.AE3DDBF61D62EC5D164E8B5EF4A74F4D.d.238174C5AA82A8521A2507EEA4E8B1B6.e.2553","ELEMENT":"f.AE3DDBF61D62EC5D164E8B5EF4A74F4D.d.238174C5AA82A8521A2507EEA4E8B1B6.e.2553"}]}
COMMAND: POST /session/58f9e8aeb115b0a6781a57b35f866581/element/f.AE3DDBF61D62EC5D164E8B5EF4A74F4D.d.238174C5AA82A8521A2507EEA4E8B1B6.e.2553/click - {}
COMMAND: GET /session/58f9e8aeb115b0a6781a57b35f866581/screenshot - {}
RESULT: {}
RESULT: {}
COMMAND: GET /session/58f9e8aeb115b0a6781a57b35f866581/screenshot - {}
COMMAND: POST /session/58f9e8aeb115b0a6781a57b35f866581/execute/async - {"script":"<script> [1562 bytes]","args":[{"selector":{"id":"application-manageresources-display-component---newResourceUnit--TYPE-arrow"},"wdio_ui5_key":"applicationmanageresources-display-component---newResourceUnit--TYPE-arrow"}]}
RESULT: {}
RESULT: {}
RESULT: {"script":"<script> [1562 bytes]","args":[{"selector":{"id":"application-manageresources-display-component---newResourceUnit--TYPE-arrow"},"wdio_ui5_key":"applicationmanageresources-display-component---newResourceUnit--TYPE-arrow"}]}
RESULT: undefined
COMMAND: POST /session/58f9e8aeb115b0a6781a57b35f866581/element - {"using":"xpath","value":"//*[@id=\"application-manageresources-display-component---newResourceUnit--TYPE-arrow\"]"}
RESULT: {"using":"xpath","value":"//*[@id=\"application-manageresources-display-component---newResourceUnit--TYPE-arrow\"]"}
COMMAND: POST /session/58f9e8aeb115b0a6781a57b35f866581/element/f.AE3DDBF61D62EC5D164E8B5EF4A74F4D.d.238174C5AA82A8521A2507EEA4E8B1B6.e.2897/click - {}
RESULT: {}
COMMAND: POST /session/58f9e8aeb115b0a6781a57b35f866581/element - {"using":"xpath","value":"//input[@id=\"application-manageresources-display-component---newResourceUnit--TYPE-inner\"]"}
COMMAND: GET /session/58f9e8aeb115b0a6781a57b35f866581/screenshot - {}
RESULT: {"using":"xpath","value":"//input[@id=\"application-manageresources-display-component---newResourceUnit--TYPE-inner\"]"}
COMMAND: POST /session/58f9e8aeb115b0a6781a57b35f866581/element/f.AE3DDBF61D62EC5D164E8B5EF4A74F4D.d.238174C5AA82A8521A2507EEA4E8B1B6.e.2892/clear - {}
RESULT: {}
RESULT: {}
COMMAND: POST /session/58f9e8aeb115b0a6781a57b35f866581/element/f.AE3DDBF61D62EC5D164E8B5EF4A74F4D.d.238174C5AA82A8521A2507EEA4E8B1B6.e.2892/value - {"text":"Material"}
COMMAND: GET /session/58f9e8aeb115b0a6781a57b35f866581/screenshot - {}
RESULT: {"text":"Material"}
COMMAND: GET /session/58f9e8aeb115b0a6781a57b35f866581/screenshot - {}
RESULT: {}
RESULT: {}
COMMAND: POST /session/58f9e8aeb115b0a6781a57b35f866581/actions - {"actions":[{"id":"action8","type":"key","parameters":{},"actions":[{"type":"keyDown","value":"î€‡"},{"type":"pause","duration":10},{"type":"keyUp","value":"î€‡"}]}]}
RESULT: {"actions":[{"id":"action8","type":"key","parameters":{},"actions":[{"type":"keyDown","value":"î€‡"},{"type":"pause","duration":10},{"type":"keyUp","value":"î€‡"}]}]}
COMMAND: POST /session/58f9e8aeb115b0a6781a57b35f866581/execute/async - {"script":"<script> [1562 bytes]","args":[{"selector":{"id":"application-manageresources-display-component---newResourceUnit--SHORT_TEXT","interaction":{"idSuffix":"inner"}},"wdio_ui5_key":"applicationmanageresources-display-component---newResourceUnit--SHORT_TEXT"}]}
COMMAND: GET /session/58f9e8aeb115b0a6781a57b35f866581/screenshot - {}
RESULT: {"script":"<script> [1562 bytes]","args":[{"selector":{"id":"application-manageresources-display-component---newResourceUnit--SHORT_TEXT","interaction":{"idSuffix":"inner"}},"wdio_ui5_key":"applicationmanageresources-display-component---newResourceUnit--SHORT_TEXT"}]}
RESULT: undefined
COMMAND: POST /session/58f9e8aeb115b0a6781a57b35f866581/execute/async - {"script":"<script> [776 bytes]","args":[{"enterText":"Cement WDIO","selector":{"id":"application-manageresources-display-component---newResourceUnit--SHORT_TEXT","interaction":{"idSuffix":"inner"}},"clearTextFirst":true,"interactionType":"ENTER_TEXT"}]}
RESULT: {}
RESULT: {"script":"<script> [776 bytes]","args":[{"enterText":"Cement WDIO","selector":{"id":"application-manageresources-display-component---newResourceUnit--SHORT_TEXT","interaction":{"idSuffix":"inner"}},"clearTextFirst":true,"interactionType":"ENTER_TEXT"}]}
COMMAND: POST /session/58f9e8aeb115b0a6781a57b35f866581/execute/async - {"script":"<script> [1562 bytes]","args":[{"selector":{"id":"application-manageresources-display-component---newResourceUnit--BASE_UNIT_OF_MEASURE","interaction":{"idSuffix":"inner"}},"wdio_ui5_key":"applicationmanageresources-display-component---newResourceUnit--BASE_UNIT_OF_MEASURE"}]}
RESULT: {"script":"<script> [1562 bytes]","args":[{"selector":{"id":"application-manageresources-display-component---newResourceUnit--BASE_UNIT_OF_MEASURE","interaction":{"idSuffix":"inner"}},"wdio_ui5_key":"applicationmanageresources-display-component---newResourceUnit--BASE_UNIT_OF_MEASURE"}]}
RESULT: undefined
COMMAND: POST /session/58f9e8aeb115b0a6781a57b35f866581/execute/async - {"script":"<script> [776 bytes]","args":[{"enterText":"Piece","selector":{"id":"application-manageresources-display-component---newResourceUnit--BASE_UNIT_OF_MEASURE","interaction":{"idSuffix":"inner"}},"clearTextFirst":true,"interactionType":"ENTER_TEXT"}]}
RESULT: {"script":"<script> [776 bytes]","args":[{"enterText":"Piece","selector":{"id":"application-manageresources-display-component---newResourceUnit--BASE_UNIT_OF_MEASURE","interaction":{"idSuffix":"inner"}},"clearTextFirst":true,"interactionType":"ENTER_TEXT"}]}
COMMAND: POST /session/58f9e8aeb115b0a6781a57b35f866581/execute/async - {"script":"<script> [1562 bytes]","args":[{"selector":{"id":"application-manageresources-display-component---newResourceUnit--WEIGHT_UNIT","interaction":{"idSuffix":"inner"}},"wdio_ui5_key":"applicationmanageresources-display-component---newResourceUnit--WEIGHT_UNIT"}]}
RESULT: {"script":"<script> [1562 bytes]","args":[{"selector":{"id":"application-manageresources-display-component---newResourceUnit--WEIGHT_UNIT","interaction":{"idSuffix":"inner"}},"wdio_ui5_key":"applicationmanageresources-display-component---newResourceUnit--WEIGHT_UNIT"}]}
RESULT: undefined
COMMAND: POST /session/58f9e8aeb115b0a6781a57b35f866581/execute/async - {"script":"<script> [776 bytes]","args":[{"enterText":"Gram","selector":{"id":"application-manageresources-display-component---newResourceUnit--WEIGHT_UNIT","interaction":{"idSuffix":"inner"}},"clearTextFirst":true,"interactionType":"ENTER_TEXT"}]}
RESULT: {"script":"<script> [776 bytes]","args":[{"enterText":"Gram","selector":{"id":"application-manageresources-display-component---newResourceUnit--WEIGHT_UNIT","interaction":{"idSuffix":"inner"}},"clearTextFirst":true,"interactionType":"ENTER_TEXT"}]}
COMMAND: POST /session/58f9e8aeb115b0a6781a57b35f866581/execute/async - {"script":"<script> [1562 bytes]","args":[{"selector":{"id":"application-manageresources-display-component---newResourceUnit--DIMENSION_UNIT","interaction":{"idSuffix":"inner"}},"wdio_ui5_key":"applicationmanageresources-display-component---newResourceUnit--DIMENSION_UNIT"}]}
RESULT: {"script":"<script> [1562 bytes]","args":[{"selector":{"id":"application-manageresources-display-component---newResourceUnit--DIMENSION_UNIT","interaction":{"idSuffix":"inner"}},"wdio_ui5_key":"applicationmanageresources-display-component---newResourceUnit--DIMENSION_UNIT"}]}
RESULT: undefined
COMMAND: POST /session/58f9e8aeb115b0a6781a57b35f866581/execute/async - {"script":"<script> [776 bytes]","args":[{"enterText":"Meter","selector":{"id":"application-manageresources-display-component---newResourceUnit--DIMENSION_UNIT","interaction":{"idSuffix":"inner"}},"clearTextFirst":true,"interactionType":"ENTER_TEXT"}]}
RESULT: {"script":"<script> [776 bytes]","args":[{"enterText":"Meter","selector":{"id":"application-manageresources-display-component---newResourceUnit--DIMENSION_UNIT","interaction":{"idSuffix":"inner"}},"clearTextFirst":true,"interactionType":"ENTER_TEXT"}]}
COMMAND: POST /session/58f9e8aeb115b0a6781a57b35f866581/execute/async - {"script":"<script> [1562 bytes]","args":[{"selector":{"id":"application-manageresources-display-component---newResourceUnit--newRRUPage-anchBar-application-manageresources-display-component---newResourceUnit--control-anchor","interaction":{"idSuffix":"BDI-content"}},"wdio_ui5_key":"applicationmanageresources-display-component---newResourceUnit--newRRUPage-anchBar-application-manageresources-display-component---newResourceUnit--control-anchor"}]}
RESULT: {"script":"<script> [1562 bytes]","args":[{"selector":{"id":"application-manageresources-display-component---newResourceUnit--newRRUPage-anchBar-application-manageresources-display-component---newResourceUnit--control-anchor","interaction":{"idSuffix":"BDI-content"}},"wdio_ui5_key":"applicationmanageresources-display-component---newResourceUnit--newRRUPage-anchBar-application-manageresources-display-component---newResourceUnit--control-anchor"}]}
RESULT: undefined
COMMAND: POST /session/58f9e8aeb115b0a6781a57b35f866581/element - {"using":"xpath","value":"//*[@id=\"application-manageresources-display-component---newResourceUnit--newRRUPage-anchBar-application-manageresources-display-component---newResourceUnit--control-anchor\"]"}
RESULT: {"using":"xpath","value":"//*[@id=\"application-manageresources-display-component---newResourceUnit--newRRUPage-anchBar-application-manageresources-display-component---newResourceUnit--control-anchor\"]"}
COMMAND: POST /session/58f9e8aeb115b0a6781a57b35f866581/element/f.AE3DDBF61D62EC5D164E8B5EF4A74F4D.d.238174C5AA82A8521A2507EEA4E8B1B6.e.3027/click - {}
RESULT: {}
COMMAND: POST /session/58f9e8aeb115b0a6781a57b35f866581/execute/async - {"script":"<script> [1562 bytes]","args":[{"selector":{"id":"application-manageresources-display-component---newResourceUnit--PLANNING_GROUP","interaction":{"idSuffix":"inner"}},"wdio_ui5_key":"applicationmanageresources-display-component---newResourceUnit--PLANNING_GROUP"}]}
COMMAND: GET /session/58f9e8aeb115b0a6781a57b35f866581/screenshot - {}
RESULT: {"script":"<script> [1562 bytes]","args":[{"selector":{"id":"application-manageresources-display-component---newResourceUnit--PLANNING_GROUP","interaction":{"idSuffix":"inner"}},"wdio_ui5_key":"applicationmanageresources-display-component---newResourceUnit--PLANNING_GROUP"}]}
RESULT: undefined
COMMAND: POST /session/58f9e8aeb115b0a6781a57b35f866581/execute/async - {"script":"<script> [776 bytes]","args":[{"enterText":"Material","selector":{"id":"application-manageresources-display-component---newResourceUnit--PLANNING_GROUP","interaction":{"idSuffix":"inner"}},"clearTextFirst":true,"interactionType":"ENTER_TEXT"}]}
RESULT: {}
RESULT: {"script":"<script> [776 bytes]","args":[{"enterText":"Material","selector":{"id":"application-manageresources-display-component---newResourceUnit--PLANNING_GROUP","interaction":{"idSuffix":"inner"}},"clearTextFirst":true,"interactionType":"ENTER_TEXT"}]}
COMMAND: POST /session/58f9e8aeb115b0a6781a57b35f866581/execute/async - {"script":"<script> [1562 bytes]","args":[{"selector":{"id":"application-manageresources-display-component---newResourceUnit--PLANNING_INDICATOR","interaction":{"idSuffix":"inner"}},"wdio_ui5_key":"applicationmanageresources-display-component---newResourceUnit--PLANNING_INDICATOR"}]}
RESULT: {"script":"<script> [1562 bytes]","args":[{"selector":{"id":"application-manageresources-display-component---newResourceUnit--PLANNING_INDICATOR","interaction":{"idSuffix":"inner"}},"wdio_ui5_key":"applicationmanageresources-display-component---newResourceUnit--PLANNING_INDICATOR"}]}
RESULT: undefined
COMMAND: POST /session/58f9e8aeb115b0a6781a57b35f866581/execute/async - {"script":"<script> [776 bytes]","args":[{"enterText":"10 - infinite","selector":{"id":"application-manageresources-display-component---newResourceUnit--PLANNING_INDICATOR","interaction":{"idSuffix":"inner"}},"clearTextFirst":true,"interactionType":"ENTER_TEXT"}]}
RESULT: {"script":"<script> [776 bytes]","args":[{"enterText":"10 - infinite","selector":{"id":"application-manageresources-display-component---newResourceUnit--PLANNING_INDICATOR","interaction":{"idSuffix":"inner"}},"clearTextFirst":true,"interactionType":"ENTER_TEXT"}]}
COMMAND: POST /session/58f9e8aeb115b0a6781a57b35f866581/element - {"using":"css selector","value":"#application-manageresources-display-component---newResourceUnit--btnAddTimeSegment"}
RESULT: {"using":"css selector","value":"#application-manageresources-display-component---newResourceUnit--btnAddTimeSegment"}
COMMAND: GET /session/58f9e8aeb115b0a6781a57b35f866581/element/f.AE3DDBF61D62EC5D164E8B5EF4A74F4D.d.238174C5AA82A8521A2507EEA4E8B1B6.e.3037/rect - {}
RESULT: {}
COMMAND: GET /session/58f9e8aeb115b0a6781a57b35f866581/window/rect - {}
RESULT: {}
COMMAND: POST /session/58f9e8aeb115b0a6781a57b35f866581/execute/sync - {"script":"<script> [92 bytes]","args":[]}
RESULT: {"script":"<script> [92 bytes]","args":[]}
COMMAND: POST /session/58f9e8aeb115b0a6781a57b35f866581/actions - {"actions":[{"id":"action9","type":"wheel","parameters":{},"actions":[{"type":"scroll","x":-1888,"y":-32,"deltaX":0,"deltaY":0,"duration":0,"origin":{"element-6066-11e4-a52e-4f735466cecf":"f.AE3DDBF61D62EC5D164E8B5EF4A74F4D.d.238174C5AA82A8521A2507EEA4E8B1B6.e.3037"}}]}]}
COMMAND: GET /session/58f9e8aeb115b0a6781a57b35f866581/screenshot - {}
RESULT: {}
COMMAND: POST /session/58f9e8aeb115b0a6781a57b35f866581/execute/sync - {"script":"<script> [79 bytes]","args":[{"element-6066-11e4-a52e-4f735466cecf":"f.AE3DDBF61D62EC5D164E8B5EF4A74F4D.d.238174C5AA82A8521A2507EEA4E8B1B6.e.3037","ELEMENT":"f.AE3DDBF61D62EC5D164E8B5EF4A74F4D.d.238174C5AA82A8521A2507EEA4E8B1B6.e.3037"},{"block":"start","inline":"nearest"}]}
RESULT: {"script":"<script> [79 bytes]","args":[{"element-6066-11e4-a52e-4f735466cecf":"f.AE3DDBF61D62EC5D164E8B5EF4A74F4D.d.238174C5AA82A8521A2507EEA4E8B1B6.e.3037","ELEMENT":"f.AE3DDBF61D62EC5D164E8B5EF4A74F4D.d.238174C5AA82A8521A2507EEA4E8B1B6.e.3037"},{"block":"start","inline":"nearest"}]}
COMMAND: POST /session/58f9e8aeb115b0a6781a57b35f866581/execute/async - {"script":"<script> [1562 bytes]","args":[{"selector":{"id":"application-manageresources-display-component---newResourceUnit--btnAddTimeSegment","interaction":{"idSuffix":"inner"}},"wdio_ui5_key":"applicationmanageresources-display-component---newResourceUnit--btnAddTimeSegment"}]}
COMMAND: GET /session/58f9e8aeb115b0a6781a57b35f866581/screenshot - {}
RESULT: {"script":"<script> [1562 bytes]","args":[{"selector":{"id":"application-manageresources-display-component---newResourceUnit--btnAddTimeSegment","interaction":{"idSuffix":"inner"}},"wdio_ui5_key":"applicationmanageresources-display-component---newResourceUnit--btnAddTimeSegment"}]}
RESULT: undefined
COMMAND: POST /session/58f9e8aeb115b0a6781a57b35f866581/element - {"using":"xpath","value":"//*[@id=\"application-manageresources-display-component---newResourceUnit--btnAddTimeSegment\"]"}
RESULT: {}
RESULT: {"using":"xpath","value":"//*[@id=\"application-manageresources-display-component---newResourceUnit--btnAddTimeSegment\"]"}
COMMAND: POST /session/58f9e8aeb115b0a6781a57b35f866581/element/f.AE3DDBF61D62EC5D164E8B5EF4A74F4D.d.238174C5AA82A8521A2507EEA4E8B1B6.e.3037/click - {}
RESULT: {}
COMMAND: GET /session/58f9e8aeb115b0a6781a57b35f866581/screenshot - {}
RESULT: {}
COMMAND: POST /session/58f9e8aeb115b0a6781a57b35f866581/element - {"using":"xpath","value":"//input[@id=\"application-manageresources-display-component---newResourceUnit--idRuTSAdmin-application-manageresources-display-component---newResourceUnit--RUTimeSegment-0-inner\"]"}
RESULT: {"using":"xpath","value":"//input[@id=\"application-manageresources-display-component---newResourceUnit--idRuTSAdmin-application-manageresources-display-component---newResourceUnit--RUTimeSegment-0-inner\"]"}
COMMAND: POST /session/58f9e8aeb115b0a6781a57b35f866581/element/f.AE3DDBF61D62EC5D164E8B5EF4A74F4D.d.238174C5AA82A8521A2507EEA4E8B1B6.e.3042/clear - {}
RESULT: {}
COMMAND: POST /session/58f9e8aeb115b0a6781a57b35f866581/element/f.AE3DDBF61D62EC5D164E8B5EF4A74F4D.d.238174C5AA82A8521A2507EEA4E8B1B6.e.3042/value - {"text":"591"}
COMMAND: GET /session/58f9e8aeb115b0a6781a57b35f866581/screenshot - {}
RESULT: {"text":"591"}
COMMAND: GET /session/58f9e8aeb115b0a6781a57b35f866581/screenshot - {}
RESULT: {}
RESULT: {}
COMMAND: POST /session/58f9e8aeb115b0a6781a57b35f866581/element - {"using":"xpath","value":"//li[.//span[text()='591']]"}
RESULT: {"using":"xpath","value":"//li[.//span[text()='591']]"}
COMMAND: POST /session/58f9e8aeb115b0a6781a57b35f866581/element/f.AE3DDBF61D62EC5D164E8B5EF4A74F4D.d.238174C5AA82A8521A2507EEA4E8B1B6.e.3051/click - {}
RESULT: {}
COMMAND: GET /session/58f9e8aeb115b0a6781a57b35f866581/screenshot - {}
RESULT: {}
COMMAND: POST /session/58f9e8aeb115b0a6781a57b35f866581/element - {"using":"xpath","value":"(//span[contains(@id, \"-application-manageresources-display-component---newResourceUnit--RUTimeSegment-0-arrow\")])[2]"}
RESULT: {"using":"xpath","value":"(//span[contains(@id, \"-application-manageresources-display-component---newResourceUnit--RUTimeSegment-0-arrow\")])[2]"}
COMMAND: POST /session/58f9e8aeb115b0a6781a57b35f866581/element/f.AE3DDBF61D62EC5D164E8B5EF4A74F4D.d.238174C5AA82A8521A2507EEA4E8B1B6.e.3052/click - {}
RESULT: {}
COMMAND: POST /session/58f9e8aeb115b0a6781a57b35f866581/element - {"using":"xpath","value":"//span[contains(text(), \"PM Order\")]"}
COMMAND: GET /session/58f9e8aeb115b0a6781a57b35f866581/screenshot - {}
RESULT: {"using":"xpath","value":"//span[contains(text(), \"PM Order\")]"}
COMMAND: POST /session/58f9e8aeb115b0a6781a57b35f866581/element/f.AE3DDBF61D62EC5D164E8B5EF4A74F4D.d.238174C5AA82A8521A2507EEA4E8B1B6.e.3053/click - {}
RESULT: {}
RESULT: {}
COMMAND: GET /session/58f9e8aeb115b0a6781a57b35f866581/screenshot - {}
RESULT: {}
COMMAND: POST /session/58f9e8aeb115b0a6781a57b35f866581/element - {"using":"xpath","value":"//td/div/div/div/span[contains(@id, \"newResourceUnit--RUTimeSegment-0-vhi\")][1]"}
RESULT: {"using":"xpath","value":"//td/div/div/div/span[contains(@id, \"newResourceUnit--RUTimeSegment-0-vhi\")][1]"}
COMMAND: GET /session/58f9e8aeb115b0a6781a57b35f866581/element/f.AE3DDBF61D62EC5D164E8B5EF4A74F4D.d.238174C5AA82A8521A2507EEA4E8B1B6.e.3057/rect - {}
RESULT: {}
COMMAND: GET /session/58f9e8aeb115b0a6781a57b35f866581/window/rect - {}
RESULT: {}
COMMAND: POST /session/58f9e8aeb115b0a6781a57b35f866581/execute/sync - {"script":"<script> [92 bytes]","args":[]}
RESULT: {"script":"<script> [92 bytes]","args":[]}
COMMAND: POST /session/58f9e8aeb115b0a6781a57b35f866581/actions - {"actions":[{"id":"action10","type":"wheel","parameters":{},"actions":[{"type":"scroll","x":-1888,"y":-24,"deltaX":0,"deltaY":0,"duration":0,"origin":{"element-6066-11e4-a52e-4f735466cecf":"f.AE3DDBF61D62EC5D164E8B5EF4A74F4D.d.238174C5AA82A8521A2507EEA4E8B1B6.e.3057"}}]}]}
COMMAND: GET /session/58f9e8aeb115b0a6781a57b35f866581/screenshot - {}
RESULT: {}
COMMAND: POST /session/58f9e8aeb115b0a6781a57b35f866581/execute/sync - {"script":"<script> [79 bytes]","args":[{"element-6066-11e4-a52e-4f735466cecf":"f.AE3DDBF61D62EC5D164E8B5EF4A74F4D.d.238174C5AA82A8521A2507EEA4E8B1B6.e.3057","ELEMENT":"f.AE3DDBF61D62EC5D164E8B5EF4A74F4D.d.238174C5AA82A8521A2507EEA4E8B1B6.e.3057"},{"block":"start","inline":"nearest"}]}
RESULT: {"script":"<script> [79 bytes]","args":[{"element-6066-11e4-a52e-4f735466cecf":"f.AE3DDBF61D62EC5D164E8B5EF4A74F4D.d.238174C5AA82A8521A2507EEA4E8B1B6.e.3057","ELEMENT":"f.AE3DDBF61D62EC5D164E8B5EF4A74F4D.d.238174C5AA82A8521A2507EEA4E8B1B6.e.3057"},{"block":"start","inline":"nearest"}]}
COMMAND: GET /session/58f9e8aeb115b0a6781a57b35f866581/screenshot - {}
RESULT: {}
COMMAND: POST /session/58f9e8aeb115b0a6781a57b35f866581/element/f.AE3DDBF61D62EC5D164E8B5EF4A74F4D.d.238174C5AA82A8521A2507EEA4E8B1B6.e.3057/click - {}
RESULT: {}
COMMAND: GET /session/58f9e8aeb115b0a6781a57b35f866581/screenshot - {}
RESULT: {}
RESULT: undefined
COMMAND: POST /session/58f9e8aeb115b0a6781a57b35f866581/execute/async - {"script":"<script> [776 bytes]","args":[{"enterText":"4000360","selector":{"controlType":"sap.m.SearchField","properties":{"placeholder":"Search"},"searchOpenDialogs":true,"interaction":{"idSuffix":"I"}},"clearTextFirst":true,"interactionType":"ENTER_TEXT"}]}
RESULT: {"script":"<script> [776 bytes]","args":[{"enterText":"4000360","selector":{"controlType":"sap.m.SearchField","properties":{"placeholder":"Search"},"searchOpenDialogs":true,"interaction":{"idSuffix":"I"}},"clearTextFirst":true,"interactionType":"ENTER_TEXT"}]}
COMMAND: POST /session/58f9e8aeb115b0a6781a57b35f866581/actions - {"actions":[{"id":"action11","type":"key","parameters":{},"actions":[{"type":"keyDown","value":"î€‡"},{"type":"pause","duration":10},{"type":"keyUp","value":"î€‡"}]}]}
RESULT: {"actions":[{"id":"action11","type":"key","parameters":{},"actions":[{"type":"keyDown","value":"î€‡"},{"type":"pause","duration":10},{"type":"keyUp","value":"î€‡"}]}]}
COMMAND: GET /session/58f9e8aeb115b0a6781a57b35f866581/screenshot - {}
RESULT: {}
COMMAND: POST /session/58f9e8aeb115b0a6781a57b35f866581/element - {"using":"xpath","value":"//td/div/span[contains(text(), \"BGL Vehicles\")]"}
RESULT: {"using":"xpath","value":"//td/div/span[contains(text(), \"BGL Vehicles\")]"}
COMMAND: POST /session/58f9e8aeb115b0a6781a57b35f866581/element/f.AE3DDBF61D62EC5D164E8B5EF4A74F4D.d.238174C5AA82A8521A2507EEA4E8B1B6.e.3078/click - {}
RESULT: {}
COMMAND: GET /session/58f9e8aeb115b0a6781a57b35f866581/screenshot - {}
RESULT: {}
COMMAND: POST /session/58f9e8aeb115b0a6781a57b35f866581/element - {"using":"xpath","value":"//bdi[contains(text(), \"OK\")]"}
RESULT: {"using":"xpath","value":"//bdi[contains(text(), \"OK\")]"}
COMMAND: POST /session/58f9e8aeb115b0a6781a57b35f866581/element/f.AE3DDBF61D62EC5D164E8B5EF4A74F4D.d.238174C5AA82A8521A2507EEA4E8B1B6.e.3079/click - {}
RESULT: {}
COMMAND: GET /session/58f9e8aeb115b0a6781a57b35f866581/screenshot - {}
RESULT: {}
COMMAND: POST /session/58f9e8aeb115b0a6781a57b35f866581/element - {"using":"xpath","value":"//label[contains(@class, 'sapMLabelRequired') and .//bdi[contains(text(), 'Planned Retirement')]]"}
RESULT: {"using":"xpath","value":"//label[contains(@class, 'sapMLabelRequired') and .//bdi[contains(text(), 'Planned Retirement')]]"}
COMMAND: POST /session/58f9e8aeb115b0a6781a57b35f866581/elements - {"using":"xpath","value":"//label[contains(@class, 'sapMLabelRequired') and .//bdi[contains(text(), 'Planned Retirement')]]"}
RESULT: {"using":"xpath","value":"//label[contains(@class, 'sapMLabelRequired') and .//bdi[contains(text(), 'Planned Retirement')]]"}
COMMAND: POST /session/58f9e8aeb115b0a6781a57b35f866581/element - {"using":"xpath","value":"//button[@data-kt=\"resourceUnitSaveButton\"]"}
RESULT: {"using":"xpath","value":"//button[@data-kt=\"resourceUnitSaveButton\"]"}
COMMAND: POST /session/58f9e8aeb115b0a6781a57b35f866581/element/f.AE3DDBF61D62EC5D164E8B5EF4A74F4D.d.238174C5AA82A8521A2507EEA4E8B1B6.e.2914/click - {}
RESULT: {}
COMMAND: GET /session/58f9e8aeb115b0a6781a57b35f866581/screenshot - {}
RESULT: {}
COMMAND: POST /session/58f9e8aeb115b0a6781a57b35f866581/element - {"using":"xpath","value":"//bdi[contains(text(), \"Close\")]"}
RESULT: {"using":"xpath","value":"//bdi[contains(text(), \"Close\")]"}
COMMAND: POST /session/58f9e8aeb115b0a6781a57b35f866581/element/f.AE3DDBF61D62EC5D164E8B5EF4A74F4D.d.238174C5AA82A8521A2507EEA4E8B1B6.e.3086/click - {}
RESULT: {}
COMMAND: GET /session/58f9e8aeb115b0a6781a57b35f866581/screenshot - {}
RESULT: {}
COMMAND: POST /session/58f9e8aeb115b0a6781a57b35f866581/element - {"using":"xpath","value":"//header[contains(@id, 'detailRruPage-headerTitle')]/div[1]/div[2]/div[2]/span[1]"}
RESULT: {"using":"xpath","value":"//header[contains(@id, 'detailRruPage-headerTitle')]/div[1]/div[2]/div[2]/span[1]"}
COMMAND: POST /session/58f9e8aeb115b0a6781a57b35f866581/elements - {"using":"xpath","value":"//header[contains(@id, 'detailRruPage-headerTitle')]/div[1]/div[2]/div[2]/span[1]"}
RESULT: {"using":"xpath","value":"//header[contains(@id, 'detailRruPage-headerTitle')]/div[1]/div[2]/div[2]/span[1]"}
COMMAND: POST /session/58f9e8aeb115b0a6781a57b35f866581/execute/sync - {"script":"<script> [56 bytes]","args":[{"element-6066-11e4-a52e-4f735466cecf":"f.AE3DDBF61D62EC5D164E8B5EF4A74F4D.d.238174C5AA82A8521A2507EEA4E8B1B6.e.3124","ELEMENT":"f.AE3DDBF61D62EC5D164E8B5EF4A74F4D.d.238174C5AA82A8521A2507EEA4E8B1B6.e.3124"}]}
RESULT: {"script":"<script> [56 bytes]","args":[{"element-6066-11e4-a52e-4f735466cecf":"f.AE3DDBF61D62EC5D164E8B5EF4A74F4D.d.238174C5AA82A8521A2507EEA4E8B1B6.e.3124","ELEMENT":"f.AE3DDBF61D62EC5D164E8B5EF4A74F4D.d.238174C5AA82A8521A2507EEA4E8B1B6.e.3124"}]}
COMMAND: POST /session/58f9e8aeb115b0a6781a57b35f866581/element - {"using":"css selector","value":"#shell-header-logo"}
COMMAND: GET /session/58f9e8aeb115b0a6781a57b35f866581/screenshot - {}
RESULT: {"using":"css selector","value":"#shell-header-logo"}
COMMAND: POST /session/58f9e8aeb115b0a6781a57b35f866581/element/f.AE3DDBF61D62EC5D164E8B5EF4A74F4D.d.238174C5AA82A8521A2507EEA4E8B1B6.e.2514/click - {}
RESULT: {}
RESULT: {}
COMMAND: GET /session/58f9e8aeb115b0a6781a57b35f866581/screenshot - {}
RESULT: {}
]]></system-out>
    </testcase>
  </testsuite>
  <testsuite timestamp="2025-06-02T16:49:38" time="423.778" tests="6" failures="0" errors="0" skipped="0">
    <properties>
      <property name="specId" value="0" />
      <property name="suiteName" value="Yard Overview Autoplanning US130989" />
      <property name="capabilities" value="chrome.136_0_7103_93.windows" />
      <property name="file" value="file:///D:/a/1/s/test/specs/HTR/yard-overview-autoplanning.spec.js" />
    </properties>
    <testcase classname="chrome.136_0_7103_93.windows.Yard_Overview_Autoplanning_US130989" name="Prereq Should create a new yard used for all following tests" time="0.017">
      <system-out><![CDATA[
COMMAND: POST /session/58f9e8aeb115b0a6781a57b35f866581/window/fullscreen - {}
RESULT: {}
]]></system-out>
    </testcase>
    <testcase classname="chrome.136_0_7103_93.windows.Yard_Overview_Autoplanning_US130989" name="Prereq Should create a new partner" time="0.005" />
    <testcase classname="chrome.136_0_7103_93.windows.Yard_Overview_Autoplanning_US130989" name="Prereq Should create a new site" time="0.004" />
    <testcase classname="chrome.136_0_7103_93.windows.Yard_Overview_Autoplanning_US130989" name="Prereq Should create a new material with catalog selection" time="123.969">
      <system-out><![CDATA[
COMMAND: POST /session/58f9e8aeb115b0a6781a57b35f866581/execute/async - {"script":"<script> [1562 bytes]","args":[{"selector":{"controlType":"sap.m.GenericTile","properties":{"header":"Manage Resources"}},"wdio_ui5_key":"sapm.GenericTile{\"header\":\"Manage Resources\"}"}]}
RESULT: {"script":"<script> [1562 bytes]","args":[{"selector":{"controlType":"sap.m.GenericTile","properties":{"header":"Manage Resources"}},"wdio_ui5_key":"sapm.GenericTile{\"header\":\"Manage Resources\"}"}]}
RESULT: undefined
COMMAND: POST /session/58f9e8aeb115b0a6781a57b35f866581/element - {"using":"xpath","value":"//*[@id=\"__tile39\"]"}
RESULT: {"using":"xpath","value":"//*[@id=\"__tile39\"]"}
COMMAND: POST /session/58f9e8aeb115b0a6781a57b35f866581/element/f.AE3DDBF61D62EC5D164E8B5EF4A74F4D.d.578CF52A42B74963823067A9136FB58E.e.3485/click - {}
RESULT: {}
COMMAND: GET /session/58f9e8aeb115b0a6781a57b35f866581/screenshot - {}
RESULT: {}
COMMAND: POST /session/58f9e8aeb115b0a6781a57b35f866581/elements - {"using":"xpath","value":"//span[text()='Error']"}
RESULT: {"using":"xpath","value":"//span[text()='Error']"}
COMMAND: POST /session/58f9e8aeb115b0a6781a57b35f866581/element - {"using":"xpath","value":"//button[@data-kt=\"addNewRUOverflowToolbarButton\"]"}
RESULT: {"using":"xpath","value":"//button[@data-kt=\"addNewRUOverflowToolbarButton\"]"}
COMMAND: POST /session/58f9e8aeb115b0a6781a57b35f866581/elements - {"using":"xpath","value":"//button[@data-kt=\"addNewRUOverflowToolbarButton\"]"}
RESULT: {"using":"xpath","value":"//button[@data-kt=\"addNewRUOverflowToolbarButton\"]"}
COMMAND: POST /session/58f9e8aeb115b0a6781a57b35f866581/elements - {"using":"xpath","value":"//button[@data-kt=\"addNewRUOverflowToolbarButton\"]"}
RESULT: {"using":"xpath","value":"//button[@data-kt=\"addNewRUOverflowToolbarButton\"]"}
COMMAND: POST /session/58f9e8aeb115b0a6781a57b35f866581/elements - {"using":"xpath","value":"//button[@data-kt=\"addNewRUOverflowToolbarButton\"]"}
RESULT: {"using":"xpath","value":"//button[@data-kt=\"addNewRUOverflowToolbarButton\"]"}
COMMAND: POST /session/58f9e8aeb115b0a6781a57b35f866581/elements - {"using":"xpath","value":"//button[@data-kt=\"addNewRUOverflowToolbarButton\"]"}
RESULT: {"using":"xpath","value":"//button[@data-kt=\"addNewRUOverflowToolbarButton\"]"}
COMMAND: POST /session/58f9e8aeb115b0a6781a57b35f866581/elements - {"using":"xpath","value":"//button[@data-kt=\"addNewRUOverflowToolbarButton\"]"}
RESULT: {"using":"xpath","value":"//button[@data-kt=\"addNewRUOverflowToolbarButton\"]"}
COMMAND: POST /session/58f9e8aeb115b0a6781a57b35f866581/elements - {"using":"xpath","value":"//button[@data-kt=\"addNewRUOverflowToolbarButton\"]"}
RESULT: {"using":"xpath","value":"//button[@data-kt=\"addNewRUOverflowToolbarButton\"]"}
COMMAND: POST /session/58f9e8aeb115b0a6781a57b35f866581/elements - {"using":"xpath","value":"//button[@data-kt=\"addNewRUOverflowToolbarButton\"]"}
RESULT: {"using":"xpath","value":"//button[@data-kt=\"addNewRUOverflowToolbarButton\"]"}
COMMAND: POST /session/58f9e8aeb115b0a6781a57b35f866581/element - {"using":"xpath","value":"//button[@data-kt=\"addNewRUOverflowToolbarButton\"]"}
RESULT: {"using":"xpath","value":"//button[@data-kt=\"addNewRUOverflowToolbarButton\"]"}
COMMAND: POST /session/58f9e8aeb115b0a6781a57b35f866581/execute/sync - {"script":"<script> [8489 bytes]","args":[{"element-6066-11e4-a52e-4f735466cecf":"f.AE3DDBF61D62EC5D164E8B5EF4A74F4D.d.578CF52A42B74963823067A9136FB58E.e.3621","ELEMENT":"f.AE3DDBF61D62EC5D164E8B5EF4A74F4D.d.578CF52A42B74963823067A9136FB58E.e.3621"}]}
RESULT: {"script":"<script> [8489 bytes]","args":[{"element-6066-11e4-a52e-4f735466cecf":"f.AE3DDBF61D62EC5D164E8B5EF4A74F4D.d.578CF52A42B74963823067A9136FB58E.e.3621","ELEMENT":"f.AE3DDBF61D62EC5D164E8B5EF4A74F4D.d.578CF52A42B74963823067A9136FB58E.e.3621"}]}
COMMAND: GET /session/58f9e8aeb115b0a6781a57b35f866581/element/f.AE3DDBF61D62EC5D164E8B5EF4A74F4D.d.578CF52A42B74963823067A9136FB58E.e.3621/enabled - {}
COMMAND: GET /session/58f9e8aeb115b0a6781a57b35f866581/screenshot - {}
RESULT: {}
COMMAND: POST /session/58f9e8aeb115b0a6781a57b35f866581/execute/sync - {"script":"<script> [8489 bytes]","args":[{"element-6066-11e4-a52e-4f735466cecf":"f.AE3DDBF61D62EC5D164E8B5EF4A74F4D.d.578CF52A42B74963823067A9136FB58E.e.3621","ELEMENT":"f.AE3DDBF61D62EC5D164E8B5EF4A74F4D.d.578CF52A42B74963823067A9136FB58E.e.3621"}]}
COMMAND: GET /session/58f9e8aeb115b0a6781a57b35f866581/screenshot - {}
RESULT: {}
RESULT: {"script":"<script> [8489 bytes]","args":[{"element-6066-11e4-a52e-4f735466cecf":"f.AE3DDBF61D62EC5D164E8B5EF4A74F4D.d.578CF52A42B74963823067A9136FB58E.e.3621","ELEMENT":"f.AE3DDBF61D62EC5D164E8B5EF4A74F4D.d.578CF52A42B74963823067A9136FB58E.e.3621"}]}
COMMAND: POST /session/58f9e8aeb115b0a6781a57b35f866581/execute/sync - {"script":"<script> [5351 bytes]","args":[{"element-6066-11e4-a52e-4f735466cecf":"f.AE3DDBF61D62EC5D164E8B5EF4A74F4D.d.578CF52A42B74963823067A9136FB58E.e.3621","ELEMENT":"f.AE3DDBF61D62EC5D164E8B5EF4A74F4D.d.578CF52A42B74963823067A9136FB58E.e.3621"}]}
COMMAND: GET /session/58f9e8aeb115b0a6781a57b35f866581/screenshot - {}
RESULT: {}
RESULT: {"script":"<script> [5351 bytes]","args":[{"element-6066-11e4-a52e-4f735466cecf":"f.AE3DDBF61D62EC5D164E8B5EF4A74F4D.d.578CF52A42B74963823067A9136FB58E.e.3621","ELEMENT":"f.AE3DDBF61D62EC5D164E8B5EF4A74F4D.d.578CF52A42B74963823067A9136FB58E.e.3621"}]}
COMMAND: POST /session/58f9e8aeb115b0a6781a57b35f866581/element/f.AE3DDBF61D62EC5D164E8B5EF4A74F4D.d.578CF52A42B74963823067A9136FB58E.e.3621/click - {}
COMMAND: GET /session/58f9e8aeb115b0a6781a57b35f866581/screenshot - {}
RESULT: {}
RESULT: {}
COMMAND: GET /session/58f9e8aeb115b0a6781a57b35f866581/screenshot - {}
COMMAND: POST /session/58f9e8aeb115b0a6781a57b35f866581/execute/async - {"script":"<script> [1562 bytes]","args":[{"selector":{"id":"application-manageresources-display-component---newResourceUnit--TYPE-arrow"},"wdio_ui5_key":"applicationmanageresources-display-component---newResourceUnit--TYPE-arrow"}]}
RESULT: {}
RESULT: {}
RESULT: {"script":"<script> [1562 bytes]","args":[{"selector":{"id":"application-manageresources-display-component---newResourceUnit--TYPE-arrow"},"wdio_ui5_key":"applicationmanageresources-display-component---newResourceUnit--TYPE-arrow"}]}
RESULT: undefined
COMMAND: POST /session/58f9e8aeb115b0a6781a57b35f866581/element - {"using":"xpath","value":"//*[@id=\"application-manageresources-display-component---newResourceUnit--TYPE-arrow\"]"}
RESULT: {"using":"xpath","value":"//*[@id=\"application-manageresources-display-component---newResourceUnit--TYPE-arrow\"]"}
COMMAND: POST /session/58f9e8aeb115b0a6781a57b35f866581/element/f.AE3DDBF61D62EC5D164E8B5EF4A74F4D.d.578CF52A42B74963823067A9136FB58E.e.3789/click - {}
RESULT: {}
COMMAND: POST /session/58f9e8aeb115b0a6781a57b35f866581/element - {"using":"xpath","value":"//input[@id=\"application-manageresources-display-component---newResourceUnit--TYPE-inner\"]"}
COMMAND: GET /session/58f9e8aeb115b0a6781a57b35f866581/screenshot - {}
RESULT: {"using":"xpath","value":"//input[@id=\"application-manageresources-display-component---newResourceUnit--TYPE-inner\"]"}
COMMAND: POST /session/58f9e8aeb115b0a6781a57b35f866581/element/f.AE3DDBF61D62EC5D164E8B5EF4A74F4D.d.578CF52A42B74963823067A9136FB58E.e.3676/clear - {}
RESULT: {}
RESULT: {}
COMMAND: POST /session/58f9e8aeb115b0a6781a57b35f866581/element/f.AE3DDBF61D62EC5D164E8B5EF4A74F4D.d.578CF52A42B74963823067A9136FB58E.e.3676/value - {"text":"Material"}
COMMAND: GET /session/58f9e8aeb115b0a6781a57b35f866581/screenshot - {}
RESULT: {"text":"Material"}
COMMAND: GET /session/58f9e8aeb115b0a6781a57b35f866581/screenshot - {}
RESULT: {}
RESULT: {}
COMMAND: POST /session/58f9e8aeb115b0a6781a57b35f866581/actions - {"actions":[{"id":"action12","type":"key","parameters":{},"actions":[{"type":"keyDown","value":"î€‡"},{"type":"pause","duration":10},{"type":"keyUp","value":"î€‡"}]}]}
RESULT: {"actions":[{"id":"action12","type":"key","parameters":{},"actions":[{"type":"keyDown","value":"î€‡"},{"type":"pause","duration":10},{"type":"keyUp","value":"î€‡"}]}]}
COMMAND: POST /session/58f9e8aeb115b0a6781a57b35f866581/execute/async - {"script":"<script> [1562 bytes]","args":[{"selector":{"id":"application-manageresources-display-component---newResourceUnit--SHORT_TEXT","interaction":{"idSuffix":"inner"}},"wdio_ui5_key":"applicationmanageresources-display-component---newResourceUnit--SHORT_TEXT"}]}
COMMAND: GET /session/58f9e8aeb115b0a6781a57b35f866581/screenshot - {}
RESULT: {"script":"<script> [1562 bytes]","args":[{"selector":{"id":"application-manageresources-display-component---newResourceUnit--SHORT_TEXT","interaction":{"idSuffix":"inner"}},"wdio_ui5_key":"applicationmanageresources-display-component---newResourceUnit--SHORT_TEXT"}]}
RESULT: undefined
COMMAND: POST /session/58f9e8aeb115b0a6781a57b35f866581/execute/async - {"script":"<script> [776 bytes]","args":[{"enterText":"Cement WDIO","selector":{"id":"application-manageresources-display-component---newResourceUnit--SHORT_TEXT","interaction":{"idSuffix":"inner"}},"clearTextFirst":true,"interactionType":"ENTER_TEXT"}]}
RESULT: {}
RESULT: {"script":"<script> [776 bytes]","args":[{"enterText":"Cement WDIO","selector":{"id":"application-manageresources-display-component---newResourceUnit--SHORT_TEXT","interaction":{"idSuffix":"inner"}},"clearTextFirst":true,"interactionType":"ENTER_TEXT"}]}
COMMAND: POST /session/58f9e8aeb115b0a6781a57b35f866581/execute/async - {"script":"<script> [1562 bytes]","args":[{"selector":{"id":"application-manageresources-display-component---newResourceUnit--BASE_UNIT_OF_MEASURE","interaction":{"idSuffix":"inner"}},"wdio_ui5_key":"applicationmanageresources-display-component---newResourceUnit--BASE_UNIT_OF_MEASURE"}]}
RESULT: {"script":"<script> [1562 bytes]","args":[{"selector":{"id":"application-manageresources-display-component---newResourceUnit--BASE_UNIT_OF_MEASURE","interaction":{"idSuffix":"inner"}},"wdio_ui5_key":"applicationmanageresources-display-component---newResourceUnit--BASE_UNIT_OF_MEASURE"}]}
RESULT: undefined
COMMAND: POST /session/58f9e8aeb115b0a6781a57b35f866581/execute/async - {"script":"<script> [776 bytes]","args":[{"enterText":"Piece","selector":{"id":"application-manageresources-display-component---newResourceUnit--BASE_UNIT_OF_MEASURE","interaction":{"idSuffix":"inner"}},"clearTextFirst":true,"interactionType":"ENTER_TEXT"}]}
RESULT: {"script":"<script> [776 bytes]","args":[{"enterText":"Piece","selector":{"id":"application-manageresources-display-component---newResourceUnit--BASE_UNIT_OF_MEASURE","interaction":{"idSuffix":"inner"}},"clearTextFirst":true,"interactionType":"ENTER_TEXT"}]}
COMMAND: POST /session/58f9e8aeb115b0a6781a57b35f866581/execute/async - {"script":"<script> [1562 bytes]","args":[{"selector":{"id":"application-manageresources-display-component---newResourceUnit--WEIGHT_UNIT","interaction":{"idSuffix":"inner"}},"wdio_ui5_key":"applicationmanageresources-display-component---newResourceUnit--WEIGHT_UNIT"}]}
RESULT: {"script":"<script> [1562 bytes]","args":[{"selector":{"id":"application-manageresources-display-component---newResourceUnit--WEIGHT_UNIT","interaction":{"idSuffix":"inner"}},"wdio_ui5_key":"applicationmanageresources-display-component---newResourceUnit--WEIGHT_UNIT"}]}
RESULT: undefined
COMMAND: POST /session/58f9e8aeb115b0a6781a57b35f866581/execute/async - {"script":"<script> [776 bytes]","args":[{"enterText":"Gram","selector":{"id":"application-manageresources-display-component---newResourceUnit--WEIGHT_UNIT","interaction":{"idSuffix":"inner"}},"clearTextFirst":true,"interactionType":"ENTER_TEXT"}]}
RESULT: {"script":"<script> [776 bytes]","args":[{"enterText":"Gram","selector":{"id":"application-manageresources-display-component---newResourceUnit--WEIGHT_UNIT","interaction":{"idSuffix":"inner"}},"clearTextFirst":true,"interactionType":"ENTER_TEXT"}]}
COMMAND: POST /session/58f9e8aeb115b0a6781a57b35f866581/execute/async - {"script":"<script> [1562 bytes]","args":[{"selector":{"id":"application-manageresources-display-component---newResourceUnit--DIMENSION_UNIT","interaction":{"idSuffix":"inner"}},"wdio_ui5_key":"applicationmanageresources-display-component---newResourceUnit--DIMENSION_UNIT"}]}
RESULT: {"script":"<script> [1562 bytes]","args":[{"selector":{"id":"application-manageresources-display-component---newResourceUnit--DIMENSION_UNIT","interaction":{"idSuffix":"inner"}},"wdio_ui5_key":"applicationmanageresources-display-component---newResourceUnit--DIMENSION_UNIT"}]}
RESULT: undefined
COMMAND: POST /session/58f9e8aeb115b0a6781a57b35f866581/execute/async - {"script":"<script> [776 bytes]","args":[{"enterText":"Meter","selector":{"id":"application-manageresources-display-component---newResourceUnit--DIMENSION_UNIT","interaction":{"idSuffix":"inner"}},"clearTextFirst":true,"interactionType":"ENTER_TEXT"}]}
RESULT: {"script":"<script> [776 bytes]","args":[{"enterText":"Meter","selector":{"id":"application-manageresources-display-component---newResourceUnit--DIMENSION_UNIT","interaction":{"idSuffix":"inner"}},"clearTextFirst":true,"interactionType":"ENTER_TEXT"}]}
COMMAND: POST /session/58f9e8aeb115b0a6781a57b35f866581/execute/async - {"script":"<script> [1562 bytes]","args":[{"selector":{"id":"application-manageresources-display-component---newResourceUnit--newRRUPage-anchBar-application-manageresources-display-component---newResourceUnit--control-anchor","interaction":{"idSuffix":"BDI-content"}},"wdio_ui5_key":"applicationmanageresources-display-component---newResourceUnit--newRRUPage-anchBar-application-manageresources-display-component---newResourceUnit--control-anchor"}]}
RESULT: {"script":"<script> [1562 bytes]","args":[{"selector":{"id":"application-manageresources-display-component---newResourceUnit--newRRUPage-anchBar-application-manageresources-display-component---newResourceUnit--control-anchor","interaction":{"idSuffix":"BDI-content"}},"wdio_ui5_key":"applicationmanageresources-display-component---newResourceUnit--newRRUPage-anchBar-application-manageresources-display-component---newResourceUnit--control-anchor"}]}
RESULT: undefined
COMMAND: POST /session/58f9e8aeb115b0a6781a57b35f866581/element - {"using":"xpath","value":"//*[@id=\"application-manageresources-display-component---newResourceUnit--newRRUPage-anchBar-application-manageresources-display-component---newResourceUnit--control-anchor\"]"}
RESULT: {"using":"xpath","value":"//*[@id=\"application-manageresources-display-component---newResourceUnit--newRRUPage-anchBar-application-manageresources-display-component---newResourceUnit--control-anchor\"]"}
COMMAND: POST /session/58f9e8aeb115b0a6781a57b35f866581/element/f.AE3DDBF61D62EC5D164E8B5EF4A74F4D.d.578CF52A42B74963823067A9136FB58E.e.3920/click - {}
RESULT: {}
COMMAND: POST /session/58f9e8aeb115b0a6781a57b35f866581/execute/async - {"script":"<script> [1562 bytes]","args":[{"selector":{"id":"application-manageresources-display-component---newResourceUnit--PLANNING_GROUP","interaction":{"idSuffix":"inner"}},"wdio_ui5_key":"applicationmanageresources-display-component---newResourceUnit--PLANNING_GROUP"}]}
COMMAND: GET /session/58f9e8aeb115b0a6781a57b35f866581/screenshot - {}
RESULT: {"script":"<script> [1562 bytes]","args":[{"selector":{"id":"application-manageresources-display-component---newResourceUnit--PLANNING_GROUP","interaction":{"idSuffix":"inner"}},"wdio_ui5_key":"applicationmanageresources-display-component---newResourceUnit--PLANNING_GROUP"}]}
RESULT: undefined
COMMAND: POST /session/58f9e8aeb115b0a6781a57b35f866581/execute/async - {"script":"<script> [776 bytes]","args":[{"enterText":"Material","selector":{"id":"application-manageresources-display-component---newResourceUnit--PLANNING_GROUP","interaction":{"idSuffix":"inner"}},"clearTextFirst":true,"interactionType":"ENTER_TEXT"}]}
RESULT: {}
RESULT: {"script":"<script> [776 bytes]","args":[{"enterText":"Material","selector":{"id":"application-manageresources-display-component---newResourceUnit--PLANNING_GROUP","interaction":{"idSuffix":"inner"}},"clearTextFirst":true,"interactionType":"ENTER_TEXT"}]}
COMMAND: POST /session/58f9e8aeb115b0a6781a57b35f866581/execute/async - {"script":"<script> [1562 bytes]","args":[{"selector":{"id":"application-manageresources-display-component---newResourceUnit--PLANNING_INDICATOR","interaction":{"idSuffix":"inner"}},"wdio_ui5_key":"applicationmanageresources-display-component---newResourceUnit--PLANNING_INDICATOR"}]}
RESULT: {"script":"<script> [1562 bytes]","args":[{"selector":{"id":"application-manageresources-display-component---newResourceUnit--PLANNING_INDICATOR","interaction":{"idSuffix":"inner"}},"wdio_ui5_key":"applicationmanageresources-display-component---newResourceUnit--PLANNING_INDICATOR"}]}
RESULT: undefined
COMMAND: POST /session/58f9e8aeb115b0a6781a57b35f866581/execute/async - {"script":"<script> [776 bytes]","args":[{"enterText":"10 - infinite","selector":{"id":"application-manageresources-display-component---newResourceUnit--PLANNING_INDICATOR","interaction":{"idSuffix":"inner"}},"clearTextFirst":true,"interactionType":"ENTER_TEXT"}]}
RESULT: {"script":"<script> [776 bytes]","args":[{"enterText":"10 - infinite","selector":{"id":"application-manageresources-display-component---newResourceUnit--PLANNING_INDICATOR","interaction":{"idSuffix":"inner"}},"clearTextFirst":true,"interactionType":"ENTER_TEXT"}]}
COMMAND: POST /session/58f9e8aeb115b0a6781a57b35f866581/element - {"using":"css selector","value":"#application-manageresources-display-component---newResourceUnit--btnAddTimeSegment"}
RESULT: {"using":"css selector","value":"#application-manageresources-display-component---newResourceUnit--btnAddTimeSegment"}
COMMAND: GET /session/58f9e8aeb115b0a6781a57b35f866581/element/f.AE3DDBF61D62EC5D164E8B5EF4A74F4D.d.578CF52A42B74963823067A9136FB58E.e.3930/rect - {}
RESULT: {}
COMMAND: GET /session/58f9e8aeb115b0a6781a57b35f866581/window/rect - {}
RESULT: {}
COMMAND: POST /session/58f9e8aeb115b0a6781a57b35f866581/execute/sync - {"script":"<script> [92 bytes]","args":[]}
RESULT: {"script":"<script> [92 bytes]","args":[]}
COMMAND: POST /session/58f9e8aeb115b0a6781a57b35f866581/actions - {"actions":[{"id":"action13","type":"wheel","parameters":{},"actions":[{"type":"scroll","x":-1888,"y":-32,"deltaX":0,"deltaY":0,"duration":0,"origin":{"element-6066-11e4-a52e-4f735466cecf":"f.AE3DDBF61D62EC5D164E8B5EF4A74F4D.d.578CF52A42B74963823067A9136FB58E.e.3930"}}]}]}
COMMAND: GET /session/58f9e8aeb115b0a6781a57b35f866581/screenshot - {}
RESULT: {}
COMMAND: POST /session/58f9e8aeb115b0a6781a57b35f866581/execute/sync - {"script":"<script> [79 bytes]","args":[{"element-6066-11e4-a52e-4f735466cecf":"f.AE3DDBF61D62EC5D164E8B5EF4A74F4D.d.578CF52A42B74963823067A9136FB58E.e.3930","ELEMENT":"f.AE3DDBF61D62EC5D164E8B5EF4A74F4D.d.578CF52A42B74963823067A9136FB58E.e.3930"},{"block":"start","inline":"nearest"}]}
RESULT: {"script":"<script> [79 bytes]","args":[{"element-6066-11e4-a52e-4f735466cecf":"f.AE3DDBF61D62EC5D164E8B5EF4A74F4D.d.578CF52A42B74963823067A9136FB58E.e.3930","ELEMENT":"f.AE3DDBF61D62EC5D164E8B5EF4A74F4D.d.578CF52A42B74963823067A9136FB58E.e.3930"},{"block":"start","inline":"nearest"}]}
COMMAND: POST /session/58f9e8aeb115b0a6781a57b35f866581/execute/async - {"script":"<script> [1562 bytes]","args":[{"selector":{"id":"application-manageresources-display-component---newResourceUnit--btnAddTimeSegment","interaction":{"idSuffix":"inner"}},"wdio_ui5_key":"applicationmanageresources-display-component---newResourceUnit--btnAddTimeSegment"}]}
COMMAND: GET /session/58f9e8aeb115b0a6781a57b35f866581/screenshot - {}
RESULT: {"script":"<script> [1562 bytes]","args":[{"selector":{"id":"application-manageresources-display-component---newResourceUnit--btnAddTimeSegment","interaction":{"idSuffix":"inner"}},"wdio_ui5_key":"applicationmanageresources-display-component---newResourceUnit--btnAddTimeSegment"}]}
RESULT: undefined
COMMAND: POST /session/58f9e8aeb115b0a6781a57b35f866581/element - {"using":"xpath","value":"//*[@id=\"application-manageresources-display-component---newResourceUnit--btnAddTimeSegment\"]"}
RESULT: {}
RESULT: {"using":"xpath","value":"//*[@id=\"application-manageresources-display-component---newResourceUnit--btnAddTimeSegment\"]"}
COMMAND: POST /session/58f9e8aeb115b0a6781a57b35f866581/element/f.AE3DDBF61D62EC5D164E8B5EF4A74F4D.d.578CF52A42B74963823067A9136FB58E.e.3930/click - {}
RESULT: {}
COMMAND: GET /session/58f9e8aeb115b0a6781a57b35f866581/screenshot - {}
RESULT: {}
COMMAND: POST /session/58f9e8aeb115b0a6781a57b35f866581/element - {"using":"xpath","value":"//input[@id=\"application-manageresources-display-component---newResourceUnit--idRuTSAdmin-application-manageresources-display-component---newResourceUnit--RUTimeSegment-0-inner\"]"}
RESULT: {"using":"xpath","value":"//input[@id=\"application-manageresources-display-component---newResourceUnit--idRuTSAdmin-application-manageresources-display-component---newResourceUnit--RUTimeSegment-0-inner\"]"}
COMMAND: POST /session/58f9e8aeb115b0a6781a57b35f866581/element/f.AE3DDBF61D62EC5D164E8B5EF4A74F4D.d.578CF52A42B74963823067A9136FB58E.e.3935/clear - {}
RESULT: {}
COMMAND: POST /session/58f9e8aeb115b0a6781a57b35f866581/element/f.AE3DDBF61D62EC5D164E8B5EF4A74F4D.d.578CF52A42B74963823067A9136FB58E.e.3935/value - {"text":"591"}
COMMAND: GET /session/58f9e8aeb115b0a6781a57b35f866581/screenshot - {}
RESULT: {"text":"591"}
COMMAND: GET /session/58f9e8aeb115b0a6781a57b35f866581/screenshot - {}
RESULT: {}
RESULT: {}
COMMAND: POST /session/58f9e8aeb115b0a6781a57b35f866581/element - {"using":"xpath","value":"//li[.//span[text()='591']]"}
RESULT: {"using":"xpath","value":"//li[.//span[text()='591']]"}
COMMAND: POST /session/58f9e8aeb115b0a6781a57b35f866581/element/f.AE3DDBF61D62EC5D164E8B5EF4A74F4D.d.578CF52A42B74963823067A9136FB58E.e.3944/click - {}
RESULT: {}
COMMAND: GET /session/58f9e8aeb115b0a6781a57b35f866581/screenshot - {}
RESULT: {}
COMMAND: POST /session/58f9e8aeb115b0a6781a57b35f866581/element - {"using":"xpath","value":"//*[contains(text(), \"Catalogs\")][contains(@id ,\"application-manageresources-display-component---newResourceUnit--newRRUPage-anchBar\")]"}
RESULT: {"using":"xpath","value":"//*[contains(text(), \"Catalogs\")][contains(@id ,\"application-manageresources-display-component---newResourceUnit--newRRUPage-anchBar\")]"}
COMMAND: POST /session/58f9e8aeb115b0a6781a57b35f866581/element/f.AE3DDBF61D62EC5D164E8B5EF4A74F4D.d.578CF52A42B74963823067A9136FB58E.e.3945/click - {}
RESULT: {}
COMMAND: GET /session/58f9e8aeb115b0a6781a57b35f866581/screenshot - {}
RESULT: {}
COMMAND: POST /session/58f9e8aeb115b0a6781a57b35f866581/element - {"using":"xpath","value":"//*[contains(text(), \"Assign\")][contains(@id ,\"button\")]"}
RESULT: {"using":"xpath","value":"//*[contains(text(), \"Assign\")][contains(@id ,\"button\")]"}
COMMAND: POST /session/58f9e8aeb115b0a6781a57b35f866581/element/f.AE3DDBF61D62EC5D164E8B5EF4A74F4D.d.578CF52A42B74963823067A9136FB58E.e.3949/click - {}
RESULT: {}
COMMAND: GET /session/58f9e8aeb115b0a6781a57b35f866581/screenshot - {}
RESULT: {}
COMMAND: POST /session/58f9e8aeb115b0a6781a57b35f866581/element - {"using":"xpath","value":"//span[@id = \"application-manageresources-display-component---newResourceUnit--catalogSelect-arrow\"]"}
RESULT: {"using":"xpath","value":"//span[@id = \"application-manageresources-display-component---newResourceUnit--catalogSelect-arrow\"]"}
COMMAND: POST /session/58f9e8aeb115b0a6781a57b35f866581/element/f.AE3DDBF61D62EC5D164E8B5EF4A74F4D.d.578CF52A42B74963823067A9136FB58E.e.3957/click - {}
RESULT: {}
COMMAND: GET /session/58f9e8aeb115b0a6781a57b35f866581/screenshot - {}
RESULT: {}
COMMAND: POST /session/58f9e8aeb115b0a6781a57b35f866581/element - {"using":"xpath","value":"//li[.//span[text()=\"Webshop Catalog\"]]"}
RESULT: {"using":"xpath","value":"//li[.//span[text()=\"Webshop Catalog\"]]"}
COMMAND: POST /session/58f9e8aeb115b0a6781a57b35f866581/element/f.AE3DDBF61D62EC5D164E8B5EF4A74F4D.d.578CF52A42B74963823067A9136FB58E.e.3958/click - {}
RESULT: {}
COMMAND: GET /session/58f9e8aeb115b0a6781a57b35f866581/screenshot - {}
RESULT: {}
COMMAND: POST /session/58f9e8aeb115b0a6781a57b35f866581/element - {"using":"xpath","value":"//span[@id = \"application-manageresources-display-component---newResourceUnit--catalogItemSelect-arrow\"]"}
RESULT: {"using":"xpath","value":"//span[@id = \"application-manageresources-display-component---newResourceUnit--catalogItemSelect-arrow\"]"}
COMMAND: POST /session/58f9e8aeb115b0a6781a57b35f866581/element/f.AE3DDBF61D62EC5D164E8B5EF4A74F4D.d.578CF52A42B74963823067A9136FB58E.e.3959/click - {}
RESULT: {}
COMMAND: GET /session/58f9e8aeb115b0a6781a57b35f866581/screenshot - {}
RESULT: {}
COMMAND: POST /session/58f9e8aeb115b0a6781a57b35f866581/element - {"using":"xpath","value":"//li[.//span[text()=\"Concert - Concert \"]]"}
RESULT: {"using":"xpath","value":"//li[.//span[text()=\"Concert - Concert \"]]"}
COMMAND: POST /session/58f9e8aeb115b0a6781a57b35f866581/element/f.AE3DDBF61D62EC5D164E8B5EF4A74F4D.d.578CF52A42B74963823067A9136FB58E.e.3960/click - {}
RESULT: {}
COMMAND: GET /session/58f9e8aeb115b0a6781a57b35f866581/screenshot - {}
RESULT: {}
COMMAND: POST /session/58f9e8aeb115b0a6781a57b35f866581/execute/async - {"script":"<script> [1562 bytes]","args":[{"selector":{"id":"application-manageresources-display-component---newResourceUnit--RUAssignmentSaveButton","searchOpenDialogs":true,"interaction":{"idSuffix":"BDI-content"}},"wdio_ui5_key":"applicationmanageresources-display-component---newResourceUnit--RUAssignmentSaveButton"}]}
RESULT: {"script":"<script> [1562 bytes]","args":[{"selector":{"id":"application-manageresources-display-component---newResourceUnit--RUAssignmentSaveButton","searchOpenDialogs":true,"interaction":{"idSuffix":"BDI-content"}},"wdio_ui5_key":"applicationmanageresources-display-component---newResourceUnit--RUAssignmentSaveButton"}]}
RESULT: undefined
COMMAND: POST /session/58f9e8aeb115b0a6781a57b35f866581/element - {"using":"xpath","value":"//*[@id=\"application-manageresources-display-component---newResourceUnit--RUAssignmentSaveButton\"]"}
RESULT: {"using":"xpath","value":"//*[@id=\"application-manageresources-display-component---newResourceUnit--RUAssignmentSaveButton\"]"}
COMMAND: POST /session/58f9e8aeb115b0a6781a57b35f866581/element/f.AE3DDBF61D62EC5D164E8B5EF4A74F4D.d.578CF52A42B74963823067A9136FB58E.e.3978/click - {}
RESULT: {}
COMMAND: GET /session/58f9e8aeb115b0a6781a57b35f866581/screenshot - {}
RESULT: {}
COMMAND: POST /session/58f9e8aeb115b0a6781a57b35f866581/element - {"using":"xpath","value":"//button[@data-kt=\"resourceUnitSaveButton\"]"}
RESULT: {"using":"xpath","value":"//button[@data-kt=\"resourceUnitSaveButton\"]"}
COMMAND: POST /session/58f9e8aeb115b0a6781a57b35f866581/element/f.AE3DDBF61D62EC5D164E8B5EF4A74F4D.d.578CF52A42B74963823067A9136FB58E.e.3806/click - {}
RESULT: {}
COMMAND: GET /session/58f9e8aeb115b0a6781a57b35f866581/screenshot - {}
RESULT: {}
COMMAND: POST /session/58f9e8aeb115b0a6781a57b35f866581/element - {"using":"xpath","value":"//bdi[contains(text(), \"Close\")]"}
RESULT: {"using":"xpath","value":"//bdi[contains(text(), \"Close\")]"}
COMMAND: POST /session/58f9e8aeb115b0a6781a57b35f866581/element/f.AE3DDBF61D62EC5D164E8B5EF4A74F4D.d.578CF52A42B74963823067A9136FB58E.e.3987/click - {}
RESULT: {}
COMMAND: GET /session/58f9e8aeb115b0a6781a57b35f866581/screenshot - {}
RESULT: {}
COMMAND: POST /session/58f9e8aeb115b0a6781a57b35f866581/element - {"using":"xpath","value":"//header[contains(@id, 'detailRruPage-headerTitle')]/div[1]/div[2]/div[2]/span[1]"}
RESULT: {"using":"xpath","value":"//header[contains(@id, 'detailRruPage-headerTitle')]/div[1]/div[2]/div[2]/span[1]"}
COMMAND: POST /session/58f9e8aeb115b0a6781a57b35f866581/elements - {"using":"xpath","value":"//header[contains(@id, 'detailRruPage-headerTitle')]/div[1]/div[2]/div[2]/span[1]"}
RESULT: {"using":"xpath","value":"//header[contains(@id, 'detailRruPage-headerTitle')]/div[1]/div[2]/div[2]/span[1]"}
COMMAND: POST /session/58f9e8aeb115b0a6781a57b35f866581/execute/sync - {"script":"<script> [56 bytes]","args":[{"element-6066-11e4-a52e-4f735466cecf":"f.AE3DDBF61D62EC5D164E8B5EF4A74F4D.d.578CF52A42B74963823067A9136FB58E.e.4023","ELEMENT":"f.AE3DDBF61D62EC5D164E8B5EF4A74F4D.d.578CF52A42B74963823067A9136FB58E.e.4023"}]}
RESULT: {"script":"<script> [56 bytes]","args":[{"element-6066-11e4-a52e-4f735466cecf":"f.AE3DDBF61D62EC5D164E8B5EF4A74F4D.d.578CF52A42B74963823067A9136FB58E.e.4023","ELEMENT":"f.AE3DDBF61D62EC5D164E8B5EF4A74F4D.d.578CF52A42B74963823067A9136FB58E.e.4023"}]}
COMMAND: POST /session/58f9e8aeb115b0a6781a57b35f866581/element - {"using":"css selector","value":"#shell-header-logo"}
COMMAND: GET /session/58f9e8aeb115b0a6781a57b35f866581/screenshot - {}
RESULT: {"using":"css selector","value":"#shell-header-logo"}
COMMAND: POST /session/58f9e8aeb115b0a6781a57b35f866581/element/f.AE3DDBF61D62EC5D164E8B5EF4A74F4D.d.578CF52A42B74963823067A9136FB58E.e.3465/click - {}
RESULT: {}
RESULT: {}
COMMAND: GET /session/58f9e8aeb115b0a6781a57b35f866581/screenshot - {}
RESULT: {}
]]></system-out>
    </testcase>
    <testcase classname="chrome.136_0_7103_93.windows.Yard_Overview_Autoplanning_US130989" name="Should create a new request and add the material" time="96.866">
      <system-out><![CDATA[
COMMAND: POST /session/58f9e8aeb115b0a6781a57b35f866581/execute/async - {"script":"<script> [1562 bytes]","args":[{"selector":{"controlType":"sap.m.GenericTile","properties":{"header":"Manage Requests"}},"wdio_ui5_key":"sapm.GenericTile{\"header\":\"Manage Requests\"}"}]}
RESULT: {"script":"<script> [1562 bytes]","args":[{"selector":{"controlType":"sap.m.GenericTile","properties":{"header":"Manage Requests"}},"wdio_ui5_key":"sapm.GenericTile{\"header\":\"Manage Requests\"}"}]}
RESULT: undefined
COMMAND: POST /session/58f9e8aeb115b0a6781a57b35f866581/element - {"using":"xpath","value":"//*[@id=\"__tile47\"]"}
RESULT: {"using":"xpath","value":"//*[@id=\"__tile47\"]"}
COMMAND: POST /session/58f9e8aeb115b0a6781a57b35f866581/element/f.AE3DDBF61D62EC5D164E8B5EF4A74F4D.d.578CF52A42B74963823067A9136FB58E.e.3578/click - {}
RESULT: {}
COMMAND: GET /session/58f9e8aeb115b0a6781a57b35f866581/screenshot - {}
RESULT: {}
COMMAND: POST /session/58f9e8aeb115b0a6781a57b35f866581/elements - {"using":"xpath","value":"//span[text()='Error']"}
RESULT: {"using":"xpath","value":"//span[text()='Error']"}
COMMAND: POST /session/58f9e8aeb115b0a6781a57b35f866581/execute/async - {"script":"<script> [1562 bytes]","args":[{"selector":{"id":"btnCreateNew","viewName":"etm.portal.ui.managerequests.view.Master","interaction":{"idSuffix":"inner"}},"wdio_ui5_key":"btnCreateNewetmportal.ui.managerequests.view.Master"}]}
RESULT: {"script":"<script> [1562 bytes]","args":[{"selector":{"id":"btnCreateNew","viewName":"etm.portal.ui.managerequests.view.Master","interaction":{"idSuffix":"inner"}},"wdio_ui5_key":"btnCreateNewetmportal.ui.managerequests.view.Master"}]}
RESULT: undefined
COMMAND: POST /session/58f9e8aeb115b0a6781a57b35f866581/element - {"using":"xpath","value":"//*[@id=\"__xmlview58--btnCreateNew\"]"}
RESULT: {"using":"xpath","value":"//*[@id=\"__xmlview58--btnCreateNew\"]"}
COMMAND: POST /session/58f9e8aeb115b0a6781a57b35f866581/element/f.AE3DDBF61D62EC5D164E8B5EF4A74F4D.d.578CF52A42B74963823067A9136FB58E.e.4079/click - {}
RESULT: {}
COMMAND: GET /session/58f9e8aeb115b0a6781a57b35f866581/screenshot - {}
RESULT: {}
COMMAND: POST /session/58f9e8aeb115b0a6781a57b35f866581/execute/async - {"script":"<script> [1562 bytes]","args":[{"selector":{"controlType":"sap.ui.core.Icon","viewName":"etm.portal.ui.managerequests.view.NewRequest","properties":{"src":{"regex":{"source":"full\\-screen"}}}},"wdio_ui5_key":"etmportal.ui.managerequests.view.NewRequestsap.ui.core.Icon{\"src\":{\"regex\":{\"source\":\"full\\\\-screen\"}}}"}]}
RESULT: {"script":"<script> [1562 bytes]","args":[{"selector":{"controlType":"sap.ui.core.Icon","viewName":"etm.portal.ui.managerequests.view.NewRequest","properties":{"src":{"regex":{"source":"full\\-screen"}}}},"wdio_ui5_key":"etmportal.ui.managerequests.view.NewRequestsap.ui.core.Icon{\"src\":{\"regex\":{\"source\":\"full\\\\-screen\"}}}"}]}
RESULT: undefined
COMMAND: POST /session/58f9e8aeb115b0a6781a57b35f866581/element - {"using":"xpath","value":"//*[@id=\"__button83-img\"]"}
RESULT: {"using":"xpath","value":"//*[@id=\"__button83-img\"]"}
COMMAND: POST /session/58f9e8aeb115b0a6781a57b35f866581/element/f.AE3DDBF61D62EC5D164E8B5EF4A74F4D.d.578CF52A42B74963823067A9136FB58E.e.4498/click - {}
RESULT: {}
COMMAND: GET /session/58f9e8aeb115b0a6781a57b35f866581/screenshot - {}
RESULT: {}
COMMAND: POST /session/58f9e8aeb115b0a6781a57b35f866581/element - {"using":"xpath","value":"//input[contains(@id ,\"yardId-inner\")]"}
RESULT: {"using":"xpath","value":"//input[contains(@id ,\"yardId-inner\")]"}
COMMAND: POST /session/58f9e8aeb115b0a6781a57b35f866581/element/f.AE3DDBF61D62EC5D164E8B5EF4A74F4D.d.578CF52A42B74963823067A9136FB58E.e.4359/value - {"text":"591"}
RESULT: {"text":"591"}
COMMAND: GET /session/58f9e8aeb115b0a6781a57b35f866581/screenshot - {}
RESULT: {}
COMMAND: POST /session/58f9e8aeb115b0a6781a57b35f866581/element - {"using":"xpath","value":"//li[.//span[text()='591']]"}
RESULT: {"using":"xpath","value":"//li[.//span[text()='591']]"}
COMMAND: POST /session/58f9e8aeb115b0a6781a57b35f866581/element/f.AE3DDBF61D62EC5D164E8B5EF4A74F4D.d.578CF52A42B74963823067A9136FB58E.e.4543/click - {}
RESULT: {}
COMMAND: GET /session/58f9e8aeb115b0a6781a57b35f866581/screenshot - {}
RESULT: {}
COMMAND: POST /session/58f9e8aeb115b0a6781a57b35f866581/element - {"using":"xpath","value":"//input[contains(@id ,\"customerNumber-inner\")]"}
RESULT: {"using":"xpath","value":"//input[contains(@id ,\"customerNumber-inner\")]"}
COMMAND: POST /session/58f9e8aeb115b0a6781a57b35f866581/element/f.AE3DDBF61D62EC5D164E8B5EF4A74F4D.d.578CF52A42B74963823067A9136FB58E.e.4353/clear - {}
RESULT: {}
COMMAND: POST /session/58f9e8aeb115b0a6781a57b35f866581/element/f.AE3DDBF61D62EC5D164E8B5EF4A74F4D.d.578CF52A42B74963823067A9136FB58E.e.4353/value - {"text":"1382"}
COMMAND: GET /session/58f9e8aeb115b0a6781a57b35f866581/screenshot - {}
RESULT: {"text":"1382"}
COMMAND: GET /session/58f9e8aeb115b0a6781a57b35f866581/screenshot - {}
RESULT: {}
RESULT: {}
COMMAND: POST /session/58f9e8aeb115b0a6781a57b35f866581/element - {"using":"xpath","value":"//li[.//span[text()='1382']]"}
RESULT: {"using":"xpath","value":"//li[.//span[text()='1382']]"}
COMMAND: POST /session/58f9e8aeb115b0a6781a57b35f866581/element/f.AE3DDBF61D62EC5D164E8B5EF4A74F4D.d.578CF52A42B74963823067A9136FB58E.e.4545/click - {}
RESULT: {}
COMMAND: GET /session/58f9e8aeb115b0a6781a57b35f866581/screenshot - {}
RESULT: {}
COMMAND: POST /session/58f9e8aeb115b0a6781a57b35f866581/element - {"using":"xpath","value":"//button[contains(@id ,\"btnAddTableRow\")]"}
RESULT: {"using":"xpath","value":"//button[contains(@id ,\"btnAddTableRow\")]"}
COMMAND: POST /session/58f9e8aeb115b0a6781a57b35f866581/element/f.AE3DDBF61D62EC5D164E8B5EF4A74F4D.d.578CF52A42B74963823067A9136FB58E.e.4331/click - {}
RESULT: {}
COMMAND: GET /session/58f9e8aeb115b0a6781a57b35f866581/screenshot - {}
RESULT: {}
COMMAND: POST /session/58f9e8aeb115b0a6781a57b35f866581/actions - {"actions":[{"id":"action14","type":"key","parameters":{},"actions":[{"type":"keyDown","value":"î€•"},{"type":"pause","duration":10},{"type":"keyUp","value":"î€•"}]}]}
RESULT: {"actions":[{"id":"action14","type":"key","parameters":{},"actions":[{"type":"keyDown","value":"î€•"},{"type":"pause","duration":10},{"type":"keyUp","value":"î€•"}]}]}
COMMAND: POST /session/58f9e8aeb115b0a6781a57b35f866581/actions - {"actions":[{"id":"action15","type":"key","parameters":{},"actions":[{"type":"keyDown","value":"î€‡"},{"type":"pause","duration":10},{"type":"keyUp","value":"î€‡"}]}]}
COMMAND: GET /session/58f9e8aeb115b0a6781a57b35f866581/screenshot - {}
RESULT: {"actions":[{"id":"action15","type":"key","parameters":{},"actions":[{"type":"keyDown","value":"î€‡"},{"type":"pause","duration":10},{"type":"keyUp","value":"î€‡"}]}]}
COMMAND: GET /session/58f9e8aeb115b0a6781a57b35f866581/screenshot - {}
RESULT: {}
RESULT: {}
COMMAND: POST /session/58f9e8aeb115b0a6781a57b35f866581/element - {"using":"xpath","value":"//table[contains(@id, \"requestItemsTable-listUl\")]//tbody/tr[1]/td[3]/div/div/input"}
RESULT: {"using":"xpath","value":"//table[contains(@id, \"requestItemsTable-listUl\")]//tbody/tr[1]/td[3]/div/div/input"}
COMMAND: POST /session/58f9e8aeb115b0a6781a57b35f866581/element/f.AE3DDBF61D62EC5D164E8B5EF4A74F4D.d.578CF52A42B74963823067A9136FB58E.e.4549/clear - {}
RESULT: {}
COMMAND: POST /session/58f9e8aeb115b0a6781a57b35f866581/element/f.AE3DDBF61D62EC5D164E8B5EF4A74F4D.d.578CF52A42B74963823067A9136FB58E.e.4549/value - {"text":"Concert"}
COMMAND: GET /session/58f9e8aeb115b0a6781a57b35f866581/screenshot - {}
RESULT: {"text":"Concert"}
COMMAND: GET /session/58f9e8aeb115b0a6781a57b35f866581/screenshot - {}
RESULT: {}
RESULT: {}
COMMAND: POST /session/58f9e8aeb115b0a6781a57b35f866581/element - {"using":"xpath","value":"//li[.//span[contains(text(), \"Concert\")]]"}
RESULT: {"using":"xpath","value":"//li[.//span[contains(text(), \"Concert\")]]"}
COMMAND: POST /session/58f9e8aeb115b0a6781a57b35f866581/element/f.AE3DDBF61D62EC5D164E8B5EF4A74F4D.d.578CF52A42B74963823067A9136FB58E.e.4561/click - {}
RESULT: {}
COMMAND: GET /session/58f9e8aeb115b0a6781a57b35f866581/screenshot - {}
RESULT: {}
COMMAND: POST /session/58f9e8aeb115b0a6781a57b35f866581/execute/async - {"script":"<script> [1562 bytes]","args":[{"selector":{"controlType":"sap.ui.core.Icon","viewName":"etm.portal.ui.managerequests.view.NewRequest","properties":{"src":{"regex":{"source":"message\\-error"}}},"ancestor":{"controlType":"sap.m.ColumnListItem","viewName":"etm.portal.ui.managerequests.view.NewRequest","bindingPath":{"modelName":"newRequestItems","path":"/RequestItems/0"},"ancestor":{"id":"requestItemsTable","viewName":"etm.portal.ui.managerequests.view.NewRequest"}}},"wdio_ui5_key":"etmportal.ui.managerequests.view.NewRequestsap.ui.core.Icon{\"src\":{\"regex\":{\"source\":\"message\\\\-error\"}}}{\"controlType\":\"sap.m.ColumnListItem\",\"viewName\":\"etm.portal.ui.managerequests.view.NewRequest\",\"bindingPath\":{\"modelName\":\"newRequestItems\",\"path\":\"/RequestItems/0\"},\"ancestor\":{\"id\":\"requestItemsTable\",\"viewName\":\"etm.portal.ui.managerequests.view.NewRequest\"}}"}]}
RESULT: {"script":"<script> [1562 bytes]","args":[{"selector":{"controlType":"sap.ui.core.Icon","viewName":"etm.portal.ui.managerequests.view.NewRequest","properties":{"src":{"regex":{"source":"message\\-error"}}},"ancestor":{"controlType":"sap.m.ColumnListItem","viewName":"etm.portal.ui.managerequests.view.NewRequest","bindingPath":{"modelName":"newRequestItems","path":"/RequestItems/0"},"ancestor":{"id":"requestItemsTable","viewName":"etm.portal.ui.managerequests.view.NewRequest"}}},"wdio_ui5_key":"etmportal.ui.managerequests.view.NewRequestsap.ui.core.Icon{\"src\":{\"regex\":{\"source\":\"message\\\\-error\"}}}{\"controlType\":\"sap.m.ColumnListItem\",\"viewName\":\"etm.portal.ui.managerequests.view.NewRequest\",\"bindingPath\":{\"modelName\":\"newRequestItems\",\"path\":\"/RequestItems/0\"},\"ancestor\":{\"id\":\"requestItemsTable\",\"viewName\":\"etm.portal.ui.managerequests.view.NewRequest\"}}"}]}
RESULT: undefined
COMMAND: POST /session/58f9e8aeb115b0a6781a57b35f866581/element - {"using":"xpath","value":"//*[@id=\"__status10-__xmlview59--requestItemsTable-0-icon\"]"}
RESULT: {"using":"xpath","value":"//*[@id=\"__status10-__xmlview59--requestItemsTable-0-icon\"]"}
COMMAND: POST /session/58f9e8aeb115b0a6781a57b35f866581/element/f.AE3DDBF61D62EC5D164E8B5EF4A74F4D.d.578CF52A42B74963823067A9136FB58E.e.4562/click - {}
RESULT: {}
COMMAND: POST /session/58f9e8aeb115b0a6781a57b35f866581/execute/async - {"script":"<script> [1562 bytes]","args":[{"selector":{"controlType":"sap.ui.core.Icon","viewName":"etm.portal.ui.managerequests.view.NewRequest","properties":{"src":{"regex":{"source":"slim\\-arrow\\-down"}}},"searchOpenDialogs":true,"ancestor":{"id":"costObjectAdminTypeComboBox","viewName":"etm.portal.ui.managerequests.view.NewRequest","searchOpenDialogs":true}},"wdio_ui5_key":"etmportal.ui.managerequests.view.NewRequestsap.ui.core.Icon{\"src\":{\"regex\":{\"source\":\"slim\\\\-arrow\\\\-down\"}}}{\"id\":\"costObjectAdminTypeComboBox\",\"viewName\":\"etm.portal.ui.managerequests.view.NewRequest\",\"searchOpenDialogs\":true}"}]}
COMMAND: GET /session/58f9e8aeb115b0a6781a57b35f866581/screenshot - {}
RESULT: {"script":"<script> [1562 bytes]","args":[{"selector":{"controlType":"sap.ui.core.Icon","viewName":"etm.portal.ui.managerequests.view.NewRequest","properties":{"src":{"regex":{"source":"slim\\-arrow\\-down"}}},"searchOpenDialogs":true,"ancestor":{"id":"costObjectAdminTypeComboBox","viewName":"etm.portal.ui.managerequests.view.NewRequest","searchOpenDialogs":true}},"wdio_ui5_key":"etmportal.ui.managerequests.view.NewRequestsap.ui.core.Icon{\"src\":{\"regex\":{\"source\":\"slim\\\\-arrow\\\\-down\"}}}{\"id\":\"costObjectAdminTypeComboBox\",\"viewName\":\"etm.portal.ui.managerequests.view.NewRequest\",\"searchOpenDialogs\":true}"}]}
RESULT: undefined
COMMAND: POST /session/58f9e8aeb115b0a6781a57b35f866581/element - {"using":"xpath","value":"//*[@id=\"__xmlview59--costObjectAdminTypeComboBox-arrow\"]"}
RESULT: {}
RESULT: {"using":"xpath","value":"//*[@id=\"__xmlview59--costObjectAdminTypeComboBox-arrow\"]"}
COMMAND: POST /session/58f9e8aeb115b0a6781a57b35f866581/element/f.AE3DDBF61D62EC5D164E8B5EF4A74F4D.d.578CF52A42B74963823067A9136FB58E.e.4567/click - {}
RESULT: {}
COMMAND: GET /session/58f9e8aeb115b0a6781a57b35f866581/screenshot - {}
RESULT: {}
COMMAND: POST /session/58f9e8aeb115b0a6781a57b35f866581/execute/async - {"script":"<script> [1562 bytes]","args":[{"selector":{"controlType":"sap.m.StandardListItem","viewName":"etm.portal.ui.managerequests.view.NewRequest","properties":{"title":"Cost Center"},"searchOpenDialogs":true,"interaction":{"idSuffix":"content"}},"wdio_ui5_key":"etmportal.ui.managerequests.view.NewRequestsap.m.StandardListItem{\"title\":\"Cost Center\"}"}]}
RESULT: {"script":"<script> [1562 bytes]","args":[{"selector":{"controlType":"sap.m.StandardListItem","viewName":"etm.portal.ui.managerequests.view.NewRequest","properties":{"title":"Cost Center"},"searchOpenDialogs":true,"interaction":{"idSuffix":"content"}},"wdio_ui5_key":"etmportal.ui.managerequests.view.NewRequestsap.m.StandardListItem{\"title\":\"Cost Center\"}"}]}
RESULT: undefined
COMMAND: POST /session/58f9e8aeb115b0a6781a57b35f866581/element - {"using":"xpath","value":"//*[@id=\"__item1734\"]"}
RESULT: {"using":"xpath","value":"//*[@id=\"__item1734\"]"}
COMMAND: POST /session/58f9e8aeb115b0a6781a57b35f866581/element/f.AE3DDBF61D62EC5D164E8B5EF4A74F4D.d.578CF52A42B74963823067A9136FB58E.e.4570/click - {}
RESULT: {}
COMMAND: GET /session/58f9e8aeb115b0a6781a57b35f866581/screenshot - {}
RESULT: {}
COMMAND: POST /session/58f9e8aeb115b0a6781a57b35f866581/execute/async - {"script":"<script> [1562 bytes]","args":[{"selector":{"controlType":"sap.m.Button","viewName":"etm.portal.ui.managerequests.view.NewRequest","i18NText":{"propertyName":"text","key":"save"},"searchOpenDialogs":true,"interaction":{"idSuffix":"inner"}},"wdio_ui5_key":"etmportal.ui.managerequests.view.NewRequestsap.m.Button{\"propertyName\":\"text\",\"key\":\"save\"}"}]}
RESULT: {"script":"<script> [1562 bytes]","args":[{"selector":{"controlType":"sap.m.Button","viewName":"etm.portal.ui.managerequests.view.NewRequest","i18NText":{"propertyName":"text","key":"save"},"searchOpenDialogs":true,"interaction":{"idSuffix":"inner"}},"wdio_ui5_key":"etmportal.ui.managerequests.view.NewRequestsap.m.Button{\"propertyName\":\"text\",\"key\":\"save\"}"}]}
RESULT: undefined
COMMAND: POST /session/58f9e8aeb115b0a6781a57b35f866581/element - {"using":"xpath","value":"//*[@id=\"__button101\"]"}
RESULT: {"using":"xpath","value":"//*[@id=\"__button101\"]"}
COMMAND: POST /session/58f9e8aeb115b0a6781a57b35f866581/element/f.AE3DDBF61D62EC5D164E8B5EF4A74F4D.d.578CF52A42B74963823067A9136FB58E.e.4578/click - {}
RESULT: {}
COMMAND: GET /session/58f9e8aeb115b0a6781a57b35f866581/screenshot - {}
RESULT: {}
COMMAND: POST /session/58f9e8aeb115b0a6781a57b35f866581/execute/async - {"script":"<script> [1562 bytes]","args":[{"selector":{"controlType":"sap.m.Button","viewName":"etm.portal.ui.managerequests.view.NewRequest","i18NText":{"propertyName":"tooltip","key":"save"},"interaction":{"idSuffix":"BDI-content"}},"wdio_ui5_key":"etmportal.ui.managerequests.view.NewRequestsap.m.Button{\"propertyName\":\"tooltip\",\"key\":\"save\"}"}]}
RESULT: {"script":"<script> [1562 bytes]","args":[{"selector":{"controlType":"sap.m.Button","viewName":"etm.portal.ui.managerequests.view.NewRequest","i18NText":{"propertyName":"tooltip","key":"save"},"interaction":{"idSuffix":"BDI-content"}},"wdio_ui5_key":"etmportal.ui.managerequests.view.NewRequestsap.m.Button{\"propertyName\":\"tooltip\",\"key\":\"save\"}"}]}
RESULT: undefined
COMMAND: POST /session/58f9e8aeb115b0a6781a57b35f866581/element - {"using":"xpath","value":"//*[@id=\"__button90\"]"}
RESULT: {"using":"xpath","value":"//*[@id=\"__button90\"]"}
COMMAND: POST /session/58f9e8aeb115b0a6781a57b35f866581/element/f.AE3DDBF61D62EC5D164E8B5EF4A74F4D.d.578CF52A42B74963823067A9136FB58E.e.4435/click - {}
RESULT: {}
COMMAND: POST /session/58f9e8aeb115b0a6781a57b35f866581/execute/async - {"script":"<script> [1562 bytes]","args":[{"selector":{"controlType":"sap.m.Button","properties":{"text":"Close"},"searchOpenDialogs":true,"interaction":{"idSuffix":"inner"}},"wdio_ui5_key":"sapm.Button{\"text\":\"Close\"}"}]}
COMMAND: GET /session/58f9e8aeb115b0a6781a57b35f866581/screenshot - {}
RESULT: {"script":"<script> [1562 bytes]","args":[{"selector":{"controlType":"sap.m.Button","properties":{"text":"Close"},"searchOpenDialogs":true,"interaction":{"idSuffix":"inner"}},"wdio_ui5_key":"sapm.Button{\"text\":\"Close\"}"}]}
RESULT: undefined
COMMAND: POST /session/58f9e8aeb115b0a6781a57b35f866581/element - {"using":"xpath","value":"//*[@id=\"__mbox-btn-1\"]"}
RESULT: {}
RESULT: {"using":"xpath","value":"//*[@id=\"__mbox-btn-1\"]"}
COMMAND: POST /session/58f9e8aeb115b0a6781a57b35f866581/element/f.AE3DDBF61D62EC5D164E8B5EF4A74F4D.d.578CF52A42B74963823067A9136FB58E.e.4581/click - {}
RESULT: {}
COMMAND: GET /session/58f9e8aeb115b0a6781a57b35f866581/screenshot - {}
RESULT: {}
COMMAND: POST /session/58f9e8aeb115b0a6781a57b35f866581/execute/async - {"script":"<script> [1562 bytes]","args":[{"selector":{"controlType":"sap.m.Text","viewName":"etm.portal.ui.managerequests.view.Detail","bindingPath":{"propertyPath":"NO","modelName":"catalogModel"}},"wdio_ui5_key":"etmportal.ui.managerequests.view.Detailsap.m.Text{\"propertyPath\":\"NO\",\"modelName\":\"catalogModel\"}"}]}
RESULT: {"script":"<script> [1562 bytes]","args":[{"selector":{"controlType":"sap.m.Text","viewName":"etm.portal.ui.managerequests.view.Detail","bindingPath":{"propertyPath":"NO","modelName":"catalogModel"}},"wdio_ui5_key":"etmportal.ui.managerequests.view.Detailsap.m.Text{\"propertyPath\":\"NO\",\"modelName\":\"catalogModel\"}"}]}
RESULT: undefined
COMMAND: POST /session/58f9e8aeb115b0a6781a57b35f866581/execute/async - {"script":"<script> [6424 bytes]","args":[{"element-6066-11e4-a52e-4f735466cecf":"f.AE3DDBF61D62EC5D164E8B5EF4A74F4D.d.578CF52A42B74963823067A9136FB58E.e.4853"},"getText",[]]}
RESULT: {"script":"<script> [6424 bytes]","args":[{"element-6066-11e4-a52e-4f735466cecf":"f.AE3DDBF61D62EC5D164E8B5EF4A74F4D.d.578CF52A42B74963823067A9136FB58E.e.4853"},"getText",[]]}
COMMAND: POST /session/58f9e8aeb115b0a6781a57b35f866581/element - {"using":"css selector","value":"#shell-header-logo"}
RESULT: {"using":"css selector","value":"#shell-header-logo"}
COMMAND: POST /session/58f9e8aeb115b0a6781a57b35f866581/element/f.AE3DDBF61D62EC5D164E8B5EF4A74F4D.d.578CF52A42B74963823067A9136FB58E.e.4026/click - {}
RESULT: {}
COMMAND: GET /session/58f9e8aeb115b0a6781a57b35f866581/screenshot - {}
RESULT: {}
]]></system-out>
    </testcase>
    <testcase classname="chrome.136_0_7103_93.windows.Yard_Overview_Autoplanning_US130989" name="Should navigate to Yard overview and plan the request" time="139.255">
      <system-out><![CDATA[
COMMAND: POST /session/58f9e8aeb115b0a6781a57b35f866581/execute/async - {"script":"<script> [1562 bytes]","args":[{"selector":{"controlType":"sap.m.GenericTile","properties":{"header":"Yard Overview"}},"wdio_ui5_key":"sapm.GenericTile{\"header\":\"Yard Overview\"}"}]}
RESULT: {"script":"<script> [1562 bytes]","args":[{"selector":{"controlType":"sap.m.GenericTile","properties":{"header":"Yard Overview"}},"wdio_ui5_key":"sapm.GenericTile{\"header\":\"Yard Overview\"}"}]}
RESULT: undefined
COMMAND: POST /session/58f9e8aeb115b0a6781a57b35f866581/element - {"using":"xpath","value":"//*[@id=\"__tile102\"]"}
RESULT: {"using":"xpath","value":"//*[@id=\"__tile102\"]"}
COMMAND: POST /session/58f9e8aeb115b0a6781a57b35f866581/element/f.AE3DDBF61D62EC5D164E8B5EF4A74F4D.d.578CF52A42B74963823067A9136FB58E.e.4858/click - {}
RESULT: {}
COMMAND: GET /session/58f9e8aeb115b0a6781a57b35f866581/screenshot - {}
RESULT: {}
COMMAND: POST /session/58f9e8aeb115b0a6781a57b35f866581/elements - {"using":"xpath","value":"//span[text()='Error']"}
RESULT: {"using":"xpath","value":"//span[text()='Error']"}
COMMAND: POST /session/58f9e8aeb115b0a6781a57b35f866581/execute/async - {"script":"<script> [1562 bytes]","args":[{"selector":{"id":"application-yardoverview-display-component---masterYardInventory--smartFilterBar-btnBasicSearch","interaction":{"idSuffix":"I"}},"wdio_ui5_key":"applicationyardoverview-display-component---masterYardInventory--smartFilterBar-btnBasicSearch"}]}
RESULT: {"script":"<script> [1562 bytes]","args":[{"selector":{"id":"application-yardoverview-display-component---masterYardInventory--smartFilterBar-btnBasicSearch","interaction":{"idSuffix":"I"}},"wdio_ui5_key":"applicationyardoverview-display-component---masterYardInventory--smartFilterBar-btnBasicSearch"}]}
RESULT: undefined
COMMAND: POST /session/58f9e8aeb115b0a6781a57b35f866581/execute/async - {"script":"<script> [776 bytes]","args":[{"enterText":"591","selector":{"id":"application-yardoverview-display-component---masterYardInventory--smartFilterBar-btnBasicSearch","interaction":{"idSuffix":"I"}},"clearTextFirst":true,"interactionType":"ENTER_TEXT"}]}
RESULT: {"script":"<script> [776 bytes]","args":[{"enterText":"591","selector":{"id":"application-yardoverview-display-component---masterYardInventory--smartFilterBar-btnBasicSearch","interaction":{"idSuffix":"I"}},"clearTextFirst":true,"interactionType":"ENTER_TEXT"}]}
COMMAND: POST /session/58f9e8aeb115b0a6781a57b35f866581/actions - {"actions":[{"id":"action16","type":"key","parameters":{},"actions":[{"type":"keyDown","value":"î€‡"},{"type":"pause","duration":10},{"type":"keyUp","value":"î€‡"}]}]}
RESULT: {"actions":[{"id":"action16","type":"key","parameters":{},"actions":[{"type":"keyDown","value":"î€‡"},{"type":"pause","duration":10},{"type":"keyUp","value":"î€‡"}]}]}
COMMAND: GET /session/58f9e8aeb115b0a6781a57b35f866581/screenshot - {}
RESULT: {}
COMMAND: POST /session/58f9e8aeb115b0a6781a57b35f866581/execute/async - {"script":"<script> [1562 bytes]","args":[{"selector":{"controlType":"sap.m.Text","viewName":"etm.portal.ui.yardoverview.view.Master","viewId":"application-yardoverview-display-component---masterYardInventory","bindingPath":{"propertyPath":"ID"}},"wdio_ui5_key":"etmportal.ui.yardoverview.view.Mastersap.m.Text{\"propertyPath\":\"ID\"}"}]}
RESULT: {"script":"<script> [1562 bytes]","args":[{"selector":{"controlType":"sap.m.Text","viewName":"etm.portal.ui.yardoverview.view.Master","viewId":"application-yardoverview-display-component---masterYardInventory","bindingPath":{"propertyPath":"ID"}},"wdio_ui5_key":"etmportal.ui.yardoverview.view.Mastersap.m.Text{\"propertyPath\":\"ID\"}"}]}
RESULT: undefined
COMMAND: POST /session/58f9e8aeb115b0a6781a57b35f866581/element - {"using":"xpath","value":"//*[@id=\"__text982-__clone3213\"]"}
RESULT: {"using":"xpath","value":"//*[@id=\"__text982-__clone3213\"]"}
COMMAND: POST /session/58f9e8aeb115b0a6781a57b35f866581/element/f.AE3DDBF61D62EC5D164E8B5EF4A74F4D.d.578CF52A42B74963823067A9136FB58E.e.4930/click - {}
RESULT: {}
COMMAND: GET /session/58f9e8aeb115b0a6781a57b35f866581/screenshot - {}
RESULT: {}
COMMAND: POST /session/58f9e8aeb115b0a6781a57b35f866581/execute/async - {"script":"<script> [1562 bytes]","args":[{"selector":{"id":"application-yardoverview-display-component---detailYardInventory--ObjectPageLayout-anchBar-application-yardoverview-display-component---detailYardInventory--openRequestsSection-anchor","interaction":{"idSuffix":"BDI-content"}},"wdio_ui5_key":"applicationyardoverview-display-component---detailYardInventory--ObjectPageLayout-anchBar-application-yardoverview-display-component---detailYardInventory--openRequestsSection-anchor"}]}
RESULT: {"script":"<script> [1562 bytes]","args":[{"selector":{"id":"application-yardoverview-display-component---detailYardInventory--ObjectPageLayout-anchBar-application-yardoverview-display-component---detailYardInventory--openRequestsSection-anchor","interaction":{"idSuffix":"BDI-content"}},"wdio_ui5_key":"applicationyardoverview-display-component---detailYardInventory--ObjectPageLayout-anchBar-application-yardoverview-display-component---detailYardInventory--openRequestsSection-anchor"}]}
RESULT: undefined
COMMAND: POST /session/58f9e8aeb115b0a6781a57b35f866581/element - {"using":"xpath","value":"//*[@id=\"application-yardoverview-display-component---detailYardInventory--ObjectPageLayout-anchBar-application-yardoverview-display-component---detailYardInventory--openRequestsSection-anchor\"]"}
RESULT: {"using":"xpath","value":"//*[@id=\"application-yardoverview-display-component---detailYardInventory--ObjectPageLayout-anchBar-application-yardoverview-display-component---detailYardInventory--openRequestsSection-anchor\"]"}
COMMAND: POST /session/58f9e8aeb115b0a6781a57b35f866581/element/f.AE3DDBF61D62EC5D164E8B5EF4A74F4D.d.578CF52A42B74963823067A9136FB58E.e.5023/click - {}
RESULT: {}
COMMAND: GET /session/58f9e8aeb115b0a6781a57b35f866581/screenshot - {}
RESULT: {}
COMMAND: POST /session/58f9e8aeb115b0a6781a57b35f866581/element - {"using":"xpath","value":"//input[contains(@aria-labelledby ,\"INTERNAL_GROUP-request\")]"}
RESULT: {"using":"xpath","value":"//input[contains(@aria-labelledby ,\"INTERNAL_GROUP-request\")]"}
COMMAND: POST /session/58f9e8aeb115b0a6781a57b35f866581/element/f.AE3DDBF61D62EC5D164E8B5EF4A74F4D.d.578CF52A42B74963823067A9136FB58E.e.5034/clear - {}
RESULT: {}
COMMAND: POST /session/58f9e8aeb115b0a6781a57b35f866581/element/f.AE3DDBF61D62EC5D164E8B5EF4A74F4D.d.578CF52A42B74963823067A9136FB58E.e.5034/value - {"text":"20226"}
COMMAND: GET /session/58f9e8aeb115b0a6781a57b35f866581/screenshot - {}
RESULT: {"text":"20226"}
COMMAND: GET /session/58f9e8aeb115b0a6781a57b35f866581/screenshot - {}
RESULT: {}
RESULT: {}
COMMAND: POST /session/58f9e8aeb115b0a6781a57b35f866581/actions - {"actions":[{"id":"action17","type":"key","parameters":{},"actions":[{"type":"keyDown","value":"î€‡"},{"type":"pause","duration":10},{"type":"keyUp","value":"î€‡"}]}]}
RESULT: {"actions":[{"id":"action17","type":"key","parameters":{},"actions":[{"type":"keyDown","value":"î€‡"},{"type":"pause","duration":10},{"type":"keyUp","value":"î€‡"}]}]}
COMMAND: POST /session/58f9e8aeb115b0a6781a57b35f866581/element - {"using":"xpath","value":"//button[contains(@id,\"openRequests-triggerAction-autoplanBtn\")]"}
RESULT: {"using":"xpath","value":"//button[contains(@id,\"openRequests-triggerAction-autoplanBtn\")]"}
COMMAND: POST /session/58f9e8aeb115b0a6781a57b35f866581/element/f.AE3DDBF61D62EC5D164E8B5EF4A74F4D.d.578CF52A42B74963823067A9136FB58E.e.5055/click - {}
COMMAND: GET /session/58f9e8aeb115b0a6781a57b35f866581/screenshot - {}
RESULT: {}
COMMAND: GET /session/58f9e8aeb115b0a6781a57b35f866581/screenshot - {}
RESULT: {}
RESULT: {}
COMMAND: POST /session/58f9e8aeb115b0a6781a57b35f866581/execute/async - {"script":"<script> [1562 bytes]","args":[{"selector":{"id":"application-yardoverview-display-component---detailYardInventory--customRequestsTable-sa","interaction":{"idSuffix":"CbBg"}},"wdio_ui5_key":"applicationyardoverview-display-component---detailYardInventory--customRequestsTable-sa"}]}
RESULT: {"script":"<script> [1562 bytes]","args":[{"selector":{"id":"application-yardoverview-display-component---detailYardInventory--customRequestsTable-sa","interaction":{"idSuffix":"CbBg"}},"wdio_ui5_key":"applicationyardoverview-display-component---detailYardInventory--customRequestsTable-sa"}]}
RESULT: undefined
COMMAND: POST /session/58f9e8aeb115b0a6781a57b35f866581/element - {"using":"xpath","value":"//*[@id=\"application-yardoverview-display-component---detailYardInventory--customRequestsTable-sa\"]"}
RESULT: {"using":"xpath","value":"//*[@id=\"application-yardoverview-display-component---detailYardInventory--customRequestsTable-sa\"]"}
COMMAND: POST /session/58f9e8aeb115b0a6781a57b35f866581/element/f.AE3DDBF61D62EC5D164E8B5EF4A74F4D.d.578CF52A42B74963823067A9136FB58E.e.5078/click - {}
RESULT: {}
COMMAND: GET /session/58f9e8aeb115b0a6781a57b35f866581/screenshot - {}
RESULT: {}
COMMAND: POST /session/58f9e8aeb115b0a6781a57b35f866581/element - {"using":"xpath","value":"//button[contains(@id,\"openRequests-triggerAction-autoplanBtn\")]"}
RESULT: {"using":"xpath","value":"//button[contains(@id,\"openRequests-triggerAction-autoplanBtn\")]"}
COMMAND: POST /session/58f9e8aeb115b0a6781a57b35f866581/element/f.AE3DDBF61D62EC5D164E8B5EF4A74F4D.d.578CF52A42B74963823067A9136FB58E.e.5055/click - {}
RESULT: {}
COMMAND: GET /session/58f9e8aeb115b0a6781a57b35f866581/screenshot - {}
RESULT: {}
COMMAND: POST /session/58f9e8aeb115b0a6781a57b35f866581/element - {"using":"xpath","value":"//button[.//bdi[contains(text(),\"OK\")]]"}
RESULT: {"using":"xpath","value":"//button[.//bdi[contains(text(),\"OK\")]]"}
COMMAND: POST /session/58f9e8aeb115b0a6781a57b35f866581/element/f.AE3DDBF61D62EC5D164E8B5EF4A74F4D.d.578CF52A42B74963823067A9136FB58E.e.5079/click - {}
RESULT: {}
COMMAND: GET /session/58f9e8aeb115b0a6781a57b35f866581/screenshot - {}
RESULT: {}
COMMAND: POST /session/58f9e8aeb115b0a6781a57b35f866581/execute/async - {"script":"<script> [1562 bytes]","args":[{"selector":{"id":"application-yardoverview-display-component---detailYardInventory--refreshOpenRequests-img"},"wdio_ui5_key":"applicationyardoverview-display-component---detailYardInventory--refreshOpenRequests-img"}]}
RESULT: {"script":"<script> [1562 bytes]","args":[{"selector":{"id":"application-yardoverview-display-component---detailYardInventory--refreshOpenRequests-img"},"wdio_ui5_key":"applicationyardoverview-display-component---detailYardInventory--refreshOpenRequests-img"}]}
RESULT: undefined
COMMAND: POST /session/58f9e8aeb115b0a6781a57b35f866581/element - {"using":"xpath","value":"//*[@id=\"application-yardoverview-display-component---detailYardInventory--refreshOpenRequests-img\"]"}
RESULT: {"using":"xpath","value":"//*[@id=\"application-yardoverview-display-component---detailYardInventory--refreshOpenRequests-img\"]"}
COMMAND: POST /session/58f9e8aeb115b0a6781a57b35f866581/element/f.AE3DDBF61D62EC5D164E8B5EF4A74F4D.d.578CF52A42B74963823067A9136FB58E.e.5081/click - {}
RESULT: {}
COMMAND: GET /session/58f9e8aeb115b0a6781a57b35f866581/screenshot - {}
RESULT: {}
COMMAND: POST /session/58f9e8aeb115b0a6781a57b35f866581/execute/async - {"script":"<script> [1562 bytes]","args":[{"selector":{"id":"application-yardoverview-display-component---detailYardInventory--ObjectPageLayout-anchBar-application-yardoverview-display-component---detailYardInventory--openProvidesSection-anchor","interaction":{"idSuffix":"BDI-content"}},"wdio_ui5_key":"applicationyardoverview-display-component---detailYardInventory--ObjectPageLayout-anchBar-application-yardoverview-display-component---detailYardInventory--openProvidesSection-anchor"}]}
RESULT: {"script":"<script> [1562 bytes]","args":[{"selector":{"id":"application-yardoverview-display-component---detailYardInventory--ObjectPageLayout-anchBar-application-yardoverview-display-component---detailYardInventory--openProvidesSection-anchor","interaction":{"idSuffix":"BDI-content"}},"wdio_ui5_key":"applicationyardoverview-display-component---detailYardInventory--ObjectPageLayout-anchBar-application-yardoverview-display-component---detailYardInventory--openProvidesSection-anchor"}]}
RESULT: undefined
COMMAND: POST /session/58f9e8aeb115b0a6781a57b35f866581/element - {"using":"xpath","value":"//*[@id=\"application-yardoverview-display-component---detailYardInventory--ObjectPageLayout-anchBar-application-yardoverview-display-component---detailYardInventory--openProvidesSection-anchor\"]"}
RESULT: {"using":"xpath","value":"//*[@id=\"application-yardoverview-display-component---detailYardInventory--ObjectPageLayout-anchBar-application-yardoverview-display-component---detailYardInventory--openProvidesSection-anchor\"]"}
COMMAND: POST /session/58f9e8aeb115b0a6781a57b35f866581/element/f.AE3DDBF61D62EC5D164E8B5EF4A74F4D.d.578CF52A42B74963823067A9136FB58E.e.5085/click - {}
RESULT: {}
COMMAND: GET /session/58f9e8aeb115b0a6781a57b35f866581/screenshot - {}
RESULT: {}
COMMAND: POST /session/58f9e8aeb115b0a6781a57b35f866581/element - {"using":"css selector","value":"#shell-header-logo"}
RESULT: {"using":"css selector","value":"#shell-header-logo"}
COMMAND: POST /session/58f9e8aeb115b0a6781a57b35f866581/element/f.AE3DDBF61D62EC5D164E8B5EF4A74F4D.d.578CF52A42B74963823067A9136FB58E.e.4861/click - {}
RESULT: {}
COMMAND: GET /session/58f9e8aeb115b0a6781a57b35f866581/screenshot - {}
RESULT: {}
RESULT: undefined
COMMAND: POST /session/58f9e8aeb115b0a6781a57b35f866581/element - {"using":"xpath","value":"//*[@id=\"__tile47\"]"}
RESULT: {"using":"xpath","value":"//*[@id=\"__tile47\"]"}
COMMAND: POST /session/58f9e8aeb115b0a6781a57b35f866581/element/f.AE3DDBF61D62EC5D164E8B5EF4A74F4D.d.578CF52A42B74963823067A9136FB58E.e.3578/click - {}
RESULT: {}
COMMAND: GET /session/58f9e8aeb115b0a6781a57b35f866581/screenshot - {}
RESULT: {}
COMMAND: POST /session/58f9e8aeb115b0a6781a57b35f866581/elements - {"using":"xpath","value":"//span[text()='Error']"}
RESULT: {"using":"xpath","value":"//span[text()='Error']"}
COMMAND: POST /session/58f9e8aeb115b0a6781a57b35f866581/execute/async - {"script":"<script> [1562 bytes]","args":[{"selector":{"controlType":"sap.m.SearchField","viewName":"etm.portal.ui.managerequests.view.Master","bindingPath":{"path":"","propertyPath":"/_BASIC_SEARCH_FIELD","modelName":"fi1t3rM0d31"},"interaction":{"idSuffix":"I"}},"wdio_ui5_key":"etmportal.ui.managerequests.view.Mastersap.m.SearchField{\"path\":\"\",\"propertyPath\":\"/_BASIC_SEARCH_FIELD\",\"modelName\":\"fi1t3rM0d31\"}"}]}
RESULT: {"script":"<script> [1562 bytes]","args":[{"selector":{"controlType":"sap.m.SearchField","viewName":"etm.portal.ui.managerequests.view.Master","bindingPath":{"path":"","propertyPath":"/_BASIC_SEARCH_FIELD","modelName":"fi1t3rM0d31"},"interaction":{"idSuffix":"I"}},"wdio_ui5_key":"etmportal.ui.managerequests.view.Mastersap.m.SearchField{\"path\":\"\",\"propertyPath\":\"/_BASIC_SEARCH_FIELD\",\"modelName\":\"fi1t3rM0d31\"}"}]}
RESULT: undefined
COMMAND: POST /session/58f9e8aeb115b0a6781a57b35f866581/execute/async - {"script":"<script> [776 bytes]","args":[{"enterText":"20226","selector":{"controlType":"sap.m.SearchField","viewName":"etm.portal.ui.managerequests.view.Master","bindingPath":{"path":"","propertyPath":"/_BASIC_SEARCH_FIELD","modelName":"fi1t3rM0d31"},"interaction":{"idSuffix":"I"}},"clearTextFirst":true,"interactionType":"ENTER_TEXT"}]}
RESULT: {"script":"<script> [776 bytes]","args":[{"enterText":"20226","selector":{"controlType":"sap.m.SearchField","viewName":"etm.portal.ui.managerequests.view.Master","bindingPath":{"path":"","propertyPath":"/_BASIC_SEARCH_FIELD","modelName":"fi1t3rM0d31"},"interaction":{"idSuffix":"I"}},"clearTextFirst":true,"interactionType":"ENTER_TEXT"}]}
COMMAND: POST /session/58f9e8aeb115b0a6781a57b35f866581/actions - {"actions":[{"id":"action18","type":"key","parameters":{},"actions":[{"type":"keyDown","value":"î€‡"},{"type":"pause","duration":10},{"type":"keyUp","value":"î€‡"}]}]}
RESULT: {"actions":[{"id":"action18","type":"key","parameters":{},"actions":[{"type":"keyDown","value":"î€‡"},{"type":"pause","duration":10},{"type":"keyUp","value":"î€‡"}]}]}
COMMAND: GET /session/58f9e8aeb115b0a6781a57b35f866581/screenshot - {}
RESULT: {}
COMMAND: POST /session/58f9e8aeb115b0a6781a57b35f866581/execute/async - {"script":"<script> [1562 bytes]","args":[{"selector":{"controlType":"sap.m.ObjectNumber","viewName":"etm.portal.ui.managerequests.view.Master","bindingPath":{"propertyPath":"IN_USE_FOR"},"interaction":{"idSuffix":"number"}},"wdio_ui5_key":"etmportal.ui.managerequests.view.Mastersap.m.ObjectNumber{\"propertyPath\":\"IN_USE_FOR\"}"}]}
RESULT: {"script":"<script> [1562 bytes]","args":[{"selector":{"controlType":"sap.m.ObjectNumber","viewName":"etm.portal.ui.managerequests.view.Master","bindingPath":{"propertyPath":"IN_USE_FOR"},"interaction":{"idSuffix":"number"}},"wdio_ui5_key":"etmportal.ui.managerequests.view.Mastersap.m.ObjectNumber{\"propertyPath\":\"IN_USE_FOR\"}"}]}
RESULT: undefined
COMMAND: POST /session/58f9e8aeb115b0a6781a57b35f866581/element - {"using":"xpath","value":"//*[@id=\"__number8-__clone3354\"]"}
RESULT: {"using":"xpath","value":"//*[@id=\"__number8-__clone3354\"]"}
COMMAND: POST /session/58f9e8aeb115b0a6781a57b35f866581/element/f.AE3DDBF61D62EC5D164E8B5EF4A74F4D.d.578CF52A42B74963823067A9136FB58E.e.5217/click - {}
RESULT: {}
COMMAND: POST /session/58f9e8aeb115b0a6781a57b35f866581/execute/async - {"script":"<script> [1562 bytes]","args":[{"selector":{"controlType":"sap.m.ObjectStatus","viewName":"etm.portal.ui.managerequests.view.Detail","bindingPath":{"propertyPath":"LINK_TO_STATUS/DESCRIPTION","modelName":"catalogModel"}},"wdio_ui5_key":"etmportal.ui.managerequests.view.Detailsap.m.ObjectStatus{\"propertyPath\":\"LINK_TO_STATUS/DESCRIPTION\",\"modelName\":\"catalogModel\"}"}]}
COMMAND: GET /session/58f9e8aeb115b0a6781a57b35f866581/screenshot - {}
RESULT: {"script":"<script> [1562 bytes]","args":[{"selector":{"controlType":"sap.m.ObjectStatus","viewName":"etm.portal.ui.managerequests.view.Detail","bindingPath":{"propertyPath":"LINK_TO_STATUS/DESCRIPTION","modelName":"catalogModel"}},"wdio_ui5_key":"etmportal.ui.managerequests.view.Detailsap.m.ObjectStatus{\"propertyPath\":\"LINK_TO_STATUS/DESCRIPTION\",\"modelName\":\"catalogModel\"}"}]}
RESULT: undefined
COMMAND: POST /session/58f9e8aeb115b0a6781a57b35f866581/execute/async - {"script":"<script> [6424 bytes]","args":[{"element-6066-11e4-a52e-4f735466cecf":"f.AE3DDBF61D62EC5D164E8B5EF4A74F4D.d.578CF52A42B74963823067A9136FB58E.e.5421"},"getText",[]]}
RESULT: {}
RESULT: {"script":"<script> [6424 bytes]","args":[{"element-6066-11e4-a52e-4f735466cecf":"f.AE3DDBF61D62EC5D164E8B5EF4A74F4D.d.578CF52A42B74963823067A9136FB58E.e.5421"},"getText",[]]}
COMMAND: POST /session/58f9e8aeb115b0a6781a57b35f866581/element - {"using":"css selector","value":"#shell-header-logo"}
RESULT: {"using":"css selector","value":"#shell-header-logo"}
COMMAND: POST /session/58f9e8aeb115b0a6781a57b35f866581/element/f.AE3DDBF61D62EC5D164E8B5EF4A74F4D.d.578CF52A42B74963823067A9136FB58E.e.5103/click - {}
RESULT: {}
COMMAND: GET /session/58f9e8aeb115b0a6781a57b35f866581/screenshot - {}
RESULT: {}
COMMAND: DELETE /session/58f9e8aeb115b0a6781a57b35f866581 - {}
RESULT: {}
]]></system-out>
    </testcase>
  </testsuite>
</testsuites>