<?xml version="1.0" encoding="UTF-8"?>
<testsuites tests="49" failures="0" errors="0" skipped="0">
  <testsuite timestamp="2025-04-13T15:06:13" time="1672.639" tests="49" failures="0" errors="0" skipped="0">
    <properties>
      <property name="specId" value="0"/>
      <property name="suiteName" value="Sanity Tests US104253"/>
      <property name="capabilities" value="chrome.135_0_7049_42.windows"/>
      <property name="file" value="file:///D:/a/1/s/test/specs/General/sanity.spec.js"/>
    </properties>
    <testcase classname="chrome.135_0_7049_42.windows.Sanity_Tests_US104253" name="Should open Manage Partners page" time="30.577">
      <system-out><![CDATA[
COMMAND: POST /session/8d95cead83622a4940e097fc0d2faf99/execute/async - {"script":"<script> [1562 bytes]","args":[{"selector":{"controlType":"sap.m.GenericTile","properties":{"header":"Manage Partners"}},"wdio_ui5_key":"sapm.GenericTile{\"header\":\"Manage Partners\"}"}]}
RESULT: {"script":"<script> [1562 bytes]","args":[{"selector":{"controlType":"sap.m.GenericTile","properties":{"header":"Manage Partners"}},"wdio_ui5_key":"sapm.GenericTile{\"header\":\"Manage Partners\"}"}]}
RESULT: undefined
COMMAND: POST /session/8d95cead83622a4940e097fc0d2faf99/element - {"using":"xpath","value":"//*[@id=\"__tile38\"]"}
RESULT: {"using":"xpath","value":"//*[@id=\"__tile38\"]"}
COMMAND: POST /session/8d95cead83622a4940e097fc0d2faf99/element/f.B571230365E4BE60491EA8389A855F53.d.F3CD01A76452246FC23C37DAC2A2AD64.e.112/click - {}
RESULT: {}
COMMAND: GET /session/8d95cead83622a4940e097fc0d2faf99/screenshot - {}
RESULT: {}
RESULT: undefined
COMMAND: POST /session/8d95cead83622a4940e097fc0d2faf99/element - {"using":"xpath","value":"//*[@id=\"__tile38\"]"}
RESULT: {"using":"xpath","value":"//*[@id=\"__tile38\"]"}
COMMAND: POST /session/8d95cead83622a4940e097fc0d2faf99/element/f.B571230365E4BE60491EA8389A855F53.d.F3CD01A76452246FC23C37DAC2A2AD64.e.112/click - {}
RESULT: undefined
COMMAND: POST /session/8d95cead83622a4940e097fc0d2faf99/element - {"using":"xpath","value":"//*[@id=\"__tile38\"]"}
RESULT: {"using":"xpath","value":"//*[@id=\"__tile38\"]"}
COMMAND: POST /session/8d95cead83622a4940e097fc0d2faf99/element/f.B571230365E4BE60491EA8389A855F53.d.F3CD01A76452246FC23C37DAC2A2AD64.e.112/click - {}
COMMAND: POST /session/8d95cead83622a4940e097fc0d2faf99/execute/async - {"script":"<script> [1562 bytes]","args":[{"selector":{"id":"shellAppTitle"},"wdio_ui5_key":"shellAppTitle"}]}
RESULT: {"script":"<script> [1562 bytes]","args":[{"selector":{"id":"shellAppTitle"},"wdio_ui5_key":"shellAppTitle"}]}
RESULT: undefined
COMMAND: POST /session/8d95cead83622a4940e097fc0d2faf99/execute/async - {"script":"<script> [6424 bytes]","args":[{"element-6066-11e4-a52e-4f735466cecf":"f.B571230365E4BE60491EA8389A855F53.d.F3CD01A76452246FC23C37DAC2A2AD64.e.294"},"getTitle",[]]}
RESULT: {"script":"<script> [6424 bytes]","args":[{"element-6066-11e4-a52e-4f735466cecf":"f.B571230365E4BE60491EA8389A855F53.d.F3CD01A76452246FC23C37DAC2A2AD64.e.294"},"getTitle",[]]}
COMMAND: POST /session/8d95cead83622a4940e097fc0d2faf99/execute/async - {"script":"<script> [1562 bytes]","args":[{"selector":{"id":"backBtn"},"wdio_ui5_key":"backBtn"}]}
RESULT: {"script":"<script> [1562 bytes]","args":[{"selector":{"id":"backBtn"},"wdio_ui5_key":"backBtn"}]}
RESULT: undefined
COMMAND: POST /session/8d95cead83622a4940e097fc0d2faf99/element - {"using":"xpath","value":"//*[@id=\"backBtn\"]"}
RESULT: {"using":"xpath","value":"//*[@id=\"backBtn\"]"}
COMMAND: POST /session/8d95cead83622a4940e097fc0d2faf99/element/f.B571230365E4BE60491EA8389A855F53.d.F3CD01A76452246FC23C37DAC2A2AD64.e.295/click - {}
RESULT: {}
COMMAND: GET /session/8d95cead83622a4940e097fc0d2faf99/screenshot - {}
RESULT: {}
]]></system-out>
    </testcase>
    <testcase classname="chrome.135_0_7049_42.windows.Sanity_Tests_US104253" name="Should open Manage Sites page" time="33.661">
      <system-out><![CDATA[
COMMAND: POST /session/8d95cead83622a4940e097fc0d2faf99/execute/async - {"script":"<script> [1562 bytes]","args":[{"selector":{"controlType":"sap.m.GenericTile","properties":{"header":"Manage Sites"}},"wdio_ui5_key":"sapm.GenericTile{\"header\":\"Manage Sites\"}"}]}
RESULT: {"script":"<script> [1562 bytes]","args":[{"selector":{"controlType":"sap.m.GenericTile","properties":{"header":"Manage Sites"}},"wdio_ui5_key":"sapm.GenericTile{\"header\":\"Manage Sites\"}"}]}
RESULT: undefined
COMMAND: POST /session/8d95cead83622a4940e097fc0d2faf99/element - {"using":"xpath","value":"//*[@id=\"__tile40\"]"}
RESULT: {"using":"xpath","value":"//*[@id=\"__tile40\"]"}
COMMAND: POST /session/8d95cead83622a4940e097fc0d2faf99/element/f.B571230365E4BE60491EA8389A855F53.d.F3CD01A76452246FC23C37DAC2A2AD64.e.297/click - {}
RESULT: {}
COMMAND: GET /session/8d95cead83622a4940e097fc0d2faf99/screenshot - {}
RESULT: {}
RESULT: undefined
COMMAND: POST /session/8d95cead83622a4940e097fc0d2faf99/element - {"using":"xpath","value":"//*[@id=\"__tile40\"]"}
RESULT: {"using":"xpath","value":"//*[@id=\"__tile40\"]"}
COMMAND: POST /session/8d95cead83622a4940e097fc0d2faf99/element/f.B571230365E4BE60491EA8389A855F53.d.F3CD01A76452246FC23C37DAC2A2AD64.e.297/click - {}
RESULT: undefined
COMMAND: POST /session/8d95cead83622a4940e097fc0d2faf99/element - {"using":"xpath","value":"//*[@id=\"__tile40\"]"}
RESULT: {"using":"xpath","value":"//*[@id=\"__tile40\"]"}
COMMAND: POST /session/8d95cead83622a4940e097fc0d2faf99/element/f.B571230365E4BE60491EA8389A855F53.d.F3CD01A76452246FC23C37DAC2A2AD64.e.297/click - {}
RESULT: undefined
COMMAND: POST /session/8d95cead83622a4940e097fc0d2faf99/execute/async - {"script":"<script> [6424 bytes]","args":[{"element-6066-11e4-a52e-4f735466cecf":"f.B571230365E4BE60491EA8389A855F53.d.F3CD01A76452246FC23C37DAC2A2AD64.e.294"},"getTitle",[]]}
COMMAND: POST /session/8d95cead83622a4940e097fc0d2faf99/execute/async - {"script":"<script> [1562 bytes]","args":[{"selector":{"id":"shellAppTitle"},"wdio_ui5_key":"shellAppTitle"}]}
RESULT: {"script":"<script> [1562 bytes]","args":[{"selector":{"id":"shellAppTitle"},"wdio_ui5_key":"shellAppTitle"}]}
COMMAND: POST /session/8d95cead83622a4940e097fc0d2faf99/execute/async - {"script":"<script> [6424 bytes]","args":[{"element-6066-11e4-a52e-4f735466cecf":"f.B571230365E4BE60491EA8389A855F53.d.F3CD01A76452246FC23C37DAC2A2AD64.e.478"},"getTitle",[]]}
RESULT: {"script":"<script> [6424 bytes]","args":[{"element-6066-11e4-a52e-4f735466cecf":"f.B571230365E4BE60491EA8389A855F53.d.F3CD01A76452246FC23C37DAC2A2AD64.e.478"},"getTitle",[]]}
RESULT: undefined
COMMAND: POST /session/8d95cead83622a4940e097fc0d2faf99/element/f.B571230365E4BE60491EA8389A855F53.d.F3CD01A76452246FC23C37DAC2A2AD64.e.295/click - {}
RESULT: {}
COMMAND: GET /session/8d95cead83622a4940e097fc0d2faf99/screenshot - {}
RESULT: {}
]]></system-out>
    </testcase>
    <testcase classname="chrome.135_0_7049_42.windows.Sanity_Tests_US104253" name="Should open Manage Resources page" time="31.544">
      <system-out><![CDATA[
COMMAND: POST /session/8d95cead83622a4940e097fc0d2faf99/execute/async - {"script":"<script> [1562 bytes]","args":[{"selector":{"controlType":"sap.m.GenericTile","properties":{"header":"Manage Resources"}},"wdio_ui5_key":"sapm.GenericTile{\"header\":\"Manage Resources\"}"}]}
RESULT: {"script":"<script> [1562 bytes]","args":[{"selector":{"controlType":"sap.m.GenericTile","properties":{"header":"Manage Resources"}},"wdio_ui5_key":"sapm.GenericTile{\"header\":\"Manage Resources\"}"}]}
RESULT: undefined
COMMAND: POST /session/8d95cead83622a4940e097fc0d2faf99/element - {"using":"xpath","value":"//*[@id=\"__tile39\"]"}
RESULT: {"using":"xpath","value":"//*[@id=\"__tile39\"]"}
COMMAND: POST /session/8d95cead83622a4940e097fc0d2faf99/element/f.B571230365E4BE60491EA8389A855F53.d.F3CD01A76452246FC23C37DAC2A2AD64.e.480/click - {}
RESULT: {}
COMMAND: GET /session/8d95cead83622a4940e097fc0d2faf99/screenshot - {}
RESULT: {}
RESULT: undefined
COMMAND: POST /session/8d95cead83622a4940e097fc0d2faf99/element - {"using":"xpath","value":"//*[@id=\"__tile39\"]"}
RESULT: {"using":"xpath","value":"//*[@id=\"__tile39\"]"}
COMMAND: POST /session/8d95cead83622a4940e097fc0d2faf99/element/f.B571230365E4BE60491EA8389A855F53.d.F3CD01A76452246FC23C37DAC2A2AD64.e.480/click - {}
RESULT: undefined
RESULT: undefined
COMMAND: POST /session/8d95cead83622a4940e097fc0d2faf99/element - {"using":"xpath","value":"//*[@id=\"__tile39\"]"}
RESULT: {"using":"xpath","value":"//*[@id=\"__tile39\"]"}
COMMAND: POST /session/8d95cead83622a4940e097fc0d2faf99/element/f.B571230365E4BE60491EA8389A855F53.d.F3CD01A76452246FC23C37DAC2A2AD64.e.480/click - {}
RESULT: undefined
COMMAND: POST /session/8d95cead83622a4940e097fc0d2faf99/execute/async - {"script":"<script> [6424 bytes]","args":[{"element-6066-11e4-a52e-4f735466cecf":"f.B571230365E4BE60491EA8389A855F53.d.F3CD01A76452246FC23C37DAC2A2AD64.e.294"},"getTitle",[]]}
COMMAND: POST /session/8d95cead83622a4940e097fc0d2faf99/execute/async - {"script":"<script> [1562 bytes]","args":[{"selector":{"id":"shellAppTitle"},"wdio_ui5_key":"shellAppTitle"}]}
RESULT: {"script":"<script> [1562 bytes]","args":[{"selector":{"id":"shellAppTitle"},"wdio_ui5_key":"shellAppTitle"}]}
COMMAND: POST /session/8d95cead83622a4940e097fc0d2faf99/execute/async - {"script":"<script> [6424 bytes]","args":[{"element-6066-11e4-a52e-4f735466cecf":"f.B571230365E4BE60491EA8389A855F53.d.F3CD01A76452246FC23C37DAC2A2AD64.e.653"},"getTitle",[]]}
RESULT: {"script":"<script> [6424 bytes]","args":[{"element-6066-11e4-a52e-4f735466cecf":"f.B571230365E4BE60491EA8389A855F53.d.F3CD01A76452246FC23C37DAC2A2AD64.e.653"},"getTitle",[]]}
RESULT: undefined
COMMAND: POST /session/8d95cead83622a4940e097fc0d2faf99/element/f.B571230365E4BE60491EA8389A855F53.d.F3CD01A76452246FC23C37DAC2A2AD64.e.295/click - {}
COMMAND: POST /session/8d95cead83622a4940e097fc0d2faf99/element - {"using":"xpath","value":"//*[@id=\"backBtn\"]"}
RESULT: {"using":"xpath","value":"//*[@id=\"backBtn\"]"}
COMMAND: POST /session/8d95cead83622a4940e097fc0d2faf99/element/f.B571230365E4BE60491EA8389A855F53.d.F3CD01A76452246FC23C37DAC2A2AD64.e.295/click - {}
COMMAND: POST /session/8d95cead83622a4940e097fc0d2faf99/element - {"using":"xpath","value":"//*[@id=\"backBtn\"]"}
RESULT: {"using":"xpath","value":"//*[@id=\"backBtn\"]"}
COMMAND: POST /session/8d95cead83622a4940e097fc0d2faf99/element/f.B571230365E4BE60491EA8389A855F53.d.F3CD01A76452246FC23C37DAC2A2AD64.e.654/click - {}
RESULT: {}
COMMAND: GET /session/8d95cead83622a4940e097fc0d2faf99/screenshot - {}
RESULT: {}
]]></system-out>
    </testcase>
    <testcase classname="chrome.135_0_7049_42.windows.Sanity_Tests_US104253" name="Should open Manage Catalogs page" time="31.271">
      <system-out><![CDATA[
COMMAND: POST /session/8d95cead83622a4940e097fc0d2faf99/execute/async - {"script":"<script> [1562 bytes]","args":[{"selector":{"controlType":"sap.m.GenericTile","properties":{"header":"Manage Catalogs"}},"wdio_ui5_key":"sapm.GenericTile{\"header\":\"Manage Catalogs\"}"}]}
RESULT: {"script":"<script> [1562 bytes]","args":[{"selector":{"controlType":"sap.m.GenericTile","properties":{"header":"Manage Catalogs"}},"wdio_ui5_key":"sapm.GenericTile{\"header\":\"Manage Catalogs\"}"}]}
RESULT: undefined
COMMAND: POST /session/8d95cead83622a4940e097fc0d2faf99/element - {"using":"xpath","value":"//*[@id=\"__tile37\"]"}
RESULT: {"using":"xpath","value":"//*[@id=\"__tile37\"]"}
COMMAND: POST /session/8d95cead83622a4940e097fc0d2faf99/element/f.B571230365E4BE60491EA8389A855F53.d.F3CD01A76452246FC23C37DAC2A2AD64.e.656/click - {}
RESULT: {}
COMMAND: GET /session/8d95cead83622a4940e097fc0d2faf99/screenshot - {}
RESULT: {}
RESULT: undefined
COMMAND: POST /session/8d95cead83622a4940e097fc0d2faf99/element - {"using":"xpath","value":"//*[@id=\"__tile37\"]"}
RESULT: {"using":"xpath","value":"//*[@id=\"__tile37\"]"}
COMMAND: POST /session/8d95cead83622a4940e097fc0d2faf99/element/f.B571230365E4BE60491EA8389A855F53.d.F3CD01A76452246FC23C37DAC2A2AD64.e.656/click - {}
RESULT: undefined
COMMAND: POST /session/8d95cead83622a4940e097fc0d2faf99/element - {"using":"xpath","value":"//*[@id=\"__tile37\"]"}
RESULT: {"using":"xpath","value":"//*[@id=\"__tile37\"]"}
COMMAND: POST /session/8d95cead83622a4940e097fc0d2faf99/element/f.B571230365E4BE60491EA8389A855F53.d.F3CD01A76452246FC23C37DAC2A2AD64.e.656/click - {}
RESULT: undefined
COMMAND: POST /session/8d95cead83622a4940e097fc0d2faf99/execute/async - {"script":"<script> [6424 bytes]","args":[{"element-6066-11e4-a52e-4f735466cecf":"f.B571230365E4BE60491EA8389A855F53.d.F3CD01A76452246FC23C37DAC2A2AD64.e.294"},"getTitle",[]]}
COMMAND: POST /session/8d95cead83622a4940e097fc0d2faf99/execute/async - {"script":"<script> [1562 bytes]","args":[{"selector":{"id":"shellAppTitle"},"wdio_ui5_key":"shellAppTitle"}]}
RESULT: {"script":"<script> [1562 bytes]","args":[{"selector":{"id":"shellAppTitle"},"wdio_ui5_key":"shellAppTitle"}]}
COMMAND: POST /session/8d95cead83622a4940e097fc0d2faf99/execute/async - {"script":"<script> [6424 bytes]","args":[{"element-6066-11e4-a52e-4f735466cecf":"f.B571230365E4BE60491EA8389A855F53.d.F3CD01A76452246FC23C37DAC2A2AD64.e.724"},"getTitle",[]]}
RESULT: {"script":"<script> [6424 bytes]","args":[{"element-6066-11e4-a52e-4f735466cecf":"f.B571230365E4BE60491EA8389A855F53.d.F3CD01A76452246FC23C37DAC2A2AD64.e.724"},"getTitle",[]]}
RESULT: undefined
COMMAND: POST /session/8d95cead83622a4940e097fc0d2faf99/element/f.B571230365E4BE60491EA8389A855F53.d.F3CD01A76452246FC23C37DAC2A2AD64.e.654/click - {}
RESULT: {}
COMMAND: GET /session/8d95cead83622a4940e097fc0d2faf99/screenshot - {}
RESULT: {}
]]></system-out>
    </testcase>
    <testcase classname="chrome.135_0_7049_42.windows.Sanity_Tests_US104253" name="Should open Manage Calendars page" time="32.86">
      <system-out><![CDATA[
COMMAND: POST /session/8d95cead83622a4940e097fc0d2faf99/execute/async - {"script":"<script> [1562 bytes]","args":[{"selector":{"controlType":"sap.m.GenericTile","properties":{"header":"Manage Calendars"}},"wdio_ui5_key":"sapm.GenericTile{\"header\":\"Manage Calendars\"}"}]}
RESULT: {"script":"<script> [1562 bytes]","args":[{"selector":{"controlType":"sap.m.GenericTile","properties":{"header":"Manage Calendars"}},"wdio_ui5_key":"sapm.GenericTile{\"header\":\"Manage Calendars\"}"}]}
RESULT: undefined
COMMAND: POST /session/8d95cead83622a4940e097fc0d2faf99/element - {"using":"xpath","value":"//*[@id=\"__tile36\"]"}
RESULT: {"using":"xpath","value":"//*[@id=\"__tile36\"]"}
COMMAND: POST /session/8d95cead83622a4940e097fc0d2faf99/element/f.B571230365E4BE60491EA8389A855F53.d.F3CD01A76452246FC23C37DAC2A2AD64.e.727/click - {}
RESULT: {}
COMMAND: GET /session/8d95cead83622a4940e097fc0d2faf99/screenshot - {}
RESULT: {}
RESULT: undefined
COMMAND: POST /session/8d95cead83622a4940e097fc0d2faf99/element - {"using":"xpath","value":"//*[@id=\"__tile36\"]"}
RESULT: {"using":"xpath","value":"//*[@id=\"__tile36\"]"}
COMMAND: POST /session/8d95cead83622a4940e097fc0d2faf99/element/f.B571230365E4BE60491EA8389A855F53.d.F3CD01A76452246FC23C37DAC2A2AD64.e.727/click - {}
RESULT: undefined
COMMAND: POST /session/8d95cead83622a4940e097fc0d2faf99/element - {"using":"xpath","value":"//*[@id=\"__tile36\"]"}
RESULT: {"using":"xpath","value":"//*[@id=\"__tile36\"]"}
COMMAND: POST /session/8d95cead83622a4940e097fc0d2faf99/element/f.B571230365E4BE60491EA8389A855F53.d.F3CD01A76452246FC23C37DAC2A2AD64.e.727/click - {}
RESULT: undefined
COMMAND: POST /session/8d95cead83622a4940e097fc0d2faf99/execute/async - {"script":"<script> [6424 bytes]","args":[{"element-6066-11e4-a52e-4f735466cecf":"f.B571230365E4BE60491EA8389A855F53.d.F3CD01A76452246FC23C37DAC2A2AD64.e.294"},"getTitle",[]]}
COMMAND: POST /session/8d95cead83622a4940e097fc0d2faf99/execute/async - {"script":"<script> [1562 bytes]","args":[{"selector":{"id":"shellAppTitle"},"wdio_ui5_key":"shellAppTitle"}]}
RESULT: {"script":"<script> [1562 bytes]","args":[{"selector":{"id":"shellAppTitle"},"wdio_ui5_key":"shellAppTitle"}]}
COMMAND: POST /session/8d95cead83622a4940e097fc0d2faf99/execute/async - {"script":"<script> [6424 bytes]","args":[{"element-6066-11e4-a52e-4f735466cecf":"f.B571230365E4BE60491EA8389A855F53.d.F3CD01A76452246FC23C37DAC2A2AD64.e.795"},"getTitle",[]]}
RESULT: {"script":"<script> [6424 bytes]","args":[{"element-6066-11e4-a52e-4f735466cecf":"f.B571230365E4BE60491EA8389A855F53.d.F3CD01A76452246FC23C37DAC2A2AD64.e.795"},"getTitle",[]]}
RESULT: undefined
COMMAND: POST /session/8d95cead83622a4940e097fc0d2faf99/element/f.B571230365E4BE60491EA8389A855F53.d.F3CD01A76452246FC23C37DAC2A2AD64.e.654/click - {}
COMMAND: POST /session/8d95cead83622a4940e097fc0d2faf99/element - {"using":"xpath","value":"//*[@id=\"backBtn\"]"}
RESULT: {"using":"xpath","value":"//*[@id=\"backBtn\"]"}
COMMAND: POST /session/8d95cead83622a4940e097fc0d2faf99/element/f.B571230365E4BE60491EA8389A855F53.d.F3CD01A76452246FC23C37DAC2A2AD64.e.654/click - {}
COMMAND: POST /session/8d95cead83622a4940e097fc0d2faf99/element - {"using":"xpath","value":"//*[@id=\"backBtn\"]"}
RESULT: {"using":"xpath","value":"//*[@id=\"backBtn\"]"}
COMMAND: POST /session/8d95cead83622a4940e097fc0d2faf99/element/f.B571230365E4BE60491EA8389A855F53.d.F3CD01A76452246FC23C37DAC2A2AD64.e.796/click - {}
RESULT: {}
COMMAND: GET /session/8d95cead83622a4940e097fc0d2faf99/screenshot - {}
RESULT: {}
]]></system-out>
    </testcase>
    <testcase classname="chrome.135_0_7049_42.windows.Sanity_Tests_US104253" name="Should open Address Management page" time="34.553">
      <system-out><![CDATA[
COMMAND: POST /session/8d95cead83622a4940e097fc0d2faf99/execute/async - {"script":"<script> [1562 bytes]","args":[{"selector":{"controlType":"sap.m.GenericTile","properties":{"header":"Address Management"}},"wdio_ui5_key":"sapm.GenericTile{\"header\":\"Address Management\"}"}]}
RESULT: {"script":"<script> [1562 bytes]","args":[{"selector":{"controlType":"sap.m.GenericTile","properties":{"header":"Address Management"}},"wdio_ui5_key":"sapm.GenericTile{\"header\":\"Address Management\"}"}]}
RESULT: undefined
COMMAND: POST /session/8d95cead83622a4940e097fc0d2faf99/element - {"using":"xpath","value":"//*[@id=\"__tile33\"]"}
RESULT: {"using":"xpath","value":"//*[@id=\"__tile33\"]"}
COMMAND: POST /session/8d95cead83622a4940e097fc0d2faf99/element/f.B571230365E4BE60491EA8389A855F53.d.F3CD01A76452246FC23C37DAC2A2AD64.e.798/click - {}
RESULT: {}
COMMAND: GET /session/8d95cead83622a4940e097fc0d2faf99/screenshot - {}
RESULT: {}
RESULT: undefined
COMMAND: POST /session/8d95cead83622a4940e097fc0d2faf99/element - {"using":"xpath","value":"//*[@id=\"__tile33\"]"}
RESULT: {"using":"xpath","value":"//*[@id=\"__tile33\"]"}
COMMAND: POST /session/8d95cead83622a4940e097fc0d2faf99/element/f.B571230365E4BE60491EA8389A855F53.d.F3CD01A76452246FC23C37DAC2A2AD64.e.798/click - {}
RESULT: undefined
COMMAND: POST /session/8d95cead83622a4940e097fc0d2faf99/element - {"using":"xpath","value":"//*[@id=\"__tile33\"]"}
RESULT: {"using":"xpath","value":"//*[@id=\"__tile33\"]"}
COMMAND: POST /session/8d95cead83622a4940e097fc0d2faf99/element/f.B571230365E4BE60491EA8389A855F53.d.F3CD01A76452246FC23C37DAC2A2AD64.e.798/click - {}
RESULT: undefined
COMMAND: POST /session/8d95cead83622a4940e097fc0d2faf99/execute/async - {"script":"<script> [6424 bytes]","args":[{"element-6066-11e4-a52e-4f735466cecf":"f.B571230365E4BE60491EA8389A855F53.d.F3CD01A76452246FC23C37DAC2A2AD64.e.294"},"getTitle",[]]}
COMMAND: POST /session/8d95cead83622a4940e097fc0d2faf99/execute/async - {"script":"<script> [1562 bytes]","args":[{"selector":{"id":"shellAppTitle"},"wdio_ui5_key":"shellAppTitle"}]}
RESULT: {"script":"<script> [1562 bytes]","args":[{"selector":{"id":"shellAppTitle"},"wdio_ui5_key":"shellAppTitle"}]}
COMMAND: POST /session/8d95cead83622a4940e097fc0d2faf99/execute/async - {"script":"<script> [6424 bytes]","args":[{"element-6066-11e4-a52e-4f735466cecf":"f.B571230365E4BE60491EA8389A855F53.d.F3CD01A76452246FC23C37DAC2A2AD64.e.985"},"getTitle",[]]}
RESULT: {"script":"<script> [6424 bytes]","args":[{"element-6066-11e4-a52e-4f735466cecf":"f.B571230365E4BE60491EA8389A855F53.d.F3CD01A76452246FC23C37DAC2A2AD64.e.985"},"getTitle",[]]}
RESULT: undefined
COMMAND: POST /session/8d95cead83622a4940e097fc0d2faf99/element/f.B571230365E4BE60491EA8389A855F53.d.F3CD01A76452246FC23C37DAC2A2AD64.e.796/click - {}
RESULT: {}
COMMAND: GET /session/8d95cead83622a4940e097fc0d2faf99/screenshot - {}
RESULT: {}
]]></system-out>
    </testcase>
    <testcase classname="chrome.135_0_7049_42.windows.Sanity_Tests_US104253" name="Should open Bill Of Resources page" time="39.345">
      <system-out><![CDATA[
COMMAND: POST /session/8d95cead83622a4940e097fc0d2faf99/execute/async - {"script":"<script> [1562 bytes]","args":[{"selector":{"controlType":"sap.m.GenericTile","properties":{"header":"Bill Of Resources"}},"wdio_ui5_key":"sapm.GenericTile{\"header\":\"Bill Of Resources\"}"}]}
RESULT: {"script":"<script> [1562 bytes]","args":[{"selector":{"controlType":"sap.m.GenericTile","properties":{"header":"Bill Of Resources"}},"wdio_ui5_key":"sapm.GenericTile{\"header\":\"Bill Of Resources\"}"}]}
RESULT: undefined
COMMAND: POST /session/8d95cead83622a4940e097fc0d2faf99/element - {"using":"xpath","value":"//*[@id=\"__tile34\"]"}
RESULT: {"using":"xpath","value":"//*[@id=\"__tile34\"]"}
COMMAND: POST /session/8d95cead83622a4940e097fc0d2faf99/element/f.B571230365E4BE60491EA8389A855F53.d.F3CD01A76452246FC23C37DAC2A2AD64.e.987/click - {}
RESULT: {}
COMMAND: GET /session/8d95cead83622a4940e097fc0d2faf99/screenshot - {}
RESULT: {}
RESULT: undefined
COMMAND: POST /session/8d95cead83622a4940e097fc0d2faf99/element - {"using":"xpath","value":"//*[@id=\"__tile34\"]"}
RESULT: {"using":"xpath","value":"//*[@id=\"__tile34\"]"}
COMMAND: POST /session/8d95cead83622a4940e097fc0d2faf99/element/f.B571230365E4BE60491EA8389A855F53.d.F3CD01A76452246FC23C37DAC2A2AD64.e.987/click - {}
RESULT: undefined
COMMAND: POST /session/8d95cead83622a4940e097fc0d2faf99/element - {"using":"xpath","value":"//*[@id=\"__tile34\"]"}
RESULT: {"using":"xpath","value":"//*[@id=\"__tile34\"]"}
COMMAND: POST /session/8d95cead83622a4940e097fc0d2faf99/element/f.B571230365E4BE60491EA8389A855F53.d.F3CD01A76452246FC23C37DAC2A2AD64.e.987/click - {}
RESULT: undefined
COMMAND: POST /session/8d95cead83622a4940e097fc0d2faf99/execute/async - {"script":"<script> [6424 bytes]","args":[{"element-6066-11e4-a52e-4f735466cecf":"f.B571230365E4BE60491EA8389A855F53.d.F3CD01A76452246FC23C37DAC2A2AD64.e.294"},"getTitle",[]]}
COMMAND: POST /session/8d95cead83622a4940e097fc0d2faf99/execute/async - {"script":"<script> [1562 bytes]","args":[{"selector":{"id":"shellAppTitle"},"wdio_ui5_key":"shellAppTitle"}]}
RESULT: {"script":"<script> [1562 bytes]","args":[{"selector":{"id":"shellAppTitle"},"wdio_ui5_key":"shellAppTitle"}]}
COMMAND: POST /session/8d95cead83622a4940e097fc0d2faf99/execute/async - {"script":"<script> [6424 bytes]","args":[{"element-6066-11e4-a52e-4f735466cecf":"f.B571230365E4BE60491EA8389A855F53.d.F3CD01A76452246FC23C37DAC2A2AD64.e.1153"},"getTitle",[]]}
RESULT: {"script":"<script> [6424 bytes]","args":[{"element-6066-11e4-a52e-4f735466cecf":"f.B571230365E4BE60491EA8389A855F53.d.F3CD01A76452246FC23C37DAC2A2AD64.e.1153"},"getTitle",[]]}
RESULT: undefined
COMMAND: POST /session/8d95cead83622a4940e097fc0d2faf99/element/f.B571230365E4BE60491EA8389A855F53.d.F3CD01A76452246FC23C37DAC2A2AD64.e.796/click - {}
COMMAND: POST /session/8d95cead83622a4940e097fc0d2faf99/element - {"using":"xpath","value":"//*[@id=\"backBtn\"]"}
RESULT: {"using":"xpath","value":"//*[@id=\"backBtn\"]"}
COMMAND: POST /session/8d95cead83622a4940e097fc0d2faf99/element/f.B571230365E4BE60491EA8389A855F53.d.F3CD01A76452246FC23C37DAC2A2AD64.e.796/click - {}
COMMAND: POST /session/8d95cead83622a4940e097fc0d2faf99/element - {"using":"xpath","value":"//*[@id=\"backBtn\"]"}
RESULT: {"using":"xpath","value":"//*[@id=\"backBtn\"]"}
COMMAND: POST /session/8d95cead83622a4940e097fc0d2faf99/element/f.B571230365E4BE60491EA8389A855F53.d.F3CD01A76452246FC23C37DAC2A2AD64.e.1154/click - {}
RESULT: {}
COMMAND: GET /session/8d95cead83622a4940e097fc0d2faf99/screenshot - {}
RESULT: {}
]]></system-out>
    </testcase>
    <testcase classname="chrome.135_0_7049_42.windows.Sanity_Tests_US104253" name="Should open Manage Yards page" time="33.091">
      <system-out><![CDATA[
COMMAND: POST /session/8d95cead83622a4940e097fc0d2faf99/execute/async - {"script":"<script> [1562 bytes]","args":[{"selector":{"controlType":"sap.m.GenericTile","properties":{"header":"Manage Yards"}},"wdio_ui5_key":"sapm.GenericTile{\"header\":\"Manage Yards\"}"}]}
RESULT: {"script":"<script> [1562 bytes]","args":[{"selector":{"controlType":"sap.m.GenericTile","properties":{"header":"Manage Yards"}},"wdio_ui5_key":"sapm.GenericTile{\"header\":\"Manage Yards\"}"}]}
RESULT: undefined
COMMAND: POST /session/8d95cead83622a4940e097fc0d2faf99/element - {"using":"xpath","value":"//*[@id=\"__tile41\"]"}
RESULT: {"using":"xpath","value":"//*[@id=\"__tile41\"]"}
COMMAND: POST /session/8d95cead83622a4940e097fc0d2faf99/element/f.B571230365E4BE60491EA8389A855F53.d.F3CD01A76452246FC23C37DAC2A2AD64.e.1156/click - {}
RESULT: {}
COMMAND: GET /session/8d95cead83622a4940e097fc0d2faf99/screenshot - {}
RESULT: {}
RESULT: undefined
COMMAND: POST /session/8d95cead83622a4940e097fc0d2faf99/element - {"using":"xpath","value":"//*[@id=\"__tile41\"]"}
RESULT: {"using":"xpath","value":"//*[@id=\"__tile41\"]"}
COMMAND: POST /session/8d95cead83622a4940e097fc0d2faf99/element/f.B571230365E4BE60491EA8389A855F53.d.F3CD01A76452246FC23C37DAC2A2AD64.e.1156/click - {}
RESULT: undefined
COMMAND: POST /session/8d95cead83622a4940e097fc0d2faf99/element - {"using":"xpath","value":"//*[@id=\"__tile41\"]"}
RESULT: {"using":"xpath","value":"//*[@id=\"__tile41\"]"}
COMMAND: POST /session/8d95cead83622a4940e097fc0d2faf99/element/f.B571230365E4BE60491EA8389A855F53.d.F3CD01A76452246FC23C37DAC2A2AD64.e.1156/click - {}
RESULT: undefined
COMMAND: POST /session/8d95cead83622a4940e097fc0d2faf99/execute/async - {"script":"<script> [6424 bytes]","args":[{"element-6066-11e4-a52e-4f735466cecf":"f.B571230365E4BE60491EA8389A855F53.d.F3CD01A76452246FC23C37DAC2A2AD64.e.294"},"getTitle",[]]}
COMMAND: POST /session/8d95cead83622a4940e097fc0d2faf99/execute/async - {"script":"<script> [1562 bytes]","args":[{"selector":{"id":"shellAppTitle"},"wdio_ui5_key":"shellAppTitle"}]}
RESULT: {"script":"<script> [1562 bytes]","args":[{"selector":{"id":"shellAppTitle"},"wdio_ui5_key":"shellAppTitle"}]}
COMMAND: POST /session/8d95cead83622a4940e097fc0d2faf99/execute/async - {"script":"<script> [6424 bytes]","args":[{"element-6066-11e4-a52e-4f735466cecf":"f.B571230365E4BE60491EA8389A855F53.d.F3CD01A76452246FC23C37DAC2A2AD64.e.1333"},"getTitle",[]]}
RESULT: {"script":"<script> [6424 bytes]","args":[{"element-6066-11e4-a52e-4f735466cecf":"f.B571230365E4BE60491EA8389A855F53.d.F3CD01A76452246FC23C37DAC2A2AD64.e.1333"},"getTitle",[]]}
RESULT: undefined
COMMAND: POST /session/8d95cead83622a4940e097fc0d2faf99/element/f.B571230365E4BE60491EA8389A855F53.d.F3CD01A76452246FC23C37DAC2A2AD64.e.1154/click - {}
RESULT: {}
COMMAND: GET /session/8d95cead83622a4940e097fc0d2faf99/screenshot - {}
RESULT: {}
]]></system-out>
    </testcase>
    <testcase classname="chrome.135_0_7049_42.windows.Sanity_Tests_US104253" name="Should open Manage Requests page" time="33.005">
      <system-out><![CDATA[
COMMAND: POST /session/8d95cead83622a4940e097fc0d2faf99/execute/async - {"script":"<script> [1562 bytes]","args":[{"selector":{"controlType":"sap.m.GenericTile","properties":{"header":"Manage Requests"}},"wdio_ui5_key":"sapm.GenericTile{\"header\":\"Manage Requests\"}"}]}
RESULT: {"script":"<script> [1562 bytes]","args":[{"selector":{"controlType":"sap.m.GenericTile","properties":{"header":"Manage Requests"}},"wdio_ui5_key":"sapm.GenericTile{\"header\":\"Manage Requests\"}"}]}
RESULT: undefined
COMMAND: POST /session/8d95cead83622a4940e097fc0d2faf99/element - {"using":"xpath","value":"//*[@id=\"__tile47\"]"}
RESULT: {"using":"xpath","value":"//*[@id=\"__tile47\"]"}
COMMAND: POST /session/8d95cead83622a4940e097fc0d2faf99/element/f.B571230365E4BE60491EA8389A855F53.d.F3CD01A76452246FC23C37DAC2A2AD64.e.1335/click - {}
RESULT: {}
COMMAND: GET /session/8d95cead83622a4940e097fc0d2faf99/screenshot - {}
RESULT: {}
RESULT: undefined
COMMAND: POST /session/8d95cead83622a4940e097fc0d2faf99/element - {"using":"xpath","value":"//*[@id=\"__tile47\"]"}
RESULT: {"using":"xpath","value":"//*[@id=\"__tile47\"]"}
COMMAND: POST /session/8d95cead83622a4940e097fc0d2faf99/element/f.B571230365E4BE60491EA8389A855F53.d.F3CD01A76452246FC23C37DAC2A2AD64.e.1335/click - {}
RESULT: undefined
COMMAND: POST /session/8d95cead83622a4940e097fc0d2faf99/element - {"using":"xpath","value":"//*[@id=\"__tile47\"]"}
RESULT: {"using":"xpath","value":"//*[@id=\"__tile47\"]"}
COMMAND: POST /session/8d95cead83622a4940e097fc0d2faf99/element/f.B571230365E4BE60491EA8389A855F53.d.F3CD01A76452246FC23C37DAC2A2AD64.e.1335/click - {}
RESULT: undefined
COMMAND: POST /session/8d95cead83622a4940e097fc0d2faf99/execute/async - {"script":"<script> [6424 bytes]","args":[{"element-6066-11e4-a52e-4f735466cecf":"f.B571230365E4BE60491EA8389A855F53.d.F3CD01A76452246FC23C37DAC2A2AD64.e.294"},"getTitle",[]]}
COMMAND: POST /session/8d95cead83622a4940e097fc0d2faf99/execute/async - {"script":"<script> [1562 bytes]","args":[{"selector":{"id":"shellAppTitle"},"wdio_ui5_key":"shellAppTitle"}]}
RESULT: {"script":"<script> [1562 bytes]","args":[{"selector":{"id":"shellAppTitle"},"wdio_ui5_key":"shellAppTitle"}]}
COMMAND: POST /session/8d95cead83622a4940e097fc0d2faf99/execute/async - {"script":"<script> [6424 bytes]","args":[{"element-6066-11e4-a52e-4f735466cecf":"f.B571230365E4BE60491EA8389A855F53.d.F3CD01A76452246FC23C37DAC2A2AD64.e.1435"},"getTitle",[]]}
RESULT: {"script":"<script> [6424 bytes]","args":[{"element-6066-11e4-a52e-4f735466cecf":"f.B571230365E4BE60491EA8389A855F53.d.F3CD01A76452246FC23C37DAC2A2AD64.e.1435"},"getTitle",[]]}
RESULT: undefined
COMMAND: POST /session/8d95cead83622a4940e097fc0d2faf99/element/f.B571230365E4BE60491EA8389A855F53.d.F3CD01A76452246FC23C37DAC2A2AD64.e.1154/click - {}
COMMAND: POST /session/8d95cead83622a4940e097fc0d2faf99/element - {"using":"xpath","value":"//*[@id=\"backBtn\"]"}
RESULT: {"using":"xpath","value":"//*[@id=\"backBtn\"]"}
COMMAND: POST /session/8d95cead83622a4940e097fc0d2faf99/element/f.B571230365E4BE60491EA8389A855F53.d.F3CD01A76452246FC23C37DAC2A2AD64.e.1154/click - {}
COMMAND: POST /session/8d95cead83622a4940e097fc0d2faf99/element - {"using":"xpath","value":"//*[@id=\"backBtn\"]"}
RESULT: {"using":"xpath","value":"//*[@id=\"backBtn\"]"}
COMMAND: POST /session/8d95cead83622a4940e097fc0d2faf99/element/f.B571230365E4BE60491EA8389A855F53.d.F3CD01A76452246FC23C37DAC2A2AD64.e.1436/click - {}
RESULT: {}
COMMAND: GET /session/8d95cead83622a4940e097fc0d2faf99/screenshot - {}
RESULT: {}
]]></system-out>
    </testcase>
    <testcase classname="chrome.135_0_7049_42.windows.Sanity_Tests_US104253" name="Should open Manage Purchasing page" time="33.75">
      <system-out><![CDATA[
COMMAND: POST /session/8d95cead83622a4940e097fc0d2faf99/execute/async - {"script":"<script> [1562 bytes]","args":[{"selector":{"controlType":"sap.m.GenericTile","properties":{"header":"Manage Purchasing"}},"wdio_ui5_key":"sapm.GenericTile{\"header\":\"Manage Purchasing\"}"}]}
RESULT: {"script":"<script> [1562 bytes]","args":[{"selector":{"controlType":"sap.m.GenericTile","properties":{"header":"Manage Purchasing"}},"wdio_ui5_key":"sapm.GenericTile{\"header\":\"Manage Purchasing\"}"}]}
RESULT: undefined
COMMAND: POST /session/8d95cead83622a4940e097fc0d2faf99/element - {"using":"xpath","value":"//*[@id=\"__tile46\"]"}
RESULT: {"using":"xpath","value":"//*[@id=\"__tile46\"]"}
COMMAND: POST /session/8d95cead83622a4940e097fc0d2faf99/element/f.B571230365E4BE60491EA8389A855F53.d.F3CD01A76452246FC23C37DAC2A2AD64.e.1439/click - {}
RESULT: {}
COMMAND: GET /session/8d95cead83622a4940e097fc0d2faf99/screenshot - {}
RESULT: {}
RESULT: undefined
COMMAND: POST /session/8d95cead83622a4940e097fc0d2faf99/element - {"using":"xpath","value":"//*[@id=\"__tile46\"]"}
RESULT: {"using":"xpath","value":"//*[@id=\"__tile46\"]"}
COMMAND: POST /session/8d95cead83622a4940e097fc0d2faf99/element/f.B571230365E4BE60491EA8389A855F53.d.F3CD01A76452246FC23C37DAC2A2AD64.e.1439/click - {}
RESULT: undefined
COMMAND: POST /session/8d95cead83622a4940e097fc0d2faf99/element - {"using":"xpath","value":"//*[@id=\"__tile46\"]"}
RESULT: {"using":"xpath","value":"//*[@id=\"__tile46\"]"}
COMMAND: POST /session/8d95cead83622a4940e097fc0d2faf99/element/f.B571230365E4BE60491EA8389A855F53.d.F3CD01A76452246FC23C37DAC2A2AD64.e.1439/click - {}
RESULT: undefined
COMMAND: POST /session/8d95cead83622a4940e097fc0d2faf99/execute/async - {"script":"<script> [6424 bytes]","args":[{"element-6066-11e4-a52e-4f735466cecf":"f.B571230365E4BE60491EA8389A855F53.d.F3CD01A76452246FC23C37DAC2A2AD64.e.294"},"getTitle",[]]}
COMMAND: POST /session/8d95cead83622a4940e097fc0d2faf99/execute/async - {"script":"<script> [1562 bytes]","args":[{"selector":{"id":"shellAppTitle"},"wdio_ui5_key":"shellAppTitle"}]}
RESULT: {"script":"<script> [1562 bytes]","args":[{"selector":{"id":"shellAppTitle"},"wdio_ui5_key":"shellAppTitle"}]}
COMMAND: POST /session/8d95cead83622a4940e097fc0d2faf99/execute/async - {"script":"<script> [6424 bytes]","args":[{"element-6066-11e4-a52e-4f735466cecf":"f.B571230365E4BE60491EA8389A855F53.d.F3CD01A76452246FC23C37DAC2A2AD64.e.1520"},"getTitle",[]]}
RESULT: {"script":"<script> [6424 bytes]","args":[{"element-6066-11e4-a52e-4f735466cecf":"f.B571230365E4BE60491EA8389A855F53.d.F3CD01A76452246FC23C37DAC2A2AD64.e.1520"},"getTitle",[]]}
RESULT: undefined
COMMAND: POST /session/8d95cead83622a4940e097fc0d2faf99/element/f.B571230365E4BE60491EA8389A855F53.d.F3CD01A76452246FC23C37DAC2A2AD64.e.1436/click - {}
RESULT: {}
COMMAND: GET /session/8d95cead83622a4940e097fc0d2faf99/screenshot - {}
RESULT: {}
]]></system-out>
    </testcase>
    <testcase classname="chrome.135_0_7049_42.windows.Sanity_Tests_US104253" name="Should open Planning Board page" time="32.605">
      <system-out><![CDATA[
COMMAND: POST /session/8d95cead83622a4940e097fc0d2faf99/execute/async - {"script":"<script> [1562 bytes]","args":[{"selector":{"controlType":"sap.m.GenericTile","properties":{"header":"Planning Board"}},"wdio_ui5_key":"sapm.GenericTile{\"header\":\"Planning Board\"}"}]}
RESULT: {"script":"<script> [1562 bytes]","args":[{"selector":{"controlType":"sap.m.GenericTile","properties":{"header":"Planning Board"}},"wdio_ui5_key":"sapm.GenericTile{\"header\":\"Planning Board\"}"}]}
RESULT: undefined
COMMAND: POST /session/8d95cead83622a4940e097fc0d2faf99/element - {"using":"xpath","value":"//*[@id=\"__tile133\"]"}
RESULT: {"using":"xpath","value":"//*[@id=\"__tile133\"]"}
COMMAND: POST /session/8d95cead83622a4940e097fc0d2faf99/element/f.B571230365E4BE60491EA8389A855F53.d.F3CD01A76452246FC23C37DAC2A2AD64.e.1522/click - {}
RESULT: {}
COMMAND: GET /session/8d95cead83622a4940e097fc0d2faf99/screenshot - {}
RESULT: {}
RESULT: undefined
COMMAND: POST /session/8d95cead83622a4940e097fc0d2faf99/element - {"using":"xpath","value":"//*[@id=\"__tile133\"]"}
RESULT: {"using":"xpath","value":"//*[@id=\"__tile133\"]"}
COMMAND: POST /session/8d95cead83622a4940e097fc0d2faf99/element/f.B571230365E4BE60491EA8389A855F53.d.F3CD01A76452246FC23C37DAC2A2AD64.e.1522/click - {}
RESULT: undefined
COMMAND: POST /session/8d95cead83622a4940e097fc0d2faf99/element - {"using":"xpath","value":"//*[@id=\"__tile133\"]"}
RESULT: {"using":"xpath","value":"//*[@id=\"__tile133\"]"}
COMMAND: POST /session/8d95cead83622a4940e097fc0d2faf99/element/f.B571230365E4BE60491EA8389A855F53.d.F3CD01A76452246FC23C37DAC2A2AD64.e.1522/click - {}
RESULT: undefined
COMMAND: POST /session/8d95cead83622a4940e097fc0d2faf99/execute/async - {"script":"<script> [6424 bytes]","args":[{"element-6066-11e4-a52e-4f735466cecf":"f.B571230365E4BE60491EA8389A855F53.d.F3CD01A76452246FC23C37DAC2A2AD64.e.294"},"getTitle",[]]}
COMMAND: POST /session/8d95cead83622a4940e097fc0d2faf99/execute/async - {"script":"<script> [1562 bytes]","args":[{"selector":{"id":"shellAppTitle"},"wdio_ui5_key":"shellAppTitle"}]}
RESULT: {"script":"<script> [1562 bytes]","args":[{"selector":{"id":"shellAppTitle"},"wdio_ui5_key":"shellAppTitle"}]}
COMMAND: POST /session/8d95cead83622a4940e097fc0d2faf99/execute/async - {"script":"<script> [6424 bytes]","args":[{"element-6066-11e4-a52e-4f735466cecf":"f.B571230365E4BE60491EA8389A855F53.d.F3CD01A76452246FC23C37DAC2A2AD64.e.1573"},"getTitle",[]]}
RESULT: {"script":"<script> [6424 bytes]","args":[{"element-6066-11e4-a52e-4f735466cecf":"f.B571230365E4BE60491EA8389A855F53.d.F3CD01A76452246FC23C37DAC2A2AD64.e.1573"},"getTitle",[]]}
RESULT: undefined
COMMAND: POST /session/8d95cead83622a4940e097fc0d2faf99/element/f.B571230365E4BE60491EA8389A855F53.d.F3CD01A76452246FC23C37DAC2A2AD64.e.1436/click - {}
COMMAND: POST /session/8d95cead83622a4940e097fc0d2faf99/element/f.B571230365E4BE60491EA8389A855F53.d.F3CD01A76452246FC23C37DAC2A2AD64.e.1436/click - {}
COMMAND: POST /session/8d95cead83622a4940e097fc0d2faf99/element - {"using":"xpath","value":"//*[@id=\"backBtn\"]"}
COMMAND: POST /session/8d95cead83622a4940e097fc0d2faf99/element - {"using":"xpath","value":"//*[@id=\"backBtn\"]"}
RESULT: {"using":"xpath","value":"//*[@id=\"backBtn\"]"}
COMMAND: POST /session/8d95cead83622a4940e097fc0d2faf99/element/f.B571230365E4BE60491EA8389A855F53.d.F3CD01A76452246FC23C37DAC2A2AD64.e.1436/click - {}
RESULT: {"using":"xpath","value":"//*[@id=\"backBtn\"]"}
COMMAND: POST /session/8d95cead83622a4940e097fc0d2faf99/element/f.B571230365E4BE60491EA8389A855F53.d.F3CD01A76452246FC23C37DAC2A2AD64.e.1436/click - {}
COMMAND: POST /session/8d95cead83622a4940e097fc0d2faf99/element - {"using":"xpath","value":"//*[@id=\"backBtn\"]"}
COMMAND: POST /session/8d95cead83622a4940e097fc0d2faf99/element - {"using":"xpath","value":"//*[@id=\"backBtn\"]"}
RESULT: {"using":"xpath","value":"//*[@id=\"backBtn\"]"}
COMMAND: POST /session/8d95cead83622a4940e097fc0d2faf99/element/f.B571230365E4BE60491EA8389A855F53.d.F3CD01A76452246FC23C37DAC2A2AD64.e.1574/click - {}
RESULT: {"using":"xpath","value":"//*[@id=\"backBtn\"]"}
COMMAND: POST /session/8d95cead83622a4940e097fc0d2faf99/element/f.B571230365E4BE60491EA8389A855F53.d.F3CD01A76452246FC23C37DAC2A2AD64.e.1574/click - {}
RESULT: {}
COMMAND: GET /session/8d95cead83622a4940e097fc0d2faf99/screenshot - {}
RESULT: {}
COMMAND: GET /session/8d95cead83622a4940e097fc0d2faf99/screenshot - {}
RESULT: {}
RESULT: {}
]]></system-out>
    </testcase>
    <testcase classname="chrome.135_0_7049_42.windows.Sanity_Tests_US104253" name="Should open Manage Contracts page" time="32.142">
      <system-out><![CDATA[
COMMAND: POST /session/8d95cead83622a4940e097fc0d2faf99/execute/async - {"script":"<script> [1562 bytes]","args":[{"selector":{"controlType":"sap.m.GenericTile","properties":{"header":"Manage Contracts"}},"wdio_ui5_key":"sapm.GenericTile{\"header\":\"Manage Contracts\"}"}]}
RESULT: {"script":"<script> [1562 bytes]","args":[{"selector":{"controlType":"sap.m.GenericTile","properties":{"header":"Manage Contracts"}},"wdio_ui5_key":"sapm.GenericTile{\"header\":\"Manage Contracts\"}"}]}
RESULT: undefined
COMMAND: POST /session/8d95cead83622a4940e097fc0d2faf99/element - {"using":"xpath","value":"//*[@id=\"__tile132\"]"}
RESULT: {"using":"xpath","value":"//*[@id=\"__tile132\"]"}
COMMAND: POST /session/8d95cead83622a4940e097fc0d2faf99/element/f.B571230365E4BE60491EA8389A855F53.d.F3CD01A76452246FC23C37DAC2A2AD64.e.1576/click - {}
RESULT: {}
COMMAND: GET /session/8d95cead83622a4940e097fc0d2faf99/screenshot - {}
RESULT: {}
RESULT: undefined
COMMAND: POST /session/8d95cead83622a4940e097fc0d2faf99/element - {"using":"xpath","value":"//*[@id=\"__tile132\"]"}
RESULT: undefined
RESULT: {"using":"xpath","value":"//*[@id=\"__tile132\"]"}
COMMAND: POST /session/8d95cead83622a4940e097fc0d2faf99/element/f.B571230365E4BE60491EA8389A855F53.d.F3CD01A76452246FC23C37DAC2A2AD64.e.1576/click - {}
RESULT: undefined
COMMAND: POST /session/8d95cead83622a4940e097fc0d2faf99/element - {"using":"xpath","value":"//*[@id=\"__tile132\"]"}
RESULT: {"using":"xpath","value":"//*[@id=\"__tile132\"]"}
COMMAND: POST /session/8d95cead83622a4940e097fc0d2faf99/element/f.B571230365E4BE60491EA8389A855F53.d.F3CD01A76452246FC23C37DAC2A2AD64.e.1576/click - {}
RESULT: undefined
COMMAND: POST /session/8d95cead83622a4940e097fc0d2faf99/execute/async - {"script":"<script> [6424 bytes]","args":[{"element-6066-11e4-a52e-4f735466cecf":"f.B571230365E4BE60491EA8389A855F53.d.F3CD01A76452246FC23C37DAC2A2AD64.e.294"},"getTitle",[]]}
COMMAND: POST /session/8d95cead83622a4940e097fc0d2faf99/execute/async - {"script":"<script> [1562 bytes]","args":[{"selector":{"id":"shellAppTitle"},"wdio_ui5_key":"shellAppTitle"}]}
RESULT: {"script":"<script> [1562 bytes]","args":[{"selector":{"id":"shellAppTitle"},"wdio_ui5_key":"shellAppTitle"}]}
COMMAND: POST /session/8d95cead83622a4940e097fc0d2faf99/execute/async - {"script":"<script> [6424 bytes]","args":[{"element-6066-11e4-a52e-4f735466cecf":"f.B571230365E4BE60491EA8389A855F53.d.F3CD01A76452246FC23C37DAC2A2AD64.e.1642"},"getTitle",[]]}
RESULT: {"script":"<script> [6424 bytes]","args":[{"element-6066-11e4-a52e-4f735466cecf":"f.B571230365E4BE60491EA8389A855F53.d.F3CD01A76452246FC23C37DAC2A2AD64.e.1642"},"getTitle",[]]}
RESULT: undefined
COMMAND: POST /session/8d95cead83622a4940e097fc0d2faf99/element/f.B571230365E4BE60491EA8389A855F53.d.F3CD01A76452246FC23C37DAC2A2AD64.e.1574/click - {}
RESULT: {}
COMMAND: GET /session/8d95cead83622a4940e097fc0d2faf99/screenshot - {}
RESULT: {}
]]></system-out>
    </testcase>
    <testcase classname="chrome.135_0_7049_42.windows.Sanity_Tests_US104253" name="Should open Manage Quotations page" time="31.93">
      <system-out><![CDATA[
COMMAND: POST /session/8d95cead83622a4940e097fc0d2faf99/execute/async - {"script":"<script> [1562 bytes]","args":[{"selector":{"controlType":"sap.m.GenericTile","properties":{"header":"Manage Quotations"}},"wdio_ui5_key":"sapm.GenericTile{\"header\":\"Manage Quotations\"}"}]}
RESULT: {"script":"<script> [1562 bytes]","args":[{"selector":{"controlType":"sap.m.GenericTile","properties":{"header":"Manage Quotations"}},"wdio_ui5_key":"sapm.GenericTile{\"header\":\"Manage Quotations\"}"}]}
RESULT: undefined
COMMAND: POST /session/8d95cead83622a4940e097fc0d2faf99/element - {"using":"xpath","value":"//*[@id=\"__tile130\"]"}
RESULT: {"using":"xpath","value":"//*[@id=\"__tile130\"]"}
COMMAND: POST /session/8d95cead83622a4940e097fc0d2faf99/element/f.B571230365E4BE60491EA8389A855F53.d.F3CD01A76452246FC23C37DAC2A2AD64.e.1644/click - {}
RESULT: {}
COMMAND: GET /session/8d95cead83622a4940e097fc0d2faf99/screenshot - {}
RESULT: {}
RESULT: undefined
COMMAND: POST /session/8d95cead83622a4940e097fc0d2faf99/element - {"using":"xpath","value":"//*[@id=\"__tile130\"]"}
RESULT: undefined
RESULT: undefined
RESULT: {"using":"xpath","value":"//*[@id=\"__tile130\"]"}
COMMAND: POST /session/8d95cead83622a4940e097fc0d2faf99/element/f.B571230365E4BE60491EA8389A855F53.d.F3CD01A76452246FC23C37DAC2A2AD64.e.1644/click - {}
RESULT: undefined
COMMAND: POST /session/8d95cead83622a4940e097fc0d2faf99/element - {"using":"xpath","value":"//*[@id=\"__tile130\"]"}
RESULT: {"using":"xpath","value":"//*[@id=\"__tile130\"]"}
COMMAND: POST /session/8d95cead83622a4940e097fc0d2faf99/element/f.B571230365E4BE60491EA8389A855F53.d.F3CD01A76452246FC23C37DAC2A2AD64.e.1644/click - {}
RESULT: undefined
COMMAND: POST /session/8d95cead83622a4940e097fc0d2faf99/execute/async - {"script":"<script> [6424 bytes]","args":[{"element-6066-11e4-a52e-4f735466cecf":"f.B571230365E4BE60491EA8389A855F53.d.F3CD01A76452246FC23C37DAC2A2AD64.e.294"},"getTitle",[]]}
COMMAND: POST /session/8d95cead83622a4940e097fc0d2faf99/execute/async - {"script":"<script> [1562 bytes]","args":[{"selector":{"id":"shellAppTitle"},"wdio_ui5_key":"shellAppTitle"}]}
RESULT: {"script":"<script> [1562 bytes]","args":[{"selector":{"id":"shellAppTitle"},"wdio_ui5_key":"shellAppTitle"}]}
COMMAND: POST /session/8d95cead83622a4940e097fc0d2faf99/execute/async - {"script":"<script> [6424 bytes]","args":[{"element-6066-11e4-a52e-4f735466cecf":"f.B571230365E4BE60491EA8389A855F53.d.F3CD01A76452246FC23C37DAC2A2AD64.e.1733"},"getTitle",[]]}
RESULT: {"script":"<script> [6424 bytes]","args":[{"element-6066-11e4-a52e-4f735466cecf":"f.B571230365E4BE60491EA8389A855F53.d.F3CD01A76452246FC23C37DAC2A2AD64.e.1733"},"getTitle",[]]}
RESULT: undefined
COMMAND: POST /session/8d95cead83622a4940e097fc0d2faf99/element/f.B571230365E4BE60491EA8389A855F53.d.F3CD01A76452246FC23C37DAC2A2AD64.e.1574/click - {}
COMMAND: POST /session/8d95cead83622a4940e097fc0d2faf99/element - {"using":"xpath","value":"//*[@id=\"backBtn\"]"}
RESULT: {"using":"xpath","value":"//*[@id=\"backBtn\"]"}
COMMAND: POST /session/8d95cead83622a4940e097fc0d2faf99/element/f.B571230365E4BE60491EA8389A855F53.d.F3CD01A76452246FC23C37DAC2A2AD64.e.1574/click - {}
COMMAND: POST /session/8d95cead83622a4940e097fc0d2faf99/element - {"using":"xpath","value":"//*[@id=\"backBtn\"]"}
RESULT: {"using":"xpath","value":"//*[@id=\"backBtn\"]"}
COMMAND: POST /session/8d95cead83622a4940e097fc0d2faf99/element/f.B571230365E4BE60491EA8389A855F53.d.F3CD01A76452246FC23C37DAC2A2AD64.e.1734/click - {}
RESULT: {}
COMMAND: GET /session/8d95cead83622a4940e097fc0d2faf99/screenshot - {}
RESULT: {}
]]></system-out>
    </testcase>
    <testcase classname="chrome.135_0_7049_42.windows.Sanity_Tests_US104253" name="Should open Manage Handovers page" time="35.943">
      <system-out><![CDATA[
COMMAND: POST /session/8d95cead83622a4940e097fc0d2faf99/execute/async - {"script":"<script> [1562 bytes]","args":[{"selector":{"controlType":"sap.m.GenericTile","properties":{"header":"Manage Handovers"}},"wdio_ui5_key":"sapm.GenericTile{\"header\":\"Manage Handovers\"}"}]}
RESULT: {"script":"<script> [1562 bytes]","args":[{"selector":{"controlType":"sap.m.GenericTile","properties":{"header":"Manage Handovers"}},"wdio_ui5_key":"sapm.GenericTile{\"header\":\"Manage Handovers\"}"}]}
RESULT: undefined
COMMAND: POST /session/8d95cead83622a4940e097fc0d2faf99/element - {"using":"xpath","value":"//*[@id=\"__tile131\"]"}
RESULT: {"using":"xpath","value":"//*[@id=\"__tile131\"]"}
COMMAND: POST /session/8d95cead83622a4940e097fc0d2faf99/element/f.B571230365E4BE60491EA8389A855F53.d.F3CD01A76452246FC23C37DAC2A2AD64.e.1736/click - {}
RESULT: {}
COMMAND: GET /session/8d95cead83622a4940e097fc0d2faf99/screenshot - {}
RESULT: {}
RESULT: undefined
COMMAND: POST /session/8d95cead83622a4940e097fc0d2faf99/element - {"using":"xpath","value":"//*[@id=\"__tile131\"]"}
RESULT: {"using":"xpath","value":"//*[@id=\"__tile131\"]"}
COMMAND: POST /session/8d95cead83622a4940e097fc0d2faf99/element/f.B571230365E4BE60491EA8389A855F53.d.F3CD01A76452246FC23C37DAC2A2AD64.e.1736/click - {}
RESULT: undefined
COMMAND: POST /session/8d95cead83622a4940e097fc0d2faf99/element - {"using":"xpath","value":"//*[@id=\"__tile131\"]"}
RESULT: {"using":"xpath","value":"//*[@id=\"__tile131\"]"}
COMMAND: POST /session/8d95cead83622a4940e097fc0d2faf99/element/f.B571230365E4BE60491EA8389A855F53.d.F3CD01A76452246FC23C37DAC2A2AD64.e.1736/click - {}
RESULT: undefined
COMMAND: POST /session/8d95cead83622a4940e097fc0d2faf99/execute/async - {"script":"<script> [6424 bytes]","args":[{"element-6066-11e4-a52e-4f735466cecf":"f.B571230365E4BE60491EA8389A855F53.d.F3CD01A76452246FC23C37DAC2A2AD64.e.294"},"getTitle",[]]}
COMMAND: POST /session/8d95cead83622a4940e097fc0d2faf99/execute/async - {"script":"<script> [1562 bytes]","args":[{"selector":{"id":"shellAppTitle"},"wdio_ui5_key":"shellAppTitle"}]}
RESULT: {"script":"<script> [1562 bytes]","args":[{"selector":{"id":"shellAppTitle"},"wdio_ui5_key":"shellAppTitle"}]}
COMMAND: POST /session/8d95cead83622a4940e097fc0d2faf99/execute/async - {"script":"<script> [6424 bytes]","args":[{"element-6066-11e4-a52e-4f735466cecf":"f.B571230365E4BE60491EA8389A855F53.d.F3CD01A76452246FC23C37DAC2A2AD64.e.1841"},"getTitle",[]]}
RESULT: {"script":"<script> [6424 bytes]","args":[{"element-6066-11e4-a52e-4f735466cecf":"f.B571230365E4BE60491EA8389A855F53.d.F3CD01A76452246FC23C37DAC2A2AD64.e.1841"},"getTitle",[]]}
RESULT: undefined
COMMAND: POST /session/8d95cead83622a4940e097fc0d2faf99/element/f.B571230365E4BE60491EA8389A855F53.d.F3CD01A76452246FC23C37DAC2A2AD64.e.1734/click - {}
RESULT: {}
COMMAND: GET /session/8d95cead83622a4940e097fc0d2faf99/screenshot - {}
RESULT: {}
]]></system-out>
    </testcase>
    <testcase classname="chrome.135_0_7049_42.windows.Sanity_Tests_US104253" name="Should open Delivery Monitor page" time="35.171">
      <system-out><![CDATA[
COMMAND: POST /session/8d95cead83622a4940e097fc0d2faf99/execute/async - {"script":"<script> [1562 bytes]","args":[{"selector":{"controlType":"sap.m.GenericTile","properties":{"header":"Delivery Monitor"}},"wdio_ui5_key":"sapm.GenericTile{\"header\":\"Delivery Monitor\"}"}]}
RESULT: {"script":"<script> [1562 bytes]","args":[{"selector":{"controlType":"sap.m.GenericTile","properties":{"header":"Delivery Monitor"}},"wdio_ui5_key":"sapm.GenericTile{\"header\":\"Delivery Monitor\"}"}]}
RESULT: undefined
COMMAND: POST /session/8d95cead83622a4940e097fc0d2faf99/element - {"using":"xpath","value":"//*[@id=\"__tile43\"]"}
RESULT: {"using":"xpath","value":"//*[@id=\"__tile43\"]"}
COMMAND: POST /session/8d95cead83622a4940e097fc0d2faf99/element/f.B571230365E4BE60491EA8389A855F53.d.F3CD01A76452246FC23C37DAC2A2AD64.e.1843/click - {}
RESULT: {}
COMMAND: GET /session/8d95cead83622a4940e097fc0d2faf99/screenshot - {}
RESULT: {}
RESULT: undefined
COMMAND: POST /session/8d95cead83622a4940e097fc0d2faf99/element - {"using":"xpath","value":"//*[@id=\"__tile43\"]"}
RESULT: {"using":"xpath","value":"//*[@id=\"__tile43\"]"}
COMMAND: POST /session/8d95cead83622a4940e097fc0d2faf99/element/f.B571230365E4BE60491EA8389A855F53.d.F3CD01A76452246FC23C37DAC2A2AD64.e.1843/click - {}
RESULT: undefined
COMMAND: POST /session/8d95cead83622a4940e097fc0d2faf99/element - {"using":"xpath","value":"//*[@id=\"__tile43\"]"}
RESULT: {"using":"xpath","value":"//*[@id=\"__tile43\"]"}
COMMAND: POST /session/8d95cead83622a4940e097fc0d2faf99/element/f.B571230365E4BE60491EA8389A855F53.d.F3CD01A76452246FC23C37DAC2A2AD64.e.1843/click - {}
RESULT: undefined
COMMAND: POST /session/8d95cead83622a4940e097fc0d2faf99/execute/async - {"script":"<script> [6424 bytes]","args":[{"element-6066-11e4-a52e-4f735466cecf":"f.B571230365E4BE60491EA8389A855F53.d.F3CD01A76452246FC23C37DAC2A2AD64.e.294"},"getTitle",[]]}
COMMAND: POST /session/8d95cead83622a4940e097fc0d2faf99/execute/async - {"script":"<script> [1562 bytes]","args":[{"selector":{"id":"shellAppTitle"},"wdio_ui5_key":"shellAppTitle"}]}
RESULT: {"script":"<script> [1562 bytes]","args":[{"selector":{"id":"shellAppTitle"},"wdio_ui5_key":"shellAppTitle"}]}
COMMAND: POST /session/8d95cead83622a4940e097fc0d2faf99/execute/async - {"script":"<script> [6424 bytes]","args":[{"element-6066-11e4-a52e-4f735466cecf":"f.B571230365E4BE60491EA8389A855F53.d.F3CD01A76452246FC23C37DAC2A2AD64.e.1959"},"getTitle",[]]}
RESULT: {"script":"<script> [6424 bytes]","args":[{"element-6066-11e4-a52e-4f735466cecf":"f.B571230365E4BE60491EA8389A855F53.d.F3CD01A76452246FC23C37DAC2A2AD64.e.1959"},"getTitle",[]]}
RESULT: undefined
COMMAND: POST /session/8d95cead83622a4940e097fc0d2faf99/element/f.B571230365E4BE60491EA8389A855F53.d.F3CD01A76452246FC23C37DAC2A2AD64.e.1734/click - {}
COMMAND: POST /session/8d95cead83622a4940e097fc0d2faf99/element - {"using":"xpath","value":"//*[@id=\"backBtn\"]"}
RESULT: {"using":"xpath","value":"//*[@id=\"backBtn\"]"}
COMMAND: POST /session/8d95cead83622a4940e097fc0d2faf99/element/f.B571230365E4BE60491EA8389A855F53.d.F3CD01A76452246FC23C37DAC2A2AD64.e.1734/click - {}
COMMAND: POST /session/8d95cead83622a4940e097fc0d2faf99/element - {"using":"xpath","value":"//*[@id=\"backBtn\"]"}
RESULT: {"using":"xpath","value":"//*[@id=\"backBtn\"]"}
COMMAND: POST /session/8d95cead83622a4940e097fc0d2faf99/element/f.B571230365E4BE60491EA8389A855F53.d.F3CD01A76452246FC23C37DAC2A2AD64.e.1960/click - {}
RESULT: {}
COMMAND: GET /session/8d95cead83622a4940e097fc0d2faf99/screenshot - {}
RESULT: {}
]]></system-out>
    </testcase>
    <testcase classname="chrome.135_0_7049_42.windows.Sanity_Tests_US104253" name="Should open Manage Calendar Exceptions page" time="31.731">
      <system-out><![CDATA[
COMMAND: POST /session/8d95cead83622a4940e097fc0d2faf99/execute/async - {"script":"<script> [1562 bytes]","args":[{"selector":{"controlType":"sap.m.GenericTile","properties":{"header":"Manage Calendar Exceptions"}},"wdio_ui5_key":"sapm.GenericTile{\"header\":\"Manage Calendar Exceptions\"}"}]}
RESULT: {"script":"<script> [1562 bytes]","args":[{"selector":{"controlType":"sap.m.GenericTile","properties":{"header":"Manage Calendar Exceptions"}},"wdio_ui5_key":"sapm.GenericTile{\"header\":\"Manage Calendar Exceptions\"}"}]}
RESULT: undefined
COMMAND: POST /session/8d95cead83622a4940e097fc0d2faf99/element - {"using":"xpath","value":"//*[@id=\"__tile52\"]"}
RESULT: {"using":"xpath","value":"//*[@id=\"__tile52\"]"}
COMMAND: POST /session/8d95cead83622a4940e097fc0d2faf99/element/f.B571230365E4BE60491EA8389A855F53.d.F3CD01A76452246FC23C37DAC2A2AD64.e.1962/click - {}
RESULT: {}
COMMAND: GET /session/8d95cead83622a4940e097fc0d2faf99/screenshot - {}
RESULT: {}
RESULT: undefined
COMMAND: POST /session/8d95cead83622a4940e097fc0d2faf99/element - {"using":"xpath","value":"//*[@id=\"__tile52\"]"}
RESULT: {"using":"xpath","value":"//*[@id=\"__tile52\"]"}
COMMAND: POST /session/8d95cead83622a4940e097fc0d2faf99/element/f.B571230365E4BE60491EA8389A855F53.d.F3CD01A76452246FC23C37DAC2A2AD64.e.1962/click - {}
RESULT: undefined
COMMAND: POST /session/8d95cead83622a4940e097fc0d2faf99/element - {"using":"xpath","value":"//*[@id=\"__tile52\"]"}
RESULT: {"using":"xpath","value":"//*[@id=\"__tile52\"]"}
COMMAND: POST /session/8d95cead83622a4940e097fc0d2faf99/element/f.B571230365E4BE60491EA8389A855F53.d.F3CD01A76452246FC23C37DAC2A2AD64.e.1962/click - {}
RESULT: undefined
COMMAND: POST /session/8d95cead83622a4940e097fc0d2faf99/execute/async - {"script":"<script> [6424 bytes]","args":[{"element-6066-11e4-a52e-4f735466cecf":"f.B571230365E4BE60491EA8389A855F53.d.F3CD01A76452246FC23C37DAC2A2AD64.e.294"},"getTitle",[]]}
COMMAND: POST /session/8d95cead83622a4940e097fc0d2faf99/execute/async - {"script":"<script> [1562 bytes]","args":[{"selector":{"id":"shellAppTitle"},"wdio_ui5_key":"shellAppTitle"}]}
RESULT: {"script":"<script> [1562 bytes]","args":[{"selector":{"id":"shellAppTitle"},"wdio_ui5_key":"shellAppTitle"}]}
COMMAND: POST /session/8d95cead83622a4940e097fc0d2faf99/execute/async - {"script":"<script> [6424 bytes]","args":[{"element-6066-11e4-a52e-4f735466cecf":"f.B571230365E4BE60491EA8389A855F53.d.F3CD01A76452246FC23C37DAC2A2AD64.e.2029"},"getTitle",[]]}
RESULT: {"script":"<script> [6424 bytes]","args":[{"element-6066-11e4-a52e-4f735466cecf":"f.B571230365E4BE60491EA8389A855F53.d.F3CD01A76452246FC23C37DAC2A2AD64.e.2029"},"getTitle",[]]}
RESULT: undefined
COMMAND: POST /session/8d95cead83622a4940e097fc0d2faf99/element/f.B571230365E4BE60491EA8389A855F53.d.F3CD01A76452246FC23C37DAC2A2AD64.e.1960/click - {}
RESULT: {}
COMMAND: GET /session/8d95cead83622a4940e097fc0d2faf99/screenshot - {}
RESULT: {}
]]></system-out>
    </testcase>
    <testcase classname="chrome.135_0_7049_42.windows.Sanity_Tests_US104253" name="Should open Manage States Performance page" time="34.47">
      <system-out><![CDATA[
COMMAND: POST /session/8d95cead83622a4940e097fc0d2faf99/execute/async - {"script":"<script> [1562 bytes]","args":[{"selector":{"controlType":"sap.m.GenericTile","properties":{"header":"Manage States & Performance"}},"wdio_ui5_key":"sapm.GenericTile{\"header\":\"Manage States & Performance\"}"}]}
RESULT: {"script":"<script> [1562 bytes]","args":[{"selector":{"controlType":"sap.m.GenericTile","properties":{"header":"Manage States & Performance"}},"wdio_ui5_key":"sapm.GenericTile{\"header\":\"Manage States & Performance\"}"}]}
RESULT: undefined
COMMAND: POST /session/8d95cead83622a4940e097fc0d2faf99/element - {"using":"xpath","value":"//*[@id=\"__tile56\"]"}
RESULT: {"using":"xpath","value":"//*[@id=\"__tile56\"]"}
COMMAND: POST /session/8d95cead83622a4940e097fc0d2faf99/element/f.B571230365E4BE60491EA8389A855F53.d.F3CD01A76452246FC23C37DAC2A2AD64.e.2033/click - {}
RESULT: {}
COMMAND: GET /session/8d95cead83622a4940e097fc0d2faf99/screenshot - {}
RESULT: {}
RESULT: undefined
COMMAND: POST /session/8d95cead83622a4940e097fc0d2faf99/element - {"using":"xpath","value":"//*[@id=\"__tile56\"]"}
RESULT: {"using":"xpath","value":"//*[@id=\"__tile56\"]"}
COMMAND: POST /session/8d95cead83622a4940e097fc0d2faf99/element/f.B571230365E4BE60491EA8389A855F53.d.F3CD01A76452246FC23C37DAC2A2AD64.e.2033/click - {}
RESULT: undefined
COMMAND: POST /session/8d95cead83622a4940e097fc0d2faf99/element - {"using":"xpath","value":"//*[@id=\"__tile56\"]"}
RESULT: {"using":"xpath","value":"//*[@id=\"__tile56\"]"}
COMMAND: POST /session/8d95cead83622a4940e097fc0d2faf99/element/f.B571230365E4BE60491EA8389A855F53.d.F3CD01A76452246FC23C37DAC2A2AD64.e.2033/click - {}
RESULT: undefined
COMMAND: POST /session/8d95cead83622a4940e097fc0d2faf99/execute/async - {"script":"<script> [6424 bytes]","args":[{"element-6066-11e4-a52e-4f735466cecf":"f.B571230365E4BE60491EA8389A855F53.d.F3CD01A76452246FC23C37DAC2A2AD64.e.294"},"getTitle",[]]}
COMMAND: POST /session/8d95cead83622a4940e097fc0d2faf99/execute/async - {"script":"<script> [1562 bytes]","args":[{"selector":{"id":"shellAppTitle"},"wdio_ui5_key":"shellAppTitle"}]}
RESULT: {"script":"<script> [1562 bytes]","args":[{"selector":{"id":"shellAppTitle"},"wdio_ui5_key":"shellAppTitle"}]}
COMMAND: POST /session/8d95cead83622a4940e097fc0d2faf99/execute/async - {"script":"<script> [6424 bytes]","args":[{"element-6066-11e4-a52e-4f735466cecf":"f.B571230365E4BE60491EA8389A855F53.d.F3CD01A76452246FC23C37DAC2A2AD64.e.2133"},"getTitle",[]]}
RESULT: {"script":"<script> [6424 bytes]","args":[{"element-6066-11e4-a52e-4f735466cecf":"f.B571230365E4BE60491EA8389A855F53.d.F3CD01A76452246FC23C37DAC2A2AD64.e.2133"},"getTitle",[]]}
RESULT: undefined
COMMAND: POST /session/8d95cead83622a4940e097fc0d2faf99/element/f.B571230365E4BE60491EA8389A855F53.d.F3CD01A76452246FC23C37DAC2A2AD64.e.1960/click - {}
COMMAND: POST /session/8d95cead83622a4940e097fc0d2faf99/element - {"using":"xpath","value":"//*[@id=\"backBtn\"]"}
RESULT: {"using":"xpath","value":"//*[@id=\"backBtn\"]"}
COMMAND: POST /session/8d95cead83622a4940e097fc0d2faf99/element/f.B571230365E4BE60491EA8389A855F53.d.F3CD01A76452246FC23C37DAC2A2AD64.e.1960/click - {}
COMMAND: POST /session/8d95cead83622a4940e097fc0d2faf99/element - {"using":"xpath","value":"//*[@id=\"backBtn\"]"}
RESULT: {"using":"xpath","value":"//*[@id=\"backBtn\"]"}
COMMAND: POST /session/8d95cead83622a4940e097fc0d2faf99/element/f.B571230365E4BE60491EA8389A855F53.d.F3CD01A76452246FC23C37DAC2A2AD64.e.2134/click - {}
RESULT: {}
COMMAND: GET /session/8d95cead83622a4940e097fc0d2faf99/screenshot - {}
RESULT: {}
]]></system-out>
    </testcase>
    <testcase classname="chrome.135_0_7049_42.windows.Sanity_Tests_US104253" name="Should open Manage Billings page" time="35.972">
      <system-out><![CDATA[
COMMAND: POST /session/8d95cead83622a4940e097fc0d2faf99/execute/async - {"script":"<script> [1562 bytes]","args":[{"selector":{"controlType":"sap.m.GenericTile","properties":{"header":"Manage Billings"}},"wdio_ui5_key":"sapm.GenericTile{\"header\":\"Manage Billings\"}"}]}
RESULT: {"script":"<script> [1562 bytes]","args":[{"selector":{"controlType":"sap.m.GenericTile","properties":{"header":"Manage Billings"}},"wdio_ui5_key":"sapm.GenericTile{\"header\":\"Manage Billings\"}"}]}
RESULT: undefined
COMMAND: POST /session/8d95cead83622a4940e097fc0d2faf99/element - {"using":"xpath","value":"//*[@id=\"__tile51\"]"}
RESULT: {"using":"xpath","value":"//*[@id=\"__tile51\"]"}
COMMAND: POST /session/8d95cead83622a4940e097fc0d2faf99/element/f.B571230365E4BE60491EA8389A855F53.d.F3CD01A76452246FC23C37DAC2A2AD64.e.2136/click - {}
RESULT: {}
COMMAND: GET /session/8d95cead83622a4940e097fc0d2faf99/screenshot - {}
RESULT: {}
RESULT: undefined
COMMAND: POST /session/8d95cead83622a4940e097fc0d2faf99/element - {"using":"xpath","value":"//*[@id=\"__tile51\"]"}
RESULT: {"using":"xpath","value":"//*[@id=\"__tile51\"]"}
COMMAND: POST /session/8d95cead83622a4940e097fc0d2faf99/element/f.B571230365E4BE60491EA8389A855F53.d.F3CD01A76452246FC23C37DAC2A2AD64.e.2136/click - {}
RESULT: undefined
COMMAND: POST /session/8d95cead83622a4940e097fc0d2faf99/element - {"using":"xpath","value":"//*[@id=\"__tile51\"]"}
RESULT: {"using":"xpath","value":"//*[@id=\"__tile51\"]"}
COMMAND: POST /session/8d95cead83622a4940e097fc0d2faf99/element/f.B571230365E4BE60491EA8389A855F53.d.F3CD01A76452246FC23C37DAC2A2AD64.e.2136/click - {}
RESULT: undefined
COMMAND: POST /session/8d95cead83622a4940e097fc0d2faf99/execute/async - {"script":"<script> [6424 bytes]","args":[{"element-6066-11e4-a52e-4f735466cecf":"f.B571230365E4BE60491EA8389A855F53.d.F3CD01A76452246FC23C37DAC2A2AD64.e.294"},"getTitle",[]]}
COMMAND: POST /session/8d95cead83622a4940e097fc0d2faf99/execute/async - {"script":"<script> [1562 bytes]","args":[{"selector":{"id":"shellAppTitle"},"wdio_ui5_key":"shellAppTitle"}]}
RESULT: {"script":"<script> [1562 bytes]","args":[{"selector":{"id":"shellAppTitle"},"wdio_ui5_key":"shellAppTitle"}]}
COMMAND: POST /session/8d95cead83622a4940e097fc0d2faf99/execute/async - {"script":"<script> [6424 bytes]","args":[{"element-6066-11e4-a52e-4f735466cecf":"f.B571230365E4BE60491EA8389A855F53.d.F3CD01A76452246FC23C37DAC2A2AD64.e.2430"},"getTitle",[]]}
RESULT: {"script":"<script> [6424 bytes]","args":[{"element-6066-11e4-a52e-4f735466cecf":"f.B571230365E4BE60491EA8389A855F53.d.F3CD01A76452246FC23C37DAC2A2AD64.e.2430"},"getTitle",[]]}
RESULT: undefined
COMMAND: POST /session/8d95cead83622a4940e097fc0d2faf99/element/f.B571230365E4BE60491EA8389A855F53.d.F3CD01A76452246FC23C37DAC2A2AD64.e.2134/click - {}
COMMAND: POST /session/8d95cead83622a4940e097fc0d2faf99/element/f.B571230365E4BE60491EA8389A855F53.d.F3CD01A76452246FC23C37DAC2A2AD64.e.2134/click - {}
RESULT: {}
COMMAND: GET /session/8d95cead83622a4940e097fc0d2faf99/screenshot - {}
COMMAND: POST /session/8d95cead83622a4940e097fc0d2faf99/element - {"using":"xpath","value":"//*[@id=\"backBtn\"]"}
RESULT: {}
RESULT: {"using":"xpath","value":"//*[@id=\"backBtn\"]"}
COMMAND: POST /session/8d95cead83622a4940e097fc0d2faf99/elements - {"using":"xpath","value":"//*[@id=\"backBtn\"]"}
RESULT: {"using":"xpath","value":"//*[@id=\"backBtn\"]"}
COMMAND: POST /session/8d95cead83622a4940e097fc0d2faf99/elements - {"using":"xpath","value":"//*[@id=\"backBtn\"]"}
RESULT: {"using":"xpath","value":"//*[@id=\"backBtn\"]"}
COMMAND: POST /session/8d95cead83622a4940e097fc0d2faf99/elements - {"using":"xpath","value":"//*[@id=\"backBtn\"]"}
RESULT: {"using":"xpath","value":"//*[@id=\"backBtn\"]"}
COMMAND: POST /session/8d95cead83622a4940e097fc0d2faf99/elements - {"using":"xpath","value":"//*[@id=\"backBtn\"]"}
RESULT: {"using":"xpath","value":"//*[@id=\"backBtn\"]"}
COMMAND: POST /session/8d95cead83622a4940e097fc0d2faf99/elements - {"using":"xpath","value":"//*[@id=\"backBtn\"]"}
RESULT: {"using":"xpath","value":"//*[@id=\"backBtn\"]"}
COMMAND: POST /session/8d95cead83622a4940e097fc0d2faf99/elements - {"using":"xpath","value":"//*[@id=\"backBtn\"]"}
RESULT: {"using":"xpath","value":"//*[@id=\"backBtn\"]"}
COMMAND: POST /session/8d95cead83622a4940e097fc0d2faf99/elements - {"using":"xpath","value":"//*[@id=\"backBtn\"]"}
RESULT: {"using":"xpath","value":"//*[@id=\"backBtn\"]"}
COMMAND: POST /session/8d95cead83622a4940e097fc0d2faf99/elements - {"using":"xpath","value":"//*[@id=\"backBtn\"]"}
RESULT: {"using":"xpath","value":"//*[@id=\"backBtn\"]"}
COMMAND: POST /session/8d95cead83622a4940e097fc0d2faf99/elements - {"using":"xpath","value":"//*[@id=\"backBtn\"]"}
RESULT: {"using":"xpath","value":"//*[@id=\"backBtn\"]"}
COMMAND: POST /session/8d95cead83622a4940e097fc0d2faf99/elements - {"using":"xpath","value":"//*[@id=\"backBtn\"]"}
RESULT: {"using":"xpath","value":"//*[@id=\"backBtn\"]"}
COMMAND: POST /session/8d95cead83622a4940e097fc0d2faf99/elements - {"using":"xpath","value":"//*[@id=\"backBtn\"]"}
RESULT: {"using":"xpath","value":"//*[@id=\"backBtn\"]"}
COMMAND: POST /session/8d95cead83622a4940e097fc0d2faf99/elements - {"using":"xpath","value":"//*[@id=\"backBtn\"]"}
RESULT: {"using":"xpath","value":"//*[@id=\"backBtn\"]"}
COMMAND: POST /session/8d95cead83622a4940e097fc0d2faf99/elements - {"using":"xpath","value":"//*[@id=\"backBtn\"]"}
RESULT: {"using":"xpath","value":"//*[@id=\"backBtn\"]"}
COMMAND: POST /session/8d95cead83622a4940e097fc0d2faf99/elements - {"using":"xpath","value":"//*[@id=\"backBtn\"]"}
RESULT: {"using":"xpath","value":"//*[@id=\"backBtn\"]"}
COMMAND: POST /session/8d95cead83622a4940e097fc0d2faf99/elements - {"using":"xpath","value":"//*[@id=\"backBtn\"]"}
RESULT: {"using":"xpath","value":"//*[@id=\"backBtn\"]"}
COMMAND: POST /session/8d95cead83622a4940e097fc0d2faf99/elements - {"using":"xpath","value":"//*[@id=\"backBtn\"]"}
RESULT: {"using":"xpath","value":"//*[@id=\"backBtn\"]"}
COMMAND: POST /session/8d95cead83622a4940e097fc0d2faf99/elements - {"using":"xpath","value":"//*[@id=\"backBtn\"]"}
RESULT: {"using":"xpath","value":"//*[@id=\"backBtn\"]"}
]]></system-out>
    </testcase>
    <testcase classname="chrome.135_0_7049_42.windows.Sanity_Tests_US104253" name="Should open Manage Conditions Prices page" time="41.83">
      <system-out><![CDATA[
COMMAND: POST /session/8d95cead83622a4940e097fc0d2faf99/execute/async - {"script":"<script> [1562 bytes]","args":[{"selector":{"controlType":"sap.m.GenericTile","properties":{"header":"Manage Conditions & Prices"}},"wdio_ui5_key":"sapm.GenericTile{\"header\":\"Manage Conditions & Prices\"}"}]}
COMMAND: POST /session/8d95cead83622a4940e097fc0d2faf99/elements - {"using":"xpath","value":"//*[@id=\"backBtn\"]"}
RESULT: {"script":"<script> [1562 bytes]","args":[{"selector":{"controlType":"sap.m.GenericTile","properties":{"header":"Manage Conditions & Prices"}},"wdio_ui5_key":"sapm.GenericTile{\"header\":\"Manage Conditions & Prices\"}"}]}
RESULT: undefined
COMMAND: POST /session/8d95cead83622a4940e097fc0d2faf99/element - {"using":"xpath","value":"//*[@id=\"__tile53\"]"}
RESULT: {"using":"xpath","value":"//*[@id=\"backBtn\"]"}
RESULT: {"using":"xpath","value":"//*[@id=\"__tile53\"]"}
COMMAND: POST /session/8d95cead83622a4940e097fc0d2faf99/element/f.B571230365E4BE60491EA8389A855F53.d.F3CD01A76452246FC23C37DAC2A2AD64.e.2432/click - {}
RESULT: {}
COMMAND: GET /session/8d95cead83622a4940e097fc0d2faf99/screenshot - {}
COMMAND: POST /session/8d95cead83622a4940e097fc0d2faf99/elements - {"using":"xpath","value":"//*[@id=\"backBtn\"]"}
RESULT: {}
RESULT: {"using":"xpath","value":"//*[@id=\"backBtn\"]"}
COMMAND: POST /session/8d95cead83622a4940e097fc0d2faf99/elements - {"using":"xpath","value":"//*[@id=\"backBtn\"]"}
RESULT: {"using":"xpath","value":"//*[@id=\"backBtn\"]"}
COMMAND: POST /session/8d95cead83622a4940e097fc0d2faf99/elements - {"using":"xpath","value":"//*[@id=\"backBtn\"]"}
RESULT: {"using":"xpath","value":"//*[@id=\"backBtn\"]"}
COMMAND: POST /session/8d95cead83622a4940e097fc0d2faf99/elements - {"using":"xpath","value":"//*[@id=\"backBtn\"]"}
RESULT: undefined
COMMAND: POST /session/8d95cead83622a4940e097fc0d2faf99/element - {"using":"xpath","value":"//*[@id=\"__tile53\"]"}
RESULT: {"using":"xpath","value":"//*[@id=\"backBtn\"]"}
COMMAND: POST /session/8d95cead83622a4940e097fc0d2faf99/element - {"using":"xpath","value":"//*[@id=\"backBtn\"]"}
RESULT: {"using":"xpath","value":"//*[@id=\"__tile53\"]"}
COMMAND: POST /session/8d95cead83622a4940e097fc0d2faf99/element/f.B571230365E4BE60491EA8389A855F53.d.F3CD01A76452246FC23C37DAC2A2AD64.e.2432/click - {}
RESULT: {"using":"xpath","value":"//*[@id=\"backBtn\"]"}
COMMAND: POST /session/8d95cead83622a4940e097fc0d2faf99/element/f.B571230365E4BE60491EA8389A855F53.d.F3CD01A76452246FC23C37DAC2A2AD64.e.2134/click - {}
COMMAND: POST /session/8d95cead83622a4940e097fc0d2faf99/element - {"using":"xpath","value":"//*[@id=\"backBtn\"]"}
RESULT: {"using":"xpath","value":"//*[@id=\"backBtn\"]"}
COMMAND: POST /session/8d95cead83622a4940e097fc0d2faf99/element/f.B571230365E4BE60491EA8389A855F53.d.F3CD01A76452246FC23C37DAC2A2AD64.e.2436/click - {}
RESULT: {}
COMMAND: GET /session/8d95cead83622a4940e097fc0d2faf99/screenshot - {}
RESULT: {}
RESULT: undefined
COMMAND: POST /session/8d95cead83622a4940e097fc0d2faf99/element - {"using":"xpath","value":"//*[@id=\"__tile53\"]"}
COMMAND: GET /session/8d95cead83622a4940e097fc0d2faf99/screenshot - {}
RESULT: {}
RESULT: {"using":"xpath","value":"//*[@id=\"__tile53\"]"}
COMMAND: POST /session/8d95cead83622a4940e097fc0d2faf99/element/f.B571230365E4BE60491EA8389A855F53.d.F3CD01A76452246FC23C37DAC2A2AD64.e.2432/click - {}
RESULT: {}
RESULT: undefined
COMMAND: POST /session/8d95cead83622a4940e097fc0d2faf99/execute/async - {"script":"<script> [6424 bytes]","args":[{"element-6066-11e4-a52e-4f735466cecf":"f.B571230365E4BE60491EA8389A855F53.d.F3CD01A76452246FC23C37DAC2A2AD64.e.294"},"getTitle",[]]}
COMMAND: POST /session/8d95cead83622a4940e097fc0d2faf99/execute/async - {"script":"<script> [1562 bytes]","args":[{"selector":{"id":"shellAppTitle"},"wdio_ui5_key":"shellAppTitle"}]}
RESULT: {"script":"<script> [1562 bytes]","args":[{"selector":{"id":"shellAppTitle"},"wdio_ui5_key":"shellAppTitle"}]}
COMMAND: POST /session/8d95cead83622a4940e097fc0d2faf99/execute/async - {"script":"<script> [6424 bytes]","args":[{"element-6066-11e4-a52e-4f735466cecf":"f.B571230365E4BE60491EA8389A855F53.d.F3CD01A76452246FC23C37DAC2A2AD64.e.2549"},"getTitle",[]]}
RESULT: {"script":"<script> [6424 bytes]","args":[{"element-6066-11e4-a52e-4f735466cecf":"f.B571230365E4BE60491EA8389A855F53.d.F3CD01A76452246FC23C37DAC2A2AD64.e.2549"},"getTitle",[]]}
RESULT: undefined
COMMAND: POST /session/8d95cead83622a4940e097fc0d2faf99/element/f.B571230365E4BE60491EA8389A855F53.d.F3CD01A76452246FC23C37DAC2A2AD64.e.2436/click - {}
RESULT: {}
COMMAND: GET /session/8d95cead83622a4940e097fc0d2faf99/screenshot - {}
RESULT: {}
]]></system-out>
    </testcase>
    <testcase classname="chrome.135_0_7049_42.windows.Sanity_Tests_US104253" name="Should open Billing Transfer page" time="35.171">
      <system-out><![CDATA[
COMMAND: POST /session/8d95cead83622a4940e097fc0d2faf99/execute/async - {"script":"<script> [1562 bytes]","args":[{"selector":{"controlType":"sap.m.GenericTile","properties":{"header":"Billing Transfer"}},"wdio_ui5_key":"sapm.GenericTile{\"header\":\"Billing Transfer\"}"}]}
RESULT: {"script":"<script> [1562 bytes]","args":[{"selector":{"controlType":"sap.m.GenericTile","properties":{"header":"Billing Transfer"}},"wdio_ui5_key":"sapm.GenericTile{\"header\":\"Billing Transfer\"}"}]}
RESULT: undefined
COMMAND: POST /session/8d95cead83622a4940e097fc0d2faf99/element - {"using":"xpath","value":"//*[@id=\"__tile50\"]"}
RESULT: {"using":"xpath","value":"//*[@id=\"__tile50\"]"}
COMMAND: POST /session/8d95cead83622a4940e097fc0d2faf99/element/f.B571230365E4BE60491EA8389A855F53.d.F3CD01A76452246FC23C37DAC2A2AD64.e.2551/click - {}
RESULT: {}
COMMAND: GET /session/8d95cead83622a4940e097fc0d2faf99/screenshot - {}
RESULT: {}
RESULT: undefined
COMMAND: POST /session/8d95cead83622a4940e097fc0d2faf99/element - {"using":"xpath","value":"//*[@id=\"__tile50\"]"}
RESULT: {"using":"xpath","value":"//*[@id=\"__tile50\"]"}
COMMAND: POST /session/8d95cead83622a4940e097fc0d2faf99/element/f.B571230365E4BE60491EA8389A855F53.d.F3CD01A76452246FC23C37DAC2A2AD64.e.2551/click - {}
RESULT: undefined
COMMAND: POST /session/8d95cead83622a4940e097fc0d2faf99/element - {"using":"xpath","value":"//*[@id=\"__tile50\"]"}
RESULT: {"using":"xpath","value":"//*[@id=\"__tile50\"]"}
COMMAND: POST /session/8d95cead83622a4940e097fc0d2faf99/element/f.B571230365E4BE60491EA8389A855F53.d.F3CD01A76452246FC23C37DAC2A2AD64.e.2551/click - {}
RESULT: undefined
COMMAND: POST /session/8d95cead83622a4940e097fc0d2faf99/execute/async - {"script":"<script> [6424 bytes]","args":[{"element-6066-11e4-a52e-4f735466cecf":"f.B571230365E4BE60491EA8389A855F53.d.F3CD01A76452246FC23C37DAC2A2AD64.e.294"},"getTitle",[]]}
COMMAND: POST /session/8d95cead83622a4940e097fc0d2faf99/execute/async - {"script":"<script> [1562 bytes]","args":[{"selector":{"id":"shellAppTitle"},"wdio_ui5_key":"shellAppTitle"}]}
RESULT: {"script":"<script> [1562 bytes]","args":[{"selector":{"id":"shellAppTitle"},"wdio_ui5_key":"shellAppTitle"}]}
COMMAND: POST /session/8d95cead83622a4940e097fc0d2faf99/execute/async - {"script":"<script> [6424 bytes]","args":[{"element-6066-11e4-a52e-4f735466cecf":"f.B571230365E4BE60491EA8389A855F53.d.F3CD01A76452246FC23C37DAC2A2AD64.e.2648"},"getTitle",[]]}
RESULT: {"script":"<script> [6424 bytes]","args":[{"element-6066-11e4-a52e-4f735466cecf":"f.B571230365E4BE60491EA8389A855F53.d.F3CD01A76452246FC23C37DAC2A2AD64.e.2648"},"getTitle",[]]}
RESULT: undefined
COMMAND: POST /session/8d95cead83622a4940e097fc0d2faf99/element/f.B571230365E4BE60491EA8389A855F53.d.F3CD01A76452246FC23C37DAC2A2AD64.e.2436/click - {}
COMMAND: POST /session/8d95cead83622a4940e097fc0d2faf99/element - {"using":"xpath","value":"//*[@id=\"backBtn\"]"}
RESULT: {"using":"xpath","value":"//*[@id=\"backBtn\"]"}
COMMAND: POST /session/8d95cead83622a4940e097fc0d2faf99/element/f.B571230365E4BE60491EA8389A855F53.d.F3CD01A76452246FC23C37DAC2A2AD64.e.2436/click - {}
COMMAND: POST /session/8d95cead83622a4940e097fc0d2faf99/element - {"using":"xpath","value":"//*[@id=\"backBtn\"]"}
RESULT: {"using":"xpath","value":"//*[@id=\"backBtn\"]"}
COMMAND: POST /session/8d95cead83622a4940e097fc0d2faf99/element/f.B571230365E4BE60491EA8389A855F53.d.F3CD01A76452246FC23C37DAC2A2AD64.e.2649/click - {}
RESULT: {}
COMMAND: GET /session/8d95cead83622a4940e097fc0d2faf99/screenshot - {}
RESULT: {}
]]></system-out>
    </testcase>
    <testcase classname="chrome.135_0_7049_42.windows.Sanity_Tests_US104253" name="Should open Manage Pricing Rules page" time="32.456">
      <system-out><![CDATA[
COMMAND: POST /session/8d95cead83622a4940e097fc0d2faf99/execute/async - {"script":"<script> [1562 bytes]","args":[{"selector":{"controlType":"sap.m.GenericTile","properties":{"header":"Manage Pricing Rules"}},"wdio_ui5_key":"sapm.GenericTile{\"header\":\"Manage Pricing Rules\"}"}]}
RESULT: {"script":"<script> [1562 bytes]","args":[{"selector":{"controlType":"sap.m.GenericTile","properties":{"header":"Manage Pricing Rules"}},"wdio_ui5_key":"sapm.GenericTile{\"header\":\"Manage Pricing Rules\"}"}]}
RESULT: undefined
COMMAND: POST /session/8d95cead83622a4940e097fc0d2faf99/element - {"using":"xpath","value":"//*[@id=\"__tile55\"]"}
RESULT: {"using":"xpath","value":"//*[@id=\"__tile55\"]"}
COMMAND: POST /session/8d95cead83622a4940e097fc0d2faf99/element/f.B571230365E4BE60491EA8389A855F53.d.F3CD01A76452246FC23C37DAC2A2AD64.e.2651/click - {}
RESULT: {}
COMMAND: GET /session/8d95cead83622a4940e097fc0d2faf99/screenshot - {}
RESULT: {}
RESULT: undefined
COMMAND: POST /session/8d95cead83622a4940e097fc0d2faf99/element - {"using":"xpath","value":"//*[@id=\"__tile55\"]"}
RESULT: {"using":"xpath","value":"//*[@id=\"__tile55\"]"}
COMMAND: POST /session/8d95cead83622a4940e097fc0d2faf99/element/f.B571230365E4BE60491EA8389A855F53.d.F3CD01A76452246FC23C37DAC2A2AD64.e.2651/click - {}
RESULT: undefined
COMMAND: POST /session/8d95cead83622a4940e097fc0d2faf99/element - {"using":"xpath","value":"//*[@id=\"__tile55\"]"}
RESULT: {"using":"xpath","value":"//*[@id=\"__tile55\"]"}
COMMAND: POST /session/8d95cead83622a4940e097fc0d2faf99/element/f.B571230365E4BE60491EA8389A855F53.d.F3CD01A76452246FC23C37DAC2A2AD64.e.2651/click - {}
RESULT: undefined
COMMAND: POST /session/8d95cead83622a4940e097fc0d2faf99/execute/async - {"script":"<script> [6424 bytes]","args":[{"element-6066-11e4-a52e-4f735466cecf":"f.B571230365E4BE60491EA8389A855F53.d.F3CD01A76452246FC23C37DAC2A2AD64.e.294"},"getTitle",[]]}
COMMAND: POST /session/8d95cead83622a4940e097fc0d2faf99/execute/async - {"script":"<script> [1562 bytes]","args":[{"selector":{"id":"shellAppTitle"},"wdio_ui5_key":"shellAppTitle"}]}
RESULT: {"script":"<script> [1562 bytes]","args":[{"selector":{"id":"shellAppTitle"},"wdio_ui5_key":"shellAppTitle"}]}
COMMAND: POST /session/8d95cead83622a4940e097fc0d2faf99/execute/async - {"script":"<script> [6424 bytes]","args":[{"element-6066-11e4-a52e-4f735466cecf":"f.B571230365E4BE60491EA8389A855F53.d.F3CD01A76452246FC23C37DAC2A2AD64.e.2699"},"getTitle",[]]}
RESULT: {"script":"<script> [6424 bytes]","args":[{"element-6066-11e4-a52e-4f735466cecf":"f.B571230365E4BE60491EA8389A855F53.d.F3CD01A76452246FC23C37DAC2A2AD64.e.2699"},"getTitle",[]]}
RESULT: undefined
COMMAND: POST /session/8d95cead83622a4940e097fc0d2faf99/element/f.B571230365E4BE60491EA8389A855F53.d.F3CD01A76452246FC23C37DAC2A2AD64.e.2649/click - {}
RESULT: {}
COMMAND: GET /session/8d95cead83622a4940e097fc0d2faf99/screenshot - {}
RESULT: {}
]]></system-out>
    </testcase>
    <testcase classname="chrome.135_0_7049_42.windows.Sanity_Tests_US104253" name="Should open Manage Price Determination Matrices page" time="33.886">
      <system-out><![CDATA[
COMMAND: POST /session/8d95cead83622a4940e097fc0d2faf99/execute/async - {"script":"<script> [1562 bytes]","args":[{"selector":{"controlType":"sap.m.GenericTile","properties":{"header":"Manage Price Determination Matrices"}},"wdio_ui5_key":"sapm.GenericTile{\"header\":\"Manage Price Determination Matrices\"}"}]}
RESULT: {"script":"<script> [1562 bytes]","args":[{"selector":{"controlType":"sap.m.GenericTile","properties":{"header":"Manage Price Determination Matrices"}},"wdio_ui5_key":"sapm.GenericTile{\"header\":\"Manage Price Determination Matrices\"}"}]}
RESULT: undefined
COMMAND: POST /session/8d95cead83622a4940e097fc0d2faf99/element - {"using":"xpath","value":"//*[@id=\"__tile54\"]"}
RESULT: {"using":"xpath","value":"//*[@id=\"__tile54\"]"}
COMMAND: POST /session/8d95cead83622a4940e097fc0d2faf99/element/f.B571230365E4BE60491EA8389A855F53.d.F3CD01A76452246FC23C37DAC2A2AD64.e.2701/click - {}
RESULT: {}
COMMAND: GET /session/8d95cead83622a4940e097fc0d2faf99/screenshot - {}
RESULT: {}
RESULT: undefined
COMMAND: POST /session/8d95cead83622a4940e097fc0d2faf99/element - {"using":"xpath","value":"//*[@id=\"__tile54\"]"}
RESULT: {"using":"xpath","value":"//*[@id=\"__tile54\"]"}
COMMAND: POST /session/8d95cead83622a4940e097fc0d2faf99/element/f.B571230365E4BE60491EA8389A855F53.d.F3CD01A76452246FC23C37DAC2A2AD64.e.2701/click - {}
RESULT: undefined
COMMAND: POST /session/8d95cead83622a4940e097fc0d2faf99/element - {"using":"xpath","value":"//*[@id=\"__tile54\"]"}
RESULT: {"using":"xpath","value":"//*[@id=\"__tile54\"]"}
COMMAND: POST /session/8d95cead83622a4940e097fc0d2faf99/element/f.B571230365E4BE60491EA8389A855F53.d.F3CD01A76452246FC23C37DAC2A2AD64.e.2701/click - {}
RESULT: undefined
COMMAND: POST /session/8d95cead83622a4940e097fc0d2faf99/execute/async - {"script":"<script> [6424 bytes]","args":[{"element-6066-11e4-a52e-4f735466cecf":"f.B571230365E4BE60491EA8389A855F53.d.F3CD01A76452246FC23C37DAC2A2AD64.e.294"},"getTitle",[]]}
COMMAND: POST /session/8d95cead83622a4940e097fc0d2faf99/execute/async - {"script":"<script> [1562 bytes]","args":[{"selector":{"id":"shellAppTitle"},"wdio_ui5_key":"shellAppTitle"}]}
RESULT: {"script":"<script> [1562 bytes]","args":[{"selector":{"id":"shellAppTitle"},"wdio_ui5_key":"shellAppTitle"}]}
COMMAND: POST /session/8d95cead83622a4940e097fc0d2faf99/execute/async - {"script":"<script> [6424 bytes]","args":[{"element-6066-11e4-a52e-4f735466cecf":"f.B571230365E4BE60491EA8389A855F53.d.F3CD01A76452246FC23C37DAC2A2AD64.e.2784"},"getTitle",[]]}
RESULT: {"script":"<script> [6424 bytes]","args":[{"element-6066-11e4-a52e-4f735466cecf":"f.B571230365E4BE60491EA8389A855F53.d.F3CD01A76452246FC23C37DAC2A2AD64.e.2784"},"getTitle",[]]}
RESULT: undefined
COMMAND: POST /session/8d95cead83622a4940e097fc0d2faf99/element/f.B571230365E4BE60491EA8389A855F53.d.F3CD01A76452246FC23C37DAC2A2AD64.e.2649/click - {}
COMMAND: POST /session/8d95cead83622a4940e097fc0d2faf99/element - {"using":"xpath","value":"//*[@id=\"backBtn\"]"}
RESULT: {"using":"xpath","value":"//*[@id=\"backBtn\"]"}
COMMAND: POST /session/8d95cead83622a4940e097fc0d2faf99/element/f.B571230365E4BE60491EA8389A855F53.d.F3CD01A76452246FC23C37DAC2A2AD64.e.2649/click - {}
COMMAND: POST /session/8d95cead83622a4940e097fc0d2faf99/element - {"using":"xpath","value":"//*[@id=\"backBtn\"]"}
RESULT: {"using":"xpath","value":"//*[@id=\"backBtn\"]"}
COMMAND: POST /session/8d95cead83622a4940e097fc0d2faf99/element/f.B571230365E4BE60491EA8389A855F53.d.F3CD01A76452246FC23C37DAC2A2AD64.e.2785/click - {}
RESULT: {}
COMMAND: GET /session/8d95cead83622a4940e097fc0d2faf99/screenshot - {}
RESULT: {}
]]></system-out>
    </testcase>
    <testcase classname="chrome.135_0_7049_42.windows.Sanity_Tests_US104253" name="Should open Yard Overview page" time="31.851">
      <system-out><![CDATA[
COMMAND: POST /session/8d95cead83622a4940e097fc0d2faf99/execute/async - {"script":"<script> [1562 bytes]","args":[{"selector":{"controlType":"sap.m.GenericTile","properties":{"header":"Yard Overview"}},"wdio_ui5_key":"sapm.GenericTile{\"header\":\"Yard Overview\"}"}]}
RESULT: {"script":"<script> [1562 bytes]","args":[{"selector":{"controlType":"sap.m.GenericTile","properties":{"header":"Yard Overview"}},"wdio_ui5_key":"sapm.GenericTile{\"header\":\"Yard Overview\"}"}]}
RESULT: undefined
COMMAND: POST /session/8d95cead83622a4940e097fc0d2faf99/element - {"using":"xpath","value":"//*[@id=\"__tile102\"]"}
RESULT: {"using":"xpath","value":"//*[@id=\"__tile102\"]"}
COMMAND: POST /session/8d95cead83622a4940e097fc0d2faf99/element/f.B571230365E4BE60491EA8389A855F53.d.F3CD01A76452246FC23C37DAC2A2AD64.e.2787/click - {}
RESULT: {}
COMMAND: GET /session/8d95cead83622a4940e097fc0d2faf99/screenshot - {}
RESULT: {}
RESULT: undefined
COMMAND: POST /session/8d95cead83622a4940e097fc0d2faf99/element - {"using":"xpath","value":"//*[@id=\"__tile102\"]"}
RESULT: {"using":"xpath","value":"//*[@id=\"__tile102\"]"}
COMMAND: POST /session/8d95cead83622a4940e097fc0d2faf99/element/f.B571230365E4BE60491EA8389A855F53.d.F3CD01A76452246FC23C37DAC2A2AD64.e.2787/click - {}
RESULT: undefined
COMMAND: POST /session/8d95cead83622a4940e097fc0d2faf99/element - {"using":"xpath","value":"//*[@id=\"__tile102\"]"}
RESULT: {"using":"xpath","value":"//*[@id=\"__tile102\"]"}
COMMAND: POST /session/8d95cead83622a4940e097fc0d2faf99/element/f.B571230365E4BE60491EA8389A855F53.d.F3CD01A76452246FC23C37DAC2A2AD64.e.2787/click - {}
RESULT: undefined
COMMAND: POST /session/8d95cead83622a4940e097fc0d2faf99/execute/async - {"script":"<script> [6424 bytes]","args":[{"element-6066-11e4-a52e-4f735466cecf":"f.B571230365E4BE60491EA8389A855F53.d.F3CD01A76452246FC23C37DAC2A2AD64.e.294"},"getTitle",[]]}
COMMAND: POST /session/8d95cead83622a4940e097fc0d2faf99/execute/async - {"script":"<script> [1562 bytes]","args":[{"selector":{"id":"shellAppTitle"},"wdio_ui5_key":"shellAppTitle"}]}
RESULT: {"script":"<script> [1562 bytes]","args":[{"selector":{"id":"shellAppTitle"},"wdio_ui5_key":"shellAppTitle"}]}
COMMAND: POST /session/8d95cead83622a4940e097fc0d2faf99/execute/async - {"script":"<script> [6424 bytes]","args":[{"element-6066-11e4-a52e-4f735466cecf":"f.B571230365E4BE60491EA8389A855F53.d.F3CD01A76452246FC23C37DAC2A2AD64.e.2852"},"getTitle",[]]}
RESULT: {"script":"<script> [6424 bytes]","args":[{"element-6066-11e4-a52e-4f735466cecf":"f.B571230365E4BE60491EA8389A855F53.d.F3CD01A76452246FC23C37DAC2A2AD64.e.2852"},"getTitle",[]]}
RESULT: undefined
COMMAND: POST /session/8d95cead83622a4940e097fc0d2faf99/element/f.B571230365E4BE60491EA8389A855F53.d.F3CD01A76452246FC23C37DAC2A2AD64.e.2785/click - {}
RESULT: {}
COMMAND: GET /session/8d95cead83622a4940e097fc0d2faf99/screenshot - {}
RESULT: {}
]]></system-out>
    </testcase>
    <testcase classname="chrome.135_0_7049_42.windows.Sanity_Tests_US104253" name="Should open Site Overview page" time="33.049">
      <system-out><![CDATA[
COMMAND: POST /session/8d95cead83622a4940e097fc0d2faf99/execute/async - {"script":"<script> [1562 bytes]","args":[{"selector":{"controlType":"sap.m.GenericTile","properties":{"header":"Site Overview"}},"wdio_ui5_key":"sapm.GenericTile{\"header\":\"Site Overview\"}"}]}
RESULT: {"script":"<script> [1562 bytes]","args":[{"selector":{"controlType":"sap.m.GenericTile","properties":{"header":"Site Overview"}},"wdio_ui5_key":"sapm.GenericTile{\"header\":\"Site Overview\"}"}]}
RESULT: undefined
COMMAND: POST /session/8d95cead83622a4940e097fc0d2faf99/element - {"using":"xpath","value":"//*[@id=\"__tile100\"]"}
RESULT: {"using":"xpath","value":"//*[@id=\"__tile100\"]"}
COMMAND: POST /session/8d95cead83622a4940e097fc0d2faf99/element/f.B571230365E4BE60491EA8389A855F53.d.F3CD01A76452246FC23C37DAC2A2AD64.e.2855/click - {}
RESULT: {}
COMMAND: GET /session/8d95cead83622a4940e097fc0d2faf99/screenshot - {}
RESULT: {}
RESULT: undefined
COMMAND: POST /session/8d95cead83622a4940e097fc0d2faf99/element - {"using":"xpath","value":"//*[@id=\"__tile100\"]"}
RESULT: {"using":"xpath","value":"//*[@id=\"__tile100\"]"}
COMMAND: POST /session/8d95cead83622a4940e097fc0d2faf99/element/f.B571230365E4BE60491EA8389A855F53.d.F3CD01A76452246FC23C37DAC2A2AD64.e.2855/click - {}
RESULT: undefined
COMMAND: POST /session/8d95cead83622a4940e097fc0d2faf99/element - {"using":"xpath","value":"//*[@id=\"__tile100\"]"}
RESULT: {"using":"xpath","value":"//*[@id=\"__tile100\"]"}
COMMAND: POST /session/8d95cead83622a4940e097fc0d2faf99/element/f.B571230365E4BE60491EA8389A855F53.d.F3CD01A76452246FC23C37DAC2A2AD64.e.2855/click - {}
RESULT: undefined
COMMAND: POST /session/8d95cead83622a4940e097fc0d2faf99/execute/async - {"script":"<script> [6424 bytes]","args":[{"element-6066-11e4-a52e-4f735466cecf":"f.B571230365E4BE60491EA8389A855F53.d.F3CD01A76452246FC23C37DAC2A2AD64.e.294"},"getTitle",[]]}
COMMAND: POST /session/8d95cead83622a4940e097fc0d2faf99/execute/async - {"script":"<script> [1562 bytes]","args":[{"selector":{"id":"shellAppTitle"},"wdio_ui5_key":"shellAppTitle"}]}
RESULT: {"script":"<script> [1562 bytes]","args":[{"selector":{"id":"shellAppTitle"},"wdio_ui5_key":"shellAppTitle"}]}
COMMAND: POST /session/8d95cead83622a4940e097fc0d2faf99/execute/async - {"script":"<script> [6424 bytes]","args":[{"element-6066-11e4-a52e-4f735466cecf":"f.B571230365E4BE60491EA8389A855F53.d.F3CD01A76452246FC23C37DAC2A2AD64.e.2972"},"getTitle",[]]}
RESULT: {"script":"<script> [6424 bytes]","args":[{"element-6066-11e4-a52e-4f735466cecf":"f.B571230365E4BE60491EA8389A855F53.d.F3CD01A76452246FC23C37DAC2A2AD64.e.2972"},"getTitle",[]]}
RESULT: undefined
COMMAND: POST /session/8d95cead83622a4940e097fc0d2faf99/element/f.B571230365E4BE60491EA8389A855F53.d.F3CD01A76452246FC23C37DAC2A2AD64.e.2785/click - {}
COMMAND: POST /session/8d95cead83622a4940e097fc0d2faf99/element - {"using":"xpath","value":"//*[@id=\"backBtn\"]"}
RESULT: {"using":"xpath","value":"//*[@id=\"backBtn\"]"}
COMMAND: POST /session/8d95cead83622a4940e097fc0d2faf99/element/f.B571230365E4BE60491EA8389A855F53.d.F3CD01A76452246FC23C37DAC2A2AD64.e.2785/click - {}
COMMAND: POST /session/8d95cead83622a4940e097fc0d2faf99/element - {"using":"xpath","value":"//*[@id=\"backBtn\"]"}
RESULT: {"using":"xpath","value":"//*[@id=\"backBtn\"]"}
COMMAND: POST /session/8d95cead83622a4940e097fc0d2faf99/element/f.B571230365E4BE60491EA8389A855F53.d.F3CD01A76452246FC23C37DAC2A2AD64.e.2973/click - {}
RESULT: {}
COMMAND: GET /session/8d95cead83622a4940e097fc0d2faf99/screenshot - {}
RESULT: {}
]]></system-out>
    </testcase>
    <testcase classname="chrome.135_0_7049_42.windows.Sanity_Tests_US104253" name="Should open Trace Track Resources page" time="35.226">
      <system-out><![CDATA[
COMMAND: POST /session/8d95cead83622a4940e097fc0d2faf99/execute/async - {"script":"<script> [1562 bytes]","args":[{"selector":{"controlType":"sap.m.GenericTile","properties":{"header":"Trace & Track Resources"}},"wdio_ui5_key":"sapm.GenericTile{\"header\":\"Trace & Track Resources\"}"}]}
RESULT: {"script":"<script> [1562 bytes]","args":[{"selector":{"controlType":"sap.m.GenericTile","properties":{"header":"Trace & Track Resources"}},"wdio_ui5_key":"sapm.GenericTile{\"header\":\"Trace & Track Resources\"}"}]}
RESULT: undefined
COMMAND: POST /session/8d95cead83622a4940e097fc0d2faf99/element - {"using":"xpath","value":"//*[@id=\"__tile101\"]"}
RESULT: {"using":"xpath","value":"//*[@id=\"__tile101\"]"}
COMMAND: POST /session/8d95cead83622a4940e097fc0d2faf99/element/f.B571230365E4BE60491EA8389A855F53.d.F3CD01A76452246FC23C37DAC2A2AD64.e.2975/click - {}
RESULT: {}
COMMAND: GET /session/8d95cead83622a4940e097fc0d2faf99/screenshot - {}
RESULT: {}
RESULT: undefined
COMMAND: POST /session/8d95cead83622a4940e097fc0d2faf99/element - {"using":"xpath","value":"//*[@id=\"__tile101\"]"}
RESULT: {"using":"xpath","value":"//*[@id=\"__tile101\"]"}
COMMAND: POST /session/8d95cead83622a4940e097fc0d2faf99/element/f.B571230365E4BE60491EA8389A855F53.d.F3CD01A76452246FC23C37DAC2A2AD64.e.2975/click - {}
RESULT: undefined
COMMAND: POST /session/8d95cead83622a4940e097fc0d2faf99/element - {"using":"xpath","value":"//*[@id=\"__tile101\"]"}
RESULT: {"using":"xpath","value":"//*[@id=\"__tile101\"]"}
COMMAND: POST /session/8d95cead83622a4940e097fc0d2faf99/element/f.B571230365E4BE60491EA8389A855F53.d.F3CD01A76452246FC23C37DAC2A2AD64.e.2975/click - {}
RESULT: undefined
COMMAND: POST /session/8d95cead83622a4940e097fc0d2faf99/execute/async - {"script":"<script> [6424 bytes]","args":[{"element-6066-11e4-a52e-4f735466cecf":"f.B571230365E4BE60491EA8389A855F53.d.F3CD01A76452246FC23C37DAC2A2AD64.e.294"},"getTitle",[]]}
COMMAND: POST /session/8d95cead83622a4940e097fc0d2faf99/execute/async - {"script":"<script> [1562 bytes]","args":[{"selector":{"id":"shellAppTitle"},"wdio_ui5_key":"shellAppTitle"}]}
RESULT: {"script":"<script> [1562 bytes]","args":[{"selector":{"id":"shellAppTitle"},"wdio_ui5_key":"shellAppTitle"}]}
COMMAND: POST /session/8d95cead83622a4940e097fc0d2faf99/execute/async - {"script":"<script> [6424 bytes]","args":[{"element-6066-11e4-a52e-4f735466cecf":"f.B571230365E4BE60491EA8389A855F53.d.F3CD01A76452246FC23C37DAC2A2AD64.e.3011"},"getTitle",[]]}
RESULT: {"script":"<script> [6424 bytes]","args":[{"element-6066-11e4-a52e-4f735466cecf":"f.B571230365E4BE60491EA8389A855F53.d.F3CD01A76452246FC23C37DAC2A2AD64.e.3011"},"getTitle",[]]}
RESULT: undefined
COMMAND: POST /session/8d95cead83622a4940e097fc0d2faf99/element/f.B571230365E4BE60491EA8389A855F53.d.F3CD01A76452246FC23C37DAC2A2AD64.e.2973/click - {}
RESULT: {}
COMMAND: GET /session/8d95cead83622a4940e097fc0d2faf99/screenshot - {}
RESULT: {}
]]></system-out>
    </testcase>
    <testcase classname="chrome.135_0_7049_42.windows.Sanity_Tests_US104253" name="Should open RU Inventory List page" time="35.445">
      <system-out><![CDATA[
COMMAND: POST /session/8d95cead83622a4940e097fc0d2faf99/execute/async - {"script":"<script> [1562 bytes]","args":[{"selector":{"controlType":"sap.m.GenericTile","properties":{"header":"RU Inventory List"}},"wdio_ui5_key":"sapm.GenericTile{\"header\":\"RU Inventory List\"}"}]}
RESULT: {"script":"<script> [1562 bytes]","args":[{"selector":{"controlType":"sap.m.GenericTile","properties":{"header":"RU Inventory List"}},"wdio_ui5_key":"sapm.GenericTile{\"header\":\"RU Inventory List\"}"}]}
RESULT: undefined
COMMAND: POST /session/8d95cead83622a4940e097fc0d2faf99/element - {"using":"xpath","value":"//*[@id=\"__tile99\"]"}
RESULT: {"using":"xpath","value":"//*[@id=\"__tile99\"]"}
COMMAND: POST /session/8d95cead83622a4940e097fc0d2faf99/element/f.B571230365E4BE60491EA8389A855F53.d.F3CD01A76452246FC23C37DAC2A2AD64.e.3013/click - {}
RESULT: {}
COMMAND: GET /session/8d95cead83622a4940e097fc0d2faf99/screenshot - {}
RESULT: {}
RESULT: undefined
COMMAND: POST /session/8d95cead83622a4940e097fc0d2faf99/element - {"using":"xpath","value":"//*[@id=\"__tile99\"]"}
RESULT: {"using":"xpath","value":"//*[@id=\"__tile99\"]"}
COMMAND: POST /session/8d95cead83622a4940e097fc0d2faf99/element/f.B571230365E4BE60491EA8389A855F53.d.F3CD01A76452246FC23C37DAC2A2AD64.e.3013/click - {}
RESULT: undefined
COMMAND: POST /session/8d95cead83622a4940e097fc0d2faf99/element - {"using":"xpath","value":"//*[@id=\"__tile99\"]"}
RESULT: {"using":"xpath","value":"//*[@id=\"__tile99\"]"}
COMMAND: POST /session/8d95cead83622a4940e097fc0d2faf99/element/f.B571230365E4BE60491EA8389A855F53.d.F3CD01A76452246FC23C37DAC2A2AD64.e.3013/click - {}
RESULT: undefined
COMMAND: POST /session/8d95cead83622a4940e097fc0d2faf99/execute/async - {"script":"<script> [6424 bytes]","args":[{"element-6066-11e4-a52e-4f735466cecf":"f.B571230365E4BE60491EA8389A855F53.d.F3CD01A76452246FC23C37DAC2A2AD64.e.294"},"getTitle",[]]}
COMMAND: POST /session/8d95cead83622a4940e097fc0d2faf99/execute/async - {"script":"<script> [1562 bytes]","args":[{"selector":{"id":"shellAppTitle"},"wdio_ui5_key":"shellAppTitle"}]}
RESULT: {"script":"<script> [1562 bytes]","args":[{"selector":{"id":"shellAppTitle"},"wdio_ui5_key":"shellAppTitle"}]}
COMMAND: POST /session/8d95cead83622a4940e097fc0d2faf99/execute/async - {"script":"<script> [6424 bytes]","args":[{"element-6066-11e4-a52e-4f735466cecf":"f.B571230365E4BE60491EA8389A855F53.d.F3CD01A76452246FC23C37DAC2A2AD64.e.3209"},"getTitle",[]]}
RESULT: {"script":"<script> [6424 bytes]","args":[{"element-6066-11e4-a52e-4f735466cecf":"f.B571230365E4BE60491EA8389A855F53.d.F3CD01A76452246FC23C37DAC2A2AD64.e.3209"},"getTitle",[]]}
RESULT: undefined
COMMAND: POST /session/8d95cead83622a4940e097fc0d2faf99/element/f.B571230365E4BE60491EA8389A855F53.d.F3CD01A76452246FC23C37DAC2A2AD64.e.2973/click - {}
COMMAND: POST /session/8d95cead83622a4940e097fc0d2faf99/element - {"using":"xpath","value":"//*[@id=\"backBtn\"]"}
RESULT: {"using":"xpath","value":"//*[@id=\"backBtn\"]"}
COMMAND: POST /session/8d95cead83622a4940e097fc0d2faf99/element/f.B571230365E4BE60491EA8389A855F53.d.F3CD01A76452246FC23C37DAC2A2AD64.e.2973/click - {}
COMMAND: POST /session/8d95cead83622a4940e097fc0d2faf99/element - {"using":"xpath","value":"//*[@id=\"backBtn\"]"}
RESULT: {"using":"xpath","value":"//*[@id=\"backBtn\"]"}
COMMAND: POST /session/8d95cead83622a4940e097fc0d2faf99/element/f.B571230365E4BE60491EA8389A855F53.d.F3CD01A76452246FC23C37DAC2A2AD64.e.3210/click - {}
RESULT: {}
COMMAND: GET /session/8d95cead83622a4940e097fc0d2faf99/screenshot - {}
RESULT: {}
]]></system-out>
    </testcase>
    <testcase classname="chrome.135_0_7049_42.windows.Sanity_Tests_US104253" name="Should open Contracts Dashboard page" time="33.113">
      <system-out><![CDATA[
COMMAND: POST /session/8d95cead83622a4940e097fc0d2faf99/execute/async - {"script":"<script> [1562 bytes]","args":[{"selector":{"controlType":"sap.m.GenericTile","properties":{"header":"Contracts Dashboard"}},"wdio_ui5_key":"sapm.GenericTile{\"header\":\"Contracts Dashboard\"}"}]}
RESULT: {"script":"<script> [1562 bytes]","args":[{"selector":{"controlType":"sap.m.GenericTile","properties":{"header":"Contracts Dashboard"}},"wdio_ui5_key":"sapm.GenericTile{\"header\":\"Contracts Dashboard\"}"}]}
RESULT: undefined
COMMAND: POST /session/8d95cead83622a4940e097fc0d2faf99/element - {"using":"xpath","value":"//*[@id=\"__tile97\"]"}
RESULT: {"using":"xpath","value":"//*[@id=\"__tile97\"]"}
COMMAND: POST /session/8d95cead83622a4940e097fc0d2faf99/element/f.B571230365E4BE60491EA8389A855F53.d.F3CD01A76452246FC23C37DAC2A2AD64.e.3212/click - {}
RESULT: {}
COMMAND: GET /session/8d95cead83622a4940e097fc0d2faf99/screenshot - {}
RESULT: {}
RESULT: undefined
COMMAND: POST /session/8d95cead83622a4940e097fc0d2faf99/element - {"using":"xpath","value":"//*[@id=\"__tile97\"]"}
RESULT: {"using":"xpath","value":"//*[@id=\"__tile97\"]"}
COMMAND: POST /session/8d95cead83622a4940e097fc0d2faf99/element/f.B571230365E4BE60491EA8389A855F53.d.F3CD01A76452246FC23C37DAC2A2AD64.e.3212/click - {}
RESULT: undefined
COMMAND: POST /session/8d95cead83622a4940e097fc0d2faf99/element - {"using":"xpath","value":"//*[@id=\"__tile97\"]"}
RESULT: {"using":"xpath","value":"//*[@id=\"__tile97\"]"}
COMMAND: POST /session/8d95cead83622a4940e097fc0d2faf99/element/f.B571230365E4BE60491EA8389A855F53.d.F3CD01A76452246FC23C37DAC2A2AD64.e.3212/click - {}
RESULT: undefined
COMMAND: POST /session/8d95cead83622a4940e097fc0d2faf99/execute/async - {"script":"<script> [6424 bytes]","args":[{"element-6066-11e4-a52e-4f735466cecf":"f.B571230365E4BE60491EA8389A855F53.d.F3CD01A76452246FC23C37DAC2A2AD64.e.294"},"getTitle",[]]}
COMMAND: POST /session/8d95cead83622a4940e097fc0d2faf99/execute/async - {"script":"<script> [1562 bytes]","args":[{"selector":{"id":"shellAppTitle"},"wdio_ui5_key":"shellAppTitle"}]}
RESULT: {"script":"<script> [1562 bytes]","args":[{"selector":{"id":"shellAppTitle"},"wdio_ui5_key":"shellAppTitle"}]}
COMMAND: POST /session/8d95cead83622a4940e097fc0d2faf99/execute/async - {"script":"<script> [6424 bytes]","args":[{"element-6066-11e4-a52e-4f735466cecf":"f.B571230365E4BE60491EA8389A855F53.d.F3CD01A76452246FC23C37DAC2A2AD64.e.3230"},"getTitle",[]]}
RESULT: {"script":"<script> [6424 bytes]","args":[{"element-6066-11e4-a52e-4f735466cecf":"f.B571230365E4BE60491EA8389A855F53.d.F3CD01A76452246FC23C37DAC2A2AD64.e.3230"},"getTitle",[]]}
RESULT: undefined
COMMAND: POST /session/8d95cead83622a4940e097fc0d2faf99/element/f.B571230365E4BE60491EA8389A855F53.d.F3CD01A76452246FC23C37DAC2A2AD64.e.3210/click - {}
RESULT: {}
COMMAND: GET /session/8d95cead83622a4940e097fc0d2faf99/screenshot - {}
RESULT: {}
]]></system-out>
    </testcase>
    <testcase classname="chrome.135_0_7049_42.windows.Sanity_Tests_US104253" name="Should open Bin Status Report page" time="32.66">
      <system-out><![CDATA[
COMMAND: POST /session/8d95cead83622a4940e097fc0d2faf99/execute/async - {"script":"<script> [1562 bytes]","args":[{"selector":{"controlType":"sap.m.GenericTile","properties":{"header":"Bin Status Report"}},"wdio_ui5_key":"sapm.GenericTile{\"header\":\"Bin Status Report\"}"}]}
RESULT: {"script":"<script> [1562 bytes]","args":[{"selector":{"controlType":"sap.m.GenericTile","properties":{"header":"Bin Status Report"}},"wdio_ui5_key":"sapm.GenericTile{\"header\":\"Bin Status Report\"}"}]}
RESULT: undefined
COMMAND: POST /session/8d95cead83622a4940e097fc0d2faf99/element - {"using":"xpath","value":"//*[@id=\"__tile104\"]"}
RESULT: {"using":"xpath","value":"//*[@id=\"__tile104\"]"}
COMMAND: POST /session/8d95cead83622a4940e097fc0d2faf99/element/f.B571230365E4BE60491EA8389A855F53.d.F3CD01A76452246FC23C37DAC2A2AD64.e.3232/click - {}
RESULT: {}
COMMAND: GET /session/8d95cead83622a4940e097fc0d2faf99/screenshot - {}
RESULT: {}
RESULT: undefined
COMMAND: POST /session/8d95cead83622a4940e097fc0d2faf99/element - {"using":"xpath","value":"//*[@id=\"__tile104\"]"}
RESULT: {"using":"xpath","value":"//*[@id=\"__tile104\"]"}
COMMAND: POST /session/8d95cead83622a4940e097fc0d2faf99/element/f.B571230365E4BE60491EA8389A855F53.d.F3CD01A76452246FC23C37DAC2A2AD64.e.3232/click - {}
RESULT: undefined
COMMAND: POST /session/8d95cead83622a4940e097fc0d2faf99/element - {"using":"xpath","value":"//*[@id=\"__tile104\"]"}
RESULT: {"using":"xpath","value":"//*[@id=\"__tile104\"]"}
COMMAND: POST /session/8d95cead83622a4940e097fc0d2faf99/element/f.B571230365E4BE60491EA8389A855F53.d.F3CD01A76452246FC23C37DAC2A2AD64.e.3232/click - {}
RESULT: undefined
COMMAND: POST /session/8d95cead83622a4940e097fc0d2faf99/execute/async - {"script":"<script> [6424 bytes]","args":[{"element-6066-11e4-a52e-4f735466cecf":"f.B571230365E4BE60491EA8389A855F53.d.F3CD01A76452246FC23C37DAC2A2AD64.e.294"},"getTitle",[]]}
COMMAND: POST /session/8d95cead83622a4940e097fc0d2faf99/execute/async - {"script":"<script> [1562 bytes]","args":[{"selector":{"id":"shellAppTitle"},"wdio_ui5_key":"shellAppTitle"}]}
RESULT: {"script":"<script> [1562 bytes]","args":[{"selector":{"id":"shellAppTitle"},"wdio_ui5_key":"shellAppTitle"}]}
COMMAND: POST /session/8d95cead83622a4940e097fc0d2faf99/execute/async - {"script":"<script> [6424 bytes]","args":[{"element-6066-11e4-a52e-4f735466cecf":"f.B571230365E4BE60491EA8389A855F53.d.F3CD01A76452246FC23C37DAC2A2AD64.e.3560"},"getTitle",[]]}
RESULT: {"script":"<script> [6424 bytes]","args":[{"element-6066-11e4-a52e-4f735466cecf":"f.B571230365E4BE60491EA8389A855F53.d.F3CD01A76452246FC23C37DAC2A2AD64.e.3560"},"getTitle",[]]}
RESULT: undefined
COMMAND: POST /session/8d95cead83622a4940e097fc0d2faf99/element/f.B571230365E4BE60491EA8389A855F53.d.F3CD01A76452246FC23C37DAC2A2AD64.e.3210/click - {}
COMMAND: POST /session/8d95cead83622a4940e097fc0d2faf99/element - {"using":"xpath","value":"//*[@id=\"backBtn\"]"}
RESULT: {"using":"xpath","value":"//*[@id=\"backBtn\"]"}
COMMAND: POST /session/8d95cead83622a4940e097fc0d2faf99/element/f.B571230365E4BE60491EA8389A855F53.d.F3CD01A76452246FC23C37DAC2A2AD64.e.3210/click - {}
COMMAND: POST /session/8d95cead83622a4940e097fc0d2faf99/element - {"using":"xpath","value":"//*[@id=\"backBtn\"]"}
RESULT: {"using":"xpath","value":"//*[@id=\"backBtn\"]"}
COMMAND: POST /session/8d95cead83622a4940e097fc0d2faf99/element/f.B571230365E4BE60491EA8389A855F53.d.F3CD01A76452246FC23C37DAC2A2AD64.e.3561/click - {}
RESULT: {}
COMMAND: GET /session/8d95cead83622a4940e097fc0d2faf99/screenshot - {}
RESULT: {}
]]></system-out>
    </testcase>
    <testcase classname="chrome.135_0_7049_42.windows.Sanity_Tests_US104253" name="Should open Manage Warehouse Movements page" time="35.812">
      <system-out><![CDATA[
COMMAND: POST /session/8d95cead83622a4940e097fc0d2faf99/execute/async - {"script":"<script> [1562 bytes]","args":[{"selector":{"controlType":"sap.m.GenericTile","properties":{"header":"Manage Warehouse Movements"}},"wdio_ui5_key":"sapm.GenericTile{\"header\":\"Manage Warehouse Movements\"}"}]}
RESULT: {"script":"<script> [1562 bytes]","args":[{"selector":{"controlType":"sap.m.GenericTile","properties":{"header":"Manage Warehouse Movements"}},"wdio_ui5_key":"sapm.GenericTile{\"header\":\"Manage Warehouse Movements\"}"}]}
RESULT: undefined
COMMAND: POST /session/8d95cead83622a4940e097fc0d2faf99/element - {"using":"xpath","value":"//*[@id=\"__tile105\"]"}
RESULT: {"using":"xpath","value":"//*[@id=\"__tile105\"]"}
COMMAND: POST /session/8d95cead83622a4940e097fc0d2faf99/element/f.B571230365E4BE60491EA8389A855F53.d.F3CD01A76452246FC23C37DAC2A2AD64.e.3565/click - {}
RESULT: {}
COMMAND: GET /session/8d95cead83622a4940e097fc0d2faf99/screenshot - {}
RESULT: {}
RESULT: undefined
COMMAND: POST /session/8d95cead83622a4940e097fc0d2faf99/element - {"using":"xpath","value":"//*[@id=\"__tile105\"]"}
RESULT: {"using":"xpath","value":"//*[@id=\"__tile105\"]"}
COMMAND: POST /session/8d95cead83622a4940e097fc0d2faf99/element/f.B571230365E4BE60491EA8389A855F53.d.F3CD01A76452246FC23C37DAC2A2AD64.e.3565/click - {}
RESULT: undefined
COMMAND: POST /session/8d95cead83622a4940e097fc0d2faf99/element - {"using":"xpath","value":"//*[@id=\"__tile105\"]"}
RESULT: {"using":"xpath","value":"//*[@id=\"__tile105\"]"}
COMMAND: POST /session/8d95cead83622a4940e097fc0d2faf99/element/f.B571230365E4BE60491EA8389A855F53.d.F3CD01A76452246FC23C37DAC2A2AD64.e.3565/click - {}
RESULT: undefined
COMMAND: POST /session/8d95cead83622a4940e097fc0d2faf99/execute/async - {"script":"<script> [6424 bytes]","args":[{"element-6066-11e4-a52e-4f735466cecf":"f.B571230365E4BE60491EA8389A855F53.d.F3CD01A76452246FC23C37DAC2A2AD64.e.294"},"getTitle",[]]}
COMMAND: POST /session/8d95cead83622a4940e097fc0d2faf99/execute/async - {"script":"<script> [1562 bytes]","args":[{"selector":{"id":"shellAppTitle"},"wdio_ui5_key":"shellAppTitle"}]}
RESULT: {"script":"<script> [1562 bytes]","args":[{"selector":{"id":"shellAppTitle"},"wdio_ui5_key":"shellAppTitle"}]}
COMMAND: POST /session/8d95cead83622a4940e097fc0d2faf99/execute/async - {"script":"<script> [6424 bytes]","args":[{"element-6066-11e4-a52e-4f735466cecf":"f.B571230365E4BE60491EA8389A855F53.d.F3CD01A76452246FC23C37DAC2A2AD64.e.3721"},"getTitle",[]]}
RESULT: {"script":"<script> [6424 bytes]","args":[{"element-6066-11e4-a52e-4f735466cecf":"f.B571230365E4BE60491EA8389A855F53.d.F3CD01A76452246FC23C37DAC2A2AD64.e.3721"},"getTitle",[]]}
RESULT: undefined
COMMAND: POST /session/8d95cead83622a4940e097fc0d2faf99/element/f.B571230365E4BE60491EA8389A855F53.d.F3CD01A76452246FC23C37DAC2A2AD64.e.3561/click - {}
RESULT: {}
COMMAND: GET /session/8d95cead83622a4940e097fc0d2faf99/screenshot - {}
RESULT: {}
]]></system-out>
    </testcase>
    <testcase classname="chrome.135_0_7049_42.windows.Sanity_Tests_US104253" name="Should open Bin Inventory List page" time="37.244">
      <system-out><![CDATA[
COMMAND: POST /session/8d95cead83622a4940e097fc0d2faf99/execute/async - {"script":"<script> [1562 bytes]","args":[{"selector":{"controlType":"sap.m.GenericTile","properties":{"header":"Bin Inventory List"}},"wdio_ui5_key":"sapm.GenericTile{\"header\":\"Bin Inventory List\"}"}]}
RESULT: {"script":"<script> [1562 bytes]","args":[{"selector":{"controlType":"sap.m.GenericTile","properties":{"header":"Bin Inventory List"}},"wdio_ui5_key":"sapm.GenericTile{\"header\":\"Bin Inventory List\"}"}]}
RESULT: undefined
COMMAND: POST /session/8d95cead83622a4940e097fc0d2faf99/element - {"using":"xpath","value":"//*[@id=\"__tile103\"]"}
RESULT: {"using":"xpath","value":"//*[@id=\"__tile103\"]"}
COMMAND: POST /session/8d95cead83622a4940e097fc0d2faf99/element/f.B571230365E4BE60491EA8389A855F53.d.F3CD01A76452246FC23C37DAC2A2AD64.e.3723/click - {}
RESULT: {}
COMMAND: GET /session/8d95cead83622a4940e097fc0d2faf99/screenshot - {}
RESULT: {}
RESULT: undefined
COMMAND: POST /session/8d95cead83622a4940e097fc0d2faf99/element - {"using":"xpath","value":"//*[@id=\"__tile103\"]"}
RESULT: {"using":"xpath","value":"//*[@id=\"__tile103\"]"}
COMMAND: POST /session/8d95cead83622a4940e097fc0d2faf99/element/f.B571230365E4BE60491EA8389A855F53.d.F3CD01A76452246FC23C37DAC2A2AD64.e.3723/click - {}
RESULT: undefined
COMMAND: POST /session/8d95cead83622a4940e097fc0d2faf99/element - {"using":"xpath","value":"//*[@id=\"__tile103\"]"}
RESULT: {"using":"xpath","value":"//*[@id=\"__tile103\"]"}
COMMAND: POST /session/8d95cead83622a4940e097fc0d2faf99/element/f.B571230365E4BE60491EA8389A855F53.d.F3CD01A76452246FC23C37DAC2A2AD64.e.3723/click - {}
RESULT: undefined
COMMAND: POST /session/8d95cead83622a4940e097fc0d2faf99/execute/async - {"script":"<script> [6424 bytes]","args":[{"element-6066-11e4-a52e-4f735466cecf":"f.B571230365E4BE60491EA8389A855F53.d.F3CD01A76452246FC23C37DAC2A2AD64.e.294"},"getTitle",[]]}
COMMAND: POST /session/8d95cead83622a4940e097fc0d2faf99/execute/async - {"script":"<script> [1562 bytes]","args":[{"selector":{"id":"shellAppTitle"},"wdio_ui5_key":"shellAppTitle"}]}
RESULT: {"script":"<script> [1562 bytes]","args":[{"selector":{"id":"shellAppTitle"},"wdio_ui5_key":"shellAppTitle"}]}
COMMAND: POST /session/8d95cead83622a4940e097fc0d2faf99/execute/async - {"script":"<script> [6424 bytes]","args":[{"element-6066-11e4-a52e-4f735466cecf":"f.B571230365E4BE60491EA8389A855F53.d.F3CD01A76452246FC23C37DAC2A2AD64.e.3822"},"getTitle",[]]}
RESULT: {"script":"<script> [6424 bytes]","args":[{"element-6066-11e4-a52e-4f735466cecf":"f.B571230365E4BE60491EA8389A855F53.d.F3CD01A76452246FC23C37DAC2A2AD64.e.3822"},"getTitle",[]]}
RESULT: undefined
COMMAND: POST /session/8d95cead83622a4940e097fc0d2faf99/element/f.B571230365E4BE60491EA8389A855F53.d.F3CD01A76452246FC23C37DAC2A2AD64.e.3561/click - {}
COMMAND: POST /session/8d95cead83622a4940e097fc0d2faf99/element - {"using":"xpath","value":"//*[@id=\"backBtn\"]"}
RESULT: {"using":"xpath","value":"//*[@id=\"backBtn\"]"}
COMMAND: POST /session/8d95cead83622a4940e097fc0d2faf99/element/f.B571230365E4BE60491EA8389A855F53.d.F3CD01A76452246FC23C37DAC2A2AD64.e.3561/click - {}
COMMAND: POST /session/8d95cead83622a4940e097fc0d2faf99/element - {"using":"xpath","value":"//*[@id=\"backBtn\"]"}
RESULT: {"using":"xpath","value":"//*[@id=\"backBtn\"]"}
COMMAND: POST /session/8d95cead83622a4940e097fc0d2faf99/element/f.B571230365E4BE60491EA8389A855F53.d.F3CD01A76452246FC23C37DAC2A2AD64.e.3823/click - {}
RESULT: {}
COMMAND: GET /session/8d95cead83622a4940e097fc0d2faf99/screenshot - {}
RESULT: {}
]]></system-out>
    </testcase>
    <testcase classname="chrome.135_0_7049_42.windows.Sanity_Tests_US104253" name="Should open ISC Templates page" time="32.142">
      <system-out><![CDATA[
COMMAND: POST /session/8d95cead83622a4940e097fc0d2faf99/execute/async - {"script":"<script> [1562 bytes]","args":[{"selector":{"controlType":"sap.m.GenericTile","properties":{"header":"ISC Templates"}},"wdio_ui5_key":"sapm.GenericTile{\"header\":\"ISC Templates\"}"}]}
RESULT: {"script":"<script> [1562 bytes]","args":[{"selector":{"controlType":"sap.m.GenericTile","properties":{"header":"ISC Templates"}},"wdio_ui5_key":"sapm.GenericTile{\"header\":\"ISC Templates\"}"}]}
RESULT: undefined
COMMAND: POST /session/8d95cead83622a4940e097fc0d2faf99/element - {"using":"xpath","value":"//*[@id=\"__tile111\"]"}
RESULT: {"using":"xpath","value":"//*[@id=\"__tile111\"]"}
COMMAND: POST /session/8d95cead83622a4940e097fc0d2faf99/element/f.B571230365E4BE60491EA8389A855F53.d.F3CD01A76452246FC23C37DAC2A2AD64.e.3825/click - {}
RESULT: {}
COMMAND: GET /session/8d95cead83622a4940e097fc0d2faf99/screenshot - {}
RESULT: {}
RESULT: undefined
COMMAND: POST /session/8d95cead83622a4940e097fc0d2faf99/element - {"using":"xpath","value":"//*[@id=\"__tile111\"]"}
RESULT: {"using":"xpath","value":"//*[@id=\"__tile111\"]"}
COMMAND: POST /session/8d95cead83622a4940e097fc0d2faf99/element/f.B571230365E4BE60491EA8389A855F53.d.F3CD01A76452246FC23C37DAC2A2AD64.e.3825/click - {}
RESULT: undefined
COMMAND: POST /session/8d95cead83622a4940e097fc0d2faf99/element - {"using":"xpath","value":"//*[@id=\"__tile111\"]"}
RESULT: {"using":"xpath","value":"//*[@id=\"__tile111\"]"}
COMMAND: POST /session/8d95cead83622a4940e097fc0d2faf99/element/f.B571230365E4BE60491EA8389A855F53.d.F3CD01A76452246FC23C37DAC2A2AD64.e.3825/click - {}
RESULT: undefined
COMMAND: POST /session/8d95cead83622a4940e097fc0d2faf99/execute/async - {"script":"<script> [6424 bytes]","args":[{"element-6066-11e4-a52e-4f735466cecf":"f.B571230365E4BE60491EA8389A855F53.d.F3CD01A76452246FC23C37DAC2A2AD64.e.294"},"getTitle",[]]}
COMMAND: POST /session/8d95cead83622a4940e097fc0d2faf99/execute/async - {"script":"<script> [1562 bytes]","args":[{"selector":{"id":"shellAppTitle"},"wdio_ui5_key":"shellAppTitle"}]}
RESULT: {"script":"<script> [1562 bytes]","args":[{"selector":{"id":"shellAppTitle"},"wdio_ui5_key":"shellAppTitle"}]}
COMMAND: POST /session/8d95cead83622a4940e097fc0d2faf99/execute/async - {"script":"<script> [6424 bytes]","args":[{"element-6066-11e4-a52e-4f735466cecf":"f.B571230365E4BE60491EA8389A855F53.d.F3CD01A76452246FC23C37DAC2A2AD64.e.3892"},"getTitle",[]]}
RESULT: {"script":"<script> [6424 bytes]","args":[{"element-6066-11e4-a52e-4f735466cecf":"f.B571230365E4BE60491EA8389A855F53.d.F3CD01A76452246FC23C37DAC2A2AD64.e.3892"},"getTitle",[]]}
RESULT: undefined
COMMAND: POST /session/8d95cead83622a4940e097fc0d2faf99/element/f.B571230365E4BE60491EA8389A855F53.d.F3CD01A76452246FC23C37DAC2A2AD64.e.3823/click - {}
RESULT: {}
COMMAND: GET /session/8d95cead83622a4940e097fc0d2faf99/screenshot - {}
RESULT: {}
]]></system-out>
    </testcase>
    <testcase classname="chrome.135_0_7049_42.windows.Sanity_Tests_US104253" name="Should open ISC Schedules page" time="33.593">
      <system-out><![CDATA[
COMMAND: POST /session/8d95cead83622a4940e097fc0d2faf99/execute/async - {"script":"<script> [1562 bytes]","args":[{"selector":{"controlType":"sap.m.GenericTile","properties":{"header":"ISC Schedules"}},"wdio_ui5_key":"sapm.GenericTile{\"header\":\"ISC Schedules\"}"}]}
RESULT: {"script":"<script> [1562 bytes]","args":[{"selector":{"controlType":"sap.m.GenericTile","properties":{"header":"ISC Schedules"}},"wdio_ui5_key":"sapm.GenericTile{\"header\":\"ISC Schedules\"}"}]}
RESULT: undefined
COMMAND: POST /session/8d95cead83622a4940e097fc0d2faf99/element - {"using":"xpath","value":"//*[@id=\"__tile109\"]"}
RESULT: {"using":"xpath","value":"//*[@id=\"__tile109\"]"}
COMMAND: POST /session/8d95cead83622a4940e097fc0d2faf99/element/f.B571230365E4BE60491EA8389A855F53.d.F3CD01A76452246FC23C37DAC2A2AD64.e.3895/click - {}
RESULT: {}
COMMAND: GET /session/8d95cead83622a4940e097fc0d2faf99/screenshot - {}
RESULT: {}
RESULT: undefined
COMMAND: POST /session/8d95cead83622a4940e097fc0d2faf99/element - {"using":"xpath","value":"//*[@id=\"__tile109\"]"}
RESULT: {"using":"xpath","value":"//*[@id=\"__tile109\"]"}
COMMAND: POST /session/8d95cead83622a4940e097fc0d2faf99/element/f.B571230365E4BE60491EA8389A855F53.d.F3CD01A76452246FC23C37DAC2A2AD64.e.3895/click - {}
RESULT: undefined
COMMAND: POST /session/8d95cead83622a4940e097fc0d2faf99/element - {"using":"xpath","value":"//*[@id=\"__tile109\"]"}
RESULT: {"using":"xpath","value":"//*[@id=\"__tile109\"]"}
COMMAND: POST /session/8d95cead83622a4940e097fc0d2faf99/element/f.B571230365E4BE60491EA8389A855F53.d.F3CD01A76452246FC23C37DAC2A2AD64.e.3895/click - {}
RESULT: undefined
COMMAND: POST /session/8d95cead83622a4940e097fc0d2faf99/execute/async - {"script":"<script> [6424 bytes]","args":[{"element-6066-11e4-a52e-4f735466cecf":"f.B571230365E4BE60491EA8389A855F53.d.F3CD01A76452246FC23C37DAC2A2AD64.e.294"},"getTitle",[]]}
COMMAND: POST /session/8d95cead83622a4940e097fc0d2faf99/execute/async - {"script":"<script> [1562 bytes]","args":[{"selector":{"id":"shellAppTitle"},"wdio_ui5_key":"shellAppTitle"}]}
RESULT: {"script":"<script> [1562 bytes]","args":[{"selector":{"id":"shellAppTitle"},"wdio_ui5_key":"shellAppTitle"}]}
COMMAND: POST /session/8d95cead83622a4940e097fc0d2faf99/execute/async - {"script":"<script> [6424 bytes]","args":[{"element-6066-11e4-a52e-4f735466cecf":"f.B571230365E4BE60491EA8389A855F53.d.F3CD01A76452246FC23C37DAC2A2AD64.e.3979"},"getTitle",[]]}
RESULT: {"script":"<script> [6424 bytes]","args":[{"element-6066-11e4-a52e-4f735466cecf":"f.B571230365E4BE60491EA8389A855F53.d.F3CD01A76452246FC23C37DAC2A2AD64.e.3979"},"getTitle",[]]}
RESULT: undefined
COMMAND: POST /session/8d95cead83622a4940e097fc0d2faf99/element/f.B571230365E4BE60491EA8389A855F53.d.F3CD01A76452246FC23C37DAC2A2AD64.e.3823/click - {}
COMMAND: POST /session/8d95cead83622a4940e097fc0d2faf99/element - {"using":"xpath","value":"//*[@id=\"backBtn\"]"}
RESULT: {"using":"xpath","value":"//*[@id=\"backBtn\"]"}
COMMAND: POST /session/8d95cead83622a4940e097fc0d2faf99/element/f.B571230365E4BE60491EA8389A855F53.d.F3CD01A76452246FC23C37DAC2A2AD64.e.3823/click - {}
COMMAND: POST /session/8d95cead83622a4940e097fc0d2faf99/element - {"using":"xpath","value":"//*[@id=\"backBtn\"]"}
RESULT: {"using":"xpath","value":"//*[@id=\"backBtn\"]"}
COMMAND: POST /session/8d95cead83622a4940e097fc0d2faf99/element/f.B571230365E4BE60491EA8389A855F53.d.F3CD01A76452246FC23C37DAC2A2AD64.e.3980/click - {}
RESULT: {}
COMMAND: GET /session/8d95cead83622a4940e097fc0d2faf99/screenshot - {}
RESULT: {}
]]></system-out>
    </testcase>
    <testcase classname="chrome.135_0_7049_42.windows.Sanity_Tests_US104253" name="Should open ISC Dashboard page" time="33.816">
      <system-out><![CDATA[
COMMAND: POST /session/8d95cead83622a4940e097fc0d2faf99/execute/async - {"script":"<script> [1562 bytes]","args":[{"selector":{"controlType":"sap.m.GenericTile","properties":{"header":"ISC Dashboard"}},"wdio_ui5_key":"sapm.GenericTile{\"header\":\"ISC Dashboard\"}"}]}
RESULT: {"script":"<script> [1562 bytes]","args":[{"selector":{"controlType":"sap.m.GenericTile","properties":{"header":"ISC Dashboard"}},"wdio_ui5_key":"sapm.GenericTile{\"header\":\"ISC Dashboard\"}"}]}
RESULT: undefined
COMMAND: POST /session/8d95cead83622a4940e097fc0d2faf99/element - {"using":"xpath","value":"//*[@id=\"__tile106\"]"}
RESULT: {"using":"xpath","value":"//*[@id=\"__tile106\"]"}
COMMAND: POST /session/8d95cead83622a4940e097fc0d2faf99/element/f.B571230365E4BE60491EA8389A855F53.d.F3CD01A76452246FC23C37DAC2A2AD64.e.3982/click - {}
RESULT: {}
COMMAND: GET /session/8d95cead83622a4940e097fc0d2faf99/screenshot - {}
RESULT: {}
RESULT: undefined
COMMAND: POST /session/8d95cead83622a4940e097fc0d2faf99/element - {"using":"xpath","value":"//*[@id=\"__tile106\"]"}
RESULT: {"using":"xpath","value":"//*[@id=\"__tile106\"]"}
COMMAND: POST /session/8d95cead83622a4940e097fc0d2faf99/element/f.B571230365E4BE60491EA8389A855F53.d.F3CD01A76452246FC23C37DAC2A2AD64.e.3982/click - {}
RESULT: undefined
COMMAND: POST /session/8d95cead83622a4940e097fc0d2faf99/element - {"using":"xpath","value":"//*[@id=\"__tile106\"]"}
RESULT: {"using":"xpath","value":"//*[@id=\"__tile106\"]"}
COMMAND: POST /session/8d95cead83622a4940e097fc0d2faf99/element/f.B571230365E4BE60491EA8389A855F53.d.F3CD01A76452246FC23C37DAC2A2AD64.e.3982/click - {}
RESULT: undefined
COMMAND: POST /session/8d95cead83622a4940e097fc0d2faf99/execute/async - {"script":"<script> [6424 bytes]","args":[{"element-6066-11e4-a52e-4f735466cecf":"f.B571230365E4BE60491EA8389A855F53.d.F3CD01A76452246FC23C37DAC2A2AD64.e.294"},"getTitle",[]]}
COMMAND: POST /session/8d95cead83622a4940e097fc0d2faf99/execute/async - {"script":"<script> [1562 bytes]","args":[{"selector":{"id":"shellAppTitle"},"wdio_ui5_key":"shellAppTitle"}]}
RESULT: {"script":"<script> [1562 bytes]","args":[{"selector":{"id":"shellAppTitle"},"wdio_ui5_key":"shellAppTitle"}]}
COMMAND: POST /session/8d95cead83622a4940e097fc0d2faf99/execute/async - {"script":"<script> [6424 bytes]","args":[{"element-6066-11e4-a52e-4f735466cecf":"f.B571230365E4BE60491EA8389A855F53.d.F3CD01A76452246FC23C37DAC2A2AD64.e.4109"},"getTitle",[]]}
RESULT: {"script":"<script> [6424 bytes]","args":[{"element-6066-11e4-a52e-4f735466cecf":"f.B571230365E4BE60491EA8389A855F53.d.F3CD01A76452246FC23C37DAC2A2AD64.e.4109"},"getTitle",[]]}
RESULT: undefined
COMMAND: POST /session/8d95cead83622a4940e097fc0d2faf99/element/f.B571230365E4BE60491EA8389A855F53.d.F3CD01A76452246FC23C37DAC2A2AD64.e.3980/click - {}
RESULT: {}
COMMAND: GET /session/8d95cead83622a4940e097fc0d2faf99/screenshot - {}
RESULT: {}
]]></system-out>
    </testcase>
    <testcase classname="chrome.135_0_7049_42.windows.Sanity_Tests_US104253" name="Should open ISC Orders page" time="31.82">
      <system-out><![CDATA[
COMMAND: POST /session/8d95cead83622a4940e097fc0d2faf99/execute/async - {"script":"<script> [1562 bytes]","args":[{"selector":{"controlType":"sap.m.GenericTile","properties":{"header":"ISC Orders"}},"wdio_ui5_key":"sapm.GenericTile{\"header\":\"ISC Orders\"}"}]}
RESULT: {"script":"<script> [1562 bytes]","args":[{"selector":{"controlType":"sap.m.GenericTile","properties":{"header":"ISC Orders"}},"wdio_ui5_key":"sapm.GenericTile{\"header\":\"ISC Orders\"}"}]}
RESULT: undefined
COMMAND: POST /session/8d95cead83622a4940e097fc0d2faf99/element - {"using":"xpath","value":"//*[@id=\"__tile108\"]"}
RESULT: {"using":"xpath","value":"//*[@id=\"__tile108\"]"}
COMMAND: POST /session/8d95cead83622a4940e097fc0d2faf99/element/f.B571230365E4BE60491EA8389A855F53.d.F3CD01A76452246FC23C37DAC2A2AD64.e.4111/click - {}
RESULT: {}
COMMAND: GET /session/8d95cead83622a4940e097fc0d2faf99/screenshot - {}
RESULT: {}
RESULT: undefined
COMMAND: POST /session/8d95cead83622a4940e097fc0d2faf99/element - {"using":"xpath","value":"//*[@id=\"__tile108\"]"}
RESULT: {"using":"xpath","value":"//*[@id=\"__tile108\"]"}
COMMAND: POST /session/8d95cead83622a4940e097fc0d2faf99/element/f.B571230365E4BE60491EA8389A855F53.d.F3CD01A76452246FC23C37DAC2A2AD64.e.4111/click - {}
RESULT: undefined
COMMAND: POST /session/8d95cead83622a4940e097fc0d2faf99/element - {"using":"xpath","value":"//*[@id=\"__tile108\"]"}
RESULT: {"using":"xpath","value":"//*[@id=\"__tile108\"]"}
COMMAND: POST /session/8d95cead83622a4940e097fc0d2faf99/element/f.B571230365E4BE60491EA8389A855F53.d.F3CD01A76452246FC23C37DAC2A2AD64.e.4111/click - {}
RESULT: undefined
COMMAND: POST /session/8d95cead83622a4940e097fc0d2faf99/execute/async - {"script":"<script> [6424 bytes]","args":[{"element-6066-11e4-a52e-4f735466cecf":"f.B571230365E4BE60491EA8389A855F53.d.F3CD01A76452246FC23C37DAC2A2AD64.e.294"},"getTitle",[]]}
COMMAND: POST /session/8d95cead83622a4940e097fc0d2faf99/execute/async - {"script":"<script> [1562 bytes]","args":[{"selector":{"id":"shellAppTitle"},"wdio_ui5_key":"shellAppTitle"}]}
RESULT: {"script":"<script> [1562 bytes]","args":[{"selector":{"id":"shellAppTitle"},"wdio_ui5_key":"shellAppTitle"}]}
COMMAND: POST /session/8d95cead83622a4940e097fc0d2faf99/execute/async - {"script":"<script> [6424 bytes]","args":[{"element-6066-11e4-a52e-4f735466cecf":"f.B571230365E4BE60491EA8389A855F53.d.F3CD01A76452246FC23C37DAC2A2AD64.e.4229"},"getTitle",[]]}
RESULT: {"script":"<script> [6424 bytes]","args":[{"element-6066-11e4-a52e-4f735466cecf":"f.B571230365E4BE60491EA8389A855F53.d.F3CD01A76452246FC23C37DAC2A2AD64.e.4229"},"getTitle",[]]}
RESULT: undefined
COMMAND: POST /session/8d95cead83622a4940e097fc0d2faf99/element/f.B571230365E4BE60491EA8389A855F53.d.F3CD01A76452246FC23C37DAC2A2AD64.e.3980/click - {}
COMMAND: POST /session/8d95cead83622a4940e097fc0d2faf99/element - {"using":"xpath","value":"//*[@id=\"backBtn\"]"}
RESULT: {"using":"xpath","value":"//*[@id=\"backBtn\"]"}
COMMAND: POST /session/8d95cead83622a4940e097fc0d2faf99/element/f.B571230365E4BE60491EA8389A855F53.d.F3CD01A76452246FC23C37DAC2A2AD64.e.3980/click - {}
COMMAND: POST /session/8d95cead83622a4940e097fc0d2faf99/element - {"using":"xpath","value":"//*[@id=\"backBtn\"]"}
RESULT: {"using":"xpath","value":"//*[@id=\"backBtn\"]"}
COMMAND: POST /session/8d95cead83622a4940e097fc0d2faf99/element/f.B571230365E4BE60491EA8389A855F53.d.F3CD01A76452246FC23C37DAC2A2AD64.e.4230/click - {}
RESULT: {}
COMMAND: GET /session/8d95cead83622a4940e097fc0d2faf99/screenshot - {}
RESULT: {}
]]></system-out>
    </testcase>
    <testcase classname="chrome.135_0_7049_42.windows.Sanity_Tests_US104253" name="Should open ISC Tasks page" time="35.311">
      <system-out><![CDATA[
COMMAND: POST /session/8d95cead83622a4940e097fc0d2faf99/execute/async - {"script":"<script> [1562 bytes]","args":[{"selector":{"controlType":"sap.m.GenericTile","properties":{"header":"ISC Tasks"}},"wdio_ui5_key":"sapm.GenericTile{\"header\":\"ISC Tasks\"}"}]}
RESULT: {"script":"<script> [1562 bytes]","args":[{"selector":{"controlType":"sap.m.GenericTile","properties":{"header":"ISC Tasks"}},"wdio_ui5_key":"sapm.GenericTile{\"header\":\"ISC Tasks\"}"}]}
RESULT: undefined
COMMAND: POST /session/8d95cead83622a4940e097fc0d2faf99/element - {"using":"xpath","value":"//*[@id=\"__tile110\"]"}
RESULT: {"using":"xpath","value":"//*[@id=\"__tile110\"]"}
COMMAND: POST /session/8d95cead83622a4940e097fc0d2faf99/element/f.B571230365E4BE60491EA8389A855F53.d.F3CD01A76452246FC23C37DAC2A2AD64.e.4232/click - {}
RESULT: {}
COMMAND: GET /session/8d95cead83622a4940e097fc0d2faf99/screenshot - {}
RESULT: {}
RESULT: undefined
COMMAND: POST /session/8d95cead83622a4940e097fc0d2faf99/element - {"using":"xpath","value":"//*[@id=\"__tile110\"]"}
RESULT: {"using":"xpath","value":"//*[@id=\"__tile110\"]"}
COMMAND: POST /session/8d95cead83622a4940e097fc0d2faf99/element/f.B571230365E4BE60491EA8389A855F53.d.F3CD01A76452246FC23C37DAC2A2AD64.e.4232/click - {}
RESULT: undefined
COMMAND: POST /session/8d95cead83622a4940e097fc0d2faf99/element - {"using":"xpath","value":"//*[@id=\"__tile110\"]"}
RESULT: {"using":"xpath","value":"//*[@id=\"__tile110\"]"}
COMMAND: POST /session/8d95cead83622a4940e097fc0d2faf99/element/f.B571230365E4BE60491EA8389A855F53.d.F3CD01A76452246FC23C37DAC2A2AD64.e.4232/click - {}
RESULT: undefined
COMMAND: POST /session/8d95cead83622a4940e097fc0d2faf99/execute/async - {"script":"<script> [6424 bytes]","args":[{"element-6066-11e4-a52e-4f735466cecf":"f.B571230365E4BE60491EA8389A855F53.d.F3CD01A76452246FC23C37DAC2A2AD64.e.294"},"getTitle",[]]}
COMMAND: POST /session/8d95cead83622a4940e097fc0d2faf99/execute/async - {"script":"<script> [1562 bytes]","args":[{"selector":{"id":"shellAppTitle"},"wdio_ui5_key":"shellAppTitle"}]}
RESULT: {"script":"<script> [1562 bytes]","args":[{"selector":{"id":"shellAppTitle"},"wdio_ui5_key":"shellAppTitle"}]}
COMMAND: POST /session/8d95cead83622a4940e097fc0d2faf99/execute/async - {"script":"<script> [6424 bytes]","args":[{"element-6066-11e4-a52e-4f735466cecf":"f.B571230365E4BE60491EA8389A855F53.d.F3CD01A76452246FC23C37DAC2A2AD64.e.4328"},"getTitle",[]]}
RESULT: {"script":"<script> [6424 bytes]","args":[{"element-6066-11e4-a52e-4f735466cecf":"f.B571230365E4BE60491EA8389A855F53.d.F3CD01A76452246FC23C37DAC2A2AD64.e.4328"},"getTitle",[]]}
RESULT: undefined
COMMAND: POST /session/8d95cead83622a4940e097fc0d2faf99/element/f.B571230365E4BE60491EA8389A855F53.d.F3CD01A76452246FC23C37DAC2A2AD64.e.4230/click - {}
RESULT: {}
COMMAND: GET /session/8d95cead83622a4940e097fc0d2faf99/screenshot - {}
RESULT: {}
]]></system-out>
    </testcase>
    <testcase classname="chrome.135_0_7049_42.windows.Sanity_Tests_US104253" name="Should open Manage Resource Logbook page" time="35.487">
      <system-out><![CDATA[
COMMAND: POST /session/8d95cead83622a4940e097fc0d2faf99/execute/async - {"script":"<script> [1562 bytes]","args":[{"selector":{"controlType":"sap.m.GenericTile","properties":{"header":"Manage Resource Logbook"}},"wdio_ui5_key":"sapm.GenericTile{\"header\":\"Manage Resource Logbook\"}"}]}
RESULT: {"script":"<script> [1562 bytes]","args":[{"selector":{"controlType":"sap.m.GenericTile","properties":{"header":"Manage Resource Logbook"}},"wdio_ui5_key":"sapm.GenericTile{\"header\":\"Manage Resource Logbook\"}"}]}
RESULT: undefined
COMMAND: POST /session/8d95cead83622a4940e097fc0d2faf99/element - {"using":"xpath","value":"//*[@id=\"__tile113\"]"}
RESULT: {"using":"xpath","value":"//*[@id=\"__tile113\"]"}
COMMAND: POST /session/8d95cead83622a4940e097fc0d2faf99/element/f.B571230365E4BE60491EA8389A855F53.d.F3CD01A76452246FC23C37DAC2A2AD64.e.4330/click - {}
RESULT: {}
COMMAND: GET /session/8d95cead83622a4940e097fc0d2faf99/screenshot - {}
RESULT: {}
RESULT: undefined
COMMAND: POST /session/8d95cead83622a4940e097fc0d2faf99/element - {"using":"xpath","value":"//*[@id=\"__tile113\"]"}
RESULT: {"using":"xpath","value":"//*[@id=\"__tile113\"]"}
COMMAND: POST /session/8d95cead83622a4940e097fc0d2faf99/element/f.B571230365E4BE60491EA8389A855F53.d.F3CD01A76452246FC23C37DAC2A2AD64.e.4330/click - {}
RESULT: undefined
COMMAND: POST /session/8d95cead83622a4940e097fc0d2faf99/element - {"using":"xpath","value":"//*[@id=\"__tile113\"]"}
RESULT: {"using":"xpath","value":"//*[@id=\"__tile113\"]"}
COMMAND: POST /session/8d95cead83622a4940e097fc0d2faf99/element/f.B571230365E4BE60491EA8389A855F53.d.F3CD01A76452246FC23C37DAC2A2AD64.e.4330/click - {}
RESULT: undefined
COMMAND: POST /session/8d95cead83622a4940e097fc0d2faf99/execute/async - {"script":"<script> [6424 bytes]","args":[{"element-6066-11e4-a52e-4f735466cecf":"f.B571230365E4BE60491EA8389A855F53.d.F3CD01A76452246FC23C37DAC2A2AD64.e.294"},"getTitle",[]]}
COMMAND: POST /session/8d95cead83622a4940e097fc0d2faf99/execute/async - {"script":"<script> [1562 bytes]","args":[{"selector":{"id":"shellAppTitle"},"wdio_ui5_key":"shellAppTitle"}]}
RESULT: {"script":"<script> [1562 bytes]","args":[{"selector":{"id":"shellAppTitle"},"wdio_ui5_key":"shellAppTitle"}]}
COMMAND: POST /session/8d95cead83622a4940e097fc0d2faf99/execute/async - {"script":"<script> [6424 bytes]","args":[{"element-6066-11e4-a52e-4f735466cecf":"f.B571230365E4BE60491EA8389A855F53.d.F3CD01A76452246FC23C37DAC2A2AD64.e.4437"},"getTitle",[]]}
RESULT: {"script":"<script> [6424 bytes]","args":[{"element-6066-11e4-a52e-4f735466cecf":"f.B571230365E4BE60491EA8389A855F53.d.F3CD01A76452246FC23C37DAC2A2AD64.e.4437"},"getTitle",[]]}
RESULT: undefined
COMMAND: POST /session/8d95cead83622a4940e097fc0d2faf99/element/f.B571230365E4BE60491EA8389A855F53.d.F3CD01A76452246FC23C37DAC2A2AD64.e.4230/click - {}
COMMAND: POST /session/8d95cead83622a4940e097fc0d2faf99/element - {"using":"xpath","value":"//*[@id=\"backBtn\"]"}
RESULT: {"using":"xpath","value":"//*[@id=\"backBtn\"]"}
COMMAND: POST /session/8d95cead83622a4940e097fc0d2faf99/element/f.B571230365E4BE60491EA8389A855F53.d.F3CD01A76452246FC23C37DAC2A2AD64.e.4230/click - {}
COMMAND: POST /session/8d95cead83622a4940e097fc0d2faf99/element - {"using":"xpath","value":"//*[@id=\"backBtn\"]"}
RESULT: {"using":"xpath","value":"//*[@id=\"backBtn\"]"}
COMMAND: POST /session/8d95cead83622a4940e097fc0d2faf99/element/f.B571230365E4BE60491EA8389A855F53.d.F3CD01A76452246FC23C37DAC2A2AD64.e.4438/click - {}
RESULT: {}
COMMAND: GET /session/8d95cead83622a4940e097fc0d2faf99/screenshot - {}
RESULT: {}
]]></system-out>
    </testcase>
    <testcase classname="chrome.135_0_7049_42.windows.Sanity_Tests_US104253" name="Should open Manage Logbook page" time="34.127">
      <system-out><![CDATA[
COMMAND: POST /session/8d95cead83622a4940e097fc0d2faf99/execute/async - {"script":"<script> [1562 bytes]","args":[{"selector":{"controlType":"sap.m.GenericTile","properties":{"header":"Manage Logbook"}},"wdio_ui5_key":"sapm.GenericTile{\"header\":\"Manage Logbook\"}"}]}
RESULT: {"script":"<script> [1562 bytes]","args":[{"selector":{"controlType":"sap.m.GenericTile","properties":{"header":"Manage Logbook"}},"wdio_ui5_key":"sapm.GenericTile{\"header\":\"Manage Logbook\"}"}]}
RESULT: undefined
COMMAND: POST /session/8d95cead83622a4940e097fc0d2faf99/element - {"using":"xpath","value":"//*[@id=\"__tile112\"]"}
RESULT: {"using":"xpath","value":"//*[@id=\"__tile112\"]"}
COMMAND: POST /session/8d95cead83622a4940e097fc0d2faf99/element/f.B571230365E4BE60491EA8389A855F53.d.F3CD01A76452246FC23C37DAC2A2AD64.e.4440/click - {}
RESULT: {}
COMMAND: GET /session/8d95cead83622a4940e097fc0d2faf99/screenshot - {}
RESULT: {}
RESULT: undefined
COMMAND: POST /session/8d95cead83622a4940e097fc0d2faf99/element - {"using":"xpath","value":"//*[@id=\"__tile112\"]"}
RESULT: {"using":"xpath","value":"//*[@id=\"__tile112\"]"}
COMMAND: POST /session/8d95cead83622a4940e097fc0d2faf99/element/f.B571230365E4BE60491EA8389A855F53.d.F3CD01A76452246FC23C37DAC2A2AD64.e.4440/click - {}
RESULT: undefined
COMMAND: POST /session/8d95cead83622a4940e097fc0d2faf99/element - {"using":"xpath","value":"//*[@id=\"__tile112\"]"}
RESULT: {"using":"xpath","value":"//*[@id=\"__tile112\"]"}
COMMAND: POST /session/8d95cead83622a4940e097fc0d2faf99/element/f.B571230365E4BE60491EA8389A855F53.d.F3CD01A76452246FC23C37DAC2A2AD64.e.4440/click - {}
RESULT: undefined
COMMAND: POST /session/8d95cead83622a4940e097fc0d2faf99/execute/async - {"script":"<script> [6424 bytes]","args":[{"element-6066-11e4-a52e-4f735466cecf":"f.B571230365E4BE60491EA8389A855F53.d.F3CD01A76452246FC23C37DAC2A2AD64.e.294"},"getTitle",[]]}
COMMAND: POST /session/8d95cead83622a4940e097fc0d2faf99/execute/async - {"script":"<script> [1562 bytes]","args":[{"selector":{"id":"shellAppTitle"},"wdio_ui5_key":"shellAppTitle"}]}
RESULT: {"script":"<script> [1562 bytes]","args":[{"selector":{"id":"shellAppTitle"},"wdio_ui5_key":"shellAppTitle"}]}
COMMAND: POST /session/8d95cead83622a4940e097fc0d2faf99/execute/async - {"script":"<script> [6424 bytes]","args":[{"element-6066-11e4-a52e-4f735466cecf":"f.B571230365E4BE60491EA8389A855F53.d.F3CD01A76452246FC23C37DAC2A2AD64.e.4523"},"getTitle",[]]}
RESULT: {"script":"<script> [6424 bytes]","args":[{"element-6066-11e4-a52e-4f735466cecf":"f.B571230365E4BE60491EA8389A855F53.d.F3CD01A76452246FC23C37DAC2A2AD64.e.4523"},"getTitle",[]]}
RESULT: undefined
COMMAND: POST /session/8d95cead83622a4940e097fc0d2faf99/element/f.B571230365E4BE60491EA8389A855F53.d.F3CD01A76452246FC23C37DAC2A2AD64.e.4438/click - {}
RESULT: {}
COMMAND: GET /session/8d95cead83622a4940e097fc0d2faf99/screenshot - {}
RESULT: {}
]]></system-out>
    </testcase>
    <testcase classname="chrome.135_0_7049_42.windows.Sanity_Tests_US104253" name="Should open ISC Orders Calendar page" time="35.319">
      <system-out><![CDATA[
COMMAND: POST /session/8d95cead83622a4940e097fc0d2faf99/execute/async - {"script":"<script> [1562 bytes]","args":[{"selector":{"controlType":"sap.m.GenericTile","properties":{"header":"ISC Orders Calendar"}},"wdio_ui5_key":"sapm.GenericTile{\"header\":\"ISC Orders Calendar\"}"}]}
RESULT: {"script":"<script> [1562 bytes]","args":[{"selector":{"controlType":"sap.m.GenericTile","properties":{"header":"ISC Orders Calendar"}},"wdio_ui5_key":"sapm.GenericTile{\"header\":\"ISC Orders Calendar\"}"}]}
RESULT: undefined
COMMAND: POST /session/8d95cead83622a4940e097fc0d2faf99/element - {"using":"xpath","value":"//*[@id=\"__tile107\"]"}
RESULT: {"using":"xpath","value":"//*[@id=\"__tile107\"]"}
COMMAND: POST /session/8d95cead83622a4940e097fc0d2faf99/element/f.B571230365E4BE60491EA8389A855F53.d.F3CD01A76452246FC23C37DAC2A2AD64.e.4525/click - {}
RESULT: {}
COMMAND: GET /session/8d95cead83622a4940e097fc0d2faf99/screenshot - {}
RESULT: {}
RESULT: undefined
COMMAND: POST /session/8d95cead83622a4940e097fc0d2faf99/element - {"using":"xpath","value":"//*[@id=\"__tile107\"]"}
RESULT: {"using":"xpath","value":"//*[@id=\"__tile107\"]"}
COMMAND: POST /session/8d95cead83622a4940e097fc0d2faf99/element/f.B571230365E4BE60491EA8389A855F53.d.F3CD01A76452246FC23C37DAC2A2AD64.e.4525/click - {}
RESULT: undefined
COMMAND: POST /session/8d95cead83622a4940e097fc0d2faf99/element - {"using":"xpath","value":"//*[@id=\"__tile107\"]"}
RESULT: {"using":"xpath","value":"//*[@id=\"__tile107\"]"}
COMMAND: POST /session/8d95cead83622a4940e097fc0d2faf99/element/f.B571230365E4BE60491EA8389A855F53.d.F3CD01A76452246FC23C37DAC2A2AD64.e.4525/click - {}
RESULT: undefined
COMMAND: POST /session/8d95cead83622a4940e097fc0d2faf99/execute/async - {"script":"<script> [6424 bytes]","args":[{"element-6066-11e4-a52e-4f735466cecf":"f.B571230365E4BE60491EA8389A855F53.d.F3CD01A76452246FC23C37DAC2A2AD64.e.294"},"getTitle",[]]}
COMMAND: POST /session/8d95cead83622a4940e097fc0d2faf99/execute/async - {"script":"<script> [1562 bytes]","args":[{"selector":{"id":"shellAppTitle"},"wdio_ui5_key":"shellAppTitle"}]}
RESULT: {"script":"<script> [1562 bytes]","args":[{"selector":{"id":"shellAppTitle"},"wdio_ui5_key":"shellAppTitle"}]}
COMMAND: POST /session/8d95cead83622a4940e097fc0d2faf99/execute/async - {"script":"<script> [6424 bytes]","args":[{"element-6066-11e4-a52e-4f735466cecf":"f.B571230365E4BE60491EA8389A855F53.d.F3CD01A76452246FC23C37DAC2A2AD64.e.4739"},"getTitle",[]]}
RESULT: {"script":"<script> [6424 bytes]","args":[{"element-6066-11e4-a52e-4f735466cecf":"f.B571230365E4BE60491EA8389A855F53.d.F3CD01A76452246FC23C37DAC2A2AD64.e.4739"},"getTitle",[]]}
RESULT: undefined
COMMAND: POST /session/8d95cead83622a4940e097fc0d2faf99/element/f.B571230365E4BE60491EA8389A855F53.d.F3CD01A76452246FC23C37DAC2A2AD64.e.4438/click - {}
COMMAND: POST /session/8d95cead83622a4940e097fc0d2faf99/element - {"using":"xpath","value":"//*[@id=\"backBtn\"]"}
RESULT: {"using":"xpath","value":"//*[@id=\"backBtn\"]"}
COMMAND: POST /session/8d95cead83622a4940e097fc0d2faf99/element/f.B571230365E4BE60491EA8389A855F53.d.F3CD01A76452246FC23C37DAC2A2AD64.e.4438/click - {}
COMMAND: POST /session/8d95cead83622a4940e097fc0d2faf99/element - {"using":"xpath","value":"//*[@id=\"backBtn\"]"}
RESULT: {"using":"xpath","value":"//*[@id=\"backBtn\"]"}
COMMAND: POST /session/8d95cead83622a4940e097fc0d2faf99/element/f.B571230365E4BE60491EA8389A855F53.d.F3CD01A76452246FC23C37DAC2A2AD64.e.4740/click - {}
RESULT: {}
COMMAND: GET /session/8d95cead83622a4940e097fc0d2faf99/screenshot - {}
RESULT: {}
]]></system-out>
    </testcase>
    <testcase classname="chrome.135_0_7049_42.windows.Sanity_Tests_US104253" name="Should open Configure System page" time="34.222">
      <system-out><![CDATA[
COMMAND: POST /session/8d95cead83622a4940e097fc0d2faf99/execute/async - {"script":"<script> [1562 bytes]","args":[{"selector":{"controlType":"sap.m.GenericTile","properties":{"header":"Configure System"}},"wdio_ui5_key":"sapm.GenericTile{\"header\":\"Configure System\"}"}]}
RESULT: {"script":"<script> [1562 bytes]","args":[{"selector":{"controlType":"sap.m.GenericTile","properties":{"header":"Configure System"}},"wdio_ui5_key":"sapm.GenericTile{\"header\":\"Configure System\"}"}]}
RESULT: undefined
COMMAND: POST /session/8d95cead83622a4940e097fc0d2faf99/element - {"using":"xpath","value":"//*[@id=\"__tile114\"]"}
RESULT: {"using":"xpath","value":"//*[@id=\"__tile114\"]"}
COMMAND: POST /session/8d95cead83622a4940e097fc0d2faf99/element/f.B571230365E4BE60491EA8389A855F53.d.F3CD01A76452246FC23C37DAC2A2AD64.e.4742/click - {}
RESULT: {}
COMMAND: GET /session/8d95cead83622a4940e097fc0d2faf99/screenshot - {}
RESULT: {}
RESULT: undefined
COMMAND: POST /session/8d95cead83622a4940e097fc0d2faf99/element - {"using":"xpath","value":"//*[@id=\"__tile114\"]"}
RESULT: {"using":"xpath","value":"//*[@id=\"__tile114\"]"}
COMMAND: POST /session/8d95cead83622a4940e097fc0d2faf99/element/f.B571230365E4BE60491EA8389A855F53.d.F3CD01A76452246FC23C37DAC2A2AD64.e.4742/click - {}
RESULT: undefined
COMMAND: POST /session/8d95cead83622a4940e097fc0d2faf99/element - {"using":"xpath","value":"//*[@id=\"__tile114\"]"}
RESULT: {"using":"xpath","value":"//*[@id=\"__tile114\"]"}
COMMAND: POST /session/8d95cead83622a4940e097fc0d2faf99/element/f.B571230365E4BE60491EA8389A855F53.d.F3CD01A76452246FC23C37DAC2A2AD64.e.4742/click - {}
RESULT: undefined
COMMAND: POST /session/8d95cead83622a4940e097fc0d2faf99/execute/async - {"script":"<script> [6424 bytes]","args":[{"element-6066-11e4-a52e-4f735466cecf":"f.B571230365E4BE60491EA8389A855F53.d.F3CD01A76452246FC23C37DAC2A2AD64.e.294"},"getTitle",[]]}
COMMAND: POST /session/8d95cead83622a4940e097fc0d2faf99/execute/async - {"script":"<script> [1562 bytes]","args":[{"selector":{"id":"shellAppTitle"},"wdio_ui5_key":"shellAppTitle"}]}
RESULT: {"script":"<script> [1562 bytes]","args":[{"selector":{"id":"shellAppTitle"},"wdio_ui5_key":"shellAppTitle"}]}
COMMAND: POST /session/8d95cead83622a4940e097fc0d2faf99/execute/async - {"script":"<script> [6424 bytes]","args":[{"element-6066-11e4-a52e-4f735466cecf":"f.B571230365E4BE60491EA8389A855F53.d.F3CD01A76452246FC23C37DAC2A2AD64.e.4782"},"getTitle",[]]}
RESULT: {"script":"<script> [6424 bytes]","args":[{"element-6066-11e4-a52e-4f735466cecf":"f.B571230365E4BE60491EA8389A855F53.d.F3CD01A76452246FC23C37DAC2A2AD64.e.4782"},"getTitle",[]]}
RESULT: undefined
COMMAND: POST /session/8d95cead83622a4940e097fc0d2faf99/element/f.B571230365E4BE60491EA8389A855F53.d.F3CD01A76452246FC23C37DAC2A2AD64.e.4740/click - {}
RESULT: {}
COMMAND: GET /session/8d95cead83622a4940e097fc0d2faf99/screenshot - {}
RESULT: {}
]]></system-out>
    </testcase>
    <testcase classname="chrome.135_0_7049_42.windows.Sanity_Tests_US104253" name="Should open Manage Classifications page" time="33.882">
      <system-out><![CDATA[
COMMAND: POST /session/8d95cead83622a4940e097fc0d2faf99/execute/async - {"script":"<script> [1562 bytes]","args":[{"selector":{"controlType":"sap.m.GenericTile","properties":{"header":"Manage Classifications"}},"wdio_ui5_key":"sapm.GenericTile{\"header\":\"Manage Classifications\"}"}]}
RESULT: {"script":"<script> [1562 bytes]","args":[{"selector":{"controlType":"sap.m.GenericTile","properties":{"header":"Manage Classifications"}},"wdio_ui5_key":"sapm.GenericTile{\"header\":\"Manage Classifications\"}"}]}
RESULT: undefined
COMMAND: POST /session/8d95cead83622a4940e097fc0d2faf99/element - {"using":"xpath","value":"//*[@id=\"__tile115\"]"}
RESULT: {"using":"xpath","value":"//*[@id=\"__tile115\"]"}
COMMAND: POST /session/8d95cead83622a4940e097fc0d2faf99/element/f.B571230365E4BE60491EA8389A855F53.d.F3CD01A76452246FC23C37DAC2A2AD64.e.4786/click - {}
RESULT: {}
COMMAND: GET /session/8d95cead83622a4940e097fc0d2faf99/screenshot - {}
RESULT: {}
RESULT: undefined
COMMAND: POST /session/8d95cead83622a4940e097fc0d2faf99/element - {"using":"xpath","value":"//*[@id=\"__tile115\"]"}
RESULT: {"using":"xpath","value":"//*[@id=\"__tile115\"]"}
COMMAND: POST /session/8d95cead83622a4940e097fc0d2faf99/element/f.B571230365E4BE60491EA8389A855F53.d.F3CD01A76452246FC23C37DAC2A2AD64.e.4786/click - {}
RESULT: undefined
COMMAND: POST /session/8d95cead83622a4940e097fc0d2faf99/element - {"using":"xpath","value":"//*[@id=\"__tile115\"]"}
RESULT: {"using":"xpath","value":"//*[@id=\"__tile115\"]"}
COMMAND: POST /session/8d95cead83622a4940e097fc0d2faf99/element/f.B571230365E4BE60491EA8389A855F53.d.F3CD01A76452246FC23C37DAC2A2AD64.e.4786/click - {}
RESULT: undefined
COMMAND: POST /session/8d95cead83622a4940e097fc0d2faf99/execute/async - {"script":"<script> [6424 bytes]","args":[{"element-6066-11e4-a52e-4f735466cecf":"f.B571230365E4BE60491EA8389A855F53.d.F3CD01A76452246FC23C37DAC2A2AD64.e.294"},"getTitle",[]]}
COMMAND: POST /session/8d95cead83622a4940e097fc0d2faf99/execute/async - {"script":"<script> [1562 bytes]","args":[{"selector":{"id":"shellAppTitle"},"wdio_ui5_key":"shellAppTitle"}]}
RESULT: {"script":"<script> [1562 bytes]","args":[{"selector":{"id":"shellAppTitle"},"wdio_ui5_key":"shellAppTitle"}]}
COMMAND: POST /session/8d95cead83622a4940e097fc0d2faf99/execute/async - {"script":"<script> [6424 bytes]","args":[{"element-6066-11e4-a52e-4f735466cecf":"f.B571230365E4BE60491EA8389A855F53.d.F3CD01A76452246FC23C37DAC2A2AD64.e.4880"},"getTitle",[]]}
RESULT: {"script":"<script> [6424 bytes]","args":[{"element-6066-11e4-a52e-4f735466cecf":"f.B571230365E4BE60491EA8389A855F53.d.F3CD01A76452246FC23C37DAC2A2AD64.e.4880"},"getTitle",[]]}
RESULT: undefined
COMMAND: POST /session/8d95cead83622a4940e097fc0d2faf99/element/f.B571230365E4BE60491EA8389A855F53.d.F3CD01A76452246FC23C37DAC2A2AD64.e.4740/click - {}
COMMAND: POST /session/8d95cead83622a4940e097fc0d2faf99/element - {"using":"xpath","value":"//*[@id=\"backBtn\"]"}
RESULT: {"using":"xpath","value":"//*[@id=\"backBtn\"]"}
COMMAND: POST /session/8d95cead83622a4940e097fc0d2faf99/element/f.B571230365E4BE60491EA8389A855F53.d.F3CD01A76452246FC23C37DAC2A2AD64.e.4740/click - {}
COMMAND: POST /session/8d95cead83622a4940e097fc0d2faf99/element - {"using":"xpath","value":"//*[@id=\"backBtn\"]"}
RESULT: {"using":"xpath","value":"//*[@id=\"backBtn\"]"}
COMMAND: POST /session/8d95cead83622a4940e097fc0d2faf99/element/f.B571230365E4BE60491EA8389A855F53.d.F3CD01A76452246FC23C37DAC2A2AD64.e.4881/click - {}
RESULT: {}
COMMAND: GET /session/8d95cead83622a4940e097fc0d2faf99/screenshot - {}
RESULT: {}
]]></system-out>
    </testcase>
    <testcase classname="chrome.135_0_7049_42.windows.Sanity_Tests_US104253" name="Should open Data Explorer page" time="34.315">
      <system-out><![CDATA[
COMMAND: POST /session/8d95cead83622a4940e097fc0d2faf99/execute/async - {"script":"<script> [1562 bytes]","args":[{"selector":{"controlType":"sap.m.GenericTile","properties":{"header":"Data Explorer"}},"wdio_ui5_key":"sapm.GenericTile{\"header\":\"Data Explorer\"}"}]}
RESULT: {"script":"<script> [1562 bytes]","args":[{"selector":{"controlType":"sap.m.GenericTile","properties":{"header":"Data Explorer"}},"wdio_ui5_key":"sapm.GenericTile{\"header\":\"Data Explorer\"}"}]}
RESULT: undefined
COMMAND: POST /session/8d95cead83622a4940e097fc0d2faf99/element - {"using":"xpath","value":"//*[@id=\"__tile117\"]"}
RESULT: {"using":"xpath","value":"//*[@id=\"__tile117\"]"}
COMMAND: POST /session/8d95cead83622a4940e097fc0d2faf99/element/f.B571230365E4BE60491EA8389A855F53.d.F3CD01A76452246FC23C37DAC2A2AD64.e.4883/click - {}
RESULT: {}
COMMAND: GET /session/8d95cead83622a4940e097fc0d2faf99/screenshot - {}
RESULT: {}
RESULT: undefined
COMMAND: POST /session/8d95cead83622a4940e097fc0d2faf99/element - {"using":"xpath","value":"//*[@id=\"__tile117\"]"}
RESULT: {"using":"xpath","value":"//*[@id=\"__tile117\"]"}
COMMAND: POST /session/8d95cead83622a4940e097fc0d2faf99/element/f.B571230365E4BE60491EA8389A855F53.d.F3CD01A76452246FC23C37DAC2A2AD64.e.4883/click - {}
RESULT: undefined
COMMAND: POST /session/8d95cead83622a4940e097fc0d2faf99/element - {"using":"xpath","value":"//*[@id=\"__tile117\"]"}
RESULT: {"using":"xpath","value":"//*[@id=\"__tile117\"]"}
COMMAND: POST /session/8d95cead83622a4940e097fc0d2faf99/element/f.B571230365E4BE60491EA8389A855F53.d.F3CD01A76452246FC23C37DAC2A2AD64.e.4883/click - {}
RESULT: undefined
COMMAND: POST /session/8d95cead83622a4940e097fc0d2faf99/execute/async - {"script":"<script> [6424 bytes]","args":[{"element-6066-11e4-a52e-4f735466cecf":"f.B571230365E4BE60491EA8389A855F53.d.F3CD01A76452246FC23C37DAC2A2AD64.e.294"},"getTitle",[]]}
COMMAND: POST /session/8d95cead83622a4940e097fc0d2faf99/execute/async - {"script":"<script> [1562 bytes]","args":[{"selector":{"id":"shellAppTitle"},"wdio_ui5_key":"shellAppTitle"}]}
RESULT: {"script":"<script> [1562 bytes]","args":[{"selector":{"id":"shellAppTitle"},"wdio_ui5_key":"shellAppTitle"}]}
COMMAND: POST /session/8d95cead83622a4940e097fc0d2faf99/execute/async - {"script":"<script> [6424 bytes]","args":[{"element-6066-11e4-a52e-4f735466cecf":"f.B571230365E4BE60491EA8389A855F53.d.F3CD01A76452246FC23C37DAC2A2AD64.e.5065"},"getTitle",[]]}
RESULT: {"script":"<script> [6424 bytes]","args":[{"element-6066-11e4-a52e-4f735466cecf":"f.B571230365E4BE60491EA8389A855F53.d.F3CD01A76452246FC23C37DAC2A2AD64.e.5065"},"getTitle",[]]}
RESULT: undefined
COMMAND: POST /session/8d95cead83622a4940e097fc0d2faf99/element/f.B571230365E4BE60491EA8389A855F53.d.F3CD01A76452246FC23C37DAC2A2AD64.e.4881/click - {}
RESULT: {}
COMMAND: GET /session/8d95cead83622a4940e097fc0d2faf99/screenshot - {}
RESULT: {}
]]></system-out>
    </testcase>
    <testcase classname="chrome.135_0_7049_42.windows.Sanity_Tests_US104253" name="Should open Performance Monitor page" time="31.68">
      <system-out><![CDATA[
COMMAND: POST /session/8d95cead83622a4940e097fc0d2faf99/execute/async - {"script":"<script> [1562 bytes]","args":[{"selector":{"controlType":"sap.m.GenericTile","properties":{"header":"Performance Monitor"}},"wdio_ui5_key":"sapm.GenericTile{\"header\":\"Performance Monitor\"}"}]}
RESULT: {"script":"<script> [1562 bytes]","args":[{"selector":{"controlType":"sap.m.GenericTile","properties":{"header":"Performance Monitor"}},"wdio_ui5_key":"sapm.GenericTile{\"header\":\"Performance Monitor\"}"}]}
RESULT: undefined
COMMAND: POST /session/8d95cead83622a4940e097fc0d2faf99/element - {"using":"xpath","value":"//*[@id=\"__tile116\"]"}
RESULT: {"using":"xpath","value":"//*[@id=\"__tile116\"]"}
COMMAND: POST /session/8d95cead83622a4940e097fc0d2faf99/element/f.B571230365E4BE60491EA8389A855F53.d.F3CD01A76452246FC23C37DAC2A2AD64.e.5067/click - {}
RESULT: {}
COMMAND: GET /session/8d95cead83622a4940e097fc0d2faf99/screenshot - {}
RESULT: {}
RESULT: undefined
COMMAND: POST /session/8d95cead83622a4940e097fc0d2faf99/element - {"using":"xpath","value":"//*[@id=\"__tile116\"]"}
RESULT: {"using":"xpath","value":"//*[@id=\"__tile116\"]"}
COMMAND: POST /session/8d95cead83622a4940e097fc0d2faf99/element/f.B571230365E4BE60491EA8389A855F53.d.F3CD01A76452246FC23C37DAC2A2AD64.e.5067/click - {}
RESULT: undefined
COMMAND: POST /session/8d95cead83622a4940e097fc0d2faf99/element - {"using":"xpath","value":"//*[@id=\"__tile116\"]"}
RESULT: {"using":"xpath","value":"//*[@id=\"__tile116\"]"}
COMMAND: POST /session/8d95cead83622a4940e097fc0d2faf99/element/f.B571230365E4BE60491EA8389A855F53.d.F3CD01A76452246FC23C37DAC2A2AD64.e.5067/click - {}
RESULT: undefined
COMMAND: POST /session/8d95cead83622a4940e097fc0d2faf99/execute/async - {"script":"<script> [6424 bytes]","args":[{"element-6066-11e4-a52e-4f735466cecf":"f.B571230365E4BE60491EA8389A855F53.d.F3CD01A76452246FC23C37DAC2A2AD64.e.294"},"getTitle",[]]}
COMMAND: POST /session/8d95cead83622a4940e097fc0d2faf99/execute/async - {"script":"<script> [1562 bytes]","args":[{"selector":{"id":"shellAppTitle"},"wdio_ui5_key":"shellAppTitle"}]}
RESULT: {"script":"<script> [1562 bytes]","args":[{"selector":{"id":"shellAppTitle"},"wdio_ui5_key":"shellAppTitle"}]}
COMMAND: POST /session/8d95cead83622a4940e097fc0d2faf99/execute/async - {"script":"<script> [6424 bytes]","args":[{"element-6066-11e4-a52e-4f735466cecf":"f.B571230365E4BE60491EA8389A855F53.d.F3CD01A76452246FC23C37DAC2A2AD64.e.5107"},"getTitle",[]]}
RESULT: {"script":"<script> [6424 bytes]","args":[{"element-6066-11e4-a52e-4f735466cecf":"f.B571230365E4BE60491EA8389A855F53.d.F3CD01A76452246FC23C37DAC2A2AD64.e.5107"},"getTitle",[]]}
RESULT: undefined
COMMAND: POST /session/8d95cead83622a4940e097fc0d2faf99/element/f.B571230365E4BE60491EA8389A855F53.d.F3CD01A76452246FC23C37DAC2A2AD64.e.4881/click - {}
COMMAND: POST /session/8d95cead83622a4940e097fc0d2faf99/element - {"using":"xpath","value":"//*[@id=\"backBtn\"]"}
RESULT: {"using":"xpath","value":"//*[@id=\"backBtn\"]"}
COMMAND: POST /session/8d95cead83622a4940e097fc0d2faf99/element/f.B571230365E4BE60491EA8389A855F53.d.F3CD01A76452246FC23C37DAC2A2AD64.e.4881/click - {}
COMMAND: POST /session/8d95cead83622a4940e097fc0d2faf99/element - {"using":"xpath","value":"//*[@id=\"backBtn\"]"}
RESULT: {"using":"xpath","value":"//*[@id=\"backBtn\"]"}
COMMAND: POST /session/8d95cead83622a4940e097fc0d2faf99/element/f.B571230365E4BE60491EA8389A855F53.d.F3CD01A76452246FC23C37DAC2A2AD64.e.5108/click - {}
RESULT: {}
COMMAND: GET /session/8d95cead83622a4940e097fc0d2faf99/screenshot - {}
RESULT: {}
]]></system-out>
    </testcase>
    <testcase classname="chrome.135_0_7049_42.windows.Sanity_Tests_US104253" name="Should open Organizational Model page" time="33.51">
      <system-out><![CDATA[
COMMAND: POST /session/8d95cead83622a4940e097fc0d2faf99/execute/async - {"script":"<script> [1562 bytes]","args":[{"selector":{"controlType":"sap.m.GenericTile","properties":{"header":"Organizational Model"}},"wdio_ui5_key":"sapm.GenericTile{\"header\":\"Organizational Model\"}"}]}
RESULT: {"script":"<script> [1562 bytes]","args":[{"selector":{"controlType":"sap.m.GenericTile","properties":{"header":"Organizational Model"}},"wdio_ui5_key":"sapm.GenericTile{\"header\":\"Organizational Model\"}"}]}
RESULT: undefined
COMMAND: POST /session/8d95cead83622a4940e097fc0d2faf99/element - {"using":"xpath","value":"//*[@id=\"__tile120\"]"}
RESULT: {"using":"xpath","value":"//*[@id=\"__tile120\"]"}
COMMAND: POST /session/8d95cead83622a4940e097fc0d2faf99/element/f.B571230365E4BE60491EA8389A855F53.d.F3CD01A76452246FC23C37DAC2A2AD64.e.5110/click - {}
RESULT: {}
COMMAND: GET /session/8d95cead83622a4940e097fc0d2faf99/screenshot - {}
RESULT: {}
RESULT: undefined
COMMAND: POST /session/8d95cead83622a4940e097fc0d2faf99/element - {"using":"xpath","value":"//*[@id=\"__tile120\"]"}
RESULT: {"using":"xpath","value":"//*[@id=\"__tile120\"]"}
COMMAND: POST /session/8d95cead83622a4940e097fc0d2faf99/element/f.B571230365E4BE60491EA8389A855F53.d.F3CD01A76452246FC23C37DAC2A2AD64.e.5110/click - {}
RESULT: undefined
COMMAND: POST /session/8d95cead83622a4940e097fc0d2faf99/element - {"using":"xpath","value":"//*[@id=\"__tile120\"]"}
RESULT: {"using":"xpath","value":"//*[@id=\"__tile120\"]"}
COMMAND: POST /session/8d95cead83622a4940e097fc0d2faf99/element/f.B571230365E4BE60491EA8389A855F53.d.F3CD01A76452246FC23C37DAC2A2AD64.e.5110/click - {}
RESULT: undefined
COMMAND: POST /session/8d95cead83622a4940e097fc0d2faf99/execute/async - {"script":"<script> [6424 bytes]","args":[{"element-6066-11e4-a52e-4f735466cecf":"f.B571230365E4BE60491EA8389A855F53.d.F3CD01A76452246FC23C37DAC2A2AD64.e.294"},"getTitle",[]]}
COMMAND: POST /session/8d95cead83622a4940e097fc0d2faf99/execute/async - {"script":"<script> [1562 bytes]","args":[{"selector":{"id":"shellAppTitle"},"wdio_ui5_key":"shellAppTitle"}]}
RESULT: {"script":"<script> [1562 bytes]","args":[{"selector":{"id":"shellAppTitle"},"wdio_ui5_key":"shellAppTitle"}]}
COMMAND: POST /session/8d95cead83622a4940e097fc0d2faf99/execute/async - {"script":"<script> [6424 bytes]","args":[{"element-6066-11e4-a52e-4f735466cecf":"f.B571230365E4BE60491EA8389A855F53.d.F3CD01A76452246FC23C37DAC2A2AD64.e.5129"},"getTitle",[]]}
RESULT: {"script":"<script> [6424 bytes]","args":[{"element-6066-11e4-a52e-4f735466cecf":"f.B571230365E4BE60491EA8389A855F53.d.F3CD01A76452246FC23C37DAC2A2AD64.e.5129"},"getTitle",[]]}
RESULT: undefined
COMMAND: POST /session/8d95cead83622a4940e097fc0d2faf99/element/f.B571230365E4BE60491EA8389A855F53.d.F3CD01A76452246FC23C37DAC2A2AD64.e.5108/click - {}
RESULT: {}
COMMAND: GET /session/8d95cead83622a4940e097fc0d2faf99/screenshot - {}
RESULT: {}
]]></system-out>
    </testcase>
    <testcase classname="chrome.135_0_7049_42.windows.Sanity_Tests_US104253" name="Should open Manage Roles page" time="32.667">
      <system-out><![CDATA[
COMMAND: POST /session/8d95cead83622a4940e097fc0d2faf99/execute/async - {"script":"<script> [1562 bytes]","args":[{"selector":{"controlType":"sap.m.GenericTile","properties":{"header":"Manage Roles"}},"wdio_ui5_key":"sapm.GenericTile{\"header\":\"Manage Roles\"}"}]}
RESULT: {"script":"<script> [1562 bytes]","args":[{"selector":{"controlType":"sap.m.GenericTile","properties":{"header":"Manage Roles"}},"wdio_ui5_key":"sapm.GenericTile{\"header\":\"Manage Roles\"}"}]}
RESULT: undefined
COMMAND: POST /session/8d95cead83622a4940e097fc0d2faf99/element - {"using":"xpath","value":"//*[@id=\"__tile119\"]"}
RESULT: {"using":"xpath","value":"//*[@id=\"__tile119\"]"}
COMMAND: POST /session/8d95cead83622a4940e097fc0d2faf99/element/f.B571230365E4BE60491EA8389A855F53.d.F3CD01A76452246FC23C37DAC2A2AD64.e.5131/click - {}
RESULT: {}
COMMAND: GET /session/8d95cead83622a4940e097fc0d2faf99/screenshot - {}
RESULT: {}
RESULT: undefined
COMMAND: POST /session/8d95cead83622a4940e097fc0d2faf99/element - {"using":"xpath","value":"//*[@id=\"__tile119\"]"}
RESULT: {"using":"xpath","value":"//*[@id=\"__tile119\"]"}
COMMAND: POST /session/8d95cead83622a4940e097fc0d2faf99/element/f.B571230365E4BE60491EA8389A855F53.d.F3CD01A76452246FC23C37DAC2A2AD64.e.5131/click - {}
RESULT: undefined
COMMAND: POST /session/8d95cead83622a4940e097fc0d2faf99/element - {"using":"xpath","value":"//*[@id=\"__tile119\"]"}
RESULT: {"using":"xpath","value":"//*[@id=\"__tile119\"]"}
COMMAND: POST /session/8d95cead83622a4940e097fc0d2faf99/element/f.B571230365E4BE60491EA8389A855F53.d.F3CD01A76452246FC23C37DAC2A2AD64.e.5131/click - {}
RESULT: undefined
COMMAND: POST /session/8d95cead83622a4940e097fc0d2faf99/execute/async - {"script":"<script> [6424 bytes]","args":[{"element-6066-11e4-a52e-4f735466cecf":"f.B571230365E4BE60491EA8389A855F53.d.F3CD01A76452246FC23C37DAC2A2AD64.e.294"},"getTitle",[]]}
COMMAND: POST /session/8d95cead83622a4940e097fc0d2faf99/execute/async - {"script":"<script> [1562 bytes]","args":[{"selector":{"id":"shellAppTitle"},"wdio_ui5_key":"shellAppTitle"}]}
RESULT: {"script":"<script> [1562 bytes]","args":[{"selector":{"id":"shellAppTitle"},"wdio_ui5_key":"shellAppTitle"}]}
COMMAND: POST /session/8d95cead83622a4940e097fc0d2faf99/execute/async - {"script":"<script> [6424 bytes]","args":[{"element-6066-11e4-a52e-4f735466cecf":"f.B571230365E4BE60491EA8389A855F53.d.F3CD01A76452246FC23C37DAC2A2AD64.e.5176"},"getTitle",[]]}
RESULT: {"script":"<script> [6424 bytes]","args":[{"element-6066-11e4-a52e-4f735466cecf":"f.B571230365E4BE60491EA8389A855F53.d.F3CD01A76452246FC23C37DAC2A2AD64.e.5176"},"getTitle",[]]}
RESULT: undefined
COMMAND: POST /session/8d95cead83622a4940e097fc0d2faf99/element/f.B571230365E4BE60491EA8389A855F53.d.F3CD01A76452246FC23C37DAC2A2AD64.e.5108/click - {}
COMMAND: POST /session/8d95cead83622a4940e097fc0d2faf99/element - {"using":"xpath","value":"//*[@id=\"backBtn\"]"}
RESULT: {"using":"xpath","value":"//*[@id=\"backBtn\"]"}
COMMAND: POST /session/8d95cead83622a4940e097fc0d2faf99/element/f.B571230365E4BE60491EA8389A855F53.d.F3CD01A76452246FC23C37DAC2A2AD64.e.5108/click - {}
COMMAND: POST /session/8d95cead83622a4940e097fc0d2faf99/element - {"using":"xpath","value":"//*[@id=\"backBtn\"]"}
RESULT: {"using":"xpath","value":"//*[@id=\"backBtn\"]"}
COMMAND: POST /session/8d95cead83622a4940e097fc0d2faf99/element/f.B571230365E4BE60491EA8389A855F53.d.F3CD01A76452246FC23C37DAC2A2AD64.e.5177/click - {}
RESULT: {}
COMMAND: GET /session/8d95cead83622a4940e097fc0d2faf99/screenshot - {}
RESULT: {}
]]></system-out>
    </testcase>
    <testcase classname="chrome.135_0_7049_42.windows.Sanity_Tests_US104253" name="Should open Authorization Tables page" time="34.055">
      <system-out><![CDATA[
COMMAND: POST /session/8d95cead83622a4940e097fc0d2faf99/execute/async - {"script":"<script> [1562 bytes]","args":[{"selector":{"controlType":"sap.m.GenericTile","properties":{"header":"Authorization Tables"}},"wdio_ui5_key":"sapm.GenericTile{\"header\":\"Authorization Tables\"}"}]}
RESULT: {"script":"<script> [1562 bytes]","args":[{"selector":{"controlType":"sap.m.GenericTile","properties":{"header":"Authorization Tables"}},"wdio_ui5_key":"sapm.GenericTile{\"header\":\"Authorization Tables\"}"}]}
RESULT: undefined
COMMAND: POST /session/8d95cead83622a4940e097fc0d2faf99/element - {"using":"xpath","value":"//*[@id=\"__tile118\"]"}
RESULT: {"using":"xpath","value":"//*[@id=\"__tile118\"]"}
COMMAND: POST /session/8d95cead83622a4940e097fc0d2faf99/element/f.B571230365E4BE60491EA8389A855F53.d.F3CD01A76452246FC23C37DAC2A2AD64.e.5179/click - {}
RESULT: {}
COMMAND: GET /session/8d95cead83622a4940e097fc0d2faf99/screenshot - {}
RESULT: {}
RESULT: undefined
COMMAND: POST /session/8d95cead83622a4940e097fc0d2faf99/element - {"using":"xpath","value":"//*[@id=\"__tile118\"]"}
RESULT: {"using":"xpath","value":"//*[@id=\"__tile118\"]"}
COMMAND: POST /session/8d95cead83622a4940e097fc0d2faf99/element/f.B571230365E4BE60491EA8389A855F53.d.F3CD01A76452246FC23C37DAC2A2AD64.e.5179/click - {}
RESULT: undefined
COMMAND: POST /session/8d95cead83622a4940e097fc0d2faf99/element - {"using":"xpath","value":"//*[@id=\"__tile118\"]"}
RESULT: {"using":"xpath","value":"//*[@id=\"__tile118\"]"}
COMMAND: POST /session/8d95cead83622a4940e097fc0d2faf99/element/f.B571230365E4BE60491EA8389A855F53.d.F3CD01A76452246FC23C37DAC2A2AD64.e.5179/click - {}
RESULT: undefined
COMMAND: POST /session/8d95cead83622a4940e097fc0d2faf99/execute/async - {"script":"<script> [6424 bytes]","args":[{"element-6066-11e4-a52e-4f735466cecf":"f.B571230365E4BE60491EA8389A855F53.d.F3CD01A76452246FC23C37DAC2A2AD64.e.294"},"getTitle",[]]}
COMMAND: POST /session/8d95cead83622a4940e097fc0d2faf99/execute/async - {"script":"<script> [1562 bytes]","args":[{"selector":{"id":"shellAppTitle"},"wdio_ui5_key":"shellAppTitle"}]}
RESULT: {"script":"<script> [1562 bytes]","args":[{"selector":{"id":"shellAppTitle"},"wdio_ui5_key":"shellAppTitle"}]}
COMMAND: POST /session/8d95cead83622a4940e097fc0d2faf99/execute/async - {"script":"<script> [6424 bytes]","args":[{"element-6066-11e4-a52e-4f735466cecf":"f.B571230365E4BE60491EA8389A855F53.d.F3CD01A76452246FC23C37DAC2A2AD64.e.5262"},"getTitle",[]]}
RESULT: {"script":"<script> [6424 bytes]","args":[{"element-6066-11e4-a52e-4f735466cecf":"f.B571230365E4BE60491EA8389A855F53.d.F3CD01A76452246FC23C37DAC2A2AD64.e.5262"},"getTitle",[]]}
RESULT: undefined
COMMAND: POST /session/8d95cead83622a4940e097fc0d2faf99/element/f.B571230365E4BE60491EA8389A855F53.d.F3CD01A76452246FC23C37DAC2A2AD64.e.5177/click - {}
RESULT: {}
COMMAND: GET /session/8d95cead83622a4940e097fc0d2faf99/screenshot - {}
RESULT: {}
]]></system-out>
    </testcase>
    <testcase classname="chrome.135_0_7049_42.windows.Sanity_Tests_US104253" name="Should open User Maintenance page" time="32.076">
      <system-out><![CDATA[
COMMAND: POST /session/8d95cead83622a4940e097fc0d2faf99/execute/async - {"script":"<script> [1562 bytes]","args":[{"selector":{"controlType":"sap.m.GenericTile","properties":{"header":"User Maintenance"}},"wdio_ui5_key":"sapm.GenericTile{\"header\":\"User Maintenance\"}"}]}
RESULT: {"script":"<script> [1562 bytes]","args":[{"selector":{"controlType":"sap.m.GenericTile","properties":{"header":"User Maintenance"}},"wdio_ui5_key":"sapm.GenericTile{\"header\":\"User Maintenance\"}"}]}
RESULT: undefined
COMMAND: POST /session/8d95cead83622a4940e097fc0d2faf99/element - {"using":"xpath","value":"//*[@id=\"__tile121\"]"}
RESULT: {"using":"xpath","value":"//*[@id=\"__tile121\"]"}
COMMAND: POST /session/8d95cead83622a4940e097fc0d2faf99/element/f.B571230365E4BE60491EA8389A855F53.d.F3CD01A76452246FC23C37DAC2A2AD64.e.5264/click - {}
RESULT: {}
COMMAND: GET /session/8d95cead83622a4940e097fc0d2faf99/screenshot - {}
RESULT: {}
RESULT: undefined
COMMAND: POST /session/8d95cead83622a4940e097fc0d2faf99/element - {"using":"xpath","value":"//*[@id=\"__tile121\"]"}
RESULT: {"using":"xpath","value":"//*[@id=\"__tile121\"]"}
COMMAND: POST /session/8d95cead83622a4940e097fc0d2faf99/element/f.B571230365E4BE60491EA8389A855F53.d.F3CD01A76452246FC23C37DAC2A2AD64.e.5264/click - {}
RESULT: undefined
COMMAND: POST /session/8d95cead83622a4940e097fc0d2faf99/element - {"using":"xpath","value":"//*[@id=\"__tile121\"]"}
RESULT: {"using":"xpath","value":"//*[@id=\"__tile121\"]"}
COMMAND: POST /session/8d95cead83622a4940e097fc0d2faf99/element/f.B571230365E4BE60491EA8389A855F53.d.F3CD01A76452246FC23C37DAC2A2AD64.e.5264/click - {}
RESULT: undefined
COMMAND: POST /session/8d95cead83622a4940e097fc0d2faf99/execute/async - {"script":"<script> [6424 bytes]","args":[{"element-6066-11e4-a52e-4f735466cecf":"f.B571230365E4BE60491EA8389A855F53.d.F3CD01A76452246FC23C37DAC2A2AD64.e.294"},"getTitle",[]]}
COMMAND: POST /session/8d95cead83622a4940e097fc0d2faf99/execute/async - {"script":"<script> [1562 bytes]","args":[{"selector":{"id":"shellAppTitle"},"wdio_ui5_key":"shellAppTitle"}]}
RESULT: {"script":"<script> [1562 bytes]","args":[{"selector":{"id":"shellAppTitle"},"wdio_ui5_key":"shellAppTitle"}]}
COMMAND: POST /session/8d95cead83622a4940e097fc0d2faf99/execute/async - {"script":"<script> [6424 bytes]","args":[{"element-6066-11e4-a52e-4f735466cecf":"f.B571230365E4BE60491EA8389A855F53.d.F3CD01A76452246FC23C37DAC2A2AD64.e.5355"},"getTitle",[]]}
RESULT: {"script":"<script> [6424 bytes]","args":[{"element-6066-11e4-a52e-4f735466cecf":"f.B571230365E4BE60491EA8389A855F53.d.F3CD01A76452246FC23C37DAC2A2AD64.e.5355"},"getTitle",[]]}
RESULT: undefined
COMMAND: POST /session/8d95cead83622a4940e097fc0d2faf99/element/f.B571230365E4BE60491EA8389A855F53.d.F3CD01A76452246FC23C37DAC2A2AD64.e.5177/click - {}
COMMAND: POST /session/8d95cead83622a4940e097fc0d2faf99/element - {"using":"xpath","value":"//*[@id=\"backBtn\"]"}
RESULT: {"using":"xpath","value":"//*[@id=\"backBtn\"]"}
COMMAND: POST /session/8d95cead83622a4940e097fc0d2faf99/element/f.B571230365E4BE60491EA8389A855F53.d.F3CD01A76452246FC23C37DAC2A2AD64.e.5177/click - {}
COMMAND: POST /session/8d95cead83622a4940e097fc0d2faf99/element - {"using":"xpath","value":"//*[@id=\"backBtn\"]"}
RESULT: {"using":"xpath","value":"//*[@id=\"backBtn\"]"}
COMMAND: POST /session/8d95cead83622a4940e097fc0d2faf99/element/f.B571230365E4BE60491EA8389A855F53.d.F3CD01A76452246FC23C37DAC2A2AD64.e.5356/click - {}
RESULT: {}
COMMAND: GET /session/8d95cead83622a4940e097fc0d2faf99/screenshot - {}
RESULT: {}
]]></system-out>
    </testcase>
    <testcase classname="chrome.135_0_7049_42.windows.Sanity_Tests_US104253" name="Should open Schedule Jobs page" time="26.175">
      <system-out><![CDATA[
COMMAND: POST /session/8d95cead83622a4940e097fc0d2faf99/execute/async - {"script":"<script> [1562 bytes]","args":[{"selector":{"controlType":"sap.m.GenericTile","properties":{"header":"Schedule Jobs"}},"wdio_ui5_key":"sapm.GenericTile{\"header\":\"Schedule Jobs\"}"}]}
RESULT: {"script":"<script> [1562 bytes]","args":[{"selector":{"controlType":"sap.m.GenericTile","properties":{"header":"Schedule Jobs"}},"wdio_ui5_key":"sapm.GenericTile{\"header\":\"Schedule Jobs\"}"}]}
RESULT: undefined
COMMAND: POST /session/8d95cead83622a4940e097fc0d2faf99/element - {"using":"xpath","value":"//*[@id=\"__tile127\"]"}
RESULT: {"using":"xpath","value":"//*[@id=\"__tile127\"]"}
COMMAND: POST /session/8d95cead83622a4940e097fc0d2faf99/element/f.B571230365E4BE60491EA8389A855F53.d.F3CD01A76452246FC23C37DAC2A2AD64.e.5359/click - {}
RESULT: {}
COMMAND: GET /session/8d95cead83622a4940e097fc0d2faf99/screenshot - {}
RESULT: {}
RESULT: undefined
COMMAND: POST /session/8d95cead83622a4940e097fc0d2faf99/element - {"using":"xpath","value":"//*[@id=\"__tile127\"]"}
RESULT: {"using":"xpath","value":"//*[@id=\"__tile127\"]"}
COMMAND: POST /session/8d95cead83622a4940e097fc0d2faf99/element/f.B571230365E4BE60491EA8389A855F53.d.F3CD01A76452246FC23C37DAC2A2AD64.e.5359/click - {}
RESULT: undefined
COMMAND: POST /session/8d95cead83622a4940e097fc0d2faf99/element - {"using":"xpath","value":"//*[@id=\"__tile127\"]"}
RESULT: {"using":"xpath","value":"//*[@id=\"__tile127\"]"}
COMMAND: POST /session/8d95cead83622a4940e097fc0d2faf99/element/f.B571230365E4BE60491EA8389A855F53.d.F3CD01A76452246FC23C37DAC2A2AD64.e.5359/click - {}
RESULT: undefined
COMMAND: POST /session/8d95cead83622a4940e097fc0d2faf99/execute/async - {"script":"<script> [6424 bytes]","args":[{"element-6066-11e4-a52e-4f735466cecf":"f.B571230365E4BE60491EA8389A855F53.d.F3CD01A76452246FC23C37DAC2A2AD64.e.294"},"getTitle",[]]}
COMMAND: POST /session/8d95cead83622a4940e097fc0d2faf99/execute/async - {"script":"<script> [1562 bytes]","args":[{"selector":{"id":"shellAppTitle"},"wdio_ui5_key":"shellAppTitle"}]}
RESULT: {"script":"<script> [1562 bytes]","args":[{"selector":{"id":"shellAppTitle"},"wdio_ui5_key":"shellAppTitle"}]}
COMMAND: POST /session/8d95cead83622a4940e097fc0d2faf99/execute/async - {"script":"<script> [6424 bytes]","args":[{"element-6066-11e4-a52e-4f735466cecf":"f.B571230365E4BE60491EA8389A855F53.d.F3CD01A76452246FC23C37DAC2A2AD64.e.5404"},"getTitle",[]]}
RESULT: {"script":"<script> [6424 bytes]","args":[{"element-6066-11e4-a52e-4f735466cecf":"f.B571230365E4BE60491EA8389A855F53.d.F3CD01A76452246FC23C37DAC2A2AD64.e.5404"},"getTitle",[]]}
RESULT: undefined
COMMAND: POST /session/8d95cead83622a4940e097fc0d2faf99/element/f.B571230365E4BE60491EA8389A855F53.d.F3CD01A76452246FC23C37DAC2A2AD64.e.5356/click - {}
COMMAND: POST /session/8d95cead83622a4940e097fc0d2faf99/element/f.B571230365E4BE60491EA8389A855F53.d.F3CD01A76452246FC23C37DAC2A2AD64.e.5356/click - {}
RESULT: {}
COMMAND: GET /session/8d95cead83622a4940e097fc0d2faf99/screenshot - {}
COMMAND: POST /session/8d95cead83622a4940e097fc0d2faf99/element - {"using":"xpath","value":"//*[@id=\"backBtn\"]"}
RESULT: {}
RESULT: {"using":"xpath","value":"//*[@id=\"backBtn\"]"}
COMMAND: POST /session/8d95cead83622a4940e097fc0d2faf99/elements - {"using":"xpath","value":"//*[@id=\"backBtn\"]"}
RESULT: {"using":"xpath","value":"//*[@id=\"backBtn\"]"}
COMMAND: POST /session/8d95cead83622a4940e097fc0d2faf99/elements - {"using":"xpath","value":"//*[@id=\"backBtn\"]"}
RESULT: {"using":"xpath","value":"//*[@id=\"backBtn\"]"}
COMMAND: POST /session/8d95cead83622a4940e097fc0d2faf99/elements - {"using":"xpath","value":"//*[@id=\"backBtn\"]"}
RESULT: {"using":"xpath","value":"//*[@id=\"backBtn\"]"}
COMMAND: POST /session/8d95cead83622a4940e097fc0d2faf99/elements - {"using":"xpath","value":"//*[@id=\"backBtn\"]"}
RESULT: {"using":"xpath","value":"//*[@id=\"backBtn\"]"}
COMMAND: POST /session/8d95cead83622a4940e097fc0d2faf99/elements - {"using":"xpath","value":"//*[@id=\"backBtn\"]"}
RESULT: {"using":"xpath","value":"//*[@id=\"backBtn\"]"}
COMMAND: POST /session/8d95cead83622a4940e097fc0d2faf99/elements - {"using":"xpath","value":"//*[@id=\"backBtn\"]"}
RESULT: {"using":"xpath","value":"//*[@id=\"backBtn\"]"}
COMMAND: POST /session/8d95cead83622a4940e097fc0d2faf99/elements - {"using":"xpath","value":"//*[@id=\"backBtn\"]"}
RESULT: {"using":"xpath","value":"//*[@id=\"backBtn\"]"}
COMMAND: POST /session/8d95cead83622a4940e097fc0d2faf99/elements - {"using":"xpath","value":"//*[@id=\"backBtn\"]"}
RESULT: {"using":"xpath","value":"//*[@id=\"backBtn\"]"}
COMMAND: POST /session/8d95cead83622a4940e097fc0d2faf99/elements - {"using":"xpath","value":"//*[@id=\"backBtn\"]"}
RESULT: {"using":"xpath","value":"//*[@id=\"backBtn\"]"}
COMMAND: POST /session/8d95cead83622a4940e097fc0d2faf99/elements - {"using":"xpath","value":"//*[@id=\"backBtn\"]"}
RESULT: {"using":"xpath","value":"//*[@id=\"backBtn\"]"}
COMMAND: POST /session/8d95cead83622a4940e097fc0d2faf99/elements - {"using":"xpath","value":"//*[@id=\"backBtn\"]"}
RESULT: {"using":"xpath","value":"//*[@id=\"backBtn\"]"}
COMMAND: POST /session/8d95cead83622a4940e097fc0d2faf99/elements - {"using":"xpath","value":"//*[@id=\"backBtn\"]"}
RESULT: {"using":"xpath","value":"//*[@id=\"backBtn\"]"}
COMMAND: POST /session/8d95cead83622a4940e097fc0d2faf99/elements - {"using":"xpath","value":"//*[@id=\"backBtn\"]"}
RESULT: {"using":"xpath","value":"//*[@id=\"backBtn\"]"}
COMMAND: POST /session/8d95cead83622a4940e097fc0d2faf99/elements - {"using":"xpath","value":"//*[@id=\"backBtn\"]"}
RESULT: {"using":"xpath","value":"//*[@id=\"backBtn\"]"}
COMMAND: POST /session/8d95cead83622a4940e097fc0d2faf99/elements - {"using":"xpath","value":"//*[@id=\"backBtn\"]"}
RESULT: {"using":"xpath","value":"//*[@id=\"backBtn\"]"}
COMMAND: POST /session/8d95cead83622a4940e097fc0d2faf99/elements - {"using":"xpath","value":"//*[@id=\"backBtn\"]"}
RESULT: {"using":"xpath","value":"//*[@id=\"backBtn\"]"}
COMMAND: POST /session/8d95cead83622a4940e097fc0d2faf99/elements - {"using":"xpath","value":"//*[@id=\"backBtn\"]"}
RESULT: {"using":"xpath","value":"//*[@id=\"backBtn\"]"}
COMMAND: POST /session/8d95cead83622a4940e097fc0d2faf99/elements - {"using":"xpath","value":"//*[@id=\"backBtn\"]"}
]]></system-out>
    </testcase>
    <testcase classname="chrome.135_0_7049_42.windows.Sanity_Tests_US104253" name="Should open Jobs Setup page" time="26.077">
      <system-out><![CDATA[
COMMAND: POST /session/8d95cead83622a4940e097fc0d2faf99/execute/async - {"script":"<script> [1562 bytes]","args":[{"selector":{"controlType":"sap.m.GenericTile","properties":{"header":"Jobs Setup"}},"wdio_ui5_key":"sapm.GenericTile{\"header\":\"Jobs Setup\"}"}]}
RESULT: {"using":"xpath","value":"//*[@id=\"backBtn\"]"}
COMMAND: POST /session/8d95cead83622a4940e097fc0d2faf99/elements - {"using":"xpath","value":"//*[@id=\"backBtn\"]"}
RESULT: {"script":"<script> [1562 bytes]","args":[{"selector":{"controlType":"sap.m.GenericTile","properties":{"header":"Jobs Setup"}},"wdio_ui5_key":"sapm.GenericTile{\"header\":\"Jobs Setup\"}"}]}
RESULT: undefined
COMMAND: POST /session/8d95cead83622a4940e097fc0d2faf99/element - {"using":"xpath","value":"//*[@id=\"__tile128\"]"}
RESULT: {"using":"xpath","value":"//*[@id=\"backBtn\"]"}
RESULT: {"using":"xpath","value":"//*[@id=\"__tile128\"]"}
COMMAND: POST /session/8d95cead83622a4940e097fc0d2faf99/element/f.B571230365E4BE60491EA8389A855F53.d.F3CD01A76452246FC23C37DAC2A2AD64.e.5406/click - {}
RESULT: {}
COMMAND: GET /session/8d95cead83622a4940e097fc0d2faf99/screenshot - {}
COMMAND: POST /session/8d95cead83622a4940e097fc0d2faf99/elements - {"using":"xpath","value":"//*[@id=\"backBtn\"]"}
RESULT: {}
RESULT: {"using":"xpath","value":"//*[@id=\"backBtn\"]"}
COMMAND: POST /session/8d95cead83622a4940e097fc0d2faf99/elements - {"using":"xpath","value":"//*[@id=\"backBtn\"]"}
RESULT: {"using":"xpath","value":"//*[@id=\"backBtn\"]"}
COMMAND: POST /session/8d95cead83622a4940e097fc0d2faf99/element - {"using":"xpath","value":"//*[@id=\"backBtn\"]"}
RESULT: {"using":"xpath","value":"//*[@id=\"backBtn\"]"}
COMMAND: POST /session/8d95cead83622a4940e097fc0d2faf99/element/f.B571230365E4BE60491EA8389A855F53.d.F3CD01A76452246FC23C37DAC2A2AD64.e.5356/click - {}
COMMAND: POST /session/8d95cead83622a4940e097fc0d2faf99/element - {"using":"xpath","value":"//*[@id=\"backBtn\"]"}
RESULT: {"using":"xpath","value":"//*[@id=\"backBtn\"]"}
COMMAND: POST /session/8d95cead83622a4940e097fc0d2faf99/element/f.B571230365E4BE60491EA8389A855F53.d.F3CD01A76452246FC23C37DAC2A2AD64.e.5464/click - {}
RESULT: {}
COMMAND: GET /session/8d95cead83622a4940e097fc0d2faf99/screenshot - {}
RESULT: {}
RESULT: undefined
COMMAND: POST /session/8d95cead83622a4940e097fc0d2faf99/element - {"using":"xpath","value":"//*[@id=\"__tile128\"]"}
RESULT: {"using":"xpath","value":"//*[@id=\"__tile128\"]"}
COMMAND: POST /session/8d95cead83622a4940e097fc0d2faf99/element/f.B571230365E4BE60491EA8389A855F53.d.F3CD01A76452246FC23C37DAC2A2AD64.e.5406/click - {}
RESULT: undefined
COMMAND: POST /session/8d95cead83622a4940e097fc0d2faf99/element - {"using":"xpath","value":"//*[@id=\"__tile128\"]"}
RESULT: {"using":"xpath","value":"//*[@id=\"__tile128\"]"}
COMMAND: POST /session/8d95cead83622a4940e097fc0d2faf99/element/f.B571230365E4BE60491EA8389A855F53.d.F3CD01A76452246FC23C37DAC2A2AD64.e.5406/click - {}
RESULT: undefined
COMMAND: POST /session/8d95cead83622a4940e097fc0d2faf99/execute/async - {"script":"<script> [6424 bytes]","args":[{"element-6066-11e4-a52e-4f735466cecf":"f.B571230365E4BE60491EA8389A855F53.d.F3CD01A76452246FC23C37DAC2A2AD64.e.294"},"getTitle",[]]}
COMMAND: POST /session/8d95cead83622a4940e097fc0d2faf99/execute/async - {"script":"<script> [1562 bytes]","args":[{"selector":{"id":"shellAppTitle"},"wdio_ui5_key":"shellAppTitle"}]}
RESULT: {"script":"<script> [1562 bytes]","args":[{"selector":{"id":"shellAppTitle"},"wdio_ui5_key":"shellAppTitle"}]}
COMMAND: POST /session/8d95cead83622a4940e097fc0d2faf99/execute/async - {"script":"<script> [6424 bytes]","args":[{"element-6066-11e4-a52e-4f735466cecf":"f.B571230365E4BE60491EA8389A855F53.d.F3CD01A76452246FC23C37DAC2A2AD64.e.5495"},"getTitle",[]]}
RESULT: {"script":"<script> [6424 bytes]","args":[{"element-6066-11e4-a52e-4f735466cecf":"f.B571230365E4BE60491EA8389A855F53.d.F3CD01A76452246FC23C37DAC2A2AD64.e.5495"},"getTitle",[]]}
RESULT: undefined
COMMAND: POST /session/8d95cead83622a4940e097fc0d2faf99/element/f.B571230365E4BE60491EA8389A855F53.d.F3CD01A76452246FC23C37DAC2A2AD64.e.5464/click - {}
COMMAND: POST /session/8d95cead83622a4940e097fc0d2faf99/element/f.B571230365E4BE60491EA8389A855F53.d.F3CD01A76452246FC23C37DAC2A2AD64.e.5464/click - {}
RESULT: {}
COMMAND: GET /session/8d95cead83622a4940e097fc0d2faf99/screenshot - {}
RESULT: {}
COMMAND: GET /session/8d95cead83622a4940e097fc0d2faf99/screenshot - {}
RESULT: {}
RESULT: {}
]]></system-out>
    </testcase>
    <testcase classname="chrome.135_0_7049_42.windows.Sanity_Tests_US104253" name="Should open Target Systems Configuration page" time="25.94">
      <system-out><![CDATA[
COMMAND: POST /session/8d95cead83622a4940e097fc0d2faf99/execute/async - {"script":"<script> [1562 bytes]","args":[{"selector":{"controlType":"sap.m.GenericTile","properties":{"header":"Target Systems Configuration"}},"wdio_ui5_key":"sapm.GenericTile{\"header\":\"Target Systems Configuration\"}"}]}
RESULT: {"script":"<script> [1562 bytes]","args":[{"selector":{"controlType":"sap.m.GenericTile","properties":{"header":"Target Systems Configuration"}},"wdio_ui5_key":"sapm.GenericTile{\"header\":\"Target Systems Configuration\"}"}]}
RESULT: undefined
COMMAND: POST /session/8d95cead83622a4940e097fc0d2faf99/element - {"using":"xpath","value":"//*[@id=\"__tile129\"]"}
RESULT: {"using":"xpath","value":"//*[@id=\"__tile129\"]"}
COMMAND: POST /session/8d95cead83622a4940e097fc0d2faf99/element/f.B571230365E4BE60491EA8389A855F53.d.F3CD01A76452246FC23C37DAC2A2AD64.e.5497/click - {}
RESULT: {}
COMMAND: GET /session/8d95cead83622a4940e097fc0d2faf99/screenshot - {}
RESULT: {}
RESULT: undefined
COMMAND: POST /session/8d95cead83622a4940e097fc0d2faf99/element - {"using":"xpath","value":"//*[@id=\"__tile129\"]"}
RESULT: {"using":"xpath","value":"//*[@id=\"__tile129\"]"}
COMMAND: POST /session/8d95cead83622a4940e097fc0d2faf99/element/f.B571230365E4BE60491EA8389A855F53.d.F3CD01A76452246FC23C37DAC2A2AD64.e.5497/click - {}
RESULT: undefined
COMMAND: POST /session/8d95cead83622a4940e097fc0d2faf99/element - {"using":"xpath","value":"//*[@id=\"__tile129\"]"}
RESULT: {"using":"xpath","value":"//*[@id=\"__tile129\"]"}
COMMAND: POST /session/8d95cead83622a4940e097fc0d2faf99/element/f.B571230365E4BE60491EA8389A855F53.d.F3CD01A76452246FC23C37DAC2A2AD64.e.5497/click - {}
RESULT: undefined
COMMAND: POST /session/8d95cead83622a4940e097fc0d2faf99/execute/async - {"script":"<script> [6424 bytes]","args":[{"element-6066-11e4-a52e-4f735466cecf":"f.B571230365E4BE60491EA8389A855F53.d.F3CD01A76452246FC23C37DAC2A2AD64.e.294"},"getTitle",[]]}
COMMAND: POST /session/8d95cead83622a4940e097fc0d2faf99/execute/async - {"script":"<script> [1562 bytes]","args":[{"selector":{"id":"shellAppTitle"},"wdio_ui5_key":"shellAppTitle"}]}
RESULT: {"script":"<script> [1562 bytes]","args":[{"selector":{"id":"shellAppTitle"},"wdio_ui5_key":"shellAppTitle"}]}
COMMAND: POST /session/8d95cead83622a4940e097fc0d2faf99/execute/async - {"script":"<script> [6424 bytes]","args":[{"element-6066-11e4-a52e-4f735466cecf":"f.B571230365E4BE60491EA8389A855F53.d.F3CD01A76452246FC23C37DAC2A2AD64.e.5550"},"getTitle",[]]}
RESULT: {"script":"<script> [6424 bytes]","args":[{"element-6066-11e4-a52e-4f735466cecf":"f.B571230365E4BE60491EA8389A855F53.d.F3CD01A76452246FC23C37DAC2A2AD64.e.5550"},"getTitle",[]]}
RESULT: undefined
COMMAND: POST /session/8d95cead83622a4940e097fc0d2faf99/element/f.B571230365E4BE60491EA8389A855F53.d.F3CD01A76452246FC23C37DAC2A2AD64.e.5464/click - {}
COMMAND: POST /session/8d95cead83622a4940e097fc0d2faf99/element/f.B571230365E4BE60491EA8389A855F53.d.F3CD01A76452246FC23C37DAC2A2AD64.e.5464/click - {}
RESULT: {}
COMMAND: GET /session/8d95cead83622a4940e097fc0d2faf99/screenshot - {}
COMMAND: POST /session/8d95cead83622a4940e097fc0d2faf99/element - {"using":"xpath","value":"//*[@id=\"backBtn\"]"}
RESULT: {}
RESULT: {"using":"xpath","value":"//*[@id=\"backBtn\"]"}
COMMAND: POST /session/8d95cead83622a4940e097fc0d2faf99/elements - {"using":"xpath","value":"//*[@id=\"backBtn\"]"}
RESULT: {"using":"xpath","value":"//*[@id=\"backBtn\"]"}
COMMAND: POST /session/8d95cead83622a4940e097fc0d2faf99/elements - {"using":"xpath","value":"//*[@id=\"backBtn\"]"}
RESULT: {"using":"xpath","value":"//*[@id=\"backBtn\"]"}
COMMAND: POST /session/8d95cead83622a4940e097fc0d2faf99/elements - {"using":"xpath","value":"//*[@id=\"backBtn\"]"}
RESULT: {"using":"xpath","value":"//*[@id=\"backBtn\"]"}
COMMAND: POST /session/8d95cead83622a4940e097fc0d2faf99/elements - {"using":"xpath","value":"//*[@id=\"backBtn\"]"}
RESULT: {"using":"xpath","value":"//*[@id=\"backBtn\"]"}
COMMAND: POST /session/8d95cead83622a4940e097fc0d2faf99/elements - {"using":"xpath","value":"//*[@id=\"backBtn\"]"}
RESULT: {"using":"xpath","value":"//*[@id=\"backBtn\"]"}
COMMAND: POST /session/8d95cead83622a4940e097fc0d2faf99/elements - {"using":"xpath","value":"//*[@id=\"backBtn\"]"}
RESULT: {"using":"xpath","value":"//*[@id=\"backBtn\"]"}
COMMAND: POST /session/8d95cead83622a4940e097fc0d2faf99/elements - {"using":"xpath","value":"//*[@id=\"backBtn\"]"}
RESULT: {"using":"xpath","value":"//*[@id=\"backBtn\"]"}
COMMAND: POST /session/8d95cead83622a4940e097fc0d2faf99/elements - {"using":"xpath","value":"//*[@id=\"backBtn\"]"}
RESULT: {"using":"xpath","value":"//*[@id=\"backBtn\"]"}
COMMAND: POST /session/8d95cead83622a4940e097fc0d2faf99/elements - {"using":"xpath","value":"//*[@id=\"backBtn\"]"}
RESULT: {"using":"xpath","value":"//*[@id=\"backBtn\"]"}
COMMAND: POST /session/8d95cead83622a4940e097fc0d2faf99/elements - {"using":"xpath","value":"//*[@id=\"backBtn\"]"}
RESULT: {"using":"xpath","value":"//*[@id=\"backBtn\"]"}
COMMAND: POST /session/8d95cead83622a4940e097fc0d2faf99/elements - {"using":"xpath","value":"//*[@id=\"backBtn\"]"}
RESULT: {"using":"xpath","value":"//*[@id=\"backBtn\"]"}
COMMAND: POST /session/8d95cead83622a4940e097fc0d2faf99/elements - {"using":"xpath","value":"//*[@id=\"backBtn\"]"}
RESULT: {"using":"xpath","value":"//*[@id=\"backBtn\"]"}
COMMAND: POST /session/8d95cead83622a4940e097fc0d2faf99/elements - {"using":"xpath","value":"//*[@id=\"backBtn\"]"}
RESULT: {"using":"xpath","value":"//*[@id=\"backBtn\"]"}
COMMAND: POST /session/8d95cead83622a4940e097fc0d2faf99/elements - {"using":"xpath","value":"//*[@id=\"backBtn\"]"}
RESULT: {"using":"xpath","value":"//*[@id=\"backBtn\"]"}
COMMAND: POST /session/8d95cead83622a4940e097fc0d2faf99/elements - {"using":"xpath","value":"//*[@id=\"backBtn\"]"}
RESULT: {"using":"xpath","value":"//*[@id=\"backBtn\"]"}
COMMAND: POST /session/8d95cead83622a4940e097fc0d2faf99/elements - {"using":"xpath","value":"//*[@id=\"backBtn\"]"}
RESULT: {"using":"xpath","value":"//*[@id=\"backBtn\"]"}
COMMAND: POST /session/8d95cead83622a4940e097fc0d2faf99/elements - {"using":"xpath","value":"//*[@id=\"backBtn\"]"}
RESULT: {"using":"xpath","value":"//*[@id=\"backBtn\"]"}
COMMAND: POST /session/8d95cead83622a4940e097fc0d2faf99/elements - {"using":"xpath","value":"//*[@id=\"backBtn\"]"}
RESULT: {"using":"xpath","value":"//*[@id=\"backBtn\"]"}
COMMAND: POST /session/8d95cead83622a4940e097fc0d2faf99/elements - {"using":"xpath","value":"//*[@id=\"backBtn\"]"}
RESULT: {"using":"xpath","value":"//*[@id=\"backBtn\"]"}
COMMAND: POST /session/8d95cead83622a4940e097fc0d2faf99/elements - {"using":"xpath","value":"//*[@id=\"backBtn\"]"}
RESULT: {"using":"xpath","value":"//*[@id=\"backBtn\"]"}
COMMAND: POST /session/8d95cead83622a4940e097fc0d2faf99/elements - {"using":"xpath","value":"//*[@id=\"backBtn\"]"}
RESULT: {"using":"xpath","value":"//*[@id=\"backBtn\"]"}
COMMAND: POST /session/8d95cead83622a4940e097fc0d2faf99/elements - {"using":"xpath","value":"//*[@id=\"backBtn\"]"}
RESULT: {"using":"xpath","value":"//*[@id=\"backBtn\"]"}
COMMAND: POST /session/8d95cead83622a4940e097fc0d2faf99/elements - {"using":"xpath","value":"//*[@id=\"backBtn\"]"}
RESULT: {"using":"xpath","value":"//*[@id=\"backBtn\"]"}
COMMAND: POST /session/8d95cead83622a4940e097fc0d2faf99/elements - {"using":"xpath","value":"//*[@id=\"backBtn\"]"}
RESULT: {"using":"xpath","value":"//*[@id=\"backBtn\"]"}
COMMAND: POST /session/8d95cead83622a4940e097fc0d2faf99/elements - {"using":"xpath","value":"//*[@id=\"backBtn\"]"}
RESULT: {"using":"xpath","value":"//*[@id=\"backBtn\"]"}
COMMAND: POST /session/8d95cead83622a4940e097fc0d2faf99/elements - {"using":"xpath","value":"//*[@id=\"backBtn\"]"}
RESULT: {"using":"xpath","value":"//*[@id=\"backBtn\"]"}
COMMAND: POST /session/8d95cead83622a4940e097fc0d2faf99/elements - {"using":"xpath","value":"//*[@id=\"backBtn\"]"}
RESULT: {"using":"xpath","value":"//*[@id=\"backBtn\"]"}
COMMAND: POST /session/8d95cead83622a4940e097fc0d2faf99/elements - {"using":"xpath","value":"//*[@id=\"backBtn\"]"}
RESULT: {"using":"xpath","value":"//*[@id=\"backBtn\"]"}
COMMAND: POST /session/8d95cead83622a4940e097fc0d2faf99/elements - {"using":"xpath","value":"//*[@id=\"backBtn\"]"}
RESULT: {"using":"xpath","value":"//*[@id=\"backBtn\"]"}
COMMAND: POST /session/8d95cead83622a4940e097fc0d2faf99/elements - {"using":"xpath","value":"//*[@id=\"backBtn\"]"}
RESULT: {"using":"xpath","value":"//*[@id=\"backBtn\"]"}
COMMAND: POST /session/8d95cead83622a4940e097fc0d2faf99/elements - {"using":"xpath","value":"//*[@id=\"backBtn\"]"}
RESULT: {"using":"xpath","value":"//*[@id=\"backBtn\"]"}
COMMAND: POST /session/8d95cead83622a4940e097fc0d2faf99/elements - {"using":"xpath","value":"//*[@id=\"backBtn\"]"}
RESULT: {"using":"xpath","value":"//*[@id=\"backBtn\"]"}
COMMAND: POST /session/8d95cead83622a4940e097fc0d2faf99/elements - {"using":"xpath","value":"//*[@id=\"backBtn\"]"}
RESULT: {"using":"xpath","value":"//*[@id=\"backBtn\"]"}
COMMAND: POST /session/8d95cead83622a4940e097fc0d2faf99/elements - {"using":"xpath","value":"//*[@id=\"backBtn\"]"}
RESULT: {"using":"xpath","value":"//*[@id=\"backBtn\"]"}
COMMAND: POST /session/8d95cead83622a4940e097fc0d2faf99/elements - {"using":"xpath","value":"//*[@id=\"backBtn\"]"}
RESULT: {"using":"xpath","value":"//*[@id=\"backBtn\"]"}
COMMAND: POST /session/8d95cead83622a4940e097fc0d2faf99/elements - {"using":"xpath","value":"//*[@id=\"backBtn\"]"}
RESULT: {"using":"xpath","value":"//*[@id=\"backBtn\"]"}
COMMAND: POST /session/8d95cead83622a4940e097fc0d2faf99/elements - {"using":"xpath","value":"//*[@id=\"backBtn\"]"}
RESULT: {"using":"xpath","value":"//*[@id=\"backBtn\"]"}
COMMAND: POST /session/8d95cead83622a4940e097fc0d2faf99/elements - {"using":"xpath","value":"//*[@id=\"backBtn\"]"}
RESULT: {"using":"xpath","value":"//*[@id=\"backBtn\"]"}
COMMAND: POST /session/8d95cead83622a4940e097fc0d2faf99/elements - {"using":"xpath","value":"//*[@id=\"backBtn\"]"}
RESULT: {"using":"xpath","value":"//*[@id=\"backBtn\"]"}
COMMAND: DELETE /session/8d95cead83622a4940e097fc0d2faf99 - {}
COMMAND: POST /session/8d95cead83622a4940e097fc0d2faf99/elements - {"using":"xpath","value":"//*[@id=\"backBtn\"]"}
RESULT: {}
]]></system-out>
    </testcase>
  </testsuite>
</testsuites>