<?xml version="1.0" encoding="UTF-8"?>
<testsuites tests="23" failures="23" errors="23" skipped="0">
  <testsuite timestamp="2025-05-09T17:50:16" time="483.538" tests="6" failures="6" errors="6" skipped="0">
    <properties>
      <property name="specId" value="0" />
      <property name="suiteName" value="Standard contract - add contract items by Insert Request US118222" />
      <property name="capabilities" value="chrome.136_0_7103_49.windows" />
      <property name="file" value="file:///D:/a/1/s/test/specs/R2C/standard-contract-add-contract-items-by-insert-request.spec.js" />
    </properties>
  </testsuite>
  <testsuite timestamp="2025-05-09T17:58:20" time="64.122" tests="1" failures="1" errors="1" skipped="0">
    <properties>
      <property name="specId" value="0" />
      <property name="suiteName" value="Manage contracts - revert request US152962" />
      <property name="capabilities" value="chrome.136_0_7103_49.windows" />
      <property name="file" value="file:///D:/a/1/s/test/specs/R2C/manage-contracts-revert-request.spec.js" />
    </properties>
  </testsuite>
  <testsuite timestamp="2025-05-09T17:59:24" time="202.708" tests="4" failures="4" errors="4" skipped="0">
    <properties>
      <property name="specId" value="0" />
      <property name="suiteName" value="Standard contract close-reopen US111278" />
      <property name="capabilities" value="chrome.136_0_7103_49.windows" />
      <property name="file" value="file:///D:/a/1/s/test/specs/R2C/standard-contract-close-reopen.spec.js" />
    </properties>
  </testsuite>
  <testsuite timestamp="2025-05-09T18:02:47" time="75.954" tests="1" failures="1" errors="1" skipped="0">
    <properties>
      <property name="specId" value="0" />
      <property name="suiteName" value="Standard contract decline US151279" />
      <property name="capabilities" value="chrome.136_0_7103_49.windows" />
      <property name="file" value="file:///D:/a/1/s/test/specs/R2C/standard-contract-decline.spec.js" />
    </properties>
  </testsuite>
  <testsuite timestamp="2025-05-09T18:04:03" time="131.163" tests="2" failures="2" errors="2" skipped="0">
    <properties>
      <property name="specId" value="0" />
      <property name="suiteName" value="Insert service into a contract US152956" />
      <property name="capabilities" value="chrome.136_0_7103_49.windows" />
      <property name="file" value="file:///D:/a/1/s/test/specs/R2C/insert-service-into-a-contract.spec.js" />
    </properties>
  </testsuite>
  <testsuite timestamp="2025-05-09T18:06:14" time="139.195" tests="2" failures="2" errors="2" skipped="0">
    <properties>
      <property name="specId" value="0" />
      <property name="suiteName" value="Reduced contract US151275" />
      <property name="capabilities" value="chrome.136_0_7103_49.windows" />
      <property name="file" value="file:///D:/a/1/s/test/specs/R2C/reduced-contract-creation.spec.js" />
    </properties>
  </testsuite>
  <testsuite timestamp="2025-05-09T18:08:33" time="610.812" tests="7" failures="7" errors="7" skipped="0">
    <properties>
      <property name="specId" value="0" />
      <property name="suiteName" value="E2E - Logistical and commercial statuses" />
      <property name="capabilities" value="chrome.136_0_7103_49.windows" />
      <property name="file" value="file:///D:/a/1/s/test/specs/R2C/E2E-Logistical-and-commercial-status.spec.js" />
    </properties>
  </testsuite>
</testsuites>