<?xml version="1.0" encoding="UTF-8"?>
<testsuites tests="21" failures="1" errors="1" skipped="0">
  <testsuite timestamp="2025-05-25T16:57:53" time="420.494" tests="3" failures="0" errors="0" skipped="0">
    <properties>
      <property name="specId" value="0"/>
      <property name="suiteName" value="Create condition pricing US117289 US134625"/>
      <property name="capabilities" value="chrome.136_0_7103_93.windows"/>
      <property name="file" value="file:///D:/a/1/s/test/specs/BTS/create-condition-pricing.spec.js"/>
    </properties>
    <testcase classname="chrome.136_0_7103_93.windows.Create_condition_pricing_US117289_US134625" name="Should create a new yard used for all following tests" time="134.665">
      <system-out><![CDATA[
COMMAND: POST /session/21b1c319d9497a1534c1e8f10b3c3c22/window/fullscreen - {}
RESULT: {}
COMMAND: POST /session/21b1c319d9497a1534c1e8f10b3c3c22/execute/async - {"script":"<script> [1562 bytes]","args":[{"selector":{"controlType":"sap.m.GenericTile","properties":{"header":"Manage Yards"}},"wdio_ui5_key":"sapm.GenericTile{\"header\":\"Manage Yards\"}"}]}
RESULT: {"script":"<script> [1562 bytes]","args":[{"selector":{"controlType":"sap.m.GenericTile","properties":{"header":"Manage Yards"}},"wdio_ui5_key":"sapm.GenericTile{\"header\":\"Manage Yards\"}"}]}
RESULT: undefined
COMMAND: POST /session/21b1c319d9497a1534c1e8f10b3c3c22/element - {"using":"xpath","value":"//*[@id=\"__tile41\"]"}
RESULT: {"using":"xpath","value":"//*[@id=\"__tile41\"]"}
COMMAND: POST /session/21b1c319d9497a1534c1e8f10b3c3c22/element/f.49EE1B407E8AACFD24485764E1748811.d.29505A228070A17E35FF1A373657A9A0.e.165/click - {}
RESULT: {}
COMMAND: GET /session/21b1c319d9497a1534c1e8f10b3c3c22/screenshot - {}
RESULT: {}
COMMAND: POST /session/21b1c319d9497a1534c1e8f10b3c3c22/elements - {"using":"xpath","value":"//span[text()='Error']"}
RESULT: {"using":"xpath","value":"//span[text()='Error']"}
COMMAND: POST /session/21b1c319d9497a1534c1e8f10b3c3c22/element - {"using":"xpath","value":"//button[@data-kt=\"addNewYardOverflowToolbarButton\"]"}
RESULT: {"using":"xpath","value":"//button[@data-kt=\"addNewYardOverflowToolbarButton\"]"}
COMMAND: POST /session/21b1c319d9497a1534c1e8f10b3c3c22/elements - {"using":"xpath","value":"//button[@data-kt=\"addNewYardOverflowToolbarButton\"]"}
RESULT: {"using":"xpath","value":"//button[@data-kt=\"addNewYardOverflowToolbarButton\"]"}
COMMAND: POST /session/21b1c319d9497a1534c1e8f10b3c3c22/elements - {"using":"xpath","value":"//button[@data-kt=\"addNewYardOverflowToolbarButton\"]"}
RESULT: {"using":"xpath","value":"//button[@data-kt=\"addNewYardOverflowToolbarButton\"]"}
COMMAND: POST /session/21b1c319d9497a1534c1e8f10b3c3c22/elements - {"using":"xpath","value":"//button[@data-kt=\"addNewYardOverflowToolbarButton\"]"}
RESULT: {"using":"xpath","value":"//button[@data-kt=\"addNewYardOverflowToolbarButton\"]"}
COMMAND: POST /session/21b1c319d9497a1534c1e8f10b3c3c22/elements - {"using":"xpath","value":"//button[@data-kt=\"addNewYardOverflowToolbarButton\"]"}
RESULT: {"using":"xpath","value":"//button[@data-kt=\"addNewYardOverflowToolbarButton\"]"}
COMMAND: POST /session/21b1c319d9497a1534c1e8f10b3c3c22/elements - {"using":"xpath","value":"//button[@data-kt=\"addNewYardOverflowToolbarButton\"]"}
RESULT: {"using":"xpath","value":"//button[@data-kt=\"addNewYardOverflowToolbarButton\"]"}
COMMAND: POST /session/21b1c319d9497a1534c1e8f10b3c3c22/elements - {"using":"xpath","value":"//button[@data-kt=\"addNewYardOverflowToolbarButton\"]"}
RESULT: {"using":"xpath","value":"//button[@data-kt=\"addNewYardOverflowToolbarButton\"]"}
COMMAND: POST /session/21b1c319d9497a1534c1e8f10b3c3c22/elements - {"using":"xpath","value":"//button[@data-kt=\"addNewYardOverflowToolbarButton\"]"}
RESULT: {"using":"xpath","value":"//button[@data-kt=\"addNewYardOverflowToolbarButton\"]"}
COMMAND: POST /session/21b1c319d9497a1534c1e8f10b3c3c22/elements - {"using":"xpath","value":"//button[@data-kt=\"addNewYardOverflowToolbarButton\"]"}
RESULT: {"using":"xpath","value":"//button[@data-kt=\"addNewYardOverflowToolbarButton\"]"}
COMMAND: POST /session/21b1c319d9497a1534c1e8f10b3c3c22/elements - {"using":"xpath","value":"//button[@data-kt=\"addNewYardOverflowToolbarButton\"]"}
RESULT: {"using":"xpath","value":"//button[@data-kt=\"addNewYardOverflowToolbarButton\"]"}
COMMAND: POST /session/21b1c319d9497a1534c1e8f10b3c3c22/elements - {"using":"xpath","value":"//button[@data-kt=\"addNewYardOverflowToolbarButton\"]"}
RESULT: {"using":"xpath","value":"//button[@data-kt=\"addNewYardOverflowToolbarButton\"]"}
COMMAND: POST /session/21b1c319d9497a1534c1e8f10b3c3c22/elements - {"using":"xpath","value":"//button[@data-kt=\"addNewYardOverflowToolbarButton\"]"}
RESULT: {"using":"xpath","value":"//button[@data-kt=\"addNewYardOverflowToolbarButton\"]"}
COMMAND: POST /session/21b1c319d9497a1534c1e8f10b3c3c22/elements - {"using":"xpath","value":"//button[@data-kt=\"addNewYardOverflowToolbarButton\"]"}
RESULT: {"using":"xpath","value":"//button[@data-kt=\"addNewYardOverflowToolbarButton\"]"}
COMMAND: POST /session/21b1c319d9497a1534c1e8f10b3c3c22/elements - {"using":"xpath","value":"//button[@data-kt=\"addNewYardOverflowToolbarButton\"]"}
RESULT: {"using":"xpath","value":"//button[@data-kt=\"addNewYardOverflowToolbarButton\"]"}
COMMAND: POST /session/21b1c319d9497a1534c1e8f10b3c3c22/elements - {"using":"xpath","value":"//button[@data-kt=\"addNewYardOverflowToolbarButton\"]"}
RESULT: {"using":"xpath","value":"//button[@data-kt=\"addNewYardOverflowToolbarButton\"]"}
COMMAND: POST /session/21b1c319d9497a1534c1e8f10b3c3c22/elements - {"using":"xpath","value":"//button[@data-kt=\"addNewYardOverflowToolbarButton\"]"}
RESULT: {"using":"xpath","value":"//button[@data-kt=\"addNewYardOverflowToolbarButton\"]"}
COMMAND: POST /session/21b1c319d9497a1534c1e8f10b3c3c22/elements - {"using":"xpath","value":"//button[@data-kt=\"addNewYardOverflowToolbarButton\"]"}
RESULT: {"using":"xpath","value":"//button[@data-kt=\"addNewYardOverflowToolbarButton\"]"}
COMMAND: POST /session/21b1c319d9497a1534c1e8f10b3c3c22/elements - {"using":"xpath","value":"//button[@data-kt=\"addNewYardOverflowToolbarButton\"]"}
RESULT: {"using":"xpath","value":"//button[@data-kt=\"addNewYardOverflowToolbarButton\"]"}
COMMAND: POST /session/21b1c319d9497a1534c1e8f10b3c3c22/elements - {"using":"xpath","value":"//button[@data-kt=\"addNewYardOverflowToolbarButton\"]"}
RESULT: {"using":"xpath","value":"//button[@data-kt=\"addNewYardOverflowToolbarButton\"]"}
COMMAND: POST /session/21b1c319d9497a1534c1e8f10b3c3c22/elements - {"using":"xpath","value":"//button[@data-kt=\"addNewYardOverflowToolbarButton\"]"}
RESULT: {"using":"xpath","value":"//button[@data-kt=\"addNewYardOverflowToolbarButton\"]"}
COMMAND: POST /session/21b1c319d9497a1534c1e8f10b3c3c22/elements - {"using":"xpath","value":"//button[@data-kt=\"addNewYardOverflowToolbarButton\"]"}
RESULT: {"using":"xpath","value":"//button[@data-kt=\"addNewYardOverflowToolbarButton\"]"}
COMMAND: POST /session/21b1c319d9497a1534c1e8f10b3c3c22/elements - {"using":"xpath","value":"//button[@data-kt=\"addNewYardOverflowToolbarButton\"]"}
RESULT: {"using":"xpath","value":"//button[@data-kt=\"addNewYardOverflowToolbarButton\"]"}
COMMAND: POST /session/21b1c319d9497a1534c1e8f10b3c3c22/elements - {"using":"xpath","value":"//button[@data-kt=\"addNewYardOverflowToolbarButton\"]"}
RESULT: {"using":"xpath","value":"//button[@data-kt=\"addNewYardOverflowToolbarButton\"]"}
COMMAND: POST /session/21b1c319d9497a1534c1e8f10b3c3c22/elements - {"using":"xpath","value":"//button[@data-kt=\"addNewYardOverflowToolbarButton\"]"}
RESULT: {"using":"xpath","value":"//button[@data-kt=\"addNewYardOverflowToolbarButton\"]"}
COMMAND: POST /session/21b1c319d9497a1534c1e8f10b3c3c22/elements - {"using":"xpath","value":"//button[@data-kt=\"addNewYardOverflowToolbarButton\"]"}
RESULT: {"using":"xpath","value":"//button[@data-kt=\"addNewYardOverflowToolbarButton\"]"}
COMMAND: POST /session/21b1c319d9497a1534c1e8f10b3c3c22/elements - {"using":"xpath","value":"//button[@data-kt=\"addNewYardOverflowToolbarButton\"]"}
RESULT: {"using":"xpath","value":"//button[@data-kt=\"addNewYardOverflowToolbarButton\"]"}
COMMAND: POST /session/21b1c319d9497a1534c1e8f10b3c3c22/elements - {"using":"xpath","value":"//button[@data-kt=\"addNewYardOverflowToolbarButton\"]"}
RESULT: {"using":"xpath","value":"//button[@data-kt=\"addNewYardOverflowToolbarButton\"]"}
COMMAND: POST /session/21b1c319d9497a1534c1e8f10b3c3c22/element - {"using":"xpath","value":"//button[@data-kt=\"addNewYardOverflowToolbarButton\"]"}
RESULT: {"using":"xpath","value":"//button[@data-kt=\"addNewYardOverflowToolbarButton\"]"}
COMMAND: POST /session/21b1c319d9497a1534c1e8f10b3c3c22/execute/sync - {"script":"<script> [8489 bytes]","args":[{"element-6066-11e4-a52e-4f735466cecf":"f.49EE1B407E8AACFD24485764E1748811.d.29505A228070A17E35FF1A373657A9A0.e.298","ELEMENT":"f.49EE1B407E8AACFD24485764E1748811.d.29505A228070A17E35FF1A373657A9A0.e.298"}]}
RESULT: {"script":"<script> [8489 bytes]","args":[{"element-6066-11e4-a52e-4f735466cecf":"f.49EE1B407E8AACFD24485764E1748811.d.29505A228070A17E35FF1A373657A9A0.e.298","ELEMENT":"f.49EE1B407E8AACFD24485764E1748811.d.29505A228070A17E35FF1A373657A9A0.e.298"}]}
COMMAND: GET /session/21b1c319d9497a1534c1e8f10b3c3c22/element/f.49EE1B407E8AACFD24485764E1748811.d.29505A228070A17E35FF1A373657A9A0.e.298/enabled - {}
COMMAND: GET /session/21b1c319d9497a1534c1e8f10b3c3c22/screenshot - {}
RESULT: {}
COMMAND: POST /session/21b1c319d9497a1534c1e8f10b3c3c22/execute/sync - {"script":"<script> [8489 bytes]","args":[{"element-6066-11e4-a52e-4f735466cecf":"f.49EE1B407E8AACFD24485764E1748811.d.29505A228070A17E35FF1A373657A9A0.e.298","ELEMENT":"f.49EE1B407E8AACFD24485764E1748811.d.29505A228070A17E35FF1A373657A9A0.e.298"}]}
COMMAND: GET /session/21b1c319d9497a1534c1e8f10b3c3c22/screenshot - {}
RESULT: {}
RESULT: {"script":"<script> [8489 bytes]","args":[{"element-6066-11e4-a52e-4f735466cecf":"f.49EE1B407E8AACFD24485764E1748811.d.29505A228070A17E35FF1A373657A9A0.e.298","ELEMENT":"f.49EE1B407E8AACFD24485764E1748811.d.29505A228070A17E35FF1A373657A9A0.e.298"}]}
COMMAND: POST /session/21b1c319d9497a1534c1e8f10b3c3c22/execute/sync - {"script":"<script> [5351 bytes]","args":[{"element-6066-11e4-a52e-4f735466cecf":"f.49EE1B407E8AACFD24485764E1748811.d.29505A228070A17E35FF1A373657A9A0.e.298","ELEMENT":"f.49EE1B407E8AACFD24485764E1748811.d.29505A228070A17E35FF1A373657A9A0.e.298"}]}
COMMAND: GET /session/21b1c319d9497a1534c1e8f10b3c3c22/screenshot - {}
RESULT: {}
RESULT: {"script":"<script> [5351 bytes]","args":[{"element-6066-11e4-a52e-4f735466cecf":"f.49EE1B407E8AACFD24485764E1748811.d.29505A228070A17E35FF1A373657A9A0.e.298","ELEMENT":"f.49EE1B407E8AACFD24485764E1748811.d.29505A228070A17E35FF1A373657A9A0.e.298"}]}
COMMAND: POST /session/21b1c319d9497a1534c1e8f10b3c3c22/element/f.49EE1B407E8AACFD24485764E1748811.d.29505A228070A17E35FF1A373657A9A0.e.298/click - {}
COMMAND: GET /session/21b1c319d9497a1534c1e8f10b3c3c22/screenshot - {}
RESULT: {}
RESULT: {}
COMMAND: GET /session/21b1c319d9497a1534c1e8f10b3c3c22/screenshot - {}
RESULT: {}
RESULT: {}
COMMAND: POST /session/21b1c319d9497a1534c1e8f10b3c3c22/element - {"using":"xpath","value":"//input[@id=\"application-manageyards-display-component---NewYard--yardId-inner\"]"}
RESULT: {"using":"xpath","value":"//input[@id=\"application-manageyards-display-component---NewYard--yardId-inner\"]"}
COMMAND: POST /session/21b1c319d9497a1534c1e8f10b3c3c22/element - {"using":"xpath","value":"//input[@id=\"application-manageyards-display-component---NewYard--yardId-inner\"]"}
RESULT: {"using":"xpath","value":"//input[@id=\"application-manageyards-display-component---NewYard--yardId-inner\"]"}
COMMAND: POST /session/21b1c319d9497a1534c1e8f10b3c3c22/execute/async - {"script":"<script> [1562 bytes]","args":[{"selector":{"id":"application-manageyards-display-component---NewYard--addressDetailDetailsName1","interaction":{"idSuffix":"inner"}},"wdio_ui5_key":"applicationmanageyards-display-component---NewYard--addressDetailDetailsName1"}]}
RESULT: {"script":"<script> [1562 bytes]","args":[{"selector":{"id":"application-manageyards-display-component---NewYard--addressDetailDetailsName1","interaction":{"idSuffix":"inner"}},"wdio_ui5_key":"applicationmanageyards-display-component---NewYard--addressDetailDetailsName1"}]}
RESULT: undefined
COMMAND: POST /session/21b1c319d9497a1534c1e8f10b3c3c22/execute/async - {"script":"<script> [776 bytes]","args":[{"enterText":"DailyPrice WDIO","selector":{"id":"application-manageyards-display-component---NewYard--addressDetailDetailsName1","interaction":{"idSuffix":"inner"}},"clearTextFirst":true,"interactionType":"ENTER_TEXT"}]}
RESULT: {"script":"<script> [776 bytes]","args":[{"enterText":"DailyPrice WDIO","selector":{"id":"application-manageyards-display-component---NewYard--addressDetailDetailsName1","interaction":{"idSuffix":"inner"}},"clearTextFirst":true,"interactionType":"ENTER_TEXT"}]}
COMMAND: POST /session/21b1c319d9497a1534c1e8f10b3c3c22/execute/async - {"script":"<script> [1562 bytes]","args":[{"selector":{"id":"application-manageyards-display-component---NewYard--addressDetailDetailsLanguage-arrow"},"wdio_ui5_key":"applicationmanageyards-display-component---NewYard--addressDetailDetailsLanguage-arrow"}]}
RESULT: {"script":"<script> [1562 bytes]","args":[{"selector":{"id":"application-manageyards-display-component---NewYard--addressDetailDetailsLanguage-arrow"},"wdio_ui5_key":"applicationmanageyards-display-component---NewYard--addressDetailDetailsLanguage-arrow"}]}
RESULT: undefined
COMMAND: POST /session/21b1c319d9497a1534c1e8f10b3c3c22/element - {"using":"xpath","value":"//*[@id=\"application-manageyards-display-component---NewYard--addressDetailDetailsLanguage-arrow\"]"}
RESULT: {"using":"xpath","value":"//*[@id=\"application-manageyards-display-component---NewYard--addressDetailDetailsLanguage-arrow\"]"}
COMMAND: POST /session/21b1c319d9497a1534c1e8f10b3c3c22/element/f.49EE1B407E8AACFD24485764E1748811.d.29505A228070A17E35FF1A373657A9A0.e.730/click - {}
RESULT: {}
COMMAND: POST /session/21b1c319d9497a1534c1e8f10b3c3c22/element - {"using":"xpath","value":"//span[contains(text(), \"English\")]"}
COMMAND: GET /session/21b1c319d9497a1534c1e8f10b3c3c22/screenshot - {}
RESULT: {"using":"xpath","value":"//span[contains(text(), \"English\")]"}
COMMAND: POST /session/21b1c319d9497a1534c1e8f10b3c3c22/element/f.49EE1B407E8AACFD24485764E1748811.d.29505A228070A17E35FF1A373657A9A0.e.731/click - {}
RESULT: {}
RESULT: {}
COMMAND: POST /session/21b1c319d9497a1534c1e8f10b3c3c22/execute/async - {"script":"<script> [1562 bytes]","args":[{"selector":{"id":"application-manageyards-display-component---NewYard--addressDetailDetailsCity1","interaction":{"idSuffix":"inner"}},"wdio_ui5_key":"applicationmanageyards-display-component---NewYard--addressDetailDetailsCity1"}]}
COMMAND: GET /session/21b1c319d9497a1534c1e8f10b3c3c22/screenshot - {}
RESULT: {"script":"<script> [1562 bytes]","args":[{"selector":{"id":"application-manageyards-display-component---NewYard--addressDetailDetailsCity1","interaction":{"idSuffix":"inner"}},"wdio_ui5_key":"applicationmanageyards-display-component---NewYard--addressDetailDetailsCity1"}]}
RESULT: undefined
COMMAND: POST /session/21b1c319d9497a1534c1e8f10b3c3c22/execute/async - {"script":"<script> [776 bytes]","args":[{"enterText":"Rosario","selector":{"id":"application-manageyards-display-component---NewYard--addressDetailDetailsCity1","interaction":{"idSuffix":"inner"}},"clearTextFirst":true,"interactionType":"ENTER_TEXT"}]}
RESULT: {}
RESULT: {"script":"<script> [776 bytes]","args":[{"enterText":"Rosario","selector":{"id":"application-manageyards-display-component---NewYard--addressDetailDetailsCity1","interaction":{"idSuffix":"inner"}},"clearTextFirst":true,"interactionType":"ENTER_TEXT"}]}
COMMAND: POST /session/21b1c319d9497a1534c1e8f10b3c3c22/execute/async - {"script":"<script> [1562 bytes]","args":[{"selector":{"id":"application-manageyards-display-component---NewYard--addressDetailDetailsCountry-arrow"},"wdio_ui5_key":"applicationmanageyards-display-component---NewYard--addressDetailDetailsCountry-arrow"}]}
RESULT: {"script":"<script> [1562 bytes]","args":[{"selector":{"id":"application-manageyards-display-component---NewYard--addressDetailDetailsCountry-arrow"},"wdio_ui5_key":"applicationmanageyards-display-component---NewYard--addressDetailDetailsCountry-arrow"}]}
RESULT: undefined
COMMAND: POST /session/21b1c319d9497a1534c1e8f10b3c3c22/element - {"using":"xpath","value":"//*[@id=\"application-manageyards-display-component---NewYard--addressDetailDetailsCountry-arrow\"]"}
RESULT: {"using":"xpath","value":"//*[@id=\"application-manageyards-display-component---NewYard--addressDetailDetailsCountry-arrow\"]"}
COMMAND: POST /session/21b1c319d9497a1534c1e8f10b3c3c22/element/f.49EE1B407E8AACFD24485764E1748811.d.29505A228070A17E35FF1A373657A9A0.e.733/click - {}
RESULT: {}
COMMAND: POST /session/21b1c319d9497a1534c1e8f10b3c3c22/element - {"using":"xpath","value":"//span[contains(text(), \"Argentina\")]"}
COMMAND: GET /session/21b1c319d9497a1534c1e8f10b3c3c22/screenshot - {}
RESULT: {"using":"xpath","value":"//span[contains(text(), \"Argentina\")]"}
COMMAND: POST /session/21b1c319d9497a1534c1e8f10b3c3c22/element/f.49EE1B407E8AACFD24485764E1748811.d.29505A228070A17E35FF1A373657A9A0.e.735/click - {}
RESULT: {}
RESULT: {}
COMMAND: POST /session/21b1c319d9497a1534c1e8f10b3c3c22/execute/async - {"script":"<script> [1562 bytes]","args":[{"selector":{"id":"application-manageyards-display-component---NewYard--addressEditDetailsCostObjectCstType-arrow"},"wdio_ui5_key":"applicationmanageyards-display-component---NewYard--addressEditDetailsCostObjectCstType-arrow"}]}
COMMAND: GET /session/21b1c319d9497a1534c1e8f10b3c3c22/screenshot - {}
RESULT: {"script":"<script> [1562 bytes]","args":[{"selector":{"id":"application-manageyards-display-component---NewYard--addressEditDetailsCostObjectCstType-arrow"},"wdio_ui5_key":"applicationmanageyards-display-component---NewYard--addressEditDetailsCostObjectCstType-arrow"}]}
RESULT: undefined
COMMAND: POST /session/21b1c319d9497a1534c1e8f10b3c3c22/element - {"using":"xpath","value":"//*[@id=\"application-manageyards-display-component---NewYard--addressEditDetailsCostObjectCstType-arrow\"]"}
RESULT: {}
RESULT: {"using":"xpath","value":"//*[@id=\"application-manageyards-display-component---NewYard--addressEditDetailsCostObjectCstType-arrow\"]"}
COMMAND: POST /session/21b1c319d9497a1534c1e8f10b3c3c22/element/f.49EE1B407E8AACFD24485764E1748811.d.29505A228070A17E35FF1A373657A9A0.e.736/click - {}
RESULT: {}
COMMAND: POST /session/21b1c319d9497a1534c1e8f10b3c3c22/element - {"using":"xpath","value":"//span[contains(text(), \"Cost Center\")]"}
COMMAND: GET /session/21b1c319d9497a1534c1e8f10b3c3c22/screenshot - {}
RESULT: {"using":"xpath","value":"//span[contains(text(), \"Cost Center\")]"}
COMMAND: POST /session/21b1c319d9497a1534c1e8f10b3c3c22/element/f.49EE1B407E8AACFD24485764E1748811.d.29505A228070A17E35FF1A373657A9A0.e.737/click - {}
RESULT: {}
RESULT: {}
COMMAND: GET /session/21b1c319d9497a1534c1e8f10b3c3c22/screenshot - {}
RESULT: {}
COMMAND: POST /session/21b1c319d9497a1534c1e8f10b3c3c22/element - {"using":"xpath","value":"//span[@id=\"application-manageyards-display-component---NewYard--addressNewCostObjectCstID-vhi\"]"}
RESULT: {"using":"xpath","value":"//span[@id=\"application-manageyards-display-component---NewYard--addressNewCostObjectCstID-vhi\"]"}
COMMAND: POST /session/21b1c319d9497a1534c1e8f10b3c3c22/execute/sync - {"script":"<script> [8489 bytes]","args":[{"element-6066-11e4-a52e-4f735466cecf":"f.49EE1B407E8AACFD24485764E1748811.d.29505A228070A17E35FF1A373657A9A0.e.741","ELEMENT":"f.49EE1B407E8AACFD24485764E1748811.d.29505A228070A17E35FF1A373657A9A0.e.741"}]}
RESULT: {"script":"<script> [8489 bytes]","args":[{"element-6066-11e4-a52e-4f735466cecf":"f.49EE1B407E8AACFD24485764E1748811.d.29505A228070A17E35FF1A373657A9A0.e.741","ELEMENT":"f.49EE1B407E8AACFD24485764E1748811.d.29505A228070A17E35FF1A373657A9A0.e.741"}]}
COMMAND: POST /session/21b1c319d9497a1534c1e8f10b3c3c22/execute/async - {"script":"<script> [1562 bytes]","args":[{"selector":{"id":"application-manageyards-display-component---NewYard--addressNewCostObjectCstID-vhi"},"wdio_ui5_key":"applicationmanageyards-display-component---NewYard--addressNewCostObjectCstID-vhi"}]}
COMMAND: GET /session/21b1c319d9497a1534c1e8f10b3c3c22/screenshot - {}
RESULT: {"script":"<script> [1562 bytes]","args":[{"selector":{"id":"application-manageyards-display-component---NewYard--addressNewCostObjectCstID-vhi"},"wdio_ui5_key":"applicationmanageyards-display-component---NewYard--addressNewCostObjectCstID-vhi"}]}
RESULT: undefined
COMMAND: POST /session/21b1c319d9497a1534c1e8f10b3c3c22/element - {"using":"xpath","value":"//*[@id=\"application-manageyards-display-component---NewYard--addressNewCostObjectCstID-vhi\"]"}
RESULT: {}
RESULT: {"using":"xpath","value":"//*[@id=\"application-manageyards-display-component---NewYard--addressNewCostObjectCstID-vhi\"]"}
COMMAND: POST /session/21b1c319d9497a1534c1e8f10b3c3c22/element/f.49EE1B407E8AACFD24485764E1748811.d.29505A228070A17E35FF1A373657A9A0.e.741/click - {}
RESULT: {}
COMMAND: GET /session/21b1c319d9497a1534c1e8f10b3c3c22/screenshot - {}
RESULT: {}
COMMAND: POST /session/21b1c319d9497a1534c1e8f10b3c3c22/execute/async - {"script":"<script> [1562 bytes]","args":[{"selector":{"controlType":"sap.m.SearchField","properties":{"placeholder":"Search"},"searchOpenDialogs":true,"interaction":{"idSuffix":"I"}},"wdio_ui5_key":"sapm.SearchField{\"placeholder\":\"Search\"}"}]}
RESULT: {"script":"<script> [1562 bytes]","args":[{"selector":{"controlType":"sap.m.SearchField","properties":{"placeholder":"Search"},"searchOpenDialogs":true,"interaction":{"idSuffix":"I"}},"wdio_ui5_key":"sapm.SearchField{\"placeholder\":\"Search\"}"}]}
RESULT: undefined
COMMAND: POST /session/21b1c319d9497a1534c1e8f10b3c3c22/execute/async - {"script":"<script> [776 bytes]","args":[{"enterText":"bauh_b","selector":{"controlType":"sap.m.SearchField","properties":{"placeholder":"Search"},"searchOpenDialogs":true,"interaction":{"idSuffix":"I"}},"clearTextFirst":true,"interactionType":"ENTER_TEXT"}]}
RESULT: {"script":"<script> [776 bytes]","args":[{"enterText":"bauh_b","selector":{"controlType":"sap.m.SearchField","properties":{"placeholder":"Search"},"searchOpenDialogs":true,"interaction":{"idSuffix":"I"}},"clearTextFirst":true,"interactionType":"ENTER_TEXT"}]}
COMMAND: POST /session/21b1c319d9497a1534c1e8f10b3c3c22/actions - {"actions":[{"id":"action1","type":"key","parameters":{},"actions":[{"type":"keyDown","value":""},{"type":"pause","duration":10},{"type":"keyUp","value":""}]}]}
RESULT: {"actions":[{"id":"action1","type":"key","parameters":{},"actions":[{"type":"keyDown","value":""},{"type":"pause","duration":10},{"type":"keyUp","value":""}]}]}
COMMAND: GET /session/21b1c319d9497a1534c1e8f10b3c3c22/screenshot - {}
RESULT: {}
COMMAND: POST /session/21b1c319d9497a1534c1e8f10b3c3c22/element - {"using":"xpath","value":"//span[contains(text(), \"Demo Yard\")]"}
RESULT: {"using":"xpath","value":"//span[contains(text(), \"Demo Yard\")]"}
COMMAND: POST /session/21b1c319d9497a1534c1e8f10b3c3c22/element/f.49EE1B407E8AACFD24485764E1748811.d.29505A228070A17E35FF1A373657A9A0.e.781/click - {}
RESULT: {}
COMMAND: GET /session/21b1c319d9497a1534c1e8f10b3c3c22/screenshot - {}
RESULT: {}
COMMAND: POST /session/21b1c319d9497a1534c1e8f10b3c3c22/element - {"using":"xpath","value":"//bdi[contains(text(), \"OK\")]"}
RESULT: {"using":"xpath","value":"//bdi[contains(text(), \"OK\")]"}
COMMAND: POST /session/21b1c319d9497a1534c1e8f10b3c3c22/element/f.49EE1B407E8AACFD24485764E1748811.d.29505A228070A17E35FF1A373657A9A0.e.782/click - {}
RESULT: {}
COMMAND: GET /session/21b1c319d9497a1534c1e8f10b3c3c22/screenshot - {}
RESULT: {}
COMMAND: POST /session/21b1c319d9497a1534c1e8f10b3c3c22/execute/async - {"script":"<script> [1562 bytes]","args":[{"selector":{"id":"application-manageyards-display-component---NewYard--addressEditDetailsCurrency-arrow"},"wdio_ui5_key":"applicationmanageyards-display-component---NewYard--addressEditDetailsCurrency-arrow"}]}
RESULT: {"script":"<script> [1562 bytes]","args":[{"selector":{"id":"application-manageyards-display-component---NewYard--addressEditDetailsCurrency-arrow"},"wdio_ui5_key":"applicationmanageyards-display-component---NewYard--addressEditDetailsCurrency-arrow"}]}
RESULT: undefined
COMMAND: POST /session/21b1c319d9497a1534c1e8f10b3c3c22/element - {"using":"xpath","value":"//*[@id=\"application-manageyards-display-component---NewYard--addressEditDetailsCurrency-arrow\"]"}
RESULT: {"using":"xpath","value":"//*[@id=\"application-manageyards-display-component---NewYard--addressEditDetailsCurrency-arrow\"]"}
COMMAND: POST /session/21b1c319d9497a1534c1e8f10b3c3c22/element/f.49EE1B407E8AACFD24485764E1748811.d.29505A228070A17E35FF1A373657A9A0.e.785/click - {}
RESULT: {}
COMMAND: POST /session/21b1c319d9497a1534c1e8f10b3c3c22/element - {"using":"xpath","value":"//span[contains(text(), \"Euro\")]"}
COMMAND: GET /session/21b1c319d9497a1534c1e8f10b3c3c22/screenshot - {}
RESULT: {"using":"xpath","value":"//span[contains(text(), \"Euro\")]"}
COMMAND: POST /session/21b1c319d9497a1534c1e8f10b3c3c22/element/f.49EE1B407E8AACFD24485764E1748811.d.29505A228070A17E35FF1A373657A9A0.e.786/click - {}
RESULT: {}
RESULT: {}
COMMAND: POST /session/21b1c319d9497a1534c1e8f10b3c3c22/execute/async - {"script":"<script> [1562 bytes]","args":[{"selector":{"controlType":"sap.m.Input","viewName":"etm.portal.ui.manageyards.view.New","viewId":"application-manageyards-display-component---NewYard","bindingPath":{"path":"","propertyPath":"/CONTROLLING_AREA","modelName":"NewYardModel"},"interaction":{"idSuffix":"inner"}},"wdio_ui5_key":"etmportal.ui.manageyards.view.Newsap.m.Input{\"path\":\"\",\"propertyPath\":\"/CONTROLLING_AREA\",\"modelName\":\"NewYardModel\"}"}]}
COMMAND: GET /session/21b1c319d9497a1534c1e8f10b3c3c22/screenshot - {}
RESULT: {"script":"<script> [1562 bytes]","args":[{"selector":{"controlType":"sap.m.Input","viewName":"etm.portal.ui.manageyards.view.New","viewId":"application-manageyards-display-component---NewYard","bindingPath":{"path":"","propertyPath":"/CONTROLLING_AREA","modelName":"NewYardModel"},"interaction":{"idSuffix":"inner"}},"wdio_ui5_key":"etmportal.ui.manageyards.view.Newsap.m.Input{\"path\":\"\",\"propertyPath\":\"/CONTROLLING_AREA\",\"modelName\":\"NewYardModel\"}"}]}
RESULT: undefined
COMMAND: POST /session/21b1c319d9497a1534c1e8f10b3c3c22/execute/async - {"script":"<script> [776 bytes]","args":[{"enterText":"Z001","selector":{"controlType":"sap.m.Input","viewName":"etm.portal.ui.manageyards.view.New","viewId":"application-manageyards-display-component---NewYard","bindingPath":{"path":"","propertyPath":"/CONTROLLING_AREA","modelName":"NewYardModel"},"interaction":{"idSuffix":"inner"}},"clearTextFirst":true,"interactionType":"ENTER_TEXT"}]}
RESULT: {}
RESULT: {"script":"<script> [776 bytes]","args":[{"enterText":"Z001","selector":{"controlType":"sap.m.Input","viewName":"etm.portal.ui.manageyards.view.New","viewId":"application-manageyards-display-component---NewYard","bindingPath":{"path":"","propertyPath":"/CONTROLLING_AREA","modelName":"NewYardModel"},"interaction":{"idSuffix":"inner"}},"clearTextFirst":true,"interactionType":"ENTER_TEXT"}]}
COMMAND: POST /session/21b1c319d9497a1534c1e8f10b3c3c22/execute/async - {"script":"<script> [1562 bytes]","args":[{"selector":{"id":"application-manageyards-display-component---NewYard--companyCodeComboBox","interaction":{"idSuffix":"inner"}},"wdio_ui5_key":"applicationmanageyards-display-component---NewYard--companyCodeComboBox"}]}
RESULT: {"script":"<script> [1562 bytes]","args":[{"selector":{"id":"application-manageyards-display-component---NewYard--companyCodeComboBox","interaction":{"idSuffix":"inner"}},"wdio_ui5_key":"applicationmanageyards-display-component---NewYard--companyCodeComboBox"}]}
RESULT: undefined
COMMAND: POST /session/21b1c319d9497a1534c1e8f10b3c3c22/execute/async - {"script":"<script> [776 bytes]","args":[{"enterText":"1000","selector":{"id":"application-manageyards-display-component---NewYard--companyCodeComboBox","interaction":{"idSuffix":"inner"}},"clearTextFirst":true,"interactionType":"ENTER_TEXT"}]}
RESULT: {"script":"<script> [776 bytes]","args":[{"enterText":"1000","selector":{"id":"application-manageyards-display-component---NewYard--companyCodeComboBox","interaction":{"idSuffix":"inner"}},"clearTextFirst":true,"interactionType":"ENTER_TEXT"}]}
COMMAND: POST /session/21b1c319d9497a1534c1e8f10b3c3c22/execute/async - {"script":"<script> [1562 bytes]","args":[{"selector":{"controlType":"sap.m.Input","viewName":"etm.portal.ui.manageyards.view.New","viewId":"application-manageyards-display-component---NewYard","bindingPath":{"path":"","propertyPath":"/PLANT","modelName":"NewYardModel"},"interaction":{"idSuffix":"inner"}},"wdio_ui5_key":"etmportal.ui.manageyards.view.Newsap.m.Input{\"path\":\"\",\"propertyPath\":\"/PLANT\",\"modelName\":\"NewYardModel\"}"}]}
RESULT: {"script":"<script> [1562 bytes]","args":[{"selector":{"controlType":"sap.m.Input","viewName":"etm.portal.ui.manageyards.view.New","viewId":"application-manageyards-display-component---NewYard","bindingPath":{"path":"","propertyPath":"/PLANT","modelName":"NewYardModel"},"interaction":{"idSuffix":"inner"}},"wdio_ui5_key":"etmportal.ui.manageyards.view.Newsap.m.Input{\"path\":\"\",\"propertyPath\":\"/PLANT\",\"modelName\":\"NewYardModel\"}"}]}
RESULT: undefined
COMMAND: POST /session/21b1c319d9497a1534c1e8f10b3c3c22/execute/async - {"script":"<script> [776 bytes]","args":[{"enterText":"1001","selector":{"controlType":"sap.m.Input","viewName":"etm.portal.ui.manageyards.view.New","viewId":"application-manageyards-display-component---NewYard","bindingPath":{"path":"","propertyPath":"/PLANT","modelName":"NewYardModel"},"interaction":{"idSuffix":"inner"}},"clearTextFirst":true,"interactionType":"ENTER_TEXT"}]}
RESULT: {"script":"<script> [776 bytes]","args":[{"enterText":"1001","selector":{"controlType":"sap.m.Input","viewName":"etm.portal.ui.manageyards.view.New","viewId":"application-manageyards-display-component---NewYard","bindingPath":{"path":"","propertyPath":"/PLANT","modelName":"NewYardModel"},"interaction":{"idSuffix":"inner"}},"clearTextFirst":true,"interactionType":"ENTER_TEXT"}]}
COMMAND: POST /session/21b1c319d9497a1534c1e8f10b3c3c22/execute/async - {"script":"<script> [1562 bytes]","args":[{"selector":{"controlType":"sap.m.Input","viewName":"etm.portal.ui.manageyards.view.New","viewId":"application-manageyards-display-component---NewYard","bindingPath":{"path":"","propertyPath":"/SALES_AREA_VKORG","modelName":"NewYardModel"},"interaction":{"idSuffix":"inner"}},"wdio_ui5_key":"etmportal.ui.manageyards.view.Newsap.m.Input{\"path\":\"\",\"propertyPath\":\"/SALES_AREA_VKORG\",\"modelName\":\"NewYardModel\"}"}]}
RESULT: {"script":"<script> [1562 bytes]","args":[{"selector":{"controlType":"sap.m.Input","viewName":"etm.portal.ui.manageyards.view.New","viewId":"application-manageyards-display-component---NewYard","bindingPath":{"path":"","propertyPath":"/SALES_AREA_VKORG","modelName":"NewYardModel"},"interaction":{"idSuffix":"inner"}},"wdio_ui5_key":"etmportal.ui.manageyards.view.Newsap.m.Input{\"path\":\"\",\"propertyPath\":\"/SALES_AREA_VKORG\",\"modelName\":\"NewYardModel\"}"}]}
RESULT: undefined
COMMAND: POST /session/21b1c319d9497a1534c1e8f10b3c3c22/execute/async - {"script":"<script> [776 bytes]","args":[{"enterText":"C002","selector":{"controlType":"sap.m.Input","viewName":"etm.portal.ui.manageyards.view.New","viewId":"application-manageyards-display-component---NewYard","bindingPath":{"path":"","propertyPath":"/SALES_AREA_VKORG","modelName":"NewYardModel"},"interaction":{"idSuffix":"inner"}},"clearTextFirst":true,"interactionType":"ENTER_TEXT"}]}
RESULT: {"script":"<script> [776 bytes]","args":[{"enterText":"C002","selector":{"controlType":"sap.m.Input","viewName":"etm.portal.ui.manageyards.view.New","viewId":"application-manageyards-display-component---NewYard","bindingPath":{"path":"","propertyPath":"/SALES_AREA_VKORG","modelName":"NewYardModel"},"interaction":{"idSuffix":"inner"}},"clearTextFirst":true,"interactionType":"ENTER_TEXT"}]}
COMMAND: POST /session/21b1c319d9497a1534c1e8f10b3c3c22/execute/async - {"script":"<script> [1562 bytes]","args":[{"selector":{"controlType":"sap.m.Input","viewName":"etm.portal.ui.manageyards.view.New","viewId":"application-manageyards-display-component---NewYard","bindingPath":{"path":"","propertyPath":"/SALES_AREA_VTWEG","modelName":"NewYardModel"},"interaction":{"idSuffix":"inner"}},"wdio_ui5_key":"etmportal.ui.manageyards.view.Newsap.m.Input{\"path\":\"\",\"propertyPath\":\"/SALES_AREA_VTWEG\",\"modelName\":\"NewYardModel\"}"}]}
RESULT: {"script":"<script> [1562 bytes]","args":[{"selector":{"controlType":"sap.m.Input","viewName":"etm.portal.ui.manageyards.view.New","viewId":"application-manageyards-display-component---NewYard","bindingPath":{"path":"","propertyPath":"/SALES_AREA_VTWEG","modelName":"NewYardModel"},"interaction":{"idSuffix":"inner"}},"wdio_ui5_key":"etmportal.ui.manageyards.view.Newsap.m.Input{\"path\":\"\",\"propertyPath\":\"/SALES_AREA_VTWEG\",\"modelName\":\"NewYardModel\"}"}]}
RESULT: undefined
COMMAND: POST /session/21b1c319d9497a1534c1e8f10b3c3c22/execute/async - {"script":"<script> [776 bytes]","args":[{"enterText":"C2","selector":{"controlType":"sap.m.Input","viewName":"etm.portal.ui.manageyards.view.New","viewId":"application-manageyards-display-component---NewYard","bindingPath":{"path":"","propertyPath":"/SALES_AREA_VTWEG","modelName":"NewYardModel"},"interaction":{"idSuffix":"inner"}},"clearTextFirst":true,"interactionType":"ENTER_TEXT"}]}
RESULT: {"script":"<script> [776 bytes]","args":[{"enterText":"C2","selector":{"controlType":"sap.m.Input","viewName":"etm.portal.ui.manageyards.view.New","viewId":"application-manageyards-display-component---NewYard","bindingPath":{"path":"","propertyPath":"/SALES_AREA_VTWEG","modelName":"NewYardModel"},"interaction":{"idSuffix":"inner"}},"clearTextFirst":true,"interactionType":"ENTER_TEXT"}]}
COMMAND: POST /session/21b1c319d9497a1534c1e8f10b3c3c22/execute/async - {"script":"<script> [1562 bytes]","args":[{"selector":{"controlType":"sap.m.Input","viewName":"etm.portal.ui.manageyards.view.New","viewId":"application-manageyards-display-component---NewYard","bindingPath":{"path":"","propertyPath":"/SALES_AREA_SPART","modelName":"NewYardModel"},"interaction":{"idSuffix":"inner"}},"wdio_ui5_key":"etmportal.ui.manageyards.view.Newsap.m.Input{\"path\":\"\",\"propertyPath\":\"/SALES_AREA_SPART\",\"modelName\":\"NewYardModel\"}"}]}
RESULT: {"script":"<script> [1562 bytes]","args":[{"selector":{"controlType":"sap.m.Input","viewName":"etm.portal.ui.manageyards.view.New","viewId":"application-manageyards-display-component---NewYard","bindingPath":{"path":"","propertyPath":"/SALES_AREA_SPART","modelName":"NewYardModel"},"interaction":{"idSuffix":"inner"}},"wdio_ui5_key":"etmportal.ui.manageyards.view.Newsap.m.Input{\"path\":\"\",\"propertyPath\":\"/SALES_AREA_SPART\",\"modelName\":\"NewYardModel\"}"}]}
RESULT: undefined
COMMAND: POST /session/21b1c319d9497a1534c1e8f10b3c3c22/execute/async - {"script":"<script> [776 bytes]","args":[{"enterText":"C2","selector":{"controlType":"sap.m.Input","viewName":"etm.portal.ui.manageyards.view.New","viewId":"application-manageyards-display-component---NewYard","bindingPath":{"path":"","propertyPath":"/SALES_AREA_SPART","modelName":"NewYardModel"},"interaction":{"idSuffix":"inner"}},"clearTextFirst":true,"interactionType":"ENTER_TEXT"}]}
RESULT: {"script":"<script> [776 bytes]","args":[{"enterText":"C2","selector":{"controlType":"sap.m.Input","viewName":"etm.portal.ui.manageyards.view.New","viewId":"application-manageyards-display-component---NewYard","bindingPath":{"path":"","propertyPath":"/SALES_AREA_SPART","modelName":"NewYardModel"},"interaction":{"idSuffix":"inner"}},"clearTextFirst":true,"interactionType":"ENTER_TEXT"}]}
COMMAND: POST /session/21b1c319d9497a1534c1e8f10b3c3c22/execute/async - {"script":"<script> [1562 bytes]","args":[{"selector":{"controlType":"sap.m.Input","viewName":"etm.portal.ui.manageyards.view.New","viewId":"application-manageyards-display-component---NewYard","bindingPath":{"path":"","propertyPath":"/SHIP_POINT","modelName":"NewYardModel"},"interaction":{"idSuffix":"inner"}},"wdio_ui5_key":"etmportal.ui.manageyards.view.Newsap.m.Input{\"path\":\"\",\"propertyPath\":\"/SHIP_POINT\",\"modelName\":\"NewYardModel\"}"}]}
RESULT: {"script":"<script> [1562 bytes]","args":[{"selector":{"controlType":"sap.m.Input","viewName":"etm.portal.ui.manageyards.view.New","viewId":"application-manageyards-display-component---NewYard","bindingPath":{"path":"","propertyPath":"/SHIP_POINT","modelName":"NewYardModel"},"interaction":{"idSuffix":"inner"}},"wdio_ui5_key":"etmportal.ui.manageyards.view.Newsap.m.Input{\"path\":\"\",\"propertyPath\":\"/SHIP_POINT\",\"modelName\":\"NewYardModel\"}"}]}
RESULT: undefined
COMMAND: POST /session/21b1c319d9497a1534c1e8f10b3c3c22/execute/async - {"script":"<script> [776 bytes]","args":[{"enterText":"1710","selector":{"controlType":"sap.m.Input","viewName":"etm.portal.ui.manageyards.view.New","viewId":"application-manageyards-display-component---NewYard","bindingPath":{"path":"","propertyPath":"/SHIP_POINT","modelName":"NewYardModel"},"interaction":{"idSuffix":"inner"}},"clearTextFirst":true,"interactionType":"ENTER_TEXT"}]}
RESULT: {"script":"<script> [776 bytes]","args":[{"enterText":"1710","selector":{"controlType":"sap.m.Input","viewName":"etm.portal.ui.manageyards.view.New","viewId":"application-manageyards-display-component---NewYard","bindingPath":{"path":"","propertyPath":"/SHIP_POINT","modelName":"NewYardModel"},"interaction":{"idSuffix":"inner"}},"clearTextFirst":true,"interactionType":"ENTER_TEXT"}]}
COMMAND: POST /session/21b1c319d9497a1534c1e8f10b3c3c22/execute/async - {"script":"<script> [1562 bytes]","args":[{"selector":{"controlType":"sap.m.Input","viewName":"etm.portal.ui.manageyards.view.New","viewId":"application-manageyards-display-component---NewYard","bindingPath":{"path":"","propertyPath":"/DELIVERY_TYPE","modelName":"NewYardModel"},"interaction":{"idSuffix":"inner"}},"wdio_ui5_key":"etmportal.ui.manageyards.view.Newsap.m.Input{\"path\":\"\",\"propertyPath\":\"/DELIVERY_TYPE\",\"modelName\":\"NewYardModel\"}"}]}
RESULT: {"script":"<script> [1562 bytes]","args":[{"selector":{"controlType":"sap.m.Input","viewName":"etm.portal.ui.manageyards.view.New","viewId":"application-manageyards-display-component---NewYard","bindingPath":{"path":"","propertyPath":"/DELIVERY_TYPE","modelName":"NewYardModel"},"interaction":{"idSuffix":"inner"}},"wdio_ui5_key":"etmportal.ui.manageyards.view.Newsap.m.Input{\"path\":\"\",\"propertyPath\":\"/DELIVERY_TYPE\",\"modelName\":\"NewYardModel\"}"}]}
RESULT: undefined
COMMAND: POST /session/21b1c319d9497a1534c1e8f10b3c3c22/execute/async - {"script":"<script> [776 bytes]","args":[{"enterText":"ZL01","selector":{"controlType":"sap.m.Input","viewName":"etm.portal.ui.manageyards.view.New","viewId":"application-manageyards-display-component---NewYard","bindingPath":{"path":"","propertyPath":"/DELIVERY_TYPE","modelName":"NewYardModel"},"interaction":{"idSuffix":"inner"}},"clearTextFirst":true,"interactionType":"ENTER_TEXT"}]}
RESULT: {"script":"<script> [776 bytes]","args":[{"enterText":"ZL01","selector":{"controlType":"sap.m.Input","viewName":"etm.portal.ui.manageyards.view.New","viewId":"application-manageyards-display-component---NewYard","bindingPath":{"path":"","propertyPath":"/DELIVERY_TYPE","modelName":"NewYardModel"},"interaction":{"idSuffix":"inner"}},"clearTextFirst":true,"interactionType":"ENTER_TEXT"}]}
COMMAND: POST /session/21b1c319d9497a1534c1e8f10b3c3c22/execute/async - {"script":"<script> [1562 bytes]","args":[{"selector":{"controlType":"sap.m.Input","viewName":"etm.portal.ui.manageyards.view.New","viewId":"application-manageyards-display-component---NewYard","bindingPath":{"path":"","propertyPath":"/AUART","modelName":"NewYardModel"},"interaction":{"idSuffix":"inner"}},"wdio_ui5_key":"etmportal.ui.manageyards.view.Newsap.m.Input{\"path\":\"\",\"propertyPath\":\"/AUART\",\"modelName\":\"NewYardModel\"}"}]}
RESULT: {"script":"<script> [1562 bytes]","args":[{"selector":{"controlType":"sap.m.Input","viewName":"etm.portal.ui.manageyards.view.New","viewId":"application-manageyards-display-component---NewYard","bindingPath":{"path":"","propertyPath":"/AUART","modelName":"NewYardModel"},"interaction":{"idSuffix":"inner"}},"wdio_ui5_key":"etmportal.ui.manageyards.view.Newsap.m.Input{\"path\":\"\",\"propertyPath\":\"/AUART\",\"modelName\":\"NewYardModel\"}"}]}
RESULT: undefined
COMMAND: POST /session/21b1c319d9497a1534c1e8f10b3c3c22/execute/async - {"script":"<script> [776 bytes]","args":[{"enterText":"TA","selector":{"controlType":"sap.m.Input","viewName":"etm.portal.ui.manageyards.view.New","viewId":"application-manageyards-display-component---NewYard","bindingPath":{"path":"","propertyPath":"/AUART","modelName":"NewYardModel"},"interaction":{"idSuffix":"inner"}},"clearTextFirst":true,"interactionType":"ENTER_TEXT"}]}
RESULT: {"script":"<script> [776 bytes]","args":[{"enterText":"TA","selector":{"controlType":"sap.m.Input","viewName":"etm.portal.ui.manageyards.view.New","viewId":"application-manageyards-display-component---NewYard","bindingPath":{"path":"","propertyPath":"/AUART","modelName":"NewYardModel"},"interaction":{"idSuffix":"inner"}},"clearTextFirst":true,"interactionType":"ENTER_TEXT"}]}
COMMAND: POST /session/21b1c319d9497a1534c1e8f10b3c3c22/element - {"using":"xpath","value":"//button[@data-kt=\"newYardSaveButton\"]"}
RESULT: {"using":"xpath","value":"//button[@data-kt=\"newYardSaveButton\"]"}
COMMAND: POST /session/21b1c319d9497a1534c1e8f10b3c3c22/element/f.49EE1B407E8AACFD24485764E1748811.d.29505A228070A17E35FF1A373657A9A0.e.713/click - {}
RESULT: {}
COMMAND: GET /session/21b1c319d9497a1534c1e8f10b3c3c22/screenshot - {}
RESULT: {}
COMMAND: POST /session/21b1c319d9497a1534c1e8f10b3c3c22/element - {"using":"xpath","value":"//header[contains(@id, 'ObjectPageLayout-headerTitle')]/div[1]/div[2]/div[1]/span[1]"}
RESULT: {"using":"xpath","value":"//header[contains(@id, 'ObjectPageLayout-headerTitle')]/div[1]/div[2]/div[1]/span[1]"}
COMMAND: POST /session/21b1c319d9497a1534c1e8f10b3c3c22/elements - {"using":"xpath","value":"//header[contains(@id, 'ObjectPageLayout-headerTitle')]/div[1]/div[2]/div[1]/span[1]"}
RESULT: {"using":"xpath","value":"//header[contains(@id, 'ObjectPageLayout-headerTitle')]/div[1]/div[2]/div[1]/span[1]"}
COMMAND: POST /session/21b1c319d9497a1534c1e8f10b3c3c22/execute/sync - {"script":"<script> [56 bytes]","args":[{"element-6066-11e4-a52e-4f735466cecf":"f.49EE1B407E8AACFD24485764E1748811.d.29505A228070A17E35FF1A373657A9A0.e.1005","ELEMENT":"f.49EE1B407E8AACFD24485764E1748811.d.29505A228070A17E35FF1A373657A9A0.e.1005"}]}
RESULT: {"script":"<script> [56 bytes]","args":[{"element-6066-11e4-a52e-4f735466cecf":"f.49EE1B407E8AACFD24485764E1748811.d.29505A228070A17E35FF1A373657A9A0.e.1005","ELEMENT":"f.49EE1B407E8AACFD24485764E1748811.d.29505A228070A17E35FF1A373657A9A0.e.1005"}]}
COMMAND: GET /session/21b1c319d9497a1534c1e8f10b3c3c22/screenshot - {}
RESULT: {}
COMMAND: POST /session/21b1c319d9497a1534c1e8f10b3c3c22/element - {"using":"css selector","value":"#shell-header-logo"}
RESULT: {"using":"css selector","value":"#shell-header-logo"}
COMMAND: POST /session/21b1c319d9497a1534c1e8f10b3c3c22/element/f.49EE1B407E8AACFD24485764E1748811.d.29505A228070A17E35FF1A373657A9A0.e.267/click - {}
RESULT: {}
COMMAND: GET /session/21b1c319d9497a1534c1e8f10b3c3c22/screenshot - {}
RESULT: {}
COMMAND: POST /session/21b1c319d9497a1534c1e8f10b3c3c22/execute/sync - {"script":"<script> [299 bytes]","args":[["getModel","getResource"]]}
RESULT: {"script":"<script> [299 bytes]","args":[["getModel","getResource"]]}
]]></system-out>
    </testcase>
    <testcase classname="chrome.136_0_7103_93.windows.Create_condition_pricing_US117289_US134625" name="Should create a new equipment used for all following tests" time="148.584">
      <system-out><![CDATA[
COMMAND: GET /session/21b1c319d9497a1534c1e8f10b3c3c22/screenshot - {}
COMMAND: POST /session/21b1c319d9497a1534c1e8f10b3c3c22/execute/async - {"script":"<script> [1562 bytes]","args":[{"selector":{"controlType":"sap.m.GenericTile","properties":{"header":"Manage Resources"}},"wdio_ui5_key":"sapm.GenericTile{\"header\":\"Manage Resources\"}"}]}
RESULT: {"script":"<script> [1562 bytes]","args":[{"selector":{"controlType":"sap.m.GenericTile","properties":{"header":"Manage Resources"}},"wdio_ui5_key":"sapm.GenericTile{\"header\":\"Manage Resources\"}"}]}
RESULT: undefined
COMMAND: POST /session/21b1c319d9497a1534c1e8f10b3c3c22/element - {"using":"xpath","value":"//*[@id=\"__tile39\"]"}
RESULT: {}
RESULT: {"using":"xpath","value":"//*[@id=\"__tile39\"]"}
COMMAND: POST /session/21b1c319d9497a1534c1e8f10b3c3c22/element/f.49EE1B407E8AACFD24485764E1748811.d.29505A228070A17E35FF1A373657A9A0.e.159/click - {}
RESULT: {}
COMMAND: GET /session/21b1c319d9497a1534c1e8f10b3c3c22/screenshot - {}
RESULT: {}
COMMAND: POST /session/21b1c319d9497a1534c1e8f10b3c3c22/elements - {"using":"xpath","value":"//span[text()='Error']"}
RESULT: {"using":"xpath","value":"//span[text()='Error']"}
COMMAND: POST /session/21b1c319d9497a1534c1e8f10b3c3c22/element - {"using":"xpath","value":"//button[@data-kt=\"addNewRUOverflowToolbarButton\"]"}
RESULT: {"using":"xpath","value":"//button[@data-kt=\"addNewRUOverflowToolbarButton\"]"}
COMMAND: POST /session/21b1c319d9497a1534c1e8f10b3c3c22/elements - {"using":"xpath","value":"//button[@data-kt=\"addNewRUOverflowToolbarButton\"]"}
RESULT: {"using":"xpath","value":"//button[@data-kt=\"addNewRUOverflowToolbarButton\"]"}
COMMAND: POST /session/21b1c319d9497a1534c1e8f10b3c3c22/elements - {"using":"xpath","value":"//button[@data-kt=\"addNewRUOverflowToolbarButton\"]"}
RESULT: {"using":"xpath","value":"//button[@data-kt=\"addNewRUOverflowToolbarButton\"]"}
COMMAND: POST /session/21b1c319d9497a1534c1e8f10b3c3c22/element - {"using":"xpath","value":"//button[@data-kt=\"addNewRUOverflowToolbarButton\"]"}
RESULT: {"using":"xpath","value":"//button[@data-kt=\"addNewRUOverflowToolbarButton\"]"}
COMMAND: POST /session/21b1c319d9497a1534c1e8f10b3c3c22/execute/sync - {"script":"<script> [8489 bytes]","args":[{"element-6066-11e4-a52e-4f735466cecf":"f.49EE1B407E8AACFD24485764E1748811.d.29505A228070A17E35FF1A373657A9A0.e.1037","ELEMENT":"f.49EE1B407E8AACFD24485764E1748811.d.29505A228070A17E35FF1A373657A9A0.e.1037"}]}
RESULT: {"script":"<script> [8489 bytes]","args":[{"element-6066-11e4-a52e-4f735466cecf":"f.49EE1B407E8AACFD24485764E1748811.d.29505A228070A17E35FF1A373657A9A0.e.1037","ELEMENT":"f.49EE1B407E8AACFD24485764E1748811.d.29505A228070A17E35FF1A373657A9A0.e.1037"}]}
COMMAND: GET /session/21b1c319d9497a1534c1e8f10b3c3c22/element/f.49EE1B407E8AACFD24485764E1748811.d.29505A228070A17E35FF1A373657A9A0.e.1037/enabled - {}
COMMAND: GET /session/21b1c319d9497a1534c1e8f10b3c3c22/screenshot - {}
RESULT: {}
COMMAND: POST /session/21b1c319d9497a1534c1e8f10b3c3c22/execute/sync - {"script":"<script> [8489 bytes]","args":[{"element-6066-11e4-a52e-4f735466cecf":"f.49EE1B407E8AACFD24485764E1748811.d.29505A228070A17E35FF1A373657A9A0.e.1037","ELEMENT":"f.49EE1B407E8AACFD24485764E1748811.d.29505A228070A17E35FF1A373657A9A0.e.1037"}]}
COMMAND: GET /session/21b1c319d9497a1534c1e8f10b3c3c22/screenshot - {}
RESULT: {}
RESULT: {"script":"<script> [8489 bytes]","args":[{"element-6066-11e4-a52e-4f735466cecf":"f.49EE1B407E8AACFD24485764E1748811.d.29505A228070A17E35FF1A373657A9A0.e.1037","ELEMENT":"f.49EE1B407E8AACFD24485764E1748811.d.29505A228070A17E35FF1A373657A9A0.e.1037"}]}
COMMAND: POST /session/21b1c319d9497a1534c1e8f10b3c3c22/execute/sync - {"script":"<script> [5351 bytes]","args":[{"element-6066-11e4-a52e-4f735466cecf":"f.49EE1B407E8AACFD24485764E1748811.d.29505A228070A17E35FF1A373657A9A0.e.1037","ELEMENT":"f.49EE1B407E8AACFD24485764E1748811.d.29505A228070A17E35FF1A373657A9A0.e.1037"}]}
COMMAND: GET /session/21b1c319d9497a1534c1e8f10b3c3c22/screenshot - {}
RESULT: {}
RESULT: {"script":"<script> [5351 bytes]","args":[{"element-6066-11e4-a52e-4f735466cecf":"f.49EE1B407E8AACFD24485764E1748811.d.29505A228070A17E35FF1A373657A9A0.e.1037","ELEMENT":"f.49EE1B407E8AACFD24485764E1748811.d.29505A228070A17E35FF1A373657A9A0.e.1037"}]}
COMMAND: POST /session/21b1c319d9497a1534c1e8f10b3c3c22/element/f.49EE1B407E8AACFD24485764E1748811.d.29505A228070A17E35FF1A373657A9A0.e.1037/click - {}
COMMAND: GET /session/21b1c319d9497a1534c1e8f10b3c3c22/screenshot - {}
RESULT: {}
RESULT: {}
COMMAND: GET /session/21b1c319d9497a1534c1e8f10b3c3c22/screenshot - {}
COMMAND: POST /session/21b1c319d9497a1534c1e8f10b3c3c22/execute/async - {"script":"<script> [1562 bytes]","args":[{"selector":{"id":"application-manageresources-display-component---newResourceUnit--TYPE-arrow"},"wdio_ui5_key":"applicationmanageresources-display-component---newResourceUnit--TYPE-arrow"}]}
RESULT: {}
RESULT: {}
RESULT: {"script":"<script> [1562 bytes]","args":[{"selector":{"id":"application-manageresources-display-component---newResourceUnit--TYPE-arrow"},"wdio_ui5_key":"applicationmanageresources-display-component---newResourceUnit--TYPE-arrow"}]}
RESULT: undefined
COMMAND: POST /session/21b1c319d9497a1534c1e8f10b3c3c22/element - {"using":"xpath","value":"//*[@id=\"application-manageresources-display-component---newResourceUnit--TYPE-arrow\"]"}
RESULT: {"using":"xpath","value":"//*[@id=\"application-manageresources-display-component---newResourceUnit--TYPE-arrow\"]"}
COMMAND: POST /session/21b1c319d9497a1534c1e8f10b3c3c22/element/f.49EE1B407E8AACFD24485764E1748811.d.29505A228070A17E35FF1A373657A9A0.e.1205/click - {}
RESULT: {}
COMMAND: POST /session/21b1c319d9497a1534c1e8f10b3c3c22/element - {"using":"xpath","value":"//input[@id=\"application-manageresources-display-component---newResourceUnit--TYPE-inner\"]"}
COMMAND: GET /session/21b1c319d9497a1534c1e8f10b3c3c22/screenshot - {}
RESULT: {"using":"xpath","value":"//input[@id=\"application-manageresources-display-component---newResourceUnit--TYPE-inner\"]"}
COMMAND: POST /session/21b1c319d9497a1534c1e8f10b3c3c22/element/f.49EE1B407E8AACFD24485764E1748811.d.29505A228070A17E35FF1A373657A9A0.e.1092/clear - {}
RESULT: {}
RESULT: {}
COMMAND: POST /session/21b1c319d9497a1534c1e8f10b3c3c22/element/f.49EE1B407E8AACFD24485764E1748811.d.29505A228070A17E35FF1A373657A9A0.e.1092/value - {"text":"Equipment"}
COMMAND: GET /session/21b1c319d9497a1534c1e8f10b3c3c22/screenshot - {}
RESULT: {"text":"Equipment"}
COMMAND: GET /session/21b1c319d9497a1534c1e8f10b3c3c22/screenshot - {}
RESULT: {}
RESULT: {}
COMMAND: POST /session/21b1c319d9497a1534c1e8f10b3c3c22/actions - {"actions":[{"id":"action2","type":"key","parameters":{},"actions":[{"type":"keyDown","value":""},{"type":"pause","duration":10},{"type":"keyUp","value":""}]}]}
RESULT: {"actions":[{"id":"action2","type":"key","parameters":{},"actions":[{"type":"keyDown","value":""},{"type":"pause","duration":10},{"type":"keyUp","value":""}]}]}
COMMAND: POST /session/21b1c319d9497a1534c1e8f10b3c3c22/execute/async - {"script":"<script> [1562 bytes]","args":[{"selector":{"id":"application-manageresources-display-component---newResourceUnit--resourceId","interaction":{"idSuffix":"inner"}},"wdio_ui5_key":"applicationmanageresources-display-component---newResourceUnit--resourceId"}]}
COMMAND: GET /session/21b1c319d9497a1534c1e8f10b3c3c22/screenshot - {}
RESULT: {"script":"<script> [1562 bytes]","args":[{"selector":{"id":"application-manageresources-display-component---newResourceUnit--resourceId","interaction":{"idSuffix":"inner"}},"wdio_ui5_key":"applicationmanageresources-display-component---newResourceUnit--resourceId"}]}
RESULT: undefined
COMMAND: POST /session/21b1c319d9497a1534c1e8f10b3c3c22/execute/async - {"script":"<script> [776 bytes]","args":[{"enterText":"Cgfogoxt6Z","selector":{"id":"application-manageresources-display-component---newResourceUnit--resourceId","interaction":{"idSuffix":"inner"}},"clearTextFirst":true,"interactionType":"ENTER_TEXT"}]}
RESULT: {}
RESULT: {"script":"<script> [776 bytes]","args":[{"enterText":"Cgfogoxt6Z","selector":{"id":"application-manageresources-display-component---newResourceUnit--resourceId","interaction":{"idSuffix":"inner"}},"clearTextFirst":true,"interactionType":"ENTER_TEXT"}]}
COMMAND: POST /session/21b1c319d9497a1534c1e8f10b3c3c22/execute/async - {"script":"<script> [1562 bytes]","args":[{"selector":{"id":"application-manageresources-display-component---newResourceUnit--SHORT_TEXT","interaction":{"idSuffix":"inner"}},"wdio_ui5_key":"applicationmanageresources-display-component---newResourceUnit--SHORT_TEXT"}]}
RESULT: {"script":"<script> [1562 bytes]","args":[{"selector":{"id":"application-manageresources-display-component---newResourceUnit--SHORT_TEXT","interaction":{"idSuffix":"inner"}},"wdio_ui5_key":"applicationmanageresources-display-component---newResourceUnit--SHORT_TEXT"}]}
RESULT: undefined
COMMAND: POST /session/21b1c319d9497a1534c1e8f10b3c3c22/execute/async - {"script":"<script> [776 bytes]","args":[{"enterText":"Intercompany Equipment WDIO","selector":{"id":"application-manageresources-display-component---newResourceUnit--SHORT_TEXT","interaction":{"idSuffix":"inner"}},"clearTextFirst":true,"interactionType":"ENTER_TEXT"}]}
RESULT: {"script":"<script> [776 bytes]","args":[{"enterText":"Intercompany Equipment WDIO","selector":{"id":"application-manageresources-display-component---newResourceUnit--SHORT_TEXT","interaction":{"idSuffix":"inner"}},"clearTextFirst":true,"interactionType":"ENTER_TEXT"}]}
COMMAND: POST /session/21b1c319d9497a1534c1e8f10b3c3c22/execute/async - {"script":"<script> [1562 bytes]","args":[{"selector":{"id":"application-manageresources-display-component---newResourceUnit--BASE_UNIT_OF_MEASURE","interaction":{"idSuffix":"inner"}},"wdio_ui5_key":"applicationmanageresources-display-component---newResourceUnit--BASE_UNIT_OF_MEASURE"}]}
RESULT: {"script":"<script> [1562 bytes]","args":[{"selector":{"id":"application-manageresources-display-component---newResourceUnit--BASE_UNIT_OF_MEASURE","interaction":{"idSuffix":"inner"}},"wdio_ui5_key":"applicationmanageresources-display-component---newResourceUnit--BASE_UNIT_OF_MEASURE"}]}
RESULT: undefined
COMMAND: POST /session/21b1c319d9497a1534c1e8f10b3c3c22/execute/async - {"script":"<script> [776 bytes]","args":[{"enterText":"Piece","selector":{"id":"application-manageresources-display-component---newResourceUnit--BASE_UNIT_OF_MEASURE","interaction":{"idSuffix":"inner"}},"clearTextFirst":true,"interactionType":"ENTER_TEXT"}]}
RESULT: {"script":"<script> [776 bytes]","args":[{"enterText":"Piece","selector":{"id":"application-manageresources-display-component---newResourceUnit--BASE_UNIT_OF_MEASURE","interaction":{"idSuffix":"inner"}},"clearTextFirst":true,"interactionType":"ENTER_TEXT"}]}
COMMAND: POST /session/21b1c319d9497a1534c1e8f10b3c3c22/execute/async - {"script":"<script> [1562 bytes]","args":[{"selector":{"id":"application-manageresources-display-component---newResourceUnit--WEIGHT_UNIT","interaction":{"idSuffix":"inner"}},"wdio_ui5_key":"applicationmanageresources-display-component---newResourceUnit--WEIGHT_UNIT"}]}
RESULT: {"script":"<script> [1562 bytes]","args":[{"selector":{"id":"application-manageresources-display-component---newResourceUnit--WEIGHT_UNIT","interaction":{"idSuffix":"inner"}},"wdio_ui5_key":"applicationmanageresources-display-component---newResourceUnit--WEIGHT_UNIT"}]}
RESULT: undefined
COMMAND: POST /session/21b1c319d9497a1534c1e8f10b3c3c22/execute/async - {"script":"<script> [776 bytes]","args":[{"enterText":"Gram","selector":{"id":"application-manageresources-display-component---newResourceUnit--WEIGHT_UNIT","interaction":{"idSuffix":"inner"}},"clearTextFirst":true,"interactionType":"ENTER_TEXT"}]}
RESULT: {"script":"<script> [776 bytes]","args":[{"enterText":"Gram","selector":{"id":"application-manageresources-display-component---newResourceUnit--WEIGHT_UNIT","interaction":{"idSuffix":"inner"}},"clearTextFirst":true,"interactionType":"ENTER_TEXT"}]}
COMMAND: POST /session/21b1c319d9497a1534c1e8f10b3c3c22/execute/async - {"script":"<script> [1562 bytes]","args":[{"selector":{"id":"application-manageresources-display-component---newResourceUnit--DIMENSION_UNIT","interaction":{"idSuffix":"inner"}},"wdio_ui5_key":"applicationmanageresources-display-component---newResourceUnit--DIMENSION_UNIT"}]}
RESULT: {"script":"<script> [1562 bytes]","args":[{"selector":{"id":"application-manageresources-display-component---newResourceUnit--DIMENSION_UNIT","interaction":{"idSuffix":"inner"}},"wdio_ui5_key":"applicationmanageresources-display-component---newResourceUnit--DIMENSION_UNIT"}]}
RESULT: undefined
COMMAND: POST /session/21b1c319d9497a1534c1e8f10b3c3c22/execute/async - {"script":"<script> [776 bytes]","args":[{"enterText":"Meter","selector":{"id":"application-manageresources-display-component---newResourceUnit--DIMENSION_UNIT","interaction":{"idSuffix":"inner"}},"clearTextFirst":true,"interactionType":"ENTER_TEXT"}]}
RESULT: {"script":"<script> [776 bytes]","args":[{"enterText":"Meter","selector":{"id":"application-manageresources-display-component---newResourceUnit--DIMENSION_UNIT","interaction":{"idSuffix":"inner"}},"clearTextFirst":true,"interactionType":"ENTER_TEXT"}]}
COMMAND: POST /session/21b1c319d9497a1534c1e8f10b3c3c22/execute/async - {"script":"<script> [1562 bytes]","args":[{"selector":{"id":"application-manageresources-display-component---newResourceUnit--newRRUPage-anchBar-application-manageresources-display-component---newResourceUnit--control-anchor","interaction":{"idSuffix":"BDI-content"}},"wdio_ui5_key":"applicationmanageresources-display-component---newResourceUnit--newRRUPage-anchBar-application-manageresources-display-component---newResourceUnit--control-anchor"}]}
RESULT: {"script":"<script> [1562 bytes]","args":[{"selector":{"id":"application-manageresources-display-component---newResourceUnit--newRRUPage-anchBar-application-manageresources-display-component---newResourceUnit--control-anchor","interaction":{"idSuffix":"BDI-content"}},"wdio_ui5_key":"applicationmanageresources-display-component---newResourceUnit--newRRUPage-anchBar-application-manageresources-display-component---newResourceUnit--control-anchor"}]}
RESULT: undefined
COMMAND: POST /session/21b1c319d9497a1534c1e8f10b3c3c22/element - {"using":"xpath","value":"//*[@id=\"application-manageresources-display-component---newResourceUnit--newRRUPage-anchBar-application-manageresources-display-component---newResourceUnit--control-anchor\"]"}
RESULT: {"using":"xpath","value":"//*[@id=\"application-manageresources-display-component---newResourceUnit--newRRUPage-anchBar-application-manageresources-display-component---newResourceUnit--control-anchor\"]"}
COMMAND: POST /session/21b1c319d9497a1534c1e8f10b3c3c22/element/f.49EE1B407E8AACFD24485764E1748811.d.29505A228070A17E35FF1A373657A9A0.e.1361/click - {}
RESULT: {}
COMMAND: POST /session/21b1c319d9497a1534c1e8f10b3c3c22/execute/async - {"script":"<script> [1562 bytes]","args":[{"selector":{"id":"application-manageresources-display-component---newResourceUnit--PLANNING_GROUP","interaction":{"idSuffix":"inner"}},"wdio_ui5_key":"applicationmanageresources-display-component---newResourceUnit--PLANNING_GROUP"}]}
COMMAND: GET /session/21b1c319d9497a1534c1e8f10b3c3c22/screenshot - {}
RESULT: {"script":"<script> [1562 bytes]","args":[{"selector":{"id":"application-manageresources-display-component---newResourceUnit--PLANNING_GROUP","interaction":{"idSuffix":"inner"}},"wdio_ui5_key":"applicationmanageresources-display-component---newResourceUnit--PLANNING_GROUP"}]}
RESULT: undefined
COMMAND: POST /session/21b1c319d9497a1534c1e8f10b3c3c22/execute/async - {"script":"<script> [776 bytes]","args":[{"enterText":"Heavy Equi","selector":{"id":"application-manageresources-display-component---newResourceUnit--PLANNING_GROUP","interaction":{"idSuffix":"inner"}},"clearTextFirst":true,"interactionType":"ENTER_TEXT"}]}
RESULT: {}
RESULT: {"script":"<script> [776 bytes]","args":[{"enterText":"Heavy Equi","selector":{"id":"application-manageresources-display-component---newResourceUnit--PLANNING_GROUP","interaction":{"idSuffix":"inner"}},"clearTextFirst":true,"interactionType":"ENTER_TEXT"}]}
COMMAND: POST /session/21b1c319d9497a1534c1e8f10b3c3c22/execute/async - {"script":"<script> [1562 bytes]","args":[{"selector":{"id":"application-manageresources-display-component---newResourceUnit--ITEM_TYPE-arrow"},"wdio_ui5_key":"applicationmanageresources-display-component---newResourceUnit--ITEM_TYPE-arrow"}]}
RESULT: {"script":"<script> [1562 bytes]","args":[{"selector":{"id":"application-manageresources-display-component---newResourceUnit--ITEM_TYPE-arrow"},"wdio_ui5_key":"applicationmanageresources-display-component---newResourceUnit--ITEM_TYPE-arrow"}]}
RESULT: undefined
COMMAND: POST /session/21b1c319d9497a1534c1e8f10b3c3c22/element - {"using":"xpath","value":"//*[@id=\"application-manageresources-display-component---newResourceUnit--ITEM_TYPE-arrow\"]"}
RESULT: {"using":"xpath","value":"//*[@id=\"application-manageresources-display-component---newResourceUnit--ITEM_TYPE-arrow\"]"}
COMMAND: POST /session/21b1c319d9497a1534c1e8f10b3c3c22/element/f.49EE1B407E8AACFD24485764E1748811.d.29505A228070A17E35FF1A373657A9A0.e.1370/click - {}
RESULT: {}
COMMAND: POST /session/21b1c319d9497a1534c1e8f10b3c3c22/element - {"using":"xpath","value":"(//span[contains(text(), \"Resource Unit\")])[2]"}
COMMAND: GET /session/21b1c319d9497a1534c1e8f10b3c3c22/screenshot - {}
RESULT: {"using":"xpath","value":"(//span[contains(text(), \"Resource Unit\")])[2]"}
COMMAND: POST /session/21b1c319d9497a1534c1e8f10b3c3c22/element/f.49EE1B407E8AACFD24485764E1748811.d.29505A228070A17E35FF1A373657A9A0.e.1371/click - {}
RESULT: {}
RESULT: {}
COMMAND: GET /session/21b1c319d9497a1534c1e8f10b3c3c22/screenshot - {}
RESULT: {}
COMMAND: POST /session/21b1c319d9497a1534c1e8f10b3c3c22/element - {"using":"css selector","value":"#application-manageresources-display-component---newResourceUnit--btnAddTimeSegment"}
RESULT: {"using":"css selector","value":"#application-manageresources-display-component---newResourceUnit--btnAddTimeSegment"}
COMMAND: GET /session/21b1c319d9497a1534c1e8f10b3c3c22/element/f.49EE1B407E8AACFD24485764E1748811.d.29505A228070A17E35FF1A373657A9A0.e.1378/rect - {}
RESULT: {}
COMMAND: GET /session/21b1c319d9497a1534c1e8f10b3c3c22/window/rect - {}
RESULT: {}
COMMAND: POST /session/21b1c319d9497a1534c1e8f10b3c3c22/execute/sync - {"script":"<script> [92 bytes]","args":[]}
RESULT: {"script":"<script> [92 bytes]","args":[]}
COMMAND: POST /session/21b1c319d9497a1534c1e8f10b3c3c22/actions - {"actions":[{"id":"action3","type":"wheel","parameters":{},"actions":[{"type":"scroll","x":-1888,"y":-32,"deltaX":0,"deltaY":0,"duration":0,"origin":{"element-6066-11e4-a52e-4f735466cecf":"f.49EE1B407E8AACFD24485764E1748811.d.29505A228070A17E35FF1A373657A9A0.e.1378"}}]}]}
COMMAND: GET /session/21b1c319d9497a1534c1e8f10b3c3c22/screenshot - {}
RESULT: {}
COMMAND: POST /session/21b1c319d9497a1534c1e8f10b3c3c22/execute/sync - {"script":"<script> [79 bytes]","args":[{"element-6066-11e4-a52e-4f735466cecf":"f.49EE1B407E8AACFD24485764E1748811.d.29505A228070A17E35FF1A373657A9A0.e.1378","ELEMENT":"f.49EE1B407E8AACFD24485764E1748811.d.29505A228070A17E35FF1A373657A9A0.e.1378"},{"block":"start","inline":"nearest"}]}
RESULT: {"script":"<script> [79 bytes]","args":[{"element-6066-11e4-a52e-4f735466cecf":"f.49EE1B407E8AACFD24485764E1748811.d.29505A228070A17E35FF1A373657A9A0.e.1378","ELEMENT":"f.49EE1B407E8AACFD24485764E1748811.d.29505A228070A17E35FF1A373657A9A0.e.1378"},{"block":"start","inline":"nearest"}]}
COMMAND: POST /session/21b1c319d9497a1534c1e8f10b3c3c22/execute/async - {"script":"<script> [1562 bytes]","args":[{"selector":{"id":"application-manageresources-display-component---newResourceUnit--btnAddTimeSegment","interaction":{"idSuffix":"inner"}},"wdio_ui5_key":"applicationmanageresources-display-component---newResourceUnit--btnAddTimeSegment"}]}
COMMAND: GET /session/21b1c319d9497a1534c1e8f10b3c3c22/screenshot - {}
RESULT: {"script":"<script> [1562 bytes]","args":[{"selector":{"id":"application-manageresources-display-component---newResourceUnit--btnAddTimeSegment","interaction":{"idSuffix":"inner"}},"wdio_ui5_key":"applicationmanageresources-display-component---newResourceUnit--btnAddTimeSegment"}]}
RESULT: undefined
COMMAND: POST /session/21b1c319d9497a1534c1e8f10b3c3c22/element - {"using":"xpath","value":"//*[@id=\"application-manageresources-display-component---newResourceUnit--btnAddTimeSegment\"]"}
RESULT: {}
RESULT: {"using":"xpath","value":"//*[@id=\"application-manageresources-display-component---newResourceUnit--btnAddTimeSegment\"]"}
COMMAND: POST /session/21b1c319d9497a1534c1e8f10b3c3c22/element/f.49EE1B407E8AACFD24485764E1748811.d.29505A228070A17E35FF1A373657A9A0.e.1378/click - {}
RESULT: {}
COMMAND: GET /session/21b1c319d9497a1534c1e8f10b3c3c22/screenshot - {}
RESULT: {}
COMMAND: POST /session/21b1c319d9497a1534c1e8f10b3c3c22/element - {"using":"xpath","value":"//input[@id=\"application-manageresources-display-component---newResourceUnit--idRuTSAdmin-application-manageresources-display-component---newResourceUnit--RUTimeSegment-0-inner\"]"}
RESULT: {"using":"xpath","value":"//input[@id=\"application-manageresources-display-component---newResourceUnit--idRuTSAdmin-application-manageresources-display-component---newResourceUnit--RUTimeSegment-0-inner\"]"}
COMMAND: POST /session/21b1c319d9497a1534c1e8f10b3c3c22/element/f.49EE1B407E8AACFD24485764E1748811.d.29505A228070A17E35FF1A373657A9A0.e.1384/clear - {}
RESULT: {}
COMMAND: POST /session/21b1c319d9497a1534c1e8f10b3c3c22/element/f.49EE1B407E8AACFD24485764E1748811.d.29505A228070A17E35FF1A373657A9A0.e.1384/value - {"text":"278"}
COMMAND: GET /session/21b1c319d9497a1534c1e8f10b3c3c22/screenshot - {}
RESULT: {"text":"278"}
COMMAND: GET /session/21b1c319d9497a1534c1e8f10b3c3c22/screenshot - {}
RESULT: {}
RESULT: {}
COMMAND: POST /session/21b1c319d9497a1534c1e8f10b3c3c22/element - {"using":"xpath","value":"//li[.//span[text()='278']]"}
RESULT: {"using":"xpath","value":"//li[.//span[text()='278']]"}
COMMAND: POST /session/21b1c319d9497a1534c1e8f10b3c3c22/element/f.49EE1B407E8AACFD24485764E1748811.d.29505A228070A17E35FF1A373657A9A0.e.1396/click - {}
RESULT: {}
COMMAND: GET /session/21b1c319d9497a1534c1e8f10b3c3c22/screenshot - {}
RESULT: {}
COMMAND: POST /session/21b1c319d9497a1534c1e8f10b3c3c22/element - {"using":"xpath","value":"(//span[contains(@id, \"-application-manageresources-display-component---newResourceUnit--RUTimeSegment-0-arrow\")])[6]"}
RESULT: {"using":"xpath","value":"(//span[contains(@id, \"-application-manageresources-display-component---newResourceUnit--RUTimeSegment-0-arrow\")])[6]"}
COMMAND: POST /session/21b1c319d9497a1534c1e8f10b3c3c22/element/f.49EE1B407E8AACFD24485764E1748811.d.29505A228070A17E35FF1A373657A9A0.e.1397/click - {}
RESULT: {}
COMMAND: GET /session/21b1c319d9497a1534c1e8f10b3c3c22/screenshot - {}
RESULT: {}
COMMAND: POST /session/21b1c319d9497a1534c1e8f10b3c3c22/element - {"using":"xpath","value":"//span[contains(text(), \"PM Order\")]"}
RESULT: {"using":"xpath","value":"//span[contains(text(), \"PM Order\")]"}
COMMAND: POST /session/21b1c319d9497a1534c1e8f10b3c3c22/element/f.49EE1B407E8AACFD24485764E1748811.d.29505A228070A17E35FF1A373657A9A0.e.1400/click - {}
RESULT: {}
COMMAND: GET /session/21b1c319d9497a1534c1e8f10b3c3c22/screenshot - {}
RESULT: {}
COMMAND: POST /session/21b1c319d9497a1534c1e8f10b3c3c22/element - {"using":"xpath","value":"(//span[contains(@id ,\"manageresources-display-component---newResourceUnit--RUTimeSegment-0-vhi\")])[1]"}
RESULT: {"using":"xpath","value":"(//span[contains(@id ,\"manageresources-display-component---newResourceUnit--RUTimeSegment-0-vhi\")])[1]"}
COMMAND: GET /session/21b1c319d9497a1534c1e8f10b3c3c22/element/f.49EE1B407E8AACFD24485764E1748811.d.29505A228070A17E35FF1A373657A9A0.e.1404/rect - {}
RESULT: {}
COMMAND: GET /session/21b1c319d9497a1534c1e8f10b3c3c22/window/rect - {}
RESULT: {}
COMMAND: POST /session/21b1c319d9497a1534c1e8f10b3c3c22/execute/sync - {"script":"<script> [92 bytes]","args":[]}
RESULT: {"script":"<script> [92 bytes]","args":[]}
COMMAND: POST /session/21b1c319d9497a1534c1e8f10b3c3c22/actions - {"actions":[{"id":"action4","type":"wheel","parameters":{},"actions":[{"type":"scroll","x":-869,"y":-24,"deltaX":0,"deltaY":0,"duration":0,"origin":{"element-6066-11e4-a52e-4f735466cecf":"f.49EE1B407E8AACFD24485764E1748811.d.29505A228070A17E35FF1A373657A9A0.e.1404"}}]}]}
COMMAND: GET /session/21b1c319d9497a1534c1e8f10b3c3c22/screenshot - {}
RESULT: {"actions":[{"id":"action4","type":"wheel","parameters":{},"actions":[{"type":"scroll","x":-869,"y":-24,"deltaX":0,"deltaY":0,"duration":0,"origin":{"element-6066-11e4-a52e-4f735466cecf":"f.49EE1B407E8AACFD24485764E1748811.d.29505A228070A17E35FF1A373657A9A0.e.1404"}}]}]}
COMMAND: DELETE /session/21b1c319d9497a1534c1e8f10b3c3c22/actions - {}
COMMAND: GET /session/21b1c319d9497a1534c1e8f10b3c3c22/screenshot - {}
RESULT: {}
RESULT: {}
COMMAND: GET /session/21b1c319d9497a1534c1e8f10b3c3c22/screenshot - {}
RESULT: {}
RESULT: {}
COMMAND: POST /session/21b1c319d9497a1534c1e8f10b3c3c22/element/f.49EE1B407E8AACFD24485764E1748811.d.29505A228070A17E35FF1A373657A9A0.e.1404/click - {}
RESULT: {}
COMMAND: GET /session/21b1c319d9497a1534c1e8f10b3c3c22/screenshot - {}
RESULT: {}
RESULT: undefined
COMMAND: POST /session/21b1c319d9497a1534c1e8f10b3c3c22/execute/async - {"script":"<script> [776 bytes]","args":[{"enterText":"4000360","selector":{"controlType":"sap.m.SearchField","properties":{"placeholder":"Search"},"searchOpenDialogs":true,"interaction":{"idSuffix":"I"}},"clearTextFirst":true,"interactionType":"ENTER_TEXT"}]}
RESULT: {"script":"<script> [776 bytes]","args":[{"enterText":"4000360","selector":{"controlType":"sap.m.SearchField","properties":{"placeholder":"Search"},"searchOpenDialogs":true,"interaction":{"idSuffix":"I"}},"clearTextFirst":true,"interactionType":"ENTER_TEXT"}]}
COMMAND: POST /session/21b1c319d9497a1534c1e8f10b3c3c22/actions - {"actions":[{"id":"action5","type":"key","parameters":{},"actions":[{"type":"keyDown","value":""},{"type":"pause","duration":10},{"type":"keyUp","value":""}]}]}
RESULT: {"actions":[{"id":"action5","type":"key","parameters":{},"actions":[{"type":"keyDown","value":""},{"type":"pause","duration":10},{"type":"keyUp","value":""}]}]}
COMMAND: GET /session/21b1c319d9497a1534c1e8f10b3c3c22/screenshot - {}
RESULT: {}
COMMAND: POST /session/21b1c319d9497a1534c1e8f10b3c3c22/element - {"using":"xpath","value":"//td/div/span[contains(text(), \"BGL Vehicles\")]"}
RESULT: {"using":"xpath","value":"//td/div/span[contains(text(), \"BGL Vehicles\")]"}
COMMAND: POST /session/21b1c319d9497a1534c1e8f10b3c3c22/element/f.49EE1B407E8AACFD24485764E1748811.d.29505A228070A17E35FF1A373657A9A0.e.1424/click - {}
RESULT: {}
COMMAND: GET /session/21b1c319d9497a1534c1e8f10b3c3c22/screenshot - {}
RESULT: {}
COMMAND: POST /session/21b1c319d9497a1534c1e8f10b3c3c22/element - {"using":"xpath","value":"//bdi[contains(text(), \"OK\")]"}
RESULT: {"using":"xpath","value":"//bdi[contains(text(), \"OK\")]"}
COMMAND: POST /session/21b1c319d9497a1534c1e8f10b3c3c22/element/f.49EE1B407E8AACFD24485764E1748811.d.29505A228070A17E35FF1A373657A9A0.e.1425/click - {}
RESULT: {}
COMMAND: GET /session/21b1c319d9497a1534c1e8f10b3c3c22/screenshot - {}
RESULT: {}
COMMAND: POST /session/21b1c319d9497a1534c1e8f10b3c3c22/execute/async - {"script":"<script> [1562 bytes]","args":[{"selector":{"id":"application-manageresources-display-component---newResourceUnit--newRRUPage-anchBar-application-manageresources-display-component---newResourceUnit--resource-anchor","interaction":{"idSuffix":"BDI-content"}},"wdio_ui5_key":"applicationmanageresources-display-component---newResourceUnit--newRRUPage-anchBar-application-manageresources-display-component---newResourceUnit--resource-anchor"}]}
RESULT: {"script":"<script> [1562 bytes]","args":[{"selector":{"id":"application-manageresources-display-component---newResourceUnit--newRRUPage-anchBar-application-manageresources-display-component---newResourceUnit--resource-anchor","interaction":{"idSuffix":"BDI-content"}},"wdio_ui5_key":"applicationmanageresources-display-component---newResourceUnit--newRRUPage-anchBar-application-manageresources-display-component---newResourceUnit--resource-anchor"}]}
RESULT: undefined
COMMAND: POST /session/21b1c319d9497a1534c1e8f10b3c3c22/element - {"using":"xpath","value":"//*[@id=\"application-manageresources-display-component---newResourceUnit--newRRUPage-anchBar-application-manageresources-display-component---newResourceUnit--resource-anchor\"]"}
RESULT: {"using":"xpath","value":"//*[@id=\"application-manageresources-display-component---newResourceUnit--newRRUPage-anchBar-application-manageresources-display-component---newResourceUnit--resource-anchor\"]"}
COMMAND: POST /session/21b1c319d9497a1534c1e8f10b3c3c22/element/f.49EE1B407E8AACFD24485764E1748811.d.29505A228070A17E35FF1A373657A9A0.e.1429/click - {}
RESULT: {}
COMMAND: POST /session/21b1c319d9497a1534c1e8f10b3c3c22/execute/async - {"script":"<script> [1562 bytes]","args":[{"selector":{"id":"application-manageresources-display-component---newResourceUnit--PLANNED_DELIVERY_DATE","interaction":{"idSuffix":"inner"}},"wdio_ui5_key":"applicationmanageresources-display-component---newResourceUnit--PLANNED_DELIVERY_DATE"}]}
COMMAND: GET /session/21b1c319d9497a1534c1e8f10b3c3c22/screenshot - {}
RESULT: {"script":"<script> [1562 bytes]","args":[{"selector":{"id":"application-manageresources-display-component---newResourceUnit--PLANNED_DELIVERY_DATE","interaction":{"idSuffix":"inner"}},"wdio_ui5_key":"applicationmanageresources-display-component---newResourceUnit--PLANNED_DELIVERY_DATE"}]}
RESULT: undefined
COMMAND: POST /session/21b1c319d9497a1534c1e8f10b3c3c22/execute/async - {"script":"<script> [6424 bytes]","args":[{"element-6066-11e4-a52e-4f735466cecf":"f.49EE1B407E8AACFD24485764E1748811.d.29505A228070A17E35FF1A373657A9A0.e.1260"},"setValue",["5/25/25"]]}
RESULT: {}
RESULT: {"script":"<script> [6424 bytes]","args":[{"element-6066-11e4-a52e-4f735466cecf":"f.49EE1B407E8AACFD24485764E1748811.d.29505A228070A17E35FF1A373657A9A0.e.1260"},"setValue",["5/25/25"]]}
COMMAND: POST /session/21b1c319d9497a1534c1e8f10b3c3c22/element - {"using":"xpath","value":"//label[contains(@class, 'sapMLabelRequired') and .//bdi[contains(text(), 'Planned Retirement')]]"}
RESULT: {"using":"xpath","value":"//label[contains(@class, 'sapMLabelRequired') and .//bdi[contains(text(), 'Planned Retirement')]]"}
COMMAND: POST /session/21b1c319d9497a1534c1e8f10b3c3c22/elements - {"using":"xpath","value":"//label[contains(@class, 'sapMLabelRequired') and .//bdi[contains(text(), 'Planned Retirement')]]"}
RESULT: {"using":"xpath","value":"//label[contains(@class, 'sapMLabelRequired') and .//bdi[contains(text(), 'Planned Retirement')]]"}
COMMAND: POST /session/21b1c319d9497a1534c1e8f10b3c3c22/element - {"using":"xpath","value":"//button[@data-kt=\"resourceUnitSaveButton\"]"}
RESULT: {"using":"xpath","value":"//button[@data-kt=\"resourceUnitSaveButton\"]"}
COMMAND: POST /session/21b1c319d9497a1534c1e8f10b3c3c22/element/f.49EE1B407E8AACFD24485764E1748811.d.29505A228070A17E35FF1A373657A9A0.e.1220/click - {}
RESULT: {}
COMMAND: GET /session/21b1c319d9497a1534c1e8f10b3c3c22/screenshot - {}
RESULT: {}
COMMAND: POST /session/21b1c319d9497a1534c1e8f10b3c3c22/element - {"using":"xpath","value":"//bdi[contains(text(), \"Close\")]"}
RESULT: {"using":"xpath","value":"//bdi[contains(text(), \"Close\")]"}
COMMAND: POST /session/21b1c319d9497a1534c1e8f10b3c3c22/element/f.49EE1B407E8AACFD24485764E1748811.d.29505A228070A17E35FF1A373657A9A0.e.1437/click - {}
RESULT: {}
COMMAND: GET /session/21b1c319d9497a1534c1e8f10b3c3c22/screenshot - {}
RESULT: {}
COMMAND: POST /session/21b1c319d9497a1534c1e8f10b3c3c22/element - {"using":"xpath","value":"(//button[contains(@id ,\"actionsToolbar-overflowButton\")])[1]"}
RESULT: {"using":"xpath","value":"(//button[contains(@id ,\"actionsToolbar-overflowButton\")])[1]"}
COMMAND: POST /session/21b1c319d9497a1534c1e8f10b3c3c22/element/f.49EE1B407E8AACFD24485764E1748811.d.29505A228070A17E35FF1A373657A9A0.e.1469/click - {}
RESULT: {}
COMMAND: GET /session/21b1c319d9497a1534c1e8f10b3c3c22/screenshot - {}
RESULT: {}
COMMAND: POST /session/21b1c319d9497a1534c1e8f10b3c3c22/element - {"using":"xpath","value":"//button[@data-kt=\"priceInfoButton\"]"}
RESULT: {"using":"xpath","value":"//button[@data-kt=\"priceInfoButton\"]"}
COMMAND: POST /session/21b1c319d9497a1534c1e8f10b3c3c22/element/f.49EE1B407E8AACFD24485764E1748811.d.29505A228070A17E35FF1A373657A9A0.e.1471/click - {}
RESULT: {}
COMMAND: GET /session/21b1c319d9497a1534c1e8f10b3c3c22/screenshot - {}
RESULT: {}
COMMAND: POST /session/21b1c319d9497a1534c1e8f10b3c3c22/element - {"using":"css selector","value":"#shell-header-logo"}
RESULT: {"using":"css selector","value":"#shell-header-logo"}
COMMAND: POST /session/21b1c319d9497a1534c1e8f10b3c3c22/element/f.49EE1B407E8AACFD24485764E1748811.d.29505A228070A17E35FF1A373657A9A0.e.1009/click - {}
RESULT: {}
]]></system-out>
    </testcase>
    <testcase classname="chrome.136_0_7103_93.windows.Create_condition_pricing_US117289_US134625" name="Should create new condition" time="73.536">
      <system-out><![CDATA[
COMMAND: POST /session/21b1c319d9497a1534c1e8f10b3c3c22/execute/async - {"script":"<script> [1562 bytes]","args":[{"selector":{"controlType":"sap.m.GenericTile","properties":{"header":"Manage Conditions & Prices"}},"wdio_ui5_key":"sapm.GenericTile{\"header\":\"Manage Conditions & Prices\"}"}]}
COMMAND: GET /session/21b1c319d9497a1534c1e8f10b3c3c22/screenshot - {}
RESULT: {"script":"<script> [1562 bytes]","args":[{"selector":{"controlType":"sap.m.GenericTile","properties":{"header":"Manage Conditions & Prices"}},"wdio_ui5_key":"sapm.GenericTile{\"header\":\"Manage Conditions & Prices\"}"}]}
RESULT: undefined
COMMAND: POST /session/21b1c319d9497a1534c1e8f10b3c3c22/element - {"using":"xpath","value":"//*[@id=\"__tile53\"]"}
RESULT: {}
RESULT: {"using":"xpath","value":"//*[@id=\"__tile53\"]"}
COMMAND: POST /session/21b1c319d9497a1534c1e8f10b3c3c22/element/f.49EE1B407E8AACFD24485764E1748811.d.29505A228070A17E35FF1A373657A9A0.e.206/click - {}
RESULT: {}
COMMAND: GET /session/21b1c319d9497a1534c1e8f10b3c3c22/screenshot - {}
RESULT: {}
COMMAND: POST /session/21b1c319d9497a1534c1e8f10b3c3c22/elements - {"using":"xpath","value":"//span[text()='Error']"}
RESULT: {"using":"xpath","value":"//span[text()='Error']"}
COMMAND: POST /session/21b1c319d9497a1534c1e8f10b3c3c22/element - {"using":"xpath","value":"//button[@aria-label=\"Create\"]"}
RESULT: {"using":"xpath","value":"//button[@aria-label=\"Create\"]"}
COMMAND: POST /session/21b1c319d9497a1534c1e8f10b3c3c22/elements - {"using":"xpath","value":"//button[@aria-label=\"Create\"]"}
RESULT: {"using":"xpath","value":"//button[@aria-label=\"Create\"]"}
COMMAND: POST /session/21b1c319d9497a1534c1e8f10b3c3c22/elements - {"using":"xpath","value":"//button[@aria-label=\"Create\"]"}
RESULT: {"using":"xpath","value":"//button[@aria-label=\"Create\"]"}
COMMAND: POST /session/21b1c319d9497a1534c1e8f10b3c3c22/elements - {"using":"xpath","value":"//button[@aria-label=\"Create\"]"}
RESULT: {"using":"xpath","value":"//button[@aria-label=\"Create\"]"}
COMMAND: POST /session/21b1c319d9497a1534c1e8f10b3c3c22/elements - {"using":"xpath","value":"//button[@aria-label=\"Create\"]"}
RESULT: {"using":"xpath","value":"//button[@aria-label=\"Create\"]"}
COMMAND: POST /session/21b1c319d9497a1534c1e8f10b3c3c22/elements - {"using":"xpath","value":"//button[@aria-label=\"Create\"]"}
RESULT: {"using":"xpath","value":"//button[@aria-label=\"Create\"]"}
COMMAND: POST /session/21b1c319d9497a1534c1e8f10b3c3c22/element - {"using":"xpath","value":"//button[@aria-label=\"Create\"]"}
RESULT: {"using":"xpath","value":"//button[@aria-label=\"Create\"]"}
COMMAND: POST /session/21b1c319d9497a1534c1e8f10b3c3c22/execute/sync - {"script":"<script> [8489 bytes]","args":[{"element-6066-11e4-a52e-4f735466cecf":"f.49EE1B407E8AACFD24485764E1748811.d.29505A228070A17E35FF1A373657A9A0.e.1545","ELEMENT":"f.49EE1B407E8AACFD24485764E1748811.d.29505A228070A17E35FF1A373657A9A0.e.1545"}]}
RESULT: {"script":"<script> [8489 bytes]","args":[{"element-6066-11e4-a52e-4f735466cecf":"f.49EE1B407E8AACFD24485764E1748811.d.29505A228070A17E35FF1A373657A9A0.e.1545","ELEMENT":"f.49EE1B407E8AACFD24485764E1748811.d.29505A228070A17E35FF1A373657A9A0.e.1545"}]}
COMMAND: GET /session/21b1c319d9497a1534c1e8f10b3c3c22/element/f.49EE1B407E8AACFD24485764E1748811.d.29505A228070A17E35FF1A373657A9A0.e.1545/enabled - {}
COMMAND: GET /session/21b1c319d9497a1534c1e8f10b3c3c22/screenshot - {}
RESULT: {}
COMMAND: POST /session/21b1c319d9497a1534c1e8f10b3c3c22/execute/sync - {"script":"<script> [8489 bytes]","args":[{"element-6066-11e4-a52e-4f735466cecf":"f.49EE1B407E8AACFD24485764E1748811.d.29505A228070A17E35FF1A373657A9A0.e.1545","ELEMENT":"f.49EE1B407E8AACFD24485764E1748811.d.29505A228070A17E35FF1A373657A9A0.e.1545"}]}
COMMAND: GET /session/21b1c319d9497a1534c1e8f10b3c3c22/screenshot - {}
RESULT: {}
RESULT: {"script":"<script> [8489 bytes]","args":[{"element-6066-11e4-a52e-4f735466cecf":"f.49EE1B407E8AACFD24485764E1748811.d.29505A228070A17E35FF1A373657A9A0.e.1545","ELEMENT":"f.49EE1B407E8AACFD24485764E1748811.d.29505A228070A17E35FF1A373657A9A0.e.1545"}]}
COMMAND: POST /session/21b1c319d9497a1534c1e8f10b3c3c22/execute/sync - {"script":"<script> [5351 bytes]","args":[{"element-6066-11e4-a52e-4f735466cecf":"f.49EE1B407E8AACFD24485764E1748811.d.29505A228070A17E35FF1A373657A9A0.e.1545","ELEMENT":"f.49EE1B407E8AACFD24485764E1748811.d.29505A228070A17E35FF1A373657A9A0.e.1545"}]}
COMMAND: GET /session/21b1c319d9497a1534c1e8f10b3c3c22/screenshot - {}
RESULT: {}
RESULT: {"script":"<script> [5351 bytes]","args":[{"element-6066-11e4-a52e-4f735466cecf":"f.49EE1B407E8AACFD24485764E1748811.d.29505A228070A17E35FF1A373657A9A0.e.1545","ELEMENT":"f.49EE1B407E8AACFD24485764E1748811.d.29505A228070A17E35FF1A373657A9A0.e.1545"}]}
COMMAND: POST /session/21b1c319d9497a1534c1e8f10b3c3c22/element/f.49EE1B407E8AACFD24485764E1748811.d.29505A228070A17E35FF1A373657A9A0.e.1545/click - {}
COMMAND: GET /session/21b1c319d9497a1534c1e8f10b3c3c22/screenshot - {}
RESULT: {}
RESULT: {}
COMMAND: GET /session/21b1c319d9497a1534c1e8f10b3c3c22/screenshot - {}
RESULT: {}
RESULT: {}
COMMAND: POST /session/21b1c319d9497a1534c1e8f10b3c3c22/actions - {"actions":[{"id":"action6","type":"key","parameters":{},"actions":[{"type":"keyDown","value":""},{"type":"pause","duration":10},{"type":"keyUp","value":""}]}]}
RESULT: {"actions":[{"id":"action6","type":"key","parameters":{},"actions":[{"type":"keyDown","value":""},{"type":"pause","duration":10},{"type":"keyUp","value":""}]}]}
COMMAND: GET /session/21b1c319d9497a1534c1e8f10b3c3c22/screenshot - {}
RESULT: {}
COMMAND: POST /session/21b1c319d9497a1534c1e8f10b3c3c22/execute/async - {"script":"<script> [1562 bytes]","args":[{"selector":{"id":"application-manageconditionprice-display-component---newCondition--condBillCond-arrow"},"wdio_ui5_key":"applicationmanageconditionprice-display-component---newCondition--condBillCond-arrow"}]}
RESULT: {"script":"<script> [1562 bytes]","args":[{"selector":{"id":"application-manageconditionprice-display-component---newCondition--condBillCond-arrow"},"wdio_ui5_key":"applicationmanageconditionprice-display-component---newCondition--condBillCond-arrow"}]}
RESULT: undefined
COMMAND: POST /session/21b1c319d9497a1534c1e8f10b3c3c22/element - {"using":"xpath","value":"//*[@id=\"application-manageconditionprice-display-component---newCondition--condBillCond-arrow\"]"}
RESULT: {"using":"xpath","value":"//*[@id=\"application-manageconditionprice-display-component---newCondition--condBillCond-arrow\"]"}
COMMAND: POST /session/21b1c319d9497a1534c1e8f10b3c3c22/element/f.49EE1B407E8AACFD24485764E1748811.d.29505A228070A17E35FF1A373657A9A0.e.1725/click - {}
RESULT: {}
COMMAND: GET /session/21b1c319d9497a1534c1e8f10b3c3c22/screenshot - {}
RESULT: {}
COMMAND: POST /session/21b1c319d9497a1534c1e8f10b3c3c22/element - {"using":"xpath","value":"//li[.//span[contains(text(), \"SAPR - Sales price\")]]"}
RESULT: {"using":"xpath","value":"//li[.//span[contains(text(), \"SAPR - Sales price\")]]"}
COMMAND: POST /session/21b1c319d9497a1534c1e8f10b3c3c22/element/f.49EE1B407E8AACFD24485764E1748811.d.29505A228070A17E35FF1A373657A9A0.e.1728/click - {}
RESULT: {}
COMMAND: GET /session/21b1c319d9497a1534c1e8f10b3c3c22/screenshot - {}
RESULT: {}
COMMAND: POST /session/21b1c319d9497a1534c1e8f10b3c3c22/execute/async - {"script":"<script> [1562 bytes]","args":[{"selector":{"id":"application-manageconditionprice-display-component---newCondition--condValidTo","interaction":{"idSuffix":"inner"}},"wdio_ui5_key":"applicationmanageconditionprice-display-component---newCondition--condValidTo"}]}
RESULT: {"script":"<script> [1562 bytes]","args":[{"selector":{"id":"application-manageconditionprice-display-component---newCondition--condValidTo","interaction":{"idSuffix":"inner"}},"wdio_ui5_key":"applicationmanageconditionprice-display-component---newCondition--condValidTo"}]}
RESULT: undefined
COMMAND: POST /session/21b1c319d9497a1534c1e8f10b3c3c22/execute/async - {"script":"<script> [776 bytes]","args":[{"enterText":"1/25/26","selector":{"id":"application-manageconditionprice-display-component---newCondition--condValidTo","interaction":{"idSuffix":"inner"}},"clearTextFirst":true,"interactionType":"ENTER_TEXT"}]}
RESULT: {"script":"<script> [776 bytes]","args":[{"enterText":"1/25/26","selector":{"id":"application-manageconditionprice-display-component---newCondition--condValidTo","interaction":{"idSuffix":"inner"}},"clearTextFirst":true,"interactionType":"ENTER_TEXT"}]}
COMMAND: POST /session/21b1c319d9497a1534c1e8f10b3c3c22/element - {"using":"xpath","value":"//input[@id=\"application-manageconditionprice-display-component---newCondition--condRU-inner\"]"}
RESULT: {"using":"xpath","value":"//input[@id=\"application-manageconditionprice-display-component---newCondition--condRU-inner\"]"}
COMMAND: POST /session/21b1c319d9497a1534c1e8f10b3c3c22/element/f.49EE1B407E8AACFD24485764E1748811.d.29505A228070A17E35FF1A373657A9A0.e.1589/clear - {}
RESULT: {}
COMMAND: POST /session/21b1c319d9497a1534c1e8f10b3c3c22/element/f.49EE1B407E8AACFD24485764E1748811.d.29505A228070A17E35FF1A373657A9A0.e.1589/value - {"text":"Cgfogoxt6Z"}
COMMAND: GET /session/21b1c319d9497a1534c1e8f10b3c3c22/screenshot - {}
RESULT: {"text":"Cgfogoxt6Z"}
COMMAND: GET /session/21b1c319d9497a1534c1e8f10b3c3c22/screenshot - {}
RESULT: {}
RESULT: {}
COMMAND: POST /session/21b1c319d9497a1534c1e8f10b3c3c22/actions - {"actions":[{"id":"action7","type":"key","parameters":{},"actions":[{"type":"keyDown","value":""},{"type":"pause","duration":10},{"type":"keyUp","value":""}]}]}
RESULT: {"actions":[{"id":"action7","type":"key","parameters":{},"actions":[{"type":"keyDown","value":""},{"type":"pause","duration":10},{"type":"keyUp","value":""}]}]}
COMMAND: POST /session/21b1c319d9497a1534c1e8f10b3c3c22/execute/async - {"script":"<script> [1562 bytes]","args":[{"selector":{"id":"application-manageconditionprice-display-component---newCondition--condBaseQty","interaction":{"idSuffix":"inner"}},"wdio_ui5_key":"applicationmanageconditionprice-display-component---newCondition--condBaseQty"}]}
COMMAND: GET /session/21b1c319d9497a1534c1e8f10b3c3c22/screenshot - {}
RESULT: {}
RESULT: {"script":"<script> [1562 bytes]","args":[{"selector":{"id":"application-manageconditionprice-display-component---newCondition--condBaseQty","interaction":{"idSuffix":"inner"}},"wdio_ui5_key":"applicationmanageconditionprice-display-component---newCondition--condBaseQty"}]}
RESULT: undefined
COMMAND: POST /session/21b1c319d9497a1534c1e8f10b3c3c22/execute/async - {"script":"<script> [776 bytes]","args":[{"enterText":"1","selector":{"id":"application-manageconditionprice-display-component---newCondition--condBaseQty","interaction":{"idSuffix":"inner"}},"clearTextFirst":true,"interactionType":"ENTER_TEXT"}]}
RESULT: {"script":"<script> [776 bytes]","args":[{"enterText":"1","selector":{"id":"application-manageconditionprice-display-component---newCondition--condBaseQty","interaction":{"idSuffix":"inner"}},"clearTextFirst":true,"interactionType":"ENTER_TEXT"}]}
COMMAND: POST /session/21b1c319d9497a1534c1e8f10b3c3c22/execute/async - {"script":"<script> [1562 bytes]","args":[{"selector":{"id":"application-manageconditionprice-display-component---newCondition--condValue","interaction":{"idSuffix":"inner"}},"wdio_ui5_key":"applicationmanageconditionprice-display-component---newCondition--condValue"}]}
RESULT: {"script":"<script> [1562 bytes]","args":[{"selector":{"id":"application-manageconditionprice-display-component---newCondition--condValue","interaction":{"idSuffix":"inner"}},"wdio_ui5_key":"applicationmanageconditionprice-display-component---newCondition--condValue"}]}
RESULT: undefined
COMMAND: POST /session/21b1c319d9497a1534c1e8f10b3c3c22/execute/async - {"script":"<script> [776 bytes]","args":[{"enterText":"200","selector":{"id":"application-manageconditionprice-display-component---newCondition--condValue","interaction":{"idSuffix":"inner"}},"clearTextFirst":true,"interactionType":"ENTER_TEXT"}]}
RESULT: {"script":"<script> [776 bytes]","args":[{"enterText":"200","selector":{"id":"application-manageconditionprice-display-component---newCondition--condValue","interaction":{"idSuffix":"inner"}},"clearTextFirst":true,"interactionType":"ENTER_TEXT"}]}
COMMAND: POST /session/21b1c319d9497a1534c1e8f10b3c3c22/execute/async - {"script":"<script> [1562 bytes]","args":[{"selector":{"id":"application-manageconditionprice-display-component---newCondition--condCurr-arrow"},"wdio_ui5_key":"applicationmanageconditionprice-display-component---newCondition--condCurr-arrow"}]}
RESULT: {"script":"<script> [1562 bytes]","args":[{"selector":{"id":"application-manageconditionprice-display-component---newCondition--condCurr-arrow"},"wdio_ui5_key":"applicationmanageconditionprice-display-component---newCondition--condCurr-arrow"}]}
RESULT: undefined
COMMAND: POST /session/21b1c319d9497a1534c1e8f10b3c3c22/element - {"using":"xpath","value":"//*[@id=\"application-manageconditionprice-display-component---newCondition--condCurr-arrow\"]"}
RESULT: {"using":"xpath","value":"//*[@id=\"application-manageconditionprice-display-component---newCondition--condCurr-arrow\"]"}
COMMAND: POST /session/21b1c319d9497a1534c1e8f10b3c3c22/element/f.49EE1B407E8AACFD24485764E1748811.d.29505A228070A17E35FF1A373657A9A0.e.1689/click - {}
RESULT: {}
COMMAND: POST /session/21b1c319d9497a1534c1e8f10b3c3c22/element - {"using":"xpath","value":"//span[contains(text(), \"Euro\")]"}
COMMAND: GET /session/21b1c319d9497a1534c1e8f10b3c3c22/screenshot - {}
RESULT: {"using":"xpath","value":"//span[contains(text(), \"Euro\")]"}
COMMAND: POST /session/21b1c319d9497a1534c1e8f10b3c3c22/element/f.49EE1B407E8AACFD24485764E1748811.d.29505A228070A17E35FF1A373657A9A0.e.1766/click - {}
RESULT: {}
RESULT: {}
COMMAND: POST /session/21b1c319d9497a1534c1e8f10b3c3c22/element - {"using":"xpath","value":"//button[@data-kt=\"saveButton\"]"}
COMMAND: GET /session/21b1c319d9497a1534c1e8f10b3c3c22/screenshot - {}
RESULT: {"using":"xpath","value":"//button[@data-kt=\"saveButton\"]"}
COMMAND: POST /session/21b1c319d9497a1534c1e8f10b3c3c22/element/f.49EE1B407E8AACFD24485764E1748811.d.29505A228070A17E35FF1A373657A9A0.e.1690/click - {}
RESULT: {}
RESULT: {}
COMMAND: GET /session/21b1c319d9497a1534c1e8f10b3c3c22/screenshot - {}
RESULT: {}
COMMAND: POST /session/21b1c319d9497a1534c1e8f10b3c3c22/execute/async - {"script":"<script> [1562 bytes]","args":[{"selector":{"id":"application-manageconditionprice-display-component---conditions--smartFilterBar-btnBasicSearch","interaction":{"idSuffix":"I"}},"wdio_ui5_key":"applicationmanageconditionprice-display-component---conditions--smartFilterBar-btnBasicSearch"}]}
RESULT: {"script":"<script> [1562 bytes]","args":[{"selector":{"id":"application-manageconditionprice-display-component---conditions--smartFilterBar-btnBasicSearch","interaction":{"idSuffix":"I"}},"wdio_ui5_key":"applicationmanageconditionprice-display-component---conditions--smartFilterBar-btnBasicSearch"}]}
RESULT: undefined
COMMAND: POST /session/21b1c319d9497a1534c1e8f10b3c3c22/execute/async - {"script":"<script> [776 bytes]","args":[{"enterText":"Cgfogoxt6Z","selector":{"id":"application-manageconditionprice-display-component---conditions--smartFilterBar-btnBasicSearch","interaction":{"idSuffix":"I"}},"clearTextFirst":true,"interactionType":"ENTER_TEXT"}]}
RESULT: {"script":"<script> [776 bytes]","args":[{"enterText":"Cgfogoxt6Z","selector":{"id":"application-manageconditionprice-display-component---conditions--smartFilterBar-btnBasicSearch","interaction":{"idSuffix":"I"}},"clearTextFirst":true,"interactionType":"ENTER_TEXT"}]}
COMMAND: POST /session/21b1c319d9497a1534c1e8f10b3c3c22/actions - {"actions":[{"id":"action8","type":"key","parameters":{},"actions":[{"type":"keyDown","value":""},{"type":"pause","duration":10},{"type":"keyUp","value":""}]}]}
RESULT: {"actions":[{"id":"action8","type":"key","parameters":{},"actions":[{"type":"keyDown","value":""},{"type":"pause","duration":10},{"type":"keyUp","value":""}]}]}
COMMAND: GET /session/21b1c319d9497a1534c1e8f10b3c3c22/screenshot - {}
RESULT: {}
COMMAND: POST /session/21b1c319d9497a1534c1e8f10b3c3c22/execute/async - {"script":"<script> [1562 bytes]","args":[{"selector":{"id":"application-manageconditionprice-display-component---conditions--smartFilterBar-filterItemControl_BASIC-BILL_TYPES-vhi"},"wdio_ui5_key":"applicationmanageconditionprice-display-component---conditions--smartFilterBar-filterItemControl_BASIC-BILL_TYPES-vhi"}]}
RESULT: {"script":"<script> [1562 bytes]","args":[{"selector":{"id":"application-manageconditionprice-display-component---conditions--smartFilterBar-filterItemControl_BASIC-BILL_TYPES-vhi"},"wdio_ui5_key":"applicationmanageconditionprice-display-component---conditions--smartFilterBar-filterItemControl_BASIC-BILL_TYPES-vhi"}]}
RESULT: undefined
COMMAND: POST /session/21b1c319d9497a1534c1e8f10b3c3c22/element - {"using":"xpath","value":"//*[@id=\"application-manageconditionprice-display-component---conditions--smartFilterBar-filterItemControl_BASIC-BILL_TYPES-vhi\"]"}
RESULT: {"using":"xpath","value":"//*[@id=\"application-manageconditionprice-display-component---conditions--smartFilterBar-filterItemControl_BASIC-BILL_TYPES-vhi\"]"}
COMMAND: POST /session/21b1c319d9497a1534c1e8f10b3c3c22/element/f.49EE1B407E8AACFD24485764E1748811.d.29505A228070A17E35FF1A373657A9A0.e.1782/click - {}
RESULT: {}
COMMAND: POST /session/21b1c319d9497a1534c1e8f10b3c3c22/execute/async - {"script":"<script> [1562 bytes]","args":[{"selector":{"id":"application-manageconditionprice-display-component---conditions--smartFilterBar-filterItemControl_BASIC-BILL_TYPES-valueHelpDialog-smartFilterBar-btnBasicSearch","searchOpenDialogs":true,"interaction":{"idSuffix":"I"}},"wdio_ui5_key":"applicationmanageconditionprice-display-component---conditions--smartFilterBar-filterItemControl_BASIC-BILL_TYPES-valueHelpDialog-smartFilterBar-btnBasicSearch"}]}
COMMAND: GET /session/21b1c319d9497a1534c1e8f10b3c3c22/screenshot - {}
RESULT: {"script":"<script> [1562 bytes]","args":[{"selector":{"id":"application-manageconditionprice-display-component---conditions--smartFilterBar-filterItemControl_BASIC-BILL_TYPES-valueHelpDialog-smartFilterBar-btnBasicSearch","searchOpenDialogs":true,"interaction":{"idSuffix":"I"}},"wdio_ui5_key":"applicationmanageconditionprice-display-component---conditions--smartFilterBar-filterItemControl_BASIC-BILL_TYPES-valueHelpDialog-smartFilterBar-btnBasicSearch"}]}
RESULT: undefined
COMMAND: POST /session/21b1c319d9497a1534c1e8f10b3c3c22/execute/async - {"script":"<script> [776 bytes]","args":[{"enterText":"one","selector":{"id":"application-manageconditionprice-display-component---conditions--smartFilterBar-filterItemControl_BASIC-BILL_TYPES-valueHelpDialog-smartFilterBar-btnBasicSearch","searchOpenDialogs":true,"interaction":{"idSuffix":"I"}},"clearTextFirst":true,"interactionType":"ENTER_TEXT"}]}
RESULT: {}
RESULT: {"script":"<script> [776 bytes]","args":[{"enterText":"one","selector":{"id":"application-manageconditionprice-display-component---conditions--smartFilterBar-filterItemControl_BASIC-BILL_TYPES-valueHelpDialog-smartFilterBar-btnBasicSearch","searchOpenDialogs":true,"interaction":{"idSuffix":"I"}},"clearTextFirst":true,"interactionType":"ENTER_TEXT"}]}
COMMAND: POST /session/21b1c319d9497a1534c1e8f10b3c3c22/actions - {"actions":[{"id":"action9","type":"key","parameters":{},"actions":[{"type":"keyDown","value":""},{"type":"pause","duration":10},{"type":"keyUp","value":""}]}]}
RESULT: {"actions":[{"id":"action9","type":"key","parameters":{},"actions":[{"type":"keyDown","value":""},{"type":"pause","duration":10},{"type":"keyUp","value":""}]}]}
COMMAND: GET /session/21b1c319d9497a1534c1e8f10b3c3c22/screenshot - {}
RESULT: {}
COMMAND: POST /session/21b1c319d9497a1534c1e8f10b3c3c22/element - {"using":"xpath","value":"//div[contains(@id, 'application-manageconditionprice-display-component---conditions--smartFilterBar-filterItemControl_BASIC-BILL_TYPES-valueHelpDialog-table-rowsel0')]"}
RESULT: {"using":"xpath","value":"//div[contains(@id, 'application-manageconditionprice-display-component---conditions--smartFilterBar-filterItemControl_BASIC-BILL_TYPES-valueHelpDialog-table-rowsel0')]"}
COMMAND: POST /session/21b1c319d9497a1534c1e8f10b3c3c22/element/f.49EE1B407E8AACFD24485764E1748811.d.29505A228070A17E35FF1A373657A9A0.e.1790/click - {}
RESULT: {}
COMMAND: GET /session/21b1c319d9497a1534c1e8f10b3c3c22/screenshot - {}
RESULT: {}
COMMAND: POST /session/21b1c319d9497a1534c1e8f10b3c3c22/element - {"using":"xpath","value":"//bdi[contains(text(), \"OK\")]"}
RESULT: {"using":"xpath","value":"//bdi[contains(text(), \"OK\")]"}
COMMAND: POST /session/21b1c319d9497a1534c1e8f10b3c3c22/element/f.49EE1B407E8AACFD24485764E1748811.d.29505A228070A17E35FF1A373657A9A0.e.1792/click - {}
RESULT: {}
COMMAND: GET /session/21b1c319d9497a1534c1e8f10b3c3c22/screenshot - {}
RESULT: {}
COMMAND: POST /session/21b1c319d9497a1534c1e8f10b3c3c22/element - {"using":"xpath","value":"//span[@id=\"application-manageconditionprice-display-component---conditions--smartTable-header-inner\"]"}
RESULT: {"using":"xpath","value":"//span[@id=\"application-manageconditionprice-display-component---conditions--smartTable-header-inner\"]"}
COMMAND: POST /session/21b1c319d9497a1534c1e8f10b3c3c22/elements - {"using":"xpath","value":"//span[@id=\"application-manageconditionprice-display-component---conditions--smartTable-header-inner\"]"}
RESULT: {"using":"xpath","value":"//span[@id=\"application-manageconditionprice-display-component---conditions--smartTable-header-inner\"]"}
COMMAND: POST /session/21b1c319d9497a1534c1e8f10b3c3c22/execute/sync - {"script":"<script> [56 bytes]","args":[{"element-6066-11e4-a52e-4f735466cecf":"f.49EE1B407E8AACFD24485764E1748811.d.29505A228070A17E35FF1A373657A9A0.e.1795","ELEMENT":"f.49EE1B407E8AACFD24485764E1748811.d.29505A228070A17E35FF1A373657A9A0.e.1795"}]}
RESULT: {"script":"<script> [56 bytes]","args":[{"element-6066-11e4-a52e-4f735466cecf":"f.49EE1B407E8AACFD24485764E1748811.d.29505A228070A17E35FF1A373657A9A0.e.1795","ELEMENT":"f.49EE1B407E8AACFD24485764E1748811.d.29505A228070A17E35FF1A373657A9A0.e.1795"}]}
COMMAND: POST /session/21b1c319d9497a1534c1e8f10b3c3c22/element - {"using":"css selector","value":"#shell-header-logo"}
COMMAND: GET /session/21b1c319d9497a1534c1e8f10b3c3c22/screenshot - {}
RESULT: {}
RESULT: {"using":"css selector","value":"#shell-header-logo"}
COMMAND: POST /session/21b1c319d9497a1534c1e8f10b3c3c22/element/f.49EE1B407E8AACFD24485764E1748811.d.29505A228070A17E35FF1A373657A9A0.e.1511/click - {}
RESULT: {}
COMMAND: GET /session/21b1c319d9497a1534c1e8f10b3c3c22/screenshot - {}
RESULT: {}
COMMAND: POST /session/21b1c319d9497a1534c1e8f10b3c3c22/element - {"using":"css selector","value":"#j_username"}
COMMAND: POST /session/21b1c319d9497a1534c1e8f10b3c3c22/url - {"url":"https://qa-testing-00-live-etm-ui.cfapps.eu10-004.hana.ondemand.com/"}
RESULT: {"using":"css selector","value":"#j_username"}
COMMAND: POST /session/21b1c319d9497a1534c1e8f10b3c3c22/element - {"using":"css selector","value":"#j_username"}
RESULT: {"url":"https://qa-testing-00-live-etm-ui.cfapps.eu10-004.hana.ondemand.com/"}
RESULT: undefined
COMMAND: GET /session/21b1c319d9497a1534c1e8f10b3c3c22/screenshot - {}
RESULT: {"using":"css selector","value":"#j_username"}
COMMAND: POST /session/21b1c319d9497a1534c1e8f10b3c3c22/element - {"using":"css selector","value":"#shell-header-logo"}
RESULT: {}
RESULT: {"using":"css selector","value":"#shell-header-logo"}
COMMAND: POST /session/21b1c319d9497a1534c1e8f10b3c3c22/execute/sync - {"script":"<script> [8489 bytes]","args":[{"element-6066-11e4-a52e-4f735466cecf":"f.49EE1B407E8AACFD24485764E1748811.d.D43C854A043C11504AD1BFB22ECF1707.e.1817","ELEMENT":"f.49EE1B407E8AACFD24485764E1748811.d.D43C854A043C11504AD1BFB22ECF1707.e.1817"}]}
RESULT: {"script":"<script> [8489 bytes]","args":[{"element-6066-11e4-a52e-4f735466cecf":"f.49EE1B407E8AACFD24485764E1748811.d.D43C854A043C11504AD1BFB22ECF1707.e.1817","ELEMENT":"f.49EE1B407E8AACFD24485764E1748811.d.D43C854A043C11504AD1BFB22ECF1707.e.1817"}]}
COMMAND: POST /session/21b1c319d9497a1534c1e8f10b3c3c22/element - {"using":"css selector","value":"#shell-header-logo"}
COMMAND: GET /session/21b1c319d9497a1534c1e8f10b3c3c22/screenshot - {}
RESULT: {"using":"css selector","value":"#shell-header-logo"}
COMMAND: POST /session/21b1c319d9497a1534c1e8f10b3c3c22/execute/sync - {"script":"<script> [8489 bytes]","args":[{"element-6066-11e4-a52e-4f735466cecf":"f.49EE1B407E8AACFD24485764E1748811.d.D43C854A043C11504AD1BFB22ECF1707.e.1817","ELEMENT":"f.49EE1B407E8AACFD24485764E1748811.d.D43C854A043C11504AD1BFB22ECF1707.e.1817"}]}
RESULT: {}
RESULT: {"script":"<script> [8489 bytes]","args":[{"element-6066-11e4-a52e-4f735466cecf":"f.49EE1B407E8AACFD24485764E1748811.d.D43C854A043C11504AD1BFB22ECF1707.e.1817","ELEMENT":"f.49EE1B407E8AACFD24485764E1748811.d.D43C854A043C11504AD1BFB22ECF1707.e.1817"}]}
COMMAND: POST /session/21b1c319d9497a1534c1e8f10b3c3c22/execute/sync - {"script":"<script> [5351 bytes]","args":[{"element-6066-11e4-a52e-4f735466cecf":"f.49EE1B407E8AACFD24485764E1748811.d.D43C854A043C11504AD1BFB22ECF1707.e.1817","ELEMENT":"f.49EE1B407E8AACFD24485764E1748811.d.D43C854A043C11504AD1BFB22ECF1707.e.1817"}]}
COMMAND: GET /session/21b1c319d9497a1534c1e8f10b3c3c22/screenshot - {}
RESULT: {"script":"<script> [5351 bytes]","args":[{"element-6066-11e4-a52e-4f735466cecf":"f.49EE1B407E8AACFD24485764E1748811.d.D43C854A043C11504AD1BFB22ECF1707.e.1817","ELEMENT":"f.49EE1B407E8AACFD24485764E1748811.d.D43C854A043C11504AD1BFB22ECF1707.e.1817"}]}
COMMAND: POST /session/21b1c319d9497a1534c1e8f10b3c3c22/element - {"using":"css selector","value":"#shell-header-logo"}
COMMAND: GET /session/21b1c319d9497a1534c1e8f10b3c3c22/screenshot - {}
RESULT: {}
RESULT: {"using":"css selector","value":"#shell-header-logo"}
COMMAND: POST /session/21b1c319d9497a1534c1e8f10b3c3c22/element/f.49EE1B407E8AACFD24485764E1748811.d.D43C854A043C11504AD1BFB22ECF1707.e.1817/click - {}
RESULT: {}
RESULT: {}
COMMAND: GET /session/21b1c319d9497a1534c1e8f10b3c3c22/screenshot - {}
RESULT: {}
COMMAND: POST /session/21b1c319d9497a1534c1e8f10b3c3c22/execute/async - {"script":"<script> [189 bytes]","args":[]}
RESULT: {"script":"<script> [189 bytes]","args":[]}
COMMAND: POST /session/21b1c319d9497a1534c1e8f10b3c3c22/execute/async - {"script":"<script> [123 bytes]","args":[]}
RESULT: {"script":"<script> [123 bytes]","args":[]}
COMMAND: POST /session/21b1c319d9497a1534c1e8f10b3c3c22/timeouts - {"script":"<number>"}
RESULT: {"script":"<number>"}
COMMAND: GET /session/21b1c319d9497a1534c1e8f10b3c3c22/timeouts - {}
RESULT: {}
RESULT: undefined
COMMAND: POST /session/21b1c319d9497a1534c1e8f10b3c3c22/execute/async - {"script":"<script> [2676 bytes]","args":[]}
RESULT: {"script":"<script> [2676 bytes]","args":[]}
COMMAND: POST /session/21b1c319d9497a1534c1e8f10b3c3c22/execute/async - {"script":"<script> [2342 bytes]","args":[{"protocol":"http","hostname":"0.0.0.0","path":"/","capabilities":{"browserName":"chrome","goog:chromeOptions":{"binary":"C:\\Program Files\\Google\\Chrome\\Application\\chrome.exe","args":["--start-maximized"]}},"logLevel":"warn","connectionRetryTimeout":120000,"connectionRetryCount":3,"logLevels":{},"enableDirectConnect":true,"strictSSL":true,"_":"65 more keys: [\"cacheDir\",\"port\",\"requestedCapabilities\",\"automationProtocol\",\"baseUrl\",\"waitforInterval\",\"waitforTimeout\",\"onReload\",\"beforeCommand\",\"afterCommand\",\"rootDir\",\"specs\",\"suites\",\"exclude\",\"groupLogsByTestSpec\",\"excludeDriverLogs\",\"bail\",\"framework\",\"reporters\",\"services\",\"maxInstances\",\"maxInstancesPerCapability\",\"injectGlobals\",\"filesToWatch\",\"execArgv\",\"runnerEnv\",\"runner\",\"shard\",\"specFileRetries\",\"specFileRetriesDelay\",\"specFileRetriesDeferred\",\"reporterSyncInterval\",\"reporterSyncTimeout\",\"cucumberFeaturesWithLineNumbers\",\"autoCompileOpts\",\"mochaOpts\",\"jasmineOpts\",\"cucumberOpts\",\"onPrepare\",\"onWorkerStart\",\"onWorkerEnd\",\"before\",\"beforeSession\",\"beforeSuite\",\"beforeHook\",\"beforeTest\",\"afterTest\",\"afterHook\",\"afterSuite\",\"afterSession\",\"after\",\"onComplete\",\"beforeAssertion\",\"afterAssertion\",\"beforeFeature\",\"beforeScenario\",\"beforeStep\",\"afterStep\",\"afterScenario\",\"afterFeature\",\"_\",\"suite\",\"$0\",\"ignoredWorkerServices\",\"wdi5\"]"}]}
RESULT: {"script":"<script> [2342 bytes]","args":[{"protocol":"http","hostname":"0.0.0.0","path":"/","capabilities":{"browserName":"chrome","goog:chromeOptions":{"binary":"C:\\Program Files\\Google\\Chrome\\Application\\chrome.exe","args":["--start-maximized"]}},"logLevel":"warn","connectionRetryTimeout":120000,"connectionRetryCount":3,"logLevels":{},"enableDirectConnect":true,"strictSSL":true,"_":"65 more keys: [\"cacheDir\",\"port\",\"requestedCapabilities\",\"automationProtocol\",\"baseUrl\",\"waitforInterval\",\"waitforTimeout\",\"onReload\",\"beforeCommand\",\"afterCommand\",\"rootDir\",\"specs\",\"suites\",\"exclude\",\"groupLogsByTestSpec\",\"excludeDriverLogs\",\"bail\",\"framework\",\"reporters\",\"services\",\"maxInstances\",\"maxInstancesPerCapability\",\"injectGlobals\",\"filesToWatch\",\"execArgv\",\"runnerEnv\",\"runner\",\"shard\",\"specFileRetries\",\"specFileRetriesDelay\",\"specFileRetriesDeferred\",\"reporterSyncInterval\",\"reporterSyncTimeout\",\"cucumberFeaturesWithLineNumbers\",\"autoCompileOpts\",\"mochaOpts\",\"jasmineOpts\",\"cucumberOpts\",\"onPrepare\",\"onWorkerStart\",\"onWorkerEnd\",\"before\",\"beforeSession\",\"beforeSuite\",\"beforeHook\",\"beforeTest\",\"afterTest\",\"afterHook\",\"afterSuite\",\"afterSession\",\"after\",\"onComplete\",\"beforeAssertion\",\"afterAssertion\",\"beforeFeature\",\"beforeScenario\",\"beforeStep\",\"afterStep\",\"afterScenario\",\"afterFeature\",\"_\",\"suite\",\"$0\",\"ignoredWorkerServices\",\"wdi5\"]"}]}
COMMAND: POST /session/21b1c319d9497a1534c1e8f10b3c3c22/execute/async - {"script":"<script> [21126 bytes]","args":[35000]}
RESULT: {"script":"<script> [21126 bytes]","args":[35000]}
COMMAND: POST /session/21b1c319d9497a1534c1e8f10b3c3c22/window/maximize - {}
RESULT: {}
COMMAND: POST /session/21b1c319d9497a1534c1e8f10b3c3c22/execute/async - {"script":"<script> [1562 bytes]","args":[{"selector":{"id":"shell-header","interaction":{"idSuffix":"icon"}},"wdio_ui5_key":"shellheader"}]}
COMMAND: GET /session/21b1c319d9497a1534c1e8f10b3c3c22/screenshot - {}
RESULT: {"script":"<script> [1562 bytes]","args":[{"selector":{"id":"shell-header","interaction":{"idSuffix":"icon"}},"wdio_ui5_key":"shellheader"}]}
RESULT: undefined
COMMAND: POST /session/21b1c319d9497a1534c1e8f10b3c3c22/refresh - {}
RESULT: {}
RESULT: {}
COMMAND: GET /session/21b1c319d9497a1534c1e8f10b3c3c22/screenshot - {}
RESULT: {}
COMMAND: POST /session/21b1c319d9497a1534c1e8f10b3c3c22/refresh - {}
RESULT: {}
COMMAND: GET /session/21b1c319d9497a1534c1e8f10b3c3c22/screenshot - {}
RESULT: {}
COMMAND: POST /session/21b1c319d9497a1534c1e8f10b3c3c22/window/fullscreen - {}
RESULT: {}
COMMAND: POST /session/21b1c319d9497a1534c1e8f10b3c3c22/execute/async - {"script":"<script> [189 bytes]","args":[]}
RESULT: {"script":"<script> [189 bytes]","args":[]}
COMMAND: POST /session/21b1c319d9497a1534c1e8f10b3c3c22/execute/async - {"script":"<script> [123 bytes]","args":[]}
RESULT: {"script":"<script> [123 bytes]","args":[]}
COMMAND: POST /session/21b1c319d9497a1534c1e8f10b3c3c22/timeouts - {"script":"<number>"}
RESULT: {"script":"<number>"}
COMMAND: GET /session/21b1c319d9497a1534c1e8f10b3c3c22/timeouts - {}
RESULT: {}
RESULT: undefined
COMMAND: POST /session/21b1c319d9497a1534c1e8f10b3c3c22/execute/async - {"script":"<script> [2676 bytes]","args":[]}
RESULT: {"script":"<script> [2676 bytes]","args":[]}
COMMAND: POST /session/21b1c319d9497a1534c1e8f10b3c3c22/execute/async - {"script":"<script> [2342 bytes]","args":[{"protocol":"http","hostname":"0.0.0.0","path":"/","capabilities":{"browserName":"chrome","goog:chromeOptions":{"binary":"C:\\Program Files\\Google\\Chrome\\Application\\chrome.exe","args":["--start-maximized"]}},"logLevel":"warn","connectionRetryTimeout":120000,"connectionRetryCount":3,"logLevels":{},"enableDirectConnect":true,"strictSSL":true,"_":"65 more keys: [\"cacheDir\",\"port\",\"requestedCapabilities\",\"automationProtocol\",\"baseUrl\",\"waitforInterval\",\"waitforTimeout\",\"onReload\",\"beforeCommand\",\"afterCommand\",\"rootDir\",\"specs\",\"suites\",\"exclude\",\"groupLogsByTestSpec\",\"excludeDriverLogs\",\"bail\",\"framework\",\"reporters\",\"services\",\"maxInstances\",\"maxInstancesPerCapability\",\"injectGlobals\",\"filesToWatch\",\"execArgv\",\"runnerEnv\",\"runner\",\"shard\",\"specFileRetries\",\"specFileRetriesDelay\",\"specFileRetriesDeferred\",\"reporterSyncInterval\",\"reporterSyncTimeout\",\"cucumberFeaturesWithLineNumbers\",\"autoCompileOpts\",\"mochaOpts\",\"jasmineOpts\",\"cucumberOpts\",\"onPrepare\",\"onWorkerStart\",\"onWorkerEnd\",\"before\",\"beforeSession\",\"beforeSuite\",\"beforeHook\",\"beforeTest\",\"afterTest\",\"afterHook\",\"afterSuite\",\"afterSession\",\"after\",\"onComplete\",\"beforeAssertion\",\"afterAssertion\",\"beforeFeature\",\"beforeScenario\",\"beforeStep\",\"afterStep\",\"afterScenario\",\"afterFeature\",\"_\",\"suite\",\"$0\",\"ignoredWorkerServices\",\"wdi5\"]"}]}
RESULT: {"script":"<script> [2342 bytes]","args":[{"protocol":"http","hostname":"0.0.0.0","path":"/","capabilities":{"browserName":"chrome","goog:chromeOptions":{"binary":"C:\\Program Files\\Google\\Chrome\\Application\\chrome.exe","args":["--start-maximized"]}},"logLevel":"warn","connectionRetryTimeout":120000,"connectionRetryCount":3,"logLevels":{},"enableDirectConnect":true,"strictSSL":true,"_":"65 more keys: [\"cacheDir\",\"port\",\"requestedCapabilities\",\"automationProtocol\",\"baseUrl\",\"waitforInterval\",\"waitforTimeout\",\"onReload\",\"beforeCommand\",\"afterCommand\",\"rootDir\",\"specs\",\"suites\",\"exclude\",\"groupLogsByTestSpec\",\"excludeDriverLogs\",\"bail\",\"framework\",\"reporters\",\"services\",\"maxInstances\",\"maxInstancesPerCapability\",\"injectGlobals\",\"filesToWatch\",\"execArgv\",\"runnerEnv\",\"runner\",\"shard\",\"specFileRetries\",\"specFileRetriesDelay\",\"specFileRetriesDeferred\",\"reporterSyncInterval\",\"reporterSyncTimeout\",\"cucumberFeaturesWithLineNumbers\",\"autoCompileOpts\",\"mochaOpts\",\"jasmineOpts\",\"cucumberOpts\",\"onPrepare\",\"onWorkerStart\",\"onWorkerEnd\",\"before\",\"beforeSession\",\"beforeSuite\",\"beforeHook\",\"beforeTest\",\"afterTest\",\"afterHook\",\"afterSuite\",\"afterSession\",\"after\",\"onComplete\",\"beforeAssertion\",\"afterAssertion\",\"beforeFeature\",\"beforeScenario\",\"beforeStep\",\"afterStep\",\"afterScenario\",\"afterFeature\",\"_\",\"suite\",\"$0\",\"ignoredWorkerServices\",\"wdi5\"]"}]}
COMMAND: POST /session/21b1c319d9497a1534c1e8f10b3c3c22/execute/async - {"script":"<script> [21126 bytes]","args":[35000]}
RESULT: {"script":"<script> [21126 bytes]","args":[35000]}
]]></system-out>
    </testcase>
  </testsuite>
  <testsuite timestamp="2025-05-25T17:04:53" time="138.816" tests="3" failures="0" errors="0" skipped="0">
    <properties>
      <property name="specId" value="0"/>
      <property name="suiteName" value="Set up pricing rule(OT) 104624"/>
      <property name="capabilities" value="chrome.136_0_7103_93.windows"/>
      <property name="file" value="file:///D:/a/1/s/test/specs/BTS/create-pricing-rule.spec.js"/>
    </properties>
    <testcase classname="chrome.136_0_7103_93.windows.Set_up_pricing_rule(OT)_104624" name="Should create a new yard used for all following tests" time="0.031">
      <system-out><![CDATA[
COMMAND: POST /session/21b1c319d9497a1534c1e8f10b3c3c22/window/fullscreen - {}
RESULT: {}
]]></system-out>
    </testcase>
    <testcase classname="chrome.136_0_7103_93.windows.Set_up_pricing_rule(OT)_104624" name="Should create a new equipment used for all following tests" time="0.005"/>
    <testcase classname="chrome.136_0_7103_93.windows.Set_up_pricing_rule(OT)_104624" name="Should create new pricing rule on the created resource from earlier module or above" time="78.104">
      <system-out><![CDATA[
COMMAND: POST /session/21b1c319d9497a1534c1e8f10b3c3c22/execute/async - {"script":"<script> [1562 bytes]","args":[{"selector":{"controlType":"sap.m.GenericTile","properties":{"header":"Manage Pricing Rules"}},"wdio_ui5_key":"sapm.GenericTile{\"header\":\"Manage Pricing Rules\"}"}]}
RESULT: {"script":"<script> [1562 bytes]","args":[{"selector":{"controlType":"sap.m.GenericTile","properties":{"header":"Manage Pricing Rules"}},"wdio_ui5_key":"sapm.GenericTile{\"header\":\"Manage Pricing Rules\"}"}]}
RESULT: undefined
COMMAND: POST /session/21b1c319d9497a1534c1e8f10b3c3c22/element - {"using":"xpath","value":"//*[@id=\"__tile55\"]"}
RESULT: {"using":"xpath","value":"//*[@id=\"__tile55\"]"}
COMMAND: POST /session/21b1c319d9497a1534c1e8f10b3c3c22/element/f.49EE1B407E8AACFD24485764E1748811.d.37FDF58C7F122798F4CBD42567DBBEDA.e.2075/click - {}
RESULT: {}
COMMAND: GET /session/21b1c319d9497a1534c1e8f10b3c3c22/screenshot - {}
RESULT: {}
COMMAND: POST /session/21b1c319d9497a1534c1e8f10b3c3c22/elements - {"using":"xpath","value":"//span[text()='Error']"}
RESULT: {"using":"xpath","value":"//span[text()='Error']"}
COMMAND: POST /session/21b1c319d9497a1534c1e8f10b3c3c22/execute/async - {"script":"<script> [1562 bytes]","args":[{"selector":{"controlType":"sap.ui.core.Icon","viewName":"etm.portal.ui.managepricingrules.view.MasterHeader","viewId":"application-managepricingrules-display-component---priceInfoHeader","properties":{"src":{"regex":{"source":"activity\\-items"}}}},"wdio_ui5_key":"etmportal.ui.managepricingrules.view.MasterHeadersap.ui.core.Icon{\"src\":{\"regex\":{\"source\":\"activity\\\\-items\"}}}"}]}
RESULT: {"script":"<script> [1562 bytes]","args":[{"selector":{"controlType":"sap.ui.core.Icon","viewName":"etm.portal.ui.managepricingrules.view.MasterHeader","viewId":"application-managepricingrules-display-component---priceInfoHeader","properties":{"src":{"regex":{"source":"activity\\-items"}}}},"wdio_ui5_key":"etmportal.ui.managepricingrules.view.MasterHeadersap.ui.core.Icon{\"src\":{\"regex\":{\"source\":\"activity\\\\-items\"}}}"}]}
RESULT: undefined
COMMAND: POST /session/21b1c319d9497a1534c1e8f10b3c3c22/element - {"using":"xpath","value":"//*[@id=\"__filter1-icon\"]"}
RESULT: {"using":"xpath","value":"//*[@id=\"__filter1-icon\"]"}
COMMAND: POST /session/21b1c319d9497a1534c1e8f10b3c3c22/element/f.49EE1B407E8AACFD24485764E1748811.d.37FDF58C7F122798F4CBD42567DBBEDA.e.2130/click - {}
RESULT: {}
COMMAND: GET /session/21b1c319d9497a1534c1e8f10b3c3c22/screenshot - {}
RESULT: {}
COMMAND: POST /session/21b1c319d9497a1534c1e8f10b3c3c22/element - {"using":"xpath","value":"//button[@data-kt=\"addButton\"]"}
RESULT: {"using":"xpath","value":"//button[@data-kt=\"addButton\"]"}
COMMAND: POST /session/21b1c319d9497a1534c1e8f10b3c3c22/elements - {"using":"xpath","value":"//button[@data-kt=\"addButton\"]"}
RESULT: {"using":"xpath","value":"//button[@data-kt=\"addButton\"]"}
COMMAND: POST /session/21b1c319d9497a1534c1e8f10b3c3c22/execute/sync - {"script":"<script> [8489 bytes]","args":[{"element-6066-11e4-a52e-4f735466cecf":"f.49EE1B407E8AACFD24485764E1748811.d.37FDF58C7F122798F4CBD42567DBBEDA.e.2179","ELEMENT":"f.49EE1B407E8AACFD24485764E1748811.d.37FDF58C7F122798F4CBD42567DBBEDA.e.2179"}]}
RESULT: {"script":"<script> [8489 bytes]","args":[{"element-6066-11e4-a52e-4f735466cecf":"f.49EE1B407E8AACFD24485764E1748811.d.37FDF58C7F122798F4CBD42567DBBEDA.e.2179","ELEMENT":"f.49EE1B407E8AACFD24485764E1748811.d.37FDF58C7F122798F4CBD42567DBBEDA.e.2179"}]}
COMMAND: GET /session/21b1c319d9497a1534c1e8f10b3c3c22/element/f.49EE1B407E8AACFD24485764E1748811.d.37FDF58C7F122798F4CBD42567DBBEDA.e.2179/enabled - {}
COMMAND: GET /session/21b1c319d9497a1534c1e8f10b3c3c22/screenshot - {}
RESULT: {}
COMMAND: POST /session/21b1c319d9497a1534c1e8f10b3c3c22/execute/sync - {"script":"<script> [8489 bytes]","args":[{"element-6066-11e4-a52e-4f735466cecf":"f.49EE1B407E8AACFD24485764E1748811.d.37FDF58C7F122798F4CBD42567DBBEDA.e.2179","ELEMENT":"f.49EE1B407E8AACFD24485764E1748811.d.37FDF58C7F122798F4CBD42567DBBEDA.e.2179"}]}
COMMAND: GET /session/21b1c319d9497a1534c1e8f10b3c3c22/screenshot - {}
RESULT: {}
RESULT: {"script":"<script> [8489 bytes]","args":[{"element-6066-11e4-a52e-4f735466cecf":"f.49EE1B407E8AACFD24485764E1748811.d.37FDF58C7F122798F4CBD42567DBBEDA.e.2179","ELEMENT":"f.49EE1B407E8AACFD24485764E1748811.d.37FDF58C7F122798F4CBD42567DBBEDA.e.2179"}]}
COMMAND: POST /session/21b1c319d9497a1534c1e8f10b3c3c22/execute/sync - {"script":"<script> [5351 bytes]","args":[{"element-6066-11e4-a52e-4f735466cecf":"f.49EE1B407E8AACFD24485764E1748811.d.37FDF58C7F122798F4CBD42567DBBEDA.e.2179","ELEMENT":"f.49EE1B407E8AACFD24485764E1748811.d.37FDF58C7F122798F4CBD42567DBBEDA.e.2179"}]}
COMMAND: GET /session/21b1c319d9497a1534c1e8f10b3c3c22/screenshot - {}
RESULT: {}
RESULT: {"script":"<script> [5351 bytes]","args":[{"element-6066-11e4-a52e-4f735466cecf":"f.49EE1B407E8AACFD24485764E1748811.d.37FDF58C7F122798F4CBD42567DBBEDA.e.2179","ELEMENT":"f.49EE1B407E8AACFD24485764E1748811.d.37FDF58C7F122798F4CBD42567DBBEDA.e.2179"}]}
COMMAND: POST /session/21b1c319d9497a1534c1e8f10b3c3c22/element/f.49EE1B407E8AACFD24485764E1748811.d.37FDF58C7F122798F4CBD42567DBBEDA.e.2179/click - {}
COMMAND: GET /session/21b1c319d9497a1534c1e8f10b3c3c22/screenshot - {}
RESULT: {}
RESULT: {}
COMMAND: GET /session/21b1c319d9497a1534c1e8f10b3c3c22/screenshot - {}
RESULT: {}
RESULT: {}
COMMAND: POST /session/21b1c319d9497a1534c1e8f10b3c3c22/execute/async - {"script":"<script> [1562 bytes]","args":[{"selector":{"controlType":"sap.m.Title","viewName":"etm.portal.ui.managepricingrules.view.NewItem","viewId":"application-managepricingrules-display-component---newInfoPriceItem","properties":{"text":"New Pricing Rules - Item Level"}},"wdio_ui5_key":"etmportal.ui.managepricingrules.view.NewItemsap.m.Title{\"text\":\"New Pricing Rules - Item Level\"}"}]}
RESULT: {"script":"<script> [1562 bytes]","args":[{"selector":{"controlType":"sap.m.Title","viewName":"etm.portal.ui.managepricingrules.view.NewItem","viewId":"application-managepricingrules-display-component---newInfoPriceItem","properties":{"text":"New Pricing Rules - Item Level"}},"wdio_ui5_key":"etmportal.ui.managepricingrules.view.NewItemsap.m.Title{\"text\":\"New Pricing Rules - Item Level\"}"}]}
RESULT: undefined
COMMAND: POST /session/21b1c319d9497a1534c1e8f10b3c3c22/execute/async - {"script":"<script> [6424 bytes]","args":[{"element-6066-11e4-a52e-4f735466cecf":"f.49EE1B407E8AACFD24485764E1748811.d.37FDF58C7F122798F4CBD42567DBBEDA.e.2463"},"getText",[]]}
RESULT: {"script":"<script> [6424 bytes]","args":[{"element-6066-11e4-a52e-4f735466cecf":"f.49EE1B407E8AACFD24485764E1748811.d.37FDF58C7F122798F4CBD42567DBBEDA.e.2463"},"getText",[]]}
COMMAND: POST /session/21b1c319d9497a1534c1e8f10b3c3c22/execute/async - {"script":"<script> [1562 bytes]","args":[{"selector":{"id":"application-managepricingrules-display-component---newInfoPriceItem--condValidTo","interaction":{"idSuffix":"inner"}},"wdio_ui5_key":"applicationmanagepricingrules-display-component---newInfoPriceItem--condValidTo"}]}
RESULT: {"script":"<script> [1562 bytes]","args":[{"selector":{"id":"application-managepricingrules-display-component---newInfoPriceItem--condValidTo","interaction":{"idSuffix":"inner"}},"wdio_ui5_key":"applicationmanagepricingrules-display-component---newInfoPriceItem--condValidTo"}]}
RESULT: undefined
COMMAND: POST /session/21b1c319d9497a1534c1e8f10b3c3c22/execute/async - {"script":"<script> [776 bytes]","args":[{"enterText":"1/25/26","selector":{"id":"application-managepricingrules-display-component---newInfoPriceItem--condValidTo","interaction":{"idSuffix":"inner"}},"clearTextFirst":true,"interactionType":"ENTER_TEXT"}]}
RESULT: {"script":"<script> [776 bytes]","args":[{"enterText":"1/25/26","selector":{"id":"application-managepricingrules-display-component---newInfoPriceItem--condValidTo","interaction":{"idSuffix":"inner"}},"clearTextFirst":true,"interactionType":"ENTER_TEXT"}]}
COMMAND: POST /session/21b1c319d9497a1534c1e8f10b3c3c22/element - {"using":"xpath","value":"//input[@id=\"application-managepricingrules-display-component---newInfoPriceItem--condRU-inner\"]"}
RESULT: {"using":"xpath","value":"//input[@id=\"application-managepricingrules-display-component---newInfoPriceItem--condRU-inner\"]"}
COMMAND: POST /session/21b1c319d9497a1534c1e8f10b3c3c22/element/f.49EE1B407E8AACFD24485764E1748811.d.37FDF58C7F122798F4CBD42567DBBEDA.e.2432/clear - {}
RESULT: {}
COMMAND: POST /session/21b1c319d9497a1534c1e8f10b3c3c22/element/f.49EE1B407E8AACFD24485764E1748811.d.37FDF58C7F122798F4CBD42567DBBEDA.e.2432/value - {"text":"Cgfogoxt6Z"}
COMMAND: GET /session/21b1c319d9497a1534c1e8f10b3c3c22/screenshot - {}
RESULT: {"text":"Cgfogoxt6Z"}
COMMAND: GET /session/21b1c319d9497a1534c1e8f10b3c3c22/screenshot - {}
RESULT: {}
RESULT: {}
COMMAND: POST /session/21b1c319d9497a1534c1e8f10b3c3c22/execute/async - {"script":"<script> [1562 bytes]","args":[{"selector":{"id":"application-managepricingrules-display-component---newInfoPriceItem--billType-arrow"},"wdio_ui5_key":"applicationmanagepricingrules-display-component---newInfoPriceItem--billType-arrow"}]}
RESULT: {"script":"<script> [1562 bytes]","args":[{"selector":{"id":"application-managepricingrules-display-component---newInfoPriceItem--billType-arrow"},"wdio_ui5_key":"applicationmanagepricingrules-display-component---newInfoPriceItem--billType-arrow"}]}
RESULT: undefined
COMMAND: POST /session/21b1c319d9497a1534c1e8f10b3c3c22/element - {"using":"xpath","value":"//*[@id=\"application-managepricingrules-display-component---newInfoPriceItem--billType-arrow\"]"}
RESULT: {"using":"xpath","value":"//*[@id=\"application-managepricingrules-display-component---newInfoPriceItem--billType-arrow\"]"}
COMMAND: POST /session/21b1c319d9497a1534c1e8f10b3c3c22/element/f.49EE1B407E8AACFD24485764E1748811.d.37FDF58C7F122798F4CBD42567DBBEDA.e.2524/click - {}
RESULT: {}
COMMAND: POST /session/21b1c319d9497a1534c1e8f10b3c3c22/element - {"using":"xpath","value":"//span[contains(text(), \"OT - Sales (one-time)\")]"}
COMMAND: GET /session/21b1c319d9497a1534c1e8f10b3c3c22/screenshot - {}
RESULT: {"using":"xpath","value":"//span[contains(text(), \"OT - Sales (one-time)\")]"}
COMMAND: POST /session/21b1c319d9497a1534c1e8f10b3c3c22/element/f.49EE1B407E8AACFD24485764E1748811.d.37FDF58C7F122798F4CBD42567DBBEDA.e.2565/click - {}
RESULT: {}
RESULT: {}
COMMAND: POST /session/21b1c319d9497a1534c1e8f10b3c3c22/execute/async - {"script":"<script> [1562 bytes]","args":[{"selector":{"id":"application-managepricingrules-display-component---newInfoPriceItem--priceProc-arrow"},"wdio_ui5_key":"applicationmanagepricingrules-display-component---newInfoPriceItem--priceProc-arrow"}]}
COMMAND: GET /session/21b1c319d9497a1534c1e8f10b3c3c22/screenshot - {}
RESULT: {"script":"<script> [1562 bytes]","args":[{"selector":{"id":"application-managepricingrules-display-component---newInfoPriceItem--priceProc-arrow"},"wdio_ui5_key":"applicationmanagepricingrules-display-component---newInfoPriceItem--priceProc-arrow"}]}
RESULT: undefined
COMMAND: POST /session/21b1c319d9497a1534c1e8f10b3c3c22/element - {"using":"xpath","value":"//*[@id=\"application-managepricingrules-display-component---newInfoPriceItem--priceProc-arrow\"]"}
RESULT: {}
RESULT: {"using":"xpath","value":"//*[@id=\"application-managepricingrules-display-component---newInfoPriceItem--priceProc-arrow\"]"}
COMMAND: POST /session/21b1c319d9497a1534c1e8f10b3c3c22/element/f.49EE1B407E8AACFD24485764E1748811.d.37FDF58C7F122798F4CBD42567DBBEDA.e.2531/click - {}
RESULT: {}
COMMAND: POST /session/21b1c319d9497a1534c1e8f10b3c3c22/element - {"using":"xpath","value":"//span[contains(text(), \"MAT - Material\")]"}
COMMAND: GET /session/21b1c319d9497a1534c1e8f10b3c3c22/screenshot - {}
RESULT: {"using":"xpath","value":"//span[contains(text(), \"MAT - Material\")]"}
COMMAND: POST /session/21b1c319d9497a1534c1e8f10b3c3c22/element/f.49EE1B407E8AACFD24485764E1748811.d.37FDF58C7F122798F4CBD42567DBBEDA.e.2566/click - {}
RESULT: {}
RESULT: {}
COMMAND: POST /session/21b1c319d9497a1534c1e8f10b3c3c22/execute/async - {"script":"<script> [1562 bytes]","args":[{"selector":{"id":"application-managepricingrules-display-component---newInfoPriceItem--calcBase-arrow"},"wdio_ui5_key":"applicationmanagepricingrules-display-component---newInfoPriceItem--calcBase-arrow"}]}
COMMAND: GET /session/21b1c319d9497a1534c1e8f10b3c3c22/screenshot - {}
RESULT: {"script":"<script> [1562 bytes]","args":[{"selector":{"id":"application-managepricingrules-display-component---newInfoPriceItem--calcBase-arrow"},"wdio_ui5_key":"applicationmanagepricingrules-display-component---newInfoPriceItem--calcBase-arrow"}]}
RESULT: undefined
COMMAND: POST /session/21b1c319d9497a1534c1e8f10b3c3c22/element - {"using":"xpath","value":"//*[@id=\"application-managepricingrules-display-component---newInfoPriceItem--calcBase-arrow\"]"}
RESULT: {}
RESULT: {"using":"xpath","value":"//*[@id=\"application-managepricingrules-display-component---newInfoPriceItem--calcBase-arrow\"]"}
COMMAND: POST /session/21b1c319d9497a1534c1e8f10b3c3c22/element/f.49EE1B407E8AACFD24485764E1748811.d.37FDF58C7F122798F4CBD42567DBBEDA.e.2538/click - {}
RESULT: {}
COMMAND: GET /session/21b1c319d9497a1534c1e8f10b3c3c22/screenshot - {}
RESULT: {}
COMMAND: POST /session/21b1c319d9497a1534c1e8f10b3c3c22/element - {"using":"xpath","value":"//span[contains(text(), \"0001 - TB(exact month + cal_days)\")]"}
RESULT: {"using":"xpath","value":"//span[contains(text(), \"0001 - TB(exact month + cal_days)\")]"}
COMMAND: POST /session/21b1c319d9497a1534c1e8f10b3c3c22/element/f.49EE1B407E8AACFD24485764E1748811.d.37FDF58C7F122798F4CBD42567DBBEDA.e.2567/click - {}
RESULT: {}
COMMAND: GET /session/21b1c319d9497a1534c1e8f10b3c3c22/screenshot - {}
RESULT: {}
COMMAND: POST /session/21b1c319d9497a1534c1e8f10b3c3c22/element - {"using":"xpath","value":"//button[@data-kt=\"saveNewRuleButton\"]"}
RESULT: {"using":"xpath","value":"//button[@data-kt=\"saveNewRuleButton\"]"}
COMMAND: POST /session/21b1c319d9497a1534c1e8f10b3c3c22/element/f.49EE1B407E8AACFD24485764E1748811.d.37FDF58C7F122798F4CBD42567DBBEDA.e.2558/click - {}
RESULT: {}
COMMAND: GET /session/21b1c319d9497a1534c1e8f10b3c3c22/screenshot - {}
RESULT: {}
COMMAND: POST /session/21b1c319d9497a1534c1e8f10b3c3c22/execute/async - {"script":"<script> [1562 bytes]","args":[{"selector":{"id":"application-managepricingrules-display-component---priceInfoItem--smartFilterBar-btnBasicSearch","interaction":{"idSuffix":"I"}},"wdio_ui5_key":"applicationmanagepricingrules-display-component---priceInfoItem--smartFilterBar-btnBasicSearch"}]}
RESULT: {"script":"<script> [1562 bytes]","args":[{"selector":{"id":"application-managepricingrules-display-component---priceInfoItem--smartFilterBar-btnBasicSearch","interaction":{"idSuffix":"I"}},"wdio_ui5_key":"applicationmanagepricingrules-display-component---priceInfoItem--smartFilterBar-btnBasicSearch"}]}
RESULT: undefined
COMMAND: POST /session/21b1c319d9497a1534c1e8f10b3c3c22/execute/async - {"script":"<script> [776 bytes]","args":[{"enterText":"Cgfogoxt6Z","selector":{"id":"application-managepricingrules-display-component---priceInfoItem--smartFilterBar-btnBasicSearch","interaction":{"idSuffix":"I"}},"clearTextFirst":true,"interactionType":"ENTER_TEXT"}]}
RESULT: {"script":"<script> [776 bytes]","args":[{"enterText":"Cgfogoxt6Z","selector":{"id":"application-managepricingrules-display-component---priceInfoItem--smartFilterBar-btnBasicSearch","interaction":{"idSuffix":"I"}},"clearTextFirst":true,"interactionType":"ENTER_TEXT"}]}
COMMAND: POST /session/21b1c319d9497a1534c1e8f10b3c3c22/actions - {"actions":[{"id":"action10","type":"key","parameters":{},"actions":[{"type":"keyDown","value":""},{"type":"pause","duration":10},{"type":"keyUp","value":""}]}]}
RESULT: {"actions":[{"id":"action10","type":"key","parameters":{},"actions":[{"type":"keyDown","value":""},{"type":"pause","duration":10},{"type":"keyUp","value":""}]}]}
COMMAND: GET /session/21b1c319d9497a1534c1e8f10b3c3c22/screenshot - {}
RESULT: {}
COMMAND: POST /session/21b1c319d9497a1534c1e8f10b3c3c22/element - {"using":"xpath","value":"//span[@id=\"application-managepricingrules-display-component---priceInfoItem--smartTable-header-inner\"]"}
RESULT: {"using":"xpath","value":"//span[@id=\"application-managepricingrules-display-component---priceInfoItem--smartTable-header-inner\"]"}
COMMAND: POST /session/21b1c319d9497a1534c1e8f10b3c3c22/elements - {"using":"xpath","value":"//span[@id=\"application-managepricingrules-display-component---priceInfoItem--smartTable-header-inner\"]"}
RESULT: {"using":"xpath","value":"//span[@id=\"application-managepricingrules-display-component---priceInfoItem--smartTable-header-inner\"]"}
COMMAND: POST /session/21b1c319d9497a1534c1e8f10b3c3c22/execute/sync - {"script":"<script> [56 bytes]","args":[{"element-6066-11e4-a52e-4f735466cecf":"f.49EE1B407E8AACFD24485764E1748811.d.37FDF58C7F122798F4CBD42567DBBEDA.e.2606","ELEMENT":"f.49EE1B407E8AACFD24485764E1748811.d.37FDF58C7F122798F4CBD42567DBBEDA.e.2606"}]}
RESULT: {"script":"<script> [56 bytes]","args":[{"element-6066-11e4-a52e-4f735466cecf":"f.49EE1B407E8AACFD24485764E1748811.d.37FDF58C7F122798F4CBD42567DBBEDA.e.2606","ELEMENT":"f.49EE1B407E8AACFD24485764E1748811.d.37FDF58C7F122798F4CBD42567DBBEDA.e.2606"}]}
COMMAND: POST /session/21b1c319d9497a1534c1e8f10b3c3c22/element - {"using":"css selector","value":"#shell-header-logo"}
COMMAND: GET /session/21b1c319d9497a1534c1e8f10b3c3c22/screenshot - {}
RESULT: {"using":"css selector","value":"#shell-header-logo"}
COMMAND: POST /session/21b1c319d9497a1534c1e8f10b3c3c22/element/f.49EE1B407E8AACFD24485764E1748811.d.37FDF58C7F122798F4CBD42567DBBEDA.e.2081/click - {}
RESULT: {}
RESULT: {}
COMMAND: GET /session/21b1c319d9497a1534c1e8f10b3c3c22/screenshot - {}
RESULT: {}
COMMAND: POST /session/21b1c319d9497a1534c1e8f10b3c3c22/element - {"using":"css selector","value":"#j_username"}
COMMAND: POST /session/21b1c319d9497a1534c1e8f10b3c3c22/url - {"url":"https://qa-testing-00-live-etm-ui.cfapps.eu10-004.hana.ondemand.com/"}
RESULT: {"using":"css selector","value":"#j_username"}
COMMAND: POST /session/21b1c319d9497a1534c1e8f10b3c3c22/element - {"using":"css selector","value":"#j_username"}
RESULT: {"url":"https://qa-testing-00-live-etm-ui.cfapps.eu10-004.hana.ondemand.com/"}
RESULT: undefined
COMMAND: GET /session/21b1c319d9497a1534c1e8f10b3c3c22/screenshot - {}
RESULT: {"using":"css selector","value":"#j_username"}
COMMAND: POST /session/21b1c319d9497a1534c1e8f10b3c3c22/element - {"using":"css selector","value":"#shell-header-logo"}
RESULT: {}
RESULT: {"using":"css selector","value":"#shell-header-logo"}
COMMAND: POST /session/21b1c319d9497a1534c1e8f10b3c3c22/execute/sync - {"script":"<script> [8489 bytes]","args":[{"element-6066-11e4-a52e-4f735466cecf":"f.49EE1B407E8AACFD24485764E1748811.d.F5B361843A0BB0318E366C7112105C70.e.2626","ELEMENT":"f.49EE1B407E8AACFD24485764E1748811.d.F5B361843A0BB0318E366C7112105C70.e.2626"}]}
RESULT: {"script":"<script> [8489 bytes]","args":[{"element-6066-11e4-a52e-4f735466cecf":"f.49EE1B407E8AACFD24485764E1748811.d.F5B361843A0BB0318E366C7112105C70.e.2626","ELEMENT":"f.49EE1B407E8AACFD24485764E1748811.d.F5B361843A0BB0318E366C7112105C70.e.2626"}]}
COMMAND: POST /session/21b1c319d9497a1534c1e8f10b3c3c22/element - {"using":"css selector","value":"#shell-header-logo"}
COMMAND: GET /session/21b1c319d9497a1534c1e8f10b3c3c22/screenshot - {}
RESULT: {"using":"css selector","value":"#shell-header-logo"}
COMMAND: POST /session/21b1c319d9497a1534c1e8f10b3c3c22/execute/sync - {"script":"<script> [8489 bytes]","args":[{"element-6066-11e4-a52e-4f735466cecf":"f.49EE1B407E8AACFD24485764E1748811.d.F5B361843A0BB0318E366C7112105C70.e.2626","ELEMENT":"f.49EE1B407E8AACFD24485764E1748811.d.F5B361843A0BB0318E366C7112105C70.e.2626"}]}
RESULT: {}
RESULT: {"script":"<script> [8489 bytes]","args":[{"element-6066-11e4-a52e-4f735466cecf":"f.49EE1B407E8AACFD24485764E1748811.d.F5B361843A0BB0318E366C7112105C70.e.2626","ELEMENT":"f.49EE1B407E8AACFD24485764E1748811.d.F5B361843A0BB0318E366C7112105C70.e.2626"}]}
COMMAND: POST /session/21b1c319d9497a1534c1e8f10b3c3c22/execute/sync - {"script":"<script> [5351 bytes]","args":[{"element-6066-11e4-a52e-4f735466cecf":"f.49EE1B407E8AACFD24485764E1748811.d.F5B361843A0BB0318E366C7112105C70.e.2626","ELEMENT":"f.49EE1B407E8AACFD24485764E1748811.d.F5B361843A0BB0318E366C7112105C70.e.2626"}]}
COMMAND: GET /session/21b1c319d9497a1534c1e8f10b3c3c22/screenshot - {}
RESULT: {"script":"<script> [5351 bytes]","args":[{"element-6066-11e4-a52e-4f735466cecf":"f.49EE1B407E8AACFD24485764E1748811.d.F5B361843A0BB0318E366C7112105C70.e.2626","ELEMENT":"f.49EE1B407E8AACFD24485764E1748811.d.F5B361843A0BB0318E366C7112105C70.e.2626"}]}
COMMAND: POST /session/21b1c319d9497a1534c1e8f10b3c3c22/element - {"using":"css selector","value":"#shell-header-logo"}
COMMAND: GET /session/21b1c319d9497a1534c1e8f10b3c3c22/screenshot - {}
RESULT: {}
RESULT: {"using":"css selector","value":"#shell-header-logo"}
COMMAND: POST /session/21b1c319d9497a1534c1e8f10b3c3c22/element/f.49EE1B407E8AACFD24485764E1748811.d.F5B361843A0BB0318E366C7112105C70.e.2626/click - {}
RESULT: {}
RESULT: {}
COMMAND: GET /session/21b1c319d9497a1534c1e8f10b3c3c22/screenshot - {}
RESULT: {}
COMMAND: POST /session/21b1c319d9497a1534c1e8f10b3c3c22/execute/async - {"script":"<script> [189 bytes]","args":[]}
RESULT: {"script":"<script> [189 bytes]","args":[]}
COMMAND: POST /session/21b1c319d9497a1534c1e8f10b3c3c22/execute/async - {"script":"<script> [123 bytes]","args":[]}
RESULT: {"script":"<script> [123 bytes]","args":[]}
COMMAND: POST /session/21b1c319d9497a1534c1e8f10b3c3c22/timeouts - {"script":"<number>"}
RESULT: {"script":"<number>"}
COMMAND: GET /session/21b1c319d9497a1534c1e8f10b3c3c22/timeouts - {}
RESULT: {}
RESULT: undefined
COMMAND: POST /session/21b1c319d9497a1534c1e8f10b3c3c22/execute/async - {"script":"<script> [2676 bytes]","args":[]}
RESULT: {"script":"<script> [2676 bytes]","args":[]}
COMMAND: POST /session/21b1c319d9497a1534c1e8f10b3c3c22/execute/async - {"script":"<script> [2342 bytes]","args":[{"protocol":"http","hostname":"0.0.0.0","path":"/","capabilities":{"browserName":"chrome","goog:chromeOptions":{"binary":"C:\\Program Files\\Google\\Chrome\\Application\\chrome.exe","args":["--start-maximized"]}},"logLevel":"warn","connectionRetryTimeout":120000,"connectionRetryCount":3,"logLevels":{},"enableDirectConnect":true,"strictSSL":true,"_":"65 more keys: [\"cacheDir\",\"port\",\"requestedCapabilities\",\"automationProtocol\",\"baseUrl\",\"waitforInterval\",\"waitforTimeout\",\"onReload\",\"beforeCommand\",\"afterCommand\",\"rootDir\",\"specs\",\"suites\",\"exclude\",\"groupLogsByTestSpec\",\"excludeDriverLogs\",\"bail\",\"framework\",\"reporters\",\"services\",\"maxInstances\",\"maxInstancesPerCapability\",\"injectGlobals\",\"filesToWatch\",\"execArgv\",\"runnerEnv\",\"runner\",\"shard\",\"specFileRetries\",\"specFileRetriesDelay\",\"specFileRetriesDeferred\",\"reporterSyncInterval\",\"reporterSyncTimeout\",\"cucumberFeaturesWithLineNumbers\",\"autoCompileOpts\",\"mochaOpts\",\"jasmineOpts\",\"cucumberOpts\",\"onPrepare\",\"onWorkerStart\",\"onWorkerEnd\",\"before\",\"beforeSession\",\"beforeSuite\",\"beforeHook\",\"beforeTest\",\"afterTest\",\"afterHook\",\"afterSuite\",\"afterSession\",\"after\",\"onComplete\",\"beforeAssertion\",\"afterAssertion\",\"beforeFeature\",\"beforeScenario\",\"beforeStep\",\"afterStep\",\"afterScenario\",\"afterFeature\",\"_\",\"suite\",\"$0\",\"ignoredWorkerServices\",\"wdi5\"]"}]}
RESULT: {"script":"<script> [2342 bytes]","args":[{"protocol":"http","hostname":"0.0.0.0","path":"/","capabilities":{"browserName":"chrome","goog:chromeOptions":{"binary":"C:\\Program Files\\Google\\Chrome\\Application\\chrome.exe","args":["--start-maximized"]}},"logLevel":"warn","connectionRetryTimeout":120000,"connectionRetryCount":3,"logLevels":{},"enableDirectConnect":true,"strictSSL":true,"_":"65 more keys: [\"cacheDir\",\"port\",\"requestedCapabilities\",\"automationProtocol\",\"baseUrl\",\"waitforInterval\",\"waitforTimeout\",\"onReload\",\"beforeCommand\",\"afterCommand\",\"rootDir\",\"specs\",\"suites\",\"exclude\",\"groupLogsByTestSpec\",\"excludeDriverLogs\",\"bail\",\"framework\",\"reporters\",\"services\",\"maxInstances\",\"maxInstancesPerCapability\",\"injectGlobals\",\"filesToWatch\",\"execArgv\",\"runnerEnv\",\"runner\",\"shard\",\"specFileRetries\",\"specFileRetriesDelay\",\"specFileRetriesDeferred\",\"reporterSyncInterval\",\"reporterSyncTimeout\",\"cucumberFeaturesWithLineNumbers\",\"autoCompileOpts\",\"mochaOpts\",\"jasmineOpts\",\"cucumberOpts\",\"onPrepare\",\"onWorkerStart\",\"onWorkerEnd\",\"before\",\"beforeSession\",\"beforeSuite\",\"beforeHook\",\"beforeTest\",\"afterTest\",\"afterHook\",\"afterSuite\",\"afterSession\",\"after\",\"onComplete\",\"beforeAssertion\",\"afterAssertion\",\"beforeFeature\",\"beforeScenario\",\"beforeStep\",\"afterStep\",\"afterScenario\",\"afterFeature\",\"_\",\"suite\",\"$0\",\"ignoredWorkerServices\",\"wdi5\"]"}]}
COMMAND: POST /session/21b1c319d9497a1534c1e8f10b3c3c22/execute/async - {"script":"<script> [21126 bytes]","args":[35000]}
RESULT: {"script":"<script> [21126 bytes]","args":[35000]}
COMMAND: POST /session/21b1c319d9497a1534c1e8f10b3c3c22/window/maximize - {}
RESULT: {}
COMMAND: POST /session/21b1c319d9497a1534c1e8f10b3c3c22/execute/async - {"script":"<script> [1562 bytes]","args":[{"selector":{"id":"shell-header","interaction":{"idSuffix":"icon"}},"wdio_ui5_key":"shellheader"}]}
COMMAND: GET /session/21b1c319d9497a1534c1e8f10b3c3c22/screenshot - {}
RESULT: {"script":"<script> [1562 bytes]","args":[{"selector":{"id":"shell-header","interaction":{"idSuffix":"icon"}},"wdio_ui5_key":"shellheader"}]}
RESULT: undefined
COMMAND: POST /session/21b1c319d9497a1534c1e8f10b3c3c22/refresh - {}
RESULT: {}
RESULT: {}
COMMAND: GET /session/21b1c319d9497a1534c1e8f10b3c3c22/screenshot - {}
RESULT: {}
COMMAND: POST /session/21b1c319d9497a1534c1e8f10b3c3c22/refresh - {}
RESULT: {}
COMMAND: GET /session/21b1c319d9497a1534c1e8f10b3c3c22/screenshot - {}
RESULT: {}
COMMAND: POST /session/21b1c319d9497a1534c1e8f10b3c3c22/window/fullscreen - {}
RESULT: {}
COMMAND: POST /session/21b1c319d9497a1534c1e8f10b3c3c22/execute/async - {"script":"<script> [189 bytes]","args":[]}
RESULT: {"script":"<script> [189 bytes]","args":[]}
COMMAND: POST /session/21b1c319d9497a1534c1e8f10b3c3c22/execute/async - {"script":"<script> [123 bytes]","args":[]}
RESULT: {"script":"<script> [123 bytes]","args":[]}
COMMAND: POST /session/21b1c319d9497a1534c1e8f10b3c3c22/timeouts - {"script":"<number>"}
RESULT: {"script":"<number>"}
COMMAND: GET /session/21b1c319d9497a1534c1e8f10b3c3c22/timeouts - {}
RESULT: {}
RESULT: undefined
COMMAND: POST /session/21b1c319d9497a1534c1e8f10b3c3c22/execute/async - {"script":"<script> [2676 bytes]","args":[]}
RESULT: {"script":"<script> [2676 bytes]","args":[]}
COMMAND: POST /session/21b1c319d9497a1534c1e8f10b3c3c22/execute/async - {"script":"<script> [2342 bytes]","args":[{"protocol":"http","hostname":"0.0.0.0","path":"/","capabilities":{"browserName":"chrome","goog:chromeOptions":{"binary":"C:\\Program Files\\Google\\Chrome\\Application\\chrome.exe","args":["--start-maximized"]}},"logLevel":"warn","connectionRetryTimeout":120000,"connectionRetryCount":3,"logLevels":{},"enableDirectConnect":true,"strictSSL":true,"_":"65 more keys: [\"cacheDir\",\"port\",\"requestedCapabilities\",\"automationProtocol\",\"baseUrl\",\"waitforInterval\",\"waitforTimeout\",\"onReload\",\"beforeCommand\",\"afterCommand\",\"rootDir\",\"specs\",\"suites\",\"exclude\",\"groupLogsByTestSpec\",\"excludeDriverLogs\",\"bail\",\"framework\",\"reporters\",\"services\",\"maxInstances\",\"maxInstancesPerCapability\",\"injectGlobals\",\"filesToWatch\",\"execArgv\",\"runnerEnv\",\"runner\",\"shard\",\"specFileRetries\",\"specFileRetriesDelay\",\"specFileRetriesDeferred\",\"reporterSyncInterval\",\"reporterSyncTimeout\",\"cucumberFeaturesWithLineNumbers\",\"autoCompileOpts\",\"mochaOpts\",\"jasmineOpts\",\"cucumberOpts\",\"onPrepare\",\"onWorkerStart\",\"onWorkerEnd\",\"before\",\"beforeSession\",\"beforeSuite\",\"beforeHook\",\"beforeTest\",\"afterTest\",\"afterHook\",\"afterSuite\",\"afterSession\",\"after\",\"onComplete\",\"beforeAssertion\",\"afterAssertion\",\"beforeFeature\",\"beforeScenario\",\"beforeStep\",\"afterStep\",\"afterScenario\",\"afterFeature\",\"_\",\"suite\",\"$0\",\"ignoredWorkerServices\",\"wdi5\"]"}]}
RESULT: {"script":"<script> [2342 bytes]","args":[{"protocol":"http","hostname":"0.0.0.0","path":"/","capabilities":{"browserName":"chrome","goog:chromeOptions":{"binary":"C:\\Program Files\\Google\\Chrome\\Application\\chrome.exe","args":["--start-maximized"]}},"logLevel":"warn","connectionRetryTimeout":120000,"connectionRetryCount":3,"logLevels":{},"enableDirectConnect":true,"strictSSL":true,"_":"65 more keys: [\"cacheDir\",\"port\",\"requestedCapabilities\",\"automationProtocol\",\"baseUrl\",\"waitforInterval\",\"waitforTimeout\",\"onReload\",\"beforeCommand\",\"afterCommand\",\"rootDir\",\"specs\",\"suites\",\"exclude\",\"groupLogsByTestSpec\",\"excludeDriverLogs\",\"bail\",\"framework\",\"reporters\",\"services\",\"maxInstances\",\"maxInstancesPerCapability\",\"injectGlobals\",\"filesToWatch\",\"execArgv\",\"runnerEnv\",\"runner\",\"shard\",\"specFileRetries\",\"specFileRetriesDelay\",\"specFileRetriesDeferred\",\"reporterSyncInterval\",\"reporterSyncTimeout\",\"cucumberFeaturesWithLineNumbers\",\"autoCompileOpts\",\"mochaOpts\",\"jasmineOpts\",\"cucumberOpts\",\"onPrepare\",\"onWorkerStart\",\"onWorkerEnd\",\"before\",\"beforeSession\",\"beforeSuite\",\"beforeHook\",\"beforeTest\",\"afterTest\",\"afterHook\",\"afterSuite\",\"afterSession\",\"after\",\"onComplete\",\"beforeAssertion\",\"afterAssertion\",\"beforeFeature\",\"beforeScenario\",\"beforeStep\",\"afterStep\",\"afterScenario\",\"afterFeature\",\"_\",\"suite\",\"$0\",\"ignoredWorkerServices\",\"wdi5\"]"}]}
COMMAND: POST /session/21b1c319d9497a1534c1e8f10b3c3c22/execute/async - {"script":"<script> [21126 bytes]","args":[35000]}
RESULT: {"script":"<script> [21126 bytes]","args":[35000]}
]]></system-out>
    </testcase>
  </testsuite>
  <testsuite timestamp="2025-05-25T17:07:12" time="498.447" tests="6" failures="1" errors="1" skipped="0">
    <properties>
      <property name="specId" value="0"/>
      <property name="suiteName" value="Edit and delete daily price US134629 US134627"/>
      <property name="capabilities" value="chrome.136_0_7103_93.windows"/>
      <property name="file" value="file:///D:/a/1/s/test/specs/BTS/conditions-prices-daily-price.spec.js"/>
    </properties>
    <testcase classname="chrome.136_0_7103_93.windows.Edit_and_delete_daily_price_US134629_US134627" name="Should create a new yard used for all following tests" time="0.018">
      <system-out><![CDATA[
COMMAND: POST /session/21b1c319d9497a1534c1e8f10b3c3c22/window/fullscreen - {}
RESULT: {}
]]></system-out>
    </testcase>
    <testcase classname="chrome.136_0_7103_93.windows.Edit_and_delete_daily_price_US134629_US134627" name="Should create a new partner" time="163.431">
      <system-out><![CDATA[
COMMAND: POST /session/21b1c319d9497a1534c1e8f10b3c3c22/window/fullscreen - {}
RESULT: {}
COMMAND: POST /session/21b1c319d9497a1534c1e8f10b3c3c22/execute/async - {"script":"<script> [1562 bytes]","args":[{"selector":{"controlType":"sap.m.GenericTile","properties":{"header":"Manage Partners"}},"wdio_ui5_key":"sapm.GenericTile{\"header\":\"Manage Partners\"}"}]}
RESULT: {"script":"<script> [1562 bytes]","args":[{"selector":{"controlType":"sap.m.GenericTile","properties":{"header":"Manage Partners"}},"wdio_ui5_key":"sapm.GenericTile{\"header\":\"Manage Partners\"}"}]}
RESULT: undefined
COMMAND: POST /session/21b1c319d9497a1534c1e8f10b3c3c22/element - {"using":"xpath","value":"//*[@id=\"__tile38\"]"}
RESULT: {"using":"xpath","value":"//*[@id=\"__tile38\"]"}
COMMAND: POST /session/21b1c319d9497a1534c1e8f10b3c3c22/element/f.49EE1B407E8AACFD24485764E1748811.d.4D60774C922E752FA2E761FD7147C471.e.2770/click - {}
RESULT: {}
COMMAND: GET /session/21b1c319d9497a1534c1e8f10b3c3c22/screenshot - {}
RESULT: {}
COMMAND: POST /session/21b1c319d9497a1534c1e8f10b3c3c22/elements - {"using":"xpath","value":"//span[text()='Error']"}
RESULT: {"using":"xpath","value":"//span[text()='Error']"}
COMMAND: POST /session/21b1c319d9497a1534c1e8f10b3c3c22/element - {"using":"xpath","value":"//button[@data-kt=\"addButton\"]"}
RESULT: {"using":"xpath","value":"//button[@data-kt=\"addButton\"]"}
COMMAND: POST /session/21b1c319d9497a1534c1e8f10b3c3c22/elements - {"using":"xpath","value":"//button[@data-kt=\"addButton\"]"}
RESULT: {"using":"xpath","value":"//button[@data-kt=\"addButton\"]"}
COMMAND: POST /session/21b1c319d9497a1534c1e8f10b3c3c22/elements - {"using":"xpath","value":"//button[@data-kt=\"addButton\"]"}
RESULT: {"using":"xpath","value":"//button[@data-kt=\"addButton\"]"}
COMMAND: POST /session/21b1c319d9497a1534c1e8f10b3c3c22/elements - {"using":"xpath","value":"//button[@data-kt=\"addButton\"]"}
RESULT: {"using":"xpath","value":"//button[@data-kt=\"addButton\"]"}
COMMAND: POST /session/21b1c319d9497a1534c1e8f10b3c3c22/elements - {"using":"xpath","value":"//button[@data-kt=\"addButton\"]"}
RESULT: {"using":"xpath","value":"//button[@data-kt=\"addButton\"]"}
COMMAND: POST /session/21b1c319d9497a1534c1e8f10b3c3c22/elements - {"using":"xpath","value":"//button[@data-kt=\"addButton\"]"}
RESULT: {"using":"xpath","value":"//button[@data-kt=\"addButton\"]"}
COMMAND: POST /session/21b1c319d9497a1534c1e8f10b3c3c22/elements - {"using":"xpath","value":"//button[@data-kt=\"addButton\"]"}
RESULT: {"using":"xpath","value":"//button[@data-kt=\"addButton\"]"}
COMMAND: POST /session/21b1c319d9497a1534c1e8f10b3c3c22/element - {"using":"xpath","value":"//button[@data-kt=\"addButton\"]"}
RESULT: {"using":"xpath","value":"//button[@data-kt=\"addButton\"]"}
COMMAND: POST /session/21b1c319d9497a1534c1e8f10b3c3c22/execute/sync - {"script":"<script> [8489 bytes]","args":[{"element-6066-11e4-a52e-4f735466cecf":"f.49EE1B407E8AACFD24485764E1748811.d.4D60774C922E752FA2E761FD7147C471.e.2919","ELEMENT":"f.49EE1B407E8AACFD24485764E1748811.d.4D60774C922E752FA2E761FD7147C471.e.2919"}]}
RESULT: {"script":"<script> [8489 bytes]","args":[{"element-6066-11e4-a52e-4f735466cecf":"f.49EE1B407E8AACFD24485764E1748811.d.4D60774C922E752FA2E761FD7147C471.e.2919","ELEMENT":"f.49EE1B407E8AACFD24485764E1748811.d.4D60774C922E752FA2E761FD7147C471.e.2919"}]}
COMMAND: GET /session/21b1c319d9497a1534c1e8f10b3c3c22/element/f.49EE1B407E8AACFD24485764E1748811.d.4D60774C922E752FA2E761FD7147C471.e.2919/enabled - {}
COMMAND: GET /session/21b1c319d9497a1534c1e8f10b3c3c22/screenshot - {}
RESULT: {}
COMMAND: POST /session/21b1c319d9497a1534c1e8f10b3c3c22/execute/sync - {"script":"<script> [8489 bytes]","args":[{"element-6066-11e4-a52e-4f735466cecf":"f.49EE1B407E8AACFD24485764E1748811.d.4D60774C922E752FA2E761FD7147C471.e.2919","ELEMENT":"f.49EE1B407E8AACFD24485764E1748811.d.4D60774C922E752FA2E761FD7147C471.e.2919"}]}
COMMAND: GET /session/21b1c319d9497a1534c1e8f10b3c3c22/screenshot - {}
RESULT: {}
RESULT: {"script":"<script> [8489 bytes]","args":[{"element-6066-11e4-a52e-4f735466cecf":"f.49EE1B407E8AACFD24485764E1748811.d.4D60774C922E752FA2E761FD7147C471.e.2919","ELEMENT":"f.49EE1B407E8AACFD24485764E1748811.d.4D60774C922E752FA2E761FD7147C471.e.2919"}]}
COMMAND: POST /session/21b1c319d9497a1534c1e8f10b3c3c22/execute/sync - {"script":"<script> [5351 bytes]","args":[{"element-6066-11e4-a52e-4f735466cecf":"f.49EE1B407E8AACFD24485764E1748811.d.4D60774C922E752FA2E761FD7147C471.e.2919","ELEMENT":"f.49EE1B407E8AACFD24485764E1748811.d.4D60774C922E752FA2E761FD7147C471.e.2919"}]}
COMMAND: GET /session/21b1c319d9497a1534c1e8f10b3c3c22/screenshot - {}
RESULT: {}
RESULT: {"script":"<script> [5351 bytes]","args":[{"element-6066-11e4-a52e-4f735466cecf":"f.49EE1B407E8AACFD24485764E1748811.d.4D60774C922E752FA2E761FD7147C471.e.2919","ELEMENT":"f.49EE1B407E8AACFD24485764E1748811.d.4D60774C922E752FA2E761FD7147C471.e.2919"}]}
COMMAND: POST /session/21b1c319d9497a1534c1e8f10b3c3c22/element/f.49EE1B407E8AACFD24485764E1748811.d.4D60774C922E752FA2E761FD7147C471.e.2919/click - {}
COMMAND: GET /session/21b1c319d9497a1534c1e8f10b3c3c22/screenshot - {}
RESULT: {}
RESULT: {}
COMMAND: GET /session/21b1c319d9497a1534c1e8f10b3c3c22/screenshot - {}
RESULT: {}
RESULT: {}
COMMAND: POST /session/21b1c319d9497a1534c1e8f10b3c3c22/execute/async - {"script":"<script> [1562 bytes]","args":[{"selector":{"id":"application-managepartners-display-component---NewPartner--addressDetailDetailsName1","interaction":{"idSuffix":"inner"}},"wdio_ui5_key":"applicationmanagepartners-display-component---NewPartner--addressDetailDetailsName1"}]}
RESULT: {"script":"<script> [1562 bytes]","args":[{"selector":{"id":"application-managepartners-display-component---NewPartner--addressDetailDetailsName1","interaction":{"idSuffix":"inner"}},"wdio_ui5_key":"applicationmanagepartners-display-component---NewPartner--addressDetailDetailsName1"}]}
RESULT: undefined
COMMAND: POST /session/21b1c319d9497a1534c1e8f10b3c3c22/execute/async - {"script":"<script> [776 bytes]","args":[{"enterText":"DailyPrice Partner WDIO","selector":{"id":"application-managepartners-display-component---NewPartner--addressDetailDetailsName1","interaction":{"idSuffix":"inner"}},"clearTextFirst":true,"interactionType":"ENTER_TEXT"}]}
RESULT: {"script":"<script> [776 bytes]","args":[{"enterText":"DailyPrice Partner WDIO","selector":{"id":"application-managepartners-display-component---NewPartner--addressDetailDetailsName1","interaction":{"idSuffix":"inner"}},"clearTextFirst":true,"interactionType":"ENTER_TEXT"}]}
COMMAND: POST /session/21b1c319d9497a1534c1e8f10b3c3c22/execute/async - {"script":"<script> [1562 bytes]","args":[{"selector":{"id":"application-managepartners-display-component---NewPartner--addressDetailDetailsLanguage-arrow"},"wdio_ui5_key":"applicationmanagepartners-display-component---NewPartner--addressDetailDetailsLanguage-arrow"}]}
RESULT: {"script":"<script> [1562 bytes]","args":[{"selector":{"id":"application-managepartners-display-component---NewPartner--addressDetailDetailsLanguage-arrow"},"wdio_ui5_key":"applicationmanagepartners-display-component---NewPartner--addressDetailDetailsLanguage-arrow"}]}
RESULT: undefined
COMMAND: POST /session/21b1c319d9497a1534c1e8f10b3c3c22/element - {"using":"xpath","value":"//*[@id=\"application-managepartners-display-component---NewPartner--addressDetailDetailsLanguage-arrow\"]"}
RESULT: {"using":"xpath","value":"//*[@id=\"application-managepartners-display-component---NewPartner--addressDetailDetailsLanguage-arrow\"]"}
COMMAND: POST /session/21b1c319d9497a1534c1e8f10b3c3c22/element/f.49EE1B407E8AACFD24485764E1748811.d.4D60774C922E752FA2E761FD7147C471.e.3372/click - {}
RESULT: {}
COMMAND: POST /session/21b1c319d9497a1534c1e8f10b3c3c22/element - {"using":"xpath","value":"//span[contains(text(), \"English\")]"}
COMMAND: GET /session/21b1c319d9497a1534c1e8f10b3c3c22/screenshot - {}
RESULT: {"using":"xpath","value":"//span[contains(text(), \"English\")]"}
COMMAND: POST /session/21b1c319d9497a1534c1e8f10b3c3c22/element/f.49EE1B407E8AACFD24485764E1748811.d.4D60774C922E752FA2E761FD7147C471.e.3373/click - {}
RESULT: {}
RESULT: {}
COMMAND: GET /session/21b1c319d9497a1534c1e8f10b3c3c22/screenshot - {}
RESULT: {}
COMMAND: POST /session/21b1c319d9497a1534c1e8f10b3c3c22/execute/async - {"script":"<script> [1562 bytes]","args":[{"selector":{"id":"application-managepartners-display-component---NewPartner--addressDetailDetailsCity1","interaction":{"idSuffix":"inner"}},"wdio_ui5_key":"applicationmanagepartners-display-component---NewPartner--addressDetailDetailsCity1"}]}
RESULT: {"script":"<script> [1562 bytes]","args":[{"selector":{"id":"application-managepartners-display-component---NewPartner--addressDetailDetailsCity1","interaction":{"idSuffix":"inner"}},"wdio_ui5_key":"applicationmanagepartners-display-component---NewPartner--addressDetailDetailsCity1"}]}
RESULT: undefined
COMMAND: POST /session/21b1c319d9497a1534c1e8f10b3c3c22/execute/async - {"script":"<script> [776 bytes]","args":[{"enterText":"Rosario","selector":{"id":"application-managepartners-display-component---NewPartner--addressDetailDetailsCity1","interaction":{"idSuffix":"inner"}},"clearTextFirst":true,"interactionType":"ENTER_TEXT"}]}
RESULT: {"script":"<script> [776 bytes]","args":[{"enterText":"Rosario","selector":{"id":"application-managepartners-display-component---NewPartner--addressDetailDetailsCity1","interaction":{"idSuffix":"inner"}},"clearTextFirst":true,"interactionType":"ENTER_TEXT"}]}
COMMAND: POST /session/21b1c319d9497a1534c1e8f10b3c3c22/execute/async - {"script":"<script> [1562 bytes]","args":[{"selector":{"id":"application-managepartners-display-component---NewPartner--addressDetailDetailsCountry-arrow"},"wdio_ui5_key":"applicationmanagepartners-display-component---NewPartner--addressDetailDetailsCountry-arrow"}]}
RESULT: {"script":"<script> [1562 bytes]","args":[{"selector":{"id":"application-managepartners-display-component---NewPartner--addressDetailDetailsCountry-arrow"},"wdio_ui5_key":"applicationmanagepartners-display-component---NewPartner--addressDetailDetailsCountry-arrow"}]}
RESULT: undefined
COMMAND: POST /session/21b1c319d9497a1534c1e8f10b3c3c22/element - {"using":"xpath","value":"//*[@id=\"application-managepartners-display-component---NewPartner--addressDetailDetailsCountry-arrow\"]"}
RESULT: {"using":"xpath","value":"//*[@id=\"application-managepartners-display-component---NewPartner--addressDetailDetailsCountry-arrow\"]"}
COMMAND: POST /session/21b1c319d9497a1534c1e8f10b3c3c22/element/f.49EE1B407E8AACFD24485764E1748811.d.4D60774C922E752FA2E761FD7147C471.e.3347/click - {}
RESULT: {}
COMMAND: POST /session/21b1c319d9497a1534c1e8f10b3c3c22/element - {"using":"xpath","value":"//span[contains(text(), \"Argentina\")]"}
COMMAND: GET /session/21b1c319d9497a1534c1e8f10b3c3c22/screenshot - {}
RESULT: {"using":"xpath","value":"//span[contains(text(), \"Argentina\")]"}
COMMAND: POST /session/21b1c319d9497a1534c1e8f10b3c3c22/element/f.49EE1B407E8AACFD24485764E1748811.d.4D60774C922E752FA2E761FD7147C471.e.3375/click - {}
RESULT: {}
RESULT: {}
COMMAND: GET /session/21b1c319d9497a1534c1e8f10b3c3c22/screenshot - {}
RESULT: {}
COMMAND: POST /session/21b1c319d9497a1534c1e8f10b3c3c22/element - {"using":"xpath","value":"//bdi[contains(text(), \"Commercial\")]"}
RESULT: {"using":"xpath","value":"//bdi[contains(text(), \"Commercial\")]"}
COMMAND: POST /session/21b1c319d9497a1534c1e8f10b3c3c22/element/f.49EE1B407E8AACFD24485764E1748811.d.4D60774C922E752FA2E761FD7147C471.e.3376/click - {}
RESULT: {}
COMMAND: GET /session/21b1c319d9497a1534c1e8f10b3c3c22/screenshot - {}
RESULT: {}
COMMAND: POST /session/21b1c319d9497a1534c1e8f10b3c3c22/execute/async - {"script":"<script> [1562 bytes]","args":[{"selector":{"id":"application-managepartners-display-component---NewPartner--partnerDetailInternal-arrow"},"wdio_ui5_key":"applicationmanagepartners-display-component---NewPartner--partnerDetailInternal-arrow"}]}
RESULT: {"script":"<script> [1562 bytes]","args":[{"selector":{"id":"application-managepartners-display-component---NewPartner--partnerDetailInternal-arrow"},"wdio_ui5_key":"applicationmanagepartners-display-component---NewPartner--partnerDetailInternal-arrow"}]}
RESULT: undefined
COMMAND: POST /session/21b1c319d9497a1534c1e8f10b3c3c22/element - {"using":"xpath","value":"//*[@id=\"application-managepartners-display-component---NewPartner--partnerDetailInternal-arrow\"]"}
RESULT: {"using":"xpath","value":"//*[@id=\"application-managepartners-display-component---NewPartner--partnerDetailInternal-arrow\"]"}
COMMAND: POST /session/21b1c319d9497a1534c1e8f10b3c3c22/element/f.49EE1B407E8AACFD24485764E1748811.d.4D60774C922E752FA2E761FD7147C471.e.3382/click - {}
RESULT: {}
COMMAND: POST /session/21b1c319d9497a1534c1e8f10b3c3c22/element - {"using":"xpath","value":"//span[contains(text(), \"Affiliated company\")]"}
COMMAND: GET /session/21b1c319d9497a1534c1e8f10b3c3c22/screenshot - {}
RESULT: {"using":"xpath","value":"//span[contains(text(), \"Affiliated company\")]"}
COMMAND: POST /session/21b1c319d9497a1534c1e8f10b3c3c22/element/f.49EE1B407E8AACFD24485764E1748811.d.4D60774C922E752FA2E761FD7147C471.e.3383/click - {}
RESULT: {}
RESULT: {}
COMMAND: POST /session/21b1c319d9497a1534c1e8f10b3c3c22/execute/async - {"script":"<script> [1562 bytes]","args":[{"selector":{"id":"application-managepartners-display-component---NewPartner--partnerDetailsCurrency-arrow"},"wdio_ui5_key":"applicationmanagepartners-display-component---NewPartner--partnerDetailsCurrency-arrow"}]}
COMMAND: GET /session/21b1c319d9497a1534c1e8f10b3c3c22/screenshot - {}
RESULT: {"script":"<script> [1562 bytes]","args":[{"selector":{"id":"application-managepartners-display-component---NewPartner--partnerDetailsCurrency-arrow"},"wdio_ui5_key":"applicationmanagepartners-display-component---NewPartner--partnerDetailsCurrency-arrow"}]}
RESULT: undefined
COMMAND: POST /session/21b1c319d9497a1534c1e8f10b3c3c22/element - {"using":"xpath","value":"//*[@id=\"application-managepartners-display-component---NewPartner--partnerDetailsCurrency-arrow\"]"}
RESULT: {}
RESULT: {"using":"xpath","value":"//*[@id=\"application-managepartners-display-component---NewPartner--partnerDetailsCurrency-arrow\"]"}
COMMAND: POST /session/21b1c319d9497a1534c1e8f10b3c3c22/element/f.49EE1B407E8AACFD24485764E1748811.d.4D60774C922E752FA2E761FD7147C471.e.3390/click - {}
RESULT: {}
COMMAND: POST /session/21b1c319d9497a1534c1e8f10b3c3c22/element - {"using":"xpath","value":"//span[contains(text(), \"Euro\")]"}
COMMAND: GET /session/21b1c319d9497a1534c1e8f10b3c3c22/screenshot - {}
RESULT: {"using":"xpath","value":"//span[contains(text(), \"Euro\")]"}
COMMAND: POST /session/21b1c319d9497a1534c1e8f10b3c3c22/element/f.49EE1B407E8AACFD24485764E1748811.d.4D60774C922E752FA2E761FD7147C471.e.3391/click - {}
RESULT: {}
RESULT: {}
COMMAND: POST /session/21b1c319d9497a1534c1e8f10b3c3c22/execute/async - {"script":"<script> [1562 bytes]","args":[{"selector":{"id":"application-managepartners-display-component---NewPartner--addressEditDetailsCostObjectCstType-arrow"},"wdio_ui5_key":"applicationmanagepartners-display-component---NewPartner--addressEditDetailsCostObjectCstType-arrow"}]}
COMMAND: GET /session/21b1c319d9497a1534c1e8f10b3c3c22/screenshot - {}
RESULT: {"script":"<script> [1562 bytes]","args":[{"selector":{"id":"application-managepartners-display-component---NewPartner--addressEditDetailsCostObjectCstType-arrow"},"wdio_ui5_key":"applicationmanagepartners-display-component---NewPartner--addressEditDetailsCostObjectCstType-arrow"}]}
RESULT: undefined
COMMAND: POST /session/21b1c319d9497a1534c1e8f10b3c3c22/element - {"using":"xpath","value":"//*[@id=\"application-managepartners-display-component---NewPartner--addressEditDetailsCostObjectCstType-arrow\"]"}
RESULT: {}
RESULT: {"using":"xpath","value":"//*[@id=\"application-managepartners-display-component---NewPartner--addressEditDetailsCostObjectCstType-arrow\"]"}
COMMAND: POST /session/21b1c319d9497a1534c1e8f10b3c3c22/element/f.49EE1B407E8AACFD24485764E1748811.d.4D60774C922E752FA2E761FD7147C471.e.3392/click - {}
RESULT: {}
COMMAND: POST /session/21b1c319d9497a1534c1e8f10b3c3c22/element - {"using":"xpath","value":"//span[contains(text(), \"Cost Center\")]"}
COMMAND: GET /session/21b1c319d9497a1534c1e8f10b3c3c22/screenshot - {}
RESULT: {"using":"xpath","value":"//span[contains(text(), \"Cost Center\")]"}
COMMAND: POST /session/21b1c319d9497a1534c1e8f10b3c3c22/element/f.49EE1B407E8AACFD24485764E1748811.d.4D60774C922E752FA2E761FD7147C471.e.3393/click - {}
RESULT: {}
RESULT: {}
COMMAND: GET /session/21b1c319d9497a1534c1e8f10b3c3c22/screenshot - {}
RESULT: {}
COMMAND: POST /session/21b1c319d9497a1534c1e8f10b3c3c22/element - {"using":"xpath","value":"//span[@id=\"application-managepartners-display-component---NewPartner--addressNewCostObjectCstID-vhi\"]"}
RESULT: {"using":"xpath","value":"//span[@id=\"application-managepartners-display-component---NewPartner--addressNewCostObjectCstID-vhi\"]"}
COMMAND: POST /session/21b1c319d9497a1534c1e8f10b3c3c22/execute/sync - {"script":"<script> [8489 bytes]","args":[{"element-6066-11e4-a52e-4f735466cecf":"f.49EE1B407E8AACFD24485764E1748811.d.4D60774C922E752FA2E761FD7147C471.e.3397","ELEMENT":"f.49EE1B407E8AACFD24485764E1748811.d.4D60774C922E752FA2E761FD7147C471.e.3397"}]}
RESULT: {"script":"<script> [8489 bytes]","args":[{"element-6066-11e4-a52e-4f735466cecf":"f.49EE1B407E8AACFD24485764E1748811.d.4D60774C922E752FA2E761FD7147C471.e.3397","ELEMENT":"f.49EE1B407E8AACFD24485764E1748811.d.4D60774C922E752FA2E761FD7147C471.e.3397"}]}
COMMAND: POST /session/21b1c319d9497a1534c1e8f10b3c3c22/execute/async - {"script":"<script> [1562 bytes]","args":[{"selector":{"id":"application-managepartners-display-component---NewPartner--addressNewCostObjectCstID-vhi"},"wdio_ui5_key":"applicationmanagepartners-display-component---NewPartner--addressNewCostObjectCstID-vhi"}]}
COMMAND: GET /session/21b1c319d9497a1534c1e8f10b3c3c22/screenshot - {}
RESULT: {"script":"<script> [1562 bytes]","args":[{"selector":{"id":"application-managepartners-display-component---NewPartner--addressNewCostObjectCstID-vhi"},"wdio_ui5_key":"applicationmanagepartners-display-component---NewPartner--addressNewCostObjectCstID-vhi"}]}
RESULT: undefined
COMMAND: POST /session/21b1c319d9497a1534c1e8f10b3c3c22/element - {"using":"xpath","value":"//*[@id=\"application-managepartners-display-component---NewPartner--addressNewCostObjectCstID-vhi\"]"}
RESULT: {}
RESULT: {"using":"xpath","value":"//*[@id=\"application-managepartners-display-component---NewPartner--addressNewCostObjectCstID-vhi\"]"}
COMMAND: POST /session/21b1c319d9497a1534c1e8f10b3c3c22/element/f.49EE1B407E8AACFD24485764E1748811.d.4D60774C922E752FA2E761FD7147C471.e.3397/click - {}
RESULT: {}
COMMAND: GET /session/21b1c319d9497a1534c1e8f10b3c3c22/screenshot - {}
RESULT: {}
COMMAND: POST /session/21b1c319d9497a1534c1e8f10b3c3c22/execute/async - {"script":"<script> [1562 bytes]","args":[{"selector":{"controlType":"sap.m.SearchField","properties":{"placeholder":"Search"},"searchOpenDialogs":true,"interaction":{"idSuffix":"I"}},"wdio_ui5_key":"sapm.SearchField{\"placeholder\":\"Search\"}"}]}
RESULT: {"script":"<script> [1562 bytes]","args":[{"selector":{"controlType":"sap.m.SearchField","properties":{"placeholder":"Search"},"searchOpenDialogs":true,"interaction":{"idSuffix":"I"}},"wdio_ui5_key":"sapm.SearchField{\"placeholder\":\"Search\"}"}]}
RESULT: undefined
COMMAND: POST /session/21b1c319d9497a1534c1e8f10b3c3c22/execute/async - {"script":"<script> [776 bytes]","args":[{"enterText":"10001013","selector":{"controlType":"sap.m.SearchField","properties":{"placeholder":"Search"},"searchOpenDialogs":true,"interaction":{"idSuffix":"I"}},"clearTextFirst":true,"interactionType":"ENTER_TEXT"}]}
RESULT: {"script":"<script> [776 bytes]","args":[{"enterText":"10001013","selector":{"controlType":"sap.m.SearchField","properties":{"placeholder":"Search"},"searchOpenDialogs":true,"interaction":{"idSuffix":"I"}},"clearTextFirst":true,"interactionType":"ENTER_TEXT"}]}
COMMAND: POST /session/21b1c319d9497a1534c1e8f10b3c3c22/actions - {"actions":[{"id":"action11","type":"key","parameters":{},"actions":[{"type":"keyDown","value":""},{"type":"pause","duration":10},{"type":"keyUp","value":""}]}]}
RESULT: {"actions":[{"id":"action11","type":"key","parameters":{},"actions":[{"type":"keyDown","value":""},{"type":"pause","duration":10},{"type":"keyUp","value":""}]}]}
COMMAND: GET /session/21b1c319d9497a1534c1e8f10b3c3c22/screenshot - {}
RESULT: {}
COMMAND: POST /session/21b1c319d9497a1534c1e8f10b3c3c22/element - {"using":"xpath","value":"//span[contains(text(), \"General Management\")]"}
RESULT: {"using":"xpath","value":"//span[contains(text(), \"General Management\")]"}
COMMAND: POST /session/21b1c319d9497a1534c1e8f10b3c3c22/element/f.49EE1B407E8AACFD24485764E1748811.d.4D60774C922E752FA2E761FD7147C471.e.3440/click - {}
RESULT: {}
COMMAND: GET /session/21b1c319d9497a1534c1e8f10b3c3c22/screenshot - {}
RESULT: {}
COMMAND: POST /session/21b1c319d9497a1534c1e8f10b3c3c22/element - {"using":"xpath","value":"//bdi[contains(text(), \"OK\")]"}
RESULT: {"using":"xpath","value":"//bdi[contains(text(), \"OK\")]"}
COMMAND: POST /session/21b1c319d9497a1534c1e8f10b3c3c22/element/f.49EE1B407E8AACFD24485764E1748811.d.4D60774C922E752FA2E761FD7147C471.e.3441/click - {}
RESULT: {}
COMMAND: GET /session/21b1c319d9497a1534c1e8f10b3c3c22/screenshot - {}
RESULT: {}
COMMAND: POST /session/21b1c319d9497a1534c1e8f10b3c3c22/element - {"using":"xpath","value":"//input[@id=\"application-managepartners-display-component---NewPartner--companyCodeComboBox-inner\"]"}
RESULT: {"using":"xpath","value":"//input[@id=\"application-managepartners-display-component---NewPartner--companyCodeComboBox-inner\"]"}
COMMAND: POST /session/21b1c319d9497a1534c1e8f10b3c3c22/element/f.49EE1B407E8AACFD24485764E1748811.d.4D60774C922E752FA2E761FD7147C471.e.3237/clear - {}
RESULT: {}
COMMAND: POST /session/21b1c319d9497a1534c1e8f10b3c3c22/element/f.49EE1B407E8AACFD24485764E1748811.d.4D60774C922E752FA2E761FD7147C471.e.3237/value - {"text":"C002"}
COMMAND: GET /session/21b1c319d9497a1534c1e8f10b3c3c22/screenshot - {}
RESULT: {"text":"C002"}
COMMAND: GET /session/21b1c319d9497a1534c1e8f10b3c3c22/screenshot - {}
RESULT: {}
RESULT: {}
COMMAND: POST /session/21b1c319d9497a1534c1e8f10b3c3c22/element - {"using":"xpath","value":"//li[.//span[text()= \"C002\"]]"}
RESULT: {"using":"xpath","value":"//li[.//span[text()= \"C002\"]]"}
COMMAND: POST /session/21b1c319d9497a1534c1e8f10b3c3c22/element/f.49EE1B407E8AACFD24485764E1748811.d.4D60774C922E752FA2E761FD7147C471.e.3447/click - {}
RESULT: {}
COMMAND: GET /session/21b1c319d9497a1534c1e8f10b3c3c22/screenshot - {}
RESULT: {}
COMMAND: POST /session/21b1c319d9497a1534c1e8f10b3c3c22/execute/async - {"script":"<script> [1562 bytes]","args":[{"selector":{"id":"application-managepartners-display-component---NewPartner--btnAddTableRow-img"},"wdio_ui5_key":"applicationmanagepartners-display-component---NewPartner--btnAddTableRow-img"}]}
RESULT: {"script":"<script> [1562 bytes]","args":[{"selector":{"id":"application-managepartners-display-component---NewPartner--btnAddTableRow-img"},"wdio_ui5_key":"applicationmanagepartners-display-component---NewPartner--btnAddTableRow-img"}]}
RESULT: undefined
COMMAND: POST /session/21b1c319d9497a1534c1e8f10b3c3c22/element - {"using":"xpath","value":"//*[@id=\"application-managepartners-display-component---NewPartner--btnAddTableRow-img\"]"}
RESULT: {"using":"xpath","value":"//*[@id=\"application-managepartners-display-component---NewPartner--btnAddTableRow-img\"]"}
COMMAND: POST /session/21b1c319d9497a1534c1e8f10b3c3c22/element/f.49EE1B407E8AACFD24485764E1748811.d.4D60774C922E752FA2E761FD7147C471.e.3448/click - {}
RESULT: {}
COMMAND: GET /session/21b1c319d9497a1534c1e8f10b3c3c22/screenshot - {}
RESULT: {}
COMMAND: POST /session/21b1c319d9497a1534c1e8f10b3c3c22/element - {"using":"xpath","value":"//input[@id=\"application-managepartners-display-component---NewPartner--assignmentYard-application-managepartners-display-component---NewPartner--assignmentsTable-0-inner\"]"}
RESULT: {"using":"xpath","value":"//input[@id=\"application-managepartners-display-component---NewPartner--assignmentYard-application-managepartners-display-component---NewPartner--assignmentsTable-0-inner\"]"}
COMMAND: POST /session/21b1c319d9497a1534c1e8f10b3c3c22/element/f.49EE1B407E8AACFD24485764E1748811.d.4D60774C922E752FA2E761FD7147C471.e.3451/clear - {}
RESULT: {}
COMMAND: POST /session/21b1c319d9497a1534c1e8f10b3c3c22/element/f.49EE1B407E8AACFD24485764E1748811.d.4D60774C922E752FA2E761FD7147C471.e.3451/value - {"text":"278"}
COMMAND: GET /session/21b1c319d9497a1534c1e8f10b3c3c22/screenshot - {}
RESULT: {"text":"278"}
COMMAND: GET /session/21b1c319d9497a1534c1e8f10b3c3c22/screenshot - {}
RESULT: {}
RESULT: {}
COMMAND: POST /session/21b1c319d9497a1534c1e8f10b3c3c22/element - {"using":"xpath","value":"//li[.//span[text()='278']]"}
RESULT: {"using":"xpath","value":"//li[.//span[text()='278']]"}
COMMAND: POST /session/21b1c319d9497a1534c1e8f10b3c3c22/element/f.49EE1B407E8AACFD24485764E1748811.d.4D60774C922E752FA2E761FD7147C471.e.3460/click - {}
RESULT: {}
COMMAND: GET /session/21b1c319d9497a1534c1e8f10b3c3c22/screenshot - {}
RESULT: {}
COMMAND: POST /session/21b1c319d9497a1534c1e8f10b3c3c22/actions - {"actions":[{"id":"action12","type":"key","parameters":{},"actions":[{"type":"keyDown","value":""},{"type":"pause","duration":10},{"type":"keyUp","value":""}]}]}
RESULT: {"actions":[{"id":"action12","type":"key","parameters":{},"actions":[{"type":"keyDown","value":""},{"type":"pause","duration":10},{"type":"keyUp","value":""}]}]}
COMMAND: POST /session/21b1c319d9497a1534c1e8f10b3c3c22/execute/async - {"script":"<script> [1562 bytes]","args":[{"selector":{"id":"application-managepartners-display-component---NewPartner--externalCustomerComboBox-application-managepartners-display-component---NewPartner--assignmentsTable-0-vhi"},"wdio_ui5_key":"applicationmanagepartners-display-component---NewPartner--externalCustomerComboBox-application-managepartners-display-component---NewPartner--assignmentsTable-0-vhi"}]}
COMMAND: GET /session/21b1c319d9497a1534c1e8f10b3c3c22/screenshot - {}
RESULT: {"script":"<script> [1562 bytes]","args":[{"selector":{"id":"application-managepartners-display-component---NewPartner--externalCustomerComboBox-application-managepartners-display-component---NewPartner--assignmentsTable-0-vhi"},"wdio_ui5_key":"applicationmanagepartners-display-component---NewPartner--externalCustomerComboBox-application-managepartners-display-component---NewPartner--assignmentsTable-0-vhi"}]}
RESULT: undefined
COMMAND: POST /session/21b1c319d9497a1534c1e8f10b3c3c22/element - {"using":"xpath","value":"//*[@id=\"application-managepartners-display-component---NewPartner--externalCustomerComboBox-application-managepartners-display-component---NewPartner--assignmentsTable-0-vhi\"]"}
RESULT: {}
RESULT: {"using":"xpath","value":"//*[@id=\"application-managepartners-display-component---NewPartner--externalCustomerComboBox-application-managepartners-display-component---NewPartner--assignmentsTable-0-vhi\"]"}
COMMAND: POST /session/21b1c319d9497a1534c1e8f10b3c3c22/element/f.49EE1B407E8AACFD24485764E1748811.d.4D60774C922E752FA2E761FD7147C471.e.3464/click - {}
RESULT: {}
RESULT: undefined
COMMAND: POST /session/21b1c319d9497a1534c1e8f10b3c3c22/execute/async - {"script":"<script> [776 bytes]","args":[{"enterText":"300003","selector":{"controlType":"sap.m.SearchField","properties":{"placeholder":"Search"},"searchOpenDialogs":true,"interaction":{"idSuffix":"I"}},"clearTextFirst":true,"interactionType":"ENTER_TEXT"}]}
COMMAND: GET /session/21b1c319d9497a1534c1e8f10b3c3c22/screenshot - {}
RESULT: {"script":"<script> [776 bytes]","args":[{"enterText":"300003","selector":{"controlType":"sap.m.SearchField","properties":{"placeholder":"Search"},"searchOpenDialogs":true,"interaction":{"idSuffix":"I"}},"clearTextFirst":true,"interactionType":"ENTER_TEXT"}]}
COMMAND: POST /session/21b1c319d9497a1534c1e8f10b3c3c22/actions - {"actions":[{"id":"action13","type":"key","parameters":{},"actions":[{"type":"keyDown","value":""},{"type":"pause","duration":10},{"type":"keyUp","value":""}]}]}
RESULT: {}
RESULT: {"actions":[{"id":"action13","type":"key","parameters":{},"actions":[{"type":"keyDown","value":""},{"type":"pause","duration":10},{"type":"keyUp","value":""}]}]}
COMMAND: GET /session/21b1c319d9497a1534c1e8f10b3c3c22/screenshot - {}
RESULT: {}
COMMAND: POST /session/21b1c319d9497a1534c1e8f10b3c3c22/element - {"using":"xpath","value":"//span[contains(text(), \"300003\")]"}
RESULT: {"using":"xpath","value":"//span[contains(text(), \"300003\")]"}
COMMAND: POST /session/21b1c319d9497a1534c1e8f10b3c3c22/element/f.49EE1B407E8AACFD24485764E1748811.d.4D60774C922E752FA2E761FD7147C471.e.3482/click - {}
RESULT: {}
COMMAND: GET /session/21b1c319d9497a1534c1e8f10b3c3c22/screenshot - {}
RESULT: {}
COMMAND: POST /session/21b1c319d9497a1534c1e8f10b3c3c22/element - {"using":"xpath","value":"//bdi[contains(text(), \"OK\")]"}
RESULT: {"using":"xpath","value":"//bdi[contains(text(), \"OK\")]"}
COMMAND: POST /session/21b1c319d9497a1534c1e8f10b3c3c22/element/f.49EE1B407E8AACFD24485764E1748811.d.4D60774C922E752FA2E761FD7147C471.e.3484/click - {}
RESULT: {}
COMMAND: GET /session/21b1c319d9497a1534c1e8f10b3c3c22/screenshot - {}
RESULT: {}
COMMAND: POST /session/21b1c319d9497a1534c1e8f10b3c3c22/execute/async - {"script":"<script> [1562 bytes]","args":[{"selector":{"id":"application-managepartners-display-component---NewPartner--intercompVendorComboBox-application-managepartners-display-component---NewPartner--assignmentsTable-0-vhi"},"wdio_ui5_key":"applicationmanagepartners-display-component---NewPartner--intercompVendorComboBox-application-managepartners-display-component---NewPartner--assignmentsTable-0-vhi"}]}
RESULT: {"script":"<script> [1562 bytes]","args":[{"selector":{"id":"application-managepartners-display-component---NewPartner--intercompVendorComboBox-application-managepartners-display-component---NewPartner--assignmentsTable-0-vhi"},"wdio_ui5_key":"applicationmanagepartners-display-component---NewPartner--intercompVendorComboBox-application-managepartners-display-component---NewPartner--assignmentsTable-0-vhi"}]}
RESULT: undefined
COMMAND: POST /session/21b1c319d9497a1534c1e8f10b3c3c22/element - {"using":"xpath","value":"//*[@id=\"application-managepartners-display-component---NewPartner--intercompVendorComboBox-application-managepartners-display-component---NewPartner--assignmentsTable-0-vhi\"]"}
RESULT: {"using":"xpath","value":"//*[@id=\"application-managepartners-display-component---NewPartner--intercompVendorComboBox-application-managepartners-display-component---NewPartner--assignmentsTable-0-vhi\"]"}
COMMAND: POST /session/21b1c319d9497a1534c1e8f10b3c3c22/element/f.49EE1B407E8AACFD24485764E1748811.d.4D60774C922E752FA2E761FD7147C471.e.3488/click - {}
RESULT: {}
RESULT: undefined
COMMAND: POST /session/21b1c319d9497a1534c1e8f10b3c3c22/execute/async - {"script":"<script> [776 bytes]","args":[{"enterText":"100005","selector":{"controlType":"sap.m.SearchField","properties":{"placeholder":"Search"},"searchOpenDialogs":true,"interaction":{"idSuffix":"I"}},"clearTextFirst":true,"interactionType":"ENTER_TEXT"}]}
COMMAND: GET /session/21b1c319d9497a1534c1e8f10b3c3c22/screenshot - {}
RESULT: {"script":"<script> [776 bytes]","args":[{"enterText":"100005","selector":{"controlType":"sap.m.SearchField","properties":{"placeholder":"Search"},"searchOpenDialogs":true,"interaction":{"idSuffix":"I"}},"clearTextFirst":true,"interactionType":"ENTER_TEXT"}]}
COMMAND: POST /session/21b1c319d9497a1534c1e8f10b3c3c22/actions - {"actions":[{"id":"action14","type":"key","parameters":{},"actions":[{"type":"keyDown","value":""},{"type":"pause","duration":10},{"type":"keyUp","value":""}]}]}
RESULT: {}
RESULT: {"actions":[{"id":"action14","type":"key","parameters":{},"actions":[{"type":"keyDown","value":""},{"type":"pause","duration":10},{"type":"keyUp","value":""}]}]}
COMMAND: GET /session/21b1c319d9497a1534c1e8f10b3c3c22/screenshot - {}
RESULT: {}
COMMAND: POST /session/21b1c319d9497a1534c1e8f10b3c3c22/element - {"using":"xpath","value":"//span[contains(text(), \"Penguins - Field/12345 Berlin\")]"}
RESULT: {"using":"xpath","value":"//span[contains(text(), \"Penguins - Field/12345 Berlin\")]"}
COMMAND: POST /session/21b1c319d9497a1534c1e8f10b3c3c22/element/f.49EE1B407E8AACFD24485764E1748811.d.4D60774C922E752FA2E761FD7147C471.e.3505/click - {}
RESULT: {}
COMMAND: GET /session/21b1c319d9497a1534c1e8f10b3c3c22/screenshot - {}
RESULT: {}
COMMAND: POST /session/21b1c319d9497a1534c1e8f10b3c3c22/element - {"using":"xpath","value":"//bdi[contains(text(), \"OK\")]"}
RESULT: {"using":"xpath","value":"//bdi[contains(text(), \"OK\")]"}
COMMAND: POST /session/21b1c319d9497a1534c1e8f10b3c3c22/element/f.49EE1B407E8AACFD24485764E1748811.d.4D60774C922E752FA2E761FD7147C471.e.3506/click - {}
RESULT: {}
COMMAND: GET /session/21b1c319d9497a1534c1e8f10b3c3c22/screenshot - {}
RESULT: {}
COMMAND: POST /session/21b1c319d9497a1534c1e8f10b3c3c22/element - {"using":"xpath","value":"//button[@data-kt=\"saveButton\"]"}
RESULT: {"using":"xpath","value":"//button[@data-kt=\"saveButton\"]"}
COMMAND: POST /session/21b1c319d9497a1534c1e8f10b3c3c22/element/f.49EE1B407E8AACFD24485764E1748811.d.4D60774C922E752FA2E761FD7147C471.e.3349/click - {}
RESULT: {}
COMMAND: GET /session/21b1c319d9497a1534c1e8f10b3c3c22/screenshot - {}
RESULT: {}
COMMAND: POST /session/21b1c319d9497a1534c1e8f10b3c3c22/element - {"using":"xpath","value":"//header[contains(@id, 'ObjectPageLayout-headerTitle')]/div[1]/div[2]/div[2]/span[1]"}
RESULT: {"using":"xpath","value":"//header[contains(@id, 'ObjectPageLayout-headerTitle')]/div[1]/div[2]/div[2]/span[1]"}
COMMAND: POST /session/21b1c319d9497a1534c1e8f10b3c3c22/elements - {"using":"xpath","value":"//header[contains(@id, 'ObjectPageLayout-headerTitle')]/div[1]/div[2]/div[2]/span[1]"}
RESULT: {"using":"xpath","value":"//header[contains(@id, 'ObjectPageLayout-headerTitle')]/div[1]/div[2]/div[2]/span[1]"}
COMMAND: POST /session/21b1c319d9497a1534c1e8f10b3c3c22/execute/sync - {"script":"<script> [56 bytes]","args":[{"element-6066-11e4-a52e-4f735466cecf":"f.49EE1B407E8AACFD24485764E1748811.d.4D60774C922E752FA2E761FD7147C471.e.3670","ELEMENT":"f.49EE1B407E8AACFD24485764E1748811.d.4D60774C922E752FA2E761FD7147C471.e.3670"}]}
RESULT: {"script":"<script> [56 bytes]","args":[{"element-6066-11e4-a52e-4f735466cecf":"f.49EE1B407E8AACFD24485764E1748811.d.4D60774C922E752FA2E761FD7147C471.e.3670","ELEMENT":"f.49EE1B407E8AACFD24485764E1748811.d.4D60774C922E752FA2E761FD7147C471.e.3670"}]}
COMMAND: POST /session/21b1c319d9497a1534c1e8f10b3c3c22/element - {"using":"css selector","value":"#shell-header-logo"}
COMMAND: GET /session/21b1c319d9497a1534c1e8f10b3c3c22/screenshot - {}
RESULT: {"using":"css selector","value":"#shell-header-logo"}
COMMAND: POST /session/21b1c319d9497a1534c1e8f10b3c3c22/element/f.49EE1B407E8AACFD24485764E1748811.d.4D60774C922E752FA2E761FD7147C471.e.2885/click - {}
RESULT: {}
RESULT: {}
COMMAND: GET /session/21b1c319d9497a1534c1e8f10b3c3c22/screenshot - {}
RESULT: {}
COMMAND: POST /session/21b1c319d9497a1534c1e8f10b3c3c22/execute/sync - {"script":"<script> [299 bytes]","args":[["getModel","getResource"]]}
RESULT: {"script":"<script> [299 bytes]","args":[["getModel","getResource"]]}
]]></system-out>
    </testcase>
    <testcase classname="chrome.136_0_7103_93.windows.Edit_and_delete_daily_price_US134629_US134627" name="Should create a new site used for following tests" time="108.744">
      <system-out><![CDATA[
COMMAND: GET /session/21b1c319d9497a1534c1e8f10b3c3c22/screenshot - {}
COMMAND: POST /session/21b1c319d9497a1534c1e8f10b3c3c22/execute/async - {"script":"<script> [1562 bytes]","args":[{"selector":{"controlType":"sap.m.GenericTile","properties":{"header":"Manage Sites"}},"wdio_ui5_key":"sapm.GenericTile{\"header\":\"Manage Sites\"}"}]}
RESULT: {}
RESULT: {"script":"<script> [1562 bytes]","args":[{"selector":{"controlType":"sap.m.GenericTile","properties":{"header":"Manage Sites"}},"wdio_ui5_key":"sapm.GenericTile{\"header\":\"Manage Sites\"}"}]}
RESULT: undefined
COMMAND: POST /session/21b1c319d9497a1534c1e8f10b3c3c22/element - {"using":"xpath","value":"//*[@id=\"__tile40\"]"}
RESULT: {"using":"xpath","value":"//*[@id=\"__tile40\"]"}
COMMAND: POST /session/21b1c319d9497a1534c1e8f10b3c3c22/element/f.49EE1B407E8AACFD24485764E1748811.d.4D60774C922E752FA2E761FD7147C471.e.2776/click - {}
RESULT: {}
COMMAND: GET /session/21b1c319d9497a1534c1e8f10b3c3c22/screenshot - {}
RESULT: {}
COMMAND: POST /session/21b1c319d9497a1534c1e8f10b3c3c22/elements - {"using":"xpath","value":"//span[text()='Error']"}
RESULT: {"using":"xpath","value":"//span[text()='Error']"}
COMMAND: POST /session/21b1c319d9497a1534c1e8f10b3c3c22/element - {"using":"xpath","value":"//button[@data-kt=\"addOverflowToolbarButton\"]"}
RESULT: {"using":"xpath","value":"//button[@data-kt=\"addOverflowToolbarButton\"]"}
COMMAND: POST /session/21b1c319d9497a1534c1e8f10b3c3c22/elements - {"using":"xpath","value":"//button[@data-kt=\"addOverflowToolbarButton\"]"}
RESULT: {"using":"xpath","value":"//button[@data-kt=\"addOverflowToolbarButton\"]"}
COMMAND: POST /session/21b1c319d9497a1534c1e8f10b3c3c22/execute/sync - {"script":"<script> [8489 bytes]","args":[{"element-6066-11e4-a52e-4f735466cecf":"f.49EE1B407E8AACFD24485764E1748811.d.4D60774C922E752FA2E761FD7147C471.e.3719","ELEMENT":"f.49EE1B407E8AACFD24485764E1748811.d.4D60774C922E752FA2E761FD7147C471.e.3719"}]}
RESULT: {"script":"<script> [8489 bytes]","args":[{"element-6066-11e4-a52e-4f735466cecf":"f.49EE1B407E8AACFD24485764E1748811.d.4D60774C922E752FA2E761FD7147C471.e.3719","ELEMENT":"f.49EE1B407E8AACFD24485764E1748811.d.4D60774C922E752FA2E761FD7147C471.e.3719"}]}
COMMAND: GET /session/21b1c319d9497a1534c1e8f10b3c3c22/element/f.49EE1B407E8AACFD24485764E1748811.d.4D60774C922E752FA2E761FD7147C471.e.3719/enabled - {}
COMMAND: GET /session/21b1c319d9497a1534c1e8f10b3c3c22/screenshot - {}
RESULT: {}
COMMAND: POST /session/21b1c319d9497a1534c1e8f10b3c3c22/execute/sync - {"script":"<script> [8489 bytes]","args":[{"element-6066-11e4-a52e-4f735466cecf":"f.49EE1B407E8AACFD24485764E1748811.d.4D60774C922E752FA2E761FD7147C471.e.3719","ELEMENT":"f.49EE1B407E8AACFD24485764E1748811.d.4D60774C922E752FA2E761FD7147C471.e.3719"}]}
COMMAND: GET /session/21b1c319d9497a1534c1e8f10b3c3c22/screenshot - {}
RESULT: {}
RESULT: {"script":"<script> [8489 bytes]","args":[{"element-6066-11e4-a52e-4f735466cecf":"f.49EE1B407E8AACFD24485764E1748811.d.4D60774C922E752FA2E761FD7147C471.e.3719","ELEMENT":"f.49EE1B407E8AACFD24485764E1748811.d.4D60774C922E752FA2E761FD7147C471.e.3719"}]}
COMMAND: POST /session/21b1c319d9497a1534c1e8f10b3c3c22/execute/sync - {"script":"<script> [5351 bytes]","args":[{"element-6066-11e4-a52e-4f735466cecf":"f.49EE1B407E8AACFD24485764E1748811.d.4D60774C922E752FA2E761FD7147C471.e.3719","ELEMENT":"f.49EE1B407E8AACFD24485764E1748811.d.4D60774C922E752FA2E761FD7147C471.e.3719"}]}
COMMAND: GET /session/21b1c319d9497a1534c1e8f10b3c3c22/screenshot - {}
RESULT: {}
RESULT: {"script":"<script> [5351 bytes]","args":[{"element-6066-11e4-a52e-4f735466cecf":"f.49EE1B407E8AACFD24485764E1748811.d.4D60774C922E752FA2E761FD7147C471.e.3719","ELEMENT":"f.49EE1B407E8AACFD24485764E1748811.d.4D60774C922E752FA2E761FD7147C471.e.3719"}]}
COMMAND: POST /session/21b1c319d9497a1534c1e8f10b3c3c22/element/f.49EE1B407E8AACFD24485764E1748811.d.4D60774C922E752FA2E761FD7147C471.e.3719/click - {}
COMMAND: GET /session/21b1c319d9497a1534c1e8f10b3c3c22/screenshot - {}
RESULT: {}
RESULT: {}
COMMAND: GET /session/21b1c319d9497a1534c1e8f10b3c3c22/screenshot - {}
RESULT: {}
RESULT: {}
COMMAND: POST /session/21b1c319d9497a1534c1e8f10b3c3c22/element - {"using":"xpath","value":"//input[@id=\"application-managesites-display-component---NewSite--siteId-inner\"]"}
RESULT: {"using":"xpath","value":"//input[@id=\"application-managesites-display-component---NewSite--siteId-inner\"]"}
COMMAND: POST /session/21b1c319d9497a1534c1e8f10b3c3c22/element - {"using":"xpath","value":"//input[@id=\"application-managesites-display-component---NewSite--siteId-inner\"]"}
RESULT: {"using":"xpath","value":"//input[@id=\"application-managesites-display-component---NewSite--siteId-inner\"]"}
COMMAND: POST /session/21b1c319d9497a1534c1e8f10b3c3c22/execute/async - {"script":"<script> [1562 bytes]","args":[{"selector":{"id":"application-managesites-display-component---NewSite--addressDetailDetailsName1","interaction":{"idSuffix":"inner"}},"wdio_ui5_key":"applicationmanagesites-display-component---NewSite--addressDetailDetailsName1"}]}
RESULT: {"script":"<script> [1562 bytes]","args":[{"selector":{"id":"application-managesites-display-component---NewSite--addressDetailDetailsName1","interaction":{"idSuffix":"inner"}},"wdio_ui5_key":"applicationmanagesites-display-component---NewSite--addressDetailDetailsName1"}]}
RESULT: undefined
COMMAND: POST /session/21b1c319d9497a1534c1e8f10b3c3c22/execute/async - {"script":"<script> [776 bytes]","args":[{"enterText":"DailyPrice WDIO","selector":{"id":"application-managesites-display-component---NewSite--addressDetailDetailsName1","interaction":{"idSuffix":"inner"}},"clearTextFirst":true,"interactionType":"ENTER_TEXT"}]}
RESULT: {"script":"<script> [776 bytes]","args":[{"enterText":"DailyPrice WDIO","selector":{"id":"application-managesites-display-component---NewSite--addressDetailDetailsName1","interaction":{"idSuffix":"inner"}},"clearTextFirst":true,"interactionType":"ENTER_TEXT"}]}
COMMAND: POST /session/21b1c319d9497a1534c1e8f10b3c3c22/execute/async - {"script":"<script> [1562 bytes]","args":[{"selector":{"id":"application-managesites-display-component---NewSite--addressDetailDetailsLanguage-arrow"},"wdio_ui5_key":"applicationmanagesites-display-component---NewSite--addressDetailDetailsLanguage-arrow"}]}
RESULT: {"script":"<script> [1562 bytes]","args":[{"selector":{"id":"application-managesites-display-component---NewSite--addressDetailDetailsLanguage-arrow"},"wdio_ui5_key":"applicationmanagesites-display-component---NewSite--addressDetailDetailsLanguage-arrow"}]}
RESULT: undefined
COMMAND: POST /session/21b1c319d9497a1534c1e8f10b3c3c22/element - {"using":"xpath","value":"//*[@id=\"application-managesites-display-component---NewSite--addressDetailDetailsLanguage-arrow\"]"}
RESULT: {"using":"xpath","value":"//*[@id=\"application-managesites-display-component---NewSite--addressDetailDetailsLanguage-arrow\"]"}
COMMAND: POST /session/21b1c319d9497a1534c1e8f10b3c3c22/element/f.49EE1B407E8AACFD24485764E1748811.d.4D60774C922E752FA2E761FD7147C471.e.4358/click - {}
RESULT: {}
COMMAND: POST /session/21b1c319d9497a1534c1e8f10b3c3c22/element - {"using":"xpath","value":"//span[contains(text(), \"English\")]"}
COMMAND: GET /session/21b1c319d9497a1534c1e8f10b3c3c22/screenshot - {}
RESULT: {"using":"xpath","value":"//span[contains(text(), \"English\")]"}
COMMAND: POST /session/21b1c319d9497a1534c1e8f10b3c3c22/element/f.49EE1B407E8AACFD24485764E1748811.d.4D60774C922E752FA2E761FD7147C471.e.4359/click - {}
RESULT: {}
RESULT: {}
COMMAND: POST /session/21b1c319d9497a1534c1e8f10b3c3c22/execute/async - {"script":"<script> [1562 bytes]","args":[{"selector":{"id":"application-managesites-display-component---NewSite--addressDetailDetailsCity1","interaction":{"idSuffix":"inner"}},"wdio_ui5_key":"applicationmanagesites-display-component---NewSite--addressDetailDetailsCity1"}]}
COMMAND: GET /session/21b1c319d9497a1534c1e8f10b3c3c22/screenshot - {}
RESULT: {"script":"<script> [1562 bytes]","args":[{"selector":{"id":"application-managesites-display-component---NewSite--addressDetailDetailsCity1","interaction":{"idSuffix":"inner"}},"wdio_ui5_key":"applicationmanagesites-display-component---NewSite--addressDetailDetailsCity1"}]}
RESULT: undefined
COMMAND: POST /session/21b1c319d9497a1534c1e8f10b3c3c22/execute/async - {"script":"<script> [776 bytes]","args":[{"enterText":"Rosario","selector":{"id":"application-managesites-display-component---NewSite--addressDetailDetailsCity1","interaction":{"idSuffix":"inner"}},"clearTextFirst":true,"interactionType":"ENTER_TEXT"}]}
RESULT: {}
RESULT: {"script":"<script> [776 bytes]","args":[{"enterText":"Rosario","selector":{"id":"application-managesites-display-component---NewSite--addressDetailDetailsCity1","interaction":{"idSuffix":"inner"}},"clearTextFirst":true,"interactionType":"ENTER_TEXT"}]}
COMMAND: POST /session/21b1c319d9497a1534c1e8f10b3c3c22/execute/async - {"script":"<script> [1562 bytes]","args":[{"selector":{"id":"application-managesites-display-component---NewSite--addressDetailDetailsCountry-arrow"},"wdio_ui5_key":"applicationmanagesites-display-component---NewSite--addressDetailDetailsCountry-arrow"}]}
RESULT: {"script":"<script> [1562 bytes]","args":[{"selector":{"id":"application-managesites-display-component---NewSite--addressDetailDetailsCountry-arrow"},"wdio_ui5_key":"applicationmanagesites-display-component---NewSite--addressDetailDetailsCountry-arrow"}]}
RESULT: undefined
COMMAND: POST /session/21b1c319d9497a1534c1e8f10b3c3c22/element - {"using":"xpath","value":"//*[@id=\"application-managesites-display-component---NewSite--addressDetailDetailsCountry-arrow\"]"}
RESULT: {"using":"xpath","value":"//*[@id=\"application-managesites-display-component---NewSite--addressDetailDetailsCountry-arrow\"]"}
COMMAND: POST /session/21b1c319d9497a1534c1e8f10b3c3c22/element/f.49EE1B407E8AACFD24485764E1748811.d.4D60774C922E752FA2E761FD7147C471.e.4361/click - {}
RESULT: {}
COMMAND: POST /session/21b1c319d9497a1534c1e8f10b3c3c22/element - {"using":"xpath","value":"//span[contains(text(), \"Argentina\")]"}
COMMAND: GET /session/21b1c319d9497a1534c1e8f10b3c3c22/screenshot - {}
RESULT: {"using":"xpath","value":"//span[contains(text(), \"Argentina\")]"}
COMMAND: POST /session/21b1c319d9497a1534c1e8f10b3c3c22/element/f.49EE1B407E8AACFD24485764E1748811.d.4D60774C922E752FA2E761FD7147C471.e.4362/click - {}
RESULT: {}
RESULT: {}
COMMAND: GET /session/21b1c319d9497a1534c1e8f10b3c3c22/screenshot - {}
RESULT: {}
COMMAND: POST /session/21b1c319d9497a1534c1e8f10b3c3c22/execute/async - {"script":"<script> [1562 bytes]","args":[{"selector":{"id":"application-managesites-display-component---NewSite--addressEditDetailsCostObjectCstType-arrow"},"wdio_ui5_key":"applicationmanagesites-display-component---NewSite--addressEditDetailsCostObjectCstType-arrow"}]}
RESULT: {"script":"<script> [1562 bytes]","args":[{"selector":{"id":"application-managesites-display-component---NewSite--addressEditDetailsCostObjectCstType-arrow"},"wdio_ui5_key":"applicationmanagesites-display-component---NewSite--addressEditDetailsCostObjectCstType-arrow"}]}
RESULT: undefined
COMMAND: POST /session/21b1c319d9497a1534c1e8f10b3c3c22/element - {"using":"xpath","value":"//*[@id=\"application-managesites-display-component---NewSite--addressEditDetailsCostObjectCstType-arrow\"]"}
RESULT: {"using":"xpath","value":"//*[@id=\"application-managesites-display-component---NewSite--addressEditDetailsCostObjectCstType-arrow\"]"}
COMMAND: POST /session/21b1c319d9497a1534c1e8f10b3c3c22/element/f.49EE1B407E8AACFD24485764E1748811.d.4D60774C922E752FA2E761FD7147C471.e.4364/click - {}
RESULT: {}
COMMAND: POST /session/21b1c319d9497a1534c1e8f10b3c3c22/element - {"using":"xpath","value":"//span[contains(text(), \"Cost Center\")]"}
COMMAND: GET /session/21b1c319d9497a1534c1e8f10b3c3c22/screenshot - {}
RESULT: {"using":"xpath","value":"//span[contains(text(), \"Cost Center\")]"}
COMMAND: POST /session/21b1c319d9497a1534c1e8f10b3c3c22/element/f.49EE1B407E8AACFD24485764E1748811.d.4D60774C922E752FA2E761FD7147C471.e.4366/click - {}
RESULT: {}
RESULT: {}
COMMAND: GET /session/21b1c319d9497a1534c1e8f10b3c3c22/screenshot - {}
RESULT: {}
COMMAND: POST /session/21b1c319d9497a1534c1e8f10b3c3c22/element - {"using":"xpath","value":"//span[@id=\"application-managesites-display-component---NewSite--addressNewCostObjectCstID-vhi\"]"}
RESULT: {"using":"xpath","value":"//span[@id=\"application-managesites-display-component---NewSite--addressNewCostObjectCstID-vhi\"]"}
COMMAND: POST /session/21b1c319d9497a1534c1e8f10b3c3c22/execute/sync - {"script":"<script> [8489 bytes]","args":[{"element-6066-11e4-a52e-4f735466cecf":"f.49EE1B407E8AACFD24485764E1748811.d.4D60774C922E752FA2E761FD7147C471.e.4370","ELEMENT":"f.49EE1B407E8AACFD24485764E1748811.d.4D60774C922E752FA2E761FD7147C471.e.4370"}]}
RESULT: {"script":"<script> [8489 bytes]","args":[{"element-6066-11e4-a52e-4f735466cecf":"f.49EE1B407E8AACFD24485764E1748811.d.4D60774C922E752FA2E761FD7147C471.e.4370","ELEMENT":"f.49EE1B407E8AACFD24485764E1748811.d.4D60774C922E752FA2E761FD7147C471.e.4370"}]}
COMMAND: POST /session/21b1c319d9497a1534c1e8f10b3c3c22/execute/async - {"script":"<script> [1562 bytes]","args":[{"selector":{"id":"application-managesites-display-component---NewSite--addressNewCostObjectCstID-vhi"},"wdio_ui5_key":"applicationmanagesites-display-component---NewSite--addressNewCostObjectCstID-vhi"}]}
COMMAND: GET /session/21b1c319d9497a1534c1e8f10b3c3c22/screenshot - {}
RESULT: {"script":"<script> [1562 bytes]","args":[{"selector":{"id":"application-managesites-display-component---NewSite--addressNewCostObjectCstID-vhi"},"wdio_ui5_key":"applicationmanagesites-display-component---NewSite--addressNewCostObjectCstID-vhi"}]}
RESULT: undefined
COMMAND: POST /session/21b1c319d9497a1534c1e8f10b3c3c22/element - {"using":"xpath","value":"//*[@id=\"application-managesites-display-component---NewSite--addressNewCostObjectCstID-vhi\"]"}
RESULT: {}
RESULT: {"using":"xpath","value":"//*[@id=\"application-managesites-display-component---NewSite--addressNewCostObjectCstID-vhi\"]"}
COMMAND: POST /session/21b1c319d9497a1534c1e8f10b3c3c22/element/f.49EE1B407E8AACFD24485764E1748811.d.4D60774C922E752FA2E761FD7147C471.e.4370/click - {}
RESULT: {}
COMMAND: GET /session/21b1c319d9497a1534c1e8f10b3c3c22/screenshot - {}
RESULT: {}
RESULT: undefined
COMMAND: POST /session/21b1c319d9497a1534c1e8f10b3c3c22/execute/async - {"script":"<script> [776 bytes]","args":[{"enterText":"10001013","selector":{"controlType":"sap.m.SearchField","properties":{"placeholder":"Search"},"searchOpenDialogs":true,"interaction":{"idSuffix":"I"}},"clearTextFirst":true,"interactionType":"ENTER_TEXT"}]}
RESULT: {"script":"<script> [776 bytes]","args":[{"enterText":"10001013","selector":{"controlType":"sap.m.SearchField","properties":{"placeholder":"Search"},"searchOpenDialogs":true,"interaction":{"idSuffix":"I"}},"clearTextFirst":true,"interactionType":"ENTER_TEXT"}]}
COMMAND: POST /session/21b1c319d9497a1534c1e8f10b3c3c22/actions - {"actions":[{"id":"action15","type":"key","parameters":{},"actions":[{"type":"keyDown","value":""},{"type":"pause","duration":10},{"type":"keyUp","value":""}]}]}
RESULT: {"actions":[{"id":"action15","type":"key","parameters":{},"actions":[{"type":"keyDown","value":""},{"type":"pause","duration":10},{"type":"keyUp","value":""}]}]}
COMMAND: GET /session/21b1c319d9497a1534c1e8f10b3c3c22/screenshot - {}
RESULT: {}
COMMAND: POST /session/21b1c319d9497a1534c1e8f10b3c3c22/element - {"using":"xpath","value":"//span[contains(text(), \"General Management\")]"}
RESULT: {"using":"xpath","value":"//span[contains(text(), \"General Management\")]"}
COMMAND: POST /session/21b1c319d9497a1534c1e8f10b3c3c22/element/f.49EE1B407E8AACFD24485764E1748811.d.4D60774C922E752FA2E761FD7147C471.e.4409/click - {}
RESULT: {}
COMMAND: GET /session/21b1c319d9497a1534c1e8f10b3c3c22/screenshot - {}
RESULT: {}
COMMAND: POST /session/21b1c319d9497a1534c1e8f10b3c3c22/element - {"using":"xpath","value":"//bdi[contains(text(), \"OK\")]"}
RESULT: {"using":"xpath","value":"//bdi[contains(text(), \"OK\")]"}
COMMAND: POST /session/21b1c319d9497a1534c1e8f10b3c3c22/element/f.49EE1B407E8AACFD24485764E1748811.d.4D60774C922E752FA2E761FD7147C471.e.4410/click - {}
RESULT: {}
COMMAND: GET /session/21b1c319d9497a1534c1e8f10b3c3c22/screenshot - {}
RESULT: {}
COMMAND: POST /session/21b1c319d9497a1534c1e8f10b3c3c22/element - {"using":"xpath","value":"//input[@id=\"application-managesites-display-component---NewSite--addressDetailDetailsCalendar-inner\"]"}
RESULT: {"using":"xpath","value":"//input[@id=\"application-managesites-display-component---NewSite--addressDetailDetailsCalendar-inner\"]"}
COMMAND: POST /session/21b1c319d9497a1534c1e8f10b3c3c22/element/f.49EE1B407E8AACFD24485764E1748811.d.4D60774C922E752FA2E761FD7147C471.e.4182/clear - {}
RESULT: {}
COMMAND: POST /session/21b1c319d9497a1534c1e8f10b3c3c22/element/f.49EE1B407E8AACFD24485764E1748811.d.4D60774C922E752FA2E761FD7147C471.e.4182/value - {"text":"Unit"}
COMMAND: GET /session/21b1c319d9497a1534c1e8f10b3c3c22/screenshot - {}
RESULT: {"text":"Unit"}
COMMAND: GET /session/21b1c319d9497a1534c1e8f10b3c3c22/screenshot - {}
RESULT: {}
RESULT: {}
COMMAND: POST /session/21b1c319d9497a1534c1e8f10b3c3c22/actions - {"actions":[{"id":"action16","type":"key","parameters":{},"actions":[{"type":"keyDown","value":""},{"type":"pause","duration":10},{"type":"keyUp","value":""}]}]}
RESULT: {"actions":[{"id":"action16","type":"key","parameters":{},"actions":[{"type":"keyDown","value":""},{"type":"pause","duration":10},{"type":"keyUp","value":""}]}]}
COMMAND: POST /session/21b1c319d9497a1534c1e8f10b3c3c22/element - {"using":"xpath","value":"//input[@id=\"application-managesites-display-component---NewSite--addressDetailDetailsYard-inner\"]"}
COMMAND: GET /session/21b1c319d9497a1534c1e8f10b3c3c22/screenshot - {}
RESULT: {"using":"xpath","value":"//input[@id=\"application-managesites-display-component---NewSite--addressDetailDetailsYard-inner\"]"}
COMMAND: POST /session/21b1c319d9497a1534c1e8f10b3c3c22/element/f.49EE1B407E8AACFD24485764E1748811.d.4D60774C922E752FA2E761FD7147C471.e.4183/clear - {}
RESULT: {}
RESULT: {}
COMMAND: POST /session/21b1c319d9497a1534c1e8f10b3c3c22/element/f.49EE1B407E8AACFD24485764E1748811.d.4D60774C922E752FA2E761FD7147C471.e.4183/value - {"text":"278"}
COMMAND: GET /session/21b1c319d9497a1534c1e8f10b3c3c22/screenshot - {}
RESULT: {"text":"278"}
COMMAND: GET /session/21b1c319d9497a1534c1e8f10b3c3c22/screenshot - {}
RESULT: {}
RESULT: {}
COMMAND: POST /session/21b1c319d9497a1534c1e8f10b3c3c22/element - {"using":"xpath","value":"//li[.//span[text()='278']]"}
RESULT: {"using":"xpath","value":"//li[.//span[text()='278']]"}
COMMAND: POST /session/21b1c319d9497a1534c1e8f10b3c3c22/element/f.49EE1B407E8AACFD24485764E1748811.d.4D60774C922E752FA2E761FD7147C471.e.4418/click - {}
RESULT: {}
COMMAND: GET /session/21b1c319d9497a1534c1e8f10b3c3c22/screenshot - {}
RESULT: {}
COMMAND: POST /session/21b1c319d9497a1534c1e8f10b3c3c22/element - {"using":"xpath","value":"//input[@id=\"application-managesites-display-component---NewSite--addressDetailDetailsPartner-inner\"]"}
RESULT: {"using":"xpath","value":"//input[@id=\"application-managesites-display-component---NewSite--addressDetailDetailsPartner-inner\"]"}
COMMAND: POST /session/21b1c319d9497a1534c1e8f10b3c3c22/element - {"using":"xpath","value":"//input[@id=\"application-managesites-display-component---NewSite--addressDetailDetailsPartner-inner\"]"}
RESULT: {"using":"xpath","value":"//input[@id=\"application-managesites-display-component---NewSite--addressDetailDetailsPartner-inner\"]"}
COMMAND: POST /session/21b1c319d9497a1534c1e8f10b3c3c22/element - {"using":"xpath","value":"//button[@data-kt=\"saveButton\"]"}
RESULT: {"using":"xpath","value":"//button[@data-kt=\"saveButton\"]"}
COMMAND: POST /session/21b1c319d9497a1534c1e8f10b3c3c22/element/f.49EE1B407E8AACFD24485764E1748811.d.4D60774C922E752FA2E761FD7147C471.e.4343/click - {}
RESULT: {}
COMMAND: GET /session/21b1c319d9497a1534c1e8f10b3c3c22/screenshot - {}
RESULT: {}
COMMAND: POST /session/21b1c319d9497a1534c1e8f10b3c3c22/element - {"using":"xpath","value":"//header[contains(@id, 'ObjectPageLayout-headerTitle')]/div[1]/div[2]/div[2]/span[1]"}
RESULT: {"using":"xpath","value":"//header[contains(@id, 'ObjectPageLayout-headerTitle')]/div[1]/div[2]/div[2]/span[1]"}
COMMAND: POST /session/21b1c319d9497a1534c1e8f10b3c3c22/elements - {"using":"xpath","value":"//header[contains(@id, 'ObjectPageLayout-headerTitle')]/div[1]/div[2]/div[2]/span[1]"}
RESULT: {"using":"xpath","value":"//header[contains(@id, 'ObjectPageLayout-headerTitle')]/div[1]/div[2]/div[2]/span[1]"}
COMMAND: POST /session/21b1c319d9497a1534c1e8f10b3c3c22/execute/sync - {"script":"<script> [56 bytes]","args":[{"element-6066-11e4-a52e-4f735466cecf":"f.49EE1B407E8AACFD24485764E1748811.d.4D60774C922E752FA2E761FD7147C471.e.4622","ELEMENT":"f.49EE1B407E8AACFD24485764E1748811.d.4D60774C922E752FA2E761FD7147C471.e.4622"}]}
RESULT: {"script":"<script> [56 bytes]","args":[{"element-6066-11e4-a52e-4f735466cecf":"f.49EE1B407E8AACFD24485764E1748811.d.4D60774C922E752FA2E761FD7147C471.e.4622","ELEMENT":"f.49EE1B407E8AACFD24485764E1748811.d.4D60774C922E752FA2E761FD7147C471.e.4622"}]}
COMMAND: POST /session/21b1c319d9497a1534c1e8f10b3c3c22/element - {"using":"css selector","value":"#shell-header-logo"}
COMMAND: GET /session/21b1c319d9497a1534c1e8f10b3c3c22/screenshot - {}
RESULT: {"using":"css selector","value":"#shell-header-logo"}
COMMAND: POST /session/21b1c319d9497a1534c1e8f10b3c3c22/element/f.49EE1B407E8AACFD24485764E1748811.d.4D60774C922E752FA2E761FD7147C471.e.3676/click - {}
RESULT: {}
RESULT: {}
COMMAND: GET /session/21b1c319d9497a1534c1e8f10b3c3c22/screenshot - {}
RESULT: {}
COMMAND: POST /session/21b1c319d9497a1534c1e8f10b3c3c22/execute/sync - {"script":"<script> [299 bytes]","args":[["getModel","getResource"]]}
RESULT: {"script":"<script> [299 bytes]","args":[["getModel","getResource"]]}
]]></system-out>
    </testcase>
    <testcase classname="chrome.136_0_7103_93.windows.Edit_and_delete_daily_price_US134629_US134627" name="Should go to Manage Conditions Daily Price and add the 2 rows one with yard site and one with yard" time="88.199">
      <system-out><![CDATA[
COMMAND: POST /session/21b1c319d9497a1534c1e8f10b3c3c22/execute/async - {"script":"<script> [1562 bytes]","args":[{"selector":{"controlType":"sap.m.GenericTile","properties":{"header":"Manage Conditions & Prices"}},"wdio_ui5_key":"sapm.GenericTile{\"header\":\"Manage Conditions & Prices\"}"}]}
COMMAND: GET /session/21b1c319d9497a1534c1e8f10b3c3c22/screenshot - {}
RESULT: {"script":"<script> [1562 bytes]","args":[{"selector":{"controlType":"sap.m.GenericTile","properties":{"header":"Manage Conditions & Prices"}},"wdio_ui5_key":"sapm.GenericTile{\"header\":\"Manage Conditions & Prices\"}"}]}
RESULT: undefined
COMMAND: POST /session/21b1c319d9497a1534c1e8f10b3c3c22/element - {"using":"xpath","value":"//*[@id=\"__tile53\"]"}
RESULT: {}
RESULT: {"using":"xpath","value":"//*[@id=\"__tile53\"]"}
COMMAND: POST /session/21b1c319d9497a1534c1e8f10b3c3c22/element/f.49EE1B407E8AACFD24485764E1748811.d.4D60774C922E752FA2E761FD7147C471.e.2820/click - {}
RESULT: {}
COMMAND: GET /session/21b1c319d9497a1534c1e8f10b3c3c22/screenshot - {}
RESULT: {}
COMMAND: POST /session/21b1c319d9497a1534c1e8f10b3c3c22/elements - {"using":"xpath","value":"//span[text()='Error']"}
RESULT: {"using":"xpath","value":"//span[text()='Error']"}
COMMAND: POST /session/21b1c319d9497a1534c1e8f10b3c3c22/element - {"using":"xpath","value":"//button[@aria-label=\"Create\"]"}
RESULT: {"using":"xpath","value":"//button[@aria-label=\"Create\"]"}
COMMAND: POST /session/21b1c319d9497a1534c1e8f10b3c3c22/elements - {"using":"xpath","value":"//button[@aria-label=\"Create\"]"}
RESULT: {"using":"xpath","value":"//button[@aria-label=\"Create\"]"}
COMMAND: POST /session/21b1c319d9497a1534c1e8f10b3c3c22/elements - {"using":"xpath","value":"//button[@aria-label=\"Create\"]"}
RESULT: {"using":"xpath","value":"//button[@aria-label=\"Create\"]"}
COMMAND: POST /session/21b1c319d9497a1534c1e8f10b3c3c22/element - {"using":"xpath","value":"//button[@aria-label=\"Create\"]"}
RESULT: {"using":"xpath","value":"//button[@aria-label=\"Create\"]"}
COMMAND: POST /session/21b1c319d9497a1534c1e8f10b3c3c22/element/f.49EE1B407E8AACFD24485764E1748811.d.4D60774C922E752FA2E761FD7147C471.e.4662/click - {}
RESULT: {}
COMMAND: GET /session/21b1c319d9497a1534c1e8f10b3c3c22/screenshot - {}
RESULT: {}
COMMAND: POST /session/21b1c319d9497a1534c1e8f10b3c3c22/actions - {"actions":[{"id":"action17","type":"key","parameters":{},"actions":[{"type":"keyDown","value":""},{"type":"pause","duration":10},{"type":"keyUp","value":""}]}]}
RESULT: {"actions":[{"id":"action17","type":"key","parameters":{},"actions":[{"type":"keyDown","value":""},{"type":"pause","duration":10},{"type":"keyUp","value":""}]}]}
COMMAND: POST /session/21b1c319d9497a1534c1e8f10b3c3c22/actions - {"actions":[{"id":"action18","type":"key","parameters":{},"actions":[{"type":"keyDown","value":""},{"type":"pause","duration":10},{"type":"keyUp","value":""}]}]}
COMMAND: GET /session/21b1c319d9497a1534c1e8f10b3c3c22/screenshot - {}
RESULT: {"actions":[{"id":"action18","type":"key","parameters":{},"actions":[{"type":"keyDown","value":""},{"type":"pause","duration":10},{"type":"keyUp","value":""}]}]}
COMMAND: POST /session/21b1c319d9497a1534c1e8f10b3c3c22/execute/async - {"script":"<script> [1562 bytes]","args":[{"selector":{"controlType":"sap.m.Title","viewName":"etm.portal.ui.manageconditionprice.view.DailyPrices","viewId":"application-manageconditionprice-display-component---dailyPrices","i18NText":{"propertyName":"text","key":"dailyPrices"}},"wdio_ui5_key":"etmportal.ui.manageconditionprice.view.DailyPricessap.m.Title{\"propertyName\":\"text\",\"key\":\"dailyPrices\"}"}]}
COMMAND: GET /session/21b1c319d9497a1534c1e8f10b3c3c22/screenshot - {}
RESULT: {}
RESULT: {"script":"<script> [1562 bytes]","args":[{"selector":{"controlType":"sap.m.Title","viewName":"etm.portal.ui.manageconditionprice.view.DailyPrices","viewId":"application-manageconditionprice-display-component---dailyPrices","i18NText":{"propertyName":"text","key":"dailyPrices"}},"wdio_ui5_key":"etmportal.ui.manageconditionprice.view.DailyPricessap.m.Title{\"propertyName\":\"text\",\"key\":\"dailyPrices\"}"}]}
RESULT: undefined
COMMAND: POST /session/21b1c319d9497a1534c1e8f10b3c3c22/execute/async - {"script":"<script> [6424 bytes]","args":[{"element-6066-11e4-a52e-4f735466cecf":"f.49EE1B407E8AACFD24485764E1748811.d.4D60774C922E752FA2E761FD7147C471.e.4920"},"getText",[]]}
RESULT: {}
RESULT: {"script":"<script> [6424 bytes]","args":[{"element-6066-11e4-a52e-4f735466cecf":"f.49EE1B407E8AACFD24485764E1748811.d.4D60774C922E752FA2E761FD7147C471.e.4920"},"getText",[]]}
COMMAND: POST /session/21b1c319d9497a1534c1e8f10b3c3c22/execute/async - {"script":"<script> [1562 bytes]","args":[{"selector":{"id":"application-manageconditionprice-display-component---dailyPrices--condBillCond","interaction":{"idSuffix":"inner"}},"wdio_ui5_key":"applicationmanageconditionprice-display-component---dailyPrices--condBillCond"}]}
RESULT: {"script":"<script> [1562 bytes]","args":[{"selector":{"id":"application-manageconditionprice-display-component---dailyPrices--condBillCond","interaction":{"idSuffix":"inner"}},"wdio_ui5_key":"applicationmanageconditionprice-display-component---dailyPrices--condBillCond"}]}
RESULT: undefined
COMMAND: POST /session/21b1c319d9497a1534c1e8f10b3c3c22/execute/async - {"script":"<script> [776 bytes]","args":[{"enterText":"Residual Value %","selector":{"id":"application-manageconditionprice-display-component---dailyPrices--condBillCond","interaction":{"idSuffix":"inner"}},"clearTextFirst":true,"interactionType":"ENTER_TEXT"}]}
RESULT: {"script":"<script> [776 bytes]","args":[{"enterText":"Residual Value %","selector":{"id":"application-manageconditionprice-display-component---dailyPrices--condBillCond","interaction":{"idSuffix":"inner"}},"clearTextFirst":true,"interactionType":"ENTER_TEXT"}]}
COMMAND: POST /session/21b1c319d9497a1534c1e8f10b3c3c22/execute/async - {"script":"<script> [1562 bytes]","args":[{"selector":{"controlType":"sap.m.StandardListItem","viewName":"etm.portal.ui.manageconditionprice.view.DailyPrices","viewId":"application-manageconditionprice-display-component---dailyPrices","properties":{"type":"Active"},"searchOpenDialogs":true,"interaction":{"idSuffix":"titleText"}},"wdio_ui5_key":"etmportal.ui.manageconditionprice.view.DailyPricessap.m.StandardListItem{\"type\":\"Active\"}"}]}
RESULT: {"script":"<script> [1562 bytes]","args":[{"selector":{"controlType":"sap.m.StandardListItem","viewName":"etm.portal.ui.manageconditionprice.view.DailyPrices","viewId":"application-manageconditionprice-display-component---dailyPrices","properties":{"type":"Active"},"searchOpenDialogs":true,"interaction":{"idSuffix":"titleText"}},"wdio_ui5_key":"etmportal.ui.manageconditionprice.view.DailyPricessap.m.StandardListItem{\"type\":\"Active\"}"}]}
RESULT: undefined
COMMAND: POST /session/21b1c319d9497a1534c1e8f10b3c3c22/element - {"using":"xpath","value":"//*[@id=\"__item977\"]"}
RESULT: {"using":"xpath","value":"//*[@id=\"__item977\"]"}
COMMAND: POST /session/21b1c319d9497a1534c1e8f10b3c3c22/element/f.49EE1B407E8AACFD24485764E1748811.d.4D60774C922E752FA2E761FD7147C471.e.4924/click - {}
RESULT: {}
COMMAND: POST /session/21b1c319d9497a1534c1e8f10b3c3c22/execute/async - {"script":"<script> [1562 bytes]","args":[{"selector":{"id":"application-manageconditionprice-display-component---dailyPrices--editBtn","interaction":{"idSuffix":"BDI-content"}},"wdio_ui5_key":"applicationmanageconditionprice-display-component---dailyPrices--editBtn"}]}
COMMAND: GET /session/21b1c319d9497a1534c1e8f10b3c3c22/screenshot - {}
RESULT: {"script":"<script> [1562 bytes]","args":[{"selector":{"id":"application-manageconditionprice-display-component---dailyPrices--editBtn","interaction":{"idSuffix":"BDI-content"}},"wdio_ui5_key":"applicationmanageconditionprice-display-component---dailyPrices--editBtn"}]}
RESULT: undefined
COMMAND: POST /session/21b1c319d9497a1534c1e8f10b3c3c22/element - {"using":"xpath","value":"//*[@id=\"application-manageconditionprice-display-component---dailyPrices--editBtn\"]"}
RESULT: {}
RESULT: {"using":"xpath","value":"//*[@id=\"application-manageconditionprice-display-component---dailyPrices--editBtn\"]"}
COMMAND: POST /session/21b1c319d9497a1534c1e8f10b3c3c22/element/f.49EE1B407E8AACFD24485764E1748811.d.4D60774C922E752FA2E761FD7147C471.e.4922/click - {}
RESULT: {}
COMMAND: POST /session/21b1c319d9497a1534c1e8f10b3c3c22/execute/async - {"script":"<script> [1562 bytes]","args":[{"selector":{"controlType":"sap.m.Button","viewName":"etm.portal.ui.manageconditionprice.view.DailyPrices","viewId":"application-manageconditionprice-display-component---dailyPrices","i18NText":{"propertyName":"text","key":"add"},"interaction":{"idSuffix":"BDI-content"}},"wdio_ui5_key":"etmportal.ui.manageconditionprice.view.DailyPricessap.m.Button{\"propertyName\":\"text\",\"key\":\"add\"}"}]}
COMMAND: GET /session/21b1c319d9497a1534c1e8f10b3c3c22/screenshot - {}
RESULT: {"script":"<script> [1562 bytes]","args":[{"selector":{"controlType":"sap.m.Button","viewName":"etm.portal.ui.manageconditionprice.view.DailyPrices","viewId":"application-manageconditionprice-display-component---dailyPrices","i18NText":{"propertyName":"text","key":"add"},"interaction":{"idSuffix":"BDI-content"}},"wdio_ui5_key":"etmportal.ui.manageconditionprice.view.DailyPricessap.m.Button{\"propertyName\":\"text\",\"key\":\"add\"}"}]}
RESULT: undefined
COMMAND: POST /session/21b1c319d9497a1534c1e8f10b3c3c22/element - {"using":"xpath","value":"//*[@id=\"__button113\"]"}
RESULT: {}
RESULT: {"using":"xpath","value":"//*[@id=\"__button113\"]"}
COMMAND: POST /session/21b1c319d9497a1534c1e8f10b3c3c22/element/f.49EE1B407E8AACFD24485764E1748811.d.4D60774C922E752FA2E761FD7147C471.e.4932/click - {}
RESULT: {}
COMMAND: POST /session/21b1c319d9497a1534c1e8f10b3c3c22/elements - {"using":"css selector","value":"table tr"}
COMMAND: GET /session/21b1c319d9497a1534c1e8f10b3c3c22/screenshot - {}
RESULT: {"using":"css selector","value":"table tr"}
COMMAND: POST /session/21b1c319d9497a1534c1e8f10b3c3c22/element/f.49EE1B407E8AACFD24485764E1748811.d.4D60774C922E752FA2E761FD7147C471.e.5032/elements - {"using":"css selector","value":"input"}
RESULT: {}
RESULT: {"using":"css selector","value":"input"}
COMMAND: POST /session/21b1c319d9497a1534c1e8f10b3c3c22/element/f.49EE1B407E8AACFD24485764E1748811.d.4D60774C922E752FA2E761FD7147C471.e.5035/clear - {}
COMMAND: POST /session/21b1c319d9497a1534c1e8f10b3c3c22/element/f.49EE1B407E8AACFD24485764E1748811.d.4D60774C922E752FA2E761FD7147C471.e.5033/clear - {}
COMMAND: POST /session/21b1c319d9497a1534c1e8f10b3c3c22/element/f.49EE1B407E8AACFD24485764E1748811.d.4D60774C922E752FA2E761FD7147C471.e.5036/clear - {}
COMMAND: POST /session/21b1c319d9497a1534c1e8f10b3c3c22/element/f.49EE1B407E8AACFD24485764E1748811.d.4D60774C922E752FA2E761FD7147C471.e.5034/clear - {}
COMMAND: POST /session/21b1c319d9497a1534c1e8f10b3c3c22/element/f.49EE1B407E8AACFD24485764E1748811.d.4D60774C922E752FA2E761FD7147C471.e.5032/elements - {"using":"css selector","value":"td"}
RESULT: {}
COMMAND: POST /session/21b1c319d9497a1534c1e8f10b3c3c22/element/f.49EE1B407E8AACFD24485764E1748811.d.4D60774C922E752FA2E761FD7147C471.e.5035/value - {"text":"705.60"}
COMMAND: GET /session/21b1c319d9497a1534c1e8f10b3c3c22/screenshot - {}
RESULT: {}
COMMAND: POST /session/21b1c319d9497a1534c1e8f10b3c3c22/element/f.49EE1B407E8AACFD24485764E1748811.d.4D60774C922E752FA2E761FD7147C471.e.5036/value - {"text":"Euro"}
COMMAND: GET /session/21b1c319d9497a1534c1e8f10b3c3c22/screenshot - {}
RESULT: {}
COMMAND: POST /session/21b1c319d9497a1534c1e8f10b3c3c22/element/f.49EE1B407E8AACFD24485764E1748811.d.4D60774C922E752FA2E761FD7147C471.e.5033/value - {"text":"05/25/25"}
COMMAND: GET /session/21b1c319d9497a1534c1e8f10b3c3c22/screenshot - {}
RESULT: {}
COMMAND: POST /session/21b1c319d9497a1534c1e8f10b3c3c22/element/f.49EE1B407E8AACFD24485764E1748811.d.4D60774C922E752FA2E761FD7147C471.e.5034/value - {"text":"10/25/25"}
COMMAND: GET /session/21b1c319d9497a1534c1e8f10b3c3c22/screenshot - {}
RESULT: {"using":"css selector","value":"td"}
COMMAND: POST /session/21b1c319d9497a1534c1e8f10b3c3c22/element - {"using":"xpath","value":".//li[contains(., \"2116\") and not(.//li)]"}
COMMAND: POST /session/21b1c319d9497a1534c1e8f10b3c3c22/element/f.49EE1B407E8AACFD24485764E1748811.d.4D60774C922E752FA2E761FD7147C471.e.5054/element - {"using":"css selector","value":"input"}
COMMAND: POST /session/21b1c319d9497a1534c1e8f10b3c3c22/element/f.49EE1B407E8AACFD24485764E1748811.d.4D60774C922E752FA2E761FD7147C471.e.5054/element - {"using":"css selector","value":"input"}
RESULT: {"text":"705.60"}
COMMAND: GET /session/21b1c319d9497a1534c1e8f10b3c3c22/screenshot - {}
RESULT: {}
RESULT: {"text":"Euro"}
COMMAND: GET /session/21b1c319d9497a1534c1e8f10b3c3c22/screenshot - {}
RESULT: {}
RESULT: {"text":"05/25/25"}
COMMAND: GET /session/21b1c319d9497a1534c1e8f10b3c3c22/screenshot - {}
RESULT: {}
RESULT: {"text":"10/25/25"}
COMMAND: GET /session/21b1c319d9497a1534c1e8f10b3c3c22/screenshot - {}
RESULT: {}
RESULT: {"using":"css selector","value":"input"}
COMMAND: POST /session/21b1c319d9497a1534c1e8f10b3c3c22/element/f.49EE1B407E8AACFD24485764E1748811.d.4D60774C922E752FA2E761FD7147C471.e.5037/click - {}
RESULT: {"using":"css selector","value":"input"}
COMMAND: POST /session/21b1c319d9497a1534c1e8f10b3c3c22/element/f.49EE1B407E8AACFD24485764E1748811.d.4D60774C922E752FA2E761FD7147C471.e.5037/clear - {}
RESULT: {"using":"xpath","value":".//li[contains(., \"2116\") and not(.//li)]"}
RESULT: {}
RESULT: {}
RESULT: {}
COMMAND: POST /session/21b1c319d9497a1534c1e8f10b3c3c22/elements - {"using":"xpath","value":".//li[contains(., \"2116\") and not(.//li)]"}
RESULT: {}
RESULT: {}
COMMAND: GET /session/21b1c319d9497a1534c1e8f10b3c3c22/screenshot - {}
RESULT: {}
COMMAND: POST /session/21b1c319d9497a1534c1e8f10b3c3c22/element/f.49EE1B407E8AACFD24485764E1748811.d.4D60774C922E752FA2E761FD7147C471.e.5037/value - {"text":"2116"}
COMMAND: GET /session/21b1c319d9497a1534c1e8f10b3c3c22/screenshot - {}
RESULT: {"using":"xpath","value":".//li[contains(., \"2116\") and not(.//li)]"}
COMMAND: POST /session/21b1c319d9497a1534c1e8f10b3c3c22/elements - {"using":"xpath","value":".//li[contains(., \"2116\") and not(.//li)]"}
RESULT: {}
RESULT: {"text":"2116"}
COMMAND: GET /session/21b1c319d9497a1534c1e8f10b3c3c22/screenshot - {}
RESULT: {}
RESULT: {"using":"xpath","value":".//li[contains(., \"2116\") and not(.//li)]"}
COMMAND: POST /session/21b1c319d9497a1534c1e8f10b3c3c22/element - {"using":"xpath","value":".//li[contains(., \"2116\") and not(.//li)]"}
RESULT: {}
RESULT: {"using":"xpath","value":".//li[contains(., \"2116\") and not(.//li)]"}
COMMAND: POST /session/21b1c319d9497a1534c1e8f10b3c3c22/element/f.49EE1B407E8AACFD24485764E1748811.d.4D60774C922E752FA2E761FD7147C471.e.5061/click - {}
RESULT: {}
COMMAND: POST /session/21b1c319d9497a1534c1e8f10b3c3c22/element/f.49EE1B407E8AACFD24485764E1748811.d.4D60774C922E752FA2E761FD7147C471.e.5055/element - {"using":"css selector","value":"input"}
COMMAND: GET /session/21b1c319d9497a1534c1e8f10b3c3c22/screenshot - {}
RESULT: {"using":"css selector","value":"input"}
COMMAND: POST /session/21b1c319d9497a1534c1e8f10b3c3c22/element/f.49EE1B407E8AACFD24485764E1748811.d.4D60774C922E752FA2E761FD7147C471.e.5038/click - {}
RESULT: {}
RESULT: {}
COMMAND: GET /session/21b1c319d9497a1534c1e8f10b3c3c22/screenshot - {}
RESULT: {}
COMMAND: POST /session/21b1c319d9497a1534c1e8f10b3c3c22/element/f.49EE1B407E8AACFD24485764E1748811.d.4D60774C922E752FA2E761FD7147C471.e.5055/element - {"using":"css selector","value":"input"}
RESULT: {"using":"css selector","value":"input"}
COMMAND: POST /session/21b1c319d9497a1534c1e8f10b3c3c22/element/f.49EE1B407E8AACFD24485764E1748811.d.4D60774C922E752FA2E761FD7147C471.e.5038/clear - {}
RESULT: {}
COMMAND: POST /session/21b1c319d9497a1534c1e8f10b3c3c22/element/f.49EE1B407E8AACFD24485764E1748811.d.4D60774C922E752FA2E761FD7147C471.e.5038/value - {"text":"278"}
COMMAND: GET /session/21b1c319d9497a1534c1e8f10b3c3c22/screenshot - {}
RESULT: {"text":"278"}
COMMAND: GET /session/21b1c319d9497a1534c1e8f10b3c3c22/screenshot - {}
RESULT: {}
RESULT: {}
COMMAND: POST /session/21b1c319d9497a1534c1e8f10b3c3c22/element - {"using":"xpath","value":".//li[contains(., \"278\") and not(.//li)]"}
RESULT: {"using":"xpath","value":".//li[contains(., \"278\") and not(.//li)]"}
COMMAND: POST /session/21b1c319d9497a1534c1e8f10b3c3c22/element/f.49EE1B407E8AACFD24485764E1748811.d.4D60774C922E752FA2E761FD7147C471.e.5062/click - {}
RESULT: {}
RESULT: undefined
COMMAND: POST /session/21b1c319d9497a1534c1e8f10b3c3c22/element - {"using":"xpath","value":"//*[@id=\"__button113\"]"}
COMMAND: GET /session/21b1c319d9497a1534c1e8f10b3c3c22/screenshot - {}
RESULT: {"using":"xpath","value":"//*[@id=\"__button113\"]"}
COMMAND: POST /session/21b1c319d9497a1534c1e8f10b3c3c22/element/f.49EE1B407E8AACFD24485764E1748811.d.4D60774C922E752FA2E761FD7147C471.e.4932/click - {}
RESULT: {}
RESULT: {}
COMMAND: POST /session/21b1c319d9497a1534c1e8f10b3c3c22/elements - {"using":"css selector","value":"table tr"}
COMMAND: GET /session/21b1c319d9497a1534c1e8f10b3c3c22/screenshot - {}
RESULT: {"using":"css selector","value":"table tr"}
COMMAND: POST /session/21b1c319d9497a1534c1e8f10b3c3c22/element/f.49EE1B407E8AACFD24485764E1748811.d.4D60774C922E752FA2E761FD7147C471.e.5071/elements - {"using":"css selector","value":"input"}
RESULT: {}
RESULT: {"using":"css selector","value":"input"}
COMMAND: POST /session/21b1c319d9497a1534c1e8f10b3c3c22/element/f.49EE1B407E8AACFD24485764E1748811.d.4D60774C922E752FA2E761FD7147C471.e.5066/clear - {}
COMMAND: POST /session/21b1c319d9497a1534c1e8f10b3c3c22/element/f.49EE1B407E8AACFD24485764E1748811.d.4D60774C922E752FA2E761FD7147C471.e.5064/clear - {}
COMMAND: POST /session/21b1c319d9497a1534c1e8f10b3c3c22/element/f.49EE1B407E8AACFD24485764E1748811.d.4D60774C922E752FA2E761FD7147C471.e.5067/clear - {}
COMMAND: POST /session/21b1c319d9497a1534c1e8f10b3c3c22/element/f.49EE1B407E8AACFD24485764E1748811.d.4D60774C922E752FA2E761FD7147C471.e.5065/clear - {}
RESULT: {}
COMMAND: POST /session/21b1c319d9497a1534c1e8f10b3c3c22/element/f.49EE1B407E8AACFD24485764E1748811.d.4D60774C922E752FA2E761FD7147C471.e.5066/value - {"text":"99.5"}
COMMAND: GET /session/21b1c319d9497a1534c1e8f10b3c3c22/screenshot - {}
RESULT: {}
COMMAND: POST /session/21b1c319d9497a1534c1e8f10b3c3c22/element/f.49EE1B407E8AACFD24485764E1748811.d.4D60774C922E752FA2E761FD7147C471.e.5064/value - {"text":"05/25/25"}
COMMAND: GET /session/21b1c319d9497a1534c1e8f10b3c3c22/screenshot - {}
RESULT: {}
COMMAND: POST /session/21b1c319d9497a1534c1e8f10b3c3c22/element/f.49EE1B407E8AACFD24485764E1748811.d.4D60774C922E752FA2E761FD7147C471.e.5067/value - {"text":"US Dollar"}
COMMAND: GET /session/21b1c319d9497a1534c1e8f10b3c3c22/screenshot - {}
RESULT: {}
COMMAND: POST /session/21b1c319d9497a1534c1e8f10b3c3c22/element/f.49EE1B407E8AACFD24485764E1748811.d.4D60774C922E752FA2E761FD7147C471.e.5065/value - {"text":"10/25/25"}
COMMAND: GET /session/21b1c319d9497a1534c1e8f10b3c3c22/screenshot - {}
RESULT: {"text":"99.5"}
COMMAND: GET /session/21b1c319d9497a1534c1e8f10b3c3c22/screenshot - {}
RESULT: {}
COMMAND: POST /session/21b1c319d9497a1534c1e8f10b3c3c22/element/f.49EE1B407E8AACFD24485764E1748811.d.4D60774C922E752FA2E761FD7147C471.e.5071/elements - {"using":"css selector","value":"td"}
RESULT: {"text":"05/25/25"}
COMMAND: GET /session/21b1c319d9497a1534c1e8f10b3c3c22/screenshot - {}
RESULT: {}
RESULT: {"text":"US Dollar"}
COMMAND: GET /session/21b1c319d9497a1534c1e8f10b3c3c22/screenshot - {}
RESULT: {}
RESULT: {"text":"10/25/25"}
COMMAND: GET /session/21b1c319d9497a1534c1e8f10b3c3c22/screenshot - {}
RESULT: {}
RESULT: {}
RESULT: {"using":"css selector","value":"td"}
COMMAND: POST /session/21b1c319d9497a1534c1e8f10b3c3c22/element/f.49EE1B407E8AACFD24485764E1748811.d.4D60774C922E752FA2E761FD7147C471.e.5086/element - {"using":"css selector","value":"input"}
RESULT: {}
RESULT: {}
RESULT: {}
RESULT: {"using":"css selector","value":"input"}
COMMAND: POST /session/21b1c319d9497a1534c1e8f10b3c3c22/element/f.49EE1B407E8AACFD24485764E1748811.d.4D60774C922E752FA2E761FD7147C471.e.5068/click - {}
RESULT: {}
COMMAND: GET /session/21b1c319d9497a1534c1e8f10b3c3c22/screenshot - {}
RESULT: {}
COMMAND: POST /session/21b1c319d9497a1534c1e8f10b3c3c22/element/f.49EE1B407E8AACFD24485764E1748811.d.4D60774C922E752FA2E761FD7147C471.e.5086/element - {"using":"css selector","value":"input"}
RESULT: {"using":"css selector","value":"input"}
COMMAND: POST /session/21b1c319d9497a1534c1e8f10b3c3c22/element/f.49EE1B407E8AACFD24485764E1748811.d.4D60774C922E752FA2E761FD7147C471.e.5068/clear - {}
RESULT: {}
COMMAND: POST /session/21b1c319d9497a1534c1e8f10b3c3c22/element/f.49EE1B407E8AACFD24485764E1748811.d.4D60774C922E752FA2E761FD7147C471.e.5068/value - {"text":"2116"}
COMMAND: GET /session/21b1c319d9497a1534c1e8f10b3c3c22/screenshot - {}
RESULT: {"text":"2116"}
COMMAND: GET /session/21b1c319d9497a1534c1e8f10b3c3c22/screenshot - {}
RESULT: {}
RESULT: {}
COMMAND: POST /session/21b1c319d9497a1534c1e8f10b3c3c22/element - {"using":"xpath","value":"(//li[div//span[contains(text(), '2116')]])[2]"}
RESULT: {"using":"xpath","value":"(//li[div//span[contains(text(), '2116')]])[2]"}
COMMAND: POST /session/21b1c319d9497a1534c1e8f10b3c3c22/element/f.49EE1B407E8AACFD24485764E1748811.d.4D60774C922E752FA2E761FD7147C471.e.5092/click - {}
RESULT: {}
COMMAND: POST /session/21b1c319d9497a1534c1e8f10b3c3c22/execute/async - {"script":"<script> [1562 bytes]","args":[{"selector":{"controlType":"sap.m.Button","viewName":"etm.portal.ui.manageconditionprice.view.DailyPrices","viewId":"application-manageconditionprice-display-component---dailyPrices","i18NText":{"propertyName":"tooltip","key":"save"},"interaction":{"idSuffix":"BDI-content"}},"wdio_ui5_key":"etmportal.ui.manageconditionprice.view.DailyPricessap.m.Button{\"propertyName\":\"tooltip\",\"key\":\"save\"}"}]}
COMMAND: GET /session/21b1c319d9497a1534c1e8f10b3c3c22/screenshot - {}
RESULT: {"script":"<script> [1562 bytes]","args":[{"selector":{"controlType":"sap.m.Button","viewName":"etm.portal.ui.manageconditionprice.view.DailyPrices","viewId":"application-manageconditionprice-display-component---dailyPrices","i18NText":{"propertyName":"tooltip","key":"save"},"interaction":{"idSuffix":"BDI-content"}},"wdio_ui5_key":"etmportal.ui.manageconditionprice.view.DailyPricessap.m.Button{\"propertyName\":\"tooltip\",\"key\":\"save\"}"}]}
RESULT: undefined
COMMAND: POST /session/21b1c319d9497a1534c1e8f10b3c3c22/element - {"using":"xpath","value":"//*[@id=\"__button115\"]"}
RESULT: {}
RESULT: {"using":"xpath","value":"//*[@id=\"__button115\"]"}
COMMAND: POST /session/21b1c319d9497a1534c1e8f10b3c3c22/element/f.49EE1B407E8AACFD24485764E1748811.d.4D60774C922E752FA2E761FD7147C471.e.4926/click - {}
RESULT: {}
COMMAND: GET /session/21b1c319d9497a1534c1e8f10b3c3c22/screenshot - {}
RESULT: {}
]]></system-out>
    </testcase>
    <testcase classname="chrome.136_0_7103_93.windows.Edit_and_delete_daily_price_US134629_US134627" name="Should check whether the 2 rows have been added then edit one of the rows s currency and value and save and check the edited values" time="13.398">
      <system-out><![CDATA[
COMMAND: POST /session/21b1c319d9497a1534c1e8f10b3c3c22/elements - {"using":"css selector","value":"table tr"}
RESULT: {"using":"css selector","value":"table tr"}
COMMAND: POST /session/21b1c319d9497a1534c1e8f10b3c3c22/element/f.49EE1B407E8AACFD24485764E1748811.d.4D60774C922E752FA2E761FD7147C471.e.5071/elements - {"using":"css selector","value":"td"}
RESULT: {"using":"css selector","value":"td"}
COMMAND: POST /session/21b1c319d9497a1534c1e8f10b3c3c22/element/f.49EE1B407E8AACFD24485764E1748811.d.4D60774C922E752FA2E761FD7147C471.e.5032/elements - {"using":"css selector","value":"td"}
RESULT: {"using":"css selector","value":"td"}
COMMAND: POST /session/21b1c319d9497a1534c1e8f10b3c3c22/element/f.49EE1B407E8AACFD24485764E1748811.d.4D60774C922E752FA2E761FD7147C471.e.5095/element - {"using":"css selector","value":".sapMObjectNumberText"}
RESULT: {"using":"css selector","value":".sapMObjectNumberText"}
COMMAND: GET /session/21b1c319d9497a1534c1e8f10b3c3c22/element/f.49EE1B407E8AACFD24485764E1748811.d.4D60774C922E752FA2E761FD7147C471.e.5097/text - {}
RESULT: {}
COMMAND: POST /session/21b1c319d9497a1534c1e8f10b3c3c22/element/f.49EE1B407E8AACFD24485764E1748811.d.4D60774C922E752FA2E761FD7147C471.e.5096/element - {"using":"css selector","value":".sapMObjectNumberText"}
RESULT: {"using":"css selector","value":".sapMObjectNumberText"}
COMMAND: GET /session/21b1c319d9497a1534c1e8f10b3c3c22/element/f.49EE1B407E8AACFD24485764E1748811.d.4D60774C922E752FA2E761FD7147C471.e.5098/text - {}
RESULT: {}
RESULT: undefined
COMMAND: POST /session/21b1c319d9497a1534c1e8f10b3c3c22/element - {"using":"xpath","value":"//*[@id=\"application-manageconditionprice-display-component---dailyPrices--editBtn\"]"}
RESULT: {"using":"xpath","value":"//*[@id=\"application-manageconditionprice-display-component---dailyPrices--editBtn\"]"}
COMMAND: POST /session/21b1c319d9497a1534c1e8f10b3c3c22/element/f.49EE1B407E8AACFD24485764E1748811.d.4D60774C922E752FA2E761FD7147C471.e.5094/click - {}
RESULT: {}
COMMAND: POST /session/21b1c319d9497a1534c1e8f10b3c3c22/elements - {"using":"css selector","value":"table tr"}
COMMAND: GET /session/21b1c319d9497a1534c1e8f10b3c3c22/screenshot - {}
RESULT: {"using":"css selector","value":"table tr"}
COMMAND: POST /session/21b1c319d9497a1534c1e8f10b3c3c22/element/f.49EE1B407E8AACFD24485764E1748811.d.4D60774C922E752FA2E761FD7147C471.e.5071/elements - {"using":"css selector","value":"input"}
RESULT: {}
RESULT: {"using":"css selector","value":"input"}
COMMAND: POST /session/21b1c319d9497a1534c1e8f10b3c3c22/element/f.49EE1B407E8AACFD24485764E1748811.d.4D60774C922E752FA2E761FD7147C471.e.5113/clear - {}
COMMAND: POST /session/21b1c319d9497a1534c1e8f10b3c3c22/element/f.49EE1B407E8AACFD24485764E1748811.d.4D60774C922E752FA2E761FD7147C471.e.5114/clear - {}
RESULT: {}
COMMAND: POST /session/21b1c319d9497a1534c1e8f10b3c3c22/element/f.49EE1B407E8AACFD24485764E1748811.d.4D60774C922E752FA2E761FD7147C471.e.5113/value - {"text":"566.1"}
COMMAND: GET /session/21b1c319d9497a1534c1e8f10b3c3c22/screenshot - {}
RESULT: {}
COMMAND: POST /session/21b1c319d9497a1534c1e8f10b3c3c22/element/f.49EE1B407E8AACFD24485764E1748811.d.4D60774C922E752FA2E761FD7147C471.e.5114/value - {"text":"US Dollar"}
COMMAND: GET /session/21b1c319d9497a1534c1e8f10b3c3c22/screenshot - {}
RESULT: {"text":"566.1"}
COMMAND: GET /session/21b1c319d9497a1534c1e8f10b3c3c22/screenshot - {}
RESULT: {}
RESULT: {"text":"US Dollar"}
RESULT: undefined
COMMAND: POST /session/21b1c319d9497a1534c1e8f10b3c3c22/element - {"using":"xpath","value":"//*[@id=\"__button115\"]"}
COMMAND: GET /session/21b1c319d9497a1534c1e8f10b3c3c22/screenshot - {}
RESULT: {}
RESULT: {}
RESULT: {"using":"xpath","value":"//*[@id=\"__button115\"]"}
COMMAND: POST /session/21b1c319d9497a1534c1e8f10b3c3c22/element/f.49EE1B407E8AACFD24485764E1748811.d.4D60774C922E752FA2E761FD7147C471.e.5099/click - {}
RESULT: {}
RESULT: {}
COMMAND: GET /session/21b1c319d9497a1534c1e8f10b3c3c22/screenshot - {}
RESULT: {}
COMMAND: POST /session/21b1c319d9497a1534c1e8f10b3c3c22/elements - {"using":"css selector","value":"table tr"}
RESULT: {"using":"css selector","value":"table tr"}
COMMAND: POST /session/21b1c319d9497a1534c1e8f10b3c3c22/element/f.49EE1B407E8AACFD24485764E1748811.d.4D60774C922E752FA2E761FD7147C471.e.5071/elements - {"using":"css selector","value":"td"}
RESULT: {"using":"css selector","value":"td"}
COMMAND: POST /session/21b1c319d9497a1534c1e8f10b3c3c22/element/f.49EE1B407E8AACFD24485764E1748811.d.4D60774C922E752FA2E761FD7147C471.e.5118/element - {"using":"css selector","value":".sapMObjectNumberText"}
RESULT: {"using":"css selector","value":".sapMObjectNumberText"}
COMMAND: GET /session/21b1c319d9497a1534c1e8f10b3c3c22/element/f.49EE1B407E8AACFD24485764E1748811.d.4D60774C922E752FA2E761FD7147C471.e.5120/text - {}
RESULT: {}
]]></system-out>
    </testcase>
    <testcase classname="chrome.136_0_7103_93.windows.Edit_and_delete_daily_price_US134629_US134627" name="Should go into edit and delete all the rows that match the yard we have created for this scenario check if all rows deleted" time="65.001">
      <failure/>
      <error message="Can't call getValue on element with selector &quot;input&quot; because element wasn't found"/>
      <system-out><![CDATA[
RESULT: undefined
COMMAND: POST /session/21b1c319d9497a1534c1e8f10b3c3c22/element - {"using":"xpath","value":"//*[@id=\"application-manageconditionprice-display-component---dailyPrices--editBtn\"]"}
RESULT: {"using":"xpath","value":"//*[@id=\"application-manageconditionprice-display-component---dailyPrices--editBtn\"]"}
COMMAND: POST /session/21b1c319d9497a1534c1e8f10b3c3c22/element/f.49EE1B407E8AACFD24485764E1748811.d.4D60774C922E752FA2E761FD7147C471.e.5117/click - {}
RESULT: {}
COMMAND: GET /session/21b1c319d9497a1534c1e8f10b3c3c22/screenshot - {}
RESULT: {}
COMMAND: POST /session/21b1c319d9497a1534c1e8f10b3c3c22/elements - {"using":"css selector","value":"table tr"}
RESULT: {"using":"css selector","value":"table tr"}
COMMAND: POST /session/21b1c319d9497a1534c1e8f10b3c3c22/element/f.49EE1B407E8AACFD24485764E1748811.d.4D60774C922E752FA2E761FD7147C471.e.4934/elements - {"using":"css selector","value":"td"}
RESULT: {"using":"css selector","value":"td"}
COMMAND: POST /session/21b1c319d9497a1534c1e8f10b3c3c22/element/f.49EE1B407E8AACFD24485764E1748811.d.4D60774C922E752FA2E761FD7147C471.e.4935/elements - {"using":"css selector","value":"td"}
RESULT: {"using":"css selector","value":"td"}
COMMAND: POST /session/21b1c319d9497a1534c1e8f10b3c3c22/element/f.49EE1B407E8AACFD24485764E1748811.d.4D60774C922E752FA2E761FD7147C471.e.4936/elements - {"using":"css selector","value":"td"}
RESULT: {"using":"css selector","value":"td"}
COMMAND: POST /session/21b1c319d9497a1534c1e8f10b3c3c22/element/f.49EE1B407E8AACFD24485764E1748811.d.4D60774C922E752FA2E761FD7147C471.e.5133/element - {"using":"css selector","value":"input"}
RESULT: {"using":"css selector","value":"input"}
COMMAND: POST /session/21b1c319d9497a1534c1e8f10b3c3c22/element/f.49EE1B407E8AACFD24485764E1748811.d.4D60774C922E752FA2E761FD7147C471.e.5133/elements - {"using":"css selector","value":"input"}
RESULT: {"using":"css selector","value":"input"}
COMMAND: POST /session/21b1c319d9497a1534c1e8f10b3c3c22/element/f.49EE1B407E8AACFD24485764E1748811.d.4D60774C922E752FA2E761FD7147C471.e.5133/elements - {"using":"css selector","value":"input"}
RESULT: {"using":"css selector","value":"input"}
COMMAND: POST /session/21b1c319d9497a1534c1e8f10b3c3c22/element/f.49EE1B407E8AACFD24485764E1748811.d.4D60774C922E752FA2E761FD7147C471.e.5133/elements - {"using":"css selector","value":"input"}
RESULT: {"using":"css selector","value":"input"}
COMMAND: POST /session/21b1c319d9497a1534c1e8f10b3c3c22/element/f.49EE1B407E8AACFD24485764E1748811.d.4D60774C922E752FA2E761FD7147C471.e.5133/elements - {"using":"css selector","value":"input"}
RESULT: {"using":"css selector","value":"input"}
COMMAND: POST /session/21b1c319d9497a1534c1e8f10b3c3c22/element/f.49EE1B407E8AACFD24485764E1748811.d.4D60774C922E752FA2E761FD7147C471.e.5133/elements - {"using":"css selector","value":"input"}
RESULT: {"using":"css selector","value":"input"}
COMMAND: POST /session/21b1c319d9497a1534c1e8f10b3c3c22/element/f.49EE1B407E8AACFD24485764E1748811.d.4D60774C922E752FA2E761FD7147C471.e.5133/elements - {"using":"css selector","value":"input"}
RESULT: {"using":"css selector","value":"input"}
COMMAND: POST /session/21b1c319d9497a1534c1e8f10b3c3c22/element/f.49EE1B407E8AACFD24485764E1748811.d.4D60774C922E752FA2E761FD7147C471.e.5133/elements - {"using":"css selector","value":"input"}
RESULT: {"using":"css selector","value":"input"}
COMMAND: POST /session/21b1c319d9497a1534c1e8f10b3c3c22/element/f.49EE1B407E8AACFD24485764E1748811.d.4D60774C922E752FA2E761FD7147C471.e.5133/elements - {"using":"css selector","value":"input"}
RESULT: {"using":"css selector","value":"input"}
COMMAND: POST /session/21b1c319d9497a1534c1e8f10b3c3c22/element/f.49EE1B407E8AACFD24485764E1748811.d.4D60774C922E752FA2E761FD7147C471.e.5133/elements - {"using":"css selector","value":"input"}
RESULT: {"using":"css selector","value":"input"}
COMMAND: POST /session/21b1c319d9497a1534c1e8f10b3c3c22/element/f.49EE1B407E8AACFD24485764E1748811.d.4D60774C922E752FA2E761FD7147C471.e.5133/elements - {"using":"css selector","value":"input"}
RESULT: {"using":"css selector","value":"input"}
COMMAND: POST /session/21b1c319d9497a1534c1e8f10b3c3c22/element/f.49EE1B407E8AACFD24485764E1748811.d.4D60774C922E752FA2E761FD7147C471.e.5133/elements - {"using":"css selector","value":"input"}
RESULT: {"using":"css selector","value":"input"}
COMMAND: POST /session/21b1c319d9497a1534c1e8f10b3c3c22/element/f.49EE1B407E8AACFD24485764E1748811.d.4D60774C922E752FA2E761FD7147C471.e.5133/elements - {"using":"css selector","value":"input"}
RESULT: {"using":"css selector","value":"input"}
COMMAND: POST /session/21b1c319d9497a1534c1e8f10b3c3c22/element/f.49EE1B407E8AACFD24485764E1748811.d.4D60774C922E752FA2E761FD7147C471.e.5133/elements - {"using":"css selector","value":"input"}
RESULT: {"using":"css selector","value":"input"}
COMMAND: POST /session/21b1c319d9497a1534c1e8f10b3c3c22/element/f.49EE1B407E8AACFD24485764E1748811.d.4D60774C922E752FA2E761FD7147C471.e.5133/elements - {"using":"css selector","value":"input"}
RESULT: {"using":"css selector","value":"input"}
COMMAND: POST /session/21b1c319d9497a1534c1e8f10b3c3c22/element/f.49EE1B407E8AACFD24485764E1748811.d.4D60774C922E752FA2E761FD7147C471.e.5133/elements - {"using":"css selector","value":"input"}
RESULT: {"using":"css selector","value":"input"}
COMMAND: POST /session/21b1c319d9497a1534c1e8f10b3c3c22/element/f.49EE1B407E8AACFD24485764E1748811.d.4D60774C922E752FA2E761FD7147C471.e.5133/elements - {"using":"css selector","value":"input"}
RESULT: {"using":"css selector","value":"input"}
COMMAND: POST /session/21b1c319d9497a1534c1e8f10b3c3c22/element/f.49EE1B407E8AACFD24485764E1748811.d.4D60774C922E752FA2E761FD7147C471.e.5133/elements - {"using":"css selector","value":"input"}
RESULT: {"using":"css selector","value":"input"}
COMMAND: POST /session/21b1c319d9497a1534c1e8f10b3c3c22/element/f.49EE1B407E8AACFD24485764E1748811.d.4D60774C922E752FA2E761FD7147C471.e.5133/elements - {"using":"css selector","value":"input"}
RESULT: {"using":"css selector","value":"input"}
COMMAND: POST /session/21b1c319d9497a1534c1e8f10b3c3c22/element/f.49EE1B407E8AACFD24485764E1748811.d.4D60774C922E752FA2E761FD7147C471.e.5133/elements - {"using":"css selector","value":"input"}
RESULT: {"using":"css selector","value":"input"}
COMMAND: POST /session/21b1c319d9497a1534c1e8f10b3c3c22/element/f.49EE1B407E8AACFD24485764E1748811.d.4D60774C922E752FA2E761FD7147C471.e.5133/elements - {"using":"css selector","value":"input"}
RESULT: {"using":"css selector","value":"input"}
COMMAND: POST /session/21b1c319d9497a1534c1e8f10b3c3c22/element/f.49EE1B407E8AACFD24485764E1748811.d.4D60774C922E752FA2E761FD7147C471.e.5133/elements - {"using":"css selector","value":"input"}
RESULT: {"using":"css selector","value":"input"}
COMMAND: POST /session/21b1c319d9497a1534c1e8f10b3c3c22/element/f.49EE1B407E8AACFD24485764E1748811.d.4D60774C922E752FA2E761FD7147C471.e.5133/elements - {"using":"css selector","value":"input"}
RESULT: {"using":"css selector","value":"input"}
COMMAND: POST /session/21b1c319d9497a1534c1e8f10b3c3c22/element/f.49EE1B407E8AACFD24485764E1748811.d.4D60774C922E752FA2E761FD7147C471.e.5133/elements - {"using":"css selector","value":"input"}
RESULT: {"using":"css selector","value":"input"}
COMMAND: POST /session/21b1c319d9497a1534c1e8f10b3c3c22/element/f.49EE1B407E8AACFD24485764E1748811.d.4D60774C922E752FA2E761FD7147C471.e.5133/elements - {"using":"css selector","value":"input"}
RESULT: {"using":"css selector","value":"input"}
COMMAND: POST /session/21b1c319d9497a1534c1e8f10b3c3c22/element/f.49EE1B407E8AACFD24485764E1748811.d.4D60774C922E752FA2E761FD7147C471.e.5133/elements - {"using":"css selector","value":"input"}
RESULT: {"using":"css selector","value":"input"}
COMMAND: POST /session/21b1c319d9497a1534c1e8f10b3c3c22/element/f.49EE1B407E8AACFD24485764E1748811.d.4D60774C922E752FA2E761FD7147C471.e.5133/elements - {"using":"css selector","value":"input"}
RESULT: {"using":"css selector","value":"input"}
COMMAND: POST /session/21b1c319d9497a1534c1e8f10b3c3c22/element/f.49EE1B407E8AACFD24485764E1748811.d.4D60774C922E752FA2E761FD7147C471.e.5133/elements - {"using":"css selector","value":"input"}
RESULT: {"using":"css selector","value":"input"}
COMMAND: POST /session/21b1c319d9497a1534c1e8f10b3c3c22/element/f.49EE1B407E8AACFD24485764E1748811.d.4D60774C922E752FA2E761FD7147C471.e.5133/elements - {"using":"css selector","value":"input"}
RESULT: {"using":"css selector","value":"input"}
COMMAND: POST /session/21b1c319d9497a1534c1e8f10b3c3c22/element/f.49EE1B407E8AACFD24485764E1748811.d.4D60774C922E752FA2E761FD7147C471.e.5133/elements - {"using":"css selector","value":"input"}
RESULT: {"using":"css selector","value":"input"}
COMMAND: POST /session/21b1c319d9497a1534c1e8f10b3c3c22/element/f.49EE1B407E8AACFD24485764E1748811.d.4D60774C922E752FA2E761FD7147C471.e.5133/elements - {"using":"css selector","value":"input"}
RESULT: {"using":"css selector","value":"input"}
COMMAND: POST /session/21b1c319d9497a1534c1e8f10b3c3c22/element/f.49EE1B407E8AACFD24485764E1748811.d.4D60774C922E752FA2E761FD7147C471.e.5133/elements - {"using":"css selector","value":"input"}
RESULT: {"using":"css selector","value":"input"}
COMMAND: POST /session/21b1c319d9497a1534c1e8f10b3c3c22/element/f.49EE1B407E8AACFD24485764E1748811.d.4D60774C922E752FA2E761FD7147C471.e.5133/elements - {"using":"css selector","value":"input"}
RESULT: {"using":"css selector","value":"input"}
COMMAND: POST /session/21b1c319d9497a1534c1e8f10b3c3c22/element/f.49EE1B407E8AACFD24485764E1748811.d.4D60774C922E752FA2E761FD7147C471.e.5133/elements - {"using":"css selector","value":"input"}
RESULT: {"using":"css selector","value":"input"}
COMMAND: POST /session/21b1c319d9497a1534c1e8f10b3c3c22/element/f.49EE1B407E8AACFD24485764E1748811.d.4D60774C922E752FA2E761FD7147C471.e.5133/elements - {"using":"css selector","value":"input"}
RESULT: {"using":"css selector","value":"input"}
COMMAND: POST /session/21b1c319d9497a1534c1e8f10b3c3c22/element/f.49EE1B407E8AACFD24485764E1748811.d.4D60774C922E752FA2E761FD7147C471.e.5133/elements - {"using":"css selector","value":"input"}
RESULT: {"using":"css selector","value":"input"}
COMMAND: POST /session/21b1c319d9497a1534c1e8f10b3c3c22/element/f.49EE1B407E8AACFD24485764E1748811.d.4D60774C922E752FA2E761FD7147C471.e.5133/elements - {"using":"css selector","value":"input"}
RESULT: {"using":"css selector","value":"input"}
COMMAND: POST /session/21b1c319d9497a1534c1e8f10b3c3c22/element/f.49EE1B407E8AACFD24485764E1748811.d.4D60774C922E752FA2E761FD7147C471.e.5133/elements - {"using":"css selector","value":"input"}
RESULT: {"using":"css selector","value":"input"}
COMMAND: POST /session/21b1c319d9497a1534c1e8f10b3c3c22/element/f.49EE1B407E8AACFD24485764E1748811.d.4D60774C922E752FA2E761FD7147C471.e.5133/elements - {"using":"css selector","value":"input"}
RESULT: {"using":"css selector","value":"input"}
COMMAND: POST /session/21b1c319d9497a1534c1e8f10b3c3c22/element/f.49EE1B407E8AACFD24485764E1748811.d.4D60774C922E752FA2E761FD7147C471.e.5133/elements - {"using":"css selector","value":"input"}
RESULT: {"using":"css selector","value":"input"}
COMMAND: POST /session/21b1c319d9497a1534c1e8f10b3c3c22/element/f.49EE1B407E8AACFD24485764E1748811.d.4D60774C922E752FA2E761FD7147C471.e.5133/elements - {"using":"css selector","value":"input"}
RESULT: {"using":"css selector","value":"input"}
COMMAND: POST /session/21b1c319d9497a1534c1e8f10b3c3c22/element/f.49EE1B407E8AACFD24485764E1748811.d.4D60774C922E752FA2E761FD7147C471.e.5133/elements - {"using":"css selector","value":"input"}
RESULT: {"using":"css selector","value":"input"}
COMMAND: POST /session/21b1c319d9497a1534c1e8f10b3c3c22/element/f.49EE1B407E8AACFD24485764E1748811.d.4D60774C922E752FA2E761FD7147C471.e.5133/elements - {"using":"css selector","value":"input"}
RESULT: {"using":"css selector","value":"input"}
COMMAND: POST /session/21b1c319d9497a1534c1e8f10b3c3c22/element/f.49EE1B407E8AACFD24485764E1748811.d.4D60774C922E752FA2E761FD7147C471.e.5133/elements - {"using":"css selector","value":"input"}
RESULT: {"using":"css selector","value":"input"}
COMMAND: POST /session/21b1c319d9497a1534c1e8f10b3c3c22/element/f.49EE1B407E8AACFD24485764E1748811.d.4D60774C922E752FA2E761FD7147C471.e.5133/elements - {"using":"css selector","value":"input"}
RESULT: {"using":"css selector","value":"input"}
COMMAND: POST /session/21b1c319d9497a1534c1e8f10b3c3c22/element/f.49EE1B407E8AACFD24485764E1748811.d.4D60774C922E752FA2E761FD7147C471.e.5133/elements - {"using":"css selector","value":"input"}
RESULT: {"using":"css selector","value":"input"}
COMMAND: POST /session/21b1c319d9497a1534c1e8f10b3c3c22/element/f.49EE1B407E8AACFD24485764E1748811.d.4D60774C922E752FA2E761FD7147C471.e.5133/elements - {"using":"css selector","value":"input"}
RESULT: {"using":"css selector","value":"input"}
COMMAND: POST /session/21b1c319d9497a1534c1e8f10b3c3c22/element/f.49EE1B407E8AACFD24485764E1748811.d.4D60774C922E752FA2E761FD7147C471.e.5133/elements - {"using":"css selector","value":"input"}
RESULT: {"using":"css selector","value":"input"}
COMMAND: POST /session/21b1c319d9497a1534c1e8f10b3c3c22/element/f.49EE1B407E8AACFD24485764E1748811.d.4D60774C922E752FA2E761FD7147C471.e.5133/elements - {"using":"css selector","value":"input"}
RESULT: {"using":"css selector","value":"input"}
COMMAND: POST /session/21b1c319d9497a1534c1e8f10b3c3c22/element/f.49EE1B407E8AACFD24485764E1748811.d.4D60774C922E752FA2E761FD7147C471.e.5133/elements - {"using":"css selector","value":"input"}
RESULT: {"using":"css selector","value":"input"}
COMMAND: POST /session/21b1c319d9497a1534c1e8f10b3c3c22/element/f.49EE1B407E8AACFD24485764E1748811.d.4D60774C922E752FA2E761FD7147C471.e.5133/elements - {"using":"css selector","value":"input"}
RESULT: {"using":"css selector","value":"input"}
COMMAND: POST /session/21b1c319d9497a1534c1e8f10b3c3c22/element/f.49EE1B407E8AACFD24485764E1748811.d.4D60774C922E752FA2E761FD7147C471.e.5133/elements - {"using":"css selector","value":"input"}
RESULT: {"using":"css selector","value":"input"}
COMMAND: POST /session/21b1c319d9497a1534c1e8f10b3c3c22/element/f.49EE1B407E8AACFD24485764E1748811.d.4D60774C922E752FA2E761FD7147C471.e.5133/elements - {"using":"css selector","value":"input"}
RESULT: {"using":"css selector","value":"input"}
COMMAND: POST /session/21b1c319d9497a1534c1e8f10b3c3c22/element/f.49EE1B407E8AACFD24485764E1748811.d.4D60774C922E752FA2E761FD7147C471.e.5133/elements - {"using":"css selector","value":"input"}
RESULT: {"using":"css selector","value":"input"}
COMMAND: POST /session/21b1c319d9497a1534c1e8f10b3c3c22/element/f.49EE1B407E8AACFD24485764E1748811.d.4D60774C922E752FA2E761FD7147C471.e.5133/elements - {"using":"css selector","value":"input"}
RESULT: {"using":"css selector","value":"input"}
COMMAND: POST /session/21b1c319d9497a1534c1e8f10b3c3c22/element/f.49EE1B407E8AACFD24485764E1748811.d.4D60774C922E752FA2E761FD7147C471.e.5133/elements - {"using":"css selector","value":"input"}
RESULT: {"using":"css selector","value":"input"}
COMMAND: POST /session/21b1c319d9497a1534c1e8f10b3c3c22/element/f.49EE1B407E8AACFD24485764E1748811.d.4D60774C922E752FA2E761FD7147C471.e.5133/elements - {"using":"css selector","value":"input"}
RESULT: {"using":"css selector","value":"input"}
COMMAND: POST /session/21b1c319d9497a1534c1e8f10b3c3c22/element/f.49EE1B407E8AACFD24485764E1748811.d.4D60774C922E752FA2E761FD7147C471.e.5133/elements - {"using":"css selector","value":"input"}
RESULT: {"using":"css selector","value":"input"}
COMMAND: POST /session/21b1c319d9497a1534c1e8f10b3c3c22/element/f.49EE1B407E8AACFD24485764E1748811.d.4D60774C922E752FA2E761FD7147C471.e.5133/elements - {"using":"css selector","value":"input"}
RESULT: {"using":"css selector","value":"input"}
COMMAND: POST /session/21b1c319d9497a1534c1e8f10b3c3c22/element/f.49EE1B407E8AACFD24485764E1748811.d.4D60774C922E752FA2E761FD7147C471.e.5133/elements - {"using":"css selector","value":"input"}
RESULT: {"using":"css selector","value":"input"}
COMMAND: POST /session/21b1c319d9497a1534c1e8f10b3c3c22/element/f.49EE1B407E8AACFD24485764E1748811.d.4D60774C922E752FA2E761FD7147C471.e.5133/elements - {"using":"css selector","value":"input"}
RESULT: {"using":"css selector","value":"input"}
COMMAND: POST /session/21b1c319d9497a1534c1e8f10b3c3c22/element/f.49EE1B407E8AACFD24485764E1748811.d.4D60774C922E752FA2E761FD7147C471.e.5133/elements - {"using":"css selector","value":"input"}
RESULT: {"using":"css selector","value":"input"}
COMMAND: POST /session/21b1c319d9497a1534c1e8f10b3c3c22/element/f.49EE1B407E8AACFD24485764E1748811.d.4D60774C922E752FA2E761FD7147C471.e.5133/elements - {"using":"css selector","value":"input"}
RESULT: {"using":"css selector","value":"input"}
COMMAND: POST /session/21b1c319d9497a1534c1e8f10b3c3c22/element/f.49EE1B407E8AACFD24485764E1748811.d.4D60774C922E752FA2E761FD7147C471.e.5133/elements - {"using":"css selector","value":"input"}
RESULT: {"using":"css selector","value":"input"}
COMMAND: POST /session/21b1c319d9497a1534c1e8f10b3c3c22/element/f.49EE1B407E8AACFD24485764E1748811.d.4D60774C922E752FA2E761FD7147C471.e.5133/elements - {"using":"css selector","value":"input"}
RESULT: {"using":"css selector","value":"input"}
COMMAND: POST /session/21b1c319d9497a1534c1e8f10b3c3c22/element/f.49EE1B407E8AACFD24485764E1748811.d.4D60774C922E752FA2E761FD7147C471.e.5133/elements - {"using":"css selector","value":"input"}
RESULT: {"using":"css selector","value":"input"}
COMMAND: POST /session/21b1c319d9497a1534c1e8f10b3c3c22/element/f.49EE1B407E8AACFD24485764E1748811.d.4D60774C922E752FA2E761FD7147C471.e.5133/elements - {"using":"css selector","value":"input"}
RESULT: {"using":"css selector","value":"input"}
COMMAND: POST /session/21b1c319d9497a1534c1e8f10b3c3c22/element/f.49EE1B407E8AACFD24485764E1748811.d.4D60774C922E752FA2E761FD7147C471.e.5133/elements - {"using":"css selector","value":"input"}
RESULT: {"using":"css selector","value":"input"}
COMMAND: POST /session/21b1c319d9497a1534c1e8f10b3c3c22/element/f.49EE1B407E8AACFD24485764E1748811.d.4D60774C922E752FA2E761FD7147C471.e.5133/elements - {"using":"css selector","value":"input"}
RESULT: {"using":"css selector","value":"input"}
COMMAND: POST /session/21b1c319d9497a1534c1e8f10b3c3c22/element/f.49EE1B407E8AACFD24485764E1748811.d.4D60774C922E752FA2E761FD7147C471.e.5133/elements - {"using":"css selector","value":"input"}
RESULT: {"using":"css selector","value":"input"}
COMMAND: POST /session/21b1c319d9497a1534c1e8f10b3c3c22/element/f.49EE1B407E8AACFD24485764E1748811.d.4D60774C922E752FA2E761FD7147C471.e.5133/elements - {"using":"css selector","value":"input"}
RESULT: {"using":"css selector","value":"input"}
COMMAND: POST /session/21b1c319d9497a1534c1e8f10b3c3c22/element/f.49EE1B407E8AACFD24485764E1748811.d.4D60774C922E752FA2E761FD7147C471.e.5133/elements - {"using":"css selector","value":"input"}
RESULT: {"using":"css selector","value":"input"}
COMMAND: POST /session/21b1c319d9497a1534c1e8f10b3c3c22/element/f.49EE1B407E8AACFD24485764E1748811.d.4D60774C922E752FA2E761FD7147C471.e.5133/elements - {"using":"css selector","value":"input"}
RESULT: {"using":"css selector","value":"input"}
COMMAND: POST /session/21b1c319d9497a1534c1e8f10b3c3c22/element/f.49EE1B407E8AACFD24485764E1748811.d.4D60774C922E752FA2E761FD7147C471.e.5133/elements - {"using":"css selector","value":"input"}
RESULT: {"using":"css selector","value":"input"}
COMMAND: POST /session/21b1c319d9497a1534c1e8f10b3c3c22/element/f.49EE1B407E8AACFD24485764E1748811.d.4D60774C922E752FA2E761FD7147C471.e.5133/elements - {"using":"css selector","value":"input"}
RESULT: {"using":"css selector","value":"input"}
COMMAND: POST /session/21b1c319d9497a1534c1e8f10b3c3c22/element/f.49EE1B407E8AACFD24485764E1748811.d.4D60774C922E752FA2E761FD7147C471.e.5133/elements - {"using":"css selector","value":"input"}
RESULT: {"using":"css selector","value":"input"}
COMMAND: POST /session/21b1c319d9497a1534c1e8f10b3c3c22/element/f.49EE1B407E8AACFD24485764E1748811.d.4D60774C922E752FA2E761FD7147C471.e.5133/elements - {"using":"css selector","value":"input"}
RESULT: {"using":"css selector","value":"input"}
COMMAND: POST /session/21b1c319d9497a1534c1e8f10b3c3c22/element/f.49EE1B407E8AACFD24485764E1748811.d.4D60774C922E752FA2E761FD7147C471.e.5133/elements - {"using":"css selector","value":"input"}
RESULT: {"using":"css selector","value":"input"}
COMMAND: POST /session/21b1c319d9497a1534c1e8f10b3c3c22/element/f.49EE1B407E8AACFD24485764E1748811.d.4D60774C922E752FA2E761FD7147C471.e.5133/elements - {"using":"css selector","value":"input"}
RESULT: {"using":"css selector","value":"input"}
COMMAND: POST /session/21b1c319d9497a1534c1e8f10b3c3c22/element/f.49EE1B407E8AACFD24485764E1748811.d.4D60774C922E752FA2E761FD7147C471.e.5133/elements - {"using":"css selector","value":"input"}
RESULT: {"using":"css selector","value":"input"}
COMMAND: POST /session/21b1c319d9497a1534c1e8f10b3c3c22/element/f.49EE1B407E8AACFD24485764E1748811.d.4D60774C922E752FA2E761FD7147C471.e.5133/elements - {"using":"css selector","value":"input"}
RESULT: {"using":"css selector","value":"input"}
COMMAND: POST /session/21b1c319d9497a1534c1e8f10b3c3c22/element/f.49EE1B407E8AACFD24485764E1748811.d.4D60774C922E752FA2E761FD7147C471.e.5133/elements - {"using":"css selector","value":"input"}
RESULT: {"using":"css selector","value":"input"}
COMMAND: POST /session/21b1c319d9497a1534c1e8f10b3c3c22/element/f.49EE1B407E8AACFD24485764E1748811.d.4D60774C922E752FA2E761FD7147C471.e.5133/elements - {"using":"css selector","value":"input"}
RESULT: {"using":"css selector","value":"input"}
COMMAND: POST /session/21b1c319d9497a1534c1e8f10b3c3c22/element/f.49EE1B407E8AACFD24485764E1748811.d.4D60774C922E752FA2E761FD7147C471.e.5133/elements - {"using":"css selector","value":"input"}
RESULT: {"using":"css selector","value":"input"}
COMMAND: POST /session/21b1c319d9497a1534c1e8f10b3c3c22/element/f.49EE1B407E8AACFD24485764E1748811.d.4D60774C922E752FA2E761FD7147C471.e.5133/elements - {"using":"css selector","value":"input"}
RESULT: {"using":"css selector","value":"input"}
COMMAND: POST /session/21b1c319d9497a1534c1e8f10b3c3c22/element/f.49EE1B407E8AACFD24485764E1748811.d.4D60774C922E752FA2E761FD7147C471.e.5133/elements - {"using":"css selector","value":"input"}
RESULT: {"using":"css selector","value":"input"}
COMMAND: POST /session/21b1c319d9497a1534c1e8f10b3c3c22/element/f.49EE1B407E8AACFD24485764E1748811.d.4D60774C922E752FA2E761FD7147C471.e.5133/elements - {"using":"css selector","value":"input"}
RESULT: {"using":"css selector","value":"input"}
COMMAND: POST /session/21b1c319d9497a1534c1e8f10b3c3c22/element/f.49EE1B407E8AACFD24485764E1748811.d.4D60774C922E752FA2E761FD7147C471.e.5133/elements - {"using":"css selector","value":"input"}
RESULT: {"using":"css selector","value":"input"}
COMMAND: POST /session/21b1c319d9497a1534c1e8f10b3c3c22/element/f.49EE1B407E8AACFD24485764E1748811.d.4D60774C922E752FA2E761FD7147C471.e.5133/elements - {"using":"css selector","value":"input"}
RESULT: {"using":"css selector","value":"input"}
COMMAND: POST /session/21b1c319d9497a1534c1e8f10b3c3c22/element/f.49EE1B407E8AACFD24485764E1748811.d.4D60774C922E752FA2E761FD7147C471.e.5133/elements - {"using":"css selector","value":"input"}
RESULT: {"using":"css selector","value":"input"}
COMMAND: POST /session/21b1c319d9497a1534c1e8f10b3c3c22/element/f.49EE1B407E8AACFD24485764E1748811.d.4D60774C922E752FA2E761FD7147C471.e.5133/elements - {"using":"css selector","value":"input"}
RESULT: {"using":"css selector","value":"input"}
COMMAND: POST /session/21b1c319d9497a1534c1e8f10b3c3c22/element/f.49EE1B407E8AACFD24485764E1748811.d.4D60774C922E752FA2E761FD7147C471.e.5133/elements - {"using":"css selector","value":"input"}
RESULT: {"using":"css selector","value":"input"}
COMMAND: POST /session/21b1c319d9497a1534c1e8f10b3c3c22/element/f.49EE1B407E8AACFD24485764E1748811.d.4D60774C922E752FA2E761FD7147C471.e.5133/elements - {"using":"css selector","value":"input"}
RESULT: {"using":"css selector","value":"input"}
COMMAND: POST /session/21b1c319d9497a1534c1e8f10b3c3c22/element/f.49EE1B407E8AACFD24485764E1748811.d.4D60774C922E752FA2E761FD7147C471.e.5133/elements - {"using":"css selector","value":"input"}
RESULT: {"using":"css selector","value":"input"}
COMMAND: POST /session/21b1c319d9497a1534c1e8f10b3c3c22/element/f.49EE1B407E8AACFD24485764E1748811.d.4D60774C922E752FA2E761FD7147C471.e.5133/elements - {"using":"css selector","value":"input"}
RESULT: {"using":"css selector","value":"input"}
COMMAND: POST /session/21b1c319d9497a1534c1e8f10b3c3c22/element/f.49EE1B407E8AACFD24485764E1748811.d.4D60774C922E752FA2E761FD7147C471.e.5133/elements - {"using":"css selector","value":"input"}
RESULT: {"using":"css selector","value":"input"}
COMMAND: POST /session/21b1c319d9497a1534c1e8f10b3c3c22/element/f.49EE1B407E8AACFD24485764E1748811.d.4D60774C922E752FA2E761FD7147C471.e.5133/elements - {"using":"css selector","value":"input"}
RESULT: {"using":"css selector","value":"input"}
COMMAND: POST /session/21b1c319d9497a1534c1e8f10b3c3c22/element/f.49EE1B407E8AACFD24485764E1748811.d.4D60774C922E752FA2E761FD7147C471.e.5133/elements - {"using":"css selector","value":"input"}
RESULT: {"using":"css selector","value":"input"}
COMMAND: POST /session/21b1c319d9497a1534c1e8f10b3c3c22/element/f.49EE1B407E8AACFD24485764E1748811.d.4D60774C922E752FA2E761FD7147C471.e.5133/elements - {"using":"css selector","value":"input"}
RESULT: {"using":"css selector","value":"input"}
COMMAND: POST /session/21b1c319d9497a1534c1e8f10b3c3c22/element/f.49EE1B407E8AACFD24485764E1748811.d.4D60774C922E752FA2E761FD7147C471.e.5133/elements - {"using":"css selector","value":"input"}
RESULT: {"using":"css selector","value":"input"}
COMMAND: POST /session/21b1c319d9497a1534c1e8f10b3c3c22/element/f.49EE1B407E8AACFD24485764E1748811.d.4D60774C922E752FA2E761FD7147C471.e.5133/elements - {"using":"css selector","value":"input"}
RESULT: {"using":"css selector","value":"input"}
COMMAND: POST /session/21b1c319d9497a1534c1e8f10b3c3c22/element/f.49EE1B407E8AACFD24485764E1748811.d.4D60774C922E752FA2E761FD7147C471.e.5133/elements - {"using":"css selector","value":"input"}
RESULT: {"using":"css selector","value":"input"}
COMMAND: POST /session/21b1c319d9497a1534c1e8f10b3c3c22/element/f.49EE1B407E8AACFD24485764E1748811.d.4D60774C922E752FA2E761FD7147C471.e.5133/elements - {"using":"css selector","value":"input"}
RESULT: {"using":"css selector","value":"input"}
COMMAND: POST /session/21b1c319d9497a1534c1e8f10b3c3c22/element/f.49EE1B407E8AACFD24485764E1748811.d.4D60774C922E752FA2E761FD7147C471.e.5133/elements - {"using":"css selector","value":"input"}
RESULT: {"using":"css selector","value":"input"}
COMMAND: POST /session/21b1c319d9497a1534c1e8f10b3c3c22/element/f.49EE1B407E8AACFD24485764E1748811.d.4D60774C922E752FA2E761FD7147C471.e.5133/elements - {"using":"css selector","value":"input"}
RESULT: {"using":"css selector","value":"input"}
COMMAND: POST /session/21b1c319d9497a1534c1e8f10b3c3c22/element/f.49EE1B407E8AACFD24485764E1748811.d.4D60774C922E752FA2E761FD7147C471.e.5133/elements - {"using":"css selector","value":"input"}
RESULT: {"using":"css selector","value":"input"}
COMMAND: POST /session/21b1c319d9497a1534c1e8f10b3c3c22/element/f.49EE1B407E8AACFD24485764E1748811.d.4D60774C922E752FA2E761FD7147C471.e.5133/elements - {"using":"css selector","value":"input"}
RESULT: {"using":"css selector","value":"input"}
COMMAND: POST /session/21b1c319d9497a1534c1e8f10b3c3c22/element/f.49EE1B407E8AACFD24485764E1748811.d.4D60774C922E752FA2E761FD7147C471.e.5133/elements - {"using":"css selector","value":"input"}
RESULT: {"using":"css selector","value":"input"}
COMMAND: POST /session/21b1c319d9497a1534c1e8f10b3c3c22/element/f.49EE1B407E8AACFD24485764E1748811.d.4D60774C922E752FA2E761FD7147C471.e.5133/elements - {"using":"css selector","value":"input"}
RESULT: {"using":"css selector","value":"input"}
COMMAND: POST /session/21b1c319d9497a1534c1e8f10b3c3c22/element/f.49EE1B407E8AACFD24485764E1748811.d.4D60774C922E752FA2E761FD7147C471.e.5133/elements - {"using":"css selector","value":"input"}
RESULT: {"using":"css selector","value":"input"}
COMMAND: POST /session/21b1c319d9497a1534c1e8f10b3c3c22/element/f.49EE1B407E8AACFD24485764E1748811.d.4D60774C922E752FA2E761FD7147C471.e.5133/elements - {"using":"css selector","value":"input"}
RESULT: {"using":"css selector","value":"input"}
COMMAND: POST /session/21b1c319d9497a1534c1e8f10b3c3c22/element/f.49EE1B407E8AACFD24485764E1748811.d.4D60774C922E752FA2E761FD7147C471.e.5133/elements - {"using":"css selector","value":"input"}
RESULT: {"using":"css selector","value":"input"}
COMMAND: POST /session/21b1c319d9497a1534c1e8f10b3c3c22/element/f.49EE1B407E8AACFD24485764E1748811.d.4D60774C922E752FA2E761FD7147C471.e.5133/elements - {"using":"css selector","value":"input"}
RESULT: {"using":"css selector","value":"input"}
COMMAND: POST /session/21b1c319d9497a1534c1e8f10b3c3c22/element/f.49EE1B407E8AACFD24485764E1748811.d.4D60774C922E752FA2E761FD7147C471.e.5133/elements - {"using":"css selector","value":"input"}
RESULT: {"using":"css selector","value":"input"}
COMMAND: POST /session/21b1c319d9497a1534c1e8f10b3c3c22/element/f.49EE1B407E8AACFD24485764E1748811.d.4D60774C922E752FA2E761FD7147C471.e.5133/elements - {"using":"css selector","value":"input"}
RESULT: {"using":"css selector","value":"input"}
COMMAND: POST /session/21b1c319d9497a1534c1e8f10b3c3c22/element/f.49EE1B407E8AACFD24485764E1748811.d.4D60774C922E752FA2E761FD7147C471.e.5133/elements - {"using":"css selector","value":"input"}
RESULT: {"using":"css selector","value":"input"}
COMMAND: POST /session/21b1c319d9497a1534c1e8f10b3c3c22/element/f.49EE1B407E8AACFD24485764E1748811.d.4D60774C922E752FA2E761FD7147C471.e.5133/elements - {"using":"css selector","value":"input"}
RESULT: {"using":"css selector","value":"input"}
COMMAND: POST /session/21b1c319d9497a1534c1e8f10b3c3c22/element/f.49EE1B407E8AACFD24485764E1748811.d.4D60774C922E752FA2E761FD7147C471.e.5133/elements - {"using":"css selector","value":"input"}
RESULT: {"using":"css selector","value":"input"}
COMMAND: POST /session/21b1c319d9497a1534c1e8f10b3c3c22/element/f.49EE1B407E8AACFD24485764E1748811.d.4D60774C922E752FA2E761FD7147C471.e.5133/elements - {"using":"css selector","value":"input"}
RESULT: {"using":"css selector","value":"input"}
COMMAND: POST /session/21b1c319d9497a1534c1e8f10b3c3c22/element/f.49EE1B407E8AACFD24485764E1748811.d.4D60774C922E752FA2E761FD7147C471.e.5133/elements - {"using":"css selector","value":"input"}
RESULT: {"using":"css selector","value":"input"}
COMMAND: POST /session/21b1c319d9497a1534c1e8f10b3c3c22/element/f.49EE1B407E8AACFD24485764E1748811.d.4D60774C922E752FA2E761FD7147C471.e.5133/elements - {"using":"css selector","value":"input"}
RESULT: {"using":"css selector","value":"input"}
COMMAND: POST /session/21b1c319d9497a1534c1e8f10b3c3c22/element/f.49EE1B407E8AACFD24485764E1748811.d.4D60774C922E752FA2E761FD7147C471.e.5133/elements - {"using":"css selector","value":"input"}
COMMAND: GET /session/21b1c319d9497a1534c1e8f10b3c3c22/screenshot - {}
RESULT: {"using":"css selector","value":"input"}
RESULT: {}
COMMAND: GET /session/21b1c319d9497a1534c1e8f10b3c3c22/screenshot - {}
COMMAND: POST /session/21b1c319d9497a1534c1e8f10b3c3c22/element - {"using":"css selector","value":"#j_username"}
COMMAND: POST /session/21b1c319d9497a1534c1e8f10b3c3c22/url - {"url":"https://qa-testing-00-live-etm-ui.cfapps.eu10-004.hana.ondemand.com/"}
COMMAND: GET /session/21b1c319d9497a1534c1e8f10b3c3c22/screenshot - {}
RESULT: {}
RESULT: {"using":"css selector","value":"#j_username"}
COMMAND: POST /session/21b1c319d9497a1534c1e8f10b3c3c22/element - {"using":"css selector","value":"#j_username"}
RESULT: {"url":"https://qa-testing-00-live-etm-ui.cfapps.eu10-004.hana.ondemand.com/"}
RESULT: undefined
COMMAND: GET /session/21b1c319d9497a1534c1e8f10b3c3c22/screenshot - {}
RESULT: {}
RESULT: {"using":"css selector","value":"#j_username"}
COMMAND: POST /session/21b1c319d9497a1534c1e8f10b3c3c22/element - {"using":"css selector","value":"#shell-header-logo"}
RESULT: {}
RESULT: {"using":"css selector","value":"#shell-header-logo"}
COMMAND: POST /session/21b1c319d9497a1534c1e8f10b3c3c22/execute/sync - {"script":"<script> [8489 bytes]","args":[{"element-6066-11e4-a52e-4f735466cecf":"f.49EE1B407E8AACFD24485764E1748811.d.FA71A1A046D45ECCE33E4A65EE8EB1D4.e.5153","ELEMENT":"f.49EE1B407E8AACFD24485764E1748811.d.FA71A1A046D45ECCE33E4A65EE8EB1D4.e.5153"}]}
RESULT: {"script":"<script> [8489 bytes]","args":[{"element-6066-11e4-a52e-4f735466cecf":"f.49EE1B407E8AACFD24485764E1748811.d.FA71A1A046D45ECCE33E4A65EE8EB1D4.e.5153","ELEMENT":"f.49EE1B407E8AACFD24485764E1748811.d.FA71A1A046D45ECCE33E4A65EE8EB1D4.e.5153"}]}
COMMAND: POST /session/21b1c319d9497a1534c1e8f10b3c3c22/element - {"using":"css selector","value":"#shell-header-logo"}
COMMAND: GET /session/21b1c319d9497a1534c1e8f10b3c3c22/screenshot - {}
RESULT: {"using":"css selector","value":"#shell-header-logo"}
COMMAND: POST /session/21b1c319d9497a1534c1e8f10b3c3c22/execute/sync - {"script":"<script> [8489 bytes]","args":[{"element-6066-11e4-a52e-4f735466cecf":"f.49EE1B407E8AACFD24485764E1748811.d.FA71A1A046D45ECCE33E4A65EE8EB1D4.e.5153","ELEMENT":"f.49EE1B407E8AACFD24485764E1748811.d.FA71A1A046D45ECCE33E4A65EE8EB1D4.e.5153"}]}
RESULT: {}
RESULT: {"script":"<script> [8489 bytes]","args":[{"element-6066-11e4-a52e-4f735466cecf":"f.49EE1B407E8AACFD24485764E1748811.d.FA71A1A046D45ECCE33E4A65EE8EB1D4.e.5153","ELEMENT":"f.49EE1B407E8AACFD24485764E1748811.d.FA71A1A046D45ECCE33E4A65EE8EB1D4.e.5153"}]}
COMMAND: POST /session/21b1c319d9497a1534c1e8f10b3c3c22/execute/sync - {"script":"<script> [5351 bytes]","args":[{"element-6066-11e4-a52e-4f735466cecf":"f.49EE1B407E8AACFD24485764E1748811.d.FA71A1A046D45ECCE33E4A65EE8EB1D4.e.5153","ELEMENT":"f.49EE1B407E8AACFD24485764E1748811.d.FA71A1A046D45ECCE33E4A65EE8EB1D4.e.5153"}]}
COMMAND: GET /session/21b1c319d9497a1534c1e8f10b3c3c22/screenshot - {}
RESULT: {"script":"<script> [5351 bytes]","args":[{"element-6066-11e4-a52e-4f735466cecf":"f.49EE1B407E8AACFD24485764E1748811.d.FA71A1A046D45ECCE33E4A65EE8EB1D4.e.5153","ELEMENT":"f.49EE1B407E8AACFD24485764E1748811.d.FA71A1A046D45ECCE33E4A65EE8EB1D4.e.5153"}]}
COMMAND: POST /session/21b1c319d9497a1534c1e8f10b3c3c22/element - {"using":"css selector","value":"#shell-header-logo"}
COMMAND: GET /session/21b1c319d9497a1534c1e8f10b3c3c22/screenshot - {}
RESULT: {}
RESULT: {"using":"css selector","value":"#shell-header-logo"}
COMMAND: POST /session/21b1c319d9497a1534c1e8f10b3c3c22/element/f.49EE1B407E8AACFD24485764E1748811.d.FA71A1A046D45ECCE33E4A65EE8EB1D4.e.5153/click - {}
RESULT: {}
RESULT: {}
COMMAND: GET /session/21b1c319d9497a1534c1e8f10b3c3c22/screenshot - {}
RESULT: {}
COMMAND: POST /session/21b1c319d9497a1534c1e8f10b3c3c22/execute/async - {"script":"<script> [189 bytes]","args":[]}
RESULT: {"script":"<script> [189 bytes]","args":[]}
COMMAND: POST /session/21b1c319d9497a1534c1e8f10b3c3c22/execute/async - {"script":"<script> [123 bytes]","args":[]}
RESULT: {"script":"<script> [123 bytes]","args":[]}
COMMAND: POST /session/21b1c319d9497a1534c1e8f10b3c3c22/timeouts - {"script":"<number>"}
RESULT: {"script":"<number>"}
COMMAND: GET /session/21b1c319d9497a1534c1e8f10b3c3c22/timeouts - {}
RESULT: {}
RESULT: undefined
COMMAND: POST /session/21b1c319d9497a1534c1e8f10b3c3c22/execute/async - {"script":"<script> [2676 bytes]","args":[]}
RESULT: {"script":"<script> [2676 bytes]","args":[]}
COMMAND: POST /session/21b1c319d9497a1534c1e8f10b3c3c22/execute/async - {"script":"<script> [2342 bytes]","args":[{"protocol":"http","hostname":"0.0.0.0","path":"/","capabilities":{"browserName":"chrome","goog:chromeOptions":{"binary":"C:\\Program Files\\Google\\Chrome\\Application\\chrome.exe","args":["--start-maximized"]}},"logLevel":"warn","connectionRetryTimeout":120000,"connectionRetryCount":3,"logLevels":{},"enableDirectConnect":true,"strictSSL":true,"_":"65 more keys: [\"cacheDir\",\"port\",\"requestedCapabilities\",\"automationProtocol\",\"baseUrl\",\"waitforInterval\",\"waitforTimeout\",\"onReload\",\"beforeCommand\",\"afterCommand\",\"rootDir\",\"specs\",\"suites\",\"exclude\",\"groupLogsByTestSpec\",\"excludeDriverLogs\",\"bail\",\"framework\",\"reporters\",\"services\",\"maxInstances\",\"maxInstancesPerCapability\",\"injectGlobals\",\"filesToWatch\",\"execArgv\",\"runnerEnv\",\"runner\",\"shard\",\"specFileRetries\",\"specFileRetriesDelay\",\"specFileRetriesDeferred\",\"reporterSyncInterval\",\"reporterSyncTimeout\",\"cucumberFeaturesWithLineNumbers\",\"autoCompileOpts\",\"mochaOpts\",\"jasmineOpts\",\"cucumberOpts\",\"onPrepare\",\"onWorkerStart\",\"onWorkerEnd\",\"before\",\"beforeSession\",\"beforeSuite\",\"beforeHook\",\"beforeTest\",\"afterTest\",\"afterHook\",\"afterSuite\",\"afterSession\",\"after\",\"onComplete\",\"beforeAssertion\",\"afterAssertion\",\"beforeFeature\",\"beforeScenario\",\"beforeStep\",\"afterStep\",\"afterScenario\",\"afterFeature\",\"_\",\"suite\",\"$0\",\"ignoredWorkerServices\",\"wdi5\"]"}]}
RESULT: {"script":"<script> [2342 bytes]","args":[{"protocol":"http","hostname":"0.0.0.0","path":"/","capabilities":{"browserName":"chrome","goog:chromeOptions":{"binary":"C:\\Program Files\\Google\\Chrome\\Application\\chrome.exe","args":["--start-maximized"]}},"logLevel":"warn","connectionRetryTimeout":120000,"connectionRetryCount":3,"logLevels":{},"enableDirectConnect":true,"strictSSL":true,"_":"65 more keys: [\"cacheDir\",\"port\",\"requestedCapabilities\",\"automationProtocol\",\"baseUrl\",\"waitforInterval\",\"waitforTimeout\",\"onReload\",\"beforeCommand\",\"afterCommand\",\"rootDir\",\"specs\",\"suites\",\"exclude\",\"groupLogsByTestSpec\",\"excludeDriverLogs\",\"bail\",\"framework\",\"reporters\",\"services\",\"maxInstances\",\"maxInstancesPerCapability\",\"injectGlobals\",\"filesToWatch\",\"execArgv\",\"runnerEnv\",\"runner\",\"shard\",\"specFileRetries\",\"specFileRetriesDelay\",\"specFileRetriesDeferred\",\"reporterSyncInterval\",\"reporterSyncTimeout\",\"cucumberFeaturesWithLineNumbers\",\"autoCompileOpts\",\"mochaOpts\",\"jasmineOpts\",\"cucumberOpts\",\"onPrepare\",\"onWorkerStart\",\"onWorkerEnd\",\"before\",\"beforeSession\",\"beforeSuite\",\"beforeHook\",\"beforeTest\",\"afterTest\",\"afterHook\",\"afterSuite\",\"afterSession\",\"after\",\"onComplete\",\"beforeAssertion\",\"afterAssertion\",\"beforeFeature\",\"beforeScenario\",\"beforeStep\",\"afterStep\",\"afterScenario\",\"afterFeature\",\"_\",\"suite\",\"$0\",\"ignoredWorkerServices\",\"wdi5\"]"}]}
COMMAND: POST /session/21b1c319d9497a1534c1e8f10b3c3c22/execute/async - {"script":"<script> [21126 bytes]","args":[35000]}
RESULT: {"script":"<script> [21126 bytes]","args":[35000]}
COMMAND: POST /session/21b1c319d9497a1534c1e8f10b3c3c22/window/maximize - {}
RESULT: {}
COMMAND: POST /session/21b1c319d9497a1534c1e8f10b3c3c22/execute/async - {"script":"<script> [1562 bytes]","args":[{"selector":{"id":"shell-header","interaction":{"idSuffix":"icon"}},"wdio_ui5_key":"shellheader"}]}
COMMAND: GET /session/21b1c319d9497a1534c1e8f10b3c3c22/screenshot - {}
RESULT: {"script":"<script> [1562 bytes]","args":[{"selector":{"id":"shell-header","interaction":{"idSuffix":"icon"}},"wdio_ui5_key":"shellheader"}]}
RESULT: undefined
COMMAND: POST /session/21b1c319d9497a1534c1e8f10b3c3c22/refresh - {}
RESULT: {}
RESULT: {}
COMMAND: GET /session/21b1c319d9497a1534c1e8f10b3c3c22/screenshot - {}
RESULT: {}
COMMAND: POST /session/21b1c319d9497a1534c1e8f10b3c3c22/refresh - {}
RESULT: {}
COMMAND: GET /session/21b1c319d9497a1534c1e8f10b3c3c22/screenshot - {}
RESULT: {}
COMMAND: POST /session/21b1c319d9497a1534c1e8f10b3c3c22/window/fullscreen - {}
RESULT: {}
COMMAND: POST /session/21b1c319d9497a1534c1e8f10b3c3c22/execute/async - {"script":"<script> [189 bytes]","args":[]}
RESULT: {"script":"<script> [189 bytes]","args":[]}
COMMAND: POST /session/21b1c319d9497a1534c1e8f10b3c3c22/execute/async - {"script":"<script> [123 bytes]","args":[]}
RESULT: {"script":"<script> [123 bytes]","args":[]}
COMMAND: POST /session/21b1c319d9497a1534c1e8f10b3c3c22/timeouts - {"script":"<number>"}
RESULT: {"script":"<number>"}
COMMAND: GET /session/21b1c319d9497a1534c1e8f10b3c3c22/timeouts - {}
RESULT: {}
RESULT: undefined
COMMAND: POST /session/21b1c319d9497a1534c1e8f10b3c3c22/execute/async - {"script":"<script> [2676 bytes]","args":[]}
RESULT: {"script":"<script> [2676 bytes]","args":[]}
COMMAND: POST /session/21b1c319d9497a1534c1e8f10b3c3c22/execute/async - {"script":"<script> [2342 bytes]","args":[{"protocol":"http","hostname":"0.0.0.0","path":"/","capabilities":{"browserName":"chrome","goog:chromeOptions":{"binary":"C:\\Program Files\\Google\\Chrome\\Application\\chrome.exe","args":["--start-maximized"]}},"logLevel":"warn","connectionRetryTimeout":120000,"connectionRetryCount":3,"logLevels":{},"enableDirectConnect":true,"strictSSL":true,"_":"65 more keys: [\"cacheDir\",\"port\",\"requestedCapabilities\",\"automationProtocol\",\"baseUrl\",\"waitforInterval\",\"waitforTimeout\",\"onReload\",\"beforeCommand\",\"afterCommand\",\"rootDir\",\"specs\",\"suites\",\"exclude\",\"groupLogsByTestSpec\",\"excludeDriverLogs\",\"bail\",\"framework\",\"reporters\",\"services\",\"maxInstances\",\"maxInstancesPerCapability\",\"injectGlobals\",\"filesToWatch\",\"execArgv\",\"runnerEnv\",\"runner\",\"shard\",\"specFileRetries\",\"specFileRetriesDelay\",\"specFileRetriesDeferred\",\"reporterSyncInterval\",\"reporterSyncTimeout\",\"cucumberFeaturesWithLineNumbers\",\"autoCompileOpts\",\"mochaOpts\",\"jasmineOpts\",\"cucumberOpts\",\"onPrepare\",\"onWorkerStart\",\"onWorkerEnd\",\"before\",\"beforeSession\",\"beforeSuite\",\"beforeHook\",\"beforeTest\",\"afterTest\",\"afterHook\",\"afterSuite\",\"afterSession\",\"after\",\"onComplete\",\"beforeAssertion\",\"afterAssertion\",\"beforeFeature\",\"beforeScenario\",\"beforeStep\",\"afterStep\",\"afterScenario\",\"afterFeature\",\"_\",\"suite\",\"$0\",\"ignoredWorkerServices\",\"wdi5\"]"}]}
RESULT: {"script":"<script> [2342 bytes]","args":[{"protocol":"http","hostname":"0.0.0.0","path":"/","capabilities":{"browserName":"chrome","goog:chromeOptions":{"binary":"C:\\Program Files\\Google\\Chrome\\Application\\chrome.exe","args":["--start-maximized"]}},"logLevel":"warn","connectionRetryTimeout":120000,"connectionRetryCount":3,"logLevels":{},"enableDirectConnect":true,"strictSSL":true,"_":"65 more keys: [\"cacheDir\",\"port\",\"requestedCapabilities\",\"automationProtocol\",\"baseUrl\",\"waitforInterval\",\"waitforTimeout\",\"onReload\",\"beforeCommand\",\"afterCommand\",\"rootDir\",\"specs\",\"suites\",\"exclude\",\"groupLogsByTestSpec\",\"excludeDriverLogs\",\"bail\",\"framework\",\"reporters\",\"services\",\"maxInstances\",\"maxInstancesPerCapability\",\"injectGlobals\",\"filesToWatch\",\"execArgv\",\"runnerEnv\",\"runner\",\"shard\",\"specFileRetries\",\"specFileRetriesDelay\",\"specFileRetriesDeferred\",\"reporterSyncInterval\",\"reporterSyncTimeout\",\"cucumberFeaturesWithLineNumbers\",\"autoCompileOpts\",\"mochaOpts\",\"jasmineOpts\",\"cucumberOpts\",\"onPrepare\",\"onWorkerStart\",\"onWorkerEnd\",\"before\",\"beforeSession\",\"beforeSuite\",\"beforeHook\",\"beforeTest\",\"afterTest\",\"afterHook\",\"afterSuite\",\"afterSession\",\"after\",\"onComplete\",\"beforeAssertion\",\"afterAssertion\",\"beforeFeature\",\"beforeScenario\",\"beforeStep\",\"afterStep\",\"afterScenario\",\"afterFeature\",\"_\",\"suite\",\"$0\",\"ignoredWorkerServices\",\"wdi5\"]"}]}
COMMAND: POST /session/21b1c319d9497a1534c1e8f10b3c3c22/execute/async - {"script":"<script> [21126 bytes]","args":[35000]}
RESULT: {"script":"<script> [21126 bytes]","args":[35000]}
]]></system-out>
      <system-err><![CDATA[
Error: Can't call getValue on element with selector "input" because element wasn't found
    at async Context.<anonymous> (D:\a\1\s\test\specs\BTS\conditions-prices-daily-price.spec.js:267:34)
]]></system-err>
    </testcase>
  </testsuite>
  <testsuite timestamp="2025-05-25T17:15:31" time="446.82" tests="9" failures="0" errors="0" skipped="0">
    <properties>
      <property name="specId" value="0"/>
      <property name="suiteName" value="US134625 Set up price condition - one time"/>
      <property name="capabilities" value="chrome.136_0_7103_93.windows"/>
      <property name="file" value="file:///D:/a/1/s/test/specs/BTS/set-up-price-condition-one-time.spec.js"/>
    </properties>
    <testcase classname="chrome.136_0_7103_93.windows.US134625_Set_up_price_condition_-_one_time" name="Should create a new yard used for all following tests" time="0.012">
      <system-out><![CDATA[
COMMAND: POST /session/21b1c319d9497a1534c1e8f10b3c3c22/window/fullscreen - {}
RESULT: {}
]]></system-out>
    </testcase>
    <testcase classname="chrome.136_0_7103_93.windows.US134625_Set_up_price_condition_-_one_time" name="Should create a new partner" time="0.004"/>
    <testcase classname="chrome.136_0_7103_93.windows.US134625_Set_up_price_condition_-_one_time" name="Should create a new site used for following tests" time="0.004"/>
    <testcase classname="chrome.136_0_7103_93.windows.US134625_Set_up_price_condition_-_one_time" name="Should create a new material for billing type one time" time="126">
      <system-out><![CDATA[
COMMAND: POST /session/21b1c319d9497a1534c1e8f10b3c3c22/execute/async - {"script":"<script> [1562 bytes]","args":[{"selector":{"controlType":"sap.m.GenericTile","properties":{"header":"Manage Resources"}},"wdio_ui5_key":"sapm.GenericTile{\"header\":\"Manage Resources\"}"}]}
RESULT: {"script":"<script> [1562 bytes]","args":[{"selector":{"controlType":"sap.m.GenericTile","properties":{"header":"Manage Resources"}},"wdio_ui5_key":"sapm.GenericTile{\"header\":\"Manage Resources\"}"}]}
RESULT: undefined
COMMAND: POST /session/21b1c319d9497a1534c1e8f10b3c3c22/element - {"using":"xpath","value":"//*[@id=\"__tile39\"]"}
RESULT: {"using":"xpath","value":"//*[@id=\"__tile39\"]"}
COMMAND: POST /session/21b1c319d9497a1534c1e8f10b3c3c22/element/f.49EE1B407E8AACFD24485764E1748811.d.D28E5F4F6425EB7D97239DE7E9D15780.e.5310/click - {}
RESULT: {}
COMMAND: GET /session/21b1c319d9497a1534c1e8f10b3c3c22/screenshot - {}
RESULT: {}
COMMAND: POST /session/21b1c319d9497a1534c1e8f10b3c3c22/elements - {"using":"xpath","value":"//span[text()='Error']"}
RESULT: {"using":"xpath","value":"//span[text()='Error']"}
COMMAND: POST /session/21b1c319d9497a1534c1e8f10b3c3c22/element - {"using":"xpath","value":"//button[@data-kt=\"addNewRUOverflowToolbarButton\"]"}
RESULT: {"using":"xpath","value":"//button[@data-kt=\"addNewRUOverflowToolbarButton\"]"}
COMMAND: POST /session/21b1c319d9497a1534c1e8f10b3c3c22/elements - {"using":"xpath","value":"//button[@data-kt=\"addNewRUOverflowToolbarButton\"]"}
RESULT: {"using":"xpath","value":"//button[@data-kt=\"addNewRUOverflowToolbarButton\"]"}
COMMAND: POST /session/21b1c319d9497a1534c1e8f10b3c3c22/elements - {"using":"xpath","value":"//button[@data-kt=\"addNewRUOverflowToolbarButton\"]"}
RESULT: {"using":"xpath","value":"//button[@data-kt=\"addNewRUOverflowToolbarButton\"]"}
COMMAND: POST /session/21b1c319d9497a1534c1e8f10b3c3c22/elements - {"using":"xpath","value":"//button[@data-kt=\"addNewRUOverflowToolbarButton\"]"}
RESULT: {"using":"xpath","value":"//button[@data-kt=\"addNewRUOverflowToolbarButton\"]"}
COMMAND: POST /session/21b1c319d9497a1534c1e8f10b3c3c22/elements - {"using":"xpath","value":"//button[@data-kt=\"addNewRUOverflowToolbarButton\"]"}
RESULT: {"using":"xpath","value":"//button[@data-kt=\"addNewRUOverflowToolbarButton\"]"}
COMMAND: POST /session/21b1c319d9497a1534c1e8f10b3c3c22/elements - {"using":"xpath","value":"//button[@data-kt=\"addNewRUOverflowToolbarButton\"]"}
RESULT: {"using":"xpath","value":"//button[@data-kt=\"addNewRUOverflowToolbarButton\"]"}
COMMAND: POST /session/21b1c319d9497a1534c1e8f10b3c3c22/elements - {"using":"xpath","value":"//button[@data-kt=\"addNewRUOverflowToolbarButton\"]"}
RESULT: {"using":"xpath","value":"//button[@data-kt=\"addNewRUOverflowToolbarButton\"]"}
COMMAND: POST /session/21b1c319d9497a1534c1e8f10b3c3c22/elements - {"using":"xpath","value":"//button[@data-kt=\"addNewRUOverflowToolbarButton\"]"}
RESULT: {"using":"xpath","value":"//button[@data-kt=\"addNewRUOverflowToolbarButton\"]"}
COMMAND: POST /session/21b1c319d9497a1534c1e8f10b3c3c22/elements - {"using":"xpath","value":"//button[@data-kt=\"addNewRUOverflowToolbarButton\"]"}
RESULT: {"using":"xpath","value":"//button[@data-kt=\"addNewRUOverflowToolbarButton\"]"}
COMMAND: POST /session/21b1c319d9497a1534c1e8f10b3c3c22/elements - {"using":"xpath","value":"//button[@data-kt=\"addNewRUOverflowToolbarButton\"]"}
RESULT: {"using":"xpath","value":"//button[@data-kt=\"addNewRUOverflowToolbarButton\"]"}
COMMAND: POST /session/21b1c319d9497a1534c1e8f10b3c3c22/elements - {"using":"xpath","value":"//button[@data-kt=\"addNewRUOverflowToolbarButton\"]"}
RESULT: {"using":"xpath","value":"//button[@data-kt=\"addNewRUOverflowToolbarButton\"]"}
COMMAND: POST /session/21b1c319d9497a1534c1e8f10b3c3c22/elements - {"using":"xpath","value":"//button[@data-kt=\"addNewRUOverflowToolbarButton\"]"}
RESULT: {"using":"xpath","value":"//button[@data-kt=\"addNewRUOverflowToolbarButton\"]"}
COMMAND: POST /session/21b1c319d9497a1534c1e8f10b3c3c22/elements - {"using":"xpath","value":"//button[@data-kt=\"addNewRUOverflowToolbarButton\"]"}
RESULT: {"using":"xpath","value":"//button[@data-kt=\"addNewRUOverflowToolbarButton\"]"}
COMMAND: POST /session/21b1c319d9497a1534c1e8f10b3c3c22/elements - {"using":"xpath","value":"//button[@data-kt=\"addNewRUOverflowToolbarButton\"]"}
RESULT: {"using":"xpath","value":"//button[@data-kt=\"addNewRUOverflowToolbarButton\"]"}
COMMAND: POST /session/21b1c319d9497a1534c1e8f10b3c3c22/element - {"using":"xpath","value":"//button[@data-kt=\"addNewRUOverflowToolbarButton\"]"}
RESULT: {"using":"xpath","value":"//button[@data-kt=\"addNewRUOverflowToolbarButton\"]"}
COMMAND: POST /session/21b1c319d9497a1534c1e8f10b3c3c22/execute/sync - {"script":"<script> [8489 bytes]","args":[{"element-6066-11e4-a52e-4f735466cecf":"f.49EE1B407E8AACFD24485764E1748811.d.D28E5F4F6425EB7D97239DE7E9D15780.e.5451","ELEMENT":"f.49EE1B407E8AACFD24485764E1748811.d.D28E5F4F6425EB7D97239DE7E9D15780.e.5451"}]}
RESULT: {"script":"<script> [8489 bytes]","args":[{"element-6066-11e4-a52e-4f735466cecf":"f.49EE1B407E8AACFD24485764E1748811.d.D28E5F4F6425EB7D97239DE7E9D15780.e.5451","ELEMENT":"f.49EE1B407E8AACFD24485764E1748811.d.D28E5F4F6425EB7D97239DE7E9D15780.e.5451"}]}
COMMAND: GET /session/21b1c319d9497a1534c1e8f10b3c3c22/element/f.49EE1B407E8AACFD24485764E1748811.d.D28E5F4F6425EB7D97239DE7E9D15780.e.5451/enabled - {}
COMMAND: GET /session/21b1c319d9497a1534c1e8f10b3c3c22/screenshot - {}
RESULT: {}
COMMAND: POST /session/21b1c319d9497a1534c1e8f10b3c3c22/execute/sync - {"script":"<script> [8489 bytes]","args":[{"element-6066-11e4-a52e-4f735466cecf":"f.49EE1B407E8AACFD24485764E1748811.d.D28E5F4F6425EB7D97239DE7E9D15780.e.5451","ELEMENT":"f.49EE1B407E8AACFD24485764E1748811.d.D28E5F4F6425EB7D97239DE7E9D15780.e.5451"}]}
COMMAND: GET /session/21b1c319d9497a1534c1e8f10b3c3c22/screenshot - {}
RESULT: {}
RESULT: {"script":"<script> [8489 bytes]","args":[{"element-6066-11e4-a52e-4f735466cecf":"f.49EE1B407E8AACFD24485764E1748811.d.D28E5F4F6425EB7D97239DE7E9D15780.e.5451","ELEMENT":"f.49EE1B407E8AACFD24485764E1748811.d.D28E5F4F6425EB7D97239DE7E9D15780.e.5451"}]}
COMMAND: POST /session/21b1c319d9497a1534c1e8f10b3c3c22/execute/sync - {"script":"<script> [5351 bytes]","args":[{"element-6066-11e4-a52e-4f735466cecf":"f.49EE1B407E8AACFD24485764E1748811.d.D28E5F4F6425EB7D97239DE7E9D15780.e.5451","ELEMENT":"f.49EE1B407E8AACFD24485764E1748811.d.D28E5F4F6425EB7D97239DE7E9D15780.e.5451"}]}
COMMAND: GET /session/21b1c319d9497a1534c1e8f10b3c3c22/screenshot - {}
RESULT: {}
RESULT: {"script":"<script> [5351 bytes]","args":[{"element-6066-11e4-a52e-4f735466cecf":"f.49EE1B407E8AACFD24485764E1748811.d.D28E5F4F6425EB7D97239DE7E9D15780.e.5451","ELEMENT":"f.49EE1B407E8AACFD24485764E1748811.d.D28E5F4F6425EB7D97239DE7E9D15780.e.5451"}]}
COMMAND: POST /session/21b1c319d9497a1534c1e8f10b3c3c22/element/f.49EE1B407E8AACFD24485764E1748811.d.D28E5F4F6425EB7D97239DE7E9D15780.e.5451/click - {}
COMMAND: GET /session/21b1c319d9497a1534c1e8f10b3c3c22/screenshot - {}
RESULT: {}
RESULT: {}
COMMAND: GET /session/21b1c319d9497a1534c1e8f10b3c3c22/screenshot - {}
RESULT: {}
RESULT: {}
COMMAND: POST /session/21b1c319d9497a1534c1e8f10b3c3c22/execute/async - {"script":"<script> [1562 bytes]","args":[{"selector":{"id":"application-manageresources-display-component---newResourceUnit--TYPE-arrow"},"wdio_ui5_key":"applicationmanageresources-display-component---newResourceUnit--TYPE-arrow"}]}
RESULT: {"script":"<script> [1562 bytes]","args":[{"selector":{"id":"application-manageresources-display-component---newResourceUnit--TYPE-arrow"},"wdio_ui5_key":"applicationmanageresources-display-component---newResourceUnit--TYPE-arrow"}]}
RESULT: undefined
COMMAND: POST /session/21b1c319d9497a1534c1e8f10b3c3c22/element - {"using":"xpath","value":"//*[@id=\"application-manageresources-display-component---newResourceUnit--TYPE-arrow\"]"}
RESULT: {"using":"xpath","value":"//*[@id=\"application-manageresources-display-component---newResourceUnit--TYPE-arrow\"]"}
COMMAND: POST /session/21b1c319d9497a1534c1e8f10b3c3c22/element/f.49EE1B407E8AACFD24485764E1748811.d.D28E5F4F6425EB7D97239DE7E9D15780.e.5810/click - {}
RESULT: {}
COMMAND: POST /session/21b1c319d9497a1534c1e8f10b3c3c22/element - {"using":"xpath","value":"//input[@id=\"application-manageresources-display-component---newResourceUnit--TYPE-inner\"]"}
COMMAND: GET /session/21b1c319d9497a1534c1e8f10b3c3c22/screenshot - {}
RESULT: {"using":"xpath","value":"//input[@id=\"application-manageresources-display-component---newResourceUnit--TYPE-inner\"]"}
COMMAND: POST /session/21b1c319d9497a1534c1e8f10b3c3c22/element/f.49EE1B407E8AACFD24485764E1748811.d.D28E5F4F6425EB7D97239DE7E9D15780.e.5803/clear - {}
RESULT: {}
RESULT: {}
COMMAND: POST /session/21b1c319d9497a1534c1e8f10b3c3c22/element/f.49EE1B407E8AACFD24485764E1748811.d.D28E5F4F6425EB7D97239DE7E9D15780.e.5803/value - {"text":"Material"}
COMMAND: GET /session/21b1c319d9497a1534c1e8f10b3c3c22/screenshot - {}
RESULT: {"text":"Material"}
COMMAND: GET /session/21b1c319d9497a1534c1e8f10b3c3c22/screenshot - {}
RESULT: {}
RESULT: {}
COMMAND: POST /session/21b1c319d9497a1534c1e8f10b3c3c22/actions - {"actions":[{"id":"action19","type":"key","parameters":{},"actions":[{"type":"keyDown","value":""},{"type":"pause","duration":10},{"type":"keyUp","value":""}]}]}
RESULT: {"actions":[{"id":"action19","type":"key","parameters":{},"actions":[{"type":"keyDown","value":""},{"type":"pause","duration":10},{"type":"keyUp","value":""}]}]}
COMMAND: POST /session/21b1c319d9497a1534c1e8f10b3c3c22/execute/async - {"script":"<script> [1562 bytes]","args":[{"selector":{"id":"application-manageresources-display-component---newResourceUnit--SHORT_TEXT","interaction":{"idSuffix":"inner"}},"wdio_ui5_key":"applicationmanageresources-display-component---newResourceUnit--SHORT_TEXT"}]}
COMMAND: GET /session/21b1c319d9497a1534c1e8f10b3c3c22/screenshot - {}
RESULT: {"script":"<script> [1562 bytes]","args":[{"selector":{"id":"application-manageresources-display-component---newResourceUnit--SHORT_TEXT","interaction":{"idSuffix":"inner"}},"wdio_ui5_key":"applicationmanageresources-display-component---newResourceUnit--SHORT_TEXT"}]}
RESULT: undefined
COMMAND: POST /session/21b1c319d9497a1534c1e8f10b3c3c22/execute/async - {"script":"<script> [776 bytes]","args":[{"enterText":"Cement WDIO","selector":{"id":"application-manageresources-display-component---newResourceUnit--SHORT_TEXT","interaction":{"idSuffix":"inner"}},"clearTextFirst":true,"interactionType":"ENTER_TEXT"}]}
RESULT: {}
RESULT: {"script":"<script> [776 bytes]","args":[{"enterText":"Cement WDIO","selector":{"id":"application-manageresources-display-component---newResourceUnit--SHORT_TEXT","interaction":{"idSuffix":"inner"}},"clearTextFirst":true,"interactionType":"ENTER_TEXT"}]}
COMMAND: POST /session/21b1c319d9497a1534c1e8f10b3c3c22/execute/async - {"script":"<script> [1562 bytes]","args":[{"selector":{"id":"application-manageresources-display-component---newResourceUnit--BASE_UNIT_OF_MEASURE","interaction":{"idSuffix":"inner"}},"wdio_ui5_key":"applicationmanageresources-display-component---newResourceUnit--BASE_UNIT_OF_MEASURE"}]}
RESULT: {"script":"<script> [1562 bytes]","args":[{"selector":{"id":"application-manageresources-display-component---newResourceUnit--BASE_UNIT_OF_MEASURE","interaction":{"idSuffix":"inner"}},"wdio_ui5_key":"applicationmanageresources-display-component---newResourceUnit--BASE_UNIT_OF_MEASURE"}]}
RESULT: undefined
COMMAND: POST /session/21b1c319d9497a1534c1e8f10b3c3c22/execute/async - {"script":"<script> [776 bytes]","args":[{"enterText":"Piece","selector":{"id":"application-manageresources-display-component---newResourceUnit--BASE_UNIT_OF_MEASURE","interaction":{"idSuffix":"inner"}},"clearTextFirst":true,"interactionType":"ENTER_TEXT"}]}
RESULT: {"script":"<script> [776 bytes]","args":[{"enterText":"Piece","selector":{"id":"application-manageresources-display-component---newResourceUnit--BASE_UNIT_OF_MEASURE","interaction":{"idSuffix":"inner"}},"clearTextFirst":true,"interactionType":"ENTER_TEXT"}]}
COMMAND: POST /session/21b1c319d9497a1534c1e8f10b3c3c22/execute/async - {"script":"<script> [1562 bytes]","args":[{"selector":{"id":"application-manageresources-display-component---newResourceUnit--WEIGHT_UNIT","interaction":{"idSuffix":"inner"}},"wdio_ui5_key":"applicationmanageresources-display-component---newResourceUnit--WEIGHT_UNIT"}]}
RESULT: {"script":"<script> [1562 bytes]","args":[{"selector":{"id":"application-manageresources-display-component---newResourceUnit--WEIGHT_UNIT","interaction":{"idSuffix":"inner"}},"wdio_ui5_key":"applicationmanageresources-display-component---newResourceUnit--WEIGHT_UNIT"}]}
RESULT: undefined
COMMAND: POST /session/21b1c319d9497a1534c1e8f10b3c3c22/execute/async - {"script":"<script> [776 bytes]","args":[{"enterText":"Gram","selector":{"id":"application-manageresources-display-component---newResourceUnit--WEIGHT_UNIT","interaction":{"idSuffix":"inner"}},"clearTextFirst":true,"interactionType":"ENTER_TEXT"}]}
RESULT: {"script":"<script> [776 bytes]","args":[{"enterText":"Gram","selector":{"id":"application-manageresources-display-component---newResourceUnit--WEIGHT_UNIT","interaction":{"idSuffix":"inner"}},"clearTextFirst":true,"interactionType":"ENTER_TEXT"}]}
COMMAND: POST /session/21b1c319d9497a1534c1e8f10b3c3c22/execute/async - {"script":"<script> [1562 bytes]","args":[{"selector":{"id":"application-manageresources-display-component---newResourceUnit--DIMENSION_UNIT","interaction":{"idSuffix":"inner"}},"wdio_ui5_key":"applicationmanageresources-display-component---newResourceUnit--DIMENSION_UNIT"}]}
RESULT: {"script":"<script> [1562 bytes]","args":[{"selector":{"id":"application-manageresources-display-component---newResourceUnit--DIMENSION_UNIT","interaction":{"idSuffix":"inner"}},"wdio_ui5_key":"applicationmanageresources-display-component---newResourceUnit--DIMENSION_UNIT"}]}
RESULT: undefined
COMMAND: POST /session/21b1c319d9497a1534c1e8f10b3c3c22/execute/async - {"script":"<script> [776 bytes]","args":[{"enterText":"Meter","selector":{"id":"application-manageresources-display-component---newResourceUnit--DIMENSION_UNIT","interaction":{"idSuffix":"inner"}},"clearTextFirst":true,"interactionType":"ENTER_TEXT"}]}
RESULT: {"script":"<script> [776 bytes]","args":[{"enterText":"Meter","selector":{"id":"application-manageresources-display-component---newResourceUnit--DIMENSION_UNIT","interaction":{"idSuffix":"inner"}},"clearTextFirst":true,"interactionType":"ENTER_TEXT"}]}
COMMAND: POST /session/21b1c319d9497a1534c1e8f10b3c3c22/execute/async - {"script":"<script> [1562 bytes]","args":[{"selector":{"id":"application-manageresources-display-component---newResourceUnit--newRRUPage-anchBar-application-manageresources-display-component---newResourceUnit--control-anchor","interaction":{"idSuffix":"BDI-content"}},"wdio_ui5_key":"applicationmanageresources-display-component---newResourceUnit--newRRUPage-anchBar-application-manageresources-display-component---newResourceUnit--control-anchor"}]}
RESULT: {"script":"<script> [1562 bytes]","args":[{"selector":{"id":"application-manageresources-display-component---newResourceUnit--newRRUPage-anchBar-application-manageresources-display-component---newResourceUnit--control-anchor","interaction":{"idSuffix":"BDI-content"}},"wdio_ui5_key":"applicationmanageresources-display-component---newResourceUnit--newRRUPage-anchBar-application-manageresources-display-component---newResourceUnit--control-anchor"}]}
RESULT: undefined
COMMAND: POST /session/21b1c319d9497a1534c1e8f10b3c3c22/element - {"using":"xpath","value":"//*[@id=\"application-manageresources-display-component---newResourceUnit--newRRUPage-anchBar-application-manageresources-display-component---newResourceUnit--control-anchor\"]"}
RESULT: {"using":"xpath","value":"//*[@id=\"application-manageresources-display-component---newResourceUnit--newRRUPage-anchBar-application-manageresources-display-component---newResourceUnit--control-anchor\"]"}
COMMAND: POST /session/21b1c319d9497a1534c1e8f10b3c3c22/element/f.49EE1B407E8AACFD24485764E1748811.d.D28E5F4F6425EB7D97239DE7E9D15780.e.5942/click - {}
RESULT: {}
COMMAND: POST /session/21b1c319d9497a1534c1e8f10b3c3c22/execute/async - {"script":"<script> [1562 bytes]","args":[{"selector":{"id":"application-manageresources-display-component---newResourceUnit--PLANNING_GROUP","interaction":{"idSuffix":"inner"}},"wdio_ui5_key":"applicationmanageresources-display-component---newResourceUnit--PLANNING_GROUP"}]}
COMMAND: GET /session/21b1c319d9497a1534c1e8f10b3c3c22/screenshot - {}
RESULT: {"script":"<script> [1562 bytes]","args":[{"selector":{"id":"application-manageresources-display-component---newResourceUnit--PLANNING_GROUP","interaction":{"idSuffix":"inner"}},"wdio_ui5_key":"applicationmanageresources-display-component---newResourceUnit--PLANNING_GROUP"}]}
RESULT: undefined
COMMAND: POST /session/21b1c319d9497a1534c1e8f10b3c3c22/execute/async - {"script":"<script> [776 bytes]","args":[{"enterText":"Material","selector":{"id":"application-manageresources-display-component---newResourceUnit--PLANNING_GROUP","interaction":{"idSuffix":"inner"}},"clearTextFirst":true,"interactionType":"ENTER_TEXT"}]}
RESULT: {}
RESULT: {"script":"<script> [776 bytes]","args":[{"enterText":"Material","selector":{"id":"application-manageresources-display-component---newResourceUnit--PLANNING_GROUP","interaction":{"idSuffix":"inner"}},"clearTextFirst":true,"interactionType":"ENTER_TEXT"}]}
COMMAND: POST /session/21b1c319d9497a1534c1e8f10b3c3c22/execute/async - {"script":"<script> [1562 bytes]","args":[{"selector":{"id":"application-manageresources-display-component---newResourceUnit--PLANNING_INDICATOR","interaction":{"idSuffix":"inner"}},"wdio_ui5_key":"applicationmanageresources-display-component---newResourceUnit--PLANNING_INDICATOR"}]}
RESULT: {"script":"<script> [1562 bytes]","args":[{"selector":{"id":"application-manageresources-display-component---newResourceUnit--PLANNING_INDICATOR","interaction":{"idSuffix":"inner"}},"wdio_ui5_key":"applicationmanageresources-display-component---newResourceUnit--PLANNING_INDICATOR"}]}
RESULT: undefined
COMMAND: POST /session/21b1c319d9497a1534c1e8f10b3c3c22/execute/async - {"script":"<script> [776 bytes]","args":[{"enterText":"10 - infinite","selector":{"id":"application-manageresources-display-component---newResourceUnit--PLANNING_INDICATOR","interaction":{"idSuffix":"inner"}},"clearTextFirst":true,"interactionType":"ENTER_TEXT"}]}
RESULT: {"script":"<script> [776 bytes]","args":[{"enterText":"10 - infinite","selector":{"id":"application-manageresources-display-component---newResourceUnit--PLANNING_INDICATOR","interaction":{"idSuffix":"inner"}},"clearTextFirst":true,"interactionType":"ENTER_TEXT"}]}
COMMAND: POST /session/21b1c319d9497a1534c1e8f10b3c3c22/element - {"using":"css selector","value":"#application-manageresources-display-component---newResourceUnit--btnAddTimeSegment"}
RESULT: {"using":"css selector","value":"#application-manageresources-display-component---newResourceUnit--btnAddTimeSegment"}
COMMAND: GET /session/21b1c319d9497a1534c1e8f10b3c3c22/element/f.49EE1B407E8AACFD24485764E1748811.d.D28E5F4F6425EB7D97239DE7E9D15780.e.5950/rect - {}
RESULT: {}
COMMAND: GET /session/21b1c319d9497a1534c1e8f10b3c3c22/window/rect - {}
RESULT: {}
COMMAND: POST /session/21b1c319d9497a1534c1e8f10b3c3c22/execute/sync - {"script":"<script> [92 bytes]","args":[]}
RESULT: {"script":"<script> [92 bytes]","args":[]}
COMMAND: POST /session/21b1c319d9497a1534c1e8f10b3c3c22/actions - {"actions":[{"id":"action20","type":"wheel","parameters":{},"actions":[{"type":"scroll","x":-1888,"y":-32,"deltaX":0,"deltaY":0,"duration":0,"origin":{"element-6066-11e4-a52e-4f735466cecf":"f.49EE1B407E8AACFD24485764E1748811.d.D28E5F4F6425EB7D97239DE7E9D15780.e.5950"}}]}]}
COMMAND: GET /session/21b1c319d9497a1534c1e8f10b3c3c22/screenshot - {}
RESULT: {}
COMMAND: POST /session/21b1c319d9497a1534c1e8f10b3c3c22/execute/sync - {"script":"<script> [79 bytes]","args":[{"element-6066-11e4-a52e-4f735466cecf":"f.49EE1B407E8AACFD24485764E1748811.d.D28E5F4F6425EB7D97239DE7E9D15780.e.5950","ELEMENT":"f.49EE1B407E8AACFD24485764E1748811.d.D28E5F4F6425EB7D97239DE7E9D15780.e.5950"},{"block":"start","inline":"nearest"}]}
RESULT: {"script":"<script> [79 bytes]","args":[{"element-6066-11e4-a52e-4f735466cecf":"f.49EE1B407E8AACFD24485764E1748811.d.D28E5F4F6425EB7D97239DE7E9D15780.e.5950","ELEMENT":"f.49EE1B407E8AACFD24485764E1748811.d.D28E5F4F6425EB7D97239DE7E9D15780.e.5950"},{"block":"start","inline":"nearest"}]}
COMMAND: POST /session/21b1c319d9497a1534c1e8f10b3c3c22/execute/async - {"script":"<script> [1562 bytes]","args":[{"selector":{"id":"application-manageresources-display-component---newResourceUnit--btnAddTimeSegment","interaction":{"idSuffix":"inner"}},"wdio_ui5_key":"applicationmanageresources-display-component---newResourceUnit--btnAddTimeSegment"}]}
COMMAND: GET /session/21b1c319d9497a1534c1e8f10b3c3c22/screenshot - {}
RESULT: {"script":"<script> [1562 bytes]","args":[{"selector":{"id":"application-manageresources-display-component---newResourceUnit--btnAddTimeSegment","interaction":{"idSuffix":"inner"}},"wdio_ui5_key":"applicationmanageresources-display-component---newResourceUnit--btnAddTimeSegment"}]}
RESULT: undefined
COMMAND: POST /session/21b1c319d9497a1534c1e8f10b3c3c22/element - {"using":"xpath","value":"//*[@id=\"application-manageresources-display-component---newResourceUnit--btnAddTimeSegment\"]"}
RESULT: {}
RESULT: {"using":"xpath","value":"//*[@id=\"application-manageresources-display-component---newResourceUnit--btnAddTimeSegment\"]"}
COMMAND: POST /session/21b1c319d9497a1534c1e8f10b3c3c22/element/f.49EE1B407E8AACFD24485764E1748811.d.D28E5F4F6425EB7D97239DE7E9D15780.e.5950/click - {}
RESULT: {}
COMMAND: GET /session/21b1c319d9497a1534c1e8f10b3c3c22/screenshot - {}
RESULT: {}
COMMAND: POST /session/21b1c319d9497a1534c1e8f10b3c3c22/element - {"using":"xpath","value":"//input[@id=\"application-manageresources-display-component---newResourceUnit--idRuTSAdmin-application-manageresources-display-component---newResourceUnit--RUTimeSegment-0-inner\"]"}
RESULT: {"using":"xpath","value":"//input[@id=\"application-manageresources-display-component---newResourceUnit--idRuTSAdmin-application-manageresources-display-component---newResourceUnit--RUTimeSegment-0-inner\"]"}
COMMAND: POST /session/21b1c319d9497a1534c1e8f10b3c3c22/element/f.49EE1B407E8AACFD24485764E1748811.d.D28E5F4F6425EB7D97239DE7E9D15780.e.5955/clear - {}
RESULT: {}
COMMAND: POST /session/21b1c319d9497a1534c1e8f10b3c3c22/element/f.49EE1B407E8AACFD24485764E1748811.d.D28E5F4F6425EB7D97239DE7E9D15780.e.5955/value - {"text":"278"}
COMMAND: GET /session/21b1c319d9497a1534c1e8f10b3c3c22/screenshot - {}
RESULT: {"text":"278"}
COMMAND: GET /session/21b1c319d9497a1534c1e8f10b3c3c22/screenshot - {}
RESULT: {}
RESULT: {}
COMMAND: POST /session/21b1c319d9497a1534c1e8f10b3c3c22/element - {"using":"xpath","value":"//li[.//span[text()='278']]"}
RESULT: {"using":"xpath","value":"//li[.//span[text()='278']]"}
COMMAND: POST /session/21b1c319d9497a1534c1e8f10b3c3c22/element/f.49EE1B407E8AACFD24485764E1748811.d.D28E5F4F6425EB7D97239DE7E9D15780.e.5964/click - {}
RESULT: {}
COMMAND: GET /session/21b1c319d9497a1534c1e8f10b3c3c22/screenshot - {}
RESULT: {}
COMMAND: POST /session/21b1c319d9497a1534c1e8f10b3c3c22/element - {"using":"xpath","value":"(//span[contains(@id, \"-application-manageresources-display-component---newResourceUnit--RUTimeSegment-0-arrow\")])[2]"}
RESULT: {"using":"xpath","value":"(//span[contains(@id, \"-application-manageresources-display-component---newResourceUnit--RUTimeSegment-0-arrow\")])[2]"}
COMMAND: POST /session/21b1c319d9497a1534c1e8f10b3c3c22/element/f.49EE1B407E8AACFD24485764E1748811.d.D28E5F4F6425EB7D97239DE7E9D15780.e.5965/click - {}
RESULT: {}
COMMAND: POST /session/21b1c319d9497a1534c1e8f10b3c3c22/element - {"using":"xpath","value":"//span[contains(text(), \"PM Order\")]"}
COMMAND: GET /session/21b1c319d9497a1534c1e8f10b3c3c22/screenshot - {}
RESULT: {"using":"xpath","value":"//span[contains(text(), \"PM Order\")]"}
COMMAND: POST /session/21b1c319d9497a1534c1e8f10b3c3c22/element/f.49EE1B407E8AACFD24485764E1748811.d.D28E5F4F6425EB7D97239DE7E9D15780.e.5966/click - {}
RESULT: {}
RESULT: {}
COMMAND: GET /session/21b1c319d9497a1534c1e8f10b3c3c22/screenshot - {}
RESULT: {}
COMMAND: POST /session/21b1c319d9497a1534c1e8f10b3c3c22/element - {"using":"xpath","value":"//td/div/div/div/span[contains(@id, \"newResourceUnit--RUTimeSegment-0-vhi\")][1]"}
RESULT: {"using":"xpath","value":"//td/div/div/div/span[contains(@id, \"newResourceUnit--RUTimeSegment-0-vhi\")][1]"}
COMMAND: GET /session/21b1c319d9497a1534c1e8f10b3c3c22/element/f.49EE1B407E8AACFD24485764E1748811.d.D28E5F4F6425EB7D97239DE7E9D15780.e.5970/rect - {}
RESULT: {}
COMMAND: GET /session/21b1c319d9497a1534c1e8f10b3c3c22/window/rect - {}
RESULT: {}
COMMAND: POST /session/21b1c319d9497a1534c1e8f10b3c3c22/execute/sync - {"script":"<script> [92 bytes]","args":[]}
RESULT: {"script":"<script> [92 bytes]","args":[]}
COMMAND: POST /session/21b1c319d9497a1534c1e8f10b3c3c22/actions - {"actions":[{"id":"action21","type":"wheel","parameters":{},"actions":[{"type":"scroll","x":-1888,"y":-24,"deltaX":0,"deltaY":0,"duration":0,"origin":{"element-6066-11e4-a52e-4f735466cecf":"f.49EE1B407E8AACFD24485764E1748811.d.D28E5F4F6425EB7D97239DE7E9D15780.e.5970"}}]}]}
COMMAND: GET /session/21b1c319d9497a1534c1e8f10b3c3c22/screenshot - {}
RESULT: {}
COMMAND: POST /session/21b1c319d9497a1534c1e8f10b3c3c22/execute/sync - {"script":"<script> [79 bytes]","args":[{"element-6066-11e4-a52e-4f735466cecf":"f.49EE1B407E8AACFD24485764E1748811.d.D28E5F4F6425EB7D97239DE7E9D15780.e.5970","ELEMENT":"f.49EE1B407E8AACFD24485764E1748811.d.D28E5F4F6425EB7D97239DE7E9D15780.e.5970"},{"block":"start","inline":"nearest"}]}
RESULT: {"script":"<script> [79 bytes]","args":[{"element-6066-11e4-a52e-4f735466cecf":"f.49EE1B407E8AACFD24485764E1748811.d.D28E5F4F6425EB7D97239DE7E9D15780.e.5970","ELEMENT":"f.49EE1B407E8AACFD24485764E1748811.d.D28E5F4F6425EB7D97239DE7E9D15780.e.5970"},{"block":"start","inline":"nearest"}]}
COMMAND: GET /session/21b1c319d9497a1534c1e8f10b3c3c22/screenshot - {}
RESULT: {}
COMMAND: POST /session/21b1c319d9497a1534c1e8f10b3c3c22/element/f.49EE1B407E8AACFD24485764E1748811.d.D28E5F4F6425EB7D97239DE7E9D15780.e.5970/click - {}
RESULT: {}
COMMAND: GET /session/21b1c319d9497a1534c1e8f10b3c3c22/screenshot - {}
RESULT: {}
COMMAND: POST /session/21b1c319d9497a1534c1e8f10b3c3c22/execute/async - {"script":"<script> [1562 bytes]","args":[{"selector":{"controlType":"sap.m.SearchField","properties":{"placeholder":"Search"},"searchOpenDialogs":true,"interaction":{"idSuffix":"I"}},"wdio_ui5_key":"sapm.SearchField{\"placeholder\":\"Search\"}"}]}
RESULT: {"script":"<script> [1562 bytes]","args":[{"selector":{"controlType":"sap.m.SearchField","properties":{"placeholder":"Search"},"searchOpenDialogs":true,"interaction":{"idSuffix":"I"}},"wdio_ui5_key":"sapm.SearchField{\"placeholder\":\"Search\"}"}]}
RESULT: undefined
COMMAND: POST /session/21b1c319d9497a1534c1e8f10b3c3c22/execute/async - {"script":"<script> [776 bytes]","args":[{"enterText":"4000360","selector":{"controlType":"sap.m.SearchField","properties":{"placeholder":"Search"},"searchOpenDialogs":true,"interaction":{"idSuffix":"I"}},"clearTextFirst":true,"interactionType":"ENTER_TEXT"}]}
RESULT: {"script":"<script> [776 bytes]","args":[{"enterText":"4000360","selector":{"controlType":"sap.m.SearchField","properties":{"placeholder":"Search"},"searchOpenDialogs":true,"interaction":{"idSuffix":"I"}},"clearTextFirst":true,"interactionType":"ENTER_TEXT"}]}
COMMAND: POST /session/21b1c319d9497a1534c1e8f10b3c3c22/actions - {"actions":[{"id":"action22","type":"key","parameters":{},"actions":[{"type":"keyDown","value":""},{"type":"pause","duration":10},{"type":"keyUp","value":""}]}]}
RESULT: {"actions":[{"id":"action22","type":"key","parameters":{},"actions":[{"type":"keyDown","value":""},{"type":"pause","duration":10},{"type":"keyUp","value":""}]}]}
COMMAND: GET /session/21b1c319d9497a1534c1e8f10b3c3c22/screenshot - {}
RESULT: {}
COMMAND: POST /session/21b1c319d9497a1534c1e8f10b3c3c22/element - {"using":"xpath","value":"//td/div/span[contains(text(), \"BGL Vehicles\")]"}
RESULT: {"using":"xpath","value":"//td/div/span[contains(text(), \"BGL Vehicles\")]"}
COMMAND: POST /session/21b1c319d9497a1534c1e8f10b3c3c22/element/f.49EE1B407E8AACFD24485764E1748811.d.D28E5F4F6425EB7D97239DE7E9D15780.e.5992/click - {}
RESULT: {}
COMMAND: GET /session/21b1c319d9497a1534c1e8f10b3c3c22/screenshot - {}
RESULT: {}
COMMAND: POST /session/21b1c319d9497a1534c1e8f10b3c3c22/element - {"using":"xpath","value":"//bdi[contains(text(), \"OK\")]"}
RESULT: {"using":"xpath","value":"//bdi[contains(text(), \"OK\")]"}
COMMAND: POST /session/21b1c319d9497a1534c1e8f10b3c3c22/element/f.49EE1B407E8AACFD24485764E1748811.d.D28E5F4F6425EB7D97239DE7E9D15780.e.5993/click - {}
RESULT: {}
COMMAND: GET /session/21b1c319d9497a1534c1e8f10b3c3c22/screenshot - {}
RESULT: {}
COMMAND: POST /session/21b1c319d9497a1534c1e8f10b3c3c22/element - {"using":"xpath","value":"//label[contains(@class, 'sapMLabelRequired') and .//bdi[contains(text(), 'Planned Retirement')]]"}
RESULT: {"using":"xpath","value":"//label[contains(@class, 'sapMLabelRequired') and .//bdi[contains(text(), 'Planned Retirement')]]"}
COMMAND: POST /session/21b1c319d9497a1534c1e8f10b3c3c22/elements - {"using":"xpath","value":"//label[contains(@class, 'sapMLabelRequired') and .//bdi[contains(text(), 'Planned Retirement')]]"}
RESULT: {"using":"xpath","value":"//label[contains(@class, 'sapMLabelRequired') and .//bdi[contains(text(), 'Planned Retirement')]]"}
COMMAND: POST /session/21b1c319d9497a1534c1e8f10b3c3c22/element - {"using":"xpath","value":"//button[@data-kt=\"resourceUnitSaveButton\"]"}
RESULT: {"using":"xpath","value":"//button[@data-kt=\"resourceUnitSaveButton\"]"}
COMMAND: POST /session/21b1c319d9497a1534c1e8f10b3c3c22/element/f.49EE1B407E8AACFD24485764E1748811.d.D28E5F4F6425EB7D97239DE7E9D15780.e.5829/click - {}
RESULT: {}
COMMAND: GET /session/21b1c319d9497a1534c1e8f10b3c3c22/screenshot - {}
RESULT: {}
COMMAND: POST /session/21b1c319d9497a1534c1e8f10b3c3c22/element - {"using":"xpath","value":"//bdi[contains(text(), \"Close\")]"}
RESULT: {"using":"xpath","value":"//bdi[contains(text(), \"Close\")]"}
COMMAND: POST /session/21b1c319d9497a1534c1e8f10b3c3c22/element/f.49EE1B407E8AACFD24485764E1748811.d.D28E5F4F6425EB7D97239DE7E9D15780.e.6000/click - {}
RESULT: {}
COMMAND: GET /session/21b1c319d9497a1534c1e8f10b3c3c22/screenshot - {}
RESULT: {}
COMMAND: POST /session/21b1c319d9497a1534c1e8f10b3c3c22/element - {"using":"xpath","value":"//header[contains(@id, 'detailRruPage-headerTitle')]/div[1]/div[2]/div[2]/span[1]"}
RESULT: {"using":"xpath","value":"//header[contains(@id, 'detailRruPage-headerTitle')]/div[1]/div[2]/div[2]/span[1]"}
COMMAND: POST /session/21b1c319d9497a1534c1e8f10b3c3c22/elements - {"using":"xpath","value":"//header[contains(@id, 'detailRruPage-headerTitle')]/div[1]/div[2]/div[2]/span[1]"}
RESULT: {"using":"xpath","value":"//header[contains(@id, 'detailRruPage-headerTitle')]/div[1]/div[2]/div[2]/span[1]"}
COMMAND: POST /session/21b1c319d9497a1534c1e8f10b3c3c22/execute/sync - {"script":"<script> [56 bytes]","args":[{"element-6066-11e4-a52e-4f735466cecf":"f.49EE1B407E8AACFD24485764E1748811.d.D28E5F4F6425EB7D97239DE7E9D15780.e.6029","ELEMENT":"f.49EE1B407E8AACFD24485764E1748811.d.D28E5F4F6425EB7D97239DE7E9D15780.e.6029"}]}
RESULT: {"script":"<script> [56 bytes]","args":[{"element-6066-11e4-a52e-4f735466cecf":"f.49EE1B407E8AACFD24485764E1748811.d.D28E5F4F6425EB7D97239DE7E9D15780.e.6029","ELEMENT":"f.49EE1B407E8AACFD24485764E1748811.d.D28E5F4F6425EB7D97239DE7E9D15780.e.6029"}]}
]]></system-out>
    </testcase>
    <testcase classname="chrome.136_0_7103_93.windows.US134625_Set_up_price_condition_-_one_time" name="Should create new pricing rule one time" time="64.002">
      <system-out><![CDATA[
COMMAND: POST /session/21b1c319d9497a1534c1e8f10b3c3c22/element - {"using":"xpath","value":"(//button[contains(@id ,\"actionsToolbar-overflowButton\")])[1]"}
COMMAND: GET /session/21b1c319d9497a1534c1e8f10b3c3c22/screenshot - {}
RESULT: {"using":"xpath","value":"(//button[contains(@id ,\"actionsToolbar-overflowButton\")])[1]"}
COMMAND: POST /session/21b1c319d9497a1534c1e8f10b3c3c22/element/f.49EE1B407E8AACFD24485764E1748811.d.D28E5F4F6425EB7D97239DE7E9D15780.e.6030/click - {}
RESULT: {}
RESULT: {}
COMMAND: GET /session/21b1c319d9497a1534c1e8f10b3c3c22/screenshot - {}
RESULT: {}
COMMAND: POST /session/21b1c319d9497a1534c1e8f10b3c3c22/element - {"using":"xpath","value":"//button[@data-kt=\"priceInfoButton\"]"}
RESULT: {"using":"xpath","value":"//button[@data-kt=\"priceInfoButton\"]"}
COMMAND: POST /session/21b1c319d9497a1534c1e8f10b3c3c22/element/f.49EE1B407E8AACFD24485764E1748811.d.D28E5F4F6425EB7D97239DE7E9D15780.e.6032/click - {}
RESULT: {}
COMMAND: GET /session/21b1c319d9497a1534c1e8f10b3c3c22/screenshot - {}
RESULT: {}
COMMAND: POST /session/21b1c319d9497a1534c1e8f10b3c3c22/element - {"using":"xpath","value":"//button[@data-kt=\"addButton\"]"}
RESULT: {"using":"xpath","value":"//button[@data-kt=\"addButton\"]"}
COMMAND: POST /session/21b1c319d9497a1534c1e8f10b3c3c22/elements - {"using":"xpath","value":"//button[@data-kt=\"addButton\"]"}
RESULT: {"using":"xpath","value":"//button[@data-kt=\"addButton\"]"}
COMMAND: POST /session/21b1c319d9497a1534c1e8f10b3c3c22/elements - {"using":"xpath","value":"//button[@data-kt=\"addButton\"]"}
RESULT: {"using":"xpath","value":"//button[@data-kt=\"addButton\"]"}
COMMAND: POST /session/21b1c319d9497a1534c1e8f10b3c3c22/element - {"using":"xpath","value":"//button[@data-kt=\"addButton\"]"}
RESULT: {"using":"xpath","value":"//button[@data-kt=\"addButton\"]"}
COMMAND: POST /session/21b1c319d9497a1534c1e8f10b3c3c22/execute/sync - {"script":"<script> [8489 bytes]","args":[{"element-6066-11e4-a52e-4f735466cecf":"f.49EE1B407E8AACFD24485764E1748811.d.D28E5F4F6425EB7D97239DE7E9D15780.e.6068","ELEMENT":"f.49EE1B407E8AACFD24485764E1748811.d.D28E5F4F6425EB7D97239DE7E9D15780.e.6068"}]}
RESULT: {"script":"<script> [8489 bytes]","args":[{"element-6066-11e4-a52e-4f735466cecf":"f.49EE1B407E8AACFD24485764E1748811.d.D28E5F4F6425EB7D97239DE7E9D15780.e.6068","ELEMENT":"f.49EE1B407E8AACFD24485764E1748811.d.D28E5F4F6425EB7D97239DE7E9D15780.e.6068"}]}
COMMAND: GET /session/21b1c319d9497a1534c1e8f10b3c3c22/element/f.49EE1B407E8AACFD24485764E1748811.d.D28E5F4F6425EB7D97239DE7E9D15780.e.6068/enabled - {}
COMMAND: GET /session/21b1c319d9497a1534c1e8f10b3c3c22/screenshot - {}
RESULT: {}
COMMAND: POST /session/21b1c319d9497a1534c1e8f10b3c3c22/execute/sync - {"script":"<script> [8489 bytes]","args":[{"element-6066-11e4-a52e-4f735466cecf":"f.49EE1B407E8AACFD24485764E1748811.d.D28E5F4F6425EB7D97239DE7E9D15780.e.6068","ELEMENT":"f.49EE1B407E8AACFD24485764E1748811.d.D28E5F4F6425EB7D97239DE7E9D15780.e.6068"}]}
COMMAND: GET /session/21b1c319d9497a1534c1e8f10b3c3c22/screenshot - {}
RESULT: {}
RESULT: {"script":"<script> [8489 bytes]","args":[{"element-6066-11e4-a52e-4f735466cecf":"f.49EE1B407E8AACFD24485764E1748811.d.D28E5F4F6425EB7D97239DE7E9D15780.e.6068","ELEMENT":"f.49EE1B407E8AACFD24485764E1748811.d.D28E5F4F6425EB7D97239DE7E9D15780.e.6068"}]}
COMMAND: POST /session/21b1c319d9497a1534c1e8f10b3c3c22/execute/sync - {"script":"<script> [5351 bytes]","args":[{"element-6066-11e4-a52e-4f735466cecf":"f.49EE1B407E8AACFD24485764E1748811.d.D28E5F4F6425EB7D97239DE7E9D15780.e.6068","ELEMENT":"f.49EE1B407E8AACFD24485764E1748811.d.D28E5F4F6425EB7D97239DE7E9D15780.e.6068"}]}
COMMAND: GET /session/21b1c319d9497a1534c1e8f10b3c3c22/screenshot - {}
RESULT: {}
RESULT: {"script":"<script> [5351 bytes]","args":[{"element-6066-11e4-a52e-4f735466cecf":"f.49EE1B407E8AACFD24485764E1748811.d.D28E5F4F6425EB7D97239DE7E9D15780.e.6068","ELEMENT":"f.49EE1B407E8AACFD24485764E1748811.d.D28E5F4F6425EB7D97239DE7E9D15780.e.6068"}]}
COMMAND: POST /session/21b1c319d9497a1534c1e8f10b3c3c22/element/f.49EE1B407E8AACFD24485764E1748811.d.D28E5F4F6425EB7D97239DE7E9D15780.e.6068/click - {}
COMMAND: GET /session/21b1c319d9497a1534c1e8f10b3c3c22/screenshot - {}
RESULT: {}
RESULT: {}
COMMAND: GET /session/21b1c319d9497a1534c1e8f10b3c3c22/screenshot - {}
RESULT: {}
RESULT: {}
COMMAND: POST /session/21b1c319d9497a1534c1e8f10b3c3c22/execute/async - {"script":"<script> [1562 bytes]","args":[{"selector":{"controlType":"sap.m.Title","viewName":"etm.portal.ui.managepricingrules.view.NewItem","viewId":"application-managepricingrules-display-component---newInfoPriceItem","properties":{"text":"New Pricing Rules - Item Level"}},"wdio_ui5_key":"etmportal.ui.managepricingrules.view.NewItemsap.m.Title{\"text\":\"New Pricing Rules - Item Level\"}"}]}
RESULT: {"script":"<script> [1562 bytes]","args":[{"selector":{"controlType":"sap.m.Title","viewName":"etm.portal.ui.managepricingrules.view.NewItem","viewId":"application-managepricingrules-display-component---newInfoPriceItem","properties":{"text":"New Pricing Rules - Item Level"}},"wdio_ui5_key":"etmportal.ui.managepricingrules.view.NewItemsap.m.Title{\"text\":\"New Pricing Rules - Item Level\"}"}]}
RESULT: undefined
COMMAND: POST /session/21b1c319d9497a1534c1e8f10b3c3c22/execute/async - {"script":"<script> [6424 bytes]","args":[{"element-6066-11e4-a52e-4f735466cecf":"f.49EE1B407E8AACFD24485764E1748811.d.D28E5F4F6425EB7D97239DE7E9D15780.e.6240"},"getText",[]]}
RESULT: {"script":"<script> [6424 bytes]","args":[{"element-6066-11e4-a52e-4f735466cecf":"f.49EE1B407E8AACFD24485764E1748811.d.D28E5F4F6425EB7D97239DE7E9D15780.e.6240"},"getText",[]]}
COMMAND: POST /session/21b1c319d9497a1534c1e8f10b3c3c22/execute/async - {"script":"<script> [1562 bytes]","args":[{"selector":{"id":"application-managepricingrules-display-component---newInfoPriceItem--condValidTo","interaction":{"idSuffix":"inner"}},"wdio_ui5_key":"applicationmanagepricingrules-display-component---newInfoPriceItem--condValidTo"}]}
RESULT: {"script":"<script> [1562 bytes]","args":[{"selector":{"id":"application-managepricingrules-display-component---newInfoPriceItem--condValidTo","interaction":{"idSuffix":"inner"}},"wdio_ui5_key":"applicationmanagepricingrules-display-component---newInfoPriceItem--condValidTo"}]}
RESULT: undefined
COMMAND: POST /session/21b1c319d9497a1534c1e8f10b3c3c22/execute/async - {"script":"<script> [776 bytes]","args":[{"enterText":"1/25/26","selector":{"id":"application-managepricingrules-display-component---newInfoPriceItem--condValidTo","interaction":{"idSuffix":"inner"}},"clearTextFirst":true,"interactionType":"ENTER_TEXT"}]}
RESULT: {"script":"<script> [776 bytes]","args":[{"enterText":"1/25/26","selector":{"id":"application-managepricingrules-display-component---newInfoPriceItem--condValidTo","interaction":{"idSuffix":"inner"}},"clearTextFirst":true,"interactionType":"ENTER_TEXT"}]}
COMMAND: POST /session/21b1c319d9497a1534c1e8f10b3c3c22/execute/async - {"script":"<script> [1562 bytes]","args":[{"selector":{"id":"application-managepricingrules-display-component---newInfoPriceItem--billType-arrow"},"wdio_ui5_key":"applicationmanagepricingrules-display-component---newInfoPriceItem--billType-arrow"}]}
RESULT: {"script":"<script> [1562 bytes]","args":[{"selector":{"id":"application-managepricingrules-display-component---newInfoPriceItem--billType-arrow"},"wdio_ui5_key":"applicationmanagepricingrules-display-component---newInfoPriceItem--billType-arrow"}]}
RESULT: undefined
COMMAND: POST /session/21b1c319d9497a1534c1e8f10b3c3c22/element - {"using":"xpath","value":"//*[@id=\"application-managepricingrules-display-component---newInfoPriceItem--billType-arrow\"]"}
RESULT: {"using":"xpath","value":"//*[@id=\"application-managepricingrules-display-component---newInfoPriceItem--billType-arrow\"]"}
COMMAND: POST /session/21b1c319d9497a1534c1e8f10b3c3c22/element/f.49EE1B407E8AACFD24485764E1748811.d.D28E5F4F6425EB7D97239DE7E9D15780.e.6201/click - {}
RESULT: {}
COMMAND: POST /session/21b1c319d9497a1534c1e8f10b3c3c22/element - {"using":"xpath","value":"//span[contains(text(), \"OT - Sales (one-time)\")]"}
COMMAND: GET /session/21b1c319d9497a1534c1e8f10b3c3c22/screenshot - {}
RESULT: {"using":"xpath","value":"//span[contains(text(), \"OT - Sales (one-time)\")]"}
COMMAND: POST /session/21b1c319d9497a1534c1e8f10b3c3c22/element/f.49EE1B407E8AACFD24485764E1748811.d.D28E5F4F6425EB7D97239DE7E9D15780.e.6242/click - {}
RESULT: {}
RESULT: {}
COMMAND: POST /session/21b1c319d9497a1534c1e8f10b3c3c22/execute/async - {"script":"<script> [1562 bytes]","args":[{"selector":{"id":"application-managepricingrules-display-component---newInfoPriceItem--priceProc-arrow"},"wdio_ui5_key":"applicationmanagepricingrules-display-component---newInfoPriceItem--priceProc-arrow"}]}
COMMAND: GET /session/21b1c319d9497a1534c1e8f10b3c3c22/screenshot - {}
RESULT: {"script":"<script> [1562 bytes]","args":[{"selector":{"id":"application-managepricingrules-display-component---newInfoPriceItem--priceProc-arrow"},"wdio_ui5_key":"applicationmanagepricingrules-display-component---newInfoPriceItem--priceProc-arrow"}]}
RESULT: undefined
COMMAND: POST /session/21b1c319d9497a1534c1e8f10b3c3c22/element - {"using":"xpath","value":"//*[@id=\"application-managepricingrules-display-component---newInfoPriceItem--priceProc-arrow\"]"}
RESULT: {}
RESULT: {"using":"xpath","value":"//*[@id=\"application-managepricingrules-display-component---newInfoPriceItem--priceProc-arrow\"]"}
COMMAND: POST /session/21b1c319d9497a1534c1e8f10b3c3c22/element/f.49EE1B407E8AACFD24485764E1748811.d.D28E5F4F6425EB7D97239DE7E9D15780.e.6208/click - {}
RESULT: {}
COMMAND: POST /session/21b1c319d9497a1534c1e8f10b3c3c22/element - {"using":"xpath","value":"//span[contains(text(), \"MAT - Material\")]"}
COMMAND: GET /session/21b1c319d9497a1534c1e8f10b3c3c22/screenshot - {}
RESULT: {"using":"xpath","value":"//span[contains(text(), \"MAT - Material\")]"}
COMMAND: POST /session/21b1c319d9497a1534c1e8f10b3c3c22/element/f.49EE1B407E8AACFD24485764E1748811.d.D28E5F4F6425EB7D97239DE7E9D15780.e.6243/click - {}
RESULT: {}
RESULT: {}
COMMAND: POST /session/21b1c319d9497a1534c1e8f10b3c3c22/execute/async - {"script":"<script> [1562 bytes]","args":[{"selector":{"id":"application-managepricingrules-display-component---newInfoPriceItem--calcBase-arrow"},"wdio_ui5_key":"applicationmanagepricingrules-display-component---newInfoPriceItem--calcBase-arrow"}]}
COMMAND: GET /session/21b1c319d9497a1534c1e8f10b3c3c22/screenshot - {}
RESULT: {"script":"<script> [1562 bytes]","args":[{"selector":{"id":"application-managepricingrules-display-component---newInfoPriceItem--calcBase-arrow"},"wdio_ui5_key":"applicationmanagepricingrules-display-component---newInfoPriceItem--calcBase-arrow"}]}
RESULT: undefined
COMMAND: POST /session/21b1c319d9497a1534c1e8f10b3c3c22/element - {"using":"xpath","value":"//*[@id=\"application-managepricingrules-display-component---newInfoPriceItem--calcBase-arrow\"]"}
RESULT: {}
RESULT: {"using":"xpath","value":"//*[@id=\"application-managepricingrules-display-component---newInfoPriceItem--calcBase-arrow\"]"}
COMMAND: POST /session/21b1c319d9497a1534c1e8f10b3c3c22/element/f.49EE1B407E8AACFD24485764E1748811.d.D28E5F4F6425EB7D97239DE7E9D15780.e.6215/click - {}
RESULT: {}
COMMAND: GET /session/21b1c319d9497a1534c1e8f10b3c3c22/screenshot - {}
RESULT: {}
COMMAND: POST /session/21b1c319d9497a1534c1e8f10b3c3c22/element - {"using":"xpath","value":"//span[contains(text(), \"0001 - TB(exact month + cal_days)\")]"}
RESULT: {"using":"xpath","value":"//span[contains(text(), \"0001 - TB(exact month + cal_days)\")]"}
COMMAND: POST /session/21b1c319d9497a1534c1e8f10b3c3c22/element/f.49EE1B407E8AACFD24485764E1748811.d.D28E5F4F6425EB7D97239DE7E9D15780.e.6244/click - {}
RESULT: {}
COMMAND: GET /session/21b1c319d9497a1534c1e8f10b3c3c22/screenshot - {}
RESULT: {}
COMMAND: POST /session/21b1c319d9497a1534c1e8f10b3c3c22/element - {"using":"xpath","value":"//button[@data-kt=\"saveNewRuleButton\"]"}
RESULT: {"using":"xpath","value":"//button[@data-kt=\"saveNewRuleButton\"]"}
COMMAND: POST /session/21b1c319d9497a1534c1e8f10b3c3c22/element/f.49EE1B407E8AACFD24485764E1748811.d.D28E5F4F6425EB7D97239DE7E9D15780.e.6235/click - {}
RESULT: {}
COMMAND: GET /session/21b1c319d9497a1534c1e8f10b3c3c22/screenshot - {}
RESULT: {}
COMMAND: POST /session/21b1c319d9497a1534c1e8f10b3c3c22/execute/async - {"script":"<script> [1562 bytes]","args":[{"selector":{"id":"application-managepricingrules-display-component---priceInfoItem--smartFilterBar-btnBasicSearch","interaction":{"idSuffix":"I"}},"wdio_ui5_key":"applicationmanagepricingrules-display-component---priceInfoItem--smartFilterBar-btnBasicSearch"}]}
RESULT: {"script":"<script> [1562 bytes]","args":[{"selector":{"id":"application-managepricingrules-display-component---priceInfoItem--smartFilterBar-btnBasicSearch","interaction":{"idSuffix":"I"}},"wdio_ui5_key":"applicationmanagepricingrules-display-component---priceInfoItem--smartFilterBar-btnBasicSearch"}]}
RESULT: undefined
COMMAND: POST /session/21b1c319d9497a1534c1e8f10b3c3c22/execute/async - {"script":"<script> [776 bytes]","args":[{"enterText":"200135","selector":{"id":"application-managepricingrules-display-component---priceInfoItem--smartFilterBar-btnBasicSearch","interaction":{"idSuffix":"I"}},"clearTextFirst":true,"interactionType":"ENTER_TEXT"}]}
RESULT: {"script":"<script> [776 bytes]","args":[{"enterText":"200135","selector":{"id":"application-managepricingrules-display-component---priceInfoItem--smartFilterBar-btnBasicSearch","interaction":{"idSuffix":"I"}},"clearTextFirst":true,"interactionType":"ENTER_TEXT"}]}
COMMAND: POST /session/21b1c319d9497a1534c1e8f10b3c3c22/actions - {"actions":[{"id":"action23","type":"key","parameters":{},"actions":[{"type":"keyDown","value":""},{"type":"pause","duration":10},{"type":"keyUp","value":""}]}]}
RESULT: {"actions":[{"id":"action23","type":"key","parameters":{},"actions":[{"type":"keyDown","value":""},{"type":"pause","duration":10},{"type":"keyUp","value":""}]}]}
COMMAND: GET /session/21b1c319d9497a1534c1e8f10b3c3c22/screenshot - {}
RESULT: {}
COMMAND: POST /session/21b1c319d9497a1534c1e8f10b3c3c22/element - {"using":"xpath","value":"//span[@id=\"application-managepricingrules-display-component---priceInfoItem--smartTable-header-inner\"]"}
RESULT: {"using":"xpath","value":"//span[@id=\"application-managepricingrules-display-component---priceInfoItem--smartTable-header-inner\"]"}
COMMAND: POST /session/21b1c319d9497a1534c1e8f10b3c3c22/elements - {"using":"xpath","value":"//span[@id=\"application-managepricingrules-display-component---priceInfoItem--smartTable-header-inner\"]"}
RESULT: {"using":"xpath","value":"//span[@id=\"application-managepricingrules-display-component---priceInfoItem--smartTable-header-inner\"]"}
COMMAND: POST /session/21b1c319d9497a1534c1e8f10b3c3c22/execute/sync - {"script":"<script> [56 bytes]","args":[{"element-6066-11e4-a52e-4f735466cecf":"f.49EE1B407E8AACFD24485764E1748811.d.D28E5F4F6425EB7D97239DE7E9D15780.e.6268","ELEMENT":"f.49EE1B407E8AACFD24485764E1748811.d.D28E5F4F6425EB7D97239DE7E9D15780.e.6268"}]}
RESULT: {"script":"<script> [56 bytes]","args":[{"element-6066-11e4-a52e-4f735466cecf":"f.49EE1B407E8AACFD24485764E1748811.d.D28E5F4F6425EB7D97239DE7E9D15780.e.6268","ELEMENT":"f.49EE1B407E8AACFD24485764E1748811.d.D28E5F4F6425EB7D97239DE7E9D15780.e.6268"}]}
COMMAND: POST /session/21b1c319d9497a1534c1e8f10b3c3c22/element - {"using":"css selector","value":"#shell-header-logo"}
COMMAND: GET /session/21b1c319d9497a1534c1e8f10b3c3c22/screenshot - {}
RESULT: {"using":"css selector","value":"#shell-header-logo"}
COMMAND: POST /session/21b1c319d9497a1534c1e8f10b3c3c22/element/f.49EE1B407E8AACFD24485764E1748811.d.D28E5F4F6425EB7D97239DE7E9D15780.e.5421/click - {}
RESULT: {}
RESULT: {}
COMMAND: GET /session/21b1c319d9497a1534c1e8f10b3c3c22/screenshot - {}
RESULT: {}
]]></system-out>
    </testcase>
    <testcase classname="chrome.136_0_7103_93.windows.US134625_Set_up_price_condition_-_one_time" name="Should create new condition one time" time="67.428">
      <system-out><![CDATA[
COMMAND: POST /session/21b1c319d9497a1534c1e8f10b3c3c22/execute/async - {"script":"<script> [1562 bytes]","args":[{"selector":{"controlType":"sap.m.GenericTile","properties":{"header":"Manage Conditions & Prices"}},"wdio_ui5_key":"sapm.GenericTile{\"header\":\"Manage Conditions & Prices\"}"}]}
RESULT: {"script":"<script> [1562 bytes]","args":[{"selector":{"controlType":"sap.m.GenericTile","properties":{"header":"Manage Conditions & Prices"}},"wdio_ui5_key":"sapm.GenericTile{\"header\":\"Manage Conditions & Prices\"}"}]}
RESULT: undefined
COMMAND: POST /session/21b1c319d9497a1534c1e8f10b3c3c22/element - {"using":"xpath","value":"//*[@id=\"__tile53\"]"}
RESULT: {"using":"xpath","value":"//*[@id=\"__tile53\"]"}
COMMAND: POST /session/21b1c319d9497a1534c1e8f10b3c3c22/element/f.49EE1B407E8AACFD24485764E1748811.d.D28E5F4F6425EB7D97239DE7E9D15780.e.5357/click - {}
RESULT: {}
COMMAND: GET /session/21b1c319d9497a1534c1e8f10b3c3c22/screenshot - {}
RESULT: {}
COMMAND: POST /session/21b1c319d9497a1534c1e8f10b3c3c22/elements - {"using":"xpath","value":"//span[text()='Error']"}
RESULT: {"using":"xpath","value":"//span[text()='Error']"}
COMMAND: POST /session/21b1c319d9497a1534c1e8f10b3c3c22/element - {"using":"xpath","value":"//button[@aria-label=\"Create\"]"}
RESULT: {"using":"xpath","value":"//button[@aria-label=\"Create\"]"}
COMMAND: POST /session/21b1c319d9497a1534c1e8f10b3c3c22/elements - {"using":"xpath","value":"//button[@aria-label=\"Create\"]"}
RESULT: {"using":"xpath","value":"//button[@aria-label=\"Create\"]"}
COMMAND: POST /session/21b1c319d9497a1534c1e8f10b3c3c22/execute/sync - {"script":"<script> [8489 bytes]","args":[{"element-6066-11e4-a52e-4f735466cecf":"f.49EE1B407E8AACFD24485764E1748811.d.D28E5F4F6425EB7D97239DE7E9D15780.e.6303","ELEMENT":"f.49EE1B407E8AACFD24485764E1748811.d.D28E5F4F6425EB7D97239DE7E9D15780.e.6303"}]}
RESULT: {"script":"<script> [8489 bytes]","args":[{"element-6066-11e4-a52e-4f735466cecf":"f.49EE1B407E8AACFD24485764E1748811.d.D28E5F4F6425EB7D97239DE7E9D15780.e.6303","ELEMENT":"f.49EE1B407E8AACFD24485764E1748811.d.D28E5F4F6425EB7D97239DE7E9D15780.e.6303"}]}
COMMAND: GET /session/21b1c319d9497a1534c1e8f10b3c3c22/element/f.49EE1B407E8AACFD24485764E1748811.d.D28E5F4F6425EB7D97239DE7E9D15780.e.6303/enabled - {}
COMMAND: GET /session/21b1c319d9497a1534c1e8f10b3c3c22/screenshot - {}
RESULT: {}
COMMAND: POST /session/21b1c319d9497a1534c1e8f10b3c3c22/execute/sync - {"script":"<script> [8489 bytes]","args":[{"element-6066-11e4-a52e-4f735466cecf":"f.49EE1B407E8AACFD24485764E1748811.d.D28E5F4F6425EB7D97239DE7E9D15780.e.6303","ELEMENT":"f.49EE1B407E8AACFD24485764E1748811.d.D28E5F4F6425EB7D97239DE7E9D15780.e.6303"}]}
COMMAND: GET /session/21b1c319d9497a1534c1e8f10b3c3c22/screenshot - {}
RESULT: {}
RESULT: {"script":"<script> [8489 bytes]","args":[{"element-6066-11e4-a52e-4f735466cecf":"f.49EE1B407E8AACFD24485764E1748811.d.D28E5F4F6425EB7D97239DE7E9D15780.e.6303","ELEMENT":"f.49EE1B407E8AACFD24485764E1748811.d.D28E5F4F6425EB7D97239DE7E9D15780.e.6303"}]}
COMMAND: POST /session/21b1c319d9497a1534c1e8f10b3c3c22/execute/sync - {"script":"<script> [5351 bytes]","args":[{"element-6066-11e4-a52e-4f735466cecf":"f.49EE1B407E8AACFD24485764E1748811.d.D28E5F4F6425EB7D97239DE7E9D15780.e.6303","ELEMENT":"f.49EE1B407E8AACFD24485764E1748811.d.D28E5F4F6425EB7D97239DE7E9D15780.e.6303"}]}
COMMAND: GET /session/21b1c319d9497a1534c1e8f10b3c3c22/screenshot - {}
RESULT: {}
RESULT: {"script":"<script> [5351 bytes]","args":[{"element-6066-11e4-a52e-4f735466cecf":"f.49EE1B407E8AACFD24485764E1748811.d.D28E5F4F6425EB7D97239DE7E9D15780.e.6303","ELEMENT":"f.49EE1B407E8AACFD24485764E1748811.d.D28E5F4F6425EB7D97239DE7E9D15780.e.6303"}]}
COMMAND: POST /session/21b1c319d9497a1534c1e8f10b3c3c22/element/f.49EE1B407E8AACFD24485764E1748811.d.D28E5F4F6425EB7D97239DE7E9D15780.e.6303/click - {}
COMMAND: GET /session/21b1c319d9497a1534c1e8f10b3c3c22/screenshot - {}
RESULT: {}
RESULT: {}
COMMAND: GET /session/21b1c319d9497a1534c1e8f10b3c3c22/screenshot - {}
RESULT: {}
RESULT: {}
COMMAND: POST /session/21b1c319d9497a1534c1e8f10b3c3c22/actions - {"actions":[{"id":"action24","type":"key","parameters":{},"actions":[{"type":"keyDown","value":""},{"type":"pause","duration":10},{"type":"keyUp","value":""}]}]}
RESULT: {"actions":[{"id":"action24","type":"key","parameters":{},"actions":[{"type":"keyDown","value":""},{"type":"pause","duration":10},{"type":"keyUp","value":""}]}]}
COMMAND: GET /session/21b1c319d9497a1534c1e8f10b3c3c22/screenshot - {}
RESULT: {}
COMMAND: POST /session/21b1c319d9497a1534c1e8f10b3c3c22/execute/async - {"script":"<script> [1562 bytes]","args":[{"selector":{"id":"application-manageconditionprice-display-component---newCondition--condBillCond-arrow"},"wdio_ui5_key":"applicationmanageconditionprice-display-component---newCondition--condBillCond-arrow"}]}
RESULT: {"script":"<script> [1562 bytes]","args":[{"selector":{"id":"application-manageconditionprice-display-component---newCondition--condBillCond-arrow"},"wdio_ui5_key":"applicationmanageconditionprice-display-component---newCondition--condBillCond-arrow"}]}
RESULT: undefined
COMMAND: POST /session/21b1c319d9497a1534c1e8f10b3c3c22/element - {"using":"xpath","value":"//*[@id=\"application-manageconditionprice-display-component---newCondition--condBillCond-arrow\"]"}
RESULT: {"using":"xpath","value":"//*[@id=\"application-manageconditionprice-display-component---newCondition--condBillCond-arrow\"]"}
COMMAND: POST /session/21b1c319d9497a1534c1e8f10b3c3c22/element/f.49EE1B407E8AACFD24485764E1748811.d.D28E5F4F6425EB7D97239DE7E9D15780.e.6475/click - {}
RESULT: {}
COMMAND: GET /session/21b1c319d9497a1534c1e8f10b3c3c22/screenshot - {}
RESULT: {}
COMMAND: POST /session/21b1c319d9497a1534c1e8f10b3c3c22/element - {"using":"xpath","value":"//li[.//span[contains(text(), \"SAPR - Sales price\")]]"}
RESULT: {"using":"xpath","value":"//li[.//span[contains(text(), \"SAPR - Sales price\")]]"}
COMMAND: POST /session/21b1c319d9497a1534c1e8f10b3c3c22/element/f.49EE1B407E8AACFD24485764E1748811.d.D28E5F4F6425EB7D97239DE7E9D15780.e.6479/click - {}
RESULT: {}
COMMAND: GET /session/21b1c319d9497a1534c1e8f10b3c3c22/screenshot - {}
RESULT: {}
COMMAND: POST /session/21b1c319d9497a1534c1e8f10b3c3c22/execute/async - {"script":"<script> [1562 bytes]","args":[{"selector":{"id":"application-manageconditionprice-display-component---newCondition--condValidTo","interaction":{"idSuffix":"inner"}},"wdio_ui5_key":"applicationmanageconditionprice-display-component---newCondition--condValidTo"}]}
RESULT: {"script":"<script> [1562 bytes]","args":[{"selector":{"id":"application-manageconditionprice-display-component---newCondition--condValidTo","interaction":{"idSuffix":"inner"}},"wdio_ui5_key":"applicationmanageconditionprice-display-component---newCondition--condValidTo"}]}
RESULT: undefined
COMMAND: POST /session/21b1c319d9497a1534c1e8f10b3c3c22/execute/async - {"script":"<script> [776 bytes]","args":[{"enterText":"1/25/26","selector":{"id":"application-manageconditionprice-display-component---newCondition--condValidTo","interaction":{"idSuffix":"inner"}},"clearTextFirst":true,"interactionType":"ENTER_TEXT"}]}
RESULT: {"script":"<script> [776 bytes]","args":[{"enterText":"1/25/26","selector":{"id":"application-manageconditionprice-display-component---newCondition--condValidTo","interaction":{"idSuffix":"inner"}},"clearTextFirst":true,"interactionType":"ENTER_TEXT"}]}
COMMAND: POST /session/21b1c319d9497a1534c1e8f10b3c3c22/element - {"using":"xpath","value":"//input[@id=\"application-manageconditionprice-display-component---newCondition--condRU-inner\"]"}
RESULT: {"using":"xpath","value":"//input[@id=\"application-manageconditionprice-display-component---newCondition--condRU-inner\"]"}
COMMAND: POST /session/21b1c319d9497a1534c1e8f10b3c3c22/element/f.49EE1B407E8AACFD24485764E1748811.d.D28E5F4F6425EB7D97239DE7E9D15780.e.6345/clear - {}
RESULT: {}
COMMAND: POST /session/21b1c319d9497a1534c1e8f10b3c3c22/element/f.49EE1B407E8AACFD24485764E1748811.d.D28E5F4F6425EB7D97239DE7E9D15780.e.6345/value - {"text":"200135"}
COMMAND: GET /session/21b1c319d9497a1534c1e8f10b3c3c22/screenshot - {}
RESULT: {"text":"200135"}
COMMAND: GET /session/21b1c319d9497a1534c1e8f10b3c3c22/screenshot - {}
RESULT: {}
RESULT: {}
COMMAND: POST /session/21b1c319d9497a1534c1e8f10b3c3c22/actions - {"actions":[{"id":"action25","type":"key","parameters":{},"actions":[{"type":"keyDown","value":""},{"type":"pause","duration":10},{"type":"keyUp","value":""}]}]}
RESULT: {"actions":[{"id":"action25","type":"key","parameters":{},"actions":[{"type":"keyDown","value":""},{"type":"pause","duration":10},{"type":"keyUp","value":""}]}]}
COMMAND: POST /session/21b1c319d9497a1534c1e8f10b3c3c22/execute/async - {"script":"<script> [1562 bytes]","args":[{"selector":{"id":"application-manageconditionprice-display-component---newCondition--condBaseQty","interaction":{"idSuffix":"inner"}},"wdio_ui5_key":"applicationmanageconditionprice-display-component---newCondition--condBaseQty"}]}
COMMAND: GET /session/21b1c319d9497a1534c1e8f10b3c3c22/screenshot - {}
RESULT: {"script":"<script> [1562 bytes]","args":[{"selector":{"id":"application-manageconditionprice-display-component---newCondition--condBaseQty","interaction":{"idSuffix":"inner"}},"wdio_ui5_key":"applicationmanageconditionprice-display-component---newCondition--condBaseQty"}]}
RESULT: undefined
COMMAND: POST /session/21b1c319d9497a1534c1e8f10b3c3c22/execute/async - {"script":"<script> [776 bytes]","args":[{"enterText":"1","selector":{"id":"application-manageconditionprice-display-component---newCondition--condBaseQty","interaction":{"idSuffix":"inner"}},"clearTextFirst":true,"interactionType":"ENTER_TEXT"}]}
RESULT: {}
RESULT: {"script":"<script> [776 bytes]","args":[{"enterText":"1","selector":{"id":"application-manageconditionprice-display-component---newCondition--condBaseQty","interaction":{"idSuffix":"inner"}},"clearTextFirst":true,"interactionType":"ENTER_TEXT"}]}
COMMAND: POST /session/21b1c319d9497a1534c1e8f10b3c3c22/execute/async - {"script":"<script> [1562 bytes]","args":[{"selector":{"id":"application-manageconditionprice-display-component---newCondition--condValue","interaction":{"idSuffix":"inner"}},"wdio_ui5_key":"applicationmanageconditionprice-display-component---newCondition--condValue"}]}
RESULT: {"script":"<script> [1562 bytes]","args":[{"selector":{"id":"application-manageconditionprice-display-component---newCondition--condValue","interaction":{"idSuffix":"inner"}},"wdio_ui5_key":"applicationmanageconditionprice-display-component---newCondition--condValue"}]}
RESULT: undefined
COMMAND: POST /session/21b1c319d9497a1534c1e8f10b3c3c22/execute/async - {"script":"<script> [776 bytes]","args":[{"enterText":"100.00","selector":{"id":"application-manageconditionprice-display-component---newCondition--condValue","interaction":{"idSuffix":"inner"}},"clearTextFirst":true,"interactionType":"ENTER_TEXT"}]}
RESULT: {"script":"<script> [776 bytes]","args":[{"enterText":"100.00","selector":{"id":"application-manageconditionprice-display-component---newCondition--condValue","interaction":{"idSuffix":"inner"}},"clearTextFirst":true,"interactionType":"ENTER_TEXT"}]}
COMMAND: POST /session/21b1c319d9497a1534c1e8f10b3c3c22/execute/async - {"script":"<script> [1562 bytes]","args":[{"selector":{"id":"application-manageconditionprice-display-component---newCondition--condCurr-arrow"},"wdio_ui5_key":"applicationmanageconditionprice-display-component---newCondition--condCurr-arrow"}]}
RESULT: {"script":"<script> [1562 bytes]","args":[{"selector":{"id":"application-manageconditionprice-display-component---newCondition--condCurr-arrow"},"wdio_ui5_key":"applicationmanageconditionprice-display-component---newCondition--condCurr-arrow"}]}
RESULT: undefined
COMMAND: POST /session/21b1c319d9497a1534c1e8f10b3c3c22/element - {"using":"xpath","value":"//*[@id=\"application-manageconditionprice-display-component---newCondition--condCurr-arrow\"]"}
RESULT: {"using":"xpath","value":"//*[@id=\"application-manageconditionprice-display-component---newCondition--condCurr-arrow\"]"}
COMMAND: POST /session/21b1c319d9497a1534c1e8f10b3c3c22/element/f.49EE1B407E8AACFD24485764E1748811.d.D28E5F4F6425EB7D97239DE7E9D15780.e.6446/click - {}
RESULT: {}
COMMAND: POST /session/21b1c319d9497a1534c1e8f10b3c3c22/element - {"using":"xpath","value":"//span[contains(text(), \"Euro\")]"}
COMMAND: GET /session/21b1c319d9497a1534c1e8f10b3c3c22/screenshot - {}
RESULT: {"using":"xpath","value":"//span[contains(text(), \"Euro\")]"}
COMMAND: POST /session/21b1c319d9497a1534c1e8f10b3c3c22/element/f.49EE1B407E8AACFD24485764E1748811.d.D28E5F4F6425EB7D97239DE7E9D15780.e.6517/click - {}
RESULT: {}
RESULT: {}
COMMAND: POST /session/21b1c319d9497a1534c1e8f10b3c3c22/element - {"using":"xpath","value":"//button[@data-kt=\"saveButton\"]"}
COMMAND: GET /session/21b1c319d9497a1534c1e8f10b3c3c22/screenshot - {}
RESULT: {"using":"xpath","value":"//button[@data-kt=\"saveButton\"]"}
COMMAND: POST /session/21b1c319d9497a1534c1e8f10b3c3c22/element/f.49EE1B407E8AACFD24485764E1748811.d.D28E5F4F6425EB7D97239DE7E9D15780.e.6447/click - {}
RESULT: {}
RESULT: {}
COMMAND: GET /session/21b1c319d9497a1534c1e8f10b3c3c22/screenshot - {}
RESULT: {}
COMMAND: POST /session/21b1c319d9497a1534c1e8f10b3c3c22/execute/async - {"script":"<script> [1562 bytes]","args":[{"selector":{"id":"application-manageconditionprice-display-component---conditions--smartFilterBar-btnBasicSearch","interaction":{"idSuffix":"I"}},"wdio_ui5_key":"applicationmanageconditionprice-display-component---conditions--smartFilterBar-btnBasicSearch"}]}
RESULT: {"script":"<script> [1562 bytes]","args":[{"selector":{"id":"application-manageconditionprice-display-component---conditions--smartFilterBar-btnBasicSearch","interaction":{"idSuffix":"I"}},"wdio_ui5_key":"applicationmanageconditionprice-display-component---conditions--smartFilterBar-btnBasicSearch"}]}
RESULT: undefined
COMMAND: POST /session/21b1c319d9497a1534c1e8f10b3c3c22/execute/async - {"script":"<script> [776 bytes]","args":[{"enterText":"200135","selector":{"id":"application-manageconditionprice-display-component---conditions--smartFilterBar-btnBasicSearch","interaction":{"idSuffix":"I"}},"clearTextFirst":true,"interactionType":"ENTER_TEXT"}]}
RESULT: {"script":"<script> [776 bytes]","args":[{"enterText":"200135","selector":{"id":"application-manageconditionprice-display-component---conditions--smartFilterBar-btnBasicSearch","interaction":{"idSuffix":"I"}},"clearTextFirst":true,"interactionType":"ENTER_TEXT"}]}
COMMAND: POST /session/21b1c319d9497a1534c1e8f10b3c3c22/actions - {"actions":[{"id":"action26","type":"key","parameters":{},"actions":[{"type":"keyDown","value":""},{"type":"pause","duration":10},{"type":"keyUp","value":""}]}]}
RESULT: {"actions":[{"id":"action26","type":"key","parameters":{},"actions":[{"type":"keyDown","value":""},{"type":"pause","duration":10},{"type":"keyUp","value":""}]}]}
COMMAND: GET /session/21b1c319d9497a1534c1e8f10b3c3c22/screenshot - {}
RESULT: {}
COMMAND: POST /session/21b1c319d9497a1534c1e8f10b3c3c22/execute/async - {"script":"<script> [1562 bytes]","args":[{"selector":{"id":"application-manageconditionprice-display-component---conditions--smartFilterBar-filterItemControl_BASIC-BILL_TYPES-vhi"},"wdio_ui5_key":"applicationmanageconditionprice-display-component---conditions--smartFilterBar-filterItemControl_BASIC-BILL_TYPES-vhi"}]}
RESULT: {"script":"<script> [1562 bytes]","args":[{"selector":{"id":"application-manageconditionprice-display-component---conditions--smartFilterBar-filterItemControl_BASIC-BILL_TYPES-vhi"},"wdio_ui5_key":"applicationmanageconditionprice-display-component---conditions--smartFilterBar-filterItemControl_BASIC-BILL_TYPES-vhi"}]}
RESULT: undefined
COMMAND: POST /session/21b1c319d9497a1534c1e8f10b3c3c22/element - {"using":"xpath","value":"//*[@id=\"application-manageconditionprice-display-component---conditions--smartFilterBar-filterItemControl_BASIC-BILL_TYPES-vhi\"]"}
RESULT: {"using":"xpath","value":"//*[@id=\"application-manageconditionprice-display-component---conditions--smartFilterBar-filterItemControl_BASIC-BILL_TYPES-vhi\"]"}
COMMAND: POST /session/21b1c319d9497a1534c1e8f10b3c3c22/element/f.49EE1B407E8AACFD24485764E1748811.d.D28E5F4F6425EB7D97239DE7E9D15780.e.6623/click - {}
RESULT: {}
COMMAND: POST /session/21b1c319d9497a1534c1e8f10b3c3c22/execute/async - {"script":"<script> [1562 bytes]","args":[{"selector":{"id":"application-manageconditionprice-display-component---conditions--smartFilterBar-filterItemControl_BASIC-BILL_TYPES-valueHelpDialog-smartFilterBar-btnBasicSearch","searchOpenDialogs":true,"interaction":{"idSuffix":"I"}},"wdio_ui5_key":"applicationmanageconditionprice-display-component---conditions--smartFilterBar-filterItemControl_BASIC-BILL_TYPES-valueHelpDialog-smartFilterBar-btnBasicSearch"}]}
COMMAND: GET /session/21b1c319d9497a1534c1e8f10b3c3c22/screenshot - {}
RESULT: {"script":"<script> [1562 bytes]","args":[{"selector":{"id":"application-manageconditionprice-display-component---conditions--smartFilterBar-filterItemControl_BASIC-BILL_TYPES-valueHelpDialog-smartFilterBar-btnBasicSearch","searchOpenDialogs":true,"interaction":{"idSuffix":"I"}},"wdio_ui5_key":"applicationmanageconditionprice-display-component---conditions--smartFilterBar-filterItemControl_BASIC-BILL_TYPES-valueHelpDialog-smartFilterBar-btnBasicSearch"}]}
RESULT: undefined
COMMAND: POST /session/21b1c319d9497a1534c1e8f10b3c3c22/execute/async - {"script":"<script> [776 bytes]","args":[{"enterText":"one","selector":{"id":"application-manageconditionprice-display-component---conditions--smartFilterBar-filterItemControl_BASIC-BILL_TYPES-valueHelpDialog-smartFilterBar-btnBasicSearch","searchOpenDialogs":true,"interaction":{"idSuffix":"I"}},"clearTextFirst":true,"interactionType":"ENTER_TEXT"}]}
RESULT: {}
RESULT: {"script":"<script> [776 bytes]","args":[{"enterText":"one","selector":{"id":"application-manageconditionprice-display-component---conditions--smartFilterBar-filterItemControl_BASIC-BILL_TYPES-valueHelpDialog-smartFilterBar-btnBasicSearch","searchOpenDialogs":true,"interaction":{"idSuffix":"I"}},"clearTextFirst":true,"interactionType":"ENTER_TEXT"}]}
COMMAND: POST /session/21b1c319d9497a1534c1e8f10b3c3c22/actions - {"actions":[{"id":"action27","type":"key","parameters":{},"actions":[{"type":"keyDown","value":""},{"type":"pause","duration":10},{"type":"keyUp","value":""}]}]}
RESULT: {"actions":[{"id":"action27","type":"key","parameters":{},"actions":[{"type":"keyDown","value":""},{"type":"pause","duration":10},{"type":"keyUp","value":""}]}]}
COMMAND: GET /session/21b1c319d9497a1534c1e8f10b3c3c22/screenshot - {}
RESULT: {}
COMMAND: POST /session/21b1c319d9497a1534c1e8f10b3c3c22/element - {"using":"xpath","value":"//div[contains(@id, 'application-manageconditionprice-display-component---conditions--smartFilterBar-filterItemControl_BASIC-BILL_TYPES-valueHelpDialog-table-rowsel0')]"}
RESULT: {"using":"xpath","value":"//div[contains(@id, 'application-manageconditionprice-display-component---conditions--smartFilterBar-filterItemControl_BASIC-BILL_TYPES-valueHelpDialog-table-rowsel0')]"}
COMMAND: POST /session/21b1c319d9497a1534c1e8f10b3c3c22/element/f.49EE1B407E8AACFD24485764E1748811.d.D28E5F4F6425EB7D97239DE7E9D15780.e.6632/click - {}
RESULT: {}
COMMAND: GET /session/21b1c319d9497a1534c1e8f10b3c3c22/screenshot - {}
RESULT: {}
COMMAND: POST /session/21b1c319d9497a1534c1e8f10b3c3c22/element - {"using":"xpath","value":"//bdi[contains(text(), \"OK\")]"}
RESULT: {"using":"xpath","value":"//bdi[contains(text(), \"OK\")]"}
COMMAND: POST /session/21b1c319d9497a1534c1e8f10b3c3c22/element/f.49EE1B407E8AACFD24485764E1748811.d.D28E5F4F6425EB7D97239DE7E9D15780.e.6634/click - {}
RESULT: {}
COMMAND: GET /session/21b1c319d9497a1534c1e8f10b3c3c22/screenshot - {}
RESULT: {}
COMMAND: POST /session/21b1c319d9497a1534c1e8f10b3c3c22/element - {"using":"xpath","value":"//span[@id=\"application-manageconditionprice-display-component---conditions--smartTable-header-inner\"]"}
RESULT: {"using":"xpath","value":"//span[@id=\"application-manageconditionprice-display-component---conditions--smartTable-header-inner\"]"}
COMMAND: POST /session/21b1c319d9497a1534c1e8f10b3c3c22/elements - {"using":"xpath","value":"//span[@id=\"application-manageconditionprice-display-component---conditions--smartTable-header-inner\"]"}
RESULT: {"using":"xpath","value":"//span[@id=\"application-manageconditionprice-display-component---conditions--smartTable-header-inner\"]"}
COMMAND: POST /session/21b1c319d9497a1534c1e8f10b3c3c22/execute/sync - {"script":"<script> [56 bytes]","args":[{"element-6066-11e4-a52e-4f735466cecf":"f.49EE1B407E8AACFD24485764E1748811.d.D28E5F4F6425EB7D97239DE7E9D15780.e.6637","ELEMENT":"f.49EE1B407E8AACFD24485764E1748811.d.D28E5F4F6425EB7D97239DE7E9D15780.e.6637"}]}
RESULT: {"script":"<script> [56 bytes]","args":[{"element-6066-11e4-a52e-4f735466cecf":"f.49EE1B407E8AACFD24485764E1748811.d.D28E5F4F6425EB7D97239DE7E9D15780.e.6637","ELEMENT":"f.49EE1B407E8AACFD24485764E1748811.d.D28E5F4F6425EB7D97239DE7E9D15780.e.6637"}]}
COMMAND: POST /session/21b1c319d9497a1534c1e8f10b3c3c22/element - {"using":"css selector","value":"#shell-header-logo"}
COMMAND: GET /session/21b1c319d9497a1534c1e8f10b3c3c22/screenshot - {}
RESULT: {"using":"css selector","value":"#shell-header-logo"}
COMMAND: POST /session/21b1c319d9497a1534c1e8f10b3c3c22/element/f.49EE1B407E8AACFD24485764E1748811.d.D28E5F4F6425EB7D97239DE7E9D15780.e.6271/click - {}
RESULT: {}
RESULT: {}
COMMAND: GET /session/21b1c319d9497a1534c1e8f10b3c3c22/screenshot - {}
RESULT: {}
]]></system-out>
    </testcase>
    <testcase classname="chrome.136_0_7103_93.windows.US134625_Set_up_price_condition_-_one_time" name="Should create a new contract" time="62.266">
      <system-out><![CDATA[
COMMAND: POST /session/21b1c319d9497a1534c1e8f10b3c3c22/execute/async - {"script":"<script> [1562 bytes]","args":[{"selector":{"controlType":"sap.m.GenericTile","properties":{"header":"Manage Contracts"}},"wdio_ui5_key":"sapm.GenericTile{\"header\":\"Manage Contracts\"}"}]}
RESULT: {"script":"<script> [1562 bytes]","args":[{"selector":{"controlType":"sap.m.GenericTile","properties":{"header":"Manage Contracts"}},"wdio_ui5_key":"sapm.GenericTile{\"header\":\"Manage Contracts\"}"}]}
RESULT: undefined
COMMAND: POST /session/21b1c319d9497a1534c1e8f10b3c3c22/element - {"using":"xpath","value":"//*[@id=\"__tile130\"]"}
RESULT: {"using":"xpath","value":"//*[@id=\"__tile130\"]"}
COMMAND: POST /session/21b1c319d9497a1534c1e8f10b3c3c22/element/f.49EE1B407E8AACFD24485764E1748811.d.D28E5F4F6425EB7D97239DE7E9D15780.e.5326/click - {}
RESULT: {}
COMMAND: GET /session/21b1c319d9497a1534c1e8f10b3c3c22/screenshot - {}
RESULT: {}
COMMAND: POST /session/21b1c319d9497a1534c1e8f10b3c3c22/elements - {"using":"xpath","value":"//span[text()='Error']"}
RESULT: {"using":"xpath","value":"//span[text()='Error']"}
COMMAND: POST /session/21b1c319d9497a1534c1e8f10b3c3c22/element - {"using":"xpath","value":"//button[@data-kt=\"addButton\"]"}
RESULT: {"using":"xpath","value":"//button[@data-kt=\"addButton\"]"}
COMMAND: POST /session/21b1c319d9497a1534c1e8f10b3c3c22/elements - {"using":"xpath","value":"//button[@data-kt=\"addButton\"]"}
RESULT: {"using":"xpath","value":"//button[@data-kt=\"addButton\"]"}
COMMAND: POST /session/21b1c319d9497a1534c1e8f10b3c3c22/execute/sync - {"script":"<script> [8489 bytes]","args":[{"element-6066-11e4-a52e-4f735466cecf":"f.49EE1B407E8AACFD24485764E1748811.d.D28E5F4F6425EB7D97239DE7E9D15780.e.6694","ELEMENT":"f.49EE1B407E8AACFD24485764E1748811.d.D28E5F4F6425EB7D97239DE7E9D15780.e.6694"}]}
RESULT: {"script":"<script> [8489 bytes]","args":[{"element-6066-11e4-a52e-4f735466cecf":"f.49EE1B407E8AACFD24485764E1748811.d.D28E5F4F6425EB7D97239DE7E9D15780.e.6694","ELEMENT":"f.49EE1B407E8AACFD24485764E1748811.d.D28E5F4F6425EB7D97239DE7E9D15780.e.6694"}]}
COMMAND: GET /session/21b1c319d9497a1534c1e8f10b3c3c22/element/f.49EE1B407E8AACFD24485764E1748811.d.D28E5F4F6425EB7D97239DE7E9D15780.e.6694/enabled - {}
COMMAND: GET /session/21b1c319d9497a1534c1e8f10b3c3c22/screenshot - {}
RESULT: {}
COMMAND: POST /session/21b1c319d9497a1534c1e8f10b3c3c22/execute/sync - {"script":"<script> [8489 bytes]","args":[{"element-6066-11e4-a52e-4f735466cecf":"f.49EE1B407E8AACFD24485764E1748811.d.D28E5F4F6425EB7D97239DE7E9D15780.e.6694","ELEMENT":"f.49EE1B407E8AACFD24485764E1748811.d.D28E5F4F6425EB7D97239DE7E9D15780.e.6694"}]}
COMMAND: GET /session/21b1c319d9497a1534c1e8f10b3c3c22/screenshot - {}
RESULT: {}
RESULT: {"script":"<script> [8489 bytes]","args":[{"element-6066-11e4-a52e-4f735466cecf":"f.49EE1B407E8AACFD24485764E1748811.d.D28E5F4F6425EB7D97239DE7E9D15780.e.6694","ELEMENT":"f.49EE1B407E8AACFD24485764E1748811.d.D28E5F4F6425EB7D97239DE7E9D15780.e.6694"}]}
COMMAND: POST /session/21b1c319d9497a1534c1e8f10b3c3c22/execute/sync - {"script":"<script> [5351 bytes]","args":[{"element-6066-11e4-a52e-4f735466cecf":"f.49EE1B407E8AACFD24485764E1748811.d.D28E5F4F6425EB7D97239DE7E9D15780.e.6694","ELEMENT":"f.49EE1B407E8AACFD24485764E1748811.d.D28E5F4F6425EB7D97239DE7E9D15780.e.6694"}]}
COMMAND: GET /session/21b1c319d9497a1534c1e8f10b3c3c22/screenshot - {}
RESULT: {}
RESULT: {"script":"<script> [5351 bytes]","args":[{"element-6066-11e4-a52e-4f735466cecf":"f.49EE1B407E8AACFD24485764E1748811.d.D28E5F4F6425EB7D97239DE7E9D15780.e.6694","ELEMENT":"f.49EE1B407E8AACFD24485764E1748811.d.D28E5F4F6425EB7D97239DE7E9D15780.e.6694"}]}
COMMAND: GET /session/21b1c319d9497a1534c1e8f10b3c3c22/screenshot - {}
RESULT: {}
RESULT: {}
COMMAND: POST /session/21b1c319d9497a1534c1e8f10b3c3c22/element/f.49EE1B407E8AACFD24485764E1748811.d.D28E5F4F6425EB7D97239DE7E9D15780.e.6694/click - {}
RESULT: {}
COMMAND: GET /session/21b1c319d9497a1534c1e8f10b3c3c22/screenshot - {}
COMMAND: POST /session/21b1c319d9497a1534c1e8f10b3c3c22/execute/async - {"script":"<script> [1562 bytes]","args":[{"selector":{"id":"application-managecontracts-display-component---AddNewContract--projectDescription","interaction":{"idSuffix":"inner"}},"wdio_ui5_key":"applicationmanagecontracts-display-component---AddNewContract--projectDescription"}]}
RESULT: {}
RESULT: {"script":"<script> [1562 bytes]","args":[{"selector":{"id":"application-managecontracts-display-component---AddNewContract--projectDescription","interaction":{"idSuffix":"inner"}},"wdio_ui5_key":"applicationmanagecontracts-display-component---AddNewContract--projectDescription"}]}
RESULT: undefined
COMMAND: POST /session/21b1c319d9497a1534c1e8f10b3c3c22/execute/async - {"script":"<script> [776 bytes]","args":[{"enterText":"Intercompany Contract WDIO","selector":{"id":"application-managecontracts-display-component---AddNewContract--projectDescription","interaction":{"idSuffix":"inner"}},"clearTextFirst":true,"interactionType":"ENTER_TEXT"}]}
RESULT: {"script":"<script> [776 bytes]","args":[{"enterText":"Intercompany Contract WDIO","selector":{"id":"application-managecontracts-display-component---AddNewContract--projectDescription","interaction":{"idSuffix":"inner"}},"clearTextFirst":true,"interactionType":"ENTER_TEXT"}]}
COMMAND: POST /session/21b1c319d9497a1534c1e8f10b3c3c22/element - {"using":"xpath","value":"//input[@id=\"application-managecontracts-display-component---AddNewContract--site-inner\"]"}
RESULT: {"using":"xpath","value":"//input[@id=\"application-managecontracts-display-component---AddNewContract--site-inner\"]"}
COMMAND: POST /session/21b1c319d9497a1534c1e8f10b3c3c22/element/f.49EE1B407E8AACFD24485764E1748811.d.D28E5F4F6425EB7D97239DE7E9D15780.e.7010/clear - {}
RESULT: {}
COMMAND: POST /session/21b1c319d9497a1534c1e8f10b3c3c22/element/f.49EE1B407E8AACFD24485764E1748811.d.D28E5F4F6425EB7D97239DE7E9D15780.e.7010/value - {"text":"2116"}
COMMAND: GET /session/21b1c319d9497a1534c1e8f10b3c3c22/screenshot - {}
RESULT: {"text":"2116"}
COMMAND: GET /session/21b1c319d9497a1534c1e8f10b3c3c22/screenshot - {}
RESULT: {}
RESULT: {}
COMMAND: POST /session/21b1c319d9497a1534c1e8f10b3c3c22/element - {"using":"xpath","value":"//li[.//span[text()='2116']]"}
RESULT: {"using":"xpath","value":"//li[.//span[text()='2116']]"}
COMMAND: POST /session/21b1c319d9497a1534c1e8f10b3c3c22/element/f.49EE1B407E8AACFD24485764E1748811.d.D28E5F4F6425EB7D97239DE7E9D15780.e.7093/click - {}
RESULT: {}
COMMAND: GET /session/21b1c319d9497a1534c1e8f10b3c3c22/screenshot - {}
RESULT: {}
COMMAND: POST /session/21b1c319d9497a1534c1e8f10b3c3c22/element - {"using":"xpath","value":"//input[@id=\"application-managecontracts-display-component---AddNewContract--yardId-inner\"]"}
RESULT: {"using":"xpath","value":"//input[@id=\"application-managecontracts-display-component---AddNewContract--yardId-inner\"]"}
COMMAND: GET /session/21b1c319d9497a1534c1e8f10b3c3c22/element/f.49EE1B407E8AACFD24485764E1748811.d.D28E5F4F6425EB7D97239DE7E9D15780.e.7011/property/value - {}
RESULT: {}
COMMAND: POST /session/21b1c319d9497a1534c1e8f10b3c3c22/element - {"using":"xpath","value":"//input[@id=\"application-managecontracts-display-component---AddNewContract--customerSelect-inner\"]"}
COMMAND: GET /session/21b1c319d9497a1534c1e8f10b3c3c22/screenshot - {}
RESULT: {"using":"xpath","value":"//input[@id=\"application-managecontracts-display-component---AddNewContract--customerSelect-inner\"]"}
COMMAND: POST /session/21b1c319d9497a1534c1e8f10b3c3c22/element/f.49EE1B407E8AACFD24485764E1748811.d.D28E5F4F6425EB7D97239DE7E9D15780.e.7009/clear - {}
RESULT: {}
RESULT: {}
COMMAND: POST /session/21b1c319d9497a1534c1e8f10b3c3c22/element/f.49EE1B407E8AACFD24485764E1748811.d.D28E5F4F6425EB7D97239DE7E9D15780.e.7009/value - {"text":"1123"}
COMMAND: GET /session/21b1c319d9497a1534c1e8f10b3c3c22/screenshot - {}
RESULT: {"text":"1123"}
COMMAND: GET /session/21b1c319d9497a1534c1e8f10b3c3c22/screenshot - {}
RESULT: {}
RESULT: {}
COMMAND: POST /session/21b1c319d9497a1534c1e8f10b3c3c22/element - {"using":"xpath","value":"//li[.//span[text()='1123']]"}
RESULT: {"using":"xpath","value":"//li[.//span[text()='1123']]"}
COMMAND: POST /session/21b1c319d9497a1534c1e8f10b3c3c22/element/f.49EE1B407E8AACFD24485764E1748811.d.D28E5F4F6425EB7D97239DE7E9D15780.e.7096/click - {}
RESULT: {}
COMMAND: GET /session/21b1c319d9497a1534c1e8f10b3c3c22/screenshot - {}
RESULT: {}
COMMAND: POST /session/21b1c319d9497a1534c1e8f10b3c3c22/element - {"using":"xpath","value":"//button[@data-kt=\"saveButton\"]"}
RESULT: {"using":"xpath","value":"//button[@data-kt=\"saveButton\"]"}
COMMAND: POST /session/21b1c319d9497a1534c1e8f10b3c3c22/element/f.49EE1B407E8AACFD24485764E1748811.d.D28E5F4F6425EB7D97239DE7E9D15780.e.7086/click - {}
RESULT: {}
COMMAND: GET /session/21b1c319d9497a1534c1e8f10b3c3c22/screenshot - {}
RESULT: {}
COMMAND: POST /session/21b1c319d9497a1534c1e8f10b3c3c22/element - {"using":"xpath","value":"//span[contains(@id ,\"contractDetailTitleNoExpanded\")]"}
RESULT: {"using":"xpath","value":"//span[contains(@id ,\"contractDetailTitleNoExpanded\")]"}
COMMAND: POST /session/21b1c319d9497a1534c1e8f10b3c3c22/elements - {"using":"xpath","value":"//span[contains(@id ,\"contractDetailTitleNoExpanded\")]"}
RESULT: {"using":"xpath","value":"//span[contains(@id ,\"contractDetailTitleNoExpanded\")]"}
COMMAND: POST /session/21b1c319d9497a1534c1e8f10b3c3c22/execute/sync - {"script":"<script> [56 bytes]","args":[{"element-6066-11e4-a52e-4f735466cecf":"f.49EE1B407E8AACFD24485764E1748811.d.D28E5F4F6425EB7D97239DE7E9D15780.e.7169","ELEMENT":"f.49EE1B407E8AACFD24485764E1748811.d.D28E5F4F6425EB7D97239DE7E9D15780.e.7169"}]}
RESULT: {"script":"<script> [56 bytes]","args":[{"element-6066-11e4-a52e-4f735466cecf":"f.49EE1B407E8AACFD24485764E1748811.d.D28E5F4F6425EB7D97239DE7E9D15780.e.7169","ELEMENT":"f.49EE1B407E8AACFD24485764E1748811.d.D28E5F4F6425EB7D97239DE7E9D15780.e.7169"}]}
COMMAND: GET /session/21b1c319d9497a1534c1e8f10b3c3c22/screenshot - {}
RESULT: {}
]]></system-out>
    </testcase>
    <testcase classname="chrome.136_0_7103_93.windows.US134625_Set_up_price_condition_-_one_time" name="Should add the material to the contract" time="55.145">
      <system-out><![CDATA[
COMMAND: POST /session/21b1c319d9497a1534c1e8f10b3c3c22/element - {"using":"xpath","value":"//button[@data-kt=\"contractDetailEditBtnButton\"]"}
RESULT: {"using":"xpath","value":"//button[@data-kt=\"contractDetailEditBtnButton\"]"}
COMMAND: POST /session/21b1c319d9497a1534c1e8f10b3c3c22/element/f.49EE1B407E8AACFD24485764E1748811.d.D28E5F4F6425EB7D97239DE7E9D15780.e.7170/click - {}
RESULT: {}
COMMAND: GET /session/21b1c319d9497a1534c1e8f10b3c3c22/screenshot - {}
RESULT: {}
COMMAND: POST /session/21b1c319d9497a1534c1e8f10b3c3c22/element - {"using":"xpath","value":"(//span[contains(text(), \"Additional Addresses\")])[2]"}
RESULT: {"using":"xpath","value":"(//span[contains(text(), \"Additional Addresses\")])[2]"}
COMMAND: POST /session/21b1c319d9497a1534c1e8f10b3c3c22/element/f.49EE1B407E8AACFD24485764E1748811.d.D28E5F4F6425EB7D97239DE7E9D15780.e.7228/click - {}
RESULT: {}
COMMAND: GET /session/21b1c319d9497a1534c1e8f10b3c3c22/screenshot - {}
RESULT: {}
COMMAND: POST /session/21b1c319d9497a1534c1e8f10b3c3c22/element - {"using":"xpath","value":"//button[@data-kt=\"btnAddTableRowOverflowToolbarButton\"]"}
RESULT: {"using":"xpath","value":"//button[@data-kt=\"btnAddTableRowOverflowToolbarButton\"]"}
COMMAND: POST /session/21b1c319d9497a1534c1e8f10b3c3c22/element/f.49EE1B407E8AACFD24485764E1748811.d.D28E5F4F6425EB7D97239DE7E9D15780.e.7230/click - {}
RESULT: {}
COMMAND: GET /session/21b1c319d9497a1534c1e8f10b3c3c22/screenshot - {}
RESULT: {}
COMMAND: POST /session/21b1c319d9497a1534c1e8f10b3c3c22/element - {"using":"xpath","value":"//div[(text() = 'Standard Entry' or . = 'Standard Entry')]"}
RESULT: {"using":"xpath","value":"//div[(text() = 'Standard Entry' or . = 'Standard Entry')]"}
COMMAND: POST /session/21b1c319d9497a1534c1e8f10b3c3c22/element/f.49EE1B407E8AACFD24485764E1748811.d.D28E5F4F6425EB7D97239DE7E9D15780.e.7232/click - {}
RESULT: {}
COMMAND: GET /session/21b1c319d9497a1534c1e8f10b3c3c22/screenshot - {}
RESULT: {}
COMMAND: POST /session/21b1c319d9497a1534c1e8f10b3c3c22/element - {"using":"xpath","value":"//td[6]/div/div/div/span"}
RESULT: {"using":"xpath","value":"//td[6]/div/div/div/span"}
COMMAND: POST /session/21b1c319d9497a1534c1e8f10b3c3c22/element/f.49EE1B407E8AACFD24485764E1748811.d.D28E5F4F6425EB7D97239DE7E9D15780.e.7244/click - {}
RESULT: {}
COMMAND: GET /session/21b1c319d9497a1534c1e8f10b3c3c22/screenshot - {}
RESULT: {}
COMMAND: POST /session/21b1c319d9497a1534c1e8f10b3c3c22/element - {"using":"xpath","value":"(//span[contains(text(), \"Material\")])"}
RESULT: {"using":"xpath","value":"(//span[contains(text(), \"Material\")])"}
COMMAND: POST /session/21b1c319d9497a1534c1e8f10b3c3c22/element/f.49EE1B407E8AACFD24485764E1748811.d.D28E5F4F6425EB7D97239DE7E9D15780.e.7245/click - {}
RESULT: {}
COMMAND: GET /session/21b1c319d9497a1534c1e8f10b3c3c22/screenshot - {}
RESULT: {}
COMMAND: POST /session/21b1c319d9497a1534c1e8f10b3c3c22/element - {"using":"xpath","value":"//td[7]/div/div/input"}
RESULT: {"using":"xpath","value":"//td[7]/div/div/input"}
COMMAND: POST /session/21b1c319d9497a1534c1e8f10b3c3c22/element/f.49EE1B407E8AACFD24485764E1748811.d.D28E5F4F6425EB7D97239DE7E9D15780.e.7249/clear - {}
RESULT: {}
COMMAND: POST /session/21b1c319d9497a1534c1e8f10b3c3c22/element/f.49EE1B407E8AACFD24485764E1748811.d.D28E5F4F6425EB7D97239DE7E9D15780.e.7249/value - {"text":"200135"}
COMMAND: GET /session/21b1c319d9497a1534c1e8f10b3c3c22/screenshot - {}
RESULT: {"text":"200135"}
COMMAND: GET /session/21b1c319d9497a1534c1e8f10b3c3c22/screenshot - {}
RESULT: {}
RESULT: {}
COMMAND: POST /session/21b1c319d9497a1534c1e8f10b3c3c22/actions - {"actions":[{"id":"action28","type":"key","parameters":{},"actions":[{"type":"keyDown","value":""},{"type":"pause","duration":10},{"type":"keyUp","value":""}]}]}
RESULT: {"actions":[{"id":"action28","type":"key","parameters":{},"actions":[{"type":"keyDown","value":""},{"type":"pause","duration":10},{"type":"keyUp","value":""}]}]}
COMMAND: GET /session/21b1c319d9497a1534c1e8f10b3c3c22/screenshot - {}
RESULT: {}
COMMAND: POST /session/21b1c319d9497a1534c1e8f10b3c3c22/execute/sync - {"script":"<script> [276 bytes]","args":["No pricing information was found"]}
RESULT: {"script":"<script> [276 bytes]","args":["No pricing information was found"]}
COMMAND: POST /session/21b1c319d9497a1534c1e8f10b3c3c22/element - {"using":"xpath","value":"(//button[@data-kt=\"saveButton\"])[2]"}
COMMAND: GET /session/21b1c319d9497a1534c1e8f10b3c3c22/screenshot - {}
RESULT: {"using":"xpath","value":"(//button[@data-kt=\"saveButton\"])[2]"}
COMMAND: POST /session/21b1c319d9497a1534c1e8f10b3c3c22/element/f.49EE1B407E8AACFD24485764E1748811.d.D28E5F4F6425EB7D97239DE7E9D15780.e.7272/click - {}
RESULT: {}
RESULT: {}
COMMAND: GET /session/21b1c319d9497a1534c1e8f10b3c3c22/screenshot - {}
RESULT: {}
COMMAND: POST /session/21b1c319d9497a1534c1e8f10b3c3c22/execute/sync - {"script":"<script> [276 bytes]","args":["Some contract items are having rental validity exceeding header rental validity"]}
RESULT: {"script":"<script> [276 bytes]","args":["Some contract items are having rental validity exceeding header rental validity"]}
COMMAND: GET /session/21b1c319d9497a1534c1e8f10b3c3c22/screenshot - {}
RESULT: {}
COMMAND: POST /session/21b1c319d9497a1534c1e8f10b3c3c22/element - {"using":"xpath","value":"//span[contains(@id ,\"contractItemsSmartTable-header-inner\")]"}
RESULT: {"using":"xpath","value":"//span[contains(@id ,\"contractItemsSmartTable-header-inner\")]"}
COMMAND: POST /session/21b1c319d9497a1534c1e8f10b3c3c22/elements - {"using":"xpath","value":"//span[contains(@id ,\"contractItemsSmartTable-header-inner\")]"}
RESULT: {"using":"xpath","value":"//span[contains(@id ,\"contractItemsSmartTable-header-inner\")]"}
COMMAND: POST /session/21b1c319d9497a1534c1e8f10b3c3c22/execute/sync - {"script":"<script> [56 bytes]","args":[{"element-6066-11e4-a52e-4f735466cecf":"f.49EE1B407E8AACFD24485764E1748811.d.D28E5F4F6425EB7D97239DE7E9D15780.e.7279","ELEMENT":"f.49EE1B407E8AACFD24485764E1748811.d.D28E5F4F6425EB7D97239DE7E9D15780.e.7279"}]}
RESULT: {"script":"<script> [56 bytes]","args":[{"element-6066-11e4-a52e-4f735466cecf":"f.49EE1B407E8AACFD24485764E1748811.d.D28E5F4F6425EB7D97239DE7E9D15780.e.7279","ELEMENT":"f.49EE1B407E8AACFD24485764E1748811.d.D28E5F4F6425EB7D97239DE7E9D15780.e.7279"}]}
]]></system-out>
    </testcase>
    <testcase classname="chrome.136_0_7103_93.windows.US134625_Set_up_price_condition_-_one_time" name="Should verify the bill item creation and pricing condition" time="13.22">
      <system-out><![CDATA[
COMMAND: GET /session/21b1c319d9497a1534c1e8f10b3c3c22/screenshot - {}
COMMAND: POST /session/21b1c319d9497a1534c1e8f10b3c3c22/execute/async - {"script":"<script> [1562 bytes]","args":[{"selector":{"controlType":"sap.ui.core.Icon","viewName":"etm.portal.ui.managecontracts.view.Detail","properties":{"src":{"regex":{"source":"slim\\-arrow\\-right"}}}},"wdio_ui5_key":"etmportal.ui.managecontracts.view.Detailsap.ui.core.Icon{\"src\":{\"regex\":{\"source\":\"slim\\\\-arrow\\\\-right\"}}}"}]}
RESULT: {"script":"<script> [1562 bytes]","args":[{"selector":{"controlType":"sap.ui.core.Icon","viewName":"etm.portal.ui.managecontracts.view.Detail","properties":{"src":{"regex":{"source":"slim\\-arrow\\-right"}}}},"wdio_ui5_key":"etmportal.ui.managecontracts.view.Detailsap.ui.core.Icon{\"src\":{\"regex\":{\"source\":\"slim\\\\-arrow\\\\-right\"}}}"}]}
RESULT: undefined
COMMAND: POST /session/21b1c319d9497a1534c1e8f10b3c3c22/element - {"using":"xpath","value":"//*[@id=\"__item1084-__clone2451-imgNav\"]"}
RESULT: {}
RESULT: {"using":"xpath","value":"//*[@id=\"__item1084-__clone2451-imgNav\"]"}
COMMAND: POST /session/21b1c319d9497a1534c1e8f10b3c3c22/element/f.49EE1B407E8AACFD24485764E1748811.d.D28E5F4F6425EB7D97239DE7E9D15780.e.7280/click - {}
RESULT: {}
COMMAND: GET /session/21b1c319d9497a1534c1e8f10b3c3c22/screenshot - {}
RESULT: {}
COMMAND: POST /session/21b1c319d9497a1534c1e8f10b3c3c22/execute/async - {"script":"<script> [1562 bytes]","args":[{"selector":{"controlType":"sap.m.Text","viewName":"etm.portal.ui.managecontracts.view.BillingItem","viewId":"application-managecontracts-display-component---BillingItem","bindingPath":{"propertyPath":"LINK_TO_C_BILL_TYPES/DESCRIPTION"}},"wdio_ui5_key":"etmportal.ui.managecontracts.view.BillingItemsap.m.Text{\"propertyPath\":\"LINK_TO_C_BILL_TYPES/DESCRIPTION\"}"}]}
RESULT: {"script":"<script> [1562 bytes]","args":[{"selector":{"controlType":"sap.m.Text","viewName":"etm.portal.ui.managecontracts.view.BillingItem","viewId":"application-managecontracts-display-component---BillingItem","bindingPath":{"propertyPath":"LINK_TO_C_BILL_TYPES/DESCRIPTION"}},"wdio_ui5_key":"etmportal.ui.managecontracts.view.BillingItemsap.m.Text{\"propertyPath\":\"LINK_TO_C_BILL_TYPES/DESCRIPTION\"}"}]}
RESULT: undefined
COMMAND: POST /session/21b1c319d9497a1534c1e8f10b3c3c22/execute/async - {"script":"<script> [6424 bytes]","args":[{"element-6066-11e4-a52e-4f735466cecf":"f.49EE1B407E8AACFD24485764E1748811.d.D28E5F4F6425EB7D97239DE7E9D15780.e.7294"},"getText",[]]}
RESULT: {"script":"<script> [6424 bytes]","args":[{"element-6066-11e4-a52e-4f735466cecf":"f.49EE1B407E8AACFD24485764E1748811.d.D28E5F4F6425EB7D97239DE7E9D15780.e.7294"},"getText",[]]}
COMMAND: POST /session/21b1c319d9497a1534c1e8f10b3c3c22/execute/async - {"script":"<script> [1562 bytes]","args":[{"selector":{"controlType":"sap.m.ObjectNumber","viewName":"etm.portal.ui.managecontracts.view.BillingItem","viewId":"application-managecontracts-display-component---BillingItem","bindingPath":{"propertyPath":"BASE_PRICE"}},"wdio_ui5_key":"etmportal.ui.managecontracts.view.BillingItemsap.m.ObjectNumber{\"propertyPath\":\"BASE_PRICE\"}"}]}
RESULT: {"script":"<script> [1562 bytes]","args":[{"selector":{"controlType":"sap.m.ObjectNumber","viewName":"etm.portal.ui.managecontracts.view.BillingItem","viewId":"application-managecontracts-display-component---BillingItem","bindingPath":{"propertyPath":"BASE_PRICE"}},"wdio_ui5_key":"etmportal.ui.managecontracts.view.BillingItemsap.m.ObjectNumber{\"propertyPath\":\"BASE_PRICE\"}"}]}
RESULT: undefined
COMMAND: POST /session/21b1c319d9497a1534c1e8f10b3c3c22/execute/async - {"script":"<script> [6424 bytes]","args":[{"element-6066-11e4-a52e-4f735466cecf":"f.49EE1B407E8AACFD24485764E1748811.d.D28E5F4F6425EB7D97239DE7E9D15780.e.7295"},"getNumber",[]]}
RESULT: {"script":"<script> [6424 bytes]","args":[{"element-6066-11e4-a52e-4f735466cecf":"f.49EE1B407E8AACFD24485764E1748811.d.D28E5F4F6425EB7D97239DE7E9D15780.e.7295"},"getNumber",[]]}
COMMAND: POST /session/21b1c319d9497a1534c1e8f10b3c3c22/execute/async - {"script":"<script> [1562 bytes]","args":[{"selector":{"controlType":"sap.m.ObjectNumber","viewName":"etm.portal.ui.managecontracts.view.BillingItem","viewId":"application-managecontracts-display-component---BillingItem","bindingPath":{"propertyPath":"BASE_QUANTITY"}},"wdio_ui5_key":"etmportal.ui.managecontracts.view.BillingItemsap.m.ObjectNumber{\"propertyPath\":\"BASE_QUANTITY\"}"}]}
RESULT: {"script":"<script> [1562 bytes]","args":[{"selector":{"controlType":"sap.m.ObjectNumber","viewName":"etm.portal.ui.managecontracts.view.BillingItem","viewId":"application-managecontracts-display-component---BillingItem","bindingPath":{"propertyPath":"BASE_QUANTITY"}},"wdio_ui5_key":"etmportal.ui.managecontracts.view.BillingItemsap.m.ObjectNumber{\"propertyPath\":\"BASE_QUANTITY\"}"}]}
RESULT: undefined
COMMAND: POST /session/21b1c319d9497a1534c1e8f10b3c3c22/execute/async - {"script":"<script> [6424 bytes]","args":[{"element-6066-11e4-a52e-4f735466cecf":"f.49EE1B407E8AACFD24485764E1748811.d.D28E5F4F6425EB7D97239DE7E9D15780.e.7296"},"getNumber",[]]}
RESULT: {"script":"<script> [6424 bytes]","args":[{"element-6066-11e4-a52e-4f735466cecf":"f.49EE1B407E8AACFD24485764E1748811.d.D28E5F4F6425EB7D97239DE7E9D15780.e.7296"},"getNumber",[]]}
COMMAND: DELETE /session/21b1c319d9497a1534c1e8f10b3c3c22 - {}
RESULT: {}
]]></system-out>
    </testcase>
  </testsuite>
</testsuites>