<?xml version="1.0" encoding="UTF-8"?>
<testsuites tests="15" failures="10" errors="10" skipped="0">
  <testsuite timestamp="2025-06-12T17:56:55" time="869.608" tests="9" failures="5" errors="5" skipped="0">
    <properties>
      <property name="specId" value="0" />
      <property name="suiteName" value="Tests for Mass State Change on Manage States &amp; Performances US104416 US" />
      <property name="capabilities" value="chrome.137_0_7151_69.windows" />
      <property name="file" value="file:///D:/a/1/s/test/specs/HTR/create-mass-state-change.spec.js" />
    </properties>
    <testcase classname="chrome.137_0_7151_69.windows.Tests_for_Mass_State_Change_on_Manage_States_&amp;_Performances_US104416_US" name="Prereq Should create a new yard used for all following tests" time="123.387">
      <system-out><![CDATA[
COMMAND: POST /session/a57d97dc01d30c0d707ac32c8676cc12/window/fullscreen - {}
RESULT: {}
COMMAND: POST /session/a57d97dc01d30c0d707ac32c8676cc12/execute/async - {"script":"<script> [1562 bytes]","args":[{"selector":{"controlType":"sap.m.GenericTile","properties":{"header":"Manage Yards"}},"wdio_ui5_key":"sapm.GenericTile{\"header\":\"Manage Yards\"}"}]}
RESULT: {"script":"<script> [1562 bytes]","args":[{"selector":{"controlType":"sap.m.GenericTile","properties":{"header":"Manage Yards"}},"wdio_ui5_key":"sapm.GenericTile{\"header\":\"Manage Yards\"}"}]}
RESULT: undefined
COMMAND: POST /session/a57d97dc01d30c0d707ac32c8676cc12/element - {"using":"xpath","value":"//*[@id=\"__tile42\"]"}
RESULT: {"using":"xpath","value":"//*[@id=\"__tile42\"]"}
COMMAND: POST /session/a57d97dc01d30c0d707ac32c8676cc12/element/f.AA77304496C5C3E35540BF7ABBEF8E02.d.796D0302234824F1DDAE4479792668C5.e.170/click - {}
RESULT: {}
COMMAND: GET /session/a57d97dc01d30c0d707ac32c8676cc12/screenshot - {}
RESULT: {}
COMMAND: POST /session/a57d97dc01d30c0d707ac32c8676cc12/elements - {"using":"xpath","value":"//span[text()='Error']"}
RESULT: {"using":"xpath","value":"//span[text()='Error']"}
COMMAND: POST /session/a57d97dc01d30c0d707ac32c8676cc12/element - {"using":"xpath","value":"//button[@data-kt=\"addNewYardOverflowToolbarButton\"]"}
RESULT: {"using":"xpath","value":"//button[@data-kt=\"addNewYardOverflowToolbarButton\"]"}
COMMAND: POST /session/a57d97dc01d30c0d707ac32c8676cc12/elements - {"using":"xpath","value":"//button[@data-kt=\"addNewYardOverflowToolbarButton\"]"}
RESULT: {"using":"xpath","value":"//button[@data-kt=\"addNewYardOverflowToolbarButton\"]"}
COMMAND: POST /session/a57d97dc01d30c0d707ac32c8676cc12/elements - {"using":"xpath","value":"//button[@data-kt=\"addNewYardOverflowToolbarButton\"]"}
RESULT: {"using":"xpath","value":"//button[@data-kt=\"addNewYardOverflowToolbarButton\"]"}
COMMAND: POST /session/a57d97dc01d30c0d707ac32c8676cc12/elements - {"using":"xpath","value":"//button[@data-kt=\"addNewYardOverflowToolbarButton\"]"}
RESULT: {"using":"xpath","value":"//button[@data-kt=\"addNewYardOverflowToolbarButton\"]"}
COMMAND: POST /session/a57d97dc01d30c0d707ac32c8676cc12/elements - {"using":"xpath","value":"//button[@data-kt=\"addNewYardOverflowToolbarButton\"]"}
RESULT: {"using":"xpath","value":"//button[@data-kt=\"addNewYardOverflowToolbarButton\"]"}
COMMAND: POST /session/a57d97dc01d30c0d707ac32c8676cc12/elements - {"using":"xpath","value":"//button[@data-kt=\"addNewYardOverflowToolbarButton\"]"}
RESULT: {"using":"xpath","value":"//button[@data-kt=\"addNewYardOverflowToolbarButton\"]"}
COMMAND: POST /session/a57d97dc01d30c0d707ac32c8676cc12/elements - {"using":"xpath","value":"//button[@data-kt=\"addNewYardOverflowToolbarButton\"]"}
RESULT: {"using":"xpath","value":"//button[@data-kt=\"addNewYardOverflowToolbarButton\"]"}
COMMAND: POST /session/a57d97dc01d30c0d707ac32c8676cc12/elements - {"using":"xpath","value":"//button[@data-kt=\"addNewYardOverflowToolbarButton\"]"}
RESULT: {"using":"xpath","value":"//button[@data-kt=\"addNewYardOverflowToolbarButton\"]"}
COMMAND: POST /session/a57d97dc01d30c0d707ac32c8676cc12/element - {"using":"xpath","value":"//button[@data-kt=\"addNewYardOverflowToolbarButton\"]"}
RESULT: {"using":"xpath","value":"//button[@data-kt=\"addNewYardOverflowToolbarButton\"]"}
COMMAND: POST /session/a57d97dc01d30c0d707ac32c8676cc12/execute/sync - {"script":"<script> [8489 bytes]","args":[{"element-6066-11e4-a52e-4f735466cecf":"f.AA77304496C5C3E35540BF7ABBEF8E02.d.796D0302234824F1DDAE4479792668C5.e.308","ELEMENT":"f.AA77304496C5C3E35540BF7ABBEF8E02.d.796D0302234824F1DDAE4479792668C5.e.308"}]}
RESULT: {"script":"<script> [8489 bytes]","args":[{"element-6066-11e4-a52e-4f735466cecf":"f.AA77304496C5C3E35540BF7ABBEF8E02.d.796D0302234824F1DDAE4479792668C5.e.308","ELEMENT":"f.AA77304496C5C3E35540BF7ABBEF8E02.d.796D0302234824F1DDAE4479792668C5.e.308"}]}
COMMAND: GET /session/a57d97dc01d30c0d707ac32c8676cc12/element/f.AA77304496C5C3E35540BF7ABBEF8E02.d.796D0302234824F1DDAE4479792668C5.e.308/enabled - {}
COMMAND: GET /session/a57d97dc01d30c0d707ac32c8676cc12/screenshot - {}
RESULT: {}
COMMAND: POST /session/a57d97dc01d30c0d707ac32c8676cc12/execute/sync - {"script":"<script> [8489 bytes]","args":[{"element-6066-11e4-a52e-4f735466cecf":"f.AA77304496C5C3E35540BF7ABBEF8E02.d.796D0302234824F1DDAE4479792668C5.e.308","ELEMENT":"f.AA77304496C5C3E35540BF7ABBEF8E02.d.796D0302234824F1DDAE4479792668C5.e.308"}]}
COMMAND: GET /session/a57d97dc01d30c0d707ac32c8676cc12/screenshot - {}
RESULT: {}
RESULT: {"script":"<script> [8489 bytes]","args":[{"element-6066-11e4-a52e-4f735466cecf":"f.AA77304496C5C3E35540BF7ABBEF8E02.d.796D0302234824F1DDAE4479792668C5.e.308","ELEMENT":"f.AA77304496C5C3E35540BF7ABBEF8E02.d.796D0302234824F1DDAE4479792668C5.e.308"}]}
COMMAND: POST /session/a57d97dc01d30c0d707ac32c8676cc12/execute/sync - {"script":"<script> [5351 bytes]","args":[{"element-6066-11e4-a52e-4f735466cecf":"f.AA77304496C5C3E35540BF7ABBEF8E02.d.796D0302234824F1DDAE4479792668C5.e.308","ELEMENT":"f.AA77304496C5C3E35540BF7ABBEF8E02.d.796D0302234824F1DDAE4479792668C5.e.308"}]}
COMMAND: GET /session/a57d97dc01d30c0d707ac32c8676cc12/screenshot - {}
RESULT: {}
RESULT: {"script":"<script> [5351 bytes]","args":[{"element-6066-11e4-a52e-4f735466cecf":"f.AA77304496C5C3E35540BF7ABBEF8E02.d.796D0302234824F1DDAE4479792668C5.e.308","ELEMENT":"f.AA77304496C5C3E35540BF7ABBEF8E02.d.796D0302234824F1DDAE4479792668C5.e.308"}]}
COMMAND: POST /session/a57d97dc01d30c0d707ac32c8676cc12/element/f.AA77304496C5C3E35540BF7ABBEF8E02.d.796D0302234824F1DDAE4479792668C5.e.308/click - {}
COMMAND: GET /session/a57d97dc01d30c0d707ac32c8676cc12/screenshot - {}
RESULT: {}
RESULT: {}
COMMAND: GET /session/a57d97dc01d30c0d707ac32c8676cc12/screenshot - {}
RESULT: {}
COMMAND: POST /session/a57d97dc01d30c0d707ac32c8676cc12/element - {"using":"xpath","value":"//input[@id=\"application-manageyards-display-component---NewYard--yardId-inner\"]"}
RESULT: {}
RESULT: {"using":"xpath","value":"//input[@id=\"application-manageyards-display-component---NewYard--yardId-inner\"]"}
COMMAND: POST /session/a57d97dc01d30c0d707ac32c8676cc12/element - {"using":"xpath","value":"//input[@id=\"application-manageyards-display-component---NewYard--yardId-inner\"]"}
RESULT: {"using":"xpath","value":"//input[@id=\"application-manageyards-display-component---NewYard--yardId-inner\"]"}
COMMAND: POST /session/a57d97dc01d30c0d707ac32c8676cc12/execute/async - {"script":"<script> [1562 bytes]","args":[{"selector":{"id":"application-manageyards-display-component---NewYard--addressDetailDetailsName1","interaction":{"idSuffix":"inner"}},"wdio_ui5_key":"applicationmanageyards-display-component---NewYard--addressDetailDetailsName1"}]}
RESULT: {"script":"<script> [1562 bytes]","args":[{"selector":{"id":"application-manageyards-display-component---NewYard--addressDetailDetailsName1","interaction":{"idSuffix":"inner"}},"wdio_ui5_key":"applicationmanageyards-display-component---NewYard--addressDetailDetailsName1"}]}
RESULT: undefined
COMMAND: POST /session/a57d97dc01d30c0d707ac32c8676cc12/execute/async - {"script":"<script> [776 bytes]","args":[{"enterText":"Other Yard WDIO","selector":{"id":"application-manageyards-display-component---NewYard--addressDetailDetailsName1","interaction":{"idSuffix":"inner"}},"clearTextFirst":true,"interactionType":"ENTER_TEXT"}]}
RESULT: {"script":"<script> [776 bytes]","args":[{"enterText":"Other Yard WDIO","selector":{"id":"application-manageyards-display-component---NewYard--addressDetailDetailsName1","interaction":{"idSuffix":"inner"}},"clearTextFirst":true,"interactionType":"ENTER_TEXT"}]}
COMMAND: POST /session/a57d97dc01d30c0d707ac32c8676cc12/execute/async - {"script":"<script> [1562 bytes]","args":[{"selector":{"id":"application-manageyards-display-component---NewYard--addressDetailDetailsLanguage-arrow"},"wdio_ui5_key":"applicationmanageyards-display-component---NewYard--addressDetailDetailsLanguage-arrow"}]}
RESULT: {"script":"<script> [1562 bytes]","args":[{"selector":{"id":"application-manageyards-display-component---NewYard--addressDetailDetailsLanguage-arrow"},"wdio_ui5_key":"applicationmanageyards-display-component---NewYard--addressDetailDetailsLanguage-arrow"}]}
RESULT: undefined
COMMAND: POST /session/a57d97dc01d30c0d707ac32c8676cc12/element - {"using":"xpath","value":"//*[@id=\"application-manageyards-display-component---NewYard--addressDetailDetailsLanguage-arrow\"]"}
RESULT: {"using":"xpath","value":"//*[@id=\"application-manageyards-display-component---NewYard--addressDetailDetailsLanguage-arrow\"]"}
COMMAND: POST /session/a57d97dc01d30c0d707ac32c8676cc12/element/f.AA77304496C5C3E35540BF7ABBEF8E02.d.796D0302234824F1DDAE4479792668C5.e.743/click - {}
RESULT: {}
COMMAND: POST /session/a57d97dc01d30c0d707ac32c8676cc12/element - {"using":"xpath","value":"//span[contains(text(), \"English\")]"}
COMMAND: GET /session/a57d97dc01d30c0d707ac32c8676cc12/screenshot - {}
RESULT: {"using":"xpath","value":"//span[contains(text(), \"English\")]"}
COMMAND: POST /session/a57d97dc01d30c0d707ac32c8676cc12/element/f.AA77304496C5C3E35540BF7ABBEF8E02.d.796D0302234824F1DDAE4479792668C5.e.744/click - {}
RESULT: {}
RESULT: {}
COMMAND: POST /session/a57d97dc01d30c0d707ac32c8676cc12/execute/async - {"script":"<script> [1562 bytes]","args":[{"selector":{"id":"application-manageyards-display-component---NewYard--addressDetailDetailsCity1","interaction":{"idSuffix":"inner"}},"wdio_ui5_key":"applicationmanageyards-display-component---NewYard--addressDetailDetailsCity1"}]}
COMMAND: GET /session/a57d97dc01d30c0d707ac32c8676cc12/screenshot - {}
RESULT: {"script":"<script> [1562 bytes]","args":[{"selector":{"id":"application-manageyards-display-component---NewYard--addressDetailDetailsCity1","interaction":{"idSuffix":"inner"}},"wdio_ui5_key":"applicationmanageyards-display-component---NewYard--addressDetailDetailsCity1"}]}
RESULT: undefined
COMMAND: POST /session/a57d97dc01d30c0d707ac32c8676cc12/execute/async - {"script":"<script> [776 bytes]","args":[{"enterText":"Rosario","selector":{"id":"application-manageyards-display-component---NewYard--addressDetailDetailsCity1","interaction":{"idSuffix":"inner"}},"clearTextFirst":true,"interactionType":"ENTER_TEXT"}]}
RESULT: {}
RESULT: {"script":"<script> [776 bytes]","args":[{"enterText":"Rosario","selector":{"id":"application-manageyards-display-component---NewYard--addressDetailDetailsCity1","interaction":{"idSuffix":"inner"}},"clearTextFirst":true,"interactionType":"ENTER_TEXT"}]}
COMMAND: POST /session/a57d97dc01d30c0d707ac32c8676cc12/execute/async - {"script":"<script> [1562 bytes]","args":[{"selector":{"id":"application-manageyards-display-component---NewYard--addressDetailDetailsCountry-arrow"},"wdio_ui5_key":"applicationmanageyards-display-component---NewYard--addressDetailDetailsCountry-arrow"}]}
RESULT: {"script":"<script> [1562 bytes]","args":[{"selector":{"id":"application-manageyards-display-component---NewYard--addressDetailDetailsCountry-arrow"},"wdio_ui5_key":"applicationmanageyards-display-component---NewYard--addressDetailDetailsCountry-arrow"}]}
RESULT: undefined
COMMAND: POST /session/a57d97dc01d30c0d707ac32c8676cc12/element - {"using":"xpath","value":"//*[@id=\"application-manageyards-display-component---NewYard--addressDetailDetailsCountry-arrow\"]"}
RESULT: {"using":"xpath","value":"//*[@id=\"application-manageyards-display-component---NewYard--addressDetailDetailsCountry-arrow\"]"}
COMMAND: POST /session/a57d97dc01d30c0d707ac32c8676cc12/element/f.AA77304496C5C3E35540BF7ABBEF8E02.d.796D0302234824F1DDAE4479792668C5.e.746/click - {}
RESULT: {}
COMMAND: POST /session/a57d97dc01d30c0d707ac32c8676cc12/element - {"using":"xpath","value":"//span[contains(text(), \"Argentina\")]"}
COMMAND: GET /session/a57d97dc01d30c0d707ac32c8676cc12/screenshot - {}
RESULT: {"using":"xpath","value":"//span[contains(text(), \"Argentina\")]"}
COMMAND: POST /session/a57d97dc01d30c0d707ac32c8676cc12/element/f.AA77304496C5C3E35540BF7ABBEF8E02.d.796D0302234824F1DDAE4479792668C5.e.747/click - {}
RESULT: {}
RESULT: {}
COMMAND: POST /session/a57d97dc01d30c0d707ac32c8676cc12/execute/async - {"script":"<script> [1562 bytes]","args":[{"selector":{"id":"application-manageyards-display-component---NewYard--addressEditDetailsCostObjectCstType-arrow"},"wdio_ui5_key":"applicationmanageyards-display-component---NewYard--addressEditDetailsCostObjectCstType-arrow"}]}
COMMAND: GET /session/a57d97dc01d30c0d707ac32c8676cc12/screenshot - {}
RESULT: {"script":"<script> [1562 bytes]","args":[{"selector":{"id":"application-manageyards-display-component---NewYard--addressEditDetailsCostObjectCstType-arrow"},"wdio_ui5_key":"applicationmanageyards-display-component---NewYard--addressEditDetailsCostObjectCstType-arrow"}]}
RESULT: undefined
COMMAND: POST /session/a57d97dc01d30c0d707ac32c8676cc12/element - {"using":"xpath","value":"//*[@id=\"application-manageyards-display-component---NewYard--addressEditDetailsCostObjectCstType-arrow\"]"}
RESULT: {}
RESULT: {"using":"xpath","value":"//*[@id=\"application-manageyards-display-component---NewYard--addressEditDetailsCostObjectCstType-arrow\"]"}
COMMAND: POST /session/a57d97dc01d30c0d707ac32c8676cc12/element/f.AA77304496C5C3E35540BF7ABBEF8E02.d.796D0302234824F1DDAE4479792668C5.e.749/click - {}
RESULT: {}
COMMAND: POST /session/a57d97dc01d30c0d707ac32c8676cc12/element - {"using":"xpath","value":"//span[contains(text(), \"Cost Center\")]"}
COMMAND: GET /session/a57d97dc01d30c0d707ac32c8676cc12/screenshot - {}
RESULT: {"using":"xpath","value":"//span[contains(text(), \"Cost Center\")]"}
COMMAND: POST /session/a57d97dc01d30c0d707ac32c8676cc12/element/f.AA77304496C5C3E35540BF7ABBEF8E02.d.796D0302234824F1DDAE4479792668C5.e.750/click - {}
RESULT: {}
RESULT: {}
COMMAND: GET /session/a57d97dc01d30c0d707ac32c8676cc12/screenshot - {}
RESULT: {}
COMMAND: POST /session/a57d97dc01d30c0d707ac32c8676cc12/element - {"using":"xpath","value":"//span[@id=\"application-manageyards-display-component---NewYard--addressNewCostObjectCstID-vhi\"]"}
RESULT: {"using":"xpath","value":"//span[@id=\"application-manageyards-display-component---NewYard--addressNewCostObjectCstID-vhi\"]"}
COMMAND: POST /session/a57d97dc01d30c0d707ac32c8676cc12/execute/sync - {"script":"<script> [8489 bytes]","args":[{"element-6066-11e4-a52e-4f735466cecf":"f.AA77304496C5C3E35540BF7ABBEF8E02.d.796D0302234824F1DDAE4479792668C5.e.754","ELEMENT":"f.AA77304496C5C3E35540BF7ABBEF8E02.d.796D0302234824F1DDAE4479792668C5.e.754"}]}
RESULT: {"script":"<script> [8489 bytes]","args":[{"element-6066-11e4-a52e-4f735466cecf":"f.AA77304496C5C3E35540BF7ABBEF8E02.d.796D0302234824F1DDAE4479792668C5.e.754","ELEMENT":"f.AA77304496C5C3E35540BF7ABBEF8E02.d.796D0302234824F1DDAE4479792668C5.e.754"}]}
COMMAND: POST /session/a57d97dc01d30c0d707ac32c8676cc12/execute/async - {"script":"<script> [1562 bytes]","args":[{"selector":{"id":"application-manageyards-display-component---NewYard--addressNewCostObjectCstID-vhi"},"wdio_ui5_key":"applicationmanageyards-display-component---NewYard--addressNewCostObjectCstID-vhi"}]}
COMMAND: GET /session/a57d97dc01d30c0d707ac32c8676cc12/screenshot - {}
RESULT: {}
RESULT: {"script":"<script> [1562 bytes]","args":[{"selector":{"id":"application-manageyards-display-component---NewYard--addressNewCostObjectCstID-vhi"},"wdio_ui5_key":"applicationmanageyards-display-component---NewYard--addressNewCostObjectCstID-vhi"}]}
RESULT: undefined
COMMAND: POST /session/a57d97dc01d30c0d707ac32c8676cc12/element - {"using":"xpath","value":"//*[@id=\"application-manageyards-display-component---NewYard--addressNewCostObjectCstID-vhi\"]"}
RESULT: {"using":"xpath","value":"//*[@id=\"application-manageyards-display-component---NewYard--addressNewCostObjectCstID-vhi\"]"}
COMMAND: POST /session/a57d97dc01d30c0d707ac32c8676cc12/element/f.AA77304496C5C3E35540BF7ABBEF8E02.d.796D0302234824F1DDAE4479792668C5.e.754/click - {}
RESULT: {}
COMMAND: GET /session/a57d97dc01d30c0d707ac32c8676cc12/screenshot - {}
RESULT: {}
COMMAND: POST /session/a57d97dc01d30c0d707ac32c8676cc12/execute/async - {"script":"<script> [1562 bytes]","args":[{"selector":{"controlType":"sap.m.SearchField","properties":{"placeholder":"Search"},"searchOpenDialogs":true,"interaction":{"idSuffix":"I"}},"wdio_ui5_key":"sapm.SearchField{\"placeholder\":\"Search\"}"}]}
RESULT: {"script":"<script> [1562 bytes]","args":[{"selector":{"controlType":"sap.m.SearchField","properties":{"placeholder":"Search"},"searchOpenDialogs":true,"interaction":{"idSuffix":"I"}},"wdio_ui5_key":"sapm.SearchField{\"placeholder\":\"Search\"}"}]}
RESULT: undefined
COMMAND: POST /session/a57d97dc01d30c0d707ac32c8676cc12/execute/async - {"script":"<script> [776 bytes]","args":[{"enterText":"bauh_b","selector":{"controlType":"sap.m.SearchField","properties":{"placeholder":"Search"},"searchOpenDialogs":true,"interaction":{"idSuffix":"I"}},"clearTextFirst":true,"interactionType":"ENTER_TEXT"}]}
RESULT: {"script":"<script> [776 bytes]","args":[{"enterText":"bauh_b","selector":{"controlType":"sap.m.SearchField","properties":{"placeholder":"Search"},"searchOpenDialogs":true,"interaction":{"idSuffix":"I"}},"clearTextFirst":true,"interactionType":"ENTER_TEXT"}]}
COMMAND: POST /session/a57d97dc01d30c0d707ac32c8676cc12/actions - {"actions":[{"id":"action1","type":"key","parameters":{},"actions":[{"type":"keyDown","value":"î€‡"},{"type":"pause","duration":10},{"type":"keyUp","value":"î€‡"}]}]}
RESULT: {"actions":[{"id":"action1","type":"key","parameters":{},"actions":[{"type":"keyDown","value":"î€‡"},{"type":"pause","duration":10},{"type":"keyUp","value":"î€‡"}]}]}
COMMAND: GET /session/a57d97dc01d30c0d707ac32c8676cc12/screenshot - {}
RESULT: {}
COMMAND: POST /session/a57d97dc01d30c0d707ac32c8676cc12/element - {"using":"xpath","value":"//span[contains(text(), \"Demo Yard\")]"}
RESULT: {"using":"xpath","value":"//span[contains(text(), \"Demo Yard\")]"}
COMMAND: POST /session/a57d97dc01d30c0d707ac32c8676cc12/element/f.AA77304496C5C3E35540BF7ABBEF8E02.d.796D0302234824F1DDAE4479792668C5.e.795/click - {}
RESULT: {}
COMMAND: GET /session/a57d97dc01d30c0d707ac32c8676cc12/screenshot - {}
RESULT: {}
COMMAND: POST /session/a57d97dc01d30c0d707ac32c8676cc12/element - {"using":"xpath","value":"//bdi[contains(text(), \"OK\")]"}
RESULT: {"using":"xpath","value":"//bdi[contains(text(), \"OK\")]"}
COMMAND: POST /session/a57d97dc01d30c0d707ac32c8676cc12/element/f.AA77304496C5C3E35540BF7ABBEF8E02.d.796D0302234824F1DDAE4479792668C5.e.796/click - {}
RESULT: {}
COMMAND: GET /session/a57d97dc01d30c0d707ac32c8676cc12/screenshot - {}
RESULT: {}
COMMAND: POST /session/a57d97dc01d30c0d707ac32c8676cc12/execute/async - {"script":"<script> [1562 bytes]","args":[{"selector":{"id":"application-manageyards-display-component---NewYard--addressEditDetailsCurrency-arrow"},"wdio_ui5_key":"applicationmanageyards-display-component---NewYard--addressEditDetailsCurrency-arrow"}]}
RESULT: {"script":"<script> [1562 bytes]","args":[{"selector":{"id":"application-manageyards-display-component---NewYard--addressEditDetailsCurrency-arrow"},"wdio_ui5_key":"applicationmanageyards-display-component---NewYard--addressEditDetailsCurrency-arrow"}]}
RESULT: undefined
COMMAND: POST /session/a57d97dc01d30c0d707ac32c8676cc12/element - {"using":"xpath","value":"//*[@id=\"application-manageyards-display-component---NewYard--addressEditDetailsCurrency-arrow\"]"}
RESULT: {"using":"xpath","value":"//*[@id=\"application-manageyards-display-component---NewYard--addressEditDetailsCurrency-arrow\"]"}
COMMAND: POST /session/a57d97dc01d30c0d707ac32c8676cc12/element/f.AA77304496C5C3E35540BF7ABBEF8E02.d.796D0302234824F1DDAE4479792668C5.e.799/click - {}
RESULT: {}
COMMAND: POST /session/a57d97dc01d30c0d707ac32c8676cc12/element - {"using":"xpath","value":"//span[contains(text(), \"Euro\")]"}
COMMAND: GET /session/a57d97dc01d30c0d707ac32c8676cc12/screenshot - {}
RESULT: {"using":"xpath","value":"//span[contains(text(), \"Euro\")]"}
COMMAND: POST /session/a57d97dc01d30c0d707ac32c8676cc12/element/f.AA77304496C5C3E35540BF7ABBEF8E02.d.796D0302234824F1DDAE4479792668C5.e.800/click - {}
RESULT: {}
RESULT: {}
COMMAND: POST /session/a57d97dc01d30c0d707ac32c8676cc12/execute/async - {"script":"<script> [1562 bytes]","args":[{"selector":{"controlType":"sap.m.Input","viewName":"etm.portal.ui.manageyards.view.New","viewId":"application-manageyards-display-component---NewYard","bindingPath":{"path":"","propertyPath":"/CONTROLLING_AREA","modelName":"NewYardModel"},"interaction":{"idSuffix":"inner"}},"wdio_ui5_key":"etmportal.ui.manageyards.view.Newsap.m.Input{\"path\":\"\",\"propertyPath\":\"/CONTROLLING_AREA\",\"modelName\":\"NewYardModel\"}"}]}
COMMAND: GET /session/a57d97dc01d30c0d707ac32c8676cc12/screenshot - {}
RESULT: {"script":"<script> [1562 bytes]","args":[{"selector":{"controlType":"sap.m.Input","viewName":"etm.portal.ui.manageyards.view.New","viewId":"application-manageyards-display-component---NewYard","bindingPath":{"path":"","propertyPath":"/CONTROLLING_AREA","modelName":"NewYardModel"},"interaction":{"idSuffix":"inner"}},"wdio_ui5_key":"etmportal.ui.manageyards.view.Newsap.m.Input{\"path\":\"\",\"propertyPath\":\"/CONTROLLING_AREA\",\"modelName\":\"NewYardModel\"}"}]}
RESULT: undefined
COMMAND: POST /session/a57d97dc01d30c0d707ac32c8676cc12/execute/async - {"script":"<script> [776 bytes]","args":[{"enterText":"Z001","selector":{"controlType":"sap.m.Input","viewName":"etm.portal.ui.manageyards.view.New","viewId":"application-manageyards-display-component---NewYard","bindingPath":{"path":"","propertyPath":"/CONTROLLING_AREA","modelName":"NewYardModel"},"interaction":{"idSuffix":"inner"}},"clearTextFirst":true,"interactionType":"ENTER_TEXT"}]}
RESULT: {}
RESULT: {"script":"<script> [776 bytes]","args":[{"enterText":"Z001","selector":{"controlType":"sap.m.Input","viewName":"etm.portal.ui.manageyards.view.New","viewId":"application-manageyards-display-component---NewYard","bindingPath":{"path":"","propertyPath":"/CONTROLLING_AREA","modelName":"NewYardModel"},"interaction":{"idSuffix":"inner"}},"clearTextFirst":true,"interactionType":"ENTER_TEXT"}]}
COMMAND: POST /session/a57d97dc01d30c0d707ac32c8676cc12/execute/async - {"script":"<script> [1562 bytes]","args":[{"selector":{"id":"application-manageyards-display-component---NewYard--companyCodeComboBox","interaction":{"idSuffix":"inner"}},"wdio_ui5_key":"applicationmanageyards-display-component---NewYard--companyCodeComboBox"}]}
RESULT: {"script":"<script> [1562 bytes]","args":[{"selector":{"id":"application-manageyards-display-component---NewYard--companyCodeComboBox","interaction":{"idSuffix":"inner"}},"wdio_ui5_key":"applicationmanageyards-display-component---NewYard--companyCodeComboBox"}]}
RESULT: undefined
COMMAND: POST /session/a57d97dc01d30c0d707ac32c8676cc12/execute/async - {"script":"<script> [776 bytes]","args":[{"enterText":"1000","selector":{"id":"application-manageyards-display-component---NewYard--companyCodeComboBox","interaction":{"idSuffix":"inner"}},"clearTextFirst":true,"interactionType":"ENTER_TEXT"}]}
RESULT: {"script":"<script> [776 bytes]","args":[{"enterText":"1000","selector":{"id":"application-manageyards-display-component---NewYard--companyCodeComboBox","interaction":{"idSuffix":"inner"}},"clearTextFirst":true,"interactionType":"ENTER_TEXT"}]}
COMMAND: POST /session/a57d97dc01d30c0d707ac32c8676cc12/execute/async - {"script":"<script> [1562 bytes]","args":[{"selector":{"controlType":"sap.m.Input","viewName":"etm.portal.ui.manageyards.view.New","viewId":"application-manageyards-display-component---NewYard","bindingPath":{"path":"","propertyPath":"/PLANT","modelName":"NewYardModel"},"interaction":{"idSuffix":"inner"}},"wdio_ui5_key":"etmportal.ui.manageyards.view.Newsap.m.Input{\"path\":\"\",\"propertyPath\":\"/PLANT\",\"modelName\":\"NewYardModel\"}"}]}
RESULT: {"script":"<script> [1562 bytes]","args":[{"selector":{"controlType":"sap.m.Input","viewName":"etm.portal.ui.manageyards.view.New","viewId":"application-manageyards-display-component---NewYard","bindingPath":{"path":"","propertyPath":"/PLANT","modelName":"NewYardModel"},"interaction":{"idSuffix":"inner"}},"wdio_ui5_key":"etmportal.ui.manageyards.view.Newsap.m.Input{\"path\":\"\",\"propertyPath\":\"/PLANT\",\"modelName\":\"NewYardModel\"}"}]}
RESULT: undefined
COMMAND: POST /session/a57d97dc01d30c0d707ac32c8676cc12/execute/async - {"script":"<script> [776 bytes]","args":[{"enterText":"1001","selector":{"controlType":"sap.m.Input","viewName":"etm.portal.ui.manageyards.view.New","viewId":"application-manageyards-display-component---NewYard","bindingPath":{"path":"","propertyPath":"/PLANT","modelName":"NewYardModel"},"interaction":{"idSuffix":"inner"}},"clearTextFirst":true,"interactionType":"ENTER_TEXT"}]}
RESULT: {"script":"<script> [776 bytes]","args":[{"enterText":"1001","selector":{"controlType":"sap.m.Input","viewName":"etm.portal.ui.manageyards.view.New","viewId":"application-manageyards-display-component---NewYard","bindingPath":{"path":"","propertyPath":"/PLANT","modelName":"NewYardModel"},"interaction":{"idSuffix":"inner"}},"clearTextFirst":true,"interactionType":"ENTER_TEXT"}]}
COMMAND: POST /session/a57d97dc01d30c0d707ac32c8676cc12/execute/async - {"script":"<script> [1562 bytes]","args":[{"selector":{"controlType":"sap.m.Input","viewName":"etm.portal.ui.manageyards.view.New","viewId":"application-manageyards-display-component---NewYard","bindingPath":{"path":"","propertyPath":"/SALES_AREA_VKORG","modelName":"NewYardModel"},"interaction":{"idSuffix":"inner"}},"wdio_ui5_key":"etmportal.ui.manageyards.view.Newsap.m.Input{\"path\":\"\",\"propertyPath\":\"/SALES_AREA_VKORG\",\"modelName\":\"NewYardModel\"}"}]}
RESULT: {"script":"<script> [1562 bytes]","args":[{"selector":{"controlType":"sap.m.Input","viewName":"etm.portal.ui.manageyards.view.New","viewId":"application-manageyards-display-component---NewYard","bindingPath":{"path":"","propertyPath":"/SALES_AREA_VKORG","modelName":"NewYardModel"},"interaction":{"idSuffix":"inner"}},"wdio_ui5_key":"etmportal.ui.manageyards.view.Newsap.m.Input{\"path\":\"\",\"propertyPath\":\"/SALES_AREA_VKORG\",\"modelName\":\"NewYardModel\"}"}]}
RESULT: undefined
COMMAND: POST /session/a57d97dc01d30c0d707ac32c8676cc12/execute/async - {"script":"<script> [776 bytes]","args":[{"enterText":"C002","selector":{"controlType":"sap.m.Input","viewName":"etm.portal.ui.manageyards.view.New","viewId":"application-manageyards-display-component---NewYard","bindingPath":{"path":"","propertyPath":"/SALES_AREA_VKORG","modelName":"NewYardModel"},"interaction":{"idSuffix":"inner"}},"clearTextFirst":true,"interactionType":"ENTER_TEXT"}]}
RESULT: {"script":"<script> [776 bytes]","args":[{"enterText":"C002","selector":{"controlType":"sap.m.Input","viewName":"etm.portal.ui.manageyards.view.New","viewId":"application-manageyards-display-component---NewYard","bindingPath":{"path":"","propertyPath":"/SALES_AREA_VKORG","modelName":"NewYardModel"},"interaction":{"idSuffix":"inner"}},"clearTextFirst":true,"interactionType":"ENTER_TEXT"}]}
COMMAND: POST /session/a57d97dc01d30c0d707ac32c8676cc12/execute/async - {"script":"<script> [1562 bytes]","args":[{"selector":{"controlType":"sap.m.Input","viewName":"etm.portal.ui.manageyards.view.New","viewId":"application-manageyards-display-component---NewYard","bindingPath":{"path":"","propertyPath":"/SALES_AREA_VTWEG","modelName":"NewYardModel"},"interaction":{"idSuffix":"inner"}},"wdio_ui5_key":"etmportal.ui.manageyards.view.Newsap.m.Input{\"path\":\"\",\"propertyPath\":\"/SALES_AREA_VTWEG\",\"modelName\":\"NewYardModel\"}"}]}
RESULT: {"script":"<script> [1562 bytes]","args":[{"selector":{"controlType":"sap.m.Input","viewName":"etm.portal.ui.manageyards.view.New","viewId":"application-manageyards-display-component---NewYard","bindingPath":{"path":"","propertyPath":"/SALES_AREA_VTWEG","modelName":"NewYardModel"},"interaction":{"idSuffix":"inner"}},"wdio_ui5_key":"etmportal.ui.manageyards.view.Newsap.m.Input{\"path\":\"\",\"propertyPath\":\"/SALES_AREA_VTWEG\",\"modelName\":\"NewYardModel\"}"}]}
RESULT: undefined
COMMAND: POST /session/a57d97dc01d30c0d707ac32c8676cc12/execute/async - {"script":"<script> [776 bytes]","args":[{"enterText":"C2","selector":{"controlType":"sap.m.Input","viewName":"etm.portal.ui.manageyards.view.New","viewId":"application-manageyards-display-component---NewYard","bindingPath":{"path":"","propertyPath":"/SALES_AREA_VTWEG","modelName":"NewYardModel"},"interaction":{"idSuffix":"inner"}},"clearTextFirst":true,"interactionType":"ENTER_TEXT"}]}
RESULT: {"script":"<script> [776 bytes]","args":[{"enterText":"C2","selector":{"controlType":"sap.m.Input","viewName":"etm.portal.ui.manageyards.view.New","viewId":"application-manageyards-display-component---NewYard","bindingPath":{"path":"","propertyPath":"/SALES_AREA_VTWEG","modelName":"NewYardModel"},"interaction":{"idSuffix":"inner"}},"clearTextFirst":true,"interactionType":"ENTER_TEXT"}]}
COMMAND: POST /session/a57d97dc01d30c0d707ac32c8676cc12/execute/async - {"script":"<script> [1562 bytes]","args":[{"selector":{"controlType":"sap.m.Input","viewName":"etm.portal.ui.manageyards.view.New","viewId":"application-manageyards-display-component---NewYard","bindingPath":{"path":"","propertyPath":"/SALES_AREA_SPART","modelName":"NewYardModel"},"interaction":{"idSuffix":"inner"}},"wdio_ui5_key":"etmportal.ui.manageyards.view.Newsap.m.Input{\"path\":\"\",\"propertyPath\":\"/SALES_AREA_SPART\",\"modelName\":\"NewYardModel\"}"}]}
RESULT: {"script":"<script> [1562 bytes]","args":[{"selector":{"controlType":"sap.m.Input","viewName":"etm.portal.ui.manageyards.view.New","viewId":"application-manageyards-display-component---NewYard","bindingPath":{"path":"","propertyPath":"/SALES_AREA_SPART","modelName":"NewYardModel"},"interaction":{"idSuffix":"inner"}},"wdio_ui5_key":"etmportal.ui.manageyards.view.Newsap.m.Input{\"path\":\"\",\"propertyPath\":\"/SALES_AREA_SPART\",\"modelName\":\"NewYardModel\"}"}]}
RESULT: undefined
COMMAND: POST /session/a57d97dc01d30c0d707ac32c8676cc12/execute/async - {"script":"<script> [776 bytes]","args":[{"enterText":"C2","selector":{"controlType":"sap.m.Input","viewName":"etm.portal.ui.manageyards.view.New","viewId":"application-manageyards-display-component---NewYard","bindingPath":{"path":"","propertyPath":"/SALES_AREA_SPART","modelName":"NewYardModel"},"interaction":{"idSuffix":"inner"}},"clearTextFirst":true,"interactionType":"ENTER_TEXT"}]}
RESULT: {"script":"<script> [776 bytes]","args":[{"enterText":"C2","selector":{"controlType":"sap.m.Input","viewName":"etm.portal.ui.manageyards.view.New","viewId":"application-manageyards-display-component---NewYard","bindingPath":{"path":"","propertyPath":"/SALES_AREA_SPART","modelName":"NewYardModel"},"interaction":{"idSuffix":"inner"}},"clearTextFirst":true,"interactionType":"ENTER_TEXT"}]}
COMMAND: POST /session/a57d97dc01d30c0d707ac32c8676cc12/execute/async - {"script":"<script> [1562 bytes]","args":[{"selector":{"controlType":"sap.m.Input","viewName":"etm.portal.ui.manageyards.view.New","viewId":"application-manageyards-display-component---NewYard","bindingPath":{"path":"","propertyPath":"/SHIP_POINT","modelName":"NewYardModel"},"interaction":{"idSuffix":"inner"}},"wdio_ui5_key":"etmportal.ui.manageyards.view.Newsap.m.Input{\"path\":\"\",\"propertyPath\":\"/SHIP_POINT\",\"modelName\":\"NewYardModel\"}"}]}
RESULT: {"script":"<script> [1562 bytes]","args":[{"selector":{"controlType":"sap.m.Input","viewName":"etm.portal.ui.manageyards.view.New","viewId":"application-manageyards-display-component---NewYard","bindingPath":{"path":"","propertyPath":"/SHIP_POINT","modelName":"NewYardModel"},"interaction":{"idSuffix":"inner"}},"wdio_ui5_key":"etmportal.ui.manageyards.view.Newsap.m.Input{\"path\":\"\",\"propertyPath\":\"/SHIP_POINT\",\"modelName\":\"NewYardModel\"}"}]}
RESULT: undefined
COMMAND: POST /session/a57d97dc01d30c0d707ac32c8676cc12/execute/async - {"script":"<script> [776 bytes]","args":[{"enterText":"1710","selector":{"controlType":"sap.m.Input","viewName":"etm.portal.ui.manageyards.view.New","viewId":"application-manageyards-display-component---NewYard","bindingPath":{"path":"","propertyPath":"/SHIP_POINT","modelName":"NewYardModel"},"interaction":{"idSuffix":"inner"}},"clearTextFirst":true,"interactionType":"ENTER_TEXT"}]}
RESULT: {"script":"<script> [776 bytes]","args":[{"enterText":"1710","selector":{"controlType":"sap.m.Input","viewName":"etm.portal.ui.manageyards.view.New","viewId":"application-manageyards-display-component---NewYard","bindingPath":{"path":"","propertyPath":"/SHIP_POINT","modelName":"NewYardModel"},"interaction":{"idSuffix":"inner"}},"clearTextFirst":true,"interactionType":"ENTER_TEXT"}]}
COMMAND: POST /session/a57d97dc01d30c0d707ac32c8676cc12/execute/async - {"script":"<script> [1562 bytes]","args":[{"selector":{"controlType":"sap.m.Input","viewName":"etm.portal.ui.manageyards.view.New","viewId":"application-manageyards-display-component---NewYard","bindingPath":{"path":"","propertyPath":"/DELIVERY_TYPE","modelName":"NewYardModel"},"interaction":{"idSuffix":"inner"}},"wdio_ui5_key":"etmportal.ui.manageyards.view.Newsap.m.Input{\"path\":\"\",\"propertyPath\":\"/DELIVERY_TYPE\",\"modelName\":\"NewYardModel\"}"}]}
RESULT: {"script":"<script> [1562 bytes]","args":[{"selector":{"controlType":"sap.m.Input","viewName":"etm.portal.ui.manageyards.view.New","viewId":"application-manageyards-display-component---NewYard","bindingPath":{"path":"","propertyPath":"/DELIVERY_TYPE","modelName":"NewYardModel"},"interaction":{"idSuffix":"inner"}},"wdio_ui5_key":"etmportal.ui.manageyards.view.Newsap.m.Input{\"path\":\"\",\"propertyPath\":\"/DELIVERY_TYPE\",\"modelName\":\"NewYardModel\"}"}]}
RESULT: undefined
COMMAND: POST /session/a57d97dc01d30c0d707ac32c8676cc12/execute/async - {"script":"<script> [776 bytes]","args":[{"enterText":"ZL01","selector":{"controlType":"sap.m.Input","viewName":"etm.portal.ui.manageyards.view.New","viewId":"application-manageyards-display-component---NewYard","bindingPath":{"path":"","propertyPath":"/DELIVERY_TYPE","modelName":"NewYardModel"},"interaction":{"idSuffix":"inner"}},"clearTextFirst":true,"interactionType":"ENTER_TEXT"}]}
RESULT: {"script":"<script> [776 bytes]","args":[{"enterText":"ZL01","selector":{"controlType":"sap.m.Input","viewName":"etm.portal.ui.manageyards.view.New","viewId":"application-manageyards-display-component---NewYard","bindingPath":{"path":"","propertyPath":"/DELIVERY_TYPE","modelName":"NewYardModel"},"interaction":{"idSuffix":"inner"}},"clearTextFirst":true,"interactionType":"ENTER_TEXT"}]}
COMMAND: POST /session/a57d97dc01d30c0d707ac32c8676cc12/execute/async - {"script":"<script> [1562 bytes]","args":[{"selector":{"controlType":"sap.m.Input","viewName":"etm.portal.ui.manageyards.view.New","viewId":"application-manageyards-display-component---NewYard","bindingPath":{"path":"","propertyPath":"/AUART","modelName":"NewYardModel"},"interaction":{"idSuffix":"inner"}},"wdio_ui5_key":"etmportal.ui.manageyards.view.Newsap.m.Input{\"path\":\"\",\"propertyPath\":\"/AUART\",\"modelName\":\"NewYardModel\"}"}]}
RESULT: {"script":"<script> [1562 bytes]","args":[{"selector":{"controlType":"sap.m.Input","viewName":"etm.portal.ui.manageyards.view.New","viewId":"application-manageyards-display-component---NewYard","bindingPath":{"path":"","propertyPath":"/AUART","modelName":"NewYardModel"},"interaction":{"idSuffix":"inner"}},"wdio_ui5_key":"etmportal.ui.manageyards.view.Newsap.m.Input{\"path\":\"\",\"propertyPath\":\"/AUART\",\"modelName\":\"NewYardModel\"}"}]}
RESULT: undefined
COMMAND: POST /session/a57d97dc01d30c0d707ac32c8676cc12/execute/async - {"script":"<script> [776 bytes]","args":[{"enterText":"TA","selector":{"controlType":"sap.m.Input","viewName":"etm.portal.ui.manageyards.view.New","viewId":"application-manageyards-display-component---NewYard","bindingPath":{"path":"","propertyPath":"/AUART","modelName":"NewYardModel"},"interaction":{"idSuffix":"inner"}},"clearTextFirst":true,"interactionType":"ENTER_TEXT"}]}
RESULT: {"script":"<script> [776 bytes]","args":[{"enterText":"TA","selector":{"controlType":"sap.m.Input","viewName":"etm.portal.ui.manageyards.view.New","viewId":"application-manageyards-display-component---NewYard","bindingPath":{"path":"","propertyPath":"/AUART","modelName":"NewYardModel"},"interaction":{"idSuffix":"inner"}},"clearTextFirst":true,"interactionType":"ENTER_TEXT"}]}
COMMAND: POST /session/a57d97dc01d30c0d707ac32c8676cc12/element - {"using":"xpath","value":"//button[@data-kt=\"newYardSaveButton\"]"}
RESULT: {"using":"xpath","value":"//button[@data-kt=\"newYardSaveButton\"]"}
COMMAND: POST /session/a57d97dc01d30c0d707ac32c8676cc12/element/f.AA77304496C5C3E35540BF7ABBEF8E02.d.796D0302234824F1DDAE4479792668C5.e.726/click - {}
RESULT: {}
COMMAND: GET /session/a57d97dc01d30c0d707ac32c8676cc12/screenshot - {}
RESULT: {}
COMMAND: POST /session/a57d97dc01d30c0d707ac32c8676cc12/element - {"using":"xpath","value":"//header[contains(@id, 'ObjectPageLayout-headerTitle')]/div[1]/div[2]/div[1]/span[1]"}
RESULT: {"using":"xpath","value":"//header[contains(@id, 'ObjectPageLayout-headerTitle')]/div[1]/div[2]/div[1]/span[1]"}
COMMAND: POST /session/a57d97dc01d30c0d707ac32c8676cc12/elements - {"using":"xpath","value":"//header[contains(@id, 'ObjectPageLayout-headerTitle')]/div[1]/div[2]/div[1]/span[1]"}
RESULT: {"using":"xpath","value":"//header[contains(@id, 'ObjectPageLayout-headerTitle')]/div[1]/div[2]/div[1]/span[1]"}
COMMAND: POST /session/a57d97dc01d30c0d707ac32c8676cc12/execute/sync - {"script":"<script> [56 bytes]","args":[{"element-6066-11e4-a52e-4f735466cecf":"f.AA77304496C5C3E35540BF7ABBEF8E02.d.796D0302234824F1DDAE4479792668C5.e.1034","ELEMENT":"f.AA77304496C5C3E35540BF7ABBEF8E02.d.796D0302234824F1DDAE4479792668C5.e.1034"}]}
RESULT: {"script":"<script> [56 bytes]","args":[{"element-6066-11e4-a52e-4f735466cecf":"f.AA77304496C5C3E35540BF7ABBEF8E02.d.796D0302234824F1DDAE4479792668C5.e.1034","ELEMENT":"f.AA77304496C5C3E35540BF7ABBEF8E02.d.796D0302234824F1DDAE4479792668C5.e.1034"}]}
COMMAND: GET /session/a57d97dc01d30c0d707ac32c8676cc12/screenshot - {}
RESULT: {}
COMMAND: POST /session/a57d97dc01d30c0d707ac32c8676cc12/element - {"using":"css selector","value":"#shell-header-logo"}
RESULT: {"using":"css selector","value":"#shell-header-logo"}
COMMAND: POST /session/a57d97dc01d30c0d707ac32c8676cc12/element/f.AA77304496C5C3E35540BF7ABBEF8E02.d.796D0302234824F1DDAE4479792668C5.e.276/click - {}
RESULT: {}
COMMAND: GET /session/a57d97dc01d30c0d707ac32c8676cc12/screenshot - {}
RESULT: {}
COMMAND: POST /session/a57d97dc01d30c0d707ac32c8676cc12/execute/sync - {"script":"<script> [299 bytes]","args":[["getModel","getResource"]]}
RESULT: {"script":"<script> [299 bytes]","args":[["getModel","getResource"]]}
]]></system-out>
    </testcase>
    <testcase classname="chrome.137_0_7151_69.windows.Tests_for_Mass_State_Change_on_Manage_States_&amp;_Performances_US104416_US" name="Prereq Should create a new partner" time="136.539">
      <system-out><![CDATA[
COMMAND: POST /session/a57d97dc01d30c0d707ac32c8676cc12/window/fullscreen - {}
COMMAND: GET /session/a57d97dc01d30c0d707ac32c8676cc12/screenshot - {}
RESULT: {}
COMMAND: POST /session/a57d97dc01d30c0d707ac32c8676cc12/execute/async - {"script":"<script> [1562 bytes]","args":[{"selector":{"controlType":"sap.m.GenericTile","properties":{"header":"Manage Partners"}},"wdio_ui5_key":"sapm.GenericTile{\"header\":\"Manage Partners\"}"}]}
RESULT: {}
RESULT: {"script":"<script> [1562 bytes]","args":[{"selector":{"controlType":"sap.m.GenericTile","properties":{"header":"Manage Partners"}},"wdio_ui5_key":"sapm.GenericTile{\"header\":\"Manage Partners\"}"}]}
RESULT: undefined
COMMAND: POST /session/a57d97dc01d30c0d707ac32c8676cc12/element - {"using":"xpath","value":"//*[@id=\"__tile39\"]"}
RESULT: {"using":"xpath","value":"//*[@id=\"__tile39\"]"}
COMMAND: POST /session/a57d97dc01d30c0d707ac32c8676cc12/element/f.AA77304496C5C3E35540BF7ABBEF8E02.d.796D0302234824F1DDAE4479792668C5.e.161/click - {}
RESULT: {}
COMMAND: GET /session/a57d97dc01d30c0d707ac32c8676cc12/screenshot - {}
RESULT: {}
COMMAND: POST /session/a57d97dc01d30c0d707ac32c8676cc12/elements - {"using":"xpath","value":"//span[text()='Error']"}
RESULT: {"using":"xpath","value":"//span[text()='Error']"}
COMMAND: POST /session/a57d97dc01d30c0d707ac32c8676cc12/element - {"using":"xpath","value":"//button[@data-kt=\"addButton\"]"}
RESULT: {"using":"xpath","value":"//button[@data-kt=\"addButton\"]"}
COMMAND: POST /session/a57d97dc01d30c0d707ac32c8676cc12/elements - {"using":"xpath","value":"//button[@data-kt=\"addButton\"]"}
RESULT: {"using":"xpath","value":"//button[@data-kt=\"addButton\"]"}
COMMAND: POST /session/a57d97dc01d30c0d707ac32c8676cc12/elements - {"using":"xpath","value":"//button[@data-kt=\"addButton\"]"}
RESULT: {"using":"xpath","value":"//button[@data-kt=\"addButton\"]"}
COMMAND: POST /session/a57d97dc01d30c0d707ac32c8676cc12/element - {"using":"xpath","value":"//button[@data-kt=\"addButton\"]"}
RESULT: {"using":"xpath","value":"//button[@data-kt=\"addButton\"]"}
COMMAND: POST /session/a57d97dc01d30c0d707ac32c8676cc12/execute/sync - {"script":"<script> [8489 bytes]","args":[{"element-6066-11e4-a52e-4f735466cecf":"f.AA77304496C5C3E35540BF7ABBEF8E02.d.796D0302234824F1DDAE4479792668C5.e.1073","ELEMENT":"f.AA77304496C5C3E35540BF7ABBEF8E02.d.796D0302234824F1DDAE4479792668C5.e.1073"}]}
RESULT: {"script":"<script> [8489 bytes]","args":[{"element-6066-11e4-a52e-4f735466cecf":"f.AA77304496C5C3E35540BF7ABBEF8E02.d.796D0302234824F1DDAE4479792668C5.e.1073","ELEMENT":"f.AA77304496C5C3E35540BF7ABBEF8E02.d.796D0302234824F1DDAE4479792668C5.e.1073"}]}
COMMAND: GET /session/a57d97dc01d30c0d707ac32c8676cc12/element/f.AA77304496C5C3E35540BF7ABBEF8E02.d.796D0302234824F1DDAE4479792668C5.e.1073/enabled - {}
COMMAND: GET /session/a57d97dc01d30c0d707ac32c8676cc12/screenshot - {}
RESULT: {}
COMMAND: POST /session/a57d97dc01d30c0d707ac32c8676cc12/execute/sync - {"script":"<script> [8489 bytes]","args":[{"element-6066-11e4-a52e-4f735466cecf":"f.AA77304496C5C3E35540BF7ABBEF8E02.d.796D0302234824F1DDAE4479792668C5.e.1073","ELEMENT":"f.AA77304496C5C3E35540BF7ABBEF8E02.d.796D0302234824F1DDAE4479792668C5.e.1073"}]}
COMMAND: GET /session/a57d97dc01d30c0d707ac32c8676cc12/screenshot - {}
RESULT: {}
RESULT: {"script":"<script> [8489 bytes]","args":[{"element-6066-11e4-a52e-4f735466cecf":"f.AA77304496C5C3E35540BF7ABBEF8E02.d.796D0302234824F1DDAE4479792668C5.e.1073","ELEMENT":"f.AA77304496C5C3E35540BF7ABBEF8E02.d.796D0302234824F1DDAE4479792668C5.e.1073"}]}
COMMAND: POST /session/a57d97dc01d30c0d707ac32c8676cc12/execute/sync - {"script":"<script> [5351 bytes]","args":[{"element-6066-11e4-a52e-4f735466cecf":"f.AA77304496C5C3E35540BF7ABBEF8E02.d.796D0302234824F1DDAE4479792668C5.e.1073","ELEMENT":"f.AA77304496C5C3E35540BF7ABBEF8E02.d.796D0302234824F1DDAE4479792668C5.e.1073"}]}
COMMAND: GET /session/a57d97dc01d30c0d707ac32c8676cc12/screenshot - {}
RESULT: {}
RESULT: {"script":"<script> [5351 bytes]","args":[{"element-6066-11e4-a52e-4f735466cecf":"f.AA77304496C5C3E35540BF7ABBEF8E02.d.796D0302234824F1DDAE4479792668C5.e.1073","ELEMENT":"f.AA77304496C5C3E35540BF7ABBEF8E02.d.796D0302234824F1DDAE4479792668C5.e.1073"}]}
COMMAND: POST /session/a57d97dc01d30c0d707ac32c8676cc12/element/f.AA77304496C5C3E35540BF7ABBEF8E02.d.796D0302234824F1DDAE4479792668C5.e.1073/click - {}
COMMAND: GET /session/a57d97dc01d30c0d707ac32c8676cc12/screenshot - {}
RESULT: {}
RESULT: {}
COMMAND: GET /session/a57d97dc01d30c0d707ac32c8676cc12/screenshot - {}
COMMAND: POST /session/a57d97dc01d30c0d707ac32c8676cc12/execute/async - {"script":"<script> [1562 bytes]","args":[{"selector":{"id":"application-managepartners-display-component---NewPartner--addressDetailDetailsName1","interaction":{"idSuffix":"inner"}},"wdio_ui5_key":"applicationmanagepartners-display-component---NewPartner--addressDetailDetailsName1"}]}
RESULT: {}
RESULT: {}
RESULT: {"script":"<script> [1562 bytes]","args":[{"selector":{"id":"application-managepartners-display-component---NewPartner--addressDetailDetailsName1","interaction":{"idSuffix":"inner"}},"wdio_ui5_key":"applicationmanagepartners-display-component---NewPartner--addressDetailDetailsName1"}]}
RESULT: undefined
COMMAND: POST /session/a57d97dc01d30c0d707ac32c8676cc12/execute/async - {"script":"<script> [776 bytes]","args":[{"enterText":"Intracompany Partner WDIO","selector":{"id":"application-managepartners-display-component---NewPartner--addressDetailDetailsName1","interaction":{"idSuffix":"inner"}},"clearTextFirst":true,"interactionType":"ENTER_TEXT"}]}
RESULT: {"script":"<script> [776 bytes]","args":[{"enterText":"Intracompany Partner WDIO","selector":{"id":"application-managepartners-display-component---NewPartner--addressDetailDetailsName1","interaction":{"idSuffix":"inner"}},"clearTextFirst":true,"interactionType":"ENTER_TEXT"}]}
COMMAND: POST /session/a57d97dc01d30c0d707ac32c8676cc12/execute/async - {"script":"<script> [1562 bytes]","args":[{"selector":{"id":"application-managepartners-display-component---NewPartner--addressDetailDetailsLanguage-arrow"},"wdio_ui5_key":"applicationmanagepartners-display-component---NewPartner--addressDetailDetailsLanguage-arrow"}]}
RESULT: {"script":"<script> [1562 bytes]","args":[{"selector":{"id":"application-managepartners-display-component---NewPartner--addressDetailDetailsLanguage-arrow"},"wdio_ui5_key":"applicationmanagepartners-display-component---NewPartner--addressDetailDetailsLanguage-arrow"}]}
RESULT: undefined
COMMAND: POST /session/a57d97dc01d30c0d707ac32c8676cc12/element - {"using":"xpath","value":"//*[@id=\"application-managepartners-display-component---NewPartner--addressDetailDetailsLanguage-arrow\"]"}
RESULT: {"using":"xpath","value":"//*[@id=\"application-managepartners-display-component---NewPartner--addressDetailDetailsLanguage-arrow\"]"}
COMMAND: POST /session/a57d97dc01d30c0d707ac32c8676cc12/element/f.AA77304496C5C3E35540BF7ABBEF8E02.d.796D0302234824F1DDAE4479792668C5.e.1437/click - {}
RESULT: {}
COMMAND: POST /session/a57d97dc01d30c0d707ac32c8676cc12/element - {"using":"xpath","value":"//span[contains(text(), \"English\")]"}
COMMAND: GET /session/a57d97dc01d30c0d707ac32c8676cc12/screenshot - {}
RESULT: {"using":"xpath","value":"//span[contains(text(), \"English\")]"}
COMMAND: POST /session/a57d97dc01d30c0d707ac32c8676cc12/element/f.AA77304496C5C3E35540BF7ABBEF8E02.d.796D0302234824F1DDAE4479792668C5.e.1438/click - {}
RESULT: {}
RESULT: {}
COMMAND: GET /session/a57d97dc01d30c0d707ac32c8676cc12/screenshot - {}
RESULT: {}
COMMAND: POST /session/a57d97dc01d30c0d707ac32c8676cc12/execute/async - {"script":"<script> [1562 bytes]","args":[{"selector":{"id":"application-managepartners-display-component---NewPartner--addressDetailDetailsCity1","interaction":{"idSuffix":"inner"}},"wdio_ui5_key":"applicationmanagepartners-display-component---NewPartner--addressDetailDetailsCity1"}]}
RESULT: {"script":"<script> [1562 bytes]","args":[{"selector":{"id":"application-managepartners-display-component---NewPartner--addressDetailDetailsCity1","interaction":{"idSuffix":"inner"}},"wdio_ui5_key":"applicationmanagepartners-display-component---NewPartner--addressDetailDetailsCity1"}]}
RESULT: undefined
COMMAND: POST /session/a57d97dc01d30c0d707ac32c8676cc12/execute/async - {"script":"<script> [776 bytes]","args":[{"enterText":"Rosario","selector":{"id":"application-managepartners-display-component---NewPartner--addressDetailDetailsCity1","interaction":{"idSuffix":"inner"}},"clearTextFirst":true,"interactionType":"ENTER_TEXT"}]}
RESULT: {"script":"<script> [776 bytes]","args":[{"enterText":"Rosario","selector":{"id":"application-managepartners-display-component---NewPartner--addressDetailDetailsCity1","interaction":{"idSuffix":"inner"}},"clearTextFirst":true,"interactionType":"ENTER_TEXT"}]}
COMMAND: POST /session/a57d97dc01d30c0d707ac32c8676cc12/execute/async - {"script":"<script> [1562 bytes]","args":[{"selector":{"id":"application-managepartners-display-component---NewPartner--addressDetailDetailsCountry-arrow"},"wdio_ui5_key":"applicationmanagepartners-display-component---NewPartner--addressDetailDetailsCountry-arrow"}]}
RESULT: {"script":"<script> [1562 bytes]","args":[{"selector":{"id":"application-managepartners-display-component---NewPartner--addressDetailDetailsCountry-arrow"},"wdio_ui5_key":"applicationmanagepartners-display-component---NewPartner--addressDetailDetailsCountry-arrow"}]}
RESULT: undefined
COMMAND: POST /session/a57d97dc01d30c0d707ac32c8676cc12/element - {"using":"xpath","value":"//*[@id=\"application-managepartners-display-component---NewPartner--addressDetailDetailsCountry-arrow\"]"}
RESULT: {"using":"xpath","value":"//*[@id=\"application-managepartners-display-component---NewPartner--addressDetailDetailsCountry-arrow\"]"}
COMMAND: POST /session/a57d97dc01d30c0d707ac32c8676cc12/element/f.AA77304496C5C3E35540BF7ABBEF8E02.d.796D0302234824F1DDAE4479792668C5.e.1401/click - {}
RESULT: {}
COMMAND: POST /session/a57d97dc01d30c0d707ac32c8676cc12/element - {"using":"xpath","value":"//span[contains(text(), \"Argentina\")]"}
COMMAND: GET /session/a57d97dc01d30c0d707ac32c8676cc12/screenshot - {}
RESULT: {"using":"xpath","value":"//span[contains(text(), \"Argentina\")]"}
COMMAND: POST /session/a57d97dc01d30c0d707ac32c8676cc12/element/f.AA77304496C5C3E35540BF7ABBEF8E02.d.796D0302234824F1DDAE4479792668C5.e.1440/click - {}
RESULT: {}
RESULT: {}
COMMAND: GET /session/a57d97dc01d30c0d707ac32c8676cc12/screenshot - {}
RESULT: {}
COMMAND: POST /session/a57d97dc01d30c0d707ac32c8676cc12/element - {"using":"xpath","value":"//bdi[contains(text(), \"Commercial\")]"}
RESULT: {"using":"xpath","value":"//bdi[contains(text(), \"Commercial\")]"}
COMMAND: POST /session/a57d97dc01d30c0d707ac32c8676cc12/element/f.AA77304496C5C3E35540BF7ABBEF8E02.d.796D0302234824F1DDAE4479792668C5.e.1441/click - {}
RESULT: {}
COMMAND: GET /session/a57d97dc01d30c0d707ac32c8676cc12/screenshot - {}
RESULT: {}
COMMAND: POST /session/a57d97dc01d30c0d707ac32c8676cc12/execute/async - {"script":"<script> [1562 bytes]","args":[{"selector":{"id":"application-managepartners-display-component---NewPartner--partnerDetailInternal-arrow"},"wdio_ui5_key":"applicationmanagepartners-display-component---NewPartner--partnerDetailInternal-arrow"}]}
RESULT: {"script":"<script> [1562 bytes]","args":[{"selector":{"id":"application-managepartners-display-component---NewPartner--partnerDetailInternal-arrow"},"wdio_ui5_key":"applicationmanagepartners-display-component---NewPartner--partnerDetailInternal-arrow"}]}
RESULT: undefined
COMMAND: POST /session/a57d97dc01d30c0d707ac32c8676cc12/element - {"using":"xpath","value":"//*[@id=\"application-managepartners-display-component---NewPartner--partnerDetailInternal-arrow\"]"}
RESULT: {"using":"xpath","value":"//*[@id=\"application-managepartners-display-component---NewPartner--partnerDetailInternal-arrow\"]"}
COMMAND: POST /session/a57d97dc01d30c0d707ac32c8676cc12/element/f.AA77304496C5C3E35540BF7ABBEF8E02.d.796D0302234824F1DDAE4479792668C5.e.1447/click - {}
RESULT: {}
COMMAND: POST /session/a57d97dc01d30c0d707ac32c8676cc12/element - {"using":"xpath","value":"//span[contains(text(), \"Affiliated company\")]"}
COMMAND: GET /session/a57d97dc01d30c0d707ac32c8676cc12/screenshot - {}
RESULT: {}
RESULT: {"using":"xpath","value":"//span[contains(text(), \"Affiliated company\")]"}
COMMAND: POST /session/a57d97dc01d30c0d707ac32c8676cc12/element/f.AA77304496C5C3E35540BF7ABBEF8E02.d.796D0302234824F1DDAE4479792668C5.e.1448/click - {}
RESULT: {}
COMMAND: POST /session/a57d97dc01d30c0d707ac32c8676cc12/execute/async - {"script":"<script> [1562 bytes]","args":[{"selector":{"id":"application-managepartners-display-component---NewPartner--partnerDetailsCurrency-arrow"},"wdio_ui5_key":"applicationmanagepartners-display-component---NewPartner--partnerDetailsCurrency-arrow"}]}
COMMAND: GET /session/a57d97dc01d30c0d707ac32c8676cc12/screenshot - {}
RESULT: {"script":"<script> [1562 bytes]","args":[{"selector":{"id":"application-managepartners-display-component---NewPartner--partnerDetailsCurrency-arrow"},"wdio_ui5_key":"applicationmanagepartners-display-component---NewPartner--partnerDetailsCurrency-arrow"}]}
RESULT: undefined
COMMAND: POST /session/a57d97dc01d30c0d707ac32c8676cc12/element - {"using":"xpath","value":"//*[@id=\"application-managepartners-display-component---NewPartner--partnerDetailsCurrency-arrow\"]"}
RESULT: {}
RESULT: {"using":"xpath","value":"//*[@id=\"application-managepartners-display-component---NewPartner--partnerDetailsCurrency-arrow\"]"}
COMMAND: POST /session/a57d97dc01d30c0d707ac32c8676cc12/element/f.AA77304496C5C3E35540BF7ABBEF8E02.d.796D0302234824F1DDAE4479792668C5.e.1455/click - {}
RESULT: {}
COMMAND: POST /session/a57d97dc01d30c0d707ac32c8676cc12/element - {"using":"xpath","value":"//span[contains(text(), \"Euro\")]"}
COMMAND: GET /session/a57d97dc01d30c0d707ac32c8676cc12/screenshot - {}
RESULT: {"using":"xpath","value":"//span[contains(text(), \"Euro\")]"}
COMMAND: POST /session/a57d97dc01d30c0d707ac32c8676cc12/element/f.AA77304496C5C3E35540BF7ABBEF8E02.d.796D0302234824F1DDAE4479792668C5.e.1456/click - {}
RESULT: {}
RESULT: {}
COMMAND: POST /session/a57d97dc01d30c0d707ac32c8676cc12/execute/async - {"script":"<script> [1562 bytes]","args":[{"selector":{"id":"application-managepartners-display-component---NewPartner--addressEditDetailsCostObjectCstType-arrow"},"wdio_ui5_key":"applicationmanagepartners-display-component---NewPartner--addressEditDetailsCostObjectCstType-arrow"}]}
COMMAND: GET /session/a57d97dc01d30c0d707ac32c8676cc12/screenshot - {}
RESULT: {"script":"<script> [1562 bytes]","args":[{"selector":{"id":"application-managepartners-display-component---NewPartner--addressEditDetailsCostObjectCstType-arrow"},"wdio_ui5_key":"applicationmanagepartners-display-component---NewPartner--addressEditDetailsCostObjectCstType-arrow"}]}
RESULT: undefined
COMMAND: POST /session/a57d97dc01d30c0d707ac32c8676cc12/element - {"using":"xpath","value":"//*[@id=\"application-managepartners-display-component---NewPartner--addressEditDetailsCostObjectCstType-arrow\"]"}
RESULT: {}
RESULT: {"using":"xpath","value":"//*[@id=\"application-managepartners-display-component---NewPartner--addressEditDetailsCostObjectCstType-arrow\"]"}
COMMAND: POST /session/a57d97dc01d30c0d707ac32c8676cc12/element/f.AA77304496C5C3E35540BF7ABBEF8E02.d.796D0302234824F1DDAE4479792668C5.e.1457/click - {}
RESULT: {}
COMMAND: POST /session/a57d97dc01d30c0d707ac32c8676cc12/element - {"using":"xpath","value":"//span[contains(text(), \"Cost Center\")]"}
COMMAND: GET /session/a57d97dc01d30c0d707ac32c8676cc12/screenshot - {}
RESULT: {"using":"xpath","value":"//span[contains(text(), \"Cost Center\")]"}
COMMAND: POST /session/a57d97dc01d30c0d707ac32c8676cc12/element/f.AA77304496C5C3E35540BF7ABBEF8E02.d.796D0302234824F1DDAE4479792668C5.e.1458/click - {}
RESULT: {}
RESULT: {}
COMMAND: GET /session/a57d97dc01d30c0d707ac32c8676cc12/screenshot - {}
RESULT: {}
COMMAND: POST /session/a57d97dc01d30c0d707ac32c8676cc12/element - {"using":"xpath","value":"//span[@id=\"application-managepartners-display-component---NewPartner--addressNewCostObjectCstID-vhi\"]"}
RESULT: {"using":"xpath","value":"//span[@id=\"application-managepartners-display-component---NewPartner--addressNewCostObjectCstID-vhi\"]"}
COMMAND: POST /session/a57d97dc01d30c0d707ac32c8676cc12/execute/sync - {"script":"<script> [8489 bytes]","args":[{"element-6066-11e4-a52e-4f735466cecf":"f.AA77304496C5C3E35540BF7ABBEF8E02.d.796D0302234824F1DDAE4479792668C5.e.1462","ELEMENT":"f.AA77304496C5C3E35540BF7ABBEF8E02.d.796D0302234824F1DDAE4479792668C5.e.1462"}]}
RESULT: {"script":"<script> [8489 bytes]","args":[{"element-6066-11e4-a52e-4f735466cecf":"f.AA77304496C5C3E35540BF7ABBEF8E02.d.796D0302234824F1DDAE4479792668C5.e.1462","ELEMENT":"f.AA77304496C5C3E35540BF7ABBEF8E02.d.796D0302234824F1DDAE4479792668C5.e.1462"}]}
COMMAND: POST /session/a57d97dc01d30c0d707ac32c8676cc12/execute/async - {"script":"<script> [1562 bytes]","args":[{"selector":{"id":"application-managepartners-display-component---NewPartner--addressNewCostObjectCstID-vhi"},"wdio_ui5_key":"applicationmanagepartners-display-component---NewPartner--addressNewCostObjectCstID-vhi"}]}
COMMAND: GET /session/a57d97dc01d30c0d707ac32c8676cc12/screenshot - {}
RESULT: {"script":"<script> [1562 bytes]","args":[{"selector":{"id":"application-managepartners-display-component---NewPartner--addressNewCostObjectCstID-vhi"},"wdio_ui5_key":"applicationmanagepartners-display-component---NewPartner--addressNewCostObjectCstID-vhi"}]}
RESULT: undefined
COMMAND: POST /session/a57d97dc01d30c0d707ac32c8676cc12/element - {"using":"xpath","value":"//*[@id=\"application-managepartners-display-component---NewPartner--addressNewCostObjectCstID-vhi\"]"}
RESULT: {}
RESULT: {"using":"xpath","value":"//*[@id=\"application-managepartners-display-component---NewPartner--addressNewCostObjectCstID-vhi\"]"}
COMMAND: POST /session/a57d97dc01d30c0d707ac32c8676cc12/element/f.AA77304496C5C3E35540BF7ABBEF8E02.d.796D0302234824F1DDAE4479792668C5.e.1462/click - {}
RESULT: {}
COMMAND: GET /session/a57d97dc01d30c0d707ac32c8676cc12/screenshot - {}
RESULT: {}
RESULT: undefined
COMMAND: POST /session/a57d97dc01d30c0d707ac32c8676cc12/execute/async - {"script":"<script> [776 bytes]","args":[{"enterText":"10001013","selector":{"controlType":"sap.m.SearchField","properties":{"placeholder":"Search"},"searchOpenDialogs":true,"interaction":{"idSuffix":"I"}},"clearTextFirst":true,"interactionType":"ENTER_TEXT"}]}
RESULT: {"script":"<script> [776 bytes]","args":[{"enterText":"10001013","selector":{"controlType":"sap.m.SearchField","properties":{"placeholder":"Search"},"searchOpenDialogs":true,"interaction":{"idSuffix":"I"}},"clearTextFirst":true,"interactionType":"ENTER_TEXT"}]}
COMMAND: POST /session/a57d97dc01d30c0d707ac32c8676cc12/actions - {"actions":[{"id":"action2","type":"key","parameters":{},"actions":[{"type":"keyDown","value":"î€‡"},{"type":"pause","duration":10},{"type":"keyUp","value":"î€‡"}]}]}
RESULT: {"actions":[{"id":"action2","type":"key","parameters":{},"actions":[{"type":"keyDown","value":"î€‡"},{"type":"pause","duration":10},{"type":"keyUp","value":"î€‡"}]}]}
COMMAND: GET /session/a57d97dc01d30c0d707ac32c8676cc12/screenshot - {}
RESULT: {}
COMMAND: POST /session/a57d97dc01d30c0d707ac32c8676cc12/element - {"using":"xpath","value":"//span[contains(text(), \"General Management\")]"}
RESULT: {"using":"xpath","value":"//span[contains(text(), \"General Management\")]"}
COMMAND: POST /session/a57d97dc01d30c0d707ac32c8676cc12/element/f.AA77304496C5C3E35540BF7ABBEF8E02.d.796D0302234824F1DDAE4479792668C5.e.1501/click - {}
RESULT: {}
COMMAND: GET /session/a57d97dc01d30c0d707ac32c8676cc12/screenshot - {}
RESULT: {}
COMMAND: POST /session/a57d97dc01d30c0d707ac32c8676cc12/element - {"using":"xpath","value":"//bdi[contains(text(), \"OK\")]"}
RESULT: {"using":"xpath","value":"//bdi[contains(text(), \"OK\")]"}
COMMAND: POST /session/a57d97dc01d30c0d707ac32c8676cc12/element/f.AA77304496C5C3E35540BF7ABBEF8E02.d.796D0302234824F1DDAE4479792668C5.e.1502/click - {}
RESULT: {}
COMMAND: GET /session/a57d97dc01d30c0d707ac32c8676cc12/screenshot - {}
RESULT: {}
COMMAND: POST /session/a57d97dc01d30c0d707ac32c8676cc12/element - {"using":"xpath","value":"//input[@id=\"application-managepartners-display-component---NewPartner--companyCodeComboBox-inner\"]"}
RESULT: {"using":"xpath","value":"//input[@id=\"application-managepartners-display-component---NewPartner--companyCodeComboBox-inner\"]"}
COMMAND: POST /session/a57d97dc01d30c0d707ac32c8676cc12/element/f.AA77304496C5C3E35540BF7ABBEF8E02.d.796D0302234824F1DDAE4479792668C5.e.1292/clear - {}
RESULT: {}
COMMAND: POST /session/a57d97dc01d30c0d707ac32c8676cc12/element/f.AA77304496C5C3E35540BF7ABBEF8E02.d.796D0302234824F1DDAE4479792668C5.e.1292/value - {"text":"1000"}
COMMAND: GET /session/a57d97dc01d30c0d707ac32c8676cc12/screenshot - {}
RESULT: {"text":"1000"}
COMMAND: GET /session/a57d97dc01d30c0d707ac32c8676cc12/screenshot - {}
RESULT: {}
RESULT: {}
COMMAND: POST /session/a57d97dc01d30c0d707ac32c8676cc12/element - {"using":"xpath","value":"//li[.//span[text()= \"1000\"]]"}
RESULT: {"using":"xpath","value":"//li[.//span[text()= \"1000\"]]"}
COMMAND: POST /session/a57d97dc01d30c0d707ac32c8676cc12/element/f.AA77304496C5C3E35540BF7ABBEF8E02.d.796D0302234824F1DDAE4479792668C5.e.1508/click - {}
RESULT: {}
COMMAND: GET /session/a57d97dc01d30c0d707ac32c8676cc12/screenshot - {}
RESULT: {}
COMMAND: POST /session/a57d97dc01d30c0d707ac32c8676cc12/execute/async - {"script":"<script> [1562 bytes]","args":[{"selector":{"id":"application-managepartners-display-component---NewPartner--btnAddTableRow-img"},"wdio_ui5_key":"applicationmanagepartners-display-component---NewPartner--btnAddTableRow-img"}]}
RESULT: {"script":"<script> [1562 bytes]","args":[{"selector":{"id":"application-managepartners-display-component---NewPartner--btnAddTableRow-img"},"wdio_ui5_key":"applicationmanagepartners-display-component---NewPartner--btnAddTableRow-img"}]}
RESULT: undefined
COMMAND: POST /session/a57d97dc01d30c0d707ac32c8676cc12/element - {"using":"xpath","value":"//*[@id=\"application-managepartners-display-component---NewPartner--btnAddTableRow-img\"]"}
RESULT: {"using":"xpath","value":"//*[@id=\"application-managepartners-display-component---NewPartner--btnAddTableRow-img\"]"}
COMMAND: POST /session/a57d97dc01d30c0d707ac32c8676cc12/element/f.AA77304496C5C3E35540BF7ABBEF8E02.d.796D0302234824F1DDAE4479792668C5.e.1509/click - {}
RESULT: {}
COMMAND: GET /session/a57d97dc01d30c0d707ac32c8676cc12/screenshot - {}
RESULT: {}
COMMAND: POST /session/a57d97dc01d30c0d707ac32c8676cc12/element - {"using":"xpath","value":"//input[@id=\"application-managepartners-display-component---NewPartner--assignmentYard-application-managepartners-display-component---NewPartner--assignmentsTable-0-inner\"]"}
RESULT: {"using":"xpath","value":"//input[@id=\"application-managepartners-display-component---NewPartner--assignmentYard-application-managepartners-display-component---NewPartner--assignmentsTable-0-inner\"]"}
COMMAND: POST /session/a57d97dc01d30c0d707ac32c8676cc12/element/f.AA77304496C5C3E35540BF7ABBEF8E02.d.796D0302234824F1DDAE4479792668C5.e.1513/clear - {}
RESULT: {}
COMMAND: POST /session/a57d97dc01d30c0d707ac32c8676cc12/element/f.AA77304496C5C3E35540BF7ABBEF8E02.d.796D0302234824F1DDAE4479792668C5.e.1513/value - {"text":"199"}
COMMAND: GET /session/a57d97dc01d30c0d707ac32c8676cc12/screenshot - {}
RESULT: {"text":"199"}
COMMAND: GET /session/a57d97dc01d30c0d707ac32c8676cc12/screenshot - {}
RESULT: {}
RESULT: {}
COMMAND: POST /session/a57d97dc01d30c0d707ac32c8676cc12/element - {"using":"xpath","value":"//li[.//span[text()='199']]"}
RESULT: {"using":"xpath","value":"//li[.//span[text()='199']]"}
COMMAND: POST /session/a57d97dc01d30c0d707ac32c8676cc12/element/f.AA77304496C5C3E35540BF7ABBEF8E02.d.796D0302234824F1DDAE4479792668C5.e.1521/click - {}
RESULT: {}
COMMAND: GET /session/a57d97dc01d30c0d707ac32c8676cc12/screenshot - {}
RESULT: {}
COMMAND: POST /session/a57d97dc01d30c0d707ac32c8676cc12/actions - {"actions":[{"id":"action3","type":"key","parameters":{},"actions":[{"type":"keyDown","value":"î€‡"},{"type":"pause","duration":10},{"type":"keyUp","value":"î€‡"}]}]}
RESULT: {"actions":[{"id":"action3","type":"key","parameters":{},"actions":[{"type":"keyDown","value":"î€‡"},{"type":"pause","duration":10},{"type":"keyUp","value":"î€‡"}]}]}
COMMAND: POST /session/a57d97dc01d30c0d707ac32c8676cc12/execute/async - {"script":"<script> [1562 bytes]","args":[{"selector":{"id":"application-managepartners-display-component---NewPartner--externalCustomerComboBox-application-managepartners-display-component---NewPartner--assignmentsTable-0-vhi"},"wdio_ui5_key":"applicationmanagepartners-display-component---NewPartner--externalCustomerComboBox-application-managepartners-display-component---NewPartner--assignmentsTable-0-vhi"}]}
COMMAND: GET /session/a57d97dc01d30c0d707ac32c8676cc12/screenshot - {}
RESULT: {"script":"<script> [1562 bytes]","args":[{"selector":{"id":"application-managepartners-display-component---NewPartner--externalCustomerComboBox-application-managepartners-display-component---NewPartner--assignmentsTable-0-vhi"},"wdio_ui5_key":"applicationmanagepartners-display-component---NewPartner--externalCustomerComboBox-application-managepartners-display-component---NewPartner--assignmentsTable-0-vhi"}]}
RESULT: undefined
COMMAND: POST /session/a57d97dc01d30c0d707ac32c8676cc12/element - {"using":"xpath","value":"//*[@id=\"application-managepartners-display-component---NewPartner--externalCustomerComboBox-application-managepartners-display-component---NewPartner--assignmentsTable-0-vhi\"]"}
RESULT: {}
RESULT: {"using":"xpath","value":"//*[@id=\"application-managepartners-display-component---NewPartner--externalCustomerComboBox-application-managepartners-display-component---NewPartner--assignmentsTable-0-vhi\"]"}
COMMAND: POST /session/a57d97dc01d30c0d707ac32c8676cc12/element/f.AA77304496C5C3E35540BF7ABBEF8E02.d.796D0302234824F1DDAE4479792668C5.e.1525/click - {}
RESULT: {}
RESULT: undefined
COMMAND: POST /session/a57d97dc01d30c0d707ac32c8676cc12/execute/async - {"script":"<script> [776 bytes]","args":[{"enterText":"300003","selector":{"controlType":"sap.m.SearchField","properties":{"placeholder":"Search"},"searchOpenDialogs":true,"interaction":{"idSuffix":"I"}},"clearTextFirst":true,"interactionType":"ENTER_TEXT"}]}
COMMAND: GET /session/a57d97dc01d30c0d707ac32c8676cc12/screenshot - {}
RESULT: {"script":"<script> [776 bytes]","args":[{"enterText":"300003","selector":{"controlType":"sap.m.SearchField","properties":{"placeholder":"Search"},"searchOpenDialogs":true,"interaction":{"idSuffix":"I"}},"clearTextFirst":true,"interactionType":"ENTER_TEXT"}]}
COMMAND: POST /session/a57d97dc01d30c0d707ac32c8676cc12/actions - {"actions":[{"id":"action4","type":"key","parameters":{},"actions":[{"type":"keyDown","value":"î€‡"},{"type":"pause","duration":10},{"type":"keyUp","value":"î€‡"}]}]}
RESULT: {}
RESULT: {"actions":[{"id":"action4","type":"key","parameters":{},"actions":[{"type":"keyDown","value":"î€‡"},{"type":"pause","duration":10},{"type":"keyUp","value":"î€‡"}]}]}
COMMAND: GET /session/a57d97dc01d30c0d707ac32c8676cc12/screenshot - {}
RESULT: {}
COMMAND: POST /session/a57d97dc01d30c0d707ac32c8676cc12/element - {"using":"xpath","value":"//span[contains(text(), \"300003\")]"}
RESULT: {"using":"xpath","value":"//span[contains(text(), \"300003\")]"}
COMMAND: POST /session/a57d97dc01d30c0d707ac32c8676cc12/element/f.AA77304496C5C3E35540BF7ABBEF8E02.d.796D0302234824F1DDAE4479792668C5.e.1575/click - {}
RESULT: {}
COMMAND: GET /session/a57d97dc01d30c0d707ac32c8676cc12/screenshot - {}
RESULT: {}
COMMAND: POST /session/a57d97dc01d30c0d707ac32c8676cc12/element - {"using":"xpath","value":"//bdi[contains(text(), \"OK\")]"}
RESULT: {"using":"xpath","value":"//bdi[contains(text(), \"OK\")]"}
COMMAND: POST /session/a57d97dc01d30c0d707ac32c8676cc12/element/f.AA77304496C5C3E35540BF7ABBEF8E02.d.796D0302234824F1DDAE4479792668C5.e.1577/click - {}
RESULT: {}
COMMAND: GET /session/a57d97dc01d30c0d707ac32c8676cc12/screenshot - {}
RESULT: {}
COMMAND: POST /session/a57d97dc01d30c0d707ac32c8676cc12/execute/async - {"script":"<script> [1562 bytes]","args":[{"selector":{"id":"application-managepartners-display-component---NewPartner--intercompVendorComboBox-application-managepartners-display-component---NewPartner--assignmentsTable-0-vhi"},"wdio_ui5_key":"applicationmanagepartners-display-component---NewPartner--intercompVendorComboBox-application-managepartners-display-component---NewPartner--assignmentsTable-0-vhi"}]}
RESULT: {"script":"<script> [1562 bytes]","args":[{"selector":{"id":"application-managepartners-display-component---NewPartner--intercompVendorComboBox-application-managepartners-display-component---NewPartner--assignmentsTable-0-vhi"},"wdio_ui5_key":"applicationmanagepartners-display-component---NewPartner--intercompVendorComboBox-application-managepartners-display-component---NewPartner--assignmentsTable-0-vhi"}]}
RESULT: undefined
COMMAND: POST /session/a57d97dc01d30c0d707ac32c8676cc12/element - {"using":"xpath","value":"//*[@id=\"application-managepartners-display-component---NewPartner--intercompVendorComboBox-application-managepartners-display-component---NewPartner--assignmentsTable-0-vhi\"]"}
RESULT: {"using":"xpath","value":"//*[@id=\"application-managepartners-display-component---NewPartner--intercompVendorComboBox-application-managepartners-display-component---NewPartner--assignmentsTable-0-vhi\"]"}
COMMAND: POST /session/a57d97dc01d30c0d707ac32c8676cc12/element/f.AA77304496C5C3E35540BF7ABBEF8E02.d.796D0302234824F1DDAE4479792668C5.e.1580/click - {}
RESULT: {}
RESULT: undefined
COMMAND: POST /session/a57d97dc01d30c0d707ac32c8676cc12/execute/async - {"script":"<script> [776 bytes]","args":[{"enterText":"100005","selector":{"controlType":"sap.m.SearchField","properties":{"placeholder":"Search"},"searchOpenDialogs":true,"interaction":{"idSuffix":"I"}},"clearTextFirst":true,"interactionType":"ENTER_TEXT"}]}
COMMAND: GET /session/a57d97dc01d30c0d707ac32c8676cc12/screenshot - {}
RESULT: {"script":"<script> [776 bytes]","args":[{"enterText":"100005","selector":{"controlType":"sap.m.SearchField","properties":{"placeholder":"Search"},"searchOpenDialogs":true,"interaction":{"idSuffix":"I"}},"clearTextFirst":true,"interactionType":"ENTER_TEXT"}]}
COMMAND: POST /session/a57d97dc01d30c0d707ac32c8676cc12/actions - {"actions":[{"id":"action5","type":"key","parameters":{},"actions":[{"type":"keyDown","value":"î€‡"},{"type":"pause","duration":10},{"type":"keyUp","value":"î€‡"}]}]}
RESULT: {}
RESULT: {"actions":[{"id":"action5","type":"key","parameters":{},"actions":[{"type":"keyDown","value":"î€‡"},{"type":"pause","duration":10},{"type":"keyUp","value":"î€‡"}]}]}
COMMAND: GET /session/a57d97dc01d30c0d707ac32c8676cc12/screenshot - {}
RESULT: {}
COMMAND: POST /session/a57d97dc01d30c0d707ac32c8676cc12/element - {"using":"xpath","value":"//span[contains(text(), \"Penguins - Field/12345 Berlin\")]"}
RESULT: {"using":"xpath","value":"//span[contains(text(), \"Penguins - Field/12345 Berlin\")]"}
COMMAND: POST /session/a57d97dc01d30c0d707ac32c8676cc12/element/f.AA77304496C5C3E35540BF7ABBEF8E02.d.796D0302234824F1DDAE4479792668C5.e.1598/click - {}
RESULT: {}
COMMAND: GET /session/a57d97dc01d30c0d707ac32c8676cc12/screenshot - {}
RESULT: {}
COMMAND: POST /session/a57d97dc01d30c0d707ac32c8676cc12/element - {"using":"xpath","value":"//bdi[contains(text(), \"OK\")]"}
RESULT: {"using":"xpath","value":"//bdi[contains(text(), \"OK\")]"}
COMMAND: POST /session/a57d97dc01d30c0d707ac32c8676cc12/element/f.AA77304496C5C3E35540BF7ABBEF8E02.d.796D0302234824F1DDAE4479792668C5.e.1599/click - {}
RESULT: {}
COMMAND: GET /session/a57d97dc01d30c0d707ac32c8676cc12/screenshot - {}
RESULT: {}
COMMAND: POST /session/a57d97dc01d30c0d707ac32c8676cc12/element - {"using":"xpath","value":"//button[@data-kt=\"saveButton\"]"}
RESULT: {"using":"xpath","value":"//button[@data-kt=\"saveButton\"]"}
COMMAND: POST /session/a57d97dc01d30c0d707ac32c8676cc12/element/f.AA77304496C5C3E35540BF7ABBEF8E02.d.796D0302234824F1DDAE4479792668C5.e.1403/click - {}
RESULT: {}
COMMAND: GET /session/a57d97dc01d30c0d707ac32c8676cc12/screenshot - {}
RESULT: {}
COMMAND: POST /session/a57d97dc01d30c0d707ac32c8676cc12/element - {"using":"xpath","value":"//header[contains(@id, 'ObjectPageLayout-headerTitle')]/div[1]/div[2]/div[2]/span[1]"}
RESULT: {"using":"xpath","value":"//header[contains(@id, 'ObjectPageLayout-headerTitle')]/div[1]/div[2]/div[2]/span[1]"}
COMMAND: POST /session/a57d97dc01d30c0d707ac32c8676cc12/elements - {"using":"xpath","value":"//header[contains(@id, 'ObjectPageLayout-headerTitle')]/div[1]/div[2]/div[2]/span[1]"}
RESULT: {"using":"xpath","value":"//header[contains(@id, 'ObjectPageLayout-headerTitle')]/div[1]/div[2]/div[2]/span[1]"}
COMMAND: POST /session/a57d97dc01d30c0d707ac32c8676cc12/execute/sync - {"script":"<script> [56 bytes]","args":[{"element-6066-11e4-a52e-4f735466cecf":"f.AA77304496C5C3E35540BF7ABBEF8E02.d.796D0302234824F1DDAE4479792668C5.e.1716","ELEMENT":"f.AA77304496C5C3E35540BF7ABBEF8E02.d.796D0302234824F1DDAE4479792668C5.e.1716"}]}
RESULT: {"script":"<script> [56 bytes]","args":[{"element-6066-11e4-a52e-4f735466cecf":"f.AA77304496C5C3E35540BF7ABBEF8E02.d.796D0302234824F1DDAE4479792668C5.e.1716","ELEMENT":"f.AA77304496C5C3E35540BF7ABBEF8E02.d.796D0302234824F1DDAE4479792668C5.e.1716"}]}
COMMAND: POST /session/a57d97dc01d30c0d707ac32c8676cc12/element - {"using":"css selector","value":"#shell-header-logo"}
COMMAND: GET /session/a57d97dc01d30c0d707ac32c8676cc12/screenshot - {}
RESULT: {"using":"css selector","value":"#shell-header-logo"}
COMMAND: POST /session/a57d97dc01d30c0d707ac32c8676cc12/element/f.AA77304496C5C3E35540BF7ABBEF8E02.d.796D0302234824F1DDAE4479792668C5.e.1039/click - {}
RESULT: {}
RESULT: {}
COMMAND: GET /session/a57d97dc01d30c0d707ac32c8676cc12/screenshot - {}
RESULT: {}
COMMAND: POST /session/a57d97dc01d30c0d707ac32c8676cc12/execute/sync - {"script":"<script> [299 bytes]","args":[["getModel","getResource"]]}
RESULT: {"script":"<script> [299 bytes]","args":[["getModel","getResource"]]}
COMMAND: GET /session/a57d97dc01d30c0d707ac32c8676cc12/screenshot - {}
]]></system-out>
    </testcase>
    <testcase classname="chrome.137_0_7151_69.windows.Tests_for_Mass_State_Change_on_Manage_States_&amp;_Performances_US104416_US" name="Prereq Should create a new site" time="105.605">
      <system-out><![CDATA[
COMMAND: POST /session/a57d97dc01d30c0d707ac32c8676cc12/execute/async - {"script":"<script> [1562 bytes]","args":[{"selector":{"controlType":"sap.m.GenericTile","properties":{"header":"Manage Sites"}},"wdio_ui5_key":"sapm.GenericTile{\"header\":\"Manage Sites\"}"}]}
RESULT: {}
RESULT: {"script":"<script> [1562 bytes]","args":[{"selector":{"controlType":"sap.m.GenericTile","properties":{"header":"Manage Sites"}},"wdio_ui5_key":"sapm.GenericTile{\"header\":\"Manage Sites\"}"}]}
RESULT: undefined
COMMAND: POST /session/a57d97dc01d30c0d707ac32c8676cc12/element - {"using":"xpath","value":"//*[@id=\"__tile41\"]"}
RESULT: {"using":"xpath","value":"//*[@id=\"__tile41\"]"}
COMMAND: POST /session/a57d97dc01d30c0d707ac32c8676cc12/element/f.AA77304496C5C3E35540BF7ABBEF8E02.d.796D0302234824F1DDAE4479792668C5.e.167/click - {}
RESULT: {}
COMMAND: GET /session/a57d97dc01d30c0d707ac32c8676cc12/screenshot - {}
RESULT: {}
COMMAND: POST /session/a57d97dc01d30c0d707ac32c8676cc12/elements - {"using":"xpath","value":"//span[text()='Error']"}
RESULT: {"using":"xpath","value":"//span[text()='Error']"}
COMMAND: POST /session/a57d97dc01d30c0d707ac32c8676cc12/element - {"using":"xpath","value":"//button[@data-kt=\"addOverflowToolbarButton\"]"}
RESULT: {"using":"xpath","value":"//button[@data-kt=\"addOverflowToolbarButton\"]"}
COMMAND: POST /session/a57d97dc01d30c0d707ac32c8676cc12/elements - {"using":"xpath","value":"//button[@data-kt=\"addOverflowToolbarButton\"]"}
RESULT: {"using":"xpath","value":"//button[@data-kt=\"addOverflowToolbarButton\"]"}
COMMAND: POST /session/a57d97dc01d30c0d707ac32c8676cc12/execute/sync - {"script":"<script> [8489 bytes]","args":[{"element-6066-11e4-a52e-4f735466cecf":"f.AA77304496C5C3E35540BF7ABBEF8E02.d.796D0302234824F1DDAE4479792668C5.e.1764","ELEMENT":"f.AA77304496C5C3E35540BF7ABBEF8E02.d.796D0302234824F1DDAE4479792668C5.e.1764"}]}
RESULT: {"script":"<script> [8489 bytes]","args":[{"element-6066-11e4-a52e-4f735466cecf":"f.AA77304496C5C3E35540BF7ABBEF8E02.d.796D0302234824F1DDAE4479792668C5.e.1764","ELEMENT":"f.AA77304496C5C3E35540BF7ABBEF8E02.d.796D0302234824F1DDAE4479792668C5.e.1764"}]}
COMMAND: GET /session/a57d97dc01d30c0d707ac32c8676cc12/element/f.AA77304496C5C3E35540BF7ABBEF8E02.d.796D0302234824F1DDAE4479792668C5.e.1764/enabled - {}
COMMAND: GET /session/a57d97dc01d30c0d707ac32c8676cc12/screenshot - {}
RESULT: {}
COMMAND: POST /session/a57d97dc01d30c0d707ac32c8676cc12/execute/sync - {"script":"<script> [8489 bytes]","args":[{"element-6066-11e4-a52e-4f735466cecf":"f.AA77304496C5C3E35540BF7ABBEF8E02.d.796D0302234824F1DDAE4479792668C5.e.1764","ELEMENT":"f.AA77304496C5C3E35540BF7ABBEF8E02.d.796D0302234824F1DDAE4479792668C5.e.1764"}]}
COMMAND: GET /session/a57d97dc01d30c0d707ac32c8676cc12/screenshot - {}
RESULT: {}
RESULT: {"script":"<script> [8489 bytes]","args":[{"element-6066-11e4-a52e-4f735466cecf":"f.AA77304496C5C3E35540BF7ABBEF8E02.d.796D0302234824F1DDAE4479792668C5.e.1764","ELEMENT":"f.AA77304496C5C3E35540BF7ABBEF8E02.d.796D0302234824F1DDAE4479792668C5.e.1764"}]}
COMMAND: POST /session/a57d97dc01d30c0d707ac32c8676cc12/execute/sync - {"script":"<script> [5351 bytes]","args":[{"element-6066-11e4-a52e-4f735466cecf":"f.AA77304496C5C3E35540BF7ABBEF8E02.d.796D0302234824F1DDAE4479792668C5.e.1764","ELEMENT":"f.AA77304496C5C3E35540BF7ABBEF8E02.d.796D0302234824F1DDAE4479792668C5.e.1764"}]}
COMMAND: GET /session/a57d97dc01d30c0d707ac32c8676cc12/screenshot - {}
RESULT: {}
RESULT: {"script":"<script> [5351 bytes]","args":[{"element-6066-11e4-a52e-4f735466cecf":"f.AA77304496C5C3E35540BF7ABBEF8E02.d.796D0302234824F1DDAE4479792668C5.e.1764","ELEMENT":"f.AA77304496C5C3E35540BF7ABBEF8E02.d.796D0302234824F1DDAE4479792668C5.e.1764"}]}
COMMAND: POST /session/a57d97dc01d30c0d707ac32c8676cc12/element/f.AA77304496C5C3E35540BF7ABBEF8E02.d.796D0302234824F1DDAE4479792668C5.e.1764/click - {}
COMMAND: GET /session/a57d97dc01d30c0d707ac32c8676cc12/screenshot - {}
RESULT: {}
RESULT: {}
COMMAND: GET /session/a57d97dc01d30c0d707ac32c8676cc12/screenshot - {}
RESULT: {}
RESULT: {}
COMMAND: POST /session/a57d97dc01d30c0d707ac32c8676cc12/element - {"using":"xpath","value":"//input[@id=\"application-managesites-display-component---NewSite--siteId-inner\"]"}
RESULT: {"using":"xpath","value":"//input[@id=\"application-managesites-display-component---NewSite--siteId-inner\"]"}
COMMAND: POST /session/a57d97dc01d30c0d707ac32c8676cc12/element - {"using":"xpath","value":"//input[@id=\"application-managesites-display-component---NewSite--siteId-inner\"]"}
RESULT: {"using":"xpath","value":"//input[@id=\"application-managesites-display-component---NewSite--siteId-inner\"]"}
COMMAND: POST /session/a57d97dc01d30c0d707ac32c8676cc12/execute/async - {"script":"<script> [1562 bytes]","args":[{"selector":{"id":"application-managesites-display-component---NewSite--addressDetailDetailsName1","interaction":{"idSuffix":"inner"}},"wdio_ui5_key":"applicationmanagesites-display-component---NewSite--addressDetailDetailsName1"}]}
RESULT: {"script":"<script> [1562 bytes]","args":[{"selector":{"id":"application-managesites-display-component---NewSite--addressDetailDetailsName1","interaction":{"idSuffix":"inner"}},"wdio_ui5_key":"applicationmanagesites-display-component---NewSite--addressDetailDetailsName1"}]}
RESULT: undefined
COMMAND: POST /session/a57d97dc01d30c0d707ac32c8676cc12/execute/async - {"script":"<script> [776 bytes]","args":[{"enterText":"Intracompany Site wdIO","selector":{"id":"application-managesites-display-component---NewSite--addressDetailDetailsName1","interaction":{"idSuffix":"inner"}},"clearTextFirst":true,"interactionType":"ENTER_TEXT"}]}
RESULT: {"script":"<script> [776 bytes]","args":[{"enterText":"Intracompany Site wdIO","selector":{"id":"application-managesites-display-component---NewSite--addressDetailDetailsName1","interaction":{"idSuffix":"inner"}},"clearTextFirst":true,"interactionType":"ENTER_TEXT"}]}
COMMAND: POST /session/a57d97dc01d30c0d707ac32c8676cc12/execute/async - {"script":"<script> [1562 bytes]","args":[{"selector":{"id":"application-managesites-display-component---NewSite--addressDetailDetailsLanguage-arrow"},"wdio_ui5_key":"applicationmanagesites-display-component---NewSite--addressDetailDetailsLanguage-arrow"}]}
RESULT: {"script":"<script> [1562 bytes]","args":[{"selector":{"id":"application-managesites-display-component---NewSite--addressDetailDetailsLanguage-arrow"},"wdio_ui5_key":"applicationmanagesites-display-component---NewSite--addressDetailDetailsLanguage-arrow"}]}
RESULT: undefined
COMMAND: POST /session/a57d97dc01d30c0d707ac32c8676cc12/element - {"using":"xpath","value":"//*[@id=\"application-managesites-display-component---NewSite--addressDetailDetailsLanguage-arrow\"]"}
RESULT: {"using":"xpath","value":"//*[@id=\"application-managesites-display-component---NewSite--addressDetailDetailsLanguage-arrow\"]"}
COMMAND: POST /session/a57d97dc01d30c0d707ac32c8676cc12/element/f.AA77304496C5C3E35540BF7ABBEF8E02.d.796D0302234824F1DDAE4479792668C5.e.2130/click - {}
RESULT: {}
COMMAND: POST /session/a57d97dc01d30c0d707ac32c8676cc12/element - {"using":"xpath","value":"//span[contains(text(), \"English\")]"}
COMMAND: GET /session/a57d97dc01d30c0d707ac32c8676cc12/screenshot - {}
RESULT: {"using":"xpath","value":"//span[contains(text(), \"English\")]"}
COMMAND: POST /session/a57d97dc01d30c0d707ac32c8676cc12/element/f.AA77304496C5C3E35540BF7ABBEF8E02.d.796D0302234824F1DDAE4479792668C5.e.2131/click - {}
RESULT: {}
RESULT: {}
COMMAND: POST /session/a57d97dc01d30c0d707ac32c8676cc12/execute/async - {"script":"<script> [1562 bytes]","args":[{"selector":{"id":"application-managesites-display-component---NewSite--addressDetailDetailsCity1","interaction":{"idSuffix":"inner"}},"wdio_ui5_key":"applicationmanagesites-display-component---NewSite--addressDetailDetailsCity1"}]}
COMMAND: GET /session/a57d97dc01d30c0d707ac32c8676cc12/screenshot - {}
RESULT: {"script":"<script> [1562 bytes]","args":[{"selector":{"id":"application-managesites-display-component---NewSite--addressDetailDetailsCity1","interaction":{"idSuffix":"inner"}},"wdio_ui5_key":"applicationmanagesites-display-component---NewSite--addressDetailDetailsCity1"}]}
RESULT: undefined
COMMAND: POST /session/a57d97dc01d30c0d707ac32c8676cc12/execute/async - {"script":"<script> [776 bytes]","args":[{"enterText":"Rosario","selector":{"id":"application-managesites-display-component---NewSite--addressDetailDetailsCity1","interaction":{"idSuffix":"inner"}},"clearTextFirst":true,"interactionType":"ENTER_TEXT"}]}
RESULT: {}
RESULT: {"script":"<script> [776 bytes]","args":[{"enterText":"Rosario","selector":{"id":"application-managesites-display-component---NewSite--addressDetailDetailsCity1","interaction":{"idSuffix":"inner"}},"clearTextFirst":true,"interactionType":"ENTER_TEXT"}]}
COMMAND: POST /session/a57d97dc01d30c0d707ac32c8676cc12/execute/async - {"script":"<script> [1562 bytes]","args":[{"selector":{"id":"application-managesites-display-component---NewSite--addressDetailDetailsCountry-arrow"},"wdio_ui5_key":"applicationmanagesites-display-component---NewSite--addressDetailDetailsCountry-arrow"}]}
RESULT: {"script":"<script> [1562 bytes]","args":[{"selector":{"id":"application-managesites-display-component---NewSite--addressDetailDetailsCountry-arrow"},"wdio_ui5_key":"applicationmanagesites-display-component---NewSite--addressDetailDetailsCountry-arrow"}]}
RESULT: undefined
COMMAND: POST /session/a57d97dc01d30c0d707ac32c8676cc12/element - {"using":"xpath","value":"//*[@id=\"application-managesites-display-component---NewSite--addressDetailDetailsCountry-arrow\"]"}
RESULT: {"using":"xpath","value":"//*[@id=\"application-managesites-display-component---NewSite--addressDetailDetailsCountry-arrow\"]"}
COMMAND: POST /session/a57d97dc01d30c0d707ac32c8676cc12/element/f.AA77304496C5C3E35540BF7ABBEF8E02.d.796D0302234824F1DDAE4479792668C5.e.2133/click - {}
RESULT: {}
COMMAND: POST /session/a57d97dc01d30c0d707ac32c8676cc12/element - {"using":"xpath","value":"//span[contains(text(), \"Argentina\")]"}
COMMAND: GET /session/a57d97dc01d30c0d707ac32c8676cc12/screenshot - {}
RESULT: {"using":"xpath","value":"//span[contains(text(), \"Argentina\")]"}
COMMAND: POST /session/a57d97dc01d30c0d707ac32c8676cc12/element/f.AA77304496C5C3E35540BF7ABBEF8E02.d.796D0302234824F1DDAE4479792668C5.e.2135/click - {}
RESULT: {}
RESULT: {}
COMMAND: GET /session/a57d97dc01d30c0d707ac32c8676cc12/screenshot - {}
RESULT: {}
COMMAND: POST /session/a57d97dc01d30c0d707ac32c8676cc12/execute/async - {"script":"<script> [1562 bytes]","args":[{"selector":{"id":"application-managesites-display-component---NewSite--addressEditDetailsCostObjectCstType-arrow"},"wdio_ui5_key":"applicationmanagesites-display-component---NewSite--addressEditDetailsCostObjectCstType-arrow"}]}
RESULT: {"script":"<script> [1562 bytes]","args":[{"selector":{"id":"application-managesites-display-component---NewSite--addressEditDetailsCostObjectCstType-arrow"},"wdio_ui5_key":"applicationmanagesites-display-component---NewSite--addressEditDetailsCostObjectCstType-arrow"}]}
RESULT: undefined
COMMAND: POST /session/a57d97dc01d30c0d707ac32c8676cc12/element - {"using":"xpath","value":"//*[@id=\"application-managesites-display-component---NewSite--addressEditDetailsCostObjectCstType-arrow\"]"}
RESULT: {"using":"xpath","value":"//*[@id=\"application-managesites-display-component---NewSite--addressEditDetailsCostObjectCstType-arrow\"]"}
COMMAND: POST /session/a57d97dc01d30c0d707ac32c8676cc12/element/f.AA77304496C5C3E35540BF7ABBEF8E02.d.796D0302234824F1DDAE4479792668C5.e.2136/click - {}
RESULT: {}
COMMAND: POST /session/a57d97dc01d30c0d707ac32c8676cc12/element - {"using":"xpath","value":"//span[contains(text(), \"Cost Center\")]"}
COMMAND: GET /session/a57d97dc01d30c0d707ac32c8676cc12/screenshot - {}
RESULT: {"using":"xpath","value":"//span[contains(text(), \"Cost Center\")]"}
COMMAND: POST /session/a57d97dc01d30c0d707ac32c8676cc12/element/f.AA77304496C5C3E35540BF7ABBEF8E02.d.796D0302234824F1DDAE4479792668C5.e.2137/click - {}
RESULT: {}
RESULT: {}
COMMAND: GET /session/a57d97dc01d30c0d707ac32c8676cc12/screenshot - {}
RESULT: {}
COMMAND: POST /session/a57d97dc01d30c0d707ac32c8676cc12/element - {"using":"xpath","value":"//span[@id=\"application-managesites-display-component---NewSite--addressNewCostObjectCstID-vhi\"]"}
RESULT: {"using":"xpath","value":"//span[@id=\"application-managesites-display-component---NewSite--addressNewCostObjectCstID-vhi\"]"}
COMMAND: POST /session/a57d97dc01d30c0d707ac32c8676cc12/execute/sync - {"script":"<script> [8489 bytes]","args":[{"element-6066-11e4-a52e-4f735466cecf":"f.AA77304496C5C3E35540BF7ABBEF8E02.d.796D0302234824F1DDAE4479792668C5.e.2142","ELEMENT":"f.AA77304496C5C3E35540BF7ABBEF8E02.d.796D0302234824F1DDAE4479792668C5.e.2142"}]}
RESULT: {"script":"<script> [8489 bytes]","args":[{"element-6066-11e4-a52e-4f735466cecf":"f.AA77304496C5C3E35540BF7ABBEF8E02.d.796D0302234824F1DDAE4479792668C5.e.2142","ELEMENT":"f.AA77304496C5C3E35540BF7ABBEF8E02.d.796D0302234824F1DDAE4479792668C5.e.2142"}]}
COMMAND: POST /session/a57d97dc01d30c0d707ac32c8676cc12/execute/async - {"script":"<script> [1562 bytes]","args":[{"selector":{"id":"application-managesites-display-component---NewSite--addressNewCostObjectCstID-vhi"},"wdio_ui5_key":"applicationmanagesites-display-component---NewSite--addressNewCostObjectCstID-vhi"}]}
COMMAND: GET /session/a57d97dc01d30c0d707ac32c8676cc12/screenshot - {}
RESULT: {"script":"<script> [1562 bytes]","args":[{"selector":{"id":"application-managesites-display-component---NewSite--addressNewCostObjectCstID-vhi"},"wdio_ui5_key":"applicationmanagesites-display-component---NewSite--addressNewCostObjectCstID-vhi"}]}
RESULT: undefined
COMMAND: POST /session/a57d97dc01d30c0d707ac32c8676cc12/element - {"using":"xpath","value":"//*[@id=\"application-managesites-display-component---NewSite--addressNewCostObjectCstID-vhi\"]"}
RESULT: {}
RESULT: {"using":"xpath","value":"//*[@id=\"application-managesites-display-component---NewSite--addressNewCostObjectCstID-vhi\"]"}
COMMAND: POST /session/a57d97dc01d30c0d707ac32c8676cc12/element/f.AA77304496C5C3E35540BF7ABBEF8E02.d.796D0302234824F1DDAE4479792668C5.e.2142/click - {}
RESULT: {}
COMMAND: GET /session/a57d97dc01d30c0d707ac32c8676cc12/screenshot - {}
RESULT: {}
RESULT: undefined
COMMAND: POST /session/a57d97dc01d30c0d707ac32c8676cc12/execute/async - {"script":"<script> [776 bytes]","args":[{"enterText":"10001013","selector":{"controlType":"sap.m.SearchField","properties":{"placeholder":"Search"},"searchOpenDialogs":true,"interaction":{"idSuffix":"I"}},"clearTextFirst":true,"interactionType":"ENTER_TEXT"}]}
RESULT: {"script":"<script> [776 bytes]","args":[{"enterText":"10001013","selector":{"controlType":"sap.m.SearchField","properties":{"placeholder":"Search"},"searchOpenDialogs":true,"interaction":{"idSuffix":"I"}},"clearTextFirst":true,"interactionType":"ENTER_TEXT"}]}
COMMAND: POST /session/a57d97dc01d30c0d707ac32c8676cc12/actions - {"actions":[{"id":"action6","type":"key","parameters":{},"actions":[{"type":"keyDown","value":"î€‡"},{"type":"pause","duration":10},{"type":"keyUp","value":"î€‡"}]}]}
RESULT: {"actions":[{"id":"action6","type":"key","parameters":{},"actions":[{"type":"keyDown","value":"î€‡"},{"type":"pause","duration":10},{"type":"keyUp","value":"î€‡"}]}]}
COMMAND: GET /session/a57d97dc01d30c0d707ac32c8676cc12/screenshot - {}
RESULT: {}
COMMAND: POST /session/a57d97dc01d30c0d707ac32c8676cc12/element - {"using":"xpath","value":"//span[contains(text(), \"General Management\")]"}
RESULT: {"using":"xpath","value":"//span[contains(text(), \"General Management\")]"}
COMMAND: POST /session/a57d97dc01d30c0d707ac32c8676cc12/element/f.AA77304496C5C3E35540BF7ABBEF8E02.d.796D0302234824F1DDAE4479792668C5.e.2182/click - {}
RESULT: {}
COMMAND: GET /session/a57d97dc01d30c0d707ac32c8676cc12/screenshot - {}
RESULT: {}
COMMAND: POST /session/a57d97dc01d30c0d707ac32c8676cc12/element - {"using":"xpath","value":"//bdi[contains(text(), \"OK\")]"}
RESULT: {"using":"xpath","value":"//bdi[contains(text(), \"OK\")]"}
COMMAND: POST /session/a57d97dc01d30c0d707ac32c8676cc12/element/f.AA77304496C5C3E35540BF7ABBEF8E02.d.796D0302234824F1DDAE4479792668C5.e.2183/click - {}
RESULT: {}
COMMAND: GET /session/a57d97dc01d30c0d707ac32c8676cc12/screenshot - {}
RESULT: {}
COMMAND: POST /session/a57d97dc01d30c0d707ac32c8676cc12/element - {"using":"xpath","value":"//input[@id=\"application-managesites-display-component---NewSite--addressDetailDetailsCalendar-inner\"]"}
RESULT: {"using":"xpath","value":"//input[@id=\"application-managesites-display-component---NewSite--addressDetailDetailsCalendar-inner\"]"}
COMMAND: POST /session/a57d97dc01d30c0d707ac32c8676cc12/element/f.AA77304496C5C3E35540BF7ABBEF8E02.d.796D0302234824F1DDAE4479792668C5.e.1973/clear - {}
RESULT: {}
COMMAND: POST /session/a57d97dc01d30c0d707ac32c8676cc12/element/f.AA77304496C5C3E35540BF7ABBEF8E02.d.796D0302234824F1DDAE4479792668C5.e.1973/value - {"text":"Unit"}
COMMAND: GET /session/a57d97dc01d30c0d707ac32c8676cc12/screenshot - {}
RESULT: {"text":"Unit"}
COMMAND: GET /session/a57d97dc01d30c0d707ac32c8676cc12/screenshot - {}
RESULT: {}
RESULT: {}
COMMAND: POST /session/a57d97dc01d30c0d707ac32c8676cc12/actions - {"actions":[{"id":"action7","type":"key","parameters":{},"actions":[{"type":"keyDown","value":"î€‡"},{"type":"pause","duration":10},{"type":"keyUp","value":"î€‡"}]}]}
RESULT: {"actions":[{"id":"action7","type":"key","parameters":{},"actions":[{"type":"keyDown","value":"î€‡"},{"type":"pause","duration":10},{"type":"keyUp","value":"î€‡"}]}]}
COMMAND: POST /session/a57d97dc01d30c0d707ac32c8676cc12/element - {"using":"xpath","value":"//input[@id=\"application-managesites-display-component---NewSite--addressDetailDetailsYard-inner\"]"}
COMMAND: GET /session/a57d97dc01d30c0d707ac32c8676cc12/screenshot - {}
RESULT: {"using":"xpath","value":"//input[@id=\"application-managesites-display-component---NewSite--addressDetailDetailsYard-inner\"]"}
COMMAND: POST /session/a57d97dc01d30c0d707ac32c8676cc12/element/f.AA77304496C5C3E35540BF7ABBEF8E02.d.796D0302234824F1DDAE4479792668C5.e.1974/clear - {}
RESULT: {}
RESULT: {}
COMMAND: POST /session/a57d97dc01d30c0d707ac32c8676cc12/element/f.AA77304496C5C3E35540BF7ABBEF8E02.d.796D0302234824F1DDAE4479792668C5.e.1974/value - {"text":"199"}
COMMAND: GET /session/a57d97dc01d30c0d707ac32c8676cc12/screenshot - {}
RESULT: {"text":"199"}
COMMAND: GET /session/a57d97dc01d30c0d707ac32c8676cc12/screenshot - {}
COMMAND: POST /session/a57d97dc01d30c0d707ac32c8676cc12/element - {"using":"xpath","value":"//li[.//span[text()='199']]"}
RESULT: {}
RESULT: {}
RESULT: {"using":"xpath","value":"//li[.//span[text()='199']]"}
COMMAND: POST /session/a57d97dc01d30c0d707ac32c8676cc12/element/f.AA77304496C5C3E35540BF7ABBEF8E02.d.796D0302234824F1DDAE4479792668C5.e.2191/click - {}
RESULT: {}
COMMAND: GET /session/a57d97dc01d30c0d707ac32c8676cc12/screenshot - {}
RESULT: {}
COMMAND: POST /session/a57d97dc01d30c0d707ac32c8676cc12/element - {"using":"xpath","value":"//input[@id=\"application-managesites-display-component---NewSite--addressDetailDetailsPartner-inner\"]"}
RESULT: {"using":"xpath","value":"//input[@id=\"application-managesites-display-component---NewSite--addressDetailDetailsPartner-inner\"]"}
COMMAND: POST /session/a57d97dc01d30c0d707ac32c8676cc12/element - {"using":"xpath","value":"//input[@id=\"application-managesites-display-component---NewSite--addressDetailDetailsPartner-inner\"]"}
RESULT: {"using":"xpath","value":"//input[@id=\"application-managesites-display-component---NewSite--addressDetailDetailsPartner-inner\"]"}
COMMAND: POST /session/a57d97dc01d30c0d707ac32c8676cc12/element - {"using":"xpath","value":"//button[@data-kt=\"saveButton\"]"}
RESULT: {"using":"xpath","value":"//button[@data-kt=\"saveButton\"]"}
COMMAND: POST /session/a57d97dc01d30c0d707ac32c8676cc12/element/f.AA77304496C5C3E35540BF7ABBEF8E02.d.796D0302234824F1DDAE4479792668C5.e.2113/click - {}
RESULT: {}
COMMAND: GET /session/a57d97dc01d30c0d707ac32c8676cc12/screenshot - {}
RESULT: {}
COMMAND: POST /session/a57d97dc01d30c0d707ac32c8676cc12/element - {"using":"xpath","value":"//header[contains(@id, 'ObjectPageLayout-headerTitle')]/div[1]/div[2]/div[2]/span[1]"}
RESULT: {"using":"xpath","value":"//header[contains(@id, 'ObjectPageLayout-headerTitle')]/div[1]/div[2]/div[2]/span[1]"}
COMMAND: POST /session/a57d97dc01d30c0d707ac32c8676cc12/elements - {"using":"xpath","value":"//header[contains(@id, 'ObjectPageLayout-headerTitle')]/div[1]/div[2]/div[2]/span[1]"}
RESULT: {"using":"xpath","value":"//header[contains(@id, 'ObjectPageLayout-headerTitle')]/div[1]/div[2]/div[2]/span[1]"}
COMMAND: POST /session/a57d97dc01d30c0d707ac32c8676cc12/execute/sync - {"script":"<script> [56 bytes]","args":[{"element-6066-11e4-a52e-4f735466cecf":"f.AA77304496C5C3E35540BF7ABBEF8E02.d.796D0302234824F1DDAE4479792668C5.e.2348","ELEMENT":"f.AA77304496C5C3E35540BF7ABBEF8E02.d.796D0302234824F1DDAE4479792668C5.e.2348"}]}
RESULT: {"script":"<script> [56 bytes]","args":[{"element-6066-11e4-a52e-4f735466cecf":"f.AA77304496C5C3E35540BF7ABBEF8E02.d.796D0302234824F1DDAE4479792668C5.e.2348","ELEMENT":"f.AA77304496C5C3E35540BF7ABBEF8E02.d.796D0302234824F1DDAE4479792668C5.e.2348"}]}
COMMAND: POST /session/a57d97dc01d30c0d707ac32c8676cc12/element - {"using":"css selector","value":"#shell-header-logo"}
COMMAND: GET /session/a57d97dc01d30c0d707ac32c8676cc12/screenshot - {}
RESULT: {"using":"css selector","value":"#shell-header-logo"}
COMMAND: POST /session/a57d97dc01d30c0d707ac32c8676cc12/element/f.AA77304496C5C3E35540BF7ABBEF8E02.d.796D0302234824F1DDAE4479792668C5.e.1721/click - {}
RESULT: {}
RESULT: {}
COMMAND: GET /session/a57d97dc01d30c0d707ac32c8676cc12/screenshot - {}
RESULT: {}
COMMAND: POST /session/a57d97dc01d30c0d707ac32c8676cc12/execute/sync - {"script":"<script> [299 bytes]","args":[["getModel","getResource"]]}
RESULT: {"script":"<script> [299 bytes]","args":[["getModel","getResource"]]}
]]></system-out>
    </testcase>
    <testcase classname="chrome.137_0_7151_69.windows.Tests_for_Mass_State_Change_on_Manage_States_&amp;_Performances_US104416_US" name="Prereq Should create a new equipment multipart" time="132.327">
      <system-out><![CDATA[
COMMAND: POST /session/a57d97dc01d30c0d707ac32c8676cc12/execute/async - {"script":"<script> [1562 bytes]","args":[{"selector":{"controlType":"sap.m.GenericTile","properties":{"header":"Manage Resources"}},"wdio_ui5_key":"sapm.GenericTile{\"header\":\"Manage Resources\"}"}]}
COMMAND: GET /session/a57d97dc01d30c0d707ac32c8676cc12/screenshot - {}
RESULT: {"script":"<script> [1562 bytes]","args":[{"selector":{"controlType":"sap.m.GenericTile","properties":{"header":"Manage Resources"}},"wdio_ui5_key":"sapm.GenericTile{\"header\":\"Manage Resources\"}"}]}
RESULT: undefined
COMMAND: POST /session/a57d97dc01d30c0d707ac32c8676cc12/element - {"using":"xpath","value":"//*[@id=\"__tile40\"]"}
RESULT: {}
RESULT: {"using":"xpath","value":"//*[@id=\"__tile40\"]"}
COMMAND: POST /session/a57d97dc01d30c0d707ac32c8676cc12/element/f.AA77304496C5C3E35540BF7ABBEF8E02.d.796D0302234824F1DDAE4479792668C5.e.164/click - {}
RESULT: {}
COMMAND: GET /session/a57d97dc01d30c0d707ac32c8676cc12/screenshot - {}
RESULT: {}
COMMAND: POST /session/a57d97dc01d30c0d707ac32c8676cc12/elements - {"using":"xpath","value":"//span[text()='Error']"}
RESULT: {"using":"xpath","value":"//span[text()='Error']"}
COMMAND: POST /session/a57d97dc01d30c0d707ac32c8676cc12/element - {"using":"xpath","value":"//button[@data-kt=\"addNewRUOverflowToolbarButton\"]"}
RESULT: {"using":"xpath","value":"//button[@data-kt=\"addNewRUOverflowToolbarButton\"]"}
COMMAND: POST /session/a57d97dc01d30c0d707ac32c8676cc12/elements - {"using":"xpath","value":"//button[@data-kt=\"addNewRUOverflowToolbarButton\"]"}
RESULT: {"using":"xpath","value":"//button[@data-kt=\"addNewRUOverflowToolbarButton\"]"}
COMMAND: POST /session/a57d97dc01d30c0d707ac32c8676cc12/execute/sync - {"script":"<script> [8489 bytes]","args":[{"element-6066-11e4-a52e-4f735466cecf":"f.AA77304496C5C3E35540BF7ABBEF8E02.d.796D0302234824F1DDAE4479792668C5.e.2499","ELEMENT":"f.AA77304496C5C3E35540BF7ABBEF8E02.d.796D0302234824F1DDAE4479792668C5.e.2499"}]}
RESULT: {"script":"<script> [8489 bytes]","args":[{"element-6066-11e4-a52e-4f735466cecf":"f.AA77304496C5C3E35540BF7ABBEF8E02.d.796D0302234824F1DDAE4479792668C5.e.2499","ELEMENT":"f.AA77304496C5C3E35540BF7ABBEF8E02.d.796D0302234824F1DDAE4479792668C5.e.2499"}]}
COMMAND: GET /session/a57d97dc01d30c0d707ac32c8676cc12/element/f.AA77304496C5C3E35540BF7ABBEF8E02.d.796D0302234824F1DDAE4479792668C5.e.2499/enabled - {}
COMMAND: GET /session/a57d97dc01d30c0d707ac32c8676cc12/screenshot - {}
RESULT: {}
COMMAND: POST /session/a57d97dc01d30c0d707ac32c8676cc12/execute/sync - {"script":"<script> [8489 bytes]","args":[{"element-6066-11e4-a52e-4f735466cecf":"f.AA77304496C5C3E35540BF7ABBEF8E02.d.796D0302234824F1DDAE4479792668C5.e.2499","ELEMENT":"f.AA77304496C5C3E35540BF7ABBEF8E02.d.796D0302234824F1DDAE4479792668C5.e.2499"}]}
COMMAND: GET /session/a57d97dc01d30c0d707ac32c8676cc12/screenshot - {}
RESULT: {}
RESULT: {"script":"<script> [8489 bytes]","args":[{"element-6066-11e4-a52e-4f735466cecf":"f.AA77304496C5C3E35540BF7ABBEF8E02.d.796D0302234824F1DDAE4479792668C5.e.2499","ELEMENT":"f.AA77304496C5C3E35540BF7ABBEF8E02.d.796D0302234824F1DDAE4479792668C5.e.2499"}]}
COMMAND: POST /session/a57d97dc01d30c0d707ac32c8676cc12/execute/sync - {"script":"<script> [5351 bytes]","args":[{"element-6066-11e4-a52e-4f735466cecf":"f.AA77304496C5C3E35540BF7ABBEF8E02.d.796D0302234824F1DDAE4479792668C5.e.2499","ELEMENT":"f.AA77304496C5C3E35540BF7ABBEF8E02.d.796D0302234824F1DDAE4479792668C5.e.2499"}]}
COMMAND: GET /session/a57d97dc01d30c0d707ac32c8676cc12/screenshot - {}
RESULT: {}
RESULT: {"script":"<script> [5351 bytes]","args":[{"element-6066-11e4-a52e-4f735466cecf":"f.AA77304496C5C3E35540BF7ABBEF8E02.d.796D0302234824F1DDAE4479792668C5.e.2499","ELEMENT":"f.AA77304496C5C3E35540BF7ABBEF8E02.d.796D0302234824F1DDAE4479792668C5.e.2499"}]}
COMMAND: POST /session/a57d97dc01d30c0d707ac32c8676cc12/element/f.AA77304496C5C3E35540BF7ABBEF8E02.d.796D0302234824F1DDAE4479792668C5.e.2499/click - {}
COMMAND: GET /session/a57d97dc01d30c0d707ac32c8676cc12/screenshot - {}
RESULT: {}
RESULT: {}
COMMAND: GET /session/a57d97dc01d30c0d707ac32c8676cc12/screenshot - {}
RESULT: {}
COMMAND: POST /session/a57d97dc01d30c0d707ac32c8676cc12/execute/async - {"script":"<script> [1562 bytes]","args":[{"selector":{"id":"application-manageresources-display-component---newResourceUnit--TYPE-arrow"},"wdio_ui5_key":"applicationmanageresources-display-component---newResourceUnit--TYPE-arrow"}]}
RESULT: {}
RESULT: {"script":"<script> [1562 bytes]","args":[{"selector":{"id":"application-manageresources-display-component---newResourceUnit--TYPE-arrow"},"wdio_ui5_key":"applicationmanageresources-display-component---newResourceUnit--TYPE-arrow"}]}
RESULT: undefined
COMMAND: POST /session/a57d97dc01d30c0d707ac32c8676cc12/element - {"using":"xpath","value":"//*[@id=\"application-manageresources-display-component---newResourceUnit--TYPE-arrow\"]"}
RESULT: {"using":"xpath","value":"//*[@id=\"application-manageresources-display-component---newResourceUnit--TYPE-arrow\"]"}
COMMAND: POST /session/a57d97dc01d30c0d707ac32c8676cc12/element/f.AA77304496C5C3E35540BF7ABBEF8E02.d.796D0302234824F1DDAE4479792668C5.e.2740/click - {}
RESULT: {}
COMMAND: POST /session/a57d97dc01d30c0d707ac32c8676cc12/element - {"using":"xpath","value":"//input[@id=\"application-manageresources-display-component---newResourceUnit--TYPE-inner\"]"}
COMMAND: GET /session/a57d97dc01d30c0d707ac32c8676cc12/screenshot - {}
RESULT: {"using":"xpath","value":"//input[@id=\"application-manageresources-display-component---newResourceUnit--TYPE-inner\"]"}
COMMAND: POST /session/a57d97dc01d30c0d707ac32c8676cc12/element/f.AA77304496C5C3E35540BF7ABBEF8E02.d.796D0302234824F1DDAE4479792668C5.e.2736/clear - {}
RESULT: {}
RESULT: {}
COMMAND: POST /session/a57d97dc01d30c0d707ac32c8676cc12/element/f.AA77304496C5C3E35540BF7ABBEF8E02.d.796D0302234824F1DDAE4479792668C5.e.2736/value - {"text":"Equi Multipart"}
COMMAND: GET /session/a57d97dc01d30c0d707ac32c8676cc12/screenshot - {}
RESULT: {"text":"Equi Multipart"}
COMMAND: GET /session/a57d97dc01d30c0d707ac32c8676cc12/screenshot - {}
RESULT: {}
RESULT: {}
COMMAND: POST /session/a57d97dc01d30c0d707ac32c8676cc12/actions - {"actions":[{"id":"action8","type":"key","parameters":{},"actions":[{"type":"keyDown","value":"î€‡"},{"type":"pause","duration":10},{"type":"keyUp","value":"î€‡"}]}]}
RESULT: {"actions":[{"id":"action8","type":"key","parameters":{},"actions":[{"type":"keyDown","value":"î€‡"},{"type":"pause","duration":10},{"type":"keyUp","value":"î€‡"}]}]}
COMMAND: POST /session/a57d97dc01d30c0d707ac32c8676cc12/execute/async - {"script":"<script> [1562 bytes]","args":[{"selector":{"id":"application-manageresources-display-component---newResourceUnit--SHORT_TEXT","interaction":{"idSuffix":"inner"}},"wdio_ui5_key":"applicationmanageresources-display-component---newResourceUnit--SHORT_TEXT"}]}
COMMAND: GET /session/a57d97dc01d30c0d707ac32c8676cc12/screenshot - {}
RESULT: {"script":"<script> [1562 bytes]","args":[{"selector":{"id":"application-manageresources-display-component---newResourceUnit--SHORT_TEXT","interaction":{"idSuffix":"inner"}},"wdio_ui5_key":"applicationmanageresources-display-component---newResourceUnit--SHORT_TEXT"}]}
RESULT: undefined
COMMAND: POST /session/a57d97dc01d30c0d707ac32c8676cc12/execute/async - {"script":"<script> [776 bytes]","args":[{"enterText":"Equipment Multipart WDIO","selector":{"id":"application-manageresources-display-component---newResourceUnit--SHORT_TEXT","interaction":{"idSuffix":"inner"}},"clearTextFirst":true,"interactionType":"ENTER_TEXT"}]}
RESULT: {}
RESULT: {"script":"<script> [776 bytes]","args":[{"enterText":"Equipment Multipart WDIO","selector":{"id":"application-manageresources-display-component---newResourceUnit--SHORT_TEXT","interaction":{"idSuffix":"inner"}},"clearTextFirst":true,"interactionType":"ENTER_TEXT"}]}
COMMAND: POST /session/a57d97dc01d30c0d707ac32c8676cc12/execute/async - {"script":"<script> [1562 bytes]","args":[{"selector":{"id":"application-manageresources-display-component---newResourceUnit--BASE_UNIT_OF_MEASURE","interaction":{"idSuffix":"inner"}},"wdio_ui5_key":"applicationmanageresources-display-component---newResourceUnit--BASE_UNIT_OF_MEASURE"}]}
RESULT: {"script":"<script> [1562 bytes]","args":[{"selector":{"id":"application-manageresources-display-component---newResourceUnit--BASE_UNIT_OF_MEASURE","interaction":{"idSuffix":"inner"}},"wdio_ui5_key":"applicationmanageresources-display-component---newResourceUnit--BASE_UNIT_OF_MEASURE"}]}
RESULT: undefined
COMMAND: POST /session/a57d97dc01d30c0d707ac32c8676cc12/execute/async - {"script":"<script> [776 bytes]","args":[{"enterText":"Piece","selector":{"id":"application-manageresources-display-component---newResourceUnit--BASE_UNIT_OF_MEASURE","interaction":{"idSuffix":"inner"}},"clearTextFirst":true,"interactionType":"ENTER_TEXT"}]}
RESULT: {"script":"<script> [776 bytes]","args":[{"enterText":"Piece","selector":{"id":"application-manageresources-display-component---newResourceUnit--BASE_UNIT_OF_MEASURE","interaction":{"idSuffix":"inner"}},"clearTextFirst":true,"interactionType":"ENTER_TEXT"}]}
COMMAND: POST /session/a57d97dc01d30c0d707ac32c8676cc12/execute/async - {"script":"<script> [1562 bytes]","args":[{"selector":{"id":"application-manageresources-display-component---newResourceUnit--WEIGHT_UNIT","interaction":{"idSuffix":"inner"}},"wdio_ui5_key":"applicationmanageresources-display-component---newResourceUnit--WEIGHT_UNIT"}]}
RESULT: {"script":"<script> [1562 bytes]","args":[{"selector":{"id":"application-manageresources-display-component---newResourceUnit--WEIGHT_UNIT","interaction":{"idSuffix":"inner"}},"wdio_ui5_key":"applicationmanageresources-display-component---newResourceUnit--WEIGHT_UNIT"}]}
RESULT: undefined
COMMAND: POST /session/a57d97dc01d30c0d707ac32c8676cc12/execute/async - {"script":"<script> [776 bytes]","args":[{"enterText":"Gram","selector":{"id":"application-manageresources-display-component---newResourceUnit--WEIGHT_UNIT","interaction":{"idSuffix":"inner"}},"clearTextFirst":true,"interactionType":"ENTER_TEXT"}]}
RESULT: {"script":"<script> [776 bytes]","args":[{"enterText":"Gram","selector":{"id":"application-manageresources-display-component---newResourceUnit--WEIGHT_UNIT","interaction":{"idSuffix":"inner"}},"clearTextFirst":true,"interactionType":"ENTER_TEXT"}]}
COMMAND: POST /session/a57d97dc01d30c0d707ac32c8676cc12/execute/async - {"script":"<script> [1562 bytes]","args":[{"selector":{"id":"application-manageresources-display-component---newResourceUnit--DIMENSION_UNIT","interaction":{"idSuffix":"inner"}},"wdio_ui5_key":"applicationmanageresources-display-component---newResourceUnit--DIMENSION_UNIT"}]}
RESULT: {"script":"<script> [1562 bytes]","args":[{"selector":{"id":"application-manageresources-display-component---newResourceUnit--DIMENSION_UNIT","interaction":{"idSuffix":"inner"}},"wdio_ui5_key":"applicationmanageresources-display-component---newResourceUnit--DIMENSION_UNIT"}]}
RESULT: undefined
COMMAND: POST /session/a57d97dc01d30c0d707ac32c8676cc12/execute/async - {"script":"<script> [776 bytes]","args":[{"enterText":"Meter","selector":{"id":"application-manageresources-display-component---newResourceUnit--DIMENSION_UNIT","interaction":{"idSuffix":"inner"}},"clearTextFirst":true,"interactionType":"ENTER_TEXT"}]}
RESULT: {"script":"<script> [776 bytes]","args":[{"enterText":"Meter","selector":{"id":"application-manageresources-display-component---newResourceUnit--DIMENSION_UNIT","interaction":{"idSuffix":"inner"}},"clearTextFirst":true,"interactionType":"ENTER_TEXT"}]}
COMMAND: POST /session/a57d97dc01d30c0d707ac32c8676cc12/execute/async - {"script":"<script> [1562 bytes]","args":[{"selector":{"id":"application-manageresources-display-component---newResourceUnit--newRRUPage-anchBar-application-manageresources-display-component---newResourceUnit--control-anchor","interaction":{"idSuffix":"BDI-content"}},"wdio_ui5_key":"applicationmanageresources-display-component---newResourceUnit--newRRUPage-anchBar-application-manageresources-display-component---newResourceUnit--control-anchor"}]}
RESULT: {"script":"<script> [1562 bytes]","args":[{"selector":{"id":"application-manageresources-display-component---newResourceUnit--newRRUPage-anchBar-application-manageresources-display-component---newResourceUnit--control-anchor","interaction":{"idSuffix":"BDI-content"}},"wdio_ui5_key":"applicationmanageresources-display-component---newResourceUnit--newRRUPage-anchBar-application-manageresources-display-component---newResourceUnit--control-anchor"}]}
RESULT: undefined
COMMAND: POST /session/a57d97dc01d30c0d707ac32c8676cc12/element - {"using":"xpath","value":"//*[@id=\"application-manageresources-display-component---newResourceUnit--newRRUPage-anchBar-application-manageresources-display-component---newResourceUnit--control-anchor\"]"}
RESULT: {"using":"xpath","value":"//*[@id=\"application-manageresources-display-component---newResourceUnit--newRRUPage-anchBar-application-manageresources-display-component---newResourceUnit--control-anchor\"]"}
COMMAND: POST /session/a57d97dc01d30c0d707ac32c8676cc12/element/f.AA77304496C5C3E35540BF7ABBEF8E02.d.796D0302234824F1DDAE4479792668C5.e.2874/click - {}
RESULT: {}
COMMAND: POST /session/a57d97dc01d30c0d707ac32c8676cc12/execute/async - {"script":"<script> [1562 bytes]","args":[{"selector":{"id":"application-manageresources-display-component---newResourceUnit--PLANNING_GROUP","interaction":{"idSuffix":"inner"}},"wdio_ui5_key":"applicationmanageresources-display-component---newResourceUnit--PLANNING_GROUP"}]}
COMMAND: GET /session/a57d97dc01d30c0d707ac32c8676cc12/screenshot - {}
RESULT: {"script":"<script> [1562 bytes]","args":[{"selector":{"id":"application-manageresources-display-component---newResourceUnit--PLANNING_GROUP","interaction":{"idSuffix":"inner"}},"wdio_ui5_key":"applicationmanageresources-display-component---newResourceUnit--PLANNING_GROUP"}]}
RESULT: undefined
COMMAND: POST /session/a57d97dc01d30c0d707ac32c8676cc12/execute/async - {"script":"<script> [776 bytes]","args":[{"enterText":"Heavy Equi","selector":{"id":"application-manageresources-display-component---newResourceUnit--PLANNING_GROUP","interaction":{"idSuffix":"inner"}},"clearTextFirst":true,"interactionType":"ENTER_TEXT"}]}
RESULT: {}
RESULT: {"script":"<script> [776 bytes]","args":[{"enterText":"Heavy Equi","selector":{"id":"application-manageresources-display-component---newResourceUnit--PLANNING_GROUP","interaction":{"idSuffix":"inner"}},"clearTextFirst":true,"interactionType":"ENTER_TEXT"}]}
COMMAND: POST /session/a57d97dc01d30c0d707ac32c8676cc12/execute/async - {"script":"<script> [1562 bytes]","args":[{"selector":{"id":"application-manageresources-display-component---newResourceUnit--PLANNING_INDICATOR","interaction":{"idSuffix":"inner"}},"wdio_ui5_key":"applicationmanageresources-display-component---newResourceUnit--PLANNING_INDICATOR"}]}
RESULT: {"script":"<script> [1562 bytes]","args":[{"selector":{"id":"application-manageresources-display-component---newResourceUnit--PLANNING_INDICATOR","interaction":{"idSuffix":"inner"}},"wdio_ui5_key":"applicationmanageresources-display-component---newResourceUnit--PLANNING_INDICATOR"}]}
RESULT: undefined
COMMAND: POST /session/a57d97dc01d30c0d707ac32c8676cc12/execute/async - {"script":"<script> [776 bytes]","args":[{"enterText":"10 - infinite","selector":{"id":"application-manageresources-display-component---newResourceUnit--PLANNING_INDICATOR","interaction":{"idSuffix":"inner"}},"clearTextFirst":true,"interactionType":"ENTER_TEXT"}]}
RESULT: {"script":"<script> [776 bytes]","args":[{"enterText":"10 - infinite","selector":{"id":"application-manageresources-display-component---newResourceUnit--PLANNING_INDICATOR","interaction":{"idSuffix":"inner"}},"clearTextFirst":true,"interactionType":"ENTER_TEXT"}]}
COMMAND: POST /session/a57d97dc01d30c0d707ac32c8676cc12/execute/async - {"script":"<script> [1562 bytes]","args":[{"selector":{"id":"application-manageresources-display-component---newResourceUnit--ITEM_TYPE-arrow"},"wdio_ui5_key":"applicationmanageresources-display-component---newResourceUnit--ITEM_TYPE-arrow"}]}
RESULT: {"script":"<script> [1562 bytes]","args":[{"selector":{"id":"application-manageresources-display-component---newResourceUnit--ITEM_TYPE-arrow"},"wdio_ui5_key":"applicationmanageresources-display-component---newResourceUnit--ITEM_TYPE-arrow"}]}
RESULT: undefined
COMMAND: POST /session/a57d97dc01d30c0d707ac32c8676cc12/element - {"using":"xpath","value":"//*[@id=\"application-manageresources-display-component---newResourceUnit--ITEM_TYPE-arrow\"]"}
RESULT: {"using":"xpath","value":"//*[@id=\"application-manageresources-display-component---newResourceUnit--ITEM_TYPE-arrow\"]"}
COMMAND: POST /session/a57d97dc01d30c0d707ac32c8676cc12/element/f.AA77304496C5C3E35540BF7ABBEF8E02.d.796D0302234824F1DDAE4479792668C5.e.2884/click - {}
RESULT: {}
COMMAND: GET /session/a57d97dc01d30c0d707ac32c8676cc12/screenshot - {}
RESULT: {}
COMMAND: POST /session/a57d97dc01d30c0d707ac32c8676cc12/execute/async - {"script":"<script> [1562 bytes]","args":[{"selector":{"controlType":"sap.m.StandardListItem","viewName":"reusables.view.manageresources.NewResourceUnit","viewId":"application-manageresources-display-component---newResourceUnit","properties":{"title":"Pool Equipment"},"searchOpenDialogs":true,"interaction":{"idSuffix":"content"}},"wdio_ui5_key":"reusablesview.manageresources.NewResourceUnitsap.m.StandardListItem{\"title\":\"Pool Equipment\"}"}]}
RESULT: {"script":"<script> [1562 bytes]","args":[{"selector":{"controlType":"sap.m.StandardListItem","viewName":"reusables.view.manageresources.NewResourceUnit","viewId":"application-manageresources-display-component---newResourceUnit","properties":{"title":"Pool Equipment"},"searchOpenDialogs":true,"interaction":{"idSuffix":"content"}},"wdio_ui5_key":"reusablesview.manageresources.NewResourceUnitsap.m.StandardListItem{\"title\":\"Pool Equipment\"}"}]}
RESULT: undefined
COMMAND: POST /session/a57d97dc01d30c0d707ac32c8676cc12/element - {"using":"xpath","value":"//*[@id=\"__item1514\"]"}
RESULT: {"using":"xpath","value":"//*[@id=\"__item1514\"]"}
COMMAND: POST /session/a57d97dc01d30c0d707ac32c8676cc12/element/f.AA77304496C5C3E35540BF7ABBEF8E02.d.796D0302234824F1DDAE4479792668C5.e.2886/click - {}
RESULT: {}
COMMAND: GET /session/a57d97dc01d30c0d707ac32c8676cc12/screenshot - {}
RESULT: {}
COMMAND: POST /session/a57d97dc01d30c0d707ac32c8676cc12/element - {"using":"css selector","value":"#application-manageresources-display-component---newResourceUnit--btnAddTimeSegment"}
RESULT: {"using":"css selector","value":"#application-manageresources-display-component---newResourceUnit--btnAddTimeSegment"}
COMMAND: GET /session/a57d97dc01d30c0d707ac32c8676cc12/element/f.AA77304496C5C3E35540BF7ABBEF8E02.d.796D0302234824F1DDAE4479792668C5.e.2948/rect - {}
RESULT: {}
COMMAND: GET /session/a57d97dc01d30c0d707ac32c8676cc12/window/rect - {}
RESULT: {}
COMMAND: POST /session/a57d97dc01d30c0d707ac32c8676cc12/execute/sync - {"script":"<script> [92 bytes]","args":[]}
RESULT: {"script":"<script> [92 bytes]","args":[]}
COMMAND: POST /session/a57d97dc01d30c0d707ac32c8676cc12/actions - {"actions":[{"id":"action9","type":"wheel","parameters":{},"actions":[{"type":"scroll","x":-1888,"y":-32,"deltaX":0,"deltaY":0,"duration":0,"origin":{"element-6066-11e4-a52e-4f735466cecf":"f.AA77304496C5C3E35540BF7ABBEF8E02.d.796D0302234824F1DDAE4479792668C5.e.2948"}}]}]}
COMMAND: GET /session/a57d97dc01d30c0d707ac32c8676cc12/screenshot - {}
RESULT: {}
COMMAND: POST /session/a57d97dc01d30c0d707ac32c8676cc12/execute/sync - {"script":"<script> [79 bytes]","args":[{"element-6066-11e4-a52e-4f735466cecf":"f.AA77304496C5C3E35540BF7ABBEF8E02.d.796D0302234824F1DDAE4479792668C5.e.2948","ELEMENT":"f.AA77304496C5C3E35540BF7ABBEF8E02.d.796D0302234824F1DDAE4479792668C5.e.2948"},{"block":"start","inline":"nearest"}]}
RESULT: {"script":"<script> [79 bytes]","args":[{"element-6066-11e4-a52e-4f735466cecf":"f.AA77304496C5C3E35540BF7ABBEF8E02.d.796D0302234824F1DDAE4479792668C5.e.2948","ELEMENT":"f.AA77304496C5C3E35540BF7ABBEF8E02.d.796D0302234824F1DDAE4479792668C5.e.2948"},{"block":"start","inline":"nearest"}]}
COMMAND: POST /session/a57d97dc01d30c0d707ac32c8676cc12/execute/async - {"script":"<script> [1562 bytes]","args":[{"selector":{"id":"application-manageresources-display-component---newResourceUnit--btnAddTimeSegment","interaction":{"idSuffix":"inner"}},"wdio_ui5_key":"applicationmanageresources-display-component---newResourceUnit--btnAddTimeSegment"}]}
COMMAND: GET /session/a57d97dc01d30c0d707ac32c8676cc12/screenshot - {}
RESULT: {"script":"<script> [1562 bytes]","args":[{"selector":{"id":"application-manageresources-display-component---newResourceUnit--btnAddTimeSegment","interaction":{"idSuffix":"inner"}},"wdio_ui5_key":"applicationmanageresources-display-component---newResourceUnit--btnAddTimeSegment"}]}
RESULT: undefined
COMMAND: POST /session/a57d97dc01d30c0d707ac32c8676cc12/element - {"using":"xpath","value":"//*[@id=\"application-manageresources-display-component---newResourceUnit--btnAddTimeSegment\"]"}
RESULT: {}
RESULT: {"using":"xpath","value":"//*[@id=\"application-manageresources-display-component---newResourceUnit--btnAddTimeSegment\"]"}
COMMAND: POST /session/a57d97dc01d30c0d707ac32c8676cc12/element/f.AA77304496C5C3E35540BF7ABBEF8E02.d.796D0302234824F1DDAE4479792668C5.e.2948/click - {}
RESULT: {}
COMMAND: GET /session/a57d97dc01d30c0d707ac32c8676cc12/screenshot - {}
RESULT: {}
COMMAND: POST /session/a57d97dc01d30c0d707ac32c8676cc12/element - {"using":"xpath","value":"//input[@id=\"application-manageresources-display-component---newResourceUnit--idRuTSAdmin-application-manageresources-display-component---newResourceUnit--RUTimeSegment-0-inner\"]"}
RESULT: {"using":"xpath","value":"//input[@id=\"application-manageresources-display-component---newResourceUnit--idRuTSAdmin-application-manageresources-display-component---newResourceUnit--RUTimeSegment-0-inner\"]"}
COMMAND: POST /session/a57d97dc01d30c0d707ac32c8676cc12/element/f.AA77304496C5C3E35540BF7ABBEF8E02.d.796D0302234824F1DDAE4479792668C5.e.2954/clear - {}
RESULT: {}
COMMAND: POST /session/a57d97dc01d30c0d707ac32c8676cc12/element/f.AA77304496C5C3E35540BF7ABBEF8E02.d.796D0302234824F1DDAE4479792668C5.e.2954/value - {"text":"199"}
COMMAND: GET /session/a57d97dc01d30c0d707ac32c8676cc12/screenshot - {}
RESULT: {"text":"199"}
COMMAND: GET /session/a57d97dc01d30c0d707ac32c8676cc12/screenshot - {}
RESULT: {}
RESULT: {}
COMMAND: POST /session/a57d97dc01d30c0d707ac32c8676cc12/element - {"using":"xpath","value":"//li[.//span[text()='199']]"}
RESULT: {"using":"xpath","value":"//li[.//span[text()='199']]"}
COMMAND: POST /session/a57d97dc01d30c0d707ac32c8676cc12/element/f.AA77304496C5C3E35540BF7ABBEF8E02.d.796D0302234824F1DDAE4479792668C5.e.2966/click - {}
RESULT: {}
COMMAND: GET /session/a57d97dc01d30c0d707ac32c8676cc12/screenshot - {}
RESULT: {}
COMMAND: POST /session/a57d97dc01d30c0d707ac32c8676cc12/element - {"using":"xpath","value":"(//span[contains(@id, \"-application-manageresources-display-component---newResourceUnit--RUTimeSegment-0-arrow\")])[5]"}
RESULT: {"using":"xpath","value":"(//span[contains(@id, \"-application-manageresources-display-component---newResourceUnit--RUTimeSegment-0-arrow\")])[5]"}
COMMAND: POST /session/a57d97dc01d30c0d707ac32c8676cc12/element/f.AA77304496C5C3E35540BF7ABBEF8E02.d.796D0302234824F1DDAE4479792668C5.e.2967/click - {}
RESULT: {}
COMMAND: GET /session/a57d97dc01d30c0d707ac32c8676cc12/screenshot - {}
RESULT: {}
COMMAND: POST /session/a57d97dc01d30c0d707ac32c8676cc12/element - {"using":"xpath","value":"//span[contains(text(), \"PM Order\")]"}
RESULT: {"using":"xpath","value":"//span[contains(text(), \"PM Order\")]"}
COMMAND: POST /session/a57d97dc01d30c0d707ac32c8676cc12/element/f.AA77304496C5C3E35540BF7ABBEF8E02.d.796D0302234824F1DDAE4479792668C5.e.2968/click - {}
RESULT: {}
COMMAND: GET /session/a57d97dc01d30c0d707ac32c8676cc12/screenshot - {}
RESULT: {}
COMMAND: POST /session/a57d97dc01d30c0d707ac32c8676cc12/element - {"using":"xpath","value":"(//span[contains(@id ,\"manageresources-display-component---newResourceUnit--RUTimeSegment-0-vhi\")])[1]"}
RESULT: {"using":"xpath","value":"(//span[contains(@id ,\"manageresources-display-component---newResourceUnit--RUTimeSegment-0-vhi\")])[1]"}
COMMAND: GET /session/a57d97dc01d30c0d707ac32c8676cc12/element/f.AA77304496C5C3E35540BF7ABBEF8E02.d.796D0302234824F1DDAE4479792668C5.e.2972/rect - {}
RESULT: {}
COMMAND: GET /session/a57d97dc01d30c0d707ac32c8676cc12/window/rect - {}
RESULT: {}
COMMAND: POST /session/a57d97dc01d30c0d707ac32c8676cc12/execute/sync - {"script":"<script> [92 bytes]","args":[]}
RESULT: {"script":"<script> [92 bytes]","args":[]}
COMMAND: POST /session/a57d97dc01d30c0d707ac32c8676cc12/actions - {"actions":[{"id":"action10","type":"wheel","parameters":{},"actions":[{"type":"scroll","x":-1888,"y":-24,"deltaX":0,"deltaY":0,"duration":0,"origin":{"element-6066-11e4-a52e-4f735466cecf":"f.AA77304496C5C3E35540BF7ABBEF8E02.d.796D0302234824F1DDAE4479792668C5.e.2972"}}]}]}
COMMAND: GET /session/a57d97dc01d30c0d707ac32c8676cc12/screenshot - {}
RESULT: {}
COMMAND: POST /session/a57d97dc01d30c0d707ac32c8676cc12/execute/sync - {"script":"<script> [79 bytes]","args":[{"element-6066-11e4-a52e-4f735466cecf":"f.AA77304496C5C3E35540BF7ABBEF8E02.d.796D0302234824F1DDAE4479792668C5.e.2972","ELEMENT":"f.AA77304496C5C3E35540BF7ABBEF8E02.d.796D0302234824F1DDAE4479792668C5.e.2972"},{"block":"start","inline":"nearest"}]}
RESULT: {"script":"<script> [79 bytes]","args":[{"element-6066-11e4-a52e-4f735466cecf":"f.AA77304496C5C3E35540BF7ABBEF8E02.d.796D0302234824F1DDAE4479792668C5.e.2972","ELEMENT":"f.AA77304496C5C3E35540BF7ABBEF8E02.d.796D0302234824F1DDAE4479792668C5.e.2972"},{"block":"start","inline":"nearest"}]}
COMMAND: GET /session/a57d97dc01d30c0d707ac32c8676cc12/screenshot - {}
RESULT: {}
COMMAND: POST /session/a57d97dc01d30c0d707ac32c8676cc12/element/f.AA77304496C5C3E35540BF7ABBEF8E02.d.796D0302234824F1DDAE4479792668C5.e.2972/click - {}
RESULT: {}
COMMAND: GET /session/a57d97dc01d30c0d707ac32c8676cc12/screenshot - {}
RESULT: {}
RESULT: undefined
COMMAND: POST /session/a57d97dc01d30c0d707ac32c8676cc12/execute/async - {"script":"<script> [776 bytes]","args":[{"enterText":"4000360","selector":{"controlType":"sap.m.SearchField","properties":{"placeholder":"Search"},"searchOpenDialogs":true,"interaction":{"idSuffix":"I"}},"clearTextFirst":true,"interactionType":"ENTER_TEXT"}]}
RESULT: {"script":"<script> [776 bytes]","args":[{"enterText":"4000360","selector":{"controlType":"sap.m.SearchField","properties":{"placeholder":"Search"},"searchOpenDialogs":true,"interaction":{"idSuffix":"I"}},"clearTextFirst":true,"interactionType":"ENTER_TEXT"}]}
COMMAND: POST /session/a57d97dc01d30c0d707ac32c8676cc12/actions - {"actions":[{"id":"action11","type":"key","parameters":{},"actions":[{"type":"keyDown","value":"î€‡"},{"type":"pause","duration":10},{"type":"keyUp","value":"î€‡"}]}]}
RESULT: {"actions":[{"id":"action11","type":"key","parameters":{},"actions":[{"type":"keyDown","value":"î€‡"},{"type":"pause","duration":10},{"type":"keyUp","value":"î€‡"}]}]}
COMMAND: GET /session/a57d97dc01d30c0d707ac32c8676cc12/screenshot - {}
RESULT: {}
COMMAND: POST /session/a57d97dc01d30c0d707ac32c8676cc12/element - {"using":"xpath","value":"//td/div/span[contains(text(), \"BGL Vehicles\")]"}
RESULT: {"using":"xpath","value":"//td/div/span[contains(text(), \"BGL Vehicles\")]"}
COMMAND: POST /session/a57d97dc01d30c0d707ac32c8676cc12/element/f.AA77304496C5C3E35540BF7ABBEF8E02.d.796D0302234824F1DDAE4479792668C5.e.2992/click - {}
RESULT: {}
COMMAND: GET /session/a57d97dc01d30c0d707ac32c8676cc12/screenshot - {}
RESULT: {}
COMMAND: POST /session/a57d97dc01d30c0d707ac32c8676cc12/element - {"using":"xpath","value":"//bdi[contains(text(), \"OK\")]"}
RESULT: {"using":"xpath","value":"//bdi[contains(text(), \"OK\")]"}
COMMAND: POST /session/a57d97dc01d30c0d707ac32c8676cc12/element/f.AA77304496C5C3E35540BF7ABBEF8E02.d.796D0302234824F1DDAE4479792668C5.e.2993/click - {}
RESULT: {}
COMMAND: GET /session/a57d97dc01d30c0d707ac32c8676cc12/screenshot - {}
RESULT: {}
COMMAND: POST /session/a57d97dc01d30c0d707ac32c8676cc12/element - {"using":"xpath","value":"//label[contains(@class, 'sapMLabelRequired') and .//bdi[contains(text(), 'Planned Retirement')]]"}
RESULT: {"using":"xpath","value":"//label[contains(@class, 'sapMLabelRequired') and .//bdi[contains(text(), 'Planned Retirement')]]"}
COMMAND: POST /session/a57d97dc01d30c0d707ac32c8676cc12/elements - {"using":"xpath","value":"//label[contains(@class, 'sapMLabelRequired') and .//bdi[contains(text(), 'Planned Retirement')]]"}
RESULT: {"using":"xpath","value":"//label[contains(@class, 'sapMLabelRequired') and .//bdi[contains(text(), 'Planned Retirement')]]"}
COMMAND: POST /session/a57d97dc01d30c0d707ac32c8676cc12/element - {"using":"xpath","value":"//button[@data-kt=\"resourceUnitSaveButton\"]"}
RESULT: {"using":"xpath","value":"//button[@data-kt=\"resourceUnitSaveButton\"]"}
COMMAND: POST /session/a57d97dc01d30c0d707ac32c8676cc12/element/f.AA77304496C5C3E35540BF7ABBEF8E02.d.796D0302234824F1DDAE4479792668C5.e.2757/click - {}
RESULT: {}
COMMAND: GET /session/a57d97dc01d30c0d707ac32c8676cc12/screenshot - {}
RESULT: {}
COMMAND: POST /session/a57d97dc01d30c0d707ac32c8676cc12/element - {"using":"xpath","value":"//bdi[contains(text(), \"Close\")]"}
RESULT: {"using":"xpath","value":"//bdi[contains(text(), \"Close\")]"}
COMMAND: POST /session/a57d97dc01d30c0d707ac32c8676cc12/element/f.AA77304496C5C3E35540BF7ABBEF8E02.d.796D0302234824F1DDAE4479792668C5.e.2999/click - {}
RESULT: {}
COMMAND: GET /session/a57d97dc01d30c0d707ac32c8676cc12/screenshot - {}
RESULT: {}
COMMAND: POST /session/a57d97dc01d30c0d707ac32c8676cc12/element - {"using":"xpath","value":"//header[contains(@id, 'detailRruPage-headerTitle')]/div[1]/div[2]/div[2]/span[1]"}
RESULT: {"using":"xpath","value":"//header[contains(@id, 'detailRruPage-headerTitle')]/div[1]/div[2]/div[2]/span[1]"}
COMMAND: POST /session/a57d97dc01d30c0d707ac32c8676cc12/elements - {"using":"xpath","value":"//header[contains(@id, 'detailRruPage-headerTitle')]/div[1]/div[2]/div[2]/span[1]"}
RESULT: {"using":"xpath","value":"//header[contains(@id, 'detailRruPage-headerTitle')]/div[1]/div[2]/div[2]/span[1]"}
COMMAND: POST /session/a57d97dc01d30c0d707ac32c8676cc12/execute/sync - {"script":"<script> [56 bytes]","args":[{"element-6066-11e4-a52e-4f735466cecf":"f.AA77304496C5C3E35540BF7ABBEF8E02.d.796D0302234824F1DDAE4479792668C5.e.3025","ELEMENT":"f.AA77304496C5C3E35540BF7ABBEF8E02.d.796D0302234824F1DDAE4479792668C5.e.3025"}]}
RESULT: {"script":"<script> [56 bytes]","args":[{"element-6066-11e4-a52e-4f735466cecf":"f.AA77304496C5C3E35540BF7ABBEF8E02.d.796D0302234824F1DDAE4479792668C5.e.3025","ELEMENT":"f.AA77304496C5C3E35540BF7ABBEF8E02.d.796D0302234824F1DDAE4479792668C5.e.3025"}]}
COMMAND: POST /session/a57d97dc01d30c0d707ac32c8676cc12/element - {"using":"css selector","value":"#shell-header-logo"}
COMMAND: GET /session/a57d97dc01d30c0d707ac32c8676cc12/screenshot - {}
RESULT: {"using":"css selector","value":"#shell-header-logo"}
COMMAND: POST /session/a57d97dc01d30c0d707ac32c8676cc12/element/f.AA77304496C5C3E35540BF7ABBEF8E02.d.796D0302234824F1DDAE4479792668C5.e.2352/click - {}
RESULT: {}
RESULT: {}
COMMAND: GET /session/a57d97dc01d30c0d707ac32c8676cc12/screenshot - {}
RESULT: {}
]]></system-out>
    </testcase>
  </testsuite>
  <testsuite timestamp="2025-06-12T18:11:25" time="828.188" tests="6" failures="5" errors="5" skipped="0">
    <properties>
      <property name="specId" value="0" />
      <property name="suiteName" value="Manage States &amp; Performance Tests US151247 US151423 US151467" />
      <property name="capabilities" value="chrome.137_0_7151_69.windows" />
      <property name="file" value="file:///D:/a/1/s/test/specs/HTR/manage-states-perf.spec.js" />
    </properties>
    <testcase classname="chrome.137_0_7151_69.windows.Manage_States_&amp;_Performance_Tests_US151247_US151423_US151467" name="Prereq Should create a yard partner and site" time="365.456">
      <system-out><![CDATA[
COMMAND: POST /session/a57d97dc01d30c0d707ac32c8676cc12/execute/async - {"script":"<script> [1562 bytes]","args":[{"selector":{"controlType":"sap.m.GenericTile","properties":{"header":"Manage Yards"}},"wdio_ui5_key":"sapm.GenericTile{\"header\":\"Manage Yards\"}"}]}
RESULT: {"script":"<script> [1562 bytes]","args":[{"selector":{"controlType":"sap.m.GenericTile","properties":{"header":"Manage Yards"}},"wdio_ui5_key":"sapm.GenericTile{\"header\":\"Manage Yards\"}"}]}
RESULT: undefined
COMMAND: POST /session/a57d97dc01d30c0d707ac32c8676cc12/element - {"using":"xpath","value":"//*[@id=\"__tile34\"]"}
RESULT: {"using":"xpath","value":"//*[@id=\"__tile34\"]"}
COMMAND: POST /session/a57d97dc01d30c0d707ac32c8676cc12/element/f.AA77304496C5C3E35540BF7ABBEF8E02.d.F6452ED28152BCB9D5EBC3AD1166AF4E.e.3690/click - {}
RESULT: {}
COMMAND: GET /session/a57d97dc01d30c0d707ac32c8676cc12/screenshot - {}
RESULT: {}
COMMAND: POST /session/a57d97dc01d30c0d707ac32c8676cc12/elements - {"using":"xpath","value":"//span[text()='Error']"}
RESULT: {"using":"xpath","value":"//span[text()='Error']"}
COMMAND: POST /session/a57d97dc01d30c0d707ac32c8676cc12/element - {"using":"xpath","value":"//button[@data-kt=\"addNewYardOverflowToolbarButton\"]"}
RESULT: {"using":"xpath","value":"//button[@data-kt=\"addNewYardOverflowToolbarButton\"]"}
COMMAND: POST /session/a57d97dc01d30c0d707ac32c8676cc12/elements - {"using":"xpath","value":"//button[@data-kt=\"addNewYardOverflowToolbarButton\"]"}
RESULT: {"using":"xpath","value":"//button[@data-kt=\"addNewYardOverflowToolbarButton\"]"}
COMMAND: POST /session/a57d97dc01d30c0d707ac32c8676cc12/elements - {"using":"xpath","value":"//button[@data-kt=\"addNewYardOverflowToolbarButton\"]"}
RESULT: {"using":"xpath","value":"//button[@data-kt=\"addNewYardOverflowToolbarButton\"]"}
COMMAND: POST /session/a57d97dc01d30c0d707ac32c8676cc12/elements - {"using":"xpath","value":"//button[@data-kt=\"addNewYardOverflowToolbarButton\"]"}
RESULT: {"using":"xpath","value":"//button[@data-kt=\"addNewYardOverflowToolbarButton\"]"}
COMMAND: POST /session/a57d97dc01d30c0d707ac32c8676cc12/elements - {"using":"xpath","value":"//button[@data-kt=\"addNewYardOverflowToolbarButton\"]"}
RESULT: {"using":"xpath","value":"//button[@data-kt=\"addNewYardOverflowToolbarButton\"]"}
COMMAND: POST /session/a57d97dc01d30c0d707ac32c8676cc12/elements - {"using":"xpath","value":"//button[@data-kt=\"addNewYardOverflowToolbarButton\"]"}
RESULT: {"using":"xpath","value":"//button[@data-kt=\"addNewYardOverflowToolbarButton\"]"}
COMMAND: POST /session/a57d97dc01d30c0d707ac32c8676cc12/elements - {"using":"xpath","value":"//button[@data-kt=\"addNewYardOverflowToolbarButton\"]"}
RESULT: {"using":"xpath","value":"//button[@data-kt=\"addNewYardOverflowToolbarButton\"]"}
COMMAND: POST /session/a57d97dc01d30c0d707ac32c8676cc12/elements - {"using":"xpath","value":"//button[@data-kt=\"addNewYardOverflowToolbarButton\"]"}
RESULT: {"using":"xpath","value":"//button[@data-kt=\"addNewYardOverflowToolbarButton\"]"}
COMMAND: POST /session/a57d97dc01d30c0d707ac32c8676cc12/elements - {"using":"xpath","value":"//button[@data-kt=\"addNewYardOverflowToolbarButton\"]"}
RESULT: {"using":"xpath","value":"//button[@data-kt=\"addNewYardOverflowToolbarButton\"]"}
COMMAND: POST /session/a57d97dc01d30c0d707ac32c8676cc12/elements - {"using":"xpath","value":"//button[@data-kt=\"addNewYardOverflowToolbarButton\"]"}
RESULT: {"using":"xpath","value":"//button[@data-kt=\"addNewYardOverflowToolbarButton\"]"}
COMMAND: POST /session/a57d97dc01d30c0d707ac32c8676cc12/elements - {"using":"xpath","value":"//button[@data-kt=\"addNewYardOverflowToolbarButton\"]"}
RESULT: {"using":"xpath","value":"//button[@data-kt=\"addNewYardOverflowToolbarButton\"]"}
COMMAND: POST /session/a57d97dc01d30c0d707ac32c8676cc12/element - {"using":"xpath","value":"//button[@data-kt=\"addNewYardOverflowToolbarButton\"]"}
RESULT: {"using":"xpath","value":"//button[@data-kt=\"addNewYardOverflowToolbarButton\"]"}
COMMAND: POST /session/a57d97dc01d30c0d707ac32c8676cc12/execute/sync - {"script":"<script> [8489 bytes]","args":[{"element-6066-11e4-a52e-4f735466cecf":"f.AA77304496C5C3E35540BF7ABBEF8E02.d.F6452ED28152BCB9D5EBC3AD1166AF4E.e.3816","ELEMENT":"f.AA77304496C5C3E35540BF7ABBEF8E02.d.F6452ED28152BCB9D5EBC3AD1166AF4E.e.3816"}]}
RESULT: {"script":"<script> [8489 bytes]","args":[{"element-6066-11e4-a52e-4f735466cecf":"f.AA77304496C5C3E35540BF7ABBEF8E02.d.F6452ED28152BCB9D5EBC3AD1166AF4E.e.3816","ELEMENT":"f.AA77304496C5C3E35540BF7ABBEF8E02.d.F6452ED28152BCB9D5EBC3AD1166AF4E.e.3816"}]}
COMMAND: GET /session/a57d97dc01d30c0d707ac32c8676cc12/element/f.AA77304496C5C3E35540BF7ABBEF8E02.d.F6452ED28152BCB9D5EBC3AD1166AF4E.e.3816/enabled - {}
COMMAND: GET /session/a57d97dc01d30c0d707ac32c8676cc12/screenshot - {}
RESULT: {}
COMMAND: POST /session/a57d97dc01d30c0d707ac32c8676cc12/execute/sync - {"script":"<script> [8489 bytes]","args":[{"element-6066-11e4-a52e-4f735466cecf":"f.AA77304496C5C3E35540BF7ABBEF8E02.d.F6452ED28152BCB9D5EBC3AD1166AF4E.e.3816","ELEMENT":"f.AA77304496C5C3E35540BF7ABBEF8E02.d.F6452ED28152BCB9D5EBC3AD1166AF4E.e.3816"}]}
COMMAND: GET /session/a57d97dc01d30c0d707ac32c8676cc12/screenshot - {}
RESULT: {}
RESULT: {"script":"<script> [8489 bytes]","args":[{"element-6066-11e4-a52e-4f735466cecf":"f.AA77304496C5C3E35540BF7ABBEF8E02.d.F6452ED28152BCB9D5EBC3AD1166AF4E.e.3816","ELEMENT":"f.AA77304496C5C3E35540BF7ABBEF8E02.d.F6452ED28152BCB9D5EBC3AD1166AF4E.e.3816"}]}
COMMAND: POST /session/a57d97dc01d30c0d707ac32c8676cc12/execute/sync - {"script":"<script> [5351 bytes]","args":[{"element-6066-11e4-a52e-4f735466cecf":"f.AA77304496C5C3E35540BF7ABBEF8E02.d.F6452ED28152BCB9D5EBC3AD1166AF4E.e.3816","ELEMENT":"f.AA77304496C5C3E35540BF7ABBEF8E02.d.F6452ED28152BCB9D5EBC3AD1166AF4E.e.3816"}]}
COMMAND: GET /session/a57d97dc01d30c0d707ac32c8676cc12/screenshot - {}
RESULT: {}
RESULT: {"script":"<script> [5351 bytes]","args":[{"element-6066-11e4-a52e-4f735466cecf":"f.AA77304496C5C3E35540BF7ABBEF8E02.d.F6452ED28152BCB9D5EBC3AD1166AF4E.e.3816","ELEMENT":"f.AA77304496C5C3E35540BF7ABBEF8E02.d.F6452ED28152BCB9D5EBC3AD1166AF4E.e.3816"}]}
COMMAND: POST /session/a57d97dc01d30c0d707ac32c8676cc12/element/f.AA77304496C5C3E35540BF7ABBEF8E02.d.F6452ED28152BCB9D5EBC3AD1166AF4E.e.3816/click - {}
COMMAND: GET /session/a57d97dc01d30c0d707ac32c8676cc12/screenshot - {}
RESULT: {}
RESULT: {}
COMMAND: GET /session/a57d97dc01d30c0d707ac32c8676cc12/screenshot - {}
RESULT: {}
RESULT: {}
COMMAND: POST /session/a57d97dc01d30c0d707ac32c8676cc12/element - {"using":"xpath","value":"//input[@id=\"application-manageyards-display-component---NewYard--yardId-inner\"]"}
RESULT: {"using":"xpath","value":"//input[@id=\"application-manageyards-display-component---NewYard--yardId-inner\"]"}
COMMAND: POST /session/a57d97dc01d30c0d707ac32c8676cc12/element - {"using":"xpath","value":"//input[@id=\"application-manageyards-display-component---NewYard--yardId-inner\"]"}
RESULT: {"using":"xpath","value":"//input[@id=\"application-manageyards-display-component---NewYard--yardId-inner\"]"}
COMMAND: POST /session/a57d97dc01d30c0d707ac32c8676cc12/execute/async - {"script":"<script> [1562 bytes]","args":[{"selector":{"id":"application-manageyards-display-component---NewYard--addressDetailDetailsName1","interaction":{"idSuffix":"inner"}},"wdio_ui5_key":"applicationmanageyards-display-component---NewYard--addressDetailDetailsName1"}]}
RESULT: {"script":"<script> [1562 bytes]","args":[{"selector":{"id":"application-manageyards-display-component---NewYard--addressDetailDetailsName1","interaction":{"idSuffix":"inner"}},"wdio_ui5_key":"applicationmanageyards-display-component---NewYard--addressDetailDetailsName1"}]}
RESULT: undefined
COMMAND: POST /session/a57d97dc01d30c0d707ac32c8676cc12/execute/async - {"script":"<script> [776 bytes]","args":[{"enterText":"Intercompany Yard wdIO","selector":{"id":"application-manageyards-display-component---NewYard--addressDetailDetailsName1","interaction":{"idSuffix":"inner"}},"clearTextFirst":true,"interactionType":"ENTER_TEXT"}]}
RESULT: {"script":"<script> [776 bytes]","args":[{"enterText":"Intercompany Yard wdIO","selector":{"id":"application-manageyards-display-component---NewYard--addressDetailDetailsName1","interaction":{"idSuffix":"inner"}},"clearTextFirst":true,"interactionType":"ENTER_TEXT"}]}
COMMAND: POST /session/a57d97dc01d30c0d707ac32c8676cc12/execute/async - {"script":"<script> [1562 bytes]","args":[{"selector":{"id":"application-manageyards-display-component---NewYard--addressDetailDetailsLanguage-arrow"},"wdio_ui5_key":"applicationmanageyards-display-component---NewYard--addressDetailDetailsLanguage-arrow"}]}
RESULT: {"script":"<script> [1562 bytes]","args":[{"selector":{"id":"application-manageyards-display-component---NewYard--addressDetailDetailsLanguage-arrow"},"wdio_ui5_key":"applicationmanageyards-display-component---NewYard--addressDetailDetailsLanguage-arrow"}]}
RESULT: undefined
COMMAND: POST /session/a57d97dc01d30c0d707ac32c8676cc12/element - {"using":"xpath","value":"//*[@id=\"application-manageyards-display-component---NewYard--addressDetailDetailsLanguage-arrow\"]"}
RESULT: {"using":"xpath","value":"//*[@id=\"application-manageyards-display-component---NewYard--addressDetailDetailsLanguage-arrow\"]"}
COMMAND: POST /session/a57d97dc01d30c0d707ac32c8676cc12/element/f.AA77304496C5C3E35540BF7ABBEF8E02.d.F6452ED28152BCB9D5EBC3AD1166AF4E.e.4257/click - {}
RESULT: {}
COMMAND: POST /session/a57d97dc01d30c0d707ac32c8676cc12/element - {"using":"xpath","value":"//span[contains(text(), \"English\")]"}
COMMAND: GET /session/a57d97dc01d30c0d707ac32c8676cc12/screenshot - {}
RESULT: {"using":"xpath","value":"//span[contains(text(), \"English\")]"}
COMMAND: POST /session/a57d97dc01d30c0d707ac32c8676cc12/element/f.AA77304496C5C3E35540BF7ABBEF8E02.d.F6452ED28152BCB9D5EBC3AD1166AF4E.e.4258/click - {}
RESULT: {}
RESULT: {}
COMMAND: POST /session/a57d97dc01d30c0d707ac32c8676cc12/execute/async - {"script":"<script> [1562 bytes]","args":[{"selector":{"id":"application-manageyards-display-component---NewYard--addressDetailDetailsCity1","interaction":{"idSuffix":"inner"}},"wdio_ui5_key":"applicationmanageyards-display-component---NewYard--addressDetailDetailsCity1"}]}
COMMAND: GET /session/a57d97dc01d30c0d707ac32c8676cc12/screenshot - {}
RESULT: {"script":"<script> [1562 bytes]","args":[{"selector":{"id":"application-manageyards-display-component---NewYard--addressDetailDetailsCity1","interaction":{"idSuffix":"inner"}},"wdio_ui5_key":"applicationmanageyards-display-component---NewYard--addressDetailDetailsCity1"}]}
RESULT: undefined
COMMAND: POST /session/a57d97dc01d30c0d707ac32c8676cc12/execute/async - {"script":"<script> [776 bytes]","args":[{"enterText":"Rosario","selector":{"id":"application-manageyards-display-component---NewYard--addressDetailDetailsCity1","interaction":{"idSuffix":"inner"}},"clearTextFirst":true,"interactionType":"ENTER_TEXT"}]}
RESULT: {}
RESULT: {"script":"<script> [776 bytes]","args":[{"enterText":"Rosario","selector":{"id":"application-manageyards-display-component---NewYard--addressDetailDetailsCity1","interaction":{"idSuffix":"inner"}},"clearTextFirst":true,"interactionType":"ENTER_TEXT"}]}
COMMAND: POST /session/a57d97dc01d30c0d707ac32c8676cc12/execute/async - {"script":"<script> [1562 bytes]","args":[{"selector":{"id":"application-manageyards-display-component---NewYard--addressDetailDetailsCountry-arrow"},"wdio_ui5_key":"applicationmanageyards-display-component---NewYard--addressDetailDetailsCountry-arrow"}]}
RESULT: {"script":"<script> [1562 bytes]","args":[{"selector":{"id":"application-manageyards-display-component---NewYard--addressDetailDetailsCountry-arrow"},"wdio_ui5_key":"applicationmanageyards-display-component---NewYard--addressDetailDetailsCountry-arrow"}]}
RESULT: undefined
COMMAND: POST /session/a57d97dc01d30c0d707ac32c8676cc12/element - {"using":"xpath","value":"//*[@id=\"application-manageyards-display-component---NewYard--addressDetailDetailsCountry-arrow\"]"}
RESULT: {"using":"xpath","value":"//*[@id=\"application-manageyards-display-component---NewYard--addressDetailDetailsCountry-arrow\"]"}
COMMAND: POST /session/a57d97dc01d30c0d707ac32c8676cc12/element/f.AA77304496C5C3E35540BF7ABBEF8E02.d.F6452ED28152BCB9D5EBC3AD1166AF4E.e.4260/click - {}
RESULT: {}
COMMAND: POST /session/a57d97dc01d30c0d707ac32c8676cc12/element - {"using":"xpath","value":"//span[contains(text(), \"Argentina\")]"}
COMMAND: GET /session/a57d97dc01d30c0d707ac32c8676cc12/screenshot - {}
RESULT: {"using":"xpath","value":"//span[contains(text(), \"Argentina\")]"}
COMMAND: POST /session/a57d97dc01d30c0d707ac32c8676cc12/element/f.AA77304496C5C3E35540BF7ABBEF8E02.d.F6452ED28152BCB9D5EBC3AD1166AF4E.e.4262/click - {}
RESULT: {}
RESULT: {}
COMMAND: POST /session/a57d97dc01d30c0d707ac32c8676cc12/execute/async - {"script":"<script> [1562 bytes]","args":[{"selector":{"id":"application-manageyards-display-component---NewYard--addressEditDetailsCostObjectCstType-arrow"},"wdio_ui5_key":"applicationmanageyards-display-component---NewYard--addressEditDetailsCostObjectCstType-arrow"}]}
COMMAND: GET /session/a57d97dc01d30c0d707ac32c8676cc12/screenshot - {}
RESULT: {"script":"<script> [1562 bytes]","args":[{"selector":{"id":"application-manageyards-display-component---NewYard--addressEditDetailsCostObjectCstType-arrow"},"wdio_ui5_key":"applicationmanageyards-display-component---NewYard--addressEditDetailsCostObjectCstType-arrow"}]}
RESULT: undefined
COMMAND: POST /session/a57d97dc01d30c0d707ac32c8676cc12/element - {"using":"xpath","value":"//*[@id=\"application-manageyards-display-component---NewYard--addressEditDetailsCostObjectCstType-arrow\"]"}
RESULT: {}
RESULT: {"using":"xpath","value":"//*[@id=\"application-manageyards-display-component---NewYard--addressEditDetailsCostObjectCstType-arrow\"]"}
COMMAND: POST /session/a57d97dc01d30c0d707ac32c8676cc12/element/f.AA77304496C5C3E35540BF7ABBEF8E02.d.F6452ED28152BCB9D5EBC3AD1166AF4E.e.4263/click - {}
RESULT: {}
COMMAND: POST /session/a57d97dc01d30c0d707ac32c8676cc12/element - {"using":"xpath","value":"//span[contains(text(), \"Cost Center\")]"}
COMMAND: GET /session/a57d97dc01d30c0d707ac32c8676cc12/screenshot - {}
RESULT: {"using":"xpath","value":"//span[contains(text(), \"Cost Center\")]"}
COMMAND: POST /session/a57d97dc01d30c0d707ac32c8676cc12/element/f.AA77304496C5C3E35540BF7ABBEF8E02.d.F6452ED28152BCB9D5EBC3AD1166AF4E.e.4264/click - {}
RESULT: {}
RESULT: {}
COMMAND: GET /session/a57d97dc01d30c0d707ac32c8676cc12/screenshot - {}
RESULT: {}
COMMAND: POST /session/a57d97dc01d30c0d707ac32c8676cc12/element - {"using":"xpath","value":"//span[@id=\"application-manageyards-display-component---NewYard--addressNewCostObjectCstID-vhi\"]"}
RESULT: {"using":"xpath","value":"//span[@id=\"application-manageyards-display-component---NewYard--addressNewCostObjectCstID-vhi\"]"}
COMMAND: POST /session/a57d97dc01d30c0d707ac32c8676cc12/execute/sync - {"script":"<script> [8489 bytes]","args":[{"element-6066-11e4-a52e-4f735466cecf":"f.AA77304496C5C3E35540BF7ABBEF8E02.d.F6452ED28152BCB9D5EBC3AD1166AF4E.e.4268","ELEMENT":"f.AA77304496C5C3E35540BF7ABBEF8E02.d.F6452ED28152BCB9D5EBC3AD1166AF4E.e.4268"}]}
RESULT: {"script":"<script> [8489 bytes]","args":[{"element-6066-11e4-a52e-4f735466cecf":"f.AA77304496C5C3E35540BF7ABBEF8E02.d.F6452ED28152BCB9D5EBC3AD1166AF4E.e.4268","ELEMENT":"f.AA77304496C5C3E35540BF7ABBEF8E02.d.F6452ED28152BCB9D5EBC3AD1166AF4E.e.4268"}]}
COMMAND: POST /session/a57d97dc01d30c0d707ac32c8676cc12/execute/async - {"script":"<script> [1562 bytes]","args":[{"selector":{"id":"application-manageyards-display-component---NewYard--addressNewCostObjectCstID-vhi"},"wdio_ui5_key":"applicationmanageyards-display-component---NewYard--addressNewCostObjectCstID-vhi"}]}
COMMAND: GET /session/a57d97dc01d30c0d707ac32c8676cc12/screenshot - {}
RESULT: {"script":"<script> [1562 bytes]","args":[{"selector":{"id":"application-manageyards-display-component---NewYard--addressNewCostObjectCstID-vhi"},"wdio_ui5_key":"applicationmanageyards-display-component---NewYard--addressNewCostObjectCstID-vhi"}]}
RESULT: undefined
COMMAND: POST /session/a57d97dc01d30c0d707ac32c8676cc12/element - {"using":"xpath","value":"//*[@id=\"application-manageyards-display-component---NewYard--addressNewCostObjectCstID-vhi\"]"}
RESULT: {}
RESULT: {"using":"xpath","value":"//*[@id=\"application-manageyards-display-component---NewYard--addressNewCostObjectCstID-vhi\"]"}
COMMAND: POST /session/a57d97dc01d30c0d707ac32c8676cc12/element/f.AA77304496C5C3E35540BF7ABBEF8E02.d.F6452ED28152BCB9D5EBC3AD1166AF4E.e.4268/click - {}
RESULT: {}
COMMAND: GET /session/a57d97dc01d30c0d707ac32c8676cc12/screenshot - {}
RESULT: {}
COMMAND: POST /session/a57d97dc01d30c0d707ac32c8676cc12/execute/async - {"script":"<script> [1562 bytes]","args":[{"selector":{"controlType":"sap.m.SearchField","properties":{"placeholder":"Search"},"searchOpenDialogs":true,"interaction":{"idSuffix":"I"}},"wdio_ui5_key":"sapm.SearchField{\"placeholder\":\"Search\"}"}]}
RESULT: {"script":"<script> [1562 bytes]","args":[{"selector":{"controlType":"sap.m.SearchField","properties":{"placeholder":"Search"},"searchOpenDialogs":true,"interaction":{"idSuffix":"I"}},"wdio_ui5_key":"sapm.SearchField{\"placeholder\":\"Search\"}"}]}
RESULT: undefined
COMMAND: POST /session/a57d97dc01d30c0d707ac32c8676cc12/execute/async - {"script":"<script> [776 bytes]","args":[{"enterText":"bauh_b","selector":{"controlType":"sap.m.SearchField","properties":{"placeholder":"Search"},"searchOpenDialogs":true,"interaction":{"idSuffix":"I"}},"clearTextFirst":true,"interactionType":"ENTER_TEXT"}]}
RESULT: {"script":"<script> [776 bytes]","args":[{"enterText":"bauh_b","selector":{"controlType":"sap.m.SearchField","properties":{"placeholder":"Search"},"searchOpenDialogs":true,"interaction":{"idSuffix":"I"}},"clearTextFirst":true,"interactionType":"ENTER_TEXT"}]}
COMMAND: POST /session/a57d97dc01d30c0d707ac32c8676cc12/actions - {"actions":[{"id":"action13","type":"key","parameters":{},"actions":[{"type":"keyDown","value":"î€‡"},{"type":"pause","duration":10},{"type":"keyUp","value":"î€‡"}]}]}
RESULT: {"actions":[{"id":"action13","type":"key","parameters":{},"actions":[{"type":"keyDown","value":"î€‡"},{"type":"pause","duration":10},{"type":"keyUp","value":"î€‡"}]}]}
COMMAND: GET /session/a57d97dc01d30c0d707ac32c8676cc12/screenshot - {}
RESULT: {}
COMMAND: POST /session/a57d97dc01d30c0d707ac32c8676cc12/element - {"using":"xpath","value":"//span[contains(text(), \"Demo Yard\")]"}
RESULT: {"using":"xpath","value":"//span[contains(text(), \"Demo Yard\")]"}
COMMAND: POST /session/a57d97dc01d30c0d707ac32c8676cc12/element/f.AA77304496C5C3E35540BF7ABBEF8E02.d.F6452ED28152BCB9D5EBC3AD1166AF4E.e.4308/click - {}
RESULT: {}
COMMAND: GET /session/a57d97dc01d30c0d707ac32c8676cc12/screenshot - {}
RESULT: {}
COMMAND: POST /session/a57d97dc01d30c0d707ac32c8676cc12/element - {"using":"xpath","value":"//bdi[contains(text(), \"OK\")]"}
RESULT: {"using":"xpath","value":"//bdi[contains(text(), \"OK\")]"}
COMMAND: POST /session/a57d97dc01d30c0d707ac32c8676cc12/element/f.AA77304496C5C3E35540BF7ABBEF8E02.d.F6452ED28152BCB9D5EBC3AD1166AF4E.e.4309/click - {}
RESULT: {}
COMMAND: GET /session/a57d97dc01d30c0d707ac32c8676cc12/screenshot - {}
RESULT: {}
COMMAND: POST /session/a57d97dc01d30c0d707ac32c8676cc12/execute/async - {"script":"<script> [1562 bytes]","args":[{"selector":{"id":"application-manageyards-display-component---NewYard--addressEditDetailsCurrency-arrow"},"wdio_ui5_key":"applicationmanageyards-display-component---NewYard--addressEditDetailsCurrency-arrow"}]}
RESULT: {"script":"<script> [1562 bytes]","args":[{"selector":{"id":"application-manageyards-display-component---NewYard--addressEditDetailsCurrency-arrow"},"wdio_ui5_key":"applicationmanageyards-display-component---NewYard--addressEditDetailsCurrency-arrow"}]}
RESULT: undefined
COMMAND: POST /session/a57d97dc01d30c0d707ac32c8676cc12/element - {"using":"xpath","value":"//*[@id=\"application-manageyards-display-component---NewYard--addressEditDetailsCurrency-arrow\"]"}
RESULT: {"using":"xpath","value":"//*[@id=\"application-manageyards-display-component---NewYard--addressEditDetailsCurrency-arrow\"]"}
COMMAND: POST /session/a57d97dc01d30c0d707ac32c8676cc12/element/f.AA77304496C5C3E35540BF7ABBEF8E02.d.F6452ED28152BCB9D5EBC3AD1166AF4E.e.4312/click - {}
RESULT: {}
COMMAND: POST /session/a57d97dc01d30c0d707ac32c8676cc12/element - {"using":"xpath","value":"//span[contains(text(), \"Euro\")]"}
COMMAND: GET /session/a57d97dc01d30c0d707ac32c8676cc12/screenshot - {}
RESULT: {"using":"xpath","value":"//span[contains(text(), \"Euro\")]"}
COMMAND: POST /session/a57d97dc01d30c0d707ac32c8676cc12/element/f.AA77304496C5C3E35540BF7ABBEF8E02.d.F6452ED28152BCB9D5EBC3AD1166AF4E.e.4313/click - {}
RESULT: {}
RESULT: {}
COMMAND: POST /session/a57d97dc01d30c0d707ac32c8676cc12/execute/async - {"script":"<script> [1562 bytes]","args":[{"selector":{"controlType":"sap.m.Input","viewName":"etm.portal.ui.manageyards.view.New","viewId":"application-manageyards-display-component---NewYard","bindingPath":{"path":"","propertyPath":"/CONTROLLING_AREA","modelName":"NewYardModel"},"interaction":{"idSuffix":"inner"}},"wdio_ui5_key":"etmportal.ui.manageyards.view.Newsap.m.Input{\"path\":\"\",\"propertyPath\":\"/CONTROLLING_AREA\",\"modelName\":\"NewYardModel\"}"}]}
COMMAND: GET /session/a57d97dc01d30c0d707ac32c8676cc12/screenshot - {}
RESULT: {"script":"<script> [1562 bytes]","args":[{"selector":{"controlType":"sap.m.Input","viewName":"etm.portal.ui.manageyards.view.New","viewId":"application-manageyards-display-component---NewYard","bindingPath":{"path":"","propertyPath":"/CONTROLLING_AREA","modelName":"NewYardModel"},"interaction":{"idSuffix":"inner"}},"wdio_ui5_key":"etmportal.ui.manageyards.view.Newsap.m.Input{\"path\":\"\",\"propertyPath\":\"/CONTROLLING_AREA\",\"modelName\":\"NewYardModel\"}"}]}
RESULT: undefined
COMMAND: POST /session/a57d97dc01d30c0d707ac32c8676cc12/execute/async - {"script":"<script> [776 bytes]","args":[{"enterText":"Z001","selector":{"controlType":"sap.m.Input","viewName":"etm.portal.ui.manageyards.view.New","viewId":"application-manageyards-display-component---NewYard","bindingPath":{"path":"","propertyPath":"/CONTROLLING_AREA","modelName":"NewYardModel"},"interaction":{"idSuffix":"inner"}},"clearTextFirst":true,"interactionType":"ENTER_TEXT"}]}
RESULT: {}
RESULT: {"script":"<script> [776 bytes]","args":[{"enterText":"Z001","selector":{"controlType":"sap.m.Input","viewName":"etm.portal.ui.manageyards.view.New","viewId":"application-manageyards-display-component---NewYard","bindingPath":{"path":"","propertyPath":"/CONTROLLING_AREA","modelName":"NewYardModel"},"interaction":{"idSuffix":"inner"}},"clearTextFirst":true,"interactionType":"ENTER_TEXT"}]}
COMMAND: POST /session/a57d97dc01d30c0d707ac32c8676cc12/execute/async - {"script":"<script> [1562 bytes]","args":[{"selector":{"id":"application-manageyards-display-component---NewYard--companyCodeComboBox","interaction":{"idSuffix":"inner"}},"wdio_ui5_key":"applicationmanageyards-display-component---NewYard--companyCodeComboBox"}]}
RESULT: {"script":"<script> [1562 bytes]","args":[{"selector":{"id":"application-manageyards-display-component---NewYard--companyCodeComboBox","interaction":{"idSuffix":"inner"}},"wdio_ui5_key":"applicationmanageyards-display-component---NewYard--companyCodeComboBox"}]}
RESULT: undefined
COMMAND: POST /session/a57d97dc01d30c0d707ac32c8676cc12/execute/async - {"script":"<script> [776 bytes]","args":[{"enterText":"1000","selector":{"id":"application-manageyards-display-component---NewYard--companyCodeComboBox","interaction":{"idSuffix":"inner"}},"clearTextFirst":true,"interactionType":"ENTER_TEXT"}]}
RESULT: {"script":"<script> [776 bytes]","args":[{"enterText":"1000","selector":{"id":"application-manageyards-display-component---NewYard--companyCodeComboBox","interaction":{"idSuffix":"inner"}},"clearTextFirst":true,"interactionType":"ENTER_TEXT"}]}
COMMAND: POST /session/a57d97dc01d30c0d707ac32c8676cc12/execute/async - {"script":"<script> [1562 bytes]","args":[{"selector":{"controlType":"sap.m.Input","viewName":"etm.portal.ui.manageyards.view.New","viewId":"application-manageyards-display-component---NewYard","bindingPath":{"path":"","propertyPath":"/PLANT","modelName":"NewYardModel"},"interaction":{"idSuffix":"inner"}},"wdio_ui5_key":"etmportal.ui.manageyards.view.Newsap.m.Input{\"path\":\"\",\"propertyPath\":\"/PLANT\",\"modelName\":\"NewYardModel\"}"}]}
RESULT: {"script":"<script> [1562 bytes]","args":[{"selector":{"controlType":"sap.m.Input","viewName":"etm.portal.ui.manageyards.view.New","viewId":"application-manageyards-display-component---NewYard","bindingPath":{"path":"","propertyPath":"/PLANT","modelName":"NewYardModel"},"interaction":{"idSuffix":"inner"}},"wdio_ui5_key":"etmportal.ui.manageyards.view.Newsap.m.Input{\"path\":\"\",\"propertyPath\":\"/PLANT\",\"modelName\":\"NewYardModel\"}"}]}
RESULT: undefined
COMMAND: POST /session/a57d97dc01d30c0d707ac32c8676cc12/execute/async - {"script":"<script> [776 bytes]","args":[{"enterText":"1001","selector":{"controlType":"sap.m.Input","viewName":"etm.portal.ui.manageyards.view.New","viewId":"application-manageyards-display-component---NewYard","bindingPath":{"path":"","propertyPath":"/PLANT","modelName":"NewYardModel"},"interaction":{"idSuffix":"inner"}},"clearTextFirst":true,"interactionType":"ENTER_TEXT"}]}
RESULT: {"script":"<script> [776 bytes]","args":[{"enterText":"1001","selector":{"controlType":"sap.m.Input","viewName":"etm.portal.ui.manageyards.view.New","viewId":"application-manageyards-display-component---NewYard","bindingPath":{"path":"","propertyPath":"/PLANT","modelName":"NewYardModel"},"interaction":{"idSuffix":"inner"}},"clearTextFirst":true,"interactionType":"ENTER_TEXT"}]}
COMMAND: POST /session/a57d97dc01d30c0d707ac32c8676cc12/execute/async - {"script":"<script> [1562 bytes]","args":[{"selector":{"controlType":"sap.m.Input","viewName":"etm.portal.ui.manageyards.view.New","viewId":"application-manageyards-display-component---NewYard","bindingPath":{"path":"","propertyPath":"/SALES_AREA_VKORG","modelName":"NewYardModel"},"interaction":{"idSuffix":"inner"}},"wdio_ui5_key":"etmportal.ui.manageyards.view.Newsap.m.Input{\"path\":\"\",\"propertyPath\":\"/SALES_AREA_VKORG\",\"modelName\":\"NewYardModel\"}"}]}
RESULT: {"script":"<script> [1562 bytes]","args":[{"selector":{"controlType":"sap.m.Input","viewName":"etm.portal.ui.manageyards.view.New","viewId":"application-manageyards-display-component---NewYard","bindingPath":{"path":"","propertyPath":"/SALES_AREA_VKORG","modelName":"NewYardModel"},"interaction":{"idSuffix":"inner"}},"wdio_ui5_key":"etmportal.ui.manageyards.view.Newsap.m.Input{\"path\":\"\",\"propertyPath\":\"/SALES_AREA_VKORG\",\"modelName\":\"NewYardModel\"}"}]}
RESULT: undefined
COMMAND: POST /session/a57d97dc01d30c0d707ac32c8676cc12/execute/async - {"script":"<script> [776 bytes]","args":[{"enterText":"C002","selector":{"controlType":"sap.m.Input","viewName":"etm.portal.ui.manageyards.view.New","viewId":"application-manageyards-display-component---NewYard","bindingPath":{"path":"","propertyPath":"/SALES_AREA_VKORG","modelName":"NewYardModel"},"interaction":{"idSuffix":"inner"}},"clearTextFirst":true,"interactionType":"ENTER_TEXT"}]}
RESULT: {"script":"<script> [776 bytes]","args":[{"enterText":"C002","selector":{"controlType":"sap.m.Input","viewName":"etm.portal.ui.manageyards.view.New","viewId":"application-manageyards-display-component---NewYard","bindingPath":{"path":"","propertyPath":"/SALES_AREA_VKORG","modelName":"NewYardModel"},"interaction":{"idSuffix":"inner"}},"clearTextFirst":true,"interactionType":"ENTER_TEXT"}]}
COMMAND: POST /session/a57d97dc01d30c0d707ac32c8676cc12/execute/async - {"script":"<script> [1562 bytes]","args":[{"selector":{"controlType":"sap.m.Input","viewName":"etm.portal.ui.manageyards.view.New","viewId":"application-manageyards-display-component---NewYard","bindingPath":{"path":"","propertyPath":"/SALES_AREA_VTWEG","modelName":"NewYardModel"},"interaction":{"idSuffix":"inner"}},"wdio_ui5_key":"etmportal.ui.manageyards.view.Newsap.m.Input{\"path\":\"\",\"propertyPath\":\"/SALES_AREA_VTWEG\",\"modelName\":\"NewYardModel\"}"}]}
RESULT: {"script":"<script> [1562 bytes]","args":[{"selector":{"controlType":"sap.m.Input","viewName":"etm.portal.ui.manageyards.view.New","viewId":"application-manageyards-display-component---NewYard","bindingPath":{"path":"","propertyPath":"/SALES_AREA_VTWEG","modelName":"NewYardModel"},"interaction":{"idSuffix":"inner"}},"wdio_ui5_key":"etmportal.ui.manageyards.view.Newsap.m.Input{\"path\":\"\",\"propertyPath\":\"/SALES_AREA_VTWEG\",\"modelName\":\"NewYardModel\"}"}]}
RESULT: undefined
COMMAND: POST /session/a57d97dc01d30c0d707ac32c8676cc12/execute/async - {"script":"<script> [776 bytes]","args":[{"enterText":"C2","selector":{"controlType":"sap.m.Input","viewName":"etm.portal.ui.manageyards.view.New","viewId":"application-manageyards-display-component---NewYard","bindingPath":{"path":"","propertyPath":"/SALES_AREA_VTWEG","modelName":"NewYardModel"},"interaction":{"idSuffix":"inner"}},"clearTextFirst":true,"interactionType":"ENTER_TEXT"}]}
RESULT: {"script":"<script> [776 bytes]","args":[{"enterText":"C2","selector":{"controlType":"sap.m.Input","viewName":"etm.portal.ui.manageyards.view.New","viewId":"application-manageyards-display-component---NewYard","bindingPath":{"path":"","propertyPath":"/SALES_AREA_VTWEG","modelName":"NewYardModel"},"interaction":{"idSuffix":"inner"}},"clearTextFirst":true,"interactionType":"ENTER_TEXT"}]}
COMMAND: POST /session/a57d97dc01d30c0d707ac32c8676cc12/execute/async - {"script":"<script> [1562 bytes]","args":[{"selector":{"controlType":"sap.m.Input","viewName":"etm.portal.ui.manageyards.view.New","viewId":"application-manageyards-display-component---NewYard","bindingPath":{"path":"","propertyPath":"/SALES_AREA_SPART","modelName":"NewYardModel"},"interaction":{"idSuffix":"inner"}},"wdio_ui5_key":"etmportal.ui.manageyards.view.Newsap.m.Input{\"path\":\"\",\"propertyPath\":\"/SALES_AREA_SPART\",\"modelName\":\"NewYardModel\"}"}]}
RESULT: {"script":"<script> [1562 bytes]","args":[{"selector":{"controlType":"sap.m.Input","viewName":"etm.portal.ui.manageyards.view.New","viewId":"application-manageyards-display-component---NewYard","bindingPath":{"path":"","propertyPath":"/SALES_AREA_SPART","modelName":"NewYardModel"},"interaction":{"idSuffix":"inner"}},"wdio_ui5_key":"etmportal.ui.manageyards.view.Newsap.m.Input{\"path\":\"\",\"propertyPath\":\"/SALES_AREA_SPART\",\"modelName\":\"NewYardModel\"}"}]}
RESULT: undefined
COMMAND: POST /session/a57d97dc01d30c0d707ac32c8676cc12/execute/async - {"script":"<script> [776 bytes]","args":[{"enterText":"C2","selector":{"controlType":"sap.m.Input","viewName":"etm.portal.ui.manageyards.view.New","viewId":"application-manageyards-display-component---NewYard","bindingPath":{"path":"","propertyPath":"/SALES_AREA_SPART","modelName":"NewYardModel"},"interaction":{"idSuffix":"inner"}},"clearTextFirst":true,"interactionType":"ENTER_TEXT"}]}
RESULT: {"script":"<script> [776 bytes]","args":[{"enterText":"C2","selector":{"controlType":"sap.m.Input","viewName":"etm.portal.ui.manageyards.view.New","viewId":"application-manageyards-display-component---NewYard","bindingPath":{"path":"","propertyPath":"/SALES_AREA_SPART","modelName":"NewYardModel"},"interaction":{"idSuffix":"inner"}},"clearTextFirst":true,"interactionType":"ENTER_TEXT"}]}
COMMAND: POST /session/a57d97dc01d30c0d707ac32c8676cc12/execute/async - {"script":"<script> [1562 bytes]","args":[{"selector":{"controlType":"sap.m.Input","viewName":"etm.portal.ui.manageyards.view.New","viewId":"application-manageyards-display-component---NewYard","bindingPath":{"path":"","propertyPath":"/SHIP_POINT","modelName":"NewYardModel"},"interaction":{"idSuffix":"inner"}},"wdio_ui5_key":"etmportal.ui.manageyards.view.Newsap.m.Input{\"path\":\"\",\"propertyPath\":\"/SHIP_POINT\",\"modelName\":\"NewYardModel\"}"}]}
RESULT: {"script":"<script> [1562 bytes]","args":[{"selector":{"controlType":"sap.m.Input","viewName":"etm.portal.ui.manageyards.view.New","viewId":"application-manageyards-display-component---NewYard","bindingPath":{"path":"","propertyPath":"/SHIP_POINT","modelName":"NewYardModel"},"interaction":{"idSuffix":"inner"}},"wdio_ui5_key":"etmportal.ui.manageyards.view.Newsap.m.Input{\"path\":\"\",\"propertyPath\":\"/SHIP_POINT\",\"modelName\":\"NewYardModel\"}"}]}
RESULT: undefined
COMMAND: POST /session/a57d97dc01d30c0d707ac32c8676cc12/execute/async - {"script":"<script> [776 bytes]","args":[{"enterText":"1710","selector":{"controlType":"sap.m.Input","viewName":"etm.portal.ui.manageyards.view.New","viewId":"application-manageyards-display-component---NewYard","bindingPath":{"path":"","propertyPath":"/SHIP_POINT","modelName":"NewYardModel"},"interaction":{"idSuffix":"inner"}},"clearTextFirst":true,"interactionType":"ENTER_TEXT"}]}
RESULT: {"script":"<script> [776 bytes]","args":[{"enterText":"1710","selector":{"controlType":"sap.m.Input","viewName":"etm.portal.ui.manageyards.view.New","viewId":"application-manageyards-display-component---NewYard","bindingPath":{"path":"","propertyPath":"/SHIP_POINT","modelName":"NewYardModel"},"interaction":{"idSuffix":"inner"}},"clearTextFirst":true,"interactionType":"ENTER_TEXT"}]}
COMMAND: POST /session/a57d97dc01d30c0d707ac32c8676cc12/execute/async - {"script":"<script> [1562 bytes]","args":[{"selector":{"controlType":"sap.m.Input","viewName":"etm.portal.ui.manageyards.view.New","viewId":"application-manageyards-display-component---NewYard","bindingPath":{"path":"","propertyPath":"/DELIVERY_TYPE","modelName":"NewYardModel"},"interaction":{"idSuffix":"inner"}},"wdio_ui5_key":"etmportal.ui.manageyards.view.Newsap.m.Input{\"path\":\"\",\"propertyPath\":\"/DELIVERY_TYPE\",\"modelName\":\"NewYardModel\"}"}]}
RESULT: {"script":"<script> [1562 bytes]","args":[{"selector":{"controlType":"sap.m.Input","viewName":"etm.portal.ui.manageyards.view.New","viewId":"application-manageyards-display-component---NewYard","bindingPath":{"path":"","propertyPath":"/DELIVERY_TYPE","modelName":"NewYardModel"},"interaction":{"idSuffix":"inner"}},"wdio_ui5_key":"etmportal.ui.manageyards.view.Newsap.m.Input{\"path\":\"\",\"propertyPath\":\"/DELIVERY_TYPE\",\"modelName\":\"NewYardModel\"}"}]}
RESULT: undefined
COMMAND: POST /session/a57d97dc01d30c0d707ac32c8676cc12/execute/async - {"script":"<script> [776 bytes]","args":[{"enterText":"ZL01","selector":{"controlType":"sap.m.Input","viewName":"etm.portal.ui.manageyards.view.New","viewId":"application-manageyards-display-component---NewYard","bindingPath":{"path":"","propertyPath":"/DELIVERY_TYPE","modelName":"NewYardModel"},"interaction":{"idSuffix":"inner"}},"clearTextFirst":true,"interactionType":"ENTER_TEXT"}]}
RESULT: {"script":"<script> [776 bytes]","args":[{"enterText":"ZL01","selector":{"controlType":"sap.m.Input","viewName":"etm.portal.ui.manageyards.view.New","viewId":"application-manageyards-display-component---NewYard","bindingPath":{"path":"","propertyPath":"/DELIVERY_TYPE","modelName":"NewYardModel"},"interaction":{"idSuffix":"inner"}},"clearTextFirst":true,"interactionType":"ENTER_TEXT"}]}
COMMAND: POST /session/a57d97dc01d30c0d707ac32c8676cc12/execute/async - {"script":"<script> [1562 bytes]","args":[{"selector":{"controlType":"sap.m.Input","viewName":"etm.portal.ui.manageyards.view.New","viewId":"application-manageyards-display-component---NewYard","bindingPath":{"path":"","propertyPath":"/AUART","modelName":"NewYardModel"},"interaction":{"idSuffix":"inner"}},"wdio_ui5_key":"etmportal.ui.manageyards.view.Newsap.m.Input{\"path\":\"\",\"propertyPath\":\"/AUART\",\"modelName\":\"NewYardModel\"}"}]}
RESULT: {"script":"<script> [1562 bytes]","args":[{"selector":{"controlType":"sap.m.Input","viewName":"etm.portal.ui.manageyards.view.New","viewId":"application-manageyards-display-component---NewYard","bindingPath":{"path":"","propertyPath":"/AUART","modelName":"NewYardModel"},"interaction":{"idSuffix":"inner"}},"wdio_ui5_key":"etmportal.ui.manageyards.view.Newsap.m.Input{\"path\":\"\",\"propertyPath\":\"/AUART\",\"modelName\":\"NewYardModel\"}"}]}
RESULT: undefined
COMMAND: POST /session/a57d97dc01d30c0d707ac32c8676cc12/execute/async - {"script":"<script> [776 bytes]","args":[{"enterText":"TA","selector":{"controlType":"sap.m.Input","viewName":"etm.portal.ui.manageyards.view.New","viewId":"application-manageyards-display-component---NewYard","bindingPath":{"path":"","propertyPath":"/AUART","modelName":"NewYardModel"},"interaction":{"idSuffix":"inner"}},"clearTextFirst":true,"interactionType":"ENTER_TEXT"}]}
RESULT: {"script":"<script> [776 bytes]","args":[{"enterText":"TA","selector":{"controlType":"sap.m.Input","viewName":"etm.portal.ui.manageyards.view.New","viewId":"application-manageyards-display-component---NewYard","bindingPath":{"path":"","propertyPath":"/AUART","modelName":"NewYardModel"},"interaction":{"idSuffix":"inner"}},"clearTextFirst":true,"interactionType":"ENTER_TEXT"}]}
COMMAND: POST /session/a57d97dc01d30c0d707ac32c8676cc12/element - {"using":"xpath","value":"//button[@data-kt=\"newYardSaveButton\"]"}
RESULT: {"using":"xpath","value":"//button[@data-kt=\"newYardSaveButton\"]"}
COMMAND: POST /session/a57d97dc01d30c0d707ac32c8676cc12/element/f.AA77304496C5C3E35540BF7ABBEF8E02.d.F6452ED28152BCB9D5EBC3AD1166AF4E.e.4240/click - {}
RESULT: {}
COMMAND: GET /session/a57d97dc01d30c0d707ac32c8676cc12/screenshot - {}
RESULT: {}
COMMAND: POST /session/a57d97dc01d30c0d707ac32c8676cc12/element - {"using":"xpath","value":"//header[contains(@id, 'ObjectPageLayout-headerTitle')]/div[1]/div[2]/div[1]/span[1]"}
RESULT: {"using":"xpath","value":"//header[contains(@id, 'ObjectPageLayout-headerTitle')]/div[1]/div[2]/div[1]/span[1]"}
COMMAND: POST /session/a57d97dc01d30c0d707ac32c8676cc12/elements - {"using":"xpath","value":"//header[contains(@id, 'ObjectPageLayout-headerTitle')]/div[1]/div[2]/div[1]/span[1]"}
RESULT: {"using":"xpath","value":"//header[contains(@id, 'ObjectPageLayout-headerTitle')]/div[1]/div[2]/div[1]/span[1]"}
COMMAND: POST /session/a57d97dc01d30c0d707ac32c8676cc12/execute/sync - {"script":"<script> [56 bytes]","args":[{"element-6066-11e4-a52e-4f735466cecf":"f.AA77304496C5C3E35540BF7ABBEF8E02.d.F6452ED28152BCB9D5EBC3AD1166AF4E.e.4537","ELEMENT":"f.AA77304496C5C3E35540BF7ABBEF8E02.d.F6452ED28152BCB9D5EBC3AD1166AF4E.e.4537"}]}
RESULT: {"script":"<script> [56 bytes]","args":[{"element-6066-11e4-a52e-4f735466cecf":"f.AA77304496C5C3E35540BF7ABBEF8E02.d.F6452ED28152BCB9D5EBC3AD1166AF4E.e.4537","ELEMENT":"f.AA77304496C5C3E35540BF7ABBEF8E02.d.F6452ED28152BCB9D5EBC3AD1166AF4E.e.4537"}]}
COMMAND: GET /session/a57d97dc01d30c0d707ac32c8676cc12/screenshot - {}
RESULT: {}
COMMAND: POST /session/a57d97dc01d30c0d707ac32c8676cc12/element - {"using":"css selector","value":"#shell-header-logo"}
RESULT: {"using":"css selector","value":"#shell-header-logo"}
COMMAND: POST /session/a57d97dc01d30c0d707ac32c8676cc12/element/f.AA77304496C5C3E35540BF7ABBEF8E02.d.F6452ED28152BCB9D5EBC3AD1166AF4E.e.3662/click - {}
RESULT: {}
COMMAND: GET /session/a57d97dc01d30c0d707ac32c8676cc12/screenshot - {}
RESULT: {}
COMMAND: POST /session/a57d97dc01d30c0d707ac32c8676cc12/execute/sync - {"script":"<script> [299 bytes]","args":[["getModel","getResource"]]}
RESULT: {"script":"<script> [299 bytes]","args":[["getModel","getResource"]]}
COMMAND: POST /session/a57d97dc01d30c0d707ac32c8676cc12/window/fullscreen - {}
COMMAND: GET /session/a57d97dc01d30c0d707ac32c8676cc12/screenshot - {}
RESULT: {}
COMMAND: POST /session/a57d97dc01d30c0d707ac32c8676cc12/execute/async - {"script":"<script> [1562 bytes]","args":[{"selector":{"controlType":"sap.m.GenericTile","properties":{"header":"Manage Partners"}},"wdio_ui5_key":"sapm.GenericTile{\"header\":\"Manage Partners\"}"}]}
RESULT: {}
RESULT: {"script":"<script> [1562 bytes]","args":[{"selector":{"controlType":"sap.m.GenericTile","properties":{"header":"Manage Partners"}},"wdio_ui5_key":"sapm.GenericTile{\"header\":\"Manage Partners\"}"}]}
RESULT: undefined
COMMAND: POST /session/a57d97dc01d30c0d707ac32c8676cc12/element - {"using":"xpath","value":"//*[@id=\"__tile31\"]"}
RESULT: {"using":"xpath","value":"//*[@id=\"__tile31\"]"}
COMMAND: POST /session/a57d97dc01d30c0d707ac32c8676cc12/element/f.AA77304496C5C3E35540BF7ABBEF8E02.d.F6452ED28152BCB9D5EBC3AD1166AF4E.e.3681/click - {}
RESULT: {}
COMMAND: GET /session/a57d97dc01d30c0d707ac32c8676cc12/screenshot - {}
RESULT: {}
COMMAND: POST /session/a57d97dc01d30c0d707ac32c8676cc12/elements - {"using":"xpath","value":"//span[text()='Error']"}
RESULT: {"using":"xpath","value":"//span[text()='Error']"}
COMMAND: POST /session/a57d97dc01d30c0d707ac32c8676cc12/element - {"using":"xpath","value":"//button[@data-kt=\"addButton\"]"}
RESULT: {"using":"xpath","value":"//button[@data-kt=\"addButton\"]"}
COMMAND: POST /session/a57d97dc01d30c0d707ac32c8676cc12/elements - {"using":"xpath","value":"//button[@data-kt=\"addButton\"]"}
RESULT: {"using":"xpath","value":"//button[@data-kt=\"addButton\"]"}
COMMAND: POST /session/a57d97dc01d30c0d707ac32c8676cc12/execute/sync - {"script":"<script> [8489 bytes]","args":[{"element-6066-11e4-a52e-4f735466cecf":"f.AA77304496C5C3E35540BF7ABBEF8E02.d.F6452ED28152BCB9D5EBC3AD1166AF4E.e.4574","ELEMENT":"f.AA77304496C5C3E35540BF7ABBEF8E02.d.F6452ED28152BCB9D5EBC3AD1166AF4E.e.4574"}]}
RESULT: {"script":"<script> [8489 bytes]","args":[{"element-6066-11e4-a52e-4f735466cecf":"f.AA77304496C5C3E35540BF7ABBEF8E02.d.F6452ED28152BCB9D5EBC3AD1166AF4E.e.4574","ELEMENT":"f.AA77304496C5C3E35540BF7ABBEF8E02.d.F6452ED28152BCB9D5EBC3AD1166AF4E.e.4574"}]}
COMMAND: GET /session/a57d97dc01d30c0d707ac32c8676cc12/element/f.AA77304496C5C3E35540BF7ABBEF8E02.d.F6452ED28152BCB9D5EBC3AD1166AF4E.e.4574/enabled - {}
COMMAND: GET /session/a57d97dc01d30c0d707ac32c8676cc12/screenshot - {}
RESULT: {}
COMMAND: POST /session/a57d97dc01d30c0d707ac32c8676cc12/execute/sync - {"script":"<script> [8489 bytes]","args":[{"element-6066-11e4-a52e-4f735466cecf":"f.AA77304496C5C3E35540BF7ABBEF8E02.d.F6452ED28152BCB9D5EBC3AD1166AF4E.e.4574","ELEMENT":"f.AA77304496C5C3E35540BF7ABBEF8E02.d.F6452ED28152BCB9D5EBC3AD1166AF4E.e.4574"}]}
COMMAND: GET /session/a57d97dc01d30c0d707ac32c8676cc12/screenshot - {}
RESULT: {}
RESULT: {"script":"<script> [8489 bytes]","args":[{"element-6066-11e4-a52e-4f735466cecf":"f.AA77304496C5C3E35540BF7ABBEF8E02.d.F6452ED28152BCB9D5EBC3AD1166AF4E.e.4574","ELEMENT":"f.AA77304496C5C3E35540BF7ABBEF8E02.d.F6452ED28152BCB9D5EBC3AD1166AF4E.e.4574"}]}
COMMAND: POST /session/a57d97dc01d30c0d707ac32c8676cc12/execute/sync - {"script":"<script> [5351 bytes]","args":[{"element-6066-11e4-a52e-4f735466cecf":"f.AA77304496C5C3E35540BF7ABBEF8E02.d.F6452ED28152BCB9D5EBC3AD1166AF4E.e.4574","ELEMENT":"f.AA77304496C5C3E35540BF7ABBEF8E02.d.F6452ED28152BCB9D5EBC3AD1166AF4E.e.4574"}]}
COMMAND: GET /session/a57d97dc01d30c0d707ac32c8676cc12/screenshot - {}
RESULT: {}
RESULT: {"script":"<script> [5351 bytes]","args":[{"element-6066-11e4-a52e-4f735466cecf":"f.AA77304496C5C3E35540BF7ABBEF8E02.d.F6452ED28152BCB9D5EBC3AD1166AF4E.e.4574","ELEMENT":"f.AA77304496C5C3E35540BF7ABBEF8E02.d.F6452ED28152BCB9D5EBC3AD1166AF4E.e.4574"}]}
COMMAND: POST /session/a57d97dc01d30c0d707ac32c8676cc12/element/f.AA77304496C5C3E35540BF7ABBEF8E02.d.F6452ED28152BCB9D5EBC3AD1166AF4E.e.4574/click - {}
COMMAND: GET /session/a57d97dc01d30c0d707ac32c8676cc12/screenshot - {}
RESULT: {}
RESULT: {}
COMMAND: GET /session/a57d97dc01d30c0d707ac32c8676cc12/screenshot - {}
RESULT: {}
RESULT: {}
COMMAND: POST /session/a57d97dc01d30c0d707ac32c8676cc12/execute/async - {"script":"<script> [1562 bytes]","args":[{"selector":{"id":"application-managepartners-display-component---NewPartner--addressDetailDetailsName1","interaction":{"idSuffix":"inner"}},"wdio_ui5_key":"applicationmanagepartners-display-component---NewPartner--addressDetailDetailsName1"}]}
RESULT: {"script":"<script> [1562 bytes]","args":[{"selector":{"id":"application-managepartners-display-component---NewPartner--addressDetailDetailsName1","interaction":{"idSuffix":"inner"}},"wdio_ui5_key":"applicationmanagepartners-display-component---NewPartner--addressDetailDetailsName1"}]}
RESULT: undefined
COMMAND: POST /session/a57d97dc01d30c0d707ac32c8676cc12/execute/async - {"script":"<script> [776 bytes]","args":[{"enterText":"Intercompany Partner WDIO","selector":{"id":"application-managepartners-display-component---NewPartner--addressDetailDetailsName1","interaction":{"idSuffix":"inner"}},"clearTextFirst":true,"interactionType":"ENTER_TEXT"}]}
RESULT: {"script":"<script> [776 bytes]","args":[{"enterText":"Intercompany Partner WDIO","selector":{"id":"application-managepartners-display-component---NewPartner--addressDetailDetailsName1","interaction":{"idSuffix":"inner"}},"clearTextFirst":true,"interactionType":"ENTER_TEXT"}]}
COMMAND: POST /session/a57d97dc01d30c0d707ac32c8676cc12/execute/async - {"script":"<script> [1562 bytes]","args":[{"selector":{"id":"application-managepartners-display-component---NewPartner--addressDetailDetailsLanguage-arrow"},"wdio_ui5_key":"applicationmanagepartners-display-component---NewPartner--addressDetailDetailsLanguage-arrow"}]}
RESULT: {"script":"<script> [1562 bytes]","args":[{"selector":{"id":"application-managepartners-display-component---NewPartner--addressDetailDetailsLanguage-arrow"},"wdio_ui5_key":"applicationmanagepartners-display-component---NewPartner--addressDetailDetailsLanguage-arrow"}]}
RESULT: undefined
COMMAND: POST /session/a57d97dc01d30c0d707ac32c8676cc12/element - {"using":"xpath","value":"//*[@id=\"application-managepartners-display-component---NewPartner--addressDetailDetailsLanguage-arrow\"]"}
RESULT: {"using":"xpath","value":"//*[@id=\"application-managepartners-display-component---NewPartner--addressDetailDetailsLanguage-arrow\"]"}
COMMAND: POST /session/a57d97dc01d30c0d707ac32c8676cc12/element/f.AA77304496C5C3E35540BF7ABBEF8E02.d.F6452ED28152BCB9D5EBC3AD1166AF4E.e.4936/click - {}
RESULT: {}
COMMAND: POST /session/a57d97dc01d30c0d707ac32c8676cc12/element - {"using":"xpath","value":"//span[contains(text(), \"English\")]"}
COMMAND: GET /session/a57d97dc01d30c0d707ac32c8676cc12/screenshot - {}
RESULT: {"using":"xpath","value":"//span[contains(text(), \"English\")]"}
COMMAND: POST /session/a57d97dc01d30c0d707ac32c8676cc12/element/f.AA77304496C5C3E35540BF7ABBEF8E02.d.F6452ED28152BCB9D5EBC3AD1166AF4E.e.4937/click - {}
RESULT: {}
RESULT: {}
COMMAND: GET /session/a57d97dc01d30c0d707ac32c8676cc12/screenshot - {}
RESULT: {}
COMMAND: POST /session/a57d97dc01d30c0d707ac32c8676cc12/execute/async - {"script":"<script> [1562 bytes]","args":[{"selector":{"id":"application-managepartners-display-component---NewPartner--addressDetailDetailsCity1","interaction":{"idSuffix":"inner"}},"wdio_ui5_key":"applicationmanagepartners-display-component---NewPartner--addressDetailDetailsCity1"}]}
RESULT: {"script":"<script> [1562 bytes]","args":[{"selector":{"id":"application-managepartners-display-component---NewPartner--addressDetailDetailsCity1","interaction":{"idSuffix":"inner"}},"wdio_ui5_key":"applicationmanagepartners-display-component---NewPartner--addressDetailDetailsCity1"}]}
RESULT: undefined
COMMAND: POST /session/a57d97dc01d30c0d707ac32c8676cc12/execute/async - {"script":"<script> [776 bytes]","args":[{"enterText":"Rosario","selector":{"id":"application-managepartners-display-component---NewPartner--addressDetailDetailsCity1","interaction":{"idSuffix":"inner"}},"clearTextFirst":true,"interactionType":"ENTER_TEXT"}]}
RESULT: {"script":"<script> [776 bytes]","args":[{"enterText":"Rosario","selector":{"id":"application-managepartners-display-component---NewPartner--addressDetailDetailsCity1","interaction":{"idSuffix":"inner"}},"clearTextFirst":true,"interactionType":"ENTER_TEXT"}]}
COMMAND: POST /session/a57d97dc01d30c0d707ac32c8676cc12/execute/async - {"script":"<script> [1562 bytes]","args":[{"selector":{"id":"application-managepartners-display-component---NewPartner--addressDetailDetailsCountry-arrow"},"wdio_ui5_key":"applicationmanagepartners-display-component---NewPartner--addressDetailDetailsCountry-arrow"}]}
RESULT: {"script":"<script> [1562 bytes]","args":[{"selector":{"id":"application-managepartners-display-component---NewPartner--addressDetailDetailsCountry-arrow"},"wdio_ui5_key":"applicationmanagepartners-display-component---NewPartner--addressDetailDetailsCountry-arrow"}]}
RESULT: undefined
COMMAND: POST /session/a57d97dc01d30c0d707ac32c8676cc12/element - {"using":"xpath","value":"//*[@id=\"application-managepartners-display-component---NewPartner--addressDetailDetailsCountry-arrow\"]"}
RESULT: {"using":"xpath","value":"//*[@id=\"application-managepartners-display-component---NewPartner--addressDetailDetailsCountry-arrow\"]"}
COMMAND: POST /session/a57d97dc01d30c0d707ac32c8676cc12/element/f.AA77304496C5C3E35540BF7ABBEF8E02.d.F6452ED28152BCB9D5EBC3AD1166AF4E.e.4904/click - {}
RESULT: {}
COMMAND: POST /session/a57d97dc01d30c0d707ac32c8676cc12/element - {"using":"xpath","value":"//span[contains(text(), \"Argentina\")]"}
COMMAND: GET /session/a57d97dc01d30c0d707ac32c8676cc12/screenshot - {}
RESULT: {"using":"xpath","value":"//span[contains(text(), \"Argentina\")]"}
COMMAND: POST /session/a57d97dc01d30c0d707ac32c8676cc12/element/f.AA77304496C5C3E35540BF7ABBEF8E02.d.F6452ED28152BCB9D5EBC3AD1166AF4E.e.4939/click - {}
RESULT: {}
RESULT: {}
COMMAND: GET /session/a57d97dc01d30c0d707ac32c8676cc12/screenshot - {}
RESULT: {}
COMMAND: POST /session/a57d97dc01d30c0d707ac32c8676cc12/element - {"using":"xpath","value":"//bdi[contains(text(), \"Commercial\")]"}
RESULT: {"using":"xpath","value":"//bdi[contains(text(), \"Commercial\")]"}
COMMAND: POST /session/a57d97dc01d30c0d707ac32c8676cc12/element/f.AA77304496C5C3E35540BF7ABBEF8E02.d.F6452ED28152BCB9D5EBC3AD1166AF4E.e.4940/click - {}
RESULT: {}
COMMAND: GET /session/a57d97dc01d30c0d707ac32c8676cc12/screenshot - {}
RESULT: {}
COMMAND: POST /session/a57d97dc01d30c0d707ac32c8676cc12/execute/async - {"script":"<script> [1562 bytes]","args":[{"selector":{"id":"application-managepartners-display-component---NewPartner--partnerDetailInternal-arrow"},"wdio_ui5_key":"applicationmanagepartners-display-component---NewPartner--partnerDetailInternal-arrow"}]}
RESULT: {"script":"<script> [1562 bytes]","args":[{"selector":{"id":"application-managepartners-display-component---NewPartner--partnerDetailInternal-arrow"},"wdio_ui5_key":"applicationmanagepartners-display-component---NewPartner--partnerDetailInternal-arrow"}]}
RESULT: undefined
COMMAND: POST /session/a57d97dc01d30c0d707ac32c8676cc12/element - {"using":"xpath","value":"//*[@id=\"application-managepartners-display-component---NewPartner--partnerDetailInternal-arrow\"]"}
RESULT: {"using":"xpath","value":"//*[@id=\"application-managepartners-display-component---NewPartner--partnerDetailInternal-arrow\"]"}
COMMAND: POST /session/a57d97dc01d30c0d707ac32c8676cc12/element/f.AA77304496C5C3E35540BF7ABBEF8E02.d.F6452ED28152BCB9D5EBC3AD1166AF4E.e.4944/click - {}
RESULT: {}
COMMAND: POST /session/a57d97dc01d30c0d707ac32c8676cc12/element - {"using":"xpath","value":"//span[contains(text(), \"Affiliated company\")]"}
COMMAND: GET /session/a57d97dc01d30c0d707ac32c8676cc12/screenshot - {}
RESULT: {"using":"xpath","value":"//span[contains(text(), \"Affiliated company\")]"}
COMMAND: POST /session/a57d97dc01d30c0d707ac32c8676cc12/element/f.AA77304496C5C3E35540BF7ABBEF8E02.d.F6452ED28152BCB9D5EBC3AD1166AF4E.e.4948/click - {}
RESULT: {}
RESULT: {}
COMMAND: POST /session/a57d97dc01d30c0d707ac32c8676cc12/execute/async - {"script":"<script> [1562 bytes]","args":[{"selector":{"id":"application-managepartners-display-component---NewPartner--partnerDetailsCurrency-arrow"},"wdio_ui5_key":"applicationmanagepartners-display-component---NewPartner--partnerDetailsCurrency-arrow"}]}
COMMAND: GET /session/a57d97dc01d30c0d707ac32c8676cc12/screenshot - {}
RESULT: {"script":"<script> [1562 bytes]","args":[{"selector":{"id":"application-managepartners-display-component---NewPartner--partnerDetailsCurrency-arrow"},"wdio_ui5_key":"applicationmanagepartners-display-component---NewPartner--partnerDetailsCurrency-arrow"}]}
RESULT: undefined
COMMAND: POST /session/a57d97dc01d30c0d707ac32c8676cc12/element - {"using":"xpath","value":"//*[@id=\"application-managepartners-display-component---NewPartner--partnerDetailsCurrency-arrow\"]"}
RESULT: {}
RESULT: {"using":"xpath","value":"//*[@id=\"application-managepartners-display-component---NewPartner--partnerDetailsCurrency-arrow\"]"}
COMMAND: POST /session/a57d97dc01d30c0d707ac32c8676cc12/element/f.AA77304496C5C3E35540BF7ABBEF8E02.d.F6452ED28152BCB9D5EBC3AD1166AF4E.e.4955/click - {}
RESULT: {}
COMMAND: POST /session/a57d97dc01d30c0d707ac32c8676cc12/element - {"using":"xpath","value":"//span[contains(text(), \"Euro\")]"}
COMMAND: GET /session/a57d97dc01d30c0d707ac32c8676cc12/screenshot - {}
RESULT: {"using":"xpath","value":"//span[contains(text(), \"Euro\")]"}
COMMAND: POST /session/a57d97dc01d30c0d707ac32c8676cc12/element/f.AA77304496C5C3E35540BF7ABBEF8E02.d.F6452ED28152BCB9D5EBC3AD1166AF4E.e.4956/click - {}
RESULT: {}
RESULT: {}
COMMAND: POST /session/a57d97dc01d30c0d707ac32c8676cc12/execute/async - {"script":"<script> [1562 bytes]","args":[{"selector":{"id":"application-managepartners-display-component---NewPartner--addressEditDetailsCostObjectCstType-arrow"},"wdio_ui5_key":"applicationmanagepartners-display-component---NewPartner--addressEditDetailsCostObjectCstType-arrow"}]}
COMMAND: GET /session/a57d97dc01d30c0d707ac32c8676cc12/screenshot - {}
RESULT: {"script":"<script> [1562 bytes]","args":[{"selector":{"id":"application-managepartners-display-component---NewPartner--addressEditDetailsCostObjectCstType-arrow"},"wdio_ui5_key":"applicationmanagepartners-display-component---NewPartner--addressEditDetailsCostObjectCstType-arrow"}]}
RESULT: undefined
COMMAND: POST /session/a57d97dc01d30c0d707ac32c8676cc12/element - {"using":"xpath","value":"//*[@id=\"application-managepartners-display-component---NewPartner--addressEditDetailsCostObjectCstType-arrow\"]"}
RESULT: {}
RESULT: {"using":"xpath","value":"//*[@id=\"application-managepartners-display-component---NewPartner--addressEditDetailsCostObjectCstType-arrow\"]"}
COMMAND: POST /session/a57d97dc01d30c0d707ac32c8676cc12/element/f.AA77304496C5C3E35540BF7ABBEF8E02.d.F6452ED28152BCB9D5EBC3AD1166AF4E.e.4957/click - {}
RESULT: {}
COMMAND: POST /session/a57d97dc01d30c0d707ac32c8676cc12/element - {"using":"xpath","value":"//span[contains(text(), \"Cost Center\")]"}
COMMAND: GET /session/a57d97dc01d30c0d707ac32c8676cc12/screenshot - {}
RESULT: {"using":"xpath","value":"//span[contains(text(), \"Cost Center\")]"}
COMMAND: POST /session/a57d97dc01d30c0d707ac32c8676cc12/element/f.AA77304496C5C3E35540BF7ABBEF8E02.d.F6452ED28152BCB9D5EBC3AD1166AF4E.e.4958/click - {}
RESULT: {}
RESULT: {}
COMMAND: GET /session/a57d97dc01d30c0d707ac32c8676cc12/screenshot - {}
RESULT: {}
COMMAND: POST /session/a57d97dc01d30c0d707ac32c8676cc12/element - {"using":"xpath","value":"//span[@id=\"application-managepartners-display-component---NewPartner--addressNewCostObjectCstID-vhi\"]"}
RESULT: {"using":"xpath","value":"//span[@id=\"application-managepartners-display-component---NewPartner--addressNewCostObjectCstID-vhi\"]"}
COMMAND: POST /session/a57d97dc01d30c0d707ac32c8676cc12/execute/sync - {"script":"<script> [8489 bytes]","args":[{"element-6066-11e4-a52e-4f735466cecf":"f.AA77304496C5C3E35540BF7ABBEF8E02.d.F6452ED28152BCB9D5EBC3AD1166AF4E.e.4962","ELEMENT":"f.AA77304496C5C3E35540BF7ABBEF8E02.d.F6452ED28152BCB9D5EBC3AD1166AF4E.e.4962"}]}
RESULT: {"script":"<script> [8489 bytes]","args":[{"element-6066-11e4-a52e-4f735466cecf":"f.AA77304496C5C3E35540BF7ABBEF8E02.d.F6452ED28152BCB9D5EBC3AD1166AF4E.e.4962","ELEMENT":"f.AA77304496C5C3E35540BF7ABBEF8E02.d.F6452ED28152BCB9D5EBC3AD1166AF4E.e.4962"}]}
COMMAND: POST /session/a57d97dc01d30c0d707ac32c8676cc12/execute/async - {"script":"<script> [1562 bytes]","args":[{"selector":{"id":"application-managepartners-display-component---NewPartner--addressNewCostObjectCstID-vhi"},"wdio_ui5_key":"applicationmanagepartners-display-component---NewPartner--addressNewCostObjectCstID-vhi"}]}
COMMAND: GET /session/a57d97dc01d30c0d707ac32c8676cc12/screenshot - {}
RESULT: {"script":"<script> [1562 bytes]","args":[{"selector":{"id":"application-managepartners-display-component---NewPartner--addressNewCostObjectCstID-vhi"},"wdio_ui5_key":"applicationmanagepartners-display-component---NewPartner--addressNewCostObjectCstID-vhi"}]}
RESULT: undefined
COMMAND: POST /session/a57d97dc01d30c0d707ac32c8676cc12/element - {"using":"xpath","value":"//*[@id=\"application-managepartners-display-component---NewPartner--addressNewCostObjectCstID-vhi\"]"}
RESULT: {}
RESULT: {"using":"xpath","value":"//*[@id=\"application-managepartners-display-component---NewPartner--addressNewCostObjectCstID-vhi\"]"}
COMMAND: POST /session/a57d97dc01d30c0d707ac32c8676cc12/element/f.AA77304496C5C3E35540BF7ABBEF8E02.d.F6452ED28152BCB9D5EBC3AD1166AF4E.e.4962/click - {}
RESULT: {}
COMMAND: GET /session/a57d97dc01d30c0d707ac32c8676cc12/screenshot - {}
RESULT: {}
RESULT: undefined
COMMAND: POST /session/a57d97dc01d30c0d707ac32c8676cc12/execute/async - {"script":"<script> [776 bytes]","args":[{"enterText":"10001013","selector":{"controlType":"sap.m.SearchField","properties":{"placeholder":"Search"},"searchOpenDialogs":true,"interaction":{"idSuffix":"I"}},"clearTextFirst":true,"interactionType":"ENTER_TEXT"}]}
RESULT: {"script":"<script> [776 bytes]","args":[{"enterText":"10001013","selector":{"controlType":"sap.m.SearchField","properties":{"placeholder":"Search"},"searchOpenDialogs":true,"interaction":{"idSuffix":"I"}},"clearTextFirst":true,"interactionType":"ENTER_TEXT"}]}
COMMAND: POST /session/a57d97dc01d30c0d707ac32c8676cc12/actions - {"actions":[{"id":"action14","type":"key","parameters":{},"actions":[{"type":"keyDown","value":"î€‡"},{"type":"pause","duration":10},{"type":"keyUp","value":"î€‡"}]}]}
RESULT: {"actions":[{"id":"action14","type":"key","parameters":{},"actions":[{"type":"keyDown","value":"î€‡"},{"type":"pause","duration":10},{"type":"keyUp","value":"î€‡"}]}]}
COMMAND: GET /session/a57d97dc01d30c0d707ac32c8676cc12/screenshot - {}
RESULT: {}
COMMAND: POST /session/a57d97dc01d30c0d707ac32c8676cc12/element - {"using":"xpath","value":"//span[contains(text(), \"General Management\")]"}
RESULT: {"using":"xpath","value":"//span[contains(text(), \"General Management\")]"}
COMMAND: POST /session/a57d97dc01d30c0d707ac32c8676cc12/element/f.AA77304496C5C3E35540BF7ABBEF8E02.d.F6452ED28152BCB9D5EBC3AD1166AF4E.e.5001/click - {}
RESULT: {}
COMMAND: GET /session/a57d97dc01d30c0d707ac32c8676cc12/screenshot - {}
RESULT: {}
COMMAND: POST /session/a57d97dc01d30c0d707ac32c8676cc12/element - {"using":"xpath","value":"//bdi[contains(text(), \"OK\")]"}
RESULT: {"using":"xpath","value":"//bdi[contains(text(), \"OK\")]"}
COMMAND: POST /session/a57d97dc01d30c0d707ac32c8676cc12/element/f.AA77304496C5C3E35540BF7ABBEF8E02.d.F6452ED28152BCB9D5EBC3AD1166AF4E.e.5002/click - {}
RESULT: {}
COMMAND: GET /session/a57d97dc01d30c0d707ac32c8676cc12/screenshot - {}
RESULT: {}
COMMAND: POST /session/a57d97dc01d30c0d707ac32c8676cc12/element - {"using":"xpath","value":"//input[@id=\"application-managepartners-display-component---NewPartner--companyCodeComboBox-inner\"]"}
RESULT: {"using":"xpath","value":"//input[@id=\"application-managepartners-display-component---NewPartner--companyCodeComboBox-inner\"]"}
COMMAND: POST /session/a57d97dc01d30c0d707ac32c8676cc12/element/f.AA77304496C5C3E35540BF7ABBEF8E02.d.F6452ED28152BCB9D5EBC3AD1166AF4E.e.4797/clear - {}
RESULT: {}
COMMAND: POST /session/a57d97dc01d30c0d707ac32c8676cc12/element/f.AA77304496C5C3E35540BF7ABBEF8E02.d.F6452ED28152BCB9D5EBC3AD1166AF4E.e.4797/value - {"text":"C002"}
COMMAND: GET /session/a57d97dc01d30c0d707ac32c8676cc12/screenshot - {}
RESULT: {"text":"C002"}
COMMAND: GET /session/a57d97dc01d30c0d707ac32c8676cc12/screenshot - {}
RESULT: {}
RESULT: {}
COMMAND: POST /session/a57d97dc01d30c0d707ac32c8676cc12/element - {"using":"xpath","value":"//li[.//span[text()= \"C002\"]]"}
RESULT: {"using":"xpath","value":"//li[.//span[text()= \"C002\"]]"}
COMMAND: POST /session/a57d97dc01d30c0d707ac32c8676cc12/element/f.AA77304496C5C3E35540BF7ABBEF8E02.d.F6452ED28152BCB9D5EBC3AD1166AF4E.e.5008/click - {}
RESULT: {}
COMMAND: GET /session/a57d97dc01d30c0d707ac32c8676cc12/screenshot - {}
RESULT: {}
COMMAND: POST /session/a57d97dc01d30c0d707ac32c8676cc12/execute/async - {"script":"<script> [1562 bytes]","args":[{"selector":{"id":"application-managepartners-display-component---NewPartner--btnAddTableRow-img"},"wdio_ui5_key":"applicationmanagepartners-display-component---NewPartner--btnAddTableRow-img"}]}
RESULT: {"script":"<script> [1562 bytes]","args":[{"selector":{"id":"application-managepartners-display-component---NewPartner--btnAddTableRow-img"},"wdio_ui5_key":"applicationmanagepartners-display-component---NewPartner--btnAddTableRow-img"}]}
RESULT: undefined
COMMAND: POST /session/a57d97dc01d30c0d707ac32c8676cc12/element - {"using":"xpath","value":"//*[@id=\"application-managepartners-display-component---NewPartner--btnAddTableRow-img\"]"}
RESULT: {"using":"xpath","value":"//*[@id=\"application-managepartners-display-component---NewPartner--btnAddTableRow-img\"]"}
COMMAND: POST /session/a57d97dc01d30c0d707ac32c8676cc12/element/f.AA77304496C5C3E35540BF7ABBEF8E02.d.F6452ED28152BCB9D5EBC3AD1166AF4E.e.5009/click - {}
RESULT: {}
COMMAND: GET /session/a57d97dc01d30c0d707ac32c8676cc12/screenshot - {}
RESULT: {}
COMMAND: POST /session/a57d97dc01d30c0d707ac32c8676cc12/element - {"using":"xpath","value":"//input[@id=\"application-managepartners-display-component---NewPartner--assignmentYard-application-managepartners-display-component---NewPartner--assignmentsTable-0-inner\"]"}
RESULT: {"using":"xpath","value":"//input[@id=\"application-managepartners-display-component---NewPartner--assignmentYard-application-managepartners-display-component---NewPartner--assignmentsTable-0-inner\"]"}
COMMAND: POST /session/a57d97dc01d30c0d707ac32c8676cc12/element/f.AA77304496C5C3E35540BF7ABBEF8E02.d.F6452ED28152BCB9D5EBC3AD1166AF4E.e.5012/clear - {}
RESULT: {}
COMMAND: POST /session/a57d97dc01d30c0d707ac32c8676cc12/element/f.AA77304496C5C3E35540BF7ABBEF8E02.d.F6452ED28152BCB9D5EBC3AD1166AF4E.e.5012/value - {"text":"203"}
COMMAND: GET /session/a57d97dc01d30c0d707ac32c8676cc12/screenshot - {}
RESULT: {"text":"203"}
COMMAND: GET /session/a57d97dc01d30c0d707ac32c8676cc12/screenshot - {}
RESULT: {}
RESULT: {}
COMMAND: POST /session/a57d97dc01d30c0d707ac32c8676cc12/element - {"using":"xpath","value":"//li[.//span[text()='203']]"}
RESULT: {"using":"xpath","value":"//li[.//span[text()='203']]"}
COMMAND: POST /session/a57d97dc01d30c0d707ac32c8676cc12/element/f.AA77304496C5C3E35540BF7ABBEF8E02.d.F6452ED28152BCB9D5EBC3AD1166AF4E.e.5021/click - {}
RESULT: {}
COMMAND: GET /session/a57d97dc01d30c0d707ac32c8676cc12/screenshot - {}
RESULT: {}
COMMAND: POST /session/a57d97dc01d30c0d707ac32c8676cc12/actions - {"actions":[{"id":"action15","type":"key","parameters":{},"actions":[{"type":"keyDown","value":"î€‡"},{"type":"pause","duration":10},{"type":"keyUp","value":"î€‡"}]}]}
RESULT: {"actions":[{"id":"action15","type":"key","parameters":{},"actions":[{"type":"keyDown","value":"î€‡"},{"type":"pause","duration":10},{"type":"keyUp","value":"î€‡"}]}]}
COMMAND: POST /session/a57d97dc01d30c0d707ac32c8676cc12/execute/async - {"script":"<script> [1562 bytes]","args":[{"selector":{"id":"application-managepartners-display-component---NewPartner--externalCustomerComboBox-application-managepartners-display-component---NewPartner--assignmentsTable-0-vhi"},"wdio_ui5_key":"applicationmanagepartners-display-component---NewPartner--externalCustomerComboBox-application-managepartners-display-component---NewPartner--assignmentsTable-0-vhi"}]}
COMMAND: GET /session/a57d97dc01d30c0d707ac32c8676cc12/screenshot - {}
RESULT: {"script":"<script> [1562 bytes]","args":[{"selector":{"id":"application-managepartners-display-component---NewPartner--externalCustomerComboBox-application-managepartners-display-component---NewPartner--assignmentsTable-0-vhi"},"wdio_ui5_key":"applicationmanagepartners-display-component---NewPartner--externalCustomerComboBox-application-managepartners-display-component---NewPartner--assignmentsTable-0-vhi"}]}
RESULT: undefined
COMMAND: POST /session/a57d97dc01d30c0d707ac32c8676cc12/element - {"using":"xpath","value":"//*[@id=\"application-managepartners-display-component---NewPartner--externalCustomerComboBox-application-managepartners-display-component---NewPartner--assignmentsTable-0-vhi\"]"}
RESULT: {}
RESULT: {"using":"xpath","value":"//*[@id=\"application-managepartners-display-component---NewPartner--externalCustomerComboBox-application-managepartners-display-component---NewPartner--assignmentsTable-0-vhi\"]"}
COMMAND: POST /session/a57d97dc01d30c0d707ac32c8676cc12/element/f.AA77304496C5C3E35540BF7ABBEF8E02.d.F6452ED28152BCB9D5EBC3AD1166AF4E.e.5025/click - {}
RESULT: {}
RESULT: undefined
COMMAND: POST /session/a57d97dc01d30c0d707ac32c8676cc12/execute/async - {"script":"<script> [776 bytes]","args":[{"enterText":"300003","selector":{"controlType":"sap.m.SearchField","properties":{"placeholder":"Search"},"searchOpenDialogs":true,"interaction":{"idSuffix":"I"}},"clearTextFirst":true,"interactionType":"ENTER_TEXT"}]}
COMMAND: GET /session/a57d97dc01d30c0d707ac32c8676cc12/screenshot - {}
RESULT: {"script":"<script> [776 bytes]","args":[{"enterText":"300003","selector":{"controlType":"sap.m.SearchField","properties":{"placeholder":"Search"},"searchOpenDialogs":true,"interaction":{"idSuffix":"I"}},"clearTextFirst":true,"interactionType":"ENTER_TEXT"}]}
COMMAND: POST /session/a57d97dc01d30c0d707ac32c8676cc12/actions - {"actions":[{"id":"action16","type":"key","parameters":{},"actions":[{"type":"keyDown","value":"î€‡"},{"type":"pause","duration":10},{"type":"keyUp","value":"î€‡"}]}]}
RESULT: {}
RESULT: {"actions":[{"id":"action16","type":"key","parameters":{},"actions":[{"type":"keyDown","value":"î€‡"},{"type":"pause","duration":10},{"type":"keyUp","value":"î€‡"}]}]}
COMMAND: GET /session/a57d97dc01d30c0d707ac32c8676cc12/screenshot - {}
RESULT: {}
COMMAND: POST /session/a57d97dc01d30c0d707ac32c8676cc12/element - {"using":"xpath","value":"//span[contains(text(), \"300003\")]"}
RESULT: {"using":"xpath","value":"//span[contains(text(), \"300003\")]"}
COMMAND: POST /session/a57d97dc01d30c0d707ac32c8676cc12/element/f.AA77304496C5C3E35540BF7ABBEF8E02.d.F6452ED28152BCB9D5EBC3AD1166AF4E.e.5076/click - {}
RESULT: {}
COMMAND: GET /session/a57d97dc01d30c0d707ac32c8676cc12/screenshot - {}
RESULT: {}
COMMAND: POST /session/a57d97dc01d30c0d707ac32c8676cc12/element - {"using":"xpath","value":"//bdi[contains(text(), \"OK\")]"}
RESULT: {"using":"xpath","value":"//bdi[contains(text(), \"OK\")]"}
COMMAND: POST /session/a57d97dc01d30c0d707ac32c8676cc12/element/f.AA77304496C5C3E35540BF7ABBEF8E02.d.F6452ED28152BCB9D5EBC3AD1166AF4E.e.5078/click - {}
RESULT: {}
COMMAND: GET /session/a57d97dc01d30c0d707ac32c8676cc12/screenshot - {}
RESULT: {}
COMMAND: POST /session/a57d97dc01d30c0d707ac32c8676cc12/execute/async - {"script":"<script> [1562 bytes]","args":[{"selector":{"id":"application-managepartners-display-component---NewPartner--intercompVendorComboBox-application-managepartners-display-component---NewPartner--assignmentsTable-0-vhi"},"wdio_ui5_key":"applicationmanagepartners-display-component---NewPartner--intercompVendorComboBox-application-managepartners-display-component---NewPartner--assignmentsTable-0-vhi"}]}
RESULT: {"script":"<script> [1562 bytes]","args":[{"selector":{"id":"application-managepartners-display-component---NewPartner--intercompVendorComboBox-application-managepartners-display-component---NewPartner--assignmentsTable-0-vhi"},"wdio_ui5_key":"applicationmanagepartners-display-component---NewPartner--intercompVendorComboBox-application-managepartners-display-component---NewPartner--assignmentsTable-0-vhi"}]}
RESULT: undefined
COMMAND: POST /session/a57d97dc01d30c0d707ac32c8676cc12/element - {"using":"xpath","value":"//*[@id=\"application-managepartners-display-component---NewPartner--intercompVendorComboBox-application-managepartners-display-component---NewPartner--assignmentsTable-0-vhi\"]"}
RESULT: {"using":"xpath","value":"//*[@id=\"application-managepartners-display-component---NewPartner--intercompVendorComboBox-application-managepartners-display-component---NewPartner--assignmentsTable-0-vhi\"]"}
COMMAND: POST /session/a57d97dc01d30c0d707ac32c8676cc12/element/f.AA77304496C5C3E35540BF7ABBEF8E02.d.F6452ED28152BCB9D5EBC3AD1166AF4E.e.5081/click - {}
RESULT: {}
RESULT: undefined
COMMAND: POST /session/a57d97dc01d30c0d707ac32c8676cc12/execute/async - {"script":"<script> [776 bytes]","args":[{"enterText":"100005","selector":{"controlType":"sap.m.SearchField","properties":{"placeholder":"Search"},"searchOpenDialogs":true,"interaction":{"idSuffix":"I"}},"clearTextFirst":true,"interactionType":"ENTER_TEXT"}]}
COMMAND: GET /session/a57d97dc01d30c0d707ac32c8676cc12/screenshot - {}
RESULT: {"script":"<script> [776 bytes]","args":[{"enterText":"100005","selector":{"controlType":"sap.m.SearchField","properties":{"placeholder":"Search"},"searchOpenDialogs":true,"interaction":{"idSuffix":"I"}},"clearTextFirst":true,"interactionType":"ENTER_TEXT"}]}
COMMAND: POST /session/a57d97dc01d30c0d707ac32c8676cc12/actions - {"actions":[{"id":"action17","type":"key","parameters":{},"actions":[{"type":"keyDown","value":"î€‡"},{"type":"pause","duration":10},{"type":"keyUp","value":"î€‡"}]}]}
RESULT: {}
RESULT: {"actions":[{"id":"action17","type":"key","parameters":{},"actions":[{"type":"keyDown","value":"î€‡"},{"type":"pause","duration":10},{"type":"keyUp","value":"î€‡"}]}]}
COMMAND: GET /session/a57d97dc01d30c0d707ac32c8676cc12/screenshot - {}
RESULT: {}
COMMAND: POST /session/a57d97dc01d30c0d707ac32c8676cc12/element - {"using":"xpath","value":"//span[contains(text(), \"Penguins - Field/12345 Berlin\")]"}
RESULT: {"using":"xpath","value":"//span[contains(text(), \"Penguins - Field/12345 Berlin\")]"}
COMMAND: POST /session/a57d97dc01d30c0d707ac32c8676cc12/element/f.AA77304496C5C3E35540BF7ABBEF8E02.d.F6452ED28152BCB9D5EBC3AD1166AF4E.e.5100/click - {}
RESULT: {}
COMMAND: GET /session/a57d97dc01d30c0d707ac32c8676cc12/screenshot - {}
RESULT: {}
COMMAND: POST /session/a57d97dc01d30c0d707ac32c8676cc12/element - {"using":"xpath","value":"//bdi[contains(text(), \"OK\")]"}
RESULT: {"using":"xpath","value":"//bdi[contains(text(), \"OK\")]"}
COMMAND: POST /session/a57d97dc01d30c0d707ac32c8676cc12/element/f.AA77304496C5C3E35540BF7ABBEF8E02.d.F6452ED28152BCB9D5EBC3AD1166AF4E.e.5101/click - {}
RESULT: {}
COMMAND: GET /session/a57d97dc01d30c0d707ac32c8676cc12/screenshot - {}
RESULT: {}
COMMAND: POST /session/a57d97dc01d30c0d707ac32c8676cc12/element - {"using":"xpath","value":"//button[@data-kt=\"saveButton\"]"}
RESULT: {"using":"xpath","value":"//button[@data-kt=\"saveButton\"]"}
COMMAND: POST /session/a57d97dc01d30c0d707ac32c8676cc12/element/f.AA77304496C5C3E35540BF7ABBEF8E02.d.F6452ED28152BCB9D5EBC3AD1166AF4E.e.4847/click - {}
RESULT: {}
COMMAND: GET /session/a57d97dc01d30c0d707ac32c8676cc12/screenshot - {}
RESULT: {}
COMMAND: POST /session/a57d97dc01d30c0d707ac32c8676cc12/element - {"using":"xpath","value":"//header[contains(@id, 'ObjectPageLayout-headerTitle')]/div[1]/div[2]/div[2]/span[1]"}
RESULT: {"using":"xpath","value":"//header[contains(@id, 'ObjectPageLayout-headerTitle')]/div[1]/div[2]/div[2]/span[1]"}
COMMAND: POST /session/a57d97dc01d30c0d707ac32c8676cc12/elements - {"using":"xpath","value":"//header[contains(@id, 'ObjectPageLayout-headerTitle')]/div[1]/div[2]/div[2]/span[1]"}
RESULT: {"using":"xpath","value":"//header[contains(@id, 'ObjectPageLayout-headerTitle')]/div[1]/div[2]/div[2]/span[1]"}
COMMAND: POST /session/a57d97dc01d30c0d707ac32c8676cc12/execute/sync - {"script":"<script> [56 bytes]","args":[{"element-6066-11e4-a52e-4f735466cecf":"f.AA77304496C5C3E35540BF7ABBEF8E02.d.F6452ED28152BCB9D5EBC3AD1166AF4E.e.5223","ELEMENT":"f.AA77304496C5C3E35540BF7ABBEF8E02.d.F6452ED28152BCB9D5EBC3AD1166AF4E.e.5223"}]}
RESULT: {"script":"<script> [56 bytes]","args":[{"element-6066-11e4-a52e-4f735466cecf":"f.AA77304496C5C3E35540BF7ABBEF8E02.d.F6452ED28152BCB9D5EBC3AD1166AF4E.e.5223","ELEMENT":"f.AA77304496C5C3E35540BF7ABBEF8E02.d.F6452ED28152BCB9D5EBC3AD1166AF4E.e.5223"}]}
COMMAND: POST /session/a57d97dc01d30c0d707ac32c8676cc12/element - {"using":"css selector","value":"#shell-header-logo"}
COMMAND: GET /session/a57d97dc01d30c0d707ac32c8676cc12/screenshot - {}
RESULT: {"using":"css selector","value":"#shell-header-logo"}
COMMAND: POST /session/a57d97dc01d30c0d707ac32c8676cc12/element/f.AA77304496C5C3E35540BF7ABBEF8E02.d.F6452ED28152BCB9D5EBC3AD1166AF4E.e.4541/click - {}
RESULT: {}
RESULT: {}
COMMAND: GET /session/a57d97dc01d30c0d707ac32c8676cc12/screenshot - {}
RESULT: {}
COMMAND: POST /session/a57d97dc01d30c0d707ac32c8676cc12/execute/sync - {"script":"<script> [299 bytes]","args":[["getModel","getResource"]]}
RESULT: {"script":"<script> [299 bytes]","args":[["getModel","getResource"]]}
COMMAND: POST /session/a57d97dc01d30c0d707ac32c8676cc12/execute/async - {"script":"<script> [1562 bytes]","args":[{"selector":{"controlType":"sap.m.GenericTile","properties":{"header":"Manage Sites"}},"wdio_ui5_key":"sapm.GenericTile{\"header\":\"Manage Sites\"}"}]}
COMMAND: GET /session/a57d97dc01d30c0d707ac32c8676cc12/screenshot - {}
RESULT: {"script":"<script> [1562 bytes]","args":[{"selector":{"controlType":"sap.m.GenericTile","properties":{"header":"Manage Sites"}},"wdio_ui5_key":"sapm.GenericTile{\"header\":\"Manage Sites\"}"}]}
RESULT: undefined
COMMAND: POST /session/a57d97dc01d30c0d707ac32c8676cc12/element - {"using":"xpath","value":"//*[@id=\"__tile33\"]"}
RESULT: {}
RESULT: {"using":"xpath","value":"//*[@id=\"__tile33\"]"}
COMMAND: POST /session/a57d97dc01d30c0d707ac32c8676cc12/element/f.AA77304496C5C3E35540BF7ABBEF8E02.d.F6452ED28152BCB9D5EBC3AD1166AF4E.e.3687/click - {}
RESULT: {}
COMMAND: GET /session/a57d97dc01d30c0d707ac32c8676cc12/screenshot - {}
RESULT: {}
COMMAND: POST /session/a57d97dc01d30c0d707ac32c8676cc12/elements - {"using":"xpath","value":"//span[text()='Error']"}
RESULT: {"using":"xpath","value":"//span[text()='Error']"}
COMMAND: POST /session/a57d97dc01d30c0d707ac32c8676cc12/element - {"using":"xpath","value":"//button[@data-kt=\"addOverflowToolbarButton\"]"}
RESULT: {"using":"xpath","value":"//button[@data-kt=\"addOverflowToolbarButton\"]"}
COMMAND: POST /session/a57d97dc01d30c0d707ac32c8676cc12/elements - {"using":"xpath","value":"//button[@data-kt=\"addOverflowToolbarButton\"]"}
RESULT: {"using":"xpath","value":"//button[@data-kt=\"addOverflowToolbarButton\"]"}
COMMAND: POST /session/a57d97dc01d30c0d707ac32c8676cc12/execute/sync - {"script":"<script> [8489 bytes]","args":[{"element-6066-11e4-a52e-4f735466cecf":"f.AA77304496C5C3E35540BF7ABBEF8E02.d.F6452ED28152BCB9D5EBC3AD1166AF4E.e.5326","ELEMENT":"f.AA77304496C5C3E35540BF7ABBEF8E02.d.F6452ED28152BCB9D5EBC3AD1166AF4E.e.5326"}]}
RESULT: {"script":"<script> [8489 bytes]","args":[{"element-6066-11e4-a52e-4f735466cecf":"f.AA77304496C5C3E35540BF7ABBEF8E02.d.F6452ED28152BCB9D5EBC3AD1166AF4E.e.5326","ELEMENT":"f.AA77304496C5C3E35540BF7ABBEF8E02.d.F6452ED28152BCB9D5EBC3AD1166AF4E.e.5326"}]}
COMMAND: GET /session/a57d97dc01d30c0d707ac32c8676cc12/element/f.AA77304496C5C3E35540BF7ABBEF8E02.d.F6452ED28152BCB9D5EBC3AD1166AF4E.e.5326/enabled - {}
COMMAND: GET /session/a57d97dc01d30c0d707ac32c8676cc12/screenshot - {}
RESULT: {}
COMMAND: POST /session/a57d97dc01d30c0d707ac32c8676cc12/execute/sync - {"script":"<script> [8489 bytes]","args":[{"element-6066-11e4-a52e-4f735466cecf":"f.AA77304496C5C3E35540BF7ABBEF8E02.d.F6452ED28152BCB9D5EBC3AD1166AF4E.e.5326","ELEMENT":"f.AA77304496C5C3E35540BF7ABBEF8E02.d.F6452ED28152BCB9D5EBC3AD1166AF4E.e.5326"}]}
COMMAND: GET /session/a57d97dc01d30c0d707ac32c8676cc12/screenshot - {}
RESULT: {}
RESULT: {"script":"<script> [8489 bytes]","args":[{"element-6066-11e4-a52e-4f735466cecf":"f.AA77304496C5C3E35540BF7ABBEF8E02.d.F6452ED28152BCB9D5EBC3AD1166AF4E.e.5326","ELEMENT":"f.AA77304496C5C3E35540BF7ABBEF8E02.d.F6452ED28152BCB9D5EBC3AD1166AF4E.e.5326"}]}
COMMAND: POST /session/a57d97dc01d30c0d707ac32c8676cc12/execute/sync - {"script":"<script> [5351 bytes]","args":[{"element-6066-11e4-a52e-4f735466cecf":"f.AA77304496C5C3E35540BF7ABBEF8E02.d.F6452ED28152BCB9D5EBC3AD1166AF4E.e.5326","ELEMENT":"f.AA77304496C5C3E35540BF7ABBEF8E02.d.F6452ED28152BCB9D5EBC3AD1166AF4E.e.5326"}]}
COMMAND: GET /session/a57d97dc01d30c0d707ac32c8676cc12/screenshot - {}
RESULT: {}
RESULT: {"script":"<script> [5351 bytes]","args":[{"element-6066-11e4-a52e-4f735466cecf":"f.AA77304496C5C3E35540BF7ABBEF8E02.d.F6452ED28152BCB9D5EBC3AD1166AF4E.e.5326","ELEMENT":"f.AA77304496C5C3E35540BF7ABBEF8E02.d.F6452ED28152BCB9D5EBC3AD1166AF4E.e.5326"}]}
COMMAND: POST /session/a57d97dc01d30c0d707ac32c8676cc12/element/f.AA77304496C5C3E35540BF7ABBEF8E02.d.F6452ED28152BCB9D5EBC3AD1166AF4E.e.5326/click - {}
COMMAND: GET /session/a57d97dc01d30c0d707ac32c8676cc12/screenshot - {}
RESULT: {}
RESULT: {}
COMMAND: GET /session/a57d97dc01d30c0d707ac32c8676cc12/screenshot - {}
RESULT: {}
RESULT: {}
COMMAND: POST /session/a57d97dc01d30c0d707ac32c8676cc12/element - {"using":"xpath","value":"//input[@id=\"application-managesites-display-component---NewSite--siteId-inner\"]"}
RESULT: {"using":"xpath","value":"//input[@id=\"application-managesites-display-component---NewSite--siteId-inner\"]"}
COMMAND: POST /session/a57d97dc01d30c0d707ac32c8676cc12/element - {"using":"xpath","value":"//input[@id=\"application-managesites-display-component---NewSite--siteId-inner\"]"}
RESULT: {"using":"xpath","value":"//input[@id=\"application-managesites-display-component---NewSite--siteId-inner\"]"}
COMMAND: POST /session/a57d97dc01d30c0d707ac32c8676cc12/execute/async - {"script":"<script> [1562 bytes]","args":[{"selector":{"id":"application-managesites-display-component---NewSite--addressDetailDetailsName1","interaction":{"idSuffix":"inner"}},"wdio_ui5_key":"applicationmanagesites-display-component---NewSite--addressDetailDetailsName1"}]}
RESULT: {"script":"<script> [1562 bytes]","args":[{"selector":{"id":"application-managesites-display-component---NewSite--addressDetailDetailsName1","interaction":{"idSuffix":"inner"}},"wdio_ui5_key":"applicationmanagesites-display-component---NewSite--addressDetailDetailsName1"}]}
RESULT: undefined
COMMAND: POST /session/a57d97dc01d30c0d707ac32c8676cc12/execute/async - {"script":"<script> [776 bytes]","args":[{"enterText":"Intercompany Site wdIO","selector":{"id":"application-managesites-display-component---NewSite--addressDetailDetailsName1","interaction":{"idSuffix":"inner"}},"clearTextFirst":true,"interactionType":"ENTER_TEXT"}]}
RESULT: {"script":"<script> [776 bytes]","args":[{"enterText":"Intercompany Site wdIO","selector":{"id":"application-managesites-display-component---NewSite--addressDetailDetailsName1","interaction":{"idSuffix":"inner"}},"clearTextFirst":true,"interactionType":"ENTER_TEXT"}]}
COMMAND: POST /session/a57d97dc01d30c0d707ac32c8676cc12/execute/async - {"script":"<script> [1562 bytes]","args":[{"selector":{"id":"application-managesites-display-component---NewSite--addressDetailDetailsLanguage-arrow"},"wdio_ui5_key":"applicationmanagesites-display-component---NewSite--addressDetailDetailsLanguage-arrow"}]}
RESULT: {"script":"<script> [1562 bytes]","args":[{"selector":{"id":"application-managesites-display-component---NewSite--addressDetailDetailsLanguage-arrow"},"wdio_ui5_key":"applicationmanagesites-display-component---NewSite--addressDetailDetailsLanguage-arrow"}]}
RESULT: undefined
COMMAND: POST /session/a57d97dc01d30c0d707ac32c8676cc12/element - {"using":"xpath","value":"//*[@id=\"application-managesites-display-component---NewSite--addressDetailDetailsLanguage-arrow\"]"}
RESULT: {"using":"xpath","value":"//*[@id=\"application-managesites-display-component---NewSite--addressDetailDetailsLanguage-arrow\"]"}
COMMAND: POST /session/a57d97dc01d30c0d707ac32c8676cc12/element/f.AA77304496C5C3E35540BF7ABBEF8E02.d.F6452ED28152BCB9D5EBC3AD1166AF4E.e.5802/click - {}
RESULT: {}
COMMAND: POST /session/a57d97dc01d30c0d707ac32c8676cc12/element - {"using":"xpath","value":"//span[contains(text(), \"English\")]"}
COMMAND: GET /session/a57d97dc01d30c0d707ac32c8676cc12/screenshot - {}
RESULT: {"using":"xpath","value":"//span[contains(text(), \"English\")]"}
COMMAND: POST /session/a57d97dc01d30c0d707ac32c8676cc12/element/f.AA77304496C5C3E35540BF7ABBEF8E02.d.F6452ED28152BCB9D5EBC3AD1166AF4E.e.5803/click - {}
RESULT: {}
RESULT: {}
COMMAND: POST /session/a57d97dc01d30c0d707ac32c8676cc12/execute/async - {"script":"<script> [1562 bytes]","args":[{"selector":{"id":"application-managesites-display-component---NewSite--addressDetailDetailsCity1","interaction":{"idSuffix":"inner"}},"wdio_ui5_key":"applicationmanagesites-display-component---NewSite--addressDetailDetailsCity1"}]}
COMMAND: GET /session/a57d97dc01d30c0d707ac32c8676cc12/screenshot - {}
RESULT: {"script":"<script> [1562 bytes]","args":[{"selector":{"id":"application-managesites-display-component---NewSite--addressDetailDetailsCity1","interaction":{"idSuffix":"inner"}},"wdio_ui5_key":"applicationmanagesites-display-component---NewSite--addressDetailDetailsCity1"}]}
RESULT: undefined
COMMAND: POST /session/a57d97dc01d30c0d707ac32c8676cc12/execute/async - {"script":"<script> [776 bytes]","args":[{"enterText":"Rosario","selector":{"id":"application-managesites-display-component---NewSite--addressDetailDetailsCity1","interaction":{"idSuffix":"inner"}},"clearTextFirst":true,"interactionType":"ENTER_TEXT"}]}
RESULT: {}
RESULT: {"script":"<script> [776 bytes]","args":[{"enterText":"Rosario","selector":{"id":"application-managesites-display-component---NewSite--addressDetailDetailsCity1","interaction":{"idSuffix":"inner"}},"clearTextFirst":true,"interactionType":"ENTER_TEXT"}]}
COMMAND: POST /session/a57d97dc01d30c0d707ac32c8676cc12/execute/async - {"script":"<script> [1562 bytes]","args":[{"selector":{"id":"application-managesites-display-component---NewSite--addressDetailDetailsCountry-arrow"},"wdio_ui5_key":"applicationmanagesites-display-component---NewSite--addressDetailDetailsCountry-arrow"}]}
RESULT: {"script":"<script> [1562 bytes]","args":[{"selector":{"id":"application-managesites-display-component---NewSite--addressDetailDetailsCountry-arrow"},"wdio_ui5_key":"applicationmanagesites-display-component---NewSite--addressDetailDetailsCountry-arrow"}]}
RESULT: undefined
COMMAND: POST /session/a57d97dc01d30c0d707ac32c8676cc12/element - {"using":"xpath","value":"//*[@id=\"application-managesites-display-component---NewSite--addressDetailDetailsCountry-arrow\"]"}
RESULT: {"using":"xpath","value":"//*[@id=\"application-managesites-display-component---NewSite--addressDetailDetailsCountry-arrow\"]"}
COMMAND: POST /session/a57d97dc01d30c0d707ac32c8676cc12/element/f.AA77304496C5C3E35540BF7ABBEF8E02.d.F6452ED28152BCB9D5EBC3AD1166AF4E.e.5805/click - {}
RESULT: {}
COMMAND: POST /session/a57d97dc01d30c0d707ac32c8676cc12/element - {"using":"xpath","value":"//span[contains(text(), \"Argentina\")]"}
COMMAND: GET /session/a57d97dc01d30c0d707ac32c8676cc12/screenshot - {}
RESULT: {"using":"xpath","value":"//span[contains(text(), \"Argentina\")]"}
COMMAND: POST /session/a57d97dc01d30c0d707ac32c8676cc12/element/f.AA77304496C5C3E35540BF7ABBEF8E02.d.F6452ED28152BCB9D5EBC3AD1166AF4E.e.5806/click - {}
RESULT: {}
RESULT: {}
COMMAND: GET /session/a57d97dc01d30c0d707ac32c8676cc12/screenshot - {}
RESULT: {}
COMMAND: POST /session/a57d97dc01d30c0d707ac32c8676cc12/execute/async - {"script":"<script> [1562 bytes]","args":[{"selector":{"id":"application-managesites-display-component---NewSite--addressEditDetailsCostObjectCstType-arrow"},"wdio_ui5_key":"applicationmanagesites-display-component---NewSite--addressEditDetailsCostObjectCstType-arrow"}]}
RESULT: {"script":"<script> [1562 bytes]","args":[{"selector":{"id":"application-managesites-display-component---NewSite--addressEditDetailsCostObjectCstType-arrow"},"wdio_ui5_key":"applicationmanagesites-display-component---NewSite--addressEditDetailsCostObjectCstType-arrow"}]}
RESULT: undefined
COMMAND: POST /session/a57d97dc01d30c0d707ac32c8676cc12/element - {"using":"xpath","value":"//*[@id=\"application-managesites-display-component---NewSite--addressEditDetailsCostObjectCstType-arrow\"]"}
RESULT: {"using":"xpath","value":"//*[@id=\"application-managesites-display-component---NewSite--addressEditDetailsCostObjectCstType-arrow\"]"}
COMMAND: POST /session/a57d97dc01d30c0d707ac32c8676cc12/element/f.AA77304496C5C3E35540BF7ABBEF8E02.d.F6452ED28152BCB9D5EBC3AD1166AF4E.e.5808/click - {}
RESULT: {}
COMMAND: POST /session/a57d97dc01d30c0d707ac32c8676cc12/element - {"using":"xpath","value":"//span[contains(text(), \"Cost Center\")]"}
COMMAND: GET /session/a57d97dc01d30c0d707ac32c8676cc12/screenshot - {}
RESULT: {"using":"xpath","value":"//span[contains(text(), \"Cost Center\")]"}
COMMAND: POST /session/a57d97dc01d30c0d707ac32c8676cc12/element/f.AA77304496C5C3E35540BF7ABBEF8E02.d.F6452ED28152BCB9D5EBC3AD1166AF4E.e.5809/click - {}
RESULT: {}
RESULT: {}
COMMAND: GET /session/a57d97dc01d30c0d707ac32c8676cc12/screenshot - {}
RESULT: {}
COMMAND: POST /session/a57d97dc01d30c0d707ac32c8676cc12/element - {"using":"xpath","value":"//span[@id=\"application-managesites-display-component---NewSite--addressNewCostObjectCstID-vhi\"]"}
RESULT: {"using":"xpath","value":"//span[@id=\"application-managesites-display-component---NewSite--addressNewCostObjectCstID-vhi\"]"}
COMMAND: POST /session/a57d97dc01d30c0d707ac32c8676cc12/execute/sync - {"script":"<script> [8489 bytes]","args":[{"element-6066-11e4-a52e-4f735466cecf":"f.AA77304496C5C3E35540BF7ABBEF8E02.d.F6452ED28152BCB9D5EBC3AD1166AF4E.e.5813","ELEMENT":"f.AA77304496C5C3E35540BF7ABBEF8E02.d.F6452ED28152BCB9D5EBC3AD1166AF4E.e.5813"}]}
RESULT: {"script":"<script> [8489 bytes]","args":[{"element-6066-11e4-a52e-4f735466cecf":"f.AA77304496C5C3E35540BF7ABBEF8E02.d.F6452ED28152BCB9D5EBC3AD1166AF4E.e.5813","ELEMENT":"f.AA77304496C5C3E35540BF7ABBEF8E02.d.F6452ED28152BCB9D5EBC3AD1166AF4E.e.5813"}]}
COMMAND: POST /session/a57d97dc01d30c0d707ac32c8676cc12/execute/async - {"script":"<script> [1562 bytes]","args":[{"selector":{"id":"application-managesites-display-component---NewSite--addressNewCostObjectCstID-vhi"},"wdio_ui5_key":"applicationmanagesites-display-component---NewSite--addressNewCostObjectCstID-vhi"}]}
COMMAND: GET /session/a57d97dc01d30c0d707ac32c8676cc12/screenshot - {}
RESULT: {"script":"<script> [1562 bytes]","args":[{"selector":{"id":"application-managesites-display-component---NewSite--addressNewCostObjectCstID-vhi"},"wdio_ui5_key":"applicationmanagesites-display-component---NewSite--addressNewCostObjectCstID-vhi"}]}
RESULT: undefined
COMMAND: POST /session/a57d97dc01d30c0d707ac32c8676cc12/element - {"using":"xpath","value":"//*[@id=\"application-managesites-display-component---NewSite--addressNewCostObjectCstID-vhi\"]"}
RESULT: {}
RESULT: {"using":"xpath","value":"//*[@id=\"application-managesites-display-component---NewSite--addressNewCostObjectCstID-vhi\"]"}
COMMAND: POST /session/a57d97dc01d30c0d707ac32c8676cc12/element/f.AA77304496C5C3E35540BF7ABBEF8E02.d.F6452ED28152BCB9D5EBC3AD1166AF4E.e.5813/click - {}
RESULT: {}
COMMAND: GET /session/a57d97dc01d30c0d707ac32c8676cc12/screenshot - {}
RESULT: {}
RESULT: undefined
COMMAND: POST /session/a57d97dc01d30c0d707ac32c8676cc12/execute/async - {"script":"<script> [776 bytes]","args":[{"enterText":"10001013","selector":{"controlType":"sap.m.SearchField","properties":{"placeholder":"Search"},"searchOpenDialogs":true,"interaction":{"idSuffix":"I"}},"clearTextFirst":true,"interactionType":"ENTER_TEXT"}]}
RESULT: {"script":"<script> [776 bytes]","args":[{"enterText":"10001013","selector":{"controlType":"sap.m.SearchField","properties":{"placeholder":"Search"},"searchOpenDialogs":true,"interaction":{"idSuffix":"I"}},"clearTextFirst":true,"interactionType":"ENTER_TEXT"}]}
COMMAND: POST /session/a57d97dc01d30c0d707ac32c8676cc12/actions - {"actions":[{"id":"action18","type":"key","parameters":{},"actions":[{"type":"keyDown","value":"î€‡"},{"type":"pause","duration":10},{"type":"keyUp","value":"î€‡"}]}]}
RESULT: {"actions":[{"id":"action18","type":"key","parameters":{},"actions":[{"type":"keyDown","value":"î€‡"},{"type":"pause","duration":10},{"type":"keyUp","value":"î€‡"}]}]}
COMMAND: GET /session/a57d97dc01d30c0d707ac32c8676cc12/screenshot - {}
RESULT: {}
COMMAND: POST /session/a57d97dc01d30c0d707ac32c8676cc12/element - {"using":"xpath","value":"//span[contains(text(), \"General Management\")]"}
RESULT: {"using":"xpath","value":"//span[contains(text(), \"General Management\")]"}
COMMAND: POST /session/a57d97dc01d30c0d707ac32c8676cc12/element/f.AA77304496C5C3E35540BF7ABBEF8E02.d.F6452ED28152BCB9D5EBC3AD1166AF4E.e.5852/click - {}
RESULT: {}
COMMAND: GET /session/a57d97dc01d30c0d707ac32c8676cc12/screenshot - {}
RESULT: {}
COMMAND: POST /session/a57d97dc01d30c0d707ac32c8676cc12/element - {"using":"xpath","value":"//bdi[contains(text(), \"OK\")]"}
RESULT: {"using":"xpath","value":"//bdi[contains(text(), \"OK\")]"}
COMMAND: POST /session/a57d97dc01d30c0d707ac32c8676cc12/element/f.AA77304496C5C3E35540BF7ABBEF8E02.d.F6452ED28152BCB9D5EBC3AD1166AF4E.e.5853/click - {}
RESULT: {}
COMMAND: GET /session/a57d97dc01d30c0d707ac32c8676cc12/screenshot - {}
RESULT: {}
COMMAND: POST /session/a57d97dc01d30c0d707ac32c8676cc12/element - {"using":"xpath","value":"//input[@id=\"application-managesites-display-component---NewSite--addressDetailDetailsCalendar-inner\"]"}
RESULT: {"using":"xpath","value":"//input[@id=\"application-managesites-display-component---NewSite--addressDetailDetailsCalendar-inner\"]"}
COMMAND: POST /session/a57d97dc01d30c0d707ac32c8676cc12/element/f.AA77304496C5C3E35540BF7ABBEF8E02.d.F6452ED28152BCB9D5EBC3AD1166AF4E.e.5644/clear - {}
RESULT: {}
COMMAND: POST /session/a57d97dc01d30c0d707ac32c8676cc12/element/f.AA77304496C5C3E35540BF7ABBEF8E02.d.F6452ED28152BCB9D5EBC3AD1166AF4E.e.5644/value - {"text":"Unit"}
COMMAND: GET /session/a57d97dc01d30c0d707ac32c8676cc12/screenshot - {}
RESULT: {"text":"Unit"}
COMMAND: GET /session/a57d97dc01d30c0d707ac32c8676cc12/screenshot - {}
RESULT: {}
RESULT: {}
COMMAND: POST /session/a57d97dc01d30c0d707ac32c8676cc12/actions - {"actions":[{"id":"action19","type":"key","parameters":{},"actions":[{"type":"keyDown","value":"î€‡"},{"type":"pause","duration":10},{"type":"keyUp","value":"î€‡"}]}]}
RESULT: {"actions":[{"id":"action19","type":"key","parameters":{},"actions":[{"type":"keyDown","value":"î€‡"},{"type":"pause","duration":10},{"type":"keyUp","value":"î€‡"}]}]}
COMMAND: POST /session/a57d97dc01d30c0d707ac32c8676cc12/element - {"using":"xpath","value":"//input[@id=\"application-managesites-display-component---NewSite--addressDetailDetailsYard-inner\"]"}
COMMAND: GET /session/a57d97dc01d30c0d707ac32c8676cc12/screenshot - {}
RESULT: {"using":"xpath","value":"//input[@id=\"application-managesites-display-component---NewSite--addressDetailDetailsYard-inner\"]"}
COMMAND: POST /session/a57d97dc01d30c0d707ac32c8676cc12/element/f.AA77304496C5C3E35540BF7ABBEF8E02.d.F6452ED28152BCB9D5EBC3AD1166AF4E.e.5645/clear - {}
RESULT: {}
RESULT: {}
COMMAND: POST /session/a57d97dc01d30c0d707ac32c8676cc12/element/f.AA77304496C5C3E35540BF7ABBEF8E02.d.F6452ED28152BCB9D5EBC3AD1166AF4E.e.5645/value - {"text":"203"}
COMMAND: GET /session/a57d97dc01d30c0d707ac32c8676cc12/screenshot - {}
RESULT: {"text":"203"}
COMMAND: GET /session/a57d97dc01d30c0d707ac32c8676cc12/screenshot - {}
RESULT: {}
RESULT: {}
COMMAND: POST /session/a57d97dc01d30c0d707ac32c8676cc12/element - {"using":"xpath","value":"//li[.//span[text()='203']]"}
RESULT: {"using":"xpath","value":"//li[.//span[text()='203']]"}
COMMAND: POST /session/a57d97dc01d30c0d707ac32c8676cc12/element/f.AA77304496C5C3E35540BF7ABBEF8E02.d.F6452ED28152BCB9D5EBC3AD1166AF4E.e.5861/click - {}
RESULT: {}
COMMAND: GET /session/a57d97dc01d30c0d707ac32c8676cc12/screenshot - {}
RESULT: {}
COMMAND: POST /session/a57d97dc01d30c0d707ac32c8676cc12/element - {"using":"xpath","value":"//input[@id=\"application-managesites-display-component---NewSite--addressDetailDetailsPartner-inner\"]"}
RESULT: {"using":"xpath","value":"//input[@id=\"application-managesites-display-component---NewSite--addressDetailDetailsPartner-inner\"]"}
COMMAND: POST /session/a57d97dc01d30c0d707ac32c8676cc12/element - {"using":"xpath","value":"//input[@id=\"application-managesites-display-component---NewSite--addressDetailDetailsPartner-inner\"]"}
RESULT: {"using":"xpath","value":"//input[@id=\"application-managesites-display-component---NewSite--addressDetailDetailsPartner-inner\"]"}
COMMAND: POST /session/a57d97dc01d30c0d707ac32c8676cc12/element - {"using":"xpath","value":"//button[@data-kt=\"saveButton\"]"}
RESULT: {"using":"xpath","value":"//button[@data-kt=\"saveButton\"]"}
COMMAND: POST /session/a57d97dc01d30c0d707ac32c8676cc12/element/f.AA77304496C5C3E35540BF7ABBEF8E02.d.F6452ED28152BCB9D5EBC3AD1166AF4E.e.5784/click - {}
RESULT: {}
COMMAND: GET /session/a57d97dc01d30c0d707ac32c8676cc12/screenshot - {}
RESULT: {}
COMMAND: POST /session/a57d97dc01d30c0d707ac32c8676cc12/element - {"using":"xpath","value":"//header[contains(@id, 'ObjectPageLayout-headerTitle')]/div[1]/div[2]/div[2]/span[1]"}
RESULT: {"using":"xpath","value":"//header[contains(@id, 'ObjectPageLayout-headerTitle')]/div[1]/div[2]/div[2]/span[1]"}
COMMAND: POST /session/a57d97dc01d30c0d707ac32c8676cc12/elements - {"using":"xpath","value":"//header[contains(@id, 'ObjectPageLayout-headerTitle')]/div[1]/div[2]/div[2]/span[1]"}
RESULT: {"using":"xpath","value":"//header[contains(@id, 'ObjectPageLayout-headerTitle')]/div[1]/div[2]/div[2]/span[1]"}
COMMAND: POST /session/a57d97dc01d30c0d707ac32c8676cc12/execute/sync - {"script":"<script> [56 bytes]","args":[{"element-6066-11e4-a52e-4f735466cecf":"f.AA77304496C5C3E35540BF7ABBEF8E02.d.F6452ED28152BCB9D5EBC3AD1166AF4E.e.6019","ELEMENT":"f.AA77304496C5C3E35540BF7ABBEF8E02.d.F6452ED28152BCB9D5EBC3AD1166AF4E.e.6019"}]}
RESULT: {"script":"<script> [56 bytes]","args":[{"element-6066-11e4-a52e-4f735466cecf":"f.AA77304496C5C3E35540BF7ABBEF8E02.d.F6452ED28152BCB9D5EBC3AD1166AF4E.e.6019","ELEMENT":"f.AA77304496C5C3E35540BF7ABBEF8E02.d.F6452ED28152BCB9D5EBC3AD1166AF4E.e.6019"}]}
COMMAND: POST /session/a57d97dc01d30c0d707ac32c8676cc12/element - {"using":"css selector","value":"#shell-header-logo"}
COMMAND: GET /session/a57d97dc01d30c0d707ac32c8676cc12/screenshot - {}
RESULT: {"using":"css selector","value":"#shell-header-logo"}
COMMAND: POST /session/a57d97dc01d30c0d707ac32c8676cc12/element/f.AA77304496C5C3E35540BF7ABBEF8E02.d.F6452ED28152BCB9D5EBC3AD1166AF4E.e.5237/click - {}
RESULT: {}
RESULT: {}
COMMAND: GET /session/a57d97dc01d30c0d707ac32c8676cc12/screenshot - {}
RESULT: {}
COMMAND: POST /session/a57d97dc01d30c0d707ac32c8676cc12/execute/sync - {"script":"<script> [299 bytes]","args":[["getModel","getResource"]]}
RESULT: {"script":"<script> [299 bytes]","args":[["getModel","getResource"]]}
]]></system-out>
    </testcase>
  </testsuite>
</testsuites>