<?xml version="1.0" encoding="UTF-8"?>
<testsuites tests="10" failures="6" errors="6" skipped="0">
  <testsuite timestamp="2025-05-09T16:39:27" time="303.589" tests="3" failures="3" errors="3" skipped="0">
    <properties>
      <property name="specId" value="0" />
      <property name="suiteName" value="Create and verify Order without Template US127247" />
      <property name="capabilities" value="chrome.136_0_7103_49.windows" />
      <property name="file" value="file:///D:/a/1/s/test/specs/ISC/create-iscorder.spec.js" />
    </properties>
  </testsuite>
  <testsuite timestamp="2025-05-09T16:44:30" time="330.141" tests="5" failures="1" errors="1" skipped="0">
    <properties>
      <property name="specId" value="0" />
      <property name="suiteName" value="Verify smart filtering on ISC orders US116616" />
      <property name="capabilities" value="chrome.136_0_7103_49.windows" />
      <property name="file" value="file:///D:/a/1/s/test/specs/ISC/filter-iscorder.spec.js" />
    </properties>
    <testcase classname="chrome.136_0_7103_49.windows.Verify_smart_filtering_on_ISC_orders_US116616" name="Should filter usign STATUS confirmed" time="62.431">
      <system-out><![CDATA[
RESULT: undefined
COMMAND: POST /session/4b88ddf44cb33aa09b8246c72967e40a/element - {"using":"xpath","value":"//*[@id=\"__tile108\"]"}
COMMAND: GET /session/4b88ddf44cb33aa09b8246c72967e40a/screenshot - {}
RESULT: {"using":"xpath","value":"//*[@id=\"__tile108\"]"}
COMMAND: POST /session/4b88ddf44cb33aa09b8246c72967e40a/element/f.2FEAC0A56692C5257462E0678D2497EF.d.4B8A0731E175D483F4B8ED2C6739DEA4.e.464/click - {}
RESULT: {}
COMMAND: POST /session/4b88ddf44cb33aa09b8246c72967e40a/elements - {"using":"xpath","value":"//span[text()='Error']"}
RESULT: {"using":"xpath","value":"//span[text()='Error']"}
COMMAND: POST /session/4b88ddf44cb33aa09b8246c72967e40a/elements - {"using":"xpath","value":"//*[text()='Close']"}
RESULT: {"using":"xpath","value":"//*[text()='Close']"}
COMMAND: GET /session/4b88ddf44cb33aa09b8246c72967e40a/element/f.2FEAC0A56692C5257462E0678D2497EF.d.4B8A0731E175D483F4B8ED2C6739DEA4.e.563/enabled - {}
RESULT: {}
COMMAND: POST /session/4b88ddf44cb33aa09b8246c72967e40a/execute/sync - {"script":"<script> [8489 bytes]","args":[{"element-6066-11e4-a52e-4f735466cecf":"f.2FEAC0A56692C5257462E0678D2497EF.d.4B8A0731E175D483F4B8ED2C6739DEA4.e.563","ELEMENT":"f.2FEAC0A56692C5257462E0678D2497EF.d.4B8A0731E175D483F4B8ED2C6739DEA4.e.563"}]}
COMMAND: GET /session/4b88ddf44cb33aa09b8246c72967e40a/screenshot - {}
RESULT: {"script":"<script> [8489 bytes]","args":[{"element-6066-11e4-a52e-4f735466cecf":"f.2FEAC0A56692C5257462E0678D2497EF.d.4B8A0731E175D483F4B8ED2C6739DEA4.e.563","ELEMENT":"f.2FEAC0A56692C5257462E0678D2497EF.d.4B8A0731E175D483F4B8ED2C6739DEA4.e.563"}]}
COMMAND: POST /session/4b88ddf44cb33aa09b8246c72967e40a/execute/sync - {"script":"<script> [5351 bytes]","args":[{"element-6066-11e4-a52e-4f735466cecf":"f.2FEAC0A56692C5257462E0678D2497EF.d.4B8A0731E175D483F4B8ED2C6739DEA4.e.563","ELEMENT":"f.2FEAC0A56692C5257462E0678D2497EF.d.4B8A0731E175D483F4B8ED2C6739DEA4.e.563"}]}
COMMAND: GET /session/4b88ddf44cb33aa09b8246c72967e40a/screenshot - {}
RESULT: {}
RESULT: {"script":"<script> [5351 bytes]","args":[{"element-6066-11e4-a52e-4f735466cecf":"f.2FEAC0A56692C5257462E0678D2497EF.d.4B8A0731E175D483F4B8ED2C6739DEA4.e.563","ELEMENT":"f.2FEAC0A56692C5257462E0678D2497EF.d.4B8A0731E175D483F4B8ED2C6739DEA4.e.563"}]}
COMMAND: POST /session/4b88ddf44cb33aa09b8246c72967e40a/element/f.2FEAC0A56692C5257462E0678D2497EF.d.4B8A0731E175D483F4B8ED2C6739DEA4.e.563/click - {}
COMMAND: GET /session/4b88ddf44cb33aa09b8246c72967e40a/screenshot - {}
RESULT: {}
RESULT: {}
COMMAND: POST /session/4b88ddf44cb33aa09b8246c72967e40a/elements - {"using":"xpath","value":"//*[text()='OK']"}
COMMAND: GET /session/4b88ddf44cb33aa09b8246c72967e40a/screenshot - {}
RESULT: {}
RESULT: {"using":"xpath","value":"//*[text()='OK']"}
RESULT: {}
RESULT: undefined
COMMAND: POST /session/4b88ddf44cb33aa09b8246c72967e40a/element - {"using":"xpath","value":"//*[@id=\"__box5-arrow\"]"}
RESULT: {"using":"xpath","value":"//*[@id=\"__box5-arrow\"]"}
COMMAND: POST /session/4b88ddf44cb33aa09b8246c72967e40a/element/f.2FEAC0A56692C5257462E0678D2497EF.d.4B8A0731E175D483F4B8ED2C6739DEA4.e.559/click - {}
RESULT: {}
COMMAND: POST /session/4b88ddf44cb33aa09b8246c72967e40a/execute/async - {"script":"<script> [1562 bytes]","args":[{"selector":{"controlType":"sap.m.StandardListItem","viewName":"etm.portal.ui.iscorders.view.Master","viewId":"application-iscorders-display-component---orderList","properties":{"title":"confirmed"},"searchOpenDialogs":true,"interaction":{"idSuffix":"titleText"}},"wdio_ui5_key":"etmportal.ui.iscorders.view.Mastersap.m.StandardListItem{\"title\":\"confirmed\"}"}]}
COMMAND: GET /session/4b88ddf44cb33aa09b8246c72967e40a/screenshot - {}
RESULT: {"script":"<script> [1562 bytes]","args":[{"selector":{"controlType":"sap.m.StandardListItem","viewName":"etm.portal.ui.iscorders.view.Master","viewId":"application-iscorders-display-component---orderList","properties":{"title":"confirmed"},"searchOpenDialogs":true,"interaction":{"idSuffix":"titleText"}},"wdio_ui5_key":"etmportal.ui.iscorders.view.Mastersap.m.StandardListItem{\"title\":\"confirmed\"}"}]}
RESULT: undefined
COMMAND: POST /session/4b88ddf44cb33aa09b8246c72967e40a/element - {"using":"xpath","value":"//*[@id=\"__item46\"]"}
RESULT: {}
RESULT: {"using":"xpath","value":"//*[@id=\"__item46\"]"}
COMMAND: POST /session/4b88ddf44cb33aa09b8246c72967e40a/element/f.2FEAC0A56692C5257462E0678D2497EF.d.4B8A0731E175D483F4B8ED2C6739DEA4.e.573/click - {}
RESULT: {}
COMMAND: GET /session/4b88ddf44cb33aa09b8246c72967e40a/screenshot - {}
RESULT: {}
RESULT: undefined
RESULT: undefined
COMMAND: POST /session/4b88ddf44cb33aa09b8246c72967e40a/execute/async - {"script":"<script> [6424 bytes]","args":[{"element-6066-11e4-a52e-4f735466cecf":"f.2FEAC0A56692C5257462E0678D2497EF.d.4B8A0731E175D483F4B8ED2C6739DEA4.e.560"},"getItems",[]]}
RESULT: {"script":"<script> [6424 bytes]","args":[{"element-6066-11e4-a52e-4f735466cecf":"f.2FEAC0A56692C5257462E0678D2497EF.d.4B8A0731E175D483F4B8ED2C6739DEA4.e.560"},"getItems",[]]}
RESULT: undefined
COMMAND: POST /session/4b88ddf44cb33aa09b8246c72967e40a/element - {"using":"css selector","value":"#shell-header-logo"}
RESULT: {"using":"css selector","value":"#shell-header-logo"}
COMMAND: POST /session/4b88ddf44cb33aa09b8246c72967e40a/element/f.2FEAC0A56692C5257462E0678D2497EF.d.4B8A0731E175D483F4B8ED2C6739DEA4.e.459/click - {}
RESULT: {}
COMMAND: GET /session/4b88ddf44cb33aa09b8246c72967e40a/screenshot - {}
RESULT: {}
COMMAND: POST /session/4b88ddf44cb33aa09b8246c72967e40a/refresh - {}
RESULT: {}
COMMAND: GET /session/4b88ddf44cb33aa09b8246c72967e40a/screenshot - {}
RESULT: {}
COMMAND: POST /session/4b88ddf44cb33aa09b8246c72967e40a/refresh - {}
RESULT: {}
COMMAND: GET /session/4b88ddf44cb33aa09b8246c72967e40a/screenshot - {}
RESULT: {}
COMMAND: POST /session/4b88ddf44cb33aa09b8246c72967e40a/window/fullscreen - {}
RESULT: {}
COMMAND: POST /session/4b88ddf44cb33aa09b8246c72967e40a/execute/async - {"script":"<script> [189 bytes]","args":[]}
RESULT: {"script":"<script> [189 bytes]","args":[]}
COMMAND: POST /session/4b88ddf44cb33aa09b8246c72967e40a/execute/async - {"script":"<script> [123 bytes]","args":[]}
RESULT: {"script":"<script> [123 bytes]","args":[]}
COMMAND: POST /session/4b88ddf44cb33aa09b8246c72967e40a/timeouts - {"script":"<number>"}
RESULT: {"script":"<number>"}
COMMAND: GET /session/4b88ddf44cb33aa09b8246c72967e40a/timeouts - {}
RESULT: {}
RESULT: undefined
COMMAND: POST /session/4b88ddf44cb33aa09b8246c72967e40a/execute/async - {"script":"<script> [2676 bytes]","args":[]}
RESULT: {"script":"<script> [2676 bytes]","args":[]}
COMMAND: POST /session/4b88ddf44cb33aa09b8246c72967e40a/execute/async - {"script":"<script> [2342 bytes]","args":[{"protocol":"http","hostname":"0.0.0.0","path":"/","capabilities":{"browserName":"chrome","goog:chromeOptions":{"binary":"C:\\Program Files\\Google\\Chrome\\Application\\chrome.exe","args":["--start-maximized"]}},"logLevel":"warn","connectionRetryTimeout":120000,"connectionRetryCount":3,"logLevels":{},"enableDirectConnect":true,"strictSSL":true,"_":"65 more keys: [\"cacheDir\",\"port\",\"requestedCapabilities\",\"automationProtocol\",\"baseUrl\",\"waitforInterval\",\"waitforTimeout\",\"onReload\",\"beforeCommand\",\"afterCommand\",\"rootDir\",\"specs\",\"suites\",\"exclude\",\"groupLogsByTestSpec\",\"excludeDriverLogs\",\"bail\",\"framework\",\"reporters\",\"services\",\"maxInstances\",\"maxInstancesPerCapability\",\"injectGlobals\",\"filesToWatch\",\"execArgv\",\"runnerEnv\",\"runner\",\"shard\",\"specFileRetries\",\"specFileRetriesDelay\",\"specFileRetriesDeferred\",\"reporterSyncInterval\",\"reporterSyncTimeout\",\"cucumberFeaturesWithLineNumbers\",\"autoCompileOpts\",\"mochaOpts\",\"jasmineOpts\",\"cucumberOpts\",\"onPrepare\",\"onWorkerStart\",\"onWorkerEnd\",\"before\",\"beforeSession\",\"beforeSuite\",\"beforeHook\",\"beforeTest\",\"afterTest\",\"afterHook\",\"afterSuite\",\"afterSession\",\"after\",\"onComplete\",\"beforeAssertion\",\"afterAssertion\",\"beforeFeature\",\"beforeScenario\",\"beforeStep\",\"afterStep\",\"afterScenario\",\"afterFeature\",\"_\",\"suite\",\"$0\",\"ignoredWorkerServices\",\"wdi5\"]"}]}
RESULT: {"script":"<script> [2342 bytes]","args":[{"protocol":"http","hostname":"0.0.0.0","path":"/","capabilities":{"browserName":"chrome","goog:chromeOptions":{"binary":"C:\\Program Files\\Google\\Chrome\\Application\\chrome.exe","args":["--start-maximized"]}},"logLevel":"warn","connectionRetryTimeout":120000,"connectionRetryCount":3,"logLevels":{},"enableDirectConnect":true,"strictSSL":true,"_":"65 more keys: [\"cacheDir\",\"port\",\"requestedCapabilities\",\"automationProtocol\",\"baseUrl\",\"waitforInterval\",\"waitforTimeout\",\"onReload\",\"beforeCommand\",\"afterCommand\",\"rootDir\",\"specs\",\"suites\",\"exclude\",\"groupLogsByTestSpec\",\"excludeDriverLogs\",\"bail\",\"framework\",\"reporters\",\"services\",\"maxInstances\",\"maxInstancesPerCapability\",\"injectGlobals\",\"filesToWatch\",\"execArgv\",\"runnerEnv\",\"runner\",\"shard\",\"specFileRetries\",\"specFileRetriesDelay\",\"specFileRetriesDeferred\",\"reporterSyncInterval\",\"reporterSyncTimeout\",\"cucumberFeaturesWithLineNumbers\",\"autoCompileOpts\",\"mochaOpts\",\"jasmineOpts\",\"cucumberOpts\",\"onPrepare\",\"onWorkerStart\",\"onWorkerEnd\",\"before\",\"beforeSession\",\"beforeSuite\",\"beforeHook\",\"beforeTest\",\"afterTest\",\"afterHook\",\"afterSuite\",\"afterSession\",\"after\",\"onComplete\",\"beforeAssertion\",\"afterAssertion\",\"beforeFeature\",\"beforeScenario\",\"beforeStep\",\"afterStep\",\"afterScenario\",\"afterFeature\",\"_\",\"suite\",\"$0\",\"ignoredWorkerServices\",\"wdi5\"]"}]}
COMMAND: POST /session/4b88ddf44cb33aa09b8246c72967e40a/execute/async - {"script":"<script> [21126 bytes]","args":[35000]}
RESULT: {"script":"<script> [21126 bytes]","args":[35000]}
]]></system-out>
    </testcase>
    <testcase classname="chrome.136_0_7103_49.windows.Verify_smart_filtering_on_ISC_orders_US116616" name="Should filter usign STATUS confirm not OK" time="68.798">
      <system-out><![CDATA[
COMMAND: POST /session/4b88ddf44cb33aa09b8246c72967e40a/execute/async - {"script":"<script> [1562 bytes]","args":[{"selector":{"controlType":"sap.m.GenericTile","properties":{"header":"ISC Orders"}},"wdio_ui5_key":"sapm.GenericTile{\"header\":\"ISC Orders\"}"}]}
RESULT: {"script":"<script> [1562 bytes]","args":[{"selector":{"controlType":"sap.m.GenericTile","properties":{"header":"ISC Orders"}},"wdio_ui5_key":"sapm.GenericTile{\"header\":\"ISC Orders\"}"}]}
RESULT: undefined
COMMAND: POST /session/4b88ddf44cb33aa09b8246c72967e40a/element - {"using":"xpath","value":"//*[@id=\"__tile108\"]"}
RESULT: {"using":"xpath","value":"//*[@id=\"__tile108\"]"}
COMMAND: POST /session/4b88ddf44cb33aa09b8246c72967e40a/element/f.2FEAC0A56692C5257462E0678D2497EF.d.316AD08D0919AC0308793B0488F00092.e.908/click - {}
RESULT: {}
COMMAND: GET /session/4b88ddf44cb33aa09b8246c72967e40a/screenshot - {}
RESULT: {}
COMMAND: POST /session/4b88ddf44cb33aa09b8246c72967e40a/elements - {"using":"xpath","value":"//span[text()='Error']"}
RESULT: {"using":"xpath","value":"//span[text()='Error']"}
COMMAND: POST /session/4b88ddf44cb33aa09b8246c72967e40a/elements - {"using":"xpath","value":"//*[text()='Close']"}
RESULT: {"using":"xpath","value":"//*[text()='Close']"}
COMMAND: GET /session/4b88ddf44cb33aa09b8246c72967e40a/element/f.2FEAC0A56692C5257462E0678D2497EF.d.316AD08D0919AC0308793B0488F00092.e.1006/enabled - {}
RESULT: {}
COMMAND: POST /session/4b88ddf44cb33aa09b8246c72967e40a/execute/sync - {"script":"<script> [8489 bytes]","args":[{"element-6066-11e4-a52e-4f735466cecf":"f.2FEAC0A56692C5257462E0678D2497EF.d.316AD08D0919AC0308793B0488F00092.e.1006","ELEMENT":"f.2FEAC0A56692C5257462E0678D2497EF.d.316AD08D0919AC0308793B0488F00092.e.1006"}]}
COMMAND: GET /session/4b88ddf44cb33aa09b8246c72967e40a/screenshot - {}
RESULT: {"script":"<script> [8489 bytes]","args":[{"element-6066-11e4-a52e-4f735466cecf":"f.2FEAC0A56692C5257462E0678D2497EF.d.316AD08D0919AC0308793B0488F00092.e.1006","ELEMENT":"f.2FEAC0A56692C5257462E0678D2497EF.d.316AD08D0919AC0308793B0488F00092.e.1006"}]}
COMMAND: POST /session/4b88ddf44cb33aa09b8246c72967e40a/execute/sync - {"script":"<script> [5351 bytes]","args":[{"element-6066-11e4-a52e-4f735466cecf":"f.2FEAC0A56692C5257462E0678D2497EF.d.316AD08D0919AC0308793B0488F00092.e.1006","ELEMENT":"f.2FEAC0A56692C5257462E0678D2497EF.d.316AD08D0919AC0308793B0488F00092.e.1006"}]}
COMMAND: GET /session/4b88ddf44cb33aa09b8246c72967e40a/screenshot - {}
RESULT: {}
RESULT: {"script":"<script> [5351 bytes]","args":[{"element-6066-11e4-a52e-4f735466cecf":"f.2FEAC0A56692C5257462E0678D2497EF.d.316AD08D0919AC0308793B0488F00092.e.1006","ELEMENT":"f.2FEAC0A56692C5257462E0678D2497EF.d.316AD08D0919AC0308793B0488F00092.e.1006"}]}
COMMAND: POST /session/4b88ddf44cb33aa09b8246c72967e40a/element/f.2FEAC0A56692C5257462E0678D2497EF.d.316AD08D0919AC0308793B0488F00092.e.1006/click - {}
COMMAND: GET /session/4b88ddf44cb33aa09b8246c72967e40a/screenshot - {}
RESULT: {}
RESULT: {}
COMMAND: POST /session/4b88ddf44cb33aa09b8246c72967e40a/elements - {"using":"xpath","value":"//*[text()='OK']"}
COMMAND: GET /session/4b88ddf44cb33aa09b8246c72967e40a/screenshot - {}
RESULT: {}
RESULT: {"using":"xpath","value":"//*[text()='OK']"}
RESULT: {}
COMMAND: POST /session/4b88ddf44cb33aa09b8246c72967e40a/execute/async - {"script":"<script> [1562 bytes]","args":[{"selector":{"controlType":"sap.ui.core.Icon","viewName":"etm.portal.ui.iscorders.view.Master","viewId":"application-iscorders-display-component---orderList","properties":{"src":{"regex":{"source":"slim\\-arrow\\-down"}}},"ancestor":{"controlType":"sap.m.MultiComboBox","viewName":"etm.portal.ui.iscorders.view.Master","viewId":"application-iscorders-display-component---orderList","labelFor":{"text":"Status"}}},"wdio_ui5_key":"etmportal.ui.iscorders.view.Mastersap.ui.core.Icon{\"src\":{\"regex\":{\"source\":\"slim\\\\-arrow\\\\-down\"}}}{\"controlType\":\"sap.m.MultiComboBox\",\"viewName\":\"etm.portal.ui.iscorders.view.Master\",\"viewId\":\"application-iscorders-display-component---orderList\",\"labelFor\":{\"text\":\"Status\"}}"}]}
RESULT: {"script":"<script> [1562 bytes]","args":[{"selector":{"controlType":"sap.ui.core.Icon","viewName":"etm.portal.ui.iscorders.view.Master","viewId":"application-iscorders-display-component---orderList","properties":{"src":{"regex":{"source":"slim\\-arrow\\-down"}}},"ancestor":{"controlType":"sap.m.MultiComboBox","viewName":"etm.portal.ui.iscorders.view.Master","viewId":"application-iscorders-display-component---orderList","labelFor":{"text":"Status"}}},"wdio_ui5_key":"etmportal.ui.iscorders.view.Mastersap.ui.core.Icon{\"src\":{\"regex\":{\"source\":\"slim\\\\-arrow\\\\-down\"}}}{\"controlType\":\"sap.m.MultiComboBox\",\"viewName\":\"etm.portal.ui.iscorders.view.Master\",\"viewId\":\"application-iscorders-display-component---orderList\",\"labelFor\":{\"text\":\"Status\"}}"}]}
RESULT: undefined
COMMAND: POST /session/4b88ddf44cb33aa09b8246c72967e40a/element - {"using":"xpath","value":"//*[@id=\"__box4-arrow\"]"}
RESULT: {"using":"xpath","value":"//*[@id=\"__box4-arrow\"]"}
COMMAND: POST /session/4b88ddf44cb33aa09b8246c72967e40a/element/f.2FEAC0A56692C5257462E0678D2497EF.d.316AD08D0919AC0308793B0488F00092.e.1007/click - {}
RESULT: {}
COMMAND: POST /session/4b88ddf44cb33aa09b8246c72967e40a/execute/async - {"script":"<script> [1562 bytes]","args":[{"selector":{"controlType":"sap.m.StandardListItem","viewName":"etm.portal.ui.iscorders.view.Master","viewId":"application-iscorders-display-component---orderList","properties":{"title":"confirm - not OK"},"searchOpenDialogs":true,"interaction":{"idSuffix":"titleText"}},"wdio_ui5_key":"etmportal.ui.iscorders.view.Mastersap.m.StandardListItem{\"title\":\"confirm - not OK\"}"}]}
COMMAND: GET /session/4b88ddf44cb33aa09b8246c72967e40a/screenshot - {}
RESULT: {"script":"<script> [1562 bytes]","args":[{"selector":{"controlType":"sap.m.StandardListItem","viewName":"etm.portal.ui.iscorders.view.Master","viewId":"application-iscorders-display-component---orderList","properties":{"title":"confirm - not OK"},"searchOpenDialogs":true,"interaction":{"idSuffix":"titleText"}},"wdio_ui5_key":"etmportal.ui.iscorders.view.Mastersap.m.StandardListItem{\"title\":\"confirm - not OK\"}"}]}
RESULT: undefined
RESULT: {}
COMMAND: POST /session/4b88ddf44cb33aa09b8246c72967e40a/execute/async - {"script":"<script> [1562 bytes]","args":[{"selector":{"controlType":"sap.m.Button","properties":{"text":"OK"},"searchOpenDialogs":true,"ancestor":{"controlType":"sap.m.Dialog","properties":{"icon":"sap-icon://alert"},"searchOpenDialogs":true},"interaction":{"idSuffix":"inner"}},"wdio_ui5_key":"sapm.Button{\"text\":\"OK\"}{\"controlType\":\"sap.m.Dialog\",\"properties\":{\"icon\":\"sap-icon://alert\"},\"searchOpenDialogs\":true}"}]}
RESULT: {"script":"<script> [1562 bytes]","args":[{"selector":{"controlType":"sap.m.Button","properties":{"text":"OK"},"searchOpenDialogs":true,"ancestor":{"controlType":"sap.m.Dialog","properties":{"icon":"sap-icon://alert"},"searchOpenDialogs":true},"interaction":{"idSuffix":"inner"}},"wdio_ui5_key":"sapm.Button{\"text\":\"OK\"}{\"controlType\":\"sap.m.Dialog\",\"properties\":{\"icon\":\"sap-icon://alert\"},\"searchOpenDialogs\":true}"}]}
RESULT: undefined
COMMAND: POST /session/4b88ddf44cb33aa09b8246c72967e40a/execute/async - {"script":"<script> [1562 bytes]","args":[{"selector":{"controlType":"sap.ui.comp.smarttable.SmartTable","viewName":"etm.portal.ui.iscorders.view.Master","id":"application-iscorders-display-component---orderList--smartTable"},"wdio_ui5_key":"applicationiscorders-display-component---orderList--smartTableetm.portal.ui.iscorders.view.Mastersap.ui.comp.smarttable.SmartTable"}]}
RESULT: {"script":"<script> [1562 bytes]","args":[{"selector":{"controlType":"sap.ui.comp.smarttable.SmartTable","viewName":"etm.portal.ui.iscorders.view.Master","id":"application-iscorders-display-component---orderList--smartTable"},"wdio_ui5_key":"applicationiscorders-display-component---orderList--smartTableetm.portal.ui.iscorders.view.Mastersap.ui.comp.smarttable.SmartTable"}]}
RESULT: undefined
COMMAND: POST /session/4b88ddf44cb33aa09b8246c72967e40a/execute/async - {"script":"<script> [6424 bytes]","args":[{"element-6066-11e4-a52e-4f735466cecf":"f.2FEAC0A56692C5257462E0678D2497EF.d.316AD08D0919AC0308793B0488F00092.e.1016"},"getItems",[]]}
RESULT: {"script":"<script> [6424 bytes]","args":[{"element-6066-11e4-a52e-4f735466cecf":"f.2FEAC0A56692C5257462E0678D2497EF.d.316AD08D0919AC0308793B0488F00092.e.1016"},"getItems",[]]}
COMMAND: POST /session/4b88ddf44cb33aa09b8246c72967e40a/execute/async - {"script":"<script> [1562 bytes]","args":[{"wdio_ui5_key":"application-iscorders-display-component---orderList--customOrdersTable","selector":{"id":"application-iscorders-display-component---orderList--customOrdersTable"}}]}
RESULT: {"script":"<script> [1562 bytes]","args":[{"wdio_ui5_key":"application-iscorders-display-component---orderList--customOrdersTable","selector":{"id":"application-iscorders-display-component---orderList--customOrdersTable"}}]}
RESULT: undefined
COMMAND: POST /session/4b88ddf44cb33aa09b8246c72967e40a/element - {"using":"css selector","value":"#shell-header-logo"}
RESULT: {"using":"css selector","value":"#shell-header-logo"}
COMMAND: POST /session/4b88ddf44cb33aa09b8246c72967e40a/element/f.2FEAC0A56692C5257462E0678D2497EF.d.316AD08D0919AC0308793B0488F00092.e.911/click - {}
RESULT: {}
COMMAND: GET /session/4b88ddf44cb33aa09b8246c72967e40a/screenshot - {}
RESULT: {}
COMMAND: POST /session/4b88ddf44cb33aa09b8246c72967e40a/refresh - {}
RESULT: {}
COMMAND: GET /session/4b88ddf44cb33aa09b8246c72967e40a/screenshot - {}
RESULT: {}
COMMAND: POST /session/4b88ddf44cb33aa09b8246c72967e40a/refresh - {}
RESULT: {}
COMMAND: GET /session/4b88ddf44cb33aa09b8246c72967e40a/screenshot - {}
RESULT: {}
COMMAND: POST /session/4b88ddf44cb33aa09b8246c72967e40a/window/fullscreen - {}
RESULT: {}
COMMAND: POST /session/4b88ddf44cb33aa09b8246c72967e40a/execute/async - {"script":"<script> [189 bytes]","args":[]}
RESULT: {"script":"<script> [189 bytes]","args":[]}
COMMAND: POST /session/4b88ddf44cb33aa09b8246c72967e40a/execute/async - {"script":"<script> [123 bytes]","args":[]}
RESULT: {"script":"<script> [123 bytes]","args":[]}
COMMAND: POST /session/4b88ddf44cb33aa09b8246c72967e40a/timeouts - {"script":"<number>"}
RESULT: {"script":"<number>"}
COMMAND: GET /session/4b88ddf44cb33aa09b8246c72967e40a/timeouts - {}
RESULT: {}
RESULT: undefined
COMMAND: POST /session/4b88ddf44cb33aa09b8246c72967e40a/execute/async - {"script":"<script> [2676 bytes]","args":[]}
RESULT: {"script":"<script> [2676 bytes]","args":[]}
COMMAND: POST /session/4b88ddf44cb33aa09b8246c72967e40a/execute/async - {"script":"<script> [2342 bytes]","args":[{"protocol":"http","hostname":"0.0.0.0","path":"/","capabilities":{"browserName":"chrome","goog:chromeOptions":{"binary":"C:\\Program Files\\Google\\Chrome\\Application\\chrome.exe","args":["--start-maximized"]}},"logLevel":"warn","connectionRetryTimeout":120000,"connectionRetryCount":3,"logLevels":{},"enableDirectConnect":true,"strictSSL":true,"_":"65 more keys: [\"cacheDir\",\"port\",\"requestedCapabilities\",\"automationProtocol\",\"baseUrl\",\"waitforInterval\",\"waitforTimeout\",\"onReload\",\"beforeCommand\",\"afterCommand\",\"rootDir\",\"specs\",\"suites\",\"exclude\",\"groupLogsByTestSpec\",\"excludeDriverLogs\",\"bail\",\"framework\",\"reporters\",\"services\",\"maxInstances\",\"maxInstancesPerCapability\",\"injectGlobals\",\"filesToWatch\",\"execArgv\",\"runnerEnv\",\"runner\",\"shard\",\"specFileRetries\",\"specFileRetriesDelay\",\"specFileRetriesDeferred\",\"reporterSyncInterval\",\"reporterSyncTimeout\",\"cucumberFeaturesWithLineNumbers\",\"autoCompileOpts\",\"mochaOpts\",\"jasmineOpts\",\"cucumberOpts\",\"onPrepare\",\"onWorkerStart\",\"onWorkerEnd\",\"before\",\"beforeSession\",\"beforeSuite\",\"beforeHook\",\"beforeTest\",\"afterTest\",\"afterHook\",\"afterSuite\",\"afterSession\",\"after\",\"onComplete\",\"beforeAssertion\",\"afterAssertion\",\"beforeFeature\",\"beforeScenario\",\"beforeStep\",\"afterStep\",\"afterScenario\",\"afterFeature\",\"_\",\"suite\",\"$0\",\"ignoredWorkerServices\",\"wdi5\"]"}]}
RESULT: {"script":"<script> [2342 bytes]","args":[{"protocol":"http","hostname":"0.0.0.0","path":"/","capabilities":{"browserName":"chrome","goog:chromeOptions":{"binary":"C:\\Program Files\\Google\\Chrome\\Application\\chrome.exe","args":["--start-maximized"]}},"logLevel":"warn","connectionRetryTimeout":120000,"connectionRetryCount":3,"logLevels":{},"enableDirectConnect":true,"strictSSL":true,"_":"65 more keys: [\"cacheDir\",\"port\",\"requestedCapabilities\",\"automationProtocol\",\"baseUrl\",\"waitforInterval\",\"waitforTimeout\",\"onReload\",\"beforeCommand\",\"afterCommand\",\"rootDir\",\"specs\",\"suites\",\"exclude\",\"groupLogsByTestSpec\",\"excludeDriverLogs\",\"bail\",\"framework\",\"reporters\",\"services\",\"maxInstances\",\"maxInstancesPerCapability\",\"injectGlobals\",\"filesToWatch\",\"execArgv\",\"runnerEnv\",\"runner\",\"shard\",\"specFileRetries\",\"specFileRetriesDelay\",\"specFileRetriesDeferred\",\"reporterSyncInterval\",\"reporterSyncTimeout\",\"cucumberFeaturesWithLineNumbers\",\"autoCompileOpts\",\"mochaOpts\",\"jasmineOpts\",\"cucumberOpts\",\"onPrepare\",\"onWorkerStart\",\"onWorkerEnd\",\"before\",\"beforeSession\",\"beforeSuite\",\"beforeHook\",\"beforeTest\",\"afterTest\",\"afterHook\",\"afterSuite\",\"afterSession\",\"after\",\"onComplete\",\"beforeAssertion\",\"afterAssertion\",\"beforeFeature\",\"beforeScenario\",\"beforeStep\",\"afterStep\",\"afterScenario\",\"afterFeature\",\"_\",\"suite\",\"$0\",\"ignoredWorkerServices\",\"wdi5\"]"}]}
COMMAND: POST /session/4b88ddf44cb33aa09b8246c72967e40a/execute/async - {"script":"<script> [21126 bytes]","args":[35000]}
RESULT: {"script":"<script> [21126 bytes]","args":[35000]}
]]></system-out>
    </testcase>
    <testcase classname="chrome.136_0_7103_49.windows.Verify_smart_filtering_on_ISC_orders_US116616" name="Should filter usign STATUS canceled" time="72.399">
      <system-out><![CDATA[
COMMAND: POST /session/4b88ddf44cb33aa09b8246c72967e40a/execute/async - {"script":"<script> [1562 bytes]","args":[{"selector":{"controlType":"sap.m.GenericTile","properties":{"header":"ISC Orders"}},"wdio_ui5_key":"sapm.GenericTile{\"header\":\"ISC Orders\"}"}]}
RESULT: {"script":"<script> [1562 bytes]","args":[{"selector":{"controlType":"sap.m.GenericTile","properties":{"header":"ISC Orders"}},"wdio_ui5_key":"sapm.GenericTile{\"header\":\"ISC Orders\"}"}]}
RESULT: undefined
COMMAND: POST /session/4b88ddf44cb33aa09b8246c72967e40a/element - {"using":"xpath","value":"//*[@id=\"__tile108\"]"}
RESULT: {"using":"xpath","value":"//*[@id=\"__tile108\"]"}
COMMAND: POST /session/4b88ddf44cb33aa09b8246c72967e40a/element/f.2FEAC0A56692C5257462E0678D2497EF.d.EDE3F84FA61877CFB95060634D597726.e.1167/click - {}
RESULT: {}
COMMAND: GET /session/4b88ddf44cb33aa09b8246c72967e40a/screenshot - {}
RESULT: {}
COMMAND: POST /session/4b88ddf44cb33aa09b8246c72967e40a/elements - {"using":"xpath","value":"//span[text()='Error']"}
RESULT: {"using":"xpath","value":"//span[text()='Error']"}
COMMAND: POST /session/4b88ddf44cb33aa09b8246c72967e40a/elements - {"using":"xpath","value":"//*[text()='Close']"}
RESULT: {"using":"xpath","value":"//*[text()='Close']"}
COMMAND: GET /session/4b88ddf44cb33aa09b8246c72967e40a/element/f.2FEAC0A56692C5257462E0678D2497EF.d.EDE3F84FA61877CFB95060634D597726.e.1265/enabled - {}
RESULT: {}
COMMAND: POST /session/4b88ddf44cb33aa09b8246c72967e40a/execute/sync - {"script":"<script> [8489 bytes]","args":[{"element-6066-11e4-a52e-4f735466cecf":"f.2FEAC0A56692C5257462E0678D2497EF.d.EDE3F84FA61877CFB95060634D597726.e.1265","ELEMENT":"f.2FEAC0A56692C5257462E0678D2497EF.d.EDE3F84FA61877CFB95060634D597726.e.1265"}]}
COMMAND: GET /session/4b88ddf44cb33aa09b8246c72967e40a/screenshot - {}
RESULT: {"script":"<script> [8489 bytes]","args":[{"element-6066-11e4-a52e-4f735466cecf":"f.2FEAC0A56692C5257462E0678D2497EF.d.EDE3F84FA61877CFB95060634D597726.e.1265","ELEMENT":"f.2FEAC0A56692C5257462E0678D2497EF.d.EDE3F84FA61877CFB95060634D597726.e.1265"}]}
COMMAND: POST /session/4b88ddf44cb33aa09b8246c72967e40a/execute/sync - {"script":"<script> [5351 bytes]","args":[{"element-6066-11e4-a52e-4f735466cecf":"f.2FEAC0A56692C5257462E0678D2497EF.d.EDE3F84FA61877CFB95060634D597726.e.1265","ELEMENT":"f.2FEAC0A56692C5257462E0678D2497EF.d.EDE3F84FA61877CFB95060634D597726.e.1265"}]}
COMMAND: GET /session/4b88ddf44cb33aa09b8246c72967e40a/screenshot - {}
RESULT: {}
RESULT: {"script":"<script> [5351 bytes]","args":[{"element-6066-11e4-a52e-4f735466cecf":"f.2FEAC0A56692C5257462E0678D2497EF.d.EDE3F84FA61877CFB95060634D597726.e.1265","ELEMENT":"f.2FEAC0A56692C5257462E0678D2497EF.d.EDE3F84FA61877CFB95060634D597726.e.1265"}]}
COMMAND: POST /session/4b88ddf44cb33aa09b8246c72967e40a/element/f.2FEAC0A56692C5257462E0678D2497EF.d.EDE3F84FA61877CFB95060634D597726.e.1265/click - {}
COMMAND: GET /session/4b88ddf44cb33aa09b8246c72967e40a/screenshot - {}
RESULT: {}
RESULT: {}
COMMAND: POST /session/4b88ddf44cb33aa09b8246c72967e40a/elements - {"using":"xpath","value":"//*[text()='OK']"}
COMMAND: GET /session/4b88ddf44cb33aa09b8246c72967e40a/screenshot - {}
RESULT: {}
RESULT: {"using":"xpath","value":"//*[text()='OK']"}
RESULT: {}
COMMAND: POST /session/4b88ddf44cb33aa09b8246c72967e40a/execute/async - {"script":"<script> [1562 bytes]","args":[{"selector":{"controlType":"sap.ui.core.Icon","viewName":"etm.portal.ui.iscorders.view.Master","viewId":"application-iscorders-display-component---orderList","properties":{"src":{"regex":{"source":"slim\\-arrow\\-down"}}},"ancestor":{"controlType":"sap.m.MultiComboBox","viewName":"etm.portal.ui.iscorders.view.Master","viewId":"application-iscorders-display-component---orderList","labelFor":{"text":"Status"}}},"wdio_ui5_key":"etmportal.ui.iscorders.view.Mastersap.ui.core.Icon{\"src\":{\"regex\":{\"source\":\"slim\\\\-arrow\\\\-down\"}}}{\"controlType\":\"sap.m.MultiComboBox\",\"viewName\":\"etm.portal.ui.iscorders.view.Master\",\"viewId\":\"application-iscorders-display-component---orderList\",\"labelFor\":{\"text\":\"Status\"}}"}]}
RESULT: {"script":"<script> [1562 bytes]","args":[{"selector":{"controlType":"sap.ui.core.Icon","viewName":"etm.portal.ui.iscorders.view.Master","viewId":"application-iscorders-display-component---orderList","properties":{"src":{"regex":{"source":"slim\\-arrow\\-down"}}},"ancestor":{"controlType":"sap.m.MultiComboBox","viewName":"etm.portal.ui.iscorders.view.Master","viewId":"application-iscorders-display-component---orderList","labelFor":{"text":"Status"}}},"wdio_ui5_key":"etmportal.ui.iscorders.view.Mastersap.ui.core.Icon{\"src\":{\"regex\":{\"source\":\"slim\\\\-arrow\\\\-down\"}}}{\"controlType\":\"sap.m.MultiComboBox\",\"viewName\":\"etm.portal.ui.iscorders.view.Master\",\"viewId\":\"application-iscorders-display-component---orderList\",\"labelFor\":{\"text\":\"Status\"}}"}]}
RESULT: undefined
COMMAND: POST /session/4b88ddf44cb33aa09b8246c72967e40a/element - {"using":"xpath","value":"//*[@id=\"__box4-arrow\"]"}
RESULT: {"using":"xpath","value":"//*[@id=\"__box4-arrow\"]"}
COMMAND: POST /session/4b88ddf44cb33aa09b8246c72967e40a/element/f.2FEAC0A56692C5257462E0678D2497EF.d.EDE3F84FA61877CFB95060634D597726.e.1268/click - {}
RESULT: {}
COMMAND: POST /session/4b88ddf44cb33aa09b8246c72967e40a/execute/async - {"script":"<script> [1562 bytes]","args":[{"selector":{"controlType":"sap.m.StandardListItem","viewName":"etm.portal.ui.iscorders.view.Master","viewId":"application-iscorders-display-component---orderList","properties":{"title":"canceled"},"searchOpenDialogs":true,"interaction":{"idSuffix":"titleText"}},"wdio_ui5_key":"etmportal.ui.iscorders.view.Mastersap.m.StandardListItem{\"title\":\"canceled\"}"}]}
COMMAND: GET /session/4b88ddf44cb33aa09b8246c72967e40a/screenshot - {}
RESULT: {"script":"<script> [1562 bytes]","args":[{"selector":{"controlType":"sap.m.StandardListItem","viewName":"etm.portal.ui.iscorders.view.Master","viewId":"application-iscorders-display-component---orderList","properties":{"title":"canceled"},"searchOpenDialogs":true,"interaction":{"idSuffix":"titleText"}},"wdio_ui5_key":"etmportal.ui.iscorders.view.Mastersap.m.StandardListItem{\"title\":\"canceled\"}"}]}
RESULT: undefined
COMMAND: POST /session/4b88ddf44cb33aa09b8246c72967e40a/element - {"using":"xpath","value":"//*[@id=\"__item46\"]"}
RESULT: {}
RESULT: {"using":"xpath","value":"//*[@id=\"__item46\"]"}
COMMAND: POST /session/4b88ddf44cb33aa09b8246c72967e40a/element/f.2FEAC0A56692C5257462E0678D2497EF.d.EDE3F84FA61877CFB95060634D597726.e.1276/click - {}
RESULT: {}
COMMAND: GET /session/4b88ddf44cb33aa09b8246c72967e40a/screenshot - {}
RESULT: {}
COMMAND: POST /session/4b88ddf44cb33aa09b8246c72967e40a/execute/async - {"script":"<script> [1562 bytes]","args":[{"selector":{"controlType":"sap.m.Button","properties":{"text":"OK"},"searchOpenDialogs":true,"ancestor":{"controlType":"sap.m.Dialog","properties":{"icon":"sap-icon://alert"},"searchOpenDialogs":true},"interaction":{"idSuffix":"inner"}},"wdio_ui5_key":"sapm.Button{\"text\":\"OK\"}{\"controlType\":\"sap.m.Dialog\",\"properties\":{\"icon\":\"sap-icon://alert\"},\"searchOpenDialogs\":true}"}]}
RESULT: {"script":"<script> [1562 bytes]","args":[{"selector":{"controlType":"sap.m.Button","properties":{"text":"OK"},"searchOpenDialogs":true,"ancestor":{"controlType":"sap.m.Dialog","properties":{"icon":"sap-icon://alert"},"searchOpenDialogs":true},"interaction":{"idSuffix":"inner"}},"wdio_ui5_key":"sapm.Button{\"text\":\"OK\"}{\"controlType\":\"sap.m.Dialog\",\"properties\":{\"icon\":\"sap-icon://alert\"},\"searchOpenDialogs\":true}"}]}
RESULT: undefined
COMMAND: POST /session/4b88ddf44cb33aa09b8246c72967e40a/execute/async - {"script":"<script> [1562 bytes]","args":[{"selector":{"controlType":"sap.ui.comp.smarttable.SmartTable","viewName":"etm.portal.ui.iscorders.view.Master","id":"application-iscorders-display-component---orderList--smartTable"},"wdio_ui5_key":"applicationiscorders-display-component---orderList--smartTableetm.portal.ui.iscorders.view.Mastersap.ui.comp.smarttable.SmartTable"}]}
RESULT: {"script":"<script> [1562 bytes]","args":[{"selector":{"controlType":"sap.ui.comp.smarttable.SmartTable","viewName":"etm.portal.ui.iscorders.view.Master","id":"application-iscorders-display-component---orderList--smartTable"},"wdio_ui5_key":"applicationiscorders-display-component---orderList--smartTableetm.portal.ui.iscorders.view.Mastersap.ui.comp.smarttable.SmartTable"}]}
RESULT: undefined
COMMAND: POST /session/4b88ddf44cb33aa09b8246c72967e40a/execute/async - {"script":"<script> [6424 bytes]","args":[{"element-6066-11e4-a52e-4f735466cecf":"f.2FEAC0A56692C5257462E0678D2497EF.d.EDE3F84FA61877CFB95060634D597726.e.1317"},"getItems",[]]}
RESULT: {"script":"<script> [6424 bytes]","args":[{"element-6066-11e4-a52e-4f735466cecf":"f.2FEAC0A56692C5257462E0678D2497EF.d.EDE3F84FA61877CFB95060634D597726.e.1317"},"getItems",[]]}
COMMAND: POST /session/4b88ddf44cb33aa09b8246c72967e40a/execute/async - {"script":"<script> [1562 bytes]","args":[{"wdio_ui5_key":"application-iscorders-display-component---orderList--customOrdersTable","selector":{"id":"application-iscorders-display-component---orderList--customOrdersTable"}}]}
RESULT: {"script":"<script> [1562 bytes]","args":[{"wdio_ui5_key":"application-iscorders-display-component---orderList--customOrdersTable","selector":{"id":"application-iscorders-display-component---orderList--customOrdersTable"}}]}
RESULT: undefined
COMMAND: POST /session/4b88ddf44cb33aa09b8246c72967e40a/element - {"using":"css selector","value":"#shell-header-logo"}
RESULT: {"using":"css selector","value":"#shell-header-logo"}
COMMAND: POST /session/4b88ddf44cb33aa09b8246c72967e40a/element/f.2FEAC0A56692C5257462E0678D2497EF.d.EDE3F84FA61877CFB95060634D597726.e.1171/click - {}
RESULT: {}
COMMAND: GET /session/4b88ddf44cb33aa09b8246c72967e40a/screenshot - {}
RESULT: {}
COMMAND: POST /session/4b88ddf44cb33aa09b8246c72967e40a/refresh - {}
RESULT: {}
COMMAND: GET /session/4b88ddf44cb33aa09b8246c72967e40a/screenshot - {}
RESULT: {}
COMMAND: POST /session/4b88ddf44cb33aa09b8246c72967e40a/refresh - {}
RESULT: {}
COMMAND: GET /session/4b88ddf44cb33aa09b8246c72967e40a/screenshot - {}
RESULT: {}
COMMAND: POST /session/4b88ddf44cb33aa09b8246c72967e40a/window/fullscreen - {}
RESULT: {}
COMMAND: POST /session/4b88ddf44cb33aa09b8246c72967e40a/execute/async - {"script":"<script> [189 bytes]","args":[]}
RESULT: {"script":"<script> [189 bytes]","args":[]}
COMMAND: POST /session/4b88ddf44cb33aa09b8246c72967e40a/execute/async - {"script":"<script> [123 bytes]","args":[]}
RESULT: {"script":"<script> [123 bytes]","args":[]}
COMMAND: POST /session/4b88ddf44cb33aa09b8246c72967e40a/timeouts - {"script":"<number>"}
RESULT: {"script":"<number>"}
COMMAND: GET /session/4b88ddf44cb33aa09b8246c72967e40a/timeouts - {}
RESULT: {}
RESULT: undefined
COMMAND: POST /session/4b88ddf44cb33aa09b8246c72967e40a/execute/async - {"script":"<script> [2676 bytes]","args":[]}
RESULT: {"script":"<script> [2676 bytes]","args":[]}
COMMAND: POST /session/4b88ddf44cb33aa09b8246c72967e40a/execute/async - {"script":"<script> [2342 bytes]","args":[{"protocol":"http","hostname":"0.0.0.0","path":"/","capabilities":{"browserName":"chrome","goog:chromeOptions":{"binary":"C:\\Program Files\\Google\\Chrome\\Application\\chrome.exe","args":["--start-maximized"]}},"logLevel":"warn","connectionRetryTimeout":120000,"connectionRetryCount":3,"logLevels":{},"enableDirectConnect":true,"strictSSL":true,"_":"65 more keys: [\"cacheDir\",\"port\",\"requestedCapabilities\",\"automationProtocol\",\"baseUrl\",\"waitforInterval\",\"waitforTimeout\",\"onReload\",\"beforeCommand\",\"afterCommand\",\"rootDir\",\"specs\",\"suites\",\"exclude\",\"groupLogsByTestSpec\",\"excludeDriverLogs\",\"bail\",\"framework\",\"reporters\",\"services\",\"maxInstances\",\"maxInstancesPerCapability\",\"injectGlobals\",\"filesToWatch\",\"execArgv\",\"runnerEnv\",\"runner\",\"shard\",\"specFileRetries\",\"specFileRetriesDelay\",\"specFileRetriesDeferred\",\"reporterSyncInterval\",\"reporterSyncTimeout\",\"cucumberFeaturesWithLineNumbers\",\"autoCompileOpts\",\"mochaOpts\",\"jasmineOpts\",\"cucumberOpts\",\"onPrepare\",\"onWorkerStart\",\"onWorkerEnd\",\"before\",\"beforeSession\",\"beforeSuite\",\"beforeHook\",\"beforeTest\",\"afterTest\",\"afterHook\",\"afterSuite\",\"afterSession\",\"after\",\"onComplete\",\"beforeAssertion\",\"afterAssertion\",\"beforeFeature\",\"beforeScenario\",\"beforeStep\",\"afterStep\",\"afterScenario\",\"afterFeature\",\"_\",\"suite\",\"$0\",\"ignoredWorkerServices\",\"wdi5\"]"}]}
RESULT: {"script":"<script> [2342 bytes]","args":[{"protocol":"http","hostname":"0.0.0.0","path":"/","capabilities":{"browserName":"chrome","goog:chromeOptions":{"binary":"C:\\Program Files\\Google\\Chrome\\Application\\chrome.exe","args":["--start-maximized"]}},"logLevel":"warn","connectionRetryTimeout":120000,"connectionRetryCount":3,"logLevels":{},"enableDirectConnect":true,"strictSSL":true,"_":"65 more keys: [\"cacheDir\",\"port\",\"requestedCapabilities\",\"automationProtocol\",\"baseUrl\",\"waitforInterval\",\"waitforTimeout\",\"onReload\",\"beforeCommand\",\"afterCommand\",\"rootDir\",\"specs\",\"suites\",\"exclude\",\"groupLogsByTestSpec\",\"excludeDriverLogs\",\"bail\",\"framework\",\"reporters\",\"services\",\"maxInstances\",\"maxInstancesPerCapability\",\"injectGlobals\",\"filesToWatch\",\"execArgv\",\"runnerEnv\",\"runner\",\"shard\",\"specFileRetries\",\"specFileRetriesDelay\",\"specFileRetriesDeferred\",\"reporterSyncInterval\",\"reporterSyncTimeout\",\"cucumberFeaturesWithLineNumbers\",\"autoCompileOpts\",\"mochaOpts\",\"jasmineOpts\",\"cucumberOpts\",\"onPrepare\",\"onWorkerStart\",\"onWorkerEnd\",\"before\",\"beforeSession\",\"beforeSuite\",\"beforeHook\",\"beforeTest\",\"afterTest\",\"afterHook\",\"afterSuite\",\"afterSession\",\"after\",\"onComplete\",\"beforeAssertion\",\"afterAssertion\",\"beforeFeature\",\"beforeScenario\",\"beforeStep\",\"afterStep\",\"afterScenario\",\"afterFeature\",\"_\",\"suite\",\"$0\",\"ignoredWorkerServices\",\"wdi5\"]"}]}
COMMAND: POST /session/4b88ddf44cb33aa09b8246c72967e40a/execute/async - {"script":"<script> [21126 bytes]","args":[35000]}
RESULT: {"script":"<script> [21126 bytes]","args":[35000]}
]]></system-out>
    </testcase>
    <testcase classname="chrome.136_0_7103_49.windows.Verify_smart_filtering_on_ISC_orders_US116616" name="Should filter usign STATUS released" time="38.414">
      <system-out><![CDATA[
COMMAND: POST /session/4b88ddf44cb33aa09b8246c72967e40a/execute/async - {"script":"<script> [1562 bytes]","args":[{"selector":{"controlType":"sap.m.GenericTile","properties":{"header":"ISC Orders"}},"wdio_ui5_key":"sapm.GenericTile{\"header\":\"ISC Orders\"}"}]}
RESULT: {"script":"<script> [1562 bytes]","args":[{"selector":{"controlType":"sap.m.GenericTile","properties":{"header":"ISC Orders"}},"wdio_ui5_key":"sapm.GenericTile{\"header\":\"ISC Orders\"}"}]}
RESULT: undefined
COMMAND: POST /session/4b88ddf44cb33aa09b8246c72967e40a/element - {"using":"xpath","value":"//*[@id=\"__tile108\"]"}
RESULT: {"using":"xpath","value":"//*[@id=\"__tile108\"]"}
COMMAND: POST /session/4b88ddf44cb33aa09b8246c72967e40a/element/f.2FEAC0A56692C5257462E0678D2497EF.d.7E977976DF8A4BA3146F39EE411520EC.e.1465/click - {}
RESULT: {}
COMMAND: GET /session/4b88ddf44cb33aa09b8246c72967e40a/screenshot - {}
RESULT: {}
COMMAND: POST /session/4b88ddf44cb33aa09b8246c72967e40a/elements - {"using":"xpath","value":"//span[text()='Error']"}
RESULT: {"using":"xpath","value":"//span[text()='Error']"}
COMMAND: POST /session/4b88ddf44cb33aa09b8246c72967e40a/execute/async - {"script":"<script> [1562 bytes]","args":[{"selector":{"controlType":"sap.ui.core.Icon","viewName":"etm.portal.ui.iscorders.view.Master","viewId":"application-iscorders-display-component---orderList","properties":{"src":{"regex":{"source":"slim\\-arrow\\-down"}}},"ancestor":{"controlType":"sap.m.MultiComboBox","viewName":"etm.portal.ui.iscorders.view.Master","viewId":"application-iscorders-display-component---orderList","labelFor":{"text":"Status"}}},"wdio_ui5_key":"etmportal.ui.iscorders.view.Mastersap.ui.core.Icon{\"src\":{\"regex\":{\"source\":\"slim\\\\-arrow\\\\-down\"}}}{\"controlType\":\"sap.m.MultiComboBox\",\"viewName\":\"etm.portal.ui.iscorders.view.Master\",\"viewId\":\"application-iscorders-display-component---orderList\",\"labelFor\":{\"text\":\"Status\"}}"}]}
RESULT: {"script":"<script> [1562 bytes]","args":[{"selector":{"controlType":"sap.ui.core.Icon","viewName":"etm.portal.ui.iscorders.view.Master","viewId":"application-iscorders-display-component---orderList","properties":{"src":{"regex":{"source":"slim\\-arrow\\-down"}}},"ancestor":{"controlType":"sap.m.MultiComboBox","viewName":"etm.portal.ui.iscorders.view.Master","viewId":"application-iscorders-display-component---orderList","labelFor":{"text":"Status"}}},"wdio_ui5_key":"etmportal.ui.iscorders.view.Mastersap.ui.core.Icon{\"src\":{\"regex\":{\"source\":\"slim\\\\-arrow\\\\-down\"}}}{\"controlType\":\"sap.m.MultiComboBox\",\"viewName\":\"etm.portal.ui.iscorders.view.Master\",\"viewId\":\"application-iscorders-display-component---orderList\",\"labelFor\":{\"text\":\"Status\"}}"}]}
RESULT: undefined
COMMAND: POST /session/4b88ddf44cb33aa09b8246c72967e40a/element - {"using":"xpath","value":"//*[@id=\"__box4-arrow\"]"}
RESULT: {"using":"xpath","value":"//*[@id=\"__box4-arrow\"]"}
COMMAND: POST /session/4b88ddf44cb33aa09b8246c72967e40a/element/f.2FEAC0A56692C5257462E0678D2497EF.d.7E977976DF8A4BA3146F39EE411520EC.e.1563/click - {}
RESULT: {}
COMMAND: POST /session/4b88ddf44cb33aa09b8246c72967e40a/execute/async - {"script":"<script> [1562 bytes]","args":[{"selector":{"controlType":"sap.m.StandardListItem","viewName":"etm.portal.ui.iscorders.view.Master","viewId":"application-iscorders-display-component---orderList","properties":{"title":"released"},"searchOpenDialogs":true,"interaction":{"idSuffix":"titleText"}},"wdio_ui5_key":"etmportal.ui.iscorders.view.Mastersap.m.StandardListItem{\"title\":\"released\"}"}]}
COMMAND: GET /session/4b88ddf44cb33aa09b8246c72967e40a/screenshot - {}
RESULT: {"script":"<script> [1562 bytes]","args":[{"selector":{"controlType":"sap.m.StandardListItem","viewName":"etm.portal.ui.iscorders.view.Master","viewId":"application-iscorders-display-component---orderList","properties":{"title":"released"},"searchOpenDialogs":true,"interaction":{"idSuffix":"titleText"}},"wdio_ui5_key":"etmportal.ui.iscorders.view.Mastersap.m.StandardListItem{\"title\":\"released\"}"}]}
RESULT: undefined
COMMAND: POST /session/4b88ddf44cb33aa09b8246c72967e40a/element - {"using":"xpath","value":"//*[@id=\"__item48\"]"}
RESULT: {}
RESULT: {"using":"xpath","value":"//*[@id=\"__item48\"]"}
COMMAND: POST /session/4b88ddf44cb33aa09b8246c72967e40a/element/f.2FEAC0A56692C5257462E0678D2497EF.d.7E977976DF8A4BA3146F39EE411520EC.e.1571/click - {}
RESULT: {}
COMMAND: GET /session/4b88ddf44cb33aa09b8246c72967e40a/screenshot - {}
RESULT: {}
COMMAND: POST /session/4b88ddf44cb33aa09b8246c72967e40a/execute/async - {"script":"<script> [1562 bytes]","args":[{"selector":{"controlType":"sap.m.Button","properties":{"text":"OK"},"searchOpenDialogs":true,"ancestor":{"controlType":"sap.m.Dialog","properties":{"icon":"sap-icon://alert"},"searchOpenDialogs":true},"interaction":{"idSuffix":"inner"}},"wdio_ui5_key":"sapm.Button{\"text\":\"OK\"}{\"controlType\":\"sap.m.Dialog\",\"properties\":{\"icon\":\"sap-icon://alert\"},\"searchOpenDialogs\":true}"}]}
RESULT: {"script":"<script> [1562 bytes]","args":[{"selector":{"controlType":"sap.m.Button","properties":{"text":"OK"},"searchOpenDialogs":true,"ancestor":{"controlType":"sap.m.Dialog","properties":{"icon":"sap-icon://alert"},"searchOpenDialogs":true},"interaction":{"idSuffix":"inner"}},"wdio_ui5_key":"sapm.Button{\"text\":\"OK\"}{\"controlType\":\"sap.m.Dialog\",\"properties\":{\"icon\":\"sap-icon://alert\"},\"searchOpenDialogs\":true}"}]}
RESULT: undefined
COMMAND: POST /session/4b88ddf44cb33aa09b8246c72967e40a/execute/async - {"script":"<script> [1562 bytes]","args":[{"selector":{"controlType":"sap.ui.comp.smarttable.SmartTable","viewName":"etm.portal.ui.iscorders.view.Master","id":"application-iscorders-display-component---orderList--smartTable"},"wdio_ui5_key":"applicationiscorders-display-component---orderList--smartTableetm.portal.ui.iscorders.view.Mastersap.ui.comp.smarttable.SmartTable"}]}
RESULT: {"script":"<script> [1562 bytes]","args":[{"selector":{"controlType":"sap.ui.comp.smarttable.SmartTable","viewName":"etm.portal.ui.iscorders.view.Master","id":"application-iscorders-display-component---orderList--smartTable"},"wdio_ui5_key":"applicationiscorders-display-component---orderList--smartTableetm.portal.ui.iscorders.view.Mastersap.ui.comp.smarttable.SmartTable"}]}
RESULT: undefined
COMMAND: POST /session/4b88ddf44cb33aa09b8246c72967e40a/execute/async - {"script":"<script> [6424 bytes]","args":[{"element-6066-11e4-a52e-4f735466cecf":"f.2FEAC0A56692C5257462E0678D2497EF.d.7E977976DF8A4BA3146F39EE411520EC.e.1635"},"getItems",[]]}
RESULT: {"script":"<script> [6424 bytes]","args":[{"element-6066-11e4-a52e-4f735466cecf":"f.2FEAC0A56692C5257462E0678D2497EF.d.7E977976DF8A4BA3146F39EE411520EC.e.1635"},"getItems",[]]}
COMMAND: POST /session/4b88ddf44cb33aa09b8246c72967e40a/execute/async - {"script":"<script> [1562 bytes]","args":[{"wdio_ui5_key":"application-iscorders-display-component---orderList--customOrdersTable","selector":{"id":"application-iscorders-display-component---orderList--customOrdersTable"}}]}
RESULT: {"script":"<script> [1562 bytes]","args":[{"wdio_ui5_key":"application-iscorders-display-component---orderList--customOrdersTable","selector":{"id":"application-iscorders-display-component---orderList--customOrdersTable"}}]}
RESULT: undefined
COMMAND: POST /session/4b88ddf44cb33aa09b8246c72967e40a/element - {"using":"css selector","value":"#shell-header-logo"}
RESULT: {"using":"css selector","value":"#shell-header-logo"}
COMMAND: POST /session/4b88ddf44cb33aa09b8246c72967e40a/element/f.2FEAC0A56692C5257462E0678D2497EF.d.7E977976DF8A4BA3146F39EE411520EC.e.1343/click - {}
RESULT: {}
COMMAND: GET /session/4b88ddf44cb33aa09b8246c72967e40a/screenshot - {}
RESULT: {}
COMMAND: POST /session/4b88ddf44cb33aa09b8246c72967e40a/element - {"using":"css selector","value":"#shell-header-logo"}
COMMAND: GET /session/4b88ddf44cb33aa09b8246c72967e40a/screenshot - {}
RESULT: {"using":"css selector","value":"#shell-header-logo"}
COMMAND: POST /session/4b88ddf44cb33aa09b8246c72967e40a/element/f.2FEAC0A56692C5257462E0678D2497EF.d.7E977976DF8A4BA3146F39EE411520EC.e.1640/click - {}
RESULT: {}
RESULT: {}
COMMAND: GET /session/4b88ddf44cb33aa09b8246c72967e40a/screenshot - {}
RESULT: {}
]]></system-out>
    </testcase>
  </testsuite>
  <testsuite timestamp="2025-05-09T16:50:00" time="209.527" tests="2" failures="2" errors="2" skipped="0">
    <properties>
      <property name="specId" value="0" />
      <property name="suiteName" value="Create and verify Order using template US151480" />
      <property name="capabilities" value="chrome.136_0_7103_49.windows" />
      <property name="file" value="file:///D:/a/1/s/test/specs/ISC/create-and-verify-order-using-template.spec.js" />
    </properties>
  </testsuite>
</testsuites>