<?xml version="1.0" encoding="UTF-8"?>
<testsuites tests="23" failures="0" errors="0" skipped="0">
  <testsuite timestamp="2025-05-06T17:48:16" time="1145.438" tests="6" failures="0" errors="0" skipped="0">
    <properties>
      <property name="specId" value="0" />
      <property name="suiteName" value="Standard contract - add contract items by Insert Request US118222" />
      <property name="capabilities" value="chrome.135_0_7049_115.windows" />
      <property name="file" value="file:///D:/a/1/s/test/specs/R2C/standard-contract-add-contract-items-by-insert-request.spec.js" />
    </properties>
    <testcase classname="chrome.135_0_7049_115.windows.Standard_contract_-_add_contract_items_by_Insert_Request_US118222" name="Should create prerequisites yard partner site material and equipment" time="325.662">
      <system-out><![CDATA[
COMMAND: POST /session/6a89fb51866d950e0bc97f386a060562/execute/async - {"script":"<script> [1562 bytes]","args":[{"selector":{"controlType":"sap.m.GenericTile","properties":{"header":"Manage Yards"}},"wdio_ui5_key":"sapm.GenericTile{\"header\":\"Manage Yards\"}"}]}
RESULT: {"script":"<script> [1562 bytes]","args":[{"selector":{"controlType":"sap.m.GenericTile","properties":{"header":"Manage Yards"}},"wdio_ui5_key":"sapm.GenericTile{\"header\":\"Manage Yards\"}"}]}
RESULT: undefined
COMMAND: POST /session/6a89fb51866d950e0bc97f386a060562/element - {"using":"xpath","value":"//*[@id=\"__tile41\"]"}
RESULT: {"using":"xpath","value":"//*[@id=\"__tile41\"]"}
COMMAND: POST /session/6a89fb51866d950e0bc97f386a060562/element/f.A6EC5B81BA07351D57539A0094149B7C.d.41A9C0D17E33D4EC9B7F47035AE2093C.e.110/click - {}
RESULT: {}
COMMAND: GET /session/6a89fb51866d950e0bc97f386a060562/screenshot - {}
RESULT: {}
COMMAND: POST /session/6a89fb51866d950e0bc97f386a060562/execute/async - {"script":"<script> [1562 bytes]","args":[{"selector":{"controlType":"sap.ui.core.Icon","viewName":"etm.portal.ui.manageyards.view.Master","viewId":"application-manageyards-display-component---masterYard","properties":{"src":{"regex":{"source":"add"}}}},"wdio_ui5_key":"etmportal.ui.manageyards.view.Mastersap.ui.core.Icon{\"src\":{\"regex\":{\"source\":\"add\"}}}"}]}
RESULT: {"script":"<script> [1562 bytes]","args":[{"selector":{"controlType":"sap.ui.core.Icon","viewName":"etm.portal.ui.manageyards.view.Master","viewId":"application-manageyards-display-component---masterYard","properties":{"src":{"regex":{"source":"add"}}}},"wdio_ui5_key":"etmportal.ui.manageyards.view.Mastersap.ui.core.Icon{\"src\":{\"regex\":{\"source\":\"add\"}}}"}]}
RESULT: undefined
COMMAND: POST /session/6a89fb51866d950e0bc97f386a060562/element - {"using":"xpath","value":"//*[@id=\"__button4-img\"]"}
RESULT: {"using":"xpath","value":"//*[@id=\"__button4-img\"]"}
COMMAND: POST /session/6a89fb51866d950e0bc97f386a060562/element/f.A6EC5B81BA07351D57539A0094149B7C.d.41A9C0D17E33D4EC9B7F47035AE2093C.e.158/click - {}
RESULT: {}
COMMAND: GET /session/6a89fb51866d950e0bc97f386a060562/screenshot - {}
RESULT: {}
COMMAND: POST /session/6a89fb51866d950e0bc97f386a060562/execute/async - {"script":"<script> [1562 bytes]","args":[{"selector":{"id":"application-manageyards-display-component---NewYard--yardId","interaction":{"idSuffix":"inner"}},"wdio_ui5_key":"applicationmanageyards-display-component---NewYard--yardId"}]}
RESULT: {"script":"<script> [1562 bytes]","args":[{"selector":{"id":"application-manageyards-display-component---NewYard--yardId","interaction":{"idSuffix":"inner"}},"wdio_ui5_key":"applicationmanageyards-display-component---NewYard--yardId"}]}
RESULT: undefined
COMMAND: POST /session/6a89fb51866d950e0bc97f386a060562/element - {"using":"xpath","value":"//*[@id=\"application-manageyards-display-component---NewYard--addressDetailDetailsName1-inner\"]"}
RESULT: {"using":"xpath","value":"//*[@id=\"application-manageyards-display-component---NewYard--addressDetailDetailsName1-inner\"]"}
COMMAND: POST /session/6a89fb51866d950e0bc97f386a060562/element/f.A6EC5B81BA07351D57539A0094149B7C.d.41A9C0D17E33D4EC9B7F47035AE2093C.e.391/clear - {}
RESULT: {}
COMMAND: POST /session/6a89fb51866d950e0bc97f386a060562/element/f.A6EC5B81BA07351D57539A0094149B7C.d.41A9C0D17E33D4EC9B7F47035AE2093C.e.391/value - {"text":"WebdriverYard87g2b"}
COMMAND: GET /session/6a89fb51866d950e0bc97f386a060562/screenshot - {}
RESULT: {"text":"WebdriverYard87g2b"}
COMMAND: POST /session/6a89fb51866d950e0bc97f386a060562/element - {"using":"xpath","value":"//*[@id=\"application-manageyards-display-component---NewYard--addressDetailDetailsLanguage-inner\"]"}
COMMAND: GET /session/6a89fb51866d950e0bc97f386a060562/screenshot - {}
RESULT: {}
RESULT: {"using":"xpath","value":"//*[@id=\"application-manageyards-display-component---NewYard--addressDetailDetailsLanguage-inner\"]"}
COMMAND: POST /session/6a89fb51866d950e0bc97f386a060562/element/f.A6EC5B81BA07351D57539A0094149B7C.d.41A9C0D17E33D4EC9B7F47035AE2093C.e.392/clear - {}
RESULT: {}
RESULT: {}
COMMAND: POST /session/6a89fb51866d950e0bc97f386a060562/element/f.A6EC5B81BA07351D57539A0094149B7C.d.41A9C0D17E33D4EC9B7F47035AE2093C.e.392/value - {"text":"Romanian"}
COMMAND: GET /session/6a89fb51866d950e0bc97f386a060562/screenshot - {}
RESULT: {"text":"Romanian"}
COMMAND: POST /session/6a89fb51866d950e0bc97f386a060562/element - {"using":"xpath","value":"//input[contains(@id ,\"application-manageyards-display-component---NewYard--addressDetailDetailsName1-inner\")]"}
COMMAND: GET /session/6a89fb51866d950e0bc97f386a060562/screenshot - {}
RESULT: {}
RESULT: {"using":"xpath","value":"//input[contains(@id ,\"application-manageyards-display-component---NewYard--addressDetailDetailsName1-inner\")]"}
COMMAND: GET /session/6a89fb51866d950e0bc97f386a060562/element/f.A6EC5B81BA07351D57539A0094149B7C.d.41A9C0D17E33D4EC9B7F47035AE2093C.e.391/property/value - {}
RESULT: {}
RESULT: {}
COMMAND: GET /session/6a89fb51866d950e0bc97f386a060562/screenshot - {}
RESULT: {}
COMMAND: POST /session/6a89fb51866d950e0bc97f386a060562/element - {"using":"xpath","value":"//*[@id=\"application-manageyards-display-component---NewYard--addressDetailDetailsCity1-inner\"]"}
RESULT: {"using":"xpath","value":"//*[@id=\"application-manageyards-display-component---NewYard--addressDetailDetailsCity1-inner\"]"}
COMMAND: POST /session/6a89fb51866d950e0bc97f386a060562/element/f.A6EC5B81BA07351D57539A0094149B7C.d.41A9C0D17E33D4EC9B7F47035AE2093C.e.394/clear - {}
RESULT: {}
COMMAND: POST /session/6a89fb51866d950e0bc97f386a060562/element/f.A6EC5B81BA07351D57539A0094149B7C.d.41A9C0D17E33D4EC9B7F47035AE2093C.e.394/value - {"text":"Bucuresti"}
COMMAND: GET /session/6a89fb51866d950e0bc97f386a060562/screenshot - {}
RESULT: {"text":"Bucuresti"}
COMMAND: GET /session/6a89fb51866d950e0bc97f386a060562/screenshot - {}
RESULT: {}
RESULT: {}
COMMAND: POST /session/6a89fb51866d950e0bc97f386a060562/element - {"using":"xpath","value":"//*[@id=\"application-manageyards-display-component---NewYard--addressDetailDetailsCountry-inner\"]"}
RESULT: {"using":"xpath","value":"//*[@id=\"application-manageyards-display-component---NewYard--addressDetailDetailsCountry-inner\"]"}
COMMAND: POST /session/6a89fb51866d950e0bc97f386a060562/element/f.A6EC5B81BA07351D57539A0094149B7C.d.41A9C0D17E33D4EC9B7F47035AE2093C.e.398/clear - {}
RESULT: {}
COMMAND: POST /session/6a89fb51866d950e0bc97f386a060562/element/f.A6EC5B81BA07351D57539A0094149B7C.d.41A9C0D17E33D4EC9B7F47035AE2093C.e.398/value - {"text":"Romania"}
COMMAND: GET /session/6a89fb51866d950e0bc97f386a060562/screenshot - {}
RESULT: {"text":"Romania"}
COMMAND: GET /session/6a89fb51866d950e0bc97f386a060562/screenshot - {}
RESULT: {}
COMMAND: POST /session/6a89fb51866d950e0bc97f386a060562/element - {"using":"xpath","value":"//div[contains(text(), \"Commercial\")]"}
RESULT: {}
RESULT: {"using":"xpath","value":"//div[contains(text(), \"Commercial\")]"}
COMMAND: GET /session/6a89fb51866d950e0bc97f386a060562/element/f.A6EC5B81BA07351D57539A0094149B7C.d.41A9C0D17E33D4EC9B7F47035AE2093C.e.569/rect - {}
RESULT: {}
COMMAND: GET /session/6a89fb51866d950e0bc97f386a060562/window/rect - {}
RESULT: {}
COMMAND: POST /session/6a89fb51866d950e0bc97f386a060562/execute/sync - {"script":"<script> [92 bytes]","args":[]}
RESULT: {"script":"<script> [92 bytes]","args":[]}
COMMAND: POST /session/6a89fb51866d950e0bc97f386a060562/actions - {"actions":[{"id":"action1","type":"wheel","parameters":{},"actions":[{"type":"scroll","x":-1841,"y":-44,"deltaX":0,"deltaY":0,"duration":0,"origin":{"element-6066-11e4-a52e-4f735466cecf":"f.A6EC5B81BA07351D57539A0094149B7C.d.41A9C0D17E33D4EC9B7F47035AE2093C.e.569"}}]}]}
COMMAND: GET /session/6a89fb51866d950e0bc97f386a060562/screenshot - {}
RESULT: {}
COMMAND: POST /session/6a89fb51866d950e0bc97f386a060562/execute/sync - {"script":"<script> [79 bytes]","args":[{"element-6066-11e4-a52e-4f735466cecf":"f.A6EC5B81BA07351D57539A0094149B7C.d.41A9C0D17E33D4EC9B7F47035AE2093C.e.569","ELEMENT":"f.A6EC5B81BA07351D57539A0094149B7C.d.41A9C0D17E33D4EC9B7F47035AE2093C.e.569"},{"block":"start","inline":"nearest"}]}
RESULT: {"script":"<script> [79 bytes]","args":[{"element-6066-11e4-a52e-4f735466cecf":"f.A6EC5B81BA07351D57539A0094149B7C.d.41A9C0D17E33D4EC9B7F47035AE2093C.e.569","ELEMENT":"f.A6EC5B81BA07351D57539A0094149B7C.d.41A9C0D17E33D4EC9B7F47035AE2093C.e.569"},{"block":"start","inline":"nearest"}]}
COMMAND: GET /session/6a89fb51866d950e0bc97f386a060562/screenshot - {}
RESULT: {}
COMMAND: POST /session/6a89fb51866d950e0bc97f386a060562/execute/async - {"script":"<script> [1562 bytes]","args":[{"selector":{"id":"application-manageyards-display-component---NewYard--addressEditDetailsCostObjectCstType-arrow"},"wdio_ui5_key":"applicationmanageyards-display-component---NewYard--addressEditDetailsCostObjectCstType-arrow"}]}
RESULT: {"script":"<script> [1562 bytes]","args":[{"selector":{"id":"application-manageyards-display-component---NewYard--addressEditDetailsCostObjectCstType-arrow"},"wdio_ui5_key":"applicationmanageyards-display-component---NewYard--addressEditDetailsCostObjectCstType-arrow"}]}
RESULT: undefined
COMMAND: POST /session/6a89fb51866d950e0bc97f386a060562/element - {"using":"xpath","value":"//*[@id=\"application-manageyards-display-component---NewYard--addressEditDetailsCostObjectCstType-arrow\"]"}
RESULT: {"using":"xpath","value":"//*[@id=\"application-manageyards-display-component---NewYard--addressEditDetailsCostObjectCstType-arrow\"]"}
COMMAND: POST /session/6a89fb51866d950e0bc97f386a060562/element/f.A6EC5B81BA07351D57539A0094149B7C.d.41A9C0D17E33D4EC9B7F47035AE2093C.e.577/click - {}
RESULT: {}
COMMAND: POST /session/6a89fb51866d950e0bc97f386a060562/element - {"using":"xpath","value":"//span[contains(text(), \"Cost Center\")]"}
COMMAND: GET /session/6a89fb51866d950e0bc97f386a060562/screenshot - {}
RESULT: {"using":"xpath","value":"//span[contains(text(), \"Cost Center\")]"}
COMMAND: POST /session/6a89fb51866d950e0bc97f386a060562/element/f.A6EC5B81BA07351D57539A0094149B7C.d.41A9C0D17E33D4EC9B7F47035AE2093C.e.578/click - {}
RESULT: {}
RESULT: {}
COMMAND: GET /session/6a89fb51866d950e0bc97f386a060562/screenshot - {}
RESULT: {}
COMMAND: POST /session/6a89fb51866d950e0bc97f386a060562/execute/async - {"script":"<script> [1562 bytes]","args":[{"selector":{"id":"application-manageyards-display-component---NewYard--addressNewCostObjectCstID-vhi"},"wdio_ui5_key":"applicationmanageyards-display-component---NewYard--addressNewCostObjectCstID-vhi"}]}
RESULT: {"script":"<script> [1562 bytes]","args":[{"selector":{"id":"application-manageyards-display-component---NewYard--addressNewCostObjectCstID-vhi"},"wdio_ui5_key":"applicationmanageyards-display-component---NewYard--addressNewCostObjectCstID-vhi"}]}
RESULT: undefined
COMMAND: POST /session/6a89fb51866d950e0bc97f386a060562/element - {"using":"xpath","value":"//*[@id=\"application-manageyards-display-component---NewYard--addressNewCostObjectCstID-vhi\"]"}
RESULT: {"using":"xpath","value":"//*[@id=\"application-manageyards-display-component---NewYard--addressNewCostObjectCstID-vhi\"]"}
COMMAND: POST /session/6a89fb51866d950e0bc97f386a060562/element/f.A6EC5B81BA07351D57539A0094149B7C.d.41A9C0D17E33D4EC9B7F47035AE2093C.e.582/click - {}
RESULT: {}
COMMAND: GET /session/6a89fb51866d950e0bc97f386a060562/screenshot - {}
RESULT: {}
COMMAND: POST /session/6a89fb51866d950e0bc97f386a060562/execute/async - {"script":"<script> [1562 bytes]","args":[{"selector":{"controlType":"sap.m.SearchField","properties":{"placeholder":"Search"},"searchOpenDialogs":true,"interaction":{"idSuffix":"I"}},"wdio_ui5_key":"sapm.SearchField{\"placeholder\":\"Search\"}"}]}
RESULT: {"script":"<script> [1562 bytes]","args":[{"selector":{"controlType":"sap.m.SearchField","properties":{"placeholder":"Search"},"searchOpenDialogs":true,"interaction":{"idSuffix":"I"}},"wdio_ui5_key":"sapm.SearchField{\"placeholder\":\"Search\"}"}]}
RESULT: undefined
COMMAND: POST /session/6a89fb51866d950e0bc97f386a060562/execute/async - {"script":"<script> [776 bytes]","args":[{"enterText":"10001013","selector":{"controlType":"sap.m.SearchField","properties":{"placeholder":"Search"},"searchOpenDialogs":true,"interaction":{"idSuffix":"I"}},"clearTextFirst":true,"interactionType":"ENTER_TEXT"}]}
RESULT: {"script":"<script> [776 bytes]","args":[{"enterText":"10001013","selector":{"controlType":"sap.m.SearchField","properties":{"placeholder":"Search"},"searchOpenDialogs":true,"interaction":{"idSuffix":"I"}},"clearTextFirst":true,"interactionType":"ENTER_TEXT"}]}
COMMAND: POST /session/6a89fb51866d950e0bc97f386a060562/actions - {"actions":[{"id":"action2","type":"key","parameters":{},"actions":[{"type":"keyDown","value":"î€‡"},{"type":"pause","duration":10},{"type":"keyUp","value":"î€‡"}]}]}
RESULT: {"actions":[{"id":"action2","type":"key","parameters":{},"actions":[{"type":"keyDown","value":"î€‡"},{"type":"pause","duration":10},{"type":"keyUp","value":"î€‡"}]}]}
COMMAND: GET /session/6a89fb51866d950e0bc97f386a060562/screenshot - {}
RESULT: {}
COMMAND: POST /session/6a89fb51866d950e0bc97f386a060562/element - {"using":"xpath","value":"//span[contains(text(), \"General Management\")]"}
RESULT: {"using":"xpath","value":"//span[contains(text(), \"General Management\")]"}
COMMAND: POST /session/6a89fb51866d950e0bc97f386a060562/element/f.A6EC5B81BA07351D57539A0094149B7C.d.41A9C0D17E33D4EC9B7F47035AE2093C.e.624/click - {}
RESULT: {}
COMMAND: GET /session/6a89fb51866d950e0bc97f386a060562/screenshot - {}
RESULT: {}
COMMAND: POST /session/6a89fb51866d950e0bc97f386a060562/element - {"using":"xpath","value":"//bdi[contains(text(), \"OK\")]"}
RESULT: {"using":"xpath","value":"//bdi[contains(text(), \"OK\")]"}
COMMAND: POST /session/6a89fb51866d950e0bc97f386a060562/element/f.A6EC5B81BA07351D57539A0094149B7C.d.41A9C0D17E33D4EC9B7F47035AE2093C.e.625/click - {}
RESULT: {}
COMMAND: GET /session/6a89fb51866d950e0bc97f386a060562/screenshot - {}
RESULT: {}
COMMAND: POST /session/6a89fb51866d950e0bc97f386a060562/execute/async - {"script":"<script> [1562 bytes]","args":[{"selector":{"controlType":"sap.m.Button","viewName":"etm.portal.ui.manageyards.view.New","viewId":"application-manageyards-display-component---NewYard","i18NText":{"propertyName":"text","key":"save"},"interaction":{"idSuffix":"inner"}},"wdio_ui5_key":"etmportal.ui.manageyards.view.Newsap.m.Button{\"propertyName\":\"text\",\"key\":\"save\"}"}]}
RESULT: {"script":"<script> [1562 bytes]","args":[{"selector":{"controlType":"sap.m.Button","viewName":"etm.portal.ui.manageyards.view.New","viewId":"application-manageyards-display-component---NewYard","i18NText":{"propertyName":"text","key":"save"},"interaction":{"idSuffix":"inner"}},"wdio_ui5_key":"etmportal.ui.manageyards.view.Newsap.m.Button{\"propertyName\":\"text\",\"key\":\"save\"}"}]}
RESULT: undefined
COMMAND: POST /session/6a89fb51866d950e0bc97f386a060562/element - {"using":"xpath","value":"//*[@id=\"__button18\"]"}
RESULT: {"using":"xpath","value":"//*[@id=\"__button18\"]"}
COMMAND: POST /session/6a89fb51866d950e0bc97f386a060562/element/f.A6EC5B81BA07351D57539A0094149B7C.d.41A9C0D17E33D4EC9B7F47035AE2093C.e.549/click - {}
RESULT: {}
COMMAND: GET /session/6a89fb51866d950e0bc97f386a060562/screenshot - {}
RESULT: {}
COMMAND: POST /session/6a89fb51866d950e0bc97f386a060562/element - {"using":"xpath","value":"//header/div/div[2]/div[2]/span"}
RESULT: {"using":"xpath","value":"//header/div/div[2]/div[2]/span"}
COMMAND: GET /session/6a89fb51866d950e0bc97f386a060562/element/f.A6EC5B81BA07351D57539A0094149B7C.d.41A9C0D17E33D4EC9B7F47035AE2093C.e.822/text - {}
RESULT: {}
COMMAND: POST /session/6a89fb51866d950e0bc97f386a060562/execute/async - {"script":"<script> [1562 bytes]","args":[{"selector":{"controlType":"sap.m.OverflowToolbarButton","viewName":"etm.portal.ui.manageyards.view.Detail","viewId":"application-manageyards-display-component---detailYard","i18NText":{"propertyName":"tooltip","key":"closeColumn"},"interaction":{"idSuffix":"inner"}},"wdio_ui5_key":"etmportal.ui.manageyards.view.Detailsap.m.OverflowToolbarButton{\"propertyName\":\"tooltip\",\"key\":\"closeColumn\"}"}]}
RESULT: {"script":"<script> [1562 bytes]","args":[{"selector":{"controlType":"sap.m.OverflowToolbarButton","viewName":"etm.portal.ui.manageyards.view.Detail","viewId":"application-manageyards-display-component---detailYard","i18NText":{"propertyName":"tooltip","key":"closeColumn"},"interaction":{"idSuffix":"inner"}},"wdio_ui5_key":"etmportal.ui.manageyards.view.Detailsap.m.OverflowToolbarButton{\"propertyName\":\"tooltip\",\"key\":\"closeColumn\"}"}]}
RESULT: undefined
COMMAND: POST /session/6a89fb51866d950e0bc97f386a060562/element - {"using":"xpath","value":"//*[@id=\"__button42\"]"}
RESULT: {"using":"xpath","value":"//*[@id=\"__button42\"]"}
COMMAND: POST /session/6a89fb51866d950e0bc97f386a060562/element/f.A6EC5B81BA07351D57539A0094149B7C.d.41A9C0D17E33D4EC9B7F47035AE2093C.e.824/click - {}
RESULT: {}
COMMAND: GET /session/6a89fb51866d950e0bc97f386a060562/screenshot - {}
COMMAND: POST /session/6a89fb51866d950e0bc97f386a060562/element - {"using":"css selector","value":"#shell-header-logo"}
RESULT: {}
RESULT: {"using":"css selector","value":"#shell-header-logo"}
COMMAND: POST /session/6a89fb51866d950e0bc97f386a060562/element/f.A6EC5B81BA07351D57539A0094149B7C.d.41A9C0D17E33D4EC9B7F47035AE2093C.e.113/click - {}
RESULT: {}
COMMAND: GET /session/6a89fb51866d950e0bc97f386a060562/screenshot - {}
RESULT: {}
COMMAND: POST /session/6a89fb51866d950e0bc97f386a060562/refresh - {}
RESULT: {}
COMMAND: GET /session/6a89fb51866d950e0bc97f386a060562/screenshot - {}
RESULT: {}
COMMAND: POST /session/6a89fb51866d950e0bc97f386a060562/execute/async - {"script":"<script> [189 bytes]","args":[]}
RESULT: {"script":"<script> [189 bytes]","args":[]}
COMMAND: POST /session/6a89fb51866d950e0bc97f386a060562/execute/async - {"script":"<script> [123 bytes]","args":[]}
RESULT: {"script":"<script> [123 bytes]","args":[]}
COMMAND: POST /session/6a89fb51866d950e0bc97f386a060562/timeouts - {"script":"<number>"}
RESULT: {"script":"<number>"}
COMMAND: GET /session/6a89fb51866d950e0bc97f386a060562/timeouts - {}
RESULT: {}
RESULT: undefined
COMMAND: POST /session/6a89fb51866d950e0bc97f386a060562/execute/async - {"script":"<script> [2676 bytes]","args":[]}
RESULT: {"script":"<script> [2676 bytes]","args":[]}
COMMAND: POST /session/6a89fb51866d950e0bc97f386a060562/execute/async - {"script":"<script> [2342 bytes]","args":[{"protocol":"http","hostname":"0.0.0.0","path":"/","capabilities":{"browserName":"chrome","goog:chromeOptions":{"binary":"C:\\Program Files\\Google\\Chrome\\Application\\chrome.exe","args":["--start-maximized"]}},"logLevel":"warn","connectionRetryTimeout":120000,"connectionRetryCount":3,"logLevels":{},"enableDirectConnect":true,"strictSSL":true,"_":"65 more keys: [\"cacheDir\",\"port\",\"requestedCapabilities\",\"automationProtocol\",\"baseUrl\",\"waitforInterval\",\"waitforTimeout\",\"onReload\",\"beforeCommand\",\"afterCommand\",\"rootDir\",\"specs\",\"suites\",\"exclude\",\"groupLogsByTestSpec\",\"excludeDriverLogs\",\"bail\",\"framework\",\"reporters\",\"services\",\"maxInstances\",\"maxInstancesPerCapability\",\"injectGlobals\",\"filesToWatch\",\"execArgv\",\"runnerEnv\",\"runner\",\"shard\",\"specFileRetries\",\"specFileRetriesDelay\",\"specFileRetriesDeferred\",\"reporterSyncInterval\",\"reporterSyncTimeout\",\"cucumberFeaturesWithLineNumbers\",\"autoCompileOpts\",\"mochaOpts\",\"jasmineOpts\",\"cucumberOpts\",\"onPrepare\",\"onWorkerStart\",\"onWorkerEnd\",\"before\",\"beforeSession\",\"beforeSuite\",\"beforeHook\",\"beforeTest\",\"afterTest\",\"afterHook\",\"afterSuite\",\"afterSession\",\"after\",\"onComplete\",\"beforeAssertion\",\"afterAssertion\",\"beforeFeature\",\"beforeScenario\",\"beforeStep\",\"afterStep\",\"afterScenario\",\"afterFeature\",\"_\",\"suite\",\"$0\",\"ignoredWorkerServices\",\"wdi5\"]"}]}
RESULT: {"script":"<script> [2342 bytes]","args":[{"protocol":"http","hostname":"0.0.0.0","path":"/","capabilities":{"browserName":"chrome","goog:chromeOptions":{"binary":"C:\\Program Files\\Google\\Chrome\\Application\\chrome.exe","args":["--start-maximized"]}},"logLevel":"warn","connectionRetryTimeout":120000,"connectionRetryCount":3,"logLevels":{},"enableDirectConnect":true,"strictSSL":true,"_":"65 more keys: [\"cacheDir\",\"port\",\"requestedCapabilities\",\"automationProtocol\",\"baseUrl\",\"waitforInterval\",\"waitforTimeout\",\"onReload\",\"beforeCommand\",\"afterCommand\",\"rootDir\",\"specs\",\"suites\",\"exclude\",\"groupLogsByTestSpec\",\"excludeDriverLogs\",\"bail\",\"framework\",\"reporters\",\"services\",\"maxInstances\",\"maxInstancesPerCapability\",\"injectGlobals\",\"filesToWatch\",\"execArgv\",\"runnerEnv\",\"runner\",\"shard\",\"specFileRetries\",\"specFileRetriesDelay\",\"specFileRetriesDeferred\",\"reporterSyncInterval\",\"reporterSyncTimeout\",\"cucumberFeaturesWithLineNumbers\",\"autoCompileOpts\",\"mochaOpts\",\"jasmineOpts\",\"cucumberOpts\",\"onPrepare\",\"onWorkerStart\",\"onWorkerEnd\",\"before\",\"beforeSession\",\"beforeSuite\",\"beforeHook\",\"beforeTest\",\"afterTest\",\"afterHook\",\"afterSuite\",\"afterSession\",\"after\",\"onComplete\",\"beforeAssertion\",\"afterAssertion\",\"beforeFeature\",\"beforeScenario\",\"beforeStep\",\"afterStep\",\"afterScenario\",\"afterFeature\",\"_\",\"suite\",\"$0\",\"ignoredWorkerServices\",\"wdi5\"]"}]}
COMMAND: POST /session/6a89fb51866d950e0bc97f386a060562/execute/async - {"script":"<script> [21126 bytes]","args":[35000]}
RESULT: {"script":"<script> [21126 bytes]","args":[35000]}
COMMAND: POST /session/6a89fb51866d950e0bc97f386a060562/execute/async - {"script":"<script> [1562 bytes]","args":[{"selector":{"controlType":"sap.m.GenericTile","properties":{"header":"Manage Partners"}},"wdio_ui5_key":"sapm.GenericTile{\"header\":\"Manage Partners\"}"}]}
RESULT: {"script":"<script> [1562 bytes]","args":[{"selector":{"controlType":"sap.m.GenericTile","properties":{"header":"Manage Partners"}},"wdio_ui5_key":"sapm.GenericTile{\"header\":\"Manage Partners\"}"}]}
RESULT: undefined
COMMAND: POST /session/6a89fb51866d950e0bc97f386a060562/element - {"using":"xpath","value":"//*[@id=\"__tile38\"]"}
RESULT: {"using":"xpath","value":"//*[@id=\"__tile38\"]"}
COMMAND: POST /session/6a89fb51866d950e0bc97f386a060562/element/f.A6EC5B81BA07351D57539A0094149B7C.d.D791F72D6B3AFB0B55F8E7AB42AB5ED6.e.1180/click - {}
RESULT: {}
COMMAND: GET /session/6a89fb51866d950e0bc97f386a060562/screenshot - {}
RESULT: {}
COMMAND: POST /session/6a89fb51866d950e0bc97f386a060562/execute/async - {"script":"<script> [1562 bytes]","args":[{"selector":{"controlType":"sap.ui.core.Icon","viewName":"etm.portal.ui.managepartners.view.Master","viewId":"application-managepartners-display-component---masterPtm","properties":{"src":{"regex":{"source":"add"}}}},"wdio_ui5_key":"etmportal.ui.managepartners.view.Mastersap.ui.core.Icon{\"src\":{\"regex\":{\"source\":\"add\"}}}"}]}
RESULT: {"script":"<script> [1562 bytes]","args":[{"selector":{"controlType":"sap.ui.core.Icon","viewName":"etm.portal.ui.managepartners.view.Master","viewId":"application-managepartners-display-component---masterPtm","properties":{"src":{"regex":{"source":"add"}}}},"wdio_ui5_key":"etmportal.ui.managepartners.view.Mastersap.ui.core.Icon{\"src\":{\"regex\":{\"source\":\"add\"}}}"}]}
RESULT: undefined
COMMAND: POST /session/6a89fb51866d950e0bc97f386a060562/element - {"using":"xpath","value":"//*[@id=\"__button4-img\"]"}
RESULT: {"using":"xpath","value":"//*[@id=\"__button4-img\"]"}
COMMAND: POST /session/6a89fb51866d950e0bc97f386a060562/element/f.A6EC5B81BA07351D57539A0094149B7C.d.D791F72D6B3AFB0B55F8E7AB42AB5ED6.e.1229/click - {}
RESULT: {}
COMMAND: GET /session/6a89fb51866d950e0bc97f386a060562/screenshot - {}
RESULT: {}
COMMAND: POST /session/6a89fb51866d950e0bc97f386a060562/execute/async - {"script":"<script> [1562 bytes]","args":[{"selector":{"id":"application-managepartners-display-component---NewPartner--partnerId","interaction":{"idSuffix":"inner"}},"wdio_ui5_key":"applicationmanagepartners-display-component---NewPartner--partnerId"}]}
RESULT: {"script":"<script> [1562 bytes]","args":[{"selector":{"id":"application-managepartners-display-component---NewPartner--partnerId","interaction":{"idSuffix":"inner"}},"wdio_ui5_key":"applicationmanagepartners-display-component---NewPartner--partnerId"}]}
RESULT: undefined
COMMAND: POST /session/6a89fb51866d950e0bc97f386a060562/execute/async - {"script":"<script> [1562 bytes]","args":[{"selector":{"id":"application-managepartners-display-component---NewPartner--addressDetailDetailsName1","interaction":{"idSuffix":"inner"}},"wdio_ui5_key":"applicationmanagepartners-display-component---NewPartner--addressDetailDetailsName1"}]}
RESULT: {"script":"<script> [1562 bytes]","args":[{"selector":{"id":"application-managepartners-display-component---NewPartner--addressDetailDetailsName1","interaction":{"idSuffix":"inner"}},"wdio_ui5_key":"applicationmanagepartners-display-component---NewPartner--addressDetailDetailsName1"}]}
RESULT: undefined
COMMAND: POST /session/6a89fb51866d950e0bc97f386a060562/execute/async - {"script":"<script> [776 bytes]","args":[{"enterText":"WebdriverPartnerqoxb8","selector":{"id":"application-managepartners-display-component---NewPartner--addressDetailDetailsName1","interaction":{"idSuffix":"inner"}},"clearTextFirst":true,"interactionType":"ENTER_TEXT"}]}
RESULT: {"script":"<script> [776 bytes]","args":[{"enterText":"WebdriverPartnerqoxb8","selector":{"id":"application-managepartners-display-component---NewPartner--addressDetailDetailsName1","interaction":{"idSuffix":"inner"}},"clearTextFirst":true,"interactionType":"ENTER_TEXT"}]}
COMMAND: POST /session/6a89fb51866d950e0bc97f386a060562/execute/async - {"script":"<script> [1562 bytes]","args":[{"selector":{"id":"application-managepartners-display-component---NewPartner--addressDetailDetailsLanguage","interaction":{"idSuffix":"inner"}},"wdio_ui5_key":"applicationmanagepartners-display-component---NewPartner--addressDetailDetailsLanguage"}]}
RESULT: {"script":"<script> [1562 bytes]","args":[{"selector":{"id":"application-managepartners-display-component---NewPartner--addressDetailDetailsLanguage","interaction":{"idSuffix":"inner"}},"wdio_ui5_key":"applicationmanagepartners-display-component---NewPartner--addressDetailDetailsLanguage"}]}
RESULT: undefined
COMMAND: POST /session/6a89fb51866d950e0bc97f386a060562/execute/async - {"script":"<script> [776 bytes]","args":[{"enterText":"Romanian","selector":{"id":"application-managepartners-display-component---NewPartner--addressDetailDetailsLanguage","interaction":{"idSuffix":"inner"}},"clearTextFirst":true,"interactionType":"ENTER_TEXT"}]}
RESULT: {"script":"<script> [776 bytes]","args":[{"enterText":"Romanian","selector":{"id":"application-managepartners-display-component---NewPartner--addressDetailDetailsLanguage","interaction":{"idSuffix":"inner"}},"clearTextFirst":true,"interactionType":"ENTER_TEXT"}]}
COMMAND: POST /session/6a89fb51866d950e0bc97f386a060562/element - {"using":"xpath","value":"//input[contains(@id ,\"application-managepartners-display-component---NewPartner--addressDetailDetailsName1-inner\")]"}
RESULT: {"using":"xpath","value":"//input[contains(@id ,\"application-managepartners-display-component---NewPartner--addressDetailDetailsName1-inner\")]"}
COMMAND: GET /session/6a89fb51866d950e0bc97f386a060562/element/f.A6EC5B81BA07351D57539A0094149B7C.d.D791F72D6B3AFB0B55F8E7AB42AB5ED6.e.1449/property/value - {}
RESULT: {}
COMMAND: POST /session/6a89fb51866d950e0bc97f386a060562/execute/async - {"script":"<script> [1562 bytes]","args":[{"selector":{"id":"application-managepartners-display-component---NewPartner--addressDetailDetailsCity1","interaction":{"idSuffix":"inner"}},"wdio_ui5_key":"applicationmanagepartners-display-component---NewPartner--addressDetailDetailsCity1"}]}
COMMAND: GET /session/6a89fb51866d950e0bc97f386a060562/screenshot - {}
RESULT: {"script":"<script> [1562 bytes]","args":[{"selector":{"id":"application-managepartners-display-component---NewPartner--addressDetailDetailsCity1","interaction":{"idSuffix":"inner"}},"wdio_ui5_key":"applicationmanagepartners-display-component---NewPartner--addressDetailDetailsCity1"}]}
RESULT: undefined
COMMAND: POST /session/6a89fb51866d950e0bc97f386a060562/execute/async - {"script":"<script> [776 bytes]","args":[{"enterText":"Bucharest","selector":{"id":"application-managepartners-display-component---NewPartner--addressDetailDetailsCity1","interaction":{"idSuffix":"inner"}},"clearTextFirst":true,"interactionType":"ENTER_TEXT"}]}
RESULT: {}
RESULT: {"script":"<script> [776 bytes]","args":[{"enterText":"Bucharest","selector":{"id":"application-managepartners-display-component---NewPartner--addressDetailDetailsCity1","interaction":{"idSuffix":"inner"}},"clearTextFirst":true,"interactionType":"ENTER_TEXT"}]}
COMMAND: POST /session/6a89fb51866d950e0bc97f386a060562/execute/async - {"script":"<script> [1562 bytes]","args":[{"selector":{"id":"application-managepartners-display-component---NewPartner--addressDetailDetailsCountry","interaction":{"idSuffix":"inner"}},"wdio_ui5_key":"applicationmanagepartners-display-component---NewPartner--addressDetailDetailsCountry"}]}
RESULT: {"script":"<script> [1562 bytes]","args":[{"selector":{"id":"application-managepartners-display-component---NewPartner--addressDetailDetailsCountry","interaction":{"idSuffix":"inner"}},"wdio_ui5_key":"applicationmanagepartners-display-component---NewPartner--addressDetailDetailsCountry"}]}
RESULT: undefined
COMMAND: POST /session/6a89fb51866d950e0bc97f386a060562/execute/async - {"script":"<script> [6424 bytes]","args":[{"element-6066-11e4-a52e-4f735466cecf":"f.A6EC5B81BA07351D57539A0094149B7C.d.D791F72D6B3AFB0B55F8E7AB42AB5ED6.e.1456"},"setValue",["Romania"]]}
RESULT: {"script":"<script> [6424 bytes]","args":[{"element-6066-11e4-a52e-4f735466cecf":"f.A6EC5B81BA07351D57539A0094149B7C.d.D791F72D6B3AFB0B55F8E7AB42AB5ED6.e.1456"},"setValue",["Romania"]]}
COMMAND: POST /session/6a89fb51866d950e0bc97f386a060562/execute/async - {"script":"<script> [1562 bytes]","args":[{"selector":{"id":"application-managepartners-display-component---NewPartner--partnerDetailInternal","interaction":{"idSuffix":"inner"}},"wdio_ui5_key":"applicationmanagepartners-display-component---NewPartner--partnerDetailInternal"}]}
RESULT: {"script":"<script> [1562 bytes]","args":[{"selector":{"id":"application-managepartners-display-component---NewPartner--partnerDetailInternal","interaction":{"idSuffix":"inner"}},"wdio_ui5_key":"applicationmanagepartners-display-component---NewPartner--partnerDetailInternal"}]}
RESULT: undefined
COMMAND: POST /session/6a89fb51866d950e0bc97f386a060562/execute/async - {"script":"<script> [776 bytes]","args":[{"enterText":"External partner","selector":{"id":"application-managepartners-display-component---NewPartner--partnerDetailInternal","interaction":{"idSuffix":"inner"}},"clearTextFirst":true,"interactionType":"ENTER_TEXT"}]}
RESULT: {"script":"<script> [776 bytes]","args":[{"enterText":"External partner","selector":{"id":"application-managepartners-display-component---NewPartner--partnerDetailInternal","interaction":{"idSuffix":"inner"}},"clearTextFirst":true,"interactionType":"ENTER_TEXT"}]}
COMMAND: POST /session/6a89fb51866d950e0bc97f386a060562/execute/async - {"script":"<script> [1562 bytes]","args":[{"selector":{"id":"application-managepartners-display-component---NewPartner--partnerDetailsCurrency","interaction":{"idSuffix":"inner"}},"wdio_ui5_key":"applicationmanagepartners-display-component---NewPartner--partnerDetailsCurrency"}]}
RESULT: {"script":"<script> [1562 bytes]","args":[{"selector":{"id":"application-managepartners-display-component---NewPartner--partnerDetailsCurrency","interaction":{"idSuffix":"inner"}},"wdio_ui5_key":"applicationmanagepartners-display-component---NewPartner--partnerDetailsCurrency"}]}
RESULT: undefined
COMMAND: POST /session/6a89fb51866d950e0bc97f386a060562/execute/async - {"script":"<script> [776 bytes]","args":[{"enterText":"Euro","selector":{"id":"application-managepartners-display-component---NewPartner--partnerDetailsCurrency","interaction":{"idSuffix":"inner"}},"clearTextFirst":true,"interactionType":"ENTER_TEXT"}]}
RESULT: {"script":"<script> [776 bytes]","args":[{"enterText":"Euro","selector":{"id":"application-managepartners-display-component---NewPartner--partnerDetailsCurrency","interaction":{"idSuffix":"inner"}},"clearTextFirst":true,"interactionType":"ENTER_TEXT"}]}
COMMAND: POST /session/6a89fb51866d950e0bc97f386a060562/execute/async - {"script":"<script> [1562 bytes]","args":[{"selector":{"controlType":"sap.m.Button","viewName":"etm.portal.ui.managepartners.view.NewPartner","viewId":"application-managepartners-display-component---NewPartner","properties":{"text":"Commercial"},"interaction":{"idSuffix":"BDI-content"}},"wdio_ui5_key":"etmportal.ui.managepartners.view.NewPartnersap.m.Button{\"text\":\"Commercial\"}"}]}
RESULT: {"script":"<script> [1562 bytes]","args":[{"selector":{"controlType":"sap.m.Button","viewName":"etm.portal.ui.managepartners.view.NewPartner","viewId":"application-managepartners-display-component---NewPartner","properties":{"text":"Commercial"},"interaction":{"idSuffix":"BDI-content"}},"wdio_ui5_key":"etmportal.ui.managepartners.view.NewPartnersap.m.Button{\"text\":\"Commercial\"}"}]}
RESULT: undefined
COMMAND: POST /session/6a89fb51866d950e0bc97f386a060562/element - {"using":"xpath","value":"//*[@id=\"application-managepartners-display-component---NewPartner--ObjectPageLayout-anchBar-__section5-anchor\"]"}
RESULT: {"using":"xpath","value":"//*[@id=\"application-managepartners-display-component---NewPartner--ObjectPageLayout-anchBar-__section5-anchor\"]"}
COMMAND: POST /session/6a89fb51866d950e0bc97f386a060562/element/f.A6EC5B81BA07351D57539A0094149B7C.d.D791F72D6B3AFB0B55F8E7AB42AB5ED6.e.1653/click - {}
RESULT: {}
COMMAND: GET /session/6a89fb51866d950e0bc97f386a060562/screenshot - {}
RESULT: {}
COMMAND: POST /session/6a89fb51866d950e0bc97f386a060562/execute/async - {"script":"<script> [1562 bytes]","args":[{"selector":{"id":"application-managepartners-display-component---NewPartner--btnAddTableRow-img"},"wdio_ui5_key":"applicationmanagepartners-display-component---NewPartner--btnAddTableRow-img"}]}
RESULT: {"script":"<script> [1562 bytes]","args":[{"selector":{"id":"application-managepartners-display-component---NewPartner--btnAddTableRow-img"},"wdio_ui5_key":"applicationmanagepartners-display-component---NewPartner--btnAddTableRow-img"}]}
RESULT: undefined
COMMAND: POST /session/6a89fb51866d950e0bc97f386a060562/element - {"using":"xpath","value":"//*[@id=\"application-managepartners-display-component---NewPartner--btnAddTableRow-img\"]"}
RESULT: {"using":"xpath","value":"//*[@id=\"application-managepartners-display-component---NewPartner--btnAddTableRow-img\"]"}
COMMAND: POST /session/6a89fb51866d950e0bc97f386a060562/element/f.A6EC5B81BA07351D57539A0094149B7C.d.D791F72D6B3AFB0B55F8E7AB42AB5ED6.e.1661/click - {}
RESULT: {}
COMMAND: POST /session/6a89fb51866d950e0bc97f386a060562/element - {"using":"xpath","value":"//input[contains(@id ,\"application-managepartners-display-component---NewPartner--assignmentYard-application-managepartners-display-component---NewPartner\")]"}
COMMAND: GET /session/6a89fb51866d950e0bc97f386a060562/screenshot - {}
RESULT: {"using":"xpath","value":"//input[contains(@id ,\"application-managepartners-display-component---NewPartner--assignmentYard-application-managepartners-display-component---NewPartner\")]"}
COMMAND: POST /session/6a89fb51866d950e0bc97f386a060562/element/f.A6EC5B81BA07351D57539A0094149B7C.d.D791F72D6B3AFB0B55F8E7AB42AB5ED6.e.1664/clear - {}
RESULT: {}
RESULT: {}
COMMAND: POST /session/6a89fb51866d950e0bc97f386a060562/element/f.A6EC5B81BA07351D57539A0094149B7C.d.D791F72D6B3AFB0B55F8E7AB42AB5ED6.e.1664/value - {"text":"643"}
COMMAND: GET /session/6a89fb51866d950e0bc97f386a060562/screenshot - {}
RESULT: {"text":"643"}
COMMAND: GET /session/6a89fb51866d950e0bc97f386a060562/screenshot - {}
RESULT: {}
RESULT: {}
COMMAND: POST /session/6a89fb51866d950e0bc97f386a060562/execute/async - {"script":"<script> [1562 bytes]","args":[{"selector":{"controlType":"sap.m.Button","viewName":"etm.portal.ui.managepartners.view.NewPartner","viewId":"application-managepartners-display-component---NewPartner","i18NText":{"propertyName":"text","key":"save"},"interaction":{"idSuffix":"BDI-content"}},"wdio_ui5_key":"etmportal.ui.managepartners.view.NewPartnersap.m.Button{\"propertyName\":\"text\",\"key\":\"save\"}"}]}
RESULT: {"script":"<script> [1562 bytes]","args":[{"selector":{"controlType":"sap.m.Button","viewName":"etm.portal.ui.managepartners.view.NewPartner","viewId":"application-managepartners-display-component---NewPartner","i18NText":{"propertyName":"text","key":"save"},"interaction":{"idSuffix":"BDI-content"}},"wdio_ui5_key":"etmportal.ui.managepartners.view.NewPartnersap.m.Button{\"propertyName\":\"text\",\"key\":\"save\"}"}]}
RESULT: undefined
COMMAND: POST /session/6a89fb51866d950e0bc97f386a060562/element - {"using":"xpath","value":"//*[@id=\"__button12\"]"}
RESULT: {"using":"xpath","value":"//*[@id=\"__button12\"]"}
COMMAND: POST /session/6a89fb51866d950e0bc97f386a060562/element/f.A6EC5B81BA07351D57539A0094149B7C.d.D791F72D6B3AFB0B55F8E7AB42AB5ED6.e.1626/click - {}
RESULT: {}
COMMAND: GET /session/6a89fb51866d950e0bc97f386a060562/screenshot - {}
RESULT: {}
COMMAND: POST /session/6a89fb51866d950e0bc97f386a060562/element - {"using":"xpath","value":"//header/div/div[2]/div[2]/span"}
RESULT: {"using":"xpath","value":"//header/div/div[2]/div[2]/span"}
COMMAND: GET /session/6a89fb51866d950e0bc97f386a060562/element/f.A6EC5B81BA07351D57539A0094149B7C.d.D791F72D6B3AFB0B55F8E7AB42AB5ED6.e.1833/text - {}
RESULT: {}
COMMAND: POST /session/6a89fb51866d950e0bc97f386a060562/element - {"using":"xpath","value":"//header/div/div/div/div/div/div[2]/div/span"}
RESULT: {"using":"xpath","value":"//header/div/div/div/div/div/div[2]/div/span"}
COMMAND: GET /session/6a89fb51866d950e0bc97f386a060562/element/f.A6EC5B81BA07351D57539A0094149B7C.d.D791F72D6B3AFB0B55F8E7AB42AB5ED6.e.1834/text - {}
RESULT: {}
COMMAND: POST /session/6a89fb51866d950e0bc97f386a060562/execute/async - {"script":"<script> [1562 bytes]","args":[{"selector":{"id":"application-managepartners-display-component---detailPtm--partnerType"},"wdio_ui5_key":"applicationmanagepartners-display-component---detailPtm--partnerType"}]}
RESULT: {"script":"<script> [1562 bytes]","args":[{"selector":{"id":"application-managepartners-display-component---detailPtm--partnerType"},"wdio_ui5_key":"applicationmanagepartners-display-component---detailPtm--partnerType"}]}
RESULT: undefined
COMMAND: POST /session/6a89fb51866d950e0bc97f386a060562/execute/async - {"script":"<script> [6424 bytes]","args":[{"element-6066-11e4-a52e-4f735466cecf":"f.A6EC5B81BA07351D57539A0094149B7C.d.D791F72D6B3AFB0B55F8E7AB42AB5ED6.e.1835"},"getText",[]]}
RESULT: {"script":"<script> [6424 bytes]","args":[{"element-6066-11e4-a52e-4f735466cecf":"f.A6EC5B81BA07351D57539A0094149B7C.d.D791F72D6B3AFB0B55F8E7AB42AB5ED6.e.1835"},"getText",[]]}
COMMAND: POST /session/6a89fb51866d950e0bc97f386a060562/element - {"using":"css selector","value":"#shell-header-logo"}
RESULT: {"using":"css selector","value":"#shell-header-logo"}
COMMAND: POST /session/6a89fb51866d950e0bc97f386a060562/element/f.A6EC5B81BA07351D57539A0094149B7C.d.D791F72D6B3AFB0B55F8E7AB42AB5ED6.e.1182/click - {}
RESULT: {}
COMMAND: GET /session/6a89fb51866d950e0bc97f386a060562/screenshot - {}
RESULT: {}
COMMAND: POST /session/6a89fb51866d950e0bc97f386a060562/execute/async - {"script":"<script> [1562 bytes]","args":[{"selector":{"controlType":"sap.m.GenericTile","properties":{"header":"Manage Sites"}},"wdio_ui5_key":"sapm.GenericTile{\"header\":\"Manage Sites\"}"}]}
RESULT: {"script":"<script> [1562 bytes]","args":[{"selector":{"controlType":"sap.m.GenericTile","properties":{"header":"Manage Sites"}},"wdio_ui5_key":"sapm.GenericTile{\"header\":\"Manage Sites\"}"}]}
RESULT: undefined
COMMAND: POST /session/6a89fb51866d950e0bc97f386a060562/element - {"using":"xpath","value":"//*[@id=\"__tile40\"]"}
RESULT: {"using":"xpath","value":"//*[@id=\"__tile40\"]"}
COMMAND: POST /session/6a89fb51866d950e0bc97f386a060562/element/f.A6EC5B81BA07351D57539A0094149B7C.d.D791F72D6B3AFB0B55F8E7AB42AB5ED6.e.1837/click - {}
RESULT: {}
COMMAND: GET /session/6a89fb51866d950e0bc97f386a060562/screenshot - {}
RESULT: {}
COMMAND: POST /session/6a89fb51866d950e0bc97f386a060562/execute/async - {"script":"<script> [1562 bytes]","args":[{"selector":{"controlType":"sap.ui.core.Icon","viewName":"etm.portal.ui.managesites.view.Master","viewId":"application-managesites-display-component---masterSite","properties":{"src":{"regex":{"source":"add"}}}},"wdio_ui5_key":"etmportal.ui.managesites.view.Mastersap.ui.core.Icon{\"src\":{\"regex\":{\"source\":\"add\"}}}"}]}
RESULT: {"script":"<script> [1562 bytes]","args":[{"selector":{"controlType":"sap.ui.core.Icon","viewName":"etm.portal.ui.managesites.view.Master","viewId":"application-managesites-display-component---masterSite","properties":{"src":{"regex":{"source":"add"}}}},"wdio_ui5_key":"etmportal.ui.managesites.view.Mastersap.ui.core.Icon{\"src\":{\"regex\":{\"source\":\"add\"}}}"}]}
RESULT: undefined
COMMAND: POST /session/6a89fb51866d950e0bc97f386a060562/element - {"using":"xpath","value":"//*[@id=\"__button52-img\"]"}
RESULT: {"using":"xpath","value":"//*[@id=\"__button52-img\"]"}
COMMAND: POST /session/6a89fb51866d950e0bc97f386a060562/element/f.A6EC5B81BA07351D57539A0094149B7C.d.D791F72D6B3AFB0B55F8E7AB42AB5ED6.e.1886/click - {}
RESULT: {}
COMMAND: POST /session/6a89fb51866d950e0bc97f386a060562/execute/async - {"script":"<script> [1562 bytes]","args":[{"selector":{"id":"application-managesites-display-component---NewSite--siteId","interaction":{"idSuffix":"inner"}},"wdio_ui5_key":"applicationmanagesites-display-component---NewSite--siteId"}]}
COMMAND: GET /session/6a89fb51866d950e0bc97f386a060562/screenshot - {}
RESULT: {"script":"<script> [1562 bytes]","args":[{"selector":{"id":"application-managesites-display-component---NewSite--siteId","interaction":{"idSuffix":"inner"}},"wdio_ui5_key":"applicationmanagesites-display-component---NewSite--siteId"}]}
RESULT: undefined
COMMAND: POST /session/6a89fb51866d950e0bc97f386a060562/execute/async - {"script":"<script> [1562 bytes]","args":[{"selector":{"id":"application-managesites-display-component---NewSite--addressDetailDetailsName1","interaction":{"idSuffix":"inner"}},"wdio_ui5_key":"applicationmanagesites-display-component---NewSite--addressDetailDetailsName1"}]}
RESULT: {}
RESULT: {"script":"<script> [1562 bytes]","args":[{"selector":{"id":"application-managesites-display-component---NewSite--addressDetailDetailsName1","interaction":{"idSuffix":"inner"}},"wdio_ui5_key":"applicationmanagesites-display-component---NewSite--addressDetailDetailsName1"}]}
RESULT: undefined
COMMAND: POST /session/6a89fb51866d950e0bc97f386a060562/execute/async - {"script":"<script> [776 bytes]","args":[{"enterText":"WebdriverSitegb0gz","selector":{"id":"application-managesites-display-component---NewSite--addressDetailDetailsName1","interaction":{"idSuffix":"inner"}},"clearTextFirst":true,"interactionType":"ENTER_TEXT"}]}
RESULT: {"script":"<script> [776 bytes]","args":[{"enterText":"WebdriverSitegb0gz","selector":{"id":"application-managesites-display-component---NewSite--addressDetailDetailsName1","interaction":{"idSuffix":"inner"}},"clearTextFirst":true,"interactionType":"ENTER_TEXT"}]}
COMMAND: POST /session/6a89fb51866d950e0bc97f386a060562/execute/async - {"script":"<script> [1562 bytes]","args":[{"selector":{"id":"application-managesites-display-component---NewSite--addressDetailDetailsLanguage","interaction":{"idSuffix":"inner"}},"wdio_ui5_key":"applicationmanagesites-display-component---NewSite--addressDetailDetailsLanguage"}]}
RESULT: {"script":"<script> [1562 bytes]","args":[{"selector":{"id":"application-managesites-display-component---NewSite--addressDetailDetailsLanguage","interaction":{"idSuffix":"inner"}},"wdio_ui5_key":"applicationmanagesites-display-component---NewSite--addressDetailDetailsLanguage"}]}
RESULT: undefined
COMMAND: POST /session/6a89fb51866d950e0bc97f386a060562/execute/async - {"script":"<script> [776 bytes]","args":[{"enterText":"Romanian","selector":{"id":"application-managesites-display-component---NewSite--addressDetailDetailsLanguage","interaction":{"idSuffix":"inner"}},"clearTextFirst":true,"interactionType":"ENTER_TEXT"}]}
RESULT: {"script":"<script> [776 bytes]","args":[{"enterText":"Romanian","selector":{"id":"application-managesites-display-component---NewSite--addressDetailDetailsLanguage","interaction":{"idSuffix":"inner"}},"clearTextFirst":true,"interactionType":"ENTER_TEXT"}]}
COMMAND: POST /session/6a89fb51866d950e0bc97f386a060562/execute/async - {"script":"<script> [1562 bytes]","args":[{"selector":{"id":"application-managesites-display-component---NewSite--addressDetailDetailsCity1","interaction":{"idSuffix":"inner"}},"wdio_ui5_key":"applicationmanagesites-display-component---NewSite--addressDetailDetailsCity1"}]}
RESULT: {"script":"<script> [1562 bytes]","args":[{"selector":{"id":"application-managesites-display-component---NewSite--addressDetailDetailsCity1","interaction":{"idSuffix":"inner"}},"wdio_ui5_key":"applicationmanagesites-display-component---NewSite--addressDetailDetailsCity1"}]}
RESULT: undefined
COMMAND: POST /session/6a89fb51866d950e0bc97f386a060562/execute/async - {"script":"<script> [776 bytes]","args":[{"enterText":"Bucharest","selector":{"id":"application-managesites-display-component---NewSite--addressDetailDetailsCity1","interaction":{"idSuffix":"inner"}},"clearTextFirst":true,"interactionType":"ENTER_TEXT"}]}
RESULT: {"script":"<script> [776 bytes]","args":[{"enterText":"Bucharest","selector":{"id":"application-managesites-display-component---NewSite--addressDetailDetailsCity1","interaction":{"idSuffix":"inner"}},"clearTextFirst":true,"interactionType":"ENTER_TEXT"}]}
COMMAND: POST /session/6a89fb51866d950e0bc97f386a060562/execute/async - {"script":"<script> [1562 bytes]","args":[{"selector":{"id":"application-managesites-display-component---NewSite--addressDetailDetailsCountry","interaction":{"idSuffix":"inner"}},"wdio_ui5_key":"applicationmanagesites-display-component---NewSite--addressDetailDetailsCountry"}]}
RESULT: {"script":"<script> [1562 bytes]","args":[{"selector":{"id":"application-managesites-display-component---NewSite--addressDetailDetailsCountry","interaction":{"idSuffix":"inner"}},"wdio_ui5_key":"applicationmanagesites-display-component---NewSite--addressDetailDetailsCountry"}]}
RESULT: undefined
COMMAND: POST /session/6a89fb51866d950e0bc97f386a060562/execute/async - {"script":"<script> [776 bytes]","args":[{"enterText":"Romania","selector":{"id":"application-managesites-display-component---NewSite--addressDetailDetailsCountry","interaction":{"idSuffix":"inner"}},"clearTextFirst":true,"interactionType":"ENTER_TEXT"}]}
RESULT: {"script":"<script> [776 bytes]","args":[{"enterText":"Romania","selector":{"id":"application-managesites-display-component---NewSite--addressDetailDetailsCountry","interaction":{"idSuffix":"inner"}},"clearTextFirst":true,"interactionType":"ENTER_TEXT"}]}
COMMAND: POST /session/6a89fb51866d950e0bc97f386a060562/element - {"using":"css selector","value":"#application-managesites-display-component---NewSite--addressDetailDetailsCalendar-inner"}
RESULT: {"using":"css selector","value":"#application-managesites-display-component---NewSite--addressDetailDetailsCalendar-inner"}
COMMAND: POST /session/6a89fb51866d950e0bc97f386a060562/element/f.A6EC5B81BA07351D57539A0094149B7C.d.D791F72D6B3AFB0B55F8E7AB42AB5ED6.e.2123/clear - {}
RESULT: {}
COMMAND: POST /session/6a89fb51866d950e0bc97f386a060562/element/f.A6EC5B81BA07351D57539A0094149B7C.d.D791F72D6B3AFB0B55F8E7AB42AB5ED6.e.2123/value - {"text":"Germany"}
COMMAND: GET /session/6a89fb51866d950e0bc97f386a060562/screenshot - {}
RESULT: {"text":"Germany"}
COMMAND: POST /session/6a89fb51866d950e0bc97f386a060562/execute/async - {"script":"<script> [1562 bytes]","args":[{"selector":{"id":"application-managesites-display-component---NewSite--addressEditDetailsCostObjectCstType-arrow"},"wdio_ui5_key":"applicationmanagesites-display-component---NewSite--addressEditDetailsCostObjectCstType-arrow"}]}
COMMAND: GET /session/6a89fb51866d950e0bc97f386a060562/screenshot - {}
RESULT: {}
RESULT: {"script":"<script> [1562 bytes]","args":[{"selector":{"id":"application-managesites-display-component---NewSite--addressEditDetailsCostObjectCstType-arrow"},"wdio_ui5_key":"applicationmanagesites-display-component---NewSite--addressEditDetailsCostObjectCstType-arrow"}]}
RESULT: undefined
COMMAND: POST /session/6a89fb51866d950e0bc97f386a060562/element - {"using":"xpath","value":"//*[@id=\"application-managesites-display-component---NewSite--addressEditDetailsCostObjectCstType-arrow\"]"}
RESULT: {}
RESULT: {"using":"xpath","value":"//*[@id=\"application-managesites-display-component---NewSite--addressEditDetailsCostObjectCstType-arrow\"]"}
COMMAND: POST /session/6a89fb51866d950e0bc97f386a060562/element/f.A6EC5B81BA07351D57539A0094149B7C.d.D791F72D6B3AFB0B55F8E7AB42AB5ED6.e.2273/click - {}
RESULT: {}
COMMAND: POST /session/6a89fb51866d950e0bc97f386a060562/element - {"using":"xpath","value":"//span[contains(text(), \"Work Breakdown Structure\")]"}
COMMAND: GET /session/6a89fb51866d950e0bc97f386a060562/screenshot - {}
RESULT: {"using":"xpath","value":"//span[contains(text(), \"Work Breakdown Structure\")]"}
COMMAND: POST /session/6a89fb51866d950e0bc97f386a060562/element/f.A6EC5B81BA07351D57539A0094149B7C.d.D791F72D6B3AFB0B55F8E7AB42AB5ED6.e.2274/click - {}
RESULT: {}
RESULT: {}
COMMAND: GET /session/6a89fb51866d950e0bc97f386a060562/screenshot - {}
RESULT: {}
COMMAND: POST /session/6a89fb51866d950e0bc97f386a060562/execute/async - {"script":"<script> [1562 bytes]","args":[{"selector":{"id":"application-managesites-display-component---NewSite--addressNewCostObjectCstID-vhi"},"wdio_ui5_key":"applicationmanagesites-display-component---NewSite--addressNewCostObjectCstID-vhi"}]}
RESULT: {"script":"<script> [1562 bytes]","args":[{"selector":{"id":"application-managesites-display-component---NewSite--addressNewCostObjectCstID-vhi"},"wdio_ui5_key":"applicationmanagesites-display-component---NewSite--addressNewCostObjectCstID-vhi"}]}
RESULT: undefined
COMMAND: POST /session/6a89fb51866d950e0bc97f386a060562/element - {"using":"xpath","value":"//*[@id=\"application-managesites-display-component---NewSite--addressNewCostObjectCstID-vhi\"]"}
RESULT: {"using":"xpath","value":"//*[@id=\"application-managesites-display-component---NewSite--addressNewCostObjectCstID-vhi\"]"}
COMMAND: POST /session/6a89fb51866d950e0bc97f386a060562/element/f.A6EC5B81BA07351D57539A0094149B7C.d.D791F72D6B3AFB0B55F8E7AB42AB5ED6.e.2278/click - {}
RESULT: {}
COMMAND: GET /session/6a89fb51866d950e0bc97f386a060562/screenshot - {}
RESULT: {}
COMMAND: POST /session/6a89fb51866d950e0bc97f386a060562/execute/async - {"script":"<script> [1562 bytes]","args":[{"selector":{"controlType":"sap.m.SearchField","properties":{"placeholder":"Search"},"searchOpenDialogs":true,"interaction":{"idSuffix":"I"}},"wdio_ui5_key":"sapm.SearchField{\"placeholder\":\"Search\"}"}]}
RESULT: {"script":"<script> [1562 bytes]","args":[{"selector":{"controlType":"sap.m.SearchField","properties":{"placeholder":"Search"},"searchOpenDialogs":true,"interaction":{"idSuffix":"I"}},"wdio_ui5_key":"sapm.SearchField{\"placeholder\":\"Search\"}"}]}
RESULT: undefined
COMMAND: POST /session/6a89fb51866d950e0bc97f386a060562/execute/async - {"script":"<script> [776 bytes]","args":[{"enterText":"A1-000100-01","selector":{"controlType":"sap.m.SearchField","properties":{"placeholder":"Search"},"searchOpenDialogs":true,"interaction":{"idSuffix":"I"}},"clearTextFirst":true,"interactionType":"ENTER_TEXT"}]}
RESULT: {"script":"<script> [776 bytes]","args":[{"enterText":"A1-000100-01","selector":{"controlType":"sap.m.SearchField","properties":{"placeholder":"Search"},"searchOpenDialogs":true,"interaction":{"idSuffix":"I"}},"clearTextFirst":true,"interactionType":"ENTER_TEXT"}]}
COMMAND: POST /session/6a89fb51866d950e0bc97f386a060562/actions - {"actions":[{"id":"action3","type":"key","parameters":{},"actions":[{"type":"keyDown","value":"î€‡"},{"type":"pause","duration":10},{"type":"keyUp","value":"î€‡"}]}]}
RESULT: {"actions":[{"id":"action3","type":"key","parameters":{},"actions":[{"type":"keyDown","value":"î€‡"},{"type":"pause","duration":10},{"type":"keyUp","value":"î€‡"}]}]}
COMMAND: GET /session/6a89fb51866d950e0bc97f386a060562/screenshot - {}
RESULT: {}
COMMAND: POST /session/6a89fb51866d950e0bc97f386a060562/element - {"using":"xpath","value":"//span[contains(text(), \"Template for ETO-Process\")]"}
RESULT: {"using":"xpath","value":"//span[contains(text(), \"Template for ETO-Process\")]"}
COMMAND: POST /session/6a89fb51866d950e0bc97f386a060562/element/f.A6EC5B81BA07351D57539A0094149B7C.d.D791F72D6B3AFB0B55F8E7AB42AB5ED6.e.2298/click - {}
RESULT: {}
COMMAND: GET /session/6a89fb51866d950e0bc97f386a060562/screenshot - {}
RESULT: {}
COMMAND: POST /session/6a89fb51866d950e0bc97f386a060562/element - {"using":"xpath","value":"//bdi[contains(text(), \"OK\")]"}
RESULT: {"using":"xpath","value":"//bdi[contains(text(), \"OK\")]"}
COMMAND: POST /session/6a89fb51866d950e0bc97f386a060562/element/f.A6EC5B81BA07351D57539A0094149B7C.d.D791F72D6B3AFB0B55F8E7AB42AB5ED6.e.2299/click - {}
RESULT: {}
COMMAND: GET /session/6a89fb51866d950e0bc97f386a060562/screenshot - {}
RESULT: {}
COMMAND: POST /session/6a89fb51866d950e0bc97f386a060562/element - {"using":"xpath","value":"//input[@id=\"application-managesites-display-component---NewSite--addressDetailDetailsYard-inner\"]"}
RESULT: {"using":"xpath","value":"//input[@id=\"application-managesites-display-component---NewSite--addressDetailDetailsYard-inner\"]"}
COMMAND: POST /session/6a89fb51866d950e0bc97f386a060562/element/f.A6EC5B81BA07351D57539A0094149B7C.d.D791F72D6B3AFB0B55F8E7AB42AB5ED6.e.2124/value - {"text":"643"}
RESULT: {"text":"643"}
COMMAND: GET /session/6a89fb51866d950e0bc97f386a060562/screenshot - {}
RESULT: {}
COMMAND: POST /session/6a89fb51866d950e0bc97f386a060562/actions - {"actions":[{"id":"action4","type":"key","parameters":{},"actions":[{"type":"keyDown","value":"î€‡"},{"type":"pause","duration":10},{"type":"keyUp","value":"î€‡"}]}]}
RESULT: {"actions":[{"id":"action4","type":"key","parameters":{},"actions":[{"type":"keyDown","value":"î€‡"},{"type":"pause","duration":10},{"type":"keyUp","value":"î€‡"}]}]}
COMMAND: GET /session/6a89fb51866d950e0bc97f386a060562/screenshot - {}
RESULT: {}
COMMAND: POST /session/6a89fb51866d950e0bc97f386a060562/element - {"using":"xpath","value":"//input[@id=\"application-managesites-display-component---NewSite--addressDetailDetailsPartner-inner\"]"}
RESULT: {"using":"xpath","value":"//input[@id=\"application-managesites-display-component---NewSite--addressDetailDetailsPartner-inner\"]"}
COMMAND: POST /session/6a89fb51866d950e0bc97f386a060562/elements - {"using":"xpath","value":"//input[@id=\"application-managesites-display-component---NewSite--addressDetailDetailsPartner-inner\"]"}
RESULT: {"using":"xpath","value":"//input[@id=\"application-managesites-display-component---NewSite--addressDetailDetailsPartner-inner\"]"}
COMMAND: POST /session/6a89fb51866d950e0bc97f386a060562/execute/async - {"script":"<script> [1562 bytes]","args":[{"selector":{"controlType":"sap.m.Button","viewName":"etm.portal.ui.managesites.view.NewSmartSite","viewId":"application-managesites-display-component---NewSite","properties":{"text":"Commercial"},"interaction":{"idSuffix":"BDI-content"}},"wdio_ui5_key":"etmportal.ui.managesites.view.NewSmartSitesap.m.Button{\"text\":\"Commercial\"}"}]}
RESULT: {"script":"<script> [1562 bytes]","args":[{"selector":{"controlType":"sap.m.Button","viewName":"etm.portal.ui.managesites.view.NewSmartSite","viewId":"application-managesites-display-component---NewSite","properties":{"text":"Commercial"},"interaction":{"idSuffix":"BDI-content"}},"wdio_ui5_key":"etmportal.ui.managesites.view.NewSmartSitesap.m.Button{\"text\":\"Commercial\"}"}]}
RESULT: undefined
COMMAND: POST /session/6a89fb51866d950e0bc97f386a060562/element - {"using":"xpath","value":"//*[@id=\"application-managesites-display-component---NewSite--ObjectPageLayout-anchBar-__section31-anchor\"]"}
RESULT: {"using":"xpath","value":"//*[@id=\"application-managesites-display-component---NewSite--ObjectPageLayout-anchBar-__section31-anchor\"]"}
COMMAND: POST /session/6a89fb51866d950e0bc97f386a060562/element/f.A6EC5B81BA07351D57539A0094149B7C.d.D791F72D6B3AFB0B55F8E7AB42AB5ED6.e.2306/click - {}
RESULT: {}
COMMAND: POST /session/6a89fb51866d950e0bc97f386a060562/execute/async - {"script":"<script> [1562 bytes]","args":[{"selector":{"controlType":"sap.m.Button","viewName":"etm.portal.ui.managesites.view.NewSmartSite","viewId":"application-managesites-display-component---NewSite","i18NText":{"propertyName":"text","key":"save"},"interaction":{"idSuffix":"BDI-content"}},"wdio_ui5_key":"etmportal.ui.managesites.view.NewSmartSitesap.m.Button{\"propertyName\":\"text\",\"key\":\"save\"}"}]}
COMMAND: GET /session/6a89fb51866d950e0bc97f386a060562/screenshot - {}
RESULT: {"script":"<script> [1562 bytes]","args":[{"selector":{"controlType":"sap.m.Button","viewName":"etm.portal.ui.managesites.view.NewSmartSite","viewId":"application-managesites-display-component---NewSite","i18NText":{"propertyName":"text","key":"save"},"interaction":{"idSuffix":"BDI-content"}},"wdio_ui5_key":"etmportal.ui.managesites.view.NewSmartSitesap.m.Button{\"propertyName\":\"text\",\"key\":\"save\"}"}]}
RESULT: undefined
COMMAND: POST /session/6a89fb51866d950e0bc97f386a060562/element - {"using":"xpath","value":"//*[@id=\"__button64\"]"}
RESULT: {}
RESULT: {"using":"xpath","value":"//*[@id=\"__button64\"]"}
COMMAND: POST /session/6a89fb51866d950e0bc97f386a060562/element/f.A6EC5B81BA07351D57539A0094149B7C.d.D791F72D6B3AFB0B55F8E7AB42AB5ED6.e.2254/click - {}
RESULT: {}
COMMAND: GET /session/6a89fb51866d950e0bc97f386a060562/screenshot - {}
RESULT: {}
COMMAND: POST /session/6a89fb51866d950e0bc97f386a060562/execute/async - {"script":"<script> [1562 bytes]","args":[{"selector":{"id":"application-managesites-display-component---detailSite--addressDetailDetailsYardText"},"wdio_ui5_key":"applicationmanagesites-display-component---detailSite--addressDetailDetailsYardText"}]}
RESULT: {"script":"<script> [1562 bytes]","args":[{"selector":{"id":"application-managesites-display-component---detailSite--addressDetailDetailsYardText"},"wdio_ui5_key":"applicationmanagesites-display-component---detailSite--addressDetailDetailsYardText"}]}
RESULT: undefined
COMMAND: POST /session/6a89fb51866d950e0bc97f386a060562/element - {"using":"xpath","value":"//header/div/div[2]/div[2]/span"}
RESULT: {"using":"xpath","value":"//header/div/div[2]/div[2]/span"}
COMMAND: GET /session/6a89fb51866d950e0bc97f386a060562/element/f.A6EC5B81BA07351D57539A0094149B7C.d.D791F72D6B3AFB0B55F8E7AB42AB5ED6.e.2506/text - {}
RESULT: {}
COMMAND: POST /session/6a89fb51866d950e0bc97f386a060562/element - {"using":"xpath","value":"//header/div/div/div/div/div/div[2]/div/span"}
RESULT: {"using":"xpath","value":"//header/div/div/div/div/div/div[2]/div/span"}
COMMAND: GET /session/6a89fb51866d950e0bc97f386a060562/element/f.A6EC5B81BA07351D57539A0094149B7C.d.D791F72D6B3AFB0B55F8E7AB42AB5ED6.e.2507/text - {}
RESULT: {}
COMMAND: POST /session/6a89fb51866d950e0bc97f386a060562/element - {"using":"css selector","value":"#shell-header-logo"}
RESULT: {"using":"css selector","value":"#shell-header-logo"}
COMMAND: POST /session/6a89fb51866d950e0bc97f386a060562/element/f.A6EC5B81BA07351D57539A0094149B7C.d.D791F72D6B3AFB0B55F8E7AB42AB5ED6.e.1840/click - {}
RESULT: {}
COMMAND: GET /session/6a89fb51866d950e0bc97f386a060562/screenshot - {}
RESULT: {}
]]></system-out>
    </testcase>
    <testcase classname="chrome.135_0_7049_115.windows.Standard_contract_-_add_contract_items_by_Insert_Request_US118222" name="Should create 2 new resources and a catalog item" time="404.472">
      <system-out><![CDATA[
COMMAND: POST /session/6a89fb51866d950e0bc97f386a060562/execute/async - {"script":"<script> [1562 bytes]","args":[{"selector":{"controlType":"sap.m.GenericTile","properties":{"header":"Manage Resources"}},"wdio_ui5_key":"sapm.GenericTile{\"header\":\"Manage Resources\"}"}]}
RESULT: {"script":"<script> [1562 bytes]","args":[{"selector":{"controlType":"sap.m.GenericTile","properties":{"header":"Manage Resources"}},"wdio_ui5_key":"sapm.GenericTile{\"header\":\"Manage Resources\"}"}]}
RESULT: undefined
COMMAND: POST /session/6a89fb51866d950e0bc97f386a060562/element - {"using":"xpath","value":"//*[@id=\"__tile39\"]"}
RESULT: {"using":"xpath","value":"//*[@id=\"__tile39\"]"}
COMMAND: POST /session/6a89fb51866d950e0bc97f386a060562/element/f.A6EC5B81BA07351D57539A0094149B7C.d.D791F72D6B3AFB0B55F8E7AB42AB5ED6.e.2509/click - {}
RESULT: {}
COMMAND: GET /session/6a89fb51866d950e0bc97f386a060562/screenshot - {}
RESULT: {}
COMMAND: POST /session/6a89fb51866d950e0bc97f386a060562/element - {"using":"xpath","value":"//button[@data-kt=\"addNewRUOverflowToolbarButton\"]"}
RESULT: {"using":"xpath","value":"//button[@data-kt=\"addNewRUOverflowToolbarButton\"]"}
COMMAND: POST /session/6a89fb51866d950e0bc97f386a060562/element - {"using":"xpath","value":"//button[@data-kt=\"addNewRUOverflowToolbarButton\"]"}
RESULT: {"using":"xpath","value":"//button[@data-kt=\"addNewRUOverflowToolbarButton\"]"}
COMMAND: POST /session/6a89fb51866d950e0bc97f386a060562/execute/sync - {"script":"<script> [8489 bytes]","args":[{"element-6066-11e4-a52e-4f735466cecf":"f.A6EC5B81BA07351D57539A0094149B7C.d.D791F72D6B3AFB0B55F8E7AB42AB5ED6.e.2551","ELEMENT":"f.A6EC5B81BA07351D57539A0094149B7C.d.D791F72D6B3AFB0B55F8E7AB42AB5ED6.e.2551"}]}
RESULT: {"script":"<script> [8489 bytes]","args":[{"element-6066-11e4-a52e-4f735466cecf":"f.A6EC5B81BA07351D57539A0094149B7C.d.D791F72D6B3AFB0B55F8E7AB42AB5ED6.e.2551","ELEMENT":"f.A6EC5B81BA07351D57539A0094149B7C.d.D791F72D6B3AFB0B55F8E7AB42AB5ED6.e.2551"}]}
COMMAND: POST /session/6a89fb51866d950e0bc97f386a060562/element/f.A6EC5B81BA07351D57539A0094149B7C.d.D791F72D6B3AFB0B55F8E7AB42AB5ED6.e.2551/click - {}
COMMAND: GET /session/6a89fb51866d950e0bc97f386a060562/screenshot - {}
RESULT: {}
COMMAND: POST /session/6a89fb51866d950e0bc97f386a060562/execute/async - {"script":"<script> [1562 bytes]","args":[{"selector":{"id":"application-manageresources-display-component---newResourceUnit--TYPE-arrow"},"wdio_ui5_key":"applicationmanageresources-display-component---newResourceUnit--TYPE-arrow"}]}
COMMAND: GET /session/6a89fb51866d950e0bc97f386a060562/screenshot - {}
RESULT: {}
RESULT: {"script":"<script> [1562 bytes]","args":[{"selector":{"id":"application-manageresources-display-component---newResourceUnit--TYPE-arrow"},"wdio_ui5_key":"applicationmanageresources-display-component---newResourceUnit--TYPE-arrow"}]}
RESULT: undefined
COMMAND: POST /session/6a89fb51866d950e0bc97f386a060562/element - {"using":"xpath","value":"//*[@id=\"application-manageresources-display-component---newResourceUnit--TYPE-arrow\"]"}
RESULT: {}
RESULT: {"using":"xpath","value":"//*[@id=\"application-manageresources-display-component---newResourceUnit--TYPE-arrow\"]"}
COMMAND: POST /session/6a89fb51866d950e0bc97f386a060562/element/f.A6EC5B81BA07351D57539A0094149B7C.d.D791F72D6B3AFB0B55F8E7AB42AB5ED6.e.2862/click - {}
RESULT: {}
COMMAND: POST /session/6a89fb51866d950e0bc97f386a060562/execute/async - {"script":"<script> [1562 bytes]","args":[{"selector":{"controlType":"sap.m.StandardListItem","viewName":"reusables.view.manageresources.NewResourceUnit","viewId":"application-manageresources-display-component---newResourceUnit","properties":{"title":"Material"},"searchOpenDialogs":true,"interaction":{"idSuffix":"titleText"}},"wdio_ui5_key":"reusablesview.manageresources.NewResourceUnitsap.m.StandardListItem{\"title\":\"Material\"}"}]}
COMMAND: GET /session/6a89fb51866d950e0bc97f386a060562/screenshot - {}
RESULT: {"script":"<script> [1562 bytes]","args":[{"selector":{"controlType":"sap.m.StandardListItem","viewName":"reusables.view.manageresources.NewResourceUnit","viewId":"application-manageresources-display-component---newResourceUnit","properties":{"title":"Material"},"searchOpenDialogs":true,"interaction":{"idSuffix":"titleText"}},"wdio_ui5_key":"reusablesview.manageresources.NewResourceUnitsap.m.StandardListItem{\"title\":\"Material\"}"}]}
RESULT: undefined
COMMAND: POST /session/6a89fb51866d950e0bc97f386a060562/element - {"using":"xpath","value":"//*[@id=\"__item1227\"]"}
RESULT: {}
RESULT: {"using":"xpath","value":"//*[@id=\"__item1227\"]"}
COMMAND: POST /session/6a89fb51866d950e0bc97f386a060562/element/f.A6EC5B81BA07351D57539A0094149B7C.d.D791F72D6B3AFB0B55F8E7AB42AB5ED6.e.2865/click - {}
RESULT: {}
COMMAND: POST /session/6a89fb51866d950e0bc97f386a060562/execute/async - {"script":"<script> [1562 bytes]","args":[{"selector":{"id":"application-manageresources-display-component---newResourceUnit--SHORT_TEXT","interaction":{"idSuffix":"inner"}},"wdio_ui5_key":"applicationmanageresources-display-component---newResourceUnit--SHORT_TEXT"}]}
COMMAND: GET /session/6a89fb51866d950e0bc97f386a060562/screenshot - {}
RESULT: {"script":"<script> [1562 bytes]","args":[{"selector":{"id":"application-manageresources-display-component---newResourceUnit--SHORT_TEXT","interaction":{"idSuffix":"inner"}},"wdio_ui5_key":"applicationmanageresources-display-component---newResourceUnit--SHORT_TEXT"}]}
RESULT: undefined
COMMAND: POST /session/6a89fb51866d950e0bc97f386a060562/execute/async - {"script":"<script> [776 bytes]","args":[{"enterText":"WebdriverRUR2Csk9oq","selector":{"id":"application-manageresources-display-component---newResourceUnit--SHORT_TEXT","interaction":{"idSuffix":"inner"}},"clearTextFirst":true,"interactionType":"ENTER_TEXT"}]}
RESULT: {}
RESULT: {"script":"<script> [776 bytes]","args":[{"enterText":"WebdriverRUR2Csk9oq","selector":{"id":"application-manageresources-display-component---newResourceUnit--SHORT_TEXT","interaction":{"idSuffix":"inner"}},"clearTextFirst":true,"interactionType":"ENTER_TEXT"}]}
COMMAND: POST /session/6a89fb51866d950e0bc97f386a060562/execute/async - {"script":"<script> [1562 bytes]","args":[{"selector":{"id":"application-manageresources-display-component---newResourceUnit--BASE_UNIT_OF_MEASURE-arrow"},"wdio_ui5_key":"applicationmanageresources-display-component---newResourceUnit--BASE_UNIT_OF_MEASURE-arrow"}]}
RESULT: {"script":"<script> [1562 bytes]","args":[{"selector":{"id":"application-manageresources-display-component---newResourceUnit--BASE_UNIT_OF_MEASURE-arrow"},"wdio_ui5_key":"applicationmanageresources-display-component---newResourceUnit--BASE_UNIT_OF_MEASURE-arrow"}]}
RESULT: undefined
COMMAND: POST /session/6a89fb51866d950e0bc97f386a060562/element - {"using":"xpath","value":"//*[@id=\"application-manageresources-display-component---newResourceUnit--BASE_UNIT_OF_MEASURE-arrow\"]"}
RESULT: {"using":"xpath","value":"//*[@id=\"application-manageresources-display-component---newResourceUnit--BASE_UNIT_OF_MEASURE-arrow\"]"}
COMMAND: POST /session/6a89fb51866d950e0bc97f386a060562/element/f.A6EC5B81BA07351D57539A0094149B7C.d.D791F72D6B3AFB0B55F8E7AB42AB5ED6.e.2922/click - {}
RESULT: {}
COMMAND: POST /session/6a89fb51866d950e0bc97f386a060562/execute/async - {"script":"<script> [1562 bytes]","args":[{"selector":{"controlType":"sap.m.StandardListItem","viewName":"reusables.view.manageresources.NewResourceUnit","viewId":"application-manageresources-display-component---newResourceUnit","properties":{"title":"Piece"},"searchOpenDialogs":true,"interaction":{"idSuffix":"titleText"}},"wdio_ui5_key":"reusablesview.manageresources.NewResourceUnitsap.m.StandardListItem{\"title\":\"Piece\"}"}]}
COMMAND: GET /session/6a89fb51866d950e0bc97f386a060562/screenshot - {}
RESULT: {"script":"<script> [1562 bytes]","args":[{"selector":{"controlType":"sap.m.StandardListItem","viewName":"reusables.view.manageresources.NewResourceUnit","viewId":"application-manageresources-display-component---newResourceUnit","properties":{"title":"Piece"},"searchOpenDialogs":true,"interaction":{"idSuffix":"titleText"}},"wdio_ui5_key":"reusablesview.manageresources.NewResourceUnitsap.m.StandardListItem{\"title\":\"Piece\"}"}]}
RESULT: undefined
COMMAND: POST /session/6a89fb51866d950e0bc97f386a060562/element - {"using":"xpath","value":"//*[@id=\"__item1271\"]"}
RESULT: {}
RESULT: {"using":"xpath","value":"//*[@id=\"__item1271\"]"}
COMMAND: POST /session/6a89fb51866d950e0bc97f386a060562/element/f.A6EC5B81BA07351D57539A0094149B7C.d.D791F72D6B3AFB0B55F8E7AB42AB5ED6.e.2924/click - {}
RESULT: {}
COMMAND: POST /session/6a89fb51866d950e0bc97f386a060562/element - {"using":"xpath","value":"//input[contains(@id ,\"application-manageresources-display-component---newResourceUnit--SHORT_TEXT-inner\")]"}
COMMAND: GET /session/6a89fb51866d950e0bc97f386a060562/screenshot - {}
RESULT: {"using":"xpath","value":"//input[contains(@id ,\"application-manageresources-display-component---newResourceUnit--SHORT_TEXT-inner\")]"}
COMMAND: GET /session/6a89fb51866d950e0bc97f386a060562/element/f.A6EC5B81BA07351D57539A0094149B7C.d.D791F72D6B3AFB0B55F8E7AB42AB5ED6.e.2883/property/value - {}
RESULT: {}
RESULT: {}
COMMAND: POST /session/6a89fb51866d950e0bc97f386a060562/execute/async - {"script":"<script> [1562 bytes]","args":[{"selector":{"id":"application-manageresources-display-component---newResourceUnit--WEIGHT_UNIT-arrow"},"wdio_ui5_key":"applicationmanageresources-display-component---newResourceUnit--WEIGHT_UNIT-arrow"}]}
COMMAND: GET /session/6a89fb51866d950e0bc97f386a060562/screenshot - {}
RESULT: {"script":"<script> [1562 bytes]","args":[{"selector":{"id":"application-manageresources-display-component---newResourceUnit--WEIGHT_UNIT-arrow"},"wdio_ui5_key":"applicationmanageresources-display-component---newResourceUnit--WEIGHT_UNIT-arrow"}]}
RESULT: undefined
COMMAND: POST /session/6a89fb51866d950e0bc97f386a060562/element - {"using":"xpath","value":"//*[@id=\"application-manageresources-display-component---newResourceUnit--WEIGHT_UNIT-arrow\"]"}
RESULT: {}
RESULT: {"using":"xpath","value":"//*[@id=\"application-manageresources-display-component---newResourceUnit--WEIGHT_UNIT-arrow\"]"}
COMMAND: POST /session/6a89fb51866d950e0bc97f386a060562/element/f.A6EC5B81BA07351D57539A0094149B7C.d.D791F72D6B3AFB0B55F8E7AB42AB5ED6.e.2925/click - {}
RESULT: {}
COMMAND: POST /session/6a89fb51866d950e0bc97f386a060562/execute/async - {"script":"<script> [1562 bytes]","args":[{"selector":{"controlType":"sap.m.StandardListItem","viewName":"reusables.view.manageresources.NewResourceUnit","viewId":"application-manageresources-display-component---newResourceUnit","properties":{"title":"Gram"},"searchOpenDialogs":true,"interaction":{"idSuffix":"content"}},"wdio_ui5_key":"reusablesview.manageresources.NewResourceUnitsap.m.StandardListItem{\"title\":\"Gram\"}"}]}
COMMAND: GET /session/6a89fb51866d950e0bc97f386a060562/screenshot - {}
RESULT: {"script":"<script> [1562 bytes]","args":[{"selector":{"controlType":"sap.m.StandardListItem","viewName":"reusables.view.manageresources.NewResourceUnit","viewId":"application-manageresources-display-component---newResourceUnit","properties":{"title":"Gram"},"searchOpenDialogs":true,"interaction":{"idSuffix":"content"}},"wdio_ui5_key":"reusablesview.manageresources.NewResourceUnitsap.m.StandardListItem{\"title\":\"Gram\"}"}]}
RESULT: undefined
COMMAND: POST /session/6a89fb51866d950e0bc97f386a060562/element - {"using":"xpath","value":"//*[@id=\"__item1336\"]"}
RESULT: {}
RESULT: {"using":"xpath","value":"//*[@id=\"__item1336\"]"}
COMMAND: POST /session/6a89fb51866d950e0bc97f386a060562/element/f.A6EC5B81BA07351D57539A0094149B7C.d.D791F72D6B3AFB0B55F8E7AB42AB5ED6.e.2927/click - {}
RESULT: {}
COMMAND: POST /session/6a89fb51866d950e0bc97f386a060562/execute/async - {"script":"<script> [1562 bytes]","args":[{"selector":{"id":"application-manageresources-display-component---newResourceUnit--newRRUPage-OPHeaderContent-collapseBtn-img"},"wdio_ui5_key":"applicationmanageresources-display-component---newResourceUnit--newRRUPage-OPHeaderContent-collapseBtn-img"}]}
COMMAND: GET /session/6a89fb51866d950e0bc97f386a060562/screenshot - {}
RESULT: {"script":"<script> [1562 bytes]","args":[{"selector":{"id":"application-manageresources-display-component---newResourceUnit--newRRUPage-OPHeaderContent-collapseBtn-img"},"wdio_ui5_key":"applicationmanageresources-display-component---newResourceUnit--newRRUPage-OPHeaderContent-collapseBtn-img"}]}
RESULT: undefined
COMMAND: POST /session/6a89fb51866d950e0bc97f386a060562/element - {"using":"xpath","value":"//*[@id=\"application-manageresources-display-component---newResourceUnit--newRRUPage-OPHeaderContent-collapseBtn-img\"]"}
RESULT: {}
RESULT: {"using":"xpath","value":"//*[@id=\"application-manageresources-display-component---newResourceUnit--newRRUPage-OPHeaderContent-collapseBtn-img\"]"}
COMMAND: POST /session/6a89fb51866d950e0bc97f386a060562/element/f.A6EC5B81BA07351D57539A0094149B7C.d.D791F72D6B3AFB0B55F8E7AB42AB5ED6.e.2872/click - {}
RESULT: {}
COMMAND: GET /session/6a89fb51866d950e0bc97f386a060562/screenshot - {}
RESULT: {}
COMMAND: POST /session/6a89fb51866d950e0bc97f386a060562/element - {"using":"xpath","value":"(//span[contains(@id ,\"application-manageresources-display-component---newResourceUnit--DIMENSION_UNIT-arrow\")])[1]"}
RESULT: {"using":"xpath","value":"(//span[contains(@id ,\"application-manageresources-display-component---newResourceUnit--DIMENSION_UNIT-arrow\")])[1]"}
COMMAND: POST /session/6a89fb51866d950e0bc97f386a060562/element/f.A6EC5B81BA07351D57539A0094149B7C.d.D791F72D6B3AFB0B55F8E7AB42AB5ED6.e.2933/click - {}
RESULT: {}
COMMAND: GET /session/6a89fb51866d950e0bc97f386a060562/screenshot - {}
RESULT: {}
COMMAND: POST /session/6a89fb51866d950e0bc97f386a060562/execute/async - {"script":"<script> [1562 bytes]","args":[{"selector":{"controlType":"sap.m.StandardListItem","viewName":"reusables.view.manageresources.NewResourceUnit","viewId":"application-manageresources-display-component---newResourceUnit","properties":{"title":"Centimeter"},"searchOpenDialogs":true,"interaction":{"idSuffix":"titleText"}},"wdio_ui5_key":"reusablesview.manageresources.NewResourceUnitsap.m.StandardListItem{\"title\":\"Centimeter\"}"}]}
RESULT: {"script":"<script> [1562 bytes]","args":[{"selector":{"controlType":"sap.m.StandardListItem","viewName":"reusables.view.manageresources.NewResourceUnit","viewId":"application-manageresources-display-component---newResourceUnit","properties":{"title":"Centimeter"},"searchOpenDialogs":true,"interaction":{"idSuffix":"titleText"}},"wdio_ui5_key":"reusablesview.manageresources.NewResourceUnitsap.m.StandardListItem{\"title\":\"Centimeter\"}"}]}
RESULT: undefined
COMMAND: POST /session/6a89fb51866d950e0bc97f386a060562/element - {"using":"xpath","value":"//*[@id=\"__item1339\"]"}
RESULT: {"using":"xpath","value":"//*[@id=\"__item1339\"]"}
COMMAND: POST /session/6a89fb51866d950e0bc97f386a060562/element/f.A6EC5B81BA07351D57539A0094149B7C.d.D791F72D6B3AFB0B55F8E7AB42AB5ED6.e.2935/click - {}
RESULT: {}
COMMAND: POST /session/6a89fb51866d950e0bc97f386a060562/execute/async - {"script":"<script> [1562 bytes]","args":[{"selector":{"id":"application-manageresources-display-component---newResourceUnit--newRRUPage-anchBar-application-manageresources-display-component---newResourceUnit--reference-anchor","interaction":{"idSuffix":"BDI-content"}},"wdio_ui5_key":"applicationmanageresources-display-component---newResourceUnit--newRRUPage-anchBar-application-manageresources-display-component---newResourceUnit--reference-anchor"}]}
COMMAND: GET /session/6a89fb51866d950e0bc97f386a060562/screenshot - {}
RESULT: {"script":"<script> [1562 bytes]","args":[{"selector":{"id":"application-manageresources-display-component---newResourceUnit--newRRUPage-anchBar-application-manageresources-display-component---newResourceUnit--reference-anchor","interaction":{"idSuffix":"BDI-content"}},"wdio_ui5_key":"applicationmanageresources-display-component---newResourceUnit--newRRUPage-anchBar-application-manageresources-display-component---newResourceUnit--reference-anchor"}]}
RESULT: undefined
COMMAND: POST /session/6a89fb51866d950e0bc97f386a060562/element - {"using":"xpath","value":"//*[@id=\"application-manageresources-display-component---newResourceUnit--newRRUPage-anchBar-application-manageresources-display-component---newResourceUnit--reference-anchor\"]"}
RESULT: {}
RESULT: {"using":"xpath","value":"//*[@id=\"application-manageresources-display-component---newResourceUnit--newRRUPage-anchBar-application-manageresources-display-component---newResourceUnit--reference-anchor\"]"}
COMMAND: POST /session/6a89fb51866d950e0bc97f386a060562/element/f.A6EC5B81BA07351D57539A0094149B7C.d.D791F72D6B3AFB0B55F8E7AB42AB5ED6.e.2937/click - {}
RESULT: {}
COMMAND: POST /session/6a89fb51866d950e0bc97f386a060562/execute/async - {"script":"<script> [1562 bytes]","args":[{"selector":{"id":"application-manageresources-display-component---newResourceUnit--PLANNING_GROUP-arrow"},"wdio_ui5_key":"applicationmanageresources-display-component---newResourceUnit--PLANNING_GROUP-arrow"}]}
COMMAND: GET /session/6a89fb51866d950e0bc97f386a060562/screenshot - {}
RESULT: {"script":"<script> [1562 bytes]","args":[{"selector":{"id":"application-manageresources-display-component---newResourceUnit--PLANNING_GROUP-arrow"},"wdio_ui5_key":"applicationmanageresources-display-component---newResourceUnit--PLANNING_GROUP-arrow"}]}
RESULT: undefined
COMMAND: POST /session/6a89fb51866d950e0bc97f386a060562/element - {"using":"xpath","value":"//*[@id=\"application-manageresources-display-component---newResourceUnit--PLANNING_GROUP-arrow\"]"}
RESULT: {}
RESULT: {"using":"xpath","value":"//*[@id=\"application-manageresources-display-component---newResourceUnit--PLANNING_GROUP-arrow\"]"}
COMMAND: POST /session/6a89fb51866d950e0bc97f386a060562/element/f.A6EC5B81BA07351D57539A0094149B7C.d.D791F72D6B3AFB0B55F8E7AB42AB5ED6.e.2941/click - {}
RESULT: {}
COMMAND: POST /session/6a89fb51866d950e0bc97f386a060562/execute/async - {"script":"<script> [1562 bytes]","args":[{"selector":{"controlType":"sap.m.StandardListItem","viewName":"reusables.view.manageresources.NewResourceUnit","viewId":"application-manageresources-display-component---newResourceUnit","properties":{"title":"Heavy Equi"},"searchOpenDialogs":true,"interaction":{"idSuffix":"content"}},"wdio_ui5_key":"reusablesview.manageresources.NewResourceUnitsap.m.StandardListItem{\"title\":\"Heavy Equi\"}"}]}
COMMAND: GET /session/6a89fb51866d950e0bc97f386a060562/screenshot - {}
RESULT: {"script":"<script> [1562 bytes]","args":[{"selector":{"controlType":"sap.m.StandardListItem","viewName":"reusables.view.manageresources.NewResourceUnit","viewId":"application-manageresources-display-component---newResourceUnit","properties":{"title":"Heavy Equi"},"searchOpenDialogs":true,"interaction":{"idSuffix":"content"}},"wdio_ui5_key":"reusablesview.manageresources.NewResourceUnitsap.m.StandardListItem{\"title\":\"Heavy Equi\"}"}]}
RESULT: undefined
COMMAND: POST /session/6a89fb51866d950e0bc97f386a060562/element - {"using":"xpath","value":"//*[@id=\"__item1347\"]"}
RESULT: {}
RESULT: {"using":"xpath","value":"//*[@id=\"__item1347\"]"}
COMMAND: POST /session/6a89fb51866d950e0bc97f386a060562/element/f.A6EC5B81BA07351D57539A0094149B7C.d.D791F72D6B3AFB0B55F8E7AB42AB5ED6.e.2943/click - {}
RESULT: {}
COMMAND: GET /session/6a89fb51866d950e0bc97f386a060562/screenshot - {}
RESULT: {}
COMMAND: POST /session/6a89fb51866d950e0bc97f386a060562/execute/async - {"script":"<script> [1562 bytes]","args":[{"selector":{"id":"application-manageresources-display-component---newResourceUnit--PLANNING_INDICATOR-arrow"},"wdio_ui5_key":"applicationmanageresources-display-component---newResourceUnit--PLANNING_INDICATOR-arrow"}]}
RESULT: {"script":"<script> [1562 bytes]","args":[{"selector":{"id":"application-manageresources-display-component---newResourceUnit--PLANNING_INDICATOR-arrow"},"wdio_ui5_key":"applicationmanageresources-display-component---newResourceUnit--PLANNING_INDICATOR-arrow"}]}
RESULT: undefined
COMMAND: POST /session/6a89fb51866d950e0bc97f386a060562/element - {"using":"xpath","value":"//*[@id=\"application-manageresources-display-component---newResourceUnit--PLANNING_INDICATOR-arrow\"]"}
RESULT: {"using":"xpath","value":"//*[@id=\"application-manageresources-display-component---newResourceUnit--PLANNING_INDICATOR-arrow\"]"}
COMMAND: POST /session/6a89fb51866d950e0bc97f386a060562/element/f.A6EC5B81BA07351D57539A0094149B7C.d.D791F72D6B3AFB0B55F8E7AB42AB5ED6.e.2944/click - {}
RESULT: {}
COMMAND: POST /session/6a89fb51866d950e0bc97f386a060562/execute/async - {"script":"<script> [1562 bytes]","args":[{"selector":{"controlType":"sap.m.StandardListItem","viewName":"reusables.view.manageresources.NewResourceUnit","viewId":"application-manageresources-display-component---newResourceUnit","properties":{"title":"10 - infinite"},"searchOpenDialogs":true,"interaction":{"idSuffix":"content"}},"wdio_ui5_key":"reusablesview.manageresources.NewResourceUnitsap.m.StandardListItem{\"title\":\"10 - infinite\"}"}]}
COMMAND: GET /session/6a89fb51866d950e0bc97f386a060562/screenshot - {}
RESULT: {"script":"<script> [1562 bytes]","args":[{"selector":{"controlType":"sap.m.StandardListItem","viewName":"reusables.view.manageresources.NewResourceUnit","viewId":"application-manageresources-display-component---newResourceUnit","properties":{"title":"10 - infinite"},"searchOpenDialogs":true,"interaction":{"idSuffix":"content"}},"wdio_ui5_key":"reusablesview.manageresources.NewResourceUnitsap.m.StandardListItem{\"title\":\"10 - infinite\"}"}]}
RESULT: undefined
COMMAND: POST /session/6a89fb51866d950e0bc97f386a060562/element - {"using":"xpath","value":"//*[@id=\"__item1357\"]"}
RESULT: {}
RESULT: {"using":"xpath","value":"//*[@id=\"__item1357\"]"}
COMMAND: POST /session/6a89fb51866d950e0bc97f386a060562/element/f.A6EC5B81BA07351D57539A0094149B7C.d.D791F72D6B3AFB0B55F8E7AB42AB5ED6.e.2946/click - {}
RESULT: {}
COMMAND: GET /session/6a89fb51866d950e0bc97f386a060562/screenshot - {}
RESULT: {}
COMMAND: POST /session/6a89fb51866d950e0bc97f386a060562/element - {"using":"xpath","value":"//bdi[contains(text(), \"Time Segment\")]"}
RESULT: {"using":"xpath","value":"//bdi[contains(text(), \"Time Segment\")]"}
COMMAND: GET /session/6a89fb51866d950e0bc97f386a060562/element/f.A6EC5B81BA07351D57539A0094149B7C.d.D791F72D6B3AFB0B55F8E7AB42AB5ED6.e.2947/rect - {}
RESULT: {}
COMMAND: GET /session/6a89fb51866d950e0bc97f386a060562/window/rect - {}
RESULT: {}
COMMAND: POST /session/6a89fb51866d950e0bc97f386a060562/execute/sync - {"script":"<script> [92 bytes]","args":[]}
RESULT: {"script":"<script> [92 bytes]","args":[]}
COMMAND: POST /session/6a89fb51866d950e0bc97f386a060562/actions - {"actions":[{"id":"action5","type":"wheel","parameters":{},"actions":[{"type":"scroll","x":-1820,"y":-21,"deltaX":0,"deltaY":0,"duration":0,"origin":{"element-6066-11e4-a52e-4f735466cecf":"f.A6EC5B81BA07351D57539A0094149B7C.d.D791F72D6B3AFB0B55F8E7AB42AB5ED6.e.2947"}}]}]}
COMMAND: GET /session/6a89fb51866d950e0bc97f386a060562/screenshot - {}
RESULT: {}
COMMAND: POST /session/6a89fb51866d950e0bc97f386a060562/execute/sync - {"script":"<script> [79 bytes]","args":[{"element-6066-11e4-a52e-4f735466cecf":"f.A6EC5B81BA07351D57539A0094149B7C.d.D791F72D6B3AFB0B55F8E7AB42AB5ED6.e.2947","ELEMENT":"f.A6EC5B81BA07351D57539A0094149B7C.d.D791F72D6B3AFB0B55F8E7AB42AB5ED6.e.2947"},{"block":"start","inline":"nearest"}]}
RESULT: {"script":"<script> [79 bytes]","args":[{"element-6066-11e4-a52e-4f735466cecf":"f.A6EC5B81BA07351D57539A0094149B7C.d.D791F72D6B3AFB0B55F8E7AB42AB5ED6.e.2947","ELEMENT":"f.A6EC5B81BA07351D57539A0094149B7C.d.D791F72D6B3AFB0B55F8E7AB42AB5ED6.e.2947"},{"block":"start","inline":"nearest"}]}
COMMAND: GET /session/6a89fb51866d950e0bc97f386a060562/screenshot - {}
RESULT: {}
COMMAND: POST /session/6a89fb51866d950e0bc97f386a060562/element - {"using":"xpath","value":"//span[@id=\"application-manageresources-display-component---newResourceUnit--btnAddTimeSegment-img\"]"}
RESULT: {"using":"xpath","value":"//span[@id=\"application-manageresources-display-component---newResourceUnit--btnAddTimeSegment-img\"]"}
COMMAND: POST /session/6a89fb51866d950e0bc97f386a060562/execute/sync - {"script":"<script> [8489 bytes]","args":[{"element-6066-11e4-a52e-4f735466cecf":"f.A6EC5B81BA07351D57539A0094149B7C.d.D791F72D6B3AFB0B55F8E7AB42AB5ED6.e.2950","ELEMENT":"f.A6EC5B81BA07351D57539A0094149B7C.d.D791F72D6B3AFB0B55F8E7AB42AB5ED6.e.2950"}]}
RESULT: {"script":"<script> [8489 bytes]","args":[{"element-6066-11e4-a52e-4f735466cecf":"f.A6EC5B81BA07351D57539A0094149B7C.d.D791F72D6B3AFB0B55F8E7AB42AB5ED6.e.2950","ELEMENT":"f.A6EC5B81BA07351D57539A0094149B7C.d.D791F72D6B3AFB0B55F8E7AB42AB5ED6.e.2950"}]}
COMMAND: POST /session/6a89fb51866d950e0bc97f386a060562/element/f.A6EC5B81BA07351D57539A0094149B7C.d.D791F72D6B3AFB0B55F8E7AB42AB5ED6.e.2950/click - {}
COMMAND: GET /session/6a89fb51866d950e0bc97f386a060562/screenshot - {}
RESULT: {}
COMMAND: GET /session/6a89fb51866d950e0bc97f386a060562/screenshot - {}
COMMAND: POST /session/6a89fb51866d950e0bc97f386a060562/element - {"using":"xpath","value":"//input[@id=\"application-manageresources-display-component---newResourceUnit--idRuTSAdmin-application-manageresources-display-component---newResourceUnit--RUTimeSegment-0-inner\"]"}
RESULT: {}
RESULT: {}
RESULT: {"using":"xpath","value":"//input[@id=\"application-manageresources-display-component---newResourceUnit--idRuTSAdmin-application-manageresources-display-component---newResourceUnit--RUTimeSegment-0-inner\"]"}
COMMAND: POST /session/6a89fb51866d950e0bc97f386a060562/element/f.A6EC5B81BA07351D57539A0094149B7C.d.D791F72D6B3AFB0B55F8E7AB42AB5ED6.e.2953/clear - {}
RESULT: {}
COMMAND: POST /session/6a89fb51866d950e0bc97f386a060562/element/f.A6EC5B81BA07351D57539A0094149B7C.d.D791F72D6B3AFB0B55F8E7AB42AB5ED6.e.2953/value - {"text":"WebdriverYard87g2b"}
COMMAND: GET /session/6a89fb51866d950e0bc97f386a060562/screenshot - {}
RESULT: {"text":"WebdriverYard87g2b"}
COMMAND: GET /session/6a89fb51866d950e0bc97f386a060562/screenshot - {}
RESULT: {}
RESULT: {}
COMMAND: POST /session/6a89fb51866d950e0bc97f386a060562/actions - {"actions":[{"id":"action6","type":"key","parameters":{},"actions":[{"type":"keyDown","value":"î€‡"},{"type":"pause","duration":10},{"type":"keyUp","value":"î€‡"}]}]}
RESULT: {"actions":[{"id":"action6","type":"key","parameters":{},"actions":[{"type":"keyDown","value":"î€‡"},{"type":"pause","duration":10},{"type":"keyUp","value":"î€‡"}]}]}
COMMAND: GET /session/6a89fb51866d950e0bc97f386a060562/screenshot - {}
RESULT: {}
COMMAND: POST /session/6a89fb51866d950e0bc97f386a060562/execute/async - {"script":"<script> [1562 bytes]","args":[{"selector":{"controlType":"sap.m.Button","viewName":"reusables.view.manageresources.NewResourceUnit","viewId":"application-manageresources-display-component---newResourceUnit","i18NText":{"propertyName":"tooltip","key":"save"},"interaction":{"idSuffix":"BDI-content"}},"wdio_ui5_key":"reusablesview.manageresources.NewResourceUnitsap.m.Button{\"propertyName\":\"tooltip\",\"key\":\"save\"}"}]}
RESULT: {"script":"<script> [1562 bytes]","args":[{"selector":{"controlType":"sap.m.Button","viewName":"reusables.view.manageresources.NewResourceUnit","viewId":"application-manageresources-display-component---newResourceUnit","i18NText":{"propertyName":"tooltip","key":"save"},"interaction":{"idSuffix":"BDI-content"}},"wdio_ui5_key":"reusablesview.manageresources.NewResourceUnitsap.m.Button{\"propertyName\":\"tooltip\",\"key\":\"save\"}"}]}
RESULT: undefined
COMMAND: POST /session/6a89fb51866d950e0bc97f386a060562/element - {"using":"xpath","value":"//*[@id=\"application-manageresources-display-component---newResourceUnit--createRuButton\"]"}
RESULT: {"using":"xpath","value":"//*[@id=\"application-manageresources-display-component---newResourceUnit--createRuButton\"]"}
COMMAND: POST /session/6a89fb51866d950e0bc97f386a060562/element/f.A6EC5B81BA07351D57539A0094149B7C.d.D791F72D6B3AFB0B55F8E7AB42AB5ED6.e.2878/click - {}
RESULT: {}
COMMAND: GET /session/6a89fb51866d950e0bc97f386a060562/screenshot - {}
RESULT: {}
COMMAND: POST /session/6a89fb51866d950e0bc97f386a060562/execute/async - {"script":"<script> [1562 bytes]","args":[{"selector":{"controlType":"sap.m.Title","properties":{"text":"Success"},"searchOpenDialogs":true},"wdio_ui5_key":"sapm.Title{\"text\":\"Success\"}"}]}
RESULT: {"script":"<script> [1562 bytes]","args":[{"selector":{"controlType":"sap.m.Title","properties":{"text":"Success"},"searchOpenDialogs":true},"wdio_ui5_key":"sapm.Title{\"text\":\"Success\"}"}]}
RESULT: undefined
COMMAND: POST /session/6a89fb51866d950e0bc97f386a060562/execute/async - {"script":"<script> [6424 bytes]","args":[{"element-6066-11e4-a52e-4f735466cecf":"f.A6EC5B81BA07351D57539A0094149B7C.d.D791F72D6B3AFB0B55F8E7AB42AB5ED6.e.2967"},"getText",[]]}
RESULT: {"script":"<script> [6424 bytes]","args":[{"element-6066-11e4-a52e-4f735466cecf":"f.A6EC5B81BA07351D57539A0094149B7C.d.D791F72D6B3AFB0B55F8E7AB42AB5ED6.e.2967"},"getText",[]]}
COMMAND: POST /session/6a89fb51866d950e0bc97f386a060562/element - {"using":"xpath","value":"//*[contains(@id, '__text') and (contains(text(), 'successfully created') or contains(., 'successfully created'))]"}
RESULT: {"using":"xpath","value":"//*[contains(@id, '__text') and (contains(text(), 'successfully created') or contains(., 'successfully created'))]"}
COMMAND: GET /session/6a89fb51866d950e0bc97f386a060562/element/f.A6EC5B81BA07351D57539A0094149B7C.d.D791F72D6B3AFB0B55F8E7AB42AB5ED6.e.2966/text - {}
RESULT: {}
COMMAND: POST /session/6a89fb51866d950e0bc97f386a060562/execute/async - {"script":"<script> [1562 bytes]","args":[{"selector":{"controlType":"sap.m.Button","properties":{"text":"Close"},"searchOpenDialogs":true,"interaction":{"idSuffix":"BDI-content"}},"wdio_ui5_key":"sapm.Button{\"text\":\"Close\"}"}]}
RESULT: {"script":"<script> [1562 bytes]","args":[{"selector":{"controlType":"sap.m.Button","properties":{"text":"Close"},"searchOpenDialogs":true,"interaction":{"idSuffix":"BDI-content"}},"wdio_ui5_key":"sapm.Button{\"text\":\"Close\"}"}]}
RESULT: undefined
COMMAND: POST /session/6a89fb51866d950e0bc97f386a060562/element - {"using":"xpath","value":"//*[@id=\"__mbox-btn-0\"]"}
RESULT: {"using":"xpath","value":"//*[@id=\"__mbox-btn-0\"]"}
COMMAND: POST /session/6a89fb51866d950e0bc97f386a060562/element/f.A6EC5B81BA07351D57539A0094149B7C.d.D791F72D6B3AFB0B55F8E7AB42AB5ED6.e.2964/click - {}
RESULT: {}
COMMAND: GET /session/6a89fb51866d950e0bc97f386a060562/screenshot - {}
RESULT: {}
COMMAND: POST /session/6a89fb51866d950e0bc97f386a060562/execute/async - {"script":"<script> [1562 bytes]","args":[{"selector":{"controlType":"sap.ui.core.Icon","viewName":"etm.portal.ui.manageresources.view.Detail","viewId":"application-manageresources-display-component---detailRU","properties":{"src":{"regex":{"source":"overflow"}}}},"wdio_ui5_key":"etmportal.ui.manageresources.view.Detailsap.ui.core.Icon{\"src\":{\"regex\":{\"source\":\"overflow\"}}}"}]}
RESULT: {"script":"<script> [1562 bytes]","args":[{"selector":{"controlType":"sap.ui.core.Icon","viewName":"etm.portal.ui.manageresources.view.Detail","viewId":"application-manageresources-display-component---detailRU","properties":{"src":{"regex":{"source":"overflow"}}}},"wdio_ui5_key":"etmportal.ui.manageresources.view.Detailsap.ui.core.Icon{\"src\":{\"regex\":{\"source\":\"overflow\"}}}"}]}
RESULT: undefined
COMMAND: POST /session/6a89fb51866d950e0bc97f386a060562/element - {"using":"xpath","value":"//*[@id=\"__title36-_actionsToolbar-overflowButton-img\"]"}
RESULT: {"using":"xpath","value":"//*[@id=\"__title36-_actionsToolbar-overflowButton-img\"]"}
COMMAND: POST /session/6a89fb51866d950e0bc97f386a060562/element/f.A6EC5B81BA07351D57539A0094149B7C.d.D791F72D6B3AFB0B55F8E7AB42AB5ED6.e.2996/click - {}
RESULT: {}
COMMAND: POST /session/6a89fb51866d950e0bc97f386a060562/execute/async - {"script":"<script> [1562 bytes]","args":[{"selector":{"controlType":"sap.m.Button","viewName":"etm.portal.ui.manageresources.view.Detail","viewId":"application-manageresources-display-component---detailRU","i18NText":{"propertyName":"tooltip","key":"closeColumn"},"searchOpenDialogs":true,"interaction":{"idSuffix":"inner"}},"wdio_ui5_key":"etmportal.ui.manageresources.view.Detailsap.m.Button{\"propertyName\":\"tooltip\",\"key\":\"closeColumn\"}"}]}
COMMAND: GET /session/6a89fb51866d950e0bc97f386a060562/screenshot - {}
RESULT: {"script":"<script> [1562 bytes]","args":[{"selector":{"controlType":"sap.m.Button","viewName":"etm.portal.ui.manageresources.view.Detail","viewId":"application-manageresources-display-component---detailRU","i18NText":{"propertyName":"tooltip","key":"closeColumn"},"searchOpenDialogs":true,"interaction":{"idSuffix":"inner"}},"wdio_ui5_key":"etmportal.ui.manageresources.view.Detailsap.m.Button{\"propertyName\":\"tooltip\",\"key\":\"closeColumn\"}"}]}
RESULT: undefined
COMMAND: POST /session/6a89fb51866d950e0bc97f386a060562/element - {"using":"xpath","value":"//*[@id=\"__button147\"]"}
RESULT: {}
RESULT: {"using":"xpath","value":"//*[@id=\"__button147\"]"}
COMMAND: POST /session/6a89fb51866d950e0bc97f386a060562/element/f.A6EC5B81BA07351D57539A0094149B7C.d.D791F72D6B3AFB0B55F8E7AB42AB5ED6.e.2998/click - {}
RESULT: {}
COMMAND: GET /session/6a89fb51866d950e0bc97f386a060562/screenshot - {}
RESULT: {}
COMMAND: POST /session/6a89fb51866d950e0bc97f386a060562/refresh - {}
RESULT: {}
COMMAND: GET /session/6a89fb51866d950e0bc97f386a060562/screenshot - {}
RESULT: {}
COMMAND: POST /session/6a89fb51866d950e0bc97f386a060562/execute/async - {"script":"<script> [189 bytes]","args":[]}
RESULT: {"script":"<script> [189 bytes]","args":[]}
COMMAND: POST /session/6a89fb51866d950e0bc97f386a060562/execute/async - {"script":"<script> [123 bytes]","args":[]}
RESULT: {"script":"<script> [123 bytes]","args":[]}
COMMAND: POST /session/6a89fb51866d950e0bc97f386a060562/timeouts - {"script":"<number>"}
RESULT: {"script":"<number>"}
COMMAND: GET /session/6a89fb51866d950e0bc97f386a060562/timeouts - {}
RESULT: {}
RESULT: undefined
COMMAND: POST /session/6a89fb51866d950e0bc97f386a060562/execute/async - {"script":"<script> [2676 bytes]","args":[]}
RESULT: {"script":"<script> [2676 bytes]","args":[]}
COMMAND: POST /session/6a89fb51866d950e0bc97f386a060562/execute/async - {"script":"<script> [2342 bytes]","args":[{"protocol":"http","hostname":"0.0.0.0","path":"/","capabilities":{"browserName":"chrome","goog:chromeOptions":{"binary":"C:\\Program Files\\Google\\Chrome\\Application\\chrome.exe","args":["--start-maximized"]}},"logLevel":"warn","connectionRetryTimeout":120000,"connectionRetryCount":3,"logLevels":{},"enableDirectConnect":true,"strictSSL":true,"_":"65 more keys: [\"cacheDir\",\"port\",\"requestedCapabilities\",\"automationProtocol\",\"baseUrl\",\"waitforInterval\",\"waitforTimeout\",\"onReload\",\"beforeCommand\",\"afterCommand\",\"rootDir\",\"specs\",\"suites\",\"exclude\",\"groupLogsByTestSpec\",\"excludeDriverLogs\",\"bail\",\"framework\",\"reporters\",\"services\",\"maxInstances\",\"maxInstancesPerCapability\",\"injectGlobals\",\"filesToWatch\",\"execArgv\",\"runnerEnv\",\"runner\",\"shard\",\"specFileRetries\",\"specFileRetriesDelay\",\"specFileRetriesDeferred\",\"reporterSyncInterval\",\"reporterSyncTimeout\",\"cucumberFeaturesWithLineNumbers\",\"autoCompileOpts\",\"mochaOpts\",\"jasmineOpts\",\"cucumberOpts\",\"onPrepare\",\"onWorkerStart\",\"onWorkerEnd\",\"before\",\"beforeSession\",\"beforeSuite\",\"beforeHook\",\"beforeTest\",\"afterTest\",\"afterHook\",\"afterSuite\",\"afterSession\",\"after\",\"onComplete\",\"beforeAssertion\",\"afterAssertion\",\"beforeFeature\",\"beforeScenario\",\"beforeStep\",\"afterStep\",\"afterScenario\",\"afterFeature\",\"_\",\"suite\",\"$0\",\"ignoredWorkerServices\",\"wdi5\"]"}]}
RESULT: {"script":"<script> [2342 bytes]","args":[{"protocol":"http","hostname":"0.0.0.0","path":"/","capabilities":{"browserName":"chrome","goog:chromeOptions":{"binary":"C:\\Program Files\\Google\\Chrome\\Application\\chrome.exe","args":["--start-maximized"]}},"logLevel":"warn","connectionRetryTimeout":120000,"connectionRetryCount":3,"logLevels":{},"enableDirectConnect":true,"strictSSL":true,"_":"65 more keys: [\"cacheDir\",\"port\",\"requestedCapabilities\",\"automationProtocol\",\"baseUrl\",\"waitforInterval\",\"waitforTimeout\",\"onReload\",\"beforeCommand\",\"afterCommand\",\"rootDir\",\"specs\",\"suites\",\"exclude\",\"groupLogsByTestSpec\",\"excludeDriverLogs\",\"bail\",\"framework\",\"reporters\",\"services\",\"maxInstances\",\"maxInstancesPerCapability\",\"injectGlobals\",\"filesToWatch\",\"execArgv\",\"runnerEnv\",\"runner\",\"shard\",\"specFileRetries\",\"specFileRetriesDelay\",\"specFileRetriesDeferred\",\"reporterSyncInterval\",\"reporterSyncTimeout\",\"cucumberFeaturesWithLineNumbers\",\"autoCompileOpts\",\"mochaOpts\",\"jasmineOpts\",\"cucumberOpts\",\"onPrepare\",\"onWorkerStart\",\"onWorkerEnd\",\"before\",\"beforeSession\",\"beforeSuite\",\"beforeHook\",\"beforeTest\",\"afterTest\",\"afterHook\",\"afterSuite\",\"afterSession\",\"after\",\"onComplete\",\"beforeAssertion\",\"afterAssertion\",\"beforeFeature\",\"beforeScenario\",\"beforeStep\",\"afterStep\",\"afterScenario\",\"afterFeature\",\"_\",\"suite\",\"$0\",\"ignoredWorkerServices\",\"wdi5\"]"}]}
COMMAND: POST /session/6a89fb51866d950e0bc97f386a060562/execute/async - {"script":"<script> [21126 bytes]","args":[35000]}
RESULT: {"script":"<script> [21126 bytes]","args":[35000]}
COMMAND: POST /session/6a89fb51866d950e0bc97f386a060562/element - {"using":"css selector","value":"#shell-header-logo"}
RESULT: {"using":"css selector","value":"#shell-header-logo"}
COMMAND: POST /session/6a89fb51866d950e0bc97f386a060562/element/f.A6EC5B81BA07351D57539A0094149B7C.d.D06479F4BE019E8E1E97A29BC0EEB24E.e.3060/click - {}
RESULT: {}
COMMAND: GET /session/6a89fb51866d950e0bc97f386a060562/screenshot - {}
COMMAND: POST /session/6a89fb51866d950e0bc97f386a060562/execute/async - {"script":"<script> [1562 bytes]","args":[{"selector":{"controlType":"sap.m.GenericTile","properties":{"header":"Manage Resources"}},"wdio_ui5_key":"sapm.GenericTile{\"header\":\"Manage Resources\"}"}]}
RESULT: {}
RESULT: {"script":"<script> [1562 bytes]","args":[{"selector":{"controlType":"sap.m.GenericTile","properties":{"header":"Manage Resources"}},"wdio_ui5_key":"sapm.GenericTile{\"header\":\"Manage Resources\"}"}]}
RESULT: undefined
COMMAND: POST /session/6a89fb51866d950e0bc97f386a060562/element - {"using":"xpath","value":"//*[@id=\"__tile39\"]"}
RESULT: {"using":"xpath","value":"//*[@id=\"__tile39\"]"}
COMMAND: POST /session/6a89fb51866d950e0bc97f386a060562/element/f.A6EC5B81BA07351D57539A0094149B7C.d.D06479F4BE019E8E1E97A29BC0EEB24E.e.3248/click - {}
RESULT: {}
COMMAND: GET /session/6a89fb51866d950e0bc97f386a060562/screenshot - {}
RESULT: {}
COMMAND: POST /session/6a89fb51866d950e0bc97f386a060562/element - {"using":"xpath","value":"//button[@data-kt=\"addNewRUOverflowToolbarButton\"]"}
RESULT: {"using":"xpath","value":"//button[@data-kt=\"addNewRUOverflowToolbarButton\"]"}
COMMAND: POST /session/6a89fb51866d950e0bc97f386a060562/execute/sync - {"script":"<script> [8489 bytes]","args":[{"element-6066-11e4-a52e-4f735466cecf":"f.A6EC5B81BA07351D57539A0094149B7C.d.D06479F4BE019E8E1E97A29BC0EEB24E.e.3322","ELEMENT":"f.A6EC5B81BA07351D57539A0094149B7C.d.D06479F4BE019E8E1E97A29BC0EEB24E.e.3322"}]}
RESULT: {"script":"<script> [8489 bytes]","args":[{"element-6066-11e4-a52e-4f735466cecf":"f.A6EC5B81BA07351D57539A0094149B7C.d.D06479F4BE019E8E1E97A29BC0EEB24E.e.3322","ELEMENT":"f.A6EC5B81BA07351D57539A0094149B7C.d.D06479F4BE019E8E1E97A29BC0EEB24E.e.3322"}]}
COMMAND: POST /session/6a89fb51866d950e0bc97f386a060562/element/f.A6EC5B81BA07351D57539A0094149B7C.d.D06479F4BE019E8E1E97A29BC0EEB24E.e.3322/click - {}
COMMAND: GET /session/6a89fb51866d950e0bc97f386a060562/screenshot - {}
RESULT: {}
COMMAND: GET /session/6a89fb51866d950e0bc97f386a060562/screenshot - {}
RESULT: {}
COMMAND: POST /session/6a89fb51866d950e0bc97f386a060562/execute/async - {"script":"<script> [1562 bytes]","args":[{"selector":{"id":"application-manageresources-display-component---newResourceUnit--TYPE-arrow"},"wdio_ui5_key":"applicationmanageresources-display-component---newResourceUnit--TYPE-arrow"}]}
RESULT: {}
RESULT: {"script":"<script> [1562 bytes]","args":[{"selector":{"id":"application-manageresources-display-component---newResourceUnit--TYPE-arrow"},"wdio_ui5_key":"applicationmanageresources-display-component---newResourceUnit--TYPE-arrow"}]}
RESULT: undefined
COMMAND: POST /session/6a89fb51866d950e0bc97f386a060562/element - {"using":"xpath","value":"//*[@id=\"application-manageresources-display-component---newResourceUnit--TYPE-arrow\"]"}
RESULT: {"using":"xpath","value":"//*[@id=\"application-manageresources-display-component---newResourceUnit--TYPE-arrow\"]"}
COMMAND: POST /session/6a89fb51866d950e0bc97f386a060562/element/f.A6EC5B81BA07351D57539A0094149B7C.d.D06479F4BE019E8E1E97A29BC0EEB24E.e.3476/click - {}
RESULT: {}
COMMAND: POST /session/6a89fb51866d950e0bc97f386a060562/execute/async - {"script":"<script> [1562 bytes]","args":[{"selector":{"controlType":"sap.m.StandardListItem","viewName":"reusables.view.manageresources.NewResourceUnit","viewId":"application-manageresources-display-component---newResourceUnit","properties":{"title":"Equipment"},"searchOpenDialogs":true,"interaction":{"idSuffix":"content"}},"wdio_ui5_key":"reusablesview.manageresources.NewResourceUnitsap.m.StandardListItem{\"title\":\"Equipment\"}"}]}
COMMAND: GET /session/6a89fb51866d950e0bc97f386a060562/screenshot - {}
RESULT: {"script":"<script> [1562 bytes]","args":[{"selector":{"controlType":"sap.m.StandardListItem","viewName":"reusables.view.manageresources.NewResourceUnit","viewId":"application-manageresources-display-component---newResourceUnit","properties":{"title":"Equipment"},"searchOpenDialogs":true,"interaction":{"idSuffix":"content"}},"wdio_ui5_key":"reusablesview.manageresources.NewResourceUnitsap.m.StandardListItem{\"title\":\"Equipment\"}"}]}
RESULT: undefined
COMMAND: POST /session/6a89fb51866d950e0bc97f386a060562/element - {"using":"xpath","value":"//*[@id=\"__item181\"]"}
RESULT: {}
RESULT: {"using":"xpath","value":"//*[@id=\"__item181\"]"}
COMMAND: POST /session/6a89fb51866d950e0bc97f386a060562/element/f.A6EC5B81BA07351D57539A0094149B7C.d.D06479F4BE019E8E1E97A29BC0EEB24E.e.3479/click - {}
RESULT: {}
COMMAND: POST /session/6a89fb51866d950e0bc97f386a060562/execute/async - {"script":"<script> [1562 bytes]","args":[{"selector":{"id":"application-manageresources-display-component---newResourceUnit--resourceId","interaction":{"idSuffix":"inner"}},"wdio_ui5_key":"applicationmanageresources-display-component---newResourceUnit--resourceId"}]}
COMMAND: GET /session/6a89fb51866d950e0bc97f386a060562/screenshot - {}
RESULT: {"script":"<script> [1562 bytes]","args":[{"selector":{"id":"application-manageresources-display-component---newResourceUnit--resourceId","interaction":{"idSuffix":"inner"}},"wdio_ui5_key":"applicationmanageresources-display-component---newResourceUnit--resourceId"}]}
RESULT: undefined
COMMAND: POST /session/6a89fb51866d950e0bc97f386a060562/execute/async - {"script":"<script> [776 bytes]","args":[{"enterText":"WdIOR2cEquip55fmx","selector":{"id":"application-manageresources-display-component---newResourceUnit--resourceId","interaction":{"idSuffix":"inner"}},"clearTextFirst":true,"interactionType":"ENTER_TEXT"}]}
RESULT: {}
RESULT: {"script":"<script> [776 bytes]","args":[{"enterText":"WdIOR2cEquip55fmx","selector":{"id":"application-manageresources-display-component---newResourceUnit--resourceId","interaction":{"idSuffix":"inner"}},"clearTextFirst":true,"interactionType":"ENTER_TEXT"}]}
COMMAND: POST /session/6a89fb51866d950e0bc97f386a060562/execute/async - {"script":"<script> [1562 bytes]","args":[{"selector":{"id":"application-manageresources-display-component---newResourceUnit--SHORT_TEXT","interaction":{"idSuffix":"inner"}},"wdio_ui5_key":"applicationmanageresources-display-component---newResourceUnit--SHORT_TEXT"}]}
RESULT: {"script":"<script> [1562 bytes]","args":[{"selector":{"id":"application-manageresources-display-component---newResourceUnit--SHORT_TEXT","interaction":{"idSuffix":"inner"}},"wdio_ui5_key":"applicationmanageresources-display-component---newResourceUnit--SHORT_TEXT"}]}
RESULT: undefined
COMMAND: POST /session/6a89fb51866d950e0bc97f386a060562/execute/async - {"script":"<script> [776 bytes]","args":[{"enterText":"WdIOR2cEquip55fmx","selector":{"id":"application-manageresources-display-component---newResourceUnit--SHORT_TEXT","interaction":{"idSuffix":"inner"}},"clearTextFirst":true,"interactionType":"ENTER_TEXT"}]}
RESULT: {"script":"<script> [776 bytes]","args":[{"enterText":"WdIOR2cEquip55fmx","selector":{"id":"application-manageresources-display-component---newResourceUnit--SHORT_TEXT","interaction":{"idSuffix":"inner"}},"clearTextFirst":true,"interactionType":"ENTER_TEXT"}]}
COMMAND: POST /session/6a89fb51866d950e0bc97f386a060562/execute/async - {"script":"<script> [1562 bytes]","args":[{"selector":{"id":"application-manageresources-display-component---newResourceUnit--BASE_UNIT_OF_MEASURE","interaction":{"idSuffix":"inner"}},"wdio_ui5_key":"applicationmanageresources-display-component---newResourceUnit--BASE_UNIT_OF_MEASURE"}]}
RESULT: {"script":"<script> [1562 bytes]","args":[{"selector":{"id":"application-manageresources-display-component---newResourceUnit--BASE_UNIT_OF_MEASURE","interaction":{"idSuffix":"inner"}},"wdio_ui5_key":"applicationmanageresources-display-component---newResourceUnit--BASE_UNIT_OF_MEASURE"}]}
RESULT: undefined
COMMAND: POST /session/6a89fb51866d950e0bc97f386a060562/execute/async - {"script":"<script> [776 bytes]","args":[{"enterText":"Piece","selector":{"id":"application-manageresources-display-component---newResourceUnit--BASE_UNIT_OF_MEASURE","interaction":{"idSuffix":"inner"}},"clearTextFirst":true,"interactionType":"ENTER_TEXT"}]}
RESULT: {"script":"<script> [776 bytes]","args":[{"enterText":"Piece","selector":{"id":"application-manageresources-display-component---newResourceUnit--BASE_UNIT_OF_MEASURE","interaction":{"idSuffix":"inner"}},"clearTextFirst":true,"interactionType":"ENTER_TEXT"}]}
COMMAND: POST /session/6a89fb51866d950e0bc97f386a060562/execute/async - {"script":"<script> [1562 bytes]","args":[{"selector":{"id":"application-manageresources-display-component---newResourceUnit--WEIGHT_UNIT","interaction":{"idSuffix":"inner"}},"wdio_ui5_key":"applicationmanageresources-display-component---newResourceUnit--WEIGHT_UNIT"}]}
RESULT: {"script":"<script> [1562 bytes]","args":[{"selector":{"id":"application-manageresources-display-component---newResourceUnit--WEIGHT_UNIT","interaction":{"idSuffix":"inner"}},"wdio_ui5_key":"applicationmanageresources-display-component---newResourceUnit--WEIGHT_UNIT"}]}
RESULT: undefined
COMMAND: POST /session/6a89fb51866d950e0bc97f386a060562/execute/async - {"script":"<script> [776 bytes]","args":[{"enterText":"Gram","selector":{"id":"application-manageresources-display-component---newResourceUnit--WEIGHT_UNIT","interaction":{"idSuffix":"inner"}},"clearTextFirst":true,"interactionType":"ENTER_TEXT"}]}
RESULT: {"script":"<script> [776 bytes]","args":[{"enterText":"Gram","selector":{"id":"application-manageresources-display-component---newResourceUnit--WEIGHT_UNIT","interaction":{"idSuffix":"inner"}},"clearTextFirst":true,"interactionType":"ENTER_TEXT"}]}
COMMAND: POST /session/6a89fb51866d950e0bc97f386a060562/execute/async - {"script":"<script> [1562 bytes]","args":[{"selector":{"id":"application-manageresources-display-component---newResourceUnit--newRRUPage-OPHeaderContent-collapseBtn-img"},"wdio_ui5_key":"applicationmanageresources-display-component---newResourceUnit--newRRUPage-OPHeaderContent-collapseBtn-img"}]}
RESULT: {"script":"<script> [1562 bytes]","args":[{"selector":{"id":"application-manageresources-display-component---newResourceUnit--newRRUPage-OPHeaderContent-collapseBtn-img"},"wdio_ui5_key":"applicationmanageresources-display-component---newResourceUnit--newRRUPage-OPHeaderContent-collapseBtn-img"}]}
RESULT: undefined
COMMAND: POST /session/6a89fb51866d950e0bc97f386a060562/element - {"using":"xpath","value":"//*[@id=\"application-manageresources-display-component---newResourceUnit--newRRUPage-OPHeaderContent-collapseBtn-img\"]"}
RESULT: {"using":"xpath","value":"//*[@id=\"application-manageresources-display-component---newResourceUnit--newRRUPage-OPHeaderContent-collapseBtn-img\"]"}
COMMAND: POST /session/6a89fb51866d950e0bc97f386a060562/element/f.A6EC5B81BA07351D57539A0094149B7C.d.D06479F4BE019E8E1E97A29BC0EEB24E.e.3364/click - {}
RESULT: {}
COMMAND: GET /session/6a89fb51866d950e0bc97f386a060562/screenshot - {}
RESULT: {}
COMMAND: POST /session/6a89fb51866d950e0bc97f386a060562/element - {"using":"xpath","value":"(//span[contains(@id ,\"application-manageresources-display-component---newResourceUnit--DIMENSION_UNIT-arrow\")])[1]"}
RESULT: {"using":"xpath","value":"(//span[contains(@id ,\"application-manageresources-display-component---newResourceUnit--DIMENSION_UNIT-arrow\")])[1]"}
COMMAND: POST /session/6a89fb51866d950e0bc97f386a060562/element/f.A6EC5B81BA07351D57539A0094149B7C.d.D06479F4BE019E8E1E97A29BC0EEB24E.e.3600/click - {}
RESULT: {}
COMMAND: GET /session/6a89fb51866d950e0bc97f386a060562/screenshot - {}
RESULT: {}
COMMAND: POST /session/6a89fb51866d950e0bc97f386a060562/execute/async - {"script":"<script> [1562 bytes]","args":[{"selector":{"controlType":"sap.m.StandardListItem","viewName":"reusables.view.manageresources.NewResourceUnit","viewId":"application-manageresources-display-component---newResourceUnit","properties":{"title":"Centimeter"},"searchOpenDialogs":true,"interaction":{"idSuffix":"titleText"}},"wdio_ui5_key":"reusablesview.manageresources.NewResourceUnitsap.m.StandardListItem{\"title\":\"Centimeter\"}"}]}
RESULT: {"script":"<script> [1562 bytes]","args":[{"selector":{"controlType":"sap.m.StandardListItem","viewName":"reusables.view.manageresources.NewResourceUnit","viewId":"application-manageresources-display-component---newResourceUnit","properties":{"title":"Centimeter"},"searchOpenDialogs":true,"interaction":{"idSuffix":"titleText"}},"wdio_ui5_key":"reusablesview.manageresources.NewResourceUnitsap.m.StandardListItem{\"title\":\"Centimeter\"}"}]}
RESULT: undefined
COMMAND: POST /session/6a89fb51866d950e0bc97f386a060562/element - {"using":"xpath","value":"//*[@id=\"__item224\"]"}
RESULT: {"using":"xpath","value":"//*[@id=\"__item224\"]"}
COMMAND: POST /session/6a89fb51866d950e0bc97f386a060562/element/f.A6EC5B81BA07351D57539A0094149B7C.d.D06479F4BE019E8E1E97A29BC0EEB24E.e.3604/click - {}
RESULT: {}
COMMAND: GET /session/6a89fb51866d950e0bc97f386a060562/screenshot - {}
RESULT: {}
COMMAND: POST /session/6a89fb51866d950e0bc97f386a060562/execute/async - {"script":"<script> [1562 bytes]","args":[{"selector":{"id":"application-manageresources-display-component---newResourceUnit--newRRUPage-anchBar-application-manageresources-display-component---newResourceUnit--control-anchor","interaction":{"idSuffix":"BDI-content"}},"wdio_ui5_key":"applicationmanageresources-display-component---newResourceUnit--newRRUPage-anchBar-application-manageresources-display-component---newResourceUnit--control-anchor"}]}
RESULT: {"script":"<script> [1562 bytes]","args":[{"selector":{"id":"application-manageresources-display-component---newResourceUnit--newRRUPage-anchBar-application-manageresources-display-component---newResourceUnit--control-anchor","interaction":{"idSuffix":"BDI-content"}},"wdio_ui5_key":"applicationmanageresources-display-component---newResourceUnit--newRRUPage-anchBar-application-manageresources-display-component---newResourceUnit--control-anchor"}]}
RESULT: undefined
COMMAND: POST /session/6a89fb51866d950e0bc97f386a060562/element - {"using":"xpath","value":"//*[@id=\"application-manageresources-display-component---newResourceUnit--newRRUPage-anchBar-application-manageresources-display-component---newResourceUnit--control-anchor\"]"}
RESULT: {"using":"xpath","value":"//*[@id=\"application-manageresources-display-component---newResourceUnit--newRRUPage-anchBar-application-manageresources-display-component---newResourceUnit--control-anchor\"]"}
COMMAND: POST /session/6a89fb51866d950e0bc97f386a060562/element/f.A6EC5B81BA07351D57539A0094149B7C.d.D06479F4BE019E8E1E97A29BC0EEB24E.e.3606/click - {}
RESULT: {}
COMMAND: POST /session/6a89fb51866d950e0bc97f386a060562/execute/async - {"script":"<script> [1562 bytes]","args":[{"selector":{"id":"application-manageresources-display-component---newResourceUnit--PLANNING_GROUP","interaction":{"idSuffix":"inner"}},"wdio_ui5_key":"applicationmanageresources-display-component---newResourceUnit--PLANNING_GROUP"}]}
COMMAND: GET /session/6a89fb51866d950e0bc97f386a060562/screenshot - {}
RESULT: {"script":"<script> [1562 bytes]","args":[{"selector":{"id":"application-manageresources-display-component---newResourceUnit--PLANNING_GROUP","interaction":{"idSuffix":"inner"}},"wdio_ui5_key":"applicationmanageresources-display-component---newResourceUnit--PLANNING_GROUP"}]}
RESULT: undefined
COMMAND: POST /session/6a89fb51866d950e0bc97f386a060562/execute/async - {"script":"<script> [776 bytes]","args":[{"enterText":"Heavy Equi","selector":{"id":"application-manageresources-display-component---newResourceUnit--PLANNING_GROUP","interaction":{"idSuffix":"inner"}},"clearTextFirst":true,"interactionType":"ENTER_TEXT"}]}
RESULT: {}
RESULT: {"script":"<script> [776 bytes]","args":[{"enterText":"Heavy Equi","selector":{"id":"application-manageresources-display-component---newResourceUnit--PLANNING_GROUP","interaction":{"idSuffix":"inner"}},"clearTextFirst":true,"interactionType":"ENTER_TEXT"}]}
COMMAND: POST /session/6a89fb51866d950e0bc97f386a060562/execute/async - {"script":"<script> [1562 bytes]","args":[{"selector":{"id":"application-manageresources-display-component---newResourceUnit--ITEM_TYPE-arrow"},"wdio_ui5_key":"applicationmanageresources-display-component---newResourceUnit--ITEM_TYPE-arrow"}]}
RESULT: {"script":"<script> [1562 bytes]","args":[{"selector":{"id":"application-manageresources-display-component---newResourceUnit--ITEM_TYPE-arrow"},"wdio_ui5_key":"applicationmanageresources-display-component---newResourceUnit--ITEM_TYPE-arrow"}]}
RESULT: undefined
COMMAND: POST /session/6a89fb51866d950e0bc97f386a060562/element - {"using":"xpath","value":"//*[@id=\"application-manageresources-display-component---newResourceUnit--ITEM_TYPE-arrow\"]"}
RESULT: {"using":"xpath","value":"//*[@id=\"application-manageresources-display-component---newResourceUnit--ITEM_TYPE-arrow\"]"}
COMMAND: POST /session/6a89fb51866d950e0bc97f386a060562/element/f.A6EC5B81BA07351D57539A0094149B7C.d.D06479F4BE019E8E1E97A29BC0EEB24E.e.3611/click - {}
RESULT: {}
COMMAND: POST /session/6a89fb51866d950e0bc97f386a060562/execute/async - {"script":"<script> [1562 bytes]","args":[{"selector":{"controlType":"sap.m.StandardListItem","viewName":"reusables.view.manageresources.NewResourceUnit","viewId":"application-manageresources-display-component---newResourceUnit","properties":{"title":"Resource Unit"},"searchOpenDialogs":true,"interaction":{"idSuffix":"titleText"}},"wdio_ui5_key":"reusablesview.manageresources.NewResourceUnitsap.m.StandardListItem{\"title\":\"Resource Unit\"}"}]}
COMMAND: GET /session/6a89fb51866d950e0bc97f386a060562/screenshot - {}
RESULT: {"script":"<script> [1562 bytes]","args":[{"selector":{"controlType":"sap.m.StandardListItem","viewName":"reusables.view.manageresources.NewResourceUnit","viewId":"application-manageresources-display-component---newResourceUnit","properties":{"title":"Resource Unit"},"searchOpenDialogs":true,"interaction":{"idSuffix":"titleText"}},"wdio_ui5_key":"reusablesview.manageresources.NewResourceUnitsap.m.StandardListItem{\"title\":\"Resource Unit\"}"}]}
RESULT: undefined
COMMAND: POST /session/6a89fb51866d950e0bc97f386a060562/element - {"using":"xpath","value":"//*[@id=\"__item246\"]"}
RESULT: {}
RESULT: {"using":"xpath","value":"//*[@id=\"__item246\"]"}
COMMAND: POST /session/6a89fb51866d950e0bc97f386a060562/element/f.A6EC5B81BA07351D57539A0094149B7C.d.D06479F4BE019E8E1E97A29BC0EEB24E.e.3613/click - {}
RESULT: {}
COMMAND: POST /session/6a89fb51866d950e0bc97f386a060562/element - {"using":"xpath","value":"//bdi[contains(text(), \"Time Segment\")]"}
COMMAND: GET /session/6a89fb51866d950e0bc97f386a060562/screenshot - {}
RESULT: {"using":"xpath","value":"//bdi[contains(text(), \"Time Segment\")]"}
COMMAND: GET /session/6a89fb51866d950e0bc97f386a060562/element/f.A6EC5B81BA07351D57539A0094149B7C.d.D06479F4BE019E8E1E97A29BC0EEB24E.e.3614/rect - {}
RESULT: {}
RESULT: {}
COMMAND: GET /session/6a89fb51866d950e0bc97f386a060562/window/rect - {}
RESULT: {}
COMMAND: POST /session/6a89fb51866d950e0bc97f386a060562/execute/sync - {"script":"<script> [92 bytes]","args":[]}
RESULT: {"script":"<script> [92 bytes]","args":[]}
COMMAND: POST /session/6a89fb51866d950e0bc97f386a060562/actions - {"actions":[{"id":"action7","type":"wheel","parameters":{},"actions":[{"type":"scroll","x":-1820,"y":-21,"deltaX":0,"deltaY":0,"duration":0,"origin":{"element-6066-11e4-a52e-4f735466cecf":"f.A6EC5B81BA07351D57539A0094149B7C.d.D06479F4BE019E8E1E97A29BC0EEB24E.e.3614"}}]}]}
COMMAND: GET /session/6a89fb51866d950e0bc97f386a060562/screenshot - {}
RESULT: {}
COMMAND: POST /session/6a89fb51866d950e0bc97f386a060562/execute/sync - {"script":"<script> [79 bytes]","args":[{"element-6066-11e4-a52e-4f735466cecf":"f.A6EC5B81BA07351D57539A0094149B7C.d.D06479F4BE019E8E1E97A29BC0EEB24E.e.3614","ELEMENT":"f.A6EC5B81BA07351D57539A0094149B7C.d.D06479F4BE019E8E1E97A29BC0EEB24E.e.3614"},{"block":"start","inline":"nearest"}]}
RESULT: {"script":"<script> [79 bytes]","args":[{"element-6066-11e4-a52e-4f735466cecf":"f.A6EC5B81BA07351D57539A0094149B7C.d.D06479F4BE019E8E1E97A29BC0EEB24E.e.3614","ELEMENT":"f.A6EC5B81BA07351D57539A0094149B7C.d.D06479F4BE019E8E1E97A29BC0EEB24E.e.3614"},{"block":"start","inline":"nearest"}]}
COMMAND: POST /session/6a89fb51866d950e0bc97f386a060562/execute/async - {"script":"<script> [1562 bytes]","args":[{"selector":{"id":"application-manageresources-display-component---newResourceUnit--btnAddTimeSegment-img"},"wdio_ui5_key":"applicationmanageresources-display-component---newResourceUnit--btnAddTimeSegment-img"}]}
COMMAND: GET /session/6a89fb51866d950e0bc97f386a060562/screenshot - {}
RESULT: {"script":"<script> [1562 bytes]","args":[{"selector":{"id":"application-manageresources-display-component---newResourceUnit--btnAddTimeSegment-img"},"wdio_ui5_key":"applicationmanageresources-display-component---newResourceUnit--btnAddTimeSegment-img"}]}
RESULT: undefined
COMMAND: POST /session/6a89fb51866d950e0bc97f386a060562/element - {"using":"xpath","value":"//*[@id=\"application-manageresources-display-component---newResourceUnit--btnAddTimeSegment-img\"]"}
RESULT: {}
RESULT: {"using":"xpath","value":"//*[@id=\"application-manageresources-display-component---newResourceUnit--btnAddTimeSegment-img\"]"}
COMMAND: POST /session/6a89fb51866d950e0bc97f386a060562/element/f.A6EC5B81BA07351D57539A0094149B7C.d.D06479F4BE019E8E1E97A29BC0EEB24E.e.3615/click - {}
RESULT: {}
COMMAND: GET /session/6a89fb51866d950e0bc97f386a060562/screenshot - {}
COMMAND: POST /session/6a89fb51866d950e0bc97f386a060562/element - {"using":"xpath","value":"//input[@id=\"application-manageresources-display-component---newResourceUnit--idRuTSAdmin-application-manageresources-display-component---newResourceUnit--RUTimeSegment-0-inner\"]"}
RESULT: {}
RESULT: {"using":"xpath","value":"//input[@id=\"application-manageresources-display-component---newResourceUnit--idRuTSAdmin-application-manageresources-display-component---newResourceUnit--RUTimeSegment-0-inner\"]"}
COMMAND: POST /session/6a89fb51866d950e0bc97f386a060562/element/f.A6EC5B81BA07351D57539A0094149B7C.d.D06479F4BE019E8E1E97A29BC0EEB24E.e.3621/clear - {}
RESULT: {}
COMMAND: POST /session/6a89fb51866d950e0bc97f386a060562/element/f.A6EC5B81BA07351D57539A0094149B7C.d.D06479F4BE019E8E1E97A29BC0EEB24E.e.3621/value - {"text":"WebdriverYard87g2b"}
COMMAND: GET /session/6a89fb51866d950e0bc97f386a060562/screenshot - {}
RESULT: {"text":"WebdriverYard87g2b"}
COMMAND: GET /session/6a89fb51866d950e0bc97f386a060562/screenshot - {}
RESULT: {}
RESULT: {}
COMMAND: POST /session/6a89fb51866d950e0bc97f386a060562/actions - {"actions":[{"id":"action8","type":"key","parameters":{},"actions":[{"type":"keyDown","value":"î€‡"},{"type":"pause","duration":10},{"type":"keyUp","value":"î€‡"}]}]}
RESULT: {"actions":[{"id":"action8","type":"key","parameters":{},"actions":[{"type":"keyDown","value":"î€‡"},{"type":"pause","duration":10},{"type":"keyUp","value":"î€‡"}]}]}
COMMAND: POST /session/6a89fb51866d950e0bc97f386a060562/execute/async - {"script":"<script> [1562 bytes]","args":[{"selector":{"controlType":"sap.ui.core.Icon","viewName":"reusables.view.manageresources.NewResourceUnit","viewId":"application-manageresources-display-component---newResourceUnit","properties":{"src":{"regex":{"source":"slim\\-arrow\\-down"}}},"ancestor":{"controlType":"sap.m.ComboBox","viewName":"reusables.view.manageresources.NewResourceUnit","viewId":"application-manageresources-display-component---newResourceUnit","bindingPath":{"path":"/RESOURCE_UNIT_TIME_SEQUENCES/0","propertyPath":"COST_OBJECT_ADMIN_CST_TYPE","modelName":"oNewRruModel"}}},"wdio_ui5_key":"reusablesview.manageresources.NewResourceUnitsap.ui.core.Icon{\"src\":{\"regex\":{\"source\":\"slim\\\\-arrow\\\\-down\"}}}{\"controlType\":\"sap.m.ComboBox\",\"viewName\":\"reusables.view.manageresources.NewResourceUnit\",\"viewId\":\"application-manageresources-display-component---newResourceUnit\",\"bindingPath\":{\"path\":\"/RESOURCE_UNIT_TIME_SEQUENCES/0\",\"propertyPath\":\"COST_OBJECT_ADMIN_CST_TYPE\",\"modelName\":\"oNewRruModel\"}}"}]}
COMMAND: GET /session/6a89fb51866d950e0bc97f386a060562/screenshot - {}
RESULT: {"script":"<script> [1562 bytes]","args":[{"selector":{"controlType":"sap.ui.core.Icon","viewName":"reusables.view.manageresources.NewResourceUnit","viewId":"application-manageresources-display-component---newResourceUnit","properties":{"src":{"regex":{"source":"slim\\-arrow\\-down"}}},"ancestor":{"controlType":"sap.m.ComboBox","viewName":"reusables.view.manageresources.NewResourceUnit","viewId":"application-manageresources-display-component---newResourceUnit","bindingPath":{"path":"/RESOURCE_UNIT_TIME_SEQUENCES/0","propertyPath":"COST_OBJECT_ADMIN_CST_TYPE","modelName":"oNewRruModel"}}},"wdio_ui5_key":"reusablesview.manageresources.NewResourceUnitsap.ui.core.Icon{\"src\":{\"regex\":{\"source\":\"slim\\\\-arrow\\\\-down\"}}}{\"controlType\":\"sap.m.ComboBox\",\"viewName\":\"reusables.view.manageresources.NewResourceUnit\",\"viewId\":\"application-manageresources-display-component---newResourceUnit\",\"bindingPath\":{\"path\":\"/RESOURCE_UNIT_TIME_SEQUENCES/0\",\"propertyPath\":\"COST_OBJECT_ADMIN_CST_TYPE\",\"modelName\":\"oNewRruModel\"}}"}]}
RESULT: undefined
COMMAND: POST /session/6a89fb51866d950e0bc97f386a060562/element - {"using":"xpath","value":"//*[@id=\"__box7-application-manageresources-display-component---newResourceUnit--RUTimeSegment-0-arrow\"]"}
RESULT: {}
RESULT: {"using":"xpath","value":"//*[@id=\"__box7-application-manageresources-display-component---newResourceUnit--RUTimeSegment-0-arrow\"]"}
COMMAND: POST /session/6a89fb51866d950e0bc97f386a060562/element/f.A6EC5B81BA07351D57539A0094149B7C.d.D06479F4BE019E8E1E97A29BC0EEB24E.e.3640/click - {}
RESULT: {}
COMMAND: POST /session/6a89fb51866d950e0bc97f386a060562/execute/async - {"script":"<script> [1562 bytes]","args":[{"selector":{"controlType":"sap.m.StandardListItem","viewName":"reusables.view.manageresources.NewResourceUnit","viewId":"application-manageresources-display-component---newResourceUnit","properties":{"title":"PM Order"},"searchOpenDialogs":true,"interaction":{"idSuffix":"titleText"}},"wdio_ui5_key":"reusablesview.manageresources.NewResourceUnitsap.m.StandardListItem{\"title\":\"PM Order\"}"}]}
COMMAND: GET /session/6a89fb51866d950e0bc97f386a060562/screenshot - {}
RESULT: {"script":"<script> [1562 bytes]","args":[{"selector":{"controlType":"sap.m.StandardListItem","viewName":"reusables.view.manageresources.NewResourceUnit","viewId":"application-manageresources-display-component---newResourceUnit","properties":{"title":"PM Order"},"searchOpenDialogs":true,"interaction":{"idSuffix":"titleText"}},"wdio_ui5_key":"reusablesview.manageresources.NewResourceUnitsap.m.StandardListItem{\"title\":\"PM Order\"}"}]}
RESULT: undefined
COMMAND: POST /session/6a89fb51866d950e0bc97f386a060562/element - {"using":"xpath","value":"//*[@id=\"__item1705\"]"}
RESULT: {}
RESULT: {"using":"xpath","value":"//*[@id=\"__item1705\"]"}
COMMAND: POST /session/6a89fb51866d950e0bc97f386a060562/element/f.A6EC5B81BA07351D57539A0094149B7C.d.D06479F4BE019E8E1E97A29BC0EEB24E.e.3644/click - {}
RESULT: {}
COMMAND: GET /session/6a89fb51866d950e0bc97f386a060562/screenshot - {}
RESULT: {}
COMMAND: POST /session/6a89fb51866d950e0bc97f386a060562/element - {"using":"xpath","value":"(//input[contains(@id ,\"-application-manageresources-display-component---newResourceUnit--RUTimeSegment-0-inner\")])[8]"}
RESULT: {"using":"xpath","value":"(//input[contains(@id ,\"-application-manageresources-display-component---newResourceUnit--RUTimeSegment-0-inner\")])[8]"}
COMMAND: POST /session/6a89fb51866d950e0bc97f386a060562/element/f.A6EC5B81BA07351D57539A0094149B7C.d.D06479F4BE019E8E1E97A29BC0EEB24E.e.3647/clear - {}
RESULT: {}
COMMAND: POST /session/6a89fb51866d950e0bc97f386a060562/element/f.A6EC5B81BA07351D57539A0094149B7C.d.D06479F4BE019E8E1E97A29BC0EEB24E.e.3647/value - {"text":"4000360"}
COMMAND: GET /session/6a89fb51866d950e0bc97f386a060562/screenshot - {}
RESULT: {"text":"4000360"}
COMMAND: GET /session/6a89fb51866d950e0bc97f386a060562/screenshot - {}
RESULT: {}
RESULT: {}
COMMAND: POST /session/6a89fb51866d950e0bc97f386a060562/actions - {"actions":[{"id":"action9","type":"key","parameters":{},"actions":[{"type":"keyDown","value":"î€‡"},{"type":"pause","duration":10},{"type":"keyUp","value":"î€‡"}]}]}
RESULT: {"actions":[{"id":"action9","type":"key","parameters":{},"actions":[{"type":"keyDown","value":"î€‡"},{"type":"pause","duration":10},{"type":"keyUp","value":"î€‡"}]}]}
COMMAND: GET /session/6a89fb51866d950e0bc97f386a060562/screenshot - {}
RESULT: {}
COMMAND: POST /session/6a89fb51866d950e0bc97f386a060562/element - {"using":"xpath","value":"//input[contains(@id ,\"application-manageresources-display-component---newResourceUnit--newTimeSegmentFromDatePicker-application-manageresources-display-component---newResourceUnit--RUTimeSegment-0-inner\")]"}
RESULT: {"using":"xpath","value":"//input[contains(@id ,\"application-manageresources-display-component---newResourceUnit--newTimeSegmentFromDatePicker-application-manageresources-display-component---newResourceUnit--RUTimeSegment-0-inner\")]"}
COMMAND: POST /session/6a89fb51866d950e0bc97f386a060562/element/f.A6EC5B81BA07351D57539A0094149B7C.d.D06479F4BE019E8E1E97A29BC0EEB24E.e.3628/clear - {}
RESULT: {}
COMMAND: POST /session/6a89fb51866d950e0bc97f386a060562/element/f.A6EC5B81BA07351D57539A0094149B7C.d.D06479F4BE019E8E1E97A29BC0EEB24E.e.3628/clear - {}
COMMAND: GET /session/6a89fb51866d950e0bc97f386a060562/screenshot - {}
RESULT: {}
COMMAND: POST /session/6a89fb51866d950e0bc97f386a060562/element/f.A6EC5B81BA07351D57539A0094149B7C.d.D06479F4BE019E8E1E97A29BC0EEB24E.e.3628/value - {"text":"06/06/24"}
COMMAND: GET /session/6a89fb51866d950e0bc97f386a060562/screenshot - {}
RESULT: {}
RESULT: {"text":"06/06/24"}
COMMAND: POST /session/6a89fb51866d950e0bc97f386a060562/execute/async - {"script":"<script> [1562 bytes]","args":[{"selector":{"id":"application-manageresources-display-component---newResourceUnit--newRRUPage-anchBar-application-manageresources-display-component---newResourceUnit--resource-anchor","interaction":{"idSuffix":"BDI-content"}},"wdio_ui5_key":"applicationmanageresources-display-component---newResourceUnit--newRRUPage-anchBar-application-manageresources-display-component---newResourceUnit--resource-anchor"}]}
COMMAND: GET /session/6a89fb51866d950e0bc97f386a060562/screenshot - {}
RESULT: {}
RESULT: {"script":"<script> [1562 bytes]","args":[{"selector":{"id":"application-manageresources-display-component---newResourceUnit--newRRUPage-anchBar-application-manageresources-display-component---newResourceUnit--resource-anchor","interaction":{"idSuffix":"BDI-content"}},"wdio_ui5_key":"applicationmanageresources-display-component---newResourceUnit--newRRUPage-anchBar-application-manageresources-display-component---newResourceUnit--resource-anchor"}]}
RESULT: undefined
COMMAND: POST /session/6a89fb51866d950e0bc97f386a060562/element - {"using":"xpath","value":"//*[@id=\"application-manageresources-display-component---newResourceUnit--newRRUPage-anchBar-application-manageresources-display-component---newResourceUnit--resource-anchor\"]"}
RESULT: {}
RESULT: {"using":"xpath","value":"//*[@id=\"application-manageresources-display-component---newResourceUnit--newRRUPage-anchBar-application-manageresources-display-component---newResourceUnit--resource-anchor\"]"}
COMMAND: POST /session/6a89fb51866d950e0bc97f386a060562/element/f.A6EC5B81BA07351D57539A0094149B7C.d.D06479F4BE019E8E1E97A29BC0EEB24E.e.3669/click - {}
RESULT: {}
COMMAND: POST /session/6a89fb51866d950e0bc97f386a060562/execute/async - {"script":"<script> [1562 bytes]","args":[{"selector":{"id":"application-manageresources-display-component---newResourceUnit--PLANNED_DELIVERY_DATE","interaction":{"idSuffix":"inner"}},"wdio_ui5_key":"applicationmanageresources-display-component---newResourceUnit--PLANNED_DELIVERY_DATE"}]}
COMMAND: GET /session/6a89fb51866d950e0bc97f386a060562/screenshot - {}
RESULT: {"script":"<script> [1562 bytes]","args":[{"selector":{"id":"application-manageresources-display-component---newResourceUnit--PLANNED_DELIVERY_DATE","interaction":{"idSuffix":"inner"}},"wdio_ui5_key":"applicationmanageresources-display-component---newResourceUnit--PLANNED_DELIVERY_DATE"}]}
RESULT: undefined
COMMAND: POST /session/6a89fb51866d950e0bc97f386a060562/execute/async - {"script":"<script> [6424 bytes]","args":[{"element-6066-11e4-a52e-4f735466cecf":"f.A6EC5B81BA07351D57539A0094149B7C.d.D06479F4BE019E8E1E97A29BC0EEB24E.e.3524"},"setValue",["06/06/24"]]}
RESULT: {}
RESULT: {"script":"<script> [6424 bytes]","args":[{"element-6066-11e4-a52e-4f735466cecf":"f.A6EC5B81BA07351D57539A0094149B7C.d.D06479F4BE019E8E1E97A29BC0EEB24E.e.3524"},"setValue",["06/06/24"]]}
COMMAND: POST /session/6a89fb51866d950e0bc97f386a060562/execute/async - {"script":"<script> [1562 bytes]","args":[{"selector":{"id":"application-manageresources-display-component---newResourceUnit--RETIRE_PLANNED_DATE","interaction":{"idSuffix":"inner"}},"wdio_ui5_key":"applicationmanageresources-display-component---newResourceUnit--RETIRE_PLANNED_DATE"}]}
RESULT: {"script":"<script> [1562 bytes]","args":[{"selector":{"id":"application-manageresources-display-component---newResourceUnit--RETIRE_PLANNED_DATE","interaction":{"idSuffix":"inner"}},"wdio_ui5_key":"applicationmanageresources-display-component---newResourceUnit--RETIRE_PLANNED_DATE"}]}
RESULT: undefined
COMMAND: POST /session/6a89fb51866d950e0bc97f386a060562/execute/async - {"script":"<script> [776 bytes]","args":[{"enterText":"3/14/29","selector":{"id":"application-manageresources-display-component---newResourceUnit--RETIRE_PLANNED_DATE","interaction":{"idSuffix":"inner"}},"clearTextFirst":true,"interactionType":"ENTER_TEXT"}]}
RESULT: {"script":"<script> [776 bytes]","args":[{"enterText":"3/14/29","selector":{"id":"application-manageresources-display-component---newResourceUnit--RETIRE_PLANNED_DATE","interaction":{"idSuffix":"inner"}},"clearTextFirst":true,"interactionType":"ENTER_TEXT"}]}
COMMAND: POST /session/6a89fb51866d950e0bc97f386a060562/execute/async - {"script":"<script> [1562 bytes]","args":[{"selector":{"controlType":"sap.m.Button","viewName":"reusables.view.manageresources.NewResourceUnit","viewId":"application-manageresources-display-component---newResourceUnit","i18NText":{"propertyName":"tooltip","key":"save"},"interaction":{"idSuffix":"BDI-content"}},"wdio_ui5_key":"reusablesview.manageresources.NewResourceUnitsap.m.Button{\"propertyName\":\"tooltip\",\"key\":\"save\"}"}]}
RESULT: {"script":"<script> [1562 bytes]","args":[{"selector":{"controlType":"sap.m.Button","viewName":"reusables.view.manageresources.NewResourceUnit","viewId":"application-manageresources-display-component---newResourceUnit","i18NText":{"propertyName":"tooltip","key":"save"},"interaction":{"idSuffix":"BDI-content"}},"wdio_ui5_key":"reusablesview.manageresources.NewResourceUnitsap.m.Button{\"propertyName\":\"tooltip\",\"key\":\"save\"}"}]}
RESULT: undefined
COMMAND: POST /session/6a89fb51866d950e0bc97f386a060562/element - {"using":"xpath","value":"//*[@id=\"application-manageresources-display-component---newResourceUnit--createRuButton\"]"}
RESULT: {"using":"xpath","value":"//*[@id=\"application-manageresources-display-component---newResourceUnit--createRuButton\"]"}
COMMAND: POST /session/6a89fb51866d950e0bc97f386a060562/element/f.A6EC5B81BA07351D57539A0094149B7C.d.D06479F4BE019E8E1E97A29BC0EEB24E.e.3484/click - {}
RESULT: {}
COMMAND: GET /session/6a89fb51866d950e0bc97f386a060562/screenshot - {}
RESULT: {}
COMMAND: POST /session/6a89fb51866d950e0bc97f386a060562/execute/async - {"script":"<script> [1562 bytes]","args":[{"selector":{"controlType":"sap.m.Button","properties":{"text":"Close"},"searchOpenDialogs":true,"interaction":{"idSuffix":"inner"}},"wdio_ui5_key":"sapm.Button{\"text\":\"Close\"}"}]}
RESULT: {"script":"<script> [1562 bytes]","args":[{"selector":{"controlType":"sap.m.Button","properties":{"text":"Close"},"searchOpenDialogs":true,"interaction":{"idSuffix":"inner"}},"wdio_ui5_key":"sapm.Button{\"text\":\"Close\"}"}]}
RESULT: undefined
COMMAND: POST /session/6a89fb51866d950e0bc97f386a060562/element - {"using":"xpath","value":"//*[@id=\"__mbox-btn-0\"]"}
RESULT: {"using":"xpath","value":"//*[@id=\"__mbox-btn-0\"]"}
COMMAND: POST /session/6a89fb51866d950e0bc97f386a060562/element/f.A6EC5B81BA07351D57539A0094149B7C.d.D06479F4BE019E8E1E97A29BC0EEB24E.e.3677/click - {}
RESULT: {}
COMMAND: GET /session/6a89fb51866d950e0bc97f386a060562/screenshot - {}
COMMAND: POST /session/6a89fb51866d950e0bc97f386a060562/execute/async - {"script":"<script> [1562 bytes]","args":[{"selector":{"controlType":"sap.m.Text","viewName":"etm.portal.ui.manageresources.view.Detail","viewId":"application-manageresources-display-component---detailRU","bindingPath":{"propertyPath":"ID","modelName":"catalogModel"}},"wdio_ui5_key":"etmportal.ui.manageresources.view.Detailsap.m.Text{\"propertyPath\":\"ID\",\"modelName\":\"catalogModel\"}"}]}
RESULT: {}
RESULT: {"script":"<script> [1562 bytes]","args":[{"selector":{"controlType":"sap.m.Text","viewName":"etm.portal.ui.manageresources.view.Detail","viewId":"application-manageresources-display-component---detailRU","bindingPath":{"propertyPath":"ID","modelName":"catalogModel"}},"wdio_ui5_key":"etmportal.ui.manageresources.view.Detailsap.m.Text{\"propertyPath\":\"ID\",\"modelName\":\"catalogModel\"}"}]}
RESULT: undefined
COMMAND: POST /session/6a89fb51866d950e0bc97f386a060562/execute/async - {"script":"<script> [6424 bytes]","args":[{"element-6066-11e4-a52e-4f735466cecf":"f.A6EC5B81BA07351D57539A0094149B7C.d.D06479F4BE019E8E1E97A29BC0EEB24E.e.3712"},"getText",[]]}
RESULT: {"script":"<script> [6424 bytes]","args":[{"element-6066-11e4-a52e-4f735466cecf":"f.A6EC5B81BA07351D57539A0094149B7C.d.D06479F4BE019E8E1E97A29BC0EEB24E.e.3712"},"getText",[]]}
COMMAND: POST /session/6a89fb51866d950e0bc97f386a060562/element - {"using":"css selector","value":"#shell-header-logo"}
RESULT: {"using":"css selector","value":"#shell-header-logo"}
COMMAND: POST /session/6a89fb51866d950e0bc97f386a060562/element/f.A6EC5B81BA07351D57539A0094149B7C.d.D06479F4BE019E8E1E97A29BC0EEB24E.e.3251/click - {}
RESULT: {}
COMMAND: GET /session/6a89fb51866d950e0bc97f386a060562/screenshot - {}
RESULT: {}
COMMAND: POST /session/6a89fb51866d950e0bc97f386a060562/execute/async - {"script":"<script> [1562 bytes]","args":[{"selector":{"controlType":"sap.m.GenericTile","properties":{"header":"Manage Catalogs"}},"wdio_ui5_key":"sapm.GenericTile{\"header\":\"Manage Catalogs\"}"}]}
RESULT: {"script":"<script> [1562 bytes]","args":[{"selector":{"controlType":"sap.m.GenericTile","properties":{"header":"Manage Catalogs"}},"wdio_ui5_key":"sapm.GenericTile{\"header\":\"Manage Catalogs\"}"}]}
RESULT: undefined
COMMAND: POST /session/6a89fb51866d950e0bc97f386a060562/element - {"using":"xpath","value":"//*[@id=\"__tile37\"]"}
RESULT: {"using":"xpath","value":"//*[@id=\"__tile37\"]"}
COMMAND: POST /session/6a89fb51866d950e0bc97f386a060562/element/f.A6EC5B81BA07351D57539A0094149B7C.d.D06479F4BE019E8E1E97A29BC0EEB24E.e.3714/click - {}
RESULT: {}
COMMAND: GET /session/6a89fb51866d950e0bc97f386a060562/screenshot - {}
RESULT: {}
COMMAND: POST /session/6a89fb51866d950e0bc97f386a060562/execute/async - {"script":"<script> [1562 bytes]","args":[{"selector":{"controlType":"sap.m.Text","viewName":"etm.portal.ui.managecatalogs.view.MasterCatalogs","viewId":"application-managecatalogs-display-component---masterCatalogs","bindingPath":{"path":"/Catalogs('0D7502D073D53A0F1700BE067B89AFF9')","propertyPath":"DESCRIPTION","modelName":"catalogModel"}},"wdio_ui5_key":"etmportal.ui.managecatalogs.view.MasterCatalogssap.m.Text{\"path\":\"/Catalogs('0D7502D073D53A0F1700BE067B89AFF9')\",\"propertyPath\":\"DESCRIPTION\",\"modelName\":\"catalogModel\"}"}]}
RESULT: {"script":"<script> [1562 bytes]","args":[{"selector":{"controlType":"sap.m.Text","viewName":"etm.portal.ui.managecatalogs.view.MasterCatalogs","viewId":"application-managecatalogs-display-component---masterCatalogs","bindingPath":{"path":"/Catalogs('0D7502D073D53A0F1700BE067B89AFF9')","propertyPath":"DESCRIPTION","modelName":"catalogModel"}},"wdio_ui5_key":"etmportal.ui.managecatalogs.view.MasterCatalogssap.m.Text{\"path\":\"/Catalogs('0D7502D073D53A0F1700BE067B89AFF9')\",\"propertyPath\":\"DESCRIPTION\",\"modelName\":\"catalogModel\"}"}]}
RESULT: undefined
COMMAND: POST /session/6a89fb51866d950e0bc97f386a060562/element - {"using":"xpath","value":"//*[@id=\"__text939-application-managecatalogs-display-component---masterCatalogs--CatalogsTable-11\"]"}
RESULT: {"using":"xpath","value":"//*[@id=\"__text939-application-managecatalogs-display-component---masterCatalogs--CatalogsTable-11\"]"}
COMMAND: POST /session/6a89fb51866d950e0bc97f386a060562/element/f.A6EC5B81BA07351D57539A0094149B7C.d.D06479F4BE019E8E1E97A29BC0EEB24E.e.3782/click - {}
RESULT: {}
COMMAND: POST /session/6a89fb51866d950e0bc97f386a060562/execute/async - {"script":"<script> [1562 bytes]","args":[{"selector":{"controlType":"sap.ui.layout.HorizontalLayout","viewName":"etm.portal.ui.managecatalogs.view.MasterItems","viewId":"application-managecatalogs-display-component---masterCatalogItems","ancestor":{"id":"application-managecatalogs-display-component---masterCatalogItems--idCatalogItemsTree-rows-row0"}},"wdio_ui5_key":"etmportal.ui.managecatalogs.view.MasterItemssap.ui.layout.HorizontalLayout{\"id\":\"application-managecatalogs-display-component---masterCatalogItems--idCatalogItemsTree-rows-row0\"}"}]}
COMMAND: GET /session/6a89fb51866d950e0bc97f386a060562/screenshot - {}
RESULT: {"script":"<script> [1562 bytes]","args":[{"selector":{"controlType":"sap.ui.layout.HorizontalLayout","viewName":"etm.portal.ui.managecatalogs.view.MasterItems","viewId":"application-managecatalogs-display-component---masterCatalogItems","ancestor":{"id":"application-managecatalogs-display-component---masterCatalogItems--idCatalogItemsTree-rows-row0"}},"wdio_ui5_key":"etmportal.ui.managecatalogs.view.MasterItemssap.ui.layout.HorizontalLayout{\"id\":\"application-managecatalogs-display-component---masterCatalogItems--idCatalogItemsTree-rows-row0\"}"}]}
RESULT: undefined
COMMAND: POST /session/6a89fb51866d950e0bc97f386a060562/element - {"using":"xpath","value":"//*[@id=\"__layout280-__clone5017\"]"}
RESULT: {}
RESULT: {"using":"xpath","value":"//*[@id=\"__layout280-__clone5017\"]"}
COMMAND: POST /session/6a89fb51866d950e0bc97f386a060562/element/f.A6EC5B81BA07351D57539A0094149B7C.d.D06479F4BE019E8E1E97A29BC0EEB24E.e.3818/click - {}
RESULT: {}
COMMAND: GET /session/6a89fb51866d950e0bc97f386a060562/screenshot - {}
COMMAND: POST /session/6a89fb51866d950e0bc97f386a060562/execute/async - {"script":"<script> [1562 bytes]","args":[{"selector":{"controlType":"sap.m.Button","viewName":"etm.portal.ui.managecatalogs.view.Detail","viewId":"application-managecatalogs-display-component---detailCatalog","i18NText":{"propertyName":"text","key":"edit"},"interaction":{"idSuffix":"BDI-content"}},"wdio_ui5_key":"etmportal.ui.managecatalogs.view.Detailsap.m.Button{\"propertyName\":\"text\",\"key\":\"edit\"}"}]}
RESULT: {}
RESULT: {"script":"<script> [1562 bytes]","args":[{"selector":{"controlType":"sap.m.Button","viewName":"etm.portal.ui.managecatalogs.view.Detail","viewId":"application-managecatalogs-display-component---detailCatalog","i18NText":{"propertyName":"text","key":"edit"},"interaction":{"idSuffix":"BDI-content"}},"wdio_ui5_key":"etmportal.ui.managecatalogs.view.Detailsap.m.Button{\"propertyName\":\"text\",\"key\":\"edit\"}"}]}
RESULT: undefined
COMMAND: POST /session/6a89fb51866d950e0bc97f386a060562/element - {"using":"xpath","value":"//*[@id=\"__button122\"]"}
RESULT: {"using":"xpath","value":"//*[@id=\"__button122\"]"}
COMMAND: POST /session/6a89fb51866d950e0bc97f386a060562/element/f.A6EC5B81BA07351D57539A0094149B7C.d.D06479F4BE019E8E1E97A29BC0EEB24E.e.3933/click - {}
RESULT: {}
COMMAND: GET /session/6a89fb51866d950e0bc97f386a060562/screenshot - {}
RESULT: {}
COMMAND: POST /session/6a89fb51866d950e0bc97f386a060562/element - {"using":"xpath","value":"//bdi[contains(text(), \"Unlock\")]"}
RESULT: {"using":"xpath","value":"//bdi[contains(text(), \"Unlock\")]"}
COMMAND: POST /session/6a89fb51866d950e0bc97f386a060562/elements - {"using":"xpath","value":"//bdi[contains(text(), \"Unlock\")]"}
RESULT: {"using":"xpath","value":"//bdi[contains(text(), \"Unlock\")]"}
COMMAND: POST /session/6a89fb51866d950e0bc97f386a060562/execute/async - {"script":"<script> [1562 bytes]","args":[{"selector":{"controlType":"sap.ui.core.Icon","viewName":"etm.portal.ui.managecatalogs.view.Detail","viewId":"application-managecatalogs-display-component---detailCatalog","properties":{"src":{"regex":{"source":"add\\-folder"}}}},"wdio_ui5_key":"etmportal.ui.managecatalogs.view.Detailsap.ui.core.Icon{\"src\":{\"regex\":{\"source\":\"add\\\\-folder\"}}}"}]}
RESULT: {"script":"<script> [1562 bytes]","args":[{"selector":{"controlType":"sap.ui.core.Icon","viewName":"etm.portal.ui.managecatalogs.view.Detail","viewId":"application-managecatalogs-display-component---detailCatalog","properties":{"src":{"regex":{"source":"add\\-folder"}}}},"wdio_ui5_key":"etmportal.ui.managecatalogs.view.Detailsap.ui.core.Icon{\"src\":{\"regex\":{\"source\":\"add\\\\-folder\"}}}"}]}
RESULT: undefined
COMMAND: POST /session/6a89fb51866d950e0bc97f386a060562/element - {"using":"xpath","value":"//*[@id=\"__button130-img\"]"}
RESULT: {"using":"xpath","value":"//*[@id=\"__button130-img\"]"}
COMMAND: POST /session/6a89fb51866d950e0bc97f386a060562/element/f.A6EC5B81BA07351D57539A0094149B7C.d.D06479F4BE019E8E1E97A29BC0EEB24E.e.3941/click - {}
RESULT: {}
COMMAND: GET /session/6a89fb51866d950e0bc97f386a060562/screenshot - {}
RESULT: {}
COMMAND: POST /session/6a89fb51866d950e0bc97f386a060562/execute/async - {"script":"<script> [1562 bytes]","args":[{"selector":{"id":"application-managecatalogs-display-component---detailCatalog--numberInput","searchOpenDialogs":true,"interaction":{"idSuffix":"inner"}},"wdio_ui5_key":"applicationmanagecatalogs-display-component---detailCatalog--numberInput"}]}
RESULT: {"script":"<script> [1562 bytes]","args":[{"selector":{"id":"application-managecatalogs-display-component---detailCatalog--numberInput","searchOpenDialogs":true,"interaction":{"idSuffix":"inner"}},"wdio_ui5_key":"applicationmanagecatalogs-display-component---detailCatalog--numberInput"}]}
RESULT: undefined
COMMAND: POST /session/6a89fb51866d950e0bc97f386a060562/execute/async - {"script":"<script> [776 bytes]","args":[{"enterText":"Section3tla4","selector":{"id":"application-managecatalogs-display-component---detailCatalog--numberInput","searchOpenDialogs":true,"interaction":{"idSuffix":"inner"}},"clearTextFirst":true,"interactionType":"ENTER_TEXT"}]}
RESULT: {"script":"<script> [776 bytes]","args":[{"enterText":"Section3tla4","selector":{"id":"application-managecatalogs-display-component---detailCatalog--numberInput","searchOpenDialogs":true,"interaction":{"idSuffix":"inner"}},"clearTextFirst":true,"interactionType":"ENTER_TEXT"}]}
COMMAND: POST /session/6a89fb51866d950e0bc97f386a060562/element - {"using":"css selector","value":"#application-managecatalogs-display-component---detailCatalog--nameInput-inner"}
RESULT: {"using":"css selector","value":"#application-managecatalogs-display-component---detailCatalog--nameInput-inner"}
COMMAND: POST /session/6a89fb51866d950e0bc97f386a060562/elements - {"using":"css selector","value":"#application-managecatalogs-display-component---detailCatalog--nameInput-inner"}
RESULT: {"using":"css selector","value":"#application-managecatalogs-display-component---detailCatalog--nameInput-inner"}
COMMAND: POST /session/6a89fb51866d950e0bc97f386a060562/element/f.A6EC5B81BA07351D57539A0094149B7C.d.D06479F4BE019E8E1E97A29BC0EEB24E.e.3945/clear - {}
RESULT: {}
COMMAND: POST /session/6a89fb51866d950e0bc97f386a060562/element/f.A6EC5B81BA07351D57539A0094149B7C.d.D06479F4BE019E8E1E97A29BC0EEB24E.e.3945/value - {"text":"Webdriverzgbfw"}
COMMAND: GET /session/6a89fb51866d950e0bc97f386a060562/screenshot - {}
RESULT: {"text":"Webdriverzgbfw"}
COMMAND: POST /session/6a89fb51866d950e0bc97f386a060562/execute/async - {"script":"<script> [1562 bytes]","args":[{"selector":{"controlType":"sap.m.Button","viewName":"etm.portal.ui.managecatalogs.view.Detail","viewId":"application-managecatalogs-display-component---detailCatalog","i18NText":{"propertyName":"text","key":"create"},"searchOpenDialogs":true,"interaction":{"idSuffix":"BDI-content"}},"wdio_ui5_key":"etmportal.ui.managecatalogs.view.Detailsap.m.Button{\"propertyName\":\"text\",\"key\":\"create\"}"}]}
COMMAND: GET /session/6a89fb51866d950e0bc97f386a060562/screenshot - {}
RESULT: {}
RESULT: {"script":"<script> [1562 bytes]","args":[{"selector":{"controlType":"sap.m.Button","viewName":"etm.portal.ui.managecatalogs.view.Detail","viewId":"application-managecatalogs-display-component---detailCatalog","i18NText":{"propertyName":"text","key":"create"},"searchOpenDialogs":true,"interaction":{"idSuffix":"BDI-content"}},"wdio_ui5_key":"etmportal.ui.managecatalogs.view.Detailsap.m.Button{\"propertyName\":\"text\",\"key\":\"create\"}"}]}
RESULT: undefined
COMMAND: POST /session/6a89fb51866d950e0bc97f386a060562/element - {"using":"xpath","value":"//*[@id=\"__button100\"]"}
RESULT: {}
RESULT: {"using":"xpath","value":"//*[@id=\"__button100\"]"}
COMMAND: POST /session/6a89fb51866d950e0bc97f386a060562/element/f.A6EC5B81BA07351D57539A0094149B7C.d.D06479F4BE019E8E1E97A29BC0EEB24E.e.3950/click - {}
RESULT: {}
COMMAND: GET /session/6a89fb51866d950e0bc97f386a060562/screenshot - {}
RESULT: {}
COMMAND: POST /session/6a89fb51866d950e0bc97f386a060562/element - {"using":"xpath","value":"//button[@title=\"Save\"]"}
RESULT: {"using":"xpath","value":"//button[@title=\"Save\"]"}
COMMAND: POST /session/6a89fb51866d950e0bc97f386a060562/element/f.A6EC5B81BA07351D57539A0094149B7C.d.D06479F4BE019E8E1E97A29BC0EEB24E.e.3951/click - {}
RESULT: {}
COMMAND: POST /session/6a89fb51866d950e0bc97f386a060562/execute/async - {"script":"<script> [1562 bytes]","args":[{"selector":{"controlType":"sap.ui.core.Icon","viewName":"etm.portal.ui.managecatalogs.view.Detail","viewId":"application-managecatalogs-display-component---detailCatalog","properties":{"src":{"regex":{"source":"decline"}}}},"wdio_ui5_key":"etmportal.ui.managecatalogs.view.Detailsap.ui.core.Icon{\"src\":{\"regex\":{\"source\":\"decline\"}}}"}]}
COMMAND: GET /session/6a89fb51866d950e0bc97f386a060562/screenshot - {}
RESULT: {"script":"<script> [1562 bytes]","args":[{"selector":{"controlType":"sap.ui.core.Icon","viewName":"etm.portal.ui.managecatalogs.view.Detail","viewId":"application-managecatalogs-display-component---detailCatalog","properties":{"src":{"regex":{"source":"decline"}}}},"wdio_ui5_key":"etmportal.ui.managecatalogs.view.Detailsap.ui.core.Icon{\"src\":{\"regex\":{\"source\":\"decline\"}}}"}]}
RESULT: undefined
COMMAND: POST /session/6a89fb51866d950e0bc97f386a060562/element - {"using":"xpath","value":"//*[@id=\"__button125-img\"]"}
RESULT: {}
RESULT: {"using":"xpath","value":"//*[@id=\"__button125-img\"]"}
COMMAND: POST /session/6a89fb51866d950e0bc97f386a060562/element/f.A6EC5B81BA07351D57539A0094149B7C.d.D06479F4BE019E8E1E97A29BC0EEB24E.e.3957/click - {}
RESULT: {}
COMMAND: GET /session/6a89fb51866d950e0bc97f386a060562/screenshot - {}
RESULT: {}
COMMAND: POST /session/6a89fb51866d950e0bc97f386a060562/execute/async - {"script":"<script> [1562 bytes]","args":[{"selector":{"controlType":"sap.ui.core.Icon","viewName":"etm.portal.ui.managecatalogs.view.MasterItems","viewId":"application-managecatalogs-display-component---masterCatalogItems","properties":{"src":{"regex":{"source":"refresh"}}}},"wdio_ui5_key":"etmportal.ui.managecatalogs.view.MasterItemssap.ui.core.Icon{\"src\":{\"regex\":{\"source\":\"refresh\"}}}"}]}
RESULT: {"script":"<script> [1562 bytes]","args":[{"selector":{"controlType":"sap.ui.core.Icon","viewName":"etm.portal.ui.managecatalogs.view.MasterItems","viewId":"application-managecatalogs-display-component---masterCatalogItems","properties":{"src":{"regex":{"source":"refresh"}}}},"wdio_ui5_key":"etmportal.ui.managecatalogs.view.MasterItemssap.ui.core.Icon{\"src\":{\"regex\":{\"source\":\"refresh\"}}}"}]}
RESULT: undefined
COMMAND: POST /session/6a89fb51866d950e0bc97f386a060562/element - {"using":"xpath","value":"//*[@id=\"__button98-img\"]"}
RESULT: {"using":"xpath","value":"//*[@id=\"__button98-img\"]"}
COMMAND: POST /session/6a89fb51866d950e0bc97f386a060562/element/f.A6EC5B81BA07351D57539A0094149B7C.d.D06479F4BE019E8E1E97A29BC0EEB24E.e.3991/click - {}
RESULT: {}
COMMAND: POST /session/6a89fb51866d950e0bc97f386a060562/execute/async - {"script":"<script> [1562 bytes]","args":[{"selector":{"id":"application-managecatalogs-display-component---masterCatalogItems--searchItemsField","interaction":{"idSuffix":"I"}},"wdio_ui5_key":"applicationmanagecatalogs-display-component---masterCatalogItems--searchItemsField"}]}
COMMAND: GET /session/6a89fb51866d950e0bc97f386a060562/screenshot - {}
RESULT: {"script":"<script> [1562 bytes]","args":[{"selector":{"id":"application-managecatalogs-display-component---masterCatalogItems--searchItemsField","interaction":{"idSuffix":"I"}},"wdio_ui5_key":"applicationmanagecatalogs-display-component---masterCatalogItems--searchItemsField"}]}
RESULT: undefined
COMMAND: POST /session/6a89fb51866d950e0bc97f386a060562/execute/async - {"script":"<script> [776 bytes]","args":[{"enterText":"Webdriverzgbfw","selector":{"id":"application-managecatalogs-display-component---masterCatalogItems--searchItemsField","interaction":{"idSuffix":"I"}},"clearTextFirst":true,"interactionType":"ENTER_TEXT"}]}
RESULT: {}
RESULT: {"script":"<script> [776 bytes]","args":[{"enterText":"Webdriverzgbfw","selector":{"id":"application-managecatalogs-display-component---masterCatalogItems--searchItemsField","interaction":{"idSuffix":"I"}},"clearTextFirst":true,"interactionType":"ENTER_TEXT"}]}
COMMAND: POST /session/6a89fb51866d950e0bc97f386a060562/actions - {"actions":[{"id":"action10","type":"key","parameters":{},"actions":[{"type":"keyDown","value":"î€‡"},{"type":"pause","duration":10},{"type":"keyUp","value":"î€‡"}]}]}
RESULT: {"actions":[{"id":"action10","type":"key","parameters":{},"actions":[{"type":"keyDown","value":"î€‡"},{"type":"pause","duration":10},{"type":"keyUp","value":"î€‡"}]}]}
COMMAND: POST /session/6a89fb51866d950e0bc97f386a060562/element - {"using":"xpath","value":"(//span[contains(text(), \"Webdriverzgbfw\")])[1]"}
COMMAND: GET /session/6a89fb51866d950e0bc97f386a060562/screenshot - {}
RESULT: {"using":"xpath","value":"(//span[contains(text(), \"Webdriverzgbfw\")])[1]"}
COMMAND: POST /session/6a89fb51866d950e0bc97f386a060562/element/f.A6EC5B81BA07351D57539A0094149B7C.d.D06479F4BE019E8E1E97A29BC0EEB24E.e.3994/click - {}
RESULT: {}
RESULT: {}
COMMAND: GET /session/6a89fb51866d950e0bc97f386a060562/screenshot - {}
RESULT: {}
RESULT: undefined
COMMAND: POST /session/6a89fb51866d950e0bc97f386a060562/element - {"using":"xpath","value":"//*[@id=\"__button122\"]"}
RESULT: {"using":"xpath","value":"//*[@id=\"__button122\"]"}
COMMAND: POST /session/6a89fb51866d950e0bc97f386a060562/element/f.A6EC5B81BA07351D57539A0094149B7C.d.D06479F4BE019E8E1E97A29BC0EEB24E.e.4027/click - {}
RESULT: {}
COMMAND: GET /session/6a89fb51866d950e0bc97f386a060562/screenshot - {}
RESULT: {}
RESULT: undefined
COMMAND: POST /session/6a89fb51866d950e0bc97f386a060562/element - {"using":"xpath","value":"//*[@id=\"__button130-img\"]"}
RESULT: {"using":"xpath","value":"//*[@id=\"__button130-img\"]"}
COMMAND: POST /session/6a89fb51866d950e0bc97f386a060562/element/f.A6EC5B81BA07351D57539A0094149B7C.d.D06479F4BE019E8E1E97A29BC0EEB24E.e.4081/click - {}
RESULT: {}
COMMAND: GET /session/6a89fb51866d950e0bc97f386a060562/screenshot - {}
RESULT: {}
RESULT: undefined
COMMAND: POST /session/6a89fb51866d950e0bc97f386a060562/execute/async - {"script":"<script> [776 bytes]","args":[{"enterText":"SecondSection16cnn","selector":{"id":"application-managecatalogs-display-component---detailCatalog--numberInput","searchOpenDialogs":true,"interaction":{"idSuffix":"inner"}},"clearTextFirst":true,"interactionType":"ENTER_TEXT"}]}
RESULT: {"script":"<script> [776 bytes]","args":[{"enterText":"SecondSection16cnn","selector":{"id":"application-managecatalogs-display-component---detailCatalog--numberInput","searchOpenDialogs":true,"interaction":{"idSuffix":"inner"}},"clearTextFirst":true,"interactionType":"ENTER_TEXT"}]}
COMMAND: POST /session/6a89fb51866d950e0bc97f386a060562/element - {"using":"xpath","value":"//input[contains(@id ,\"application-managecatalogs-display-component---detailCatalog--nameInput-inner\")]"}
RESULT: {"using":"xpath","value":"//input[contains(@id ,\"application-managecatalogs-display-component---detailCatalog--nameInput-inner\")]"}
COMMAND: POST /session/6a89fb51866d950e0bc97f386a060562/elements - {"using":"xpath","value":"//input[contains(@id ,\"application-managecatalogs-display-component---detailCatalog--nameInput-inner\")]"}
RESULT: {"using":"xpath","value":"//input[contains(@id ,\"application-managecatalogs-display-component---detailCatalog--nameInput-inner\")]"}
COMMAND: POST /session/6a89fb51866d950e0bc97f386a060562/element/f.A6EC5B81BA07351D57539A0094149B7C.d.D06479F4BE019E8E1E97A29BC0EEB24E.e.4085/clear - {}
RESULT: {}
COMMAND: POST /session/6a89fb51866d950e0bc97f386a060562/element/f.A6EC5B81BA07351D57539A0094149B7C.d.D06479F4BE019E8E1E97A29BC0EEB24E.e.4085/value - {"text":"webdriversecond2h16k"}
COMMAND: GET /session/6a89fb51866d950e0bc97f386a060562/screenshot - {}
RESULT: {"text":"webdriversecond2h16k"}
RESULT: undefined
COMMAND: POST /session/6a89fb51866d950e0bc97f386a060562/element - {"using":"xpath","value":"//*[@id=\"__button100\"]"}
COMMAND: GET /session/6a89fb51866d950e0bc97f386a060562/screenshot - {}
RESULT: {}
RESULT: {"using":"xpath","value":"//*[@id=\"__button100\"]"}
COMMAND: POST /session/6a89fb51866d950e0bc97f386a060562/element/f.A6EC5B81BA07351D57539A0094149B7C.d.D06479F4BE019E8E1E97A29BC0EEB24E.e.4089/click - {}
RESULT: {}
RESULT: {}
COMMAND: GET /session/6a89fb51866d950e0bc97f386a060562/screenshot - {}
RESULT: {}
COMMAND: POST /session/6a89fb51866d950e0bc97f386a060562/element - {"using":"xpath","value":"//button[@title=\"Save\"]"}
RESULT: {"using":"xpath","value":"//button[@title=\"Save\"]"}
COMMAND: POST /session/6a89fb51866d950e0bc97f386a060562/element/f.A6EC5B81BA07351D57539A0094149B7C.d.D06479F4BE019E8E1E97A29BC0EEB24E.e.4066/click - {}
RESULT: {}
COMMAND: GET /session/6a89fb51866d950e0bc97f386a060562/screenshot - {}
RESULT: {}
RESULT: undefined
COMMAND: POST /session/6a89fb51866d950e0bc97f386a060562/element - {"using":"xpath","value":"//*[@id=\"__button125-img\"]"}
RESULT: {"using":"xpath","value":"//*[@id=\"__button125-img\"]"}
COMMAND: POST /session/6a89fb51866d950e0bc97f386a060562/element/f.A6EC5B81BA07351D57539A0094149B7C.d.D06479F4BE019E8E1E97A29BC0EEB24E.e.4034/click - {}
RESULT: {}
COMMAND: GET /session/6a89fb51866d950e0bc97f386a060562/screenshot - {}
RESULT: {}
RESULT: undefined
COMMAND: POST /session/6a89fb51866d950e0bc97f386a060562/element - {"using":"xpath","value":"//*[@id=\"__button98-img\"]"}
RESULT: {"using":"xpath","value":"//*[@id=\"__button98-img\"]"}
COMMAND: POST /session/6a89fb51866d950e0bc97f386a060562/element/f.A6EC5B81BA07351D57539A0094149B7C.d.D06479F4BE019E8E1E97A29BC0EEB24E.e.4129/click - {}
RESULT: {}
COMMAND: GET /session/6a89fb51866d950e0bc97f386a060562/screenshot - {}
RESULT: {}
RESULT: undefined
COMMAND: POST /session/6a89fb51866d950e0bc97f386a060562/execute/async - {"script":"<script> [776 bytes]","args":[{"enterText":"SecondSection16cnn","selector":{"id":"application-managecatalogs-display-component---masterCatalogItems--searchItemsField","interaction":{"idSuffix":"I"}},"clearTextFirst":true,"interactionType":"ENTER_TEXT"}]}
RESULT: {"script":"<script> [776 bytes]","args":[{"enterText":"SecondSection16cnn","selector":{"id":"application-managecatalogs-display-component---masterCatalogItems--searchItemsField","interaction":{"idSuffix":"I"}},"clearTextFirst":true,"interactionType":"ENTER_TEXT"}]}
COMMAND: POST /session/6a89fb51866d950e0bc97f386a060562/actions - {"actions":[{"id":"action11","type":"key","parameters":{},"actions":[{"type":"keyDown","value":"î€‡"},{"type":"pause","duration":10},{"type":"keyUp","value":"î€‡"}]}]}
RESULT: {"actions":[{"id":"action11","type":"key","parameters":{},"actions":[{"type":"keyDown","value":"î€‡"},{"type":"pause","duration":10},{"type":"keyUp","value":"î€‡"}]}]}
COMMAND: POST /session/6a89fb51866d950e0bc97f386a060562/element - {"using":"xpath","value":"(//span[contains(text(), \"SecondSection16cnn\")])[1]"}
COMMAND: GET /session/6a89fb51866d950e0bc97f386a060562/screenshot - {}
RESULT: {"using":"xpath","value":"(//span[contains(text(), \"SecondSection16cnn\")])[1]"}
COMMAND: POST /session/6a89fb51866d950e0bc97f386a060562/element/f.A6EC5B81BA07351D57539A0094149B7C.d.D06479F4BE019E8E1E97A29BC0EEB24E.e.4132/click - {}
RESULT: {}
RESULT: {}
COMMAND: POST /session/6a89fb51866d950e0bc97f386a060562/element - {"using":"xpath","value":"(//span[contains(text(), \"SecondSection16cnn\")])[1]"}
COMMAND: GET /session/6a89fb51866d950e0bc97f386a060562/screenshot - {}
RESULT: {"using":"xpath","value":"(//span[contains(text(), \"SecondSection16cnn\")])[1]"}
COMMAND: GET /session/6a89fb51866d950e0bc97f386a060562/element/f.A6EC5B81BA07351D57539A0094149B7C.d.D06479F4BE019E8E1E97A29BC0EEB24E.e.4132/text - {}
RESULT: {}
COMMAND: POST /session/6a89fb51866d950e0bc97f386a060562/element - {"using":"xpath","value":"(//span[contains(text(), \"SecondSection16cnn\")])[1]"}
RESULT: {"using":"xpath","value":"(//span[contains(text(), \"SecondSection16cnn\")])[1]"}
COMMAND: GET /session/6a89fb51866d950e0bc97f386a060562/element/f.A6EC5B81BA07351D57539A0094149B7C.d.D06479F4BE019E8E1E97A29BC0EEB24E.e.4132/text - {}
COMMAND: POST /session/6a89fb51866d950e0bc97f386a060562/element - {"using":"xpath","value":"(//span[contains(text(), \"SecondSection16cnn\")])[1]"}
RESULT: {"using":"xpath","value":"(//span[contains(text(), \"SecondSection16cnn\")])[1]"}
COMMAND: GET /session/6a89fb51866d950e0bc97f386a060562/element/f.A6EC5B81BA07351D57539A0094149B7C.d.D06479F4BE019E8E1E97A29BC0EEB24E.e.4184/text - {}
RESULT: {}
COMMAND: POST /session/6a89fb51866d950e0bc97f386a060562/refresh - {}
RESULT: {}
COMMAND: GET /session/6a89fb51866d950e0bc97f386a060562/screenshot - {}
RESULT: {}
COMMAND: POST /session/6a89fb51866d950e0bc97f386a060562/execute/async - {"script":"<script> [189 bytes]","args":[]}
RESULT: {"script":"<script> [189 bytes]","args":[]}
COMMAND: POST /session/6a89fb51866d950e0bc97f386a060562/execute/async - {"script":"<script> [123 bytes]","args":[]}
RESULT: {"script":"<script> [123 bytes]","args":[]}
COMMAND: POST /session/6a89fb51866d950e0bc97f386a060562/timeouts - {"script":"<number>"}
RESULT: {"script":"<number>"}
COMMAND: GET /session/6a89fb51866d950e0bc97f386a060562/timeouts - {}
RESULT: {}
RESULT: undefined
COMMAND: POST /session/6a89fb51866d950e0bc97f386a060562/execute/async - {"script":"<script> [2676 bytes]","args":[]}
RESULT: {"script":"<script> [2676 bytes]","args":[]}
COMMAND: POST /session/6a89fb51866d950e0bc97f386a060562/execute/async - {"script":"<script> [2342 bytes]","args":[{"protocol":"http","hostname":"0.0.0.0","path":"/","capabilities":{"browserName":"chrome","goog:chromeOptions":{"binary":"C:\\Program Files\\Google\\Chrome\\Application\\chrome.exe","args":["--start-maximized"]}},"logLevel":"warn","connectionRetryTimeout":120000,"connectionRetryCount":3,"logLevels":{},"enableDirectConnect":true,"strictSSL":true,"_":"65 more keys: [\"cacheDir\",\"port\",\"requestedCapabilities\",\"automationProtocol\",\"baseUrl\",\"waitforInterval\",\"waitforTimeout\",\"onReload\",\"beforeCommand\",\"afterCommand\",\"rootDir\",\"specs\",\"suites\",\"exclude\",\"groupLogsByTestSpec\",\"excludeDriverLogs\",\"bail\",\"framework\",\"reporters\",\"services\",\"maxInstances\",\"maxInstancesPerCapability\",\"injectGlobals\",\"filesToWatch\",\"execArgv\",\"runnerEnv\",\"runner\",\"shard\",\"specFileRetries\",\"specFileRetriesDelay\",\"specFileRetriesDeferred\",\"reporterSyncInterval\",\"reporterSyncTimeout\",\"cucumberFeaturesWithLineNumbers\",\"autoCompileOpts\",\"mochaOpts\",\"jasmineOpts\",\"cucumberOpts\",\"onPrepare\",\"onWorkerStart\",\"onWorkerEnd\",\"before\",\"beforeSession\",\"beforeSuite\",\"beforeHook\",\"beforeTest\",\"afterTest\",\"afterHook\",\"afterSuite\",\"afterSession\",\"after\",\"onComplete\",\"beforeAssertion\",\"afterAssertion\",\"beforeFeature\",\"beforeScenario\",\"beforeStep\",\"afterStep\",\"afterScenario\",\"afterFeature\",\"_\",\"suite\",\"$0\",\"ignoredWorkerServices\",\"wdi5\"]"}]}
RESULT: {"script":"<script> [2342 bytes]","args":[{"protocol":"http","hostname":"0.0.0.0","path":"/","capabilities":{"browserName":"chrome","goog:chromeOptions":{"binary":"C:\\Program Files\\Google\\Chrome\\Application\\chrome.exe","args":["--start-maximized"]}},"logLevel":"warn","connectionRetryTimeout":120000,"connectionRetryCount":3,"logLevels":{},"enableDirectConnect":true,"strictSSL":true,"_":"65 more keys: [\"cacheDir\",\"port\",\"requestedCapabilities\",\"automationProtocol\",\"baseUrl\",\"waitforInterval\",\"waitforTimeout\",\"onReload\",\"beforeCommand\",\"afterCommand\",\"rootDir\",\"specs\",\"suites\",\"exclude\",\"groupLogsByTestSpec\",\"excludeDriverLogs\",\"bail\",\"framework\",\"reporters\",\"services\",\"maxInstances\",\"maxInstancesPerCapability\",\"injectGlobals\",\"filesToWatch\",\"execArgv\",\"runnerEnv\",\"runner\",\"shard\",\"specFileRetries\",\"specFileRetriesDelay\",\"specFileRetriesDeferred\",\"reporterSyncInterval\",\"reporterSyncTimeout\",\"cucumberFeaturesWithLineNumbers\",\"autoCompileOpts\",\"mochaOpts\",\"jasmineOpts\",\"cucumberOpts\",\"onPrepare\",\"onWorkerStart\",\"onWorkerEnd\",\"before\",\"beforeSession\",\"beforeSuite\",\"beforeHook\",\"beforeTest\",\"afterTest\",\"afterHook\",\"afterSuite\",\"afterSession\",\"after\",\"onComplete\",\"beforeAssertion\",\"afterAssertion\",\"beforeFeature\",\"beforeScenario\",\"beforeStep\",\"afterStep\",\"afterScenario\",\"afterFeature\",\"_\",\"suite\",\"$0\",\"ignoredWorkerServices\",\"wdi5\"]"}]}
COMMAND: POST /session/6a89fb51866d950e0bc97f386a060562/execute/async - {"script":"<script> [21126 bytes]","args":[35000]}
RESULT: {"script":"<script> [21126 bytes]","args":[35000]}
COMMAND: POST /session/6a89fb51866d950e0bc97f386a060562/execute/async - {"script":"<script> [1562 bytes]","args":[{"selector":{"controlType":"sap.m.Button","viewName":"etm.portal.ui.managecatalogs.view.Detail","viewId":"application-managecatalogs-display-component---detailCatalog","i18NText":{"propertyName":"text","key":"edit"},"interaction":{"idSuffix":"BDI-content"}},"wdio_ui5_key":"etmportal.ui.managecatalogs.view.Detailsap.m.Button{\"propertyName\":\"text\",\"key\":\"edit\"}"}]}
RESULT: {"script":"<script> [1562 bytes]","args":[{"selector":{"controlType":"sap.m.Button","viewName":"etm.portal.ui.managecatalogs.view.Detail","viewId":"application-managecatalogs-display-component---detailCatalog","i18NText":{"propertyName":"text","key":"edit"},"interaction":{"idSuffix":"BDI-content"}},"wdio_ui5_key":"etmportal.ui.managecatalogs.view.Detailsap.m.Button{\"propertyName\":\"text\",\"key\":\"edit\"}"}]}
RESULT: undefined
COMMAND: POST /session/6a89fb51866d950e0bc97f386a060562/element - {"using":"xpath","value":"//*[@id=\"__button25\"]"}
RESULT: {"using":"xpath","value":"//*[@id=\"__button25\"]"}
COMMAND: POST /session/6a89fb51866d950e0bc97f386a060562/element/f.A6EC5B81BA07351D57539A0094149B7C.d.8CC2235E84C5BE4BC6E99029150DD8BF.e.4243/click - {}
RESULT: {}
COMMAND: GET /session/6a89fb51866d950e0bc97f386a060562/screenshot - {}
RESULT: {}
COMMAND: POST /session/6a89fb51866d950e0bc97f386a060562/element - {"using":"xpath","value":"//button[contains(@title ,\"Create Catalog Item\")]"}
RESULT: {"using":"xpath","value":"//button[contains(@title ,\"Create Catalog Item\")]"}
COMMAND: POST /session/6a89fb51866d950e0bc97f386a060562/element/f.A6EC5B81BA07351D57539A0094149B7C.d.8CC2235E84C5BE4BC6E99029150DD8BF.e.4251/click - {}
RESULT: {}
COMMAND: POST /session/6a89fb51866d950e0bc97f386a060562/execute/async - {"script":"<script> [1562 bytes]","args":[{"selector":{"id":"application-managecatalogs-display-component---detailCatalog--newItemNumberInput","searchOpenDialogs":true,"interaction":{"idSuffix":"inner"}},"wdio_ui5_key":"applicationmanagecatalogs-display-component---detailCatalog--newItemNumberInput"}]}
COMMAND: GET /session/6a89fb51866d950e0bc97f386a060562/screenshot - {}
RESULT: {"script":"<script> [1562 bytes]","args":[{"selector":{"id":"application-managecatalogs-display-component---detailCatalog--newItemNumberInput","searchOpenDialogs":true,"interaction":{"idSuffix":"inner"}},"wdio_ui5_key":"applicationmanagecatalogs-display-component---detailCatalog--newItemNumberInput"}]}
RESULT: undefined
COMMAND: POST /session/6a89fb51866d950e0bc97f386a060562/execute/async - {"script":"<script> [776 bytes]","args":[{"enterText":"catalogItemvznki","selector":{"id":"application-managecatalogs-display-component---detailCatalog--newItemNumberInput","searchOpenDialogs":true,"interaction":{"idSuffix":"inner"}},"clearTextFirst":true,"interactionType":"ENTER_TEXT"}]}
RESULT: {}
RESULT: {"script":"<script> [776 bytes]","args":[{"enterText":"catalogItemvznki","selector":{"id":"application-managecatalogs-display-component---detailCatalog--newItemNumberInput","searchOpenDialogs":true,"interaction":{"idSuffix":"inner"}},"clearTextFirst":true,"interactionType":"ENTER_TEXT"}]}
COMMAND: POST /session/6a89fb51866d950e0bc97f386a060562/execute/async - {"script":"<script> [1562 bytes]","args":[{"selector":{"controlType":"sap.m.Input","viewName":"etm.portal.ui.managecatalogs.view.Detail","viewId":"application-managecatalogs-display-component---detailCatalog","bindingPath":{"path":"","propertyPath":"/DESCRIPTION"},"searchOpenDialogs":true,"interaction":{"idSuffix":"inner"}},"wdio_ui5_key":"etmportal.ui.managecatalogs.view.Detailsap.m.Input{\"path\":\"\",\"propertyPath\":\"/DESCRIPTION\"}"}]}
RESULT: {"script":"<script> [1562 bytes]","args":[{"selector":{"controlType":"sap.m.Input","viewName":"etm.portal.ui.managecatalogs.view.Detail","viewId":"application-managecatalogs-display-component---detailCatalog","bindingPath":{"path":"","propertyPath":"/DESCRIPTION"},"searchOpenDialogs":true,"interaction":{"idSuffix":"inner"}},"wdio_ui5_key":"etmportal.ui.managecatalogs.view.Detailsap.m.Input{\"path\":\"\",\"propertyPath\":\"/DESCRIPTION\"}"}]}
RESULT: undefined
COMMAND: POST /session/6a89fb51866d950e0bc97f386a060562/execute/async - {"script":"<script> [776 bytes]","args":[{"enterText":"catalogItemNamea8m1y","selector":{"controlType":"sap.m.Input","viewName":"etm.portal.ui.managecatalogs.view.Detail","viewId":"application-managecatalogs-display-component---detailCatalog","bindingPath":{"path":"","propertyPath":"/DESCRIPTION"},"searchOpenDialogs":true,"interaction":{"idSuffix":"inner"}},"clearTextFirst":true,"interactionType":"ENTER_TEXT"}]}
RESULT: {"script":"<script> [776 bytes]","args":[{"enterText":"catalogItemNamea8m1y","selector":{"controlType":"sap.m.Input","viewName":"etm.portal.ui.managecatalogs.view.Detail","viewId":"application-managecatalogs-display-component---detailCatalog","bindingPath":{"path":"","propertyPath":"/DESCRIPTION"},"searchOpenDialogs":true,"interaction":{"idSuffix":"inner"}},"clearTextFirst":true,"interactionType":"ENTER_TEXT"}]}
COMMAND: POST /session/6a89fb51866d950e0bc97f386a060562/actions - {"actions":[{"id":"action12","type":"key","parameters":{},"actions":[{"type":"keyDown","value":"î€„"},{"type":"pause","duration":10},{"type":"keyUp","value":"î€„"}]}]}
RESULT: {"actions":[{"id":"action12","type":"key","parameters":{},"actions":[{"type":"keyDown","value":"î€„"},{"type":"pause","duration":10},{"type":"keyUp","value":"î€„"}]}]}
COMMAND: GET /session/6a89fb51866d950e0bc97f386a060562/screenshot - {}
RESULT: {}
COMMAND: POST /session/6a89fb51866d950e0bc97f386a060562/actions - {"actions":[{"id":"action13","type":"key","parameters":{},"actions":[{"type":"keyDown","value":"î€‡"},{"type":"pause","duration":10},{"type":"keyUp","value":"î€‡"}]}]}
RESULT: {"actions":[{"id":"action13","type":"key","parameters":{},"actions":[{"type":"keyDown","value":"î€‡"},{"type":"pause","duration":10},{"type":"keyUp","value":"î€‡"}]}]}
COMMAND: GET /session/6a89fb51866d950e0bc97f386a060562/screenshot - {}
RESULT: {}
COMMAND: POST /session/6a89fb51866d950e0bc97f386a060562/element - {"using":"xpath","value":"//button[@title=\"Save\"]"}
RESULT: {"using":"xpath","value":"//button[@title=\"Save\"]"}
COMMAND: POST /session/6a89fb51866d950e0bc97f386a060562/element/f.A6EC5B81BA07351D57539A0094149B7C.d.8CC2235E84C5BE4BC6E99029150DD8BF.e.4259/click - {}
RESULT: {}
COMMAND: GET /session/6a89fb51866d950e0bc97f386a060562/screenshot - {}
RESULT: {}
COMMAND: POST /session/6a89fb51866d950e0bc97f386a060562/execute/async - {"script":"<script> [1562 bytes]","args":[{"selector":{"controlType":"sap.ui.core.Icon","viewName":"etm.portal.ui.managecatalogs.view.Detail","viewId":"application-managecatalogs-display-component---detailCatalog","properties":{"src":{"regex":{"source":"decline"}}}},"wdio_ui5_key":"etmportal.ui.managecatalogs.view.Detailsap.ui.core.Icon{\"src\":{\"regex\":{\"source\":\"decline\"}}}"}]}
RESULT: {"script":"<script> [1562 bytes]","args":[{"selector":{"controlType":"sap.ui.core.Icon","viewName":"etm.portal.ui.managecatalogs.view.Detail","viewId":"application-managecatalogs-display-component---detailCatalog","properties":{"src":{"regex":{"source":"decline"}}}},"wdio_ui5_key":"etmportal.ui.managecatalogs.view.Detailsap.ui.core.Icon{\"src\":{\"regex\":{\"source\":\"decline\"}}}"}]}
RESULT: undefined
COMMAND: POST /session/6a89fb51866d950e0bc97f386a060562/element - {"using":"xpath","value":"//*[@id=\"__button28-img\"]"}
RESULT: {"using":"xpath","value":"//*[@id=\"__button28-img\"]"}
COMMAND: POST /session/6a89fb51866d950e0bc97f386a060562/element/f.A6EC5B81BA07351D57539A0094149B7C.d.8CC2235E84C5BE4BC6E99029150DD8BF.e.4265/click - {}
RESULT: {}
COMMAND: GET /session/6a89fb51866d950e0bc97f386a060562/screenshot - {}
RESULT: {}
COMMAND: POST /session/6a89fb51866d950e0bc97f386a060562/execute/async - {"script":"<script> [1562 bytes]","args":[{"selector":{"controlType":"sap.ui.core.Icon","viewName":"etm.portal.ui.managecatalogs.view.MasterItems","viewId":"application-managecatalogs-display-component---masterCatalogItems","properties":{"src":{"regex":{"source":"refresh"}}}},"wdio_ui5_key":"etmportal.ui.managecatalogs.view.MasterItemssap.ui.core.Icon{\"src\":{\"regex\":{\"source\":\"refresh\"}}}"}]}
RESULT: {"script":"<script> [1562 bytes]","args":[{"selector":{"controlType":"sap.ui.core.Icon","viewName":"etm.portal.ui.managecatalogs.view.MasterItems","viewId":"application-managecatalogs-display-component---masterCatalogItems","properties":{"src":{"regex":{"source":"refresh"}}}},"wdio_ui5_key":"etmportal.ui.managecatalogs.view.MasterItemssap.ui.core.Icon{\"src\":{\"regex\":{\"source\":\"refresh\"}}}"}]}
RESULT: undefined
COMMAND: POST /session/6a89fb51866d950e0bc97f386a060562/element - {"using":"xpath","value":"//*[@id=\"__button1-img\"]"}
RESULT: {"using":"xpath","value":"//*[@id=\"__button1-img\"]"}
COMMAND: POST /session/6a89fb51866d950e0bc97f386a060562/element/f.A6EC5B81BA07351D57539A0094149B7C.d.8CC2235E84C5BE4BC6E99029150DD8BF.e.4273/click - {}
RESULT: {}
COMMAND: GET /session/6a89fb51866d950e0bc97f386a060562/screenshot - {}
RESULT: {}
COMMAND: POST /session/6a89fb51866d950e0bc97f386a060562/execute/async - {"script":"<script> [1562 bytes]","args":[{"selector":{"id":"application-managecatalogs-display-component---masterCatalogItems--searchItemsField","interaction":{"idSuffix":"I"}},"wdio_ui5_key":"applicationmanagecatalogs-display-component---masterCatalogItems--searchItemsField"}]}
RESULT: {"script":"<script> [1562 bytes]","args":[{"selector":{"id":"application-managecatalogs-display-component---masterCatalogItems--searchItemsField","interaction":{"idSuffix":"I"}},"wdio_ui5_key":"applicationmanagecatalogs-display-component---masterCatalogItems--searchItemsField"}]}
RESULT: undefined
COMMAND: POST /session/6a89fb51866d950e0bc97f386a060562/execute/async - {"script":"<script> [776 bytes]","args":[{"enterText":"catalogItemNamea8m1y","selector":{"id":"application-managecatalogs-display-component---masterCatalogItems--searchItemsField","interaction":{"idSuffix":"I"}},"clearTextFirst":true,"interactionType":"ENTER_TEXT"}]}
RESULT: {"script":"<script> [776 bytes]","args":[{"enterText":"catalogItemNamea8m1y","selector":{"id":"application-managecatalogs-display-component---masterCatalogItems--searchItemsField","interaction":{"idSuffix":"I"}},"clearTextFirst":true,"interactionType":"ENTER_TEXT"}]}
COMMAND: POST /session/6a89fb51866d950e0bc97f386a060562/actions - {"actions":[{"id":"action14","type":"key","parameters":{},"actions":[{"type":"keyDown","value":"î€‡"},{"type":"pause","duration":10},{"type":"keyUp","value":"î€‡"}]}]}
RESULT: {"actions":[{"id":"action14","type":"key","parameters":{},"actions":[{"type":"keyDown","value":"î€‡"},{"type":"pause","duration":10},{"type":"keyUp","value":"î€‡"}]}]}
COMMAND: POST /session/6a89fb51866d950e0bc97f386a060562/element - {"using":"xpath","value":"(//span[contains(text(), \"catalogItemNamea8m1y\")])[1]"}
COMMAND: GET /session/6a89fb51866d950e0bc97f386a060562/screenshot - {}
RESULT: {}
RESULT: {"using":"xpath","value":"(//span[contains(text(), \"catalogItemNamea8m1y\")])[1]"}
COMMAND: POST /session/6a89fb51866d950e0bc97f386a060562/element/f.A6EC5B81BA07351D57539A0094149B7C.d.8CC2235E84C5BE4BC6E99029150DD8BF.e.4308/click - {}
RESULT: {}
COMMAND: GET /session/6a89fb51866d950e0bc97f386a060562/screenshot - {}
RESULT: {}
COMMAND: POST /session/6a89fb51866d950e0bc97f386a060562/element - {"using":"xpath","value":"//span[contains(text(), \"catalogItemvznki\")]"}
RESULT: {"using":"xpath","value":"//span[contains(text(), \"catalogItemvznki\")]"}
COMMAND: GET /session/6a89fb51866d950e0bc97f386a060562/element/f.A6EC5B81BA07351D57539A0094149B7C.d.8CC2235E84C5BE4BC6E99029150DD8BF.e.4368/text - {}
RESULT: {}
]]></system-out>
    </testcase>
    <testcase classname="chrome.135_0_7049_115.windows.Standard_contract_-_add_contract_items_by_Insert_Request_US118222" name="Should assign resources to the catalog item" time="61.162">
      <system-out><![CDATA[
RESULT: undefined
COMMAND: POST /session/6a89fb51866d950e0bc97f386a060562/element - {"using":"xpath","value":"//*[@id=\"__button25\"]"}
RESULT: {"using":"xpath","value":"//*[@id=\"__button25\"]"}
COMMAND: POST /session/6a89fb51866d950e0bc97f386a060562/element/f.A6EC5B81BA07351D57539A0094149B7C.d.8CC2235E84C5BE4BC6E99029150DD8BF.e.4369/click - {}
RESULT: {}
COMMAND: GET /session/6a89fb51866d950e0bc97f386a060562/screenshot - {}
RESULT: {}
COMMAND: POST /session/6a89fb51866d950e0bc97f386a060562/execute/async - {"script":"<script> [1562 bytes]","args":[{"selector":{"id":"application-managecatalogs-display-component---detailCatalog--BASE_UNIT_OF_MEASURE-arrow"},"wdio_ui5_key":"applicationmanagecatalogs-display-component---detailCatalog--BASE_UNIT_OF_MEASURE-arrow"}]}
RESULT: {"script":"<script> [1562 bytes]","args":[{"selector":{"id":"application-managecatalogs-display-component---detailCatalog--BASE_UNIT_OF_MEASURE-arrow"},"wdio_ui5_key":"applicationmanagecatalogs-display-component---detailCatalog--BASE_UNIT_OF_MEASURE-arrow"}]}
RESULT: undefined
COMMAND: POST /session/6a89fb51866d950e0bc97f386a060562/element - {"using":"xpath","value":"//*[@id=\"application-managecatalogs-display-component---detailCatalog--BASE_UNIT_OF_MEASURE-arrow\"]"}
RESULT: {"using":"xpath","value":"//*[@id=\"application-managecatalogs-display-component---detailCatalog--BASE_UNIT_OF_MEASURE-arrow\"]"}
COMMAND: POST /session/6a89fb51866d950e0bc97f386a060562/element/f.A6EC5B81BA07351D57539A0094149B7C.d.8CC2235E84C5BE4BC6E99029150DD8BF.e.4400/click - {}
RESULT: {}
COMMAND: POST /session/6a89fb51866d950e0bc97f386a060562/execute/async - {"script":"<script> [1562 bytes]","args":[{"selector":{"controlType":"sap.m.StandardListItem","viewName":"etm.portal.ui.managecatalogs.view.Detail","viewId":"application-managecatalogs-display-component---detailCatalog","properties":{"title":"Piece"},"searchOpenDialogs":true,"interaction":{"idSuffix":"titleText"}},"wdio_ui5_key":"etmportal.ui.managecatalogs.view.Detailsap.m.StandardListItem{\"title\":\"Piece\"}"}]}
COMMAND: GET /session/6a89fb51866d950e0bc97f386a060562/screenshot - {}
RESULT: {"script":"<script> [1562 bytes]","args":[{"selector":{"controlType":"sap.m.StandardListItem","viewName":"etm.portal.ui.managecatalogs.view.Detail","viewId":"application-managecatalogs-display-component---detailCatalog","properties":{"title":"Piece"},"searchOpenDialogs":true,"interaction":{"idSuffix":"titleText"}},"wdio_ui5_key":"etmportal.ui.managecatalogs.view.Detailsap.m.StandardListItem{\"title\":\"Piece\"}"}]}
RESULT: undefined
COMMAND: POST /session/6a89fb51866d950e0bc97f386a060562/element - {"using":"xpath","value":"//*[@id=\"__item224\"]"}
RESULT: {}
RESULT: {"using":"xpath","value":"//*[@id=\"__item224\"]"}
COMMAND: POST /session/6a89fb51866d950e0bc97f386a060562/element/f.A6EC5B81BA07351D57539A0094149B7C.d.8CC2235E84C5BE4BC6E99029150DD8BF.e.4402/click - {}
RESULT: {}
COMMAND: POST /session/6a89fb51866d950e0bc97f386a060562/execute/async - {"script":"<script> [1562 bytes]","args":[{"selector":{"id":"application-managecatalogs-display-component---detailCatalog--ObjectPageLayout-anchBar-application-managecatalogs-display-component---detailCatalog--sectionRUs-anchor","interaction":{"idSuffix":"BDI-content"}},"wdio_ui5_key":"applicationmanagecatalogs-display-component---detailCatalog--ObjectPageLayout-anchBar-application-managecatalogs-display-component---detailCatalog--sectionRUs-anchor"}]}
COMMAND: GET /session/6a89fb51866d950e0bc97f386a060562/screenshot - {}
RESULT: {"script":"<script> [1562 bytes]","args":[{"selector":{"id":"application-managecatalogs-display-component---detailCatalog--ObjectPageLayout-anchBar-application-managecatalogs-display-component---detailCatalog--sectionRUs-anchor","interaction":{"idSuffix":"BDI-content"}},"wdio_ui5_key":"applicationmanagecatalogs-display-component---detailCatalog--ObjectPageLayout-anchBar-application-managecatalogs-display-component---detailCatalog--sectionRUs-anchor"}]}
RESULT: undefined
COMMAND: POST /session/6a89fb51866d950e0bc97f386a060562/element - {"using":"xpath","value":"//*[@id=\"application-managecatalogs-display-component---detailCatalog--ObjectPageLayout-anchBar-application-managecatalogs-display-component---detailCatalog--sectionRUs-anchor\"]"}
RESULT: {}
RESULT: {"using":"xpath","value":"//*[@id=\"application-managecatalogs-display-component---detailCatalog--ObjectPageLayout-anchBar-application-managecatalogs-display-component---detailCatalog--sectionRUs-anchor\"]"}
COMMAND: POST /session/6a89fb51866d950e0bc97f386a060562/element/f.A6EC5B81BA07351D57539A0094149B7C.d.8CC2235E84C5BE4BC6E99029150DD8BF.e.4404/click - {}
RESULT: {}
COMMAND: POST /session/6a89fb51866d950e0bc97f386a060562/element - {"using":"xpath","value":"//button[contains(@data-kt ,\"catalogItemAssignRuButton\")]"}
COMMAND: GET /session/6a89fb51866d950e0bc97f386a060562/screenshot - {}
RESULT: {"using":"xpath","value":"//button[contains(@data-kt ,\"catalogItemAssignRuButton\")]"}
COMMAND: POST /session/6a89fb51866d950e0bc97f386a060562/element/f.A6EC5B81BA07351D57539A0094149B7C.d.8CC2235E84C5BE4BC6E99029150DD8BF.e.4410/click - {}
RESULT: {}
RESULT: {}
COMMAND: GET /session/6a89fb51866d950e0bc97f386a060562/screenshot - {}
RESULT: {}
COMMAND: POST /session/6a89fb51866d950e0bc97f386a060562/actions - {"actions":[{"id":"action15","type":"key","parameters":{},"actions":[{"type":"keyDown","value":"î€‡"},{"type":"pause","duration":10},{"type":"keyUp","value":"î€‡"}]}]}
RESULT: {"actions":[{"id":"action15","type":"key","parameters":{},"actions":[{"type":"keyDown","value":"î€‡"},{"type":"pause","duration":10},{"type":"keyUp","value":"î€‡"}]}]}
COMMAND: POST /session/6a89fb51866d950e0bc97f386a060562/execute/async - {"script":"<script> [1562 bytes]","args":[{"selector":{"id":"application-managecatalogs-display-component---detailCatalog--assignRUSearchField-vhi","searchOpenDialogs":true},"wdio_ui5_key":"applicationmanagecatalogs-display-component---detailCatalog--assignRUSearchField-vhi"}]}
COMMAND: GET /session/6a89fb51866d950e0bc97f386a060562/screenshot - {}
RESULT: {"script":"<script> [1562 bytes]","args":[{"selector":{"id":"application-managecatalogs-display-component---detailCatalog--assignRUSearchField-vhi","searchOpenDialogs":true},"wdio_ui5_key":"applicationmanagecatalogs-display-component---detailCatalog--assignRUSearchField-vhi"}]}
RESULT: undefined
COMMAND: POST /session/6a89fb51866d950e0bc97f386a060562/element - {"using":"xpath","value":"//*[@id=\"application-managecatalogs-display-component---detailCatalog--assignRUSearchField-vhi\"]"}
RESULT: {}
RESULT: {"using":"xpath","value":"//*[@id=\"application-managecatalogs-display-component---detailCatalog--assignRUSearchField-vhi\"]"}
COMMAND: POST /session/6a89fb51866d950e0bc97f386a060562/element/f.A6EC5B81BA07351D57539A0094149B7C.d.8CC2235E84C5BE4BC6E99029150DD8BF.e.4433/click - {}
RESULT: {}
COMMAND: GET /session/6a89fb51866d950e0bc97f386a060562/screenshot - {}
RESULT: {}
COMMAND: POST /session/6a89fb51866d950e0bc97f386a060562/element - {"using":"xpath","value":"//input[contains(@id ,\"searchField-I\")]"}
RESULT: {"using":"xpath","value":"//input[contains(@id ,\"searchField-I\")]"}
COMMAND: POST /session/6a89fb51866d950e0bc97f386a060562/element/f.A6EC5B81BA07351D57539A0094149B7C.d.8CC2235E84C5BE4BC6E99029150DD8BF.e.4435/clear - {}
RESULT: {}
COMMAND: POST /session/6a89fb51866d950e0bc97f386a060562/element/f.A6EC5B81BA07351D57539A0094149B7C.d.8CC2235E84C5BE4BC6E99029150DD8BF.e.4435/value - {"text":"WdIOR2cEquip55fmx"}
COMMAND: GET /session/6a89fb51866d950e0bc97f386a060562/screenshot - {}
RESULT: {"text":"WdIOR2cEquip55fmx"}
COMMAND: GET /session/6a89fb51866d950e0bc97f386a060562/screenshot - {}
RESULT: {}
RESULT: {}
COMMAND: POST /session/6a89fb51866d950e0bc97f386a060562/actions - {"actions":[{"id":"action16","type":"key","parameters":{},"actions":[{"type":"keyDown","value":"î€‡"},{"type":"pause","duration":10},{"type":"keyUp","value":"î€‡"}]}]}
RESULT: {"actions":[{"id":"action16","type":"key","parameters":{},"actions":[{"type":"keyDown","value":"î€‡"},{"type":"pause","duration":10},{"type":"keyUp","value":"î€‡"}]}]}
COMMAND: GET /session/6a89fb51866d950e0bc97f386a060562/screenshot - {}
RESULT: {}
COMMAND: POST /session/6a89fb51866d950e0bc97f386a060562/actions - {"actions":[{"id":"action17","type":"key","parameters":{},"actions":[{"type":"keyDown","value":"î€„"},{"type":"pause","duration":10},{"type":"keyUp","value":"î€„"}]}]}
RESULT: {"actions":[{"id":"action17","type":"key","parameters":{},"actions":[{"type":"keyDown","value":"î€„"},{"type":"pause","duration":10},{"type":"keyUp","value":"î€„"}]}]}
COMMAND: GET /session/6a89fb51866d950e0bc97f386a060562/screenshot - {}
RESULT: {}
COMMAND: POST /session/6a89fb51866d950e0bc97f386a060562/actions - {"actions":[{"id":"action18","type":"key","parameters":{},"actions":[{"type":"keyDown","value":"î€‡"},{"type":"pause","duration":10},{"type":"keyUp","value":"î€‡"}]}]}
RESULT: {"actions":[{"id":"action18","type":"key","parameters":{},"actions":[{"type":"keyDown","value":"î€‡"},{"type":"pause","duration":10},{"type":"keyUp","value":"î€‡"}]}]}
COMMAND: GET /session/6a89fb51866d950e0bc97f386a060562/screenshot - {}
RESULT: {}
COMMAND: POST /session/6a89fb51866d950e0bc97f386a060562/element - {"using":"xpath","value":"//bdi[contains(@id ,\"application-managecatalogs-display-component---detailCatalog--RUAssignmentSaveButton-BDI-content\")]"}
RESULT: {"using":"xpath","value":"//bdi[contains(@id ,\"application-managecatalogs-display-component---detailCatalog--RUAssignmentSaveButton-BDI-content\")]"}
COMMAND: POST /session/6a89fb51866d950e0bc97f386a060562/element/f.A6EC5B81BA07351D57539A0094149B7C.d.8CC2235E84C5BE4BC6E99029150DD8BF.e.4470/click - {}
RESULT: {}
COMMAND: GET /session/6a89fb51866d950e0bc97f386a060562/screenshot - {}
RESULT: {}
COMMAND: POST /session/6a89fb51866d950e0bc97f386a060562/element - {"using":"xpath","value":"//bdi[contains(@id ,\"application-managecatalogs-display-component---detailCatalog--ObjectPageLayout-anchBar-application-managecatalogs-display-component---detailCatalog--sectionRUs-anchor-BDI-content\")]"}
RESULT: {"using":"xpath","value":"//bdi[contains(@id ,\"application-managecatalogs-display-component---detailCatalog--ObjectPageLayout-anchBar-application-managecatalogs-display-component---detailCatalog--sectionRUs-anchor-BDI-content\")]"}
COMMAND: POST /session/6a89fb51866d950e0bc97f386a060562/element/f.A6EC5B81BA07351D57539A0094149B7C.d.8CC2235E84C5BE4BC6E99029150DD8BF.e.4491/click - {}
RESULT: {}
COMMAND: GET /session/6a89fb51866d950e0bc97f386a060562/screenshot - {}
RESULT: {}
COMMAND: POST /session/6a89fb51866d950e0bc97f386a060562/element - {"using":"xpath","value":"//button[contains(@data-kt ,\"catalogItemAssignRuButton\")]"}
RESULT: {"using":"xpath","value":"//button[contains(@data-kt ,\"catalogItemAssignRuButton\")]"}
COMMAND: POST /session/6a89fb51866d950e0bc97f386a060562/element/f.A6EC5B81BA07351D57539A0094149B7C.d.8CC2235E84C5BE4BC6E99029150DD8BF.e.4410/click - {}
RESULT: {}
COMMAND: GET /session/6a89fb51866d950e0bc97f386a060562/screenshot - {}
RESULT: {}
COMMAND: POST /session/6a89fb51866d950e0bc97f386a060562/actions - {"actions":[{"id":"action19","type":"key","parameters":{},"actions":[{"type":"keyDown","value":"î€‡"},{"type":"pause","duration":10},{"type":"keyUp","value":"î€‡"}]}]}
RESULT: {"actions":[{"id":"action19","type":"key","parameters":{},"actions":[{"type":"keyDown","value":"î€‡"},{"type":"pause","duration":10},{"type":"keyUp","value":"î€‡"}]}]}
RESULT: undefined
COMMAND: POST /session/6a89fb51866d950e0bc97f386a060562/element - {"using":"xpath","value":"//*[@id=\"application-managecatalogs-display-component---detailCatalog--assignRUSearchField-vhi\"]"}
COMMAND: GET /session/6a89fb51866d950e0bc97f386a060562/screenshot - {}
RESULT: {"using":"xpath","value":"//*[@id=\"application-managecatalogs-display-component---detailCatalog--assignRUSearchField-vhi\"]"}
COMMAND: POST /session/6a89fb51866d950e0bc97f386a060562/elements - {"using":"xpath","value":"//*[@id=\"application-managecatalogs-display-component---detailCatalog--assignRUSearchField-vhi\"]"}
RESULT: {}
RESULT: {"using":"xpath","value":"//*[@id=\"application-managecatalogs-display-component---detailCatalog--assignRUSearchField-vhi\"]"}
COMMAND: POST /session/6a89fb51866d950e0bc97f386a060562/element - {"using":"xpath","value":"//*[@id=\"application-managecatalogs-display-component---detailCatalog--assignRUSearchField-vhi\"]"}
RESULT: {"using":"xpath","value":"//*[@id=\"application-managecatalogs-display-component---detailCatalog--assignRUSearchField-vhi\"]"}
COMMAND: POST /session/6a89fb51866d950e0bc97f386a060562/element/f.A6EC5B81BA07351D57539A0094149B7C.d.8CC2235E84C5BE4BC6E99029150DD8BF.e.4520/click - {}
RESULT: {}
COMMAND: POST /session/6a89fb51866d950e0bc97f386a060562/execute/async - {"script":"<script> [1562 bytes]","args":[{"selector":{"controlType":"sap.m.SearchField","viewName":"etm.portal.ui.managecatalogs.view.Detail","viewId":"application-managecatalogs-display-component---detailCatalog","searchOpenDialogs":true,"interaction":{"idSuffix":"I"}},"wdio_ui5_key":"etmportal.ui.managecatalogs.view.Detailsap.m.SearchField"}]}
COMMAND: GET /session/6a89fb51866d950e0bc97f386a060562/screenshot - {}
RESULT: {"script":"<script> [1562 bytes]","args":[{"selector":{"controlType":"sap.m.SearchField","viewName":"etm.portal.ui.managecatalogs.view.Detail","viewId":"application-managecatalogs-display-component---detailCatalog","searchOpenDialogs":true,"interaction":{"idSuffix":"I"}},"wdio_ui5_key":"etmportal.ui.managecatalogs.view.Detailsap.m.SearchField"}]}
RESULT: undefined
COMMAND: POST /session/6a89fb51866d950e0bc97f386a060562/execute/async - {"script":"<script> [776 bytes]","args":[{"enterText":"WebdriverRUR2Csk9oq","selector":{"controlType":"sap.m.SearchField","viewName":"etm.portal.ui.managecatalogs.view.Detail","viewId":"application-managecatalogs-display-component---detailCatalog","searchOpenDialogs":true,"interaction":{"idSuffix":"I"}},"clearTextFirst":true,"interactionType":"ENTER_TEXT"}]}
RESULT: {}
RESULT: {"script":"<script> [776 bytes]","args":[{"enterText":"WebdriverRUR2Csk9oq","selector":{"controlType":"sap.m.SearchField","viewName":"etm.portal.ui.managecatalogs.view.Detail","viewId":"application-managecatalogs-display-component---detailCatalog","searchOpenDialogs":true,"interaction":{"idSuffix":"I"}},"clearTextFirst":true,"interactionType":"ENTER_TEXT"}]}
COMMAND: POST /session/6a89fb51866d950e0bc97f386a060562/actions - {"actions":[{"id":"action20","type":"key","parameters":{},"actions":[{"type":"keyDown","value":"î€‡"},{"type":"pause","duration":10},{"type":"keyUp","value":"î€‡"}]}]}
RESULT: {"actions":[{"id":"action20","type":"key","parameters":{},"actions":[{"type":"keyDown","value":"î€‡"},{"type":"pause","duration":10},{"type":"keyUp","value":"î€‡"}]}]}
COMMAND: GET /session/6a89fb51866d950e0bc97f386a060562/screenshot - {}
RESULT: {}
COMMAND: POST /session/6a89fb51866d950e0bc97f386a060562/element - {"using":"xpath","value":"(//span[contains(text(), \"WebdriverRUR2Csk9oq\")])[1]"}
RESULT: {"using":"xpath","value":"(//span[contains(text(), \"WebdriverRUR2Csk9oq\")])[1]"}
COMMAND: POST /session/6a89fb51866d950e0bc97f386a060562/element/f.A6EC5B81BA07351D57539A0094149B7C.d.8CC2235E84C5BE4BC6E99029150DD8BF.e.4550/click - {}
RESULT: {}
COMMAND: POST /session/6a89fb51866d950e0bc97f386a060562/execute/async - {"script":"<script> [1562 bytes]","args":[{"selector":{"id":"application-managecatalogs-display-component---detailCatalog--RUAssignmentSaveButton","searchOpenDialogs":true,"interaction":{"idSuffix":"BDI-content"}},"wdio_ui5_key":"applicationmanagecatalogs-display-component---detailCatalog--RUAssignmentSaveButton"}]}
COMMAND: GET /session/6a89fb51866d950e0bc97f386a060562/screenshot - {}
RESULT: {"script":"<script> [1562 bytes]","args":[{"selector":{"id":"application-managecatalogs-display-component---detailCatalog--RUAssignmentSaveButton","searchOpenDialogs":true,"interaction":{"idSuffix":"BDI-content"}},"wdio_ui5_key":"applicationmanagecatalogs-display-component---detailCatalog--RUAssignmentSaveButton"}]}
RESULT: undefined
COMMAND: POST /session/6a89fb51866d950e0bc97f386a060562/element - {"using":"xpath","value":"//*[@id=\"application-managecatalogs-display-component---detailCatalog--RUAssignmentSaveButton\"]"}
RESULT: {}
RESULT: {"using":"xpath","value":"//*[@id=\"application-managecatalogs-display-component---detailCatalog--RUAssignmentSaveButton\"]"}
COMMAND: POST /session/6a89fb51866d950e0bc97f386a060562/element/f.A6EC5B81BA07351D57539A0094149B7C.d.8CC2235E84C5BE4BC6E99029150DD8BF.e.4553/click - {}
RESULT: {}
COMMAND: GET /session/6a89fb51866d950e0bc97f386a060562/screenshot - {}
RESULT: {}
COMMAND: POST /session/6a89fb51866d950e0bc97f386a060562/element - {"using":"xpath","value":"//bdi[contains(text(), \"Save\")]"}
RESULT: {"using":"xpath","value":"//bdi[contains(text(), \"Save\")]"}
COMMAND: POST /session/6a89fb51866d950e0bc97f386a060562/element/f.A6EC5B81BA07351D57539A0094149B7C.d.8CC2235E84C5BE4BC6E99029150DD8BF.e.4564/click - {}
RESULT: {}
COMMAND: GET /session/6a89fb51866d950e0bc97f386a060562/screenshot - {}
RESULT: {}
COMMAND: POST /session/6a89fb51866d950e0bc97f386a060562/element - {"using":"css selector","value":"#shell-header-logo"}
RESULT: {"using":"css selector","value":"#shell-header-logo"}
COMMAND: POST /session/6a89fb51866d950e0bc97f386a060562/element/f.A6EC5B81BA07351D57539A0094149B7C.d.8CC2235E84C5BE4BC6E99029150DD8BF.e.4191/click - {}
RESULT: {}
COMMAND: GET /session/6a89fb51866d950e0bc97f386a060562/screenshot - {}
RESULT: {}
]]></system-out>
    </testcase>
    <testcase classname="chrome.135_0_7049_115.windows.Standard_contract_-_add_contract_items_by_Insert_Request_US118222" name="Should create a new contract" time="93.043">
      <system-out><![CDATA[
COMMAND: POST /session/6a89fb51866d950e0bc97f386a060562/execute/async - {"script":"<script> [1562 bytes]","args":[{"selector":{"controlType":"sap.m.Text","viewName":"etm.portal.ui.managecontractstile.view.Master","properties":{"text":"Manage Contracts"},"interaction":{"idSuffix":"inner"}},"wdio_ui5_key":"etmportal.ui.managecontractstile.view.Mastersap.m.Text{\"text\":\"Manage Contracts\"}"}]}
RESULT: {"script":"<script> [1562 bytes]","args":[{"selector":{"controlType":"sap.m.Text","viewName":"etm.portal.ui.managecontractstile.view.Master","properties":{"text":"Manage Contracts"},"interaction":{"idSuffix":"inner"}},"wdio_ui5_key":"etmportal.ui.managecontractstile.view.Mastersap.m.Text{\"text\":\"Manage Contracts\"}"}]}
RESULT: undefined
COMMAND: POST /session/6a89fb51866d950e0bc97f386a060562/element - {"using":"xpath","value":"//*[@id=\"__tile130-title\"]"}
RESULT: {"using":"xpath","value":"//*[@id=\"__tile130-title\"]"}
COMMAND: POST /session/6a89fb51866d950e0bc97f386a060562/element/f.A6EC5B81BA07351D57539A0094149B7C.d.8CC2235E84C5BE4BC6E99029150DD8BF.e.4601/click - {}
RESULT: {}
COMMAND: GET /session/6a89fb51866d950e0bc97f386a060562/screenshot - {}
RESULT: {}
COMMAND: POST /session/6a89fb51866d950e0bc97f386a060562/element - {"using":"xpath","value":"//button[@data-kt=\"addButton\"]"}
RESULT: {"using":"xpath","value":"//button[@data-kt=\"addButton\"]"}
COMMAND: POST /session/6a89fb51866d950e0bc97f386a060562/element/f.A6EC5B81BA07351D57539A0094149B7C.d.8CC2235E84C5BE4BC6E99029150DD8BF.e.4653/click - {}
RESULT: {}
COMMAND: GET /session/6a89fb51866d950e0bc97f386a060562/screenshot - {}
COMMAND: POST /session/6a89fb51866d950e0bc97f386a060562/execute/async - {"script":"<script> [1562 bytes]","args":[{"selector":{"id":"application-managecontracts-display-component---AddNewContract--projectDescription","interaction":{"idSuffix":"inner"}},"wdio_ui5_key":"applicationmanagecontracts-display-component---AddNewContract--projectDescription"}]}
RESULT: {}
RESULT: {"script":"<script> [1562 bytes]","args":[{"selector":{"id":"application-managecontracts-display-component---AddNewContract--projectDescription","interaction":{"idSuffix":"inner"}},"wdio_ui5_key":"applicationmanagecontracts-display-component---AddNewContract--projectDescription"}]}
RESULT: undefined
COMMAND: POST /session/6a89fb51866d950e0bc97f386a060562/execute/async - {"script":"<script> [776 bytes]","args":[{"enterText":"WdIOR2cwvq7y","selector":{"id":"application-managecontracts-display-component---AddNewContract--projectDescription","interaction":{"idSuffix":"inner"}},"clearTextFirst":true,"interactionType":"ENTER_TEXT"}]}
RESULT: {"script":"<script> [776 bytes]","args":[{"enterText":"WdIOR2cwvq7y","selector":{"id":"application-managecontracts-display-component---AddNewContract--projectDescription","interaction":{"idSuffix":"inner"}},"clearTextFirst":true,"interactionType":"ENTER_TEXT"}]}
COMMAND: POST /session/6a89fb51866d950e0bc97f386a060562/element - {"using":"xpath","value":"//input[@id=\"application-managecontracts-display-component---AddNewContract--yardId-inner\"]"}
RESULT: {"using":"xpath","value":"//input[@id=\"application-managecontracts-display-component---AddNewContract--yardId-inner\"]"}
COMMAND: POST /session/6a89fb51866d950e0bc97f386a060562/element/f.A6EC5B81BA07351D57539A0094149B7C.d.8CC2235E84C5BE4BC6E99029150DD8BF.e.4941/clear - {}
RESULT: {}
COMMAND: POST /session/6a89fb51866d950e0bc97f386a060562/element/f.A6EC5B81BA07351D57539A0094149B7C.d.8CC2235E84C5BE4BC6E99029150DD8BF.e.4941/value - {"text":"WebdriverYard87g2b"}
COMMAND: GET /session/6a89fb51866d950e0bc97f386a060562/screenshot - {}
RESULT: {"text":"WebdriverYard87g2b"}
COMMAND: GET /session/6a89fb51866d950e0bc97f386a060562/screenshot - {}
RESULT: {}
RESULT: {}
COMMAND: POST /session/6a89fb51866d950e0bc97f386a060562/actions - {"actions":[{"id":"action21","type":"key","parameters":{},"actions":[{"type":"keyDown","value":"î€‡"},{"type":"pause","duration":10},{"type":"keyUp","value":"î€‡"}]}]}
RESULT: {"actions":[{"id":"action21","type":"key","parameters":{},"actions":[{"type":"keyDown","value":"î€‡"},{"type":"pause","duration":10},{"type":"keyUp","value":"î€‡"}]}]}
COMMAND: GET /session/6a89fb51866d950e0bc97f386a060562/screenshot - {}
RESULT: {}
COMMAND: POST /session/6a89fb51866d950e0bc97f386a060562/element - {"using":"xpath","value":"//input[@id=\"application-managecontracts-display-component---AddNewContract--customerSelect-inner\"]"}
RESULT: {"using":"xpath","value":"//input[@id=\"application-managecontracts-display-component---AddNewContract--customerSelect-inner\"]"}
COMMAND: POST /session/6a89fb51866d950e0bc97f386a060562/element/f.A6EC5B81BA07351D57539A0094149B7C.d.8CC2235E84C5BE4BC6E99029150DD8BF.e.4939/clear - {}
RESULT: {}
COMMAND: POST /session/6a89fb51866d950e0bc97f386a060562/element/f.A6EC5B81BA07351D57539A0094149B7C.d.8CC2235E84C5BE4BC6E99029150DD8BF.e.4939/value - {"text":"WebdriverPartnerqoxb8"}
COMMAND: GET /session/6a89fb51866d950e0bc97f386a060562/screenshot - {}
RESULT: {"text":"WebdriverPartnerqoxb8"}
COMMAND: GET /session/6a89fb51866d950e0bc97f386a060562/screenshot - {}
RESULT: {}
RESULT: {}
COMMAND: POST /session/6a89fb51866d950e0bc97f386a060562/actions - {"actions":[{"id":"action22","type":"key","parameters":{},"actions":[{"type":"keyDown","value":"î€‡"},{"type":"pause","duration":10},{"type":"keyUp","value":"î€‡"}]}]}
RESULT: {"actions":[{"id":"action22","type":"key","parameters":{},"actions":[{"type":"keyDown","value":"î€‡"},{"type":"pause","duration":10},{"type":"keyUp","value":"î€‡"}]}]}
COMMAND: GET /session/6a89fb51866d950e0bc97f386a060562/screenshot - {}
RESULT: {}
COMMAND: POST /session/6a89fb51866d950e0bc97f386a060562/element - {"using":"xpath","value":"//input[@id=\"application-managecontracts-display-component---AddNewContract--site-inner\"]"}
RESULT: {"using":"xpath","value":"//input[@id=\"application-managecontracts-display-component---AddNewContract--site-inner\"]"}
COMMAND: POST /session/6a89fb51866d950e0bc97f386a060562/element/f.A6EC5B81BA07351D57539A0094149B7C.d.8CC2235E84C5BE4BC6E99029150DD8BF.e.4940/clear - {}
RESULT: {}
COMMAND: POST /session/6a89fb51866d950e0bc97f386a060562/element/f.A6EC5B81BA07351D57539A0094149B7C.d.8CC2235E84C5BE4BC6E99029150DD8BF.e.4940/value - {"text":"WebdriverSitegb0gz"}
COMMAND: GET /session/6a89fb51866d950e0bc97f386a060562/screenshot - {}
RESULT: {"text":"WebdriverSitegb0gz"}
COMMAND: GET /session/6a89fb51866d950e0bc97f386a060562/screenshot - {}
RESULT: {}
RESULT: {}
COMMAND: POST /session/6a89fb51866d950e0bc97f386a060562/actions - {"actions":[{"id":"action23","type":"key","parameters":{},"actions":[{"type":"keyDown","value":"î€‡"},{"type":"pause","duration":10},{"type":"keyUp","value":"î€‡"}]}]}
RESULT: {"actions":[{"id":"action23","type":"key","parameters":{},"actions":[{"type":"keyDown","value":"î€‡"},{"type":"pause","duration":10},{"type":"keyUp","value":"î€‡"}]}]}
COMMAND: GET /session/6a89fb51866d950e0bc97f386a060562/screenshot - {}
RESULT: {}
COMMAND: POST /session/6a89fb51866d950e0bc97f386a060562/element - {"using":"xpath","value":"//button[@data-kt=\"saveButton\"]"}
RESULT: {"using":"xpath","value":"//button[@data-kt=\"saveButton\"]"}
COMMAND: POST /session/6a89fb51866d950e0bc97f386a060562/element/f.A6EC5B81BA07351D57539A0094149B7C.d.8CC2235E84C5BE4BC6E99029150DD8BF.e.4957/click - {}
RESULT: {}
COMMAND: GET /session/6a89fb51866d950e0bc97f386a060562/screenshot - {}
RESULT: {}
COMMAND: POST /session/6a89fb51866d950e0bc97f386a060562/execute/async - {"script":"<script> [1562 bytes]","args":[{"selector":{"id":"contractDetailTitleNoExpanded","viewName":"etm.portal.ui.managecontracts.view.Detail"},"wdio_ui5_key":"contractDetailTitleNoExpandedetmportal.ui.managecontracts.view.Detail"}]}
RESULT: {"script":"<script> [1562 bytes]","args":[{"selector":{"id":"contractDetailTitleNoExpanded","viewName":"etm.portal.ui.managecontracts.view.Detail"},"wdio_ui5_key":"contractDetailTitleNoExpandedetmportal.ui.managecontracts.view.Detail"}]}
RESULT: undefined
COMMAND: POST /session/6a89fb51866d950e0bc97f386a060562/execute/async - {"script":"<script> [6424 bytes]","args":[{"element-6066-11e4-a52e-4f735466cecf":"f.A6EC5B81BA07351D57539A0094149B7C.d.8CC2235E84C5BE4BC6E99029150DD8BF.e.5038"},"getText",[]]}
RESULT: {"script":"<script> [6424 bytes]","args":[{"element-6066-11e4-a52e-4f735466cecf":"f.A6EC5B81BA07351D57539A0094149B7C.d.8CC2235E84C5BE4BC6E99029150DD8BF.e.5038"},"getText",[]]}
]]></system-out>
    </testcase>
    <testcase classname="chrome.135_0_7049_115.windows.Standard_contract_-_add_contract_items_by_Insert_Request_US118222" name="Should create a new request and plan it" time="169.068">
      <system-out><![CDATA[
COMMAND: POST /session/6a89fb51866d950e0bc97f386a060562/element - {"using":"css selector","value":"#shell-header-logo"}
RESULT: {"using":"css selector","value":"#shell-header-logo"}
COMMAND: POST /session/6a89fb51866d950e0bc97f386a060562/element/f.A6EC5B81BA07351D57539A0094149B7C.d.8CC2235E84C5BE4BC6E99029150DD8BF.e.4604/click - {}
RESULT: {}
COMMAND: GET /session/6a89fb51866d950e0bc97f386a060562/screenshot - {}
RESULT: {}
COMMAND: POST /session/6a89fb51866d950e0bc97f386a060562/execute/async - {"script":"<script> [1562 bytes]","args":[{"selector":{"controlType":"sap.m.GenericTile","properties":{"header":"Manage Requests"}},"wdio_ui5_key":"sapm.GenericTile{\"header\":\"Manage Requests\"}"}]}
RESULT: {"script":"<script> [1562 bytes]","args":[{"selector":{"controlType":"sap.m.GenericTile","properties":{"header":"Manage Requests"}},"wdio_ui5_key":"sapm.GenericTile{\"header\":\"Manage Requests\"}"}]}
RESULT: undefined
COMMAND: POST /session/6a89fb51866d950e0bc97f386a060562/element - {"using":"xpath","value":"//*[@id=\"__tile47\"]"}
RESULT: {"using":"xpath","value":"//*[@id=\"__tile47\"]"}
COMMAND: POST /session/6a89fb51866d950e0bc97f386a060562/element/f.A6EC5B81BA07351D57539A0094149B7C.d.8CC2235E84C5BE4BC6E99029150DD8BF.e.5041/click - {}
RESULT: {}
COMMAND: GET /session/6a89fb51866d950e0bc97f386a060562/screenshot - {}
RESULT: {}
COMMAND: POST /session/6a89fb51866d950e0bc97f386a060562/element - {"using":"xpath","value":"//button[contains(@data-kt ,\"btnCreateNewOverflowToolbarButton\")]"}
COMMAND: POST /session/6a89fb51866d950e0bc97f386a060562/element - {"using":"xpath","value":"(//span[contains(@class ,\"sapMObjStatusText\")])[1]"}
RESULT: {"using":"xpath","value":"//button[contains(@data-kt ,\"btnCreateNewOverflowToolbarButton\")]"}
COMMAND: POST /session/6a89fb51866d950e0bc97f386a060562/element/f.A6EC5B81BA07351D57539A0094149B7C.d.8CC2235E84C5BE4BC6E99029150DD8BF.e.5079/click - {}
RESULT: {"using":"xpath","value":"(//span[contains(@class ,\"sapMObjStatusText\")])[1]"}
COMMAND: POST /session/6a89fb51866d950e0bc97f386a060562/execute/sync - {"script":"<script> [8489 bytes]","args":[{"element-6066-11e4-a52e-4f735466cecf":"f.A6EC5B81BA07351D57539A0094149B7C.d.8CC2235E84C5BE4BC6E99029150DD8BF.e.5151","ELEMENT":"f.A6EC5B81BA07351D57539A0094149B7C.d.8CC2235E84C5BE4BC6E99029150DD8BF.e.5151"}]}
RESULT: {}
COMMAND: GET /session/6a89fb51866d950e0bc97f386a060562/screenshot - {}
RESULT: {"script":"<script> [8489 bytes]","args":[{"element-6066-11e4-a52e-4f735466cecf":"f.A6EC5B81BA07351D57539A0094149B7C.d.8CC2235E84C5BE4BC6E99029150DD8BF.e.5151","ELEMENT":"f.A6EC5B81BA07351D57539A0094149B7C.d.8CC2235E84C5BE4BC6E99029150DD8BF.e.5151"}]}
COMMAND: GET /session/6a89fb51866d950e0bc97f386a060562/screenshot - {}
RESULT: {}
RESULT: {}
COMMAND: POST /session/6a89fb51866d950e0bc97f386a060562/element - {"using":"xpath","value":"//input[contains(@id ,\"yardId-inner\")]"}
RESULT: {"using":"xpath","value":"//input[contains(@id ,\"yardId-inner\")]"}
COMMAND: POST /session/6a89fb51866d950e0bc97f386a060562/execute/sync - {"script":"<script> [8489 bytes]","args":[{"element-6066-11e4-a52e-4f735466cecf":"f.A6EC5B81BA07351D57539A0094149B7C.d.8CC2235E84C5BE4BC6E99029150DD8BF.e.5357","ELEMENT":"f.A6EC5B81BA07351D57539A0094149B7C.d.8CC2235E84C5BE4BC6E99029150DD8BF.e.5357"}]}
RESULT: {"script":"<script> [8489 bytes]","args":[{"element-6066-11e4-a52e-4f735466cecf":"f.A6EC5B81BA07351D57539A0094149B7C.d.8CC2235E84C5BE4BC6E99029150DD8BF.e.5357","ELEMENT":"f.A6EC5B81BA07351D57539A0094149B7C.d.8CC2235E84C5BE4BC6E99029150DD8BF.e.5357"}]}
COMMAND: POST /session/6a89fb51866d950e0bc97f386a060562/element - {"using":"xpath","value":"//input[contains(@id ,\"requestContractNo-inner\")]"}
COMMAND: POST /session/6a89fb51866d950e0bc97f386a060562/element - {"using":"xpath","value":"//input[contains(@id ,\"requestContractNo-inner\")]"}
COMMAND: GET /session/6a89fb51866d950e0bc97f386a060562/screenshot - {}
RESULT: {"using":"xpath","value":"//input[contains(@id ,\"requestContractNo-inner\")]"}
COMMAND: POST /session/6a89fb51866d950e0bc97f386a060562/element/f.A6EC5B81BA07351D57539A0094149B7C.d.8CC2235E84C5BE4BC6E99029150DD8BF.e.5352/value - {"text":"10593"}
RESULT: {"using":"xpath","value":"//input[contains(@id ,\"requestContractNo-inner\")]"}
COMMAND: GET /session/6a89fb51866d950e0bc97f386a060562/element/f.A6EC5B81BA07351D57539A0094149B7C.d.8CC2235E84C5BE4BC6E99029150DD8BF.e.5352/enabled - {}
RESULT: {}
RESULT: {"text":"10593"}
COMMAND: GET /session/6a89fb51866d950e0bc97f386a060562/screenshot - {}
RESULT: {}
COMMAND: GET /session/6a89fb51866d950e0bc97f386a060562/screenshot - {}
RESULT: {}
RESULT: {}
COMMAND: POST /session/6a89fb51866d950e0bc97f386a060562/actions - {"actions":[{"id":"action24","type":"key","parameters":{},"actions":[{"type":"keyDown","value":"î€‡"},{"type":"pause","duration":10},{"type":"keyUp","value":"î€‡"}]}]}
RESULT: {"actions":[{"id":"action24","type":"key","parameters":{},"actions":[{"type":"keyDown","value":"î€‡"},{"type":"pause","duration":10},{"type":"keyUp","value":"î€‡"}]}]}
COMMAND: GET /session/6a89fb51866d950e0bc97f386a060562/screenshot - {}
RESULT: {}
COMMAND: POST /session/6a89fb51866d950e0bc97f386a060562/execute/async - {"script":"<script> [1562 bytes]","args":[{"selector":{"controlType":"sap.ui.core.Icon","viewName":"etm.portal.ui.managerequests.view.NewRequest","properties":{"src":{"regex":{"source":"add"}}}},"wdio_ui5_key":"etmportal.ui.managerequests.view.NewRequestsap.ui.core.Icon{\"src\":{\"regex\":{\"source\":\"add\"}}}"}]}
RESULT: {"script":"<script> [1562 bytes]","args":[{"selector":{"controlType":"sap.ui.core.Icon","viewName":"etm.portal.ui.managerequests.view.NewRequest","properties":{"src":{"regex":{"source":"add"}}}},"wdio_ui5_key":"etmportal.ui.managerequests.view.NewRequestsap.ui.core.Icon{\"src\":{\"regex\":{\"source\":\"add\"}}}"}]}
RESULT: undefined
COMMAND: POST /session/6a89fb51866d950e0bc97f386a060562/element - {"using":"xpath","value":"//*[@id=\"__xmlview61--btnAddTableRow-img\"]"}
RESULT: {"using":"xpath","value":"//*[@id=\"__xmlview61--btnAddTableRow-img\"]"}
COMMAND: POST /session/6a89fb51866d950e0bc97f386a060562/element/f.A6EC5B81BA07351D57539A0094149B7C.d.8CC2235E84C5BE4BC6E99029150DD8BF.e.5331/click - {}
RESULT: {}
COMMAND: GET /session/6a89fb51866d950e0bc97f386a060562/screenshot - {}
RESULT: {}
COMMAND: POST /session/6a89fb51866d950e0bc97f386a060562/execute/async - {"script":"<script> [1562 bytes]","args":[{"selector":{"controlType":"sap.ui.unified.MenuItem","viewName":"etm.portal.ui.managerequests.view.NewRequest","i18NText":{"propertyName":"text","key":"standardEntry"},"searchOpenDialogs":true,"interaction":{"idSuffix":"txt"}},"wdio_ui5_key":"etmportal.ui.managerequests.view.NewRequestsap.ui.unified.MenuItem{\"propertyName\":\"text\",\"key\":\"standardEntry\"}"}]}
RESULT: {"script":"<script> [1562 bytes]","args":[{"selector":{"controlType":"sap.ui.unified.MenuItem","viewName":"etm.portal.ui.managerequests.view.NewRequest","i18NText":{"propertyName":"text","key":"standardEntry"},"searchOpenDialogs":true,"interaction":{"idSuffix":"txt"}},"wdio_ui5_key":"etmportal.ui.managerequests.view.NewRequestsap.ui.unified.MenuItem{\"propertyName\":\"text\",\"key\":\"standardEntry\"}"}]}
RESULT: undefined
COMMAND: POST /session/6a89fb51866d950e0bc97f386a060562/element - {"using":"xpath","value":"//*[@id=\"__item2605\"]"}
RESULT: {"using":"xpath","value":"//*[@id=\"__item2605\"]"}
COMMAND: POST /session/6a89fb51866d950e0bc97f386a060562/element/f.A6EC5B81BA07351D57539A0094149B7C.d.8CC2235E84C5BE4BC6E99029150DD8BF.e.5506/click - {}
RESULT: {}
COMMAND: GET /session/6a89fb51866d950e0bc97f386a060562/screenshot - {}
RESULT: {}
RESULT: undefined
COMMAND: POST /session/6a89fb51866d950e0bc97f386a060562/element - {"using":"xpath","value":"//*[@id=\"__xmlview61--btnAddTableRow-img\"]"}
RESULT: {"using":"xpath","value":"//*[@id=\"__xmlview61--btnAddTableRow-img\"]"}
COMMAND: POST /session/6a89fb51866d950e0bc97f386a060562/element/f.A6EC5B81BA07351D57539A0094149B7C.d.8CC2235E84C5BE4BC6E99029150DD8BF.e.5331/click - {}
RESULT: {}
COMMAND: GET /session/6a89fb51866d950e0bc97f386a060562/screenshot - {}
RESULT: {}
RESULT: undefined
COMMAND: POST /session/6a89fb51866d950e0bc97f386a060562/element - {"using":"xpath","value":"//*[@id=\"__item2605\"]"}
RESULT: {"using":"xpath","value":"//*[@id=\"__item2605\"]"}
COMMAND: POST /session/6a89fb51866d950e0bc97f386a060562/element/f.A6EC5B81BA07351D57539A0094149B7C.d.8CC2235E84C5BE4BC6E99029150DD8BF.e.5518/click - {}
RESULT: {}
COMMAND: GET /session/6a89fb51866d950e0bc97f386a060562/screenshot - {}
RESULT: {}
COMMAND: POST /session/6a89fb51866d950e0bc97f386a060562/element - {"using":"xpath","value":"(//input[contains(@id ,\"requestItemsTable-0-inner\")])[1]"}
RESULT: {"using":"xpath","value":"(//input[contains(@id ,\"requestItemsTable-0-inner\")])[1]"}
COMMAND: POST /session/6a89fb51866d950e0bc97f386a060562/element/f.A6EC5B81BA07351D57539A0094149B7C.d.8CC2235E84C5BE4BC6E99029150DD8BF.e.5508/clear - {}
RESULT: {}
COMMAND: POST /session/6a89fb51866d950e0bc97f386a060562/element/f.A6EC5B81BA07351D57539A0094149B7C.d.8CC2235E84C5BE4BC6E99029150DD8BF.e.5508/value - {"text":"catalogItemvznki"}
COMMAND: GET /session/6a89fb51866d950e0bc97f386a060562/screenshot - {}
RESULT: {"text":"catalogItemvznki"}
COMMAND: GET /session/6a89fb51866d950e0bc97f386a060562/screenshot - {}
RESULT: {}
RESULT: {}
COMMAND: POST /session/6a89fb51866d950e0bc97f386a060562/actions - {"actions":[{"id":"action25","type":"key","parameters":{},"actions":[{"type":"keyDown","value":"î€‡"},{"type":"pause","duration":10},{"type":"keyUp","value":"î€‡"}]}]}
RESULT: {"actions":[{"id":"action25","type":"key","parameters":{},"actions":[{"type":"keyDown","value":"î€‡"},{"type":"pause","duration":10},{"type":"keyUp","value":"î€‡"}]}]}
COMMAND: POST /session/6a89fb51866d950e0bc97f386a060562/element - {"using":"xpath","value":"(//input[contains(@id ,\"requestItemsTable-1-inner\")])[1]"}
COMMAND: GET /session/6a89fb51866d950e0bc97f386a060562/screenshot - {}
RESULT: {"using":"xpath","value":"(//input[contains(@id ,\"requestItemsTable-1-inner\")])[1]"}
COMMAND: POST /session/6a89fb51866d950e0bc97f386a060562/element/f.A6EC5B81BA07351D57539A0094149B7C.d.8CC2235E84C5BE4BC6E99029150DD8BF.e.5520/clear - {}
RESULT: {}
RESULT: {}
COMMAND: POST /session/6a89fb51866d950e0bc97f386a060562/element/f.A6EC5B81BA07351D57539A0094149B7C.d.8CC2235E84C5BE4BC6E99029150DD8BF.e.5520/value - {"text":"catalogItemvznki"}
COMMAND: GET /session/6a89fb51866d950e0bc97f386a060562/screenshot - {}
RESULT: {"text":"catalogItemvznki"}
COMMAND: GET /session/6a89fb51866d950e0bc97f386a060562/screenshot - {}
RESULT: {}
RESULT: {}
COMMAND: POST /session/6a89fb51866d950e0bc97f386a060562/actions - {"actions":[{"id":"action26","type":"key","parameters":{},"actions":[{"type":"keyDown","value":"î€‡"},{"type":"pause","duration":10},{"type":"keyUp","value":"î€‡"}]}]}
RESULT: {"actions":[{"id":"action26","type":"key","parameters":{},"actions":[{"type":"keyDown","value":"î€‡"},{"type":"pause","duration":10},{"type":"keyUp","value":"î€‡"}]}]}
COMMAND: GET /session/6a89fb51866d950e0bc97f386a060562/screenshot - {}
RESULT: {}
COMMAND: POST /session/6a89fb51866d950e0bc97f386a060562/execute/async - {"script":"<script> [1562 bytes]","args":[{"selector":{"controlType":"sap.ui.core.Icon","viewName":"etm.portal.ui.managerequests.view.NewRequest","properties":{"src":{"regex":{"source":"slim\\-arrow\\-down"}}},"ancestor":{"controlType":"sap.m.Button","viewName":"etm.portal.ui.managerequests.view.NewRequest","properties":{"icon":"sap-icon://slim-arrow-down"}}},"wdio_ui5_key":"etmportal.ui.managerequests.view.NewRequestsap.ui.core.Icon{\"src\":{\"regex\":{\"source\":\"slim\\\\-arrow\\\\-down\"}}}{\"controlType\":\"sap.m.Button\",\"viewName\":\"etm.portal.ui.managerequests.view.NewRequest\",\"properties\":{\"icon\":\"sap-icon://slim-arrow-down\"}}"}]}
RESULT: {"script":"<script> [1562 bytes]","args":[{"selector":{"controlType":"sap.ui.core.Icon","viewName":"etm.portal.ui.managerequests.view.NewRequest","properties":{"src":{"regex":{"source":"slim\\-arrow\\-down"}}},"ancestor":{"controlType":"sap.m.Button","viewName":"etm.portal.ui.managerequests.view.NewRequest","properties":{"icon":"sap-icon://slim-arrow-down"}}},"wdio_ui5_key":"etmportal.ui.managerequests.view.NewRequestsap.ui.core.Icon{\"src\":{\"regex\":{\"source\":\"slim\\\\-arrow\\\\-down\"}}}{\"controlType\":\"sap.m.Button\",\"viewName\":\"etm.portal.ui.managerequests.view.NewRequest\",\"properties\":{\"icon\":\"sap-icon://slim-arrow-down\"}}"}]}
RESULT: undefined
COMMAND: POST /session/6a89fb51866d950e0bc97f386a060562/element - {"using":"xpath","value":"//*[@id=\"__title48-expandBtn-img\"]"}
RESULT: {"using":"xpath","value":"//*[@id=\"__title48-expandBtn-img\"]"}
COMMAND: POST /session/6a89fb51866d950e0bc97f386a060562/element/f.A6EC5B81BA07351D57539A0094149B7C.d.8CC2235E84C5BE4BC6E99029150DD8BF.e.5540/click - {}
RESULT: {}
COMMAND: POST /session/6a89fb51866d950e0bc97f386a060562/element - {"using":"xpath","value":"//div[contains(@data-kt ,\"splitAllocationObjectStatus\")]"}
COMMAND: GET /session/6a89fb51866d950e0bc97f386a060562/screenshot - {}
RESULT: {"using":"xpath","value":"//div[contains(@data-kt ,\"splitAllocationObjectStatus\")]"}
COMMAND: POST /session/6a89fb51866d950e0bc97f386a060562/elements - {"using":"xpath","value":"//div[contains(@data-kt ,\"splitAllocationObjectStatus\")]"}
RESULT: {}
RESULT: {"using":"xpath","value":"//div[contains(@data-kt ,\"splitAllocationObjectStatus\")]"}
COMMAND: POST /session/6a89fb51866d950e0bc97f386a060562/execute/async - {"script":"<script> [1562 bytes]","args":[{"selector":{"controlType":"sap.ui.core.Icon","viewName":"etm.portal.ui.managerequests.view.NewRequest","properties":{"src":{"regex":{"source":"message\\-error"}}},"ancestor":{"controlType":"sap.m.ColumnListItem","viewName":"etm.portal.ui.managerequests.view.NewRequest","bindingPath":{"modelName":"newRequestItems","path":"/RequestItems/0"},"ancestor":{"id":"requestItemsTable","viewName":"etm.portal.ui.managerequests.view.NewRequest"}}},"wdio_ui5_key":"etmportal.ui.managerequests.view.NewRequestsap.ui.core.Icon{\"src\":{\"regex\":{\"source\":\"message\\\\-error\"}}}{\"controlType\":\"sap.m.ColumnListItem\",\"viewName\":\"etm.portal.ui.managerequests.view.NewRequest\",\"bindingPath\":{\"modelName\":\"newRequestItems\",\"path\":\"/RequestItems/0\"},\"ancestor\":{\"id\":\"requestItemsTable\",\"viewName\":\"etm.portal.ui.managerequests.view.NewRequest\"}}"}]}
RESULT: {"script":"<script> [1562 bytes]","args":[{"selector":{"controlType":"sap.ui.core.Icon","viewName":"etm.portal.ui.managerequests.view.NewRequest","properties":{"src":{"regex":{"source":"message\\-error"}}},"ancestor":{"controlType":"sap.m.ColumnListItem","viewName":"etm.portal.ui.managerequests.view.NewRequest","bindingPath":{"modelName":"newRequestItems","path":"/RequestItems/0"},"ancestor":{"id":"requestItemsTable","viewName":"etm.portal.ui.managerequests.view.NewRequest"}}},"wdio_ui5_key":"etmportal.ui.managerequests.view.NewRequestsap.ui.core.Icon{\"src\":{\"regex\":{\"source\":\"message\\\\-error\"}}}{\"controlType\":\"sap.m.ColumnListItem\",\"viewName\":\"etm.portal.ui.managerequests.view.NewRequest\",\"bindingPath\":{\"modelName\":\"newRequestItems\",\"path\":\"/RequestItems/0\"},\"ancestor\":{\"id\":\"requestItemsTable\",\"viewName\":\"etm.portal.ui.managerequests.view.NewRequest\"}}"}]}
RESULT: undefined
COMMAND: POST /session/6a89fb51866d950e0bc97f386a060562/element - {"using":"xpath","value":"//*[@id=\"__status15-__xmlview61--requestItemsTable-0-icon\"]"}
RESULT: {"using":"xpath","value":"//*[@id=\"__status15-__xmlview61--requestItemsTable-0-icon\"]"}
COMMAND: POST /session/6a89fb51866d950e0bc97f386a060562/element/f.A6EC5B81BA07351D57539A0094149B7C.d.8CC2235E84C5BE4BC6E99029150DD8BF.e.5545/click - {}
RESULT: {}
COMMAND: GET /session/6a89fb51866d950e0bc97f386a060562/screenshot - {}
RESULT: {}
COMMAND: POST /session/6a89fb51866d950e0bc97f386a060562/execute/async - {"script":"<script> [1562 bytes]","args":[{"selector":{"id":"costObjectAdminTypeComboBox","viewName":"etm.portal.ui.managerequests.view.NewRequest","searchOpenDialogs":true,"interaction":{"idSuffix":"inner"}},"wdio_ui5_key":"costObjectAdminTypeComboBoxetmportal.ui.managerequests.view.NewRequest"}]}
RESULT: {"script":"<script> [1562 bytes]","args":[{"selector":{"id":"costObjectAdminTypeComboBox","viewName":"etm.portal.ui.managerequests.view.NewRequest","searchOpenDialogs":true,"interaction":{"idSuffix":"inner"}},"wdio_ui5_key":"costObjectAdminTypeComboBoxetmportal.ui.managerequests.view.NewRequest"}]}
RESULT: undefined
COMMAND: POST /session/6a89fb51866d950e0bc97f386a060562/execute/async - {"script":"<script> [776 bytes]","args":[{"enterText":"Cost Center","selector":{"id":"costObjectAdminTypeComboBox","viewName":"etm.portal.ui.managerequests.view.NewRequest","searchOpenDialogs":true,"interaction":{"idSuffix":"inner"}},"clearTextFirst":true,"interactionType":"ENTER_TEXT"}]}
RESULT: {"script":"<script> [776 bytes]","args":[{"enterText":"Cost Center","selector":{"id":"costObjectAdminTypeComboBox","viewName":"etm.portal.ui.managerequests.view.NewRequest","searchOpenDialogs":true,"interaction":{"idSuffix":"inner"}},"clearTextFirst":true,"interactionType":"ENTER_TEXT"}]}
COMMAND: POST /session/6a89fb51866d950e0bc97f386a060562/actions - {"actions":[{"id":"action27","type":"key","parameters":{},"actions":[{"type":"keyDown","value":"î€‡"},{"type":"pause","duration":10},{"type":"keyUp","value":"î€‡"}]}]}
RESULT: {"actions":[{"id":"action27","type":"key","parameters":{},"actions":[{"type":"keyDown","value":"î€‡"},{"type":"pause","duration":10},{"type":"keyUp","value":"î€‡"}]}]}
COMMAND: GET /session/6a89fb51866d950e0bc97f386a060562/screenshot - {}
RESULT: {}
COMMAND: POST /session/6a89fb51866d950e0bc97f386a060562/execute/async - {"script":"<script> [1562 bytes]","args":[{"selector":{"controlType":"sap.ui.core.Icon","viewName":"etm.portal.ui.managerequests.view.NewRequest","properties":{"src":{"regex":{"source":"value\\-help"}}},"searchOpenDialogs":true},"wdio_ui5_key":"etmportal.ui.managerequests.view.NewRequestsap.ui.core.Icon{\"src\":{\"regex\":{\"source\":\"value\\\\-help\"}}}"}]}
RESULT: {"script":"<script> [1562 bytes]","args":[{"selector":{"controlType":"sap.ui.core.Icon","viewName":"etm.portal.ui.managerequests.view.NewRequest","properties":{"src":{"regex":{"source":"value\\-help"}}},"searchOpenDialogs":true},"wdio_ui5_key":"etmportal.ui.managerequests.view.NewRequestsap.ui.core.Icon{\"src\":{\"regex\":{\"source\":\"value\\\\-help\"}}}"}]}
RESULT: undefined
COMMAND: POST /session/6a89fb51866d950e0bc97f386a060562/element - {"using":"xpath","value":"//*[@id=\"__xmlview61--costObjectIdComboBox-vhi\"]"}
RESULT: {"using":"xpath","value":"//*[@id=\"__xmlview61--costObjectIdComboBox-vhi\"]"}
COMMAND: POST /session/6a89fb51866d950e0bc97f386a060562/element/f.A6EC5B81BA07351D57539A0094149B7C.d.8CC2235E84C5BE4BC6E99029150DD8BF.e.5559/click - {}
RESULT: {}
COMMAND: POST /session/6a89fb51866d950e0bc97f386a060562/execute/async - {"script":"<script> [1562 bytes]","args":[{"selector":{"controlType":"sap.m.SearchField","properties":{"placeholder":"Search"},"searchOpenDialogs":true,"interaction":{"idSuffix":"I"}},"wdio_ui5_key":"sapm.SearchField{\"placeholder\":\"Search\"}"}]}
COMMAND: GET /session/6a89fb51866d950e0bc97f386a060562/screenshot - {}
RESULT: {"script":"<script> [1562 bytes]","args":[{"selector":{"controlType":"sap.m.SearchField","properties":{"placeholder":"Search"},"searchOpenDialogs":true,"interaction":{"idSuffix":"I"}},"wdio_ui5_key":"sapm.SearchField{\"placeholder\":\"Search\"}"}]}
RESULT: undefined
COMMAND: POST /session/6a89fb51866d950e0bc97f386a060562/execute/async - {"script":"<script> [776 bytes]","args":[{"enterText":"10001013","selector":{"controlType":"sap.m.SearchField","properties":{"placeholder":"Search"},"searchOpenDialogs":true,"interaction":{"idSuffix":"I"}},"clearTextFirst":true,"interactionType":"ENTER_TEXT"}]}
RESULT: {}
RESULT: {"script":"<script> [776 bytes]","args":[{"enterText":"10001013","selector":{"controlType":"sap.m.SearchField","properties":{"placeholder":"Search"},"searchOpenDialogs":true,"interaction":{"idSuffix":"I"}},"clearTextFirst":true,"interactionType":"ENTER_TEXT"}]}
COMMAND: POST /session/6a89fb51866d950e0bc97f386a060562/actions - {"actions":[{"id":"action28","type":"key","parameters":{},"actions":[{"type":"keyDown","value":"î€‡"},{"type":"pause","duration":10},{"type":"keyUp","value":"î€‡"}]}]}
RESULT: {"actions":[{"id":"action28","type":"key","parameters":{},"actions":[{"type":"keyDown","value":"î€‡"},{"type":"pause","duration":10},{"type":"keyUp","value":"î€‡"}]}]}
COMMAND: GET /session/6a89fb51866d950e0bc97f386a060562/screenshot - {}
RESULT: {}
COMMAND: POST /session/6a89fb51866d950e0bc97f386a060562/element - {"using":"xpath","value":"//span[contains(text(), \"General Management\")]"}
RESULT: {"using":"xpath","value":"//span[contains(text(), \"General Management\")]"}
COMMAND: POST /session/6a89fb51866d950e0bc97f386a060562/element/f.A6EC5B81BA07351D57539A0094149B7C.d.8CC2235E84C5BE4BC6E99029150DD8BF.e.5600/click - {}
RESULT: {}
COMMAND: GET /session/6a89fb51866d950e0bc97f386a060562/screenshot - {}
RESULT: {}
COMMAND: POST /session/6a89fb51866d950e0bc97f386a060562/element - {"using":"xpath","value":"//bdi[contains(text(), \"OK\")]"}
RESULT: {"using":"xpath","value":"//bdi[contains(text(), \"OK\")]"}
COMMAND: POST /session/6a89fb51866d950e0bc97f386a060562/element/f.A6EC5B81BA07351D57539A0094149B7C.d.8CC2235E84C5BE4BC6E99029150DD8BF.e.5601/click - {}
RESULT: {}
COMMAND: GET /session/6a89fb51866d950e0bc97f386a060562/screenshot - {}
RESULT: {}
COMMAND: POST /session/6a89fb51866d950e0bc97f386a060562/element - {"using":"xpath","value":"(//bdi[contains(@id ,\"BDI-content\")][contains(text(), \"Save\")])[1]"}
RESULT: {"using":"xpath","value":"(//bdi[contains(@id ,\"BDI-content\")][contains(text(), \"Save\")])[1]"}
COMMAND: POST /session/6a89fb51866d950e0bc97f386a060562/element/f.A6EC5B81BA07351D57539A0094149B7C.d.8CC2235E84C5BE4BC6E99029150DD8BF.e.5605/click - {}
RESULT: {}
COMMAND: GET /session/6a89fb51866d950e0bc97f386a060562/screenshot - {}
RESULT: {}
COMMAND: POST /session/6a89fb51866d950e0bc97f386a060562/execute/async - {"script":"<script> [1562 bytes]","args":[{"selector":{"controlType":"sap.ui.core.Icon","viewName":"etm.portal.ui.managerequests.view.NewRequest","properties":{"src":{"regex":{"source":"message\\-error"}}},"ancestor":{"controlType":"sap.m.ColumnListItem","viewName":"etm.portal.ui.managerequests.view.NewRequest","bindingPath":{"modelName":"newRequestItems","path":"/RequestItems/1"},"ancestor":{"id":"requestItemsTable","viewName":"etm.portal.ui.managerequests.view.NewRequest"}}},"wdio_ui5_key":"etmportal.ui.managerequests.view.NewRequestsap.ui.core.Icon{\"src\":{\"regex\":{\"source\":\"message\\\\-error\"}}}{\"controlType\":\"sap.m.ColumnListItem\",\"viewName\":\"etm.portal.ui.managerequests.view.NewRequest\",\"bindingPath\":{\"modelName\":\"newRequestItems\",\"path\":\"/RequestItems/1\"},\"ancestor\":{\"id\":\"requestItemsTable\",\"viewName\":\"etm.portal.ui.managerequests.view.NewRequest\"}}"}]}
RESULT: {"script":"<script> [1562 bytes]","args":[{"selector":{"controlType":"sap.ui.core.Icon","viewName":"etm.portal.ui.managerequests.view.NewRequest","properties":{"src":{"regex":{"source":"message\\-error"}}},"ancestor":{"controlType":"sap.m.ColumnListItem","viewName":"etm.portal.ui.managerequests.view.NewRequest","bindingPath":{"modelName":"newRequestItems","path":"/RequestItems/1"},"ancestor":{"id":"requestItemsTable","viewName":"etm.portal.ui.managerequests.view.NewRequest"}}},"wdio_ui5_key":"etmportal.ui.managerequests.view.NewRequestsap.ui.core.Icon{\"src\":{\"regex\":{\"source\":\"message\\\\-error\"}}}{\"controlType\":\"sap.m.ColumnListItem\",\"viewName\":\"etm.portal.ui.managerequests.view.NewRequest\",\"bindingPath\":{\"modelName\":\"newRequestItems\",\"path\":\"/RequestItems/1\"},\"ancestor\":{\"id\":\"requestItemsTable\",\"viewName\":\"etm.portal.ui.managerequests.view.NewRequest\"}}"}]}
RESULT: undefined
COMMAND: POST /session/6a89fb51866d950e0bc97f386a060562/element - {"using":"xpath","value":"//*[@id=\"__status15-__xmlview61--requestItemsTable-1-icon\"]"}
RESULT: {"using":"xpath","value":"//*[@id=\"__status15-__xmlview61--requestItemsTable-1-icon\"]"}
COMMAND: POST /session/6a89fb51866d950e0bc97f386a060562/element/f.A6EC5B81BA07351D57539A0094149B7C.d.8CC2235E84C5BE4BC6E99029150DD8BF.e.5608/click - {}
RESULT: {}
COMMAND: GET /session/6a89fb51866d950e0bc97f386a060562/screenshot - {}
RESULT: {}
RESULT: undefined
COMMAND: POST /session/6a89fb51866d950e0bc97f386a060562/execute/async - {"script":"<script> [776 bytes]","args":[{"enterText":"Cost Center","selector":{"id":"costObjectAdminTypeComboBox","viewName":"etm.portal.ui.managerequests.view.NewRequest","searchOpenDialogs":true,"interaction":{"idSuffix":"inner"}},"clearTextFirst":true,"interactionType":"ENTER_TEXT"}]}
RESULT: {"script":"<script> [776 bytes]","args":[{"enterText":"Cost Center","selector":{"id":"costObjectAdminTypeComboBox","viewName":"etm.portal.ui.managerequests.view.NewRequest","searchOpenDialogs":true,"interaction":{"idSuffix":"inner"}},"clearTextFirst":true,"interactionType":"ENTER_TEXT"}]}
COMMAND: POST /session/6a89fb51866d950e0bc97f386a060562/actions - {"actions":[{"id":"action29","type":"key","parameters":{},"actions":[{"type":"keyDown","value":"î€‡"},{"type":"pause","duration":10},{"type":"keyUp","value":"î€‡"}]}]}
RESULT: {"actions":[{"id":"action29","type":"key","parameters":{},"actions":[{"type":"keyDown","value":"î€‡"},{"type":"pause","duration":10},{"type":"keyUp","value":"î€‡"}]}]}
COMMAND: GET /session/6a89fb51866d950e0bc97f386a060562/screenshot - {}
RESULT: {}
RESULT: undefined
COMMAND: POST /session/6a89fb51866d950e0bc97f386a060562/element - {"using":"xpath","value":"//*[@id=\"__xmlview61--costObjectIdComboBox-vhi\"]"}
RESULT: {"using":"xpath","value":"//*[@id=\"__xmlview61--costObjectIdComboBox-vhi\"]"}
COMMAND: POST /session/6a89fb51866d950e0bc97f386a060562/element/f.A6EC5B81BA07351D57539A0094149B7C.d.8CC2235E84C5BE4BC6E99029150DD8BF.e.5618/click - {}
RESULT: {}
RESULT: undefined
COMMAND: POST /session/6a89fb51866d950e0bc97f386a060562/execute/async - {"script":"<script> [776 bytes]","args":[{"enterText":"10001013","selector":{"controlType":"sap.m.SearchField","properties":{"placeholder":"Search"},"searchOpenDialogs":true,"interaction":{"idSuffix":"I"}},"clearTextFirst":true,"interactionType":"ENTER_TEXT"}]}
COMMAND: GET /session/6a89fb51866d950e0bc97f386a060562/screenshot - {}
RESULT: {"script":"<script> [776 bytes]","args":[{"enterText":"10001013","selector":{"controlType":"sap.m.SearchField","properties":{"placeholder":"Search"},"searchOpenDialogs":true,"interaction":{"idSuffix":"I"}},"clearTextFirst":true,"interactionType":"ENTER_TEXT"}]}
COMMAND: POST /session/6a89fb51866d950e0bc97f386a060562/actions - {"actions":[{"id":"action30","type":"key","parameters":{},"actions":[{"type":"keyDown","value":"î€‡"},{"type":"pause","duration":10},{"type":"keyUp","value":"î€‡"}]}]}
RESULT: {}
RESULT: {"actions":[{"id":"action30","type":"key","parameters":{},"actions":[{"type":"keyDown","value":"î€‡"},{"type":"pause","duration":10},{"type":"keyUp","value":"î€‡"}]}]}
COMMAND: GET /session/6a89fb51866d950e0bc97f386a060562/screenshot - {}
RESULT: {}
COMMAND: POST /session/6a89fb51866d950e0bc97f386a060562/element - {"using":"xpath","value":"//span[contains(text(), \"General Management\")]"}
RESULT: {"using":"xpath","value":"//span[contains(text(), \"General Management\")]"}
COMMAND: POST /session/6a89fb51866d950e0bc97f386a060562/element/f.A6EC5B81BA07351D57539A0094149B7C.d.8CC2235E84C5BE4BC6E99029150DD8BF.e.5656/click - {}
RESULT: {}
COMMAND: GET /session/6a89fb51866d950e0bc97f386a060562/screenshot - {}
RESULT: {}
COMMAND: POST /session/6a89fb51866d950e0bc97f386a060562/element - {"using":"xpath","value":"//bdi[contains(text(), \"OK\")]"}
RESULT: {"using":"xpath","value":"//bdi[contains(text(), \"OK\")]"}
COMMAND: POST /session/6a89fb51866d950e0bc97f386a060562/element/f.A6EC5B81BA07351D57539A0094149B7C.d.8CC2235E84C5BE4BC6E99029150DD8BF.e.5657/click - {}
RESULT: {}
COMMAND: GET /session/6a89fb51866d950e0bc97f386a060562/screenshot - {}
RESULT: {}
COMMAND: POST /session/6a89fb51866d950e0bc97f386a060562/element - {"using":"xpath","value":"(//bdi[contains(@id ,\"BDI-content\")][contains(text(), \"Save\")])[1]"}
RESULT: {"using":"xpath","value":"(//bdi[contains(@id ,\"BDI-content\")][contains(text(), \"Save\")])[1]"}
COMMAND: POST /session/6a89fb51866d950e0bc97f386a060562/element/f.A6EC5B81BA07351D57539A0094149B7C.d.8CC2235E84C5BE4BC6E99029150DD8BF.e.5661/click - {}
RESULT: {}
COMMAND: GET /session/6a89fb51866d950e0bc97f386a060562/screenshot - {}
RESULT: {}
COMMAND: POST /session/6a89fb51866d950e0bc97f386a060562/execute/async - {"script":"<script> [1562 bytes]","args":[{"selector":{"controlType":"sap.m.Button","viewName":"etm.portal.ui.managerequests.view.NewRequest","i18NText":{"propertyName":"tooltip","key":"save"},"interaction":{"idSuffix":"content"}},"wdio_ui5_key":"etmportal.ui.managerequests.view.NewRequestsap.m.Button{\"propertyName\":\"tooltip\",\"key\":\"save\"}"}]}
RESULT: {"script":"<script> [1562 bytes]","args":[{"selector":{"controlType":"sap.m.Button","viewName":"etm.portal.ui.managerequests.view.NewRequest","i18NText":{"propertyName":"tooltip","key":"save"},"interaction":{"idSuffix":"content"}},"wdio_ui5_key":"etmportal.ui.managerequests.view.NewRequestsap.m.Button{\"propertyName\":\"tooltip\",\"key\":\"save\"}"}]}
RESULT: undefined
COMMAND: POST /session/6a89fb51866d950e0bc97f386a060562/element - {"using":"xpath","value":"//*[@id=\"__button105\"]"}
RESULT: {"using":"xpath","value":"//*[@id=\"__button105\"]"}
COMMAND: POST /session/6a89fb51866d950e0bc97f386a060562/element/f.A6EC5B81BA07351D57539A0094149B7C.d.8CC2235E84C5BE4BC6E99029150DD8BF.e.5450/click - {}
RESULT: {}
COMMAND: GET /session/6a89fb51866d950e0bc97f386a060562/screenshot - {}
RESULT: {}
COMMAND: POST /session/6a89fb51866d950e0bc97f386a060562/execute/async - {"script":"<script> [1562 bytes]","args":[{"selector":{"controlType":"sap.m.Title","properties":{"text":"Success"},"searchOpenDialogs":true},"wdio_ui5_key":"sapm.Title{\"text\":\"Success\"}"}]}
RESULT: {"script":"<script> [1562 bytes]","args":[{"selector":{"controlType":"sap.m.Title","properties":{"text":"Success"},"searchOpenDialogs":true},"wdio_ui5_key":"sapm.Title{\"text\":\"Success\"}"}]}
RESULT: undefined
COMMAND: POST /session/6a89fb51866d950e0bc97f386a060562/execute/async - {"script":"<script> [6424 bytes]","args":[{"element-6066-11e4-a52e-4f735466cecf":"f.A6EC5B81BA07351D57539A0094149B7C.d.8CC2235E84C5BE4BC6E99029150DD8BF.e.5667"},"getText",[]]}
RESULT: {"script":"<script> [6424 bytes]","args":[{"element-6066-11e4-a52e-4f735466cecf":"f.A6EC5B81BA07351D57539A0094149B7C.d.8CC2235E84C5BE4BC6E99029150DD8BF.e.5667"},"getText",[]]}
COMMAND: POST /session/6a89fb51866d950e0bc97f386a060562/execute/async - {"script":"<script> [1562 bytes]","args":[{"selector":{"controlType":"sap.m.Button","properties":{"text":"Close"},"searchOpenDialogs":true,"interaction":{"idSuffix":"BDI-content"}},"wdio_ui5_key":"sapm.Button{\"text\":\"Close\"}"}]}
RESULT: {"script":"<script> [1562 bytes]","args":[{"selector":{"controlType":"sap.m.Button","properties":{"text":"Close"},"searchOpenDialogs":true,"interaction":{"idSuffix":"BDI-content"}},"wdio_ui5_key":"sapm.Button{\"text\":\"Close\"}"}]}
RESULT: undefined
COMMAND: POST /session/6a89fb51866d950e0bc97f386a060562/element - {"using":"xpath","value":"//*[@id=\"__mbox-btn-4\"]"}
RESULT: {"using":"xpath","value":"//*[@id=\"__mbox-btn-4\"]"}
COMMAND: POST /session/6a89fb51866d950e0bc97f386a060562/element/f.A6EC5B81BA07351D57539A0094149B7C.d.8CC2235E84C5BE4BC6E99029150DD8BF.e.5665/click - {}
RESULT: {}
COMMAND: GET /session/6a89fb51866d950e0bc97f386a060562/screenshot - {}
COMMAND: POST /session/6a89fb51866d950e0bc97f386a060562/execute/async - {"script":"<script> [1562 bytes]","args":[{"selector":{"controlType":"sap.m.Text","viewName":"etm.portal.ui.managerequests.view.Detail","bindingPath":{"propertyPath":"NO","modelName":"catalogModel"}},"wdio_ui5_key":"etmportal.ui.managerequests.view.Detailsap.m.Text{\"propertyPath\":\"NO\",\"modelName\":\"catalogModel\"}"}]}
RESULT: {}
RESULT: {"script":"<script> [1562 bytes]","args":[{"selector":{"controlType":"sap.m.Text","viewName":"etm.portal.ui.managerequests.view.Detail","bindingPath":{"propertyPath":"NO","modelName":"catalogModel"}},"wdio_ui5_key":"etmportal.ui.managerequests.view.Detailsap.m.Text{\"propertyPath\":\"NO\",\"modelName\":\"catalogModel\"}"}]}
RESULT: undefined
COMMAND: POST /session/6a89fb51866d950e0bc97f386a060562/execute/async - {"script":"<script> [6424 bytes]","args":[{"element-6066-11e4-a52e-4f735466cecf":"f.A6EC5B81BA07351D57539A0094149B7C.d.8CC2235E84C5BE4BC6E99029150DD8BF.e.5796"},"getText",[]]}
RESULT: {"script":"<script> [6424 bytes]","args":[{"element-6066-11e4-a52e-4f735466cecf":"f.A6EC5B81BA07351D57539A0094149B7C.d.8CC2235E84C5BE4BC6E99029150DD8BF.e.5796"},"getText",[]]}
COMMAND: POST /session/6a89fb51866d950e0bc97f386a060562/execute/async - {"script":"<script> [1562 bytes]","args":[{"selector":{"controlType":"sap.ui.core.Icon","viewName":"etm.portal.ui.managerequests.view.Detail","properties":{"src":{"regex":{"source":"date\\-time"}}},"ancestor":{"controlType":"sap.m.ColumnListItem","viewName":"etm.portal.ui.managerequests.view.Detail","bindingPath":{"path":"/SmartRequestItemsPlanningBoard(ITEM=10m,REQUEST='20381')"},"ancestor":{"id":"requestItemsTable","viewName":"etm.portal.ui.managerequests.view.Detail"}}},"wdio_ui5_key":"etmportal.ui.managerequests.view.Detailsap.ui.core.Icon{\"src\":{\"regex\":{\"source\":\"date\\\\-time\"}}}{\"controlType\":\"sap.m.ColumnListItem\",\"viewName\":\"etm.portal.ui.managerequests.view.Detail\",\"bindingPath\":{\"path\":\"/SmartRequestItemsPlanningBoard(ITEM=10m,REQUEST='20381')\"},\"ancestor\":{\"id\":\"requestItemsTable\",\"viewName\":\"etm.portal.ui.managerequests.view.Detail\"}}"}]}
RESULT: {"script":"<script> [1562 bytes]","args":[{"selector":{"controlType":"sap.ui.core.Icon","viewName":"etm.portal.ui.managerequests.view.Detail","properties":{"src":{"regex":{"source":"date\\-time"}}},"ancestor":{"controlType":"sap.m.ColumnListItem","viewName":"etm.portal.ui.managerequests.view.Detail","bindingPath":{"path":"/SmartRequestItemsPlanningBoard(ITEM=10m,REQUEST='20381')"},"ancestor":{"id":"requestItemsTable","viewName":"etm.portal.ui.managerequests.view.Detail"}}},"wdio_ui5_key":"etmportal.ui.managerequests.view.Detailsap.ui.core.Icon{\"src\":{\"regex\":{\"source\":\"date\\\\-time\"}}}{\"controlType\":\"sap.m.ColumnListItem\",\"viewName\":\"etm.portal.ui.managerequests.view.Detail\",\"bindingPath\":{\"path\":\"/SmartRequestItemsPlanningBoard(ITEM=10m,REQUEST='20381')\"},\"ancestor\":{\"id\":\"requestItemsTable\",\"viewName\":\"etm.portal.ui.managerequests.view.Detail\"}}"}]}
RESULT: undefined
COMMAND: POST /session/6a89fb51866d950e0bc97f386a060562/element - {"using":"xpath","value":"//*[@id=\"__button135-__clone9062-img\"]"}
RESULT: {"using":"xpath","value":"//*[@id=\"__button135-__clone9062-img\"]"}
COMMAND: POST /session/6a89fb51866d950e0bc97f386a060562/element/f.A6EC5B81BA07351D57539A0094149B7C.d.8CC2235E84C5BE4BC6E99029150DD8BF.e.5797/click - {}
RESULT: {}
COMMAND: POST /session/6a89fb51866d950e0bc97f386a060562/execute/async - {"script":"<script> [1562 bytes]","args":[{"selector":{"controlType":"sap.m.Button","viewName":"etm.portal.ui.managerequests.view.Detail","properties":{"text":"Close"},"searchOpenDialogs":true,"interaction":{"idSuffix":"BDI-content"}},"wdio_ui5_key":"etmportal.ui.managerequests.view.Detailsap.m.Button{\"text\":\"Close\"}"}]}
COMMAND: GET /session/6a89fb51866d950e0bc97f386a060562/screenshot - {}
RESULT: {"script":"<script> [1562 bytes]","args":[{"selector":{"controlType":"sap.m.Button","viewName":"etm.portal.ui.managerequests.view.Detail","properties":{"text":"Close"},"searchOpenDialogs":true,"interaction":{"idSuffix":"BDI-content"}},"wdio_ui5_key":"etmportal.ui.managerequests.view.Detailsap.m.Button{\"text\":\"Close\"}"}]}
RESULT: undefined
COMMAND: POST /session/6a89fb51866d950e0bc97f386a060562/element - {"using":"xpath","value":"//*[@id=\"__button145\"]"}
RESULT: {}
RESULT: {"using":"xpath","value":"//*[@id=\"__button145\"]"}
COMMAND: POST /session/6a89fb51866d950e0bc97f386a060562/element/f.A6EC5B81BA07351D57539A0094149B7C.d.8CC2235E84C5BE4BC6E99029150DD8BF.e.5800/click - {}
RESULT: {}
COMMAND: POST /session/6a89fb51866d950e0bc97f386a060562/execute/async - {"script":"<script> [1562 bytes]","args":[{"selector":{"controlType":"sap.ui.core.Icon","viewName":"etm.portal.ui.managerequests.view.Detail","properties":{"src":{"regex":{"source":"date\\-time"}}},"ancestor":{"controlType":"sap.m.ColumnListItem","viewName":"etm.portal.ui.managerequests.view.Detail","bindingPath":{"path":"/SmartRequestItemsPlanningBoard(ITEM=20m,REQUEST='20381')"},"ancestor":{"id":"requestItemsTable","viewName":"etm.portal.ui.managerequests.view.Detail"}}},"wdio_ui5_key":"etmportal.ui.managerequests.view.Detailsap.ui.core.Icon{\"src\":{\"regex\":{\"source\":\"date\\\\-time\"}}}{\"controlType\":\"sap.m.ColumnListItem\",\"viewName\":\"etm.portal.ui.managerequests.view.Detail\",\"bindingPath\":{\"path\":\"/SmartRequestItemsPlanningBoard(ITEM=20m,REQUEST='20381')\"},\"ancestor\":{\"id\":\"requestItemsTable\",\"viewName\":\"etm.portal.ui.managerequests.view.Detail\"}}"}]}
COMMAND: GET /session/6a89fb51866d950e0bc97f386a060562/screenshot - {}
RESULT: {"script":"<script> [1562 bytes]","args":[{"selector":{"controlType":"sap.ui.core.Icon","viewName":"etm.portal.ui.managerequests.view.Detail","properties":{"src":{"regex":{"source":"date\\-time"}}},"ancestor":{"controlType":"sap.m.ColumnListItem","viewName":"etm.portal.ui.managerequests.view.Detail","bindingPath":{"path":"/SmartRequestItemsPlanningBoard(ITEM=20m,REQUEST='20381')"},"ancestor":{"id":"requestItemsTable","viewName":"etm.portal.ui.managerequests.view.Detail"}}},"wdio_ui5_key":"etmportal.ui.managerequests.view.Detailsap.ui.core.Icon{\"src\":{\"regex\":{\"source\":\"date\\\\-time\"}}}{\"controlType\":\"sap.m.ColumnListItem\",\"viewName\":\"etm.portal.ui.managerequests.view.Detail\",\"bindingPath\":{\"path\":\"/SmartRequestItemsPlanningBoard(ITEM=20m,REQUEST='20381')\"},\"ancestor\":{\"id\":\"requestItemsTable\",\"viewName\":\"etm.portal.ui.managerequests.view.Detail\"}}"}]}
RESULT: undefined
COMMAND: POST /session/6a89fb51866d950e0bc97f386a060562/element - {"using":"xpath","value":"//*[@id=\"__button135-__clone9063-img\"]"}
RESULT: {}
RESULT: {"using":"xpath","value":"//*[@id=\"__button135-__clone9063-img\"]"}
COMMAND: POST /session/6a89fb51866d950e0bc97f386a060562/element/f.A6EC5B81BA07351D57539A0094149B7C.d.8CC2235E84C5BE4BC6E99029150DD8BF.e.5807/click - {}
RESULT: {}
RESULT: undefined
COMMAND: POST /session/6a89fb51866d950e0bc97f386a060562/element - {"using":"xpath","value":"//*[@id=\"__button145\"]"}
COMMAND: GET /session/6a89fb51866d950e0bc97f386a060562/screenshot - {}
RESULT: {"using":"xpath","value":"//*[@id=\"__button145\"]"}
COMMAND: POST /session/6a89fb51866d950e0bc97f386a060562/elements - {"using":"xpath","value":"//*[@id=\"__button145\"]"}
RESULT: {}
RESULT: {"using":"xpath","value":"//*[@id=\"__button145\"]"}
COMMAND: POST /session/6a89fb51866d950e0bc97f386a060562/element - {"using":"xpath","value":"//*[@id=\"__button145\"]"}
RESULT: {"using":"xpath","value":"//*[@id=\"__button145\"]"}
COMMAND: POST /session/6a89fb51866d950e0bc97f386a060562/element/f.A6EC5B81BA07351D57539A0094149B7C.d.8CC2235E84C5BE4BC6E99029150DD8BF.e.5811/click - {}
RESULT: {}
COMMAND: POST /session/6a89fb51866d950e0bc97f386a060562/element - {"using":"css selector","value":"#shell-header-logo"}
COMMAND: GET /session/6a89fb51866d950e0bc97f386a060562/screenshot - {}
RESULT: {"using":"css selector","value":"#shell-header-logo"}
COMMAND: POST /session/6a89fb51866d950e0bc97f386a060562/element/f.A6EC5B81BA07351D57539A0094149B7C.d.8CC2235E84C5BE4BC6E99029150DD8BF.e.5046/click - {}
RESULT: {}
RESULT: {}
COMMAND: GET /session/6a89fb51866d950e0bc97f386a060562/screenshot - {}
RESULT: {}
]]></system-out>
    </testcase>
    <testcase classname="chrome.135_0_7049_115.windows.Standard_contract_-_add_contract_items_by_Insert_Request_US118222" name="Should insert the request into the contract" time="52.225">
      <system-out><![CDATA[
COMMAND: POST /session/6a89fb51866d950e0bc97f386a060562/execute/async - {"script":"<script> [1562 bytes]","args":[{"selector":{"controlType":"sap.m.GenericTile","properties":{"header":"Manage Contracts"}},"wdio_ui5_key":"sapm.GenericTile{\"header\":\"Manage Contracts\"}"}]}
RESULT: {"script":"<script> [1562 bytes]","args":[{"selector":{"controlType":"sap.m.GenericTile","properties":{"header":"Manage Contracts"}},"wdio_ui5_key":"sapm.GenericTile{\"header\":\"Manage Contracts\"}"}]}
RESULT: undefined
COMMAND: POST /session/6a89fb51866d950e0bc97f386a060562/element - {"using":"xpath","value":"//*[@id=\"__tile130\"]"}
RESULT: {"using":"xpath","value":"//*[@id=\"__tile130\"]"}
COMMAND: POST /session/6a89fb51866d950e0bc97f386a060562/element/f.A6EC5B81BA07351D57539A0094149B7C.d.8CC2235E84C5BE4BC6E99029150DD8BF.e.5824/click - {}
RESULT: {}
COMMAND: GET /session/6a89fb51866d950e0bc97f386a060562/screenshot - {}
RESULT: {}
COMMAND: POST /session/6a89fb51866d950e0bc97f386a060562/execute/async - {"script":"<script> [1562 bytes]","args":[{"selector":{"controlType":"sap.m.SearchField","viewName":"etm.portal.ui.managecontracts.view.Master","bindingPath":{"path":"","propertyPath":"/_BASIC_SEARCH_FIELD","modelName":"fi1t3rM0d31"},"interaction":{"idSuffix":"I"}},"wdio_ui5_key":"etmportal.ui.managecontracts.view.Mastersap.m.SearchField{\"path\":\"\",\"propertyPath\":\"/_BASIC_SEARCH_FIELD\",\"modelName\":\"fi1t3rM0d31\"}"}]}
RESULT: {"script":"<script> [1562 bytes]","args":[{"selector":{"controlType":"sap.m.SearchField","viewName":"etm.portal.ui.managecontracts.view.Master","bindingPath":{"path":"","propertyPath":"/_BASIC_SEARCH_FIELD","modelName":"fi1t3rM0d31"},"interaction":{"idSuffix":"I"}},"wdio_ui5_key":"etmportal.ui.managecontracts.view.Mastersap.m.SearchField{\"path\":\"\",\"propertyPath\":\"/_BASIC_SEARCH_FIELD\",\"modelName\":\"fi1t3rM0d31\"}"}]}
RESULT: undefined
COMMAND: POST /session/6a89fb51866d950e0bc97f386a060562/execute/async - {"script":"<script> [776 bytes]","args":[{"enterText":"10593","selector":{"controlType":"sap.m.SearchField","viewName":"etm.portal.ui.managecontracts.view.Master","bindingPath":{"path":"","propertyPath":"/_BASIC_SEARCH_FIELD","modelName":"fi1t3rM0d31"},"interaction":{"idSuffix":"I"}},"clearTextFirst":true,"interactionType":"ENTER_TEXT"}]}
RESULT: {"script":"<script> [776 bytes]","args":[{"enterText":"10593","selector":{"controlType":"sap.m.SearchField","viewName":"etm.portal.ui.managecontracts.view.Master","bindingPath":{"path":"","propertyPath":"/_BASIC_SEARCH_FIELD","modelName":"fi1t3rM0d31"},"interaction":{"idSuffix":"I"}},"clearTextFirst":true,"interactionType":"ENTER_TEXT"}]}
COMMAND: POST /session/6a89fb51866d950e0bc97f386a060562/actions - {"actions":[{"id":"action31","type":"key","parameters":{},"actions":[{"type":"keyDown","value":"î€‡"},{"type":"pause","duration":10},{"type":"keyUp","value":"î€‡"}]}]}
RESULT: {"actions":[{"id":"action31","type":"key","parameters":{},"actions":[{"type":"keyDown","value":"î€‡"},{"type":"pause","duration":10},{"type":"keyUp","value":"î€‡"}]}]}
COMMAND: GET /session/6a89fb51866d950e0bc97f386a060562/screenshot - {}
RESULT: {}
COMMAND: POST /session/6a89fb51866d950e0bc97f386a060562/execute/async - {"script":"<script> [1562 bytes]","args":[{"selector":{"controlType":"sap.ui.core.Icon","viewName":"etm.portal.ui.managecontracts.view.Master","properties":{"src":{"regex":{"source":"slim\\-arrow\\-right"}}}},"wdio_ui5_key":"etmportal.ui.managecontracts.view.Mastersap.ui.core.Icon{\"src\":{\"regex\":{\"source\":\"slim\\\\-arrow\\\\-right\"}}}"}]}
RESULT: {"script":"<script> [1562 bytes]","args":[{"selector":{"controlType":"sap.ui.core.Icon","viewName":"etm.portal.ui.managecontracts.view.Master","properties":{"src":{"regex":{"source":"slim\\-arrow\\-right"}}}},"wdio_ui5_key":"etmportal.ui.managecontracts.view.Mastersap.ui.core.Icon{\"src\":{\"regex\":{\"source\":\"slim\\\\-arrow\\\\-right\"}}}"}]}
RESULT: undefined
COMMAND: POST /session/6a89fb51866d950e0bc97f386a060562/element - {"using":"xpath","value":"//*[@id=\"__item2892-__clone9171-imgNav\"]"}
RESULT: {"using":"xpath","value":"//*[@id=\"__item2892-__clone9171-imgNav\"]"}
COMMAND: POST /session/6a89fb51866d950e0bc97f386a060562/element/f.A6EC5B81BA07351D57539A0094149B7C.d.8CC2235E84C5BE4BC6E99029150DD8BF.e.5953/click - {}
RESULT: {}
COMMAND: POST /session/6a89fb51866d950e0bc97f386a060562/execute/async - {"script":"<script> [1562 bytes]","args":[{"selector":{"id":"addRequestItemBtn","viewName":"etm.portal.ui.managecontracts.view.Detail","interaction":{"idSuffix":"BDI-content"}},"wdio_ui5_key":"addRequestItemBtnetmportal.ui.managecontracts.view.Detail"}]}
COMMAND: GET /session/6a89fb51866d950e0bc97f386a060562/screenshot - {}
RESULT: {"script":"<script> [1562 bytes]","args":[{"selector":{"id":"addRequestItemBtn","viewName":"etm.portal.ui.managecontracts.view.Detail","interaction":{"idSuffix":"BDI-content"}},"wdio_ui5_key":"addRequestItemBtnetmportal.ui.managecontracts.view.Detail"}]}
RESULT: undefined
COMMAND: POST /session/6a89fb51866d950e0bc97f386a060562/element - {"using":"xpath","value":"//*[@id=\"__xmlview64--addRequestItemBtn\"]"}
RESULT: {}
RESULT: {"using":"xpath","value":"//*[@id=\"__xmlview64--addRequestItemBtn\"]"}
COMMAND: POST /session/6a89fb51866d950e0bc97f386a060562/element/f.A6EC5B81BA07351D57539A0094149B7C.d.8CC2235E84C5BE4BC6E99029150DD8BF.e.6064/click - {}
RESULT: {}
COMMAND: GET /session/6a89fb51866d950e0bc97f386a060562/screenshot - {}
RESULT: {}
COMMAND: POST /session/6a89fb51866d950e0bc97f386a060562/element - {"using":"xpath","value":"//div[contains(@id ,\"popupRequestTable-sa-CbBg\")]"}
RESULT: {"using":"xpath","value":"//div[contains(@id ,\"popupRequestTable-sa-CbBg\")]"}
COMMAND: POST /session/6a89fb51866d950e0bc97f386a060562/element/f.A6EC5B81BA07351D57539A0094149B7C.d.8CC2235E84C5BE4BC6E99029150DD8BF.e.6096/click - {}
RESULT: {}
COMMAND: GET /session/6a89fb51866d950e0bc97f386a060562/screenshot - {}
RESULT: {}
COMMAND: POST /session/6a89fb51866d950e0bc97f386a060562/execute/async - {"script":"<script> [1562 bytes]","args":[{"selector":{"controlType":"sap.m.Button","viewName":"etm.portal.ui.managecontracts.view.Detail","i18NText":{"propertyName":"text","key":"selectionDone"},"searchOpenDialogs":true,"interaction":{"idSuffix":"BDI-content"}},"wdio_ui5_key":"etmportal.ui.managecontracts.view.Detailsap.m.Button{\"propertyName\":\"text\",\"key\":\"selectionDone\"}"}]}
RESULT: {"script":"<script> [1562 bytes]","args":[{"selector":{"controlType":"sap.m.Button","viewName":"etm.portal.ui.managecontracts.view.Detail","i18NText":{"propertyName":"text","key":"selectionDone"},"searchOpenDialogs":true,"interaction":{"idSuffix":"BDI-content"}},"wdio_ui5_key":"etmportal.ui.managecontracts.view.Detailsap.m.Button{\"propertyName\":\"text\",\"key\":\"selectionDone\"}"}]}
RESULT: undefined
COMMAND: POST /session/6a89fb51866d950e0bc97f386a060562/element - {"using":"xpath","value":"//*[@id=\"__button157\"]"}
RESULT: {"using":"xpath","value":"//*[@id=\"__button157\"]"}
COMMAND: POST /session/6a89fb51866d950e0bc97f386a060562/element/f.A6EC5B81BA07351D57539A0094149B7C.d.8CC2235E84C5BE4BC6E99029150DD8BF.e.6099/click - {}
RESULT: {}
COMMAND: POST /session/6a89fb51866d950e0bc97f386a060562/execute/async - {"script":"<script> [1562 bytes]","args":[{"selector":{"controlType":"sap.m.Text","properties":{"text":"Started processing request items into the contract."},"searchOpenDialogs":true},"wdio_ui5_key":"sapm.Text{\"text\":\"Started processing request items into the contract.\"}"}]}
COMMAND: GET /session/6a89fb51866d950e0bc97f386a060562/screenshot - {}
RESULT: {"script":"<script> [1562 bytes]","args":[{"selector":{"controlType":"sap.m.Text","properties":{"text":"Started processing request items into the contract."},"searchOpenDialogs":true},"wdio_ui5_key":"sapm.Text{\"text\":\"Started processing request items into the contract.\"}"}]}
RESULT: undefined
COMMAND: POST /session/6a89fb51866d950e0bc97f386a060562/execute/async - {"script":"<script> [6424 bytes]","args":[{"element-6066-11e4-a52e-4f735466cecf":"f.A6EC5B81BA07351D57539A0094149B7C.d.8CC2235E84C5BE4BC6E99029150DD8BF.e.6101"},"getText",[]]}
RESULT: {}
RESULT: {"script":"<script> [6424 bytes]","args":[{"element-6066-11e4-a52e-4f735466cecf":"f.A6EC5B81BA07351D57539A0094149B7C.d.8CC2235E84C5BE4BC6E99029150DD8BF.e.6101"},"getText",[]]}
COMMAND: POST /session/6a89fb51866d950e0bc97f386a060562/execute/async - {"script":"<script> [1562 bytes]","args":[{"selector":{"controlType":"sap.m.Button","properties":{"text":"OK"},"searchOpenDialogs":true,"interaction":{"idSuffix":"inner"}},"wdio_ui5_key":"sapm.Button{\"text\":\"OK\"}"}]}
RESULT: {"script":"<script> [1562 bytes]","args":[{"selector":{"controlType":"sap.m.Button","properties":{"text":"OK"},"searchOpenDialogs":true,"interaction":{"idSuffix":"inner"}},"wdio_ui5_key":"sapm.Button{\"text\":\"OK\"}"}]}
RESULT: undefined
COMMAND: POST /session/6a89fb51866d950e0bc97f386a060562/element - {"using":"xpath","value":"//*[@id=\"__mbox-btn-5\"]"}
RESULT: {"using":"xpath","value":"//*[@id=\"__mbox-btn-5\"]"}
COMMAND: POST /session/6a89fb51866d950e0bc97f386a060562/element/f.A6EC5B81BA07351D57539A0094149B7C.d.8CC2235E84C5BE4BC6E99029150DD8BF.e.6100/click - {}
RESULT: {}
COMMAND: POST /session/6a89fb51866d950e0bc97f386a060562/execute/async - {"script":"<script> [1562 bytes]","args":[{"selector":{"id":"headerBillingItemsTabFilter","viewName":"etm.portal.ui.managecontracts.view.Detail","interaction":{"idSuffix":"text"}},"wdio_ui5_key":"headerBillingItemsTabFilteretmportal.ui.managecontracts.view.Detail"}]}
COMMAND: GET /session/6a89fb51866d950e0bc97f386a060562/screenshot - {}
RESULT: {"script":"<script> [1562 bytes]","args":[{"selector":{"id":"headerBillingItemsTabFilter","viewName":"etm.portal.ui.managecontracts.view.Detail","interaction":{"idSuffix":"text"}},"wdio_ui5_key":"headerBillingItemsTabFilteretmportal.ui.managecontracts.view.Detail"}]}
RESULT: undefined
COMMAND: POST /session/6a89fb51866d950e0bc97f386a060562/element - {"using":"xpath","value":"//*[@id=\"__xmlview64--headerBillingItemsTabFilter\"]"}
RESULT: {}
RESULT: {"using":"xpath","value":"//*[@id=\"__xmlview64--headerBillingItemsTabFilter\"]"}
COMMAND: POST /session/6a89fb51866d950e0bc97f386a060562/element/f.A6EC5B81BA07351D57539A0094149B7C.d.8CC2235E84C5BE4BC6E99029150DD8BF.e.6111/click - {}
RESULT: {}
COMMAND: GET /session/6a89fb51866d950e0bc97f386a060562/screenshot - {}
RESULT: {}
COMMAND: POST /session/6a89fb51866d950e0bc97f386a060562/execute/async - {"script":"<script> [1562 bytes]","args":[{"selector":{"controlType":"sap.ui.core.Icon","viewName":"etm.portal.ui.managecontracts.view.Detail","properties":{"src":{"regex":{"source":"synchronize"}}}},"wdio_ui5_key":"etmportal.ui.managecontracts.view.Detailsap.ui.core.Icon{\"src\":{\"regex\":{\"source\":\"synchronize\"}}}"}]}
RESULT: {"script":"<script> [1562 bytes]","args":[{"selector":{"controlType":"sap.ui.core.Icon","viewName":"etm.portal.ui.managecontracts.view.Detail","properties":{"src":{"regex":{"source":"synchronize"}}}},"wdio_ui5_key":"etmportal.ui.managecontracts.view.Detailsap.ui.core.Icon{\"src\":{\"regex\":{\"source\":\"synchronize\"}}}"}]}
RESULT: undefined
COMMAND: POST /session/6a89fb51866d950e0bc97f386a060562/element - {"using":"xpath","value":"//*[@id=\"__xmlview64--btnToggleUpdate-img\"]"}
RESULT: {"using":"xpath","value":"//*[@id=\"__xmlview64--btnToggleUpdate-img\"]"}
COMMAND: POST /session/6a89fb51866d950e0bc97f386a060562/element/f.A6EC5B81BA07351D57539A0094149B7C.d.8CC2235E84C5BE4BC6E99029150DD8BF.e.6115/click - {}
RESULT: {}
COMMAND: GET /session/6a89fb51866d950e0bc97f386a060562/screenshot - {}
RESULT: {}
RESULT: undefined
COMMAND: POST /session/6a89fb51866d950e0bc97f386a060562/element - {"using":"xpath","value":"//*[@id=\"__xmlview64--headerBillingItemsTabFilter\"]"}
RESULT: {"using":"xpath","value":"//*[@id=\"__xmlview64--headerBillingItemsTabFilter\"]"}
COMMAND: POST /session/6a89fb51866d950e0bc97f386a060562/element/f.A6EC5B81BA07351D57539A0094149B7C.d.8CC2235E84C5BE4BC6E99029150DD8BF.e.6111/click - {}
RESULT: {}
COMMAND: POST /session/6a89fb51866d950e0bc97f386a060562/execute/async - {"script":"<script> [1562 bytes]","args":[{"selector":{"controlType":"sap.m.Title","viewName":"etm.portal.ui.managecontracts.view.Detail","properties":{"text":"Contract Items (2)"}},"wdio_ui5_key":"etmportal.ui.managecontracts.view.Detailsap.m.Title{\"text\":\"Contract Items (2)\"}"}]}
COMMAND: GET /session/6a89fb51866d950e0bc97f386a060562/screenshot - {}
RESULT: {"script":"<script> [1562 bytes]","args":[{"selector":{"controlType":"sap.m.Title","viewName":"etm.portal.ui.managecontracts.view.Detail","properties":{"text":"Contract Items (2)"}},"wdio_ui5_key":"etmportal.ui.managecontracts.view.Detailsap.m.Title{\"text\":\"Contract Items (2)\"}"}]}
RESULT: undefined
COMMAND: POST /session/6a89fb51866d950e0bc97f386a060562/execute/async - {"script":"<script> [6424 bytes]","args":[{"element-6066-11e4-a52e-4f735466cecf":"f.A6EC5B81BA07351D57539A0094149B7C.d.8CC2235E84C5BE4BC6E99029150DD8BF.e.6121"},"getText",[]]}
RESULT: {}
RESULT: {"script":"<script> [6424 bytes]","args":[{"element-6066-11e4-a52e-4f735466cecf":"f.A6EC5B81BA07351D57539A0094149B7C.d.8CC2235E84C5BE4BC6E99029150DD8BF.e.6121"},"getText",[]]}
COMMAND: POST /session/6a89fb51866d950e0bc97f386a060562/execute/async - {"script":"<script> [1562 bytes]","args":[{"selector":{"controlType":"sap.m.ObjectStatus","viewName":"etm.portal.ui.managecontracts.view.Detail","bindingPath":{"path":"/SmartContractItems(CONTRACT='10593',ITEM=10m,SUB_ITEM=0m)","propertyPath":"STATUS"}},"wdio_ui5_key":"etmportal.ui.managecontracts.view.Detailsap.m.ObjectStatus{\"path\":\"/SmartContractItems(CONTRACT='10593',ITEM=10m,SUB_ITEM=0m)\",\"propertyPath\":\"STATUS\"}"}]}
RESULT: {"script":"<script> [1562 bytes]","args":[{"selector":{"controlType":"sap.m.ObjectStatus","viewName":"etm.portal.ui.managecontracts.view.Detail","bindingPath":{"path":"/SmartContractItems(CONTRACT='10593',ITEM=10m,SUB_ITEM=0m)","propertyPath":"STATUS"}},"wdio_ui5_key":"etmportal.ui.managecontracts.view.Detailsap.m.ObjectStatus{\"path\":\"/SmartContractItems(CONTRACT='10593',ITEM=10m,SUB_ITEM=0m)\",\"propertyPath\":\"STATUS\"}"}]}
RESULT: undefined
COMMAND: POST /session/6a89fb51866d950e0bc97f386a060562/execute/async - {"script":"<script> [6424 bytes]","args":[{"element-6066-11e4-a52e-4f735466cecf":"f.A6EC5B81BA07351D57539A0094149B7C.d.8CC2235E84C5BE4BC6E99029150DD8BF.e.6123"},"getText",[]]}
RESULT: {"script":"<script> [6424 bytes]","args":[{"element-6066-11e4-a52e-4f735466cecf":"f.A6EC5B81BA07351D57539A0094149B7C.d.8CC2235E84C5BE4BC6E99029150DD8BF.e.6123"},"getText",[]]}
COMMAND: POST /session/6a89fb51866d950e0bc97f386a060562/execute/async - {"script":"<script> [1562 bytes]","args":[{"selector":{"controlType":"sap.m.ObjectStatus","viewName":"etm.portal.ui.managecontracts.view.Detail","bindingPath":{"path":"/SmartContractItems(CONTRACT='10593',ITEM=20m,SUB_ITEM=0m)","propertyPath":"STATUS"}},"wdio_ui5_key":"etmportal.ui.managecontracts.view.Detailsap.m.ObjectStatus{\"path\":\"/SmartContractItems(CONTRACT='10593',ITEM=20m,SUB_ITEM=0m)\",\"propertyPath\":\"STATUS\"}"}]}
RESULT: {"script":"<script> [1562 bytes]","args":[{"selector":{"controlType":"sap.m.ObjectStatus","viewName":"etm.portal.ui.managecontracts.view.Detail","bindingPath":{"path":"/SmartContractItems(CONTRACT='10593',ITEM=20m,SUB_ITEM=0m)","propertyPath":"STATUS"}},"wdio_ui5_key":"etmportal.ui.managecontracts.view.Detailsap.m.ObjectStatus{\"path\":\"/SmartContractItems(CONTRACT='10593',ITEM=20m,SUB_ITEM=0m)\",\"propertyPath\":\"STATUS\"}"}]}
RESULT: undefined
COMMAND: POST /session/6a89fb51866d950e0bc97f386a060562/execute/async - {"script":"<script> [6424 bytes]","args":[{"element-6066-11e4-a52e-4f735466cecf":"f.A6EC5B81BA07351D57539A0094149B7C.d.8CC2235E84C5BE4BC6E99029150DD8BF.e.6124"},"getText",[]]}
RESULT: {"script":"<script> [6424 bytes]","args":[{"element-6066-11e4-a52e-4f735466cecf":"f.A6EC5B81BA07351D57539A0094149B7C.d.8CC2235E84C5BE4BC6E99029150DD8BF.e.6124"},"getText",[]]}
]]></system-out>
    </testcase>
  </testsuite>
  <testsuite timestamp="2025-05-06T18:07:21" time="105.809" tests="1" failures="0" errors="0" skipped="0">
    <properties>
      <property name="specId" value="0" />
      <property name="suiteName" value="Manage contracts - revert request US152962" />
      <property name="capabilities" value="chrome.135_0_7049_115.windows" />
      <property name="file" value="file:///D:/a/1/s/test/specs/R2C/manage-contracts-revert-request.spec.js" />
    </properties>
    <testcase classname="chrome.135_0_7049_115.windows.Manage_contracts_-_revert_request_US152962" name="Should revert the request" time="105.807">
      <system-out><![CDATA[
COMMAND: POST /session/6a89fb51866d950e0bc97f386a060562/execute/async - {"script":"<script> [1562 bytes]","args":[{"selector":{"id":"revertPlanningBtn","viewName":"etm.portal.ui.managecontracts.view.Detail","interaction":{"idSuffix":"BDI-content"}},"wdio_ui5_key":"revertPlanningBtnetmportal.ui.managecontracts.view.Detail"}]}
RESULT: {"script":"<script> [1562 bytes]","args":[{"selector":{"id":"revertPlanningBtn","viewName":"etm.portal.ui.managecontracts.view.Detail","interaction":{"idSuffix":"BDI-content"}},"wdio_ui5_key":"revertPlanningBtnetmportal.ui.managecontracts.view.Detail"}]}
RESULT: undefined
COMMAND: POST /session/6a89fb51866d950e0bc97f386a060562/element - {"using":"xpath","value":"//*[@id=\"__xmlview64--revertPlanningBtn\"]"}
RESULT: {"using":"xpath","value":"//*[@id=\"__xmlview64--revertPlanningBtn\"]"}
COMMAND: POST /session/6a89fb51866d950e0bc97f386a060562/element/f.A6EC5B81BA07351D57539A0094149B7C.d.8CC2235E84C5BE4BC6E99029150DD8BF.e.6126/click - {}
RESULT: {}
COMMAND: POST /session/6a89fb51866d950e0bc97f386a060562/element - {"using":"xpath","value":"(//div[contains(@id ,\"selectMulti-CbBg\")])[2]"}
COMMAND: GET /session/6a89fb51866d950e0bc97f386a060562/screenshot - {}
RESULT: {"using":"xpath","value":"(//div[contains(@id ,\"selectMulti-CbBg\")])[2]"}
COMMAND: POST /session/6a89fb51866d950e0bc97f386a060562/element/f.A6EC5B81BA07351D57539A0094149B7C.d.8CC2235E84C5BE4BC6E99029150DD8BF.e.6174/click - {}
RESULT: {}
RESULT: {}
COMMAND: GET /session/6a89fb51866d950e0bc97f386a060562/screenshot - {}
RESULT: {}
COMMAND: POST /session/6a89fb51866d950e0bc97f386a060562/element - {"using":"xpath","value":"//span[contains(@id ,\"executeRevertPlanningBtn-content\")]"}
RESULT: {"using":"xpath","value":"//span[contains(@id ,\"executeRevertPlanningBtn-content\")]"}
COMMAND: POST /session/6a89fb51866d950e0bc97f386a060562/element/f.A6EC5B81BA07351D57539A0094149B7C.d.8CC2235E84C5BE4BC6E99029150DD8BF.e.6175/click - {}
RESULT: {}
COMMAND: GET /session/6a89fb51866d950e0bc97f386a060562/screenshot - {}
RESULT: {}
COMMAND: POST /session/6a89fb51866d950e0bc97f386a060562/actions - {"actions":[{"id":"action32","type":"key","parameters":{},"actions":[{"type":"keyDown","value":"î€‡"},{"type":"pause","duration":10},{"type":"keyUp","value":"î€‡"}]}]}
RESULT: {"actions":[{"id":"action32","type":"key","parameters":{},"actions":[{"type":"keyDown","value":"î€‡"},{"type":"pause","duration":10},{"type":"keyUp","value":"î€‡"}]}]}
COMMAND: GET /session/6a89fb51866d950e0bc97f386a060562/screenshot - {}
RESULT: {}
COMMAND: POST /session/6a89fb51866d950e0bc97f386a060562/refresh - {}
RESULT: {}
COMMAND: GET /session/6a89fb51866d950e0bc97f386a060562/screenshot - {}
RESULT: {}
COMMAND: POST /session/6a89fb51866d950e0bc97f386a060562/execute/async - {"script":"<script> [189 bytes]","args":[]}
RESULT: {"script":"<script> [189 bytes]","args":[]}
COMMAND: POST /session/6a89fb51866d950e0bc97f386a060562/execute/async - {"script":"<script> [123 bytes]","args":[]}
RESULT: {"script":"<script> [123 bytes]","args":[]}
COMMAND: POST /session/6a89fb51866d950e0bc97f386a060562/timeouts - {"script":"<number>"}
RESULT: {"script":"<number>"}
COMMAND: GET /session/6a89fb51866d950e0bc97f386a060562/timeouts - {}
RESULT: {}
RESULT: undefined
COMMAND: POST /session/6a89fb51866d950e0bc97f386a060562/execute/async - {"script":"<script> [2676 bytes]","args":[]}
RESULT: {"script":"<script> [2676 bytes]","args":[]}
COMMAND: POST /session/6a89fb51866d950e0bc97f386a060562/execute/async - {"script":"<script> [2342 bytes]","args":[{"protocol":"http","hostname":"0.0.0.0","path":"/","capabilities":{"browserName":"chrome","goog:chromeOptions":{"binary":"C:\\Program Files\\Google\\Chrome\\Application\\chrome.exe","args":["--start-maximized"]}},"logLevel":"warn","connectionRetryTimeout":120000,"connectionRetryCount":3,"logLevels":{},"enableDirectConnect":true,"strictSSL":true,"_":"65 more keys: [\"cacheDir\",\"port\",\"requestedCapabilities\",\"automationProtocol\",\"baseUrl\",\"waitforInterval\",\"waitforTimeout\",\"onReload\",\"beforeCommand\",\"afterCommand\",\"rootDir\",\"specs\",\"suites\",\"exclude\",\"groupLogsByTestSpec\",\"excludeDriverLogs\",\"bail\",\"framework\",\"reporters\",\"services\",\"maxInstances\",\"maxInstancesPerCapability\",\"injectGlobals\",\"filesToWatch\",\"execArgv\",\"runnerEnv\",\"runner\",\"shard\",\"specFileRetries\",\"specFileRetriesDelay\",\"specFileRetriesDeferred\",\"reporterSyncInterval\",\"reporterSyncTimeout\",\"cucumberFeaturesWithLineNumbers\",\"autoCompileOpts\",\"mochaOpts\",\"jasmineOpts\",\"cucumberOpts\",\"onPrepare\",\"onWorkerStart\",\"onWorkerEnd\",\"before\",\"beforeSession\",\"beforeSuite\",\"beforeHook\",\"beforeTest\",\"afterTest\",\"afterHook\",\"afterSuite\",\"afterSession\",\"after\",\"onComplete\",\"beforeAssertion\",\"afterAssertion\",\"beforeFeature\",\"beforeScenario\",\"beforeStep\",\"afterStep\",\"afterScenario\",\"afterFeature\",\"_\",\"suite\",\"$0\",\"ignoredWorkerServices\",\"wdi5\"]"}]}
RESULT: {"script":"<script> [2342 bytes]","args":[{"protocol":"http","hostname":"0.0.0.0","path":"/","capabilities":{"browserName":"chrome","goog:chromeOptions":{"binary":"C:\\Program Files\\Google\\Chrome\\Application\\chrome.exe","args":["--start-maximized"]}},"logLevel":"warn","connectionRetryTimeout":120000,"connectionRetryCount":3,"logLevels":{},"enableDirectConnect":true,"strictSSL":true,"_":"65 more keys: [\"cacheDir\",\"port\",\"requestedCapabilities\",\"automationProtocol\",\"baseUrl\",\"waitforInterval\",\"waitforTimeout\",\"onReload\",\"beforeCommand\",\"afterCommand\",\"rootDir\",\"specs\",\"suites\",\"exclude\",\"groupLogsByTestSpec\",\"excludeDriverLogs\",\"bail\",\"framework\",\"reporters\",\"services\",\"maxInstances\",\"maxInstancesPerCapability\",\"injectGlobals\",\"filesToWatch\",\"execArgv\",\"runnerEnv\",\"runner\",\"shard\",\"specFileRetries\",\"specFileRetriesDelay\",\"specFileRetriesDeferred\",\"reporterSyncInterval\",\"reporterSyncTimeout\",\"cucumberFeaturesWithLineNumbers\",\"autoCompileOpts\",\"mochaOpts\",\"jasmineOpts\",\"cucumberOpts\",\"onPrepare\",\"onWorkerStart\",\"onWorkerEnd\",\"before\",\"beforeSession\",\"beforeSuite\",\"beforeHook\",\"beforeTest\",\"afterTest\",\"afterHook\",\"afterSuite\",\"afterSession\",\"after\",\"onComplete\",\"beforeAssertion\",\"afterAssertion\",\"beforeFeature\",\"beforeScenario\",\"beforeStep\",\"afterStep\",\"afterScenario\",\"afterFeature\",\"_\",\"suite\",\"$0\",\"ignoredWorkerServices\",\"wdi5\"]"}]}
COMMAND: POST /session/6a89fb51866d950e0bc97f386a060562/execute/async - {"script":"<script> [21126 bytes]","args":[35000]}
RESULT: {"script":"<script> [21126 bytes]","args":[35000]}
COMMAND: POST /session/6a89fb51866d950e0bc97f386a060562/execute/async - {"script":"<script> [1562 bytes]","args":[{"selector":{"controlType":"sap.m.Title","viewName":"etm.portal.ui.managecontracts.view.Detail","properties":{"text":"Contract Items (1)"}},"wdio_ui5_key":"etmportal.ui.managecontracts.view.Detailsap.m.Title{\"text\":\"Contract Items (1)\"}"}]}
RESULT: {"script":"<script> [1562 bytes]","args":[{"selector":{"controlType":"sap.m.Title","viewName":"etm.portal.ui.managecontracts.view.Detail","properties":{"text":"Contract Items (1)"}},"wdio_ui5_key":"etmportal.ui.managecontracts.view.Detailsap.m.Title{\"text\":\"Contract Items (1)\"}"}]}
RESULT: undefined
COMMAND: POST /session/6a89fb51866d950e0bc97f386a060562/execute/async - {"script":"<script> [6424 bytes]","args":[{"element-6066-11e4-a52e-4f735466cecf":"f.A6EC5B81BA07351D57539A0094149B7C.d.842C1AFB11EBD79B69E480EFDC7A40C1.e.6361"},"getText",[]]}
RESULT: {"script":"<script> [6424 bytes]","args":[{"element-6066-11e4-a52e-4f735466cecf":"f.A6EC5B81BA07351D57539A0094149B7C.d.842C1AFB11EBD79B69E480EFDC7A40C1.e.6361"},"getText",[]]}
COMMAND: POST /session/6a89fb51866d950e0bc97f386a060562/execute/async - {"script":"<script> [1562 bytes]","args":[{"selector":{"id":"contractDetailEditBtn","viewName":"etm.portal.ui.managecontracts.view.Detail","interaction":{"idSuffix":"inner"}},"wdio_ui5_key":"contractDetailEditBtnetmportal.ui.managecontracts.view.Detail"}]}
RESULT: {"script":"<script> [1562 bytes]","args":[{"selector":{"id":"contractDetailEditBtn","viewName":"etm.portal.ui.managecontracts.view.Detail","interaction":{"idSuffix":"inner"}},"wdio_ui5_key":"contractDetailEditBtnetmportal.ui.managecontracts.view.Detail"}]}
RESULT: undefined
COMMAND: POST /session/6a89fb51866d950e0bc97f386a060562/element - {"using":"xpath","value":"//*[@id=\"__xmlview1--contractDetailEditBtn\"]"}
RESULT: {"using":"xpath","value":"//*[@id=\"__xmlview1--contractDetailEditBtn\"]"}
COMMAND: POST /session/6a89fb51866d950e0bc97f386a060562/element/f.A6EC5B81BA07351D57539A0094149B7C.d.842C1AFB11EBD79B69E480EFDC7A40C1.e.6363/click - {}
RESULT: {}
COMMAND: GET /session/6a89fb51866d950e0bc97f386a060562/screenshot - {}
RESULT: {}
COMMAND: POST /session/6a89fb51866d950e0bc97f386a060562/element - {"using":"xpath","value":"(//span[contains(text(), \"Header Billing Items\")])[2]"}
RESULT: {"using":"xpath","value":"(//span[contains(text(), \"Header Billing Items\")])[2]"}
COMMAND: POST /session/6a89fb51866d950e0bc97f386a060562/element/f.A6EC5B81BA07351D57539A0094149B7C.d.842C1AFB11EBD79B69E480EFDC7A40C1.e.6419/click - {}
RESULT: {}
COMMAND: GET /session/6a89fb51866d950e0bc97f386a060562/screenshot - {}
RESULT: {}
COMMAND: POST /session/6a89fb51866d950e0bc97f386a060562/element - {"using":"xpath","value":"//div[contains(@id ,\"ProductsTable-sa-CbBg\")]"}
RESULT: {"using":"xpath","value":"//div[contains(@id ,\"ProductsTable-sa-CbBg\")]"}
COMMAND: POST /session/6a89fb51866d950e0bc97f386a060562/element/f.A6EC5B81BA07351D57539A0094149B7C.d.842C1AFB11EBD79B69E480EFDC7A40C1.e.6431/click - {}
RESULT: {}
COMMAND: GET /session/6a89fb51866d950e0bc97f386a060562/screenshot - {}
RESULT: {}
COMMAND: POST /session/6a89fb51866d950e0bc97f386a060562/execute/async - {"script":"<script> [1562 bytes]","args":[{"selector":{"id":"deleteBtn","viewName":"etm.portal.ui.managecontracts.view.EditContract","interaction":{"idSuffix":"BDI-content"}},"wdio_ui5_key":"deleteBtnetmportal.ui.managecontracts.view.EditContract"}]}
RESULT: {"script":"<script> [1562 bytes]","args":[{"selector":{"id":"deleteBtn","viewName":"etm.portal.ui.managecontracts.view.EditContract","interaction":{"idSuffix":"BDI-content"}},"wdio_ui5_key":"deleteBtnetmportal.ui.managecontracts.view.EditContract"}]}
RESULT: undefined
COMMAND: POST /session/6a89fb51866d950e0bc97f386a060562/element - {"using":"xpath","value":"//*[@id=\"__xmlview2--deleteBtn\"]"}
RESULT: {"using":"xpath","value":"//*[@id=\"__xmlview2--deleteBtn\"]"}
COMMAND: POST /session/6a89fb51866d950e0bc97f386a060562/element/f.A6EC5B81BA07351D57539A0094149B7C.d.842C1AFB11EBD79B69E480EFDC7A40C1.e.6433/click - {}
RESULT: {}
COMMAND: POST /session/6a89fb51866d950e0bc97f386a060562/element - {"using":"xpath","value":"//bdi[contains(@id ,\"BDI-content\")][contains(text(), \"OK\")]"}
COMMAND: GET /session/6a89fb51866d950e0bc97f386a060562/screenshot - {}
RESULT: {"using":"xpath","value":"//bdi[contains(@id ,\"BDI-content\")][contains(text(), \"OK\")]"}
COMMAND: POST /session/6a89fb51866d950e0bc97f386a060562/element/f.A6EC5B81BA07351D57539A0094149B7C.d.842C1AFB11EBD79B69E480EFDC7A40C1.e.6436/click - {}
RESULT: {}
RESULT: {}
COMMAND: GET /session/6a89fb51866d950e0bc97f386a060562/screenshot - {}
RESULT: {}
COMMAND: POST /session/6a89fb51866d950e0bc97f386a060562/element - {"using":"xpath","value":"//bdi[contains(@id ,\"BDI-content\")][contains(text(), \"Save\")]"}
RESULT: {"using":"xpath","value":"//bdi[contains(@id ,\"BDI-content\")][contains(text(), \"Save\")]"}
COMMAND: POST /session/6a89fb51866d950e0bc97f386a060562/element/f.A6EC5B81BA07351D57539A0094149B7C.d.842C1AFB11EBD79B69E480EFDC7A40C1.e.6437/click - {}
RESULT: {}
COMMAND: GET /session/6a89fb51866d950e0bc97f386a060562/screenshot - {}
RESULT: {}
COMMAND: POST /session/6a89fb51866d950e0bc97f386a060562/element - {"using":"xpath","value":"(//span[contains(text(), \"Header Billing Items\")])[1]"}
RESULT: {"using":"xpath","value":"(//span[contains(text(), \"Header Billing Items\")])[1]"}
COMMAND: POST /session/6a89fb51866d950e0bc97f386a060562/element/f.A6EC5B81BA07351D57539A0094149B7C.d.842C1AFB11EBD79B69E480EFDC7A40C1.e.6440/click - {}
RESULT: {}
COMMAND: GET /session/6a89fb51866d950e0bc97f386a060562/screenshot - {}
RESULT: {}
COMMAND: POST /session/6a89fb51866d950e0bc97f386a060562/execute/async - {"script":"<script> [1562 bytes]","args":[{"selector":{"controlType":"sap.m.ObjectStatus","viewName":"etm.portal.ui.managecontracts.view.Detail","bindingPath":{"path":"/SmartContractItems(CONTRACT='10593',ITEM=10m,SUB_ITEM=0m)","propertyPath":"STATUS"}},"wdio_ui5_key":"etmportal.ui.managecontracts.view.Detailsap.m.ObjectStatus{\"path\":\"/SmartContractItems(CONTRACT='10593',ITEM=10m,SUB_ITEM=0m)\",\"propertyPath\":\"STATUS\"}"}]}
RESULT: {"script":"<script> [1562 bytes]","args":[{"selector":{"controlType":"sap.m.ObjectStatus","viewName":"etm.portal.ui.managecontracts.view.Detail","bindingPath":{"path":"/SmartContractItems(CONTRACT='10593',ITEM=10m,SUB_ITEM=0m)","propertyPath":"STATUS"}},"wdio_ui5_key":"etmportal.ui.managecontracts.view.Detailsap.m.ObjectStatus{\"path\":\"/SmartContractItems(CONTRACT='10593',ITEM=10m,SUB_ITEM=0m)\",\"propertyPath\":\"STATUS\"}"}]}
RESULT: undefined
COMMAND: POST /session/6a89fb51866d950e0bc97f386a060562/execute/async - {"script":"<script> [6424 bytes]","args":[{"element-6066-11e4-a52e-4f735466cecf":"f.A6EC5B81BA07351D57539A0094149B7C.d.842C1AFB11EBD79B69E480EFDC7A40C1.e.6444"},"getText",[]]}
RESULT: {"script":"<script> [6424 bytes]","args":[{"element-6066-11e4-a52e-4f735466cecf":"f.A6EC5B81BA07351D57539A0094149B7C.d.842C1AFB11EBD79B69E480EFDC7A40C1.e.6444"},"getText",[]]}
COMMAND: POST /session/6a89fb51866d950e0bc97f386a060562/element - {"using":"css selector","value":"#shell-header-logo"}
RESULT: {"using":"css selector","value":"#shell-header-logo"}
COMMAND: POST /session/6a89fb51866d950e0bc97f386a060562/element/f.A6EC5B81BA07351D57539A0094149B7C.d.842C1AFB11EBD79B69E480EFDC7A40C1.e.6191/click - {}
RESULT: {}
COMMAND: GET /session/6a89fb51866d950e0bc97f386a060562/screenshot - {}
RESULT: {}
COMMAND: POST /session/6a89fb51866d950e0bc97f386a060562/execute/async - {"script":"<script> [1562 bytes]","args":[{"selector":{"controlType":"sap.m.GenericTile","properties":{"header":"Manage Requests"}},"wdio_ui5_key":"sapm.GenericTile{\"header\":\"Manage Requests\"}"}]}
RESULT: {"script":"<script> [1562 bytes]","args":[{"selector":{"controlType":"sap.m.GenericTile","properties":{"header":"Manage Requests"}},"wdio_ui5_key":"sapm.GenericTile{\"header\":\"Manage Requests\"}"}]}
RESULT: undefined
COMMAND: POST /session/6a89fb51866d950e0bc97f386a060562/element - {"using":"xpath","value":"//*[@id=\"__tile47\"]"}
RESULT: {"using":"xpath","value":"//*[@id=\"__tile47\"]"}
COMMAND: POST /session/6a89fb51866d950e0bc97f386a060562/element/f.A6EC5B81BA07351D57539A0094149B7C.d.842C1AFB11EBD79B69E480EFDC7A40C1.e.6461/click - {}
RESULT: {}
COMMAND: GET /session/6a89fb51866d950e0bc97f386a060562/screenshot - {}
RESULT: {}
COMMAND: POST /session/6a89fb51866d950e0bc97f386a060562/execute/async - {"script":"<script> [1562 bytes]","args":[{"selector":{"controlType":"sap.m.SearchField","viewName":"etm.portal.ui.managerequests.view.Master","bindingPath":{"path":"","propertyPath":"/_BASIC_SEARCH_FIELD","modelName":"fi1t3rM0d31"},"interaction":{"idSuffix":"I"}},"wdio_ui5_key":"etmportal.ui.managerequests.view.Mastersap.m.SearchField{\"path\":\"\",\"propertyPath\":\"/_BASIC_SEARCH_FIELD\",\"modelName\":\"fi1t3rM0d31\"}"}]}
RESULT: {"script":"<script> [1562 bytes]","args":[{"selector":{"controlType":"sap.m.SearchField","viewName":"etm.portal.ui.managerequests.view.Master","bindingPath":{"path":"","propertyPath":"/_BASIC_SEARCH_FIELD","modelName":"fi1t3rM0d31"},"interaction":{"idSuffix":"I"}},"wdio_ui5_key":"etmportal.ui.managerequests.view.Mastersap.m.SearchField{\"path\":\"\",\"propertyPath\":\"/_BASIC_SEARCH_FIELD\",\"modelName\":\"fi1t3rM0d31\"}"}]}
RESULT: undefined
COMMAND: POST /session/6a89fb51866d950e0bc97f386a060562/execute/async - {"script":"<script> [776 bytes]","args":[{"enterText":"20381","selector":{"controlType":"sap.m.SearchField","viewName":"etm.portal.ui.managerequests.view.Master","bindingPath":{"path":"","propertyPath":"/_BASIC_SEARCH_FIELD","modelName":"fi1t3rM0d31"},"interaction":{"idSuffix":"I"}},"clearTextFirst":true,"interactionType":"ENTER_TEXT"}]}
RESULT: {"script":"<script> [776 bytes]","args":[{"enterText":"20381","selector":{"controlType":"sap.m.SearchField","viewName":"etm.portal.ui.managerequests.view.Master","bindingPath":{"path":"","propertyPath":"/_BASIC_SEARCH_FIELD","modelName":"fi1t3rM0d31"},"interaction":{"idSuffix":"I"}},"clearTextFirst":true,"interactionType":"ENTER_TEXT"}]}
COMMAND: POST /session/6a89fb51866d950e0bc97f386a060562/actions - {"actions":[{"id":"action33","type":"key","parameters":{},"actions":[{"type":"keyDown","value":"î€‡"},{"type":"pause","duration":10},{"type":"keyUp","value":"î€‡"}]}]}
RESULT: {"actions":[{"id":"action33","type":"key","parameters":{},"actions":[{"type":"keyDown","value":"î€‡"},{"type":"pause","duration":10},{"type":"keyUp","value":"î€‡"}]}]}
COMMAND: GET /session/6a89fb51866d950e0bc97f386a060562/screenshot - {}
RESULT: {}
COMMAND: POST /session/6a89fb51866d950e0bc97f386a060562/execute/async - {"script":"<script> [1562 bytes]","args":[{"selector":{"controlType":"sap.m.Text","viewName":"etm.portal.ui.managerequests.view.Master","bindingPath":{"path":"/SmartManageRequests('20381')","propertyPath":"NO"}},"wdio_ui5_key":"etmportal.ui.managerequests.view.Mastersap.m.Text{\"path\":\"/SmartManageRequests('20381')\",\"propertyPath\":\"NO\"}"}]}
RESULT: {"script":"<script> [1562 bytes]","args":[{"selector":{"controlType":"sap.m.Text","viewName":"etm.portal.ui.managerequests.view.Master","bindingPath":{"path":"/SmartManageRequests('20381')","propertyPath":"NO"}},"wdio_ui5_key":"etmportal.ui.managerequests.view.Mastersap.m.Text{\"path\":\"/SmartManageRequests('20381')\",\"propertyPath\":\"NO\"}"}]}
RESULT: undefined
COMMAND: POST /session/6a89fb51866d950e0bc97f386a060562/element - {"using":"xpath","value":"//*[@id=\"__text463-__clone172\"]"}
RESULT: {"using":"xpath","value":"//*[@id=\"__text463-__clone172\"]"}
COMMAND: POST /session/6a89fb51866d950e0bc97f386a060562/element/f.A6EC5B81BA07351D57539A0094149B7C.d.842C1AFB11EBD79B69E480EFDC7A40C1.e.6577/click - {}
RESULT: {}
COMMAND: GET /session/6a89fb51866d950e0bc97f386a060562/screenshot - {}
RESULT: {}
COMMAND: POST /session/6a89fb51866d950e0bc97f386a060562/execute/async - {"script":"<script> [1562 bytes]","args":[{"selector":{"controlType":"sap.ui.core.Icon","viewName":"etm.portal.ui.managerequests.view.Detail","properties":{"src":{"regex":{"source":"slim\\-arrow\\-up"}}}},"wdio_ui5_key":"etmportal.ui.managerequests.view.Detailsap.ui.core.Icon{\"src\":{\"regex\":{\"source\":\"slim\\\\-arrow\\\\-up\"}}}"}]}
RESULT: {"script":"<script> [1562 bytes]","args":[{"selector":{"controlType":"sap.ui.core.Icon","viewName":"etm.portal.ui.managerequests.view.Detail","properties":{"src":{"regex":{"source":"slim\\-arrow\\-up"}}}},"wdio_ui5_key":"etmportal.ui.managerequests.view.Detailsap.ui.core.Icon{\"src\":{\"regex\":{\"source\":\"slim\\\\-arrow\\\\-up\"}}}"}]}
RESULT: undefined
COMMAND: POST /session/6a89fb51866d950e0bc97f386a060562/element - {"using":"xpath","value":"//*[@id=\"__xmlview62--detailRequestPage-OPHeaderContent-collapseBtn-img\"]"}
RESULT: {"using":"xpath","value":"//*[@id=\"__xmlview62--detailRequestPage-OPHeaderContent-collapseBtn-img\"]"}
COMMAND: POST /session/6a89fb51866d950e0bc97f386a060562/element/f.A6EC5B81BA07351D57539A0094149B7C.d.842C1AFB11EBD79B69E480EFDC7A40C1.e.6715/click - {}
RESULT: {}
COMMAND: GET /session/6a89fb51866d950e0bc97f386a060562/screenshot - {}
RESULT: {}
COMMAND: POST /session/6a89fb51866d950e0bc97f386a060562/execute/async - {"script":"<script> [1562 bytes]","args":[{"selector":{"controlType":"sap.m.Text","viewName":"etm.portal.ui.managerequests.view.Detail","bindingPath":{"path":"/SmartRequestItemsPlanningBoard(ITEM=20m,REQUEST='20381')","propertyPath":"STATUS_DESC"}},"wdio_ui5_key":"etmportal.ui.managerequests.view.Detailsap.m.Text{\"path\":\"/SmartRequestItemsPlanningBoard(ITEM=20m,REQUEST='20381')\",\"propertyPath\":\"STATUS_DESC\"}"}]}
RESULT: {"script":"<script> [1562 bytes]","args":[{"selector":{"controlType":"sap.m.Text","viewName":"etm.portal.ui.managerequests.view.Detail","bindingPath":{"path":"/SmartRequestItemsPlanningBoard(ITEM=20m,REQUEST='20381')","propertyPath":"STATUS_DESC"}},"wdio_ui5_key":"etmportal.ui.managerequests.view.Detailsap.m.Text{\"path\":\"/SmartRequestItemsPlanningBoard(ITEM=20m,REQUEST='20381')\",\"propertyPath\":\"STATUS_DESC\"}"}]}
RESULT: undefined
COMMAND: POST /session/6a89fb51866d950e0bc97f386a060562/execute/async - {"script":"<script> [6424 bytes]","args":[{"element-6066-11e4-a52e-4f735466cecf":"f.A6EC5B81BA07351D57539A0094149B7C.d.842C1AFB11EBD79B69E480EFDC7A40C1.e.6773"},"getText",[]]}
RESULT: {"script":"<script> [6424 bytes]","args":[{"element-6066-11e4-a52e-4f735466cecf":"f.A6EC5B81BA07351D57539A0094149B7C.d.842C1AFB11EBD79B69E480EFDC7A40C1.e.6773"},"getText",[]]}
COMMAND: POST /session/6a89fb51866d950e0bc97f386a060562/element - {"using":"css selector","value":"#shell-header-logo"}
RESULT: {"using":"css selector","value":"#shell-header-logo"}
COMMAND: POST /session/6a89fb51866d950e0bc97f386a060562/element/f.A6EC5B81BA07351D57539A0094149B7C.d.842C1AFB11EBD79B69E480EFDC7A40C1.e.6466/click - {}
RESULT: {}
COMMAND: GET /session/6a89fb51866d950e0bc97f386a060562/screenshot - {}
RESULT: {}
]]></system-out>
    </testcase>
  </testsuite>
  <testsuite timestamp="2025-05-06T18:09:07" time="298.233" tests="4" failures="0" errors="0" skipped="0">
    <properties>
      <property name="specId" value="0" />
      <property name="suiteName" value="Standard contract close-reopen US111278" />
      <property name="capabilities" value="chrome.135_0_7049_115.windows" />
      <property name="file" value="file:///D:/a/1/s/test/specs/R2C/standard-contract-close-reopen.spec.js" />
    </properties>
    <testcase classname="chrome.135_0_7049_115.windows.Standard_contract_close-reopen_US111278" name="Should create a new contract and add an item" time="158.111">
      <system-out><![CDATA[
COMMAND: POST /session/6a89fb51866d950e0bc97f386a060562/execute/async - {"script":"<script> [1562 bytes]","args":[{"selector":{"controlType":"sap.m.Text","viewName":"etm.portal.ui.managecontractstile.view.Master","properties":{"text":"Manage Contracts"},"interaction":{"idSuffix":"inner"}},"wdio_ui5_key":"etmportal.ui.managecontractstile.view.Mastersap.m.Text{\"text\":\"Manage Contracts\"}"}]}
RESULT: {"script":"<script> [1562 bytes]","args":[{"selector":{"controlType":"sap.m.Text","viewName":"etm.portal.ui.managecontractstile.view.Master","properties":{"text":"Manage Contracts"},"interaction":{"idSuffix":"inner"}},"wdio_ui5_key":"etmportal.ui.managecontractstile.view.Mastersap.m.Text{\"text\":\"Manage Contracts\"}"}]}
RESULT: undefined
COMMAND: POST /session/6a89fb51866d950e0bc97f386a060562/element - {"using":"xpath","value":"//*[@id=\"__tile130-title\"]"}
RESULT: {"using":"xpath","value":"//*[@id=\"__tile130-title\"]"}
COMMAND: POST /session/6a89fb51866d950e0bc97f386a060562/element/f.A6EC5B81BA07351D57539A0094149B7C.d.842C1AFB11EBD79B69E480EFDC7A40C1.e.6777/click - {}
RESULT: {}
COMMAND: GET /session/6a89fb51866d950e0bc97f386a060562/screenshot - {}
RESULT: {}
COMMAND: POST /session/6a89fb51866d950e0bc97f386a060562/element - {"using":"xpath","value":"//button[@data-kt=\"addButton\"]"}
RESULT: {"using":"xpath","value":"//button[@data-kt=\"addButton\"]"}
COMMAND: POST /session/6a89fb51866d950e0bc97f386a060562/element/f.A6EC5B81BA07351D57539A0094149B7C.d.842C1AFB11EBD79B69E480EFDC7A40C1.e.6846/click - {}
RESULT: {}
COMMAND: GET /session/6a89fb51866d950e0bc97f386a060562/screenshot - {}
RESULT: {}
COMMAND: POST /session/6a89fb51866d950e0bc97f386a060562/execute/async - {"script":"<script> [1562 bytes]","args":[{"selector":{"id":"application-managecontracts-display-component---AddNewContract--projectDescription","interaction":{"idSuffix":"inner"}},"wdio_ui5_key":"applicationmanagecontracts-display-component---AddNewContract--projectDescription"}]}
RESULT: {"script":"<script> [1562 bytes]","args":[{"selector":{"id":"application-managecontracts-display-component---AddNewContract--projectDescription","interaction":{"idSuffix":"inner"}},"wdio_ui5_key":"applicationmanagecontracts-display-component---AddNewContract--projectDescription"}]}
RESULT: undefined
COMMAND: POST /session/6a89fb51866d950e0bc97f386a060562/execute/async - {"script":"<script> [776 bytes]","args":[{"enterText":"WdIOR2c5royh","selector":{"id":"application-managecontracts-display-component---AddNewContract--projectDescription","interaction":{"idSuffix":"inner"}},"clearTextFirst":true,"interactionType":"ENTER_TEXT"}]}
RESULT: {"script":"<script> [776 bytes]","args":[{"enterText":"WdIOR2c5royh","selector":{"id":"application-managecontracts-display-component---AddNewContract--projectDescription","interaction":{"idSuffix":"inner"}},"clearTextFirst":true,"interactionType":"ENTER_TEXT"}]}
COMMAND: POST /session/6a89fb51866d950e0bc97f386a060562/element - {"using":"xpath","value":"//input[@id=\"application-managecontracts-display-component---AddNewContract--yardId-inner\"]"}
RESULT: {"using":"xpath","value":"//input[@id=\"application-managecontracts-display-component---AddNewContract--yardId-inner\"]"}
COMMAND: POST /session/6a89fb51866d950e0bc97f386a060562/element/f.A6EC5B81BA07351D57539A0094149B7C.d.842C1AFB11EBD79B69E480EFDC7A40C1.e.7100/clear - {}
RESULT: {}
COMMAND: POST /session/6a89fb51866d950e0bc97f386a060562/element/f.A6EC5B81BA07351D57539A0094149B7C.d.842C1AFB11EBD79B69E480EFDC7A40C1.e.7100/value - {"text":"WebdriverYard87g2b"}
COMMAND: GET /session/6a89fb51866d950e0bc97f386a060562/screenshot - {}
RESULT: {"text":"WebdriverYard87g2b"}
COMMAND: GET /session/6a89fb51866d950e0bc97f386a060562/screenshot - {}
RESULT: {}
RESULT: {}
COMMAND: POST /session/6a89fb51866d950e0bc97f386a060562/actions - {"actions":[{"id":"action34","type":"key","parameters":{},"actions":[{"type":"keyDown","value":"î€‡"},{"type":"pause","duration":10},{"type":"keyUp","value":"î€‡"}]}]}
RESULT: {"actions":[{"id":"action34","type":"key","parameters":{},"actions":[{"type":"keyDown","value":"î€‡"},{"type":"pause","duration":10},{"type":"keyUp","value":"î€‡"}]}]}
COMMAND: GET /session/6a89fb51866d950e0bc97f386a060562/screenshot - {}
RESULT: {}
COMMAND: POST /session/6a89fb51866d950e0bc97f386a060562/element - {"using":"xpath","value":"//input[@id=\"application-managecontracts-display-component---AddNewContract--customerSelect-inner\"]"}
RESULT: {"using":"xpath","value":"//input[@id=\"application-managecontracts-display-component---AddNewContract--customerSelect-inner\"]"}
COMMAND: POST /session/6a89fb51866d950e0bc97f386a060562/element/f.A6EC5B81BA07351D57539A0094149B7C.d.842C1AFB11EBD79B69E480EFDC7A40C1.e.7098/clear - {}
RESULT: {}
COMMAND: POST /session/6a89fb51866d950e0bc97f386a060562/element/f.A6EC5B81BA07351D57539A0094149B7C.d.842C1AFB11EBD79B69E480EFDC7A40C1.e.7098/value - {"text":"WebdriverPartnerqoxb8"}
COMMAND: GET /session/6a89fb51866d950e0bc97f386a060562/screenshot - {}
RESULT: {"text":"WebdriverPartnerqoxb8"}
COMMAND: GET /session/6a89fb51866d950e0bc97f386a060562/screenshot - {}
RESULT: {}
RESULT: {}
COMMAND: POST /session/6a89fb51866d950e0bc97f386a060562/actions - {"actions":[{"id":"action35","type":"key","parameters":{},"actions":[{"type":"keyDown","value":"î€‡"},{"type":"pause","duration":10},{"type":"keyUp","value":"î€‡"}]}]}
RESULT: {"actions":[{"id":"action35","type":"key","parameters":{},"actions":[{"type":"keyDown","value":"î€‡"},{"type":"pause","duration":10},{"type":"keyUp","value":"î€‡"}]}]}
COMMAND: GET /session/6a89fb51866d950e0bc97f386a060562/screenshot - {}
RESULT: {}
COMMAND: POST /session/6a89fb51866d950e0bc97f386a060562/element - {"using":"xpath","value":"//input[@id=\"application-managecontracts-display-component---AddNewContract--site-inner\"]"}
RESULT: {"using":"xpath","value":"//input[@id=\"application-managecontracts-display-component---AddNewContract--site-inner\"]"}
COMMAND: POST /session/6a89fb51866d950e0bc97f386a060562/element/f.A6EC5B81BA07351D57539A0094149B7C.d.842C1AFB11EBD79B69E480EFDC7A40C1.e.7099/clear - {}
RESULT: {}
COMMAND: POST /session/6a89fb51866d950e0bc97f386a060562/element/f.A6EC5B81BA07351D57539A0094149B7C.d.842C1AFB11EBD79B69E480EFDC7A40C1.e.7099/value - {"text":"WebdriverSitegb0gz"}
COMMAND: GET /session/6a89fb51866d950e0bc97f386a060562/screenshot - {}
RESULT: {"text":"WebdriverSitegb0gz"}
COMMAND: GET /session/6a89fb51866d950e0bc97f386a060562/screenshot - {}
RESULT: {}
RESULT: {}
COMMAND: POST /session/6a89fb51866d950e0bc97f386a060562/actions - {"actions":[{"id":"action36","type":"key","parameters":{},"actions":[{"type":"keyDown","value":"î€‡"},{"type":"pause","duration":10},{"type":"keyUp","value":"î€‡"}]}]}
RESULT: {"actions":[{"id":"action36","type":"key","parameters":{},"actions":[{"type":"keyDown","value":"î€‡"},{"type":"pause","duration":10},{"type":"keyUp","value":"î€‡"}]}]}
COMMAND: GET /session/6a89fb51866d950e0bc97f386a060562/screenshot - {}
COMMAND: POST /session/6a89fb51866d950e0bc97f386a060562/element - {"using":"xpath","value":"//button[@data-kt=\"saveButton\"]"}
RESULT: {}
RESULT: {"using":"xpath","value":"//button[@data-kt=\"saveButton\"]"}
COMMAND: POST /session/6a89fb51866d950e0bc97f386a060562/element/f.A6EC5B81BA07351D57539A0094149B7C.d.842C1AFB11EBD79B69E480EFDC7A40C1.e.7113/click - {}
RESULT: {}
COMMAND: GET /session/6a89fb51866d950e0bc97f386a060562/screenshot - {}
RESULT: {}
COMMAND: POST /session/6a89fb51866d950e0bc97f386a060562/execute/async - {"script":"<script> [1562 bytes]","args":[{"selector":{"id":"contractDetailTitleNoExpanded","viewName":"etm.portal.ui.managecontracts.view.Detail"},"wdio_ui5_key":"contractDetailTitleNoExpandedetmportal.ui.managecontracts.view.Detail"}]}
RESULT: {"script":"<script> [1562 bytes]","args":[{"selector":{"id":"contractDetailTitleNoExpanded","viewName":"etm.portal.ui.managecontracts.view.Detail"},"wdio_ui5_key":"contractDetailTitleNoExpandedetmportal.ui.managecontracts.view.Detail"}]}
RESULT: undefined
COMMAND: POST /session/6a89fb51866d950e0bc97f386a060562/execute/async - {"script":"<script> [6424 bytes]","args":[{"element-6066-11e4-a52e-4f735466cecf":"f.A6EC5B81BA07351D57539A0094149B7C.d.842C1AFB11EBD79B69E480EFDC7A40C1.e.7133"},"getText",[]]}
RESULT: {"script":"<script> [6424 bytes]","args":[{"element-6066-11e4-a52e-4f735466cecf":"f.A6EC5B81BA07351D57539A0094149B7C.d.842C1AFB11EBD79B69E480EFDC7A40C1.e.7133"},"getText",[]]}
COMMAND: POST /session/6a89fb51866d950e0bc97f386a060562/execute/async - {"script":"<script> [1562 bytes]","args":[{"selector":{"id":"closeContractBtn","viewName":"etm.portal.ui.managecontracts.view.Detail"},"wdio_ui5_key":"closeContractBtnetmportal.ui.managecontracts.view.Detail"}]}
RESULT: {"script":"<script> [1562 bytes]","args":[{"selector":{"id":"closeContractBtn","viewName":"etm.portal.ui.managecontracts.view.Detail"},"wdio_ui5_key":"closeContractBtnetmportal.ui.managecontracts.view.Detail"}]}
RESULT: undefined
COMMAND: POST /session/6a89fb51866d950e0bc97f386a060562/execute/async - {"script":"<script> [6424 bytes]","args":[{"element-6066-11e4-a52e-4f735466cecf":"f.A6EC5B81BA07351D57539A0094149B7C.d.842C1AFB11EBD79B69E480EFDC7A40C1.e.7134"},"getEnabled",[]]}
RESULT: {"script":"<script> [6424 bytes]","args":[{"element-6066-11e4-a52e-4f735466cecf":"f.A6EC5B81BA07351D57539A0094149B7C.d.842C1AFB11EBD79B69E480EFDC7A40C1.e.7134"},"getEnabled",[]]}
COMMAND: POST /session/6a89fb51866d950e0bc97f386a060562/element - {"using":"xpath","value":"//button[@data-kt=\"contractDetailEditBtnButton\"]"}
RESULT: {"using":"xpath","value":"//button[@data-kt=\"contractDetailEditBtnButton\"]"}
COMMAND: POST /session/6a89fb51866d950e0bc97f386a060562/element/f.A6EC5B81BA07351D57539A0094149B7C.d.842C1AFB11EBD79B69E480EFDC7A40C1.e.7135/click - {}
RESULT: {}
COMMAND: GET /session/6a89fb51866d950e0bc97f386a060562/screenshot - {}
RESULT: {}
COMMAND: POST /session/6a89fb51866d950e0bc97f386a060562/element - {"using":"xpath","value":"(//span[contains(text(), \"Additional Addresses\")])[2]"}
RESULT: {"using":"xpath","value":"(//span[contains(text(), \"Additional Addresses\")])[2]"}
COMMAND: POST /session/6a89fb51866d950e0bc97f386a060562/element/f.A6EC5B81BA07351D57539A0094149B7C.d.842C1AFB11EBD79B69E480EFDC7A40C1.e.7196/click - {}
RESULT: {}
COMMAND: GET /session/6a89fb51866d950e0bc97f386a060562/screenshot - {}
RESULT: {}
COMMAND: POST /session/6a89fb51866d950e0bc97f386a060562/element - {"using":"xpath","value":"//button[@data-kt=\"btnAddTableRowOverflowToolbarButton\"]"}
RESULT: {"using":"xpath","value":"//button[@data-kt=\"btnAddTableRowOverflowToolbarButton\"]"}
COMMAND: POST /session/6a89fb51866d950e0bc97f386a060562/element/f.A6EC5B81BA07351D57539A0094149B7C.d.842C1AFB11EBD79B69E480EFDC7A40C1.e.7198/click - {}
RESULT: {}
COMMAND: GET /session/6a89fb51866d950e0bc97f386a060562/screenshot - {}
RESULT: {}
COMMAND: POST /session/6a89fb51866d950e0bc97f386a060562/element - {"using":"xpath","value":"//div[(text() = 'Standard Entry' or . = 'Standard Entry')]"}
RESULT: {"using":"xpath","value":"//div[(text() = 'Standard Entry' or . = 'Standard Entry')]"}
COMMAND: POST /session/6a89fb51866d950e0bc97f386a060562/element/f.A6EC5B81BA07351D57539A0094149B7C.d.842C1AFB11EBD79B69E480EFDC7A40C1.e.7200/click - {}
RESULT: {}
COMMAND: POST /session/6a89fb51866d950e0bc97f386a060562/element - {"using":"xpath","value":"//td[6]/div/div/input[1]"}
COMMAND: GET /session/6a89fb51866d950e0bc97f386a060562/screenshot - {}
RESULT: {"using":"xpath","value":"//td[6]/div/div/input[1]"}
COMMAND: POST /session/6a89fb51866d950e0bc97f386a060562/element/f.A6EC5B81BA07351D57539A0094149B7C.d.842C1AFB11EBD79B69E480EFDC7A40C1.e.7202/click - {}
RESULT: {}
RESULT: {}
COMMAND: POST /session/6a89fb51866d950e0bc97f386a060562/actions - {"actions":[{"id":"action37","type":"key","parameters":{},"actions":[{"type":"keyDown","value":"î€ƒ"},{"type":"pause","duration":10},{"type":"keyUp","value":"î€ƒ"}]}]}
COMMAND: GET /session/6a89fb51866d950e0bc97f386a060562/screenshot - {}
RESULT: {"actions":[{"id":"action37","type":"key","parameters":{},"actions":[{"type":"keyDown","value":"î€ƒ"},{"type":"pause","duration":10},{"type":"keyUp","value":"î€ƒ"}]}]}
COMMAND: POST /session/6a89fb51866d950e0bc97f386a060562/element - {"using":"xpath","value":"//td[6]/div/div/input[1]"}
COMMAND: GET /session/6a89fb51866d950e0bc97f386a060562/screenshot - {}
RESULT: {}
RESULT: {"using":"xpath","value":"//td[6]/div/div/input[1]"}
COMMAND: POST /session/6a89fb51866d950e0bc97f386a060562/element/f.A6EC5B81BA07351D57539A0094149B7C.d.842C1AFB11EBD79B69E480EFDC7A40C1.e.7202/clear - {}
RESULT: {}
RESULT: {}
COMMAND: POST /session/6a89fb51866d950e0bc97f386a060562/element/f.A6EC5B81BA07351D57539A0094149B7C.d.842C1AFB11EBD79B69E480EFDC7A40C1.e.7202/value - {"text":"Material"}
COMMAND: GET /session/6a89fb51866d950e0bc97f386a060562/screenshot - {}
RESULT: {"text":"Material"}
COMMAND: GET /session/6a89fb51866d950e0bc97f386a060562/screenshot - {}
RESULT: {}
RESULT: {}
COMMAND: POST /session/6a89fb51866d950e0bc97f386a060562/actions - {"actions":[{"id":"action38","type":"key","parameters":{},"actions":[{"type":"keyDown","value":"î€‡"},{"type":"pause","duration":10},{"type":"keyUp","value":"î€‡"}]}]}
RESULT: {"actions":[{"id":"action38","type":"key","parameters":{},"actions":[{"type":"keyDown","value":"î€‡"},{"type":"pause","duration":10},{"type":"keyUp","value":"î€‡"}]}]}
COMMAND: GET /session/6a89fb51866d950e0bc97f386a060562/screenshot - {}
RESULT: {}
COMMAND: POST /session/6a89fb51866d950e0bc97f386a060562/actions - {"actions":[{"id":"action39","type":"key","parameters":{},"actions":[{"type":"keyDown","value":"î€‡"},{"type":"pause","duration":10},{"type":"keyUp","value":"î€‡"}]}]}
RESULT: {"actions":[{"id":"action39","type":"key","parameters":{},"actions":[{"type":"keyDown","value":"î€‡"},{"type":"pause","duration":10},{"type":"keyUp","value":"î€‡"}]}]}
COMMAND: POST /session/6a89fb51866d950e0bc97f386a060562/element - {"using":"xpath","value":"//td[7]/div/div/input"}
COMMAND: GET /session/6a89fb51866d950e0bc97f386a060562/screenshot - {}
RESULT: {"using":"xpath","value":"//td[7]/div/div/input"}
COMMAND: POST /session/6a89fb51866d950e0bc97f386a060562/element/f.A6EC5B81BA07351D57539A0094149B7C.d.842C1AFB11EBD79B69E480EFDC7A40C1.e.7215/clear - {}
RESULT: {}
RESULT: {}
COMMAND: POST /session/6a89fb51866d950e0bc97f386a060562/element/f.A6EC5B81BA07351D57539A0094149B7C.d.842C1AFB11EBD79B69E480EFDC7A40C1.e.7215/value - {"text":"WebdriverRUR2Csk9oq"}
COMMAND: GET /session/6a89fb51866d950e0bc97f386a060562/screenshot - {}
RESULT: {"text":"WebdriverRUR2Csk9oq"}
COMMAND: GET /session/6a89fb51866d950e0bc97f386a060562/screenshot - {}
RESULT: {}
RESULT: {}
COMMAND: POST /session/6a89fb51866d950e0bc97f386a060562/actions - {"actions":[{"id":"action40","type":"key","parameters":{},"actions":[{"type":"keyDown","value":"î€‡"},{"type":"pause","duration":10},{"type":"keyUp","value":"î€‡"}]}]}
RESULT: {"actions":[{"id":"action40","type":"key","parameters":{},"actions":[{"type":"keyDown","value":"î€‡"},{"type":"pause","duration":10},{"type":"keyUp","value":"î€‡"}]}]}
COMMAND: GET /session/6a89fb51866d950e0bc97f386a060562/screenshot - {}
RESULT: {}
COMMAND: POST /session/6a89fb51866d950e0bc97f386a060562/actions - {"actions":[{"id":"action41","type":"key","parameters":{},"actions":[{"type":"keyDown","value":"î€‡"},{"type":"pause","duration":10},{"type":"keyUp","value":"î€‡"}]}]}
RESULT: {"actions":[{"id":"action41","type":"key","parameters":{},"actions":[{"type":"keyDown","value":"î€‡"},{"type":"pause","duration":10},{"type":"keyUp","value":"î€‡"}]}]}
COMMAND: GET /session/6a89fb51866d950e0bc97f386a060562/screenshot - {}
RESULT: {}
COMMAND: POST /session/6a89fb51866d950e0bc97f386a060562/element - {"using":"xpath","value":"(//button[@data-kt=\"saveButton\"])[2]"}
RESULT: {"using":"xpath","value":"(//button[@data-kt=\"saveButton\"])[2]"}
COMMAND: POST /session/6a89fb51866d950e0bc97f386a060562/element/f.A6EC5B81BA07351D57539A0094149B7C.d.842C1AFB11EBD79B69E480EFDC7A40C1.e.7241/click - {}
RESULT: {}
COMMAND: GET /session/6a89fb51866d950e0bc97f386a060562/screenshot - {}
RESULT: {}
]]></system-out>
    </testcase>
    <testcase classname="chrome.135_0_7049_115.windows.Standard_contract_close-reopen_US111278" name="It should close the contract" time="25.045">
      <system-out><![CDATA[
RESULT: undefined
COMMAND: POST /session/6a89fb51866d950e0bc97f386a060562/element - {"using":"xpath","value":"//*[@id=\"__xmlview64--closeContractBtn\"]"}
RESULT: {"using":"xpath","value":"//*[@id=\"__xmlview64--closeContractBtn\"]"}
COMMAND: POST /session/6a89fb51866d950e0bc97f386a060562/element/f.A6EC5B81BA07351D57539A0094149B7C.d.842C1AFB11EBD79B69E480EFDC7A40C1.e.7134/click - {}
RESULT: {}
COMMAND: GET /session/6a89fb51866d950e0bc97f386a060562/screenshot - {}
RESULT: {}
COMMAND: POST /session/6a89fb51866d950e0bc97f386a060562/element - {"using":"xpath","value":"//span[contains(text(), \"Do you want to close the whole contract?\")]"}
RESULT: {"using":"xpath","value":"//span[contains(text(), \"Do you want to close the whole contract?\")]"}
COMMAND: POST /session/6a89fb51866d950e0bc97f386a060562/execute/sync - {"script":"<script> [8489 bytes]","args":[{"element-6066-11e4-a52e-4f735466cecf":"f.A6EC5B81BA07351D57539A0094149B7C.d.842C1AFB11EBD79B69E480EFDC7A40C1.e.7245","ELEMENT":"f.A6EC5B81BA07351D57539A0094149B7C.d.842C1AFB11EBD79B69E480EFDC7A40C1.e.7245"}]}
RESULT: {"script":"<script> [8489 bytes]","args":[{"element-6066-11e4-a52e-4f735466cecf":"f.A6EC5B81BA07351D57539A0094149B7C.d.842C1AFB11EBD79B69E480EFDC7A40C1.e.7245","ELEMENT":"f.A6EC5B81BA07351D57539A0094149B7C.d.842C1AFB11EBD79B69E480EFDC7A40C1.e.7245"}]}
COMMAND: POST /session/6a89fb51866d950e0bc97f386a060562/element - {"using":"xpath","value":"//bdi[contains(text(), \"OK\")]"}
COMMAND: GET /session/6a89fb51866d950e0bc97f386a060562/screenshot - {}
RESULT: {"using":"xpath","value":"//bdi[contains(text(), \"OK\")]"}
COMMAND: POST /session/6a89fb51866d950e0bc97f386a060562/element/f.A6EC5B81BA07351D57539A0094149B7C.d.842C1AFB11EBD79B69E480EFDC7A40C1.e.7246/click - {}
RESULT: {}
RESULT: {}
COMMAND: GET /session/6a89fb51866d950e0bc97f386a060562/screenshot - {}
RESULT: {}
COMMAND: POST /session/6a89fb51866d950e0bc97f386a060562/element - {"using":"xpath","value":"//input[contains(@id ,\"smartContractFilterBar-btnBasicSearch-I\")]"}
RESULT: {"using":"xpath","value":"//input[contains(@id ,\"smartContractFilterBar-btnBasicSearch-I\")]"}
COMMAND: POST /session/6a89fb51866d950e0bc97f386a060562/element/f.A6EC5B81BA07351D57539A0094149B7C.d.842C1AFB11EBD79B69E480EFDC7A40C1.e.6782/clear - {}
RESULT: {}
COMMAND: POST /session/6a89fb51866d950e0bc97f386a060562/element/f.A6EC5B81BA07351D57539A0094149B7C.d.842C1AFB11EBD79B69E480EFDC7A40C1.e.6782/value - {"text":"10595"}
COMMAND: GET /session/6a89fb51866d950e0bc97f386a060562/screenshot - {}
RESULT: {"text":"10595"}
COMMAND: POST /session/6a89fb51866d950e0bc97f386a060562/actions - {"actions":[{"id":"action42","type":"key","parameters":{},"actions":[{"type":"keyDown","value":"î€‡"},{"type":"pause","duration":10},{"type":"keyUp","value":"î€‡"}]}]}
COMMAND: GET /session/6a89fb51866d950e0bc97f386a060562/screenshot - {}
RESULT: {}
RESULT: {"actions":[{"id":"action42","type":"key","parameters":{},"actions":[{"type":"keyDown","value":"î€‡"},{"type":"pause","duration":10},{"type":"keyUp","value":"î€‡"}]}]}
COMMAND: GET /session/6a89fb51866d950e0bc97f386a060562/screenshot - {}
RESULT: {}
RESULT: {}
COMMAND: POST /session/6a89fb51866d950e0bc97f386a060562/execute/async - {"script":"<script> [1562 bytes]","args":[{"selector":{"controlType":"sap.ui.core.Icon","viewName":"etm.portal.ui.managecontracts.view.Master","properties":{"src":{"regex":{"source":"slim\\-arrow\\-right"}}}},"wdio_ui5_key":"etmportal.ui.managecontracts.view.Mastersap.ui.core.Icon{\"src\":{\"regex\":{\"source\":\"slim\\\\-arrow\\\\-right\"}}}"}]}
RESULT: {"script":"<script> [1562 bytes]","args":[{"selector":{"controlType":"sap.ui.core.Icon","viewName":"etm.portal.ui.managecontracts.view.Master","properties":{"src":{"regex":{"source":"slim\\-arrow\\-right"}}}},"wdio_ui5_key":"etmportal.ui.managecontracts.view.Mastersap.ui.core.Icon{\"src\":{\"regex\":{\"source\":\"slim\\\\-arrow\\\\-right\"}}}"}]}
RESULT: undefined
COMMAND: POST /session/6a89fb51866d950e0bc97f386a060562/element - {"using":"xpath","value":"//*[@id=\"__item129-__clone9559-imgNav\"]"}
RESULT: {"using":"xpath","value":"//*[@id=\"__item129-__clone9559-imgNav\"]"}
COMMAND: POST /session/6a89fb51866d950e0bc97f386a060562/element/f.A6EC5B81BA07351D57539A0094149B7C.d.842C1AFB11EBD79B69E480EFDC7A40C1.e.7469/click - {}
RESULT: {}
COMMAND: POST /session/6a89fb51866d950e0bc97f386a060562/execute/async - {"script":"<script> [1562 bytes]","args":[{"selector":{"controlType":"sap.m.ObjectStatus","viewName":"etm.portal.ui.managecontracts.view.Detail","bindingPath":{"propertyPath":"LINK_TO_LOGISTICAL_STATUS/DESCRIPTION","modelName":"catalogModel"}},"wdio_ui5_key":"etmportal.ui.managecontracts.view.Detailsap.m.ObjectStatus{\"propertyPath\":\"LINK_TO_LOGISTICAL_STATUS/DESCRIPTION\",\"modelName\":\"catalogModel\"}"}]}
COMMAND: GET /session/6a89fb51866d950e0bc97f386a060562/screenshot - {}
RESULT: {"script":"<script> [1562 bytes]","args":[{"selector":{"controlType":"sap.m.ObjectStatus","viewName":"etm.portal.ui.managecontracts.view.Detail","bindingPath":{"propertyPath":"LINK_TO_LOGISTICAL_STATUS/DESCRIPTION","modelName":"catalogModel"}},"wdio_ui5_key":"etmportal.ui.managecontracts.view.Detailsap.m.ObjectStatus{\"propertyPath\":\"LINK_TO_LOGISTICAL_STATUS/DESCRIPTION\",\"modelName\":\"catalogModel\"}"}]}
RESULT: undefined
COMMAND: POST /session/6a89fb51866d950e0bc97f386a060562/execute/async - {"script":"<script> [6424 bytes]","args":[{"element-6066-11e4-a52e-4f735466cecf":"f.A6EC5B81BA07351D57539A0094149B7C.d.842C1AFB11EBD79B69E480EFDC7A40C1.e.7513"},"getText",[]]}
RESULT: {}
RESULT: {"script":"<script> [6424 bytes]","args":[{"element-6066-11e4-a52e-4f735466cecf":"f.A6EC5B81BA07351D57539A0094149B7C.d.842C1AFB11EBD79B69E480EFDC7A40C1.e.7513"},"getText",[]]}
]]></system-out>
    </testcase>
    <testcase classname="chrome.135_0_7049_115.windows.Standard_contract_close-reopen_US111278" name="Should reopen the contract" time="11.053">
      <system-out><![CDATA[
COMMAND: POST /session/6a89fb51866d950e0bc97f386a060562/execute/async - {"script":"<script> [1562 bytes]","args":[{"selector":{"id":"openContractBtn","viewName":"etm.portal.ui.managecontracts.view.Detail"},"wdio_ui5_key":"openContractBtnetmportal.ui.managecontracts.view.Detail"}]}
RESULT: {"script":"<script> [1562 bytes]","args":[{"selector":{"id":"openContractBtn","viewName":"etm.portal.ui.managecontracts.view.Detail"},"wdio_ui5_key":"openContractBtnetmportal.ui.managecontracts.view.Detail"}]}
RESULT: undefined
COMMAND: POST /session/6a89fb51866d950e0bc97f386a060562/execute/async - {"script":"<script> [6424 bytes]","args":[{"element-6066-11e4-a52e-4f735466cecf":"f.A6EC5B81BA07351D57539A0094149B7C.d.842C1AFB11EBD79B69E480EFDC7A40C1.e.7492"},"getEnabled",[]]}
RESULT: {"script":"<script> [6424 bytes]","args":[{"element-6066-11e4-a52e-4f735466cecf":"f.A6EC5B81BA07351D57539A0094149B7C.d.842C1AFB11EBD79B69E480EFDC7A40C1.e.7492"},"getEnabled",[]]}
COMMAND: POST /session/6a89fb51866d950e0bc97f386a060562/element - {"using":"xpath","value":"//bdi[contains(text(), \"Edit\")]"}
RESULT: {"using":"xpath","value":"//bdi[contains(text(), \"Edit\")]"}
COMMAND: POST /session/6a89fb51866d950e0bc97f386a060562/element - {"using":"xpath","value":"//bdi[contains(text(), \"Edit\")]"}
RESULT: undefined
COMMAND: POST /session/6a89fb51866d950e0bc97f386a060562/element - {"using":"xpath","value":"//*[@id=\"__xmlview64--openContractBtn\"]"}
RESULT: {"using":"xpath","value":"//bdi[contains(text(), \"Edit\")]"}
RESULT: {"using":"xpath","value":"//*[@id=\"__xmlview64--openContractBtn\"]"}
COMMAND: POST /session/6a89fb51866d950e0bc97f386a060562/element/f.A6EC5B81BA07351D57539A0094149B7C.d.842C1AFB11EBD79B69E480EFDC7A40C1.e.7492/click - {}
RESULT: {}
COMMAND: POST /session/6a89fb51866d950e0bc97f386a060562/execute/async - {"script":"<script> [1562 bytes]","args":[{"selector":{"controlType":"sap.m.Text","properties":{"text":"Contract has been reopened successfully"},"searchOpenDialogs":true},"wdio_ui5_key":"sapm.Text{\"text\":\"Contract has been reopened successfully\"}"}]}
COMMAND: GET /session/6a89fb51866d950e0bc97f386a060562/screenshot - {}
RESULT: {"script":"<script> [1562 bytes]","args":[{"selector":{"controlType":"sap.m.Text","properties":{"text":"Contract has been reopened successfully"},"searchOpenDialogs":true},"wdio_ui5_key":"sapm.Text{\"text\":\"Contract has been reopened successfully\"}"}]}
RESULT: undefined
COMMAND: POST /session/6a89fb51866d950e0bc97f386a060562/execute/async - {"script":"<script> [6424 bytes]","args":[{"element-6066-11e4-a52e-4f735466cecf":"f.A6EC5B81BA07351D57539A0094149B7C.d.842C1AFB11EBD79B69E480EFDC7A40C1.e.7515"},"getText",[]]}
RESULT: {}
RESULT: {"script":"<script> [6424 bytes]","args":[{"element-6066-11e4-a52e-4f735466cecf":"f.A6EC5B81BA07351D57539A0094149B7C.d.842C1AFB11EBD79B69E480EFDC7A40C1.e.7515"},"getText",[]]}
COMMAND: POST /session/6a89fb51866d950e0bc97f386a060562/element - {"using":"xpath","value":"//bdi[contains(text(), \"OK\")]"}
RESULT: {"using":"xpath","value":"//bdi[contains(text(), \"OK\")]"}
COMMAND: POST /session/6a89fb51866d950e0bc97f386a060562/element/f.A6EC5B81BA07351D57539A0094149B7C.d.842C1AFB11EBD79B69E480EFDC7A40C1.e.7517/click - {}
RESULT: {}
COMMAND: GET /session/6a89fb51866d950e0bc97f386a060562/screenshot - {}
RESULT: {}
COMMAND: POST /session/6a89fb51866d950e0bc97f386a060562/element - {"using":"xpath","value":"//bdi[contains(text(), \"Edit\")]"}
RESULT: undefined
COMMAND: POST /session/6a89fb51866d950e0bc97f386a060562/execute/async - {"script":"<script> [6424 bytes]","args":[{"element-6066-11e4-a52e-4f735466cecf":"f.A6EC5B81BA07351D57539A0094149B7C.d.842C1AFB11EBD79B69E480EFDC7A40C1.e.7134"},"getEnabled",[]]}
RESULT: {"using":"xpath","value":"//bdi[contains(text(), \"Edit\")]"}
COMMAND: POST /session/6a89fb51866d950e0bc97f386a060562/execute/sync - {"script":"<script> [8489 bytes]","args":[{"element-6066-11e4-a52e-4f735466cecf":"f.A6EC5B81BA07351D57539A0094149B7C.d.842C1AFB11EBD79B69E480EFDC7A40C1.e.7518","ELEMENT":"f.A6EC5B81BA07351D57539A0094149B7C.d.842C1AFB11EBD79B69E480EFDC7A40C1.e.7518"}]}
COMMAND: POST /session/6a89fb51866d950e0bc97f386a060562/execute/async - {"script":"<script> [1562 bytes]","args":[{"selector":{"id":"closeContractBtn","viewName":"etm.portal.ui.managecontracts.view.Detail"},"wdio_ui5_key":"closeContractBtnetmportal.ui.managecontracts.view.Detail"}]}
RESULT: {"script":"<script> [8489 bytes]","args":[{"element-6066-11e4-a52e-4f735466cecf":"f.A6EC5B81BA07351D57539A0094149B7C.d.842C1AFB11EBD79B69E480EFDC7A40C1.e.7518","ELEMENT":"f.A6EC5B81BA07351D57539A0094149B7C.d.842C1AFB11EBD79B69E480EFDC7A40C1.e.7518"}]}
COMMAND: GET /session/6a89fb51866d950e0bc97f386a060562/screenshot - {}
RESULT: {"script":"<script> [1562 bytes]","args":[{"selector":{"id":"closeContractBtn","viewName":"etm.portal.ui.managecontracts.view.Detail"},"wdio_ui5_key":"closeContractBtnetmportal.ui.managecontracts.view.Detail"}]}
COMMAND: POST /session/6a89fb51866d950e0bc97f386a060562/execute/async - {"script":"<script> [6424 bytes]","args":[{"element-6066-11e4-a52e-4f735466cecf":"f.A6EC5B81BA07351D57539A0094149B7C.d.842C1AFB11EBD79B69E480EFDC7A40C1.e.7519"},"getEnabled",[]]}
RESULT: {}
RESULT: {"script":"<script> [6424 bytes]","args":[{"element-6066-11e4-a52e-4f735466cecf":"f.A6EC5B81BA07351D57539A0094149B7C.d.842C1AFB11EBD79B69E480EFDC7A40C1.e.7519"},"getEnabled",[]]}
]]></system-out>
    </testcase>
    <testcase classname="chrome.135_0_7049_115.windows.Standard_contract_close-reopen_US111278" name="Should verify for multiple statuses that open button is not visible" time="100.095">
      <system-out><![CDATA[
COMMAND: POST /session/6a89fb51866d950e0bc97f386a060562/execute/async - {"script":"<script> [1562 bytes]","args":[{"selector":{"controlType":"sap.ui.core.Icon","viewName":"etm.portal.ui.managecontracts.view.Detail","properties":{"src":{"regex":{"source":"decline"}}}},"wdio_ui5_key":"etmportal.ui.managecontracts.view.Detailsap.ui.core.Icon{\"src\":{\"regex\":{\"source\":\"decline\"}}}"}]}
RESULT: {"script":"<script> [1562 bytes]","args":[{"selector":{"controlType":"sap.ui.core.Icon","viewName":"etm.portal.ui.managecontracts.view.Detail","properties":{"src":{"regex":{"source":"decline"}}}},"wdio_ui5_key":"etmportal.ui.managecontracts.view.Detailsap.ui.core.Icon{\"src\":{\"regex\":{\"source\":\"decline\"}}}"}]}
RESULT: undefined
COMMAND: POST /session/6a89fb51866d950e0bc97f386a060562/element - {"using":"xpath","value":"//*[@id=\"__xmlview64--closeColumnBtn-img\"]"}
RESULT: {"using":"xpath","value":"//*[@id=\"__xmlview64--closeColumnBtn-img\"]"}
COMMAND: POST /session/6a89fb51866d950e0bc97f386a060562/element/f.A6EC5B81BA07351D57539A0094149B7C.d.842C1AFB11EBD79B69E480EFDC7A40C1.e.7488/click - {}
RESULT: {}
COMMAND: GET /session/6a89fb51866d950e0bc97f386a060562/screenshot - {}
COMMAND: POST /session/6a89fb51866d950e0bc97f386a060562/element - {"using":"xpath","value":"//div[contains(@id ,\"smartContractFilterBar-btnBasicSearch-reset\")]"}
RESULT: {}
RESULT: {"using":"xpath","value":"//div[contains(@id ,\"smartContractFilterBar-btnBasicSearch-reset\")]"}
COMMAND: POST /session/6a89fb51866d950e0bc97f386a060562/element/f.A6EC5B81BA07351D57539A0094149B7C.d.842C1AFB11EBD79B69E480EFDC7A40C1.e.7491/click - {}
RESULT: {}
COMMAND: GET /session/6a89fb51866d950e0bc97f386a060562/screenshot - {}
COMMAND: POST /session/6a89fb51866d950e0bc97f386a060562/execute/async - {"script":"<script> [1562 bytes]","args":[{"selector":{"controlType":"sap.ui.core.Icon","viewName":"etm.portal.ui.managecontracts.view.Master","properties":{"src":{"regex":{"source":"slim\\-arrow\\-down"}}},"ancestor":{"id":"smartContractStatusFilter","viewName":"etm.portal.ui.managecontracts.view.Master"}},"wdio_ui5_key":"etmportal.ui.managecontracts.view.Mastersap.ui.core.Icon{\"src\":{\"regex\":{\"source\":\"slim\\\\-arrow\\\\-down\"}}}{\"id\":\"smartContractStatusFilter\",\"viewName\":\"etm.portal.ui.managecontracts.view.Master\"}"}]}
RESULT: {}
RESULT: {"script":"<script> [1562 bytes]","args":[{"selector":{"controlType":"sap.ui.core.Icon","viewName":"etm.portal.ui.managecontracts.view.Master","properties":{"src":{"regex":{"source":"slim\\-arrow\\-down"}}},"ancestor":{"id":"smartContractStatusFilter","viewName":"etm.portal.ui.managecontracts.view.Master"}},"wdio_ui5_key":"etmportal.ui.managecontracts.view.Mastersap.ui.core.Icon{\"src\":{\"regex\":{\"source\":\"slim\\\\-arrow\\\\-down\"}}}{\"id\":\"smartContractStatusFilter\",\"viewName\":\"etm.portal.ui.managecontracts.view.Master\"}"}]}
RESULT: undefined
COMMAND: POST /session/6a89fb51866d950e0bc97f386a060562/element - {"using":"xpath","value":"//*[@id=\"__xmlview63--smartContractStatusFilter-arrow\"]"}
RESULT: {"using":"xpath","value":"//*[@id=\"__xmlview63--smartContractStatusFilter-arrow\"]"}
COMMAND: POST /session/6a89fb51866d950e0bc97f386a060562/element/f.A6EC5B81BA07351D57539A0094149B7C.d.842C1AFB11EBD79B69E480EFDC7A40C1.e.7555/click - {}
RESULT: {}
COMMAND: POST /session/6a89fb51866d950e0bc97f386a060562/execute/async - {"script":"<script> [1562 bytes]","args":[{"selector":{"controlType":"sap.m.CheckBox","viewName":"etm.portal.ui.managecontracts.view.Master","properties":{"editable":true},"searchOpenDialogs":true,"ancestor":{"controlType":"sap.m.StandardListItem","viewName":"etm.portal.ui.managecontracts.view.Master","properties":{"title":"partial provided"},"searchOpenDialogs":true},"interaction":{"idSuffix":"CbBg"}},"wdio_ui5_key":"etmportal.ui.managecontracts.view.Mastersap.m.CheckBox{\"editable\":true}{\"controlType\":\"sap.m.StandardListItem\",\"viewName\":\"etm.portal.ui.managecontracts.view.Master\",\"properties\":{\"title\":\"partial provided\"},\"searchOpenDialogs\":true}"}]}
COMMAND: GET /session/6a89fb51866d950e0bc97f386a060562/screenshot - {}
RESULT: {"script":"<script> [1562 bytes]","args":[{"selector":{"controlType":"sap.m.CheckBox","viewName":"etm.portal.ui.managecontracts.view.Master","properties":{"editable":true},"searchOpenDialogs":true,"ancestor":{"controlType":"sap.m.StandardListItem","viewName":"etm.portal.ui.managecontracts.view.Master","properties":{"title":"partial provided"},"searchOpenDialogs":true},"interaction":{"idSuffix":"CbBg"}},"wdio_ui5_key":"etmportal.ui.managecontracts.view.Mastersap.m.CheckBox{\"editable\":true}{\"controlType\":\"sap.m.StandardListItem\",\"viewName\":\"etm.portal.ui.managecontracts.view.Master\",\"properties\":{\"title\":\"partial provided\"},\"searchOpenDialogs\":true}"}]}
RESULT: undefined
COMMAND: POST /session/6a89fb51866d950e0bc97f386a060562/element - {"using":"xpath","value":"//*[@id=\"__item3229-selectMulti\"]"}
RESULT: {}
RESULT: {"using":"xpath","value":"//*[@id=\"__item3229-selectMulti\"]"}
COMMAND: POST /session/6a89fb51866d950e0bc97f386a060562/element/f.A6EC5B81BA07351D57539A0094149B7C.d.842C1AFB11EBD79B69E480EFDC7A40C1.e.7564/click - {}
RESULT: {}
COMMAND: GET /session/6a89fb51866d950e0bc97f386a060562/screenshot - {}
RESULT: {}
COMMAND: POST /session/6a89fb51866d950e0bc97f386a060562/element - {"using":"xpath","value":"(//span[contains(@title ,\"Navigation\")])[2]"}
RESULT: {"using":"xpath","value":"(//span[contains(@title ,\"Navigation\")])[2]"}
COMMAND: POST /session/6a89fb51866d950e0bc97f386a060562/element/f.A6EC5B81BA07351D57539A0094149B7C.d.842C1AFB11EBD79B69E480EFDC7A40C1.e.7583/click - {}
RESULT: {}
COMMAND: GET /session/6a89fb51866d950e0bc97f386a060562/screenshot - {}
RESULT: {}
COMMAND: POST /session/6a89fb51866d950e0bc97f386a060562/element - {"using":"xpath","value":"//bdi[contains(@id ,\"closeContractBtn-BDI-content\")]"}
RESULT: {"using":"xpath","value":"//bdi[contains(@id ,\"closeContractBtn-BDI-content\")]"}
COMMAND: POST /session/6a89fb51866d950e0bc97f386a060562/execute/sync - {"script":"<script> [8489 bytes]","args":[{"element-6066-11e4-a52e-4f735466cecf":"f.A6EC5B81BA07351D57539A0094149B7C.d.842C1AFB11EBD79B69E480EFDC7A40C1.e.7772","ELEMENT":"f.A6EC5B81BA07351D57539A0094149B7C.d.842C1AFB11EBD79B69E480EFDC7A40C1.e.7772"}]}
RESULT: undefined
COMMAND: POST /session/6a89fb51866d950e0bc97f386a060562/element - {"using":"xpath","value":"//*[@id=\"__xmlview64--closeColumnBtn-img\"]"}
RESULT: {"script":"<script> [8489 bytes]","args":[{"element-6066-11e4-a52e-4f735466cecf":"f.A6EC5B81BA07351D57539A0094149B7C.d.842C1AFB11EBD79B69E480EFDC7A40C1.e.7772","ELEMENT":"f.A6EC5B81BA07351D57539A0094149B7C.d.842C1AFB11EBD79B69E480EFDC7A40C1.e.7772"}]}
COMMAND: GET /session/6a89fb51866d950e0bc97f386a060562/screenshot - {}
RESULT: {"using":"xpath","value":"//*[@id=\"__xmlview64--closeColumnBtn-img\"]"}
COMMAND: POST /session/6a89fb51866d950e0bc97f386a060562/element/f.A6EC5B81BA07351D57539A0094149B7C.d.842C1AFB11EBD79B69E480EFDC7A40C1.e.7488/click - {}
RESULT: {}
COMMAND: POST /session/6a89fb51866d950e0bc97f386a060562/execute/sync - {"script":"<script> [8489 bytes]","args":[{"element-6066-11e4-a52e-4f735466cecf":"f.A6EC5B81BA07351D57539A0094149B7C.d.842C1AFB11EBD79B69E480EFDC7A40C1.e.7772","ELEMENT":"f.A6EC5B81BA07351D57539A0094149B7C.d.842C1AFB11EBD79B69E480EFDC7A40C1.e.7772"}]}
COMMAND: POST /session/6a89fb51866d950e0bc97f386a060562/element - {"using":"xpath","value":"//bdi[contains(@id ,\"closeContractBtn-BDI-content\")]"}
RESULT: {}
COMMAND: GET /session/6a89fb51866d950e0bc97f386a060562/screenshot - {}
RESULT: {"using":"xpath","value":"//bdi[contains(@id ,\"closeContractBtn-BDI-content\")]"}
COMMAND: POST /session/6a89fb51866d950e0bc97f386a060562/element - {"using":"xpath","value":"//bdi[contains(@id ,\"closeContractBtn-BDI-content\")]"}
RESULT: {}
RESULT: {"using":"xpath","value":"//bdi[contains(@id ,\"closeContractBtn-BDI-content\")]"}
COMMAND: POST /session/6a89fb51866d950e0bc97f386a060562/refresh - {}
RESULT: {}
COMMAND: GET /session/6a89fb51866d950e0bc97f386a060562/screenshot - {}
RESULT: {}
COMMAND: POST /session/6a89fb51866d950e0bc97f386a060562/execute/async - {"script":"<script> [189 bytes]","args":[]}
RESULT: {"script":"<script> [189 bytes]","args":[]}
COMMAND: POST /session/6a89fb51866d950e0bc97f386a060562/execute/async - {"script":"<script> [123 bytes]","args":[]}
RESULT: {"script":"<script> [123 bytes]","args":[]}
COMMAND: POST /session/6a89fb51866d950e0bc97f386a060562/timeouts - {"script":"<number>"}
RESULT: {"script":"<number>"}
COMMAND: GET /session/6a89fb51866d950e0bc97f386a060562/timeouts - {}
RESULT: {}
RESULT: undefined
COMMAND: POST /session/6a89fb51866d950e0bc97f386a060562/execute/async - {"script":"<script> [2676 bytes]","args":[]}
RESULT: {"script":"<script> [2676 bytes]","args":[]}
COMMAND: POST /session/6a89fb51866d950e0bc97f386a060562/execute/async - {"script":"<script> [2342 bytes]","args":[{"protocol":"http","hostname":"0.0.0.0","path":"/","capabilities":{"browserName":"chrome","goog:chromeOptions":{"binary":"C:\\Program Files\\Google\\Chrome\\Application\\chrome.exe","args":["--start-maximized"]}},"logLevel":"warn","connectionRetryTimeout":120000,"connectionRetryCount":3,"logLevels":{},"enableDirectConnect":true,"strictSSL":true,"_":"65 more keys: [\"cacheDir\",\"port\",\"requestedCapabilities\",\"automationProtocol\",\"baseUrl\",\"waitforInterval\",\"waitforTimeout\",\"onReload\",\"beforeCommand\",\"afterCommand\",\"rootDir\",\"specs\",\"suites\",\"exclude\",\"groupLogsByTestSpec\",\"excludeDriverLogs\",\"bail\",\"framework\",\"reporters\",\"services\",\"maxInstances\",\"maxInstancesPerCapability\",\"injectGlobals\",\"filesToWatch\",\"execArgv\",\"runnerEnv\",\"runner\",\"shard\",\"specFileRetries\",\"specFileRetriesDelay\",\"specFileRetriesDeferred\",\"reporterSyncInterval\",\"reporterSyncTimeout\",\"cucumberFeaturesWithLineNumbers\",\"autoCompileOpts\",\"mochaOpts\",\"jasmineOpts\",\"cucumberOpts\",\"onPrepare\",\"onWorkerStart\",\"onWorkerEnd\",\"before\",\"beforeSession\",\"beforeSuite\",\"beforeHook\",\"beforeTest\",\"afterTest\",\"afterHook\",\"afterSuite\",\"afterSession\",\"after\",\"onComplete\",\"beforeAssertion\",\"afterAssertion\",\"beforeFeature\",\"beforeScenario\",\"beforeStep\",\"afterStep\",\"afterScenario\",\"afterFeature\",\"_\",\"suite\",\"$0\",\"ignoredWorkerServices\",\"wdi5\"]"}]}
RESULT: {"script":"<script> [2342 bytes]","args":[{"protocol":"http","hostname":"0.0.0.0","path":"/","capabilities":{"browserName":"chrome","goog:chromeOptions":{"binary":"C:\\Program Files\\Google\\Chrome\\Application\\chrome.exe","args":["--start-maximized"]}},"logLevel":"warn","connectionRetryTimeout":120000,"connectionRetryCount":3,"logLevels":{},"enableDirectConnect":true,"strictSSL":true,"_":"65 more keys: [\"cacheDir\",\"port\",\"requestedCapabilities\",\"automationProtocol\",\"baseUrl\",\"waitforInterval\",\"waitforTimeout\",\"onReload\",\"beforeCommand\",\"afterCommand\",\"rootDir\",\"specs\",\"suites\",\"exclude\",\"groupLogsByTestSpec\",\"excludeDriverLogs\",\"bail\",\"framework\",\"reporters\",\"services\",\"maxInstances\",\"maxInstancesPerCapability\",\"injectGlobals\",\"filesToWatch\",\"execArgv\",\"runnerEnv\",\"runner\",\"shard\",\"specFileRetries\",\"specFileRetriesDelay\",\"specFileRetriesDeferred\",\"reporterSyncInterval\",\"reporterSyncTimeout\",\"cucumberFeaturesWithLineNumbers\",\"autoCompileOpts\",\"mochaOpts\",\"jasmineOpts\",\"cucumberOpts\",\"onPrepare\",\"onWorkerStart\",\"onWorkerEnd\",\"before\",\"beforeSession\",\"beforeSuite\",\"beforeHook\",\"beforeTest\",\"afterTest\",\"afterHook\",\"afterSuite\",\"afterSession\",\"after\",\"onComplete\",\"beforeAssertion\",\"afterAssertion\",\"beforeFeature\",\"beforeScenario\",\"beforeStep\",\"afterStep\",\"afterScenario\",\"afterFeature\",\"_\",\"suite\",\"$0\",\"ignoredWorkerServices\",\"wdi5\"]"}]}
COMMAND: POST /session/6a89fb51866d950e0bc97f386a060562/execute/async - {"script":"<script> [21126 bytes]","args":[35000]}
RESULT: {"script":"<script> [21126 bytes]","args":[35000]}
COMMAND: POST /session/6a89fb51866d950e0bc97f386a060562/execute/async - {"script":"<script> [1562 bytes]","args":[{"selector":{"controlType":"sap.ui.core.Icon","viewName":"etm.portal.ui.managecontracts.view.Master","properties":{"src":{"regex":{"source":"slim\\-arrow\\-down"}}},"ancestor":{"id":"smartContractStatusFilter","viewName":"etm.portal.ui.managecontracts.view.Master"}},"wdio_ui5_key":"etmportal.ui.managecontracts.view.Mastersap.ui.core.Icon{\"src\":{\"regex\":{\"source\":\"slim\\\\-arrow\\\\-down\"}}}{\"id\":\"smartContractStatusFilter\",\"viewName\":\"etm.portal.ui.managecontracts.view.Master\"}"}]}
RESULT: {"script":"<script> [1562 bytes]","args":[{"selector":{"controlType":"sap.ui.core.Icon","viewName":"etm.portal.ui.managecontracts.view.Master","properties":{"src":{"regex":{"source":"slim\\-arrow\\-down"}}},"ancestor":{"id":"smartContractStatusFilter","viewName":"etm.portal.ui.managecontracts.view.Master"}},"wdio_ui5_key":"etmportal.ui.managecontracts.view.Mastersap.ui.core.Icon{\"src\":{\"regex\":{\"source\":\"slim\\\\-arrow\\\\-down\"}}}{\"id\":\"smartContractStatusFilter\",\"viewName\":\"etm.portal.ui.managecontracts.view.Master\"}"}]}
RESULT: undefined
COMMAND: POST /session/6a89fb51866d950e0bc97f386a060562/element - {"using":"xpath","value":"//*[@id=\"__xmlview0--smartContractStatusFilter-arrow\"]"}
RESULT: {"using":"xpath","value":"//*[@id=\"__xmlview0--smartContractStatusFilter-arrow\"]"}
COMMAND: POST /session/6a89fb51866d950e0bc97f386a060562/element/f.A6EC5B81BA07351D57539A0094149B7C.d.D5E65DAD5B19C5C2B2D38F7E88C3CE08.e.7964/click - {}
RESULT: {}
COMMAND: GET /session/6a89fb51866d950e0bc97f386a060562/screenshot - {}
RESULT: {}
COMMAND: POST /session/6a89fb51866d950e0bc97f386a060562/execute/async - {"script":"<script> [1562 bytes]","args":[{"selector":{"controlType":"sap.m.CheckBox","viewName":"etm.portal.ui.managecontracts.view.Master","properties":{"editable":true},"searchOpenDialogs":true,"ancestor":{"controlType":"sap.m.StandardListItem","viewName":"etm.portal.ui.managecontracts.view.Master","properties":{"title":"partial billed"},"searchOpenDialogs":true},"interaction":{"idSuffix":"CbBg"}},"wdio_ui5_key":"etmportal.ui.managecontracts.view.Mastersap.m.CheckBox{\"editable\":true}{\"controlType\":\"sap.m.StandardListItem\",\"viewName\":\"etm.portal.ui.managecontracts.view.Master\",\"properties\":{\"title\":\"partial billed\"},\"searchOpenDialogs\":true}"}]}
RESULT: {"script":"<script> [1562 bytes]","args":[{"selector":{"controlType":"sap.m.CheckBox","viewName":"etm.portal.ui.managecontracts.view.Master","properties":{"editable":true},"searchOpenDialogs":true,"ancestor":{"controlType":"sap.m.StandardListItem","viewName":"etm.portal.ui.managecontracts.view.Master","properties":{"title":"partial billed"},"searchOpenDialogs":true},"interaction":{"idSuffix":"CbBg"}},"wdio_ui5_key":"etmportal.ui.managecontracts.view.Mastersap.m.CheckBox{\"editable\":true}{\"controlType\":\"sap.m.StandardListItem\",\"viewName\":\"etm.portal.ui.managecontracts.view.Master\",\"properties\":{\"title\":\"partial billed\"},\"searchOpenDialogs\":true}"}]}
RESULT: undefined
COMMAND: POST /session/6a89fb51866d950e0bc97f386a060562/element - {"using":"xpath","value":"//*[@id=\"__item41-selectMulti\"]"}
RESULT: {"using":"xpath","value":"//*[@id=\"__item41-selectMulti\"]"}
COMMAND: POST /session/6a89fb51866d950e0bc97f386a060562/element/f.A6EC5B81BA07351D57539A0094149B7C.d.D5E65DAD5B19C5C2B2D38F7E88C3CE08.e.7973/click - {}
RESULT: {}
COMMAND: GET /session/6a89fb51866d950e0bc97f386a060562/screenshot - {}
RESULT: {}
COMMAND: POST /session/6a89fb51866d950e0bc97f386a060562/element - {"using":"xpath","value":"(//span[contains(@title ,\"Navigation\")])[2]"}
RESULT: {"using":"xpath","value":"(//span[contains(@title ,\"Navigation\")])[2]"}
COMMAND: POST /session/6a89fb51866d950e0bc97f386a060562/element/f.A6EC5B81BA07351D57539A0094149B7C.d.D5E65DAD5B19C5C2B2D38F7E88C3CE08.e.8008/click - {}
RESULT: {}
COMMAND: GET /session/6a89fb51866d950e0bc97f386a060562/screenshot - {}
RESULT: {}
COMMAND: POST /session/6a89fb51866d950e0bc97f386a060562/element - {"using":"xpath","value":"//bdi[contains(@id ,\"closeContractBtn-BDI-content\")]"}
COMMAND: POST /session/6a89fb51866d950e0bc97f386a060562/element - {"using":"css selector","value":"#shell-header-logo"}
RESULT: {"using":"xpath","value":"//bdi[contains(@id ,\"closeContractBtn-BDI-content\")]"}
RESULT: {"using":"css selector","value":"#shell-header-logo"}
COMMAND: POST /session/6a89fb51866d950e0bc97f386a060562/element/f.A6EC5B81BA07351D57539A0094149B7C.d.D5E65DAD5B19C5C2B2D38F7E88C3CE08.e.7903/click - {}
RESULT: {}
COMMAND: GET /session/6a89fb51866d950e0bc97f386a060562/screenshot - {}
RESULT: {}
]]></system-out>
    </testcase>
  </testsuite>
  <testsuite timestamp="2025-05-06T18:14:05" time="67.686" tests="1" failures="0" errors="0" skipped="0">
    <properties>
      <property name="specId" value="0" />
      <property name="suiteName" value="Standard contract decline US151279" />
      <property name="capabilities" value="chrome.135_0_7049_115.windows" />
      <property name="file" value="file:///D:/a/1/s/test/specs/R2C/standard-contract-decline.spec.js" />
    </properties>
    <testcase classname="chrome.135_0_7049_115.windows.Standard_contract_decline_US151279" name="Should decline a contract" time="63.384">
      <system-out><![CDATA[
COMMAND: POST /session/6a89fb51866d950e0bc97f386a060562/execute/async - {"script":"<script> [1562 bytes]","args":[{"selector":{"controlType":"sap.m.GenericTile","properties":{"header":"Manage Contracts"}},"wdio_ui5_key":"sapm.GenericTile{\"header\":\"Manage Contracts\"}"}]}
RESULT: {"script":"<script> [1562 bytes]","args":[{"selector":{"controlType":"sap.m.GenericTile","properties":{"header":"Manage Contracts"}},"wdio_ui5_key":"sapm.GenericTile{\"header\":\"Manage Contracts\"}"}]}
RESULT: undefined
COMMAND: POST /session/6a89fb51866d950e0bc97f386a060562/element - {"using":"xpath","value":"//*[@id=\"__tile130\"]"}
RESULT: {"using":"xpath","value":"//*[@id=\"__tile130\"]"}
COMMAND: POST /session/6a89fb51866d950e0bc97f386a060562/element/f.A6EC5B81BA07351D57539A0094149B7C.d.D5E65DAD5B19C5C2B2D38F7E88C3CE08.e.8364/click - {}
RESULT: {}
COMMAND: GET /session/6a89fb51866d950e0bc97f386a060562/screenshot - {}
RESULT: {}
COMMAND: POST /session/6a89fb51866d950e0bc97f386a060562/element - {"using":"xpath","value":"//input[contains(@id ,\"smartContractFilterBar-btnBasicSearch-I\")]"}
RESULT: {"using":"xpath","value":"//input[contains(@id ,\"smartContractFilterBar-btnBasicSearch-I\")]"}
COMMAND: POST /session/6a89fb51866d950e0bc97f386a060562/element/f.A6EC5B81BA07351D57539A0094149B7C.d.D5E65DAD5B19C5C2B2D38F7E88C3CE08.e.8377/clear - {}
RESULT: {}
COMMAND: POST /session/6a89fb51866d950e0bc97f386a060562/element/f.A6EC5B81BA07351D57539A0094149B7C.d.D5E65DAD5B19C5C2B2D38F7E88C3CE08.e.8377/value - {"text":"10595"}
COMMAND: GET /session/6a89fb51866d950e0bc97f386a060562/screenshot - {}
RESULT: {"text":"10595"}
COMMAND: POST /session/6a89fb51866d950e0bc97f386a060562/actions - {"actions":[{"id":"action43","type":"key","parameters":{},"actions":[{"type":"keyDown","value":"î€‡"},{"type":"pause","duration":10},{"type":"keyUp","value":"î€‡"}]}]}
COMMAND: GET /session/6a89fb51866d950e0bc97f386a060562/screenshot - {}
RESULT: {}
RESULT: {"actions":[{"id":"action43","type":"key","parameters":{},"actions":[{"type":"keyDown","value":"î€‡"},{"type":"pause","duration":10},{"type":"keyUp","value":"î€‡"}]}]}
COMMAND: GET /session/6a89fb51866d950e0bc97f386a060562/screenshot - {}
RESULT: {}
RESULT: {}
COMMAND: POST /session/6a89fb51866d950e0bc97f386a060562/execute/async - {"script":"<script> [1562 bytes]","args":[{"selector":{"controlType":"sap.ui.core.Icon","viewName":"etm.portal.ui.managecontracts.view.Master","properties":{"src":{"regex":{"source":"slim\\-arrow\\-right"}}}},"wdio_ui5_key":"etmportal.ui.managecontracts.view.Mastersap.ui.core.Icon{\"src\":{\"regex\":{\"source\":\"slim\\\\-arrow\\\\-right\"}}}"}]}
RESULT: {"script":"<script> [1562 bytes]","args":[{"selector":{"controlType":"sap.ui.core.Icon","viewName":"etm.portal.ui.managecontracts.view.Master","properties":{"src":{"regex":{"source":"slim\\-arrow\\-right"}}}},"wdio_ui5_key":"etmportal.ui.managecontracts.view.Mastersap.ui.core.Icon{\"src\":{\"regex\":{\"source\":\"slim\\\\-arrow\\\\-right\"}}}"}]}
RESULT: undefined
COMMAND: POST /session/6a89fb51866d950e0bc97f386a060562/element - {"using":"xpath","value":"//*[@id=\"__item77-__clone214-imgNav\"]"}
RESULT: {"using":"xpath","value":"//*[@id=\"__item77-__clone214-imgNav\"]"}
COMMAND: POST /session/6a89fb51866d950e0bc97f386a060562/element/f.A6EC5B81BA07351D57539A0094149B7C.d.D5E65DAD5B19C5C2B2D38F7E88C3CE08.e.8456/click - {}
RESULT: {}
COMMAND: GET /session/6a89fb51866d950e0bc97f386a060562/screenshot - {}
RESULT: {}
COMMAND: POST /session/6a89fb51866d950e0bc97f386a060562/execute/async - {"script":"<script> [1562 bytes]","args":[{"selector":{"id":"cancelContractBtn","viewName":"etm.portal.ui.managecontracts.view.Detail","interaction":{"idSuffix":"BDI-content"}},"wdio_ui5_key":"cancelContractBtnetmportal.ui.managecontracts.view.Detail"}]}
RESULT: {"script":"<script> [1562 bytes]","args":[{"selector":{"id":"cancelContractBtn","viewName":"etm.portal.ui.managecontracts.view.Detail","interaction":{"idSuffix":"BDI-content"}},"wdio_ui5_key":"cancelContractBtnetmportal.ui.managecontracts.view.Detail"}]}
RESULT: undefined
COMMAND: POST /session/6a89fb51866d950e0bc97f386a060562/element - {"using":"xpath","value":"//*[@id=\"__xmlview61--cancelContractBtn\"]"}
RESULT: {"using":"xpath","value":"//*[@id=\"__xmlview61--cancelContractBtn\"]"}
COMMAND: POST /session/6a89fb51866d950e0bc97f386a060562/element/f.A6EC5B81BA07351D57539A0094149B7C.d.D5E65DAD5B19C5C2B2D38F7E88C3CE08.e.8596/click - {}
RESULT: {}
COMMAND: GET /session/6a89fb51866d950e0bc97f386a060562/screenshot - {}
RESULT: {}
COMMAND: POST /session/6a89fb51866d950e0bc97f386a060562/execute/async - {"script":"<script> [1562 bytes]","args":[{"selector":{"controlType":"sap.m.Text","properties":{"text":"Do you want to cancel the whole contract?"},"searchOpenDialogs":true},"wdio_ui5_key":"sapm.Text{\"text\":\"Do you want to cancel the whole contract?\"}"}]}
RESULT: {"script":"<script> [1562 bytes]","args":[{"selector":{"controlType":"sap.m.Text","properties":{"text":"Do you want to cancel the whole contract?"},"searchOpenDialogs":true},"wdio_ui5_key":"sapm.Text{\"text\":\"Do you want to cancel the whole contract?\"}"}]}
RESULT: undefined
COMMAND: POST /session/6a89fb51866d950e0bc97f386a060562/execute/async - {"script":"<script> [6424 bytes]","args":[{"element-6066-11e4-a52e-4f735466cecf":"f.A6EC5B81BA07351D57539A0094149B7C.d.D5E65DAD5B19C5C2B2D38F7E88C3CE08.e.8642"},"getText",[]]}
RESULT: {"script":"<script> [6424 bytes]","args":[{"element-6066-11e4-a52e-4f735466cecf":"f.A6EC5B81BA07351D57539A0094149B7C.d.D5E65DAD5B19C5C2B2D38F7E88C3CE08.e.8642"},"getText",[]]}
COMMAND: POST /session/6a89fb51866d950e0bc97f386a060562/element - {"using":"xpath","value":"//bdi[contains(text(), \"OK\")]"}
RESULT: {"using":"xpath","value":"//bdi[contains(text(), \"OK\")]"}
COMMAND: POST /session/6a89fb51866d950e0bc97f386a060562/element/f.A6EC5B81BA07351D57539A0094149B7C.d.D5E65DAD5B19C5C2B2D38F7E88C3CE08.e.8643/click - {}
RESULT: {}
COMMAND: GET /session/6a89fb51866d950e0bc97f386a060562/screenshot - {}
RESULT: {}
COMMAND: POST /session/6a89fb51866d950e0bc97f386a060562/element - {"using":"xpath","value":"//input[contains(@id ,\"smartContractFilterBar-btnBasicSearch-I\")]"}
RESULT: {"using":"xpath","value":"//input[contains(@id ,\"smartContractFilterBar-btnBasicSearch-I\")]"}
COMMAND: POST /session/6a89fb51866d950e0bc97f386a060562/element/f.A6EC5B81BA07351D57539A0094149B7C.d.D5E65DAD5B19C5C2B2D38F7E88C3CE08.e.8377/clear - {}
RESULT: {}
COMMAND: POST /session/6a89fb51866d950e0bc97f386a060562/element/f.A6EC5B81BA07351D57539A0094149B7C.d.D5E65DAD5B19C5C2B2D38F7E88C3CE08.e.8377/value - {"text":"10595"}
COMMAND: GET /session/6a89fb51866d950e0bc97f386a060562/screenshot - {}
RESULT: {"text":"10595"}
COMMAND: POST /session/6a89fb51866d950e0bc97f386a060562/actions - {"actions":[{"id":"action44","type":"key","parameters":{},"actions":[{"type":"keyDown","value":"î€‡"},{"type":"pause","duration":10},{"type":"keyUp","value":"î€‡"}]}]}
COMMAND: GET /session/6a89fb51866d950e0bc97f386a060562/screenshot - {}
RESULT: {}
RESULT: {"actions":[{"id":"action44","type":"key","parameters":{},"actions":[{"type":"keyDown","value":"î€‡"},{"type":"pause","duration":10},{"type":"keyUp","value":"î€‡"}]}]}
COMMAND: GET /session/6a89fb51866d950e0bc97f386a060562/screenshot - {}
RESULT: {}
RESULT: {}
COMMAND: POST /session/6a89fb51866d950e0bc97f386a060562/execute/async - {"script":"<script> [1562 bytes]","args":[{"selector":{"controlType":"sap.m.ObjectStatus","viewName":"etm.portal.ui.managecontracts.view.Master","bindingPath":{"path":"/SmartContractHeaders('10595')","propertyPath":"STATUS_DESCRIPTION"}},"wdio_ui5_key":"etmportal.ui.managecontracts.view.Mastersap.m.ObjectStatus{\"path\":\"/SmartContractHeaders('10595')\",\"propertyPath\":\"STATUS_DESCRIPTION\"}"}]}
RESULT: {"script":"<script> [1562 bytes]","args":[{"selector":{"controlType":"sap.m.ObjectStatus","viewName":"etm.portal.ui.managecontracts.view.Master","bindingPath":{"path":"/SmartContractHeaders('10595')","propertyPath":"STATUS_DESCRIPTION"}},"wdio_ui5_key":"etmportal.ui.managecontracts.view.Mastersap.m.ObjectStatus{\"path\":\"/SmartContractHeaders('10595')\",\"propertyPath\":\"STATUS_DESCRIPTION\"}"}]}
RESULT: undefined
COMMAND: POST /session/6a89fb51866d950e0bc97f386a060562/execute/async - {"script":"<script> [6424 bytes]","args":[{"element-6066-11e4-a52e-4f735466cecf":"f.A6EC5B81BA07351D57539A0094149B7C.d.D5E65DAD5B19C5C2B2D38F7E88C3CE08.e.8690"},"getText",[]]}
RESULT: {"script":"<script> [6424 bytes]","args":[{"element-6066-11e4-a52e-4f735466cecf":"f.A6EC5B81BA07351D57539A0094149B7C.d.D5E65DAD5B19C5C2B2D38F7E88C3CE08.e.8690"},"getText",[]]}
RESULT: undefined
COMMAND: POST /session/6a89fb51866d950e0bc97f386a060562/element - {"using":"xpath","value":"//*[@id=\"__item77-__clone214-imgNav\"]"}
RESULT: {"using":"xpath","value":"//*[@id=\"__item77-__clone214-imgNav\"]"}
COMMAND: POST /session/6a89fb51866d950e0bc97f386a060562/element/f.A6EC5B81BA07351D57539A0094149B7C.d.D5E65DAD5B19C5C2B2D38F7E88C3CE08.e.8456/click - {}
RESULT: {}
COMMAND: GET /session/6a89fb51866d950e0bc97f386a060562/screenshot - {}
RESULT: {}
COMMAND: POST /session/6a89fb51866d950e0bc97f386a060562/execute/async - {"script":"<script> [1562 bytes]","args":[{"selector":{"controlType":"sap.m.ObjectStatus","viewName":"etm.portal.ui.managecontracts.view.Detail","bindingPath":{"path":"/SmartContractItems(CONTRACT='10595',ITEM=10m,SUB_ITEM=0m)","propertyPath":"STATUS"}},"wdio_ui5_key":"etmportal.ui.managecontracts.view.Detailsap.m.ObjectStatus{\"path\":\"/SmartContractItems(CONTRACT='10595',ITEM=10m,SUB_ITEM=0m)\",\"propertyPath\":\"STATUS\"}"}]}
RESULT: {"script":"<script> [1562 bytes]","args":[{"selector":{"controlType":"sap.m.ObjectStatus","viewName":"etm.portal.ui.managecontracts.view.Detail","bindingPath":{"path":"/SmartContractItems(CONTRACT='10595',ITEM=10m,SUB_ITEM=0m)","propertyPath":"STATUS"}},"wdio_ui5_key":"etmportal.ui.managecontracts.view.Detailsap.m.ObjectStatus{\"path\":\"/SmartContractItems(CONTRACT='10595',ITEM=10m,SUB_ITEM=0m)\",\"propertyPath\":\"STATUS\"}"}]}
RESULT: undefined
COMMAND: POST /session/6a89fb51866d950e0bc97f386a060562/execute/async - {"script":"<script> [6424 bytes]","args":[{"element-6066-11e4-a52e-4f735466cecf":"f.A6EC5B81BA07351D57539A0094149B7C.d.D5E65DAD5B19C5C2B2D38F7E88C3CE08.e.8714"},"getText",[]]}
RESULT: {"script":"<script> [6424 bytes]","args":[{"element-6066-11e4-a52e-4f735466cecf":"f.A6EC5B81BA07351D57539A0094149B7C.d.D5E65DAD5B19C5C2B2D38F7E88C3CE08.e.8714"},"getText",[]]}
COMMAND: POST /session/6a89fb51866d950e0bc97f386a060562/element - {"using":"css selector","value":"#shell-header-logo"}
RESULT: {"using":"css selector","value":"#shell-header-logo"}
COMMAND: POST /session/6a89fb51866d950e0bc97f386a060562/element/f.A6EC5B81BA07351D57539A0094149B7C.d.D5E65DAD5B19C5C2B2D38F7E88C3CE08.e.8375/click - {}
RESULT: {}
COMMAND: GET /session/6a89fb51866d950e0bc97f386a060562/screenshot - {}
RESULT: {}
]]></system-out>
    </testcase>
  </testsuite>
  <testsuite timestamp="2025-05-06T18:15:13" time="191.076" tests="2" failures="0" errors="0" skipped="0">
    <properties>
      <property name="specId" value="0" />
      <property name="suiteName" value="Insert service into a contract US152956" />
      <property name="capabilities" value="chrome.135_0_7049_115.windows" />
      <property name="file" value="file:///D:/a/1/s/test/specs/R2C/insert-service-into-a-contract.spec.js" />
    </properties>
    <testcase classname="chrome.135_0_7049_115.windows.Insert_service_into_a_contract_US152956" name="Should create a new contract" time="98.975">
      <system-out><![CDATA[
COMMAND: POST /session/6a89fb51866d950e0bc97f386a060562/execute/async - {"script":"<script> [1562 bytes]","args":[{"selector":{"controlType":"sap.m.Text","viewName":"etm.portal.ui.managecontractstile.view.Master","properties":{"text":"Manage Contracts"},"interaction":{"idSuffix":"inner"}},"wdio_ui5_key":"etmportal.ui.managecontractstile.view.Mastersap.m.Text{\"text\":\"Manage Contracts\"}"}]}
RESULT: {"script":"<script> [1562 bytes]","args":[{"selector":{"controlType":"sap.m.Text","viewName":"etm.portal.ui.managecontractstile.view.Master","properties":{"text":"Manage Contracts"},"interaction":{"idSuffix":"inner"}},"wdio_ui5_key":"etmportal.ui.managecontractstile.view.Mastersap.m.Text{\"text\":\"Manage Contracts\"}"}]}
RESULT: undefined
COMMAND: POST /session/6a89fb51866d950e0bc97f386a060562/element - {"using":"xpath","value":"//*[@id=\"__tile130-title\"]"}
RESULT: {"using":"xpath","value":"//*[@id=\"__tile130-title\"]"}
COMMAND: POST /session/6a89fb51866d950e0bc97f386a060562/element/f.A6EC5B81BA07351D57539A0094149B7C.d.D5E65DAD5B19C5C2B2D38F7E88C3CE08.e.8718/click - {}
RESULT: {}
COMMAND: GET /session/6a89fb51866d950e0bc97f386a060562/screenshot - {}
RESULT: {}
COMMAND: POST /session/6a89fb51866d950e0bc97f386a060562/element - {"using":"xpath","value":"//button[@data-kt=\"addButton\"]"}
RESULT: {"using":"xpath","value":"//button[@data-kt=\"addButton\"]"}
COMMAND: POST /session/6a89fb51866d950e0bc97f386a060562/element/f.A6EC5B81BA07351D57539A0094149B7C.d.D5E65DAD5B19C5C2B2D38F7E88C3CE08.e.8788/click - {}
RESULT: {}
COMMAND: GET /session/6a89fb51866d950e0bc97f386a060562/screenshot - {}
RESULT: {}
COMMAND: POST /session/6a89fb51866d950e0bc97f386a060562/execute/async - {"script":"<script> [1562 bytes]","args":[{"selector":{"id":"application-managecontracts-display-component---AddNewContract--projectDescription","interaction":{"idSuffix":"inner"}},"wdio_ui5_key":"applicationmanagecontracts-display-component---AddNewContract--projectDescription"}]}
RESULT: {"script":"<script> [1562 bytes]","args":[{"selector":{"id":"application-managecontracts-display-component---AddNewContract--projectDescription","interaction":{"idSuffix":"inner"}},"wdio_ui5_key":"applicationmanagecontracts-display-component---AddNewContract--projectDescription"}]}
RESULT: undefined
COMMAND: POST /session/6a89fb51866d950e0bc97f386a060562/execute/async - {"script":"<script> [776 bytes]","args":[{"enterText":"WdIOR2cr7rbr","selector":{"id":"application-managecontracts-display-component---AddNewContract--projectDescription","interaction":{"idSuffix":"inner"}},"clearTextFirst":true,"interactionType":"ENTER_TEXT"}]}
RESULT: {"script":"<script> [776 bytes]","args":[{"enterText":"WdIOR2cr7rbr","selector":{"id":"application-managecontracts-display-component---AddNewContract--projectDescription","interaction":{"idSuffix":"inner"}},"clearTextFirst":true,"interactionType":"ENTER_TEXT"}]}
COMMAND: POST /session/6a89fb51866d950e0bc97f386a060562/element - {"using":"xpath","value":"//input[@id=\"application-managecontracts-display-component---AddNewContract--yardId-inner\"]"}
RESULT: {"using":"xpath","value":"//input[@id=\"application-managecontracts-display-component---AddNewContract--yardId-inner\"]"}
COMMAND: POST /session/6a89fb51866d950e0bc97f386a060562/element/f.A6EC5B81BA07351D57539A0094149B7C.d.D5E65DAD5B19C5C2B2D38F7E88C3CE08.e.9043/clear - {}
RESULT: {}
COMMAND: POST /session/6a89fb51866d950e0bc97f386a060562/element/f.A6EC5B81BA07351D57539A0094149B7C.d.D5E65DAD5B19C5C2B2D38F7E88C3CE08.e.9043/value - {"text":"WebdriverYard87g2b"}
COMMAND: GET /session/6a89fb51866d950e0bc97f386a060562/screenshot - {}
RESULT: {"text":"WebdriverYard87g2b"}
COMMAND: GET /session/6a89fb51866d950e0bc97f386a060562/screenshot - {}
RESULT: {}
RESULT: {}
COMMAND: POST /session/6a89fb51866d950e0bc97f386a060562/actions - {"actions":[{"id":"action45","type":"key","parameters":{},"actions":[{"type":"keyDown","value":"î€‡"},{"type":"pause","duration":10},{"type":"keyUp","value":"î€‡"}]}]}
RESULT: {"actions":[{"id":"action45","type":"key","parameters":{},"actions":[{"type":"keyDown","value":"î€‡"},{"type":"pause","duration":10},{"type":"keyUp","value":"î€‡"}]}]}
COMMAND: GET /session/6a89fb51866d950e0bc97f386a060562/screenshot - {}
RESULT: {}
COMMAND: POST /session/6a89fb51866d950e0bc97f386a060562/element - {"using":"xpath","value":"//input[@id=\"application-managecontracts-display-component---AddNewContract--customerSelect-inner\"]"}
RESULT: {"using":"xpath","value":"//input[@id=\"application-managecontracts-display-component---AddNewContract--customerSelect-inner\"]"}
COMMAND: POST /session/6a89fb51866d950e0bc97f386a060562/element/f.A6EC5B81BA07351D57539A0094149B7C.d.D5E65DAD5B19C5C2B2D38F7E88C3CE08.e.9041/clear - {}
RESULT: {}
COMMAND: POST /session/6a89fb51866d950e0bc97f386a060562/element/f.A6EC5B81BA07351D57539A0094149B7C.d.D5E65DAD5B19C5C2B2D38F7E88C3CE08.e.9041/value - {"text":"WebdriverPartnerqoxb8"}
COMMAND: GET /session/6a89fb51866d950e0bc97f386a060562/screenshot - {}
RESULT: {"text":"WebdriverPartnerqoxb8"}
COMMAND: GET /session/6a89fb51866d950e0bc97f386a060562/screenshot - {}
RESULT: {}
RESULT: {}
COMMAND: POST /session/6a89fb51866d950e0bc97f386a060562/actions - {"actions":[{"id":"action46","type":"key","parameters":{},"actions":[{"type":"keyDown","value":"î€‡"},{"type":"pause","duration":10},{"type":"keyUp","value":"î€‡"}]}]}
RESULT: {"actions":[{"id":"action46","type":"key","parameters":{},"actions":[{"type":"keyDown","value":"î€‡"},{"type":"pause","duration":10},{"type":"keyUp","value":"î€‡"}]}]}
COMMAND: GET /session/6a89fb51866d950e0bc97f386a060562/screenshot - {}
RESULT: {}
COMMAND: POST /session/6a89fb51866d950e0bc97f386a060562/element - {"using":"xpath","value":"//input[@id=\"application-managecontracts-display-component---AddNewContract--site-inner\"]"}
RESULT: {"using":"xpath","value":"//input[@id=\"application-managecontracts-display-component---AddNewContract--site-inner\"]"}
COMMAND: POST /session/6a89fb51866d950e0bc97f386a060562/element/f.A6EC5B81BA07351D57539A0094149B7C.d.D5E65DAD5B19C5C2B2D38F7E88C3CE08.e.9042/clear - {}
RESULT: {}
COMMAND: POST /session/6a89fb51866d950e0bc97f386a060562/element/f.A6EC5B81BA07351D57539A0094149B7C.d.D5E65DAD5B19C5C2B2D38F7E88C3CE08.e.9042/value - {"text":"WebdriverSitegb0gz"}
COMMAND: GET /session/6a89fb51866d950e0bc97f386a060562/screenshot - {}
RESULT: {}
RESULT: {"text":"WebdriverSitegb0gz"}
COMMAND: GET /session/6a89fb51866d950e0bc97f386a060562/screenshot - {}
RESULT: {}
COMMAND: POST /session/6a89fb51866d950e0bc97f386a060562/actions - {"actions":[{"id":"action47","type":"key","parameters":{},"actions":[{"type":"keyDown","value":"î€‡"},{"type":"pause","duration":10},{"type":"keyUp","value":"î€‡"}]}]}
RESULT: {"actions":[{"id":"action47","type":"key","parameters":{},"actions":[{"type":"keyDown","value":"î€‡"},{"type":"pause","duration":10},{"type":"keyUp","value":"î€‡"}]}]}
COMMAND: GET /session/6a89fb51866d950e0bc97f386a060562/screenshot - {}
COMMAND: POST /session/6a89fb51866d950e0bc97f386a060562/element - {"using":"xpath","value":"//button[@data-kt=\"saveButton\"]"}
RESULT: {}
RESULT: {"using":"xpath","value":"//button[@data-kt=\"saveButton\"]"}
COMMAND: POST /session/6a89fb51866d950e0bc97f386a060562/element/f.A6EC5B81BA07351D57539A0094149B7C.d.D5E65DAD5B19C5C2B2D38F7E88C3CE08.e.9059/click - {}
RESULT: {}
COMMAND: GET /session/6a89fb51866d950e0bc97f386a060562/screenshot - {}
RESULT: {}
COMMAND: POST /session/6a89fb51866d950e0bc97f386a060562/execute/async - {"script":"<script> [1562 bytes]","args":[{"selector":{"id":"contractDetailTitleNoExpanded","viewName":"etm.portal.ui.managecontracts.view.Detail"},"wdio_ui5_key":"contractDetailTitleNoExpandedetmportal.ui.managecontracts.view.Detail"}]}
RESULT: {"script":"<script> [1562 bytes]","args":[{"selector":{"id":"contractDetailTitleNoExpanded","viewName":"etm.portal.ui.managecontracts.view.Detail"},"wdio_ui5_key":"contractDetailTitleNoExpandedetmportal.ui.managecontracts.view.Detail"}]}
RESULT: undefined
COMMAND: POST /session/6a89fb51866d950e0bc97f386a060562/execute/async - {"script":"<script> [6424 bytes]","args":[{"element-6066-11e4-a52e-4f735466cecf":"f.A6EC5B81BA07351D57539A0094149B7C.d.D5E65DAD5B19C5C2B2D38F7E88C3CE08.e.9140"},"getText",[]]}
RESULT: {"script":"<script> [6424 bytes]","args":[{"element-6066-11e4-a52e-4f735466cecf":"f.A6EC5B81BA07351D57539A0094149B7C.d.D5E65DAD5B19C5C2B2D38F7E88C3CE08.e.9140"},"getText",[]]}
]]></system-out>
    </testcase>
    <testcase classname="chrome.135_0_7049_115.windows.Insert_service_into_a_contract_US152956" name="Should add a service unit and a service group to the contract" time="87.77">
      <system-out><![CDATA[
COMMAND: POST /session/6a89fb51866d950e0bc97f386a060562/element - {"using":"xpath","value":"//button[@data-kt=\"contractDetailEditBtnButton\"]"}
RESULT: {"using":"xpath","value":"//button[@data-kt=\"contractDetailEditBtnButton\"]"}
COMMAND: POST /session/6a89fb51866d950e0bc97f386a060562/execute/sync - {"script":"<script> [8489 bytes]","args":[{"element-6066-11e4-a52e-4f735466cecf":"f.A6EC5B81BA07351D57539A0094149B7C.d.D5E65DAD5B19C5C2B2D38F7E88C3CE08.e.9141","ELEMENT":"f.A6EC5B81BA07351D57539A0094149B7C.d.D5E65DAD5B19C5C2B2D38F7E88C3CE08.e.9141"}]}
RESULT: {"script":"<script> [8489 bytes]","args":[{"element-6066-11e4-a52e-4f735466cecf":"f.A6EC5B81BA07351D57539A0094149B7C.d.D5E65DAD5B19C5C2B2D38F7E88C3CE08.e.9141","ELEMENT":"f.A6EC5B81BA07351D57539A0094149B7C.d.D5E65DAD5B19C5C2B2D38F7E88C3CE08.e.9141"}]}
COMMAND: POST /session/6a89fb51866d950e0bc97f386a060562/execute/sync - {"script":"<script> [8489 bytes]","args":[{"element-6066-11e4-a52e-4f735466cecf":"f.A6EC5B81BA07351D57539A0094149B7C.d.D5E65DAD5B19C5C2B2D38F7E88C3CE08.e.9141","ELEMENT":"f.A6EC5B81BA07351D57539A0094149B7C.d.D5E65DAD5B19C5C2B2D38F7E88C3CE08.e.9141"}]}
COMMAND: GET /session/6a89fb51866d950e0bc97f386a060562/screenshot - {}
RESULT: {"script":"<script> [8489 bytes]","args":[{"element-6066-11e4-a52e-4f735466cecf":"f.A6EC5B81BA07351D57539A0094149B7C.d.D5E65DAD5B19C5C2B2D38F7E88C3CE08.e.9141","ELEMENT":"f.A6EC5B81BA07351D57539A0094149B7C.d.D5E65DAD5B19C5C2B2D38F7E88C3CE08.e.9141"}]}
COMMAND: POST /session/6a89fb51866d950e0bc97f386a060562/execute/sync - {"script":"<script> [5351 bytes]","args":[{"element-6066-11e4-a52e-4f735466cecf":"f.A6EC5B81BA07351D57539A0094149B7C.d.D5E65DAD5B19C5C2B2D38F7E88C3CE08.e.9141","ELEMENT":"f.A6EC5B81BA07351D57539A0094149B7C.d.D5E65DAD5B19C5C2B2D38F7E88C3CE08.e.9141"}]}
COMMAND: GET /session/6a89fb51866d950e0bc97f386a060562/screenshot - {}
RESULT: {}
RESULT: {"script":"<script> [5351 bytes]","args":[{"element-6066-11e4-a52e-4f735466cecf":"f.A6EC5B81BA07351D57539A0094149B7C.d.D5E65DAD5B19C5C2B2D38F7E88C3CE08.e.9141","ELEMENT":"f.A6EC5B81BA07351D57539A0094149B7C.d.D5E65DAD5B19C5C2B2D38F7E88C3CE08.e.9141"}]}
COMMAND: POST /session/6a89fb51866d950e0bc97f386a060562/element/f.A6EC5B81BA07351D57539A0094149B7C.d.D5E65DAD5B19C5C2B2D38F7E88C3CE08.e.9141/click - {}
COMMAND: GET /session/6a89fb51866d950e0bc97f386a060562/screenshot - {}
RESULT: {}
RESULT: {}
COMMAND: GET /session/6a89fb51866d950e0bc97f386a060562/screenshot - {}
RESULT: {}
RESULT: {}
COMMAND: POST /session/6a89fb51866d950e0bc97f386a060562/element - {"using":"xpath","value":"(//span[contains(text(), \"Additional Addresses\")])[2]"}
RESULT: {"using":"xpath","value":"(//span[contains(text(), \"Additional Addresses\")])[2]"}
COMMAND: POST /session/6a89fb51866d950e0bc97f386a060562/element/f.A6EC5B81BA07351D57539A0094149B7C.d.D5E65DAD5B19C5C2B2D38F7E88C3CE08.e.9199/click - {}
RESULT: {}
COMMAND: GET /session/6a89fb51866d950e0bc97f386a060562/screenshot - {}
RESULT: {}
COMMAND: POST /session/6a89fb51866d950e0bc97f386a060562/element - {"using":"xpath","value":"//button[@data-kt=\"btnAddTableRowOverflowToolbarButton\"]"}
RESULT: {"using":"xpath","value":"//button[@data-kt=\"btnAddTableRowOverflowToolbarButton\"]"}
COMMAND: POST /session/6a89fb51866d950e0bc97f386a060562/element/f.A6EC5B81BA07351D57539A0094149B7C.d.D5E65DAD5B19C5C2B2D38F7E88C3CE08.e.9201/click - {}
RESULT: {}
COMMAND: GET /session/6a89fb51866d950e0bc97f386a060562/screenshot - {}
RESULT: {}
COMMAND: POST /session/6a89fb51866d950e0bc97f386a060562/element - {"using":"xpath","value":"//div[(text() = 'Standard Entry' or . = 'Standard Entry')]"}
RESULT: {"using":"xpath","value":"//div[(text() = 'Standard Entry' or . = 'Standard Entry')]"}
COMMAND: POST /session/6a89fb51866d950e0bc97f386a060562/element/f.A6EC5B81BA07351D57539A0094149B7C.d.D5E65DAD5B19C5C2B2D38F7E88C3CE08.e.9203/click - {}
RESULT: {}
COMMAND: POST /session/6a89fb51866d950e0bc97f386a060562/element - {"using":"xpath","value":"//button[@data-kt=\"btnAddTableRowOverflowToolbarButton\"]"}
COMMAND: GET /session/6a89fb51866d950e0bc97f386a060562/screenshot - {}
RESULT: {"using":"xpath","value":"//button[@data-kt=\"btnAddTableRowOverflowToolbarButton\"]"}
COMMAND: POST /session/6a89fb51866d950e0bc97f386a060562/element/f.A6EC5B81BA07351D57539A0094149B7C.d.D5E65DAD5B19C5C2B2D38F7E88C3CE08.e.9201/click - {}
RESULT: {}
RESULT: {}
COMMAND: GET /session/6a89fb51866d950e0bc97f386a060562/screenshot - {}
RESULT: {}
COMMAND: POST /session/6a89fb51866d950e0bc97f386a060562/element - {"using":"xpath","value":"//div[(text() = 'Standard Entry' or . = 'Standard Entry')]"}
RESULT: {"using":"xpath","value":"//div[(text() = 'Standard Entry' or . = 'Standard Entry')]"}
COMMAND: POST /session/6a89fb51866d950e0bc97f386a060562/element/f.A6EC5B81BA07351D57539A0094149B7C.d.D5E65DAD5B19C5C2B2D38F7E88C3CE08.e.9215/click - {}
RESULT: {}
COMMAND: POST /session/6a89fb51866d950e0bc97f386a060562/element - {"using":"xpath","value":"(//td[6]/div/div/input)[1]"}
COMMAND: GET /session/6a89fb51866d950e0bc97f386a060562/screenshot - {}
RESULT: {"using":"xpath","value":"(//td[6]/div/div/input)[1]"}
COMMAND: POST /session/6a89fb51866d950e0bc97f386a060562/element/f.A6EC5B81BA07351D57539A0094149B7C.d.D5E65DAD5B19C5C2B2D38F7E88C3CE08.e.9217/click - {}
RESULT: {}
RESULT: {}
COMMAND: POST /session/6a89fb51866d950e0bc97f386a060562/actions - {"actions":[{"id":"action48","type":"key","parameters":{},"actions":[{"type":"keyDown","value":"î€ƒ"},{"type":"pause","duration":10},{"type":"keyUp","value":"î€ƒ"}]}]}
COMMAND: GET /session/6a89fb51866d950e0bc97f386a060562/screenshot - {}
RESULT: {"actions":[{"id":"action48","type":"key","parameters":{},"actions":[{"type":"keyDown","value":"î€ƒ"},{"type":"pause","duration":10},{"type":"keyUp","value":"î€ƒ"}]}]}
COMMAND: POST /session/6a89fb51866d950e0bc97f386a060562/element - {"using":"xpath","value":"(//td[6]/div/div/input)[1]"}
COMMAND: GET /session/6a89fb51866d950e0bc97f386a060562/screenshot - {}
RESULT: {}
RESULT: {}
RESULT: {"using":"xpath","value":"(//td[6]/div/div/input)[1]"}
COMMAND: POST /session/6a89fb51866d950e0bc97f386a060562/element/f.A6EC5B81BA07351D57539A0094149B7C.d.D5E65DAD5B19C5C2B2D38F7E88C3CE08.e.9217/clear - {}
RESULT: {}
COMMAND: POST /session/6a89fb51866d950e0bc97f386a060562/element/f.A6EC5B81BA07351D57539A0094149B7C.d.D5E65DAD5B19C5C2B2D38F7E88C3CE08.e.9217/value - {"text":"Service Unit"}
COMMAND: GET /session/6a89fb51866d950e0bc97f386a060562/screenshot - {}
RESULT: {"text":"Service Unit"}
COMMAND: GET /session/6a89fb51866d950e0bc97f386a060562/screenshot - {}
RESULT: {}
RESULT: {}
COMMAND: POST /session/6a89fb51866d950e0bc97f386a060562/actions - {"actions":[{"id":"action49","type":"key","parameters":{},"actions":[{"type":"keyDown","value":"î€‡"},{"type":"pause","duration":10},{"type":"keyUp","value":"î€‡"}]}]}
RESULT: {"actions":[{"id":"action49","type":"key","parameters":{},"actions":[{"type":"keyDown","value":"î€‡"},{"type":"pause","duration":10},{"type":"keyUp","value":"î€‡"}]}]}
COMMAND: GET /session/6a89fb51866d950e0bc97f386a060562/screenshot - {}
RESULT: {}
COMMAND: POST /session/6a89fb51866d950e0bc97f386a060562/actions - {"actions":[{"id":"action50","type":"key","parameters":{},"actions":[{"type":"keyDown","value":"î€‡"},{"type":"pause","duration":10},{"type":"keyUp","value":"î€‡"}]}]}
RESULT: {"actions":[{"id":"action50","type":"key","parameters":{},"actions":[{"type":"keyDown","value":"î€‡"},{"type":"pause","duration":10},{"type":"keyUp","value":"î€‡"}]}]}
COMMAND: POST /session/6a89fb51866d950e0bc97f386a060562/element - {"using":"xpath","value":"(//td[7]/div/div/input)[1]"}
COMMAND: GET /session/6a89fb51866d950e0bc97f386a060562/screenshot - {}
RESULT: {"using":"xpath","value":"(//td[7]/div/div/input)[1]"}
COMMAND: POST /session/6a89fb51866d950e0bc97f386a060562/element/f.A6EC5B81BA07351D57539A0094149B7C.d.D5E65DAD5B19C5C2B2D38F7E88C3CE08.e.9233/clear - {}
RESULT: {}
RESULT: {}
COMMAND: POST /session/6a89fb51866d950e0bc97f386a060562/element/f.A6EC5B81BA07351D57539A0094149B7C.d.D5E65DAD5B19C5C2B2D38F7E88C3CE08.e.9233/value - {"text":"1000001"}
COMMAND: GET /session/6a89fb51866d950e0bc97f386a060562/screenshot - {}
RESULT: {"text":"1000001"}
COMMAND: GET /session/6a89fb51866d950e0bc97f386a060562/screenshot - {}
RESULT: {}
RESULT: {}
COMMAND: POST /session/6a89fb51866d950e0bc97f386a060562/actions - {"actions":[{"id":"action51","type":"key","parameters":{},"actions":[{"type":"keyDown","value":"î€‡"},{"type":"pause","duration":10},{"type":"keyUp","value":"î€‡"}]}]}
RESULT: {"actions":[{"id":"action51","type":"key","parameters":{},"actions":[{"type":"keyDown","value":"î€‡"},{"type":"pause","duration":10},{"type":"keyUp","value":"î€‡"}]}]}
COMMAND: GET /session/6a89fb51866d950e0bc97f386a060562/screenshot - {}
RESULT: {}
COMMAND: POST /session/6a89fb51866d950e0bc97f386a060562/actions - {"actions":[{"id":"action52","type":"key","parameters":{},"actions":[{"type":"keyDown","value":"î€‡"},{"type":"pause","duration":10},{"type":"keyUp","value":"î€‡"}]}]}
RESULT: {"actions":[{"id":"action52","type":"key","parameters":{},"actions":[{"type":"keyDown","value":"î€‡"},{"type":"pause","duration":10},{"type":"keyUp","value":"î€‡"}]}]}
COMMAND: GET /session/6a89fb51866d950e0bc97f386a060562/screenshot - {}
RESULT: {}
COMMAND: POST /session/6a89fb51866d950e0bc97f386a060562/element - {"using":"xpath","value":"(//td[6]/div/div/input)[2]"}
RESULT: {"using":"xpath","value":"(//td[6]/div/div/input)[2]"}
COMMAND: POST /session/6a89fb51866d950e0bc97f386a060562/element/f.A6EC5B81BA07351D57539A0094149B7C.d.D5E65DAD5B19C5C2B2D38F7E88C3CE08.e.9205/click - {}
RESULT: {}
COMMAND: POST /session/6a89fb51866d950e0bc97f386a060562/actions - {"actions":[{"id":"action53","type":"key","parameters":{},"actions":[{"type":"keyDown","value":"î€ƒ"},{"type":"pause","duration":10},{"type":"keyUp","value":"î€ƒ"}]}]}
COMMAND: GET /session/6a89fb51866d950e0bc97f386a060562/screenshot - {}
RESULT: {"actions":[{"id":"action53","type":"key","parameters":{},"actions":[{"type":"keyDown","value":"î€ƒ"},{"type":"pause","duration":10},{"type":"keyUp","value":"î€ƒ"}]}]}
COMMAND: POST /session/6a89fb51866d950e0bc97f386a060562/element - {"using":"xpath","value":"(//td[6]/div/div/input)[2]"}
COMMAND: GET /session/6a89fb51866d950e0bc97f386a060562/screenshot - {}
RESULT: {}
RESULT: {"using":"xpath","value":"(//td[6]/div/div/input)[2]"}
COMMAND: POST /session/6a89fb51866d950e0bc97f386a060562/element/f.A6EC5B81BA07351D57539A0094149B7C.d.D5E65DAD5B19C5C2B2D38F7E88C3CE08.e.9205/clear - {}
RESULT: {}
RESULT: {}
COMMAND: POST /session/6a89fb51866d950e0bc97f386a060562/element/f.A6EC5B81BA07351D57539A0094149B7C.d.D5E65DAD5B19C5C2B2D38F7E88C3CE08.e.9205/value - {"text":"Service Unit Group"}
COMMAND: GET /session/6a89fb51866d950e0bc97f386a060562/screenshot - {}
RESULT: {"text":"Service Unit Group"}
COMMAND: GET /session/6a89fb51866d950e0bc97f386a060562/screenshot - {}
RESULT: {}
RESULT: {}
COMMAND: POST /session/6a89fb51866d950e0bc97f386a060562/actions - {"actions":[{"id":"action54","type":"key","parameters":{},"actions":[{"type":"keyDown","value":"î€‡"},{"type":"pause","duration":10},{"type":"keyUp","value":"î€‡"}]}]}
RESULT: {"actions":[{"id":"action54","type":"key","parameters":{},"actions":[{"type":"keyDown","value":"î€‡"},{"type":"pause","duration":10},{"type":"keyUp","value":"î€‡"}]}]}
COMMAND: GET /session/6a89fb51866d950e0bc97f386a060562/screenshot - {}
RESULT: {}
COMMAND: POST /session/6a89fb51866d950e0bc97f386a060562/actions - {"actions":[{"id":"action55","type":"key","parameters":{},"actions":[{"type":"keyDown","value":"î€‡"},{"type":"pause","duration":10},{"type":"keyUp","value":"î€‡"}]}]}
RESULT: {"actions":[{"id":"action55","type":"key","parameters":{},"actions":[{"type":"keyDown","value":"î€‡"},{"type":"pause","duration":10},{"type":"keyUp","value":"î€‡"}]}]}
COMMAND: POST /session/6a89fb51866d950e0bc97f386a060562/element - {"using":"xpath","value":"(//td[7]/div/div/input)[2]"}
COMMAND: GET /session/6a89fb51866d950e0bc97f386a060562/screenshot - {}
RESULT: {"using":"xpath","value":"(//td[7]/div/div/input)[2]"}
COMMAND: POST /session/6a89fb51866d950e0bc97f386a060562/element/f.A6EC5B81BA07351D57539A0094149B7C.d.D5E65DAD5B19C5C2B2D38F7E88C3CE08.e.9262/clear - {}
RESULT: {}
RESULT: {}
COMMAND: POST /session/6a89fb51866d950e0bc97f386a060562/element/f.A6EC5B81BA07351D57539A0094149B7C.d.D5E65DAD5B19C5C2B2D38F7E88C3CE08.e.9262/value - {"text":"1100001"}
COMMAND: GET /session/6a89fb51866d950e0bc97f386a060562/screenshot - {}
RESULT: {"text":"1100001"}
COMMAND: GET /session/6a89fb51866d950e0bc97f386a060562/screenshot - {}
RESULT: {}
RESULT: {}
COMMAND: POST /session/6a89fb51866d950e0bc97f386a060562/actions - {"actions":[{"id":"action56","type":"key","parameters":{},"actions":[{"type":"keyDown","value":"î€‡"},{"type":"pause","duration":10},{"type":"keyUp","value":"î€‡"}]}]}
RESULT: {"actions":[{"id":"action56","type":"key","parameters":{},"actions":[{"type":"keyDown","value":"î€‡"},{"type":"pause","duration":10},{"type":"keyUp","value":"î€‡"}]}]}
COMMAND: GET /session/6a89fb51866d950e0bc97f386a060562/screenshot - {}
RESULT: {}
COMMAND: POST /session/6a89fb51866d950e0bc97f386a060562/actions - {"actions":[{"id":"action57","type":"key","parameters":{},"actions":[{"type":"keyDown","value":"î€‡"},{"type":"pause","duration":10},{"type":"keyUp","value":"î€‡"}]}]}
RESULT: {"actions":[{"id":"action57","type":"key","parameters":{},"actions":[{"type":"keyDown","value":"î€‡"},{"type":"pause","duration":10},{"type":"keyUp","value":"î€‡"}]}]}
COMMAND: GET /session/6a89fb51866d950e0bc97f386a060562/screenshot - {}
RESULT: {}
COMMAND: POST /session/6a89fb51866d950e0bc97f386a060562/element - {"using":"xpath","value":"(//button[@data-kt=\"saveButton\"])[2]"}
RESULT: {"using":"xpath","value":"(//button[@data-kt=\"saveButton\"])[2]"}
COMMAND: POST /session/6a89fb51866d950e0bc97f386a060562/element/f.A6EC5B81BA07351D57539A0094149B7C.d.D5E65DAD5B19C5C2B2D38F7E88C3CE08.e.9286/click - {}
RESULT: {}
COMMAND: GET /session/6a89fb51866d950e0bc97f386a060562/screenshot - {}
RESULT: {}
COMMAND: POST /session/6a89fb51866d950e0bc97f386a060562/element - {"using":"xpath","value":"(//span[contains(text(), \"Additional Addresses\")])[1]"}
RESULT: {"using":"xpath","value":"(//span[contains(text(), \"Additional Addresses\")])[1]"}
COMMAND: POST /session/6a89fb51866d950e0bc97f386a060562/element/f.A6EC5B81BA07351D57539A0094149B7C.d.D5E65DAD5B19C5C2B2D38F7E88C3CE08.e.9289/click - {}
RESULT: {}
COMMAND: GET /session/6a89fb51866d950e0bc97f386a060562/screenshot - {}
RESULT: {}
COMMAND: POST /session/6a89fb51866d950e0bc97f386a060562/execute/async - {"script":"<script> [1562 bytes]","args":[{"selector":{"controlType":"sap.m.Title","viewName":"etm.portal.ui.managecontracts.view.Detail","properties":{"text":"Contract Items (2)"}},"wdio_ui5_key":"etmportal.ui.managecontracts.view.Detailsap.m.Title{\"text\":\"Contract Items (2)\"}"}]}
RESULT: {"script":"<script> [1562 bytes]","args":[{"selector":{"controlType":"sap.m.Title","viewName":"etm.portal.ui.managecontracts.view.Detail","properties":{"text":"Contract Items (2)"}},"wdio_ui5_key":"etmportal.ui.managecontracts.view.Detailsap.m.Title{\"text\":\"Contract Items (2)\"}"}]}
RESULT: undefined
COMMAND: POST /session/6a89fb51866d950e0bc97f386a060562/execute/async - {"script":"<script> [6424 bytes]","args":[{"element-6066-11e4-a52e-4f735466cecf":"f.A6EC5B81BA07351D57539A0094149B7C.d.D5E65DAD5B19C5C2B2D38F7E88C3CE08.e.9291"},"getText",[]]}
RESULT: {"script":"<script> [6424 bytes]","args":[{"element-6066-11e4-a52e-4f735466cecf":"f.A6EC5B81BA07351D57539A0094149B7C.d.D5E65DAD5B19C5C2B2D38F7E88C3CE08.e.9291"},"getText",[]]}
COMMAND: POST /session/6a89fb51866d950e0bc97f386a060562/element - {"using":"xpath","value":"(//span[contains(@class ,\"sapMObjStatusText\")])[1]"}
RESULT: {"using":"xpath","value":"(//span[contains(@class ,\"sapMObjStatusText\")])[1]"}
COMMAND: GET /session/6a89fb51866d950e0bc97f386a060562/element/f.A6EC5B81BA07351D57539A0094149B7C.d.D5E65DAD5B19C5C2B2D38F7E88C3CE08.e.9292/text - {}
RESULT: {}
COMMAND: POST /session/6a89fb51866d950e0bc97f386a060562/element - {"using":"xpath","value":"(//span[contains(@class ,\"sapMObjStatusText\")])[4]"}
RESULT: {"using":"xpath","value":"(//span[contains(@class ,\"sapMObjStatusText\")])[4]"}
COMMAND: GET /session/6a89fb51866d950e0bc97f386a060562/element/f.A6EC5B81BA07351D57539A0094149B7C.d.D5E65DAD5B19C5C2B2D38F7E88C3CE08.e.9293/text - {}
RESULT: {}
COMMAND: POST /session/6a89fb51866d950e0bc97f386a060562/element - {"using":"css selector","value":"#shell-header-logo"}
RESULT: {"using":"css selector","value":"#shell-header-logo"}
COMMAND: POST /session/6a89fb51866d950e0bc97f386a060562/element/f.A6EC5B81BA07351D57539A0094149B7C.d.D5E65DAD5B19C5C2B2D38F7E88C3CE08.e.8734/click - {}
RESULT: {}
COMMAND: GET /session/6a89fb51866d950e0bc97f386a060562/screenshot - {}
RESULT: {}
]]></system-out>
    </testcase>
  </testsuite>
  <testsuite timestamp="2025-05-06T18:18:24" time="208.032" tests="2" failures="0" errors="0" skipped="0">
    <properties>
      <property name="specId" value="0" />
      <property name="suiteName" value="Reduced contract US151275" />
      <property name="capabilities" value="chrome.135_0_7049_115.windows" />
      <property name="file" value="file:///D:/a/1/s/test/specs/R2C/reduced-contract-creation.spec.js" />
    </properties>
    <testcase classname="chrome.135_0_7049_115.windows.Reduced_contract_US151275" name="Should create a new reduced contract" time="146.822">
      <system-out><![CDATA[
RESULT: undefined
COMMAND: POST /session/6a89fb51866d950e0bc97f386a060562/element - {"using":"xpath","value":"//*[@id=\"__tile130\"]"}
RESULT: {"using":"xpath","value":"//*[@id=\"__tile130\"]"}
COMMAND: POST /session/6a89fb51866d950e0bc97f386a060562/element/f.A6EC5B81BA07351D57539A0094149B7C.d.D5E65DAD5B19C5C2B2D38F7E88C3CE08.e.8364/click - {}
RESULT: {}
COMMAND: GET /session/6a89fb51866d950e0bc97f386a060562/screenshot - {}
RESULT: {}
COMMAND: POST /session/6a89fb51866d950e0bc97f386a060562/element - {"using":"xpath","value":"//button[@data-kt=\"addButton\"]"}
RESULT: {"using":"xpath","value":"//button[@data-kt=\"addButton\"]"}
COMMAND: POST /session/6a89fb51866d950e0bc97f386a060562/element/f.A6EC5B81BA07351D57539A0094149B7C.d.D5E65DAD5B19C5C2B2D38F7E88C3CE08.e.9367/click - {}
RESULT: {}
COMMAND: GET /session/6a89fb51866d950e0bc97f386a060562/screenshot - {}
RESULT: {}
COMMAND: POST /session/6a89fb51866d950e0bc97f386a060562/refresh - {}
RESULT: {}
COMMAND: GET /session/6a89fb51866d950e0bc97f386a060562/screenshot - {}
RESULT: {}
COMMAND: POST /session/6a89fb51866d950e0bc97f386a060562/execute/async - {"script":"<script> [189 bytes]","args":[]}
RESULT: {"script":"<script> [189 bytes]","args":[]}
COMMAND: POST /session/6a89fb51866d950e0bc97f386a060562/execute/async - {"script":"<script> [123 bytes]","args":[]}
RESULT: {"script":"<script> [123 bytes]","args":[]}
COMMAND: POST /session/6a89fb51866d950e0bc97f386a060562/timeouts - {"script":"<number>"}
RESULT: {"script":"<number>"}
COMMAND: GET /session/6a89fb51866d950e0bc97f386a060562/timeouts - {}
RESULT: {}
RESULT: undefined
COMMAND: POST /session/6a89fb51866d950e0bc97f386a060562/execute/async - {"script":"<script> [2676 bytes]","args":[]}
RESULT: {"script":"<script> [2676 bytes]","args":[]}
COMMAND: POST /session/6a89fb51866d950e0bc97f386a060562/execute/async - {"script":"<script> [2342 bytes]","args":[{"protocol":"http","hostname":"0.0.0.0","path":"/","capabilities":{"browserName":"chrome","goog:chromeOptions":{"binary":"C:\\Program Files\\Google\\Chrome\\Application\\chrome.exe","args":["--start-maximized"]}},"logLevel":"warn","connectionRetryTimeout":120000,"connectionRetryCount":3,"logLevels":{},"enableDirectConnect":true,"strictSSL":true,"_":"65 more keys: [\"cacheDir\",\"port\",\"requestedCapabilities\",\"automationProtocol\",\"baseUrl\",\"waitforInterval\",\"waitforTimeout\",\"onReload\",\"beforeCommand\",\"afterCommand\",\"rootDir\",\"specs\",\"suites\",\"exclude\",\"groupLogsByTestSpec\",\"excludeDriverLogs\",\"bail\",\"framework\",\"reporters\",\"services\",\"maxInstances\",\"maxInstancesPerCapability\",\"injectGlobals\",\"filesToWatch\",\"execArgv\",\"runnerEnv\",\"runner\",\"shard\",\"specFileRetries\",\"specFileRetriesDelay\",\"specFileRetriesDeferred\",\"reporterSyncInterval\",\"reporterSyncTimeout\",\"cucumberFeaturesWithLineNumbers\",\"autoCompileOpts\",\"mochaOpts\",\"jasmineOpts\",\"cucumberOpts\",\"onPrepare\",\"onWorkerStart\",\"onWorkerEnd\",\"before\",\"beforeSession\",\"beforeSuite\",\"beforeHook\",\"beforeTest\",\"afterTest\",\"afterHook\",\"afterSuite\",\"afterSession\",\"after\",\"onComplete\",\"beforeAssertion\",\"afterAssertion\",\"beforeFeature\",\"beforeScenario\",\"beforeStep\",\"afterStep\",\"afterScenario\",\"afterFeature\",\"_\",\"suite\",\"$0\",\"ignoredWorkerServices\",\"wdi5\"]"}]}
RESULT: {"script":"<script> [2342 bytes]","args":[{"protocol":"http","hostname":"0.0.0.0","path":"/","capabilities":{"browserName":"chrome","goog:chromeOptions":{"binary":"C:\\Program Files\\Google\\Chrome\\Application\\chrome.exe","args":["--start-maximized"]}},"logLevel":"warn","connectionRetryTimeout":120000,"connectionRetryCount":3,"logLevels":{},"enableDirectConnect":true,"strictSSL":true,"_":"65 more keys: [\"cacheDir\",\"port\",\"requestedCapabilities\",\"automationProtocol\",\"baseUrl\",\"waitforInterval\",\"waitforTimeout\",\"onReload\",\"beforeCommand\",\"afterCommand\",\"rootDir\",\"specs\",\"suites\",\"exclude\",\"groupLogsByTestSpec\",\"excludeDriverLogs\",\"bail\",\"framework\",\"reporters\",\"services\",\"maxInstances\",\"maxInstancesPerCapability\",\"injectGlobals\",\"filesToWatch\",\"execArgv\",\"runnerEnv\",\"runner\",\"shard\",\"specFileRetries\",\"specFileRetriesDelay\",\"specFileRetriesDeferred\",\"reporterSyncInterval\",\"reporterSyncTimeout\",\"cucumberFeaturesWithLineNumbers\",\"autoCompileOpts\",\"mochaOpts\",\"jasmineOpts\",\"cucumberOpts\",\"onPrepare\",\"onWorkerStart\",\"onWorkerEnd\",\"before\",\"beforeSession\",\"beforeSuite\",\"beforeHook\",\"beforeTest\",\"afterTest\",\"afterHook\",\"afterSuite\",\"afterSession\",\"after\",\"onComplete\",\"beforeAssertion\",\"afterAssertion\",\"beforeFeature\",\"beforeScenario\",\"beforeStep\",\"afterStep\",\"afterScenario\",\"afterFeature\",\"_\",\"suite\",\"$0\",\"ignoredWorkerServices\",\"wdi5\"]"}]}
COMMAND: POST /session/6a89fb51866d950e0bc97f386a060562/execute/async - {"script":"<script> [21126 bytes]","args":[35000]}
RESULT: {"script":"<script> [21126 bytes]","args":[35000]}
COMMAND: POST /session/6a89fb51866d950e0bc97f386a060562/execute/async - {"script":"<script> [1562 bytes]","args":[{"selector":{"id":"application-managecontracts-display-component---AddNewContract--contractType","interaction":{"idSuffix":"arrow"}},"wdio_ui5_key":"applicationmanagecontracts-display-component---AddNewContract--contractType"}]}
RESULT: {"script":"<script> [1562 bytes]","args":[{"selector":{"id":"application-managecontracts-display-component---AddNewContract--contractType","interaction":{"idSuffix":"arrow"}},"wdio_ui5_key":"applicationmanagecontracts-display-component---AddNewContract--contractType"}]}
RESULT: undefined
COMMAND: POST /session/6a89fb51866d950e0bc97f386a060562/element - {"using":"xpath","value":"//*[@id=\"application-managecontracts-display-component---AddNewContract--contractType\"]"}
RESULT: {"using":"xpath","value":"//*[@id=\"application-managecontracts-display-component---AddNewContract--contractType\"]"}
COMMAND: POST /session/6a89fb51866d950e0bc97f386a060562/element/f.A6EC5B81BA07351D57539A0094149B7C.d.AC9FD32E7AAC37DD48B15EBE6D67B73D.e.9805/click - {}
RESULT: {}
COMMAND: GET /session/6a89fb51866d950e0bc97f386a060562/screenshot - {}
RESULT: {}
COMMAND: POST /session/6a89fb51866d950e0bc97f386a060562/execute/async - {"script":"<script> [1562 bytes]","args":[{"selector":{"controlType":"sap.ui.core.Item","viewName":"etm.portal.ui.managecontracts.view.AddNewContract","viewId":"application-managecontracts-display-component---AddNewContract","bindingPath":{"path":"/ContractTypes('02')","propertyPath":"ID","modelName":"catalogModel"},"searchOpenDialogs":true},"wdio_ui5_key":"etmportal.ui.managecontracts.view.AddNewContractsap.ui.core.Item{\"path\":\"/ContractTypes('02')\",\"propertyPath\":\"ID\",\"modelName\":\"catalogModel\"}"}]}
RESULT: {"script":"<script> [1562 bytes]","args":[{"selector":{"controlType":"sap.ui.core.Item","viewName":"etm.portal.ui.managecontracts.view.AddNewContract","viewId":"application-managecontracts-display-component---AddNewContract","bindingPath":{"path":"/ContractTypes('02')","propertyPath":"ID","modelName":"catalogModel"},"searchOpenDialogs":true},"wdio_ui5_key":"etmportal.ui.managecontracts.view.AddNewContractsap.ui.core.Item{\"path\":\"/ContractTypes('02')\",\"propertyPath\":\"ID\",\"modelName\":\"catalogModel\"}"}]}
RESULT: undefined
COMMAND: POST /session/6a89fb51866d950e0bc97f386a060562/element - {"using":"xpath","value":"//*[@id=\"__item45-application-managecontracts-display-component---AddNewContract--contractType-1\"]"}
RESULT: {"using":"xpath","value":"//*[@id=\"__item45-application-managecontracts-display-component---AddNewContract--contractType-1\"]"}
COMMAND: POST /session/6a89fb51866d950e0bc97f386a060562/element/f.A6EC5B81BA07351D57539A0094149B7C.d.AC9FD32E7AAC37DD48B15EBE6D67B73D.e.9806/click - {}
RESULT: {}
COMMAND: GET /session/6a89fb51866d950e0bc97f386a060562/screenshot - {}
RESULT: {}
COMMAND: POST /session/6a89fb51866d950e0bc97f386a060562/execute/async - {"script":"<script> [1562 bytes]","args":[{"selector":{"id":"application-managecontracts-display-component---AddNewContract--projectDescription","interaction":{"idSuffix":"inner"}},"wdio_ui5_key":"applicationmanagecontracts-display-component---AddNewContract--projectDescription"}]}
RESULT: {"script":"<script> [1562 bytes]","args":[{"selector":{"id":"application-managecontracts-display-component---AddNewContract--projectDescription","interaction":{"idSuffix":"inner"}},"wdio_ui5_key":"applicationmanagecontracts-display-component---AddNewContract--projectDescription"}]}
RESULT: undefined
COMMAND: POST /session/6a89fb51866d950e0bc97f386a060562/execute/async - {"script":"<script> [776 bytes]","args":[{"enterText":"WdIOReduced8uqb1","selector":{"id":"application-managecontracts-display-component---AddNewContract--projectDescription","interaction":{"idSuffix":"inner"}},"clearTextFirst":true,"interactionType":"ENTER_TEXT"}]}
RESULT: {"script":"<script> [776 bytes]","args":[{"enterText":"WdIOReduced8uqb1","selector":{"id":"application-managecontracts-display-component---AddNewContract--projectDescription","interaction":{"idSuffix":"inner"}},"clearTextFirst":true,"interactionType":"ENTER_TEXT"}]}
COMMAND: POST /session/6a89fb51866d950e0bc97f386a060562/element - {"using":"xpath","value":"//input[@id=\"application-managecontracts-display-component---AddNewContract--yardId-inner\"]"}
RESULT: {"using":"xpath","value":"//input[@id=\"application-managecontracts-display-component---AddNewContract--yardId-inner\"]"}
COMMAND: POST /session/6a89fb51866d950e0bc97f386a060562/element/f.A6EC5B81BA07351D57539A0094149B7C.d.AC9FD32E7AAC37DD48B15EBE6D67B73D.e.9731/clear - {}
RESULT: {}
COMMAND: POST /session/6a89fb51866d950e0bc97f386a060562/element/f.A6EC5B81BA07351D57539A0094149B7C.d.AC9FD32E7AAC37DD48B15EBE6D67B73D.e.9731/value - {"text":"WebdriverYard87g2b"}
COMMAND: GET /session/6a89fb51866d950e0bc97f386a060562/screenshot - {}
RESULT: {"text":"WebdriverYard87g2b"}
COMMAND: GET /session/6a89fb51866d950e0bc97f386a060562/screenshot - {}
RESULT: {}
RESULT: {}
COMMAND: POST /session/6a89fb51866d950e0bc97f386a060562/actions - {"actions":[{"id":"action58","type":"key","parameters":{},"actions":[{"type":"keyDown","value":"î€‡"},{"type":"pause","duration":10},{"type":"keyUp","value":"î€‡"}]}]}
RESULT: {"actions":[{"id":"action58","type":"key","parameters":{},"actions":[{"type":"keyDown","value":"î€‡"},{"type":"pause","duration":10},{"type":"keyUp","value":"î€‡"}]}]}
COMMAND: GET /session/6a89fb51866d950e0bc97f386a060562/screenshot - {}
RESULT: {}
COMMAND: POST /session/6a89fb51866d950e0bc97f386a060562/element - {"using":"xpath","value":"//input[@id=\"application-managecontracts-display-component---AddNewContract--customerSelect-inner\"]"}
RESULT: {"using":"xpath","value":"//input[@id=\"application-managecontracts-display-component---AddNewContract--customerSelect-inner\"]"}
COMMAND: POST /session/6a89fb51866d950e0bc97f386a060562/element/f.A6EC5B81BA07351D57539A0094149B7C.d.AC9FD32E7AAC37DD48B15EBE6D67B73D.e.9729/clear - {}
RESULT: {}
COMMAND: POST /session/6a89fb51866d950e0bc97f386a060562/element/f.A6EC5B81BA07351D57539A0094149B7C.d.AC9FD32E7AAC37DD48B15EBE6D67B73D.e.9729/value - {"text":"WebdriverPartnerqoxb8"}
COMMAND: GET /session/6a89fb51866d950e0bc97f386a060562/screenshot - {}
RESULT: {"text":"WebdriverPartnerqoxb8"}
COMMAND: GET /session/6a89fb51866d950e0bc97f386a060562/screenshot - {}
RESULT: {}
RESULT: {}
COMMAND: POST /session/6a89fb51866d950e0bc97f386a060562/actions - {"actions":[{"id":"action59","type":"key","parameters":{},"actions":[{"type":"keyDown","value":"î€‡"},{"type":"pause","duration":10},{"type":"keyUp","value":"î€‡"}]}]}
RESULT: {"actions":[{"id":"action59","type":"key","parameters":{},"actions":[{"type":"keyDown","value":"î€‡"},{"type":"pause","duration":10},{"type":"keyUp","value":"î€‡"}]}]}
COMMAND: GET /session/6a89fb51866d950e0bc97f386a060562/screenshot - {}
RESULT: {}
COMMAND: POST /session/6a89fb51866d950e0bc97f386a060562/execute/async - {"script":"<script> [1562 bytes]","args":[{"selector":{"id":"application-managecontracts-display-component---AddNewContract--calendarInput-arrow"},"wdio_ui5_key":"applicationmanagecontracts-display-component---AddNewContract--calendarInput-arrow"}]}
RESULT: {"script":"<script> [1562 bytes]","args":[{"selector":{"id":"application-managecontracts-display-component---AddNewContract--calendarInput-arrow"},"wdio_ui5_key":"applicationmanagecontracts-display-component---AddNewContract--calendarInput-arrow"}]}
RESULT: undefined
COMMAND: POST /session/6a89fb51866d950e0bc97f386a060562/element - {"using":"xpath","value":"//*[@id=\"application-managecontracts-display-component---AddNewContract--calendarInput-arrow\"]"}
RESULT: {"using":"xpath","value":"//*[@id=\"application-managecontracts-display-component---AddNewContract--calendarInput-arrow\"]"}
COMMAND: POST /session/6a89fb51866d950e0bc97f386a060562/element/f.A6EC5B81BA07351D57539A0094149B7C.d.AC9FD32E7AAC37DD48B15EBE6D67B73D.e.9810/click - {}
RESULT: {}
COMMAND: GET /session/6a89fb51866d950e0bc97f386a060562/screenshot - {}
RESULT: {}
COMMAND: POST /session/6a89fb51866d950e0bc97f386a060562/execute/async - {"script":"<script> [1562 bytes]","args":[{"selector":{"controlType":"sap.m.StandardListItem","viewName":"etm.portal.ui.managecontracts.view.AddNewContract","viewId":"application-managecontracts-display-component---AddNewContract","properties":{"title":"1 - Calendar unit test patch"},"searchOpenDialogs":true,"interaction":{"idSuffix":"titleText"}},"wdio_ui5_key":"etmportal.ui.managecontracts.view.AddNewContractsap.m.StandardListItem{\"title\":\"1 - Calendar unit test patch\"}"}]}
RESULT: {"script":"<script> [1562 bytes]","args":[{"selector":{"controlType":"sap.m.StandardListItem","viewName":"etm.portal.ui.managecontracts.view.AddNewContract","viewId":"application-managecontracts-display-component---AddNewContract","properties":{"title":"1 - Calendar unit test patch"},"searchOpenDialogs":true,"interaction":{"idSuffix":"titleText"}},"wdio_ui5_key":"etmportal.ui.managecontracts.view.AddNewContractsap.m.StandardListItem{\"title\":\"1 - Calendar unit test patch\"}"}]}
RESULT: undefined
COMMAND: POST /session/6a89fb51866d950e0bc97f386a060562/element - {"using":"xpath","value":"//*[@id=\"__item1118\"]"}
RESULT: {"using":"xpath","value":"//*[@id=\"__item1118\"]"}
COMMAND: POST /session/6a89fb51866d950e0bc97f386a060562/element/f.A6EC5B81BA07351D57539A0094149B7C.d.AC9FD32E7AAC37DD48B15EBE6D67B73D.e.9812/click - {}
RESULT: {}
COMMAND: GET /session/6a89fb51866d950e0bc97f386a060562/screenshot - {}
RESULT: {}
COMMAND: POST /session/6a89fb51866d950e0bc97f386a060562/execute/async - {"script":"<script> [1562 bytes]","args":[{"selector":{"id":"application-managecontracts-display-component---AddNewContract--streetInput","interaction":{"idSuffix":"inner"}},"wdio_ui5_key":"applicationmanagecontracts-display-component---AddNewContract--streetInput"}]}
RESULT: {"script":"<script> [1562 bytes]","args":[{"selector":{"id":"application-managecontracts-display-component---AddNewContract--streetInput","interaction":{"idSuffix":"inner"}},"wdio_ui5_key":"applicationmanagecontracts-display-component---AddNewContract--streetInput"}]}
RESULT: undefined
COMMAND: POST /session/6a89fb51866d950e0bc97f386a060562/execute/async - {"script":"<script> [776 bytes]","args":[{"enterText":"StreetWdIO","selector":{"id":"application-managecontracts-display-component---AddNewContract--streetInput","interaction":{"idSuffix":"inner"}},"clearTextFirst":true,"interactionType":"ENTER_TEXT"}]}
RESULT: {"script":"<script> [776 bytes]","args":[{"enterText":"StreetWdIO","selector":{"id":"application-managecontracts-display-component---AddNewContract--streetInput","interaction":{"idSuffix":"inner"}},"clearTextFirst":true,"interactionType":"ENTER_TEXT"}]}
COMMAND: POST /session/6a89fb51866d950e0bc97f386a060562/execute/async - {"script":"<script> [1562 bytes]","args":[{"selector":{"id":"application-managecontracts-display-component---AddNewContract--numberInput","interaction":{"idSuffix":"inner"}},"wdio_ui5_key":"applicationmanagecontracts-display-component---AddNewContract--numberInput"}]}
RESULT: {"script":"<script> [1562 bytes]","args":[{"selector":{"id":"application-managecontracts-display-component---AddNewContract--numberInput","interaction":{"idSuffix":"inner"}},"wdio_ui5_key":"applicationmanagecontracts-display-component---AddNewContract--numberInput"}]}
RESULT: undefined
COMMAND: POST /session/6a89fb51866d950e0bc97f386a060562/execute/async - {"script":"<script> [776 bytes]","args":[{"enterText":"3","selector":{"id":"application-managecontracts-display-component---AddNewContract--numberInput","interaction":{"idSuffix":"inner"}},"clearTextFirst":true,"interactionType":"ENTER_TEXT"}]}
RESULT: {"script":"<script> [776 bytes]","args":[{"enterText":"3","selector":{"id":"application-managecontracts-display-component---AddNewContract--numberInput","interaction":{"idSuffix":"inner"}},"clearTextFirst":true,"interactionType":"ENTER_TEXT"}]}
COMMAND: POST /session/6a89fb51866d950e0bc97f386a060562/execute/async - {"script":"<script> [1562 bytes]","args":[{"selector":{"id":"application-managecontracts-display-component---AddNewContract--cityInput","interaction":{"idSuffix":"inner"}},"wdio_ui5_key":"applicationmanagecontracts-display-component---AddNewContract--cityInput"}]}
RESULT: {"script":"<script> [1562 bytes]","args":[{"selector":{"id":"application-managecontracts-display-component---AddNewContract--cityInput","interaction":{"idSuffix":"inner"}},"wdio_ui5_key":"applicationmanagecontracts-display-component---AddNewContract--cityInput"}]}
RESULT: undefined
COMMAND: POST /session/6a89fb51866d950e0bc97f386a060562/execute/async - {"script":"<script> [776 bytes]","args":[{"enterText":"Bucharest","selector":{"id":"application-managecontracts-display-component---AddNewContract--cityInput","interaction":{"idSuffix":"inner"}},"clearTextFirst":true,"interactionType":"ENTER_TEXT"}]}
RESULT: {"script":"<script> [776 bytes]","args":[{"enterText":"Bucharest","selector":{"id":"application-managecontracts-display-component---AddNewContract--cityInput","interaction":{"idSuffix":"inner"}},"clearTextFirst":true,"interactionType":"ENTER_TEXT"}]}
COMMAND: POST /session/6a89fb51866d950e0bc97f386a060562/execute/async - {"script":"<script> [1562 bytes]","args":[{"selector":{"id":"application-managecontracts-display-component---AddNewContract--zipInput","interaction":{"idSuffix":"inner"}},"wdio_ui5_key":"applicationmanagecontracts-display-component---AddNewContract--zipInput"}]}
RESULT: {"script":"<script> [1562 bytes]","args":[{"selector":{"id":"application-managecontracts-display-component---AddNewContract--zipInput","interaction":{"idSuffix":"inner"}},"wdio_ui5_key":"applicationmanagecontracts-display-component---AddNewContract--zipInput"}]}
RESULT: undefined
COMMAND: POST /session/6a89fb51866d950e0bc97f386a060562/execute/async - {"script":"<script> [776 bytes]","args":[{"enterText":"021210","selector":{"id":"application-managecontracts-display-component---AddNewContract--zipInput","interaction":{"idSuffix":"inner"}},"clearTextFirst":true,"interactionType":"ENTER_TEXT"}]}
RESULT: {"script":"<script> [776 bytes]","args":[{"enterText":"021210","selector":{"id":"application-managecontracts-display-component---AddNewContract--zipInput","interaction":{"idSuffix":"inner"}},"clearTextFirst":true,"interactionType":"ENTER_TEXT"}]}
COMMAND: POST /session/6a89fb51866d950e0bc97f386a060562/element - {"using":"xpath","value":"//bdi[contains(@id ,\"application-managecontracts-display-component---AddNewContract--saveBtn-BDI-content\")]"}
RESULT: {"using":"xpath","value":"//bdi[contains(@id ,\"application-managecontracts-display-component---AddNewContract--saveBtn-BDI-content\")]"}
COMMAND: POST /session/6a89fb51866d950e0bc97f386a060562/element/f.A6EC5B81BA07351D57539A0094149B7C.d.AC9FD32E7AAC37DD48B15EBE6D67B73D.e.9817/click - {}
RESULT: {}
COMMAND: GET /session/6a89fb51866d950e0bc97f386a060562/screenshot - {}
RESULT: {}
COMMAND: POST /session/6a89fb51866d950e0bc97f386a060562/element - {"using":"xpath","value":"//button[contains(@data-kt ,\"contractDetailEditBtnButton\")]"}
RESULT: {"using":"xpath","value":"//button[contains(@data-kt ,\"contractDetailEditBtnButton\")]"}
COMMAND: POST /session/6a89fb51866d950e0bc97f386a060562/execute/sync - {"script":"<script> [8489 bytes]","args":[{"element-6066-11e4-a52e-4f735466cecf":"f.A6EC5B81BA07351D57539A0094149B7C.d.AC9FD32E7AAC37DD48B15EBE6D67B73D.e.9889","ELEMENT":"f.A6EC5B81BA07351D57539A0094149B7C.d.AC9FD32E7AAC37DD48B15EBE6D67B73D.e.9889"}]}
RESULT: {"script":"<script> [8489 bytes]","args":[{"element-6066-11e4-a52e-4f735466cecf":"f.A6EC5B81BA07351D57539A0094149B7C.d.AC9FD32E7AAC37DD48B15EBE6D67B73D.e.9889","ELEMENT":"f.A6EC5B81BA07351D57539A0094149B7C.d.AC9FD32E7AAC37DD48B15EBE6D67B73D.e.9889"}]}
COMMAND: POST /session/6a89fb51866d950e0bc97f386a060562/execute/sync - {"script":"<script> [8489 bytes]","args":[{"element-6066-11e4-a52e-4f735466cecf":"f.A6EC5B81BA07351D57539A0094149B7C.d.AC9FD32E7AAC37DD48B15EBE6D67B73D.e.9889","ELEMENT":"f.A6EC5B81BA07351D57539A0094149B7C.d.AC9FD32E7AAC37DD48B15EBE6D67B73D.e.9889"}]}
RESULT: {"script":"<script> [8489 bytes]","args":[{"element-6066-11e4-a52e-4f735466cecf":"f.A6EC5B81BA07351D57539A0094149B7C.d.AC9FD32E7AAC37DD48B15EBE6D67B73D.e.9889","ELEMENT":"f.A6EC5B81BA07351D57539A0094149B7C.d.AC9FD32E7AAC37DD48B15EBE6D67B73D.e.9889"}]}
COMMAND: POST /session/6a89fb51866d950e0bc97f386a060562/execute/sync - {"script":"<script> [5351 bytes]","args":[{"element-6066-11e4-a52e-4f735466cecf":"f.A6EC5B81BA07351D57539A0094149B7C.d.AC9FD32E7AAC37DD48B15EBE6D67B73D.e.9889","ELEMENT":"f.A6EC5B81BA07351D57539A0094149B7C.d.AC9FD32E7AAC37DD48B15EBE6D67B73D.e.9889"}]}
COMMAND: GET /session/6a89fb51866d950e0bc97f386a060562/screenshot - {}
COMMAND: GET /session/6a89fb51866d950e0bc97f386a060562/screenshot - {}
RESULT: {"script":"<script> [5351 bytes]","args":[{"element-6066-11e4-a52e-4f735466cecf":"f.A6EC5B81BA07351D57539A0094149B7C.d.AC9FD32E7AAC37DD48B15EBE6D67B73D.e.9889","ELEMENT":"f.A6EC5B81BA07351D57539A0094149B7C.d.AC9FD32E7AAC37DD48B15EBE6D67B73D.e.9889"}]}
COMMAND: POST /session/6a89fb51866d950e0bc97f386a060562/execute/async - {"script":"<script> [1562 bytes]","args":[{"selector":{"controlType":"sap.m.Text","viewName":"etm.portal.ui.managecontracts.view.Detail","bindingPath":{"propertyPath":"LINK_TO_C_CONTRACT_TYPES/DESCRIPTION","modelName":"catalogModel"}},"wdio_ui5_key":"etmportal.ui.managecontracts.view.Detailsap.m.Text{\"propertyPath\":\"LINK_TO_C_CONTRACT_TYPES/DESCRIPTION\",\"modelName\":\"catalogModel\"}"}]}
COMMAND: GET /session/6a89fb51866d950e0bc97f386a060562/screenshot - {}
RESULT: {}
RESULT: {}
RESULT: {"script":"<script> [1562 bytes]","args":[{"selector":{"controlType":"sap.m.Text","viewName":"etm.portal.ui.managecontracts.view.Detail","bindingPath":{"propertyPath":"LINK_TO_C_CONTRACT_TYPES/DESCRIPTION","modelName":"catalogModel"}},"wdio_ui5_key":"etmportal.ui.managecontracts.view.Detailsap.m.Text{\"propertyPath\":\"LINK_TO_C_CONTRACT_TYPES/DESCRIPTION\",\"modelName\":\"catalogModel\"}"}]}
RESULT: undefined
COMMAND: POST /session/6a89fb51866d950e0bc97f386a060562/execute/async - {"script":"<script> [6424 bytes]","args":[{"element-6066-11e4-a52e-4f735466cecf":"f.A6EC5B81BA07351D57539A0094149B7C.d.AC9FD32E7AAC37DD48B15EBE6D67B73D.e.9890"},"getText",[]]}
RESULT: {}
RESULT: {"script":"<script> [6424 bytes]","args":[{"element-6066-11e4-a52e-4f735466cecf":"f.A6EC5B81BA07351D57539A0094149B7C.d.AC9FD32E7AAC37DD48B15EBE6D67B73D.e.9890"},"getText",[]]}
COMMAND: POST /session/6a89fb51866d950e0bc97f386a060562/element/f.A6EC5B81BA07351D57539A0094149B7C.d.AC9FD32E7AAC37DD48B15EBE6D67B73D.e.9889/click - {}
RESULT: {}
COMMAND: GET /session/6a89fb51866d950e0bc97f386a060562/screenshot - {}
RESULT: {}
]]></system-out>
    </testcase>
    <testcase classname="chrome.135_0_7049_115.windows.Reduced_contract_US151275" name="Should add a RU to the contract" time="55.163">
      <system-out><![CDATA[
COMMAND: POST /session/6a89fb51866d950e0bc97f386a060562/element - {"using":"xpath","value":"(//span[contains(text(), \"Header Billing Items\")])[2]"}
RESULT: {"using":"xpath","value":"(//span[contains(text(), \"Header Billing Items\")])[2]"}
COMMAND: POST /session/6a89fb51866d950e0bc97f386a060562/element/f.A6EC5B81BA07351D57539A0094149B7C.d.AC9FD32E7AAC37DD48B15EBE6D67B73D.e.9943/click - {}
RESULT: {}
COMMAND: GET /session/6a89fb51866d950e0bc97f386a060562/screenshot - {}
RESULT: {}
COMMAND: POST /session/6a89fb51866d950e0bc97f386a060562/element - {"using":"xpath","value":"//button[@data-kt=\"btnAddTableRowOverflowToolbarButton\"]"}
RESULT: {"using":"xpath","value":"//button[@data-kt=\"btnAddTableRowOverflowToolbarButton\"]"}
COMMAND: POST /session/6a89fb51866d950e0bc97f386a060562/element/f.A6EC5B81BA07351D57539A0094149B7C.d.AC9FD32E7AAC37DD48B15EBE6D67B73D.e.9947/click - {}
RESULT: {}
COMMAND: GET /session/6a89fb51866d950e0bc97f386a060562/screenshot - {}
RESULT: {}
COMMAND: POST /session/6a89fb51866d950e0bc97f386a060562/element - {"using":"xpath","value":"//div[(text() = 'Standard Entry' or . = 'Standard Entry')]"}
RESULT: {"using":"xpath","value":"//div[(text() = 'Standard Entry' or . = 'Standard Entry')]"}
COMMAND: POST /session/6a89fb51866d950e0bc97f386a060562/element/f.A6EC5B81BA07351D57539A0094149B7C.d.AC9FD32E7AAC37DD48B15EBE6D67B73D.e.9948/click - {}
RESULT: {}
COMMAND: POST /session/6a89fb51866d950e0bc97f386a060562/element - {"using":"xpath","value":"//td[6]/div/div/input[1]"}
COMMAND: GET /session/6a89fb51866d950e0bc97f386a060562/screenshot - {}
RESULT: {"using":"xpath","value":"//td[6]/div/div/input[1]"}
COMMAND: POST /session/6a89fb51866d950e0bc97f386a060562/element/f.A6EC5B81BA07351D57539A0094149B7C.d.AC9FD32E7AAC37DD48B15EBE6D67B73D.e.9950/click - {}
RESULT: {}
RESULT: {}
COMMAND: POST /session/6a89fb51866d950e0bc97f386a060562/actions - {"actions":[{"id":"action60","type":"key","parameters":{},"actions":[{"type":"keyDown","value":"î€ƒ"},{"type":"pause","duration":10},{"type":"keyUp","value":"î€ƒ"}]}]}
COMMAND: GET /session/6a89fb51866d950e0bc97f386a060562/screenshot - {}
RESULT: {"actions":[{"id":"action60","type":"key","parameters":{},"actions":[{"type":"keyDown","value":"î€ƒ"},{"type":"pause","duration":10},{"type":"keyUp","value":"î€ƒ"}]}]}
COMMAND: POST /session/6a89fb51866d950e0bc97f386a060562/element - {"using":"xpath","value":"//td[6]/div/div/input[1]"}
COMMAND: GET /session/6a89fb51866d950e0bc97f386a060562/screenshot - {}
RESULT: {}
RESULT: {"using":"xpath","value":"//td[6]/div/div/input[1]"}
COMMAND: POST /session/6a89fb51866d950e0bc97f386a060562/element/f.A6EC5B81BA07351D57539A0094149B7C.d.AC9FD32E7AAC37DD48B15EBE6D67B73D.e.9950/clear - {}
RESULT: {}
RESULT: {}
COMMAND: POST /session/6a89fb51866d950e0bc97f386a060562/element/f.A6EC5B81BA07351D57539A0094149B7C.d.AC9FD32E7AAC37DD48B15EBE6D67B73D.e.9950/value - {"text":"Material"}
COMMAND: GET /session/6a89fb51866d950e0bc97f386a060562/screenshot - {}
RESULT: {"text":"Material"}
COMMAND: GET /session/6a89fb51866d950e0bc97f386a060562/screenshot - {}
RESULT: {}
RESULT: {}
COMMAND: POST /session/6a89fb51866d950e0bc97f386a060562/actions - {"actions":[{"id":"action61","type":"key","parameters":{},"actions":[{"type":"keyDown","value":"î€‡"},{"type":"pause","duration":10},{"type":"keyUp","value":"î€‡"}]}]}
RESULT: {"actions":[{"id":"action61","type":"key","parameters":{},"actions":[{"type":"keyDown","value":"î€‡"},{"type":"pause","duration":10},{"type":"keyUp","value":"î€‡"}]}]}
COMMAND: GET /session/6a89fb51866d950e0bc97f386a060562/screenshot - {}
RESULT: {}
COMMAND: POST /session/6a89fb51866d950e0bc97f386a060562/actions - {"actions":[{"id":"action62","type":"key","parameters":{},"actions":[{"type":"keyDown","value":"î€‡"},{"type":"pause","duration":10},{"type":"keyUp","value":"î€‡"}]}]}
RESULT: {"actions":[{"id":"action62","type":"key","parameters":{},"actions":[{"type":"keyDown","value":"î€‡"},{"type":"pause","duration":10},{"type":"keyUp","value":"î€‡"}]}]}
COMMAND: POST /session/6a89fb51866d950e0bc97f386a060562/element - {"using":"xpath","value":"//td[7]/div/div/input"}
COMMAND: GET /session/6a89fb51866d950e0bc97f386a060562/screenshot - {}
RESULT: {"using":"xpath","value":"//td[7]/div/div/input"}
COMMAND: POST /session/6a89fb51866d950e0bc97f386a060562/element/f.A6EC5B81BA07351D57539A0094149B7C.d.AC9FD32E7AAC37DD48B15EBE6D67B73D.e.9963/clear - {}
RESULT: {}
RESULT: {}
COMMAND: POST /session/6a89fb51866d950e0bc97f386a060562/element/f.A6EC5B81BA07351D57539A0094149B7C.d.AC9FD32E7AAC37DD48B15EBE6D67B73D.e.9963/value - {"text":"WebdriverRUR2C"}
COMMAND: GET /session/6a89fb51866d950e0bc97f386a060562/screenshot - {}
RESULT: {"text":"WebdriverRUR2C"}
COMMAND: GET /session/6a89fb51866d950e0bc97f386a060562/screenshot - {}
RESULT: {}
RESULT: {}
COMMAND: POST /session/6a89fb51866d950e0bc97f386a060562/actions - {"actions":[{"id":"action63","type":"key","parameters":{},"actions":[{"type":"keyDown","value":"î€‡"},{"type":"pause","duration":10},{"type":"keyUp","value":"î€‡"}]}]}
RESULT: {"actions":[{"id":"action63","type":"key","parameters":{},"actions":[{"type":"keyDown","value":"î€‡"},{"type":"pause","duration":10},{"type":"keyUp","value":"î€‡"}]}]}
COMMAND: GET /session/6a89fb51866d950e0bc97f386a060562/screenshot - {}
RESULT: {}
COMMAND: POST /session/6a89fb51866d950e0bc97f386a060562/actions - {"actions":[{"id":"action64","type":"key","parameters":{},"actions":[{"type":"keyDown","value":"î€‡"},{"type":"pause","duration":10},{"type":"keyUp","value":"î€‡"}]}]}
RESULT: {"actions":[{"id":"action64","type":"key","parameters":{},"actions":[{"type":"keyDown","value":"î€‡"},{"type":"pause","duration":10},{"type":"keyUp","value":"î€‡"}]}]}
COMMAND: GET /session/6a89fb51866d950e0bc97f386a060562/screenshot - {}
RESULT: {}
COMMAND: POST /session/6a89fb51866d950e0bc97f386a060562/element - {"using":"xpath","value":"(//button[@data-kt=\"saveButton\"])[2]"}
RESULT: {"using":"xpath","value":"(//button[@data-kt=\"saveButton\"])[2]"}
COMMAND: POST /session/6a89fb51866d950e0bc97f386a060562/element/f.A6EC5B81BA07351D57539A0094149B7C.d.AC9FD32E7AAC37DD48B15EBE6D67B73D.e.9988/click - {}
RESULT: {}
COMMAND: GET /session/6a89fb51866d950e0bc97f386a060562/screenshot - {}
RESULT: {}
COMMAND: POST /session/6a89fb51866d950e0bc97f386a060562/element - {"using":"xpath","value":"//button[contains(@data-kt ,\"contractDetailEditBtnButton\")]"}
RESULT: {"using":"xpath","value":"//button[contains(@data-kt ,\"contractDetailEditBtnButton\")]"}
COMMAND: POST /session/6a89fb51866d950e0bc97f386a060562/execute/sync - {"script":"<script> [8489 bytes]","args":[{"element-6066-11e4-a52e-4f735466cecf":"f.A6EC5B81BA07351D57539A0094149B7C.d.AC9FD32E7AAC37DD48B15EBE6D67B73D.e.9889","ELEMENT":"f.A6EC5B81BA07351D57539A0094149B7C.d.AC9FD32E7AAC37DD48B15EBE6D67B73D.e.9889"}]}
RESULT: {"script":"<script> [8489 bytes]","args":[{"element-6066-11e4-a52e-4f735466cecf":"f.A6EC5B81BA07351D57539A0094149B7C.d.AC9FD32E7AAC37DD48B15EBE6D67B73D.e.9889","ELEMENT":"f.A6EC5B81BA07351D57539A0094149B7C.d.AC9FD32E7AAC37DD48B15EBE6D67B73D.e.9889"}]}
COMMAND: POST /session/6a89fb51866d950e0bc97f386a060562/execute/sync - {"script":"<script> [8489 bytes]","args":[{"element-6066-11e4-a52e-4f735466cecf":"f.A6EC5B81BA07351D57539A0094149B7C.d.AC9FD32E7AAC37DD48B15EBE6D67B73D.e.9889","ELEMENT":"f.A6EC5B81BA07351D57539A0094149B7C.d.AC9FD32E7AAC37DD48B15EBE6D67B73D.e.9889"}]}
COMMAND: GET /session/6a89fb51866d950e0bc97f386a060562/screenshot - {}
RESULT: {"script":"<script> [8489 bytes]","args":[{"element-6066-11e4-a52e-4f735466cecf":"f.A6EC5B81BA07351D57539A0094149B7C.d.AC9FD32E7AAC37DD48B15EBE6D67B73D.e.9889","ELEMENT":"f.A6EC5B81BA07351D57539A0094149B7C.d.AC9FD32E7AAC37DD48B15EBE6D67B73D.e.9889"}]}
COMMAND: POST /session/6a89fb51866d950e0bc97f386a060562/execute/sync - {"script":"<script> [5351 bytes]","args":[{"element-6066-11e4-a52e-4f735466cecf":"f.A6EC5B81BA07351D57539A0094149B7C.d.AC9FD32E7AAC37DD48B15EBE6D67B73D.e.9889","ELEMENT":"f.A6EC5B81BA07351D57539A0094149B7C.d.AC9FD32E7AAC37DD48B15EBE6D67B73D.e.9889"}]}
COMMAND: GET /session/6a89fb51866d950e0bc97f386a060562/screenshot - {}
RESULT: {}
RESULT: {"script":"<script> [5351 bytes]","args":[{"element-6066-11e4-a52e-4f735466cecf":"f.A6EC5B81BA07351D57539A0094149B7C.d.AC9FD32E7AAC37DD48B15EBE6D67B73D.e.9889","ELEMENT":"f.A6EC5B81BA07351D57539A0094149B7C.d.AC9FD32E7AAC37DD48B15EBE6D67B73D.e.9889"}]}
COMMAND: POST /session/6a89fb51866d950e0bc97f386a060562/element - {"using":"xpath","value":"(//span[contains(text(), \"Header Billing Items\")])[1]"}
COMMAND: GET /session/6a89fb51866d950e0bc97f386a060562/screenshot - {}
RESULT: {}
RESULT: {"using":"xpath","value":"(//span[contains(text(), \"Header Billing Items\")])[1]"}
COMMAND: POST /session/6a89fb51866d950e0bc97f386a060562/element/f.A6EC5B81BA07351D57539A0094149B7C.d.AC9FD32E7AAC37DD48B15EBE6D67B73D.e.9991/click - {}
RESULT: {}
RESULT: {}
COMMAND: GET /session/6a89fb51866d950e0bc97f386a060562/screenshot - {}
RESULT: {}
COMMAND: POST /session/6a89fb51866d950e0bc97f386a060562/execute/async - {"script":"<script> [1562 bytes]","args":[{"selector":{"controlType":"sap.m.Title","viewName":"etm.portal.ui.managecontracts.view.Detail","properties":{"text":"Contract Items (1)"}},"wdio_ui5_key":"etmportal.ui.managecontracts.view.Detailsap.m.Title{\"text\":\"Contract Items (1)\"}"}]}
RESULT: {"script":"<script> [1562 bytes]","args":[{"selector":{"controlType":"sap.m.Title","viewName":"etm.portal.ui.managecontracts.view.Detail","properties":{"text":"Contract Items (1)"}},"wdio_ui5_key":"etmportal.ui.managecontracts.view.Detailsap.m.Title{\"text\":\"Contract Items (1)\"}"}]}
RESULT: undefined
COMMAND: POST /session/6a89fb51866d950e0bc97f386a060562/execute/async - {"script":"<script> [6424 bytes]","args":[{"element-6066-11e4-a52e-4f735466cecf":"f.A6EC5B81BA07351D57539A0094149B7C.d.AC9FD32E7AAC37DD48B15EBE6D67B73D.e.9993"},"getText",[]]}
RESULT: {"script":"<script> [6424 bytes]","args":[{"element-6066-11e4-a52e-4f735466cecf":"f.A6EC5B81BA07351D57539A0094149B7C.d.AC9FD32E7AAC37DD48B15EBE6D67B73D.e.9993"},"getText",[]]}
COMMAND: POST /session/6a89fb51866d950e0bc97f386a060562/element - {"using":"xpath","value":"(//span[contains(@class ,\"sapMObjStatusText\")])[1]"}
RESULT: {"using":"xpath","value":"(//span[contains(@class ,\"sapMObjStatusText\")])[1]"}
COMMAND: GET /session/6a89fb51866d950e0bc97f386a060562/element/f.A6EC5B81BA07351D57539A0094149B7C.d.AC9FD32E7AAC37DD48B15EBE6D67B73D.e.9994/text - {}
RESULT: {}
COMMAND: POST /session/6a89fb51866d950e0bc97f386a060562/refresh - {}
RESULT: {}
COMMAND: GET /session/6a89fb51866d950e0bc97f386a060562/screenshot - {}
RESULT: {}
COMMAND: POST /session/6a89fb51866d950e0bc97f386a060562/execute/async - {"script":"<script> [189 bytes]","args":[]}
RESULT: {"script":"<script> [189 bytes]","args":[]}
COMMAND: POST /session/6a89fb51866d950e0bc97f386a060562/execute/async - {"script":"<script> [123 bytes]","args":[]}
RESULT: {"script":"<script> [123 bytes]","args":[]}
COMMAND: POST /session/6a89fb51866d950e0bc97f386a060562/timeouts - {"script":"<number>"}
RESULT: {"script":"<number>"}
COMMAND: GET /session/6a89fb51866d950e0bc97f386a060562/timeouts - {}
RESULT: {}
RESULT: undefined
COMMAND: POST /session/6a89fb51866d950e0bc97f386a060562/execute/async - {"script":"<script> [2676 bytes]","args":[]}
RESULT: {"script":"<script> [2676 bytes]","args":[]}
COMMAND: POST /session/6a89fb51866d950e0bc97f386a060562/execute/async - {"script":"<script> [2342 bytes]","args":[{"protocol":"http","hostname":"0.0.0.0","path":"/","capabilities":{"browserName":"chrome","goog:chromeOptions":{"binary":"C:\\Program Files\\Google\\Chrome\\Application\\chrome.exe","args":["--start-maximized"]}},"logLevel":"warn","connectionRetryTimeout":120000,"connectionRetryCount":3,"logLevels":{},"enableDirectConnect":true,"strictSSL":true,"_":"65 more keys: [\"cacheDir\",\"port\",\"requestedCapabilities\",\"automationProtocol\",\"baseUrl\",\"waitforInterval\",\"waitforTimeout\",\"onReload\",\"beforeCommand\",\"afterCommand\",\"rootDir\",\"specs\",\"suites\",\"exclude\",\"groupLogsByTestSpec\",\"excludeDriverLogs\",\"bail\",\"framework\",\"reporters\",\"services\",\"maxInstances\",\"maxInstancesPerCapability\",\"injectGlobals\",\"filesToWatch\",\"execArgv\",\"runnerEnv\",\"runner\",\"shard\",\"specFileRetries\",\"specFileRetriesDelay\",\"specFileRetriesDeferred\",\"reporterSyncInterval\",\"reporterSyncTimeout\",\"cucumberFeaturesWithLineNumbers\",\"autoCompileOpts\",\"mochaOpts\",\"jasmineOpts\",\"cucumberOpts\",\"onPrepare\",\"onWorkerStart\",\"onWorkerEnd\",\"before\",\"beforeSession\",\"beforeSuite\",\"beforeHook\",\"beforeTest\",\"afterTest\",\"afterHook\",\"afterSuite\",\"afterSession\",\"after\",\"onComplete\",\"beforeAssertion\",\"afterAssertion\",\"beforeFeature\",\"beforeScenario\",\"beforeStep\",\"afterStep\",\"afterScenario\",\"afterFeature\",\"_\",\"suite\",\"$0\",\"ignoredWorkerServices\",\"wdi5\"]"}]}
RESULT: {"script":"<script> [2342 bytes]","args":[{"protocol":"http","hostname":"0.0.0.0","path":"/","capabilities":{"browserName":"chrome","goog:chromeOptions":{"binary":"C:\\Program Files\\Google\\Chrome\\Application\\chrome.exe","args":["--start-maximized"]}},"logLevel":"warn","connectionRetryTimeout":120000,"connectionRetryCount":3,"logLevels":{},"enableDirectConnect":true,"strictSSL":true,"_":"65 more keys: [\"cacheDir\",\"port\",\"requestedCapabilities\",\"automationProtocol\",\"baseUrl\",\"waitforInterval\",\"waitforTimeout\",\"onReload\",\"beforeCommand\",\"afterCommand\",\"rootDir\",\"specs\",\"suites\",\"exclude\",\"groupLogsByTestSpec\",\"excludeDriverLogs\",\"bail\",\"framework\",\"reporters\",\"services\",\"maxInstances\",\"maxInstancesPerCapability\",\"injectGlobals\",\"filesToWatch\",\"execArgv\",\"runnerEnv\",\"runner\",\"shard\",\"specFileRetries\",\"specFileRetriesDelay\",\"specFileRetriesDeferred\",\"reporterSyncInterval\",\"reporterSyncTimeout\",\"cucumberFeaturesWithLineNumbers\",\"autoCompileOpts\",\"mochaOpts\",\"jasmineOpts\",\"cucumberOpts\",\"onPrepare\",\"onWorkerStart\",\"onWorkerEnd\",\"before\",\"beforeSession\",\"beforeSuite\",\"beforeHook\",\"beforeTest\",\"afterTest\",\"afterHook\",\"afterSuite\",\"afterSession\",\"after\",\"onComplete\",\"beforeAssertion\",\"afterAssertion\",\"beforeFeature\",\"beforeScenario\",\"beforeStep\",\"afterStep\",\"afterScenario\",\"afterFeature\",\"_\",\"suite\",\"$0\",\"ignoredWorkerServices\",\"wdi5\"]"}]}
COMMAND: POST /session/6a89fb51866d950e0bc97f386a060562/execute/async - {"script":"<script> [21126 bytes]","args":[35000]}
RESULT: {"script":"<script> [21126 bytes]","args":[35000]}
COMMAND: POST /session/6a89fb51866d950e0bc97f386a060562/element - {"using":"css selector","value":"#shell-header-logo"}
RESULT: {"using":"css selector","value":"#shell-header-logo"}
COMMAND: POST /session/6a89fb51866d950e0bc97f386a060562/element/f.A6EC5B81BA07351D57539A0094149B7C.d.09507D499C1B60A3B1296232F255D604.e.10151/click - {}
RESULT: {}
COMMAND: GET /session/6a89fb51866d950e0bc97f386a060562/screenshot - {}
RESULT: {}
]]></system-out>
    </testcase>
  </testsuite>
  <testsuite timestamp="2025-05-06T18:21:52" time="1469.595" tests="7" failures="0" errors="0" skipped="0">
    <properties>
      <property name="specId" value="0" />
      <property name="suiteName" value="E2E - Logistical and commercial statuses" />
      <property name="capabilities" value="chrome.135_0_7049_115.windows" />
      <property name="file" value="file:///D:/a/1/s/test/specs/R2C/E2E-Logistical-and-commercial-status.spec.js" />
    </properties>
    <testcase classname="chrome.135_0_7049_115.windows.E2E_-_Logistical_and_commercial_statuses" name="Should create prerequisites yard partner and site" time="319.163">
      <system-out><![CDATA[
COMMAND: POST /session/6a89fb51866d950e0bc97f386a060562/execute/async - {"script":"<script> [1562 bytes]","args":[{"selector":{"controlType":"sap.m.GenericTile","properties":{"header":"Manage Yards"}},"wdio_ui5_key":"sapm.GenericTile{\"header\":\"Manage Yards\"}"}]}
RESULT: {"script":"<script> [1562 bytes]","args":[{"selector":{"controlType":"sap.m.GenericTile","properties":{"header":"Manage Yards"}},"wdio_ui5_key":"sapm.GenericTile{\"header\":\"Manage Yards\"}"}]}
RESULT: undefined
COMMAND: POST /session/6a89fb51866d950e0bc97f386a060562/element - {"using":"xpath","value":"//*[@id=\"__tile41\"]"}
RESULT: {"using":"xpath","value":"//*[@id=\"__tile41\"]"}
COMMAND: POST /session/6a89fb51866d950e0bc97f386a060562/element/f.A6EC5B81BA07351D57539A0094149B7C.d.09507D499C1B60A3B1296232F255D604.e.10201/click - {}
RESULT: {}
COMMAND: GET /session/6a89fb51866d950e0bc97f386a060562/screenshot - {}
RESULT: {}
COMMAND: POST /session/6a89fb51866d950e0bc97f386a060562/execute/async - {"script":"<script> [1562 bytes]","args":[{"selector":{"controlType":"sap.ui.core.Icon","viewName":"etm.portal.ui.manageyards.view.Master","viewId":"application-manageyards-display-component---masterYard","properties":{"src":{"regex":{"source":"add"}}}},"wdio_ui5_key":"etmportal.ui.manageyards.view.Mastersap.ui.core.Icon{\"src\":{\"regex\":{\"source\":\"add\"}}}"}]}
RESULT: {"script":"<script> [1562 bytes]","args":[{"selector":{"controlType":"sap.ui.core.Icon","viewName":"etm.portal.ui.manageyards.view.Master","viewId":"application-manageyards-display-component---masterYard","properties":{"src":{"regex":{"source":"add"}}}},"wdio_ui5_key":"etmportal.ui.manageyards.view.Mastersap.ui.core.Icon{\"src\":{\"regex\":{\"source\":\"add\"}}}"}]}
RESULT: undefined
COMMAND: POST /session/6a89fb51866d950e0bc97f386a060562/element - {"using":"xpath","value":"//*[@id=\"__button15-img\"]"}
RESULT: {"using":"xpath","value":"//*[@id=\"__button15-img\"]"}
COMMAND: POST /session/6a89fb51866d950e0bc97f386a060562/element/f.A6EC5B81BA07351D57539A0094149B7C.d.09507D499C1B60A3B1296232F255D604.e.10350/click - {}
RESULT: {}
COMMAND: GET /session/6a89fb51866d950e0bc97f386a060562/screenshot - {}
RESULT: {}
COMMAND: POST /session/6a89fb51866d950e0bc97f386a060562/execute/async - {"script":"<script> [1562 bytes]","args":[{"selector":{"id":"application-manageyards-display-component---NewYard--yardId","interaction":{"idSuffix":"inner"}},"wdio_ui5_key":"applicationmanageyards-display-component---NewYard--yardId"}]}
RESULT: {"script":"<script> [1562 bytes]","args":[{"selector":{"id":"application-manageyards-display-component---NewYard--yardId","interaction":{"idSuffix":"inner"}},"wdio_ui5_key":"applicationmanageyards-display-component---NewYard--yardId"}]}
RESULT: undefined
COMMAND: POST /session/6a89fb51866d950e0bc97f386a060562/element - {"using":"xpath","value":"//*[@id=\"application-manageyards-display-component---NewYard--addressDetailDetailsName1-inner\"]"}
RESULT: {"using":"xpath","value":"//*[@id=\"application-manageyards-display-component---NewYard--addressDetailDetailsName1-inner\"]"}
COMMAND: POST /session/6a89fb51866d950e0bc97f386a060562/element/f.A6EC5B81BA07351D57539A0094149B7C.d.09507D499C1B60A3B1296232F255D604.e.10683/clear - {}
RESULT: {}
COMMAND: POST /session/6a89fb51866d950e0bc97f386a060562/element/f.A6EC5B81BA07351D57539A0094149B7C.d.09507D499C1B60A3B1296232F255D604.e.10683/value - {"text":"WebdriverYardabt01"}
COMMAND: GET /session/6a89fb51866d950e0bc97f386a060562/screenshot - {}
RESULT: {"text":"WebdriverYardabt01"}
COMMAND: POST /session/6a89fb51866d950e0bc97f386a060562/element - {"using":"xpath","value":"//*[@id=\"application-manageyards-display-component---NewYard--addressDetailDetailsLanguage-inner\"]"}
COMMAND: GET /session/6a89fb51866d950e0bc97f386a060562/screenshot - {}
RESULT: {}
RESULT: {"using":"xpath","value":"//*[@id=\"application-manageyards-display-component---NewYard--addressDetailDetailsLanguage-inner\"]"}
COMMAND: POST /session/6a89fb51866d950e0bc97f386a060562/element/f.A6EC5B81BA07351D57539A0094149B7C.d.09507D499C1B60A3B1296232F255D604.e.10684/clear - {}
RESULT: {}
RESULT: {}
COMMAND: POST /session/6a89fb51866d950e0bc97f386a060562/element/f.A6EC5B81BA07351D57539A0094149B7C.d.09507D499C1B60A3B1296232F255D604.e.10684/value - {"text":"Romanian"}
COMMAND: GET /session/6a89fb51866d950e0bc97f386a060562/screenshot - {}
RESULT: {"text":"Romanian"}
COMMAND: POST /session/6a89fb51866d950e0bc97f386a060562/element - {"using":"xpath","value":"//input[contains(@id ,\"application-manageyards-display-component---NewYard--addressDetailDetailsName1-inner\")]"}
COMMAND: GET /session/6a89fb51866d950e0bc97f386a060562/screenshot - {}
RESULT: {}
RESULT: {"using":"xpath","value":"//input[contains(@id ,\"application-manageyards-display-component---NewYard--addressDetailDetailsName1-inner\")]"}
COMMAND: GET /session/6a89fb51866d950e0bc97f386a060562/element/f.A6EC5B81BA07351D57539A0094149B7C.d.09507D499C1B60A3B1296232F255D604.e.10683/property/value - {}
RESULT: {}
RESULT: {}
COMMAND: GET /session/6a89fb51866d950e0bc97f386a060562/screenshot - {}
RESULT: {}
COMMAND: POST /session/6a89fb51866d950e0bc97f386a060562/element - {"using":"xpath","value":"//*[@id=\"application-manageyards-display-component---NewYard--addressDetailDetailsCity1-inner\"]"}
RESULT: {"using":"xpath","value":"//*[@id=\"application-manageyards-display-component---NewYard--addressDetailDetailsCity1-inner\"]"}
COMMAND: POST /session/6a89fb51866d950e0bc97f386a060562/element/f.A6EC5B81BA07351D57539A0094149B7C.d.09507D499C1B60A3B1296232F255D604.e.10686/clear - {}
RESULT: {}
COMMAND: POST /session/6a89fb51866d950e0bc97f386a060562/element/f.A6EC5B81BA07351D57539A0094149B7C.d.09507D499C1B60A3B1296232F255D604.e.10686/value - {"text":"Bucuresti"}
COMMAND: GET /session/6a89fb51866d950e0bc97f386a060562/screenshot - {}
RESULT: {"text":"Bucuresti"}
COMMAND: GET /session/6a89fb51866d950e0bc97f386a060562/screenshot - {}
RESULT: {}
RESULT: {}
COMMAND: POST /session/6a89fb51866d950e0bc97f386a060562/element - {"using":"xpath","value":"//*[@id=\"application-manageyards-display-component---NewYard--addressDetailDetailsCountry-inner\"]"}
RESULT: {"using":"xpath","value":"//*[@id=\"application-manageyards-display-component---NewYard--addressDetailDetailsCountry-inner\"]"}
COMMAND: POST /session/6a89fb51866d950e0bc97f386a060562/element/f.A6EC5B81BA07351D57539A0094149B7C.d.09507D499C1B60A3B1296232F255D604.e.10690/clear - {}
RESULT: {}
COMMAND: POST /session/6a89fb51866d950e0bc97f386a060562/element/f.A6EC5B81BA07351D57539A0094149B7C.d.09507D499C1B60A3B1296232F255D604.e.10690/value - {"text":"Romania"}
COMMAND: GET /session/6a89fb51866d950e0bc97f386a060562/screenshot - {}
RESULT: {"text":"Romania"}
COMMAND: GET /session/6a89fb51866d950e0bc97f386a060562/screenshot - {}
RESULT: {}
RESULT: {}
COMMAND: POST /session/6a89fb51866d950e0bc97f386a060562/element - {"using":"xpath","value":"//div[contains(text(), \"Commercial\")]"}
RESULT: {"using":"xpath","value":"//div[contains(text(), \"Commercial\")]"}
COMMAND: GET /session/6a89fb51866d950e0bc97f386a060562/element/f.A6EC5B81BA07351D57539A0094149B7C.d.09507D499C1B60A3B1296232F255D604.e.10878/rect - {}
RESULT: {}
COMMAND: GET /session/6a89fb51866d950e0bc97f386a060562/window/rect - {}
RESULT: {}
COMMAND: POST /session/6a89fb51866d950e0bc97f386a060562/execute/sync - {"script":"<script> [92 bytes]","args":[]}
RESULT: {"script":"<script> [92 bytes]","args":[]}
COMMAND: POST /session/6a89fb51866d950e0bc97f386a060562/actions - {"actions":[{"id":"action65","type":"wheel","parameters":{},"actions":[{"type":"scroll","x":-1841,"y":-44,"deltaX":0,"deltaY":0,"duration":0,"origin":{"element-6066-11e4-a52e-4f735466cecf":"f.A6EC5B81BA07351D57539A0094149B7C.d.09507D499C1B60A3B1296232F255D604.e.10878"}}]}]}
COMMAND: GET /session/6a89fb51866d950e0bc97f386a060562/screenshot - {}
RESULT: {}
COMMAND: POST /session/6a89fb51866d950e0bc97f386a060562/execute/sync - {"script":"<script> [79 bytes]","args":[{"element-6066-11e4-a52e-4f735466cecf":"f.A6EC5B81BA07351D57539A0094149B7C.d.09507D499C1B60A3B1296232F255D604.e.10878","ELEMENT":"f.A6EC5B81BA07351D57539A0094149B7C.d.09507D499C1B60A3B1296232F255D604.e.10878"},{"block":"start","inline":"nearest"}]}
RESULT: {"script":"<script> [79 bytes]","args":[{"element-6066-11e4-a52e-4f735466cecf":"f.A6EC5B81BA07351D57539A0094149B7C.d.09507D499C1B60A3B1296232F255D604.e.10878","ELEMENT":"f.A6EC5B81BA07351D57539A0094149B7C.d.09507D499C1B60A3B1296232F255D604.e.10878"},{"block":"start","inline":"nearest"}]}
COMMAND: GET /session/6a89fb51866d950e0bc97f386a060562/screenshot - {}
RESULT: {}
COMMAND: POST /session/6a89fb51866d950e0bc97f386a060562/execute/async - {"script":"<script> [1562 bytes]","args":[{"selector":{"id":"application-manageyards-display-component---NewYard--addressEditDetailsCostObjectCstType-arrow"},"wdio_ui5_key":"applicationmanageyards-display-component---NewYard--addressEditDetailsCostObjectCstType-arrow"}]}
RESULT: {"script":"<script> [1562 bytes]","args":[{"selector":{"id":"application-manageyards-display-component---NewYard--addressEditDetailsCostObjectCstType-arrow"},"wdio_ui5_key":"applicationmanageyards-display-component---NewYard--addressEditDetailsCostObjectCstType-arrow"}]}
RESULT: undefined
COMMAND: POST /session/6a89fb51866d950e0bc97f386a060562/element - {"using":"xpath","value":"//*[@id=\"application-manageyards-display-component---NewYard--addressEditDetailsCostObjectCstType-arrow\"]"}
RESULT: {"using":"xpath","value":"//*[@id=\"application-manageyards-display-component---NewYard--addressEditDetailsCostObjectCstType-arrow\"]"}
COMMAND: POST /session/6a89fb51866d950e0bc97f386a060562/element/f.A6EC5B81BA07351D57539A0094149B7C.d.09507D499C1B60A3B1296232F255D604.e.10886/click - {}
RESULT: {}
COMMAND: POST /session/6a89fb51866d950e0bc97f386a060562/element - {"using":"xpath","value":"//span[contains(text(), \"Cost Center\")]"}
COMMAND: GET /session/6a89fb51866d950e0bc97f386a060562/screenshot - {}
RESULT: {"using":"xpath","value":"//span[contains(text(), \"Cost Center\")]"}
COMMAND: POST /session/6a89fb51866d950e0bc97f386a060562/element/f.A6EC5B81BA07351D57539A0094149B7C.d.09507D499C1B60A3B1296232F255D604.e.10887/click - {}
RESULT: {}
RESULT: {}
COMMAND: GET /session/6a89fb51866d950e0bc97f386a060562/screenshot - {}
RESULT: {}
COMMAND: POST /session/6a89fb51866d950e0bc97f386a060562/execute/async - {"script":"<script> [1562 bytes]","args":[{"selector":{"id":"application-manageyards-display-component---NewYard--addressNewCostObjectCstID-vhi"},"wdio_ui5_key":"applicationmanageyards-display-component---NewYard--addressNewCostObjectCstID-vhi"}]}
RESULT: {"script":"<script> [1562 bytes]","args":[{"selector":{"id":"application-manageyards-display-component---NewYard--addressNewCostObjectCstID-vhi"},"wdio_ui5_key":"applicationmanageyards-display-component---NewYard--addressNewCostObjectCstID-vhi"}]}
RESULT: undefined
COMMAND: POST /session/6a89fb51866d950e0bc97f386a060562/element - {"using":"xpath","value":"//*[@id=\"application-manageyards-display-component---NewYard--addressNewCostObjectCstID-vhi\"]"}
RESULT: {"using":"xpath","value":"//*[@id=\"application-manageyards-display-component---NewYard--addressNewCostObjectCstID-vhi\"]"}
COMMAND: POST /session/6a89fb51866d950e0bc97f386a060562/element/f.A6EC5B81BA07351D57539A0094149B7C.d.09507D499C1B60A3B1296232F255D604.e.10891/click - {}
RESULT: {}
COMMAND: GET /session/6a89fb51866d950e0bc97f386a060562/screenshot - {}
RESULT: {}
COMMAND: POST /session/6a89fb51866d950e0bc97f386a060562/execute/async - {"script":"<script> [1562 bytes]","args":[{"selector":{"controlType":"sap.m.SearchField","properties":{"placeholder":"Search"},"searchOpenDialogs":true,"interaction":{"idSuffix":"I"}},"wdio_ui5_key":"sapm.SearchField{\"placeholder\":\"Search\"}"}]}
RESULT: {"script":"<script> [1562 bytes]","args":[{"selector":{"controlType":"sap.m.SearchField","properties":{"placeholder":"Search"},"searchOpenDialogs":true,"interaction":{"idSuffix":"I"}},"wdio_ui5_key":"sapm.SearchField{\"placeholder\":\"Search\"}"}]}
RESULT: undefined
COMMAND: POST /session/6a89fb51866d950e0bc97f386a060562/execute/async - {"script":"<script> [776 bytes]","args":[{"enterText":"10001013","selector":{"controlType":"sap.m.SearchField","properties":{"placeholder":"Search"},"searchOpenDialogs":true,"interaction":{"idSuffix":"I"}},"clearTextFirst":true,"interactionType":"ENTER_TEXT"}]}
RESULT: {"script":"<script> [776 bytes]","args":[{"enterText":"10001013","selector":{"controlType":"sap.m.SearchField","properties":{"placeholder":"Search"},"searchOpenDialogs":true,"interaction":{"idSuffix":"I"}},"clearTextFirst":true,"interactionType":"ENTER_TEXT"}]}
COMMAND: POST /session/6a89fb51866d950e0bc97f386a060562/actions - {"actions":[{"id":"action66","type":"key","parameters":{},"actions":[{"type":"keyDown","value":"î€‡"},{"type":"pause","duration":10},{"type":"keyUp","value":"î€‡"}]}]}
RESULT: {"actions":[{"id":"action66","type":"key","parameters":{},"actions":[{"type":"keyDown","value":"î€‡"},{"type":"pause","duration":10},{"type":"keyUp","value":"î€‡"}]}]}
COMMAND: GET /session/6a89fb51866d950e0bc97f386a060562/screenshot - {}
RESULT: {}
COMMAND: POST /session/6a89fb51866d950e0bc97f386a060562/element - {"using":"xpath","value":"//span[contains(text(), \"General Management\")]"}
RESULT: {"using":"xpath","value":"//span[contains(text(), \"General Management\")]"}
COMMAND: POST /session/6a89fb51866d950e0bc97f386a060562/element/f.A6EC5B81BA07351D57539A0094149B7C.d.09507D499C1B60A3B1296232F255D604.e.10933/click - {}
RESULT: {}
COMMAND: GET /session/6a89fb51866d950e0bc97f386a060562/screenshot - {}
RESULT: {}
COMMAND: POST /session/6a89fb51866d950e0bc97f386a060562/element - {"using":"xpath","value":"//bdi[contains(text(), \"OK\")]"}
RESULT: {"using":"xpath","value":"//bdi[contains(text(), \"OK\")]"}
COMMAND: POST /session/6a89fb51866d950e0bc97f386a060562/element/f.A6EC5B81BA07351D57539A0094149B7C.d.09507D499C1B60A3B1296232F255D604.e.10934/click - {}
RESULT: {}
COMMAND: GET /session/6a89fb51866d950e0bc97f386a060562/screenshot - {}
RESULT: {}
COMMAND: POST /session/6a89fb51866d950e0bc97f386a060562/execute/async - {"script":"<script> [1562 bytes]","args":[{"selector":{"controlType":"sap.m.Button","viewName":"etm.portal.ui.manageyards.view.New","viewId":"application-manageyards-display-component---NewYard","i18NText":{"propertyName":"text","key":"save"},"interaction":{"idSuffix":"inner"}},"wdio_ui5_key":"etmportal.ui.manageyards.view.Newsap.m.Button{\"propertyName\":\"text\",\"key\":\"save\"}"}]}
RESULT: {"script":"<script> [1562 bytes]","args":[{"selector":{"controlType":"sap.m.Button","viewName":"etm.portal.ui.manageyards.view.New","viewId":"application-manageyards-display-component---NewYard","i18NText":{"propertyName":"text","key":"save"},"interaction":{"idSuffix":"inner"}},"wdio_ui5_key":"etmportal.ui.manageyards.view.Newsap.m.Button{\"propertyName\":\"text\",\"key\":\"save\"}"}]}
RESULT: undefined
COMMAND: POST /session/6a89fb51866d950e0bc97f386a060562/element - {"using":"xpath","value":"//*[@id=\"__button29\"]"}
RESULT: {"using":"xpath","value":"//*[@id=\"__button29\"]"}
COMMAND: POST /session/6a89fb51866d950e0bc97f386a060562/element/f.A6EC5B81BA07351D57539A0094149B7C.d.09507D499C1B60A3B1296232F255D604.e.10858/click - {}
RESULT: {}
COMMAND: GET /session/6a89fb51866d950e0bc97f386a060562/screenshot - {}
RESULT: {}
COMMAND: POST /session/6a89fb51866d950e0bc97f386a060562/element - {"using":"xpath","value":"//header/div/div[2]/div[2]/span"}
RESULT: {"using":"xpath","value":"//header/div/div[2]/div[2]/span"}
COMMAND: GET /session/6a89fb51866d950e0bc97f386a060562/element/f.A6EC5B81BA07351D57539A0094149B7C.d.09507D499C1B60A3B1296232F255D604.e.11133/text - {}
RESULT: {}
COMMAND: POST /session/6a89fb51866d950e0bc97f386a060562/execute/async - {"script":"<script> [1562 bytes]","args":[{"selector":{"controlType":"sap.m.OverflowToolbarButton","viewName":"etm.portal.ui.manageyards.view.Detail","viewId":"application-manageyards-display-component---detailYard","i18NText":{"propertyName":"tooltip","key":"closeColumn"},"interaction":{"idSuffix":"inner"}},"wdio_ui5_key":"etmportal.ui.manageyards.view.Detailsap.m.OverflowToolbarButton{\"propertyName\":\"tooltip\",\"key\":\"closeColumn\"}"}]}
RESULT: {"script":"<script> [1562 bytes]","args":[{"selector":{"controlType":"sap.m.OverflowToolbarButton","viewName":"etm.portal.ui.manageyards.view.Detail","viewId":"application-manageyards-display-component---detailYard","i18NText":{"propertyName":"tooltip","key":"closeColumn"},"interaction":{"idSuffix":"inner"}},"wdio_ui5_key":"etmportal.ui.manageyards.view.Detailsap.m.OverflowToolbarButton{\"propertyName\":\"tooltip\",\"key\":\"closeColumn\"}"}]}
RESULT: undefined
COMMAND: POST /session/6a89fb51866d950e0bc97f386a060562/element - {"using":"xpath","value":"//*[@id=\"__button53\"]"}
RESULT: {"using":"xpath","value":"//*[@id=\"__button53\"]"}
COMMAND: POST /session/6a89fb51866d950e0bc97f386a060562/element/f.A6EC5B81BA07351D57539A0094149B7C.d.09507D499C1B60A3B1296232F255D604.e.11135/click - {}
RESULT: {}
COMMAND: GET /session/6a89fb51866d950e0bc97f386a060562/screenshot - {}
RESULT: {}
COMMAND: POST /session/6a89fb51866d950e0bc97f386a060562/element - {"using":"css selector","value":"#shell-header-logo"}
RESULT: {"using":"css selector","value":"#shell-header-logo"}
COMMAND: POST /session/6a89fb51866d950e0bc97f386a060562/element/f.A6EC5B81BA07351D57539A0094149B7C.d.09507D499C1B60A3B1296232F255D604.e.10204/click - {}
RESULT: {}
COMMAND: GET /session/6a89fb51866d950e0bc97f386a060562/screenshot - {}
RESULT: {}
COMMAND: POST /session/6a89fb51866d950e0bc97f386a060562/refresh - {}
RESULT: {}
COMMAND: GET /session/6a89fb51866d950e0bc97f386a060562/screenshot - {}
RESULT: {}
COMMAND: POST /session/6a89fb51866d950e0bc97f386a060562/execute/async - {"script":"<script> [189 bytes]","args":[]}
RESULT: {"script":"<script> [189 bytes]","args":[]}
COMMAND: POST /session/6a89fb51866d950e0bc97f386a060562/execute/async - {"script":"<script> [123 bytes]","args":[]}
RESULT: {"script":"<script> [123 bytes]","args":[]}
COMMAND: POST /session/6a89fb51866d950e0bc97f386a060562/timeouts - {"script":"<number>"}
RESULT: {"script":"<number>"}
COMMAND: GET /session/6a89fb51866d950e0bc97f386a060562/timeouts - {}
RESULT: {}
RESULT: undefined
COMMAND: POST /session/6a89fb51866d950e0bc97f386a060562/execute/async - {"script":"<script> [2676 bytes]","args":[]}
RESULT: {"script":"<script> [2676 bytes]","args":[]}
COMMAND: POST /session/6a89fb51866d950e0bc97f386a060562/execute/async - {"script":"<script> [2342 bytes]","args":[{"protocol":"http","hostname":"0.0.0.0","path":"/","capabilities":{"browserName":"chrome","goog:chromeOptions":{"binary":"C:\\Program Files\\Google\\Chrome\\Application\\chrome.exe","args":["--start-maximized"]}},"logLevel":"warn","connectionRetryTimeout":120000,"connectionRetryCount":3,"logLevels":{},"enableDirectConnect":true,"strictSSL":true,"_":"65 more keys: [\"cacheDir\",\"port\",\"requestedCapabilities\",\"automationProtocol\",\"baseUrl\",\"waitforInterval\",\"waitforTimeout\",\"onReload\",\"beforeCommand\",\"afterCommand\",\"rootDir\",\"specs\",\"suites\",\"exclude\",\"groupLogsByTestSpec\",\"excludeDriverLogs\",\"bail\",\"framework\",\"reporters\",\"services\",\"maxInstances\",\"maxInstancesPerCapability\",\"injectGlobals\",\"filesToWatch\",\"execArgv\",\"runnerEnv\",\"runner\",\"shard\",\"specFileRetries\",\"specFileRetriesDelay\",\"specFileRetriesDeferred\",\"reporterSyncInterval\",\"reporterSyncTimeout\",\"cucumberFeaturesWithLineNumbers\",\"autoCompileOpts\",\"mochaOpts\",\"jasmineOpts\",\"cucumberOpts\",\"onPrepare\",\"onWorkerStart\",\"onWorkerEnd\",\"before\",\"beforeSession\",\"beforeSuite\",\"beforeHook\",\"beforeTest\",\"afterTest\",\"afterHook\",\"afterSuite\",\"afterSession\",\"after\",\"onComplete\",\"beforeAssertion\",\"afterAssertion\",\"beforeFeature\",\"beforeScenario\",\"beforeStep\",\"afterStep\",\"afterScenario\",\"afterFeature\",\"_\",\"suite\",\"$0\",\"ignoredWorkerServices\",\"wdi5\"]"}]}
RESULT: {"script":"<script> [2342 bytes]","args":[{"protocol":"http","hostname":"0.0.0.0","path":"/","capabilities":{"browserName":"chrome","goog:chromeOptions":{"binary":"C:\\Program Files\\Google\\Chrome\\Application\\chrome.exe","args":["--start-maximized"]}},"logLevel":"warn","connectionRetryTimeout":120000,"connectionRetryCount":3,"logLevels":{},"enableDirectConnect":true,"strictSSL":true,"_":"65 more keys: [\"cacheDir\",\"port\",\"requestedCapabilities\",\"automationProtocol\",\"baseUrl\",\"waitforInterval\",\"waitforTimeout\",\"onReload\",\"beforeCommand\",\"afterCommand\",\"rootDir\",\"specs\",\"suites\",\"exclude\",\"groupLogsByTestSpec\",\"excludeDriverLogs\",\"bail\",\"framework\",\"reporters\",\"services\",\"maxInstances\",\"maxInstancesPerCapability\",\"injectGlobals\",\"filesToWatch\",\"execArgv\",\"runnerEnv\",\"runner\",\"shard\",\"specFileRetries\",\"specFileRetriesDelay\",\"specFileRetriesDeferred\",\"reporterSyncInterval\",\"reporterSyncTimeout\",\"cucumberFeaturesWithLineNumbers\",\"autoCompileOpts\",\"mochaOpts\",\"jasmineOpts\",\"cucumberOpts\",\"onPrepare\",\"onWorkerStart\",\"onWorkerEnd\",\"before\",\"beforeSession\",\"beforeSuite\",\"beforeHook\",\"beforeTest\",\"afterTest\",\"afterHook\",\"afterSuite\",\"afterSession\",\"after\",\"onComplete\",\"beforeAssertion\",\"afterAssertion\",\"beforeFeature\",\"beforeScenario\",\"beforeStep\",\"afterStep\",\"afterScenario\",\"afterFeature\",\"_\",\"suite\",\"$0\",\"ignoredWorkerServices\",\"wdi5\"]"}]}
COMMAND: POST /session/6a89fb51866d950e0bc97f386a060562/execute/async - {"script":"<script> [21126 bytes]","args":[35000]}
RESULT: {"script":"<script> [21126 bytes]","args":[35000]}
COMMAND: POST /session/6a89fb51866d950e0bc97f386a060562/execute/async - {"script":"<script> [1562 bytes]","args":[{"selector":{"controlType":"sap.m.GenericTile","properties":{"header":"Manage Partners"}},"wdio_ui5_key":"sapm.GenericTile{\"header\":\"Manage Partners\"}"}]}
RESULT: {"script":"<script> [1562 bytes]","args":[{"selector":{"controlType":"sap.m.GenericTile","properties":{"header":"Manage Partners"}},"wdio_ui5_key":"sapm.GenericTile{\"header\":\"Manage Partners\"}"}]}
RESULT: undefined
COMMAND: POST /session/6a89fb51866d950e0bc97f386a060562/element - {"using":"xpath","value":"//*[@id=\"__tile38\"]"}
RESULT: {"using":"xpath","value":"//*[@id=\"__tile38\"]"}
COMMAND: POST /session/6a89fb51866d950e0bc97f386a060562/element/f.A6EC5B81BA07351D57539A0094149B7C.d.27B01A9329BEDBB67098B69EB1852C6D.e.11493/click - {}
RESULT: {}
COMMAND: GET /session/6a89fb51866d950e0bc97f386a060562/screenshot - {}
COMMAND: POST /session/6a89fb51866d950e0bc97f386a060562/execute/async - {"script":"<script> [1562 bytes]","args":[{"selector":{"controlType":"sap.ui.core.Icon","viewName":"etm.portal.ui.managepartners.view.Master","viewId":"application-managepartners-display-component---masterPtm","properties":{"src":{"regex":{"source":"add"}}}},"wdio_ui5_key":"etmportal.ui.managepartners.view.Mastersap.ui.core.Icon{\"src\":{\"regex\":{\"source\":\"add\"}}}"}]}
RESULT: {}
RESULT: {"script":"<script> [1562 bytes]","args":[{"selector":{"controlType":"sap.ui.core.Icon","viewName":"etm.portal.ui.managepartners.view.Master","viewId":"application-managepartners-display-component---masterPtm","properties":{"src":{"regex":{"source":"add"}}}},"wdio_ui5_key":"etmportal.ui.managepartners.view.Mastersap.ui.core.Icon{\"src\":{\"regex\":{\"source\":\"add\"}}}"}]}
RESULT: undefined
COMMAND: POST /session/6a89fb51866d950e0bc97f386a060562/element - {"using":"xpath","value":"//*[@id=\"__button4-img\"]"}
RESULT: {"using":"xpath","value":"//*[@id=\"__button4-img\"]"}
COMMAND: POST /session/6a89fb51866d950e0bc97f386a060562/element/f.A6EC5B81BA07351D57539A0094149B7C.d.27B01A9329BEDBB67098B69EB1852C6D.e.11542/click - {}
RESULT: {}
COMMAND: GET /session/6a89fb51866d950e0bc97f386a060562/screenshot - {}
COMMAND: POST /session/6a89fb51866d950e0bc97f386a060562/execute/async - {"script":"<script> [1562 bytes]","args":[{"selector":{"id":"application-managepartners-display-component---NewPartner--partnerId","interaction":{"idSuffix":"inner"}},"wdio_ui5_key":"applicationmanagepartners-display-component---NewPartner--partnerId"}]}
RESULT: {}
RESULT: {"script":"<script> [1562 bytes]","args":[{"selector":{"id":"application-managepartners-display-component---NewPartner--partnerId","interaction":{"idSuffix":"inner"}},"wdio_ui5_key":"applicationmanagepartners-display-component---NewPartner--partnerId"}]}
RESULT: undefined
COMMAND: POST /session/6a89fb51866d950e0bc97f386a060562/execute/async - {"script":"<script> [1562 bytes]","args":[{"selector":{"id":"application-managepartners-display-component---NewPartner--addressDetailDetailsName1","interaction":{"idSuffix":"inner"}},"wdio_ui5_key":"applicationmanagepartners-display-component---NewPartner--addressDetailDetailsName1"}]}
RESULT: {"script":"<script> [1562 bytes]","args":[{"selector":{"id":"application-managepartners-display-component---NewPartner--addressDetailDetailsName1","interaction":{"idSuffix":"inner"}},"wdio_ui5_key":"applicationmanagepartners-display-component---NewPartner--addressDetailDetailsName1"}]}
RESULT: undefined
COMMAND: POST /session/6a89fb51866d950e0bc97f386a060562/execute/async - {"script":"<script> [776 bytes]","args":[{"enterText":"WebdriverPartner50k9q","selector":{"id":"application-managepartners-display-component---NewPartner--addressDetailDetailsName1","interaction":{"idSuffix":"inner"}},"clearTextFirst":true,"interactionType":"ENTER_TEXT"}]}
RESULT: {"script":"<script> [776 bytes]","args":[{"enterText":"WebdriverPartner50k9q","selector":{"id":"application-managepartners-display-component---NewPartner--addressDetailDetailsName1","interaction":{"idSuffix":"inner"}},"clearTextFirst":true,"interactionType":"ENTER_TEXT"}]}
COMMAND: POST /session/6a89fb51866d950e0bc97f386a060562/execute/async - {"script":"<script> [1562 bytes]","args":[{"selector":{"id":"application-managepartners-display-component---NewPartner--addressDetailDetailsLanguage","interaction":{"idSuffix":"inner"}},"wdio_ui5_key":"applicationmanagepartners-display-component---NewPartner--addressDetailDetailsLanguage"}]}
RESULT: {"script":"<script> [1562 bytes]","args":[{"selector":{"id":"application-managepartners-display-component---NewPartner--addressDetailDetailsLanguage","interaction":{"idSuffix":"inner"}},"wdio_ui5_key":"applicationmanagepartners-display-component---NewPartner--addressDetailDetailsLanguage"}]}
RESULT: undefined
COMMAND: POST /session/6a89fb51866d950e0bc97f386a060562/execute/async - {"script":"<script> [776 bytes]","args":[{"enterText":"Romanian","selector":{"id":"application-managepartners-display-component---NewPartner--addressDetailDetailsLanguage","interaction":{"idSuffix":"inner"}},"clearTextFirst":true,"interactionType":"ENTER_TEXT"}]}
RESULT: {"script":"<script> [776 bytes]","args":[{"enterText":"Romanian","selector":{"id":"application-managepartners-display-component---NewPartner--addressDetailDetailsLanguage","interaction":{"idSuffix":"inner"}},"clearTextFirst":true,"interactionType":"ENTER_TEXT"}]}
COMMAND: POST /session/6a89fb51866d950e0bc97f386a060562/element - {"using":"xpath","value":"//input[contains(@id ,\"application-managepartners-display-component---NewPartner--addressDetailDetailsName1-inner\")]"}
RESULT: {"using":"xpath","value":"//input[contains(@id ,\"application-managepartners-display-component---NewPartner--addressDetailDetailsName1-inner\")]"}
COMMAND: GET /session/6a89fb51866d950e0bc97f386a060562/element/f.A6EC5B81BA07351D57539A0094149B7C.d.27B01A9329BEDBB67098B69EB1852C6D.e.11760/property/value - {}
RESULT: {}
COMMAND: POST /session/6a89fb51866d950e0bc97f386a060562/execute/async - {"script":"<script> [1562 bytes]","args":[{"selector":{"id":"application-managepartners-display-component---NewPartner--addressDetailDetailsCity1","interaction":{"idSuffix":"inner"}},"wdio_ui5_key":"applicationmanagepartners-display-component---NewPartner--addressDetailDetailsCity1"}]}
COMMAND: GET /session/6a89fb51866d950e0bc97f386a060562/screenshot - {}
RESULT: {"script":"<script> [1562 bytes]","args":[{"selector":{"id":"application-managepartners-display-component---NewPartner--addressDetailDetailsCity1","interaction":{"idSuffix":"inner"}},"wdio_ui5_key":"applicationmanagepartners-display-component---NewPartner--addressDetailDetailsCity1"}]}
RESULT: undefined
COMMAND: POST /session/6a89fb51866d950e0bc97f386a060562/execute/async - {"script":"<script> [776 bytes]","args":[{"enterText":"Bucharest","selector":{"id":"application-managepartners-display-component---NewPartner--addressDetailDetailsCity1","interaction":{"idSuffix":"inner"}},"clearTextFirst":true,"interactionType":"ENTER_TEXT"}]}
RESULT: {}
RESULT: {"script":"<script> [776 bytes]","args":[{"enterText":"Bucharest","selector":{"id":"application-managepartners-display-component---NewPartner--addressDetailDetailsCity1","interaction":{"idSuffix":"inner"}},"clearTextFirst":true,"interactionType":"ENTER_TEXT"}]}
COMMAND: POST /session/6a89fb51866d950e0bc97f386a060562/execute/async - {"script":"<script> [1562 bytes]","args":[{"selector":{"id":"application-managepartners-display-component---NewPartner--addressDetailDetailsCountry","interaction":{"idSuffix":"inner"}},"wdio_ui5_key":"applicationmanagepartners-display-component---NewPartner--addressDetailDetailsCountry"}]}
RESULT: {"script":"<script> [1562 bytes]","args":[{"selector":{"id":"application-managepartners-display-component---NewPartner--addressDetailDetailsCountry","interaction":{"idSuffix":"inner"}},"wdio_ui5_key":"applicationmanagepartners-display-component---NewPartner--addressDetailDetailsCountry"}]}
RESULT: undefined
COMMAND: POST /session/6a89fb51866d950e0bc97f386a060562/execute/async - {"script":"<script> [6424 bytes]","args":[{"element-6066-11e4-a52e-4f735466cecf":"f.A6EC5B81BA07351D57539A0094149B7C.d.27B01A9329BEDBB67098B69EB1852C6D.e.11767"},"setValue",["Romania"]]}
RESULT: {"script":"<script> [6424 bytes]","args":[{"element-6066-11e4-a52e-4f735466cecf":"f.A6EC5B81BA07351D57539A0094149B7C.d.27B01A9329BEDBB67098B69EB1852C6D.e.11767"},"setValue",["Romania"]]}
COMMAND: POST /session/6a89fb51866d950e0bc97f386a060562/execute/async - {"script":"<script> [1562 bytes]","args":[{"selector":{"id":"application-managepartners-display-component---NewPartner--partnerDetailInternal","interaction":{"idSuffix":"inner"}},"wdio_ui5_key":"applicationmanagepartners-display-component---NewPartner--partnerDetailInternal"}]}
RESULT: {"script":"<script> [1562 bytes]","args":[{"selector":{"id":"application-managepartners-display-component---NewPartner--partnerDetailInternal","interaction":{"idSuffix":"inner"}},"wdio_ui5_key":"applicationmanagepartners-display-component---NewPartner--partnerDetailInternal"}]}
RESULT: undefined
COMMAND: POST /session/6a89fb51866d950e0bc97f386a060562/execute/async - {"script":"<script> [776 bytes]","args":[{"enterText":"External partner","selector":{"id":"application-managepartners-display-component---NewPartner--partnerDetailInternal","interaction":{"idSuffix":"inner"}},"clearTextFirst":true,"interactionType":"ENTER_TEXT"}]}
RESULT: {"script":"<script> [776 bytes]","args":[{"enterText":"External partner","selector":{"id":"application-managepartners-display-component---NewPartner--partnerDetailInternal","interaction":{"idSuffix":"inner"}},"clearTextFirst":true,"interactionType":"ENTER_TEXT"}]}
COMMAND: POST /session/6a89fb51866d950e0bc97f386a060562/execute/async - {"script":"<script> [1562 bytes]","args":[{"selector":{"id":"application-managepartners-display-component---NewPartner--partnerDetailsCurrency","interaction":{"idSuffix":"inner"}},"wdio_ui5_key":"applicationmanagepartners-display-component---NewPartner--partnerDetailsCurrency"}]}
RESULT: {"script":"<script> [1562 bytes]","args":[{"selector":{"id":"application-managepartners-display-component---NewPartner--partnerDetailsCurrency","interaction":{"idSuffix":"inner"}},"wdio_ui5_key":"applicationmanagepartners-display-component---NewPartner--partnerDetailsCurrency"}]}
RESULT: undefined
COMMAND: POST /session/6a89fb51866d950e0bc97f386a060562/execute/async - {"script":"<script> [776 bytes]","args":[{"enterText":"Euro","selector":{"id":"application-managepartners-display-component---NewPartner--partnerDetailsCurrency","interaction":{"idSuffix":"inner"}},"clearTextFirst":true,"interactionType":"ENTER_TEXT"}]}
RESULT: {"script":"<script> [776 bytes]","args":[{"enterText":"Euro","selector":{"id":"application-managepartners-display-component---NewPartner--partnerDetailsCurrency","interaction":{"idSuffix":"inner"}},"clearTextFirst":true,"interactionType":"ENTER_TEXT"}]}
COMMAND: POST /session/6a89fb51866d950e0bc97f386a060562/execute/async - {"script":"<script> [1562 bytes]","args":[{"selector":{"controlType":"sap.m.Button","viewName":"etm.portal.ui.managepartners.view.NewPartner","viewId":"application-managepartners-display-component---NewPartner","properties":{"text":"Commercial"},"interaction":{"idSuffix":"BDI-content"}},"wdio_ui5_key":"etmportal.ui.managepartners.view.NewPartnersap.m.Button{\"text\":\"Commercial\"}"}]}
RESULT: {"script":"<script> [1562 bytes]","args":[{"selector":{"controlType":"sap.m.Button","viewName":"etm.portal.ui.managepartners.view.NewPartner","viewId":"application-managepartners-display-component---NewPartner","properties":{"text":"Commercial"},"interaction":{"idSuffix":"BDI-content"}},"wdio_ui5_key":"etmportal.ui.managepartners.view.NewPartnersap.m.Button{\"text\":\"Commercial\"}"}]}
RESULT: undefined
COMMAND: POST /session/6a89fb51866d950e0bc97f386a060562/element - {"using":"xpath","value":"//*[@id=\"application-managepartners-display-component---NewPartner--ObjectPageLayout-anchBar-__section5-anchor\"]"}
RESULT: {"using":"xpath","value":"//*[@id=\"application-managepartners-display-component---NewPartner--ObjectPageLayout-anchBar-__section5-anchor\"]"}
COMMAND: POST /session/6a89fb51866d950e0bc97f386a060562/element/f.A6EC5B81BA07351D57539A0094149B7C.d.27B01A9329BEDBB67098B69EB1852C6D.e.11963/click - {}
RESULT: {}
COMMAND: GET /session/6a89fb51866d950e0bc97f386a060562/screenshot - {}
RESULT: {}
COMMAND: POST /session/6a89fb51866d950e0bc97f386a060562/execute/async - {"script":"<script> [1562 bytes]","args":[{"selector":{"id":"application-managepartners-display-component---NewPartner--btnAddTableRow-img"},"wdio_ui5_key":"applicationmanagepartners-display-component---NewPartner--btnAddTableRow-img"}]}
RESULT: {"script":"<script> [1562 bytes]","args":[{"selector":{"id":"application-managepartners-display-component---NewPartner--btnAddTableRow-img"},"wdio_ui5_key":"applicationmanagepartners-display-component---NewPartner--btnAddTableRow-img"}]}
RESULT: undefined
COMMAND: POST /session/6a89fb51866d950e0bc97f386a060562/element - {"using":"xpath","value":"//*[@id=\"application-managepartners-display-component---NewPartner--btnAddTableRow-img\"]"}
RESULT: {"using":"xpath","value":"//*[@id=\"application-managepartners-display-component---NewPartner--btnAddTableRow-img\"]"}
COMMAND: POST /session/6a89fb51866d950e0bc97f386a060562/element/f.A6EC5B81BA07351D57539A0094149B7C.d.27B01A9329BEDBB67098B69EB1852C6D.e.11969/click - {}
RESULT: {}
COMMAND: POST /session/6a89fb51866d950e0bc97f386a060562/element - {"using":"xpath","value":"//input[contains(@id ,\"application-managepartners-display-component---NewPartner--assignmentYard-application-managepartners-display-component---NewPartner\")]"}
COMMAND: GET /session/6a89fb51866d950e0bc97f386a060562/screenshot - {}
RESULT: {"using":"xpath","value":"//input[contains(@id ,\"application-managepartners-display-component---NewPartner--assignmentYard-application-managepartners-display-component---NewPartner\")]"}
COMMAND: POST /session/6a89fb51866d950e0bc97f386a060562/element/f.A6EC5B81BA07351D57539A0094149B7C.d.27B01A9329BEDBB67098B69EB1852C6D.e.11973/clear - {}
RESULT: {}
RESULT: {}
COMMAND: POST /session/6a89fb51866d950e0bc97f386a060562/element/f.A6EC5B81BA07351D57539A0094149B7C.d.27B01A9329BEDBB67098B69EB1852C6D.e.11973/value - {"text":"647"}
COMMAND: GET /session/6a89fb51866d950e0bc97f386a060562/screenshot - {}
RESULT: {"text":"647"}
COMMAND: GET /session/6a89fb51866d950e0bc97f386a060562/screenshot - {}
RESULT: {}
RESULT: {}
COMMAND: POST /session/6a89fb51866d950e0bc97f386a060562/execute/async - {"script":"<script> [1562 bytes]","args":[{"selector":{"controlType":"sap.m.Button","viewName":"etm.portal.ui.managepartners.view.NewPartner","viewId":"application-managepartners-display-component---NewPartner","i18NText":{"propertyName":"text","key":"save"},"interaction":{"idSuffix":"BDI-content"}},"wdio_ui5_key":"etmportal.ui.managepartners.view.NewPartnersap.m.Button{\"propertyName\":\"text\",\"key\":\"save\"}"}]}
RESULT: {"script":"<script> [1562 bytes]","args":[{"selector":{"controlType":"sap.m.Button","viewName":"etm.portal.ui.managepartners.view.NewPartner","viewId":"application-managepartners-display-component---NewPartner","i18NText":{"propertyName":"text","key":"save"},"interaction":{"idSuffix":"BDI-content"}},"wdio_ui5_key":"etmportal.ui.managepartners.view.NewPartnersap.m.Button{\"propertyName\":\"text\",\"key\":\"save\"}"}]}
RESULT: undefined
COMMAND: POST /session/6a89fb51866d950e0bc97f386a060562/element - {"using":"xpath","value":"//*[@id=\"__button12\"]"}
RESULT: {"using":"xpath","value":"//*[@id=\"__button12\"]"}
COMMAND: POST /session/6a89fb51866d950e0bc97f386a060562/element/f.A6EC5B81BA07351D57539A0094149B7C.d.27B01A9329BEDBB67098B69EB1852C6D.e.11937/click - {}
RESULT: {}
COMMAND: GET /session/6a89fb51866d950e0bc97f386a060562/screenshot - {}
RESULT: {}
COMMAND: POST /session/6a89fb51866d950e0bc97f386a060562/element - {"using":"xpath","value":"//header/div/div[2]/div[2]/span"}
RESULT: {"using":"xpath","value":"//header/div/div[2]/div[2]/span"}
COMMAND: GET /session/6a89fb51866d950e0bc97f386a060562/element/f.A6EC5B81BA07351D57539A0094149B7C.d.27B01A9329BEDBB67098B69EB1852C6D.e.12143/text - {}
RESULT: {}
COMMAND: POST /session/6a89fb51866d950e0bc97f386a060562/element - {"using":"xpath","value":"//header/div/div/div/div/div/div[2]/div/span"}
RESULT: {"using":"xpath","value":"//header/div/div/div/div/div/div[2]/div/span"}
COMMAND: GET /session/6a89fb51866d950e0bc97f386a060562/element/f.A6EC5B81BA07351D57539A0094149B7C.d.27B01A9329BEDBB67098B69EB1852C6D.e.12144/text - {}
RESULT: {}
COMMAND: POST /session/6a89fb51866d950e0bc97f386a060562/execute/async - {"script":"<script> [1562 bytes]","args":[{"selector":{"id":"application-managepartners-display-component---detailPtm--partnerType"},"wdio_ui5_key":"applicationmanagepartners-display-component---detailPtm--partnerType"}]}
RESULT: {"script":"<script> [1562 bytes]","args":[{"selector":{"id":"application-managepartners-display-component---detailPtm--partnerType"},"wdio_ui5_key":"applicationmanagepartners-display-component---detailPtm--partnerType"}]}
RESULT: undefined
COMMAND: POST /session/6a89fb51866d950e0bc97f386a060562/execute/async - {"script":"<script> [6424 bytes]","args":[{"element-6066-11e4-a52e-4f735466cecf":"f.A6EC5B81BA07351D57539A0094149B7C.d.27B01A9329BEDBB67098B69EB1852C6D.e.12145"},"getText",[]]}
RESULT: {"script":"<script> [6424 bytes]","args":[{"element-6066-11e4-a52e-4f735466cecf":"f.A6EC5B81BA07351D57539A0094149B7C.d.27B01A9329BEDBB67098B69EB1852C6D.e.12145"},"getText",[]]}
COMMAND: POST /session/6a89fb51866d950e0bc97f386a060562/element - {"using":"css selector","value":"#shell-header-logo"}
RESULT: {"using":"css selector","value":"#shell-header-logo"}
COMMAND: POST /session/6a89fb51866d950e0bc97f386a060562/element/f.A6EC5B81BA07351D57539A0094149B7C.d.27B01A9329BEDBB67098B69EB1852C6D.e.11494/click - {}
RESULT: {}
COMMAND: GET /session/6a89fb51866d950e0bc97f386a060562/screenshot - {}
RESULT: {}
COMMAND: POST /session/6a89fb51866d950e0bc97f386a060562/execute/async - {"script":"<script> [1562 bytes]","args":[{"selector":{"controlType":"sap.m.GenericTile","properties":{"header":"Manage Sites"}},"wdio_ui5_key":"sapm.GenericTile{\"header\":\"Manage Sites\"}"}]}
RESULT: {"script":"<script> [1562 bytes]","args":[{"selector":{"controlType":"sap.m.GenericTile","properties":{"header":"Manage Sites"}},"wdio_ui5_key":"sapm.GenericTile{\"header\":\"Manage Sites\"}"}]}
RESULT: undefined
COMMAND: POST /session/6a89fb51866d950e0bc97f386a060562/element - {"using":"xpath","value":"//*[@id=\"__tile40\"]"}
RESULT: {"using":"xpath","value":"//*[@id=\"__tile40\"]"}
COMMAND: POST /session/6a89fb51866d950e0bc97f386a060562/element/f.A6EC5B81BA07351D57539A0094149B7C.d.27B01A9329BEDBB67098B69EB1852C6D.e.12147/click - {}
RESULT: {}
COMMAND: GET /session/6a89fb51866d950e0bc97f386a060562/screenshot - {}
RESULT: {}
COMMAND: POST /session/6a89fb51866d950e0bc97f386a060562/execute/async - {"script":"<script> [1562 bytes]","args":[{"selector":{"controlType":"sap.ui.core.Icon","viewName":"etm.portal.ui.managesites.view.Master","viewId":"application-managesites-display-component---masterSite","properties":{"src":{"regex":{"source":"add"}}}},"wdio_ui5_key":"etmportal.ui.managesites.view.Mastersap.ui.core.Icon{\"src\":{\"regex\":{\"source\":\"add\"}}}"}]}
RESULT: {"script":"<script> [1562 bytes]","args":[{"selector":{"controlType":"sap.ui.core.Icon","viewName":"etm.portal.ui.managesites.view.Master","viewId":"application-managesites-display-component---masterSite","properties":{"src":{"regex":{"source":"add"}}}},"wdio_ui5_key":"etmportal.ui.managesites.view.Mastersap.ui.core.Icon{\"src\":{\"regex\":{\"source\":\"add\"}}}"}]}
RESULT: undefined
COMMAND: POST /session/6a89fb51866d950e0bc97f386a060562/element - {"using":"xpath","value":"//*[@id=\"__button52-img\"]"}
RESULT: {"using":"xpath","value":"//*[@id=\"__button52-img\"]"}
COMMAND: POST /session/6a89fb51866d950e0bc97f386a060562/element/f.A6EC5B81BA07351D57539A0094149B7C.d.27B01A9329BEDBB67098B69EB1852C6D.e.12197/click - {}
RESULT: {}
COMMAND: POST /session/6a89fb51866d950e0bc97f386a060562/execute/async - {"script":"<script> [1562 bytes]","args":[{"selector":{"id":"application-managesites-display-component---NewSite--siteId","interaction":{"idSuffix":"inner"}},"wdio_ui5_key":"applicationmanagesites-display-component---NewSite--siteId"}]}
COMMAND: GET /session/6a89fb51866d950e0bc97f386a060562/screenshot - {}
RESULT: {"script":"<script> [1562 bytes]","args":[{"selector":{"id":"application-managesites-display-component---NewSite--siteId","interaction":{"idSuffix":"inner"}},"wdio_ui5_key":"applicationmanagesites-display-component---NewSite--siteId"}]}
RESULT: undefined
COMMAND: POST /session/6a89fb51866d950e0bc97f386a060562/execute/async - {"script":"<script> [1562 bytes]","args":[{"selector":{"id":"application-managesites-display-component---NewSite--addressDetailDetailsName1","interaction":{"idSuffix":"inner"}},"wdio_ui5_key":"applicationmanagesites-display-component---NewSite--addressDetailDetailsName1"}]}
RESULT: {}
RESULT: {"script":"<script> [1562 bytes]","args":[{"selector":{"id":"application-managesites-display-component---NewSite--addressDetailDetailsName1","interaction":{"idSuffix":"inner"}},"wdio_ui5_key":"applicationmanagesites-display-component---NewSite--addressDetailDetailsName1"}]}
RESULT: undefined
COMMAND: POST /session/6a89fb51866d950e0bc97f386a060562/execute/async - {"script":"<script> [776 bytes]","args":[{"enterText":"WebdriverSitedf55rh","selector":{"id":"application-managesites-display-component---NewSite--addressDetailDetailsName1","interaction":{"idSuffix":"inner"}},"clearTextFirst":true,"interactionType":"ENTER_TEXT"}]}
RESULT: {"script":"<script> [776 bytes]","args":[{"enterText":"WebdriverSitedf55rh","selector":{"id":"application-managesites-display-component---NewSite--addressDetailDetailsName1","interaction":{"idSuffix":"inner"}},"clearTextFirst":true,"interactionType":"ENTER_TEXT"}]}
COMMAND: POST /session/6a89fb51866d950e0bc97f386a060562/execute/async - {"script":"<script> [1562 bytes]","args":[{"selector":{"id":"application-managesites-display-component---NewSite--addressDetailDetailsLanguage","interaction":{"idSuffix":"inner"}},"wdio_ui5_key":"applicationmanagesites-display-component---NewSite--addressDetailDetailsLanguage"}]}
RESULT: {"script":"<script> [1562 bytes]","args":[{"selector":{"id":"application-managesites-display-component---NewSite--addressDetailDetailsLanguage","interaction":{"idSuffix":"inner"}},"wdio_ui5_key":"applicationmanagesites-display-component---NewSite--addressDetailDetailsLanguage"}]}
RESULT: undefined
COMMAND: POST /session/6a89fb51866d950e0bc97f386a060562/execute/async - {"script":"<script> [776 bytes]","args":[{"enterText":"Romanian","selector":{"id":"application-managesites-display-component---NewSite--addressDetailDetailsLanguage","interaction":{"idSuffix":"inner"}},"clearTextFirst":true,"interactionType":"ENTER_TEXT"}]}
RESULT: {"script":"<script> [776 bytes]","args":[{"enterText":"Romanian","selector":{"id":"application-managesites-display-component---NewSite--addressDetailDetailsLanguage","interaction":{"idSuffix":"inner"}},"clearTextFirst":true,"interactionType":"ENTER_TEXT"}]}
COMMAND: POST /session/6a89fb51866d950e0bc97f386a060562/execute/async - {"script":"<script> [1562 bytes]","args":[{"selector":{"id":"application-managesites-display-component---NewSite--addressDetailDetailsCity1","interaction":{"idSuffix":"inner"}},"wdio_ui5_key":"applicationmanagesites-display-component---NewSite--addressDetailDetailsCity1"}]}
RESULT: {"script":"<script> [1562 bytes]","args":[{"selector":{"id":"application-managesites-display-component---NewSite--addressDetailDetailsCity1","interaction":{"idSuffix":"inner"}},"wdio_ui5_key":"applicationmanagesites-display-component---NewSite--addressDetailDetailsCity1"}]}
RESULT: undefined
COMMAND: POST /session/6a89fb51866d950e0bc97f386a060562/execute/async - {"script":"<script> [776 bytes]","args":[{"enterText":"Bucharest","selector":{"id":"application-managesites-display-component---NewSite--addressDetailDetailsCity1","interaction":{"idSuffix":"inner"}},"clearTextFirst":true,"interactionType":"ENTER_TEXT"}]}
RESULT: {"script":"<script> [776 bytes]","args":[{"enterText":"Bucharest","selector":{"id":"application-managesites-display-component---NewSite--addressDetailDetailsCity1","interaction":{"idSuffix":"inner"}},"clearTextFirst":true,"interactionType":"ENTER_TEXT"}]}
COMMAND: POST /session/6a89fb51866d950e0bc97f386a060562/execute/async - {"script":"<script> [1562 bytes]","args":[{"selector":{"id":"application-managesites-display-component---NewSite--addressDetailDetailsCountry","interaction":{"idSuffix":"inner"}},"wdio_ui5_key":"applicationmanagesites-display-component---NewSite--addressDetailDetailsCountry"}]}
RESULT: {"script":"<script> [1562 bytes]","args":[{"selector":{"id":"application-managesites-display-component---NewSite--addressDetailDetailsCountry","interaction":{"idSuffix":"inner"}},"wdio_ui5_key":"applicationmanagesites-display-component---NewSite--addressDetailDetailsCountry"}]}
RESULT: undefined
COMMAND: POST /session/6a89fb51866d950e0bc97f386a060562/execute/async - {"script":"<script> [776 bytes]","args":[{"enterText":"Romania","selector":{"id":"application-managesites-display-component---NewSite--addressDetailDetailsCountry","interaction":{"idSuffix":"inner"}},"clearTextFirst":true,"interactionType":"ENTER_TEXT"}]}
RESULT: {"script":"<script> [776 bytes]","args":[{"enterText":"Romania","selector":{"id":"application-managesites-display-component---NewSite--addressDetailDetailsCountry","interaction":{"idSuffix":"inner"}},"clearTextFirst":true,"interactionType":"ENTER_TEXT"}]}
COMMAND: POST /session/6a89fb51866d950e0bc97f386a060562/element - {"using":"css selector","value":"#application-managesites-display-component---NewSite--addressDetailDetailsCalendar-inner"}
RESULT: {"using":"css selector","value":"#application-managesites-display-component---NewSite--addressDetailDetailsCalendar-inner"}
COMMAND: POST /session/6a89fb51866d950e0bc97f386a060562/element/f.A6EC5B81BA07351D57539A0094149B7C.d.27B01A9329BEDBB67098B69EB1852C6D.e.12391/clear - {}
RESULT: {}
COMMAND: POST /session/6a89fb51866d950e0bc97f386a060562/element/f.A6EC5B81BA07351D57539A0094149B7C.d.27B01A9329BEDBB67098B69EB1852C6D.e.12391/value - {"text":"Germany"}
COMMAND: GET /session/6a89fb51866d950e0bc97f386a060562/screenshot - {}
RESULT: {"text":"Germany"}
COMMAND: POST /session/6a89fb51866d950e0bc97f386a060562/execute/async - {"script":"<script> [1562 bytes]","args":[{"selector":{"id":"application-managesites-display-component---NewSite--addressEditDetailsCostObjectCstType-arrow"},"wdio_ui5_key":"applicationmanagesites-display-component---NewSite--addressEditDetailsCostObjectCstType-arrow"}]}
COMMAND: GET /session/6a89fb51866d950e0bc97f386a060562/screenshot - {}
RESULT: {}
RESULT: {"script":"<script> [1562 bytes]","args":[{"selector":{"id":"application-managesites-display-component---NewSite--addressEditDetailsCostObjectCstType-arrow"},"wdio_ui5_key":"applicationmanagesites-display-component---NewSite--addressEditDetailsCostObjectCstType-arrow"}]}
RESULT: undefined
COMMAND: POST /session/6a89fb51866d950e0bc97f386a060562/element - {"using":"xpath","value":"//*[@id=\"application-managesites-display-component---NewSite--addressEditDetailsCostObjectCstType-arrow\"]"}
RESULT: {}
RESULT: {"using":"xpath","value":"//*[@id=\"application-managesites-display-component---NewSite--addressEditDetailsCostObjectCstType-arrow\"]"}
COMMAND: POST /session/6a89fb51866d950e0bc97f386a060562/element/f.A6EC5B81BA07351D57539A0094149B7C.d.27B01A9329BEDBB67098B69EB1852C6D.e.12586/click - {}
RESULT: {}
COMMAND: POST /session/6a89fb51866d950e0bc97f386a060562/element - {"using":"xpath","value":"//span[contains(text(), \"Work Breakdown Structure\")]"}
COMMAND: GET /session/6a89fb51866d950e0bc97f386a060562/screenshot - {}
RESULT: {"using":"xpath","value":"//span[contains(text(), \"Work Breakdown Structure\")]"}
COMMAND: POST /session/6a89fb51866d950e0bc97f386a060562/element/f.A6EC5B81BA07351D57539A0094149B7C.d.27B01A9329BEDBB67098B69EB1852C6D.e.12587/click - {}
RESULT: {}
RESULT: {}
COMMAND: GET /session/6a89fb51866d950e0bc97f386a060562/screenshot - {}
RESULT: {}
COMMAND: POST /session/6a89fb51866d950e0bc97f386a060562/execute/async - {"script":"<script> [1562 bytes]","args":[{"selector":{"id":"application-managesites-display-component---NewSite--addressNewCostObjectCstID-vhi"},"wdio_ui5_key":"applicationmanagesites-display-component---NewSite--addressNewCostObjectCstID-vhi"}]}
RESULT: {"script":"<script> [1562 bytes]","args":[{"selector":{"id":"application-managesites-display-component---NewSite--addressNewCostObjectCstID-vhi"},"wdio_ui5_key":"applicationmanagesites-display-component---NewSite--addressNewCostObjectCstID-vhi"}]}
RESULT: undefined
COMMAND: POST /session/6a89fb51866d950e0bc97f386a060562/element - {"using":"xpath","value":"//*[@id=\"application-managesites-display-component---NewSite--addressNewCostObjectCstID-vhi\"]"}
RESULT: {"using":"xpath","value":"//*[@id=\"application-managesites-display-component---NewSite--addressNewCostObjectCstID-vhi\"]"}
COMMAND: POST /session/6a89fb51866d950e0bc97f386a060562/element/f.A6EC5B81BA07351D57539A0094149B7C.d.27B01A9329BEDBB67098B69EB1852C6D.e.12592/click - {}
RESULT: {}
COMMAND: GET /session/6a89fb51866d950e0bc97f386a060562/screenshot - {}
RESULT: {}
COMMAND: POST /session/6a89fb51866d950e0bc97f386a060562/execute/async - {"script":"<script> [1562 bytes]","args":[{"selector":{"controlType":"sap.m.SearchField","properties":{"placeholder":"Search"},"searchOpenDialogs":true,"interaction":{"idSuffix":"I"}},"wdio_ui5_key":"sapm.SearchField{\"placeholder\":\"Search\"}"}]}
RESULT: {"script":"<script> [1562 bytes]","args":[{"selector":{"controlType":"sap.m.SearchField","properties":{"placeholder":"Search"},"searchOpenDialogs":true,"interaction":{"idSuffix":"I"}},"wdio_ui5_key":"sapm.SearchField{\"placeholder\":\"Search\"}"}]}
RESULT: undefined
COMMAND: POST /session/6a89fb51866d950e0bc97f386a060562/execute/async - {"script":"<script> [776 bytes]","args":[{"enterText":"A1-000100-01","selector":{"controlType":"sap.m.SearchField","properties":{"placeholder":"Search"},"searchOpenDialogs":true,"interaction":{"idSuffix":"I"}},"clearTextFirst":true,"interactionType":"ENTER_TEXT"}]}
RESULT: {"script":"<script> [776 bytes]","args":[{"enterText":"A1-000100-01","selector":{"controlType":"sap.m.SearchField","properties":{"placeholder":"Search"},"searchOpenDialogs":true,"interaction":{"idSuffix":"I"}},"clearTextFirst":true,"interactionType":"ENTER_TEXT"}]}
COMMAND: POST /session/6a89fb51866d950e0bc97f386a060562/actions - {"actions":[{"id":"action67","type":"key","parameters":{},"actions":[{"type":"keyDown","value":"î€‡"},{"type":"pause","duration":10},{"type":"keyUp","value":"î€‡"}]}]}
RESULT: {"actions":[{"id":"action67","type":"key","parameters":{},"actions":[{"type":"keyDown","value":"î€‡"},{"type":"pause","duration":10},{"type":"keyUp","value":"î€‡"}]}]}
COMMAND: GET /session/6a89fb51866d950e0bc97f386a060562/screenshot - {}
RESULT: {}
COMMAND: POST /session/6a89fb51866d950e0bc97f386a060562/element - {"using":"xpath","value":"//span[contains(text(), \"Template for ETO-Process\")]"}
RESULT: {"using":"xpath","value":"//span[contains(text(), \"Template for ETO-Process\")]"}
COMMAND: POST /session/6a89fb51866d950e0bc97f386a060562/element/f.A6EC5B81BA07351D57539A0094149B7C.d.27B01A9329BEDBB67098B69EB1852C6D.e.12614/click - {}
RESULT: {}
COMMAND: GET /session/6a89fb51866d950e0bc97f386a060562/screenshot - {}
RESULT: {}
COMMAND: POST /session/6a89fb51866d950e0bc97f386a060562/element - {"using":"xpath","value":"//bdi[contains(text(), \"OK\")]"}
RESULT: {"using":"xpath","value":"//bdi[contains(text(), \"OK\")]"}
COMMAND: POST /session/6a89fb51866d950e0bc97f386a060562/element/f.A6EC5B81BA07351D57539A0094149B7C.d.27B01A9329BEDBB67098B69EB1852C6D.e.12615/click - {}
RESULT: {}
COMMAND: GET /session/6a89fb51866d950e0bc97f386a060562/screenshot - {}
RESULT: {}
COMMAND: POST /session/6a89fb51866d950e0bc97f386a060562/element - {"using":"xpath","value":"//input[@id=\"application-managesites-display-component---NewSite--addressDetailDetailsYard-inner\"]"}
RESULT: {"using":"xpath","value":"//input[@id=\"application-managesites-display-component---NewSite--addressDetailDetailsYard-inner\"]"}
COMMAND: POST /session/6a89fb51866d950e0bc97f386a060562/element/f.A6EC5B81BA07351D57539A0094149B7C.d.27B01A9329BEDBB67098B69EB1852C6D.e.12392/value - {"text":"647"}
RESULT: {"text":"647"}
COMMAND: GET /session/6a89fb51866d950e0bc97f386a060562/screenshot - {}
RESULT: {}
COMMAND: POST /session/6a89fb51866d950e0bc97f386a060562/actions - {"actions":[{"id":"action68","type":"key","parameters":{},"actions":[{"type":"keyDown","value":"î€‡"},{"type":"pause","duration":10},{"type":"keyUp","value":"î€‡"}]}]}
RESULT: {"actions":[{"id":"action68","type":"key","parameters":{},"actions":[{"type":"keyDown","value":"î€‡"},{"type":"pause","duration":10},{"type":"keyUp","value":"î€‡"}]}]}
COMMAND: GET /session/6a89fb51866d950e0bc97f386a060562/screenshot - {}
RESULT: {}
COMMAND: POST /session/6a89fb51866d950e0bc97f386a060562/element - {"using":"xpath","value":"//input[@id=\"application-managesites-display-component---NewSite--addressDetailDetailsPartner-inner\"]"}
RESULT: {"using":"xpath","value":"//input[@id=\"application-managesites-display-component---NewSite--addressDetailDetailsPartner-inner\"]"}
COMMAND: POST /session/6a89fb51866d950e0bc97f386a060562/elements - {"using":"xpath","value":"//input[@id=\"application-managesites-display-component---NewSite--addressDetailDetailsPartner-inner\"]"}
RESULT: {"using":"xpath","value":"//input[@id=\"application-managesites-display-component---NewSite--addressDetailDetailsPartner-inner\"]"}
COMMAND: POST /session/6a89fb51866d950e0bc97f386a060562/execute/async - {"script":"<script> [1562 bytes]","args":[{"selector":{"controlType":"sap.m.Button","viewName":"etm.portal.ui.managesites.view.NewSmartSite","viewId":"application-managesites-display-component---NewSite","properties":{"text":"Commercial"},"interaction":{"idSuffix":"BDI-content"}},"wdio_ui5_key":"etmportal.ui.managesites.view.NewSmartSitesap.m.Button{\"text\":\"Commercial\"}"}]}
RESULT: {"script":"<script> [1562 bytes]","args":[{"selector":{"controlType":"sap.m.Button","viewName":"etm.portal.ui.managesites.view.NewSmartSite","viewId":"application-managesites-display-component---NewSite","properties":{"text":"Commercial"},"interaction":{"idSuffix":"BDI-content"}},"wdio_ui5_key":"etmportal.ui.managesites.view.NewSmartSitesap.m.Button{\"text\":\"Commercial\"}"}]}
RESULT: undefined
COMMAND: POST /session/6a89fb51866d950e0bc97f386a060562/element - {"using":"xpath","value":"//*[@id=\"application-managesites-display-component---NewSite--ObjectPageLayout-anchBar-__section31-anchor\"]"}
RESULT: {"using":"xpath","value":"//*[@id=\"application-managesites-display-component---NewSite--ObjectPageLayout-anchBar-__section31-anchor\"]"}
COMMAND: POST /session/6a89fb51866d950e0bc97f386a060562/element/f.A6EC5B81BA07351D57539A0094149B7C.d.27B01A9329BEDBB67098B69EB1852C6D.e.12622/click - {}
RESULT: {}
COMMAND: POST /session/6a89fb51866d950e0bc97f386a060562/execute/async - {"script":"<script> [1562 bytes]","args":[{"selector":{"controlType":"sap.m.Button","viewName":"etm.portal.ui.managesites.view.NewSmartSite","viewId":"application-managesites-display-component---NewSite","i18NText":{"propertyName":"text","key":"save"},"interaction":{"idSuffix":"BDI-content"}},"wdio_ui5_key":"etmportal.ui.managesites.view.NewSmartSitesap.m.Button{\"propertyName\":\"text\",\"key\":\"save\"}"}]}
COMMAND: GET /session/6a89fb51866d950e0bc97f386a060562/screenshot - {}
RESULT: {"script":"<script> [1562 bytes]","args":[{"selector":{"controlType":"sap.m.Button","viewName":"etm.portal.ui.managesites.view.NewSmartSite","viewId":"application-managesites-display-component---NewSite","i18NText":{"propertyName":"text","key":"save"},"interaction":{"idSuffix":"BDI-content"}},"wdio_ui5_key":"etmportal.ui.managesites.view.NewSmartSitesap.m.Button{\"propertyName\":\"text\",\"key\":\"save\"}"}]}
RESULT: undefined
COMMAND: POST /session/6a89fb51866d950e0bc97f386a060562/element - {"using":"xpath","value":"//*[@id=\"__button64\"]"}
RESULT: {}
RESULT: {"using":"xpath","value":"//*[@id=\"__button64\"]"}
COMMAND: POST /session/6a89fb51866d950e0bc97f386a060562/element/f.A6EC5B81BA07351D57539A0094149B7C.d.27B01A9329BEDBB67098B69EB1852C6D.e.12566/click - {}
RESULT: {}
COMMAND: GET /session/6a89fb51866d950e0bc97f386a060562/screenshot - {}
RESULT: {}
COMMAND: POST /session/6a89fb51866d950e0bc97f386a060562/execute/async - {"script":"<script> [1562 bytes]","args":[{"selector":{"id":"application-managesites-display-component---detailSite--addressDetailDetailsYardText"},"wdio_ui5_key":"applicationmanagesites-display-component---detailSite--addressDetailDetailsYardText"}]}
RESULT: {"script":"<script> [1562 bytes]","args":[{"selector":{"id":"application-managesites-display-component---detailSite--addressDetailDetailsYardText"},"wdio_ui5_key":"applicationmanagesites-display-component---detailSite--addressDetailDetailsYardText"}]}
RESULT: undefined
COMMAND: POST /session/6a89fb51866d950e0bc97f386a060562/element - {"using":"xpath","value":"//header/div/div[2]/div[2]/span"}
RESULT: {"using":"xpath","value":"//header/div/div[2]/div[2]/span"}
COMMAND: GET /session/6a89fb51866d950e0bc97f386a060562/element/f.A6EC5B81BA07351D57539A0094149B7C.d.27B01A9329BEDBB67098B69EB1852C6D.e.12823/text - {}
RESULT: {}
COMMAND: POST /session/6a89fb51866d950e0bc97f386a060562/element - {"using":"xpath","value":"//header/div/div/div/div/div/div[2]/div/span"}
RESULT: {"using":"xpath","value":"//header/div/div/div/div/div/div[2]/div/span"}
COMMAND: GET /session/6a89fb51866d950e0bc97f386a060562/element/f.A6EC5B81BA07351D57539A0094149B7C.d.27B01A9329BEDBB67098B69EB1852C6D.e.12824/text - {}
RESULT: {}
COMMAND: POST /session/6a89fb51866d950e0bc97f386a060562/element - {"using":"css selector","value":"#shell-header-logo"}
RESULT: {"using":"css selector","value":"#shell-header-logo"}
COMMAND: POST /session/6a89fb51866d950e0bc97f386a060562/element/f.A6EC5B81BA07351D57539A0094149B7C.d.27B01A9329BEDBB67098B69EB1852C6D.e.12150/click - {}
RESULT: {}
COMMAND: GET /session/6a89fb51866d950e0bc97f386a060562/screenshot - {}
RESULT: {}
]]></system-out>
    </testcase>
    <testcase classname="chrome.135_0_7049_115.windows.E2E_-_Logistical_and_commercial_statuses" name="It should stock increase the resource" time="221.626">
      <system-out><![CDATA[
COMMAND: POST /session/6a89fb51866d950e0bc97f386a060562/execute/async - {"script":"<script> [1562 bytes]","args":[{"selector":{"controlType":"sap.m.GenericTile","properties":{"header":"Manage Resources"}},"wdio_ui5_key":"sapm.GenericTile{\"header\":\"Manage Resources\"}"}]}
RESULT: {"script":"<script> [1562 bytes]","args":[{"selector":{"controlType":"sap.m.GenericTile","properties":{"header":"Manage Resources"}},"wdio_ui5_key":"sapm.GenericTile{\"header\":\"Manage Resources\"}"}]}
RESULT: undefined
COMMAND: POST /session/6a89fb51866d950e0bc97f386a060562/element - {"using":"xpath","value":"//*[@id=\"__tile39\"]"}
RESULT: {"using":"xpath","value":"//*[@id=\"__tile39\"]"}
COMMAND: POST /session/6a89fb51866d950e0bc97f386a060562/element/f.A6EC5B81BA07351D57539A0094149B7C.d.27B01A9329BEDBB67098B69EB1852C6D.e.12826/click - {}
RESULT: {}
COMMAND: GET /session/6a89fb51866d950e0bc97f386a060562/screenshot - {}
RESULT: {}
COMMAND: POST /session/6a89fb51866d950e0bc97f386a060562/element - {"using":"xpath","value":"//button[@data-kt=\"addNewRUOverflowToolbarButton\"]"}
RESULT: {"using":"xpath","value":"//button[@data-kt=\"addNewRUOverflowToolbarButton\"]"}
COMMAND: POST /session/6a89fb51866d950e0bc97f386a060562/execute/sync - {"script":"<script> [8489 bytes]","args":[{"element-6066-11e4-a52e-4f735466cecf":"f.A6EC5B81BA07351D57539A0094149B7C.d.27B01A9329BEDBB67098B69EB1852C6D.e.12866","ELEMENT":"f.A6EC5B81BA07351D57539A0094149B7C.d.27B01A9329BEDBB67098B69EB1852C6D.e.12866"}]}
RESULT: {"script":"<script> [8489 bytes]","args":[{"element-6066-11e4-a52e-4f735466cecf":"f.A6EC5B81BA07351D57539A0094149B7C.d.27B01A9329BEDBB67098B69EB1852C6D.e.12866","ELEMENT":"f.A6EC5B81BA07351D57539A0094149B7C.d.27B01A9329BEDBB67098B69EB1852C6D.e.12866"}]}
COMMAND: POST /session/6a89fb51866d950e0bc97f386a060562/element/f.A6EC5B81BA07351D57539A0094149B7C.d.27B01A9329BEDBB67098B69EB1852C6D.e.12866/click - {}
COMMAND: GET /session/6a89fb51866d950e0bc97f386a060562/screenshot - {}
RESULT: {}
COMMAND: POST /session/6a89fb51866d950e0bc97f386a060562/execute/async - {"script":"<script> [1562 bytes]","args":[{"selector":{"id":"application-manageresources-display-component---newResourceUnit--TYPE-arrow"},"wdio_ui5_key":"applicationmanageresources-display-component---newResourceUnit--TYPE-arrow"}]}
COMMAND: GET /session/6a89fb51866d950e0bc97f386a060562/screenshot - {}
RESULT: {}
RESULT: {"script":"<script> [1562 bytes]","args":[{"selector":{"id":"application-manageresources-display-component---newResourceUnit--TYPE-arrow"},"wdio_ui5_key":"applicationmanageresources-display-component---newResourceUnit--TYPE-arrow"}]}
RESULT: undefined
COMMAND: POST /session/6a89fb51866d950e0bc97f386a060562/element - {"using":"xpath","value":"//*[@id=\"application-manageresources-display-component---newResourceUnit--TYPE-arrow\"]"}
RESULT: {}
RESULT: {"using":"xpath","value":"//*[@id=\"application-manageresources-display-component---newResourceUnit--TYPE-arrow\"]"}
COMMAND: POST /session/6a89fb51866d950e0bc97f386a060562/element/f.A6EC5B81BA07351D57539A0094149B7C.d.27B01A9329BEDBB67098B69EB1852C6D.e.13225/click - {}
RESULT: {}
COMMAND: POST /session/6a89fb51866d950e0bc97f386a060562/execute/async - {"script":"<script> [1562 bytes]","args":[{"selector":{"controlType":"sap.m.StandardListItem","viewName":"reusables.view.manageresources.NewResourceUnit","viewId":"application-manageresources-display-component---newResourceUnit","properties":{"title":"Material"},"searchOpenDialogs":true,"interaction":{"idSuffix":"titleText"}},"wdio_ui5_key":"reusablesview.manageresources.NewResourceUnitsap.m.StandardListItem{\"title\":\"Material\"}"}]}
COMMAND: GET /session/6a89fb51866d950e0bc97f386a060562/screenshot - {}
RESULT: {"script":"<script> [1562 bytes]","args":[{"selector":{"controlType":"sap.m.StandardListItem","viewName":"reusables.view.manageresources.NewResourceUnit","viewId":"application-manageresources-display-component---newResourceUnit","properties":{"title":"Material"},"searchOpenDialogs":true,"interaction":{"idSuffix":"titleText"}},"wdio_ui5_key":"reusablesview.manageresources.NewResourceUnitsap.m.StandardListItem{\"title\":\"Material\"}"}]}
RESULT: undefined
COMMAND: POST /session/6a89fb51866d950e0bc97f386a060562/element - {"using":"xpath","value":"//*[@id=\"__item1231\"]"}
RESULT: {}
RESULT: {"using":"xpath","value":"//*[@id=\"__item1231\"]"}
COMMAND: POST /session/6a89fb51866d950e0bc97f386a060562/element/f.A6EC5B81BA07351D57539A0094149B7C.d.27B01A9329BEDBB67098B69EB1852C6D.e.13228/click - {}
RESULT: {}
COMMAND: POST /session/6a89fb51866d950e0bc97f386a060562/execute/async - {"script":"<script> [1562 bytes]","args":[{"selector":{"id":"application-manageresources-display-component---newResourceUnit--SHORT_TEXT","interaction":{"idSuffix":"inner"}},"wdio_ui5_key":"applicationmanageresources-display-component---newResourceUnit--SHORT_TEXT"}]}
COMMAND: GET /session/6a89fb51866d950e0bc97f386a060562/screenshot - {}
RESULT: {"script":"<script> [1562 bytes]","args":[{"selector":{"id":"application-manageresources-display-component---newResourceUnit--SHORT_TEXT","interaction":{"idSuffix":"inner"}},"wdio_ui5_key":"applicationmanageresources-display-component---newResourceUnit--SHORT_TEXT"}]}
RESULT: undefined
COMMAND: POST /session/6a89fb51866d950e0bc97f386a060562/execute/async - {"script":"<script> [776 bytes]","args":[{"enterText":"WebdriverRUR2Cei11h","selector":{"id":"application-manageresources-display-component---newResourceUnit--SHORT_TEXT","interaction":{"idSuffix":"inner"}},"clearTextFirst":true,"interactionType":"ENTER_TEXT"}]}
RESULT: {}
RESULT: {"script":"<script> [776 bytes]","args":[{"enterText":"WebdriverRUR2Cei11h","selector":{"id":"application-manageresources-display-component---newResourceUnit--SHORT_TEXT","interaction":{"idSuffix":"inner"}},"clearTextFirst":true,"interactionType":"ENTER_TEXT"}]}
COMMAND: POST /session/6a89fb51866d950e0bc97f386a060562/execute/async - {"script":"<script> [1562 bytes]","args":[{"selector":{"id":"application-manageresources-display-component---newResourceUnit--BASE_UNIT_OF_MEASURE-arrow"},"wdio_ui5_key":"applicationmanageresources-display-component---newResourceUnit--BASE_UNIT_OF_MEASURE-arrow"}]}
RESULT: {"script":"<script> [1562 bytes]","args":[{"selector":{"id":"application-manageresources-display-component---newResourceUnit--BASE_UNIT_OF_MEASURE-arrow"},"wdio_ui5_key":"applicationmanageresources-display-component---newResourceUnit--BASE_UNIT_OF_MEASURE-arrow"}]}
RESULT: undefined
COMMAND: POST /session/6a89fb51866d950e0bc97f386a060562/element - {"using":"xpath","value":"//*[@id=\"application-manageresources-display-component---newResourceUnit--BASE_UNIT_OF_MEASURE-arrow\"]"}
RESULT: {"using":"xpath","value":"//*[@id=\"application-manageresources-display-component---newResourceUnit--BASE_UNIT_OF_MEASURE-arrow\"]"}
COMMAND: POST /session/6a89fb51866d950e0bc97f386a060562/element/f.A6EC5B81BA07351D57539A0094149B7C.d.27B01A9329BEDBB67098B69EB1852C6D.e.13286/click - {}
RESULT: {}
COMMAND: POST /session/6a89fb51866d950e0bc97f386a060562/execute/async - {"script":"<script> [1562 bytes]","args":[{"selector":{"controlType":"sap.m.StandardListItem","viewName":"reusables.view.manageresources.NewResourceUnit","viewId":"application-manageresources-display-component---newResourceUnit","properties":{"title":"Piece"},"searchOpenDialogs":true,"interaction":{"idSuffix":"titleText"}},"wdio_ui5_key":"reusablesview.manageresources.NewResourceUnitsap.m.StandardListItem{\"title\":\"Piece\"}"}]}
COMMAND: GET /session/6a89fb51866d950e0bc97f386a060562/screenshot - {}
RESULT: {"script":"<script> [1562 bytes]","args":[{"selector":{"controlType":"sap.m.StandardListItem","viewName":"reusables.view.manageresources.NewResourceUnit","viewId":"application-manageresources-display-component---newResourceUnit","properties":{"title":"Piece"},"searchOpenDialogs":true,"interaction":{"idSuffix":"titleText"}},"wdio_ui5_key":"reusablesview.manageresources.NewResourceUnitsap.m.StandardListItem{\"title\":\"Piece\"}"}]}
RESULT: undefined
COMMAND: POST /session/6a89fb51866d950e0bc97f386a060562/element - {"using":"xpath","value":"//*[@id=\"__item1275\"]"}
RESULT: {}
RESULT: {"using":"xpath","value":"//*[@id=\"__item1275\"]"}
COMMAND: POST /session/6a89fb51866d950e0bc97f386a060562/element/f.A6EC5B81BA07351D57539A0094149B7C.d.27B01A9329BEDBB67098B69EB1852C6D.e.13288/click - {}
RESULT: {}
COMMAND: POST /session/6a89fb51866d950e0bc97f386a060562/element - {"using":"xpath","value":"//input[contains(@id ,\"application-manageresources-display-component---newResourceUnit--SHORT_TEXT-inner\")]"}
COMMAND: GET /session/6a89fb51866d950e0bc97f386a060562/screenshot - {}
RESULT: {"using":"xpath","value":"//input[contains(@id ,\"application-manageresources-display-component---newResourceUnit--SHORT_TEXT-inner\")]"}
COMMAND: GET /session/6a89fb51866d950e0bc97f386a060562/element/f.A6EC5B81BA07351D57539A0094149B7C.d.27B01A9329BEDBB67098B69EB1852C6D.e.13247/property/value - {}
RESULT: {}
RESULT: {}
COMMAND: POST /session/6a89fb51866d950e0bc97f386a060562/execute/async - {"script":"<script> [1562 bytes]","args":[{"selector":{"id":"application-manageresources-display-component---newResourceUnit--WEIGHT_UNIT-arrow"},"wdio_ui5_key":"applicationmanageresources-display-component---newResourceUnit--WEIGHT_UNIT-arrow"}]}
COMMAND: GET /session/6a89fb51866d950e0bc97f386a060562/screenshot - {}
RESULT: {"script":"<script> [1562 bytes]","args":[{"selector":{"id":"application-manageresources-display-component---newResourceUnit--WEIGHT_UNIT-arrow"},"wdio_ui5_key":"applicationmanageresources-display-component---newResourceUnit--WEIGHT_UNIT-arrow"}]}
RESULT: undefined
COMMAND: POST /session/6a89fb51866d950e0bc97f386a060562/element - {"using":"xpath","value":"//*[@id=\"application-manageresources-display-component---newResourceUnit--WEIGHT_UNIT-arrow\"]"}
RESULT: {}
RESULT: {"using":"xpath","value":"//*[@id=\"application-manageresources-display-component---newResourceUnit--WEIGHT_UNIT-arrow\"]"}
COMMAND: POST /session/6a89fb51866d950e0bc97f386a060562/element/f.A6EC5B81BA07351D57539A0094149B7C.d.27B01A9329BEDBB67098B69EB1852C6D.e.13289/click - {}
RESULT: {}
COMMAND: POST /session/6a89fb51866d950e0bc97f386a060562/execute/async - {"script":"<script> [1562 bytes]","args":[{"selector":{"controlType":"sap.m.StandardListItem","viewName":"reusables.view.manageresources.NewResourceUnit","viewId":"application-manageresources-display-component---newResourceUnit","properties":{"title":"Gram"},"searchOpenDialogs":true,"interaction":{"idSuffix":"content"}},"wdio_ui5_key":"reusablesview.manageresources.NewResourceUnitsap.m.StandardListItem{\"title\":\"Gram\"}"}]}
COMMAND: GET /session/6a89fb51866d950e0bc97f386a060562/screenshot - {}
RESULT: {"script":"<script> [1562 bytes]","args":[{"selector":{"controlType":"sap.m.StandardListItem","viewName":"reusables.view.manageresources.NewResourceUnit","viewId":"application-manageresources-display-component---newResourceUnit","properties":{"title":"Gram"},"searchOpenDialogs":true,"interaction":{"idSuffix":"content"}},"wdio_ui5_key":"reusablesview.manageresources.NewResourceUnitsap.m.StandardListItem{\"title\":\"Gram\"}"}]}
RESULT: undefined
COMMAND: POST /session/6a89fb51866d950e0bc97f386a060562/element - {"using":"xpath","value":"//*[@id=\"__item1340\"]"}
RESULT: {}
RESULT: {"using":"xpath","value":"//*[@id=\"__item1340\"]"}
COMMAND: POST /session/6a89fb51866d950e0bc97f386a060562/element/f.A6EC5B81BA07351D57539A0094149B7C.d.27B01A9329BEDBB67098B69EB1852C6D.e.13291/click - {}
RESULT: {}
COMMAND: POST /session/6a89fb51866d950e0bc97f386a060562/execute/async - {"script":"<script> [1562 bytes]","args":[{"selector":{"id":"application-manageresources-display-component---newResourceUnit--newRRUPage-OPHeaderContent-collapseBtn-img"},"wdio_ui5_key":"applicationmanageresources-display-component---newResourceUnit--newRRUPage-OPHeaderContent-collapseBtn-img"}]}
COMMAND: GET /session/6a89fb51866d950e0bc97f386a060562/screenshot - {}
RESULT: {"script":"<script> [1562 bytes]","args":[{"selector":{"id":"application-manageresources-display-component---newResourceUnit--newRRUPage-OPHeaderContent-collapseBtn-img"},"wdio_ui5_key":"applicationmanageresources-display-component---newResourceUnit--newRRUPage-OPHeaderContent-collapseBtn-img"}]}
RESULT: undefined
COMMAND: POST /session/6a89fb51866d950e0bc97f386a060562/element - {"using":"xpath","value":"//*[@id=\"application-manageresources-display-component---newResourceUnit--newRRUPage-OPHeaderContent-collapseBtn-img\"]"}
RESULT: {}
RESULT: {"using":"xpath","value":"//*[@id=\"application-manageresources-display-component---newResourceUnit--newRRUPage-OPHeaderContent-collapseBtn-img\"]"}
COMMAND: POST /session/6a89fb51866d950e0bc97f386a060562/element/f.A6EC5B81BA07351D57539A0094149B7C.d.27B01A9329BEDBB67098B69EB1852C6D.e.13237/click - {}
RESULT: {}
COMMAND: GET /session/6a89fb51866d950e0bc97f386a060562/screenshot - {}
RESULT: {}
COMMAND: POST /session/6a89fb51866d950e0bc97f386a060562/element - {"using":"xpath","value":"(//span[contains(@id ,\"application-manageresources-display-component---newResourceUnit--DIMENSION_UNIT-arrow\")])[1]"}
RESULT: {"using":"xpath","value":"(//span[contains(@id ,\"application-manageresources-display-component---newResourceUnit--DIMENSION_UNIT-arrow\")])[1]"}
COMMAND: POST /session/6a89fb51866d950e0bc97f386a060562/element/f.A6EC5B81BA07351D57539A0094149B7C.d.27B01A9329BEDBB67098B69EB1852C6D.e.13297/click - {}
RESULT: {}
COMMAND: GET /session/6a89fb51866d950e0bc97f386a060562/screenshot - {}
RESULT: {}
COMMAND: POST /session/6a89fb51866d950e0bc97f386a060562/execute/async - {"script":"<script> [1562 bytes]","args":[{"selector":{"controlType":"sap.m.StandardListItem","viewName":"reusables.view.manageresources.NewResourceUnit","viewId":"application-manageresources-display-component---newResourceUnit","properties":{"title":"Centimeter"},"searchOpenDialogs":true,"interaction":{"idSuffix":"titleText"}},"wdio_ui5_key":"reusablesview.manageresources.NewResourceUnitsap.m.StandardListItem{\"title\":\"Centimeter\"}"}]}
RESULT: {"script":"<script> [1562 bytes]","args":[{"selector":{"controlType":"sap.m.StandardListItem","viewName":"reusables.view.manageresources.NewResourceUnit","viewId":"application-manageresources-display-component---newResourceUnit","properties":{"title":"Centimeter"},"searchOpenDialogs":true,"interaction":{"idSuffix":"titleText"}},"wdio_ui5_key":"reusablesview.manageresources.NewResourceUnitsap.m.StandardListItem{\"title\":\"Centimeter\"}"}]}
RESULT: undefined
COMMAND: POST /session/6a89fb51866d950e0bc97f386a060562/element - {"using":"xpath","value":"//*[@id=\"__item1343\"]"}
RESULT: {"using":"xpath","value":"//*[@id=\"__item1343\"]"}
COMMAND: POST /session/6a89fb51866d950e0bc97f386a060562/element/f.A6EC5B81BA07351D57539A0094149B7C.d.27B01A9329BEDBB67098B69EB1852C6D.e.13299/click - {}
RESULT: {}
COMMAND: POST /session/6a89fb51866d950e0bc97f386a060562/execute/async - {"script":"<script> [1562 bytes]","args":[{"selector":{"id":"application-manageresources-display-component---newResourceUnit--newRRUPage-anchBar-application-manageresources-display-component---newResourceUnit--reference-anchor","interaction":{"idSuffix":"BDI-content"}},"wdio_ui5_key":"applicationmanageresources-display-component---newResourceUnit--newRRUPage-anchBar-application-manageresources-display-component---newResourceUnit--reference-anchor"}]}
COMMAND: GET /session/6a89fb51866d950e0bc97f386a060562/screenshot - {}
RESULT: {"script":"<script> [1562 bytes]","args":[{"selector":{"id":"application-manageresources-display-component---newResourceUnit--newRRUPage-anchBar-application-manageresources-display-component---newResourceUnit--reference-anchor","interaction":{"idSuffix":"BDI-content"}},"wdio_ui5_key":"applicationmanageresources-display-component---newResourceUnit--newRRUPage-anchBar-application-manageresources-display-component---newResourceUnit--reference-anchor"}]}
RESULT: undefined
COMMAND: POST /session/6a89fb51866d950e0bc97f386a060562/element - {"using":"xpath","value":"//*[@id=\"application-manageresources-display-component---newResourceUnit--newRRUPage-anchBar-application-manageresources-display-component---newResourceUnit--reference-anchor\"]"}
RESULT: {}
RESULT: {"using":"xpath","value":"//*[@id=\"application-manageresources-display-component---newResourceUnit--newRRUPage-anchBar-application-manageresources-display-component---newResourceUnit--reference-anchor\"]"}
COMMAND: POST /session/6a89fb51866d950e0bc97f386a060562/element/f.A6EC5B81BA07351D57539A0094149B7C.d.27B01A9329BEDBB67098B69EB1852C6D.e.13301/click - {}
RESULT: {}
COMMAND: POST /session/6a89fb51866d950e0bc97f386a060562/execute/async - {"script":"<script> [1562 bytes]","args":[{"selector":{"id":"application-manageresources-display-component---newResourceUnit--PLANNING_GROUP-arrow"},"wdio_ui5_key":"applicationmanageresources-display-component---newResourceUnit--PLANNING_GROUP-arrow"}]}
COMMAND: GET /session/6a89fb51866d950e0bc97f386a060562/screenshot - {}
RESULT: {"script":"<script> [1562 bytes]","args":[{"selector":{"id":"application-manageresources-display-component---newResourceUnit--PLANNING_GROUP-arrow"},"wdio_ui5_key":"applicationmanageresources-display-component---newResourceUnit--PLANNING_GROUP-arrow"}]}
RESULT: undefined
COMMAND: POST /session/6a89fb51866d950e0bc97f386a060562/element - {"using":"xpath","value":"//*[@id=\"application-manageresources-display-component---newResourceUnit--PLANNING_GROUP-arrow\"]"}
RESULT: {}
RESULT: {"using":"xpath","value":"//*[@id=\"application-manageresources-display-component---newResourceUnit--PLANNING_GROUP-arrow\"]"}
COMMAND: POST /session/6a89fb51866d950e0bc97f386a060562/element/f.A6EC5B81BA07351D57539A0094149B7C.d.27B01A9329BEDBB67098B69EB1852C6D.e.13305/click - {}
RESULT: {}
COMMAND: POST /session/6a89fb51866d950e0bc97f386a060562/execute/async - {"script":"<script> [1562 bytes]","args":[{"selector":{"controlType":"sap.m.StandardListItem","viewName":"reusables.view.manageresources.NewResourceUnit","viewId":"application-manageresources-display-component---newResourceUnit","properties":{"title":"Heavy Equi"},"searchOpenDialogs":true,"interaction":{"idSuffix":"content"}},"wdio_ui5_key":"reusablesview.manageresources.NewResourceUnitsap.m.StandardListItem{\"title\":\"Heavy Equi\"}"}]}
COMMAND: GET /session/6a89fb51866d950e0bc97f386a060562/screenshot - {}
RESULT: {"script":"<script> [1562 bytes]","args":[{"selector":{"controlType":"sap.m.StandardListItem","viewName":"reusables.view.manageresources.NewResourceUnit","viewId":"application-manageresources-display-component---newResourceUnit","properties":{"title":"Heavy Equi"},"searchOpenDialogs":true,"interaction":{"idSuffix":"content"}},"wdio_ui5_key":"reusablesview.manageresources.NewResourceUnitsap.m.StandardListItem{\"title\":\"Heavy Equi\"}"}]}
RESULT: undefined
COMMAND: POST /session/6a89fb51866d950e0bc97f386a060562/element - {"using":"xpath","value":"//*[@id=\"__item1351\"]"}
RESULT: {}
RESULT: {"using":"xpath","value":"//*[@id=\"__item1351\"]"}
COMMAND: POST /session/6a89fb51866d950e0bc97f386a060562/element/f.A6EC5B81BA07351D57539A0094149B7C.d.27B01A9329BEDBB67098B69EB1852C6D.e.13307/click - {}
RESULT: {}
COMMAND: GET /session/6a89fb51866d950e0bc97f386a060562/screenshot - {}
RESULT: {}
COMMAND: POST /session/6a89fb51866d950e0bc97f386a060562/execute/async - {"script":"<script> [1562 bytes]","args":[{"selector":{"id":"application-manageresources-display-component---newResourceUnit--PLANNING_INDICATOR-arrow"},"wdio_ui5_key":"applicationmanageresources-display-component---newResourceUnit--PLANNING_INDICATOR-arrow"}]}
RESULT: {"script":"<script> [1562 bytes]","args":[{"selector":{"id":"application-manageresources-display-component---newResourceUnit--PLANNING_INDICATOR-arrow"},"wdio_ui5_key":"applicationmanageresources-display-component---newResourceUnit--PLANNING_INDICATOR-arrow"}]}
RESULT: undefined
COMMAND: POST /session/6a89fb51866d950e0bc97f386a060562/element - {"using":"xpath","value":"//*[@id=\"application-manageresources-display-component---newResourceUnit--PLANNING_INDICATOR-arrow\"]"}
RESULT: {"using":"xpath","value":"//*[@id=\"application-manageresources-display-component---newResourceUnit--PLANNING_INDICATOR-arrow\"]"}
COMMAND: POST /session/6a89fb51866d950e0bc97f386a060562/element/f.A6EC5B81BA07351D57539A0094149B7C.d.27B01A9329BEDBB67098B69EB1852C6D.e.13308/click - {}
RESULT: {}
COMMAND: POST /session/6a89fb51866d950e0bc97f386a060562/execute/async - {"script":"<script> [1562 bytes]","args":[{"selector":{"controlType":"sap.m.StandardListItem","viewName":"reusables.view.manageresources.NewResourceUnit","viewId":"application-manageresources-display-component---newResourceUnit","properties":{"title":"10 - infinite"},"searchOpenDialogs":true,"interaction":{"idSuffix":"content"}},"wdio_ui5_key":"reusablesview.manageresources.NewResourceUnitsap.m.StandardListItem{\"title\":\"10 - infinite\"}"}]}
COMMAND: GET /session/6a89fb51866d950e0bc97f386a060562/screenshot - {}
RESULT: {"script":"<script> [1562 bytes]","args":[{"selector":{"controlType":"sap.m.StandardListItem","viewName":"reusables.view.manageresources.NewResourceUnit","viewId":"application-manageresources-display-component---newResourceUnit","properties":{"title":"10 - infinite"},"searchOpenDialogs":true,"interaction":{"idSuffix":"content"}},"wdio_ui5_key":"reusablesview.manageresources.NewResourceUnitsap.m.StandardListItem{\"title\":\"10 - infinite\"}"}]}
RESULT: undefined
COMMAND: POST /session/6a89fb51866d950e0bc97f386a060562/element - {"using":"xpath","value":"//*[@id=\"__item1361\"]"}
RESULT: {}
RESULT: {"using":"xpath","value":"//*[@id=\"__item1361\"]"}
COMMAND: POST /session/6a89fb51866d950e0bc97f386a060562/element/f.A6EC5B81BA07351D57539A0094149B7C.d.27B01A9329BEDBB67098B69EB1852C6D.e.13310/click - {}
RESULT: {}
COMMAND: GET /session/6a89fb51866d950e0bc97f386a060562/screenshot - {}
RESULT: {}
COMMAND: POST /session/6a89fb51866d950e0bc97f386a060562/element - {"using":"xpath","value":"//bdi[contains(text(), \"Time Segment\")]"}
RESULT: {"using":"xpath","value":"//bdi[contains(text(), \"Time Segment\")]"}
COMMAND: GET /session/6a89fb51866d950e0bc97f386a060562/element/f.A6EC5B81BA07351D57539A0094149B7C.d.27B01A9329BEDBB67098B69EB1852C6D.e.13311/rect - {}
RESULT: {}
COMMAND: GET /session/6a89fb51866d950e0bc97f386a060562/window/rect - {}
RESULT: {}
COMMAND: POST /session/6a89fb51866d950e0bc97f386a060562/execute/sync - {"script":"<script> [92 bytes]","args":[]}
RESULT: {"script":"<script> [92 bytes]","args":[]}
COMMAND: POST /session/6a89fb51866d950e0bc97f386a060562/actions - {"actions":[{"id":"action69","type":"wheel","parameters":{},"actions":[{"type":"scroll","x":-1820,"y":-21,"deltaX":0,"deltaY":0,"duration":0,"origin":{"element-6066-11e4-a52e-4f735466cecf":"f.A6EC5B81BA07351D57539A0094149B7C.d.27B01A9329BEDBB67098B69EB1852C6D.e.13311"}}]}]}
COMMAND: GET /session/6a89fb51866d950e0bc97f386a060562/screenshot - {}
RESULT: {}
COMMAND: POST /session/6a89fb51866d950e0bc97f386a060562/execute/sync - {"script":"<script> [79 bytes]","args":[{"element-6066-11e4-a52e-4f735466cecf":"f.A6EC5B81BA07351D57539A0094149B7C.d.27B01A9329BEDBB67098B69EB1852C6D.e.13311","ELEMENT":"f.A6EC5B81BA07351D57539A0094149B7C.d.27B01A9329BEDBB67098B69EB1852C6D.e.13311"},{"block":"start","inline":"nearest"}]}
RESULT: {"script":"<script> [79 bytes]","args":[{"element-6066-11e4-a52e-4f735466cecf":"f.A6EC5B81BA07351D57539A0094149B7C.d.27B01A9329BEDBB67098B69EB1852C6D.e.13311","ELEMENT":"f.A6EC5B81BA07351D57539A0094149B7C.d.27B01A9329BEDBB67098B69EB1852C6D.e.13311"},{"block":"start","inline":"nearest"}]}
COMMAND: GET /session/6a89fb51866d950e0bc97f386a060562/screenshot - {}
RESULT: {}
COMMAND: POST /session/6a89fb51866d950e0bc97f386a060562/element - {"using":"xpath","value":"//span[@id=\"application-manageresources-display-component---newResourceUnit--btnAddTimeSegment-img\"]"}
RESULT: {"using":"xpath","value":"//span[@id=\"application-manageresources-display-component---newResourceUnit--btnAddTimeSegment-img\"]"}
COMMAND: POST /session/6a89fb51866d950e0bc97f386a060562/execute/sync - {"script":"<script> [8489 bytes]","args":[{"element-6066-11e4-a52e-4f735466cecf":"f.A6EC5B81BA07351D57539A0094149B7C.d.27B01A9329BEDBB67098B69EB1852C6D.e.13314","ELEMENT":"f.A6EC5B81BA07351D57539A0094149B7C.d.27B01A9329BEDBB67098B69EB1852C6D.e.13314"}]}
RESULT: {"script":"<script> [8489 bytes]","args":[{"element-6066-11e4-a52e-4f735466cecf":"f.A6EC5B81BA07351D57539A0094149B7C.d.27B01A9329BEDBB67098B69EB1852C6D.e.13314","ELEMENT":"f.A6EC5B81BA07351D57539A0094149B7C.d.27B01A9329BEDBB67098B69EB1852C6D.e.13314"}]}
COMMAND: POST /session/6a89fb51866d950e0bc97f386a060562/element/f.A6EC5B81BA07351D57539A0094149B7C.d.27B01A9329BEDBB67098B69EB1852C6D.e.13314/click - {}
COMMAND: GET /session/6a89fb51866d950e0bc97f386a060562/screenshot - {}
RESULT: {}
COMMAND: GET /session/6a89fb51866d950e0bc97f386a060562/screenshot - {}
RESULT: {}
COMMAND: POST /session/6a89fb51866d950e0bc97f386a060562/element - {"using":"xpath","value":"//input[@id=\"application-manageresources-display-component---newResourceUnit--idRuTSAdmin-application-manageresources-display-component---newResourceUnit--RUTimeSegment-0-inner\"]"}
RESULT: {}
RESULT: {"using":"xpath","value":"//input[@id=\"application-manageresources-display-component---newResourceUnit--idRuTSAdmin-application-manageresources-display-component---newResourceUnit--RUTimeSegment-0-inner\"]"}
COMMAND: POST /session/6a89fb51866d950e0bc97f386a060562/element/f.A6EC5B81BA07351D57539A0094149B7C.d.27B01A9329BEDBB67098B69EB1852C6D.e.13317/clear - {}
RESULT: {}
COMMAND: POST /session/6a89fb51866d950e0bc97f386a060562/element/f.A6EC5B81BA07351D57539A0094149B7C.d.27B01A9329BEDBB67098B69EB1852C6D.e.13317/value - {"text":"WebdriverYardabt01"}
COMMAND: GET /session/6a89fb51866d950e0bc97f386a060562/screenshot - {}
RESULT: {"text":"WebdriverYardabt01"}
COMMAND: GET /session/6a89fb51866d950e0bc97f386a060562/screenshot - {}
COMMAND: POST /session/6a89fb51866d950e0bc97f386a060562/actions - {"actions":[{"id":"action70","type":"key","parameters":{},"actions":[{"type":"keyDown","value":"î€‡"},{"type":"pause","duration":10},{"type":"keyUp","value":"î€‡"}]}]}
RESULT: {}
RESULT: {}
RESULT: {"actions":[{"id":"action70","type":"key","parameters":{},"actions":[{"type":"keyDown","value":"î€‡"},{"type":"pause","duration":10},{"type":"keyUp","value":"î€‡"}]}]}
COMMAND: GET /session/6a89fb51866d950e0bc97f386a060562/screenshot - {}
RESULT: {}
COMMAND: POST /session/6a89fb51866d950e0bc97f386a060562/execute/async - {"script":"<script> [1562 bytes]","args":[{"selector":{"controlType":"sap.m.Button","viewName":"reusables.view.manageresources.NewResourceUnit","viewId":"application-manageresources-display-component---newResourceUnit","i18NText":{"propertyName":"tooltip","key":"save"},"interaction":{"idSuffix":"BDI-content"}},"wdio_ui5_key":"reusablesview.manageresources.NewResourceUnitsap.m.Button{\"propertyName\":\"tooltip\",\"key\":\"save\"}"}]}
RESULT: {"script":"<script> [1562 bytes]","args":[{"selector":{"controlType":"sap.m.Button","viewName":"reusables.view.manageresources.NewResourceUnit","viewId":"application-manageresources-display-component---newResourceUnit","i18NText":{"propertyName":"tooltip","key":"save"},"interaction":{"idSuffix":"BDI-content"}},"wdio_ui5_key":"reusablesview.manageresources.NewResourceUnitsap.m.Button{\"propertyName\":\"tooltip\",\"key\":\"save\"}"}]}
RESULT: undefined
COMMAND: POST /session/6a89fb51866d950e0bc97f386a060562/element - {"using":"xpath","value":"//*[@id=\"application-manageresources-display-component---newResourceUnit--createRuButton\"]"}
RESULT: {"using":"xpath","value":"//*[@id=\"application-manageresources-display-component---newResourceUnit--createRuButton\"]"}
COMMAND: POST /session/6a89fb51866d950e0bc97f386a060562/element/f.A6EC5B81BA07351D57539A0094149B7C.d.27B01A9329BEDBB67098B69EB1852C6D.e.13243/click - {}
RESULT: {}
COMMAND: GET /session/6a89fb51866d950e0bc97f386a060562/screenshot - {}
RESULT: {}
COMMAND: POST /session/6a89fb51866d950e0bc97f386a060562/execute/async - {"script":"<script> [1562 bytes]","args":[{"selector":{"controlType":"sap.m.Title","properties":{"text":"Success"},"searchOpenDialogs":true},"wdio_ui5_key":"sapm.Title{\"text\":\"Success\"}"}]}
RESULT: {"script":"<script> [1562 bytes]","args":[{"selector":{"controlType":"sap.m.Title","properties":{"text":"Success"},"searchOpenDialogs":true},"wdio_ui5_key":"sapm.Title{\"text\":\"Success\"}"}]}
RESULT: undefined
COMMAND: POST /session/6a89fb51866d950e0bc97f386a060562/execute/async - {"script":"<script> [6424 bytes]","args":[{"element-6066-11e4-a52e-4f735466cecf":"f.A6EC5B81BA07351D57539A0094149B7C.d.27B01A9329BEDBB67098B69EB1852C6D.e.13333"},"getText",[]]}
RESULT: {"script":"<script> [6424 bytes]","args":[{"element-6066-11e4-a52e-4f735466cecf":"f.A6EC5B81BA07351D57539A0094149B7C.d.27B01A9329BEDBB67098B69EB1852C6D.e.13333"},"getText",[]]}
COMMAND: POST /session/6a89fb51866d950e0bc97f386a060562/element - {"using":"xpath","value":"//*[contains(@id, '__text') and (contains(text(), 'successfully created') or contains(., 'successfully created'))]"}
RESULT: {"using":"xpath","value":"//*[contains(@id, '__text') and (contains(text(), 'successfully created') or contains(., 'successfully created'))]"}
COMMAND: GET /session/6a89fb51866d950e0bc97f386a060562/element/f.A6EC5B81BA07351D57539A0094149B7C.d.27B01A9329BEDBB67098B69EB1852C6D.e.13331/text - {}
RESULT: {}
COMMAND: POST /session/6a89fb51866d950e0bc97f386a060562/execute/async - {"script":"<script> [1562 bytes]","args":[{"selector":{"controlType":"sap.m.Button","properties":{"text":"Close"},"searchOpenDialogs":true,"interaction":{"idSuffix":"BDI-content"}},"wdio_ui5_key":"sapm.Button{\"text\":\"Close\"}"}]}
RESULT: {"script":"<script> [1562 bytes]","args":[{"selector":{"controlType":"sap.m.Button","properties":{"text":"Close"},"searchOpenDialogs":true,"interaction":{"idSuffix":"BDI-content"}},"wdio_ui5_key":"sapm.Button{\"text\":\"Close\"}"}]}
RESULT: undefined
COMMAND: POST /session/6a89fb51866d950e0bc97f386a060562/element - {"using":"xpath","value":"//*[@id=\"__mbox-btn-0\"]"}
RESULT: {"using":"xpath","value":"//*[@id=\"__mbox-btn-0\"]"}
COMMAND: POST /session/6a89fb51866d950e0bc97f386a060562/element/f.A6EC5B81BA07351D57539A0094149B7C.d.27B01A9329BEDBB67098B69EB1852C6D.e.13330/click - {}
RESULT: {}
COMMAND: GET /session/6a89fb51866d950e0bc97f386a060562/screenshot - {}
RESULT: {}
COMMAND: POST /session/6a89fb51866d950e0bc97f386a060562/execute/async - {"script":"<script> [1562 bytes]","args":[{"selector":{"controlType":"sap.ui.core.Icon","viewName":"etm.portal.ui.manageresources.view.Detail","viewId":"application-manageresources-display-component---detailRU","properties":{"src":{"regex":{"source":"overflow"}}}},"wdio_ui5_key":"etmportal.ui.manageresources.view.Detailsap.ui.core.Icon{\"src\":{\"regex\":{\"source\":\"overflow\"}}}"}]}
RESULT: {"script":"<script> [1562 bytes]","args":[{"selector":{"controlType":"sap.ui.core.Icon","viewName":"etm.portal.ui.manageresources.view.Detail","viewId":"application-manageresources-display-component---detailRU","properties":{"src":{"regex":{"source":"overflow"}}}},"wdio_ui5_key":"etmportal.ui.manageresources.view.Detailsap.ui.core.Icon{\"src\":{\"regex\":{\"source\":\"overflow\"}}}"}]}
RESULT: undefined
COMMAND: POST /session/6a89fb51866d950e0bc97f386a060562/element - {"using":"xpath","value":"//*[@id=\"__title36-_actionsToolbar-overflowButton-img\"]"}
RESULT: {"using":"xpath","value":"//*[@id=\"__title36-_actionsToolbar-overflowButton-img\"]"}
COMMAND: POST /session/6a89fb51866d950e0bc97f386a060562/element/f.A6EC5B81BA07351D57539A0094149B7C.d.27B01A9329BEDBB67098B69EB1852C6D.e.13359/click - {}
RESULT: {}
COMMAND: POST /session/6a89fb51866d950e0bc97f386a060562/execute/async - {"script":"<script> [1562 bytes]","args":[{"selector":{"controlType":"sap.m.Button","viewName":"etm.portal.ui.manageresources.view.Detail","viewId":"application-manageresources-display-component---detailRU","i18NText":{"propertyName":"tooltip","key":"closeColumn"},"searchOpenDialogs":true,"interaction":{"idSuffix":"inner"}},"wdio_ui5_key":"etmportal.ui.manageresources.view.Detailsap.m.Button{\"propertyName\":\"tooltip\",\"key\":\"closeColumn\"}"}]}
COMMAND: GET /session/6a89fb51866d950e0bc97f386a060562/screenshot - {}
RESULT: {"script":"<script> [1562 bytes]","args":[{"selector":{"controlType":"sap.m.Button","viewName":"etm.portal.ui.manageresources.view.Detail","viewId":"application-manageresources-display-component---detailRU","i18NText":{"propertyName":"tooltip","key":"closeColumn"},"searchOpenDialogs":true,"interaction":{"idSuffix":"inner"}},"wdio_ui5_key":"etmportal.ui.manageresources.view.Detailsap.m.Button{\"propertyName\":\"tooltip\",\"key\":\"closeColumn\"}"}]}
RESULT: undefined
COMMAND: POST /session/6a89fb51866d950e0bc97f386a060562/element - {"using":"xpath","value":"//*[@id=\"__button147\"]"}
RESULT: {}
RESULT: {"using":"xpath","value":"//*[@id=\"__button147\"]"}
COMMAND: POST /session/6a89fb51866d950e0bc97f386a060562/element/f.A6EC5B81BA07351D57539A0094149B7C.d.27B01A9329BEDBB67098B69EB1852C6D.e.13363/click - {}
RESULT: {}
COMMAND: GET /session/6a89fb51866d950e0bc97f386a060562/screenshot - {}
RESULT: {}
COMMAND: POST /session/6a89fb51866d950e0bc97f386a060562/refresh - {}
RESULT: {}
COMMAND: GET /session/6a89fb51866d950e0bc97f386a060562/screenshot - {}
RESULT: {}
COMMAND: POST /session/6a89fb51866d950e0bc97f386a060562/execute/async - {"script":"<script> [189 bytes]","args":[]}
RESULT: {"script":"<script> [189 bytes]","args":[]}
COMMAND: POST /session/6a89fb51866d950e0bc97f386a060562/execute/async - {"script":"<script> [123 bytes]","args":[]}
RESULT: {"script":"<script> [123 bytes]","args":[]}
COMMAND: POST /session/6a89fb51866d950e0bc97f386a060562/timeouts - {"script":"<number>"}
RESULT: {"script":"<number>"}
COMMAND: GET /session/6a89fb51866d950e0bc97f386a060562/timeouts - {}
RESULT: {}
RESULT: undefined
COMMAND: POST /session/6a89fb51866d950e0bc97f386a060562/execute/async - {"script":"<script> [2676 bytes]","args":[]}
RESULT: {"script":"<script> [2676 bytes]","args":[]}
COMMAND: POST /session/6a89fb51866d950e0bc97f386a060562/execute/async - {"script":"<script> [2342 bytes]","args":[{"protocol":"http","hostname":"0.0.0.0","path":"/","capabilities":{"browserName":"chrome","goog:chromeOptions":{"binary":"C:\\Program Files\\Google\\Chrome\\Application\\chrome.exe","args":["--start-maximized"]}},"logLevel":"warn","connectionRetryTimeout":120000,"connectionRetryCount":3,"logLevels":{},"enableDirectConnect":true,"strictSSL":true,"_":"65 more keys: [\"cacheDir\",\"port\",\"requestedCapabilities\",\"automationProtocol\",\"baseUrl\",\"waitforInterval\",\"waitforTimeout\",\"onReload\",\"beforeCommand\",\"afterCommand\",\"rootDir\",\"specs\",\"suites\",\"exclude\",\"groupLogsByTestSpec\",\"excludeDriverLogs\",\"bail\",\"framework\",\"reporters\",\"services\",\"maxInstances\",\"maxInstancesPerCapability\",\"injectGlobals\",\"filesToWatch\",\"execArgv\",\"runnerEnv\",\"runner\",\"shard\",\"specFileRetries\",\"specFileRetriesDelay\",\"specFileRetriesDeferred\",\"reporterSyncInterval\",\"reporterSyncTimeout\",\"cucumberFeaturesWithLineNumbers\",\"autoCompileOpts\",\"mochaOpts\",\"jasmineOpts\",\"cucumberOpts\",\"onPrepare\",\"onWorkerStart\",\"onWorkerEnd\",\"before\",\"beforeSession\",\"beforeSuite\",\"beforeHook\",\"beforeTest\",\"afterTest\",\"afterHook\",\"afterSuite\",\"afterSession\",\"after\",\"onComplete\",\"beforeAssertion\",\"afterAssertion\",\"beforeFeature\",\"beforeScenario\",\"beforeStep\",\"afterStep\",\"afterScenario\",\"afterFeature\",\"_\",\"suite\",\"$0\",\"ignoredWorkerServices\",\"wdi5\"]"}]}
RESULT: {"script":"<script> [2342 bytes]","args":[{"protocol":"http","hostname":"0.0.0.0","path":"/","capabilities":{"browserName":"chrome","goog:chromeOptions":{"binary":"C:\\Program Files\\Google\\Chrome\\Application\\chrome.exe","args":["--start-maximized"]}},"logLevel":"warn","connectionRetryTimeout":120000,"connectionRetryCount":3,"logLevels":{},"enableDirectConnect":true,"strictSSL":true,"_":"65 more keys: [\"cacheDir\",\"port\",\"requestedCapabilities\",\"automationProtocol\",\"baseUrl\",\"waitforInterval\",\"waitforTimeout\",\"onReload\",\"beforeCommand\",\"afterCommand\",\"rootDir\",\"specs\",\"suites\",\"exclude\",\"groupLogsByTestSpec\",\"excludeDriverLogs\",\"bail\",\"framework\",\"reporters\",\"services\",\"maxInstances\",\"maxInstancesPerCapability\",\"injectGlobals\",\"filesToWatch\",\"execArgv\",\"runnerEnv\",\"runner\",\"shard\",\"specFileRetries\",\"specFileRetriesDelay\",\"specFileRetriesDeferred\",\"reporterSyncInterval\",\"reporterSyncTimeout\",\"cucumberFeaturesWithLineNumbers\",\"autoCompileOpts\",\"mochaOpts\",\"jasmineOpts\",\"cucumberOpts\",\"onPrepare\",\"onWorkerStart\",\"onWorkerEnd\",\"before\",\"beforeSession\",\"beforeSuite\",\"beforeHook\",\"beforeTest\",\"afterTest\",\"afterHook\",\"afterSuite\",\"afterSession\",\"after\",\"onComplete\",\"beforeAssertion\",\"afterAssertion\",\"beforeFeature\",\"beforeScenario\",\"beforeStep\",\"afterStep\",\"afterScenario\",\"afterFeature\",\"_\",\"suite\",\"$0\",\"ignoredWorkerServices\",\"wdi5\"]"}]}
COMMAND: POST /session/6a89fb51866d950e0bc97f386a060562/execute/async - {"script":"<script> [21126 bytes]","args":[35000]}
RESULT: {"script":"<script> [21126 bytes]","args":[35000]}
COMMAND: POST /session/6a89fb51866d950e0bc97f386a060562/element - {"using":"css selector","value":"#shell-header-logo"}
RESULT: {"using":"css selector","value":"#shell-header-logo"}
COMMAND: POST /session/6a89fb51866d950e0bc97f386a060562/element/f.A6EC5B81BA07351D57539A0094149B7C.d.7FF97DC947BC43E840B001705BCC4DF4.e.13416/click - {}
RESULT: {}
COMMAND: GET /session/6a89fb51866d950e0bc97f386a060562/screenshot - {}
COMMAND: POST /session/6a89fb51866d950e0bc97f386a060562/execute/async - {"script":"<script> [1562 bytes]","args":[{"selector":{"controlType":"sap.m.Text","viewName":"etm.portal.ui.managehandoverstile.view.Master","properties":{"text":"Manage Handovers"},"interaction":{"idSuffix":"inner"}},"wdio_ui5_key":"etmportal.ui.managehandoverstile.view.Mastersap.m.Text{\"text\":\"Manage Handovers\"}"}]}
RESULT: {}
RESULT: {"script":"<script> [1562 bytes]","args":[{"selector":{"controlType":"sap.m.Text","viewName":"etm.portal.ui.managehandoverstile.view.Master","properties":{"text":"Manage Handovers"},"interaction":{"idSuffix":"inner"}},"wdio_ui5_key":"etmportal.ui.managehandoverstile.view.Mastersap.m.Text{\"text\":\"Manage Handovers\"}"}]}
RESULT: undefined
COMMAND: POST /session/6a89fb51866d950e0bc97f386a060562/element - {"using":"xpath","value":"//*[@id=\"__tile132-title\"]"}
RESULT: {"using":"xpath","value":"//*[@id=\"__tile132-title\"]"}
COMMAND: POST /session/6a89fb51866d950e0bc97f386a060562/element/f.A6EC5B81BA07351D57539A0094149B7C.d.7FF97DC947BC43E840B001705BCC4DF4.e.13601/click - {}
RESULT: {}
COMMAND: GET /session/6a89fb51866d950e0bc97f386a060562/screenshot - {}
RESULT: {}
COMMAND: POST /session/6a89fb51866d950e0bc97f386a060562/element - {"using":"xpath","value":"//button[@data-kt=\"masterHOAddButton\"]"}
RESULT: {"using":"xpath","value":"//button[@data-kt=\"masterHOAddButton\"]"}
COMMAND: POST /session/6a89fb51866d950e0bc97f386a060562/execute/sync - {"script":"<script> [8489 bytes]","args":[{"element-6066-11e4-a52e-4f735466cecf":"f.A6EC5B81BA07351D57539A0094149B7C.d.7FF97DC947BC43E840B001705BCC4DF4.e.13633","ELEMENT":"f.A6EC5B81BA07351D57539A0094149B7C.d.7FF97DC947BC43E840B001705BCC4DF4.e.13633"}]}
RESULT: {"script":"<script> [8489 bytes]","args":[{"element-6066-11e4-a52e-4f735466cecf":"f.A6EC5B81BA07351D57539A0094149B7C.d.7FF97DC947BC43E840B001705BCC4DF4.e.13633","ELEMENT":"f.A6EC5B81BA07351D57539A0094149B7C.d.7FF97DC947BC43E840B001705BCC4DF4.e.13633"}]}
COMMAND: POST /session/6a89fb51866d950e0bc97f386a060562/element/f.A6EC5B81BA07351D57539A0094149B7C.d.7FF97DC947BC43E840B001705BCC4DF4.e.13633/click - {}
COMMAND: GET /session/6a89fb51866d950e0bc97f386a060562/screenshot - {}
RESULT: {}
COMMAND: GET /session/6a89fb51866d950e0bc97f386a060562/screenshot - {}
RESULT: {}
RESULT: {}
COMMAND: POST /session/6a89fb51866d950e0bc97f386a060562/element - {"using":"xpath","value":"//span[contains(@id ,\"AddNewHO--typeSelect-arrow\")]"}
RESULT: {"using":"xpath","value":"//span[contains(@id ,\"AddNewHO--typeSelect-arrow\")]"}
COMMAND: POST /session/6a89fb51866d950e0bc97f386a060562/element/f.A6EC5B81BA07351D57539A0094149B7C.d.7FF97DC947BC43E840B001705BCC4DF4.e.13767/click - {}
RESULT: {}
COMMAND: GET /session/6a89fb51866d950e0bc97f386a060562/screenshot - {}
RESULT: {}
COMMAND: POST /session/6a89fb51866d950e0bc97f386a060562/element - {"using":"xpath","value":"(//li[contains(text(), \"stock increase yard\")])[1]"}
RESULT: {"using":"xpath","value":"(//li[contains(text(), \"stock increase yard\")])[1]"}
COMMAND: POST /session/6a89fb51866d950e0bc97f386a060562/element/f.A6EC5B81BA07351D57539A0094149B7C.d.7FF97DC947BC43E840B001705BCC4DF4.e.13768/click - {}
RESULT: {}
COMMAND: GET /session/6a89fb51866d950e0bc97f386a060562/screenshot - {}
RESULT: {}
COMMAND: POST /session/6a89fb51866d950e0bc97f386a060562/execute/async - {"script":"<script> [1562 bytes]","args":[{"selector":{"id":"application-managehandovers-display-component---AddNewHO--dueDate","interaction":{"idSuffix":"inner"}},"wdio_ui5_key":"applicationmanagehandovers-display-component---AddNewHO--dueDate"}]}
RESULT: {"script":"<script> [1562 bytes]","args":[{"selector":{"id":"application-managehandovers-display-component---AddNewHO--dueDate","interaction":{"idSuffix":"inner"}},"wdio_ui5_key":"applicationmanagehandovers-display-component---AddNewHO--dueDate"}]}
RESULT: undefined
COMMAND: POST /session/6a89fb51866d950e0bc97f386a060562/execute/async - {"script":"<script> [6424 bytes]","args":[{"element-6066-11e4-a52e-4f735466cecf":"f.A6EC5B81BA07351D57539A0094149B7C.d.7FF97DC947BC43E840B001705BCC4DF4.e.13772"},"setValue",["05/06/2025"]]}
RESULT: {"script":"<script> [6424 bytes]","args":[{"element-6066-11e4-a52e-4f735466cecf":"f.A6EC5B81BA07351D57539A0094149B7C.d.7FF97DC947BC43E840B001705BCC4DF4.e.13772"},"setValue",["05/06/2025"]]}
COMMAND: POST /session/6a89fb51866d950e0bc97f386a060562/element - {"using":"xpath","value":"//input[@id=\"generalSectionFrg--receiveYard-inner\"]"}
RESULT: {"using":"xpath","value":"//input[@id=\"generalSectionFrg--receiveYard-inner\"]"}
COMMAND: POST /session/6a89fb51866d950e0bc97f386a060562/element/f.A6EC5B81BA07351D57539A0094149B7C.d.7FF97DC947BC43E840B001705BCC4DF4.e.13778/clear - {}
RESULT: {}
COMMAND: POST /session/6a89fb51866d950e0bc97f386a060562/element/f.A6EC5B81BA07351D57539A0094149B7C.d.7FF97DC947BC43E840B001705BCC4DF4.e.13778/value - {"text":"WebdriverYardabt01"}
COMMAND: GET /session/6a89fb51866d950e0bc97f386a060562/screenshot - {}
RESULT: {"text":"WebdriverYardabt01"}
COMMAND: GET /session/6a89fb51866d950e0bc97f386a060562/screenshot - {}
RESULT: {}
RESULT: {}
COMMAND: POST /session/6a89fb51866d950e0bc97f386a060562/execute/async - {"script":"<script> [1562 bytes]","args":[{"selector":{"id":"application-managehandovers-display-component---AddNewHO--ObjectPageLayout-anchBar-application-managehandovers-display-component---AddNewHO--section4-anchor","interaction":{"idSuffix":"BDI-content"}},"wdio_ui5_key":"applicationmanagehandovers-display-component---AddNewHO--ObjectPageLayout-anchBar-application-managehandovers-display-component---AddNewHO--section4-anchor"}]}
RESULT: {"script":"<script> [1562 bytes]","args":[{"selector":{"id":"application-managehandovers-display-component---AddNewHO--ObjectPageLayout-anchBar-application-managehandovers-display-component---AddNewHO--section4-anchor","interaction":{"idSuffix":"BDI-content"}},"wdio_ui5_key":"applicationmanagehandovers-display-component---AddNewHO--ObjectPageLayout-anchBar-application-managehandovers-display-component---AddNewHO--section4-anchor"}]}
RESULT: undefined
COMMAND: POST /session/6a89fb51866d950e0bc97f386a060562/element - {"using":"xpath","value":"//*[@id=\"application-managehandovers-display-component---AddNewHO--ObjectPageLayout-anchBar-application-managehandovers-display-component---AddNewHO--section4-anchor\"]"}
RESULT: {"using":"xpath","value":"//*[@id=\"application-managehandovers-display-component---AddNewHO--ObjectPageLayout-anchBar-application-managehandovers-display-component---AddNewHO--section4-anchor\"]"}
COMMAND: POST /session/6a89fb51866d950e0bc97f386a060562/element/f.A6EC5B81BA07351D57539A0094149B7C.d.7FF97DC947BC43E840B001705BCC4DF4.e.13797/click - {}
RESULT: {}
COMMAND: GET /session/6a89fb51866d950e0bc97f386a060562/screenshot - {}
RESULT: {}
COMMAND: POST /session/6a89fb51866d950e0bc97f386a060562/element - {"using":"xpath","value":"//button[@aria-label=\"Add\"]"}
RESULT: {"using":"xpath","value":"//button[@aria-label=\"Add\"]"}
COMMAND: POST /session/6a89fb51866d950e0bc97f386a060562/element/f.A6EC5B81BA07351D57539A0094149B7C.d.7FF97DC947BC43E840B001705BCC4DF4.e.13801/click - {}
RESULT: {}
COMMAND: GET /session/6a89fb51866d950e0bc97f386a060562/screenshot - {}
RESULT: {}
COMMAND: POST /session/6a89fb51866d950e0bc97f386a060562/execute/async - {"script":"<script> [1562 bytes]","args":[{"selector":{"id":"application-managehandovers-display-component---AddNewHO--smartFilterBar-btnBasicSearch","searchOpenDialogs":true,"interaction":{"idSuffix":"I"}},"wdio_ui5_key":"applicationmanagehandovers-display-component---AddNewHO--smartFilterBar-btnBasicSearch"}]}
RESULT: {"script":"<script> [1562 bytes]","args":[{"selector":{"id":"application-managehandovers-display-component---AddNewHO--smartFilterBar-btnBasicSearch","searchOpenDialogs":true,"interaction":{"idSuffix":"I"}},"wdio_ui5_key":"applicationmanagehandovers-display-component---AddNewHO--smartFilterBar-btnBasicSearch"}]}
RESULT: undefined
COMMAND: POST /session/6a89fb51866d950e0bc97f386a060562/execute/async - {"script":"<script> [776 bytes]","args":[{"enterText":"WebdriverRUR2Cei11h","selector":{"id":"application-managehandovers-display-component---AddNewHO--smartFilterBar-btnBasicSearch","searchOpenDialogs":true,"interaction":{"idSuffix":"I"}},"clearTextFirst":true,"interactionType":"ENTER_TEXT"}]}
RESULT: {"script":"<script> [776 bytes]","args":[{"enterText":"WebdriverRUR2Cei11h","selector":{"id":"application-managehandovers-display-component---AddNewHO--smartFilterBar-btnBasicSearch","searchOpenDialogs":true,"interaction":{"idSuffix":"I"}},"clearTextFirst":true,"interactionType":"ENTER_TEXT"}]}
COMMAND: POST /session/6a89fb51866d950e0bc97f386a060562/actions - {"actions":[{"id":"action71","type":"key","parameters":{},"actions":[{"type":"keyDown","value":"î€‡"},{"type":"pause","duration":10},{"type":"keyUp","value":"î€‡"}]}]}
RESULT: {"actions":[{"id":"action71","type":"key","parameters":{},"actions":[{"type":"keyDown","value":"î€‡"},{"type":"pause","duration":10},{"type":"keyUp","value":"î€‡"}]}]}
COMMAND: POST /session/6a89fb51866d950e0bc97f386a060562/execute/async - {"script":"<script> [1562 bytes]","args":[{"selector":{"id":"application-managehandovers-display-component---AddNewHO--popup-sa","searchOpenDialogs":true,"interaction":{"idSuffix":"CbBg"}},"wdio_ui5_key":"applicationmanagehandovers-display-component---AddNewHO--popup-sa"}]}
COMMAND: GET /session/6a89fb51866d950e0bc97f386a060562/screenshot - {}
RESULT: {"script":"<script> [1562 bytes]","args":[{"selector":{"id":"application-managehandovers-display-component---AddNewHO--popup-sa","searchOpenDialogs":true,"interaction":{"idSuffix":"CbBg"}},"wdio_ui5_key":"applicationmanagehandovers-display-component---AddNewHO--popup-sa"}]}
RESULT: undefined
COMMAND: POST /session/6a89fb51866d950e0bc97f386a060562/element - {"using":"xpath","value":"//*[@id=\"application-managehandovers-display-component---AddNewHO--popup-sa\"]"}
RESULT: {}
RESULT: {"using":"xpath","value":"//*[@id=\"application-managehandovers-display-component---AddNewHO--popup-sa\"]"}
COMMAND: POST /session/6a89fb51866d950e0bc97f386a060562/element/f.A6EC5B81BA07351D57539A0094149B7C.d.7FF97DC947BC43E840B001705BCC4DF4.e.13955/click - {}
RESULT: {}
COMMAND: GET /session/6a89fb51866d950e0bc97f386a060562/screenshot - {}
RESULT: {}
COMMAND: POST /session/6a89fb51866d950e0bc97f386a060562/element - {"using":"xpath","value":"//bdi[contains(text(), \"Select\")]"}
RESULT: {"using":"xpath","value":"//bdi[contains(text(), \"Select\")]"}
COMMAND: POST /session/6a89fb51866d950e0bc97f386a060562/element/f.A6EC5B81BA07351D57539A0094149B7C.d.7FF97DC947BC43E840B001705BCC4DF4.e.13956/click - {}
RESULT: {}
COMMAND: GET /session/6a89fb51866d950e0bc97f386a060562/screenshot - {}
RESULT: {}
COMMAND: POST /session/6a89fb51866d950e0bc97f386a060562/execute/async - {"script":"<script> [1562 bytes]","args":[{"selector":{"controlType":"sap.m.Input","viewName":"etm.portal.ui.managehandovers.view.AddNewHO","viewId":"application-managehandovers-display-component---AddNewHO","bindingPath":{"path":"/items/0","propertyPath":"TYPE","modelName":"hoItemsModel"},"interaction":{"idSuffix":"inner"}},"wdio_ui5_key":"etmportal.ui.managehandovers.view.AddNewHOsap.m.Input{\"path\":\"/items/0\",\"propertyPath\":\"TYPE\",\"modelName\":\"hoItemsModel\"}"}]}
RESULT: {"script":"<script> [1562 bytes]","args":[{"selector":{"controlType":"sap.m.Input","viewName":"etm.portal.ui.managehandovers.view.AddNewHO","viewId":"application-managehandovers-display-component---AddNewHO","bindingPath":{"path":"/items/0","propertyPath":"TYPE","modelName":"hoItemsModel"},"interaction":{"idSuffix":"inner"}},"wdio_ui5_key":"etmportal.ui.managehandovers.view.AddNewHOsap.m.Input{\"path\":\"/items/0\",\"propertyPath\":\"TYPE\",\"modelName\":\"hoItemsModel\"}"}]}
RESULT: undefined
COMMAND: POST /session/6a89fb51866d950e0bc97f386a060562/execute/async - {"script":"<script> [776 bytes]","args":[{"enterText":"100","selector":{"controlType":"sap.m.Input","viewName":"etm.portal.ui.managehandovers.view.AddNewHO","viewId":"application-managehandovers-display-component---AddNewHO","bindingPath":{"path":"/items/0","propertyPath":"TYPE","modelName":"hoItemsModel"},"interaction":{"idSuffix":"inner"}},"clearTextFirst":true,"interactionType":"ENTER_TEXT"}]}
RESULT: {"script":"<script> [776 bytes]","args":[{"enterText":"100","selector":{"controlType":"sap.m.Input","viewName":"etm.portal.ui.managehandovers.view.AddNewHO","viewId":"application-managehandovers-display-component---AddNewHO","bindingPath":{"path":"/items/0","propertyPath":"TYPE","modelName":"hoItemsModel"},"interaction":{"idSuffix":"inner"}},"clearTextFirst":true,"interactionType":"ENTER_TEXT"}]}
COMMAND: POST /session/6a89fb51866d950e0bc97f386a060562/element - {"using":"xpath","value":"//button[@data-kt=\"AddNewHOSaveButton\"]"}
RESULT: {"using":"xpath","value":"//button[@data-kt=\"AddNewHOSaveButton\"]"}
COMMAND: POST /session/6a89fb51866d950e0bc97f386a060562/element/f.A6EC5B81BA07351D57539A0094149B7C.d.7FF97DC947BC43E840B001705BCC4DF4.e.13961/click - {}
RESULT: {}
COMMAND: GET /session/6a89fb51866d950e0bc97f386a060562/screenshot - {}
RESULT: {}
COMMAND: POST /session/6a89fb51866d950e0bc97f386a060562/execute/async - {"script":"<script> [1562 bytes]","args":[{"selector":{"id":"receiptDatePicker","viewName":"etm.portal.ui.managehandovers.view.DetailExecuteHO","interaction":{"idSuffix":"inner"}},"wdio_ui5_key":"receiptDatePickeretmportal.ui.managehandovers.view.DetailExecuteHO"}]}
RESULT: {"script":"<script> [1562 bytes]","args":[{"selector":{"id":"receiptDatePicker","viewName":"etm.portal.ui.managehandovers.view.DetailExecuteHO","interaction":{"idSuffix":"inner"}},"wdio_ui5_key":"receiptDatePickeretmportal.ui.managehandovers.view.DetailExecuteHO"}]}
RESULT: undefined
COMMAND: POST /session/6a89fb51866d950e0bc97f386a060562/execute/async - {"script":"<script> [6424 bytes]","args":[{"element-6066-11e4-a52e-4f735466cecf":"f.A6EC5B81BA07351D57539A0094149B7C.d.7FF97DC947BC43E840B001705BCC4DF4.e.13988"},"setValue",["05/06/2025"]]}
RESULT: {"script":"<script> [6424 bytes]","args":[{"element-6066-11e4-a52e-4f735466cecf":"f.A6EC5B81BA07351D57539A0094149B7C.d.7FF97DC947BC43E840B001705BCC4DF4.e.13988"},"setValue",["05/06/2025"]]}
COMMAND: POST /session/6a89fb51866d950e0bc97f386a060562/element - {"using":"xpath","value":"//button[@data-kt=\"PickingTableConfirmAllButton\"]"}
RESULT: {"using":"xpath","value":"//button[@data-kt=\"PickingTableConfirmAllButton\"]"}
COMMAND: POST /session/6a89fb51866d950e0bc97f386a060562/element/f.A6EC5B81BA07351D57539A0094149B7C.d.7FF97DC947BC43E840B001705BCC4DF4.e.14004/click - {}
RESULT: {}
COMMAND: GET /session/6a89fb51866d950e0bc97f386a060562/screenshot - {}
RESULT: {}
COMMAND: POST /session/6a89fb51866d950e0bc97f386a060562/element - {"using":"xpath","value":"//bdi[contains(text(), \"OK\")]"}
RESULT: {"using":"xpath","value":"//bdi[contains(text(), \"OK\")]"}
COMMAND: POST /session/6a89fb51866d950e0bc97f386a060562/element/f.A6EC5B81BA07351D57539A0094149B7C.d.7FF97DC947BC43E840B001705BCC4DF4.e.14006/click - {}
RESULT: {}
COMMAND: GET /session/6a89fb51866d950e0bc97f386a060562/screenshot - {}
RESULT: {}
COMMAND: POST /session/6a89fb51866d950e0bc97f386a060562/element - {"using":"xpath","value":"(//bdi[contains(text(), \"Receive\")])[2]"}
RESULT: {"using":"xpath","value":"(//bdi[contains(text(), \"Receive\")])[2]"}
COMMAND: POST /session/6a89fb51866d950e0bc97f386a060562/element/f.A6EC5B81BA07351D57539A0094149B7C.d.7FF97DC947BC43E840B001705BCC4DF4.e.14008/click - {}
RESULT: {}
COMMAND: GET /session/6a89fb51866d950e0bc97f386a060562/screenshot - {}
RESULT: {}
COMMAND: POST /session/6a89fb51866d950e0bc97f386a060562/element - {"using":"css selector","value":"#shell-header-logo"}
RESULT: {"using":"css selector","value":"#shell-header-logo"}
COMMAND: POST /session/6a89fb51866d950e0bc97f386a060562/element/f.A6EC5B81BA07351D57539A0094149B7C.d.7FF97DC947BC43E840B001705BCC4DF4.e.13604/click - {}
RESULT: {}
]]></system-out>
    </testcase>
    <testcase classname="chrome.135_0_7049_115.windows.E2E_-_Logistical_and_commercial_statuses" name="Should add a pricing rule and a condition to the RU" time="119.935">
      <system-out><![CDATA[
COMMAND: POST /session/6a89fb51866d950e0bc97f386a060562/execute/async - {"script":"<script> [1562 bytes]","args":[{"selector":{"controlType":"sap.m.GenericTile","properties":{"header":"Manage Pricing Rules"}},"wdio_ui5_key":"sapm.GenericTile{\"header\":\"Manage Pricing Rules\"}"}]}
COMMAND: GET /session/6a89fb51866d950e0bc97f386a060562/screenshot - {}
RESULT: {"script":"<script> [1562 bytes]","args":[{"selector":{"controlType":"sap.m.GenericTile","properties":{"header":"Manage Pricing Rules"}},"wdio_ui5_key":"sapm.GenericTile{\"header\":\"Manage Pricing Rules\"}"}]}
RESULT: undefined
COMMAND: POST /session/6a89fb51866d950e0bc97f386a060562/element - {"using":"xpath","value":"//*[@id=\"__tile55\"]"}
RESULT: {}
RESULT: {"using":"xpath","value":"//*[@id=\"__tile55\"]"}
COMMAND: POST /session/6a89fb51866d950e0bc97f386a060562/element/f.A6EC5B81BA07351D57539A0094149B7C.d.7FF97DC947BC43E840B001705BCC4DF4.e.14245/click - {}
RESULT: {}
COMMAND: GET /session/6a89fb51866d950e0bc97f386a060562/screenshot - {}
RESULT: {}
COMMAND: POST /session/6a89fb51866d950e0bc97f386a060562/execute/async - {"script":"<script> [1562 bytes]","args":[{"selector":{"controlType":"sap.ui.core.Icon","viewName":"etm.portal.ui.managepricingrules.view.MasterHeader","viewId":"application-managepricingrules-display-component---priceInfoHeader","properties":{"src":{"regex":{"source":"activity\\-items"}}}},"wdio_ui5_key":"etmportal.ui.managepricingrules.view.MasterHeadersap.ui.core.Icon{\"src\":{\"regex\":{\"source\":\"activity\\\\-items\"}}}"}]}
RESULT: {"script":"<script> [1562 bytes]","args":[{"selector":{"controlType":"sap.ui.core.Icon","viewName":"etm.portal.ui.managepricingrules.view.MasterHeader","viewId":"application-managepricingrules-display-component---priceInfoHeader","properties":{"src":{"regex":{"source":"activity\\-items"}}}},"wdio_ui5_key":"etmportal.ui.managepricingrules.view.MasterHeadersap.ui.core.Icon{\"src\":{\"regex\":{\"source\":\"activity\\\\-items\"}}}"}]}
RESULT: undefined
COMMAND: POST /session/6a89fb51866d950e0bc97f386a060562/element - {"using":"xpath","value":"//*[@id=\"__filter22-icon\"]"}
RESULT: {"using":"xpath","value":"//*[@id=\"__filter22-icon\"]"}
COMMAND: POST /session/6a89fb51866d950e0bc97f386a060562/element/f.A6EC5B81BA07351D57539A0094149B7C.d.7FF97DC947BC43E840B001705BCC4DF4.e.14330/click - {}
RESULT: {}
COMMAND: GET /session/6a89fb51866d950e0bc97f386a060562/screenshot - {}
RESULT: {}
COMMAND: POST /session/6a89fb51866d950e0bc97f386a060562/execute/async - {"script":"<script> [1562 bytes]","args":[{"selector":{"controlType":"sap.ui.core.Icon","viewName":"etm.portal.ui.managepricingrules.view.MasterItem","viewId":"application-managepricingrules-display-component---priceInfoItem","properties":{"src":{"regex":{"source":"add"}}}},"wdio_ui5_key":"etmportal.ui.managepricingrules.view.MasterItemsap.ui.core.Icon{\"src\":{\"regex\":{\"source\":\"add\"}}}"}]}
RESULT: {"script":"<script> [1562 bytes]","args":[{"selector":{"controlType":"sap.ui.core.Icon","viewName":"etm.portal.ui.managepricingrules.view.MasterItem","viewId":"application-managepricingrules-display-component---priceInfoItem","properties":{"src":{"regex":{"source":"add"}}}},"wdio_ui5_key":"etmportal.ui.managepricingrules.view.MasterItemsap.ui.core.Icon{\"src\":{\"regex\":{\"source\":\"add\"}}}"}]}
RESULT: undefined
COMMAND: POST /session/6a89fb51866d950e0bc97f386a060562/element - {"using":"xpath","value":"//*[@id=\"__button76-img\"]"}
RESULT: {"using":"xpath","value":"//*[@id=\"__button76-img\"]"}
COMMAND: POST /session/6a89fb51866d950e0bc97f386a060562/element/f.A6EC5B81BA07351D57539A0094149B7C.d.7FF97DC947BC43E840B001705BCC4DF4.e.14378/click - {}
RESULT: {}
COMMAND: GET /session/6a89fb51866d950e0bc97f386a060562/screenshot - {}
RESULT: {}
COMMAND: POST /session/6a89fb51866d950e0bc97f386a060562/element - {"using":"xpath","value":"//input[@id=\"application-managepricingrules-display-component---newInfoPriceItem--condRU-inner\"]"}
RESULT: {"using":"xpath","value":"//input[@id=\"application-managepricingrules-display-component---newInfoPriceItem--condRU-inner\"]"}
COMMAND: POST /session/6a89fb51866d950e0bc97f386a060562/element/f.A6EC5B81BA07351D57539A0094149B7C.d.7FF97DC947BC43E840B001705BCC4DF4.e.14591/clear - {}
RESULT: {}
COMMAND: POST /session/6a89fb51866d950e0bc97f386a060562/element/f.A6EC5B81BA07351D57539A0094149B7C.d.7FF97DC947BC43E840B001705BCC4DF4.e.14591/value - {"text":"WebdriverRUR2Cei11h"}
COMMAND: GET /session/6a89fb51866d950e0bc97f386a060562/screenshot - {}
RESULT: {"text":"WebdriverRUR2Cei11h"}
COMMAND: POST /session/6a89fb51866d950e0bc97f386a060562/execute/async - {"script":"<script> [1562 bytes]","args":[{"selector":{"id":"application-managepricingrules-display-component---newInfoPriceItem--condValidTo","interaction":{"idSuffix":"inner"}},"wdio_ui5_key":"applicationmanagepricingrules-display-component---newInfoPriceItem--condValidTo"}]}
RESULT: {}
COMMAND: GET /session/6a89fb51866d950e0bc97f386a060562/screenshot - {}
RESULT: {"script":"<script> [1562 bytes]","args":[{"selector":{"id":"application-managepricingrules-display-component---newInfoPriceItem--condValidTo","interaction":{"idSuffix":"inner"}},"wdio_ui5_key":"applicationmanagepricingrules-display-component---newInfoPriceItem--condValidTo"}]}
RESULT: undefined
COMMAND: POST /session/6a89fb51866d950e0bc97f386a060562/execute/async - {"script":"<script> [776 bytes]","args":[{"enterText":"5/18/33","selector":{"id":"application-managepricingrules-display-component---newInfoPriceItem--condValidTo","interaction":{"idSuffix":"inner"}},"clearTextFirst":true,"interactionType":"ENTER_TEXT"}]}
RESULT: {}
RESULT: {"script":"<script> [776 bytes]","args":[{"enterText":"5/18/33","selector":{"id":"application-managepricingrules-display-component---newInfoPriceItem--condValidTo","interaction":{"idSuffix":"inner"}},"clearTextFirst":true,"interactionType":"ENTER_TEXT"}]}
COMMAND: POST /session/6a89fb51866d950e0bc97f386a060562/execute/async - {"script":"<script> [1562 bytes]","args":[{"selector":{"id":"application-managepricingrules-display-component---newInfoPriceItem--billType-arrow"},"wdio_ui5_key":"applicationmanagepricingrules-display-component---newInfoPriceItem--billType-arrow"}]}
RESULT: {"script":"<script> [1562 bytes]","args":[{"selector":{"id":"application-managepricingrules-display-component---newInfoPriceItem--billType-arrow"},"wdio_ui5_key":"applicationmanagepricingrules-display-component---newInfoPriceItem--billType-arrow"}]}
RESULT: undefined
COMMAND: POST /session/6a89fb51866d950e0bc97f386a060562/element - {"using":"xpath","value":"//*[@id=\"application-managepricingrules-display-component---newInfoPriceItem--billType-arrow\"]"}
RESULT: {"using":"xpath","value":"//*[@id=\"application-managepricingrules-display-component---newInfoPriceItem--billType-arrow\"]"}
COMMAND: POST /session/6a89fb51866d950e0bc97f386a060562/element/f.A6EC5B81BA07351D57539A0094149B7C.d.7FF97DC947BC43E840B001705BCC4DF4.e.14639/click - {}
RESULT: {}
COMMAND: POST /session/6a89fb51866d950e0bc97f386a060562/element - {"using":"xpath","value":"//span[contains(text(), \"TB - Time based\")]"}
COMMAND: GET /session/6a89fb51866d950e0bc97f386a060562/screenshot - {}
RESULT: {"using":"xpath","value":"//span[contains(text(), \"TB - Time based\")]"}
COMMAND: POST /session/6a89fb51866d950e0bc97f386a060562/element/f.A6EC5B81BA07351D57539A0094149B7C.d.7FF97DC947BC43E840B001705BCC4DF4.e.14640/click - {}
RESULT: {}
RESULT: {}
COMMAND: POST /session/6a89fb51866d950e0bc97f386a060562/execute/async - {"script":"<script> [1562 bytes]","args":[{"selector":{"id":"application-managepricingrules-display-component---newInfoPriceItem--priceProc-arrow"},"wdio_ui5_key":"applicationmanagepricingrules-display-component---newInfoPriceItem--priceProc-arrow"}]}
COMMAND: GET /session/6a89fb51866d950e0bc97f386a060562/screenshot - {}
RESULT: {"script":"<script> [1562 bytes]","args":[{"selector":{"id":"application-managepricingrules-display-component---newInfoPriceItem--priceProc-arrow"},"wdio_ui5_key":"applicationmanagepricingrules-display-component---newInfoPriceItem--priceProc-arrow"}]}
RESULT: undefined
COMMAND: POST /session/6a89fb51866d950e0bc97f386a060562/element - {"using":"xpath","value":"//*[@id=\"application-managepricingrules-display-component---newInfoPriceItem--priceProc-arrow\"]"}
RESULT: {}
RESULT: {"using":"xpath","value":"//*[@id=\"application-managepricingrules-display-component---newInfoPriceItem--priceProc-arrow\"]"}
COMMAND: POST /session/6a89fb51866d950e0bc97f386a060562/element/f.A6EC5B81BA07351D57539A0094149B7C.d.7FF97DC947BC43E840B001705BCC4DF4.e.14641/click - {}
RESULT: {}
COMMAND: POST /session/6a89fb51866d950e0bc97f386a060562/element - {"using":"xpath","value":"//span[contains(text(), \"TBS - Time based standard\")]"}
COMMAND: GET /session/6a89fb51866d950e0bc97f386a060562/screenshot - {}
RESULT: {"using":"xpath","value":"//span[contains(text(), \"TBS - Time based standard\")]"}
COMMAND: POST /session/6a89fb51866d950e0bc97f386a060562/element/f.A6EC5B81BA07351D57539A0094149B7C.d.7FF97DC947BC43E840B001705BCC4DF4.e.14642/click - {}
RESULT: {}
RESULT: {}
COMMAND: POST /session/6a89fb51866d950e0bc97f386a060562/execute/async - {"script":"<script> [1562 bytes]","args":[{"selector":{"id":"application-managepricingrules-display-component---newInfoPriceItem--calcBase-arrow"},"wdio_ui5_key":"applicationmanagepricingrules-display-component---newInfoPriceItem--calcBase-arrow"}]}
COMMAND: GET /session/6a89fb51866d950e0bc97f386a060562/screenshot - {}
RESULT: {"script":"<script> [1562 bytes]","args":[{"selector":{"id":"application-managepricingrules-display-component---newInfoPriceItem--calcBase-arrow"},"wdio_ui5_key":"applicationmanagepricingrules-display-component---newInfoPriceItem--calcBase-arrow"}]}
RESULT: undefined
COMMAND: POST /session/6a89fb51866d950e0bc97f386a060562/element - {"using":"xpath","value":"//*[@id=\"application-managepricingrules-display-component---newInfoPriceItem--calcBase-arrow\"]"}
RESULT: {}
RESULT: {"using":"xpath","value":"//*[@id=\"application-managepricingrules-display-component---newInfoPriceItem--calcBase-arrow\"]"}
COMMAND: POST /session/6a89fb51866d950e0bc97f386a060562/element/f.A6EC5B81BA07351D57539A0094149B7C.d.7FF97DC947BC43E840B001705BCC4DF4.e.14643/click - {}
RESULT: {}
COMMAND: GET /session/6a89fb51866d950e0bc97f386a060562/screenshot - {}
RESULT: {}
COMMAND: POST /session/6a89fb51866d950e0bc97f386a060562/element - {"using":"xpath","value":"//span[contains(text(), \"0006 - TB(calendar days)\")]"}
RESULT: {"using":"xpath","value":"//span[contains(text(), \"0006 - TB(calendar days)\")]"}
COMMAND: POST /session/6a89fb51866d950e0bc97f386a060562/element/f.A6EC5B81BA07351D57539A0094149B7C.d.7FF97DC947BC43E840B001705BCC4DF4.e.14644/click - {}
RESULT: {}
COMMAND: POST /session/6a89fb51866d950e0bc97f386a060562/execute/async - {"script":"<script> [1562 bytes]","args":[{"selector":{"id":"application-managepricingrules-display-component---newInfoPriceItem--daysMonth","interaction":{"idSuffix":"inner"}},"wdio_ui5_key":"applicationmanagepricingrules-display-component---newInfoPriceItem--daysMonth"}]}
COMMAND: GET /session/6a89fb51866d950e0bc97f386a060562/screenshot - {}
RESULT: {"script":"<script> [1562 bytes]","args":[{"selector":{"id":"application-managepricingrules-display-component---newInfoPriceItem--daysMonth","interaction":{"idSuffix":"inner"}},"wdio_ui5_key":"applicationmanagepricingrules-display-component---newInfoPriceItem--daysMonth"}]}
RESULT: undefined
COMMAND: POST /session/6a89fb51866d950e0bc97f386a060562/execute/async - {"script":"<script> [776 bytes]","args":[{"enterText":"30","selector":{"id":"application-managepricingrules-display-component---newInfoPriceItem--daysMonth","interaction":{"idSuffix":"inner"}},"clearTextFirst":true,"interactionType":"ENTER_TEXT"}]}
RESULT: {}
RESULT: {"script":"<script> [776 bytes]","args":[{"enterText":"30","selector":{"id":"application-managepricingrules-display-component---newInfoPriceItem--daysMonth","interaction":{"idSuffix":"inner"}},"clearTextFirst":true,"interactionType":"ENTER_TEXT"}]}
COMMAND: POST /session/6a89fb51866d950e0bc97f386a060562/element - {"using":"xpath","value":"//button[@data-kt=\"saveNewRuleButton\"]"}
RESULT: {"using":"xpath","value":"//button[@data-kt=\"saveNewRuleButton\"]"}
COMMAND: POST /session/6a89fb51866d950e0bc97f386a060562/element/f.A6EC5B81BA07351D57539A0094149B7C.d.7FF97DC947BC43E840B001705BCC4DF4.e.14646/click - {}
RESULT: {}
COMMAND: GET /session/6a89fb51866d950e0bc97f386a060562/screenshot - {}
RESULT: {}
COMMAND: POST /session/6a89fb51866d950e0bc97f386a060562/element - {"using":"css selector","value":"#shell-header-logo"}
RESULT: {"using":"css selector","value":"#shell-header-logo"}
COMMAND: POST /session/6a89fb51866d950e0bc97f386a060562/element/f.A6EC5B81BA07351D57539A0094149B7C.d.7FF97DC947BC43E840B001705BCC4DF4.e.14248/click - {}
RESULT: {}
COMMAND: GET /session/6a89fb51866d950e0bc97f386a060562/screenshot - {}
RESULT: {}
COMMAND: POST /session/6a89fb51866d950e0bc97f386a060562/execute/async - {"script":"<script> [1562 bytes]","args":[{"selector":{"controlType":"sap.m.Text","properties":{"text":"Manage Conditions & Prices"},"interaction":{"idSuffix":"inner"}},"wdio_ui5_key":"sapm.Text{\"text\":\"Manage Conditions & Prices\"}"}]}
RESULT: {"script":"<script> [1562 bytes]","args":[{"selector":{"controlType":"sap.m.Text","properties":{"text":"Manage Conditions & Prices"},"interaction":{"idSuffix":"inner"}},"wdio_ui5_key":"sapm.Text{\"text\":\"Manage Conditions & Prices\"}"}]}
RESULT: undefined
COMMAND: POST /session/6a89fb51866d950e0bc97f386a060562/element - {"using":"xpath","value":"//*[@id=\"__tile53-title\"]"}
RESULT: {"using":"xpath","value":"//*[@id=\"__tile53-title\"]"}
COMMAND: POST /session/6a89fb51866d950e0bc97f386a060562/element/f.A6EC5B81BA07351D57539A0094149B7C.d.7FF97DC947BC43E840B001705BCC4DF4.e.14653/click - {}
RESULT: {}
COMMAND: GET /session/6a89fb51866d950e0bc97f386a060562/screenshot - {}
RESULT: {}
COMMAND: POST /session/6a89fb51866d950e0bc97f386a060562/element - {"using":"xpath","value":"//button[@aria-label=\"Create\"]"}
RESULT: {"using":"xpath","value":"//button[@aria-label=\"Create\"]"}
COMMAND: POST /session/6a89fb51866d950e0bc97f386a060562/elements - {"using":"xpath","value":"//button[@aria-label=\"Create\"]"}
RESULT: {"using":"xpath","value":"//button[@aria-label=\"Create\"]"}
COMMAND: POST /session/6a89fb51866d950e0bc97f386a060562/elements - {"using":"xpath","value":"//button[@aria-label=\"Create\"]"}
RESULT: {"using":"xpath","value":"//button[@aria-label=\"Create\"]"}
COMMAND: POST /session/6a89fb51866d950e0bc97f386a060562/element - {"using":"xpath","value":"//button[@aria-label=\"Create\"]"}
RESULT: {"using":"xpath","value":"//button[@aria-label=\"Create\"]"}
COMMAND: POST /session/6a89fb51866d950e0bc97f386a060562/element/f.A6EC5B81BA07351D57539A0094149B7C.d.7FF97DC947BC43E840B001705BCC4DF4.e.14685/click - {}
RESULT: {}
COMMAND: POST /session/6a89fb51866d950e0bc97f386a060562/actions - {"actions":[{"id":"action72","type":"key","parameters":{},"actions":[{"type":"keyDown","value":"î€‡"},{"type":"pause","duration":10},{"type":"keyUp","value":"î€‡"}]}]}
COMMAND: GET /session/6a89fb51866d950e0bc97f386a060562/screenshot - {}
RESULT: {"actions":[{"id":"action72","type":"key","parameters":{},"actions":[{"type":"keyDown","value":"î€‡"},{"type":"pause","duration":10},{"type":"keyUp","value":"î€‡"}]}]}
COMMAND: GET /session/6a89fb51866d950e0bc97f386a060562/screenshot - {}
RESULT: {}
COMMAND: POST /session/6a89fb51866d950e0bc97f386a060562/execute/async - {"script":"<script> [1562 bytes]","args":[{"selector":{"id":"application-manageconditionprice-display-component---newCondition--condBillCond-arrow"},"wdio_ui5_key":"applicationmanageconditionprice-display-component---newCondition--condBillCond-arrow"}]}
RESULT: {}
RESULT: {"script":"<script> [1562 bytes]","args":[{"selector":{"id":"application-manageconditionprice-display-component---newCondition--condBillCond-arrow"},"wdio_ui5_key":"applicationmanageconditionprice-display-component---newCondition--condBillCond-arrow"}]}
RESULT: undefined
COMMAND: POST /session/6a89fb51866d950e0bc97f386a060562/element - {"using":"xpath","value":"//*[@id=\"application-manageconditionprice-display-component---newCondition--condBillCond-arrow\"]"}
RESULT: {"using":"xpath","value":"//*[@id=\"application-manageconditionprice-display-component---newCondition--condBillCond-arrow\"]"}
COMMAND: POST /session/6a89fb51866d950e0bc97f386a060562/element/f.A6EC5B81BA07351D57539A0094149B7C.d.7FF97DC947BC43E840B001705BCC4DF4.e.15157/click - {}
RESULT: {}
COMMAND: POST /session/6a89fb51866d950e0bc97f386a060562/element - {"using":"xpath","value":"//span[contains(text(), \"DISP - D&I special price\")]"}
COMMAND: GET /session/6a89fb51866d950e0bc97f386a060562/screenshot - {}
RESULT: {"using":"xpath","value":"//span[contains(text(), \"DISP - D&I special price\")]"}
COMMAND: POST /session/6a89fb51866d950e0bc97f386a060562/element/f.A6EC5B81BA07351D57539A0094149B7C.d.7FF97DC947BC43E840B001705BCC4DF4.e.15160/click - {}
RESULT: {}
RESULT: {}
COMMAND: POST /session/6a89fb51866d950e0bc97f386a060562/execute/async - {"script":"<script> [1562 bytes]","args":[{"selector":{"id":"application-manageconditionprice-display-component---newCondition--condValidTo","interaction":{"idSuffix":"inner"}},"wdio_ui5_key":"applicationmanageconditionprice-display-component---newCondition--condValidTo"}]}
COMMAND: GET /session/6a89fb51866d950e0bc97f386a060562/screenshot - {}
RESULT: {"script":"<script> [1562 bytes]","args":[{"selector":{"id":"application-manageconditionprice-display-component---newCondition--condValidTo","interaction":{"idSuffix":"inner"}},"wdio_ui5_key":"applicationmanageconditionprice-display-component---newCondition--condValidTo"}]}
RESULT: undefined
COMMAND: POST /session/6a89fb51866d950e0bc97f386a060562/execute/async - {"script":"<script> [776 bytes]","args":[{"enterText":"5/11/33","selector":{"id":"application-manageconditionprice-display-component---newCondition--condValidTo","interaction":{"idSuffix":"inner"}},"clearTextFirst":true,"interactionType":"ENTER_TEXT"}]}
RESULT: {}
RESULT: {"script":"<script> [776 bytes]","args":[{"enterText":"5/11/33","selector":{"id":"application-manageconditionprice-display-component---newCondition--condValidTo","interaction":{"idSuffix":"inner"}},"clearTextFirst":true,"interactionType":"ENTER_TEXT"}]}
COMMAND: POST /session/6a89fb51866d950e0bc97f386a060562/element - {"using":"xpath","value":"//input[@id=\"application-manageconditionprice-display-component---newCondition--condRU-inner\"]"}
RESULT: {"using":"xpath","value":"//input[@id=\"application-manageconditionprice-display-component---newCondition--condRU-inner\"]"}
COMMAND: POST /session/6a89fb51866d950e0bc97f386a060562/element/f.A6EC5B81BA07351D57539A0094149B7C.d.7FF97DC947BC43E840B001705BCC4DF4.e.14888/clear - {}
RESULT: {}
COMMAND: POST /session/6a89fb51866d950e0bc97f386a060562/element/f.A6EC5B81BA07351D57539A0094149B7C.d.7FF97DC947BC43E840B001705BCC4DF4.e.14888/value - {"text":"WebdriverRUR2Cei11h"}
COMMAND: GET /session/6a89fb51866d950e0bc97f386a060562/screenshot - {}
RESULT: {"text":"WebdriverRUR2Cei11h"}
COMMAND: GET /session/6a89fb51866d950e0bc97f386a060562/screenshot - {}
RESULT: {}
RESULT: {}
COMMAND: POST /session/6a89fb51866d950e0bc97f386a060562/actions - {"actions":[{"id":"action73","type":"key","parameters":{},"actions":[{"type":"keyDown","value":"î€‡"},{"type":"pause","duration":10},{"type":"keyUp","value":"î€‡"}]}]}
RESULT: {"actions":[{"id":"action73","type":"key","parameters":{},"actions":[{"type":"keyDown","value":"î€‡"},{"type":"pause","duration":10},{"type":"keyUp","value":"î€‡"}]}]}
COMMAND: POST /session/6a89fb51866d950e0bc97f386a060562/execute/async - {"script":"<script> [1562 bytes]","args":[{"selector":{"id":"application-manageconditionprice-display-component---newCondition--condBaseQty","interaction":{"idSuffix":"inner"}},"wdio_ui5_key":"applicationmanageconditionprice-display-component---newCondition--condBaseQty"}]}
COMMAND: GET /session/6a89fb51866d950e0bc97f386a060562/screenshot - {}
RESULT: {"script":"<script> [1562 bytes]","args":[{"selector":{"id":"application-manageconditionprice-display-component---newCondition--condBaseQty","interaction":{"idSuffix":"inner"}},"wdio_ui5_key":"applicationmanageconditionprice-display-component---newCondition--condBaseQty"}]}
RESULT: undefined
COMMAND: POST /session/6a89fb51866d950e0bc97f386a060562/execute/async - {"script":"<script> [776 bytes]","args":[{"enterText":"1","selector":{"id":"application-manageconditionprice-display-component---newCondition--condBaseQty","interaction":{"idSuffix":"inner"}},"clearTextFirst":true,"interactionType":"ENTER_TEXT"}]}
RESULT: {}
RESULT: {"script":"<script> [776 bytes]","args":[{"enterText":"1","selector":{"id":"application-manageconditionprice-display-component---newCondition--condBaseQty","interaction":{"idSuffix":"inner"}},"clearTextFirst":true,"interactionType":"ENTER_TEXT"}]}
COMMAND: POST /session/6a89fb51866d950e0bc97f386a060562/execute/async - {"script":"<script> [1562 bytes]","args":[{"selector":{"id":"application-manageconditionprice-display-component---newCondition--condValue","interaction":{"idSuffix":"inner"}},"wdio_ui5_key":"applicationmanageconditionprice-display-component---newCondition--condValue"}]}
RESULT: {"script":"<script> [1562 bytes]","args":[{"selector":{"id":"application-manageconditionprice-display-component---newCondition--condValue","interaction":{"idSuffix":"inner"}},"wdio_ui5_key":"applicationmanageconditionprice-display-component---newCondition--condValue"}]}
RESULT: undefined
COMMAND: POST /session/6a89fb51866d950e0bc97f386a060562/execute/async - {"script":"<script> [776 bytes]","args":[{"enterText":"100","selector":{"id":"application-manageconditionprice-display-component---newCondition--condValue","interaction":{"idSuffix":"inner"}},"clearTextFirst":true,"interactionType":"ENTER_TEXT"}]}
RESULT: {"script":"<script> [776 bytes]","args":[{"enterText":"100","selector":{"id":"application-manageconditionprice-display-component---newCondition--condValue","interaction":{"idSuffix":"inner"}},"clearTextFirst":true,"interactionType":"ENTER_TEXT"}]}
COMMAND: POST /session/6a89fb51866d950e0bc97f386a060562/execute/async - {"script":"<script> [1562 bytes]","args":[{"selector":{"id":"application-manageconditionprice-display-component---newCondition--condCurr-arrow"},"wdio_ui5_key":"applicationmanageconditionprice-display-component---newCondition--condCurr-arrow"}]}
RESULT: {"script":"<script> [1562 bytes]","args":[{"selector":{"id":"application-manageconditionprice-display-component---newCondition--condCurr-arrow"},"wdio_ui5_key":"applicationmanageconditionprice-display-component---newCondition--condCurr-arrow"}]}
RESULT: undefined
COMMAND: POST /session/6a89fb51866d950e0bc97f386a060562/element - {"using":"xpath","value":"//*[@id=\"application-manageconditionprice-display-component---newCondition--condCurr-arrow\"]"}
RESULT: {"using":"xpath","value":"//*[@id=\"application-manageconditionprice-display-component---newCondition--condCurr-arrow\"]"}
COMMAND: POST /session/6a89fb51866d950e0bc97f386a060562/element/f.A6EC5B81BA07351D57539A0094149B7C.d.7FF97DC947BC43E840B001705BCC4DF4.e.15102/click - {}
RESULT: {}
COMMAND: POST /session/6a89fb51866d950e0bc97f386a060562/element - {"using":"xpath","value":"//span[contains(text(), \"Euro\")]"}
COMMAND: GET /session/6a89fb51866d950e0bc97f386a060562/screenshot - {}
RESULT: {"using":"xpath","value":"//span[contains(text(), \"Euro\")]"}
COMMAND: POST /session/6a89fb51866d950e0bc97f386a060562/element/f.A6EC5B81BA07351D57539A0094149B7C.d.7FF97DC947BC43E840B001705BCC4DF4.e.15196/click - {}
RESULT: {}
RESULT: {}
COMMAND: POST /session/6a89fb51866d950e0bc97f386a060562/element - {"using":"xpath","value":"//button[@data-kt=\"saveButton\"]"}
COMMAND: GET /session/6a89fb51866d950e0bc97f386a060562/screenshot - {}
RESULT: {"using":"xpath","value":"//button[@data-kt=\"saveButton\"]"}
COMMAND: POST /session/6a89fb51866d950e0bc97f386a060562/element/f.A6EC5B81BA07351D57539A0094149B7C.d.7FF97DC947BC43E840B001705BCC4DF4.e.15103/click - {}
RESULT: {}
RESULT: {}
COMMAND: GET /session/6a89fb51866d950e0bc97f386a060562/screenshot - {}
RESULT: {}
COMMAND: POST /session/6a89fb51866d950e0bc97f386a060562/element - {"using":"css selector","value":"#shell-header-logo"}
RESULT: {"using":"css selector","value":"#shell-header-logo"}
COMMAND: POST /session/6a89fb51866d950e0bc97f386a060562/element/f.A6EC5B81BA07351D57539A0094149B7C.d.7FF97DC947BC43E840B001705BCC4DF4.e.14656/click - {}
RESULT: {}
COMMAND: GET /session/6a89fb51866d950e0bc97f386a060562/screenshot - {}
RESULT: {}
]]></system-out>
    </testcase>
    <testcase classname="chrome.135_0_7049_115.windows.E2E_-_Logistical_and_commercial_statuses" name="Should create a new contract" time="75.629">
      <system-out><![CDATA[
COMMAND: POST /session/6a89fb51866d950e0bc97f386a060562/execute/async - {"script":"<script> [1562 bytes]","args":[{"selector":{"controlType":"sap.m.GenericTile","viewName":"etm.portal.ui.managecontractstile.view.Master","i18NText":{"propertyName":"header","key":"manageContractsTileTitle"}},"wdio_ui5_key":"etmportal.ui.managecontractstile.view.Mastersap.m.GenericTile{\"propertyName\":\"header\",\"key\":\"manageContractsTileTitle\"}"}]}
RESULT: {"script":"<script> [1562 bytes]","args":[{"selector":{"controlType":"sap.m.GenericTile","viewName":"etm.portal.ui.managecontractstile.view.Master","i18NText":{"propertyName":"header","key":"manageContractsTileTitle"}},"wdio_ui5_key":"etmportal.ui.managecontractstile.view.Mastersap.m.GenericTile{\"propertyName\":\"header\",\"key\":\"manageContractsTileTitle\"}"}]}
RESULT: undefined
COMMAND: POST /session/6a89fb51866d950e0bc97f386a060562/element - {"using":"xpath","value":"//*[@id=\"__tile130\"]"}
RESULT: {"using":"xpath","value":"//*[@id=\"__tile130\"]"}
COMMAND: POST /session/6a89fb51866d950e0bc97f386a060562/element/f.A6EC5B81BA07351D57539A0094149B7C.d.7FF97DC947BC43E840B001705BCC4DF4.e.15348/click - {}
RESULT: {}
COMMAND: GET /session/6a89fb51866d950e0bc97f386a060562/screenshot - {}
RESULT: {}
COMMAND: POST /session/6a89fb51866d950e0bc97f386a060562/element - {"using":"xpath","value":"//button[@data-kt=\"addButton\"]"}
RESULT: {"using":"xpath","value":"//button[@data-kt=\"addButton\"]"}
COMMAND: POST /session/6a89fb51866d950e0bc97f386a060562/element/f.A6EC5B81BA07351D57539A0094149B7C.d.7FF97DC947BC43E840B001705BCC4DF4.e.15422/click - {}
RESULT: {}
COMMAND: GET /session/6a89fb51866d950e0bc97f386a060562/screenshot - {}
COMMAND: POST /session/6a89fb51866d950e0bc97f386a060562/execute/async - {"script":"<script> [1562 bytes]","args":[{"selector":{"id":"application-managecontracts-display-component---AddNewContract--projectDescription","interaction":{"idSuffix":"inner"}},"wdio_ui5_key":"applicationmanagecontracts-display-component---AddNewContract--projectDescription"}]}
RESULT: {}
RESULT: {"script":"<script> [1562 bytes]","args":[{"selector":{"id":"application-managecontracts-display-component---AddNewContract--projectDescription","interaction":{"idSuffix":"inner"}},"wdio_ui5_key":"applicationmanagecontracts-display-component---AddNewContract--projectDescription"}]}
RESULT: undefined
COMMAND: POST /session/6a89fb51866d950e0bc97f386a060562/execute/async - {"script":"<script> [776 bytes]","args":[{"enterText":"WdIOR2c3fkv6","selector":{"id":"application-managecontracts-display-component---AddNewContract--projectDescription","interaction":{"idSuffix":"inner"}},"clearTextFirst":true,"interactionType":"ENTER_TEXT"}]}
RESULT: {"script":"<script> [776 bytes]","args":[{"enterText":"WdIOR2c3fkv6","selector":{"id":"application-managecontracts-display-component---AddNewContract--projectDescription","interaction":{"idSuffix":"inner"}},"clearTextFirst":true,"interactionType":"ENTER_TEXT"}]}
COMMAND: POST /session/6a89fb51866d950e0bc97f386a060562/element - {"using":"xpath","value":"//input[@id=\"application-managecontracts-display-component---AddNewContract--yardId-inner\"]"}
RESULT: {"using":"xpath","value":"//input[@id=\"application-managecontracts-display-component---AddNewContract--yardId-inner\"]"}
COMMAND: POST /session/6a89fb51866d950e0bc97f386a060562/element/f.A6EC5B81BA07351D57539A0094149B7C.d.7FF97DC947BC43E840B001705BCC4DF4.e.15672/clear - {}
RESULT: {}
COMMAND: POST /session/6a89fb51866d950e0bc97f386a060562/element/f.A6EC5B81BA07351D57539A0094149B7C.d.7FF97DC947BC43E840B001705BCC4DF4.e.15672/value - {"text":"WebdriverYardabt01"}
COMMAND: GET /session/6a89fb51866d950e0bc97f386a060562/screenshot - {}
RESULT: {"text":"WebdriverYardabt01"}
COMMAND: GET /session/6a89fb51866d950e0bc97f386a060562/screenshot - {}
RESULT: {}
RESULT: {}
COMMAND: POST /session/6a89fb51866d950e0bc97f386a060562/actions - {"actions":[{"id":"action74","type":"key","parameters":{},"actions":[{"type":"keyDown","value":"î€‡"},{"type":"pause","duration":10},{"type":"keyUp","value":"î€‡"}]}]}
RESULT: {"actions":[{"id":"action74","type":"key","parameters":{},"actions":[{"type":"keyDown","value":"î€‡"},{"type":"pause","duration":10},{"type":"keyUp","value":"î€‡"}]}]}
COMMAND: GET /session/6a89fb51866d950e0bc97f386a060562/screenshot - {}
RESULT: {}
COMMAND: POST /session/6a89fb51866d950e0bc97f386a060562/element - {"using":"xpath","value":"//input[@id=\"application-managecontracts-display-component---AddNewContract--customerSelect-inner\"]"}
RESULT: {"using":"xpath","value":"//input[@id=\"application-managecontracts-display-component---AddNewContract--customerSelect-inner\"]"}
COMMAND: POST /session/6a89fb51866d950e0bc97f386a060562/element/f.A6EC5B81BA07351D57539A0094149B7C.d.7FF97DC947BC43E840B001705BCC4DF4.e.15670/clear - {}
RESULT: {}
COMMAND: POST /session/6a89fb51866d950e0bc97f386a060562/element/f.A6EC5B81BA07351D57539A0094149B7C.d.7FF97DC947BC43E840B001705BCC4DF4.e.15670/value - {"text":"WebdriverPartner50k9q"}
COMMAND: GET /session/6a89fb51866d950e0bc97f386a060562/screenshot - {}
RESULT: {"text":"WebdriverPartner50k9q"}
COMMAND: GET /session/6a89fb51866d950e0bc97f386a060562/screenshot - {}
RESULT: {}
RESULT: {}
COMMAND: POST /session/6a89fb51866d950e0bc97f386a060562/actions - {"actions":[{"id":"action75","type":"key","parameters":{},"actions":[{"type":"keyDown","value":"î€‡"},{"type":"pause","duration":10},{"type":"keyUp","value":"î€‡"}]}]}
RESULT: {"actions":[{"id":"action75","type":"key","parameters":{},"actions":[{"type":"keyDown","value":"î€‡"},{"type":"pause","duration":10},{"type":"keyUp","value":"î€‡"}]}]}
COMMAND: GET /session/6a89fb51866d950e0bc97f386a060562/screenshot - {}
RESULT: {}
COMMAND: POST /session/6a89fb51866d950e0bc97f386a060562/element - {"using":"xpath","value":"//input[@id=\"application-managecontracts-display-component---AddNewContract--site-inner\"]"}
RESULT: {"using":"xpath","value":"//input[@id=\"application-managecontracts-display-component---AddNewContract--site-inner\"]"}
COMMAND: POST /session/6a89fb51866d950e0bc97f386a060562/element/f.A6EC5B81BA07351D57539A0094149B7C.d.7FF97DC947BC43E840B001705BCC4DF4.e.15671/clear - {}
RESULT: {}
COMMAND: POST /session/6a89fb51866d950e0bc97f386a060562/element/f.A6EC5B81BA07351D57539A0094149B7C.d.7FF97DC947BC43E840B001705BCC4DF4.e.15671/value - {"text":"WebdriverSitedf55rh"}
COMMAND: GET /session/6a89fb51866d950e0bc97f386a060562/screenshot - {}
RESULT: {"text":"WebdriverSitedf55rh"}
COMMAND: GET /session/6a89fb51866d950e0bc97f386a060562/screenshot - {}
RESULT: {}
RESULT: {}
COMMAND: POST /session/6a89fb51866d950e0bc97f386a060562/actions - {"actions":[{"id":"action76","type":"key","parameters":{},"actions":[{"type":"keyDown","value":"î€‡"},{"type":"pause","duration":10},{"type":"keyUp","value":"î€‡"}]}]}
RESULT: {"actions":[{"id":"action76","type":"key","parameters":{},"actions":[{"type":"keyDown","value":"î€‡"},{"type":"pause","duration":10},{"type":"keyUp","value":"î€‡"}]}]}
COMMAND: POST /session/6a89fb51866d950e0bc97f386a060562/element - {"using":"xpath","value":"//button[@data-kt=\"saveButton\"]"}
COMMAND: GET /session/6a89fb51866d950e0bc97f386a060562/screenshot - {}
RESULT: {"using":"xpath","value":"//button[@data-kt=\"saveButton\"]"}
COMMAND: POST /session/6a89fb51866d950e0bc97f386a060562/element/f.A6EC5B81BA07351D57539A0094149B7C.d.7FF97DC947BC43E840B001705BCC4DF4.e.15688/click - {}
RESULT: {}
RESULT: {}
COMMAND: GET /session/6a89fb51866d950e0bc97f386a060562/screenshot - {}
RESULT: {}
COMMAND: POST /session/6a89fb51866d950e0bc97f386a060562/execute/async - {"script":"<script> [1562 bytes]","args":[{"selector":{"id":"contractDetailTitleNoExpanded","viewName":"etm.portal.ui.managecontracts.view.Detail"},"wdio_ui5_key":"contractDetailTitleNoExpandedetmportal.ui.managecontracts.view.Detail"}]}
RESULT: {"script":"<script> [1562 bytes]","args":[{"selector":{"id":"contractDetailTitleNoExpanded","viewName":"etm.portal.ui.managecontracts.view.Detail"},"wdio_ui5_key":"contractDetailTitleNoExpandedetmportal.ui.managecontracts.view.Detail"}]}
RESULT: undefined
COMMAND: POST /session/6a89fb51866d950e0bc97f386a060562/execute/async - {"script":"<script> [6424 bytes]","args":[{"element-6066-11e4-a52e-4f735466cecf":"f.A6EC5B81BA07351D57539A0094149B7C.d.7FF97DC947BC43E840B001705BCC4DF4.e.15708"},"getText",[]]}
RESULT: {"script":"<script> [6424 bytes]","args":[{"element-6066-11e4-a52e-4f735466cecf":"f.A6EC5B81BA07351D57539A0094149B7C.d.7FF97DC947BC43E840B001705BCC4DF4.e.15708"},"getText",[]]}
]]></system-out>
    </testcase>
    <testcase classname="chrome.135_0_7049_115.windows.E2E_-_Logistical_and_commercial_statuses" name="Should add materialID to the contract" time="48.692">
      <system-out><![CDATA[
COMMAND: POST /session/6a89fb51866d950e0bc97f386a060562/element - {"using":"xpath","value":"//button[@data-kt=\"contractDetailEditBtnButton\"]"}
RESULT: {"using":"xpath","value":"//button[@data-kt=\"contractDetailEditBtnButton\"]"}
COMMAND: POST /session/6a89fb51866d950e0bc97f386a060562/element/f.A6EC5B81BA07351D57539A0094149B7C.d.7FF97DC947BC43E840B001705BCC4DF4.e.15709/click - {}
RESULT: {}
COMMAND: GET /session/6a89fb51866d950e0bc97f386a060562/screenshot - {}
RESULT: {}
COMMAND: POST /session/6a89fb51866d950e0bc97f386a060562/element - {"using":"xpath","value":"(//span[contains(text(), \"Additional Addresses\")])[2]"}
RESULT: {"using":"xpath","value":"(//span[contains(text(), \"Additional Addresses\")])[2]"}
COMMAND: POST /session/6a89fb51866d950e0bc97f386a060562/element/f.A6EC5B81BA07351D57539A0094149B7C.d.7FF97DC947BC43E840B001705BCC4DF4.e.15767/click - {}
RESULT: {}
COMMAND: GET /session/6a89fb51866d950e0bc97f386a060562/screenshot - {}
RESULT: {}
COMMAND: POST /session/6a89fb51866d950e0bc97f386a060562/element - {"using":"xpath","value":"//button[@data-kt=\"btnAddTableRowOverflowToolbarButton\"]"}
RESULT: {"using":"xpath","value":"//button[@data-kt=\"btnAddTableRowOverflowToolbarButton\"]"}
COMMAND: POST /session/6a89fb51866d950e0bc97f386a060562/element/f.A6EC5B81BA07351D57539A0094149B7C.d.7FF97DC947BC43E840B001705BCC4DF4.e.15769/click - {}
RESULT: {}
COMMAND: GET /session/6a89fb51866d950e0bc97f386a060562/screenshot - {}
RESULT: {}
COMMAND: POST /session/6a89fb51866d950e0bc97f386a060562/element - {"using":"xpath","value":"//div[(text() = 'Standard Entry' or . = 'Standard Entry')]"}
RESULT: {"using":"xpath","value":"//div[(text() = 'Standard Entry' or . = 'Standard Entry')]"}
COMMAND: POST /session/6a89fb51866d950e0bc97f386a060562/element/f.A6EC5B81BA07351D57539A0094149B7C.d.7FF97DC947BC43E840B001705BCC4DF4.e.15771/click - {}
RESULT: {}
COMMAND: POST /session/6a89fb51866d950e0bc97f386a060562/element - {"using":"xpath","value":"//td[6]/div/div/input[1]"}
COMMAND: GET /session/6a89fb51866d950e0bc97f386a060562/screenshot - {}
RESULT: {"using":"xpath","value":"//td[6]/div/div/input[1]"}
COMMAND: POST /session/6a89fb51866d950e0bc97f386a060562/element/f.A6EC5B81BA07351D57539A0094149B7C.d.7FF97DC947BC43E840B001705BCC4DF4.e.15773/click - {}
RESULT: {}
RESULT: {}
COMMAND: POST /session/6a89fb51866d950e0bc97f386a060562/actions - {"actions":[{"id":"action77","type":"key","parameters":{},"actions":[{"type":"keyDown","value":"î€ƒ"},{"type":"pause","duration":10},{"type":"keyUp","value":"î€ƒ"}]}]}
COMMAND: GET /session/6a89fb51866d950e0bc97f386a060562/screenshot - {}
RESULT: {"actions":[{"id":"action77","type":"key","parameters":{},"actions":[{"type":"keyDown","value":"î€ƒ"},{"type":"pause","duration":10},{"type":"keyUp","value":"î€ƒ"}]}]}
COMMAND: POST /session/6a89fb51866d950e0bc97f386a060562/element - {"using":"xpath","value":"//td[6]/div/div/input[1]"}
COMMAND: GET /session/6a89fb51866d950e0bc97f386a060562/screenshot - {}
RESULT: {}
RESULT: {}
RESULT: {"using":"xpath","value":"//td[6]/div/div/input[1]"}
COMMAND: POST /session/6a89fb51866d950e0bc97f386a060562/element/f.A6EC5B81BA07351D57539A0094149B7C.d.7FF97DC947BC43E840B001705BCC4DF4.e.15773/clear - {}
RESULT: {}
COMMAND: POST /session/6a89fb51866d950e0bc97f386a060562/element/f.A6EC5B81BA07351D57539A0094149B7C.d.7FF97DC947BC43E840B001705BCC4DF4.e.15773/value - {"text":"Material"}
COMMAND: GET /session/6a89fb51866d950e0bc97f386a060562/screenshot - {}
RESULT: {"text":"Material"}
COMMAND: GET /session/6a89fb51866d950e0bc97f386a060562/screenshot - {}
RESULT: {}
RESULT: {}
COMMAND: POST /session/6a89fb51866d950e0bc97f386a060562/actions - {"actions":[{"id":"action78","type":"key","parameters":{},"actions":[{"type":"keyDown","value":"î€‡"},{"type":"pause","duration":10},{"type":"keyUp","value":"î€‡"}]}]}
RESULT: {"actions":[{"id":"action78","type":"key","parameters":{},"actions":[{"type":"keyDown","value":"î€‡"},{"type":"pause","duration":10},{"type":"keyUp","value":"î€‡"}]}]}
COMMAND: GET /session/6a89fb51866d950e0bc97f386a060562/screenshot - {}
RESULT: {}
COMMAND: POST /session/6a89fb51866d950e0bc97f386a060562/actions - {"actions":[{"id":"action79","type":"key","parameters":{},"actions":[{"type":"keyDown","value":"î€‡"},{"type":"pause","duration":10},{"type":"keyUp","value":"î€‡"}]}]}
RESULT: {"actions":[{"id":"action79","type":"key","parameters":{},"actions":[{"type":"keyDown","value":"î€‡"},{"type":"pause","duration":10},{"type":"keyUp","value":"î€‡"}]}]}
COMMAND: POST /session/6a89fb51866d950e0bc97f386a060562/element - {"using":"xpath","value":"//td[7]/div/div/input"}
COMMAND: GET /session/6a89fb51866d950e0bc97f386a060562/screenshot - {}
RESULT: {"using":"xpath","value":"//td[7]/div/div/input"}
COMMAND: POST /session/6a89fb51866d950e0bc97f386a060562/element/f.A6EC5B81BA07351D57539A0094149B7C.d.7FF97DC947BC43E840B001705BCC4DF4.e.15786/clear - {}
RESULT: {}
RESULT: {}
COMMAND: POST /session/6a89fb51866d950e0bc97f386a060562/element/f.A6EC5B81BA07351D57539A0094149B7C.d.7FF97DC947BC43E840B001705BCC4DF4.e.15786/value - {"text":"WebdriverRUR2Cei11h"}
COMMAND: GET /session/6a89fb51866d950e0bc97f386a060562/screenshot - {}
RESULT: {"text":"WebdriverRUR2Cei11h"}
COMMAND: GET /session/6a89fb51866d950e0bc97f386a060562/screenshot - {}
RESULT: {}
RESULT: {}
COMMAND: POST /session/6a89fb51866d950e0bc97f386a060562/actions - {"actions":[{"id":"action80","type":"key","parameters":{},"actions":[{"type":"keyDown","value":"î€‡"},{"type":"pause","duration":10},{"type":"keyUp","value":"î€‡"}]}]}
RESULT: {"actions":[{"id":"action80","type":"key","parameters":{},"actions":[{"type":"keyDown","value":"î€‡"},{"type":"pause","duration":10},{"type":"keyUp","value":"î€‡"}]}]}
COMMAND: GET /session/6a89fb51866d950e0bc97f386a060562/screenshot - {}
RESULT: {}
COMMAND: POST /session/6a89fb51866d950e0bc97f386a060562/actions - {"actions":[{"id":"action81","type":"key","parameters":{},"actions":[{"type":"keyDown","value":"î€‡"},{"type":"pause","duration":10},{"type":"keyUp","value":"î€‡"}]}]}
RESULT: {"actions":[{"id":"action81","type":"key","parameters":{},"actions":[{"type":"keyDown","value":"î€‡"},{"type":"pause","duration":10},{"type":"keyUp","value":"î€‡"}]}]}
COMMAND: GET /session/6a89fb51866d950e0bc97f386a060562/screenshot - {}
RESULT: {}
COMMAND: POST /session/6a89fb51866d950e0bc97f386a060562/element - {"using":"xpath","value":"(//button[@data-kt=\"saveButton\"])[2]"}
RESULT: {"using":"xpath","value":"(//button[@data-kt=\"saveButton\"])[2]"}
COMMAND: POST /session/6a89fb51866d950e0bc97f386a060562/element/f.A6EC5B81BA07351D57539A0094149B7C.d.7FF97DC947BC43E840B001705BCC4DF4.e.15809/click - {}
RESULT: {}
COMMAND: GET /session/6a89fb51866d950e0bc97f386a060562/screenshot - {}
RESULT: {}
]]></system-out>
    </testcase>
    <testcase classname="chrome.135_0_7049_115.windows.E2E_-_Logistical_and_commercial_statuses" name="It should follow the handover steps to the status fully provided" time="407.45">
      <system-out><![CDATA[
COMMAND: POST /session/6a89fb51866d950e0bc97f386a060562/execute/async - {"script":"<script> [1562 bytes]","args":[{"selector":{"id":"contractDetailProvideButton","viewName":"etm.portal.ui.managecontracts.view.Detail","interaction":{"idSuffix":"BDI-content"}},"wdio_ui5_key":"contractDetailProvideButtonetmportal.ui.managecontracts.view.Detail"}]}
RESULT: {"script":"<script> [1562 bytes]","args":[{"selector":{"id":"contractDetailProvideButton","viewName":"etm.portal.ui.managecontracts.view.Detail","interaction":{"idSuffix":"BDI-content"}},"wdio_ui5_key":"contractDetailProvideButtonetmportal.ui.managecontracts.view.Detail"}]}
RESULT: undefined
COMMAND: POST /session/6a89fb51866d950e0bc97f386a060562/element - {"using":"xpath","value":"//*[@id=\"__xmlview61--contractDetailProvideButton\"]"}
RESULT: {"using":"xpath","value":"//*[@id=\"__xmlview61--contractDetailProvideButton\"]"}
COMMAND: POST /session/6a89fb51866d950e0bc97f386a060562/element/f.A6EC5B81BA07351D57539A0094149B7C.d.7FF97DC947BC43E840B001705BCC4DF4.e.15817/click - {}
RESULT: {}
COMMAND: GET /session/6a89fb51866d950e0bc97f386a060562/screenshot - {}
COMMAND: POST /session/6a89fb51866d950e0bc97f386a060562/execute/async - {"script":"<script> [1562 bytes]","args":[{"selector":{"id":"application-managehandovers-display-component---AddNewHO--oneStep","interaction":{"idSuffix":"CbBg"}},"wdio_ui5_key":"applicationmanagehandovers-display-component---AddNewHO--oneStep"}]}
RESULT: {}
RESULT: {"script":"<script> [1562 bytes]","args":[{"selector":{"id":"application-managehandovers-display-component---AddNewHO--oneStep","interaction":{"idSuffix":"CbBg"}},"wdio_ui5_key":"applicationmanagehandovers-display-component---AddNewHO--oneStep"}]}
RESULT: undefined
COMMAND: POST /session/6a89fb51866d950e0bc97f386a060562/element - {"using":"xpath","value":"//*[@id=\"application-managehandovers-display-component---AddNewHO--oneStep\"]"}
RESULT: {"using":"xpath","value":"//*[@id=\"application-managehandovers-display-component---AddNewHO--oneStep\"]"}
COMMAND: POST /session/6a89fb51866d950e0bc97f386a060562/element/f.A6EC5B81BA07351D57539A0094149B7C.d.7FF97DC947BC43E840B001705BCC4DF4.e.15989/click - {}
RESULT: {}
RESULT: undefined
COMMAND: POST /session/6a89fb51866d950e0bc97f386a060562/execute/async - {"script":"<script> [776 bytes]","args":[{"enterText":"05/06/25","selector":{"id":"application-managehandovers-display-component---AddNewHO--dueDate","interaction":{"idSuffix":"inner"}},"clearTextFirst":true,"interactionType":"ENTER_TEXT"}]}
COMMAND: GET /session/6a89fb51866d950e0bc97f386a060562/screenshot - {}
RESULT: {"script":"<script> [776 bytes]","args":[{"enterText":"05/06/25","selector":{"id":"application-managehandovers-display-component---AddNewHO--dueDate","interaction":{"idSuffix":"inner"}},"clearTextFirst":true,"interactionType":"ENTER_TEXT"}]}
RESULT: undefined
COMMAND: POST /session/6a89fb51866d950e0bc97f386a060562/element - {"using":"xpath","value":"//*[@id=\"application-managehandovers-display-component---AddNewHO--ObjectPageLayout-anchBar-application-managehandovers-display-component---AddNewHO--section4-anchor\"]"}
RESULT: {}
RESULT: {"using":"xpath","value":"//*[@id=\"application-managehandovers-display-component---AddNewHO--ObjectPageLayout-anchBar-application-managehandovers-display-component---AddNewHO--section4-anchor\"]"}
COMMAND: POST /session/6a89fb51866d950e0bc97f386a060562/element/f.A6EC5B81BA07351D57539A0094149B7C.d.7FF97DC947BC43E840B001705BCC4DF4.e.15990/click - {}
RESULT: {}
COMMAND: POST /session/6a89fb51866d950e0bc97f386a060562/execute/async - {"script":"<script> [1562 bytes]","args":[{"selector":{"controlType":"sap.ui.core.Icon","viewName":"etm.portal.ui.managehandovers.view.AddNewHO","viewId":"application-managehandovers-display-component---AddNewHO","properties":{"src":{"regex":{"source":"add"}}}},"wdio_ui5_key":"etmportal.ui.managehandovers.view.AddNewHOsap.ui.core.Icon{\"src\":{\"regex\":{\"source\":\"add\"}}}"}]}
COMMAND: GET /session/6a89fb51866d950e0bc97f386a060562/screenshot - {}
RESULT: {"script":"<script> [1562 bytes]","args":[{"selector":{"controlType":"sap.ui.core.Icon","viewName":"etm.portal.ui.managehandovers.view.AddNewHO","viewId":"application-managehandovers-display-component---AddNewHO","properties":{"src":{"regex":{"source":"add"}}}},"wdio_ui5_key":"etmportal.ui.managehandovers.view.AddNewHOsap.ui.core.Icon{\"src\":{\"regex\":{\"source\":\"add\"}}}"}]}
RESULT: undefined
COMMAND: POST /session/6a89fb51866d950e0bc97f386a060562/element - {"using":"xpath","value":"//*[@id=\"__button163-img\"]"}
RESULT: {}
RESULT: {"using":"xpath","value":"//*[@id=\"__button163-img\"]"}
COMMAND: POST /session/6a89fb51866d950e0bc97f386a060562/element/f.A6EC5B81BA07351D57539A0094149B7C.d.7FF97DC947BC43E840B001705BCC4DF4.e.15994/click - {}
RESULT: {}
COMMAND: GET /session/6a89fb51866d950e0bc97f386a060562/screenshot - {}
RESULT: undefined
COMMAND: POST /session/6a89fb51866d950e0bc97f386a060562/element - {"using":"xpath","value":"//*[@id=\"application-managehandovers-display-component---AddNewHO--popup-sa\"]"}
RESULT: {}
RESULT: {"using":"xpath","value":"//*[@id=\"application-managehandovers-display-component---AddNewHO--popup-sa\"]"}
COMMAND: POST /session/6a89fb51866d950e0bc97f386a060562/element/f.A6EC5B81BA07351D57539A0094149B7C.d.7FF97DC947BC43E840B001705BCC4DF4.e.16005/click - {}
RESULT: {}
COMMAND: POST /session/6a89fb51866d950e0bc97f386a060562/execute/async - {"script":"<script> [1562 bytes]","args":[{"selector":{"controlType":"sap.m.Button","viewName":"etm.portal.ui.managehandovers.view.AddNewHO","viewId":"application-managehandovers-display-component---AddNewHO","i18NText":{"propertyName":"text","key":"select"},"searchOpenDialogs":true,"interaction":{"idSuffix":"inner"}},"wdio_ui5_key":"etmportal.ui.managehandovers.view.AddNewHOsap.m.Button{\"propertyName\":\"text\",\"key\":\"select\"}"}]}
COMMAND: GET /session/6a89fb51866d950e0bc97f386a060562/screenshot - {}
RESULT: {"script":"<script> [1562 bytes]","args":[{"selector":{"controlType":"sap.m.Button","viewName":"etm.portal.ui.managehandovers.view.AddNewHO","viewId":"application-managehandovers-display-component---AddNewHO","i18NText":{"propertyName":"text","key":"select"},"searchOpenDialogs":true,"interaction":{"idSuffix":"inner"}},"wdio_ui5_key":"etmportal.ui.managehandovers.view.AddNewHOsap.m.Button{\"propertyName\":\"text\",\"key\":\"select\"}"}]}
RESULT: undefined
COMMAND: POST /session/6a89fb51866d950e0bc97f386a060562/element - {"using":"xpath","value":"//*[@id=\"__button167\"]"}
RESULT: {}
RESULT: {"using":"xpath","value":"//*[@id=\"__button167\"]"}
COMMAND: POST /session/6a89fb51866d950e0bc97f386a060562/element/f.A6EC5B81BA07351D57539A0094149B7C.d.7FF97DC947BC43E840B001705BCC4DF4.e.16008/click - {}
RESULT: {}
COMMAND: POST /session/6a89fb51866d950e0bc97f386a060562/execute/async - {"script":"<script> [1562 bytes]","args":[{"selector":{"id":"application-managehandovers-display-component---AddNewHO--confirmCreationButton","interaction":{"idSuffix":"BDI-content"}},"wdio_ui5_key":"applicationmanagehandovers-display-component---AddNewHO--confirmCreationButton"}]}
COMMAND: GET /session/6a89fb51866d950e0bc97f386a060562/screenshot - {}
RESULT: {"script":"<script> [1562 bytes]","args":[{"selector":{"id":"application-managehandovers-display-component---AddNewHO--confirmCreationButton","interaction":{"idSuffix":"BDI-content"}},"wdio_ui5_key":"applicationmanagehandovers-display-component---AddNewHO--confirmCreationButton"}]}
RESULT: undefined
COMMAND: POST /session/6a89fb51866d950e0bc97f386a060562/element - {"using":"xpath","value":"//*[@id=\"application-managehandovers-display-component---AddNewHO--confirmCreationButton\"]"}
RESULT: {}
RESULT: {"using":"xpath","value":"//*[@id=\"application-managehandovers-display-component---AddNewHO--confirmCreationButton\"]"}
COMMAND: POST /session/6a89fb51866d950e0bc97f386a060562/element/f.A6EC5B81BA07351D57539A0094149B7C.d.7FF97DC947BC43E840B001705BCC4DF4.e.15942/click - {}
RESULT: {}
COMMAND: GET /session/6a89fb51866d950e0bc97f386a060562/screenshot - {}
RESULT: {}
COMMAND: POST /session/6a89fb51866d950e0bc97f386a060562/element - {"using":"xpath","value":"//a[contains(@data-kt ,\"GeneralSectionReceiveContracttLink\")]"}
RESULT: {"using":"xpath","value":"//a[contains(@data-kt ,\"GeneralSectionReceiveContracttLink\")]"}
COMMAND: POST /session/6a89fb51866d950e0bc97f386a060562/element/f.A6EC5B81BA07351D57539A0094149B7C.d.7FF97DC947BC43E840B001705BCC4DF4.e.16057/click - {}
RESULT: {}
COMMAND: GET /session/6a89fb51866d950e0bc97f386a060562/screenshot - {}
RESULT: {}
COMMAND: POST /session/6a89fb51866d950e0bc97f386a060562/element - {"using":"xpath","value":"//a[contains(@data-kt ,\"ContextMenuId2Link\")]"}
RESULT: {"using":"xpath","value":"//a[contains(@data-kt ,\"ContextMenuId2Link\")]"}
COMMAND: POST /session/6a89fb51866d950e0bc97f386a060562/element/f.A6EC5B81BA07351D57539A0094149B7C.d.7FF97DC947BC43E840B001705BCC4DF4.e.16060/click - {}
RESULT: {}
COMMAND: GET /session/6a89fb51866d950e0bc97f386a060562/screenshot - {}
RESULT: {}
COMMAND: POST /session/6a89fb51866d950e0bc97f386a060562/execute/async - {"script":"<script> [1562 bytes]","args":[{"selector":{"controlType":"sap.m.ObjectStatus","viewName":"etm.portal.ui.managecontracts.view.Detail","bindingPath":{"propertyPath":"LINK_TO_LOGISTICAL_STATUS/DESCRIPTION","modelName":"catalogModel"}},"wdio_ui5_key":"etmportal.ui.managecontracts.view.Detailsap.m.ObjectStatus{\"propertyPath\":\"LINK_TO_LOGISTICAL_STATUS/DESCRIPTION\",\"modelName\":\"catalogModel\"}"}]}
RESULT: {"script":"<script> [1562 bytes]","args":[{"selector":{"controlType":"sap.m.ObjectStatus","viewName":"etm.portal.ui.managecontracts.view.Detail","bindingPath":{"propertyPath":"LINK_TO_LOGISTICAL_STATUS/DESCRIPTION","modelName":"catalogModel"}},"wdio_ui5_key":"etmportal.ui.managecontracts.view.Detailsap.m.ObjectStatus{\"propertyPath\":\"LINK_TO_LOGISTICAL_STATUS/DESCRIPTION\",\"modelName\":\"catalogModel\"}"}]}
RESULT: undefined
COMMAND: POST /session/6a89fb51866d950e0bc97f386a060562/execute/async - {"script":"<script> [6424 bytes]","args":[{"element-6066-11e4-a52e-4f735466cecf":"f.A6EC5B81BA07351D57539A0094149B7C.d.7FF97DC947BC43E840B001705BCC4DF4.e.16275"},"getText",[]]}
RESULT: {"script":"<script> [6424 bytes]","args":[{"element-6066-11e4-a52e-4f735466cecf":"f.A6EC5B81BA07351D57539A0094149B7C.d.7FF97DC947BC43E840B001705BCC4DF4.e.16275"},"getText",[]]}
COMMAND: POST /session/6a89fb51866d950e0bc97f386a060562/execute/async - {"script":"<script> [1562 bytes]","args":[{"selector":{"controlType":"sap.m.ObjectStatus","viewName":"etm.portal.ui.managecontracts.view.Detail","bindingPath":{"propertyPath":"LINK_TO_COMMERCIAL_STATUS/DESCRIPTION","modelName":"catalogModel"}},"wdio_ui5_key":"etmportal.ui.managecontracts.view.Detailsap.m.ObjectStatus{\"propertyPath\":\"LINK_TO_COMMERCIAL_STATUS/DESCRIPTION\",\"modelName\":\"catalogModel\"}"}]}
RESULT: {"script":"<script> [1562 bytes]","args":[{"selector":{"controlType":"sap.m.ObjectStatus","viewName":"etm.portal.ui.managecontracts.view.Detail","bindingPath":{"propertyPath":"LINK_TO_COMMERCIAL_STATUS/DESCRIPTION","modelName":"catalogModel"}},"wdio_ui5_key":"etmportal.ui.managecontracts.view.Detailsap.m.ObjectStatus{\"propertyPath\":\"LINK_TO_COMMERCIAL_STATUS/DESCRIPTION\",\"modelName\":\"catalogModel\"}"}]}
RESULT: undefined
COMMAND: POST /session/6a89fb51866d950e0bc97f386a060562/execute/async - {"script":"<script> [6424 bytes]","args":[{"element-6066-11e4-a52e-4f735466cecf":"f.A6EC5B81BA07351D57539A0094149B7C.d.7FF97DC947BC43E840B001705BCC4DF4.e.16276"},"getText",[]]}
RESULT: {"script":"<script> [6424 bytes]","args":[{"element-6066-11e4-a52e-4f735466cecf":"f.A6EC5B81BA07351D57539A0094149B7C.d.7FF97DC947BC43E840B001705BCC4DF4.e.16276"},"getText",[]]}
COMMAND: POST /session/6a89fb51866d950e0bc97f386a060562/execute/async - {"script":"<script> [1562 bytes]","args":[{"selector":{"id":"backBtn"},"wdio_ui5_key":"backBtn"}]}
RESULT: {"script":"<script> [1562 bytes]","args":[{"selector":{"id":"backBtn"},"wdio_ui5_key":"backBtn"}]}
RESULT: undefined
COMMAND: POST /session/6a89fb51866d950e0bc97f386a060562/element - {"using":"xpath","value":"//*[@id=\"backBtn\"]"}
RESULT: {"using":"xpath","value":"//*[@id=\"backBtn\"]"}
COMMAND: POST /session/6a89fb51866d950e0bc97f386a060562/element/f.A6EC5B81BA07351D57539A0094149B7C.d.7FF97DC947BC43E840B001705BCC4DF4.e.16277/click - {}
RESULT: {}
COMMAND: GET /session/6a89fb51866d950e0bc97f386a060562/screenshot - {}
COMMAND: POST /session/6a89fb51866d950e0bc97f386a060562/execute/async - {"script":"<script> [1562 bytes]","args":[{"selector":{"controlType":"sap.m.Text","viewName":"etm.portal.ui.managehandovers.view.DetailExecuteHO","bindingPath":{"propertyPath":"NO","modelName":"catalogModel"}},"wdio_ui5_key":"etmportal.ui.managehandovers.view.DetailExecuteHOsap.m.Text{\"propertyPath\":\"NO\",\"modelName\":\"catalogModel\"}"}]}
RESULT: {}
RESULT: {"script":"<script> [1562 bytes]","args":[{"selector":{"controlType":"sap.m.Text","viewName":"etm.portal.ui.managehandovers.view.DetailExecuteHO","bindingPath":{"propertyPath":"NO","modelName":"catalogModel"}},"wdio_ui5_key":"etmportal.ui.managehandovers.view.DetailExecuteHOsap.m.Text{\"propertyPath\":\"NO\",\"modelName\":\"catalogModel\"}"}]}
RESULT: undefined
COMMAND: POST /session/6a89fb51866d950e0bc97f386a060562/execute/async - {"script":"<script> [6424 bytes]","args":[{"element-6066-11e4-a52e-4f735466cecf":"f.A6EC5B81BA07351D57539A0094149B7C.d.7FF97DC947BC43E840B001705BCC4DF4.e.16433"},"getText",[]]}
RESULT: {"script":"<script> [6424 bytes]","args":[{"element-6066-11e4-a52e-4f735466cecf":"f.A6EC5B81BA07351D57539A0094149B7C.d.7FF97DC947BC43E840B001705BCC4DF4.e.16433"},"getText",[]]}
COMMAND: POST /session/6a89fb51866d950e0bc97f386a060562/execute/async - {"script":"<script> [1562 bytes]","args":[{"selector":{"controlType":"sap.m.Button","viewName":"etm.portal.ui.managehandovers.view.DetailExecuteHO","i18NText":{"propertyName":"text","key":"confirmAll"},"interaction":{"idSuffix":"inner"}},"wdio_ui5_key":"etmportal.ui.managehandovers.view.DetailExecuteHOsap.m.Button{\"propertyName\":\"text\",\"key\":\"confirmAll\"}"}]}
RESULT: {"script":"<script> [1562 bytes]","args":[{"selector":{"controlType":"sap.m.Button","viewName":"etm.portal.ui.managehandovers.view.DetailExecuteHO","i18NText":{"propertyName":"text","key":"confirmAll"},"interaction":{"idSuffix":"inner"}},"wdio_ui5_key":"etmportal.ui.managehandovers.view.DetailExecuteHOsap.m.Button{\"propertyName\":\"text\",\"key\":\"confirmAll\"}"}]}
RESULT: undefined
COMMAND: POST /session/6a89fb51866d950e0bc97f386a060562/element - {"using":"xpath","value":"//*[@id=\"__button250\"]"}
RESULT: {"using":"xpath","value":"//*[@id=\"__button250\"]"}
COMMAND: POST /session/6a89fb51866d950e0bc97f386a060562/element/f.A6EC5B81BA07351D57539A0094149B7C.d.7FF97DC947BC43E840B001705BCC4DF4.e.16435/click - {}
RESULT: {}
COMMAND: GET /session/6a89fb51866d950e0bc97f386a060562/screenshot - {}
RESULT: {}
COMMAND: POST /session/6a89fb51866d950e0bc97f386a060562/execute/async - {"script":"<script> [1562 bytes]","args":[{"selector":{"controlType":"sap.m.Button","properties":{"text":"OK"},"searchOpenDialogs":true,"interaction":{"idSuffix":"content"}},"wdio_ui5_key":"sapm.Button{\"text\":\"OK\"}"}]}
RESULT: {"script":"<script> [1562 bytes]","args":[{"selector":{"controlType":"sap.m.Button","properties":{"text":"OK"},"searchOpenDialogs":true,"interaction":{"idSuffix":"content"}},"wdio_ui5_key":"sapm.Button{\"text\":\"OK\"}"}]}
RESULT: undefined
COMMAND: POST /session/6a89fb51866d950e0bc97f386a060562/element - {"using":"xpath","value":"//*[@id=\"__mbox-btn-2\"]"}
RESULT: {"using":"xpath","value":"//*[@id=\"__mbox-btn-2\"]"}
COMMAND: POST /session/6a89fb51866d950e0bc97f386a060562/element/f.A6EC5B81BA07351D57539A0094149B7C.d.7FF97DC947BC43E840B001705BCC4DF4.e.16437/click - {}
RESULT: {}
COMMAND: GET /session/6a89fb51866d950e0bc97f386a060562/screenshot - {}
RESULT: {}
COMMAND: POST /session/6a89fb51866d950e0bc97f386a060562/element - {"using":"xpath","value":"//button[contains(@data-kt ,\"execHoPickFooterButton\")]"}
RESULT: {"using":"xpath","value":"//button[contains(@data-kt ,\"execHoPickFooterButton\")]"}
COMMAND: POST /session/6a89fb51866d950e0bc97f386a060562/element/f.A6EC5B81BA07351D57539A0094149B7C.d.7FF97DC947BC43E840B001705BCC4DF4.e.16440/click - {}
RESULT: {}
COMMAND: GET /session/6a89fb51866d950e0bc97f386a060562/screenshot - {}
RESULT: {}
COMMAND: POST /session/6a89fb51866d950e0bc97f386a060562/refresh - {}
RESULT: {}
COMMAND: GET /session/6a89fb51866d950e0bc97f386a060562/screenshot - {}
RESULT: {}
COMMAND: POST /session/6a89fb51866d950e0bc97f386a060562/refresh - {}
RESULT: {}
COMMAND: GET /session/6a89fb51866d950e0bc97f386a060562/screenshot - {}
RESULT: {}
COMMAND: POST /session/6a89fb51866d950e0bc97f386a060562/window/fullscreen - {}
RESULT: {}
COMMAND: POST /session/6a89fb51866d950e0bc97f386a060562/execute/async - {"script":"<script> [189 bytes]","args":[]}
RESULT: {"script":"<script> [189 bytes]","args":[]}
COMMAND: POST /session/6a89fb51866d950e0bc97f386a060562/execute/async - {"script":"<script> [123 bytes]","args":[]}
RESULT: {"script":"<script> [123 bytes]","args":[]}
COMMAND: POST /session/6a89fb51866d950e0bc97f386a060562/timeouts - {"script":"<number>"}
RESULT: {"script":"<number>"}
COMMAND: GET /session/6a89fb51866d950e0bc97f386a060562/timeouts - {}
RESULT: {}
RESULT: undefined
COMMAND: POST /session/6a89fb51866d950e0bc97f386a060562/execute/async - {"script":"<script> [2676 bytes]","args":[]}
RESULT: {"script":"<script> [2676 bytes]","args":[]}
COMMAND: POST /session/6a89fb51866d950e0bc97f386a060562/execute/async - {"script":"<script> [2342 bytes]","args":[{"protocol":"http","hostname":"0.0.0.0","path":"/","capabilities":{"browserName":"chrome","goog:chromeOptions":{"binary":"C:\\Program Files\\Google\\Chrome\\Application\\chrome.exe","args":["--start-maximized"]}},"logLevel":"warn","connectionRetryTimeout":120000,"connectionRetryCount":3,"logLevels":{},"enableDirectConnect":true,"strictSSL":true,"_":"65 more keys: [\"cacheDir\",\"port\",\"requestedCapabilities\",\"automationProtocol\",\"baseUrl\",\"waitforInterval\",\"waitforTimeout\",\"onReload\",\"beforeCommand\",\"afterCommand\",\"rootDir\",\"specs\",\"suites\",\"exclude\",\"groupLogsByTestSpec\",\"excludeDriverLogs\",\"bail\",\"framework\",\"reporters\",\"services\",\"maxInstances\",\"maxInstancesPerCapability\",\"injectGlobals\",\"filesToWatch\",\"execArgv\",\"runnerEnv\",\"runner\",\"shard\",\"specFileRetries\",\"specFileRetriesDelay\",\"specFileRetriesDeferred\",\"reporterSyncInterval\",\"reporterSyncTimeout\",\"cucumberFeaturesWithLineNumbers\",\"autoCompileOpts\",\"mochaOpts\",\"jasmineOpts\",\"cucumberOpts\",\"onPrepare\",\"onWorkerStart\",\"onWorkerEnd\",\"before\",\"beforeSession\",\"beforeSuite\",\"beforeHook\",\"beforeTest\",\"afterTest\",\"afterHook\",\"afterSuite\",\"afterSession\",\"after\",\"onComplete\",\"beforeAssertion\",\"afterAssertion\",\"beforeFeature\",\"beforeScenario\",\"beforeStep\",\"afterStep\",\"afterScenario\",\"afterFeature\",\"_\",\"suite\",\"$0\",\"ignoredWorkerServices\",\"wdi5\"]"}]}
RESULT: {"script":"<script> [2342 bytes]","args":[{"protocol":"http","hostname":"0.0.0.0","path":"/","capabilities":{"browserName":"chrome","goog:chromeOptions":{"binary":"C:\\Program Files\\Google\\Chrome\\Application\\chrome.exe","args":["--start-maximized"]}},"logLevel":"warn","connectionRetryTimeout":120000,"connectionRetryCount":3,"logLevels":{},"enableDirectConnect":true,"strictSSL":true,"_":"65 more keys: [\"cacheDir\",\"port\",\"requestedCapabilities\",\"automationProtocol\",\"baseUrl\",\"waitforInterval\",\"waitforTimeout\",\"onReload\",\"beforeCommand\",\"afterCommand\",\"rootDir\",\"specs\",\"suites\",\"exclude\",\"groupLogsByTestSpec\",\"excludeDriverLogs\",\"bail\",\"framework\",\"reporters\",\"services\",\"maxInstances\",\"maxInstancesPerCapability\",\"injectGlobals\",\"filesToWatch\",\"execArgv\",\"runnerEnv\",\"runner\",\"shard\",\"specFileRetries\",\"specFileRetriesDelay\",\"specFileRetriesDeferred\",\"reporterSyncInterval\",\"reporterSyncTimeout\",\"cucumberFeaturesWithLineNumbers\",\"autoCompileOpts\",\"mochaOpts\",\"jasmineOpts\",\"cucumberOpts\",\"onPrepare\",\"onWorkerStart\",\"onWorkerEnd\",\"before\",\"beforeSession\",\"beforeSuite\",\"beforeHook\",\"beforeTest\",\"afterTest\",\"afterHook\",\"afterSuite\",\"afterSession\",\"after\",\"onComplete\",\"beforeAssertion\",\"afterAssertion\",\"beforeFeature\",\"beforeScenario\",\"beforeStep\",\"afterStep\",\"afterScenario\",\"afterFeature\",\"_\",\"suite\",\"$0\",\"ignoredWorkerServices\",\"wdi5\"]"}]}
COMMAND: POST /session/6a89fb51866d950e0bc97f386a060562/execute/async - {"script":"<script> [21126 bytes]","args":[35000]}
RESULT: {"script":"<script> [21126 bytes]","args":[35000]}
COMMAND: POST /session/6a89fb51866d950e0bc97f386a060562/execute/async - {"script":"<script> [1562 bytes]","args":[{"selector":{"controlType":"sap.m.SearchField","viewName":"etm.portal.ui.managehandovers.view.MasterHO","bindingPath":{"path":"","propertyPath":"/_BASIC_SEARCH_FIELD","modelName":"fi1t3rM0d31"},"interaction":{"idSuffix":"I"}},"wdio_ui5_key":"etmportal.ui.managehandovers.view.MasterHOsap.m.SearchField{\"path\":\"\",\"propertyPath\":\"/_BASIC_SEARCH_FIELD\",\"modelName\":\"fi1t3rM0d31\"}"}]}
RESULT: {"script":"<script> [1562 bytes]","args":[{"selector":{"controlType":"sap.m.SearchField","viewName":"etm.portal.ui.managehandovers.view.MasterHO","bindingPath":{"path":"","propertyPath":"/_BASIC_SEARCH_FIELD","modelName":"fi1t3rM0d31"},"interaction":{"idSuffix":"I"}},"wdio_ui5_key":"etmportal.ui.managehandovers.view.MasterHOsap.m.SearchField{\"path\":\"\",\"propertyPath\":\"/_BASIC_SEARCH_FIELD\",\"modelName\":\"fi1t3rM0d31\"}"}]}
RESULT: undefined
COMMAND: POST /session/6a89fb51866d950e0bc97f386a060562/execute/async - {"script":"<script> [776 bytes]","args":[{"enterText":"30909","selector":{"controlType":"sap.m.SearchField","viewName":"etm.portal.ui.managehandovers.view.MasterHO","bindingPath":{"path":"","propertyPath":"/_BASIC_SEARCH_FIELD","modelName":"fi1t3rM0d31"},"interaction":{"idSuffix":"I"}},"clearTextFirst":true,"interactionType":"ENTER_TEXT"}]}
RESULT: {"script":"<script> [776 bytes]","args":[{"enterText":"30909","selector":{"controlType":"sap.m.SearchField","viewName":"etm.portal.ui.managehandovers.view.MasterHO","bindingPath":{"path":"","propertyPath":"/_BASIC_SEARCH_FIELD","modelName":"fi1t3rM0d31"},"interaction":{"idSuffix":"I"}},"clearTextFirst":true,"interactionType":"ENTER_TEXT"}]}
COMMAND: POST /session/6a89fb51866d950e0bc97f386a060562/actions - {"actions":[{"id":"action82","type":"key","parameters":{},"actions":[{"type":"keyDown","value":"î€‡"},{"type":"pause","duration":10},{"type":"keyUp","value":"î€‡"}]}]}
RESULT: {"actions":[{"id":"action82","type":"key","parameters":{},"actions":[{"type":"keyDown","value":"î€‡"},{"type":"pause","duration":10},{"type":"keyUp","value":"î€‡"}]}]}
COMMAND: GET /session/6a89fb51866d950e0bc97f386a060562/screenshot - {}
RESULT: {}
COMMAND: POST /session/6a89fb51866d950e0bc97f386a060562/execute/async - {"script":"<script> [1562 bytes]","args":[{"selector":{"controlType":"sap.m.Title","viewName":"etm.portal.ui.managehandovers.view.MasterHO","properties":{"text":"Records (1)"}},"wdio_ui5_key":"etmportal.ui.managehandovers.view.MasterHOsap.m.Title{\"text\":\"Records (1)\"}"}]}
RESULT: {"script":"<script> [1562 bytes]","args":[{"selector":{"controlType":"sap.m.Title","viewName":"etm.portal.ui.managehandovers.view.MasterHO","properties":{"text":"Records (1)"}},"wdio_ui5_key":"etmportal.ui.managehandovers.view.MasterHOsap.m.Title{\"text\":\"Records (1)\"}"}]}
RESULT: undefined
COMMAND: POST /session/6a89fb51866d950e0bc97f386a060562/execute/async - {"script":"<script> [6424 bytes]","args":[{"element-6066-11e4-a52e-4f735466cecf":"f.A6EC5B81BA07351D57539A0094149B7C.d.9B7FEED35EC528059E44DC25D74D07A8.e.16784"},"getText",[]]}
RESULT: {"script":"<script> [6424 bytes]","args":[{"element-6066-11e4-a52e-4f735466cecf":"f.A6EC5B81BA07351D57539A0094149B7C.d.9B7FEED35EC528059E44DC25D74D07A8.e.16784"},"getText",[]]}
COMMAND: POST /session/6a89fb51866d950e0bc97f386a060562/execute/async - {"script":"<script> [1562 bytes]","args":[{"selector":{"controlType":"sap.ui.core.Icon","viewName":"etm.portal.ui.managehandovers.view.MasterHO","properties":{"src":{"regex":{"source":"slim\\-arrow\\-right"}}}},"wdio_ui5_key":"etmportal.ui.managehandovers.view.MasterHOsap.ui.core.Icon{\"src\":{\"regex\":{\"source\":\"slim\\\\-arrow\\\\-right\"}}}"}]}
RESULT: {"script":"<script> [1562 bytes]","args":[{"selector":{"controlType":"sap.ui.core.Icon","viewName":"etm.portal.ui.managehandovers.view.MasterHO","properties":{"src":{"regex":{"source":"slim\\-arrow\\-right"}}}},"wdio_ui5_key":"etmportal.ui.managehandovers.view.MasterHOsap.ui.core.Icon{\"src\":{\"regex\":{\"source\":\"slim\\\\-arrow\\\\-right\"}}}"}]}
RESULT: undefined
COMMAND: POST /session/6a89fb51866d950e0bc97f386a060562/element - {"using":"xpath","value":"//*[@id=\"__item30-__clone16-imgNav\"]"}
RESULT: {"using":"xpath","value":"//*[@id=\"__item30-__clone16-imgNav\"]"}
COMMAND: POST /session/6a89fb51866d950e0bc97f386a060562/element/f.A6EC5B81BA07351D57539A0094149B7C.d.9B7FEED35EC528059E44DC25D74D07A8.e.16783/click - {}
RESULT: {}
COMMAND: GET /session/6a89fb51866d950e0bc97f386a060562/screenshot - {}
RESULT: {}
COMMAND: POST /session/6a89fb51866d950e0bc97f386a060562/element - {"using":"xpath","value":"//a[contains(@data-kt ,\"GeneralSectionReceiveContracttLink\")]"}
RESULT: {"using":"xpath","value":"//a[contains(@data-kt ,\"GeneralSectionReceiveContracttLink\")]"}
COMMAND: POST /session/6a89fb51866d950e0bc97f386a060562/element/f.A6EC5B81BA07351D57539A0094149B7C.d.9B7FEED35EC528059E44DC25D74D07A8.e.16873/click - {}
RESULT: {}
COMMAND: GET /session/6a89fb51866d950e0bc97f386a060562/screenshot - {}
RESULT: {}
COMMAND: POST /session/6a89fb51866d950e0bc97f386a060562/element - {"using":"xpath","value":"//a[contains(@data-kt ,\"ContextMenuId2Link\")]"}
RESULT: {"using":"xpath","value":"//a[contains(@data-kt ,\"ContextMenuId2Link\")]"}
COMMAND: POST /session/6a89fb51866d950e0bc97f386a060562/element/f.A6EC5B81BA07351D57539A0094149B7C.d.9B7FEED35EC528059E44DC25D74D07A8.e.16887/click - {}
RESULT: {}
COMMAND: GET /session/6a89fb51866d950e0bc97f386a060562/screenshot - {}
RESULT: {}
COMMAND: POST /session/6a89fb51866d950e0bc97f386a060562/execute/async - {"script":"<script> [1562 bytes]","args":[{"selector":{"controlType":"sap.m.ObjectStatus","viewName":"etm.portal.ui.managecontracts.view.Detail","bindingPath":{"propertyPath":"LINK_TO_LOGISTICAL_STATUS/DESCRIPTION","modelName":"catalogModel"}},"wdio_ui5_key":"etmportal.ui.managecontracts.view.Detailsap.m.ObjectStatus{\"propertyPath\":\"LINK_TO_LOGISTICAL_STATUS/DESCRIPTION\",\"modelName\":\"catalogModel\"}"}]}
RESULT: {"script":"<script> [1562 bytes]","args":[{"selector":{"controlType":"sap.m.ObjectStatus","viewName":"etm.portal.ui.managecontracts.view.Detail","bindingPath":{"propertyPath":"LINK_TO_LOGISTICAL_STATUS/DESCRIPTION","modelName":"catalogModel"}},"wdio_ui5_key":"etmportal.ui.managecontracts.view.Detailsap.m.ObjectStatus{\"propertyPath\":\"LINK_TO_LOGISTICAL_STATUS/DESCRIPTION\",\"modelName\":\"catalogModel\"}"}]}
RESULT: undefined
COMMAND: POST /session/6a89fb51866d950e0bc97f386a060562/execute/async - {"script":"<script> [6424 bytes]","args":[{"element-6066-11e4-a52e-4f735466cecf":"f.A6EC5B81BA07351D57539A0094149B7C.d.9B7FEED35EC528059E44DC25D74D07A8.e.17118"},"getText",[]]}
RESULT: {"script":"<script> [6424 bytes]","args":[{"element-6066-11e4-a52e-4f735466cecf":"f.A6EC5B81BA07351D57539A0094149B7C.d.9B7FEED35EC528059E44DC25D74D07A8.e.17118"},"getText",[]]}
COMMAND: POST /session/6a89fb51866d950e0bc97f386a060562/execute/async - {"script":"<script> [1562 bytes]","args":[{"selector":{"controlType":"sap.m.ObjectStatus","viewName":"etm.portal.ui.managecontracts.view.Detail","bindingPath":{"propertyPath":"LINK_TO_COMMERCIAL_STATUS/DESCRIPTION","modelName":"catalogModel"}},"wdio_ui5_key":"etmportal.ui.managecontracts.view.Detailsap.m.ObjectStatus{\"propertyPath\":\"LINK_TO_COMMERCIAL_STATUS/DESCRIPTION\",\"modelName\":\"catalogModel\"}"}]}
RESULT: {"script":"<script> [1562 bytes]","args":[{"selector":{"controlType":"sap.m.ObjectStatus","viewName":"etm.portal.ui.managecontracts.view.Detail","bindingPath":{"propertyPath":"LINK_TO_COMMERCIAL_STATUS/DESCRIPTION","modelName":"catalogModel"}},"wdio_ui5_key":"etmportal.ui.managecontracts.view.Detailsap.m.ObjectStatus{\"propertyPath\":\"LINK_TO_COMMERCIAL_STATUS/DESCRIPTION\",\"modelName\":\"catalogModel\"}"}]}
RESULT: undefined
COMMAND: POST /session/6a89fb51866d950e0bc97f386a060562/execute/async - {"script":"<script> [6424 bytes]","args":[{"element-6066-11e4-a52e-4f735466cecf":"f.A6EC5B81BA07351D57539A0094149B7C.d.9B7FEED35EC528059E44DC25D74D07A8.e.17119"},"getText",[]]}
RESULT: {"script":"<script> [6424 bytes]","args":[{"element-6066-11e4-a52e-4f735466cecf":"f.A6EC5B81BA07351D57539A0094149B7C.d.9B7FEED35EC528059E44DC25D74D07A8.e.17119"},"getText",[]]}
COMMAND: POST /session/6a89fb51866d950e0bc97f386a060562/execute/async - {"script":"<script> [1562 bytes]","args":[{"selector":{"id":"backBtn"},"wdio_ui5_key":"backBtn"}]}
RESULT: {"script":"<script> [1562 bytes]","args":[{"selector":{"id":"backBtn"},"wdio_ui5_key":"backBtn"}]}
RESULT: undefined
COMMAND: POST /session/6a89fb51866d950e0bc97f386a060562/element - {"using":"xpath","value":"//*[@id=\"backBtn\"]"}
RESULT: {"using":"xpath","value":"//*[@id=\"backBtn\"]"}
COMMAND: POST /session/6a89fb51866d950e0bc97f386a060562/element/f.A6EC5B81BA07351D57539A0094149B7C.d.9B7FEED35EC528059E44DC25D74D07A8.e.17120/click - {}
RESULT: {}
COMMAND: GET /session/6a89fb51866d950e0bc97f386a060562/screenshot - {}
COMMAND: POST /session/6a89fb51866d950e0bc97f386a060562/execute/async - {"script":"<script> [1562 bytes]","args":[{"selector":{"controlType":"sap.m.Button","viewName":"etm.portal.ui.managehandovers.view.DetailExecuteHO","i18NText":{"propertyName":"text","key":"confirmAll"},"interaction":{"idSuffix":"BDI-content"}},"wdio_ui5_key":"etmportal.ui.managehandovers.view.DetailExecuteHOsap.m.Button{\"propertyName\":\"text\",\"key\":\"confirmAll\"}"}]}
RESULT: {}
RESULT: {"script":"<script> [1562 bytes]","args":[{"selector":{"controlType":"sap.m.Button","viewName":"etm.portal.ui.managehandovers.view.DetailExecuteHO","i18NText":{"propertyName":"text","key":"confirmAll"},"interaction":{"idSuffix":"BDI-content"}},"wdio_ui5_key":"etmportal.ui.managehandovers.view.DetailExecuteHOsap.m.Button{\"propertyName\":\"text\",\"key\":\"confirmAll\"}"}]}
RESULT: undefined
COMMAND: POST /session/6a89fb51866d950e0bc97f386a060562/element - {"using":"xpath","value":"//*[@id=\"__button84\"]"}
RESULT: {"using":"xpath","value":"//*[@id=\"__button84\"]"}
COMMAND: POST /session/6a89fb51866d950e0bc97f386a060562/element/f.A6EC5B81BA07351D57539A0094149B7C.d.9B7FEED35EC528059E44DC25D74D07A8.e.17438/click - {}
RESULT: {}
COMMAND: GET /session/6a89fb51866d950e0bc97f386a060562/screenshot - {}
RESULT: {}
COMMAND: POST /session/6a89fb51866d950e0bc97f386a060562/execute/async - {"script":"<script> [1562 bytes]","args":[{"selector":{"controlType":"sap.m.Button","properties":{"text":"OK"},"searchOpenDialogs":true,"interaction":{"idSuffix":"inner"}},"wdio_ui5_key":"sapm.Button{\"text\":\"OK\"}"}]}
RESULT: {"script":"<script> [1562 bytes]","args":[{"selector":{"controlType":"sap.m.Button","properties":{"text":"OK"},"searchOpenDialogs":true,"interaction":{"idSuffix":"inner"}},"wdio_ui5_key":"sapm.Button{\"text\":\"OK\"}"}]}
RESULT: undefined
COMMAND: POST /session/6a89fb51866d950e0bc97f386a060562/element - {"using":"xpath","value":"//*[@id=\"__mbox-btn-0\"]"}
RESULT: {"using":"xpath","value":"//*[@id=\"__mbox-btn-0\"]"}
COMMAND: POST /session/6a89fb51866d950e0bc97f386a060562/element/f.A6EC5B81BA07351D57539A0094149B7C.d.9B7FEED35EC528059E44DC25D74D07A8.e.17442/click - {}
RESULT: {}
COMMAND: GET /session/6a89fb51866d950e0bc97f386a060562/screenshot - {}
RESULT: {}
COMMAND: POST /session/6a89fb51866d950e0bc97f386a060562/element - {"using":"xpath","value":"//button[contains(@data-kt ,\"execHoIssueFooterButton\")]"}
RESULT: {"using":"xpath","value":"//button[contains(@data-kt ,\"execHoIssueFooterButton\")]"}
COMMAND: POST /session/6a89fb51866d950e0bc97f386a060562/element/f.A6EC5B81BA07351D57539A0094149B7C.d.9B7FEED35EC528059E44DC25D74D07A8.e.17445/click - {}
RESULT: {}
COMMAND: GET /session/6a89fb51866d950e0bc97f386a060562/screenshot - {}
RESULT: {}
COMMAND: POST /session/6a89fb51866d950e0bc97f386a060562/refresh - {}
RESULT: {}
COMMAND: GET /session/6a89fb51866d950e0bc97f386a060562/screenshot - {}
RESULT: {}
COMMAND: POST /session/6a89fb51866d950e0bc97f386a060562/refresh - {}
RESULT: {}
COMMAND: GET /session/6a89fb51866d950e0bc97f386a060562/screenshot - {}
RESULT: {}
COMMAND: POST /session/6a89fb51866d950e0bc97f386a060562/window/fullscreen - {}
RESULT: {}
COMMAND: POST /session/6a89fb51866d950e0bc97f386a060562/execute/async - {"script":"<script> [189 bytes]","args":[]}
RESULT: {"script":"<script> [189 bytes]","args":[]}
COMMAND: POST /session/6a89fb51866d950e0bc97f386a060562/execute/async - {"script":"<script> [123 bytes]","args":[]}
RESULT: {"script":"<script> [123 bytes]","args":[]}
COMMAND: POST /session/6a89fb51866d950e0bc97f386a060562/timeouts - {"script":"<number>"}
RESULT: {"script":"<number>"}
COMMAND: GET /session/6a89fb51866d950e0bc97f386a060562/timeouts - {}
RESULT: {}
RESULT: undefined
COMMAND: POST /session/6a89fb51866d950e0bc97f386a060562/execute/async - {"script":"<script> [2676 bytes]","args":[]}
RESULT: {"script":"<script> [2676 bytes]","args":[]}
COMMAND: POST /session/6a89fb51866d950e0bc97f386a060562/execute/async - {"script":"<script> [2342 bytes]","args":[{"protocol":"http","hostname":"0.0.0.0","path":"/","capabilities":{"browserName":"chrome","goog:chromeOptions":{"binary":"C:\\Program Files\\Google\\Chrome\\Application\\chrome.exe","args":["--start-maximized"]}},"logLevel":"warn","connectionRetryTimeout":120000,"connectionRetryCount":3,"logLevels":{},"enableDirectConnect":true,"strictSSL":true,"_":"65 more keys: [\"cacheDir\",\"port\",\"requestedCapabilities\",\"automationProtocol\",\"baseUrl\",\"waitforInterval\",\"waitforTimeout\",\"onReload\",\"beforeCommand\",\"afterCommand\",\"rootDir\",\"specs\",\"suites\",\"exclude\",\"groupLogsByTestSpec\",\"excludeDriverLogs\",\"bail\",\"framework\",\"reporters\",\"services\",\"maxInstances\",\"maxInstancesPerCapability\",\"injectGlobals\",\"filesToWatch\",\"execArgv\",\"runnerEnv\",\"runner\",\"shard\",\"specFileRetries\",\"specFileRetriesDelay\",\"specFileRetriesDeferred\",\"reporterSyncInterval\",\"reporterSyncTimeout\",\"cucumberFeaturesWithLineNumbers\",\"autoCompileOpts\",\"mochaOpts\",\"jasmineOpts\",\"cucumberOpts\",\"onPrepare\",\"onWorkerStart\",\"onWorkerEnd\",\"before\",\"beforeSession\",\"beforeSuite\",\"beforeHook\",\"beforeTest\",\"afterTest\",\"afterHook\",\"afterSuite\",\"afterSession\",\"after\",\"onComplete\",\"beforeAssertion\",\"afterAssertion\",\"beforeFeature\",\"beforeScenario\",\"beforeStep\",\"afterStep\",\"afterScenario\",\"afterFeature\",\"_\",\"suite\",\"$0\",\"ignoredWorkerServices\",\"wdi5\"]"}]}
RESULT: {"script":"<script> [2342 bytes]","args":[{"protocol":"http","hostname":"0.0.0.0","path":"/","capabilities":{"browserName":"chrome","goog:chromeOptions":{"binary":"C:\\Program Files\\Google\\Chrome\\Application\\chrome.exe","args":["--start-maximized"]}},"logLevel":"warn","connectionRetryTimeout":120000,"connectionRetryCount":3,"logLevels":{},"enableDirectConnect":true,"strictSSL":true,"_":"65 more keys: [\"cacheDir\",\"port\",\"requestedCapabilities\",\"automationProtocol\",\"baseUrl\",\"waitforInterval\",\"waitforTimeout\",\"onReload\",\"beforeCommand\",\"afterCommand\",\"rootDir\",\"specs\",\"suites\",\"exclude\",\"groupLogsByTestSpec\",\"excludeDriverLogs\",\"bail\",\"framework\",\"reporters\",\"services\",\"maxInstances\",\"maxInstancesPerCapability\",\"injectGlobals\",\"filesToWatch\",\"execArgv\",\"runnerEnv\",\"runner\",\"shard\",\"specFileRetries\",\"specFileRetriesDelay\",\"specFileRetriesDeferred\",\"reporterSyncInterval\",\"reporterSyncTimeout\",\"cucumberFeaturesWithLineNumbers\",\"autoCompileOpts\",\"mochaOpts\",\"jasmineOpts\",\"cucumberOpts\",\"onPrepare\",\"onWorkerStart\",\"onWorkerEnd\",\"before\",\"beforeSession\",\"beforeSuite\",\"beforeHook\",\"beforeTest\",\"afterTest\",\"afterHook\",\"afterSuite\",\"afterSession\",\"after\",\"onComplete\",\"beforeAssertion\",\"afterAssertion\",\"beforeFeature\",\"beforeScenario\",\"beforeStep\",\"afterStep\",\"afterScenario\",\"afterFeature\",\"_\",\"suite\",\"$0\",\"ignoredWorkerServices\",\"wdi5\"]"}]}
COMMAND: POST /session/6a89fb51866d950e0bc97f386a060562/execute/async - {"script":"<script> [21126 bytes]","args":[35000]}
RESULT: {"script":"<script> [21126 bytes]","args":[35000]}
COMMAND: POST /session/6a89fb51866d950e0bc97f386a060562/execute/async - {"script":"<script> [1562 bytes]","args":[{"selector":{"controlType":"sap.m.SearchField","viewName":"etm.portal.ui.managehandovers.view.MasterHO","bindingPath":{"path":"","propertyPath":"/_BASIC_SEARCH_FIELD","modelName":"fi1t3rM0d31"},"interaction":{"idSuffix":"I"}},"wdio_ui5_key":"etmportal.ui.managehandovers.view.MasterHOsap.m.SearchField{\"path\":\"\",\"propertyPath\":\"/_BASIC_SEARCH_FIELD\",\"modelName\":\"fi1t3rM0d31\"}"}]}
RESULT: {"script":"<script> [1562 bytes]","args":[{"selector":{"controlType":"sap.m.SearchField","viewName":"etm.portal.ui.managehandovers.view.MasterHO","bindingPath":{"path":"","propertyPath":"/_BASIC_SEARCH_FIELD","modelName":"fi1t3rM0d31"},"interaction":{"idSuffix":"I"}},"wdio_ui5_key":"etmportal.ui.managehandovers.view.MasterHOsap.m.SearchField{\"path\":\"\",\"propertyPath\":\"/_BASIC_SEARCH_FIELD\",\"modelName\":\"fi1t3rM0d31\"}"}]}
RESULT: undefined
COMMAND: POST /session/6a89fb51866d950e0bc97f386a060562/execute/async - {"script":"<script> [776 bytes]","args":[{"enterText":"30909","selector":{"controlType":"sap.m.SearchField","viewName":"etm.portal.ui.managehandovers.view.MasterHO","bindingPath":{"path":"","propertyPath":"/_BASIC_SEARCH_FIELD","modelName":"fi1t3rM0d31"},"interaction":{"idSuffix":"I"}},"clearTextFirst":true,"interactionType":"ENTER_TEXT"}]}
RESULT: {"script":"<script> [776 bytes]","args":[{"enterText":"30909","selector":{"controlType":"sap.m.SearchField","viewName":"etm.portal.ui.managehandovers.view.MasterHO","bindingPath":{"path":"","propertyPath":"/_BASIC_SEARCH_FIELD","modelName":"fi1t3rM0d31"},"interaction":{"idSuffix":"I"}},"clearTextFirst":true,"interactionType":"ENTER_TEXT"}]}
COMMAND: POST /session/6a89fb51866d950e0bc97f386a060562/actions - {"actions":[{"id":"action83","type":"key","parameters":{},"actions":[{"type":"keyDown","value":"î€‡"},{"type":"pause","duration":10},{"type":"keyUp","value":"î€‡"}]}]}
RESULT: {"actions":[{"id":"action83","type":"key","parameters":{},"actions":[{"type":"keyDown","value":"î€‡"},{"type":"pause","duration":10},{"type":"keyUp","value":"î€‡"}]}]}
COMMAND: GET /session/6a89fb51866d950e0bc97f386a060562/screenshot - {}
RESULT: {}
COMMAND: POST /session/6a89fb51866d950e0bc97f386a060562/execute/async - {"script":"<script> [1562 bytes]","args":[{"selector":{"controlType":"sap.m.Title","viewName":"etm.portal.ui.managehandovers.view.MasterHO","properties":{"text":"Records (1)"}},"wdio_ui5_key":"etmportal.ui.managehandovers.view.MasterHOsap.m.Title{\"text\":\"Records (1)\"}"}]}
RESULT: {"script":"<script> [1562 bytes]","args":[{"selector":{"controlType":"sap.m.Title","viewName":"etm.portal.ui.managehandovers.view.MasterHO","properties":{"text":"Records (1)"}},"wdio_ui5_key":"etmportal.ui.managehandovers.view.MasterHOsap.m.Title{\"text\":\"Records (1)\"}"}]}
RESULT: undefined
COMMAND: POST /session/6a89fb51866d950e0bc97f386a060562/execute/async - {"script":"<script> [6424 bytes]","args":[{"element-6066-11e4-a52e-4f735466cecf":"f.A6EC5B81BA07351D57539A0094149B7C.d.C2429890315446457878EFA464A95616.e.17731"},"getText",[]]}
RESULT: {"script":"<script> [6424 bytes]","args":[{"element-6066-11e4-a52e-4f735466cecf":"f.A6EC5B81BA07351D57539A0094149B7C.d.C2429890315446457878EFA464A95616.e.17731"},"getText",[]]}
COMMAND: POST /session/6a89fb51866d950e0bc97f386a060562/execute/async - {"script":"<script> [1562 bytes]","args":[{"selector":{"controlType":"sap.ui.core.Icon","viewName":"etm.portal.ui.managehandovers.view.MasterHO","properties":{"src":{"regex":{"source":"slim\\-arrow\\-right"}}}},"wdio_ui5_key":"etmportal.ui.managehandovers.view.MasterHOsap.ui.core.Icon{\"src\":{\"regex\":{\"source\":\"slim\\\\-arrow\\\\-right\"}}}"}]}
RESULT: {"script":"<script> [1562 bytes]","args":[{"selector":{"controlType":"sap.ui.core.Icon","viewName":"etm.portal.ui.managehandovers.view.MasterHO","properties":{"src":{"regex":{"source":"slim\\-arrow\\-right"}}}},"wdio_ui5_key":"etmportal.ui.managehandovers.view.MasterHOsap.ui.core.Icon{\"src\":{\"regex\":{\"source\":\"slim\\\\-arrow\\\\-right\"}}}"}]}
RESULT: undefined
COMMAND: POST /session/6a89fb51866d950e0bc97f386a060562/element - {"using":"xpath","value":"//*[@id=\"__item30-__clone16-imgNav\"]"}
RESULT: {"using":"xpath","value":"//*[@id=\"__item30-__clone16-imgNav\"]"}
COMMAND: POST /session/6a89fb51866d950e0bc97f386a060562/element/f.A6EC5B81BA07351D57539A0094149B7C.d.C2429890315446457878EFA464A95616.e.17730/click - {}
RESULT: {}
COMMAND: GET /session/6a89fb51866d950e0bc97f386a060562/screenshot - {}
RESULT: {}
COMMAND: POST /session/6a89fb51866d950e0bc97f386a060562/execute/async - {"script":"<script> [1562 bytes]","args":[{"selector":{"controlType":"sap.m.ObjectStatus","viewName":"etm.portal.ui.managehandovers.view.DetailExecuteHO","labelFor":{"text":"Status"}},"wdio_ui5_key":"etmportal.ui.managehandovers.view.DetailExecuteHOsap.m.ObjectStatus{\"text\":\"Status\"}"}]}
RESULT: {"script":"<script> [1562 bytes]","args":[{"selector":{"controlType":"sap.m.ObjectStatus","viewName":"etm.portal.ui.managehandovers.view.DetailExecuteHO","labelFor":{"text":"Status"}},"wdio_ui5_key":"etmportal.ui.managehandovers.view.DetailExecuteHOsap.m.ObjectStatus{\"text\":\"Status\"}"}]}
RESULT: undefined
COMMAND: POST /session/6a89fb51866d950e0bc97f386a060562/execute/async - {"script":"<script> [6424 bytes]","args":[{"element-6066-11e4-a52e-4f735466cecf":"f.A6EC5B81BA07351D57539A0094149B7C.d.C2429890315446457878EFA464A95616.e.17832"},"getText",[]]}
RESULT: {"script":"<script> [6424 bytes]","args":[{"element-6066-11e4-a52e-4f735466cecf":"f.A6EC5B81BA07351D57539A0094149B7C.d.C2429890315446457878EFA464A95616.e.17832"},"getText",[]]}
COMMAND: POST /session/6a89fb51866d950e0bc97f386a060562/execute/async - {"script":"<script> [1562 bytes]","args":[{"selector":{"controlType":"sap.m.Button","viewName":"etm.portal.ui.managehandovers.view.DetailExecuteHO","i18NText":{"propertyName":"text","key":"confirmAll"},"interaction":{"idSuffix":"BDI-content"}},"wdio_ui5_key":"etmportal.ui.managehandovers.view.DetailExecuteHOsap.m.Button{\"propertyName\":\"text\",\"key\":\"confirmAll\"}"}]}
RESULT: {"script":"<script> [1562 bytes]","args":[{"selector":{"controlType":"sap.m.Button","viewName":"etm.portal.ui.managehandovers.view.DetailExecuteHO","i18NText":{"propertyName":"text","key":"confirmAll"},"interaction":{"idSuffix":"BDI-content"}},"wdio_ui5_key":"etmportal.ui.managehandovers.view.DetailExecuteHOsap.m.Button{\"propertyName\":\"text\",\"key\":\"confirmAll\"}"}]}
RESULT: undefined
COMMAND: POST /session/6a89fb51866d950e0bc97f386a060562/element - {"using":"xpath","value":"//*[@id=\"__button30\"]"}
RESULT: {"using":"xpath","value":"//*[@id=\"__button30\"]"}
COMMAND: POST /session/6a89fb51866d950e0bc97f386a060562/element/f.A6EC5B81BA07351D57539A0094149B7C.d.C2429890315446457878EFA464A95616.e.17835/click - {}
RESULT: {}
COMMAND: GET /session/6a89fb51866d950e0bc97f386a060562/screenshot - {}
RESULT: {}
COMMAND: POST /session/6a89fb51866d950e0bc97f386a060562/execute/async - {"script":"<script> [1562 bytes]","args":[{"selector":{"controlType":"sap.m.Button","properties":{"text":"OK"},"searchOpenDialogs":true,"interaction":{"idSuffix":"BDI-content"}},"wdio_ui5_key":"sapm.Button{\"text\":\"OK\"}"}]}
RESULT: {"script":"<script> [1562 bytes]","args":[{"selector":{"controlType":"sap.m.Button","properties":{"text":"OK"},"searchOpenDialogs":true,"interaction":{"idSuffix":"BDI-content"}},"wdio_ui5_key":"sapm.Button{\"text\":\"OK\"}"}]}
RESULT: undefined
COMMAND: POST /session/6a89fb51866d950e0bc97f386a060562/element - {"using":"xpath","value":"//*[@id=\"__mbox-btn-0\"]"}
RESULT: {"using":"xpath","value":"//*[@id=\"__mbox-btn-0\"]"}
COMMAND: POST /session/6a89fb51866d950e0bc97f386a060562/element/f.A6EC5B81BA07351D57539A0094149B7C.d.C2429890315446457878EFA464A95616.e.17836/click - {}
RESULT: {}
COMMAND: GET /session/6a89fb51866d950e0bc97f386a060562/screenshot - {}
RESULT: {}
COMMAND: POST /session/6a89fb51866d950e0bc97f386a060562/element - {"using":"xpath","value":"//button[contains(@data-kt ,\"execHoReceiveFooterButton\")]"}
RESULT: {"using":"xpath","value":"//button[contains(@data-kt ,\"execHoReceiveFooterButton\")]"}
COMMAND: POST /session/6a89fb51866d950e0bc97f386a060562/element/f.A6EC5B81BA07351D57539A0094149B7C.d.C2429890315446457878EFA464A95616.e.17787/click - {}
RESULT: {}
COMMAND: GET /session/6a89fb51866d950e0bc97f386a060562/screenshot - {}
RESULT: {}
COMMAND: POST /session/6a89fb51866d950e0bc97f386a060562/refresh - {}
RESULT: {}
COMMAND: GET /session/6a89fb51866d950e0bc97f386a060562/screenshot - {}
RESULT: {}
COMMAND: POST /session/6a89fb51866d950e0bc97f386a060562/refresh - {}
RESULT: {}
COMMAND: GET /session/6a89fb51866d950e0bc97f386a060562/screenshot - {}
RESULT: {}
COMMAND: POST /session/6a89fb51866d950e0bc97f386a060562/window/fullscreen - {}
RESULT: {}
COMMAND: POST /session/6a89fb51866d950e0bc97f386a060562/execute/async - {"script":"<script> [189 bytes]","args":[]}
RESULT: {"script":"<script> [189 bytes]","args":[]}
COMMAND: POST /session/6a89fb51866d950e0bc97f386a060562/execute/async - {"script":"<script> [123 bytes]","args":[]}
RESULT: {"script":"<script> [123 bytes]","args":[]}
COMMAND: POST /session/6a89fb51866d950e0bc97f386a060562/timeouts - {"script":"<number>"}
RESULT: {"script":"<number>"}
COMMAND: GET /session/6a89fb51866d950e0bc97f386a060562/timeouts - {}
RESULT: {}
RESULT: undefined
COMMAND: POST /session/6a89fb51866d950e0bc97f386a060562/execute/async - {"script":"<script> [2676 bytes]","args":[]}
RESULT: {"script":"<script> [2676 bytes]","args":[]}
COMMAND: POST /session/6a89fb51866d950e0bc97f386a060562/execute/async - {"script":"<script> [2342 bytes]","args":[{"protocol":"http","hostname":"0.0.0.0","path":"/","capabilities":{"browserName":"chrome","goog:chromeOptions":{"binary":"C:\\Program Files\\Google\\Chrome\\Application\\chrome.exe","args":["--start-maximized"]}},"logLevel":"warn","connectionRetryTimeout":120000,"connectionRetryCount":3,"logLevels":{},"enableDirectConnect":true,"strictSSL":true,"_":"65 more keys: [\"cacheDir\",\"port\",\"requestedCapabilities\",\"automationProtocol\",\"baseUrl\",\"waitforInterval\",\"waitforTimeout\",\"onReload\",\"beforeCommand\",\"afterCommand\",\"rootDir\",\"specs\",\"suites\",\"exclude\",\"groupLogsByTestSpec\",\"excludeDriverLogs\",\"bail\",\"framework\",\"reporters\",\"services\",\"maxInstances\",\"maxInstancesPerCapability\",\"injectGlobals\",\"filesToWatch\",\"execArgv\",\"runnerEnv\",\"runner\",\"shard\",\"specFileRetries\",\"specFileRetriesDelay\",\"specFileRetriesDeferred\",\"reporterSyncInterval\",\"reporterSyncTimeout\",\"cucumberFeaturesWithLineNumbers\",\"autoCompileOpts\",\"mochaOpts\",\"jasmineOpts\",\"cucumberOpts\",\"onPrepare\",\"onWorkerStart\",\"onWorkerEnd\",\"before\",\"beforeSession\",\"beforeSuite\",\"beforeHook\",\"beforeTest\",\"afterTest\",\"afterHook\",\"afterSuite\",\"afterSession\",\"after\",\"onComplete\",\"beforeAssertion\",\"afterAssertion\",\"beforeFeature\",\"beforeScenario\",\"beforeStep\",\"afterStep\",\"afterScenario\",\"afterFeature\",\"_\",\"suite\",\"$0\",\"ignoredWorkerServices\",\"wdi5\"]"}]}
RESULT: {"script":"<script> [2342 bytes]","args":[{"protocol":"http","hostname":"0.0.0.0","path":"/","capabilities":{"browserName":"chrome","goog:chromeOptions":{"binary":"C:\\Program Files\\Google\\Chrome\\Application\\chrome.exe","args":["--start-maximized"]}},"logLevel":"warn","connectionRetryTimeout":120000,"connectionRetryCount":3,"logLevels":{},"enableDirectConnect":true,"strictSSL":true,"_":"65 more keys: [\"cacheDir\",\"port\",\"requestedCapabilities\",\"automationProtocol\",\"baseUrl\",\"waitforInterval\",\"waitforTimeout\",\"onReload\",\"beforeCommand\",\"afterCommand\",\"rootDir\",\"specs\",\"suites\",\"exclude\",\"groupLogsByTestSpec\",\"excludeDriverLogs\",\"bail\",\"framework\",\"reporters\",\"services\",\"maxInstances\",\"maxInstancesPerCapability\",\"injectGlobals\",\"filesToWatch\",\"execArgv\",\"runnerEnv\",\"runner\",\"shard\",\"specFileRetries\",\"specFileRetriesDelay\",\"specFileRetriesDeferred\",\"reporterSyncInterval\",\"reporterSyncTimeout\",\"cucumberFeaturesWithLineNumbers\",\"autoCompileOpts\",\"mochaOpts\",\"jasmineOpts\",\"cucumberOpts\",\"onPrepare\",\"onWorkerStart\",\"onWorkerEnd\",\"before\",\"beforeSession\",\"beforeSuite\",\"beforeHook\",\"beforeTest\",\"afterTest\",\"afterHook\",\"afterSuite\",\"afterSession\",\"after\",\"onComplete\",\"beforeAssertion\",\"afterAssertion\",\"beforeFeature\",\"beforeScenario\",\"beforeStep\",\"afterStep\",\"afterScenario\",\"afterFeature\",\"_\",\"suite\",\"$0\",\"ignoredWorkerServices\",\"wdi5\"]"}]}
COMMAND: POST /session/6a89fb51866d950e0bc97f386a060562/execute/async - {"script":"<script> [21126 bytes]","args":[35000]}
RESULT: {"script":"<script> [21126 bytes]","args":[35000]}
COMMAND: POST /session/6a89fb51866d950e0bc97f386a060562/execute/async - {"script":"<script> [1562 bytes]","args":[{"selector":{"controlType":"sap.m.SearchField","viewName":"etm.portal.ui.managehandovers.view.MasterHO","bindingPath":{"path":"","propertyPath":"/_BASIC_SEARCH_FIELD","modelName":"fi1t3rM0d31"},"interaction":{"idSuffix":"I"}},"wdio_ui5_key":"etmportal.ui.managehandovers.view.MasterHOsap.m.SearchField{\"path\":\"\",\"propertyPath\":\"/_BASIC_SEARCH_FIELD\",\"modelName\":\"fi1t3rM0d31\"}"}]}
RESULT: {"script":"<script> [1562 bytes]","args":[{"selector":{"controlType":"sap.m.SearchField","viewName":"etm.portal.ui.managehandovers.view.MasterHO","bindingPath":{"path":"","propertyPath":"/_BASIC_SEARCH_FIELD","modelName":"fi1t3rM0d31"},"interaction":{"idSuffix":"I"}},"wdio_ui5_key":"etmportal.ui.managehandovers.view.MasterHOsap.m.SearchField{\"path\":\"\",\"propertyPath\":\"/_BASIC_SEARCH_FIELD\",\"modelName\":\"fi1t3rM0d31\"}"}]}
RESULT: undefined
COMMAND: POST /session/6a89fb51866d950e0bc97f386a060562/execute/async - {"script":"<script> [776 bytes]","args":[{"enterText":"30909","selector":{"controlType":"sap.m.SearchField","viewName":"etm.portal.ui.managehandovers.view.MasterHO","bindingPath":{"path":"","propertyPath":"/_BASIC_SEARCH_FIELD","modelName":"fi1t3rM0d31"},"interaction":{"idSuffix":"I"}},"clearTextFirst":true,"interactionType":"ENTER_TEXT"}]}
RESULT: {"script":"<script> [776 bytes]","args":[{"enterText":"30909","selector":{"controlType":"sap.m.SearchField","viewName":"etm.portal.ui.managehandovers.view.MasterHO","bindingPath":{"path":"","propertyPath":"/_BASIC_SEARCH_FIELD","modelName":"fi1t3rM0d31"},"interaction":{"idSuffix":"I"}},"clearTextFirst":true,"interactionType":"ENTER_TEXT"}]}
COMMAND: POST /session/6a89fb51866d950e0bc97f386a060562/actions - {"actions":[{"id":"action84","type":"key","parameters":{},"actions":[{"type":"keyDown","value":"î€‡"},{"type":"pause","duration":10},{"type":"keyUp","value":"î€‡"}]}]}
RESULT: {"actions":[{"id":"action84","type":"key","parameters":{},"actions":[{"type":"keyDown","value":"î€‡"},{"type":"pause","duration":10},{"type":"keyUp","value":"î€‡"}]}]}
COMMAND: GET /session/6a89fb51866d950e0bc97f386a060562/screenshot - {}
RESULT: {}
COMMAND: POST /session/6a89fb51866d950e0bc97f386a060562/execute/async - {"script":"<script> [1562 bytes]","args":[{"selector":{"controlType":"sap.m.Title","viewName":"etm.portal.ui.managehandovers.view.MasterHO","properties":{"text":"Records (1)"}},"wdio_ui5_key":"etmportal.ui.managehandovers.view.MasterHOsap.m.Title{\"text\":\"Records (1)\"}"}]}
RESULT: {"script":"<script> [1562 bytes]","args":[{"selector":{"controlType":"sap.m.Title","viewName":"etm.portal.ui.managehandovers.view.MasterHO","properties":{"text":"Records (1)"}},"wdio_ui5_key":"etmportal.ui.managehandovers.view.MasterHOsap.m.Title{\"text\":\"Records (1)\"}"}]}
RESULT: undefined
COMMAND: POST /session/6a89fb51866d950e0bc97f386a060562/execute/async - {"script":"<script> [6424 bytes]","args":[{"element-6066-11e4-a52e-4f735466cecf":"f.A6EC5B81BA07351D57539A0094149B7C.d.D9A8A29F3503AAC939F629083DFA0CDD.e.18006"},"getText",[]]}
RESULT: {"script":"<script> [6424 bytes]","args":[{"element-6066-11e4-a52e-4f735466cecf":"f.A6EC5B81BA07351D57539A0094149B7C.d.D9A8A29F3503AAC939F629083DFA0CDD.e.18006"},"getText",[]]}
COMMAND: POST /session/6a89fb51866d950e0bc97f386a060562/execute/async - {"script":"<script> [1562 bytes]","args":[{"selector":{"controlType":"sap.ui.core.Icon","viewName":"etm.portal.ui.managehandovers.view.MasterHO","properties":{"src":{"regex":{"source":"slim\\-arrow\\-right"}}}},"wdio_ui5_key":"etmportal.ui.managehandovers.view.MasterHOsap.ui.core.Icon{\"src\":{\"regex\":{\"source\":\"slim\\\\-arrow\\\\-right\"}}}"}]}
RESULT: {"script":"<script> [1562 bytes]","args":[{"selector":{"controlType":"sap.ui.core.Icon","viewName":"etm.portal.ui.managehandovers.view.MasterHO","properties":{"src":{"regex":{"source":"slim\\-arrow\\-right"}}}},"wdio_ui5_key":"etmportal.ui.managehandovers.view.MasterHOsap.ui.core.Icon{\"src\":{\"regex\":{\"source\":\"slim\\\\-arrow\\\\-right\"}}}"}]}
RESULT: undefined
COMMAND: POST /session/6a89fb51866d950e0bc97f386a060562/element - {"using":"xpath","value":"//*[@id=\"__item30-__clone16-imgNav\"]"}
RESULT: {"using":"xpath","value":"//*[@id=\"__item30-__clone16-imgNav\"]"}
COMMAND: POST /session/6a89fb51866d950e0bc97f386a060562/element/f.A6EC5B81BA07351D57539A0094149B7C.d.D9A8A29F3503AAC939F629083DFA0CDD.e.18005/click - {}
RESULT: {}
COMMAND: GET /session/6a89fb51866d950e0bc97f386a060562/screenshot - {}
RESULT: {}
COMMAND: POST /session/6a89fb51866d950e0bc97f386a060562/execute/async - {"script":"<script> [1562 bytes]","args":[{"selector":{"controlType":"sap.m.ObjectStatus","viewName":"etm.portal.ui.managehandovers.view.DetailManageHO","viewId":"application-managehandovers-display-component---detailManageHO","labelFor":{"text":"Status"}},"wdio_ui5_key":"etmportal.ui.managehandovers.view.DetailManageHOsap.m.ObjectStatus{\"text\":\"Status\"}"}]}
RESULT: {"script":"<script> [1562 bytes]","args":[{"selector":{"controlType":"sap.m.ObjectStatus","viewName":"etm.portal.ui.managehandovers.view.DetailManageHO","viewId":"application-managehandovers-display-component---detailManageHO","labelFor":{"text":"Status"}},"wdio_ui5_key":"etmportal.ui.managehandovers.view.DetailManageHOsap.m.ObjectStatus{\"text\":\"Status\"}"}]}
RESULT: undefined
COMMAND: POST /session/6a89fb51866d950e0bc97f386a060562/execute/async - {"script":"<script> [6424 bytes]","args":[{"element-6066-11e4-a52e-4f735466cecf":"f.A6EC5B81BA07351D57539A0094149B7C.d.D9A8A29F3503AAC939F629083DFA0CDD.e.18100"},"getText",[]]}
RESULT: {"script":"<script> [6424 bytes]","args":[{"element-6066-11e4-a52e-4f735466cecf":"f.A6EC5B81BA07351D57539A0094149B7C.d.D9A8A29F3503AAC939F629083DFA0CDD.e.18100"},"getText",[]]}
COMMAND: POST /session/6a89fb51866d950e0bc97f386a060562/element - {"using":"xpath","value":"//a[contains(@data-kt ,\"GeneralSectionReceiveContracttLink\")]"}
RESULT: {"using":"xpath","value":"//a[contains(@data-kt ,\"GeneralSectionReceiveContracttLink\")]"}
COMMAND: POST /session/6a89fb51866d950e0bc97f386a060562/element/f.A6EC5B81BA07351D57539A0094149B7C.d.D9A8A29F3503AAC939F629083DFA0CDD.e.18103/click - {}
RESULT: {}
COMMAND: GET /session/6a89fb51866d950e0bc97f386a060562/screenshot - {}
RESULT: {}
COMMAND: POST /session/6a89fb51866d950e0bc97f386a060562/element - {"using":"xpath","value":"//a[contains(@data-kt ,\"ContextMenuId2Link\")]"}
RESULT: {"using":"xpath","value":"//a[contains(@data-kt ,\"ContextMenuId2Link\")]"}
COMMAND: POST /session/6a89fb51866d950e0bc97f386a060562/element/f.A6EC5B81BA07351D57539A0094149B7C.d.D9A8A29F3503AAC939F629083DFA0CDD.e.18106/click - {}
RESULT: {}
COMMAND: GET /session/6a89fb51866d950e0bc97f386a060562/screenshot - {}
RESULT: {}
COMMAND: POST /session/6a89fb51866d950e0bc97f386a060562/execute/async - {"script":"<script> [1562 bytes]","args":[{"selector":{"controlType":"sap.m.ObjectStatus","viewName":"etm.portal.ui.managecontracts.view.Detail","bindingPath":{"propertyPath":"LINK_TO_LOGISTICAL_STATUS/DESCRIPTION","modelName":"catalogModel"}},"wdio_ui5_key":"etmportal.ui.managecontracts.view.Detailsap.m.ObjectStatus{\"propertyPath\":\"LINK_TO_LOGISTICAL_STATUS/DESCRIPTION\",\"modelName\":\"catalogModel\"}"}]}
RESULT: {"script":"<script> [1562 bytes]","args":[{"selector":{"controlType":"sap.m.ObjectStatus","viewName":"etm.portal.ui.managecontracts.view.Detail","bindingPath":{"propertyPath":"LINK_TO_LOGISTICAL_STATUS/DESCRIPTION","modelName":"catalogModel"}},"wdio_ui5_key":"etmportal.ui.managecontracts.view.Detailsap.m.ObjectStatus{\"propertyPath\":\"LINK_TO_LOGISTICAL_STATUS/DESCRIPTION\",\"modelName\":\"catalogModel\"}"}]}
RESULT: undefined
COMMAND: POST /session/6a89fb51866d950e0bc97f386a060562/execute/async - {"script":"<script> [6424 bytes]","args":[{"element-6066-11e4-a52e-4f735466cecf":"f.A6EC5B81BA07351D57539A0094149B7C.d.D9A8A29F3503AAC939F629083DFA0CDD.e.18337"},"getText",[]]}
RESULT: {"script":"<script> [6424 bytes]","args":[{"element-6066-11e4-a52e-4f735466cecf":"f.A6EC5B81BA07351D57539A0094149B7C.d.D9A8A29F3503AAC939F629083DFA0CDD.e.18337"},"getText",[]]}
COMMAND: POST /session/6a89fb51866d950e0bc97f386a060562/execute/async - {"script":"<script> [1562 bytes]","args":[{"selector":{"controlType":"sap.m.ObjectStatus","viewName":"etm.portal.ui.managecontracts.view.Detail","bindingPath":{"propertyPath":"LINK_TO_COMMERCIAL_STATUS/DESCRIPTION","modelName":"catalogModel"}},"wdio_ui5_key":"etmportal.ui.managecontracts.view.Detailsap.m.ObjectStatus{\"propertyPath\":\"LINK_TO_COMMERCIAL_STATUS/DESCRIPTION\",\"modelName\":\"catalogModel\"}"}]}
RESULT: {"script":"<script> [1562 bytes]","args":[{"selector":{"controlType":"sap.m.ObjectStatus","viewName":"etm.portal.ui.managecontracts.view.Detail","bindingPath":{"propertyPath":"LINK_TO_COMMERCIAL_STATUS/DESCRIPTION","modelName":"catalogModel"}},"wdio_ui5_key":"etmportal.ui.managecontracts.view.Detailsap.m.ObjectStatus{\"propertyPath\":\"LINK_TO_COMMERCIAL_STATUS/DESCRIPTION\",\"modelName\":\"catalogModel\"}"}]}
RESULT: undefined
COMMAND: POST /session/6a89fb51866d950e0bc97f386a060562/execute/async - {"script":"<script> [6424 bytes]","args":[{"element-6066-11e4-a52e-4f735466cecf":"f.A6EC5B81BA07351D57539A0094149B7C.d.D9A8A29F3503AAC939F629083DFA0CDD.e.18338"},"getText",[]]}
RESULT: {"script":"<script> [6424 bytes]","args":[{"element-6066-11e4-a52e-4f735466cecf":"f.A6EC5B81BA07351D57539A0094149B7C.d.D9A8A29F3503AAC939F629083DFA0CDD.e.18338"},"getText",[]]}
]]></system-out>
    </testcase>
    <testcase classname="chrome.135_0_7049_115.windows.E2E_-_Logistical_and_commercial_statuses" name="It should follow the handover steps to the status fully returned" time="236.891">
      <system-out><![CDATA[
COMMAND: POST /session/6a89fb51866d950e0bc97f386a060562/execute/async - {"script":"<script> [1562 bytes]","args":[{"selector":{"id":"contractDetailReturnButton","viewName":"etm.portal.ui.managecontracts.view.Detail","interaction":{"idSuffix":"BDI-content"}},"wdio_ui5_key":"contractDetailReturnButtonetmportal.ui.managecontracts.view.Detail"}]}
RESULT: {"script":"<script> [1562 bytes]","args":[{"selector":{"id":"contractDetailReturnButton","viewName":"etm.portal.ui.managecontracts.view.Detail","interaction":{"idSuffix":"BDI-content"}},"wdio_ui5_key":"contractDetailReturnButtonetmportal.ui.managecontracts.view.Detail"}]}
RESULT: undefined
COMMAND: POST /session/6a89fb51866d950e0bc97f386a060562/element - {"using":"xpath","value":"//*[@id=\"__xmlview2--contractDetailReturnButton\"]"}
RESULT: {"using":"xpath","value":"//*[@id=\"__xmlview2--contractDetailReturnButton\"]"}
COMMAND: POST /session/6a89fb51866d950e0bc97f386a060562/element/f.A6EC5B81BA07351D57539A0094149B7C.d.D9A8A29F3503AAC939F629083DFA0CDD.e.18224/click - {}
RESULT: {}
COMMAND: POST /session/6a89fb51866d950e0bc97f386a060562/execute/async - {"script":"<script> [1562 bytes]","args":[{"selector":{"id":"application-managehandovers-display-component---AddNewHO--dueDate","interaction":{"idSuffix":"inner"}},"wdio_ui5_key":"applicationmanagehandovers-display-component---AddNewHO--dueDate"}]}
COMMAND: GET /session/6a89fb51866d950e0bc97f386a060562/screenshot - {}
RESULT: {"script":"<script> [1562 bytes]","args":[{"selector":{"id":"application-managehandovers-display-component---AddNewHO--dueDate","interaction":{"idSuffix":"inner"}},"wdio_ui5_key":"applicationmanagehandovers-display-component---AddNewHO--dueDate"}]}
RESULT: undefined
COMMAND: POST /session/6a89fb51866d950e0bc97f386a060562/execute/async - {"script":"<script> [776 bytes]","args":[{"enterText":"05/06/25","selector":{"id":"application-managehandovers-display-component---AddNewHO--dueDate","interaction":{"idSuffix":"inner"}},"clearTextFirst":true,"interactionType":"ENTER_TEXT"}]}
RESULT: {}
RESULT: {"script":"<script> [776 bytes]","args":[{"enterText":"05/06/25","selector":{"id":"application-managehandovers-display-component---AddNewHO--dueDate","interaction":{"idSuffix":"inner"}},"clearTextFirst":true,"interactionType":"ENTER_TEXT"}]}
COMMAND: POST /session/6a89fb51866d950e0bc97f386a060562/element - {"using":"xpath","value":"//bdi[contains(@id ,\"application-managehandovers-display-component---AddNewHO--ObjectPageLayout-anchBar-application-managehandovers-display-component---AddNewHO--section4-anchor-BDI-content\")]"}
RESULT: {"using":"xpath","value":"//bdi[contains(@id ,\"application-managehandovers-display-component---AddNewHO--ObjectPageLayout-anchBar-application-managehandovers-display-component---AddNewHO--section4-anchor-BDI-content\")]"}
COMMAND: POST /session/6a89fb51866d950e0bc97f386a060562/element/f.A6EC5B81BA07351D57539A0094149B7C.d.D9A8A29F3503AAC939F629083DFA0CDD.e.18655/click - {}
RESULT: {}
COMMAND: GET /session/6a89fb51866d950e0bc97f386a060562/screenshot - {}
RESULT: {}
COMMAND: POST /session/6a89fb51866d950e0bc97f386a060562/element - {"using":"xpath","value":"//button[contains(@data-kt ,\"AddNewHOProvideAddItemsButton\")]"}
RESULT: {"using":"xpath","value":"//button[contains(@data-kt ,\"AddNewHOProvideAddItemsButton\")]"}
COMMAND: POST /session/6a89fb51866d950e0bc97f386a060562/element/f.A6EC5B81BA07351D57539A0094149B7C.d.D9A8A29F3503AAC939F629083DFA0CDD.e.18659/click - {}
RESULT: {}
COMMAND: GET /session/6a89fb51866d950e0bc97f386a060562/screenshot - {}
RESULT: {}
COMMAND: POST /session/6a89fb51866d950e0bc97f386a060562/execute/async - {"script":"<script> [1562 bytes]","args":[{"selector":{"id":"application-managehandovers-display-component---AddNewHO--popup-sa","searchOpenDialogs":true,"interaction":{"idSuffix":"CbBg"}},"wdio_ui5_key":"applicationmanagehandovers-display-component---AddNewHO--popup-sa"}]}
RESULT: {"script":"<script> [1562 bytes]","args":[{"selector":{"id":"application-managehandovers-display-component---AddNewHO--popup-sa","searchOpenDialogs":true,"interaction":{"idSuffix":"CbBg"}},"wdio_ui5_key":"applicationmanagehandovers-display-component---AddNewHO--popup-sa"}]}
RESULT: undefined
COMMAND: POST /session/6a89fb51866d950e0bc97f386a060562/element - {"using":"xpath","value":"//*[@id=\"application-managehandovers-display-component---AddNewHO--popup-sa\"]"}
RESULT: {"using":"xpath","value":"//*[@id=\"application-managehandovers-display-component---AddNewHO--popup-sa\"]"}
COMMAND: POST /session/6a89fb51866d950e0bc97f386a060562/element/f.A6EC5B81BA07351D57539A0094149B7C.d.D9A8A29F3503AAC939F629083DFA0CDD.e.18676/click - {}
RESULT: {}
COMMAND: POST /session/6a89fb51866d950e0bc97f386a060562/execute/async - {"script":"<script> [1562 bytes]","args":[{"selector":{"controlType":"sap.m.Button","viewName":"etm.portal.ui.managehandovers.view.AddNewHO","viewId":"application-managehandovers-display-component---AddNewHO","i18NText":{"propertyName":"text","key":"select"},"searchOpenDialogs":true,"interaction":{"idSuffix":"BDI-content"}},"wdio_ui5_key":"etmportal.ui.managehandovers.view.AddNewHOsap.m.Button{\"propertyName\":\"text\",\"key\":\"select\"}"}]}
COMMAND: GET /session/6a89fb51866d950e0bc97f386a060562/screenshot - {}
RESULT: {"script":"<script> [1562 bytes]","args":[{"selector":{"controlType":"sap.m.Button","viewName":"etm.portal.ui.managehandovers.view.AddNewHO","viewId":"application-managehandovers-display-component---AddNewHO","i18NText":{"propertyName":"text","key":"select"},"searchOpenDialogs":true,"interaction":{"idSuffix":"BDI-content"}},"wdio_ui5_key":"etmportal.ui.managehandovers.view.AddNewHOsap.m.Button{\"propertyName\":\"text\",\"key\":\"select\"}"}]}
RESULT: undefined
COMMAND: POST /session/6a89fb51866d950e0bc97f386a060562/element - {"using":"xpath","value":"//*[@id=\"__button60\"]"}
RESULT: {}
RESULT: {"using":"xpath","value":"//*[@id=\"__button60\"]"}
COMMAND: POST /session/6a89fb51866d950e0bc97f386a060562/element/f.A6EC5B81BA07351D57539A0094149B7C.d.D9A8A29F3503AAC939F629083DFA0CDD.e.18679/click - {}
RESULT: {}
COMMAND: GET /session/6a89fb51866d950e0bc97f386a060562/screenshot - {}
RESULT: {}
COMMAND: POST /session/6a89fb51866d950e0bc97f386a060562/execute/async - {"script":"<script> [1562 bytes]","args":[{"selector":{"id":"application-managehandovers-display-component---AddNewHO--confirmCreationButton","interaction":{"idSuffix":"BDI-content"}},"wdio_ui5_key":"applicationmanagehandovers-display-component---AddNewHO--confirmCreationButton"}]}
RESULT: {"script":"<script> [1562 bytes]","args":[{"selector":{"id":"application-managehandovers-display-component---AddNewHO--confirmCreationButton","interaction":{"idSuffix":"BDI-content"}},"wdio_ui5_key":"applicationmanagehandovers-display-component---AddNewHO--confirmCreationButton"}]}
RESULT: undefined
COMMAND: POST /session/6a89fb51866d950e0bc97f386a060562/element - {"using":"xpath","value":"//*[@id=\"application-managehandovers-display-component---AddNewHO--confirmCreationButton\"]"}
RESULT: {"using":"xpath","value":"//*[@id=\"application-managehandovers-display-component---AddNewHO--confirmCreationButton\"]"}
COMMAND: POST /session/6a89fb51866d950e0bc97f386a060562/element/f.A6EC5B81BA07351D57539A0094149B7C.d.D9A8A29F3503AAC939F629083DFA0CDD.e.18461/click - {}
RESULT: {}
COMMAND: GET /session/6a89fb51866d950e0bc97f386a060562/screenshot - {}
RESULT: {}
COMMAND: POST /session/6a89fb51866d950e0bc97f386a060562/execute/async - {"script":"<script> [1562 bytes]","args":[{"selector":{"controlType":"sap.m.Text","viewName":"etm.portal.ui.managehandovers.view.DetailExecuteHO","bindingPath":{"propertyPath":"NO","modelName":"catalogModel"}},"wdio_ui5_key":"etmportal.ui.managehandovers.view.DetailExecuteHOsap.m.Text{\"propertyPath\":\"NO\",\"modelName\":\"catalogModel\"}"}]}
RESULT: {"script":"<script> [1562 bytes]","args":[{"selector":{"controlType":"sap.m.Text","viewName":"etm.portal.ui.managehandovers.view.DetailExecuteHO","bindingPath":{"propertyPath":"NO","modelName":"catalogModel"}},"wdio_ui5_key":"etmportal.ui.managehandovers.view.DetailExecuteHOsap.m.Text{\"propertyPath\":\"NO\",\"modelName\":\"catalogModel\"}"}]}
RESULT: undefined
COMMAND: POST /session/6a89fb51866d950e0bc97f386a060562/execute/async - {"script":"<script> [6424 bytes]","args":[{"element-6066-11e4-a52e-4f735466cecf":"f.A6EC5B81BA07351D57539A0094149B7C.d.D9A8A29F3503AAC939F629083DFA0CDD.e.18735"},"getText",[]]}
RESULT: {"script":"<script> [6424 bytes]","args":[{"element-6066-11e4-a52e-4f735466cecf":"f.A6EC5B81BA07351D57539A0094149B7C.d.D9A8A29F3503AAC939F629083DFA0CDD.e.18735"},"getText",[]]}
COMMAND: POST /session/6a89fb51866d950e0bc97f386a060562/element - {"using":"xpath","value":"//a[contains(@data-kt ,\"GeneralSectionSendContractLink\")]"}
RESULT: {"using":"xpath","value":"//a[contains(@data-kt ,\"GeneralSectionSendContractLink\")]"}
COMMAND: POST /session/6a89fb51866d950e0bc97f386a060562/element/f.A6EC5B81BA07351D57539A0094149B7C.d.D9A8A29F3503AAC939F629083DFA0CDD.e.18736/click - {}
RESULT: {}
COMMAND: GET /session/6a89fb51866d950e0bc97f386a060562/screenshot - {}
RESULT: {}
COMMAND: POST /session/6a89fb51866d950e0bc97f386a060562/element - {"using":"xpath","value":"//a[contains(@data-kt ,\"ContextMenuId2Link\")]"}
RESULT: {"using":"xpath","value":"//a[contains(@data-kt ,\"ContextMenuId2Link\")]"}
COMMAND: POST /session/6a89fb51866d950e0bc97f386a060562/elements - {"using":"xpath","value":"//a[contains(@data-kt ,\"ContextMenuId2Link\")]"}
RESULT: {"using":"xpath","value":"//a[contains(@data-kt ,\"ContextMenuId2Link\")]"}
COMMAND: POST /session/6a89fb51866d950e0bc97f386a060562/element/f.A6EC5B81BA07351D57539A0094149B7C.d.D9A8A29F3503AAC939F629083DFA0CDD.e.18740/click - {}
RESULT: {}
COMMAND: GET /session/6a89fb51866d950e0bc97f386a060562/screenshot - {}
RESULT: {}
COMMAND: POST /session/6a89fb51866d950e0bc97f386a060562/execute/async - {"script":"<script> [1562 bytes]","args":[{"selector":{"controlType":"sap.m.Link","viewName":"etm.portal.ui.managehandovers.view.DetailExecuteHO","properties":{"text":"Contract Overview"},"searchOpenDialogs":true},"wdio_ui5_key":"etmportal.ui.managehandovers.view.DetailExecuteHOsap.m.Link{\"text\":\"Contract Overview\"}"}]}
RESULT: {"script":"<script> [1562 bytes]","args":[{"selector":{"controlType":"sap.m.Link","viewName":"etm.portal.ui.managehandovers.view.DetailExecuteHO","properties":{"text":"Contract Overview"},"searchOpenDialogs":true},"wdio_ui5_key":"etmportal.ui.managehandovers.view.DetailExecuteHOsap.m.Link{\"text\":\"Contract Overview\"}"}]}
RESULT: undefined
RESULT: undefined
COMMAND: POST /session/6a89fb51866d950e0bc97f386a060562/execute/async - {"script":"<script> [6424 bytes]","args":[{"element-6066-11e4-a52e-4f735466cecf":"f.A6EC5B81BA07351D57539A0094149B7C.d.D9A8A29F3503AAC939F629083DFA0CDD.e.18337"},"getText",[]]}
COMMAND: POST /session/6a89fb51866d950e0bc97f386a060562/execute/async - {"script":"<script> [1562 bytes]","args":[{"selector":{"controlType":"sap.m.ObjectStatus","viewName":"etm.portal.ui.managecontracts.view.Detail","bindingPath":{"propertyPath":"LINK_TO_LOGISTICAL_STATUS/DESCRIPTION","modelName":"catalogModel"}},"wdio_ui5_key":"etmportal.ui.managecontracts.view.Detailsap.m.ObjectStatus{\"propertyPath\":\"LINK_TO_LOGISTICAL_STATUS/DESCRIPTION\",\"modelName\":\"catalogModel\"}"}]}
RESULT: {"script":"<script> [1562 bytes]","args":[{"selector":{"controlType":"sap.m.ObjectStatus","viewName":"etm.portal.ui.managecontracts.view.Detail","bindingPath":{"propertyPath":"LINK_TO_LOGISTICAL_STATUS/DESCRIPTION","modelName":"catalogModel"}},"wdio_ui5_key":"etmportal.ui.managecontracts.view.Detailsap.m.ObjectStatus{\"propertyPath\":\"LINK_TO_LOGISTICAL_STATUS/DESCRIPTION\",\"modelName\":\"catalogModel\"}"}]}
COMMAND: POST /session/6a89fb51866d950e0bc97f386a060562/execute/async - {"script":"<script> [6424 bytes]","args":[{"element-6066-11e4-a52e-4f735466cecf":"f.A6EC5B81BA07351D57539A0094149B7C.d.D9A8A29F3503AAC939F629083DFA0CDD.e.18963"},"getText",[]]}
RESULT: {"script":"<script> [6424 bytes]","args":[{"element-6066-11e4-a52e-4f735466cecf":"f.A6EC5B81BA07351D57539A0094149B7C.d.D9A8A29F3503AAC939F629083DFA0CDD.e.18963"},"getText",[]]}
RESULT: undefined
COMMAND: POST /session/6a89fb51866d950e0bc97f386a060562/execute/async - {"script":"<script> [6424 bytes]","args":[{"element-6066-11e4-a52e-4f735466cecf":"f.A6EC5B81BA07351D57539A0094149B7C.d.D9A8A29F3503AAC939F629083DFA0CDD.e.18338"},"getText",[]]}
COMMAND: POST /session/6a89fb51866d950e0bc97f386a060562/execute/async - {"script":"<script> [1562 bytes]","args":[{"selector":{"controlType":"sap.m.ObjectStatus","viewName":"etm.portal.ui.managecontracts.view.Detail","bindingPath":{"propertyPath":"LINK_TO_COMMERCIAL_STATUS/DESCRIPTION","modelName":"catalogModel"}},"wdio_ui5_key":"etmportal.ui.managecontracts.view.Detailsap.m.ObjectStatus{\"propertyPath\":\"LINK_TO_COMMERCIAL_STATUS/DESCRIPTION\",\"modelName\":\"catalogModel\"}"}]}
RESULT: {"script":"<script> [1562 bytes]","args":[{"selector":{"controlType":"sap.m.ObjectStatus","viewName":"etm.portal.ui.managecontracts.view.Detail","bindingPath":{"propertyPath":"LINK_TO_COMMERCIAL_STATUS/DESCRIPTION","modelName":"catalogModel"}},"wdio_ui5_key":"etmportal.ui.managecontracts.view.Detailsap.m.ObjectStatus{\"propertyPath\":\"LINK_TO_COMMERCIAL_STATUS/DESCRIPTION\",\"modelName\":\"catalogModel\"}"}]}
COMMAND: POST /session/6a89fb51866d950e0bc97f386a060562/execute/async - {"script":"<script> [6424 bytes]","args":[{"element-6066-11e4-a52e-4f735466cecf":"f.A6EC5B81BA07351D57539A0094149B7C.d.D9A8A29F3503AAC939F629083DFA0CDD.e.18964"},"getText",[]]}
RESULT: {"script":"<script> [6424 bytes]","args":[{"element-6066-11e4-a52e-4f735466cecf":"f.A6EC5B81BA07351D57539A0094149B7C.d.D9A8A29F3503AAC939F629083DFA0CDD.e.18964"},"getText",[]]}
COMMAND: POST /session/6a89fb51866d950e0bc97f386a060562/execute/async - {"script":"<script> [1562 bytes]","args":[{"selector":{"id":"backBtn"},"wdio_ui5_key":"backBtn"}]}
RESULT: {"script":"<script> [1562 bytes]","args":[{"selector":{"id":"backBtn"},"wdio_ui5_key":"backBtn"}]}
RESULT: undefined
COMMAND: POST /session/6a89fb51866d950e0bc97f386a060562/element - {"using":"xpath","value":"//*[@id=\"backBtn\"]"}
RESULT: {"using":"xpath","value":"//*[@id=\"backBtn\"]"}
COMMAND: POST /session/6a89fb51866d950e0bc97f386a060562/element/f.A6EC5B81BA07351D57539A0094149B7C.d.D9A8A29F3503AAC939F629083DFA0CDD.e.18965/click - {}
RESULT: {}
COMMAND: GET /session/6a89fb51866d950e0bc97f386a060562/screenshot - {}
RESULT: {}
COMMAND: POST /session/6a89fb51866d950e0bc97f386a060562/execute/async - {"script":"<script> [1562 bytes]","args":[{"selector":{"controlType":"sap.m.Button","viewName":"etm.portal.ui.managehandovers.view.DetailExecuteHO","i18NText":{"propertyName":"text","key":"confirmAll"},"interaction":{"idSuffix":"BDI-content"}},"wdio_ui5_key":"etmportal.ui.managehandovers.view.DetailExecuteHOsap.m.Button{\"propertyName\":\"text\",\"key\":\"confirmAll\"}"}]}
RESULT: {"script":"<script> [1562 bytes]","args":[{"selector":{"controlType":"sap.m.Button","viewName":"etm.portal.ui.managehandovers.view.DetailExecuteHO","i18NText":{"propertyName":"text","key":"confirmAll"},"interaction":{"idSuffix":"BDI-content"}},"wdio_ui5_key":"etmportal.ui.managehandovers.view.DetailExecuteHOsap.m.Button{\"propertyName\":\"text\",\"key\":\"confirmAll\"}"}]}
RESULT: undefined
COMMAND: POST /session/6a89fb51866d950e0bc97f386a060562/element - {"using":"xpath","value":"//*[@id=\"__button143\"]"}
RESULT: {"using":"xpath","value":"//*[@id=\"__button143\"]"}
COMMAND: POST /session/6a89fb51866d950e0bc97f386a060562/element/f.A6EC5B81BA07351D57539A0094149B7C.d.D9A8A29F3503AAC939F629083DFA0CDD.e.19256/click - {}
RESULT: {}
COMMAND: POST /session/6a89fb51866d950e0bc97f386a060562/execute/async - {"script":"<script> [1562 bytes]","args":[{"selector":{"controlType":"sap.m.Button","properties":{"text":"OK"},"searchOpenDialogs":true,"interaction":{"idSuffix":"BDI-content"}},"wdio_ui5_key":"sapm.Button{\"text\":\"OK\"}"}]}
COMMAND: GET /session/6a89fb51866d950e0bc97f386a060562/screenshot - {}
RESULT: {"script":"<script> [1562 bytes]","args":[{"selector":{"controlType":"sap.m.Button","properties":{"text":"OK"},"searchOpenDialogs":true,"interaction":{"idSuffix":"BDI-content"}},"wdio_ui5_key":"sapm.Button{\"text\":\"OK\"}"}]}
RESULT: undefined
COMMAND: POST /session/6a89fb51866d950e0bc97f386a060562/element - {"using":"xpath","value":"//*[@id=\"__mbox-btn-0\"]"}
RESULT: {}
RESULT: {"using":"xpath","value":"//*[@id=\"__mbox-btn-0\"]"}
COMMAND: POST /session/6a89fb51866d950e0bc97f386a060562/element/f.A6EC5B81BA07351D57539A0094149B7C.d.D9A8A29F3503AAC939F629083DFA0CDD.e.19259/click - {}
RESULT: {}
COMMAND: GET /session/6a89fb51866d950e0bc97f386a060562/screenshot - {}
RESULT: {}
COMMAND: POST /session/6a89fb51866d950e0bc97f386a060562/element - {"using":"xpath","value":"//button[contains(@data-kt ,\"execHoIssueFooterButton\")]"}
RESULT: {"using":"xpath","value":"//button[contains(@data-kt ,\"execHoIssueFooterButton\")]"}
COMMAND: POST /session/6a89fb51866d950e0bc97f386a060562/element/f.A6EC5B81BA07351D57539A0094149B7C.d.D9A8A29F3503AAC939F629083DFA0CDD.e.19263/click - {}
RESULT: {}
COMMAND: GET /session/6a89fb51866d950e0bc97f386a060562/screenshot - {}
RESULT: {}
COMMAND: POST /session/6a89fb51866d950e0bc97f386a060562/refresh - {}
RESULT: {}
COMMAND: GET /session/6a89fb51866d950e0bc97f386a060562/screenshot - {}
RESULT: {}
COMMAND: POST /session/6a89fb51866d950e0bc97f386a060562/refresh - {}
RESULT: {}
COMMAND: GET /session/6a89fb51866d950e0bc97f386a060562/screenshot - {}
RESULT: {}
COMMAND: POST /session/6a89fb51866d950e0bc97f386a060562/window/fullscreen - {}
RESULT: {}
COMMAND: POST /session/6a89fb51866d950e0bc97f386a060562/execute/async - {"script":"<script> [189 bytes]","args":[]}
RESULT: {"script":"<script> [189 bytes]","args":[]}
COMMAND: POST /session/6a89fb51866d950e0bc97f386a060562/execute/async - {"script":"<script> [123 bytes]","args":[]}
RESULT: {"script":"<script> [123 bytes]","args":[]}
COMMAND: POST /session/6a89fb51866d950e0bc97f386a060562/timeouts - {"script":"<number>"}
RESULT: {"script":"<number>"}
COMMAND: GET /session/6a89fb51866d950e0bc97f386a060562/timeouts - {}
RESULT: {}
RESULT: undefined
COMMAND: POST /session/6a89fb51866d950e0bc97f386a060562/execute/async - {"script":"<script> [2676 bytes]","args":[]}
RESULT: {"script":"<script> [2676 bytes]","args":[]}
COMMAND: POST /session/6a89fb51866d950e0bc97f386a060562/execute/async - {"script":"<script> [2342 bytes]","args":[{"protocol":"http","hostname":"0.0.0.0","path":"/","capabilities":{"browserName":"chrome","goog:chromeOptions":{"binary":"C:\\Program Files\\Google\\Chrome\\Application\\chrome.exe","args":["--start-maximized"]}},"logLevel":"warn","connectionRetryTimeout":120000,"connectionRetryCount":3,"logLevels":{},"enableDirectConnect":true,"strictSSL":true,"_":"65 more keys: [\"cacheDir\",\"port\",\"requestedCapabilities\",\"automationProtocol\",\"baseUrl\",\"waitforInterval\",\"waitforTimeout\",\"onReload\",\"beforeCommand\",\"afterCommand\",\"rootDir\",\"specs\",\"suites\",\"exclude\",\"groupLogsByTestSpec\",\"excludeDriverLogs\",\"bail\",\"framework\",\"reporters\",\"services\",\"maxInstances\",\"maxInstancesPerCapability\",\"injectGlobals\",\"filesToWatch\",\"execArgv\",\"runnerEnv\",\"runner\",\"shard\",\"specFileRetries\",\"specFileRetriesDelay\",\"specFileRetriesDeferred\",\"reporterSyncInterval\",\"reporterSyncTimeout\",\"cucumberFeaturesWithLineNumbers\",\"autoCompileOpts\",\"mochaOpts\",\"jasmineOpts\",\"cucumberOpts\",\"onPrepare\",\"onWorkerStart\",\"onWorkerEnd\",\"before\",\"beforeSession\",\"beforeSuite\",\"beforeHook\",\"beforeTest\",\"afterTest\",\"afterHook\",\"afterSuite\",\"afterSession\",\"after\",\"onComplete\",\"beforeAssertion\",\"afterAssertion\",\"beforeFeature\",\"beforeScenario\",\"beforeStep\",\"afterStep\",\"afterScenario\",\"afterFeature\",\"_\",\"suite\",\"$0\",\"ignoredWorkerServices\",\"wdi5\"]"}]}
RESULT: {"script":"<script> [2342 bytes]","args":[{"protocol":"http","hostname":"0.0.0.0","path":"/","capabilities":{"browserName":"chrome","goog:chromeOptions":{"binary":"C:\\Program Files\\Google\\Chrome\\Application\\chrome.exe","args":["--start-maximized"]}},"logLevel":"warn","connectionRetryTimeout":120000,"connectionRetryCount":3,"logLevels":{},"enableDirectConnect":true,"strictSSL":true,"_":"65 more keys: [\"cacheDir\",\"port\",\"requestedCapabilities\",\"automationProtocol\",\"baseUrl\",\"waitforInterval\",\"waitforTimeout\",\"onReload\",\"beforeCommand\",\"afterCommand\",\"rootDir\",\"specs\",\"suites\",\"exclude\",\"groupLogsByTestSpec\",\"excludeDriverLogs\",\"bail\",\"framework\",\"reporters\",\"services\",\"maxInstances\",\"maxInstancesPerCapability\",\"injectGlobals\",\"filesToWatch\",\"execArgv\",\"runnerEnv\",\"runner\",\"shard\",\"specFileRetries\",\"specFileRetriesDelay\",\"specFileRetriesDeferred\",\"reporterSyncInterval\",\"reporterSyncTimeout\",\"cucumberFeaturesWithLineNumbers\",\"autoCompileOpts\",\"mochaOpts\",\"jasmineOpts\",\"cucumberOpts\",\"onPrepare\",\"onWorkerStart\",\"onWorkerEnd\",\"before\",\"beforeSession\",\"beforeSuite\",\"beforeHook\",\"beforeTest\",\"afterTest\",\"afterHook\",\"afterSuite\",\"afterSession\",\"after\",\"onComplete\",\"beforeAssertion\",\"afterAssertion\",\"beforeFeature\",\"beforeScenario\",\"beforeStep\",\"afterStep\",\"afterScenario\",\"afterFeature\",\"_\",\"suite\",\"$0\",\"ignoredWorkerServices\",\"wdi5\"]"}]}
COMMAND: POST /session/6a89fb51866d950e0bc97f386a060562/execute/async - {"script":"<script> [21126 bytes]","args":[35000]}
RESULT: {"script":"<script> [21126 bytes]","args":[35000]}
COMMAND: POST /session/6a89fb51866d950e0bc97f386a060562/execute/async - {"script":"<script> [1562 bytes]","args":[{"selector":{"controlType":"sap.m.SearchField","viewName":"etm.portal.ui.managehandovers.view.MasterHO","bindingPath":{"path":"","propertyPath":"/_BASIC_SEARCH_FIELD","modelName":"fi1t3rM0d31"},"interaction":{"idSuffix":"I"}},"wdio_ui5_key":"etmportal.ui.managehandovers.view.MasterHOsap.m.SearchField{\"path\":\"\",\"propertyPath\":\"/_BASIC_SEARCH_FIELD\",\"modelName\":\"fi1t3rM0d31\"}"}]}
RESULT: {"script":"<script> [1562 bytes]","args":[{"selector":{"controlType":"sap.m.SearchField","viewName":"etm.portal.ui.managehandovers.view.MasterHO","bindingPath":{"path":"","propertyPath":"/_BASIC_SEARCH_FIELD","modelName":"fi1t3rM0d31"},"interaction":{"idSuffix":"I"}},"wdio_ui5_key":"etmportal.ui.managehandovers.view.MasterHOsap.m.SearchField{\"path\":\"\",\"propertyPath\":\"/_BASIC_SEARCH_FIELD\",\"modelName\":\"fi1t3rM0d31\"}"}]}
RESULT: undefined
COMMAND: POST /session/6a89fb51866d950e0bc97f386a060562/execute/async - {"script":"<script> [776 bytes]","args":[{"enterText":"30910","selector":{"controlType":"sap.m.SearchField","viewName":"etm.portal.ui.managehandovers.view.MasterHO","bindingPath":{"path":"","propertyPath":"/_BASIC_SEARCH_FIELD","modelName":"fi1t3rM0d31"},"interaction":{"idSuffix":"I"}},"clearTextFirst":true,"interactionType":"ENTER_TEXT"}]}
RESULT: {"script":"<script> [776 bytes]","args":[{"enterText":"30910","selector":{"controlType":"sap.m.SearchField","viewName":"etm.portal.ui.managehandovers.view.MasterHO","bindingPath":{"path":"","propertyPath":"/_BASIC_SEARCH_FIELD","modelName":"fi1t3rM0d31"},"interaction":{"idSuffix":"I"}},"clearTextFirst":true,"interactionType":"ENTER_TEXT"}]}
COMMAND: POST /session/6a89fb51866d950e0bc97f386a060562/actions - {"actions":[{"id":"action85","type":"key","parameters":{},"actions":[{"type":"keyDown","value":"î€‡"},{"type":"pause","duration":10},{"type":"keyUp","value":"î€‡"}]}]}
RESULT: {"actions":[{"id":"action85","type":"key","parameters":{},"actions":[{"type":"keyDown","value":"î€‡"},{"type":"pause","duration":10},{"type":"keyUp","value":"î€‡"}]}]}
COMMAND: GET /session/6a89fb51866d950e0bc97f386a060562/screenshot - {}
RESULT: {}
COMMAND: POST /session/6a89fb51866d950e0bc97f386a060562/execute/async - {"script":"<script> [1562 bytes]","args":[{"selector":{"controlType":"sap.m.Title","viewName":"etm.portal.ui.managehandovers.view.MasterHO","properties":{"text":"Records (1)"}},"wdio_ui5_key":"etmportal.ui.managehandovers.view.MasterHOsap.m.Title{\"text\":\"Records (1)\"}"}]}
RESULT: {"script":"<script> [1562 bytes]","args":[{"selector":{"controlType":"sap.m.Title","viewName":"etm.portal.ui.managehandovers.view.MasterHO","properties":{"text":"Records (1)"}},"wdio_ui5_key":"etmportal.ui.managehandovers.view.MasterHOsap.m.Title{\"text\":\"Records (1)\"}"}]}
RESULT: undefined
COMMAND: POST /session/6a89fb51866d950e0bc97f386a060562/execute/async - {"script":"<script> [6424 bytes]","args":[{"element-6066-11e4-a52e-4f735466cecf":"f.A6EC5B81BA07351D57539A0094149B7C.d.3FA28E0FEDFF2D7F95E0AAC47DD6962C.e.19448"},"getText",[]]}
RESULT: {"script":"<script> [6424 bytes]","args":[{"element-6066-11e4-a52e-4f735466cecf":"f.A6EC5B81BA07351D57539A0094149B7C.d.3FA28E0FEDFF2D7F95E0AAC47DD6962C.e.19448"},"getText",[]]}
COMMAND: POST /session/6a89fb51866d950e0bc97f386a060562/execute/async - {"script":"<script> [1562 bytes]","args":[{"selector":{"controlType":"sap.ui.core.Icon","viewName":"etm.portal.ui.managehandovers.view.MasterHO","properties":{"src":{"regex":{"source":"slim\\-arrow\\-right"}}}},"wdio_ui5_key":"etmportal.ui.managehandovers.view.MasterHOsap.ui.core.Icon{\"src\":{\"regex\":{\"source\":\"slim\\\\-arrow\\\\-right\"}}}"}]}
RESULT: {"script":"<script> [1562 bytes]","args":[{"selector":{"controlType":"sap.ui.core.Icon","viewName":"etm.portal.ui.managehandovers.view.MasterHO","properties":{"src":{"regex":{"source":"slim\\-arrow\\-right"}}}},"wdio_ui5_key":"etmportal.ui.managehandovers.view.MasterHOsap.ui.core.Icon{\"src\":{\"regex\":{\"source\":\"slim\\\\-arrow\\\\-right\"}}}"}]}
RESULT: undefined
COMMAND: POST /session/6a89fb51866d950e0bc97f386a060562/element - {"using":"xpath","value":"//*[@id=\"__item30-__clone16-imgNav\"]"}
RESULT: {"using":"xpath","value":"//*[@id=\"__item30-__clone16-imgNav\"]"}
COMMAND: POST /session/6a89fb51866d950e0bc97f386a060562/element/f.A6EC5B81BA07351D57539A0094149B7C.d.3FA28E0FEDFF2D7F95E0AAC47DD6962C.e.19447/click - {}
RESULT: {}
COMMAND: GET /session/6a89fb51866d950e0bc97f386a060562/screenshot - {}
RESULT: {}
COMMAND: POST /session/6a89fb51866d950e0bc97f386a060562/execute/async - {"script":"<script> [1562 bytes]","args":[{"selector":{"controlType":"sap.m.ObjectStatus","viewName":"etm.portal.ui.managehandovers.view.DetailManageHO","viewId":"application-managehandovers-display-component---detailManageHO","labelFor":{"text":"Status"}},"wdio_ui5_key":"etmportal.ui.managehandovers.view.DetailManageHOsap.m.ObjectStatus{\"text\":\"Status\"}"}]}
RESULT: {"script":"<script> [1562 bytes]","args":[{"selector":{"controlType":"sap.m.ObjectStatus","viewName":"etm.portal.ui.managehandovers.view.DetailManageHO","viewId":"application-managehandovers-display-component---detailManageHO","labelFor":{"text":"Status"}},"wdio_ui5_key":"etmportal.ui.managehandovers.view.DetailManageHOsap.m.ObjectStatus{\"text\":\"Status\"}"}]}
RESULT: undefined
COMMAND: POST /session/6a89fb51866d950e0bc97f386a060562/execute/async - {"script":"<script> [6424 bytes]","args":[{"element-6066-11e4-a52e-4f735466cecf":"f.A6EC5B81BA07351D57539A0094149B7C.d.3FA28E0FEDFF2D7F95E0AAC47DD6962C.e.19541"},"getText",[]]}
RESULT: {"script":"<script> [6424 bytes]","args":[{"element-6066-11e4-a52e-4f735466cecf":"f.A6EC5B81BA07351D57539A0094149B7C.d.3FA28E0FEDFF2D7F95E0AAC47DD6962C.e.19541"},"getText",[]]}
COMMAND: POST /session/6a89fb51866d950e0bc97f386a060562/element - {"using":"xpath","value":"//a[contains(@data-kt ,\"GeneralSectionSendContractLink\")]"}
RESULT: {"using":"xpath","value":"//a[contains(@data-kt ,\"GeneralSectionSendContractLink\")]"}
COMMAND: POST /session/6a89fb51866d950e0bc97f386a060562/element/f.A6EC5B81BA07351D57539A0094149B7C.d.3FA28E0FEDFF2D7F95E0AAC47DD6962C.e.19542/click - {}
RESULT: {}
COMMAND: GET /session/6a89fb51866d950e0bc97f386a060562/screenshot - {}
RESULT: {}
COMMAND: POST /session/6a89fb51866d950e0bc97f386a060562/elements - {"using":"xpath","value":"//a[contains(@data-kt ,\"ContextMenuId2Link\")]"}
RESULT: {"using":"xpath","value":"//a[contains(@data-kt ,\"ContextMenuId2Link\")]"}
COMMAND: POST /session/6a89fb51866d950e0bc97f386a060562/element/f.A6EC5B81BA07351D57539A0094149B7C.d.D9A8A29F3503AAC939F629083DFA0CDD.e.18740/click - {}
COMMAND: POST /session/6a89fb51866d950e0bc97f386a060562/element - {"using":"xpath","value":"//a[contains(@data-kt ,\"ContextMenuId2Link\")]"}
RESULT: {"using":"xpath","value":"//a[contains(@data-kt ,\"ContextMenuId2Link\")]"}
COMMAND: POST /session/6a89fb51866d950e0bc97f386a060562/element/f.A6EC5B81BA07351D57539A0094149B7C.d.D9A8A29F3503AAC939F629083DFA0CDD.e.18740/click - {}
COMMAND: POST /session/6a89fb51866d950e0bc97f386a060562/element - {"using":"xpath","value":"//a[contains(@data-kt ,\"ContextMenuId2Link\")]"}
RESULT: {"using":"xpath","value":"//a[contains(@data-kt ,\"ContextMenuId2Link\")]"}
COMMAND: POST /session/6a89fb51866d950e0bc97f386a060562/element/f.A6EC5B81BA07351D57539A0094149B7C.d.3FA28E0FEDFF2D7F95E0AAC47DD6962C.e.19546/click - {}
RESULT: {}
COMMAND: GET /session/6a89fb51866d950e0bc97f386a060562/screenshot - {}
RESULT: {}
COMMAND: POST /session/6a89fb51866d950e0bc97f386a060562/execute/async - {"script":"<script> [1562 bytes]","args":[{"selector":{"controlType":"sap.m.ObjectStatus","viewName":"etm.portal.ui.managecontracts.view.Detail","bindingPath":{"propertyPath":"LINK_TO_COMMERCIAL_STATUS/DESCRIPTION","modelName":"catalogModel"}},"wdio_ui5_key":"etmportal.ui.managecontracts.view.Detailsap.m.ObjectStatus{\"propertyPath\":\"LINK_TO_COMMERCIAL_STATUS/DESCRIPTION\",\"modelName\":\"catalogModel\"}"}]}
RESULT: {"script":"<script> [1562 bytes]","args":[{"selector":{"controlType":"sap.m.ObjectStatus","viewName":"etm.portal.ui.managecontracts.view.Detail","bindingPath":{"propertyPath":"LINK_TO_COMMERCIAL_STATUS/DESCRIPTION","modelName":"catalogModel"}},"wdio_ui5_key":"etmportal.ui.managecontracts.view.Detailsap.m.ObjectStatus{\"propertyPath\":\"LINK_TO_COMMERCIAL_STATUS/DESCRIPTION\",\"modelName\":\"catalogModel\"}"}]}
RESULT: undefined
COMMAND: POST /session/6a89fb51866d950e0bc97f386a060562/execute/async - {"script":"<script> [6424 bytes]","args":[{"element-6066-11e4-a52e-4f735466cecf":"f.A6EC5B81BA07351D57539A0094149B7C.d.3FA28E0FEDFF2D7F95E0AAC47DD6962C.e.19781"},"getText",[]]}
RESULT: {"script":"<script> [6424 bytes]","args":[{"element-6066-11e4-a52e-4f735466cecf":"f.A6EC5B81BA07351D57539A0094149B7C.d.3FA28E0FEDFF2D7F95E0AAC47DD6962C.e.19781"},"getText",[]]}
COMMAND: POST /session/6a89fb51866d950e0bc97f386a060562/execute/async - {"script":"<script> [1562 bytes]","args":[{"selector":{"controlType":"sap.m.ObjectStatus","viewName":"etm.portal.ui.managecontracts.view.Detail","bindingPath":{"propertyPath":"LINK_TO_LOGISTICAL_STATUS/DESCRIPTION","modelName":"catalogModel"}},"wdio_ui5_key":"etmportal.ui.managecontracts.view.Detailsap.m.ObjectStatus{\"propertyPath\":\"LINK_TO_LOGISTICAL_STATUS/DESCRIPTION\",\"modelName\":\"catalogModel\"}"}]}
RESULT: {"script":"<script> [1562 bytes]","args":[{"selector":{"controlType":"sap.m.ObjectStatus","viewName":"etm.portal.ui.managecontracts.view.Detail","bindingPath":{"propertyPath":"LINK_TO_LOGISTICAL_STATUS/DESCRIPTION","modelName":"catalogModel"}},"wdio_ui5_key":"etmportal.ui.managecontracts.view.Detailsap.m.ObjectStatus{\"propertyPath\":\"LINK_TO_LOGISTICAL_STATUS/DESCRIPTION\",\"modelName\":\"catalogModel\"}"}]}
RESULT: undefined
COMMAND: POST /session/6a89fb51866d950e0bc97f386a060562/execute/async - {"script":"<script> [6424 bytes]","args":[{"element-6066-11e4-a52e-4f735466cecf":"f.A6EC5B81BA07351D57539A0094149B7C.d.3FA28E0FEDFF2D7F95E0AAC47DD6962C.e.19782"},"getText",[]]}
RESULT: {"script":"<script> [6424 bytes]","args":[{"element-6066-11e4-a52e-4f735466cecf":"f.A6EC5B81BA07351D57539A0094149B7C.d.3FA28E0FEDFF2D7F95E0AAC47DD6962C.e.19782"},"getText",[]]}
COMMAND: POST /session/6a89fb51866d950e0bc97f386a060562/element - {"using":"xpath","value":"//button[@data-kt=\"contractDetailEditBtnButton\"]"}
RESULT: {"using":"xpath","value":"//button[@data-kt=\"contractDetailEditBtnButton\"]"}
COMMAND: POST /session/6a89fb51866d950e0bc97f386a060562/element/f.A6EC5B81BA07351D57539A0094149B7C.d.3FA28E0FEDFF2D7F95E0AAC47DD6962C.e.19607/click - {}
RESULT: {}
COMMAND: GET /session/6a89fb51866d950e0bc97f386a060562/screenshot - {}
RESULT: {}
COMMAND: POST /session/6a89fb51866d950e0bc97f386a060562/element - {"using":"xpath","value":"(//span[contains(text(), \"Additional Addresses\")])[2]"}
RESULT: {"using":"xpath","value":"(//span[contains(text(), \"Additional Addresses\")])[2]"}
COMMAND: POST /session/6a89fb51866d950e0bc97f386a060562/element/f.A6EC5B81BA07351D57539A0094149B7C.d.3FA28E0FEDFF2D7F95E0AAC47DD6962C.e.19846/click - {}
RESULT: {}
COMMAND: GET /session/6a89fb51866d950e0bc97f386a060562/screenshot - {}
RESULT: {}
COMMAND: POST /session/6a89fb51866d950e0bc97f386a060562/element - {"using":"xpath","value":"//button[@data-kt=\"btnAddTableRowOverflowToolbarButton\"]"}
RESULT: {"using":"xpath","value":"//button[@data-kt=\"btnAddTableRowOverflowToolbarButton\"]"}
COMMAND: POST /session/6a89fb51866d950e0bc97f386a060562/element/f.A6EC5B81BA07351D57539A0094149B7C.d.3FA28E0FEDFF2D7F95E0AAC47DD6962C.e.19848/click - {}
RESULT: {}
COMMAND: GET /session/6a89fb51866d950e0bc97f386a060562/screenshot - {}
RESULT: {}
COMMAND: POST /session/6a89fb51866d950e0bc97f386a060562/element - {"using":"xpath","value":"//div[(text() = 'Standard Entry' or . = 'Standard Entry')]"}
RESULT: {"using":"xpath","value":"//div[(text() = 'Standard Entry' or . = 'Standard Entry')]"}
COMMAND: POST /session/6a89fb51866d950e0bc97f386a060562/element/f.A6EC5B81BA07351D57539A0094149B7C.d.3FA28E0FEDFF2D7F95E0AAC47DD6962C.e.19850/click - {}
RESULT: {}
COMMAND: POST /session/6a89fb51866d950e0bc97f386a060562/execute/async - {"script":"<script> [1562 bytes]","args":[{"selector":{"controlType":"sap.ui.core.Icon","viewName":"etm.portal.ui.managecontracts.view.EditContract","properties":{"src":{"regex":{"source":"slim\\-arrow\\-down"}}},"ancestor":{"controlType":"sap.m.ComboBox","viewName":"etm.portal.ui.managecontracts.view.EditContract","bindingPath":{"propertyPath":"RU_TYPE","modelName":"catalogModel"}}},"wdio_ui5_key":"etmportal.ui.managecontracts.view.EditContractsap.ui.core.Icon{\"src\":{\"regex\":{\"source\":\"slim\\\\-arrow\\\\-down\"}}}{\"controlType\":\"sap.m.ComboBox\",\"viewName\":\"etm.portal.ui.managecontracts.view.EditContract\",\"bindingPath\":{\"propertyPath\":\"RU_TYPE\",\"modelName\":\"catalogModel\"}}"}]}
COMMAND: GET /session/6a89fb51866d950e0bc97f386a060562/screenshot - {}
RESULT: {"script":"<script> [1562 bytes]","args":[{"selector":{"controlType":"sap.ui.core.Icon","viewName":"etm.portal.ui.managecontracts.view.EditContract","properties":{"src":{"regex":{"source":"slim\\-arrow\\-down"}}},"ancestor":{"controlType":"sap.m.ComboBox","viewName":"etm.portal.ui.managecontracts.view.EditContract","bindingPath":{"propertyPath":"RU_TYPE","modelName":"catalogModel"}}},"wdio_ui5_key":"etmportal.ui.managecontracts.view.EditContractsap.ui.core.Icon{\"src\":{\"regex\":{\"source\":\"slim\\\\-arrow\\\\-down\"}}}{\"controlType\":\"sap.m.ComboBox\",\"viewName\":\"etm.portal.ui.managecontracts.view.EditContract\",\"bindingPath\":{\"propertyPath\":\"RU_TYPE\",\"modelName\":\"catalogModel\"}}"}]}
RESULT: undefined
COMMAND: POST /session/6a89fb51866d950e0bc97f386a060562/element - {"using":"xpath","value":"//*[@id=\"__box20-arrow\"]"}
RESULT: {}
RESULT: {"using":"xpath","value":"//*[@id=\"__box20-arrow\"]"}
COMMAND: POST /session/6a89fb51866d950e0bc97f386a060562/element/f.A6EC5B81BA07351D57539A0094149B7C.d.3FA28E0FEDFF2D7F95E0AAC47DD6962C.e.19865/click - {}
RESULT: {}
COMMAND: POST /session/6a89fb51866d950e0bc97f386a060562/execute/async - {"script":"<script> [1562 bytes]","args":[{"selector":{"controlType":"sap.m.StandardListItem","viewName":"etm.portal.ui.managecontracts.view.EditContract","properties":{"title":"Material"},"searchOpenDialogs":true,"interaction":{"idSuffix":"content"}},"wdio_ui5_key":"etmportal.ui.managecontracts.view.EditContractsap.m.StandardListItem{\"title\":\"Material\"}"}]}
COMMAND: GET /session/6a89fb51866d950e0bc97f386a060562/screenshot - {}
RESULT: {"script":"<script> [1562 bytes]","args":[{"selector":{"controlType":"sap.m.StandardListItem","viewName":"etm.portal.ui.managecontracts.view.EditContract","properties":{"title":"Material"},"searchOpenDialogs":true,"interaction":{"idSuffix":"content"}},"wdio_ui5_key":"etmportal.ui.managecontracts.view.EditContractsap.m.StandardListItem{\"title\":\"Material\"}"}]}
RESULT: undefined
COMMAND: POST /session/6a89fb51866d950e0bc97f386a060562/element - {"using":"xpath","value":"//*[@id=\"__item96\"]"}
RESULT: {}
RESULT: {"using":"xpath","value":"//*[@id=\"__item96\"]"}
COMMAND: POST /session/6a89fb51866d950e0bc97f386a060562/element/f.A6EC5B81BA07351D57539A0094149B7C.d.3FA28E0FEDFF2D7F95E0AAC47DD6962C.e.19868/click - {}
RESULT: {}
COMMAND: POST /session/6a89fb51866d950e0bc97f386a060562/element - {"using":"xpath","value":"//td[7]/div/div/input"}
COMMAND: GET /session/6a89fb51866d950e0bc97f386a060562/screenshot - {}
RESULT: {"using":"xpath","value":"//td[7]/div/div/input"}
COMMAND: POST /session/6a89fb51866d950e0bc97f386a060562/element/f.A6EC5B81BA07351D57539A0094149B7C.d.3FA28E0FEDFF2D7F95E0AAC47DD6962C.e.19871/clear - {}
RESULT: {}
RESULT: {}
COMMAND: POST /session/6a89fb51866d950e0bc97f386a060562/element/f.A6EC5B81BA07351D57539A0094149B7C.d.3FA28E0FEDFF2D7F95E0AAC47DD6962C.e.19871/value - {"text":"WebdriverRUR2Cei11h"}
COMMAND: GET /session/6a89fb51866d950e0bc97f386a060562/screenshot - {}
RESULT: {"text":"WebdriverRUR2Cei11h"}
COMMAND: GET /session/6a89fb51866d950e0bc97f386a060562/screenshot - {}
RESULT: {}
RESULT: {}
COMMAND: POST /session/6a89fb51866d950e0bc97f386a060562/actions - {"actions":[{"id":"action86","type":"key","parameters":{},"actions":[{"type":"keyDown","value":"î€‡"},{"type":"pause","duration":10},{"type":"keyUp","value":"î€‡"}]}]}
RESULT: {"actions":[{"id":"action86","type":"key","parameters":{},"actions":[{"type":"keyDown","value":"î€‡"},{"type":"pause","duration":10},{"type":"keyUp","value":"î€‡"}]}]}
COMMAND: GET /session/6a89fb51866d950e0bc97f386a060562/screenshot - {}
RESULT: {}
COMMAND: POST /session/6a89fb51866d950e0bc97f386a060562/element - {"using":"xpath","value":"//button[@data-kt=\"saveButton\"]"}
RESULT: {"using":"xpath","value":"//button[@data-kt=\"saveButton\"]"}
COMMAND: POST /session/6a89fb51866d950e0bc97f386a060562/element/f.A6EC5B81BA07351D57539A0094149B7C.d.3FA28E0FEDFF2D7F95E0AAC47DD6962C.e.19894/click - {}
RESULT: {}
COMMAND: GET /session/6a89fb51866d950e0bc97f386a060562/screenshot - {}
RESULT: {}
RESULT: undefined
COMMAND: POST /session/6a89fb51866d950e0bc97f386a060562/execute/async - {"script":"<script> [6424 bytes]","args":[{"element-6066-11e4-a52e-4f735466cecf":"f.A6EC5B81BA07351D57539A0094149B7C.d.3FA28E0FEDFF2D7F95E0AAC47DD6962C.e.19782"},"getText",[]]}
RESULT: {"script":"<script> [6424 bytes]","args":[{"element-6066-11e4-a52e-4f735466cecf":"f.A6EC5B81BA07351D57539A0094149B7C.d.3FA28E0FEDFF2D7F95E0AAC47DD6962C.e.19782"},"getText",[]]}
COMMAND: DELETE /session/6a89fb51866d950e0bc97f386a060562 - {}
RESULT: {}
]]></system-out>
    </testcase>
  </testsuite>
</testsuites>