<?xml version="1.0" encoding="UTF-8"?>
<testsuites tests="16" failures="0" errors="0" skipped="0">
  <testsuite timestamp="2025-05-20T17:28:13" time="1429.411" tests="12" failures="0" errors="0" skipped="0">
    <properties>
      <property name="specId" value="0" />
      <property name="suiteName" value="Partner specific tests US150819 US151080 US151654 US151176 US103444 US151078 US151079 US151109 US151174 US151175 US151189" />
      <property name="capabilities" value="chrome.136_0_7103_93.windows" />
      <property name="file" value="file:///D:/a/1/s/test/specs/BTS/manage-partners.spec.js" />
    </properties>
    <testcase classname="chrome.136_0_7103_93.windows.Partner_specific_tests_US150819_US151080_US151654_US151176_US103444_US151078_US151079_US151109_US151174_US151175_US151189" name="Should create a new yard prerequisite" time="137.872">
      <system-out><![CDATA[
COMMAND: POST /session/7a47d135f75b3f9dc9ed0ec43722f433/window/fullscreen - {}
RESULT: {}
COMMAND: POST /session/7a47d135f75b3f9dc9ed0ec43722f433/element - {"using":"xpath","value":"//li[.//span[text()=\"Manage Partners\"]]"}
RESULT: {"using":"xpath","value":"//li[.//span[text()=\"Manage Partners\"]]"}
COMMAND: POST /session/7a47d135f75b3f9dc9ed0ec43722f433/element - {"using":"xpath","value":"//li[.//span[text()=\"Manage Partners\"]]"}
RESULT: {"using":"xpath","value":"//li[.//span[text()=\"Manage Partners\"]]"}
COMMAND: POST /session/7a47d135f75b3f9dc9ed0ec43722f433/element - {"using":"css selector","value":"#shell-header-logo"}
RESULT: {"using":"css selector","value":"#shell-header-logo"}
COMMAND: POST /session/7a47d135f75b3f9dc9ed0ec43722f433/element/f.EC16CDDA184DC683CEF5B04FDEE8C812.d.D14A097ABE3F395C94E5154E9A33F2AA.e.271/click - {}
COMMAND: POST /session/7a47d135f75b3f9dc9ed0ec43722f433/execute/sync - {"script":"<script> [8489 bytes]","args":[{"element-6066-11e4-a52e-4f735466cecf":"f.EC16CDDA184DC683CEF5B04FDEE8C812.d.D14A097ABE3F395C94E5154E9A33F2AA.e.271","ELEMENT":"f.EC16CDDA184DC683CEF5B04FDEE8C812.d.D14A097ABE3F395C94E5154E9A33F2AA.e.271"}]}
RESULT: {}
COMMAND: GET /session/7a47d135f75b3f9dc9ed0ec43722f433/screenshot - {}
RESULT: {"script":"<script> [8489 bytes]","args":[{"element-6066-11e4-a52e-4f735466cecf":"f.EC16CDDA184DC683CEF5B04FDEE8C812.d.D14A097ABE3F395C94E5154E9A33F2AA.e.271","ELEMENT":"f.EC16CDDA184DC683CEF5B04FDEE8C812.d.D14A097ABE3F395C94E5154E9A33F2AA.e.271"}]}
COMMAND: POST /session/7a47d135f75b3f9dc9ed0ec43722f433/execute/sync - {"script":"<script> [5351 bytes]","args":[{"element-6066-11e4-a52e-4f735466cecf":"f.EC16CDDA184DC683CEF5B04FDEE8C812.d.D14A097ABE3F395C94E5154E9A33F2AA.e.271","ELEMENT":"f.EC16CDDA184DC683CEF5B04FDEE8C812.d.D14A097ABE3F395C94E5154E9A33F2AA.e.271"}]}
COMMAND: GET /session/7a47d135f75b3f9dc9ed0ec43722f433/screenshot - {}
RESULT: {}
RESULT: {"script":"<script> [5351 bytes]","args":[{"element-6066-11e4-a52e-4f735466cecf":"f.EC16CDDA184DC683CEF5B04FDEE8C812.d.D14A097ABE3F395C94E5154E9A33F2AA.e.271","ELEMENT":"f.EC16CDDA184DC683CEF5B04FDEE8C812.d.D14A097ABE3F395C94E5154E9A33F2AA.e.271"}]}
COMMAND: GET /session/7a47d135f75b3f9dc9ed0ec43722f433/screenshot - {}
RESULT: {}
RESULT: {}
COMMAND: POST /session/7a47d135f75b3f9dc9ed0ec43722f433/execute/async - {"script":"<script> [1562 bytes]","args":[{"selector":{"controlType":"sap.m.GenericTile","properties":{"header":"Manage Yards"}},"wdio_ui5_key":"sapm.GenericTile{\"header\":\"Manage Yards\"}"}]}
RESULT: {"script":"<script> [1562 bytes]","args":[{"selector":{"controlType":"sap.m.GenericTile","properties":{"header":"Manage Yards"}},"wdio_ui5_key":"sapm.GenericTile{\"header\":\"Manage Yards\"}"}]}
RESULT: undefined
COMMAND: POST /session/7a47d135f75b3f9dc9ed0ec43722f433/element - {"using":"xpath","value":"//*[@id=\"__tile41\"]"}
RESULT: {"using":"xpath","value":"//*[@id=\"__tile41\"]"}
COMMAND: POST /session/7a47d135f75b3f9dc9ed0ec43722f433/element/f.EC16CDDA184DC683CEF5B04FDEE8C812.d.D14A097ABE3F395C94E5154E9A33F2AA.e.168/click - {}
RESULT: {}
COMMAND: GET /session/7a47d135f75b3f9dc9ed0ec43722f433/screenshot - {}
RESULT: {}
COMMAND: POST /session/7a47d135f75b3f9dc9ed0ec43722f433/elements - {"using":"xpath","value":"//span[text()='Error']"}
RESULT: {"using":"xpath","value":"//span[text()='Error']"}
COMMAND: POST /session/7a47d135f75b3f9dc9ed0ec43722f433/element - {"using":"xpath","value":"//button[@data-kt=\"addNewYardOverflowToolbarButton\"]"}
RESULT: {"using":"xpath","value":"//button[@data-kt=\"addNewYardOverflowToolbarButton\"]"}
COMMAND: POST /session/7a47d135f75b3f9dc9ed0ec43722f433/elements - {"using":"xpath","value":"//button[@data-kt=\"addNewYardOverflowToolbarButton\"]"}
RESULT: {"using":"xpath","value":"//button[@data-kt=\"addNewYardOverflowToolbarButton\"]"}
COMMAND: POST /session/7a47d135f75b3f9dc9ed0ec43722f433/elements - {"using":"xpath","value":"//button[@data-kt=\"addNewYardOverflowToolbarButton\"]"}
RESULT: {"using":"xpath","value":"//button[@data-kt=\"addNewYardOverflowToolbarButton\"]"}
COMMAND: POST /session/7a47d135f75b3f9dc9ed0ec43722f433/elements - {"using":"xpath","value":"//button[@data-kt=\"addNewYardOverflowToolbarButton\"]"}
RESULT: {"using":"xpath","value":"//button[@data-kt=\"addNewYardOverflowToolbarButton\"]"}
COMMAND: POST /session/7a47d135f75b3f9dc9ed0ec43722f433/elements - {"using":"xpath","value":"//button[@data-kt=\"addNewYardOverflowToolbarButton\"]"}
RESULT: {"using":"xpath","value":"//button[@data-kt=\"addNewYardOverflowToolbarButton\"]"}
COMMAND: POST /session/7a47d135f75b3f9dc9ed0ec43722f433/elements - {"using":"xpath","value":"//button[@data-kt=\"addNewYardOverflowToolbarButton\"]"}
RESULT: {"using":"xpath","value":"//button[@data-kt=\"addNewYardOverflowToolbarButton\"]"}
COMMAND: POST /session/7a47d135f75b3f9dc9ed0ec43722f433/elements - {"using":"xpath","value":"//button[@data-kt=\"addNewYardOverflowToolbarButton\"]"}
RESULT: {"using":"xpath","value":"//button[@data-kt=\"addNewYardOverflowToolbarButton\"]"}
COMMAND: POST /session/7a47d135f75b3f9dc9ed0ec43722f433/elements - {"using":"xpath","value":"//button[@data-kt=\"addNewYardOverflowToolbarButton\"]"}
RESULT: {"using":"xpath","value":"//button[@data-kt=\"addNewYardOverflowToolbarButton\"]"}
COMMAND: POST /session/7a47d135f75b3f9dc9ed0ec43722f433/elements - {"using":"xpath","value":"//button[@data-kt=\"addNewYardOverflowToolbarButton\"]"}
RESULT: {"using":"xpath","value":"//button[@data-kt=\"addNewYardOverflowToolbarButton\"]"}
COMMAND: POST /session/7a47d135f75b3f9dc9ed0ec43722f433/elements - {"using":"xpath","value":"//button[@data-kt=\"addNewYardOverflowToolbarButton\"]"}
RESULT: {"using":"xpath","value":"//button[@data-kt=\"addNewYardOverflowToolbarButton\"]"}
COMMAND: POST /session/7a47d135f75b3f9dc9ed0ec43722f433/elements - {"using":"xpath","value":"//button[@data-kt=\"addNewYardOverflowToolbarButton\"]"}
RESULT: {"using":"xpath","value":"//button[@data-kt=\"addNewYardOverflowToolbarButton\"]"}
COMMAND: POST /session/7a47d135f75b3f9dc9ed0ec43722f433/elements - {"using":"xpath","value":"//button[@data-kt=\"addNewYardOverflowToolbarButton\"]"}
RESULT: {"using":"xpath","value":"//button[@data-kt=\"addNewYardOverflowToolbarButton\"]"}
COMMAND: POST /session/7a47d135f75b3f9dc9ed0ec43722f433/elements - {"using":"xpath","value":"//button[@data-kt=\"addNewYardOverflowToolbarButton\"]"}
RESULT: {"using":"xpath","value":"//button[@data-kt=\"addNewYardOverflowToolbarButton\"]"}
COMMAND: POST /session/7a47d135f75b3f9dc9ed0ec43722f433/elements - {"using":"xpath","value":"//button[@data-kt=\"addNewYardOverflowToolbarButton\"]"}
RESULT: {"using":"xpath","value":"//button[@data-kt=\"addNewYardOverflowToolbarButton\"]"}
COMMAND: POST /session/7a47d135f75b3f9dc9ed0ec43722f433/elements - {"using":"xpath","value":"//button[@data-kt=\"addNewYardOverflowToolbarButton\"]"}
RESULT: {"using":"xpath","value":"//button[@data-kt=\"addNewYardOverflowToolbarButton\"]"}
COMMAND: POST /session/7a47d135f75b3f9dc9ed0ec43722f433/elements - {"using":"xpath","value":"//button[@data-kt=\"addNewYardOverflowToolbarButton\"]"}
RESULT: {"using":"xpath","value":"//button[@data-kt=\"addNewYardOverflowToolbarButton\"]"}
COMMAND: POST /session/7a47d135f75b3f9dc9ed0ec43722f433/elements - {"using":"xpath","value":"//button[@data-kt=\"addNewYardOverflowToolbarButton\"]"}
RESULT: {"using":"xpath","value":"//button[@data-kt=\"addNewYardOverflowToolbarButton\"]"}
COMMAND: POST /session/7a47d135f75b3f9dc9ed0ec43722f433/elements - {"using":"xpath","value":"//button[@data-kt=\"addNewYardOverflowToolbarButton\"]"}
RESULT: {"using":"xpath","value":"//button[@data-kt=\"addNewYardOverflowToolbarButton\"]"}
COMMAND: POST /session/7a47d135f75b3f9dc9ed0ec43722f433/elements - {"using":"xpath","value":"//button[@data-kt=\"addNewYardOverflowToolbarButton\"]"}
RESULT: {"using":"xpath","value":"//button[@data-kt=\"addNewYardOverflowToolbarButton\"]"}
COMMAND: POST /session/7a47d135f75b3f9dc9ed0ec43722f433/elements - {"using":"xpath","value":"//button[@data-kt=\"addNewYardOverflowToolbarButton\"]"}
RESULT: {"using":"xpath","value":"//button[@data-kt=\"addNewYardOverflowToolbarButton\"]"}
COMMAND: POST /session/7a47d135f75b3f9dc9ed0ec43722f433/elements - {"using":"xpath","value":"//button[@data-kt=\"addNewYardOverflowToolbarButton\"]"}
RESULT: {"using":"xpath","value":"//button[@data-kt=\"addNewYardOverflowToolbarButton\"]"}
COMMAND: POST /session/7a47d135f75b3f9dc9ed0ec43722f433/elements - {"using":"xpath","value":"//button[@data-kt=\"addNewYardOverflowToolbarButton\"]"}
RESULT: {"using":"xpath","value":"//button[@data-kt=\"addNewYardOverflowToolbarButton\"]"}
COMMAND: POST /session/7a47d135f75b3f9dc9ed0ec43722f433/elements - {"using":"xpath","value":"//button[@data-kt=\"addNewYardOverflowToolbarButton\"]"}
RESULT: {"using":"xpath","value":"//button[@data-kt=\"addNewYardOverflowToolbarButton\"]"}
COMMAND: POST /session/7a47d135f75b3f9dc9ed0ec43722f433/elements - {"using":"xpath","value":"//button[@data-kt=\"addNewYardOverflowToolbarButton\"]"}
RESULT: {"using":"xpath","value":"//button[@data-kt=\"addNewYardOverflowToolbarButton\"]"}
COMMAND: POST /session/7a47d135f75b3f9dc9ed0ec43722f433/elements - {"using":"xpath","value":"//button[@data-kt=\"addNewYardOverflowToolbarButton\"]"}
RESULT: {"using":"xpath","value":"//button[@data-kt=\"addNewYardOverflowToolbarButton\"]"}
COMMAND: POST /session/7a47d135f75b3f9dc9ed0ec43722f433/element - {"using":"xpath","value":"//button[@data-kt=\"addNewYardOverflowToolbarButton\"]"}
RESULT: {"using":"xpath","value":"//button[@data-kt=\"addNewYardOverflowToolbarButton\"]"}
COMMAND: POST /session/7a47d135f75b3f9dc9ed0ec43722f433/execute/sync - {"script":"<script> [8489 bytes]","args":[{"element-6066-11e4-a52e-4f735466cecf":"f.EC16CDDA184DC683CEF5B04FDEE8C812.d.D14A097ABE3F395C94E5154E9A33F2AA.e.300","ELEMENT":"f.EC16CDDA184DC683CEF5B04FDEE8C812.d.D14A097ABE3F395C94E5154E9A33F2AA.e.300"}]}
RESULT: {"script":"<script> [8489 bytes]","args":[{"element-6066-11e4-a52e-4f735466cecf":"f.EC16CDDA184DC683CEF5B04FDEE8C812.d.D14A097ABE3F395C94E5154E9A33F2AA.e.300","ELEMENT":"f.EC16CDDA184DC683CEF5B04FDEE8C812.d.D14A097ABE3F395C94E5154E9A33F2AA.e.300"}]}
COMMAND: GET /session/7a47d135f75b3f9dc9ed0ec43722f433/element/f.EC16CDDA184DC683CEF5B04FDEE8C812.d.D14A097ABE3F395C94E5154E9A33F2AA.e.300/enabled - {}
COMMAND: GET /session/7a47d135f75b3f9dc9ed0ec43722f433/screenshot - {}
RESULT: {}
COMMAND: POST /session/7a47d135f75b3f9dc9ed0ec43722f433/execute/sync - {"script":"<script> [8489 bytes]","args":[{"element-6066-11e4-a52e-4f735466cecf":"f.EC16CDDA184DC683CEF5B04FDEE8C812.d.D14A097ABE3F395C94E5154E9A33F2AA.e.300","ELEMENT":"f.EC16CDDA184DC683CEF5B04FDEE8C812.d.D14A097ABE3F395C94E5154E9A33F2AA.e.300"}]}
COMMAND: GET /session/7a47d135f75b3f9dc9ed0ec43722f433/screenshot - {}
RESULT: {}
RESULT: {"script":"<script> [8489 bytes]","args":[{"element-6066-11e4-a52e-4f735466cecf":"f.EC16CDDA184DC683CEF5B04FDEE8C812.d.D14A097ABE3F395C94E5154E9A33F2AA.e.300","ELEMENT":"f.EC16CDDA184DC683CEF5B04FDEE8C812.d.D14A097ABE3F395C94E5154E9A33F2AA.e.300"}]}
COMMAND: POST /session/7a47d135f75b3f9dc9ed0ec43722f433/execute/sync - {"script":"<script> [5351 bytes]","args":[{"element-6066-11e4-a52e-4f735466cecf":"f.EC16CDDA184DC683CEF5B04FDEE8C812.d.D14A097ABE3F395C94E5154E9A33F2AA.e.300","ELEMENT":"f.EC16CDDA184DC683CEF5B04FDEE8C812.d.D14A097ABE3F395C94E5154E9A33F2AA.e.300"}]}
COMMAND: GET /session/7a47d135f75b3f9dc9ed0ec43722f433/screenshot - {}
RESULT: {}
RESULT: {"script":"<script> [5351 bytes]","args":[{"element-6066-11e4-a52e-4f735466cecf":"f.EC16CDDA184DC683CEF5B04FDEE8C812.d.D14A097ABE3F395C94E5154E9A33F2AA.e.300","ELEMENT":"f.EC16CDDA184DC683CEF5B04FDEE8C812.d.D14A097ABE3F395C94E5154E9A33F2AA.e.300"}]}
COMMAND: POST /session/7a47d135f75b3f9dc9ed0ec43722f433/element/f.EC16CDDA184DC683CEF5B04FDEE8C812.d.D14A097ABE3F395C94E5154E9A33F2AA.e.300/click - {}
COMMAND: GET /session/7a47d135f75b3f9dc9ed0ec43722f433/screenshot - {}
RESULT: {}
RESULT: {}
COMMAND: GET /session/7a47d135f75b3f9dc9ed0ec43722f433/screenshot - {}
RESULT: {}
RESULT: {}
COMMAND: POST /session/7a47d135f75b3f9dc9ed0ec43722f433/element - {"using":"xpath","value":"//input[@id=\"application-manageyards-display-component---NewYard--yardId-inner\"]"}
RESULT: {"using":"xpath","value":"//input[@id=\"application-manageyards-display-component---NewYard--yardId-inner\"]"}
COMMAND: POST /session/7a47d135f75b3f9dc9ed0ec43722f433/element - {"using":"xpath","value":"//input[@id=\"application-manageyards-display-component---NewYard--yardId-inner\"]"}
RESULT: {"using":"xpath","value":"//input[@id=\"application-manageyards-display-component---NewYard--yardId-inner\"]"}
COMMAND: POST /session/7a47d135f75b3f9dc9ed0ec43722f433/execute/async - {"script":"<script> [1562 bytes]","args":[{"selector":{"id":"application-manageyards-display-component---NewYard--addressDetailDetailsName1","interaction":{"idSuffix":"inner"}},"wdio_ui5_key":"applicationmanageyards-display-component---NewYard--addressDetailDetailsName1"}]}
RESULT: {"script":"<script> [1562 bytes]","args":[{"selector":{"id":"application-manageyards-display-component---NewYard--addressDetailDetailsName1","interaction":{"idSuffix":"inner"}},"wdio_ui5_key":"applicationmanageyards-display-component---NewYard--addressDetailDetailsName1"}]}
RESULT: undefined
COMMAND: POST /session/7a47d135f75b3f9dc9ed0ec43722f433/execute/async - {"script":"<script> [776 bytes]","args":[{"enterText":"Intracompany Yard wdIO","selector":{"id":"application-manageyards-display-component---NewYard--addressDetailDetailsName1","interaction":{"idSuffix":"inner"}},"clearTextFirst":true,"interactionType":"ENTER_TEXT"}]}
RESULT: {"script":"<script> [776 bytes]","args":[{"enterText":"Intracompany Yard wdIO","selector":{"id":"application-manageyards-display-component---NewYard--addressDetailDetailsName1","interaction":{"idSuffix":"inner"}},"clearTextFirst":true,"interactionType":"ENTER_TEXT"}]}
COMMAND: POST /session/7a47d135f75b3f9dc9ed0ec43722f433/execute/async - {"script":"<script> [1562 bytes]","args":[{"selector":{"id":"application-manageyards-display-component---NewYard--addressDetailDetailsLanguage-arrow"},"wdio_ui5_key":"applicationmanageyards-display-component---NewYard--addressDetailDetailsLanguage-arrow"}]}
RESULT: {"script":"<script> [1562 bytes]","args":[{"selector":{"id":"application-manageyards-display-component---NewYard--addressDetailDetailsLanguage-arrow"},"wdio_ui5_key":"applicationmanageyards-display-component---NewYard--addressDetailDetailsLanguage-arrow"}]}
RESULT: undefined
COMMAND: POST /session/7a47d135f75b3f9dc9ed0ec43722f433/element - {"using":"xpath","value":"//*[@id=\"application-manageyards-display-component---NewYard--addressDetailDetailsLanguage-arrow\"]"}
RESULT: {"using":"xpath","value":"//*[@id=\"application-manageyards-display-component---NewYard--addressDetailDetailsLanguage-arrow\"]"}
COMMAND: POST /session/7a47d135f75b3f9dc9ed0ec43722f433/element/f.EC16CDDA184DC683CEF5B04FDEE8C812.d.D14A097ABE3F395C94E5154E9A33F2AA.e.735/click - {}
RESULT: {}
COMMAND: POST /session/7a47d135f75b3f9dc9ed0ec43722f433/element - {"using":"xpath","value":"//span[contains(text(), \"English\")]"}
COMMAND: GET /session/7a47d135f75b3f9dc9ed0ec43722f433/screenshot - {}
RESULT: {"using":"xpath","value":"//span[contains(text(), \"English\")]"}
COMMAND: POST /session/7a47d135f75b3f9dc9ed0ec43722f433/element/f.EC16CDDA184DC683CEF5B04FDEE8C812.d.D14A097ABE3F395C94E5154E9A33F2AA.e.736/click - {}
RESULT: {}
RESULT: {}
COMMAND: POST /session/7a47d135f75b3f9dc9ed0ec43722f433/execute/async - {"script":"<script> [1562 bytes]","args":[{"selector":{"id":"application-manageyards-display-component---NewYard--addressDetailDetailsCity1","interaction":{"idSuffix":"inner"}},"wdio_ui5_key":"applicationmanageyards-display-component---NewYard--addressDetailDetailsCity1"}]}
COMMAND: GET /session/7a47d135f75b3f9dc9ed0ec43722f433/screenshot - {}
RESULT: {"script":"<script> [1562 bytes]","args":[{"selector":{"id":"application-manageyards-display-component---NewYard--addressDetailDetailsCity1","interaction":{"idSuffix":"inner"}},"wdio_ui5_key":"applicationmanageyards-display-component---NewYard--addressDetailDetailsCity1"}]}
RESULT: undefined
COMMAND: POST /session/7a47d135f75b3f9dc9ed0ec43722f433/execute/async - {"script":"<script> [776 bytes]","args":[{"enterText":"Rosario","selector":{"id":"application-manageyards-display-component---NewYard--addressDetailDetailsCity1","interaction":{"idSuffix":"inner"}},"clearTextFirst":true,"interactionType":"ENTER_TEXT"}]}
RESULT: {}
RESULT: {"script":"<script> [776 bytes]","args":[{"enterText":"Rosario","selector":{"id":"application-manageyards-display-component---NewYard--addressDetailDetailsCity1","interaction":{"idSuffix":"inner"}},"clearTextFirst":true,"interactionType":"ENTER_TEXT"}]}
COMMAND: POST /session/7a47d135f75b3f9dc9ed0ec43722f433/execute/async - {"script":"<script> [1562 bytes]","args":[{"selector":{"id":"application-manageyards-display-component---NewYard--addressDetailDetailsCountry-arrow"},"wdio_ui5_key":"applicationmanageyards-display-component---NewYard--addressDetailDetailsCountry-arrow"}]}
RESULT: {"script":"<script> [1562 bytes]","args":[{"selector":{"id":"application-manageyards-display-component---NewYard--addressDetailDetailsCountry-arrow"},"wdio_ui5_key":"applicationmanageyards-display-component---NewYard--addressDetailDetailsCountry-arrow"}]}
RESULT: undefined
COMMAND: POST /session/7a47d135f75b3f9dc9ed0ec43722f433/element - {"using":"xpath","value":"//*[@id=\"application-manageyards-display-component---NewYard--addressDetailDetailsCountry-arrow\"]"}
RESULT: {"using":"xpath","value":"//*[@id=\"application-manageyards-display-component---NewYard--addressDetailDetailsCountry-arrow\"]"}
COMMAND: POST /session/7a47d135f75b3f9dc9ed0ec43722f433/element/f.EC16CDDA184DC683CEF5B04FDEE8C812.d.D14A097ABE3F395C94E5154E9A33F2AA.e.738/click - {}
RESULT: {}
COMMAND: POST /session/7a47d135f75b3f9dc9ed0ec43722f433/element - {"using":"xpath","value":"//span[contains(text(), \"Argentina\")]"}
COMMAND: GET /session/7a47d135f75b3f9dc9ed0ec43722f433/screenshot - {}
RESULT: {"using":"xpath","value":"//span[contains(text(), \"Argentina\")]"}
COMMAND: POST /session/7a47d135f75b3f9dc9ed0ec43722f433/element/f.EC16CDDA184DC683CEF5B04FDEE8C812.d.D14A097ABE3F395C94E5154E9A33F2AA.e.739/click - {}
RESULT: {}
RESULT: {}
COMMAND: POST /session/7a47d135f75b3f9dc9ed0ec43722f433/execute/async - {"script":"<script> [1562 bytes]","args":[{"selector":{"id":"application-manageyards-display-component---NewYard--addressEditDetailsCostObjectCstType-arrow"},"wdio_ui5_key":"applicationmanageyards-display-component---NewYard--addressEditDetailsCostObjectCstType-arrow"}]}
COMMAND: GET /session/7a47d135f75b3f9dc9ed0ec43722f433/screenshot - {}
RESULT: {"script":"<script> [1562 bytes]","args":[{"selector":{"id":"application-manageyards-display-component---NewYard--addressEditDetailsCostObjectCstType-arrow"},"wdio_ui5_key":"applicationmanageyards-display-component---NewYard--addressEditDetailsCostObjectCstType-arrow"}]}
RESULT: undefined
COMMAND: POST /session/7a47d135f75b3f9dc9ed0ec43722f433/element - {"using":"xpath","value":"//*[@id=\"application-manageyards-display-component---NewYard--addressEditDetailsCostObjectCstType-arrow\"]"}
RESULT: {}
RESULT: {"using":"xpath","value":"//*[@id=\"application-manageyards-display-component---NewYard--addressEditDetailsCostObjectCstType-arrow\"]"}
COMMAND: POST /session/7a47d135f75b3f9dc9ed0ec43722f433/element/f.EC16CDDA184DC683CEF5B04FDEE8C812.d.D14A097ABE3F395C94E5154E9A33F2AA.e.741/click - {}
RESULT: {}
COMMAND: POST /session/7a47d135f75b3f9dc9ed0ec43722f433/element - {"using":"xpath","value":"//span[contains(text(), \"Cost Center\")]"}
COMMAND: GET /session/7a47d135f75b3f9dc9ed0ec43722f433/screenshot - {}
RESULT: {"using":"xpath","value":"//span[contains(text(), \"Cost Center\")]"}
COMMAND: POST /session/7a47d135f75b3f9dc9ed0ec43722f433/element/f.EC16CDDA184DC683CEF5B04FDEE8C812.d.D14A097ABE3F395C94E5154E9A33F2AA.e.742/click - {}
RESULT: {}
RESULT: {}
COMMAND: GET /session/7a47d135f75b3f9dc9ed0ec43722f433/screenshot - {}
RESULT: {}
COMMAND: POST /session/7a47d135f75b3f9dc9ed0ec43722f433/element - {"using":"xpath","value":"//span[@id=\"application-manageyards-display-component---NewYard--addressNewCostObjectCstID-vhi\"]"}
RESULT: {"using":"xpath","value":"//span[@id=\"application-manageyards-display-component---NewYard--addressNewCostObjectCstID-vhi\"]"}
COMMAND: POST /session/7a47d135f75b3f9dc9ed0ec43722f433/execute/sync - {"script":"<script> [8489 bytes]","args":[{"element-6066-11e4-a52e-4f735466cecf":"f.EC16CDDA184DC683CEF5B04FDEE8C812.d.D14A097ABE3F395C94E5154E9A33F2AA.e.746","ELEMENT":"f.EC16CDDA184DC683CEF5B04FDEE8C812.d.D14A097ABE3F395C94E5154E9A33F2AA.e.746"}]}
RESULT: {"script":"<script> [8489 bytes]","args":[{"element-6066-11e4-a52e-4f735466cecf":"f.EC16CDDA184DC683CEF5B04FDEE8C812.d.D14A097ABE3F395C94E5154E9A33F2AA.e.746","ELEMENT":"f.EC16CDDA184DC683CEF5B04FDEE8C812.d.D14A097ABE3F395C94E5154E9A33F2AA.e.746"}]}
COMMAND: POST /session/7a47d135f75b3f9dc9ed0ec43722f433/execute/async - {"script":"<script> [1562 bytes]","args":[{"selector":{"id":"application-manageyards-display-component---NewYard--addressNewCostObjectCstID-vhi"},"wdio_ui5_key":"applicationmanageyards-display-component---NewYard--addressNewCostObjectCstID-vhi"}]}
COMMAND: GET /session/7a47d135f75b3f9dc9ed0ec43722f433/screenshot - {}
RESULT: {"script":"<script> [1562 bytes]","args":[{"selector":{"id":"application-manageyards-display-component---NewYard--addressNewCostObjectCstID-vhi"},"wdio_ui5_key":"applicationmanageyards-display-component---NewYard--addressNewCostObjectCstID-vhi"}]}
RESULT: undefined
COMMAND: POST /session/7a47d135f75b3f9dc9ed0ec43722f433/element - {"using":"xpath","value":"//*[@id=\"application-manageyards-display-component---NewYard--addressNewCostObjectCstID-vhi\"]"}
RESULT: {}
RESULT: {"using":"xpath","value":"//*[@id=\"application-manageyards-display-component---NewYard--addressNewCostObjectCstID-vhi\"]"}
COMMAND: POST /session/7a47d135f75b3f9dc9ed0ec43722f433/element/f.EC16CDDA184DC683CEF5B04FDEE8C812.d.D14A097ABE3F395C94E5154E9A33F2AA.e.746/click - {}
RESULT: {}
COMMAND: GET /session/7a47d135f75b3f9dc9ed0ec43722f433/screenshot - {}
RESULT: {}
COMMAND: POST /session/7a47d135f75b3f9dc9ed0ec43722f433/execute/async - {"script":"<script> [1562 bytes]","args":[{"selector":{"controlType":"sap.m.SearchField","properties":{"placeholder":"Search"},"searchOpenDialogs":true,"interaction":{"idSuffix":"I"}},"wdio_ui5_key":"sapm.SearchField{\"placeholder\":\"Search\"}"}]}
RESULT: {"script":"<script> [1562 bytes]","args":[{"selector":{"controlType":"sap.m.SearchField","properties":{"placeholder":"Search"},"searchOpenDialogs":true,"interaction":{"idSuffix":"I"}},"wdio_ui5_key":"sapm.SearchField{\"placeholder\":\"Search\"}"}]}
RESULT: undefined
COMMAND: POST /session/7a47d135f75b3f9dc9ed0ec43722f433/execute/async - {"script":"<script> [776 bytes]","args":[{"enterText":"bauh_b","selector":{"controlType":"sap.m.SearchField","properties":{"placeholder":"Search"},"searchOpenDialogs":true,"interaction":{"idSuffix":"I"}},"clearTextFirst":true,"interactionType":"ENTER_TEXT"}]}
RESULT: {"script":"<script> [776 bytes]","args":[{"enterText":"bauh_b","selector":{"controlType":"sap.m.SearchField","properties":{"placeholder":"Search"},"searchOpenDialogs":true,"interaction":{"idSuffix":"I"}},"clearTextFirst":true,"interactionType":"ENTER_TEXT"}]}
COMMAND: POST /session/7a47d135f75b3f9dc9ed0ec43722f433/actions - {"actions":[{"id":"action1","type":"key","parameters":{},"actions":[{"type":"keyDown","value":"î€‡"},{"type":"pause","duration":10},{"type":"keyUp","value":"î€‡"}]}]}
RESULT: {"actions":[{"id":"action1","type":"key","parameters":{},"actions":[{"type":"keyDown","value":"î€‡"},{"type":"pause","duration":10},{"type":"keyUp","value":"î€‡"}]}]}
COMMAND: GET /session/7a47d135f75b3f9dc9ed0ec43722f433/screenshot - {}
RESULT: {}
COMMAND: POST /session/7a47d135f75b3f9dc9ed0ec43722f433/element - {"using":"xpath","value":"//span[contains(text(), \"Demo Yard\")]"}
RESULT: {"using":"xpath","value":"//span[contains(text(), \"Demo Yard\")]"}
COMMAND: POST /session/7a47d135f75b3f9dc9ed0ec43722f433/element/f.EC16CDDA184DC683CEF5B04FDEE8C812.d.D14A097ABE3F395C94E5154E9A33F2AA.e.787/click - {}
RESULT: {}
COMMAND: GET /session/7a47d135f75b3f9dc9ed0ec43722f433/screenshot - {}
RESULT: {}
COMMAND: POST /session/7a47d135f75b3f9dc9ed0ec43722f433/element - {"using":"xpath","value":"//bdi[contains(text(), \"OK\")]"}
RESULT: {"using":"xpath","value":"//bdi[contains(text(), \"OK\")]"}
COMMAND: POST /session/7a47d135f75b3f9dc9ed0ec43722f433/element/f.EC16CDDA184DC683CEF5B04FDEE8C812.d.D14A097ABE3F395C94E5154E9A33F2AA.e.788/click - {}
RESULT: {}
COMMAND: GET /session/7a47d135f75b3f9dc9ed0ec43722f433/screenshot - {}
RESULT: {}
COMMAND: POST /session/7a47d135f75b3f9dc9ed0ec43722f433/execute/async - {"script":"<script> [1562 bytes]","args":[{"selector":{"id":"application-manageyards-display-component---NewYard--addressEditDetailsCurrency-arrow"},"wdio_ui5_key":"applicationmanageyards-display-component---NewYard--addressEditDetailsCurrency-arrow"}]}
RESULT: {"script":"<script> [1562 bytes]","args":[{"selector":{"id":"application-manageyards-display-component---NewYard--addressEditDetailsCurrency-arrow"},"wdio_ui5_key":"applicationmanageyards-display-component---NewYard--addressEditDetailsCurrency-arrow"}]}
RESULT: undefined
COMMAND: POST /session/7a47d135f75b3f9dc9ed0ec43722f433/element - {"using":"xpath","value":"//*[@id=\"application-manageyards-display-component---NewYard--addressEditDetailsCurrency-arrow\"]"}
RESULT: {"using":"xpath","value":"//*[@id=\"application-manageyards-display-component---NewYard--addressEditDetailsCurrency-arrow\"]"}
COMMAND: POST /session/7a47d135f75b3f9dc9ed0ec43722f433/element/f.EC16CDDA184DC683CEF5B04FDEE8C812.d.D14A097ABE3F395C94E5154E9A33F2AA.e.791/click - {}
RESULT: {}
COMMAND: POST /session/7a47d135f75b3f9dc9ed0ec43722f433/element - {"using":"xpath","value":"//span[contains(text(), \"Euro\")]"}
COMMAND: GET /session/7a47d135f75b3f9dc9ed0ec43722f433/screenshot - {}
RESULT: {"using":"xpath","value":"//span[contains(text(), \"Euro\")]"}
COMMAND: POST /session/7a47d135f75b3f9dc9ed0ec43722f433/element/f.EC16CDDA184DC683CEF5B04FDEE8C812.d.D14A097ABE3F395C94E5154E9A33F2AA.e.792/click - {}
RESULT: {}
RESULT: {}
COMMAND: POST /session/7a47d135f75b3f9dc9ed0ec43722f433/execute/async - {"script":"<script> [1562 bytes]","args":[{"selector":{"controlType":"sap.m.Input","viewName":"etm.portal.ui.manageyards.view.New","viewId":"application-manageyards-display-component---NewYard","bindingPath":{"path":"","propertyPath":"/CONTROLLING_AREA","modelName":"NewYardModel"},"interaction":{"idSuffix":"inner"}},"wdio_ui5_key":"etmportal.ui.manageyards.view.Newsap.m.Input{\"path\":\"\",\"propertyPath\":\"/CONTROLLING_AREA\",\"modelName\":\"NewYardModel\"}"}]}
COMMAND: GET /session/7a47d135f75b3f9dc9ed0ec43722f433/screenshot - {}
RESULT: {"script":"<script> [1562 bytes]","args":[{"selector":{"controlType":"sap.m.Input","viewName":"etm.portal.ui.manageyards.view.New","viewId":"application-manageyards-display-component---NewYard","bindingPath":{"path":"","propertyPath":"/CONTROLLING_AREA","modelName":"NewYardModel"},"interaction":{"idSuffix":"inner"}},"wdio_ui5_key":"etmportal.ui.manageyards.view.Newsap.m.Input{\"path\":\"\",\"propertyPath\":\"/CONTROLLING_AREA\",\"modelName\":\"NewYardModel\"}"}]}
RESULT: undefined
COMMAND: POST /session/7a47d135f75b3f9dc9ed0ec43722f433/execute/async - {"script":"<script> [776 bytes]","args":[{"enterText":"Z001","selector":{"controlType":"sap.m.Input","viewName":"etm.portal.ui.manageyards.view.New","viewId":"application-manageyards-display-component---NewYard","bindingPath":{"path":"","propertyPath":"/CONTROLLING_AREA","modelName":"NewYardModel"},"interaction":{"idSuffix":"inner"}},"clearTextFirst":true,"interactionType":"ENTER_TEXT"}]}
RESULT: {}
RESULT: {"script":"<script> [776 bytes]","args":[{"enterText":"Z001","selector":{"controlType":"sap.m.Input","viewName":"etm.portal.ui.manageyards.view.New","viewId":"application-manageyards-display-component---NewYard","bindingPath":{"path":"","propertyPath":"/CONTROLLING_AREA","modelName":"NewYardModel"},"interaction":{"idSuffix":"inner"}},"clearTextFirst":true,"interactionType":"ENTER_TEXT"}]}
COMMAND: POST /session/7a47d135f75b3f9dc9ed0ec43722f433/execute/async - {"script":"<script> [1562 bytes]","args":[{"selector":{"id":"application-manageyards-display-component---NewYard--companyCodeComboBox","interaction":{"idSuffix":"inner"}},"wdio_ui5_key":"applicationmanageyards-display-component---NewYard--companyCodeComboBox"}]}
RESULT: {"script":"<script> [1562 bytes]","args":[{"selector":{"id":"application-manageyards-display-component---NewYard--companyCodeComboBox","interaction":{"idSuffix":"inner"}},"wdio_ui5_key":"applicationmanageyards-display-component---NewYard--companyCodeComboBox"}]}
RESULT: undefined
COMMAND: POST /session/7a47d135f75b3f9dc9ed0ec43722f433/execute/async - {"script":"<script> [776 bytes]","args":[{"enterText":"1000","selector":{"id":"application-manageyards-display-component---NewYard--companyCodeComboBox","interaction":{"idSuffix":"inner"}},"clearTextFirst":true,"interactionType":"ENTER_TEXT"}]}
RESULT: {"script":"<script> [776 bytes]","args":[{"enterText":"1000","selector":{"id":"application-manageyards-display-component---NewYard--companyCodeComboBox","interaction":{"idSuffix":"inner"}},"clearTextFirst":true,"interactionType":"ENTER_TEXT"}]}
COMMAND: POST /session/7a47d135f75b3f9dc9ed0ec43722f433/execute/async - {"script":"<script> [1562 bytes]","args":[{"selector":{"controlType":"sap.m.Input","viewName":"etm.portal.ui.manageyards.view.New","viewId":"application-manageyards-display-component---NewYard","bindingPath":{"path":"","propertyPath":"/PLANT","modelName":"NewYardModel"},"interaction":{"idSuffix":"inner"}},"wdio_ui5_key":"etmportal.ui.manageyards.view.Newsap.m.Input{\"path\":\"\",\"propertyPath\":\"/PLANT\",\"modelName\":\"NewYardModel\"}"}]}
RESULT: {"script":"<script> [1562 bytes]","args":[{"selector":{"controlType":"sap.m.Input","viewName":"etm.portal.ui.manageyards.view.New","viewId":"application-manageyards-display-component---NewYard","bindingPath":{"path":"","propertyPath":"/PLANT","modelName":"NewYardModel"},"interaction":{"idSuffix":"inner"}},"wdio_ui5_key":"etmportal.ui.manageyards.view.Newsap.m.Input{\"path\":\"\",\"propertyPath\":\"/PLANT\",\"modelName\":\"NewYardModel\"}"}]}
RESULT: undefined
COMMAND: POST /session/7a47d135f75b3f9dc9ed0ec43722f433/execute/async - {"script":"<script> [776 bytes]","args":[{"enterText":"1001","selector":{"controlType":"sap.m.Input","viewName":"etm.portal.ui.manageyards.view.New","viewId":"application-manageyards-display-component---NewYard","bindingPath":{"path":"","propertyPath":"/PLANT","modelName":"NewYardModel"},"interaction":{"idSuffix":"inner"}},"clearTextFirst":true,"interactionType":"ENTER_TEXT"}]}
RESULT: {"script":"<script> [776 bytes]","args":[{"enterText":"1001","selector":{"controlType":"sap.m.Input","viewName":"etm.portal.ui.manageyards.view.New","viewId":"application-manageyards-display-component---NewYard","bindingPath":{"path":"","propertyPath":"/PLANT","modelName":"NewYardModel"},"interaction":{"idSuffix":"inner"}},"clearTextFirst":true,"interactionType":"ENTER_TEXT"}]}
COMMAND: POST /session/7a47d135f75b3f9dc9ed0ec43722f433/execute/async - {"script":"<script> [1562 bytes]","args":[{"selector":{"controlType":"sap.m.Input","viewName":"etm.portal.ui.manageyards.view.New","viewId":"application-manageyards-display-component---NewYard","bindingPath":{"path":"","propertyPath":"/SALES_AREA_VKORG","modelName":"NewYardModel"},"interaction":{"idSuffix":"inner"}},"wdio_ui5_key":"etmportal.ui.manageyards.view.Newsap.m.Input{\"path\":\"\",\"propertyPath\":\"/SALES_AREA_VKORG\",\"modelName\":\"NewYardModel\"}"}]}
RESULT: {"script":"<script> [1562 bytes]","args":[{"selector":{"controlType":"sap.m.Input","viewName":"etm.portal.ui.manageyards.view.New","viewId":"application-manageyards-display-component---NewYard","bindingPath":{"path":"","propertyPath":"/SALES_AREA_VKORG","modelName":"NewYardModel"},"interaction":{"idSuffix":"inner"}},"wdio_ui5_key":"etmportal.ui.manageyards.view.Newsap.m.Input{\"path\":\"\",\"propertyPath\":\"/SALES_AREA_VKORG\",\"modelName\":\"NewYardModel\"}"}]}
RESULT: undefined
COMMAND: POST /session/7a47d135f75b3f9dc9ed0ec43722f433/execute/async - {"script":"<script> [776 bytes]","args":[{"enterText":"C002","selector":{"controlType":"sap.m.Input","viewName":"etm.portal.ui.manageyards.view.New","viewId":"application-manageyards-display-component---NewYard","bindingPath":{"path":"","propertyPath":"/SALES_AREA_VKORG","modelName":"NewYardModel"},"interaction":{"idSuffix":"inner"}},"clearTextFirst":true,"interactionType":"ENTER_TEXT"}]}
RESULT: {"script":"<script> [776 bytes]","args":[{"enterText":"C002","selector":{"controlType":"sap.m.Input","viewName":"etm.portal.ui.manageyards.view.New","viewId":"application-manageyards-display-component---NewYard","bindingPath":{"path":"","propertyPath":"/SALES_AREA_VKORG","modelName":"NewYardModel"},"interaction":{"idSuffix":"inner"}},"clearTextFirst":true,"interactionType":"ENTER_TEXT"}]}
COMMAND: POST /session/7a47d135f75b3f9dc9ed0ec43722f433/execute/async - {"script":"<script> [1562 bytes]","args":[{"selector":{"controlType":"sap.m.Input","viewName":"etm.portal.ui.manageyards.view.New","viewId":"application-manageyards-display-component---NewYard","bindingPath":{"path":"","propertyPath":"/SALES_AREA_VTWEG","modelName":"NewYardModel"},"interaction":{"idSuffix":"inner"}},"wdio_ui5_key":"etmportal.ui.manageyards.view.Newsap.m.Input{\"path\":\"\",\"propertyPath\":\"/SALES_AREA_VTWEG\",\"modelName\":\"NewYardModel\"}"}]}
RESULT: {"script":"<script> [1562 bytes]","args":[{"selector":{"controlType":"sap.m.Input","viewName":"etm.portal.ui.manageyards.view.New","viewId":"application-manageyards-display-component---NewYard","bindingPath":{"path":"","propertyPath":"/SALES_AREA_VTWEG","modelName":"NewYardModel"},"interaction":{"idSuffix":"inner"}},"wdio_ui5_key":"etmportal.ui.manageyards.view.Newsap.m.Input{\"path\":\"\",\"propertyPath\":\"/SALES_AREA_VTWEG\",\"modelName\":\"NewYardModel\"}"}]}
RESULT: undefined
COMMAND: POST /session/7a47d135f75b3f9dc9ed0ec43722f433/execute/async - {"script":"<script> [776 bytes]","args":[{"enterText":"C2","selector":{"controlType":"sap.m.Input","viewName":"etm.portal.ui.manageyards.view.New","viewId":"application-manageyards-display-component---NewYard","bindingPath":{"path":"","propertyPath":"/SALES_AREA_VTWEG","modelName":"NewYardModel"},"interaction":{"idSuffix":"inner"}},"clearTextFirst":true,"interactionType":"ENTER_TEXT"}]}
RESULT: {"script":"<script> [776 bytes]","args":[{"enterText":"C2","selector":{"controlType":"sap.m.Input","viewName":"etm.portal.ui.manageyards.view.New","viewId":"application-manageyards-display-component---NewYard","bindingPath":{"path":"","propertyPath":"/SALES_AREA_VTWEG","modelName":"NewYardModel"},"interaction":{"idSuffix":"inner"}},"clearTextFirst":true,"interactionType":"ENTER_TEXT"}]}
COMMAND: POST /session/7a47d135f75b3f9dc9ed0ec43722f433/execute/async - {"script":"<script> [1562 bytes]","args":[{"selector":{"controlType":"sap.m.Input","viewName":"etm.portal.ui.manageyards.view.New","viewId":"application-manageyards-display-component---NewYard","bindingPath":{"path":"","propertyPath":"/SALES_AREA_SPART","modelName":"NewYardModel"},"interaction":{"idSuffix":"inner"}},"wdio_ui5_key":"etmportal.ui.manageyards.view.Newsap.m.Input{\"path\":\"\",\"propertyPath\":\"/SALES_AREA_SPART\",\"modelName\":\"NewYardModel\"}"}]}
RESULT: {"script":"<script> [1562 bytes]","args":[{"selector":{"controlType":"sap.m.Input","viewName":"etm.portal.ui.manageyards.view.New","viewId":"application-manageyards-display-component---NewYard","bindingPath":{"path":"","propertyPath":"/SALES_AREA_SPART","modelName":"NewYardModel"},"interaction":{"idSuffix":"inner"}},"wdio_ui5_key":"etmportal.ui.manageyards.view.Newsap.m.Input{\"path\":\"\",\"propertyPath\":\"/SALES_AREA_SPART\",\"modelName\":\"NewYardModel\"}"}]}
RESULT: undefined
COMMAND: POST /session/7a47d135f75b3f9dc9ed0ec43722f433/execute/async - {"script":"<script> [776 bytes]","args":[{"enterText":"C2","selector":{"controlType":"sap.m.Input","viewName":"etm.portal.ui.manageyards.view.New","viewId":"application-manageyards-display-component---NewYard","bindingPath":{"path":"","propertyPath":"/SALES_AREA_SPART","modelName":"NewYardModel"},"interaction":{"idSuffix":"inner"}},"clearTextFirst":true,"interactionType":"ENTER_TEXT"}]}
RESULT: {"script":"<script> [776 bytes]","args":[{"enterText":"C2","selector":{"controlType":"sap.m.Input","viewName":"etm.portal.ui.manageyards.view.New","viewId":"application-manageyards-display-component---NewYard","bindingPath":{"path":"","propertyPath":"/SALES_AREA_SPART","modelName":"NewYardModel"},"interaction":{"idSuffix":"inner"}},"clearTextFirst":true,"interactionType":"ENTER_TEXT"}]}
COMMAND: POST /session/7a47d135f75b3f9dc9ed0ec43722f433/execute/async - {"script":"<script> [1562 bytes]","args":[{"selector":{"controlType":"sap.m.Input","viewName":"etm.portal.ui.manageyards.view.New","viewId":"application-manageyards-display-component---NewYard","bindingPath":{"path":"","propertyPath":"/SHIP_POINT","modelName":"NewYardModel"},"interaction":{"idSuffix":"inner"}},"wdio_ui5_key":"etmportal.ui.manageyards.view.Newsap.m.Input{\"path\":\"\",\"propertyPath\":\"/SHIP_POINT\",\"modelName\":\"NewYardModel\"}"}]}
RESULT: {"script":"<script> [1562 bytes]","args":[{"selector":{"controlType":"sap.m.Input","viewName":"etm.portal.ui.manageyards.view.New","viewId":"application-manageyards-display-component---NewYard","bindingPath":{"path":"","propertyPath":"/SHIP_POINT","modelName":"NewYardModel"},"interaction":{"idSuffix":"inner"}},"wdio_ui5_key":"etmportal.ui.manageyards.view.Newsap.m.Input{\"path\":\"\",\"propertyPath\":\"/SHIP_POINT\",\"modelName\":\"NewYardModel\"}"}]}
RESULT: undefined
COMMAND: POST /session/7a47d135f75b3f9dc9ed0ec43722f433/execute/async - {"script":"<script> [776 bytes]","args":[{"enterText":"1710","selector":{"controlType":"sap.m.Input","viewName":"etm.portal.ui.manageyards.view.New","viewId":"application-manageyards-display-component---NewYard","bindingPath":{"path":"","propertyPath":"/SHIP_POINT","modelName":"NewYardModel"},"interaction":{"idSuffix":"inner"}},"clearTextFirst":true,"interactionType":"ENTER_TEXT"}]}
RESULT: {"script":"<script> [776 bytes]","args":[{"enterText":"1710","selector":{"controlType":"sap.m.Input","viewName":"etm.portal.ui.manageyards.view.New","viewId":"application-manageyards-display-component---NewYard","bindingPath":{"path":"","propertyPath":"/SHIP_POINT","modelName":"NewYardModel"},"interaction":{"idSuffix":"inner"}},"clearTextFirst":true,"interactionType":"ENTER_TEXT"}]}
COMMAND: POST /session/7a47d135f75b3f9dc9ed0ec43722f433/execute/async - {"script":"<script> [1562 bytes]","args":[{"selector":{"controlType":"sap.m.Input","viewName":"etm.portal.ui.manageyards.view.New","viewId":"application-manageyards-display-component---NewYard","bindingPath":{"path":"","propertyPath":"/DELIVERY_TYPE","modelName":"NewYardModel"},"interaction":{"idSuffix":"inner"}},"wdio_ui5_key":"etmportal.ui.manageyards.view.Newsap.m.Input{\"path\":\"\",\"propertyPath\":\"/DELIVERY_TYPE\",\"modelName\":\"NewYardModel\"}"}]}
RESULT: {"script":"<script> [1562 bytes]","args":[{"selector":{"controlType":"sap.m.Input","viewName":"etm.portal.ui.manageyards.view.New","viewId":"application-manageyards-display-component---NewYard","bindingPath":{"path":"","propertyPath":"/DELIVERY_TYPE","modelName":"NewYardModel"},"interaction":{"idSuffix":"inner"}},"wdio_ui5_key":"etmportal.ui.manageyards.view.Newsap.m.Input{\"path\":\"\",\"propertyPath\":\"/DELIVERY_TYPE\",\"modelName\":\"NewYardModel\"}"}]}
RESULT: undefined
COMMAND: POST /session/7a47d135f75b3f9dc9ed0ec43722f433/execute/async - {"script":"<script> [776 bytes]","args":[{"enterText":"ZL01","selector":{"controlType":"sap.m.Input","viewName":"etm.portal.ui.manageyards.view.New","viewId":"application-manageyards-display-component---NewYard","bindingPath":{"path":"","propertyPath":"/DELIVERY_TYPE","modelName":"NewYardModel"},"interaction":{"idSuffix":"inner"}},"clearTextFirst":true,"interactionType":"ENTER_TEXT"}]}
RESULT: {"script":"<script> [776 bytes]","args":[{"enterText":"ZL01","selector":{"controlType":"sap.m.Input","viewName":"etm.portal.ui.manageyards.view.New","viewId":"application-manageyards-display-component---NewYard","bindingPath":{"path":"","propertyPath":"/DELIVERY_TYPE","modelName":"NewYardModel"},"interaction":{"idSuffix":"inner"}},"clearTextFirst":true,"interactionType":"ENTER_TEXT"}]}
COMMAND: POST /session/7a47d135f75b3f9dc9ed0ec43722f433/execute/async - {"script":"<script> [1562 bytes]","args":[{"selector":{"controlType":"sap.m.Input","viewName":"etm.portal.ui.manageyards.view.New","viewId":"application-manageyards-display-component---NewYard","bindingPath":{"path":"","propertyPath":"/AUART","modelName":"NewYardModel"},"interaction":{"idSuffix":"inner"}},"wdio_ui5_key":"etmportal.ui.manageyards.view.Newsap.m.Input{\"path\":\"\",\"propertyPath\":\"/AUART\",\"modelName\":\"NewYardModel\"}"}]}
RESULT: {"script":"<script> [1562 bytes]","args":[{"selector":{"controlType":"sap.m.Input","viewName":"etm.portal.ui.manageyards.view.New","viewId":"application-manageyards-display-component---NewYard","bindingPath":{"path":"","propertyPath":"/AUART","modelName":"NewYardModel"},"interaction":{"idSuffix":"inner"}},"wdio_ui5_key":"etmportal.ui.manageyards.view.Newsap.m.Input{\"path\":\"\",\"propertyPath\":\"/AUART\",\"modelName\":\"NewYardModel\"}"}]}
RESULT: undefined
COMMAND: POST /session/7a47d135f75b3f9dc9ed0ec43722f433/execute/async - {"script":"<script> [776 bytes]","args":[{"enterText":"TA","selector":{"controlType":"sap.m.Input","viewName":"etm.portal.ui.manageyards.view.New","viewId":"application-manageyards-display-component---NewYard","bindingPath":{"path":"","propertyPath":"/AUART","modelName":"NewYardModel"},"interaction":{"idSuffix":"inner"}},"clearTextFirst":true,"interactionType":"ENTER_TEXT"}]}
RESULT: {"script":"<script> [776 bytes]","args":[{"enterText":"TA","selector":{"controlType":"sap.m.Input","viewName":"etm.portal.ui.manageyards.view.New","viewId":"application-manageyards-display-component---NewYard","bindingPath":{"path":"","propertyPath":"/AUART","modelName":"NewYardModel"},"interaction":{"idSuffix":"inner"}},"clearTextFirst":true,"interactionType":"ENTER_TEXT"}]}
COMMAND: POST /session/7a47d135f75b3f9dc9ed0ec43722f433/element - {"using":"xpath","value":"//button[@data-kt=\"newYardSaveButton\"]"}
RESULT: {"using":"xpath","value":"//button[@data-kt=\"newYardSaveButton\"]"}
COMMAND: POST /session/7a47d135f75b3f9dc9ed0ec43722f433/element/f.EC16CDDA184DC683CEF5B04FDEE8C812.d.D14A097ABE3F395C94E5154E9A33F2AA.e.694/click - {}
RESULT: {}
COMMAND: GET /session/7a47d135f75b3f9dc9ed0ec43722f433/screenshot - {}
RESULT: {}
COMMAND: POST /session/7a47d135f75b3f9dc9ed0ec43722f433/element - {"using":"xpath","value":"//header[contains(@id, 'ObjectPageLayout-headerTitle')]/div[1]/div[2]/div[1]/span[1]"}
RESULT: {"using":"xpath","value":"//header[contains(@id, 'ObjectPageLayout-headerTitle')]/div[1]/div[2]/div[1]/span[1]"}
COMMAND: POST /session/7a47d135f75b3f9dc9ed0ec43722f433/elements - {"using":"xpath","value":"//header[contains(@id, 'ObjectPageLayout-headerTitle')]/div[1]/div[2]/div[1]/span[1]"}
RESULT: {"using":"xpath","value":"//header[contains(@id, 'ObjectPageLayout-headerTitle')]/div[1]/div[2]/div[1]/span[1]"}
COMMAND: POST /session/7a47d135f75b3f9dc9ed0ec43722f433/execute/sync - {"script":"<script> [56 bytes]","args":[{"element-6066-11e4-a52e-4f735466cecf":"f.EC16CDDA184DC683CEF5B04FDEE8C812.d.D14A097ABE3F395C94E5154E9A33F2AA.e.1018","ELEMENT":"f.EC16CDDA184DC683CEF5B04FDEE8C812.d.D14A097ABE3F395C94E5154E9A33F2AA.e.1018"}]}
RESULT: {"script":"<script> [56 bytes]","args":[{"element-6066-11e4-a52e-4f735466cecf":"f.EC16CDDA184DC683CEF5B04FDEE8C812.d.D14A097ABE3F395C94E5154E9A33F2AA.e.1018","ELEMENT":"f.EC16CDDA184DC683CEF5B04FDEE8C812.d.D14A097ABE3F395C94E5154E9A33F2AA.e.1018"}]}
COMMAND: GET /session/7a47d135f75b3f9dc9ed0ec43722f433/screenshot - {}
RESULT: {}
COMMAND: POST /session/7a47d135f75b3f9dc9ed0ec43722f433/element - {"using":"css selector","value":"#shell-header-logo"}
RESULT: {"using":"css selector","value":"#shell-header-logo"}
COMMAND: POST /session/7a47d135f75b3f9dc9ed0ec43722f433/element/f.EC16CDDA184DC683CEF5B04FDEE8C812.d.D14A097ABE3F395C94E5154E9A33F2AA.e.271/click - {}
RESULT: {}
COMMAND: GET /session/7a47d135f75b3f9dc9ed0ec43722f433/screenshot - {}
RESULT: {}
COMMAND: POST /session/7a47d135f75b3f9dc9ed0ec43722f433/execute/sync - {"script":"<script> [299 bytes]","args":[["getModel","getResource"]]}
RESULT: {"script":"<script> [299 bytes]","args":[["getModel","getResource"]]}
]]></system-out>
    </testcase>
    <testcase classname="chrome.136_0_7103_93.windows.Partner_specific_tests_US150819_US151080_US151654_US151176_US103444_US151078_US151079_US151109_US151174_US151175_US151189" name="Should create new external partner US150819" time="105.11">
      <system-out><![CDATA[
COMMAND: POST /session/7a47d135f75b3f9dc9ed0ec43722f433/element - {"using":"xpath","value":"//li[.//span[text()=\"Manage Partners\"]]"}
COMMAND: GET /session/7a47d135f75b3f9dc9ed0ec43722f433/screenshot - {}
RESULT: {"using":"xpath","value":"//li[.//span[text()=\"Manage Partners\"]]"}
COMMAND: POST /session/7a47d135f75b3f9dc9ed0ec43722f433/element - {"using":"xpath","value":"//li[.//span[text()=\"Manage Partners\"]]"}
RESULT: {}
RESULT: {"using":"xpath","value":"//li[.//span[text()=\"Manage Partners\"]]"}
COMMAND: POST /session/7a47d135f75b3f9dc9ed0ec43722f433/element - {"using":"css selector","value":"#shell-header-logo"}
RESULT: {"using":"css selector","value":"#shell-header-logo"}
COMMAND: POST /session/7a47d135f75b3f9dc9ed0ec43722f433/element/f.EC16CDDA184DC683CEF5B04FDEE8C812.d.D14A097ABE3F395C94E5154E9A33F2AA.e.1021/click - {}
COMMAND: POST /session/7a47d135f75b3f9dc9ed0ec43722f433/execute/sync - {"script":"<script> [8489 bytes]","args":[{"element-6066-11e4-a52e-4f735466cecf":"f.EC16CDDA184DC683CEF5B04FDEE8C812.d.D14A097ABE3F395C94E5154E9A33F2AA.e.1021","ELEMENT":"f.EC16CDDA184DC683CEF5B04FDEE8C812.d.D14A097ABE3F395C94E5154E9A33F2AA.e.1021"}]}
RESULT: {}
COMMAND: GET /session/7a47d135f75b3f9dc9ed0ec43722f433/screenshot - {}
RESULT: {"script":"<script> [8489 bytes]","args":[{"element-6066-11e4-a52e-4f735466cecf":"f.EC16CDDA184DC683CEF5B04FDEE8C812.d.D14A097ABE3F395C94E5154E9A33F2AA.e.1021","ELEMENT":"f.EC16CDDA184DC683CEF5B04FDEE8C812.d.D14A097ABE3F395C94E5154E9A33F2AA.e.1021"}]}
COMMAND: POST /session/7a47d135f75b3f9dc9ed0ec43722f433/execute/sync - {"script":"<script> [5351 bytes]","args":[{"element-6066-11e4-a52e-4f735466cecf":"f.EC16CDDA184DC683CEF5B04FDEE8C812.d.D14A097ABE3F395C94E5154E9A33F2AA.e.1021","ELEMENT":"f.EC16CDDA184DC683CEF5B04FDEE8C812.d.D14A097ABE3F395C94E5154E9A33F2AA.e.1021"}]}
COMMAND: GET /session/7a47d135f75b3f9dc9ed0ec43722f433/screenshot - {}
RESULT: {}
RESULT: {"script":"<script> [5351 bytes]","args":[{"element-6066-11e4-a52e-4f735466cecf":"f.EC16CDDA184DC683CEF5B04FDEE8C812.d.D14A097ABE3F395C94E5154E9A33F2AA.e.1021","ELEMENT":"f.EC16CDDA184DC683CEF5B04FDEE8C812.d.D14A097ABE3F395C94E5154E9A33F2AA.e.1021"}]}
COMMAND: GET /session/7a47d135f75b3f9dc9ed0ec43722f433/screenshot - {}
RESULT: {}
RESULT: {}
COMMAND: POST /session/7a47d135f75b3f9dc9ed0ec43722f433/window/fullscreen - {}
RESULT: {}
COMMAND: POST /session/7a47d135f75b3f9dc9ed0ec43722f433/execute/async - {"script":"<script> [1562 bytes]","args":[{"selector":{"controlType":"sap.m.GenericTile","properties":{"header":"Manage Partners"}},"wdio_ui5_key":"sapm.GenericTile{\"header\":\"Manage Partners\"}"}]}
RESULT: {"script":"<script> [1562 bytes]","args":[{"selector":{"controlType":"sap.m.GenericTile","properties":{"header":"Manage Partners"}},"wdio_ui5_key":"sapm.GenericTile{\"header\":\"Manage Partners\"}"}]}
RESULT: undefined
COMMAND: POST /session/7a47d135f75b3f9dc9ed0ec43722f433/element - {"using":"xpath","value":"//*[@id=\"__tile38\"]"}
RESULT: {"using":"xpath","value":"//*[@id=\"__tile38\"]"}
COMMAND: POST /session/7a47d135f75b3f9dc9ed0ec43722f433/element/f.EC16CDDA184DC683CEF5B04FDEE8C812.d.D14A097ABE3F395C94E5154E9A33F2AA.e.159/click - {}
RESULT: {}
COMMAND: GET /session/7a47d135f75b3f9dc9ed0ec43722f433/screenshot - {}
RESULT: {}
COMMAND: POST /session/7a47d135f75b3f9dc9ed0ec43722f433/elements - {"using":"xpath","value":"//span[text()='Error']"}
RESULT: {"using":"xpath","value":"//span[text()='Error']"}
COMMAND: POST /session/7a47d135f75b3f9dc9ed0ec43722f433/element - {"using":"xpath","value":"//button[@data-kt=\"addButton\"]"}
RESULT: {"using":"xpath","value":"//button[@data-kt=\"addButton\"]"}
COMMAND: POST /session/7a47d135f75b3f9dc9ed0ec43722f433/elements - {"using":"xpath","value":"//button[@data-kt=\"addButton\"]"}
RESULT: {"using":"xpath","value":"//button[@data-kt=\"addButton\"]"}
COMMAND: POST /session/7a47d135f75b3f9dc9ed0ec43722f433/elements - {"using":"xpath","value":"//button[@data-kt=\"addButton\"]"}
RESULT: {"using":"xpath","value":"//button[@data-kt=\"addButton\"]"}
COMMAND: POST /session/7a47d135f75b3f9dc9ed0ec43722f433/element - {"using":"xpath","value":"//button[@data-kt=\"addButton\"]"}
RESULT: {"using":"xpath","value":"//button[@data-kt=\"addButton\"]"}
COMMAND: POST /session/7a47d135f75b3f9dc9ed0ec43722f433/execute/sync - {"script":"<script> [8489 bytes]","args":[{"element-6066-11e4-a52e-4f735466cecf":"f.EC16CDDA184DC683CEF5B04FDEE8C812.d.D14A097ABE3F395C94E5154E9A33F2AA.e.1056","ELEMENT":"f.EC16CDDA184DC683CEF5B04FDEE8C812.d.D14A097ABE3F395C94E5154E9A33F2AA.e.1056"}]}
RESULT: {"script":"<script> [8489 bytes]","args":[{"element-6066-11e4-a52e-4f735466cecf":"f.EC16CDDA184DC683CEF5B04FDEE8C812.d.D14A097ABE3F395C94E5154E9A33F2AA.e.1056","ELEMENT":"f.EC16CDDA184DC683CEF5B04FDEE8C812.d.D14A097ABE3F395C94E5154E9A33F2AA.e.1056"}]}
COMMAND: GET /session/7a47d135f75b3f9dc9ed0ec43722f433/element/f.EC16CDDA184DC683CEF5B04FDEE8C812.d.D14A097ABE3F395C94E5154E9A33F2AA.e.1056/enabled - {}
COMMAND: GET /session/7a47d135f75b3f9dc9ed0ec43722f433/screenshot - {}
RESULT: {}
RESULT: {}
COMMAND: POST /session/7a47d135f75b3f9dc9ed0ec43722f433/execute/sync - {"script":"<script> [8489 bytes]","args":[{"element-6066-11e4-a52e-4f735466cecf":"f.EC16CDDA184DC683CEF5B04FDEE8C812.d.D14A097ABE3F395C94E5154E9A33F2AA.e.1056","ELEMENT":"f.EC16CDDA184DC683CEF5B04FDEE8C812.d.D14A097ABE3F395C94E5154E9A33F2AA.e.1056"}]}
COMMAND: GET /session/7a47d135f75b3f9dc9ed0ec43722f433/screenshot - {}
RESULT: {"script":"<script> [8489 bytes]","args":[{"element-6066-11e4-a52e-4f735466cecf":"f.EC16CDDA184DC683CEF5B04FDEE8C812.d.D14A097ABE3F395C94E5154E9A33F2AA.e.1056","ELEMENT":"f.EC16CDDA184DC683CEF5B04FDEE8C812.d.D14A097ABE3F395C94E5154E9A33F2AA.e.1056"}]}
COMMAND: POST /session/7a47d135f75b3f9dc9ed0ec43722f433/execute/sync - {"script":"<script> [5351 bytes]","args":[{"element-6066-11e4-a52e-4f735466cecf":"f.EC16CDDA184DC683CEF5B04FDEE8C812.d.D14A097ABE3F395C94E5154E9A33F2AA.e.1056","ELEMENT":"f.EC16CDDA184DC683CEF5B04FDEE8C812.d.D14A097ABE3F395C94E5154E9A33F2AA.e.1056"}]}
COMMAND: GET /session/7a47d135f75b3f9dc9ed0ec43722f433/screenshot - {}
RESULT: {}
RESULT: {"script":"<script> [5351 bytes]","args":[{"element-6066-11e4-a52e-4f735466cecf":"f.EC16CDDA184DC683CEF5B04FDEE8C812.d.D14A097ABE3F395C94E5154E9A33F2AA.e.1056","ELEMENT":"f.EC16CDDA184DC683CEF5B04FDEE8C812.d.D14A097ABE3F395C94E5154E9A33F2AA.e.1056"}]}
COMMAND: POST /session/7a47d135f75b3f9dc9ed0ec43722f433/element/f.EC16CDDA184DC683CEF5B04FDEE8C812.d.D14A097ABE3F395C94E5154E9A33F2AA.e.1056/click - {}
COMMAND: GET /session/7a47d135f75b3f9dc9ed0ec43722f433/screenshot - {}
RESULT: {}
RESULT: {}
COMMAND: GET /session/7a47d135f75b3f9dc9ed0ec43722f433/screenshot - {}
COMMAND: POST /session/7a47d135f75b3f9dc9ed0ec43722f433/execute/async - {"script":"<script> [1562 bytes]","args":[{"selector":{"id":"application-managepartners-display-component---NewPartner--addressDetailDetailsName1","interaction":{"idSuffix":"inner"}},"wdio_ui5_key":"applicationmanagepartners-display-component---NewPartner--addressDetailDetailsName1"}]}
RESULT: {}
RESULT: {}
RESULT: {"script":"<script> [1562 bytes]","args":[{"selector":{"id":"application-managepartners-display-component---NewPartner--addressDetailDetailsName1","interaction":{"idSuffix":"inner"}},"wdio_ui5_key":"applicationmanagepartners-display-component---NewPartner--addressDetailDetailsName1"}]}
RESULT: undefined
COMMAND: POST /session/7a47d135f75b3f9dc9ed0ec43722f433/execute/async - {"script":"<script> [776 bytes]","args":[{"enterText":"External Partner WDIO","selector":{"id":"application-managepartners-display-component---NewPartner--addressDetailDetailsName1","interaction":{"idSuffix":"inner"}},"clearTextFirst":true,"interactionType":"ENTER_TEXT"}]}
RESULT: {"script":"<script> [776 bytes]","args":[{"enterText":"External Partner WDIO","selector":{"id":"application-managepartners-display-component---NewPartner--addressDetailDetailsName1","interaction":{"idSuffix":"inner"}},"clearTextFirst":true,"interactionType":"ENTER_TEXT"}]}
COMMAND: POST /session/7a47d135f75b3f9dc9ed0ec43722f433/execute/async - {"script":"<script> [1562 bytes]","args":[{"selector":{"id":"application-managepartners-display-component---NewPartner--addressDetailDetailsLanguage-arrow"},"wdio_ui5_key":"applicationmanagepartners-display-component---NewPartner--addressDetailDetailsLanguage-arrow"}]}
RESULT: {"script":"<script> [1562 bytes]","args":[{"selector":{"id":"application-managepartners-display-component---NewPartner--addressDetailDetailsLanguage-arrow"},"wdio_ui5_key":"applicationmanagepartners-display-component---NewPartner--addressDetailDetailsLanguage-arrow"}]}
RESULT: undefined
COMMAND: POST /session/7a47d135f75b3f9dc9ed0ec43722f433/element - {"using":"xpath","value":"//*[@id=\"application-managepartners-display-component---NewPartner--addressDetailDetailsLanguage-arrow\"]"}
RESULT: {"using":"xpath","value":"//*[@id=\"application-managepartners-display-component---NewPartner--addressDetailDetailsLanguage-arrow\"]"}
COMMAND: POST /session/7a47d135f75b3f9dc9ed0ec43722f433/element/f.EC16CDDA184DC683CEF5B04FDEE8C812.d.D14A097ABE3F395C94E5154E9A33F2AA.e.1508/click - {}
RESULT: {}
COMMAND: POST /session/7a47d135f75b3f9dc9ed0ec43722f433/element - {"using":"xpath","value":"//span[contains(text(), \"English\")]"}
COMMAND: GET /session/7a47d135f75b3f9dc9ed0ec43722f433/screenshot - {}
RESULT: {"using":"xpath","value":"//span[contains(text(), \"English\")]"}
COMMAND: POST /session/7a47d135f75b3f9dc9ed0ec43722f433/element/f.EC16CDDA184DC683CEF5B04FDEE8C812.d.D14A097ABE3F395C94E5154E9A33F2AA.e.1509/click - {}
RESULT: {}
RESULT: {}
COMMAND: GET /session/7a47d135f75b3f9dc9ed0ec43722f433/screenshot - {}
RESULT: {}
COMMAND: POST /session/7a47d135f75b3f9dc9ed0ec43722f433/execute/async - {"script":"<script> [1562 bytes]","args":[{"selector":{"id":"application-managepartners-display-component---NewPartner--addressDetailDetailsCity1","interaction":{"idSuffix":"inner"}},"wdio_ui5_key":"applicationmanagepartners-display-component---NewPartner--addressDetailDetailsCity1"}]}
RESULT: {"script":"<script> [1562 bytes]","args":[{"selector":{"id":"application-managepartners-display-component---NewPartner--addressDetailDetailsCity1","interaction":{"idSuffix":"inner"}},"wdio_ui5_key":"applicationmanagepartners-display-component---NewPartner--addressDetailDetailsCity1"}]}
RESULT: undefined
COMMAND: POST /session/7a47d135f75b3f9dc9ed0ec43722f433/execute/async - {"script":"<script> [776 bytes]","args":[{"enterText":"Rosario","selector":{"id":"application-managepartners-display-component---NewPartner--addressDetailDetailsCity1","interaction":{"idSuffix":"inner"}},"clearTextFirst":true,"interactionType":"ENTER_TEXT"}]}
RESULT: {"script":"<script> [776 bytes]","args":[{"enterText":"Rosario","selector":{"id":"application-managepartners-display-component---NewPartner--addressDetailDetailsCity1","interaction":{"idSuffix":"inner"}},"clearTextFirst":true,"interactionType":"ENTER_TEXT"}]}
COMMAND: POST /session/7a47d135f75b3f9dc9ed0ec43722f433/execute/async - {"script":"<script> [1562 bytes]","args":[{"selector":{"id":"application-managepartners-display-component---NewPartner--addressDetailDetailsCountry-arrow"},"wdio_ui5_key":"applicationmanagepartners-display-component---NewPartner--addressDetailDetailsCountry-arrow"}]}
RESULT: {"script":"<script> [1562 bytes]","args":[{"selector":{"id":"application-managepartners-display-component---NewPartner--addressDetailDetailsCountry-arrow"},"wdio_ui5_key":"applicationmanagepartners-display-component---NewPartner--addressDetailDetailsCountry-arrow"}]}
RESULT: undefined
COMMAND: POST /session/7a47d135f75b3f9dc9ed0ec43722f433/element - {"using":"xpath","value":"//*[@id=\"application-managepartners-display-component---NewPartner--addressDetailDetailsCountry-arrow\"]"}
RESULT: {"using":"xpath","value":"//*[@id=\"application-managepartners-display-component---NewPartner--addressDetailDetailsCountry-arrow\"]"}
COMMAND: POST /session/7a47d135f75b3f9dc9ed0ec43722f433/element/f.EC16CDDA184DC683CEF5B04FDEE8C812.d.D14A097ABE3F395C94E5154E9A33F2AA.e.1495/click - {}
RESULT: {}
COMMAND: POST /session/7a47d135f75b3f9dc9ed0ec43722f433/element - {"using":"xpath","value":"//span[contains(text(), \"Argentina\")]"}
COMMAND: GET /session/7a47d135f75b3f9dc9ed0ec43722f433/screenshot - {}
RESULT: {"using":"xpath","value":"//span[contains(text(), \"Argentina\")]"}
COMMAND: POST /session/7a47d135f75b3f9dc9ed0ec43722f433/element/f.EC16CDDA184DC683CEF5B04FDEE8C812.d.D14A097ABE3F395C94E5154E9A33F2AA.e.1511/click - {}
RESULT: {}
RESULT: {}
COMMAND: GET /session/7a47d135f75b3f9dc9ed0ec43722f433/screenshot - {}
RESULT: {}
COMMAND: POST /session/7a47d135f75b3f9dc9ed0ec43722f433/element - {"using":"xpath","value":"//bdi[contains(text(), \"Commercial\")]"}
RESULT: {"using":"xpath","value":"//bdi[contains(text(), \"Commercial\")]"}
COMMAND: POST /session/7a47d135f75b3f9dc9ed0ec43722f433/element/f.EC16CDDA184DC683CEF5B04FDEE8C812.d.D14A097ABE3F395C94E5154E9A33F2AA.e.1512/click - {}
RESULT: {}
COMMAND: GET /session/7a47d135f75b3f9dc9ed0ec43722f433/screenshot - {}
RESULT: {}
COMMAND: POST /session/7a47d135f75b3f9dc9ed0ec43722f433/execute/async - {"script":"<script> [1562 bytes]","args":[{"selector":{"id":"application-managepartners-display-component---NewPartner--partnerDetailInternal-arrow"},"wdio_ui5_key":"applicationmanagepartners-display-component---NewPartner--partnerDetailInternal-arrow"}]}
RESULT: {"script":"<script> [1562 bytes]","args":[{"selector":{"id":"application-managepartners-display-component---NewPartner--partnerDetailInternal-arrow"},"wdio_ui5_key":"applicationmanagepartners-display-component---NewPartner--partnerDetailInternal-arrow"}]}
RESULT: undefined
COMMAND: POST /session/7a47d135f75b3f9dc9ed0ec43722f433/element - {"using":"xpath","value":"//*[@id=\"application-managepartners-display-component---NewPartner--partnerDetailInternal-arrow\"]"}
RESULT: {"using":"xpath","value":"//*[@id=\"application-managepartners-display-component---NewPartner--partnerDetailInternal-arrow\"]"}
COMMAND: POST /session/7a47d135f75b3f9dc9ed0ec43722f433/element/f.EC16CDDA184DC683CEF5B04FDEE8C812.d.D14A097ABE3F395C94E5154E9A33F2AA.e.1518/click - {}
RESULT: {}
COMMAND: POST /session/7a47d135f75b3f9dc9ed0ec43722f433/element - {"using":"xpath","value":"//span[contains(text(), \"External partner\")]"}
COMMAND: GET /session/7a47d135f75b3f9dc9ed0ec43722f433/screenshot - {}
RESULT: {"using":"xpath","value":"//span[contains(text(), \"External partner\")]"}
COMMAND: POST /session/7a47d135f75b3f9dc9ed0ec43722f433/element/f.EC16CDDA184DC683CEF5B04FDEE8C812.d.D14A097ABE3F395C94E5154E9A33F2AA.e.1519/click - {}
RESULT: {}
RESULT: {}
COMMAND: POST /session/7a47d135f75b3f9dc9ed0ec43722f433/execute/async - {"script":"<script> [1562 bytes]","args":[{"selector":{"id":"application-managepartners-display-component---NewPartner--partnerDetailsCurrency-arrow"},"wdio_ui5_key":"applicationmanagepartners-display-component---NewPartner--partnerDetailsCurrency-arrow"}]}
COMMAND: GET /session/7a47d135f75b3f9dc9ed0ec43722f433/screenshot - {}
RESULT: {"script":"<script> [1562 bytes]","args":[{"selector":{"id":"application-managepartners-display-component---NewPartner--partnerDetailsCurrency-arrow"},"wdio_ui5_key":"applicationmanagepartners-display-component---NewPartner--partnerDetailsCurrency-arrow"}]}
RESULT: undefined
COMMAND: POST /session/7a47d135f75b3f9dc9ed0ec43722f433/element - {"using":"xpath","value":"//*[@id=\"application-managepartners-display-component---NewPartner--partnerDetailsCurrency-arrow\"]"}
RESULT: {}
RESULT: {"using":"xpath","value":"//*[@id=\"application-managepartners-display-component---NewPartner--partnerDetailsCurrency-arrow\"]"}
COMMAND: POST /session/7a47d135f75b3f9dc9ed0ec43722f433/element/f.EC16CDDA184DC683CEF5B04FDEE8C812.d.D14A097ABE3F395C94E5154E9A33F2AA.e.1524/click - {}
RESULT: {}
COMMAND: POST /session/7a47d135f75b3f9dc9ed0ec43722f433/element - {"using":"xpath","value":"//span[contains(text(), \"US Dollar\")]"}
COMMAND: GET /session/7a47d135f75b3f9dc9ed0ec43722f433/screenshot - {}
RESULT: {"using":"xpath","value":"//span[contains(text(), \"US Dollar\")]"}
COMMAND: POST /session/7a47d135f75b3f9dc9ed0ec43722f433/element/f.EC16CDDA184DC683CEF5B04FDEE8C812.d.D14A097ABE3F395C94E5154E9A33F2AA.e.1525/click - {}
RESULT: {}
RESULT: {}
COMMAND: GET /session/7a47d135f75b3f9dc9ed0ec43722f433/screenshot - {}
RESULT: {}
COMMAND: POST /session/7a47d135f75b3f9dc9ed0ec43722f433/element - {"using":"xpath","value":"//input[@id=\"application-managepartners-display-component---NewPartner--companyCodeComboBox-inner\"]"}
RESULT: {"using":"xpath","value":"//input[@id=\"application-managepartners-display-component---NewPartner--companyCodeComboBox-inner\"]"}
COMMAND: POST /session/7a47d135f75b3f9dc9ed0ec43722f433/element/f.EC16CDDA184DC683CEF5B04FDEE8C812.d.D14A097ABE3F395C94E5154E9A33F2AA.e.1378/clear - {}
RESULT: {}
COMMAND: POST /session/7a47d135f75b3f9dc9ed0ec43722f433/element/f.EC16CDDA184DC683CEF5B04FDEE8C812.d.D14A097ABE3F395C94E5154E9A33F2AA.e.1378/value - {"text":"C002"}
COMMAND: GET /session/7a47d135f75b3f9dc9ed0ec43722f433/screenshot - {}
RESULT: {"text":"C002"}
COMMAND: GET /session/7a47d135f75b3f9dc9ed0ec43722f433/screenshot - {}
RESULT: {}
RESULT: {}
COMMAND: POST /session/7a47d135f75b3f9dc9ed0ec43722f433/element - {"using":"xpath","value":"//li[.//span[text()= \"C002\"]]"}
RESULT: {"using":"xpath","value":"//li[.//span[text()= \"C002\"]]"}
COMMAND: POST /session/7a47d135f75b3f9dc9ed0ec43722f433/element/f.EC16CDDA184DC683CEF5B04FDEE8C812.d.D14A097ABE3F395C94E5154E9A33F2AA.e.1529/click - {}
RESULT: {}
COMMAND: GET /session/7a47d135f75b3f9dc9ed0ec43722f433/screenshot - {}
RESULT: {}
COMMAND: POST /session/7a47d135f75b3f9dc9ed0ec43722f433/execute/async - {"script":"<script> [1562 bytes]","args":[{"selector":{"id":"application-managepartners-display-component---NewPartner--btnAddTableRow-img"},"wdio_ui5_key":"applicationmanagepartners-display-component---NewPartner--btnAddTableRow-img"}]}
RESULT: {"script":"<script> [1562 bytes]","args":[{"selector":{"id":"application-managepartners-display-component---NewPartner--btnAddTableRow-img"},"wdio_ui5_key":"applicationmanagepartners-display-component---NewPartner--btnAddTableRow-img"}]}
RESULT: undefined
COMMAND: POST /session/7a47d135f75b3f9dc9ed0ec43722f433/element - {"using":"xpath","value":"//*[@id=\"application-managepartners-display-component---NewPartner--btnAddTableRow-img\"]"}
RESULT: {"using":"xpath","value":"//*[@id=\"application-managepartners-display-component---NewPartner--btnAddTableRow-img\"]"}
COMMAND: POST /session/7a47d135f75b3f9dc9ed0ec43722f433/element/f.EC16CDDA184DC683CEF5B04FDEE8C812.d.D14A097ABE3F395C94E5154E9A33F2AA.e.1530/click - {}
RESULT: {}
COMMAND: GET /session/7a47d135f75b3f9dc9ed0ec43722f433/screenshot - {}
RESULT: {}
COMMAND: POST /session/7a47d135f75b3f9dc9ed0ec43722f433/element - {"using":"xpath","value":"//input[@id=\"application-managepartners-display-component---NewPartner--assignmentYard-application-managepartners-display-component---NewPartner--assignmentsTable-0-inner\"]"}
RESULT: {"using":"xpath","value":"//input[@id=\"application-managepartners-display-component---NewPartner--assignmentYard-application-managepartners-display-component---NewPartner--assignmentsTable-0-inner\"]"}
COMMAND: POST /session/7a47d135f75b3f9dc9ed0ec43722f433/element/f.EC16CDDA184DC683CEF5B04FDEE8C812.d.D14A097ABE3F395C94E5154E9A33F2AA.e.1533/clear - {}
RESULT: {}
COMMAND: POST /session/7a47d135f75b3f9dc9ed0ec43722f433/element/f.EC16CDDA184DC683CEF5B04FDEE8C812.d.D14A097ABE3F395C94E5154E9A33F2AA.e.1533/value - {"text":"601"}
COMMAND: GET /session/7a47d135f75b3f9dc9ed0ec43722f433/screenshot - {}
RESULT: {"text":"601"}
COMMAND: GET /session/7a47d135f75b3f9dc9ed0ec43722f433/screenshot - {}
RESULT: {}
RESULT: {}
COMMAND: POST /session/7a47d135f75b3f9dc9ed0ec43722f433/element - {"using":"xpath","value":"//li[.//span[text()='601']]"}
RESULT: {"using":"xpath","value":"//li[.//span[text()='601']]"}
COMMAND: POST /session/7a47d135f75b3f9dc9ed0ec43722f433/element/f.EC16CDDA184DC683CEF5B04FDEE8C812.d.D14A097ABE3F395C94E5154E9A33F2AA.e.1541/click - {}
RESULT: {}
COMMAND: GET /session/7a47d135f75b3f9dc9ed0ec43722f433/screenshot - {}
RESULT: {}
COMMAND: POST /session/7a47d135f75b3f9dc9ed0ec43722f433/actions - {"actions":[{"id":"action2","type":"key","parameters":{},"actions":[{"type":"keyDown","value":"î€‡"},{"type":"pause","duration":10},{"type":"keyUp","value":"î€‡"}]}]}
RESULT: {"actions":[{"id":"action2","type":"key","parameters":{},"actions":[{"type":"keyDown","value":"î€‡"},{"type":"pause","duration":10},{"type":"keyUp","value":"î€‡"}]}]}
COMMAND: POST /session/7a47d135f75b3f9dc9ed0ec43722f433/element - {"using":"xpath","value":"//td[contains(@id, \"assignmentsTable-0-cell2\")]/div/div"}
COMMAND: GET /session/7a47d135f75b3f9dc9ed0ec43722f433/screenshot - {}
RESULT: {"using":"xpath","value":"//td[contains(@id, \"assignmentsTable-0-cell2\")]/div/div"}
COMMAND: POST /session/7a47d135f75b3f9dc9ed0ec43722f433/element/f.EC16CDDA184DC683CEF5B04FDEE8C812.d.D14A097ABE3F395C94E5154E9A33F2AA.e.1544/click - {}
RESULT: {}
RESULT: {}
COMMAND: GET /session/7a47d135f75b3f9dc9ed0ec43722f433/screenshot - {}
RESULT: {}
COMMAND: POST /session/7a47d135f75b3f9dc9ed0ec43722f433/element - {"using":"xpath","value":"//button[@data-kt=\"saveButton\"]"}
RESULT: {"using":"xpath","value":"//button[@data-kt=\"saveButton\"]"}
COMMAND: POST /session/7a47d135f75b3f9dc9ed0ec43722f433/element/f.EC16CDDA184DC683CEF5B04FDEE8C812.d.D14A097ABE3F395C94E5154E9A33F2AA.e.1412/click - {}
RESULT: {}
COMMAND: GET /session/7a47d135f75b3f9dc9ed0ec43722f433/screenshot - {}
RESULT: {}
COMMAND: POST /session/7a47d135f75b3f9dc9ed0ec43722f433/element - {"using":"xpath","value":"//header[contains(@id, 'ObjectPageLayout-headerTitle')]/div[1]/div[2]/div[2]/span[1]"}
RESULT: {"using":"xpath","value":"//header[contains(@id, 'ObjectPageLayout-headerTitle')]/div[1]/div[2]/div[2]/span[1]"}
COMMAND: POST /session/7a47d135f75b3f9dc9ed0ec43722f433/elements - {"using":"xpath","value":"//header[contains(@id, 'ObjectPageLayout-headerTitle')]/div[1]/div[2]/div[2]/span[1]"}
RESULT: {"using":"xpath","value":"//header[contains(@id, 'ObjectPageLayout-headerTitle')]/div[1]/div[2]/div[2]/span[1]"}
COMMAND: POST /session/7a47d135f75b3f9dc9ed0ec43722f433/execute/sync - {"script":"<script> [56 bytes]","args":[{"element-6066-11e4-a52e-4f735466cecf":"f.EC16CDDA184DC683CEF5B04FDEE8C812.d.D14A097ABE3F395C94E5154E9A33F2AA.e.1707","ELEMENT":"f.EC16CDDA184DC683CEF5B04FDEE8C812.d.D14A097ABE3F395C94E5154E9A33F2AA.e.1707"}]}
RESULT: {"script":"<script> [56 bytes]","args":[{"element-6066-11e4-a52e-4f735466cecf":"f.EC16CDDA184DC683CEF5B04FDEE8C812.d.D14A097ABE3F395C94E5154E9A33F2AA.e.1707","ELEMENT":"f.EC16CDDA184DC683CEF5B04FDEE8C812.d.D14A097ABE3F395C94E5154E9A33F2AA.e.1707"}]}
COMMAND: POST /session/7a47d135f75b3f9dc9ed0ec43722f433/element - {"using":"css selector","value":"#shell-header-logo"}
COMMAND: GET /session/7a47d135f75b3f9dc9ed0ec43722f433/screenshot - {}
RESULT: {"using":"css selector","value":"#shell-header-logo"}
COMMAND: POST /session/7a47d135f75b3f9dc9ed0ec43722f433/element/f.EC16CDDA184DC683CEF5B04FDEE8C812.d.D14A097ABE3F395C94E5154E9A33F2AA.e.1021/click - {}
RESULT: {}
RESULT: {}
COMMAND: GET /session/7a47d135f75b3f9dc9ed0ec43722f433/screenshot - {}
RESULT: {}
COMMAND: POST /session/7a47d135f75b3f9dc9ed0ec43722f433/execute/sync - {"script":"<script> [299 bytes]","args":[["getModel","getResource"]]}
RESULT: {"script":"<script> [299 bytes]","args":[["getModel","getResource"]]}
]]></system-out>
    </testcase>
    <testcase classname="chrome.136_0_7103_93.windows.Partner_specific_tests_US150819_US151080_US151654_US151176_US103444_US151078_US151079_US151109_US151174_US151175_US151189" name="Should filter and search partners US151080" time="88.784">
      <system-out><![CDATA[
COMMAND: GET /session/7a47d135f75b3f9dc9ed0ec43722f433/screenshot - {}
COMMAND: POST /session/7a47d135f75b3f9dc9ed0ec43722f433/element - {"using":"xpath","value":"//li[.//span[text()=\"Manage Partners\"]]"}
RESULT: {"using":"xpath","value":"//li[.//span[text()=\"Manage Partners\"]]"}
COMMAND: POST /session/7a47d135f75b3f9dc9ed0ec43722f433/element - {"using":"xpath","value":"//li[.//span[text()=\"Manage Partners\"]]"}
RESULT: {}
RESULT: {"using":"xpath","value":"//li[.//span[text()=\"Manage Partners\"]]"}
COMMAND: POST /session/7a47d135f75b3f9dc9ed0ec43722f433/element - {"using":"css selector","value":"#shell-header-logo"}
RESULT: {"using":"css selector","value":"#shell-header-logo"}
COMMAND: POST /session/7a47d135f75b3f9dc9ed0ec43722f433/element/f.EC16CDDA184DC683CEF5B04FDEE8C812.d.D14A097ABE3F395C94E5154E9A33F2AA.e.1709/click - {}
COMMAND: POST /session/7a47d135f75b3f9dc9ed0ec43722f433/execute/sync - {"script":"<script> [8489 bytes]","args":[{"element-6066-11e4-a52e-4f735466cecf":"f.EC16CDDA184DC683CEF5B04FDEE8C812.d.D14A097ABE3F395C94E5154E9A33F2AA.e.1709","ELEMENT":"f.EC16CDDA184DC683CEF5B04FDEE8C812.d.D14A097ABE3F395C94E5154E9A33F2AA.e.1709"}]}
RESULT: {}
COMMAND: GET /session/7a47d135f75b3f9dc9ed0ec43722f433/screenshot - {}
RESULT: {"script":"<script> [8489 bytes]","args":[{"element-6066-11e4-a52e-4f735466cecf":"f.EC16CDDA184DC683CEF5B04FDEE8C812.d.D14A097ABE3F395C94E5154E9A33F2AA.e.1709","ELEMENT":"f.EC16CDDA184DC683CEF5B04FDEE8C812.d.D14A097ABE3F395C94E5154E9A33F2AA.e.1709"}]}
COMMAND: POST /session/7a47d135f75b3f9dc9ed0ec43722f433/execute/sync - {"script":"<script> [5351 bytes]","args":[{"element-6066-11e4-a52e-4f735466cecf":"f.EC16CDDA184DC683CEF5B04FDEE8C812.d.D14A097ABE3F395C94E5154E9A33F2AA.e.1709","ELEMENT":"f.EC16CDDA184DC683CEF5B04FDEE8C812.d.D14A097ABE3F395C94E5154E9A33F2AA.e.1709"}]}
COMMAND: GET /session/7a47d135f75b3f9dc9ed0ec43722f433/screenshot - {}
RESULT: {}
RESULT: {"script":"<script> [5351 bytes]","args":[{"element-6066-11e4-a52e-4f735466cecf":"f.EC16CDDA184DC683CEF5B04FDEE8C812.d.D14A097ABE3F395C94E5154E9A33F2AA.e.1709","ELEMENT":"f.EC16CDDA184DC683CEF5B04FDEE8C812.d.D14A097ABE3F395C94E5154E9A33F2AA.e.1709"}]}
COMMAND: GET /session/7a47d135f75b3f9dc9ed0ec43722f433/screenshot - {}
RESULT: {}
RESULT: {}
RESULT: undefined
COMMAND: POST /session/7a47d135f75b3f9dc9ed0ec43722f433/element - {"using":"xpath","value":"//*[@id=\"__tile38\"]"}
RESULT: {"using":"xpath","value":"//*[@id=\"__tile38\"]"}
COMMAND: POST /session/7a47d135f75b3f9dc9ed0ec43722f433/element/f.EC16CDDA184DC683CEF5B04FDEE8C812.d.D14A097ABE3F395C94E5154E9A33F2AA.e.159/click - {}
RESULT: {}
COMMAND: GET /session/7a47d135f75b3f9dc9ed0ec43722f433/screenshot - {}
RESULT: {}
COMMAND: POST /session/7a47d135f75b3f9dc9ed0ec43722f433/elements - {"using":"xpath","value":"//span[text()='Error']"}
RESULT: {"using":"xpath","value":"//span[text()='Error']"}
COMMAND: POST /session/7a47d135f75b3f9dc9ed0ec43722f433/element - {"using":"xpath","value":"//button[@data-kt=\"addButton\"]"}
RESULT: {"using":"xpath","value":"//button[@data-kt=\"addButton\"]"}
COMMAND: POST /session/7a47d135f75b3f9dc9ed0ec43722f433/elements - {"using":"xpath","value":"//button[@data-kt=\"addButton\"]"}
RESULT: {"using":"xpath","value":"//button[@data-kt=\"addButton\"]"}
COMMAND: POST /session/7a47d135f75b3f9dc9ed0ec43722f433/execute/sync - {"script":"<script> [8489 bytes]","args":[{"element-6066-11e4-a52e-4f735466cecf":"f.EC16CDDA184DC683CEF5B04FDEE8C812.d.D14A097ABE3F395C94E5154E9A33F2AA.e.1754","ELEMENT":"f.EC16CDDA184DC683CEF5B04FDEE8C812.d.D14A097ABE3F395C94E5154E9A33F2AA.e.1754"}]}
RESULT: {"script":"<script> [8489 bytes]","args":[{"element-6066-11e4-a52e-4f735466cecf":"f.EC16CDDA184DC683CEF5B04FDEE8C812.d.D14A097ABE3F395C94E5154E9A33F2AA.e.1754","ELEMENT":"f.EC16CDDA184DC683CEF5B04FDEE8C812.d.D14A097ABE3F395C94E5154E9A33F2AA.e.1754"}]}
COMMAND: GET /session/7a47d135f75b3f9dc9ed0ec43722f433/element/f.EC16CDDA184DC683CEF5B04FDEE8C812.d.D14A097ABE3F395C94E5154E9A33F2AA.e.1754/enabled - {}
COMMAND: GET /session/7a47d135f75b3f9dc9ed0ec43722f433/screenshot - {}
RESULT: {}
COMMAND: POST /session/7a47d135f75b3f9dc9ed0ec43722f433/execute/sync - {"script":"<script> [8489 bytes]","args":[{"element-6066-11e4-a52e-4f735466cecf":"f.EC16CDDA184DC683CEF5B04FDEE8C812.d.D14A097ABE3F395C94E5154E9A33F2AA.e.1754","ELEMENT":"f.EC16CDDA184DC683CEF5B04FDEE8C812.d.D14A097ABE3F395C94E5154E9A33F2AA.e.1754"}]}
COMMAND: GET /session/7a47d135f75b3f9dc9ed0ec43722f433/screenshot - {}
RESULT: {}
RESULT: {"script":"<script> [8489 bytes]","args":[{"element-6066-11e4-a52e-4f735466cecf":"f.EC16CDDA184DC683CEF5B04FDEE8C812.d.D14A097ABE3F395C94E5154E9A33F2AA.e.1754","ELEMENT":"f.EC16CDDA184DC683CEF5B04FDEE8C812.d.D14A097ABE3F395C94E5154E9A33F2AA.e.1754"}]}
COMMAND: POST /session/7a47d135f75b3f9dc9ed0ec43722f433/execute/sync - {"script":"<script> [5351 bytes]","args":[{"element-6066-11e4-a52e-4f735466cecf":"f.EC16CDDA184DC683CEF5B04FDEE8C812.d.D14A097ABE3F395C94E5154E9A33F2AA.e.1754","ELEMENT":"f.EC16CDDA184DC683CEF5B04FDEE8C812.d.D14A097ABE3F395C94E5154E9A33F2AA.e.1754"}]}
COMMAND: GET /session/7a47d135f75b3f9dc9ed0ec43722f433/screenshot - {}
RESULT: {}
RESULT: {"script":"<script> [5351 bytes]","args":[{"element-6066-11e4-a52e-4f735466cecf":"f.EC16CDDA184DC683CEF5B04FDEE8C812.d.D14A097ABE3F395C94E5154E9A33F2AA.e.1754","ELEMENT":"f.EC16CDDA184DC683CEF5B04FDEE8C812.d.D14A097ABE3F395C94E5154E9A33F2AA.e.1754"}]}
COMMAND: GET /session/7a47d135f75b3f9dc9ed0ec43722f433/screenshot - {}
RESULT: {}
RESULT: {}
COMMAND: POST /session/7a47d135f75b3f9dc9ed0ec43722f433/execute/async - {"script":"<script> [1562 bytes]","args":[{"selector":{"id":"application-managepartners-display-component---masterPtm--smartTable-btnPersonalisation-img"},"wdio_ui5_key":"applicationmanagepartners-display-component---masterPtm--smartTable-btnPersonalisation-img"}]}
RESULT: {"script":"<script> [1562 bytes]","args":[{"selector":{"id":"application-managepartners-display-component---masterPtm--smartTable-btnPersonalisation-img"},"wdio_ui5_key":"applicationmanagepartners-display-component---masterPtm--smartTable-btnPersonalisation-img"}]}
RESULT: undefined
COMMAND: POST /session/7a47d135f75b3f9dc9ed0ec43722f433/element - {"using":"xpath","value":"//*[@id=\"application-managepartners-display-component---masterPtm--smartTable-btnPersonalisation-img\"]"}
RESULT: {"using":"xpath","value":"//*[@id=\"application-managepartners-display-component---masterPtm--smartTable-btnPersonalisation-img\"]"}
COMMAND: POST /session/7a47d135f75b3f9dc9ed0ec43722f433/element/f.EC16CDDA184DC683CEF5B04FDEE8C812.d.D14A097ABE3F395C94E5154E9A33F2AA.e.1759/click - {}
RESULT: {}
COMMAND: GET /session/7a47d135f75b3f9dc9ed0ec43722f433/screenshot - {}
RESULT: {}
COMMAND: POST /session/7a47d135f75b3f9dc9ed0ec43722f433/execute/async - {"script":"<script> [1562 bytes]","args":[{"selector":{"controlType":"sap.m.IconTabFilter","viewName":"etm.portal.ui.managepartners.view.Master","viewId":"application-managepartners-display-component---masterPtm","properties":{"text":"Sort"},"searchOpenDialogs":true,"interaction":{"idSuffix":"text"}},"wdio_ui5_key":"etmportal.ui.managepartners.view.Mastersap.m.IconTabFilter{\"text\":\"Sort\"}"}]}
RESULT: {"script":"<script> [1562 bytes]","args":[{"selector":{"controlType":"sap.m.IconTabFilter","viewName":"etm.portal.ui.managepartners.view.Master","viewId":"application-managepartners-display-component---masterPtm","properties":{"text":"Sort"},"searchOpenDialogs":true,"interaction":{"idSuffix":"text"}},"wdio_ui5_key":"etmportal.ui.managepartners.view.Mastersap.m.IconTabFilter{\"text\":\"Sort\"}"}]}
RESULT: undefined
COMMAND: POST /session/7a47d135f75b3f9dc9ed0ec43722f433/element - {"using":"xpath","value":"//*[@id=\"__filter1\"]"}
RESULT: {"using":"xpath","value":"//*[@id=\"__filter1\"]"}
COMMAND: POST /session/7a47d135f75b3f9dc9ed0ec43722f433/element/f.EC16CDDA184DC683CEF5B04FDEE8C812.d.D14A097ABE3F395C94E5154E9A33F2AA.e.1900/click - {}
RESULT: {}
COMMAND: GET /session/7a47d135f75b3f9dc9ed0ec43722f433/screenshot - {}
RESULT: {}
COMMAND: POST /session/7a47d135f75b3f9dc9ed0ec43722f433/element - {"using":"xpath","value":"//input[@placeholder=\"Sort by\"]/following-sibling::div//span"}
RESULT: {"using":"xpath","value":"//input[@placeholder=\"Sort by\"]/following-sibling::div//span"}
COMMAND: POST /session/7a47d135f75b3f9dc9ed0ec43722f433/element/f.EC16CDDA184DC683CEF5B04FDEE8C812.d.D14A097ABE3F395C94E5154E9A33F2AA.e.1902/click - {}
RESULT: {}
COMMAND: GET /session/7a47d135f75b3f9dc9ed0ec43722f433/screenshot - {}
RESULT: {}
COMMAND: POST /session/7a47d135f75b3f9dc9ed0ec43722f433/element - {"using":"xpath","value":"//li[.//span[text()=\"Language\"]]"}
RESULT: {"using":"xpath","value":"//li[.//span[text()=\"Language\"]]"}
COMMAND: POST /session/7a47d135f75b3f9dc9ed0ec43722f433/element/f.EC16CDDA184DC683CEF5B04FDEE8C812.d.D14A097ABE3F395C94E5154E9A33F2AA.e.1903/click - {}
RESULT: {}
COMMAND: GET /session/7a47d135f75b3f9dc9ed0ec43722f433/screenshot - {}
RESULT: {}
COMMAND: POST /session/7a47d135f75b3f9dc9ed0ec43722f433/element - {"using":"xpath","value":"//bdi[contains(text(), \"OK\")]"}
RESULT: {"using":"xpath","value":"//bdi[contains(text(), \"OK\")]"}
COMMAND: POST /session/7a47d135f75b3f9dc9ed0ec43722f433/element/f.EC16CDDA184DC683CEF5B04FDEE8C812.d.D14A097ABE3F395C94E5154E9A33F2AA.e.1907/click - {}
RESULT: {}
COMMAND: GET /session/7a47d135f75b3f9dc9ed0ec43722f433/screenshot - {}
RESULT: {}
COMMAND: POST /session/7a47d135f75b3f9dc9ed0ec43722f433/element - {"using":"xpath","value":"//table[contains(@id, \"customPartnersTable\")]//tbody/tr[1]/td[3]/span"}
RESULT: {"using":"xpath","value":"//table[contains(@id, \"customPartnersTable\")]//tbody/tr[1]/td[3]/span"}
COMMAND: POST /session/7a47d135f75b3f9dc9ed0ec43722f433/execute/sync - {"script":"<script> [56 bytes]","args":[{"element-6066-11e4-a52e-4f735466cecf":"f.EC16CDDA184DC683CEF5B04FDEE8C812.d.D14A097ABE3F395C94E5154E9A33F2AA.e.2028","ELEMENT":"f.EC16CDDA184DC683CEF5B04FDEE8C812.d.D14A097ABE3F395C94E5154E9A33F2AA.e.2028"}]}
RESULT: {"script":"<script> [56 bytes]","args":[{"element-6066-11e4-a52e-4f735466cecf":"f.EC16CDDA184DC683CEF5B04FDEE8C812.d.D14A097ABE3F395C94E5154E9A33F2AA.e.2028","ELEMENT":"f.EC16CDDA184DC683CEF5B04FDEE8C812.d.D14A097ABE3F395C94E5154E9A33F2AA.e.2028"}]}
RESULT: undefined
COMMAND: POST /session/7a47d135f75b3f9dc9ed0ec43722f433/element - {"using":"xpath","value":"//*[@id=\"application-managepartners-display-component---masterPtm--smartTable-btnPersonalisation-img\"]"}
COMMAND: GET /session/7a47d135f75b3f9dc9ed0ec43722f433/screenshot - {}
RESULT: {"using":"xpath","value":"//*[@id=\"application-managepartners-display-component---masterPtm--smartTable-btnPersonalisation-img\"]"}
COMMAND: POST /session/7a47d135f75b3f9dc9ed0ec43722f433/element/f.EC16CDDA184DC683CEF5B04FDEE8C812.d.D14A097ABE3F395C94E5154E9A33F2AA.e.1759/click - {}
RESULT: {}
RESULT: {}
COMMAND: GET /session/7a47d135f75b3f9dc9ed0ec43722f433/screenshot - {}
RESULT: {}
COMMAND: POST /session/7a47d135f75b3f9dc9ed0ec43722f433/element - {"using":"xpath","value":"//bdi[contains(text(), \"Reset\")]"}
RESULT: {"using":"xpath","value":"//bdi[contains(text(), \"Reset\")]"}
COMMAND: POST /session/7a47d135f75b3f9dc9ed0ec43722f433/element/f.EC16CDDA184DC683CEF5B04FDEE8C812.d.D14A097ABE3F395C94E5154E9A33F2AA.e.2032/click - {}
RESULT: {}
COMMAND: GET /session/7a47d135f75b3f9dc9ed0ec43722f433/screenshot - {}
RESULT: {}
COMMAND: POST /session/7a47d135f75b3f9dc9ed0ec43722f433/element - {"using":"xpath","value":"(//bdi[contains(text(), \"OK\")])[2]"}
RESULT: {"using":"xpath","value":"(//bdi[contains(text(), \"OK\")])[2]"}
COMMAND: POST /session/7a47d135f75b3f9dc9ed0ec43722f433/element/f.EC16CDDA184DC683CEF5B04FDEE8C812.d.D14A097ABE3F395C94E5154E9A33F2AA.e.2035/click - {}
RESULT: {}
COMMAND: GET /session/7a47d135f75b3f9dc9ed0ec43722f433/screenshot - {}
RESULT: {}
COMMAND: POST /session/7a47d135f75b3f9dc9ed0ec43722f433/element - {"using":"xpath","value":"//bdi[contains(text(), \"OK\")]"}
RESULT: {"using":"xpath","value":"//bdi[contains(text(), \"OK\")]"}
COMMAND: POST /session/7a47d135f75b3f9dc9ed0ec43722f433/element/f.EC16CDDA184DC683CEF5B04FDEE8C812.d.D14A097ABE3F395C94E5154E9A33F2AA.e.2081/click - {}
RESULT: {}
COMMAND: GET /session/7a47d135f75b3f9dc9ed0ec43722f433/screenshot - {}
RESULT: {}
COMMAND: POST /session/7a47d135f75b3f9dc9ed0ec43722f433/element - {"using":"xpath","value":"//table[contains(@id, \"customPartnersTable\")]//tbody/tr[1]/td[3]/span"}
RESULT: {"using":"xpath","value":"//table[contains(@id, \"customPartnersTable\")]//tbody/tr[1]/td[3]/span"}
COMMAND: POST /session/7a47d135f75b3f9dc9ed0ec43722f433/execute/sync - {"script":"<script> [56 bytes]","args":[{"element-6066-11e4-a52e-4f735466cecf":"f.EC16CDDA184DC683CEF5B04FDEE8C812.d.D14A097ABE3F395C94E5154E9A33F2AA.e.2083","ELEMENT":"f.EC16CDDA184DC683CEF5B04FDEE8C812.d.D14A097ABE3F395C94E5154E9A33F2AA.e.2083"}]}
RESULT: {"script":"<script> [56 bytes]","args":[{"element-6066-11e4-a52e-4f735466cecf":"f.EC16CDDA184DC683CEF5B04FDEE8C812.d.D14A097ABE3F395C94E5154E9A33F2AA.e.2083","ELEMENT":"f.EC16CDDA184DC683CEF5B04FDEE8C812.d.D14A097ABE3F395C94E5154E9A33F2AA.e.2083"}]}
RESULT: undefined
COMMAND: POST /session/7a47d135f75b3f9dc9ed0ec43722f433/element - {"using":"xpath","value":"//*[@id=\"application-managepartners-display-component---masterPtm--smartTable-btnPersonalisation-img\"]"}
COMMAND: GET /session/7a47d135f75b3f9dc9ed0ec43722f433/screenshot - {}
RESULT: {"using":"xpath","value":"//*[@id=\"application-managepartners-display-component---masterPtm--smartTable-btnPersonalisation-img\"]"}
COMMAND: POST /session/7a47d135f75b3f9dc9ed0ec43722f433/element/f.EC16CDDA184DC683CEF5B04FDEE8C812.d.D14A097ABE3F395C94E5154E9A33F2AA.e.1759/click - {}
RESULT: {}
RESULT: {}
COMMAND: GET /session/7a47d135f75b3f9dc9ed0ec43722f433/screenshot - {}
RESULT: {}
COMMAND: POST /session/7a47d135f75b3f9dc9ed0ec43722f433/execute/async - {"script":"<script> [1562 bytes]","args":[{"selector":{"controlType":"sap.m.IconTabFilter","viewName":"etm.portal.ui.managepartners.view.Master","viewId":"application-managepartners-display-component---masterPtm","properties":{"text":"Filter"},"searchOpenDialogs":true,"interaction":{"idSuffix":"text"}},"wdio_ui5_key":"etmportal.ui.managepartners.view.Mastersap.m.IconTabFilter{\"text\":\"Filter\"}"}]}
RESULT: {"script":"<script> [1562 bytes]","args":[{"selector":{"controlType":"sap.m.IconTabFilter","viewName":"etm.portal.ui.managepartners.view.Master","viewId":"application-managepartners-display-component---masterPtm","properties":{"text":"Filter"},"searchOpenDialogs":true,"interaction":{"idSuffix":"text"}},"wdio_ui5_key":"etmportal.ui.managepartners.view.Mastersap.m.IconTabFilter{\"text\":\"Filter\"}"}]}
RESULT: undefined
COMMAND: POST /session/7a47d135f75b3f9dc9ed0ec43722f433/element - {"using":"xpath","value":"//*[@id=\"__filter10\"]"}
RESULT: {"using":"xpath","value":"//*[@id=\"__filter10\"]"}
COMMAND: POST /session/7a47d135f75b3f9dc9ed0ec43722f433/element/f.EC16CDDA184DC683CEF5B04FDEE8C812.d.D14A097ABE3F395C94E5154E9A33F2AA.e.2088/click - {}
RESULT: {}
COMMAND: GET /session/7a47d135f75b3f9dc9ed0ec43722f433/screenshot - {}
RESULT: {}
COMMAND: POST /session/7a47d135f75b3f9dc9ed0ec43722f433/element - {"using":"xpath","value":"//input[@placeholder=\"Filter by\"]/following-sibling::div//span"}
RESULT: {"using":"xpath","value":"//input[@placeholder=\"Filter by\"]/following-sibling::div//span"}
COMMAND: POST /session/7a47d135f75b3f9dc9ed0ec43722f433/element/f.EC16CDDA184DC683CEF5B04FDEE8C812.d.D14A097ABE3F395C94E5154E9A33F2AA.e.2090/click - {}
RESULT: {}
COMMAND: GET /session/7a47d135f75b3f9dc9ed0ec43722f433/screenshot - {}
RESULT: {}
COMMAND: POST /session/7a47d135f75b3f9dc9ed0ec43722f433/element - {"using":"xpath","value":"//li[.//span[text()=\"Preferred Yard\"]]"}
RESULT: {"using":"xpath","value":"//li[.//span[text()=\"Preferred Yard\"]]"}
COMMAND: POST /session/7a47d135f75b3f9dc9ed0ec43722f433/element/f.EC16CDDA184DC683CEF5B04FDEE8C812.d.D14A097ABE3F395C94E5154E9A33F2AA.e.2091/click - {}
RESULT: {}
COMMAND: GET /session/7a47d135f75b3f9dc9ed0ec43722f433/screenshot - {}
RESULT: {}
COMMAND: POST /session/7a47d135f75b3f9dc9ed0ec43722f433/execute/async - {"script":"<script> [1562 bytes]","args":[{"selector":{"id":"FilterPanel-filterItemControl_BASIC-application-managepartners-display-component---masterPtm--smartTable-YARDYARD-vhi","searchOpenDialogs":true},"wdio_ui5_key":"FilterPanelfilterItemControl_BASIC-application-managepartners-display-component---masterPtm--smartTable-YARDYARD-vhi"}]}
RESULT: {"script":"<script> [1562 bytes]","args":[{"selector":{"id":"FilterPanel-filterItemControl_BASIC-application-managepartners-display-component---masterPtm--smartTable-YARDYARD-vhi","searchOpenDialogs":true},"wdio_ui5_key":"FilterPanelfilterItemControl_BASIC-application-managepartners-display-component---masterPtm--smartTable-YARDYARD-vhi"}]}
RESULT: undefined
COMMAND: POST /session/7a47d135f75b3f9dc9ed0ec43722f433/element - {"using":"xpath","value":"//*[@id=\"FilterPanel-filterItemControl_BASIC-application-managepartners-display-component---masterPtm--smartTable-YARDYARD-vhi\"]"}
RESULT: {"using":"xpath","value":"//*[@id=\"FilterPanel-filterItemControl_BASIC-application-managepartners-display-component---masterPtm--smartTable-YARDYARD-vhi\"]"}
COMMAND: POST /session/7a47d135f75b3f9dc9ed0ec43722f433/element/f.EC16CDDA184DC683CEF5B04FDEE8C812.d.D14A097ABE3F395C94E5154E9A33F2AA.e.2094/click - {}
RESULT: {}
COMMAND: GET /session/7a47d135f75b3f9dc9ed0ec43722f433/screenshot - {}
RESULT: {}
COMMAND: POST /session/7a47d135f75b3f9dc9ed0ec43722f433/execute/async - {"script":"<script> [1562 bytes]","args":[{"selector":{"id":"FilterPanel-filterItemControl_BASIC-application-managepartners-display-component---masterPtm--smartTable-YARDYARD-valueHelpDialog-smartFilterBar-btnBasicSearch","searchOpenDialogs":true,"interaction":{"idSuffix":"I"}},"wdio_ui5_key":"FilterPanelfilterItemControl_BASIC-application-managepartners-display-component---masterPtm--smartTable-YARDYARD-valueHelpDialog-smartFilterBar-btnBasicSearch"}]}
RESULT: {"script":"<script> [1562 bytes]","args":[{"selector":{"id":"FilterPanel-filterItemControl_BASIC-application-managepartners-display-component---masterPtm--smartTable-YARDYARD-valueHelpDialog-smartFilterBar-btnBasicSearch","searchOpenDialogs":true,"interaction":{"idSuffix":"I"}},"wdio_ui5_key":"FilterPanelfilterItemControl_BASIC-application-managepartners-display-component---masterPtm--smartTable-YARDYARD-valueHelpDialog-smartFilterBar-btnBasicSearch"}]}
RESULT: undefined
COMMAND: POST /session/7a47d135f75b3f9dc9ed0ec43722f433/execute/async - {"script":"<script> [776 bytes]","args":[{"enterText":"601","selector":{"id":"FilterPanel-filterItemControl_BASIC-application-managepartners-display-component---masterPtm--smartTable-YARDYARD-valueHelpDialog-smartFilterBar-btnBasicSearch","searchOpenDialogs":true,"interaction":{"idSuffix":"I"}},"clearTextFirst":true,"interactionType":"ENTER_TEXT"}]}
RESULT: {"script":"<script> [776 bytes]","args":[{"enterText":"601","selector":{"id":"FilterPanel-filterItemControl_BASIC-application-managepartners-display-component---masterPtm--smartTable-YARDYARD-valueHelpDialog-smartFilterBar-btnBasicSearch","searchOpenDialogs":true,"interaction":{"idSuffix":"I"}},"clearTextFirst":true,"interactionType":"ENTER_TEXT"}]}
COMMAND: POST /session/7a47d135f75b3f9dc9ed0ec43722f433/actions - {"actions":[{"id":"action3","type":"key","parameters":{},"actions":[{"type":"keyDown","value":"î€‡"},{"type":"pause","duration":10},{"type":"keyUp","value":"î€‡"}]}]}
RESULT: {"actions":[{"id":"action3","type":"key","parameters":{},"actions":[{"type":"keyDown","value":"î€‡"},{"type":"pause","duration":10},{"type":"keyUp","value":"î€‡"}]}]}
COMMAND: GET /session/7a47d135f75b3f9dc9ed0ec43722f433/screenshot - {}
RESULT: {}
COMMAND: POST /session/7a47d135f75b3f9dc9ed0ec43722f433/elements - {"using":"xpath","value":"//table[contains(@id, \"smartTable-YARDYARD-valueHelpDialog-table-table\")]/tbody/tr"}
RESULT: {"using":"xpath","value":"//table[contains(@id, \"smartTable-YARDYARD-valueHelpDialog-table-table\")]/tbody/tr"}
COMMAND: POST /session/7a47d135f75b3f9dc9ed0ec43722f433/element - {"using":"xpath","value":"//table[contains(@id, \"smartTable-YARDYARD-valueHelpDialog-table-table\")]/tbody/tr[1]/td[1]/div/span"}
RESULT: {"using":"xpath","value":"//table[contains(@id, \"smartTable-YARDYARD-valueHelpDialog-table-table\")]/tbody/tr[1]/td[1]/div/span"}
COMMAND: POST /session/7a47d135f75b3f9dc9ed0ec43722f433/elements - {"using":"xpath","value":"//table[contains(@id, \"smartTable-YARDYARD-valueHelpDialog-table-table\")]/tbody/tr[1]/td[1]/div/span"}
RESULT: {"using":"xpath","value":"//table[contains(@id, \"smartTable-YARDYARD-valueHelpDialog-table-table\")]/tbody/tr[1]/td[1]/div/span"}
COMMAND: POST /session/7a47d135f75b3f9dc9ed0ec43722f433/execute/sync - {"script":"<script> [56 bytes]","args":[{"element-6066-11e4-a52e-4f735466cecf":"f.EC16CDDA184DC683CEF5B04FDEE8C812.d.D14A097ABE3F395C94E5154E9A33F2AA.e.2113","ELEMENT":"f.EC16CDDA184DC683CEF5B04FDEE8C812.d.D14A097ABE3F395C94E5154E9A33F2AA.e.2113"}]}
RESULT: {"script":"<script> [56 bytes]","args":[{"element-6066-11e4-a52e-4f735466cecf":"f.EC16CDDA184DC683CEF5B04FDEE8C812.d.D14A097ABE3F395C94E5154E9A33F2AA.e.2113","ELEMENT":"f.EC16CDDA184DC683CEF5B04FDEE8C812.d.D14A097ABE3F395C94E5154E9A33F2AA.e.2113"}]}
COMMAND: POST /session/7a47d135f75b3f9dc9ed0ec43722f433/element - {"using":"xpath","value":"//div[contains(@id, \"YARDYARD-valueHelpDialog-table-rowsel0\")]"}
COMMAND: GET /session/7a47d135f75b3f9dc9ed0ec43722f433/screenshot - {}
RESULT: {"using":"xpath","value":"//div[contains(@id, \"YARDYARD-valueHelpDialog-table-rowsel0\")]"}
COMMAND: POST /session/7a47d135f75b3f9dc9ed0ec43722f433/element/f.EC16CDDA184DC683CEF5B04FDEE8C812.d.D14A097ABE3F395C94E5154E9A33F2AA.e.2114/click - {}
RESULT: {}
RESULT: {}
COMMAND: GET /session/7a47d135f75b3f9dc9ed0ec43722f433/screenshot - {}
RESULT: {}
COMMAND: POST /session/7a47d135f75b3f9dc9ed0ec43722f433/element - {"using":"xpath","value":"(//bdi[contains(text(), \"OK\")])[2]"}
RESULT: {"using":"xpath","value":"(//bdi[contains(text(), \"OK\")])[2]"}
COMMAND: POST /session/7a47d135f75b3f9dc9ed0ec43722f433/element/f.EC16CDDA184DC683CEF5B04FDEE8C812.d.D14A097ABE3F395C94E5154E9A33F2AA.e.2116/click - {}
RESULT: {}
COMMAND: GET /session/7a47d135f75b3f9dc9ed0ec43722f433/screenshot - {}
RESULT: {}
COMMAND: POST /session/7a47d135f75b3f9dc9ed0ec43722f433/element - {"using":"xpath","value":"//bdi[contains(text(), \"OK\")]"}
RESULT: {"using":"xpath","value":"//bdi[contains(text(), \"OK\")]"}
COMMAND: POST /session/7a47d135f75b3f9dc9ed0ec43722f433/element/f.EC16CDDA184DC683CEF5B04FDEE8C812.d.D14A097ABE3F395C94E5154E9A33F2AA.e.2119/click - {}
RESULT: {}
COMMAND: GET /session/7a47d135f75b3f9dc9ed0ec43722f433/screenshot - {}
RESULT: {}
COMMAND: POST /session/7a47d135f75b3f9dc9ed0ec43722f433/element - {"using":"xpath","value":"//table[contains(@id, \"customPartnersTable\")]//tbody/tr[1]/td[3]/span"}
RESULT: {"using":"xpath","value":"//table[contains(@id, \"customPartnersTable\")]//tbody/tr[1]/td[3]/span"}
COMMAND: POST /session/7a47d135f75b3f9dc9ed0ec43722f433/execute/sync - {"script":"<script> [56 bytes]","args":[{"element-6066-11e4-a52e-4f735466cecf":"f.EC16CDDA184DC683CEF5B04FDEE8C812.d.D14A097ABE3F395C94E5154E9A33F2AA.e.2083","ELEMENT":"f.EC16CDDA184DC683CEF5B04FDEE8C812.d.D14A097ABE3F395C94E5154E9A33F2AA.e.2083"}]}
RESULT: {"script":"<script> [56 bytes]","args":[{"element-6066-11e4-a52e-4f735466cecf":"f.EC16CDDA184DC683CEF5B04FDEE8C812.d.D14A097ABE3F395C94E5154E9A33F2AA.e.2083","ELEMENT":"f.EC16CDDA184DC683CEF5B04FDEE8C812.d.D14A097ABE3F395C94E5154E9A33F2AA.e.2083"}]}
COMMAND: POST /session/7a47d135f75b3f9dc9ed0ec43722f433/element - {"using":"css selector","value":"#shell-header-logo"}
COMMAND: GET /session/7a47d135f75b3f9dc9ed0ec43722f433/screenshot - {}
RESULT: {"using":"css selector","value":"#shell-header-logo"}
COMMAND: POST /session/7a47d135f75b3f9dc9ed0ec43722f433/element/f.EC16CDDA184DC683CEF5B04FDEE8C812.d.D14A097ABE3F395C94E5154E9A33F2AA.e.1709/click - {}
RESULT: {}
RESULT: {}
COMMAND: GET /session/7a47d135f75b3f9dc9ed0ec43722f433/screenshot - {}
RESULT: {}
]]></system-out>
    </testcase>
    <testcase classname="chrome.136_0_7103_93.windows.Partner_specific_tests_US150819_US151080_US151654_US151176_US103444_US151078_US151079_US151109_US151174_US151175_US151189" name="Should deactivate the created partner in earlier step US151654" time="51.788">
      <system-out><![CDATA[
COMMAND: POST /session/7a47d135f75b3f9dc9ed0ec43722f433/element - {"using":"xpath","value":"//li[.//span[text()=\"Manage Partners\"]]"}
RESULT: {"using":"xpath","value":"//li[.//span[text()=\"Manage Partners\"]]"}
COMMAND: POST /session/7a47d135f75b3f9dc9ed0ec43722f433/element - {"using":"xpath","value":"//li[.//span[text()=\"Manage Partners\"]]"}
RESULT: {"using":"xpath","value":"//li[.//span[text()=\"Manage Partners\"]]"}
COMMAND: POST /session/7a47d135f75b3f9dc9ed0ec43722f433/element - {"using":"css selector","value":"#shell-header-logo"}
RESULT: {"using":"css selector","value":"#shell-header-logo"}
COMMAND: POST /session/7a47d135f75b3f9dc9ed0ec43722f433/element/f.EC16CDDA184DC683CEF5B04FDEE8C812.d.D14A097ABE3F395C94E5154E9A33F2AA.e.2170/click - {}
COMMAND: POST /session/7a47d135f75b3f9dc9ed0ec43722f433/execute/sync - {"script":"<script> [8489 bytes]","args":[{"element-6066-11e4-a52e-4f735466cecf":"f.EC16CDDA184DC683CEF5B04FDEE8C812.d.D14A097ABE3F395C94E5154E9A33F2AA.e.2170","ELEMENT":"f.EC16CDDA184DC683CEF5B04FDEE8C812.d.D14A097ABE3F395C94E5154E9A33F2AA.e.2170"}]}
RESULT: {}
COMMAND: GET /session/7a47d135f75b3f9dc9ed0ec43722f433/screenshot - {}
RESULT: {"script":"<script> [8489 bytes]","args":[{"element-6066-11e4-a52e-4f735466cecf":"f.EC16CDDA184DC683CEF5B04FDEE8C812.d.D14A097ABE3F395C94E5154E9A33F2AA.e.2170","ELEMENT":"f.EC16CDDA184DC683CEF5B04FDEE8C812.d.D14A097ABE3F395C94E5154E9A33F2AA.e.2170"}]}
COMMAND: POST /session/7a47d135f75b3f9dc9ed0ec43722f433/execute/sync - {"script":"<script> [5351 bytes]","args":[{"element-6066-11e4-a52e-4f735466cecf":"f.EC16CDDA184DC683CEF5B04FDEE8C812.d.D14A097ABE3F395C94E5154E9A33F2AA.e.2170","ELEMENT":"f.EC16CDDA184DC683CEF5B04FDEE8C812.d.D14A097ABE3F395C94E5154E9A33F2AA.e.2170"}]}
COMMAND: GET /session/7a47d135f75b3f9dc9ed0ec43722f433/screenshot - {}
RESULT: {}
RESULT: {"script":"<script> [5351 bytes]","args":[{"element-6066-11e4-a52e-4f735466cecf":"f.EC16CDDA184DC683CEF5B04FDEE8C812.d.D14A097ABE3F395C94E5154E9A33F2AA.e.2170","ELEMENT":"f.EC16CDDA184DC683CEF5B04FDEE8C812.d.D14A097ABE3F395C94E5154E9A33F2AA.e.2170"}]}
COMMAND: GET /session/7a47d135f75b3f9dc9ed0ec43722f433/screenshot - {}
RESULT: {}
RESULT: {}
RESULT: undefined
COMMAND: POST /session/7a47d135f75b3f9dc9ed0ec43722f433/element - {"using":"xpath","value":"//*[@id=\"__tile38\"]"}
RESULT: {"using":"xpath","value":"//*[@id=\"__tile38\"]"}
COMMAND: POST /session/7a47d135f75b3f9dc9ed0ec43722f433/element/f.EC16CDDA184DC683CEF5B04FDEE8C812.d.D14A097ABE3F395C94E5154E9A33F2AA.e.159/click - {}
RESULT: {}
COMMAND: GET /session/7a47d135f75b3f9dc9ed0ec43722f433/screenshot - {}
RESULT: {}
COMMAND: POST /session/7a47d135f75b3f9dc9ed0ec43722f433/elements - {"using":"xpath","value":"//span[text()='Error']"}
RESULT: {"using":"xpath","value":"//span[text()='Error']"}
COMMAND: POST /session/7a47d135f75b3f9dc9ed0ec43722f433/element - {"using":"xpath","value":"//button[@data-kt=\"addButton\"]"}
RESULT: {"using":"xpath","value":"//button[@data-kt=\"addButton\"]"}
COMMAND: POST /session/7a47d135f75b3f9dc9ed0ec43722f433/elements - {"using":"xpath","value":"//button[@data-kt=\"addButton\"]"}
RESULT: {"using":"xpath","value":"//button[@data-kt=\"addButton\"]"}
COMMAND: POST /session/7a47d135f75b3f9dc9ed0ec43722f433/execute/sync - {"script":"<script> [8489 bytes]","args":[{"element-6066-11e4-a52e-4f735466cecf":"f.EC16CDDA184DC683CEF5B04FDEE8C812.d.D14A097ABE3F395C94E5154E9A33F2AA.e.2216","ELEMENT":"f.EC16CDDA184DC683CEF5B04FDEE8C812.d.D14A097ABE3F395C94E5154E9A33F2AA.e.2216"}]}
RESULT: {"script":"<script> [8489 bytes]","args":[{"element-6066-11e4-a52e-4f735466cecf":"f.EC16CDDA184DC683CEF5B04FDEE8C812.d.D14A097ABE3F395C94E5154E9A33F2AA.e.2216","ELEMENT":"f.EC16CDDA184DC683CEF5B04FDEE8C812.d.D14A097ABE3F395C94E5154E9A33F2AA.e.2216"}]}
COMMAND: GET /session/7a47d135f75b3f9dc9ed0ec43722f433/element/f.EC16CDDA184DC683CEF5B04FDEE8C812.d.D14A097ABE3F395C94E5154E9A33F2AA.e.2216/enabled - {}
COMMAND: GET /session/7a47d135f75b3f9dc9ed0ec43722f433/screenshot - {}
RESULT: {}
COMMAND: POST /session/7a47d135f75b3f9dc9ed0ec43722f433/execute/sync - {"script":"<script> [8489 bytes]","args":[{"element-6066-11e4-a52e-4f735466cecf":"f.EC16CDDA184DC683CEF5B04FDEE8C812.d.D14A097ABE3F395C94E5154E9A33F2AA.e.2216","ELEMENT":"f.EC16CDDA184DC683CEF5B04FDEE8C812.d.D14A097ABE3F395C94E5154E9A33F2AA.e.2216"}]}
COMMAND: GET /session/7a47d135f75b3f9dc9ed0ec43722f433/screenshot - {}
RESULT: {}
RESULT: {"script":"<script> [8489 bytes]","args":[{"element-6066-11e4-a52e-4f735466cecf":"f.EC16CDDA184DC683CEF5B04FDEE8C812.d.D14A097ABE3F395C94E5154E9A33F2AA.e.2216","ELEMENT":"f.EC16CDDA184DC683CEF5B04FDEE8C812.d.D14A097ABE3F395C94E5154E9A33F2AA.e.2216"}]}
COMMAND: POST /session/7a47d135f75b3f9dc9ed0ec43722f433/execute/sync - {"script":"<script> [5351 bytes]","args":[{"element-6066-11e4-a52e-4f735466cecf":"f.EC16CDDA184DC683CEF5B04FDEE8C812.d.D14A097ABE3F395C94E5154E9A33F2AA.e.2216","ELEMENT":"f.EC16CDDA184DC683CEF5B04FDEE8C812.d.D14A097ABE3F395C94E5154E9A33F2AA.e.2216"}]}
COMMAND: GET /session/7a47d135f75b3f9dc9ed0ec43722f433/screenshot - {}
RESULT: {}
RESULT: {"script":"<script> [5351 bytes]","args":[{"element-6066-11e4-a52e-4f735466cecf":"f.EC16CDDA184DC683CEF5B04FDEE8C812.d.D14A097ABE3F395C94E5154E9A33F2AA.e.2216","ELEMENT":"f.EC16CDDA184DC683CEF5B04FDEE8C812.d.D14A097ABE3F395C94E5154E9A33F2AA.e.2216"}]}
COMMAND: GET /session/7a47d135f75b3f9dc9ed0ec43722f433/screenshot - {}
RESULT: {}
RESULT: {}
COMMAND: POST /session/7a47d135f75b3f9dc9ed0ec43722f433/execute/async - {"script":"<script> [1562 bytes]","args":[{"selector":{"id":"application-managepartners-display-component---masterPtm--smartFilterBar-btnBasicSearch","interaction":{"idSuffix":"I"}},"wdio_ui5_key":"applicationmanagepartners-display-component---masterPtm--smartFilterBar-btnBasicSearch"}]}
RESULT: {"script":"<script> [1562 bytes]","args":[{"selector":{"id":"application-managepartners-display-component---masterPtm--smartFilterBar-btnBasicSearch","interaction":{"idSuffix":"I"}},"wdio_ui5_key":"applicationmanagepartners-display-component---masterPtm--smartFilterBar-btnBasicSearch"}]}
RESULT: undefined
COMMAND: POST /session/7a47d135f75b3f9dc9ed0ec43722f433/execute/async - {"script":"<script> [776 bytes]","args":[{"enterText":"1371","selector":{"id":"application-managepartners-display-component---masterPtm--smartFilterBar-btnBasicSearch","interaction":{"idSuffix":"I"}},"clearTextFirst":true,"interactionType":"ENTER_TEXT"}]}
RESULT: {"script":"<script> [776 bytes]","args":[{"enterText":"1371","selector":{"id":"application-managepartners-display-component---masterPtm--smartFilterBar-btnBasicSearch","interaction":{"idSuffix":"I"}},"clearTextFirst":true,"interactionType":"ENTER_TEXT"}]}
COMMAND: POST /session/7a47d135f75b3f9dc9ed0ec43722f433/actions - {"actions":[{"id":"action4","type":"key","parameters":{},"actions":[{"type":"keyDown","value":"î€‡"},{"type":"pause","duration":10},{"type":"keyUp","value":"î€‡"}]}]}
RESULT: {"actions":[{"id":"action4","type":"key","parameters":{},"actions":[{"type":"keyDown","value":"î€‡"},{"type":"pause","duration":10},{"type":"keyUp","value":"î€‡"}]}]}
COMMAND: GET /session/7a47d135f75b3f9dc9ed0ec43722f433/screenshot - {}
RESULT: {}
COMMAND: POST /session/7a47d135f75b3f9dc9ed0ec43722f433/elements - {"using":"xpath","value":"//table[contains(@id, \"customPartnersTable-listUl\")]/tbody/tr"}
RESULT: {"using":"xpath","value":"//table[contains(@id, \"customPartnersTable-listUl\")]/tbody/tr"}
COMMAND: POST /session/7a47d135f75b3f9dc9ed0ec43722f433/element - {"using":"xpath","value":"//table[contains(@id, \"customPartnersTable-listUl\")]/tbody/tr[1]/td[3]/span"}
RESULT: {"using":"xpath","value":"//table[contains(@id, \"customPartnersTable-listUl\")]/tbody/tr[1]/td[3]/span"}
COMMAND: POST /session/7a47d135f75b3f9dc9ed0ec43722f433/elements - {"using":"xpath","value":"//table[contains(@id, \"customPartnersTable-listUl\")]/tbody/tr[1]/td[3]/span"}
RESULT: {"using":"xpath","value":"//table[contains(@id, \"customPartnersTable-listUl\")]/tbody/tr[1]/td[3]/span"}
COMMAND: POST /session/7a47d135f75b3f9dc9ed0ec43722f433/execute/sync - {"script":"<script> [56 bytes]","args":[{"element-6066-11e4-a52e-4f735466cecf":"f.EC16CDDA184DC683CEF5B04FDEE8C812.d.D14A097ABE3F395C94E5154E9A33F2AA.e.2351","ELEMENT":"f.EC16CDDA184DC683CEF5B04FDEE8C812.d.D14A097ABE3F395C94E5154E9A33F2AA.e.2351"}]}
RESULT: {"script":"<script> [56 bytes]","args":[{"element-6066-11e4-a52e-4f735466cecf":"f.EC16CDDA184DC683CEF5B04FDEE8C812.d.D14A097ABE3F395C94E5154E9A33F2AA.e.2351","ELEMENT":"f.EC16CDDA184DC683CEF5B04FDEE8C812.d.D14A097ABE3F395C94E5154E9A33F2AA.e.2351"}]}
COMMAND: POST /session/7a47d135f75b3f9dc9ed0ec43722f433/element - {"using":"xpath","value":"//table[contains(@id, \"customPartnersTable-listUl\")]/tbody/tr[1]/td[7]/div/span"}
COMMAND: GET /session/7a47d135f75b3f9dc9ed0ec43722f433/screenshot - {}
RESULT: {"using":"xpath","value":"//table[contains(@id, \"customPartnersTable-listUl\")]/tbody/tr[1]/td[7]/div/span"}
COMMAND: POST /session/7a47d135f75b3f9dc9ed0ec43722f433/execute/sync - {"script":"<script> [56 bytes]","args":[{"element-6066-11e4-a52e-4f735466cecf":"f.EC16CDDA184DC683CEF5B04FDEE8C812.d.D14A097ABE3F395C94E5154E9A33F2AA.e.2352","ELEMENT":"f.EC16CDDA184DC683CEF5B04FDEE8C812.d.D14A097ABE3F395C94E5154E9A33F2AA.e.2352"}]}
RESULT: {}
RESULT: {"script":"<script> [56 bytes]","args":[{"element-6066-11e4-a52e-4f735466cecf":"f.EC16CDDA184DC683CEF5B04FDEE8C812.d.D14A097ABE3F395C94E5154E9A33F2AA.e.2352","ELEMENT":"f.EC16CDDA184DC683CEF5B04FDEE8C812.d.D14A097ABE3F395C94E5154E9A33F2AA.e.2352"}]}
COMMAND: POST /session/7a47d135f75b3f9dc9ed0ec43722f433/element - {"using":"xpath","value":"//table[contains(@id, \"customPartnersTable-listUl\")]/tbody/tr[1]/td[2]/div/div"}
COMMAND: GET /session/7a47d135f75b3f9dc9ed0ec43722f433/screenshot - {}
RESULT: {"using":"xpath","value":"//table[contains(@id, \"customPartnersTable-listUl\")]/tbody/tr[1]/td[2]/div/div"}
COMMAND: POST /session/7a47d135f75b3f9dc9ed0ec43722f433/element/f.EC16CDDA184DC683CEF5B04FDEE8C812.d.D14A097ABE3F395C94E5154E9A33F2AA.e.2353/click - {}
RESULT: {}
RESULT: {}
COMMAND: GET /session/7a47d135f75b3f9dc9ed0ec43722f433/screenshot - {}
RESULT: {}
COMMAND: POST /session/7a47d135f75b3f9dc9ed0ec43722f433/element - {"using":"xpath","value":"//bdi[contains(text(), \"Deactivate\")]"}
RESULT: {"using":"xpath","value":"//bdi[contains(text(), \"Deactivate\")]"}
COMMAND: POST /session/7a47d135f75b3f9dc9ed0ec43722f433/element/f.EC16CDDA184DC683CEF5B04FDEE8C812.d.D14A097ABE3F395C94E5154E9A33F2AA.e.2354/click - {}
RESULT: {}
COMMAND: GET /session/7a47d135f75b3f9dc9ed0ec43722f433/screenshot - {}
RESULT: {}
COMMAND: POST /session/7a47d135f75b3f9dc9ed0ec43722f433/element - {"using":"xpath","value":"//bdi[contains(text(), \"Yes\")]"}
RESULT: {"using":"xpath","value":"//bdi[contains(text(), \"Yes\")]"}
COMMAND: POST /session/7a47d135f75b3f9dc9ed0ec43722f433/element/f.EC16CDDA184DC683CEF5B04FDEE8C812.d.D14A097ABE3F395C94E5154E9A33F2AA.e.2356/click - {}
RESULT: {}
COMMAND: GET /session/7a47d135f75b3f9dc9ed0ec43722f433/screenshot - {}
RESULT: {}
COMMAND: POST /session/7a47d135f75b3f9dc9ed0ec43722f433/element - {"using":"xpath","value":"//table[contains(@id, \"customPartnersTable-listUl\")]/tbody/tr[1]/td[7]/div/span"}
RESULT: {"using":"xpath","value":"//table[contains(@id, \"customPartnersTable-listUl\")]/tbody/tr[1]/td[7]/div/span"}
COMMAND: POST /session/7a47d135f75b3f9dc9ed0ec43722f433/execute/sync - {"script":"<script> [56 bytes]","args":[{"element-6066-11e4-a52e-4f735466cecf":"f.EC16CDDA184DC683CEF5B04FDEE8C812.d.D14A097ABE3F395C94E5154E9A33F2AA.e.2352","ELEMENT":"f.EC16CDDA184DC683CEF5B04FDEE8C812.d.D14A097ABE3F395C94E5154E9A33F2AA.e.2352"}]}
RESULT: {"script":"<script> [56 bytes]","args":[{"element-6066-11e4-a52e-4f735466cecf":"f.EC16CDDA184DC683CEF5B04FDEE8C812.d.D14A097ABE3F395C94E5154E9A33F2AA.e.2352","ELEMENT":"f.EC16CDDA184DC683CEF5B04FDEE8C812.d.D14A097ABE3F395C94E5154E9A33F2AA.e.2352"}]}
COMMAND: GET /session/7a47d135f75b3f9dc9ed0ec43722f433/screenshot - {}
RESULT: {}
COMMAND: POST /session/7a47d135f75b3f9dc9ed0ec43722f433/element - {"using":"css selector","value":"#shell-header-logo"}
RESULT: {"using":"css selector","value":"#shell-header-logo"}
COMMAND: POST /session/7a47d135f75b3f9dc9ed0ec43722f433/element/f.EC16CDDA184DC683CEF5B04FDEE8C812.d.D14A097ABE3F395C94E5154E9A33F2AA.e.2170/click - {}
RESULT: {}
COMMAND: GET /session/7a47d135f75b3f9dc9ed0ec43722f433/screenshot - {}
RESULT: {}
]]></system-out>
    </testcase>
    <testcase classname="chrome.136_0_7103_93.windows.Partner_specific_tests_US150819_US151080_US151654_US151176_US103444_US151078_US151079_US151109_US151174_US151175_US151189" name="Should activate the created partner again US151176" time="51.565">
      <system-out><![CDATA[
COMMAND: POST /session/7a47d135f75b3f9dc9ed0ec43722f433/element - {"using":"xpath","value":"//li[.//span[text()=\"Manage Partners\"]]"}
RESULT: {"using":"xpath","value":"//li[.//span[text()=\"Manage Partners\"]]"}
COMMAND: POST /session/7a47d135f75b3f9dc9ed0ec43722f433/element - {"using":"xpath","value":"//li[.//span[text()=\"Manage Partners\"]]"}
RESULT: {"using":"xpath","value":"//li[.//span[text()=\"Manage Partners\"]]"}
COMMAND: POST /session/7a47d135f75b3f9dc9ed0ec43722f433/element - {"using":"css selector","value":"#shell-header-logo"}
RESULT: {"using":"css selector","value":"#shell-header-logo"}
COMMAND: POST /session/7a47d135f75b3f9dc9ed0ec43722f433/element/f.EC16CDDA184DC683CEF5B04FDEE8C812.d.D14A097ABE3F395C94E5154E9A33F2AA.e.2360/click - {}
COMMAND: POST /session/7a47d135f75b3f9dc9ed0ec43722f433/execute/sync - {"script":"<script> [8489 bytes]","args":[{"element-6066-11e4-a52e-4f735466cecf":"f.EC16CDDA184DC683CEF5B04FDEE8C812.d.D14A097ABE3F395C94E5154E9A33F2AA.e.2360","ELEMENT":"f.EC16CDDA184DC683CEF5B04FDEE8C812.d.D14A097ABE3F395C94E5154E9A33F2AA.e.2360"}]}
RESULT: {}
COMMAND: GET /session/7a47d135f75b3f9dc9ed0ec43722f433/screenshot - {}
RESULT: {"script":"<script> [8489 bytes]","args":[{"element-6066-11e4-a52e-4f735466cecf":"f.EC16CDDA184DC683CEF5B04FDEE8C812.d.D14A097ABE3F395C94E5154E9A33F2AA.e.2360","ELEMENT":"f.EC16CDDA184DC683CEF5B04FDEE8C812.d.D14A097ABE3F395C94E5154E9A33F2AA.e.2360"}]}
COMMAND: POST /session/7a47d135f75b3f9dc9ed0ec43722f433/execute/sync - {"script":"<script> [5351 bytes]","args":[{"element-6066-11e4-a52e-4f735466cecf":"f.EC16CDDA184DC683CEF5B04FDEE8C812.d.D14A097ABE3F395C94E5154E9A33F2AA.e.2360","ELEMENT":"f.EC16CDDA184DC683CEF5B04FDEE8C812.d.D14A097ABE3F395C94E5154E9A33F2AA.e.2360"}]}
COMMAND: GET /session/7a47d135f75b3f9dc9ed0ec43722f433/screenshot - {}
RESULT: {}
RESULT: {"script":"<script> [5351 bytes]","args":[{"element-6066-11e4-a52e-4f735466cecf":"f.EC16CDDA184DC683CEF5B04FDEE8C812.d.D14A097ABE3F395C94E5154E9A33F2AA.e.2360","ELEMENT":"f.EC16CDDA184DC683CEF5B04FDEE8C812.d.D14A097ABE3F395C94E5154E9A33F2AA.e.2360"}]}
COMMAND: GET /session/7a47d135f75b3f9dc9ed0ec43722f433/screenshot - {}
RESULT: {}
RESULT: {}
RESULT: undefined
COMMAND: POST /session/7a47d135f75b3f9dc9ed0ec43722f433/element - {"using":"xpath","value":"//*[@id=\"__tile38\"]"}
RESULT: {"using":"xpath","value":"//*[@id=\"__tile38\"]"}
COMMAND: POST /session/7a47d135f75b3f9dc9ed0ec43722f433/element/f.EC16CDDA184DC683CEF5B04FDEE8C812.d.D14A097ABE3F395C94E5154E9A33F2AA.e.159/click - {}
RESULT: {}
COMMAND: GET /session/7a47d135f75b3f9dc9ed0ec43722f433/screenshot - {}
RESULT: {}
COMMAND: POST /session/7a47d135f75b3f9dc9ed0ec43722f433/elements - {"using":"xpath","value":"//span[text()='Error']"}
RESULT: {"using":"xpath","value":"//span[text()='Error']"}
COMMAND: POST /session/7a47d135f75b3f9dc9ed0ec43722f433/element - {"using":"xpath","value":"//button[@data-kt=\"addButton\"]"}
RESULT: {"using":"xpath","value":"//button[@data-kt=\"addButton\"]"}
COMMAND: POST /session/7a47d135f75b3f9dc9ed0ec43722f433/elements - {"using":"xpath","value":"//button[@data-kt=\"addButton\"]"}
RESULT: {"using":"xpath","value":"//button[@data-kt=\"addButton\"]"}
COMMAND: POST /session/7a47d135f75b3f9dc9ed0ec43722f433/execute/sync - {"script":"<script> [8489 bytes]","args":[{"element-6066-11e4-a52e-4f735466cecf":"f.EC16CDDA184DC683CEF5B04FDEE8C812.d.D14A097ABE3F395C94E5154E9A33F2AA.e.2405","ELEMENT":"f.EC16CDDA184DC683CEF5B04FDEE8C812.d.D14A097ABE3F395C94E5154E9A33F2AA.e.2405"}]}
RESULT: {"script":"<script> [8489 bytes]","args":[{"element-6066-11e4-a52e-4f735466cecf":"f.EC16CDDA184DC683CEF5B04FDEE8C812.d.D14A097ABE3F395C94E5154E9A33F2AA.e.2405","ELEMENT":"f.EC16CDDA184DC683CEF5B04FDEE8C812.d.D14A097ABE3F395C94E5154E9A33F2AA.e.2405"}]}
COMMAND: GET /session/7a47d135f75b3f9dc9ed0ec43722f433/element/f.EC16CDDA184DC683CEF5B04FDEE8C812.d.D14A097ABE3F395C94E5154E9A33F2AA.e.2405/enabled - {}
COMMAND: GET /session/7a47d135f75b3f9dc9ed0ec43722f433/screenshot - {}
RESULT: {}
COMMAND: POST /session/7a47d135f75b3f9dc9ed0ec43722f433/execute/sync - {"script":"<script> [8489 bytes]","args":[{"element-6066-11e4-a52e-4f735466cecf":"f.EC16CDDA184DC683CEF5B04FDEE8C812.d.D14A097ABE3F395C94E5154E9A33F2AA.e.2405","ELEMENT":"f.EC16CDDA184DC683CEF5B04FDEE8C812.d.D14A097ABE3F395C94E5154E9A33F2AA.e.2405"}]}
COMMAND: GET /session/7a47d135f75b3f9dc9ed0ec43722f433/screenshot - {}
RESULT: {}
RESULT: {"script":"<script> [8489 bytes]","args":[{"element-6066-11e4-a52e-4f735466cecf":"f.EC16CDDA184DC683CEF5B04FDEE8C812.d.D14A097ABE3F395C94E5154E9A33F2AA.e.2405","ELEMENT":"f.EC16CDDA184DC683CEF5B04FDEE8C812.d.D14A097ABE3F395C94E5154E9A33F2AA.e.2405"}]}
COMMAND: POST /session/7a47d135f75b3f9dc9ed0ec43722f433/execute/sync - {"script":"<script> [5351 bytes]","args":[{"element-6066-11e4-a52e-4f735466cecf":"f.EC16CDDA184DC683CEF5B04FDEE8C812.d.D14A097ABE3F395C94E5154E9A33F2AA.e.2405","ELEMENT":"f.EC16CDDA184DC683CEF5B04FDEE8C812.d.D14A097ABE3F395C94E5154E9A33F2AA.e.2405"}]}
COMMAND: GET /session/7a47d135f75b3f9dc9ed0ec43722f433/screenshot - {}
RESULT: {}
RESULT: {"script":"<script> [5351 bytes]","args":[{"element-6066-11e4-a52e-4f735466cecf":"f.EC16CDDA184DC683CEF5B04FDEE8C812.d.D14A097ABE3F395C94E5154E9A33F2AA.e.2405","ELEMENT":"f.EC16CDDA184DC683CEF5B04FDEE8C812.d.D14A097ABE3F395C94E5154E9A33F2AA.e.2405"}]}
COMMAND: GET /session/7a47d135f75b3f9dc9ed0ec43722f433/screenshot - {}
RESULT: {}
RESULT: {}
RESULT: undefined
COMMAND: POST /session/7a47d135f75b3f9dc9ed0ec43722f433/execute/async - {"script":"<script> [776 bytes]","args":[{"enterText":"1371","selector":{"id":"application-managepartners-display-component---masterPtm--smartFilterBar-btnBasicSearch","interaction":{"idSuffix":"I"}},"clearTextFirst":true,"interactionType":"ENTER_TEXT"}]}
RESULT: {"script":"<script> [776 bytes]","args":[{"enterText":"1371","selector":{"id":"application-managepartners-display-component---masterPtm--smartFilterBar-btnBasicSearch","interaction":{"idSuffix":"I"}},"clearTextFirst":true,"interactionType":"ENTER_TEXT"}]}
COMMAND: POST /session/7a47d135f75b3f9dc9ed0ec43722f433/actions - {"actions":[{"id":"action5","type":"key","parameters":{},"actions":[{"type":"keyDown","value":"î€‡"},{"type":"pause","duration":10},{"type":"keyUp","value":"î€‡"}]}]}
RESULT: {"actions":[{"id":"action5","type":"key","parameters":{},"actions":[{"type":"keyDown","value":"î€‡"},{"type":"pause","duration":10},{"type":"keyUp","value":"î€‡"}]}]}
COMMAND: GET /session/7a47d135f75b3f9dc9ed0ec43722f433/screenshot - {}
RESULT: {}
COMMAND: POST /session/7a47d135f75b3f9dc9ed0ec43722f433/elements - {"using":"xpath","value":"//table[contains(@id, \"customPartnersTable-listUl\")]/tbody/tr"}
RESULT: {"using":"xpath","value":"//table[contains(@id, \"customPartnersTable-listUl\")]/tbody/tr"}
COMMAND: POST /session/7a47d135f75b3f9dc9ed0ec43722f433/element - {"using":"xpath","value":"//table[contains(@id, \"customPartnersTable-listUl\")]/tbody/tr[1]/td[3]/span"}
RESULT: {"using":"xpath","value":"//table[contains(@id, \"customPartnersTable-listUl\")]/tbody/tr[1]/td[3]/span"}
COMMAND: POST /session/7a47d135f75b3f9dc9ed0ec43722f433/elements - {"using":"xpath","value":"//table[contains(@id, \"customPartnersTable-listUl\")]/tbody/tr[1]/td[3]/span"}
RESULT: {"using":"xpath","value":"//table[contains(@id, \"customPartnersTable-listUl\")]/tbody/tr[1]/td[3]/span"}
COMMAND: POST /session/7a47d135f75b3f9dc9ed0ec43722f433/execute/sync - {"script":"<script> [56 bytes]","args":[{"element-6066-11e4-a52e-4f735466cecf":"f.EC16CDDA184DC683CEF5B04FDEE8C812.d.D14A097ABE3F395C94E5154E9A33F2AA.e.2538","ELEMENT":"f.EC16CDDA184DC683CEF5B04FDEE8C812.d.D14A097ABE3F395C94E5154E9A33F2AA.e.2538"}]}
RESULT: {"script":"<script> [56 bytes]","args":[{"element-6066-11e4-a52e-4f735466cecf":"f.EC16CDDA184DC683CEF5B04FDEE8C812.d.D14A097ABE3F395C94E5154E9A33F2AA.e.2538","ELEMENT":"f.EC16CDDA184DC683CEF5B04FDEE8C812.d.D14A097ABE3F395C94E5154E9A33F2AA.e.2538"}]}
COMMAND: POST /session/7a47d135f75b3f9dc9ed0ec43722f433/element - {"using":"xpath","value":"//table[contains(@id, \"customPartnersTable-listUl\")]/tbody/tr[1]/td[7]/div/span"}
COMMAND: GET /session/7a47d135f75b3f9dc9ed0ec43722f433/screenshot - {}
RESULT: {"using":"xpath","value":"//table[contains(@id, \"customPartnersTable-listUl\")]/tbody/tr[1]/td[7]/div/span"}
COMMAND: POST /session/7a47d135f75b3f9dc9ed0ec43722f433/execute/sync - {"script":"<script> [56 bytes]","args":[{"element-6066-11e4-a52e-4f735466cecf":"f.EC16CDDA184DC683CEF5B04FDEE8C812.d.D14A097ABE3F395C94E5154E9A33F2AA.e.2539","ELEMENT":"f.EC16CDDA184DC683CEF5B04FDEE8C812.d.D14A097ABE3F395C94E5154E9A33F2AA.e.2539"}]}
RESULT: {}
RESULT: {"script":"<script> [56 bytes]","args":[{"element-6066-11e4-a52e-4f735466cecf":"f.EC16CDDA184DC683CEF5B04FDEE8C812.d.D14A097ABE3F395C94E5154E9A33F2AA.e.2539","ELEMENT":"f.EC16CDDA184DC683CEF5B04FDEE8C812.d.D14A097ABE3F395C94E5154E9A33F2AA.e.2539"}]}
COMMAND: POST /session/7a47d135f75b3f9dc9ed0ec43722f433/element - {"using":"xpath","value":"//table[contains(@id, \"customPartnersTable-listUl\")]/tbody/tr[1]/td[2]/div/div"}
COMMAND: GET /session/7a47d135f75b3f9dc9ed0ec43722f433/screenshot - {}
RESULT: {"using":"xpath","value":"//table[contains(@id, \"customPartnersTable-listUl\")]/tbody/tr[1]/td[2]/div/div"}
COMMAND: POST /session/7a47d135f75b3f9dc9ed0ec43722f433/element/f.EC16CDDA184DC683CEF5B04FDEE8C812.d.D14A097ABE3F395C94E5154E9A33F2AA.e.2540/click - {}
RESULT: {}
RESULT: {}
COMMAND: GET /session/7a47d135f75b3f9dc9ed0ec43722f433/screenshot - {}
RESULT: {}
COMMAND: POST /session/7a47d135f75b3f9dc9ed0ec43722f433/element - {"using":"xpath","value":"//bdi[contains(text(), \"Activate\")]"}
RESULT: {"using":"xpath","value":"//bdi[contains(text(), \"Activate\")]"}
COMMAND: POST /session/7a47d135f75b3f9dc9ed0ec43722f433/element/f.EC16CDDA184DC683CEF5B04FDEE8C812.d.D14A097ABE3F395C94E5154E9A33F2AA.e.2541/click - {}
RESULT: {}
COMMAND: GET /session/7a47d135f75b3f9dc9ed0ec43722f433/screenshot - {}
RESULT: {}
COMMAND: POST /session/7a47d135f75b3f9dc9ed0ec43722f433/element - {"using":"xpath","value":"//bdi[contains(text(), \"Yes\")]"}
RESULT: {"using":"xpath","value":"//bdi[contains(text(), \"Yes\")]"}
COMMAND: POST /session/7a47d135f75b3f9dc9ed0ec43722f433/element/f.EC16CDDA184DC683CEF5B04FDEE8C812.d.D14A097ABE3F395C94E5154E9A33F2AA.e.2543/click - {}
RESULT: {}
COMMAND: GET /session/7a47d135f75b3f9dc9ed0ec43722f433/screenshot - {}
RESULT: {}
COMMAND: POST /session/7a47d135f75b3f9dc9ed0ec43722f433/element - {"using":"xpath","value":"//table[contains(@id, \"customPartnersTable-listUl\")]/tbody/tr[1]/td[7]/div/span"}
RESULT: {"using":"xpath","value":"//table[contains(@id, \"customPartnersTable-listUl\")]/tbody/tr[1]/td[7]/div/span"}
COMMAND: POST /session/7a47d135f75b3f9dc9ed0ec43722f433/execute/sync - {"script":"<script> [56 bytes]","args":[{"element-6066-11e4-a52e-4f735466cecf":"f.EC16CDDA184DC683CEF5B04FDEE8C812.d.D14A097ABE3F395C94E5154E9A33F2AA.e.2539","ELEMENT":"f.EC16CDDA184DC683CEF5B04FDEE8C812.d.D14A097ABE3F395C94E5154E9A33F2AA.e.2539"}]}
RESULT: {"script":"<script> [56 bytes]","args":[{"element-6066-11e4-a52e-4f735466cecf":"f.EC16CDDA184DC683CEF5B04FDEE8C812.d.D14A097ABE3F395C94E5154E9A33F2AA.e.2539","ELEMENT":"f.EC16CDDA184DC683CEF5B04FDEE8C812.d.D14A097ABE3F395C94E5154E9A33F2AA.e.2539"}]}
COMMAND: GET /session/7a47d135f75b3f9dc9ed0ec43722f433/screenshot - {}
RESULT: {}
COMMAND: POST /session/7a47d135f75b3f9dc9ed0ec43722f433/element - {"using":"css selector","value":"#shell-header-logo"}
RESULT: {"using":"css selector","value":"#shell-header-logo"}
COMMAND: POST /session/7a47d135f75b3f9dc9ed0ec43722f433/element/f.EC16CDDA184DC683CEF5B04FDEE8C812.d.D14A097ABE3F395C94E5154E9A33F2AA.e.2360/click - {}
RESULT: {}
COMMAND: GET /session/7a47d135f75b3f9dc9ed0ec43722f433/screenshot - {}
RESULT: {}
]]></system-out>
    </testcase>
    <testcase classname="chrome.136_0_7103_93.windows.Partner_specific_tests_US150819_US151080_US151654_US151176_US103444_US151078_US151079_US151109_US151174_US151175_US151189" name="Should edit the created external partner and save it and check its content US103444" time="58.295">
      <system-out><![CDATA[
COMMAND: POST /session/7a47d135f75b3f9dc9ed0ec43722f433/element - {"using":"xpath","value":"//li[.//span[text()=\"Manage Partners\"]]"}
RESULT: {"using":"xpath","value":"//li[.//span[text()=\"Manage Partners\"]]"}
COMMAND: POST /session/7a47d135f75b3f9dc9ed0ec43722f433/element - {"using":"xpath","value":"//li[.//span[text()=\"Manage Partners\"]]"}
RESULT: {"using":"xpath","value":"//li[.//span[text()=\"Manage Partners\"]]"}
COMMAND: POST /session/7a47d135f75b3f9dc9ed0ec43722f433/element - {"using":"css selector","value":"#shell-header-logo"}
RESULT: {"using":"css selector","value":"#shell-header-logo"}
COMMAND: POST /session/7a47d135f75b3f9dc9ed0ec43722f433/element/f.EC16CDDA184DC683CEF5B04FDEE8C812.d.D14A097ABE3F395C94E5154E9A33F2AA.e.2547/click - {}
COMMAND: POST /session/7a47d135f75b3f9dc9ed0ec43722f433/execute/sync - {"script":"<script> [8489 bytes]","args":[{"element-6066-11e4-a52e-4f735466cecf":"f.EC16CDDA184DC683CEF5B04FDEE8C812.d.D14A097ABE3F395C94E5154E9A33F2AA.e.2547","ELEMENT":"f.EC16CDDA184DC683CEF5B04FDEE8C812.d.D14A097ABE3F395C94E5154E9A33F2AA.e.2547"}]}
RESULT: {}
COMMAND: GET /session/7a47d135f75b3f9dc9ed0ec43722f433/screenshot - {}
RESULT: {"script":"<script> [8489 bytes]","args":[{"element-6066-11e4-a52e-4f735466cecf":"f.EC16CDDA184DC683CEF5B04FDEE8C812.d.D14A097ABE3F395C94E5154E9A33F2AA.e.2547","ELEMENT":"f.EC16CDDA184DC683CEF5B04FDEE8C812.d.D14A097ABE3F395C94E5154E9A33F2AA.e.2547"}]}
COMMAND: POST /session/7a47d135f75b3f9dc9ed0ec43722f433/execute/sync - {"script":"<script> [5351 bytes]","args":[{"element-6066-11e4-a52e-4f735466cecf":"f.EC16CDDA184DC683CEF5B04FDEE8C812.d.D14A097ABE3F395C94E5154E9A33F2AA.e.2547","ELEMENT":"f.EC16CDDA184DC683CEF5B04FDEE8C812.d.D14A097ABE3F395C94E5154E9A33F2AA.e.2547"}]}
COMMAND: GET /session/7a47d135f75b3f9dc9ed0ec43722f433/screenshot - {}
RESULT: {}
RESULT: {"script":"<script> [5351 bytes]","args":[{"element-6066-11e4-a52e-4f735466cecf":"f.EC16CDDA184DC683CEF5B04FDEE8C812.d.D14A097ABE3F395C94E5154E9A33F2AA.e.2547","ELEMENT":"f.EC16CDDA184DC683CEF5B04FDEE8C812.d.D14A097ABE3F395C94E5154E9A33F2AA.e.2547"}]}
COMMAND: GET /session/7a47d135f75b3f9dc9ed0ec43722f433/screenshot - {}
RESULT: {}
RESULT: {}
RESULT: undefined
COMMAND: POST /session/7a47d135f75b3f9dc9ed0ec43722f433/element - {"using":"xpath","value":"//*[@id=\"__tile38\"]"}
RESULT: {"using":"xpath","value":"//*[@id=\"__tile38\"]"}
COMMAND: POST /session/7a47d135f75b3f9dc9ed0ec43722f433/element/f.EC16CDDA184DC683CEF5B04FDEE8C812.d.D14A097ABE3F395C94E5154E9A33F2AA.e.159/click - {}
RESULT: {}
COMMAND: GET /session/7a47d135f75b3f9dc9ed0ec43722f433/screenshot - {}
RESULT: {}
COMMAND: POST /session/7a47d135f75b3f9dc9ed0ec43722f433/elements - {"using":"xpath","value":"//span[text()='Error']"}
RESULT: {"using":"xpath","value":"//span[text()='Error']"}
COMMAND: POST /session/7a47d135f75b3f9dc9ed0ec43722f433/element - {"using":"xpath","value":"//button[@data-kt=\"addButton\"]"}
RESULT: {"using":"xpath","value":"//button[@data-kt=\"addButton\"]"}
COMMAND: POST /session/7a47d135f75b3f9dc9ed0ec43722f433/elements - {"using":"xpath","value":"//button[@data-kt=\"addButton\"]"}
RESULT: {"using":"xpath","value":"//button[@data-kt=\"addButton\"]"}
COMMAND: POST /session/7a47d135f75b3f9dc9ed0ec43722f433/execute/sync - {"script":"<script> [8489 bytes]","args":[{"element-6066-11e4-a52e-4f735466cecf":"f.EC16CDDA184DC683CEF5B04FDEE8C812.d.D14A097ABE3F395C94E5154E9A33F2AA.e.2592","ELEMENT":"f.EC16CDDA184DC683CEF5B04FDEE8C812.d.D14A097ABE3F395C94E5154E9A33F2AA.e.2592"}]}
RESULT: {"script":"<script> [8489 bytes]","args":[{"element-6066-11e4-a52e-4f735466cecf":"f.EC16CDDA184DC683CEF5B04FDEE8C812.d.D14A097ABE3F395C94E5154E9A33F2AA.e.2592","ELEMENT":"f.EC16CDDA184DC683CEF5B04FDEE8C812.d.D14A097ABE3F395C94E5154E9A33F2AA.e.2592"}]}
COMMAND: GET /session/7a47d135f75b3f9dc9ed0ec43722f433/element/f.EC16CDDA184DC683CEF5B04FDEE8C812.d.D14A097ABE3F395C94E5154E9A33F2AA.e.2592/enabled - {}
COMMAND: GET /session/7a47d135f75b3f9dc9ed0ec43722f433/screenshot - {}
RESULT: {}
COMMAND: POST /session/7a47d135f75b3f9dc9ed0ec43722f433/execute/sync - {"script":"<script> [8489 bytes]","args":[{"element-6066-11e4-a52e-4f735466cecf":"f.EC16CDDA184DC683CEF5B04FDEE8C812.d.D14A097ABE3F395C94E5154E9A33F2AA.e.2592","ELEMENT":"f.EC16CDDA184DC683CEF5B04FDEE8C812.d.D14A097ABE3F395C94E5154E9A33F2AA.e.2592"}]}
COMMAND: GET /session/7a47d135f75b3f9dc9ed0ec43722f433/screenshot - {}
RESULT: {}
RESULT: {"script":"<script> [8489 bytes]","args":[{"element-6066-11e4-a52e-4f735466cecf":"f.EC16CDDA184DC683CEF5B04FDEE8C812.d.D14A097ABE3F395C94E5154E9A33F2AA.e.2592","ELEMENT":"f.EC16CDDA184DC683CEF5B04FDEE8C812.d.D14A097ABE3F395C94E5154E9A33F2AA.e.2592"}]}
COMMAND: POST /session/7a47d135f75b3f9dc9ed0ec43722f433/execute/sync - {"script":"<script> [5351 bytes]","args":[{"element-6066-11e4-a52e-4f735466cecf":"f.EC16CDDA184DC683CEF5B04FDEE8C812.d.D14A097ABE3F395C94E5154E9A33F2AA.e.2592","ELEMENT":"f.EC16CDDA184DC683CEF5B04FDEE8C812.d.D14A097ABE3F395C94E5154E9A33F2AA.e.2592"}]}
COMMAND: GET /session/7a47d135f75b3f9dc9ed0ec43722f433/screenshot - {}
RESULT: {}
RESULT: {"script":"<script> [5351 bytes]","args":[{"element-6066-11e4-a52e-4f735466cecf":"f.EC16CDDA184DC683CEF5B04FDEE8C812.d.D14A097ABE3F395C94E5154E9A33F2AA.e.2592","ELEMENT":"f.EC16CDDA184DC683CEF5B04FDEE8C812.d.D14A097ABE3F395C94E5154E9A33F2AA.e.2592"}]}
COMMAND: GET /session/7a47d135f75b3f9dc9ed0ec43722f433/screenshot - {}
RESULT: {}
RESULT: {}
RESULT: undefined
COMMAND: POST /session/7a47d135f75b3f9dc9ed0ec43722f433/execute/async - {"script":"<script> [776 bytes]","args":[{"enterText":"1371","selector":{"id":"application-managepartners-display-component---masterPtm--smartFilterBar-btnBasicSearch","interaction":{"idSuffix":"I"}},"clearTextFirst":true,"interactionType":"ENTER_TEXT"}]}
RESULT: {"script":"<script> [776 bytes]","args":[{"enterText":"1371","selector":{"id":"application-managepartners-display-component---masterPtm--smartFilterBar-btnBasicSearch","interaction":{"idSuffix":"I"}},"clearTextFirst":true,"interactionType":"ENTER_TEXT"}]}
COMMAND: POST /session/7a47d135f75b3f9dc9ed0ec43722f433/actions - {"actions":[{"id":"action6","type":"key","parameters":{},"actions":[{"type":"keyDown","value":"î€‡"},{"type":"pause","duration":10},{"type":"keyUp","value":"î€‡"}]}]}
RESULT: {"actions":[{"id":"action6","type":"key","parameters":{},"actions":[{"type":"keyDown","value":"î€‡"},{"type":"pause","duration":10},{"type":"keyUp","value":"î€‡"}]}]}
COMMAND: GET /session/7a47d135f75b3f9dc9ed0ec43722f433/screenshot - {}
RESULT: {}
COMMAND: POST /session/7a47d135f75b3f9dc9ed0ec43722f433/elements - {"using":"xpath","value":"//table[contains(@id, \"customPartnersTable-listUl\")]/tbody/tr"}
RESULT: {"using":"xpath","value":"//table[contains(@id, \"customPartnersTable-listUl\")]/tbody/tr"}
COMMAND: POST /session/7a47d135f75b3f9dc9ed0ec43722f433/element - {"using":"xpath","value":"//table[contains(@id, \"customPartnersTable-listUl\")]/tbody/tr[1]/td[3]/span"}
RESULT: {"using":"xpath","value":"//table[contains(@id, \"customPartnersTable-listUl\")]/tbody/tr[1]/td[3]/span"}
COMMAND: POST /session/7a47d135f75b3f9dc9ed0ec43722f433/elements - {"using":"xpath","value":"//table[contains(@id, \"customPartnersTable-listUl\")]/tbody/tr[1]/td[3]/span"}
RESULT: {"using":"xpath","value":"//table[contains(@id, \"customPartnersTable-listUl\")]/tbody/tr[1]/td[3]/span"}
COMMAND: POST /session/7a47d135f75b3f9dc9ed0ec43722f433/execute/sync - {"script":"<script> [56 bytes]","args":[{"element-6066-11e4-a52e-4f735466cecf":"f.EC16CDDA184DC683CEF5B04FDEE8C812.d.D14A097ABE3F395C94E5154E9A33F2AA.e.2728","ELEMENT":"f.EC16CDDA184DC683CEF5B04FDEE8C812.d.D14A097ABE3F395C94E5154E9A33F2AA.e.2728"}]}
RESULT: {"script":"<script> [56 bytes]","args":[{"element-6066-11e4-a52e-4f735466cecf":"f.EC16CDDA184DC683CEF5B04FDEE8C812.d.D14A097ABE3F395C94E5154E9A33F2AA.e.2728","ELEMENT":"f.EC16CDDA184DC683CEF5B04FDEE8C812.d.D14A097ABE3F395C94E5154E9A33F2AA.e.2728"}]}
COMMAND: POST /session/7a47d135f75b3f9dc9ed0ec43722f433/element - {"using":"xpath","value":"(//span[contains(@id, \"imgNav\")])[1]"}
COMMAND: GET /session/7a47d135f75b3f9dc9ed0ec43722f433/screenshot - {}
RESULT: {"using":"xpath","value":"(//span[contains(@id, \"imgNav\")])[1]"}
COMMAND: POST /session/7a47d135f75b3f9dc9ed0ec43722f433/element/f.EC16CDDA184DC683CEF5B04FDEE8C812.d.D14A097ABE3F395C94E5154E9A33F2AA.e.2726/click - {}
RESULT: {}
RESULT: {}
COMMAND: GET /session/7a47d135f75b3f9dc9ed0ec43722f433/screenshot - {}
RESULT: {}
COMMAND: POST /session/7a47d135f75b3f9dc9ed0ec43722f433/element - {"using":"xpath","value":"//bdi[contains(text(), \"Edit\")]"}
RESULT: {"using":"xpath","value":"//bdi[contains(text(), \"Edit\")]"}
COMMAND: POST /session/7a47d135f75b3f9dc9ed0ec43722f433/element/f.EC16CDDA184DC683CEF5B04FDEE8C812.d.D14A097ABE3F395C94E5154E9A33F2AA.e.2868/click - {}
RESULT: {}
COMMAND: GET /session/7a47d135f75b3f9dc9ed0ec43722f433/screenshot - {}
RESULT: {}
COMMAND: POST /session/7a47d135f75b3f9dc9ed0ec43722f433/execute/async - {"script":"<script> [1562 bytes]","args":[{"selector":{"controlType":"sap.m.Input","viewName":"etm.portal.ui.managepartners.view.EditDetail","labelFor":{"text":"Name"},"interaction":{"idSuffix":"inner"}},"wdio_ui5_key":"etmportal.ui.managepartners.view.EditDetailsap.m.Input{\"text\":\"Name\"}"}]}
RESULT: {"script":"<script> [1562 bytes]","args":[{"selector":{"controlType":"sap.m.Input","viewName":"etm.portal.ui.managepartners.view.EditDetail","labelFor":{"text":"Name"},"interaction":{"idSuffix":"inner"}},"wdio_ui5_key":"etmportal.ui.managepartners.view.EditDetailsap.m.Input{\"text\":\"Name\"}"}]}
RESULT: undefined
COMMAND: POST /session/7a47d135f75b3f9dc9ed0ec43722f433/execute/async - {"script":"<script> [776 bytes]","args":[{"enterText":"External EDIT","selector":{"controlType":"sap.m.Input","viewName":"etm.portal.ui.managepartners.view.EditDetail","labelFor":{"text":"Name"},"interaction":{"idSuffix":"inner"}},"clearTextFirst":true,"interactionType":"ENTER_TEXT"}]}
RESULT: {"script":"<script> [776 bytes]","args":[{"enterText":"External EDIT","selector":{"controlType":"sap.m.Input","viewName":"etm.portal.ui.managepartners.view.EditDetail","labelFor":{"text":"Name"},"interaction":{"idSuffix":"inner"}},"clearTextFirst":true,"interactionType":"ENTER_TEXT"}]}
COMMAND: POST /session/7a47d135f75b3f9dc9ed0ec43722f433/element - {"using":"xpath","value":"(//span[contains(@id,\"addressDetailDetailsLanguage-arrow\")])[1]"}
RESULT: {"using":"xpath","value":"(//span[contains(@id,\"addressDetailDetailsLanguage-arrow\")])[1]"}
COMMAND: POST /session/7a47d135f75b3f9dc9ed0ec43722f433/element/f.EC16CDDA184DC683CEF5B04FDEE8C812.d.D14A097ABE3F395C94E5154E9A33F2AA.e.2944/click - {}
RESULT: {}
COMMAND: POST /session/7a47d135f75b3f9dc9ed0ec43722f433/element - {"using":"xpath","value":"//span[contains(text(), \"Chinese\")]"}
COMMAND: GET /session/7a47d135f75b3f9dc9ed0ec43722f433/screenshot - {}
RESULT: {"using":"xpath","value":"//span[contains(text(), \"Chinese\")]"}
COMMAND: POST /session/7a47d135f75b3f9dc9ed0ec43722f433/element/f.EC16CDDA184DC683CEF5B04FDEE8C812.d.D14A097ABE3F395C94E5154E9A33F2AA.e.2945/click - {}
RESULT: {}
RESULT: {}
COMMAND: GET /session/7a47d135f75b3f9dc9ed0ec43722f433/screenshot - {}
RESULT: {}
COMMAND: POST /session/7a47d135f75b3f9dc9ed0ec43722f433/execute/async - {"script":"<script> [1562 bytes]","args":[{"selector":{"controlType":"sap.m.Input","viewName":"etm.portal.ui.managepartners.view.EditDetail","labelFor":{"text":"City"},"interaction":{"idSuffix":"inner"}},"wdio_ui5_key":"etmportal.ui.managepartners.view.EditDetailsap.m.Input{\"text\":\"City\"}"}]}
RESULT: {"script":"<script> [1562 bytes]","args":[{"selector":{"controlType":"sap.m.Input","viewName":"etm.portal.ui.managepartners.view.EditDetail","labelFor":{"text":"City"},"interaction":{"idSuffix":"inner"}},"wdio_ui5_key":"etmportal.ui.managepartners.view.EditDetailsap.m.Input{\"text\":\"City\"}"}]}
RESULT: undefined
COMMAND: POST /session/7a47d135f75b3f9dc9ed0ec43722f433/execute/async - {"script":"<script> [776 bytes]","args":[{"enterText":"Clooj-Napoca","selector":{"controlType":"sap.m.Input","viewName":"etm.portal.ui.managepartners.view.EditDetail","labelFor":{"text":"City"},"interaction":{"idSuffix":"inner"}},"clearTextFirst":true,"interactionType":"ENTER_TEXT"}]}
RESULT: {"script":"<script> [776 bytes]","args":[{"enterText":"Clooj-Napoca","selector":{"controlType":"sap.m.Input","viewName":"etm.portal.ui.managepartners.view.EditDetail","labelFor":{"text":"City"},"interaction":{"idSuffix":"inner"}},"clearTextFirst":true,"interactionType":"ENTER_TEXT"}]}
COMMAND: POST /session/7a47d135f75b3f9dc9ed0ec43722f433/element - {"using":"xpath","value":"//button[@data-kt=\"saveButton\"]"}
RESULT: {"using":"xpath","value":"//button[@data-kt=\"saveButton\"]"}
COMMAND: POST /session/7a47d135f75b3f9dc9ed0ec43722f433/element/f.EC16CDDA184DC683CEF5B04FDEE8C812.d.D14A097ABE3F395C94E5154E9A33F2AA.e.2927/click - {}
RESULT: {}
COMMAND: GET /session/7a47d135f75b3f9dc9ed0ec43722f433/screenshot - {}
RESULT: {}
COMMAND: POST /session/7a47d135f75b3f9dc9ed0ec43722f433/execute/async - {"script":"<script> [1562 bytes]","args":[{"selector":{"id":"application-managepartners-display-component---detailPtm--addressDetailDetailsName1"},"wdio_ui5_key":"applicationmanagepartners-display-component---detailPtm--addressDetailDetailsName1"}]}
RESULT: {"script":"<script> [1562 bytes]","args":[{"selector":{"id":"application-managepartners-display-component---detailPtm--addressDetailDetailsName1"},"wdio_ui5_key":"applicationmanagepartners-display-component---detailPtm--addressDetailDetailsName1"}]}
RESULT: undefined
COMMAND: POST /session/7a47d135f75b3f9dc9ed0ec43722f433/execute/async - {"script":"<script> [6424 bytes]","args":[{"element-6066-11e4-a52e-4f735466cecf":"f.EC16CDDA184DC683CEF5B04FDEE8C812.d.D14A097ABE3F395C94E5154E9A33F2AA.e.2976"},"getValue",[]]}
RESULT: {"script":"<script> [6424 bytes]","args":[{"element-6066-11e4-a52e-4f735466cecf":"f.EC16CDDA184DC683CEF5B04FDEE8C812.d.D14A097ABE3F395C94E5154E9A33F2AA.e.2976"},"getValue",[]]}
COMMAND: POST /session/7a47d135f75b3f9dc9ed0ec43722f433/element - {"using":"xpath","value":"//input[@id = \"application-managepartners-display-component---detailPtm--addressDetailDetailsLanguage-inner\"]"}
RESULT: {"using":"xpath","value":"//input[@id = \"application-managepartners-display-component---detailPtm--addressDetailDetailsLanguage-inner\"]"}
COMMAND: GET /session/7a47d135f75b3f9dc9ed0ec43722f433/element/f.EC16CDDA184DC683CEF5B04FDEE8C812.d.D14A097ABE3F395C94E5154E9A33F2AA.e.2977/property/value - {}
RESULT: {}
COMMAND: POST /session/7a47d135f75b3f9dc9ed0ec43722f433/execute/async - {"script":"<script> [1562 bytes]","args":[{"selector":{"id":"application-managepartners-display-component---detailPtm--addressDetailDetailsCity1"},"wdio_ui5_key":"applicationmanagepartners-display-component---detailPtm--addressDetailDetailsCity1"}]}
COMMAND: GET /session/7a47d135f75b3f9dc9ed0ec43722f433/screenshot - {}
RESULT: {"script":"<script> [1562 bytes]","args":[{"selector":{"id":"application-managepartners-display-component---detailPtm--addressDetailDetailsCity1"},"wdio_ui5_key":"applicationmanagepartners-display-component---detailPtm--addressDetailDetailsCity1"}]}
RESULT: undefined
COMMAND: POST /session/7a47d135f75b3f9dc9ed0ec43722f433/execute/async - {"script":"<script> [6424 bytes]","args":[{"element-6066-11e4-a52e-4f735466cecf":"f.EC16CDDA184DC683CEF5B04FDEE8C812.d.D14A097ABE3F395C94E5154E9A33F2AA.e.2978"},"getValue",[]]}
RESULT: {}
RESULT: {"script":"<script> [6424 bytes]","args":[{"element-6066-11e4-a52e-4f735466cecf":"f.EC16CDDA184DC683CEF5B04FDEE8C812.d.D14A097ABE3F395C94E5154E9A33F2AA.e.2978"},"getValue",[]]}
COMMAND: POST /session/7a47d135f75b3f9dc9ed0ec43722f433/element - {"using":"css selector","value":"#shell-header-logo"}
RESULT: {"using":"css selector","value":"#shell-header-logo"}
COMMAND: POST /session/7a47d135f75b3f9dc9ed0ec43722f433/element/f.EC16CDDA184DC683CEF5B04FDEE8C812.d.D14A097ABE3F395C94E5154E9A33F2AA.e.2547/click - {}
RESULT: {}
COMMAND: GET /session/7a47d135f75b3f9dc9ed0ec43722f433/screenshot - {}
RESULT: {}
]]></system-out>
    </testcase>
    <testcase classname="chrome.136_0_7103_93.windows.Partner_specific_tests_US150819_US151080_US151654_US151176_US103444_US151078_US151079_US151109_US151174_US151175_US151189" name="Should create a new intercompany partner edit some of its fields US151078" time="228.535">
      <system-out><![CDATA[
COMMAND: POST /session/7a47d135f75b3f9dc9ed0ec43722f433/element - {"using":"xpath","value":"//li[.//span[text()=\"Manage Partners\"]]"}
RESULT: {"using":"xpath","value":"//li[.//span[text()=\"Manage Partners\"]]"}
COMMAND: POST /session/7a47d135f75b3f9dc9ed0ec43722f433/element - {"using":"xpath","value":"//li[.//span[text()=\"Manage Partners\"]]"}
RESULT: {"using":"xpath","value":"//li[.//span[text()=\"Manage Partners\"]]"}
COMMAND: POST /session/7a47d135f75b3f9dc9ed0ec43722f433/element - {"using":"css selector","value":"#shell-header-logo"}
RESULT: {"using":"css selector","value":"#shell-header-logo"}
COMMAND: POST /session/7a47d135f75b3f9dc9ed0ec43722f433/element/f.EC16CDDA184DC683CEF5B04FDEE8C812.d.D14A097ABE3F395C94E5154E9A33F2AA.e.3009/click - {}
COMMAND: POST /session/7a47d135f75b3f9dc9ed0ec43722f433/execute/sync - {"script":"<script> [8489 bytes]","args":[{"element-6066-11e4-a52e-4f735466cecf":"f.EC16CDDA184DC683CEF5B04FDEE8C812.d.D14A097ABE3F395C94E5154E9A33F2AA.e.3009","ELEMENT":"f.EC16CDDA184DC683CEF5B04FDEE8C812.d.D14A097ABE3F395C94E5154E9A33F2AA.e.3009"}]}
RESULT: {}
COMMAND: GET /session/7a47d135f75b3f9dc9ed0ec43722f433/screenshot - {}
RESULT: {"script":"<script> [8489 bytes]","args":[{"element-6066-11e4-a52e-4f735466cecf":"f.EC16CDDA184DC683CEF5B04FDEE8C812.d.D14A097ABE3F395C94E5154E9A33F2AA.e.3009","ELEMENT":"f.EC16CDDA184DC683CEF5B04FDEE8C812.d.D14A097ABE3F395C94E5154E9A33F2AA.e.3009"}]}
COMMAND: POST /session/7a47d135f75b3f9dc9ed0ec43722f433/execute/sync - {"script":"<script> [5351 bytes]","args":[{"element-6066-11e4-a52e-4f735466cecf":"f.EC16CDDA184DC683CEF5B04FDEE8C812.d.D14A097ABE3F395C94E5154E9A33F2AA.e.3009","ELEMENT":"f.EC16CDDA184DC683CEF5B04FDEE8C812.d.D14A097ABE3F395C94E5154E9A33F2AA.e.3009"}]}
COMMAND: GET /session/7a47d135f75b3f9dc9ed0ec43722f433/screenshot - {}
RESULT: {}
RESULT: {"script":"<script> [5351 bytes]","args":[{"element-6066-11e4-a52e-4f735466cecf":"f.EC16CDDA184DC683CEF5B04FDEE8C812.d.D14A097ABE3F395C94E5154E9A33F2AA.e.3009","ELEMENT":"f.EC16CDDA184DC683CEF5B04FDEE8C812.d.D14A097ABE3F395C94E5154E9A33F2AA.e.3009"}]}
COMMAND: GET /session/7a47d135f75b3f9dc9ed0ec43722f433/screenshot - {}
RESULT: {}
RESULT: {}
COMMAND: POST /session/7a47d135f75b3f9dc9ed0ec43722f433/refresh - {}
RESULT: {}
COMMAND: GET /session/7a47d135f75b3f9dc9ed0ec43722f433/screenshot - {}
RESULT: {}
COMMAND: POST /session/7a47d135f75b3f9dc9ed0ec43722f433/refresh - {}
RESULT: {}
COMMAND: GET /session/7a47d135f75b3f9dc9ed0ec43722f433/screenshot - {}
RESULT: {}
COMMAND: POST /session/7a47d135f75b3f9dc9ed0ec43722f433/window/fullscreen - {}
RESULT: {}
COMMAND: POST /session/7a47d135f75b3f9dc9ed0ec43722f433/execute/async - {"script":"<script> [189 bytes]","args":[]}
RESULT: {"script":"<script> [189 bytes]","args":[]}
COMMAND: POST /session/7a47d135f75b3f9dc9ed0ec43722f433/execute/async - {"script":"<script> [123 bytes]","args":[]}
RESULT: {"script":"<script> [123 bytes]","args":[]}
COMMAND: POST /session/7a47d135f75b3f9dc9ed0ec43722f433/timeouts - {"script":"<number>"}
RESULT: {"script":"<number>"}
COMMAND: GET /session/7a47d135f75b3f9dc9ed0ec43722f433/timeouts - {}
RESULT: {}
RESULT: undefined
COMMAND: POST /session/7a47d135f75b3f9dc9ed0ec43722f433/execute/async - {"script":"<script> [2676 bytes]","args":[]}
RESULT: {"script":"<script> [2676 bytes]","args":[]}
COMMAND: POST /session/7a47d135f75b3f9dc9ed0ec43722f433/execute/async - {"script":"<script> [2342 bytes]","args":[{"protocol":"http","hostname":"0.0.0.0","path":"/","capabilities":{"browserName":"chrome","goog:chromeOptions":{"binary":"C:\\Program Files\\Google\\Chrome\\Application\\chrome.exe","args":["--start-maximized"]}},"logLevel":"warn","connectionRetryTimeout":120000,"connectionRetryCount":3,"logLevels":{},"enableDirectConnect":true,"strictSSL":true,"_":"65 more keys: [\"cacheDir\",\"port\",\"requestedCapabilities\",\"automationProtocol\",\"baseUrl\",\"waitforInterval\",\"waitforTimeout\",\"onReload\",\"beforeCommand\",\"afterCommand\",\"rootDir\",\"specs\",\"suites\",\"exclude\",\"groupLogsByTestSpec\",\"excludeDriverLogs\",\"bail\",\"framework\",\"reporters\",\"services\",\"maxInstances\",\"maxInstancesPerCapability\",\"injectGlobals\",\"filesToWatch\",\"execArgv\",\"runnerEnv\",\"runner\",\"shard\",\"specFileRetries\",\"specFileRetriesDelay\",\"specFileRetriesDeferred\",\"reporterSyncInterval\",\"reporterSyncTimeout\",\"cucumberFeaturesWithLineNumbers\",\"autoCompileOpts\",\"mochaOpts\",\"jasmineOpts\",\"cucumberOpts\",\"onPrepare\",\"onWorkerStart\",\"onWorkerEnd\",\"before\",\"beforeSession\",\"beforeSuite\",\"beforeHook\",\"beforeTest\",\"afterTest\",\"afterHook\",\"afterSuite\",\"afterSession\",\"after\",\"onComplete\",\"beforeAssertion\",\"afterAssertion\",\"beforeFeature\",\"beforeScenario\",\"beforeStep\",\"afterStep\",\"afterScenario\",\"afterFeature\",\"_\",\"suite\",\"$0\",\"ignoredWorkerServices\",\"wdi5\"]"}]}
RESULT: {"script":"<script> [2342 bytes]","args":[{"protocol":"http","hostname":"0.0.0.0","path":"/","capabilities":{"browserName":"chrome","goog:chromeOptions":{"binary":"C:\\Program Files\\Google\\Chrome\\Application\\chrome.exe","args":["--start-maximized"]}},"logLevel":"warn","connectionRetryTimeout":120000,"connectionRetryCount":3,"logLevels":{},"enableDirectConnect":true,"strictSSL":true,"_":"65 more keys: [\"cacheDir\",\"port\",\"requestedCapabilities\",\"automationProtocol\",\"baseUrl\",\"waitforInterval\",\"waitforTimeout\",\"onReload\",\"beforeCommand\",\"afterCommand\",\"rootDir\",\"specs\",\"suites\",\"exclude\",\"groupLogsByTestSpec\",\"excludeDriverLogs\",\"bail\",\"framework\",\"reporters\",\"services\",\"maxInstances\",\"maxInstancesPerCapability\",\"injectGlobals\",\"filesToWatch\",\"execArgv\",\"runnerEnv\",\"runner\",\"shard\",\"specFileRetries\",\"specFileRetriesDelay\",\"specFileRetriesDeferred\",\"reporterSyncInterval\",\"reporterSyncTimeout\",\"cucumberFeaturesWithLineNumbers\",\"autoCompileOpts\",\"mochaOpts\",\"jasmineOpts\",\"cucumberOpts\",\"onPrepare\",\"onWorkerStart\",\"onWorkerEnd\",\"before\",\"beforeSession\",\"beforeSuite\",\"beforeHook\",\"beforeTest\",\"afterTest\",\"afterHook\",\"afterSuite\",\"afterSession\",\"after\",\"onComplete\",\"beforeAssertion\",\"afterAssertion\",\"beforeFeature\",\"beforeScenario\",\"beforeStep\",\"afterStep\",\"afterScenario\",\"afterFeature\",\"_\",\"suite\",\"$0\",\"ignoredWorkerServices\",\"wdi5\"]"}]}
COMMAND: POST /session/7a47d135f75b3f9dc9ed0ec43722f433/execute/async - {"script":"<script> [21126 bytes]","args":[35000]}
RESULT: {"script":"<script> [21126 bytes]","args":[35000]}
COMMAND: POST /session/7a47d135f75b3f9dc9ed0ec43722f433/window/fullscreen - {}
RESULT: {}
COMMAND: POST /session/7a47d135f75b3f9dc9ed0ec43722f433/window/fullscreen - {}
RESULT: {}
COMMAND: POST /session/7a47d135f75b3f9dc9ed0ec43722f433/execute/async - {"script":"<script> [1562 bytes]","args":[{"selector":{"controlType":"sap.m.GenericTile","properties":{"header":"Manage Partners"}},"wdio_ui5_key":"sapm.GenericTile{\"header\":\"Manage Partners\"}"}]}
RESULT: {"script":"<script> [1562 bytes]","args":[{"selector":{"controlType":"sap.m.GenericTile","properties":{"header":"Manage Partners"}},"wdio_ui5_key":"sapm.GenericTile{\"header\":\"Manage Partners\"}"}]}
RESULT: undefined
COMMAND: POST /session/7a47d135f75b3f9dc9ed0ec43722f433/element - {"using":"xpath","value":"//*[@id=\"__tile30\"]"}
RESULT: {"using":"xpath","value":"//*[@id=\"__tile30\"]"}
COMMAND: POST /session/7a47d135f75b3f9dc9ed0ec43722f433/element/f.EC16CDDA184DC683CEF5B04FDEE8C812.d.0B83871DFD8863F86D98DBBC6DA8156A.e.3081/click - {}
RESULT: {}
COMMAND: GET /session/7a47d135f75b3f9dc9ed0ec43722f433/screenshot - {}
RESULT: {}
COMMAND: POST /session/7a47d135f75b3f9dc9ed0ec43722f433/elements - {"using":"xpath","value":"//span[text()='Error']"}
RESULT: {"using":"xpath","value":"//span[text()='Error']"}
COMMAND: POST /session/7a47d135f75b3f9dc9ed0ec43722f433/element - {"using":"xpath","value":"//button[@data-kt=\"addButton\"]"}
RESULT: {"using":"xpath","value":"//button[@data-kt=\"addButton\"]"}
COMMAND: POST /session/7a47d135f75b3f9dc9ed0ec43722f433/elements - {"using":"xpath","value":"//button[@data-kt=\"addButton\"]"}
RESULT: {"using":"xpath","value":"//button[@data-kt=\"addButton\"]"}
COMMAND: POST /session/7a47d135f75b3f9dc9ed0ec43722f433/elements - {"using":"xpath","value":"//button[@data-kt=\"addButton\"]"}
RESULT: {"using":"xpath","value":"//button[@data-kt=\"addButton\"]"}
COMMAND: POST /session/7a47d135f75b3f9dc9ed0ec43722f433/element - {"using":"xpath","value":"//button[@data-kt=\"addButton\"]"}
RESULT: {"using":"xpath","value":"//button[@data-kt=\"addButton\"]"}
COMMAND: POST /session/7a47d135f75b3f9dc9ed0ec43722f433/execute/sync - {"script":"<script> [8489 bytes]","args":[{"element-6066-11e4-a52e-4f735466cecf":"f.EC16CDDA184DC683CEF5B04FDEE8C812.d.0B83871DFD8863F86D98DBBC6DA8156A.e.3196","ELEMENT":"f.EC16CDDA184DC683CEF5B04FDEE8C812.d.0B83871DFD8863F86D98DBBC6DA8156A.e.3196"}]}
RESULT: {"script":"<script> [8489 bytes]","args":[{"element-6066-11e4-a52e-4f735466cecf":"f.EC16CDDA184DC683CEF5B04FDEE8C812.d.0B83871DFD8863F86D98DBBC6DA8156A.e.3196","ELEMENT":"f.EC16CDDA184DC683CEF5B04FDEE8C812.d.0B83871DFD8863F86D98DBBC6DA8156A.e.3196"}]}
COMMAND: GET /session/7a47d135f75b3f9dc9ed0ec43722f433/element/f.EC16CDDA184DC683CEF5B04FDEE8C812.d.0B83871DFD8863F86D98DBBC6DA8156A.e.3196/enabled - {}
COMMAND: GET /session/7a47d135f75b3f9dc9ed0ec43722f433/screenshot - {}
RESULT: {}
COMMAND: POST /session/7a47d135f75b3f9dc9ed0ec43722f433/execute/sync - {"script":"<script> [8489 bytes]","args":[{"element-6066-11e4-a52e-4f735466cecf":"f.EC16CDDA184DC683CEF5B04FDEE8C812.d.0B83871DFD8863F86D98DBBC6DA8156A.e.3196","ELEMENT":"f.EC16CDDA184DC683CEF5B04FDEE8C812.d.0B83871DFD8863F86D98DBBC6DA8156A.e.3196"}]}
COMMAND: GET /session/7a47d135f75b3f9dc9ed0ec43722f433/screenshot - {}
RESULT: {}
RESULT: {"script":"<script> [8489 bytes]","args":[{"element-6066-11e4-a52e-4f735466cecf":"f.EC16CDDA184DC683CEF5B04FDEE8C812.d.0B83871DFD8863F86D98DBBC6DA8156A.e.3196","ELEMENT":"f.EC16CDDA184DC683CEF5B04FDEE8C812.d.0B83871DFD8863F86D98DBBC6DA8156A.e.3196"}]}
COMMAND: POST /session/7a47d135f75b3f9dc9ed0ec43722f433/execute/sync - {"script":"<script> [5351 bytes]","args":[{"element-6066-11e4-a52e-4f735466cecf":"f.EC16CDDA184DC683CEF5B04FDEE8C812.d.0B83871DFD8863F86D98DBBC6DA8156A.e.3196","ELEMENT":"f.EC16CDDA184DC683CEF5B04FDEE8C812.d.0B83871DFD8863F86D98DBBC6DA8156A.e.3196"}]}
COMMAND: GET /session/7a47d135f75b3f9dc9ed0ec43722f433/screenshot - {}
RESULT: {}
RESULT: {"script":"<script> [5351 bytes]","args":[{"element-6066-11e4-a52e-4f735466cecf":"f.EC16CDDA184DC683CEF5B04FDEE8C812.d.0B83871DFD8863F86D98DBBC6DA8156A.e.3196","ELEMENT":"f.EC16CDDA184DC683CEF5B04FDEE8C812.d.0B83871DFD8863F86D98DBBC6DA8156A.e.3196"}]}
COMMAND: POST /session/7a47d135f75b3f9dc9ed0ec43722f433/element/f.EC16CDDA184DC683CEF5B04FDEE8C812.d.0B83871DFD8863F86D98DBBC6DA8156A.e.3196/click - {}
COMMAND: GET /session/7a47d135f75b3f9dc9ed0ec43722f433/screenshot - {}
RESULT: {}
RESULT: {}
COMMAND: GET /session/7a47d135f75b3f9dc9ed0ec43722f433/screenshot - {}
COMMAND: POST /session/7a47d135f75b3f9dc9ed0ec43722f433/execute/async - {"script":"<script> [1562 bytes]","args":[{"selector":{"id":"application-managepartners-display-component---NewPartner--addressDetailDetailsName1","interaction":{"idSuffix":"inner"}},"wdio_ui5_key":"applicationmanagepartners-display-component---NewPartner--addressDetailDetailsName1"}]}
RESULT: {}
RESULT: {}
RESULT: {"script":"<script> [1562 bytes]","args":[{"selector":{"id":"application-managepartners-display-component---NewPartner--addressDetailDetailsName1","interaction":{"idSuffix":"inner"}},"wdio_ui5_key":"applicationmanagepartners-display-component---NewPartner--addressDetailDetailsName1"}]}
RESULT: undefined
COMMAND: POST /session/7a47d135f75b3f9dc9ed0ec43722f433/execute/async - {"script":"<script> [776 bytes]","args":[{"enterText":"Intercompany Partner WDIO","selector":{"id":"application-managepartners-display-component---NewPartner--addressDetailDetailsName1","interaction":{"idSuffix":"inner"}},"clearTextFirst":true,"interactionType":"ENTER_TEXT"}]}
RESULT: {"script":"<script> [776 bytes]","args":[{"enterText":"Intercompany Partner WDIO","selector":{"id":"application-managepartners-display-component---NewPartner--addressDetailDetailsName1","interaction":{"idSuffix":"inner"}},"clearTextFirst":true,"interactionType":"ENTER_TEXT"}]}
COMMAND: POST /session/7a47d135f75b3f9dc9ed0ec43722f433/execute/async - {"script":"<script> [1562 bytes]","args":[{"selector":{"id":"application-managepartners-display-component---NewPartner--addressDetailDetailsLanguage-arrow"},"wdio_ui5_key":"applicationmanagepartners-display-component---NewPartner--addressDetailDetailsLanguage-arrow"}]}
RESULT: {"script":"<script> [1562 bytes]","args":[{"selector":{"id":"application-managepartners-display-component---NewPartner--addressDetailDetailsLanguage-arrow"},"wdio_ui5_key":"applicationmanagepartners-display-component---NewPartner--addressDetailDetailsLanguage-arrow"}]}
RESULT: undefined
COMMAND: POST /session/7a47d135f75b3f9dc9ed0ec43722f433/element - {"using":"xpath","value":"//*[@id=\"application-managepartners-display-component---NewPartner--addressDetailDetailsLanguage-arrow\"]"}
RESULT: {"using":"xpath","value":"//*[@id=\"application-managepartners-display-component---NewPartner--addressDetailDetailsLanguage-arrow\"]"}
COMMAND: POST /session/7a47d135f75b3f9dc9ed0ec43722f433/element/f.EC16CDDA184DC683CEF5B04FDEE8C812.d.0B83871DFD8863F86D98DBBC6DA8156A.e.3644/click - {}
RESULT: {}
COMMAND: POST /session/7a47d135f75b3f9dc9ed0ec43722f433/element - {"using":"xpath","value":"//span[contains(text(), \"English\")]"}
COMMAND: GET /session/7a47d135f75b3f9dc9ed0ec43722f433/screenshot - {}
RESULT: {"using":"xpath","value":"//span[contains(text(), \"English\")]"}
COMMAND: POST /session/7a47d135f75b3f9dc9ed0ec43722f433/element/f.EC16CDDA184DC683CEF5B04FDEE8C812.d.0B83871DFD8863F86D98DBBC6DA8156A.e.3645/click - {}
RESULT: {}
RESULT: {}
COMMAND: GET /session/7a47d135f75b3f9dc9ed0ec43722f433/screenshot - {}
RESULT: {}
COMMAND: POST /session/7a47d135f75b3f9dc9ed0ec43722f433/execute/async - {"script":"<script> [1562 bytes]","args":[{"selector":{"id":"application-managepartners-display-component---NewPartner--addressDetailDetailsCity1","interaction":{"idSuffix":"inner"}},"wdio_ui5_key":"applicationmanagepartners-display-component---NewPartner--addressDetailDetailsCity1"}]}
RESULT: {"script":"<script> [1562 bytes]","args":[{"selector":{"id":"application-managepartners-display-component---NewPartner--addressDetailDetailsCity1","interaction":{"idSuffix":"inner"}},"wdio_ui5_key":"applicationmanagepartners-display-component---NewPartner--addressDetailDetailsCity1"}]}
RESULT: undefined
COMMAND: POST /session/7a47d135f75b3f9dc9ed0ec43722f433/execute/async - {"script":"<script> [776 bytes]","args":[{"enterText":"Rosario","selector":{"id":"application-managepartners-display-component---NewPartner--addressDetailDetailsCity1","interaction":{"idSuffix":"inner"}},"clearTextFirst":true,"interactionType":"ENTER_TEXT"}]}
RESULT: {"script":"<script> [776 bytes]","args":[{"enterText":"Rosario","selector":{"id":"application-managepartners-display-component---NewPartner--addressDetailDetailsCity1","interaction":{"idSuffix":"inner"}},"clearTextFirst":true,"interactionType":"ENTER_TEXT"}]}
COMMAND: POST /session/7a47d135f75b3f9dc9ed0ec43722f433/execute/async - {"script":"<script> [1562 bytes]","args":[{"selector":{"id":"application-managepartners-display-component---NewPartner--addressDetailDetailsCountry-arrow"},"wdio_ui5_key":"applicationmanagepartners-display-component---NewPartner--addressDetailDetailsCountry-arrow"}]}
RESULT: {"script":"<script> [1562 bytes]","args":[{"selector":{"id":"application-managepartners-display-component---NewPartner--addressDetailDetailsCountry-arrow"},"wdio_ui5_key":"applicationmanagepartners-display-component---NewPartner--addressDetailDetailsCountry-arrow"}]}
RESULT: undefined
COMMAND: POST /session/7a47d135f75b3f9dc9ed0ec43722f433/element - {"using":"xpath","value":"//*[@id=\"application-managepartners-display-component---NewPartner--addressDetailDetailsCountry-arrow\"]"}
RESULT: {"using":"xpath","value":"//*[@id=\"application-managepartners-display-component---NewPartner--addressDetailDetailsCountry-arrow\"]"}
COMMAND: POST /session/7a47d135f75b3f9dc9ed0ec43722f433/element/f.EC16CDDA184DC683CEF5B04FDEE8C812.d.0B83871DFD8863F86D98DBBC6DA8156A.e.3624/click - {}
RESULT: {}
COMMAND: POST /session/7a47d135f75b3f9dc9ed0ec43722f433/element - {"using":"xpath","value":"//span[contains(text(), \"Argentina\")]"}
COMMAND: GET /session/7a47d135f75b3f9dc9ed0ec43722f433/screenshot - {}
RESULT: {"using":"xpath","value":"//span[contains(text(), \"Argentina\")]"}
COMMAND: POST /session/7a47d135f75b3f9dc9ed0ec43722f433/element/f.EC16CDDA184DC683CEF5B04FDEE8C812.d.0B83871DFD8863F86D98DBBC6DA8156A.e.3647/click - {}
RESULT: {}
RESULT: {}
COMMAND: GET /session/7a47d135f75b3f9dc9ed0ec43722f433/screenshot - {}
RESULT: {}
COMMAND: POST /session/7a47d135f75b3f9dc9ed0ec43722f433/element - {"using":"xpath","value":"//bdi[contains(text(), \"Commercial\")]"}
RESULT: {"using":"xpath","value":"//bdi[contains(text(), \"Commercial\")]"}
COMMAND: POST /session/7a47d135f75b3f9dc9ed0ec43722f433/element/f.EC16CDDA184DC683CEF5B04FDEE8C812.d.0B83871DFD8863F86D98DBBC6DA8156A.e.3648/click - {}
RESULT: {}
COMMAND: GET /session/7a47d135f75b3f9dc9ed0ec43722f433/screenshot - {}
RESULT: {}
COMMAND: POST /session/7a47d135f75b3f9dc9ed0ec43722f433/execute/async - {"script":"<script> [1562 bytes]","args":[{"selector":{"id":"application-managepartners-display-component---NewPartner--partnerDetailInternal-arrow"},"wdio_ui5_key":"applicationmanagepartners-display-component---NewPartner--partnerDetailInternal-arrow"}]}
RESULT: {"script":"<script> [1562 bytes]","args":[{"selector":{"id":"application-managepartners-display-component---NewPartner--partnerDetailInternal-arrow"},"wdio_ui5_key":"applicationmanagepartners-display-component---NewPartner--partnerDetailInternal-arrow"}]}
RESULT: undefined
COMMAND: POST /session/7a47d135f75b3f9dc9ed0ec43722f433/element - {"using":"xpath","value":"//*[@id=\"application-managepartners-display-component---NewPartner--partnerDetailInternal-arrow\"]"}
RESULT: {"using":"xpath","value":"//*[@id=\"application-managepartners-display-component---NewPartner--partnerDetailInternal-arrow\"]"}
COMMAND: POST /session/7a47d135f75b3f9dc9ed0ec43722f433/element/f.EC16CDDA184DC683CEF5B04FDEE8C812.d.0B83871DFD8863F86D98DBBC6DA8156A.e.3654/click - {}
RESULT: {}
COMMAND: POST /session/7a47d135f75b3f9dc9ed0ec43722f433/element - {"using":"xpath","value":"//span[contains(text(), \"Affiliated company\")]"}
COMMAND: GET /session/7a47d135f75b3f9dc9ed0ec43722f433/screenshot - {}
RESULT: {"using":"xpath","value":"//span[contains(text(), \"Affiliated company\")]"}
COMMAND: POST /session/7a47d135f75b3f9dc9ed0ec43722f433/element/f.EC16CDDA184DC683CEF5B04FDEE8C812.d.0B83871DFD8863F86D98DBBC6DA8156A.e.3656/click - {}
RESULT: {}
RESULT: {}
COMMAND: POST /session/7a47d135f75b3f9dc9ed0ec43722f433/execute/async - {"script":"<script> [1562 bytes]","args":[{"selector":{"id":"application-managepartners-display-component---NewPartner--partnerDetailsCurrency-arrow"},"wdio_ui5_key":"applicationmanagepartners-display-component---NewPartner--partnerDetailsCurrency-arrow"}]}
COMMAND: GET /session/7a47d135f75b3f9dc9ed0ec43722f433/screenshot - {}
RESULT: {"script":"<script> [1562 bytes]","args":[{"selector":{"id":"application-managepartners-display-component---NewPartner--partnerDetailsCurrency-arrow"},"wdio_ui5_key":"applicationmanagepartners-display-component---NewPartner--partnerDetailsCurrency-arrow"}]}
RESULT: undefined
COMMAND: POST /session/7a47d135f75b3f9dc9ed0ec43722f433/element - {"using":"xpath","value":"//*[@id=\"application-managepartners-display-component---NewPartner--partnerDetailsCurrency-arrow\"]"}
RESULT: {}
RESULT: {"using":"xpath","value":"//*[@id=\"application-managepartners-display-component---NewPartner--partnerDetailsCurrency-arrow\"]"}
COMMAND: POST /session/7a47d135f75b3f9dc9ed0ec43722f433/element/f.EC16CDDA184DC683CEF5B04FDEE8C812.d.0B83871DFD8863F86D98DBBC6DA8156A.e.3663/click - {}
RESULT: {}
COMMAND: POST /session/7a47d135f75b3f9dc9ed0ec43722f433/element - {"using":"xpath","value":"//span[contains(text(), \"Euro\")]"}
COMMAND: GET /session/7a47d135f75b3f9dc9ed0ec43722f433/screenshot - {}
RESULT: {"using":"xpath","value":"//span[contains(text(), \"Euro\")]"}
COMMAND: POST /session/7a47d135f75b3f9dc9ed0ec43722f433/element/f.EC16CDDA184DC683CEF5B04FDEE8C812.d.0B83871DFD8863F86D98DBBC6DA8156A.e.3664/click - {}
RESULT: {}
RESULT: {}
COMMAND: POST /session/7a47d135f75b3f9dc9ed0ec43722f433/execute/async - {"script":"<script> [1562 bytes]","args":[{"selector":{"id":"application-managepartners-display-component---NewPartner--addressEditDetailsCostObjectCstType-arrow"},"wdio_ui5_key":"applicationmanagepartners-display-component---NewPartner--addressEditDetailsCostObjectCstType-arrow"}]}
COMMAND: GET /session/7a47d135f75b3f9dc9ed0ec43722f433/screenshot - {}
RESULT: {"script":"<script> [1562 bytes]","args":[{"selector":{"id":"application-managepartners-display-component---NewPartner--addressEditDetailsCostObjectCstType-arrow"},"wdio_ui5_key":"applicationmanagepartners-display-component---NewPartner--addressEditDetailsCostObjectCstType-arrow"}]}
RESULT: undefined
COMMAND: POST /session/7a47d135f75b3f9dc9ed0ec43722f433/element - {"using":"xpath","value":"//*[@id=\"application-managepartners-display-component---NewPartner--addressEditDetailsCostObjectCstType-arrow\"]"}
RESULT: {}
RESULT: {"using":"xpath","value":"//*[@id=\"application-managepartners-display-component---NewPartner--addressEditDetailsCostObjectCstType-arrow\"]"}
COMMAND: POST /session/7a47d135f75b3f9dc9ed0ec43722f433/element/f.EC16CDDA184DC683CEF5B04FDEE8C812.d.0B83871DFD8863F86D98DBBC6DA8156A.e.3665/click - {}
RESULT: {}
COMMAND: POST /session/7a47d135f75b3f9dc9ed0ec43722f433/element - {"using":"xpath","value":"//span[contains(text(), \"Cost Center\")]"}
COMMAND: GET /session/7a47d135f75b3f9dc9ed0ec43722f433/screenshot - {}
RESULT: {"using":"xpath","value":"//span[contains(text(), \"Cost Center\")]"}
COMMAND: POST /session/7a47d135f75b3f9dc9ed0ec43722f433/element/f.EC16CDDA184DC683CEF5B04FDEE8C812.d.0B83871DFD8863F86D98DBBC6DA8156A.e.3666/click - {}
RESULT: {}
RESULT: {}
COMMAND: GET /session/7a47d135f75b3f9dc9ed0ec43722f433/screenshot - {}
RESULT: {}
COMMAND: POST /session/7a47d135f75b3f9dc9ed0ec43722f433/element - {"using":"xpath","value":"//span[@id=\"application-managepartners-display-component---NewPartner--addressNewCostObjectCstID-vhi\"]"}
RESULT: {"using":"xpath","value":"//span[@id=\"application-managepartners-display-component---NewPartner--addressNewCostObjectCstID-vhi\"]"}
COMMAND: POST /session/7a47d135f75b3f9dc9ed0ec43722f433/execute/sync - {"script":"<script> [8489 bytes]","args":[{"element-6066-11e4-a52e-4f735466cecf":"f.EC16CDDA184DC683CEF5B04FDEE8C812.d.0B83871DFD8863F86D98DBBC6DA8156A.e.3670","ELEMENT":"f.EC16CDDA184DC683CEF5B04FDEE8C812.d.0B83871DFD8863F86D98DBBC6DA8156A.e.3670"}]}
RESULT: {"script":"<script> [8489 bytes]","args":[{"element-6066-11e4-a52e-4f735466cecf":"f.EC16CDDA184DC683CEF5B04FDEE8C812.d.0B83871DFD8863F86D98DBBC6DA8156A.e.3670","ELEMENT":"f.EC16CDDA184DC683CEF5B04FDEE8C812.d.0B83871DFD8863F86D98DBBC6DA8156A.e.3670"}]}
COMMAND: POST /session/7a47d135f75b3f9dc9ed0ec43722f433/execute/async - {"script":"<script> [1562 bytes]","args":[{"selector":{"id":"application-managepartners-display-component---NewPartner--addressNewCostObjectCstID-vhi"},"wdio_ui5_key":"applicationmanagepartners-display-component---NewPartner--addressNewCostObjectCstID-vhi"}]}
COMMAND: GET /session/7a47d135f75b3f9dc9ed0ec43722f433/screenshot - {}
RESULT: {"script":"<script> [1562 bytes]","args":[{"selector":{"id":"application-managepartners-display-component---NewPartner--addressNewCostObjectCstID-vhi"},"wdio_ui5_key":"applicationmanagepartners-display-component---NewPartner--addressNewCostObjectCstID-vhi"}]}
RESULT: undefined
COMMAND: POST /session/7a47d135f75b3f9dc9ed0ec43722f433/element - {"using":"xpath","value":"//*[@id=\"application-managepartners-display-component---NewPartner--addressNewCostObjectCstID-vhi\"]"}
RESULT: {}
RESULT: {"using":"xpath","value":"//*[@id=\"application-managepartners-display-component---NewPartner--addressNewCostObjectCstID-vhi\"]"}
COMMAND: POST /session/7a47d135f75b3f9dc9ed0ec43722f433/element/f.EC16CDDA184DC683CEF5B04FDEE8C812.d.0B83871DFD8863F86D98DBBC6DA8156A.e.3670/click - {}
RESULT: {}
COMMAND: GET /session/7a47d135f75b3f9dc9ed0ec43722f433/screenshot - {}
RESULT: {}
COMMAND: POST /session/7a47d135f75b3f9dc9ed0ec43722f433/execute/async - {"script":"<script> [1562 bytes]","args":[{"selector":{"controlType":"sap.m.SearchField","properties":{"placeholder":"Search"},"searchOpenDialogs":true,"interaction":{"idSuffix":"I"}},"wdio_ui5_key":"sapm.SearchField{\"placeholder\":\"Search\"}"}]}
RESULT: {"script":"<script> [1562 bytes]","args":[{"selector":{"controlType":"sap.m.SearchField","properties":{"placeholder":"Search"},"searchOpenDialogs":true,"interaction":{"idSuffix":"I"}},"wdio_ui5_key":"sapm.SearchField{\"placeholder\":\"Search\"}"}]}
RESULT: undefined
COMMAND: POST /session/7a47d135f75b3f9dc9ed0ec43722f433/execute/async - {"script":"<script> [776 bytes]","args":[{"enterText":"10001013","selector":{"controlType":"sap.m.SearchField","properties":{"placeholder":"Search"},"searchOpenDialogs":true,"interaction":{"idSuffix":"I"}},"clearTextFirst":true,"interactionType":"ENTER_TEXT"}]}
RESULT: {"script":"<script> [776 bytes]","args":[{"enterText":"10001013","selector":{"controlType":"sap.m.SearchField","properties":{"placeholder":"Search"},"searchOpenDialogs":true,"interaction":{"idSuffix":"I"}},"clearTextFirst":true,"interactionType":"ENTER_TEXT"}]}
COMMAND: POST /session/7a47d135f75b3f9dc9ed0ec43722f433/actions - {"actions":[{"id":"action7","type":"key","parameters":{},"actions":[{"type":"keyDown","value":"î€‡"},{"type":"pause","duration":10},{"type":"keyUp","value":"î€‡"}]}]}
RESULT: {"actions":[{"id":"action7","type":"key","parameters":{},"actions":[{"type":"keyDown","value":"î€‡"},{"type":"pause","duration":10},{"type":"keyUp","value":"î€‡"}]}]}
COMMAND: GET /session/7a47d135f75b3f9dc9ed0ec43722f433/screenshot - {}
RESULT: {}
COMMAND: POST /session/7a47d135f75b3f9dc9ed0ec43722f433/element - {"using":"xpath","value":"//span[contains(text(), \"General Management\")]"}
RESULT: {"using":"xpath","value":"//span[contains(text(), \"General Management\")]"}
COMMAND: POST /session/7a47d135f75b3f9dc9ed0ec43722f433/element/f.EC16CDDA184DC683CEF5B04FDEE8C812.d.0B83871DFD8863F86D98DBBC6DA8156A.e.3713/click - {}
RESULT: {}
COMMAND: GET /session/7a47d135f75b3f9dc9ed0ec43722f433/screenshot - {}
RESULT: {}
COMMAND: POST /session/7a47d135f75b3f9dc9ed0ec43722f433/element - {"using":"xpath","value":"//bdi[contains(text(), \"OK\")]"}
RESULT: {"using":"xpath","value":"//bdi[contains(text(), \"OK\")]"}
COMMAND: POST /session/7a47d135f75b3f9dc9ed0ec43722f433/element/f.EC16CDDA184DC683CEF5B04FDEE8C812.d.0B83871DFD8863F86D98DBBC6DA8156A.e.3714/click - {}
RESULT: {}
COMMAND: GET /session/7a47d135f75b3f9dc9ed0ec43722f433/screenshot - {}
RESULT: {}
COMMAND: POST /session/7a47d135f75b3f9dc9ed0ec43722f433/element - {"using":"xpath","value":"//input[@id=\"application-managepartners-display-component---NewPartner--companyCodeComboBox-inner\"]"}
RESULT: {"using":"xpath","value":"//input[@id=\"application-managepartners-display-component---NewPartner--companyCodeComboBox-inner\"]"}
COMMAND: POST /session/7a47d135f75b3f9dc9ed0ec43722f433/element/f.EC16CDDA184DC683CEF5B04FDEE8C812.d.0B83871DFD8863F86D98DBBC6DA8156A.e.3521/clear - {}
RESULT: {}
COMMAND: POST /session/7a47d135f75b3f9dc9ed0ec43722f433/element/f.EC16CDDA184DC683CEF5B04FDEE8C812.d.0B83871DFD8863F86D98DBBC6DA8156A.e.3521/value - {"text":"C002"}
COMMAND: GET /session/7a47d135f75b3f9dc9ed0ec43722f433/screenshot - {}
RESULT: {"text":"C002"}
COMMAND: GET /session/7a47d135f75b3f9dc9ed0ec43722f433/screenshot - {}
RESULT: {}
RESULT: {}
COMMAND: POST /session/7a47d135f75b3f9dc9ed0ec43722f433/element - {"using":"xpath","value":"//li[.//span[text()= \"C002\"]]"}
RESULT: {"using":"xpath","value":"//li[.//span[text()= \"C002\"]]"}
COMMAND: POST /session/7a47d135f75b3f9dc9ed0ec43722f433/element/f.EC16CDDA184DC683CEF5B04FDEE8C812.d.0B83871DFD8863F86D98DBBC6DA8156A.e.3720/click - {}
RESULT: {}
COMMAND: GET /session/7a47d135f75b3f9dc9ed0ec43722f433/screenshot - {}
RESULT: {}
COMMAND: POST /session/7a47d135f75b3f9dc9ed0ec43722f433/execute/async - {"script":"<script> [1562 bytes]","args":[{"selector":{"id":"application-managepartners-display-component---NewPartner--btnAddTableRow-img"},"wdio_ui5_key":"applicationmanagepartners-display-component---NewPartner--btnAddTableRow-img"}]}
RESULT: {"script":"<script> [1562 bytes]","args":[{"selector":{"id":"application-managepartners-display-component---NewPartner--btnAddTableRow-img"},"wdio_ui5_key":"applicationmanagepartners-display-component---NewPartner--btnAddTableRow-img"}]}
RESULT: undefined
COMMAND: POST /session/7a47d135f75b3f9dc9ed0ec43722f433/element - {"using":"xpath","value":"//*[@id=\"application-managepartners-display-component---NewPartner--btnAddTableRow-img\"]"}
RESULT: {"using":"xpath","value":"//*[@id=\"application-managepartners-display-component---NewPartner--btnAddTableRow-img\"]"}
COMMAND: POST /session/7a47d135f75b3f9dc9ed0ec43722f433/element/f.EC16CDDA184DC683CEF5B04FDEE8C812.d.0B83871DFD8863F86D98DBBC6DA8156A.e.3721/click - {}
RESULT: {}
COMMAND: GET /session/7a47d135f75b3f9dc9ed0ec43722f433/screenshot - {}
RESULT: {}
COMMAND: POST /session/7a47d135f75b3f9dc9ed0ec43722f433/element - {"using":"xpath","value":"//input[@id=\"application-managepartners-display-component---NewPartner--assignmentYard-application-managepartners-display-component---NewPartner--assignmentsTable-0-inner\"]"}
RESULT: {"using":"xpath","value":"//input[@id=\"application-managepartners-display-component---NewPartner--assignmentYard-application-managepartners-display-component---NewPartner--assignmentsTable-0-inner\"]"}
COMMAND: POST /session/7a47d135f75b3f9dc9ed0ec43722f433/element/f.EC16CDDA184DC683CEF5B04FDEE8C812.d.0B83871DFD8863F86D98DBBC6DA8156A.e.3724/clear - {}
RESULT: {}
COMMAND: POST /session/7a47d135f75b3f9dc9ed0ec43722f433/element/f.EC16CDDA184DC683CEF5B04FDEE8C812.d.0B83871DFD8863F86D98DBBC6DA8156A.e.3724/value - {"text":"601"}
COMMAND: GET /session/7a47d135f75b3f9dc9ed0ec43722f433/screenshot - {}
RESULT: {"text":"601"}
COMMAND: GET /session/7a47d135f75b3f9dc9ed0ec43722f433/screenshot - {}
RESULT: {}
RESULT: {}
COMMAND: POST /session/7a47d135f75b3f9dc9ed0ec43722f433/element - {"using":"xpath","value":"//li[.//span[text()='601']]"}
RESULT: {"using":"xpath","value":"//li[.//span[text()='601']]"}
COMMAND: POST /session/7a47d135f75b3f9dc9ed0ec43722f433/element/f.EC16CDDA184DC683CEF5B04FDEE8C812.d.0B83871DFD8863F86D98DBBC6DA8156A.e.3733/click - {}
RESULT: {}
COMMAND: GET /session/7a47d135f75b3f9dc9ed0ec43722f433/screenshot - {}
RESULT: {}
COMMAND: POST /session/7a47d135f75b3f9dc9ed0ec43722f433/actions - {"actions":[{"id":"action8","type":"key","parameters":{},"actions":[{"type":"keyDown","value":"î€‡"},{"type":"pause","duration":10},{"type":"keyUp","value":"î€‡"}]}]}
RESULT: {"actions":[{"id":"action8","type":"key","parameters":{},"actions":[{"type":"keyDown","value":"î€‡"},{"type":"pause","duration":10},{"type":"keyUp","value":"î€‡"}]}]}
COMMAND: POST /session/7a47d135f75b3f9dc9ed0ec43722f433/execute/async - {"script":"<script> [1562 bytes]","args":[{"selector":{"id":"application-managepartners-display-component---NewPartner--externalCustomerComboBox-application-managepartners-display-component---NewPartner--assignmentsTable-0-vhi"},"wdio_ui5_key":"applicationmanagepartners-display-component---NewPartner--externalCustomerComboBox-application-managepartners-display-component---NewPartner--assignmentsTable-0-vhi"}]}
COMMAND: GET /session/7a47d135f75b3f9dc9ed0ec43722f433/screenshot - {}
RESULT: {"script":"<script> [1562 bytes]","args":[{"selector":{"id":"application-managepartners-display-component---NewPartner--externalCustomerComboBox-application-managepartners-display-component---NewPartner--assignmentsTable-0-vhi"},"wdio_ui5_key":"applicationmanagepartners-display-component---NewPartner--externalCustomerComboBox-application-managepartners-display-component---NewPartner--assignmentsTable-0-vhi"}]}
RESULT: undefined
COMMAND: POST /session/7a47d135f75b3f9dc9ed0ec43722f433/element - {"using":"xpath","value":"//*[@id=\"application-managepartners-display-component---NewPartner--externalCustomerComboBox-application-managepartners-display-component---NewPartner--assignmentsTable-0-vhi\"]"}
RESULT: {}
RESULT: {"using":"xpath","value":"//*[@id=\"application-managepartners-display-component---NewPartner--externalCustomerComboBox-application-managepartners-display-component---NewPartner--assignmentsTable-0-vhi\"]"}
COMMAND: POST /session/7a47d135f75b3f9dc9ed0ec43722f433/element/f.EC16CDDA184DC683CEF5B04FDEE8C812.d.0B83871DFD8863F86D98DBBC6DA8156A.e.3737/click - {}
RESULT: {}
RESULT: undefined
COMMAND: POST /session/7a47d135f75b3f9dc9ed0ec43722f433/execute/async - {"script":"<script> [776 bytes]","args":[{"enterText":"300003","selector":{"controlType":"sap.m.SearchField","properties":{"placeholder":"Search"},"searchOpenDialogs":true,"interaction":{"idSuffix":"I"}},"clearTextFirst":true,"interactionType":"ENTER_TEXT"}]}
COMMAND: GET /session/7a47d135f75b3f9dc9ed0ec43722f433/screenshot - {}
RESULT: {"script":"<script> [776 bytes]","args":[{"enterText":"300003","selector":{"controlType":"sap.m.SearchField","properties":{"placeholder":"Search"},"searchOpenDialogs":true,"interaction":{"idSuffix":"I"}},"clearTextFirst":true,"interactionType":"ENTER_TEXT"}]}
COMMAND: POST /session/7a47d135f75b3f9dc9ed0ec43722f433/actions - {"actions":[{"id":"action9","type":"key","parameters":{},"actions":[{"type":"keyDown","value":"î€‡"},{"type":"pause","duration":10},{"type":"keyUp","value":"î€‡"}]}]}
RESULT: {}
RESULT: {"actions":[{"id":"action9","type":"key","parameters":{},"actions":[{"type":"keyDown","value":"î€‡"},{"type":"pause","duration":10},{"type":"keyUp","value":"î€‡"}]}]}
COMMAND: GET /session/7a47d135f75b3f9dc9ed0ec43722f433/screenshot - {}
RESULT: {}
COMMAND: POST /session/7a47d135f75b3f9dc9ed0ec43722f433/element - {"using":"xpath","value":"//span[contains(text(), \"300003\")]"}
RESULT: {"using":"xpath","value":"//span[contains(text(), \"300003\")]"}
COMMAND: POST /session/7a47d135f75b3f9dc9ed0ec43722f433/element/f.EC16CDDA184DC683CEF5B04FDEE8C812.d.0B83871DFD8863F86D98DBBC6DA8156A.e.3754/click - {}
RESULT: {}
COMMAND: GET /session/7a47d135f75b3f9dc9ed0ec43722f433/screenshot - {}
RESULT: {}
COMMAND: POST /session/7a47d135f75b3f9dc9ed0ec43722f433/element - {"using":"xpath","value":"//bdi[contains(text(), \"OK\")]"}
RESULT: {"using":"xpath","value":"//bdi[contains(text(), \"OK\")]"}
COMMAND: POST /session/7a47d135f75b3f9dc9ed0ec43722f433/element/f.EC16CDDA184DC683CEF5B04FDEE8C812.d.0B83871DFD8863F86D98DBBC6DA8156A.e.3756/click - {}
RESULT: {}
COMMAND: GET /session/7a47d135f75b3f9dc9ed0ec43722f433/screenshot - {}
RESULT: {}
COMMAND: POST /session/7a47d135f75b3f9dc9ed0ec43722f433/execute/async - {"script":"<script> [1562 bytes]","args":[{"selector":{"id":"application-managepartners-display-component---NewPartner--intercompVendorComboBox-application-managepartners-display-component---NewPartner--assignmentsTable-0-vhi"},"wdio_ui5_key":"applicationmanagepartners-display-component---NewPartner--intercompVendorComboBox-application-managepartners-display-component---NewPartner--assignmentsTable-0-vhi"}]}
RESULT: {"script":"<script> [1562 bytes]","args":[{"selector":{"id":"application-managepartners-display-component---NewPartner--intercompVendorComboBox-application-managepartners-display-component---NewPartner--assignmentsTable-0-vhi"},"wdio_ui5_key":"applicationmanagepartners-display-component---NewPartner--intercompVendorComboBox-application-managepartners-display-component---NewPartner--assignmentsTable-0-vhi"}]}
RESULT: undefined
COMMAND: POST /session/7a47d135f75b3f9dc9ed0ec43722f433/element - {"using":"xpath","value":"//*[@id=\"application-managepartners-display-component---NewPartner--intercompVendorComboBox-application-managepartners-display-component---NewPartner--assignmentsTable-0-vhi\"]"}
RESULT: {"using":"xpath","value":"//*[@id=\"application-managepartners-display-component---NewPartner--intercompVendorComboBox-application-managepartners-display-component---NewPartner--assignmentsTable-0-vhi\"]"}
COMMAND: POST /session/7a47d135f75b3f9dc9ed0ec43722f433/element/f.EC16CDDA184DC683CEF5B04FDEE8C812.d.0B83871DFD8863F86D98DBBC6DA8156A.e.3759/click - {}
RESULT: {}
RESULT: undefined
COMMAND: POST /session/7a47d135f75b3f9dc9ed0ec43722f433/execute/async - {"script":"<script> [776 bytes]","args":[{"enterText":"100005","selector":{"controlType":"sap.m.SearchField","properties":{"placeholder":"Search"},"searchOpenDialogs":true,"interaction":{"idSuffix":"I"}},"clearTextFirst":true,"interactionType":"ENTER_TEXT"}]}
COMMAND: GET /session/7a47d135f75b3f9dc9ed0ec43722f433/screenshot - {}
RESULT: {"script":"<script> [776 bytes]","args":[{"enterText":"100005","selector":{"controlType":"sap.m.SearchField","properties":{"placeholder":"Search"},"searchOpenDialogs":true,"interaction":{"idSuffix":"I"}},"clearTextFirst":true,"interactionType":"ENTER_TEXT"}]}
COMMAND: POST /session/7a47d135f75b3f9dc9ed0ec43722f433/actions - {"actions":[{"id":"action10","type":"key","parameters":{},"actions":[{"type":"keyDown","value":"î€‡"},{"type":"pause","duration":10},{"type":"keyUp","value":"î€‡"}]}]}
RESULT: {}
RESULT: {"actions":[{"id":"action10","type":"key","parameters":{},"actions":[{"type":"keyDown","value":"î€‡"},{"type":"pause","duration":10},{"type":"keyUp","value":"î€‡"}]}]}
COMMAND: GET /session/7a47d135f75b3f9dc9ed0ec43722f433/screenshot - {}
RESULT: {}
COMMAND: POST /session/7a47d135f75b3f9dc9ed0ec43722f433/element - {"using":"xpath","value":"//span[contains(text(), \"Penguins - Field/12345 Berlin\")]"}
RESULT: {"using":"xpath","value":"//span[contains(text(), \"Penguins - Field/12345 Berlin\")]"}
COMMAND: POST /session/7a47d135f75b3f9dc9ed0ec43722f433/element/f.EC16CDDA184DC683CEF5B04FDEE8C812.d.0B83871DFD8863F86D98DBBC6DA8156A.e.3778/click - {}
RESULT: {}
COMMAND: GET /session/7a47d135f75b3f9dc9ed0ec43722f433/screenshot - {}
RESULT: {}
COMMAND: POST /session/7a47d135f75b3f9dc9ed0ec43722f433/element - {"using":"xpath","value":"//bdi[contains(text(), \"OK\")]"}
RESULT: {"using":"xpath","value":"//bdi[contains(text(), \"OK\")]"}
COMMAND: POST /session/7a47d135f75b3f9dc9ed0ec43722f433/element/f.EC16CDDA184DC683CEF5B04FDEE8C812.d.0B83871DFD8863F86D98DBBC6DA8156A.e.3779/click - {}
RESULT: {}
COMMAND: GET /session/7a47d135f75b3f9dc9ed0ec43722f433/screenshot - {}
RESULT: {}
COMMAND: POST /session/7a47d135f75b3f9dc9ed0ec43722f433/element - {"using":"xpath","value":"//button[@data-kt=\"saveButton\"]"}
RESULT: {"using":"xpath","value":"//button[@data-kt=\"saveButton\"]"}
COMMAND: POST /session/7a47d135f75b3f9dc9ed0ec43722f433/element/f.EC16CDDA184DC683CEF5B04FDEE8C812.d.0B83871DFD8863F86D98DBBC6DA8156A.e.3563/click - {}
RESULT: {}
COMMAND: GET /session/7a47d135f75b3f9dc9ed0ec43722f433/screenshot - {}
RESULT: {}
COMMAND: POST /session/7a47d135f75b3f9dc9ed0ec43722f433/element - {"using":"xpath","value":"//header[contains(@id, 'ObjectPageLayout-headerTitle')]/div[1]/div[2]/div[2]/span[1]"}
RESULT: {"using":"xpath","value":"//header[contains(@id, 'ObjectPageLayout-headerTitle')]/div[1]/div[2]/div[2]/span[1]"}
COMMAND: POST /session/7a47d135f75b3f9dc9ed0ec43722f433/elements - {"using":"xpath","value":"//header[contains(@id, 'ObjectPageLayout-headerTitle')]/div[1]/div[2]/div[2]/span[1]"}
RESULT: {"using":"xpath","value":"//header[contains(@id, 'ObjectPageLayout-headerTitle')]/div[1]/div[2]/div[2]/span[1]"}
COMMAND: POST /session/7a47d135f75b3f9dc9ed0ec43722f433/execute/sync - {"script":"<script> [56 bytes]","args":[{"element-6066-11e4-a52e-4f735466cecf":"f.EC16CDDA184DC683CEF5B04FDEE8C812.d.0B83871DFD8863F86D98DBBC6DA8156A.e.3947","ELEMENT":"f.EC16CDDA184DC683CEF5B04FDEE8C812.d.0B83871DFD8863F86D98DBBC6DA8156A.e.3947"}]}
RESULT: {"script":"<script> [56 bytes]","args":[{"element-6066-11e4-a52e-4f735466cecf":"f.EC16CDDA184DC683CEF5B04FDEE8C812.d.0B83871DFD8863F86D98DBBC6DA8156A.e.3947","ELEMENT":"f.EC16CDDA184DC683CEF5B04FDEE8C812.d.0B83871DFD8863F86D98DBBC6DA8156A.e.3947"}]}
COMMAND: POST /session/7a47d135f75b3f9dc9ed0ec43722f433/element - {"using":"css selector","value":"#shell-header-logo"}
COMMAND: GET /session/7a47d135f75b3f9dc9ed0ec43722f433/screenshot - {}
RESULT: {"using":"css selector","value":"#shell-header-logo"}
COMMAND: POST /session/7a47d135f75b3f9dc9ed0ec43722f433/element/f.EC16CDDA184DC683CEF5B04FDEE8C812.d.0B83871DFD8863F86D98DBBC6DA8156A.e.3161/click - {}
RESULT: {}
RESULT: {}
COMMAND: GET /session/7a47d135f75b3f9dc9ed0ec43722f433/screenshot - {}
RESULT: {}
COMMAND: POST /session/7a47d135f75b3f9dc9ed0ec43722f433/execute/sync - {"script":"<script> [299 bytes]","args":[["getModel","getResource"]]}
RESULT: {"script":"<script> [299 bytes]","args":[["getModel","getResource"]]}
RESULT: undefined
COMMAND: POST /session/7a47d135f75b3f9dc9ed0ec43722f433/element - {"using":"xpath","value":"//*[@id=\"__tile30\"]"}
COMMAND: GET /session/7a47d135f75b3f9dc9ed0ec43722f433/screenshot - {}
RESULT: {"using":"xpath","value":"//*[@id=\"__tile30\"]"}
COMMAND: POST /session/7a47d135f75b3f9dc9ed0ec43722f433/element/f.EC16CDDA184DC683CEF5B04FDEE8C812.d.0B83871DFD8863F86D98DBBC6DA8156A.e.3081/click - {}
RESULT: {}
RESULT: {}
COMMAND: GET /session/7a47d135f75b3f9dc9ed0ec43722f433/screenshot - {}
RESULT: {}
COMMAND: POST /session/7a47d135f75b3f9dc9ed0ec43722f433/elements - {"using":"xpath","value":"//span[text()='Error']"}
RESULT: {"using":"xpath","value":"//span[text()='Error']"}
COMMAND: POST /session/7a47d135f75b3f9dc9ed0ec43722f433/element - {"using":"xpath","value":"//button[@data-kt=\"addButton\"]"}
RESULT: {"using":"xpath","value":"//button[@data-kt=\"addButton\"]"}
COMMAND: POST /session/7a47d135f75b3f9dc9ed0ec43722f433/elements - {"using":"xpath","value":"//button[@data-kt=\"addButton\"]"}
RESULT: {"using":"xpath","value":"//button[@data-kt=\"addButton\"]"}
COMMAND: POST /session/7a47d135f75b3f9dc9ed0ec43722f433/execute/sync - {"script":"<script> [8489 bytes]","args":[{"element-6066-11e4-a52e-4f735466cecf":"f.EC16CDDA184DC683CEF5B04FDEE8C812.d.0B83871DFD8863F86D98DBBC6DA8156A.e.3994","ELEMENT":"f.EC16CDDA184DC683CEF5B04FDEE8C812.d.0B83871DFD8863F86D98DBBC6DA8156A.e.3994"}]}
RESULT: {"script":"<script> [8489 bytes]","args":[{"element-6066-11e4-a52e-4f735466cecf":"f.EC16CDDA184DC683CEF5B04FDEE8C812.d.0B83871DFD8863F86D98DBBC6DA8156A.e.3994","ELEMENT":"f.EC16CDDA184DC683CEF5B04FDEE8C812.d.0B83871DFD8863F86D98DBBC6DA8156A.e.3994"}]}
COMMAND: GET /session/7a47d135f75b3f9dc9ed0ec43722f433/element/f.EC16CDDA184DC683CEF5B04FDEE8C812.d.0B83871DFD8863F86D98DBBC6DA8156A.e.3994/enabled - {}
COMMAND: GET /session/7a47d135f75b3f9dc9ed0ec43722f433/screenshot - {}
RESULT: {}
COMMAND: POST /session/7a47d135f75b3f9dc9ed0ec43722f433/execute/sync - {"script":"<script> [8489 bytes]","args":[{"element-6066-11e4-a52e-4f735466cecf":"f.EC16CDDA184DC683CEF5B04FDEE8C812.d.0B83871DFD8863F86D98DBBC6DA8156A.e.3994","ELEMENT":"f.EC16CDDA184DC683CEF5B04FDEE8C812.d.0B83871DFD8863F86D98DBBC6DA8156A.e.3994"}]}
COMMAND: GET /session/7a47d135f75b3f9dc9ed0ec43722f433/screenshot - {}
RESULT: {}
RESULT: {"script":"<script> [8489 bytes]","args":[{"element-6066-11e4-a52e-4f735466cecf":"f.EC16CDDA184DC683CEF5B04FDEE8C812.d.0B83871DFD8863F86D98DBBC6DA8156A.e.3994","ELEMENT":"f.EC16CDDA184DC683CEF5B04FDEE8C812.d.0B83871DFD8863F86D98DBBC6DA8156A.e.3994"}]}
COMMAND: POST /session/7a47d135f75b3f9dc9ed0ec43722f433/execute/sync - {"script":"<script> [5351 bytes]","args":[{"element-6066-11e4-a52e-4f735466cecf":"f.EC16CDDA184DC683CEF5B04FDEE8C812.d.0B83871DFD8863F86D98DBBC6DA8156A.e.3994","ELEMENT":"f.EC16CDDA184DC683CEF5B04FDEE8C812.d.0B83871DFD8863F86D98DBBC6DA8156A.e.3994"}]}
COMMAND: GET /session/7a47d135f75b3f9dc9ed0ec43722f433/screenshot - {}
RESULT: {}
RESULT: {"script":"<script> [5351 bytes]","args":[{"element-6066-11e4-a52e-4f735466cecf":"f.EC16CDDA184DC683CEF5B04FDEE8C812.d.0B83871DFD8863F86D98DBBC6DA8156A.e.3994","ELEMENT":"f.EC16CDDA184DC683CEF5B04FDEE8C812.d.0B83871DFD8863F86D98DBBC6DA8156A.e.3994"}]}
COMMAND: GET /session/7a47d135f75b3f9dc9ed0ec43722f433/screenshot - {}
RESULT: {}
RESULT: {}
COMMAND: POST /session/7a47d135f75b3f9dc9ed0ec43722f433/execute/async - {"script":"<script> [1562 bytes]","args":[{"selector":{"id":"application-managepartners-display-component---masterPtm--smartFilterBar-btnBasicSearch","interaction":{"idSuffix":"I"}},"wdio_ui5_key":"applicationmanagepartners-display-component---masterPtm--smartFilterBar-btnBasicSearch"}]}
RESULT: {"script":"<script> [1562 bytes]","args":[{"selector":{"id":"application-managepartners-display-component---masterPtm--smartFilterBar-btnBasicSearch","interaction":{"idSuffix":"I"}},"wdio_ui5_key":"applicationmanagepartners-display-component---masterPtm--smartFilterBar-btnBasicSearch"}]}
RESULT: undefined
COMMAND: POST /session/7a47d135f75b3f9dc9ed0ec43722f433/execute/async - {"script":"<script> [776 bytes]","args":[{"enterText":"1372","selector":{"id":"application-managepartners-display-component---masterPtm--smartFilterBar-btnBasicSearch","interaction":{"idSuffix":"I"}},"clearTextFirst":true,"interactionType":"ENTER_TEXT"}]}
RESULT: {"script":"<script> [776 bytes]","args":[{"enterText":"1372","selector":{"id":"application-managepartners-display-component---masterPtm--smartFilterBar-btnBasicSearch","interaction":{"idSuffix":"I"}},"clearTextFirst":true,"interactionType":"ENTER_TEXT"}]}
COMMAND: POST /session/7a47d135f75b3f9dc9ed0ec43722f433/actions - {"actions":[{"id":"action11","type":"key","parameters":{},"actions":[{"type":"keyDown","value":"î€‡"},{"type":"pause","duration":10},{"type":"keyUp","value":"î€‡"}]}]}
RESULT: {"actions":[{"id":"action11","type":"key","parameters":{},"actions":[{"type":"keyDown","value":"î€‡"},{"type":"pause","duration":10},{"type":"keyUp","value":"î€‡"}]}]}
COMMAND: GET /session/7a47d135f75b3f9dc9ed0ec43722f433/screenshot - {}
RESULT: {}
COMMAND: POST /session/7a47d135f75b3f9dc9ed0ec43722f433/elements - {"using":"xpath","value":"//table[contains(@id, \"customPartnersTable-listUl\")]/tbody/tr"}
RESULT: {"using":"xpath","value":"//table[contains(@id, \"customPartnersTable-listUl\")]/tbody/tr"}
COMMAND: POST /session/7a47d135f75b3f9dc9ed0ec43722f433/element - {"using":"xpath","value":"//table[contains(@id, \"customPartnersTable-listUl\")]/tbody/tr[1]/td[3]/span"}
RESULT: {"using":"xpath","value":"//table[contains(@id, \"customPartnersTable-listUl\")]/tbody/tr[1]/td[3]/span"}
COMMAND: POST /session/7a47d135f75b3f9dc9ed0ec43722f433/elements - {"using":"xpath","value":"//table[contains(@id, \"customPartnersTable-listUl\")]/tbody/tr[1]/td[3]/span"}
RESULT: {"using":"xpath","value":"//table[contains(@id, \"customPartnersTable-listUl\")]/tbody/tr[1]/td[3]/span"}
COMMAND: POST /session/7a47d135f75b3f9dc9ed0ec43722f433/execute/sync - {"script":"<script> [56 bytes]","args":[{"element-6066-11e4-a52e-4f735466cecf":"f.EC16CDDA184DC683CEF5B04FDEE8C812.d.0B83871DFD8863F86D98DBBC6DA8156A.e.4128","ELEMENT":"f.EC16CDDA184DC683CEF5B04FDEE8C812.d.0B83871DFD8863F86D98DBBC6DA8156A.e.4128"}]}
RESULT: {"script":"<script> [56 bytes]","args":[{"element-6066-11e4-a52e-4f735466cecf":"f.EC16CDDA184DC683CEF5B04FDEE8C812.d.0B83871DFD8863F86D98DBBC6DA8156A.e.4128","ELEMENT":"f.EC16CDDA184DC683CEF5B04FDEE8C812.d.0B83871DFD8863F86D98DBBC6DA8156A.e.4128"}]}
COMMAND: POST /session/7a47d135f75b3f9dc9ed0ec43722f433/element - {"using":"xpath","value":"(//span[contains(@id, \"imgNav\")])[1]"}
COMMAND: GET /session/7a47d135f75b3f9dc9ed0ec43722f433/screenshot - {}
RESULT: {"using":"xpath","value":"(//span[contains(@id, \"imgNav\")])[1]"}
COMMAND: POST /session/7a47d135f75b3f9dc9ed0ec43722f433/element/f.EC16CDDA184DC683CEF5B04FDEE8C812.d.0B83871DFD8863F86D98DBBC6DA8156A.e.4126/click - {}
RESULT: {}
RESULT: {}
COMMAND: GET /session/7a47d135f75b3f9dc9ed0ec43722f433/screenshot - {}
RESULT: {}
COMMAND: POST /session/7a47d135f75b3f9dc9ed0ec43722f433/element - {"using":"xpath","value":"//bdi[contains(text(), \"Edit\")]"}
RESULT: {"using":"xpath","value":"//bdi[contains(text(), \"Edit\")]"}
COMMAND: POST /session/7a47d135f75b3f9dc9ed0ec43722f433/element/f.EC16CDDA184DC683CEF5B04FDEE8C812.d.0B83871DFD8863F86D98DBBC6DA8156A.e.4271/click - {}
RESULT: {}
COMMAND: GET /session/7a47d135f75b3f9dc9ed0ec43722f433/screenshot - {}
RESULT: {}
COMMAND: POST /session/7a47d135f75b3f9dc9ed0ec43722f433/execute/async - {"script":"<script> [1562 bytes]","args":[{"selector":{"controlType":"sap.m.Input","viewName":"etm.portal.ui.managepartners.view.EditDetail","labelFor":{"text":"Name"},"interaction":{"idSuffix":"inner"}},"wdio_ui5_key":"etmportal.ui.managepartners.view.EditDetailsap.m.Input{\"text\":\"Name\"}"}]}
RESULT: {"script":"<script> [1562 bytes]","args":[{"selector":{"controlType":"sap.m.Input","viewName":"etm.portal.ui.managepartners.view.EditDetail","labelFor":{"text":"Name"},"interaction":{"idSuffix":"inner"}},"wdio_ui5_key":"etmportal.ui.managepartners.view.EditDetailsap.m.Input{\"text\":\"Name\"}"}]}
RESULT: undefined
COMMAND: POST /session/7a47d135f75b3f9dc9ed0ec43722f433/execute/async - {"script":"<script> [776 bytes]","args":[{"enterText":"Intercompany EDIT","selector":{"controlType":"sap.m.Input","viewName":"etm.portal.ui.managepartners.view.EditDetail","labelFor":{"text":"Name"},"interaction":{"idSuffix":"inner"}},"clearTextFirst":true,"interactionType":"ENTER_TEXT"}]}
RESULT: {"script":"<script> [776 bytes]","args":[{"enterText":"Intercompany EDIT","selector":{"controlType":"sap.m.Input","viewName":"etm.portal.ui.managepartners.view.EditDetail","labelFor":{"text":"Name"},"interaction":{"idSuffix":"inner"}},"clearTextFirst":true,"interactionType":"ENTER_TEXT"}]}
COMMAND: POST /session/7a47d135f75b3f9dc9ed0ec43722f433/element - {"using":"xpath","value":"(//span[contains(@id,\"addressDetailDetailsLanguage-arrow\")])[1]"}
RESULT: {"using":"xpath","value":"(//span[contains(@id,\"addressDetailDetailsLanguage-arrow\")])[1]"}
COMMAND: POST /session/7a47d135f75b3f9dc9ed0ec43722f433/element/f.EC16CDDA184DC683CEF5B04FDEE8C812.d.0B83871DFD8863F86D98DBBC6DA8156A.e.4353/click - {}
RESULT: {}
COMMAND: POST /session/7a47d135f75b3f9dc9ed0ec43722f433/element - {"using":"xpath","value":"//span[contains(text(), \"Chinese\")]"}
COMMAND: GET /session/7a47d135f75b3f9dc9ed0ec43722f433/screenshot - {}
RESULT: {"using":"xpath","value":"//span[contains(text(), \"Chinese\")]"}
COMMAND: POST /session/7a47d135f75b3f9dc9ed0ec43722f433/element/f.EC16CDDA184DC683CEF5B04FDEE8C812.d.0B83871DFD8863F86D98DBBC6DA8156A.e.4354/click - {}
RESULT: {}
RESULT: {}
COMMAND: GET /session/7a47d135f75b3f9dc9ed0ec43722f433/screenshot - {}
RESULT: {}
COMMAND: POST /session/7a47d135f75b3f9dc9ed0ec43722f433/execute/async - {"script":"<script> [1562 bytes]","args":[{"selector":{"controlType":"sap.m.Input","viewName":"etm.portal.ui.managepartners.view.EditDetail","labelFor":{"text":"City"},"interaction":{"idSuffix":"inner"}},"wdio_ui5_key":"etmportal.ui.managepartners.view.EditDetailsap.m.Input{\"text\":\"City\"}"}]}
RESULT: {"script":"<script> [1562 bytes]","args":[{"selector":{"controlType":"sap.m.Input","viewName":"etm.portal.ui.managepartners.view.EditDetail","labelFor":{"text":"City"},"interaction":{"idSuffix":"inner"}},"wdio_ui5_key":"etmportal.ui.managepartners.view.EditDetailsap.m.Input{\"text\":\"City\"}"}]}
RESULT: undefined
COMMAND: POST /session/7a47d135f75b3f9dc9ed0ec43722f433/execute/async - {"script":"<script> [776 bytes]","args":[{"enterText":"Clooj-Napoca","selector":{"controlType":"sap.m.Input","viewName":"etm.portal.ui.managepartners.view.EditDetail","labelFor":{"text":"City"},"interaction":{"idSuffix":"inner"}},"clearTextFirst":true,"interactionType":"ENTER_TEXT"}]}
RESULT: {"script":"<script> [776 bytes]","args":[{"enterText":"Clooj-Napoca","selector":{"controlType":"sap.m.Input","viewName":"etm.portal.ui.managepartners.view.EditDetail","labelFor":{"text":"City"},"interaction":{"idSuffix":"inner"}},"clearTextFirst":true,"interactionType":"ENTER_TEXT"}]}
COMMAND: POST /session/7a47d135f75b3f9dc9ed0ec43722f433/element - {"using":"xpath","value":"//button[@data-kt=\"saveButton\"]"}
RESULT: {"using":"xpath","value":"//button[@data-kt=\"saveButton\"]"}
COMMAND: POST /session/7a47d135f75b3f9dc9ed0ec43722f433/element/f.EC16CDDA184DC683CEF5B04FDEE8C812.d.0B83871DFD8863F86D98DBBC6DA8156A.e.4330/click - {}
RESULT: {}
COMMAND: GET /session/7a47d135f75b3f9dc9ed0ec43722f433/screenshot - {}
RESULT: {}
COMMAND: POST /session/7a47d135f75b3f9dc9ed0ec43722f433/execute/async - {"script":"<script> [1562 bytes]","args":[{"selector":{"id":"application-managepartners-display-component---detailPtm--addressDetailDetailsName1"},"wdio_ui5_key":"applicationmanagepartners-display-component---detailPtm--addressDetailDetailsName1"}]}
RESULT: {"script":"<script> [1562 bytes]","args":[{"selector":{"id":"application-managepartners-display-component---detailPtm--addressDetailDetailsName1"},"wdio_ui5_key":"applicationmanagepartners-display-component---detailPtm--addressDetailDetailsName1"}]}
RESULT: undefined
COMMAND: POST /session/7a47d135f75b3f9dc9ed0ec43722f433/execute/async - {"script":"<script> [6424 bytes]","args":[{"element-6066-11e4-a52e-4f735466cecf":"f.EC16CDDA184DC683CEF5B04FDEE8C812.d.0B83871DFD8863F86D98DBBC6DA8156A.e.4385"},"getValue",[]]}
RESULT: {"script":"<script> [6424 bytes]","args":[{"element-6066-11e4-a52e-4f735466cecf":"f.EC16CDDA184DC683CEF5B04FDEE8C812.d.0B83871DFD8863F86D98DBBC6DA8156A.e.4385"},"getValue",[]]}
COMMAND: POST /session/7a47d135f75b3f9dc9ed0ec43722f433/element - {"using":"xpath","value":"//input[@id = \"application-managepartners-display-component---detailPtm--addressDetailDetailsLanguage-inner\"]"}
RESULT: {"using":"xpath","value":"//input[@id = \"application-managepartners-display-component---detailPtm--addressDetailDetailsLanguage-inner\"]"}
COMMAND: GET /session/7a47d135f75b3f9dc9ed0ec43722f433/element/f.EC16CDDA184DC683CEF5B04FDEE8C812.d.0B83871DFD8863F86D98DBBC6DA8156A.e.4386/property/value - {}
RESULT: {}
COMMAND: POST /session/7a47d135f75b3f9dc9ed0ec43722f433/execute/async - {"script":"<script> [1562 bytes]","args":[{"selector":{"id":"application-managepartners-display-component---detailPtm--addressDetailDetailsCity1"},"wdio_ui5_key":"applicationmanagepartners-display-component---detailPtm--addressDetailDetailsCity1"}]}
COMMAND: GET /session/7a47d135f75b3f9dc9ed0ec43722f433/screenshot - {}
RESULT: {"script":"<script> [1562 bytes]","args":[{"selector":{"id":"application-managepartners-display-component---detailPtm--addressDetailDetailsCity1"},"wdio_ui5_key":"applicationmanagepartners-display-component---detailPtm--addressDetailDetailsCity1"}]}
RESULT: undefined
COMMAND: POST /session/7a47d135f75b3f9dc9ed0ec43722f433/execute/async - {"script":"<script> [6424 bytes]","args":[{"element-6066-11e4-a52e-4f735466cecf":"f.EC16CDDA184DC683CEF5B04FDEE8C812.d.0B83871DFD8863F86D98DBBC6DA8156A.e.4387"},"getValue",[]]}
RESULT: {}
RESULT: {"script":"<script> [6424 bytes]","args":[{"element-6066-11e4-a52e-4f735466cecf":"f.EC16CDDA184DC683CEF5B04FDEE8C812.d.0B83871DFD8863F86D98DBBC6DA8156A.e.4387"},"getValue",[]]}
COMMAND: POST /session/7a47d135f75b3f9dc9ed0ec43722f433/element - {"using":"css selector","value":"#shell-header-logo"}
RESULT: {"using":"css selector","value":"#shell-header-logo"}
COMMAND: POST /session/7a47d135f75b3f9dc9ed0ec43722f433/element/f.EC16CDDA184DC683CEF5B04FDEE8C812.d.0B83871DFD8863F86D98DBBC6DA8156A.e.3950/click - {}
RESULT: {}
COMMAND: GET /session/7a47d135f75b3f9dc9ed0ec43722f433/screenshot - {}
RESULT: {}
]]></system-out>
    </testcase>
    <testcase classname="chrome.136_0_7103_93.windows.Partner_specific_tests_US150819_US151080_US151654_US151176_US103444_US151078_US151079_US151109_US151174_US151175_US151189" name="Should create a new intracompany partner edit some of its fields US151079" time="250.056">
      <system-out><![CDATA[
COMMAND: POST /session/7a47d135f75b3f9dc9ed0ec43722f433/element - {"using":"xpath","value":"//li[.//span[text()=\"Manage Partners\"]]"}
RESULT: {"using":"xpath","value":"//li[.//span[text()=\"Manage Partners\"]]"}
COMMAND: POST /session/7a47d135f75b3f9dc9ed0ec43722f433/element - {"using":"xpath","value":"//li[.//span[text()=\"Manage Partners\"]]"}
RESULT: {"using":"xpath","value":"//li[.//span[text()=\"Manage Partners\"]]"}
COMMAND: POST /session/7a47d135f75b3f9dc9ed0ec43722f433/element - {"using":"css selector","value":"#shell-header-logo"}
RESULT: {"using":"css selector","value":"#shell-header-logo"}
COMMAND: POST /session/7a47d135f75b3f9dc9ed0ec43722f433/element/f.EC16CDDA184DC683CEF5B04FDEE8C812.d.0B83871DFD8863F86D98DBBC6DA8156A.e.4418/click - {}
COMMAND: POST /session/7a47d135f75b3f9dc9ed0ec43722f433/execute/sync - {"script":"<script> [8489 bytes]","args":[{"element-6066-11e4-a52e-4f735466cecf":"f.EC16CDDA184DC683CEF5B04FDEE8C812.d.0B83871DFD8863F86D98DBBC6DA8156A.e.4418","ELEMENT":"f.EC16CDDA184DC683CEF5B04FDEE8C812.d.0B83871DFD8863F86D98DBBC6DA8156A.e.4418"}]}
RESULT: {"script":"<script> [8489 bytes]","args":[{"element-6066-11e4-a52e-4f735466cecf":"f.EC16CDDA184DC683CEF5B04FDEE8C812.d.0B83871DFD8863F86D98DBBC6DA8156A.e.4418","ELEMENT":"f.EC16CDDA184DC683CEF5B04FDEE8C812.d.0B83871DFD8863F86D98DBBC6DA8156A.e.4418"}]}
COMMAND: POST /session/7a47d135f75b3f9dc9ed0ec43722f433/execute/sync - {"script":"<script> [5351 bytes]","args":[{"element-6066-11e4-a52e-4f735466cecf":"f.EC16CDDA184DC683CEF5B04FDEE8C812.d.0B83871DFD8863F86D98DBBC6DA8156A.e.4418","ELEMENT":"f.EC16CDDA184DC683CEF5B04FDEE8C812.d.0B83871DFD8863F86D98DBBC6DA8156A.e.4418"}]}
COMMAND: GET /session/7a47d135f75b3f9dc9ed0ec43722f433/screenshot - {}
RESULT: {}
COMMAND: GET /session/7a47d135f75b3f9dc9ed0ec43722f433/screenshot - {}
RESULT: {"script":"<script> [5351 bytes]","args":[{"element-6066-11e4-a52e-4f735466cecf":"f.EC16CDDA184DC683CEF5B04FDEE8C812.d.0B83871DFD8863F86D98DBBC6DA8156A.e.4418","ELEMENT":"f.EC16CDDA184DC683CEF5B04FDEE8C812.d.0B83871DFD8863F86D98DBBC6DA8156A.e.4418"}]}
COMMAND: GET /session/7a47d135f75b3f9dc9ed0ec43722f433/screenshot - {}
RESULT: {}
RESULT: {}
RESULT: {}
COMMAND: POST /session/7a47d135f75b3f9dc9ed0ec43722f433/refresh - {}
RESULT: {}
COMMAND: GET /session/7a47d135f75b3f9dc9ed0ec43722f433/screenshot - {}
RESULT: {}
COMMAND: POST /session/7a47d135f75b3f9dc9ed0ec43722f433/refresh - {}
RESULT: {}
COMMAND: GET /session/7a47d135f75b3f9dc9ed0ec43722f433/screenshot - {}
RESULT: {}
COMMAND: POST /session/7a47d135f75b3f9dc9ed0ec43722f433/window/fullscreen - {}
RESULT: {}
COMMAND: POST /session/7a47d135f75b3f9dc9ed0ec43722f433/execute/async - {"script":"<script> [189 bytes]","args":[]}
RESULT: {"script":"<script> [189 bytes]","args":[]}
COMMAND: POST /session/7a47d135f75b3f9dc9ed0ec43722f433/execute/async - {"script":"<script> [123 bytes]","args":[]}
RESULT: {"script":"<script> [123 bytes]","args":[]}
COMMAND: POST /session/7a47d135f75b3f9dc9ed0ec43722f433/timeouts - {"script":"<number>"}
RESULT: {"script":"<number>"}
COMMAND: GET /session/7a47d135f75b3f9dc9ed0ec43722f433/timeouts - {}
RESULT: {}
RESULT: undefined
COMMAND: POST /session/7a47d135f75b3f9dc9ed0ec43722f433/execute/async - {"script":"<script> [2676 bytes]","args":[]}
RESULT: {"script":"<script> [2676 bytes]","args":[]}
COMMAND: POST /session/7a47d135f75b3f9dc9ed0ec43722f433/execute/async - {"script":"<script> [2342 bytes]","args":[{"protocol":"http","hostname":"0.0.0.0","path":"/","capabilities":{"browserName":"chrome","goog:chromeOptions":{"binary":"C:\\Program Files\\Google\\Chrome\\Application\\chrome.exe","args":["--start-maximized"]}},"logLevel":"warn","connectionRetryTimeout":120000,"connectionRetryCount":3,"logLevels":{},"enableDirectConnect":true,"strictSSL":true,"_":"65 more keys: [\"cacheDir\",\"port\",\"requestedCapabilities\",\"automationProtocol\",\"baseUrl\",\"waitforInterval\",\"waitforTimeout\",\"onReload\",\"beforeCommand\",\"afterCommand\",\"rootDir\",\"specs\",\"suites\",\"exclude\",\"groupLogsByTestSpec\",\"excludeDriverLogs\",\"bail\",\"framework\",\"reporters\",\"services\",\"maxInstances\",\"maxInstancesPerCapability\",\"injectGlobals\",\"filesToWatch\",\"execArgv\",\"runnerEnv\",\"runner\",\"shard\",\"specFileRetries\",\"specFileRetriesDelay\",\"specFileRetriesDeferred\",\"reporterSyncInterval\",\"reporterSyncTimeout\",\"cucumberFeaturesWithLineNumbers\",\"autoCompileOpts\",\"mochaOpts\",\"jasmineOpts\",\"cucumberOpts\",\"onPrepare\",\"onWorkerStart\",\"onWorkerEnd\",\"before\",\"beforeSession\",\"beforeSuite\",\"beforeHook\",\"beforeTest\",\"afterTest\",\"afterHook\",\"afterSuite\",\"afterSession\",\"after\",\"onComplete\",\"beforeAssertion\",\"afterAssertion\",\"beforeFeature\",\"beforeScenario\",\"beforeStep\",\"afterStep\",\"afterScenario\",\"afterFeature\",\"_\",\"suite\",\"$0\",\"ignoredWorkerServices\",\"wdi5\"]"}]}
RESULT: {"script":"<script> [2342 bytes]","args":[{"protocol":"http","hostname":"0.0.0.0","path":"/","capabilities":{"browserName":"chrome","goog:chromeOptions":{"binary":"C:\\Program Files\\Google\\Chrome\\Application\\chrome.exe","args":["--start-maximized"]}},"logLevel":"warn","connectionRetryTimeout":120000,"connectionRetryCount":3,"logLevels":{},"enableDirectConnect":true,"strictSSL":true,"_":"65 more keys: [\"cacheDir\",\"port\",\"requestedCapabilities\",\"automationProtocol\",\"baseUrl\",\"waitforInterval\",\"waitforTimeout\",\"onReload\",\"beforeCommand\",\"afterCommand\",\"rootDir\",\"specs\",\"suites\",\"exclude\",\"groupLogsByTestSpec\",\"excludeDriverLogs\",\"bail\",\"framework\",\"reporters\",\"services\",\"maxInstances\",\"maxInstancesPerCapability\",\"injectGlobals\",\"filesToWatch\",\"execArgv\",\"runnerEnv\",\"runner\",\"shard\",\"specFileRetries\",\"specFileRetriesDelay\",\"specFileRetriesDeferred\",\"reporterSyncInterval\",\"reporterSyncTimeout\",\"cucumberFeaturesWithLineNumbers\",\"autoCompileOpts\",\"mochaOpts\",\"jasmineOpts\",\"cucumberOpts\",\"onPrepare\",\"onWorkerStart\",\"onWorkerEnd\",\"before\",\"beforeSession\",\"beforeSuite\",\"beforeHook\",\"beforeTest\",\"afterTest\",\"afterHook\",\"afterSuite\",\"afterSession\",\"after\",\"onComplete\",\"beforeAssertion\",\"afterAssertion\",\"beforeFeature\",\"beforeScenario\",\"beforeStep\",\"afterStep\",\"afterScenario\",\"afterFeature\",\"_\",\"suite\",\"$0\",\"ignoredWorkerServices\",\"wdi5\"]"}]}
COMMAND: POST /session/7a47d135f75b3f9dc9ed0ec43722f433/execute/async - {"script":"<script> [21126 bytes]","args":[35000]}
RESULT: {"script":"<script> [21126 bytes]","args":[35000]}
COMMAND: POST /session/7a47d135f75b3f9dc9ed0ec43722f433/window/fullscreen - {}
RESULT: {}
COMMAND: POST /session/7a47d135f75b3f9dc9ed0ec43722f433/window/fullscreen - {}
RESULT: {}
COMMAND: POST /session/7a47d135f75b3f9dc9ed0ec43722f433/execute/async - {"script":"<script> [1562 bytes]","args":[{"selector":{"controlType":"sap.m.GenericTile","properties":{"header":"Manage Partners"}},"wdio_ui5_key":"sapm.GenericTile{\"header\":\"Manage Partners\"}"}]}
RESULT: {"script":"<script> [1562 bytes]","args":[{"selector":{"controlType":"sap.m.GenericTile","properties":{"header":"Manage Partners"}},"wdio_ui5_key":"sapm.GenericTile{\"header\":\"Manage Partners\"}"}]}
RESULT: undefined
COMMAND: POST /session/7a47d135f75b3f9dc9ed0ec43722f433/element - {"using":"xpath","value":"//*[@id=\"__tile30\"]"}
RESULT: {"using":"xpath","value":"//*[@id=\"__tile30\"]"}
COMMAND: POST /session/7a47d135f75b3f9dc9ed0ec43722f433/element/f.EC16CDDA184DC683CEF5B04FDEE8C812.d.59971401F791468D219C420C9069A28B.e.4483/click - {}
RESULT: {}
COMMAND: GET /session/7a47d135f75b3f9dc9ed0ec43722f433/screenshot - {}
RESULT: {}
COMMAND: POST /session/7a47d135f75b3f9dc9ed0ec43722f433/elements - {"using":"xpath","value":"//span[text()='Error']"}
RESULT: {"using":"xpath","value":"//span[text()='Error']"}
COMMAND: POST /session/7a47d135f75b3f9dc9ed0ec43722f433/element - {"using":"xpath","value":"//button[@data-kt=\"addButton\"]"}
RESULT: {"using":"xpath","value":"//button[@data-kt=\"addButton\"]"}
COMMAND: POST /session/7a47d135f75b3f9dc9ed0ec43722f433/elements - {"using":"xpath","value":"//button[@data-kt=\"addButton\"]"}
RESULT: {"using":"xpath","value":"//button[@data-kt=\"addButton\"]"}
COMMAND: POST /session/7a47d135f75b3f9dc9ed0ec43722f433/elements - {"using":"xpath","value":"//button[@data-kt=\"addButton\"]"}
RESULT: {"using":"xpath","value":"//button[@data-kt=\"addButton\"]"}
COMMAND: POST /session/7a47d135f75b3f9dc9ed0ec43722f433/elements - {"using":"xpath","value":"//button[@data-kt=\"addButton\"]"}
RESULT: {"using":"xpath","value":"//button[@data-kt=\"addButton\"]"}
COMMAND: POST /session/7a47d135f75b3f9dc9ed0ec43722f433/element - {"using":"xpath","value":"//button[@data-kt=\"addButton\"]"}
RESULT: {"using":"xpath","value":"//button[@data-kt=\"addButton\"]"}
COMMAND: POST /session/7a47d135f75b3f9dc9ed0ec43722f433/execute/sync - {"script":"<script> [8489 bytes]","args":[{"element-6066-11e4-a52e-4f735466cecf":"f.EC16CDDA184DC683CEF5B04FDEE8C812.d.59971401F791468D219C420C9069A28B.e.4598","ELEMENT":"f.EC16CDDA184DC683CEF5B04FDEE8C812.d.59971401F791468D219C420C9069A28B.e.4598"}]}
RESULT: {"script":"<script> [8489 bytes]","args":[{"element-6066-11e4-a52e-4f735466cecf":"f.EC16CDDA184DC683CEF5B04FDEE8C812.d.59971401F791468D219C420C9069A28B.e.4598","ELEMENT":"f.EC16CDDA184DC683CEF5B04FDEE8C812.d.59971401F791468D219C420C9069A28B.e.4598"}]}
COMMAND: GET /session/7a47d135f75b3f9dc9ed0ec43722f433/element/f.EC16CDDA184DC683CEF5B04FDEE8C812.d.59971401F791468D219C420C9069A28B.e.4598/enabled - {}
COMMAND: GET /session/7a47d135f75b3f9dc9ed0ec43722f433/screenshot - {}
RESULT: {}
COMMAND: POST /session/7a47d135f75b3f9dc9ed0ec43722f433/execute/sync - {"script":"<script> [8489 bytes]","args":[{"element-6066-11e4-a52e-4f735466cecf":"f.EC16CDDA184DC683CEF5B04FDEE8C812.d.59971401F791468D219C420C9069A28B.e.4598","ELEMENT":"f.EC16CDDA184DC683CEF5B04FDEE8C812.d.59971401F791468D219C420C9069A28B.e.4598"}]}
COMMAND: GET /session/7a47d135f75b3f9dc9ed0ec43722f433/screenshot - {}
RESULT: {}
RESULT: {"script":"<script> [8489 bytes]","args":[{"element-6066-11e4-a52e-4f735466cecf":"f.EC16CDDA184DC683CEF5B04FDEE8C812.d.59971401F791468D219C420C9069A28B.e.4598","ELEMENT":"f.EC16CDDA184DC683CEF5B04FDEE8C812.d.59971401F791468D219C420C9069A28B.e.4598"}]}
COMMAND: POST /session/7a47d135f75b3f9dc9ed0ec43722f433/execute/sync - {"script":"<script> [5351 bytes]","args":[{"element-6066-11e4-a52e-4f735466cecf":"f.EC16CDDA184DC683CEF5B04FDEE8C812.d.59971401F791468D219C420C9069A28B.e.4598","ELEMENT":"f.EC16CDDA184DC683CEF5B04FDEE8C812.d.59971401F791468D219C420C9069A28B.e.4598"}]}
COMMAND: GET /session/7a47d135f75b3f9dc9ed0ec43722f433/screenshot - {}
RESULT: {}
RESULT: {"script":"<script> [5351 bytes]","args":[{"element-6066-11e4-a52e-4f735466cecf":"f.EC16CDDA184DC683CEF5B04FDEE8C812.d.59971401F791468D219C420C9069A28B.e.4598","ELEMENT":"f.EC16CDDA184DC683CEF5B04FDEE8C812.d.59971401F791468D219C420C9069A28B.e.4598"}]}
COMMAND: POST /session/7a47d135f75b3f9dc9ed0ec43722f433/element/f.EC16CDDA184DC683CEF5B04FDEE8C812.d.59971401F791468D219C420C9069A28B.e.4598/click - {}
COMMAND: GET /session/7a47d135f75b3f9dc9ed0ec43722f433/screenshot - {}
RESULT: {}
RESULT: {}
COMMAND: GET /session/7a47d135f75b3f9dc9ed0ec43722f433/screenshot - {}
RESULT: {}
RESULT: {}
COMMAND: POST /session/7a47d135f75b3f9dc9ed0ec43722f433/execute/async - {"script":"<script> [1562 bytes]","args":[{"selector":{"id":"application-managepartners-display-component---NewPartner--addressDetailDetailsName1","interaction":{"idSuffix":"inner"}},"wdio_ui5_key":"applicationmanagepartners-display-component---NewPartner--addressDetailDetailsName1"}]}
RESULT: {"script":"<script> [1562 bytes]","args":[{"selector":{"id":"application-managepartners-display-component---NewPartner--addressDetailDetailsName1","interaction":{"idSuffix":"inner"}},"wdio_ui5_key":"applicationmanagepartners-display-component---NewPartner--addressDetailDetailsName1"}]}
RESULT: undefined
COMMAND: POST /session/7a47d135f75b3f9dc9ed0ec43722f433/execute/async - {"script":"<script> [776 bytes]","args":[{"enterText":"Intracompany Partner WDIO","selector":{"id":"application-managepartners-display-component---NewPartner--addressDetailDetailsName1","interaction":{"idSuffix":"inner"}},"clearTextFirst":true,"interactionType":"ENTER_TEXT"}]}
RESULT: {"script":"<script> [776 bytes]","args":[{"enterText":"Intracompany Partner WDIO","selector":{"id":"application-managepartners-display-component---NewPartner--addressDetailDetailsName1","interaction":{"idSuffix":"inner"}},"clearTextFirst":true,"interactionType":"ENTER_TEXT"}]}
COMMAND: POST /session/7a47d135f75b3f9dc9ed0ec43722f433/execute/async - {"script":"<script> [1562 bytes]","args":[{"selector":{"id":"application-managepartners-display-component---NewPartner--addressDetailDetailsLanguage-arrow"},"wdio_ui5_key":"applicationmanagepartners-display-component---NewPartner--addressDetailDetailsLanguage-arrow"}]}
RESULT: {"script":"<script> [1562 bytes]","args":[{"selector":{"id":"application-managepartners-display-component---NewPartner--addressDetailDetailsLanguage-arrow"},"wdio_ui5_key":"applicationmanagepartners-display-component---NewPartner--addressDetailDetailsLanguage-arrow"}]}
RESULT: undefined
COMMAND: POST /session/7a47d135f75b3f9dc9ed0ec43722f433/element - {"using":"xpath","value":"//*[@id=\"application-managepartners-display-component---NewPartner--addressDetailDetailsLanguage-arrow\"]"}
RESULT: {"using":"xpath","value":"//*[@id=\"application-managepartners-display-component---NewPartner--addressDetailDetailsLanguage-arrow\"]"}
COMMAND: POST /session/7a47d135f75b3f9dc9ed0ec43722f433/element/f.EC16CDDA184DC683CEF5B04FDEE8C812.d.59971401F791468D219C420C9069A28B.e.5052/click - {}
RESULT: {}
COMMAND: POST /session/7a47d135f75b3f9dc9ed0ec43722f433/element - {"using":"xpath","value":"//span[contains(text(), \"English\")]"}
COMMAND: GET /session/7a47d135f75b3f9dc9ed0ec43722f433/screenshot - {}
RESULT: {"using":"xpath","value":"//span[contains(text(), \"English\")]"}
COMMAND: POST /session/7a47d135f75b3f9dc9ed0ec43722f433/element/f.EC16CDDA184DC683CEF5B04FDEE8C812.d.59971401F791468D219C420C9069A28B.e.5053/click - {}
RESULT: {}
RESULT: {}
COMMAND: GET /session/7a47d135f75b3f9dc9ed0ec43722f433/screenshot - {}
RESULT: {}
COMMAND: POST /session/7a47d135f75b3f9dc9ed0ec43722f433/execute/async - {"script":"<script> [1562 bytes]","args":[{"selector":{"id":"application-managepartners-display-component---NewPartner--addressDetailDetailsCity1","interaction":{"idSuffix":"inner"}},"wdio_ui5_key":"applicationmanagepartners-display-component---NewPartner--addressDetailDetailsCity1"}]}
RESULT: {"script":"<script> [1562 bytes]","args":[{"selector":{"id":"application-managepartners-display-component---NewPartner--addressDetailDetailsCity1","interaction":{"idSuffix":"inner"}},"wdio_ui5_key":"applicationmanagepartners-display-component---NewPartner--addressDetailDetailsCity1"}]}
RESULT: undefined
COMMAND: POST /session/7a47d135f75b3f9dc9ed0ec43722f433/execute/async - {"script":"<script> [776 bytes]","args":[{"enterText":"Rosario","selector":{"id":"application-managepartners-display-component---NewPartner--addressDetailDetailsCity1","interaction":{"idSuffix":"inner"}},"clearTextFirst":true,"interactionType":"ENTER_TEXT"}]}
RESULT: {"script":"<script> [776 bytes]","args":[{"enterText":"Rosario","selector":{"id":"application-managepartners-display-component---NewPartner--addressDetailDetailsCity1","interaction":{"idSuffix":"inner"}},"clearTextFirst":true,"interactionType":"ENTER_TEXT"}]}
COMMAND: POST /session/7a47d135f75b3f9dc9ed0ec43722f433/execute/async - {"script":"<script> [1562 bytes]","args":[{"selector":{"id":"application-managepartners-display-component---NewPartner--addressDetailDetailsCountry-arrow"},"wdio_ui5_key":"applicationmanagepartners-display-component---NewPartner--addressDetailDetailsCountry-arrow"}]}
RESULT: {"script":"<script> [1562 bytes]","args":[{"selector":{"id":"application-managepartners-display-component---NewPartner--addressDetailDetailsCountry-arrow"},"wdio_ui5_key":"applicationmanagepartners-display-component---NewPartner--addressDetailDetailsCountry-arrow"}]}
RESULT: undefined
COMMAND: POST /session/7a47d135f75b3f9dc9ed0ec43722f433/element - {"using":"xpath","value":"//*[@id=\"application-managepartners-display-component---NewPartner--addressDetailDetailsCountry-arrow\"]"}
RESULT: {"using":"xpath","value":"//*[@id=\"application-managepartners-display-component---NewPartner--addressDetailDetailsCountry-arrow\"]"}
COMMAND: POST /session/7a47d135f75b3f9dc9ed0ec43722f433/element/f.EC16CDDA184DC683CEF5B04FDEE8C812.d.59971401F791468D219C420C9069A28B.e.5039/click - {}
RESULT: {}
COMMAND: POST /session/7a47d135f75b3f9dc9ed0ec43722f433/element - {"using":"xpath","value":"//span[contains(text(), \"Argentina\")]"}
COMMAND: GET /session/7a47d135f75b3f9dc9ed0ec43722f433/screenshot - {}
RESULT: {"using":"xpath","value":"//span[contains(text(), \"Argentina\")]"}
COMMAND: POST /session/7a47d135f75b3f9dc9ed0ec43722f433/element/f.EC16CDDA184DC683CEF5B04FDEE8C812.d.59971401F791468D219C420C9069A28B.e.5055/click - {}
RESULT: {}
RESULT: {}
COMMAND: GET /session/7a47d135f75b3f9dc9ed0ec43722f433/screenshot - {}
RESULT: {}
COMMAND: POST /session/7a47d135f75b3f9dc9ed0ec43722f433/element - {"using":"xpath","value":"//bdi[contains(text(), \"Commercial\")]"}
RESULT: {"using":"xpath","value":"//bdi[contains(text(), \"Commercial\")]"}
COMMAND: POST /session/7a47d135f75b3f9dc9ed0ec43722f433/element/f.EC16CDDA184DC683CEF5B04FDEE8C812.d.59971401F791468D219C420C9069A28B.e.5056/click - {}
RESULT: {}
COMMAND: GET /session/7a47d135f75b3f9dc9ed0ec43722f433/screenshot - {}
RESULT: {}
COMMAND: POST /session/7a47d135f75b3f9dc9ed0ec43722f433/execute/async - {"script":"<script> [1562 bytes]","args":[{"selector":{"id":"application-managepartners-display-component---NewPartner--partnerDetailInternal-arrow"},"wdio_ui5_key":"applicationmanagepartners-display-component---NewPartner--partnerDetailInternal-arrow"}]}
RESULT: {"script":"<script> [1562 bytes]","args":[{"selector":{"id":"application-managepartners-display-component---NewPartner--partnerDetailInternal-arrow"},"wdio_ui5_key":"applicationmanagepartners-display-component---NewPartner--partnerDetailInternal-arrow"}]}
RESULT: undefined
COMMAND: POST /session/7a47d135f75b3f9dc9ed0ec43722f433/element - {"using":"xpath","value":"//*[@id=\"application-managepartners-display-component---NewPartner--partnerDetailInternal-arrow\"]"}
RESULT: {"using":"xpath","value":"//*[@id=\"application-managepartners-display-component---NewPartner--partnerDetailInternal-arrow\"]"}
COMMAND: POST /session/7a47d135f75b3f9dc9ed0ec43722f433/element/f.EC16CDDA184DC683CEF5B04FDEE8C812.d.59971401F791468D219C420C9069A28B.e.5062/click - {}
RESULT: {}
COMMAND: POST /session/7a47d135f75b3f9dc9ed0ec43722f433/element - {"using":"xpath","value":"//span[contains(text(), \"Affiliated company\")]"}
COMMAND: GET /session/7a47d135f75b3f9dc9ed0ec43722f433/screenshot - {}
RESULT: {"using":"xpath","value":"//span[contains(text(), \"Affiliated company\")]"}
COMMAND: POST /session/7a47d135f75b3f9dc9ed0ec43722f433/element/f.EC16CDDA184DC683CEF5B04FDEE8C812.d.59971401F791468D219C420C9069A28B.e.5063/click - {}
RESULT: {}
RESULT: {}
COMMAND: POST /session/7a47d135f75b3f9dc9ed0ec43722f433/execute/async - {"script":"<script> [1562 bytes]","args":[{"selector":{"id":"application-managepartners-display-component---NewPartner--partnerDetailsCurrency-arrow"},"wdio_ui5_key":"applicationmanagepartners-display-component---NewPartner--partnerDetailsCurrency-arrow"}]}
COMMAND: GET /session/7a47d135f75b3f9dc9ed0ec43722f433/screenshot - {}
RESULT: {"script":"<script> [1562 bytes]","args":[{"selector":{"id":"application-managepartners-display-component---NewPartner--partnerDetailsCurrency-arrow"},"wdio_ui5_key":"applicationmanagepartners-display-component---NewPartner--partnerDetailsCurrency-arrow"}]}
RESULT: undefined
COMMAND: POST /session/7a47d135f75b3f9dc9ed0ec43722f433/element - {"using":"xpath","value":"//*[@id=\"application-managepartners-display-component---NewPartner--partnerDetailsCurrency-arrow\"]"}
RESULT: {}
RESULT: {"using":"xpath","value":"//*[@id=\"application-managepartners-display-component---NewPartner--partnerDetailsCurrency-arrow\"]"}
COMMAND: POST /session/7a47d135f75b3f9dc9ed0ec43722f433/element/f.EC16CDDA184DC683CEF5B04FDEE8C812.d.59971401F791468D219C420C9069A28B.e.5070/click - {}
RESULT: {}
COMMAND: POST /session/7a47d135f75b3f9dc9ed0ec43722f433/element - {"using":"xpath","value":"//span[contains(text(), \"Euro\")]"}
COMMAND: GET /session/7a47d135f75b3f9dc9ed0ec43722f433/screenshot - {}
RESULT: {"using":"xpath","value":"//span[contains(text(), \"Euro\")]"}
COMMAND: POST /session/7a47d135f75b3f9dc9ed0ec43722f433/element/f.EC16CDDA184DC683CEF5B04FDEE8C812.d.59971401F791468D219C420C9069A28B.e.5071/click - {}
RESULT: {}
RESULT: {}
COMMAND: POST /session/7a47d135f75b3f9dc9ed0ec43722f433/execute/async - {"script":"<script> [1562 bytes]","args":[{"selector":{"id":"application-managepartners-display-component---NewPartner--addressEditDetailsCostObjectCstType-arrow"},"wdio_ui5_key":"applicationmanagepartners-display-component---NewPartner--addressEditDetailsCostObjectCstType-arrow"}]}
COMMAND: GET /session/7a47d135f75b3f9dc9ed0ec43722f433/screenshot - {}
RESULT: {"script":"<script> [1562 bytes]","args":[{"selector":{"id":"application-managepartners-display-component---NewPartner--addressEditDetailsCostObjectCstType-arrow"},"wdio_ui5_key":"applicationmanagepartners-display-component---NewPartner--addressEditDetailsCostObjectCstType-arrow"}]}
RESULT: undefined
COMMAND: POST /session/7a47d135f75b3f9dc9ed0ec43722f433/element - {"using":"xpath","value":"//*[@id=\"application-managepartners-display-component---NewPartner--addressEditDetailsCostObjectCstType-arrow\"]"}
RESULT: {}
RESULT: {"using":"xpath","value":"//*[@id=\"application-managepartners-display-component---NewPartner--addressEditDetailsCostObjectCstType-arrow\"]"}
COMMAND: POST /session/7a47d135f75b3f9dc9ed0ec43722f433/element/f.EC16CDDA184DC683CEF5B04FDEE8C812.d.59971401F791468D219C420C9069A28B.e.5072/click - {}
RESULT: {}
COMMAND: POST /session/7a47d135f75b3f9dc9ed0ec43722f433/element - {"using":"xpath","value":"//span[contains(text(), \"Cost Center\")]"}
COMMAND: GET /session/7a47d135f75b3f9dc9ed0ec43722f433/screenshot - {}
RESULT: {"using":"xpath","value":"//span[contains(text(), \"Cost Center\")]"}
COMMAND: POST /session/7a47d135f75b3f9dc9ed0ec43722f433/element/f.EC16CDDA184DC683CEF5B04FDEE8C812.d.59971401F791468D219C420C9069A28B.e.5073/click - {}
RESULT: {}
RESULT: {}
COMMAND: GET /session/7a47d135f75b3f9dc9ed0ec43722f433/screenshot - {}
RESULT: {}
COMMAND: POST /session/7a47d135f75b3f9dc9ed0ec43722f433/element - {"using":"xpath","value":"//span[@id=\"application-managepartners-display-component---NewPartner--addressNewCostObjectCstID-vhi\"]"}
RESULT: {"using":"xpath","value":"//span[@id=\"application-managepartners-display-component---NewPartner--addressNewCostObjectCstID-vhi\"]"}
COMMAND: POST /session/7a47d135f75b3f9dc9ed0ec43722f433/execute/sync - {"script":"<script> [8489 bytes]","args":[{"element-6066-11e4-a52e-4f735466cecf":"f.EC16CDDA184DC683CEF5B04FDEE8C812.d.59971401F791468D219C420C9069A28B.e.5077","ELEMENT":"f.EC16CDDA184DC683CEF5B04FDEE8C812.d.59971401F791468D219C420C9069A28B.e.5077"}]}
RESULT: {"script":"<script> [8489 bytes]","args":[{"element-6066-11e4-a52e-4f735466cecf":"f.EC16CDDA184DC683CEF5B04FDEE8C812.d.59971401F791468D219C420C9069A28B.e.5077","ELEMENT":"f.EC16CDDA184DC683CEF5B04FDEE8C812.d.59971401F791468D219C420C9069A28B.e.5077"}]}
COMMAND: POST /session/7a47d135f75b3f9dc9ed0ec43722f433/execute/async - {"script":"<script> [1562 bytes]","args":[{"selector":{"id":"application-managepartners-display-component---NewPartner--addressNewCostObjectCstID-vhi"},"wdio_ui5_key":"applicationmanagepartners-display-component---NewPartner--addressNewCostObjectCstID-vhi"}]}
COMMAND: GET /session/7a47d135f75b3f9dc9ed0ec43722f433/screenshot - {}
RESULT: {"script":"<script> [1562 bytes]","args":[{"selector":{"id":"application-managepartners-display-component---NewPartner--addressNewCostObjectCstID-vhi"},"wdio_ui5_key":"applicationmanagepartners-display-component---NewPartner--addressNewCostObjectCstID-vhi"}]}
RESULT: undefined
COMMAND: POST /session/7a47d135f75b3f9dc9ed0ec43722f433/element - {"using":"xpath","value":"//*[@id=\"application-managepartners-display-component---NewPartner--addressNewCostObjectCstID-vhi\"]"}
RESULT: {}
RESULT: {"using":"xpath","value":"//*[@id=\"application-managepartners-display-component---NewPartner--addressNewCostObjectCstID-vhi\"]"}
COMMAND: POST /session/7a47d135f75b3f9dc9ed0ec43722f433/element/f.EC16CDDA184DC683CEF5B04FDEE8C812.d.59971401F791468D219C420C9069A28B.e.5077/click - {}
RESULT: {}
COMMAND: GET /session/7a47d135f75b3f9dc9ed0ec43722f433/screenshot - {}
RESULT: {}
COMMAND: POST /session/7a47d135f75b3f9dc9ed0ec43722f433/execute/async - {"script":"<script> [1562 bytes]","args":[{"selector":{"controlType":"sap.m.SearchField","properties":{"placeholder":"Search"},"searchOpenDialogs":true,"interaction":{"idSuffix":"I"}},"wdio_ui5_key":"sapm.SearchField{\"placeholder\":\"Search\"}"}]}
RESULT: {"script":"<script> [1562 bytes]","args":[{"selector":{"controlType":"sap.m.SearchField","properties":{"placeholder":"Search"},"searchOpenDialogs":true,"interaction":{"idSuffix":"I"}},"wdio_ui5_key":"sapm.SearchField{\"placeholder\":\"Search\"}"}]}
RESULT: undefined
COMMAND: POST /session/7a47d135f75b3f9dc9ed0ec43722f433/execute/async - {"script":"<script> [776 bytes]","args":[{"enterText":"10001013","selector":{"controlType":"sap.m.SearchField","properties":{"placeholder":"Search"},"searchOpenDialogs":true,"interaction":{"idSuffix":"I"}},"clearTextFirst":true,"interactionType":"ENTER_TEXT"}]}
RESULT: {"script":"<script> [776 bytes]","args":[{"enterText":"10001013","selector":{"controlType":"sap.m.SearchField","properties":{"placeholder":"Search"},"searchOpenDialogs":true,"interaction":{"idSuffix":"I"}},"clearTextFirst":true,"interactionType":"ENTER_TEXT"}]}
COMMAND: POST /session/7a47d135f75b3f9dc9ed0ec43722f433/actions - {"actions":[{"id":"action12","type":"key","parameters":{},"actions":[{"type":"keyDown","value":"î€‡"},{"type":"pause","duration":10},{"type":"keyUp","value":"î€‡"}]}]}
RESULT: {"actions":[{"id":"action12","type":"key","parameters":{},"actions":[{"type":"keyDown","value":"î€‡"},{"type":"pause","duration":10},{"type":"keyUp","value":"î€‡"}]}]}
COMMAND: GET /session/7a47d135f75b3f9dc9ed0ec43722f433/screenshot - {}
RESULT: {}
COMMAND: POST /session/7a47d135f75b3f9dc9ed0ec43722f433/element - {"using":"xpath","value":"//span[contains(text(), \"General Management\")]"}
RESULT: {"using":"xpath","value":"//span[contains(text(), \"General Management\")]"}
COMMAND: POST /session/7a47d135f75b3f9dc9ed0ec43722f433/element/f.EC16CDDA184DC683CEF5B04FDEE8C812.d.59971401F791468D219C420C9069A28B.e.5119/click - {}
RESULT: {}
COMMAND: GET /session/7a47d135f75b3f9dc9ed0ec43722f433/screenshot - {}
RESULT: {}
COMMAND: POST /session/7a47d135f75b3f9dc9ed0ec43722f433/element - {"using":"xpath","value":"//bdi[contains(text(), \"OK\")]"}
RESULT: {"using":"xpath","value":"//bdi[contains(text(), \"OK\")]"}
COMMAND: POST /session/7a47d135f75b3f9dc9ed0ec43722f433/element/f.EC16CDDA184DC683CEF5B04FDEE8C812.d.59971401F791468D219C420C9069A28B.e.5120/click - {}
RESULT: {}
COMMAND: GET /session/7a47d135f75b3f9dc9ed0ec43722f433/screenshot - {}
RESULT: {}
COMMAND: POST /session/7a47d135f75b3f9dc9ed0ec43722f433/element - {"using":"xpath","value":"//input[@id=\"application-managepartners-display-component---NewPartner--companyCodeComboBox-inner\"]"}
RESULT: {"using":"xpath","value":"//input[@id=\"application-managepartners-display-component---NewPartner--companyCodeComboBox-inner\"]"}
COMMAND: POST /session/7a47d135f75b3f9dc9ed0ec43722f433/element/f.EC16CDDA184DC683CEF5B04FDEE8C812.d.59971401F791468D219C420C9069A28B.e.4873/clear - {}
RESULT: {}
COMMAND: POST /session/7a47d135f75b3f9dc9ed0ec43722f433/element/f.EC16CDDA184DC683CEF5B04FDEE8C812.d.59971401F791468D219C420C9069A28B.e.4873/value - {"text":"1000"}
COMMAND: GET /session/7a47d135f75b3f9dc9ed0ec43722f433/screenshot - {}
RESULT: {"text":"1000"}
COMMAND: GET /session/7a47d135f75b3f9dc9ed0ec43722f433/screenshot - {}
RESULT: {}
RESULT: {}
COMMAND: POST /session/7a47d135f75b3f9dc9ed0ec43722f433/element - {"using":"xpath","value":"//li[.//span[text()= \"1000\"]]"}
RESULT: {"using":"xpath","value":"//li[.//span[text()= \"1000\"]]"}
COMMAND: POST /session/7a47d135f75b3f9dc9ed0ec43722f433/element/f.EC16CDDA184DC683CEF5B04FDEE8C812.d.59971401F791468D219C420C9069A28B.e.5126/click - {}
RESULT: {}
COMMAND: GET /session/7a47d135f75b3f9dc9ed0ec43722f433/screenshot - {}
RESULT: {}
COMMAND: POST /session/7a47d135f75b3f9dc9ed0ec43722f433/execute/async - {"script":"<script> [1562 bytes]","args":[{"selector":{"id":"application-managepartners-display-component---NewPartner--btnAddTableRow-img"},"wdio_ui5_key":"applicationmanagepartners-display-component---NewPartner--btnAddTableRow-img"}]}
RESULT: {"script":"<script> [1562 bytes]","args":[{"selector":{"id":"application-managepartners-display-component---NewPartner--btnAddTableRow-img"},"wdio_ui5_key":"applicationmanagepartners-display-component---NewPartner--btnAddTableRow-img"}]}
RESULT: undefined
COMMAND: POST /session/7a47d135f75b3f9dc9ed0ec43722f433/element - {"using":"xpath","value":"//*[@id=\"application-managepartners-display-component---NewPartner--btnAddTableRow-img\"]"}
RESULT: {"using":"xpath","value":"//*[@id=\"application-managepartners-display-component---NewPartner--btnAddTableRow-img\"]"}
COMMAND: POST /session/7a47d135f75b3f9dc9ed0ec43722f433/element/f.EC16CDDA184DC683CEF5B04FDEE8C812.d.59971401F791468D219C420C9069A28B.e.5127/click - {}
RESULT: {}
COMMAND: GET /session/7a47d135f75b3f9dc9ed0ec43722f433/screenshot - {}
RESULT: {}
COMMAND: POST /session/7a47d135f75b3f9dc9ed0ec43722f433/element - {"using":"xpath","value":"//input[@id=\"application-managepartners-display-component---NewPartner--assignmentYard-application-managepartners-display-component---NewPartner--assignmentsTable-0-inner\"]"}
RESULT: {"using":"xpath","value":"//input[@id=\"application-managepartners-display-component---NewPartner--assignmentYard-application-managepartners-display-component---NewPartner--assignmentsTable-0-inner\"]"}
COMMAND: POST /session/7a47d135f75b3f9dc9ed0ec43722f433/element/f.EC16CDDA184DC683CEF5B04FDEE8C812.d.59971401F791468D219C420C9069A28B.e.5130/clear - {}
RESULT: {}
COMMAND: POST /session/7a47d135f75b3f9dc9ed0ec43722f433/element/f.EC16CDDA184DC683CEF5B04FDEE8C812.d.59971401F791468D219C420C9069A28B.e.5130/value - {"text":"601"}
COMMAND: GET /session/7a47d135f75b3f9dc9ed0ec43722f433/screenshot - {}
RESULT: {"text":"601"}
COMMAND: GET /session/7a47d135f75b3f9dc9ed0ec43722f433/screenshot - {}
RESULT: {}
RESULT: {}
COMMAND: POST /session/7a47d135f75b3f9dc9ed0ec43722f433/element - {"using":"xpath","value":"//li[.//span[text()='601']]"}
RESULT: {"using":"xpath","value":"//li[.//span[text()='601']]"}
COMMAND: POST /session/7a47d135f75b3f9dc9ed0ec43722f433/element/f.EC16CDDA184DC683CEF5B04FDEE8C812.d.59971401F791468D219C420C9069A28B.e.5139/click - {}
RESULT: {}
COMMAND: GET /session/7a47d135f75b3f9dc9ed0ec43722f433/screenshot - {}
RESULT: {}
COMMAND: POST /session/7a47d135f75b3f9dc9ed0ec43722f433/actions - {"actions":[{"id":"action13","type":"key","parameters":{},"actions":[{"type":"keyDown","value":"î€‡"},{"type":"pause","duration":10},{"type":"keyUp","value":"î€‡"}]}]}
RESULT: {"actions":[{"id":"action13","type":"key","parameters":{},"actions":[{"type":"keyDown","value":"î€‡"},{"type":"pause","duration":10},{"type":"keyUp","value":"î€‡"}]}]}
COMMAND: POST /session/7a47d135f75b3f9dc9ed0ec43722f433/execute/async - {"script":"<script> [1562 bytes]","args":[{"selector":{"id":"application-managepartners-display-component---NewPartner--externalCustomerComboBox-application-managepartners-display-component---NewPartner--assignmentsTable-0-vhi"},"wdio_ui5_key":"applicationmanagepartners-display-component---NewPartner--externalCustomerComboBox-application-managepartners-display-component---NewPartner--assignmentsTable-0-vhi"}]}
COMMAND: GET /session/7a47d135f75b3f9dc9ed0ec43722f433/screenshot - {}
RESULT: {"script":"<script> [1562 bytes]","args":[{"selector":{"id":"application-managepartners-display-component---NewPartner--externalCustomerComboBox-application-managepartners-display-component---NewPartner--assignmentsTable-0-vhi"},"wdio_ui5_key":"applicationmanagepartners-display-component---NewPartner--externalCustomerComboBox-application-managepartners-display-component---NewPartner--assignmentsTable-0-vhi"}]}
RESULT: undefined
COMMAND: POST /session/7a47d135f75b3f9dc9ed0ec43722f433/element - {"using":"xpath","value":"//*[@id=\"application-managepartners-display-component---NewPartner--externalCustomerComboBox-application-managepartners-display-component---NewPartner--assignmentsTable-0-vhi\"]"}
RESULT: {}
RESULT: {"using":"xpath","value":"//*[@id=\"application-managepartners-display-component---NewPartner--externalCustomerComboBox-application-managepartners-display-component---NewPartner--assignmentsTable-0-vhi\"]"}
COMMAND: POST /session/7a47d135f75b3f9dc9ed0ec43722f433/element/f.EC16CDDA184DC683CEF5B04FDEE8C812.d.59971401F791468D219C420C9069A28B.e.5143/click - {}
RESULT: {}
RESULT: undefined
COMMAND: POST /session/7a47d135f75b3f9dc9ed0ec43722f433/execute/async - {"script":"<script> [776 bytes]","args":[{"enterText":"300003","selector":{"controlType":"sap.m.SearchField","properties":{"placeholder":"Search"},"searchOpenDialogs":true,"interaction":{"idSuffix":"I"}},"clearTextFirst":true,"interactionType":"ENTER_TEXT"}]}
COMMAND: GET /session/7a47d135f75b3f9dc9ed0ec43722f433/screenshot - {}
RESULT: {"script":"<script> [776 bytes]","args":[{"enterText":"300003","selector":{"controlType":"sap.m.SearchField","properties":{"placeholder":"Search"},"searchOpenDialogs":true,"interaction":{"idSuffix":"I"}},"clearTextFirst":true,"interactionType":"ENTER_TEXT"}]}
COMMAND: POST /session/7a47d135f75b3f9dc9ed0ec43722f433/actions - {"actions":[{"id":"action14","type":"key","parameters":{},"actions":[{"type":"keyDown","value":"î€‡"},{"type":"pause","duration":10},{"type":"keyUp","value":"î€‡"}]}]}
RESULT: {}
RESULT: {"actions":[{"id":"action14","type":"key","parameters":{},"actions":[{"type":"keyDown","value":"î€‡"},{"type":"pause","duration":10},{"type":"keyUp","value":"î€‡"}]}]}
COMMAND: GET /session/7a47d135f75b3f9dc9ed0ec43722f433/screenshot - {}
RESULT: {}
COMMAND: POST /session/7a47d135f75b3f9dc9ed0ec43722f433/element - {"using":"xpath","value":"//span[contains(text(), \"300003\")]"}
RESULT: {"using":"xpath","value":"//span[contains(text(), \"300003\")]"}
COMMAND: POST /session/7a47d135f75b3f9dc9ed0ec43722f433/element/f.EC16CDDA184DC683CEF5B04FDEE8C812.d.59971401F791468D219C420C9069A28B.e.5162/click - {}
RESULT: {}
COMMAND: GET /session/7a47d135f75b3f9dc9ed0ec43722f433/screenshot - {}
RESULT: {}
COMMAND: POST /session/7a47d135f75b3f9dc9ed0ec43722f433/element - {"using":"xpath","value":"//bdi[contains(text(), \"OK\")]"}
RESULT: {"using":"xpath","value":"//bdi[contains(text(), \"OK\")]"}
COMMAND: POST /session/7a47d135f75b3f9dc9ed0ec43722f433/element/f.EC16CDDA184DC683CEF5B04FDEE8C812.d.59971401F791468D219C420C9069A28B.e.5164/click - {}
RESULT: {}
COMMAND: GET /session/7a47d135f75b3f9dc9ed0ec43722f433/screenshot - {}
RESULT: {}
COMMAND: POST /session/7a47d135f75b3f9dc9ed0ec43722f433/execute/async - {"script":"<script> [1562 bytes]","args":[{"selector":{"id":"application-managepartners-display-component---NewPartner--intercompVendorComboBox-application-managepartners-display-component---NewPartner--assignmentsTable-0-vhi"},"wdio_ui5_key":"applicationmanagepartners-display-component---NewPartner--intercompVendorComboBox-application-managepartners-display-component---NewPartner--assignmentsTable-0-vhi"}]}
RESULT: {"script":"<script> [1562 bytes]","args":[{"selector":{"id":"application-managepartners-display-component---NewPartner--intercompVendorComboBox-application-managepartners-display-component---NewPartner--assignmentsTable-0-vhi"},"wdio_ui5_key":"applicationmanagepartners-display-component---NewPartner--intercompVendorComboBox-application-managepartners-display-component---NewPartner--assignmentsTable-0-vhi"}]}
RESULT: undefined
COMMAND: POST /session/7a47d135f75b3f9dc9ed0ec43722f433/element - {"using":"xpath","value":"//*[@id=\"application-managepartners-display-component---NewPartner--intercompVendorComboBox-application-managepartners-display-component---NewPartner--assignmentsTable-0-vhi\"]"}
RESULT: {"using":"xpath","value":"//*[@id=\"application-managepartners-display-component---NewPartner--intercompVendorComboBox-application-managepartners-display-component---NewPartner--assignmentsTable-0-vhi\"]"}
COMMAND: POST /session/7a47d135f75b3f9dc9ed0ec43722f433/element/f.EC16CDDA184DC683CEF5B04FDEE8C812.d.59971401F791468D219C420C9069A28B.e.5167/click - {}
RESULT: {}
RESULT: undefined
COMMAND: POST /session/7a47d135f75b3f9dc9ed0ec43722f433/execute/async - {"script":"<script> [776 bytes]","args":[{"enterText":"100005","selector":{"controlType":"sap.m.SearchField","properties":{"placeholder":"Search"},"searchOpenDialogs":true,"interaction":{"idSuffix":"I"}},"clearTextFirst":true,"interactionType":"ENTER_TEXT"}]}
COMMAND: GET /session/7a47d135f75b3f9dc9ed0ec43722f433/screenshot - {}
RESULT: {"script":"<script> [776 bytes]","args":[{"enterText":"100005","selector":{"controlType":"sap.m.SearchField","properties":{"placeholder":"Search"},"searchOpenDialogs":true,"interaction":{"idSuffix":"I"}},"clearTextFirst":true,"interactionType":"ENTER_TEXT"}]}
COMMAND: POST /session/7a47d135f75b3f9dc9ed0ec43722f433/actions - {"actions":[{"id":"action15","type":"key","parameters":{},"actions":[{"type":"keyDown","value":"î€‡"},{"type":"pause","duration":10},{"type":"keyUp","value":"î€‡"}]}]}
RESULT: {}
RESULT: {"actions":[{"id":"action15","type":"key","parameters":{},"actions":[{"type":"keyDown","value":"î€‡"},{"type":"pause","duration":10},{"type":"keyUp","value":"î€‡"}]}]}
COMMAND: GET /session/7a47d135f75b3f9dc9ed0ec43722f433/screenshot - {}
RESULT: {}
COMMAND: POST /session/7a47d135f75b3f9dc9ed0ec43722f433/element - {"using":"xpath","value":"//span[contains(text(), \"Penguins - Field/12345 Berlin\")]"}
RESULT: {"using":"xpath","value":"//span[contains(text(), \"Penguins - Field/12345 Berlin\")]"}
COMMAND: POST /session/7a47d135f75b3f9dc9ed0ec43722f433/element/f.EC16CDDA184DC683CEF5B04FDEE8C812.d.59971401F791468D219C420C9069A28B.e.5185/click - {}
RESULT: {}
COMMAND: GET /session/7a47d135f75b3f9dc9ed0ec43722f433/screenshot - {}
RESULT: {}
COMMAND: POST /session/7a47d135f75b3f9dc9ed0ec43722f433/element - {"using":"xpath","value":"//bdi[contains(text(), \"OK\")]"}
RESULT: {"using":"xpath","value":"//bdi[contains(text(), \"OK\")]"}
COMMAND: POST /session/7a47d135f75b3f9dc9ed0ec43722f433/element/f.EC16CDDA184DC683CEF5B04FDEE8C812.d.59971401F791468D219C420C9069A28B.e.5186/click - {}
RESULT: {}
COMMAND: GET /session/7a47d135f75b3f9dc9ed0ec43722f433/screenshot - {}
RESULT: {}
COMMAND: POST /session/7a47d135f75b3f9dc9ed0ec43722f433/element - {"using":"xpath","value":"//button[@data-kt=\"saveButton\"]"}
RESULT: {"using":"xpath","value":"//button[@data-kt=\"saveButton\"]"}
COMMAND: POST /session/7a47d135f75b3f9dc9ed0ec43722f433/element/f.EC16CDDA184DC683CEF5B04FDEE8C812.d.59971401F791468D219C420C9069A28B.e.4954/click - {}
RESULT: {}
COMMAND: GET /session/7a47d135f75b3f9dc9ed0ec43722f433/screenshot - {}
RESULT: {}
COMMAND: POST /session/7a47d135f75b3f9dc9ed0ec43722f433/element - {"using":"xpath","value":"//header[contains(@id, 'ObjectPageLayout-headerTitle')]/div[1]/div[2]/div[2]/span[1]"}
RESULT: {"using":"xpath","value":"//header[contains(@id, 'ObjectPageLayout-headerTitle')]/div[1]/div[2]/div[2]/span[1]"}
COMMAND: POST /session/7a47d135f75b3f9dc9ed0ec43722f433/elements - {"using":"xpath","value":"//header[contains(@id, 'ObjectPageLayout-headerTitle')]/div[1]/div[2]/div[2]/span[1]"}
RESULT: {"using":"xpath","value":"//header[contains(@id, 'ObjectPageLayout-headerTitle')]/div[1]/div[2]/div[2]/span[1]"}
COMMAND: POST /session/7a47d135f75b3f9dc9ed0ec43722f433/execute/sync - {"script":"<script> [56 bytes]","args":[{"element-6066-11e4-a52e-4f735466cecf":"f.EC16CDDA184DC683CEF5B04FDEE8C812.d.59971401F791468D219C420C9069A28B.e.5350","ELEMENT":"f.EC16CDDA184DC683CEF5B04FDEE8C812.d.59971401F791468D219C420C9069A28B.e.5350"}]}
RESULT: {"script":"<script> [56 bytes]","args":[{"element-6066-11e4-a52e-4f735466cecf":"f.EC16CDDA184DC683CEF5B04FDEE8C812.d.59971401F791468D219C420C9069A28B.e.5350","ELEMENT":"f.EC16CDDA184DC683CEF5B04FDEE8C812.d.59971401F791468D219C420C9069A28B.e.5350"}]}
COMMAND: POST /session/7a47d135f75b3f9dc9ed0ec43722f433/element - {"using":"css selector","value":"#shell-header-logo"}
COMMAND: GET /session/7a47d135f75b3f9dc9ed0ec43722f433/screenshot - {}
RESULT: {"using":"css selector","value":"#shell-header-logo"}
COMMAND: POST /session/7a47d135f75b3f9dc9ed0ec43722f433/element/f.EC16CDDA184DC683CEF5B04FDEE8C812.d.59971401F791468D219C420C9069A28B.e.4563/click - {}
RESULT: {}
RESULT: {}
COMMAND: GET /session/7a47d135f75b3f9dc9ed0ec43722f433/screenshot - {}
RESULT: {}
COMMAND: POST /session/7a47d135f75b3f9dc9ed0ec43722f433/execute/sync - {"script":"<script> [299 bytes]","args":[["getModel","getResource"]]}
RESULT: {"script":"<script> [299 bytes]","args":[["getModel","getResource"]]}
RESULT: undefined
COMMAND: POST /session/7a47d135f75b3f9dc9ed0ec43722f433/element - {"using":"xpath","value":"//*[@id=\"__tile30\"]"}
COMMAND: GET /session/7a47d135f75b3f9dc9ed0ec43722f433/screenshot - {}
RESULT: {"using":"xpath","value":"//*[@id=\"__tile30\"]"}
COMMAND: POST /session/7a47d135f75b3f9dc9ed0ec43722f433/element/f.EC16CDDA184DC683CEF5B04FDEE8C812.d.59971401F791468D219C420C9069A28B.e.4483/click - {}
RESULT: {}
RESULT: {}
COMMAND: GET /session/7a47d135f75b3f9dc9ed0ec43722f433/screenshot - {}
RESULT: {}
COMMAND: POST /session/7a47d135f75b3f9dc9ed0ec43722f433/elements - {"using":"xpath","value":"//span[text()='Error']"}
RESULT: {"using":"xpath","value":"//span[text()='Error']"}
COMMAND: POST /session/7a47d135f75b3f9dc9ed0ec43722f433/element - {"using":"xpath","value":"//button[@data-kt=\"addButton\"]"}
RESULT: {"using":"xpath","value":"//button[@data-kt=\"addButton\"]"}
COMMAND: POST /session/7a47d135f75b3f9dc9ed0ec43722f433/elements - {"using":"xpath","value":"//button[@data-kt=\"addButton\"]"}
RESULT: {"using":"xpath","value":"//button[@data-kt=\"addButton\"]"}
COMMAND: POST /session/7a47d135f75b3f9dc9ed0ec43722f433/execute/sync - {"script":"<script> [8489 bytes]","args":[{"element-6066-11e4-a52e-4f735466cecf":"f.EC16CDDA184DC683CEF5B04FDEE8C812.d.59971401F791468D219C420C9069A28B.e.5397","ELEMENT":"f.EC16CDDA184DC683CEF5B04FDEE8C812.d.59971401F791468D219C420C9069A28B.e.5397"}]}
RESULT: {"script":"<script> [8489 bytes]","args":[{"element-6066-11e4-a52e-4f735466cecf":"f.EC16CDDA184DC683CEF5B04FDEE8C812.d.59971401F791468D219C420C9069A28B.e.5397","ELEMENT":"f.EC16CDDA184DC683CEF5B04FDEE8C812.d.59971401F791468D219C420C9069A28B.e.5397"}]}
COMMAND: GET /session/7a47d135f75b3f9dc9ed0ec43722f433/element/f.EC16CDDA184DC683CEF5B04FDEE8C812.d.59971401F791468D219C420C9069A28B.e.5397/enabled - {}
COMMAND: GET /session/7a47d135f75b3f9dc9ed0ec43722f433/screenshot - {}
RESULT: {}
COMMAND: POST /session/7a47d135f75b3f9dc9ed0ec43722f433/execute/sync - {"script":"<script> [8489 bytes]","args":[{"element-6066-11e4-a52e-4f735466cecf":"f.EC16CDDA184DC683CEF5B04FDEE8C812.d.59971401F791468D219C420C9069A28B.e.5397","ELEMENT":"f.EC16CDDA184DC683CEF5B04FDEE8C812.d.59971401F791468D219C420C9069A28B.e.5397"}]}
COMMAND: GET /session/7a47d135f75b3f9dc9ed0ec43722f433/screenshot - {}
RESULT: {}
RESULT: {"script":"<script> [8489 bytes]","args":[{"element-6066-11e4-a52e-4f735466cecf":"f.EC16CDDA184DC683CEF5B04FDEE8C812.d.59971401F791468D219C420C9069A28B.e.5397","ELEMENT":"f.EC16CDDA184DC683CEF5B04FDEE8C812.d.59971401F791468D219C420C9069A28B.e.5397"}]}
COMMAND: POST /session/7a47d135f75b3f9dc9ed0ec43722f433/execute/sync - {"script":"<script> [5351 bytes]","args":[{"element-6066-11e4-a52e-4f735466cecf":"f.EC16CDDA184DC683CEF5B04FDEE8C812.d.59971401F791468D219C420C9069A28B.e.5397","ELEMENT":"f.EC16CDDA184DC683CEF5B04FDEE8C812.d.59971401F791468D219C420C9069A28B.e.5397"}]}
COMMAND: GET /session/7a47d135f75b3f9dc9ed0ec43722f433/screenshot - {}
RESULT: {}
RESULT: {"script":"<script> [5351 bytes]","args":[{"element-6066-11e4-a52e-4f735466cecf":"f.EC16CDDA184DC683CEF5B04FDEE8C812.d.59971401F791468D219C420C9069A28B.e.5397","ELEMENT":"f.EC16CDDA184DC683CEF5B04FDEE8C812.d.59971401F791468D219C420C9069A28B.e.5397"}]}
COMMAND: GET /session/7a47d135f75b3f9dc9ed0ec43722f433/screenshot - {}
RESULT: {}
RESULT: {}
COMMAND: POST /session/7a47d135f75b3f9dc9ed0ec43722f433/execute/async - {"script":"<script> [1562 bytes]","args":[{"selector":{"id":"application-managepartners-display-component---masterPtm--smartFilterBar-btnBasicSearch","interaction":{"idSuffix":"I"}},"wdio_ui5_key":"applicationmanagepartners-display-component---masterPtm--smartFilterBar-btnBasicSearch"}]}
RESULT: {"script":"<script> [1562 bytes]","args":[{"selector":{"id":"application-managepartners-display-component---masterPtm--smartFilterBar-btnBasicSearch","interaction":{"idSuffix":"I"}},"wdio_ui5_key":"applicationmanagepartners-display-component---masterPtm--smartFilterBar-btnBasicSearch"}]}
RESULT: undefined
COMMAND: POST /session/7a47d135f75b3f9dc9ed0ec43722f433/execute/async - {"script":"<script> [776 bytes]","args":[{"enterText":"1373","selector":{"id":"application-managepartners-display-component---masterPtm--smartFilterBar-btnBasicSearch","interaction":{"idSuffix":"I"}},"clearTextFirst":true,"interactionType":"ENTER_TEXT"}]}
RESULT: {"script":"<script> [776 bytes]","args":[{"enterText":"1373","selector":{"id":"application-managepartners-display-component---masterPtm--smartFilterBar-btnBasicSearch","interaction":{"idSuffix":"I"}},"clearTextFirst":true,"interactionType":"ENTER_TEXT"}]}
COMMAND: POST /session/7a47d135f75b3f9dc9ed0ec43722f433/actions - {"actions":[{"id":"action16","type":"key","parameters":{},"actions":[{"type":"keyDown","value":"î€‡"},{"type":"pause","duration":10},{"type":"keyUp","value":"î€‡"}]}]}
RESULT: {"actions":[{"id":"action16","type":"key","parameters":{},"actions":[{"type":"keyDown","value":"î€‡"},{"type":"pause","duration":10},{"type":"keyUp","value":"î€‡"}]}]}
COMMAND: GET /session/7a47d135f75b3f9dc9ed0ec43722f433/screenshot - {}
RESULT: {}
COMMAND: POST /session/7a47d135f75b3f9dc9ed0ec43722f433/elements - {"using":"xpath","value":"//table[contains(@id, \"customPartnersTable-listUl\")]/tbody/tr"}
RESULT: {"using":"xpath","value":"//table[contains(@id, \"customPartnersTable-listUl\")]/tbody/tr"}
COMMAND: POST /session/7a47d135f75b3f9dc9ed0ec43722f433/element - {"using":"xpath","value":"//table[contains(@id, \"customPartnersTable-listUl\")]/tbody/tr[1]/td[3]/span"}
RESULT: {"using":"xpath","value":"//table[contains(@id, \"customPartnersTable-listUl\")]/tbody/tr[1]/td[3]/span"}
COMMAND: POST /session/7a47d135f75b3f9dc9ed0ec43722f433/elements - {"using":"xpath","value":"//table[contains(@id, \"customPartnersTable-listUl\")]/tbody/tr[1]/td[3]/span"}
RESULT: {"using":"xpath","value":"//table[contains(@id, \"customPartnersTable-listUl\")]/tbody/tr[1]/td[3]/span"}
COMMAND: POST /session/7a47d135f75b3f9dc9ed0ec43722f433/execute/sync - {"script":"<script> [56 bytes]","args":[{"element-6066-11e4-a52e-4f735466cecf":"f.EC16CDDA184DC683CEF5B04FDEE8C812.d.59971401F791468D219C420C9069A28B.e.5533","ELEMENT":"f.EC16CDDA184DC683CEF5B04FDEE8C812.d.59971401F791468D219C420C9069A28B.e.5533"}]}
RESULT: {"script":"<script> [56 bytes]","args":[{"element-6066-11e4-a52e-4f735466cecf":"f.EC16CDDA184DC683CEF5B04FDEE8C812.d.59971401F791468D219C420C9069A28B.e.5533","ELEMENT":"f.EC16CDDA184DC683CEF5B04FDEE8C812.d.59971401F791468D219C420C9069A28B.e.5533"}]}
COMMAND: POST /session/7a47d135f75b3f9dc9ed0ec43722f433/element - {"using":"xpath","value":"(//span[contains(@id, \"imgNav\")])[1]"}
COMMAND: GET /session/7a47d135f75b3f9dc9ed0ec43722f433/screenshot - {}
RESULT: {"using":"xpath","value":"(//span[contains(@id, \"imgNav\")])[1]"}
COMMAND: POST /session/7a47d135f75b3f9dc9ed0ec43722f433/element/f.EC16CDDA184DC683CEF5B04FDEE8C812.d.59971401F791468D219C420C9069A28B.e.5531/click - {}
RESULT: {}
RESULT: {}
COMMAND: GET /session/7a47d135f75b3f9dc9ed0ec43722f433/screenshot - {}
COMMAND: POST /session/7a47d135f75b3f9dc9ed0ec43722f433/element - {"using":"xpath","value":"//bdi[contains(text(), \"Edit\")]"}
RESULT: {}
RESULT: {"using":"xpath","value":"//bdi[contains(text(), \"Edit\")]"}
COMMAND: POST /session/7a47d135f75b3f9dc9ed0ec43722f433/element/f.EC16CDDA184DC683CEF5B04FDEE8C812.d.59971401F791468D219C420C9069A28B.e.5674/click - {}
RESULT: {}
COMMAND: GET /session/7a47d135f75b3f9dc9ed0ec43722f433/screenshot - {}
RESULT: {}
COMMAND: POST /session/7a47d135f75b3f9dc9ed0ec43722f433/execute/async - {"script":"<script> [1562 bytes]","args":[{"selector":{"controlType":"sap.m.Input","viewName":"etm.portal.ui.managepartners.view.EditDetail","labelFor":{"text":"Name"},"interaction":{"idSuffix":"inner"}},"wdio_ui5_key":"etmportal.ui.managepartners.view.EditDetailsap.m.Input{\"text\":\"Name\"}"}]}
RESULT: {"script":"<script> [1562 bytes]","args":[{"selector":{"controlType":"sap.m.Input","viewName":"etm.portal.ui.managepartners.view.EditDetail","labelFor":{"text":"Name"},"interaction":{"idSuffix":"inner"}},"wdio_ui5_key":"etmportal.ui.managepartners.view.EditDetailsap.m.Input{\"text\":\"Name\"}"}]}
RESULT: undefined
COMMAND: POST /session/7a47d135f75b3f9dc9ed0ec43722f433/execute/async - {"script":"<script> [776 bytes]","args":[{"enterText":"Intracompany EDIT","selector":{"controlType":"sap.m.Input","viewName":"etm.portal.ui.managepartners.view.EditDetail","labelFor":{"text":"Name"},"interaction":{"idSuffix":"inner"}},"clearTextFirst":true,"interactionType":"ENTER_TEXT"}]}
RESULT: {"script":"<script> [776 bytes]","args":[{"enterText":"Intracompany EDIT","selector":{"controlType":"sap.m.Input","viewName":"etm.portal.ui.managepartners.view.EditDetail","labelFor":{"text":"Name"},"interaction":{"idSuffix":"inner"}},"clearTextFirst":true,"interactionType":"ENTER_TEXT"}]}
COMMAND: POST /session/7a47d135f75b3f9dc9ed0ec43722f433/element - {"using":"xpath","value":"(//span[contains(@id,\"addressDetailDetailsLanguage-arrow\")])[1]"}
RESULT: {"using":"xpath","value":"(//span[contains(@id,\"addressDetailDetailsLanguage-arrow\")])[1]"}
COMMAND: POST /session/7a47d135f75b3f9dc9ed0ec43722f433/element/f.EC16CDDA184DC683CEF5B04FDEE8C812.d.59971401F791468D219C420C9069A28B.e.5756/click - {}
RESULT: {}
COMMAND: POST /session/7a47d135f75b3f9dc9ed0ec43722f433/element - {"using":"xpath","value":"//span[contains(text(), \"Chinese\")]"}
COMMAND: GET /session/7a47d135f75b3f9dc9ed0ec43722f433/screenshot - {}
RESULT: {"using":"xpath","value":"//span[contains(text(), \"Chinese\")]"}
COMMAND: POST /session/7a47d135f75b3f9dc9ed0ec43722f433/element/f.EC16CDDA184DC683CEF5B04FDEE8C812.d.59971401F791468D219C420C9069A28B.e.5757/click - {}
RESULT: {}
RESULT: {}
COMMAND: GET /session/7a47d135f75b3f9dc9ed0ec43722f433/screenshot - {}
RESULT: {}
COMMAND: POST /session/7a47d135f75b3f9dc9ed0ec43722f433/execute/async - {"script":"<script> [1562 bytes]","args":[{"selector":{"controlType":"sap.m.Input","viewName":"etm.portal.ui.managepartners.view.EditDetail","labelFor":{"text":"City"},"interaction":{"idSuffix":"inner"}},"wdio_ui5_key":"etmportal.ui.managepartners.view.EditDetailsap.m.Input{\"text\":\"City\"}"}]}
RESULT: {"script":"<script> [1562 bytes]","args":[{"selector":{"controlType":"sap.m.Input","viewName":"etm.portal.ui.managepartners.view.EditDetail","labelFor":{"text":"City"},"interaction":{"idSuffix":"inner"}},"wdio_ui5_key":"etmportal.ui.managepartners.view.EditDetailsap.m.Input{\"text\":\"City\"}"}]}
RESULT: undefined
COMMAND: POST /session/7a47d135f75b3f9dc9ed0ec43722f433/execute/async - {"script":"<script> [776 bytes]","args":[{"enterText":"Clooj-Napoca","selector":{"controlType":"sap.m.Input","viewName":"etm.portal.ui.managepartners.view.EditDetail","labelFor":{"text":"City"},"interaction":{"idSuffix":"inner"}},"clearTextFirst":true,"interactionType":"ENTER_TEXT"}]}
RESULT: {"script":"<script> [776 bytes]","args":[{"enterText":"Clooj-Napoca","selector":{"controlType":"sap.m.Input","viewName":"etm.portal.ui.managepartners.view.EditDetail","labelFor":{"text":"City"},"interaction":{"idSuffix":"inner"}},"clearTextFirst":true,"interactionType":"ENTER_TEXT"}]}
COMMAND: POST /session/7a47d135f75b3f9dc9ed0ec43722f433/element - {"using":"xpath","value":"//button[@data-kt=\"saveButton\"]"}
RESULT: {"using":"xpath","value":"//button[@data-kt=\"saveButton\"]"}
COMMAND: POST /session/7a47d135f75b3f9dc9ed0ec43722f433/element/f.EC16CDDA184DC683CEF5B04FDEE8C812.d.59971401F791468D219C420C9069A28B.e.5733/click - {}
RESULT: {}
COMMAND: GET /session/7a47d135f75b3f9dc9ed0ec43722f433/screenshot - {}
RESULT: {}
COMMAND: POST /session/7a47d135f75b3f9dc9ed0ec43722f433/execute/async - {"script":"<script> [1562 bytes]","args":[{"selector":{"id":"application-managepartners-display-component---detailPtm--addressDetailDetailsName1"},"wdio_ui5_key":"applicationmanagepartners-display-component---detailPtm--addressDetailDetailsName1"}]}
RESULT: {"script":"<script> [1562 bytes]","args":[{"selector":{"id":"application-managepartners-display-component---detailPtm--addressDetailDetailsName1"},"wdio_ui5_key":"applicationmanagepartners-display-component---detailPtm--addressDetailDetailsName1"}]}
RESULT: undefined
COMMAND: POST /session/7a47d135f75b3f9dc9ed0ec43722f433/execute/async - {"script":"<script> [6424 bytes]","args":[{"element-6066-11e4-a52e-4f735466cecf":"f.EC16CDDA184DC683CEF5B04FDEE8C812.d.59971401F791468D219C420C9069A28B.e.5788"},"getValue",[]]}
RESULT: {"script":"<script> [6424 bytes]","args":[{"element-6066-11e4-a52e-4f735466cecf":"f.EC16CDDA184DC683CEF5B04FDEE8C812.d.59971401F791468D219C420C9069A28B.e.5788"},"getValue",[]]}
COMMAND: POST /session/7a47d135f75b3f9dc9ed0ec43722f433/element - {"using":"xpath","value":"//input[@id = \"application-managepartners-display-component---detailPtm--addressDetailDetailsLanguage-inner\"]"}
RESULT: {"using":"xpath","value":"//input[@id = \"application-managepartners-display-component---detailPtm--addressDetailDetailsLanguage-inner\"]"}
COMMAND: GET /session/7a47d135f75b3f9dc9ed0ec43722f433/element/f.EC16CDDA184DC683CEF5B04FDEE8C812.d.59971401F791468D219C420C9069A28B.e.5789/property/value - {}
RESULT: {}
COMMAND: POST /session/7a47d135f75b3f9dc9ed0ec43722f433/execute/async - {"script":"<script> [1562 bytes]","args":[{"selector":{"id":"application-managepartners-display-component---detailPtm--addressDetailDetailsCity1"},"wdio_ui5_key":"applicationmanagepartners-display-component---detailPtm--addressDetailDetailsCity1"}]}
COMMAND: GET /session/7a47d135f75b3f9dc9ed0ec43722f433/screenshot - {}
RESULT: {"script":"<script> [1562 bytes]","args":[{"selector":{"id":"application-managepartners-display-component---detailPtm--addressDetailDetailsCity1"},"wdio_ui5_key":"applicationmanagepartners-display-component---detailPtm--addressDetailDetailsCity1"}]}
RESULT: undefined
COMMAND: POST /session/7a47d135f75b3f9dc9ed0ec43722f433/execute/async - {"script":"<script> [6424 bytes]","args":[{"element-6066-11e4-a52e-4f735466cecf":"f.EC16CDDA184DC683CEF5B04FDEE8C812.d.59971401F791468D219C420C9069A28B.e.5790"},"getValue",[]]}
RESULT: {}
RESULT: {"script":"<script> [6424 bytes]","args":[{"element-6066-11e4-a52e-4f735466cecf":"f.EC16CDDA184DC683CEF5B04FDEE8C812.d.59971401F791468D219C420C9069A28B.e.5790"},"getValue",[]]}
COMMAND: POST /session/7a47d135f75b3f9dc9ed0ec43722f433/element - {"using":"css selector","value":"#shell-header-logo"}
RESULT: {"using":"css selector","value":"#shell-header-logo"}
COMMAND: POST /session/7a47d135f75b3f9dc9ed0ec43722f433/element/f.EC16CDDA184DC683CEF5B04FDEE8C812.d.59971401F791468D219C420C9069A28B.e.5353/click - {}
RESULT: {}
COMMAND: GET /session/7a47d135f75b3f9dc9ed0ec43722f433/screenshot - {}
RESULT: {}
]]></system-out>
    </testcase>
    <testcase classname="chrome.136_0_7103_93.windows.Partner_specific_tests_US150819_US151080_US151654_US151176_US103444_US151078_US151079_US151109_US151174_US151175_US151189" name="Should do filtering and navigation tests US151109" time="147.075">
      <system-out><![CDATA[
COMMAND: POST /session/7a47d135f75b3f9dc9ed0ec43722f433/element - {"using":"xpath","value":"//li[.//span[text()=\"Manage Partners\"]]"}
RESULT: {"using":"xpath","value":"//li[.//span[text()=\"Manage Partners\"]]"}
COMMAND: POST /session/7a47d135f75b3f9dc9ed0ec43722f433/element - {"using":"xpath","value":"//li[.//span[text()=\"Manage Partners\"]]"}
RESULT: {"using":"xpath","value":"//li[.//span[text()=\"Manage Partners\"]]"}
COMMAND: POST /session/7a47d135f75b3f9dc9ed0ec43722f433/element - {"using":"css selector","value":"#shell-header-logo"}
RESULT: {"using":"css selector","value":"#shell-header-logo"}
COMMAND: POST /session/7a47d135f75b3f9dc9ed0ec43722f433/element/f.EC16CDDA184DC683CEF5B04FDEE8C812.d.59971401F791468D219C420C9069A28B.e.5821/click - {}
COMMAND: POST /session/7a47d135f75b3f9dc9ed0ec43722f433/execute/sync - {"script":"<script> [8489 bytes]","args":[{"element-6066-11e4-a52e-4f735466cecf":"f.EC16CDDA184DC683CEF5B04FDEE8C812.d.59971401F791468D219C420C9069A28B.e.5821","ELEMENT":"f.EC16CDDA184DC683CEF5B04FDEE8C812.d.59971401F791468D219C420C9069A28B.e.5821"}]}
RESULT: {}
COMMAND: GET /session/7a47d135f75b3f9dc9ed0ec43722f433/screenshot - {}
RESULT: {"script":"<script> [8489 bytes]","args":[{"element-6066-11e4-a52e-4f735466cecf":"f.EC16CDDA184DC683CEF5B04FDEE8C812.d.59971401F791468D219C420C9069A28B.e.5821","ELEMENT":"f.EC16CDDA184DC683CEF5B04FDEE8C812.d.59971401F791468D219C420C9069A28B.e.5821"}]}
COMMAND: POST /session/7a47d135f75b3f9dc9ed0ec43722f433/execute/sync - {"script":"<script> [5351 bytes]","args":[{"element-6066-11e4-a52e-4f735466cecf":"f.EC16CDDA184DC683CEF5B04FDEE8C812.d.59971401F791468D219C420C9069A28B.e.5821","ELEMENT":"f.EC16CDDA184DC683CEF5B04FDEE8C812.d.59971401F791468D219C420C9069A28B.e.5821"}]}
COMMAND: GET /session/7a47d135f75b3f9dc9ed0ec43722f433/screenshot - {}
RESULT: {}
RESULT: {"script":"<script> [5351 bytes]","args":[{"element-6066-11e4-a52e-4f735466cecf":"f.EC16CDDA184DC683CEF5B04FDEE8C812.d.59971401F791468D219C420C9069A28B.e.5821","ELEMENT":"f.EC16CDDA184DC683CEF5B04FDEE8C812.d.59971401F791468D219C420C9069A28B.e.5821"}]}
COMMAND: GET /session/7a47d135f75b3f9dc9ed0ec43722f433/screenshot - {}
RESULT: {}
RESULT: {}
RESULT: undefined
COMMAND: POST /session/7a47d135f75b3f9dc9ed0ec43722f433/element - {"using":"xpath","value":"//*[@id=\"__tile30\"]"}
RESULT: {"using":"xpath","value":"//*[@id=\"__tile30\"]"}
COMMAND: POST /session/7a47d135f75b3f9dc9ed0ec43722f433/element/f.EC16CDDA184DC683CEF5B04FDEE8C812.d.59971401F791468D219C420C9069A28B.e.4483/click - {}
RESULT: {}
COMMAND: GET /session/7a47d135f75b3f9dc9ed0ec43722f433/screenshot - {}
RESULT: {}
COMMAND: POST /session/7a47d135f75b3f9dc9ed0ec43722f433/elements - {"using":"xpath","value":"//span[text()='Error']"}
RESULT: {"using":"xpath","value":"//span[text()='Error']"}
COMMAND: POST /session/7a47d135f75b3f9dc9ed0ec43722f433/element - {"using":"xpath","value":"//button[@data-kt=\"addButton\"]"}
RESULT: {"using":"xpath","value":"//button[@data-kt=\"addButton\"]"}
COMMAND: POST /session/7a47d135f75b3f9dc9ed0ec43722f433/elements - {"using":"xpath","value":"//button[@data-kt=\"addButton\"]"}
RESULT: {"using":"xpath","value":"//button[@data-kt=\"addButton\"]"}
COMMAND: POST /session/7a47d135f75b3f9dc9ed0ec43722f433/execute/sync - {"script":"<script> [8489 bytes]","args":[{"element-6066-11e4-a52e-4f735466cecf":"f.EC16CDDA184DC683CEF5B04FDEE8C812.d.59971401F791468D219C420C9069A28B.e.5867","ELEMENT":"f.EC16CDDA184DC683CEF5B04FDEE8C812.d.59971401F791468D219C420C9069A28B.e.5867"}]}
RESULT: {"script":"<script> [8489 bytes]","args":[{"element-6066-11e4-a52e-4f735466cecf":"f.EC16CDDA184DC683CEF5B04FDEE8C812.d.59971401F791468D219C420C9069A28B.e.5867","ELEMENT":"f.EC16CDDA184DC683CEF5B04FDEE8C812.d.59971401F791468D219C420C9069A28B.e.5867"}]}
COMMAND: GET /session/7a47d135f75b3f9dc9ed0ec43722f433/element/f.EC16CDDA184DC683CEF5B04FDEE8C812.d.59971401F791468D219C420C9069A28B.e.5867/enabled - {}
COMMAND: GET /session/7a47d135f75b3f9dc9ed0ec43722f433/screenshot - {}
RESULT: {}
COMMAND: POST /session/7a47d135f75b3f9dc9ed0ec43722f433/execute/sync - {"script":"<script> [8489 bytes]","args":[{"element-6066-11e4-a52e-4f735466cecf":"f.EC16CDDA184DC683CEF5B04FDEE8C812.d.59971401F791468D219C420C9069A28B.e.5867","ELEMENT":"f.EC16CDDA184DC683CEF5B04FDEE8C812.d.59971401F791468D219C420C9069A28B.e.5867"}]}
COMMAND: GET /session/7a47d135f75b3f9dc9ed0ec43722f433/screenshot - {}
RESULT: {}
RESULT: {"script":"<script> [8489 bytes]","args":[{"element-6066-11e4-a52e-4f735466cecf":"f.EC16CDDA184DC683CEF5B04FDEE8C812.d.59971401F791468D219C420C9069A28B.e.5867","ELEMENT":"f.EC16CDDA184DC683CEF5B04FDEE8C812.d.59971401F791468D219C420C9069A28B.e.5867"}]}
COMMAND: POST /session/7a47d135f75b3f9dc9ed0ec43722f433/execute/sync - {"script":"<script> [5351 bytes]","args":[{"element-6066-11e4-a52e-4f735466cecf":"f.EC16CDDA184DC683CEF5B04FDEE8C812.d.59971401F791468D219C420C9069A28B.e.5867","ELEMENT":"f.EC16CDDA184DC683CEF5B04FDEE8C812.d.59971401F791468D219C420C9069A28B.e.5867"}]}
COMMAND: GET /session/7a47d135f75b3f9dc9ed0ec43722f433/screenshot - {}
RESULT: {}
RESULT: {"script":"<script> [5351 bytes]","args":[{"element-6066-11e4-a52e-4f735466cecf":"f.EC16CDDA184DC683CEF5B04FDEE8C812.d.59971401F791468D219C420C9069A28B.e.5867","ELEMENT":"f.EC16CDDA184DC683CEF5B04FDEE8C812.d.59971401F791468D219C420C9069A28B.e.5867"}]}
COMMAND: GET /session/7a47d135f75b3f9dc9ed0ec43722f433/screenshot - {}
RESULT: {}
RESULT: {}
COMMAND: POST /session/7a47d135f75b3f9dc9ed0ec43722f433/element - {"using":"xpath","value":"//span[@id=\"application-managepartners-display-component---masterPtm--smartTable-header-inner\"]"}
RESULT: {"using":"xpath","value":"//span[@id=\"application-managepartners-display-component---masterPtm--smartTable-header-inner\"]"}
COMMAND: POST /session/7a47d135f75b3f9dc9ed0ec43722f433/elements - {"using":"xpath","value":"//span[@id=\"application-managepartners-display-component---masterPtm--smartTable-header-inner\"]"}
RESULT: {"using":"xpath","value":"//span[@id=\"application-managepartners-display-component---masterPtm--smartTable-header-inner\"]"}
COMMAND: POST /session/7a47d135f75b3f9dc9ed0ec43722f433/execute/sync - {"script":"<script> [56 bytes]","args":[{"element-6066-11e4-a52e-4f735466cecf":"f.EC16CDDA184DC683CEF5B04FDEE8C812.d.59971401F791468D219C420C9069A28B.e.5991","ELEMENT":"f.EC16CDDA184DC683CEF5B04FDEE8C812.d.59971401F791468D219C420C9069A28B.e.5991"}]}
RESULT: {"script":"<script> [56 bytes]","args":[{"element-6066-11e4-a52e-4f735466cecf":"f.EC16CDDA184DC683CEF5B04FDEE8C812.d.59971401F791468D219C420C9069A28B.e.5991","ELEMENT":"f.EC16CDDA184DC683CEF5B04FDEE8C812.d.59971401F791468D219C420C9069A28B.e.5991"}]}
RESULT: undefined
COMMAND: POST /session/7a47d135f75b3f9dc9ed0ec43722f433/execute/async - {"script":"<script> [776 bytes]","args":[{"enterText":"External Partner WDIO","selector":{"id":"application-managepartners-display-component---masterPtm--smartFilterBar-btnBasicSearch","interaction":{"idSuffix":"I"}},"clearTextFirst":true,"interactionType":"ENTER_TEXT"}]}
COMMAND: GET /session/7a47d135f75b3f9dc9ed0ec43722f433/screenshot - {}
RESULT: {"script":"<script> [776 bytes]","args":[{"enterText":"External Partner WDIO","selector":{"id":"application-managepartners-display-component---masterPtm--smartFilterBar-btnBasicSearch","interaction":{"idSuffix":"I"}},"clearTextFirst":true,"interactionType":"ENTER_TEXT"}]}
RESULT: {}
COMMAND: POST /session/7a47d135f75b3f9dc9ed0ec43722f433/actions - {"actions":[{"id":"action17","type":"key","parameters":{},"actions":[{"type":"keyDown","value":"î€‡"},{"type":"pause","duration":10},{"type":"keyUp","value":"î€‡"}]}]}
RESULT: {"actions":[{"id":"action17","type":"key","parameters":{},"actions":[{"type":"keyDown","value":"î€‡"},{"type":"pause","duration":10},{"type":"keyUp","value":"î€‡"}]}]}
COMMAND: GET /session/7a47d135f75b3f9dc9ed0ec43722f433/screenshot - {}
RESULT: {}
COMMAND: POST /session/7a47d135f75b3f9dc9ed0ec43722f433/element - {"using":"xpath","value":"//span[@id=\"application-managepartners-display-component---masterPtm--smartTable-header-inner\"]"}
RESULT: {"using":"xpath","value":"//span[@id=\"application-managepartners-display-component---masterPtm--smartTable-header-inner\"]"}
COMMAND: POST /session/7a47d135f75b3f9dc9ed0ec43722f433/elements - {"using":"xpath","value":"//span[@id=\"application-managepartners-display-component---masterPtm--smartTable-header-inner\"]"}
RESULT: {"using":"xpath","value":"//span[@id=\"application-managepartners-display-component---masterPtm--smartTable-header-inner\"]"}
COMMAND: POST /session/7a47d135f75b3f9dc9ed0ec43722f433/execute/sync - {"script":"<script> [56 bytes]","args":[{"element-6066-11e4-a52e-4f735466cecf":"f.EC16CDDA184DC683CEF5B04FDEE8C812.d.59971401F791468D219C420C9069A28B.e.5991","ELEMENT":"f.EC16CDDA184DC683CEF5B04FDEE8C812.d.59971401F791468D219C420C9069A28B.e.5991"}]}
RESULT: {"script":"<script> [56 bytes]","args":[{"element-6066-11e4-a52e-4f735466cecf":"f.EC16CDDA184DC683CEF5B04FDEE8C812.d.59971401F791468D219C420C9069A28B.e.5991","ELEMENT":"f.EC16CDDA184DC683CEF5B04FDEE8C812.d.59971401F791468D219C420C9069A28B.e.5991"}]}
COMMAND: POST /session/7a47d135f75b3f9dc9ed0ec43722f433/element - {"using":"xpath","value":"//div[contains(@id, \"managepartners-display-component---masterPtm--smartFilterBar-btnBasicSearch-reset\")]"}
COMMAND: GET /session/7a47d135f75b3f9dc9ed0ec43722f433/screenshot - {}
RESULT: {"using":"xpath","value":"//div[contains(@id, \"managepartners-display-component---masterPtm--smartFilterBar-btnBasicSearch-reset\")]"}
COMMAND: POST /session/7a47d135f75b3f9dc9ed0ec43722f433/element/f.EC16CDDA184DC683CEF5B04FDEE8C812.d.59971401F791468D219C420C9069A28B.e.6147/click - {}
RESULT: {}
RESULT: {}
COMMAND: GET /session/7a47d135f75b3f9dc9ed0ec43722f433/screenshot - {}
RESULT: {}
COMMAND: POST /session/7a47d135f75b3f9dc9ed0ec43722f433/execute/async - {"script":"<script> [1562 bytes]","args":[{"selector":{"id":"application-managepartners-display-component---masterPtm--smartFilterBar-filterItemControl_BASIC-MAIN_ADDRESS-vhi"},"wdio_ui5_key":"applicationmanagepartners-display-component---masterPtm--smartFilterBar-filterItemControl_BASIC-MAIN_ADDRESS-vhi"}]}
RESULT: {"script":"<script> [1562 bytes]","args":[{"selector":{"id":"application-managepartners-display-component---masterPtm--smartFilterBar-filterItemControl_BASIC-MAIN_ADDRESS-vhi"},"wdio_ui5_key":"applicationmanagepartners-display-component---masterPtm--smartFilterBar-filterItemControl_BASIC-MAIN_ADDRESS-vhi"}]}
RESULT: undefined
COMMAND: POST /session/7a47d135f75b3f9dc9ed0ec43722f433/element - {"using":"xpath","value":"//*[@id=\"application-managepartners-display-component---masterPtm--smartFilterBar-filterItemControl_BASIC-MAIN_ADDRESS-vhi\"]"}
RESULT: {"using":"xpath","value":"//*[@id=\"application-managepartners-display-component---masterPtm--smartFilterBar-filterItemControl_BASIC-MAIN_ADDRESS-vhi\"]"}
COMMAND: POST /session/7a47d135f75b3f9dc9ed0ec43722f433/element/f.EC16CDDA184DC683CEF5B04FDEE8C812.d.59971401F791468D219C420C9069A28B.e.6224/click - {}
RESULT: {}
COMMAND: GET /session/7a47d135f75b3f9dc9ed0ec43722f433/screenshot - {}
RESULT: {}
COMMAND: POST /session/7a47d135f75b3f9dc9ed0ec43722f433/execute/async - {"script":"<script> [1562 bytes]","args":[{"selector":{"id":"application-managepartners-display-component---masterPtm--smartFilterBar-filterItemControl_BASIC-MAIN_ADDRESS-valueHelpDialog-smartFilterBar-btnBasicSearch","searchOpenDialogs":true,"interaction":{"idSuffix":"I"}},"wdio_ui5_key":"applicationmanagepartners-display-component---masterPtm--smartFilterBar-filterItemControl_BASIC-MAIN_ADDRESS-valueHelpDialog-smartFilterBar-btnBasicSearch"}]}
RESULT: {"script":"<script> [1562 bytes]","args":[{"selector":{"id":"application-managepartners-display-component---masterPtm--smartFilterBar-filterItemControl_BASIC-MAIN_ADDRESS-valueHelpDialog-smartFilterBar-btnBasicSearch","searchOpenDialogs":true,"interaction":{"idSuffix":"I"}},"wdio_ui5_key":"applicationmanagepartners-display-component---masterPtm--smartFilterBar-filterItemControl_BASIC-MAIN_ADDRESS-valueHelpDialog-smartFilterBar-btnBasicSearch"}]}
RESULT: undefined
COMMAND: POST /session/7a47d135f75b3f9dc9ed0ec43722f433/execute/async - {"script":"<script> [776 bytes]","args":[{"enterText":"Romania","selector":{"id":"application-managepartners-display-component---masterPtm--smartFilterBar-filterItemControl_BASIC-MAIN_ADDRESS-valueHelpDialog-smartFilterBar-btnBasicSearch","searchOpenDialogs":true,"interaction":{"idSuffix":"I"}},"clearTextFirst":true,"interactionType":"ENTER_TEXT"}]}
RESULT: {"script":"<script> [776 bytes]","args":[{"enterText":"Romania","selector":{"id":"application-managepartners-display-component---masterPtm--smartFilterBar-filterItemControl_BASIC-MAIN_ADDRESS-valueHelpDialog-smartFilterBar-btnBasicSearch","searchOpenDialogs":true,"interaction":{"idSuffix":"I"}},"clearTextFirst":true,"interactionType":"ENTER_TEXT"}]}
COMMAND: POST /session/7a47d135f75b3f9dc9ed0ec43722f433/actions - {"actions":[{"id":"action18","type":"key","parameters":{},"actions":[{"type":"keyDown","value":"î€‡"},{"type":"pause","duration":10},{"type":"keyUp","value":"î€‡"}]}]}
RESULT: {"actions":[{"id":"action18","type":"key","parameters":{},"actions":[{"type":"keyDown","value":"î€‡"},{"type":"pause","duration":10},{"type":"keyUp","value":"î€‡"}]}]}
COMMAND: POST /session/7a47d135f75b3f9dc9ed0ec43722f433/elements - {"using":"xpath","value":"//table[contains(@id, \"smartFilterBar-filterItemControl_BASIC-MAIN_ADDRESS-valueHelpDialog-table-table\")]/tbody/tr"}
COMMAND: GET /session/7a47d135f75b3f9dc9ed0ec43722f433/screenshot - {}
RESULT: {"using":"xpath","value":"//table[contains(@id, \"smartFilterBar-filterItemControl_BASIC-MAIN_ADDRESS-valueHelpDialog-table-table\")]/tbody/tr"}
COMMAND: POST /session/7a47d135f75b3f9dc9ed0ec43722f433/element - {"using":"xpath","value":"//table[contains(@id, \"smartFilterBar-filterItemControl_BASIC-MAIN_ADDRESS-valueHelpDialog-table-table\")]/tbody/tr[1]/td[1]/div/span"}
RESULT: {}
RESULT: {"using":"xpath","value":"//table[contains(@id, \"smartFilterBar-filterItemControl_BASIC-MAIN_ADDRESS-valueHelpDialog-table-table\")]/tbody/tr[1]/td[1]/div/span"}
COMMAND: POST /session/7a47d135f75b3f9dc9ed0ec43722f433/elements - {"using":"xpath","value":"//table[contains(@id, \"smartFilterBar-filterItemControl_BASIC-MAIN_ADDRESS-valueHelpDialog-table-table\")]/tbody/tr[1]/td[1]/div/span"}
RESULT: {"using":"xpath","value":"//table[contains(@id, \"smartFilterBar-filterItemControl_BASIC-MAIN_ADDRESS-valueHelpDialog-table-table\")]/tbody/tr[1]/td[1]/div/span"}
COMMAND: POST /session/7a47d135f75b3f9dc9ed0ec43722f433/execute/sync - {"script":"<script> [56 bytes]","args":[{"element-6066-11e4-a52e-4f735466cecf":"f.EC16CDDA184DC683CEF5B04FDEE8C812.d.59971401F791468D219C420C9069A28B.e.6243","ELEMENT":"f.EC16CDDA184DC683CEF5B04FDEE8C812.d.59971401F791468D219C420C9069A28B.e.6243"}]}
RESULT: {"script":"<script> [56 bytes]","args":[{"element-6066-11e4-a52e-4f735466cecf":"f.EC16CDDA184DC683CEF5B04FDEE8C812.d.59971401F791468D219C420C9069A28B.e.6243","ELEMENT":"f.EC16CDDA184DC683CEF5B04FDEE8C812.d.59971401F791468D219C420C9069A28B.e.6243"}]}
COMMAND: POST /session/7a47d135f75b3f9dc9ed0ec43722f433/element - {"using":"xpath","value":"//div[contains(@id, \"filterItemControl_BASIC-MAIN_ADDRESS-valueHelpDialog-table-rowsel0\")]"}
COMMAND: GET /session/7a47d135f75b3f9dc9ed0ec43722f433/screenshot - {}
RESULT: {"using":"xpath","value":"//div[contains(@id, \"filterItemControl_BASIC-MAIN_ADDRESS-valueHelpDialog-table-rowsel0\")]"}
COMMAND: POST /session/7a47d135f75b3f9dc9ed0ec43722f433/element/f.EC16CDDA184DC683CEF5B04FDEE8C812.d.59971401F791468D219C420C9069A28B.e.6244/click - {}
RESULT: {}
RESULT: {}
COMMAND: GET /session/7a47d135f75b3f9dc9ed0ec43722f433/screenshot - {}
RESULT: {}
COMMAND: POST /session/7a47d135f75b3f9dc9ed0ec43722f433/element - {"using":"xpath","value":"(//bdi[contains(text(), \"OK\")])[1]"}
RESULT: {"using":"xpath","value":"(//bdi[contains(text(), \"OK\")])[1]"}
COMMAND: POST /session/7a47d135f75b3f9dc9ed0ec43722f433/element/f.EC16CDDA184DC683CEF5B04FDEE8C812.d.59971401F791468D219C420C9069A28B.e.6246/click - {}
RESULT: {}
COMMAND: GET /session/7a47d135f75b3f9dc9ed0ec43722f433/screenshot - {}
RESULT: {}
COMMAND: POST /session/7a47d135f75b3f9dc9ed0ec43722f433/element - {"using":"xpath","value":"//span[@id=\"application-managepartners-display-component---masterPtm--smartTable-header-inner\"]"}
RESULT: {"using":"xpath","value":"//span[@id=\"application-managepartners-display-component---masterPtm--smartTable-header-inner\"]"}
COMMAND: POST /session/7a47d135f75b3f9dc9ed0ec43722f433/elements - {"using":"xpath","value":"//span[@id=\"application-managepartners-display-component---masterPtm--smartTable-header-inner\"]"}
RESULT: {"using":"xpath","value":"//span[@id=\"application-managepartners-display-component---masterPtm--smartTable-header-inner\"]"}
COMMAND: POST /session/7a47d135f75b3f9dc9ed0ec43722f433/execute/sync - {"script":"<script> [56 bytes]","args":[{"element-6066-11e4-a52e-4f735466cecf":"f.EC16CDDA184DC683CEF5B04FDEE8C812.d.59971401F791468D219C420C9069A28B.e.5991","ELEMENT":"f.EC16CDDA184DC683CEF5B04FDEE8C812.d.59971401F791468D219C420C9069A28B.e.5991"}]}
RESULT: {"script":"<script> [56 bytes]","args":[{"element-6066-11e4-a52e-4f735466cecf":"f.EC16CDDA184DC683CEF5B04FDEE8C812.d.59971401F791468D219C420C9069A28B.e.5991","ELEMENT":"f.EC16CDDA184DC683CEF5B04FDEE8C812.d.59971401F791468D219C420C9069A28B.e.5991"}]}
COMMAND: POST /session/7a47d135f75b3f9dc9ed0ec43722f433/element - {"using":"xpath","value":"//span[contains(@title, \"Remove\")]"}
COMMAND: GET /session/7a47d135f75b3f9dc9ed0ec43722f433/screenshot - {}
RESULT: {"using":"xpath","value":"//span[contains(@title, \"Remove\")]"}
COMMAND: POST /session/7a47d135f75b3f9dc9ed0ec43722f433/element/f.EC16CDDA184DC683CEF5B04FDEE8C812.d.59971401F791468D219C420C9069A28B.e.6259/click - {}
RESULT: {}
RESULT: {}
COMMAND: GET /session/7a47d135f75b3f9dc9ed0ec43722f433/screenshot - {}
RESULT: {}
COMMAND: POST /session/7a47d135f75b3f9dc9ed0ec43722f433/element - {"using":"xpath","value":"//span[@id=\"application-managepartners-display-component---masterPtm--smartTable-header-inner\"]"}
RESULT: {"using":"xpath","value":"//span[@id=\"application-managepartners-display-component---masterPtm--smartTable-header-inner\"]"}
COMMAND: POST /session/7a47d135f75b3f9dc9ed0ec43722f433/elements - {"using":"xpath","value":"//span[@id=\"application-managepartners-display-component---masterPtm--smartTable-header-inner\"]"}
RESULT: {"using":"xpath","value":"//span[@id=\"application-managepartners-display-component---masterPtm--smartTable-header-inner\"]"}
COMMAND: POST /session/7a47d135f75b3f9dc9ed0ec43722f433/execute/sync - {"script":"<script> [56 bytes]","args":[{"element-6066-11e4-a52e-4f735466cecf":"f.EC16CDDA184DC683CEF5B04FDEE8C812.d.59971401F791468D219C420C9069A28B.e.5991","ELEMENT":"f.EC16CDDA184DC683CEF5B04FDEE8C812.d.59971401F791468D219C420C9069A28B.e.5991"}]}
RESULT: {"script":"<script> [56 bytes]","args":[{"element-6066-11e4-a52e-4f735466cecf":"f.EC16CDDA184DC683CEF5B04FDEE8C812.d.59971401F791468D219C420C9069A28B.e.5991","ELEMENT":"f.EC16CDDA184DC683CEF5B04FDEE8C812.d.59971401F791468D219C420C9069A28B.e.5991"}]}
COMMAND: POST /session/7a47d135f75b3f9dc9ed0ec43722f433/execute/async - {"script":"<script> [1562 bytes]","args":[{"selector":{"id":"application-managepartners-display-component---masterPtm--smartFilterBar-filterItemControl_BASIC-YARD-vhi"},"wdio_ui5_key":"applicationmanagepartners-display-component---masterPtm--smartFilterBar-filterItemControl_BASIC-YARD-vhi"}]}
COMMAND: GET /session/7a47d135f75b3f9dc9ed0ec43722f433/screenshot - {}
RESULT: {"script":"<script> [1562 bytes]","args":[{"selector":{"id":"application-managepartners-display-component---masterPtm--smartFilterBar-filterItemControl_BASIC-YARD-vhi"},"wdio_ui5_key":"applicationmanagepartners-display-component---masterPtm--smartFilterBar-filterItemControl_BASIC-YARD-vhi"}]}
RESULT: undefined
COMMAND: POST /session/7a47d135f75b3f9dc9ed0ec43722f433/element - {"using":"xpath","value":"//*[@id=\"application-managepartners-display-component---masterPtm--smartFilterBar-filterItemControl_BASIC-YARD-vhi\"]"}
RESULT: {}
RESULT: {"using":"xpath","value":"//*[@id=\"application-managepartners-display-component---masterPtm--smartFilterBar-filterItemControl_BASIC-YARD-vhi\"]"}
COMMAND: POST /session/7a47d135f75b3f9dc9ed0ec43722f433/element/f.EC16CDDA184DC683CEF5B04FDEE8C812.d.59971401F791468D219C420C9069A28B.e.6363/click - {}
RESULT: {}
COMMAND: GET /session/7a47d135f75b3f9dc9ed0ec43722f433/screenshot - {}
RESULT: {}
COMMAND: POST /session/7a47d135f75b3f9dc9ed0ec43722f433/execute/async - {"script":"<script> [1562 bytes]","args":[{"selector":{"id":"application-managepartners-display-component---masterPtm--smartFilterBar-filterItemControl_BASIC-YARD-valueHelpDialog-smartFilterBar-btnBasicSearch","searchOpenDialogs":true,"interaction":{"idSuffix":"I"}},"wdio_ui5_key":"applicationmanagepartners-display-component---masterPtm--smartFilterBar-filterItemControl_BASIC-YARD-valueHelpDialog-smartFilterBar-btnBasicSearch"}]}
RESULT: {"script":"<script> [1562 bytes]","args":[{"selector":{"id":"application-managepartners-display-component---masterPtm--smartFilterBar-filterItemControl_BASIC-YARD-valueHelpDialog-smartFilterBar-btnBasicSearch","searchOpenDialogs":true,"interaction":{"idSuffix":"I"}},"wdio_ui5_key":"applicationmanagepartners-display-component---masterPtm--smartFilterBar-filterItemControl_BASIC-YARD-valueHelpDialog-smartFilterBar-btnBasicSearch"}]}
RESULT: undefined
COMMAND: POST /session/7a47d135f75b3f9dc9ed0ec43722f433/execute/async - {"script":"<script> [776 bytes]","args":[{"enterText":"Test","selector":{"id":"application-managepartners-display-component---masterPtm--smartFilterBar-filterItemControl_BASIC-YARD-valueHelpDialog-smartFilterBar-btnBasicSearch","searchOpenDialogs":true,"interaction":{"idSuffix":"I"}},"clearTextFirst":true,"interactionType":"ENTER_TEXT"}]}
RESULT: {"script":"<script> [776 bytes]","args":[{"enterText":"Test","selector":{"id":"application-managepartners-display-component---masterPtm--smartFilterBar-filterItemControl_BASIC-YARD-valueHelpDialog-smartFilterBar-btnBasicSearch","searchOpenDialogs":true,"interaction":{"idSuffix":"I"}},"clearTextFirst":true,"interactionType":"ENTER_TEXT"}]}
COMMAND: POST /session/7a47d135f75b3f9dc9ed0ec43722f433/actions - {"actions":[{"id":"action19","type":"key","parameters":{},"actions":[{"type":"keyDown","value":"î€‡"},{"type":"pause","duration":10},{"type":"keyUp","value":"î€‡"}]}]}
RESULT: {"actions":[{"id":"action19","type":"key","parameters":{},"actions":[{"type":"keyDown","value":"î€‡"},{"type":"pause","duration":10},{"type":"keyUp","value":"î€‡"}]}]}
COMMAND: POST /session/7a47d135f75b3f9dc9ed0ec43722f433/elements - {"using":"xpath","value":"//table[contains(@id, \"smartFilterBar-filterItemControl_BASIC-YARD-valueHelpDialog-table-table\")]/tbody/tr"}
COMMAND: GET /session/7a47d135f75b3f9dc9ed0ec43722f433/screenshot - {}
RESULT: {"using":"xpath","value":"//table[contains(@id, \"smartFilterBar-filterItemControl_BASIC-YARD-valueHelpDialog-table-table\")]/tbody/tr"}
COMMAND: POST /session/7a47d135f75b3f9dc9ed0ec43722f433/element - {"using":"xpath","value":"//table[contains(@id, \"smartFilterBar-filterItemControl_BASIC-YARD-valueHelpDialog-table-table\")]/tbody/tr[1]/td[1]/div/span"}
RESULT: {}
RESULT: {"using":"xpath","value":"//table[contains(@id, \"smartFilterBar-filterItemControl_BASIC-YARD-valueHelpDialog-table-table\")]/tbody/tr[1]/td[1]/div/span"}
COMMAND: POST /session/7a47d135f75b3f9dc9ed0ec43722f433/elements - {"using":"xpath","value":"//table[contains(@id, \"smartFilterBar-filterItemControl_BASIC-YARD-valueHelpDialog-table-table\")]/tbody/tr[1]/td[1]/div/span"}
RESULT: {"using":"xpath","value":"//table[contains(@id, \"smartFilterBar-filterItemControl_BASIC-YARD-valueHelpDialog-table-table\")]/tbody/tr[1]/td[1]/div/span"}
COMMAND: POST /session/7a47d135f75b3f9dc9ed0ec43722f433/execute/sync - {"script":"<script> [56 bytes]","args":[{"element-6066-11e4-a52e-4f735466cecf":"f.EC16CDDA184DC683CEF5B04FDEE8C812.d.59971401F791468D219C420C9069A28B.e.6384","ELEMENT":"f.EC16CDDA184DC683CEF5B04FDEE8C812.d.59971401F791468D219C420C9069A28B.e.6384"}]}
RESULT: {"script":"<script> [56 bytes]","args":[{"element-6066-11e4-a52e-4f735466cecf":"f.EC16CDDA184DC683CEF5B04FDEE8C812.d.59971401F791468D219C420C9069A28B.e.6384","ELEMENT":"f.EC16CDDA184DC683CEF5B04FDEE8C812.d.59971401F791468D219C420C9069A28B.e.6384"}]}
COMMAND: POST /session/7a47d135f75b3f9dc9ed0ec43722f433/element - {"using":"xpath","value":"//table[contains(@id, \"smartFilterBar-filterItemControl_BASIC-YARD-valueHelpDialog-table-table\")]/tbody/tr[2]/td[1]/div/span"}
COMMAND: GET /session/7a47d135f75b3f9dc9ed0ec43722f433/screenshot - {}
RESULT: {"using":"xpath","value":"//table[contains(@id, \"smartFilterBar-filterItemControl_BASIC-YARD-valueHelpDialog-table-table\")]/tbody/tr[2]/td[1]/div/span"}
COMMAND: POST /session/7a47d135f75b3f9dc9ed0ec43722f433/elements - {"using":"xpath","value":"//table[contains(@id, \"smartFilterBar-filterItemControl_BASIC-YARD-valueHelpDialog-table-table\")]/tbody/tr[2]/td[1]/div/span"}
RESULT: {}
RESULT: {"using":"xpath","value":"//table[contains(@id, \"smartFilterBar-filterItemControl_BASIC-YARD-valueHelpDialog-table-table\")]/tbody/tr[2]/td[1]/div/span"}
COMMAND: POST /session/7a47d135f75b3f9dc9ed0ec43722f433/execute/sync - {"script":"<script> [56 bytes]","args":[{"element-6066-11e4-a52e-4f735466cecf":"f.EC16CDDA184DC683CEF5B04FDEE8C812.d.59971401F791468D219C420C9069A28B.e.6385","ELEMENT":"f.EC16CDDA184DC683CEF5B04FDEE8C812.d.59971401F791468D219C420C9069A28B.e.6385"}]}
RESULT: {"script":"<script> [56 bytes]","args":[{"element-6066-11e4-a52e-4f735466cecf":"f.EC16CDDA184DC683CEF5B04FDEE8C812.d.59971401F791468D219C420C9069A28B.e.6385","ELEMENT":"f.EC16CDDA184DC683CEF5B04FDEE8C812.d.59971401F791468D219C420C9069A28B.e.6385"}]}
COMMAND: POST /session/7a47d135f75b3f9dc9ed0ec43722f433/element - {"using":"xpath","value":"//table[contains(@id, \"smartFilterBar-filterItemControl_BASIC-YARD-valueHelpDialog-table-table\")]/tbody/tr[3]/td[1]/div/span"}
COMMAND: GET /session/7a47d135f75b3f9dc9ed0ec43722f433/screenshot - {}
RESULT: {"using":"xpath","value":"//table[contains(@id, \"smartFilterBar-filterItemControl_BASIC-YARD-valueHelpDialog-table-table\")]/tbody/tr[3]/td[1]/div/span"}
COMMAND: POST /session/7a47d135f75b3f9dc9ed0ec43722f433/elements - {"using":"xpath","value":"//table[contains(@id, \"smartFilterBar-filterItemControl_BASIC-YARD-valueHelpDialog-table-table\")]/tbody/tr[3]/td[1]/div/span"}
RESULT: {}
RESULT: {"using":"xpath","value":"//table[contains(@id, \"smartFilterBar-filterItemControl_BASIC-YARD-valueHelpDialog-table-table\")]/tbody/tr[3]/td[1]/div/span"}
COMMAND: POST /session/7a47d135f75b3f9dc9ed0ec43722f433/execute/sync - {"script":"<script> [56 bytes]","args":[{"element-6066-11e4-a52e-4f735466cecf":"f.EC16CDDA184DC683CEF5B04FDEE8C812.d.59971401F791468D219C420C9069A28B.e.6386","ELEMENT":"f.EC16CDDA184DC683CEF5B04FDEE8C812.d.59971401F791468D219C420C9069A28B.e.6386"}]}
RESULT: {"script":"<script> [56 bytes]","args":[{"element-6066-11e4-a52e-4f735466cecf":"f.EC16CDDA184DC683CEF5B04FDEE8C812.d.59971401F791468D219C420C9069A28B.e.6386","ELEMENT":"f.EC16CDDA184DC683CEF5B04FDEE8C812.d.59971401F791468D219C420C9069A28B.e.6386"}]}
COMMAND: POST /session/7a47d135f75b3f9dc9ed0ec43722f433/element - {"using":"xpath","value":"//div[contains(@id, \"filterItemControl_BASIC-YARD-valueHelpDialog-table-rowsel2\")]"}
COMMAND: GET /session/7a47d135f75b3f9dc9ed0ec43722f433/screenshot - {}
RESULT: {"using":"xpath","value":"//div[contains(@id, \"filterItemControl_BASIC-YARD-valueHelpDialog-table-rowsel2\")]"}
COMMAND: POST /session/7a47d135f75b3f9dc9ed0ec43722f433/element/f.EC16CDDA184DC683CEF5B04FDEE8C812.d.59971401F791468D219C420C9069A28B.e.6387/click - {}
RESULT: {}
RESULT: {}
COMMAND: GET /session/7a47d135f75b3f9dc9ed0ec43722f433/screenshot - {}
RESULT: {}
COMMAND: POST /session/7a47d135f75b3f9dc9ed0ec43722f433/element - {"using":"xpath","value":"(//bdi[contains(text(), \"OK\")])[1]"}
RESULT: {"using":"xpath","value":"(//bdi[contains(text(), \"OK\")])[1]"}
COMMAND: POST /session/7a47d135f75b3f9dc9ed0ec43722f433/element/f.EC16CDDA184DC683CEF5B04FDEE8C812.d.59971401F791468D219C420C9069A28B.e.6389/click - {}
RESULT: {}
COMMAND: GET /session/7a47d135f75b3f9dc9ed0ec43722f433/screenshot - {}
RESULT: {}
COMMAND: POST /session/7a47d135f75b3f9dc9ed0ec43722f433/element - {"using":"xpath","value":"//span[@id=\"application-managepartners-display-component---masterPtm--smartTable-header-inner\"]"}
RESULT: {"using":"xpath","value":"//span[@id=\"application-managepartners-display-component---masterPtm--smartTable-header-inner\"]"}
COMMAND: POST /session/7a47d135f75b3f9dc9ed0ec43722f433/elements - {"using":"xpath","value":"//span[@id=\"application-managepartners-display-component---masterPtm--smartTable-header-inner\"]"}
RESULT: {"using":"xpath","value":"//span[@id=\"application-managepartners-display-component---masterPtm--smartTable-header-inner\"]"}
COMMAND: POST /session/7a47d135f75b3f9dc9ed0ec43722f433/execute/sync - {"script":"<script> [56 bytes]","args":[{"element-6066-11e4-a52e-4f735466cecf":"f.EC16CDDA184DC683CEF5B04FDEE8C812.d.59971401F791468D219C420C9069A28B.e.5991","ELEMENT":"f.EC16CDDA184DC683CEF5B04FDEE8C812.d.59971401F791468D219C420C9069A28B.e.5991"}]}
RESULT: {"script":"<script> [56 bytes]","args":[{"element-6066-11e4-a52e-4f735466cecf":"f.EC16CDDA184DC683CEF5B04FDEE8C812.d.59971401F791468D219C420C9069A28B.e.5991","ELEMENT":"f.EC16CDDA184DC683CEF5B04FDEE8C812.d.59971401F791468D219C420C9069A28B.e.5991"}]}
COMMAND: POST /session/7a47d135f75b3f9dc9ed0ec43722f433/element - {"using":"xpath","value":"//span[contains(@title, \"Remove\")]"}
COMMAND: GET /session/7a47d135f75b3f9dc9ed0ec43722f433/screenshot - {}
RESULT: {"using":"xpath","value":"//span[contains(@title, \"Remove\")]"}
COMMAND: POST /session/7a47d135f75b3f9dc9ed0ec43722f433/element/f.EC16CDDA184DC683CEF5B04FDEE8C812.d.59971401F791468D219C420C9069A28B.e.6402/click - {}
RESULT: {}
RESULT: {}
COMMAND: GET /session/7a47d135f75b3f9dc9ed0ec43722f433/screenshot - {}
RESULT: {}
COMMAND: POST /session/7a47d135f75b3f9dc9ed0ec43722f433/element - {"using":"xpath","value":"//span[@id=\"application-managepartners-display-component---masterPtm--smartTable-header-inner\"]"}
RESULT: {"using":"xpath","value":"//span[@id=\"application-managepartners-display-component---masterPtm--smartTable-header-inner\"]"}
COMMAND: POST /session/7a47d135f75b3f9dc9ed0ec43722f433/elements - {"using":"xpath","value":"//span[@id=\"application-managepartners-display-component---masterPtm--smartTable-header-inner\"]"}
RESULT: {"using":"xpath","value":"//span[@id=\"application-managepartners-display-component---masterPtm--smartTable-header-inner\"]"}
COMMAND: POST /session/7a47d135f75b3f9dc9ed0ec43722f433/execute/sync - {"script":"<script> [56 bytes]","args":[{"element-6066-11e4-a52e-4f735466cecf":"f.EC16CDDA184DC683CEF5B04FDEE8C812.d.59971401F791468D219C420C9069A28B.e.5991","ELEMENT":"f.EC16CDDA184DC683CEF5B04FDEE8C812.d.59971401F791468D219C420C9069A28B.e.5991"}]}
RESULT: {"script":"<script> [56 bytes]","args":[{"element-6066-11e4-a52e-4f735466cecf":"f.EC16CDDA184DC683CEF5B04FDEE8C812.d.59971401F791468D219C420C9069A28B.e.5991","ELEMENT":"f.EC16CDDA184DC683CEF5B04FDEE8C812.d.59971401F791468D219C420C9069A28B.e.5991"}]}
COMMAND: POST /session/7a47d135f75b3f9dc9ed0ec43722f433/execute/async - {"script":"<script> [1562 bytes]","args":[{"selector":{"id":"application-managepartners-display-component---masterPtm--smartFilterBar-filterItemControl_BASIC-ALL_TAGS-vhi"},"wdio_ui5_key":"applicationmanagepartners-display-component---masterPtm--smartFilterBar-filterItemControl_BASIC-ALL_TAGS-vhi"}]}
COMMAND: GET /session/7a47d135f75b3f9dc9ed0ec43722f433/screenshot - {}
RESULT: {"script":"<script> [1562 bytes]","args":[{"selector":{"id":"application-managepartners-display-component---masterPtm--smartFilterBar-filterItemControl_BASIC-ALL_TAGS-vhi"},"wdio_ui5_key":"applicationmanagepartners-display-component---masterPtm--smartFilterBar-filterItemControl_BASIC-ALL_TAGS-vhi"}]}
RESULT: undefined
COMMAND: POST /session/7a47d135f75b3f9dc9ed0ec43722f433/element - {"using":"xpath","value":"//*[@id=\"application-managepartners-display-component---masterPtm--smartFilterBar-filterItemControl_BASIC-ALL_TAGS-vhi\"]"}
RESULT: {}
RESULT: {"using":"xpath","value":"//*[@id=\"application-managepartners-display-component---masterPtm--smartFilterBar-filterItemControl_BASIC-ALL_TAGS-vhi\"]"}
COMMAND: POST /session/7a47d135f75b3f9dc9ed0ec43722f433/element/f.EC16CDDA184DC683CEF5B04FDEE8C812.d.59971401F791468D219C420C9069A28B.e.6513/click - {}
RESULT: {}
COMMAND: GET /session/7a47d135f75b3f9dc9ed0ec43722f433/screenshot - {}
RESULT: {}
COMMAND: POST /session/7a47d135f75b3f9dc9ed0ec43722f433/execute/async - {"script":"<script> [1562 bytes]","args":[{"selector":{"id":"application-managepartners-display-component---masterPtm--smartFilterBar-filterItemControl_BASIC-ALL_TAGS-valueHelpDialog-smartFilterBar-btnBasicSearch","searchOpenDialogs":true,"interaction":{"idSuffix":"I"}},"wdio_ui5_key":"applicationmanagepartners-display-component---masterPtm--smartFilterBar-filterItemControl_BASIC-ALL_TAGS-valueHelpDialog-smartFilterBar-btnBasicSearch"}]}
RESULT: {"script":"<script> [1562 bytes]","args":[{"selector":{"id":"application-managepartners-display-component---masterPtm--smartFilterBar-filterItemControl_BASIC-ALL_TAGS-valueHelpDialog-smartFilterBar-btnBasicSearch","searchOpenDialogs":true,"interaction":{"idSuffix":"I"}},"wdio_ui5_key":"applicationmanagepartners-display-component---masterPtm--smartFilterBar-filterItemControl_BASIC-ALL_TAGS-valueHelpDialog-smartFilterBar-btnBasicSearch"}]}
RESULT: undefined
COMMAND: POST /session/7a47d135f75b3f9dc9ed0ec43722f433/execute/async - {"script":"<script> [776 bytes]","args":[{"enterText":"test-tag-1","selector":{"id":"application-managepartners-display-component---masterPtm--smartFilterBar-filterItemControl_BASIC-ALL_TAGS-valueHelpDialog-smartFilterBar-btnBasicSearch","searchOpenDialogs":true,"interaction":{"idSuffix":"I"}},"clearTextFirst":true,"interactionType":"ENTER_TEXT"}]}
RESULT: {"script":"<script> [776 bytes]","args":[{"enterText":"test-tag-1","selector":{"id":"application-managepartners-display-component---masterPtm--smartFilterBar-filterItemControl_BASIC-ALL_TAGS-valueHelpDialog-smartFilterBar-btnBasicSearch","searchOpenDialogs":true,"interaction":{"idSuffix":"I"}},"clearTextFirst":true,"interactionType":"ENTER_TEXT"}]}
COMMAND: POST /session/7a47d135f75b3f9dc9ed0ec43722f433/actions - {"actions":[{"id":"action20","type":"key","parameters":{},"actions":[{"type":"keyDown","value":"î€‡"},{"type":"pause","duration":10},{"type":"keyUp","value":"î€‡"}]}]}
RESULT: {"actions":[{"id":"action20","type":"key","parameters":{},"actions":[{"type":"keyDown","value":"î€‡"},{"type":"pause","duration":10},{"type":"keyUp","value":"î€‡"}]}]}
COMMAND: POST /session/7a47d135f75b3f9dc9ed0ec43722f433/elements - {"using":"xpath","value":"//table[contains(@id, \"smartFilterBar-filterItemControl_BASIC-ALL_TAGS-valueHelpDialog-table-table\")]/tbody/tr"}
COMMAND: GET /session/7a47d135f75b3f9dc9ed0ec43722f433/screenshot - {}
RESULT: {"using":"xpath","value":"//table[contains(@id, \"smartFilterBar-filterItemControl_BASIC-ALL_TAGS-valueHelpDialog-table-table\")]/tbody/tr"}
COMMAND: POST /session/7a47d135f75b3f9dc9ed0ec43722f433/element - {"using":"xpath","value":"//table[contains(@id, \"smartFilterBar-filterItemControl_BASIC-ALL_TAGS-valueHelpDialog-table-table\")]/tbody/tr[1]/td[1]/div/span"}
RESULT: {}
RESULT: {"using":"xpath","value":"//table[contains(@id, \"smartFilterBar-filterItemControl_BASIC-ALL_TAGS-valueHelpDialog-table-table\")]/tbody/tr[1]/td[1]/div/span"}
COMMAND: POST /session/7a47d135f75b3f9dc9ed0ec43722f433/elements - {"using":"xpath","value":"//table[contains(@id, \"smartFilterBar-filterItemControl_BASIC-ALL_TAGS-valueHelpDialog-table-table\")]/tbody/tr[1]/td[1]/div/span"}
RESULT: {"using":"xpath","value":"//table[contains(@id, \"smartFilterBar-filterItemControl_BASIC-ALL_TAGS-valueHelpDialog-table-table\")]/tbody/tr[1]/td[1]/div/span"}
COMMAND: POST /session/7a47d135f75b3f9dc9ed0ec43722f433/execute/sync - {"script":"<script> [56 bytes]","args":[{"element-6066-11e4-a52e-4f735466cecf":"f.EC16CDDA184DC683CEF5B04FDEE8C812.d.59971401F791468D219C420C9069A28B.e.6534","ELEMENT":"f.EC16CDDA184DC683CEF5B04FDEE8C812.d.59971401F791468D219C420C9069A28B.e.6534"}]}
RESULT: {"script":"<script> [56 bytes]","args":[{"element-6066-11e4-a52e-4f735466cecf":"f.EC16CDDA184DC683CEF5B04FDEE8C812.d.59971401F791468D219C420C9069A28B.e.6534","ELEMENT":"f.EC16CDDA184DC683CEF5B04FDEE8C812.d.59971401F791468D219C420C9069A28B.e.6534"}]}
COMMAND: POST /session/7a47d135f75b3f9dc9ed0ec43722f433/element - {"using":"xpath","value":"//div[contains(@id, \"filterItemControl_BASIC-ALL_TAGS-valueHelpDialog-table-rowsel0\")]"}
COMMAND: GET /session/7a47d135f75b3f9dc9ed0ec43722f433/screenshot - {}
RESULT: {"using":"xpath","value":"//div[contains(@id, \"filterItemControl_BASIC-ALL_TAGS-valueHelpDialog-table-rowsel0\")]"}
COMMAND: POST /session/7a47d135f75b3f9dc9ed0ec43722f433/element/f.EC16CDDA184DC683CEF5B04FDEE8C812.d.59971401F791468D219C420C9069A28B.e.6535/click - {}
RESULT: {}
RESULT: {}
COMMAND: GET /session/7a47d135f75b3f9dc9ed0ec43722f433/screenshot - {}
RESULT: {}
COMMAND: POST /session/7a47d135f75b3f9dc9ed0ec43722f433/element - {"using":"xpath","value":"(//bdi[contains(text(), \"OK\")])[1]"}
RESULT: {"using":"xpath","value":"(//bdi[contains(text(), \"OK\")])[1]"}
COMMAND: POST /session/7a47d135f75b3f9dc9ed0ec43722f433/element/f.EC16CDDA184DC683CEF5B04FDEE8C812.d.59971401F791468D219C420C9069A28B.e.6537/click - {}
RESULT: {}
COMMAND: GET /session/7a47d135f75b3f9dc9ed0ec43722f433/screenshot - {}
RESULT: {}
COMMAND: POST /session/7a47d135f75b3f9dc9ed0ec43722f433/element - {"using":"xpath","value":"//span[@id=\"application-managepartners-display-component---masterPtm--smartTable-header-inner\"]"}
RESULT: {"using":"xpath","value":"//span[@id=\"application-managepartners-display-component---masterPtm--smartTable-header-inner\"]"}
COMMAND: POST /session/7a47d135f75b3f9dc9ed0ec43722f433/elements - {"using":"xpath","value":"//span[@id=\"application-managepartners-display-component---masterPtm--smartTable-header-inner\"]"}
RESULT: {"using":"xpath","value":"//span[@id=\"application-managepartners-display-component---masterPtm--smartTable-header-inner\"]"}
COMMAND: POST /session/7a47d135f75b3f9dc9ed0ec43722f433/execute/sync - {"script":"<script> [56 bytes]","args":[{"element-6066-11e4-a52e-4f735466cecf":"f.EC16CDDA184DC683CEF5B04FDEE8C812.d.59971401F791468D219C420C9069A28B.e.5991","ELEMENT":"f.EC16CDDA184DC683CEF5B04FDEE8C812.d.59971401F791468D219C420C9069A28B.e.5991"}]}
RESULT: {"script":"<script> [56 bytes]","args":[{"element-6066-11e4-a52e-4f735466cecf":"f.EC16CDDA184DC683CEF5B04FDEE8C812.d.59971401F791468D219C420C9069A28B.e.5991","ELEMENT":"f.EC16CDDA184DC683CEF5B04FDEE8C812.d.59971401F791468D219C420C9069A28B.e.5991"}]}
COMMAND: POST /session/7a47d135f75b3f9dc9ed0ec43722f433/element - {"using":"xpath","value":"//span[contains(@title, \"Remove\")]"}
COMMAND: GET /session/7a47d135f75b3f9dc9ed0ec43722f433/screenshot - {}
RESULT: {"using":"xpath","value":"//span[contains(@title, \"Remove\")]"}
COMMAND: POST /session/7a47d135f75b3f9dc9ed0ec43722f433/element/f.EC16CDDA184DC683CEF5B04FDEE8C812.d.59971401F791468D219C420C9069A28B.e.6559/click - {}
RESULT: {}
RESULT: {}
COMMAND: GET /session/7a47d135f75b3f9dc9ed0ec43722f433/screenshot - {}
RESULT: {}
COMMAND: POST /session/7a47d135f75b3f9dc9ed0ec43722f433/execute/async - {"script":"<script> [1562 bytes]","args":[{"selector":{"id":"application-managepartners-display-component---masterPtm--partnerTypes-arrow"},"wdio_ui5_key":"applicationmanagepartners-display-component---masterPtm--partnerTypes-arrow"}]}
RESULT: {"script":"<script> [1562 bytes]","args":[{"selector":{"id":"application-managepartners-display-component---masterPtm--partnerTypes-arrow"},"wdio_ui5_key":"applicationmanagepartners-display-component---masterPtm--partnerTypes-arrow"}]}
RESULT: undefined
COMMAND: POST /session/7a47d135f75b3f9dc9ed0ec43722f433/element - {"using":"xpath","value":"//*[@id=\"application-managepartners-display-component---masterPtm--partnerTypes-arrow\"]"}
RESULT: {"using":"xpath","value":"//*[@id=\"application-managepartners-display-component---masterPtm--partnerTypes-arrow\"]"}
COMMAND: POST /session/7a47d135f75b3f9dc9ed0ec43722f433/element/f.EC16CDDA184DC683CEF5B04FDEE8C812.d.59971401F791468D219C420C9069A28B.e.6662/click - {}
RESULT: {}
COMMAND: GET /session/7a47d135f75b3f9dc9ed0ec43722f433/screenshot - {}
RESULT: {}
COMMAND: POST /session/7a47d135f75b3f9dc9ed0ec43722f433/element - {"using":"xpath","value":"//li[.//span[text()=\"External partner\"]]//div[contains(@class,\"sapMCbBg\")]"}
RESULT: {"using":"xpath","value":"//li[.//span[text()=\"External partner\"]]//div[contains(@class,\"sapMCbBg\")]"}
COMMAND: POST /session/7a47d135f75b3f9dc9ed0ec43722f433/element/f.EC16CDDA184DC683CEF5B04FDEE8C812.d.59971401F791468D219C420C9069A28B.e.6665/click - {}
RESULT: {}
COMMAND: GET /session/7a47d135f75b3f9dc9ed0ec43722f433/screenshot - {}
RESULT: {}
COMMAND: POST /session/7a47d135f75b3f9dc9ed0ec43722f433/element - {"using":"xpath","value":"//div[contains(@id,\"application-managepartners-display-component---masterPtm--smartFilterBar-btnBasicSearch-search\")]"}
RESULT: {"using":"xpath","value":"//div[contains(@id,\"application-managepartners-display-component---masterPtm--smartFilterBar-btnBasicSearch-search\")]"}
COMMAND: POST /session/7a47d135f75b3f9dc9ed0ec43722f433/element/f.EC16CDDA184DC683CEF5B04FDEE8C812.d.59971401F791468D219C420C9069A28B.e.6748/click - {}
RESULT: {}
COMMAND: GET /session/7a47d135f75b3f9dc9ed0ec43722f433/screenshot - {}
RESULT: {}
COMMAND: POST /session/7a47d135f75b3f9dc9ed0ec43722f433/element - {"using":"xpath","value":"//span[@id=\"application-managepartners-display-component---masterPtm--smartTable-header-inner\"]"}
RESULT: {"using":"xpath","value":"//span[@id=\"application-managepartners-display-component---masterPtm--smartTable-header-inner\"]"}
COMMAND: POST /session/7a47d135f75b3f9dc9ed0ec43722f433/elements - {"using":"xpath","value":"//span[@id=\"application-managepartners-display-component---masterPtm--smartTable-header-inner\"]"}
RESULT: {"using":"xpath","value":"//span[@id=\"application-managepartners-display-component---masterPtm--smartTable-header-inner\"]"}
COMMAND: POST /session/7a47d135f75b3f9dc9ed0ec43722f433/execute/sync - {"script":"<script> [56 bytes]","args":[{"element-6066-11e4-a52e-4f735466cecf":"f.EC16CDDA184DC683CEF5B04FDEE8C812.d.59971401F791468D219C420C9069A28B.e.5991","ELEMENT":"f.EC16CDDA184DC683CEF5B04FDEE8C812.d.59971401F791468D219C420C9069A28B.e.5991"}]}
RESULT: {"script":"<script> [56 bytes]","args":[{"element-6066-11e4-a52e-4f735466cecf":"f.EC16CDDA184DC683CEF5B04FDEE8C812.d.59971401F791468D219C420C9069A28B.e.5991","ELEMENT":"f.EC16CDDA184DC683CEF5B04FDEE8C812.d.59971401F791468D219C420C9069A28B.e.5991"}]}
COMMAND: POST /session/7a47d135f75b3f9dc9ed0ec43722f433/element - {"using":"xpath","value":"//span[contains(@title, \"Remove\")]"}
COMMAND: GET /session/7a47d135f75b3f9dc9ed0ec43722f433/screenshot - {}
RESULT: {"using":"xpath","value":"//span[contains(@title, \"Remove\")]"}
COMMAND: POST /session/7a47d135f75b3f9dc9ed0ec43722f433/element/f.EC16CDDA184DC683CEF5B04FDEE8C812.d.59971401F791468D219C420C9069A28B.e.6751/click - {}
RESULT: {}
RESULT: {}
COMMAND: GET /session/7a47d135f75b3f9dc9ed0ec43722f433/screenshot - {}
RESULT: {}
COMMAND: POST /session/7a47d135f75b3f9dc9ed0ec43722f433/execute/async - {"script":"<script> [1562 bytes]","args":[{"selector":{"id":"application-managepartners-display-component---masterPtm--smartFilterBar-btnFilters","interaction":{"idSuffix":"BDI-content"}},"wdio_ui5_key":"applicationmanagepartners-display-component---masterPtm--smartFilterBar-btnFilters"}]}
RESULT: {"script":"<script> [1562 bytes]","args":[{"selector":{"id":"application-managepartners-display-component---masterPtm--smartFilterBar-btnFilters","interaction":{"idSuffix":"BDI-content"}},"wdio_ui5_key":"applicationmanagepartners-display-component---masterPtm--smartFilterBar-btnFilters"}]}
RESULT: undefined
COMMAND: POST /session/7a47d135f75b3f9dc9ed0ec43722f433/element - {"using":"xpath","value":"//*[@id=\"application-managepartners-display-component---masterPtm--smartFilterBar-btnFilters\"]"}
RESULT: {"using":"xpath","value":"//*[@id=\"application-managepartners-display-component---masterPtm--smartFilterBar-btnFilters\"]"}
COMMAND: POST /session/7a47d135f75b3f9dc9ed0ec43722f433/element/f.EC16CDDA184DC683CEF5B04FDEE8C812.d.59971401F791468D219C420C9069A28B.e.5844/click - {}
RESULT: {}
COMMAND: GET /session/7a47d135f75b3f9dc9ed0ec43722f433/screenshot - {}
RESULT: {}
COMMAND: POST /session/7a47d135f75b3f9dc9ed0ec43722f433/elements - {"using":"xpath","value":"//table[contains(@id, \"listView-innerSelectionPanelTable-listUl\")]/tbody/tr"}
RESULT: {"using":"xpath","value":"//table[contains(@id, \"listView-innerSelectionPanelTable-listUl\")]/tbody/tr"}
COMMAND: POST /session/7a47d135f75b3f9dc9ed0ec43722f433/element - {"using":"xpath","value":"//table[contains(@id, \"listView-innerSelectionPanelTable-listUl\")]/tbody/tr[2]/td[2]/div/div"}
RESULT: {"using":"xpath","value":"//table[contains(@id, \"listView-innerSelectionPanelTable-listUl\")]/tbody/tr[2]/td[2]/div/div"}
COMMAND: POST /session/7a47d135f75b3f9dc9ed0ec43722f433/element - {"using":"xpath","value":"//table[contains(@id, \"listView-innerSelectionPanelTable-listUl\")]/tbody/tr[2]/td[2]/div"}
RESULT: {"using":"xpath","value":"//table[contains(@id, \"listView-innerSelectionPanelTable-listUl\")]/tbody/tr[2]/td[2]/div"}
COMMAND: POST /session/7a47d135f75b3f9dc9ed0ec43722f433/element - {"using":"xpath","value":"//table[contains(@id, \"listView-innerSelectionPanelTable-listUl\")]/tbody/tr[2]/td[3]/div/div/span/span[1]/bdi"}
RESULT: {"using":"xpath","value":"//table[contains(@id, \"listView-innerSelectionPanelTable-listUl\")]/tbody/tr[2]/td[3]/div/div/span/span[1]/bdi"}
COMMAND: POST /session/7a47d135f75b3f9dc9ed0ec43722f433/execute/sync - {"script":"<script> [56 bytes]","args":[{"element-6066-11e4-a52e-4f735466cecf":"f.EC16CDDA184DC683CEF5B04FDEE8C812.d.59971401F791468D219C420C9069A28B.e.6859","ELEMENT":"f.EC16CDDA184DC683CEF5B04FDEE8C812.d.59971401F791468D219C420C9069A28B.e.6859"}]}
RESULT: {"script":"<script> [56 bytes]","args":[{"element-6066-11e4-a52e-4f735466cecf":"f.EC16CDDA184DC683CEF5B04FDEE8C812.d.59971401F791468D219C420C9069A28B.e.6859","ELEMENT":"f.EC16CDDA184DC683CEF5B04FDEE8C812.d.59971401F791468D219C420C9069A28B.e.6859"}]}
COMMAND: GET /session/7a47d135f75b3f9dc9ed0ec43722f433/element/f.EC16CDDA184DC683CEF5B04FDEE8C812.d.59971401F791468D219C420C9069A28B.e.6858/attribute/aria-checked - {}
COMMAND: GET /session/7a47d135f75b3f9dc9ed0ec43722f433/screenshot - {}
RESULT: {}
COMMAND: POST /session/7a47d135f75b3f9dc9ed0ec43722f433/element - {"using":"xpath","value":"//table[contains(@id, \"listView-innerSelectionPanelTable-listUl\")]/tbody/tr[3]/td[2]/div/div"}
RESULT: {}
RESULT: {"using":"xpath","value":"//table[contains(@id, \"listView-innerSelectionPanelTable-listUl\")]/tbody/tr[3]/td[2]/div/div"}
COMMAND: POST /session/7a47d135f75b3f9dc9ed0ec43722f433/element - {"using":"xpath","value":"//table[contains(@id, \"listView-innerSelectionPanelTable-listUl\")]/tbody/tr[3]/td[2]/div"}
RESULT: {"using":"xpath","value":"//table[contains(@id, \"listView-innerSelectionPanelTable-listUl\")]/tbody/tr[3]/td[2]/div"}
COMMAND: POST /session/7a47d135f75b3f9dc9ed0ec43722f433/element - {"using":"xpath","value":"//table[contains(@id, \"listView-innerSelectionPanelTable-listUl\")]/tbody/tr[3]/td[3]/div/div/span/span[1]/bdi"}
RESULT: {"using":"xpath","value":"//table[contains(@id, \"listView-innerSelectionPanelTable-listUl\")]/tbody/tr[3]/td[3]/div/div/span/span[1]/bdi"}
COMMAND: POST /session/7a47d135f75b3f9dc9ed0ec43722f433/execute/sync - {"script":"<script> [56 bytes]","args":[{"element-6066-11e4-a52e-4f735466cecf":"f.EC16CDDA184DC683CEF5B04FDEE8C812.d.59971401F791468D219C420C9069A28B.e.6862","ELEMENT":"f.EC16CDDA184DC683CEF5B04FDEE8C812.d.59971401F791468D219C420C9069A28B.e.6862"}]}
RESULT: {"script":"<script> [56 bytes]","args":[{"element-6066-11e4-a52e-4f735466cecf":"f.EC16CDDA184DC683CEF5B04FDEE8C812.d.59971401F791468D219C420C9069A28B.e.6862","ELEMENT":"f.EC16CDDA184DC683CEF5B04FDEE8C812.d.59971401F791468D219C420C9069A28B.e.6862"}]}
COMMAND: GET /session/7a47d135f75b3f9dc9ed0ec43722f433/element/f.EC16CDDA184DC683CEF5B04FDEE8C812.d.59971401F791468D219C420C9069A28B.e.6861/attribute/aria-checked - {}
COMMAND: GET /session/7a47d135f75b3f9dc9ed0ec43722f433/screenshot - {}
RESULT: {}
COMMAND: POST /session/7a47d135f75b3f9dc9ed0ec43722f433/element - {"using":"xpath","value":"//table[contains(@id, \"listView-innerSelectionPanelTable-listUl\")]/tbody/tr[4]/td[2]/div/div"}
RESULT: {}
RESULT: {"using":"xpath","value":"//table[contains(@id, \"listView-innerSelectionPanelTable-listUl\")]/tbody/tr[4]/td[2]/div/div"}
COMMAND: POST /session/7a47d135f75b3f9dc9ed0ec43722f433/element - {"using":"xpath","value":"//table[contains(@id, \"listView-innerSelectionPanelTable-listUl\")]/tbody/tr[4]/td[2]/div"}
RESULT: {"using":"xpath","value":"//table[contains(@id, \"listView-innerSelectionPanelTable-listUl\")]/tbody/tr[4]/td[2]/div"}
COMMAND: POST /session/7a47d135f75b3f9dc9ed0ec43722f433/element - {"using":"xpath","value":"//table[contains(@id, \"listView-innerSelectionPanelTable-listUl\")]/tbody/tr[4]/td[3]/div/div/span/span[1]/bdi"}
RESULT: {"using":"xpath","value":"//table[contains(@id, \"listView-innerSelectionPanelTable-listUl\")]/tbody/tr[4]/td[3]/div/div/span/span[1]/bdi"}
COMMAND: POST /session/7a47d135f75b3f9dc9ed0ec43722f433/execute/sync - {"script":"<script> [56 bytes]","args":[{"element-6066-11e4-a52e-4f735466cecf":"f.EC16CDDA184DC683CEF5B04FDEE8C812.d.59971401F791468D219C420C9069A28B.e.6865","ELEMENT":"f.EC16CDDA184DC683CEF5B04FDEE8C812.d.59971401F791468D219C420C9069A28B.e.6865"}]}
RESULT: {"script":"<script> [56 bytes]","args":[{"element-6066-11e4-a52e-4f735466cecf":"f.EC16CDDA184DC683CEF5B04FDEE8C812.d.59971401F791468D219C420C9069A28B.e.6865","ELEMENT":"f.EC16CDDA184DC683CEF5B04FDEE8C812.d.59971401F791468D219C420C9069A28B.e.6865"}]}
COMMAND: GET /session/7a47d135f75b3f9dc9ed0ec43722f433/element/f.EC16CDDA184DC683CEF5B04FDEE8C812.d.59971401F791468D219C420C9069A28B.e.6864/attribute/aria-checked - {}
COMMAND: GET /session/7a47d135f75b3f9dc9ed0ec43722f433/screenshot - {}
RESULT: {}
COMMAND: POST /session/7a47d135f75b3f9dc9ed0ec43722f433/element - {"using":"xpath","value":"//table[contains(@id, \"listView-innerSelectionPanelTable-listUl\")]/tbody/tr[5]/td[2]/div/div"}
RESULT: {}
RESULT: {"using":"xpath","value":"//table[contains(@id, \"listView-innerSelectionPanelTable-listUl\")]/tbody/tr[5]/td[2]/div/div"}
COMMAND: POST /session/7a47d135f75b3f9dc9ed0ec43722f433/element - {"using":"xpath","value":"//table[contains(@id, \"listView-innerSelectionPanelTable-listUl\")]/tbody/tr[5]/td[2]/div"}
RESULT: {"using":"xpath","value":"//table[contains(@id, \"listView-innerSelectionPanelTable-listUl\")]/tbody/tr[5]/td[2]/div"}
COMMAND: POST /session/7a47d135f75b3f9dc9ed0ec43722f433/element - {"using":"xpath","value":"//table[contains(@id, \"listView-innerSelectionPanelTable-listUl\")]/tbody/tr[5]/td[3]/div/div/span/span[1]/bdi"}
RESULT: {"using":"xpath","value":"//table[contains(@id, \"listView-innerSelectionPanelTable-listUl\")]/tbody/tr[5]/td[3]/div/div/span/span[1]/bdi"}
COMMAND: POST /session/7a47d135f75b3f9dc9ed0ec43722f433/execute/sync - {"script":"<script> [56 bytes]","args":[{"element-6066-11e4-a52e-4f735466cecf":"f.EC16CDDA184DC683CEF5B04FDEE8C812.d.59971401F791468D219C420C9069A28B.e.6868","ELEMENT":"f.EC16CDDA184DC683CEF5B04FDEE8C812.d.59971401F791468D219C420C9069A28B.e.6868"}]}
RESULT: {"script":"<script> [56 bytes]","args":[{"element-6066-11e4-a52e-4f735466cecf":"f.EC16CDDA184DC683CEF5B04FDEE8C812.d.59971401F791468D219C420C9069A28B.e.6868","ELEMENT":"f.EC16CDDA184DC683CEF5B04FDEE8C812.d.59971401F791468D219C420C9069A28B.e.6868"}]}
COMMAND: GET /session/7a47d135f75b3f9dc9ed0ec43722f433/element/f.EC16CDDA184DC683CEF5B04FDEE8C812.d.59971401F791468D219C420C9069A28B.e.6867/attribute/aria-checked - {}
COMMAND: GET /session/7a47d135f75b3f9dc9ed0ec43722f433/screenshot - {}
RESULT: {}
COMMAND: POST /session/7a47d135f75b3f9dc9ed0ec43722f433/element - {"using":"xpath","value":"//table[contains(@id, \"listView-innerSelectionPanelTable-listUl\")]/tbody/tr[6]/td[2]/div/div"}
RESULT: {}
RESULT: {"using":"xpath","value":"//table[contains(@id, \"listView-innerSelectionPanelTable-listUl\")]/tbody/tr[6]/td[2]/div/div"}
COMMAND: POST /session/7a47d135f75b3f9dc9ed0ec43722f433/element - {"using":"xpath","value":"//table[contains(@id, \"listView-innerSelectionPanelTable-listUl\")]/tbody/tr[6]/td[2]/div"}
RESULT: {"using":"xpath","value":"//table[contains(@id, \"listView-innerSelectionPanelTable-listUl\")]/tbody/tr[6]/td[2]/div"}
COMMAND: POST /session/7a47d135f75b3f9dc9ed0ec43722f433/element - {"using":"xpath","value":"//table[contains(@id, \"listView-innerSelectionPanelTable-listUl\")]/tbody/tr[6]/td[3]/div/div/span/span[1]/bdi"}
RESULT: {"using":"xpath","value":"//table[contains(@id, \"listView-innerSelectionPanelTable-listUl\")]/tbody/tr[6]/td[3]/div/div/span/span[1]/bdi"}
COMMAND: POST /session/7a47d135f75b3f9dc9ed0ec43722f433/execute/sync - {"script":"<script> [56 bytes]","args":[{"element-6066-11e4-a52e-4f735466cecf":"f.EC16CDDA184DC683CEF5B04FDEE8C812.d.59971401F791468D219C420C9069A28B.e.6871","ELEMENT":"f.EC16CDDA184DC683CEF5B04FDEE8C812.d.59971401F791468D219C420C9069A28B.e.6871"}]}
RESULT: {"script":"<script> [56 bytes]","args":[{"element-6066-11e4-a52e-4f735466cecf":"f.EC16CDDA184DC683CEF5B04FDEE8C812.d.59971401F791468D219C420C9069A28B.e.6871","ELEMENT":"f.EC16CDDA184DC683CEF5B04FDEE8C812.d.59971401F791468D219C420C9069A28B.e.6871"}]}
COMMAND: GET /session/7a47d135f75b3f9dc9ed0ec43722f433/element/f.EC16CDDA184DC683CEF5B04FDEE8C812.d.59971401F791468D219C420C9069A28B.e.6870/attribute/aria-checked - {}
COMMAND: GET /session/7a47d135f75b3f9dc9ed0ec43722f433/screenshot - {}
RESULT: {}
COMMAND: POST /session/7a47d135f75b3f9dc9ed0ec43722f433/element - {"using":"xpath","value":"//table[contains(@id, \"listView-innerSelectionPanelTable-listUl\")]/tbody/tr[7]/td[2]/div/div"}
RESULT: {}
RESULT: {"using":"xpath","value":"//table[contains(@id, \"listView-innerSelectionPanelTable-listUl\")]/tbody/tr[7]/td[2]/div/div"}
COMMAND: POST /session/7a47d135f75b3f9dc9ed0ec43722f433/element - {"using":"xpath","value":"//table[contains(@id, \"listView-innerSelectionPanelTable-listUl\")]/tbody/tr[7]/td[2]/div"}
RESULT: {"using":"xpath","value":"//table[contains(@id, \"listView-innerSelectionPanelTable-listUl\")]/tbody/tr[7]/td[2]/div"}
COMMAND: POST /session/7a47d135f75b3f9dc9ed0ec43722f433/element - {"using":"xpath","value":"//table[contains(@id, \"listView-innerSelectionPanelTable-listUl\")]/tbody/tr[7]/td[3]/div/div/span/span[1]/bdi"}
RESULT: {"using":"xpath","value":"//table[contains(@id, \"listView-innerSelectionPanelTable-listUl\")]/tbody/tr[7]/td[3]/div/div/span/span[1]/bdi"}
COMMAND: POST /session/7a47d135f75b3f9dc9ed0ec43722f433/execute/sync - {"script":"<script> [56 bytes]","args":[{"element-6066-11e4-a52e-4f735466cecf":"f.EC16CDDA184DC683CEF5B04FDEE8C812.d.59971401F791468D219C420C9069A28B.e.6874","ELEMENT":"f.EC16CDDA184DC683CEF5B04FDEE8C812.d.59971401F791468D219C420C9069A28B.e.6874"}]}
RESULT: {"script":"<script> [56 bytes]","args":[{"element-6066-11e4-a52e-4f735466cecf":"f.EC16CDDA184DC683CEF5B04FDEE8C812.d.59971401F791468D219C420C9069A28B.e.6874","ELEMENT":"f.EC16CDDA184DC683CEF5B04FDEE8C812.d.59971401F791468D219C420C9069A28B.e.6874"}]}
COMMAND: GET /session/7a47d135f75b3f9dc9ed0ec43722f433/element/f.EC16CDDA184DC683CEF5B04FDEE8C812.d.59971401F791468D219C420C9069A28B.e.6873/attribute/aria-checked - {}
COMMAND: GET /session/7a47d135f75b3f9dc9ed0ec43722f433/screenshot - {}
RESULT: {}
COMMAND: POST /session/7a47d135f75b3f9dc9ed0ec43722f433/element - {"using":"xpath","value":"//table[contains(@id, \"listView-innerSelectionPanelTable-listUl\")]/tbody/tr[8]/td[2]/div/div"}
RESULT: {}
RESULT: {"using":"xpath","value":"//table[contains(@id, \"listView-innerSelectionPanelTable-listUl\")]/tbody/tr[8]/td[2]/div/div"}
COMMAND: POST /session/7a47d135f75b3f9dc9ed0ec43722f433/element - {"using":"xpath","value":"//table[contains(@id, \"listView-innerSelectionPanelTable-listUl\")]/tbody/tr[8]/td[2]/div"}
RESULT: {"using":"xpath","value":"//table[contains(@id, \"listView-innerSelectionPanelTable-listUl\")]/tbody/tr[8]/td[2]/div"}
COMMAND: POST /session/7a47d135f75b3f9dc9ed0ec43722f433/element - {"using":"xpath","value":"//table[contains(@id, \"listView-innerSelectionPanelTable-listUl\")]/tbody/tr[8]/td[3]/div/div/span/span[1]/bdi"}
RESULT: {"using":"xpath","value":"//table[contains(@id, \"listView-innerSelectionPanelTable-listUl\")]/tbody/tr[8]/td[3]/div/div/span/span[1]/bdi"}
COMMAND: POST /session/7a47d135f75b3f9dc9ed0ec43722f433/execute/sync - {"script":"<script> [56 bytes]","args":[{"element-6066-11e4-a52e-4f735466cecf":"f.EC16CDDA184DC683CEF5B04FDEE8C812.d.59971401F791468D219C420C9069A28B.e.6877","ELEMENT":"f.EC16CDDA184DC683CEF5B04FDEE8C812.d.59971401F791468D219C420C9069A28B.e.6877"}]}
RESULT: {"script":"<script> [56 bytes]","args":[{"element-6066-11e4-a52e-4f735466cecf":"f.EC16CDDA184DC683CEF5B04FDEE8C812.d.59971401F791468D219C420C9069A28B.e.6877","ELEMENT":"f.EC16CDDA184DC683CEF5B04FDEE8C812.d.59971401F791468D219C420C9069A28B.e.6877"}]}
COMMAND: GET /session/7a47d135f75b3f9dc9ed0ec43722f433/element/f.EC16CDDA184DC683CEF5B04FDEE8C812.d.59971401F791468D219C420C9069A28B.e.6876/attribute/aria-checked - {}
COMMAND: GET /session/7a47d135f75b3f9dc9ed0ec43722f433/screenshot - {}
RESULT: {}
COMMAND: POST /session/7a47d135f75b3f9dc9ed0ec43722f433/element - {"using":"xpath","value":"//table[contains(@id, \"listView-innerSelectionPanelTable-listUl\")]/tbody/tr[9]/td[2]/div/div"}
RESULT: {}
RESULT: {"using":"xpath","value":"//table[contains(@id, \"listView-innerSelectionPanelTable-listUl\")]/tbody/tr[9]/td[2]/div/div"}
COMMAND: POST /session/7a47d135f75b3f9dc9ed0ec43722f433/element - {"using":"xpath","value":"//table[contains(@id, \"listView-innerSelectionPanelTable-listUl\")]/tbody/tr[9]/td[2]/div"}
RESULT: {"using":"xpath","value":"//table[contains(@id, \"listView-innerSelectionPanelTable-listUl\")]/tbody/tr[9]/td[2]/div"}
COMMAND: POST /session/7a47d135f75b3f9dc9ed0ec43722f433/element - {"using":"xpath","value":"//table[contains(@id, \"listView-innerSelectionPanelTable-listUl\")]/tbody/tr[9]/td[3]/div/div/span/span[1]/bdi"}
RESULT: {"using":"xpath","value":"//table[contains(@id, \"listView-innerSelectionPanelTable-listUl\")]/tbody/tr[9]/td[3]/div/div/span/span[1]/bdi"}
COMMAND: POST /session/7a47d135f75b3f9dc9ed0ec43722f433/execute/sync - {"script":"<script> [56 bytes]","args":[{"element-6066-11e4-a52e-4f735466cecf":"f.EC16CDDA184DC683CEF5B04FDEE8C812.d.59971401F791468D219C420C9069A28B.e.6880","ELEMENT":"f.EC16CDDA184DC683CEF5B04FDEE8C812.d.59971401F791468D219C420C9069A28B.e.6880"}]}
RESULT: {"script":"<script> [56 bytes]","args":[{"element-6066-11e4-a52e-4f735466cecf":"f.EC16CDDA184DC683CEF5B04FDEE8C812.d.59971401F791468D219C420C9069A28B.e.6880","ELEMENT":"f.EC16CDDA184DC683CEF5B04FDEE8C812.d.59971401F791468D219C420C9069A28B.e.6880"}]}
COMMAND: GET /session/7a47d135f75b3f9dc9ed0ec43722f433/element/f.EC16CDDA184DC683CEF5B04FDEE8C812.d.59971401F791468D219C420C9069A28B.e.6879/attribute/aria-checked - {}
COMMAND: GET /session/7a47d135f75b3f9dc9ed0ec43722f433/screenshot - {}
RESULT: {}
COMMAND: POST /session/7a47d135f75b3f9dc9ed0ec43722f433/element - {"using":"xpath","value":"//table[contains(@id, \"listView-innerSelectionPanelTable-listUl\")]/tbody/tr[10]/td[2]/div/div"}
RESULT: {}
RESULT: {"using":"xpath","value":"//table[contains(@id, \"listView-innerSelectionPanelTable-listUl\")]/tbody/tr[10]/td[2]/div/div"}
COMMAND: POST /session/7a47d135f75b3f9dc9ed0ec43722f433/element - {"using":"xpath","value":"//table[contains(@id, \"listView-innerSelectionPanelTable-listUl\")]/tbody/tr[10]/td[2]/div"}
RESULT: {"using":"xpath","value":"//table[contains(@id, \"listView-innerSelectionPanelTable-listUl\")]/tbody/tr[10]/td[2]/div"}
COMMAND: POST /session/7a47d135f75b3f9dc9ed0ec43722f433/element - {"using":"xpath","value":"//table[contains(@id, \"listView-innerSelectionPanelTable-listUl\")]/tbody/tr[10]/td[3]/div/div/span/span[1]/bdi"}
RESULT: {"using":"xpath","value":"//table[contains(@id, \"listView-innerSelectionPanelTable-listUl\")]/tbody/tr[10]/td[3]/div/div/span/span[1]/bdi"}
COMMAND: POST /session/7a47d135f75b3f9dc9ed0ec43722f433/execute/sync - {"script":"<script> [56 bytes]","args":[{"element-6066-11e4-a52e-4f735466cecf":"f.EC16CDDA184DC683CEF5B04FDEE8C812.d.59971401F791468D219C420C9069A28B.e.6883","ELEMENT":"f.EC16CDDA184DC683CEF5B04FDEE8C812.d.59971401F791468D219C420C9069A28B.e.6883"}]}
RESULT: {"script":"<script> [56 bytes]","args":[{"element-6066-11e4-a52e-4f735466cecf":"f.EC16CDDA184DC683CEF5B04FDEE8C812.d.59971401F791468D219C420C9069A28B.e.6883","ELEMENT":"f.EC16CDDA184DC683CEF5B04FDEE8C812.d.59971401F791468D219C420C9069A28B.e.6883"}]}
COMMAND: GET /session/7a47d135f75b3f9dc9ed0ec43722f433/element/f.EC16CDDA184DC683CEF5B04FDEE8C812.d.59971401F791468D219C420C9069A28B.e.6882/attribute/aria-checked - {}
COMMAND: GET /session/7a47d135f75b3f9dc9ed0ec43722f433/screenshot - {}
RESULT: {}
COMMAND: POST /session/7a47d135f75b3f9dc9ed0ec43722f433/element - {"using":"xpath","value":"//table[contains(@id, \"listView-innerSelectionPanelTable-listUl\")]/tbody/tr[11]/td[2]/div/div"}
RESULT: {}
RESULT: {"using":"xpath","value":"//table[contains(@id, \"listView-innerSelectionPanelTable-listUl\")]/tbody/tr[11]/td[2]/div/div"}
COMMAND: POST /session/7a47d135f75b3f9dc9ed0ec43722f433/element - {"using":"xpath","value":"//table[contains(@id, \"listView-innerSelectionPanelTable-listUl\")]/tbody/tr[11]/td[2]/div"}
RESULT: {"using":"xpath","value":"//table[contains(@id, \"listView-innerSelectionPanelTable-listUl\")]/tbody/tr[11]/td[2]/div"}
COMMAND: POST /session/7a47d135f75b3f9dc9ed0ec43722f433/element - {"using":"xpath","value":"//table[contains(@id, \"listView-innerSelectionPanelTable-listUl\")]/tbody/tr[11]/td[3]/div/div/span/span[1]/bdi"}
RESULT: {"using":"xpath","value":"//table[contains(@id, \"listView-innerSelectionPanelTable-listUl\")]/tbody/tr[11]/td[3]/div/div/span/span[1]/bdi"}
COMMAND: POST /session/7a47d135f75b3f9dc9ed0ec43722f433/execute/sync - {"script":"<script> [56 bytes]","args":[{"element-6066-11e4-a52e-4f735466cecf":"f.EC16CDDA184DC683CEF5B04FDEE8C812.d.59971401F791468D219C420C9069A28B.e.6886","ELEMENT":"f.EC16CDDA184DC683CEF5B04FDEE8C812.d.59971401F791468D219C420C9069A28B.e.6886"}]}
RESULT: {"script":"<script> [56 bytes]","args":[{"element-6066-11e4-a52e-4f735466cecf":"f.EC16CDDA184DC683CEF5B04FDEE8C812.d.59971401F791468D219C420C9069A28B.e.6886","ELEMENT":"f.EC16CDDA184DC683CEF5B04FDEE8C812.d.59971401F791468D219C420C9069A28B.e.6886"}]}
COMMAND: GET /session/7a47d135f75b3f9dc9ed0ec43722f433/element/f.EC16CDDA184DC683CEF5B04FDEE8C812.d.59971401F791468D219C420C9069A28B.e.6885/attribute/aria-checked - {}
COMMAND: GET /session/7a47d135f75b3f9dc9ed0ec43722f433/screenshot - {}
RESULT: {}
COMMAND: POST /session/7a47d135f75b3f9dc9ed0ec43722f433/element - {"using":"xpath","value":"//table[contains(@id, \"listView-innerSelectionPanelTable-listUl\")]/tbody/tr[12]/td[2]/div/div"}
RESULT: {}
RESULT: {"using":"xpath","value":"//table[contains(@id, \"listView-innerSelectionPanelTable-listUl\")]/tbody/tr[12]/td[2]/div/div"}
COMMAND: POST /session/7a47d135f75b3f9dc9ed0ec43722f433/element - {"using":"xpath","value":"//table[contains(@id, \"listView-innerSelectionPanelTable-listUl\")]/tbody/tr[12]/td[2]/div"}
RESULT: {"using":"xpath","value":"//table[contains(@id, \"listView-innerSelectionPanelTable-listUl\")]/tbody/tr[12]/td[2]/div"}
COMMAND: POST /session/7a47d135f75b3f9dc9ed0ec43722f433/element - {"using":"xpath","value":"//table[contains(@id, \"listView-innerSelectionPanelTable-listUl\")]/tbody/tr[12]/td[3]/div/div/span/span[1]/bdi"}
RESULT: {"using":"xpath","value":"//table[contains(@id, \"listView-innerSelectionPanelTable-listUl\")]/tbody/tr[12]/td[3]/div/div/span/span[1]/bdi"}
COMMAND: POST /session/7a47d135f75b3f9dc9ed0ec43722f433/execute/sync - {"script":"<script> [56 bytes]","args":[{"element-6066-11e4-a52e-4f735466cecf":"f.EC16CDDA184DC683CEF5B04FDEE8C812.d.59971401F791468D219C420C9069A28B.e.6889","ELEMENT":"f.EC16CDDA184DC683CEF5B04FDEE8C812.d.59971401F791468D219C420C9069A28B.e.6889"}]}
RESULT: {"script":"<script> [56 bytes]","args":[{"element-6066-11e4-a52e-4f735466cecf":"f.EC16CDDA184DC683CEF5B04FDEE8C812.d.59971401F791468D219C420C9069A28B.e.6889","ELEMENT":"f.EC16CDDA184DC683CEF5B04FDEE8C812.d.59971401F791468D219C420C9069A28B.e.6889"}]}
COMMAND: GET /session/7a47d135f75b3f9dc9ed0ec43722f433/element/f.EC16CDDA184DC683CEF5B04FDEE8C812.d.59971401F791468D219C420C9069A28B.e.6888/attribute/aria-checked - {}
COMMAND: GET /session/7a47d135f75b3f9dc9ed0ec43722f433/screenshot - {}
RESULT: {}
COMMAND: POST /session/7a47d135f75b3f9dc9ed0ec43722f433/element - {"using":"xpath","value":"//table[contains(@id, \"listView-innerSelectionPanelTable-listUl\")]/tbody/tr[13]/td[2]/div/div"}
RESULT: {}
RESULT: {"using":"xpath","value":"//table[contains(@id, \"listView-innerSelectionPanelTable-listUl\")]/tbody/tr[13]/td[2]/div/div"}
COMMAND: POST /session/7a47d135f75b3f9dc9ed0ec43722f433/element - {"using":"xpath","value":"//table[contains(@id, \"listView-innerSelectionPanelTable-listUl\")]/tbody/tr[13]/td[2]/div"}
RESULT: {"using":"xpath","value":"//table[contains(@id, \"listView-innerSelectionPanelTable-listUl\")]/tbody/tr[13]/td[2]/div"}
COMMAND: POST /session/7a47d135f75b3f9dc9ed0ec43722f433/element - {"using":"xpath","value":"//table[contains(@id, \"listView-innerSelectionPanelTable-listUl\")]/tbody/tr[13]/td[3]/div/div/span/span[1]/bdi"}
RESULT: {"using":"xpath","value":"//table[contains(@id, \"listView-innerSelectionPanelTable-listUl\")]/tbody/tr[13]/td[3]/div/div/span/span[1]/bdi"}
COMMAND: POST /session/7a47d135f75b3f9dc9ed0ec43722f433/execute/sync - {"script":"<script> [56 bytes]","args":[{"element-6066-11e4-a52e-4f735466cecf":"f.EC16CDDA184DC683CEF5B04FDEE8C812.d.59971401F791468D219C420C9069A28B.e.6892","ELEMENT":"f.EC16CDDA184DC683CEF5B04FDEE8C812.d.59971401F791468D219C420C9069A28B.e.6892"}]}
RESULT: {"script":"<script> [56 bytes]","args":[{"element-6066-11e4-a52e-4f735466cecf":"f.EC16CDDA184DC683CEF5B04FDEE8C812.d.59971401F791468D219C420C9069A28B.e.6892","ELEMENT":"f.EC16CDDA184DC683CEF5B04FDEE8C812.d.59971401F791468D219C420C9069A28B.e.6892"}]}
COMMAND: GET /session/7a47d135f75b3f9dc9ed0ec43722f433/element/f.EC16CDDA184DC683CEF5B04FDEE8C812.d.59971401F791468D219C420C9069A28B.e.6891/attribute/aria-checked - {}
COMMAND: GET /session/7a47d135f75b3f9dc9ed0ec43722f433/screenshot - {}
RESULT: {}
COMMAND: POST /session/7a47d135f75b3f9dc9ed0ec43722f433/element - {"using":"xpath","value":"//table[contains(@id, \"listView-innerSelectionPanelTable-listUl\")]/tbody/tr[14]/td[2]/div/div"}
COMMAND: POST /session/7a47d135f75b3f9dc9ed0ec43722f433/element/f.EC16CDDA184DC683CEF5B04FDEE8C812.d.59971401F791468D219C420C9069A28B.e.6890/click - {}
RESULT: {}
RESULT: {"using":"xpath","value":"//table[contains(@id, \"listView-innerSelectionPanelTable-listUl\")]/tbody/tr[14]/td[2]/div/div"}
COMMAND: POST /session/7a47d135f75b3f9dc9ed0ec43722f433/element - {"using":"xpath","value":"//table[contains(@id, \"listView-innerSelectionPanelTable-listUl\")]/tbody/tr[14]/td[2]/div"}
RESULT: {}
COMMAND: GET /session/7a47d135f75b3f9dc9ed0ec43722f433/screenshot - {}
RESULT: {"using":"xpath","value":"//table[contains(@id, \"listView-innerSelectionPanelTable-listUl\")]/tbody/tr[14]/td[2]/div"}
COMMAND: POST /session/7a47d135f75b3f9dc9ed0ec43722f433/element - {"using":"xpath","value":"//table[contains(@id, \"listView-innerSelectionPanelTable-listUl\")]/tbody/tr[14]/td[3]/div/div/span/span[1]/bdi"}
RESULT: {}
RESULT: {"using":"xpath","value":"//table[contains(@id, \"listView-innerSelectionPanelTable-listUl\")]/tbody/tr[14]/td[3]/div/div/span/span[1]/bdi"}
COMMAND: POST /session/7a47d135f75b3f9dc9ed0ec43722f433/execute/sync - {"script":"<script> [56 bytes]","args":[{"element-6066-11e4-a52e-4f735466cecf":"f.EC16CDDA184DC683CEF5B04FDEE8C812.d.59971401F791468D219C420C9069A28B.e.6896","ELEMENT":"f.EC16CDDA184DC683CEF5B04FDEE8C812.d.59971401F791468D219C420C9069A28B.e.6896"}]}
RESULT: {"script":"<script> [56 bytes]","args":[{"element-6066-11e4-a52e-4f735466cecf":"f.EC16CDDA184DC683CEF5B04FDEE8C812.d.59971401F791468D219C420C9069A28B.e.6896","ELEMENT":"f.EC16CDDA184DC683CEF5B04FDEE8C812.d.59971401F791468D219C420C9069A28B.e.6896"}]}
COMMAND: GET /session/7a47d135f75b3f9dc9ed0ec43722f433/element/f.EC16CDDA184DC683CEF5B04FDEE8C812.d.59971401F791468D219C420C9069A28B.e.6895/attribute/aria-checked - {}
COMMAND: GET /session/7a47d135f75b3f9dc9ed0ec43722f433/screenshot - {}
RESULT: {}
COMMAND: POST /session/7a47d135f75b3f9dc9ed0ec43722f433/element - {"using":"xpath","value":"//table[contains(@id, \"listView-innerSelectionPanelTable-listUl\")]/tbody/tr[15]/td[2]/div/div"}
RESULT: {}
RESULT: {"using":"xpath","value":"//table[contains(@id, \"listView-innerSelectionPanelTable-listUl\")]/tbody/tr[15]/td[2]/div/div"}
COMMAND: POST /session/7a47d135f75b3f9dc9ed0ec43722f433/element - {"using":"xpath","value":"//table[contains(@id, \"listView-innerSelectionPanelTable-listUl\")]/tbody/tr[15]/td[2]/div"}
RESULT: {"using":"xpath","value":"//table[contains(@id, \"listView-innerSelectionPanelTable-listUl\")]/tbody/tr[15]/td[2]/div"}
COMMAND: POST /session/7a47d135f75b3f9dc9ed0ec43722f433/element - {"using":"xpath","value":"//table[contains(@id, \"listView-innerSelectionPanelTable-listUl\")]/tbody/tr[15]/td[3]/div/div/span/span[1]/bdi"}
RESULT: {"using":"xpath","value":"//table[contains(@id, \"listView-innerSelectionPanelTable-listUl\")]/tbody/tr[15]/td[3]/div/div/span/span[1]/bdi"}
COMMAND: POST /session/7a47d135f75b3f9dc9ed0ec43722f433/execute/sync - {"script":"<script> [56 bytes]","args":[{"element-6066-11e4-a52e-4f735466cecf":"f.EC16CDDA184DC683CEF5B04FDEE8C812.d.59971401F791468D219C420C9069A28B.e.6899","ELEMENT":"f.EC16CDDA184DC683CEF5B04FDEE8C812.d.59971401F791468D219C420C9069A28B.e.6899"}]}
RESULT: {"script":"<script> [56 bytes]","args":[{"element-6066-11e4-a52e-4f735466cecf":"f.EC16CDDA184DC683CEF5B04FDEE8C812.d.59971401F791468D219C420C9069A28B.e.6899","ELEMENT":"f.EC16CDDA184DC683CEF5B04FDEE8C812.d.59971401F791468D219C420C9069A28B.e.6899"}]}
COMMAND: GET /session/7a47d135f75b3f9dc9ed0ec43722f433/element/f.EC16CDDA184DC683CEF5B04FDEE8C812.d.59971401F791468D219C420C9069A28B.e.6898/attribute/aria-checked - {}
COMMAND: GET /session/7a47d135f75b3f9dc9ed0ec43722f433/screenshot - {}
RESULT: {}
COMMAND: POST /session/7a47d135f75b3f9dc9ed0ec43722f433/element - {"using":"xpath","value":"//table[contains(@id, \"listView-innerSelectionPanelTable-listUl\")]/tbody/tr[16]/td[2]/div/div"}
RESULT: {}
RESULT: {"using":"xpath","value":"//table[contains(@id, \"listView-innerSelectionPanelTable-listUl\")]/tbody/tr[16]/td[2]/div/div"}
COMMAND: POST /session/7a47d135f75b3f9dc9ed0ec43722f433/element - {"using":"xpath","value":"//table[contains(@id, \"listView-innerSelectionPanelTable-listUl\")]/tbody/tr[16]/td[2]/div"}
RESULT: {"using":"xpath","value":"//table[contains(@id, \"listView-innerSelectionPanelTable-listUl\")]/tbody/tr[16]/td[2]/div"}
COMMAND: POST /session/7a47d135f75b3f9dc9ed0ec43722f433/element - {"using":"xpath","value":"//table[contains(@id, \"listView-innerSelectionPanelTable-listUl\")]/tbody/tr[16]/td[3]/div/div/span/span[1]/bdi"}
RESULT: {"using":"xpath","value":"//table[contains(@id, \"listView-innerSelectionPanelTable-listUl\")]/tbody/tr[16]/td[3]/div/div/span/span[1]/bdi"}
COMMAND: POST /session/7a47d135f75b3f9dc9ed0ec43722f433/execute/sync - {"script":"<script> [56 bytes]","args":[{"element-6066-11e4-a52e-4f735466cecf":"f.EC16CDDA184DC683CEF5B04FDEE8C812.d.59971401F791468D219C420C9069A28B.e.6902","ELEMENT":"f.EC16CDDA184DC683CEF5B04FDEE8C812.d.59971401F791468D219C420C9069A28B.e.6902"}]}
RESULT: {"script":"<script> [56 bytes]","args":[{"element-6066-11e4-a52e-4f735466cecf":"f.EC16CDDA184DC683CEF5B04FDEE8C812.d.59971401F791468D219C420C9069A28B.e.6902","ELEMENT":"f.EC16CDDA184DC683CEF5B04FDEE8C812.d.59971401F791468D219C420C9069A28B.e.6902"}]}
COMMAND: GET /session/7a47d135f75b3f9dc9ed0ec43722f433/element/f.EC16CDDA184DC683CEF5B04FDEE8C812.d.59971401F791468D219C420C9069A28B.e.6901/attribute/aria-checked - {}
COMMAND: GET /session/7a47d135f75b3f9dc9ed0ec43722f433/screenshot - {}
RESULT: {}
COMMAND: POST /session/7a47d135f75b3f9dc9ed0ec43722f433/element - {"using":"xpath","value":"//table[contains(@id, \"listView-innerSelectionPanelTable-listUl\")]/tbody/tr[17]/td[2]/div/div"}
RESULT: {}
RESULT: {"using":"xpath","value":"//table[contains(@id, \"listView-innerSelectionPanelTable-listUl\")]/tbody/tr[17]/td[2]/div/div"}
COMMAND: POST /session/7a47d135f75b3f9dc9ed0ec43722f433/element - {"using":"xpath","value":"//table[contains(@id, \"listView-innerSelectionPanelTable-listUl\")]/tbody/tr[17]/td[2]/div"}
RESULT: {"using":"xpath","value":"//table[contains(@id, \"listView-innerSelectionPanelTable-listUl\")]/tbody/tr[17]/td[2]/div"}
COMMAND: POST /session/7a47d135f75b3f9dc9ed0ec43722f433/element - {"using":"xpath","value":"//table[contains(@id, \"listView-innerSelectionPanelTable-listUl\")]/tbody/tr[17]/td[3]/div/div/span/span[1]/bdi"}
RESULT: {"using":"xpath","value":"//table[contains(@id, \"listView-innerSelectionPanelTable-listUl\")]/tbody/tr[17]/td[3]/div/div/span/span[1]/bdi"}
COMMAND: POST /session/7a47d135f75b3f9dc9ed0ec43722f433/execute/sync - {"script":"<script> [56 bytes]","args":[{"element-6066-11e4-a52e-4f735466cecf":"f.EC16CDDA184DC683CEF5B04FDEE8C812.d.59971401F791468D219C420C9069A28B.e.6905","ELEMENT":"f.EC16CDDA184DC683CEF5B04FDEE8C812.d.59971401F791468D219C420C9069A28B.e.6905"}]}
RESULT: {"script":"<script> [56 bytes]","args":[{"element-6066-11e4-a52e-4f735466cecf":"f.EC16CDDA184DC683CEF5B04FDEE8C812.d.59971401F791468D219C420C9069A28B.e.6905","ELEMENT":"f.EC16CDDA184DC683CEF5B04FDEE8C812.d.59971401F791468D219C420C9069A28B.e.6905"}]}
COMMAND: GET /session/7a47d135f75b3f9dc9ed0ec43722f433/element/f.EC16CDDA184DC683CEF5B04FDEE8C812.d.59971401F791468D219C420C9069A28B.e.6904/attribute/aria-checked - {}
COMMAND: GET /session/7a47d135f75b3f9dc9ed0ec43722f433/screenshot - {}
RESULT: {}
COMMAND: POST /session/7a47d135f75b3f9dc9ed0ec43722f433/element - {"using":"xpath","value":"//table[contains(@id, \"listView-innerSelectionPanelTable-listUl\")]/tbody/tr[18]/td[2]/div/div"}
RESULT: {}
RESULT: {"using":"xpath","value":"//table[contains(@id, \"listView-innerSelectionPanelTable-listUl\")]/tbody/tr[18]/td[2]/div/div"}
COMMAND: POST /session/7a47d135f75b3f9dc9ed0ec43722f433/element - {"using":"xpath","value":"//table[contains(@id, \"listView-innerSelectionPanelTable-listUl\")]/tbody/tr[18]/td[2]/div"}
RESULT: {"using":"xpath","value":"//table[contains(@id, \"listView-innerSelectionPanelTable-listUl\")]/tbody/tr[18]/td[2]/div"}
COMMAND: POST /session/7a47d135f75b3f9dc9ed0ec43722f433/element - {"using":"xpath","value":"//table[contains(@id, \"listView-innerSelectionPanelTable-listUl\")]/tbody/tr[18]/td[3]/div/div/span/span[1]/bdi"}
RESULT: {"using":"xpath","value":"//table[contains(@id, \"listView-innerSelectionPanelTable-listUl\")]/tbody/tr[18]/td[3]/div/div/span/span[1]/bdi"}
COMMAND: POST /session/7a47d135f75b3f9dc9ed0ec43722f433/execute/sync - {"script":"<script> [56 bytes]","args":[{"element-6066-11e4-a52e-4f735466cecf":"f.EC16CDDA184DC683CEF5B04FDEE8C812.d.59971401F791468D219C420C9069A28B.e.6908","ELEMENT":"f.EC16CDDA184DC683CEF5B04FDEE8C812.d.59971401F791468D219C420C9069A28B.e.6908"}]}
RESULT: {"script":"<script> [56 bytes]","args":[{"element-6066-11e4-a52e-4f735466cecf":"f.EC16CDDA184DC683CEF5B04FDEE8C812.d.59971401F791468D219C420C9069A28B.e.6908","ELEMENT":"f.EC16CDDA184DC683CEF5B04FDEE8C812.d.59971401F791468D219C420C9069A28B.e.6908"}]}
COMMAND: GET /session/7a47d135f75b3f9dc9ed0ec43722f433/element/f.EC16CDDA184DC683CEF5B04FDEE8C812.d.59971401F791468D219C420C9069A28B.e.6907/attribute/aria-checked - {}
COMMAND: GET /session/7a47d135f75b3f9dc9ed0ec43722f433/screenshot - {}
RESULT: {}
COMMAND: POST /session/7a47d135f75b3f9dc9ed0ec43722f433/element - {"using":"xpath","value":"//table[contains(@id, \"listView-innerSelectionPanelTable-listUl\")]/tbody/tr[19]/td[2]/div/div"}
RESULT: {}
RESULT: {"using":"xpath","value":"//table[contains(@id, \"listView-innerSelectionPanelTable-listUl\")]/tbody/tr[19]/td[2]/div/div"}
COMMAND: POST /session/7a47d135f75b3f9dc9ed0ec43722f433/element - {"using":"xpath","value":"//table[contains(@id, \"listView-innerSelectionPanelTable-listUl\")]/tbody/tr[19]/td[2]/div"}
RESULT: {"using":"xpath","value":"//table[contains(@id, \"listView-innerSelectionPanelTable-listUl\")]/tbody/tr[19]/td[2]/div"}
COMMAND: POST /session/7a47d135f75b3f9dc9ed0ec43722f433/element - {"using":"xpath","value":"//table[contains(@id, \"listView-innerSelectionPanelTable-listUl\")]/tbody/tr[19]/td[3]/div/div/span/span[1]/bdi"}
RESULT: {"using":"xpath","value":"//table[contains(@id, \"listView-innerSelectionPanelTable-listUl\")]/tbody/tr[19]/td[3]/div/div/span/span[1]/bdi"}
COMMAND: POST /session/7a47d135f75b3f9dc9ed0ec43722f433/execute/sync - {"script":"<script> [56 bytes]","args":[{"element-6066-11e4-a52e-4f735466cecf":"f.EC16CDDA184DC683CEF5B04FDEE8C812.d.59971401F791468D219C420C9069A28B.e.6911","ELEMENT":"f.EC16CDDA184DC683CEF5B04FDEE8C812.d.59971401F791468D219C420C9069A28B.e.6911"}]}
RESULT: {"script":"<script> [56 bytes]","args":[{"element-6066-11e4-a52e-4f735466cecf":"f.EC16CDDA184DC683CEF5B04FDEE8C812.d.59971401F791468D219C420C9069A28B.e.6911","ELEMENT":"f.EC16CDDA184DC683CEF5B04FDEE8C812.d.59971401F791468D219C420C9069A28B.e.6911"}]}
COMMAND: GET /session/7a47d135f75b3f9dc9ed0ec43722f433/element/f.EC16CDDA184DC683CEF5B04FDEE8C812.d.59971401F791468D219C420C9069A28B.e.6910/attribute/aria-checked - {}
COMMAND: GET /session/7a47d135f75b3f9dc9ed0ec43722f433/screenshot - {}
RESULT: {}
COMMAND: POST /session/7a47d135f75b3f9dc9ed0ec43722f433/element - {"using":"xpath","value":"//table[contains(@id, \"listView-innerSelectionPanelTable-listUl\")]/tbody/tr[20]/td[2]/div/div"}
RESULT: {}
RESULT: {"using":"xpath","value":"//table[contains(@id, \"listView-innerSelectionPanelTable-listUl\")]/tbody/tr[20]/td[2]/div/div"}
COMMAND: POST /session/7a47d135f75b3f9dc9ed0ec43722f433/element - {"using":"xpath","value":"//table[contains(@id, \"listView-innerSelectionPanelTable-listUl\")]/tbody/tr[20]/td[2]/div"}
RESULT: {"using":"xpath","value":"//table[contains(@id, \"listView-innerSelectionPanelTable-listUl\")]/tbody/tr[20]/td[2]/div"}
COMMAND: POST /session/7a47d135f75b3f9dc9ed0ec43722f433/element - {"using":"xpath","value":"//table[contains(@id, \"listView-innerSelectionPanelTable-listUl\")]/tbody/tr[20]/td[3]/div/div/span/span[1]/bdi"}
RESULT: {"using":"xpath","value":"//table[contains(@id, \"listView-innerSelectionPanelTable-listUl\")]/tbody/tr[20]/td[3]/div/div/span/span[1]/bdi"}
COMMAND: POST /session/7a47d135f75b3f9dc9ed0ec43722f433/execute/sync - {"script":"<script> [56 bytes]","args":[{"element-6066-11e4-a52e-4f735466cecf":"f.EC16CDDA184DC683CEF5B04FDEE8C812.d.59971401F791468D219C420C9069A28B.e.6914","ELEMENT":"f.EC16CDDA184DC683CEF5B04FDEE8C812.d.59971401F791468D219C420C9069A28B.e.6914"}]}
RESULT: {"script":"<script> [56 bytes]","args":[{"element-6066-11e4-a52e-4f735466cecf":"f.EC16CDDA184DC683CEF5B04FDEE8C812.d.59971401F791468D219C420C9069A28B.e.6914","ELEMENT":"f.EC16CDDA184DC683CEF5B04FDEE8C812.d.59971401F791468D219C420C9069A28B.e.6914"}]}
COMMAND: GET /session/7a47d135f75b3f9dc9ed0ec43722f433/element/f.EC16CDDA184DC683CEF5B04FDEE8C812.d.59971401F791468D219C420C9069A28B.e.6913/attribute/aria-checked - {}
COMMAND: GET /session/7a47d135f75b3f9dc9ed0ec43722f433/screenshot - {}
RESULT: {}
COMMAND: POST /session/7a47d135f75b3f9dc9ed0ec43722f433/element - {"using":"xpath","value":"//table[contains(@id, \"listView-innerSelectionPanelTable-listUl\")]/tbody/tr[21]/td[2]/div/div"}
RESULT: {}
RESULT: {"using":"xpath","value":"//table[contains(@id, \"listView-innerSelectionPanelTable-listUl\")]/tbody/tr[21]/td[2]/div/div"}
COMMAND: POST /session/7a47d135f75b3f9dc9ed0ec43722f433/element - {"using":"xpath","value":"//table[contains(@id, \"listView-innerSelectionPanelTable-listUl\")]/tbody/tr[21]/td[2]/div"}
RESULT: {"using":"xpath","value":"//table[contains(@id, \"listView-innerSelectionPanelTable-listUl\")]/tbody/tr[21]/td[2]/div"}
COMMAND: POST /session/7a47d135f75b3f9dc9ed0ec43722f433/element - {"using":"xpath","value":"//table[contains(@id, \"listView-innerSelectionPanelTable-listUl\")]/tbody/tr[21]/td[3]/div/div/span/span[1]/bdi"}
RESULT: {"using":"xpath","value":"//table[contains(@id, \"listView-innerSelectionPanelTable-listUl\")]/tbody/tr[21]/td[3]/div/div/span/span[1]/bdi"}
COMMAND: POST /session/7a47d135f75b3f9dc9ed0ec43722f433/execute/sync - {"script":"<script> [56 bytes]","args":[{"element-6066-11e4-a52e-4f735466cecf":"f.EC16CDDA184DC683CEF5B04FDEE8C812.d.59971401F791468D219C420C9069A28B.e.6917","ELEMENT":"f.EC16CDDA184DC683CEF5B04FDEE8C812.d.59971401F791468D219C420C9069A28B.e.6917"}]}
RESULT: {"script":"<script> [56 bytes]","args":[{"element-6066-11e4-a52e-4f735466cecf":"f.EC16CDDA184DC683CEF5B04FDEE8C812.d.59971401F791468D219C420C9069A28B.e.6917","ELEMENT":"f.EC16CDDA184DC683CEF5B04FDEE8C812.d.59971401F791468D219C420C9069A28B.e.6917"}]}
COMMAND: GET /session/7a47d135f75b3f9dc9ed0ec43722f433/element/f.EC16CDDA184DC683CEF5B04FDEE8C812.d.59971401F791468D219C420C9069A28B.e.6916/attribute/aria-checked - {}
COMMAND: GET /session/7a47d135f75b3f9dc9ed0ec43722f433/screenshot - {}
RESULT: {}
COMMAND: POST /session/7a47d135f75b3f9dc9ed0ec43722f433/element - {"using":"xpath","value":"//table[contains(@id, \"listView-innerSelectionPanelTable-listUl\")]/tbody/tr[22]/td[2]/div/div"}
RESULT: {}
RESULT: {"using":"xpath","value":"//table[contains(@id, \"listView-innerSelectionPanelTable-listUl\")]/tbody/tr[22]/td[2]/div/div"}
COMMAND: POST /session/7a47d135f75b3f9dc9ed0ec43722f433/element - {"using":"xpath","value":"//table[contains(@id, \"listView-innerSelectionPanelTable-listUl\")]/tbody/tr[22]/td[2]/div"}
RESULT: {"using":"xpath","value":"//table[contains(@id, \"listView-innerSelectionPanelTable-listUl\")]/tbody/tr[22]/td[2]/div"}
COMMAND: POST /session/7a47d135f75b3f9dc9ed0ec43722f433/element - {"using":"xpath","value":"//table[contains(@id, \"listView-innerSelectionPanelTable-listUl\")]/tbody/tr[22]/td[3]/div/div/span/span[1]/bdi"}
RESULT: {"using":"xpath","value":"//table[contains(@id, \"listView-innerSelectionPanelTable-listUl\")]/tbody/tr[22]/td[3]/div/div/span/span[1]/bdi"}
COMMAND: POST /session/7a47d135f75b3f9dc9ed0ec43722f433/execute/sync - {"script":"<script> [56 bytes]","args":[{"element-6066-11e4-a52e-4f735466cecf":"f.EC16CDDA184DC683CEF5B04FDEE8C812.d.59971401F791468D219C420C9069A28B.e.6920","ELEMENT":"f.EC16CDDA184DC683CEF5B04FDEE8C812.d.59971401F791468D219C420C9069A28B.e.6920"}]}
RESULT: {"script":"<script> [56 bytes]","args":[{"element-6066-11e4-a52e-4f735466cecf":"f.EC16CDDA184DC683CEF5B04FDEE8C812.d.59971401F791468D219C420C9069A28B.e.6920","ELEMENT":"f.EC16CDDA184DC683CEF5B04FDEE8C812.d.59971401F791468D219C420C9069A28B.e.6920"}]}
COMMAND: GET /session/7a47d135f75b3f9dc9ed0ec43722f433/element/f.EC16CDDA184DC683CEF5B04FDEE8C812.d.59971401F791468D219C420C9069A28B.e.6919/attribute/aria-checked - {}
COMMAND: GET /session/7a47d135f75b3f9dc9ed0ec43722f433/screenshot - {}
RESULT: {}
COMMAND: POST /session/7a47d135f75b3f9dc9ed0ec43722f433/element - {"using":"xpath","value":"//table[contains(@id, \"listView-innerSelectionPanelTable-listUl\")]/tbody/tr[23]/td[2]/div/div"}
RESULT: {}
RESULT: {"using":"xpath","value":"//table[contains(@id, \"listView-innerSelectionPanelTable-listUl\")]/tbody/tr[23]/td[2]/div/div"}
COMMAND: POST /session/7a47d135f75b3f9dc9ed0ec43722f433/element - {"using":"xpath","value":"//table[contains(@id, \"listView-innerSelectionPanelTable-listUl\")]/tbody/tr[23]/td[2]/div"}
RESULT: {"using":"xpath","value":"//table[contains(@id, \"listView-innerSelectionPanelTable-listUl\")]/tbody/tr[23]/td[2]/div"}
COMMAND: POST /session/7a47d135f75b3f9dc9ed0ec43722f433/element - {"using":"xpath","value":"//table[contains(@id, \"listView-innerSelectionPanelTable-listUl\")]/tbody/tr[23]/td[3]/div/div/span/span[1]/bdi"}
RESULT: {"using":"xpath","value":"//table[contains(@id, \"listView-innerSelectionPanelTable-listUl\")]/tbody/tr[23]/td[3]/div/div/span/span[1]/bdi"}
COMMAND: POST /session/7a47d135f75b3f9dc9ed0ec43722f433/execute/sync - {"script":"<script> [56 bytes]","args":[{"element-6066-11e4-a52e-4f735466cecf":"f.EC16CDDA184DC683CEF5B04FDEE8C812.d.59971401F791468D219C420C9069A28B.e.6923","ELEMENT":"f.EC16CDDA184DC683CEF5B04FDEE8C812.d.59971401F791468D219C420C9069A28B.e.6923"}]}
RESULT: {"script":"<script> [56 bytes]","args":[{"element-6066-11e4-a52e-4f735466cecf":"f.EC16CDDA184DC683CEF5B04FDEE8C812.d.59971401F791468D219C420C9069A28B.e.6923","ELEMENT":"f.EC16CDDA184DC683CEF5B04FDEE8C812.d.59971401F791468D219C420C9069A28B.e.6923"}]}
COMMAND: GET /session/7a47d135f75b3f9dc9ed0ec43722f433/element/f.EC16CDDA184DC683CEF5B04FDEE8C812.d.59971401F791468D219C420C9069A28B.e.6922/attribute/aria-checked - {}
COMMAND: GET /session/7a47d135f75b3f9dc9ed0ec43722f433/screenshot - {}
RESULT: {}
COMMAND: POST /session/7a47d135f75b3f9dc9ed0ec43722f433/element - {"using":"xpath","value":"//table[contains(@id, \"listView-innerSelectionPanelTable-listUl\")]/tbody/tr[24]/td[2]/div/div"}
RESULT: {}
RESULT: {"using":"xpath","value":"//table[contains(@id, \"listView-innerSelectionPanelTable-listUl\")]/tbody/tr[24]/td[2]/div/div"}
COMMAND: POST /session/7a47d135f75b3f9dc9ed0ec43722f433/element - {"using":"xpath","value":"//table[contains(@id, \"listView-innerSelectionPanelTable-listUl\")]/tbody/tr[24]/td[2]/div"}
RESULT: {"using":"xpath","value":"//table[contains(@id, \"listView-innerSelectionPanelTable-listUl\")]/tbody/tr[24]/td[2]/div"}
COMMAND: POST /session/7a47d135f75b3f9dc9ed0ec43722f433/element - {"using":"xpath","value":"//table[contains(@id, \"listView-innerSelectionPanelTable-listUl\")]/tbody/tr[24]/td[3]/div/div/span/span[1]/bdi"}
RESULT: {"using":"xpath","value":"//table[contains(@id, \"listView-innerSelectionPanelTable-listUl\")]/tbody/tr[24]/td[3]/div/div/span/span[1]/bdi"}
COMMAND: POST /session/7a47d135f75b3f9dc9ed0ec43722f433/execute/sync - {"script":"<script> [56 bytes]","args":[{"element-6066-11e4-a52e-4f735466cecf":"f.EC16CDDA184DC683CEF5B04FDEE8C812.d.59971401F791468D219C420C9069A28B.e.6926","ELEMENT":"f.EC16CDDA184DC683CEF5B04FDEE8C812.d.59971401F791468D219C420C9069A28B.e.6926"}]}
RESULT: {"script":"<script> [56 bytes]","args":[{"element-6066-11e4-a52e-4f735466cecf":"f.EC16CDDA184DC683CEF5B04FDEE8C812.d.59971401F791468D219C420C9069A28B.e.6926","ELEMENT":"f.EC16CDDA184DC683CEF5B04FDEE8C812.d.59971401F791468D219C420C9069A28B.e.6926"}]}
COMMAND: GET /session/7a47d135f75b3f9dc9ed0ec43722f433/element/f.EC16CDDA184DC683CEF5B04FDEE8C812.d.59971401F791468D219C420C9069A28B.e.6925/attribute/aria-checked - {}
COMMAND: GET /session/7a47d135f75b3f9dc9ed0ec43722f433/screenshot - {}
RESULT: {}
COMMAND: POST /session/7a47d135f75b3f9dc9ed0ec43722f433/element - {"using":"xpath","value":"//table[contains(@id, \"listView-innerSelectionPanelTable-listUl\")]/tbody/tr[25]/td[2]/div/div"}
RESULT: {}
RESULT: {"using":"xpath","value":"//table[contains(@id, \"listView-innerSelectionPanelTable-listUl\")]/tbody/tr[25]/td[2]/div/div"}
COMMAND: POST /session/7a47d135f75b3f9dc9ed0ec43722f433/element - {"using":"xpath","value":"//table[contains(@id, \"listView-innerSelectionPanelTable-listUl\")]/tbody/tr[25]/td[2]/div"}
RESULT: {"using":"xpath","value":"//table[contains(@id, \"listView-innerSelectionPanelTable-listUl\")]/tbody/tr[25]/td[2]/div"}
COMMAND: POST /session/7a47d135f75b3f9dc9ed0ec43722f433/element - {"using":"xpath","value":"//table[contains(@id, \"listView-innerSelectionPanelTable-listUl\")]/tbody/tr[25]/td[3]/div/div/span/span[1]/bdi"}
RESULT: {"using":"xpath","value":"//table[contains(@id, \"listView-innerSelectionPanelTable-listUl\")]/tbody/tr[25]/td[3]/div/div/span/span[1]/bdi"}
COMMAND: POST /session/7a47d135f75b3f9dc9ed0ec43722f433/execute/sync - {"script":"<script> [56 bytes]","args":[{"element-6066-11e4-a52e-4f735466cecf":"f.EC16CDDA184DC683CEF5B04FDEE8C812.d.59971401F791468D219C420C9069A28B.e.6929","ELEMENT":"f.EC16CDDA184DC683CEF5B04FDEE8C812.d.59971401F791468D219C420C9069A28B.e.6929"}]}
RESULT: {"script":"<script> [56 bytes]","args":[{"element-6066-11e4-a52e-4f735466cecf":"f.EC16CDDA184DC683CEF5B04FDEE8C812.d.59971401F791468D219C420C9069A28B.e.6929","ELEMENT":"f.EC16CDDA184DC683CEF5B04FDEE8C812.d.59971401F791468D219C420C9069A28B.e.6929"}]}
COMMAND: GET /session/7a47d135f75b3f9dc9ed0ec43722f433/element/f.EC16CDDA184DC683CEF5B04FDEE8C812.d.59971401F791468D219C420C9069A28B.e.6928/attribute/aria-checked - {}
COMMAND: GET /session/7a47d135f75b3f9dc9ed0ec43722f433/screenshot - {}
RESULT: {}
COMMAND: POST /session/7a47d135f75b3f9dc9ed0ec43722f433/element - {"using":"xpath","value":"//bdi[contains(text(), \"OK\")]"}
RESULT: {}
RESULT: {"using":"xpath","value":"//bdi[contains(text(), \"OK\")]"}
COMMAND: POST /session/7a47d135f75b3f9dc9ed0ec43722f433/element/f.EC16CDDA184DC683CEF5B04FDEE8C812.d.59971401F791468D219C420C9069A28B.e.6930/click - {}
RESULT: {}
COMMAND: GET /session/7a47d135f75b3f9dc9ed0ec43722f433/screenshot - {}
RESULT: {}
COMMAND: POST /session/7a47d135f75b3f9dc9ed0ec43722f433/execute/async - {"script":"<script> [1562 bytes]","args":[{"selector":{"id":"application-managepartners-display-component---masterPtm--smartFilterBar-filterItemControlA_-LINK_TO_ADDRESSES_MAIN.CITY1-vhi"},"wdio_ui5_key":"applicationmanagepartners-display-component---masterPtm--smartFilterBar-filterItemControlA_-LINK_TO_ADDRESSES_MAIN.CITY1-vhi"}]}
RESULT: {"script":"<script> [1562 bytes]","args":[{"selector":{"id":"application-managepartners-display-component---masterPtm--smartFilterBar-filterItemControlA_-LINK_TO_ADDRESSES_MAIN.CITY1-vhi"},"wdio_ui5_key":"applicationmanagepartners-display-component---masterPtm--smartFilterBar-filterItemControlA_-LINK_TO_ADDRESSES_MAIN.CITY1-vhi"}]}
RESULT: undefined
COMMAND: POST /session/7a47d135f75b3f9dc9ed0ec43722f433/element - {"using":"xpath","value":"//*[@id=\"application-managepartners-display-component---masterPtm--smartFilterBar-filterItemControlA_-LINK_TO_ADDRESSES_MAIN.CITY1-vhi\"]"}
RESULT: {"using":"xpath","value":"//*[@id=\"application-managepartners-display-component---masterPtm--smartFilterBar-filterItemControlA_-LINK_TO_ADDRESSES_MAIN.CITY1-vhi\"]"}
COMMAND: POST /session/7a47d135f75b3f9dc9ed0ec43722f433/element/f.EC16CDDA184DC683CEF5B04FDEE8C812.d.59971401F791468D219C420C9069A28B.e.6944/click - {}
RESULT: {}
COMMAND: GET /session/7a47d135f75b3f9dc9ed0ec43722f433/screenshot - {}
RESULT: {}
COMMAND: POST /session/7a47d135f75b3f9dc9ed0ec43722f433/execute/async - {"script":"<script> [1562 bytes]","args":[{"selector":{"controlType":"sap.m.Input","viewName":"etm.portal.ui.managepartners.view.Master","viewId":"application-managepartners-display-component---masterPtm","properties":{"valueState":"None"},"searchOpenDialogs":true,"interaction":{"idSuffix":"inner"}},"wdio_ui5_key":"etmportal.ui.managepartners.view.Mastersap.m.Input{\"valueState\":\"None\"}"}]}
RESULT: {"script":"<script> [1562 bytes]","args":[{"selector":{"controlType":"sap.m.Input","viewName":"etm.portal.ui.managepartners.view.Master","viewId":"application-managepartners-display-component---masterPtm","properties":{"valueState":"None"},"searchOpenDialogs":true,"interaction":{"idSuffix":"inner"}},"wdio_ui5_key":"etmportal.ui.managepartners.view.Mastersap.m.Input{\"valueState\":\"None\"}"}]}
RESULT: undefined
COMMAND: POST /session/7a47d135f75b3f9dc9ed0ec43722f433/execute/async - {"script":"<script> [776 bytes]","args":[{"enterText":"Bucure","selector":{"controlType":"sap.m.Input","viewName":"etm.portal.ui.managepartners.view.Master","viewId":"application-managepartners-display-component---masterPtm","properties":{"valueState":"None"},"searchOpenDialogs":true,"interaction":{"idSuffix":"inner"}},"clearTextFirst":true,"interactionType":"ENTER_TEXT"}]}
RESULT: {"script":"<script> [776 bytes]","args":[{"enterText":"Bucure","selector":{"controlType":"sap.m.Input","viewName":"etm.portal.ui.managepartners.view.Master","viewId":"application-managepartners-display-component---masterPtm","properties":{"valueState":"None"},"searchOpenDialogs":true,"interaction":{"idSuffix":"inner"}},"clearTextFirst":true,"interactionType":"ENTER_TEXT"}]}
COMMAND: POST /session/7a47d135f75b3f9dc9ed0ec43722f433/actions - {"actions":[{"id":"action21","type":"key","parameters":{},"actions":[{"type":"keyDown","value":"î€‡"},{"type":"pause","duration":10},{"type":"keyUp","value":"î€‡"}]}]}
RESULT: {"actions":[{"id":"action21","type":"key","parameters":{},"actions":[{"type":"keyDown","value":"î€‡"},{"type":"pause","duration":10},{"type":"keyUp","value":"î€‡"}]}]}
COMMAND: GET /session/7a47d135f75b3f9dc9ed0ec43722f433/screenshot - {}
RESULT: {}
COMMAND: POST /session/7a47d135f75b3f9dc9ed0ec43722f433/element - {"using":"xpath","value":"(//bdi[contains(text(), \"OK\")])[1]"}
RESULT: {"using":"xpath","value":"(//bdi[contains(text(), \"OK\")])[1]"}
COMMAND: POST /session/7a47d135f75b3f9dc9ed0ec43722f433/element/f.EC16CDDA184DC683CEF5B04FDEE8C812.d.59971401F791468D219C420C9069A28B.e.6950/click - {}
RESULT: {}
COMMAND: GET /session/7a47d135f75b3f9dc9ed0ec43722f433/screenshot - {}
RESULT: {}
COMMAND: POST /session/7a47d135f75b3f9dc9ed0ec43722f433/element - {"using":"xpath","value":"//span[@id=\"application-managepartners-display-component---masterPtm--smartTable-header-inner\"]"}
RESULT: {"using":"xpath","value":"//span[@id=\"application-managepartners-display-component---masterPtm--smartTable-header-inner\"]"}
COMMAND: POST /session/7a47d135f75b3f9dc9ed0ec43722f433/elements - {"using":"xpath","value":"//span[@id=\"application-managepartners-display-component---masterPtm--smartTable-header-inner\"]"}
RESULT: {"using":"xpath","value":"//span[@id=\"application-managepartners-display-component---masterPtm--smartTable-header-inner\"]"}
COMMAND: POST /session/7a47d135f75b3f9dc9ed0ec43722f433/execute/sync - {"script":"<script> [56 bytes]","args":[{"element-6066-11e4-a52e-4f735466cecf":"f.EC16CDDA184DC683CEF5B04FDEE8C812.d.59971401F791468D219C420C9069A28B.e.5991","ELEMENT":"f.EC16CDDA184DC683CEF5B04FDEE8C812.d.59971401F791468D219C420C9069A28B.e.5991"}]}
RESULT: {"script":"<script> [56 bytes]","args":[{"element-6066-11e4-a52e-4f735466cecf":"f.EC16CDDA184DC683CEF5B04FDEE8C812.d.59971401F791468D219C420C9069A28B.e.5991","ELEMENT":"f.EC16CDDA184DC683CEF5B04FDEE8C812.d.59971401F791468D219C420C9069A28B.e.5991"}]}
COMMAND: POST /session/7a47d135f75b3f9dc9ed0ec43722f433/element - {"using":"xpath","value":"//span[contains(@title, \"Remove\")]"}
COMMAND: GET /session/7a47d135f75b3f9dc9ed0ec43722f433/screenshot - {}
RESULT: {"using":"xpath","value":"//span[contains(@title, \"Remove\")]"}
COMMAND: POST /session/7a47d135f75b3f9dc9ed0ec43722f433/element/f.EC16CDDA184DC683CEF5B04FDEE8C812.d.59971401F791468D219C420C9069A28B.e.7021/click - {}
RESULT: {}
RESULT: {}
COMMAND: GET /session/7a47d135f75b3f9dc9ed0ec43722f433/screenshot - {}
RESULT: {}
COMMAND: POST /session/7a47d135f75b3f9dc9ed0ec43722f433/element - {"using":"xpath","value":"//span[@id=\"application-managepartners-display-component---masterPtm--smartTable-header-inner\"]"}
RESULT: {"using":"xpath","value":"//span[@id=\"application-managepartners-display-component---masterPtm--smartTable-header-inner\"]"}
COMMAND: POST /session/7a47d135f75b3f9dc9ed0ec43722f433/elements - {"using":"xpath","value":"//span[@id=\"application-managepartners-display-component---masterPtm--smartTable-header-inner\"]"}
RESULT: {"using":"xpath","value":"//span[@id=\"application-managepartners-display-component---masterPtm--smartTable-header-inner\"]"}
COMMAND: POST /session/7a47d135f75b3f9dc9ed0ec43722f433/execute/sync - {"script":"<script> [56 bytes]","args":[{"element-6066-11e4-a52e-4f735466cecf":"f.EC16CDDA184DC683CEF5B04FDEE8C812.d.59971401F791468D219C420C9069A28B.e.5991","ELEMENT":"f.EC16CDDA184DC683CEF5B04FDEE8C812.d.59971401F791468D219C420C9069A28B.e.5991"}]}
RESULT: {"script":"<script> [56 bytes]","args":[{"element-6066-11e4-a52e-4f735466cecf":"f.EC16CDDA184DC683CEF5B04FDEE8C812.d.59971401F791468D219C420C9069A28B.e.5991","ELEMENT":"f.EC16CDDA184DC683CEF5B04FDEE8C812.d.59971401F791468D219C420C9069A28B.e.5991"}]}
COMMAND: POST /session/7a47d135f75b3f9dc9ed0ec43722f433/element - {"using":"css selector","value":"#shell-header-logo"}
COMMAND: GET /session/7a47d135f75b3f9dc9ed0ec43722f433/screenshot - {}
RESULT: {"using":"css selector","value":"#shell-header-logo"}
COMMAND: POST /session/7a47d135f75b3f9dc9ed0ec43722f433/element/f.EC16CDDA184DC683CEF5B04FDEE8C812.d.59971401F791468D219C420C9069A28B.e.5821/click - {}
RESULT: {}
RESULT: {}
COMMAND: GET /session/7a47d135f75b3f9dc9ed0ec43722f433/screenshot - {}
RESULT: {}
]]></system-out>
    </testcase>
    <testcase classname="chrome.136_0_7103_93.windows.Partner_specific_tests_US150819_US151080_US151654_US151176_US103444_US151078_US151079_US151109_US151174_US151175_US151189" name="Should try to save empty partner US151174" time="41.564">
      <system-out><![CDATA[
COMMAND: POST /session/7a47d135f75b3f9dc9ed0ec43722f433/element - {"using":"xpath","value":"//li[.//span[text()=\"Manage Partners\"]]"}
RESULT: {"using":"xpath","value":"//li[.//span[text()=\"Manage Partners\"]]"}
COMMAND: POST /session/7a47d135f75b3f9dc9ed0ec43722f433/element - {"using":"xpath","value":"//li[.//span[text()=\"Manage Partners\"]]"}
RESULT: {"using":"xpath","value":"//li[.//span[text()=\"Manage Partners\"]]"}
COMMAND: POST /session/7a47d135f75b3f9dc9ed0ec43722f433/element - {"using":"css selector","value":"#shell-header-logo"}
RESULT: {"using":"css selector","value":"#shell-header-logo"}
COMMAND: POST /session/7a47d135f75b3f9dc9ed0ec43722f433/element/f.EC16CDDA184DC683CEF5B04FDEE8C812.d.59971401F791468D219C420C9069A28B.e.7116/click - {}
COMMAND: POST /session/7a47d135f75b3f9dc9ed0ec43722f433/execute/sync - {"script":"<script> [8489 bytes]","args":[{"element-6066-11e4-a52e-4f735466cecf":"f.EC16CDDA184DC683CEF5B04FDEE8C812.d.59971401F791468D219C420C9069A28B.e.7116","ELEMENT":"f.EC16CDDA184DC683CEF5B04FDEE8C812.d.59971401F791468D219C420C9069A28B.e.7116"}]}
RESULT: {"script":"<script> [8489 bytes]","args":[{"element-6066-11e4-a52e-4f735466cecf":"f.EC16CDDA184DC683CEF5B04FDEE8C812.d.59971401F791468D219C420C9069A28B.e.7116","ELEMENT":"f.EC16CDDA184DC683CEF5B04FDEE8C812.d.59971401F791468D219C420C9069A28B.e.7116"}]}
COMMAND: POST /session/7a47d135f75b3f9dc9ed0ec43722f433/execute/sync - {"script":"<script> [5351 bytes]","args":[{"element-6066-11e4-a52e-4f735466cecf":"f.EC16CDDA184DC683CEF5B04FDEE8C812.d.59971401F791468D219C420C9069A28B.e.7116","ELEMENT":"f.EC16CDDA184DC683CEF5B04FDEE8C812.d.59971401F791468D219C420C9069A28B.e.7116"}]}
COMMAND: GET /session/7a47d135f75b3f9dc9ed0ec43722f433/screenshot - {}
RESULT: {}
COMMAND: GET /session/7a47d135f75b3f9dc9ed0ec43722f433/screenshot - {}
RESULT: {"script":"<script> [5351 bytes]","args":[{"element-6066-11e4-a52e-4f735466cecf":"f.EC16CDDA184DC683CEF5B04FDEE8C812.d.59971401F791468D219C420C9069A28B.e.7116","ELEMENT":"f.EC16CDDA184DC683CEF5B04FDEE8C812.d.59971401F791468D219C420C9069A28B.e.7116"}]}
COMMAND: GET /session/7a47d135f75b3f9dc9ed0ec43722f433/screenshot - {}
RESULT: {}
RESULT: {}
RESULT: {}
RESULT: undefined
COMMAND: POST /session/7a47d135f75b3f9dc9ed0ec43722f433/element - {"using":"xpath","value":"//*[@id=\"__tile30\"]"}
RESULT: {"using":"xpath","value":"//*[@id=\"__tile30\"]"}
COMMAND: POST /session/7a47d135f75b3f9dc9ed0ec43722f433/element/f.EC16CDDA184DC683CEF5B04FDEE8C812.d.59971401F791468D219C420C9069A28B.e.4483/click - {}
RESULT: {}
COMMAND: GET /session/7a47d135f75b3f9dc9ed0ec43722f433/screenshot - {}
RESULT: {}
COMMAND: POST /session/7a47d135f75b3f9dc9ed0ec43722f433/elements - {"using":"xpath","value":"//span[text()='Error']"}
RESULT: {"using":"xpath","value":"//span[text()='Error']"}
COMMAND: POST /session/7a47d135f75b3f9dc9ed0ec43722f433/element - {"using":"xpath","value":"//button[@data-kt=\"addButton\"]"}
RESULT: {"using":"xpath","value":"//button[@data-kt=\"addButton\"]"}
COMMAND: POST /session/7a47d135f75b3f9dc9ed0ec43722f433/elements - {"using":"xpath","value":"//button[@data-kt=\"addButton\"]"}
RESULT: {"using":"xpath","value":"//button[@data-kt=\"addButton\"]"}
COMMAND: POST /session/7a47d135f75b3f9dc9ed0ec43722f433/execute/sync - {"script":"<script> [8489 bytes]","args":[{"element-6066-11e4-a52e-4f735466cecf":"f.EC16CDDA184DC683CEF5B04FDEE8C812.d.59971401F791468D219C420C9069A28B.e.7161","ELEMENT":"f.EC16CDDA184DC683CEF5B04FDEE8C812.d.59971401F791468D219C420C9069A28B.e.7161"}]}
RESULT: {"script":"<script> [8489 bytes]","args":[{"element-6066-11e4-a52e-4f735466cecf":"f.EC16CDDA184DC683CEF5B04FDEE8C812.d.59971401F791468D219C420C9069A28B.e.7161","ELEMENT":"f.EC16CDDA184DC683CEF5B04FDEE8C812.d.59971401F791468D219C420C9069A28B.e.7161"}]}
COMMAND: GET /session/7a47d135f75b3f9dc9ed0ec43722f433/element/f.EC16CDDA184DC683CEF5B04FDEE8C812.d.59971401F791468D219C420C9069A28B.e.7161/enabled - {}
COMMAND: GET /session/7a47d135f75b3f9dc9ed0ec43722f433/screenshot - {}
RESULT: {}
COMMAND: POST /session/7a47d135f75b3f9dc9ed0ec43722f433/execute/sync - {"script":"<script> [8489 bytes]","args":[{"element-6066-11e4-a52e-4f735466cecf":"f.EC16CDDA184DC683CEF5B04FDEE8C812.d.59971401F791468D219C420C9069A28B.e.7161","ELEMENT":"f.EC16CDDA184DC683CEF5B04FDEE8C812.d.59971401F791468D219C420C9069A28B.e.7161"}]}
COMMAND: GET /session/7a47d135f75b3f9dc9ed0ec43722f433/screenshot - {}
RESULT: {}
RESULT: {"script":"<script> [8489 bytes]","args":[{"element-6066-11e4-a52e-4f735466cecf":"f.EC16CDDA184DC683CEF5B04FDEE8C812.d.59971401F791468D219C420C9069A28B.e.7161","ELEMENT":"f.EC16CDDA184DC683CEF5B04FDEE8C812.d.59971401F791468D219C420C9069A28B.e.7161"}]}
COMMAND: POST /session/7a47d135f75b3f9dc9ed0ec43722f433/execute/sync - {"script":"<script> [5351 bytes]","args":[{"element-6066-11e4-a52e-4f735466cecf":"f.EC16CDDA184DC683CEF5B04FDEE8C812.d.59971401F791468D219C420C9069A28B.e.7161","ELEMENT":"f.EC16CDDA184DC683CEF5B04FDEE8C812.d.59971401F791468D219C420C9069A28B.e.7161"}]}
COMMAND: GET /session/7a47d135f75b3f9dc9ed0ec43722f433/screenshot - {}
RESULT: {}
RESULT: {"script":"<script> [5351 bytes]","args":[{"element-6066-11e4-a52e-4f735466cecf":"f.EC16CDDA184DC683CEF5B04FDEE8C812.d.59971401F791468D219C420C9069A28B.e.7161","ELEMENT":"f.EC16CDDA184DC683CEF5B04FDEE8C812.d.59971401F791468D219C420C9069A28B.e.7161"}]}
COMMAND: POST /session/7a47d135f75b3f9dc9ed0ec43722f433/element/f.EC16CDDA184DC683CEF5B04FDEE8C812.d.59971401F791468D219C420C9069A28B.e.7161/click - {}
COMMAND: GET /session/7a47d135f75b3f9dc9ed0ec43722f433/screenshot - {}
RESULT: {}
RESULT: {}
COMMAND: GET /session/7a47d135f75b3f9dc9ed0ec43722f433/screenshot - {}
RESULT: {}
RESULT: {}
COMMAND: POST /session/7a47d135f75b3f9dc9ed0ec43722f433/element - {"using":"xpath","value":"//button[@data-kt=\"saveButton\"]"}
RESULT: {"using":"xpath","value":"//button[@data-kt=\"saveButton\"]"}
COMMAND: POST /session/7a47d135f75b3f9dc9ed0ec43722f433/element/f.EC16CDDA184DC683CEF5B04FDEE8C812.d.59971401F791468D219C420C9069A28B.e.7506/click - {}
RESULT: {}
COMMAND: GET /session/7a47d135f75b3f9dc9ed0ec43722f433/screenshot - {}
RESULT: {}
COMMAND: POST /session/7a47d135f75b3f9dc9ed0ec43722f433/element - {"using":"xpath","value":"//span[contains(@class, \"sapMMsgBoxText\")]"}
RESULT: {"using":"xpath","value":"//span[contains(@class, \"sapMMsgBoxText\")]"}
COMMAND: POST /session/7a47d135f75b3f9dc9ed0ec43722f433/execute/sync - {"script":"<script> [56 bytes]","args":[{"element-6066-11e4-a52e-4f735466cecf":"f.EC16CDDA184DC683CEF5B04FDEE8C812.d.59971401F791468D219C420C9069A28B.e.7602","ELEMENT":"f.EC16CDDA184DC683CEF5B04FDEE8C812.d.59971401F791468D219C420C9069A28B.e.7602"}]}
RESULT: {"script":"<script> [56 bytes]","args":[{"element-6066-11e4-a52e-4f735466cecf":"f.EC16CDDA184DC683CEF5B04FDEE8C812.d.59971401F791468D219C420C9069A28B.e.7602","ELEMENT":"f.EC16CDDA184DC683CEF5B04FDEE8C812.d.59971401F791468D219C420C9069A28B.e.7602"}]}
COMMAND: POST /session/7a47d135f75b3f9dc9ed0ec43722f433/element - {"using":"xpath","value":"(//bdi[contains(text(), \"Close\")])[1]"}
COMMAND: POST /session/7a47d135f75b3f9dc9ed0ec43722f433/elements - {"using":"xpath","value":"//span[contains(@class, \"sapMMsgBoxText\")]"}
COMMAND: GET /session/7a47d135f75b3f9dc9ed0ec43722f433/screenshot - {}
RESULT: {"using":"xpath","value":"(//bdi[contains(text(), \"Close\")])[1]"}
COMMAND: POST /session/7a47d135f75b3f9dc9ed0ec43722f433/element/f.EC16CDDA184DC683CEF5B04FDEE8C812.d.59971401F791468D219C420C9069A28B.e.7603/click - {}
RESULT: {"using":"xpath","value":"//span[contains(@class, \"sapMMsgBoxText\")]"}
RESULT: {}
RESULT: {}
COMMAND: GET /session/7a47d135f75b3f9dc9ed0ec43722f433/screenshot - {}
RESULT: {}
COMMAND: POST /session/7a47d135f75b3f9dc9ed0ec43722f433/element - {"using":"css selector","value":"#shell-header-logo"}
RESULT: {"using":"css selector","value":"#shell-header-logo"}
COMMAND: POST /session/7a47d135f75b3f9dc9ed0ec43722f433/element/f.EC16CDDA184DC683CEF5B04FDEE8C812.d.59971401F791468D219C420C9069A28B.e.7116/click - {}
RESULT: {}
COMMAND: GET /session/7a47d135f75b3f9dc9ed0ec43722f433/screenshot - {}
RESULT: {}
]]></system-out>
    </testcase>
    <testcase classname="chrome.136_0_7103_93.windows.Partner_specific_tests_US150819_US151080_US151654_US151176_US103444_US151078_US151079_US151109_US151174_US151175_US151189" name="Should do various searches US151175" time="142.544">
      <system-out><![CDATA[
COMMAND: POST /session/7a47d135f75b3f9dc9ed0ec43722f433/element - {"using":"xpath","value":"//li[.//span[text()=\"Manage Partners\"]]"}
RESULT: {"using":"xpath","value":"//li[.//span[text()=\"Manage Partners\"]]"}
COMMAND: POST /session/7a47d135f75b3f9dc9ed0ec43722f433/element - {"using":"xpath","value":"//li[.//span[text()=\"Manage Partners\"]]"}
RESULT: {"using":"xpath","value":"//li[.//span[text()=\"Manage Partners\"]]"}
COMMAND: POST /session/7a47d135f75b3f9dc9ed0ec43722f433/element - {"using":"css selector","value":"#shell-header-logo"}
RESULT: {"using":"css selector","value":"#shell-header-logo"}
COMMAND: POST /session/7a47d135f75b3f9dc9ed0ec43722f433/element/f.EC16CDDA184DC683CEF5B04FDEE8C812.d.59971401F791468D219C420C9069A28B.e.7605/click - {}
COMMAND: POST /session/7a47d135f75b3f9dc9ed0ec43722f433/execute/sync - {"script":"<script> [8489 bytes]","args":[{"element-6066-11e4-a52e-4f735466cecf":"f.EC16CDDA184DC683CEF5B04FDEE8C812.d.59971401F791468D219C420C9069A28B.e.7605","ELEMENT":"f.EC16CDDA184DC683CEF5B04FDEE8C812.d.59971401F791468D219C420C9069A28B.e.7605"}]}
RESULT: {}
COMMAND: GET /session/7a47d135f75b3f9dc9ed0ec43722f433/screenshot - {}
RESULT: {"script":"<script> [8489 bytes]","args":[{"element-6066-11e4-a52e-4f735466cecf":"f.EC16CDDA184DC683CEF5B04FDEE8C812.d.59971401F791468D219C420C9069A28B.e.7605","ELEMENT":"f.EC16CDDA184DC683CEF5B04FDEE8C812.d.59971401F791468D219C420C9069A28B.e.7605"}]}
COMMAND: POST /session/7a47d135f75b3f9dc9ed0ec43722f433/execute/sync - {"script":"<script> [5351 bytes]","args":[{"element-6066-11e4-a52e-4f735466cecf":"f.EC16CDDA184DC683CEF5B04FDEE8C812.d.59971401F791468D219C420C9069A28B.e.7605","ELEMENT":"f.EC16CDDA184DC683CEF5B04FDEE8C812.d.59971401F791468D219C420C9069A28B.e.7605"}]}
COMMAND: GET /session/7a47d135f75b3f9dc9ed0ec43722f433/screenshot - {}
RESULT: {}
RESULT: {"script":"<script> [5351 bytes]","args":[{"element-6066-11e4-a52e-4f735466cecf":"f.EC16CDDA184DC683CEF5B04FDEE8C812.d.59971401F791468D219C420C9069A28B.e.7605","ELEMENT":"f.EC16CDDA184DC683CEF5B04FDEE8C812.d.59971401F791468D219C420C9069A28B.e.7605"}]}
COMMAND: GET /session/7a47d135f75b3f9dc9ed0ec43722f433/screenshot - {}
RESULT: {}
RESULT: {}
RESULT: undefined
COMMAND: POST /session/7a47d135f75b3f9dc9ed0ec43722f433/element - {"using":"xpath","value":"//*[@id=\"__tile30\"]"}
RESULT: {"using":"xpath","value":"//*[@id=\"__tile30\"]"}
COMMAND: POST /session/7a47d135f75b3f9dc9ed0ec43722f433/element/f.EC16CDDA184DC683CEF5B04FDEE8C812.d.59971401F791468D219C420C9069A28B.e.4483/click - {}
RESULT: {}
COMMAND: GET /session/7a47d135f75b3f9dc9ed0ec43722f433/screenshot - {}
RESULT: {}
COMMAND: POST /session/7a47d135f75b3f9dc9ed0ec43722f433/elements - {"using":"xpath","value":"//span[text()='Error']"}
RESULT: {"using":"xpath","value":"//span[text()='Error']"}
COMMAND: POST /session/7a47d135f75b3f9dc9ed0ec43722f433/element - {"using":"xpath","value":"//button[@data-kt=\"addButton\"]"}
RESULT: {"using":"xpath","value":"//button[@data-kt=\"addButton\"]"}
COMMAND: POST /session/7a47d135f75b3f9dc9ed0ec43722f433/elements - {"using":"xpath","value":"//button[@data-kt=\"addButton\"]"}
RESULT: {"using":"xpath","value":"//button[@data-kt=\"addButton\"]"}
COMMAND: POST /session/7a47d135f75b3f9dc9ed0ec43722f433/execute/sync - {"script":"<script> [8489 bytes]","args":[{"element-6066-11e4-a52e-4f735466cecf":"f.EC16CDDA184DC683CEF5B04FDEE8C812.d.59971401F791468D219C420C9069A28B.e.7650","ELEMENT":"f.EC16CDDA184DC683CEF5B04FDEE8C812.d.59971401F791468D219C420C9069A28B.e.7650"}]}
RESULT: {"script":"<script> [8489 bytes]","args":[{"element-6066-11e4-a52e-4f735466cecf":"f.EC16CDDA184DC683CEF5B04FDEE8C812.d.59971401F791468D219C420C9069A28B.e.7650","ELEMENT":"f.EC16CDDA184DC683CEF5B04FDEE8C812.d.59971401F791468D219C420C9069A28B.e.7650"}]}
COMMAND: GET /session/7a47d135f75b3f9dc9ed0ec43722f433/element/f.EC16CDDA184DC683CEF5B04FDEE8C812.d.59971401F791468D219C420C9069A28B.e.7650/enabled - {}
COMMAND: GET /session/7a47d135f75b3f9dc9ed0ec43722f433/screenshot - {}
RESULT: {}
COMMAND: POST /session/7a47d135f75b3f9dc9ed0ec43722f433/execute/sync - {"script":"<script> [8489 bytes]","args":[{"element-6066-11e4-a52e-4f735466cecf":"f.EC16CDDA184DC683CEF5B04FDEE8C812.d.59971401F791468D219C420C9069A28B.e.7650","ELEMENT":"f.EC16CDDA184DC683CEF5B04FDEE8C812.d.59971401F791468D219C420C9069A28B.e.7650"}]}
COMMAND: GET /session/7a47d135f75b3f9dc9ed0ec43722f433/screenshot - {}
RESULT: {}
RESULT: {"script":"<script> [8489 bytes]","args":[{"element-6066-11e4-a52e-4f735466cecf":"f.EC16CDDA184DC683CEF5B04FDEE8C812.d.59971401F791468D219C420C9069A28B.e.7650","ELEMENT":"f.EC16CDDA184DC683CEF5B04FDEE8C812.d.59971401F791468D219C420C9069A28B.e.7650"}]}
COMMAND: POST /session/7a47d135f75b3f9dc9ed0ec43722f433/execute/sync - {"script":"<script> [5351 bytes]","args":[{"element-6066-11e4-a52e-4f735466cecf":"f.EC16CDDA184DC683CEF5B04FDEE8C812.d.59971401F791468D219C420C9069A28B.e.7650","ELEMENT":"f.EC16CDDA184DC683CEF5B04FDEE8C812.d.59971401F791468D219C420C9069A28B.e.7650"}]}
COMMAND: GET /session/7a47d135f75b3f9dc9ed0ec43722f433/screenshot - {}
RESULT: {}
RESULT: {"script":"<script> [5351 bytes]","args":[{"element-6066-11e4-a52e-4f735466cecf":"f.EC16CDDA184DC683CEF5B04FDEE8C812.d.59971401F791468D219C420C9069A28B.e.7650","ELEMENT":"f.EC16CDDA184DC683CEF5B04FDEE8C812.d.59971401F791468D219C420C9069A28B.e.7650"}]}
COMMAND: GET /session/7a47d135f75b3f9dc9ed0ec43722f433/screenshot - {}
RESULT: {}
RESULT: {}
COMMAND: POST /session/7a47d135f75b3f9dc9ed0ec43722f433/element - {"using":"xpath","value":"//span[@id=\"application-managepartners-display-component---masterPtm--smartTable-header-inner\"]"}
RESULT: {"using":"xpath","value":"//span[@id=\"application-managepartners-display-component---masterPtm--smartTable-header-inner\"]"}
COMMAND: POST /session/7a47d135f75b3f9dc9ed0ec43722f433/elements - {"using":"xpath","value":"//span[@id=\"application-managepartners-display-component---masterPtm--smartTable-header-inner\"]"}
RESULT: {"using":"xpath","value":"//span[@id=\"application-managepartners-display-component---masterPtm--smartTable-header-inner\"]"}
COMMAND: POST /session/7a47d135f75b3f9dc9ed0ec43722f433/execute/sync - {"script":"<script> [56 bytes]","args":[{"element-6066-11e4-a52e-4f735466cecf":"f.EC16CDDA184DC683CEF5B04FDEE8C812.d.59971401F791468D219C420C9069A28B.e.7775","ELEMENT":"f.EC16CDDA184DC683CEF5B04FDEE8C812.d.59971401F791468D219C420C9069A28B.e.7775"}]}
RESULT: {"script":"<script> [56 bytes]","args":[{"element-6066-11e4-a52e-4f735466cecf":"f.EC16CDDA184DC683CEF5B04FDEE8C812.d.59971401F791468D219C420C9069A28B.e.7775","ELEMENT":"f.EC16CDDA184DC683CEF5B04FDEE8C812.d.59971401F791468D219C420C9069A28B.e.7775"}]}
RESULT: undefined
COMMAND: POST /session/7a47d135f75b3f9dc9ed0ec43722f433/element - {"using":"xpath","value":"//*[@id=\"application-managepartners-display-component---masterPtm--smartFilterBar-btnFilters\"]"}
COMMAND: GET /session/7a47d135f75b3f9dc9ed0ec43722f433/screenshot - {}
RESULT: {"using":"xpath","value":"//*[@id=\"application-managepartners-display-component---masterPtm--smartFilterBar-btnFilters\"]"}
COMMAND: POST /session/7a47d135f75b3f9dc9ed0ec43722f433/element/f.EC16CDDA184DC683CEF5B04FDEE8C812.d.59971401F791468D219C420C9069A28B.e.7627/click - {}
RESULT: {}
RESULT: {}
COMMAND: GET /session/7a47d135f75b3f9dc9ed0ec43722f433/screenshot - {}
RESULT: {}
COMMAND: POST /session/7a47d135f75b3f9dc9ed0ec43722f433/elements - {"using":"xpath","value":"//table[contains(@id, \"listView-innerSelectionPanelTable-listUl\")]/tbody/tr"}
RESULT: {"using":"xpath","value":"//table[contains(@id, \"listView-innerSelectionPanelTable-listUl\")]/tbody/tr"}
COMMAND: POST /session/7a47d135f75b3f9dc9ed0ec43722f433/element - {"using":"xpath","value":"//table[contains(@id, \"listView-innerSelectionPanelTable-listUl\")]/tbody/tr[2]/td[2]/div/div"}
RESULT: {"using":"xpath","value":"//table[contains(@id, \"listView-innerSelectionPanelTable-listUl\")]/tbody/tr[2]/td[2]/div/div"}
COMMAND: POST /session/7a47d135f75b3f9dc9ed0ec43722f433/element - {"using":"xpath","value":"//table[contains(@id, \"listView-innerSelectionPanelTable-listUl\")]/tbody/tr[2]/td[2]/div"}
RESULT: {"using":"xpath","value":"//table[contains(@id, \"listView-innerSelectionPanelTable-listUl\")]/tbody/tr[2]/td[2]/div"}
COMMAND: POST /session/7a47d135f75b3f9dc9ed0ec43722f433/element - {"using":"xpath","value":"//table[contains(@id, \"listView-innerSelectionPanelTable-listUl\")]/tbody/tr[2]/td[3]/div/div/span/span[1]/bdi"}
RESULT: {"using":"xpath","value":"//table[contains(@id, \"listView-innerSelectionPanelTable-listUl\")]/tbody/tr[2]/td[3]/div/div/span/span[1]/bdi"}
COMMAND: POST /session/7a47d135f75b3f9dc9ed0ec43722f433/execute/sync - {"script":"<script> [56 bytes]","args":[{"element-6066-11e4-a52e-4f735466cecf":"f.EC16CDDA184DC683CEF5B04FDEE8C812.d.59971401F791468D219C420C9069A28B.e.7843","ELEMENT":"f.EC16CDDA184DC683CEF5B04FDEE8C812.d.59971401F791468D219C420C9069A28B.e.7843"}]}
RESULT: {"script":"<script> [56 bytes]","args":[{"element-6066-11e4-a52e-4f735466cecf":"f.EC16CDDA184DC683CEF5B04FDEE8C812.d.59971401F791468D219C420C9069A28B.e.7843","ELEMENT":"f.EC16CDDA184DC683CEF5B04FDEE8C812.d.59971401F791468D219C420C9069A28B.e.7843"}]}
COMMAND: GET /session/7a47d135f75b3f9dc9ed0ec43722f433/element/f.EC16CDDA184DC683CEF5B04FDEE8C812.d.59971401F791468D219C420C9069A28B.e.7842/attribute/aria-checked - {}
COMMAND: GET /session/7a47d135f75b3f9dc9ed0ec43722f433/screenshot - {}
RESULT: {}
COMMAND: POST /session/7a47d135f75b3f9dc9ed0ec43722f433/element - {"using":"xpath","value":"//table[contains(@id, \"listView-innerSelectionPanelTable-listUl\")]/tbody/tr[3]/td[2]/div/div"}
RESULT: {}
RESULT: {"using":"xpath","value":"//table[contains(@id, \"listView-innerSelectionPanelTable-listUl\")]/tbody/tr[3]/td[2]/div/div"}
COMMAND: POST /session/7a47d135f75b3f9dc9ed0ec43722f433/element - {"using":"xpath","value":"//table[contains(@id, \"listView-innerSelectionPanelTable-listUl\")]/tbody/tr[3]/td[2]/div"}
RESULT: {"using":"xpath","value":"//table[contains(@id, \"listView-innerSelectionPanelTable-listUl\")]/tbody/tr[3]/td[2]/div"}
COMMAND: POST /session/7a47d135f75b3f9dc9ed0ec43722f433/element - {"using":"xpath","value":"//table[contains(@id, \"listView-innerSelectionPanelTable-listUl\")]/tbody/tr[3]/td[3]/div/div/span/span[1]/bdi"}
RESULT: {"using":"xpath","value":"//table[contains(@id, \"listView-innerSelectionPanelTable-listUl\")]/tbody/tr[3]/td[3]/div/div/span/span[1]/bdi"}
COMMAND: POST /session/7a47d135f75b3f9dc9ed0ec43722f433/execute/sync - {"script":"<script> [56 bytes]","args":[{"element-6066-11e4-a52e-4f735466cecf":"f.EC16CDDA184DC683CEF5B04FDEE8C812.d.59971401F791468D219C420C9069A28B.e.7846","ELEMENT":"f.EC16CDDA184DC683CEF5B04FDEE8C812.d.59971401F791468D219C420C9069A28B.e.7846"}]}
RESULT: {"script":"<script> [56 bytes]","args":[{"element-6066-11e4-a52e-4f735466cecf":"f.EC16CDDA184DC683CEF5B04FDEE8C812.d.59971401F791468D219C420C9069A28B.e.7846","ELEMENT":"f.EC16CDDA184DC683CEF5B04FDEE8C812.d.59971401F791468D219C420C9069A28B.e.7846"}]}
COMMAND: GET /session/7a47d135f75b3f9dc9ed0ec43722f433/element/f.EC16CDDA184DC683CEF5B04FDEE8C812.d.59971401F791468D219C420C9069A28B.e.7845/attribute/aria-checked - {}
COMMAND: GET /session/7a47d135f75b3f9dc9ed0ec43722f433/screenshot - {}
RESULT: {}
COMMAND: POST /session/7a47d135f75b3f9dc9ed0ec43722f433/element - {"using":"xpath","value":"//table[contains(@id, \"listView-innerSelectionPanelTable-listUl\")]/tbody/tr[4]/td[2]/div/div"}
RESULT: {}
RESULT: {"using":"xpath","value":"//table[contains(@id, \"listView-innerSelectionPanelTable-listUl\")]/tbody/tr[4]/td[2]/div/div"}
COMMAND: POST /session/7a47d135f75b3f9dc9ed0ec43722f433/element - {"using":"xpath","value":"//table[contains(@id, \"listView-innerSelectionPanelTable-listUl\")]/tbody/tr[4]/td[2]/div"}
RESULT: {"using":"xpath","value":"//table[contains(@id, \"listView-innerSelectionPanelTable-listUl\")]/tbody/tr[4]/td[2]/div"}
COMMAND: POST /session/7a47d135f75b3f9dc9ed0ec43722f433/element - {"using":"xpath","value":"//table[contains(@id, \"listView-innerSelectionPanelTable-listUl\")]/tbody/tr[4]/td[3]/div/div/span/span[1]/bdi"}
RESULT: {"using":"xpath","value":"//table[contains(@id, \"listView-innerSelectionPanelTable-listUl\")]/tbody/tr[4]/td[3]/div/div/span/span[1]/bdi"}
COMMAND: POST /session/7a47d135f75b3f9dc9ed0ec43722f433/execute/sync - {"script":"<script> [56 bytes]","args":[{"element-6066-11e4-a52e-4f735466cecf":"f.EC16CDDA184DC683CEF5B04FDEE8C812.d.59971401F791468D219C420C9069A28B.e.7849","ELEMENT":"f.EC16CDDA184DC683CEF5B04FDEE8C812.d.59971401F791468D219C420C9069A28B.e.7849"}]}
RESULT: {"script":"<script> [56 bytes]","args":[{"element-6066-11e4-a52e-4f735466cecf":"f.EC16CDDA184DC683CEF5B04FDEE8C812.d.59971401F791468D219C420C9069A28B.e.7849","ELEMENT":"f.EC16CDDA184DC683CEF5B04FDEE8C812.d.59971401F791468D219C420C9069A28B.e.7849"}]}
COMMAND: GET /session/7a47d135f75b3f9dc9ed0ec43722f433/element/f.EC16CDDA184DC683CEF5B04FDEE8C812.d.59971401F791468D219C420C9069A28B.e.7848/attribute/aria-checked - {}
COMMAND: GET /session/7a47d135f75b3f9dc9ed0ec43722f433/screenshot - {}
RESULT: {}
COMMAND: POST /session/7a47d135f75b3f9dc9ed0ec43722f433/element - {"using":"xpath","value":"//table[contains(@id, \"listView-innerSelectionPanelTable-listUl\")]/tbody/tr[5]/td[2]/div/div"}
RESULT: {}
RESULT: {"using":"xpath","value":"//table[contains(@id, \"listView-innerSelectionPanelTable-listUl\")]/tbody/tr[5]/td[2]/div/div"}
COMMAND: POST /session/7a47d135f75b3f9dc9ed0ec43722f433/element - {"using":"xpath","value":"//table[contains(@id, \"listView-innerSelectionPanelTable-listUl\")]/tbody/tr[5]/td[2]/div"}
RESULT: {"using":"xpath","value":"//table[contains(@id, \"listView-innerSelectionPanelTable-listUl\")]/tbody/tr[5]/td[2]/div"}
COMMAND: POST /session/7a47d135f75b3f9dc9ed0ec43722f433/element - {"using":"xpath","value":"//table[contains(@id, \"listView-innerSelectionPanelTable-listUl\")]/tbody/tr[5]/td[3]/div/div/span/span[1]/bdi"}
RESULT: {"using":"xpath","value":"//table[contains(@id, \"listView-innerSelectionPanelTable-listUl\")]/tbody/tr[5]/td[3]/div/div/span/span[1]/bdi"}
COMMAND: POST /session/7a47d135f75b3f9dc9ed0ec43722f433/execute/sync - {"script":"<script> [56 bytes]","args":[{"element-6066-11e4-a52e-4f735466cecf":"f.EC16CDDA184DC683CEF5B04FDEE8C812.d.59971401F791468D219C420C9069A28B.e.7852","ELEMENT":"f.EC16CDDA184DC683CEF5B04FDEE8C812.d.59971401F791468D219C420C9069A28B.e.7852"}]}
RESULT: {"script":"<script> [56 bytes]","args":[{"element-6066-11e4-a52e-4f735466cecf":"f.EC16CDDA184DC683CEF5B04FDEE8C812.d.59971401F791468D219C420C9069A28B.e.7852","ELEMENT":"f.EC16CDDA184DC683CEF5B04FDEE8C812.d.59971401F791468D219C420C9069A28B.e.7852"}]}
COMMAND: GET /session/7a47d135f75b3f9dc9ed0ec43722f433/element/f.EC16CDDA184DC683CEF5B04FDEE8C812.d.59971401F791468D219C420C9069A28B.e.7851/attribute/aria-checked - {}
COMMAND: GET /session/7a47d135f75b3f9dc9ed0ec43722f433/screenshot - {}
RESULT: {}
COMMAND: POST /session/7a47d135f75b3f9dc9ed0ec43722f433/element - {"using":"xpath","value":"//table[contains(@id, \"listView-innerSelectionPanelTable-listUl\")]/tbody/tr[6]/td[2]/div/div"}
RESULT: {}
RESULT: {"using":"xpath","value":"//table[contains(@id, \"listView-innerSelectionPanelTable-listUl\")]/tbody/tr[6]/td[2]/div/div"}
COMMAND: POST /session/7a47d135f75b3f9dc9ed0ec43722f433/element - {"using":"xpath","value":"//table[contains(@id, \"listView-innerSelectionPanelTable-listUl\")]/tbody/tr[6]/td[2]/div"}
RESULT: {"using":"xpath","value":"//table[contains(@id, \"listView-innerSelectionPanelTable-listUl\")]/tbody/tr[6]/td[2]/div"}
COMMAND: POST /session/7a47d135f75b3f9dc9ed0ec43722f433/element - {"using":"xpath","value":"//table[contains(@id, \"listView-innerSelectionPanelTable-listUl\")]/tbody/tr[6]/td[3]/div/div/span/span[1]/bdi"}
RESULT: {"using":"xpath","value":"//table[contains(@id, \"listView-innerSelectionPanelTable-listUl\")]/tbody/tr[6]/td[3]/div/div/span/span[1]/bdi"}
COMMAND: POST /session/7a47d135f75b3f9dc9ed0ec43722f433/execute/sync - {"script":"<script> [56 bytes]","args":[{"element-6066-11e4-a52e-4f735466cecf":"f.EC16CDDA184DC683CEF5B04FDEE8C812.d.59971401F791468D219C420C9069A28B.e.7855","ELEMENT":"f.EC16CDDA184DC683CEF5B04FDEE8C812.d.59971401F791468D219C420C9069A28B.e.7855"}]}
RESULT: {"script":"<script> [56 bytes]","args":[{"element-6066-11e4-a52e-4f735466cecf":"f.EC16CDDA184DC683CEF5B04FDEE8C812.d.59971401F791468D219C420C9069A28B.e.7855","ELEMENT":"f.EC16CDDA184DC683CEF5B04FDEE8C812.d.59971401F791468D219C420C9069A28B.e.7855"}]}
COMMAND: GET /session/7a47d135f75b3f9dc9ed0ec43722f433/element/f.EC16CDDA184DC683CEF5B04FDEE8C812.d.59971401F791468D219C420C9069A28B.e.7854/attribute/aria-checked - {}
COMMAND: GET /session/7a47d135f75b3f9dc9ed0ec43722f433/screenshot - {}
RESULT: {}
COMMAND: POST /session/7a47d135f75b3f9dc9ed0ec43722f433/element - {"using":"xpath","value":"//table[contains(@id, \"listView-innerSelectionPanelTable-listUl\")]/tbody/tr[7]/td[2]/div/div"}
RESULT: {}
RESULT: {"using":"xpath","value":"//table[contains(@id, \"listView-innerSelectionPanelTable-listUl\")]/tbody/tr[7]/td[2]/div/div"}
COMMAND: POST /session/7a47d135f75b3f9dc9ed0ec43722f433/element - {"using":"xpath","value":"//table[contains(@id, \"listView-innerSelectionPanelTable-listUl\")]/tbody/tr[7]/td[2]/div"}
RESULT: {"using":"xpath","value":"//table[contains(@id, \"listView-innerSelectionPanelTable-listUl\")]/tbody/tr[7]/td[2]/div"}
COMMAND: POST /session/7a47d135f75b3f9dc9ed0ec43722f433/element - {"using":"xpath","value":"//table[contains(@id, \"listView-innerSelectionPanelTable-listUl\")]/tbody/tr[7]/td[3]/div/div/span/span[1]/bdi"}
RESULT: {"using":"xpath","value":"//table[contains(@id, \"listView-innerSelectionPanelTable-listUl\")]/tbody/tr[7]/td[3]/div/div/span/span[1]/bdi"}
COMMAND: POST /session/7a47d135f75b3f9dc9ed0ec43722f433/execute/sync - {"script":"<script> [56 bytes]","args":[{"element-6066-11e4-a52e-4f735466cecf":"f.EC16CDDA184DC683CEF5B04FDEE8C812.d.59971401F791468D219C420C9069A28B.e.7858","ELEMENT":"f.EC16CDDA184DC683CEF5B04FDEE8C812.d.59971401F791468D219C420C9069A28B.e.7858"}]}
RESULT: {"script":"<script> [56 bytes]","args":[{"element-6066-11e4-a52e-4f735466cecf":"f.EC16CDDA184DC683CEF5B04FDEE8C812.d.59971401F791468D219C420C9069A28B.e.7858","ELEMENT":"f.EC16CDDA184DC683CEF5B04FDEE8C812.d.59971401F791468D219C420C9069A28B.e.7858"}]}
COMMAND: GET /session/7a47d135f75b3f9dc9ed0ec43722f433/element/f.EC16CDDA184DC683CEF5B04FDEE8C812.d.59971401F791468D219C420C9069A28B.e.7857/attribute/aria-checked - {}
COMMAND: GET /session/7a47d135f75b3f9dc9ed0ec43722f433/screenshot - {}
RESULT: {}
COMMAND: POST /session/7a47d135f75b3f9dc9ed0ec43722f433/element - {"using":"xpath","value":"//table[contains(@id, \"listView-innerSelectionPanelTable-listUl\")]/tbody/tr[8]/td[2]/div/div"}
RESULT: {}
RESULT: {"using":"xpath","value":"//table[contains(@id, \"listView-innerSelectionPanelTable-listUl\")]/tbody/tr[8]/td[2]/div/div"}
COMMAND: POST /session/7a47d135f75b3f9dc9ed0ec43722f433/element - {"using":"xpath","value":"//table[contains(@id, \"listView-innerSelectionPanelTable-listUl\")]/tbody/tr[8]/td[2]/div"}
RESULT: {"using":"xpath","value":"//table[contains(@id, \"listView-innerSelectionPanelTable-listUl\")]/tbody/tr[8]/td[2]/div"}
COMMAND: POST /session/7a47d135f75b3f9dc9ed0ec43722f433/element - {"using":"xpath","value":"//table[contains(@id, \"listView-innerSelectionPanelTable-listUl\")]/tbody/tr[8]/td[3]/div/div/span/span[1]/bdi"}
RESULT: {"using":"xpath","value":"//table[contains(@id, \"listView-innerSelectionPanelTable-listUl\")]/tbody/tr[8]/td[3]/div/div/span/span[1]/bdi"}
COMMAND: POST /session/7a47d135f75b3f9dc9ed0ec43722f433/execute/sync - {"script":"<script> [56 bytes]","args":[{"element-6066-11e4-a52e-4f735466cecf":"f.EC16CDDA184DC683CEF5B04FDEE8C812.d.59971401F791468D219C420C9069A28B.e.7861","ELEMENT":"f.EC16CDDA184DC683CEF5B04FDEE8C812.d.59971401F791468D219C420C9069A28B.e.7861"}]}
RESULT: {"script":"<script> [56 bytes]","args":[{"element-6066-11e4-a52e-4f735466cecf":"f.EC16CDDA184DC683CEF5B04FDEE8C812.d.59971401F791468D219C420C9069A28B.e.7861","ELEMENT":"f.EC16CDDA184DC683CEF5B04FDEE8C812.d.59971401F791468D219C420C9069A28B.e.7861"}]}
COMMAND: GET /session/7a47d135f75b3f9dc9ed0ec43722f433/element/f.EC16CDDA184DC683CEF5B04FDEE8C812.d.59971401F791468D219C420C9069A28B.e.7860/attribute/aria-checked - {}
COMMAND: GET /session/7a47d135f75b3f9dc9ed0ec43722f433/screenshot - {}
RESULT: {}
COMMAND: POST /session/7a47d135f75b3f9dc9ed0ec43722f433/element - {"using":"xpath","value":"//table[contains(@id, \"listView-innerSelectionPanelTable-listUl\")]/tbody/tr[9]/td[2]/div/div"}
RESULT: {}
RESULT: {"using":"xpath","value":"//table[contains(@id, \"listView-innerSelectionPanelTable-listUl\")]/tbody/tr[9]/td[2]/div/div"}
COMMAND: POST /session/7a47d135f75b3f9dc9ed0ec43722f433/element - {"using":"xpath","value":"//table[contains(@id, \"listView-innerSelectionPanelTable-listUl\")]/tbody/tr[9]/td[2]/div"}
RESULT: {"using":"xpath","value":"//table[contains(@id, \"listView-innerSelectionPanelTable-listUl\")]/tbody/tr[9]/td[2]/div"}
COMMAND: POST /session/7a47d135f75b3f9dc9ed0ec43722f433/element - {"using":"xpath","value":"//table[contains(@id, \"listView-innerSelectionPanelTable-listUl\")]/tbody/tr[9]/td[3]/div/div/span/span[1]/bdi"}
RESULT: {"using":"xpath","value":"//table[contains(@id, \"listView-innerSelectionPanelTable-listUl\")]/tbody/tr[9]/td[3]/div/div/span/span[1]/bdi"}
COMMAND: POST /session/7a47d135f75b3f9dc9ed0ec43722f433/execute/sync - {"script":"<script> [56 bytes]","args":[{"element-6066-11e4-a52e-4f735466cecf":"f.EC16CDDA184DC683CEF5B04FDEE8C812.d.59971401F791468D219C420C9069A28B.e.7864","ELEMENT":"f.EC16CDDA184DC683CEF5B04FDEE8C812.d.59971401F791468D219C420C9069A28B.e.7864"}]}
RESULT: {"script":"<script> [56 bytes]","args":[{"element-6066-11e4-a52e-4f735466cecf":"f.EC16CDDA184DC683CEF5B04FDEE8C812.d.59971401F791468D219C420C9069A28B.e.7864","ELEMENT":"f.EC16CDDA184DC683CEF5B04FDEE8C812.d.59971401F791468D219C420C9069A28B.e.7864"}]}
COMMAND: GET /session/7a47d135f75b3f9dc9ed0ec43722f433/element/f.EC16CDDA184DC683CEF5B04FDEE8C812.d.59971401F791468D219C420C9069A28B.e.7863/attribute/aria-checked - {}
COMMAND: GET /session/7a47d135f75b3f9dc9ed0ec43722f433/screenshot - {}
RESULT: {}
COMMAND: POST /session/7a47d135f75b3f9dc9ed0ec43722f433/element - {"using":"xpath","value":"//table[contains(@id, \"listView-innerSelectionPanelTable-listUl\")]/tbody/tr[10]/td[2]/div/div"}
RESULT: {}
RESULT: {"using":"xpath","value":"//table[contains(@id, \"listView-innerSelectionPanelTable-listUl\")]/tbody/tr[10]/td[2]/div/div"}
COMMAND: POST /session/7a47d135f75b3f9dc9ed0ec43722f433/element - {"using":"xpath","value":"//table[contains(@id, \"listView-innerSelectionPanelTable-listUl\")]/tbody/tr[10]/td[2]/div"}
RESULT: {"using":"xpath","value":"//table[contains(@id, \"listView-innerSelectionPanelTable-listUl\")]/tbody/tr[10]/td[2]/div"}
COMMAND: POST /session/7a47d135f75b3f9dc9ed0ec43722f433/element - {"using":"xpath","value":"//table[contains(@id, \"listView-innerSelectionPanelTable-listUl\")]/tbody/tr[10]/td[3]/div/div/span/span[1]/bdi"}
RESULT: {"using":"xpath","value":"//table[contains(@id, \"listView-innerSelectionPanelTable-listUl\")]/tbody/tr[10]/td[3]/div/div/span/span[1]/bdi"}
COMMAND: POST /session/7a47d135f75b3f9dc9ed0ec43722f433/execute/sync - {"script":"<script> [56 bytes]","args":[{"element-6066-11e4-a52e-4f735466cecf":"f.EC16CDDA184DC683CEF5B04FDEE8C812.d.59971401F791468D219C420C9069A28B.e.7867","ELEMENT":"f.EC16CDDA184DC683CEF5B04FDEE8C812.d.59971401F791468D219C420C9069A28B.e.7867"}]}
RESULT: {"script":"<script> [56 bytes]","args":[{"element-6066-11e4-a52e-4f735466cecf":"f.EC16CDDA184DC683CEF5B04FDEE8C812.d.59971401F791468D219C420C9069A28B.e.7867","ELEMENT":"f.EC16CDDA184DC683CEF5B04FDEE8C812.d.59971401F791468D219C420C9069A28B.e.7867"}]}
COMMAND: GET /session/7a47d135f75b3f9dc9ed0ec43722f433/element/f.EC16CDDA184DC683CEF5B04FDEE8C812.d.59971401F791468D219C420C9069A28B.e.7866/attribute/aria-checked - {}
COMMAND: GET /session/7a47d135f75b3f9dc9ed0ec43722f433/screenshot - {}
RESULT: {}
COMMAND: POST /session/7a47d135f75b3f9dc9ed0ec43722f433/element - {"using":"xpath","value":"//table[contains(@id, \"listView-innerSelectionPanelTable-listUl\")]/tbody/tr[11]/td[2]/div/div"}
RESULT: {}
RESULT: {"using":"xpath","value":"//table[contains(@id, \"listView-innerSelectionPanelTable-listUl\")]/tbody/tr[11]/td[2]/div/div"}
COMMAND: POST /session/7a47d135f75b3f9dc9ed0ec43722f433/element - {"using":"xpath","value":"//table[contains(@id, \"listView-innerSelectionPanelTable-listUl\")]/tbody/tr[11]/td[2]/div"}
RESULT: {"using":"xpath","value":"//table[contains(@id, \"listView-innerSelectionPanelTable-listUl\")]/tbody/tr[11]/td[2]/div"}
COMMAND: POST /session/7a47d135f75b3f9dc9ed0ec43722f433/element - {"using":"xpath","value":"//table[contains(@id, \"listView-innerSelectionPanelTable-listUl\")]/tbody/tr[11]/td[3]/div/div/span/span[1]/bdi"}
RESULT: {"using":"xpath","value":"//table[contains(@id, \"listView-innerSelectionPanelTable-listUl\")]/tbody/tr[11]/td[3]/div/div/span/span[1]/bdi"}
COMMAND: POST /session/7a47d135f75b3f9dc9ed0ec43722f433/execute/sync - {"script":"<script> [56 bytes]","args":[{"element-6066-11e4-a52e-4f735466cecf":"f.EC16CDDA184DC683CEF5B04FDEE8C812.d.59971401F791468D219C420C9069A28B.e.7870","ELEMENT":"f.EC16CDDA184DC683CEF5B04FDEE8C812.d.59971401F791468D219C420C9069A28B.e.7870"}]}
RESULT: {"script":"<script> [56 bytes]","args":[{"element-6066-11e4-a52e-4f735466cecf":"f.EC16CDDA184DC683CEF5B04FDEE8C812.d.59971401F791468D219C420C9069A28B.e.7870","ELEMENT":"f.EC16CDDA184DC683CEF5B04FDEE8C812.d.59971401F791468D219C420C9069A28B.e.7870"}]}
COMMAND: GET /session/7a47d135f75b3f9dc9ed0ec43722f433/element/f.EC16CDDA184DC683CEF5B04FDEE8C812.d.59971401F791468D219C420C9069A28B.e.7869/attribute/aria-checked - {}
COMMAND: GET /session/7a47d135f75b3f9dc9ed0ec43722f433/screenshot - {}
RESULT: {}
COMMAND: POST /session/7a47d135f75b3f9dc9ed0ec43722f433/element - {"using":"xpath","value":"//table[contains(@id, \"listView-innerSelectionPanelTable-listUl\")]/tbody/tr[12]/td[2]/div/div"}
RESULT: {}
RESULT: {"using":"xpath","value":"//table[contains(@id, \"listView-innerSelectionPanelTable-listUl\")]/tbody/tr[12]/td[2]/div/div"}
COMMAND: POST /session/7a47d135f75b3f9dc9ed0ec43722f433/element - {"using":"xpath","value":"//table[contains(@id, \"listView-innerSelectionPanelTable-listUl\")]/tbody/tr[12]/td[2]/div"}
RESULT: {"using":"xpath","value":"//table[contains(@id, \"listView-innerSelectionPanelTable-listUl\")]/tbody/tr[12]/td[2]/div"}
COMMAND: POST /session/7a47d135f75b3f9dc9ed0ec43722f433/element - {"using":"xpath","value":"//table[contains(@id, \"listView-innerSelectionPanelTable-listUl\")]/tbody/tr[12]/td[3]/div/div/span/span[1]/bdi"}
RESULT: {"using":"xpath","value":"//table[contains(@id, \"listView-innerSelectionPanelTable-listUl\")]/tbody/tr[12]/td[3]/div/div/span/span[1]/bdi"}
COMMAND: POST /session/7a47d135f75b3f9dc9ed0ec43722f433/execute/sync - {"script":"<script> [56 bytes]","args":[{"element-6066-11e4-a52e-4f735466cecf":"f.EC16CDDA184DC683CEF5B04FDEE8C812.d.59971401F791468D219C420C9069A28B.e.7873","ELEMENT":"f.EC16CDDA184DC683CEF5B04FDEE8C812.d.59971401F791468D219C420C9069A28B.e.7873"}]}
RESULT: {"script":"<script> [56 bytes]","args":[{"element-6066-11e4-a52e-4f735466cecf":"f.EC16CDDA184DC683CEF5B04FDEE8C812.d.59971401F791468D219C420C9069A28B.e.7873","ELEMENT":"f.EC16CDDA184DC683CEF5B04FDEE8C812.d.59971401F791468D219C420C9069A28B.e.7873"}]}
COMMAND: GET /session/7a47d135f75b3f9dc9ed0ec43722f433/element/f.EC16CDDA184DC683CEF5B04FDEE8C812.d.59971401F791468D219C420C9069A28B.e.7872/attribute/aria-checked - {}
COMMAND: GET /session/7a47d135f75b3f9dc9ed0ec43722f433/screenshot - {}
RESULT: {}
COMMAND: POST /session/7a47d135f75b3f9dc9ed0ec43722f433/element - {"using":"xpath","value":"//table[contains(@id, \"listView-innerSelectionPanelTable-listUl\")]/tbody/tr[13]/td[2]/div/div"}
RESULT: {}
RESULT: {"using":"xpath","value":"//table[contains(@id, \"listView-innerSelectionPanelTable-listUl\")]/tbody/tr[13]/td[2]/div/div"}
COMMAND: POST /session/7a47d135f75b3f9dc9ed0ec43722f433/element - {"using":"xpath","value":"//table[contains(@id, \"listView-innerSelectionPanelTable-listUl\")]/tbody/tr[13]/td[2]/div"}
RESULT: {"using":"xpath","value":"//table[contains(@id, \"listView-innerSelectionPanelTable-listUl\")]/tbody/tr[13]/td[2]/div"}
COMMAND: POST /session/7a47d135f75b3f9dc9ed0ec43722f433/element - {"using":"xpath","value":"//table[contains(@id, \"listView-innerSelectionPanelTable-listUl\")]/tbody/tr[13]/td[3]/div/div/span/span[1]/bdi"}
RESULT: {"using":"xpath","value":"//table[contains(@id, \"listView-innerSelectionPanelTable-listUl\")]/tbody/tr[13]/td[3]/div/div/span/span[1]/bdi"}
COMMAND: POST /session/7a47d135f75b3f9dc9ed0ec43722f433/execute/sync - {"script":"<script> [56 bytes]","args":[{"element-6066-11e4-a52e-4f735466cecf":"f.EC16CDDA184DC683CEF5B04FDEE8C812.d.59971401F791468D219C420C9069A28B.e.7876","ELEMENT":"f.EC16CDDA184DC683CEF5B04FDEE8C812.d.59971401F791468D219C420C9069A28B.e.7876"}]}
RESULT: {"script":"<script> [56 bytes]","args":[{"element-6066-11e4-a52e-4f735466cecf":"f.EC16CDDA184DC683CEF5B04FDEE8C812.d.59971401F791468D219C420C9069A28B.e.7876","ELEMENT":"f.EC16CDDA184DC683CEF5B04FDEE8C812.d.59971401F791468D219C420C9069A28B.e.7876"}]}
COMMAND: GET /session/7a47d135f75b3f9dc9ed0ec43722f433/element/f.EC16CDDA184DC683CEF5B04FDEE8C812.d.59971401F791468D219C420C9069A28B.e.7875/attribute/aria-checked - {}
COMMAND: GET /session/7a47d135f75b3f9dc9ed0ec43722f433/screenshot - {}
RESULT: {}
COMMAND: POST /session/7a47d135f75b3f9dc9ed0ec43722f433/element - {"using":"xpath","value":"//table[contains(@id, \"listView-innerSelectionPanelTable-listUl\")]/tbody/tr[14]/td[2]/div/div"}
RESULT: {}
RESULT: {"using":"xpath","value":"//table[contains(@id, \"listView-innerSelectionPanelTable-listUl\")]/tbody/tr[14]/td[2]/div/div"}
COMMAND: POST /session/7a47d135f75b3f9dc9ed0ec43722f433/element - {"using":"xpath","value":"//table[contains(@id, \"listView-innerSelectionPanelTable-listUl\")]/tbody/tr[14]/td[2]/div"}
RESULT: {"using":"xpath","value":"//table[contains(@id, \"listView-innerSelectionPanelTable-listUl\")]/tbody/tr[14]/td[2]/div"}
COMMAND: POST /session/7a47d135f75b3f9dc9ed0ec43722f433/element - {"using":"xpath","value":"//table[contains(@id, \"listView-innerSelectionPanelTable-listUl\")]/tbody/tr[14]/td[3]/div/div/span/span[1]/bdi"}
RESULT: {"using":"xpath","value":"//table[contains(@id, \"listView-innerSelectionPanelTable-listUl\")]/tbody/tr[14]/td[3]/div/div/span/span[1]/bdi"}
COMMAND: POST /session/7a47d135f75b3f9dc9ed0ec43722f433/execute/sync - {"script":"<script> [56 bytes]","args":[{"element-6066-11e4-a52e-4f735466cecf":"f.EC16CDDA184DC683CEF5B04FDEE8C812.d.59971401F791468D219C420C9069A28B.e.7879","ELEMENT":"f.EC16CDDA184DC683CEF5B04FDEE8C812.d.59971401F791468D219C420C9069A28B.e.7879"}]}
RESULT: {"script":"<script> [56 bytes]","args":[{"element-6066-11e4-a52e-4f735466cecf":"f.EC16CDDA184DC683CEF5B04FDEE8C812.d.59971401F791468D219C420C9069A28B.e.7879","ELEMENT":"f.EC16CDDA184DC683CEF5B04FDEE8C812.d.59971401F791468D219C420C9069A28B.e.7879"}]}
COMMAND: GET /session/7a47d135f75b3f9dc9ed0ec43722f433/element/f.EC16CDDA184DC683CEF5B04FDEE8C812.d.59971401F791468D219C420C9069A28B.e.7878/attribute/aria-checked - {}
COMMAND: GET /session/7a47d135f75b3f9dc9ed0ec43722f433/screenshot - {}
RESULT: {}
COMMAND: POST /session/7a47d135f75b3f9dc9ed0ec43722f433/element - {"using":"xpath","value":"//table[contains(@id, \"listView-innerSelectionPanelTable-listUl\")]/tbody/tr[15]/td[2]/div/div"}
RESULT: {}
RESULT: {"using":"xpath","value":"//table[contains(@id, \"listView-innerSelectionPanelTable-listUl\")]/tbody/tr[15]/td[2]/div/div"}
COMMAND: POST /session/7a47d135f75b3f9dc9ed0ec43722f433/element - {"using":"xpath","value":"//table[contains(@id, \"listView-innerSelectionPanelTable-listUl\")]/tbody/tr[15]/td[2]/div"}
RESULT: {"using":"xpath","value":"//table[contains(@id, \"listView-innerSelectionPanelTable-listUl\")]/tbody/tr[15]/td[2]/div"}
COMMAND: POST /session/7a47d135f75b3f9dc9ed0ec43722f433/element - {"using":"xpath","value":"//table[contains(@id, \"listView-innerSelectionPanelTable-listUl\")]/tbody/tr[15]/td[3]/div/div/span/span[1]/bdi"}
RESULT: {"using":"xpath","value":"//table[contains(@id, \"listView-innerSelectionPanelTable-listUl\")]/tbody/tr[15]/td[3]/div/div/span/span[1]/bdi"}
COMMAND: POST /session/7a47d135f75b3f9dc9ed0ec43722f433/execute/sync - {"script":"<script> [56 bytes]","args":[{"element-6066-11e4-a52e-4f735466cecf":"f.EC16CDDA184DC683CEF5B04FDEE8C812.d.59971401F791468D219C420C9069A28B.e.7882","ELEMENT":"f.EC16CDDA184DC683CEF5B04FDEE8C812.d.59971401F791468D219C420C9069A28B.e.7882"}]}
RESULT: {"script":"<script> [56 bytes]","args":[{"element-6066-11e4-a52e-4f735466cecf":"f.EC16CDDA184DC683CEF5B04FDEE8C812.d.59971401F791468D219C420C9069A28B.e.7882","ELEMENT":"f.EC16CDDA184DC683CEF5B04FDEE8C812.d.59971401F791468D219C420C9069A28B.e.7882"}]}
COMMAND: GET /session/7a47d135f75b3f9dc9ed0ec43722f433/element/f.EC16CDDA184DC683CEF5B04FDEE8C812.d.59971401F791468D219C420C9069A28B.e.7881/attribute/aria-checked - {}
COMMAND: GET /session/7a47d135f75b3f9dc9ed0ec43722f433/screenshot - {}
RESULT: {}
COMMAND: POST /session/7a47d135f75b3f9dc9ed0ec43722f433/element - {"using":"xpath","value":"//table[contains(@id, \"listView-innerSelectionPanelTable-listUl\")]/tbody/tr[16]/td[2]/div/div"}
RESULT: {}
RESULT: {"using":"xpath","value":"//table[contains(@id, \"listView-innerSelectionPanelTable-listUl\")]/tbody/tr[16]/td[2]/div/div"}
COMMAND: POST /session/7a47d135f75b3f9dc9ed0ec43722f433/element - {"using":"xpath","value":"//table[contains(@id, \"listView-innerSelectionPanelTable-listUl\")]/tbody/tr[16]/td[2]/div"}
RESULT: {"using":"xpath","value":"//table[contains(@id, \"listView-innerSelectionPanelTable-listUl\")]/tbody/tr[16]/td[2]/div"}
COMMAND: POST /session/7a47d135f75b3f9dc9ed0ec43722f433/element - {"using":"xpath","value":"//table[contains(@id, \"listView-innerSelectionPanelTable-listUl\")]/tbody/tr[16]/td[3]/div/div/span/span[1]/bdi"}
RESULT: {"using":"xpath","value":"//table[contains(@id, \"listView-innerSelectionPanelTable-listUl\")]/tbody/tr[16]/td[3]/div/div/span/span[1]/bdi"}
COMMAND: POST /session/7a47d135f75b3f9dc9ed0ec43722f433/execute/sync - {"script":"<script> [56 bytes]","args":[{"element-6066-11e4-a52e-4f735466cecf":"f.EC16CDDA184DC683CEF5B04FDEE8C812.d.59971401F791468D219C420C9069A28B.e.7885","ELEMENT":"f.EC16CDDA184DC683CEF5B04FDEE8C812.d.59971401F791468D219C420C9069A28B.e.7885"}]}
RESULT: {"script":"<script> [56 bytes]","args":[{"element-6066-11e4-a52e-4f735466cecf":"f.EC16CDDA184DC683CEF5B04FDEE8C812.d.59971401F791468D219C420C9069A28B.e.7885","ELEMENT":"f.EC16CDDA184DC683CEF5B04FDEE8C812.d.59971401F791468D219C420C9069A28B.e.7885"}]}
COMMAND: GET /session/7a47d135f75b3f9dc9ed0ec43722f433/element/f.EC16CDDA184DC683CEF5B04FDEE8C812.d.59971401F791468D219C420C9069A28B.e.7884/attribute/aria-checked - {}
COMMAND: GET /session/7a47d135f75b3f9dc9ed0ec43722f433/screenshot - {}
RESULT: {}
COMMAND: POST /session/7a47d135f75b3f9dc9ed0ec43722f433/element - {"using":"xpath","value":"//table[contains(@id, \"listView-innerSelectionPanelTable-listUl\")]/tbody/tr[17]/td[2]/div/div"}
RESULT: {}
RESULT: {"using":"xpath","value":"//table[contains(@id, \"listView-innerSelectionPanelTable-listUl\")]/tbody/tr[17]/td[2]/div/div"}
COMMAND: POST /session/7a47d135f75b3f9dc9ed0ec43722f433/element - {"using":"xpath","value":"//table[contains(@id, \"listView-innerSelectionPanelTable-listUl\")]/tbody/tr[17]/td[2]/div"}
RESULT: {"using":"xpath","value":"//table[contains(@id, \"listView-innerSelectionPanelTable-listUl\")]/tbody/tr[17]/td[2]/div"}
COMMAND: POST /session/7a47d135f75b3f9dc9ed0ec43722f433/element - {"using":"xpath","value":"//table[contains(@id, \"listView-innerSelectionPanelTable-listUl\")]/tbody/tr[17]/td[3]/div/div/span/span[1]/bdi"}
RESULT: {"using":"xpath","value":"//table[contains(@id, \"listView-innerSelectionPanelTable-listUl\")]/tbody/tr[17]/td[3]/div/div/span/span[1]/bdi"}
COMMAND: POST /session/7a47d135f75b3f9dc9ed0ec43722f433/execute/sync - {"script":"<script> [56 bytes]","args":[{"element-6066-11e4-a52e-4f735466cecf":"f.EC16CDDA184DC683CEF5B04FDEE8C812.d.59971401F791468D219C420C9069A28B.e.7888","ELEMENT":"f.EC16CDDA184DC683CEF5B04FDEE8C812.d.59971401F791468D219C420C9069A28B.e.7888"}]}
RESULT: {"script":"<script> [56 bytes]","args":[{"element-6066-11e4-a52e-4f735466cecf":"f.EC16CDDA184DC683CEF5B04FDEE8C812.d.59971401F791468D219C420C9069A28B.e.7888","ELEMENT":"f.EC16CDDA184DC683CEF5B04FDEE8C812.d.59971401F791468D219C420C9069A28B.e.7888"}]}
COMMAND: GET /session/7a47d135f75b3f9dc9ed0ec43722f433/element/f.EC16CDDA184DC683CEF5B04FDEE8C812.d.59971401F791468D219C420C9069A28B.e.7887/attribute/aria-checked - {}
COMMAND: GET /session/7a47d135f75b3f9dc9ed0ec43722f433/screenshot - {}
RESULT: {}
COMMAND: POST /session/7a47d135f75b3f9dc9ed0ec43722f433/element - {"using":"xpath","value":"//table[contains(@id, \"listView-innerSelectionPanelTable-listUl\")]/tbody/tr[18]/td[2]/div/div"}
RESULT: {}
RESULT: {"using":"xpath","value":"//table[contains(@id, \"listView-innerSelectionPanelTable-listUl\")]/tbody/tr[18]/td[2]/div/div"}
COMMAND: POST /session/7a47d135f75b3f9dc9ed0ec43722f433/element - {"using":"xpath","value":"//table[contains(@id, \"listView-innerSelectionPanelTable-listUl\")]/tbody/tr[18]/td[2]/div"}
RESULT: {"using":"xpath","value":"//table[contains(@id, \"listView-innerSelectionPanelTable-listUl\")]/tbody/tr[18]/td[2]/div"}
COMMAND: POST /session/7a47d135f75b3f9dc9ed0ec43722f433/element - {"using":"xpath","value":"//table[contains(@id, \"listView-innerSelectionPanelTable-listUl\")]/tbody/tr[18]/td[3]/div/div/span/span[1]/bdi"}
RESULT: {"using":"xpath","value":"//table[contains(@id, \"listView-innerSelectionPanelTable-listUl\")]/tbody/tr[18]/td[3]/div/div/span/span[1]/bdi"}
COMMAND: POST /session/7a47d135f75b3f9dc9ed0ec43722f433/execute/sync - {"script":"<script> [56 bytes]","args":[{"element-6066-11e4-a52e-4f735466cecf":"f.EC16CDDA184DC683CEF5B04FDEE8C812.d.59971401F791468D219C420C9069A28B.e.7891","ELEMENT":"f.EC16CDDA184DC683CEF5B04FDEE8C812.d.59971401F791468D219C420C9069A28B.e.7891"}]}
RESULT: {"script":"<script> [56 bytes]","args":[{"element-6066-11e4-a52e-4f735466cecf":"f.EC16CDDA184DC683CEF5B04FDEE8C812.d.59971401F791468D219C420C9069A28B.e.7891","ELEMENT":"f.EC16CDDA184DC683CEF5B04FDEE8C812.d.59971401F791468D219C420C9069A28B.e.7891"}]}
COMMAND: GET /session/7a47d135f75b3f9dc9ed0ec43722f433/element/f.EC16CDDA184DC683CEF5B04FDEE8C812.d.59971401F791468D219C420C9069A28B.e.7890/attribute/aria-checked - {}
COMMAND: GET /session/7a47d135f75b3f9dc9ed0ec43722f433/screenshot - {}
RESULT: {}
COMMAND: POST /session/7a47d135f75b3f9dc9ed0ec43722f433/element - {"using":"xpath","value":"//table[contains(@id, \"listView-innerSelectionPanelTable-listUl\")]/tbody/tr[19]/td[2]/div/div"}
RESULT: {}
RESULT: {"using":"xpath","value":"//table[contains(@id, \"listView-innerSelectionPanelTable-listUl\")]/tbody/tr[19]/td[2]/div/div"}
COMMAND: POST /session/7a47d135f75b3f9dc9ed0ec43722f433/element - {"using":"xpath","value":"//table[contains(@id, \"listView-innerSelectionPanelTable-listUl\")]/tbody/tr[19]/td[2]/div"}
RESULT: {"using":"xpath","value":"//table[contains(@id, \"listView-innerSelectionPanelTable-listUl\")]/tbody/tr[19]/td[2]/div"}
COMMAND: POST /session/7a47d135f75b3f9dc9ed0ec43722f433/element - {"using":"xpath","value":"//table[contains(@id, \"listView-innerSelectionPanelTable-listUl\")]/tbody/tr[19]/td[3]/div/div/span/span[1]/bdi"}
RESULT: {"using":"xpath","value":"//table[contains(@id, \"listView-innerSelectionPanelTable-listUl\")]/tbody/tr[19]/td[3]/div/div/span/span[1]/bdi"}
COMMAND: POST /session/7a47d135f75b3f9dc9ed0ec43722f433/execute/sync - {"script":"<script> [56 bytes]","args":[{"element-6066-11e4-a52e-4f735466cecf":"f.EC16CDDA184DC683CEF5B04FDEE8C812.d.59971401F791468D219C420C9069A28B.e.7894","ELEMENT":"f.EC16CDDA184DC683CEF5B04FDEE8C812.d.59971401F791468D219C420C9069A28B.e.7894"}]}
RESULT: {"script":"<script> [56 bytes]","args":[{"element-6066-11e4-a52e-4f735466cecf":"f.EC16CDDA184DC683CEF5B04FDEE8C812.d.59971401F791468D219C420C9069A28B.e.7894","ELEMENT":"f.EC16CDDA184DC683CEF5B04FDEE8C812.d.59971401F791468D219C420C9069A28B.e.7894"}]}
COMMAND: GET /session/7a47d135f75b3f9dc9ed0ec43722f433/element/f.EC16CDDA184DC683CEF5B04FDEE8C812.d.59971401F791468D219C420C9069A28B.e.7893/attribute/aria-checked - {}
COMMAND: GET /session/7a47d135f75b3f9dc9ed0ec43722f433/screenshot - {}
RESULT: {}
COMMAND: POST /session/7a47d135f75b3f9dc9ed0ec43722f433/element - {"using":"xpath","value":"//table[contains(@id, \"listView-innerSelectionPanelTable-listUl\")]/tbody/tr[20]/td[2]/div/div"}
RESULT: {}
RESULT: {"using":"xpath","value":"//table[contains(@id, \"listView-innerSelectionPanelTable-listUl\")]/tbody/tr[20]/td[2]/div/div"}
COMMAND: POST /session/7a47d135f75b3f9dc9ed0ec43722f433/element - {"using":"xpath","value":"//table[contains(@id, \"listView-innerSelectionPanelTable-listUl\")]/tbody/tr[20]/td[2]/div"}
RESULT: {"using":"xpath","value":"//table[contains(@id, \"listView-innerSelectionPanelTable-listUl\")]/tbody/tr[20]/td[2]/div"}
COMMAND: POST /session/7a47d135f75b3f9dc9ed0ec43722f433/element - {"using":"xpath","value":"//table[contains(@id, \"listView-innerSelectionPanelTable-listUl\")]/tbody/tr[20]/td[3]/div/div/span/span[1]/bdi"}
RESULT: {"using":"xpath","value":"//table[contains(@id, \"listView-innerSelectionPanelTable-listUl\")]/tbody/tr[20]/td[3]/div/div/span/span[1]/bdi"}
COMMAND: POST /session/7a47d135f75b3f9dc9ed0ec43722f433/execute/sync - {"script":"<script> [56 bytes]","args":[{"element-6066-11e4-a52e-4f735466cecf":"f.EC16CDDA184DC683CEF5B04FDEE8C812.d.59971401F791468D219C420C9069A28B.e.7897","ELEMENT":"f.EC16CDDA184DC683CEF5B04FDEE8C812.d.59971401F791468D219C420C9069A28B.e.7897"}]}
RESULT: {"script":"<script> [56 bytes]","args":[{"element-6066-11e4-a52e-4f735466cecf":"f.EC16CDDA184DC683CEF5B04FDEE8C812.d.59971401F791468D219C420C9069A28B.e.7897","ELEMENT":"f.EC16CDDA184DC683CEF5B04FDEE8C812.d.59971401F791468D219C420C9069A28B.e.7897"}]}
COMMAND: GET /session/7a47d135f75b3f9dc9ed0ec43722f433/element/f.EC16CDDA184DC683CEF5B04FDEE8C812.d.59971401F791468D219C420C9069A28B.e.7896/attribute/aria-checked - {}
COMMAND: GET /session/7a47d135f75b3f9dc9ed0ec43722f433/screenshot - {}
RESULT: {}
COMMAND: POST /session/7a47d135f75b3f9dc9ed0ec43722f433/element - {"using":"xpath","value":"//table[contains(@id, \"listView-innerSelectionPanelTable-listUl\")]/tbody/tr[21]/td[2]/div/div"}
COMMAND: POST /session/7a47d135f75b3f9dc9ed0ec43722f433/element/f.EC16CDDA184DC683CEF5B04FDEE8C812.d.59971401F791468D219C420C9069A28B.e.7895/click - {}
RESULT: {}
RESULT: {"using":"xpath","value":"//table[contains(@id, \"listView-innerSelectionPanelTable-listUl\")]/tbody/tr[21]/td[2]/div/div"}
COMMAND: POST /session/7a47d135f75b3f9dc9ed0ec43722f433/element - {"using":"xpath","value":"//table[contains(@id, \"listView-innerSelectionPanelTable-listUl\")]/tbody/tr[21]/td[2]/div"}
RESULT: {}
COMMAND: GET /session/7a47d135f75b3f9dc9ed0ec43722f433/screenshot - {}
RESULT: {"using":"xpath","value":"//table[contains(@id, \"listView-innerSelectionPanelTable-listUl\")]/tbody/tr[21]/td[2]/div"}
COMMAND: POST /session/7a47d135f75b3f9dc9ed0ec43722f433/element - {"using":"xpath","value":"//table[contains(@id, \"listView-innerSelectionPanelTable-listUl\")]/tbody/tr[21]/td[3]/div/div/span/span[1]/bdi"}
RESULT: {}
RESULT: {"using":"xpath","value":"//table[contains(@id, \"listView-innerSelectionPanelTable-listUl\")]/tbody/tr[21]/td[3]/div/div/span/span[1]/bdi"}
COMMAND: POST /session/7a47d135f75b3f9dc9ed0ec43722f433/execute/sync - {"script":"<script> [56 bytes]","args":[{"element-6066-11e4-a52e-4f735466cecf":"f.EC16CDDA184DC683CEF5B04FDEE8C812.d.59971401F791468D219C420C9069A28B.e.7903","ELEMENT":"f.EC16CDDA184DC683CEF5B04FDEE8C812.d.59971401F791468D219C420C9069A28B.e.7903"}]}
RESULT: {"script":"<script> [56 bytes]","args":[{"element-6066-11e4-a52e-4f735466cecf":"f.EC16CDDA184DC683CEF5B04FDEE8C812.d.59971401F791468D219C420C9069A28B.e.7903","ELEMENT":"f.EC16CDDA184DC683CEF5B04FDEE8C812.d.59971401F791468D219C420C9069A28B.e.7903"}]}
COMMAND: GET /session/7a47d135f75b3f9dc9ed0ec43722f433/element/f.EC16CDDA184DC683CEF5B04FDEE8C812.d.59971401F791468D219C420C9069A28B.e.7902/attribute/aria-checked - {}
COMMAND: GET /session/7a47d135f75b3f9dc9ed0ec43722f433/screenshot - {}
RESULT: {}
COMMAND: POST /session/7a47d135f75b3f9dc9ed0ec43722f433/element - {"using":"xpath","value":"//table[contains(@id, \"listView-innerSelectionPanelTable-listUl\")]/tbody/tr[22]/td[2]/div/div"}
COMMAND: POST /session/7a47d135f75b3f9dc9ed0ec43722f433/element/f.EC16CDDA184DC683CEF5B04FDEE8C812.d.59971401F791468D219C420C9069A28B.e.7898/click - {}
RESULT: {}
RESULT: {"using":"xpath","value":"//table[contains(@id, \"listView-innerSelectionPanelTable-listUl\")]/tbody/tr[22]/td[2]/div/div"}
COMMAND: POST /session/7a47d135f75b3f9dc9ed0ec43722f433/element - {"using":"xpath","value":"//table[contains(@id, \"listView-innerSelectionPanelTable-listUl\")]/tbody/tr[22]/td[2]/div"}
RESULT: {}
COMMAND: GET /session/7a47d135f75b3f9dc9ed0ec43722f433/screenshot - {}
RESULT: {"using":"xpath","value":"//table[contains(@id, \"listView-innerSelectionPanelTable-listUl\")]/tbody/tr[22]/td[2]/div"}
COMMAND: POST /session/7a47d135f75b3f9dc9ed0ec43722f433/element - {"using":"xpath","value":"//table[contains(@id, \"listView-innerSelectionPanelTable-listUl\")]/tbody/tr[22]/td[3]/div/div/span/span[1]/bdi"}
RESULT: {}
RESULT: {"using":"xpath","value":"//table[contains(@id, \"listView-innerSelectionPanelTable-listUl\")]/tbody/tr[22]/td[3]/div/div/span/span[1]/bdi"}
COMMAND: POST /session/7a47d135f75b3f9dc9ed0ec43722f433/execute/sync - {"script":"<script> [56 bytes]","args":[{"element-6066-11e4-a52e-4f735466cecf":"f.EC16CDDA184DC683CEF5B04FDEE8C812.d.59971401F791468D219C420C9069A28B.e.7907","ELEMENT":"f.EC16CDDA184DC683CEF5B04FDEE8C812.d.59971401F791468D219C420C9069A28B.e.7907"}]}
RESULT: {"script":"<script> [56 bytes]","args":[{"element-6066-11e4-a52e-4f735466cecf":"f.EC16CDDA184DC683CEF5B04FDEE8C812.d.59971401F791468D219C420C9069A28B.e.7907","ELEMENT":"f.EC16CDDA184DC683CEF5B04FDEE8C812.d.59971401F791468D219C420C9069A28B.e.7907"}]}
COMMAND: GET /session/7a47d135f75b3f9dc9ed0ec43722f433/element/f.EC16CDDA184DC683CEF5B04FDEE8C812.d.59971401F791468D219C420C9069A28B.e.7906/attribute/aria-checked - {}
COMMAND: GET /session/7a47d135f75b3f9dc9ed0ec43722f433/screenshot - {}
RESULT: {}
COMMAND: POST /session/7a47d135f75b3f9dc9ed0ec43722f433/element - {"using":"xpath","value":"//table[contains(@id, \"listView-innerSelectionPanelTable-listUl\")]/tbody/tr[23]/td[2]/div/div"}
RESULT: {}
RESULT: {"using":"xpath","value":"//table[contains(@id, \"listView-innerSelectionPanelTable-listUl\")]/tbody/tr[23]/td[2]/div/div"}
COMMAND: POST /session/7a47d135f75b3f9dc9ed0ec43722f433/element - {"using":"xpath","value":"//table[contains(@id, \"listView-innerSelectionPanelTable-listUl\")]/tbody/tr[23]/td[2]/div"}
RESULT: {"using":"xpath","value":"//table[contains(@id, \"listView-innerSelectionPanelTable-listUl\")]/tbody/tr[23]/td[2]/div"}
COMMAND: POST /session/7a47d135f75b3f9dc9ed0ec43722f433/element - {"using":"xpath","value":"//table[contains(@id, \"listView-innerSelectionPanelTable-listUl\")]/tbody/tr[23]/td[3]/div/div/span/span[1]/bdi"}
RESULT: {"using":"xpath","value":"//table[contains(@id, \"listView-innerSelectionPanelTable-listUl\")]/tbody/tr[23]/td[3]/div/div/span/span[1]/bdi"}
COMMAND: POST /session/7a47d135f75b3f9dc9ed0ec43722f433/execute/sync - {"script":"<script> [56 bytes]","args":[{"element-6066-11e4-a52e-4f735466cecf":"f.EC16CDDA184DC683CEF5B04FDEE8C812.d.59971401F791468D219C420C9069A28B.e.7910","ELEMENT":"f.EC16CDDA184DC683CEF5B04FDEE8C812.d.59971401F791468D219C420C9069A28B.e.7910"}]}
RESULT: {"script":"<script> [56 bytes]","args":[{"element-6066-11e4-a52e-4f735466cecf":"f.EC16CDDA184DC683CEF5B04FDEE8C812.d.59971401F791468D219C420C9069A28B.e.7910","ELEMENT":"f.EC16CDDA184DC683CEF5B04FDEE8C812.d.59971401F791468D219C420C9069A28B.e.7910"}]}
COMMAND: GET /session/7a47d135f75b3f9dc9ed0ec43722f433/element/f.EC16CDDA184DC683CEF5B04FDEE8C812.d.59971401F791468D219C420C9069A28B.e.7909/attribute/aria-checked - {}
COMMAND: GET /session/7a47d135f75b3f9dc9ed0ec43722f433/screenshot - {}
RESULT: {}
COMMAND: POST /session/7a47d135f75b3f9dc9ed0ec43722f433/element - {"using":"xpath","value":"//table[contains(@id, \"listView-innerSelectionPanelTable-listUl\")]/tbody/tr[24]/td[2]/div/div"}
RESULT: {}
RESULT: {"using":"xpath","value":"//table[contains(@id, \"listView-innerSelectionPanelTable-listUl\")]/tbody/tr[24]/td[2]/div/div"}
COMMAND: POST /session/7a47d135f75b3f9dc9ed0ec43722f433/element - {"using":"xpath","value":"//table[contains(@id, \"listView-innerSelectionPanelTable-listUl\")]/tbody/tr[24]/td[2]/div"}
RESULT: {"using":"xpath","value":"//table[contains(@id, \"listView-innerSelectionPanelTable-listUl\")]/tbody/tr[24]/td[2]/div"}
COMMAND: POST /session/7a47d135f75b3f9dc9ed0ec43722f433/element - {"using":"xpath","value":"//table[contains(@id, \"listView-innerSelectionPanelTable-listUl\")]/tbody/tr[24]/td[3]/div/div/span/span[1]/bdi"}
RESULT: {"using":"xpath","value":"//table[contains(@id, \"listView-innerSelectionPanelTable-listUl\")]/tbody/tr[24]/td[3]/div/div/span/span[1]/bdi"}
COMMAND: POST /session/7a47d135f75b3f9dc9ed0ec43722f433/execute/sync - {"script":"<script> [56 bytes]","args":[{"element-6066-11e4-a52e-4f735466cecf":"f.EC16CDDA184DC683CEF5B04FDEE8C812.d.59971401F791468D219C420C9069A28B.e.7913","ELEMENT":"f.EC16CDDA184DC683CEF5B04FDEE8C812.d.59971401F791468D219C420C9069A28B.e.7913"}]}
RESULT: {"script":"<script> [56 bytes]","args":[{"element-6066-11e4-a52e-4f735466cecf":"f.EC16CDDA184DC683CEF5B04FDEE8C812.d.59971401F791468D219C420C9069A28B.e.7913","ELEMENT":"f.EC16CDDA184DC683CEF5B04FDEE8C812.d.59971401F791468D219C420C9069A28B.e.7913"}]}
COMMAND: GET /session/7a47d135f75b3f9dc9ed0ec43722f433/element/f.EC16CDDA184DC683CEF5B04FDEE8C812.d.59971401F791468D219C420C9069A28B.e.7912/attribute/aria-checked - {}
COMMAND: GET /session/7a47d135f75b3f9dc9ed0ec43722f433/screenshot - {}
RESULT: {}
COMMAND: POST /session/7a47d135f75b3f9dc9ed0ec43722f433/element - {"using":"xpath","value":"//table[contains(@id, \"listView-innerSelectionPanelTable-listUl\")]/tbody/tr[25]/td[2]/div/div"}
RESULT: {}
RESULT: {"using":"xpath","value":"//table[contains(@id, \"listView-innerSelectionPanelTable-listUl\")]/tbody/tr[25]/td[2]/div/div"}
COMMAND: POST /session/7a47d135f75b3f9dc9ed0ec43722f433/element - {"using":"xpath","value":"//table[contains(@id, \"listView-innerSelectionPanelTable-listUl\")]/tbody/tr[25]/td[2]/div"}
RESULT: {"using":"xpath","value":"//table[contains(@id, \"listView-innerSelectionPanelTable-listUl\")]/tbody/tr[25]/td[2]/div"}
COMMAND: POST /session/7a47d135f75b3f9dc9ed0ec43722f433/element - {"using":"xpath","value":"//table[contains(@id, \"listView-innerSelectionPanelTable-listUl\")]/tbody/tr[25]/td[3]/div/div/span/span[1]/bdi"}
RESULT: {"using":"xpath","value":"//table[contains(@id, \"listView-innerSelectionPanelTable-listUl\")]/tbody/tr[25]/td[3]/div/div/span/span[1]/bdi"}
COMMAND: POST /session/7a47d135f75b3f9dc9ed0ec43722f433/execute/sync - {"script":"<script> [56 bytes]","args":[{"element-6066-11e4-a52e-4f735466cecf":"f.EC16CDDA184DC683CEF5B04FDEE8C812.d.59971401F791468D219C420C9069A28B.e.7916","ELEMENT":"f.EC16CDDA184DC683CEF5B04FDEE8C812.d.59971401F791468D219C420C9069A28B.e.7916"}]}
RESULT: {"script":"<script> [56 bytes]","args":[{"element-6066-11e4-a52e-4f735466cecf":"f.EC16CDDA184DC683CEF5B04FDEE8C812.d.59971401F791468D219C420C9069A28B.e.7916","ELEMENT":"f.EC16CDDA184DC683CEF5B04FDEE8C812.d.59971401F791468D219C420C9069A28B.e.7916"}]}
COMMAND: GET /session/7a47d135f75b3f9dc9ed0ec43722f433/element/f.EC16CDDA184DC683CEF5B04FDEE8C812.d.59971401F791468D219C420C9069A28B.e.7915/attribute/aria-checked - {}
COMMAND: GET /session/7a47d135f75b3f9dc9ed0ec43722f433/screenshot - {}
RESULT: {}
COMMAND: POST /session/7a47d135f75b3f9dc9ed0ec43722f433/element - {"using":"xpath","value":"//bdi[contains(text(), \"OK\")]"}
RESULT: {}
RESULT: {"using":"xpath","value":"//bdi[contains(text(), \"OK\")]"}
COMMAND: POST /session/7a47d135f75b3f9dc9ed0ec43722f433/element/f.EC16CDDA184DC683CEF5B04FDEE8C812.d.59971401F791468D219C420C9069A28B.e.7917/click - {}
RESULT: {}
COMMAND: GET /session/7a47d135f75b3f9dc9ed0ec43722f433/screenshot - {}
RESULT: {}
COMMAND: POST /session/7a47d135f75b3f9dc9ed0ec43722f433/execute/async - {"script":"<script> [1562 bytes]","args":[{"selector":{"id":"application-managepartners-display-component---masterPtm--smartFilterBar-filterItemControlA_-LINK_TO_ADDRESSES_MAIN.ID-vhi"},"wdio_ui5_key":"applicationmanagepartners-display-component---masterPtm--smartFilterBar-filterItemControlA_-LINK_TO_ADDRESSES_MAIN.ID-vhi"}]}
RESULT: {"script":"<script> [1562 bytes]","args":[{"selector":{"id":"application-managepartners-display-component---masterPtm--smartFilterBar-filterItemControlA_-LINK_TO_ADDRESSES_MAIN.ID-vhi"},"wdio_ui5_key":"applicationmanagepartners-display-component---masterPtm--smartFilterBar-filterItemControlA_-LINK_TO_ADDRESSES_MAIN.ID-vhi"}]}
RESULT: undefined
COMMAND: POST /session/7a47d135f75b3f9dc9ed0ec43722f433/element - {"using":"xpath","value":"//*[@id=\"application-managepartners-display-component---masterPtm--smartFilterBar-filterItemControlA_-LINK_TO_ADDRESSES_MAIN.ID-vhi\"]"}
RESULT: {"using":"xpath","value":"//*[@id=\"application-managepartners-display-component---masterPtm--smartFilterBar-filterItemControlA_-LINK_TO_ADDRESSES_MAIN.ID-vhi\"]"}
COMMAND: POST /session/7a47d135f75b3f9dc9ed0ec43722f433/element/f.EC16CDDA184DC683CEF5B04FDEE8C812.d.59971401F791468D219C420C9069A28B.e.7930/click - {}
RESULT: {}
COMMAND: GET /session/7a47d135f75b3f9dc9ed0ec43722f433/screenshot - {}
RESULT: {}
COMMAND: POST /session/7a47d135f75b3f9dc9ed0ec43722f433/element - {"using":"xpath","value":"//div[input[@value=\"contains\"]]//span[contains(@id, \"arrow\")]"}
RESULT: {"using":"xpath","value":"//div[input[@value=\"contains\"]]//span[contains(@id, \"arrow\")]"}
COMMAND: POST /session/7a47d135f75b3f9dc9ed0ec43722f433/element/f.EC16CDDA184DC683CEF5B04FDEE8C812.d.59971401F791468D219C420C9069A28B.e.7935/click - {}
RESULT: {}
COMMAND: GET /session/7a47d135f75b3f9dc9ed0ec43722f433/screenshot - {}
RESULT: {}
COMMAND: POST /session/7a47d135f75b3f9dc9ed0ec43722f433/element - {"using":"xpath","value":"//li[.//span[text()='equal to']]"}
RESULT: {"using":"xpath","value":"//li[.//span[text()='equal to']]"}
COMMAND: POST /session/7a47d135f75b3f9dc9ed0ec43722f433/element/f.EC16CDDA184DC683CEF5B04FDEE8C812.d.59971401F791468D219C420C9069A28B.e.7936/click - {}
RESULT: {}
COMMAND: GET /session/7a47d135f75b3f9dc9ed0ec43722f433/screenshot - {}
RESULT: {}
RESULT: undefined
COMMAND: POST /session/7a47d135f75b3f9dc9ed0ec43722f433/execute/async - {"script":"<script> [776 bytes]","args":[{"enterText":"1006","selector":{"controlType":"sap.m.Input","viewName":"etm.portal.ui.managepartners.view.Master","viewId":"application-managepartners-display-component---masterPtm","properties":{"valueState":"None"},"searchOpenDialogs":true,"interaction":{"idSuffix":"inner"}},"clearTextFirst":true,"interactionType":"ENTER_TEXT"}]}
RESULT: {"script":"<script> [776 bytes]","args":[{"enterText":"1006","selector":{"controlType":"sap.m.Input","viewName":"etm.portal.ui.managepartners.view.Master","viewId":"application-managepartners-display-component---masterPtm","properties":{"valueState":"None"},"searchOpenDialogs":true,"interaction":{"idSuffix":"inner"}},"clearTextFirst":true,"interactionType":"ENTER_TEXT"}]}
COMMAND: POST /session/7a47d135f75b3f9dc9ed0ec43722f433/actions - {"actions":[{"id":"action22","type":"key","parameters":{},"actions":[{"type":"keyDown","value":"î€‡"},{"type":"pause","duration":10},{"type":"keyUp","value":"î€‡"}]}]}
RESULT: {"actions":[{"id":"action22","type":"key","parameters":{},"actions":[{"type":"keyDown","value":"î€‡"},{"type":"pause","duration":10},{"type":"keyUp","value":"î€‡"}]}]}
COMMAND: GET /session/7a47d135f75b3f9dc9ed0ec43722f433/screenshot - {}
RESULT: {}
COMMAND: POST /session/7a47d135f75b3f9dc9ed0ec43722f433/element - {"using":"xpath","value":"(//bdi[contains(text(), \"OK\")])[1]"}
RESULT: {"using":"xpath","value":"(//bdi[contains(text(), \"OK\")])[1]"}
COMMAND: POST /session/7a47d135f75b3f9dc9ed0ec43722f433/element/f.EC16CDDA184DC683CEF5B04FDEE8C812.d.59971401F791468D219C420C9069A28B.e.7937/click - {}
RESULT: {}
COMMAND: GET /session/7a47d135f75b3f9dc9ed0ec43722f433/screenshot - {}
RESULT: {}
COMMAND: POST /session/7a47d135f75b3f9dc9ed0ec43722f433/element - {"using":"xpath","value":"//span[@id=\"application-managepartners-display-component---masterPtm--smartTable-header-inner\"]"}
RESULT: {"using":"xpath","value":"//span[@id=\"application-managepartners-display-component---masterPtm--smartTable-header-inner\"]"}
COMMAND: POST /session/7a47d135f75b3f9dc9ed0ec43722f433/elements - {"using":"xpath","value":"//span[@id=\"application-managepartners-display-component---masterPtm--smartTable-header-inner\"]"}
RESULT: {"using":"xpath","value":"//span[@id=\"application-managepartners-display-component---masterPtm--smartTable-header-inner\"]"}
COMMAND: POST /session/7a47d135f75b3f9dc9ed0ec43722f433/execute/sync - {"script":"<script> [56 bytes]","args":[{"element-6066-11e4-a52e-4f735466cecf":"f.EC16CDDA184DC683CEF5B04FDEE8C812.d.59971401F791468D219C420C9069A28B.e.7775","ELEMENT":"f.EC16CDDA184DC683CEF5B04FDEE8C812.d.59971401F791468D219C420C9069A28B.e.7775"}]}
RESULT: {"script":"<script> [56 bytes]","args":[{"element-6066-11e4-a52e-4f735466cecf":"f.EC16CDDA184DC683CEF5B04FDEE8C812.d.59971401F791468D219C420C9069A28B.e.7775","ELEMENT":"f.EC16CDDA184DC683CEF5B04FDEE8C812.d.59971401F791468D219C420C9069A28B.e.7775"}]}
COMMAND: POST /session/7a47d135f75b3f9dc9ed0ec43722f433/element - {"using":"xpath","value":"//span[contains(@title, \"Remove\")]"}
COMMAND: GET /session/7a47d135f75b3f9dc9ed0ec43722f433/screenshot - {}
RESULT: {"using":"xpath","value":"//span[contains(@title, \"Remove\")]"}
COMMAND: POST /session/7a47d135f75b3f9dc9ed0ec43722f433/element/f.EC16CDDA184DC683CEF5B04FDEE8C812.d.59971401F791468D219C420C9069A28B.e.7941/click - {}
RESULT: {}
RESULT: {}
COMMAND: GET /session/7a47d135f75b3f9dc9ed0ec43722f433/screenshot - {}
RESULT: {}
RESULT: undefined
COMMAND: POST /session/7a47d135f75b3f9dc9ed0ec43722f433/element - {"using":"xpath","value":"//*[@id=\"application-managepartners-display-component---masterPtm--smartFilterBar-filterItemControl_BASIC-YARD-vhi\"]"}
RESULT: {"using":"xpath","value":"//*[@id=\"application-managepartners-display-component---masterPtm--smartFilterBar-filterItemControl_BASIC-YARD-vhi\"]"}
COMMAND: POST /session/7a47d135f75b3f9dc9ed0ec43722f433/element/f.EC16CDDA184DC683CEF5B04FDEE8C812.d.59971401F791468D219C420C9069A28B.e.8045/click - {}
RESULT: {}
COMMAND: GET /session/7a47d135f75b3f9dc9ed0ec43722f433/screenshot - {}
RESULT: {}
RESULT: undefined
COMMAND: POST /session/7a47d135f75b3f9dc9ed0ec43722f433/execute/async - {"script":"<script> [776 bytes]","args":[{"enterText":"Test","selector":{"id":"application-managepartners-display-component---masterPtm--smartFilterBar-filterItemControl_BASIC-YARD-valueHelpDialog-smartFilterBar-btnBasicSearch","searchOpenDialogs":true,"interaction":{"idSuffix":"I"}},"clearTextFirst":true,"interactionType":"ENTER_TEXT"}]}
RESULT: {"script":"<script> [776 bytes]","args":[{"enterText":"Test","selector":{"id":"application-managepartners-display-component---masterPtm--smartFilterBar-filterItemControl_BASIC-YARD-valueHelpDialog-smartFilterBar-btnBasicSearch","searchOpenDialogs":true,"interaction":{"idSuffix":"I"}},"clearTextFirst":true,"interactionType":"ENTER_TEXT"}]}
COMMAND: POST /session/7a47d135f75b3f9dc9ed0ec43722f433/actions - {"actions":[{"id":"action23","type":"key","parameters":{},"actions":[{"type":"keyDown","value":"î€‡"},{"type":"pause","duration":10},{"type":"keyUp","value":"î€‡"}]}]}
RESULT: {"actions":[{"id":"action23","type":"key","parameters":{},"actions":[{"type":"keyDown","value":"î€‡"},{"type":"pause","duration":10},{"type":"keyUp","value":"î€‡"}]}]}
COMMAND: POST /session/7a47d135f75b3f9dc9ed0ec43722f433/elements - {"using":"xpath","value":"//table[contains(@id, \"smartFilterBar-filterItemControl_BASIC-YARD-valueHelpDialog-table-table\")]/tbody/tr"}
COMMAND: GET /session/7a47d135f75b3f9dc9ed0ec43722f433/screenshot - {}
RESULT: {"using":"xpath","value":"//table[contains(@id, \"smartFilterBar-filterItemControl_BASIC-YARD-valueHelpDialog-table-table\")]/tbody/tr"}
COMMAND: POST /session/7a47d135f75b3f9dc9ed0ec43722f433/element - {"using":"xpath","value":"//table[contains(@id, \"smartFilterBar-filterItemControl_BASIC-YARD-valueHelpDialog-table-table\")]/tbody/tr[1]/td[1]/div/span"}
RESULT: {}
RESULT: {"using":"xpath","value":"//table[contains(@id, \"smartFilterBar-filterItemControl_BASIC-YARD-valueHelpDialog-table-table\")]/tbody/tr[1]/td[1]/div/span"}
COMMAND: POST /session/7a47d135f75b3f9dc9ed0ec43722f433/elements - {"using":"xpath","value":"//table[contains(@id, \"smartFilterBar-filterItemControl_BASIC-YARD-valueHelpDialog-table-table\")]/tbody/tr[1]/td[1]/div/span"}
RESULT: {"using":"xpath","value":"//table[contains(@id, \"smartFilterBar-filterItemControl_BASIC-YARD-valueHelpDialog-table-table\")]/tbody/tr[1]/td[1]/div/span"}
COMMAND: POST /session/7a47d135f75b3f9dc9ed0ec43722f433/execute/sync - {"script":"<script> [56 bytes]","args":[{"element-6066-11e4-a52e-4f735466cecf":"f.EC16CDDA184DC683CEF5B04FDEE8C812.d.59971401F791468D219C420C9069A28B.e.8063","ELEMENT":"f.EC16CDDA184DC683CEF5B04FDEE8C812.d.59971401F791468D219C420C9069A28B.e.8063"}]}
RESULT: {"script":"<script> [56 bytes]","args":[{"element-6066-11e4-a52e-4f735466cecf":"f.EC16CDDA184DC683CEF5B04FDEE8C812.d.59971401F791468D219C420C9069A28B.e.8063","ELEMENT":"f.EC16CDDA184DC683CEF5B04FDEE8C812.d.59971401F791468D219C420C9069A28B.e.8063"}]}
COMMAND: POST /session/7a47d135f75b3f9dc9ed0ec43722f433/element - {"using":"xpath","value":"//table[contains(@id, \"smartFilterBar-filterItemControl_BASIC-YARD-valueHelpDialog-table-table\")]/tbody/tr[2]/td[1]/div/span"}
COMMAND: GET /session/7a47d135f75b3f9dc9ed0ec43722f433/screenshot - {}
RESULT: {"using":"xpath","value":"//table[contains(@id, \"smartFilterBar-filterItemControl_BASIC-YARD-valueHelpDialog-table-table\")]/tbody/tr[2]/td[1]/div/span"}
COMMAND: POST /session/7a47d135f75b3f9dc9ed0ec43722f433/elements - {"using":"xpath","value":"//table[contains(@id, \"smartFilterBar-filterItemControl_BASIC-YARD-valueHelpDialog-table-table\")]/tbody/tr[2]/td[1]/div/span"}
RESULT: {}
RESULT: {"using":"xpath","value":"//table[contains(@id, \"smartFilterBar-filterItemControl_BASIC-YARD-valueHelpDialog-table-table\")]/tbody/tr[2]/td[1]/div/span"}
COMMAND: POST /session/7a47d135f75b3f9dc9ed0ec43722f433/execute/sync - {"script":"<script> [56 bytes]","args":[{"element-6066-11e4-a52e-4f735466cecf":"f.EC16CDDA184DC683CEF5B04FDEE8C812.d.59971401F791468D219C420C9069A28B.e.8064","ELEMENT":"f.EC16CDDA184DC683CEF5B04FDEE8C812.d.59971401F791468D219C420C9069A28B.e.8064"}]}
RESULT: {"script":"<script> [56 bytes]","args":[{"element-6066-11e4-a52e-4f735466cecf":"f.EC16CDDA184DC683CEF5B04FDEE8C812.d.59971401F791468D219C420C9069A28B.e.8064","ELEMENT":"f.EC16CDDA184DC683CEF5B04FDEE8C812.d.59971401F791468D219C420C9069A28B.e.8064"}]}
COMMAND: POST /session/7a47d135f75b3f9dc9ed0ec43722f433/element - {"using":"xpath","value":"//table[contains(@id, \"smartFilterBar-filterItemControl_BASIC-YARD-valueHelpDialog-table-table\")]/tbody/tr[3]/td[1]/div/span"}
COMMAND: GET /session/7a47d135f75b3f9dc9ed0ec43722f433/screenshot - {}
RESULT: {"using":"xpath","value":"//table[contains(@id, \"smartFilterBar-filterItemControl_BASIC-YARD-valueHelpDialog-table-table\")]/tbody/tr[3]/td[1]/div/span"}
COMMAND: POST /session/7a47d135f75b3f9dc9ed0ec43722f433/elements - {"using":"xpath","value":"//table[contains(@id, \"smartFilterBar-filterItemControl_BASIC-YARD-valueHelpDialog-table-table\")]/tbody/tr[3]/td[1]/div/span"}
RESULT: {}
RESULT: {"using":"xpath","value":"//table[contains(@id, \"smartFilterBar-filterItemControl_BASIC-YARD-valueHelpDialog-table-table\")]/tbody/tr[3]/td[1]/div/span"}
COMMAND: POST /session/7a47d135f75b3f9dc9ed0ec43722f433/execute/sync - {"script":"<script> [56 bytes]","args":[{"element-6066-11e4-a52e-4f735466cecf":"f.EC16CDDA184DC683CEF5B04FDEE8C812.d.59971401F791468D219C420C9069A28B.e.8065","ELEMENT":"f.EC16CDDA184DC683CEF5B04FDEE8C812.d.59971401F791468D219C420C9069A28B.e.8065"}]}
RESULT: {"script":"<script> [56 bytes]","args":[{"element-6066-11e4-a52e-4f735466cecf":"f.EC16CDDA184DC683CEF5B04FDEE8C812.d.59971401F791468D219C420C9069A28B.e.8065","ELEMENT":"f.EC16CDDA184DC683CEF5B04FDEE8C812.d.59971401F791468D219C420C9069A28B.e.8065"}]}
COMMAND: POST /session/7a47d135f75b3f9dc9ed0ec43722f433/element - {"using":"xpath","value":"//div[contains(@id, \"filterItemControl_BASIC-YARD-valueHelpDialog-table-rowsel2\")]"}
COMMAND: GET /session/7a47d135f75b3f9dc9ed0ec43722f433/screenshot - {}
RESULT: {"using":"xpath","value":"//div[contains(@id, \"filterItemControl_BASIC-YARD-valueHelpDialog-table-rowsel2\")]"}
COMMAND: POST /session/7a47d135f75b3f9dc9ed0ec43722f433/element/f.EC16CDDA184DC683CEF5B04FDEE8C812.d.59971401F791468D219C420C9069A28B.e.8066/click - {}
RESULT: {}
RESULT: {}
COMMAND: GET /session/7a47d135f75b3f9dc9ed0ec43722f433/screenshot - {}
RESULT: {}
COMMAND: POST /session/7a47d135f75b3f9dc9ed0ec43722f433/element - {"using":"xpath","value":"(//bdi[contains(text(), \"OK\")])[1]"}
RESULT: {"using":"xpath","value":"(//bdi[contains(text(), \"OK\")])[1]"}
COMMAND: POST /session/7a47d135f75b3f9dc9ed0ec43722f433/element/f.EC16CDDA184DC683CEF5B04FDEE8C812.d.59971401F791468D219C420C9069A28B.e.8068/click - {}
RESULT: {}
COMMAND: GET /session/7a47d135f75b3f9dc9ed0ec43722f433/screenshot - {}
RESULT: {}
COMMAND: POST /session/7a47d135f75b3f9dc9ed0ec43722f433/element - {"using":"xpath","value":"//span[@id=\"application-managepartners-display-component---masterPtm--smartTable-header-inner\"]"}
RESULT: {"using":"xpath","value":"//span[@id=\"application-managepartners-display-component---masterPtm--smartTable-header-inner\"]"}
COMMAND: POST /session/7a47d135f75b3f9dc9ed0ec43722f433/elements - {"using":"xpath","value":"//span[@id=\"application-managepartners-display-component---masterPtm--smartTable-header-inner\"]"}
RESULT: {"using":"xpath","value":"//span[@id=\"application-managepartners-display-component---masterPtm--smartTable-header-inner\"]"}
COMMAND: POST /session/7a47d135f75b3f9dc9ed0ec43722f433/execute/sync - {"script":"<script> [56 bytes]","args":[{"element-6066-11e4-a52e-4f735466cecf":"f.EC16CDDA184DC683CEF5B04FDEE8C812.d.59971401F791468D219C420C9069A28B.e.7775","ELEMENT":"f.EC16CDDA184DC683CEF5B04FDEE8C812.d.59971401F791468D219C420C9069A28B.e.7775"}]}
RESULT: {"script":"<script> [56 bytes]","args":[{"element-6066-11e4-a52e-4f735466cecf":"f.EC16CDDA184DC683CEF5B04FDEE8C812.d.59971401F791468D219C420C9069A28B.e.7775","ELEMENT":"f.EC16CDDA184DC683CEF5B04FDEE8C812.d.59971401F791468D219C420C9069A28B.e.7775"}]}
COMMAND: POST /session/7a47d135f75b3f9dc9ed0ec43722f433/element - {"using":"xpath","value":"//span[contains(@title, \"Remove\")]"}
COMMAND: GET /session/7a47d135f75b3f9dc9ed0ec43722f433/screenshot - {}
RESULT: {"using":"xpath","value":"//span[contains(@title, \"Remove\")]"}
COMMAND: POST /session/7a47d135f75b3f9dc9ed0ec43722f433/element/f.EC16CDDA184DC683CEF5B04FDEE8C812.d.59971401F791468D219C420C9069A28B.e.8081/click - {}
RESULT: {}
RESULT: {}
COMMAND: GET /session/7a47d135f75b3f9dc9ed0ec43722f433/screenshot - {}
RESULT: {}
RESULT: undefined
COMMAND: POST /session/7a47d135f75b3f9dc9ed0ec43722f433/element - {"using":"xpath","value":"//*[@id=\"application-managepartners-display-component---masterPtm--smartFilterBar-filterItemControl_BASIC-MAIN_ADDRESS-vhi\"]"}
RESULT: {"using":"xpath","value":"//*[@id=\"application-managepartners-display-component---masterPtm--smartFilterBar-filterItemControl_BASIC-MAIN_ADDRESS-vhi\"]"}
COMMAND: POST /session/7a47d135f75b3f9dc9ed0ec43722f433/element/f.EC16CDDA184DC683CEF5B04FDEE8C812.d.59971401F791468D219C420C9069A28B.e.8185/click - {}
RESULT: {}
COMMAND: GET /session/7a47d135f75b3f9dc9ed0ec43722f433/screenshot - {}
RESULT: {}
RESULT: undefined
COMMAND: POST /session/7a47d135f75b3f9dc9ed0ec43722f433/execute/async - {"script":"<script> [776 bytes]","args":[{"enterText":"Romania","selector":{"id":"application-managepartners-display-component---masterPtm--smartFilterBar-filterItemControl_BASIC-MAIN_ADDRESS-valueHelpDialog-smartFilterBar-btnBasicSearch","searchOpenDialogs":true,"interaction":{"idSuffix":"I"}},"clearTextFirst":true,"interactionType":"ENTER_TEXT"}]}
RESULT: {"script":"<script> [776 bytes]","args":[{"enterText":"Romania","selector":{"id":"application-managepartners-display-component---masterPtm--smartFilterBar-filterItemControl_BASIC-MAIN_ADDRESS-valueHelpDialog-smartFilterBar-btnBasicSearch","searchOpenDialogs":true,"interaction":{"idSuffix":"I"}},"clearTextFirst":true,"interactionType":"ENTER_TEXT"}]}
COMMAND: POST /session/7a47d135f75b3f9dc9ed0ec43722f433/actions - {"actions":[{"id":"action24","type":"key","parameters":{},"actions":[{"type":"keyDown","value":"î€‡"},{"type":"pause","duration":10},{"type":"keyUp","value":"î€‡"}]}]}
RESULT: {"actions":[{"id":"action24","type":"key","parameters":{},"actions":[{"type":"keyDown","value":"î€‡"},{"type":"pause","duration":10},{"type":"keyUp","value":"î€‡"}]}]}
COMMAND: POST /session/7a47d135f75b3f9dc9ed0ec43722f433/elements - {"using":"xpath","value":"//table[contains(@id, \"smartFilterBar-filterItemControl_BASIC-MAIN_ADDRESS-valueHelpDialog-table-table\")]/tbody/tr"}
COMMAND: GET /session/7a47d135f75b3f9dc9ed0ec43722f433/screenshot - {}
RESULT: {"using":"xpath","value":"//table[contains(@id, \"smartFilterBar-filterItemControl_BASIC-MAIN_ADDRESS-valueHelpDialog-table-table\")]/tbody/tr"}
COMMAND: POST /session/7a47d135f75b3f9dc9ed0ec43722f433/element - {"using":"xpath","value":"//table[contains(@id, \"smartFilterBar-filterItemControl_BASIC-MAIN_ADDRESS-valueHelpDialog-table-table\")]/tbody/tr[1]/td[1]/div/span"}
RESULT: {}
RESULT: {"using":"xpath","value":"//table[contains(@id, \"smartFilterBar-filterItemControl_BASIC-MAIN_ADDRESS-valueHelpDialog-table-table\")]/tbody/tr[1]/td[1]/div/span"}
COMMAND: POST /session/7a47d135f75b3f9dc9ed0ec43722f433/elements - {"using":"xpath","value":"//table[contains(@id, \"smartFilterBar-filterItemControl_BASIC-MAIN_ADDRESS-valueHelpDialog-table-table\")]/tbody/tr[1]/td[1]/div/span"}
RESULT: {"using":"xpath","value":"//table[contains(@id, \"smartFilterBar-filterItemControl_BASIC-MAIN_ADDRESS-valueHelpDialog-table-table\")]/tbody/tr[1]/td[1]/div/span"}
COMMAND: POST /session/7a47d135f75b3f9dc9ed0ec43722f433/execute/sync - {"script":"<script> [56 bytes]","args":[{"element-6066-11e4-a52e-4f735466cecf":"f.EC16CDDA184DC683CEF5B04FDEE8C812.d.59971401F791468D219C420C9069A28B.e.8206","ELEMENT":"f.EC16CDDA184DC683CEF5B04FDEE8C812.d.59971401F791468D219C420C9069A28B.e.8206"}]}
RESULT: {"script":"<script> [56 bytes]","args":[{"element-6066-11e4-a52e-4f735466cecf":"f.EC16CDDA184DC683CEF5B04FDEE8C812.d.59971401F791468D219C420C9069A28B.e.8206","ELEMENT":"f.EC16CDDA184DC683CEF5B04FDEE8C812.d.59971401F791468D219C420C9069A28B.e.8206"}]}
COMMAND: POST /session/7a47d135f75b3f9dc9ed0ec43722f433/element - {"using":"xpath","value":"//div[contains(@id, \"filterItemControl_BASIC-MAIN_ADDRESS-valueHelpDialog-table-rowsel0\")]"}
COMMAND: GET /session/7a47d135f75b3f9dc9ed0ec43722f433/screenshot - {}
RESULT: {"using":"xpath","value":"//div[contains(@id, \"filterItemControl_BASIC-MAIN_ADDRESS-valueHelpDialog-table-rowsel0\")]"}
COMMAND: POST /session/7a47d135f75b3f9dc9ed0ec43722f433/element/f.EC16CDDA184DC683CEF5B04FDEE8C812.d.59971401F791468D219C420C9069A28B.e.8207/click - {}
RESULT: {}
RESULT: {}
COMMAND: GET /session/7a47d135f75b3f9dc9ed0ec43722f433/screenshot - {}
RESULT: {}
COMMAND: POST /session/7a47d135f75b3f9dc9ed0ec43722f433/element - {"using":"xpath","value":"(//bdi[contains(text(), \"OK\")])[1]"}
RESULT: {"using":"xpath","value":"(//bdi[contains(text(), \"OK\")])[1]"}
COMMAND: POST /session/7a47d135f75b3f9dc9ed0ec43722f433/element/f.EC16CDDA184DC683CEF5B04FDEE8C812.d.59971401F791468D219C420C9069A28B.e.8209/click - {}
RESULT: {}
COMMAND: GET /session/7a47d135f75b3f9dc9ed0ec43722f433/screenshot - {}
RESULT: {}
COMMAND: POST /session/7a47d135f75b3f9dc9ed0ec43722f433/element - {"using":"xpath","value":"//span[@id=\"application-managepartners-display-component---masterPtm--smartTable-header-inner\"]"}
RESULT: {"using":"xpath","value":"//span[@id=\"application-managepartners-display-component---masterPtm--smartTable-header-inner\"]"}
COMMAND: POST /session/7a47d135f75b3f9dc9ed0ec43722f433/elements - {"using":"xpath","value":"//span[@id=\"application-managepartners-display-component---masterPtm--smartTable-header-inner\"]"}
RESULT: {"using":"xpath","value":"//span[@id=\"application-managepartners-display-component---masterPtm--smartTable-header-inner\"]"}
COMMAND: POST /session/7a47d135f75b3f9dc9ed0ec43722f433/execute/sync - {"script":"<script> [56 bytes]","args":[{"element-6066-11e4-a52e-4f735466cecf":"f.EC16CDDA184DC683CEF5B04FDEE8C812.d.59971401F791468D219C420C9069A28B.e.7775","ELEMENT":"f.EC16CDDA184DC683CEF5B04FDEE8C812.d.59971401F791468D219C420C9069A28B.e.7775"}]}
RESULT: {"script":"<script> [56 bytes]","args":[{"element-6066-11e4-a52e-4f735466cecf":"f.EC16CDDA184DC683CEF5B04FDEE8C812.d.59971401F791468D219C420C9069A28B.e.7775","ELEMENT":"f.EC16CDDA184DC683CEF5B04FDEE8C812.d.59971401F791468D219C420C9069A28B.e.7775"}]}
COMMAND: POST /session/7a47d135f75b3f9dc9ed0ec43722f433/element - {"using":"xpath","value":"//span[contains(@title, \"Remove\")]"}
COMMAND: GET /session/7a47d135f75b3f9dc9ed0ec43722f433/screenshot - {}
RESULT: {"using":"xpath","value":"//span[contains(@title, \"Remove\")]"}
COMMAND: POST /session/7a47d135f75b3f9dc9ed0ec43722f433/element/f.EC16CDDA184DC683CEF5B04FDEE8C812.d.59971401F791468D219C420C9069A28B.e.8222/click - {}
RESULT: {}
RESULT: {}
COMMAND: GET /session/7a47d135f75b3f9dc9ed0ec43722f433/screenshot - {}
RESULT: {}
COMMAND: POST /session/7a47d135f75b3f9dc9ed0ec43722f433/execute/async - {"script":"<script> [1562 bytes]","args":[{"selector":{"id":"application-managepartners-display-component---masterPtm--catalogs-arrow"},"wdio_ui5_key":"applicationmanagepartners-display-component---masterPtm--catalogs-arrow"}]}
RESULT: {"script":"<script> [1562 bytes]","args":[{"selector":{"id":"application-managepartners-display-component---masterPtm--catalogs-arrow"},"wdio_ui5_key":"applicationmanagepartners-display-component---masterPtm--catalogs-arrow"}]}
RESULT: undefined
COMMAND: POST /session/7a47d135f75b3f9dc9ed0ec43722f433/element - {"using":"xpath","value":"//*[@id=\"application-managepartners-display-component---masterPtm--catalogs-arrow\"]"}
RESULT: {"using":"xpath","value":"//*[@id=\"application-managepartners-display-component---masterPtm--catalogs-arrow\"]"}
COMMAND: POST /session/7a47d135f75b3f9dc9ed0ec43722f433/element/f.EC16CDDA184DC683CEF5B04FDEE8C812.d.59971401F791468D219C420C9069A28B.e.8330/click - {}
RESULT: {}
COMMAND: GET /session/7a47d135f75b3f9dc9ed0ec43722f433/screenshot - {}
RESULT: {}
COMMAND: POST /session/7a47d135f75b3f9dc9ed0ec43722f433/element - {"using":"xpath","value":"//li[.//span[text()=\"Webshop Catalog\"]]//div[contains(@class,\"sapMCbBg\")]"}
RESULT: {"using":"xpath","value":"//li[.//span[text()=\"Webshop Catalog\"]]//div[contains(@class,\"sapMCbBg\")]"}
COMMAND: POST /session/7a47d135f75b3f9dc9ed0ec43722f433/element/f.EC16CDDA184DC683CEF5B04FDEE8C812.d.59971401F791468D219C420C9069A28B.e.8342/click - {}
RESULT: {}
COMMAND: GET /session/7a47d135f75b3f9dc9ed0ec43722f433/screenshot - {}
RESULT: {}
RESULT: undefined
COMMAND: POST /session/7a47d135f75b3f9dc9ed0ec43722f433/element - {"using":"xpath","value":"//*[@id=\"application-managepartners-display-component---masterPtm--catalogs-arrow\"]"}
RESULT: {"using":"xpath","value":"//*[@id=\"application-managepartners-display-component---masterPtm--catalogs-arrow\"]"}
COMMAND: POST /session/7a47d135f75b3f9dc9ed0ec43722f433/element/f.EC16CDDA184DC683CEF5B04FDEE8C812.d.59971401F791468D219C420C9069A28B.e.8330/click - {}
RESULT: {}
COMMAND: POST /session/7a47d135f75b3f9dc9ed0ec43722f433/element - {"using":"xpath","value":"//span[@id=\"application-managepartners-display-component---masterPtm--smartTable-header-inner\"]"}
COMMAND: GET /session/7a47d135f75b3f9dc9ed0ec43722f433/screenshot - {}
RESULT: {"using":"xpath","value":"//span[@id=\"application-managepartners-display-component---masterPtm--smartTable-header-inner\"]"}
COMMAND: POST /session/7a47d135f75b3f9dc9ed0ec43722f433/elements - {"using":"xpath","value":"//span[@id=\"application-managepartners-display-component---masterPtm--smartTable-header-inner\"]"}
RESULT: {}
RESULT: {"using":"xpath","value":"//span[@id=\"application-managepartners-display-component---masterPtm--smartTable-header-inner\"]"}
COMMAND: POST /session/7a47d135f75b3f9dc9ed0ec43722f433/execute/sync - {"script":"<script> [56 bytes]","args":[{"element-6066-11e4-a52e-4f735466cecf":"f.EC16CDDA184DC683CEF5B04FDEE8C812.d.59971401F791468D219C420C9069A28B.e.7775","ELEMENT":"f.EC16CDDA184DC683CEF5B04FDEE8C812.d.59971401F791468D219C420C9069A28B.e.7775"}]}
RESULT: {"script":"<script> [56 bytes]","args":[{"element-6066-11e4-a52e-4f735466cecf":"f.EC16CDDA184DC683CEF5B04FDEE8C812.d.59971401F791468D219C420C9069A28B.e.7775","ELEMENT":"f.EC16CDDA184DC683CEF5B04FDEE8C812.d.59971401F791468D219C420C9069A28B.e.7775"}]}
COMMAND: POST /session/7a47d135f75b3f9dc9ed0ec43722f433/element - {"using":"xpath","value":"//span[contains(@title, \"Remove\")]"}
COMMAND: GET /session/7a47d135f75b3f9dc9ed0ec43722f433/screenshot - {}
RESULT: {"using":"xpath","value":"//span[contains(@title, \"Remove\")]"}
COMMAND: POST /session/7a47d135f75b3f9dc9ed0ec43722f433/element/f.EC16CDDA184DC683CEF5B04FDEE8C812.d.59971401F791468D219C420C9069A28B.e.8356/click - {}
RESULT: {}
RESULT: {}
COMMAND: GET /session/7a47d135f75b3f9dc9ed0ec43722f433/screenshot - {}
RESULT: {}
COMMAND: POST /session/7a47d135f75b3f9dc9ed0ec43722f433/execute/async - {"script":"<script> [1562 bytes]","args":[{"selector":{"id":"application-managepartners-display-component---masterPtm--currencies-arrow"},"wdio_ui5_key":"applicationmanagepartners-display-component---masterPtm--currencies-arrow"}]}
RESULT: {"script":"<script> [1562 bytes]","args":[{"selector":{"id":"application-managepartners-display-component---masterPtm--currencies-arrow"},"wdio_ui5_key":"applicationmanagepartners-display-component---masterPtm--currencies-arrow"}]}
RESULT: undefined
COMMAND: POST /session/7a47d135f75b3f9dc9ed0ec43722f433/element - {"using":"xpath","value":"//*[@id=\"application-managepartners-display-component---masterPtm--currencies-arrow\"]"}
RESULT: {"using":"xpath","value":"//*[@id=\"application-managepartners-display-component---masterPtm--currencies-arrow\"]"}
COMMAND: POST /session/7a47d135f75b3f9dc9ed0ec43722f433/element/f.EC16CDDA184DC683CEF5B04FDEE8C812.d.59971401F791468D219C420C9069A28B.e.8471/click - {}
RESULT: {}
COMMAND: GET /session/7a47d135f75b3f9dc9ed0ec43722f433/screenshot - {}
RESULT: {}
COMMAND: POST /session/7a47d135f75b3f9dc9ed0ec43722f433/element - {"using":"xpath","value":"//li[.//span[text()=\"US Dollar\"]]//div[contains(@class,\"sapMCbBg\")]"}
RESULT: {"using":"xpath","value":"//li[.//span[text()=\"US Dollar\"]]//div[contains(@class,\"sapMCbBg\")]"}
COMMAND: POST /session/7a47d135f75b3f9dc9ed0ec43722f433/element/f.EC16CDDA184DC683CEF5B04FDEE8C812.d.59971401F791468D219C420C9069A28B.e.8474/click - {}
RESULT: {}
COMMAND: GET /session/7a47d135f75b3f9dc9ed0ec43722f433/screenshot - {}
RESULT: {}
RESULT: undefined
COMMAND: POST /session/7a47d135f75b3f9dc9ed0ec43722f433/element - {"using":"xpath","value":"//*[@id=\"application-managepartners-display-component---masterPtm--currencies-arrow\"]"}
RESULT: {"using":"xpath","value":"//*[@id=\"application-managepartners-display-component---masterPtm--currencies-arrow\"]"}
COMMAND: POST /session/7a47d135f75b3f9dc9ed0ec43722f433/element/f.EC16CDDA184DC683CEF5B04FDEE8C812.d.59971401F791468D219C420C9069A28B.e.8471/click - {}
RESULT: {}
COMMAND: POST /session/7a47d135f75b3f9dc9ed0ec43722f433/element - {"using":"xpath","value":"//span[@id=\"application-managepartners-display-component---masterPtm--smartTable-header-inner\"]"}
COMMAND: GET /session/7a47d135f75b3f9dc9ed0ec43722f433/screenshot - {}
RESULT: {"using":"xpath","value":"//span[@id=\"application-managepartners-display-component---masterPtm--smartTable-header-inner\"]"}
COMMAND: POST /session/7a47d135f75b3f9dc9ed0ec43722f433/elements - {"using":"xpath","value":"//span[@id=\"application-managepartners-display-component---masterPtm--smartTable-header-inner\"]"}
RESULT: {}
RESULT: {"using":"xpath","value":"//span[@id=\"application-managepartners-display-component---masterPtm--smartTable-header-inner\"]"}
COMMAND: POST /session/7a47d135f75b3f9dc9ed0ec43722f433/execute/sync - {"script":"<script> [56 bytes]","args":[{"element-6066-11e4-a52e-4f735466cecf":"f.EC16CDDA184DC683CEF5B04FDEE8C812.d.59971401F791468D219C420C9069A28B.e.7775","ELEMENT":"f.EC16CDDA184DC683CEF5B04FDEE8C812.d.59971401F791468D219C420C9069A28B.e.7775"}]}
RESULT: {"script":"<script> [56 bytes]","args":[{"element-6066-11e4-a52e-4f735466cecf":"f.EC16CDDA184DC683CEF5B04FDEE8C812.d.59971401F791468D219C420C9069A28B.e.7775","ELEMENT":"f.EC16CDDA184DC683CEF5B04FDEE8C812.d.59971401F791468D219C420C9069A28B.e.7775"}]}
COMMAND: POST /session/7a47d135f75b3f9dc9ed0ec43722f433/element - {"using":"xpath","value":"//span[contains(@title, \"Remove\")]"}
COMMAND: GET /session/7a47d135f75b3f9dc9ed0ec43722f433/screenshot - {}
RESULT: {"using":"xpath","value":"//span[contains(@title, \"Remove\")]"}
COMMAND: POST /session/7a47d135f75b3f9dc9ed0ec43722f433/element/f.EC16CDDA184DC683CEF5B04FDEE8C812.d.59971401F791468D219C420C9069A28B.e.8626/click - {}
RESULT: {}
RESULT: {}
COMMAND: GET /session/7a47d135f75b3f9dc9ed0ec43722f433/screenshot - {}
RESULT: {}
COMMAND: POST /session/7a47d135f75b3f9dc9ed0ec43722f433/execute/async - {"script":"<script> [1562 bytes]","args":[{"selector":{"id":"application-managepartners-display-component---masterPtm--languages-arrow"},"wdio_ui5_key":"applicationmanagepartners-display-component---masterPtm--languages-arrow"}]}
RESULT: {"script":"<script> [1562 bytes]","args":[{"selector":{"id":"application-managepartners-display-component---masterPtm--languages-arrow"},"wdio_ui5_key":"applicationmanagepartners-display-component---masterPtm--languages-arrow"}]}
RESULT: undefined
COMMAND: POST /session/7a47d135f75b3f9dc9ed0ec43722f433/element - {"using":"xpath","value":"//*[@id=\"application-managepartners-display-component---masterPtm--languages-arrow\"]"}
RESULT: {"using":"xpath","value":"//*[@id=\"application-managepartners-display-component---masterPtm--languages-arrow\"]"}
COMMAND: POST /session/7a47d135f75b3f9dc9ed0ec43722f433/element/f.EC16CDDA184DC683CEF5B04FDEE8C812.d.59971401F791468D219C420C9069A28B.e.8700/click - {}
RESULT: {}
COMMAND: GET /session/7a47d135f75b3f9dc9ed0ec43722f433/screenshot - {}
RESULT: {}
COMMAND: POST /session/7a47d135f75b3f9dc9ed0ec43722f433/element - {"using":"xpath","value":"//li[.//span[text()=\"German\"]]//div[contains(@class,\"sapMCbBg\")]"}
RESULT: {"using":"xpath","value":"//li[.//span[text()=\"German\"]]//div[contains(@class,\"sapMCbBg\")]"}
COMMAND: POST /session/7a47d135f75b3f9dc9ed0ec43722f433/element/f.EC16CDDA184DC683CEF5B04FDEE8C812.d.59971401F791468D219C420C9069A28B.e.8744/click - {}
RESULT: {}
COMMAND: GET /session/7a47d135f75b3f9dc9ed0ec43722f433/screenshot - {}
RESULT: {}
RESULT: undefined
COMMAND: POST /session/7a47d135f75b3f9dc9ed0ec43722f433/element - {"using":"xpath","value":"//*[@id=\"application-managepartners-display-component---masterPtm--languages-arrow\"]"}
RESULT: {"using":"xpath","value":"//*[@id=\"application-managepartners-display-component---masterPtm--languages-arrow\"]"}
COMMAND: POST /session/7a47d135f75b3f9dc9ed0ec43722f433/element/f.EC16CDDA184DC683CEF5B04FDEE8C812.d.59971401F791468D219C420C9069A28B.e.8700/click - {}
RESULT: {}
COMMAND: POST /session/7a47d135f75b3f9dc9ed0ec43722f433/element - {"using":"xpath","value":"//span[@id=\"application-managepartners-display-component---masterPtm--smartTable-header-inner\"]"}
COMMAND: GET /session/7a47d135f75b3f9dc9ed0ec43722f433/screenshot - {}
RESULT: {"using":"xpath","value":"//span[@id=\"application-managepartners-display-component---masterPtm--smartTable-header-inner\"]"}
COMMAND: POST /session/7a47d135f75b3f9dc9ed0ec43722f433/elements - {"using":"xpath","value":"//span[@id=\"application-managepartners-display-component---masterPtm--smartTable-header-inner\"]"}
RESULT: {}
RESULT: {"using":"xpath","value":"//span[@id=\"application-managepartners-display-component---masterPtm--smartTable-header-inner\"]"}
COMMAND: POST /session/7a47d135f75b3f9dc9ed0ec43722f433/execute/sync - {"script":"<script> [56 bytes]","args":[{"element-6066-11e4-a52e-4f735466cecf":"f.EC16CDDA184DC683CEF5B04FDEE8C812.d.59971401F791468D219C420C9069A28B.e.7775","ELEMENT":"f.EC16CDDA184DC683CEF5B04FDEE8C812.d.59971401F791468D219C420C9069A28B.e.7775"}]}
RESULT: {"script":"<script> [56 bytes]","args":[{"element-6066-11e4-a52e-4f735466cecf":"f.EC16CDDA184DC683CEF5B04FDEE8C812.d.59971401F791468D219C420C9069A28B.e.7775","ELEMENT":"f.EC16CDDA184DC683CEF5B04FDEE8C812.d.59971401F791468D219C420C9069A28B.e.7775"}]}
COMMAND: POST /session/7a47d135f75b3f9dc9ed0ec43722f433/element - {"using":"css selector","value":"#shell-header-logo"}
COMMAND: GET /session/7a47d135f75b3f9dc9ed0ec43722f433/screenshot - {}
RESULT: {"using":"css selector","value":"#shell-header-logo"}
COMMAND: POST /session/7a47d135f75b3f9dc9ed0ec43722f433/element/f.EC16CDDA184DC683CEF5B04FDEE8C812.d.59971401F791468D219C420C9069A28B.e.7605/click - {}
RESULT: {}
RESULT: {}
COMMAND: GET /session/7a47d135f75b3f9dc9ed0ec43722f433/screenshot - {}
RESULT: {}
]]></system-out>
    </testcase>
    <testcase classname="chrome.136_0_7103_93.windows.Partner_specific_tests_US150819_US151080_US151654_US151176_US103444_US151078_US151079_US151109_US151174_US151175_US151189" name="Should add a new Business Partner role same role US151541" time="73.204">
      <system-out><![CDATA[
COMMAND: POST /session/7a47d135f75b3f9dc9ed0ec43722f433/execute/async - {"script":"<script> [1562 bytes]","args":[{"selector":{"controlType":"sap.m.GenericTile","properties":{"header":"Data Explorer"}},"wdio_ui5_key":"sapm.GenericTile{\"header\":\"Data Explorer\"}"}]}
RESULT: {"script":"<script> [1562 bytes]","args":[{"selector":{"controlType":"sap.m.GenericTile","properties":{"header":"Data Explorer"}},"wdio_ui5_key":"sapm.GenericTile{\"header\":\"Data Explorer\"}"}]}
RESULT: undefined
COMMAND: POST /session/7a47d135f75b3f9dc9ed0ec43722f433/element - {"using":"xpath","value":"//*[@id=\"__tile117\"]"}
RESULT: {"using":"xpath","value":"//*[@id=\"__tile117\"]"}
COMMAND: POST /session/7a47d135f75b3f9dc9ed0ec43722f433/element/f.EC16CDDA184DC683CEF5B04FDEE8C812.d.59971401F791468D219C420C9069A28B.e.8808/click - {}
RESULT: {}
COMMAND: GET /session/7a47d135f75b3f9dc9ed0ec43722f433/screenshot - {}
RESULT: {}
COMMAND: POST /session/7a47d135f75b3f9dc9ed0ec43722f433/elements - {"using":"xpath","value":"//span[text()='Error']"}
RESULT: {"using":"xpath","value":"//span[text()='Error']"}
COMMAND: POST /session/7a47d135f75b3f9dc9ed0ec43722f433/window/fullscreen - {}
RESULT: {}
COMMAND: POST /session/7a47d135f75b3f9dc9ed0ec43722f433/element - {"using":"xpath","value":"//input[@id=\"application-businessconfigurations-display-component---masterBusinessConfigurations--smartFilterBar-btnBasicSearch-I\"]"}
RESULT: {"using":"xpath","value":"//input[@id=\"application-businessconfigurations-display-component---masterBusinessConfigurations--smartFilterBar-btnBasicSearch-I\"]"}
COMMAND: POST /session/7a47d135f75b3f9dc9ed0ec43722f433/elements - {"using":"xpath","value":"//input[@id=\"application-businessconfigurations-display-component---masterBusinessConfigurations--smartFilterBar-btnBasicSearch-I\"]"}
RESULT: {"using":"xpath","value":"//input[@id=\"application-businessconfigurations-display-component---masterBusinessConfigurations--smartFilterBar-btnBasicSearch-I\"]"}
COMMAND: POST /session/7a47d135f75b3f9dc9ed0ec43722f433/execute/sync - {"script":"<script> [8489 bytes]","args":[{"element-6066-11e4-a52e-4f735466cecf":"f.EC16CDDA184DC683CEF5B04FDEE8C812.d.59971401F791468D219C420C9069A28B.e.8831","ELEMENT":"f.EC16CDDA184DC683CEF5B04FDEE8C812.d.59971401F791468D219C420C9069A28B.e.8831"}]}
RESULT: {"script":"<script> [8489 bytes]","args":[{"element-6066-11e4-a52e-4f735466cecf":"f.EC16CDDA184DC683CEF5B04FDEE8C812.d.59971401F791468D219C420C9069A28B.e.8831","ELEMENT":"f.EC16CDDA184DC683CEF5B04FDEE8C812.d.59971401F791468D219C420C9069A28B.e.8831"}]}
COMMAND: GET /session/7a47d135f75b3f9dc9ed0ec43722f433/element/f.EC16CDDA184DC683CEF5B04FDEE8C812.d.59971401F791468D219C420C9069A28B.e.8831/enabled - {}
COMMAND: GET /session/7a47d135f75b3f9dc9ed0ec43722f433/screenshot - {}
RESULT: {}
COMMAND: POST /session/7a47d135f75b3f9dc9ed0ec43722f433/execute/sync - {"script":"<script> [8489 bytes]","args":[{"element-6066-11e4-a52e-4f735466cecf":"f.EC16CDDA184DC683CEF5B04FDEE8C812.d.59971401F791468D219C420C9069A28B.e.8831","ELEMENT":"f.EC16CDDA184DC683CEF5B04FDEE8C812.d.59971401F791468D219C420C9069A28B.e.8831"}]}
COMMAND: GET /session/7a47d135f75b3f9dc9ed0ec43722f433/screenshot - {}
RESULT: {}
RESULT: {"script":"<script> [8489 bytes]","args":[{"element-6066-11e4-a52e-4f735466cecf":"f.EC16CDDA184DC683CEF5B04FDEE8C812.d.59971401F791468D219C420C9069A28B.e.8831","ELEMENT":"f.EC16CDDA184DC683CEF5B04FDEE8C812.d.59971401F791468D219C420C9069A28B.e.8831"}]}
COMMAND: POST /session/7a47d135f75b3f9dc9ed0ec43722f433/execute/sync - {"script":"<script> [5351 bytes]","args":[{"element-6066-11e4-a52e-4f735466cecf":"f.EC16CDDA184DC683CEF5B04FDEE8C812.d.59971401F791468D219C420C9069A28B.e.8831","ELEMENT":"f.EC16CDDA184DC683CEF5B04FDEE8C812.d.59971401F791468D219C420C9069A28B.e.8831"}]}
COMMAND: GET /session/7a47d135f75b3f9dc9ed0ec43722f433/screenshot - {}
RESULT: {}
RESULT: {"script":"<script> [5351 bytes]","args":[{"element-6066-11e4-a52e-4f735466cecf":"f.EC16CDDA184DC683CEF5B04FDEE8C812.d.59971401F791468D219C420C9069A28B.e.8831","ELEMENT":"f.EC16CDDA184DC683CEF5B04FDEE8C812.d.59971401F791468D219C420C9069A28B.e.8831"}]}
COMMAND: GET /session/7a47d135f75b3f9dc9ed0ec43722f433/screenshot - {}
RESULT: {}
RESULT: {}
COMMAND: POST /session/7a47d135f75b3f9dc9ed0ec43722f433/element - {"using":"xpath","value":"//span[@id=\"application-businessconfigurations-display-component---masterBusinessConfigurations--masterListDataExplorerSmartTable-header-inner\"]"}
RESULT: {"using":"xpath","value":"//span[@id=\"application-businessconfigurations-display-component---masterBusinessConfigurations--masterListDataExplorerSmartTable-header-inner\"]"}
COMMAND: POST /session/7a47d135f75b3f9dc9ed0ec43722f433/elements - {"using":"xpath","value":"//span[@id=\"application-businessconfigurations-display-component---masterBusinessConfigurations--masterListDataExplorerSmartTable-header-inner\"]"}
RESULT: {"using":"xpath","value":"//span[@id=\"application-businessconfigurations-display-component---masterBusinessConfigurations--masterListDataExplorerSmartTable-header-inner\"]"}
COMMAND: POST /session/7a47d135f75b3f9dc9ed0ec43722f433/execute/sync - {"script":"<script> [56 bytes]","args":[{"element-6066-11e4-a52e-4f735466cecf":"f.EC16CDDA184DC683CEF5B04FDEE8C812.d.59971401F791468D219C420C9069A28B.e.9198","ELEMENT":"f.EC16CDDA184DC683CEF5B04FDEE8C812.d.59971401F791468D219C420C9069A28B.e.9198"}]}
RESULT: {"script":"<script> [56 bytes]","args":[{"element-6066-11e4-a52e-4f735466cecf":"f.EC16CDDA184DC683CEF5B04FDEE8C812.d.59971401F791468D219C420C9069A28B.e.9198","ELEMENT":"f.EC16CDDA184DC683CEF5B04FDEE8C812.d.59971401F791468D219C420C9069A28B.e.9198"}]}
COMMAND: POST /session/7a47d135f75b3f9dc9ed0ec43722f433/element/f.EC16CDDA184DC683CEF5B04FDEE8C812.d.59971401F791468D219C420C9069A28B.e.8831/clear - {}
COMMAND: GET /session/7a47d135f75b3f9dc9ed0ec43722f433/screenshot - {}
RESULT: {}
COMMAND: POST /session/7a47d135f75b3f9dc9ed0ec43722f433/element/f.EC16CDDA184DC683CEF5B04FDEE8C812.d.59971401F791468D219C420C9069A28B.e.8831/value - {"text":"NETM_C_BUSINESS_PARTNER_ROLES"}
COMMAND: GET /session/7a47d135f75b3f9dc9ed0ec43722f433/screenshot - {}
RESULT: {}
RESULT: {"text":"NETM_C_BUSINESS_PARTNER_ROLES"}
COMMAND: GET /session/7a47d135f75b3f9dc9ed0ec43722f433/screenshot - {}
RESULT: {}
RESULT: {}
COMMAND: POST /session/7a47d135f75b3f9dc9ed0ec43722f433/actions - {"actions":[{"id":"action25","type":"key","parameters":{},"actions":[{"type":"keyDown","value":"î€‡"},{"type":"pause","duration":10},{"type":"keyUp","value":"î€‡"}]}]}
RESULT: {"actions":[{"id":"action25","type":"key","parameters":{},"actions":[{"type":"keyDown","value":"î€‡"},{"type":"pause","duration":10},{"type":"keyUp","value":"î€‡"}]}]}
COMMAND: GET /session/7a47d135f75b3f9dc9ed0ec43722f433/screenshot - {}
RESULT: {}
COMMAND: POST /session/7a47d135f75b3f9dc9ed0ec43722f433/elements - {"using":"xpath","value":"//table[contains(@id, \"masterListDataExplorerTable-listUl\")]/tbody/tr"}
RESULT: {"using":"xpath","value":"//table[contains(@id, \"masterListDataExplorerTable-listUl\")]/tbody/tr"}
COMMAND: POST /session/7a47d135f75b3f9dc9ed0ec43722f433/element - {"using":"xpath","value":"//table[contains(@id, \"masterListDataExplorerTable-listUl\")]/tbody/tr[2]/td[4]/span"}
RESULT: {"using":"xpath","value":"//table[contains(@id, \"masterListDataExplorerTable-listUl\")]/tbody/tr[2]/td[4]/span"}
COMMAND: POST /session/7a47d135f75b3f9dc9ed0ec43722f433/elements - {"using":"xpath","value":"//table[contains(@id, \"masterListDataExplorerTable-listUl\")]/tbody/tr[2]/td[4]/span"}
RESULT: {"using":"xpath","value":"//table[contains(@id, \"masterListDataExplorerTable-listUl\")]/tbody/tr[2]/td[4]/span"}
COMMAND: POST /session/7a47d135f75b3f9dc9ed0ec43722f433/execute/sync - {"script":"<script> [56 bytes]","args":[{"element-6066-11e4-a52e-4f735466cecf":"f.EC16CDDA184DC683CEF5B04FDEE8C812.d.59971401F791468D219C420C9069A28B.e.9207","ELEMENT":"f.EC16CDDA184DC683CEF5B04FDEE8C812.d.59971401F791468D219C420C9069A28B.e.9207"}]}
RESULT: {"script":"<script> [56 bytes]","args":[{"element-6066-11e4-a52e-4f735466cecf":"f.EC16CDDA184DC683CEF5B04FDEE8C812.d.59971401F791468D219C420C9069A28B.e.9207","ELEMENT":"f.EC16CDDA184DC683CEF5B04FDEE8C812.d.59971401F791468D219C420C9069A28B.e.9207"}]}
COMMAND: POST /session/7a47d135f75b3f9dc9ed0ec43722f433/element - {"using":"xpath","value":"(//span[contains(@id, \"imgNav\")])[1]"}
COMMAND: GET /session/7a47d135f75b3f9dc9ed0ec43722f433/screenshot - {}
RESULT: {"using":"xpath","value":"(//span[contains(@id, \"imgNav\")])[1]"}
COMMAND: POST /session/7a47d135f75b3f9dc9ed0ec43722f433/element/f.EC16CDDA184DC683CEF5B04FDEE8C812.d.59971401F791468D219C420C9069A28B.e.9208/click - {}
RESULT: {}
RESULT: {}
COMMAND: GET /session/7a47d135f75b3f9dc9ed0ec43722f433/screenshot - {}
RESULT: {}
COMMAND: POST /session/7a47d135f75b3f9dc9ed0ec43722f433/element - {"using":"xpath","value":"//bdi[contains(text(), \"Edit\")]"}
RESULT: {"using":"xpath","value":"//bdi[contains(text(), \"Edit\")]"}
COMMAND: POST /session/7a47d135f75b3f9dc9ed0ec43722f433/element/f.EC16CDDA184DC683CEF5B04FDEE8C812.d.59971401F791468D219C420C9069A28B.e.9325/click - {}
RESULT: {}
COMMAND: GET /session/7a47d135f75b3f9dc9ed0ec43722f433/screenshot - {}
RESULT: {}
COMMAND: POST /session/7a47d135f75b3f9dc9ed0ec43722f433/element - {"using":"xpath","value":"//button[contains(@id, \"detailBusinessConfigurations--addButton\")]"}
RESULT: {"using":"xpath","value":"//button[contains(@id, \"detailBusinessConfigurations--addButton\")]"}
COMMAND: POST /session/7a47d135f75b3f9dc9ed0ec43722f433/element/f.EC16CDDA184DC683CEF5B04FDEE8C812.d.59971401F791468D219C420C9069A28B.e.9334/click - {}
RESULT: {}
COMMAND: GET /session/7a47d135f75b3f9dc9ed0ec43722f433/screenshot - {}
RESULT: {}
COMMAND: POST /session/7a47d135f75b3f9dc9ed0ec43722f433/elements - {"using":"xpath","value":"//table[contains(@id, \"detailBusinessConfigurations--detailsTable-listUl\")]/tbody/tr"}
RESULT: {"using":"xpath","value":"//table[contains(@id, \"detailBusinessConfigurations--detailsTable-listUl\")]/tbody/tr"}
COMMAND: POST /session/7a47d135f75b3f9dc9ed0ec43722f433/element - {"using":"xpath","value":"//table[contains(@id, \"detailBusinessConfigurations--detailsTable-listUl\")]/tbody/tr[1]/td[3]/div/div/div/div/input"}
RESULT: {"using":"xpath","value":"//table[contains(@id, \"detailBusinessConfigurations--detailsTable-listUl\")]/tbody/tr[1]/td[3]/div/div/div/div/input"}
COMMAND: POST /session/7a47d135f75b3f9dc9ed0ec43722f433/element/f.EC16CDDA184DC683CEF5B04FDEE8C812.d.59971401F791468D219C420C9069A28B.e.9337/clear - {}
RESULT: {}
COMMAND: POST /session/7a47d135f75b3f9dc9ed0ec43722f433/element/f.EC16CDDA184DC683CEF5B04FDEE8C812.d.59971401F791468D219C420C9069A28B.e.9337/value - {"text":"WebDriver Testy"}
COMMAND: GET /session/7a47d135f75b3f9dc9ed0ec43722f433/screenshot - {}
RESULT: {"text":"WebDriver Testy"}
COMMAND: GET /session/7a47d135f75b3f9dc9ed0ec43722f433/screenshot - {}
RESULT: {}
RESULT: {}
COMMAND: POST /session/7a47d135f75b3f9dc9ed0ec43722f433/element - {"using":"xpath","value":"//button[contains(@id, \"detailBusinessConfigurations--addButton\")]"}
RESULT: {"using":"xpath","value":"//button[contains(@id, \"detailBusinessConfigurations--addButton\")]"}
COMMAND: POST /session/7a47d135f75b3f9dc9ed0ec43722f433/element/f.EC16CDDA184DC683CEF5B04FDEE8C812.d.59971401F791468D219C420C9069A28B.e.9334/click - {}
RESULT: {}
COMMAND: GET /session/7a47d135f75b3f9dc9ed0ec43722f433/screenshot - {}
RESULT: {}
COMMAND: POST /session/7a47d135f75b3f9dc9ed0ec43722f433/element - {"using":"xpath","value":"//table[contains(@id, \"detailBusinessConfigurations--detailsTable-listUl\")]/tbody/tr[1]/td[3]/div/div/div/div/input"}
RESULT: {"using":"xpath","value":"//table[contains(@id, \"detailBusinessConfigurations--detailsTable-listUl\")]/tbody/tr[1]/td[3]/div/div/div/div/input"}
COMMAND: POST /session/7a47d135f75b3f9dc9ed0ec43722f433/element/f.EC16CDDA184DC683CEF5B04FDEE8C812.d.59971401F791468D219C420C9069A28B.e.9350/clear - {}
RESULT: {}
COMMAND: POST /session/7a47d135f75b3f9dc9ed0ec43722f433/element/f.EC16CDDA184DC683CEF5B04FDEE8C812.d.59971401F791468D219C420C9069A28B.e.9350/value - {"text":"WebDriver Testy"}
COMMAND: GET /session/7a47d135f75b3f9dc9ed0ec43722f433/screenshot - {}
RESULT: {"text":"WebDriver Testy"}
COMMAND: GET /session/7a47d135f75b3f9dc9ed0ec43722f433/screenshot - {}
RESULT: {}
RESULT: {}
COMMAND: POST /session/7a47d135f75b3f9dc9ed0ec43722f433/element - {"using":"xpath","value":"//bdi[text()=\"Save\"]"}
RESULT: {"using":"xpath","value":"//bdi[text()=\"Save\"]"}
COMMAND: POST /session/7a47d135f75b3f9dc9ed0ec43722f433/element/f.EC16CDDA184DC683CEF5B04FDEE8C812.d.59971401F791468D219C420C9069A28B.e.9357/click - {}
RESULT: {}
COMMAND: GET /session/7a47d135f75b3f9dc9ed0ec43722f433/screenshot - {}
RESULT: {}
COMMAND: POST /session/7a47d135f75b3f9dc9ed0ec43722f433/element - {"using":"xpath","value":"//span[contains(@class, \"sapMMsgBoxText\")]"}
RESULT: {"using":"xpath","value":"//span[contains(@class, \"sapMMsgBoxText\")]"}
COMMAND: POST /session/7a47d135f75b3f9dc9ed0ec43722f433/elements - {"using":"xpath","value":"//span[contains(@class, \"sapMMsgBoxText\")]"}
RESULT: {"using":"xpath","value":"//span[contains(@class, \"sapMMsgBoxText\")]"}
COMMAND: POST /session/7a47d135f75b3f9dc9ed0ec43722f433/execute/sync - {"script":"<script> [56 bytes]","args":[{"element-6066-11e4-a52e-4f735466cecf":"f.EC16CDDA184DC683CEF5B04FDEE8C812.d.59971401F791468D219C420C9069A28B.e.9360","ELEMENT":"f.EC16CDDA184DC683CEF5B04FDEE8C812.d.59971401F791468D219C420C9069A28B.e.9360"}]}
RESULT: {"script":"<script> [56 bytes]","args":[{"element-6066-11e4-a52e-4f735466cecf":"f.EC16CDDA184DC683CEF5B04FDEE8C812.d.59971401F791468D219C420C9069A28B.e.9360","ELEMENT":"f.EC16CDDA184DC683CEF5B04FDEE8C812.d.59971401F791468D219C420C9069A28B.e.9360"}]}
COMMAND: POST /session/7a47d135f75b3f9dc9ed0ec43722f433/element - {"using":"xpath","value":"//bdi[text()=\"Close\"]"}
COMMAND: GET /session/7a47d135f75b3f9dc9ed0ec43722f433/screenshot - {}
RESULT: {"using":"xpath","value":"//bdi[text()=\"Close\"]"}
COMMAND: POST /session/7a47d135f75b3f9dc9ed0ec43722f433/element/f.EC16CDDA184DC683CEF5B04FDEE8C812.d.59971401F791468D219C420C9069A28B.e.9377/click - {}
RESULT: {}
RESULT: {}
COMMAND: GET /session/7a47d135f75b3f9dc9ed0ec43722f433/screenshot - {}
RESULT: {}
COMMAND: POST /session/7a47d135f75b3f9dc9ed0ec43722f433/element - {"using":"css selector","value":"#shell-header-logo"}
RESULT: {"using":"css selector","value":"#shell-header-logo"}
COMMAND: POST /session/7a47d135f75b3f9dc9ed0ec43722f433/element/f.EC16CDDA184DC683CEF5B04FDEE8C812.d.59971401F791468D219C420C9069A28B.e.8815/click - {}
RESULT: {}
COMMAND: GET /session/7a47d135f75b3f9dc9ed0ec43722f433/screenshot - {}
RESULT: {}
COMMAND: POST /session/7a47d135f75b3f9dc9ed0ec43722f433/element - {"using":"css selector","value":"#j_username"}
COMMAND: POST /session/7a47d135f75b3f9dc9ed0ec43722f433/url - {"url":"https://qa-testing-00-live-etm-ui.cfapps.eu10-004.hana.ondemand.com/"}
RESULT: {"using":"css selector","value":"#j_username"}
COMMAND: POST /session/7a47d135f75b3f9dc9ed0ec43722f433/element - {"using":"css selector","value":"#j_username"}
RESULT: {"url":"https://qa-testing-00-live-etm-ui.cfapps.eu10-004.hana.ondemand.com/"}
RESULT: undefined
COMMAND: GET /session/7a47d135f75b3f9dc9ed0ec43722f433/screenshot - {}
RESULT: {"using":"css selector","value":"#j_username"}
COMMAND: POST /session/7a47d135f75b3f9dc9ed0ec43722f433/element - {"using":"css selector","value":"#shell-header-logo"}
RESULT: {}
RESULT: {"using":"css selector","value":"#shell-header-logo"}
COMMAND: POST /session/7a47d135f75b3f9dc9ed0ec43722f433/execute/sync - {"script":"<script> [8489 bytes]","args":[{"element-6066-11e4-a52e-4f735466cecf":"f.EC16CDDA184DC683CEF5B04FDEE8C812.d.4C07A3D38D97164A2C7725CE92541249.e.9389","ELEMENT":"f.EC16CDDA184DC683CEF5B04FDEE8C812.d.4C07A3D38D97164A2C7725CE92541249.e.9389"}]}
RESULT: {"script":"<script> [8489 bytes]","args":[{"element-6066-11e4-a52e-4f735466cecf":"f.EC16CDDA184DC683CEF5B04FDEE8C812.d.4C07A3D38D97164A2C7725CE92541249.e.9389","ELEMENT":"f.EC16CDDA184DC683CEF5B04FDEE8C812.d.4C07A3D38D97164A2C7725CE92541249.e.9389"}]}
COMMAND: POST /session/7a47d135f75b3f9dc9ed0ec43722f433/element - {"using":"css selector","value":"#shell-header-logo"}
COMMAND: GET /session/7a47d135f75b3f9dc9ed0ec43722f433/screenshot - {}
RESULT: {}
RESULT: {"using":"css selector","value":"#shell-header-logo"}
COMMAND: POST /session/7a47d135f75b3f9dc9ed0ec43722f433/execute/sync - {"script":"<script> [8489 bytes]","args":[{"element-6066-11e4-a52e-4f735466cecf":"f.EC16CDDA184DC683CEF5B04FDEE8C812.d.4C07A3D38D97164A2C7725CE92541249.e.9389","ELEMENT":"f.EC16CDDA184DC683CEF5B04FDEE8C812.d.4C07A3D38D97164A2C7725CE92541249.e.9389"}]}
RESULT: {"script":"<script> [8489 bytes]","args":[{"element-6066-11e4-a52e-4f735466cecf":"f.EC16CDDA184DC683CEF5B04FDEE8C812.d.4C07A3D38D97164A2C7725CE92541249.e.9389","ELEMENT":"f.EC16CDDA184DC683CEF5B04FDEE8C812.d.4C07A3D38D97164A2C7725CE92541249.e.9389"}]}
COMMAND: POST /session/7a47d135f75b3f9dc9ed0ec43722f433/execute/sync - {"script":"<script> [5351 bytes]","args":[{"element-6066-11e4-a52e-4f735466cecf":"f.EC16CDDA184DC683CEF5B04FDEE8C812.d.4C07A3D38D97164A2C7725CE92541249.e.9389","ELEMENT":"f.EC16CDDA184DC683CEF5B04FDEE8C812.d.4C07A3D38D97164A2C7725CE92541249.e.9389"}]}
COMMAND: GET /session/7a47d135f75b3f9dc9ed0ec43722f433/screenshot - {}
RESULT: {"script":"<script> [5351 bytes]","args":[{"element-6066-11e4-a52e-4f735466cecf":"f.EC16CDDA184DC683CEF5B04FDEE8C812.d.4C07A3D38D97164A2C7725CE92541249.e.9389","ELEMENT":"f.EC16CDDA184DC683CEF5B04FDEE8C812.d.4C07A3D38D97164A2C7725CE92541249.e.9389"}]}
COMMAND: POST /session/7a47d135f75b3f9dc9ed0ec43722f433/element - {"using":"css selector","value":"#shell-header-logo"}
COMMAND: GET /session/7a47d135f75b3f9dc9ed0ec43722f433/screenshot - {}
RESULT: {}
RESULT: {"using":"css selector","value":"#shell-header-logo"}
COMMAND: POST /session/7a47d135f75b3f9dc9ed0ec43722f433/element/f.EC16CDDA184DC683CEF5B04FDEE8C812.d.4C07A3D38D97164A2C7725CE92541249.e.9389/click - {}
RESULT: {}
RESULT: {}
COMMAND: GET /session/7a47d135f75b3f9dc9ed0ec43722f433/screenshot - {}
RESULT: {}
COMMAND: POST /session/7a47d135f75b3f9dc9ed0ec43722f433/execute/async - {"script":"<script> [189 bytes]","args":[]}
RESULT: {"script":"<script> [189 bytes]","args":[]}
COMMAND: POST /session/7a47d135f75b3f9dc9ed0ec43722f433/execute/async - {"script":"<script> [123 bytes]","args":[]}
RESULT: {"script":"<script> [123 bytes]","args":[]}
COMMAND: POST /session/7a47d135f75b3f9dc9ed0ec43722f433/timeouts - {"script":"<number>"}
RESULT: {"script":"<number>"}
COMMAND: GET /session/7a47d135f75b3f9dc9ed0ec43722f433/timeouts - {}
RESULT: {}
RESULT: undefined
COMMAND: POST /session/7a47d135f75b3f9dc9ed0ec43722f433/execute/async - {"script":"<script> [2676 bytes]","args":[]}
RESULT: {"script":"<script> [2676 bytes]","args":[]}
COMMAND: POST /session/7a47d135f75b3f9dc9ed0ec43722f433/execute/async - {"script":"<script> [2342 bytes]","args":[{"protocol":"http","hostname":"0.0.0.0","path":"/","capabilities":{"browserName":"chrome","goog:chromeOptions":{"binary":"C:\\Program Files\\Google\\Chrome\\Application\\chrome.exe","args":["--start-maximized"]}},"logLevel":"warn","connectionRetryTimeout":120000,"connectionRetryCount":3,"logLevels":{},"enableDirectConnect":true,"strictSSL":true,"_":"65 more keys: [\"cacheDir\",\"port\",\"requestedCapabilities\",\"automationProtocol\",\"baseUrl\",\"waitforInterval\",\"waitforTimeout\",\"onReload\",\"beforeCommand\",\"afterCommand\",\"rootDir\",\"specs\",\"suites\",\"exclude\",\"groupLogsByTestSpec\",\"excludeDriverLogs\",\"bail\",\"framework\",\"reporters\",\"services\",\"maxInstances\",\"maxInstancesPerCapability\",\"injectGlobals\",\"filesToWatch\",\"execArgv\",\"runnerEnv\",\"runner\",\"shard\",\"specFileRetries\",\"specFileRetriesDelay\",\"specFileRetriesDeferred\",\"reporterSyncInterval\",\"reporterSyncTimeout\",\"cucumberFeaturesWithLineNumbers\",\"autoCompileOpts\",\"mochaOpts\",\"jasmineOpts\",\"cucumberOpts\",\"onPrepare\",\"onWorkerStart\",\"onWorkerEnd\",\"before\",\"beforeSession\",\"beforeSuite\",\"beforeHook\",\"beforeTest\",\"afterTest\",\"afterHook\",\"afterSuite\",\"afterSession\",\"after\",\"onComplete\",\"beforeAssertion\",\"afterAssertion\",\"beforeFeature\",\"beforeScenario\",\"beforeStep\",\"afterStep\",\"afterScenario\",\"afterFeature\",\"_\",\"suite\",\"$0\",\"ignoredWorkerServices\",\"wdi5\"]"}]}
RESULT: {"script":"<script> [2342 bytes]","args":[{"protocol":"http","hostname":"0.0.0.0","path":"/","capabilities":{"browserName":"chrome","goog:chromeOptions":{"binary":"C:\\Program Files\\Google\\Chrome\\Application\\chrome.exe","args":["--start-maximized"]}},"logLevel":"warn","connectionRetryTimeout":120000,"connectionRetryCount":3,"logLevels":{},"enableDirectConnect":true,"strictSSL":true,"_":"65 more keys: [\"cacheDir\",\"port\",\"requestedCapabilities\",\"automationProtocol\",\"baseUrl\",\"waitforInterval\",\"waitforTimeout\",\"onReload\",\"beforeCommand\",\"afterCommand\",\"rootDir\",\"specs\",\"suites\",\"exclude\",\"groupLogsByTestSpec\",\"excludeDriverLogs\",\"bail\",\"framework\",\"reporters\",\"services\",\"maxInstances\",\"maxInstancesPerCapability\",\"injectGlobals\",\"filesToWatch\",\"execArgv\",\"runnerEnv\",\"runner\",\"shard\",\"specFileRetries\",\"specFileRetriesDelay\",\"specFileRetriesDeferred\",\"reporterSyncInterval\",\"reporterSyncTimeout\",\"cucumberFeaturesWithLineNumbers\",\"autoCompileOpts\",\"mochaOpts\",\"jasmineOpts\",\"cucumberOpts\",\"onPrepare\",\"onWorkerStart\",\"onWorkerEnd\",\"before\",\"beforeSession\",\"beforeSuite\",\"beforeHook\",\"beforeTest\",\"afterTest\",\"afterHook\",\"afterSuite\",\"afterSession\",\"after\",\"onComplete\",\"beforeAssertion\",\"afterAssertion\",\"beforeFeature\",\"beforeScenario\",\"beforeStep\",\"afterStep\",\"afterScenario\",\"afterFeature\",\"_\",\"suite\",\"$0\",\"ignoredWorkerServices\",\"wdi5\"]"}]}
COMMAND: POST /session/7a47d135f75b3f9dc9ed0ec43722f433/execute/async - {"script":"<script> [21126 bytes]","args":[35000]}
RESULT: {"script":"<script> [21126 bytes]","args":[35000]}
COMMAND: POST /session/7a47d135f75b3f9dc9ed0ec43722f433/window/maximize - {}
RESULT: {}
COMMAND: POST /session/7a47d135f75b3f9dc9ed0ec43722f433/execute/async - {"script":"<script> [1562 bytes]","args":[{"selector":{"id":"shell-header","interaction":{"idSuffix":"icon"}},"wdio_ui5_key":"shellheader"}]}
COMMAND: GET /session/7a47d135f75b3f9dc9ed0ec43722f433/screenshot - {}
RESULT: {"script":"<script> [1562 bytes]","args":[{"selector":{"id":"shell-header","interaction":{"idSuffix":"icon"}},"wdio_ui5_key":"shellheader"}]}
RESULT: undefined
COMMAND: POST /session/7a47d135f75b3f9dc9ed0ec43722f433/refresh - {}
RESULT: {}
RESULT: {}
COMMAND: GET /session/7a47d135f75b3f9dc9ed0ec43722f433/screenshot - {}
RESULT: {}
COMMAND: POST /session/7a47d135f75b3f9dc9ed0ec43722f433/refresh - {}
RESULT: {}
COMMAND: GET /session/7a47d135f75b3f9dc9ed0ec43722f433/screenshot - {}
RESULT: {}
COMMAND: POST /session/7a47d135f75b3f9dc9ed0ec43722f433/window/fullscreen - {}
RESULT: {}
COMMAND: POST /session/7a47d135f75b3f9dc9ed0ec43722f433/execute/async - {"script":"<script> [189 bytes]","args":[]}
RESULT: {"script":"<script> [189 bytes]","args":[]}
COMMAND: POST /session/7a47d135f75b3f9dc9ed0ec43722f433/execute/async - {"script":"<script> [123 bytes]","args":[]}
RESULT: {"script":"<script> [123 bytes]","args":[]}
COMMAND: POST /session/7a47d135f75b3f9dc9ed0ec43722f433/timeouts - {"script":"<number>"}
RESULT: {"script":"<number>"}
COMMAND: GET /session/7a47d135f75b3f9dc9ed0ec43722f433/timeouts - {}
RESULT: {}
RESULT: undefined
COMMAND: POST /session/7a47d135f75b3f9dc9ed0ec43722f433/execute/async - {"script":"<script> [2676 bytes]","args":[]}
RESULT: {"script":"<script> [2676 bytes]","args":[]}
COMMAND: POST /session/7a47d135f75b3f9dc9ed0ec43722f433/execute/async - {"script":"<script> [2342 bytes]","args":[{"protocol":"http","hostname":"0.0.0.0","path":"/","capabilities":{"browserName":"chrome","goog:chromeOptions":{"binary":"C:\\Program Files\\Google\\Chrome\\Application\\chrome.exe","args":["--start-maximized"]}},"logLevel":"warn","connectionRetryTimeout":120000,"connectionRetryCount":3,"logLevels":{},"enableDirectConnect":true,"strictSSL":true,"_":"65 more keys: [\"cacheDir\",\"port\",\"requestedCapabilities\",\"automationProtocol\",\"baseUrl\",\"waitforInterval\",\"waitforTimeout\",\"onReload\",\"beforeCommand\",\"afterCommand\",\"rootDir\",\"specs\",\"suites\",\"exclude\",\"groupLogsByTestSpec\",\"excludeDriverLogs\",\"bail\",\"framework\",\"reporters\",\"services\",\"maxInstances\",\"maxInstancesPerCapability\",\"injectGlobals\",\"filesToWatch\",\"execArgv\",\"runnerEnv\",\"runner\",\"shard\",\"specFileRetries\",\"specFileRetriesDelay\",\"specFileRetriesDeferred\",\"reporterSyncInterval\",\"reporterSyncTimeout\",\"cucumberFeaturesWithLineNumbers\",\"autoCompileOpts\",\"mochaOpts\",\"jasmineOpts\",\"cucumberOpts\",\"onPrepare\",\"onWorkerStart\",\"onWorkerEnd\",\"before\",\"beforeSession\",\"beforeSuite\",\"beforeHook\",\"beforeTest\",\"afterTest\",\"afterHook\",\"afterSuite\",\"afterSession\",\"after\",\"onComplete\",\"beforeAssertion\",\"afterAssertion\",\"beforeFeature\",\"beforeScenario\",\"beforeStep\",\"afterStep\",\"afterScenario\",\"afterFeature\",\"_\",\"suite\",\"$0\",\"ignoredWorkerServices\",\"wdi5\"]"}]}
RESULT: {"script":"<script> [2342 bytes]","args":[{"protocol":"http","hostname":"0.0.0.0","path":"/","capabilities":{"browserName":"chrome","goog:chromeOptions":{"binary":"C:\\Program Files\\Google\\Chrome\\Application\\chrome.exe","args":["--start-maximized"]}},"logLevel":"warn","connectionRetryTimeout":120000,"connectionRetryCount":3,"logLevels":{},"enableDirectConnect":true,"strictSSL":true,"_":"65 more keys: [\"cacheDir\",\"port\",\"requestedCapabilities\",\"automationProtocol\",\"baseUrl\",\"waitforInterval\",\"waitforTimeout\",\"onReload\",\"beforeCommand\",\"afterCommand\",\"rootDir\",\"specs\",\"suites\",\"exclude\",\"groupLogsByTestSpec\",\"excludeDriverLogs\",\"bail\",\"framework\",\"reporters\",\"services\",\"maxInstances\",\"maxInstancesPerCapability\",\"injectGlobals\",\"filesToWatch\",\"execArgv\",\"runnerEnv\",\"runner\",\"shard\",\"specFileRetries\",\"specFileRetriesDelay\",\"specFileRetriesDeferred\",\"reporterSyncInterval\",\"reporterSyncTimeout\",\"cucumberFeaturesWithLineNumbers\",\"autoCompileOpts\",\"mochaOpts\",\"jasmineOpts\",\"cucumberOpts\",\"onPrepare\",\"onWorkerStart\",\"onWorkerEnd\",\"before\",\"beforeSession\",\"beforeSuite\",\"beforeHook\",\"beforeTest\",\"afterTest\",\"afterHook\",\"afterSuite\",\"afterSession\",\"after\",\"onComplete\",\"beforeAssertion\",\"afterAssertion\",\"beforeFeature\",\"beforeScenario\",\"beforeStep\",\"afterStep\",\"afterScenario\",\"afterFeature\",\"_\",\"suite\",\"$0\",\"ignoredWorkerServices\",\"wdi5\"]"}]}
COMMAND: POST /session/7a47d135f75b3f9dc9ed0ec43722f433/execute/async - {"script":"<script> [21126 bytes]","args":[35000]}
RESULT: {"script":"<script> [21126 bytes]","args":[35000]}
]]></system-out>
    </testcase>
  </testsuite>
  <testsuite timestamp="2025-05-20T17:52:03" time="469.441" tests="4" failures="0" errors="0" skipped="0">
    <properties>
      <property name="specId" value="0" />
      <property name="suiteName" value="Create partner US118246" />
      <property name="capabilities" value="chrome.136_0_7103_93.windows" />
      <property name="file" value="file:///D:/a/1/s/test/specs/BTS/create-partner.spec.js" />
    </properties>
    <testcase classname="chrome.136_0_7103_93.windows.Create_partner_US118246" name="Should create a new yard in case create yard failed" time="117.227">
      <system-out><![CDATA[
COMMAND: POST /session/7a47d135f75b3f9dc9ed0ec43722f433/window/fullscreen - {}
RESULT: {}
COMMAND: POST /session/7a47d135f75b3f9dc9ed0ec43722f433/execute/async - {"script":"<script> [1562 bytes]","args":[{"selector":{"controlType":"sap.m.GenericTile","properties":{"header":"Manage Yards"}},"wdio_ui5_key":"sapm.GenericTile{\"header\":\"Manage Yards\"}"}]}
RESULT: {"script":"<script> [1562 bytes]","args":[{"selector":{"controlType":"sap.m.GenericTile","properties":{"header":"Manage Yards"}},"wdio_ui5_key":"sapm.GenericTile{\"header\":\"Manage Yards\"}"}]}
RESULT: undefined
COMMAND: POST /session/7a47d135f75b3f9dc9ed0ec43722f433/element - {"using":"xpath","value":"//*[@id=\"__tile41\"]"}
RESULT: {"using":"xpath","value":"//*[@id=\"__tile41\"]"}
COMMAND: POST /session/7a47d135f75b3f9dc9ed0ec43722f433/element/f.EC16CDDA184DC683CEF5B04FDEE8C812.d.05B85886495EC75A1AE2974453FEEC28.e.9559/click - {}
RESULT: {}
COMMAND: GET /session/7a47d135f75b3f9dc9ed0ec43722f433/screenshot - {}
RESULT: {}
COMMAND: POST /session/7a47d135f75b3f9dc9ed0ec43722f433/elements - {"using":"xpath","value":"//span[text()='Error']"}
RESULT: {"using":"xpath","value":"//span[text()='Error']"}
COMMAND: POST /session/7a47d135f75b3f9dc9ed0ec43722f433/element - {"using":"xpath","value":"//button[@data-kt=\"addNewYardOverflowToolbarButton\"]"}
RESULT: {"using":"xpath","value":"//button[@data-kt=\"addNewYardOverflowToolbarButton\"]"}
COMMAND: POST /session/7a47d135f75b3f9dc9ed0ec43722f433/elements - {"using":"xpath","value":"//button[@data-kt=\"addNewYardOverflowToolbarButton\"]"}
RESULT: {"using":"xpath","value":"//button[@data-kt=\"addNewYardOverflowToolbarButton\"]"}
COMMAND: POST /session/7a47d135f75b3f9dc9ed0ec43722f433/elements - {"using":"xpath","value":"//button[@data-kt=\"addNewYardOverflowToolbarButton\"]"}
RESULT: {"using":"xpath","value":"//button[@data-kt=\"addNewYardOverflowToolbarButton\"]"}
COMMAND: POST /session/7a47d135f75b3f9dc9ed0ec43722f433/element - {"using":"xpath","value":"//button[@data-kt=\"addNewYardOverflowToolbarButton\"]"}
RESULT: {"using":"xpath","value":"//button[@data-kt=\"addNewYardOverflowToolbarButton\"]"}
COMMAND: POST /session/7a47d135f75b3f9dc9ed0ec43722f433/execute/sync - {"script":"<script> [8489 bytes]","args":[{"element-6066-11e4-a52e-4f735466cecf":"f.EC16CDDA184DC683CEF5B04FDEE8C812.d.05B85886495EC75A1AE2974453FEEC28.e.9685","ELEMENT":"f.EC16CDDA184DC683CEF5B04FDEE8C812.d.05B85886495EC75A1AE2974453FEEC28.e.9685"}]}
RESULT: {"script":"<script> [8489 bytes]","args":[{"element-6066-11e4-a52e-4f735466cecf":"f.EC16CDDA184DC683CEF5B04FDEE8C812.d.05B85886495EC75A1AE2974453FEEC28.e.9685","ELEMENT":"f.EC16CDDA184DC683CEF5B04FDEE8C812.d.05B85886495EC75A1AE2974453FEEC28.e.9685"}]}
COMMAND: GET /session/7a47d135f75b3f9dc9ed0ec43722f433/element/f.EC16CDDA184DC683CEF5B04FDEE8C812.d.05B85886495EC75A1AE2974453FEEC28.e.9685/enabled - {}
COMMAND: GET /session/7a47d135f75b3f9dc9ed0ec43722f433/screenshot - {}
RESULT: {}
COMMAND: POST /session/7a47d135f75b3f9dc9ed0ec43722f433/execute/sync - {"script":"<script> [8489 bytes]","args":[{"element-6066-11e4-a52e-4f735466cecf":"f.EC16CDDA184DC683CEF5B04FDEE8C812.d.05B85886495EC75A1AE2974453FEEC28.e.9685","ELEMENT":"f.EC16CDDA184DC683CEF5B04FDEE8C812.d.05B85886495EC75A1AE2974453FEEC28.e.9685"}]}
COMMAND: GET /session/7a47d135f75b3f9dc9ed0ec43722f433/screenshot - {}
RESULT: {}
RESULT: {"script":"<script> [8489 bytes]","args":[{"element-6066-11e4-a52e-4f735466cecf":"f.EC16CDDA184DC683CEF5B04FDEE8C812.d.05B85886495EC75A1AE2974453FEEC28.e.9685","ELEMENT":"f.EC16CDDA184DC683CEF5B04FDEE8C812.d.05B85886495EC75A1AE2974453FEEC28.e.9685"}]}
COMMAND: POST /session/7a47d135f75b3f9dc9ed0ec43722f433/execute/sync - {"script":"<script> [5351 bytes]","args":[{"element-6066-11e4-a52e-4f735466cecf":"f.EC16CDDA184DC683CEF5B04FDEE8C812.d.05B85886495EC75A1AE2974453FEEC28.e.9685","ELEMENT":"f.EC16CDDA184DC683CEF5B04FDEE8C812.d.05B85886495EC75A1AE2974453FEEC28.e.9685"}]}
COMMAND: GET /session/7a47d135f75b3f9dc9ed0ec43722f433/screenshot - {}
RESULT: {}
RESULT: {"script":"<script> [5351 bytes]","args":[{"element-6066-11e4-a52e-4f735466cecf":"f.EC16CDDA184DC683CEF5B04FDEE8C812.d.05B85886495EC75A1AE2974453FEEC28.e.9685","ELEMENT":"f.EC16CDDA184DC683CEF5B04FDEE8C812.d.05B85886495EC75A1AE2974453FEEC28.e.9685"}]}
COMMAND: POST /session/7a47d135f75b3f9dc9ed0ec43722f433/element/f.EC16CDDA184DC683CEF5B04FDEE8C812.d.05B85886495EC75A1AE2974453FEEC28.e.9685/click - {}
COMMAND: GET /session/7a47d135f75b3f9dc9ed0ec43722f433/screenshot - {}
RESULT: {}
RESULT: {}
COMMAND: GET /session/7a47d135f75b3f9dc9ed0ec43722f433/screenshot - {}
RESULT: {}
RESULT: {}
COMMAND: POST /session/7a47d135f75b3f9dc9ed0ec43722f433/element - {"using":"xpath","value":"//input[@id=\"application-manageyards-display-component---NewYard--yardId-inner\"]"}
RESULT: {"using":"xpath","value":"//input[@id=\"application-manageyards-display-component---NewYard--yardId-inner\"]"}
COMMAND: POST /session/7a47d135f75b3f9dc9ed0ec43722f433/element - {"using":"xpath","value":"//input[@id=\"application-manageyards-display-component---NewYard--yardId-inner\"]"}
RESULT: {"using":"xpath","value":"//input[@id=\"application-manageyards-display-component---NewYard--yardId-inner\"]"}
COMMAND: POST /session/7a47d135f75b3f9dc9ed0ec43722f433/execute/async - {"script":"<script> [1562 bytes]","args":[{"selector":{"id":"application-manageyards-display-component---NewYard--addressDetailDetailsName1","interaction":{"idSuffix":"inner"}},"wdio_ui5_key":"applicationmanageyards-display-component---NewYard--addressDetailDetailsName1"}]}
RESULT: {"script":"<script> [1562 bytes]","args":[{"selector":{"id":"application-manageyards-display-component---NewYard--addressDetailDetailsName1","interaction":{"idSuffix":"inner"}},"wdio_ui5_key":"applicationmanageyards-display-component---NewYard--addressDetailDetailsName1"}]}
RESULT: undefined
COMMAND: POST /session/7a47d135f75b3f9dc9ed0ec43722f433/execute/async - {"script":"<script> [776 bytes]","args":[{"enterText":"Intracompany Yard wdIO","selector":{"id":"application-manageyards-display-component---NewYard--addressDetailDetailsName1","interaction":{"idSuffix":"inner"}},"clearTextFirst":true,"interactionType":"ENTER_TEXT"}]}
RESULT: {"script":"<script> [776 bytes]","args":[{"enterText":"Intracompany Yard wdIO","selector":{"id":"application-manageyards-display-component---NewYard--addressDetailDetailsName1","interaction":{"idSuffix":"inner"}},"clearTextFirst":true,"interactionType":"ENTER_TEXT"}]}
COMMAND: POST /session/7a47d135f75b3f9dc9ed0ec43722f433/execute/async - {"script":"<script> [1562 bytes]","args":[{"selector":{"id":"application-manageyards-display-component---NewYard--addressDetailDetailsLanguage-arrow"},"wdio_ui5_key":"applicationmanageyards-display-component---NewYard--addressDetailDetailsLanguage-arrow"}]}
RESULT: {"script":"<script> [1562 bytes]","args":[{"selector":{"id":"application-manageyards-display-component---NewYard--addressDetailDetailsLanguage-arrow"},"wdio_ui5_key":"applicationmanageyards-display-component---NewYard--addressDetailDetailsLanguage-arrow"}]}
RESULT: undefined
COMMAND: POST /session/7a47d135f75b3f9dc9ed0ec43722f433/element - {"using":"xpath","value":"//*[@id=\"application-manageyards-display-component---NewYard--addressDetailDetailsLanguage-arrow\"]"}
RESULT: {"using":"xpath","value":"//*[@id=\"application-manageyards-display-component---NewYard--addressDetailDetailsLanguage-arrow\"]"}
COMMAND: POST /session/7a47d135f75b3f9dc9ed0ec43722f433/element/f.EC16CDDA184DC683CEF5B04FDEE8C812.d.05B85886495EC75A1AE2974453FEEC28.e.10125/click - {}
RESULT: {}
COMMAND: POST /session/7a47d135f75b3f9dc9ed0ec43722f433/element - {"using":"xpath","value":"//span[contains(text(), \"English\")]"}
COMMAND: GET /session/7a47d135f75b3f9dc9ed0ec43722f433/screenshot - {}
RESULT: {"using":"xpath","value":"//span[contains(text(), \"English\")]"}
COMMAND: POST /session/7a47d135f75b3f9dc9ed0ec43722f433/element/f.EC16CDDA184DC683CEF5B04FDEE8C812.d.05B85886495EC75A1AE2974453FEEC28.e.10126/click - {}
RESULT: {}
RESULT: {}
COMMAND: POST /session/7a47d135f75b3f9dc9ed0ec43722f433/execute/async - {"script":"<script> [1562 bytes]","args":[{"selector":{"id":"application-manageyards-display-component---NewYard--addressDetailDetailsCity1","interaction":{"idSuffix":"inner"}},"wdio_ui5_key":"applicationmanageyards-display-component---NewYard--addressDetailDetailsCity1"}]}
COMMAND: GET /session/7a47d135f75b3f9dc9ed0ec43722f433/screenshot - {}
RESULT: {"script":"<script> [1562 bytes]","args":[{"selector":{"id":"application-manageyards-display-component---NewYard--addressDetailDetailsCity1","interaction":{"idSuffix":"inner"}},"wdio_ui5_key":"applicationmanageyards-display-component---NewYard--addressDetailDetailsCity1"}]}
RESULT: undefined
COMMAND: POST /session/7a47d135f75b3f9dc9ed0ec43722f433/execute/async - {"script":"<script> [776 bytes]","args":[{"enterText":"Rosario","selector":{"id":"application-manageyards-display-component---NewYard--addressDetailDetailsCity1","interaction":{"idSuffix":"inner"}},"clearTextFirst":true,"interactionType":"ENTER_TEXT"}]}
RESULT: {}
RESULT: {"script":"<script> [776 bytes]","args":[{"enterText":"Rosario","selector":{"id":"application-manageyards-display-component---NewYard--addressDetailDetailsCity1","interaction":{"idSuffix":"inner"}},"clearTextFirst":true,"interactionType":"ENTER_TEXT"}]}
COMMAND: POST /session/7a47d135f75b3f9dc9ed0ec43722f433/execute/async - {"script":"<script> [1562 bytes]","args":[{"selector":{"id":"application-manageyards-display-component---NewYard--addressDetailDetailsCountry-arrow"},"wdio_ui5_key":"applicationmanageyards-display-component---NewYard--addressDetailDetailsCountry-arrow"}]}
RESULT: {"script":"<script> [1562 bytes]","args":[{"selector":{"id":"application-manageyards-display-component---NewYard--addressDetailDetailsCountry-arrow"},"wdio_ui5_key":"applicationmanageyards-display-component---NewYard--addressDetailDetailsCountry-arrow"}]}
RESULT: undefined
COMMAND: POST /session/7a47d135f75b3f9dc9ed0ec43722f433/element - {"using":"xpath","value":"//*[@id=\"application-manageyards-display-component---NewYard--addressDetailDetailsCountry-arrow\"]"}
RESULT: {"using":"xpath","value":"//*[@id=\"application-manageyards-display-component---NewYard--addressDetailDetailsCountry-arrow\"]"}
COMMAND: POST /session/7a47d135f75b3f9dc9ed0ec43722f433/element/f.EC16CDDA184DC683CEF5B04FDEE8C812.d.05B85886495EC75A1AE2974453FEEC28.e.10128/click - {}
RESULT: {}
COMMAND: POST /session/7a47d135f75b3f9dc9ed0ec43722f433/element - {"using":"xpath","value":"//span[contains(text(), \"Argentina\")]"}
COMMAND: GET /session/7a47d135f75b3f9dc9ed0ec43722f433/screenshot - {}
RESULT: {"using":"xpath","value":"//span[contains(text(), \"Argentina\")]"}
COMMAND: POST /session/7a47d135f75b3f9dc9ed0ec43722f433/element/f.EC16CDDA184DC683CEF5B04FDEE8C812.d.05B85886495EC75A1AE2974453FEEC28.e.10129/click - {}
RESULT: {}
RESULT: {}
COMMAND: POST /session/7a47d135f75b3f9dc9ed0ec43722f433/execute/async - {"script":"<script> [1562 bytes]","args":[{"selector":{"id":"application-manageyards-display-component---NewYard--addressEditDetailsCostObjectCstType-arrow"},"wdio_ui5_key":"applicationmanageyards-display-component---NewYard--addressEditDetailsCostObjectCstType-arrow"}]}
COMMAND: GET /session/7a47d135f75b3f9dc9ed0ec43722f433/screenshot - {}
RESULT: {"script":"<script> [1562 bytes]","args":[{"selector":{"id":"application-manageyards-display-component---NewYard--addressEditDetailsCostObjectCstType-arrow"},"wdio_ui5_key":"applicationmanageyards-display-component---NewYard--addressEditDetailsCostObjectCstType-arrow"}]}
RESULT: undefined
COMMAND: POST /session/7a47d135f75b3f9dc9ed0ec43722f433/element - {"using":"xpath","value":"//*[@id=\"application-manageyards-display-component---NewYard--addressEditDetailsCostObjectCstType-arrow\"]"}
RESULT: {}
RESULT: {"using":"xpath","value":"//*[@id=\"application-manageyards-display-component---NewYard--addressEditDetailsCostObjectCstType-arrow\"]"}
COMMAND: POST /session/7a47d135f75b3f9dc9ed0ec43722f433/element/f.EC16CDDA184DC683CEF5B04FDEE8C812.d.05B85886495EC75A1AE2974453FEEC28.e.10131/click - {}
RESULT: {}
COMMAND: POST /session/7a47d135f75b3f9dc9ed0ec43722f433/element - {"using":"xpath","value":"//span[contains(text(), \"Cost Center\")]"}
COMMAND: GET /session/7a47d135f75b3f9dc9ed0ec43722f433/screenshot - {}
RESULT: {"using":"xpath","value":"//span[contains(text(), \"Cost Center\")]"}
COMMAND: POST /session/7a47d135f75b3f9dc9ed0ec43722f433/element/f.EC16CDDA184DC683CEF5B04FDEE8C812.d.05B85886495EC75A1AE2974453FEEC28.e.10132/click - {}
RESULT: {}
RESULT: {}
COMMAND: GET /session/7a47d135f75b3f9dc9ed0ec43722f433/screenshot - {}
RESULT: {}
COMMAND: POST /session/7a47d135f75b3f9dc9ed0ec43722f433/element - {"using":"xpath","value":"//span[@id=\"application-manageyards-display-component---NewYard--addressNewCostObjectCstID-vhi\"]"}
RESULT: {"using":"xpath","value":"//span[@id=\"application-manageyards-display-component---NewYard--addressNewCostObjectCstID-vhi\"]"}
COMMAND: POST /session/7a47d135f75b3f9dc9ed0ec43722f433/execute/sync - {"script":"<script> [8489 bytes]","args":[{"element-6066-11e4-a52e-4f735466cecf":"f.EC16CDDA184DC683CEF5B04FDEE8C812.d.05B85886495EC75A1AE2974453FEEC28.e.10136","ELEMENT":"f.EC16CDDA184DC683CEF5B04FDEE8C812.d.05B85886495EC75A1AE2974453FEEC28.e.10136"}]}
RESULT: {"script":"<script> [8489 bytes]","args":[{"element-6066-11e4-a52e-4f735466cecf":"f.EC16CDDA184DC683CEF5B04FDEE8C812.d.05B85886495EC75A1AE2974453FEEC28.e.10136","ELEMENT":"f.EC16CDDA184DC683CEF5B04FDEE8C812.d.05B85886495EC75A1AE2974453FEEC28.e.10136"}]}
COMMAND: POST /session/7a47d135f75b3f9dc9ed0ec43722f433/execute/async - {"script":"<script> [1562 bytes]","args":[{"selector":{"id":"application-manageyards-display-component---NewYard--addressNewCostObjectCstID-vhi"},"wdio_ui5_key":"applicationmanageyards-display-component---NewYard--addressNewCostObjectCstID-vhi"}]}
COMMAND: GET /session/7a47d135f75b3f9dc9ed0ec43722f433/screenshot - {}
RESULT: {"script":"<script> [1562 bytes]","args":[{"selector":{"id":"application-manageyards-display-component---NewYard--addressNewCostObjectCstID-vhi"},"wdio_ui5_key":"applicationmanageyards-display-component---NewYard--addressNewCostObjectCstID-vhi"}]}
RESULT: undefined
COMMAND: POST /session/7a47d135f75b3f9dc9ed0ec43722f433/element - {"using":"xpath","value":"//*[@id=\"application-manageyards-display-component---NewYard--addressNewCostObjectCstID-vhi\"]"}
RESULT: {}
RESULT: {"using":"xpath","value":"//*[@id=\"application-manageyards-display-component---NewYard--addressNewCostObjectCstID-vhi\"]"}
COMMAND: POST /session/7a47d135f75b3f9dc9ed0ec43722f433/element/f.EC16CDDA184DC683CEF5B04FDEE8C812.d.05B85886495EC75A1AE2974453FEEC28.e.10136/click - {}
RESULT: {}
COMMAND: GET /session/7a47d135f75b3f9dc9ed0ec43722f433/screenshot - {}
RESULT: {}
COMMAND: POST /session/7a47d135f75b3f9dc9ed0ec43722f433/execute/async - {"script":"<script> [1562 bytes]","args":[{"selector":{"controlType":"sap.m.SearchField","properties":{"placeholder":"Search"},"searchOpenDialogs":true,"interaction":{"idSuffix":"I"}},"wdio_ui5_key":"sapm.SearchField{\"placeholder\":\"Search\"}"}]}
RESULT: {"script":"<script> [1562 bytes]","args":[{"selector":{"controlType":"sap.m.SearchField","properties":{"placeholder":"Search"},"searchOpenDialogs":true,"interaction":{"idSuffix":"I"}},"wdio_ui5_key":"sapm.SearchField{\"placeholder\":\"Search\"}"}]}
RESULT: undefined
COMMAND: POST /session/7a47d135f75b3f9dc9ed0ec43722f433/execute/async - {"script":"<script> [776 bytes]","args":[{"enterText":"bauh_b","selector":{"controlType":"sap.m.SearchField","properties":{"placeholder":"Search"},"searchOpenDialogs":true,"interaction":{"idSuffix":"I"}},"clearTextFirst":true,"interactionType":"ENTER_TEXT"}]}
RESULT: {"script":"<script> [776 bytes]","args":[{"enterText":"bauh_b","selector":{"controlType":"sap.m.SearchField","properties":{"placeholder":"Search"},"searchOpenDialogs":true,"interaction":{"idSuffix":"I"}},"clearTextFirst":true,"interactionType":"ENTER_TEXT"}]}
COMMAND: POST /session/7a47d135f75b3f9dc9ed0ec43722f433/actions - {"actions":[{"id":"action26","type":"key","parameters":{},"actions":[{"type":"keyDown","value":"î€‡"},{"type":"pause","duration":10},{"type":"keyUp","value":"î€‡"}]}]}
RESULT: {"actions":[{"id":"action26","type":"key","parameters":{},"actions":[{"type":"keyDown","value":"î€‡"},{"type":"pause","duration":10},{"type":"keyUp","value":"î€‡"}]}]}
COMMAND: GET /session/7a47d135f75b3f9dc9ed0ec43722f433/screenshot - {}
RESULT: {}
COMMAND: POST /session/7a47d135f75b3f9dc9ed0ec43722f433/element - {"using":"xpath","value":"//span[contains(text(), \"Demo Yard\")]"}
RESULT: {"using":"xpath","value":"//span[contains(text(), \"Demo Yard\")]"}
COMMAND: POST /session/7a47d135f75b3f9dc9ed0ec43722f433/element/f.EC16CDDA184DC683CEF5B04FDEE8C812.d.05B85886495EC75A1AE2974453FEEC28.e.10178/click - {}
RESULT: {}
COMMAND: GET /session/7a47d135f75b3f9dc9ed0ec43722f433/screenshot - {}
RESULT: {}
COMMAND: POST /session/7a47d135f75b3f9dc9ed0ec43722f433/element - {"using":"xpath","value":"//bdi[contains(text(), \"OK\")]"}
RESULT: {"using":"xpath","value":"//bdi[contains(text(), \"OK\")]"}
COMMAND: POST /session/7a47d135f75b3f9dc9ed0ec43722f433/element/f.EC16CDDA184DC683CEF5B04FDEE8C812.d.05B85886495EC75A1AE2974453FEEC28.e.10179/click - {}
RESULT: {}
COMMAND: GET /session/7a47d135f75b3f9dc9ed0ec43722f433/screenshot - {}
RESULT: {}
COMMAND: POST /session/7a47d135f75b3f9dc9ed0ec43722f433/execute/async - {"script":"<script> [1562 bytes]","args":[{"selector":{"id":"application-manageyards-display-component---NewYard--addressEditDetailsCurrency-arrow"},"wdio_ui5_key":"applicationmanageyards-display-component---NewYard--addressEditDetailsCurrency-arrow"}]}
RESULT: {"script":"<script> [1562 bytes]","args":[{"selector":{"id":"application-manageyards-display-component---NewYard--addressEditDetailsCurrency-arrow"},"wdio_ui5_key":"applicationmanageyards-display-component---NewYard--addressEditDetailsCurrency-arrow"}]}
RESULT: undefined
COMMAND: POST /session/7a47d135f75b3f9dc9ed0ec43722f433/element - {"using":"xpath","value":"//*[@id=\"application-manageyards-display-component---NewYard--addressEditDetailsCurrency-arrow\"]"}
RESULT: {"using":"xpath","value":"//*[@id=\"application-manageyards-display-component---NewYard--addressEditDetailsCurrency-arrow\"]"}
COMMAND: POST /session/7a47d135f75b3f9dc9ed0ec43722f433/element/f.EC16CDDA184DC683CEF5B04FDEE8C812.d.05B85886495EC75A1AE2974453FEEC28.e.10182/click - {}
RESULT: {}
COMMAND: POST /session/7a47d135f75b3f9dc9ed0ec43722f433/element - {"using":"xpath","value":"//span[contains(text(), \"Euro\")]"}
COMMAND: GET /session/7a47d135f75b3f9dc9ed0ec43722f433/screenshot - {}
RESULT: {"using":"xpath","value":"//span[contains(text(), \"Euro\")]"}
COMMAND: POST /session/7a47d135f75b3f9dc9ed0ec43722f433/element/f.EC16CDDA184DC683CEF5B04FDEE8C812.d.05B85886495EC75A1AE2974453FEEC28.e.10183/click - {}
RESULT: {}
RESULT: {}
COMMAND: POST /session/7a47d135f75b3f9dc9ed0ec43722f433/execute/async - {"script":"<script> [1562 bytes]","args":[{"selector":{"controlType":"sap.m.Input","viewName":"etm.portal.ui.manageyards.view.New","viewId":"application-manageyards-display-component---NewYard","bindingPath":{"path":"","propertyPath":"/CONTROLLING_AREA","modelName":"NewYardModel"},"interaction":{"idSuffix":"inner"}},"wdio_ui5_key":"etmportal.ui.manageyards.view.Newsap.m.Input{\"path\":\"\",\"propertyPath\":\"/CONTROLLING_AREA\",\"modelName\":\"NewYardModel\"}"}]}
COMMAND: GET /session/7a47d135f75b3f9dc9ed0ec43722f433/screenshot - {}
RESULT: {"script":"<script> [1562 bytes]","args":[{"selector":{"controlType":"sap.m.Input","viewName":"etm.portal.ui.manageyards.view.New","viewId":"application-manageyards-display-component---NewYard","bindingPath":{"path":"","propertyPath":"/CONTROLLING_AREA","modelName":"NewYardModel"},"interaction":{"idSuffix":"inner"}},"wdio_ui5_key":"etmportal.ui.manageyards.view.Newsap.m.Input{\"path\":\"\",\"propertyPath\":\"/CONTROLLING_AREA\",\"modelName\":\"NewYardModel\"}"}]}
RESULT: undefined
COMMAND: POST /session/7a47d135f75b3f9dc9ed0ec43722f433/execute/async - {"script":"<script> [776 bytes]","args":[{"enterText":"Z001","selector":{"controlType":"sap.m.Input","viewName":"etm.portal.ui.manageyards.view.New","viewId":"application-manageyards-display-component---NewYard","bindingPath":{"path":"","propertyPath":"/CONTROLLING_AREA","modelName":"NewYardModel"},"interaction":{"idSuffix":"inner"}},"clearTextFirst":true,"interactionType":"ENTER_TEXT"}]}
RESULT: {}
RESULT: {"script":"<script> [776 bytes]","args":[{"enterText":"Z001","selector":{"controlType":"sap.m.Input","viewName":"etm.portal.ui.manageyards.view.New","viewId":"application-manageyards-display-component---NewYard","bindingPath":{"path":"","propertyPath":"/CONTROLLING_AREA","modelName":"NewYardModel"},"interaction":{"idSuffix":"inner"}},"clearTextFirst":true,"interactionType":"ENTER_TEXT"}]}
COMMAND: POST /session/7a47d135f75b3f9dc9ed0ec43722f433/execute/async - {"script":"<script> [1562 bytes]","args":[{"selector":{"id":"application-manageyards-display-component---NewYard--companyCodeComboBox","interaction":{"idSuffix":"inner"}},"wdio_ui5_key":"applicationmanageyards-display-component---NewYard--companyCodeComboBox"}]}
RESULT: {"script":"<script> [1562 bytes]","args":[{"selector":{"id":"application-manageyards-display-component---NewYard--companyCodeComboBox","interaction":{"idSuffix":"inner"}},"wdio_ui5_key":"applicationmanageyards-display-component---NewYard--companyCodeComboBox"}]}
RESULT: undefined
COMMAND: POST /session/7a47d135f75b3f9dc9ed0ec43722f433/execute/async - {"script":"<script> [776 bytes]","args":[{"enterText":"1000","selector":{"id":"application-manageyards-display-component---NewYard--companyCodeComboBox","interaction":{"idSuffix":"inner"}},"clearTextFirst":true,"interactionType":"ENTER_TEXT"}]}
RESULT: {"script":"<script> [776 bytes]","args":[{"enterText":"1000","selector":{"id":"application-manageyards-display-component---NewYard--companyCodeComboBox","interaction":{"idSuffix":"inner"}},"clearTextFirst":true,"interactionType":"ENTER_TEXT"}]}
COMMAND: POST /session/7a47d135f75b3f9dc9ed0ec43722f433/execute/async - {"script":"<script> [1562 bytes]","args":[{"selector":{"controlType":"sap.m.Input","viewName":"etm.portal.ui.manageyards.view.New","viewId":"application-manageyards-display-component---NewYard","bindingPath":{"path":"","propertyPath":"/PLANT","modelName":"NewYardModel"},"interaction":{"idSuffix":"inner"}},"wdio_ui5_key":"etmportal.ui.manageyards.view.Newsap.m.Input{\"path\":\"\",\"propertyPath\":\"/PLANT\",\"modelName\":\"NewYardModel\"}"}]}
RESULT: {"script":"<script> [1562 bytes]","args":[{"selector":{"controlType":"sap.m.Input","viewName":"etm.portal.ui.manageyards.view.New","viewId":"application-manageyards-display-component---NewYard","bindingPath":{"path":"","propertyPath":"/PLANT","modelName":"NewYardModel"},"interaction":{"idSuffix":"inner"}},"wdio_ui5_key":"etmportal.ui.manageyards.view.Newsap.m.Input{\"path\":\"\",\"propertyPath\":\"/PLANT\",\"modelName\":\"NewYardModel\"}"}]}
RESULT: undefined
COMMAND: POST /session/7a47d135f75b3f9dc9ed0ec43722f433/execute/async - {"script":"<script> [776 bytes]","args":[{"enterText":"1001","selector":{"controlType":"sap.m.Input","viewName":"etm.portal.ui.manageyards.view.New","viewId":"application-manageyards-display-component---NewYard","bindingPath":{"path":"","propertyPath":"/PLANT","modelName":"NewYardModel"},"interaction":{"idSuffix":"inner"}},"clearTextFirst":true,"interactionType":"ENTER_TEXT"}]}
RESULT: {"script":"<script> [776 bytes]","args":[{"enterText":"1001","selector":{"controlType":"sap.m.Input","viewName":"etm.portal.ui.manageyards.view.New","viewId":"application-manageyards-display-component---NewYard","bindingPath":{"path":"","propertyPath":"/PLANT","modelName":"NewYardModel"},"interaction":{"idSuffix":"inner"}},"clearTextFirst":true,"interactionType":"ENTER_TEXT"}]}
COMMAND: POST /session/7a47d135f75b3f9dc9ed0ec43722f433/execute/async - {"script":"<script> [1562 bytes]","args":[{"selector":{"controlType":"sap.m.Input","viewName":"etm.portal.ui.manageyards.view.New","viewId":"application-manageyards-display-component---NewYard","bindingPath":{"path":"","propertyPath":"/SALES_AREA_VKORG","modelName":"NewYardModel"},"interaction":{"idSuffix":"inner"}},"wdio_ui5_key":"etmportal.ui.manageyards.view.Newsap.m.Input{\"path\":\"\",\"propertyPath\":\"/SALES_AREA_VKORG\",\"modelName\":\"NewYardModel\"}"}]}
RESULT: {"script":"<script> [1562 bytes]","args":[{"selector":{"controlType":"sap.m.Input","viewName":"etm.portal.ui.manageyards.view.New","viewId":"application-manageyards-display-component---NewYard","bindingPath":{"path":"","propertyPath":"/SALES_AREA_VKORG","modelName":"NewYardModel"},"interaction":{"idSuffix":"inner"}},"wdio_ui5_key":"etmportal.ui.manageyards.view.Newsap.m.Input{\"path\":\"\",\"propertyPath\":\"/SALES_AREA_VKORG\",\"modelName\":\"NewYardModel\"}"}]}
RESULT: undefined
COMMAND: POST /session/7a47d135f75b3f9dc9ed0ec43722f433/execute/async - {"script":"<script> [776 bytes]","args":[{"enterText":"C002","selector":{"controlType":"sap.m.Input","viewName":"etm.portal.ui.manageyards.view.New","viewId":"application-manageyards-display-component---NewYard","bindingPath":{"path":"","propertyPath":"/SALES_AREA_VKORG","modelName":"NewYardModel"},"interaction":{"idSuffix":"inner"}},"clearTextFirst":true,"interactionType":"ENTER_TEXT"}]}
RESULT: {"script":"<script> [776 bytes]","args":[{"enterText":"C002","selector":{"controlType":"sap.m.Input","viewName":"etm.portal.ui.manageyards.view.New","viewId":"application-manageyards-display-component---NewYard","bindingPath":{"path":"","propertyPath":"/SALES_AREA_VKORG","modelName":"NewYardModel"},"interaction":{"idSuffix":"inner"}},"clearTextFirst":true,"interactionType":"ENTER_TEXT"}]}
COMMAND: POST /session/7a47d135f75b3f9dc9ed0ec43722f433/execute/async - {"script":"<script> [1562 bytes]","args":[{"selector":{"controlType":"sap.m.Input","viewName":"etm.portal.ui.manageyards.view.New","viewId":"application-manageyards-display-component---NewYard","bindingPath":{"path":"","propertyPath":"/SALES_AREA_VTWEG","modelName":"NewYardModel"},"interaction":{"idSuffix":"inner"}},"wdio_ui5_key":"etmportal.ui.manageyards.view.Newsap.m.Input{\"path\":\"\",\"propertyPath\":\"/SALES_AREA_VTWEG\",\"modelName\":\"NewYardModel\"}"}]}
RESULT: {"script":"<script> [1562 bytes]","args":[{"selector":{"controlType":"sap.m.Input","viewName":"etm.portal.ui.manageyards.view.New","viewId":"application-manageyards-display-component---NewYard","bindingPath":{"path":"","propertyPath":"/SALES_AREA_VTWEG","modelName":"NewYardModel"},"interaction":{"idSuffix":"inner"}},"wdio_ui5_key":"etmportal.ui.manageyards.view.Newsap.m.Input{\"path\":\"\",\"propertyPath\":\"/SALES_AREA_VTWEG\",\"modelName\":\"NewYardModel\"}"}]}
RESULT: undefined
COMMAND: POST /session/7a47d135f75b3f9dc9ed0ec43722f433/execute/async - {"script":"<script> [776 bytes]","args":[{"enterText":"C2","selector":{"controlType":"sap.m.Input","viewName":"etm.portal.ui.manageyards.view.New","viewId":"application-manageyards-display-component---NewYard","bindingPath":{"path":"","propertyPath":"/SALES_AREA_VTWEG","modelName":"NewYardModel"},"interaction":{"idSuffix":"inner"}},"clearTextFirst":true,"interactionType":"ENTER_TEXT"}]}
RESULT: {"script":"<script> [776 bytes]","args":[{"enterText":"C2","selector":{"controlType":"sap.m.Input","viewName":"etm.portal.ui.manageyards.view.New","viewId":"application-manageyards-display-component---NewYard","bindingPath":{"path":"","propertyPath":"/SALES_AREA_VTWEG","modelName":"NewYardModel"},"interaction":{"idSuffix":"inner"}},"clearTextFirst":true,"interactionType":"ENTER_TEXT"}]}
COMMAND: POST /session/7a47d135f75b3f9dc9ed0ec43722f433/execute/async - {"script":"<script> [1562 bytes]","args":[{"selector":{"controlType":"sap.m.Input","viewName":"etm.portal.ui.manageyards.view.New","viewId":"application-manageyards-display-component---NewYard","bindingPath":{"path":"","propertyPath":"/SALES_AREA_SPART","modelName":"NewYardModel"},"interaction":{"idSuffix":"inner"}},"wdio_ui5_key":"etmportal.ui.manageyards.view.Newsap.m.Input{\"path\":\"\",\"propertyPath\":\"/SALES_AREA_SPART\",\"modelName\":\"NewYardModel\"}"}]}
RESULT: {"script":"<script> [1562 bytes]","args":[{"selector":{"controlType":"sap.m.Input","viewName":"etm.portal.ui.manageyards.view.New","viewId":"application-manageyards-display-component---NewYard","bindingPath":{"path":"","propertyPath":"/SALES_AREA_SPART","modelName":"NewYardModel"},"interaction":{"idSuffix":"inner"}},"wdio_ui5_key":"etmportal.ui.manageyards.view.Newsap.m.Input{\"path\":\"\",\"propertyPath\":\"/SALES_AREA_SPART\",\"modelName\":\"NewYardModel\"}"}]}
RESULT: undefined
COMMAND: POST /session/7a47d135f75b3f9dc9ed0ec43722f433/execute/async - {"script":"<script> [776 bytes]","args":[{"enterText":"C2","selector":{"controlType":"sap.m.Input","viewName":"etm.portal.ui.manageyards.view.New","viewId":"application-manageyards-display-component---NewYard","bindingPath":{"path":"","propertyPath":"/SALES_AREA_SPART","modelName":"NewYardModel"},"interaction":{"idSuffix":"inner"}},"clearTextFirst":true,"interactionType":"ENTER_TEXT"}]}
RESULT: {"script":"<script> [776 bytes]","args":[{"enterText":"C2","selector":{"controlType":"sap.m.Input","viewName":"etm.portal.ui.manageyards.view.New","viewId":"application-manageyards-display-component---NewYard","bindingPath":{"path":"","propertyPath":"/SALES_AREA_SPART","modelName":"NewYardModel"},"interaction":{"idSuffix":"inner"}},"clearTextFirst":true,"interactionType":"ENTER_TEXT"}]}
COMMAND: POST /session/7a47d135f75b3f9dc9ed0ec43722f433/execute/async - {"script":"<script> [1562 bytes]","args":[{"selector":{"controlType":"sap.m.Input","viewName":"etm.portal.ui.manageyards.view.New","viewId":"application-manageyards-display-component---NewYard","bindingPath":{"path":"","propertyPath":"/SHIP_POINT","modelName":"NewYardModel"},"interaction":{"idSuffix":"inner"}},"wdio_ui5_key":"etmportal.ui.manageyards.view.Newsap.m.Input{\"path\":\"\",\"propertyPath\":\"/SHIP_POINT\",\"modelName\":\"NewYardModel\"}"}]}
RESULT: {"script":"<script> [1562 bytes]","args":[{"selector":{"controlType":"sap.m.Input","viewName":"etm.portal.ui.manageyards.view.New","viewId":"application-manageyards-display-component---NewYard","bindingPath":{"path":"","propertyPath":"/SHIP_POINT","modelName":"NewYardModel"},"interaction":{"idSuffix":"inner"}},"wdio_ui5_key":"etmportal.ui.manageyards.view.Newsap.m.Input{\"path\":\"\",\"propertyPath\":\"/SHIP_POINT\",\"modelName\":\"NewYardModel\"}"}]}
RESULT: undefined
COMMAND: POST /session/7a47d135f75b3f9dc9ed0ec43722f433/execute/async - {"script":"<script> [776 bytes]","args":[{"enterText":"1710","selector":{"controlType":"sap.m.Input","viewName":"etm.portal.ui.manageyards.view.New","viewId":"application-manageyards-display-component---NewYard","bindingPath":{"path":"","propertyPath":"/SHIP_POINT","modelName":"NewYardModel"},"interaction":{"idSuffix":"inner"}},"clearTextFirst":true,"interactionType":"ENTER_TEXT"}]}
RESULT: {"script":"<script> [776 bytes]","args":[{"enterText":"1710","selector":{"controlType":"sap.m.Input","viewName":"etm.portal.ui.manageyards.view.New","viewId":"application-manageyards-display-component---NewYard","bindingPath":{"path":"","propertyPath":"/SHIP_POINT","modelName":"NewYardModel"},"interaction":{"idSuffix":"inner"}},"clearTextFirst":true,"interactionType":"ENTER_TEXT"}]}
COMMAND: POST /session/7a47d135f75b3f9dc9ed0ec43722f433/execute/async - {"script":"<script> [1562 bytes]","args":[{"selector":{"controlType":"sap.m.Input","viewName":"etm.portal.ui.manageyards.view.New","viewId":"application-manageyards-display-component---NewYard","bindingPath":{"path":"","propertyPath":"/DELIVERY_TYPE","modelName":"NewYardModel"},"interaction":{"idSuffix":"inner"}},"wdio_ui5_key":"etmportal.ui.manageyards.view.Newsap.m.Input{\"path\":\"\",\"propertyPath\":\"/DELIVERY_TYPE\",\"modelName\":\"NewYardModel\"}"}]}
RESULT: {"script":"<script> [1562 bytes]","args":[{"selector":{"controlType":"sap.m.Input","viewName":"etm.portal.ui.manageyards.view.New","viewId":"application-manageyards-display-component---NewYard","bindingPath":{"path":"","propertyPath":"/DELIVERY_TYPE","modelName":"NewYardModel"},"interaction":{"idSuffix":"inner"}},"wdio_ui5_key":"etmportal.ui.manageyards.view.Newsap.m.Input{\"path\":\"\",\"propertyPath\":\"/DELIVERY_TYPE\",\"modelName\":\"NewYardModel\"}"}]}
RESULT: undefined
COMMAND: POST /session/7a47d135f75b3f9dc9ed0ec43722f433/execute/async - {"script":"<script> [776 bytes]","args":[{"enterText":"ZL01","selector":{"controlType":"sap.m.Input","viewName":"etm.portal.ui.manageyards.view.New","viewId":"application-manageyards-display-component---NewYard","bindingPath":{"path":"","propertyPath":"/DELIVERY_TYPE","modelName":"NewYardModel"},"interaction":{"idSuffix":"inner"}},"clearTextFirst":true,"interactionType":"ENTER_TEXT"}]}
RESULT: {"script":"<script> [776 bytes]","args":[{"enterText":"ZL01","selector":{"controlType":"sap.m.Input","viewName":"etm.portal.ui.manageyards.view.New","viewId":"application-manageyards-display-component---NewYard","bindingPath":{"path":"","propertyPath":"/DELIVERY_TYPE","modelName":"NewYardModel"},"interaction":{"idSuffix":"inner"}},"clearTextFirst":true,"interactionType":"ENTER_TEXT"}]}
COMMAND: POST /session/7a47d135f75b3f9dc9ed0ec43722f433/execute/async - {"script":"<script> [1562 bytes]","args":[{"selector":{"controlType":"sap.m.Input","viewName":"etm.portal.ui.manageyards.view.New","viewId":"application-manageyards-display-component---NewYard","bindingPath":{"path":"","propertyPath":"/AUART","modelName":"NewYardModel"},"interaction":{"idSuffix":"inner"}},"wdio_ui5_key":"etmportal.ui.manageyards.view.Newsap.m.Input{\"path\":\"\",\"propertyPath\":\"/AUART\",\"modelName\":\"NewYardModel\"}"}]}
RESULT: {"script":"<script> [1562 bytes]","args":[{"selector":{"controlType":"sap.m.Input","viewName":"etm.portal.ui.manageyards.view.New","viewId":"application-manageyards-display-component---NewYard","bindingPath":{"path":"","propertyPath":"/AUART","modelName":"NewYardModel"},"interaction":{"idSuffix":"inner"}},"wdio_ui5_key":"etmportal.ui.manageyards.view.Newsap.m.Input{\"path\":\"\",\"propertyPath\":\"/AUART\",\"modelName\":\"NewYardModel\"}"}]}
RESULT: undefined
COMMAND: POST /session/7a47d135f75b3f9dc9ed0ec43722f433/execute/async - {"script":"<script> [776 bytes]","args":[{"enterText":"TA","selector":{"controlType":"sap.m.Input","viewName":"etm.portal.ui.manageyards.view.New","viewId":"application-manageyards-display-component---NewYard","bindingPath":{"path":"","propertyPath":"/AUART","modelName":"NewYardModel"},"interaction":{"idSuffix":"inner"}},"clearTextFirst":true,"interactionType":"ENTER_TEXT"}]}
RESULT: {"script":"<script> [776 bytes]","args":[{"enterText":"TA","selector":{"controlType":"sap.m.Input","viewName":"etm.portal.ui.manageyards.view.New","viewId":"application-manageyards-display-component---NewYard","bindingPath":{"path":"","propertyPath":"/AUART","modelName":"NewYardModel"},"interaction":{"idSuffix":"inner"}},"clearTextFirst":true,"interactionType":"ENTER_TEXT"}]}
COMMAND: POST /session/7a47d135f75b3f9dc9ed0ec43722f433/element - {"using":"xpath","value":"//button[@data-kt=\"newYardSaveButton\"]"}
RESULT: {"using":"xpath","value":"//button[@data-kt=\"newYardSaveButton\"]"}
COMMAND: POST /session/7a47d135f75b3f9dc9ed0ec43722f433/element/f.EC16CDDA184DC683CEF5B04FDEE8C812.d.05B85886495EC75A1AE2974453FEEC28.e.10076/click - {}
RESULT: {}
COMMAND: GET /session/7a47d135f75b3f9dc9ed0ec43722f433/screenshot - {}
RESULT: {}
COMMAND: POST /session/7a47d135f75b3f9dc9ed0ec43722f433/element - {"using":"xpath","value":"//header[contains(@id, 'ObjectPageLayout-headerTitle')]/div[1]/div[2]/div[1]/span[1]"}
RESULT: {"using":"xpath","value":"//header[contains(@id, 'ObjectPageLayout-headerTitle')]/div[1]/div[2]/div[1]/span[1]"}
COMMAND: POST /session/7a47d135f75b3f9dc9ed0ec43722f433/elements - {"using":"xpath","value":"//header[contains(@id, 'ObjectPageLayout-headerTitle')]/div[1]/div[2]/div[1]/span[1]"}
RESULT: {"using":"xpath","value":"//header[contains(@id, 'ObjectPageLayout-headerTitle')]/div[1]/div[2]/div[1]/span[1]"}
COMMAND: POST /session/7a47d135f75b3f9dc9ed0ec43722f433/execute/sync - {"script":"<script> [56 bytes]","args":[{"element-6066-11e4-a52e-4f735466cecf":"f.EC16CDDA184DC683CEF5B04FDEE8C812.d.05B85886495EC75A1AE2974453FEEC28.e.10408","ELEMENT":"f.EC16CDDA184DC683CEF5B04FDEE8C812.d.05B85886495EC75A1AE2974453FEEC28.e.10408"}]}
RESULT: {"script":"<script> [56 bytes]","args":[{"element-6066-11e4-a52e-4f735466cecf":"f.EC16CDDA184DC683CEF5B04FDEE8C812.d.05B85886495EC75A1AE2974453FEEC28.e.10408","ELEMENT":"f.EC16CDDA184DC683CEF5B04FDEE8C812.d.05B85886495EC75A1AE2974453FEEC28.e.10408"}]}
COMMAND: GET /session/7a47d135f75b3f9dc9ed0ec43722f433/screenshot - {}
RESULT: {}
COMMAND: POST /session/7a47d135f75b3f9dc9ed0ec43722f433/element - {"using":"css selector","value":"#shell-header-logo"}
RESULT: {"using":"css selector","value":"#shell-header-logo"}
COMMAND: POST /session/7a47d135f75b3f9dc9ed0ec43722f433/element/f.EC16CDDA184DC683CEF5B04FDEE8C812.d.05B85886495EC75A1AE2974453FEEC28.e.9654/click - {}
RESULT: {}
COMMAND: GET /session/7a47d135f75b3f9dc9ed0ec43722f433/screenshot - {}
RESULT: {}
COMMAND: POST /session/7a47d135f75b3f9dc9ed0ec43722f433/execute/sync - {"script":"<script> [299 bytes]","args":[["getModel","getResource"]]}
RESULT: {"script":"<script> [299 bytes]","args":[["getModel","getResource"]]}
]]></system-out>
    </testcase>
    <testcase classname="chrome.136_0_7103_93.windows.Create_partner_US118246" name="Should create new external partner" time="95.86">
      <system-out><![CDATA[
COMMAND: POST /session/7a47d135f75b3f9dc9ed0ec43722f433/window/fullscreen - {}
COMMAND: GET /session/7a47d135f75b3f9dc9ed0ec43722f433/screenshot - {}
RESULT: {}
RESULT: {}
COMMAND: POST /session/7a47d135f75b3f9dc9ed0ec43722f433/execute/async - {"script":"<script> [1562 bytes]","args":[{"selector":{"controlType":"sap.m.GenericTile","properties":{"header":"Manage Partners"}},"wdio_ui5_key":"sapm.GenericTile{\"header\":\"Manage Partners\"}"}]}
RESULT: {"script":"<script> [1562 bytes]","args":[{"selector":{"controlType":"sap.m.GenericTile","properties":{"header":"Manage Partners"}},"wdio_ui5_key":"sapm.GenericTile{\"header\":\"Manage Partners\"}"}]}
RESULT: undefined
COMMAND: POST /session/7a47d135f75b3f9dc9ed0ec43722f433/element - {"using":"xpath","value":"//*[@id=\"__tile38\"]"}
RESULT: {"using":"xpath","value":"//*[@id=\"__tile38\"]"}
COMMAND: POST /session/7a47d135f75b3f9dc9ed0ec43722f433/element/f.EC16CDDA184DC683CEF5B04FDEE8C812.d.05B85886495EC75A1AE2974453FEEC28.e.9550/click - {}
RESULT: {}
COMMAND: GET /session/7a47d135f75b3f9dc9ed0ec43722f433/screenshot - {}
RESULT: {}
COMMAND: POST /session/7a47d135f75b3f9dc9ed0ec43722f433/elements - {"using":"xpath","value":"//span[text()='Error']"}
RESULT: {"using":"xpath","value":"//span[text()='Error']"}
COMMAND: POST /session/7a47d135f75b3f9dc9ed0ec43722f433/element - {"using":"xpath","value":"//button[@data-kt=\"addButton\"]"}
RESULT: {"using":"xpath","value":"//button[@data-kt=\"addButton\"]"}
COMMAND: POST /session/7a47d135f75b3f9dc9ed0ec43722f433/elements - {"using":"xpath","value":"//button[@data-kt=\"addButton\"]"}
RESULT: {"using":"xpath","value":"//button[@data-kt=\"addButton\"]"}
COMMAND: POST /session/7a47d135f75b3f9dc9ed0ec43722f433/elements - {"using":"xpath","value":"//button[@data-kt=\"addButton\"]"}
RESULT: {"using":"xpath","value":"//button[@data-kt=\"addButton\"]"}
COMMAND: POST /session/7a47d135f75b3f9dc9ed0ec43722f433/elements - {"using":"xpath","value":"//button[@data-kt=\"addButton\"]"}
RESULT: {"using":"xpath","value":"//button[@data-kt=\"addButton\"]"}
COMMAND: POST /session/7a47d135f75b3f9dc9ed0ec43722f433/elements - {"using":"xpath","value":"//button[@data-kt=\"addButton\"]"}
RESULT: {"using":"xpath","value":"//button[@data-kt=\"addButton\"]"}
COMMAND: POST /session/7a47d135f75b3f9dc9ed0ec43722f433/elements - {"using":"xpath","value":"//button[@data-kt=\"addButton\"]"}
RESULT: {"using":"xpath","value":"//button[@data-kt=\"addButton\"]"}
COMMAND: POST /session/7a47d135f75b3f9dc9ed0ec43722f433/element - {"using":"xpath","value":"//button[@data-kt=\"addButton\"]"}
RESULT: {"using":"xpath","value":"//button[@data-kt=\"addButton\"]"}
COMMAND: POST /session/7a47d135f75b3f9dc9ed0ec43722f433/execute/sync - {"script":"<script> [8489 bytes]","args":[{"element-6066-11e4-a52e-4f735466cecf":"f.EC16CDDA184DC683CEF5B04FDEE8C812.d.05B85886495EC75A1AE2974453FEEC28.e.10446","ELEMENT":"f.EC16CDDA184DC683CEF5B04FDEE8C812.d.05B85886495EC75A1AE2974453FEEC28.e.10446"}]}
RESULT: {"script":"<script> [8489 bytes]","args":[{"element-6066-11e4-a52e-4f735466cecf":"f.EC16CDDA184DC683CEF5B04FDEE8C812.d.05B85886495EC75A1AE2974453FEEC28.e.10446","ELEMENT":"f.EC16CDDA184DC683CEF5B04FDEE8C812.d.05B85886495EC75A1AE2974453FEEC28.e.10446"}]}
COMMAND: GET /session/7a47d135f75b3f9dc9ed0ec43722f433/element/f.EC16CDDA184DC683CEF5B04FDEE8C812.d.05B85886495EC75A1AE2974453FEEC28.e.10446/enabled - {}
COMMAND: GET /session/7a47d135f75b3f9dc9ed0ec43722f433/screenshot - {}
RESULT: {}
COMMAND: POST /session/7a47d135f75b3f9dc9ed0ec43722f433/execute/sync - {"script":"<script> [8489 bytes]","args":[{"element-6066-11e4-a52e-4f735466cecf":"f.EC16CDDA184DC683CEF5B04FDEE8C812.d.05B85886495EC75A1AE2974453FEEC28.e.10446","ELEMENT":"f.EC16CDDA184DC683CEF5B04FDEE8C812.d.05B85886495EC75A1AE2974453FEEC28.e.10446"}]}
COMMAND: GET /session/7a47d135f75b3f9dc9ed0ec43722f433/screenshot - {}
RESULT: {}
RESULT: {"script":"<script> [8489 bytes]","args":[{"element-6066-11e4-a52e-4f735466cecf":"f.EC16CDDA184DC683CEF5B04FDEE8C812.d.05B85886495EC75A1AE2974453FEEC28.e.10446","ELEMENT":"f.EC16CDDA184DC683CEF5B04FDEE8C812.d.05B85886495EC75A1AE2974453FEEC28.e.10446"}]}
COMMAND: POST /session/7a47d135f75b3f9dc9ed0ec43722f433/execute/sync - {"script":"<script> [5351 bytes]","args":[{"element-6066-11e4-a52e-4f735466cecf":"f.EC16CDDA184DC683CEF5B04FDEE8C812.d.05B85886495EC75A1AE2974453FEEC28.e.10446","ELEMENT":"f.EC16CDDA184DC683CEF5B04FDEE8C812.d.05B85886495EC75A1AE2974453FEEC28.e.10446"}]}
COMMAND: GET /session/7a47d135f75b3f9dc9ed0ec43722f433/screenshot - {}
RESULT: {}
RESULT: {"script":"<script> [5351 bytes]","args":[{"element-6066-11e4-a52e-4f735466cecf":"f.EC16CDDA184DC683CEF5B04FDEE8C812.d.05B85886495EC75A1AE2974453FEEC28.e.10446","ELEMENT":"f.EC16CDDA184DC683CEF5B04FDEE8C812.d.05B85886495EC75A1AE2974453FEEC28.e.10446"}]}
COMMAND: POST /session/7a47d135f75b3f9dc9ed0ec43722f433/element/f.EC16CDDA184DC683CEF5B04FDEE8C812.d.05B85886495EC75A1AE2974453FEEC28.e.10446/click - {}
COMMAND: GET /session/7a47d135f75b3f9dc9ed0ec43722f433/screenshot - {}
RESULT: {}
RESULT: {}
COMMAND: GET /session/7a47d135f75b3f9dc9ed0ec43722f433/screenshot - {}
COMMAND: POST /session/7a47d135f75b3f9dc9ed0ec43722f433/execute/async - {"script":"<script> [1562 bytes]","args":[{"selector":{"id":"application-managepartners-display-component---NewPartner--addressDetailDetailsName1","interaction":{"idSuffix":"inner"}},"wdio_ui5_key":"applicationmanagepartners-display-component---NewPartner--addressDetailDetailsName1"}]}
RESULT: {}
RESULT: {}
RESULT: {"script":"<script> [1562 bytes]","args":[{"selector":{"id":"application-managepartners-display-component---NewPartner--addressDetailDetailsName1","interaction":{"idSuffix":"inner"}},"wdio_ui5_key":"applicationmanagepartners-display-component---NewPartner--addressDetailDetailsName1"}]}
RESULT: undefined
COMMAND: POST /session/7a47d135f75b3f9dc9ed0ec43722f433/execute/async - {"script":"<script> [776 bytes]","args":[{"enterText":"External Partner WDIO","selector":{"id":"application-managepartners-display-component---NewPartner--addressDetailDetailsName1","interaction":{"idSuffix":"inner"}},"clearTextFirst":true,"interactionType":"ENTER_TEXT"}]}
RESULT: {"script":"<script> [776 bytes]","args":[{"enterText":"External Partner WDIO","selector":{"id":"application-managepartners-display-component---NewPartner--addressDetailDetailsName1","interaction":{"idSuffix":"inner"}},"clearTextFirst":true,"interactionType":"ENTER_TEXT"}]}
COMMAND: POST /session/7a47d135f75b3f9dc9ed0ec43722f433/execute/async - {"script":"<script> [1562 bytes]","args":[{"selector":{"id":"application-managepartners-display-component---NewPartner--addressDetailDetailsLanguage-arrow"},"wdio_ui5_key":"applicationmanagepartners-display-component---NewPartner--addressDetailDetailsLanguage-arrow"}]}
RESULT: {"script":"<script> [1562 bytes]","args":[{"selector":{"id":"application-managepartners-display-component---NewPartner--addressDetailDetailsLanguage-arrow"},"wdio_ui5_key":"applicationmanagepartners-display-component---NewPartner--addressDetailDetailsLanguage-arrow"}]}
RESULT: undefined
COMMAND: POST /session/7a47d135f75b3f9dc9ed0ec43722f433/element - {"using":"xpath","value":"//*[@id=\"application-managepartners-display-component---NewPartner--addressDetailDetailsLanguage-arrow\"]"}
RESULT: {"using":"xpath","value":"//*[@id=\"application-managepartners-display-component---NewPartner--addressDetailDetailsLanguage-arrow\"]"}
COMMAND: POST /session/7a47d135f75b3f9dc9ed0ec43722f433/element/f.EC16CDDA184DC683CEF5B04FDEE8C812.d.05B85886495EC75A1AE2974453FEEC28.e.10902/click - {}
RESULT: {}
COMMAND: POST /session/7a47d135f75b3f9dc9ed0ec43722f433/element - {"using":"xpath","value":"//span[contains(text(), \"English\")]"}
COMMAND: GET /session/7a47d135f75b3f9dc9ed0ec43722f433/screenshot - {}
RESULT: {"using":"xpath","value":"//span[contains(text(), \"English\")]"}
COMMAND: POST /session/7a47d135f75b3f9dc9ed0ec43722f433/element/f.EC16CDDA184DC683CEF5B04FDEE8C812.d.05B85886495EC75A1AE2974453FEEC28.e.10903/click - {}
RESULT: {}
RESULT: {}
COMMAND: GET /session/7a47d135f75b3f9dc9ed0ec43722f433/screenshot - {}
RESULT: {}
COMMAND: POST /session/7a47d135f75b3f9dc9ed0ec43722f433/execute/async - {"script":"<script> [1562 bytes]","args":[{"selector":{"id":"application-managepartners-display-component---NewPartner--addressDetailDetailsCity1","interaction":{"idSuffix":"inner"}},"wdio_ui5_key":"applicationmanagepartners-display-component---NewPartner--addressDetailDetailsCity1"}]}
RESULT: {"script":"<script> [1562 bytes]","args":[{"selector":{"id":"application-managepartners-display-component---NewPartner--addressDetailDetailsCity1","interaction":{"idSuffix":"inner"}},"wdio_ui5_key":"applicationmanagepartners-display-component---NewPartner--addressDetailDetailsCity1"}]}
RESULT: undefined
COMMAND: POST /session/7a47d135f75b3f9dc9ed0ec43722f433/execute/async - {"script":"<script> [776 bytes]","args":[{"enterText":"Rosario","selector":{"id":"application-managepartners-display-component---NewPartner--addressDetailDetailsCity1","interaction":{"idSuffix":"inner"}},"clearTextFirst":true,"interactionType":"ENTER_TEXT"}]}
RESULT: {"script":"<script> [776 bytes]","args":[{"enterText":"Rosario","selector":{"id":"application-managepartners-display-component---NewPartner--addressDetailDetailsCity1","interaction":{"idSuffix":"inner"}},"clearTextFirst":true,"interactionType":"ENTER_TEXT"}]}
COMMAND: POST /session/7a47d135f75b3f9dc9ed0ec43722f433/execute/async - {"script":"<script> [1562 bytes]","args":[{"selector":{"id":"application-managepartners-display-component---NewPartner--addressDetailDetailsCountry-arrow"},"wdio_ui5_key":"applicationmanagepartners-display-component---NewPartner--addressDetailDetailsCountry-arrow"}]}
RESULT: {"script":"<script> [1562 bytes]","args":[{"selector":{"id":"application-managepartners-display-component---NewPartner--addressDetailDetailsCountry-arrow"},"wdio_ui5_key":"applicationmanagepartners-display-component---NewPartner--addressDetailDetailsCountry-arrow"}]}
RESULT: undefined
COMMAND: POST /session/7a47d135f75b3f9dc9ed0ec43722f433/element - {"using":"xpath","value":"//*[@id=\"application-managepartners-display-component---NewPartner--addressDetailDetailsCountry-arrow\"]"}
RESULT: {"using":"xpath","value":"//*[@id=\"application-managepartners-display-component---NewPartner--addressDetailDetailsCountry-arrow\"]"}
COMMAND: POST /session/7a47d135f75b3f9dc9ed0ec43722f433/element/f.EC16CDDA184DC683CEF5B04FDEE8C812.d.05B85886495EC75A1AE2974453FEEC28.e.10889/click - {}
RESULT: {}
COMMAND: POST /session/7a47d135f75b3f9dc9ed0ec43722f433/element - {"using":"xpath","value":"//span[contains(text(), \"Argentina\")]"}
COMMAND: GET /session/7a47d135f75b3f9dc9ed0ec43722f433/screenshot - {}
RESULT: {"using":"xpath","value":"//span[contains(text(), \"Argentina\")]"}
COMMAND: POST /session/7a47d135f75b3f9dc9ed0ec43722f433/element/f.EC16CDDA184DC683CEF5B04FDEE8C812.d.05B85886495EC75A1AE2974453FEEC28.e.10905/click - {}
RESULT: {}
RESULT: {}
COMMAND: GET /session/7a47d135f75b3f9dc9ed0ec43722f433/screenshot - {}
RESULT: {}
COMMAND: POST /session/7a47d135f75b3f9dc9ed0ec43722f433/element - {"using":"xpath","value":"//bdi[contains(text(), \"Commercial\")]"}
RESULT: {"using":"xpath","value":"//bdi[contains(text(), \"Commercial\")]"}
COMMAND: POST /session/7a47d135f75b3f9dc9ed0ec43722f433/element/f.EC16CDDA184DC683CEF5B04FDEE8C812.d.05B85886495EC75A1AE2974453FEEC28.e.10906/click - {}
RESULT: {}
COMMAND: GET /session/7a47d135f75b3f9dc9ed0ec43722f433/screenshot - {}
RESULT: {}
COMMAND: POST /session/7a47d135f75b3f9dc9ed0ec43722f433/execute/async - {"script":"<script> [1562 bytes]","args":[{"selector":{"id":"application-managepartners-display-component---NewPartner--partnerDetailInternal-arrow"},"wdio_ui5_key":"applicationmanagepartners-display-component---NewPartner--partnerDetailInternal-arrow"}]}
RESULT: {"script":"<script> [1562 bytes]","args":[{"selector":{"id":"application-managepartners-display-component---NewPartner--partnerDetailInternal-arrow"},"wdio_ui5_key":"applicationmanagepartners-display-component---NewPartner--partnerDetailInternal-arrow"}]}
RESULT: undefined
COMMAND: POST /session/7a47d135f75b3f9dc9ed0ec43722f433/element - {"using":"xpath","value":"//*[@id=\"application-managepartners-display-component---NewPartner--partnerDetailInternal-arrow\"]"}
RESULT: {"using":"xpath","value":"//*[@id=\"application-managepartners-display-component---NewPartner--partnerDetailInternal-arrow\"]"}
COMMAND: POST /session/7a47d135f75b3f9dc9ed0ec43722f433/element/f.EC16CDDA184DC683CEF5B04FDEE8C812.d.05B85886495EC75A1AE2974453FEEC28.e.10912/click - {}
RESULT: {}
COMMAND: POST /session/7a47d135f75b3f9dc9ed0ec43722f433/element - {"using":"xpath","value":"//span[contains(text(), \"External partner\")]"}
COMMAND: GET /session/7a47d135f75b3f9dc9ed0ec43722f433/screenshot - {}
RESULT: {"using":"xpath","value":"//span[contains(text(), \"External partner\")]"}
COMMAND: POST /session/7a47d135f75b3f9dc9ed0ec43722f433/element/f.EC16CDDA184DC683CEF5B04FDEE8C812.d.05B85886495EC75A1AE2974453FEEC28.e.10915/click - {}
RESULT: {}
RESULT: {}
COMMAND: POST /session/7a47d135f75b3f9dc9ed0ec43722f433/execute/async - {"script":"<script> [1562 bytes]","args":[{"selector":{"id":"application-managepartners-display-component---NewPartner--partnerDetailsCurrency-arrow"},"wdio_ui5_key":"applicationmanagepartners-display-component---NewPartner--partnerDetailsCurrency-arrow"}]}
COMMAND: GET /session/7a47d135f75b3f9dc9ed0ec43722f433/screenshot - {}
RESULT: {"script":"<script> [1562 bytes]","args":[{"selector":{"id":"application-managepartners-display-component---NewPartner--partnerDetailsCurrency-arrow"},"wdio_ui5_key":"applicationmanagepartners-display-component---NewPartner--partnerDetailsCurrency-arrow"}]}
RESULT: undefined
COMMAND: POST /session/7a47d135f75b3f9dc9ed0ec43722f433/element - {"using":"xpath","value":"//*[@id=\"application-managepartners-display-component---NewPartner--partnerDetailsCurrency-arrow\"]"}
RESULT: {}
RESULT: {"using":"xpath","value":"//*[@id=\"application-managepartners-display-component---NewPartner--partnerDetailsCurrency-arrow\"]"}
COMMAND: POST /session/7a47d135f75b3f9dc9ed0ec43722f433/element/f.EC16CDDA184DC683CEF5B04FDEE8C812.d.05B85886495EC75A1AE2974453FEEC28.e.10920/click - {}
RESULT: {}
COMMAND: POST /session/7a47d135f75b3f9dc9ed0ec43722f433/element - {"using":"xpath","value":"//span[contains(text(), \"US Dollar\")]"}
COMMAND: GET /session/7a47d135f75b3f9dc9ed0ec43722f433/screenshot - {}
RESULT: {"using":"xpath","value":"//span[contains(text(), \"US Dollar\")]"}
COMMAND: POST /session/7a47d135f75b3f9dc9ed0ec43722f433/element/f.EC16CDDA184DC683CEF5B04FDEE8C812.d.05B85886495EC75A1AE2974453FEEC28.e.10921/click - {}
RESULT: {}
RESULT: {}
COMMAND: GET /session/7a47d135f75b3f9dc9ed0ec43722f433/screenshot - {}
RESULT: {}
COMMAND: POST /session/7a47d135f75b3f9dc9ed0ec43722f433/element - {"using":"xpath","value":"//input[@id=\"application-managepartners-display-component---NewPartner--companyCodeComboBox-inner\"]"}
RESULT: {"using":"xpath","value":"//input[@id=\"application-managepartners-display-component---NewPartner--companyCodeComboBox-inner\"]"}
COMMAND: POST /session/7a47d135f75b3f9dc9ed0ec43722f433/element/f.EC16CDDA184DC683CEF5B04FDEE8C812.d.05B85886495EC75A1AE2974453FEEC28.e.10757/clear - {}
RESULT: {}
COMMAND: POST /session/7a47d135f75b3f9dc9ed0ec43722f433/element/f.EC16CDDA184DC683CEF5B04FDEE8C812.d.05B85886495EC75A1AE2974453FEEC28.e.10757/value - {"text":"C002"}
COMMAND: GET /session/7a47d135f75b3f9dc9ed0ec43722f433/screenshot - {}
RESULT: {"text":"C002"}
COMMAND: GET /session/7a47d135f75b3f9dc9ed0ec43722f433/screenshot - {}
RESULT: {}
RESULT: {}
COMMAND: POST /session/7a47d135f75b3f9dc9ed0ec43722f433/element - {"using":"xpath","value":"//li[.//span[text()= \"C002\"]]"}
RESULT: {"using":"xpath","value":"//li[.//span[text()= \"C002\"]]"}
COMMAND: POST /session/7a47d135f75b3f9dc9ed0ec43722f433/element/f.EC16CDDA184DC683CEF5B04FDEE8C812.d.05B85886495EC75A1AE2974453FEEC28.e.10925/click - {}
RESULT: {}
COMMAND: GET /session/7a47d135f75b3f9dc9ed0ec43722f433/screenshot - {}
RESULT: {}
COMMAND: POST /session/7a47d135f75b3f9dc9ed0ec43722f433/execute/async - {"script":"<script> [1562 bytes]","args":[{"selector":{"id":"application-managepartners-display-component---NewPartner--btnAddTableRow-img"},"wdio_ui5_key":"applicationmanagepartners-display-component---NewPartner--btnAddTableRow-img"}]}
RESULT: {"script":"<script> [1562 bytes]","args":[{"selector":{"id":"application-managepartners-display-component---NewPartner--btnAddTableRow-img"},"wdio_ui5_key":"applicationmanagepartners-display-component---NewPartner--btnAddTableRow-img"}]}
RESULT: undefined
COMMAND: POST /session/7a47d135f75b3f9dc9ed0ec43722f433/element - {"using":"xpath","value":"//*[@id=\"application-managepartners-display-component---NewPartner--btnAddTableRow-img\"]"}
RESULT: {"using":"xpath","value":"//*[@id=\"application-managepartners-display-component---NewPartner--btnAddTableRow-img\"]"}
COMMAND: POST /session/7a47d135f75b3f9dc9ed0ec43722f433/element/f.EC16CDDA184DC683CEF5B04FDEE8C812.d.05B85886495EC75A1AE2974453FEEC28.e.10926/click - {}
RESULT: {}
COMMAND: GET /session/7a47d135f75b3f9dc9ed0ec43722f433/screenshot - {}
RESULT: {}
COMMAND: POST /session/7a47d135f75b3f9dc9ed0ec43722f433/element - {"using":"xpath","value":"//input[@id=\"application-managepartners-display-component---NewPartner--assignmentYard-application-managepartners-display-component---NewPartner--assignmentsTable-0-inner\"]"}
RESULT: {"using":"xpath","value":"//input[@id=\"application-managepartners-display-component---NewPartner--assignmentYard-application-managepartners-display-component---NewPartner--assignmentsTable-0-inner\"]"}
COMMAND: POST /session/7a47d135f75b3f9dc9ed0ec43722f433/element/f.EC16CDDA184DC683CEF5B04FDEE8C812.d.05B85886495EC75A1AE2974453FEEC28.e.10929/clear - {}
RESULT: {}
COMMAND: POST /session/7a47d135f75b3f9dc9ed0ec43722f433/element/f.EC16CDDA184DC683CEF5B04FDEE8C812.d.05B85886495EC75A1AE2974453FEEC28.e.10929/value - {"text":"605"}
COMMAND: GET /session/7a47d135f75b3f9dc9ed0ec43722f433/screenshot - {}
RESULT: {"text":"605"}
COMMAND: GET /session/7a47d135f75b3f9dc9ed0ec43722f433/screenshot - {}
RESULT: {}
RESULT: {}
COMMAND: POST /session/7a47d135f75b3f9dc9ed0ec43722f433/element - {"using":"xpath","value":"//li[.//span[text()='605']]"}
RESULT: {"using":"xpath","value":"//li[.//span[text()='605']]"}
COMMAND: POST /session/7a47d135f75b3f9dc9ed0ec43722f433/element/f.EC16CDDA184DC683CEF5B04FDEE8C812.d.05B85886495EC75A1AE2974453FEEC28.e.10937/click - {}
RESULT: {}
COMMAND: GET /session/7a47d135f75b3f9dc9ed0ec43722f433/screenshot - {}
RESULT: {}
COMMAND: POST /session/7a47d135f75b3f9dc9ed0ec43722f433/actions - {"actions":[{"id":"action27","type":"key","parameters":{},"actions":[{"type":"keyDown","value":"î€‡"},{"type":"pause","duration":10},{"type":"keyUp","value":"î€‡"}]}]}
RESULT: {"actions":[{"id":"action27","type":"key","parameters":{},"actions":[{"type":"keyDown","value":"î€‡"},{"type":"pause","duration":10},{"type":"keyUp","value":"î€‡"}]}]}
COMMAND: POST /session/7a47d135f75b3f9dc9ed0ec43722f433/element - {"using":"xpath","value":"//td[contains(@id, \"assignmentsTable-0-cell2\")]/div/div"}
COMMAND: GET /session/7a47d135f75b3f9dc9ed0ec43722f433/screenshot - {}
RESULT: {"using":"xpath","value":"//td[contains(@id, \"assignmentsTable-0-cell2\")]/div/div"}
COMMAND: POST /session/7a47d135f75b3f9dc9ed0ec43722f433/element/f.EC16CDDA184DC683CEF5B04FDEE8C812.d.05B85886495EC75A1AE2974453FEEC28.e.10940/click - {}
RESULT: {}
RESULT: {}
COMMAND: GET /session/7a47d135f75b3f9dc9ed0ec43722f433/screenshot - {}
RESULT: {}
COMMAND: POST /session/7a47d135f75b3f9dc9ed0ec43722f433/element - {"using":"xpath","value":"//button[@data-kt=\"saveButton\"]"}
RESULT: {"using":"xpath","value":"//button[@data-kt=\"saveButton\"]"}
COMMAND: POST /session/7a47d135f75b3f9dc9ed0ec43722f433/element/f.EC16CDDA184DC683CEF5B04FDEE8C812.d.05B85886495EC75A1AE2974453FEEC28.e.10824/click - {}
RESULT: {}
COMMAND: GET /session/7a47d135f75b3f9dc9ed0ec43722f433/screenshot - {}
RESULT: {}
COMMAND: POST /session/7a47d135f75b3f9dc9ed0ec43722f433/element - {"using":"xpath","value":"//header[contains(@id, 'ObjectPageLayout-headerTitle')]/div[1]/div[2]/div[2]/span[1]"}
RESULT: {"using":"xpath","value":"//header[contains(@id, 'ObjectPageLayout-headerTitle')]/div[1]/div[2]/div[2]/span[1]"}
COMMAND: POST /session/7a47d135f75b3f9dc9ed0ec43722f433/elements - {"using":"xpath","value":"//header[contains(@id, 'ObjectPageLayout-headerTitle')]/div[1]/div[2]/div[2]/span[1]"}
RESULT: {"using":"xpath","value":"//header[contains(@id, 'ObjectPageLayout-headerTitle')]/div[1]/div[2]/div[2]/span[1]"}
COMMAND: POST /session/7a47d135f75b3f9dc9ed0ec43722f433/execute/sync - {"script":"<script> [56 bytes]","args":[{"element-6066-11e4-a52e-4f735466cecf":"f.EC16CDDA184DC683CEF5B04FDEE8C812.d.05B85886495EC75A1AE2974453FEEC28.e.11102","ELEMENT":"f.EC16CDDA184DC683CEF5B04FDEE8C812.d.05B85886495EC75A1AE2974453FEEC28.e.11102"}]}
RESULT: {"script":"<script> [56 bytes]","args":[{"element-6066-11e4-a52e-4f735466cecf":"f.EC16CDDA184DC683CEF5B04FDEE8C812.d.05B85886495EC75A1AE2974453FEEC28.e.11102","ELEMENT":"f.EC16CDDA184DC683CEF5B04FDEE8C812.d.05B85886495EC75A1AE2974453FEEC28.e.11102"}]}
COMMAND: POST /session/7a47d135f75b3f9dc9ed0ec43722f433/element - {"using":"css selector","value":"#shell-header-logo"}
COMMAND: GET /session/7a47d135f75b3f9dc9ed0ec43722f433/screenshot - {}
RESULT: {"using":"css selector","value":"#shell-header-logo"}
COMMAND: POST /session/7a47d135f75b3f9dc9ed0ec43722f433/element/f.EC16CDDA184DC683CEF5B04FDEE8C812.d.05B85886495EC75A1AE2974453FEEC28.e.10412/click - {}
RESULT: {}
RESULT: {}
COMMAND: GET /session/7a47d135f75b3f9dc9ed0ec43722f433/screenshot - {}
RESULT: {}
COMMAND: POST /session/7a47d135f75b3f9dc9ed0ec43722f433/execute/sync - {"script":"<script> [299 bytes]","args":[["getModel","getResource"]]}
RESULT: {"script":"<script> [299 bytes]","args":[["getModel","getResource"]]}
]]></system-out>
    </testcase>
    <testcase classname="chrome.136_0_7103_93.windows.Create_partner_US118246" name="Should create a new yard in case create yard failed" time="111.013">
      <system-out><![CDATA[
COMMAND: GET /session/7a47d135f75b3f9dc9ed0ec43722f433/screenshot - {}
RESULT: undefined
COMMAND: POST /session/7a47d135f75b3f9dc9ed0ec43722f433/element - {"using":"xpath","value":"//*[@id=\"__tile41\"]"}
RESULT: {"using":"xpath","value":"//*[@id=\"__tile41\"]"}
COMMAND: POST /session/7a47d135f75b3f9dc9ed0ec43722f433/element/f.EC16CDDA184DC683CEF5B04FDEE8C812.d.05B85886495EC75A1AE2974453FEEC28.e.9559/click - {}
RESULT: {}
RESULT: {}
COMMAND: GET /session/7a47d135f75b3f9dc9ed0ec43722f433/screenshot - {}
RESULT: {}
COMMAND: POST /session/7a47d135f75b3f9dc9ed0ec43722f433/elements - {"using":"xpath","value":"//span[text()='Error']"}
RESULT: {"using":"xpath","value":"//span[text()='Error']"}
COMMAND: POST /session/7a47d135f75b3f9dc9ed0ec43722f433/element - {"using":"xpath","value":"//button[@data-kt=\"addNewYardOverflowToolbarButton\"]"}
RESULT: {"using":"xpath","value":"//button[@data-kt=\"addNewYardOverflowToolbarButton\"]"}
COMMAND: POST /session/7a47d135f75b3f9dc9ed0ec43722f433/elements - {"using":"xpath","value":"//button[@data-kt=\"addNewYardOverflowToolbarButton\"]"}
RESULT: {"using":"xpath","value":"//button[@data-kt=\"addNewYardOverflowToolbarButton\"]"}
COMMAND: POST /session/7a47d135f75b3f9dc9ed0ec43722f433/execute/sync - {"script":"<script> [8489 bytes]","args":[{"element-6066-11e4-a52e-4f735466cecf":"f.EC16CDDA184DC683CEF5B04FDEE8C812.d.05B85886495EC75A1AE2974453FEEC28.e.11144","ELEMENT":"f.EC16CDDA184DC683CEF5B04FDEE8C812.d.05B85886495EC75A1AE2974453FEEC28.e.11144"}]}
RESULT: {"script":"<script> [8489 bytes]","args":[{"element-6066-11e4-a52e-4f735466cecf":"f.EC16CDDA184DC683CEF5B04FDEE8C812.d.05B85886495EC75A1AE2974453FEEC28.e.11144","ELEMENT":"f.EC16CDDA184DC683CEF5B04FDEE8C812.d.05B85886495EC75A1AE2974453FEEC28.e.11144"}]}
COMMAND: GET /session/7a47d135f75b3f9dc9ed0ec43722f433/element/f.EC16CDDA184DC683CEF5B04FDEE8C812.d.05B85886495EC75A1AE2974453FEEC28.e.11144/enabled - {}
COMMAND: GET /session/7a47d135f75b3f9dc9ed0ec43722f433/screenshot - {}
RESULT: {}
COMMAND: POST /session/7a47d135f75b3f9dc9ed0ec43722f433/execute/sync - {"script":"<script> [8489 bytes]","args":[{"element-6066-11e4-a52e-4f735466cecf":"f.EC16CDDA184DC683CEF5B04FDEE8C812.d.05B85886495EC75A1AE2974453FEEC28.e.11144","ELEMENT":"f.EC16CDDA184DC683CEF5B04FDEE8C812.d.05B85886495EC75A1AE2974453FEEC28.e.11144"}]}
COMMAND: GET /session/7a47d135f75b3f9dc9ed0ec43722f433/screenshot - {}
RESULT: {}
RESULT: {"script":"<script> [8489 bytes]","args":[{"element-6066-11e4-a52e-4f735466cecf":"f.EC16CDDA184DC683CEF5B04FDEE8C812.d.05B85886495EC75A1AE2974453FEEC28.e.11144","ELEMENT":"f.EC16CDDA184DC683CEF5B04FDEE8C812.d.05B85886495EC75A1AE2974453FEEC28.e.11144"}]}
COMMAND: POST /session/7a47d135f75b3f9dc9ed0ec43722f433/execute/sync - {"script":"<script> [5351 bytes]","args":[{"element-6066-11e4-a52e-4f735466cecf":"f.EC16CDDA184DC683CEF5B04FDEE8C812.d.05B85886495EC75A1AE2974453FEEC28.e.11144","ELEMENT":"f.EC16CDDA184DC683CEF5B04FDEE8C812.d.05B85886495EC75A1AE2974453FEEC28.e.11144"}]}
COMMAND: GET /session/7a47d135f75b3f9dc9ed0ec43722f433/screenshot - {}
RESULT: {}
RESULT: {"script":"<script> [5351 bytes]","args":[{"element-6066-11e4-a52e-4f735466cecf":"f.EC16CDDA184DC683CEF5B04FDEE8C812.d.05B85886495EC75A1AE2974453FEEC28.e.11144","ELEMENT":"f.EC16CDDA184DC683CEF5B04FDEE8C812.d.05B85886495EC75A1AE2974453FEEC28.e.11144"}]}
COMMAND: POST /session/7a47d135f75b3f9dc9ed0ec43722f433/element/f.EC16CDDA184DC683CEF5B04FDEE8C812.d.05B85886495EC75A1AE2974453FEEC28.e.11144/click - {}
COMMAND: GET /session/7a47d135f75b3f9dc9ed0ec43722f433/screenshot - {}
RESULT: {}
RESULT: {}
COMMAND: GET /session/7a47d135f75b3f9dc9ed0ec43722f433/screenshot - {}
RESULT: {}
COMMAND: POST /session/7a47d135f75b3f9dc9ed0ec43722f433/element - {"using":"xpath","value":"//input[@id=\"application-manageyards-display-component---NewYard--yardId-inner\"]"}
RESULT: {}
RESULT: {"using":"xpath","value":"//input[@id=\"application-manageyards-display-component---NewYard--yardId-inner\"]"}
COMMAND: POST /session/7a47d135f75b3f9dc9ed0ec43722f433/element - {"using":"xpath","value":"//input[@id=\"application-manageyards-display-component---NewYard--yardId-inner\"]"}
RESULT: {"using":"xpath","value":"//input[@id=\"application-manageyards-display-component---NewYard--yardId-inner\"]"}
RESULT: undefined
COMMAND: POST /session/7a47d135f75b3f9dc9ed0ec43722f433/execute/async - {"script":"<script> [776 bytes]","args":[{"enterText":"Warehouse Managed WDIO","selector":{"id":"application-manageyards-display-component---NewYard--addressDetailDetailsName1","interaction":{"idSuffix":"inner"}},"clearTextFirst":true,"interactionType":"ENTER_TEXT"}]}
RESULT: {"script":"<script> [776 bytes]","args":[{"enterText":"Warehouse Managed WDIO","selector":{"id":"application-manageyards-display-component---NewYard--addressDetailDetailsName1","interaction":{"idSuffix":"inner"}},"clearTextFirst":true,"interactionType":"ENTER_TEXT"}]}
RESULT: undefined
COMMAND: POST /session/7a47d135f75b3f9dc9ed0ec43722f433/element - {"using":"xpath","value":"//*[@id=\"application-manageyards-display-component---NewYard--addressDetailDetailsLanguage-arrow\"]"}
RESULT: {"using":"xpath","value":"//*[@id=\"application-manageyards-display-component---NewYard--addressDetailDetailsLanguage-arrow\"]"}
COMMAND: POST /session/7a47d135f75b3f9dc9ed0ec43722f433/element/f.EC16CDDA184DC683CEF5B04FDEE8C812.d.05B85886495EC75A1AE2974453FEEC28.e.11751/click - {}
RESULT: {}
COMMAND: POST /session/7a47d135f75b3f9dc9ed0ec43722f433/element - {"using":"xpath","value":"//span[contains(text(), \"English\")]"}
COMMAND: GET /session/7a47d135f75b3f9dc9ed0ec43722f433/screenshot - {}
RESULT: {"using":"xpath","value":"//span[contains(text(), \"English\")]"}
COMMAND: POST /session/7a47d135f75b3f9dc9ed0ec43722f433/element/f.EC16CDDA184DC683CEF5B04FDEE8C812.d.05B85886495EC75A1AE2974453FEEC28.e.11752/click - {}
RESULT: {}
RESULT: {}
RESULT: undefined
COMMAND: POST /session/7a47d135f75b3f9dc9ed0ec43722f433/execute/async - {"script":"<script> [776 bytes]","args":[{"enterText":"Rosario","selector":{"id":"application-manageyards-display-component---NewYard--addressDetailDetailsCity1","interaction":{"idSuffix":"inner"}},"clearTextFirst":true,"interactionType":"ENTER_TEXT"}]}
COMMAND: GET /session/7a47d135f75b3f9dc9ed0ec43722f433/screenshot - {}
RESULT: {"script":"<script> [776 bytes]","args":[{"enterText":"Rosario","selector":{"id":"application-manageyards-display-component---NewYard--addressDetailDetailsCity1","interaction":{"idSuffix":"inner"}},"clearTextFirst":true,"interactionType":"ENTER_TEXT"}]}
RESULT: undefined
COMMAND: POST /session/7a47d135f75b3f9dc9ed0ec43722f433/element - {"using":"xpath","value":"//*[@id=\"application-manageyards-display-component---NewYard--addressDetailDetailsCountry-arrow\"]"}
RESULT: {}
RESULT: {"using":"xpath","value":"//*[@id=\"application-manageyards-display-component---NewYard--addressDetailDetailsCountry-arrow\"]"}
COMMAND: POST /session/7a47d135f75b3f9dc9ed0ec43722f433/element/f.EC16CDDA184DC683CEF5B04FDEE8C812.d.05B85886495EC75A1AE2974453FEEC28.e.11753/click - {}
RESULT: {}
COMMAND: POST /session/7a47d135f75b3f9dc9ed0ec43722f433/element - {"using":"xpath","value":"//span[contains(text(), \"Argentina\")]"}
COMMAND: GET /session/7a47d135f75b3f9dc9ed0ec43722f433/screenshot - {}
RESULT: {"using":"xpath","value":"//span[contains(text(), \"Argentina\")]"}
COMMAND: POST /session/7a47d135f75b3f9dc9ed0ec43722f433/element/f.EC16CDDA184DC683CEF5B04FDEE8C812.d.05B85886495EC75A1AE2974453FEEC28.e.11755/click - {}
RESULT: {}
RESULT: {}
RESULT: undefined
COMMAND: POST /session/7a47d135f75b3f9dc9ed0ec43722f433/element - {"using":"xpath","value":"//*[@id=\"application-manageyards-display-component---NewYard--addressEditDetailsCostObjectCstType-arrow\"]"}
COMMAND: GET /session/7a47d135f75b3f9dc9ed0ec43722f433/screenshot - {}
RESULT: {"using":"xpath","value":"//*[@id=\"application-manageyards-display-component---NewYard--addressEditDetailsCostObjectCstType-arrow\"]"}
COMMAND: POST /session/7a47d135f75b3f9dc9ed0ec43722f433/element/f.EC16CDDA184DC683CEF5B04FDEE8C812.d.05B85886495EC75A1AE2974453FEEC28.e.11756/click - {}
RESULT: {}
RESULT: {}
COMMAND: POST /session/7a47d135f75b3f9dc9ed0ec43722f433/element - {"using":"xpath","value":"//span[contains(text(), \"Cost Center\")]"}
COMMAND: GET /session/7a47d135f75b3f9dc9ed0ec43722f433/screenshot - {}
RESULT: {"using":"xpath","value":"//span[contains(text(), \"Cost Center\")]"}
COMMAND: POST /session/7a47d135f75b3f9dc9ed0ec43722f433/element/f.EC16CDDA184DC683CEF5B04FDEE8C812.d.05B85886495EC75A1AE2974453FEEC28.e.11757/click - {}
RESULT: {}
RESULT: {}
COMMAND: GET /session/7a47d135f75b3f9dc9ed0ec43722f433/screenshot - {}
RESULT: {}
COMMAND: POST /session/7a47d135f75b3f9dc9ed0ec43722f433/element - {"using":"xpath","value":"//span[@id=\"application-manageyards-display-component---NewYard--addressNewCostObjectCstID-vhi\"]"}
RESULT: {"using":"xpath","value":"//span[@id=\"application-manageyards-display-component---NewYard--addressNewCostObjectCstID-vhi\"]"}
COMMAND: POST /session/7a47d135f75b3f9dc9ed0ec43722f433/execute/sync - {"script":"<script> [8489 bytes]","args":[{"element-6066-11e4-a52e-4f735466cecf":"f.EC16CDDA184DC683CEF5B04FDEE8C812.d.05B85886495EC75A1AE2974453FEEC28.e.11761","ELEMENT":"f.EC16CDDA184DC683CEF5B04FDEE8C812.d.05B85886495EC75A1AE2974453FEEC28.e.11761"}]}
RESULT: {"script":"<script> [8489 bytes]","args":[{"element-6066-11e4-a52e-4f735466cecf":"f.EC16CDDA184DC683CEF5B04FDEE8C812.d.05B85886495EC75A1AE2974453FEEC28.e.11761","ELEMENT":"f.EC16CDDA184DC683CEF5B04FDEE8C812.d.05B85886495EC75A1AE2974453FEEC28.e.11761"}]}
RESULT: undefined
COMMAND: POST /session/7a47d135f75b3f9dc9ed0ec43722f433/element - {"using":"xpath","value":"//*[@id=\"application-manageyards-display-component---NewYard--addressNewCostObjectCstID-vhi\"]"}
COMMAND: GET /session/7a47d135f75b3f9dc9ed0ec43722f433/screenshot - {}
RESULT: {"using":"xpath","value":"//*[@id=\"application-manageyards-display-component---NewYard--addressNewCostObjectCstID-vhi\"]"}
COMMAND: POST /session/7a47d135f75b3f9dc9ed0ec43722f433/element/f.EC16CDDA184DC683CEF5B04FDEE8C812.d.05B85886495EC75A1AE2974453FEEC28.e.11761/click - {}
RESULT: {}
RESULT: {}
COMMAND: GET /session/7a47d135f75b3f9dc9ed0ec43722f433/screenshot - {}
RESULT: {}
RESULT: undefined
COMMAND: POST /session/7a47d135f75b3f9dc9ed0ec43722f433/execute/async - {"script":"<script> [776 bytes]","args":[{"enterText":"bauh_b","selector":{"controlType":"sap.m.SearchField","properties":{"placeholder":"Search"},"searchOpenDialogs":true,"interaction":{"idSuffix":"I"}},"clearTextFirst":true,"interactionType":"ENTER_TEXT"}]}
RESULT: {"script":"<script> [776 bytes]","args":[{"enterText":"bauh_b","selector":{"controlType":"sap.m.SearchField","properties":{"placeholder":"Search"},"searchOpenDialogs":true,"interaction":{"idSuffix":"I"}},"clearTextFirst":true,"interactionType":"ENTER_TEXT"}]}
COMMAND: POST /session/7a47d135f75b3f9dc9ed0ec43722f433/actions - {"actions":[{"id":"action28","type":"key","parameters":{},"actions":[{"type":"keyDown","value":"î€‡"},{"type":"pause","duration":10},{"type":"keyUp","value":"î€‡"}]}]}
RESULT: {"actions":[{"id":"action28","type":"key","parameters":{},"actions":[{"type":"keyDown","value":"î€‡"},{"type":"pause","duration":10},{"type":"keyUp","value":"î€‡"}]}]}
COMMAND: GET /session/7a47d135f75b3f9dc9ed0ec43722f433/screenshot - {}
RESULT: {}
COMMAND: POST /session/7a47d135f75b3f9dc9ed0ec43722f433/element - {"using":"xpath","value":"//span[contains(text(), \"Demo Yard\")]"}
RESULT: {"using":"xpath","value":"//span[contains(text(), \"Demo Yard\")]"}
COMMAND: POST /session/7a47d135f75b3f9dc9ed0ec43722f433/element/f.EC16CDDA184DC683CEF5B04FDEE8C812.d.05B85886495EC75A1AE2974453FEEC28.e.11799/click - {}
RESULT: {}
COMMAND: GET /session/7a47d135f75b3f9dc9ed0ec43722f433/screenshot - {}
RESULT: {}
COMMAND: POST /session/7a47d135f75b3f9dc9ed0ec43722f433/element - {"using":"xpath","value":"//bdi[contains(text(), \"OK\")]"}
RESULT: {"using":"xpath","value":"//bdi[contains(text(), \"OK\")]"}
COMMAND: POST /session/7a47d135f75b3f9dc9ed0ec43722f433/element/f.EC16CDDA184DC683CEF5B04FDEE8C812.d.05B85886495EC75A1AE2974453FEEC28.e.11800/click - {}
RESULT: {}
COMMAND: GET /session/7a47d135f75b3f9dc9ed0ec43722f433/screenshot - {}
RESULT: {}
RESULT: undefined
COMMAND: POST /session/7a47d135f75b3f9dc9ed0ec43722f433/element - {"using":"xpath","value":"//*[@id=\"application-manageyards-display-component---NewYard--addressEditDetailsCurrency-arrow\"]"}
RESULT: {"using":"xpath","value":"//*[@id=\"application-manageyards-display-component---NewYard--addressEditDetailsCurrency-arrow\"]"}
COMMAND: POST /session/7a47d135f75b3f9dc9ed0ec43722f433/element/f.EC16CDDA184DC683CEF5B04FDEE8C812.d.05B85886495EC75A1AE2974453FEEC28.e.11803/click - {}
RESULT: {}
COMMAND: POST /session/7a47d135f75b3f9dc9ed0ec43722f433/element - {"using":"xpath","value":"//span[contains(text(), \"Euro\")]"}
COMMAND: GET /session/7a47d135f75b3f9dc9ed0ec43722f433/screenshot - {}
RESULT: {"using":"xpath","value":"//span[contains(text(), \"Euro\")]"}
COMMAND: POST /session/7a47d135f75b3f9dc9ed0ec43722f433/element/f.EC16CDDA184DC683CEF5B04FDEE8C812.d.05B85886495EC75A1AE2974453FEEC28.e.11804/click - {}
RESULT: {}
RESULT: {}
RESULT: undefined
COMMAND: POST /session/7a47d135f75b3f9dc9ed0ec43722f433/execute/async - {"script":"<script> [776 bytes]","args":[{"enterText":"Z001","selector":{"controlType":"sap.m.Input","viewName":"etm.portal.ui.manageyards.view.New","viewId":"application-manageyards-display-component---NewYard","bindingPath":{"path":"","propertyPath":"/CONTROLLING_AREA","modelName":"NewYardModel"},"interaction":{"idSuffix":"inner"}},"clearTextFirst":true,"interactionType":"ENTER_TEXT"}]}
COMMAND: GET /session/7a47d135f75b3f9dc9ed0ec43722f433/screenshot - {}
RESULT: {"script":"<script> [776 bytes]","args":[{"enterText":"Z001","selector":{"controlType":"sap.m.Input","viewName":"etm.portal.ui.manageyards.view.New","viewId":"application-manageyards-display-component---NewYard","bindingPath":{"path":"","propertyPath":"/CONTROLLING_AREA","modelName":"NewYardModel"},"interaction":{"idSuffix":"inner"}},"clearTextFirst":true,"interactionType":"ENTER_TEXT"}]}
RESULT: undefined
COMMAND: POST /session/7a47d135f75b3f9dc9ed0ec43722f433/execute/async - {"script":"<script> [776 bytes]","args":[{"enterText":"1000","selector":{"id":"application-manageyards-display-component---NewYard--companyCodeComboBox","interaction":{"idSuffix":"inner"}},"clearTextFirst":true,"interactionType":"ENTER_TEXT"}]}
RESULT: {}
RESULT: {"script":"<script> [776 bytes]","args":[{"enterText":"1000","selector":{"id":"application-manageyards-display-component---NewYard--companyCodeComboBox","interaction":{"idSuffix":"inner"}},"clearTextFirst":true,"interactionType":"ENTER_TEXT"}]}
RESULT: undefined
COMMAND: POST /session/7a47d135f75b3f9dc9ed0ec43722f433/execute/async - {"script":"<script> [776 bytes]","args":[{"enterText":"1001","selector":{"controlType":"sap.m.Input","viewName":"etm.portal.ui.manageyards.view.New","viewId":"application-manageyards-display-component---NewYard","bindingPath":{"path":"","propertyPath":"/PLANT","modelName":"NewYardModel"},"interaction":{"idSuffix":"inner"}},"clearTextFirst":true,"interactionType":"ENTER_TEXT"}]}
RESULT: {"script":"<script> [776 bytes]","args":[{"enterText":"1001","selector":{"controlType":"sap.m.Input","viewName":"etm.portal.ui.manageyards.view.New","viewId":"application-manageyards-display-component---NewYard","bindingPath":{"path":"","propertyPath":"/PLANT","modelName":"NewYardModel"},"interaction":{"idSuffix":"inner"}},"clearTextFirst":true,"interactionType":"ENTER_TEXT"}]}
RESULT: undefined
COMMAND: POST /session/7a47d135f75b3f9dc9ed0ec43722f433/execute/async - {"script":"<script> [776 bytes]","args":[{"enterText":"C002","selector":{"controlType":"sap.m.Input","viewName":"etm.portal.ui.manageyards.view.New","viewId":"application-manageyards-display-component---NewYard","bindingPath":{"path":"","propertyPath":"/SALES_AREA_VKORG","modelName":"NewYardModel"},"interaction":{"idSuffix":"inner"}},"clearTextFirst":true,"interactionType":"ENTER_TEXT"}]}
RESULT: {"script":"<script> [776 bytes]","args":[{"enterText":"C002","selector":{"controlType":"sap.m.Input","viewName":"etm.portal.ui.manageyards.view.New","viewId":"application-manageyards-display-component---NewYard","bindingPath":{"path":"","propertyPath":"/SALES_AREA_VKORG","modelName":"NewYardModel"},"interaction":{"idSuffix":"inner"}},"clearTextFirst":true,"interactionType":"ENTER_TEXT"}]}
RESULT: undefined
COMMAND: POST /session/7a47d135f75b3f9dc9ed0ec43722f433/execute/async - {"script":"<script> [776 bytes]","args":[{"enterText":"C2","selector":{"controlType":"sap.m.Input","viewName":"etm.portal.ui.manageyards.view.New","viewId":"application-manageyards-display-component---NewYard","bindingPath":{"path":"","propertyPath":"/SALES_AREA_VTWEG","modelName":"NewYardModel"},"interaction":{"idSuffix":"inner"}},"clearTextFirst":true,"interactionType":"ENTER_TEXT"}]}
RESULT: {"script":"<script> [776 bytes]","args":[{"enterText":"C2","selector":{"controlType":"sap.m.Input","viewName":"etm.portal.ui.manageyards.view.New","viewId":"application-manageyards-display-component---NewYard","bindingPath":{"path":"","propertyPath":"/SALES_AREA_VTWEG","modelName":"NewYardModel"},"interaction":{"idSuffix":"inner"}},"clearTextFirst":true,"interactionType":"ENTER_TEXT"}]}
RESULT: undefined
COMMAND: POST /session/7a47d135f75b3f9dc9ed0ec43722f433/execute/async - {"script":"<script> [776 bytes]","args":[{"enterText":"C2","selector":{"controlType":"sap.m.Input","viewName":"etm.portal.ui.manageyards.view.New","viewId":"application-manageyards-display-component---NewYard","bindingPath":{"path":"","propertyPath":"/SALES_AREA_SPART","modelName":"NewYardModel"},"interaction":{"idSuffix":"inner"}},"clearTextFirst":true,"interactionType":"ENTER_TEXT"}]}
RESULT: {"script":"<script> [776 bytes]","args":[{"enterText":"C2","selector":{"controlType":"sap.m.Input","viewName":"etm.portal.ui.manageyards.view.New","viewId":"application-manageyards-display-component---NewYard","bindingPath":{"path":"","propertyPath":"/SALES_AREA_SPART","modelName":"NewYardModel"},"interaction":{"idSuffix":"inner"}},"clearTextFirst":true,"interactionType":"ENTER_TEXT"}]}
RESULT: undefined
COMMAND: POST /session/7a47d135f75b3f9dc9ed0ec43722f433/execute/async - {"script":"<script> [776 bytes]","args":[{"enterText":"1710","selector":{"controlType":"sap.m.Input","viewName":"etm.portal.ui.manageyards.view.New","viewId":"application-manageyards-display-component---NewYard","bindingPath":{"path":"","propertyPath":"/SHIP_POINT","modelName":"NewYardModel"},"interaction":{"idSuffix":"inner"}},"clearTextFirst":true,"interactionType":"ENTER_TEXT"}]}
RESULT: {"script":"<script> [776 bytes]","args":[{"enterText":"1710","selector":{"controlType":"sap.m.Input","viewName":"etm.portal.ui.manageyards.view.New","viewId":"application-manageyards-display-component---NewYard","bindingPath":{"path":"","propertyPath":"/SHIP_POINT","modelName":"NewYardModel"},"interaction":{"idSuffix":"inner"}},"clearTextFirst":true,"interactionType":"ENTER_TEXT"}]}
RESULT: undefined
COMMAND: POST /session/7a47d135f75b3f9dc9ed0ec43722f433/execute/async - {"script":"<script> [776 bytes]","args":[{"enterText":"ZL01","selector":{"controlType":"sap.m.Input","viewName":"etm.portal.ui.manageyards.view.New","viewId":"application-manageyards-display-component---NewYard","bindingPath":{"path":"","propertyPath":"/DELIVERY_TYPE","modelName":"NewYardModel"},"interaction":{"idSuffix":"inner"}},"clearTextFirst":true,"interactionType":"ENTER_TEXT"}]}
RESULT: {"script":"<script> [776 bytes]","args":[{"enterText":"ZL01","selector":{"controlType":"sap.m.Input","viewName":"etm.portal.ui.manageyards.view.New","viewId":"application-manageyards-display-component---NewYard","bindingPath":{"path":"","propertyPath":"/DELIVERY_TYPE","modelName":"NewYardModel"},"interaction":{"idSuffix":"inner"}},"clearTextFirst":true,"interactionType":"ENTER_TEXT"}]}
RESULT: undefined
COMMAND: POST /session/7a47d135f75b3f9dc9ed0ec43722f433/execute/async - {"script":"<script> [776 bytes]","args":[{"enterText":"TA","selector":{"controlType":"sap.m.Input","viewName":"etm.portal.ui.manageyards.view.New","viewId":"application-manageyards-display-component---NewYard","bindingPath":{"path":"","propertyPath":"/AUART","modelName":"NewYardModel"},"interaction":{"idSuffix":"inner"}},"clearTextFirst":true,"interactionType":"ENTER_TEXT"}]}
RESULT: {"script":"<script> [776 bytes]","args":[{"enterText":"TA","selector":{"controlType":"sap.m.Input","viewName":"etm.portal.ui.manageyards.view.New","viewId":"application-manageyards-display-component---NewYard","bindingPath":{"path":"","propertyPath":"/AUART","modelName":"NewYardModel"},"interaction":{"idSuffix":"inner"}},"clearTextFirst":true,"interactionType":"ENTER_TEXT"}]}
COMMAND: POST /session/7a47d135f75b3f9dc9ed0ec43722f433/execute/async - {"script":"<script> [1562 bytes]","args":[{"selector":{"id":"application-manageyards-display-component---NewYard--whmCheckBox","interaction":{"idSuffix":"CbBg"}},"wdio_ui5_key":"applicationmanageyards-display-component---NewYard--whmCheckBox"}]}
RESULT: {"script":"<script> [1562 bytes]","args":[{"selector":{"id":"application-manageyards-display-component---NewYard--whmCheckBox","interaction":{"idSuffix":"CbBg"}},"wdio_ui5_key":"applicationmanageyards-display-component---NewYard--whmCheckBox"}]}
RESULT: undefined
COMMAND: POST /session/7a47d135f75b3f9dc9ed0ec43722f433/element - {"using":"xpath","value":"//*[@id=\"application-manageyards-display-component---NewYard--whmCheckBox\"]"}
RESULT: {"using":"xpath","value":"//*[@id=\"application-manageyards-display-component---NewYard--whmCheckBox\"]"}
COMMAND: POST /session/7a47d135f75b3f9dc9ed0ec43722f433/element/f.EC16CDDA184DC683CEF5B04FDEE8C812.d.05B85886495EC75A1AE2974453FEEC28.e.11814/click - {}
RESULT: {}
COMMAND: GET /session/7a47d135f75b3f9dc9ed0ec43722f433/screenshot - {}
RESULT: {}
COMMAND: POST /session/7a47d135f75b3f9dc9ed0ec43722f433/element - {"using":"xpath","value":"//button[@data-kt=\"newYardSaveButton\"]"}
RESULT: {"using":"xpath","value":"//button[@data-kt=\"newYardSaveButton\"]"}
COMMAND: POST /session/7a47d135f75b3f9dc9ed0ec43722f433/element/f.EC16CDDA184DC683CEF5B04FDEE8C812.d.05B85886495EC75A1AE2974453FEEC28.e.11710/click - {}
RESULT: {}
COMMAND: GET /session/7a47d135f75b3f9dc9ed0ec43722f433/screenshot - {}
RESULT: {}
COMMAND: POST /session/7a47d135f75b3f9dc9ed0ec43722f433/element - {"using":"xpath","value":"//header[contains(@id, 'ObjectPageLayout-headerTitle')]/div[1]/div[2]/div[1]/span[1]"}
RESULT: {"using":"xpath","value":"//header[contains(@id, 'ObjectPageLayout-headerTitle')]/div[1]/div[2]/div[1]/span[1]"}
COMMAND: POST /session/7a47d135f75b3f9dc9ed0ec43722f433/elements - {"using":"xpath","value":"//header[contains(@id, 'ObjectPageLayout-headerTitle')]/div[1]/div[2]/div[1]/span[1]"}
RESULT: {"using":"xpath","value":"//header[contains(@id, 'ObjectPageLayout-headerTitle')]/div[1]/div[2]/div[1]/span[1]"}
COMMAND: POST /session/7a47d135f75b3f9dc9ed0ec43722f433/execute/sync - {"script":"<script> [56 bytes]","args":[{"element-6066-11e4-a52e-4f735466cecf":"f.EC16CDDA184DC683CEF5B04FDEE8C812.d.05B85886495EC75A1AE2974453FEEC28.e.12019","ELEMENT":"f.EC16CDDA184DC683CEF5B04FDEE8C812.d.05B85886495EC75A1AE2974453FEEC28.e.12019"}]}
RESULT: {"script":"<script> [56 bytes]","args":[{"element-6066-11e4-a52e-4f735466cecf":"f.EC16CDDA184DC683CEF5B04FDEE8C812.d.05B85886495EC75A1AE2974453FEEC28.e.12019","ELEMENT":"f.EC16CDDA184DC683CEF5B04FDEE8C812.d.05B85886495EC75A1AE2974453FEEC28.e.12019"}]}
COMMAND: GET /session/7a47d135f75b3f9dc9ed0ec43722f433/screenshot - {}
RESULT: {}
COMMAND: POST /session/7a47d135f75b3f9dc9ed0ec43722f433/element - {"using":"css selector","value":"#shell-header-logo"}
RESULT: {"using":"css selector","value":"#shell-header-logo"}
COMMAND: POST /session/7a47d135f75b3f9dc9ed0ec43722f433/element/f.EC16CDDA184DC683CEF5B04FDEE8C812.d.05B85886495EC75A1AE2974453FEEC28.e.11106/click - {}
RESULT: {}
COMMAND: GET /session/7a47d135f75b3f9dc9ed0ec43722f433/screenshot - {}
RESULT: {}
COMMAND: POST /session/7a47d135f75b3f9dc9ed0ec43722f433/execute/sync - {"script":"<script> [299 bytes]","args":[["getModel","getResource"]]}
RESULT: {"script":"<script> [299 bytes]","args":[["getModel","getResource"]]}
]]></system-out>
    </testcase>
    <testcase classname="chrome.136_0_7103_93.windows.Create_partner_US118246" name="Should create new external WHM partner" time="94.351">
      <system-out><![CDATA[
COMMAND: GET /session/7a47d135f75b3f9dc9ed0ec43722f433/screenshot - {}
COMMAND: POST /session/7a47d135f75b3f9dc9ed0ec43722f433/window/fullscreen - {}
RESULT: {}
RESULT: {}
RESULT: undefined
COMMAND: POST /session/7a47d135f75b3f9dc9ed0ec43722f433/element - {"using":"xpath","value":"//*[@id=\"__tile38\"]"}
RESULT: {"using":"xpath","value":"//*[@id=\"__tile38\"]"}
COMMAND: POST /session/7a47d135f75b3f9dc9ed0ec43722f433/element/f.EC16CDDA184DC683CEF5B04FDEE8C812.d.05B85886495EC75A1AE2974453FEEC28.e.9550/click - {}
RESULT: {}
COMMAND: GET /session/7a47d135f75b3f9dc9ed0ec43722f433/screenshot - {}
RESULT: {}
COMMAND: POST /session/7a47d135f75b3f9dc9ed0ec43722f433/elements - {"using":"xpath","value":"//span[text()='Error']"}
RESULT: {"using":"xpath","value":"//span[text()='Error']"}
COMMAND: POST /session/7a47d135f75b3f9dc9ed0ec43722f433/element - {"using":"xpath","value":"//button[@data-kt=\"addButton\"]"}
RESULT: {"using":"xpath","value":"//button[@data-kt=\"addButton\"]"}
COMMAND: POST /session/7a47d135f75b3f9dc9ed0ec43722f433/elements - {"using":"xpath","value":"//button[@data-kt=\"addButton\"]"}
RESULT: {"using":"xpath","value":"//button[@data-kt=\"addButton\"]"}
COMMAND: POST /session/7a47d135f75b3f9dc9ed0ec43722f433/execute/sync - {"script":"<script> [8489 bytes]","args":[{"element-6066-11e4-a52e-4f735466cecf":"f.EC16CDDA184DC683CEF5B04FDEE8C812.d.05B85886495EC75A1AE2974453FEEC28.e.12066","ELEMENT":"f.EC16CDDA184DC683CEF5B04FDEE8C812.d.05B85886495EC75A1AE2974453FEEC28.e.12066"}]}
RESULT: {"script":"<script> [8489 bytes]","args":[{"element-6066-11e4-a52e-4f735466cecf":"f.EC16CDDA184DC683CEF5B04FDEE8C812.d.05B85886495EC75A1AE2974453FEEC28.e.12066","ELEMENT":"f.EC16CDDA184DC683CEF5B04FDEE8C812.d.05B85886495EC75A1AE2974453FEEC28.e.12066"}]}
COMMAND: GET /session/7a47d135f75b3f9dc9ed0ec43722f433/element/f.EC16CDDA184DC683CEF5B04FDEE8C812.d.05B85886495EC75A1AE2974453FEEC28.e.12066/enabled - {}
COMMAND: GET /session/7a47d135f75b3f9dc9ed0ec43722f433/screenshot - {}
RESULT: {}
COMMAND: POST /session/7a47d135f75b3f9dc9ed0ec43722f433/execute/sync - {"script":"<script> [8489 bytes]","args":[{"element-6066-11e4-a52e-4f735466cecf":"f.EC16CDDA184DC683CEF5B04FDEE8C812.d.05B85886495EC75A1AE2974453FEEC28.e.12066","ELEMENT":"f.EC16CDDA184DC683CEF5B04FDEE8C812.d.05B85886495EC75A1AE2974453FEEC28.e.12066"}]}
COMMAND: GET /session/7a47d135f75b3f9dc9ed0ec43722f433/screenshot - {}
RESULT: {}
RESULT: {"script":"<script> [8489 bytes]","args":[{"element-6066-11e4-a52e-4f735466cecf":"f.EC16CDDA184DC683CEF5B04FDEE8C812.d.05B85886495EC75A1AE2974453FEEC28.e.12066","ELEMENT":"f.EC16CDDA184DC683CEF5B04FDEE8C812.d.05B85886495EC75A1AE2974453FEEC28.e.12066"}]}
COMMAND: POST /session/7a47d135f75b3f9dc9ed0ec43722f433/execute/sync - {"script":"<script> [5351 bytes]","args":[{"element-6066-11e4-a52e-4f735466cecf":"f.EC16CDDA184DC683CEF5B04FDEE8C812.d.05B85886495EC75A1AE2974453FEEC28.e.12066","ELEMENT":"f.EC16CDDA184DC683CEF5B04FDEE8C812.d.05B85886495EC75A1AE2974453FEEC28.e.12066"}]}
COMMAND: GET /session/7a47d135f75b3f9dc9ed0ec43722f433/screenshot - {}
RESULT: {}
RESULT: {"script":"<script> [5351 bytes]","args":[{"element-6066-11e4-a52e-4f735466cecf":"f.EC16CDDA184DC683CEF5B04FDEE8C812.d.05B85886495EC75A1AE2974453FEEC28.e.12066","ELEMENT":"f.EC16CDDA184DC683CEF5B04FDEE8C812.d.05B85886495EC75A1AE2974453FEEC28.e.12066"}]}
COMMAND: POST /session/7a47d135f75b3f9dc9ed0ec43722f433/element/f.EC16CDDA184DC683CEF5B04FDEE8C812.d.05B85886495EC75A1AE2974453FEEC28.e.12066/click - {}
COMMAND: GET /session/7a47d135f75b3f9dc9ed0ec43722f433/screenshot - {}
RESULT: {}
RESULT: {}
COMMAND: GET /session/7a47d135f75b3f9dc9ed0ec43722f433/screenshot - {}
RESULT: {}
RESULT: undefined
COMMAND: POST /session/7a47d135f75b3f9dc9ed0ec43722f433/execute/async - {"script":"<script> [776 bytes]","args":[{"enterText":"External Partner WDIO","selector":{"id":"application-managepartners-display-component---NewPartner--addressDetailDetailsName1","interaction":{"idSuffix":"inner"}},"clearTextFirst":true,"interactionType":"ENTER_TEXT"}]}
RESULT: {}
RESULT: {"script":"<script> [776 bytes]","args":[{"enterText":"External Partner WDIO","selector":{"id":"application-managepartners-display-component---NewPartner--addressDetailDetailsName1","interaction":{"idSuffix":"inner"}},"clearTextFirst":true,"interactionType":"ENTER_TEXT"}]}
RESULT: undefined
COMMAND: POST /session/7a47d135f75b3f9dc9ed0ec43722f433/element - {"using":"xpath","value":"//*[@id=\"application-managepartners-display-component---NewPartner--addressDetailDetailsLanguage-arrow\"]"}
RESULT: {"using":"xpath","value":"//*[@id=\"application-managepartners-display-component---NewPartner--addressDetailDetailsLanguage-arrow\"]"}
COMMAND: POST /session/7a47d135f75b3f9dc9ed0ec43722f433/element/f.EC16CDDA184DC683CEF5B04FDEE8C812.d.05B85886495EC75A1AE2974453FEEC28.e.12509/click - {}
RESULT: {}
COMMAND: POST /session/7a47d135f75b3f9dc9ed0ec43722f433/element - {"using":"xpath","value":"//span[contains(text(), \"English\")]"}
COMMAND: GET /session/7a47d135f75b3f9dc9ed0ec43722f433/screenshot - {}
RESULT: {"using":"xpath","value":"//span[contains(text(), \"English\")]"}
COMMAND: POST /session/7a47d135f75b3f9dc9ed0ec43722f433/element/f.EC16CDDA184DC683CEF5B04FDEE8C812.d.05B85886495EC75A1AE2974453FEEC28.e.12510/click - {}
RESULT: {}
RESULT: {}
COMMAND: GET /session/7a47d135f75b3f9dc9ed0ec43722f433/screenshot - {}
RESULT: {}
RESULT: undefined
COMMAND: POST /session/7a47d135f75b3f9dc9ed0ec43722f433/execute/async - {"script":"<script> [776 bytes]","args":[{"enterText":"Rosario","selector":{"id":"application-managepartners-display-component---NewPartner--addressDetailDetailsCity1","interaction":{"idSuffix":"inner"}},"clearTextFirst":true,"interactionType":"ENTER_TEXT"}]}
RESULT: {"script":"<script> [776 bytes]","args":[{"enterText":"Rosario","selector":{"id":"application-managepartners-display-component---NewPartner--addressDetailDetailsCity1","interaction":{"idSuffix":"inner"}},"clearTextFirst":true,"interactionType":"ENTER_TEXT"}]}
RESULT: undefined
COMMAND: POST /session/7a47d135f75b3f9dc9ed0ec43722f433/element - {"using":"xpath","value":"//*[@id=\"application-managepartners-display-component---NewPartner--addressDetailDetailsCountry-arrow\"]"}
RESULT: {"using":"xpath","value":"//*[@id=\"application-managepartners-display-component---NewPartner--addressDetailDetailsCountry-arrow\"]"}
COMMAND: POST /session/7a47d135f75b3f9dc9ed0ec43722f433/element/f.EC16CDDA184DC683CEF5B04FDEE8C812.d.05B85886495EC75A1AE2974453FEEC28.e.12478/click - {}
RESULT: {}
COMMAND: POST /session/7a47d135f75b3f9dc9ed0ec43722f433/element - {"using":"xpath","value":"//span[contains(text(), \"Argentina\")]"}
COMMAND: GET /session/7a47d135f75b3f9dc9ed0ec43722f433/screenshot - {}
RESULT: {"using":"xpath","value":"//span[contains(text(), \"Argentina\")]"}
COMMAND: POST /session/7a47d135f75b3f9dc9ed0ec43722f433/element/f.EC16CDDA184DC683CEF5B04FDEE8C812.d.05B85886495EC75A1AE2974453FEEC28.e.12511/click - {}
RESULT: {}
RESULT: {}
COMMAND: GET /session/7a47d135f75b3f9dc9ed0ec43722f433/screenshot - {}
RESULT: {}
COMMAND: POST /session/7a47d135f75b3f9dc9ed0ec43722f433/element - {"using":"xpath","value":"//bdi[contains(text(), \"Commercial\")]"}
RESULT: {"using":"xpath","value":"//bdi[contains(text(), \"Commercial\")]"}
COMMAND: POST /session/7a47d135f75b3f9dc9ed0ec43722f433/element/f.EC16CDDA184DC683CEF5B04FDEE8C812.d.05B85886495EC75A1AE2974453FEEC28.e.12512/click - {}
RESULT: {}
COMMAND: GET /session/7a47d135f75b3f9dc9ed0ec43722f433/screenshot - {}
RESULT: {}
RESULT: undefined
COMMAND: POST /session/7a47d135f75b3f9dc9ed0ec43722f433/element - {"using":"xpath","value":"//*[@id=\"application-managepartners-display-component---NewPartner--partnerDetailInternal-arrow\"]"}
RESULT: {"using":"xpath","value":"//*[@id=\"application-managepartners-display-component---NewPartner--partnerDetailInternal-arrow\"]"}
COMMAND: POST /session/7a47d135f75b3f9dc9ed0ec43722f433/element/f.EC16CDDA184DC683CEF5B04FDEE8C812.d.05B85886495EC75A1AE2974453FEEC28.e.12518/click - {}
RESULT: {}
COMMAND: POST /session/7a47d135f75b3f9dc9ed0ec43722f433/element - {"using":"xpath","value":"//span[contains(text(), \"External partner\")]"}
COMMAND: GET /session/7a47d135f75b3f9dc9ed0ec43722f433/screenshot - {}
RESULT: {"using":"xpath","value":"//span[contains(text(), \"External partner\")]"}
COMMAND: POST /session/7a47d135f75b3f9dc9ed0ec43722f433/element/f.EC16CDDA184DC683CEF5B04FDEE8C812.d.05B85886495EC75A1AE2974453FEEC28.e.12519/click - {}
RESULT: {}
RESULT: {}
RESULT: undefined
COMMAND: POST /session/7a47d135f75b3f9dc9ed0ec43722f433/element - {"using":"xpath","value":"//*[@id=\"application-managepartners-display-component---NewPartner--partnerDetailsCurrency-arrow\"]"}
COMMAND: GET /session/7a47d135f75b3f9dc9ed0ec43722f433/screenshot - {}
RESULT: {"using":"xpath","value":"//*[@id=\"application-managepartners-display-component---NewPartner--partnerDetailsCurrency-arrow\"]"}
COMMAND: POST /session/7a47d135f75b3f9dc9ed0ec43722f433/element/f.EC16CDDA184DC683CEF5B04FDEE8C812.d.05B85886495EC75A1AE2974453FEEC28.e.12524/click - {}
RESULT: {}
RESULT: {}
COMMAND: POST /session/7a47d135f75b3f9dc9ed0ec43722f433/element - {"using":"xpath","value":"//span[contains(text(), \"US Dollar\")]"}
COMMAND: GET /session/7a47d135f75b3f9dc9ed0ec43722f433/screenshot - {}
RESULT: {"using":"xpath","value":"//span[contains(text(), \"US Dollar\")]"}
COMMAND: POST /session/7a47d135f75b3f9dc9ed0ec43722f433/element/f.EC16CDDA184DC683CEF5B04FDEE8C812.d.05B85886495EC75A1AE2974453FEEC28.e.12525/click - {}
RESULT: {}
RESULT: {}
COMMAND: GET /session/7a47d135f75b3f9dc9ed0ec43722f433/screenshot - {}
RESULT: {}
COMMAND: POST /session/7a47d135f75b3f9dc9ed0ec43722f433/element - {"using":"xpath","value":"//input[@id=\"application-managepartners-display-component---NewPartner--companyCodeComboBox-inner\"]"}
RESULT: {"using":"xpath","value":"//input[@id=\"application-managepartners-display-component---NewPartner--companyCodeComboBox-inner\"]"}
COMMAND: POST /session/7a47d135f75b3f9dc9ed0ec43722f433/element/f.EC16CDDA184DC683CEF5B04FDEE8C812.d.05B85886495EC75A1AE2974453FEEC28.e.12376/clear - {}
RESULT: {}
COMMAND: POST /session/7a47d135f75b3f9dc9ed0ec43722f433/element/f.EC16CDDA184DC683CEF5B04FDEE8C812.d.05B85886495EC75A1AE2974453FEEC28.e.12376/value - {"text":"C002"}
COMMAND: GET /session/7a47d135f75b3f9dc9ed0ec43722f433/screenshot - {}
RESULT: {"text":"C002"}
COMMAND: GET /session/7a47d135f75b3f9dc9ed0ec43722f433/screenshot - {}
RESULT: {}
RESULT: {}
COMMAND: POST /session/7a47d135f75b3f9dc9ed0ec43722f433/element - {"using":"xpath","value":"//li[.//span[text()= \"C002\"]]"}
RESULT: {"using":"xpath","value":"//li[.//span[text()= \"C002\"]]"}
COMMAND: POST /session/7a47d135f75b3f9dc9ed0ec43722f433/element/f.EC16CDDA184DC683CEF5B04FDEE8C812.d.05B85886495EC75A1AE2974453FEEC28.e.12529/click - {}
RESULT: {}
COMMAND: GET /session/7a47d135f75b3f9dc9ed0ec43722f433/screenshot - {}
RESULT: {}
RESULT: undefined
COMMAND: POST /session/7a47d135f75b3f9dc9ed0ec43722f433/element - {"using":"xpath","value":"//*[@id=\"application-managepartners-display-component---NewPartner--btnAddTableRow-img\"]"}
RESULT: {"using":"xpath","value":"//*[@id=\"application-managepartners-display-component---NewPartner--btnAddTableRow-img\"]"}
COMMAND: POST /session/7a47d135f75b3f9dc9ed0ec43722f433/element/f.EC16CDDA184DC683CEF5B04FDEE8C812.d.05B85886495EC75A1AE2974453FEEC28.e.12530/click - {}
RESULT: {}
COMMAND: GET /session/7a47d135f75b3f9dc9ed0ec43722f433/screenshot - {}
RESULT: {}
COMMAND: POST /session/7a47d135f75b3f9dc9ed0ec43722f433/element - {"using":"xpath","value":"//input[@id=\"application-managepartners-display-component---NewPartner--assignmentYard-application-managepartners-display-component---NewPartner--assignmentsTable-0-inner\"]"}
RESULT: {"using":"xpath","value":"//input[@id=\"application-managepartners-display-component---NewPartner--assignmentYard-application-managepartners-display-component---NewPartner--assignmentsTable-0-inner\"]"}
COMMAND: POST /session/7a47d135f75b3f9dc9ed0ec43722f433/element/f.EC16CDDA184DC683CEF5B04FDEE8C812.d.05B85886495EC75A1AE2974453FEEC28.e.12533/clear - {}
RESULT: {}
COMMAND: POST /session/7a47d135f75b3f9dc9ed0ec43722f433/element/f.EC16CDDA184DC683CEF5B04FDEE8C812.d.05B85886495EC75A1AE2974453FEEC28.e.12533/value - {"text":"606"}
COMMAND: GET /session/7a47d135f75b3f9dc9ed0ec43722f433/screenshot - {}
RESULT: {"text":"606"}
COMMAND: GET /session/7a47d135f75b3f9dc9ed0ec43722f433/screenshot - {}
RESULT: {}
RESULT: {}
COMMAND: POST /session/7a47d135f75b3f9dc9ed0ec43722f433/element - {"using":"xpath","value":"//li[.//span[text()='606']]"}
RESULT: {"using":"xpath","value":"//li[.//span[text()='606']]"}
COMMAND: POST /session/7a47d135f75b3f9dc9ed0ec43722f433/element/f.EC16CDDA184DC683CEF5B04FDEE8C812.d.05B85886495EC75A1AE2974453FEEC28.e.12541/click - {}
RESULT: {}
COMMAND: GET /session/7a47d135f75b3f9dc9ed0ec43722f433/screenshot - {}
RESULT: {}
COMMAND: POST /session/7a47d135f75b3f9dc9ed0ec43722f433/actions - {"actions":[{"id":"action29","type":"key","parameters":{},"actions":[{"type":"keyDown","value":"î€‡"},{"type":"pause","duration":10},{"type":"keyUp","value":"î€‡"}]}]}
RESULT: {"actions":[{"id":"action29","type":"key","parameters":{},"actions":[{"type":"keyDown","value":"î€‡"},{"type":"pause","duration":10},{"type":"keyUp","value":"î€‡"}]}]}
COMMAND: POST /session/7a47d135f75b3f9dc9ed0ec43722f433/element - {"using":"xpath","value":"//td[contains(@id, \"assignmentsTable-0-cell2\")]/div/div"}
COMMAND: GET /session/7a47d135f75b3f9dc9ed0ec43722f433/screenshot - {}
RESULT: {"using":"xpath","value":"//td[contains(@id, \"assignmentsTable-0-cell2\")]/div/div"}
COMMAND: POST /session/7a47d135f75b3f9dc9ed0ec43722f433/element/f.EC16CDDA184DC683CEF5B04FDEE8C812.d.05B85886495EC75A1AE2974453FEEC28.e.12544/click - {}
RESULT: {}
RESULT: {}
COMMAND: GET /session/7a47d135f75b3f9dc9ed0ec43722f433/screenshot - {}
RESULT: {}
COMMAND: POST /session/7a47d135f75b3f9dc9ed0ec43722f433/element - {"using":"xpath","value":"//button[@data-kt=\"saveButton\"]"}
RESULT: {"using":"xpath","value":"//button[@data-kt=\"saveButton\"]"}
COMMAND: POST /session/7a47d135f75b3f9dc9ed0ec43722f433/element/f.EC16CDDA184DC683CEF5B04FDEE8C812.d.05B85886495EC75A1AE2974453FEEC28.e.12445/click - {}
RESULT: {}
COMMAND: GET /session/7a47d135f75b3f9dc9ed0ec43722f433/screenshot - {}
RESULT: {}
COMMAND: POST /session/7a47d135f75b3f9dc9ed0ec43722f433/element - {"using":"xpath","value":"//header[contains(@id, 'ObjectPageLayout-headerTitle')]/div[1]/div[2]/div[2]/span[1]"}
RESULT: {"using":"xpath","value":"//header[contains(@id, 'ObjectPageLayout-headerTitle')]/div[1]/div[2]/div[2]/span[1]"}
COMMAND: POST /session/7a47d135f75b3f9dc9ed0ec43722f433/elements - {"using":"xpath","value":"//header[contains(@id, 'ObjectPageLayout-headerTitle')]/div[1]/div[2]/div[2]/span[1]"}
RESULT: {"using":"xpath","value":"//header[contains(@id, 'ObjectPageLayout-headerTitle')]/div[1]/div[2]/div[2]/span[1]"}
COMMAND: POST /session/7a47d135f75b3f9dc9ed0ec43722f433/execute/sync - {"script":"<script> [56 bytes]","args":[{"element-6066-11e4-a52e-4f735466cecf":"f.EC16CDDA184DC683CEF5B04FDEE8C812.d.05B85886495EC75A1AE2974453FEEC28.e.12706","ELEMENT":"f.EC16CDDA184DC683CEF5B04FDEE8C812.d.05B85886495EC75A1AE2974453FEEC28.e.12706"}]}
RESULT: {"script":"<script> [56 bytes]","args":[{"element-6066-11e4-a52e-4f735466cecf":"f.EC16CDDA184DC683CEF5B04FDEE8C812.d.05B85886495EC75A1AE2974453FEEC28.e.12706","ELEMENT":"f.EC16CDDA184DC683CEF5B04FDEE8C812.d.05B85886495EC75A1AE2974453FEEC28.e.12706"}]}
COMMAND: POST /session/7a47d135f75b3f9dc9ed0ec43722f433/element - {"using":"css selector","value":"#shell-header-logo"}
COMMAND: GET /session/7a47d135f75b3f9dc9ed0ec43722f433/screenshot - {}
RESULT: {"using":"css selector","value":"#shell-header-logo"}
COMMAND: POST /session/7a47d135f75b3f9dc9ed0ec43722f433/element/f.EC16CDDA184DC683CEF5B04FDEE8C812.d.05B85886495EC75A1AE2974453FEEC28.e.12022/click - {}
RESULT: {}
RESULT: {}
COMMAND: GET /session/7a47d135f75b3f9dc9ed0ec43722f433/screenshot - {}
RESULT: {}
COMMAND: POST /session/7a47d135f75b3f9dc9ed0ec43722f433/execute/sync - {"script":"<script> [299 bytes]","args":[["getModel","getResource"]]}
RESULT: {"script":"<script> [299 bytes]","args":[["getModel","getResource"]]}
COMMAND: GET /session/7a47d135f75b3f9dc9ed0ec43722f433/screenshot - {}
RESULT: {}
COMMAND: DELETE /session/7a47d135f75b3f9dc9ed0ec43722f433 - {}
RESULT: {}
]]></system-out>
    </testcase>
  </testsuite>
</testsuites>