<?xml version="1.0" encoding="UTF-8"?>
<testsuites tests="58" failures="4" errors="4" skipped="0">
  <testsuite timestamp="2025-05-02T17:08:52" time="1124.323" tests="11" failures="0" errors="0" skipped="0">
    <properties>
      <property name="specId" value="0" />
      <property name="suiteName" value="Billing confirm US117289" />
      <property name="capabilities" value="chrome.135_0_7049_96.windows" />
      <property name="file" value="file:///D:/a/1/s/test/specs/BTS/billing-confirm.spec.js" />
    </properties>
    <testcase classname="chrome.135_0_7049_96.windows.Billing_confirm_US117289" name="Should create a new yard" time="131.124">
      <system-out><![CDATA[
COMMAND: POST /session/638b8c348501295d6d2539f1a905cf1c/window/fullscreen - {}
RESULT: {}
COMMAND: POST /session/638b8c348501295d6d2539f1a905cf1c/execute/async - {"script":"<script> [1562 bytes]","args":[{"selector":{"controlType":"sap.m.GenericTile","properties":{"header":"Manage Yards"}},"wdio_ui5_key":"sapm.GenericTile{\"header\":\"Manage Yards\"}"}]}
RESULT: {"script":"<script> [1562 bytes]","args":[{"selector":{"controlType":"sap.m.GenericTile","properties":{"header":"Manage Yards"}},"wdio_ui5_key":"sapm.GenericTile{\"header\":\"Manage Yards\"}"}]}
RESULT: undefined
COMMAND: POST /session/638b8c348501295d6d2539f1a905cf1c/element - {"using":"xpath","value":"//*[@id=\"__tile41\"]"}
RESULT: {"using":"xpath","value":"//*[@id=\"__tile41\"]"}
COMMAND: POST /session/638b8c348501295d6d2539f1a905cf1c/element/f.AA659E0CE08D0C76D21A3A5289A8AF5F.d.7E266885A0E89EDDD1EBB09866A34235.e.159/click - {}
RESULT: {}
COMMAND: POST /session/638b8c348501295d6d2539f1a905cf1c/element - {"using":"xpath","value":"//button[@data-kt=\"addNewYardOverflowToolbarButton\"]"}
COMMAND: GET /session/638b8c348501295d6d2539f1a905cf1c/screenshot - {}
RESULT: {"using":"xpath","value":"//button[@data-kt=\"addNewYardOverflowToolbarButton\"]"}
COMMAND: POST /session/638b8c348501295d6d2539f1a905cf1c/elements - {"using":"xpath","value":"//button[@data-kt=\"addNewYardOverflowToolbarButton\"]"}
RESULT: {}
RESULT: {"using":"xpath","value":"//button[@data-kt=\"addNewYardOverflowToolbarButton\"]"}
COMMAND: POST /session/638b8c348501295d6d2539f1a905cf1c/elements - {"using":"xpath","value":"//button[@data-kt=\"addNewYardOverflowToolbarButton\"]"}
RESULT: {"using":"xpath","value":"//button[@data-kt=\"addNewYardOverflowToolbarButton\"]"}
COMMAND: POST /session/638b8c348501295d6d2539f1a905cf1c/elements - {"using":"xpath","value":"//button[@data-kt=\"addNewYardOverflowToolbarButton\"]"}
RESULT: {"using":"xpath","value":"//button[@data-kt=\"addNewYardOverflowToolbarButton\"]"}
COMMAND: POST /session/638b8c348501295d6d2539f1a905cf1c/elements - {"using":"xpath","value":"//button[@data-kt=\"addNewYardOverflowToolbarButton\"]"}
RESULT: {"using":"xpath","value":"//button[@data-kt=\"addNewYardOverflowToolbarButton\"]"}
COMMAND: POST /session/638b8c348501295d6d2539f1a905cf1c/elements - {"using":"xpath","value":"//button[@data-kt=\"addNewYardOverflowToolbarButton\"]"}
RESULT: {"using":"xpath","value":"//button[@data-kt=\"addNewYardOverflowToolbarButton\"]"}
COMMAND: POST /session/638b8c348501295d6d2539f1a905cf1c/elements - {"using":"xpath","value":"//button[@data-kt=\"addNewYardOverflowToolbarButton\"]"}
RESULT: {"using":"xpath","value":"//button[@data-kt=\"addNewYardOverflowToolbarButton\"]"}
COMMAND: POST /session/638b8c348501295d6d2539f1a905cf1c/elements - {"using":"xpath","value":"//button[@data-kt=\"addNewYardOverflowToolbarButton\"]"}
RESULT: {"using":"xpath","value":"//button[@data-kt=\"addNewYardOverflowToolbarButton\"]"}
COMMAND: POST /session/638b8c348501295d6d2539f1a905cf1c/elements - {"using":"xpath","value":"//button[@data-kt=\"addNewYardOverflowToolbarButton\"]"}
RESULT: {"using":"xpath","value":"//button[@data-kt=\"addNewYardOverflowToolbarButton\"]"}
COMMAND: POST /session/638b8c348501295d6d2539f1a905cf1c/elements - {"using":"xpath","value":"//button[@data-kt=\"addNewYardOverflowToolbarButton\"]"}
RESULT: {"using":"xpath","value":"//button[@data-kt=\"addNewYardOverflowToolbarButton\"]"}
COMMAND: POST /session/638b8c348501295d6d2539f1a905cf1c/elements - {"using":"xpath","value":"//button[@data-kt=\"addNewYardOverflowToolbarButton\"]"}
RESULT: {"using":"xpath","value":"//button[@data-kt=\"addNewYardOverflowToolbarButton\"]"}
COMMAND: POST /session/638b8c348501295d6d2539f1a905cf1c/elements - {"using":"xpath","value":"//button[@data-kt=\"addNewYardOverflowToolbarButton\"]"}
RESULT: {"using":"xpath","value":"//button[@data-kt=\"addNewYardOverflowToolbarButton\"]"}
COMMAND: POST /session/638b8c348501295d6d2539f1a905cf1c/elements - {"using":"xpath","value":"//button[@data-kt=\"addNewYardOverflowToolbarButton\"]"}
RESULT: {"using":"xpath","value":"//button[@data-kt=\"addNewYardOverflowToolbarButton\"]"}
COMMAND: POST /session/638b8c348501295d6d2539f1a905cf1c/elements - {"using":"xpath","value":"//button[@data-kt=\"addNewYardOverflowToolbarButton\"]"}
RESULT: {"using":"xpath","value":"//button[@data-kt=\"addNewYardOverflowToolbarButton\"]"}
COMMAND: POST /session/638b8c348501295d6d2539f1a905cf1c/elements - {"using":"xpath","value":"//button[@data-kt=\"addNewYardOverflowToolbarButton\"]"}
RESULT: {"using":"xpath","value":"//button[@data-kt=\"addNewYardOverflowToolbarButton\"]"}
COMMAND: POST /session/638b8c348501295d6d2539f1a905cf1c/elements - {"using":"xpath","value":"//button[@data-kt=\"addNewYardOverflowToolbarButton\"]"}
RESULT: {"using":"xpath","value":"//button[@data-kt=\"addNewYardOverflowToolbarButton\"]"}
COMMAND: POST /session/638b8c348501295d6d2539f1a905cf1c/elements - {"using":"xpath","value":"//button[@data-kt=\"addNewYardOverflowToolbarButton\"]"}
RESULT: {"using":"xpath","value":"//button[@data-kt=\"addNewYardOverflowToolbarButton\"]"}
COMMAND: POST /session/638b8c348501295d6d2539f1a905cf1c/elements - {"using":"xpath","value":"//button[@data-kt=\"addNewYardOverflowToolbarButton\"]"}
RESULT: {"using":"xpath","value":"//button[@data-kt=\"addNewYardOverflowToolbarButton\"]"}
COMMAND: POST /session/638b8c348501295d6d2539f1a905cf1c/elements - {"using":"xpath","value":"//button[@data-kt=\"addNewYardOverflowToolbarButton\"]"}
RESULT: {"using":"xpath","value":"//button[@data-kt=\"addNewYardOverflowToolbarButton\"]"}
COMMAND: POST /session/638b8c348501295d6d2539f1a905cf1c/elements - {"using":"xpath","value":"//button[@data-kt=\"addNewYardOverflowToolbarButton\"]"}
RESULT: {"using":"xpath","value":"//button[@data-kt=\"addNewYardOverflowToolbarButton\"]"}
COMMAND: POST /session/638b8c348501295d6d2539f1a905cf1c/elements - {"using":"xpath","value":"//button[@data-kt=\"addNewYardOverflowToolbarButton\"]"}
RESULT: {"using":"xpath","value":"//button[@data-kt=\"addNewYardOverflowToolbarButton\"]"}
COMMAND: POST /session/638b8c348501295d6d2539f1a905cf1c/elements - {"using":"xpath","value":"//button[@data-kt=\"addNewYardOverflowToolbarButton\"]"}
RESULT: {"using":"xpath","value":"//button[@data-kt=\"addNewYardOverflowToolbarButton\"]"}
COMMAND: POST /session/638b8c348501295d6d2539f1a905cf1c/elements - {"using":"xpath","value":"//button[@data-kt=\"addNewYardOverflowToolbarButton\"]"}
RESULT: {"using":"xpath","value":"//button[@data-kt=\"addNewYardOverflowToolbarButton\"]"}
COMMAND: POST /session/638b8c348501295d6d2539f1a905cf1c/elements - {"using":"xpath","value":"//button[@data-kt=\"addNewYardOverflowToolbarButton\"]"}
RESULT: {"using":"xpath","value":"//button[@data-kt=\"addNewYardOverflowToolbarButton\"]"}
COMMAND: POST /session/638b8c348501295d6d2539f1a905cf1c/elements - {"using":"xpath","value":"//button[@data-kt=\"addNewYardOverflowToolbarButton\"]"}
RESULT: {"using":"xpath","value":"//button[@data-kt=\"addNewYardOverflowToolbarButton\"]"}
COMMAND: POST /session/638b8c348501295d6d2539f1a905cf1c/elements - {"using":"xpath","value":"//button[@data-kt=\"addNewYardOverflowToolbarButton\"]"}
RESULT: {"using":"xpath","value":"//button[@data-kt=\"addNewYardOverflowToolbarButton\"]"}
COMMAND: POST /session/638b8c348501295d6d2539f1a905cf1c/elements - {"using":"xpath","value":"//button[@data-kt=\"addNewYardOverflowToolbarButton\"]"}
RESULT: {"using":"xpath","value":"//button[@data-kt=\"addNewYardOverflowToolbarButton\"]"}
COMMAND: POST /session/638b8c348501295d6d2539f1a905cf1c/elements - {"using":"xpath","value":"//button[@data-kt=\"addNewYardOverflowToolbarButton\"]"}
RESULT: {"using":"xpath","value":"//button[@data-kt=\"addNewYardOverflowToolbarButton\"]"}
COMMAND: POST /session/638b8c348501295d6d2539f1a905cf1c/elements - {"using":"xpath","value":"//button[@data-kt=\"addNewYardOverflowToolbarButton\"]"}
RESULT: {"using":"xpath","value":"//button[@data-kt=\"addNewYardOverflowToolbarButton\"]"}
COMMAND: POST /session/638b8c348501295d6d2539f1a905cf1c/elements - {"using":"xpath","value":"//button[@data-kt=\"addNewYardOverflowToolbarButton\"]"}
RESULT: {"using":"xpath","value":"//button[@data-kt=\"addNewYardOverflowToolbarButton\"]"}
COMMAND: POST /session/638b8c348501295d6d2539f1a905cf1c/elements - {"using":"xpath","value":"//button[@data-kt=\"addNewYardOverflowToolbarButton\"]"}
RESULT: {"using":"xpath","value":"//button[@data-kt=\"addNewYardOverflowToolbarButton\"]"}
COMMAND: POST /session/638b8c348501295d6d2539f1a905cf1c/elements - {"using":"xpath","value":"//button[@data-kt=\"addNewYardOverflowToolbarButton\"]"}
RESULT: {"using":"xpath","value":"//button[@data-kt=\"addNewYardOverflowToolbarButton\"]"}
COMMAND: POST /session/638b8c348501295d6d2539f1a905cf1c/elements - {"using":"xpath","value":"//button[@data-kt=\"addNewYardOverflowToolbarButton\"]"}
RESULT: {"using":"xpath","value":"//button[@data-kt=\"addNewYardOverflowToolbarButton\"]"}
COMMAND: POST /session/638b8c348501295d6d2539f1a905cf1c/elements - {"using":"xpath","value":"//button[@data-kt=\"addNewYardOverflowToolbarButton\"]"}
RESULT: {"using":"xpath","value":"//button[@data-kt=\"addNewYardOverflowToolbarButton\"]"}
COMMAND: POST /session/638b8c348501295d6d2539f1a905cf1c/elements - {"using":"xpath","value":"//button[@data-kt=\"addNewYardOverflowToolbarButton\"]"}
RESULT: {"using":"xpath","value":"//button[@data-kt=\"addNewYardOverflowToolbarButton\"]"}
COMMAND: POST /session/638b8c348501295d6d2539f1a905cf1c/elements - {"using":"xpath","value":"//button[@data-kt=\"addNewYardOverflowToolbarButton\"]"}
RESULT: {"using":"xpath","value":"//button[@data-kt=\"addNewYardOverflowToolbarButton\"]"}
COMMAND: POST /session/638b8c348501295d6d2539f1a905cf1c/elements - {"using":"xpath","value":"//button[@data-kt=\"addNewYardOverflowToolbarButton\"]"}
RESULT: {"using":"xpath","value":"//button[@data-kt=\"addNewYardOverflowToolbarButton\"]"}
COMMAND: POST /session/638b8c348501295d6d2539f1a905cf1c/elements - {"using":"xpath","value":"//button[@data-kt=\"addNewYardOverflowToolbarButton\"]"}
RESULT: {"using":"xpath","value":"//button[@data-kt=\"addNewYardOverflowToolbarButton\"]"}
COMMAND: POST /session/638b8c348501295d6d2539f1a905cf1c/elements - {"using":"xpath","value":"//button[@data-kt=\"addNewYardOverflowToolbarButton\"]"}
RESULT: {"using":"xpath","value":"//button[@data-kt=\"addNewYardOverflowToolbarButton\"]"}
COMMAND: POST /session/638b8c348501295d6d2539f1a905cf1c/elements - {"using":"xpath","value":"//button[@data-kt=\"addNewYardOverflowToolbarButton\"]"}
RESULT: {"using":"xpath","value":"//button[@data-kt=\"addNewYardOverflowToolbarButton\"]"}
COMMAND: POST /session/638b8c348501295d6d2539f1a905cf1c/elements - {"using":"xpath","value":"//button[@data-kt=\"addNewYardOverflowToolbarButton\"]"}
RESULT: {"using":"xpath","value":"//button[@data-kt=\"addNewYardOverflowToolbarButton\"]"}
COMMAND: POST /session/638b8c348501295d6d2539f1a905cf1c/elements - {"using":"xpath","value":"//button[@data-kt=\"addNewYardOverflowToolbarButton\"]"}
RESULT: {"using":"xpath","value":"//button[@data-kt=\"addNewYardOverflowToolbarButton\"]"}
COMMAND: POST /session/638b8c348501295d6d2539f1a905cf1c/elements - {"using":"xpath","value":"//button[@data-kt=\"addNewYardOverflowToolbarButton\"]"}
RESULT: {"using":"xpath","value":"//button[@data-kt=\"addNewYardOverflowToolbarButton\"]"}
COMMAND: POST /session/638b8c348501295d6d2539f1a905cf1c/elements - {"using":"xpath","value":"//button[@data-kt=\"addNewYardOverflowToolbarButton\"]"}
RESULT: {"using":"xpath","value":"//button[@data-kt=\"addNewYardOverflowToolbarButton\"]"}
COMMAND: POST /session/638b8c348501295d6d2539f1a905cf1c/elements - {"using":"xpath","value":"//button[@data-kt=\"addNewYardOverflowToolbarButton\"]"}
RESULT: {"using":"xpath","value":"//button[@data-kt=\"addNewYardOverflowToolbarButton\"]"}
COMMAND: POST /session/638b8c348501295d6d2539f1a905cf1c/elements - {"using":"xpath","value":"//button[@data-kt=\"addNewYardOverflowToolbarButton\"]"}
RESULT: {"using":"xpath","value":"//button[@data-kt=\"addNewYardOverflowToolbarButton\"]"}
COMMAND: POST /session/638b8c348501295d6d2539f1a905cf1c/elements - {"using":"xpath","value":"//button[@data-kt=\"addNewYardOverflowToolbarButton\"]"}
RESULT: {"using":"xpath","value":"//button[@data-kt=\"addNewYardOverflowToolbarButton\"]"}
COMMAND: POST /session/638b8c348501295d6d2539f1a905cf1c/elements - {"using":"xpath","value":"//button[@data-kt=\"addNewYardOverflowToolbarButton\"]"}
RESULT: {"using":"xpath","value":"//button[@data-kt=\"addNewYardOverflowToolbarButton\"]"}
COMMAND: POST /session/638b8c348501295d6d2539f1a905cf1c/elements - {"using":"xpath","value":"//button[@data-kt=\"addNewYardOverflowToolbarButton\"]"}
RESULT: {"using":"xpath","value":"//button[@data-kt=\"addNewYardOverflowToolbarButton\"]"}
COMMAND: POST /session/638b8c348501295d6d2539f1a905cf1c/elements - {"using":"xpath","value":"//button[@data-kt=\"addNewYardOverflowToolbarButton\"]"}
RESULT: {"using":"xpath","value":"//button[@data-kt=\"addNewYardOverflowToolbarButton\"]"}
COMMAND: POST /session/638b8c348501295d6d2539f1a905cf1c/elements - {"using":"xpath","value":"//button[@data-kt=\"addNewYardOverflowToolbarButton\"]"}
RESULT: {"using":"xpath","value":"//button[@data-kt=\"addNewYardOverflowToolbarButton\"]"}
COMMAND: POST /session/638b8c348501295d6d2539f1a905cf1c/elements - {"using":"xpath","value":"//button[@data-kt=\"addNewYardOverflowToolbarButton\"]"}
RESULT: {"using":"xpath","value":"//button[@data-kt=\"addNewYardOverflowToolbarButton\"]"}
COMMAND: POST /session/638b8c348501295d6d2539f1a905cf1c/elements - {"using":"xpath","value":"//button[@data-kt=\"addNewYardOverflowToolbarButton\"]"}
RESULT: {"using":"xpath","value":"//button[@data-kt=\"addNewYardOverflowToolbarButton\"]"}
COMMAND: POST /session/638b8c348501295d6d2539f1a905cf1c/elements - {"using":"xpath","value":"//button[@data-kt=\"addNewYardOverflowToolbarButton\"]"}
RESULT: {"using":"xpath","value":"//button[@data-kt=\"addNewYardOverflowToolbarButton\"]"}
COMMAND: POST /session/638b8c348501295d6d2539f1a905cf1c/elements - {"using":"xpath","value":"//button[@data-kt=\"addNewYardOverflowToolbarButton\"]"}
RESULT: {"using":"xpath","value":"//button[@data-kt=\"addNewYardOverflowToolbarButton\"]"}
COMMAND: POST /session/638b8c348501295d6d2539f1a905cf1c/elements - {"using":"xpath","value":"//button[@data-kt=\"addNewYardOverflowToolbarButton\"]"}
RESULT: {"using":"xpath","value":"//button[@data-kt=\"addNewYardOverflowToolbarButton\"]"}
COMMAND: POST /session/638b8c348501295d6d2539f1a905cf1c/elements - {"using":"xpath","value":"//button[@data-kt=\"addNewYardOverflowToolbarButton\"]"}
RESULT: {"using":"xpath","value":"//button[@data-kt=\"addNewYardOverflowToolbarButton\"]"}
COMMAND: POST /session/638b8c348501295d6d2539f1a905cf1c/elements - {"using":"xpath","value":"//button[@data-kt=\"addNewYardOverflowToolbarButton\"]"}
RESULT: {"using":"xpath","value":"//button[@data-kt=\"addNewYardOverflowToolbarButton\"]"}
COMMAND: POST /session/638b8c348501295d6d2539f1a905cf1c/elements - {"using":"xpath","value":"//button[@data-kt=\"addNewYardOverflowToolbarButton\"]"}
RESULT: {"using":"xpath","value":"//button[@data-kt=\"addNewYardOverflowToolbarButton\"]"}
COMMAND: POST /session/638b8c348501295d6d2539f1a905cf1c/elements - {"using":"xpath","value":"//button[@data-kt=\"addNewYardOverflowToolbarButton\"]"}
RESULT: {"using":"xpath","value":"//button[@data-kt=\"addNewYardOverflowToolbarButton\"]"}
COMMAND: POST /session/638b8c348501295d6d2539f1a905cf1c/element - {"using":"xpath","value":"//button[@data-kt=\"addNewYardOverflowToolbarButton\"]"}
RESULT: {"using":"xpath","value":"//button[@data-kt=\"addNewYardOverflowToolbarButton\"]"}
COMMAND: POST /session/638b8c348501295d6d2539f1a905cf1c/execute/sync - {"script":"<script> [8489 bytes]","args":[{"element-6066-11e4-a52e-4f735466cecf":"f.AA659E0CE08D0C76D21A3A5289A8AF5F.d.7E266885A0E89EDDD1EBB09866A34235.e.295","ELEMENT":"f.AA659E0CE08D0C76D21A3A5289A8AF5F.d.7E266885A0E89EDDD1EBB09866A34235.e.295"}]}
RESULT: {"script":"<script> [8489 bytes]","args":[{"element-6066-11e4-a52e-4f735466cecf":"f.AA659E0CE08D0C76D21A3A5289A8AF5F.d.7E266885A0E89EDDD1EBB09866A34235.e.295","ELEMENT":"f.AA659E0CE08D0C76D21A3A5289A8AF5F.d.7E266885A0E89EDDD1EBB09866A34235.e.295"}]}
COMMAND: GET /session/638b8c348501295d6d2539f1a905cf1c/element/f.AA659E0CE08D0C76D21A3A5289A8AF5F.d.7E266885A0E89EDDD1EBB09866A34235.e.295/enabled - {}
COMMAND: GET /session/638b8c348501295d6d2539f1a905cf1c/screenshot - {}
RESULT: {}
COMMAND: POST /session/638b8c348501295d6d2539f1a905cf1c/execute/sync - {"script":"<script> [8489 bytes]","args":[{"element-6066-11e4-a52e-4f735466cecf":"f.AA659E0CE08D0C76D21A3A5289A8AF5F.d.7E266885A0E89EDDD1EBB09866A34235.e.295","ELEMENT":"f.AA659E0CE08D0C76D21A3A5289A8AF5F.d.7E266885A0E89EDDD1EBB09866A34235.e.295"}]}
COMMAND: GET /session/638b8c348501295d6d2539f1a905cf1c/screenshot - {}
RESULT: {}
RESULT: {"script":"<script> [8489 bytes]","args":[{"element-6066-11e4-a52e-4f735466cecf":"f.AA659E0CE08D0C76D21A3A5289A8AF5F.d.7E266885A0E89EDDD1EBB09866A34235.e.295","ELEMENT":"f.AA659E0CE08D0C76D21A3A5289A8AF5F.d.7E266885A0E89EDDD1EBB09866A34235.e.295"}]}
COMMAND: POST /session/638b8c348501295d6d2539f1a905cf1c/execute/sync - {"script":"<script> [5351 bytes]","args":[{"element-6066-11e4-a52e-4f735466cecf":"f.AA659E0CE08D0C76D21A3A5289A8AF5F.d.7E266885A0E89EDDD1EBB09866A34235.e.295","ELEMENT":"f.AA659E0CE08D0C76D21A3A5289A8AF5F.d.7E266885A0E89EDDD1EBB09866A34235.e.295"}]}
COMMAND: GET /session/638b8c348501295d6d2539f1a905cf1c/screenshot - {}
RESULT: {}
RESULT: {"script":"<script> [5351 bytes]","args":[{"element-6066-11e4-a52e-4f735466cecf":"f.AA659E0CE08D0C76D21A3A5289A8AF5F.d.7E266885A0E89EDDD1EBB09866A34235.e.295","ELEMENT":"f.AA659E0CE08D0C76D21A3A5289A8AF5F.d.7E266885A0E89EDDD1EBB09866A34235.e.295"}]}
COMMAND: POST /session/638b8c348501295d6d2539f1a905cf1c/element/f.AA659E0CE08D0C76D21A3A5289A8AF5F.d.7E266885A0E89EDDD1EBB09866A34235.e.295/click - {}
COMMAND: GET /session/638b8c348501295d6d2539f1a905cf1c/screenshot - {}
RESULT: {}
RESULT: {}
COMMAND: GET /session/638b8c348501295d6d2539f1a905cf1c/screenshot - {}
RESULT: {}
RESULT: {}
COMMAND: POST /session/638b8c348501295d6d2539f1a905cf1c/element - {"using":"xpath","value":"//input[@id=\"application-manageyards-display-component---NewYard--yardId-inner\"]"}
RESULT: {"using":"xpath","value":"//input[@id=\"application-manageyards-display-component---NewYard--yardId-inner\"]"}
COMMAND: POST /session/638b8c348501295d6d2539f1a905cf1c/element - {"using":"xpath","value":"//input[@id=\"application-manageyards-display-component---NewYard--yardId-inner\"]"}
RESULT: {"using":"xpath","value":"//input[@id=\"application-manageyards-display-component---NewYard--yardId-inner\"]"}
COMMAND: POST /session/638b8c348501295d6d2539f1a905cf1c/execute/async - {"script":"<script> [1562 bytes]","args":[{"selector":{"id":"application-manageyards-display-component---NewYard--addressDetailDetailsName1","interaction":{"idSuffix":"inner"}},"wdio_ui5_key":"applicationmanageyards-display-component---NewYard--addressDetailDetailsName1"}]}
RESULT: {"script":"<script> [1562 bytes]","args":[{"selector":{"id":"application-manageyards-display-component---NewYard--addressDetailDetailsName1","interaction":{"idSuffix":"inner"}},"wdio_ui5_key":"applicationmanageyards-display-component---NewYard--addressDetailDetailsName1"}]}
RESULT: undefined
COMMAND: POST /session/638b8c348501295d6d2539f1a905cf1c/execute/async - {"script":"<script> [776 bytes]","args":[{"enterText":"Intracompany Yard wdIO","selector":{"id":"application-manageyards-display-component---NewYard--addressDetailDetailsName1","interaction":{"idSuffix":"inner"}},"clearTextFirst":true,"interactionType":"ENTER_TEXT"}]}
RESULT: {"script":"<script> [776 bytes]","args":[{"enterText":"Intracompany Yard wdIO","selector":{"id":"application-manageyards-display-component---NewYard--addressDetailDetailsName1","interaction":{"idSuffix":"inner"}},"clearTextFirst":true,"interactionType":"ENTER_TEXT"}]}
COMMAND: POST /session/638b8c348501295d6d2539f1a905cf1c/execute/async - {"script":"<script> [1562 bytes]","args":[{"selector":{"id":"application-manageyards-display-component---NewYard--addressDetailDetailsLanguage-arrow"},"wdio_ui5_key":"applicationmanageyards-display-component---NewYard--addressDetailDetailsLanguage-arrow"}]}
RESULT: {"script":"<script> [1562 bytes]","args":[{"selector":{"id":"application-manageyards-display-component---NewYard--addressDetailDetailsLanguage-arrow"},"wdio_ui5_key":"applicationmanageyards-display-component---NewYard--addressDetailDetailsLanguage-arrow"}]}
RESULT: undefined
COMMAND: POST /session/638b8c348501295d6d2539f1a905cf1c/element - {"using":"xpath","value":"//*[@id=\"application-manageyards-display-component---NewYard--addressDetailDetailsLanguage-arrow\"]"}
RESULT: {"using":"xpath","value":"//*[@id=\"application-manageyards-display-component---NewYard--addressDetailDetailsLanguage-arrow\"]"}
COMMAND: POST /session/638b8c348501295d6d2539f1a905cf1c/element/f.AA659E0CE08D0C76D21A3A5289A8AF5F.d.7E266885A0E89EDDD1EBB09866A34235.e.625/click - {}
RESULT: {}
COMMAND: POST /session/638b8c348501295d6d2539f1a905cf1c/element - {"using":"xpath","value":"//span[contains(text(), \"English\")]"}
COMMAND: GET /session/638b8c348501295d6d2539f1a905cf1c/screenshot - {}
RESULT: {"using":"xpath","value":"//span[contains(text(), \"English\")]"}
COMMAND: POST /session/638b8c348501295d6d2539f1a905cf1c/element/f.AA659E0CE08D0C76D21A3A5289A8AF5F.d.7E266885A0E89EDDD1EBB09866A34235.e.626/click - {}
RESULT: {}
RESULT: {}
COMMAND: POST /session/638b8c348501295d6d2539f1a905cf1c/execute/async - {"script":"<script> [1562 bytes]","args":[{"selector":{"id":"application-manageyards-display-component---NewYard--addressDetailDetailsCity1","interaction":{"idSuffix":"inner"}},"wdio_ui5_key":"applicationmanageyards-display-component---NewYard--addressDetailDetailsCity1"}]}
COMMAND: GET /session/638b8c348501295d6d2539f1a905cf1c/screenshot - {}
RESULT: {"script":"<script> [1562 bytes]","args":[{"selector":{"id":"application-manageyards-display-component---NewYard--addressDetailDetailsCity1","interaction":{"idSuffix":"inner"}},"wdio_ui5_key":"applicationmanageyards-display-component---NewYard--addressDetailDetailsCity1"}]}
RESULT: undefined
COMMAND: POST /session/638b8c348501295d6d2539f1a905cf1c/execute/async - {"script":"<script> [776 bytes]","args":[{"enterText":"Rosario","selector":{"id":"application-manageyards-display-component---NewYard--addressDetailDetailsCity1","interaction":{"idSuffix":"inner"}},"clearTextFirst":true,"interactionType":"ENTER_TEXT"}]}
RESULT: {}
RESULT: {"script":"<script> [776 bytes]","args":[{"enterText":"Rosario","selector":{"id":"application-manageyards-display-component---NewYard--addressDetailDetailsCity1","interaction":{"idSuffix":"inner"}},"clearTextFirst":true,"interactionType":"ENTER_TEXT"}]}
COMMAND: POST /session/638b8c348501295d6d2539f1a905cf1c/execute/async - {"script":"<script> [1562 bytes]","args":[{"selector":{"id":"application-manageyards-display-component---NewYard--addressDetailDetailsCountry-arrow"},"wdio_ui5_key":"applicationmanageyards-display-component---NewYard--addressDetailDetailsCountry-arrow"}]}
RESULT: {"script":"<script> [1562 bytes]","args":[{"selector":{"id":"application-manageyards-display-component---NewYard--addressDetailDetailsCountry-arrow"},"wdio_ui5_key":"applicationmanageyards-display-component---NewYard--addressDetailDetailsCountry-arrow"}]}
RESULT: undefined
COMMAND: POST /session/638b8c348501295d6d2539f1a905cf1c/element - {"using":"xpath","value":"//*[@id=\"application-manageyards-display-component---NewYard--addressDetailDetailsCountry-arrow\"]"}
RESULT: {"using":"xpath","value":"//*[@id=\"application-manageyards-display-component---NewYard--addressDetailDetailsCountry-arrow\"]"}
COMMAND: POST /session/638b8c348501295d6d2539f1a905cf1c/element/f.AA659E0CE08D0C76D21A3A5289A8AF5F.d.7E266885A0E89EDDD1EBB09866A34235.e.628/click - {}
RESULT: {}
COMMAND: POST /session/638b8c348501295d6d2539f1a905cf1c/element - {"using":"xpath","value":"//span[contains(text(), \"Argentina\")]"}
COMMAND: GET /session/638b8c348501295d6d2539f1a905cf1c/screenshot - {}
RESULT: {"using":"xpath","value":"//span[contains(text(), \"Argentina\")]"}
COMMAND: POST /session/638b8c348501295d6d2539f1a905cf1c/element/f.AA659E0CE08D0C76D21A3A5289A8AF5F.d.7E266885A0E89EDDD1EBB09866A34235.e.629/click - {}
RESULT: {}
RESULT: {}
COMMAND: POST /session/638b8c348501295d6d2539f1a905cf1c/execute/async - {"script":"<script> [1562 bytes]","args":[{"selector":{"id":"application-manageyards-display-component---NewYard--addressEditDetailsCostObjectCstType-arrow"},"wdio_ui5_key":"applicationmanageyards-display-component---NewYard--addressEditDetailsCostObjectCstType-arrow"}]}
COMMAND: GET /session/638b8c348501295d6d2539f1a905cf1c/screenshot - {}
RESULT: {"script":"<script> [1562 bytes]","args":[{"selector":{"id":"application-manageyards-display-component---NewYard--addressEditDetailsCostObjectCstType-arrow"},"wdio_ui5_key":"applicationmanageyards-display-component---NewYard--addressEditDetailsCostObjectCstType-arrow"}]}
RESULT: undefined
COMMAND: POST /session/638b8c348501295d6d2539f1a905cf1c/element - {"using":"xpath","value":"//*[@id=\"application-manageyards-display-component---NewYard--addressEditDetailsCostObjectCstType-arrow\"]"}
RESULT: {}
RESULT: {"using":"xpath","value":"//*[@id=\"application-manageyards-display-component---NewYard--addressEditDetailsCostObjectCstType-arrow\"]"}
COMMAND: POST /session/638b8c348501295d6d2539f1a905cf1c/element/f.AA659E0CE08D0C76D21A3A5289A8AF5F.d.7E266885A0E89EDDD1EBB09866A34235.e.631/click - {}
RESULT: {}
COMMAND: POST /session/638b8c348501295d6d2539f1a905cf1c/element - {"using":"xpath","value":"//span[contains(text(), \"Cost Center\")]"}
COMMAND: GET /session/638b8c348501295d6d2539f1a905cf1c/screenshot - {}
RESULT: {"using":"xpath","value":"//span[contains(text(), \"Cost Center\")]"}
COMMAND: POST /session/638b8c348501295d6d2539f1a905cf1c/element/f.AA659E0CE08D0C76D21A3A5289A8AF5F.d.7E266885A0E89EDDD1EBB09866A34235.e.632/click - {}
RESULT: {}
RESULT: {}
COMMAND: GET /session/638b8c348501295d6d2539f1a905cf1c/screenshot - {}
RESULT: {}
COMMAND: POST /session/638b8c348501295d6d2539f1a905cf1c/element - {"using":"xpath","value":"//span[@id=\"application-manageyards-display-component---NewYard--addressNewCostObjectCstID-vhi\"]"}
RESULT: {"using":"xpath","value":"//span[@id=\"application-manageyards-display-component---NewYard--addressNewCostObjectCstID-vhi\"]"}
COMMAND: POST /session/638b8c348501295d6d2539f1a905cf1c/execute/sync - {"script":"<script> [8489 bytes]","args":[{"element-6066-11e4-a52e-4f735466cecf":"f.AA659E0CE08D0C76D21A3A5289A8AF5F.d.7E266885A0E89EDDD1EBB09866A34235.e.636","ELEMENT":"f.AA659E0CE08D0C76D21A3A5289A8AF5F.d.7E266885A0E89EDDD1EBB09866A34235.e.636"}]}
RESULT: {"script":"<script> [8489 bytes]","args":[{"element-6066-11e4-a52e-4f735466cecf":"f.AA659E0CE08D0C76D21A3A5289A8AF5F.d.7E266885A0E89EDDD1EBB09866A34235.e.636","ELEMENT":"f.AA659E0CE08D0C76D21A3A5289A8AF5F.d.7E266885A0E89EDDD1EBB09866A34235.e.636"}]}
COMMAND: POST /session/638b8c348501295d6d2539f1a905cf1c/execute/async - {"script":"<script> [1562 bytes]","args":[{"selector":{"id":"application-manageyards-display-component---NewYard--addressNewCostObjectCstID-vhi"},"wdio_ui5_key":"applicationmanageyards-display-component---NewYard--addressNewCostObjectCstID-vhi"}]}
COMMAND: GET /session/638b8c348501295d6d2539f1a905cf1c/screenshot - {}
RESULT: {"script":"<script> [1562 bytes]","args":[{"selector":{"id":"application-manageyards-display-component---NewYard--addressNewCostObjectCstID-vhi"},"wdio_ui5_key":"applicationmanageyards-display-component---NewYard--addressNewCostObjectCstID-vhi"}]}
RESULT: undefined
COMMAND: POST /session/638b8c348501295d6d2539f1a905cf1c/element - {"using":"xpath","value":"//*[@id=\"application-manageyards-display-component---NewYard--addressNewCostObjectCstID-vhi\"]"}
RESULT: {}
RESULT: {"using":"xpath","value":"//*[@id=\"application-manageyards-display-component---NewYard--addressNewCostObjectCstID-vhi\"]"}
COMMAND: POST /session/638b8c348501295d6d2539f1a905cf1c/element/f.AA659E0CE08D0C76D21A3A5289A8AF5F.d.7E266885A0E89EDDD1EBB09866A34235.e.636/click - {}
RESULT: {}
COMMAND: GET /session/638b8c348501295d6d2539f1a905cf1c/screenshot - {}
RESULT: {}
COMMAND: POST /session/638b8c348501295d6d2539f1a905cf1c/execute/async - {"script":"<script> [1562 bytes]","args":[{"selector":{"controlType":"sap.m.SearchField","properties":{"placeholder":"Search"},"searchOpenDialogs":true,"interaction":{"idSuffix":"I"}},"wdio_ui5_key":"sapm.SearchField{\"placeholder\":\"Search\"}"}]}
RESULT: {"script":"<script> [1562 bytes]","args":[{"selector":{"controlType":"sap.m.SearchField","properties":{"placeholder":"Search"},"searchOpenDialogs":true,"interaction":{"idSuffix":"I"}},"wdio_ui5_key":"sapm.SearchField{\"placeholder\":\"Search\"}"}]}
RESULT: undefined
COMMAND: POST /session/638b8c348501295d6d2539f1a905cf1c/execute/async - {"script":"<script> [776 bytes]","args":[{"enterText":"10001013","selector":{"controlType":"sap.m.SearchField","properties":{"placeholder":"Search"},"searchOpenDialogs":true,"interaction":{"idSuffix":"I"}},"clearTextFirst":true,"interactionType":"ENTER_TEXT"}]}
RESULT: {"script":"<script> [776 bytes]","args":[{"enterText":"10001013","selector":{"controlType":"sap.m.SearchField","properties":{"placeholder":"Search"},"searchOpenDialogs":true,"interaction":{"idSuffix":"I"}},"clearTextFirst":true,"interactionType":"ENTER_TEXT"}]}
COMMAND: POST /session/638b8c348501295d6d2539f1a905cf1c/actions - {"actions":[{"id":"action1","type":"key","parameters":{},"actions":[{"type":"keyDown","value":"î€‡"},{"type":"pause","duration":10},{"type":"keyUp","value":"î€‡"}]}]}
RESULT: {"actions":[{"id":"action1","type":"key","parameters":{},"actions":[{"type":"keyDown","value":"î€‡"},{"type":"pause","duration":10},{"type":"keyUp","value":"î€‡"}]}]}
COMMAND: GET /session/638b8c348501295d6d2539f1a905cf1c/screenshot - {}
RESULT: {}
COMMAND: POST /session/638b8c348501295d6d2539f1a905cf1c/element - {"using":"xpath","value":"//span[contains(text(), \"General Management\")]"}
RESULT: {"using":"xpath","value":"//span[contains(text(), \"General Management\")]"}
COMMAND: POST /session/638b8c348501295d6d2539f1a905cf1c/element/f.AA659E0CE08D0C76D21A3A5289A8AF5F.d.7E266885A0E89EDDD1EBB09866A34235.e.677/click - {}
RESULT: {}
COMMAND: GET /session/638b8c348501295d6d2539f1a905cf1c/screenshot - {}
RESULT: {}
COMMAND: POST /session/638b8c348501295d6d2539f1a905cf1c/element - {"using":"xpath","value":"//bdi[contains(text(), \"OK\")]"}
RESULT: {"using":"xpath","value":"//bdi[contains(text(), \"OK\")]"}
COMMAND: POST /session/638b8c348501295d6d2539f1a905cf1c/element/f.AA659E0CE08D0C76D21A3A5289A8AF5F.d.7E266885A0E89EDDD1EBB09866A34235.e.678/click - {}
RESULT: {}
COMMAND: GET /session/638b8c348501295d6d2539f1a905cf1c/screenshot - {}
RESULT: {}
COMMAND: POST /session/638b8c348501295d6d2539f1a905cf1c/execute/async - {"script":"<script> [1562 bytes]","args":[{"selector":{"id":"application-manageyards-display-component---NewYard--addressEditDetailsCurrency-arrow"},"wdio_ui5_key":"applicationmanageyards-display-component---NewYard--addressEditDetailsCurrency-arrow"}]}
RESULT: {"script":"<script> [1562 bytes]","args":[{"selector":{"id":"application-manageyards-display-component---NewYard--addressEditDetailsCurrency-arrow"},"wdio_ui5_key":"applicationmanageyards-display-component---NewYard--addressEditDetailsCurrency-arrow"}]}
RESULT: undefined
COMMAND: POST /session/638b8c348501295d6d2539f1a905cf1c/element - {"using":"xpath","value":"//*[@id=\"application-manageyards-display-component---NewYard--addressEditDetailsCurrency-arrow\"]"}
RESULT: {"using":"xpath","value":"//*[@id=\"application-manageyards-display-component---NewYard--addressEditDetailsCurrency-arrow\"]"}
COMMAND: POST /session/638b8c348501295d6d2539f1a905cf1c/element/f.AA659E0CE08D0C76D21A3A5289A8AF5F.d.7E266885A0E89EDDD1EBB09866A34235.e.681/click - {}
RESULT: {}
COMMAND: POST /session/638b8c348501295d6d2539f1a905cf1c/element - {"using":"xpath","value":"//span[contains(text(), \"Euro\")]"}
COMMAND: GET /session/638b8c348501295d6d2539f1a905cf1c/screenshot - {}
RESULT: {"using":"xpath","value":"//span[contains(text(), \"Euro\")]"}
COMMAND: POST /session/638b8c348501295d6d2539f1a905cf1c/element/f.AA659E0CE08D0C76D21A3A5289A8AF5F.d.7E266885A0E89EDDD1EBB09866A34235.e.682/click - {}
RESULT: {}
RESULT: {}
COMMAND: POST /session/638b8c348501295d6d2539f1a905cf1c/execute/async - {"script":"<script> [1562 bytes]","args":[{"selector":{"controlType":"sap.m.Input","viewName":"etm.portal.ui.manageyards.view.New","viewId":"application-manageyards-display-component---NewYard","bindingPath":{"path":"","propertyPath":"/CONTROLLING_AREA","modelName":"NewYardModel"},"interaction":{"idSuffix":"inner"}},"wdio_ui5_key":"etmportal.ui.manageyards.view.Newsap.m.Input{\"path\":\"\",\"propertyPath\":\"/CONTROLLING_AREA\",\"modelName\":\"NewYardModel\"}"}]}
COMMAND: GET /session/638b8c348501295d6d2539f1a905cf1c/screenshot - {}
RESULT: {"script":"<script> [1562 bytes]","args":[{"selector":{"controlType":"sap.m.Input","viewName":"etm.portal.ui.manageyards.view.New","viewId":"application-manageyards-display-component---NewYard","bindingPath":{"path":"","propertyPath":"/CONTROLLING_AREA","modelName":"NewYardModel"},"interaction":{"idSuffix":"inner"}},"wdio_ui5_key":"etmportal.ui.manageyards.view.Newsap.m.Input{\"path\":\"\",\"propertyPath\":\"/CONTROLLING_AREA\",\"modelName\":\"NewYardModel\"}"}]}
RESULT: undefined
COMMAND: POST /session/638b8c348501295d6d2539f1a905cf1c/execute/async - {"script":"<script> [776 bytes]","args":[{"enterText":"Z001","selector":{"controlType":"sap.m.Input","viewName":"etm.portal.ui.manageyards.view.New","viewId":"application-manageyards-display-component---NewYard","bindingPath":{"path":"","propertyPath":"/CONTROLLING_AREA","modelName":"NewYardModel"},"interaction":{"idSuffix":"inner"}},"clearTextFirst":true,"interactionType":"ENTER_TEXT"}]}
RESULT: {}
RESULT: {"script":"<script> [776 bytes]","args":[{"enterText":"Z001","selector":{"controlType":"sap.m.Input","viewName":"etm.portal.ui.manageyards.view.New","viewId":"application-manageyards-display-component---NewYard","bindingPath":{"path":"","propertyPath":"/CONTROLLING_AREA","modelName":"NewYardModel"},"interaction":{"idSuffix":"inner"}},"clearTextFirst":true,"interactionType":"ENTER_TEXT"}]}
COMMAND: POST /session/638b8c348501295d6d2539f1a905cf1c/execute/async - {"script":"<script> [1562 bytes]","args":[{"selector":{"id":"application-manageyards-display-component---NewYard--companyCodeComboBox","interaction":{"idSuffix":"inner"}},"wdio_ui5_key":"applicationmanageyards-display-component---NewYard--companyCodeComboBox"}]}
RESULT: {"script":"<script> [1562 bytes]","args":[{"selector":{"id":"application-manageyards-display-component---NewYard--companyCodeComboBox","interaction":{"idSuffix":"inner"}},"wdio_ui5_key":"applicationmanageyards-display-component---NewYard--companyCodeComboBox"}]}
RESULT: undefined
COMMAND: POST /session/638b8c348501295d6d2539f1a905cf1c/execute/async - {"script":"<script> [776 bytes]","args":[{"enterText":"1000","selector":{"id":"application-manageyards-display-component---NewYard--companyCodeComboBox","interaction":{"idSuffix":"inner"}},"clearTextFirst":true,"interactionType":"ENTER_TEXT"}]}
RESULT: {"script":"<script> [776 bytes]","args":[{"enterText":"1000","selector":{"id":"application-manageyards-display-component---NewYard--companyCodeComboBox","interaction":{"idSuffix":"inner"}},"clearTextFirst":true,"interactionType":"ENTER_TEXT"}]}
COMMAND: POST /session/638b8c348501295d6d2539f1a905cf1c/execute/async - {"script":"<script> [1562 bytes]","args":[{"selector":{"controlType":"sap.m.Input","viewName":"etm.portal.ui.manageyards.view.New","viewId":"application-manageyards-display-component---NewYard","bindingPath":{"path":"","propertyPath":"/PLANT","modelName":"NewYardModel"},"interaction":{"idSuffix":"inner"}},"wdio_ui5_key":"etmportal.ui.manageyards.view.Newsap.m.Input{\"path\":\"\",\"propertyPath\":\"/PLANT\",\"modelName\":\"NewYardModel\"}"}]}
RESULT: {"script":"<script> [1562 bytes]","args":[{"selector":{"controlType":"sap.m.Input","viewName":"etm.portal.ui.manageyards.view.New","viewId":"application-manageyards-display-component---NewYard","bindingPath":{"path":"","propertyPath":"/PLANT","modelName":"NewYardModel"},"interaction":{"idSuffix":"inner"}},"wdio_ui5_key":"etmportal.ui.manageyards.view.Newsap.m.Input{\"path\":\"\",\"propertyPath\":\"/PLANT\",\"modelName\":\"NewYardModel\"}"}]}
RESULT: undefined
COMMAND: POST /session/638b8c348501295d6d2539f1a905cf1c/execute/async - {"script":"<script> [776 bytes]","args":[{"enterText":"1001","selector":{"controlType":"sap.m.Input","viewName":"etm.portal.ui.manageyards.view.New","viewId":"application-manageyards-display-component---NewYard","bindingPath":{"path":"","propertyPath":"/PLANT","modelName":"NewYardModel"},"interaction":{"idSuffix":"inner"}},"clearTextFirst":true,"interactionType":"ENTER_TEXT"}]}
RESULT: {"script":"<script> [776 bytes]","args":[{"enterText":"1001","selector":{"controlType":"sap.m.Input","viewName":"etm.portal.ui.manageyards.view.New","viewId":"application-manageyards-display-component---NewYard","bindingPath":{"path":"","propertyPath":"/PLANT","modelName":"NewYardModel"},"interaction":{"idSuffix":"inner"}},"clearTextFirst":true,"interactionType":"ENTER_TEXT"}]}
COMMAND: POST /session/638b8c348501295d6d2539f1a905cf1c/execute/async - {"script":"<script> [1562 bytes]","args":[{"selector":{"controlType":"sap.m.Input","viewName":"etm.portal.ui.manageyards.view.New","viewId":"application-manageyards-display-component---NewYard","bindingPath":{"path":"","propertyPath":"/SALES_AREA_VKORG","modelName":"NewYardModel"},"interaction":{"idSuffix":"inner"}},"wdio_ui5_key":"etmportal.ui.manageyards.view.Newsap.m.Input{\"path\":\"\",\"propertyPath\":\"/SALES_AREA_VKORG\",\"modelName\":\"NewYardModel\"}"}]}
RESULT: {"script":"<script> [1562 bytes]","args":[{"selector":{"controlType":"sap.m.Input","viewName":"etm.portal.ui.manageyards.view.New","viewId":"application-manageyards-display-component---NewYard","bindingPath":{"path":"","propertyPath":"/SALES_AREA_VKORG","modelName":"NewYardModel"},"interaction":{"idSuffix":"inner"}},"wdio_ui5_key":"etmportal.ui.manageyards.view.Newsap.m.Input{\"path\":\"\",\"propertyPath\":\"/SALES_AREA_VKORG\",\"modelName\":\"NewYardModel\"}"}]}
RESULT: undefined
COMMAND: POST /session/638b8c348501295d6d2539f1a905cf1c/execute/async - {"script":"<script> [776 bytes]","args":[{"enterText":"C002","selector":{"controlType":"sap.m.Input","viewName":"etm.portal.ui.manageyards.view.New","viewId":"application-manageyards-display-component---NewYard","bindingPath":{"path":"","propertyPath":"/SALES_AREA_VKORG","modelName":"NewYardModel"},"interaction":{"idSuffix":"inner"}},"clearTextFirst":true,"interactionType":"ENTER_TEXT"}]}
RESULT: {"script":"<script> [776 bytes]","args":[{"enterText":"C002","selector":{"controlType":"sap.m.Input","viewName":"etm.portal.ui.manageyards.view.New","viewId":"application-manageyards-display-component---NewYard","bindingPath":{"path":"","propertyPath":"/SALES_AREA_VKORG","modelName":"NewYardModel"},"interaction":{"idSuffix":"inner"}},"clearTextFirst":true,"interactionType":"ENTER_TEXT"}]}
COMMAND: POST /session/638b8c348501295d6d2539f1a905cf1c/execute/async - {"script":"<script> [1562 bytes]","args":[{"selector":{"controlType":"sap.m.Input","viewName":"etm.portal.ui.manageyards.view.New","viewId":"application-manageyards-display-component---NewYard","bindingPath":{"path":"","propertyPath":"/SALES_AREA_VTWEG","modelName":"NewYardModel"},"interaction":{"idSuffix":"inner"}},"wdio_ui5_key":"etmportal.ui.manageyards.view.Newsap.m.Input{\"path\":\"\",\"propertyPath\":\"/SALES_AREA_VTWEG\",\"modelName\":\"NewYardModel\"}"}]}
RESULT: {"script":"<script> [1562 bytes]","args":[{"selector":{"controlType":"sap.m.Input","viewName":"etm.portal.ui.manageyards.view.New","viewId":"application-manageyards-display-component---NewYard","bindingPath":{"path":"","propertyPath":"/SALES_AREA_VTWEG","modelName":"NewYardModel"},"interaction":{"idSuffix":"inner"}},"wdio_ui5_key":"etmportal.ui.manageyards.view.Newsap.m.Input{\"path\":\"\",\"propertyPath\":\"/SALES_AREA_VTWEG\",\"modelName\":\"NewYardModel\"}"}]}
RESULT: undefined
COMMAND: POST /session/638b8c348501295d6d2539f1a905cf1c/execute/async - {"script":"<script> [776 bytes]","args":[{"enterText":"C2","selector":{"controlType":"sap.m.Input","viewName":"etm.portal.ui.manageyards.view.New","viewId":"application-manageyards-display-component---NewYard","bindingPath":{"path":"","propertyPath":"/SALES_AREA_VTWEG","modelName":"NewYardModel"},"interaction":{"idSuffix":"inner"}},"clearTextFirst":true,"interactionType":"ENTER_TEXT"}]}
RESULT: {"script":"<script> [776 bytes]","args":[{"enterText":"C2","selector":{"controlType":"sap.m.Input","viewName":"etm.portal.ui.manageyards.view.New","viewId":"application-manageyards-display-component---NewYard","bindingPath":{"path":"","propertyPath":"/SALES_AREA_VTWEG","modelName":"NewYardModel"},"interaction":{"idSuffix":"inner"}},"clearTextFirst":true,"interactionType":"ENTER_TEXT"}]}
COMMAND: POST /session/638b8c348501295d6d2539f1a905cf1c/execute/async - {"script":"<script> [1562 bytes]","args":[{"selector":{"controlType":"sap.m.Input","viewName":"etm.portal.ui.manageyards.view.New","viewId":"application-manageyards-display-component---NewYard","bindingPath":{"path":"","propertyPath":"/SALES_AREA_SPART","modelName":"NewYardModel"},"interaction":{"idSuffix":"inner"}},"wdio_ui5_key":"etmportal.ui.manageyards.view.Newsap.m.Input{\"path\":\"\",\"propertyPath\":\"/SALES_AREA_SPART\",\"modelName\":\"NewYardModel\"}"}]}
RESULT: {"script":"<script> [1562 bytes]","args":[{"selector":{"controlType":"sap.m.Input","viewName":"etm.portal.ui.manageyards.view.New","viewId":"application-manageyards-display-component---NewYard","bindingPath":{"path":"","propertyPath":"/SALES_AREA_SPART","modelName":"NewYardModel"},"interaction":{"idSuffix":"inner"}},"wdio_ui5_key":"etmportal.ui.manageyards.view.Newsap.m.Input{\"path\":\"\",\"propertyPath\":\"/SALES_AREA_SPART\",\"modelName\":\"NewYardModel\"}"}]}
RESULT: undefined
COMMAND: POST /session/638b8c348501295d6d2539f1a905cf1c/execute/async - {"script":"<script> [776 bytes]","args":[{"enterText":"C2","selector":{"controlType":"sap.m.Input","viewName":"etm.portal.ui.manageyards.view.New","viewId":"application-manageyards-display-component---NewYard","bindingPath":{"path":"","propertyPath":"/SALES_AREA_SPART","modelName":"NewYardModel"},"interaction":{"idSuffix":"inner"}},"clearTextFirst":true,"interactionType":"ENTER_TEXT"}]}
RESULT: {"script":"<script> [776 bytes]","args":[{"enterText":"C2","selector":{"controlType":"sap.m.Input","viewName":"etm.portal.ui.manageyards.view.New","viewId":"application-manageyards-display-component---NewYard","bindingPath":{"path":"","propertyPath":"/SALES_AREA_SPART","modelName":"NewYardModel"},"interaction":{"idSuffix":"inner"}},"clearTextFirst":true,"interactionType":"ENTER_TEXT"}]}
COMMAND: POST /session/638b8c348501295d6d2539f1a905cf1c/execute/async - {"script":"<script> [1562 bytes]","args":[{"selector":{"controlType":"sap.m.Input","viewName":"etm.portal.ui.manageyards.view.New","viewId":"application-manageyards-display-component---NewYard","bindingPath":{"path":"","propertyPath":"/SHIP_POINT","modelName":"NewYardModel"},"interaction":{"idSuffix":"inner"}},"wdio_ui5_key":"etmportal.ui.manageyards.view.Newsap.m.Input{\"path\":\"\",\"propertyPath\":\"/SHIP_POINT\",\"modelName\":\"NewYardModel\"}"}]}
RESULT: {"script":"<script> [1562 bytes]","args":[{"selector":{"controlType":"sap.m.Input","viewName":"etm.portal.ui.manageyards.view.New","viewId":"application-manageyards-display-component---NewYard","bindingPath":{"path":"","propertyPath":"/SHIP_POINT","modelName":"NewYardModel"},"interaction":{"idSuffix":"inner"}},"wdio_ui5_key":"etmportal.ui.manageyards.view.Newsap.m.Input{\"path\":\"\",\"propertyPath\":\"/SHIP_POINT\",\"modelName\":\"NewYardModel\"}"}]}
RESULT: undefined
COMMAND: POST /session/638b8c348501295d6d2539f1a905cf1c/execute/async - {"script":"<script> [776 bytes]","args":[{"enterText":"1710","selector":{"controlType":"sap.m.Input","viewName":"etm.portal.ui.manageyards.view.New","viewId":"application-manageyards-display-component---NewYard","bindingPath":{"path":"","propertyPath":"/SHIP_POINT","modelName":"NewYardModel"},"interaction":{"idSuffix":"inner"}},"clearTextFirst":true,"interactionType":"ENTER_TEXT"}]}
RESULT: {"script":"<script> [776 bytes]","args":[{"enterText":"1710","selector":{"controlType":"sap.m.Input","viewName":"etm.portal.ui.manageyards.view.New","viewId":"application-manageyards-display-component---NewYard","bindingPath":{"path":"","propertyPath":"/SHIP_POINT","modelName":"NewYardModel"},"interaction":{"idSuffix":"inner"}},"clearTextFirst":true,"interactionType":"ENTER_TEXT"}]}
COMMAND: POST /session/638b8c348501295d6d2539f1a905cf1c/execute/async - {"script":"<script> [1562 bytes]","args":[{"selector":{"controlType":"sap.m.Input","viewName":"etm.portal.ui.manageyards.view.New","viewId":"application-manageyards-display-component---NewYard","bindingPath":{"path":"","propertyPath":"/DELIVERY_TYPE","modelName":"NewYardModel"},"interaction":{"idSuffix":"inner"}},"wdio_ui5_key":"etmportal.ui.manageyards.view.Newsap.m.Input{\"path\":\"\",\"propertyPath\":\"/DELIVERY_TYPE\",\"modelName\":\"NewYardModel\"}"}]}
RESULT: {"script":"<script> [1562 bytes]","args":[{"selector":{"controlType":"sap.m.Input","viewName":"etm.portal.ui.manageyards.view.New","viewId":"application-manageyards-display-component---NewYard","bindingPath":{"path":"","propertyPath":"/DELIVERY_TYPE","modelName":"NewYardModel"},"interaction":{"idSuffix":"inner"}},"wdio_ui5_key":"etmportal.ui.manageyards.view.Newsap.m.Input{\"path\":\"\",\"propertyPath\":\"/DELIVERY_TYPE\",\"modelName\":\"NewYardModel\"}"}]}
RESULT: undefined
COMMAND: POST /session/638b8c348501295d6d2539f1a905cf1c/execute/async - {"script":"<script> [776 bytes]","args":[{"enterText":"ZL01","selector":{"controlType":"sap.m.Input","viewName":"etm.portal.ui.manageyards.view.New","viewId":"application-manageyards-display-component---NewYard","bindingPath":{"path":"","propertyPath":"/DELIVERY_TYPE","modelName":"NewYardModel"},"interaction":{"idSuffix":"inner"}},"clearTextFirst":true,"interactionType":"ENTER_TEXT"}]}
RESULT: {"script":"<script> [776 bytes]","args":[{"enterText":"ZL01","selector":{"controlType":"sap.m.Input","viewName":"etm.portal.ui.manageyards.view.New","viewId":"application-manageyards-display-component---NewYard","bindingPath":{"path":"","propertyPath":"/DELIVERY_TYPE","modelName":"NewYardModel"},"interaction":{"idSuffix":"inner"}},"clearTextFirst":true,"interactionType":"ENTER_TEXT"}]}
COMMAND: POST /session/638b8c348501295d6d2539f1a905cf1c/execute/async - {"script":"<script> [1562 bytes]","args":[{"selector":{"controlType":"sap.m.Input","viewName":"etm.portal.ui.manageyards.view.New","viewId":"application-manageyards-display-component---NewYard","bindingPath":{"path":"","propertyPath":"/AUART","modelName":"NewYardModel"},"interaction":{"idSuffix":"inner"}},"wdio_ui5_key":"etmportal.ui.manageyards.view.Newsap.m.Input{\"path\":\"\",\"propertyPath\":\"/AUART\",\"modelName\":\"NewYardModel\"}"}]}
RESULT: {"script":"<script> [1562 bytes]","args":[{"selector":{"controlType":"sap.m.Input","viewName":"etm.portal.ui.manageyards.view.New","viewId":"application-manageyards-display-component---NewYard","bindingPath":{"path":"","propertyPath":"/AUART","modelName":"NewYardModel"},"interaction":{"idSuffix":"inner"}},"wdio_ui5_key":"etmportal.ui.manageyards.view.Newsap.m.Input{\"path\":\"\",\"propertyPath\":\"/AUART\",\"modelName\":\"NewYardModel\"}"}]}
RESULT: undefined
COMMAND: POST /session/638b8c348501295d6d2539f1a905cf1c/execute/async - {"script":"<script> [776 bytes]","args":[{"enterText":"TA","selector":{"controlType":"sap.m.Input","viewName":"etm.portal.ui.manageyards.view.New","viewId":"application-manageyards-display-component---NewYard","bindingPath":{"path":"","propertyPath":"/AUART","modelName":"NewYardModel"},"interaction":{"idSuffix":"inner"}},"clearTextFirst":true,"interactionType":"ENTER_TEXT"}]}
RESULT: {"script":"<script> [776 bytes]","args":[{"enterText":"TA","selector":{"controlType":"sap.m.Input","viewName":"etm.portal.ui.manageyards.view.New","viewId":"application-manageyards-display-component---NewYard","bindingPath":{"path":"","propertyPath":"/AUART","modelName":"NewYardModel"},"interaction":{"idSuffix":"inner"}},"clearTextFirst":true,"interactionType":"ENTER_TEXT"}]}
COMMAND: POST /session/638b8c348501295d6d2539f1a905cf1c/element - {"using":"xpath","value":"//button[@data-kt=\"newYardSaveButton\"]"}
RESULT: {"using":"xpath","value":"//button[@data-kt=\"newYardSaveButton\"]"}
COMMAND: POST /session/638b8c348501295d6d2539f1a905cf1c/element/f.AA659E0CE08D0C76D21A3A5289A8AF5F.d.7E266885A0E89EDDD1EBB09866A34235.e.608/click - {}
RESULT: {}
COMMAND: GET /session/638b8c348501295d6d2539f1a905cf1c/screenshot - {}
RESULT: {}
COMMAND: POST /session/638b8c348501295d6d2539f1a905cf1c/element - {"using":"xpath","value":"//header[contains(@id, 'ObjectPageLayout-headerTitle')]/div[1]/div[2]/div[1]/span[1]"}
RESULT: {"using":"xpath","value":"//header[contains(@id, 'ObjectPageLayout-headerTitle')]/div[1]/div[2]/div[1]/span[1]"}
COMMAND: POST /session/638b8c348501295d6d2539f1a905cf1c/elements - {"using":"xpath","value":"//header[contains(@id, 'ObjectPageLayout-headerTitle')]/div[1]/div[2]/div[1]/span[1]"}
RESULT: {"using":"xpath","value":"//header[contains(@id, 'ObjectPageLayout-headerTitle')]/div[1]/div[2]/div[1]/span[1]"}
COMMAND: POST /session/638b8c348501295d6d2539f1a905cf1c/execute/sync - {"script":"<script> [56 bytes]","args":[{"element-6066-11e4-a52e-4f735466cecf":"f.AA659E0CE08D0C76D21A3A5289A8AF5F.d.7E266885A0E89EDDD1EBB09866A34235.e.906","ELEMENT":"f.AA659E0CE08D0C76D21A3A5289A8AF5F.d.7E266885A0E89EDDD1EBB09866A34235.e.906"}]}
RESULT: {"script":"<script> [56 bytes]","args":[{"element-6066-11e4-a52e-4f735466cecf":"f.AA659E0CE08D0C76D21A3A5289A8AF5F.d.7E266885A0E89EDDD1EBB09866A34235.e.906","ELEMENT":"f.AA659E0CE08D0C76D21A3A5289A8AF5F.d.7E266885A0E89EDDD1EBB09866A34235.e.906"}]}
COMMAND: GET /session/638b8c348501295d6d2539f1a905cf1c/screenshot - {}
RESULT: {}
COMMAND: POST /session/638b8c348501295d6d2539f1a905cf1c/element - {"using":"css selector","value":"#shell-header-logo"}
RESULT: {"using":"css selector","value":"#shell-header-logo"}
COMMAND: POST /session/638b8c348501295d6d2539f1a905cf1c/element/f.AA659E0CE08D0C76D21A3A5289A8AF5F.d.7E266885A0E89EDDD1EBB09866A34235.e.265/click - {}
RESULT: {}
COMMAND: GET /session/638b8c348501295d6d2539f1a905cf1c/screenshot - {}
RESULT: {}
COMMAND: POST /session/638b8c348501295d6d2539f1a905cf1c/execute/sync - {"script":"<script> [299 bytes]","args":[["getModel","getResource"]]}
RESULT: {"script":"<script> [299 bytes]","args":[["getModel","getResource"]]}
]]></system-out>
    </testcase>
    <testcase classname="chrome.135_0_7049_96.windows.Billing_confirm_US117289" name="Should create a new partner" time="136.421">
      <system-out><![CDATA[
COMMAND: GET /session/638b8c348501295d6d2539f1a905cf1c/screenshot - {}
COMMAND: POST /session/638b8c348501295d6d2539f1a905cf1c/window/fullscreen - {}
RESULT: {}
COMMAND: POST /session/638b8c348501295d6d2539f1a905cf1c/execute/async - {"script":"<script> [1562 bytes]","args":[{"selector":{"controlType":"sap.m.GenericTile","properties":{"header":"Manage Partners"}},"wdio_ui5_key":"sapm.GenericTile{\"header\":\"Manage Partners\"}"}]}
RESULT: {}
RESULT: {"script":"<script> [1562 bytes]","args":[{"selector":{"controlType":"sap.m.GenericTile","properties":{"header":"Manage Partners"}},"wdio_ui5_key":"sapm.GenericTile{\"header\":\"Manage Partners\"}"}]}
RESULT: undefined
COMMAND: POST /session/638b8c348501295d6d2539f1a905cf1c/element - {"using":"xpath","value":"//*[@id=\"__tile38\"]"}
RESULT: {"using":"xpath","value":"//*[@id=\"__tile38\"]"}
COMMAND: POST /session/638b8c348501295d6d2539f1a905cf1c/element/f.AA659E0CE08D0C76D21A3A5289A8AF5F.d.7E266885A0E89EDDD1EBB09866A34235.e.150/click - {}
RESULT: {}
COMMAND: POST /session/638b8c348501295d6d2539f1a905cf1c/element - {"using":"xpath","value":"//button[@data-kt=\"addButton\"]"}
COMMAND: GET /session/638b8c348501295d6d2539f1a905cf1c/screenshot - {}
RESULT: {"using":"xpath","value":"//button[@data-kt=\"addButton\"]"}
COMMAND: POST /session/638b8c348501295d6d2539f1a905cf1c/elements - {"using":"xpath","value":"//button[@data-kt=\"addButton\"]"}
RESULT: {}
RESULT: {"using":"xpath","value":"//button[@data-kt=\"addButton\"]"}
COMMAND: POST /session/638b8c348501295d6d2539f1a905cf1c/elements - {"using":"xpath","value":"//button[@data-kt=\"addButton\"]"}
RESULT: {"using":"xpath","value":"//button[@data-kt=\"addButton\"]"}
COMMAND: POST /session/638b8c348501295d6d2539f1a905cf1c/elements - {"using":"xpath","value":"//button[@data-kt=\"addButton\"]"}
RESULT: {"using":"xpath","value":"//button[@data-kt=\"addButton\"]"}
COMMAND: POST /session/638b8c348501295d6d2539f1a905cf1c/elements - {"using":"xpath","value":"//button[@data-kt=\"addButton\"]"}
RESULT: {"using":"xpath","value":"//button[@data-kt=\"addButton\"]"}
COMMAND: POST /session/638b8c348501295d6d2539f1a905cf1c/elements - {"using":"xpath","value":"//button[@data-kt=\"addButton\"]"}
RESULT: {"using":"xpath","value":"//button[@data-kt=\"addButton\"]"}
COMMAND: POST /session/638b8c348501295d6d2539f1a905cf1c/elements - {"using":"xpath","value":"//button[@data-kt=\"addButton\"]"}
RESULT: {"using":"xpath","value":"//button[@data-kt=\"addButton\"]"}
COMMAND: POST /session/638b8c348501295d6d2539f1a905cf1c/elements - {"using":"xpath","value":"//button[@data-kt=\"addButton\"]"}
RESULT: {"using":"xpath","value":"//button[@data-kt=\"addButton\"]"}
COMMAND: POST /session/638b8c348501295d6d2539f1a905cf1c/elements - {"using":"xpath","value":"//button[@data-kt=\"addButton\"]"}
RESULT: {"using":"xpath","value":"//button[@data-kt=\"addButton\"]"}
COMMAND: POST /session/638b8c348501295d6d2539f1a905cf1c/elements - {"using":"xpath","value":"//button[@data-kt=\"addButton\"]"}
RESULT: {"using":"xpath","value":"//button[@data-kt=\"addButton\"]"}
COMMAND: POST /session/638b8c348501295d6d2539f1a905cf1c/elements - {"using":"xpath","value":"//button[@data-kt=\"addButton\"]"}
RESULT: {"using":"xpath","value":"//button[@data-kt=\"addButton\"]"}
COMMAND: POST /session/638b8c348501295d6d2539f1a905cf1c/elements - {"using":"xpath","value":"//button[@data-kt=\"addButton\"]"}
RESULT: {"using":"xpath","value":"//button[@data-kt=\"addButton\"]"}
COMMAND: POST /session/638b8c348501295d6d2539f1a905cf1c/elements - {"using":"xpath","value":"//button[@data-kt=\"addButton\"]"}
RESULT: {"using":"xpath","value":"//button[@data-kt=\"addButton\"]"}
COMMAND: POST /session/638b8c348501295d6d2539f1a905cf1c/elements - {"using":"xpath","value":"//button[@data-kt=\"addButton\"]"}
RESULT: {"using":"xpath","value":"//button[@data-kt=\"addButton\"]"}
COMMAND: POST /session/638b8c348501295d6d2539f1a905cf1c/elements - {"using":"xpath","value":"//button[@data-kt=\"addButton\"]"}
RESULT: {"using":"xpath","value":"//button[@data-kt=\"addButton\"]"}
COMMAND: POST /session/638b8c348501295d6d2539f1a905cf1c/elements - {"using":"xpath","value":"//button[@data-kt=\"addButton\"]"}
RESULT: {"using":"xpath","value":"//button[@data-kt=\"addButton\"]"}
COMMAND: POST /session/638b8c348501295d6d2539f1a905cf1c/elements - {"using":"xpath","value":"//button[@data-kt=\"addButton\"]"}
RESULT: {"using":"xpath","value":"//button[@data-kt=\"addButton\"]"}
COMMAND: POST /session/638b8c348501295d6d2539f1a905cf1c/elements - {"using":"xpath","value":"//button[@data-kt=\"addButton\"]"}
RESULT: {"using":"xpath","value":"//button[@data-kt=\"addButton\"]"}
COMMAND: POST /session/638b8c348501295d6d2539f1a905cf1c/elements - {"using":"xpath","value":"//button[@data-kt=\"addButton\"]"}
RESULT: {"using":"xpath","value":"//button[@data-kt=\"addButton\"]"}
COMMAND: POST /session/638b8c348501295d6d2539f1a905cf1c/elements - {"using":"xpath","value":"//button[@data-kt=\"addButton\"]"}
RESULT: {"using":"xpath","value":"//button[@data-kt=\"addButton\"]"}
COMMAND: POST /session/638b8c348501295d6d2539f1a905cf1c/elements - {"using":"xpath","value":"//button[@data-kt=\"addButton\"]"}
RESULT: {"using":"xpath","value":"//button[@data-kt=\"addButton\"]"}
COMMAND: POST /session/638b8c348501295d6d2539f1a905cf1c/elements - {"using":"xpath","value":"//button[@data-kt=\"addButton\"]"}
RESULT: {"using":"xpath","value":"//button[@data-kt=\"addButton\"]"}
COMMAND: POST /session/638b8c348501295d6d2539f1a905cf1c/elements - {"using":"xpath","value":"//button[@data-kt=\"addButton\"]"}
RESULT: {"using":"xpath","value":"//button[@data-kt=\"addButton\"]"}
COMMAND: POST /session/638b8c348501295d6d2539f1a905cf1c/elements - {"using":"xpath","value":"//button[@data-kt=\"addButton\"]"}
RESULT: {"using":"xpath","value":"//button[@data-kt=\"addButton\"]"}
COMMAND: POST /session/638b8c348501295d6d2539f1a905cf1c/elements - {"using":"xpath","value":"//button[@data-kt=\"addButton\"]"}
RESULT: {"using":"xpath","value":"//button[@data-kt=\"addButton\"]"}
COMMAND: POST /session/638b8c348501295d6d2539f1a905cf1c/element - {"using":"xpath","value":"//button[@data-kt=\"addButton\"]"}
RESULT: {"using":"xpath","value":"//button[@data-kt=\"addButton\"]"}
COMMAND: POST /session/638b8c348501295d6d2539f1a905cf1c/execute/sync - {"script":"<script> [8489 bytes]","args":[{"element-6066-11e4-a52e-4f735466cecf":"f.AA659E0CE08D0C76D21A3A5289A8AF5F.d.7E266885A0E89EDDD1EBB09866A34235.e.943","ELEMENT":"f.AA659E0CE08D0C76D21A3A5289A8AF5F.d.7E266885A0E89EDDD1EBB09866A34235.e.943"}]}
RESULT: {"script":"<script> [8489 bytes]","args":[{"element-6066-11e4-a52e-4f735466cecf":"f.AA659E0CE08D0C76D21A3A5289A8AF5F.d.7E266885A0E89EDDD1EBB09866A34235.e.943","ELEMENT":"f.AA659E0CE08D0C76D21A3A5289A8AF5F.d.7E266885A0E89EDDD1EBB09866A34235.e.943"}]}
COMMAND: GET /session/638b8c348501295d6d2539f1a905cf1c/element/f.AA659E0CE08D0C76D21A3A5289A8AF5F.d.7E266885A0E89EDDD1EBB09866A34235.e.943/enabled - {}
COMMAND: GET /session/638b8c348501295d6d2539f1a905cf1c/screenshot - {}
RESULT: {}
COMMAND: POST /session/638b8c348501295d6d2539f1a905cf1c/execute/sync - {"script":"<script> [8489 bytes]","args":[{"element-6066-11e4-a52e-4f735466cecf":"f.AA659E0CE08D0C76D21A3A5289A8AF5F.d.7E266885A0E89EDDD1EBB09866A34235.e.943","ELEMENT":"f.AA659E0CE08D0C76D21A3A5289A8AF5F.d.7E266885A0E89EDDD1EBB09866A34235.e.943"}]}
COMMAND: GET /session/638b8c348501295d6d2539f1a905cf1c/screenshot - {}
RESULT: {}
RESULT: {"script":"<script> [8489 bytes]","args":[{"element-6066-11e4-a52e-4f735466cecf":"f.AA659E0CE08D0C76D21A3A5289A8AF5F.d.7E266885A0E89EDDD1EBB09866A34235.e.943","ELEMENT":"f.AA659E0CE08D0C76D21A3A5289A8AF5F.d.7E266885A0E89EDDD1EBB09866A34235.e.943"}]}
COMMAND: POST /session/638b8c348501295d6d2539f1a905cf1c/execute/sync - {"script":"<script> [5351 bytes]","args":[{"element-6066-11e4-a52e-4f735466cecf":"f.AA659E0CE08D0C76D21A3A5289A8AF5F.d.7E266885A0E89EDDD1EBB09866A34235.e.943","ELEMENT":"f.AA659E0CE08D0C76D21A3A5289A8AF5F.d.7E266885A0E89EDDD1EBB09866A34235.e.943"}]}
COMMAND: GET /session/638b8c348501295d6d2539f1a905cf1c/screenshot - {}
RESULT: {}
RESULT: {"script":"<script> [5351 bytes]","args":[{"element-6066-11e4-a52e-4f735466cecf":"f.AA659E0CE08D0C76D21A3A5289A8AF5F.d.7E266885A0E89EDDD1EBB09866A34235.e.943","ELEMENT":"f.AA659E0CE08D0C76D21A3A5289A8AF5F.d.7E266885A0E89EDDD1EBB09866A34235.e.943"}]}
COMMAND: POST /session/638b8c348501295d6d2539f1a905cf1c/element/f.AA659E0CE08D0C76D21A3A5289A8AF5F.d.7E266885A0E89EDDD1EBB09866A34235.e.943/click - {}
COMMAND: GET /session/638b8c348501295d6d2539f1a905cf1c/screenshot - {}
RESULT: {}
RESULT: {}
COMMAND: GET /session/638b8c348501295d6d2539f1a905cf1c/screenshot - {}
COMMAND: POST /session/638b8c348501295d6d2539f1a905cf1c/execute/async - {"script":"<script> [1562 bytes]","args":[{"selector":{"id":"application-managepartners-display-component---NewPartner--addressDetailDetailsName1","interaction":{"idSuffix":"inner"}},"wdio_ui5_key":"applicationmanagepartners-display-component---NewPartner--addressDetailDetailsName1"}]}
RESULT: {}
RESULT: {}
RESULT: {"script":"<script> [1562 bytes]","args":[{"selector":{"id":"application-managepartners-display-component---NewPartner--addressDetailDetailsName1","interaction":{"idSuffix":"inner"}},"wdio_ui5_key":"applicationmanagepartners-display-component---NewPartner--addressDetailDetailsName1"}]}
RESULT: undefined
COMMAND: POST /session/638b8c348501295d6d2539f1a905cf1c/execute/async - {"script":"<script> [776 bytes]","args":[{"enterText":"Intracompany Partner WDIO","selector":{"id":"application-managepartners-display-component---NewPartner--addressDetailDetailsName1","interaction":{"idSuffix":"inner"}},"clearTextFirst":true,"interactionType":"ENTER_TEXT"}]}
RESULT: {"script":"<script> [776 bytes]","args":[{"enterText":"Intracompany Partner WDIO","selector":{"id":"application-managepartners-display-component---NewPartner--addressDetailDetailsName1","interaction":{"idSuffix":"inner"}},"clearTextFirst":true,"interactionType":"ENTER_TEXT"}]}
COMMAND: POST /session/638b8c348501295d6d2539f1a905cf1c/execute/async - {"script":"<script> [1562 bytes]","args":[{"selector":{"id":"application-managepartners-display-component---NewPartner--addressDetailDetailsLanguage-arrow"},"wdio_ui5_key":"applicationmanagepartners-display-component---NewPartner--addressDetailDetailsLanguage-arrow"}]}
RESULT: {"script":"<script> [1562 bytes]","args":[{"selector":{"id":"application-managepartners-display-component---NewPartner--addressDetailDetailsLanguage-arrow"},"wdio_ui5_key":"applicationmanagepartners-display-component---NewPartner--addressDetailDetailsLanguage-arrow"}]}
RESULT: undefined
COMMAND: POST /session/638b8c348501295d6d2539f1a905cf1c/element - {"using":"xpath","value":"//*[@id=\"application-managepartners-display-component---NewPartner--addressDetailDetailsLanguage-arrow\"]"}
RESULT: {"using":"xpath","value":"//*[@id=\"application-managepartners-display-component---NewPartner--addressDetailDetailsLanguage-arrow\"]"}
COMMAND: POST /session/638b8c348501295d6d2539f1a905cf1c/element/f.AA659E0CE08D0C76D21A3A5289A8AF5F.d.7E266885A0E89EDDD1EBB09866A34235.e.1389/click - {}
RESULT: {}
COMMAND: POST /session/638b8c348501295d6d2539f1a905cf1c/element - {"using":"xpath","value":"//span[contains(text(), \"English\")]"}
COMMAND: GET /session/638b8c348501295d6d2539f1a905cf1c/screenshot - {}
RESULT: {"using":"xpath","value":"//span[contains(text(), \"English\")]"}
COMMAND: POST /session/638b8c348501295d6d2539f1a905cf1c/element/f.AA659E0CE08D0C76D21A3A5289A8AF5F.d.7E266885A0E89EDDD1EBB09866A34235.e.1390/click - {}
RESULT: {}
RESULT: {}
COMMAND: GET /session/638b8c348501295d6d2539f1a905cf1c/screenshot - {}
RESULT: {}
COMMAND: POST /session/638b8c348501295d6d2539f1a905cf1c/execute/async - {"script":"<script> [1562 bytes]","args":[{"selector":{"id":"application-managepartners-display-component---NewPartner--addressDetailDetailsCity1","interaction":{"idSuffix":"inner"}},"wdio_ui5_key":"applicationmanagepartners-display-component---NewPartner--addressDetailDetailsCity1"}]}
RESULT: {"script":"<script> [1562 bytes]","args":[{"selector":{"id":"application-managepartners-display-component---NewPartner--addressDetailDetailsCity1","interaction":{"idSuffix":"inner"}},"wdio_ui5_key":"applicationmanagepartners-display-component---NewPartner--addressDetailDetailsCity1"}]}
RESULT: undefined
COMMAND: POST /session/638b8c348501295d6d2539f1a905cf1c/execute/async - {"script":"<script> [776 bytes]","args":[{"enterText":"Rosario","selector":{"id":"application-managepartners-display-component---NewPartner--addressDetailDetailsCity1","interaction":{"idSuffix":"inner"}},"clearTextFirst":true,"interactionType":"ENTER_TEXT"}]}
RESULT: {"script":"<script> [776 bytes]","args":[{"enterText":"Rosario","selector":{"id":"application-managepartners-display-component---NewPartner--addressDetailDetailsCity1","interaction":{"idSuffix":"inner"}},"clearTextFirst":true,"interactionType":"ENTER_TEXT"}]}
COMMAND: POST /session/638b8c348501295d6d2539f1a905cf1c/execute/async - {"script":"<script> [1562 bytes]","args":[{"selector":{"id":"application-managepartners-display-component---NewPartner--addressDetailDetailsCountry-arrow"},"wdio_ui5_key":"applicationmanagepartners-display-component---NewPartner--addressDetailDetailsCountry-arrow"}]}
RESULT: {"script":"<script> [1562 bytes]","args":[{"selector":{"id":"application-managepartners-display-component---NewPartner--addressDetailDetailsCountry-arrow"},"wdio_ui5_key":"applicationmanagepartners-display-component---NewPartner--addressDetailDetailsCountry-arrow"}]}
RESULT: undefined
COMMAND: POST /session/638b8c348501295d6d2539f1a905cf1c/element - {"using":"xpath","value":"//*[@id=\"application-managepartners-display-component---NewPartner--addressDetailDetailsCountry-arrow\"]"}
RESULT: {"using":"xpath","value":"//*[@id=\"application-managepartners-display-component---NewPartner--addressDetailDetailsCountry-arrow\"]"}
COMMAND: POST /session/638b8c348501295d6d2539f1a905cf1c/element/f.AA659E0CE08D0C76D21A3A5289A8AF5F.d.7E266885A0E89EDDD1EBB09866A34235.e.1368/click - {}
RESULT: {}
COMMAND: POST /session/638b8c348501295d6d2539f1a905cf1c/element - {"using":"xpath","value":"//span[contains(text(), \"Argentina\")]"}
COMMAND: GET /session/638b8c348501295d6d2539f1a905cf1c/screenshot - {}
RESULT: {"using":"xpath","value":"//span[contains(text(), \"Argentina\")]"}
COMMAND: POST /session/638b8c348501295d6d2539f1a905cf1c/element/f.AA659E0CE08D0C76D21A3A5289A8AF5F.d.7E266885A0E89EDDD1EBB09866A34235.e.1392/click - {}
RESULT: {}
RESULT: {}
COMMAND: GET /session/638b8c348501295d6d2539f1a905cf1c/screenshot - {}
RESULT: {}
COMMAND: POST /session/638b8c348501295d6d2539f1a905cf1c/element - {"using":"xpath","value":"//bdi[contains(text(), \"Commercial\")]"}
RESULT: {"using":"xpath","value":"//bdi[contains(text(), \"Commercial\")]"}
COMMAND: POST /session/638b8c348501295d6d2539f1a905cf1c/element/f.AA659E0CE08D0C76D21A3A5289A8AF5F.d.7E266885A0E89EDDD1EBB09866A34235.e.1393/click - {}
RESULT: {}
COMMAND: GET /session/638b8c348501295d6d2539f1a905cf1c/screenshot - {}
RESULT: {}
COMMAND: POST /session/638b8c348501295d6d2539f1a905cf1c/execute/async - {"script":"<script> [1562 bytes]","args":[{"selector":{"id":"application-managepartners-display-component---NewPartner--partnerDetailInternal-arrow"},"wdio_ui5_key":"applicationmanagepartners-display-component---NewPartner--partnerDetailInternal-arrow"}]}
RESULT: {"script":"<script> [1562 bytes]","args":[{"selector":{"id":"application-managepartners-display-component---NewPartner--partnerDetailInternal-arrow"},"wdio_ui5_key":"applicationmanagepartners-display-component---NewPartner--partnerDetailInternal-arrow"}]}
RESULT: undefined
COMMAND: POST /session/638b8c348501295d6d2539f1a905cf1c/element - {"using":"xpath","value":"//*[@id=\"application-managepartners-display-component---NewPartner--partnerDetailInternal-arrow\"]"}
RESULT: {"using":"xpath","value":"//*[@id=\"application-managepartners-display-component---NewPartner--partnerDetailInternal-arrow\"]"}
COMMAND: POST /session/638b8c348501295d6d2539f1a905cf1c/element/f.AA659E0CE08D0C76D21A3A5289A8AF5F.d.7E266885A0E89EDDD1EBB09866A34235.e.1399/click - {}
RESULT: {}
COMMAND: POST /session/638b8c348501295d6d2539f1a905cf1c/element - {"using":"xpath","value":"//span[contains(text(), \"Affiliated company\")]"}
COMMAND: GET /session/638b8c348501295d6d2539f1a905cf1c/screenshot - {}
RESULT: {"using":"xpath","value":"//span[contains(text(), \"Affiliated company\")]"}
COMMAND: POST /session/638b8c348501295d6d2539f1a905cf1c/element/f.AA659E0CE08D0C76D21A3A5289A8AF5F.d.7E266885A0E89EDDD1EBB09866A34235.e.1400/click - {}
RESULT: {}
RESULT: {}
COMMAND: POST /session/638b8c348501295d6d2539f1a905cf1c/execute/async - {"script":"<script> [1562 bytes]","args":[{"selector":{"id":"application-managepartners-display-component---NewPartner--partnerDetailsCurrency-arrow"},"wdio_ui5_key":"applicationmanagepartners-display-component---NewPartner--partnerDetailsCurrency-arrow"}]}
COMMAND: GET /session/638b8c348501295d6d2539f1a905cf1c/screenshot - {}
RESULT: {"script":"<script> [1562 bytes]","args":[{"selector":{"id":"application-managepartners-display-component---NewPartner--partnerDetailsCurrency-arrow"},"wdio_ui5_key":"applicationmanagepartners-display-component---NewPartner--partnerDetailsCurrency-arrow"}]}
RESULT: undefined
COMMAND: POST /session/638b8c348501295d6d2539f1a905cf1c/element - {"using":"xpath","value":"//*[@id=\"application-managepartners-display-component---NewPartner--partnerDetailsCurrency-arrow\"]"}
RESULT: {}
RESULT: {"using":"xpath","value":"//*[@id=\"application-managepartners-display-component---NewPartner--partnerDetailsCurrency-arrow\"]"}
COMMAND: POST /session/638b8c348501295d6d2539f1a905cf1c/element/f.AA659E0CE08D0C76D21A3A5289A8AF5F.d.7E266885A0E89EDDD1EBB09866A34235.e.1407/click - {}
RESULT: {}
COMMAND: POST /session/638b8c348501295d6d2539f1a905cf1c/element - {"using":"xpath","value":"//span[contains(text(), \"Euro\")]"}
COMMAND: GET /session/638b8c348501295d6d2539f1a905cf1c/screenshot - {}
RESULT: {"using":"xpath","value":"//span[contains(text(), \"Euro\")]"}
COMMAND: POST /session/638b8c348501295d6d2539f1a905cf1c/element/f.AA659E0CE08D0C76D21A3A5289A8AF5F.d.7E266885A0E89EDDD1EBB09866A34235.e.1408/click - {}
RESULT: {}
RESULT: {}
COMMAND: POST /session/638b8c348501295d6d2539f1a905cf1c/execute/async - {"script":"<script> [1562 bytes]","args":[{"selector":{"id":"application-managepartners-display-component---NewPartner--addressEditDetailsCostObjectCstType-arrow"},"wdio_ui5_key":"applicationmanagepartners-display-component---NewPartner--addressEditDetailsCostObjectCstType-arrow"}]}
COMMAND: GET /session/638b8c348501295d6d2539f1a905cf1c/screenshot - {}
RESULT: {"script":"<script> [1562 bytes]","args":[{"selector":{"id":"application-managepartners-display-component---NewPartner--addressEditDetailsCostObjectCstType-arrow"},"wdio_ui5_key":"applicationmanagepartners-display-component---NewPartner--addressEditDetailsCostObjectCstType-arrow"}]}
RESULT: undefined
COMMAND: POST /session/638b8c348501295d6d2539f1a905cf1c/element - {"using":"xpath","value":"//*[@id=\"application-managepartners-display-component---NewPartner--addressEditDetailsCostObjectCstType-arrow\"]"}
RESULT: {}
RESULT: {"using":"xpath","value":"//*[@id=\"application-managepartners-display-component---NewPartner--addressEditDetailsCostObjectCstType-arrow\"]"}
COMMAND: POST /session/638b8c348501295d6d2539f1a905cf1c/element/f.AA659E0CE08D0C76D21A3A5289A8AF5F.d.7E266885A0E89EDDD1EBB09866A34235.e.1409/click - {}
RESULT: {}
COMMAND: POST /session/638b8c348501295d6d2539f1a905cf1c/element - {"using":"xpath","value":"//span[contains(text(), \"Cost Center\")]"}
COMMAND: GET /session/638b8c348501295d6d2539f1a905cf1c/screenshot - {}
RESULT: {"using":"xpath","value":"//span[contains(text(), \"Cost Center\")]"}
COMMAND: POST /session/638b8c348501295d6d2539f1a905cf1c/element/f.AA659E0CE08D0C76D21A3A5289A8AF5F.d.7E266885A0E89EDDD1EBB09866A34235.e.1410/click - {}
RESULT: {}
RESULT: {}
COMMAND: GET /session/638b8c348501295d6d2539f1a905cf1c/screenshot - {}
RESULT: {}
COMMAND: POST /session/638b8c348501295d6d2539f1a905cf1c/element - {"using":"xpath","value":"//span[@id=\"application-managepartners-display-component---NewPartner--addressNewCostObjectCstID-vhi\"]"}
RESULT: {"using":"xpath","value":"//span[@id=\"application-managepartners-display-component---NewPartner--addressNewCostObjectCstID-vhi\"]"}
COMMAND: POST /session/638b8c348501295d6d2539f1a905cf1c/execute/sync - {"script":"<script> [8489 bytes]","args":[{"element-6066-11e4-a52e-4f735466cecf":"f.AA659E0CE08D0C76D21A3A5289A8AF5F.d.7E266885A0E89EDDD1EBB09866A34235.e.1414","ELEMENT":"f.AA659E0CE08D0C76D21A3A5289A8AF5F.d.7E266885A0E89EDDD1EBB09866A34235.e.1414"}]}
RESULT: {"script":"<script> [8489 bytes]","args":[{"element-6066-11e4-a52e-4f735466cecf":"f.AA659E0CE08D0C76D21A3A5289A8AF5F.d.7E266885A0E89EDDD1EBB09866A34235.e.1414","ELEMENT":"f.AA659E0CE08D0C76D21A3A5289A8AF5F.d.7E266885A0E89EDDD1EBB09866A34235.e.1414"}]}
COMMAND: POST /session/638b8c348501295d6d2539f1a905cf1c/execute/async - {"script":"<script> [1562 bytes]","args":[{"selector":{"id":"application-managepartners-display-component---NewPartner--addressNewCostObjectCstID-vhi"},"wdio_ui5_key":"applicationmanagepartners-display-component---NewPartner--addressNewCostObjectCstID-vhi"}]}
COMMAND: GET /session/638b8c348501295d6d2539f1a905cf1c/screenshot - {}
RESULT: {"script":"<script> [1562 bytes]","args":[{"selector":{"id":"application-managepartners-display-component---NewPartner--addressNewCostObjectCstID-vhi"},"wdio_ui5_key":"applicationmanagepartners-display-component---NewPartner--addressNewCostObjectCstID-vhi"}]}
RESULT: undefined
COMMAND: POST /session/638b8c348501295d6d2539f1a905cf1c/element - {"using":"xpath","value":"//*[@id=\"application-managepartners-display-component---NewPartner--addressNewCostObjectCstID-vhi\"]"}
RESULT: {}
RESULT: {"using":"xpath","value":"//*[@id=\"application-managepartners-display-component---NewPartner--addressNewCostObjectCstID-vhi\"]"}
COMMAND: POST /session/638b8c348501295d6d2539f1a905cf1c/element/f.AA659E0CE08D0C76D21A3A5289A8AF5F.d.7E266885A0E89EDDD1EBB09866A34235.e.1414/click - {}
RESULT: {}
COMMAND: GET /session/638b8c348501295d6d2539f1a905cf1c/screenshot - {}
RESULT: {}
RESULT: undefined
COMMAND: POST /session/638b8c348501295d6d2539f1a905cf1c/execute/async - {"script":"<script> [776 bytes]","args":[{"enterText":"10001013","selector":{"controlType":"sap.m.SearchField","properties":{"placeholder":"Search"},"searchOpenDialogs":true,"interaction":{"idSuffix":"I"}},"clearTextFirst":true,"interactionType":"ENTER_TEXT"}]}
RESULT: {"script":"<script> [776 bytes]","args":[{"enterText":"10001013","selector":{"controlType":"sap.m.SearchField","properties":{"placeholder":"Search"},"searchOpenDialogs":true,"interaction":{"idSuffix":"I"}},"clearTextFirst":true,"interactionType":"ENTER_TEXT"}]}
COMMAND: POST /session/638b8c348501295d6d2539f1a905cf1c/actions - {"actions":[{"id":"action2","type":"key","parameters":{},"actions":[{"type":"keyDown","value":"î€‡"},{"type":"pause","duration":10},{"type":"keyUp","value":"î€‡"}]}]}
RESULT: {"actions":[{"id":"action2","type":"key","parameters":{},"actions":[{"type":"keyDown","value":"î€‡"},{"type":"pause","duration":10},{"type":"keyUp","value":"î€‡"}]}]}
COMMAND: GET /session/638b8c348501295d6d2539f1a905cf1c/screenshot - {}
RESULT: {}
COMMAND: POST /session/638b8c348501295d6d2539f1a905cf1c/element - {"using":"xpath","value":"//span[contains(text(), \"General Management\")]"}
RESULT: {"using":"xpath","value":"//span[contains(text(), \"General Management\")]"}
COMMAND: POST /session/638b8c348501295d6d2539f1a905cf1c/element/f.AA659E0CE08D0C76D21A3A5289A8AF5F.d.7E266885A0E89EDDD1EBB09866A34235.e.1449/click - {}
RESULT: {}
COMMAND: GET /session/638b8c348501295d6d2539f1a905cf1c/screenshot - {}
RESULT: {}
COMMAND: POST /session/638b8c348501295d6d2539f1a905cf1c/element - {"using":"xpath","value":"//bdi[contains(text(), \"OK\")]"}
RESULT: {"using":"xpath","value":"//bdi[contains(text(), \"OK\")]"}
COMMAND: POST /session/638b8c348501295d6d2539f1a905cf1c/element/f.AA659E0CE08D0C76D21A3A5289A8AF5F.d.7E266885A0E89EDDD1EBB09866A34235.e.1450/click - {}
RESULT: {}
COMMAND: GET /session/638b8c348501295d6d2539f1a905cf1c/screenshot - {}
RESULT: {}
COMMAND: POST /session/638b8c348501295d6d2539f1a905cf1c/element - {"using":"xpath","value":"//input[@id=\"application-managepartners-display-component---NewPartner--companyCodeComboBox-inner\"]"}
RESULT: {"using":"xpath","value":"//input[@id=\"application-managepartners-display-component---NewPartner--companyCodeComboBox-inner\"]"}
COMMAND: POST /session/638b8c348501295d6d2539f1a905cf1c/element/f.AA659E0CE08D0C76D21A3A5289A8AF5F.d.7E266885A0E89EDDD1EBB09866A34235.e.1302/clear - {}
RESULT: {}
COMMAND: POST /session/638b8c348501295d6d2539f1a905cf1c/element/f.AA659E0CE08D0C76D21A3A5289A8AF5F.d.7E266885A0E89EDDD1EBB09866A34235.e.1302/value - {"text":"1000"}
COMMAND: GET /session/638b8c348501295d6d2539f1a905cf1c/screenshot - {}
RESULT: {"text":"1000"}
COMMAND: GET /session/638b8c348501295d6d2539f1a905cf1c/screenshot - {}
RESULT: {}
RESULT: {}
COMMAND: POST /session/638b8c348501295d6d2539f1a905cf1c/element - {"using":"xpath","value":"//span[contains(text(), \"1000\")]"}
RESULT: {"using":"xpath","value":"//span[contains(text(), \"1000\")]"}
COMMAND: POST /session/638b8c348501295d6d2539f1a905cf1c/element/f.AA659E0CE08D0C76D21A3A5289A8AF5F.d.7E266885A0E89EDDD1EBB09866A34235.e.1456/click - {}
RESULT: {}
COMMAND: GET /session/638b8c348501295d6d2539f1a905cf1c/screenshot - {}
RESULT: {}
COMMAND: POST /session/638b8c348501295d6d2539f1a905cf1c/execute/async - {"script":"<script> [1562 bytes]","args":[{"selector":{"id":"application-managepartners-display-component---NewPartner--btnAddTableRow-img"},"wdio_ui5_key":"applicationmanagepartners-display-component---NewPartner--btnAddTableRow-img"}]}
RESULT: {"script":"<script> [1562 bytes]","args":[{"selector":{"id":"application-managepartners-display-component---NewPartner--btnAddTableRow-img"},"wdio_ui5_key":"applicationmanagepartners-display-component---NewPartner--btnAddTableRow-img"}]}
RESULT: undefined
COMMAND: POST /session/638b8c348501295d6d2539f1a905cf1c/element - {"using":"xpath","value":"//*[@id=\"application-managepartners-display-component---NewPartner--btnAddTableRow-img\"]"}
RESULT: {"using":"xpath","value":"//*[@id=\"application-managepartners-display-component---NewPartner--btnAddTableRow-img\"]"}
COMMAND: POST /session/638b8c348501295d6d2539f1a905cf1c/element/f.AA659E0CE08D0C76D21A3A5289A8AF5F.d.7E266885A0E89EDDD1EBB09866A34235.e.1457/click - {}
RESULT: {}
COMMAND: GET /session/638b8c348501295d6d2539f1a905cf1c/screenshot - {}
RESULT: {}
COMMAND: POST /session/638b8c348501295d6d2539f1a905cf1c/element - {"using":"xpath","value":"//input[@id=\"application-managepartners-display-component---NewPartner--assignmentYard-application-managepartners-display-component---NewPartner--assignmentsTable-0-inner\"]"}
RESULT: {"using":"xpath","value":"//input[@id=\"application-managepartners-display-component---NewPartner--assignmentYard-application-managepartners-display-component---NewPartner--assignmentsTable-0-inner\"]"}
COMMAND: POST /session/638b8c348501295d6d2539f1a905cf1c/element/f.AA659E0CE08D0C76D21A3A5289A8AF5F.d.7E266885A0E89EDDD1EBB09866A34235.e.1460/clear - {}
RESULT: {}
COMMAND: POST /session/638b8c348501295d6d2539f1a905cf1c/element/f.AA659E0CE08D0C76D21A3A5289A8AF5F.d.7E266885A0E89EDDD1EBB09866A34235.e.1460/value - {"text":"510"}
COMMAND: GET /session/638b8c348501295d6d2539f1a905cf1c/screenshot - {}
RESULT: {"text":"510"}
COMMAND: GET /session/638b8c348501295d6d2539f1a905cf1c/screenshot - {}
RESULT: {}
RESULT: {}
COMMAND: POST /session/638b8c348501295d6d2539f1a905cf1c/element - {"using":"xpath","value":"//li[.//span[text()='510']]"}
RESULT: {"using":"xpath","value":"//li[.//span[text()='510']]"}
COMMAND: POST /session/638b8c348501295d6d2539f1a905cf1c/element/f.AA659E0CE08D0C76D21A3A5289A8AF5F.d.7E266885A0E89EDDD1EBB09866A34235.e.1469/click - {}
RESULT: {}
COMMAND: GET /session/638b8c348501295d6d2539f1a905cf1c/screenshot - {}
RESULT: {}
COMMAND: POST /session/638b8c348501295d6d2539f1a905cf1c/actions - {"actions":[{"id":"action3","type":"key","parameters":{},"actions":[{"type":"keyDown","value":"î€‡"},{"type":"pause","duration":10},{"type":"keyUp","value":"î€‡"}]}]}
RESULT: {"actions":[{"id":"action3","type":"key","parameters":{},"actions":[{"type":"keyDown","value":"î€‡"},{"type":"pause","duration":10},{"type":"keyUp","value":"î€‡"}]}]}
COMMAND: POST /session/638b8c348501295d6d2539f1a905cf1c/execute/async - {"script":"<script> [1562 bytes]","args":[{"selector":{"id":"application-managepartners-display-component---NewPartner--externalCustomerComboBox-application-managepartners-display-component---NewPartner--assignmentsTable-0-vhi"},"wdio_ui5_key":"applicationmanagepartners-display-component---NewPartner--externalCustomerComboBox-application-managepartners-display-component---NewPartner--assignmentsTable-0-vhi"}]}
COMMAND: GET /session/638b8c348501295d6d2539f1a905cf1c/screenshot - {}
RESULT: {"script":"<script> [1562 bytes]","args":[{"selector":{"id":"application-managepartners-display-component---NewPartner--externalCustomerComboBox-application-managepartners-display-component---NewPartner--assignmentsTable-0-vhi"},"wdio_ui5_key":"applicationmanagepartners-display-component---NewPartner--externalCustomerComboBox-application-managepartners-display-component---NewPartner--assignmentsTable-0-vhi"}]}
RESULT: undefined
COMMAND: POST /session/638b8c348501295d6d2539f1a905cf1c/element - {"using":"xpath","value":"//*[@id=\"application-managepartners-display-component---NewPartner--externalCustomerComboBox-application-managepartners-display-component---NewPartner--assignmentsTable-0-vhi\"]"}
RESULT: {}
RESULT: {"using":"xpath","value":"//*[@id=\"application-managepartners-display-component---NewPartner--externalCustomerComboBox-application-managepartners-display-component---NewPartner--assignmentsTable-0-vhi\"]"}
COMMAND: POST /session/638b8c348501295d6d2539f1a905cf1c/element/f.AA659E0CE08D0C76D21A3A5289A8AF5F.d.7E266885A0E89EDDD1EBB09866A34235.e.1473/click - {}
RESULT: {}
RESULT: undefined
COMMAND: POST /session/638b8c348501295d6d2539f1a905cf1c/execute/async - {"script":"<script> [776 bytes]","args":[{"enterText":"300003","selector":{"controlType":"sap.m.SearchField","properties":{"placeholder":"Search"},"searchOpenDialogs":true,"interaction":{"idSuffix":"I"}},"clearTextFirst":true,"interactionType":"ENTER_TEXT"}]}
COMMAND: GET /session/638b8c348501295d6d2539f1a905cf1c/screenshot - {}
RESULT: {"script":"<script> [776 bytes]","args":[{"enterText":"300003","selector":{"controlType":"sap.m.SearchField","properties":{"placeholder":"Search"},"searchOpenDialogs":true,"interaction":{"idSuffix":"I"}},"clearTextFirst":true,"interactionType":"ENTER_TEXT"}]}
COMMAND: POST /session/638b8c348501295d6d2539f1a905cf1c/actions - {"actions":[{"id":"action4","type":"key","parameters":{},"actions":[{"type":"keyDown","value":"î€‡"},{"type":"pause","duration":10},{"type":"keyUp","value":"î€‡"}]}]}
RESULT: {}
RESULT: {"actions":[{"id":"action4","type":"key","parameters":{},"actions":[{"type":"keyDown","value":"î€‡"},{"type":"pause","duration":10},{"type":"keyUp","value":"î€‡"}]}]}
COMMAND: GET /session/638b8c348501295d6d2539f1a905cf1c/screenshot - {}
RESULT: {}
COMMAND: POST /session/638b8c348501295d6d2539f1a905cf1c/element - {"using":"xpath","value":"//span[contains(text(), \"300003\")]"}
RESULT: {"using":"xpath","value":"//span[contains(text(), \"300003\")]"}
COMMAND: POST /session/638b8c348501295d6d2539f1a905cf1c/element/f.AA659E0CE08D0C76D21A3A5289A8AF5F.d.7E266885A0E89EDDD1EBB09866A34235.e.1492/click - {}
RESULT: {}
COMMAND: GET /session/638b8c348501295d6d2539f1a905cf1c/screenshot - {}
RESULT: {}
COMMAND: POST /session/638b8c348501295d6d2539f1a905cf1c/element - {"using":"xpath","value":"//bdi[contains(text(), \"OK\")]"}
RESULT: {"using":"xpath","value":"//bdi[contains(text(), \"OK\")]"}
COMMAND: POST /session/638b8c348501295d6d2539f1a905cf1c/element/f.AA659E0CE08D0C76D21A3A5289A8AF5F.d.7E266885A0E89EDDD1EBB09866A34235.e.1494/click - {}
RESULT: {}
COMMAND: GET /session/638b8c348501295d6d2539f1a905cf1c/screenshot - {}
RESULT: {}
COMMAND: POST /session/638b8c348501295d6d2539f1a905cf1c/execute/async - {"script":"<script> [1562 bytes]","args":[{"selector":{"id":"application-managepartners-display-component---NewPartner--intercompVendorComboBox-application-managepartners-display-component---NewPartner--assignmentsTable-0-vhi"},"wdio_ui5_key":"applicationmanagepartners-display-component---NewPartner--intercompVendorComboBox-application-managepartners-display-component---NewPartner--assignmentsTable-0-vhi"}]}
RESULT: {"script":"<script> [1562 bytes]","args":[{"selector":{"id":"application-managepartners-display-component---NewPartner--intercompVendorComboBox-application-managepartners-display-component---NewPartner--assignmentsTable-0-vhi"},"wdio_ui5_key":"applicationmanagepartners-display-component---NewPartner--intercompVendorComboBox-application-managepartners-display-component---NewPartner--assignmentsTable-0-vhi"}]}
RESULT: undefined
COMMAND: POST /session/638b8c348501295d6d2539f1a905cf1c/element - {"using":"xpath","value":"//*[@id=\"application-managepartners-display-component---NewPartner--intercompVendorComboBox-application-managepartners-display-component---NewPartner--assignmentsTable-0-vhi\"]"}
RESULT: {"using":"xpath","value":"//*[@id=\"application-managepartners-display-component---NewPartner--intercompVendorComboBox-application-managepartners-display-component---NewPartner--assignmentsTable-0-vhi\"]"}
COMMAND: POST /session/638b8c348501295d6d2539f1a905cf1c/element/f.AA659E0CE08D0C76D21A3A5289A8AF5F.d.7E266885A0E89EDDD1EBB09866A34235.e.1498/click - {}
RESULT: {}
RESULT: undefined
COMMAND: POST /session/638b8c348501295d6d2539f1a905cf1c/execute/async - {"script":"<script> [776 bytes]","args":[{"enterText":"100005","selector":{"controlType":"sap.m.SearchField","properties":{"placeholder":"Search"},"searchOpenDialogs":true,"interaction":{"idSuffix":"I"}},"clearTextFirst":true,"interactionType":"ENTER_TEXT"}]}
COMMAND: GET /session/638b8c348501295d6d2539f1a905cf1c/screenshot - {}
RESULT: {"script":"<script> [776 bytes]","args":[{"enterText":"100005","selector":{"controlType":"sap.m.SearchField","properties":{"placeholder":"Search"},"searchOpenDialogs":true,"interaction":{"idSuffix":"I"}},"clearTextFirst":true,"interactionType":"ENTER_TEXT"}]}
COMMAND: POST /session/638b8c348501295d6d2539f1a905cf1c/actions - {"actions":[{"id":"action5","type":"key","parameters":{},"actions":[{"type":"keyDown","value":"î€‡"},{"type":"pause","duration":10},{"type":"keyUp","value":"î€‡"}]}]}
RESULT: {}
RESULT: {"actions":[{"id":"action5","type":"key","parameters":{},"actions":[{"type":"keyDown","value":"î€‡"},{"type":"pause","duration":10},{"type":"keyUp","value":"î€‡"}]}]}
COMMAND: GET /session/638b8c348501295d6d2539f1a905cf1c/screenshot - {}
RESULT: {}
COMMAND: POST /session/638b8c348501295d6d2539f1a905cf1c/element - {"using":"xpath","value":"//span[contains(text(), \"Penguins - Field/12345 Berlin\")]"}
RESULT: {"using":"xpath","value":"//span[contains(text(), \"Penguins - Field/12345 Berlin\")]"}
COMMAND: POST /session/638b8c348501295d6d2539f1a905cf1c/element/f.AA659E0CE08D0C76D21A3A5289A8AF5F.d.7E266885A0E89EDDD1EBB09866A34235.e.1516/click - {}
RESULT: {}
COMMAND: GET /session/638b8c348501295d6d2539f1a905cf1c/screenshot - {}
RESULT: {}
COMMAND: POST /session/638b8c348501295d6d2539f1a905cf1c/element - {"using":"xpath","value":"//bdi[contains(text(), \"OK\")]"}
RESULT: {"using":"xpath","value":"//bdi[contains(text(), \"OK\")]"}
COMMAND: POST /session/638b8c348501295d6d2539f1a905cf1c/element/f.AA659E0CE08D0C76D21A3A5289A8AF5F.d.7E266885A0E89EDDD1EBB09866A34235.e.1517/click - {}
RESULT: {}
COMMAND: GET /session/638b8c348501295d6d2539f1a905cf1c/screenshot - {}
RESULT: {}
COMMAND: POST /session/638b8c348501295d6d2539f1a905cf1c/element - {"using":"xpath","value":"//button[@data-kt=\"saveButton\"]"}
RESULT: {"using":"xpath","value":"//button[@data-kt=\"saveButton\"]"}
COMMAND: POST /session/638b8c348501295d6d2539f1a905cf1c/element/f.AA659E0CE08D0C76D21A3A5289A8AF5F.d.7E266885A0E89EDDD1EBB09866A34235.e.1308/click - {}
RESULT: {}
COMMAND: GET /session/638b8c348501295d6d2539f1a905cf1c/screenshot - {}
RESULT: {}
COMMAND: POST /session/638b8c348501295d6d2539f1a905cf1c/element - {"using":"xpath","value":"//header[contains(@id, 'ObjectPageLayout-headerTitle')]/div[1]/div[2]/div[2]/span[1]"}
RESULT: {"using":"xpath","value":"//header[contains(@id, 'ObjectPageLayout-headerTitle')]/div[1]/div[2]/div[2]/span[1]"}
COMMAND: POST /session/638b8c348501295d6d2539f1a905cf1c/elements - {"using":"xpath","value":"//header[contains(@id, 'ObjectPageLayout-headerTitle')]/div[1]/div[2]/div[2]/span[1]"}
RESULT: {"using":"xpath","value":"//header[contains(@id, 'ObjectPageLayout-headerTitle')]/div[1]/div[2]/div[2]/span[1]"}
COMMAND: POST /session/638b8c348501295d6d2539f1a905cf1c/execute/sync - {"script":"<script> [56 bytes]","args":[{"element-6066-11e4-a52e-4f735466cecf":"f.AA659E0CE08D0C76D21A3A5289A8AF5F.d.7E266885A0E89EDDD1EBB09866A34235.e.1683","ELEMENT":"f.AA659E0CE08D0C76D21A3A5289A8AF5F.d.7E266885A0E89EDDD1EBB09866A34235.e.1683"}]}
RESULT: {"script":"<script> [56 bytes]","args":[{"element-6066-11e4-a52e-4f735466cecf":"f.AA659E0CE08D0C76D21A3A5289A8AF5F.d.7E266885A0E89EDDD1EBB09866A34235.e.1683","ELEMENT":"f.AA659E0CE08D0C76D21A3A5289A8AF5F.d.7E266885A0E89EDDD1EBB09866A34235.e.1683"}]}
COMMAND: POST /session/638b8c348501295d6d2539f1a905cf1c/element - {"using":"css selector","value":"#shell-header-logo"}
COMMAND: GET /session/638b8c348501295d6d2539f1a905cf1c/screenshot - {}
RESULT: {"using":"css selector","value":"#shell-header-logo"}
COMMAND: POST /session/638b8c348501295d6d2539f1a905cf1c/element/f.AA659E0CE08D0C76D21A3A5289A8AF5F.d.7E266885A0E89EDDD1EBB09866A34235.e.909/click - {}
RESULT: {}
RESULT: {}
COMMAND: GET /session/638b8c348501295d6d2539f1a905cf1c/screenshot - {}
RESULT: {}
COMMAND: POST /session/638b8c348501295d6d2539f1a905cf1c/execute/sync - {"script":"<script> [299 bytes]","args":[["getModel","getResource"]]}
RESULT: {"script":"<script> [299 bytes]","args":[["getModel","getResource"]]}
COMMAND: GET /session/638b8c348501295d6d2539f1a905cf1c/screenshot - {}
]]></system-out>
    </testcase>
    <testcase classname="chrome.135_0_7049_96.windows.Billing_confirm_US117289" name="Should create a new site" time="158.436">
      <system-out><![CDATA[
COMMAND: POST /session/638b8c348501295d6d2539f1a905cf1c/execute/async - {"script":"<script> [1562 bytes]","args":[{"selector":{"controlType":"sap.m.TileContent","bindingPath":{"path":"","propertyPath":"/properties/info"},"ancestor":{"controlType":"sap.m.GenericTile","properties":{"header":"Manage Sites"}}},"wdio_ui5_key":"sapm.TileContent{\"path\":\"\",\"propertyPath\":\"/properties/info\"}{\"controlType\":\"sap.m.GenericTile\",\"properties\":{\"header\":\"Manage Sites\"}}"}]}
RESULT: {}
RESULT: {"script":"<script> [1562 bytes]","args":[{"selector":{"controlType":"sap.m.TileContent","bindingPath":{"path":"","propertyPath":"/properties/info"},"ancestor":{"controlType":"sap.m.GenericTile","properties":{"header":"Manage Sites"}}},"wdio_ui5_key":"sapm.TileContent{\"path\":\"\",\"propertyPath\":\"/properties/info\"}{\"controlType\":\"sap.m.GenericTile\",\"properties\":{\"header\":\"Manage Sites\"}}"}]}
RESULT: undefined
COMMAND: POST /session/638b8c348501295d6d2539f1a905cf1c/element - {"using":"xpath","value":"//*[@id=\"__xmlview7--numericTileContent\"]"}
RESULT: {"using":"xpath","value":"//*[@id=\"__xmlview7--numericTileContent\"]"}
COMMAND: POST /session/638b8c348501295d6d2539f1a905cf1c/element/f.AA659E0CE08D0C76D21A3A5289A8AF5F.d.7E266885A0E89EDDD1EBB09866A34235.e.1685/click - {}
RESULT: {}
COMMAND: POST /session/638b8c348501295d6d2539f1a905cf1c/element - {"using":"xpath","value":"//button[@data-kt=\"addOverflowToolbarButton\"]"}
COMMAND: GET /session/638b8c348501295d6d2539f1a905cf1c/screenshot - {}
RESULT: {"using":"xpath","value":"//button[@data-kt=\"addOverflowToolbarButton\"]"}
COMMAND: POST /session/638b8c348501295d6d2539f1a905cf1c/elements - {"using":"xpath","value":"//button[@data-kt=\"addOverflowToolbarButton\"]"}
RESULT: {}
RESULT: {"using":"xpath","value":"//button[@data-kt=\"addOverflowToolbarButton\"]"}
COMMAND: POST /session/638b8c348501295d6d2539f1a905cf1c/elements - {"using":"xpath","value":"//button[@data-kt=\"addOverflowToolbarButton\"]"}
RESULT: {"using":"xpath","value":"//button[@data-kt=\"addOverflowToolbarButton\"]"}
COMMAND: POST /session/638b8c348501295d6d2539f1a905cf1c/elements - {"using":"xpath","value":"//button[@data-kt=\"addOverflowToolbarButton\"]"}
RESULT: {"using":"xpath","value":"//button[@data-kt=\"addOverflowToolbarButton\"]"}
COMMAND: POST /session/638b8c348501295d6d2539f1a905cf1c/element - {"using":"xpath","value":"//button[@data-kt=\"addOverflowToolbarButton\"]"}
RESULT: {"using":"xpath","value":"//button[@data-kt=\"addOverflowToolbarButton\"]"}
COMMAND: POST /session/638b8c348501295d6d2539f1a905cf1c/execute/sync - {"script":"<script> [8489 bytes]","args":[{"element-6066-11e4-a52e-4f735466cecf":"f.AA659E0CE08D0C76D21A3A5289A8AF5F.d.7E266885A0E89EDDD1EBB09866A34235.e.1731","ELEMENT":"f.AA659E0CE08D0C76D21A3A5289A8AF5F.d.7E266885A0E89EDDD1EBB09866A34235.e.1731"}]}
RESULT: {"script":"<script> [8489 bytes]","args":[{"element-6066-11e4-a52e-4f735466cecf":"f.AA659E0CE08D0C76D21A3A5289A8AF5F.d.7E266885A0E89EDDD1EBB09866A34235.e.1731","ELEMENT":"f.AA659E0CE08D0C76D21A3A5289A8AF5F.d.7E266885A0E89EDDD1EBB09866A34235.e.1731"}]}
COMMAND: GET /session/638b8c348501295d6d2539f1a905cf1c/element/f.AA659E0CE08D0C76D21A3A5289A8AF5F.d.7E266885A0E89EDDD1EBB09866A34235.e.1731/enabled - {}
COMMAND: GET /session/638b8c348501295d6d2539f1a905cf1c/screenshot - {}
RESULT: {}
COMMAND: POST /session/638b8c348501295d6d2539f1a905cf1c/execute/sync - {"script":"<script> [8489 bytes]","args":[{"element-6066-11e4-a52e-4f735466cecf":"f.AA659E0CE08D0C76D21A3A5289A8AF5F.d.7E266885A0E89EDDD1EBB09866A34235.e.1731","ELEMENT":"f.AA659E0CE08D0C76D21A3A5289A8AF5F.d.7E266885A0E89EDDD1EBB09866A34235.e.1731"}]}
COMMAND: GET /session/638b8c348501295d6d2539f1a905cf1c/screenshot - {}
RESULT: {}
RESULT: {"script":"<script> [8489 bytes]","args":[{"element-6066-11e4-a52e-4f735466cecf":"f.AA659E0CE08D0C76D21A3A5289A8AF5F.d.7E266885A0E89EDDD1EBB09866A34235.e.1731","ELEMENT":"f.AA659E0CE08D0C76D21A3A5289A8AF5F.d.7E266885A0E89EDDD1EBB09866A34235.e.1731"}]}
COMMAND: POST /session/638b8c348501295d6d2539f1a905cf1c/execute/sync - {"script":"<script> [5351 bytes]","args":[{"element-6066-11e4-a52e-4f735466cecf":"f.AA659E0CE08D0C76D21A3A5289A8AF5F.d.7E266885A0E89EDDD1EBB09866A34235.e.1731","ELEMENT":"f.AA659E0CE08D0C76D21A3A5289A8AF5F.d.7E266885A0E89EDDD1EBB09866A34235.e.1731"}]}
COMMAND: GET /session/638b8c348501295d6d2539f1a905cf1c/screenshot - {}
RESULT: {}
RESULT: {"script":"<script> [5351 bytes]","args":[{"element-6066-11e4-a52e-4f735466cecf":"f.AA659E0CE08D0C76D21A3A5289A8AF5F.d.7E266885A0E89EDDD1EBB09866A34235.e.1731","ELEMENT":"f.AA659E0CE08D0C76D21A3A5289A8AF5F.d.7E266885A0E89EDDD1EBB09866A34235.e.1731"}]}
COMMAND: POST /session/638b8c348501295d6d2539f1a905cf1c/element/f.AA659E0CE08D0C76D21A3A5289A8AF5F.d.7E266885A0E89EDDD1EBB09866A34235.e.1731/click - {}
COMMAND: GET /session/638b8c348501295d6d2539f1a905cf1c/screenshot - {}
RESULT: {}
RESULT: {}
COMMAND: GET /session/638b8c348501295d6d2539f1a905cf1c/screenshot - {}
COMMAND: POST /session/638b8c348501295d6d2539f1a905cf1c/execute/async - {"script":"<script> [1562 bytes]","args":[{"selector":{"id":"application-managesites-display-component---NewSite--addressDetailDetailsName1","interaction":{"idSuffix":"inner"}},"wdio_ui5_key":"applicationmanagesites-display-component---NewSite--addressDetailDetailsName1"}]}
RESULT: {}
RESULT: {}
RESULT: {"script":"<script> [1562 bytes]","args":[{"selector":{"id":"application-managesites-display-component---NewSite--addressDetailDetailsName1","interaction":{"idSuffix":"inner"}},"wdio_ui5_key":"applicationmanagesites-display-component---NewSite--addressDetailDetailsName1"}]}
RESULT: undefined
COMMAND: POST /session/638b8c348501295d6d2539f1a905cf1c/execute/async - {"script":"<script> [776 bytes]","args":[{"enterText":"Intracompany Site wdIO","selector":{"id":"application-managesites-display-component---NewSite--addressDetailDetailsName1","interaction":{"idSuffix":"inner"}},"clearTextFirst":true,"interactionType":"ENTER_TEXT"}]}
RESULT: {"script":"<script> [776 bytes]","args":[{"enterText":"Intracompany Site wdIO","selector":{"id":"application-managesites-display-component---NewSite--addressDetailDetailsName1","interaction":{"idSuffix":"inner"}},"clearTextFirst":true,"interactionType":"ENTER_TEXT"}]}
COMMAND: POST /session/638b8c348501295d6d2539f1a905cf1c/execute/async - {"script":"<script> [1562 bytes]","args":[{"selector":{"id":"application-managesites-display-component---NewSite--addressDetailDetailsLanguage-arrow"},"wdio_ui5_key":"applicationmanagesites-display-component---NewSite--addressDetailDetailsLanguage-arrow"}]}
RESULT: {"script":"<script> [1562 bytes]","args":[{"selector":{"id":"application-managesites-display-component---NewSite--addressDetailDetailsLanguage-arrow"},"wdio_ui5_key":"applicationmanagesites-display-component---NewSite--addressDetailDetailsLanguage-arrow"}]}
RESULT: undefined
COMMAND: POST /session/638b8c348501295d6d2539f1a905cf1c/element - {"using":"xpath","value":"//*[@id=\"application-managesites-display-component---NewSite--addressDetailDetailsLanguage-arrow\"]"}
RESULT: {"using":"xpath","value":"//*[@id=\"application-managesites-display-component---NewSite--addressDetailDetailsLanguage-arrow\"]"}
COMMAND: POST /session/638b8c348501295d6d2539f1a905cf1c/element/f.AA659E0CE08D0C76D21A3A5289A8AF5F.d.7E266885A0E89EDDD1EBB09866A34235.e.2128/click - {}
RESULT: {}
COMMAND: POST /session/638b8c348501295d6d2539f1a905cf1c/element - {"using":"xpath","value":"//span[contains(text(), \"English\")]"}
COMMAND: GET /session/638b8c348501295d6d2539f1a905cf1c/screenshot - {}
RESULT: {}
RESULT: {"using":"xpath","value":"//span[contains(text(), \"English\")]"}
COMMAND: POST /session/638b8c348501295d6d2539f1a905cf1c/element/f.AA659E0CE08D0C76D21A3A5289A8AF5F.d.7E266885A0E89EDDD1EBB09866A34235.e.2129/click - {}
RESULT: {}
COMMAND: POST /session/638b8c348501295d6d2539f1a905cf1c/execute/async - {"script":"<script> [1562 bytes]","args":[{"selector":{"id":"application-managesites-display-component---NewSite--addressDetailDetailsCity1","interaction":{"idSuffix":"inner"}},"wdio_ui5_key":"applicationmanagesites-display-component---NewSite--addressDetailDetailsCity1"}]}
COMMAND: GET /session/638b8c348501295d6d2539f1a905cf1c/screenshot - {}
RESULT: {"script":"<script> [1562 bytes]","args":[{"selector":{"id":"application-managesites-display-component---NewSite--addressDetailDetailsCity1","interaction":{"idSuffix":"inner"}},"wdio_ui5_key":"applicationmanagesites-display-component---NewSite--addressDetailDetailsCity1"}]}
RESULT: undefined
COMMAND: POST /session/638b8c348501295d6d2539f1a905cf1c/execute/async - {"script":"<script> [776 bytes]","args":[{"enterText":"Rosario","selector":{"id":"application-managesites-display-component---NewSite--addressDetailDetailsCity1","interaction":{"idSuffix":"inner"}},"clearTextFirst":true,"interactionType":"ENTER_TEXT"}]}
RESULT: {}
RESULT: {"script":"<script> [776 bytes]","args":[{"enterText":"Rosario","selector":{"id":"application-managesites-display-component---NewSite--addressDetailDetailsCity1","interaction":{"idSuffix":"inner"}},"clearTextFirst":true,"interactionType":"ENTER_TEXT"}]}
COMMAND: POST /session/638b8c348501295d6d2539f1a905cf1c/execute/async - {"script":"<script> [1562 bytes]","args":[{"selector":{"id":"application-managesites-display-component---NewSite--addressDetailDetailsCountry-arrow"},"wdio_ui5_key":"applicationmanagesites-display-component---NewSite--addressDetailDetailsCountry-arrow"}]}
RESULT: {"script":"<script> [1562 bytes]","args":[{"selector":{"id":"application-managesites-display-component---NewSite--addressDetailDetailsCountry-arrow"},"wdio_ui5_key":"applicationmanagesites-display-component---NewSite--addressDetailDetailsCountry-arrow"}]}
RESULT: undefined
COMMAND: POST /session/638b8c348501295d6d2539f1a905cf1c/element - {"using":"xpath","value":"//*[@id=\"application-managesites-display-component---NewSite--addressDetailDetailsCountry-arrow\"]"}
RESULT: {"using":"xpath","value":"//*[@id=\"application-managesites-display-component---NewSite--addressDetailDetailsCountry-arrow\"]"}
COMMAND: POST /session/638b8c348501295d6d2539f1a905cf1c/element/f.AA659E0CE08D0C76D21A3A5289A8AF5F.d.7E266885A0E89EDDD1EBB09866A34235.e.2131/click - {}
RESULT: {}
COMMAND: POST /session/638b8c348501295d6d2539f1a905cf1c/element - {"using":"xpath","value":"//span[contains(text(), \"Argentina\")]"}
COMMAND: GET /session/638b8c348501295d6d2539f1a905cf1c/screenshot - {}
RESULT: {"using":"xpath","value":"//span[contains(text(), \"Argentina\")]"}
COMMAND: POST /session/638b8c348501295d6d2539f1a905cf1c/element/f.AA659E0CE08D0C76D21A3A5289A8AF5F.d.7E266885A0E89EDDD1EBB09866A34235.e.2132/click - {}
RESULT: {}
RESULT: {}
COMMAND: GET /session/638b8c348501295d6d2539f1a905cf1c/screenshot - {}
RESULT: {}
COMMAND: POST /session/638b8c348501295d6d2539f1a905cf1c/execute/async - {"script":"<script> [1562 bytes]","args":[{"selector":{"id":"application-managesites-display-component---NewSite--addressEditDetailsCostObjectCstType-arrow"},"wdio_ui5_key":"applicationmanagesites-display-component---NewSite--addressEditDetailsCostObjectCstType-arrow"}]}
RESULT: {"script":"<script> [1562 bytes]","args":[{"selector":{"id":"application-managesites-display-component---NewSite--addressEditDetailsCostObjectCstType-arrow"},"wdio_ui5_key":"applicationmanagesites-display-component---NewSite--addressEditDetailsCostObjectCstType-arrow"}]}
RESULT: undefined
COMMAND: POST /session/638b8c348501295d6d2539f1a905cf1c/element - {"using":"xpath","value":"//*[@id=\"application-managesites-display-component---NewSite--addressEditDetailsCostObjectCstType-arrow\"]"}
RESULT: {"using":"xpath","value":"//*[@id=\"application-managesites-display-component---NewSite--addressEditDetailsCostObjectCstType-arrow\"]"}
COMMAND: POST /session/638b8c348501295d6d2539f1a905cf1c/element/f.AA659E0CE08D0C76D21A3A5289A8AF5F.d.7E266885A0E89EDDD1EBB09866A34235.e.2134/click - {}
RESULT: {}
COMMAND: POST /session/638b8c348501295d6d2539f1a905cf1c/element - {"using":"xpath","value":"//span[contains(text(), \"Cost Center\")]"}
COMMAND: GET /session/638b8c348501295d6d2539f1a905cf1c/screenshot - {}
RESULT: {"using":"xpath","value":"//span[contains(text(), \"Cost Center\")]"}
COMMAND: POST /session/638b8c348501295d6d2539f1a905cf1c/element/f.AA659E0CE08D0C76D21A3A5289A8AF5F.d.7E266885A0E89EDDD1EBB09866A34235.e.2135/click - {}
RESULT: {}
RESULT: {}
COMMAND: GET /session/638b8c348501295d6d2539f1a905cf1c/screenshot - {}
RESULT: {}
COMMAND: POST /session/638b8c348501295d6d2539f1a905cf1c/element - {"using":"xpath","value":"//span[@id=\"application-managesites-display-component---NewSite--addressNewCostObjectCstID-vhi\"]"}
RESULT: {"using":"xpath","value":"//span[@id=\"application-managesites-display-component---NewSite--addressNewCostObjectCstID-vhi\"]"}
COMMAND: POST /session/638b8c348501295d6d2539f1a905cf1c/execute/sync - {"script":"<script> [8489 bytes]","args":[{"element-6066-11e4-a52e-4f735466cecf":"f.AA659E0CE08D0C76D21A3A5289A8AF5F.d.7E266885A0E89EDDD1EBB09866A34235.e.2140","ELEMENT":"f.AA659E0CE08D0C76D21A3A5289A8AF5F.d.7E266885A0E89EDDD1EBB09866A34235.e.2140"}]}
RESULT: {"script":"<script> [8489 bytes]","args":[{"element-6066-11e4-a52e-4f735466cecf":"f.AA659E0CE08D0C76D21A3A5289A8AF5F.d.7E266885A0E89EDDD1EBB09866A34235.e.2140","ELEMENT":"f.AA659E0CE08D0C76D21A3A5289A8AF5F.d.7E266885A0E89EDDD1EBB09866A34235.e.2140"}]}
COMMAND: POST /session/638b8c348501295d6d2539f1a905cf1c/execute/async - {"script":"<script> [1562 bytes]","args":[{"selector":{"id":"application-managesites-display-component---NewSite--addressNewCostObjectCstID-vhi"},"wdio_ui5_key":"applicationmanagesites-display-component---NewSite--addressNewCostObjectCstID-vhi"}]}
COMMAND: GET /session/638b8c348501295d6d2539f1a905cf1c/screenshot - {}
RESULT: {"script":"<script> [1562 bytes]","args":[{"selector":{"id":"application-managesites-display-component---NewSite--addressNewCostObjectCstID-vhi"},"wdio_ui5_key":"applicationmanagesites-display-component---NewSite--addressNewCostObjectCstID-vhi"}]}
RESULT: undefined
COMMAND: POST /session/638b8c348501295d6d2539f1a905cf1c/element - {"using":"xpath","value":"//*[@id=\"application-managesites-display-component---NewSite--addressNewCostObjectCstID-vhi\"]"}
RESULT: {}
RESULT: {"using":"xpath","value":"//*[@id=\"application-managesites-display-component---NewSite--addressNewCostObjectCstID-vhi\"]"}
COMMAND: POST /session/638b8c348501295d6d2539f1a905cf1c/element/f.AA659E0CE08D0C76D21A3A5289A8AF5F.d.7E266885A0E89EDDD1EBB09866A34235.e.2140/click - {}
RESULT: {}
COMMAND: GET /session/638b8c348501295d6d2539f1a905cf1c/screenshot - {}
RESULT: undefined
COMMAND: POST /session/638b8c348501295d6d2539f1a905cf1c/execute/async - {"script":"<script> [776 bytes]","args":[{"enterText":"10001013","selector":{"controlType":"sap.m.SearchField","properties":{"placeholder":"Search"},"searchOpenDialogs":true,"interaction":{"idSuffix":"I"}},"clearTextFirst":true,"interactionType":"ENTER_TEXT"}]}
RESULT: {}
RESULT: {"script":"<script> [776 bytes]","args":[{"enterText":"10001013","selector":{"controlType":"sap.m.SearchField","properties":{"placeholder":"Search"},"searchOpenDialogs":true,"interaction":{"idSuffix":"I"}},"clearTextFirst":true,"interactionType":"ENTER_TEXT"}]}
COMMAND: POST /session/638b8c348501295d6d2539f1a905cf1c/actions - {"actions":[{"id":"action6","type":"key","parameters":{},"actions":[{"type":"keyDown","value":"î€‡"},{"type":"pause","duration":10},{"type":"keyUp","value":"î€‡"}]}]}
RESULT: {"actions":[{"id":"action6","type":"key","parameters":{},"actions":[{"type":"keyDown","value":"î€‡"},{"type":"pause","duration":10},{"type":"keyUp","value":"î€‡"}]}]}
COMMAND: GET /session/638b8c348501295d6d2539f1a905cf1c/screenshot - {}
RESULT: {}
COMMAND: POST /session/638b8c348501295d6d2539f1a905cf1c/element - {"using":"xpath","value":"//span[contains(text(), \"General Management\")]"}
RESULT: {"using":"xpath","value":"//span[contains(text(), \"General Management\")]"}
COMMAND: POST /session/638b8c348501295d6d2539f1a905cf1c/element/f.AA659E0CE08D0C76D21A3A5289A8AF5F.d.7E266885A0E89EDDD1EBB09866A34235.e.2181/click - {}
RESULT: {}
COMMAND: GET /session/638b8c348501295d6d2539f1a905cf1c/screenshot - {}
RESULT: {}
COMMAND: POST /session/638b8c348501295d6d2539f1a905cf1c/element - {"using":"xpath","value":"//bdi[contains(text(), \"OK\")]"}
RESULT: {"using":"xpath","value":"//bdi[contains(text(), \"OK\")]"}
COMMAND: POST /session/638b8c348501295d6d2539f1a905cf1c/element/f.AA659E0CE08D0C76D21A3A5289A8AF5F.d.7E266885A0E89EDDD1EBB09866A34235.e.2182/click - {}
RESULT: {}
COMMAND: GET /session/638b8c348501295d6d2539f1a905cf1c/screenshot - {}
RESULT: {}
COMMAND: POST /session/638b8c348501295d6d2539f1a905cf1c/element - {"using":"xpath","value":"//input[@id=\"application-managesites-display-component---NewSite--addressDetailDetailsCalendar-inner\"]"}
RESULT: {"using":"xpath","value":"//input[@id=\"application-managesites-display-component---NewSite--addressDetailDetailsCalendar-inner\"]"}
COMMAND: POST /session/638b8c348501295d6d2539f1a905cf1c/element/f.AA659E0CE08D0C76D21A3A5289A8AF5F.d.7E266885A0E89EDDD1EBB09866A34235.e.1976/clear - {}
RESULT: {}
COMMAND: POST /session/638b8c348501295d6d2539f1a905cf1c/element/f.AA659E0CE08D0C76D21A3A5289A8AF5F.d.7E266885A0E89EDDD1EBB09866A34235.e.1976/value - {"text":"Unit"}
COMMAND: GET /session/638b8c348501295d6d2539f1a905cf1c/screenshot - {}
RESULT: {"text":"Unit"}
COMMAND: GET /session/638b8c348501295d6d2539f1a905cf1c/screenshot - {}
RESULT: {}
RESULT: {}
COMMAND: POST /session/638b8c348501295d6d2539f1a905cf1c/actions - {"actions":[{"id":"action7","type":"key","parameters":{},"actions":[{"type":"keyDown","value":"î€‡"},{"type":"pause","duration":10},{"type":"keyUp","value":"î€‡"}]}]}
RESULT: {"actions":[{"id":"action7","type":"key","parameters":{},"actions":[{"type":"keyDown","value":"î€‡"},{"type":"pause","duration":10},{"type":"keyUp","value":"î€‡"}]}]}
COMMAND: POST /session/638b8c348501295d6d2539f1a905cf1c/element - {"using":"xpath","value":"//input[@id=\"application-managesites-display-component---NewSite--addressDetailDetailsYard-inner\"]"}
COMMAND: GET /session/638b8c348501295d6d2539f1a905cf1c/screenshot - {}
RESULT: {"using":"xpath","value":"//input[@id=\"application-managesites-display-component---NewSite--addressDetailDetailsYard-inner\"]"}
COMMAND: POST /session/638b8c348501295d6d2539f1a905cf1c/element/f.AA659E0CE08D0C76D21A3A5289A8AF5F.d.7E266885A0E89EDDD1EBB09866A34235.e.1977/clear - {}
RESULT: {}
RESULT: {}
COMMAND: POST /session/638b8c348501295d6d2539f1a905cf1c/element/f.AA659E0CE08D0C76D21A3A5289A8AF5F.d.7E266885A0E89EDDD1EBB09866A34235.e.1977/value - {"text":"510"}
COMMAND: GET /session/638b8c348501295d6d2539f1a905cf1c/screenshot - {}
RESULT: {"text":"510"}
COMMAND: GET /session/638b8c348501295d6d2539f1a905cf1c/screenshot - {}
RESULT: {}
RESULT: {}
COMMAND: POST /session/638b8c348501295d6d2539f1a905cf1c/element - {"using":"xpath","value":"//li[.//span[text()='510']]"}
RESULT: {"using":"xpath","value":"//li[.//span[text()='510']]"}
COMMAND: POST /session/638b8c348501295d6d2539f1a905cf1c/element/f.AA659E0CE08D0C76D21A3A5289A8AF5F.d.7E266885A0E89EDDD1EBB09866A34235.e.2190/click - {}
RESULT: {}
COMMAND: GET /session/638b8c348501295d6d2539f1a905cf1c/screenshot - {}
RESULT: {}
COMMAND: POST /session/638b8c348501295d6d2539f1a905cf1c/element - {"using":"xpath","value":"//input[@id=\"application-managesites-display-component---NewSite--addressDetailDetailsPartner-inner\"]"}
RESULT: {"using":"xpath","value":"//input[@id=\"application-managesites-display-component---NewSite--addressDetailDetailsPartner-inner\"]"}
COMMAND: POST /session/638b8c348501295d6d2539f1a905cf1c/element - {"using":"xpath","value":"//input[@id=\"application-managesites-display-component---NewSite--addressDetailDetailsPartner-inner\"]"}
RESULT: {"using":"xpath","value":"//input[@id=\"application-managesites-display-component---NewSite--addressDetailDetailsPartner-inner\"]"}
COMMAND: POST /session/638b8c348501295d6d2539f1a905cf1c/element - {"using":"xpath","value":"//button[@data-kt=\"saveButton\"]"}
RESULT: {"using":"xpath","value":"//button[@data-kt=\"saveButton\"]"}
COMMAND: POST /session/638b8c348501295d6d2539f1a905cf1c/element/f.AA659E0CE08D0C76D21A3A5289A8AF5F.d.7E266885A0E89EDDD1EBB09866A34235.e.2121/click - {}
RESULT: {}
COMMAND: GET /session/638b8c348501295d6d2539f1a905cf1c/screenshot - {}
RESULT: {}
COMMAND: POST /session/638b8c348501295d6d2539f1a905cf1c/element - {"using":"xpath","value":"//header[contains(@id, 'ObjectPageLayout-headerTitle')]/div[1]/div[2]/div[2]/span[1]"}
RESULT: {"using":"xpath","value":"//header[contains(@id, 'ObjectPageLayout-headerTitle')]/div[1]/div[2]/div[2]/span[1]"}
COMMAND: POST /session/638b8c348501295d6d2539f1a905cf1c/elements - {"using":"xpath","value":"//header[contains(@id, 'ObjectPageLayout-headerTitle')]/div[1]/div[2]/div[2]/span[1]"}
RESULT: {"using":"xpath","value":"//header[contains(@id, 'ObjectPageLayout-headerTitle')]/div[1]/div[2]/div[2]/span[1]"}
COMMAND: POST /session/638b8c348501295d6d2539f1a905cf1c/execute/sync - {"script":"<script> [56 bytes]","args":[{"element-6066-11e4-a52e-4f735466cecf":"f.AA659E0CE08D0C76D21A3A5289A8AF5F.d.7E266885A0E89EDDD1EBB09866A34235.e.2392","ELEMENT":"f.AA659E0CE08D0C76D21A3A5289A8AF5F.d.7E266885A0E89EDDD1EBB09866A34235.e.2392"}]}
RESULT: {"script":"<script> [56 bytes]","args":[{"element-6066-11e4-a52e-4f735466cecf":"f.AA659E0CE08D0C76D21A3A5289A8AF5F.d.7E266885A0E89EDDD1EBB09866A34235.e.2392","ELEMENT":"f.AA659E0CE08D0C76D21A3A5289A8AF5F.d.7E266885A0E89EDDD1EBB09866A34235.e.2392"}]}
COMMAND: POST /session/638b8c348501295d6d2539f1a905cf1c/element - {"using":"css selector","value":"#shell-header-logo"}
COMMAND: GET /session/638b8c348501295d6d2539f1a905cf1c/screenshot - {}
RESULT: {"using":"css selector","value":"#shell-header-logo"}
COMMAND: POST /session/638b8c348501295d6d2539f1a905cf1c/element/f.AA659E0CE08D0C76D21A3A5289A8AF5F.d.7E266885A0E89EDDD1EBB09866A34235.e.1689/click - {}
RESULT: {}
RESULT: {}
COMMAND: GET /session/638b8c348501295d6d2539f1a905cf1c/screenshot - {}
RESULT: {}
COMMAND: POST /session/638b8c348501295d6d2539f1a905cf1c/execute/sync - {"script":"<script> [299 bytes]","args":[["getModel","getResource"]]}
RESULT: {"script":"<script> [299 bytes]","args":[["getModel","getResource"]]}
COMMAND: POST /session/638b8c348501295d6d2539f1a905cf1c/element - {"using":"xpath","value":"//button[.//bdi[contains(text(), \"Close\")]]"}
RESULT: {"using":"xpath","value":"//button[.//bdi[contains(text(), \"Close\")]]"}
COMMAND: POST /session/638b8c348501295d6d2539f1a905cf1c/element/f.AA659E0CE08D0C76D21A3A5289A8AF5F.d.7E266885A0E89EDDD1EBB09866A34235.e.2394/click - {}
COMMAND: GET /session/638b8c348501295d6d2539f1a905cf1c/screenshot - {}
RESULT: {}
COMMAND: GET /session/638b8c348501295d6d2539f1a905cf1c/screenshot - {}
RESULT: {}
RESULT: {}
COMMAND: POST /session/638b8c348501295d6d2539f1a905cf1c/refresh - {}
RESULT: {}
COMMAND: GET /session/638b8c348501295d6d2539f1a905cf1c/screenshot - {}
RESULT: {}
COMMAND: POST /session/638b8c348501295d6d2539f1a905cf1c/refresh - {}
RESULT: {}
COMMAND: GET /session/638b8c348501295d6d2539f1a905cf1c/screenshot - {}
RESULT: {}
COMMAND: POST /session/638b8c348501295d6d2539f1a905cf1c/window/fullscreen - {}
RESULT: {}
COMMAND: POST /session/638b8c348501295d6d2539f1a905cf1c/execute/async - {"script":"<script> [189 bytes]","args":[]}
RESULT: {"script":"<script> [189 bytes]","args":[]}
COMMAND: POST /session/638b8c348501295d6d2539f1a905cf1c/execute/async - {"script":"<script> [123 bytes]","args":[]}
RESULT: {"script":"<script> [123 bytes]","args":[]}
COMMAND: POST /session/638b8c348501295d6d2539f1a905cf1c/timeouts - {"script":"<number>"}
RESULT: {"script":"<number>"}
COMMAND: GET /session/638b8c348501295d6d2539f1a905cf1c/timeouts - {}
RESULT: {}
RESULT: undefined
COMMAND: POST /session/638b8c348501295d6d2539f1a905cf1c/execute/async - {"script":"<script> [2676 bytes]","args":[]}
RESULT: {"script":"<script> [2676 bytes]","args":[]}
COMMAND: POST /session/638b8c348501295d6d2539f1a905cf1c/execute/async - {"script":"<script> [2342 bytes]","args":[{"protocol":"http","hostname":"0.0.0.0","path":"/","capabilities":{"browserName":"chrome","goog:chromeOptions":{"binary":"C:\\Program Files\\Google\\Chrome\\Application\\chrome.exe","args":["--start-maximized"]}},"logLevel":"warn","connectionRetryTimeout":120000,"connectionRetryCount":3,"logLevels":{},"enableDirectConnect":true,"strictSSL":true,"_":"65 more keys: [\"cacheDir\",\"port\",\"requestedCapabilities\",\"automationProtocol\",\"baseUrl\",\"waitforInterval\",\"waitforTimeout\",\"onReload\",\"beforeCommand\",\"afterCommand\",\"rootDir\",\"specs\",\"suites\",\"exclude\",\"groupLogsByTestSpec\",\"excludeDriverLogs\",\"bail\",\"framework\",\"reporters\",\"services\",\"maxInstances\",\"maxInstancesPerCapability\",\"injectGlobals\",\"filesToWatch\",\"execArgv\",\"runnerEnv\",\"runner\",\"shard\",\"specFileRetries\",\"specFileRetriesDelay\",\"specFileRetriesDeferred\",\"reporterSyncInterval\",\"reporterSyncTimeout\",\"cucumberFeaturesWithLineNumbers\",\"autoCompileOpts\",\"mochaOpts\",\"jasmineOpts\",\"cucumberOpts\",\"onPrepare\",\"onWorkerStart\",\"onWorkerEnd\",\"before\",\"beforeSession\",\"beforeSuite\",\"beforeHook\",\"beforeTest\",\"afterTest\",\"afterHook\",\"afterSuite\",\"afterSession\",\"after\",\"onComplete\",\"beforeAssertion\",\"afterAssertion\",\"beforeFeature\",\"beforeScenario\",\"beforeStep\",\"afterStep\",\"afterScenario\",\"afterFeature\",\"_\",\"suite\",\"$0\",\"ignoredWorkerServices\",\"wdi5\"]"}]}
RESULT: {"script":"<script> [2342 bytes]","args":[{"protocol":"http","hostname":"0.0.0.0","path":"/","capabilities":{"browserName":"chrome","goog:chromeOptions":{"binary":"C:\\Program Files\\Google\\Chrome\\Application\\chrome.exe","args":["--start-maximized"]}},"logLevel":"warn","connectionRetryTimeout":120000,"connectionRetryCount":3,"logLevels":{},"enableDirectConnect":true,"strictSSL":true,"_":"65 more keys: [\"cacheDir\",\"port\",\"requestedCapabilities\",\"automationProtocol\",\"baseUrl\",\"waitforInterval\",\"waitforTimeout\",\"onReload\",\"beforeCommand\",\"afterCommand\",\"rootDir\",\"specs\",\"suites\",\"exclude\",\"groupLogsByTestSpec\",\"excludeDriverLogs\",\"bail\",\"framework\",\"reporters\",\"services\",\"maxInstances\",\"maxInstancesPerCapability\",\"injectGlobals\",\"filesToWatch\",\"execArgv\",\"runnerEnv\",\"runner\",\"shard\",\"specFileRetries\",\"specFileRetriesDelay\",\"specFileRetriesDeferred\",\"reporterSyncInterval\",\"reporterSyncTimeout\",\"cucumberFeaturesWithLineNumbers\",\"autoCompileOpts\",\"mochaOpts\",\"jasmineOpts\",\"cucumberOpts\",\"onPrepare\",\"onWorkerStart\",\"onWorkerEnd\",\"before\",\"beforeSession\",\"beforeSuite\",\"beforeHook\",\"beforeTest\",\"afterTest\",\"afterHook\",\"afterSuite\",\"afterSession\",\"after\",\"onComplete\",\"beforeAssertion\",\"afterAssertion\",\"beforeFeature\",\"beforeScenario\",\"beforeStep\",\"afterStep\",\"afterScenario\",\"afterFeature\",\"_\",\"suite\",\"$0\",\"ignoredWorkerServices\",\"wdi5\"]"}]}
COMMAND: POST /session/638b8c348501295d6d2539f1a905cf1c/execute/async - {"script":"<script> [21126 bytes]","args":[35000]}
RESULT: {"script":"<script> [21126 bytes]","args":[35000]}
COMMAND: POST /session/638b8c348501295d6d2539f1a905cf1c/window/fullscreen - {}
RESULT: {}
]]></system-out>
    </testcase>
    <testcase classname="chrome.135_0_7049_96.windows.Billing_confirm_US117289" name="Should create a new equipment" time="146.709">
      <system-out><![CDATA[
COMMAND: POST /session/638b8c348501295d6d2539f1a905cf1c/execute/async - {"script":"<script> [1562 bytes]","args":[{"selector":{"controlType":"sap.m.GenericTile","properties":{"header":"Manage Resources"}},"wdio_ui5_key":"sapm.GenericTile{\"header\":\"Manage Resources\"}"}]}
RESULT: {"script":"<script> [1562 bytes]","args":[{"selector":{"controlType":"sap.m.GenericTile","properties":{"header":"Manage Resources"}},"wdio_ui5_key":"sapm.GenericTile{\"header\":\"Manage Resources\"}"}]}
RESULT: undefined
COMMAND: POST /session/638b8c348501295d6d2539f1a905cf1c/element - {"using":"xpath","value":"//*[@id=\"__tile31\"]"}
RESULT: {"using":"xpath","value":"//*[@id=\"__tile31\"]"}
COMMAND: POST /session/638b8c348501295d6d2539f1a905cf1c/element/f.AA659E0CE08D0C76D21A3A5289A8AF5F.d.43E8474B810394E1D88289712B5B30EC.e.2467/click - {}
RESULT: {}
COMMAND: POST /session/638b8c348501295d6d2539f1a905cf1c/element - {"using":"xpath","value":"//button[@data-kt=\"addNewRUOverflowToolbarButton\"]"}
COMMAND: GET /session/638b8c348501295d6d2539f1a905cf1c/screenshot - {}
RESULT: {"using":"xpath","value":"//button[@data-kt=\"addNewRUOverflowToolbarButton\"]"}
COMMAND: POST /session/638b8c348501295d6d2539f1a905cf1c/elements - {"using":"xpath","value":"//button[@data-kt=\"addNewRUOverflowToolbarButton\"]"}
RESULT: {}
RESULT: {"using":"xpath","value":"//button[@data-kt=\"addNewRUOverflowToolbarButton\"]"}
COMMAND: POST /session/638b8c348501295d6d2539f1a905cf1c/elements - {"using":"xpath","value":"//button[@data-kt=\"addNewRUOverflowToolbarButton\"]"}
RESULT: {"using":"xpath","value":"//button[@data-kt=\"addNewRUOverflowToolbarButton\"]"}
COMMAND: POST /session/638b8c348501295d6d2539f1a905cf1c/elements - {"using":"xpath","value":"//button[@data-kt=\"addNewRUOverflowToolbarButton\"]"}
RESULT: {"using":"xpath","value":"//button[@data-kt=\"addNewRUOverflowToolbarButton\"]"}
COMMAND: POST /session/638b8c348501295d6d2539f1a905cf1c/elements - {"using":"xpath","value":"//button[@data-kt=\"addNewRUOverflowToolbarButton\"]"}
RESULT: {"using":"xpath","value":"//button[@data-kt=\"addNewRUOverflowToolbarButton\"]"}
COMMAND: POST /session/638b8c348501295d6d2539f1a905cf1c/elements - {"using":"xpath","value":"//button[@data-kt=\"addNewRUOverflowToolbarButton\"]"}
RESULT: {"using":"xpath","value":"//button[@data-kt=\"addNewRUOverflowToolbarButton\"]"}
COMMAND: POST /session/638b8c348501295d6d2539f1a905cf1c/elements - {"using":"xpath","value":"//button[@data-kt=\"addNewRUOverflowToolbarButton\"]"}
RESULT: {"using":"xpath","value":"//button[@data-kt=\"addNewRUOverflowToolbarButton\"]"}
COMMAND: POST /session/638b8c348501295d6d2539f1a905cf1c/elements - {"using":"xpath","value":"//button[@data-kt=\"addNewRUOverflowToolbarButton\"]"}
RESULT: {"using":"xpath","value":"//button[@data-kt=\"addNewRUOverflowToolbarButton\"]"}
COMMAND: POST /session/638b8c348501295d6d2539f1a905cf1c/elements - {"using":"xpath","value":"//button[@data-kt=\"addNewRUOverflowToolbarButton\"]"}
RESULT: {"using":"xpath","value":"//button[@data-kt=\"addNewRUOverflowToolbarButton\"]"}
COMMAND: POST /session/638b8c348501295d6d2539f1a905cf1c/elements - {"using":"xpath","value":"//button[@data-kt=\"addNewRUOverflowToolbarButton\"]"}
RESULT: {"using":"xpath","value":"//button[@data-kt=\"addNewRUOverflowToolbarButton\"]"}
COMMAND: POST /session/638b8c348501295d6d2539f1a905cf1c/elements - {"using":"xpath","value":"//button[@data-kt=\"addNewRUOverflowToolbarButton\"]"}
RESULT: {"using":"xpath","value":"//button[@data-kt=\"addNewRUOverflowToolbarButton\"]"}
COMMAND: POST /session/638b8c348501295d6d2539f1a905cf1c/elements - {"using":"xpath","value":"//button[@data-kt=\"addNewRUOverflowToolbarButton\"]"}
RESULT: {"using":"xpath","value":"//button[@data-kt=\"addNewRUOverflowToolbarButton\"]"}
COMMAND: POST /session/638b8c348501295d6d2539f1a905cf1c/elements - {"using":"xpath","value":"//button[@data-kt=\"addNewRUOverflowToolbarButton\"]"}
RESULT: {"using":"xpath","value":"//button[@data-kt=\"addNewRUOverflowToolbarButton\"]"}
COMMAND: POST /session/638b8c348501295d6d2539f1a905cf1c/elements - {"using":"xpath","value":"//button[@data-kt=\"addNewRUOverflowToolbarButton\"]"}
RESULT: {"using":"xpath","value":"//button[@data-kt=\"addNewRUOverflowToolbarButton\"]"}
COMMAND: POST /session/638b8c348501295d6d2539f1a905cf1c/elements - {"using":"xpath","value":"//button[@data-kt=\"addNewRUOverflowToolbarButton\"]"}
RESULT: {"using":"xpath","value":"//button[@data-kt=\"addNewRUOverflowToolbarButton\"]"}
COMMAND: POST /session/638b8c348501295d6d2539f1a905cf1c/elements - {"using":"xpath","value":"//button[@data-kt=\"addNewRUOverflowToolbarButton\"]"}
RESULT: {"using":"xpath","value":"//button[@data-kt=\"addNewRUOverflowToolbarButton\"]"}
COMMAND: POST /session/638b8c348501295d6d2539f1a905cf1c/elements - {"using":"xpath","value":"//button[@data-kt=\"addNewRUOverflowToolbarButton\"]"}
RESULT: {"using":"xpath","value":"//button[@data-kt=\"addNewRUOverflowToolbarButton\"]"}
COMMAND: POST /session/638b8c348501295d6d2539f1a905cf1c/elements - {"using":"xpath","value":"//button[@data-kt=\"addNewRUOverflowToolbarButton\"]"}
RESULT: {"using":"xpath","value":"//button[@data-kt=\"addNewRUOverflowToolbarButton\"]"}
COMMAND: POST /session/638b8c348501295d6d2539f1a905cf1c/elements - {"using":"xpath","value":"//button[@data-kt=\"addNewRUOverflowToolbarButton\"]"}
RESULT: {"using":"xpath","value":"//button[@data-kt=\"addNewRUOverflowToolbarButton\"]"}
COMMAND: POST /session/638b8c348501295d6d2539f1a905cf1c/elements - {"using":"xpath","value":"//button[@data-kt=\"addNewRUOverflowToolbarButton\"]"}
RESULT: {"using":"xpath","value":"//button[@data-kt=\"addNewRUOverflowToolbarButton\"]"}
COMMAND: POST /session/638b8c348501295d6d2539f1a905cf1c/elements - {"using":"xpath","value":"//button[@data-kt=\"addNewRUOverflowToolbarButton\"]"}
RESULT: {"using":"xpath","value":"//button[@data-kt=\"addNewRUOverflowToolbarButton\"]"}
COMMAND: POST /session/638b8c348501295d6d2539f1a905cf1c/elements - {"using":"xpath","value":"//button[@data-kt=\"addNewRUOverflowToolbarButton\"]"}
RESULT: {"using":"xpath","value":"//button[@data-kt=\"addNewRUOverflowToolbarButton\"]"}
COMMAND: POST /session/638b8c348501295d6d2539f1a905cf1c/elements - {"using":"xpath","value":"//button[@data-kt=\"addNewRUOverflowToolbarButton\"]"}
RESULT: {"using":"xpath","value":"//button[@data-kt=\"addNewRUOverflowToolbarButton\"]"}
COMMAND: POST /session/638b8c348501295d6d2539f1a905cf1c/elements - {"using":"xpath","value":"//button[@data-kt=\"addNewRUOverflowToolbarButton\"]"}
RESULT: {"using":"xpath","value":"//button[@data-kt=\"addNewRUOverflowToolbarButton\"]"}
COMMAND: POST /session/638b8c348501295d6d2539f1a905cf1c/elements - {"using":"xpath","value":"//button[@data-kt=\"addNewRUOverflowToolbarButton\"]"}
RESULT: {"using":"xpath","value":"//button[@data-kt=\"addNewRUOverflowToolbarButton\"]"}
COMMAND: POST /session/638b8c348501295d6d2539f1a905cf1c/elements - {"using":"xpath","value":"//button[@data-kt=\"addNewRUOverflowToolbarButton\"]"}
RESULT: {"using":"xpath","value":"//button[@data-kt=\"addNewRUOverflowToolbarButton\"]"}
COMMAND: POST /session/638b8c348501295d6d2539f1a905cf1c/elements - {"using":"xpath","value":"//button[@data-kt=\"addNewRUOverflowToolbarButton\"]"}
RESULT: {"using":"xpath","value":"//button[@data-kt=\"addNewRUOverflowToolbarButton\"]"}
COMMAND: POST /session/638b8c348501295d6d2539f1a905cf1c/elements - {"using":"xpath","value":"//button[@data-kt=\"addNewRUOverflowToolbarButton\"]"}
RESULT: {"using":"xpath","value":"//button[@data-kt=\"addNewRUOverflowToolbarButton\"]"}
COMMAND: POST /session/638b8c348501295d6d2539f1a905cf1c/elements - {"using":"xpath","value":"//button[@data-kt=\"addNewRUOverflowToolbarButton\"]"}
RESULT: {"using":"xpath","value":"//button[@data-kt=\"addNewRUOverflowToolbarButton\"]"}
COMMAND: POST /session/638b8c348501295d6d2539f1a905cf1c/elements - {"using":"xpath","value":"//button[@data-kt=\"addNewRUOverflowToolbarButton\"]"}
RESULT: {"using":"xpath","value":"//button[@data-kt=\"addNewRUOverflowToolbarButton\"]"}
COMMAND: POST /session/638b8c348501295d6d2539f1a905cf1c/elements - {"using":"xpath","value":"//button[@data-kt=\"addNewRUOverflowToolbarButton\"]"}
RESULT: {"using":"xpath","value":"//button[@data-kt=\"addNewRUOverflowToolbarButton\"]"}
COMMAND: POST /session/638b8c348501295d6d2539f1a905cf1c/elements - {"using":"xpath","value":"//button[@data-kt=\"addNewRUOverflowToolbarButton\"]"}
RESULT: {"using":"xpath","value":"//button[@data-kt=\"addNewRUOverflowToolbarButton\"]"}
COMMAND: POST /session/638b8c348501295d6d2539f1a905cf1c/elements - {"using":"xpath","value":"//button[@data-kt=\"addNewRUOverflowToolbarButton\"]"}
RESULT: {"using":"xpath","value":"//button[@data-kt=\"addNewRUOverflowToolbarButton\"]"}
COMMAND: POST /session/638b8c348501295d6d2539f1a905cf1c/elements - {"using":"xpath","value":"//button[@data-kt=\"addNewRUOverflowToolbarButton\"]"}
RESULT: {"using":"xpath","value":"//button[@data-kt=\"addNewRUOverflowToolbarButton\"]"}
COMMAND: POST /session/638b8c348501295d6d2539f1a905cf1c/elements - {"using":"xpath","value":"//button[@data-kt=\"addNewRUOverflowToolbarButton\"]"}
RESULT: {"using":"xpath","value":"//button[@data-kt=\"addNewRUOverflowToolbarButton\"]"}
COMMAND: POST /session/638b8c348501295d6d2539f1a905cf1c/elements - {"using":"xpath","value":"//button[@data-kt=\"addNewRUOverflowToolbarButton\"]"}
RESULT: {"using":"xpath","value":"//button[@data-kt=\"addNewRUOverflowToolbarButton\"]"}
COMMAND: POST /session/638b8c348501295d6d2539f1a905cf1c/elements - {"using":"xpath","value":"//button[@data-kt=\"addNewRUOverflowToolbarButton\"]"}
RESULT: {"using":"xpath","value":"//button[@data-kt=\"addNewRUOverflowToolbarButton\"]"}
COMMAND: POST /session/638b8c348501295d6d2539f1a905cf1c/element - {"using":"xpath","value":"//button[@data-kt=\"addNewRUOverflowToolbarButton\"]"}
RESULT: {"using":"xpath","value":"//button[@data-kt=\"addNewRUOverflowToolbarButton\"]"}
COMMAND: POST /session/638b8c348501295d6d2539f1a905cf1c/execute/sync - {"script":"<script> [8489 bytes]","args":[{"element-6066-11e4-a52e-4f735466cecf":"f.AA659E0CE08D0C76D21A3A5289A8AF5F.d.43E8474B810394E1D88289712B5B30EC.e.2581","ELEMENT":"f.AA659E0CE08D0C76D21A3A5289A8AF5F.d.43E8474B810394E1D88289712B5B30EC.e.2581"}]}
RESULT: {"script":"<script> [8489 bytes]","args":[{"element-6066-11e4-a52e-4f735466cecf":"f.AA659E0CE08D0C76D21A3A5289A8AF5F.d.43E8474B810394E1D88289712B5B30EC.e.2581","ELEMENT":"f.AA659E0CE08D0C76D21A3A5289A8AF5F.d.43E8474B810394E1D88289712B5B30EC.e.2581"}]}
COMMAND: GET /session/638b8c348501295d6d2539f1a905cf1c/element/f.AA659E0CE08D0C76D21A3A5289A8AF5F.d.43E8474B810394E1D88289712B5B30EC.e.2581/enabled - {}
COMMAND: GET /session/638b8c348501295d6d2539f1a905cf1c/screenshot - {}
RESULT: {}
COMMAND: POST /session/638b8c348501295d6d2539f1a905cf1c/execute/sync - {"script":"<script> [8489 bytes]","args":[{"element-6066-11e4-a52e-4f735466cecf":"f.AA659E0CE08D0C76D21A3A5289A8AF5F.d.43E8474B810394E1D88289712B5B30EC.e.2581","ELEMENT":"f.AA659E0CE08D0C76D21A3A5289A8AF5F.d.43E8474B810394E1D88289712B5B30EC.e.2581"}]}
COMMAND: GET /session/638b8c348501295d6d2539f1a905cf1c/screenshot - {}
RESULT: {}
RESULT: {"script":"<script> [8489 bytes]","args":[{"element-6066-11e4-a52e-4f735466cecf":"f.AA659E0CE08D0C76D21A3A5289A8AF5F.d.43E8474B810394E1D88289712B5B30EC.e.2581","ELEMENT":"f.AA659E0CE08D0C76D21A3A5289A8AF5F.d.43E8474B810394E1D88289712B5B30EC.e.2581"}]}
COMMAND: POST /session/638b8c348501295d6d2539f1a905cf1c/execute/sync - {"script":"<script> [5351 bytes]","args":[{"element-6066-11e4-a52e-4f735466cecf":"f.AA659E0CE08D0C76D21A3A5289A8AF5F.d.43E8474B810394E1D88289712B5B30EC.e.2581","ELEMENT":"f.AA659E0CE08D0C76D21A3A5289A8AF5F.d.43E8474B810394E1D88289712B5B30EC.e.2581"}]}
COMMAND: GET /session/638b8c348501295d6d2539f1a905cf1c/screenshot - {}
RESULT: {}
RESULT: {"script":"<script> [5351 bytes]","args":[{"element-6066-11e4-a52e-4f735466cecf":"f.AA659E0CE08D0C76D21A3A5289A8AF5F.d.43E8474B810394E1D88289712B5B30EC.e.2581","ELEMENT":"f.AA659E0CE08D0C76D21A3A5289A8AF5F.d.43E8474B810394E1D88289712B5B30EC.e.2581"}]}
COMMAND: POST /session/638b8c348501295d6d2539f1a905cf1c/element/f.AA659E0CE08D0C76D21A3A5289A8AF5F.d.43E8474B810394E1D88289712B5B30EC.e.2581/click - {}
COMMAND: GET /session/638b8c348501295d6d2539f1a905cf1c/screenshot - {}
RESULT: {}
RESULT: {}
COMMAND: GET /session/638b8c348501295d6d2539f1a905cf1c/screenshot - {}
RESULT: {}
COMMAND: POST /session/638b8c348501295d6d2539f1a905cf1c/execute/async - {"script":"<script> [1562 bytes]","args":[{"selector":{"id":"application-manageresources-display-component---newResourceUnit--TYPE-arrow"},"wdio_ui5_key":"applicationmanageresources-display-component---newResourceUnit--TYPE-arrow"}]}
RESULT: {}
RESULT: {"script":"<script> [1562 bytes]","args":[{"selector":{"id":"application-manageresources-display-component---newResourceUnit--TYPE-arrow"},"wdio_ui5_key":"applicationmanageresources-display-component---newResourceUnit--TYPE-arrow"}]}
RESULT: undefined
COMMAND: POST /session/638b8c348501295d6d2539f1a905cf1c/element - {"using":"xpath","value":"//*[@id=\"application-manageresources-display-component---newResourceUnit--TYPE-arrow\"]"}
RESULT: {"using":"xpath","value":"//*[@id=\"application-manageresources-display-component---newResourceUnit--TYPE-arrow\"]"}
COMMAND: POST /session/638b8c348501295d6d2539f1a905cf1c/element/f.AA659E0CE08D0C76D21A3A5289A8AF5F.d.43E8474B810394E1D88289712B5B30EC.e.2936/click - {}
RESULT: {}
COMMAND: POST /session/638b8c348501295d6d2539f1a905cf1c/element - {"using":"xpath","value":"//input[@id=\"application-manageresources-display-component---newResourceUnit--TYPE-inner\"]"}
COMMAND: GET /session/638b8c348501295d6d2539f1a905cf1c/screenshot - {}
RESULT: {"using":"xpath","value":"//input[@id=\"application-manageresources-display-component---newResourceUnit--TYPE-inner\"]"}
COMMAND: POST /session/638b8c348501295d6d2539f1a905cf1c/element/f.AA659E0CE08D0C76D21A3A5289A8AF5F.d.43E8474B810394E1D88289712B5B30EC.e.2932/clear - {}
RESULT: {}
RESULT: {}
COMMAND: POST /session/638b8c348501295d6d2539f1a905cf1c/element/f.AA659E0CE08D0C76D21A3A5289A8AF5F.d.43E8474B810394E1D88289712B5B30EC.e.2932/value - {"text":"Equipment"}
COMMAND: GET /session/638b8c348501295d6d2539f1a905cf1c/screenshot - {}
RESULT: {"text":"Equipment"}
COMMAND: GET /session/638b8c348501295d6d2539f1a905cf1c/screenshot - {}
RESULT: {}
RESULT: {}
COMMAND: POST /session/638b8c348501295d6d2539f1a905cf1c/actions - {"actions":[{"id":"action8","type":"key","parameters":{},"actions":[{"type":"keyDown","value":"î€‡"},{"type":"pause","duration":10},{"type":"keyUp","value":"î€‡"}]}]}
RESULT: {"actions":[{"id":"action8","type":"key","parameters":{},"actions":[{"type":"keyDown","value":"î€‡"},{"type":"pause","duration":10},{"type":"keyUp","value":"î€‡"}]}]}
COMMAND: POST /session/638b8c348501295d6d2539f1a905cf1c/execute/async - {"script":"<script> [1562 bytes]","args":[{"selector":{"id":"application-manageresources-display-component---newResourceUnit--resourceId","interaction":{"idSuffix":"inner"}},"wdio_ui5_key":"applicationmanageresources-display-component---newResourceUnit--resourceId"}]}
COMMAND: GET /session/638b8c348501295d6d2539f1a905cf1c/screenshot - {}
RESULT: {"script":"<script> [1562 bytes]","args":[{"selector":{"id":"application-manageresources-display-component---newResourceUnit--resourceId","interaction":{"idSuffix":"inner"}},"wdio_ui5_key":"applicationmanageresources-display-component---newResourceUnit--resourceId"}]}
RESULT: undefined
COMMAND: POST /session/638b8c348501295d6d2539f1a905cf1c/execute/async - {"script":"<script> [776 bytes]","args":[{"enterText":"NzpjmaUJuX","selector":{"id":"application-manageresources-display-component---newResourceUnit--resourceId","interaction":{"idSuffix":"inner"}},"clearTextFirst":true,"interactionType":"ENTER_TEXT"}]}
RESULT: {}
RESULT: {"script":"<script> [776 bytes]","args":[{"enterText":"NzpjmaUJuX","selector":{"id":"application-manageresources-display-component---newResourceUnit--resourceId","interaction":{"idSuffix":"inner"}},"clearTextFirst":true,"interactionType":"ENTER_TEXT"}]}
COMMAND: POST /session/638b8c348501295d6d2539f1a905cf1c/execute/async - {"script":"<script> [1562 bytes]","args":[{"selector":{"id":"application-manageresources-display-component---newResourceUnit--SHORT_TEXT","interaction":{"idSuffix":"inner"}},"wdio_ui5_key":"applicationmanageresources-display-component---newResourceUnit--SHORT_TEXT"}]}
RESULT: {"script":"<script> [1562 bytes]","args":[{"selector":{"id":"application-manageresources-display-component---newResourceUnit--SHORT_TEXT","interaction":{"idSuffix":"inner"}},"wdio_ui5_key":"applicationmanageresources-display-component---newResourceUnit--SHORT_TEXT"}]}
RESULT: undefined
COMMAND: POST /session/638b8c348501295d6d2539f1a905cf1c/execute/async - {"script":"<script> [776 bytes]","args":[{"enterText":"Intercompany Equipment WDIO","selector":{"id":"application-manageresources-display-component---newResourceUnit--SHORT_TEXT","interaction":{"idSuffix":"inner"}},"clearTextFirst":true,"interactionType":"ENTER_TEXT"}]}
RESULT: {"script":"<script> [776 bytes]","args":[{"enterText":"Intercompany Equipment WDIO","selector":{"id":"application-manageresources-display-component---newResourceUnit--SHORT_TEXT","interaction":{"idSuffix":"inner"}},"clearTextFirst":true,"interactionType":"ENTER_TEXT"}]}
COMMAND: POST /session/638b8c348501295d6d2539f1a905cf1c/execute/async - {"script":"<script> [1562 bytes]","args":[{"selector":{"id":"application-manageresources-display-component---newResourceUnit--BASE_UNIT_OF_MEASURE","interaction":{"idSuffix":"inner"}},"wdio_ui5_key":"applicationmanageresources-display-component---newResourceUnit--BASE_UNIT_OF_MEASURE"}]}
RESULT: {"script":"<script> [1562 bytes]","args":[{"selector":{"id":"application-manageresources-display-component---newResourceUnit--BASE_UNIT_OF_MEASURE","interaction":{"idSuffix":"inner"}},"wdio_ui5_key":"applicationmanageresources-display-component---newResourceUnit--BASE_UNIT_OF_MEASURE"}]}
RESULT: undefined
COMMAND: POST /session/638b8c348501295d6d2539f1a905cf1c/execute/async - {"script":"<script> [776 bytes]","args":[{"enterText":"Piece","selector":{"id":"application-manageresources-display-component---newResourceUnit--BASE_UNIT_OF_MEASURE","interaction":{"idSuffix":"inner"}},"clearTextFirst":true,"interactionType":"ENTER_TEXT"}]}
RESULT: {"script":"<script> [776 bytes]","args":[{"enterText":"Piece","selector":{"id":"application-manageresources-display-component---newResourceUnit--BASE_UNIT_OF_MEASURE","interaction":{"idSuffix":"inner"}},"clearTextFirst":true,"interactionType":"ENTER_TEXT"}]}
COMMAND: POST /session/638b8c348501295d6d2539f1a905cf1c/execute/async - {"script":"<script> [1562 bytes]","args":[{"selector":{"id":"application-manageresources-display-component---newResourceUnit--WEIGHT_UNIT","interaction":{"idSuffix":"inner"}},"wdio_ui5_key":"applicationmanageresources-display-component---newResourceUnit--WEIGHT_UNIT"}]}
RESULT: {"script":"<script> [1562 bytes]","args":[{"selector":{"id":"application-manageresources-display-component---newResourceUnit--WEIGHT_UNIT","interaction":{"idSuffix":"inner"}},"wdio_ui5_key":"applicationmanageresources-display-component---newResourceUnit--WEIGHT_UNIT"}]}
RESULT: undefined
COMMAND: POST /session/638b8c348501295d6d2539f1a905cf1c/execute/async - {"script":"<script> [776 bytes]","args":[{"enterText":"Gram","selector":{"id":"application-manageresources-display-component---newResourceUnit--WEIGHT_UNIT","interaction":{"idSuffix":"inner"}},"clearTextFirst":true,"interactionType":"ENTER_TEXT"}]}
RESULT: {"script":"<script> [776 bytes]","args":[{"enterText":"Gram","selector":{"id":"application-manageresources-display-component---newResourceUnit--WEIGHT_UNIT","interaction":{"idSuffix":"inner"}},"clearTextFirst":true,"interactionType":"ENTER_TEXT"}]}
COMMAND: POST /session/638b8c348501295d6d2539f1a905cf1c/execute/async - {"script":"<script> [1562 bytes]","args":[{"selector":{"id":"application-manageresources-display-component---newResourceUnit--DIMENSION_UNIT","interaction":{"idSuffix":"inner"}},"wdio_ui5_key":"applicationmanageresources-display-component---newResourceUnit--DIMENSION_UNIT"}]}
RESULT: {"script":"<script> [1562 bytes]","args":[{"selector":{"id":"application-manageresources-display-component---newResourceUnit--DIMENSION_UNIT","interaction":{"idSuffix":"inner"}},"wdio_ui5_key":"applicationmanageresources-display-component---newResourceUnit--DIMENSION_UNIT"}]}
RESULT: undefined
COMMAND: POST /session/638b8c348501295d6d2539f1a905cf1c/execute/async - {"script":"<script> [776 bytes]","args":[{"enterText":"Meter","selector":{"id":"application-manageresources-display-component---newResourceUnit--DIMENSION_UNIT","interaction":{"idSuffix":"inner"}},"clearTextFirst":true,"interactionType":"ENTER_TEXT"}]}
RESULT: {"script":"<script> [776 bytes]","args":[{"enterText":"Meter","selector":{"id":"application-manageresources-display-component---newResourceUnit--DIMENSION_UNIT","interaction":{"idSuffix":"inner"}},"clearTextFirst":true,"interactionType":"ENTER_TEXT"}]}
COMMAND: POST /session/638b8c348501295d6d2539f1a905cf1c/execute/async - {"script":"<script> [1562 bytes]","args":[{"selector":{"id":"application-manageresources-display-component---newResourceUnit--newRRUPage-anchBar-application-manageresources-display-component---newResourceUnit--control-anchor","interaction":{"idSuffix":"BDI-content"}},"wdio_ui5_key":"applicationmanageresources-display-component---newResourceUnit--newRRUPage-anchBar-application-manageresources-display-component---newResourceUnit--control-anchor"}]}
RESULT: {"script":"<script> [1562 bytes]","args":[{"selector":{"id":"application-manageresources-display-component---newResourceUnit--newRRUPage-anchBar-application-manageresources-display-component---newResourceUnit--control-anchor","interaction":{"idSuffix":"BDI-content"}},"wdio_ui5_key":"applicationmanageresources-display-component---newResourceUnit--newRRUPage-anchBar-application-manageresources-display-component---newResourceUnit--control-anchor"}]}
RESULT: undefined
COMMAND: POST /session/638b8c348501295d6d2539f1a905cf1c/element - {"using":"xpath","value":"//*[@id=\"application-manageresources-display-component---newResourceUnit--newRRUPage-anchBar-application-manageresources-display-component---newResourceUnit--control-anchor\"]"}
RESULT: {"using":"xpath","value":"//*[@id=\"application-manageresources-display-component---newResourceUnit--newRRUPage-anchBar-application-manageresources-display-component---newResourceUnit--control-anchor\"]"}
COMMAND: POST /session/638b8c348501295d6d2539f1a905cf1c/element/f.AA659E0CE08D0C76D21A3A5289A8AF5F.d.43E8474B810394E1D88289712B5B30EC.e.3070/click - {}
RESULT: {}
COMMAND: POST /session/638b8c348501295d6d2539f1a905cf1c/execute/async - {"script":"<script> [1562 bytes]","args":[{"selector":{"id":"application-manageresources-display-component---newResourceUnit--PLANNING_GROUP","interaction":{"idSuffix":"inner"}},"wdio_ui5_key":"applicationmanageresources-display-component---newResourceUnit--PLANNING_GROUP"}]}
COMMAND: GET /session/638b8c348501295d6d2539f1a905cf1c/screenshot - {}
RESULT: {"script":"<script> [1562 bytes]","args":[{"selector":{"id":"application-manageresources-display-component---newResourceUnit--PLANNING_GROUP","interaction":{"idSuffix":"inner"}},"wdio_ui5_key":"applicationmanageresources-display-component---newResourceUnit--PLANNING_GROUP"}]}
RESULT: undefined
COMMAND: POST /session/638b8c348501295d6d2539f1a905cf1c/execute/async - {"script":"<script> [776 bytes]","args":[{"enterText":"Heavy Equi","selector":{"id":"application-manageresources-display-component---newResourceUnit--PLANNING_GROUP","interaction":{"idSuffix":"inner"}},"clearTextFirst":true,"interactionType":"ENTER_TEXT"}]}
RESULT: {}
RESULT: {"script":"<script> [776 bytes]","args":[{"enterText":"Heavy Equi","selector":{"id":"application-manageresources-display-component---newResourceUnit--PLANNING_GROUP","interaction":{"idSuffix":"inner"}},"clearTextFirst":true,"interactionType":"ENTER_TEXT"}]}
COMMAND: POST /session/638b8c348501295d6d2539f1a905cf1c/execute/async - {"script":"<script> [1562 bytes]","args":[{"selector":{"id":"application-manageresources-display-component---newResourceUnit--ITEM_TYPE-arrow"},"wdio_ui5_key":"applicationmanageresources-display-component---newResourceUnit--ITEM_TYPE-arrow"}]}
RESULT: {"script":"<script> [1562 bytes]","args":[{"selector":{"id":"application-manageresources-display-component---newResourceUnit--ITEM_TYPE-arrow"},"wdio_ui5_key":"applicationmanageresources-display-component---newResourceUnit--ITEM_TYPE-arrow"}]}
RESULT: undefined
COMMAND: POST /session/638b8c348501295d6d2539f1a905cf1c/element - {"using":"xpath","value":"//*[@id=\"application-manageresources-display-component---newResourceUnit--ITEM_TYPE-arrow\"]"}
RESULT: {"using":"xpath","value":"//*[@id=\"application-manageresources-display-component---newResourceUnit--ITEM_TYPE-arrow\"]"}
COMMAND: POST /session/638b8c348501295d6d2539f1a905cf1c/element/f.AA659E0CE08D0C76D21A3A5289A8AF5F.d.43E8474B810394E1D88289712B5B30EC.e.3077/click - {}
RESULT: {}
COMMAND: POST /session/638b8c348501295d6d2539f1a905cf1c/element - {"using":"xpath","value":"(//span[contains(text(), \"Resource Unit\")])[2]"}
COMMAND: GET /session/638b8c348501295d6d2539f1a905cf1c/screenshot - {}
RESULT: {"using":"xpath","value":"(//span[contains(text(), \"Resource Unit\")])[2]"}
COMMAND: POST /session/638b8c348501295d6d2539f1a905cf1c/element/f.AA659E0CE08D0C76D21A3A5289A8AF5F.d.43E8474B810394E1D88289712B5B30EC.e.3078/click - {}
RESULT: {}
RESULT: {}
COMMAND: GET /session/638b8c348501295d6d2539f1a905cf1c/screenshot - {}
RESULT: {}
COMMAND: POST /session/638b8c348501295d6d2539f1a905cf1c/element - {"using":"css selector","value":"#application-manageresources-display-component---newResourceUnit--btnAddTimeSegment"}
RESULT: {"using":"css selector","value":"#application-manageresources-display-component---newResourceUnit--btnAddTimeSegment"}
COMMAND: GET /session/638b8c348501295d6d2539f1a905cf1c/element/f.AA659E0CE08D0C76D21A3A5289A8AF5F.d.43E8474B810394E1D88289712B5B30EC.e.3079/rect - {}
RESULT: {}
COMMAND: GET /session/638b8c348501295d6d2539f1a905cf1c/window/rect - {}
RESULT: {}
COMMAND: POST /session/638b8c348501295d6d2539f1a905cf1c/execute/sync - {"script":"<script> [92 bytes]","args":[]}
RESULT: {"script":"<script> [92 bytes]","args":[]}
COMMAND: POST /session/638b8c348501295d6d2539f1a905cf1c/actions - {"actions":[{"id":"action9","type":"wheel","parameters":{},"actions":[{"type":"scroll","x":-1888,"y":-32,"deltaX":0,"deltaY":0,"duration":0,"origin":{"element-6066-11e4-a52e-4f735466cecf":"f.AA659E0CE08D0C76D21A3A5289A8AF5F.d.43E8474B810394E1D88289712B5B30EC.e.3079"}}]}]}
COMMAND: GET /session/638b8c348501295d6d2539f1a905cf1c/screenshot - {}
RESULT: {}
COMMAND: POST /session/638b8c348501295d6d2539f1a905cf1c/execute/sync - {"script":"<script> [79 bytes]","args":[{"element-6066-11e4-a52e-4f735466cecf":"f.AA659E0CE08D0C76D21A3A5289A8AF5F.d.43E8474B810394E1D88289712B5B30EC.e.3079","ELEMENT":"f.AA659E0CE08D0C76D21A3A5289A8AF5F.d.43E8474B810394E1D88289712B5B30EC.e.3079"},{"block":"start","inline":"nearest"}]}
RESULT: {"script":"<script> [79 bytes]","args":[{"element-6066-11e4-a52e-4f735466cecf":"f.AA659E0CE08D0C76D21A3A5289A8AF5F.d.43E8474B810394E1D88289712B5B30EC.e.3079","ELEMENT":"f.AA659E0CE08D0C76D21A3A5289A8AF5F.d.43E8474B810394E1D88289712B5B30EC.e.3079"},{"block":"start","inline":"nearest"}]}
COMMAND: POST /session/638b8c348501295d6d2539f1a905cf1c/execute/async - {"script":"<script> [1562 bytes]","args":[{"selector":{"id":"application-manageresources-display-component---newResourceUnit--btnAddTimeSegment","interaction":{"idSuffix":"inner"}},"wdio_ui5_key":"applicationmanageresources-display-component---newResourceUnit--btnAddTimeSegment"}]}
COMMAND: GET /session/638b8c348501295d6d2539f1a905cf1c/screenshot - {}
RESULT: {}
RESULT: {"script":"<script> [1562 bytes]","args":[{"selector":{"id":"application-manageresources-display-component---newResourceUnit--btnAddTimeSegment","interaction":{"idSuffix":"inner"}},"wdio_ui5_key":"applicationmanageresources-display-component---newResourceUnit--btnAddTimeSegment"}]}
RESULT: undefined
COMMAND: POST /session/638b8c348501295d6d2539f1a905cf1c/element - {"using":"xpath","value":"//*[@id=\"application-manageresources-display-component---newResourceUnit--btnAddTimeSegment\"]"}
RESULT: {"using":"xpath","value":"//*[@id=\"application-manageresources-display-component---newResourceUnit--btnAddTimeSegment\"]"}
COMMAND: POST /session/638b8c348501295d6d2539f1a905cf1c/element/f.AA659E0CE08D0C76D21A3A5289A8AF5F.d.43E8474B810394E1D88289712B5B30EC.e.3079/click - {}
RESULT: {}
COMMAND: GET /session/638b8c348501295d6d2539f1a905cf1c/screenshot - {}
RESULT: {}
COMMAND: POST /session/638b8c348501295d6d2539f1a905cf1c/element - {"using":"xpath","value":"//input[@id=\"application-manageresources-display-component---newResourceUnit--idRuTSAdmin-application-manageresources-display-component---newResourceUnit--RUTimeSegment-0-inner\"]"}
RESULT: {"using":"xpath","value":"//input[@id=\"application-manageresources-display-component---newResourceUnit--idRuTSAdmin-application-manageresources-display-component---newResourceUnit--RUTimeSegment-0-inner\"]"}
COMMAND: POST /session/638b8c348501295d6d2539f1a905cf1c/element/f.AA659E0CE08D0C76D21A3A5289A8AF5F.d.43E8474B810394E1D88289712B5B30EC.e.3085/clear - {}
RESULT: {}
COMMAND: POST /session/638b8c348501295d6d2539f1a905cf1c/element/f.AA659E0CE08D0C76D21A3A5289A8AF5F.d.43E8474B810394E1D88289712B5B30EC.e.3085/value - {"text":"510"}
COMMAND: GET /session/638b8c348501295d6d2539f1a905cf1c/screenshot - {}
RESULT: {"text":"510"}
COMMAND: GET /session/638b8c348501295d6d2539f1a905cf1c/screenshot - {}
RESULT: {}
RESULT: {}
COMMAND: POST /session/638b8c348501295d6d2539f1a905cf1c/element - {"using":"xpath","value":"//li[.//span[text()='510']]"}
RESULT: {"using":"xpath","value":"//li[.//span[text()='510']]"}
COMMAND: POST /session/638b8c348501295d6d2539f1a905cf1c/element/f.AA659E0CE08D0C76D21A3A5289A8AF5F.d.43E8474B810394E1D88289712B5B30EC.e.3097/click - {}
RESULT: {}
COMMAND: GET /session/638b8c348501295d6d2539f1a905cf1c/screenshot - {}
RESULT: {}
COMMAND: POST /session/638b8c348501295d6d2539f1a905cf1c/element - {"using":"xpath","value":"(//span[contains(@id, \"-application-manageresources-display-component---newResourceUnit--RUTimeSegment-0-arrow\")])[6]"}
RESULT: {"using":"xpath","value":"(//span[contains(@id, \"-application-manageresources-display-component---newResourceUnit--RUTimeSegment-0-arrow\")])[6]"}
COMMAND: POST /session/638b8c348501295d6d2539f1a905cf1c/element/f.AA659E0CE08D0C76D21A3A5289A8AF5F.d.43E8474B810394E1D88289712B5B30EC.e.3098/click - {}
RESULT: {}
COMMAND: GET /session/638b8c348501295d6d2539f1a905cf1c/screenshot - {}
RESULT: {}
COMMAND: POST /session/638b8c348501295d6d2539f1a905cf1c/element - {"using":"xpath","value":"//span[contains(text(), \"PM Order\")]"}
RESULT: {"using":"xpath","value":"//span[contains(text(), \"PM Order\")]"}
COMMAND: POST /session/638b8c348501295d6d2539f1a905cf1c/element/f.AA659E0CE08D0C76D21A3A5289A8AF5F.d.43E8474B810394E1D88289712B5B30EC.e.3101/click - {}
RESULT: {}
COMMAND: GET /session/638b8c348501295d6d2539f1a905cf1c/screenshot - {}
RESULT: {}
COMMAND: POST /session/638b8c348501295d6d2539f1a905cf1c/element - {"using":"xpath","value":"(//span[contains(@id ,\"manageresources-display-component---newResourceUnit--RUTimeSegment-0-vhi\")])[1]"}
RESULT: {"using":"xpath","value":"(//span[contains(@id ,\"manageresources-display-component---newResourceUnit--RUTimeSegment-0-vhi\")])[1]"}
COMMAND: GET /session/638b8c348501295d6d2539f1a905cf1c/element/f.AA659E0CE08D0C76D21A3A5289A8AF5F.d.43E8474B810394E1D88289712B5B30EC.e.3105/rect - {}
RESULT: {}
COMMAND: GET /session/638b8c348501295d6d2539f1a905cf1c/window/rect - {}
RESULT: {}
COMMAND: POST /session/638b8c348501295d6d2539f1a905cf1c/execute/sync - {"script":"<script> [92 bytes]","args":[]}
RESULT: {"script":"<script> [92 bytes]","args":[]}
COMMAND: POST /session/638b8c348501295d6d2539f1a905cf1c/actions - {"actions":[{"id":"action10","type":"wheel","parameters":{},"actions":[{"type":"scroll","x":-869,"y":-24,"deltaX":0,"deltaY":0,"duration":0,"origin":{"element-6066-11e4-a52e-4f735466cecf":"f.AA659E0CE08D0C76D21A3A5289A8AF5F.d.43E8474B810394E1D88289712B5B30EC.e.3105"}}]}]}
COMMAND: GET /session/638b8c348501295d6d2539f1a905cf1c/screenshot - {}
RESULT: {"actions":[{"id":"action10","type":"wheel","parameters":{},"actions":[{"type":"scroll","x":-869,"y":-24,"deltaX":0,"deltaY":0,"duration":0,"origin":{"element-6066-11e4-a52e-4f735466cecf":"f.AA659E0CE08D0C76D21A3A5289A8AF5F.d.43E8474B810394E1D88289712B5B30EC.e.3105"}}]}]}
COMMAND: DELETE /session/638b8c348501295d6d2539f1a905cf1c/actions - {}
COMMAND: GET /session/638b8c348501295d6d2539f1a905cf1c/screenshot - {}
RESULT: {}
RESULT: {}
COMMAND: GET /session/638b8c348501295d6d2539f1a905cf1c/screenshot - {}
RESULT: {}
RESULT: {}
COMMAND: POST /session/638b8c348501295d6d2539f1a905cf1c/element/f.AA659E0CE08D0C76D21A3A5289A8AF5F.d.43E8474B810394E1D88289712B5B30EC.e.3105/click - {}
RESULT: {}
COMMAND: GET /session/638b8c348501295d6d2539f1a905cf1c/screenshot - {}
RESULT: {}
COMMAND: POST /session/638b8c348501295d6d2539f1a905cf1c/execute/async - {"script":"<script> [1562 bytes]","args":[{"selector":{"controlType":"sap.m.SearchField","properties":{"placeholder":"Search"},"searchOpenDialogs":true,"interaction":{"idSuffix":"I"}},"wdio_ui5_key":"sapm.SearchField{\"placeholder\":\"Search\"}"}]}
RESULT: {"script":"<script> [1562 bytes]","args":[{"selector":{"controlType":"sap.m.SearchField","properties":{"placeholder":"Search"},"searchOpenDialogs":true,"interaction":{"idSuffix":"I"}},"wdio_ui5_key":"sapm.SearchField{\"placeholder\":\"Search\"}"}]}
RESULT: undefined
COMMAND: POST /session/638b8c348501295d6d2539f1a905cf1c/execute/async - {"script":"<script> [776 bytes]","args":[{"enterText":"4000360","selector":{"controlType":"sap.m.SearchField","properties":{"placeholder":"Search"},"searchOpenDialogs":true,"interaction":{"idSuffix":"I"}},"clearTextFirst":true,"interactionType":"ENTER_TEXT"}]}
RESULT: {"script":"<script> [776 bytes]","args":[{"enterText":"4000360","selector":{"controlType":"sap.m.SearchField","properties":{"placeholder":"Search"},"searchOpenDialogs":true,"interaction":{"idSuffix":"I"}},"clearTextFirst":true,"interactionType":"ENTER_TEXT"}]}
COMMAND: POST /session/638b8c348501295d6d2539f1a905cf1c/actions - {"actions":[{"id":"action11","type":"key","parameters":{},"actions":[{"type":"keyDown","value":"î€‡"},{"type":"pause","duration":10},{"type":"keyUp","value":"î€‡"}]}]}
RESULT: {"actions":[{"id":"action11","type":"key","parameters":{},"actions":[{"type":"keyDown","value":"î€‡"},{"type":"pause","duration":10},{"type":"keyUp","value":"î€‡"}]}]}
COMMAND: GET /session/638b8c348501295d6d2539f1a905cf1c/screenshot - {}
RESULT: {}
COMMAND: POST /session/638b8c348501295d6d2539f1a905cf1c/element - {"using":"xpath","value":"//td/div/span[contains(text(), \"BGL Vehicles\")]"}
RESULT: {"using":"xpath","value":"//td/div/span[contains(text(), \"BGL Vehicles\")]"}
COMMAND: POST /session/638b8c348501295d6d2539f1a905cf1c/element/f.AA659E0CE08D0C76D21A3A5289A8AF5F.d.43E8474B810394E1D88289712B5B30EC.e.3127/click - {}
RESULT: {}
COMMAND: GET /session/638b8c348501295d6d2539f1a905cf1c/screenshot - {}
RESULT: {}
COMMAND: POST /session/638b8c348501295d6d2539f1a905cf1c/element - {"using":"xpath","value":"//bdi[contains(text(), \"OK\")]"}
RESULT: {"using":"xpath","value":"//bdi[contains(text(), \"OK\")]"}
COMMAND: POST /session/638b8c348501295d6d2539f1a905cf1c/element/f.AA659E0CE08D0C76D21A3A5289A8AF5F.d.43E8474B810394E1D88289712B5B30EC.e.3128/click - {}
RESULT: {}
COMMAND: GET /session/638b8c348501295d6d2539f1a905cf1c/screenshot - {}
RESULT: {}
COMMAND: POST /session/638b8c348501295d6d2539f1a905cf1c/execute/async - {"script":"<script> [1562 bytes]","args":[{"selector":{"id":"application-manageresources-display-component---newResourceUnit--newRRUPage-anchBar-application-manageresources-display-component---newResourceUnit--resource-anchor","interaction":{"idSuffix":"BDI-content"}},"wdio_ui5_key":"applicationmanageresources-display-component---newResourceUnit--newRRUPage-anchBar-application-manageresources-display-component---newResourceUnit--resource-anchor"}]}
RESULT: {"script":"<script> [1562 bytes]","args":[{"selector":{"id":"application-manageresources-display-component---newResourceUnit--newRRUPage-anchBar-application-manageresources-display-component---newResourceUnit--resource-anchor","interaction":{"idSuffix":"BDI-content"}},"wdio_ui5_key":"applicationmanageresources-display-component---newResourceUnit--newRRUPage-anchBar-application-manageresources-display-component---newResourceUnit--resource-anchor"}]}
RESULT: undefined
COMMAND: POST /session/638b8c348501295d6d2539f1a905cf1c/element - {"using":"xpath","value":"//*[@id=\"application-manageresources-display-component---newResourceUnit--newRRUPage-anchBar-application-manageresources-display-component---newResourceUnit--resource-anchor\"]"}
RESULT: {"using":"xpath","value":"//*[@id=\"application-manageresources-display-component---newResourceUnit--newRRUPage-anchBar-application-manageresources-display-component---newResourceUnit--resource-anchor\"]"}
COMMAND: POST /session/638b8c348501295d6d2539f1a905cf1c/element/f.AA659E0CE08D0C76D21A3A5289A8AF5F.d.43E8474B810394E1D88289712B5B30EC.e.3132/click - {}
RESULT: {}
COMMAND: POST /session/638b8c348501295d6d2539f1a905cf1c/execute/async - {"script":"<script> [1562 bytes]","args":[{"selector":{"id":"application-manageresources-display-component---newResourceUnit--PLANNED_DELIVERY_DATE","interaction":{"idSuffix":"inner"}},"wdio_ui5_key":"applicationmanageresources-display-component---newResourceUnit--PLANNED_DELIVERY_DATE"}]}
COMMAND: GET /session/638b8c348501295d6d2539f1a905cf1c/screenshot - {}
RESULT: {"script":"<script> [1562 bytes]","args":[{"selector":{"id":"application-manageresources-display-component---newResourceUnit--PLANNED_DELIVERY_DATE","interaction":{"idSuffix":"inner"}},"wdio_ui5_key":"applicationmanageresources-display-component---newResourceUnit--PLANNED_DELIVERY_DATE"}]}
RESULT: undefined
COMMAND: POST /session/638b8c348501295d6d2539f1a905cf1c/execute/async - {"script":"<script> [6424 bytes]","args":[{"element-6066-11e4-a52e-4f735466cecf":"f.AA659E0CE08D0C76D21A3A5289A8AF5F.d.43E8474B810394E1D88289712B5B30EC.e.2993"},"setValue",["5/2/25"]]}
RESULT: {}
RESULT: {"script":"<script> [6424 bytes]","args":[{"element-6066-11e4-a52e-4f735466cecf":"f.AA659E0CE08D0C76D21A3A5289A8AF5F.d.43E8474B810394E1D88289712B5B30EC.e.2993"},"setValue",["5/2/25"]]}
COMMAND: POST /session/638b8c348501295d6d2539f1a905cf1c/element - {"using":"xpath","value":"//button[@data-kt=\"resourceUnitSaveButton\"]"}
RESULT: {"using":"xpath","value":"//button[@data-kt=\"resourceUnitSaveButton\"]"}
COMMAND: POST /session/638b8c348501295d6d2539f1a905cf1c/element/f.AA659E0CE08D0C76D21A3A5289A8AF5F.d.43E8474B810394E1D88289712B5B30EC.e.2954/click - {}
RESULT: {}
COMMAND: GET /session/638b8c348501295d6d2539f1a905cf1c/screenshot - {}
RESULT: {}
COMMAND: POST /session/638b8c348501295d6d2539f1a905cf1c/element - {"using":"xpath","value":"//bdi[contains(text(), \"Close\")]"}
RESULT: {"using":"xpath","value":"//bdi[contains(text(), \"Close\")]"}
COMMAND: POST /session/638b8c348501295d6d2539f1a905cf1c/element/f.AA659E0CE08D0C76D21A3A5289A8AF5F.d.43E8474B810394E1D88289712B5B30EC.e.3141/click - {}
RESULT: {}
COMMAND: GET /session/638b8c348501295d6d2539f1a905cf1c/screenshot - {}
RESULT: {}
COMMAND: POST /session/638b8c348501295d6d2539f1a905cf1c/element - {"using":"xpath","value":"(//button[contains(@id ,\"actionsToolbar-overflowButton\")])[1]"}
RESULT: {"using":"xpath","value":"(//button[contains(@id ,\"actionsToolbar-overflowButton\")])[1]"}
COMMAND: POST /session/638b8c348501295d6d2539f1a905cf1c/element/f.AA659E0CE08D0C76D21A3A5289A8AF5F.d.43E8474B810394E1D88289712B5B30EC.e.3197/click - {}
RESULT: {}
COMMAND: GET /session/638b8c348501295d6d2539f1a905cf1c/screenshot - {}
RESULT: {}
COMMAND: POST /session/638b8c348501295d6d2539f1a905cf1c/element - {"using":"xpath","value":"//button[@data-kt=\"priceInfoButton\"]"}
RESULT: {"using":"xpath","value":"//button[@data-kt=\"priceInfoButton\"]"}
COMMAND: POST /session/638b8c348501295d6d2539f1a905cf1c/element/f.AA659E0CE08D0C76D21A3A5289A8AF5F.d.43E8474B810394E1D88289712B5B30EC.e.3199/click - {}
RESULT: {}
COMMAND: GET /session/638b8c348501295d6d2539f1a905cf1c/screenshot - {}
RESULT: {}
]]></system-out>
    </testcase>
    <testcase classname="chrome.135_0_7049_96.windows.Billing_confirm_US117289" name="Should create new pricing rule" time="55.479">
      <system-out><![CDATA[
COMMAND: POST /session/638b8c348501295d6d2539f1a905cf1c/element - {"using":"xpath","value":"//button[@data-kt=\"addButton\"]"}
RESULT: {"using":"xpath","value":"//button[@data-kt=\"addButton\"]"}
COMMAND: POST /session/638b8c348501295d6d2539f1a905cf1c/elements - {"using":"xpath","value":"//button[@data-kt=\"addButton\"]"}
RESULT: {"using":"xpath","value":"//button[@data-kt=\"addButton\"]"}
COMMAND: POST /session/638b8c348501295d6d2539f1a905cf1c/elements - {"using":"xpath","value":"//button[@data-kt=\"addButton\"]"}
RESULT: {"using":"xpath","value":"//button[@data-kt=\"addButton\"]"}
COMMAND: POST /session/638b8c348501295d6d2539f1a905cf1c/elements - {"using":"xpath","value":"//button[@data-kt=\"addButton\"]"}
RESULT: {"using":"xpath","value":"//button[@data-kt=\"addButton\"]"}
COMMAND: POST /session/638b8c348501295d6d2539f1a905cf1c/element - {"using":"xpath","value":"//button[@data-kt=\"addButton\"]"}
RESULT: {"using":"xpath","value":"//button[@data-kt=\"addButton\"]"}
COMMAND: POST /session/638b8c348501295d6d2539f1a905cf1c/execute/sync - {"script":"<script> [8489 bytes]","args":[{"element-6066-11e4-a52e-4f735466cecf":"f.AA659E0CE08D0C76D21A3A5289A8AF5F.d.43E8474B810394E1D88289712B5B30EC.e.3235","ELEMENT":"f.AA659E0CE08D0C76D21A3A5289A8AF5F.d.43E8474B810394E1D88289712B5B30EC.e.3235"}]}
RESULT: {"script":"<script> [8489 bytes]","args":[{"element-6066-11e4-a52e-4f735466cecf":"f.AA659E0CE08D0C76D21A3A5289A8AF5F.d.43E8474B810394E1D88289712B5B30EC.e.3235","ELEMENT":"f.AA659E0CE08D0C76D21A3A5289A8AF5F.d.43E8474B810394E1D88289712B5B30EC.e.3235"}]}
COMMAND: GET /session/638b8c348501295d6d2539f1a905cf1c/element/f.AA659E0CE08D0C76D21A3A5289A8AF5F.d.43E8474B810394E1D88289712B5B30EC.e.3235/enabled - {}
COMMAND: GET /session/638b8c348501295d6d2539f1a905cf1c/screenshot - {}
RESULT: {}
COMMAND: POST /session/638b8c348501295d6d2539f1a905cf1c/execute/sync - {"script":"<script> [8489 bytes]","args":[{"element-6066-11e4-a52e-4f735466cecf":"f.AA659E0CE08D0C76D21A3A5289A8AF5F.d.43E8474B810394E1D88289712B5B30EC.e.3235","ELEMENT":"f.AA659E0CE08D0C76D21A3A5289A8AF5F.d.43E8474B810394E1D88289712B5B30EC.e.3235"}]}
COMMAND: GET /session/638b8c348501295d6d2539f1a905cf1c/screenshot - {}
RESULT: {}
RESULT: {"script":"<script> [8489 bytes]","args":[{"element-6066-11e4-a52e-4f735466cecf":"f.AA659E0CE08D0C76D21A3A5289A8AF5F.d.43E8474B810394E1D88289712B5B30EC.e.3235","ELEMENT":"f.AA659E0CE08D0C76D21A3A5289A8AF5F.d.43E8474B810394E1D88289712B5B30EC.e.3235"}]}
COMMAND: POST /session/638b8c348501295d6d2539f1a905cf1c/execute/sync - {"script":"<script> [5351 bytes]","args":[{"element-6066-11e4-a52e-4f735466cecf":"f.AA659E0CE08D0C76D21A3A5289A8AF5F.d.43E8474B810394E1D88289712B5B30EC.e.3235","ELEMENT":"f.AA659E0CE08D0C76D21A3A5289A8AF5F.d.43E8474B810394E1D88289712B5B30EC.e.3235"}]}
COMMAND: GET /session/638b8c348501295d6d2539f1a905cf1c/screenshot - {}
RESULT: {}
RESULT: {"script":"<script> [5351 bytes]","args":[{"element-6066-11e4-a52e-4f735466cecf":"f.AA659E0CE08D0C76D21A3A5289A8AF5F.d.43E8474B810394E1D88289712B5B30EC.e.3235","ELEMENT":"f.AA659E0CE08D0C76D21A3A5289A8AF5F.d.43E8474B810394E1D88289712B5B30EC.e.3235"}]}
COMMAND: POST /session/638b8c348501295d6d2539f1a905cf1c/element/f.AA659E0CE08D0C76D21A3A5289A8AF5F.d.43E8474B810394E1D88289712B5B30EC.e.3235/click - {}
COMMAND: GET /session/638b8c348501295d6d2539f1a905cf1c/screenshot - {}
RESULT: {}
RESULT: {}
COMMAND: GET /session/638b8c348501295d6d2539f1a905cf1c/screenshot - {}
RESULT: {}
RESULT: {}
COMMAND: POST /session/638b8c348501295d6d2539f1a905cf1c/execute/async - {"script":"<script> [1562 bytes]","args":[{"selector":{"controlType":"sap.m.Title","viewName":"etm.portal.ui.managepricingrules.view.NewItem","viewId":"application-managepricingrules-display-component---newInfoPriceItem","properties":{"text":"New Pricing Rules - Item Level"}},"wdio_ui5_key":"etmportal.ui.managepricingrules.view.NewItemsap.m.Title{\"text\":\"New Pricing Rules - Item Level\"}"}]}
RESULT: {"script":"<script> [1562 bytes]","args":[{"selector":{"controlType":"sap.m.Title","viewName":"etm.portal.ui.managepricingrules.view.NewItem","viewId":"application-managepricingrules-display-component---newInfoPriceItem","properties":{"text":"New Pricing Rules - Item Level"}},"wdio_ui5_key":"etmportal.ui.managepricingrules.view.NewItemsap.m.Title{\"text\":\"New Pricing Rules - Item Level\"}"}]}
RESULT: undefined
COMMAND: POST /session/638b8c348501295d6d2539f1a905cf1c/execute/async - {"script":"<script> [6424 bytes]","args":[{"element-6066-11e4-a52e-4f735466cecf":"f.AA659E0CE08D0C76D21A3A5289A8AF5F.d.43E8474B810394E1D88289712B5B30EC.e.3315"},"getText",[]]}
RESULT: {"script":"<script> [6424 bytes]","args":[{"element-6066-11e4-a52e-4f735466cecf":"f.AA659E0CE08D0C76D21A3A5289A8AF5F.d.43E8474B810394E1D88289712B5B30EC.e.3315"},"getText",[]]}
COMMAND: POST /session/638b8c348501295d6d2539f1a905cf1c/execute/async - {"script":"<script> [1562 bytes]","args":[{"selector":{"id":"application-managepricingrules-display-component---newInfoPriceItem--condValidTo","interaction":{"idSuffix":"inner"}},"wdio_ui5_key":"applicationmanagepricingrules-display-component---newInfoPriceItem--condValidTo"}]}
RESULT: {"script":"<script> [1562 bytes]","args":[{"selector":{"id":"application-managepricingrules-display-component---newInfoPriceItem--condValidTo","interaction":{"idSuffix":"inner"}},"wdio_ui5_key":"applicationmanagepricingrules-display-component---newInfoPriceItem--condValidTo"}]}
RESULT: undefined
COMMAND: POST /session/638b8c348501295d6d2539f1a905cf1c/execute/async - {"script":"<script> [776 bytes]","args":[{"enterText":"01/02/26","selector":{"id":"application-managepricingrules-display-component---newInfoPriceItem--condValidTo","interaction":{"idSuffix":"inner"}},"clearTextFirst":true,"interactionType":"ENTER_TEXT"}]}
RESULT: {"script":"<script> [776 bytes]","args":[{"enterText":"01/02/26","selector":{"id":"application-managepricingrules-display-component---newInfoPriceItem--condValidTo","interaction":{"idSuffix":"inner"}},"clearTextFirst":true,"interactionType":"ENTER_TEXT"}]}
COMMAND: POST /session/638b8c348501295d6d2539f1a905cf1c/execute/async - {"script":"<script> [1562 bytes]","args":[{"selector":{"id":"application-managepricingrules-display-component---newInfoPriceItem--billType-arrow"},"wdio_ui5_key":"applicationmanagepricingrules-display-component---newInfoPriceItem--billType-arrow"}]}
RESULT: {"script":"<script> [1562 bytes]","args":[{"selector":{"id":"application-managepricingrules-display-component---newInfoPriceItem--billType-arrow"},"wdio_ui5_key":"applicationmanagepricingrules-display-component---newInfoPriceItem--billType-arrow"}]}
RESULT: undefined
COMMAND: POST /session/638b8c348501295d6d2539f1a905cf1c/element - {"using":"xpath","value":"//*[@id=\"application-managepricingrules-display-component---newInfoPriceItem--billType-arrow\"]"}
RESULT: {"using":"xpath","value":"//*[@id=\"application-managepricingrules-display-component---newInfoPriceItem--billType-arrow\"]"}
COMMAND: POST /session/638b8c348501295d6d2539f1a905cf1c/element/f.AA659E0CE08D0C76D21A3A5289A8AF5F.d.43E8474B810394E1D88289712B5B30EC.e.3317/click - {}
RESULT: {}
COMMAND: POST /session/638b8c348501295d6d2539f1a905cf1c/element - {"using":"xpath","value":"//span[contains(text(), \"TB - Time based\")]"}
COMMAND: GET /session/638b8c348501295d6d2539f1a905cf1c/screenshot - {}
RESULT: {"using":"xpath","value":"//span[contains(text(), \"TB - Time based\")]"}
COMMAND: POST /session/638b8c348501295d6d2539f1a905cf1c/element/f.AA659E0CE08D0C76D21A3A5289A8AF5F.d.43E8474B810394E1D88289712B5B30EC.e.3318/click - {}
RESULT: {}
RESULT: {}
COMMAND: POST /session/638b8c348501295d6d2539f1a905cf1c/execute/async - {"script":"<script> [1562 bytes]","args":[{"selector":{"id":"application-managepricingrules-display-component---newInfoPriceItem--priceProc-arrow"},"wdio_ui5_key":"applicationmanagepricingrules-display-component---newInfoPriceItem--priceProc-arrow"}]}
COMMAND: GET /session/638b8c348501295d6d2539f1a905cf1c/screenshot - {}
RESULT: {"script":"<script> [1562 bytes]","args":[{"selector":{"id":"application-managepricingrules-display-component---newInfoPriceItem--priceProc-arrow"},"wdio_ui5_key":"applicationmanagepricingrules-display-component---newInfoPriceItem--priceProc-arrow"}]}
RESULT: undefined
COMMAND: POST /session/638b8c348501295d6d2539f1a905cf1c/element - {"using":"xpath","value":"//*[@id=\"application-managepricingrules-display-component---newInfoPriceItem--priceProc-arrow\"]"}
RESULT: {}
RESULT: {"using":"xpath","value":"//*[@id=\"application-managepricingrules-display-component---newInfoPriceItem--priceProc-arrow\"]"}
COMMAND: POST /session/638b8c348501295d6d2539f1a905cf1c/element/f.AA659E0CE08D0C76D21A3A5289A8AF5F.d.43E8474B810394E1D88289712B5B30EC.e.3319/click - {}
RESULT: {}
COMMAND: POST /session/638b8c348501295d6d2539f1a905cf1c/element - {"using":"xpath","value":"//span[contains(text(), \"TBS - Time based standard\")]"}
COMMAND: GET /session/638b8c348501295d6d2539f1a905cf1c/screenshot - {}
RESULT: {"using":"xpath","value":"//span[contains(text(), \"TBS - Time based standard\")]"}
COMMAND: POST /session/638b8c348501295d6d2539f1a905cf1c/element/f.AA659E0CE08D0C76D21A3A5289A8AF5F.d.43E8474B810394E1D88289712B5B30EC.e.3320/click - {}
RESULT: {}
RESULT: {}
COMMAND: POST /session/638b8c348501295d6d2539f1a905cf1c/execute/async - {"script":"<script> [1562 bytes]","args":[{"selector":{"id":"application-managepricingrules-display-component---newInfoPriceItem--calcBase-arrow"},"wdio_ui5_key":"applicationmanagepricingrules-display-component---newInfoPriceItem--calcBase-arrow"}]}
COMMAND: GET /session/638b8c348501295d6d2539f1a905cf1c/screenshot - {}
RESULT: {"script":"<script> [1562 bytes]","args":[{"selector":{"id":"application-managepricingrules-display-component---newInfoPriceItem--calcBase-arrow"},"wdio_ui5_key":"applicationmanagepricingrules-display-component---newInfoPriceItem--calcBase-arrow"}]}
RESULT: undefined
COMMAND: POST /session/638b8c348501295d6d2539f1a905cf1c/element - {"using":"xpath","value":"//*[@id=\"application-managepricingrules-display-component---newInfoPriceItem--calcBase-arrow\"]"}
RESULT: {}
RESULT: {"using":"xpath","value":"//*[@id=\"application-managepricingrules-display-component---newInfoPriceItem--calcBase-arrow\"]"}
COMMAND: POST /session/638b8c348501295d6d2539f1a905cf1c/element/f.AA659E0CE08D0C76D21A3A5289A8AF5F.d.43E8474B810394E1D88289712B5B30EC.e.3321/click - {}
RESULT: {}
COMMAND: GET /session/638b8c348501295d6d2539f1a905cf1c/screenshot - {}
RESULT: {}
COMMAND: POST /session/638b8c348501295d6d2539f1a905cf1c/element - {"using":"xpath","value":"//span[contains(text(), \"0006 - TB(calendar days)\")]"}
RESULT: {"using":"xpath","value":"//span[contains(text(), \"0006 - TB(calendar days)\")]"}
COMMAND: POST /session/638b8c348501295d6d2539f1a905cf1c/element/f.AA659E0CE08D0C76D21A3A5289A8AF5F.d.43E8474B810394E1D88289712B5B30EC.e.3322/click - {}
RESULT: {}
COMMAND: GET /session/638b8c348501295d6d2539f1a905cf1c/screenshot - {}
RESULT: {}
COMMAND: POST /session/638b8c348501295d6d2539f1a905cf1c/execute/async - {"script":"<script> [1562 bytes]","args":[{"selector":{"id":"application-managepricingrules-display-component---newInfoPriceItem--daysMonth","interaction":{"idSuffix":"inner"}},"wdio_ui5_key":"applicationmanagepricingrules-display-component---newInfoPriceItem--daysMonth"}]}
RESULT: {"script":"<script> [1562 bytes]","args":[{"selector":{"id":"application-managepricingrules-display-component---newInfoPriceItem--daysMonth","interaction":{"idSuffix":"inner"}},"wdio_ui5_key":"applicationmanagepricingrules-display-component---newInfoPriceItem--daysMonth"}]}
RESULT: undefined
COMMAND: POST /session/638b8c348501295d6d2539f1a905cf1c/execute/async - {"script":"<script> [776 bytes]","args":[{"enterText":"30","selector":{"id":"application-managepricingrules-display-component---newInfoPriceItem--daysMonth","interaction":{"idSuffix":"inner"}},"clearTextFirst":true,"interactionType":"ENTER_TEXT"}]}
RESULT: {"script":"<script> [776 bytes]","args":[{"enterText":"30","selector":{"id":"application-managepricingrules-display-component---newInfoPriceItem--daysMonth","interaction":{"idSuffix":"inner"}},"clearTextFirst":true,"interactionType":"ENTER_TEXT"}]}
COMMAND: POST /session/638b8c348501295d6d2539f1a905cf1c/element - {"using":"xpath","value":"//button[@data-kt=\"saveNewRuleButton\"]"}
RESULT: {"using":"xpath","value":"//button[@data-kt=\"saveNewRuleButton\"]"}
COMMAND: POST /session/638b8c348501295d6d2539f1a905cf1c/element/f.AA659E0CE08D0C76D21A3A5289A8AF5F.d.43E8474B810394E1D88289712B5B30EC.e.3324/click - {}
RESULT: {}
COMMAND: GET /session/638b8c348501295d6d2539f1a905cf1c/screenshot - {}
RESULT: {}
COMMAND: POST /session/638b8c348501295d6d2539f1a905cf1c/execute/async - {"script":"<script> [1562 bytes]","args":[{"selector":{"id":"application-managepricingrules-display-component---priceInfoItem--smartFilterBar-btnBasicSearch","interaction":{"idSuffix":"I"}},"wdio_ui5_key":"applicationmanagepricingrules-display-component---priceInfoItem--smartFilterBar-btnBasicSearch"}]}
RESULT: {"script":"<script> [1562 bytes]","args":[{"selector":{"id":"application-managepricingrules-display-component---priceInfoItem--smartFilterBar-btnBasicSearch","interaction":{"idSuffix":"I"}},"wdio_ui5_key":"applicationmanagepricingrules-display-component---priceInfoItem--smartFilterBar-btnBasicSearch"}]}
RESULT: undefined
COMMAND: POST /session/638b8c348501295d6d2539f1a905cf1c/execute/async - {"script":"<script> [776 bytes]","args":[{"enterText":"NzpjmaUJuX","selector":{"id":"application-managepricingrules-display-component---priceInfoItem--smartFilterBar-btnBasicSearch","interaction":{"idSuffix":"I"}},"clearTextFirst":true,"interactionType":"ENTER_TEXT"}]}
RESULT: {"script":"<script> [776 bytes]","args":[{"enterText":"NzpjmaUJuX","selector":{"id":"application-managepricingrules-display-component---priceInfoItem--smartFilterBar-btnBasicSearch","interaction":{"idSuffix":"I"}},"clearTextFirst":true,"interactionType":"ENTER_TEXT"}]}
COMMAND: POST /session/638b8c348501295d6d2539f1a905cf1c/actions - {"actions":[{"id":"action12","type":"key","parameters":{},"actions":[{"type":"keyDown","value":"î€‡"},{"type":"pause","duration":10},{"type":"keyUp","value":"î€‡"}]}]}
RESULT: {"actions":[{"id":"action12","type":"key","parameters":{},"actions":[{"type":"keyDown","value":"î€‡"},{"type":"pause","duration":10},{"type":"keyUp","value":"î€‡"}]}]}
COMMAND: GET /session/638b8c348501295d6d2539f1a905cf1c/screenshot - {}
RESULT: {}
COMMAND: POST /session/638b8c348501295d6d2539f1a905cf1c/element - {"using":"xpath","value":"//span[@id=\"application-managepricingrules-display-component---priceInfoItem--smartTable-header-inner\"]"}
RESULT: {"using":"xpath","value":"//span[@id=\"application-managepricingrules-display-component---priceInfoItem--smartTable-header-inner\"]"}
COMMAND: POST /session/638b8c348501295d6d2539f1a905cf1c/elements - {"using":"xpath","value":"//span[@id=\"application-managepricingrules-display-component---priceInfoItem--smartTable-header-inner\"]"}
RESULT: {"using":"xpath","value":"//span[@id=\"application-managepricingrules-display-component---priceInfoItem--smartTable-header-inner\"]"}
COMMAND: POST /session/638b8c348501295d6d2539f1a905cf1c/execute/sync - {"script":"<script> [56 bytes]","args":[{"element-6066-11e4-a52e-4f735466cecf":"f.AA659E0CE08D0C76D21A3A5289A8AF5F.d.43E8474B810394E1D88289712B5B30EC.e.3346","ELEMENT":"f.AA659E0CE08D0C76D21A3A5289A8AF5F.d.43E8474B810394E1D88289712B5B30EC.e.3346"}]}
RESULT: {"script":"<script> [56 bytes]","args":[{"element-6066-11e4-a52e-4f735466cecf":"f.AA659E0CE08D0C76D21A3A5289A8AF5F.d.43E8474B810394E1D88289712B5B30EC.e.3346","ELEMENT":"f.AA659E0CE08D0C76D21A3A5289A8AF5F.d.43E8474B810394E1D88289712B5B30EC.e.3346"}]}
COMMAND: POST /session/638b8c348501295d6d2539f1a905cf1c/element - {"using":"css selector","value":"#shell-header-logo"}
COMMAND: GET /session/638b8c348501295d6d2539f1a905cf1c/screenshot - {}
RESULT: {"using":"css selector","value":"#shell-header-logo"}
COMMAND: POST /session/638b8c348501295d6d2539f1a905cf1c/element/f.AA659E0CE08D0C76D21A3A5289A8AF5F.d.43E8474B810394E1D88289712B5B30EC.e.2550/click - {}
RESULT: {}
RESULT: {}
COMMAND: GET /session/638b8c348501295d6d2539f1a905cf1c/screenshot - {}
RESULT: {}
]]></system-out>
    </testcase>
    <testcase classname="chrome.135_0_7049_96.windows.Billing_confirm_US117289" name="Should create new condition for equipment" time="70.684">
      <system-out><![CDATA[
COMMAND: POST /session/638b8c348501295d6d2539f1a905cf1c/execute/async - {"script":"<script> [1562 bytes]","args":[{"selector":{"controlType":"sap.m.Text","properties":{"text":"Manage Conditions & Prices"},"interaction":{"idSuffix":"inner"}},"wdio_ui5_key":"sapm.Text{\"text\":\"Manage Conditions & Prices\"}"}]}
RESULT: {"script":"<script> [1562 bytes]","args":[{"selector":{"controlType":"sap.m.Text","properties":{"text":"Manage Conditions & Prices"},"interaction":{"idSuffix":"inner"}},"wdio_ui5_key":"sapm.Text{\"text\":\"Manage Conditions & Prices\"}"}]}
RESULT: undefined
COMMAND: POST /session/638b8c348501295d6d2539f1a905cf1c/element - {"using":"xpath","value":"//*[@id=\"__tile93-title\"]"}
RESULT: {"using":"xpath","value":"//*[@id=\"__tile93-title\"]"}
COMMAND: POST /session/638b8c348501295d6d2539f1a905cf1c/element/f.AA659E0CE08D0C76D21A3A5289A8AF5F.d.43E8474B810394E1D88289712B5B30EC.e.3349/click - {}
RESULT: {}
COMMAND: POST /session/638b8c348501295d6d2539f1a905cf1c/element - {"using":"xpath","value":"//button[@aria-label=\"Create\"]"}
COMMAND: GET /session/638b8c348501295d6d2539f1a905cf1c/screenshot - {}
RESULT: {"using":"xpath","value":"//button[@aria-label=\"Create\"]"}
COMMAND: POST /session/638b8c348501295d6d2539f1a905cf1c/elements - {"using":"xpath","value":"//button[@aria-label=\"Create\"]"}
RESULT: {}
RESULT: {"using":"xpath","value":"//button[@aria-label=\"Create\"]"}
COMMAND: POST /session/638b8c348501295d6d2539f1a905cf1c/elements - {"using":"xpath","value":"//button[@aria-label=\"Create\"]"}
RESULT: {"using":"xpath","value":"//button[@aria-label=\"Create\"]"}
COMMAND: POST /session/638b8c348501295d6d2539f1a905cf1c/elements - {"using":"xpath","value":"//button[@aria-label=\"Create\"]"}
RESULT: {"using":"xpath","value":"//button[@aria-label=\"Create\"]"}
COMMAND: POST /session/638b8c348501295d6d2539f1a905cf1c/elements - {"using":"xpath","value":"//button[@aria-label=\"Create\"]"}
RESULT: {"using":"xpath","value":"//button[@aria-label=\"Create\"]"}
COMMAND: POST /session/638b8c348501295d6d2539f1a905cf1c/element - {"using":"xpath","value":"//button[@aria-label=\"Create\"]"}
RESULT: {"using":"xpath","value":"//button[@aria-label=\"Create\"]"}
COMMAND: POST /session/638b8c348501295d6d2539f1a905cf1c/execute/sync - {"script":"<script> [8489 bytes]","args":[{"element-6066-11e4-a52e-4f735466cecf":"f.AA659E0CE08D0C76D21A3A5289A8AF5F.d.43E8474B810394E1D88289712B5B30EC.e.3384","ELEMENT":"f.AA659E0CE08D0C76D21A3A5289A8AF5F.d.43E8474B810394E1D88289712B5B30EC.e.3384"}]}
RESULT: {"script":"<script> [8489 bytes]","args":[{"element-6066-11e4-a52e-4f735466cecf":"f.AA659E0CE08D0C76D21A3A5289A8AF5F.d.43E8474B810394E1D88289712B5B30EC.e.3384","ELEMENT":"f.AA659E0CE08D0C76D21A3A5289A8AF5F.d.43E8474B810394E1D88289712B5B30EC.e.3384"}]}
COMMAND: GET /session/638b8c348501295d6d2539f1a905cf1c/element/f.AA659E0CE08D0C76D21A3A5289A8AF5F.d.43E8474B810394E1D88289712B5B30EC.e.3384/enabled - {}
COMMAND: GET /session/638b8c348501295d6d2539f1a905cf1c/screenshot - {}
RESULT: {}
COMMAND: POST /session/638b8c348501295d6d2539f1a905cf1c/execute/sync - {"script":"<script> [8489 bytes]","args":[{"element-6066-11e4-a52e-4f735466cecf":"f.AA659E0CE08D0C76D21A3A5289A8AF5F.d.43E8474B810394E1D88289712B5B30EC.e.3384","ELEMENT":"f.AA659E0CE08D0C76D21A3A5289A8AF5F.d.43E8474B810394E1D88289712B5B30EC.e.3384"}]}
COMMAND: GET /session/638b8c348501295d6d2539f1a905cf1c/screenshot - {}
RESULT: {}
RESULT: {"script":"<script> [8489 bytes]","args":[{"element-6066-11e4-a52e-4f735466cecf":"f.AA659E0CE08D0C76D21A3A5289A8AF5F.d.43E8474B810394E1D88289712B5B30EC.e.3384","ELEMENT":"f.AA659E0CE08D0C76D21A3A5289A8AF5F.d.43E8474B810394E1D88289712B5B30EC.e.3384"}]}
COMMAND: POST /session/638b8c348501295d6d2539f1a905cf1c/execute/sync - {"script":"<script> [5351 bytes]","args":[{"element-6066-11e4-a52e-4f735466cecf":"f.AA659E0CE08D0C76D21A3A5289A8AF5F.d.43E8474B810394E1D88289712B5B30EC.e.3384","ELEMENT":"f.AA659E0CE08D0C76D21A3A5289A8AF5F.d.43E8474B810394E1D88289712B5B30EC.e.3384"}]}
COMMAND: GET /session/638b8c348501295d6d2539f1a905cf1c/screenshot - {}
RESULT: {}
RESULT: {"script":"<script> [5351 bytes]","args":[{"element-6066-11e4-a52e-4f735466cecf":"f.AA659E0CE08D0C76D21A3A5289A8AF5F.d.43E8474B810394E1D88289712B5B30EC.e.3384","ELEMENT":"f.AA659E0CE08D0C76D21A3A5289A8AF5F.d.43E8474B810394E1D88289712B5B30EC.e.3384"}]}
COMMAND: POST /session/638b8c348501295d6d2539f1a905cf1c/element/f.AA659E0CE08D0C76D21A3A5289A8AF5F.d.43E8474B810394E1D88289712B5B30EC.e.3384/click - {}
COMMAND: GET /session/638b8c348501295d6d2539f1a905cf1c/screenshot - {}
RESULT: {}
RESULT: {}
COMMAND: GET /session/638b8c348501295d6d2539f1a905cf1c/screenshot - {}
RESULT: {}
RESULT: {}
COMMAND: POST /session/638b8c348501295d6d2539f1a905cf1c/actions - {"actions":[{"id":"action13","type":"key","parameters":{},"actions":[{"type":"keyDown","value":"î€‡"},{"type":"pause","duration":10},{"type":"keyUp","value":"î€‡"}]}]}
RESULT: {"actions":[{"id":"action13","type":"key","parameters":{},"actions":[{"type":"keyDown","value":"î€‡"},{"type":"pause","duration":10},{"type":"keyUp","value":"î€‡"}]}]}
COMMAND: GET /session/638b8c348501295d6d2539f1a905cf1c/screenshot - {}
RESULT: {}
COMMAND: POST /session/638b8c348501295d6d2539f1a905cf1c/execute/async - {"script":"<script> [1562 bytes]","args":[{"selector":{"id":"application-manageconditionprice-display-component---newCondition--condBillCond-arrow"},"wdio_ui5_key":"applicationmanageconditionprice-display-component---newCondition--condBillCond-arrow"}]}
RESULT: {"script":"<script> [1562 bytes]","args":[{"selector":{"id":"application-manageconditionprice-display-component---newCondition--condBillCond-arrow"},"wdio_ui5_key":"applicationmanageconditionprice-display-component---newCondition--condBillCond-arrow"}]}
RESULT: undefined
COMMAND: POST /session/638b8c348501295d6d2539f1a905cf1c/element - {"using":"xpath","value":"//*[@id=\"application-manageconditionprice-display-component---newCondition--condBillCond-arrow\"]"}
RESULT: {"using":"xpath","value":"//*[@id=\"application-manageconditionprice-display-component---newCondition--condBillCond-arrow\"]"}
COMMAND: POST /session/638b8c348501295d6d2539f1a905cf1c/element/f.AA659E0CE08D0C76D21A3A5289A8AF5F.d.43E8474B810394E1D88289712B5B30EC.e.3565/click - {}
RESULT: {}
COMMAND: GET /session/638b8c348501295d6d2539f1a905cf1c/screenshot - {}
RESULT: {}
COMMAND: POST /session/638b8c348501295d6d2539f1a905cf1c/element - {"using":"xpath","value":"//li[.//span[contains(text(), \"DISP - D&I special price\")]]"}
RESULT: {"using":"xpath","value":"//li[.//span[contains(text(), \"DISP - D&I special price\")]]"}
COMMAND: POST /session/638b8c348501295d6d2539f1a905cf1c/element/f.AA659E0CE08D0C76D21A3A5289A8AF5F.d.43E8474B810394E1D88289712B5B30EC.e.3568/click - {}
RESULT: {}
COMMAND: GET /session/638b8c348501295d6d2539f1a905cf1c/screenshot - {}
RESULT: {}
COMMAND: POST /session/638b8c348501295d6d2539f1a905cf1c/execute/async - {"script":"<script> [1562 bytes]","args":[{"selector":{"id":"application-manageconditionprice-display-component---newCondition--condValidTo","interaction":{"idSuffix":"inner"}},"wdio_ui5_key":"applicationmanageconditionprice-display-component---newCondition--condValidTo"}]}
RESULT: {"script":"<script> [1562 bytes]","args":[{"selector":{"id":"application-manageconditionprice-display-component---newCondition--condValidTo","interaction":{"idSuffix":"inner"}},"wdio_ui5_key":"applicationmanageconditionprice-display-component---newCondition--condValidTo"}]}
RESULT: undefined
COMMAND: POST /session/638b8c348501295d6d2539f1a905cf1c/execute/async - {"script":"<script> [776 bytes]","args":[{"enterText":"01/02/26","selector":{"id":"application-manageconditionprice-display-component---newCondition--condValidTo","interaction":{"idSuffix":"inner"}},"clearTextFirst":true,"interactionType":"ENTER_TEXT"}]}
RESULT: {"script":"<script> [776 bytes]","args":[{"enterText":"01/02/26","selector":{"id":"application-manageconditionprice-display-component---newCondition--condValidTo","interaction":{"idSuffix":"inner"}},"clearTextFirst":true,"interactionType":"ENTER_TEXT"}]}
COMMAND: POST /session/638b8c348501295d6d2539f1a905cf1c/element - {"using":"xpath","value":"//input[@id=\"application-manageconditionprice-display-component---newCondition--condRU-inner\"]"}
RESULT: {"using":"xpath","value":"//input[@id=\"application-manageconditionprice-display-component---newCondition--condRU-inner\"]"}
COMMAND: POST /session/638b8c348501295d6d2539f1a905cf1c/element/f.AA659E0CE08D0C76D21A3A5289A8AF5F.d.43E8474B810394E1D88289712B5B30EC.e.3430/clear - {}
RESULT: {}
COMMAND: POST /session/638b8c348501295d6d2539f1a905cf1c/element/f.AA659E0CE08D0C76D21A3A5289A8AF5F.d.43E8474B810394E1D88289712B5B30EC.e.3430/value - {"text":"NzpjmaUJuX"}
COMMAND: GET /session/638b8c348501295d6d2539f1a905cf1c/screenshot - {}
RESULT: {"text":"NzpjmaUJuX"}
COMMAND: GET /session/638b8c348501295d6d2539f1a905cf1c/screenshot - {}
RESULT: {}
RESULT: {}
COMMAND: POST /session/638b8c348501295d6d2539f1a905cf1c/actions - {"actions":[{"id":"action14","type":"key","parameters":{},"actions":[{"type":"keyDown","value":"î€‡"},{"type":"pause","duration":10},{"type":"keyUp","value":"î€‡"}]}]}
RESULT: {"actions":[{"id":"action14","type":"key","parameters":{},"actions":[{"type":"keyDown","value":"î€‡"},{"type":"pause","duration":10},{"type":"keyUp","value":"î€‡"}]}]}
COMMAND: POST /session/638b8c348501295d6d2539f1a905cf1c/execute/async - {"script":"<script> [1562 bytes]","args":[{"selector":{"id":"application-manageconditionprice-display-component---newCondition--condBaseQty","interaction":{"idSuffix":"inner"}},"wdio_ui5_key":"applicationmanageconditionprice-display-component---newCondition--condBaseQty"}]}
COMMAND: GET /session/638b8c348501295d6d2539f1a905cf1c/screenshot - {}
RESULT: {"script":"<script> [1562 bytes]","args":[{"selector":{"id":"application-manageconditionprice-display-component---newCondition--condBaseQty","interaction":{"idSuffix":"inner"}},"wdio_ui5_key":"applicationmanageconditionprice-display-component---newCondition--condBaseQty"}]}
RESULT: undefined
COMMAND: POST /session/638b8c348501295d6d2539f1a905cf1c/execute/async - {"script":"<script> [776 bytes]","args":[{"enterText":"1","selector":{"id":"application-manageconditionprice-display-component---newCondition--condBaseQty","interaction":{"idSuffix":"inner"}},"clearTextFirst":true,"interactionType":"ENTER_TEXT"}]}
RESULT: {}
RESULT: {"script":"<script> [776 bytes]","args":[{"enterText":"1","selector":{"id":"application-manageconditionprice-display-component---newCondition--condBaseQty","interaction":{"idSuffix":"inner"}},"clearTextFirst":true,"interactionType":"ENTER_TEXT"}]}
COMMAND: POST /session/638b8c348501295d6d2539f1a905cf1c/execute/async - {"script":"<script> [1562 bytes]","args":[{"selector":{"id":"application-manageconditionprice-display-component---newCondition--condValue","interaction":{"idSuffix":"inner"}},"wdio_ui5_key":"applicationmanageconditionprice-display-component---newCondition--condValue"}]}
RESULT: {"script":"<script> [1562 bytes]","args":[{"selector":{"id":"application-manageconditionprice-display-component---newCondition--condValue","interaction":{"idSuffix":"inner"}},"wdio_ui5_key":"applicationmanageconditionprice-display-component---newCondition--condValue"}]}
RESULT: undefined
COMMAND: POST /session/638b8c348501295d6d2539f1a905cf1c/execute/async - {"script":"<script> [776 bytes]","args":[{"enterText":"100","selector":{"id":"application-manageconditionprice-display-component---newCondition--condValue","interaction":{"idSuffix":"inner"}},"clearTextFirst":true,"interactionType":"ENTER_TEXT"}]}
RESULT: {"script":"<script> [776 bytes]","args":[{"enterText":"100","selector":{"id":"application-manageconditionprice-display-component---newCondition--condValue","interaction":{"idSuffix":"inner"}},"clearTextFirst":true,"interactionType":"ENTER_TEXT"}]}
COMMAND: POST /session/638b8c348501295d6d2539f1a905cf1c/execute/async - {"script":"<script> [1562 bytes]","args":[{"selector":{"id":"application-manageconditionprice-display-component---newCondition--condCurr-arrow"},"wdio_ui5_key":"applicationmanageconditionprice-display-component---newCondition--condCurr-arrow"}]}
RESULT: {"script":"<script> [1562 bytes]","args":[{"selector":{"id":"application-manageconditionprice-display-component---newCondition--condCurr-arrow"},"wdio_ui5_key":"applicationmanageconditionprice-display-component---newCondition--condCurr-arrow"}]}
RESULT: undefined
COMMAND: POST /session/638b8c348501295d6d2539f1a905cf1c/element - {"using":"xpath","value":"//*[@id=\"application-manageconditionprice-display-component---newCondition--condCurr-arrow\"]"}
RESULT: {"using":"xpath","value":"//*[@id=\"application-manageconditionprice-display-component---newCondition--condCurr-arrow\"]"}
COMMAND: POST /session/638b8c348501295d6d2539f1a905cf1c/element/f.AA659E0CE08D0C76D21A3A5289A8AF5F.d.43E8474B810394E1D88289712B5B30EC.e.3529/click - {}
RESULT: {}
COMMAND: POST /session/638b8c348501295d6d2539f1a905cf1c/element - {"using":"xpath","value":"//span[contains(text(), \"Euro\")]"}
COMMAND: GET /session/638b8c348501295d6d2539f1a905cf1c/screenshot - {}
RESULT: {"using":"xpath","value":"//span[contains(text(), \"Euro\")]"}
COMMAND: POST /session/638b8c348501295d6d2539f1a905cf1c/element/f.AA659E0CE08D0C76D21A3A5289A8AF5F.d.43E8474B810394E1D88289712B5B30EC.e.3605/click - {}
RESULT: {}
RESULT: {}
COMMAND: POST /session/638b8c348501295d6d2539f1a905cf1c/element - {"using":"xpath","value":"//button[@data-kt=\"saveButton\"]"}
COMMAND: GET /session/638b8c348501295d6d2539f1a905cf1c/screenshot - {}
RESULT: {"using":"xpath","value":"//button[@data-kt=\"saveButton\"]"}
COMMAND: POST /session/638b8c348501295d6d2539f1a905cf1c/element/f.AA659E0CE08D0C76D21A3A5289A8AF5F.d.43E8474B810394E1D88289712B5B30EC.e.3530/click - {}
RESULT: {}
RESULT: {}
COMMAND: GET /session/638b8c348501295d6d2539f1a905cf1c/screenshot - {}
RESULT: {}
COMMAND: POST /session/638b8c348501295d6d2539f1a905cf1c/execute/async - {"script":"<script> [1562 bytes]","args":[{"selector":{"id":"application-manageconditionprice-display-component---conditions--smartFilterBar-btnBasicSearch","interaction":{"idSuffix":"I"}},"wdio_ui5_key":"applicationmanageconditionprice-display-component---conditions--smartFilterBar-btnBasicSearch"}]}
RESULT: {"script":"<script> [1562 bytes]","args":[{"selector":{"id":"application-manageconditionprice-display-component---conditions--smartFilterBar-btnBasicSearch","interaction":{"idSuffix":"I"}},"wdio_ui5_key":"applicationmanageconditionprice-display-component---conditions--smartFilterBar-btnBasicSearch"}]}
RESULT: undefined
COMMAND: POST /session/638b8c348501295d6d2539f1a905cf1c/execute/async - {"script":"<script> [776 bytes]","args":[{"enterText":"NzpjmaUJuX","selector":{"id":"application-manageconditionprice-display-component---conditions--smartFilterBar-btnBasicSearch","interaction":{"idSuffix":"I"}},"clearTextFirst":true,"interactionType":"ENTER_TEXT"}]}
RESULT: {"script":"<script> [776 bytes]","args":[{"enterText":"NzpjmaUJuX","selector":{"id":"application-manageconditionprice-display-component---conditions--smartFilterBar-btnBasicSearch","interaction":{"idSuffix":"I"}},"clearTextFirst":true,"interactionType":"ENTER_TEXT"}]}
COMMAND: POST /session/638b8c348501295d6d2539f1a905cf1c/actions - {"actions":[{"id":"action15","type":"key","parameters":{},"actions":[{"type":"keyDown","value":"î€‡"},{"type":"pause","duration":10},{"type":"keyUp","value":"î€‡"}]}]}
RESULT: {"actions":[{"id":"action15","type":"key","parameters":{},"actions":[{"type":"keyDown","value":"î€‡"},{"type":"pause","duration":10},{"type":"keyUp","value":"î€‡"}]}]}
COMMAND: GET /session/638b8c348501295d6d2539f1a905cf1c/screenshot - {}
RESULT: {}
COMMAND: POST /session/638b8c348501295d6d2539f1a905cf1c/execute/async - {"script":"<script> [1562 bytes]","args":[{"selector":{"id":"application-manageconditionprice-display-component---conditions--smartFilterBar-filterItemControl_BASIC-BILL_TYPES-vhi"},"wdio_ui5_key":"applicationmanageconditionprice-display-component---conditions--smartFilterBar-filterItemControl_BASIC-BILL_TYPES-vhi"}]}
RESULT: {"script":"<script> [1562 bytes]","args":[{"selector":{"id":"application-manageconditionprice-display-component---conditions--smartFilterBar-filterItemControl_BASIC-BILL_TYPES-vhi"},"wdio_ui5_key":"applicationmanageconditionprice-display-component---conditions--smartFilterBar-filterItemControl_BASIC-BILL_TYPES-vhi"}]}
RESULT: undefined
COMMAND: POST /session/638b8c348501295d6d2539f1a905cf1c/element - {"using":"xpath","value":"//*[@id=\"application-manageconditionprice-display-component---conditions--smartFilterBar-filterItemControl_BASIC-BILL_TYPES-vhi\"]"}
RESULT: {"using":"xpath","value":"//*[@id=\"application-manageconditionprice-display-component---conditions--smartFilterBar-filterItemControl_BASIC-BILL_TYPES-vhi\"]"}
COMMAND: POST /session/638b8c348501295d6d2539f1a905cf1c/element/f.AA659E0CE08D0C76D21A3A5289A8AF5F.d.43E8474B810394E1D88289712B5B30EC.e.3711/click - {}
RESULT: {}
COMMAND: POST /session/638b8c348501295d6d2539f1a905cf1c/execute/async - {"script":"<script> [1562 bytes]","args":[{"selector":{"id":"application-manageconditionprice-display-component---conditions--smartFilterBar-filterItemControl_BASIC-BILL_TYPES-valueHelpDialog-smartFilterBar-btnBasicSearch","searchOpenDialogs":true,"interaction":{"idSuffix":"I"}},"wdio_ui5_key":"applicationmanageconditionprice-display-component---conditions--smartFilterBar-filterItemControl_BASIC-BILL_TYPES-valueHelpDialog-smartFilterBar-btnBasicSearch"}]}
COMMAND: GET /session/638b8c348501295d6d2539f1a905cf1c/screenshot - {}
RESULT: {"script":"<script> [1562 bytes]","args":[{"selector":{"id":"application-manageconditionprice-display-component---conditions--smartFilterBar-filterItemControl_BASIC-BILL_TYPES-valueHelpDialog-smartFilterBar-btnBasicSearch","searchOpenDialogs":true,"interaction":{"idSuffix":"I"}},"wdio_ui5_key":"applicationmanageconditionprice-display-component---conditions--smartFilterBar-filterItemControl_BASIC-BILL_TYPES-valueHelpDialog-smartFilterBar-btnBasicSearch"}]}
RESULT: undefined
COMMAND: POST /session/638b8c348501295d6d2539f1a905cf1c/execute/async - {"script":"<script> [776 bytes]","args":[{"enterText":"TB","selector":{"id":"application-manageconditionprice-display-component---conditions--smartFilterBar-filterItemControl_BASIC-BILL_TYPES-valueHelpDialog-smartFilterBar-btnBasicSearch","searchOpenDialogs":true,"interaction":{"idSuffix":"I"}},"clearTextFirst":true,"interactionType":"ENTER_TEXT"}]}
RESULT: {}
RESULT: {"script":"<script> [776 bytes]","args":[{"enterText":"TB","selector":{"id":"application-manageconditionprice-display-component---conditions--smartFilterBar-filterItemControl_BASIC-BILL_TYPES-valueHelpDialog-smartFilterBar-btnBasicSearch","searchOpenDialogs":true,"interaction":{"idSuffix":"I"}},"clearTextFirst":true,"interactionType":"ENTER_TEXT"}]}
COMMAND: POST /session/638b8c348501295d6d2539f1a905cf1c/actions - {"actions":[{"id":"action16","type":"key","parameters":{},"actions":[{"type":"keyDown","value":"î€‡"},{"type":"pause","duration":10},{"type":"keyUp","value":"î€‡"}]}]}
RESULT: {"actions":[{"id":"action16","type":"key","parameters":{},"actions":[{"type":"keyDown","value":"î€‡"},{"type":"pause","duration":10},{"type":"keyUp","value":"î€‡"}]}]}
COMMAND: GET /session/638b8c348501295d6d2539f1a905cf1c/screenshot - {}
RESULT: {}
COMMAND: POST /session/638b8c348501295d6d2539f1a905cf1c/element - {"using":"xpath","value":"//div[contains(@id, 'application-manageconditionprice-display-component---conditions--smartFilterBar-filterItemControl_BASIC-BILL_TYPES-valueHelpDialog-table-rowsel0')]"}
RESULT: {"using":"xpath","value":"//div[contains(@id, 'application-manageconditionprice-display-component---conditions--smartFilterBar-filterItemControl_BASIC-BILL_TYPES-valueHelpDialog-table-rowsel0')]"}
COMMAND: POST /session/638b8c348501295d6d2539f1a905cf1c/element/f.AA659E0CE08D0C76D21A3A5289A8AF5F.d.43E8474B810394E1D88289712B5B30EC.e.3721/click - {}
RESULT: {}
COMMAND: GET /session/638b8c348501295d6d2539f1a905cf1c/screenshot - {}
RESULT: {}
COMMAND: POST /session/638b8c348501295d6d2539f1a905cf1c/element - {"using":"xpath","value":"//bdi[contains(text(), \"OK\")]"}
RESULT: {"using":"xpath","value":"//bdi[contains(text(), \"OK\")]"}
COMMAND: POST /session/638b8c348501295d6d2539f1a905cf1c/element/f.AA659E0CE08D0C76D21A3A5289A8AF5F.d.43E8474B810394E1D88289712B5B30EC.e.3723/click - {}
RESULT: {}
COMMAND: GET /session/638b8c348501295d6d2539f1a905cf1c/screenshot - {}
RESULT: {}
COMMAND: POST /session/638b8c348501295d6d2539f1a905cf1c/element - {"using":"xpath","value":"//span[@id=\"application-manageconditionprice-display-component---conditions--smartTable-header-inner\"]"}
RESULT: {"using":"xpath","value":"//span[@id=\"application-manageconditionprice-display-component---conditions--smartTable-header-inner\"]"}
COMMAND: POST /session/638b8c348501295d6d2539f1a905cf1c/elements - {"using":"xpath","value":"//span[@id=\"application-manageconditionprice-display-component---conditions--smartTable-header-inner\"]"}
RESULT: {"using":"xpath","value":"//span[@id=\"application-manageconditionprice-display-component---conditions--smartTable-header-inner\"]"}
COMMAND: POST /session/638b8c348501295d6d2539f1a905cf1c/execute/sync - {"script":"<script> [56 bytes]","args":[{"element-6066-11e4-a52e-4f735466cecf":"f.AA659E0CE08D0C76D21A3A5289A8AF5F.d.43E8474B810394E1D88289712B5B30EC.e.3726","ELEMENT":"f.AA659E0CE08D0C76D21A3A5289A8AF5F.d.43E8474B810394E1D88289712B5B30EC.e.3726"}]}
RESULT: {"script":"<script> [56 bytes]","args":[{"element-6066-11e4-a52e-4f735466cecf":"f.AA659E0CE08D0C76D21A3A5289A8AF5F.d.43E8474B810394E1D88289712B5B30EC.e.3726","ELEMENT":"f.AA659E0CE08D0C76D21A3A5289A8AF5F.d.43E8474B810394E1D88289712B5B30EC.e.3726"}]}
COMMAND: POST /session/638b8c348501295d6d2539f1a905cf1c/element - {"using":"css selector","value":"#shell-header-logo"}
COMMAND: GET /session/638b8c348501295d6d2539f1a905cf1c/screenshot - {}
RESULT: {"using":"css selector","value":"#shell-header-logo"}
COMMAND: POST /session/638b8c348501295d6d2539f1a905cf1c/element/f.AA659E0CE08D0C76D21A3A5289A8AF5F.d.43E8474B810394E1D88289712B5B30EC.e.3352/click - {}
RESULT: {}
RESULT: {}
COMMAND: GET /session/638b8c348501295d6d2539f1a905cf1c/screenshot - {}
RESULT: {}
]]></system-out>
    </testcase>
    <testcase classname="chrome.135_0_7049_96.windows.Billing_confirm_US117289" name="Should do a stock increase" time="93.948">
      <system-out><![CDATA[
COMMAND: POST /session/638b8c348501295d6d2539f1a905cf1c/execute/async - {"script":"<script> [1562 bytes]","args":[{"selector":{"controlType":"sap.m.Text","viewName":"etm.portal.ui.managehandoverstile.view.Master","properties":{"text":"Manage Handovers"},"interaction":{"idSuffix":"inner"}},"wdio_ui5_key":"etmportal.ui.managehandoverstile.view.Mastersap.m.Text{\"text\":\"Manage Handovers\"}"}]}
RESULT: {"script":"<script> [1562 bytes]","args":[{"selector":{"controlType":"sap.m.Text","viewName":"etm.portal.ui.managehandoverstile.view.Master","properties":{"text":"Manage Handovers"},"interaction":{"idSuffix":"inner"}},"wdio_ui5_key":"etmportal.ui.managehandoverstile.view.Mastersap.m.Text{\"text\":\"Manage Handovers\"}"}]}
RESULT: undefined
COMMAND: POST /session/638b8c348501295d6d2539f1a905cf1c/element - {"using":"xpath","value":"//*[@id=\"__tile130-title\"]"}
RESULT: {"using":"xpath","value":"//*[@id=\"__tile130-title\"]"}
COMMAND: POST /session/638b8c348501295d6d2539f1a905cf1c/element/f.AA659E0CE08D0C76D21A3A5289A8AF5F.d.43E8474B810394E1D88289712B5B30EC.e.3731/click - {}
RESULT: {}
COMMAND: POST /session/638b8c348501295d6d2539f1a905cf1c/element - {"using":"xpath","value":"//button[@data-kt=\"masterHOAddButton\"]"}
COMMAND: GET /session/638b8c348501295d6d2539f1a905cf1c/screenshot - {}
RESULT: {"using":"xpath","value":"//button[@data-kt=\"masterHOAddButton\"]"}
COMMAND: POST /session/638b8c348501295d6d2539f1a905cf1c/elements - {"using":"xpath","value":"//button[@data-kt=\"masterHOAddButton\"]"}
RESULT: {}
RESULT: {"using":"xpath","value":"//button[@data-kt=\"masterHOAddButton\"]"}
COMMAND: POST /session/638b8c348501295d6d2539f1a905cf1c/elements - {"using":"xpath","value":"//button[@data-kt=\"masterHOAddButton\"]"}
RESULT: {"using":"xpath","value":"//button[@data-kt=\"masterHOAddButton\"]"}
COMMAND: POST /session/638b8c348501295d6d2539f1a905cf1c/elements - {"using":"xpath","value":"//button[@data-kt=\"masterHOAddButton\"]"}
RESULT: {"using":"xpath","value":"//button[@data-kt=\"masterHOAddButton\"]"}
COMMAND: POST /session/638b8c348501295d6d2539f1a905cf1c/elements - {"using":"xpath","value":"//button[@data-kt=\"masterHOAddButton\"]"}
RESULT: {"using":"xpath","value":"//button[@data-kt=\"masterHOAddButton\"]"}
COMMAND: POST /session/638b8c348501295d6d2539f1a905cf1c/elements - {"using":"xpath","value":"//button[@data-kt=\"masterHOAddButton\"]"}
RESULT: {"using":"xpath","value":"//button[@data-kt=\"masterHOAddButton\"]"}
COMMAND: POST /session/638b8c348501295d6d2539f1a905cf1c/elements - {"using":"xpath","value":"//button[@data-kt=\"masterHOAddButton\"]"}
RESULT: {"using":"xpath","value":"//button[@data-kt=\"masterHOAddButton\"]"}
COMMAND: POST /session/638b8c348501295d6d2539f1a905cf1c/elements - {"using":"xpath","value":"//button[@data-kt=\"masterHOAddButton\"]"}
RESULT: {"using":"xpath","value":"//button[@data-kt=\"masterHOAddButton\"]"}
COMMAND: POST /session/638b8c348501295d6d2539f1a905cf1c/elements - {"using":"xpath","value":"//button[@data-kt=\"masterHOAddButton\"]"}
RESULT: {"using":"xpath","value":"//button[@data-kt=\"masterHOAddButton\"]"}
COMMAND: POST /session/638b8c348501295d6d2539f1a905cf1c/elements - {"using":"xpath","value":"//button[@data-kt=\"masterHOAddButton\"]"}
RESULT: {"using":"xpath","value":"//button[@data-kt=\"masterHOAddButton\"]"}
COMMAND: POST /session/638b8c348501295d6d2539f1a905cf1c/elements - {"using":"xpath","value":"//button[@data-kt=\"masterHOAddButton\"]"}
RESULT: {"using":"xpath","value":"//button[@data-kt=\"masterHOAddButton\"]"}
COMMAND: POST /session/638b8c348501295d6d2539f1a905cf1c/elements - {"using":"xpath","value":"//button[@data-kt=\"masterHOAddButton\"]"}
RESULT: {"using":"xpath","value":"//button[@data-kt=\"masterHOAddButton\"]"}
COMMAND: POST /session/638b8c348501295d6d2539f1a905cf1c/elements - {"using":"xpath","value":"//button[@data-kt=\"masterHOAddButton\"]"}
RESULT: {"using":"xpath","value":"//button[@data-kt=\"masterHOAddButton\"]"}
COMMAND: POST /session/638b8c348501295d6d2539f1a905cf1c/elements - {"using":"xpath","value":"//button[@data-kt=\"masterHOAddButton\"]"}
RESULT: {"using":"xpath","value":"//button[@data-kt=\"masterHOAddButton\"]"}
COMMAND: POST /session/638b8c348501295d6d2539f1a905cf1c/elements - {"using":"xpath","value":"//button[@data-kt=\"masterHOAddButton\"]"}
RESULT: {"using":"xpath","value":"//button[@data-kt=\"masterHOAddButton\"]"}
COMMAND: POST /session/638b8c348501295d6d2539f1a905cf1c/element - {"using":"xpath","value":"//button[@data-kt=\"masterHOAddButton\"]"}
RESULT: {"using":"xpath","value":"//button[@data-kt=\"masterHOAddButton\"]"}
COMMAND: POST /session/638b8c348501295d6d2539f1a905cf1c/execute/sync - {"script":"<script> [8489 bytes]","args":[{"element-6066-11e4-a52e-4f735466cecf":"f.AA659E0CE08D0C76D21A3A5289A8AF5F.d.43E8474B810394E1D88289712B5B30EC.e.3773","ELEMENT":"f.AA659E0CE08D0C76D21A3A5289A8AF5F.d.43E8474B810394E1D88289712B5B30EC.e.3773"}]}
RESULT: {"script":"<script> [8489 bytes]","args":[{"element-6066-11e4-a52e-4f735466cecf":"f.AA659E0CE08D0C76D21A3A5289A8AF5F.d.43E8474B810394E1D88289712B5B30EC.e.3773","ELEMENT":"f.AA659E0CE08D0C76D21A3A5289A8AF5F.d.43E8474B810394E1D88289712B5B30EC.e.3773"}]}
COMMAND: GET /session/638b8c348501295d6d2539f1a905cf1c/element/f.AA659E0CE08D0C76D21A3A5289A8AF5F.d.43E8474B810394E1D88289712B5B30EC.e.3773/enabled - {}
COMMAND: GET /session/638b8c348501295d6d2539f1a905cf1c/screenshot - {}
RESULT: {}
COMMAND: POST /session/638b8c348501295d6d2539f1a905cf1c/execute/sync - {"script":"<script> [8489 bytes]","args":[{"element-6066-11e4-a52e-4f735466cecf":"f.AA659E0CE08D0C76D21A3A5289A8AF5F.d.43E8474B810394E1D88289712B5B30EC.e.3773","ELEMENT":"f.AA659E0CE08D0C76D21A3A5289A8AF5F.d.43E8474B810394E1D88289712B5B30EC.e.3773"}]}
COMMAND: GET /session/638b8c348501295d6d2539f1a905cf1c/screenshot - {}
RESULT: {}
RESULT: {"script":"<script> [8489 bytes]","args":[{"element-6066-11e4-a52e-4f735466cecf":"f.AA659E0CE08D0C76D21A3A5289A8AF5F.d.43E8474B810394E1D88289712B5B30EC.e.3773","ELEMENT":"f.AA659E0CE08D0C76D21A3A5289A8AF5F.d.43E8474B810394E1D88289712B5B30EC.e.3773"}]}
COMMAND: POST /session/638b8c348501295d6d2539f1a905cf1c/execute/sync - {"script":"<script> [5351 bytes]","args":[{"element-6066-11e4-a52e-4f735466cecf":"f.AA659E0CE08D0C76D21A3A5289A8AF5F.d.43E8474B810394E1D88289712B5B30EC.e.3773","ELEMENT":"f.AA659E0CE08D0C76D21A3A5289A8AF5F.d.43E8474B810394E1D88289712B5B30EC.e.3773"}]}
COMMAND: GET /session/638b8c348501295d6d2539f1a905cf1c/screenshot - {}
RESULT: {}
RESULT: {"script":"<script> [5351 bytes]","args":[{"element-6066-11e4-a52e-4f735466cecf":"f.AA659E0CE08D0C76D21A3A5289A8AF5F.d.43E8474B810394E1D88289712B5B30EC.e.3773","ELEMENT":"f.AA659E0CE08D0C76D21A3A5289A8AF5F.d.43E8474B810394E1D88289712B5B30EC.e.3773"}]}
COMMAND: POST /session/638b8c348501295d6d2539f1a905cf1c/element/f.AA659E0CE08D0C76D21A3A5289A8AF5F.d.43E8474B810394E1D88289712B5B30EC.e.3773/click - {}
COMMAND: GET /session/638b8c348501295d6d2539f1a905cf1c/screenshot - {}
RESULT: {}
RESULT: {}
COMMAND: GET /session/638b8c348501295d6d2539f1a905cf1c/screenshot - {}
COMMAND: POST /session/638b8c348501295d6d2539f1a905cf1c/element - {"using":"xpath","value":"//span[contains(@id ,\"AddNewHO--typeSelect-arrow\")]"}
RESULT: {}
RESULT: {}
RESULT: {"using":"xpath","value":"//span[contains(@id ,\"AddNewHO--typeSelect-arrow\")]"}
COMMAND: POST /session/638b8c348501295d6d2539f1a905cf1c/element/f.AA659E0CE08D0C76D21A3A5289A8AF5F.d.43E8474B810394E1D88289712B5B30EC.e.4111/click - {}
RESULT: {}
COMMAND: GET /session/638b8c348501295d6d2539f1a905cf1c/screenshot - {}
RESULT: {}
COMMAND: POST /session/638b8c348501295d6d2539f1a905cf1c/element - {"using":"xpath","value":"(//li[contains(text(), \"stock increase yard\")])[1]"}
RESULT: {"using":"xpath","value":"(//li[contains(text(), \"stock increase yard\")])[1]"}
COMMAND: POST /session/638b8c348501295d6d2539f1a905cf1c/element/f.AA659E0CE08D0C76D21A3A5289A8AF5F.d.43E8474B810394E1D88289712B5B30EC.e.4112/click - {}
RESULT: {}
COMMAND: GET /session/638b8c348501295d6d2539f1a905cf1c/screenshot - {}
RESULT: {}
COMMAND: POST /session/638b8c348501295d6d2539f1a905cf1c/execute/async - {"script":"<script> [1562 bytes]","args":[{"selector":{"id":"application-managehandovers-display-component---AddNewHO--dueDate","interaction":{"idSuffix":"inner"}},"wdio_ui5_key":"applicationmanagehandovers-display-component---AddNewHO--dueDate"}]}
RESULT: {"script":"<script> [1562 bytes]","args":[{"selector":{"id":"application-managehandovers-display-component---AddNewHO--dueDate","interaction":{"idSuffix":"inner"}},"wdio_ui5_key":"applicationmanagehandovers-display-component---AddNewHO--dueDate"}]}
RESULT: undefined
COMMAND: POST /session/638b8c348501295d6d2539f1a905cf1c/execute/async - {"script":"<script> [6424 bytes]","args":[{"element-6066-11e4-a52e-4f735466cecf":"f.AA659E0CE08D0C76D21A3A5289A8AF5F.d.43E8474B810394E1D88289712B5B30EC.e.4114"},"setValue",["05/02/2025"]]}
RESULT: {"script":"<script> [6424 bytes]","args":[{"element-6066-11e4-a52e-4f735466cecf":"f.AA659E0CE08D0C76D21A3A5289A8AF5F.d.43E8474B810394E1D88289712B5B30EC.e.4114"},"setValue",["05/02/2025"]]}
COMMAND: POST /session/638b8c348501295d6d2539f1a905cf1c/element - {"using":"xpath","value":"//input[@id=\"generalSectionFrg--receiveYard-inner\"]"}
RESULT: {"using":"xpath","value":"//input[@id=\"generalSectionFrg--receiveYard-inner\"]"}
COMMAND: POST /session/638b8c348501295d6d2539f1a905cf1c/element/f.AA659E0CE08D0C76D21A3A5289A8AF5F.d.43E8474B810394E1D88289712B5B30EC.e.4120/clear - {}
RESULT: {}
COMMAND: POST /session/638b8c348501295d6d2539f1a905cf1c/element/f.AA659E0CE08D0C76D21A3A5289A8AF5F.d.43E8474B810394E1D88289712B5B30EC.e.4120/value - {"text":"510"}
COMMAND: GET /session/638b8c348501295d6d2539f1a905cf1c/screenshot - {}
RESULT: {"text":"510"}
COMMAND: GET /session/638b8c348501295d6d2539f1a905cf1c/screenshot - {}
RESULT: {}
RESULT: {}
COMMAND: POST /session/638b8c348501295d6d2539f1a905cf1c/element - {"using":"xpath","value":"//li[.//span[text()='510']]"}
RESULT: {"using":"xpath","value":"//li[.//span[text()='510']]"}
COMMAND: POST /session/638b8c348501295d6d2539f1a905cf1c/element/f.AA659E0CE08D0C76D21A3A5289A8AF5F.d.43E8474B810394E1D88289712B5B30EC.e.4138/click - {}
RESULT: {}
COMMAND: GET /session/638b8c348501295d6d2539f1a905cf1c/screenshot - {}
RESULT: {}
COMMAND: POST /session/638b8c348501295d6d2539f1a905cf1c/execute/async - {"script":"<script> [1562 bytes]","args":[{"selector":{"id":"application-managehandovers-display-component---AddNewHO--ObjectPageLayout-anchBar-application-managehandovers-display-component---AddNewHO--section4-anchor","interaction":{"idSuffix":"BDI-content"}},"wdio_ui5_key":"applicationmanagehandovers-display-component---AddNewHO--ObjectPageLayout-anchBar-application-managehandovers-display-component---AddNewHO--section4-anchor"}]}
RESULT: {"script":"<script> [1562 bytes]","args":[{"selector":{"id":"application-managehandovers-display-component---AddNewHO--ObjectPageLayout-anchBar-application-managehandovers-display-component---AddNewHO--section4-anchor","interaction":{"idSuffix":"BDI-content"}},"wdio_ui5_key":"applicationmanagehandovers-display-component---AddNewHO--ObjectPageLayout-anchBar-application-managehandovers-display-component---AddNewHO--section4-anchor"}]}
RESULT: undefined
COMMAND: POST /session/638b8c348501295d6d2539f1a905cf1c/element - {"using":"xpath","value":"//*[@id=\"application-managehandovers-display-component---AddNewHO--ObjectPageLayout-anchBar-application-managehandovers-display-component---AddNewHO--section4-anchor\"]"}
RESULT: {"using":"xpath","value":"//*[@id=\"application-managehandovers-display-component---AddNewHO--ObjectPageLayout-anchBar-application-managehandovers-display-component---AddNewHO--section4-anchor\"]"}
COMMAND: POST /session/638b8c348501295d6d2539f1a905cf1c/element/f.AA659E0CE08D0C76D21A3A5289A8AF5F.d.43E8474B810394E1D88289712B5B30EC.e.4140/click - {}
RESULT: {}
COMMAND: POST /session/638b8c348501295d6d2539f1a905cf1c/element - {"using":"xpath","value":"//button[@aria-label=\"Add\"]"}
COMMAND: GET /session/638b8c348501295d6d2539f1a905cf1c/screenshot - {}
RESULT: {"using":"xpath","value":"//button[@aria-label=\"Add\"]"}
COMMAND: POST /session/638b8c348501295d6d2539f1a905cf1c/element/f.AA659E0CE08D0C76D21A3A5289A8AF5F.d.43E8474B810394E1D88289712B5B30EC.e.4144/click - {}
RESULT: {}
RESULT: {}
COMMAND: GET /session/638b8c348501295d6d2539f1a905cf1c/screenshot - {}
RESULT: {}
COMMAND: POST /session/638b8c348501295d6d2539f1a905cf1c/execute/async - {"script":"<script> [1562 bytes]","args":[{"selector":{"id":"application-managehandovers-display-component---AddNewHO--smartFilterBar-btnBasicSearch","searchOpenDialogs":true,"interaction":{"idSuffix":"I"}},"wdio_ui5_key":"applicationmanagehandovers-display-component---AddNewHO--smartFilterBar-btnBasicSearch"}]}
RESULT: {"script":"<script> [1562 bytes]","args":[{"selector":{"id":"application-managehandovers-display-component---AddNewHO--smartFilterBar-btnBasicSearch","searchOpenDialogs":true,"interaction":{"idSuffix":"I"}},"wdio_ui5_key":"applicationmanagehandovers-display-component---AddNewHO--smartFilterBar-btnBasicSearch"}]}
RESULT: undefined
COMMAND: POST /session/638b8c348501295d6d2539f1a905cf1c/execute/async - {"script":"<script> [776 bytes]","args":[{"enterText":"NzpjmaUJuX","selector":{"id":"application-managehandovers-display-component---AddNewHO--smartFilterBar-btnBasicSearch","searchOpenDialogs":true,"interaction":{"idSuffix":"I"}},"clearTextFirst":true,"interactionType":"ENTER_TEXT"}]}
RESULT: {"script":"<script> [776 bytes]","args":[{"enterText":"NzpjmaUJuX","selector":{"id":"application-managehandovers-display-component---AddNewHO--smartFilterBar-btnBasicSearch","searchOpenDialogs":true,"interaction":{"idSuffix":"I"}},"clearTextFirst":true,"interactionType":"ENTER_TEXT"}]}
COMMAND: POST /session/638b8c348501295d6d2539f1a905cf1c/actions - {"actions":[{"id":"action17","type":"key","parameters":{},"actions":[{"type":"keyDown","value":"î€‡"},{"type":"pause","duration":10},{"type":"keyUp","value":"î€‡"}]}]}
RESULT: {"actions":[{"id":"action17","type":"key","parameters":{},"actions":[{"type":"keyDown","value":"î€‡"},{"type":"pause","duration":10},{"type":"keyUp","value":"î€‡"}]}]}
COMMAND: GET /session/638b8c348501295d6d2539f1a905cf1c/screenshot - {}
COMMAND: POST /session/638b8c348501295d6d2539f1a905cf1c/execute/async - {"script":"<script> [1562 bytes]","args":[{"selector":{"id":"application-managehandovers-display-component---AddNewHO--popup-sa","searchOpenDialogs":true,"interaction":{"idSuffix":"CbBg"}},"wdio_ui5_key":"applicationmanagehandovers-display-component---AddNewHO--popup-sa"}]}
RESULT: {}
RESULT: {"script":"<script> [1562 bytes]","args":[{"selector":{"id":"application-managehandovers-display-component---AddNewHO--popup-sa","searchOpenDialogs":true,"interaction":{"idSuffix":"CbBg"}},"wdio_ui5_key":"applicationmanagehandovers-display-component---AddNewHO--popup-sa"}]}
RESULT: undefined
COMMAND: POST /session/638b8c348501295d6d2539f1a905cf1c/element - {"using":"xpath","value":"//*[@id=\"application-managehandovers-display-component---AddNewHO--popup-sa\"]"}
RESULT: {"using":"xpath","value":"//*[@id=\"application-managehandovers-display-component---AddNewHO--popup-sa\"]"}
COMMAND: POST /session/638b8c348501295d6d2539f1a905cf1c/element/f.AA659E0CE08D0C76D21A3A5289A8AF5F.d.43E8474B810394E1D88289712B5B30EC.e.4298/click - {}
RESULT: {}
COMMAND: GET /session/638b8c348501295d6d2539f1a905cf1c/screenshot - {}
RESULT: {}
COMMAND: POST /session/638b8c348501295d6d2539f1a905cf1c/element - {"using":"xpath","value":"//bdi[contains(text(), \"Select\")]"}
RESULT: {"using":"xpath","value":"//bdi[contains(text(), \"Select\")]"}
COMMAND: POST /session/638b8c348501295d6d2539f1a905cf1c/element/f.AA659E0CE08D0C76D21A3A5289A8AF5F.d.43E8474B810394E1D88289712B5B30EC.e.4299/click - {}
RESULT: {}
COMMAND: GET /session/638b8c348501295d6d2539f1a905cf1c/screenshot - {}
RESULT: {}
COMMAND: POST /session/638b8c348501295d6d2539f1a905cf1c/element - {"using":"xpath","value":"//button[@data-kt=\"AddNewHOSaveButton\"]"}
RESULT: {"using":"xpath","value":"//button[@data-kt=\"AddNewHOSaveButton\"]"}
COMMAND: POST /session/638b8c348501295d6d2539f1a905cf1c/element/f.AA659E0CE08D0C76D21A3A5289A8AF5F.d.43E8474B810394E1D88289712B5B30EC.e.4303/click - {}
RESULT: {}
COMMAND: GET /session/638b8c348501295d6d2539f1a905cf1c/screenshot - {}
RESULT: {}
COMMAND: POST /session/638b8c348501295d6d2539f1a905cf1c/execute/async - {"script":"<script> [1562 bytes]","args":[{"selector":{"id":"receiptDatePicker","viewName":"etm.portal.ui.managehandovers.view.DetailExecuteHO","interaction":{"idSuffix":"inner"}},"wdio_ui5_key":"receiptDatePickeretmportal.ui.managehandovers.view.DetailExecuteHO"}]}
RESULT: {"script":"<script> [1562 bytes]","args":[{"selector":{"id":"receiptDatePicker","viewName":"etm.portal.ui.managehandovers.view.DetailExecuteHO","interaction":{"idSuffix":"inner"}},"wdio_ui5_key":"receiptDatePickeretmportal.ui.managehandovers.view.DetailExecuteHO"}]}
RESULT: undefined
COMMAND: POST /session/638b8c348501295d6d2539f1a905cf1c/execute/async - {"script":"<script> [6424 bytes]","args":[{"element-6066-11e4-a52e-4f735466cecf":"f.AA659E0CE08D0C76D21A3A5289A8AF5F.d.43E8474B810394E1D88289712B5B30EC.e.4332"},"setValue",["05/02/2025"]]}
RESULT: {"script":"<script> [6424 bytes]","args":[{"element-6066-11e4-a52e-4f735466cecf":"f.AA659E0CE08D0C76D21A3A5289A8AF5F.d.43E8474B810394E1D88289712B5B30EC.e.4332"},"setValue",["05/02/2025"]]}
COMMAND: POST /session/638b8c348501295d6d2539f1a905cf1c/element - {"using":"xpath","value":"//button[@data-kt=\"PickingTableConfirmAllButton\"]"}
RESULT: {"using":"xpath","value":"//button[@data-kt=\"PickingTableConfirmAllButton\"]"}
COMMAND: POST /session/638b8c348501295d6d2539f1a905cf1c/element/f.AA659E0CE08D0C76D21A3A5289A8AF5F.d.43E8474B810394E1D88289712B5B30EC.e.4348/click - {}
RESULT: {}
COMMAND: GET /session/638b8c348501295d6d2539f1a905cf1c/screenshot - {}
RESULT: {}
COMMAND: POST /session/638b8c348501295d6d2539f1a905cf1c/element - {"using":"xpath","value":"//bdi[contains(text(), \"OK\")]"}
RESULT: {"using":"xpath","value":"//bdi[contains(text(), \"OK\")]"}
COMMAND: POST /session/638b8c348501295d6d2539f1a905cf1c/element/f.AA659E0CE08D0C76D21A3A5289A8AF5F.d.43E8474B810394E1D88289712B5B30EC.e.4350/click - {}
RESULT: {}
COMMAND: GET /session/638b8c348501295d6d2539f1a905cf1c/screenshot - {}
RESULT: {}
COMMAND: POST /session/638b8c348501295d6d2539f1a905cf1c/element - {"using":"xpath","value":"(//bdi[contains(text(), \"Receive\")])[2]"}
RESULT: {"using":"xpath","value":"(//bdi[contains(text(), \"Receive\")])[2]"}
COMMAND: POST /session/638b8c348501295d6d2539f1a905cf1c/element/f.AA659E0CE08D0C76D21A3A5289A8AF5F.d.43E8474B810394E1D88289712B5B30EC.e.4352/click - {}
RESULT: {}
COMMAND: GET /session/638b8c348501295d6d2539f1a905cf1c/screenshot - {}
RESULT: {}
COMMAND: POST /session/638b8c348501295d6d2539f1a905cf1c/element - {"using":"css selector","value":"#shell-header-logo"}
RESULT: {"using":"css selector","value":"#shell-header-logo"}
COMMAND: POST /session/638b8c348501295d6d2539f1a905cf1c/element/f.AA659E0CE08D0C76D21A3A5289A8AF5F.d.43E8474B810394E1D88289712B5B30EC.e.3734/click - {}
RESULT: {}
COMMAND: GET /session/638b8c348501295d6d2539f1a905cf1c/screenshot - {}
RESULT: {}
]]></system-out>
    </testcase>
    <testcase classname="chrome.135_0_7049_96.windows.Billing_confirm_US117289" name="Should create a new contract" time="70.789">
      <system-out><![CDATA[
COMMAND: POST /session/638b8c348501295d6d2539f1a905cf1c/execute/async - {"script":"<script> [1562 bytes]","args":[{"selector":{"controlType":"sap.m.Text","viewName":"etm.portal.ui.managecontractstile.view.Master","properties":{"text":"Manage Contracts"},"interaction":{"idSuffix":"inner"}},"wdio_ui5_key":"etmportal.ui.managecontractstile.view.Mastersap.m.Text{\"text\":\"Manage Contracts\"}"}]}
RESULT: {"script":"<script> [1562 bytes]","args":[{"selector":{"controlType":"sap.m.Text","viewName":"etm.portal.ui.managecontractstile.view.Master","properties":{"text":"Manage Contracts"},"interaction":{"idSuffix":"inner"}},"wdio_ui5_key":"etmportal.ui.managecontractstile.view.Mastersap.m.Text{\"text\":\"Manage Contracts\"}"}]}
RESULT: undefined
COMMAND: POST /session/638b8c348501295d6d2539f1a905cf1c/element - {"using":"xpath","value":"//*[@id=\"__tile131-title\"]"}
RESULT: {"using":"xpath","value":"//*[@id=\"__tile131-title\"]"}
COMMAND: POST /session/638b8c348501295d6d2539f1a905cf1c/element/f.AA659E0CE08D0C76D21A3A5289A8AF5F.d.43E8474B810394E1D88289712B5B30EC.e.4530/click - {}
RESULT: {}
COMMAND: GET /session/638b8c348501295d6d2539f1a905cf1c/screenshot - {}
RESULT: {}
COMMAND: POST /session/638b8c348501295d6d2539f1a905cf1c/element - {"using":"xpath","value":"//button[@data-kt=\"addButton\"]"}
RESULT: {"using":"xpath","value":"//button[@data-kt=\"addButton\"]"}
COMMAND: POST /session/638b8c348501295d6d2539f1a905cf1c/elements - {"using":"xpath","value":"//button[@data-kt=\"addButton\"]"}
RESULT: {"using":"xpath","value":"//button[@data-kt=\"addButton\"]"}
COMMAND: POST /session/638b8c348501295d6d2539f1a905cf1c/execute/sync - {"script":"<script> [8489 bytes]","args":[{"element-6066-11e4-a52e-4f735466cecf":"f.AA659E0CE08D0C76D21A3A5289A8AF5F.d.43E8474B810394E1D88289712B5B30EC.e.4601","ELEMENT":"f.AA659E0CE08D0C76D21A3A5289A8AF5F.d.43E8474B810394E1D88289712B5B30EC.e.4601"}]}
RESULT: {"script":"<script> [8489 bytes]","args":[{"element-6066-11e4-a52e-4f735466cecf":"f.AA659E0CE08D0C76D21A3A5289A8AF5F.d.43E8474B810394E1D88289712B5B30EC.e.4601","ELEMENT":"f.AA659E0CE08D0C76D21A3A5289A8AF5F.d.43E8474B810394E1D88289712B5B30EC.e.4601"}]}
COMMAND: GET /session/638b8c348501295d6d2539f1a905cf1c/element/f.AA659E0CE08D0C76D21A3A5289A8AF5F.d.43E8474B810394E1D88289712B5B30EC.e.4601/enabled - {}
COMMAND: GET /session/638b8c348501295d6d2539f1a905cf1c/screenshot - {}
RESULT: {}
COMMAND: POST /session/638b8c348501295d6d2539f1a905cf1c/execute/sync - {"script":"<script> [8489 bytes]","args":[{"element-6066-11e4-a52e-4f735466cecf":"f.AA659E0CE08D0C76D21A3A5289A8AF5F.d.43E8474B810394E1D88289712B5B30EC.e.4601","ELEMENT":"f.AA659E0CE08D0C76D21A3A5289A8AF5F.d.43E8474B810394E1D88289712B5B30EC.e.4601"}]}
COMMAND: GET /session/638b8c348501295d6d2539f1a905cf1c/screenshot - {}
RESULT: {}
RESULT: {"script":"<script> [8489 bytes]","args":[{"element-6066-11e4-a52e-4f735466cecf":"f.AA659E0CE08D0C76D21A3A5289A8AF5F.d.43E8474B810394E1D88289712B5B30EC.e.4601","ELEMENT":"f.AA659E0CE08D0C76D21A3A5289A8AF5F.d.43E8474B810394E1D88289712B5B30EC.e.4601"}]}
COMMAND: POST /session/638b8c348501295d6d2539f1a905cf1c/execute/sync - {"script":"<script> [5351 bytes]","args":[{"element-6066-11e4-a52e-4f735466cecf":"f.AA659E0CE08D0C76D21A3A5289A8AF5F.d.43E8474B810394E1D88289712B5B30EC.e.4601","ELEMENT":"f.AA659E0CE08D0C76D21A3A5289A8AF5F.d.43E8474B810394E1D88289712B5B30EC.e.4601"}]}
COMMAND: GET /session/638b8c348501295d6d2539f1a905cf1c/screenshot - {}
RESULT: {}
RESULT: {"script":"<script> [5351 bytes]","args":[{"element-6066-11e4-a52e-4f735466cecf":"f.AA659E0CE08D0C76D21A3A5289A8AF5F.d.43E8474B810394E1D88289712B5B30EC.e.4601","ELEMENT":"f.AA659E0CE08D0C76D21A3A5289A8AF5F.d.43E8474B810394E1D88289712B5B30EC.e.4601"}]}
COMMAND: GET /session/638b8c348501295d6d2539f1a905cf1c/screenshot - {}
RESULT: {}
RESULT: {}
COMMAND: POST /session/638b8c348501295d6d2539f1a905cf1c/element/f.AA659E0CE08D0C76D21A3A5289A8AF5F.d.43E8474B810394E1D88289712B5B30EC.e.4601/click - {}
RESULT: {}
COMMAND: GET /session/638b8c348501295d6d2539f1a905cf1c/screenshot - {}
COMMAND: POST /session/638b8c348501295d6d2539f1a905cf1c/execute/async - {"script":"<script> [1562 bytes]","args":[{"selector":{"id":"application-managecontracts-display-component---AddNewContract--projectDescription","interaction":{"idSuffix":"inner"}},"wdio_ui5_key":"applicationmanagecontracts-display-component---AddNewContract--projectDescription"}]}
RESULT: {}
RESULT: {"script":"<script> [1562 bytes]","args":[{"selector":{"id":"application-managecontracts-display-component---AddNewContract--projectDescription","interaction":{"idSuffix":"inner"}},"wdio_ui5_key":"applicationmanagecontracts-display-component---AddNewContract--projectDescription"}]}
RESULT: undefined
COMMAND: POST /session/638b8c348501295d6d2539f1a905cf1c/execute/async - {"script":"<script> [776 bytes]","args":[{"enterText":"Contract WDIO","selector":{"id":"application-managecontracts-display-component---AddNewContract--projectDescription","interaction":{"idSuffix":"inner"}},"clearTextFirst":true,"interactionType":"ENTER_TEXT"}]}
RESULT: {"script":"<script> [776 bytes]","args":[{"enterText":"Contract WDIO","selector":{"id":"application-managecontracts-display-component---AddNewContract--projectDescription","interaction":{"idSuffix":"inner"}},"clearTextFirst":true,"interactionType":"ENTER_TEXT"}]}
COMMAND: POST /session/638b8c348501295d6d2539f1a905cf1c/element - {"using":"xpath","value":"//input[@id=\"application-managecontracts-display-component---AddNewContract--site-inner\"]"}
RESULT: {"using":"xpath","value":"//input[@id=\"application-managecontracts-display-component---AddNewContract--site-inner\"]"}
COMMAND: POST /session/638b8c348501295d6d2539f1a905cf1c/element/f.AA659E0CE08D0C76D21A3A5289A8AF5F.d.43E8474B810394E1D88289712B5B30EC.e.4895/clear - {}
RESULT: {}
COMMAND: POST /session/638b8c348501295d6d2539f1a905cf1c/element/f.AA659E0CE08D0C76D21A3A5289A8AF5F.d.43E8474B810394E1D88289712B5B30EC.e.4895/value - {"text":"2345"}
COMMAND: GET /session/638b8c348501295d6d2539f1a905cf1c/screenshot - {}
RESULT: {"text":"2345"}
COMMAND: GET /session/638b8c348501295d6d2539f1a905cf1c/screenshot - {}
RESULT: {}
RESULT: {}
COMMAND: POST /session/638b8c348501295d6d2539f1a905cf1c/element - {"using":"xpath","value":"//li[.//span[text()='2345']]"}
RESULT: {"using":"xpath","value":"//li[.//span[text()='2345']]"}
COMMAND: POST /session/638b8c348501295d6d2539f1a905cf1c/element/f.AA659E0CE08D0C76D21A3A5289A8AF5F.d.43E8474B810394E1D88289712B5B30EC.e.4918/click - {}
RESULT: {}
COMMAND: GET /session/638b8c348501295d6d2539f1a905cf1c/screenshot - {}
RESULT: {}
COMMAND: POST /session/638b8c348501295d6d2539f1a905cf1c/element - {"using":"xpath","value":"//input[@id=\"application-managecontracts-display-component---AddNewContract--yardId-inner\"]"}
RESULT: {"using":"xpath","value":"//input[@id=\"application-managecontracts-display-component---AddNewContract--yardId-inner\"]"}
COMMAND: GET /session/638b8c348501295d6d2539f1a905cf1c/element/f.AA659E0CE08D0C76D21A3A5289A8AF5F.d.43E8474B810394E1D88289712B5B30EC.e.4896/property/value - {}
RESULT: {}
COMMAND: POST /session/638b8c348501295d6d2539f1a905cf1c/element - {"using":"xpath","value":"//input[@id=\"application-managecontracts-display-component---AddNewContract--customerSelect-inner\"]"}
COMMAND: GET /session/638b8c348501295d6d2539f1a905cf1c/screenshot - {}
RESULT: {"using":"xpath","value":"//input[@id=\"application-managecontracts-display-component---AddNewContract--customerSelect-inner\"]"}
COMMAND: POST /session/638b8c348501295d6d2539f1a905cf1c/element/f.AA659E0CE08D0C76D21A3A5289A8AF5F.d.43E8474B810394E1D88289712B5B30EC.e.4894/clear - {}
RESULT: {}
RESULT: {}
COMMAND: POST /session/638b8c348501295d6d2539f1a905cf1c/element/f.AA659E0CE08D0C76D21A3A5289A8AF5F.d.43E8474B810394E1D88289712B5B30EC.e.4894/value - {"text":"1383"}
COMMAND: GET /session/638b8c348501295d6d2539f1a905cf1c/screenshot - {}
RESULT: {"text":"1383"}
COMMAND: GET /session/638b8c348501295d6d2539f1a905cf1c/screenshot - {}
RESULT: {}
RESULT: {}
COMMAND: POST /session/638b8c348501295d6d2539f1a905cf1c/element - {"using":"xpath","value":"//li[.//span[text()='1383']]"}
RESULT: {"using":"xpath","value":"//li[.//span[text()='1383']]"}
COMMAND: POST /session/638b8c348501295d6d2539f1a905cf1c/element/f.AA659E0CE08D0C76D21A3A5289A8AF5F.d.43E8474B810394E1D88289712B5B30EC.e.4921/click - {}
RESULT: {}
COMMAND: GET /session/638b8c348501295d6d2539f1a905cf1c/screenshot - {}
RESULT: {}
COMMAND: POST /session/638b8c348501295d6d2539f1a905cf1c/element - {"using":"xpath","value":"//button[@data-kt=\"saveButton\"]"}
RESULT: {"using":"xpath","value":"//button[@data-kt=\"saveButton\"]"}
COMMAND: POST /session/638b8c348501295d6d2539f1a905cf1c/element/f.AA659E0CE08D0C76D21A3A5289A8AF5F.d.43E8474B810394E1D88289712B5B30EC.e.4909/click - {}
RESULT: {}
COMMAND: GET /session/638b8c348501295d6d2539f1a905cf1c/screenshot - {}
RESULT: {}
COMMAND: POST /session/638b8c348501295d6d2539f1a905cf1c/element - {"using":"xpath","value":"//span[contains(@id ,\"contractDetailTitleNoExpanded\")]"}
RESULT: {"using":"xpath","value":"//span[contains(@id ,\"contractDetailTitleNoExpanded\")]"}
COMMAND: POST /session/638b8c348501295d6d2539f1a905cf1c/elements - {"using":"xpath","value":"//span[contains(@id ,\"contractDetailTitleNoExpanded\")]"}
RESULT: {"using":"xpath","value":"//span[contains(@id ,\"contractDetailTitleNoExpanded\")]"}
COMMAND: POST /session/638b8c348501295d6d2539f1a905cf1c/execute/sync - {"script":"<script> [56 bytes]","args":[{"element-6066-11e4-a52e-4f735466cecf":"f.AA659E0CE08D0C76D21A3A5289A8AF5F.d.43E8474B810394E1D88289712B5B30EC.e.4994","ELEMENT":"f.AA659E0CE08D0C76D21A3A5289A8AF5F.d.43E8474B810394E1D88289712B5B30EC.e.4994"}]}
RESULT: {"script":"<script> [56 bytes]","args":[{"element-6066-11e4-a52e-4f735466cecf":"f.AA659E0CE08D0C76D21A3A5289A8AF5F.d.43E8474B810394E1D88289712B5B30EC.e.4994","ELEMENT":"f.AA659E0CE08D0C76D21A3A5289A8AF5F.d.43E8474B810394E1D88289712B5B30EC.e.4994"}]}
COMMAND: GET /session/638b8c348501295d6d2539f1a905cf1c/screenshot - {}
RESULT: {}
]]></system-out>
    </testcase>
    <testcase classname="chrome.135_0_7049_96.windows.Billing_confirm_US117289" name="Should add created equipment to contract" time="49.785">
      <system-out><![CDATA[
COMMAND: POST /session/638b8c348501295d6d2539f1a905cf1c/element - {"using":"xpath","value":"//button[@data-kt=\"contractDetailEditBtnButton\"]"}
RESULT: {"using":"xpath","value":"//button[@data-kt=\"contractDetailEditBtnButton\"]"}
COMMAND: POST /session/638b8c348501295d6d2539f1a905cf1c/element/f.AA659E0CE08D0C76D21A3A5289A8AF5F.d.43E8474B810394E1D88289712B5B30EC.e.4995/click - {}
RESULT: {}
COMMAND: GET /session/638b8c348501295d6d2539f1a905cf1c/screenshot - {}
RESULT: {}
COMMAND: POST /session/638b8c348501295d6d2539f1a905cf1c/element - {"using":"xpath","value":"(//span[contains(text(), \"Additional Addresses\")])[2]"}
RESULT: {"using":"xpath","value":"(//span[contains(text(), \"Additional Addresses\")])[2]"}
COMMAND: POST /session/638b8c348501295d6d2539f1a905cf1c/element/f.AA659E0CE08D0C76D21A3A5289A8AF5F.d.43E8474B810394E1D88289712B5B30EC.e.5051/click - {}
RESULT: {}
COMMAND: GET /session/638b8c348501295d6d2539f1a905cf1c/screenshot - {}
RESULT: {}
COMMAND: POST /session/638b8c348501295d6d2539f1a905cf1c/element - {"using":"xpath","value":"//button[@data-kt=\"btnAddTableRowOverflowToolbarButton\"]"}
RESULT: {"using":"xpath","value":"//button[@data-kt=\"btnAddTableRowOverflowToolbarButton\"]"}
COMMAND: POST /session/638b8c348501295d6d2539f1a905cf1c/element/f.AA659E0CE08D0C76D21A3A5289A8AF5F.d.43E8474B810394E1D88289712B5B30EC.e.5055/click - {}
RESULT: {}
COMMAND: GET /session/638b8c348501295d6d2539f1a905cf1c/screenshot - {}
RESULT: {}
COMMAND: POST /session/638b8c348501295d6d2539f1a905cf1c/element - {"using":"xpath","value":"//div[(text() = 'Standard Entry' or . = 'Standard Entry')]"}
RESULT: {"using":"xpath","value":"//div[(text() = 'Standard Entry' or . = 'Standard Entry')]"}
COMMAND: POST /session/638b8c348501295d6d2539f1a905cf1c/element/f.AA659E0CE08D0C76D21A3A5289A8AF5F.d.43E8474B810394E1D88289712B5B30EC.e.5057/click - {}
RESULT: {}
COMMAND: GET /session/638b8c348501295d6d2539f1a905cf1c/screenshot - {}
RESULT: {}
COMMAND: POST /session/638b8c348501295d6d2539f1a905cf1c/element - {"using":"xpath","value":"//td[7]/div/div/input"}
RESULT: {"using":"xpath","value":"//td[7]/div/div/input"}
COMMAND: POST /session/638b8c348501295d6d2539f1a905cf1c/element/f.AA659E0CE08D0C76D21A3A5289A8AF5F.d.43E8474B810394E1D88289712B5B30EC.e.5066/clear - {}
RESULT: {}
COMMAND: POST /session/638b8c348501295d6d2539f1a905cf1c/element/f.AA659E0CE08D0C76D21A3A5289A8AF5F.d.43E8474B810394E1D88289712B5B30EC.e.5066/value - {"text":"NzpjmaUJuX"}
COMMAND: GET /session/638b8c348501295d6d2539f1a905cf1c/screenshot - {}
RESULT: {"text":"NzpjmaUJuX"}
COMMAND: GET /session/638b8c348501295d6d2539f1a905cf1c/screenshot - {}
RESULT: {}
RESULT: {}
COMMAND: POST /session/638b8c348501295d6d2539f1a905cf1c/actions - {"actions":[{"id":"action18","type":"key","parameters":{},"actions":[{"type":"keyDown","value":"î€‡"},{"type":"pause","duration":10},{"type":"keyUp","value":"î€‡"}]}]}
RESULT: {"actions":[{"id":"action18","type":"key","parameters":{},"actions":[{"type":"keyDown","value":"î€‡"},{"type":"pause","duration":10},{"type":"keyUp","value":"î€‡"}]}]}
COMMAND: GET /session/638b8c348501295d6d2539f1a905cf1c/screenshot - {}
RESULT: {}
COMMAND: POST /session/638b8c348501295d6d2539f1a905cf1c/execute/sync - {"script":"<script> [276 bytes]","args":["No pricing information was found"]}
RESULT: {"script":"<script> [276 bytes]","args":["No pricing information was found"]}
COMMAND: POST /session/638b8c348501295d6d2539f1a905cf1c/element - {"using":"xpath","value":"(//button[@data-kt=\"saveButton\"])[2]"}
COMMAND: GET /session/638b8c348501295d6d2539f1a905cf1c/screenshot - {}
RESULT: {"using":"xpath","value":"(//button[@data-kt=\"saveButton\"])[2]"}
COMMAND: POST /session/638b8c348501295d6d2539f1a905cf1c/element/f.AA659E0CE08D0C76D21A3A5289A8AF5F.d.43E8474B810394E1D88289712B5B30EC.e.5081/click - {}
RESULT: {}
RESULT: {}
COMMAND: GET /session/638b8c348501295d6d2539f1a905cf1c/screenshot - {}
RESULT: {}
COMMAND: POST /session/638b8c348501295d6d2539f1a905cf1c/execute/sync - {"script":"<script> [276 bytes]","args":["Some contract items are having rental validity exceeding header rental validity"]}
RESULT: {"script":"<script> [276 bytes]","args":["Some contract items are having rental validity exceeding header rental validity"]}
COMMAND: GET /session/638b8c348501295d6d2539f1a905cf1c/screenshot - {}
RESULT: {}
COMMAND: POST /session/638b8c348501295d6d2539f1a905cf1c/element - {"using":"xpath","value":"//span[contains(@id ,\"contractItemsSmartTable-header-inner\")]"}
RESULT: {"using":"xpath","value":"//span[contains(@id ,\"contractItemsSmartTable-header-inner\")]"}
COMMAND: POST /session/638b8c348501295d6d2539f1a905cf1c/elements - {"using":"xpath","value":"//span[contains(@id ,\"contractItemsSmartTable-header-inner\")]"}
RESULT: {"using":"xpath","value":"//span[contains(@id ,\"contractItemsSmartTable-header-inner\")]"}
COMMAND: POST /session/638b8c348501295d6d2539f1a905cf1c/execute/sync - {"script":"<script> [56 bytes]","args":[{"element-6066-11e4-a52e-4f735466cecf":"f.AA659E0CE08D0C76D21A3A5289A8AF5F.d.43E8474B810394E1D88289712B5B30EC.e.5087","ELEMENT":"f.AA659E0CE08D0C76D21A3A5289A8AF5F.d.43E8474B810394E1D88289712B5B30EC.e.5087"}]}
RESULT: {"script":"<script> [56 bytes]","args":[{"element-6066-11e4-a52e-4f735466cecf":"f.AA659E0CE08D0C76D21A3A5289A8AF5F.d.43E8474B810394E1D88289712B5B30EC.e.5087","ELEMENT":"f.AA659E0CE08D0C76D21A3A5289A8AF5F.d.43E8474B810394E1D88289712B5B30EC.e.5087"}]}
]]></system-out>
    </testcase>
    <testcase classname="chrome.135_0_7049_96.windows.Billing_confirm_US117289" name="Should do a provide to site handover" time="64.905">
      <system-out><![CDATA[
COMMAND: POST /session/638b8c348501295d6d2539f1a905cf1c/element - {"using":"xpath","value":"//button[@data-kt=\"provideButton\"]"}
COMMAND: GET /session/638b8c348501295d6d2539f1a905cf1c/screenshot - {}
RESULT: {"using":"xpath","value":"//button[@data-kt=\"provideButton\"]"}
COMMAND: POST /session/638b8c348501295d6d2539f1a905cf1c/element/f.AA659E0CE08D0C76D21A3A5289A8AF5F.d.43E8474B810394E1D88289712B5B30EC.e.5088/click - {}
RESULT: {}
RESULT: {}
COMMAND: GET /session/638b8c348501295d6d2539f1a905cf1c/screenshot - {}
RESULT: {}
RESULT: undefined
COMMAND: POST /session/638b8c348501295d6d2539f1a905cf1c/execute/async - {"script":"<script> [6424 bytes]","args":[{"element-6066-11e4-a52e-4f735466cecf":"f.AA659E0CE08D0C76D21A3A5289A8AF5F.d.43E8474B810394E1D88289712B5B30EC.e.4114"},"setValue",["05/02/2025"]]}
COMMAND: POST /session/638b8c348501295d6d2539f1a905cf1c/execute/async - {"script":"<script> [1562 bytes]","args":[{"selector":{"id":"application-managehandovers-display-component---AddNewHO--dueDate","interaction":{"idSuffix":"inner"}},"wdio_ui5_key":"applicationmanagehandovers-display-component---AddNewHO--dueDate"}]}
RESULT: {"script":"<script> [1562 bytes]","args":[{"selector":{"id":"application-managehandovers-display-component---AddNewHO--dueDate","interaction":{"idSuffix":"inner"}},"wdio_ui5_key":"applicationmanagehandovers-display-component---AddNewHO--dueDate"}]}
COMMAND: POST /session/638b8c348501295d6d2539f1a905cf1c/execute/async - {"script":"<script> [6424 bytes]","args":[{"element-6066-11e4-a52e-4f735466cecf":"f.AA659E0CE08D0C76D21A3A5289A8AF5F.d.43E8474B810394E1D88289712B5B30EC.e.5165"},"setValue",["05/02/2025"]]}
RESULT: {"script":"<script> [6424 bytes]","args":[{"element-6066-11e4-a52e-4f735466cecf":"f.AA659E0CE08D0C76D21A3A5289A8AF5F.d.43E8474B810394E1D88289712B5B30EC.e.5165"},"setValue",["05/02/2025"]]}
COMMAND: POST /session/638b8c348501295d6d2539f1a905cf1c/element - {"using":"xpath","value":"//bdi[contains(text(), \"Instructions\")]"}
RESULT: {"using":"xpath","value":"//bdi[contains(text(), \"Instructions\")]"}
COMMAND: POST /session/638b8c348501295d6d2539f1a905cf1c/element/f.AA659E0CE08D0C76D21A3A5289A8AF5F.d.43E8474B810394E1D88289712B5B30EC.e.5411/click - {}
RESULT: {}
COMMAND: GET /session/638b8c348501295d6d2539f1a905cf1c/screenshot - {}
RESULT: {}
COMMAND: POST /session/638b8c348501295d6d2539f1a905cf1c/element - {"using":"xpath","value":"//button[@data-kt=\"AddNewHOProvideAddItemsButton\"]"}
RESULT: {"using":"xpath","value":"//button[@data-kt=\"AddNewHOProvideAddItemsButton\"]"}
COMMAND: POST /session/638b8c348501295d6d2539f1a905cf1c/element/f.AA659E0CE08D0C76D21A3A5289A8AF5F.d.43E8474B810394E1D88289712B5B30EC.e.5415/click - {}
RESULT: {}
COMMAND: GET /session/638b8c348501295d6d2539f1a905cf1c/screenshot - {}
RESULT: {}
RESULT: undefined
COMMAND: POST /session/638b8c348501295d6d2539f1a905cf1c/element - {"using":"xpath","value":"//*[@id=\"application-managehandovers-display-component---AddNewHO--popup-sa\"]"}
RESULT: {"using":"xpath","value":"//*[@id=\"application-managehandovers-display-component---AddNewHO--popup-sa\"]"}
COMMAND: POST /session/638b8c348501295d6d2539f1a905cf1c/element/f.AA659E0CE08D0C76D21A3A5289A8AF5F.d.43E8474B810394E1D88289712B5B30EC.e.5426/click - {}
RESULT: {}
COMMAND: GET /session/638b8c348501295d6d2539f1a905cf1c/screenshot - {}
RESULT: {}
COMMAND: POST /session/638b8c348501295d6d2539f1a905cf1c/element - {"using":"xpath","value":"//*[contains(@id ,\"BDI-content\")][contains(text(), \"Select\")]"}
RESULT: {"using":"xpath","value":"//*[contains(@id ,\"BDI-content\")][contains(text(), \"Select\")]"}
COMMAND: POST /session/638b8c348501295d6d2539f1a905cf1c/element/f.AA659E0CE08D0C76D21A3A5289A8AF5F.d.43E8474B810394E1D88289712B5B30EC.e.5427/click - {}
RESULT: {}
COMMAND: GET /session/638b8c348501295d6d2539f1a905cf1c/screenshot - {}
RESULT: {}
COMMAND: POST /session/638b8c348501295d6d2539f1a905cf1c/execute/async - {"script":"<script> [1562 bytes]","args":[{"selector":{"id":"application-managehandovers-display-component---AddNewHO--confirmCreationButton","interaction":{"idSuffix":"BDI-content"}},"wdio_ui5_key":"applicationmanagehandovers-display-component---AddNewHO--confirmCreationButton"}]}
RESULT: {"script":"<script> [1562 bytes]","args":[{"selector":{"id":"application-managehandovers-display-component---AddNewHO--confirmCreationButton","interaction":{"idSuffix":"BDI-content"}},"wdio_ui5_key":"applicationmanagehandovers-display-component---AddNewHO--confirmCreationButton"}]}
RESULT: undefined
COMMAND: POST /session/638b8c348501295d6d2539f1a905cf1c/element - {"using":"xpath","value":"//*[@id=\"application-managehandovers-display-component---AddNewHO--confirmCreationButton\"]"}
RESULT: {"using":"xpath","value":"//*[@id=\"application-managehandovers-display-component---AddNewHO--confirmCreationButton\"]"}
COMMAND: POST /session/638b8c348501295d6d2539f1a905cf1c/element/f.AA659E0CE08D0C76D21A3A5289A8AF5F.d.43E8474B810394E1D88289712B5B30EC.e.5213/click - {}
RESULT: {}
COMMAND: GET /session/638b8c348501295d6d2539f1a905cf1c/screenshot - {}
RESULT: {}
COMMAND: POST /session/638b8c348501295d6d2539f1a905cf1c/element - {"using":"xpath","value":"//button[@data-kt=\"PickingTableConfirmAllButton\"]"}
RESULT: {"using":"xpath","value":"//button[@data-kt=\"PickingTableConfirmAllButton\"]"}
COMMAND: POST /session/638b8c348501295d6d2539f1a905cf1c/elements - {"using":"xpath","value":"//button[@data-kt=\"PickingTableConfirmAllButton\"]"}
RESULT: {"using":"xpath","value":"//button[@data-kt=\"PickingTableConfirmAllButton\"]"}
COMMAND: POST /session/638b8c348501295d6d2539f1a905cf1c/elements - {"using":"xpath","value":"//button[@data-kt=\"PickingTableConfirmAllButton\"]"}
RESULT: {"using":"xpath","value":"//button[@data-kt=\"PickingTableConfirmAllButton\"]"}
COMMAND: POST /session/638b8c348501295d6d2539f1a905cf1c/element - {"using":"xpath","value":"//button[@data-kt=\"PickingTableConfirmAllButton\"]"}
RESULT: {"using":"xpath","value":"//button[@data-kt=\"PickingTableConfirmAllButton\"]"}
COMMAND: POST /session/638b8c348501295d6d2539f1a905cf1c/element/f.AA659E0CE08D0C76D21A3A5289A8AF5F.d.43E8474B810394E1D88289712B5B30EC.e.5466/click - {}
COMMAND: POST /session/638b8c348501295d6d2539f1a905cf1c/element - {"using":"xpath","value":"//button[@data-kt=\"PickingTableConfirmAllButton\"]"}
RESULT: {"using":"xpath","value":"//button[@data-kt=\"PickingTableConfirmAllButton\"]"}
COMMAND: POST /session/638b8c348501295d6d2539f1a905cf1c/element/f.AA659E0CE08D0C76D21A3A5289A8AF5F.d.43E8474B810394E1D88289712B5B30EC.e.5466/click - {}
COMMAND: POST /session/638b8c348501295d6d2539f1a905cf1c/element - {"using":"xpath","value":"//button[@data-kt=\"PickingTableConfirmAllButton\"]"}
RESULT: {"using":"xpath","value":"//button[@data-kt=\"PickingTableConfirmAllButton\"]"}
COMMAND: POST /session/638b8c348501295d6d2539f1a905cf1c/element/f.AA659E0CE08D0C76D21A3A5289A8AF5F.d.43E8474B810394E1D88289712B5B30EC.e.5487/click - {}
RESULT: {}
COMMAND: GET /session/638b8c348501295d6d2539f1a905cf1c/screenshot - {}
RESULT: {}
COMMAND: POST /session/638b8c348501295d6d2539f1a905cf1c/element - {"using":"xpath","value":"//bdi[contains(text(), \"OK\")]"}
RESULT: {"using":"xpath","value":"//bdi[contains(text(), \"OK\")]"}
COMMAND: POST /session/638b8c348501295d6d2539f1a905cf1c/element/f.AA659E0CE08D0C76D21A3A5289A8AF5F.d.43E8474B810394E1D88289712B5B30EC.e.5491/click - {}
RESULT: {}
COMMAND: GET /session/638b8c348501295d6d2539f1a905cf1c/screenshot - {}
RESULT: {}
COMMAND: POST /session/638b8c348501295d6d2539f1a905cf1c/element - {"using":"xpath","value":"//bdi[contains(text(), \"Issue\")]"}
RESULT: {"using":"xpath","value":"//bdi[contains(text(), \"Issue\")]"}
COMMAND: POST /session/638b8c348501295d6d2539f1a905cf1c/element/f.AA659E0CE08D0C76D21A3A5289A8AF5F.d.43E8474B810394E1D88289712B5B30EC.e.5493/click - {}
RESULT: {}
COMMAND: GET /session/638b8c348501295d6d2539f1a905cf1c/screenshot - {}
RESULT: {}
COMMAND: POST /session/638b8c348501295d6d2539f1a905cf1c/element - {"using":"css selector","value":"#shell-header-logo"}
RESULT: {"using":"css selector","value":"#shell-header-logo"}
COMMAND: POST /session/638b8c348501295d6d2539f1a905cf1c/element/f.AA659E0CE08D0C76D21A3A5289A8AF5F.d.43E8474B810394E1D88289712B5B30EC.e.4533/click - {}
RESULT: {}
COMMAND: GET /session/638b8c348501295d6d2539f1a905cf1c/screenshot - {}
RESULT: {}
]]></system-out>
    </testcase>
    <testcase classname="chrome.135_0_7049_96.windows.Billing_confirm_US117289" name="Should trigger calculation" time="79.45">
      <system-out><![CDATA[
COMMAND: POST /session/638b8c348501295d6d2539f1a905cf1c/execute/async - {"script":"<script> [1562 bytes]","args":[{"selector":{"controlType":"sap.m.GenericTile","properties":{"header":"Manage Billings"}},"wdio_ui5_key":"sapm.GenericTile{\"header\":\"Manage Billings\"}"}]}
RESULT: {"script":"<script> [1562 bytes]","args":[{"selector":{"controlType":"sap.m.GenericTile","properties":{"header":"Manage Billings"}},"wdio_ui5_key":"sapm.GenericTile{\"header\":\"Manage Billings\"}"}]}
RESULT: undefined
COMMAND: POST /session/638b8c348501295d6d2539f1a905cf1c/element - {"using":"xpath","value":"//*[@id=\"__tile91\"]"}
RESULT: {"using":"xpath","value":"//*[@id=\"__tile91\"]"}
COMMAND: POST /session/638b8c348501295d6d2539f1a905cf1c/element/f.AA659E0CE08D0C76D21A3A5289A8AF5F.d.43E8474B810394E1D88289712B5B30EC.e.2524/click - {}
RESULT: {}
COMMAND: GET /session/638b8c348501295d6d2539f1a905cf1c/screenshot - {}
RESULT: {}
COMMAND: POST /session/638b8c348501295d6d2539f1a905cf1c/execute/async - {"script":"<script> [1562 bytes]","args":[{"selector":{"id":"application-managebillings-display-component---billRunCalcResult--smartFilterBar-btnBasicSearch","interaction":{"idSuffix":"I"}},"wdio_ui5_key":"applicationmanagebillings-display-component---billRunCalcResult--smartFilterBar-btnBasicSearch"}]}
RESULT: {"script":"<script> [1562 bytes]","args":[{"selector":{"id":"application-managebillings-display-component---billRunCalcResult--smartFilterBar-btnBasicSearch","interaction":{"idSuffix":"I"}},"wdio_ui5_key":"applicationmanagebillings-display-component---billRunCalcResult--smartFilterBar-btnBasicSearch"}]}
RESULT: undefined
COMMAND: POST /session/638b8c348501295d6d2539f1a905cf1c/execute/async - {"script":"<script> [776 bytes]","args":[{"enterText":"10462","selector":{"id":"application-managebillings-display-component---billRunCalcResult--smartFilterBar-btnBasicSearch","interaction":{"idSuffix":"I"}},"clearTextFirst":true,"interactionType":"ENTER_TEXT"}]}
RESULT: {"script":"<script> [776 bytes]","args":[{"enterText":"10462","selector":{"id":"application-managebillings-display-component---billRunCalcResult--smartFilterBar-btnBasicSearch","interaction":{"idSuffix":"I"}},"clearTextFirst":true,"interactionType":"ENTER_TEXT"}]}
COMMAND: POST /session/638b8c348501295d6d2539f1a905cf1c/actions - {"actions":[{"id":"action19","type":"key","parameters":{},"actions":[{"type":"keyDown","value":"î€‡"},{"type":"pause","duration":10},{"type":"keyUp","value":"î€‡"}]}]}
RESULT: {"actions":[{"id":"action19","type":"key","parameters":{},"actions":[{"type":"keyDown","value":"î€‡"},{"type":"pause","duration":10},{"type":"keyUp","value":"î€‡"}]}]}
COMMAND: GET /session/638b8c348501295d6d2539f1a905cf1c/screenshot - {}
COMMAND: POST /session/638b8c348501295d6d2539f1a905cf1c/element - {"using":"xpath","value":"//td[@aria-colindex=\"1\"]/div/div[contains(@class, \"sapMCbBg\")]"}
RESULT: {}
RESULT: {"using":"xpath","value":"//td[@aria-colindex=\"1\"]/div/div[contains(@class, \"sapMCbBg\")]"}
COMMAND: POST /session/638b8c348501295d6d2539f1a905cf1c/element/f.AA659E0CE08D0C76D21A3A5289A8AF5F.d.43E8474B810394E1D88289712B5B30EC.e.5895/click - {}
RESULT: {}
COMMAND: GET /session/638b8c348501295d6d2539f1a905cf1c/screenshot - {}
RESULT: {}
COMMAND: POST /session/638b8c348501295d6d2539f1a905cf1c/execute/async - {"script":"<script> [1562 bytes]","args":[{"selector":{"id":"application-managebillings-display-component---billRunCalcResult--contractBillRunDate","interaction":{"idSuffix":"inner"}},"wdio_ui5_key":"applicationmanagebillings-display-component---billRunCalcResult--contractBillRunDate"}]}
RESULT: {"script":"<script> [1562 bytes]","args":[{"selector":{"id":"application-managebillings-display-component---billRunCalcResult--contractBillRunDate","interaction":{"idSuffix":"inner"}},"wdio_ui5_key":"applicationmanagebillings-display-component---billRunCalcResult--contractBillRunDate"}]}
RESULT: undefined
COMMAND: POST /session/638b8c348501295d6d2539f1a905cf1c/execute/async - {"script":"<script> [776 bytes]","args":[{"enterText":"06/02/25","selector":{"id":"application-managebillings-display-component---billRunCalcResult--contractBillRunDate","interaction":{"idSuffix":"inner"}},"clearTextFirst":true,"interactionType":"ENTER_TEXT"}]}
RESULT: {"script":"<script> [776 bytes]","args":[{"enterText":"06/02/25","selector":{"id":"application-managebillings-display-component---billRunCalcResult--contractBillRunDate","interaction":{"idSuffix":"inner"}},"clearTextFirst":true,"interactionType":"ENTER_TEXT"}]}
COMMAND: POST /session/638b8c348501295d6d2539f1a905cf1c/element - {"using":"xpath","value":"//bdi[contains(text(), \"Trigger Calculation\")]"}
RESULT: {"using":"xpath","value":"//bdi[contains(text(), \"Trigger Calculation\")]"}
COMMAND: POST /session/638b8c348501295d6d2539f1a905cf1c/element/f.AA659E0CE08D0C76D21A3A5289A8AF5F.d.43E8474B810394E1D88289712B5B30EC.e.5908/click - {}
RESULT: {}
COMMAND: GET /session/638b8c348501295d6d2539f1a905cf1c/screenshot - {}
RESULT: {}
COMMAND: POST /session/638b8c348501295d6d2539f1a905cf1c/element - {"using":"xpath","value":"(//span[contains(@id, \"imgNav\")])[1]"}
RESULT: {"using":"xpath","value":"(//span[contains(@id, \"imgNav\")])[1]"}
COMMAND: POST /session/638b8c348501295d6d2539f1a905cf1c/element/f.AA659E0CE08D0C76D21A3A5289A8AF5F.d.43E8474B810394E1D88289712B5B30EC.e.5892/click - {}
RESULT: {}
COMMAND: GET /session/638b8c348501295d6d2539f1a905cf1c/screenshot - {}
RESULT: {}
COMMAND: POST /session/638b8c348501295d6d2539f1a905cf1c/element - {"using":"xpath","value":"//tr/td[6]/div[1]/span[1]/span[1]"}
RESULT: {"using":"xpath","value":"//tr/td[6]/div[1]/span[1]/span[1]"}
COMMAND: GET /session/638b8c348501295d6d2539f1a905cf1c/element/f.AA659E0CE08D0C76D21A3A5289A8AF5F.d.43E8474B810394E1D88289712B5B30EC.e.5912/text - {}
RESULT: {}
COMMAND: POST /session/638b8c348501295d6d2539f1a905cf1c/element - {"using":"xpath","value":"(//span[contains(@id, \"imgNav\")])[2]"}
RESULT: {"using":"xpath","value":"(//span[contains(@id, \"imgNav\")])[2]"}
COMMAND: POST /session/638b8c348501295d6d2539f1a905cf1c/element/f.AA659E0CE08D0C76D21A3A5289A8AF5F.d.43E8474B810394E1D88289712B5B30EC.e.5913/click - {}
RESULT: {}
COMMAND: GET /session/638b8c348501295d6d2539f1a905cf1c/screenshot - {}
RESULT: {}
COMMAND: POST /session/638b8c348501295d6d2539f1a905cf1c/element - {"using":"xpath","value":"//bdi[contains(text(), \"Business Confirm\")]"}
RESULT: {"using":"xpath","value":"//bdi[contains(text(), \"Business Confirm\")]"}
COMMAND: POST /session/638b8c348501295d6d2539f1a905cf1c/element/f.AA659E0CE08D0C76D21A3A5289A8AF5F.d.43E8474B810394E1D88289712B5B30EC.e.5983/click - {}
RESULT: {}
COMMAND: GET /session/638b8c348501295d6d2539f1a905cf1c/screenshot - {}
RESULT: {}
COMMAND: POST /session/638b8c348501295d6d2539f1a905cf1c/element - {"using":"xpath","value":"//bdi[contains(text(), \"Business Confirmed\")]"}
RESULT: {"using":"xpath","value":"//bdi[contains(text(), \"Business Confirmed\")]"}
COMMAND: POST /session/638b8c348501295d6d2539f1a905cf1c/execute/sync - {"script":"<script> [56 bytes]","args":[{"element-6066-11e4-a52e-4f735466cecf":"f.AA659E0CE08D0C76D21A3A5289A8AF5F.d.43E8474B810394E1D88289712B5B30EC.e.5983","ELEMENT":"f.AA659E0CE08D0C76D21A3A5289A8AF5F.d.43E8474B810394E1D88289712B5B30EC.e.5983"}]}
RESULT: {"script":"<script> [56 bytes]","args":[{"element-6066-11e4-a52e-4f735466cecf":"f.AA659E0CE08D0C76D21A3A5289A8AF5F.d.43E8474B810394E1D88289712B5B30EC.e.5983","ELEMENT":"f.AA659E0CE08D0C76D21A3A5289A8AF5F.d.43E8474B810394E1D88289712B5B30EC.e.5983"}]}
COMMAND: POST /session/638b8c348501295d6d2539f1a905cf1c/element - {"using":"css selector","value":"#shell-header-logo"}
COMMAND: GET /session/638b8c348501295d6d2539f1a905cf1c/screenshot - {}
RESULT: {"using":"css selector","value":"#shell-header-logo"}
COMMAND: POST /session/638b8c348501295d6d2539f1a905cf1c/element/f.AA659E0CE08D0C76D21A3A5289A8AF5F.d.43E8474B810394E1D88289712B5B30EC.e.5672/click - {}
RESULT: {}
RESULT: {}
COMMAND: GET /session/638b8c348501295d6d2539f1a905cf1c/screenshot - {}
RESULT: {}
COMMAND: POST /session/638b8c348501295d6d2539f1a905cf1c/element - {"using":"css selector","value":"#j_username"}
COMMAND: POST /session/638b8c348501295d6d2539f1a905cf1c/url - {"url":"https://qa-testing-00-live-etm-ui.cfapps.eu10-004.hana.ondemand.com/"}
RESULT: {"using":"css selector","value":"#j_username"}
COMMAND: POST /session/638b8c348501295d6d2539f1a905cf1c/element - {"using":"css selector","value":"#j_username"}
RESULT: {"url":"https://qa-testing-00-live-etm-ui.cfapps.eu10-004.hana.ondemand.com/"}
RESULT: undefined
COMMAND: GET /session/638b8c348501295d6d2539f1a905cf1c/screenshot - {}
RESULT: {"using":"css selector","value":"#j_username"}
COMMAND: POST /session/638b8c348501295d6d2539f1a905cf1c/element - {"using":"css selector","value":"#shell-header-logo"}
RESULT: {}
RESULT: {"using":"css selector","value":"#shell-header-logo"}
COMMAND: POST /session/638b8c348501295d6d2539f1a905cf1c/execute/sync - {"script":"<script> [8489 bytes]","args":[{"element-6066-11e4-a52e-4f735466cecf":"f.AA659E0CE08D0C76D21A3A5289A8AF5F.d.4E2CCD4A8B83614AF7DB89C14ADC6993.e.5999","ELEMENT":"f.AA659E0CE08D0C76D21A3A5289A8AF5F.d.4E2CCD4A8B83614AF7DB89C14ADC6993.e.5999"}]}
RESULT: {"script":"<script> [8489 bytes]","args":[{"element-6066-11e4-a52e-4f735466cecf":"f.AA659E0CE08D0C76D21A3A5289A8AF5F.d.4E2CCD4A8B83614AF7DB89C14ADC6993.e.5999","ELEMENT":"f.AA659E0CE08D0C76D21A3A5289A8AF5F.d.4E2CCD4A8B83614AF7DB89C14ADC6993.e.5999"}]}
COMMAND: POST /session/638b8c348501295d6d2539f1a905cf1c/element - {"using":"css selector","value":"#shell-header-logo"}
RESULT: {"using":"css selector","value":"#shell-header-logo"}
COMMAND: POST /session/638b8c348501295d6d2539f1a905cf1c/execute/sync - {"script":"<script> [8489 bytes]","args":[{"element-6066-11e4-a52e-4f735466cecf":"f.AA659E0CE08D0C76D21A3A5289A8AF5F.d.4E2CCD4A8B83614AF7DB89C14ADC6993.e.5999","ELEMENT":"f.AA659E0CE08D0C76D21A3A5289A8AF5F.d.4E2CCD4A8B83614AF7DB89C14ADC6993.e.5999"}]}
RESULT: {"script":"<script> [8489 bytes]","args":[{"element-6066-11e4-a52e-4f735466cecf":"f.AA659E0CE08D0C76D21A3A5289A8AF5F.d.4E2CCD4A8B83614AF7DB89C14ADC6993.e.5999","ELEMENT":"f.AA659E0CE08D0C76D21A3A5289A8AF5F.d.4E2CCD4A8B83614AF7DB89C14ADC6993.e.5999"}]}
COMMAND: POST /session/638b8c348501295d6d2539f1a905cf1c/execute/sync - {"script":"<script> [5351 bytes]","args":[{"element-6066-11e4-a52e-4f735466cecf":"f.AA659E0CE08D0C76D21A3A5289A8AF5F.d.4E2CCD4A8B83614AF7DB89C14ADC6993.e.5999","ELEMENT":"f.AA659E0CE08D0C76D21A3A5289A8AF5F.d.4E2CCD4A8B83614AF7DB89C14ADC6993.e.5999"}]}
RESULT: {"script":"<script> [5351 bytes]","args":[{"element-6066-11e4-a52e-4f735466cecf":"f.AA659E0CE08D0C76D21A3A5289A8AF5F.d.4E2CCD4A8B83614AF7DB89C14ADC6993.e.5999","ELEMENT":"f.AA659E0CE08D0C76D21A3A5289A8AF5F.d.4E2CCD4A8B83614AF7DB89C14ADC6993.e.5999"}]}
COMMAND: POST /session/638b8c348501295d6d2539f1a905cf1c/element - {"using":"css selector","value":"#shell-header-logo"}
RESULT: {"using":"css selector","value":"#shell-header-logo"}
COMMAND: POST /session/638b8c348501295d6d2539f1a905cf1c/element/f.AA659E0CE08D0C76D21A3A5289A8AF5F.d.4E2CCD4A8B83614AF7DB89C14ADC6993.e.5999/click - {}
COMMAND: GET /session/638b8c348501295d6d2539f1a905cf1c/screenshot - {}
COMMAND: GET /session/638b8c348501295d6d2539f1a905cf1c/screenshot - {}
COMMAND: GET /session/638b8c348501295d6d2539f1a905cf1c/screenshot - {}
RESULT: {}
RESULT: {}
RESULT: {}
COMMAND: GET /session/638b8c348501295d6d2539f1a905cf1c/screenshot - {}
RESULT: {}
RESULT: {}
COMMAND: POST /session/638b8c348501295d6d2539f1a905cf1c/execute/async - {"script":"<script> [189 bytes]","args":[]}
RESULT: {"script":"<script> [189 bytes]","args":[]}
COMMAND: POST /session/638b8c348501295d6d2539f1a905cf1c/execute/async - {"script":"<script> [123 bytes]","args":[]}
RESULT: {"script":"<script> [123 bytes]","args":[]}
COMMAND: POST /session/638b8c348501295d6d2539f1a905cf1c/timeouts - {"script":"<number>"}
RESULT: {"script":"<number>"}
COMMAND: GET /session/638b8c348501295d6d2539f1a905cf1c/timeouts - {}
RESULT: {}
RESULT: undefined
COMMAND: POST /session/638b8c348501295d6d2539f1a905cf1c/execute/async - {"script":"<script> [2676 bytes]","args":[]}
RESULT: {"script":"<script> [2676 bytes]","args":[]}
COMMAND: POST /session/638b8c348501295d6d2539f1a905cf1c/execute/async - {"script":"<script> [2342 bytes]","args":[{"protocol":"http","hostname":"0.0.0.0","path":"/","capabilities":{"browserName":"chrome","goog:chromeOptions":{"binary":"C:\\Program Files\\Google\\Chrome\\Application\\chrome.exe","args":["--start-maximized"]}},"logLevel":"warn","connectionRetryTimeout":120000,"connectionRetryCount":3,"logLevels":{},"enableDirectConnect":true,"strictSSL":true,"_":"65 more keys: [\"cacheDir\",\"port\",\"requestedCapabilities\",\"automationProtocol\",\"baseUrl\",\"waitforInterval\",\"waitforTimeout\",\"onReload\",\"beforeCommand\",\"afterCommand\",\"rootDir\",\"specs\",\"suites\",\"exclude\",\"groupLogsByTestSpec\",\"excludeDriverLogs\",\"bail\",\"framework\",\"reporters\",\"services\",\"maxInstances\",\"maxInstancesPerCapability\",\"injectGlobals\",\"filesToWatch\",\"execArgv\",\"runnerEnv\",\"runner\",\"shard\",\"specFileRetries\",\"specFileRetriesDelay\",\"specFileRetriesDeferred\",\"reporterSyncInterval\",\"reporterSyncTimeout\",\"cucumberFeaturesWithLineNumbers\",\"autoCompileOpts\",\"mochaOpts\",\"jasmineOpts\",\"cucumberOpts\",\"onPrepare\",\"onWorkerStart\",\"onWorkerEnd\",\"before\",\"beforeSession\",\"beforeSuite\",\"beforeHook\",\"beforeTest\",\"afterTest\",\"afterHook\",\"afterSuite\",\"afterSession\",\"after\",\"onComplete\",\"beforeAssertion\",\"afterAssertion\",\"beforeFeature\",\"beforeScenario\",\"beforeStep\",\"afterStep\",\"afterScenario\",\"afterFeature\",\"_\",\"suite\",\"$0\",\"ignoredWorkerServices\",\"wdi5\"]"}]}
RESULT: {"script":"<script> [2342 bytes]","args":[{"protocol":"http","hostname":"0.0.0.0","path":"/","capabilities":{"browserName":"chrome","goog:chromeOptions":{"binary":"C:\\Program Files\\Google\\Chrome\\Application\\chrome.exe","args":["--start-maximized"]}},"logLevel":"warn","connectionRetryTimeout":120000,"connectionRetryCount":3,"logLevels":{},"enableDirectConnect":true,"strictSSL":true,"_":"65 more keys: [\"cacheDir\",\"port\",\"requestedCapabilities\",\"automationProtocol\",\"baseUrl\",\"waitforInterval\",\"waitforTimeout\",\"onReload\",\"beforeCommand\",\"afterCommand\",\"rootDir\",\"specs\",\"suites\",\"exclude\",\"groupLogsByTestSpec\",\"excludeDriverLogs\",\"bail\",\"framework\",\"reporters\",\"services\",\"maxInstances\",\"maxInstancesPerCapability\",\"injectGlobals\",\"filesToWatch\",\"execArgv\",\"runnerEnv\",\"runner\",\"shard\",\"specFileRetries\",\"specFileRetriesDelay\",\"specFileRetriesDeferred\",\"reporterSyncInterval\",\"reporterSyncTimeout\",\"cucumberFeaturesWithLineNumbers\",\"autoCompileOpts\",\"mochaOpts\",\"jasmineOpts\",\"cucumberOpts\",\"onPrepare\",\"onWorkerStart\",\"onWorkerEnd\",\"before\",\"beforeSession\",\"beforeSuite\",\"beforeHook\",\"beforeTest\",\"afterTest\",\"afterHook\",\"afterSuite\",\"afterSession\",\"after\",\"onComplete\",\"beforeAssertion\",\"afterAssertion\",\"beforeFeature\",\"beforeScenario\",\"beforeStep\",\"afterStep\",\"afterScenario\",\"afterFeature\",\"_\",\"suite\",\"$0\",\"ignoredWorkerServices\",\"wdi5\"]"}]}
COMMAND: POST /session/638b8c348501295d6d2539f1a905cf1c/execute/async - {"script":"<script> [21126 bytes]","args":[35000]}
RESULT: {"script":"<script> [21126 bytes]","args":[35000]}
COMMAND: POST /session/638b8c348501295d6d2539f1a905cf1c/window/maximize - {}
RESULT: {}
COMMAND: POST /session/638b8c348501295d6d2539f1a905cf1c/execute/async - {"script":"<script> [1562 bytes]","args":[{"selector":{"id":"shell-header","interaction":{"idSuffix":"icon"}},"wdio_ui5_key":"shellheader"}]}
COMMAND: GET /session/638b8c348501295d6d2539f1a905cf1c/screenshot - {}
RESULT: {"script":"<script> [1562 bytes]","args":[{"selector":{"id":"shell-header","interaction":{"idSuffix":"icon"}},"wdio_ui5_key":"shellheader"}]}
RESULT: undefined
COMMAND: POST /session/638b8c348501295d6d2539f1a905cf1c/refresh - {}
RESULT: {}
RESULT: {}
COMMAND: GET /session/638b8c348501295d6d2539f1a905cf1c/screenshot - {}
RESULT: {}
COMMAND: POST /session/638b8c348501295d6d2539f1a905cf1c/refresh - {}
RESULT: {}
COMMAND: GET /session/638b8c348501295d6d2539f1a905cf1c/screenshot - {}
RESULT: {}
COMMAND: POST /session/638b8c348501295d6d2539f1a905cf1c/window/fullscreen - {}
RESULT: {}
COMMAND: POST /session/638b8c348501295d6d2539f1a905cf1c/execute/async - {"script":"<script> [189 bytes]","args":[]}
RESULT: {"script":"<script> [189 bytes]","args":[]}
COMMAND: POST /session/638b8c348501295d6d2539f1a905cf1c/execute/async - {"script":"<script> [123 bytes]","args":[]}
RESULT: {"script":"<script> [123 bytes]","args":[]}
COMMAND: POST /session/638b8c348501295d6d2539f1a905cf1c/timeouts - {"script":"<number>"}
RESULT: {"script":"<number>"}
COMMAND: GET /session/638b8c348501295d6d2539f1a905cf1c/timeouts - {}
RESULT: {}
RESULT: undefined
COMMAND: POST /session/638b8c348501295d6d2539f1a905cf1c/execute/async - {"script":"<script> [2676 bytes]","args":[]}
RESULT: {"script":"<script> [2676 bytes]","args":[]}
COMMAND: POST /session/638b8c348501295d6d2539f1a905cf1c/execute/async - {"script":"<script> [2342 bytes]","args":[{"protocol":"http","hostname":"0.0.0.0","path":"/","capabilities":{"browserName":"chrome","goog:chromeOptions":{"binary":"C:\\Program Files\\Google\\Chrome\\Application\\chrome.exe","args":["--start-maximized"]}},"logLevel":"warn","connectionRetryTimeout":120000,"connectionRetryCount":3,"logLevels":{},"enableDirectConnect":true,"strictSSL":true,"_":"65 more keys: [\"cacheDir\",\"port\",\"requestedCapabilities\",\"automationProtocol\",\"baseUrl\",\"waitforInterval\",\"waitforTimeout\",\"onReload\",\"beforeCommand\",\"afterCommand\",\"rootDir\",\"specs\",\"suites\",\"exclude\",\"groupLogsByTestSpec\",\"excludeDriverLogs\",\"bail\",\"framework\",\"reporters\",\"services\",\"maxInstances\",\"maxInstancesPerCapability\",\"injectGlobals\",\"filesToWatch\",\"execArgv\",\"runnerEnv\",\"runner\",\"shard\",\"specFileRetries\",\"specFileRetriesDelay\",\"specFileRetriesDeferred\",\"reporterSyncInterval\",\"reporterSyncTimeout\",\"cucumberFeaturesWithLineNumbers\",\"autoCompileOpts\",\"mochaOpts\",\"jasmineOpts\",\"cucumberOpts\",\"onPrepare\",\"onWorkerStart\",\"onWorkerEnd\",\"before\",\"beforeSession\",\"beforeSuite\",\"beforeHook\",\"beforeTest\",\"afterTest\",\"afterHook\",\"afterSuite\",\"afterSession\",\"after\",\"onComplete\",\"beforeAssertion\",\"afterAssertion\",\"beforeFeature\",\"beforeScenario\",\"beforeStep\",\"afterStep\",\"afterScenario\",\"afterFeature\",\"_\",\"suite\",\"$0\",\"ignoredWorkerServices\",\"wdi5\"]"}]}
RESULT: {"script":"<script> [2342 bytes]","args":[{"protocol":"http","hostname":"0.0.0.0","path":"/","capabilities":{"browserName":"chrome","goog:chromeOptions":{"binary":"C:\\Program Files\\Google\\Chrome\\Application\\chrome.exe","args":["--start-maximized"]}},"logLevel":"warn","connectionRetryTimeout":120000,"connectionRetryCount":3,"logLevels":{},"enableDirectConnect":true,"strictSSL":true,"_":"65 more keys: [\"cacheDir\",\"port\",\"requestedCapabilities\",\"automationProtocol\",\"baseUrl\",\"waitforInterval\",\"waitforTimeout\",\"onReload\",\"beforeCommand\",\"afterCommand\",\"rootDir\",\"specs\",\"suites\",\"exclude\",\"groupLogsByTestSpec\",\"excludeDriverLogs\",\"bail\",\"framework\",\"reporters\",\"services\",\"maxInstances\",\"maxInstancesPerCapability\",\"injectGlobals\",\"filesToWatch\",\"execArgv\",\"runnerEnv\",\"runner\",\"shard\",\"specFileRetries\",\"specFileRetriesDelay\",\"specFileRetriesDeferred\",\"reporterSyncInterval\",\"reporterSyncTimeout\",\"cucumberFeaturesWithLineNumbers\",\"autoCompileOpts\",\"mochaOpts\",\"jasmineOpts\",\"cucumberOpts\",\"onPrepare\",\"onWorkerStart\",\"onWorkerEnd\",\"before\",\"beforeSession\",\"beforeSuite\",\"beforeHook\",\"beforeTest\",\"afterTest\",\"afterHook\",\"afterSuite\",\"afterSession\",\"after\",\"onComplete\",\"beforeAssertion\",\"afterAssertion\",\"beforeFeature\",\"beforeScenario\",\"beforeStep\",\"afterStep\",\"afterScenario\",\"afterFeature\",\"_\",\"suite\",\"$0\",\"ignoredWorkerServices\",\"wdi5\"]"}]}
COMMAND: POST /session/638b8c348501295d6d2539f1a905cf1c/execute/async - {"script":"<script> [21126 bytes]","args":[35000]}
RESULT: {"script":"<script> [21126 bytes]","args":[35000]}
]]></system-out>
    </testcase>
  </testsuite>
  <testsuite timestamp="2025-05-02T17:27:37" time="1315.339" tests="14" failures="0" errors="0" skipped="0">
    <properties>
      <property name="specId" value="0" />
      <property name="suiteName" value="Create master data for mixed billing &amp; do billing calculation US151661" />
      <property name="capabilities" value="chrome.135_0_7049_96.windows" />
      <property name="file" value="file:///D:/a/1/s/test/specs/BTS/billing-calculation-mixed.spec.js" />
    </properties>
    <testcase classname="chrome.135_0_7049_96.windows.Create_master_data_for_mixed_billing_&amp;_do_billing_calculation_US151661" name="Should create a new yard" time="121.021">
      <system-out><![CDATA[
COMMAND: POST /session/638b8c348501295d6d2539f1a905cf1c/window/fullscreen - {}
RESULT: {}
COMMAND: POST /session/638b8c348501295d6d2539f1a905cf1c/execute/async - {"script":"<script> [1562 bytes]","args":[{"selector":{"controlType":"sap.m.GenericTile","properties":{"header":"Manage Yards"}},"wdio_ui5_key":"sapm.GenericTile{\"header\":\"Manage Yards\"}"}]}
RESULT: {"script":"<script> [1562 bytes]","args":[{"selector":{"controlType":"sap.m.GenericTile","properties":{"header":"Manage Yards"}},"wdio_ui5_key":"sapm.GenericTile{\"header\":\"Manage Yards\"}"}]}
RESULT: undefined
COMMAND: POST /session/638b8c348501295d6d2539f1a905cf1c/element - {"using":"xpath","value":"//*[@id=\"__tile41\"]"}
RESULT: {"using":"xpath","value":"//*[@id=\"__tile41\"]"}
COMMAND: POST /session/638b8c348501295d6d2539f1a905cf1c/element/f.AA659E0CE08D0C76D21A3A5289A8AF5F.d.E25709F63E81B8FEC25FF31EDCB88C4F.e.6159/click - {}
RESULT: {}
COMMAND: POST /session/638b8c348501295d6d2539f1a905cf1c/element - {"using":"xpath","value":"//button[@data-kt=\"addNewYardOverflowToolbarButton\"]"}
COMMAND: GET /session/638b8c348501295d6d2539f1a905cf1c/screenshot - {}
RESULT: {"using":"xpath","value":"//button[@data-kt=\"addNewYardOverflowToolbarButton\"]"}
COMMAND: POST /session/638b8c348501295d6d2539f1a905cf1c/elements - {"using":"xpath","value":"//button[@data-kt=\"addNewYardOverflowToolbarButton\"]"}
RESULT: {}
RESULT: {"using":"xpath","value":"//button[@data-kt=\"addNewYardOverflowToolbarButton\"]"}
COMMAND: POST /session/638b8c348501295d6d2539f1a905cf1c/elements - {"using":"xpath","value":"//button[@data-kt=\"addNewYardOverflowToolbarButton\"]"}
RESULT: {"using":"xpath","value":"//button[@data-kt=\"addNewYardOverflowToolbarButton\"]"}
COMMAND: POST /session/638b8c348501295d6d2539f1a905cf1c/elements - {"using":"xpath","value":"//button[@data-kt=\"addNewYardOverflowToolbarButton\"]"}
RESULT: {"using":"xpath","value":"//button[@data-kt=\"addNewYardOverflowToolbarButton\"]"}
COMMAND: POST /session/638b8c348501295d6d2539f1a905cf1c/elements - {"using":"xpath","value":"//button[@data-kt=\"addNewYardOverflowToolbarButton\"]"}
RESULT: {"using":"xpath","value":"//button[@data-kt=\"addNewYardOverflowToolbarButton\"]"}
COMMAND: POST /session/638b8c348501295d6d2539f1a905cf1c/elements - {"using":"xpath","value":"//button[@data-kt=\"addNewYardOverflowToolbarButton\"]"}
RESULT: {"using":"xpath","value":"//button[@data-kt=\"addNewYardOverflowToolbarButton\"]"}
COMMAND: POST /session/638b8c348501295d6d2539f1a905cf1c/elements - {"using":"xpath","value":"//button[@data-kt=\"addNewYardOverflowToolbarButton\"]"}
RESULT: {"using":"xpath","value":"//button[@data-kt=\"addNewYardOverflowToolbarButton\"]"}
COMMAND: POST /session/638b8c348501295d6d2539f1a905cf1c/elements - {"using":"xpath","value":"//button[@data-kt=\"addNewYardOverflowToolbarButton\"]"}
RESULT: {"using":"xpath","value":"//button[@data-kt=\"addNewYardOverflowToolbarButton\"]"}
COMMAND: POST /session/638b8c348501295d6d2539f1a905cf1c/elements - {"using":"xpath","value":"//button[@data-kt=\"addNewYardOverflowToolbarButton\"]"}
RESULT: {"using":"xpath","value":"//button[@data-kt=\"addNewYardOverflowToolbarButton\"]"}
COMMAND: POST /session/638b8c348501295d6d2539f1a905cf1c/elements - {"using":"xpath","value":"//button[@data-kt=\"addNewYardOverflowToolbarButton\"]"}
RESULT: {"using":"xpath","value":"//button[@data-kt=\"addNewYardOverflowToolbarButton\"]"}
COMMAND: POST /session/638b8c348501295d6d2539f1a905cf1c/elements - {"using":"xpath","value":"//button[@data-kt=\"addNewYardOverflowToolbarButton\"]"}
RESULT: {"using":"xpath","value":"//button[@data-kt=\"addNewYardOverflowToolbarButton\"]"}
COMMAND: POST /session/638b8c348501295d6d2539f1a905cf1c/elements - {"using":"xpath","value":"//button[@data-kt=\"addNewYardOverflowToolbarButton\"]"}
RESULT: {"using":"xpath","value":"//button[@data-kt=\"addNewYardOverflowToolbarButton\"]"}
COMMAND: POST /session/638b8c348501295d6d2539f1a905cf1c/elements - {"using":"xpath","value":"//button[@data-kt=\"addNewYardOverflowToolbarButton\"]"}
RESULT: {"using":"xpath","value":"//button[@data-kt=\"addNewYardOverflowToolbarButton\"]"}
COMMAND: POST /session/638b8c348501295d6d2539f1a905cf1c/elements - {"using":"xpath","value":"//button[@data-kt=\"addNewYardOverflowToolbarButton\"]"}
RESULT: {"using":"xpath","value":"//button[@data-kt=\"addNewYardOverflowToolbarButton\"]"}
COMMAND: POST /session/638b8c348501295d6d2539f1a905cf1c/elements - {"using":"xpath","value":"//button[@data-kt=\"addNewYardOverflowToolbarButton\"]"}
RESULT: {"using":"xpath","value":"//button[@data-kt=\"addNewYardOverflowToolbarButton\"]"}
COMMAND: POST /session/638b8c348501295d6d2539f1a905cf1c/elements - {"using":"xpath","value":"//button[@data-kt=\"addNewYardOverflowToolbarButton\"]"}
RESULT: {"using":"xpath","value":"//button[@data-kt=\"addNewYardOverflowToolbarButton\"]"}
COMMAND: POST /session/638b8c348501295d6d2539f1a905cf1c/elements - {"using":"xpath","value":"//button[@data-kt=\"addNewYardOverflowToolbarButton\"]"}
RESULT: {"using":"xpath","value":"//button[@data-kt=\"addNewYardOverflowToolbarButton\"]"}
COMMAND: POST /session/638b8c348501295d6d2539f1a905cf1c/elements - {"using":"xpath","value":"//button[@data-kt=\"addNewYardOverflowToolbarButton\"]"}
RESULT: {"using":"xpath","value":"//button[@data-kt=\"addNewYardOverflowToolbarButton\"]"}
COMMAND: POST /session/638b8c348501295d6d2539f1a905cf1c/elements - {"using":"xpath","value":"//button[@data-kt=\"addNewYardOverflowToolbarButton\"]"}
RESULT: {"using":"xpath","value":"//button[@data-kt=\"addNewYardOverflowToolbarButton\"]"}
COMMAND: POST /session/638b8c348501295d6d2539f1a905cf1c/elements - {"using":"xpath","value":"//button[@data-kt=\"addNewYardOverflowToolbarButton\"]"}
RESULT: {"using":"xpath","value":"//button[@data-kt=\"addNewYardOverflowToolbarButton\"]"}
COMMAND: POST /session/638b8c348501295d6d2539f1a905cf1c/elements - {"using":"xpath","value":"//button[@data-kt=\"addNewYardOverflowToolbarButton\"]"}
RESULT: {"using":"xpath","value":"//button[@data-kt=\"addNewYardOverflowToolbarButton\"]"}
COMMAND: POST /session/638b8c348501295d6d2539f1a905cf1c/elements - {"using":"xpath","value":"//button[@data-kt=\"addNewYardOverflowToolbarButton\"]"}
RESULT: {"using":"xpath","value":"//button[@data-kt=\"addNewYardOverflowToolbarButton\"]"}
COMMAND: POST /session/638b8c348501295d6d2539f1a905cf1c/elements - {"using":"xpath","value":"//button[@data-kt=\"addNewYardOverflowToolbarButton\"]"}
RESULT: {"using":"xpath","value":"//button[@data-kt=\"addNewYardOverflowToolbarButton\"]"}
COMMAND: POST /session/638b8c348501295d6d2539f1a905cf1c/elements - {"using":"xpath","value":"//button[@data-kt=\"addNewYardOverflowToolbarButton\"]"}
RESULT: {"using":"xpath","value":"//button[@data-kt=\"addNewYardOverflowToolbarButton\"]"}
COMMAND: POST /session/638b8c348501295d6d2539f1a905cf1c/element - {"using":"xpath","value":"//button[@data-kt=\"addNewYardOverflowToolbarButton\"]"}
RESULT: {"using":"xpath","value":"//button[@data-kt=\"addNewYardOverflowToolbarButton\"]"}
COMMAND: POST /session/638b8c348501295d6d2539f1a905cf1c/execute/sync - {"script":"<script> [8489 bytes]","args":[{"element-6066-11e4-a52e-4f735466cecf":"f.AA659E0CE08D0C76D21A3A5289A8AF5F.d.E25709F63E81B8FEC25FF31EDCB88C4F.e.6284","ELEMENT":"f.AA659E0CE08D0C76D21A3A5289A8AF5F.d.E25709F63E81B8FEC25FF31EDCB88C4F.e.6284"}]}
RESULT: {"script":"<script> [8489 bytes]","args":[{"element-6066-11e4-a52e-4f735466cecf":"f.AA659E0CE08D0C76D21A3A5289A8AF5F.d.E25709F63E81B8FEC25FF31EDCB88C4F.e.6284","ELEMENT":"f.AA659E0CE08D0C76D21A3A5289A8AF5F.d.E25709F63E81B8FEC25FF31EDCB88C4F.e.6284"}]}
COMMAND: GET /session/638b8c348501295d6d2539f1a905cf1c/element/f.AA659E0CE08D0C76D21A3A5289A8AF5F.d.E25709F63E81B8FEC25FF31EDCB88C4F.e.6284/enabled - {}
COMMAND: GET /session/638b8c348501295d6d2539f1a905cf1c/screenshot - {}
RESULT: {}
COMMAND: POST /session/638b8c348501295d6d2539f1a905cf1c/execute/sync - {"script":"<script> [8489 bytes]","args":[{"element-6066-11e4-a52e-4f735466cecf":"f.AA659E0CE08D0C76D21A3A5289A8AF5F.d.E25709F63E81B8FEC25FF31EDCB88C4F.e.6284","ELEMENT":"f.AA659E0CE08D0C76D21A3A5289A8AF5F.d.E25709F63E81B8FEC25FF31EDCB88C4F.e.6284"}]}
COMMAND: GET /session/638b8c348501295d6d2539f1a905cf1c/screenshot - {}
RESULT: {}
RESULT: {"script":"<script> [8489 bytes]","args":[{"element-6066-11e4-a52e-4f735466cecf":"f.AA659E0CE08D0C76D21A3A5289A8AF5F.d.E25709F63E81B8FEC25FF31EDCB88C4F.e.6284","ELEMENT":"f.AA659E0CE08D0C76D21A3A5289A8AF5F.d.E25709F63E81B8FEC25FF31EDCB88C4F.e.6284"}]}
COMMAND: POST /session/638b8c348501295d6d2539f1a905cf1c/execute/sync - {"script":"<script> [5351 bytes]","args":[{"element-6066-11e4-a52e-4f735466cecf":"f.AA659E0CE08D0C76D21A3A5289A8AF5F.d.E25709F63E81B8FEC25FF31EDCB88C4F.e.6284","ELEMENT":"f.AA659E0CE08D0C76D21A3A5289A8AF5F.d.E25709F63E81B8FEC25FF31EDCB88C4F.e.6284"}]}
COMMAND: GET /session/638b8c348501295d6d2539f1a905cf1c/screenshot - {}
RESULT: {}
RESULT: {"script":"<script> [5351 bytes]","args":[{"element-6066-11e4-a52e-4f735466cecf":"f.AA659E0CE08D0C76D21A3A5289A8AF5F.d.E25709F63E81B8FEC25FF31EDCB88C4F.e.6284","ELEMENT":"f.AA659E0CE08D0C76D21A3A5289A8AF5F.d.E25709F63E81B8FEC25FF31EDCB88C4F.e.6284"}]}
COMMAND: POST /session/638b8c348501295d6d2539f1a905cf1c/element/f.AA659E0CE08D0C76D21A3A5289A8AF5F.d.E25709F63E81B8FEC25FF31EDCB88C4F.e.6284/click - {}
COMMAND: GET /session/638b8c348501295d6d2539f1a905cf1c/screenshot - {}
RESULT: {}
RESULT: {}
COMMAND: GET /session/638b8c348501295d6d2539f1a905cf1c/screenshot - {}
COMMAND: POST /session/638b8c348501295d6d2539f1a905cf1c/element - {"using":"xpath","value":"//input[@id=\"application-manageyards-display-component---NewYard--yardId-inner\"]"}
RESULT: {}
RESULT: {}
RESULT: {"using":"xpath","value":"//input[@id=\"application-manageyards-display-component---NewYard--yardId-inner\"]"}
COMMAND: POST /session/638b8c348501295d6d2539f1a905cf1c/element - {"using":"xpath","value":"//input[@id=\"application-manageyards-display-component---NewYard--yardId-inner\"]"}
RESULT: {"using":"xpath","value":"//input[@id=\"application-manageyards-display-component---NewYard--yardId-inner\"]"}
COMMAND: POST /session/638b8c348501295d6d2539f1a905cf1c/execute/async - {"script":"<script> [1562 bytes]","args":[{"selector":{"id":"application-manageyards-display-component---NewYard--addressDetailDetailsName1","interaction":{"idSuffix":"inner"}},"wdio_ui5_key":"applicationmanageyards-display-component---NewYard--addressDetailDetailsName1"}]}
RESULT: {"script":"<script> [1562 bytes]","args":[{"selector":{"id":"application-manageyards-display-component---NewYard--addressDetailDetailsName1","interaction":{"idSuffix":"inner"}},"wdio_ui5_key":"applicationmanageyards-display-component---NewYard--addressDetailDetailsName1"}]}
RESULT: undefined
COMMAND: POST /session/638b8c348501295d6d2539f1a905cf1c/execute/async - {"script":"<script> [776 bytes]","args":[{"enterText":"Intercompany Yard wdIO","selector":{"id":"application-manageyards-display-component---NewYard--addressDetailDetailsName1","interaction":{"idSuffix":"inner"}},"clearTextFirst":true,"interactionType":"ENTER_TEXT"}]}
RESULT: {"script":"<script> [776 bytes]","args":[{"enterText":"Intercompany Yard wdIO","selector":{"id":"application-manageyards-display-component---NewYard--addressDetailDetailsName1","interaction":{"idSuffix":"inner"}},"clearTextFirst":true,"interactionType":"ENTER_TEXT"}]}
COMMAND: POST /session/638b8c348501295d6d2539f1a905cf1c/execute/async - {"script":"<script> [1562 bytes]","args":[{"selector":{"id":"application-manageyards-display-component---NewYard--addressDetailDetailsLanguage-arrow"},"wdio_ui5_key":"applicationmanageyards-display-component---NewYard--addressDetailDetailsLanguage-arrow"}]}
RESULT: {"script":"<script> [1562 bytes]","args":[{"selector":{"id":"application-manageyards-display-component---NewYard--addressDetailDetailsLanguage-arrow"},"wdio_ui5_key":"applicationmanageyards-display-component---NewYard--addressDetailDetailsLanguage-arrow"}]}
RESULT: undefined
COMMAND: POST /session/638b8c348501295d6d2539f1a905cf1c/element - {"using":"xpath","value":"//*[@id=\"application-manageyards-display-component---NewYard--addressDetailDetailsLanguage-arrow\"]"}
RESULT: {"using":"xpath","value":"//*[@id=\"application-manageyards-display-component---NewYard--addressDetailDetailsLanguage-arrow\"]"}
COMMAND: POST /session/638b8c348501295d6d2539f1a905cf1c/element/f.AA659E0CE08D0C76D21A3A5289A8AF5F.d.E25709F63E81B8FEC25FF31EDCB88C4F.e.6719/click - {}
RESULT: {}
COMMAND: POST /session/638b8c348501295d6d2539f1a905cf1c/element - {"using":"xpath","value":"//span[contains(text(), \"English\")]"}
COMMAND: GET /session/638b8c348501295d6d2539f1a905cf1c/screenshot - {}
RESULT: {"using":"xpath","value":"//span[contains(text(), \"English\")]"}
COMMAND: POST /session/638b8c348501295d6d2539f1a905cf1c/element/f.AA659E0CE08D0C76D21A3A5289A8AF5F.d.E25709F63E81B8FEC25FF31EDCB88C4F.e.6720/click - {}
RESULT: {}
RESULT: {}
COMMAND: POST /session/638b8c348501295d6d2539f1a905cf1c/execute/async - {"script":"<script> [1562 bytes]","args":[{"selector":{"id":"application-manageyards-display-component---NewYard--addressDetailDetailsCity1","interaction":{"idSuffix":"inner"}},"wdio_ui5_key":"applicationmanageyards-display-component---NewYard--addressDetailDetailsCity1"}]}
COMMAND: GET /session/638b8c348501295d6d2539f1a905cf1c/screenshot - {}
RESULT: {"script":"<script> [1562 bytes]","args":[{"selector":{"id":"application-manageyards-display-component---NewYard--addressDetailDetailsCity1","interaction":{"idSuffix":"inner"}},"wdio_ui5_key":"applicationmanageyards-display-component---NewYard--addressDetailDetailsCity1"}]}
RESULT: undefined
COMMAND: POST /session/638b8c348501295d6d2539f1a905cf1c/execute/async - {"script":"<script> [776 bytes]","args":[{"enterText":"Rosario","selector":{"id":"application-manageyards-display-component---NewYard--addressDetailDetailsCity1","interaction":{"idSuffix":"inner"}},"clearTextFirst":true,"interactionType":"ENTER_TEXT"}]}
RESULT: {}
RESULT: {"script":"<script> [776 bytes]","args":[{"enterText":"Rosario","selector":{"id":"application-manageyards-display-component---NewYard--addressDetailDetailsCity1","interaction":{"idSuffix":"inner"}},"clearTextFirst":true,"interactionType":"ENTER_TEXT"}]}
COMMAND: POST /session/638b8c348501295d6d2539f1a905cf1c/execute/async - {"script":"<script> [1562 bytes]","args":[{"selector":{"id":"application-manageyards-display-component---NewYard--addressDetailDetailsCountry-arrow"},"wdio_ui5_key":"applicationmanageyards-display-component---NewYard--addressDetailDetailsCountry-arrow"}]}
RESULT: {"script":"<script> [1562 bytes]","args":[{"selector":{"id":"application-manageyards-display-component---NewYard--addressDetailDetailsCountry-arrow"},"wdio_ui5_key":"applicationmanageyards-display-component---NewYard--addressDetailDetailsCountry-arrow"}]}
RESULT: undefined
COMMAND: POST /session/638b8c348501295d6d2539f1a905cf1c/element - {"using":"xpath","value":"//*[@id=\"application-manageyards-display-component---NewYard--addressDetailDetailsCountry-arrow\"]"}
RESULT: {"using":"xpath","value":"//*[@id=\"application-manageyards-display-component---NewYard--addressDetailDetailsCountry-arrow\"]"}
COMMAND: POST /session/638b8c348501295d6d2539f1a905cf1c/element/f.AA659E0CE08D0C76D21A3A5289A8AF5F.d.E25709F63E81B8FEC25FF31EDCB88C4F.e.6722/click - {}
RESULT: {}
COMMAND: POST /session/638b8c348501295d6d2539f1a905cf1c/element - {"using":"xpath","value":"//span[contains(text(), \"Argentina\")]"}
COMMAND: GET /session/638b8c348501295d6d2539f1a905cf1c/screenshot - {}
RESULT: {"using":"xpath","value":"//span[contains(text(), \"Argentina\")]"}
COMMAND: POST /session/638b8c348501295d6d2539f1a905cf1c/element/f.AA659E0CE08D0C76D21A3A5289A8AF5F.d.E25709F63E81B8FEC25FF31EDCB88C4F.e.6723/click - {}
RESULT: {}
RESULT: {}
COMMAND: POST /session/638b8c348501295d6d2539f1a905cf1c/execute/async - {"script":"<script> [1562 bytes]","args":[{"selector":{"id":"application-manageyards-display-component---NewYard--addressEditDetailsCostObjectCstType-arrow"},"wdio_ui5_key":"applicationmanageyards-display-component---NewYard--addressEditDetailsCostObjectCstType-arrow"}]}
COMMAND: GET /session/638b8c348501295d6d2539f1a905cf1c/screenshot - {}
RESULT: {"script":"<script> [1562 bytes]","args":[{"selector":{"id":"application-manageyards-display-component---NewYard--addressEditDetailsCostObjectCstType-arrow"},"wdio_ui5_key":"applicationmanageyards-display-component---NewYard--addressEditDetailsCostObjectCstType-arrow"}]}
RESULT: undefined
COMMAND: POST /session/638b8c348501295d6d2539f1a905cf1c/element - {"using":"xpath","value":"//*[@id=\"application-manageyards-display-component---NewYard--addressEditDetailsCostObjectCstType-arrow\"]"}
RESULT: {}
RESULT: {"using":"xpath","value":"//*[@id=\"application-manageyards-display-component---NewYard--addressEditDetailsCostObjectCstType-arrow\"]"}
COMMAND: POST /session/638b8c348501295d6d2539f1a905cf1c/element/f.AA659E0CE08D0C76D21A3A5289A8AF5F.d.E25709F63E81B8FEC25FF31EDCB88C4F.e.6725/click - {}
RESULT: {}
COMMAND: POST /session/638b8c348501295d6d2539f1a905cf1c/element - {"using":"xpath","value":"//span[contains(text(), \"Cost Center\")]"}
COMMAND: GET /session/638b8c348501295d6d2539f1a905cf1c/screenshot - {}
RESULT: {"using":"xpath","value":"//span[contains(text(), \"Cost Center\")]"}
COMMAND: POST /session/638b8c348501295d6d2539f1a905cf1c/element/f.AA659E0CE08D0C76D21A3A5289A8AF5F.d.E25709F63E81B8FEC25FF31EDCB88C4F.e.6726/click - {}
RESULT: {}
RESULT: {}
COMMAND: GET /session/638b8c348501295d6d2539f1a905cf1c/screenshot - {}
RESULT: {}
COMMAND: POST /session/638b8c348501295d6d2539f1a905cf1c/element - {"using":"xpath","value":"//span[@id=\"application-manageyards-display-component---NewYard--addressNewCostObjectCstID-vhi\"]"}
RESULT: {"using":"xpath","value":"//span[@id=\"application-manageyards-display-component---NewYard--addressNewCostObjectCstID-vhi\"]"}
COMMAND: POST /session/638b8c348501295d6d2539f1a905cf1c/execute/sync - {"script":"<script> [8489 bytes]","args":[{"element-6066-11e4-a52e-4f735466cecf":"f.AA659E0CE08D0C76D21A3A5289A8AF5F.d.E25709F63E81B8FEC25FF31EDCB88C4F.e.6730","ELEMENT":"f.AA659E0CE08D0C76D21A3A5289A8AF5F.d.E25709F63E81B8FEC25FF31EDCB88C4F.e.6730"}]}
RESULT: {"script":"<script> [8489 bytes]","args":[{"element-6066-11e4-a52e-4f735466cecf":"f.AA659E0CE08D0C76D21A3A5289A8AF5F.d.E25709F63E81B8FEC25FF31EDCB88C4F.e.6730","ELEMENT":"f.AA659E0CE08D0C76D21A3A5289A8AF5F.d.E25709F63E81B8FEC25FF31EDCB88C4F.e.6730"}]}
COMMAND: POST /session/638b8c348501295d6d2539f1a905cf1c/execute/async - {"script":"<script> [1562 bytes]","args":[{"selector":{"id":"application-manageyards-display-component---NewYard--addressNewCostObjectCstID-vhi"},"wdio_ui5_key":"applicationmanageyards-display-component---NewYard--addressNewCostObjectCstID-vhi"}]}
COMMAND: GET /session/638b8c348501295d6d2539f1a905cf1c/screenshot - {}
RESULT: {"script":"<script> [1562 bytes]","args":[{"selector":{"id":"application-manageyards-display-component---NewYard--addressNewCostObjectCstID-vhi"},"wdio_ui5_key":"applicationmanageyards-display-component---NewYard--addressNewCostObjectCstID-vhi"}]}
RESULT: undefined
COMMAND: POST /session/638b8c348501295d6d2539f1a905cf1c/element - {"using":"xpath","value":"//*[@id=\"application-manageyards-display-component---NewYard--addressNewCostObjectCstID-vhi\"]"}
RESULT: {}
RESULT: {"using":"xpath","value":"//*[@id=\"application-manageyards-display-component---NewYard--addressNewCostObjectCstID-vhi\"]"}
COMMAND: POST /session/638b8c348501295d6d2539f1a905cf1c/element/f.AA659E0CE08D0C76D21A3A5289A8AF5F.d.E25709F63E81B8FEC25FF31EDCB88C4F.e.6730/click - {}
RESULT: {}
COMMAND: GET /session/638b8c348501295d6d2539f1a905cf1c/screenshot - {}
RESULT: {}
COMMAND: POST /session/638b8c348501295d6d2539f1a905cf1c/execute/async - {"script":"<script> [1562 bytes]","args":[{"selector":{"controlType":"sap.m.SearchField","properties":{"placeholder":"Search"},"searchOpenDialogs":true,"interaction":{"idSuffix":"I"}},"wdio_ui5_key":"sapm.SearchField{\"placeholder\":\"Search\"}"}]}
RESULT: {"script":"<script> [1562 bytes]","args":[{"selector":{"controlType":"sap.m.SearchField","properties":{"placeholder":"Search"},"searchOpenDialogs":true,"interaction":{"idSuffix":"I"}},"wdio_ui5_key":"sapm.SearchField{\"placeholder\":\"Search\"}"}]}
RESULT: undefined
COMMAND: POST /session/638b8c348501295d6d2539f1a905cf1c/execute/async - {"script":"<script> [776 bytes]","args":[{"enterText":"10001013","selector":{"controlType":"sap.m.SearchField","properties":{"placeholder":"Search"},"searchOpenDialogs":true,"interaction":{"idSuffix":"I"}},"clearTextFirst":true,"interactionType":"ENTER_TEXT"}]}
RESULT: {"script":"<script> [776 bytes]","args":[{"enterText":"10001013","selector":{"controlType":"sap.m.SearchField","properties":{"placeholder":"Search"},"searchOpenDialogs":true,"interaction":{"idSuffix":"I"}},"clearTextFirst":true,"interactionType":"ENTER_TEXT"}]}
COMMAND: POST /session/638b8c348501295d6d2539f1a905cf1c/actions - {"actions":[{"id":"action20","type":"key","parameters":{},"actions":[{"type":"keyDown","value":"î€‡"},{"type":"pause","duration":10},{"type":"keyUp","value":"î€‡"}]}]}
RESULT: {"actions":[{"id":"action20","type":"key","parameters":{},"actions":[{"type":"keyDown","value":"î€‡"},{"type":"pause","duration":10},{"type":"keyUp","value":"î€‡"}]}]}
COMMAND: GET /session/638b8c348501295d6d2539f1a905cf1c/screenshot - {}
RESULT: {}
COMMAND: POST /session/638b8c348501295d6d2539f1a905cf1c/element - {"using":"xpath","value":"//span[contains(text(), \"General Management\")]"}
RESULT: {"using":"xpath","value":"//span[contains(text(), \"General Management\")]"}
COMMAND: POST /session/638b8c348501295d6d2539f1a905cf1c/element/f.AA659E0CE08D0C76D21A3A5289A8AF5F.d.E25709F63E81B8FEC25FF31EDCB88C4F.e.6739/click - {}
RESULT: {}
COMMAND: GET /session/638b8c348501295d6d2539f1a905cf1c/screenshot - {}
RESULT: {}
COMMAND: POST /session/638b8c348501295d6d2539f1a905cf1c/element - {"using":"xpath","value":"//bdi[contains(text(), \"OK\")]"}
RESULT: {"using":"xpath","value":"//bdi[contains(text(), \"OK\")]"}
COMMAND: POST /session/638b8c348501295d6d2539f1a905cf1c/element/f.AA659E0CE08D0C76D21A3A5289A8AF5F.d.E25709F63E81B8FEC25FF31EDCB88C4F.e.6741/click - {}
RESULT: {}
COMMAND: GET /session/638b8c348501295d6d2539f1a905cf1c/screenshot - {}
RESULT: {}
COMMAND: POST /session/638b8c348501295d6d2539f1a905cf1c/execute/async - {"script":"<script> [1562 bytes]","args":[{"selector":{"id":"application-manageyards-display-component---NewYard--addressEditDetailsCurrency-arrow"},"wdio_ui5_key":"applicationmanageyards-display-component---NewYard--addressEditDetailsCurrency-arrow"}]}
RESULT: {"script":"<script> [1562 bytes]","args":[{"selector":{"id":"application-manageyards-display-component---NewYard--addressEditDetailsCurrency-arrow"},"wdio_ui5_key":"applicationmanageyards-display-component---NewYard--addressEditDetailsCurrency-arrow"}]}
RESULT: undefined
COMMAND: POST /session/638b8c348501295d6d2539f1a905cf1c/element - {"using":"xpath","value":"//*[@id=\"application-manageyards-display-component---NewYard--addressEditDetailsCurrency-arrow\"]"}
RESULT: {"using":"xpath","value":"//*[@id=\"application-manageyards-display-component---NewYard--addressEditDetailsCurrency-arrow\"]"}
COMMAND: POST /session/638b8c348501295d6d2539f1a905cf1c/element/f.AA659E0CE08D0C76D21A3A5289A8AF5F.d.E25709F63E81B8FEC25FF31EDCB88C4F.e.6744/click - {}
RESULT: {}
COMMAND: POST /session/638b8c348501295d6d2539f1a905cf1c/element - {"using":"xpath","value":"//span[contains(text(), \"Euro\")]"}
COMMAND: GET /session/638b8c348501295d6d2539f1a905cf1c/screenshot - {}
RESULT: {"using":"xpath","value":"//span[contains(text(), \"Euro\")]"}
COMMAND: POST /session/638b8c348501295d6d2539f1a905cf1c/element/f.AA659E0CE08D0C76D21A3A5289A8AF5F.d.E25709F63E81B8FEC25FF31EDCB88C4F.e.6745/click - {}
RESULT: {}
RESULT: {}
COMMAND: POST /session/638b8c348501295d6d2539f1a905cf1c/execute/async - {"script":"<script> [1562 bytes]","args":[{"selector":{"controlType":"sap.m.Input","viewName":"etm.portal.ui.manageyards.view.New","viewId":"application-manageyards-display-component---NewYard","bindingPath":{"path":"","propertyPath":"/CONTROLLING_AREA","modelName":"NewYardModel"},"interaction":{"idSuffix":"inner"}},"wdio_ui5_key":"etmportal.ui.manageyards.view.Newsap.m.Input{\"path\":\"\",\"propertyPath\":\"/CONTROLLING_AREA\",\"modelName\":\"NewYardModel\"}"}]}
COMMAND: GET /session/638b8c348501295d6d2539f1a905cf1c/screenshot - {}
RESULT: {"script":"<script> [1562 bytes]","args":[{"selector":{"controlType":"sap.m.Input","viewName":"etm.portal.ui.manageyards.view.New","viewId":"application-manageyards-display-component---NewYard","bindingPath":{"path":"","propertyPath":"/CONTROLLING_AREA","modelName":"NewYardModel"},"interaction":{"idSuffix":"inner"}},"wdio_ui5_key":"etmportal.ui.manageyards.view.Newsap.m.Input{\"path\":\"\",\"propertyPath\":\"/CONTROLLING_AREA\",\"modelName\":\"NewYardModel\"}"}]}
RESULT: undefined
COMMAND: POST /session/638b8c348501295d6d2539f1a905cf1c/execute/async - {"script":"<script> [776 bytes]","args":[{"enterText":"Z001","selector":{"controlType":"sap.m.Input","viewName":"etm.portal.ui.manageyards.view.New","viewId":"application-manageyards-display-component---NewYard","bindingPath":{"path":"","propertyPath":"/CONTROLLING_AREA","modelName":"NewYardModel"},"interaction":{"idSuffix":"inner"}},"clearTextFirst":true,"interactionType":"ENTER_TEXT"}]}
RESULT: {}
RESULT: {"script":"<script> [776 bytes]","args":[{"enterText":"Z001","selector":{"controlType":"sap.m.Input","viewName":"etm.portal.ui.manageyards.view.New","viewId":"application-manageyards-display-component---NewYard","bindingPath":{"path":"","propertyPath":"/CONTROLLING_AREA","modelName":"NewYardModel"},"interaction":{"idSuffix":"inner"}},"clearTextFirst":true,"interactionType":"ENTER_TEXT"}]}
COMMAND: POST /session/638b8c348501295d6d2539f1a905cf1c/execute/async - {"script":"<script> [1562 bytes]","args":[{"selector":{"id":"application-manageyards-display-component---NewYard--companyCodeComboBox","interaction":{"idSuffix":"inner"}},"wdio_ui5_key":"applicationmanageyards-display-component---NewYard--companyCodeComboBox"}]}
RESULT: {"script":"<script> [1562 bytes]","args":[{"selector":{"id":"application-manageyards-display-component---NewYard--companyCodeComboBox","interaction":{"idSuffix":"inner"}},"wdio_ui5_key":"applicationmanageyards-display-component---NewYard--companyCodeComboBox"}]}
RESULT: undefined
COMMAND: POST /session/638b8c348501295d6d2539f1a905cf1c/execute/async - {"script":"<script> [776 bytes]","args":[{"enterText":"1000","selector":{"id":"application-manageyards-display-component---NewYard--companyCodeComboBox","interaction":{"idSuffix":"inner"}},"clearTextFirst":true,"interactionType":"ENTER_TEXT"}]}
RESULT: {"script":"<script> [776 bytes]","args":[{"enterText":"1000","selector":{"id":"application-manageyards-display-component---NewYard--companyCodeComboBox","interaction":{"idSuffix":"inner"}},"clearTextFirst":true,"interactionType":"ENTER_TEXT"}]}
COMMAND: POST /session/638b8c348501295d6d2539f1a905cf1c/execute/async - {"script":"<script> [1562 bytes]","args":[{"selector":{"controlType":"sap.m.Input","viewName":"etm.portal.ui.manageyards.view.New","viewId":"application-manageyards-display-component---NewYard","bindingPath":{"path":"","propertyPath":"/PLANT","modelName":"NewYardModel"},"interaction":{"idSuffix":"inner"}},"wdio_ui5_key":"etmportal.ui.manageyards.view.Newsap.m.Input{\"path\":\"\",\"propertyPath\":\"/PLANT\",\"modelName\":\"NewYardModel\"}"}]}
RESULT: {"script":"<script> [1562 bytes]","args":[{"selector":{"controlType":"sap.m.Input","viewName":"etm.portal.ui.manageyards.view.New","viewId":"application-manageyards-display-component---NewYard","bindingPath":{"path":"","propertyPath":"/PLANT","modelName":"NewYardModel"},"interaction":{"idSuffix":"inner"}},"wdio_ui5_key":"etmportal.ui.manageyards.view.Newsap.m.Input{\"path\":\"\",\"propertyPath\":\"/PLANT\",\"modelName\":\"NewYardModel\"}"}]}
RESULT: undefined
COMMAND: POST /session/638b8c348501295d6d2539f1a905cf1c/execute/async - {"script":"<script> [776 bytes]","args":[{"enterText":"1001","selector":{"controlType":"sap.m.Input","viewName":"etm.portal.ui.manageyards.view.New","viewId":"application-manageyards-display-component---NewYard","bindingPath":{"path":"","propertyPath":"/PLANT","modelName":"NewYardModel"},"interaction":{"idSuffix":"inner"}},"clearTextFirst":true,"interactionType":"ENTER_TEXT"}]}
RESULT: {"script":"<script> [776 bytes]","args":[{"enterText":"1001","selector":{"controlType":"sap.m.Input","viewName":"etm.portal.ui.manageyards.view.New","viewId":"application-manageyards-display-component---NewYard","bindingPath":{"path":"","propertyPath":"/PLANT","modelName":"NewYardModel"},"interaction":{"idSuffix":"inner"}},"clearTextFirst":true,"interactionType":"ENTER_TEXT"}]}
COMMAND: POST /session/638b8c348501295d6d2539f1a905cf1c/execute/async - {"script":"<script> [1562 bytes]","args":[{"selector":{"controlType":"sap.m.Input","viewName":"etm.portal.ui.manageyards.view.New","viewId":"application-manageyards-display-component---NewYard","bindingPath":{"path":"","propertyPath":"/SALES_AREA_VKORG","modelName":"NewYardModel"},"interaction":{"idSuffix":"inner"}},"wdio_ui5_key":"etmportal.ui.manageyards.view.Newsap.m.Input{\"path\":\"\",\"propertyPath\":\"/SALES_AREA_VKORG\",\"modelName\":\"NewYardModel\"}"}]}
RESULT: {"script":"<script> [1562 bytes]","args":[{"selector":{"controlType":"sap.m.Input","viewName":"etm.portal.ui.manageyards.view.New","viewId":"application-manageyards-display-component---NewYard","bindingPath":{"path":"","propertyPath":"/SALES_AREA_VKORG","modelName":"NewYardModel"},"interaction":{"idSuffix":"inner"}},"wdio_ui5_key":"etmportal.ui.manageyards.view.Newsap.m.Input{\"path\":\"\",\"propertyPath\":\"/SALES_AREA_VKORG\",\"modelName\":\"NewYardModel\"}"}]}
RESULT: undefined
COMMAND: POST /session/638b8c348501295d6d2539f1a905cf1c/execute/async - {"script":"<script> [776 bytes]","args":[{"enterText":"C002","selector":{"controlType":"sap.m.Input","viewName":"etm.portal.ui.manageyards.view.New","viewId":"application-manageyards-display-component---NewYard","bindingPath":{"path":"","propertyPath":"/SALES_AREA_VKORG","modelName":"NewYardModel"},"interaction":{"idSuffix":"inner"}},"clearTextFirst":true,"interactionType":"ENTER_TEXT"}]}
RESULT: {"script":"<script> [776 bytes]","args":[{"enterText":"C002","selector":{"controlType":"sap.m.Input","viewName":"etm.portal.ui.manageyards.view.New","viewId":"application-manageyards-display-component---NewYard","bindingPath":{"path":"","propertyPath":"/SALES_AREA_VKORG","modelName":"NewYardModel"},"interaction":{"idSuffix":"inner"}},"clearTextFirst":true,"interactionType":"ENTER_TEXT"}]}
COMMAND: POST /session/638b8c348501295d6d2539f1a905cf1c/execute/async - {"script":"<script> [1562 bytes]","args":[{"selector":{"controlType":"sap.m.Input","viewName":"etm.portal.ui.manageyards.view.New","viewId":"application-manageyards-display-component---NewYard","bindingPath":{"path":"","propertyPath":"/SALES_AREA_VTWEG","modelName":"NewYardModel"},"interaction":{"idSuffix":"inner"}},"wdio_ui5_key":"etmportal.ui.manageyards.view.Newsap.m.Input{\"path\":\"\",\"propertyPath\":\"/SALES_AREA_VTWEG\",\"modelName\":\"NewYardModel\"}"}]}
RESULT: {"script":"<script> [1562 bytes]","args":[{"selector":{"controlType":"sap.m.Input","viewName":"etm.portal.ui.manageyards.view.New","viewId":"application-manageyards-display-component---NewYard","bindingPath":{"path":"","propertyPath":"/SALES_AREA_VTWEG","modelName":"NewYardModel"},"interaction":{"idSuffix":"inner"}},"wdio_ui5_key":"etmportal.ui.manageyards.view.Newsap.m.Input{\"path\":\"\",\"propertyPath\":\"/SALES_AREA_VTWEG\",\"modelName\":\"NewYardModel\"}"}]}
RESULT: undefined
COMMAND: POST /session/638b8c348501295d6d2539f1a905cf1c/execute/async - {"script":"<script> [776 bytes]","args":[{"enterText":"C2","selector":{"controlType":"sap.m.Input","viewName":"etm.portal.ui.manageyards.view.New","viewId":"application-manageyards-display-component---NewYard","bindingPath":{"path":"","propertyPath":"/SALES_AREA_VTWEG","modelName":"NewYardModel"},"interaction":{"idSuffix":"inner"}},"clearTextFirst":true,"interactionType":"ENTER_TEXT"}]}
RESULT: {"script":"<script> [776 bytes]","args":[{"enterText":"C2","selector":{"controlType":"sap.m.Input","viewName":"etm.portal.ui.manageyards.view.New","viewId":"application-manageyards-display-component---NewYard","bindingPath":{"path":"","propertyPath":"/SALES_AREA_VTWEG","modelName":"NewYardModel"},"interaction":{"idSuffix":"inner"}},"clearTextFirst":true,"interactionType":"ENTER_TEXT"}]}
COMMAND: POST /session/638b8c348501295d6d2539f1a905cf1c/execute/async - {"script":"<script> [1562 bytes]","args":[{"selector":{"controlType":"sap.m.Input","viewName":"etm.portal.ui.manageyards.view.New","viewId":"application-manageyards-display-component---NewYard","bindingPath":{"path":"","propertyPath":"/SALES_AREA_SPART","modelName":"NewYardModel"},"interaction":{"idSuffix":"inner"}},"wdio_ui5_key":"etmportal.ui.manageyards.view.Newsap.m.Input{\"path\":\"\",\"propertyPath\":\"/SALES_AREA_SPART\",\"modelName\":\"NewYardModel\"}"}]}
RESULT: {"script":"<script> [1562 bytes]","args":[{"selector":{"controlType":"sap.m.Input","viewName":"etm.portal.ui.manageyards.view.New","viewId":"application-manageyards-display-component---NewYard","bindingPath":{"path":"","propertyPath":"/SALES_AREA_SPART","modelName":"NewYardModel"},"interaction":{"idSuffix":"inner"}},"wdio_ui5_key":"etmportal.ui.manageyards.view.Newsap.m.Input{\"path\":\"\",\"propertyPath\":\"/SALES_AREA_SPART\",\"modelName\":\"NewYardModel\"}"}]}
RESULT: undefined
COMMAND: POST /session/638b8c348501295d6d2539f1a905cf1c/execute/async - {"script":"<script> [776 bytes]","args":[{"enterText":"C2","selector":{"controlType":"sap.m.Input","viewName":"etm.portal.ui.manageyards.view.New","viewId":"application-manageyards-display-component---NewYard","bindingPath":{"path":"","propertyPath":"/SALES_AREA_SPART","modelName":"NewYardModel"},"interaction":{"idSuffix":"inner"}},"clearTextFirst":true,"interactionType":"ENTER_TEXT"}]}
RESULT: {"script":"<script> [776 bytes]","args":[{"enterText":"C2","selector":{"controlType":"sap.m.Input","viewName":"etm.portal.ui.manageyards.view.New","viewId":"application-manageyards-display-component---NewYard","bindingPath":{"path":"","propertyPath":"/SALES_AREA_SPART","modelName":"NewYardModel"},"interaction":{"idSuffix":"inner"}},"clearTextFirst":true,"interactionType":"ENTER_TEXT"}]}
COMMAND: POST /session/638b8c348501295d6d2539f1a905cf1c/execute/async - {"script":"<script> [1562 bytes]","args":[{"selector":{"controlType":"sap.m.Input","viewName":"etm.portal.ui.manageyards.view.New","viewId":"application-manageyards-display-component---NewYard","bindingPath":{"path":"","propertyPath":"/SHIP_POINT","modelName":"NewYardModel"},"interaction":{"idSuffix":"inner"}},"wdio_ui5_key":"etmportal.ui.manageyards.view.Newsap.m.Input{\"path\":\"\",\"propertyPath\":\"/SHIP_POINT\",\"modelName\":\"NewYardModel\"}"}]}
RESULT: {"script":"<script> [1562 bytes]","args":[{"selector":{"controlType":"sap.m.Input","viewName":"etm.portal.ui.manageyards.view.New","viewId":"application-manageyards-display-component---NewYard","bindingPath":{"path":"","propertyPath":"/SHIP_POINT","modelName":"NewYardModel"},"interaction":{"idSuffix":"inner"}},"wdio_ui5_key":"etmportal.ui.manageyards.view.Newsap.m.Input{\"path\":\"\",\"propertyPath\":\"/SHIP_POINT\",\"modelName\":\"NewYardModel\"}"}]}
RESULT: undefined
COMMAND: POST /session/638b8c348501295d6d2539f1a905cf1c/execute/async - {"script":"<script> [776 bytes]","args":[{"enterText":"1710","selector":{"controlType":"sap.m.Input","viewName":"etm.portal.ui.manageyards.view.New","viewId":"application-manageyards-display-component---NewYard","bindingPath":{"path":"","propertyPath":"/SHIP_POINT","modelName":"NewYardModel"},"interaction":{"idSuffix":"inner"}},"clearTextFirst":true,"interactionType":"ENTER_TEXT"}]}
RESULT: {"script":"<script> [776 bytes]","args":[{"enterText":"1710","selector":{"controlType":"sap.m.Input","viewName":"etm.portal.ui.manageyards.view.New","viewId":"application-manageyards-display-component---NewYard","bindingPath":{"path":"","propertyPath":"/SHIP_POINT","modelName":"NewYardModel"},"interaction":{"idSuffix":"inner"}},"clearTextFirst":true,"interactionType":"ENTER_TEXT"}]}
COMMAND: POST /session/638b8c348501295d6d2539f1a905cf1c/execute/async - {"script":"<script> [1562 bytes]","args":[{"selector":{"controlType":"sap.m.Input","viewName":"etm.portal.ui.manageyards.view.New","viewId":"application-manageyards-display-component---NewYard","bindingPath":{"path":"","propertyPath":"/DELIVERY_TYPE","modelName":"NewYardModel"},"interaction":{"idSuffix":"inner"}},"wdio_ui5_key":"etmportal.ui.manageyards.view.Newsap.m.Input{\"path\":\"\",\"propertyPath\":\"/DELIVERY_TYPE\",\"modelName\":\"NewYardModel\"}"}]}
RESULT: {"script":"<script> [1562 bytes]","args":[{"selector":{"controlType":"sap.m.Input","viewName":"etm.portal.ui.manageyards.view.New","viewId":"application-manageyards-display-component---NewYard","bindingPath":{"path":"","propertyPath":"/DELIVERY_TYPE","modelName":"NewYardModel"},"interaction":{"idSuffix":"inner"}},"wdio_ui5_key":"etmportal.ui.manageyards.view.Newsap.m.Input{\"path\":\"\",\"propertyPath\":\"/DELIVERY_TYPE\",\"modelName\":\"NewYardModel\"}"}]}
RESULT: undefined
COMMAND: POST /session/638b8c348501295d6d2539f1a905cf1c/execute/async - {"script":"<script> [776 bytes]","args":[{"enterText":"ZL01","selector":{"controlType":"sap.m.Input","viewName":"etm.portal.ui.manageyards.view.New","viewId":"application-manageyards-display-component---NewYard","bindingPath":{"path":"","propertyPath":"/DELIVERY_TYPE","modelName":"NewYardModel"},"interaction":{"idSuffix":"inner"}},"clearTextFirst":true,"interactionType":"ENTER_TEXT"}]}
RESULT: {"script":"<script> [776 bytes]","args":[{"enterText":"ZL01","selector":{"controlType":"sap.m.Input","viewName":"etm.portal.ui.manageyards.view.New","viewId":"application-manageyards-display-component---NewYard","bindingPath":{"path":"","propertyPath":"/DELIVERY_TYPE","modelName":"NewYardModel"},"interaction":{"idSuffix":"inner"}},"clearTextFirst":true,"interactionType":"ENTER_TEXT"}]}
COMMAND: POST /session/638b8c348501295d6d2539f1a905cf1c/execute/async - {"script":"<script> [1562 bytes]","args":[{"selector":{"controlType":"sap.m.Input","viewName":"etm.portal.ui.manageyards.view.New","viewId":"application-manageyards-display-component---NewYard","bindingPath":{"path":"","propertyPath":"/AUART","modelName":"NewYardModel"},"interaction":{"idSuffix":"inner"}},"wdio_ui5_key":"etmportal.ui.manageyards.view.Newsap.m.Input{\"path\":\"\",\"propertyPath\":\"/AUART\",\"modelName\":\"NewYardModel\"}"}]}
RESULT: {"script":"<script> [1562 bytes]","args":[{"selector":{"controlType":"sap.m.Input","viewName":"etm.portal.ui.manageyards.view.New","viewId":"application-manageyards-display-component---NewYard","bindingPath":{"path":"","propertyPath":"/AUART","modelName":"NewYardModel"},"interaction":{"idSuffix":"inner"}},"wdio_ui5_key":"etmportal.ui.manageyards.view.Newsap.m.Input{\"path\":\"\",\"propertyPath\":\"/AUART\",\"modelName\":\"NewYardModel\"}"}]}
RESULT: undefined
COMMAND: POST /session/638b8c348501295d6d2539f1a905cf1c/execute/async - {"script":"<script> [776 bytes]","args":[{"enterText":"TA","selector":{"controlType":"sap.m.Input","viewName":"etm.portal.ui.manageyards.view.New","viewId":"application-manageyards-display-component---NewYard","bindingPath":{"path":"","propertyPath":"/AUART","modelName":"NewYardModel"},"interaction":{"idSuffix":"inner"}},"clearTextFirst":true,"interactionType":"ENTER_TEXT"}]}
RESULT: {"script":"<script> [776 bytes]","args":[{"enterText":"TA","selector":{"controlType":"sap.m.Input","viewName":"etm.portal.ui.manageyards.view.New","viewId":"application-manageyards-display-component---NewYard","bindingPath":{"path":"","propertyPath":"/AUART","modelName":"NewYardModel"},"interaction":{"idSuffix":"inner"}},"clearTextFirst":true,"interactionType":"ENTER_TEXT"}]}
COMMAND: POST /session/638b8c348501295d6d2539f1a905cf1c/element - {"using":"xpath","value":"//button[@data-kt=\"newYardSaveButton\"]"}
RESULT: {"using":"xpath","value":"//button[@data-kt=\"newYardSaveButton\"]"}
COMMAND: POST /session/638b8c348501295d6d2539f1a905cf1c/element/f.AA659E0CE08D0C76D21A3A5289A8AF5F.d.E25709F63E81B8FEC25FF31EDCB88C4F.e.6713/click - {}
RESULT: {}
COMMAND: GET /session/638b8c348501295d6d2539f1a905cf1c/screenshot - {}
RESULT: {}
COMMAND: POST /session/638b8c348501295d6d2539f1a905cf1c/element - {"using":"xpath","value":"//header[contains(@id, 'ObjectPageLayout-headerTitle')]/div[1]/div[2]/div[1]/span[1]"}
RESULT: {"using":"xpath","value":"//header[contains(@id, 'ObjectPageLayout-headerTitle')]/div[1]/div[2]/div[1]/span[1]"}
COMMAND: POST /session/638b8c348501295d6d2539f1a905cf1c/elements - {"using":"xpath","value":"//header[contains(@id, 'ObjectPageLayout-headerTitle')]/div[1]/div[2]/div[1]/span[1]"}
RESULT: {"using":"xpath","value":"//header[contains(@id, 'ObjectPageLayout-headerTitle')]/div[1]/div[2]/div[1]/span[1]"}
COMMAND: POST /session/638b8c348501295d6d2539f1a905cf1c/execute/sync - {"script":"<script> [56 bytes]","args":[{"element-6066-11e4-a52e-4f735466cecf":"f.AA659E0CE08D0C76D21A3A5289A8AF5F.d.E25709F63E81B8FEC25FF31EDCB88C4F.e.6967","ELEMENT":"f.AA659E0CE08D0C76D21A3A5289A8AF5F.d.E25709F63E81B8FEC25FF31EDCB88C4F.e.6967"}]}
RESULT: {"script":"<script> [56 bytes]","args":[{"element-6066-11e4-a52e-4f735466cecf":"f.AA659E0CE08D0C76D21A3A5289A8AF5F.d.E25709F63E81B8FEC25FF31EDCB88C4F.e.6967","ELEMENT":"f.AA659E0CE08D0C76D21A3A5289A8AF5F.d.E25709F63E81B8FEC25FF31EDCB88C4F.e.6967"}]}
COMMAND: GET /session/638b8c348501295d6d2539f1a905cf1c/screenshot - {}
RESULT: {}
COMMAND: POST /session/638b8c348501295d6d2539f1a905cf1c/element - {"using":"css selector","value":"#shell-header-logo"}
RESULT: {"using":"css selector","value":"#shell-header-logo"}
COMMAND: POST /session/638b8c348501295d6d2539f1a905cf1c/element/f.AA659E0CE08D0C76D21A3A5289A8AF5F.d.E25709F63E81B8FEC25FF31EDCB88C4F.e.6252/click - {}
RESULT: {}
COMMAND: GET /session/638b8c348501295d6d2539f1a905cf1c/screenshot - {}
RESULT: {}
COMMAND: POST /session/638b8c348501295d6d2539f1a905cf1c/execute/sync - {"script":"<script> [299 bytes]","args":[["getModel","getResource"]]}
RESULT: {"script":"<script> [299 bytes]","args":[["getModel","getResource"]]}
COMMAND: GET /session/638b8c348501295d6d2539f1a905cf1c/screenshot - {}
]]></system-out>
    </testcase>
    <testcase classname="chrome.135_0_7049_96.windows.Create_master_data_for_mixed_billing_&amp;_do_billing_calculation_US151661" name="Should create a new partner" time="132.021">
      <system-out><![CDATA[
COMMAND: POST /session/638b8c348501295d6d2539f1a905cf1c/window/fullscreen - {}
RESULT: {}
RESULT: {}
COMMAND: POST /session/638b8c348501295d6d2539f1a905cf1c/execute/async - {"script":"<script> [1562 bytes]","args":[{"selector":{"controlType":"sap.m.GenericTile","properties":{"header":"Manage Partners"}},"wdio_ui5_key":"sapm.GenericTile{\"header\":\"Manage Partners\"}"}]}
RESULT: {"script":"<script> [1562 bytes]","args":[{"selector":{"controlType":"sap.m.GenericTile","properties":{"header":"Manage Partners"}},"wdio_ui5_key":"sapm.GenericTile{\"header\":\"Manage Partners\"}"}]}
RESULT: undefined
COMMAND: POST /session/638b8c348501295d6d2539f1a905cf1c/element - {"using":"xpath","value":"//*[@id=\"__tile38\"]"}
RESULT: {"using":"xpath","value":"//*[@id=\"__tile38\"]"}
COMMAND: POST /session/638b8c348501295d6d2539f1a905cf1c/element/f.AA659E0CE08D0C76D21A3A5289A8AF5F.d.E25709F63E81B8FEC25FF31EDCB88C4F.e.6150/click - {}
RESULT: {}
COMMAND: POST /session/638b8c348501295d6d2539f1a905cf1c/element - {"using":"xpath","value":"//button[@data-kt=\"addButton\"]"}
COMMAND: GET /session/638b8c348501295d6d2539f1a905cf1c/screenshot - {}
RESULT: {"using":"xpath","value":"//button[@data-kt=\"addButton\"]"}
COMMAND: POST /session/638b8c348501295d6d2539f1a905cf1c/elements - {"using":"xpath","value":"//button[@data-kt=\"addButton\"]"}
RESULT: {}
RESULT: {"using":"xpath","value":"//button[@data-kt=\"addButton\"]"}
COMMAND: POST /session/638b8c348501295d6d2539f1a905cf1c/elements - {"using":"xpath","value":"//button[@data-kt=\"addButton\"]"}
RESULT: {"using":"xpath","value":"//button[@data-kt=\"addButton\"]"}
COMMAND: POST /session/638b8c348501295d6d2539f1a905cf1c/elements - {"using":"xpath","value":"//button[@data-kt=\"addButton\"]"}
RESULT: {"using":"xpath","value":"//button[@data-kt=\"addButton\"]"}
COMMAND: POST /session/638b8c348501295d6d2539f1a905cf1c/elements - {"using":"xpath","value":"//button[@data-kt=\"addButton\"]"}
RESULT: {"using":"xpath","value":"//button[@data-kt=\"addButton\"]"}
COMMAND: POST /session/638b8c348501295d6d2539f1a905cf1c/elements - {"using":"xpath","value":"//button[@data-kt=\"addButton\"]"}
RESULT: {"using":"xpath","value":"//button[@data-kt=\"addButton\"]"}
COMMAND: POST /session/638b8c348501295d6d2539f1a905cf1c/elements - {"using":"xpath","value":"//button[@data-kt=\"addButton\"]"}
RESULT: {"using":"xpath","value":"//button[@data-kt=\"addButton\"]"}
COMMAND: POST /session/638b8c348501295d6d2539f1a905cf1c/elements - {"using":"xpath","value":"//button[@data-kt=\"addButton\"]"}
RESULT: {"using":"xpath","value":"//button[@data-kt=\"addButton\"]"}
COMMAND: POST /session/638b8c348501295d6d2539f1a905cf1c/elements - {"using":"xpath","value":"//button[@data-kt=\"addButton\"]"}
RESULT: {"using":"xpath","value":"//button[@data-kt=\"addButton\"]"}
COMMAND: POST /session/638b8c348501295d6d2539f1a905cf1c/elements - {"using":"xpath","value":"//button[@data-kt=\"addButton\"]"}
RESULT: {"using":"xpath","value":"//button[@data-kt=\"addButton\"]"}
COMMAND: POST /session/638b8c348501295d6d2539f1a905cf1c/elements - {"using":"xpath","value":"//button[@data-kt=\"addButton\"]"}
RESULT: {"using":"xpath","value":"//button[@data-kt=\"addButton\"]"}
COMMAND: POST /session/638b8c348501295d6d2539f1a905cf1c/elements - {"using":"xpath","value":"//button[@data-kt=\"addButton\"]"}
RESULT: {"using":"xpath","value":"//button[@data-kt=\"addButton\"]"}
COMMAND: POST /session/638b8c348501295d6d2539f1a905cf1c/elements - {"using":"xpath","value":"//button[@data-kt=\"addButton\"]"}
RESULT: {"using":"xpath","value":"//button[@data-kt=\"addButton\"]"}
COMMAND: POST /session/638b8c348501295d6d2539f1a905cf1c/elements - {"using":"xpath","value":"//button[@data-kt=\"addButton\"]"}
RESULT: {"using":"xpath","value":"//button[@data-kt=\"addButton\"]"}
COMMAND: POST /session/638b8c348501295d6d2539f1a905cf1c/elements - {"using":"xpath","value":"//button[@data-kt=\"addButton\"]"}
RESULT: {"using":"xpath","value":"//button[@data-kt=\"addButton\"]"}
COMMAND: POST /session/638b8c348501295d6d2539f1a905cf1c/elements - {"using":"xpath","value":"//button[@data-kt=\"addButton\"]"}
RESULT: {"using":"xpath","value":"//button[@data-kt=\"addButton\"]"}
COMMAND: POST /session/638b8c348501295d6d2539f1a905cf1c/element - {"using":"xpath","value":"//button[@data-kt=\"addButton\"]"}
RESULT: {"using":"xpath","value":"//button[@data-kt=\"addButton\"]"}
COMMAND: POST /session/638b8c348501295d6d2539f1a905cf1c/execute/sync - {"script":"<script> [8489 bytes]","args":[{"element-6066-11e4-a52e-4f735466cecf":"f.AA659E0CE08D0C76D21A3A5289A8AF5F.d.E25709F63E81B8FEC25FF31EDCB88C4F.e.7020","ELEMENT":"f.AA659E0CE08D0C76D21A3A5289A8AF5F.d.E25709F63E81B8FEC25FF31EDCB88C4F.e.7020"}]}
RESULT: {"script":"<script> [8489 bytes]","args":[{"element-6066-11e4-a52e-4f735466cecf":"f.AA659E0CE08D0C76D21A3A5289A8AF5F.d.E25709F63E81B8FEC25FF31EDCB88C4F.e.7020","ELEMENT":"f.AA659E0CE08D0C76D21A3A5289A8AF5F.d.E25709F63E81B8FEC25FF31EDCB88C4F.e.7020"}]}
COMMAND: GET /session/638b8c348501295d6d2539f1a905cf1c/element/f.AA659E0CE08D0C76D21A3A5289A8AF5F.d.E25709F63E81B8FEC25FF31EDCB88C4F.e.7020/enabled - {}
COMMAND: GET /session/638b8c348501295d6d2539f1a905cf1c/screenshot - {}
RESULT: {}
COMMAND: POST /session/638b8c348501295d6d2539f1a905cf1c/execute/sync - {"script":"<script> [8489 bytes]","args":[{"element-6066-11e4-a52e-4f735466cecf":"f.AA659E0CE08D0C76D21A3A5289A8AF5F.d.E25709F63E81B8FEC25FF31EDCB88C4F.e.7020","ELEMENT":"f.AA659E0CE08D0C76D21A3A5289A8AF5F.d.E25709F63E81B8FEC25FF31EDCB88C4F.e.7020"}]}
COMMAND: GET /session/638b8c348501295d6d2539f1a905cf1c/screenshot - {}
RESULT: {}
RESULT: {"script":"<script> [8489 bytes]","args":[{"element-6066-11e4-a52e-4f735466cecf":"f.AA659E0CE08D0C76D21A3A5289A8AF5F.d.E25709F63E81B8FEC25FF31EDCB88C4F.e.7020","ELEMENT":"f.AA659E0CE08D0C76D21A3A5289A8AF5F.d.E25709F63E81B8FEC25FF31EDCB88C4F.e.7020"}]}
COMMAND: POST /session/638b8c348501295d6d2539f1a905cf1c/execute/sync - {"script":"<script> [5351 bytes]","args":[{"element-6066-11e4-a52e-4f735466cecf":"f.AA659E0CE08D0C76D21A3A5289A8AF5F.d.E25709F63E81B8FEC25FF31EDCB88C4F.e.7020","ELEMENT":"f.AA659E0CE08D0C76D21A3A5289A8AF5F.d.E25709F63E81B8FEC25FF31EDCB88C4F.e.7020"}]}
COMMAND: GET /session/638b8c348501295d6d2539f1a905cf1c/screenshot - {}
RESULT: {}
RESULT: {"script":"<script> [5351 bytes]","args":[{"element-6066-11e4-a52e-4f735466cecf":"f.AA659E0CE08D0C76D21A3A5289A8AF5F.d.E25709F63E81B8FEC25FF31EDCB88C4F.e.7020","ELEMENT":"f.AA659E0CE08D0C76D21A3A5289A8AF5F.d.E25709F63E81B8FEC25FF31EDCB88C4F.e.7020"}]}
COMMAND: POST /session/638b8c348501295d6d2539f1a905cf1c/element/f.AA659E0CE08D0C76D21A3A5289A8AF5F.d.E25709F63E81B8FEC25FF31EDCB88C4F.e.7020/click - {}
COMMAND: GET /session/638b8c348501295d6d2539f1a905cf1c/screenshot - {}
RESULT: {}
RESULT: {}
COMMAND: GET /session/638b8c348501295d6d2539f1a905cf1c/screenshot - {}
COMMAND: POST /session/638b8c348501295d6d2539f1a905cf1c/execute/async - {"script":"<script> [1562 bytes]","args":[{"selector":{"id":"application-managepartners-display-component---NewPartner--addressDetailDetailsName1","interaction":{"idSuffix":"inner"}},"wdio_ui5_key":"applicationmanagepartners-display-component---NewPartner--addressDetailDetailsName1"}]}
RESULT: {}
RESULT: {}
RESULT: {"script":"<script> [1562 bytes]","args":[{"selector":{"id":"application-managepartners-display-component---NewPartner--addressDetailDetailsName1","interaction":{"idSuffix":"inner"}},"wdio_ui5_key":"applicationmanagepartners-display-component---NewPartner--addressDetailDetailsName1"}]}
RESULT: undefined
COMMAND: POST /session/638b8c348501295d6d2539f1a905cf1c/execute/async - {"script":"<script> [776 bytes]","args":[{"enterText":"Intercompany Partner WDIO","selector":{"id":"application-managepartners-display-component---NewPartner--addressDetailDetailsName1","interaction":{"idSuffix":"inner"}},"clearTextFirst":true,"interactionType":"ENTER_TEXT"}]}
RESULT: {"script":"<script> [776 bytes]","args":[{"enterText":"Intercompany Partner WDIO","selector":{"id":"application-managepartners-display-component---NewPartner--addressDetailDetailsName1","interaction":{"idSuffix":"inner"}},"clearTextFirst":true,"interactionType":"ENTER_TEXT"}]}
COMMAND: POST /session/638b8c348501295d6d2539f1a905cf1c/execute/async - {"script":"<script> [1562 bytes]","args":[{"selector":{"id":"application-managepartners-display-component---NewPartner--addressDetailDetailsLanguage-arrow"},"wdio_ui5_key":"applicationmanagepartners-display-component---NewPartner--addressDetailDetailsLanguage-arrow"}]}
RESULT: {"script":"<script> [1562 bytes]","args":[{"selector":{"id":"application-managepartners-display-component---NewPartner--addressDetailDetailsLanguage-arrow"},"wdio_ui5_key":"applicationmanagepartners-display-component---NewPartner--addressDetailDetailsLanguage-arrow"}]}
RESULT: undefined
COMMAND: POST /session/638b8c348501295d6d2539f1a905cf1c/element - {"using":"xpath","value":"//*[@id=\"application-managepartners-display-component---NewPartner--addressDetailDetailsLanguage-arrow\"]"}
RESULT: {"using":"xpath","value":"//*[@id=\"application-managepartners-display-component---NewPartner--addressDetailDetailsLanguage-arrow\"]"}
COMMAND: POST /session/638b8c348501295d6d2539f1a905cf1c/element/f.AA659E0CE08D0C76D21A3A5289A8AF5F.d.E25709F63E81B8FEC25FF31EDCB88C4F.e.7452/click - {}
RESULT: {}
COMMAND: POST /session/638b8c348501295d6d2539f1a905cf1c/element - {"using":"xpath","value":"//span[contains(text(), \"English\")]"}
COMMAND: GET /session/638b8c348501295d6d2539f1a905cf1c/screenshot - {}
RESULT: {"using":"xpath","value":"//span[contains(text(), \"English\")]"}
COMMAND: POST /session/638b8c348501295d6d2539f1a905cf1c/element/f.AA659E0CE08D0C76D21A3A5289A8AF5F.d.E25709F63E81B8FEC25FF31EDCB88C4F.e.7453/click - {}
RESULT: {}
RESULT: {}
COMMAND: GET /session/638b8c348501295d6d2539f1a905cf1c/screenshot - {}
RESULT: {}
COMMAND: POST /session/638b8c348501295d6d2539f1a905cf1c/execute/async - {"script":"<script> [1562 bytes]","args":[{"selector":{"id":"application-managepartners-display-component---NewPartner--addressDetailDetailsCity1","interaction":{"idSuffix":"inner"}},"wdio_ui5_key":"applicationmanagepartners-display-component---NewPartner--addressDetailDetailsCity1"}]}
RESULT: {"script":"<script> [1562 bytes]","args":[{"selector":{"id":"application-managepartners-display-component---NewPartner--addressDetailDetailsCity1","interaction":{"idSuffix":"inner"}},"wdio_ui5_key":"applicationmanagepartners-display-component---NewPartner--addressDetailDetailsCity1"}]}
RESULT: undefined
COMMAND: POST /session/638b8c348501295d6d2539f1a905cf1c/execute/async - {"script":"<script> [776 bytes]","args":[{"enterText":"Rosario","selector":{"id":"application-managepartners-display-component---NewPartner--addressDetailDetailsCity1","interaction":{"idSuffix":"inner"}},"clearTextFirst":true,"interactionType":"ENTER_TEXT"}]}
RESULT: {"script":"<script> [776 bytes]","args":[{"enterText":"Rosario","selector":{"id":"application-managepartners-display-component---NewPartner--addressDetailDetailsCity1","interaction":{"idSuffix":"inner"}},"clearTextFirst":true,"interactionType":"ENTER_TEXT"}]}
COMMAND: POST /session/638b8c348501295d6d2539f1a905cf1c/execute/async - {"script":"<script> [1562 bytes]","args":[{"selector":{"id":"application-managepartners-display-component---NewPartner--addressDetailDetailsCountry-arrow"},"wdio_ui5_key":"applicationmanagepartners-display-component---NewPartner--addressDetailDetailsCountry-arrow"}]}
RESULT: {"script":"<script> [1562 bytes]","args":[{"selector":{"id":"application-managepartners-display-component---NewPartner--addressDetailDetailsCountry-arrow"},"wdio_ui5_key":"applicationmanagepartners-display-component---NewPartner--addressDetailDetailsCountry-arrow"}]}
RESULT: undefined
COMMAND: POST /session/638b8c348501295d6d2539f1a905cf1c/element - {"using":"xpath","value":"//*[@id=\"application-managepartners-display-component---NewPartner--addressDetailDetailsCountry-arrow\"]"}
RESULT: {"using":"xpath","value":"//*[@id=\"application-managepartners-display-component---NewPartner--addressDetailDetailsCountry-arrow\"]"}
COMMAND: POST /session/638b8c348501295d6d2539f1a905cf1c/element/f.AA659E0CE08D0C76D21A3A5289A8AF5F.d.E25709F63E81B8FEC25FF31EDCB88C4F.e.7408/click - {}
RESULT: {}
COMMAND: POST /session/638b8c348501295d6d2539f1a905cf1c/element - {"using":"xpath","value":"//span[contains(text(), \"Argentina\")]"}
COMMAND: GET /session/638b8c348501295d6d2539f1a905cf1c/screenshot - {}
RESULT: {"using":"xpath","value":"//span[contains(text(), \"Argentina\")]"}
COMMAND: POST /session/638b8c348501295d6d2539f1a905cf1c/element/f.AA659E0CE08D0C76D21A3A5289A8AF5F.d.E25709F63E81B8FEC25FF31EDCB88C4F.e.7455/click - {}
RESULT: {}
RESULT: {}
COMMAND: GET /session/638b8c348501295d6d2539f1a905cf1c/screenshot - {}
RESULT: {}
COMMAND: POST /session/638b8c348501295d6d2539f1a905cf1c/element - {"using":"xpath","value":"//bdi[contains(text(), \"Commercial\")]"}
RESULT: {"using":"xpath","value":"//bdi[contains(text(), \"Commercial\")]"}
COMMAND: POST /session/638b8c348501295d6d2539f1a905cf1c/element/f.AA659E0CE08D0C76D21A3A5289A8AF5F.d.E25709F63E81B8FEC25FF31EDCB88C4F.e.7456/click - {}
RESULT: {}
COMMAND: GET /session/638b8c348501295d6d2539f1a905cf1c/screenshot - {}
RESULT: {}
COMMAND: POST /session/638b8c348501295d6d2539f1a905cf1c/execute/async - {"script":"<script> [1562 bytes]","args":[{"selector":{"id":"application-managepartners-display-component---NewPartner--partnerDetailInternal-arrow"},"wdio_ui5_key":"applicationmanagepartners-display-component---NewPartner--partnerDetailInternal-arrow"}]}
RESULT: {"script":"<script> [1562 bytes]","args":[{"selector":{"id":"application-managepartners-display-component---NewPartner--partnerDetailInternal-arrow"},"wdio_ui5_key":"applicationmanagepartners-display-component---NewPartner--partnerDetailInternal-arrow"}]}
RESULT: undefined
COMMAND: POST /session/638b8c348501295d6d2539f1a905cf1c/element - {"using":"xpath","value":"//*[@id=\"application-managepartners-display-component---NewPartner--partnerDetailInternal-arrow\"]"}
RESULT: {"using":"xpath","value":"//*[@id=\"application-managepartners-display-component---NewPartner--partnerDetailInternal-arrow\"]"}
COMMAND: POST /session/638b8c348501295d6d2539f1a905cf1c/element/f.AA659E0CE08D0C76D21A3A5289A8AF5F.d.E25709F63E81B8FEC25FF31EDCB88C4F.e.7462/click - {}
RESULT: {}
COMMAND: POST /session/638b8c348501295d6d2539f1a905cf1c/element - {"using":"xpath","value":"//span[contains(text(), \"Affiliated company\")]"}
COMMAND: GET /session/638b8c348501295d6d2539f1a905cf1c/screenshot - {}
RESULT: {"using":"xpath","value":"//span[contains(text(), \"Affiliated company\")]"}
COMMAND: POST /session/638b8c348501295d6d2539f1a905cf1c/element/f.AA659E0CE08D0C76D21A3A5289A8AF5F.d.E25709F63E81B8FEC25FF31EDCB88C4F.e.7463/click - {}
RESULT: {}
RESULT: {}
COMMAND: POST /session/638b8c348501295d6d2539f1a905cf1c/execute/async - {"script":"<script> [1562 bytes]","args":[{"selector":{"id":"application-managepartners-display-component---NewPartner--partnerDetailsCurrency-arrow"},"wdio_ui5_key":"applicationmanagepartners-display-component---NewPartner--partnerDetailsCurrency-arrow"}]}
COMMAND: GET /session/638b8c348501295d6d2539f1a905cf1c/screenshot - {}
RESULT: {"script":"<script> [1562 bytes]","args":[{"selector":{"id":"application-managepartners-display-component---NewPartner--partnerDetailsCurrency-arrow"},"wdio_ui5_key":"applicationmanagepartners-display-component---NewPartner--partnerDetailsCurrency-arrow"}]}
RESULT: undefined
COMMAND: POST /session/638b8c348501295d6d2539f1a905cf1c/element - {"using":"xpath","value":"//*[@id=\"application-managepartners-display-component---NewPartner--partnerDetailsCurrency-arrow\"]"}
RESULT: {}
RESULT: {"using":"xpath","value":"//*[@id=\"application-managepartners-display-component---NewPartner--partnerDetailsCurrency-arrow\"]"}
COMMAND: POST /session/638b8c348501295d6d2539f1a905cf1c/element/f.AA659E0CE08D0C76D21A3A5289A8AF5F.d.E25709F63E81B8FEC25FF31EDCB88C4F.e.7470/click - {}
RESULT: {}
COMMAND: POST /session/638b8c348501295d6d2539f1a905cf1c/element - {"using":"xpath","value":"//span[contains(text(), \"Euro\")]"}
COMMAND: GET /session/638b8c348501295d6d2539f1a905cf1c/screenshot - {}
RESULT: {"using":"xpath","value":"//span[contains(text(), \"Euro\")]"}
COMMAND: POST /session/638b8c348501295d6d2539f1a905cf1c/element/f.AA659E0CE08D0C76D21A3A5289A8AF5F.d.E25709F63E81B8FEC25FF31EDCB88C4F.e.7471/click - {}
RESULT: {}
RESULT: {}
COMMAND: POST /session/638b8c348501295d6d2539f1a905cf1c/execute/async - {"script":"<script> [1562 bytes]","args":[{"selector":{"id":"application-managepartners-display-component---NewPartner--addressEditDetailsCostObjectCstType-arrow"},"wdio_ui5_key":"applicationmanagepartners-display-component---NewPartner--addressEditDetailsCostObjectCstType-arrow"}]}
COMMAND: GET /session/638b8c348501295d6d2539f1a905cf1c/screenshot - {}
RESULT: {"script":"<script> [1562 bytes]","args":[{"selector":{"id":"application-managepartners-display-component---NewPartner--addressEditDetailsCostObjectCstType-arrow"},"wdio_ui5_key":"applicationmanagepartners-display-component---NewPartner--addressEditDetailsCostObjectCstType-arrow"}]}
RESULT: undefined
COMMAND: POST /session/638b8c348501295d6d2539f1a905cf1c/element - {"using":"xpath","value":"//*[@id=\"application-managepartners-display-component---NewPartner--addressEditDetailsCostObjectCstType-arrow\"]"}
RESULT: {}
RESULT: {"using":"xpath","value":"//*[@id=\"application-managepartners-display-component---NewPartner--addressEditDetailsCostObjectCstType-arrow\"]"}
COMMAND: POST /session/638b8c348501295d6d2539f1a905cf1c/element/f.AA659E0CE08D0C76D21A3A5289A8AF5F.d.E25709F63E81B8FEC25FF31EDCB88C4F.e.7472/click - {}
RESULT: {}
COMMAND: POST /session/638b8c348501295d6d2539f1a905cf1c/element - {"using":"xpath","value":"//span[contains(text(), \"Cost Center\")]"}
COMMAND: GET /session/638b8c348501295d6d2539f1a905cf1c/screenshot - {}
RESULT: {"using":"xpath","value":"//span[contains(text(), \"Cost Center\")]"}
COMMAND: POST /session/638b8c348501295d6d2539f1a905cf1c/element/f.AA659E0CE08D0C76D21A3A5289A8AF5F.d.E25709F63E81B8FEC25FF31EDCB88C4F.e.7473/click - {}
RESULT: {}
RESULT: {}
COMMAND: GET /session/638b8c348501295d6d2539f1a905cf1c/screenshot - {}
RESULT: {}
COMMAND: POST /session/638b8c348501295d6d2539f1a905cf1c/element - {"using":"xpath","value":"//span[@id=\"application-managepartners-display-component---NewPartner--addressNewCostObjectCstID-vhi\"]"}
RESULT: {"using":"xpath","value":"//span[@id=\"application-managepartners-display-component---NewPartner--addressNewCostObjectCstID-vhi\"]"}
COMMAND: POST /session/638b8c348501295d6d2539f1a905cf1c/execute/sync - {"script":"<script> [8489 bytes]","args":[{"element-6066-11e4-a52e-4f735466cecf":"f.AA659E0CE08D0C76D21A3A5289A8AF5F.d.E25709F63E81B8FEC25FF31EDCB88C4F.e.7477","ELEMENT":"f.AA659E0CE08D0C76D21A3A5289A8AF5F.d.E25709F63E81B8FEC25FF31EDCB88C4F.e.7477"}]}
RESULT: {"script":"<script> [8489 bytes]","args":[{"element-6066-11e4-a52e-4f735466cecf":"f.AA659E0CE08D0C76D21A3A5289A8AF5F.d.E25709F63E81B8FEC25FF31EDCB88C4F.e.7477","ELEMENT":"f.AA659E0CE08D0C76D21A3A5289A8AF5F.d.E25709F63E81B8FEC25FF31EDCB88C4F.e.7477"}]}
COMMAND: POST /session/638b8c348501295d6d2539f1a905cf1c/execute/async - {"script":"<script> [1562 bytes]","args":[{"selector":{"id":"application-managepartners-display-component---NewPartner--addressNewCostObjectCstID-vhi"},"wdio_ui5_key":"applicationmanagepartners-display-component---NewPartner--addressNewCostObjectCstID-vhi"}]}
COMMAND: GET /session/638b8c348501295d6d2539f1a905cf1c/screenshot - {}
RESULT: {"script":"<script> [1562 bytes]","args":[{"selector":{"id":"application-managepartners-display-component---NewPartner--addressNewCostObjectCstID-vhi"},"wdio_ui5_key":"applicationmanagepartners-display-component---NewPartner--addressNewCostObjectCstID-vhi"}]}
RESULT: undefined
COMMAND: POST /session/638b8c348501295d6d2539f1a905cf1c/element - {"using":"xpath","value":"//*[@id=\"application-managepartners-display-component---NewPartner--addressNewCostObjectCstID-vhi\"]"}
RESULT: {}
RESULT: {"using":"xpath","value":"//*[@id=\"application-managepartners-display-component---NewPartner--addressNewCostObjectCstID-vhi\"]"}
COMMAND: POST /session/638b8c348501295d6d2539f1a905cf1c/element/f.AA659E0CE08D0C76D21A3A5289A8AF5F.d.E25709F63E81B8FEC25FF31EDCB88C4F.e.7477/click - {}
RESULT: {}
COMMAND: GET /session/638b8c348501295d6d2539f1a905cf1c/screenshot - {}
RESULT: {}
RESULT: undefined
COMMAND: POST /session/638b8c348501295d6d2539f1a905cf1c/execute/async - {"script":"<script> [776 bytes]","args":[{"enterText":"10001013","selector":{"controlType":"sap.m.SearchField","properties":{"placeholder":"Search"},"searchOpenDialogs":true,"interaction":{"idSuffix":"I"}},"clearTextFirst":true,"interactionType":"ENTER_TEXT"}]}
RESULT: {"script":"<script> [776 bytes]","args":[{"enterText":"10001013","selector":{"controlType":"sap.m.SearchField","properties":{"placeholder":"Search"},"searchOpenDialogs":true,"interaction":{"idSuffix":"I"}},"clearTextFirst":true,"interactionType":"ENTER_TEXT"}]}
COMMAND: POST /session/638b8c348501295d6d2539f1a905cf1c/actions - {"actions":[{"id":"action21","type":"key","parameters":{},"actions":[{"type":"keyDown","value":"î€‡"},{"type":"pause","duration":10},{"type":"keyUp","value":"î€‡"}]}]}
RESULT: {"actions":[{"id":"action21","type":"key","parameters":{},"actions":[{"type":"keyDown","value":"î€‡"},{"type":"pause","duration":10},{"type":"keyUp","value":"î€‡"}]}]}
COMMAND: GET /session/638b8c348501295d6d2539f1a905cf1c/screenshot - {}
RESULT: {}
COMMAND: POST /session/638b8c348501295d6d2539f1a905cf1c/element - {"using":"xpath","value":"//span[contains(text(), \"General Management\")]"}
RESULT: {"using":"xpath","value":"//span[contains(text(), \"General Management\")]"}
COMMAND: POST /session/638b8c348501295d6d2539f1a905cf1c/element/f.AA659E0CE08D0C76D21A3A5289A8AF5F.d.E25709F63E81B8FEC25FF31EDCB88C4F.e.7483/click - {}
RESULT: {}
COMMAND: GET /session/638b8c348501295d6d2539f1a905cf1c/screenshot - {}
RESULT: {}
COMMAND: POST /session/638b8c348501295d6d2539f1a905cf1c/element - {"using":"xpath","value":"//bdi[contains(text(), \"OK\")]"}
RESULT: {"using":"xpath","value":"//bdi[contains(text(), \"OK\")]"}
COMMAND: POST /session/638b8c348501295d6d2539f1a905cf1c/element/f.AA659E0CE08D0C76D21A3A5289A8AF5F.d.E25709F63E81B8FEC25FF31EDCB88C4F.e.7485/click - {}
RESULT: {}
COMMAND: GET /session/638b8c348501295d6d2539f1a905cf1c/screenshot - {}
RESULT: {}
COMMAND: POST /session/638b8c348501295d6d2539f1a905cf1c/element - {"using":"xpath","value":"//input[@id=\"application-managepartners-display-component---NewPartner--companyCodeComboBox-inner\"]"}
RESULT: {"using":"xpath","value":"//input[@id=\"application-managepartners-display-component---NewPartner--companyCodeComboBox-inner\"]"}
COMMAND: POST /session/638b8c348501295d6d2539f1a905cf1c/element/f.AA659E0CE08D0C76D21A3A5289A8AF5F.d.E25709F63E81B8FEC25FF31EDCB88C4F.e.7322/clear - {}
RESULT: {}
COMMAND: POST /session/638b8c348501295d6d2539f1a905cf1c/element/f.AA659E0CE08D0C76D21A3A5289A8AF5F.d.E25709F63E81B8FEC25FF31EDCB88C4F.e.7322/value - {"text":"C002"}
COMMAND: GET /session/638b8c348501295d6d2539f1a905cf1c/screenshot - {}
RESULT: {"text":"C002"}
COMMAND: GET /session/638b8c348501295d6d2539f1a905cf1c/screenshot - {}
RESULT: {}
RESULT: {}
COMMAND: POST /session/638b8c348501295d6d2539f1a905cf1c/element - {"using":"xpath","value":"//span[contains(text(), \"C002\")]"}
RESULT: {"using":"xpath","value":"//span[contains(text(), \"C002\")]"}
COMMAND: POST /session/638b8c348501295d6d2539f1a905cf1c/element/f.AA659E0CE08D0C76D21A3A5289A8AF5F.d.E25709F63E81B8FEC25FF31EDCB88C4F.e.7491/click - {}
RESULT: {}
COMMAND: GET /session/638b8c348501295d6d2539f1a905cf1c/screenshot - {}
RESULT: {}
COMMAND: POST /session/638b8c348501295d6d2539f1a905cf1c/execute/async - {"script":"<script> [1562 bytes]","args":[{"selector":{"id":"application-managepartners-display-component---NewPartner--btnAddTableRow-img"},"wdio_ui5_key":"applicationmanagepartners-display-component---NewPartner--btnAddTableRow-img"}]}
RESULT: {"script":"<script> [1562 bytes]","args":[{"selector":{"id":"application-managepartners-display-component---NewPartner--btnAddTableRow-img"},"wdio_ui5_key":"applicationmanagepartners-display-component---NewPartner--btnAddTableRow-img"}]}
RESULT: undefined
COMMAND: POST /session/638b8c348501295d6d2539f1a905cf1c/element - {"using":"xpath","value":"//*[@id=\"application-managepartners-display-component---NewPartner--btnAddTableRow-img\"]"}
RESULT: {"using":"xpath","value":"//*[@id=\"application-managepartners-display-component---NewPartner--btnAddTableRow-img\"]"}
COMMAND: POST /session/638b8c348501295d6d2539f1a905cf1c/element/f.AA659E0CE08D0C76D21A3A5289A8AF5F.d.E25709F63E81B8FEC25FF31EDCB88C4F.e.7492/click - {}
RESULT: {}
COMMAND: GET /session/638b8c348501295d6d2539f1a905cf1c/screenshot - {}
RESULT: {}
COMMAND: POST /session/638b8c348501295d6d2539f1a905cf1c/element - {"using":"xpath","value":"//input[@id=\"application-managepartners-display-component---NewPartner--assignmentYard-application-managepartners-display-component---NewPartner--assignmentsTable-0-inner\"]"}
RESULT: {"using":"xpath","value":"//input[@id=\"application-managepartners-display-component---NewPartner--assignmentYard-application-managepartners-display-component---NewPartner--assignmentsTable-0-inner\"]"}
COMMAND: POST /session/638b8c348501295d6d2539f1a905cf1c/element/f.AA659E0CE08D0C76D21A3A5289A8AF5F.d.E25709F63E81B8FEC25FF31EDCB88C4F.e.7495/clear - {}
RESULT: {}
COMMAND: POST /session/638b8c348501295d6d2539f1a905cf1c/element/f.AA659E0CE08D0C76D21A3A5289A8AF5F.d.E25709F63E81B8FEC25FF31EDCB88C4F.e.7495/value - {"text":"513"}
COMMAND: GET /session/638b8c348501295d6d2539f1a905cf1c/screenshot - {}
RESULT: {"text":"513"}
COMMAND: GET /session/638b8c348501295d6d2539f1a905cf1c/screenshot - {}
RESULT: {}
RESULT: {}
COMMAND: POST /session/638b8c348501295d6d2539f1a905cf1c/element - {"using":"xpath","value":"//li[.//span[text()='513']]"}
RESULT: {"using":"xpath","value":"//li[.//span[text()='513']]"}
COMMAND: POST /session/638b8c348501295d6d2539f1a905cf1c/element/f.AA659E0CE08D0C76D21A3A5289A8AF5F.d.E25709F63E81B8FEC25FF31EDCB88C4F.e.7504/click - {}
RESULT: {}
COMMAND: GET /session/638b8c348501295d6d2539f1a905cf1c/screenshot - {}
RESULT: {}
COMMAND: POST /session/638b8c348501295d6d2539f1a905cf1c/actions - {"actions":[{"id":"action22","type":"key","parameters":{},"actions":[{"type":"keyDown","value":"î€‡"},{"type":"pause","duration":10},{"type":"keyUp","value":"î€‡"}]}]}
RESULT: {"actions":[{"id":"action22","type":"key","parameters":{},"actions":[{"type":"keyDown","value":"î€‡"},{"type":"pause","duration":10},{"type":"keyUp","value":"î€‡"}]}]}
COMMAND: POST /session/638b8c348501295d6d2539f1a905cf1c/execute/async - {"script":"<script> [1562 bytes]","args":[{"selector":{"id":"application-managepartners-display-component---NewPartner--externalCustomerComboBox-application-managepartners-display-component---NewPartner--assignmentsTable-0-vhi"},"wdio_ui5_key":"applicationmanagepartners-display-component---NewPartner--externalCustomerComboBox-application-managepartners-display-component---NewPartner--assignmentsTable-0-vhi"}]}
COMMAND: GET /session/638b8c348501295d6d2539f1a905cf1c/screenshot - {}
RESULT: {"script":"<script> [1562 bytes]","args":[{"selector":{"id":"application-managepartners-display-component---NewPartner--externalCustomerComboBox-application-managepartners-display-component---NewPartner--assignmentsTable-0-vhi"},"wdio_ui5_key":"applicationmanagepartners-display-component---NewPartner--externalCustomerComboBox-application-managepartners-display-component---NewPartner--assignmentsTable-0-vhi"}]}
RESULT: undefined
COMMAND: POST /session/638b8c348501295d6d2539f1a905cf1c/element - {"using":"xpath","value":"//*[@id=\"application-managepartners-display-component---NewPartner--externalCustomerComboBox-application-managepartners-display-component---NewPartner--assignmentsTable-0-vhi\"]"}
RESULT: {}
RESULT: {"using":"xpath","value":"//*[@id=\"application-managepartners-display-component---NewPartner--externalCustomerComboBox-application-managepartners-display-component---NewPartner--assignmentsTable-0-vhi\"]"}
COMMAND: POST /session/638b8c348501295d6d2539f1a905cf1c/element/f.AA659E0CE08D0C76D21A3A5289A8AF5F.d.E25709F63E81B8FEC25FF31EDCB88C4F.e.7508/click - {}
RESULT: {}
RESULT: undefined
COMMAND: POST /session/638b8c348501295d6d2539f1a905cf1c/execute/async - {"script":"<script> [776 bytes]","args":[{"enterText":"300003","selector":{"controlType":"sap.m.SearchField","properties":{"placeholder":"Search"},"searchOpenDialogs":true,"interaction":{"idSuffix":"I"}},"clearTextFirst":true,"interactionType":"ENTER_TEXT"}]}
COMMAND: GET /session/638b8c348501295d6d2539f1a905cf1c/screenshot - {}
RESULT: {"script":"<script> [776 bytes]","args":[{"enterText":"300003","selector":{"controlType":"sap.m.SearchField","properties":{"placeholder":"Search"},"searchOpenDialogs":true,"interaction":{"idSuffix":"I"}},"clearTextFirst":true,"interactionType":"ENTER_TEXT"}]}
COMMAND: POST /session/638b8c348501295d6d2539f1a905cf1c/actions - {"actions":[{"id":"action23","type":"key","parameters":{},"actions":[{"type":"keyDown","value":"î€‡"},{"type":"pause","duration":10},{"type":"keyUp","value":"î€‡"}]}]}
RESULT: {}
RESULT: {"actions":[{"id":"action23","type":"key","parameters":{},"actions":[{"type":"keyDown","value":"î€‡"},{"type":"pause","duration":10},{"type":"keyUp","value":"î€‡"}]}]}
COMMAND: GET /session/638b8c348501295d6d2539f1a905cf1c/screenshot - {}
RESULT: {}
COMMAND: POST /session/638b8c348501295d6d2539f1a905cf1c/element - {"using":"xpath","value":"//span[contains(text(), \"300003\")]"}
RESULT: {"using":"xpath","value":"//span[contains(text(), \"300003\")]"}
COMMAND: POST /session/638b8c348501295d6d2539f1a905cf1c/element/f.AA659E0CE08D0C76D21A3A5289A8AF5F.d.E25709F63E81B8FEC25FF31EDCB88C4F.e.7526/click - {}
RESULT: {}
COMMAND: GET /session/638b8c348501295d6d2539f1a905cf1c/screenshot - {}
RESULT: {}
COMMAND: POST /session/638b8c348501295d6d2539f1a905cf1c/element - {"using":"xpath","value":"//bdi[contains(text(), \"OK\")]"}
RESULT: {"using":"xpath","value":"//bdi[contains(text(), \"OK\")]"}
COMMAND: POST /session/638b8c348501295d6d2539f1a905cf1c/element/f.AA659E0CE08D0C76D21A3A5289A8AF5F.d.E25709F63E81B8FEC25FF31EDCB88C4F.e.7528/click - {}
RESULT: {}
COMMAND: GET /session/638b8c348501295d6d2539f1a905cf1c/screenshot - {}
RESULT: {}
COMMAND: POST /session/638b8c348501295d6d2539f1a905cf1c/execute/async - {"script":"<script> [1562 bytes]","args":[{"selector":{"id":"application-managepartners-display-component---NewPartner--intercompVendorComboBox-application-managepartners-display-component---NewPartner--assignmentsTable-0-vhi"},"wdio_ui5_key":"applicationmanagepartners-display-component---NewPartner--intercompVendorComboBox-application-managepartners-display-component---NewPartner--assignmentsTable-0-vhi"}]}
RESULT: {"script":"<script> [1562 bytes]","args":[{"selector":{"id":"application-managepartners-display-component---NewPartner--intercompVendorComboBox-application-managepartners-display-component---NewPartner--assignmentsTable-0-vhi"},"wdio_ui5_key":"applicationmanagepartners-display-component---NewPartner--intercompVendorComboBox-application-managepartners-display-component---NewPartner--assignmentsTable-0-vhi"}]}
RESULT: undefined
COMMAND: POST /session/638b8c348501295d6d2539f1a905cf1c/element - {"using":"xpath","value":"//*[@id=\"application-managepartners-display-component---NewPartner--intercompVendorComboBox-application-managepartners-display-component---NewPartner--assignmentsTable-0-vhi\"]"}
RESULT: {"using":"xpath","value":"//*[@id=\"application-managepartners-display-component---NewPartner--intercompVendorComboBox-application-managepartners-display-component---NewPartner--assignmentsTable-0-vhi\"]"}
COMMAND: POST /session/638b8c348501295d6d2539f1a905cf1c/element/f.AA659E0CE08D0C76D21A3A5289A8AF5F.d.E25709F63E81B8FEC25FF31EDCB88C4F.e.7532/click - {}
RESULT: {}
RESULT: undefined
COMMAND: POST /session/638b8c348501295d6d2539f1a905cf1c/execute/async - {"script":"<script> [776 bytes]","args":[{"enterText":"100005","selector":{"controlType":"sap.m.SearchField","properties":{"placeholder":"Search"},"searchOpenDialogs":true,"interaction":{"idSuffix":"I"}},"clearTextFirst":true,"interactionType":"ENTER_TEXT"}]}
COMMAND: GET /session/638b8c348501295d6d2539f1a905cf1c/screenshot - {}
RESULT: {"script":"<script> [776 bytes]","args":[{"enterText":"100005","selector":{"controlType":"sap.m.SearchField","properties":{"placeholder":"Search"},"searchOpenDialogs":true,"interaction":{"idSuffix":"I"}},"clearTextFirst":true,"interactionType":"ENTER_TEXT"}]}
COMMAND: POST /session/638b8c348501295d6d2539f1a905cf1c/actions - {"actions":[{"id":"action24","type":"key","parameters":{},"actions":[{"type":"keyDown","value":"î€‡"},{"type":"pause","duration":10},{"type":"keyUp","value":"î€‡"}]}]}
RESULT: {}
RESULT: {"actions":[{"id":"action24","type":"key","parameters":{},"actions":[{"type":"keyDown","value":"î€‡"},{"type":"pause","duration":10},{"type":"keyUp","value":"î€‡"}]}]}
COMMAND: GET /session/638b8c348501295d6d2539f1a905cf1c/screenshot - {}
RESULT: {}
COMMAND: POST /session/638b8c348501295d6d2539f1a905cf1c/element - {"using":"xpath","value":"//span[contains(text(), \"Penguins - Field/12345 Berlin\")]"}
RESULT: {"using":"xpath","value":"//span[contains(text(), \"Penguins - Field/12345 Berlin\")]"}
COMMAND: POST /session/638b8c348501295d6d2539f1a905cf1c/element/f.AA659E0CE08D0C76D21A3A5289A8AF5F.d.E25709F63E81B8FEC25FF31EDCB88C4F.e.7550/click - {}
RESULT: {}
COMMAND: GET /session/638b8c348501295d6d2539f1a905cf1c/screenshot - {}
RESULT: {}
COMMAND: POST /session/638b8c348501295d6d2539f1a905cf1c/element - {"using":"xpath","value":"//bdi[contains(text(), \"OK\")]"}
RESULT: {"using":"xpath","value":"//bdi[contains(text(), \"OK\")]"}
COMMAND: POST /session/638b8c348501295d6d2539f1a905cf1c/element/f.AA659E0CE08D0C76D21A3A5289A8AF5F.d.E25709F63E81B8FEC25FF31EDCB88C4F.e.7551/click - {}
RESULT: {}
COMMAND: GET /session/638b8c348501295d6d2539f1a905cf1c/screenshot - {}
RESULT: {}
COMMAND: POST /session/638b8c348501295d6d2539f1a905cf1c/element - {"using":"xpath","value":"//button[@data-kt=\"saveButton\"]"}
RESULT: {"using":"xpath","value":"//button[@data-kt=\"saveButton\"]"}
COMMAND: POST /session/638b8c348501295d6d2539f1a905cf1c/element/f.AA659E0CE08D0C76D21A3A5289A8AF5F.d.E25709F63E81B8FEC25FF31EDCB88C4F.e.7429/click - {}
RESULT: {}
COMMAND: GET /session/638b8c348501295d6d2539f1a905cf1c/screenshot - {}
RESULT: {}
COMMAND: POST /session/638b8c348501295d6d2539f1a905cf1c/element - {"using":"xpath","value":"//header[contains(@id, 'ObjectPageLayout-headerTitle')]/div[1]/div[2]/div[2]/span[1]"}
RESULT: {"using":"xpath","value":"//header[contains(@id, 'ObjectPageLayout-headerTitle')]/div[1]/div[2]/div[2]/span[1]"}
COMMAND: POST /session/638b8c348501295d6d2539f1a905cf1c/elements - {"using":"xpath","value":"//header[contains(@id, 'ObjectPageLayout-headerTitle')]/div[1]/div[2]/div[2]/span[1]"}
RESULT: {"using":"xpath","value":"//header[contains(@id, 'ObjectPageLayout-headerTitle')]/div[1]/div[2]/div[2]/span[1]"}
COMMAND: POST /session/638b8c348501295d6d2539f1a905cf1c/execute/sync - {"script":"<script> [56 bytes]","args":[{"element-6066-11e4-a52e-4f735466cecf":"f.AA659E0CE08D0C76D21A3A5289A8AF5F.d.E25709F63E81B8FEC25FF31EDCB88C4F.e.7715","ELEMENT":"f.AA659E0CE08D0C76D21A3A5289A8AF5F.d.E25709F63E81B8FEC25FF31EDCB88C4F.e.7715"}]}
RESULT: {"script":"<script> [56 bytes]","args":[{"element-6066-11e4-a52e-4f735466cecf":"f.AA659E0CE08D0C76D21A3A5289A8AF5F.d.E25709F63E81B8FEC25FF31EDCB88C4F.e.7715","ELEMENT":"f.AA659E0CE08D0C76D21A3A5289A8AF5F.d.E25709F63E81B8FEC25FF31EDCB88C4F.e.7715"}]}
COMMAND: POST /session/638b8c348501295d6d2539f1a905cf1c/element - {"using":"css selector","value":"#shell-header-logo"}
COMMAND: GET /session/638b8c348501295d6d2539f1a905cf1c/screenshot - {}
RESULT: {"using":"css selector","value":"#shell-header-logo"}
COMMAND: POST /session/638b8c348501295d6d2539f1a905cf1c/element/f.AA659E0CE08D0C76D21A3A5289A8AF5F.d.E25709F63E81B8FEC25FF31EDCB88C4F.e.6975/click - {}
RESULT: {}
RESULT: {}
COMMAND: GET /session/638b8c348501295d6d2539f1a905cf1c/screenshot - {}
RESULT: {}
COMMAND: POST /session/638b8c348501295d6d2539f1a905cf1c/execute/sync - {"script":"<script> [299 bytes]","args":[["getModel","getResource"]]}
RESULT: {"script":"<script> [299 bytes]","args":[["getModel","getResource"]]}
]]></system-out>
    </testcase>
    <testcase classname="chrome.135_0_7049_96.windows.Create_master_data_for_mixed_billing_&amp;_do_billing_calculation_US151661" name="Should create a new site" time="101.336">
      <system-out><![CDATA[
COMMAND: GET /session/638b8c348501295d6d2539f1a905cf1c/screenshot - {}
COMMAND: POST /session/638b8c348501295d6d2539f1a905cf1c/execute/async - {"script":"<script> [1562 bytes]","args":[{"selector":{"controlType":"sap.m.TileContent","bindingPath":{"path":"","propertyPath":"/properties/info"},"ancestor":{"controlType":"sap.m.GenericTile","properties":{"header":"Manage Sites"}}},"wdio_ui5_key":"sapm.TileContent{\"path\":\"\",\"propertyPath\":\"/properties/info\"}{\"controlType\":\"sap.m.GenericTile\",\"properties\":{\"header\":\"Manage Sites\"}}"}]}
RESULT: {}
RESULT: {"script":"<script> [1562 bytes]","args":[{"selector":{"controlType":"sap.m.TileContent","bindingPath":{"path":"","propertyPath":"/properties/info"},"ancestor":{"controlType":"sap.m.GenericTile","properties":{"header":"Manage Sites"}}},"wdio_ui5_key":"sapm.TileContent{\"path\":\"\",\"propertyPath\":\"/properties/info\"}{\"controlType\":\"sap.m.GenericTile\",\"properties\":{\"header\":\"Manage Sites\"}}"}]}
RESULT: undefined
COMMAND: POST /session/638b8c348501295d6d2539f1a905cf1c/element - {"using":"xpath","value":"//*[@id=\"__xmlview7--numericTileContent\"]"}
RESULT: {"using":"xpath","value":"//*[@id=\"__xmlview7--numericTileContent\"]"}
COMMAND: POST /session/638b8c348501295d6d2539f1a905cf1c/element/f.AA659E0CE08D0C76D21A3A5289A8AF5F.d.E25709F63E81B8FEC25FF31EDCB88C4F.e.7717/click - {}
RESULT: {}
COMMAND: POST /session/638b8c348501295d6d2539f1a905cf1c/element - {"using":"xpath","value":"//button[@data-kt=\"addOverflowToolbarButton\"]"}
COMMAND: GET /session/638b8c348501295d6d2539f1a905cf1c/screenshot - {}
RESULT: {"using":"xpath","value":"//button[@data-kt=\"addOverflowToolbarButton\"]"}
COMMAND: POST /session/638b8c348501295d6d2539f1a905cf1c/elements - {"using":"xpath","value":"//button[@data-kt=\"addOverflowToolbarButton\"]"}
RESULT: {}
RESULT: {"using":"xpath","value":"//button[@data-kt=\"addOverflowToolbarButton\"]"}
COMMAND: POST /session/638b8c348501295d6d2539f1a905cf1c/element - {"using":"xpath","value":"//button[@data-kt=\"addOverflowToolbarButton\"]"}
RESULT: {"using":"xpath","value":"//button[@data-kt=\"addOverflowToolbarButton\"]"}
COMMAND: POST /session/638b8c348501295d6d2539f1a905cf1c/execute/sync - {"script":"<script> [8489 bytes]","args":[{"element-6066-11e4-a52e-4f735466cecf":"f.AA659E0CE08D0C76D21A3A5289A8AF5F.d.E25709F63E81B8FEC25FF31EDCB88C4F.e.7762","ELEMENT":"f.AA659E0CE08D0C76D21A3A5289A8AF5F.d.E25709F63E81B8FEC25FF31EDCB88C4F.e.7762"}]}
RESULT: {"script":"<script> [8489 bytes]","args":[{"element-6066-11e4-a52e-4f735466cecf":"f.AA659E0CE08D0C76D21A3A5289A8AF5F.d.E25709F63E81B8FEC25FF31EDCB88C4F.e.7762","ELEMENT":"f.AA659E0CE08D0C76D21A3A5289A8AF5F.d.E25709F63E81B8FEC25FF31EDCB88C4F.e.7762"}]}
COMMAND: GET /session/638b8c348501295d6d2539f1a905cf1c/element/f.AA659E0CE08D0C76D21A3A5289A8AF5F.d.E25709F63E81B8FEC25FF31EDCB88C4F.e.7762/enabled - {}
COMMAND: GET /session/638b8c348501295d6d2539f1a905cf1c/screenshot - {}
RESULT: {}
COMMAND: POST /session/638b8c348501295d6d2539f1a905cf1c/execute/sync - {"script":"<script> [8489 bytes]","args":[{"element-6066-11e4-a52e-4f735466cecf":"f.AA659E0CE08D0C76D21A3A5289A8AF5F.d.E25709F63E81B8FEC25FF31EDCB88C4F.e.7762","ELEMENT":"f.AA659E0CE08D0C76D21A3A5289A8AF5F.d.E25709F63E81B8FEC25FF31EDCB88C4F.e.7762"}]}
COMMAND: GET /session/638b8c348501295d6d2539f1a905cf1c/screenshot - {}
RESULT: {}
RESULT: {"script":"<script> [8489 bytes]","args":[{"element-6066-11e4-a52e-4f735466cecf":"f.AA659E0CE08D0C76D21A3A5289A8AF5F.d.E25709F63E81B8FEC25FF31EDCB88C4F.e.7762","ELEMENT":"f.AA659E0CE08D0C76D21A3A5289A8AF5F.d.E25709F63E81B8FEC25FF31EDCB88C4F.e.7762"}]}
COMMAND: POST /session/638b8c348501295d6d2539f1a905cf1c/execute/sync - {"script":"<script> [5351 bytes]","args":[{"element-6066-11e4-a52e-4f735466cecf":"f.AA659E0CE08D0C76D21A3A5289A8AF5F.d.E25709F63E81B8FEC25FF31EDCB88C4F.e.7762","ELEMENT":"f.AA659E0CE08D0C76D21A3A5289A8AF5F.d.E25709F63E81B8FEC25FF31EDCB88C4F.e.7762"}]}
COMMAND: GET /session/638b8c348501295d6d2539f1a905cf1c/screenshot - {}
RESULT: {}
RESULT: {"script":"<script> [5351 bytes]","args":[{"element-6066-11e4-a52e-4f735466cecf":"f.AA659E0CE08D0C76D21A3A5289A8AF5F.d.E25709F63E81B8FEC25FF31EDCB88C4F.e.7762","ELEMENT":"f.AA659E0CE08D0C76D21A3A5289A8AF5F.d.E25709F63E81B8FEC25FF31EDCB88C4F.e.7762"}]}
COMMAND: POST /session/638b8c348501295d6d2539f1a905cf1c/element/f.AA659E0CE08D0C76D21A3A5289A8AF5F.d.E25709F63E81B8FEC25FF31EDCB88C4F.e.7762/click - {}
COMMAND: GET /session/638b8c348501295d6d2539f1a905cf1c/screenshot - {}
RESULT: {}
RESULT: {}
COMMAND: GET /session/638b8c348501295d6d2539f1a905cf1c/screenshot - {}
COMMAND: POST /session/638b8c348501295d6d2539f1a905cf1c/execute/async - {"script":"<script> [1562 bytes]","args":[{"selector":{"id":"application-managesites-display-component---NewSite--addressDetailDetailsName1","interaction":{"idSuffix":"inner"}},"wdio_ui5_key":"applicationmanagesites-display-component---NewSite--addressDetailDetailsName1"}]}
RESULT: {}
RESULT: {}
RESULT: {"script":"<script> [1562 bytes]","args":[{"selector":{"id":"application-managesites-display-component---NewSite--addressDetailDetailsName1","interaction":{"idSuffix":"inner"}},"wdio_ui5_key":"applicationmanagesites-display-component---NewSite--addressDetailDetailsName1"}]}
RESULT: undefined
COMMAND: POST /session/638b8c348501295d6d2539f1a905cf1c/execute/async - {"script":"<script> [776 bytes]","args":[{"enterText":"Intercompany Site wdIO","selector":{"id":"application-managesites-display-component---NewSite--addressDetailDetailsName1","interaction":{"idSuffix":"inner"}},"clearTextFirst":true,"interactionType":"ENTER_TEXT"}]}
RESULT: {"script":"<script> [776 bytes]","args":[{"enterText":"Intercompany Site wdIO","selector":{"id":"application-managesites-display-component---NewSite--addressDetailDetailsName1","interaction":{"idSuffix":"inner"}},"clearTextFirst":true,"interactionType":"ENTER_TEXT"}]}
COMMAND: POST /session/638b8c348501295d6d2539f1a905cf1c/execute/async - {"script":"<script> [1562 bytes]","args":[{"selector":{"id":"application-managesites-display-component---NewSite--addressDetailDetailsLanguage-arrow"},"wdio_ui5_key":"applicationmanagesites-display-component---NewSite--addressDetailDetailsLanguage-arrow"}]}
RESULT: {"script":"<script> [1562 bytes]","args":[{"selector":{"id":"application-managesites-display-component---NewSite--addressDetailDetailsLanguage-arrow"},"wdio_ui5_key":"applicationmanagesites-display-component---NewSite--addressDetailDetailsLanguage-arrow"}]}
RESULT: undefined
COMMAND: POST /session/638b8c348501295d6d2539f1a905cf1c/element - {"using":"xpath","value":"//*[@id=\"application-managesites-display-component---NewSite--addressDetailDetailsLanguage-arrow\"]"}
RESULT: {"using":"xpath","value":"//*[@id=\"application-managesites-display-component---NewSite--addressDetailDetailsLanguage-arrow\"]"}
COMMAND: POST /session/638b8c348501295d6d2539f1a905cf1c/element/f.AA659E0CE08D0C76D21A3A5289A8AF5F.d.E25709F63E81B8FEC25FF31EDCB88C4F.e.8162/click - {}
RESULT: {}
COMMAND: POST /session/638b8c348501295d6d2539f1a905cf1c/element - {"using":"xpath","value":"//span[contains(text(), \"English\")]"}
COMMAND: GET /session/638b8c348501295d6d2539f1a905cf1c/screenshot - {}
RESULT: {"using":"xpath","value":"//span[contains(text(), \"English\")]"}
COMMAND: POST /session/638b8c348501295d6d2539f1a905cf1c/element/f.AA659E0CE08D0C76D21A3A5289A8AF5F.d.E25709F63E81B8FEC25FF31EDCB88C4F.e.8163/click - {}
RESULT: {}
RESULT: {}
COMMAND: POST /session/638b8c348501295d6d2539f1a905cf1c/execute/async - {"script":"<script> [1562 bytes]","args":[{"selector":{"id":"application-managesites-display-component---NewSite--addressDetailDetailsCity1","interaction":{"idSuffix":"inner"}},"wdio_ui5_key":"applicationmanagesites-display-component---NewSite--addressDetailDetailsCity1"}]}
COMMAND: GET /session/638b8c348501295d6d2539f1a905cf1c/screenshot - {}
RESULT: {"script":"<script> [1562 bytes]","args":[{"selector":{"id":"application-managesites-display-component---NewSite--addressDetailDetailsCity1","interaction":{"idSuffix":"inner"}},"wdio_ui5_key":"applicationmanagesites-display-component---NewSite--addressDetailDetailsCity1"}]}
RESULT: undefined
COMMAND: POST /session/638b8c348501295d6d2539f1a905cf1c/execute/async - {"script":"<script> [776 bytes]","args":[{"enterText":"Rosario","selector":{"id":"application-managesites-display-component---NewSite--addressDetailDetailsCity1","interaction":{"idSuffix":"inner"}},"clearTextFirst":true,"interactionType":"ENTER_TEXT"}]}
RESULT: {}
RESULT: {"script":"<script> [776 bytes]","args":[{"enterText":"Rosario","selector":{"id":"application-managesites-display-component---NewSite--addressDetailDetailsCity1","interaction":{"idSuffix":"inner"}},"clearTextFirst":true,"interactionType":"ENTER_TEXT"}]}
COMMAND: POST /session/638b8c348501295d6d2539f1a905cf1c/execute/async - {"script":"<script> [1562 bytes]","args":[{"selector":{"id":"application-managesites-display-component---NewSite--addressDetailDetailsCountry-arrow"},"wdio_ui5_key":"applicationmanagesites-display-component---NewSite--addressDetailDetailsCountry-arrow"}]}
RESULT: {"script":"<script> [1562 bytes]","args":[{"selector":{"id":"application-managesites-display-component---NewSite--addressDetailDetailsCountry-arrow"},"wdio_ui5_key":"applicationmanagesites-display-component---NewSite--addressDetailDetailsCountry-arrow"}]}
RESULT: undefined
COMMAND: POST /session/638b8c348501295d6d2539f1a905cf1c/element - {"using":"xpath","value":"//*[@id=\"application-managesites-display-component---NewSite--addressDetailDetailsCountry-arrow\"]"}
RESULT: {"using":"xpath","value":"//*[@id=\"application-managesites-display-component---NewSite--addressDetailDetailsCountry-arrow\"]"}
COMMAND: POST /session/638b8c348501295d6d2539f1a905cf1c/element/f.AA659E0CE08D0C76D21A3A5289A8AF5F.d.E25709F63E81B8FEC25FF31EDCB88C4F.e.8165/click - {}
RESULT: {}
COMMAND: POST /session/638b8c348501295d6d2539f1a905cf1c/element - {"using":"xpath","value":"//span[contains(text(), \"Argentina\")]"}
COMMAND: GET /session/638b8c348501295d6d2539f1a905cf1c/screenshot - {}
RESULT: {"using":"xpath","value":"//span[contains(text(), \"Argentina\")]"}
COMMAND: POST /session/638b8c348501295d6d2539f1a905cf1c/element/f.AA659E0CE08D0C76D21A3A5289A8AF5F.d.E25709F63E81B8FEC25FF31EDCB88C4F.e.8167/click - {}
RESULT: {}
RESULT: {}
COMMAND: GET /session/638b8c348501295d6d2539f1a905cf1c/screenshot - {}
RESULT: {}
COMMAND: POST /session/638b8c348501295d6d2539f1a905cf1c/execute/async - {"script":"<script> [1562 bytes]","args":[{"selector":{"id":"application-managesites-display-component---NewSite--addressEditDetailsCostObjectCstType-arrow"},"wdio_ui5_key":"applicationmanagesites-display-component---NewSite--addressEditDetailsCostObjectCstType-arrow"}]}
RESULT: {"script":"<script> [1562 bytes]","args":[{"selector":{"id":"application-managesites-display-component---NewSite--addressEditDetailsCostObjectCstType-arrow"},"wdio_ui5_key":"applicationmanagesites-display-component---NewSite--addressEditDetailsCostObjectCstType-arrow"}]}
RESULT: undefined
COMMAND: POST /session/638b8c348501295d6d2539f1a905cf1c/element - {"using":"xpath","value":"//*[@id=\"application-managesites-display-component---NewSite--addressEditDetailsCostObjectCstType-arrow\"]"}
RESULT: {"using":"xpath","value":"//*[@id=\"application-managesites-display-component---NewSite--addressEditDetailsCostObjectCstType-arrow\"]"}
COMMAND: POST /session/638b8c348501295d6d2539f1a905cf1c/element/f.AA659E0CE08D0C76D21A3A5289A8AF5F.d.E25709F63E81B8FEC25FF31EDCB88C4F.e.8168/click - {}
RESULT: {}
COMMAND: POST /session/638b8c348501295d6d2539f1a905cf1c/element - {"using":"xpath","value":"//span[contains(text(), \"Cost Center\")]"}
COMMAND: GET /session/638b8c348501295d6d2539f1a905cf1c/screenshot - {}
RESULT: {"using":"xpath","value":"//span[contains(text(), \"Cost Center\")]"}
COMMAND: POST /session/638b8c348501295d6d2539f1a905cf1c/element/f.AA659E0CE08D0C76D21A3A5289A8AF5F.d.E25709F63E81B8FEC25FF31EDCB88C4F.e.8170/click - {}
RESULT: {}
RESULT: {}
COMMAND: GET /session/638b8c348501295d6d2539f1a905cf1c/screenshot - {}
RESULT: {}
COMMAND: POST /session/638b8c348501295d6d2539f1a905cf1c/element - {"using":"xpath","value":"//span[@id=\"application-managesites-display-component---NewSite--addressNewCostObjectCstID-vhi\"]"}
RESULT: {"using":"xpath","value":"//span[@id=\"application-managesites-display-component---NewSite--addressNewCostObjectCstID-vhi\"]"}
COMMAND: POST /session/638b8c348501295d6d2539f1a905cf1c/execute/sync - {"script":"<script> [8489 bytes]","args":[{"element-6066-11e4-a52e-4f735466cecf":"f.AA659E0CE08D0C76D21A3A5289A8AF5F.d.E25709F63E81B8FEC25FF31EDCB88C4F.e.8174","ELEMENT":"f.AA659E0CE08D0C76D21A3A5289A8AF5F.d.E25709F63E81B8FEC25FF31EDCB88C4F.e.8174"}]}
RESULT: {"script":"<script> [8489 bytes]","args":[{"element-6066-11e4-a52e-4f735466cecf":"f.AA659E0CE08D0C76D21A3A5289A8AF5F.d.E25709F63E81B8FEC25FF31EDCB88C4F.e.8174","ELEMENT":"f.AA659E0CE08D0C76D21A3A5289A8AF5F.d.E25709F63E81B8FEC25FF31EDCB88C4F.e.8174"}]}
COMMAND: POST /session/638b8c348501295d6d2539f1a905cf1c/execute/async - {"script":"<script> [1562 bytes]","args":[{"selector":{"id":"application-managesites-display-component---NewSite--addressNewCostObjectCstID-vhi"},"wdio_ui5_key":"applicationmanagesites-display-component---NewSite--addressNewCostObjectCstID-vhi"}]}
COMMAND: GET /session/638b8c348501295d6d2539f1a905cf1c/screenshot - {}
RESULT: {"script":"<script> [1562 bytes]","args":[{"selector":{"id":"application-managesites-display-component---NewSite--addressNewCostObjectCstID-vhi"},"wdio_ui5_key":"applicationmanagesites-display-component---NewSite--addressNewCostObjectCstID-vhi"}]}
RESULT: undefined
COMMAND: POST /session/638b8c348501295d6d2539f1a905cf1c/element - {"using":"xpath","value":"//*[@id=\"application-managesites-display-component---NewSite--addressNewCostObjectCstID-vhi\"]"}
RESULT: {}
RESULT: {"using":"xpath","value":"//*[@id=\"application-managesites-display-component---NewSite--addressNewCostObjectCstID-vhi\"]"}
COMMAND: POST /session/638b8c348501295d6d2539f1a905cf1c/element/f.AA659E0CE08D0C76D21A3A5289A8AF5F.d.E25709F63E81B8FEC25FF31EDCB88C4F.e.8174/click - {}
RESULT: {}
COMMAND: GET /session/638b8c348501295d6d2539f1a905cf1c/screenshot - {}
RESULT: {}
RESULT: undefined
COMMAND: POST /session/638b8c348501295d6d2539f1a905cf1c/execute/async - {"script":"<script> [776 bytes]","args":[{"enterText":"10001013","selector":{"controlType":"sap.m.SearchField","properties":{"placeholder":"Search"},"searchOpenDialogs":true,"interaction":{"idSuffix":"I"}},"clearTextFirst":true,"interactionType":"ENTER_TEXT"}]}
RESULT: {"script":"<script> [776 bytes]","args":[{"enterText":"10001013","selector":{"controlType":"sap.m.SearchField","properties":{"placeholder":"Search"},"searchOpenDialogs":true,"interaction":{"idSuffix":"I"}},"clearTextFirst":true,"interactionType":"ENTER_TEXT"}]}
COMMAND: POST /session/638b8c348501295d6d2539f1a905cf1c/actions - {"actions":[{"id":"action25","type":"key","parameters":{},"actions":[{"type":"keyDown","value":"î€‡"},{"type":"pause","duration":10},{"type":"keyUp","value":"î€‡"}]}]}
RESULT: {"actions":[{"id":"action25","type":"key","parameters":{},"actions":[{"type":"keyDown","value":"î€‡"},{"type":"pause","duration":10},{"type":"keyUp","value":"î€‡"}]}]}
COMMAND: GET /session/638b8c348501295d6d2539f1a905cf1c/screenshot - {}
RESULT: {}
COMMAND: POST /session/638b8c348501295d6d2539f1a905cf1c/element - {"using":"xpath","value":"//span[contains(text(), \"General Management\")]"}
RESULT: {"using":"xpath","value":"//span[contains(text(), \"General Management\")]"}
COMMAND: POST /session/638b8c348501295d6d2539f1a905cf1c/element/f.AA659E0CE08D0C76D21A3A5289A8AF5F.d.E25709F63E81B8FEC25FF31EDCB88C4F.e.8212/click - {}
RESULT: {}
COMMAND: GET /session/638b8c348501295d6d2539f1a905cf1c/screenshot - {}
RESULT: {}
COMMAND: POST /session/638b8c348501295d6d2539f1a905cf1c/element - {"using":"xpath","value":"//bdi[contains(text(), \"OK\")]"}
RESULT: {"using":"xpath","value":"//bdi[contains(text(), \"OK\")]"}
COMMAND: POST /session/638b8c348501295d6d2539f1a905cf1c/element/f.AA659E0CE08D0C76D21A3A5289A8AF5F.d.E25709F63E81B8FEC25FF31EDCB88C4F.e.8213/click - {}
RESULT: {}
COMMAND: GET /session/638b8c348501295d6d2539f1a905cf1c/screenshot - {}
RESULT: {}
COMMAND: POST /session/638b8c348501295d6d2539f1a905cf1c/element - {"using":"xpath","value":"//input[@id=\"application-managesites-display-component---NewSite--addressDetailDetailsCalendar-inner\"]"}
RESULT: {"using":"xpath","value":"//input[@id=\"application-managesites-display-component---NewSite--addressDetailDetailsCalendar-inner\"]"}
COMMAND: POST /session/638b8c348501295d6d2539f1a905cf1c/element/f.AA659E0CE08D0C76D21A3A5289A8AF5F.d.E25709F63E81B8FEC25FF31EDCB88C4F.e.8012/clear - {}
RESULT: {}
COMMAND: POST /session/638b8c348501295d6d2539f1a905cf1c/element/f.AA659E0CE08D0C76D21A3A5289A8AF5F.d.E25709F63E81B8FEC25FF31EDCB88C4F.e.8012/value - {"text":"Unit"}
COMMAND: GET /session/638b8c348501295d6d2539f1a905cf1c/screenshot - {}
RESULT: {"text":"Unit"}
COMMAND: GET /session/638b8c348501295d6d2539f1a905cf1c/screenshot - {}
RESULT: {}
RESULT: {}
COMMAND: POST /session/638b8c348501295d6d2539f1a905cf1c/actions - {"actions":[{"id":"action26","type":"key","parameters":{},"actions":[{"type":"keyDown","value":"î€‡"},{"type":"pause","duration":10},{"type":"keyUp","value":"î€‡"}]}]}
RESULT: {"actions":[{"id":"action26","type":"key","parameters":{},"actions":[{"type":"keyDown","value":"î€‡"},{"type":"pause","duration":10},{"type":"keyUp","value":"î€‡"}]}]}
COMMAND: POST /session/638b8c348501295d6d2539f1a905cf1c/element - {"using":"xpath","value":"//input[@id=\"application-managesites-display-component---NewSite--addressDetailDetailsYard-inner\"]"}
COMMAND: GET /session/638b8c348501295d6d2539f1a905cf1c/screenshot - {}
RESULT: {"using":"xpath","value":"//input[@id=\"application-managesites-display-component---NewSite--addressDetailDetailsYard-inner\"]"}
COMMAND: POST /session/638b8c348501295d6d2539f1a905cf1c/element/f.AA659E0CE08D0C76D21A3A5289A8AF5F.d.E25709F63E81B8FEC25FF31EDCB88C4F.e.8013/clear - {}
RESULT: {}
RESULT: {}
COMMAND: POST /session/638b8c348501295d6d2539f1a905cf1c/element/f.AA659E0CE08D0C76D21A3A5289A8AF5F.d.E25709F63E81B8FEC25FF31EDCB88C4F.e.8013/value - {"text":"513"}
COMMAND: GET /session/638b8c348501295d6d2539f1a905cf1c/screenshot - {}
RESULT: {"text":"513"}
COMMAND: GET /session/638b8c348501295d6d2539f1a905cf1c/screenshot - {}
RESULT: {}
RESULT: {}
COMMAND: POST /session/638b8c348501295d6d2539f1a905cf1c/element - {"using":"xpath","value":"//li[.//span[text()='513']]"}
RESULT: {"using":"xpath","value":"//li[.//span[text()='513']]"}
COMMAND: POST /session/638b8c348501295d6d2539f1a905cf1c/element/f.AA659E0CE08D0C76D21A3A5289A8AF5F.d.E25709F63E81B8FEC25FF31EDCB88C4F.e.8221/click - {}
RESULT: {}
COMMAND: GET /session/638b8c348501295d6d2539f1a905cf1c/screenshot - {}
RESULT: {}
COMMAND: POST /session/638b8c348501295d6d2539f1a905cf1c/element - {"using":"xpath","value":"//input[@id=\"application-managesites-display-component---NewSite--addressDetailDetailsPartner-inner\"]"}
RESULT: {"using":"xpath","value":"//input[@id=\"application-managesites-display-component---NewSite--addressDetailDetailsPartner-inner\"]"}
COMMAND: POST /session/638b8c348501295d6d2539f1a905cf1c/element - {"using":"xpath","value":"//input[@id=\"application-managesites-display-component---NewSite--addressDetailDetailsPartner-inner\"]"}
RESULT: {"using":"xpath","value":"//input[@id=\"application-managesites-display-component---NewSite--addressDetailDetailsPartner-inner\"]"}
COMMAND: POST /session/638b8c348501295d6d2539f1a905cf1c/element - {"using":"xpath","value":"//button[@data-kt=\"saveButton\"]"}
RESULT: {"using":"xpath","value":"//button[@data-kt=\"saveButton\"]"}
COMMAND: POST /session/638b8c348501295d6d2539f1a905cf1c/element/f.AA659E0CE08D0C76D21A3A5289A8AF5F.d.E25709F63E81B8FEC25FF31EDCB88C4F.e.8155/click - {}
RESULT: {}
COMMAND: GET /session/638b8c348501295d6d2539f1a905cf1c/screenshot - {}
RESULT: {}
COMMAND: POST /session/638b8c348501295d6d2539f1a905cf1c/element - {"using":"xpath","value":"//header[contains(@id, 'ObjectPageLayout-headerTitle')]/div[1]/div[2]/div[2]/span[1]"}
RESULT: {"using":"xpath","value":"//header[contains(@id, 'ObjectPageLayout-headerTitle')]/div[1]/div[2]/div[2]/span[1]"}
COMMAND: POST /session/638b8c348501295d6d2539f1a905cf1c/elements - {"using":"xpath","value":"//header[contains(@id, 'ObjectPageLayout-headerTitle')]/div[1]/div[2]/div[2]/span[1]"}
RESULT: {"using":"xpath","value":"//header[contains(@id, 'ObjectPageLayout-headerTitle')]/div[1]/div[2]/div[2]/span[1]"}
COMMAND: POST /session/638b8c348501295d6d2539f1a905cf1c/execute/sync - {"script":"<script> [56 bytes]","args":[{"element-6066-11e4-a52e-4f735466cecf":"f.AA659E0CE08D0C76D21A3A5289A8AF5F.d.E25709F63E81B8FEC25FF31EDCB88C4F.e.8418","ELEMENT":"f.AA659E0CE08D0C76D21A3A5289A8AF5F.d.E25709F63E81B8FEC25FF31EDCB88C4F.e.8418"}]}
RESULT: {"script":"<script> [56 bytes]","args":[{"element-6066-11e4-a52e-4f735466cecf":"f.AA659E0CE08D0C76D21A3A5289A8AF5F.d.E25709F63E81B8FEC25FF31EDCB88C4F.e.8418","ELEMENT":"f.AA659E0CE08D0C76D21A3A5289A8AF5F.d.E25709F63E81B8FEC25FF31EDCB88C4F.e.8418"}]}
COMMAND: POST /session/638b8c348501295d6d2539f1a905cf1c/element - {"using":"css selector","value":"#shell-header-logo"}
COMMAND: GET /session/638b8c348501295d6d2539f1a905cf1c/screenshot - {}
RESULT: {"using":"css selector","value":"#shell-header-logo"}
COMMAND: POST /session/638b8c348501295d6d2539f1a905cf1c/element/f.AA659E0CE08D0C76D21A3A5289A8AF5F.d.E25709F63E81B8FEC25FF31EDCB88C4F.e.7720/click - {}
RESULT: {}
RESULT: {}
COMMAND: GET /session/638b8c348501295d6d2539f1a905cf1c/screenshot - {}
RESULT: {}
COMMAND: POST /session/638b8c348501295d6d2539f1a905cf1c/execute/sync - {"script":"<script> [299 bytes]","args":[["getModel","getResource"]]}
RESULT: {"script":"<script> [299 bytes]","args":[["getModel","getResource"]]}
]]></system-out>
    </testcase>
    <testcase classname="chrome.135_0_7049_96.windows.Create_master_data_for_mixed_billing_&amp;_do_billing_calculation_US151661" name="Should create a new equipment and add a counter to it" time="164.45">
      <system-out><![CDATA[
COMMAND: GET /session/638b8c348501295d6d2539f1a905cf1c/screenshot - {}
COMMAND: POST /session/638b8c348501295d6d2539f1a905cf1c/execute/async - {"script":"<script> [1562 bytes]","args":[{"selector":{"controlType":"sap.m.GenericTile","properties":{"header":"Manage Resources"}},"wdio_ui5_key":"sapm.GenericTile{\"header\":\"Manage Resources\"}"}]}
RESULT: {}
RESULT: {"script":"<script> [1562 bytes]","args":[{"selector":{"controlType":"sap.m.GenericTile","properties":{"header":"Manage Resources"}},"wdio_ui5_key":"sapm.GenericTile{\"header\":\"Manage Resources\"}"}]}
RESULT: undefined
COMMAND: POST /session/638b8c348501295d6d2539f1a905cf1c/element - {"using":"xpath","value":"//*[@id=\"__tile39\"]"}
RESULT: {"using":"xpath","value":"//*[@id=\"__tile39\"]"}
COMMAND: POST /session/638b8c348501295d6d2539f1a905cf1c/element/f.AA659E0CE08D0C76D21A3A5289A8AF5F.d.E25709F63E81B8FEC25FF31EDCB88C4F.e.6153/click - {}
RESULT: {}
COMMAND: POST /session/638b8c348501295d6d2539f1a905cf1c/element - {"using":"xpath","value":"//button[@data-kt=\"addNewRUOverflowToolbarButton\"]"}
COMMAND: GET /session/638b8c348501295d6d2539f1a905cf1c/screenshot - {}
RESULT: {"using":"xpath","value":"//button[@data-kt=\"addNewRUOverflowToolbarButton\"]"}
COMMAND: POST /session/638b8c348501295d6d2539f1a905cf1c/elements - {"using":"xpath","value":"//button[@data-kt=\"addNewRUOverflowToolbarButton\"]"}
RESULT: {}
RESULT: {"using":"xpath","value":"//button[@data-kt=\"addNewRUOverflowToolbarButton\"]"}
COMMAND: POST /session/638b8c348501295d6d2539f1a905cf1c/elements - {"using":"xpath","value":"//button[@data-kt=\"addNewRUOverflowToolbarButton\"]"}
RESULT: {"using":"xpath","value":"//button[@data-kt=\"addNewRUOverflowToolbarButton\"]"}
COMMAND: POST /session/638b8c348501295d6d2539f1a905cf1c/element - {"using":"xpath","value":"//button[@data-kt=\"addNewRUOverflowToolbarButton\"]"}
RESULT: {"using":"xpath","value":"//button[@data-kt=\"addNewRUOverflowToolbarButton\"]"}
COMMAND: POST /session/638b8c348501295d6d2539f1a905cf1c/execute/sync - {"script":"<script> [8489 bytes]","args":[{"element-6066-11e4-a52e-4f735466cecf":"f.AA659E0CE08D0C76D21A3A5289A8AF5F.d.E25709F63E81B8FEC25FF31EDCB88C4F.e.8465","ELEMENT":"f.AA659E0CE08D0C76D21A3A5289A8AF5F.d.E25709F63E81B8FEC25FF31EDCB88C4F.e.8465"}]}
RESULT: {"script":"<script> [8489 bytes]","args":[{"element-6066-11e4-a52e-4f735466cecf":"f.AA659E0CE08D0C76D21A3A5289A8AF5F.d.E25709F63E81B8FEC25FF31EDCB88C4F.e.8465","ELEMENT":"f.AA659E0CE08D0C76D21A3A5289A8AF5F.d.E25709F63E81B8FEC25FF31EDCB88C4F.e.8465"}]}
COMMAND: GET /session/638b8c348501295d6d2539f1a905cf1c/element/f.AA659E0CE08D0C76D21A3A5289A8AF5F.d.E25709F63E81B8FEC25FF31EDCB88C4F.e.8465/enabled - {}
COMMAND: GET /session/638b8c348501295d6d2539f1a905cf1c/screenshot - {}
RESULT: {}
COMMAND: POST /session/638b8c348501295d6d2539f1a905cf1c/execute/sync - {"script":"<script> [8489 bytes]","args":[{"element-6066-11e4-a52e-4f735466cecf":"f.AA659E0CE08D0C76D21A3A5289A8AF5F.d.E25709F63E81B8FEC25FF31EDCB88C4F.e.8465","ELEMENT":"f.AA659E0CE08D0C76D21A3A5289A8AF5F.d.E25709F63E81B8FEC25FF31EDCB88C4F.e.8465"}]}
COMMAND: GET /session/638b8c348501295d6d2539f1a905cf1c/screenshot - {}
RESULT: {}
RESULT: {"script":"<script> [8489 bytes]","args":[{"element-6066-11e4-a52e-4f735466cecf":"f.AA659E0CE08D0C76D21A3A5289A8AF5F.d.E25709F63E81B8FEC25FF31EDCB88C4F.e.8465","ELEMENT":"f.AA659E0CE08D0C76D21A3A5289A8AF5F.d.E25709F63E81B8FEC25FF31EDCB88C4F.e.8465"}]}
COMMAND: POST /session/638b8c348501295d6d2539f1a905cf1c/execute/sync - {"script":"<script> [5351 bytes]","args":[{"element-6066-11e4-a52e-4f735466cecf":"f.AA659E0CE08D0C76D21A3A5289A8AF5F.d.E25709F63E81B8FEC25FF31EDCB88C4F.e.8465","ELEMENT":"f.AA659E0CE08D0C76D21A3A5289A8AF5F.d.E25709F63E81B8FEC25FF31EDCB88C4F.e.8465"}]}
COMMAND: GET /session/638b8c348501295d6d2539f1a905cf1c/screenshot - {}
RESULT: {}
RESULT: {"script":"<script> [5351 bytes]","args":[{"element-6066-11e4-a52e-4f735466cecf":"f.AA659E0CE08D0C76D21A3A5289A8AF5F.d.E25709F63E81B8FEC25FF31EDCB88C4F.e.8465","ELEMENT":"f.AA659E0CE08D0C76D21A3A5289A8AF5F.d.E25709F63E81B8FEC25FF31EDCB88C4F.e.8465"}]}
COMMAND: POST /session/638b8c348501295d6d2539f1a905cf1c/element/f.AA659E0CE08D0C76D21A3A5289A8AF5F.d.E25709F63E81B8FEC25FF31EDCB88C4F.e.8465/click - {}
COMMAND: GET /session/638b8c348501295d6d2539f1a905cf1c/screenshot - {}
RESULT: {}
RESULT: {}
COMMAND: GET /session/638b8c348501295d6d2539f1a905cf1c/screenshot - {}
COMMAND: POST /session/638b8c348501295d6d2539f1a905cf1c/execute/async - {"script":"<script> [1562 bytes]","args":[{"selector":{"id":"application-manageresources-display-component---newResourceUnit--TYPE-arrow"},"wdio_ui5_key":"applicationmanageresources-display-component---newResourceUnit--TYPE-arrow"}]}
RESULT: {}
RESULT: {}
RESULT: {"script":"<script> [1562 bytes]","args":[{"selector":{"id":"application-manageresources-display-component---newResourceUnit--TYPE-arrow"},"wdio_ui5_key":"applicationmanageresources-display-component---newResourceUnit--TYPE-arrow"}]}
RESULT: undefined
COMMAND: POST /session/638b8c348501295d6d2539f1a905cf1c/element - {"using":"xpath","value":"//*[@id=\"application-manageresources-display-component---newResourceUnit--TYPE-arrow\"]"}
RESULT: {"using":"xpath","value":"//*[@id=\"application-manageresources-display-component---newResourceUnit--TYPE-arrow\"]"}
COMMAND: POST /session/638b8c348501295d6d2539f1a905cf1c/element/f.AA659E0CE08D0C76D21A3A5289A8AF5F.d.E25709F63E81B8FEC25FF31EDCB88C4F.e.8809/click - {}
RESULT: {}
COMMAND: POST /session/638b8c348501295d6d2539f1a905cf1c/element - {"using":"xpath","value":"//input[@id=\"application-manageresources-display-component---newResourceUnit--TYPE-inner\"]"}
COMMAND: GET /session/638b8c348501295d6d2539f1a905cf1c/screenshot - {}
RESULT: {"using":"xpath","value":"//input[@id=\"application-manageresources-display-component---newResourceUnit--TYPE-inner\"]"}
COMMAND: POST /session/638b8c348501295d6d2539f1a905cf1c/element/f.AA659E0CE08D0C76D21A3A5289A8AF5F.d.E25709F63E81B8FEC25FF31EDCB88C4F.e.8806/clear - {}
RESULT: {}
RESULT: {}
COMMAND: POST /session/638b8c348501295d6d2539f1a905cf1c/element/f.AA659E0CE08D0C76D21A3A5289A8AF5F.d.E25709F63E81B8FEC25FF31EDCB88C4F.e.8806/value - {"text":"Equipment"}
COMMAND: GET /session/638b8c348501295d6d2539f1a905cf1c/screenshot - {}
RESULT: {"text":"Equipment"}
COMMAND: GET /session/638b8c348501295d6d2539f1a905cf1c/screenshot - {}
RESULT: {}
RESULT: {}
COMMAND: POST /session/638b8c348501295d6d2539f1a905cf1c/actions - {"actions":[{"id":"action27","type":"key","parameters":{},"actions":[{"type":"keyDown","value":"î€‡"},{"type":"pause","duration":10},{"type":"keyUp","value":"î€‡"}]}]}
RESULT: {"actions":[{"id":"action27","type":"key","parameters":{},"actions":[{"type":"keyDown","value":"î€‡"},{"type":"pause","duration":10},{"type":"keyUp","value":"î€‡"}]}]}
COMMAND: POST /session/638b8c348501295d6d2539f1a905cf1c/execute/async - {"script":"<script> [1562 bytes]","args":[{"selector":{"id":"application-manageresources-display-component---newResourceUnit--resourceId","interaction":{"idSuffix":"inner"}},"wdio_ui5_key":"applicationmanageresources-display-component---newResourceUnit--resourceId"}]}
COMMAND: GET /session/638b8c348501295d6d2539f1a905cf1c/screenshot - {}
RESULT: {"script":"<script> [1562 bytes]","args":[{"selector":{"id":"application-manageresources-display-component---newResourceUnit--resourceId","interaction":{"idSuffix":"inner"}},"wdio_ui5_key":"applicationmanageresources-display-component---newResourceUnit--resourceId"}]}
RESULT: undefined
COMMAND: POST /session/638b8c348501295d6d2539f1a905cf1c/execute/async - {"script":"<script> [776 bytes]","args":[{"enterText":"5YYtR7xX5f","selector":{"id":"application-manageresources-display-component---newResourceUnit--resourceId","interaction":{"idSuffix":"inner"}},"clearTextFirst":true,"interactionType":"ENTER_TEXT"}]}
RESULT: {}
RESULT: {"script":"<script> [776 bytes]","args":[{"enterText":"5YYtR7xX5f","selector":{"id":"application-manageresources-display-component---newResourceUnit--resourceId","interaction":{"idSuffix":"inner"}},"clearTextFirst":true,"interactionType":"ENTER_TEXT"}]}
COMMAND: POST /session/638b8c348501295d6d2539f1a905cf1c/execute/async - {"script":"<script> [1562 bytes]","args":[{"selector":{"id":"application-manageresources-display-component---newResourceUnit--SHORT_TEXT","interaction":{"idSuffix":"inner"}},"wdio_ui5_key":"applicationmanageresources-display-component---newResourceUnit--SHORT_TEXT"}]}
RESULT: {"script":"<script> [1562 bytes]","args":[{"selector":{"id":"application-manageresources-display-component---newResourceUnit--SHORT_TEXT","interaction":{"idSuffix":"inner"}},"wdio_ui5_key":"applicationmanageresources-display-component---newResourceUnit--SHORT_TEXT"}]}
RESULT: undefined
COMMAND: POST /session/638b8c348501295d6d2539f1a905cf1c/execute/async - {"script":"<script> [776 bytes]","args":[{"enterText":"Intercompany Equipment WDIO","selector":{"id":"application-manageresources-display-component---newResourceUnit--SHORT_TEXT","interaction":{"idSuffix":"inner"}},"clearTextFirst":true,"interactionType":"ENTER_TEXT"}]}
RESULT: {"script":"<script> [776 bytes]","args":[{"enterText":"Intercompany Equipment WDIO","selector":{"id":"application-manageresources-display-component---newResourceUnit--SHORT_TEXT","interaction":{"idSuffix":"inner"}},"clearTextFirst":true,"interactionType":"ENTER_TEXT"}]}
COMMAND: POST /session/638b8c348501295d6d2539f1a905cf1c/execute/async - {"script":"<script> [1562 bytes]","args":[{"selector":{"id":"application-manageresources-display-component---newResourceUnit--BASE_UNIT_OF_MEASURE","interaction":{"idSuffix":"inner"}},"wdio_ui5_key":"applicationmanageresources-display-component---newResourceUnit--BASE_UNIT_OF_MEASURE"}]}
RESULT: {"script":"<script> [1562 bytes]","args":[{"selector":{"id":"application-manageresources-display-component---newResourceUnit--BASE_UNIT_OF_MEASURE","interaction":{"idSuffix":"inner"}},"wdio_ui5_key":"applicationmanageresources-display-component---newResourceUnit--BASE_UNIT_OF_MEASURE"}]}
RESULT: undefined
COMMAND: POST /session/638b8c348501295d6d2539f1a905cf1c/execute/async - {"script":"<script> [776 bytes]","args":[{"enterText":"Piece","selector":{"id":"application-manageresources-display-component---newResourceUnit--BASE_UNIT_OF_MEASURE","interaction":{"idSuffix":"inner"}},"clearTextFirst":true,"interactionType":"ENTER_TEXT"}]}
RESULT: {"script":"<script> [776 bytes]","args":[{"enterText":"Piece","selector":{"id":"application-manageresources-display-component---newResourceUnit--BASE_UNIT_OF_MEASURE","interaction":{"idSuffix":"inner"}},"clearTextFirst":true,"interactionType":"ENTER_TEXT"}]}
COMMAND: POST /session/638b8c348501295d6d2539f1a905cf1c/execute/async - {"script":"<script> [1562 bytes]","args":[{"selector":{"id":"application-manageresources-display-component---newResourceUnit--WEIGHT_UNIT","interaction":{"idSuffix":"inner"}},"wdio_ui5_key":"applicationmanageresources-display-component---newResourceUnit--WEIGHT_UNIT"}]}
RESULT: {"script":"<script> [1562 bytes]","args":[{"selector":{"id":"application-manageresources-display-component---newResourceUnit--WEIGHT_UNIT","interaction":{"idSuffix":"inner"}},"wdio_ui5_key":"applicationmanageresources-display-component---newResourceUnit--WEIGHT_UNIT"}]}
RESULT: undefined
COMMAND: POST /session/638b8c348501295d6d2539f1a905cf1c/execute/async - {"script":"<script> [776 bytes]","args":[{"enterText":"Gram","selector":{"id":"application-manageresources-display-component---newResourceUnit--WEIGHT_UNIT","interaction":{"idSuffix":"inner"}},"clearTextFirst":true,"interactionType":"ENTER_TEXT"}]}
RESULT: {"script":"<script> [776 bytes]","args":[{"enterText":"Gram","selector":{"id":"application-manageresources-display-component---newResourceUnit--WEIGHT_UNIT","interaction":{"idSuffix":"inner"}},"clearTextFirst":true,"interactionType":"ENTER_TEXT"}]}
COMMAND: POST /session/638b8c348501295d6d2539f1a905cf1c/execute/async - {"script":"<script> [1562 bytes]","args":[{"selector":{"id":"application-manageresources-display-component---newResourceUnit--DIMENSION_UNIT","interaction":{"idSuffix":"inner"}},"wdio_ui5_key":"applicationmanageresources-display-component---newResourceUnit--DIMENSION_UNIT"}]}
RESULT: {"script":"<script> [1562 bytes]","args":[{"selector":{"id":"application-manageresources-display-component---newResourceUnit--DIMENSION_UNIT","interaction":{"idSuffix":"inner"}},"wdio_ui5_key":"applicationmanageresources-display-component---newResourceUnit--DIMENSION_UNIT"}]}
RESULT: undefined
COMMAND: POST /session/638b8c348501295d6d2539f1a905cf1c/execute/async - {"script":"<script> [776 bytes]","args":[{"enterText":"Meter","selector":{"id":"application-manageresources-display-component---newResourceUnit--DIMENSION_UNIT","interaction":{"idSuffix":"inner"}},"clearTextFirst":true,"interactionType":"ENTER_TEXT"}]}
RESULT: {"script":"<script> [776 bytes]","args":[{"enterText":"Meter","selector":{"id":"application-manageresources-display-component---newResourceUnit--DIMENSION_UNIT","interaction":{"idSuffix":"inner"}},"clearTextFirst":true,"interactionType":"ENTER_TEXT"}]}
COMMAND: POST /session/638b8c348501295d6d2539f1a905cf1c/execute/async - {"script":"<script> [1562 bytes]","args":[{"selector":{"id":"application-manageresources-display-component---newResourceUnit--newRRUPage-anchBar-application-manageresources-display-component---newResourceUnit--control-anchor","interaction":{"idSuffix":"BDI-content"}},"wdio_ui5_key":"applicationmanageresources-display-component---newResourceUnit--newRRUPage-anchBar-application-manageresources-display-component---newResourceUnit--control-anchor"}]}
RESULT: {"script":"<script> [1562 bytes]","args":[{"selector":{"id":"application-manageresources-display-component---newResourceUnit--newRRUPage-anchBar-application-manageresources-display-component---newResourceUnit--control-anchor","interaction":{"idSuffix":"BDI-content"}},"wdio_ui5_key":"applicationmanageresources-display-component---newResourceUnit--newRRUPage-anchBar-application-manageresources-display-component---newResourceUnit--control-anchor"}]}
RESULT: undefined
COMMAND: POST /session/638b8c348501295d6d2539f1a905cf1c/element - {"using":"xpath","value":"//*[@id=\"application-manageresources-display-component---newResourceUnit--newRRUPage-anchBar-application-manageresources-display-component---newResourceUnit--control-anchor\"]"}
RESULT: {"using":"xpath","value":"//*[@id=\"application-manageresources-display-component---newResourceUnit--newRRUPage-anchBar-application-manageresources-display-component---newResourceUnit--control-anchor\"]"}
COMMAND: POST /session/638b8c348501295d6d2539f1a905cf1c/element/f.AA659E0CE08D0C76D21A3A5289A8AF5F.d.E25709F63E81B8FEC25FF31EDCB88C4F.e.8940/click - {}
RESULT: {}
COMMAND: POST /session/638b8c348501295d6d2539f1a905cf1c/execute/async - {"script":"<script> [1562 bytes]","args":[{"selector":{"id":"application-manageresources-display-component---newResourceUnit--PLANNING_GROUP","interaction":{"idSuffix":"inner"}},"wdio_ui5_key":"applicationmanageresources-display-component---newResourceUnit--PLANNING_GROUP"}]}
COMMAND: GET /session/638b8c348501295d6d2539f1a905cf1c/screenshot - {}
RESULT: {"script":"<script> [1562 bytes]","args":[{"selector":{"id":"application-manageresources-display-component---newResourceUnit--PLANNING_GROUP","interaction":{"idSuffix":"inner"}},"wdio_ui5_key":"applicationmanageresources-display-component---newResourceUnit--PLANNING_GROUP"}]}
RESULT: undefined
COMMAND: POST /session/638b8c348501295d6d2539f1a905cf1c/execute/async - {"script":"<script> [776 bytes]","args":[{"enterText":"Heavy Equi","selector":{"id":"application-manageresources-display-component---newResourceUnit--PLANNING_GROUP","interaction":{"idSuffix":"inner"}},"clearTextFirst":true,"interactionType":"ENTER_TEXT"}]}
RESULT: {}
RESULT: {"script":"<script> [776 bytes]","args":[{"enterText":"Heavy Equi","selector":{"id":"application-manageresources-display-component---newResourceUnit--PLANNING_GROUP","interaction":{"idSuffix":"inner"}},"clearTextFirst":true,"interactionType":"ENTER_TEXT"}]}
COMMAND: POST /session/638b8c348501295d6d2539f1a905cf1c/execute/async - {"script":"<script> [1562 bytes]","args":[{"selector":{"id":"application-manageresources-display-component---newResourceUnit--ITEM_TYPE-arrow"},"wdio_ui5_key":"applicationmanageresources-display-component---newResourceUnit--ITEM_TYPE-arrow"}]}
RESULT: {"script":"<script> [1562 bytes]","args":[{"selector":{"id":"application-manageresources-display-component---newResourceUnit--ITEM_TYPE-arrow"},"wdio_ui5_key":"applicationmanageresources-display-component---newResourceUnit--ITEM_TYPE-arrow"}]}
RESULT: undefined
COMMAND: POST /session/638b8c348501295d6d2539f1a905cf1c/element - {"using":"xpath","value":"//*[@id=\"application-manageresources-display-component---newResourceUnit--ITEM_TYPE-arrow\"]"}
RESULT: {"using":"xpath","value":"//*[@id=\"application-manageresources-display-component---newResourceUnit--ITEM_TYPE-arrow\"]"}
COMMAND: POST /session/638b8c348501295d6d2539f1a905cf1c/element/f.AA659E0CE08D0C76D21A3A5289A8AF5F.d.E25709F63E81B8FEC25FF31EDCB88C4F.e.8949/click - {}
RESULT: {}
COMMAND: POST /session/638b8c348501295d6d2539f1a905cf1c/element - {"using":"xpath","value":"(//span[contains(text(), \"Resource Unit\")])[2]"}
COMMAND: GET /session/638b8c348501295d6d2539f1a905cf1c/screenshot - {}
RESULT: {"using":"xpath","value":"(//span[contains(text(), \"Resource Unit\")])[2]"}
COMMAND: POST /session/638b8c348501295d6d2539f1a905cf1c/element/f.AA659E0CE08D0C76D21A3A5289A8AF5F.d.E25709F63E81B8FEC25FF31EDCB88C4F.e.8950/click - {}
RESULT: {}
RESULT: {}
COMMAND: GET /session/638b8c348501295d6d2539f1a905cf1c/screenshot - {}
RESULT: {}
COMMAND: POST /session/638b8c348501295d6d2539f1a905cf1c/element - {"using":"css selector","value":"#application-manageresources-display-component---newResourceUnit--btnAddTimeSegment"}
RESULT: {"using":"css selector","value":"#application-manageresources-display-component---newResourceUnit--btnAddTimeSegment"}
COMMAND: GET /session/638b8c348501295d6d2539f1a905cf1c/element/f.AA659E0CE08D0C76D21A3A5289A8AF5F.d.E25709F63E81B8FEC25FF31EDCB88C4F.e.8951/rect - {}
RESULT: {}
COMMAND: GET /session/638b8c348501295d6d2539f1a905cf1c/window/rect - {}
RESULT: {}
COMMAND: POST /session/638b8c348501295d6d2539f1a905cf1c/execute/sync - {"script":"<script> [92 bytes]","args":[]}
RESULT: {"script":"<script> [92 bytes]","args":[]}
COMMAND: POST /session/638b8c348501295d6d2539f1a905cf1c/actions - {"actions":[{"id":"action28","type":"wheel","parameters":{},"actions":[{"type":"scroll","x":-1888,"y":-32,"deltaX":0,"deltaY":0,"duration":0,"origin":{"element-6066-11e4-a52e-4f735466cecf":"f.AA659E0CE08D0C76D21A3A5289A8AF5F.d.E25709F63E81B8FEC25FF31EDCB88C4F.e.8951"}}]}]}
COMMAND: GET /session/638b8c348501295d6d2539f1a905cf1c/screenshot - {}
RESULT: {}
COMMAND: POST /session/638b8c348501295d6d2539f1a905cf1c/execute/sync - {"script":"<script> [79 bytes]","args":[{"element-6066-11e4-a52e-4f735466cecf":"f.AA659E0CE08D0C76D21A3A5289A8AF5F.d.E25709F63E81B8FEC25FF31EDCB88C4F.e.8951","ELEMENT":"f.AA659E0CE08D0C76D21A3A5289A8AF5F.d.E25709F63E81B8FEC25FF31EDCB88C4F.e.8951"},{"block":"start","inline":"nearest"}]}
RESULT: {"script":"<script> [79 bytes]","args":[{"element-6066-11e4-a52e-4f735466cecf":"f.AA659E0CE08D0C76D21A3A5289A8AF5F.d.E25709F63E81B8FEC25FF31EDCB88C4F.e.8951","ELEMENT":"f.AA659E0CE08D0C76D21A3A5289A8AF5F.d.E25709F63E81B8FEC25FF31EDCB88C4F.e.8951"},{"block":"start","inline":"nearest"}]}
COMMAND: POST /session/638b8c348501295d6d2539f1a905cf1c/execute/async - {"script":"<script> [1562 bytes]","args":[{"selector":{"id":"application-manageresources-display-component---newResourceUnit--btnAddTimeSegment","interaction":{"idSuffix":"inner"}},"wdio_ui5_key":"applicationmanageresources-display-component---newResourceUnit--btnAddTimeSegment"}]}
COMMAND: GET /session/638b8c348501295d6d2539f1a905cf1c/screenshot - {}
RESULT: {"script":"<script> [1562 bytes]","args":[{"selector":{"id":"application-manageresources-display-component---newResourceUnit--btnAddTimeSegment","interaction":{"idSuffix":"inner"}},"wdio_ui5_key":"applicationmanageresources-display-component---newResourceUnit--btnAddTimeSegment"}]}
RESULT: undefined
COMMAND: POST /session/638b8c348501295d6d2539f1a905cf1c/element - {"using":"xpath","value":"//*[@id=\"application-manageresources-display-component---newResourceUnit--btnAddTimeSegment\"]"}
RESULT: {}
RESULT: {"using":"xpath","value":"//*[@id=\"application-manageresources-display-component---newResourceUnit--btnAddTimeSegment\"]"}
COMMAND: POST /session/638b8c348501295d6d2539f1a905cf1c/element/f.AA659E0CE08D0C76D21A3A5289A8AF5F.d.E25709F63E81B8FEC25FF31EDCB88C4F.e.8951/click - {}
RESULT: {}
COMMAND: GET /session/638b8c348501295d6d2539f1a905cf1c/screenshot - {}
RESULT: {}
COMMAND: POST /session/638b8c348501295d6d2539f1a905cf1c/element - {"using":"xpath","value":"//input[@id=\"application-manageresources-display-component---newResourceUnit--idRuTSAdmin-application-manageresources-display-component---newResourceUnit--RUTimeSegment-0-inner\"]"}
RESULT: {"using":"xpath","value":"//input[@id=\"application-manageresources-display-component---newResourceUnit--idRuTSAdmin-application-manageresources-display-component---newResourceUnit--RUTimeSegment-0-inner\"]"}
COMMAND: POST /session/638b8c348501295d6d2539f1a905cf1c/element/f.AA659E0CE08D0C76D21A3A5289A8AF5F.d.E25709F63E81B8FEC25FF31EDCB88C4F.e.8957/clear - {}
RESULT: {}
COMMAND: POST /session/638b8c348501295d6d2539f1a905cf1c/element/f.AA659E0CE08D0C76D21A3A5289A8AF5F.d.E25709F63E81B8FEC25FF31EDCB88C4F.e.8957/value - {"text":"513"}
COMMAND: GET /session/638b8c348501295d6d2539f1a905cf1c/screenshot - {}
RESULT: {"text":"513"}
COMMAND: GET /session/638b8c348501295d6d2539f1a905cf1c/screenshot - {}
RESULT: {}
RESULT: {}
COMMAND: POST /session/638b8c348501295d6d2539f1a905cf1c/element - {"using":"xpath","value":"//li[.//span[text()='513']]"}
RESULT: {"using":"xpath","value":"//li[.//span[text()='513']]"}
COMMAND: POST /session/638b8c348501295d6d2539f1a905cf1c/element/f.AA659E0CE08D0C76D21A3A5289A8AF5F.d.E25709F63E81B8FEC25FF31EDCB88C4F.e.8972/click - {}
RESULT: {}
COMMAND: GET /session/638b8c348501295d6d2539f1a905cf1c/screenshot - {}
RESULT: {}
COMMAND: POST /session/638b8c348501295d6d2539f1a905cf1c/element - {"using":"xpath","value":"(//span[contains(@id, \"-application-manageresources-display-component---newResourceUnit--RUTimeSegment-0-arrow\")])[6]"}
RESULT: {"using":"xpath","value":"(//span[contains(@id, \"-application-manageresources-display-component---newResourceUnit--RUTimeSegment-0-arrow\")])[6]"}
COMMAND: POST /session/638b8c348501295d6d2539f1a905cf1c/element/f.AA659E0CE08D0C76D21A3A5289A8AF5F.d.E25709F63E81B8FEC25FF31EDCB88C4F.e.8973/click - {}
RESULT: {}
COMMAND: GET /session/638b8c348501295d6d2539f1a905cf1c/screenshot - {}
RESULT: {}
COMMAND: POST /session/638b8c348501295d6d2539f1a905cf1c/element - {"using":"xpath","value":"//span[contains(text(), \"PM Order\")]"}
RESULT: {"using":"xpath","value":"//span[contains(text(), \"PM Order\")]"}
COMMAND: POST /session/638b8c348501295d6d2539f1a905cf1c/element/f.AA659E0CE08D0C76D21A3A5289A8AF5F.d.E25709F63E81B8FEC25FF31EDCB88C4F.e.8976/click - {}
RESULT: {}
COMMAND: GET /session/638b8c348501295d6d2539f1a905cf1c/screenshot - {}
RESULT: {}
COMMAND: POST /session/638b8c348501295d6d2539f1a905cf1c/element - {"using":"xpath","value":"(//span[contains(@id ,\"manageresources-display-component---newResourceUnit--RUTimeSegment-0-vhi\")])[1]"}
RESULT: {"using":"xpath","value":"(//span[contains(@id ,\"manageresources-display-component---newResourceUnit--RUTimeSegment-0-vhi\")])[1]"}
COMMAND: GET /session/638b8c348501295d6d2539f1a905cf1c/element/f.AA659E0CE08D0C76D21A3A5289A8AF5F.d.E25709F63E81B8FEC25FF31EDCB88C4F.e.8980/rect - {}
RESULT: {}
COMMAND: GET /session/638b8c348501295d6d2539f1a905cf1c/window/rect - {}
RESULT: {}
COMMAND: POST /session/638b8c348501295d6d2539f1a905cf1c/execute/sync - {"script":"<script> [92 bytes]","args":[]}
RESULT: {"script":"<script> [92 bytes]","args":[]}
COMMAND: POST /session/638b8c348501295d6d2539f1a905cf1c/actions - {"actions":[{"id":"action29","type":"wheel","parameters":{},"actions":[{"type":"scroll","x":-869,"y":-24,"deltaX":0,"deltaY":0,"duration":0,"origin":{"element-6066-11e4-a52e-4f735466cecf":"f.AA659E0CE08D0C76D21A3A5289A8AF5F.d.E25709F63E81B8FEC25FF31EDCB88C4F.e.8980"}}]}]}
COMMAND: GET /session/638b8c348501295d6d2539f1a905cf1c/screenshot - {}
RESULT: {"actions":[{"id":"action29","type":"wheel","parameters":{},"actions":[{"type":"scroll","x":-869,"y":-24,"deltaX":0,"deltaY":0,"duration":0,"origin":{"element-6066-11e4-a52e-4f735466cecf":"f.AA659E0CE08D0C76D21A3A5289A8AF5F.d.E25709F63E81B8FEC25FF31EDCB88C4F.e.8980"}}]}]}
COMMAND: DELETE /session/638b8c348501295d6d2539f1a905cf1c/actions - {}
COMMAND: GET /session/638b8c348501295d6d2539f1a905cf1c/screenshot - {}
RESULT: {}
RESULT: {}
COMMAND: GET /session/638b8c348501295d6d2539f1a905cf1c/screenshot - {}
RESULT: {}
RESULT: {}
COMMAND: POST /session/638b8c348501295d6d2539f1a905cf1c/element/f.AA659E0CE08D0C76D21A3A5289A8AF5F.d.E25709F63E81B8FEC25FF31EDCB88C4F.e.8980/click - {}
RESULT: {}
COMMAND: GET /session/638b8c348501295d6d2539f1a905cf1c/screenshot - {}
RESULT: {}
RESULT: undefined
COMMAND: POST /session/638b8c348501295d6d2539f1a905cf1c/execute/async - {"script":"<script> [776 bytes]","args":[{"enterText":"4000360","selector":{"controlType":"sap.m.SearchField","properties":{"placeholder":"Search"},"searchOpenDialogs":true,"interaction":{"idSuffix":"I"}},"clearTextFirst":true,"interactionType":"ENTER_TEXT"}]}
RESULT: {"script":"<script> [776 bytes]","args":[{"enterText":"4000360","selector":{"controlType":"sap.m.SearchField","properties":{"placeholder":"Search"},"searchOpenDialogs":true,"interaction":{"idSuffix":"I"}},"clearTextFirst":true,"interactionType":"ENTER_TEXT"}]}
COMMAND: POST /session/638b8c348501295d6d2539f1a905cf1c/actions - {"actions":[{"id":"action30","type":"key","parameters":{},"actions":[{"type":"keyDown","value":"î€‡"},{"type":"pause","duration":10},{"type":"keyUp","value":"î€‡"}]}]}
RESULT: {"actions":[{"id":"action30","type":"key","parameters":{},"actions":[{"type":"keyDown","value":"î€‡"},{"type":"pause","duration":10},{"type":"keyUp","value":"î€‡"}]}]}
COMMAND: GET /session/638b8c348501295d6d2539f1a905cf1c/screenshot - {}
RESULT: {}
COMMAND: POST /session/638b8c348501295d6d2539f1a905cf1c/element - {"using":"xpath","value":"//td/div/span[contains(text(), \"BGL Vehicles\")]"}
RESULT: {"using":"xpath","value":"//td/div/span[contains(text(), \"BGL Vehicles\")]"}
COMMAND: POST /session/638b8c348501295d6d2539f1a905cf1c/element/f.AA659E0CE08D0C76D21A3A5289A8AF5F.d.E25709F63E81B8FEC25FF31EDCB88C4F.e.9001/click - {}
RESULT: {}
COMMAND: GET /session/638b8c348501295d6d2539f1a905cf1c/screenshot - {}
RESULT: {}
COMMAND: POST /session/638b8c348501295d6d2539f1a905cf1c/element - {"using":"xpath","value":"//bdi[contains(text(), \"OK\")]"}
RESULT: {"using":"xpath","value":"//bdi[contains(text(), \"OK\")]"}
COMMAND: POST /session/638b8c348501295d6d2539f1a905cf1c/element/f.AA659E0CE08D0C76D21A3A5289A8AF5F.d.E25709F63E81B8FEC25FF31EDCB88C4F.e.9002/click - {}
RESULT: {}
COMMAND: GET /session/638b8c348501295d6d2539f1a905cf1c/screenshot - {}
RESULT: {}
COMMAND: POST /session/638b8c348501295d6d2539f1a905cf1c/execute/async - {"script":"<script> [1562 bytes]","args":[{"selector":{"id":"application-manageresources-display-component---newResourceUnit--newRRUPage-anchBar-application-manageresources-display-component---newResourceUnit--resource-anchor","interaction":{"idSuffix":"BDI-content"}},"wdio_ui5_key":"applicationmanageresources-display-component---newResourceUnit--newRRUPage-anchBar-application-manageresources-display-component---newResourceUnit--resource-anchor"}]}
RESULT: {"script":"<script> [1562 bytes]","args":[{"selector":{"id":"application-manageresources-display-component---newResourceUnit--newRRUPage-anchBar-application-manageresources-display-component---newResourceUnit--resource-anchor","interaction":{"idSuffix":"BDI-content"}},"wdio_ui5_key":"applicationmanageresources-display-component---newResourceUnit--newRRUPage-anchBar-application-manageresources-display-component---newResourceUnit--resource-anchor"}]}
RESULT: undefined
COMMAND: POST /session/638b8c348501295d6d2539f1a905cf1c/element - {"using":"xpath","value":"//*[@id=\"application-manageresources-display-component---newResourceUnit--newRRUPage-anchBar-application-manageresources-display-component---newResourceUnit--resource-anchor\"]"}
RESULT: {"using":"xpath","value":"//*[@id=\"application-manageresources-display-component---newResourceUnit--newRRUPage-anchBar-application-manageresources-display-component---newResourceUnit--resource-anchor\"]"}
COMMAND: POST /session/638b8c348501295d6d2539f1a905cf1c/element/f.AA659E0CE08D0C76D21A3A5289A8AF5F.d.E25709F63E81B8FEC25FF31EDCB88C4F.e.9006/click - {}
RESULT: {}
COMMAND: POST /session/638b8c348501295d6d2539f1a905cf1c/execute/async - {"script":"<script> [1562 bytes]","args":[{"selector":{"id":"application-manageresources-display-component---newResourceUnit--PLANNED_DELIVERY_DATE","interaction":{"idSuffix":"inner"}},"wdio_ui5_key":"applicationmanageresources-display-component---newResourceUnit--PLANNED_DELIVERY_DATE"}]}
COMMAND: GET /session/638b8c348501295d6d2539f1a905cf1c/screenshot - {}
RESULT: {"script":"<script> [1562 bytes]","args":[{"selector":{"id":"application-manageresources-display-component---newResourceUnit--PLANNED_DELIVERY_DATE","interaction":{"idSuffix":"inner"}},"wdio_ui5_key":"applicationmanageresources-display-component---newResourceUnit--PLANNED_DELIVERY_DATE"}]}
RESULT: undefined
COMMAND: POST /session/638b8c348501295d6d2539f1a905cf1c/execute/async - {"script":"<script> [6424 bytes]","args":[{"element-6066-11e4-a52e-4f735466cecf":"f.AA659E0CE08D0C76D21A3A5289A8AF5F.d.E25709F63E81B8FEC25FF31EDCB88C4F.e.8863"},"setValue",["5/2/25"]]}
RESULT: {}
RESULT: {"script":"<script> [6424 bytes]","args":[{"element-6066-11e4-a52e-4f735466cecf":"f.AA659E0CE08D0C76D21A3A5289A8AF5F.d.E25709F63E81B8FEC25FF31EDCB88C4F.e.8863"},"setValue",["5/2/25"]]}
COMMAND: POST /session/638b8c348501295d6d2539f1a905cf1c/element - {"using":"xpath","value":"//button[@data-kt=\"resourceUnitSaveButton\"]"}
RESULT: {"using":"xpath","value":"//button[@data-kt=\"resourceUnitSaveButton\"]"}
COMMAND: POST /session/638b8c348501295d6d2539f1a905cf1c/element/f.AA659E0CE08D0C76D21A3A5289A8AF5F.d.E25709F63E81B8FEC25FF31EDCB88C4F.e.8824/click - {}
RESULT: {}
COMMAND: GET /session/638b8c348501295d6d2539f1a905cf1c/screenshot - {}
RESULT: {}
COMMAND: POST /session/638b8c348501295d6d2539f1a905cf1c/element - {"using":"xpath","value":"//bdi[contains(text(), \"Close\")]"}
RESULT: {"using":"xpath","value":"//bdi[contains(text(), \"Close\")]"}
COMMAND: POST /session/638b8c348501295d6d2539f1a905cf1c/element/f.AA659E0CE08D0C76D21A3A5289A8AF5F.d.E25709F63E81B8FEC25FF31EDCB88C4F.e.9014/click - {}
RESULT: {}
COMMAND: GET /session/638b8c348501295d6d2539f1a905cf1c/screenshot - {}
RESULT: {}
COMMAND: POST /session/638b8c348501295d6d2539f1a905cf1c/element - {"using":"xpath","value":"//bdi[contains(text(), \"Edit\")]"}
RESULT: {"using":"xpath","value":"//bdi[contains(text(), \"Edit\")]"}
COMMAND: POST /session/638b8c348501295d6d2539f1a905cf1c/execute/sync - {"script":"<script> [8489 bytes]","args":[{"element-6066-11e4-a52e-4f735466cecf":"f.AA659E0CE08D0C76D21A3A5289A8AF5F.d.E25709F63E81B8FEC25FF31EDCB88C4F.e.9070","ELEMENT":"f.AA659E0CE08D0C76D21A3A5289A8AF5F.d.E25709F63E81B8FEC25FF31EDCB88C4F.e.9070"}]}
RESULT: {"script":"<script> [8489 bytes]","args":[{"element-6066-11e4-a52e-4f735466cecf":"f.AA659E0CE08D0C76D21A3A5289A8AF5F.d.E25709F63E81B8FEC25FF31EDCB88C4F.e.9070","ELEMENT":"f.AA659E0CE08D0C76D21A3A5289A8AF5F.d.E25709F63E81B8FEC25FF31EDCB88C4F.e.9070"}]}
COMMAND: POST /session/638b8c348501295d6d2539f1a905cf1c/element/f.AA659E0CE08D0C76D21A3A5289A8AF5F.d.E25709F63E81B8FEC25FF31EDCB88C4F.e.9070/click - {}
COMMAND: GET /session/638b8c348501295d6d2539f1a905cf1c/screenshot - {}
RESULT: {}
COMMAND: GET /session/638b8c348501295d6d2539f1a905cf1c/screenshot - {}
RESULT: {}
RESULT: {}
COMMAND: POST /session/638b8c348501295d6d2539f1a905cf1c/execute/async - {"script":"<script> [1562 bytes]","args":[{"selector":{"id":"application-manageresources-display-component---editResource--editRruPage-anchBar-application-manageresources-display-component---editResource--counters-anchor","interaction":{"idSuffix":"BDI-content"}},"wdio_ui5_key":"applicationmanageresources-display-component---editResource--editRruPage-anchBar-application-manageresources-display-component---editResource--counters-anchor"}]}
RESULT: {"script":"<script> [1562 bytes]","args":[{"selector":{"id":"application-manageresources-display-component---editResource--editRruPage-anchBar-application-manageresources-display-component---editResource--counters-anchor","interaction":{"idSuffix":"BDI-content"}},"wdio_ui5_key":"applicationmanageresources-display-component---editResource--editRruPage-anchBar-application-manageresources-display-component---editResource--counters-anchor"}]}
RESULT: undefined
COMMAND: POST /session/638b8c348501295d6d2539f1a905cf1c/element - {"using":"xpath","value":"//*[@id=\"application-manageresources-display-component---editResource--editRruPage-anchBar-application-manageresources-display-component---editResource--counters-anchor\"]"}
RESULT: {"using":"xpath","value":"//*[@id=\"application-manageresources-display-component---editResource--editRruPage-anchBar-application-manageresources-display-component---editResource--counters-anchor\"]"}
COMMAND: POST /session/638b8c348501295d6d2539f1a905cf1c/element/f.AA659E0CE08D0C76D21A3A5289A8AF5F.d.E25709F63E81B8FEC25FF31EDCB88C4F.e.9183/click - {}
RESULT: {}
COMMAND: GET /session/638b8c348501295d6d2539f1a905cf1c/screenshot - {}
RESULT: {}
COMMAND: POST /session/638b8c348501295d6d2539f1a905cf1c/execute/async - {"script":"<script> [1562 bytes]","args":[{"selector":{"id":"application-manageresources-display-component---editResource--btnAddCounter-img"},"wdio_ui5_key":"applicationmanageresources-display-component---editResource--btnAddCounter-img"}]}
RESULT: {"script":"<script> [1562 bytes]","args":[{"selector":{"id":"application-manageresources-display-component---editResource--btnAddCounter-img"},"wdio_ui5_key":"applicationmanageresources-display-component---editResource--btnAddCounter-img"}]}
RESULT: undefined
COMMAND: POST /session/638b8c348501295d6d2539f1a905cf1c/element - {"using":"xpath","value":"//*[@id=\"application-manageresources-display-component---editResource--btnAddCounter-img\"]"}
RESULT: {"using":"xpath","value":"//*[@id=\"application-manageresources-display-component---editResource--btnAddCounter-img\"]"}
COMMAND: POST /session/638b8c348501295d6d2539f1a905cf1c/element/f.AA659E0CE08D0C76D21A3A5289A8AF5F.d.E25709F63E81B8FEC25FF31EDCB88C4F.e.9217/click - {}
RESULT: {}
COMMAND: POST /session/638b8c348501295d6d2539f1a905cf1c/execute/async - {"script":"<script> [1562 bytes]","args":[{"selector":{"id":"application-manageresources-display-component---editResource--COUNTER_ID-application-manageresources-display-component---editResource--RUCounters-0-arrow"},"wdio_ui5_key":"applicationmanageresources-display-component---editResource--COUNTER_ID-application-manageresources-display-component---editResource--RUCounters-0-arrow"}]}
COMMAND: GET /session/638b8c348501295d6d2539f1a905cf1c/screenshot - {}
RESULT: {"script":"<script> [1562 bytes]","args":[{"selector":{"id":"application-manageresources-display-component---editResource--COUNTER_ID-application-manageresources-display-component---editResource--RUCounters-0-arrow"},"wdio_ui5_key":"applicationmanageresources-display-component---editResource--COUNTER_ID-application-manageresources-display-component---editResource--RUCounters-0-arrow"}]}
RESULT: undefined
COMMAND: POST /session/638b8c348501295d6d2539f1a905cf1c/element - {"using":"xpath","value":"//*[@id=\"application-manageresources-display-component---editResource--COUNTER_ID-application-manageresources-display-component---editResource--RUCounters-0-arrow\"]"}
RESULT: {}
RESULT: {"using":"xpath","value":"//*[@id=\"application-manageresources-display-component---editResource--COUNTER_ID-application-manageresources-display-component---editResource--RUCounters-0-arrow\"]"}
COMMAND: POST /session/638b8c348501295d6d2539f1a905cf1c/element/f.AA659E0CE08D0C76D21A3A5289A8AF5F.d.E25709F63E81B8FEC25FF31EDCB88C4F.e.9222/click - {}
RESULT: {}
COMMAND: POST /session/638b8c348501295d6d2539f1a905cf1c/execute/async - {"script":"<script> [1562 bytes]","args":[{"selector":{"controlType":"sap.m.StandardListItem","viewName":"etm.portal.ui.manageresources.view.EditResource","viewId":"application-manageresources-display-component---editResource","properties":{"title":"fuel"},"searchOpenDialogs":true,"interaction":{"idSuffix":"content"}},"wdio_ui5_key":"etmportal.ui.manageresources.view.EditResourcesap.m.StandardListItem{\"title\":\"fuel\"}"}]}
COMMAND: GET /session/638b8c348501295d6d2539f1a905cf1c/screenshot - {}
RESULT: {"script":"<script> [1562 bytes]","args":[{"selector":{"controlType":"sap.m.StandardListItem","viewName":"etm.portal.ui.manageresources.view.EditResource","viewId":"application-manageresources-display-component---editResource","properties":{"title":"fuel"},"searchOpenDialogs":true,"interaction":{"idSuffix":"content"}},"wdio_ui5_key":"etmportal.ui.manageresources.view.EditResourcesap.m.StandardListItem{\"title\":\"fuel\"}"}]}
RESULT: undefined
COMMAND: POST /session/638b8c348501295d6d2539f1a905cf1c/element - {"using":"xpath","value":"//*[@id=\"__item2600\"]"}
RESULT: {}
RESULT: {"using":"xpath","value":"//*[@id=\"__item2600\"]"}
COMMAND: POST /session/638b8c348501295d6d2539f1a905cf1c/element/f.AA659E0CE08D0C76D21A3A5289A8AF5F.d.E25709F63E81B8FEC25FF31EDCB88C4F.e.9224/click - {}
RESULT: {}
COMMAND: GET /session/638b8c348501295d6d2539f1a905cf1c/screenshot - {}
RESULT: {}
COMMAND: POST /session/638b8c348501295d6d2539f1a905cf1c/element - {"using":"xpath","value":"//button[@data-kt=\"saveButton\"]"}
RESULT: {"using":"xpath","value":"//button[@data-kt=\"saveButton\"]"}
COMMAND: POST /session/638b8c348501295d6d2539f1a905cf1c/element/f.AA659E0CE08D0C76D21A3A5289A8AF5F.d.E25709F63E81B8FEC25FF31EDCB88C4F.e.9225/click - {}
RESULT: {}
COMMAND: GET /session/638b8c348501295d6d2539f1a905cf1c/screenshot - {}
RESULT: {}
COMMAND: POST /session/638b8c348501295d6d2539f1a905cf1c/element - {"using":"xpath","value":"(//button[contains(@id ,\"actionsToolbar-overflowButton\")])[1]"}
RESULT: {"using":"xpath","value":"(//button[contains(@id ,\"actionsToolbar-overflowButton\")])[1]"}
COMMAND: POST /session/638b8c348501295d6d2539f1a905cf1c/element/f.AA659E0CE08D0C76D21A3A5289A8AF5F.d.E25709F63E81B8FEC25FF31EDCB88C4F.e.9236/click - {}
RESULT: {}
COMMAND: GET /session/638b8c348501295d6d2539f1a905cf1c/screenshot - {}
RESULT: {}
COMMAND: POST /session/638b8c348501295d6d2539f1a905cf1c/element - {"using":"xpath","value":"//button[@data-kt=\"priceInfoButton\"]"}
RESULT: {"using":"xpath","value":"//button[@data-kt=\"priceInfoButton\"]"}
COMMAND: POST /session/638b8c348501295d6d2539f1a905cf1c/element/f.AA659E0CE08D0C76D21A3A5289A8AF5F.d.E25709F63E81B8FEC25FF31EDCB88C4F.e.9240/click - {}
RESULT: {}
COMMAND: GET /session/638b8c348501295d6d2539f1a905cf1c/screenshot - {}
]]></system-out>
    </testcase>
    <testcase classname="chrome.135_0_7049_96.windows.Create_master_data_for_mixed_billing_&amp;_do_billing_calculation_US151661" name="Should create a TB pricing procedure" time="60.102">
      <system-out><![CDATA[
COMMAND: POST /session/638b8c348501295d6d2539f1a905cf1c/element - {"using":"xpath","value":"//button[@data-kt=\"addButton\"]"}
RESULT: {}
RESULT: {"using":"xpath","value":"//button[@data-kt=\"addButton\"]"}
COMMAND: POST /session/638b8c348501295d6d2539f1a905cf1c/elements - {"using":"xpath","value":"//button[@data-kt=\"addButton\"]"}
RESULT: {"using":"xpath","value":"//button[@data-kt=\"addButton\"]"}
COMMAND: POST /session/638b8c348501295d6d2539f1a905cf1c/execute/sync - {"script":"<script> [8489 bytes]","args":[{"element-6066-11e4-a52e-4f735466cecf":"f.AA659E0CE08D0C76D21A3A5289A8AF5F.d.E25709F63E81B8FEC25FF31EDCB88C4F.e.9278","ELEMENT":"f.AA659E0CE08D0C76D21A3A5289A8AF5F.d.E25709F63E81B8FEC25FF31EDCB88C4F.e.9278"}]}
RESULT: {"script":"<script> [8489 bytes]","args":[{"element-6066-11e4-a52e-4f735466cecf":"f.AA659E0CE08D0C76D21A3A5289A8AF5F.d.E25709F63E81B8FEC25FF31EDCB88C4F.e.9278","ELEMENT":"f.AA659E0CE08D0C76D21A3A5289A8AF5F.d.E25709F63E81B8FEC25FF31EDCB88C4F.e.9278"}]}
COMMAND: GET /session/638b8c348501295d6d2539f1a905cf1c/element/f.AA659E0CE08D0C76D21A3A5289A8AF5F.d.E25709F63E81B8FEC25FF31EDCB88C4F.e.9278/enabled - {}
COMMAND: GET /session/638b8c348501295d6d2539f1a905cf1c/screenshot - {}
RESULT: {}
COMMAND: POST /session/638b8c348501295d6d2539f1a905cf1c/execute/sync - {"script":"<script> [8489 bytes]","args":[{"element-6066-11e4-a52e-4f735466cecf":"f.AA659E0CE08D0C76D21A3A5289A8AF5F.d.E25709F63E81B8FEC25FF31EDCB88C4F.e.9278","ELEMENT":"f.AA659E0CE08D0C76D21A3A5289A8AF5F.d.E25709F63E81B8FEC25FF31EDCB88C4F.e.9278"}]}
COMMAND: GET /session/638b8c348501295d6d2539f1a905cf1c/screenshot - {}
RESULT: {}
RESULT: {"script":"<script> [8489 bytes]","args":[{"element-6066-11e4-a52e-4f735466cecf":"f.AA659E0CE08D0C76D21A3A5289A8AF5F.d.E25709F63E81B8FEC25FF31EDCB88C4F.e.9278","ELEMENT":"f.AA659E0CE08D0C76D21A3A5289A8AF5F.d.E25709F63E81B8FEC25FF31EDCB88C4F.e.9278"}]}
COMMAND: POST /session/638b8c348501295d6d2539f1a905cf1c/execute/sync - {"script":"<script> [5351 bytes]","args":[{"element-6066-11e4-a52e-4f735466cecf":"f.AA659E0CE08D0C76D21A3A5289A8AF5F.d.E25709F63E81B8FEC25FF31EDCB88C4F.e.9278","ELEMENT":"f.AA659E0CE08D0C76D21A3A5289A8AF5F.d.E25709F63E81B8FEC25FF31EDCB88C4F.e.9278"}]}
COMMAND: GET /session/638b8c348501295d6d2539f1a905cf1c/screenshot - {}
RESULT: {}
RESULT: {"script":"<script> [5351 bytes]","args":[{"element-6066-11e4-a52e-4f735466cecf":"f.AA659E0CE08D0C76D21A3A5289A8AF5F.d.E25709F63E81B8FEC25FF31EDCB88C4F.e.9278","ELEMENT":"f.AA659E0CE08D0C76D21A3A5289A8AF5F.d.E25709F63E81B8FEC25FF31EDCB88C4F.e.9278"}]}
COMMAND: POST /session/638b8c348501295d6d2539f1a905cf1c/element/f.AA659E0CE08D0C76D21A3A5289A8AF5F.d.E25709F63E81B8FEC25FF31EDCB88C4F.e.9278/click - {}
COMMAND: GET /session/638b8c348501295d6d2539f1a905cf1c/screenshot - {}
RESULT: {}
RESULT: {}
COMMAND: GET /session/638b8c348501295d6d2539f1a905cf1c/screenshot - {}
RESULT: {}
RESULT: {}
COMMAND: POST /session/638b8c348501295d6d2539f1a905cf1c/execute/async - {"script":"<script> [1562 bytes]","args":[{"selector":{"controlType":"sap.m.Title","viewName":"etm.portal.ui.managepricingrules.view.NewItem","viewId":"application-managepricingrules-display-component---newInfoPriceItem","properties":{"text":"New Pricing Rules - Item Level"}},"wdio_ui5_key":"etmportal.ui.managepricingrules.view.NewItemsap.m.Title{\"text\":\"New Pricing Rules - Item Level\"}"}]}
RESULT: {"script":"<script> [1562 bytes]","args":[{"selector":{"controlType":"sap.m.Title","viewName":"etm.portal.ui.managepricingrules.view.NewItem","viewId":"application-managepricingrules-display-component---newInfoPriceItem","properties":{"text":"New Pricing Rules - Item Level"}},"wdio_ui5_key":"etmportal.ui.managepricingrules.view.NewItemsap.m.Title{\"text\":\"New Pricing Rules - Item Level\"}"}]}
RESULT: undefined
COMMAND: POST /session/638b8c348501295d6d2539f1a905cf1c/execute/async - {"script":"<script> [6424 bytes]","args":[{"element-6066-11e4-a52e-4f735466cecf":"f.AA659E0CE08D0C76D21A3A5289A8AF5F.d.E25709F63E81B8FEC25FF31EDCB88C4F.e.9405"},"getText",[]]}
RESULT: {"script":"<script> [6424 bytes]","args":[{"element-6066-11e4-a52e-4f735466cecf":"f.AA659E0CE08D0C76D21A3A5289A8AF5F.d.E25709F63E81B8FEC25FF31EDCB88C4F.e.9405"},"getText",[]]}
COMMAND: POST /session/638b8c348501295d6d2539f1a905cf1c/execute/async - {"script":"<script> [1562 bytes]","args":[{"selector":{"id":"application-managepricingrules-display-component---newInfoPriceItem--condValidTo","interaction":{"idSuffix":"inner"}},"wdio_ui5_key":"applicationmanagepricingrules-display-component---newInfoPriceItem--condValidTo"}]}
RESULT: {"script":"<script> [1562 bytes]","args":[{"selector":{"id":"application-managepricingrules-display-component---newInfoPriceItem--condValidTo","interaction":{"idSuffix":"inner"}},"wdio_ui5_key":"applicationmanagepricingrules-display-component---newInfoPriceItem--condValidTo"}]}
RESULT: undefined
COMMAND: POST /session/638b8c348501295d6d2539f1a905cf1c/execute/async - {"script":"<script> [776 bytes]","args":[{"enterText":"01/02/26","selector":{"id":"application-managepricingrules-display-component---newInfoPriceItem--condValidTo","interaction":{"idSuffix":"inner"}},"clearTextFirst":true,"interactionType":"ENTER_TEXT"}]}
RESULT: {"script":"<script> [776 bytes]","args":[{"enterText":"01/02/26","selector":{"id":"application-managepricingrules-display-component---newInfoPriceItem--condValidTo","interaction":{"idSuffix":"inner"}},"clearTextFirst":true,"interactionType":"ENTER_TEXT"}]}
COMMAND: POST /session/638b8c348501295d6d2539f1a905cf1c/execute/async - {"script":"<script> [1562 bytes]","args":[{"selector":{"id":"application-managepricingrules-display-component---newInfoPriceItem--billType-arrow"},"wdio_ui5_key":"applicationmanagepricingrules-display-component---newInfoPriceItem--billType-arrow"}]}
RESULT: {"script":"<script> [1562 bytes]","args":[{"selector":{"id":"application-managepricingrules-display-component---newInfoPriceItem--billType-arrow"},"wdio_ui5_key":"applicationmanagepricingrules-display-component---newInfoPriceItem--billType-arrow"}]}
RESULT: undefined
COMMAND: POST /session/638b8c348501295d6d2539f1a905cf1c/element - {"using":"xpath","value":"//*[@id=\"application-managepricingrules-display-component---newInfoPriceItem--billType-arrow\"]"}
RESULT: {"using":"xpath","value":"//*[@id=\"application-managepricingrules-display-component---newInfoPriceItem--billType-arrow\"]"}
COMMAND: POST /session/638b8c348501295d6d2539f1a905cf1c/element/f.AA659E0CE08D0C76D21A3A5289A8AF5F.d.E25709F63E81B8FEC25FF31EDCB88C4F.e.9407/click - {}
RESULT: {}
COMMAND: POST /session/638b8c348501295d6d2539f1a905cf1c/element - {"using":"xpath","value":"//span[contains(text(), \"TB - Time based\")]"}
COMMAND: GET /session/638b8c348501295d6d2539f1a905cf1c/screenshot - {}
RESULT: {"using":"xpath","value":"//span[contains(text(), \"TB - Time based\")]"}
COMMAND: POST /session/638b8c348501295d6d2539f1a905cf1c/element/f.AA659E0CE08D0C76D21A3A5289A8AF5F.d.E25709F63E81B8FEC25FF31EDCB88C4F.e.9408/click - {}
RESULT: {}
RESULT: {}
COMMAND: POST /session/638b8c348501295d6d2539f1a905cf1c/execute/async - {"script":"<script> [1562 bytes]","args":[{"selector":{"id":"application-managepricingrules-display-component---newInfoPriceItem--priceProc-arrow"},"wdio_ui5_key":"applicationmanagepricingrules-display-component---newInfoPriceItem--priceProc-arrow"}]}
COMMAND: GET /session/638b8c348501295d6d2539f1a905cf1c/screenshot - {}
RESULT: {"script":"<script> [1562 bytes]","args":[{"selector":{"id":"application-managepricingrules-display-component---newInfoPriceItem--priceProc-arrow"},"wdio_ui5_key":"applicationmanagepricingrules-display-component---newInfoPriceItem--priceProc-arrow"}]}
RESULT: undefined
COMMAND: POST /session/638b8c348501295d6d2539f1a905cf1c/element - {"using":"xpath","value":"//*[@id=\"application-managepricingrules-display-component---newInfoPriceItem--priceProc-arrow\"]"}
RESULT: {}
RESULT: {"using":"xpath","value":"//*[@id=\"application-managepricingrules-display-component---newInfoPriceItem--priceProc-arrow\"]"}
COMMAND: POST /session/638b8c348501295d6d2539f1a905cf1c/element/f.AA659E0CE08D0C76D21A3A5289A8AF5F.d.E25709F63E81B8FEC25FF31EDCB88C4F.e.9409/click - {}
RESULT: {}
COMMAND: POST /session/638b8c348501295d6d2539f1a905cf1c/element - {"using":"xpath","value":"//span[contains(text(), \"TB - Time based BGL\")]"}
COMMAND: GET /session/638b8c348501295d6d2539f1a905cf1c/screenshot - {}
RESULT: {"using":"xpath","value":"//span[contains(text(), \"TB - Time based BGL\")]"}
COMMAND: POST /session/638b8c348501295d6d2539f1a905cf1c/element/f.AA659E0CE08D0C76D21A3A5289A8AF5F.d.E25709F63E81B8FEC25FF31EDCB88C4F.e.9410/click - {}
RESULT: {}
RESULT: {}
COMMAND: POST /session/638b8c348501295d6d2539f1a905cf1c/execute/async - {"script":"<script> [1562 bytes]","args":[{"selector":{"id":"application-managepricingrules-display-component---newInfoPriceItem--calcBase-arrow"},"wdio_ui5_key":"applicationmanagepricingrules-display-component---newInfoPriceItem--calcBase-arrow"}]}
COMMAND: GET /session/638b8c348501295d6d2539f1a905cf1c/screenshot - {}
RESULT: {"script":"<script> [1562 bytes]","args":[{"selector":{"id":"application-managepricingrules-display-component---newInfoPriceItem--calcBase-arrow"},"wdio_ui5_key":"applicationmanagepricingrules-display-component---newInfoPriceItem--calcBase-arrow"}]}
RESULT: undefined
COMMAND: POST /session/638b8c348501295d6d2539f1a905cf1c/element - {"using":"xpath","value":"//*[@id=\"application-managepricingrules-display-component---newInfoPriceItem--calcBase-arrow\"]"}
RESULT: {}
RESULT: {"using":"xpath","value":"//*[@id=\"application-managepricingrules-display-component---newInfoPriceItem--calcBase-arrow\"]"}
COMMAND: POST /session/638b8c348501295d6d2539f1a905cf1c/element/f.AA659E0CE08D0C76D21A3A5289A8AF5F.d.E25709F63E81B8FEC25FF31EDCB88C4F.e.9382/click - {}
RESULT: {}
COMMAND: GET /session/638b8c348501295d6d2539f1a905cf1c/screenshot - {}
RESULT: {}
COMMAND: POST /session/638b8c348501295d6d2539f1a905cf1c/element - {"using":"xpath","value":"//span[contains(text(), \"0006 - TB(calendar days)\")]"}
RESULT: {"using":"xpath","value":"//span[contains(text(), \"0006 - TB(calendar days)\")]"}
COMMAND: POST /session/638b8c348501295d6d2539f1a905cf1c/element/f.AA659E0CE08D0C76D21A3A5289A8AF5F.d.E25709F63E81B8FEC25FF31EDCB88C4F.e.9411/click - {}
RESULT: {}
COMMAND: GET /session/638b8c348501295d6d2539f1a905cf1c/screenshot - {}
RESULT: {}
COMMAND: POST /session/638b8c348501295d6d2539f1a905cf1c/execute/async - {"script":"<script> [1562 bytes]","args":[{"selector":{"id":"application-managepricingrules-display-component---newInfoPriceItem--hoursMonth","interaction":{"idSuffix":"inner"}},"wdio_ui5_key":"applicationmanagepricingrules-display-component---newInfoPriceItem--hoursMonth"}]}
RESULT: {"script":"<script> [1562 bytes]","args":[{"selector":{"id":"application-managepricingrules-display-component---newInfoPriceItem--hoursMonth","interaction":{"idSuffix":"inner"}},"wdio_ui5_key":"applicationmanagepricingrules-display-component---newInfoPriceItem--hoursMonth"}]}
RESULT: undefined
COMMAND: POST /session/638b8c348501295d6d2539f1a905cf1c/execute/async - {"script":"<script> [776 bytes]","args":[{"enterText":"160","selector":{"id":"application-managepricingrules-display-component---newInfoPriceItem--hoursMonth","interaction":{"idSuffix":"inner"}},"clearTextFirst":true,"interactionType":"ENTER_TEXT"}]}
RESULT: {"script":"<script> [776 bytes]","args":[{"enterText":"160","selector":{"id":"application-managepricingrules-display-component---newInfoPriceItem--hoursMonth","interaction":{"idSuffix":"inner"}},"clearTextFirst":true,"interactionType":"ENTER_TEXT"}]}
COMMAND: POST /session/638b8c348501295d6d2539f1a905cf1c/execute/async - {"script":"<script> [1562 bytes]","args":[{"selector":{"id":"application-managepricingrules-display-component---newInfoPriceItem--daysMonth","interaction":{"idSuffix":"inner"}},"wdio_ui5_key":"applicationmanagepricingrules-display-component---newInfoPriceItem--daysMonth"}]}
RESULT: {"script":"<script> [1562 bytes]","args":[{"selector":{"id":"application-managepricingrules-display-component---newInfoPriceItem--daysMonth","interaction":{"idSuffix":"inner"}},"wdio_ui5_key":"applicationmanagepricingrules-display-component---newInfoPriceItem--daysMonth"}]}
RESULT: undefined
COMMAND: POST /session/638b8c348501295d6d2539f1a905cf1c/execute/async - {"script":"<script> [776 bytes]","args":[{"enterText":"30","selector":{"id":"application-managepricingrules-display-component---newInfoPriceItem--daysMonth","interaction":{"idSuffix":"inner"}},"clearTextFirst":true,"interactionType":"ENTER_TEXT"}]}
RESULT: {"script":"<script> [776 bytes]","args":[{"enterText":"30","selector":{"id":"application-managepricingrules-display-component---newInfoPriceItem--daysMonth","interaction":{"idSuffix":"inner"}},"clearTextFirst":true,"interactionType":"ENTER_TEXT"}]}
COMMAND: POST /session/638b8c348501295d6d2539f1a905cf1c/element - {"using":"xpath","value":"//button[@data-kt=\"saveNewRuleButton\"]"}
RESULT: {"using":"xpath","value":"//button[@data-kt=\"saveNewRuleButton\"]"}
COMMAND: POST /session/638b8c348501295d6d2539f1a905cf1c/element/f.AA659E0CE08D0C76D21A3A5289A8AF5F.d.E25709F63E81B8FEC25FF31EDCB88C4F.e.9394/click - {}
RESULT: {}
COMMAND: GET /session/638b8c348501295d6d2539f1a905cf1c/screenshot - {}
RESULT: {}
COMMAND: POST /session/638b8c348501295d6d2539f1a905cf1c/execute/async - {"script":"<script> [1562 bytes]","args":[{"selector":{"id":"application-managepricingrules-display-component---priceInfoItem--smartFilterBar-btnBasicSearch","interaction":{"idSuffix":"I"}},"wdio_ui5_key":"applicationmanagepricingrules-display-component---priceInfoItem--smartFilterBar-btnBasicSearch"}]}
RESULT: {"script":"<script> [1562 bytes]","args":[{"selector":{"id":"application-managepricingrules-display-component---priceInfoItem--smartFilterBar-btnBasicSearch","interaction":{"idSuffix":"I"}},"wdio_ui5_key":"applicationmanagepricingrules-display-component---priceInfoItem--smartFilterBar-btnBasicSearch"}]}
RESULT: undefined
COMMAND: POST /session/638b8c348501295d6d2539f1a905cf1c/execute/async - {"script":"<script> [776 bytes]","args":[{"enterText":"5YYtR7xX5f","selector":{"id":"application-managepricingrules-display-component---priceInfoItem--smartFilterBar-btnBasicSearch","interaction":{"idSuffix":"I"}},"clearTextFirst":true,"interactionType":"ENTER_TEXT"}]}
RESULT: {"script":"<script> [776 bytes]","args":[{"enterText":"5YYtR7xX5f","selector":{"id":"application-managepricingrules-display-component---priceInfoItem--smartFilterBar-btnBasicSearch","interaction":{"idSuffix":"I"}},"clearTextFirst":true,"interactionType":"ENTER_TEXT"}]}
COMMAND: POST /session/638b8c348501295d6d2539f1a905cf1c/actions - {"actions":[{"id":"action31","type":"key","parameters":{},"actions":[{"type":"keyDown","value":"î€‡"},{"type":"pause","duration":10},{"type":"keyUp","value":"î€‡"}]}]}
RESULT: {"actions":[{"id":"action31","type":"key","parameters":{},"actions":[{"type":"keyDown","value":"î€‡"},{"type":"pause","duration":10},{"type":"keyUp","value":"î€‡"}]}]}
COMMAND: GET /session/638b8c348501295d6d2539f1a905cf1c/screenshot - {}
RESULT: {}
COMMAND: POST /session/638b8c348501295d6d2539f1a905cf1c/element - {"using":"xpath","value":"//span[@id=\"application-managepricingrules-display-component---priceInfoItem--smartTable-header-inner\"]"}
RESULT: {"using":"xpath","value":"//span[@id=\"application-managepricingrules-display-component---priceInfoItem--smartTable-header-inner\"]"}
COMMAND: POST /session/638b8c348501295d6d2539f1a905cf1c/elements - {"using":"xpath","value":"//span[@id=\"application-managepricingrules-display-component---priceInfoItem--smartTable-header-inner\"]"}
RESULT: {"using":"xpath","value":"//span[@id=\"application-managepricingrules-display-component---priceInfoItem--smartTable-header-inner\"]"}
COMMAND: POST /session/638b8c348501295d6d2539f1a905cf1c/execute/sync - {"script":"<script> [56 bytes]","args":[{"element-6066-11e4-a52e-4f735466cecf":"f.AA659E0CE08D0C76D21A3A5289A8AF5F.d.E25709F63E81B8FEC25FF31EDCB88C4F.e.9437","ELEMENT":"f.AA659E0CE08D0C76D21A3A5289A8AF5F.d.E25709F63E81B8FEC25FF31EDCB88C4F.e.9437"}]}
RESULT: {"script":"<script> [56 bytes]","args":[{"element-6066-11e4-a52e-4f735466cecf":"f.AA659E0CE08D0C76D21A3A5289A8AF5F.d.E25709F63E81B8FEC25FF31EDCB88C4F.e.9437","ELEMENT":"f.AA659E0CE08D0C76D21A3A5289A8AF5F.d.E25709F63E81B8FEC25FF31EDCB88C4F.e.9437"}]}
COMMAND: POST /session/638b8c348501295d6d2539f1a905cf1c/element - {"using":"css selector","value":"#shell-header-logo"}
COMMAND: GET /session/638b8c348501295d6d2539f1a905cf1c/screenshot - {}
RESULT: {"using":"css selector","value":"#shell-header-logo"}
COMMAND: POST /session/638b8c348501295d6d2539f1a905cf1c/element/f.AA659E0CE08D0C76D21A3A5289A8AF5F.d.E25709F63E81B8FEC25FF31EDCB88C4F.e.8426/click - {}
RESULT: {}
RESULT: {}
COMMAND: GET /session/638b8c348501295d6d2539f1a905cf1c/screenshot - {}
RESULT: {}
]]></system-out>
    </testcase>
    <testcase classname="chrome.135_0_7049_96.windows.Create_master_data_for_mixed_billing_&amp;_do_billing_calculation_US151661" name="Should add one time condition" time="70.442">
      <system-out><![CDATA[
COMMAND: POST /session/638b8c348501295d6d2539f1a905cf1c/execute/async - {"script":"<script> [1562 bytes]","args":[{"selector":{"controlType":"sap.m.Text","properties":{"text":"Manage Conditions & Prices"},"interaction":{"idSuffix":"inner"}},"wdio_ui5_key":"sapm.Text{\"text\":\"Manage Conditions & Prices\"}"}]}
RESULT: {"script":"<script> [1562 bytes]","args":[{"selector":{"controlType":"sap.m.Text","properties":{"text":"Manage Conditions & Prices"},"interaction":{"idSuffix":"inner"}},"wdio_ui5_key":"sapm.Text{\"text\":\"Manage Conditions & Prices\"}"}]}
RESULT: undefined
COMMAND: POST /session/638b8c348501295d6d2539f1a905cf1c/element - {"using":"xpath","value":"//*[@id=\"__tile53-title\"]"}
RESULT: {"using":"xpath","value":"//*[@id=\"__tile53-title\"]"}
COMMAND: POST /session/638b8c348501295d6d2539f1a905cf1c/element/f.AA659E0CE08D0C76D21A3A5289A8AF5F.d.E25709F63E81B8FEC25FF31EDCB88C4F.e.9440/click - {}
RESULT: {}
COMMAND: POST /session/638b8c348501295d6d2539f1a905cf1c/element - {"using":"xpath","value":"//button[@aria-label=\"Create\"]"}
COMMAND: GET /session/638b8c348501295d6d2539f1a905cf1c/screenshot - {}
RESULT: {"using":"xpath","value":"//button[@aria-label=\"Create\"]"}
COMMAND: POST /session/638b8c348501295d6d2539f1a905cf1c/elements - {"using":"xpath","value":"//button[@aria-label=\"Create\"]"}
RESULT: {}
RESULT: {"using":"xpath","value":"//button[@aria-label=\"Create\"]"}
COMMAND: POST /session/638b8c348501295d6d2539f1a905cf1c/elements - {"using":"xpath","value":"//button[@aria-label=\"Create\"]"}
RESULT: {"using":"xpath","value":"//button[@aria-label=\"Create\"]"}
COMMAND: POST /session/638b8c348501295d6d2539f1a905cf1c/element - {"using":"xpath","value":"//button[@aria-label=\"Create\"]"}
RESULT: {"using":"xpath","value":"//button[@aria-label=\"Create\"]"}
COMMAND: POST /session/638b8c348501295d6d2539f1a905cf1c/execute/sync - {"script":"<script> [8489 bytes]","args":[{"element-6066-11e4-a52e-4f735466cecf":"f.AA659E0CE08D0C76D21A3A5289A8AF5F.d.E25709F63E81B8FEC25FF31EDCB88C4F.e.9474","ELEMENT":"f.AA659E0CE08D0C76D21A3A5289A8AF5F.d.E25709F63E81B8FEC25FF31EDCB88C4F.e.9474"}]}
RESULT: {"script":"<script> [8489 bytes]","args":[{"element-6066-11e4-a52e-4f735466cecf":"f.AA659E0CE08D0C76D21A3A5289A8AF5F.d.E25709F63E81B8FEC25FF31EDCB88C4F.e.9474","ELEMENT":"f.AA659E0CE08D0C76D21A3A5289A8AF5F.d.E25709F63E81B8FEC25FF31EDCB88C4F.e.9474"}]}
COMMAND: GET /session/638b8c348501295d6d2539f1a905cf1c/element/f.AA659E0CE08D0C76D21A3A5289A8AF5F.d.E25709F63E81B8FEC25FF31EDCB88C4F.e.9474/enabled - {}
COMMAND: GET /session/638b8c348501295d6d2539f1a905cf1c/screenshot - {}
RESULT: {}
COMMAND: POST /session/638b8c348501295d6d2539f1a905cf1c/execute/sync - {"script":"<script> [8489 bytes]","args":[{"element-6066-11e4-a52e-4f735466cecf":"f.AA659E0CE08D0C76D21A3A5289A8AF5F.d.E25709F63E81B8FEC25FF31EDCB88C4F.e.9474","ELEMENT":"f.AA659E0CE08D0C76D21A3A5289A8AF5F.d.E25709F63E81B8FEC25FF31EDCB88C4F.e.9474"}]}
COMMAND: GET /session/638b8c348501295d6d2539f1a905cf1c/screenshot - {}
RESULT: {}
RESULT: {"script":"<script> [8489 bytes]","args":[{"element-6066-11e4-a52e-4f735466cecf":"f.AA659E0CE08D0C76D21A3A5289A8AF5F.d.E25709F63E81B8FEC25FF31EDCB88C4F.e.9474","ELEMENT":"f.AA659E0CE08D0C76D21A3A5289A8AF5F.d.E25709F63E81B8FEC25FF31EDCB88C4F.e.9474"}]}
COMMAND: POST /session/638b8c348501295d6d2539f1a905cf1c/execute/sync - {"script":"<script> [5351 bytes]","args":[{"element-6066-11e4-a52e-4f735466cecf":"f.AA659E0CE08D0C76D21A3A5289A8AF5F.d.E25709F63E81B8FEC25FF31EDCB88C4F.e.9474","ELEMENT":"f.AA659E0CE08D0C76D21A3A5289A8AF5F.d.E25709F63E81B8FEC25FF31EDCB88C4F.e.9474"}]}
COMMAND: GET /session/638b8c348501295d6d2539f1a905cf1c/screenshot - {}
RESULT: {}
RESULT: {"script":"<script> [5351 bytes]","args":[{"element-6066-11e4-a52e-4f735466cecf":"f.AA659E0CE08D0C76D21A3A5289A8AF5F.d.E25709F63E81B8FEC25FF31EDCB88C4F.e.9474","ELEMENT":"f.AA659E0CE08D0C76D21A3A5289A8AF5F.d.E25709F63E81B8FEC25FF31EDCB88C4F.e.9474"}]}
COMMAND: POST /session/638b8c348501295d6d2539f1a905cf1c/element/f.AA659E0CE08D0C76D21A3A5289A8AF5F.d.E25709F63E81B8FEC25FF31EDCB88C4F.e.9474/click - {}
COMMAND: GET /session/638b8c348501295d6d2539f1a905cf1c/screenshot - {}
RESULT: {}
RESULT: {}
COMMAND: GET /session/638b8c348501295d6d2539f1a905cf1c/screenshot - {}
RESULT: {}
RESULT: {}
COMMAND: POST /session/638b8c348501295d6d2539f1a905cf1c/actions - {"actions":[{"id":"action32","type":"key","parameters":{},"actions":[{"type":"keyDown","value":"î€‡"},{"type":"pause","duration":10},{"type":"keyUp","value":"î€‡"}]}]}
RESULT: {"actions":[{"id":"action32","type":"key","parameters":{},"actions":[{"type":"keyDown","value":"î€‡"},{"type":"pause","duration":10},{"type":"keyUp","value":"î€‡"}]}]}
COMMAND: GET /session/638b8c348501295d6d2539f1a905cf1c/screenshot - {}
RESULT: {}
COMMAND: POST /session/638b8c348501295d6d2539f1a905cf1c/execute/async - {"script":"<script> [1562 bytes]","args":[{"selector":{"id":"application-manageconditionprice-display-component---newCondition--condBillCond-arrow"},"wdio_ui5_key":"applicationmanageconditionprice-display-component---newCondition--condBillCond-arrow"}]}
RESULT: {"script":"<script> [1562 bytes]","args":[{"selector":{"id":"application-manageconditionprice-display-component---newCondition--condBillCond-arrow"},"wdio_ui5_key":"applicationmanageconditionprice-display-component---newCondition--condBillCond-arrow"}]}
RESULT: undefined
COMMAND: POST /session/638b8c348501295d6d2539f1a905cf1c/element - {"using":"xpath","value":"//*[@id=\"application-manageconditionprice-display-component---newCondition--condBillCond-arrow\"]"}
RESULT: {"using":"xpath","value":"//*[@id=\"application-manageconditionprice-display-component---newCondition--condBillCond-arrow\"]"}
COMMAND: POST /session/638b8c348501295d6d2539f1a905cf1c/element/f.AA659E0CE08D0C76D21A3A5289A8AF5F.d.E25709F63E81B8FEC25FF31EDCB88C4F.e.9659/click - {}
RESULT: {}
COMMAND: GET /session/638b8c348501295d6d2539f1a905cf1c/screenshot - {}
RESULT: {}
COMMAND: POST /session/638b8c348501295d6d2539f1a905cf1c/element - {"using":"xpath","value":"//li[.//span[contains(text(), \"SAPR - Sales price\")]]"}
RESULT: {"using":"xpath","value":"//li[.//span[contains(text(), \"SAPR - Sales price\")]]"}
COMMAND: POST /session/638b8c348501295d6d2539f1a905cf1c/element/f.AA659E0CE08D0C76D21A3A5289A8AF5F.d.E25709F63E81B8FEC25FF31EDCB88C4F.e.9662/click - {}
RESULT: {}
COMMAND: GET /session/638b8c348501295d6d2539f1a905cf1c/screenshot - {}
RESULT: {}
COMMAND: POST /session/638b8c348501295d6d2539f1a905cf1c/execute/async - {"script":"<script> [1562 bytes]","args":[{"selector":{"id":"application-manageconditionprice-display-component---newCondition--condValidTo","interaction":{"idSuffix":"inner"}},"wdio_ui5_key":"applicationmanageconditionprice-display-component---newCondition--condValidTo"}]}
RESULT: {"script":"<script> [1562 bytes]","args":[{"selector":{"id":"application-manageconditionprice-display-component---newCondition--condValidTo","interaction":{"idSuffix":"inner"}},"wdio_ui5_key":"applicationmanageconditionprice-display-component---newCondition--condValidTo"}]}
RESULT: undefined
COMMAND: POST /session/638b8c348501295d6d2539f1a905cf1c/execute/async - {"script":"<script> [776 bytes]","args":[{"enterText":"01/02/26","selector":{"id":"application-manageconditionprice-display-component---newCondition--condValidTo","interaction":{"idSuffix":"inner"}},"clearTextFirst":true,"interactionType":"ENTER_TEXT"}]}
RESULT: {"script":"<script> [776 bytes]","args":[{"enterText":"01/02/26","selector":{"id":"application-manageconditionprice-display-component---newCondition--condValidTo","interaction":{"idSuffix":"inner"}},"clearTextFirst":true,"interactionType":"ENTER_TEXT"}]}
COMMAND: POST /session/638b8c348501295d6d2539f1a905cf1c/element - {"using":"xpath","value":"//input[@id=\"application-manageconditionprice-display-component---newCondition--condRU-inner\"]"}
RESULT: {"using":"xpath","value":"//input[@id=\"application-manageconditionprice-display-component---newCondition--condRU-inner\"]"}
COMMAND: POST /session/638b8c348501295d6d2539f1a905cf1c/element/f.AA659E0CE08D0C76D21A3A5289A8AF5F.d.E25709F63E81B8FEC25FF31EDCB88C4F.e.9490/clear - {}
RESULT: {}
COMMAND: POST /session/638b8c348501295d6d2539f1a905cf1c/element/f.AA659E0CE08D0C76D21A3A5289A8AF5F.d.E25709F63E81B8FEC25FF31EDCB88C4F.e.9490/value - {"text":"5YYtR7xX5f"}
COMMAND: GET /session/638b8c348501295d6d2539f1a905cf1c/screenshot - {}
RESULT: {"text":"5YYtR7xX5f"}
COMMAND: GET /session/638b8c348501295d6d2539f1a905cf1c/screenshot - {}
RESULT: {}
RESULT: {}
COMMAND: POST /session/638b8c348501295d6d2539f1a905cf1c/actions - {"actions":[{"id":"action33","type":"key","parameters":{},"actions":[{"type":"keyDown","value":"î€‡"},{"type":"pause","duration":10},{"type":"keyUp","value":"î€‡"}]}]}
RESULT: {"actions":[{"id":"action33","type":"key","parameters":{},"actions":[{"type":"keyDown","value":"î€‡"},{"type":"pause","duration":10},{"type":"keyUp","value":"î€‡"}]}]}
COMMAND: POST /session/638b8c348501295d6d2539f1a905cf1c/execute/async - {"script":"<script> [1562 bytes]","args":[{"selector":{"id":"application-manageconditionprice-display-component---newCondition--condBaseQty","interaction":{"idSuffix":"inner"}},"wdio_ui5_key":"applicationmanageconditionprice-display-component---newCondition--condBaseQty"}]}
COMMAND: GET /session/638b8c348501295d6d2539f1a905cf1c/screenshot - {}
RESULT: {"script":"<script> [1562 bytes]","args":[{"selector":{"id":"application-manageconditionprice-display-component---newCondition--condBaseQty","interaction":{"idSuffix":"inner"}},"wdio_ui5_key":"applicationmanageconditionprice-display-component---newCondition--condBaseQty"}]}
RESULT: undefined
COMMAND: POST /session/638b8c348501295d6d2539f1a905cf1c/execute/async - {"script":"<script> [776 bytes]","args":[{"enterText":"1","selector":{"id":"application-manageconditionprice-display-component---newCondition--condBaseQty","interaction":{"idSuffix":"inner"}},"clearTextFirst":true,"interactionType":"ENTER_TEXT"}]}
RESULT: {}
RESULT: {"script":"<script> [776 bytes]","args":[{"enterText":"1","selector":{"id":"application-manageconditionprice-display-component---newCondition--condBaseQty","interaction":{"idSuffix":"inner"}},"clearTextFirst":true,"interactionType":"ENTER_TEXT"}]}
COMMAND: POST /session/638b8c348501295d6d2539f1a905cf1c/execute/async - {"script":"<script> [1562 bytes]","args":[{"selector":{"id":"application-manageconditionprice-display-component---newCondition--condValue","interaction":{"idSuffix":"inner"}},"wdio_ui5_key":"applicationmanageconditionprice-display-component---newCondition--condValue"}]}
RESULT: {"script":"<script> [1562 bytes]","args":[{"selector":{"id":"application-manageconditionprice-display-component---newCondition--condValue","interaction":{"idSuffix":"inner"}},"wdio_ui5_key":"applicationmanageconditionprice-display-component---newCondition--condValue"}]}
RESULT: undefined
COMMAND: POST /session/638b8c348501295d6d2539f1a905cf1c/execute/async - {"script":"<script> [776 bytes]","args":[{"enterText":"200","selector":{"id":"application-manageconditionprice-display-component---newCondition--condValue","interaction":{"idSuffix":"inner"}},"clearTextFirst":true,"interactionType":"ENTER_TEXT"}]}
RESULT: {"script":"<script> [776 bytes]","args":[{"enterText":"200","selector":{"id":"application-manageconditionprice-display-component---newCondition--condValue","interaction":{"idSuffix":"inner"}},"clearTextFirst":true,"interactionType":"ENTER_TEXT"}]}
COMMAND: POST /session/638b8c348501295d6d2539f1a905cf1c/execute/async - {"script":"<script> [1562 bytes]","args":[{"selector":{"id":"application-manageconditionprice-display-component---newCondition--condCurr-arrow"},"wdio_ui5_key":"applicationmanageconditionprice-display-component---newCondition--condCurr-arrow"}]}
RESULT: {"script":"<script> [1562 bytes]","args":[{"selector":{"id":"application-manageconditionprice-display-component---newCondition--condCurr-arrow"},"wdio_ui5_key":"applicationmanageconditionprice-display-component---newCondition--condCurr-arrow"}]}
RESULT: undefined
COMMAND: POST /session/638b8c348501295d6d2539f1a905cf1c/element - {"using":"xpath","value":"//*[@id=\"application-manageconditionprice-display-component---newCondition--condCurr-arrow\"]"}
RESULT: {"using":"xpath","value":"//*[@id=\"application-manageconditionprice-display-component---newCondition--condCurr-arrow\"]"}
COMMAND: POST /session/638b8c348501295d6d2539f1a905cf1c/element/f.AA659E0CE08D0C76D21A3A5289A8AF5F.d.E25709F63E81B8FEC25FF31EDCB88C4F.e.9639/click - {}
RESULT: {}
COMMAND: POST /session/638b8c348501295d6d2539f1a905cf1c/element - {"using":"xpath","value":"//span[contains(text(), \"Euro\")]"}
COMMAND: GET /session/638b8c348501295d6d2539f1a905cf1c/screenshot - {}
RESULT: {"using":"xpath","value":"//span[contains(text(), \"Euro\")]"}
COMMAND: POST /session/638b8c348501295d6d2539f1a905cf1c/element/f.AA659E0CE08D0C76D21A3A5289A8AF5F.d.E25709F63E81B8FEC25FF31EDCB88C4F.e.9700/click - {}
RESULT: {}
RESULT: {}
COMMAND: POST /session/638b8c348501295d6d2539f1a905cf1c/element - {"using":"xpath","value":"//button[@data-kt=\"saveButton\"]"}
COMMAND: GET /session/638b8c348501295d6d2539f1a905cf1c/screenshot - {}
RESULT: {"using":"xpath","value":"//button[@data-kt=\"saveButton\"]"}
COMMAND: POST /session/638b8c348501295d6d2539f1a905cf1c/element/f.AA659E0CE08D0C76D21A3A5289A8AF5F.d.E25709F63E81B8FEC25FF31EDCB88C4F.e.9640/click - {}
RESULT: {}
RESULT: {}
COMMAND: GET /session/638b8c348501295d6d2539f1a905cf1c/screenshot - {}
RESULT: {}
COMMAND: POST /session/638b8c348501295d6d2539f1a905cf1c/execute/async - {"script":"<script> [1562 bytes]","args":[{"selector":{"id":"application-manageconditionprice-display-component---conditions--smartFilterBar-btnBasicSearch","interaction":{"idSuffix":"I"}},"wdio_ui5_key":"applicationmanageconditionprice-display-component---conditions--smartFilterBar-btnBasicSearch"}]}
RESULT: {"script":"<script> [1562 bytes]","args":[{"selector":{"id":"application-manageconditionprice-display-component---conditions--smartFilterBar-btnBasicSearch","interaction":{"idSuffix":"I"}},"wdio_ui5_key":"applicationmanageconditionprice-display-component---conditions--smartFilterBar-btnBasicSearch"}]}
RESULT: undefined
COMMAND: POST /session/638b8c348501295d6d2539f1a905cf1c/execute/async - {"script":"<script> [776 bytes]","args":[{"enterText":"5YYtR7xX5f","selector":{"id":"application-manageconditionprice-display-component---conditions--smartFilterBar-btnBasicSearch","interaction":{"idSuffix":"I"}},"clearTextFirst":true,"interactionType":"ENTER_TEXT"}]}
RESULT: {"script":"<script> [776 bytes]","args":[{"enterText":"5YYtR7xX5f","selector":{"id":"application-manageconditionprice-display-component---conditions--smartFilterBar-btnBasicSearch","interaction":{"idSuffix":"I"}},"clearTextFirst":true,"interactionType":"ENTER_TEXT"}]}
COMMAND: POST /session/638b8c348501295d6d2539f1a905cf1c/actions - {"actions":[{"id":"action34","type":"key","parameters":{},"actions":[{"type":"keyDown","value":"î€‡"},{"type":"pause","duration":10},{"type":"keyUp","value":"î€‡"}]}]}
RESULT: {"actions":[{"id":"action34","type":"key","parameters":{},"actions":[{"type":"keyDown","value":"î€‡"},{"type":"pause","duration":10},{"type":"keyUp","value":"î€‡"}]}]}
COMMAND: GET /session/638b8c348501295d6d2539f1a905cf1c/screenshot - {}
RESULT: {}
COMMAND: POST /session/638b8c348501295d6d2539f1a905cf1c/execute/async - {"script":"<script> [1562 bytes]","args":[{"selector":{"id":"application-manageconditionprice-display-component---conditions--smartFilterBar-filterItemControl_BASIC-BILL_TYPES-vhi"},"wdio_ui5_key":"applicationmanageconditionprice-display-component---conditions--smartFilterBar-filterItemControl_BASIC-BILL_TYPES-vhi"}]}
RESULT: {"script":"<script> [1562 bytes]","args":[{"selector":{"id":"application-manageconditionprice-display-component---conditions--smartFilterBar-filterItemControl_BASIC-BILL_TYPES-vhi"},"wdio_ui5_key":"applicationmanageconditionprice-display-component---conditions--smartFilterBar-filterItemControl_BASIC-BILL_TYPES-vhi"}]}
RESULT: undefined
COMMAND: POST /session/638b8c348501295d6d2539f1a905cf1c/element - {"using":"xpath","value":"//*[@id=\"application-manageconditionprice-display-component---conditions--smartFilterBar-filterItemControl_BASIC-BILL_TYPES-vhi\"]"}
RESULT: {"using":"xpath","value":"//*[@id=\"application-manageconditionprice-display-component---conditions--smartFilterBar-filterItemControl_BASIC-BILL_TYPES-vhi\"]"}
COMMAND: POST /session/638b8c348501295d6d2539f1a905cf1c/element/f.AA659E0CE08D0C76D21A3A5289A8AF5F.d.E25709F63E81B8FEC25FF31EDCB88C4F.e.9806/click - {}
RESULT: {}
COMMAND: POST /session/638b8c348501295d6d2539f1a905cf1c/execute/async - {"script":"<script> [1562 bytes]","args":[{"selector":{"id":"application-manageconditionprice-display-component---conditions--smartFilterBar-filterItemControl_BASIC-BILL_TYPES-valueHelpDialog-smartFilterBar-btnBasicSearch","searchOpenDialogs":true,"interaction":{"idSuffix":"I"}},"wdio_ui5_key":"applicationmanageconditionprice-display-component---conditions--smartFilterBar-filterItemControl_BASIC-BILL_TYPES-valueHelpDialog-smartFilterBar-btnBasicSearch"}]}
COMMAND: GET /session/638b8c348501295d6d2539f1a905cf1c/screenshot - {}
RESULT: {"script":"<script> [1562 bytes]","args":[{"selector":{"id":"application-manageconditionprice-display-component---conditions--smartFilterBar-filterItemControl_BASIC-BILL_TYPES-valueHelpDialog-smartFilterBar-btnBasicSearch","searchOpenDialogs":true,"interaction":{"idSuffix":"I"}},"wdio_ui5_key":"applicationmanageconditionprice-display-component---conditions--smartFilterBar-filterItemControl_BASIC-BILL_TYPES-valueHelpDialog-smartFilterBar-btnBasicSearch"}]}
RESULT: undefined
COMMAND: POST /session/638b8c348501295d6d2539f1a905cf1c/execute/async - {"script":"<script> [776 bytes]","args":[{"enterText":"one","selector":{"id":"application-manageconditionprice-display-component---conditions--smartFilterBar-filterItemControl_BASIC-BILL_TYPES-valueHelpDialog-smartFilterBar-btnBasicSearch","searchOpenDialogs":true,"interaction":{"idSuffix":"I"}},"clearTextFirst":true,"interactionType":"ENTER_TEXT"}]}
RESULT: {}
RESULT: {"script":"<script> [776 bytes]","args":[{"enterText":"one","selector":{"id":"application-manageconditionprice-display-component---conditions--smartFilterBar-filterItemControl_BASIC-BILL_TYPES-valueHelpDialog-smartFilterBar-btnBasicSearch","searchOpenDialogs":true,"interaction":{"idSuffix":"I"}},"clearTextFirst":true,"interactionType":"ENTER_TEXT"}]}
COMMAND: POST /session/638b8c348501295d6d2539f1a905cf1c/actions - {"actions":[{"id":"action35","type":"key","parameters":{},"actions":[{"type":"keyDown","value":"î€‡"},{"type":"pause","duration":10},{"type":"keyUp","value":"î€‡"}]}]}
RESULT: {"actions":[{"id":"action35","type":"key","parameters":{},"actions":[{"type":"keyDown","value":"î€‡"},{"type":"pause","duration":10},{"type":"keyUp","value":"î€‡"}]}]}
COMMAND: GET /session/638b8c348501295d6d2539f1a905cf1c/screenshot - {}
RESULT: {}
COMMAND: POST /session/638b8c348501295d6d2539f1a905cf1c/element - {"using":"xpath","value":"//div[contains(@id, 'application-manageconditionprice-display-component---conditions--smartFilterBar-filterItemControl_BASIC-BILL_TYPES-valueHelpDialog-table-rowsel0')]"}
RESULT: {"using":"xpath","value":"//div[contains(@id, 'application-manageconditionprice-display-component---conditions--smartFilterBar-filterItemControl_BASIC-BILL_TYPES-valueHelpDialog-table-rowsel0')]"}
COMMAND: POST /session/638b8c348501295d6d2539f1a905cf1c/element/f.AA659E0CE08D0C76D21A3A5289A8AF5F.d.E25709F63E81B8FEC25FF31EDCB88C4F.e.9816/click - {}
RESULT: {}
COMMAND: GET /session/638b8c348501295d6d2539f1a905cf1c/screenshot - {}
RESULT: {}
COMMAND: POST /session/638b8c348501295d6d2539f1a905cf1c/element - {"using":"xpath","value":"//bdi[contains(text(), \"OK\")]"}
RESULT: {"using":"xpath","value":"//bdi[contains(text(), \"OK\")]"}
COMMAND: POST /session/638b8c348501295d6d2539f1a905cf1c/element/f.AA659E0CE08D0C76D21A3A5289A8AF5F.d.E25709F63E81B8FEC25FF31EDCB88C4F.e.9818/click - {}
RESULT: {}
COMMAND: GET /session/638b8c348501295d6d2539f1a905cf1c/screenshot - {}
RESULT: {}
COMMAND: POST /session/638b8c348501295d6d2539f1a905cf1c/element - {"using":"xpath","value":"//span[@id=\"application-manageconditionprice-display-component---conditions--smartTable-header-inner\"]"}
RESULT: {"using":"xpath","value":"//span[@id=\"application-manageconditionprice-display-component---conditions--smartTable-header-inner\"]"}
COMMAND: POST /session/638b8c348501295d6d2539f1a905cf1c/elements - {"using":"xpath","value":"//span[@id=\"application-manageconditionprice-display-component---conditions--smartTable-header-inner\"]"}
RESULT: {"using":"xpath","value":"//span[@id=\"application-manageconditionprice-display-component---conditions--smartTable-header-inner\"]"}
COMMAND: POST /session/638b8c348501295d6d2539f1a905cf1c/execute/sync - {"script":"<script> [56 bytes]","args":[{"element-6066-11e4-a52e-4f735466cecf":"f.AA659E0CE08D0C76D21A3A5289A8AF5F.d.E25709F63E81B8FEC25FF31EDCB88C4F.e.9821","ELEMENT":"f.AA659E0CE08D0C76D21A3A5289A8AF5F.d.E25709F63E81B8FEC25FF31EDCB88C4F.e.9821"}]}
RESULT: {"script":"<script> [56 bytes]","args":[{"element-6066-11e4-a52e-4f735466cecf":"f.AA659E0CE08D0C76D21A3A5289A8AF5F.d.E25709F63E81B8FEC25FF31EDCB88C4F.e.9821","ELEMENT":"f.AA659E0CE08D0C76D21A3A5289A8AF5F.d.E25709F63E81B8FEC25FF31EDCB88C4F.e.9821"}]}
COMMAND: POST /session/638b8c348501295d6d2539f1a905cf1c/element - {"using":"css selector","value":"#shell-header-logo"}
COMMAND: GET /session/638b8c348501295d6d2539f1a905cf1c/screenshot - {}
RESULT: {}
RESULT: {"using":"css selector","value":"#shell-header-logo"}
COMMAND: POST /session/638b8c348501295d6d2539f1a905cf1c/element/f.AA659E0CE08D0C76D21A3A5289A8AF5F.d.E25709F63E81B8FEC25FF31EDCB88C4F.e.9442/click - {}
RESULT: {}
COMMAND: GET /session/638b8c348501295d6d2539f1a905cf1c/screenshot - {}
RESULT: {}
]]></system-out>
    </testcase>
    <testcase classname="chrome.135_0_7049_96.windows.Create_master_data_for_mixed_billing_&amp;_do_billing_calculation_US151661" name="Should add performance based condition" time="78.263">
      <system-out><![CDATA[
RESULT: undefined
COMMAND: POST /session/638b8c348501295d6d2539f1a905cf1c/element - {"using":"xpath","value":"//*[@id=\"__tile53-title\"]"}
RESULT: {"using":"xpath","value":"//*[@id=\"__tile53-title\"]"}
COMMAND: POST /session/638b8c348501295d6d2539f1a905cf1c/element/f.AA659E0CE08D0C76D21A3A5289A8AF5F.d.E25709F63E81B8FEC25FF31EDCB88C4F.e.9440/click - {}
RESULT: {}
COMMAND: POST /session/638b8c348501295d6d2539f1a905cf1c/element - {"using":"xpath","value":"//button[@aria-label=\"Create\"]"}
COMMAND: GET /session/638b8c348501295d6d2539f1a905cf1c/screenshot - {}
RESULT: {"using":"xpath","value":"//button[@aria-label=\"Create\"]"}
COMMAND: POST /session/638b8c348501295d6d2539f1a905cf1c/elements - {"using":"xpath","value":"//button[@aria-label=\"Create\"]"}
RESULT: {}
RESULT: {"using":"xpath","value":"//button[@aria-label=\"Create\"]"}
COMMAND: POST /session/638b8c348501295d6d2539f1a905cf1c/execute/sync - {"script":"<script> [8489 bytes]","args":[{"element-6066-11e4-a52e-4f735466cecf":"f.AA659E0CE08D0C76D21A3A5289A8AF5F.d.E25709F63E81B8FEC25FF31EDCB88C4F.e.9862","ELEMENT":"f.AA659E0CE08D0C76D21A3A5289A8AF5F.d.E25709F63E81B8FEC25FF31EDCB88C4F.e.9862"}]}
RESULT: {"script":"<script> [8489 bytes]","args":[{"element-6066-11e4-a52e-4f735466cecf":"f.AA659E0CE08D0C76D21A3A5289A8AF5F.d.E25709F63E81B8FEC25FF31EDCB88C4F.e.9862","ELEMENT":"f.AA659E0CE08D0C76D21A3A5289A8AF5F.d.E25709F63E81B8FEC25FF31EDCB88C4F.e.9862"}]}
COMMAND: GET /session/638b8c348501295d6d2539f1a905cf1c/element/f.AA659E0CE08D0C76D21A3A5289A8AF5F.d.E25709F63E81B8FEC25FF31EDCB88C4F.e.9862/enabled - {}
COMMAND: GET /session/638b8c348501295d6d2539f1a905cf1c/screenshot - {}
RESULT: {}
COMMAND: POST /session/638b8c348501295d6d2539f1a905cf1c/execute/sync - {"script":"<script> [8489 bytes]","args":[{"element-6066-11e4-a52e-4f735466cecf":"f.AA659E0CE08D0C76D21A3A5289A8AF5F.d.E25709F63E81B8FEC25FF31EDCB88C4F.e.9862","ELEMENT":"f.AA659E0CE08D0C76D21A3A5289A8AF5F.d.E25709F63E81B8FEC25FF31EDCB88C4F.e.9862"}]}
COMMAND: GET /session/638b8c348501295d6d2539f1a905cf1c/screenshot - {}
RESULT: {}
RESULT: {"script":"<script> [8489 bytes]","args":[{"element-6066-11e4-a52e-4f735466cecf":"f.AA659E0CE08D0C76D21A3A5289A8AF5F.d.E25709F63E81B8FEC25FF31EDCB88C4F.e.9862","ELEMENT":"f.AA659E0CE08D0C76D21A3A5289A8AF5F.d.E25709F63E81B8FEC25FF31EDCB88C4F.e.9862"}]}
COMMAND: POST /session/638b8c348501295d6d2539f1a905cf1c/execute/sync - {"script":"<script> [5351 bytes]","args":[{"element-6066-11e4-a52e-4f735466cecf":"f.AA659E0CE08D0C76D21A3A5289A8AF5F.d.E25709F63E81B8FEC25FF31EDCB88C4F.e.9862","ELEMENT":"f.AA659E0CE08D0C76D21A3A5289A8AF5F.d.E25709F63E81B8FEC25FF31EDCB88C4F.e.9862"}]}
COMMAND: GET /session/638b8c348501295d6d2539f1a905cf1c/screenshot - {}
RESULT: {}
RESULT: {"script":"<script> [5351 bytes]","args":[{"element-6066-11e4-a52e-4f735466cecf":"f.AA659E0CE08D0C76D21A3A5289A8AF5F.d.E25709F63E81B8FEC25FF31EDCB88C4F.e.9862","ELEMENT":"f.AA659E0CE08D0C76D21A3A5289A8AF5F.d.E25709F63E81B8FEC25FF31EDCB88C4F.e.9862"}]}
COMMAND: POST /session/638b8c348501295d6d2539f1a905cf1c/element/f.AA659E0CE08D0C76D21A3A5289A8AF5F.d.E25709F63E81B8FEC25FF31EDCB88C4F.e.9862/click - {}
COMMAND: GET /session/638b8c348501295d6d2539f1a905cf1c/screenshot - {}
RESULT: {}
RESULT: {}
COMMAND: GET /session/638b8c348501295d6d2539f1a905cf1c/screenshot - {}
RESULT: {}
RESULT: {}
COMMAND: POST /session/638b8c348501295d6d2539f1a905cf1c/actions - {"actions":[{"id":"action36","type":"key","parameters":{},"actions":[{"type":"keyDown","value":"î€‡"},{"type":"pause","duration":10},{"type":"keyUp","value":"î€‡"}]}]}
RESULT: {"actions":[{"id":"action36","type":"key","parameters":{},"actions":[{"type":"keyDown","value":"î€‡"},{"type":"pause","duration":10},{"type":"keyUp","value":"î€‡"}]}]}
COMMAND: GET /session/638b8c348501295d6d2539f1a905cf1c/screenshot - {}
RESULT: undefined
COMMAND: POST /session/638b8c348501295d6d2539f1a905cf1c/element - {"using":"xpath","value":"//*[@id=\"application-manageconditionprice-display-component---newCondition--condBillCond-arrow\"]"}
RESULT: {}
RESULT: {"using":"xpath","value":"//*[@id=\"application-manageconditionprice-display-component---newCondition--condBillCond-arrow\"]"}
COMMAND: POST /session/638b8c348501295d6d2539f1a905cf1c/element/f.AA659E0CE08D0C76D21A3A5289A8AF5F.d.E25709F63E81B8FEC25FF31EDCB88C4F.e.10350/click - {}
RESULT: {}
COMMAND: GET /session/638b8c348501295d6d2539f1a905cf1c/screenshot - {}
RESULT: {}
COMMAND: POST /session/638b8c348501295d6d2539f1a905cf1c/element - {"using":"xpath","value":"//li[.//span[contains(text(), \"PC06 - Performance Price - fuel\")]]"}
RESULT: {"using":"xpath","value":"//li[.//span[contains(text(), \"PC06 - Performance Price - fuel\")]]"}
COMMAND: POST /session/638b8c348501295d6d2539f1a905cf1c/element/f.AA659E0CE08D0C76D21A3A5289A8AF5F.d.E25709F63E81B8FEC25FF31EDCB88C4F.e.10353/click - {}
RESULT: {}
COMMAND: GET /session/638b8c348501295d6d2539f1a905cf1c/screenshot - {}
RESULT: {}
RESULT: undefined
COMMAND: POST /session/638b8c348501295d6d2539f1a905cf1c/execute/async - {"script":"<script> [776 bytes]","args":[{"enterText":"01/02/26","selector":{"id":"application-manageconditionprice-display-component---newCondition--condValidTo","interaction":{"idSuffix":"inner"}},"clearTextFirst":true,"interactionType":"ENTER_TEXT"}]}
RESULT: {"script":"<script> [776 bytes]","args":[{"enterText":"01/02/26","selector":{"id":"application-manageconditionprice-display-component---newCondition--condValidTo","interaction":{"idSuffix":"inner"}},"clearTextFirst":true,"interactionType":"ENTER_TEXT"}]}
COMMAND: POST /session/638b8c348501295d6d2539f1a905cf1c/element - {"using":"xpath","value":"//input[@id=\"application-manageconditionprice-display-component---newCondition--condRU-inner\"]"}
RESULT: {"using":"xpath","value":"//input[@id=\"application-manageconditionprice-display-component---newCondition--condRU-inner\"]"}
COMMAND: POST /session/638b8c348501295d6d2539f1a905cf1c/element/f.AA659E0CE08D0C76D21A3A5289A8AF5F.d.E25709F63E81B8FEC25FF31EDCB88C4F.e.10068/clear - {}
RESULT: {}
COMMAND: POST /session/638b8c348501295d6d2539f1a905cf1c/element/f.AA659E0CE08D0C76D21A3A5289A8AF5F.d.E25709F63E81B8FEC25FF31EDCB88C4F.e.10068/value - {"text":"5YYtR7xX5f"}
COMMAND: GET /session/638b8c348501295d6d2539f1a905cf1c/screenshot - {}
RESULT: {"text":"5YYtR7xX5f"}
COMMAND: GET /session/638b8c348501295d6d2539f1a905cf1c/screenshot - {}
RESULT: {}
RESULT: {}
COMMAND: POST /session/638b8c348501295d6d2539f1a905cf1c/actions - {"actions":[{"id":"action37","type":"key","parameters":{},"actions":[{"type":"keyDown","value":"î€‡"},{"type":"pause","duration":10},{"type":"keyUp","value":"î€‡"}]}]}
RESULT: {"actions":[{"id":"action37","type":"key","parameters":{},"actions":[{"type":"keyDown","value":"î€‡"},{"type":"pause","duration":10},{"type":"keyUp","value":"î€‡"}]}]}
RESULT: undefined
COMMAND: POST /session/638b8c348501295d6d2539f1a905cf1c/execute/async - {"script":"<script> [776 bytes]","args":[{"enterText":"1","selector":{"id":"application-manageconditionprice-display-component---newCondition--condBaseQty","interaction":{"idSuffix":"inner"}},"clearTextFirst":true,"interactionType":"ENTER_TEXT"}]}
COMMAND: GET /session/638b8c348501295d6d2539f1a905cf1c/screenshot - {}
RESULT: {"script":"<script> [776 bytes]","args":[{"enterText":"1","selector":{"id":"application-manageconditionprice-display-component---newCondition--condBaseQty","interaction":{"idSuffix":"inner"}},"clearTextFirst":true,"interactionType":"ENTER_TEXT"}]}
RESULT: undefined
COMMAND: POST /session/638b8c348501295d6d2539f1a905cf1c/execute/async - {"script":"<script> [776 bytes]","args":[{"enterText":"10","selector":{"id":"application-manageconditionprice-display-component---newCondition--condValue","interaction":{"idSuffix":"inner"}},"clearTextFirst":true,"interactionType":"ENTER_TEXT"}]}
RESULT: {}
RESULT: {"script":"<script> [776 bytes]","args":[{"enterText":"10","selector":{"id":"application-manageconditionprice-display-component---newCondition--condValue","interaction":{"idSuffix":"inner"}},"clearTextFirst":true,"interactionType":"ENTER_TEXT"}]}
RESULT: undefined
COMMAND: POST /session/638b8c348501295d6d2539f1a905cf1c/element - {"using":"xpath","value":"//*[@id=\"application-manageconditionprice-display-component---newCondition--condCurr-arrow\"]"}
RESULT: {"using":"xpath","value":"//*[@id=\"application-manageconditionprice-display-component---newCondition--condCurr-arrow\"]"}
COMMAND: POST /session/638b8c348501295d6d2539f1a905cf1c/element/f.AA659E0CE08D0C76D21A3A5289A8AF5F.d.E25709F63E81B8FEC25FF31EDCB88C4F.e.10310/click - {}
RESULT: {}
COMMAND: POST /session/638b8c348501295d6d2539f1a905cf1c/element - {"using":"xpath","value":"//span[contains(text(), \"Euro\")]"}
COMMAND: GET /session/638b8c348501295d6d2539f1a905cf1c/screenshot - {}
RESULT: {"using":"xpath","value":"//span[contains(text(), \"Euro\")]"}
COMMAND: POST /session/638b8c348501295d6d2539f1a905cf1c/element/f.AA659E0CE08D0C76D21A3A5289A8AF5F.d.E25709F63E81B8FEC25FF31EDCB88C4F.e.10386/click - {}
RESULT: {}
RESULT: {}
COMMAND: POST /session/638b8c348501295d6d2539f1a905cf1c/element - {"using":"xpath","value":"//button[@data-kt=\"saveButton\"]"}
COMMAND: GET /session/638b8c348501295d6d2539f1a905cf1c/screenshot - {}
RESULT: {"using":"xpath","value":"//button[@data-kt=\"saveButton\"]"}
COMMAND: POST /session/638b8c348501295d6d2539f1a905cf1c/element/f.AA659E0CE08D0C76D21A3A5289A8AF5F.d.E25709F63E81B8FEC25FF31EDCB88C4F.e.10311/click - {}
RESULT: {}
RESULT: {}
COMMAND: GET /session/638b8c348501295d6d2539f1a905cf1c/screenshot - {}
RESULT: {}
RESULT: undefined
COMMAND: POST /session/638b8c348501295d6d2539f1a905cf1c/execute/async - {"script":"<script> [776 bytes]","args":[{"enterText":"5YYtR7xX5f","selector":{"id":"application-manageconditionprice-display-component---conditions--smartFilterBar-btnBasicSearch","interaction":{"idSuffix":"I"}},"clearTextFirst":true,"interactionType":"ENTER_TEXT"}]}
RESULT: {"script":"<script> [776 bytes]","args":[{"enterText":"5YYtR7xX5f","selector":{"id":"application-manageconditionprice-display-component---conditions--smartFilterBar-btnBasicSearch","interaction":{"idSuffix":"I"}},"clearTextFirst":true,"interactionType":"ENTER_TEXT"}]}
COMMAND: POST /session/638b8c348501295d6d2539f1a905cf1c/actions - {"actions":[{"id":"action38","type":"key","parameters":{},"actions":[{"type":"keyDown","value":"î€‡"},{"type":"pause","duration":10},{"type":"keyUp","value":"î€‡"}]}]}
RESULT: {"actions":[{"id":"action38","type":"key","parameters":{},"actions":[{"type":"keyDown","value":"î€‡"},{"type":"pause","duration":10},{"type":"keyUp","value":"î€‡"}]}]}
COMMAND: GET /session/638b8c348501295d6d2539f1a905cf1c/screenshot - {}
RESULT: {}
RESULT: undefined
COMMAND: POST /session/638b8c348501295d6d2539f1a905cf1c/element - {"using":"xpath","value":"//*[@id=\"application-manageconditionprice-display-component---conditions--smartFilterBar-filterItemControl_BASIC-BILL_TYPES-vhi\"]"}
RESULT: {"using":"xpath","value":"//*[@id=\"application-manageconditionprice-display-component---conditions--smartFilterBar-filterItemControl_BASIC-BILL_TYPES-vhi\"]"}
COMMAND: POST /session/638b8c348501295d6d2539f1a905cf1c/element/f.AA659E0CE08D0C76D21A3A5289A8AF5F.d.E25709F63E81B8FEC25FF31EDCB88C4F.e.10642/click - {}
RESULT: {}
RESULT: undefined
COMMAND: POST /session/638b8c348501295d6d2539f1a905cf1c/execute/async - {"script":"<script> [776 bytes]","args":[{"enterText":"PB","selector":{"id":"application-manageconditionprice-display-component---conditions--smartFilterBar-filterItemControl_BASIC-BILL_TYPES-valueHelpDialog-smartFilterBar-btnBasicSearch","searchOpenDialogs":true,"interaction":{"idSuffix":"I"}},"clearTextFirst":true,"interactionType":"ENTER_TEXT"}]}
COMMAND: GET /session/638b8c348501295d6d2539f1a905cf1c/screenshot - {}
RESULT: {"script":"<script> [776 bytes]","args":[{"enterText":"PB","selector":{"id":"application-manageconditionprice-display-component---conditions--smartFilterBar-filterItemControl_BASIC-BILL_TYPES-valueHelpDialog-smartFilterBar-btnBasicSearch","searchOpenDialogs":true,"interaction":{"idSuffix":"I"}},"clearTextFirst":true,"interactionType":"ENTER_TEXT"}]}
COMMAND: POST /session/638b8c348501295d6d2539f1a905cf1c/actions - {"actions":[{"id":"action39","type":"key","parameters":{},"actions":[{"type":"keyDown","value":"î€‡"},{"type":"pause","duration":10},{"type":"keyUp","value":"î€‡"}]}]}
RESULT: {}
RESULT: {"actions":[{"id":"action39","type":"key","parameters":{},"actions":[{"type":"keyDown","value":"î€‡"},{"type":"pause","duration":10},{"type":"keyUp","value":"î€‡"}]}]}
COMMAND: GET /session/638b8c348501295d6d2539f1a905cf1c/screenshot - {}
RESULT: {}
COMMAND: POST /session/638b8c348501295d6d2539f1a905cf1c/element - {"using":"xpath","value":"//div[contains(@id, 'application-manageconditionprice-display-component---conditions--smartFilterBar-filterItemControl_BASIC-BILL_TYPES-valueHelpDialog-table-rowsel0')]"}
RESULT: {"using":"xpath","value":"//div[contains(@id, 'application-manageconditionprice-display-component---conditions--smartFilterBar-filterItemControl_BASIC-BILL_TYPES-valueHelpDialog-table-rowsel0')]"}
COMMAND: POST /session/638b8c348501295d6d2539f1a905cf1c/element/f.AA659E0CE08D0C76D21A3A5289A8AF5F.d.E25709F63E81B8FEC25FF31EDCB88C4F.e.10649/click - {}
RESULT: {}
COMMAND: GET /session/638b8c348501295d6d2539f1a905cf1c/screenshot - {}
RESULT: {}
COMMAND: POST /session/638b8c348501295d6d2539f1a905cf1c/element - {"using":"xpath","value":"//bdi[contains(text(), \"OK\")]"}
RESULT: {"using":"xpath","value":"//bdi[contains(text(), \"OK\")]"}
COMMAND: POST /session/638b8c348501295d6d2539f1a905cf1c/element/f.AA659E0CE08D0C76D21A3A5289A8AF5F.d.E25709F63E81B8FEC25FF31EDCB88C4F.e.10651/click - {}
RESULT: {}
COMMAND: GET /session/638b8c348501295d6d2539f1a905cf1c/screenshot - {}
RESULT: {}
COMMAND: POST /session/638b8c348501295d6d2539f1a905cf1c/element - {"using":"xpath","value":"//span[@id=\"application-manageconditionprice-display-component---conditions--smartTable-header-inner\"]"}
RESULT: {"using":"xpath","value":"//span[@id=\"application-manageconditionprice-display-component---conditions--smartTable-header-inner\"]"}
COMMAND: POST /session/638b8c348501295d6d2539f1a905cf1c/elements - {"using":"xpath","value":"//span[@id=\"application-manageconditionprice-display-component---conditions--smartTable-header-inner\"]"}
RESULT: {"using":"xpath","value":"//span[@id=\"application-manageconditionprice-display-component---conditions--smartTable-header-inner\"]"}
COMMAND: POST /session/638b8c348501295d6d2539f1a905cf1c/execute/sync - {"script":"<script> [56 bytes]","args":[{"element-6066-11e4-a52e-4f735466cecf":"f.AA659E0CE08D0C76D21A3A5289A8AF5F.d.E25709F63E81B8FEC25FF31EDCB88C4F.e.10654","ELEMENT":"f.AA659E0CE08D0C76D21A3A5289A8AF5F.d.E25709F63E81B8FEC25FF31EDCB88C4F.e.10654"}]}
RESULT: {"script":"<script> [56 bytes]","args":[{"element-6066-11e4-a52e-4f735466cecf":"f.AA659E0CE08D0C76D21A3A5289A8AF5F.d.E25709F63E81B8FEC25FF31EDCB88C4F.e.10654","ELEMENT":"f.AA659E0CE08D0C76D21A3A5289A8AF5F.d.E25709F63E81B8FEC25FF31EDCB88C4F.e.10654"}]}
COMMAND: POST /session/638b8c348501295d6d2539f1a905cf1c/element - {"using":"css selector","value":"#shell-header-logo"}
COMMAND: GET /session/638b8c348501295d6d2539f1a905cf1c/screenshot - {}
RESULT: {"using":"css selector","value":"#shell-header-logo"}
COMMAND: POST /session/638b8c348501295d6d2539f1a905cf1c/element/f.AA659E0CE08D0C76D21A3A5289A8AF5F.d.E25709F63E81B8FEC25FF31EDCB88C4F.e.9828/click - {}
RESULT: {}
RESULT: {}
COMMAND: GET /session/638b8c348501295d6d2539f1a905cf1c/screenshot - {}
RESULT: {}
]]></system-out>
    </testcase>
    <testcase classname="chrome.135_0_7049_96.windows.Create_master_data_for_mixed_billing_&amp;_do_billing_calculation_US151661" name="Should add time based condition" time="72.683">
      <system-out><![CDATA[
RESULT: undefined
COMMAND: POST /session/638b8c348501295d6d2539f1a905cf1c/element - {"using":"xpath","value":"//*[@id=\"__tile53-title\"]"}
RESULT: {"using":"xpath","value":"//*[@id=\"__tile53-title\"]"}
COMMAND: POST /session/638b8c348501295d6d2539f1a905cf1c/element/f.AA659E0CE08D0C76D21A3A5289A8AF5F.d.E25709F63E81B8FEC25FF31EDCB88C4F.e.9440/click - {}
RESULT: {}
COMMAND: POST /session/638b8c348501295d6d2539f1a905cf1c/element - {"using":"xpath","value":"//button[@aria-label=\"Create\"]"}
COMMAND: GET /session/638b8c348501295d6d2539f1a905cf1c/screenshot - {}
RESULT: {"using":"xpath","value":"//button[@aria-label=\"Create\"]"}
COMMAND: POST /session/638b8c348501295d6d2539f1a905cf1c/elements - {"using":"xpath","value":"//button[@aria-label=\"Create\"]"}
RESULT: {}
RESULT: {"using":"xpath","value":"//button[@aria-label=\"Create\"]"}
COMMAND: POST /session/638b8c348501295d6d2539f1a905cf1c/execute/sync - {"script":"<script> [8489 bytes]","args":[{"element-6066-11e4-a52e-4f735466cecf":"f.AA659E0CE08D0C76D21A3A5289A8AF5F.d.E25709F63E81B8FEC25FF31EDCB88C4F.e.10799","ELEMENT":"f.AA659E0CE08D0C76D21A3A5289A8AF5F.d.E25709F63E81B8FEC25FF31EDCB88C4F.e.10799"}]}
RESULT: {"script":"<script> [8489 bytes]","args":[{"element-6066-11e4-a52e-4f735466cecf":"f.AA659E0CE08D0C76D21A3A5289A8AF5F.d.E25709F63E81B8FEC25FF31EDCB88C4F.e.10799","ELEMENT":"f.AA659E0CE08D0C76D21A3A5289A8AF5F.d.E25709F63E81B8FEC25FF31EDCB88C4F.e.10799"}]}
COMMAND: GET /session/638b8c348501295d6d2539f1a905cf1c/element/f.AA659E0CE08D0C76D21A3A5289A8AF5F.d.E25709F63E81B8FEC25FF31EDCB88C4F.e.10799/enabled - {}
COMMAND: GET /session/638b8c348501295d6d2539f1a905cf1c/screenshot - {}
RESULT: {}
COMMAND: POST /session/638b8c348501295d6d2539f1a905cf1c/execute/sync - {"script":"<script> [8489 bytes]","args":[{"element-6066-11e4-a52e-4f735466cecf":"f.AA659E0CE08D0C76D21A3A5289A8AF5F.d.E25709F63E81B8FEC25FF31EDCB88C4F.e.10799","ELEMENT":"f.AA659E0CE08D0C76D21A3A5289A8AF5F.d.E25709F63E81B8FEC25FF31EDCB88C4F.e.10799"}]}
COMMAND: GET /session/638b8c348501295d6d2539f1a905cf1c/screenshot - {}
RESULT: {}
RESULT: {"script":"<script> [8489 bytes]","args":[{"element-6066-11e4-a52e-4f735466cecf":"f.AA659E0CE08D0C76D21A3A5289A8AF5F.d.E25709F63E81B8FEC25FF31EDCB88C4F.e.10799","ELEMENT":"f.AA659E0CE08D0C76D21A3A5289A8AF5F.d.E25709F63E81B8FEC25FF31EDCB88C4F.e.10799"}]}
COMMAND: POST /session/638b8c348501295d6d2539f1a905cf1c/execute/sync - {"script":"<script> [5351 bytes]","args":[{"element-6066-11e4-a52e-4f735466cecf":"f.AA659E0CE08D0C76D21A3A5289A8AF5F.d.E25709F63E81B8FEC25FF31EDCB88C4F.e.10799","ELEMENT":"f.AA659E0CE08D0C76D21A3A5289A8AF5F.d.E25709F63E81B8FEC25FF31EDCB88C4F.e.10799"}]}
COMMAND: GET /session/638b8c348501295d6d2539f1a905cf1c/screenshot - {}
RESULT: {}
RESULT: {"script":"<script> [5351 bytes]","args":[{"element-6066-11e4-a52e-4f735466cecf":"f.AA659E0CE08D0C76D21A3A5289A8AF5F.d.E25709F63E81B8FEC25FF31EDCB88C4F.e.10799","ELEMENT":"f.AA659E0CE08D0C76D21A3A5289A8AF5F.d.E25709F63E81B8FEC25FF31EDCB88C4F.e.10799"}]}
COMMAND: POST /session/638b8c348501295d6d2539f1a905cf1c/element/f.AA659E0CE08D0C76D21A3A5289A8AF5F.d.E25709F63E81B8FEC25FF31EDCB88C4F.e.10799/click - {}
COMMAND: GET /session/638b8c348501295d6d2539f1a905cf1c/screenshot - {}
RESULT: {}
RESULT: {}
COMMAND: GET /session/638b8c348501295d6d2539f1a905cf1c/screenshot - {}
RESULT: {}
RESULT: {}
COMMAND: POST /session/638b8c348501295d6d2539f1a905cf1c/actions - {"actions":[{"id":"action40","type":"key","parameters":{},"actions":[{"type":"keyDown","value":"î€‡"},{"type":"pause","duration":10},{"type":"keyUp","value":"î€‡"}]}]}
RESULT: {"actions":[{"id":"action40","type":"key","parameters":{},"actions":[{"type":"keyDown","value":"î€‡"},{"type":"pause","duration":10},{"type":"keyUp","value":"î€‡"}]}]}
COMMAND: GET /session/638b8c348501295d6d2539f1a905cf1c/screenshot - {}
RESULT: undefined
COMMAND: POST /session/638b8c348501295d6d2539f1a905cf1c/element - {"using":"xpath","value":"//*[@id=\"application-manageconditionprice-display-component---newCondition--condBillCond-arrow\"]"}
RESULT: {}
RESULT: {"using":"xpath","value":"//*[@id=\"application-manageconditionprice-display-component---newCondition--condBillCond-arrow\"]"}
COMMAND: POST /session/638b8c348501295d6d2539f1a905cf1c/element/f.AA659E0CE08D0C76D21A3A5289A8AF5F.d.E25709F63E81B8FEC25FF31EDCB88C4F.e.11216/click - {}
RESULT: {}
COMMAND: GET /session/638b8c348501295d6d2539f1a905cf1c/screenshot - {}
RESULT: {}
COMMAND: POST /session/638b8c348501295d6d2539f1a905cf1c/element - {"using":"xpath","value":"//li[.//span[contains(text(), \"DISP - D&I special price\")]]"}
RESULT: {"using":"xpath","value":"//li[.//span[contains(text(), \"DISP - D&I special price\")]]"}
COMMAND: POST /session/638b8c348501295d6d2539f1a905cf1c/element/f.AA659E0CE08D0C76D21A3A5289A8AF5F.d.E25709F63E81B8FEC25FF31EDCB88C4F.e.11219/click - {}
RESULT: {}
COMMAND: GET /session/638b8c348501295d6d2539f1a905cf1c/screenshot - {}
RESULT: {}
RESULT: undefined
COMMAND: POST /session/638b8c348501295d6d2539f1a905cf1c/execute/async - {"script":"<script> [776 bytes]","args":[{"enterText":"01/02/26","selector":{"id":"application-manageconditionprice-display-component---newCondition--condValidTo","interaction":{"idSuffix":"inner"}},"clearTextFirst":true,"interactionType":"ENTER_TEXT"}]}
RESULT: {"script":"<script> [776 bytes]","args":[{"enterText":"01/02/26","selector":{"id":"application-manageconditionprice-display-component---newCondition--condValidTo","interaction":{"idSuffix":"inner"}},"clearTextFirst":true,"interactionType":"ENTER_TEXT"}]}
COMMAND: POST /session/638b8c348501295d6d2539f1a905cf1c/element - {"using":"xpath","value":"//input[@id=\"application-manageconditionprice-display-component---newCondition--condRU-inner\"]"}
RESULT: {"using":"xpath","value":"//input[@id=\"application-manageconditionprice-display-component---newCondition--condRU-inner\"]"}
COMMAND: POST /session/638b8c348501295d6d2539f1a905cf1c/element/f.AA659E0CE08D0C76D21A3A5289A8AF5F.d.E25709F63E81B8FEC25FF31EDCB88C4F.e.10906/clear - {}
RESULT: {}
COMMAND: POST /session/638b8c348501295d6d2539f1a905cf1c/element/f.AA659E0CE08D0C76D21A3A5289A8AF5F.d.E25709F63E81B8FEC25FF31EDCB88C4F.e.10906/value - {"text":"5YYtR7xX5f"}
COMMAND: GET /session/638b8c348501295d6d2539f1a905cf1c/screenshot - {}
RESULT: {"text":"5YYtR7xX5f"}
COMMAND: GET /session/638b8c348501295d6d2539f1a905cf1c/screenshot - {}
RESULT: {}
RESULT: {}
COMMAND: POST /session/638b8c348501295d6d2539f1a905cf1c/actions - {"actions":[{"id":"action41","type":"key","parameters":{},"actions":[{"type":"keyDown","value":"î€‡"},{"type":"pause","duration":10},{"type":"keyUp","value":"î€‡"}]}]}
RESULT: {"actions":[{"id":"action41","type":"key","parameters":{},"actions":[{"type":"keyDown","value":"î€‡"},{"type":"pause","duration":10},{"type":"keyUp","value":"î€‡"}]}]}
RESULT: undefined
COMMAND: POST /session/638b8c348501295d6d2539f1a905cf1c/execute/async - {"script":"<script> [776 bytes]","args":[{"enterText":"1","selector":{"id":"application-manageconditionprice-display-component---newCondition--condBaseQty","interaction":{"idSuffix":"inner"}},"clearTextFirst":true,"interactionType":"ENTER_TEXT"}]}
COMMAND: GET /session/638b8c348501295d6d2539f1a905cf1c/screenshot - {}
RESULT: {"script":"<script> [776 bytes]","args":[{"enterText":"1","selector":{"id":"application-manageconditionprice-display-component---newCondition--condBaseQty","interaction":{"idSuffix":"inner"}},"clearTextFirst":true,"interactionType":"ENTER_TEXT"}]}
RESULT: undefined
COMMAND: POST /session/638b8c348501295d6d2539f1a905cf1c/execute/async - {"script":"<script> [776 bytes]","args":[{"enterText":"100","selector":{"id":"application-manageconditionprice-display-component---newCondition--condValue","interaction":{"idSuffix":"inner"}},"clearTextFirst":true,"interactionType":"ENTER_TEXT"}]}
RESULT: {}
RESULT: {"script":"<script> [776 bytes]","args":[{"enterText":"100","selector":{"id":"application-manageconditionprice-display-component---newCondition--condValue","interaction":{"idSuffix":"inner"}},"clearTextFirst":true,"interactionType":"ENTER_TEXT"}]}
RESULT: undefined
COMMAND: POST /session/638b8c348501295d6d2539f1a905cf1c/element - {"using":"xpath","value":"//*[@id=\"application-manageconditionprice-display-component---newCondition--condCurr-arrow\"]"}
RESULT: {"using":"xpath","value":"//*[@id=\"application-manageconditionprice-display-component---newCondition--condCurr-arrow\"]"}
COMMAND: POST /session/638b8c348501295d6d2539f1a905cf1c/element/f.AA659E0CE08D0C76D21A3A5289A8AF5F.d.E25709F63E81B8FEC25FF31EDCB88C4F.e.11167/click - {}
RESULT: {}
COMMAND: POST /session/638b8c348501295d6d2539f1a905cf1c/element - {"using":"xpath","value":"//span[contains(text(), \"Euro\")]"}
COMMAND: GET /session/638b8c348501295d6d2539f1a905cf1c/screenshot - {}
RESULT: {"using":"xpath","value":"//span[contains(text(), \"Euro\")]"}
COMMAND: POST /session/638b8c348501295d6d2539f1a905cf1c/element/f.AA659E0CE08D0C76D21A3A5289A8AF5F.d.E25709F63E81B8FEC25FF31EDCB88C4F.e.11254/click - {}
RESULT: {}
RESULT: {}
COMMAND: POST /session/638b8c348501295d6d2539f1a905cf1c/element - {"using":"xpath","value":"//button[@data-kt=\"saveButton\"]"}
COMMAND: GET /session/638b8c348501295d6d2539f1a905cf1c/screenshot - {}
RESULT: {"using":"xpath","value":"//button[@data-kt=\"saveButton\"]"}
COMMAND: POST /session/638b8c348501295d6d2539f1a905cf1c/element/f.AA659E0CE08D0C76D21A3A5289A8AF5F.d.E25709F63E81B8FEC25FF31EDCB88C4F.e.11169/click - {}
RESULT: {}
RESULT: {}
COMMAND: GET /session/638b8c348501295d6d2539f1a905cf1c/screenshot - {}
RESULT: {}
RESULT: undefined
COMMAND: POST /session/638b8c348501295d6d2539f1a905cf1c/execute/async - {"script":"<script> [776 bytes]","args":[{"enterText":"5YYtR7xX5f","selector":{"id":"application-manageconditionprice-display-component---conditions--smartFilterBar-btnBasicSearch","interaction":{"idSuffix":"I"}},"clearTextFirst":true,"interactionType":"ENTER_TEXT"}]}
RESULT: {"script":"<script> [776 bytes]","args":[{"enterText":"5YYtR7xX5f","selector":{"id":"application-manageconditionprice-display-component---conditions--smartFilterBar-btnBasicSearch","interaction":{"idSuffix":"I"}},"clearTextFirst":true,"interactionType":"ENTER_TEXT"}]}
COMMAND: POST /session/638b8c348501295d6d2539f1a905cf1c/actions - {"actions":[{"id":"action42","type":"key","parameters":{},"actions":[{"type":"keyDown","value":"î€‡"},{"type":"pause","duration":10},{"type":"keyUp","value":"î€‡"}]}]}
RESULT: {"actions":[{"id":"action42","type":"key","parameters":{},"actions":[{"type":"keyDown","value":"î€‡"},{"type":"pause","duration":10},{"type":"keyUp","value":"î€‡"}]}]}
COMMAND: GET /session/638b8c348501295d6d2539f1a905cf1c/screenshot - {}
RESULT: {}
RESULT: undefined
COMMAND: POST /session/638b8c348501295d6d2539f1a905cf1c/element - {"using":"xpath","value":"//*[@id=\"application-manageconditionprice-display-component---conditions--smartFilterBar-filterItemControl_BASIC-BILL_TYPES-vhi\"]"}
RESULT: {"using":"xpath","value":"//*[@id=\"application-manageconditionprice-display-component---conditions--smartFilterBar-filterItemControl_BASIC-BILL_TYPES-vhi\"]"}
COMMAND: POST /session/638b8c348501295d6d2539f1a905cf1c/element/f.AA659E0CE08D0C76D21A3A5289A8AF5F.d.E25709F63E81B8FEC25FF31EDCB88C4F.e.11479/click - {}
RESULT: {}
RESULT: undefined
COMMAND: POST /session/638b8c348501295d6d2539f1a905cf1c/execute/async - {"script":"<script> [776 bytes]","args":[{"enterText":"TB","selector":{"id":"application-manageconditionprice-display-component---conditions--smartFilterBar-filterItemControl_BASIC-BILL_TYPES-valueHelpDialog-smartFilterBar-btnBasicSearch","searchOpenDialogs":true,"interaction":{"idSuffix":"I"}},"clearTextFirst":true,"interactionType":"ENTER_TEXT"}]}
COMMAND: GET /session/638b8c348501295d6d2539f1a905cf1c/screenshot - {}
RESULT: {"script":"<script> [776 bytes]","args":[{"enterText":"TB","selector":{"id":"application-manageconditionprice-display-component---conditions--smartFilterBar-filterItemControl_BASIC-BILL_TYPES-valueHelpDialog-smartFilterBar-btnBasicSearch","searchOpenDialogs":true,"interaction":{"idSuffix":"I"}},"clearTextFirst":true,"interactionType":"ENTER_TEXT"}]}
COMMAND: POST /session/638b8c348501295d6d2539f1a905cf1c/actions - {"actions":[{"id":"action43","type":"key","parameters":{},"actions":[{"type":"keyDown","value":"î€‡"},{"type":"pause","duration":10},{"type":"keyUp","value":"î€‡"}]}]}
RESULT: {}
RESULT: {"actions":[{"id":"action43","type":"key","parameters":{},"actions":[{"type":"keyDown","value":"î€‡"},{"type":"pause","duration":10},{"type":"keyUp","value":"î€‡"}]}]}
COMMAND: GET /session/638b8c348501295d6d2539f1a905cf1c/screenshot - {}
RESULT: {}
COMMAND: POST /session/638b8c348501295d6d2539f1a905cf1c/element - {"using":"xpath","value":"//div[contains(@id, 'application-manageconditionprice-display-component---conditions--smartFilterBar-filterItemControl_BASIC-BILL_TYPES-valueHelpDialog-table-rowsel0')]"}
RESULT: {"using":"xpath","value":"//div[contains(@id, 'application-manageconditionprice-display-component---conditions--smartFilterBar-filterItemControl_BASIC-BILL_TYPES-valueHelpDialog-table-rowsel0')]"}
COMMAND: POST /session/638b8c348501295d6d2539f1a905cf1c/element/f.AA659E0CE08D0C76D21A3A5289A8AF5F.d.E25709F63E81B8FEC25FF31EDCB88C4F.e.11486/click - {}
RESULT: {}
COMMAND: GET /session/638b8c348501295d6d2539f1a905cf1c/screenshot - {}
RESULT: {}
COMMAND: POST /session/638b8c348501295d6d2539f1a905cf1c/element - {"using":"xpath","value":"//bdi[contains(text(), \"OK\")]"}
RESULT: {"using":"xpath","value":"//bdi[contains(text(), \"OK\")]"}
COMMAND: POST /session/638b8c348501295d6d2539f1a905cf1c/element/f.AA659E0CE08D0C76D21A3A5289A8AF5F.d.E25709F63E81B8FEC25FF31EDCB88C4F.e.11488/click - {}
RESULT: {}
COMMAND: GET /session/638b8c348501295d6d2539f1a905cf1c/screenshot - {}
RESULT: {}
COMMAND: POST /session/638b8c348501295d6d2539f1a905cf1c/element - {"using":"xpath","value":"//span[@id=\"application-manageconditionprice-display-component---conditions--smartTable-header-inner\"]"}
RESULT: {"using":"xpath","value":"//span[@id=\"application-manageconditionprice-display-component---conditions--smartTable-header-inner\"]"}
COMMAND: POST /session/638b8c348501295d6d2539f1a905cf1c/elements - {"using":"xpath","value":"//span[@id=\"application-manageconditionprice-display-component---conditions--smartTable-header-inner\"]"}
RESULT: {"using":"xpath","value":"//span[@id=\"application-manageconditionprice-display-component---conditions--smartTable-header-inner\"]"}
COMMAND: POST /session/638b8c348501295d6d2539f1a905cf1c/execute/sync - {"script":"<script> [56 bytes]","args":[{"element-6066-11e4-a52e-4f735466cecf":"f.AA659E0CE08D0C76D21A3A5289A8AF5F.d.E25709F63E81B8FEC25FF31EDCB88C4F.e.11525","ELEMENT":"f.AA659E0CE08D0C76D21A3A5289A8AF5F.d.E25709F63E81B8FEC25FF31EDCB88C4F.e.11525"}]}
RESULT: {"script":"<script> [56 bytes]","args":[{"element-6066-11e4-a52e-4f735466cecf":"f.AA659E0CE08D0C76D21A3A5289A8AF5F.d.E25709F63E81B8FEC25FF31EDCB88C4F.e.11525","ELEMENT":"f.AA659E0CE08D0C76D21A3A5289A8AF5F.d.E25709F63E81B8FEC25FF31EDCB88C4F.e.11525"}]}
COMMAND: POST /session/638b8c348501295d6d2539f1a905cf1c/element - {"using":"css selector","value":"#shell-header-logo"}
COMMAND: GET /session/638b8c348501295d6d2539f1a905cf1c/screenshot - {}
RESULT: {"using":"css selector","value":"#shell-header-logo"}
COMMAND: POST /session/638b8c348501295d6d2539f1a905cf1c/element/f.AA659E0CE08D0C76D21A3A5289A8AF5F.d.E25709F63E81B8FEC25FF31EDCB88C4F.e.10660/click - {}
RESULT: {}
RESULT: {}
COMMAND: GET /session/638b8c348501295d6d2539f1a905cf1c/screenshot - {}
RESULT: {}
]]></system-out>
    </testcase>
    <testcase classname="chrome.135_0_7049_96.windows.Create_master_data_for_mixed_billing_&amp;_do_billing_calculation_US151661" name="Should do a stock increase handover" time="96.366">
      <system-out><![CDATA[
COMMAND: POST /session/638b8c348501295d6d2539f1a905cf1c/execute/async - {"script":"<script> [1562 bytes]","args":[{"selector":{"controlType":"sap.m.Text","viewName":"etm.portal.ui.managehandoverstile.view.Master","properties":{"text":"Manage Handovers"},"interaction":{"idSuffix":"inner"}},"wdio_ui5_key":"etmportal.ui.managehandoverstile.view.Mastersap.m.Text{\"text\":\"Manage Handovers\"}"}]}
RESULT: {"script":"<script> [1562 bytes]","args":[{"selector":{"controlType":"sap.m.Text","viewName":"etm.portal.ui.managehandoverstile.view.Master","properties":{"text":"Manage Handovers"},"interaction":{"idSuffix":"inner"}},"wdio_ui5_key":"etmportal.ui.managehandoverstile.view.Mastersap.m.Text{\"text\":\"Manage Handovers\"}"}]}
RESULT: undefined
COMMAND: POST /session/638b8c348501295d6d2539f1a905cf1c/element - {"using":"xpath","value":"//*[@id=\"__tile132-title\"]"}
RESULT: {"using":"xpath","value":"//*[@id=\"__tile132-title\"]"}
COMMAND: POST /session/638b8c348501295d6d2539f1a905cf1c/element/f.AA659E0CE08D0C76D21A3A5289A8AF5F.d.E25709F63E81B8FEC25FF31EDCB88C4F.e.11528/click - {}
RESULT: {}
COMMAND: POST /session/638b8c348501295d6d2539f1a905cf1c/element - {"using":"xpath","value":"//button[@data-kt=\"masterHOAddButton\"]"}
COMMAND: GET /session/638b8c348501295d6d2539f1a905cf1c/screenshot - {}
RESULT: {"using":"xpath","value":"//button[@data-kt=\"masterHOAddButton\"]"}
COMMAND: POST /session/638b8c348501295d6d2539f1a905cf1c/elements - {"using":"xpath","value":"//button[@data-kt=\"masterHOAddButton\"]"}
RESULT: {}
RESULT: {"using":"xpath","value":"//button[@data-kt=\"masterHOAddButton\"]"}
COMMAND: POST /session/638b8c348501295d6d2539f1a905cf1c/elements - {"using":"xpath","value":"//button[@data-kt=\"masterHOAddButton\"]"}
RESULT: {"using":"xpath","value":"//button[@data-kt=\"masterHOAddButton\"]"}
COMMAND: POST /session/638b8c348501295d6d2539f1a905cf1c/element - {"using":"xpath","value":"//button[@data-kt=\"masterHOAddButton\"]"}
RESULT: {"using":"xpath","value":"//button[@data-kt=\"masterHOAddButton\"]"}
COMMAND: POST /session/638b8c348501295d6d2539f1a905cf1c/execute/sync - {"script":"<script> [8489 bytes]","args":[{"element-6066-11e4-a52e-4f735466cecf":"f.AA659E0CE08D0C76D21A3A5289A8AF5F.d.E25709F63E81B8FEC25FF31EDCB88C4F.e.11561","ELEMENT":"f.AA659E0CE08D0C76D21A3A5289A8AF5F.d.E25709F63E81B8FEC25FF31EDCB88C4F.e.11561"}]}
RESULT: {"script":"<script> [8489 bytes]","args":[{"element-6066-11e4-a52e-4f735466cecf":"f.AA659E0CE08D0C76D21A3A5289A8AF5F.d.E25709F63E81B8FEC25FF31EDCB88C4F.e.11561","ELEMENT":"f.AA659E0CE08D0C76D21A3A5289A8AF5F.d.E25709F63E81B8FEC25FF31EDCB88C4F.e.11561"}]}
COMMAND: GET /session/638b8c348501295d6d2539f1a905cf1c/element/f.AA659E0CE08D0C76D21A3A5289A8AF5F.d.E25709F63E81B8FEC25FF31EDCB88C4F.e.11561/enabled - {}
COMMAND: GET /session/638b8c348501295d6d2539f1a905cf1c/screenshot - {}
RESULT: {}
COMMAND: POST /session/638b8c348501295d6d2539f1a905cf1c/execute/sync - {"script":"<script> [8489 bytes]","args":[{"element-6066-11e4-a52e-4f735466cecf":"f.AA659E0CE08D0C76D21A3A5289A8AF5F.d.E25709F63E81B8FEC25FF31EDCB88C4F.e.11561","ELEMENT":"f.AA659E0CE08D0C76D21A3A5289A8AF5F.d.E25709F63E81B8FEC25FF31EDCB88C4F.e.11561"}]}
COMMAND: GET /session/638b8c348501295d6d2539f1a905cf1c/screenshot - {}
RESULT: {}
RESULT: {"script":"<script> [8489 bytes]","args":[{"element-6066-11e4-a52e-4f735466cecf":"f.AA659E0CE08D0C76D21A3A5289A8AF5F.d.E25709F63E81B8FEC25FF31EDCB88C4F.e.11561","ELEMENT":"f.AA659E0CE08D0C76D21A3A5289A8AF5F.d.E25709F63E81B8FEC25FF31EDCB88C4F.e.11561"}]}
COMMAND: POST /session/638b8c348501295d6d2539f1a905cf1c/execute/sync - {"script":"<script> [5351 bytes]","args":[{"element-6066-11e4-a52e-4f735466cecf":"f.AA659E0CE08D0C76D21A3A5289A8AF5F.d.E25709F63E81B8FEC25FF31EDCB88C4F.e.11561","ELEMENT":"f.AA659E0CE08D0C76D21A3A5289A8AF5F.d.E25709F63E81B8FEC25FF31EDCB88C4F.e.11561"}]}
COMMAND: GET /session/638b8c348501295d6d2539f1a905cf1c/screenshot - {}
RESULT: {}
RESULT: {"script":"<script> [5351 bytes]","args":[{"element-6066-11e4-a52e-4f735466cecf":"f.AA659E0CE08D0C76D21A3A5289A8AF5F.d.E25709F63E81B8FEC25FF31EDCB88C4F.e.11561","ELEMENT":"f.AA659E0CE08D0C76D21A3A5289A8AF5F.d.E25709F63E81B8FEC25FF31EDCB88C4F.e.11561"}]}
COMMAND: POST /session/638b8c348501295d6d2539f1a905cf1c/element/f.AA659E0CE08D0C76D21A3A5289A8AF5F.d.E25709F63E81B8FEC25FF31EDCB88C4F.e.11561/click - {}
COMMAND: GET /session/638b8c348501295d6d2539f1a905cf1c/screenshot - {}
RESULT: {}
RESULT: {}
COMMAND: GET /session/638b8c348501295d6d2539f1a905cf1c/screenshot - {}
RESULT: {}
RESULT: {}
COMMAND: POST /session/638b8c348501295d6d2539f1a905cf1c/element - {"using":"xpath","value":"//span[contains(@id ,\"AddNewHO--typeSelect-arrow\")]"}
RESULT: {"using":"xpath","value":"//span[contains(@id ,\"AddNewHO--typeSelect-arrow\")]"}
COMMAND: POST /session/638b8c348501295d6d2539f1a905cf1c/element/f.AA659E0CE08D0C76D21A3A5289A8AF5F.d.E25709F63E81B8FEC25FF31EDCB88C4F.e.11907/click - {}
RESULT: {}
COMMAND: GET /session/638b8c348501295d6d2539f1a905cf1c/screenshot - {}
RESULT: {}
COMMAND: POST /session/638b8c348501295d6d2539f1a905cf1c/element - {"using":"xpath","value":"(//li[contains(text(), \"stock increase yard\")])[1]"}
RESULT: {"using":"xpath","value":"(//li[contains(text(), \"stock increase yard\")])[1]"}
COMMAND: POST /session/638b8c348501295d6d2539f1a905cf1c/element/f.AA659E0CE08D0C76D21A3A5289A8AF5F.d.E25709F63E81B8FEC25FF31EDCB88C4F.e.11908/click - {}
RESULT: {}
COMMAND: GET /session/638b8c348501295d6d2539f1a905cf1c/screenshot - {}
RESULT: {}
COMMAND: POST /session/638b8c348501295d6d2539f1a905cf1c/execute/async - {"script":"<script> [1562 bytes]","args":[{"selector":{"id":"application-managehandovers-display-component---AddNewHO--dueDate","interaction":{"idSuffix":"inner"}},"wdio_ui5_key":"applicationmanagehandovers-display-component---AddNewHO--dueDate"}]}
RESULT: {"script":"<script> [1562 bytes]","args":[{"selector":{"id":"application-managehandovers-display-component---AddNewHO--dueDate","interaction":{"idSuffix":"inner"}},"wdio_ui5_key":"applicationmanagehandovers-display-component---AddNewHO--dueDate"}]}
RESULT: undefined
COMMAND: POST /session/638b8c348501295d6d2539f1a905cf1c/execute/async - {"script":"<script> [6424 bytes]","args":[{"element-6066-11e4-a52e-4f735466cecf":"f.AA659E0CE08D0C76D21A3A5289A8AF5F.d.E25709F63E81B8FEC25FF31EDCB88C4F.e.11910"},"setValue",["05/02/2025"]]}
RESULT: {"script":"<script> [6424 bytes]","args":[{"element-6066-11e4-a52e-4f735466cecf":"f.AA659E0CE08D0C76D21A3A5289A8AF5F.d.E25709F63E81B8FEC25FF31EDCB88C4F.e.11910"},"setValue",["05/02/2025"]]}
COMMAND: POST /session/638b8c348501295d6d2539f1a905cf1c/element - {"using":"xpath","value":"//input[@id=\"generalSectionFrg--receiveYard-inner\"]"}
RESULT: {"using":"xpath","value":"//input[@id=\"generalSectionFrg--receiveYard-inner\"]"}
COMMAND: POST /session/638b8c348501295d6d2539f1a905cf1c/element/f.AA659E0CE08D0C76D21A3A5289A8AF5F.d.E25709F63E81B8FEC25FF31EDCB88C4F.e.11916/clear - {}
RESULT: {}
COMMAND: POST /session/638b8c348501295d6d2539f1a905cf1c/element/f.AA659E0CE08D0C76D21A3A5289A8AF5F.d.E25709F63E81B8FEC25FF31EDCB88C4F.e.11916/value - {"text":"513"}
COMMAND: GET /session/638b8c348501295d6d2539f1a905cf1c/screenshot - {}
RESULT: {"text":"513"}
COMMAND: GET /session/638b8c348501295d6d2539f1a905cf1c/screenshot - {}
RESULT: {}
RESULT: {}
COMMAND: POST /session/638b8c348501295d6d2539f1a905cf1c/element - {"using":"xpath","value":"//li[.//span[text()='513']]"}
RESULT: {"using":"xpath","value":"//li[.//span[text()='513']]"}
COMMAND: POST /session/638b8c348501295d6d2539f1a905cf1c/element/f.AA659E0CE08D0C76D21A3A5289A8AF5F.d.E25709F63E81B8FEC25FF31EDCB88C4F.e.11934/click - {}
RESULT: {}
COMMAND: GET /session/638b8c348501295d6d2539f1a905cf1c/screenshot - {}
RESULT: {}
COMMAND: POST /session/638b8c348501295d6d2539f1a905cf1c/execute/async - {"script":"<script> [1562 bytes]","args":[{"selector":{"id":"application-managehandovers-display-component---AddNewHO--ObjectPageLayout-anchBar-application-managehandovers-display-component---AddNewHO--section4-anchor","interaction":{"idSuffix":"BDI-content"}},"wdio_ui5_key":"applicationmanagehandovers-display-component---AddNewHO--ObjectPageLayout-anchBar-application-managehandovers-display-component---AddNewHO--section4-anchor"}]}
RESULT: {"script":"<script> [1562 bytes]","args":[{"selector":{"id":"application-managehandovers-display-component---AddNewHO--ObjectPageLayout-anchBar-application-managehandovers-display-component---AddNewHO--section4-anchor","interaction":{"idSuffix":"BDI-content"}},"wdio_ui5_key":"applicationmanagehandovers-display-component---AddNewHO--ObjectPageLayout-anchBar-application-managehandovers-display-component---AddNewHO--section4-anchor"}]}
RESULT: undefined
COMMAND: POST /session/638b8c348501295d6d2539f1a905cf1c/element - {"using":"xpath","value":"//*[@id=\"application-managehandovers-display-component---AddNewHO--ObjectPageLayout-anchBar-application-managehandovers-display-component---AddNewHO--section4-anchor\"]"}
RESULT: {"using":"xpath","value":"//*[@id=\"application-managehandovers-display-component---AddNewHO--ObjectPageLayout-anchBar-application-managehandovers-display-component---AddNewHO--section4-anchor\"]"}
COMMAND: POST /session/638b8c348501295d6d2539f1a905cf1c/element/f.AA659E0CE08D0C76D21A3A5289A8AF5F.d.E25709F63E81B8FEC25FF31EDCB88C4F.e.11936/click - {}
RESULT: {}
COMMAND: POST /session/638b8c348501295d6d2539f1a905cf1c/element - {"using":"xpath","value":"//button[@aria-label=\"Add\"]"}
COMMAND: GET /session/638b8c348501295d6d2539f1a905cf1c/screenshot - {}
RESULT: {"using":"xpath","value":"//button[@aria-label=\"Add\"]"}
COMMAND: POST /session/638b8c348501295d6d2539f1a905cf1c/element/f.AA659E0CE08D0C76D21A3A5289A8AF5F.d.E25709F63E81B8FEC25FF31EDCB88C4F.e.11938/click - {}
RESULT: {}
RESULT: {}
COMMAND: GET /session/638b8c348501295d6d2539f1a905cf1c/screenshot - {}
RESULT: {}
COMMAND: POST /session/638b8c348501295d6d2539f1a905cf1c/execute/async - {"script":"<script> [1562 bytes]","args":[{"selector":{"id":"application-managehandovers-display-component---AddNewHO--smartFilterBar-btnBasicSearch","searchOpenDialogs":true,"interaction":{"idSuffix":"I"}},"wdio_ui5_key":"applicationmanagehandovers-display-component---AddNewHO--smartFilterBar-btnBasicSearch"}]}
RESULT: {"script":"<script> [1562 bytes]","args":[{"selector":{"id":"application-managehandovers-display-component---AddNewHO--smartFilterBar-btnBasicSearch","searchOpenDialogs":true,"interaction":{"idSuffix":"I"}},"wdio_ui5_key":"applicationmanagehandovers-display-component---AddNewHO--smartFilterBar-btnBasicSearch"}]}
RESULT: undefined
COMMAND: POST /session/638b8c348501295d6d2539f1a905cf1c/execute/async - {"script":"<script> [776 bytes]","args":[{"enterText":"5YYtR7xX5f","selector":{"id":"application-managehandovers-display-component---AddNewHO--smartFilterBar-btnBasicSearch","searchOpenDialogs":true,"interaction":{"idSuffix":"I"}},"clearTextFirst":true,"interactionType":"ENTER_TEXT"}]}
RESULT: {"script":"<script> [776 bytes]","args":[{"enterText":"5YYtR7xX5f","selector":{"id":"application-managehandovers-display-component---AddNewHO--smartFilterBar-btnBasicSearch","searchOpenDialogs":true,"interaction":{"idSuffix":"I"}},"clearTextFirst":true,"interactionType":"ENTER_TEXT"}]}
COMMAND: POST /session/638b8c348501295d6d2539f1a905cf1c/actions - {"actions":[{"id":"action44","type":"key","parameters":{},"actions":[{"type":"keyDown","value":"î€‡"},{"type":"pause","duration":10},{"type":"keyUp","value":"î€‡"}]}]}
RESULT: {"actions":[{"id":"action44","type":"key","parameters":{},"actions":[{"type":"keyDown","value":"î€‡"},{"type":"pause","duration":10},{"type":"keyUp","value":"î€‡"}]}]}
COMMAND: GET /session/638b8c348501295d6d2539f1a905cf1c/screenshot - {}
RESULT: {}
COMMAND: POST /session/638b8c348501295d6d2539f1a905cf1c/execute/async - {"script":"<script> [1562 bytes]","args":[{"selector":{"id":"application-managehandovers-display-component---AddNewHO--popup-sa","searchOpenDialogs":true,"interaction":{"idSuffix":"CbBg"}},"wdio_ui5_key":"applicationmanagehandovers-display-component---AddNewHO--popup-sa"}]}
RESULT: {"script":"<script> [1562 bytes]","args":[{"selector":{"id":"application-managehandovers-display-component---AddNewHO--popup-sa","searchOpenDialogs":true,"interaction":{"idSuffix":"CbBg"}},"wdio_ui5_key":"applicationmanagehandovers-display-component---AddNewHO--popup-sa"}]}
RESULT: undefined
COMMAND: POST /session/638b8c348501295d6d2539f1a905cf1c/element - {"using":"xpath","value":"//*[@id=\"application-managehandovers-display-component---AddNewHO--popup-sa\"]"}
RESULT: {"using":"xpath","value":"//*[@id=\"application-managehandovers-display-component---AddNewHO--popup-sa\"]"}
COMMAND: POST /session/638b8c348501295d6d2539f1a905cf1c/element/f.AA659E0CE08D0C76D21A3A5289A8AF5F.d.E25709F63E81B8FEC25FF31EDCB88C4F.e.12093/click - {}
RESULT: {}
COMMAND: GET /session/638b8c348501295d6d2539f1a905cf1c/screenshot - {}
RESULT: {}
COMMAND: POST /session/638b8c348501295d6d2539f1a905cf1c/element - {"using":"xpath","value":"//bdi[contains(text(), \"Select\")]"}
RESULT: {"using":"xpath","value":"//bdi[contains(text(), \"Select\")]"}
COMMAND: POST /session/638b8c348501295d6d2539f1a905cf1c/element/f.AA659E0CE08D0C76D21A3A5289A8AF5F.d.E25709F63E81B8FEC25FF31EDCB88C4F.e.12094/click - {}
RESULT: {}
COMMAND: GET /session/638b8c348501295d6d2539f1a905cf1c/screenshot - {}
RESULT: {}
COMMAND: POST /session/638b8c348501295d6d2539f1a905cf1c/element - {"using":"xpath","value":"//button[@data-kt=\"AddNewHOSaveButton\"]"}
RESULT: {"using":"xpath","value":"//button[@data-kt=\"AddNewHOSaveButton\"]"}
COMMAND: POST /session/638b8c348501295d6d2539f1a905cf1c/element/f.AA659E0CE08D0C76D21A3A5289A8AF5F.d.E25709F63E81B8FEC25FF31EDCB88C4F.e.12098/click - {}
RESULT: {}
COMMAND: GET /session/638b8c348501295d6d2539f1a905cf1c/screenshot - {}
RESULT: {}
COMMAND: POST /session/638b8c348501295d6d2539f1a905cf1c/execute/async - {"script":"<script> [1562 bytes]","args":[{"selector":{"id":"receiptDatePicker","viewName":"etm.portal.ui.managehandovers.view.DetailExecuteHO","interaction":{"idSuffix":"inner"}},"wdio_ui5_key":"receiptDatePickeretmportal.ui.managehandovers.view.DetailExecuteHO"}]}
RESULT: {"script":"<script> [1562 bytes]","args":[{"selector":{"id":"receiptDatePicker","viewName":"etm.portal.ui.managehandovers.view.DetailExecuteHO","interaction":{"idSuffix":"inner"}},"wdio_ui5_key":"receiptDatePickeretmportal.ui.managehandovers.view.DetailExecuteHO"}]}
RESULT: undefined
COMMAND: POST /session/638b8c348501295d6d2539f1a905cf1c/execute/async - {"script":"<script> [6424 bytes]","args":[{"element-6066-11e4-a52e-4f735466cecf":"f.AA659E0CE08D0C76D21A3A5289A8AF5F.d.E25709F63E81B8FEC25FF31EDCB88C4F.e.12126"},"setValue",["05/02/2025"]]}
RESULT: {"script":"<script> [6424 bytes]","args":[{"element-6066-11e4-a52e-4f735466cecf":"f.AA659E0CE08D0C76D21A3A5289A8AF5F.d.E25709F63E81B8FEC25FF31EDCB88C4F.e.12126"},"setValue",["05/02/2025"]]}
COMMAND: POST /session/638b8c348501295d6d2539f1a905cf1c/element - {"using":"xpath","value":"//button[@data-kt=\"PickingTableConfirmAllButton\"]"}
RESULT: {"using":"xpath","value":"//button[@data-kt=\"PickingTableConfirmAllButton\"]"}
COMMAND: POST /session/638b8c348501295d6d2539f1a905cf1c/element/f.AA659E0CE08D0C76D21A3A5289A8AF5F.d.E25709F63E81B8FEC25FF31EDCB88C4F.e.12141/click - {}
RESULT: {}
COMMAND: GET /session/638b8c348501295d6d2539f1a905cf1c/screenshot - {}
RESULT: {}
COMMAND: POST /session/638b8c348501295d6d2539f1a905cf1c/element - {"using":"xpath","value":"//bdi[contains(text(), \"OK\")]"}
RESULT: {"using":"xpath","value":"//bdi[contains(text(), \"OK\")]"}
COMMAND: POST /session/638b8c348501295d6d2539f1a905cf1c/element/f.AA659E0CE08D0C76D21A3A5289A8AF5F.d.E25709F63E81B8FEC25FF31EDCB88C4F.e.12143/click - {}
RESULT: {}
COMMAND: GET /session/638b8c348501295d6d2539f1a905cf1c/screenshot - {}
RESULT: {}
COMMAND: POST /session/638b8c348501295d6d2539f1a905cf1c/element - {"using":"xpath","value":"(//bdi[contains(text(), \"Receive\")])[2]"}
RESULT: {"using":"xpath","value":"(//bdi[contains(text(), \"Receive\")])[2]"}
COMMAND: POST /session/638b8c348501295d6d2539f1a905cf1c/element/f.AA659E0CE08D0C76D21A3A5289A8AF5F.d.E25709F63E81B8FEC25FF31EDCB88C4F.e.12145/click - {}
RESULT: {}
COMMAND: GET /session/638b8c348501295d6d2539f1a905cf1c/screenshot - {}
RESULT: {}
COMMAND: POST /session/638b8c348501295d6d2539f1a905cf1c/element - {"using":"css selector","value":"#shell-header-logo"}
RESULT: {"using":"css selector","value":"#shell-header-logo"}
COMMAND: POST /session/638b8c348501295d6d2539f1a905cf1c/element/f.AA659E0CE08D0C76D21A3A5289A8AF5F.d.E25709F63E81B8FEC25FF31EDCB88C4F.e.11530/click - {}
RESULT: {}
COMMAND: GET /session/638b8c348501295d6d2539f1a905cf1c/screenshot - {}
RESULT: {}
]]></system-out>
    </testcase>
    <testcase classname="chrome.135_0_7049_96.windows.Create_master_data_for_mixed_billing_&amp;_do_billing_calculation_US151661" name="Should create a new contract" time="62.939">
      <system-out><![CDATA[
COMMAND: POST /session/638b8c348501295d6d2539f1a905cf1c/execute/async - {"script":"<script> [1562 bytes]","args":[{"selector":{"controlType":"sap.m.Text","viewName":"etm.portal.ui.managecontractstile.view.Master","properties":{"text":"Manage Contracts"},"interaction":{"idSuffix":"inner"}},"wdio_ui5_key":"etmportal.ui.managecontractstile.view.Mastersap.m.Text{\"text\":\"Manage Contracts\"}"}]}
RESULT: {"script":"<script> [1562 bytes]","args":[{"selector":{"controlType":"sap.m.Text","viewName":"etm.portal.ui.managecontractstile.view.Master","properties":{"text":"Manage Contracts"},"interaction":{"idSuffix":"inner"}},"wdio_ui5_key":"etmportal.ui.managecontractstile.view.Mastersap.m.Text{\"text\":\"Manage Contracts\"}"}]}
RESULT: undefined
COMMAND: POST /session/638b8c348501295d6d2539f1a905cf1c/element - {"using":"xpath","value":"//*[@id=\"__tile131-title\"]"}
RESULT: {"using":"xpath","value":"//*[@id=\"__tile131-title\"]"}
COMMAND: POST /session/638b8c348501295d6d2539f1a905cf1c/element/f.AA659E0CE08D0C76D21A3A5289A8AF5F.d.E25709F63E81B8FEC25FF31EDCB88C4F.e.12317/click - {}
RESULT: {}
COMMAND: GET /session/638b8c348501295d6d2539f1a905cf1c/screenshot - {}
COMMAND: POST /session/638b8c348501295d6d2539f1a905cf1c/element - {"using":"xpath","value":"//button[@data-kt=\"addButton\"]"}
RESULT: {}
RESULT: {"using":"xpath","value":"//button[@data-kt=\"addButton\"]"}
COMMAND: POST /session/638b8c348501295d6d2539f1a905cf1c/elements - {"using":"xpath","value":"//button[@data-kt=\"addButton\"]"}
RESULT: {"using":"xpath","value":"//button[@data-kt=\"addButton\"]"}
COMMAND: POST /session/638b8c348501295d6d2539f1a905cf1c/execute/sync - {"script":"<script> [8489 bytes]","args":[{"element-6066-11e4-a52e-4f735466cecf":"f.AA659E0CE08D0C76D21A3A5289A8AF5F.d.E25709F63E81B8FEC25FF31EDCB88C4F.e.12389","ELEMENT":"f.AA659E0CE08D0C76D21A3A5289A8AF5F.d.E25709F63E81B8FEC25FF31EDCB88C4F.e.12389"}]}
RESULT: {"script":"<script> [8489 bytes]","args":[{"element-6066-11e4-a52e-4f735466cecf":"f.AA659E0CE08D0C76D21A3A5289A8AF5F.d.E25709F63E81B8FEC25FF31EDCB88C4F.e.12389","ELEMENT":"f.AA659E0CE08D0C76D21A3A5289A8AF5F.d.E25709F63E81B8FEC25FF31EDCB88C4F.e.12389"}]}
COMMAND: GET /session/638b8c348501295d6d2539f1a905cf1c/element/f.AA659E0CE08D0C76D21A3A5289A8AF5F.d.E25709F63E81B8FEC25FF31EDCB88C4F.e.12389/enabled - {}
COMMAND: GET /session/638b8c348501295d6d2539f1a905cf1c/screenshot - {}
RESULT: {}
COMMAND: POST /session/638b8c348501295d6d2539f1a905cf1c/execute/sync - {"script":"<script> [8489 bytes]","args":[{"element-6066-11e4-a52e-4f735466cecf":"f.AA659E0CE08D0C76D21A3A5289A8AF5F.d.E25709F63E81B8FEC25FF31EDCB88C4F.e.12389","ELEMENT":"f.AA659E0CE08D0C76D21A3A5289A8AF5F.d.E25709F63E81B8FEC25FF31EDCB88C4F.e.12389"}]}
COMMAND: GET /session/638b8c348501295d6d2539f1a905cf1c/screenshot - {}
RESULT: {}
RESULT: {"script":"<script> [8489 bytes]","args":[{"element-6066-11e4-a52e-4f735466cecf":"f.AA659E0CE08D0C76D21A3A5289A8AF5F.d.E25709F63E81B8FEC25FF31EDCB88C4F.e.12389","ELEMENT":"f.AA659E0CE08D0C76D21A3A5289A8AF5F.d.E25709F63E81B8FEC25FF31EDCB88C4F.e.12389"}]}
COMMAND: POST /session/638b8c348501295d6d2539f1a905cf1c/execute/sync - {"script":"<script> [5351 bytes]","args":[{"element-6066-11e4-a52e-4f735466cecf":"f.AA659E0CE08D0C76D21A3A5289A8AF5F.d.E25709F63E81B8FEC25FF31EDCB88C4F.e.12389","ELEMENT":"f.AA659E0CE08D0C76D21A3A5289A8AF5F.d.E25709F63E81B8FEC25FF31EDCB88C4F.e.12389"}]}
RESULT: {"script":"<script> [5351 bytes]","args":[{"element-6066-11e4-a52e-4f735466cecf":"f.AA659E0CE08D0C76D21A3A5289A8AF5F.d.E25709F63E81B8FEC25FF31EDCB88C4F.e.12389","ELEMENT":"f.AA659E0CE08D0C76D21A3A5289A8AF5F.d.E25709F63E81B8FEC25FF31EDCB88C4F.e.12389"}]}
COMMAND: GET /session/638b8c348501295d6d2539f1a905cf1c/screenshot - {}
COMMAND: GET /session/638b8c348501295d6d2539f1a905cf1c/screenshot - {}
RESULT: {}
RESULT: {}
RESULT: {}
COMMAND: POST /session/638b8c348501295d6d2539f1a905cf1c/element/f.AA659E0CE08D0C76D21A3A5289A8AF5F.d.E25709F63E81B8FEC25FF31EDCB88C4F.e.12389/click - {}
RESULT: {}
COMMAND: GET /session/638b8c348501295d6d2539f1a905cf1c/screenshot - {}
RESULT: {}
COMMAND: POST /session/638b8c348501295d6d2539f1a905cf1c/execute/async - {"script":"<script> [1562 bytes]","args":[{"selector":{"id":"application-managecontracts-display-component---AddNewContract--projectDescription","interaction":{"idSuffix":"inner"}},"wdio_ui5_key":"applicationmanagecontracts-display-component---AddNewContract--projectDescription"}]}
RESULT: {"script":"<script> [1562 bytes]","args":[{"selector":{"id":"application-managecontracts-display-component---AddNewContract--projectDescription","interaction":{"idSuffix":"inner"}},"wdio_ui5_key":"applicationmanagecontracts-display-component---AddNewContract--projectDescription"}]}
RESULT: undefined
COMMAND: POST /session/638b8c348501295d6d2539f1a905cf1c/execute/async - {"script":"<script> [776 bytes]","args":[{"enterText":"Mixed Contract WDIO","selector":{"id":"application-managecontracts-display-component---AddNewContract--projectDescription","interaction":{"idSuffix":"inner"}},"clearTextFirst":true,"interactionType":"ENTER_TEXT"}]}
RESULT: {"script":"<script> [776 bytes]","args":[{"enterText":"Mixed Contract WDIO","selector":{"id":"application-managecontracts-display-component---AddNewContract--projectDescription","interaction":{"idSuffix":"inner"}},"clearTextFirst":true,"interactionType":"ENTER_TEXT"}]}
COMMAND: POST /session/638b8c348501295d6d2539f1a905cf1c/element - {"using":"xpath","value":"//input[@id=\"application-managecontracts-display-component---AddNewContract--site-inner\"]"}
RESULT: {"using":"xpath","value":"//input[@id=\"application-managecontracts-display-component---AddNewContract--site-inner\"]"}
COMMAND: POST /session/638b8c348501295d6d2539f1a905cf1c/element/f.AA659E0CE08D0C76D21A3A5289A8AF5F.d.E25709F63E81B8FEC25FF31EDCB88C4F.e.12682/clear - {}
RESULT: {}
COMMAND: POST /session/638b8c348501295d6d2539f1a905cf1c/element/f.AA659E0CE08D0C76D21A3A5289A8AF5F.d.E25709F63E81B8FEC25FF31EDCB88C4F.e.12682/value - {"text":"2348"}
COMMAND: GET /session/638b8c348501295d6d2539f1a905cf1c/screenshot - {}
RESULT: {"text":"2348"}
COMMAND: GET /session/638b8c348501295d6d2539f1a905cf1c/screenshot - {}
RESULT: {}
RESULT: {}
COMMAND: POST /session/638b8c348501295d6d2539f1a905cf1c/element - {"using":"xpath","value":"//li[.//span[text()='2348']]"}
RESULT: {"using":"xpath","value":"//li[.//span[text()='2348']]"}
COMMAND: POST /session/638b8c348501295d6d2539f1a905cf1c/element/f.AA659E0CE08D0C76D21A3A5289A8AF5F.d.E25709F63E81B8FEC25FF31EDCB88C4F.e.12705/click - {}
RESULT: {}
COMMAND: GET /session/638b8c348501295d6d2539f1a905cf1c/screenshot - {}
RESULT: {}
COMMAND: POST /session/638b8c348501295d6d2539f1a905cf1c/element - {"using":"xpath","value":"//input[@id=\"application-managecontracts-display-component---AddNewContract--yardId-inner\"]"}
RESULT: {"using":"xpath","value":"//input[@id=\"application-managecontracts-display-component---AddNewContract--yardId-inner\"]"}
COMMAND: GET /session/638b8c348501295d6d2539f1a905cf1c/element/f.AA659E0CE08D0C76D21A3A5289A8AF5F.d.E25709F63E81B8FEC25FF31EDCB88C4F.e.12683/property/value - {}
RESULT: {}
COMMAND: POST /session/638b8c348501295d6d2539f1a905cf1c/element - {"using":"xpath","value":"//input[@id=\"application-managecontracts-display-component---AddNewContract--customerSelect-inner\"]"}
COMMAND: GET /session/638b8c348501295d6d2539f1a905cf1c/screenshot - {}
RESULT: {"using":"xpath","value":"//input[@id=\"application-managecontracts-display-component---AddNewContract--customerSelect-inner\"]"}
COMMAND: POST /session/638b8c348501295d6d2539f1a905cf1c/element/f.AA659E0CE08D0C76D21A3A5289A8AF5F.d.E25709F63E81B8FEC25FF31EDCB88C4F.e.12681/clear - {}
RESULT: {}
RESULT: {}
COMMAND: POST /session/638b8c348501295d6d2539f1a905cf1c/element/f.AA659E0CE08D0C76D21A3A5289A8AF5F.d.E25709F63E81B8FEC25FF31EDCB88C4F.e.12681/value - {"text":"1386"}
COMMAND: GET /session/638b8c348501295d6d2539f1a905cf1c/screenshot - {}
RESULT: {"text":"1386"}
COMMAND: GET /session/638b8c348501295d6d2539f1a905cf1c/screenshot - {}
RESULT: {}
RESULT: {}
COMMAND: POST /session/638b8c348501295d6d2539f1a905cf1c/element - {"using":"xpath","value":"//li[.//span[text()='1386']]"}
RESULT: {"using":"xpath","value":"//li[.//span[text()='1386']]"}
COMMAND: POST /session/638b8c348501295d6d2539f1a905cf1c/element/f.AA659E0CE08D0C76D21A3A5289A8AF5F.d.E25709F63E81B8FEC25FF31EDCB88C4F.e.12708/click - {}
RESULT: {}
COMMAND: GET /session/638b8c348501295d6d2539f1a905cf1c/screenshot - {}
RESULT: {}
COMMAND: POST /session/638b8c348501295d6d2539f1a905cf1c/element - {"using":"xpath","value":"//button[@data-kt=\"saveButton\"]"}
RESULT: {"using":"xpath","value":"//button[@data-kt=\"saveButton\"]"}
COMMAND: POST /session/638b8c348501295d6d2539f1a905cf1c/element/f.AA659E0CE08D0C76D21A3A5289A8AF5F.d.E25709F63E81B8FEC25FF31EDCB88C4F.e.12696/click - {}
RESULT: {}
COMMAND: GET /session/638b8c348501295d6d2539f1a905cf1c/screenshot - {}
RESULT: {}
COMMAND: POST /session/638b8c348501295d6d2539f1a905cf1c/element - {"using":"xpath","value":"//span[contains(@id ,\"contractDetailTitleNoExpanded\")]"}
RESULT: {"using":"xpath","value":"//span[contains(@id ,\"contractDetailTitleNoExpanded\")]"}
COMMAND: POST /session/638b8c348501295d6d2539f1a905cf1c/elements - {"using":"xpath","value":"//span[contains(@id ,\"contractDetailTitleNoExpanded\")]"}
RESULT: {"using":"xpath","value":"//span[contains(@id ,\"contractDetailTitleNoExpanded\")]"}
COMMAND: POST /session/638b8c348501295d6d2539f1a905cf1c/execute/sync - {"script":"<script> [56 bytes]","args":[{"element-6066-11e4-a52e-4f735466cecf":"f.AA659E0CE08D0C76D21A3A5289A8AF5F.d.E25709F63E81B8FEC25FF31EDCB88C4F.e.12781","ELEMENT":"f.AA659E0CE08D0C76D21A3A5289A8AF5F.d.E25709F63E81B8FEC25FF31EDCB88C4F.e.12781"}]}
RESULT: {"script":"<script> [56 bytes]","args":[{"element-6066-11e4-a52e-4f735466cecf":"f.AA659E0CE08D0C76D21A3A5289A8AF5F.d.E25709F63E81B8FEC25FF31EDCB88C4F.e.12781","ELEMENT":"f.AA659E0CE08D0C76D21A3A5289A8AF5F.d.E25709F63E81B8FEC25FF31EDCB88C4F.e.12781"}]}
COMMAND: GET /session/638b8c348501295d6d2539f1a905cf1c/screenshot - {}
RESULT: {}
]]></system-out>
    </testcase>
    <testcase classname="chrome.135_0_7049_96.windows.Create_master_data_for_mixed_billing_&amp;_do_billing_calculation_US151661" name="Should add equipment to the contract" time="52.435">
      <system-out><![CDATA[
COMMAND: POST /session/638b8c348501295d6d2539f1a905cf1c/element - {"using":"xpath","value":"//button[@data-kt=\"contractDetailEditBtnButton\"]"}
RESULT: {"using":"xpath","value":"//button[@data-kt=\"contractDetailEditBtnButton\"]"}
COMMAND: POST /session/638b8c348501295d6d2539f1a905cf1c/element/f.AA659E0CE08D0C76D21A3A5289A8AF5F.d.E25709F63E81B8FEC25FF31EDCB88C4F.e.12783/click - {}
RESULT: {}
COMMAND: GET /session/638b8c348501295d6d2539f1a905cf1c/screenshot - {}
RESULT: {}
COMMAND: POST /session/638b8c348501295d6d2539f1a905cf1c/element - {"using":"xpath","value":"(//span[contains(text(), \"Additional Addresses\")])[2]"}
RESULT: {"using":"xpath","value":"(//span[contains(text(), \"Additional Addresses\")])[2]"}
COMMAND: POST /session/638b8c348501295d6d2539f1a905cf1c/element/f.AA659E0CE08D0C76D21A3A5289A8AF5F.d.E25709F63E81B8FEC25FF31EDCB88C4F.e.12839/click - {}
RESULT: {}
COMMAND: GET /session/638b8c348501295d6d2539f1a905cf1c/screenshot - {}
RESULT: {}
COMMAND: POST /session/638b8c348501295d6d2539f1a905cf1c/element - {"using":"xpath","value":"//button[@data-kt=\"btnAddTableRowOverflowToolbarButton\"]"}
RESULT: {"using":"xpath","value":"//button[@data-kt=\"btnAddTableRowOverflowToolbarButton\"]"}
COMMAND: POST /session/638b8c348501295d6d2539f1a905cf1c/element/f.AA659E0CE08D0C76D21A3A5289A8AF5F.d.E25709F63E81B8FEC25FF31EDCB88C4F.e.12842/click - {}
RESULT: {}
COMMAND: GET /session/638b8c348501295d6d2539f1a905cf1c/screenshot - {}
RESULT: {}
COMMAND: POST /session/638b8c348501295d6d2539f1a905cf1c/element - {"using":"xpath","value":"//div[(text() = 'Standard Entry' or . = 'Standard Entry')]"}
RESULT: {"using":"xpath","value":"//div[(text() = 'Standard Entry' or . = 'Standard Entry')]"}
COMMAND: POST /session/638b8c348501295d6d2539f1a905cf1c/element/f.AA659E0CE08D0C76D21A3A5289A8AF5F.d.E25709F63E81B8FEC25FF31EDCB88C4F.e.12843/click - {}
RESULT: {}
COMMAND: GET /session/638b8c348501295d6d2539f1a905cf1c/screenshot - {}
RESULT: {}
COMMAND: POST /session/638b8c348501295d6d2539f1a905cf1c/element - {"using":"xpath","value":"//td[7]/div/div/input"}
RESULT: {"using":"xpath","value":"//td[7]/div/div/input"}
COMMAND: POST /session/638b8c348501295d6d2539f1a905cf1c/element/f.AA659E0CE08D0C76D21A3A5289A8AF5F.d.E25709F63E81B8FEC25FF31EDCB88C4F.e.12852/clear - {}
RESULT: {}
COMMAND: POST /session/638b8c348501295d6d2539f1a905cf1c/element/f.AA659E0CE08D0C76D21A3A5289A8AF5F.d.E25709F63E81B8FEC25FF31EDCB88C4F.e.12852/value - {"text":"5YYtR7xX5f"}
COMMAND: GET /session/638b8c348501295d6d2539f1a905cf1c/screenshot - {}
RESULT: {"text":"5YYtR7xX5f"}
COMMAND: GET /session/638b8c348501295d6d2539f1a905cf1c/screenshot - {}
RESULT: {}
RESULT: {}
COMMAND: POST /session/638b8c348501295d6d2539f1a905cf1c/actions - {"actions":[{"id":"action45","type":"key","parameters":{},"actions":[{"type":"keyDown","value":"î€‡"},{"type":"pause","duration":10},{"type":"keyUp","value":"î€‡"}]}]}
RESULT: {"actions":[{"id":"action45","type":"key","parameters":{},"actions":[{"type":"keyDown","value":"î€‡"},{"type":"pause","duration":10},{"type":"keyUp","value":"î€‡"}]}]}
COMMAND: GET /session/638b8c348501295d6d2539f1a905cf1c/screenshot - {}
RESULT: {}
COMMAND: POST /session/638b8c348501295d6d2539f1a905cf1c/execute/sync - {"script":"<script> [276 bytes]","args":["No pricing information was found"]}
RESULT: {"script":"<script> [276 bytes]","args":["No pricing information was found"]}
COMMAND: POST /session/638b8c348501295d6d2539f1a905cf1c/element - {"using":"xpath","value":"(//button[@data-kt=\"saveButton\"])[2]"}
COMMAND: GET /session/638b8c348501295d6d2539f1a905cf1c/screenshot - {}
RESULT: {"using":"xpath","value":"(//button[@data-kt=\"saveButton\"])[2]"}
COMMAND: POST /session/638b8c348501295d6d2539f1a905cf1c/element/f.AA659E0CE08D0C76D21A3A5289A8AF5F.d.E25709F63E81B8FEC25FF31EDCB88C4F.e.12867/click - {}
RESULT: {}
RESULT: {}
COMMAND: GET /session/638b8c348501295d6d2539f1a905cf1c/screenshot - {}
RESULT: {}
COMMAND: POST /session/638b8c348501295d6d2539f1a905cf1c/execute/sync - {"script":"<script> [276 bytes]","args":["Some contract items are having rental validity exceeding header rental validity"]}
RESULT: {"script":"<script> [276 bytes]","args":["Some contract items are having rental validity exceeding header rental validity"]}
COMMAND: GET /session/638b8c348501295d6d2539f1a905cf1c/screenshot - {}
RESULT: {}
COMMAND: POST /session/638b8c348501295d6d2539f1a905cf1c/element - {"using":"xpath","value":"//span[contains(@id ,\"contractItemsSmartTable-header-inner\")]"}
RESULT: {"using":"xpath","value":"//span[contains(@id ,\"contractItemsSmartTable-header-inner\")]"}
COMMAND: POST /session/638b8c348501295d6d2539f1a905cf1c/elements - {"using":"xpath","value":"//span[contains(@id ,\"contractItemsSmartTable-header-inner\")]"}
RESULT: {"using":"xpath","value":"//span[contains(@id ,\"contractItemsSmartTable-header-inner\")]"}
COMMAND: POST /session/638b8c348501295d6d2539f1a905cf1c/execute/sync - {"script":"<script> [56 bytes]","args":[{"element-6066-11e4-a52e-4f735466cecf":"f.AA659E0CE08D0C76D21A3A5289A8AF5F.d.E25709F63E81B8FEC25FF31EDCB88C4F.e.12873","ELEMENT":"f.AA659E0CE08D0C76D21A3A5289A8AF5F.d.E25709F63E81B8FEC25FF31EDCB88C4F.e.12873"}]}
RESULT: {"script":"<script> [56 bytes]","args":[{"element-6066-11e4-a52e-4f735466cecf":"f.AA659E0CE08D0C76D21A3A5289A8AF5F.d.E25709F63E81B8FEC25FF31EDCB88C4F.e.12873","ELEMENT":"f.AA659E0CE08D0C76D21A3A5289A8AF5F.d.E25709F63E81B8FEC25FF31EDCB88C4F.e.12873"}]}
]]></system-out>
    </testcase>
    <testcase classname="chrome.135_0_7049_96.windows.Create_master_data_for_mixed_billing_&amp;_do_billing_calculation_US151661" name="Should do a provide to site handover" time="70.095">
      <system-out><![CDATA[
COMMAND: POST /session/638b8c348501295d6d2539f1a905cf1c/element - {"using":"xpath","value":"//button[@data-kt=\"provideButton\"]"}
COMMAND: GET /session/638b8c348501295d6d2539f1a905cf1c/screenshot - {}
RESULT: {"using":"xpath","value":"//button[@data-kt=\"provideButton\"]"}
COMMAND: POST /session/638b8c348501295d6d2539f1a905cf1c/element/f.AA659E0CE08D0C76D21A3A5289A8AF5F.d.E25709F63E81B8FEC25FF31EDCB88C4F.e.12874/click - {}
RESULT: {}
RESULT: {}
COMMAND: GET /session/638b8c348501295d6d2539f1a905cf1c/screenshot - {}
RESULT: undefined
COMMAND: POST /session/638b8c348501295d6d2539f1a905cf1c/execute/async - {"script":"<script> [6424 bytes]","args":[{"element-6066-11e4-a52e-4f735466cecf":"f.AA659E0CE08D0C76D21A3A5289A8AF5F.d.E25709F63E81B8FEC25FF31EDCB88C4F.e.11910"},"setValue",["05/02/2025"]]}
RESULT: {}
COMMAND: POST /session/638b8c348501295d6d2539f1a905cf1c/execute/async - {"script":"<script> [1562 bytes]","args":[{"selector":{"id":"application-managehandovers-display-component---AddNewHO--dueDate","interaction":{"idSuffix":"inner"}},"wdio_ui5_key":"applicationmanagehandovers-display-component---AddNewHO--dueDate"}]}
RESULT: {"script":"<script> [1562 bytes]","args":[{"selector":{"id":"application-managehandovers-display-component---AddNewHO--dueDate","interaction":{"idSuffix":"inner"}},"wdio_ui5_key":"applicationmanagehandovers-display-component---AddNewHO--dueDate"}]}
COMMAND: POST /session/638b8c348501295d6d2539f1a905cf1c/execute/async - {"script":"<script> [6424 bytes]","args":[{"element-6066-11e4-a52e-4f735466cecf":"f.AA659E0CE08D0C76D21A3A5289A8AF5F.d.E25709F63E81B8FEC25FF31EDCB88C4F.e.12951"},"setValue",["05/02/2025"]]}
RESULT: {"script":"<script> [6424 bytes]","args":[{"element-6066-11e4-a52e-4f735466cecf":"f.AA659E0CE08D0C76D21A3A5289A8AF5F.d.E25709F63E81B8FEC25FF31EDCB88C4F.e.12951"},"setValue",["05/02/2025"]]}
COMMAND: POST /session/638b8c348501295d6d2539f1a905cf1c/element - {"using":"xpath","value":"//bdi[contains(text(), \"Instructions\")]"}
RESULT: {"using":"xpath","value":"//bdi[contains(text(), \"Instructions\")]"}
COMMAND: POST /session/638b8c348501295d6d2539f1a905cf1c/element/f.AA659E0CE08D0C76D21A3A5289A8AF5F.d.E25709F63E81B8FEC25FF31EDCB88C4F.e.13196/click - {}
RESULT: {}
COMMAND: GET /session/638b8c348501295d6d2539f1a905cf1c/screenshot - {}
RESULT: {}
COMMAND: POST /session/638b8c348501295d6d2539f1a905cf1c/element - {"using":"xpath","value":"//button[@data-kt=\"AddNewHOProvideAddItemsButton\"]"}
RESULT: {"using":"xpath","value":"//button[@data-kt=\"AddNewHOProvideAddItemsButton\"]"}
COMMAND: POST /session/638b8c348501295d6d2539f1a905cf1c/element/f.AA659E0CE08D0C76D21A3A5289A8AF5F.d.E25709F63E81B8FEC25FF31EDCB88C4F.e.13200/click - {}
RESULT: {}
COMMAND: GET /session/638b8c348501295d6d2539f1a905cf1c/screenshot - {}
RESULT: {}
RESULT: undefined
COMMAND: POST /session/638b8c348501295d6d2539f1a905cf1c/element - {"using":"xpath","value":"//*[@id=\"application-managehandovers-display-component---AddNewHO--popup-sa\"]"}
RESULT: {"using":"xpath","value":"//*[@id=\"application-managehandovers-display-component---AddNewHO--popup-sa\"]"}
COMMAND: POST /session/638b8c348501295d6d2539f1a905cf1c/element/f.AA659E0CE08D0C76D21A3A5289A8AF5F.d.E25709F63E81B8FEC25FF31EDCB88C4F.e.13216/click - {}
RESULT: {}
COMMAND: GET /session/638b8c348501295d6d2539f1a905cf1c/screenshot - {}
RESULT: {}
COMMAND: POST /session/638b8c348501295d6d2539f1a905cf1c/element - {"using":"xpath","value":"//*[contains(@id ,\"BDI-content\")][contains(text(), \"Select\")]"}
RESULT: {"using":"xpath","value":"//*[contains(@id ,\"BDI-content\")][contains(text(), \"Select\")]"}
COMMAND: POST /session/638b8c348501295d6d2539f1a905cf1c/element/f.AA659E0CE08D0C76D21A3A5289A8AF5F.d.E25709F63E81B8FEC25FF31EDCB88C4F.e.13217/click - {}
RESULT: {}
COMMAND: GET /session/638b8c348501295d6d2539f1a905cf1c/screenshot - {}
RESULT: {}
COMMAND: POST /session/638b8c348501295d6d2539f1a905cf1c/execute/async - {"script":"<script> [1562 bytes]","args":[{"selector":{"id":"application-managehandovers-display-component---AddNewHO--confirmCreationButton","interaction":{"idSuffix":"BDI-content"}},"wdio_ui5_key":"applicationmanagehandovers-display-component---AddNewHO--confirmCreationButton"}]}
RESULT: {"script":"<script> [1562 bytes]","args":[{"selector":{"id":"application-managehandovers-display-component---AddNewHO--confirmCreationButton","interaction":{"idSuffix":"BDI-content"}},"wdio_ui5_key":"applicationmanagehandovers-display-component---AddNewHO--confirmCreationButton"}]}
RESULT: undefined
COMMAND: POST /session/638b8c348501295d6d2539f1a905cf1c/element - {"using":"xpath","value":"//*[@id=\"application-managehandovers-display-component---AddNewHO--confirmCreationButton\"]"}
RESULT: {"using":"xpath","value":"//*[@id=\"application-managehandovers-display-component---AddNewHO--confirmCreationButton\"]"}
COMMAND: POST /session/638b8c348501295d6d2539f1a905cf1c/element/f.AA659E0CE08D0C76D21A3A5289A8AF5F.d.E25709F63E81B8FEC25FF31EDCB88C4F.e.12998/click - {}
RESULT: {}
COMMAND: GET /session/638b8c348501295d6d2539f1a905cf1c/screenshot - {}
COMMAND: POST /session/638b8c348501295d6d2539f1a905cf1c/element - {"using":"xpath","value":"//button[@data-kt=\"PickingTableConfirmAllButton\"]"}
RESULT: {}
RESULT: {"using":"xpath","value":"//button[@data-kt=\"PickingTableConfirmAllButton\"]"}
COMMAND: POST /session/638b8c348501295d6d2539f1a905cf1c/elements - {"using":"xpath","value":"//button[@data-kt=\"PickingTableConfirmAllButton\"]"}
RESULT: {"using":"xpath","value":"//button[@data-kt=\"PickingTableConfirmAllButton\"]"}
COMMAND: POST /session/638b8c348501295d6d2539f1a905cf1c/elements - {"using":"xpath","value":"//button[@data-kt=\"PickingTableConfirmAllButton\"]"}
RESULT: {"using":"xpath","value":"//button[@data-kt=\"PickingTableConfirmAllButton\"]"}
COMMAND: POST /session/638b8c348501295d6d2539f1a905cf1c/element - {"using":"xpath","value":"//button[@data-kt=\"PickingTableConfirmAllButton\"]"}
RESULT: {"using":"xpath","value":"//button[@data-kt=\"PickingTableConfirmAllButton\"]"}
COMMAND: POST /session/638b8c348501295d6d2539f1a905cf1c/element/f.AA659E0CE08D0C76D21A3A5289A8AF5F.d.E25709F63E81B8FEC25FF31EDCB88C4F.e.13255/click - {}
COMMAND: POST /session/638b8c348501295d6d2539f1a905cf1c/element - {"using":"xpath","value":"//button[@data-kt=\"PickingTableConfirmAllButton\"]"}
RESULT: {"using":"xpath","value":"//button[@data-kt=\"PickingTableConfirmAllButton\"]"}
COMMAND: POST /session/638b8c348501295d6d2539f1a905cf1c/element/f.AA659E0CE08D0C76D21A3A5289A8AF5F.d.E25709F63E81B8FEC25FF31EDCB88C4F.e.13255/click - {}
COMMAND: POST /session/638b8c348501295d6d2539f1a905cf1c/element - {"using":"xpath","value":"//button[@data-kt=\"PickingTableConfirmAllButton\"]"}
RESULT: {"using":"xpath","value":"//button[@data-kt=\"PickingTableConfirmAllButton\"]"}
COMMAND: POST /session/638b8c348501295d6d2539f1a905cf1c/element/f.AA659E0CE08D0C76D21A3A5289A8AF5F.d.E25709F63E81B8FEC25FF31EDCB88C4F.e.13279/click - {}
RESULT: {}
COMMAND: GET /session/638b8c348501295d6d2539f1a905cf1c/screenshot - {}
RESULT: {}
COMMAND: POST /session/638b8c348501295d6d2539f1a905cf1c/element - {"using":"xpath","value":"//bdi[contains(text(), \"OK\")]"}
RESULT: {"using":"xpath","value":"//bdi[contains(text(), \"OK\")]"}
COMMAND: POST /session/638b8c348501295d6d2539f1a905cf1c/element/f.AA659E0CE08D0C76D21A3A5289A8AF5F.d.E25709F63E81B8FEC25FF31EDCB88C4F.e.13281/click - {}
RESULT: {}
COMMAND: GET /session/638b8c348501295d6d2539f1a905cf1c/screenshot - {}
RESULT: {}
COMMAND: POST /session/638b8c348501295d6d2539f1a905cf1c/element - {"using":"xpath","value":"//bdi[contains(text(), \"Ok\")]"}
RESULT: {"using":"xpath","value":"//bdi[contains(text(), \"Ok\")]"}
COMMAND: POST /session/638b8c348501295d6d2539f1a905cf1c/element/f.AA659E0CE08D0C76D21A3A5289A8AF5F.d.E25709F63E81B8FEC25FF31EDCB88C4F.e.13290/click - {}
RESULT: {}
COMMAND: GET /session/638b8c348501295d6d2539f1a905cf1c/screenshot - {}
RESULT: {}
COMMAND: POST /session/638b8c348501295d6d2539f1a905cf1c/element - {"using":"xpath","value":"//bdi[contains(text(), \"Issue\")]"}
RESULT: {"using":"xpath","value":"//bdi[contains(text(), \"Issue\")]"}
COMMAND: POST /session/638b8c348501295d6d2539f1a905cf1c/element/f.AA659E0CE08D0C76D21A3A5289A8AF5F.d.E25709F63E81B8FEC25FF31EDCB88C4F.e.13292/click - {}
RESULT: {}
COMMAND: GET /session/638b8c348501295d6d2539f1a905cf1c/screenshot - {}
RESULT: {}
COMMAND: POST /session/638b8c348501295d6d2539f1a905cf1c/element - {"using":"css selector","value":"#shell-header-logo"}
RESULT: {"using":"css selector","value":"#shell-header-logo"}
COMMAND: POST /session/638b8c348501295d6d2539f1a905cf1c/element/f.AA659E0CE08D0C76D21A3A5289A8AF5F.d.E25709F63E81B8FEC25FF31EDCB88C4F.e.12320/click - {}
RESULT: {}
COMMAND: GET /session/638b8c348501295d6d2539f1a905cf1c/screenshot - {}
RESULT: {}
]]></system-out>
    </testcase>
    <testcase classname="chrome.135_0_7049_96.windows.Create_master_data_for_mixed_billing_&amp;_do_billing_calculation_US151661" name="Should create a few performance documents" time="111.478">
      <system-out><![CDATA[
COMMAND: POST /session/638b8c348501295d6d2539f1a905cf1c/window/fullscreen - {}
RESULT: {}
COMMAND: POST /session/638b8c348501295d6d2539f1a905cf1c/execute/async - {"script":"<script> [1562 bytes]","args":[{"selector":{"controlType":"sap.m.GenericTile","properties":{"header":"Manage States & Performance"}},"wdio_ui5_key":"sapm.GenericTile{\"header\":\"Manage States & Performance\"}"}]}
RESULT: {"script":"<script> [1562 bytes]","args":[{"selector":{"controlType":"sap.m.GenericTile","properties":{"header":"Manage States & Performance"}},"wdio_ui5_key":"sapm.GenericTile{\"header\":\"Manage States & Performance\"}"}]}
RESULT: undefined
COMMAND: POST /session/638b8c348501295d6d2539f1a905cf1c/element - {"using":"xpath","value":"//*[@id=\"__tile56\"]"}
RESULT: {"using":"xpath","value":"//*[@id=\"__tile56\"]"}
COMMAND: POST /session/638b8c348501295d6d2539f1a905cf1c/element/f.AA659E0CE08D0C76D21A3A5289A8AF5F.d.E25709F63E81B8FEC25FF31EDCB88C4F.e.6249/click - {}
RESULT: {}
COMMAND: POST /session/638b8c348501295d6d2539f1a905cf1c/execute/async - {"script":"<script> [1562 bytes]","args":[{"selector":{"id":"application-managestatesandperformance-display-component---stateAndPerform--smartFilterBarResources-btnBasicSearch","interaction":{"idSuffix":"I"}},"wdio_ui5_key":"applicationmanagestatesandperformance-display-component---stateAndPerform--smartFilterBarResources-btnBasicSearch"}]}
COMMAND: GET /session/638b8c348501295d6d2539f1a905cf1c/screenshot - {}
RESULT: {"script":"<script> [1562 bytes]","args":[{"selector":{"id":"application-managestatesandperformance-display-component---stateAndPerform--smartFilterBarResources-btnBasicSearch","interaction":{"idSuffix":"I"}},"wdio_ui5_key":"applicationmanagestatesandperformance-display-component---stateAndPerform--smartFilterBarResources-btnBasicSearch"}]}
RESULT: undefined
COMMAND: POST /session/638b8c348501295d6d2539f1a905cf1c/execute/async - {"script":"<script> [776 bytes]","args":[{"enterText":"5YYtR7xX5f","selector":{"id":"application-managestatesandperformance-display-component---stateAndPerform--smartFilterBarResources-btnBasicSearch","interaction":{"idSuffix":"I"}},"clearTextFirst":true,"interactionType":"ENTER_TEXT"}]}
RESULT: {}
RESULT: {"script":"<script> [776 bytes]","args":[{"enterText":"5YYtR7xX5f","selector":{"id":"application-managestatesandperformance-display-component---stateAndPerform--smartFilterBarResources-btnBasicSearch","interaction":{"idSuffix":"I"}},"clearTextFirst":true,"interactionType":"ENTER_TEXT"}]}
COMMAND: POST /session/638b8c348501295d6d2539f1a905cf1c/actions - {"actions":[{"id":"action46","type":"key","parameters":{},"actions":[{"type":"keyDown","value":"î€‡"},{"type":"pause","duration":10},{"type":"keyUp","value":"î€‡"}]}]}
RESULT: {"actions":[{"id":"action46","type":"key","parameters":{},"actions":[{"type":"keyDown","value":"î€‡"},{"type":"pause","duration":10},{"type":"keyUp","value":"î€‡"}]}]}
COMMAND: GET /session/638b8c348501295d6d2539f1a905cf1c/screenshot - {}
RESULT: {}
COMMAND: POST /session/638b8c348501295d6d2539f1a905cf1c/execute/async - {"script":"<script> [1562 bytes]","args":[{"selector":{"id":"application-managestatesandperformance-display-component---stateAndPerform--stateAndPerformResourcesSmartTable-header"},"wdio_ui5_key":"applicationmanagestatesandperformance-display-component---stateAndPerform--stateAndPerformResourcesSmartTable-header"}]}
RESULT: {"script":"<script> [1562 bytes]","args":[{"selector":{"id":"application-managestatesandperformance-display-component---stateAndPerform--stateAndPerformResourcesSmartTable-header"},"wdio_ui5_key":"applicationmanagestatesandperformance-display-component---stateAndPerform--stateAndPerformResourcesSmartTable-header"}]}
RESULT: undefined
COMMAND: POST /session/638b8c348501295d6d2539f1a905cf1c/execute/async - {"script":"<script> [6424 bytes]","args":[{"element-6066-11e4-a52e-4f735466cecf":"f.AA659E0CE08D0C76D21A3A5289A8AF5F.d.E25709F63E81B8FEC25FF31EDCB88C4F.e.13578"},"getText",[]]}
RESULT: {"script":"<script> [6424 bytes]","args":[{"element-6066-11e4-a52e-4f735466cecf":"f.AA659E0CE08D0C76D21A3A5289A8AF5F.d.E25709F63E81B8FEC25FF31EDCB88C4F.e.13578"},"getText",[]]}
COMMAND: POST /session/638b8c348501295d6d2539f1a905cf1c/execute/async - {"script":"<script> [1562 bytes]","args":[{"selector":{"controlType":"sap.ui.core.Icon","viewName":"etm.portal.ui.managestatesandperformance.view.Master","viewId":"application-managestatesandperformance-display-component---stateAndPerform","properties":{"src":{"regex":{"source":"slim\\-arrow\\-right"}}}},"wdio_ui5_key":"etmportal.ui.managestatesandperformance.view.Mastersap.ui.core.Icon{\"src\":{\"regex\":{\"source\":\"slim\\\\-arrow\\\\-right\"}}}"}]}
RESULT: {"script":"<script> [1562 bytes]","args":[{"selector":{"controlType":"sap.ui.core.Icon","viewName":"etm.portal.ui.managestatesandperformance.view.Master","viewId":"application-managestatesandperformance-display-component---stateAndPerform","properties":{"src":{"regex":{"source":"slim\\-arrow\\-right"}}}},"wdio_ui5_key":"etmportal.ui.managestatesandperformance.view.Mastersap.ui.core.Icon{\"src\":{\"regex\":{\"source\":\"slim\\\\-arrow\\\\-right\"}}}"}]}
RESULT: undefined
COMMAND: POST /session/638b8c348501295d6d2539f1a905cf1c/element - {"using":"xpath","value":"//*[@id=\"__item4470-__clone17516-imgNav\"]"}
RESULT: {"using":"xpath","value":"//*[@id=\"__item4470-__clone17516-imgNav\"]"}
COMMAND: POST /session/638b8c348501295d6d2539f1a905cf1c/element/f.AA659E0CE08D0C76D21A3A5289A8AF5F.d.E25709F63E81B8FEC25FF31EDCB88C4F.e.13577/click - {}
RESULT: {}
COMMAND: GET /session/638b8c348501295d6d2539f1a905cf1c/screenshot - {}
RESULT: {}
COMMAND: POST /session/638b8c348501295d6d2539f1a905cf1c/execute/async - {"script":"<script> [1562 bytes]","args":[{"selector":{"controlType":"sap.m.Button","viewName":"etm.portal.ui.managestatesandperformance.view.Detail","viewId":"application-managestatesandperformance-display-component---detailStateAndPerform","properties":{"text":"Performance Documents"}},"wdio_ui5_key":"etmportal.ui.managestatesandperformance.view.Detailsap.m.Button{\"text\":\"Performance Documents\"}"}]}
RESULT: {"script":"<script> [1562 bytes]","args":[{"selector":{"controlType":"sap.m.Button","viewName":"etm.portal.ui.managestatesandperformance.view.Detail","viewId":"application-managestatesandperformance-display-component---detailStateAndPerform","properties":{"text":"Performance Documents"}},"wdio_ui5_key":"etmportal.ui.managestatesandperformance.view.Detailsap.m.Button{\"text\":\"Performance Documents\"}"}]}
RESULT: undefined
COMMAND: POST /session/638b8c348501295d6d2539f1a905cf1c/element - {"using":"xpath","value":"//*[@id=\"__item4493-button\"]"}
RESULT: {"using":"xpath","value":"//*[@id=\"__item4493-button\"]"}
COMMAND: POST /session/638b8c348501295d6d2539f1a905cf1c/element/f.AA659E0CE08D0C76D21A3A5289A8AF5F.d.E25709F63E81B8FEC25FF31EDCB88C4F.e.13625/click - {}
RESULT: {}
COMMAND: POST /session/638b8c348501295d6d2539f1a905cf1c/execute/async - {"script":"<script> [1562 bytes]","args":[{"selector":{"controlType":"sap.m.Button","viewName":"etm.portal.ui.managestatesandperformance.view.Detail","viewId":"application-managestatesandperformance-display-component---detailStateAndPerform","i18NText":{"propertyName":"text","key":"createPerformanceDoc"},"interaction":{"idSuffix":"BDI-content"}},"wdio_ui5_key":"etmportal.ui.managestatesandperformance.view.Detailsap.m.Button{\"propertyName\":\"text\",\"key\":\"createPerformanceDoc\"}"}]}
COMMAND: GET /session/638b8c348501295d6d2539f1a905cf1c/screenshot - {}
RESULT: {"script":"<script> [1562 bytes]","args":[{"selector":{"controlType":"sap.m.Button","viewName":"etm.portal.ui.managestatesandperformance.view.Detail","viewId":"application-managestatesandperformance-display-component---detailStateAndPerform","i18NText":{"propertyName":"text","key":"createPerformanceDoc"},"interaction":{"idSuffix":"BDI-content"}},"wdio_ui5_key":"etmportal.ui.managestatesandperformance.view.Detailsap.m.Button{\"propertyName\":\"text\",\"key\":\"createPerformanceDoc\"}"}]}
RESULT: undefined
COMMAND: POST /session/638b8c348501295d6d2539f1a905cf1c/element - {"using":"xpath","value":"//*[@id=\"__button557\"]"}
RESULT: {}
RESULT: {"using":"xpath","value":"//*[@id=\"__button557\"]"}
COMMAND: POST /session/638b8c348501295d6d2539f1a905cf1c/element/f.AA659E0CE08D0C76D21A3A5289A8AF5F.d.E25709F63E81B8FEC25FF31EDCB88C4F.e.13630/click - {}
RESULT: {}
COMMAND: POST /session/638b8c348501295d6d2539f1a905cf1c/execute/async - {"script":"<script> [1562 bytes]","args":[{"selector":{"id":"application-managestatesandperformance-display-component---detailStateAndPerform--perfDocDatePicker","searchOpenDialogs":true,"interaction":{"idSuffix":"inner"}},"wdio_ui5_key":"applicationmanagestatesandperformance-display-component---detailStateAndPerform--perfDocDatePicker"}]}
COMMAND: GET /session/638b8c348501295d6d2539f1a905cf1c/screenshot - {}
RESULT: {"script":"<script> [1562 bytes]","args":[{"selector":{"id":"application-managestatesandperformance-display-component---detailStateAndPerform--perfDocDatePicker","searchOpenDialogs":true,"interaction":{"idSuffix":"inner"}},"wdio_ui5_key":"applicationmanagestatesandperformance-display-component---detailStateAndPerform--perfDocDatePicker"}]}
RESULT: undefined
COMMAND: POST /session/638b8c348501295d6d2539f1a905cf1c/execute/async - {"script":"<script> [776 bytes]","args":[{"enterText":"05/04/25","selector":{"id":"application-managestatesandperformance-display-component---detailStateAndPerform--perfDocDatePicker","searchOpenDialogs":true,"interaction":{"idSuffix":"inner"}},"clearTextFirst":true,"interactionType":"ENTER_TEXT"}]}
RESULT: {}
RESULT: {"script":"<script> [776 bytes]","args":[{"enterText":"05/04/25","selector":{"id":"application-managestatesandperformance-display-component---detailStateAndPerform--perfDocDatePicker","searchOpenDialogs":true,"interaction":{"idSuffix":"inner"}},"clearTextFirst":true,"interactionType":"ENTER_TEXT"}]}
COMMAND: POST /session/638b8c348501295d6d2539f1a905cf1c/execute/async - {"script":"<script> [1562 bytes]","args":[{"selector":{"id":"application-managestatesandperformance-display-component---detailStateAndPerform--counterValue-input","searchOpenDialogs":true,"interaction":{"idSuffix":"inner"}},"wdio_ui5_key":"applicationmanagestatesandperformance-display-component---detailStateAndPerform--counterValue-input"}]}
RESULT: {"script":"<script> [1562 bytes]","args":[{"selector":{"id":"application-managestatesandperformance-display-component---detailStateAndPerform--counterValue-input","searchOpenDialogs":true,"interaction":{"idSuffix":"inner"}},"wdio_ui5_key":"applicationmanagestatesandperformance-display-component---detailStateAndPerform--counterValue-input"}]}
RESULT: undefined
COMMAND: POST /session/638b8c348501295d6d2539f1a905cf1c/execute/async - {"script":"<script> [776 bytes]","args":[{"enterText":"15.00","selector":{"id":"application-managestatesandperformance-display-component---detailStateAndPerform--counterValue-input","searchOpenDialogs":true,"interaction":{"idSuffix":"inner"}},"clearTextFirst":true,"interactionType":"ENTER_TEXT"}]}
RESULT: {"script":"<script> [776 bytes]","args":[{"enterText":"15.00","selector":{"id":"application-managestatesandperformance-display-component---detailStateAndPerform--counterValue-input","searchOpenDialogs":true,"interaction":{"idSuffix":"inner"}},"clearTextFirst":true,"interactionType":"ENTER_TEXT"}]}
COMMAND: POST /session/638b8c348501295d6d2539f1a905cf1c/execute/async - {"script":"<script> [1562 bytes]","args":[{"selector":{"controlType":"sap.m.Button","viewName":"etm.portal.ui.managestatesandperformance.view.Detail","viewId":"application-managestatesandperformance-display-component---detailStateAndPerform","bindingPath":{"path":"","propertyPath":"/allowAddEdit","modelName":"oScreenModel"},"searchOpenDialogs":true,"interaction":{"idSuffix":"BDI-content"}},"wdio_ui5_key":"etmportal.ui.managestatesandperformance.view.Detailsap.m.Button{\"path\":\"\",\"propertyPath\":\"/allowAddEdit\",\"modelName\":\"oScreenModel\"}"}]}
RESULT: {"script":"<script> [1562 bytes]","args":[{"selector":{"controlType":"sap.m.Button","viewName":"etm.portal.ui.managestatesandperformance.view.Detail","viewId":"application-managestatesandperformance-display-component---detailStateAndPerform","bindingPath":{"path":"","propertyPath":"/allowAddEdit","modelName":"oScreenModel"},"searchOpenDialogs":true,"interaction":{"idSuffix":"BDI-content"}},"wdio_ui5_key":"etmportal.ui.managestatesandperformance.view.Detailsap.m.Button{\"path\":\"\",\"propertyPath\":\"/allowAddEdit\",\"modelName\":\"oScreenModel\"}"}]}
RESULT: undefined
COMMAND: POST /session/638b8c348501295d6d2539f1a905cf1c/element - {"using":"xpath","value":"//*[@id=\"__button564\"]"}
RESULT: {"using":"xpath","value":"//*[@id=\"__button564\"]"}
COMMAND: POST /session/638b8c348501295d6d2539f1a905cf1c/element/f.AA659E0CE08D0C76D21A3A5289A8AF5F.d.E25709F63E81B8FEC25FF31EDCB88C4F.e.13651/click - {}
RESULT: {}
RESULT: undefined
COMMAND: POST /session/638b8c348501295d6d2539f1a905cf1c/element - {"using":"xpath","value":"//*[@id=\"__button557\"]"}
COMMAND: GET /session/638b8c348501295d6d2539f1a905cf1c/screenshot - {}
RESULT: {"using":"xpath","value":"//*[@id=\"__button557\"]"}
COMMAND: POST /session/638b8c348501295d6d2539f1a905cf1c/element/f.AA659E0CE08D0C76D21A3A5289A8AF5F.d.E25709F63E81B8FEC25FF31EDCB88C4F.e.13630/click - {}
RESULT: {}
RESULT: {}
RESULT: undefined
COMMAND: POST /session/638b8c348501295d6d2539f1a905cf1c/execute/async - {"script":"<script> [776 bytes]","args":[{"enterText":"05/08/25","selector":{"id":"application-managestatesandperformance-display-component---detailStateAndPerform--perfDocDatePicker","searchOpenDialogs":true,"interaction":{"idSuffix":"inner"}},"clearTextFirst":true,"interactionType":"ENTER_TEXT"}]}
COMMAND: GET /session/638b8c348501295d6d2539f1a905cf1c/screenshot - {}
RESULT: {"script":"<script> [776 bytes]","args":[{"enterText":"05/08/25","selector":{"id":"application-managestatesandperformance-display-component---detailStateAndPerform--perfDocDatePicker","searchOpenDialogs":true,"interaction":{"idSuffix":"inner"}},"clearTextFirst":true,"interactionType":"ENTER_TEXT"}]}
RESULT: undefined
COMMAND: POST /session/638b8c348501295d6d2539f1a905cf1c/execute/async - {"script":"<script> [776 bytes]","args":[{"enterText":"20.00","selector":{"id":"application-managestatesandperformance-display-component---detailStateAndPerform--counterValue-input","searchOpenDialogs":true,"interaction":{"idSuffix":"inner"}},"clearTextFirst":true,"interactionType":"ENTER_TEXT"}]}
RESULT: {}
RESULT: {"script":"<script> [776 bytes]","args":[{"enterText":"20.00","selector":{"id":"application-managestatesandperformance-display-component---detailStateAndPerform--counterValue-input","searchOpenDialogs":true,"interaction":{"idSuffix":"inner"}},"clearTextFirst":true,"interactionType":"ENTER_TEXT"}]}
COMMAND: POST /session/638b8c348501295d6d2539f1a905cf1c/actions - {"actions":[{"id":"action47","type":"key","parameters":{},"actions":[{"type":"keyDown","value":"î€„"},{"type":"keyDown","value":"î€„"},{"type":"pause","duration":10},{"type":"keyUp","value":"î€„"},{"type":"keyUp","value":"î€„"}]}]}
RESULT: {"actions":[{"id":"action47","type":"key","parameters":{},"actions":[{"type":"keyDown","value":"î€„"},{"type":"keyDown","value":"î€„"},{"type":"pause","duration":10},{"type":"keyUp","value":"î€„"},{"type":"keyUp","value":"î€„"}]}]}
COMMAND: POST /session/638b8c348501295d6d2539f1a905cf1c/actions - {"actions":[{"id":"action48","type":"key","parameters":{},"actions":[{"type":"keyDown","value":"î€‡"},{"type":"pause","duration":10},{"type":"keyUp","value":"î€‡"}]}]}
COMMAND: GET /session/638b8c348501295d6d2539f1a905cf1c/screenshot - {}
RESULT: {"actions":[{"id":"action48","type":"key","parameters":{},"actions":[{"type":"keyDown","value":"î€‡"},{"type":"pause","duration":10},{"type":"keyUp","value":"î€‡"}]}]}
RESULT: undefined
COMMAND: POST /session/638b8c348501295d6d2539f1a905cf1c/element - {"using":"xpath","value":"//*[@id=\"__button564\"]"}
COMMAND: GET /session/638b8c348501295d6d2539f1a905cf1c/screenshot - {}
RESULT: {}
RESULT: {"using":"xpath","value":"//*[@id=\"__button564\"]"}
COMMAND: POST /session/638b8c348501295d6d2539f1a905cf1c/elements - {"using":"xpath","value":"//*[@id=\"__button564\"]"}
RESULT: {}
RESULT: {"using":"xpath","value":"//*[@id=\"__button564\"]"}
COMMAND: POST /session/638b8c348501295d6d2539f1a905cf1c/elements - {"using":"xpath","value":"//*[@id=\"__button564\"]"}
RESULT: {"using":"xpath","value":"//*[@id=\"__button564\"]"}
COMMAND: POST /session/638b8c348501295d6d2539f1a905cf1c/elements - {"using":"xpath","value":"//*[@id=\"__button564\"]"}
RESULT: {"using":"xpath","value":"//*[@id=\"__button564\"]"}
COMMAND: POST /session/638b8c348501295d6d2539f1a905cf1c/elements - {"using":"xpath","value":"//*[@id=\"__button564\"]"}
RESULT: {"using":"xpath","value":"//*[@id=\"__button564\"]"}
COMMAND: POST /session/638b8c348501295d6d2539f1a905cf1c/elements - {"using":"xpath","value":"//*[@id=\"__button564\"]"}
RESULT: {"using":"xpath","value":"//*[@id=\"__button564\"]"}
COMMAND: POST /session/638b8c348501295d6d2539f1a905cf1c/elements - {"using":"xpath","value":"//*[@id=\"__button564\"]"}
RESULT: {"using":"xpath","value":"//*[@id=\"__button564\"]"}
COMMAND: POST /session/638b8c348501295d6d2539f1a905cf1c/elements - {"using":"xpath","value":"//*[@id=\"__button564\"]"}
RESULT: {"using":"xpath","value":"//*[@id=\"__button564\"]"}
COMMAND: POST /session/638b8c348501295d6d2539f1a905cf1c/elements - {"using":"xpath","value":"//*[@id=\"__button564\"]"}
RESULT: {"using":"xpath","value":"//*[@id=\"__button564\"]"}
COMMAND: POST /session/638b8c348501295d6d2539f1a905cf1c/elements - {"using":"xpath","value":"//*[@id=\"__button564\"]"}
RESULT: {"using":"xpath","value":"//*[@id=\"__button564\"]"}
COMMAND: POST /session/638b8c348501295d6d2539f1a905cf1c/elements - {"using":"xpath","value":"//*[@id=\"__button564\"]"}
RESULT: {"using":"xpath","value":"//*[@id=\"__button564\"]"}
COMMAND: POST /session/638b8c348501295d6d2539f1a905cf1c/elements - {"using":"xpath","value":"//*[@id=\"__button564\"]"}
RESULT: {"using":"xpath","value":"//*[@id=\"__button564\"]"}
COMMAND: POST /session/638b8c348501295d6d2539f1a905cf1c/elements - {"using":"xpath","value":"//*[@id=\"__button564\"]"}
RESULT: {"using":"xpath","value":"//*[@id=\"__button564\"]"}
COMMAND: POST /session/638b8c348501295d6d2539f1a905cf1c/elements - {"using":"xpath","value":"//*[@id=\"__button564\"]"}
RESULT: {"using":"xpath","value":"//*[@id=\"__button564\"]"}
COMMAND: POST /session/638b8c348501295d6d2539f1a905cf1c/elements - {"using":"xpath","value":"//*[@id=\"__button564\"]"}
RESULT: {"using":"xpath","value":"//*[@id=\"__button564\"]"}
COMMAND: POST /session/638b8c348501295d6d2539f1a905cf1c/elements - {"using":"xpath","value":"//*[@id=\"__button564\"]"}
RESULT: {"using":"xpath","value":"//*[@id=\"__button564\"]"}
COMMAND: POST /session/638b8c348501295d6d2539f1a905cf1c/elements - {"using":"xpath","value":"//*[@id=\"__button564\"]"}
RESULT: {"using":"xpath","value":"//*[@id=\"__button564\"]"}
COMMAND: POST /session/638b8c348501295d6d2539f1a905cf1c/elements - {"using":"xpath","value":"//*[@id=\"__button564\"]"}
RESULT: {"using":"xpath","value":"//*[@id=\"__button564\"]"}
COMMAND: POST /session/638b8c348501295d6d2539f1a905cf1c/elements - {"using":"xpath","value":"//*[@id=\"__button564\"]"}
RESULT: {"using":"xpath","value":"//*[@id=\"__button564\"]"}
COMMAND: POST /session/638b8c348501295d6d2539f1a905cf1c/elements - {"using":"xpath","value":"//*[@id=\"__button564\"]"}
RESULT: {"using":"xpath","value":"//*[@id=\"__button564\"]"}
COMMAND: POST /session/638b8c348501295d6d2539f1a905cf1c/elements - {"using":"xpath","value":"//*[@id=\"__button564\"]"}
RESULT: {"using":"xpath","value":"//*[@id=\"__button564\"]"}
COMMAND: POST /session/638b8c348501295d6d2539f1a905cf1c/elements - {"using":"xpath","value":"//*[@id=\"__button564\"]"}
RESULT: {"using":"xpath","value":"//*[@id=\"__button564\"]"}
COMMAND: POST /session/638b8c348501295d6d2539f1a905cf1c/elements - {"using":"xpath","value":"//*[@id=\"__button564\"]"}
RESULT: {"using":"xpath","value":"//*[@id=\"__button564\"]"}
COMMAND: POST /session/638b8c348501295d6d2539f1a905cf1c/elements - {"using":"xpath","value":"//*[@id=\"__button564\"]"}
RESULT: {"using":"xpath","value":"//*[@id=\"__button564\"]"}
COMMAND: POST /session/638b8c348501295d6d2539f1a905cf1c/elements - {"using":"xpath","value":"//*[@id=\"__button564\"]"}
RESULT: {"using":"xpath","value":"//*[@id=\"__button564\"]"}
COMMAND: POST /session/638b8c348501295d6d2539f1a905cf1c/elements - {"using":"xpath","value":"//*[@id=\"__button564\"]"}
RESULT: {"using":"xpath","value":"//*[@id=\"__button564\"]"}
COMMAND: POST /session/638b8c348501295d6d2539f1a905cf1c/elements - {"using":"xpath","value":"//*[@id=\"__button564\"]"}
RESULT: {"using":"xpath","value":"//*[@id=\"__button564\"]"}
COMMAND: POST /session/638b8c348501295d6d2539f1a905cf1c/elements - {"using":"xpath","value":"//*[@id=\"__button564\"]"}
RESULT: {"using":"xpath","value":"//*[@id=\"__button564\"]"}
COMMAND: POST /session/638b8c348501295d6d2539f1a905cf1c/elements - {"using":"xpath","value":"//*[@id=\"__button564\"]"}
RESULT: {"using":"xpath","value":"//*[@id=\"__button564\"]"}
COMMAND: POST /session/638b8c348501295d6d2539f1a905cf1c/elements - {"using":"xpath","value":"//*[@id=\"__button564\"]"}
RESULT: {"using":"xpath","value":"//*[@id=\"__button564\"]"}
COMMAND: POST /session/638b8c348501295d6d2539f1a905cf1c/elements - {"using":"xpath","value":"//*[@id=\"__button564\"]"}
RESULT: {"using":"xpath","value":"//*[@id=\"__button564\"]"}
COMMAND: POST /session/638b8c348501295d6d2539f1a905cf1c/elements - {"using":"xpath","value":"//*[@id=\"__button564\"]"}
RESULT: {"using":"xpath","value":"//*[@id=\"__button564\"]"}
COMMAND: POST /session/638b8c348501295d6d2539f1a905cf1c/elements - {"using":"xpath","value":"//*[@id=\"__button564\"]"}
RESULT: {"using":"xpath","value":"//*[@id=\"__button564\"]"}
COMMAND: POST /session/638b8c348501295d6d2539f1a905cf1c/elements - {"using":"xpath","value":"//*[@id=\"__button564\"]"}
RESULT: {"using":"xpath","value":"//*[@id=\"__button564\"]"}
COMMAND: POST /session/638b8c348501295d6d2539f1a905cf1c/elements - {"using":"xpath","value":"//*[@id=\"__button564\"]"}
RESULT: {"using":"xpath","value":"//*[@id=\"__button564\"]"}
COMMAND: POST /session/638b8c348501295d6d2539f1a905cf1c/elements - {"using":"xpath","value":"//*[@id=\"__button564\"]"}
RESULT: {"using":"xpath","value":"//*[@id=\"__button564\"]"}
COMMAND: POST /session/638b8c348501295d6d2539f1a905cf1c/elements - {"using":"xpath","value":"//*[@id=\"__button564\"]"}
RESULT: {"using":"xpath","value":"//*[@id=\"__button564\"]"}
COMMAND: POST /session/638b8c348501295d6d2539f1a905cf1c/elements - {"using":"xpath","value":"//*[@id=\"__button564\"]"}
RESULT: {"using":"xpath","value":"//*[@id=\"__button564\"]"}
COMMAND: POST /session/638b8c348501295d6d2539f1a905cf1c/elements - {"using":"xpath","value":"//*[@id=\"__button564\"]"}
RESULT: {"using":"xpath","value":"//*[@id=\"__button564\"]"}
COMMAND: POST /session/638b8c348501295d6d2539f1a905cf1c/elements - {"using":"xpath","value":"//*[@id=\"__button564\"]"}
RESULT: {"using":"xpath","value":"//*[@id=\"__button564\"]"}
COMMAND: POST /session/638b8c348501295d6d2539f1a905cf1c/elements - {"using":"xpath","value":"//*[@id=\"__button564\"]"}
RESULT: {"using":"xpath","value":"//*[@id=\"__button564\"]"}
COMMAND: POST /session/638b8c348501295d6d2539f1a905cf1c/elements - {"using":"xpath","value":"//*[@id=\"__button564\"]"}
RESULT: {"using":"xpath","value":"//*[@id=\"__button564\"]"}
COMMAND: POST /session/638b8c348501295d6d2539f1a905cf1c/elements - {"using":"xpath","value":"//*[@id=\"__button564\"]"}
RESULT: {"using":"xpath","value":"//*[@id=\"__button564\"]"}
COMMAND: POST /session/638b8c348501295d6d2539f1a905cf1c/elements - {"using":"xpath","value":"//*[@id=\"__button564\"]"}
RESULT: {"using":"xpath","value":"//*[@id=\"__button564\"]"}
COMMAND: POST /session/638b8c348501295d6d2539f1a905cf1c/elements - {"using":"xpath","value":"//*[@id=\"__button564\"]"}
RESULT: {"using":"xpath","value":"//*[@id=\"__button564\"]"}
COMMAND: POST /session/638b8c348501295d6d2539f1a905cf1c/elements - {"using":"xpath","value":"//*[@id=\"__button564\"]"}
RESULT: {"using":"xpath","value":"//*[@id=\"__button564\"]"}
COMMAND: POST /session/638b8c348501295d6d2539f1a905cf1c/elements - {"using":"xpath","value":"//*[@id=\"__button564\"]"}
RESULT: {"using":"xpath","value":"//*[@id=\"__button564\"]"}
COMMAND: POST /session/638b8c348501295d6d2539f1a905cf1c/elements - {"using":"xpath","value":"//*[@id=\"__button564\"]"}
RESULT: {"using":"xpath","value":"//*[@id=\"__button564\"]"}
COMMAND: POST /session/638b8c348501295d6d2539f1a905cf1c/elements - {"using":"xpath","value":"//*[@id=\"__button564\"]"}
RESULT: {"using":"xpath","value":"//*[@id=\"__button564\"]"}
COMMAND: POST /session/638b8c348501295d6d2539f1a905cf1c/elements - {"using":"xpath","value":"//*[@id=\"__button564\"]"}
RESULT: {"using":"xpath","value":"//*[@id=\"__button564\"]"}
COMMAND: POST /session/638b8c348501295d6d2539f1a905cf1c/elements - {"using":"xpath","value":"//*[@id=\"__button564\"]"}
RESULT: {"using":"xpath","value":"//*[@id=\"__button564\"]"}
COMMAND: POST /session/638b8c348501295d6d2539f1a905cf1c/elements - {"using":"xpath","value":"//*[@id=\"__button564\"]"}
RESULT: {"using":"xpath","value":"//*[@id=\"__button564\"]"}
COMMAND: POST /session/638b8c348501295d6d2539f1a905cf1c/elements - {"using":"xpath","value":"//*[@id=\"__button564\"]"}
RESULT: {"using":"xpath","value":"//*[@id=\"__button564\"]"}
COMMAND: POST /session/638b8c348501295d6d2539f1a905cf1c/elements - {"using":"xpath","value":"//*[@id=\"__button564\"]"}
RESULT: {"using":"xpath","value":"//*[@id=\"__button564\"]"}
COMMAND: POST /session/638b8c348501295d6d2539f1a905cf1c/elements - {"using":"xpath","value":"//*[@id=\"__button564\"]"}
RESULT: {"using":"xpath","value":"//*[@id=\"__button564\"]"}
COMMAND: POST /session/638b8c348501295d6d2539f1a905cf1c/elements - {"using":"xpath","value":"//*[@id=\"__button564\"]"}
RESULT: {"using":"xpath","value":"//*[@id=\"__button564\"]"}
COMMAND: POST /session/638b8c348501295d6d2539f1a905cf1c/elements - {"using":"xpath","value":"//*[@id=\"__button564\"]"}
RESULT: {"using":"xpath","value":"//*[@id=\"__button564\"]"}
COMMAND: POST /session/638b8c348501295d6d2539f1a905cf1c/elements - {"using":"xpath","value":"//*[@id=\"__button564\"]"}
RESULT: {"using":"xpath","value":"//*[@id=\"__button564\"]"}
COMMAND: POST /session/638b8c348501295d6d2539f1a905cf1c/elements - {"using":"xpath","value":"//*[@id=\"__button564\"]"}
RESULT: {"using":"xpath","value":"//*[@id=\"__button564\"]"}
COMMAND: POST /session/638b8c348501295d6d2539f1a905cf1c/elements - {"using":"xpath","value":"//*[@id=\"__button564\"]"}
RESULT: {"using":"xpath","value":"//*[@id=\"__button564\"]"}
COMMAND: POST /session/638b8c348501295d6d2539f1a905cf1c/elements - {"using":"xpath","value":"//*[@id=\"__button564\"]"}
RESULT: {"using":"xpath","value":"//*[@id=\"__button564\"]"}
COMMAND: POST /session/638b8c348501295d6d2539f1a905cf1c/elements - {"using":"xpath","value":"//*[@id=\"__button564\"]"}
RESULT: {"using":"xpath","value":"//*[@id=\"__button564\"]"}
COMMAND: POST /session/638b8c348501295d6d2539f1a905cf1c/elements - {"using":"xpath","value":"//*[@id=\"__button564\"]"}
RESULT: {"using":"xpath","value":"//*[@id=\"__button564\"]"}
COMMAND: POST /session/638b8c348501295d6d2539f1a905cf1c/elements - {"using":"xpath","value":"//*[@id=\"__button564\"]"}
RESULT: {"using":"xpath","value":"//*[@id=\"__button564\"]"}
COMMAND: POST /session/638b8c348501295d6d2539f1a905cf1c/elements - {"using":"xpath","value":"//*[@id=\"__button564\"]"}
RESULT: {"using":"xpath","value":"//*[@id=\"__button564\"]"}
COMMAND: POST /session/638b8c348501295d6d2539f1a905cf1c/elements - {"using":"xpath","value":"//*[@id=\"__button564\"]"}
RESULT: {"using":"xpath","value":"//*[@id=\"__button564\"]"}
COMMAND: POST /session/638b8c348501295d6d2539f1a905cf1c/elements - {"using":"xpath","value":"//*[@id=\"__button564\"]"}
RESULT: {"using":"xpath","value":"//*[@id=\"__button564\"]"}
COMMAND: POST /session/638b8c348501295d6d2539f1a905cf1c/elements - {"using":"xpath","value":"//*[@id=\"__button564\"]"}
RESULT: {"using":"xpath","value":"//*[@id=\"__button564\"]"}
COMMAND: POST /session/638b8c348501295d6d2539f1a905cf1c/elements - {"using":"xpath","value":"//*[@id=\"__button564\"]"}
RESULT: {"using":"xpath","value":"//*[@id=\"__button564\"]"}
COMMAND: POST /session/638b8c348501295d6d2539f1a905cf1c/elements - {"using":"xpath","value":"//*[@id=\"__button564\"]"}
RESULT: {"using":"xpath","value":"//*[@id=\"__button564\"]"}
COMMAND: POST /session/638b8c348501295d6d2539f1a905cf1c/elements - {"using":"xpath","value":"//*[@id=\"__button564\"]"}
RESULT: {"using":"xpath","value":"//*[@id=\"__button564\"]"}
COMMAND: POST /session/638b8c348501295d6d2539f1a905cf1c/elements - {"using":"xpath","value":"//*[@id=\"__button564\"]"}
RESULT: {"using":"xpath","value":"//*[@id=\"__button564\"]"}
COMMAND: POST /session/638b8c348501295d6d2539f1a905cf1c/elements - {"using":"xpath","value":"//*[@id=\"__button564\"]"}
RESULT: {"using":"xpath","value":"//*[@id=\"__button564\"]"}
COMMAND: POST /session/638b8c348501295d6d2539f1a905cf1c/elements - {"using":"xpath","value":"//*[@id=\"__button564\"]"}
RESULT: {"using":"xpath","value":"//*[@id=\"__button564\"]"}
COMMAND: POST /session/638b8c348501295d6d2539f1a905cf1c/elements - {"using":"xpath","value":"//*[@id=\"__button564\"]"}
RESULT: {"using":"xpath","value":"//*[@id=\"__button564\"]"}
COMMAND: POST /session/638b8c348501295d6d2539f1a905cf1c/elements - {"using":"xpath","value":"//*[@id=\"__button564\"]"}
RESULT: {"using":"xpath","value":"//*[@id=\"__button564\"]"}
COMMAND: POST /session/638b8c348501295d6d2539f1a905cf1c/elements - {"using":"xpath","value":"//*[@id=\"__button564\"]"}
RESULT: {"using":"xpath","value":"//*[@id=\"__button564\"]"}
COMMAND: POST /session/638b8c348501295d6d2539f1a905cf1c/elements - {"using":"xpath","value":"//*[@id=\"__button564\"]"}
RESULT: {"using":"xpath","value":"//*[@id=\"__button564\"]"}
COMMAND: POST /session/638b8c348501295d6d2539f1a905cf1c/elements - {"using":"xpath","value":"//*[@id=\"__button564\"]"}
RESULT: {"using":"xpath","value":"//*[@id=\"__button564\"]"}
COMMAND: POST /session/638b8c348501295d6d2539f1a905cf1c/elements - {"using":"xpath","value":"//*[@id=\"__button564\"]"}
RESULT: {"using":"xpath","value":"//*[@id=\"__button564\"]"}
COMMAND: POST /session/638b8c348501295d6d2539f1a905cf1c/elements - {"using":"xpath","value":"//*[@id=\"__button564\"]"}
RESULT: {"using":"xpath","value":"//*[@id=\"__button564\"]"}
COMMAND: POST /session/638b8c348501295d6d2539f1a905cf1c/elements - {"using":"xpath","value":"//*[@id=\"__button564\"]"}
RESULT: {"using":"xpath","value":"//*[@id=\"__button564\"]"}
COMMAND: POST /session/638b8c348501295d6d2539f1a905cf1c/elements - {"using":"xpath","value":"//*[@id=\"__button564\"]"}
RESULT: {"using":"xpath","value":"//*[@id=\"__button564\"]"}
COMMAND: POST /session/638b8c348501295d6d2539f1a905cf1c/elements - {"using":"xpath","value":"//*[@id=\"__button564\"]"}
RESULT: {"using":"xpath","value":"//*[@id=\"__button564\"]"}
COMMAND: POST /session/638b8c348501295d6d2539f1a905cf1c/elements - {"using":"xpath","value":"//*[@id=\"__button564\"]"}
RESULT: {"using":"xpath","value":"//*[@id=\"__button564\"]"}
COMMAND: POST /session/638b8c348501295d6d2539f1a905cf1c/elements - {"using":"xpath","value":"//*[@id=\"__button564\"]"}
RESULT: {"using":"xpath","value":"//*[@id=\"__button564\"]"}
COMMAND: POST /session/638b8c348501295d6d2539f1a905cf1c/elements - {"using":"xpath","value":"//*[@id=\"__button564\"]"}
RESULT: {"using":"xpath","value":"//*[@id=\"__button564\"]"}
COMMAND: POST /session/638b8c348501295d6d2539f1a905cf1c/elements - {"using":"xpath","value":"//*[@id=\"__button564\"]"}
RESULT: {"using":"xpath","value":"//*[@id=\"__button564\"]"}
COMMAND: POST /session/638b8c348501295d6d2539f1a905cf1c/elements - {"using":"xpath","value":"//*[@id=\"__button564\"]"}
RESULT: {"using":"xpath","value":"//*[@id=\"__button564\"]"}
COMMAND: POST /session/638b8c348501295d6d2539f1a905cf1c/elements - {"using":"xpath","value":"//*[@id=\"__button564\"]"}
RESULT: {"using":"xpath","value":"//*[@id=\"__button564\"]"}
COMMAND: POST /session/638b8c348501295d6d2539f1a905cf1c/elements - {"using":"xpath","value":"//*[@id=\"__button564\"]"}
RESULT: {"using":"xpath","value":"//*[@id=\"__button564\"]"}
COMMAND: POST /session/638b8c348501295d6d2539f1a905cf1c/elements - {"using":"xpath","value":"//*[@id=\"__button564\"]"}
RESULT: {"using":"xpath","value":"//*[@id=\"__button564\"]"}
COMMAND: POST /session/638b8c348501295d6d2539f1a905cf1c/elements - {"using":"xpath","value":"//*[@id=\"__button564\"]"}
RESULT: {"using":"xpath","value":"//*[@id=\"__button564\"]"}
COMMAND: POST /session/638b8c348501295d6d2539f1a905cf1c/elements - {"using":"xpath","value":"//*[@id=\"__button564\"]"}
RESULT: {"using":"xpath","value":"//*[@id=\"__button564\"]"}
COMMAND: POST /session/638b8c348501295d6d2539f1a905cf1c/elements - {"using":"xpath","value":"//*[@id=\"__button564\"]"}
RESULT: {"using":"xpath","value":"//*[@id=\"__button564\"]"}
COMMAND: POST /session/638b8c348501295d6d2539f1a905cf1c/elements - {"using":"xpath","value":"//*[@id=\"__button564\"]"}
RESULT: {"using":"xpath","value":"//*[@id=\"__button564\"]"}
COMMAND: POST /session/638b8c348501295d6d2539f1a905cf1c/elements - {"using":"xpath","value":"//*[@id=\"__button564\"]"}
RESULT: {"using":"xpath","value":"//*[@id=\"__button564\"]"}
COMMAND: POST /session/638b8c348501295d6d2539f1a905cf1c/elements - {"using":"xpath","value":"//*[@id=\"__button564\"]"}
RESULT: {"using":"xpath","value":"//*[@id=\"__button564\"]"}
COMMAND: POST /session/638b8c348501295d6d2539f1a905cf1c/elements - {"using":"xpath","value":"//*[@id=\"__button564\"]"}
RESULT: {"using":"xpath","value":"//*[@id=\"__button564\"]"}
COMMAND: POST /session/638b8c348501295d6d2539f1a905cf1c/elements - {"using":"xpath","value":"//*[@id=\"__button564\"]"}
RESULT: {"using":"xpath","value":"//*[@id=\"__button564\"]"}
COMMAND: POST /session/638b8c348501295d6d2539f1a905cf1c/elements - {"using":"xpath","value":"//*[@id=\"__button564\"]"}
RESULT: {"using":"xpath","value":"//*[@id=\"__button564\"]"}
COMMAND: POST /session/638b8c348501295d6d2539f1a905cf1c/elements - {"using":"xpath","value":"//*[@id=\"__button564\"]"}
RESULT: {"using":"xpath","value":"//*[@id=\"__button564\"]"}
COMMAND: POST /session/638b8c348501295d6d2539f1a905cf1c/elements - {"using":"xpath","value":"//*[@id=\"__button564\"]"}
RESULT: {"using":"xpath","value":"//*[@id=\"__button564\"]"}
COMMAND: POST /session/638b8c348501295d6d2539f1a905cf1c/elements - {"using":"xpath","value":"//*[@id=\"__button564\"]"}
RESULT: {"using":"xpath","value":"//*[@id=\"__button564\"]"}
COMMAND: POST /session/638b8c348501295d6d2539f1a905cf1c/elements - {"using":"xpath","value":"//*[@id=\"__button564\"]"}
RESULT: {"using":"xpath","value":"//*[@id=\"__button564\"]"}
COMMAND: POST /session/638b8c348501295d6d2539f1a905cf1c/elements - {"using":"xpath","value":"//*[@id=\"__button564\"]"}
RESULT: {"using":"xpath","value":"//*[@id=\"__button564\"]"}
COMMAND: POST /session/638b8c348501295d6d2539f1a905cf1c/elements - {"using":"xpath","value":"//*[@id=\"__button564\"]"}
RESULT: {"using":"xpath","value":"//*[@id=\"__button564\"]"}
COMMAND: POST /session/638b8c348501295d6d2539f1a905cf1c/elements - {"using":"xpath","value":"//*[@id=\"__button564\"]"}
RESULT: {"using":"xpath","value":"//*[@id=\"__button564\"]"}
COMMAND: POST /session/638b8c348501295d6d2539f1a905cf1c/elements - {"using":"xpath","value":"//*[@id=\"__button564\"]"}
RESULT: {"using":"xpath","value":"//*[@id=\"__button564\"]"}
COMMAND: POST /session/638b8c348501295d6d2539f1a905cf1c/elements - {"using":"xpath","value":"//*[@id=\"__button564\"]"}
RESULT: {"using":"xpath","value":"//*[@id=\"__button564\"]"}
COMMAND: POST /session/638b8c348501295d6d2539f1a905cf1c/elements - {"using":"xpath","value":"//*[@id=\"__button564\"]"}
RESULT: {"using":"xpath","value":"//*[@id=\"__button564\"]"}
COMMAND: POST /session/638b8c348501295d6d2539f1a905cf1c/elements - {"using":"xpath","value":"//*[@id=\"__button564\"]"}
RESULT: {"using":"xpath","value":"//*[@id=\"__button564\"]"}
COMMAND: POST /session/638b8c348501295d6d2539f1a905cf1c/elements - {"using":"xpath","value":"//*[@id=\"__button564\"]"}
RESULT: {"using":"xpath","value":"//*[@id=\"__button564\"]"}
COMMAND: POST /session/638b8c348501295d6d2539f1a905cf1c/elements - {"using":"xpath","value":"//*[@id=\"__button564\"]"}
RESULT: {"using":"xpath","value":"//*[@id=\"__button564\"]"}
COMMAND: POST /session/638b8c348501295d6d2539f1a905cf1c/elements - {"using":"xpath","value":"//*[@id=\"__button564\"]"}
RESULT: {"using":"xpath","value":"//*[@id=\"__button564\"]"}
COMMAND: POST /session/638b8c348501295d6d2539f1a905cf1c/elements - {"using":"xpath","value":"//*[@id=\"__button564\"]"}
RESULT: {"using":"xpath","value":"//*[@id=\"__button564\"]"}
COMMAND: POST /session/638b8c348501295d6d2539f1a905cf1c/elements - {"using":"xpath","value":"//*[@id=\"__button564\"]"}
RESULT: {"using":"xpath","value":"//*[@id=\"__button564\"]"}
COMMAND: POST /session/638b8c348501295d6d2539f1a905cf1c/elements - {"using":"xpath","value":"//*[@id=\"__button564\"]"}
RESULT: {"using":"xpath","value":"//*[@id=\"__button564\"]"}
COMMAND: POST /session/638b8c348501295d6d2539f1a905cf1c/elements - {"using":"xpath","value":"//*[@id=\"__button564\"]"}
RESULT: {"using":"xpath","value":"//*[@id=\"__button564\"]"}
COMMAND: POST /session/638b8c348501295d6d2539f1a905cf1c/elements - {"using":"xpath","value":"//*[@id=\"__button564\"]"}
RESULT: {"using":"xpath","value":"//*[@id=\"__button564\"]"}
COMMAND: POST /session/638b8c348501295d6d2539f1a905cf1c/elements - {"using":"xpath","value":"//*[@id=\"__button564\"]"}
RESULT: {"using":"xpath","value":"//*[@id=\"__button564\"]"}
COMMAND: POST /session/638b8c348501295d6d2539f1a905cf1c/elements - {"using":"xpath","value":"//*[@id=\"__button564\"]"}
COMMAND: POST /session/638b8c348501295d6d2539f1a905cf1c/element - {"using":"css selector","value":"#shell-header-logo"}
RESULT: {"using":"xpath","value":"//*[@id=\"__button564\"]"}
RESULT: {"using":"css selector","value":"#shell-header-logo"}
COMMAND: POST /session/638b8c348501295d6d2539f1a905cf1c/execute/sync - {"script":"<script> [8489 bytes]","args":[{"element-6066-11e4-a52e-4f735466cecf":"f.AA659E0CE08D0C76D21A3A5289A8AF5F.d.E25709F63E81B8FEC25FF31EDCB88C4F.e.13475","ELEMENT":"f.AA659E0CE08D0C76D21A3A5289A8AF5F.d.E25709F63E81B8FEC25FF31EDCB88C4F.e.13475"}]}
RESULT: {"script":"<script> [8489 bytes]","args":[{"element-6066-11e4-a52e-4f735466cecf":"f.AA659E0CE08D0C76D21A3A5289A8AF5F.d.E25709F63E81B8FEC25FF31EDCB88C4F.e.13475","ELEMENT":"f.AA659E0CE08D0C76D21A3A5289A8AF5F.d.E25709F63E81B8FEC25FF31EDCB88C4F.e.13475"}]}
COMMAND: POST /session/638b8c348501295d6d2539f1a905cf1c/execute/sync - {"script":"<script> [5351 bytes]","args":[{"element-6066-11e4-a52e-4f735466cecf":"f.AA659E0CE08D0C76D21A3A5289A8AF5F.d.E25709F63E81B8FEC25FF31EDCB88C4F.e.13475","ELEMENT":"f.AA659E0CE08D0C76D21A3A5289A8AF5F.d.E25709F63E81B8FEC25FF31EDCB88C4F.e.13475"}]}
COMMAND: GET /session/638b8c348501295d6d2539f1a905cf1c/screenshot - {}
RESULT: {"script":"<script> [5351 bytes]","args":[{"element-6066-11e4-a52e-4f735466cecf":"f.AA659E0CE08D0C76D21A3A5289A8AF5F.d.E25709F63E81B8FEC25FF31EDCB88C4F.e.13475","ELEMENT":"f.AA659E0CE08D0C76D21A3A5289A8AF5F.d.E25709F63E81B8FEC25FF31EDCB88C4F.e.13475"}]}
COMMAND: POST /session/638b8c348501295d6d2539f1a905cf1c/element/f.AA659E0CE08D0C76D21A3A5289A8AF5F.d.E25709F63E81B8FEC25FF31EDCB88C4F.e.13475/click - {}
COMMAND: GET /session/638b8c348501295d6d2539f1a905cf1c/screenshot - {}
RESULT: {}
RESULT: {}
]]></system-out>
    </testcase>
    <testcase classname="chrome.135_0_7049_96.windows.Create_master_data_for_mixed_billing_&amp;_do_billing_calculation_US151661" name="Should go to Manage Billings and trigger calculation check the conditions applied" time="73.12">
      <system-out><![CDATA[
COMMAND: POST /session/638b8c348501295d6d2539f1a905cf1c/execute/async - {"script":"<script> [1562 bytes]","args":[{"selector":{"controlType":"sap.m.GenericTile","properties":{"header":"Manage Billings"}},"wdio_ui5_key":"sapm.GenericTile{\"header\":\"Manage Billings\"}"}]}
COMMAND: GET /session/638b8c348501295d6d2539f1a905cf1c/screenshot - {}
RESULT: {}
RESULT: {"script":"<script> [1562 bytes]","args":[{"selector":{"controlType":"sap.m.GenericTile","properties":{"header":"Manage Billings"}},"wdio_ui5_key":"sapm.GenericTile{\"header\":\"Manage Billings\"}"}]}
RESULT: undefined
COMMAND: POST /session/638b8c348501295d6d2539f1a905cf1c/element - {"using":"xpath","value":"//*[@id=\"__tile51\"]"}
RESULT: {}
RESULT: {"using":"xpath","value":"//*[@id=\"__tile51\"]"}
COMMAND: POST /session/638b8c348501295d6d2539f1a905cf1c/element/f.AA659E0CE08D0C76D21A3A5289A8AF5F.d.E25709F63E81B8FEC25FF31EDCB88C4F.e.6196/click - {}
RESULT: {}
COMMAND: GET /session/638b8c348501295d6d2539f1a905cf1c/screenshot - {}
COMMAND: POST /session/638b8c348501295d6d2539f1a905cf1c/execute/async - {"script":"<script> [1562 bytes]","args":[{"selector":{"id":"application-managebillings-display-component---billRunCalcResult--smartFilterBar-btnBasicSearch","interaction":{"idSuffix":"I"}},"wdio_ui5_key":"applicationmanagebillings-display-component---billRunCalcResult--smartFilterBar-btnBasicSearch"}]}
RESULT: {}
RESULT: {"script":"<script> [1562 bytes]","args":[{"selector":{"id":"application-managebillings-display-component---billRunCalcResult--smartFilterBar-btnBasicSearch","interaction":{"idSuffix":"I"}},"wdio_ui5_key":"applicationmanagebillings-display-component---billRunCalcResult--smartFilterBar-btnBasicSearch"}]}
RESULT: undefined
COMMAND: POST /session/638b8c348501295d6d2539f1a905cf1c/execute/async - {"script":"<script> [776 bytes]","args":[{"enterText":"10465","selector":{"id":"application-managebillings-display-component---billRunCalcResult--smartFilterBar-btnBasicSearch","interaction":{"idSuffix":"I"}},"clearTextFirst":true,"interactionType":"ENTER_TEXT"}]}
RESULT: {"script":"<script> [776 bytes]","args":[{"enterText":"10465","selector":{"id":"application-managebillings-display-component---billRunCalcResult--smartFilterBar-btnBasicSearch","interaction":{"idSuffix":"I"}},"clearTextFirst":true,"interactionType":"ENTER_TEXT"}]}
COMMAND: POST /session/638b8c348501295d6d2539f1a905cf1c/actions - {"actions":[{"id":"action49","type":"key","parameters":{},"actions":[{"type":"keyDown","value":"î€‡"},{"type":"pause","duration":10},{"type":"keyUp","value":"î€‡"}]}]}
RESULT: {"actions":[{"id":"action49","type":"key","parameters":{},"actions":[{"type":"keyDown","value":"î€‡"},{"type":"pause","duration":10},{"type":"keyUp","value":"î€‡"}]}]}
COMMAND: GET /session/638b8c348501295d6d2539f1a905cf1c/screenshot - {}
RESULT: {}
COMMAND: POST /session/638b8c348501295d6d2539f1a905cf1c/element - {"using":"xpath","value":"//td[@aria-colindex=\"1\"]/div/div[contains(@class, \"sapMCbBg\")]"}
RESULT: {"using":"xpath","value":"//td[@aria-colindex=\"1\"]/div/div[contains(@class, \"sapMCbBg\")]"}
COMMAND: POST /session/638b8c348501295d6d2539f1a905cf1c/element/f.AA659E0CE08D0C76D21A3A5289A8AF5F.d.E25709F63E81B8FEC25FF31EDCB88C4F.e.13885/click - {}
RESULT: {}
COMMAND: GET /session/638b8c348501295d6d2539f1a905cf1c/screenshot - {}
RESULT: {}
COMMAND: POST /session/638b8c348501295d6d2539f1a905cf1c/execute/async - {"script":"<script> [1562 bytes]","args":[{"selector":{"id":"application-managebillings-display-component---billRunCalcResult--contractBillRunDate","interaction":{"idSuffix":"inner"}},"wdio_ui5_key":"applicationmanagebillings-display-component---billRunCalcResult--contractBillRunDate"}]}
RESULT: {"script":"<script> [1562 bytes]","args":[{"selector":{"id":"application-managebillings-display-component---billRunCalcResult--contractBillRunDate","interaction":{"idSuffix":"inner"}},"wdio_ui5_key":"applicationmanagebillings-display-component---billRunCalcResult--contractBillRunDate"}]}
RESULT: undefined
COMMAND: POST /session/638b8c348501295d6d2539f1a905cf1c/execute/async - {"script":"<script> [776 bytes]","args":[{"enterText":"06/02/25","selector":{"id":"application-managebillings-display-component---billRunCalcResult--contractBillRunDate","interaction":{"idSuffix":"inner"}},"clearTextFirst":true,"interactionType":"ENTER_TEXT"}]}
RESULT: {"script":"<script> [776 bytes]","args":[{"enterText":"06/02/25","selector":{"id":"application-managebillings-display-component---billRunCalcResult--contractBillRunDate","interaction":{"idSuffix":"inner"}},"clearTextFirst":true,"interactionType":"ENTER_TEXT"}]}
COMMAND: POST /session/638b8c348501295d6d2539f1a905cf1c/element - {"using":"xpath","value":"//bdi[contains(text(), \"Trigger Calculation\")]"}
RESULT: {"using":"xpath","value":"//bdi[contains(text(), \"Trigger Calculation\")]"}
COMMAND: POST /session/638b8c348501295d6d2539f1a905cf1c/element/f.AA659E0CE08D0C76D21A3A5289A8AF5F.d.E25709F63E81B8FEC25FF31EDCB88C4F.e.13936/click - {}
RESULT: {}
COMMAND: GET /session/638b8c348501295d6d2539f1a905cf1c/screenshot - {}
RESULT: {}
COMMAND: POST /session/638b8c348501295d6d2539f1a905cf1c/element - {"using":"xpath","value":"(//span[contains(@id, \"imgNav\")])[1]"}
RESULT: {"using":"xpath","value":"(//span[contains(@id, \"imgNav\")])[1]"}
COMMAND: POST /session/638b8c348501295d6d2539f1a905cf1c/element/f.AA659E0CE08D0C76D21A3A5289A8AF5F.d.E25709F63E81B8FEC25FF31EDCB88C4F.e.13886/click - {}
RESULT: {}
COMMAND: GET /session/638b8c348501295d6d2539f1a905cf1c/screenshot - {}
RESULT: {}
COMMAND: POST /session/638b8c348501295d6d2539f1a905cf1c/element - {"using":"xpath","value":"//tr/td[6]/div[1]/span[1]/span[1]"}
RESULT: {"using":"xpath","value":"//tr/td[6]/div[1]/span[1]/span[1]"}
COMMAND: GET /session/638b8c348501295d6d2539f1a905cf1c/element/f.AA659E0CE08D0C76D21A3A5289A8AF5F.d.E25709F63E81B8FEC25FF31EDCB88C4F.e.13941/text - {}
RESULT: {}
COMMAND: POST /session/638b8c348501295d6d2539f1a905cf1c/element - {"using":"xpath","value":"(//span[contains(@id, \"imgNav\")])[2]"}
RESULT: {"using":"xpath","value":"(//span[contains(@id, \"imgNav\")])[2]"}
COMMAND: POST /session/638b8c348501295d6d2539f1a905cf1c/element/f.AA659E0CE08D0C76D21A3A5289A8AF5F.d.E25709F63E81B8FEC25FF31EDCB88C4F.e.13942/click - {}
RESULT: {}
COMMAND: POST /session/638b8c348501295d6d2539f1a905cf1c/element - {"using":"xpath","value":"//bdi[contains(text(), \"Business Confirm\")]"}
COMMAND: GET /session/638b8c348501295d6d2539f1a905cf1c/screenshot - {}
RESULT: {"using":"xpath","value":"//bdi[contains(text(), \"Business Confirm\")]"}
COMMAND: POST /session/638b8c348501295d6d2539f1a905cf1c/elements - {"using":"xpath","value":"//bdi[contains(text(), \"Business Confirm\")]"}
RESULT: {}
RESULT: {"using":"xpath","value":"//bdi[contains(text(), \"Business Confirm\")]"}
COMMAND: POST /session/638b8c348501295d6d2539f1a905cf1c/element - {"using":"xpath","value":"//bdi[contains(text(), \"Business Confirm\")]"}
RESULT: {"using":"xpath","value":"//bdi[contains(text(), \"Business Confirm\")]"}
COMMAND: POST /session/638b8c348501295d6d2539f1a905cf1c/element/f.AA659E0CE08D0C76D21A3A5289A8AF5F.d.E25709F63E81B8FEC25FF31EDCB88C4F.e.13975/click - {}
RESULT: {}
COMMAND: POST /session/638b8c348501295d6d2539f1a905cf1c/element - {"using":"css selector","value":"#shell-header-logo"}
COMMAND: GET /session/638b8c348501295d6d2539f1a905cf1c/screenshot - {}
RESULT: {"using":"css selector","value":"#shell-header-logo"}
COMMAND: POST /session/638b8c348501295d6d2539f1a905cf1c/element/f.AA659E0CE08D0C76D21A3A5289A8AF5F.d.E25709F63E81B8FEC25FF31EDCB88C4F.e.13672/click - {}
RESULT: {}
RESULT: {}
COMMAND: GET /session/638b8c348501295d6d2539f1a905cf1c/screenshot - {}
RESULT: {}
COMMAND: POST /session/638b8c348501295d6d2539f1a905cf1c/element - {"using":"css selector","value":"#j_username"}
COMMAND: POST /session/638b8c348501295d6d2539f1a905cf1c/url - {"url":"https://qa-testing-00-live-etm-ui.cfapps.eu10-004.hana.ondemand.com/"}
RESULT: {"using":"css selector","value":"#j_username"}
COMMAND: POST /session/638b8c348501295d6d2539f1a905cf1c/element - {"using":"css selector","value":"#j_username"}
RESULT: {"url":"https://qa-testing-00-live-etm-ui.cfapps.eu10-004.hana.ondemand.com/"}
RESULT: undefined
COMMAND: GET /session/638b8c348501295d6d2539f1a905cf1c/screenshot - {}
RESULT: {"using":"css selector","value":"#j_username"}
COMMAND: POST /session/638b8c348501295d6d2539f1a905cf1c/element - {"using":"css selector","value":"#shell-header-logo"}
RESULT: {}
RESULT: {"using":"css selector","value":"#shell-header-logo"}
COMMAND: POST /session/638b8c348501295d6d2539f1a905cf1c/execute/sync - {"script":"<script> [8489 bytes]","args":[{"element-6066-11e4-a52e-4f735466cecf":"f.AA659E0CE08D0C76D21A3A5289A8AF5F.d.835E300AF764311B9AD73473AA24EEDD.e.14018","ELEMENT":"f.AA659E0CE08D0C76D21A3A5289A8AF5F.d.835E300AF764311B9AD73473AA24EEDD.e.14018"}]}
RESULT: {"script":"<script> [8489 bytes]","args":[{"element-6066-11e4-a52e-4f735466cecf":"f.AA659E0CE08D0C76D21A3A5289A8AF5F.d.835E300AF764311B9AD73473AA24EEDD.e.14018","ELEMENT":"f.AA659E0CE08D0C76D21A3A5289A8AF5F.d.835E300AF764311B9AD73473AA24EEDD.e.14018"}]}
COMMAND: POST /session/638b8c348501295d6d2539f1a905cf1c/element - {"using":"css selector","value":"#shell-header-logo"}
COMMAND: GET /session/638b8c348501295d6d2539f1a905cf1c/screenshot - {}
RESULT: {"using":"css selector","value":"#shell-header-logo"}
COMMAND: POST /session/638b8c348501295d6d2539f1a905cf1c/execute/sync - {"script":"<script> [8489 bytes]","args":[{"element-6066-11e4-a52e-4f735466cecf":"f.AA659E0CE08D0C76D21A3A5289A8AF5F.d.835E300AF764311B9AD73473AA24EEDD.e.14018","ELEMENT":"f.AA659E0CE08D0C76D21A3A5289A8AF5F.d.835E300AF764311B9AD73473AA24EEDD.e.14018"}]}
RESULT: {}
RESULT: {"script":"<script> [8489 bytes]","args":[{"element-6066-11e4-a52e-4f735466cecf":"f.AA659E0CE08D0C76D21A3A5289A8AF5F.d.835E300AF764311B9AD73473AA24EEDD.e.14018","ELEMENT":"f.AA659E0CE08D0C76D21A3A5289A8AF5F.d.835E300AF764311B9AD73473AA24EEDD.e.14018"}]}
COMMAND: POST /session/638b8c348501295d6d2539f1a905cf1c/execute/sync - {"script":"<script> [5351 bytes]","args":[{"element-6066-11e4-a52e-4f735466cecf":"f.AA659E0CE08D0C76D21A3A5289A8AF5F.d.835E300AF764311B9AD73473AA24EEDD.e.14018","ELEMENT":"f.AA659E0CE08D0C76D21A3A5289A8AF5F.d.835E300AF764311B9AD73473AA24EEDD.e.14018"}]}
COMMAND: GET /session/638b8c348501295d6d2539f1a905cf1c/screenshot - {}
RESULT: {"script":"<script> [5351 bytes]","args":[{"element-6066-11e4-a52e-4f735466cecf":"f.AA659E0CE08D0C76D21A3A5289A8AF5F.d.835E300AF764311B9AD73473AA24EEDD.e.14018","ELEMENT":"f.AA659E0CE08D0C76D21A3A5289A8AF5F.d.835E300AF764311B9AD73473AA24EEDD.e.14018"}]}
COMMAND: POST /session/638b8c348501295d6d2539f1a905cf1c/element - {"using":"css selector","value":"#shell-header-logo"}
COMMAND: GET /session/638b8c348501295d6d2539f1a905cf1c/screenshot - {}
RESULT: {}
RESULT: {"using":"css selector","value":"#shell-header-logo"}
COMMAND: POST /session/638b8c348501295d6d2539f1a905cf1c/element/f.AA659E0CE08D0C76D21A3A5289A8AF5F.d.835E300AF764311B9AD73473AA24EEDD.e.14018/click - {}
RESULT: {}
RESULT: {}
COMMAND: GET /session/638b8c348501295d6d2539f1a905cf1c/screenshot - {}
RESULT: {}
COMMAND: POST /session/638b8c348501295d6d2539f1a905cf1c/execute/async - {"script":"<script> [189 bytes]","args":[]}
RESULT: {"script":"<script> [189 bytes]","args":[]}
COMMAND: POST /session/638b8c348501295d6d2539f1a905cf1c/execute/async - {"script":"<script> [123 bytes]","args":[]}
RESULT: {"script":"<script> [123 bytes]","args":[]}
COMMAND: POST /session/638b8c348501295d6d2539f1a905cf1c/timeouts - {"script":"<number>"}
RESULT: {"script":"<number>"}
COMMAND: GET /session/638b8c348501295d6d2539f1a905cf1c/timeouts - {}
RESULT: {}
RESULT: undefined
COMMAND: POST /session/638b8c348501295d6d2539f1a905cf1c/execute/async - {"script":"<script> [2676 bytes]","args":[]}
RESULT: {"script":"<script> [2676 bytes]","args":[]}
COMMAND: POST /session/638b8c348501295d6d2539f1a905cf1c/execute/async - {"script":"<script> [2342 bytes]","args":[{"protocol":"http","hostname":"0.0.0.0","path":"/","capabilities":{"browserName":"chrome","goog:chromeOptions":{"binary":"C:\\Program Files\\Google\\Chrome\\Application\\chrome.exe","args":["--start-maximized"]}},"logLevel":"warn","connectionRetryTimeout":120000,"connectionRetryCount":3,"logLevels":{},"enableDirectConnect":true,"strictSSL":true,"_":"65 more keys: [\"cacheDir\",\"port\",\"requestedCapabilities\",\"automationProtocol\",\"baseUrl\",\"waitforInterval\",\"waitforTimeout\",\"onReload\",\"beforeCommand\",\"afterCommand\",\"rootDir\",\"specs\",\"suites\",\"exclude\",\"groupLogsByTestSpec\",\"excludeDriverLogs\",\"bail\",\"framework\",\"reporters\",\"services\",\"maxInstances\",\"maxInstancesPerCapability\",\"injectGlobals\",\"filesToWatch\",\"execArgv\",\"runnerEnv\",\"runner\",\"shard\",\"specFileRetries\",\"specFileRetriesDelay\",\"specFileRetriesDeferred\",\"reporterSyncInterval\",\"reporterSyncTimeout\",\"cucumberFeaturesWithLineNumbers\",\"autoCompileOpts\",\"mochaOpts\",\"jasmineOpts\",\"cucumberOpts\",\"onPrepare\",\"onWorkerStart\",\"onWorkerEnd\",\"before\",\"beforeSession\",\"beforeSuite\",\"beforeHook\",\"beforeTest\",\"afterTest\",\"afterHook\",\"afterSuite\",\"afterSession\",\"after\",\"onComplete\",\"beforeAssertion\",\"afterAssertion\",\"beforeFeature\",\"beforeScenario\",\"beforeStep\",\"afterStep\",\"afterScenario\",\"afterFeature\",\"_\",\"suite\",\"$0\",\"ignoredWorkerServices\",\"wdi5\"]"}]}
RESULT: {"script":"<script> [2342 bytes]","args":[{"protocol":"http","hostname":"0.0.0.0","path":"/","capabilities":{"browserName":"chrome","goog:chromeOptions":{"binary":"C:\\Program Files\\Google\\Chrome\\Application\\chrome.exe","args":["--start-maximized"]}},"logLevel":"warn","connectionRetryTimeout":120000,"connectionRetryCount":3,"logLevels":{},"enableDirectConnect":true,"strictSSL":true,"_":"65 more keys: [\"cacheDir\",\"port\",\"requestedCapabilities\",\"automationProtocol\",\"baseUrl\",\"waitforInterval\",\"waitforTimeout\",\"onReload\",\"beforeCommand\",\"afterCommand\",\"rootDir\",\"specs\",\"suites\",\"exclude\",\"groupLogsByTestSpec\",\"excludeDriverLogs\",\"bail\",\"framework\",\"reporters\",\"services\",\"maxInstances\",\"maxInstancesPerCapability\",\"injectGlobals\",\"filesToWatch\",\"execArgv\",\"runnerEnv\",\"runner\",\"shard\",\"specFileRetries\",\"specFileRetriesDelay\",\"specFileRetriesDeferred\",\"reporterSyncInterval\",\"reporterSyncTimeout\",\"cucumberFeaturesWithLineNumbers\",\"autoCompileOpts\",\"mochaOpts\",\"jasmineOpts\",\"cucumberOpts\",\"onPrepare\",\"onWorkerStart\",\"onWorkerEnd\",\"before\",\"beforeSession\",\"beforeSuite\",\"beforeHook\",\"beforeTest\",\"afterTest\",\"afterHook\",\"afterSuite\",\"afterSession\",\"after\",\"onComplete\",\"beforeAssertion\",\"afterAssertion\",\"beforeFeature\",\"beforeScenario\",\"beforeStep\",\"afterStep\",\"afterScenario\",\"afterFeature\",\"_\",\"suite\",\"$0\",\"ignoredWorkerServices\",\"wdi5\"]"}]}
COMMAND: POST /session/638b8c348501295d6d2539f1a905cf1c/execute/async - {"script":"<script> [21126 bytes]","args":[35000]}
RESULT: {"script":"<script> [21126 bytes]","args":[35000]}
COMMAND: POST /session/638b8c348501295d6d2539f1a905cf1c/window/maximize - {}
RESULT: {}
COMMAND: POST /session/638b8c348501295d6d2539f1a905cf1c/execute/async - {"script":"<script> [1562 bytes]","args":[{"selector":{"id":"shell-header","interaction":{"idSuffix":"icon"}},"wdio_ui5_key":"shellheader"}]}
COMMAND: GET /session/638b8c348501295d6d2539f1a905cf1c/screenshot - {}
RESULT: {"script":"<script> [1562 bytes]","args":[{"selector":{"id":"shell-header","interaction":{"idSuffix":"icon"}},"wdio_ui5_key":"shellheader"}]}
RESULT: undefined
COMMAND: POST /session/638b8c348501295d6d2539f1a905cf1c/refresh - {}
RESULT: {}
RESULT: {}
COMMAND: GET /session/638b8c348501295d6d2539f1a905cf1c/screenshot - {}
RESULT: {}
COMMAND: POST /session/638b8c348501295d6d2539f1a905cf1c/refresh - {}
RESULT: {}
COMMAND: GET /session/638b8c348501295d6d2539f1a905cf1c/screenshot - {}
RESULT: {}
COMMAND: POST /session/638b8c348501295d6d2539f1a905cf1c/window/fullscreen - {}
RESULT: {}
COMMAND: POST /session/638b8c348501295d6d2539f1a905cf1c/execute/async - {"script":"<script> [189 bytes]","args":[]}
RESULT: {"script":"<script> [189 bytes]","args":[]}
COMMAND: POST /session/638b8c348501295d6d2539f1a905cf1c/execute/async - {"script":"<script> [123 bytes]","args":[]}
RESULT: {"script":"<script> [123 bytes]","args":[]}
COMMAND: POST /session/638b8c348501295d6d2539f1a905cf1c/timeouts - {"script":"<number>"}
RESULT: {"script":"<number>"}
COMMAND: GET /session/638b8c348501295d6d2539f1a905cf1c/timeouts - {}
RESULT: {}
RESULT: undefined
COMMAND: POST /session/638b8c348501295d6d2539f1a905cf1c/execute/async - {"script":"<script> [2676 bytes]","args":[]}
RESULT: {"script":"<script> [2676 bytes]","args":[]}
COMMAND: POST /session/638b8c348501295d6d2539f1a905cf1c/execute/async - {"script":"<script> [2342 bytes]","args":[{"protocol":"http","hostname":"0.0.0.0","path":"/","capabilities":{"browserName":"chrome","goog:chromeOptions":{"binary":"C:\\Program Files\\Google\\Chrome\\Application\\chrome.exe","args":["--start-maximized"]}},"logLevel":"warn","connectionRetryTimeout":120000,"connectionRetryCount":3,"logLevels":{},"enableDirectConnect":true,"strictSSL":true,"_":"65 more keys: [\"cacheDir\",\"port\",\"requestedCapabilities\",\"automationProtocol\",\"baseUrl\",\"waitforInterval\",\"waitforTimeout\",\"onReload\",\"beforeCommand\",\"afterCommand\",\"rootDir\",\"specs\",\"suites\",\"exclude\",\"groupLogsByTestSpec\",\"excludeDriverLogs\",\"bail\",\"framework\",\"reporters\",\"services\",\"maxInstances\",\"maxInstancesPerCapability\",\"injectGlobals\",\"filesToWatch\",\"execArgv\",\"runnerEnv\",\"runner\",\"shard\",\"specFileRetries\",\"specFileRetriesDelay\",\"specFileRetriesDeferred\",\"reporterSyncInterval\",\"reporterSyncTimeout\",\"cucumberFeaturesWithLineNumbers\",\"autoCompileOpts\",\"mochaOpts\",\"jasmineOpts\",\"cucumberOpts\",\"onPrepare\",\"onWorkerStart\",\"onWorkerEnd\",\"before\",\"beforeSession\",\"beforeSuite\",\"beforeHook\",\"beforeTest\",\"afterTest\",\"afterHook\",\"afterSuite\",\"afterSession\",\"after\",\"onComplete\",\"beforeAssertion\",\"afterAssertion\",\"beforeFeature\",\"beforeScenario\",\"beforeStep\",\"afterStep\",\"afterScenario\",\"afterFeature\",\"_\",\"suite\",\"$0\",\"ignoredWorkerServices\",\"wdi5\"]"}]}
RESULT: {"script":"<script> [2342 bytes]","args":[{"protocol":"http","hostname":"0.0.0.0","path":"/","capabilities":{"browserName":"chrome","goog:chromeOptions":{"binary":"C:\\Program Files\\Google\\Chrome\\Application\\chrome.exe","args":["--start-maximized"]}},"logLevel":"warn","connectionRetryTimeout":120000,"connectionRetryCount":3,"logLevels":{},"enableDirectConnect":true,"strictSSL":true,"_":"65 more keys: [\"cacheDir\",\"port\",\"requestedCapabilities\",\"automationProtocol\",\"baseUrl\",\"waitforInterval\",\"waitforTimeout\",\"onReload\",\"beforeCommand\",\"afterCommand\",\"rootDir\",\"specs\",\"suites\",\"exclude\",\"groupLogsByTestSpec\",\"excludeDriverLogs\",\"bail\",\"framework\",\"reporters\",\"services\",\"maxInstances\",\"maxInstancesPerCapability\",\"injectGlobals\",\"filesToWatch\",\"execArgv\",\"runnerEnv\",\"runner\",\"shard\",\"specFileRetries\",\"specFileRetriesDelay\",\"specFileRetriesDeferred\",\"reporterSyncInterval\",\"reporterSyncTimeout\",\"cucumberFeaturesWithLineNumbers\",\"autoCompileOpts\",\"mochaOpts\",\"jasmineOpts\",\"cucumberOpts\",\"onPrepare\",\"onWorkerStart\",\"onWorkerEnd\",\"before\",\"beforeSession\",\"beforeSuite\",\"beforeHook\",\"beforeTest\",\"afterTest\",\"afterHook\",\"afterSuite\",\"afterSession\",\"after\",\"onComplete\",\"beforeAssertion\",\"afterAssertion\",\"beforeFeature\",\"beforeScenario\",\"beforeStep\",\"afterStep\",\"afterScenario\",\"afterFeature\",\"_\",\"suite\",\"$0\",\"ignoredWorkerServices\",\"wdi5\"]"}]}
COMMAND: POST /session/638b8c348501295d6d2539f1a905cf1c/execute/async - {"script":"<script> [21126 bytes]","args":[35000]}
RESULT: {"script":"<script> [21126 bytes]","args":[35000]}
]]></system-out>
    </testcase>
  </testsuite>
  <testsuite timestamp="2025-05-02T17:49:32" time="847.362" tests="13" failures="0" errors="0" skipped="0">
    <properties>
      <property name="specId" value="0" />
      <property name="suiteName" value="Performance based billing (work days) US139742" />
      <property name="capabilities" value="chrome.135_0_7049_96.windows" />
      <property name="file" value="file:///D:/a/1/s/test/specs/BTS/billing-performance-workdays.spec.js" />
    </properties>
    <testcase classname="chrome.135_0_7049_96.windows.Performance_based_billing_(work_days)_US139742" name="Should create a new yard" time="0.043">
      <system-out><![CDATA[
COMMAND: POST /session/638b8c348501295d6d2539f1a905cf1c/window/fullscreen - {}
RESULT: {}
]]></system-out>
    </testcase>
    <testcase classname="chrome.135_0_7049_96.windows.Performance_based_billing_(work_days)_US139742" name="Should create a new partner" time="0.004" />
    <testcase classname="chrome.135_0_7049_96.windows.Performance_based_billing_(work_days)_US139742" name="Should create a new site" time="0.005" />
    <testcase classname="chrome.135_0_7049_96.windows.Performance_based_billing_(work_days)_US139742" name="Should do prerequisite steps add equipment" time="141.306">
      <system-out><![CDATA[
COMMAND: POST /session/638b8c348501295d6d2539f1a905cf1c/execute/async - {"script":"<script> [1562 bytes]","args":[{"selector":{"controlType":"sap.m.GenericTile","properties":{"header":"Manage Resources"}},"wdio_ui5_key":"sapm.GenericTile{\"header\":\"Manage Resources\"}"}]}
RESULT: {"script":"<script> [1562 bytes]","args":[{"selector":{"controlType":"sap.m.GenericTile","properties":{"header":"Manage Resources"}},"wdio_ui5_key":"sapm.GenericTile{\"header\":\"Manage Resources\"}"}]}
RESULT: undefined
COMMAND: POST /session/638b8c348501295d6d2539f1a905cf1c/element - {"using":"xpath","value":"//*[@id=\"__tile39\"]"}
RESULT: {"using":"xpath","value":"//*[@id=\"__tile39\"]"}
COMMAND: POST /session/638b8c348501295d6d2539f1a905cf1c/element/f.AA659E0CE08D0C76D21A3A5289A8AF5F.d.0829C6E60A7DAEC15CA74F3313BBE55E.e.14161/click - {}
RESULT: {}
COMMAND: POST /session/638b8c348501295d6d2539f1a905cf1c/element - {"using":"xpath","value":"//button[@data-kt=\"addNewRUOverflowToolbarButton\"]"}
COMMAND: GET /session/638b8c348501295d6d2539f1a905cf1c/screenshot - {}
RESULT: {"using":"xpath","value":"//button[@data-kt=\"addNewRUOverflowToolbarButton\"]"}
COMMAND: POST /session/638b8c348501295d6d2539f1a905cf1c/elements - {"using":"xpath","value":"//button[@data-kt=\"addNewRUOverflowToolbarButton\"]"}
RESULT: {}
RESULT: {"using":"xpath","value":"//button[@data-kt=\"addNewRUOverflowToolbarButton\"]"}
COMMAND: POST /session/638b8c348501295d6d2539f1a905cf1c/elements - {"using":"xpath","value":"//button[@data-kt=\"addNewRUOverflowToolbarButton\"]"}
RESULT: {"using":"xpath","value":"//button[@data-kt=\"addNewRUOverflowToolbarButton\"]"}
COMMAND: POST /session/638b8c348501295d6d2539f1a905cf1c/elements - {"using":"xpath","value":"//button[@data-kt=\"addNewRUOverflowToolbarButton\"]"}
RESULT: {"using":"xpath","value":"//button[@data-kt=\"addNewRUOverflowToolbarButton\"]"}
COMMAND: POST /session/638b8c348501295d6d2539f1a905cf1c/elements - {"using":"xpath","value":"//button[@data-kt=\"addNewRUOverflowToolbarButton\"]"}
RESULT: {"using":"xpath","value":"//button[@data-kt=\"addNewRUOverflowToolbarButton\"]"}
COMMAND: POST /session/638b8c348501295d6d2539f1a905cf1c/elements - {"using":"xpath","value":"//button[@data-kt=\"addNewRUOverflowToolbarButton\"]"}
RESULT: {"using":"xpath","value":"//button[@data-kt=\"addNewRUOverflowToolbarButton\"]"}
COMMAND: POST /session/638b8c348501295d6d2539f1a905cf1c/elements - {"using":"xpath","value":"//button[@data-kt=\"addNewRUOverflowToolbarButton\"]"}
RESULT: {"using":"xpath","value":"//button[@data-kt=\"addNewRUOverflowToolbarButton\"]"}
COMMAND: POST /session/638b8c348501295d6d2539f1a905cf1c/elements - {"using":"xpath","value":"//button[@data-kt=\"addNewRUOverflowToolbarButton\"]"}
RESULT: {"using":"xpath","value":"//button[@data-kt=\"addNewRUOverflowToolbarButton\"]"}
COMMAND: POST /session/638b8c348501295d6d2539f1a905cf1c/elements - {"using":"xpath","value":"//button[@data-kt=\"addNewRUOverflowToolbarButton\"]"}
RESULT: {"using":"xpath","value":"//button[@data-kt=\"addNewRUOverflowToolbarButton\"]"}
COMMAND: POST /session/638b8c348501295d6d2539f1a905cf1c/elements - {"using":"xpath","value":"//button[@data-kt=\"addNewRUOverflowToolbarButton\"]"}
RESULT: {"using":"xpath","value":"//button[@data-kt=\"addNewRUOverflowToolbarButton\"]"}
COMMAND: POST /session/638b8c348501295d6d2539f1a905cf1c/elements - {"using":"xpath","value":"//button[@data-kt=\"addNewRUOverflowToolbarButton\"]"}
RESULT: {"using":"xpath","value":"//button[@data-kt=\"addNewRUOverflowToolbarButton\"]"}
COMMAND: POST /session/638b8c348501295d6d2539f1a905cf1c/elements - {"using":"xpath","value":"//button[@data-kt=\"addNewRUOverflowToolbarButton\"]"}
RESULT: {"using":"xpath","value":"//button[@data-kt=\"addNewRUOverflowToolbarButton\"]"}
COMMAND: POST /session/638b8c348501295d6d2539f1a905cf1c/elements - {"using":"xpath","value":"//button[@data-kt=\"addNewRUOverflowToolbarButton\"]"}
RESULT: {"using":"xpath","value":"//button[@data-kt=\"addNewRUOverflowToolbarButton\"]"}
COMMAND: POST /session/638b8c348501295d6d2539f1a905cf1c/elements - {"using":"xpath","value":"//button[@data-kt=\"addNewRUOverflowToolbarButton\"]"}
RESULT: {"using":"xpath","value":"//button[@data-kt=\"addNewRUOverflowToolbarButton\"]"}
COMMAND: POST /session/638b8c348501295d6d2539f1a905cf1c/elements - {"using":"xpath","value":"//button[@data-kt=\"addNewRUOverflowToolbarButton\"]"}
RESULT: {"using":"xpath","value":"//button[@data-kt=\"addNewRUOverflowToolbarButton\"]"}
COMMAND: POST /session/638b8c348501295d6d2539f1a905cf1c/elements - {"using":"xpath","value":"//button[@data-kt=\"addNewRUOverflowToolbarButton\"]"}
RESULT: {"using":"xpath","value":"//button[@data-kt=\"addNewRUOverflowToolbarButton\"]"}
COMMAND: POST /session/638b8c348501295d6d2539f1a905cf1c/elements - {"using":"xpath","value":"//button[@data-kt=\"addNewRUOverflowToolbarButton\"]"}
RESULT: {"using":"xpath","value":"//button[@data-kt=\"addNewRUOverflowToolbarButton\"]"}
COMMAND: POST /session/638b8c348501295d6d2539f1a905cf1c/elements - {"using":"xpath","value":"//button[@data-kt=\"addNewRUOverflowToolbarButton\"]"}
RESULT: {"using":"xpath","value":"//button[@data-kt=\"addNewRUOverflowToolbarButton\"]"}
COMMAND: POST /session/638b8c348501295d6d2539f1a905cf1c/element - {"using":"xpath","value":"//button[@data-kt=\"addNewRUOverflowToolbarButton\"]"}
RESULT: {"using":"xpath","value":"//button[@data-kt=\"addNewRUOverflowToolbarButton\"]"}
COMMAND: POST /session/638b8c348501295d6d2539f1a905cf1c/execute/sync - {"script":"<script> [8489 bytes]","args":[{"element-6066-11e4-a52e-4f735466cecf":"f.AA659E0CE08D0C76D21A3A5289A8AF5F.d.0829C6E60A7DAEC15CA74F3313BBE55E.e.14313","ELEMENT":"f.AA659E0CE08D0C76D21A3A5289A8AF5F.d.0829C6E60A7DAEC15CA74F3313BBE55E.e.14313"}]}
RESULT: {"script":"<script> [8489 bytes]","args":[{"element-6066-11e4-a52e-4f735466cecf":"f.AA659E0CE08D0C76D21A3A5289A8AF5F.d.0829C6E60A7DAEC15CA74F3313BBE55E.e.14313","ELEMENT":"f.AA659E0CE08D0C76D21A3A5289A8AF5F.d.0829C6E60A7DAEC15CA74F3313BBE55E.e.14313"}]}
COMMAND: GET /session/638b8c348501295d6d2539f1a905cf1c/element/f.AA659E0CE08D0C76D21A3A5289A8AF5F.d.0829C6E60A7DAEC15CA74F3313BBE55E.e.14313/enabled - {}
COMMAND: GET /session/638b8c348501295d6d2539f1a905cf1c/screenshot - {}
RESULT: {}
COMMAND: POST /session/638b8c348501295d6d2539f1a905cf1c/execute/sync - {"script":"<script> [8489 bytes]","args":[{"element-6066-11e4-a52e-4f735466cecf":"f.AA659E0CE08D0C76D21A3A5289A8AF5F.d.0829C6E60A7DAEC15CA74F3313BBE55E.e.14313","ELEMENT":"f.AA659E0CE08D0C76D21A3A5289A8AF5F.d.0829C6E60A7DAEC15CA74F3313BBE55E.e.14313"}]}
COMMAND: GET /session/638b8c348501295d6d2539f1a905cf1c/screenshot - {}
RESULT: {}
RESULT: {"script":"<script> [8489 bytes]","args":[{"element-6066-11e4-a52e-4f735466cecf":"f.AA659E0CE08D0C76D21A3A5289A8AF5F.d.0829C6E60A7DAEC15CA74F3313BBE55E.e.14313","ELEMENT":"f.AA659E0CE08D0C76D21A3A5289A8AF5F.d.0829C6E60A7DAEC15CA74F3313BBE55E.e.14313"}]}
COMMAND: POST /session/638b8c348501295d6d2539f1a905cf1c/execute/sync - {"script":"<script> [5351 bytes]","args":[{"element-6066-11e4-a52e-4f735466cecf":"f.AA659E0CE08D0C76D21A3A5289A8AF5F.d.0829C6E60A7DAEC15CA74F3313BBE55E.e.14313","ELEMENT":"f.AA659E0CE08D0C76D21A3A5289A8AF5F.d.0829C6E60A7DAEC15CA74F3313BBE55E.e.14313"}]}
COMMAND: GET /session/638b8c348501295d6d2539f1a905cf1c/screenshot - {}
RESULT: {}
RESULT: {"script":"<script> [5351 bytes]","args":[{"element-6066-11e4-a52e-4f735466cecf":"f.AA659E0CE08D0C76D21A3A5289A8AF5F.d.0829C6E60A7DAEC15CA74F3313BBE55E.e.14313","ELEMENT":"f.AA659E0CE08D0C76D21A3A5289A8AF5F.d.0829C6E60A7DAEC15CA74F3313BBE55E.e.14313"}]}
COMMAND: POST /session/638b8c348501295d6d2539f1a905cf1c/element/f.AA659E0CE08D0C76D21A3A5289A8AF5F.d.0829C6E60A7DAEC15CA74F3313BBE55E.e.14313/click - {}
COMMAND: GET /session/638b8c348501295d6d2539f1a905cf1c/screenshot - {}
RESULT: {}
RESULT: {}
COMMAND: GET /session/638b8c348501295d6d2539f1a905cf1c/screenshot - {}
COMMAND: POST /session/638b8c348501295d6d2539f1a905cf1c/execute/async - {"script":"<script> [1562 bytes]","args":[{"selector":{"id":"application-manageresources-display-component---newResourceUnit--TYPE-arrow"},"wdio_ui5_key":"applicationmanageresources-display-component---newResourceUnit--TYPE-arrow"}]}
RESULT: {}
RESULT: {}
RESULT: {"script":"<script> [1562 bytes]","args":[{"selector":{"id":"application-manageresources-display-component---newResourceUnit--TYPE-arrow"},"wdio_ui5_key":"applicationmanageresources-display-component---newResourceUnit--TYPE-arrow"}]}
RESULT: undefined
COMMAND: POST /session/638b8c348501295d6d2539f1a905cf1c/element - {"using":"xpath","value":"//*[@id=\"application-manageresources-display-component---newResourceUnit--TYPE-arrow\"]"}
RESULT: {"using":"xpath","value":"//*[@id=\"application-manageresources-display-component---newResourceUnit--TYPE-arrow\"]"}
COMMAND: POST /session/638b8c348501295d6d2539f1a905cf1c/element/f.AA659E0CE08D0C76D21A3A5289A8AF5F.d.0829C6E60A7DAEC15CA74F3313BBE55E.e.14656/click - {}
RESULT: {}
COMMAND: POST /session/638b8c348501295d6d2539f1a905cf1c/element - {"using":"xpath","value":"//input[@id=\"application-manageresources-display-component---newResourceUnit--TYPE-inner\"]"}
COMMAND: GET /session/638b8c348501295d6d2539f1a905cf1c/screenshot - {}
RESULT: {"using":"xpath","value":"//input[@id=\"application-manageresources-display-component---newResourceUnit--TYPE-inner\"]"}
COMMAND: POST /session/638b8c348501295d6d2539f1a905cf1c/element/f.AA659E0CE08D0C76D21A3A5289A8AF5F.d.0829C6E60A7DAEC15CA74F3313BBE55E.e.14652/clear - {}
RESULT: {}
RESULT: {}
COMMAND: POST /session/638b8c348501295d6d2539f1a905cf1c/element/f.AA659E0CE08D0C76D21A3A5289A8AF5F.d.0829C6E60A7DAEC15CA74F3313BBE55E.e.14652/value - {"text":"Equipment"}
COMMAND: GET /session/638b8c348501295d6d2539f1a905cf1c/screenshot - {}
RESULT: {"text":"Equipment"}
COMMAND: GET /session/638b8c348501295d6d2539f1a905cf1c/screenshot - {}
RESULT: {}
RESULT: {}
COMMAND: POST /session/638b8c348501295d6d2539f1a905cf1c/actions - {"actions":[{"id":"action50","type":"key","parameters":{},"actions":[{"type":"keyDown","value":"î€‡"},{"type":"pause","duration":10},{"type":"keyUp","value":"î€‡"}]}]}
RESULT: {"actions":[{"id":"action50","type":"key","parameters":{},"actions":[{"type":"keyDown","value":"î€‡"},{"type":"pause","duration":10},{"type":"keyUp","value":"î€‡"}]}]}
COMMAND: POST /session/638b8c348501295d6d2539f1a905cf1c/execute/async - {"script":"<script> [1562 bytes]","args":[{"selector":{"id":"application-manageresources-display-component---newResourceUnit--resourceId","interaction":{"idSuffix":"inner"}},"wdio_ui5_key":"applicationmanageresources-display-component---newResourceUnit--resourceId"}]}
COMMAND: GET /session/638b8c348501295d6d2539f1a905cf1c/screenshot - {}
RESULT: {"script":"<script> [1562 bytes]","args":[{"selector":{"id":"application-manageresources-display-component---newResourceUnit--resourceId","interaction":{"idSuffix":"inner"}},"wdio_ui5_key":"applicationmanageresources-display-component---newResourceUnit--resourceId"}]}
RESULT: undefined
COMMAND: POST /session/638b8c348501295d6d2539f1a905cf1c/execute/async - {"script":"<script> [776 bytes]","args":[{"enterText":"A5KFYYRu1u","selector":{"id":"application-manageresources-display-component---newResourceUnit--resourceId","interaction":{"idSuffix":"inner"}},"clearTextFirst":true,"interactionType":"ENTER_TEXT"}]}
RESULT: {}
RESULT: {"script":"<script> [776 bytes]","args":[{"enterText":"A5KFYYRu1u","selector":{"id":"application-manageresources-display-component---newResourceUnit--resourceId","interaction":{"idSuffix":"inner"}},"clearTextFirst":true,"interactionType":"ENTER_TEXT"}]}
COMMAND: POST /session/638b8c348501295d6d2539f1a905cf1c/execute/async - {"script":"<script> [1562 bytes]","args":[{"selector":{"id":"application-manageresources-display-component---newResourceUnit--SHORT_TEXT","interaction":{"idSuffix":"inner"}},"wdio_ui5_key":"applicationmanageresources-display-component---newResourceUnit--SHORT_TEXT"}]}
RESULT: {"script":"<script> [1562 bytes]","args":[{"selector":{"id":"application-manageresources-display-component---newResourceUnit--SHORT_TEXT","interaction":{"idSuffix":"inner"}},"wdio_ui5_key":"applicationmanageresources-display-component---newResourceUnit--SHORT_TEXT"}]}
RESULT: undefined
COMMAND: POST /session/638b8c348501295d6d2539f1a905cf1c/execute/async - {"script":"<script> [776 bytes]","args":[{"enterText":"Intercompany Equipment WDIO","selector":{"id":"application-manageresources-display-component---newResourceUnit--SHORT_TEXT","interaction":{"idSuffix":"inner"}},"clearTextFirst":true,"interactionType":"ENTER_TEXT"}]}
RESULT: {"script":"<script> [776 bytes]","args":[{"enterText":"Intercompany Equipment WDIO","selector":{"id":"application-manageresources-display-component---newResourceUnit--SHORT_TEXT","interaction":{"idSuffix":"inner"}},"clearTextFirst":true,"interactionType":"ENTER_TEXT"}]}
COMMAND: POST /session/638b8c348501295d6d2539f1a905cf1c/execute/async - {"script":"<script> [1562 bytes]","args":[{"selector":{"id":"application-manageresources-display-component---newResourceUnit--BASE_UNIT_OF_MEASURE","interaction":{"idSuffix":"inner"}},"wdio_ui5_key":"applicationmanageresources-display-component---newResourceUnit--BASE_UNIT_OF_MEASURE"}]}
RESULT: {"script":"<script> [1562 bytes]","args":[{"selector":{"id":"application-manageresources-display-component---newResourceUnit--BASE_UNIT_OF_MEASURE","interaction":{"idSuffix":"inner"}},"wdio_ui5_key":"applicationmanageresources-display-component---newResourceUnit--BASE_UNIT_OF_MEASURE"}]}
RESULT: undefined
COMMAND: POST /session/638b8c348501295d6d2539f1a905cf1c/execute/async - {"script":"<script> [776 bytes]","args":[{"enterText":"Piece","selector":{"id":"application-manageresources-display-component---newResourceUnit--BASE_UNIT_OF_MEASURE","interaction":{"idSuffix":"inner"}},"clearTextFirst":true,"interactionType":"ENTER_TEXT"}]}
RESULT: {"script":"<script> [776 bytes]","args":[{"enterText":"Piece","selector":{"id":"application-manageresources-display-component---newResourceUnit--BASE_UNIT_OF_MEASURE","interaction":{"idSuffix":"inner"}},"clearTextFirst":true,"interactionType":"ENTER_TEXT"}]}
COMMAND: POST /session/638b8c348501295d6d2539f1a905cf1c/execute/async - {"script":"<script> [1562 bytes]","args":[{"selector":{"id":"application-manageresources-display-component---newResourceUnit--WEIGHT_UNIT","interaction":{"idSuffix":"inner"}},"wdio_ui5_key":"applicationmanageresources-display-component---newResourceUnit--WEIGHT_UNIT"}]}
RESULT: {"script":"<script> [1562 bytes]","args":[{"selector":{"id":"application-manageresources-display-component---newResourceUnit--WEIGHT_UNIT","interaction":{"idSuffix":"inner"}},"wdio_ui5_key":"applicationmanageresources-display-component---newResourceUnit--WEIGHT_UNIT"}]}
RESULT: undefined
COMMAND: POST /session/638b8c348501295d6d2539f1a905cf1c/execute/async - {"script":"<script> [776 bytes]","args":[{"enterText":"Gram","selector":{"id":"application-manageresources-display-component---newResourceUnit--WEIGHT_UNIT","interaction":{"idSuffix":"inner"}},"clearTextFirst":true,"interactionType":"ENTER_TEXT"}]}
RESULT: {"script":"<script> [776 bytes]","args":[{"enterText":"Gram","selector":{"id":"application-manageresources-display-component---newResourceUnit--WEIGHT_UNIT","interaction":{"idSuffix":"inner"}},"clearTextFirst":true,"interactionType":"ENTER_TEXT"}]}
COMMAND: POST /session/638b8c348501295d6d2539f1a905cf1c/execute/async - {"script":"<script> [1562 bytes]","args":[{"selector":{"id":"application-manageresources-display-component---newResourceUnit--DIMENSION_UNIT","interaction":{"idSuffix":"inner"}},"wdio_ui5_key":"applicationmanageresources-display-component---newResourceUnit--DIMENSION_UNIT"}]}
RESULT: {"script":"<script> [1562 bytes]","args":[{"selector":{"id":"application-manageresources-display-component---newResourceUnit--DIMENSION_UNIT","interaction":{"idSuffix":"inner"}},"wdio_ui5_key":"applicationmanageresources-display-component---newResourceUnit--DIMENSION_UNIT"}]}
RESULT: undefined
COMMAND: POST /session/638b8c348501295d6d2539f1a905cf1c/execute/async - {"script":"<script> [776 bytes]","args":[{"enterText":"Meter","selector":{"id":"application-manageresources-display-component---newResourceUnit--DIMENSION_UNIT","interaction":{"idSuffix":"inner"}},"clearTextFirst":true,"interactionType":"ENTER_TEXT"}]}
RESULT: {"script":"<script> [776 bytes]","args":[{"enterText":"Meter","selector":{"id":"application-manageresources-display-component---newResourceUnit--DIMENSION_UNIT","interaction":{"idSuffix":"inner"}},"clearTextFirst":true,"interactionType":"ENTER_TEXT"}]}
COMMAND: POST /session/638b8c348501295d6d2539f1a905cf1c/execute/async - {"script":"<script> [1562 bytes]","args":[{"selector":{"id":"application-manageresources-display-component---newResourceUnit--newRRUPage-anchBar-application-manageresources-display-component---newResourceUnit--control-anchor","interaction":{"idSuffix":"BDI-content"}},"wdio_ui5_key":"applicationmanageresources-display-component---newResourceUnit--newRRUPage-anchBar-application-manageresources-display-component---newResourceUnit--control-anchor"}]}
RESULT: {"script":"<script> [1562 bytes]","args":[{"selector":{"id":"application-manageresources-display-component---newResourceUnit--newRRUPage-anchBar-application-manageresources-display-component---newResourceUnit--control-anchor","interaction":{"idSuffix":"BDI-content"}},"wdio_ui5_key":"applicationmanageresources-display-component---newResourceUnit--newRRUPage-anchBar-application-manageresources-display-component---newResourceUnit--control-anchor"}]}
RESULT: undefined
COMMAND: POST /session/638b8c348501295d6d2539f1a905cf1c/element - {"using":"xpath","value":"//*[@id=\"application-manageresources-display-component---newResourceUnit--newRRUPage-anchBar-application-manageresources-display-component---newResourceUnit--control-anchor\"]"}
RESULT: {"using":"xpath","value":"//*[@id=\"application-manageresources-display-component---newResourceUnit--newRRUPage-anchBar-application-manageresources-display-component---newResourceUnit--control-anchor\"]"}
COMMAND: POST /session/638b8c348501295d6d2539f1a905cf1c/element/f.AA659E0CE08D0C76D21A3A5289A8AF5F.d.0829C6E60A7DAEC15CA74F3313BBE55E.e.14789/click - {}
RESULT: {}
COMMAND: POST /session/638b8c348501295d6d2539f1a905cf1c/execute/async - {"script":"<script> [1562 bytes]","args":[{"selector":{"id":"application-manageresources-display-component---newResourceUnit--PLANNING_GROUP","interaction":{"idSuffix":"inner"}},"wdio_ui5_key":"applicationmanageresources-display-component---newResourceUnit--PLANNING_GROUP"}]}
COMMAND: GET /session/638b8c348501295d6d2539f1a905cf1c/screenshot - {}
RESULT: {"script":"<script> [1562 bytes]","args":[{"selector":{"id":"application-manageresources-display-component---newResourceUnit--PLANNING_GROUP","interaction":{"idSuffix":"inner"}},"wdio_ui5_key":"applicationmanageresources-display-component---newResourceUnit--PLANNING_GROUP"}]}
RESULT: undefined
COMMAND: POST /session/638b8c348501295d6d2539f1a905cf1c/execute/async - {"script":"<script> [776 bytes]","args":[{"enterText":"Heavy Equi","selector":{"id":"application-manageresources-display-component---newResourceUnit--PLANNING_GROUP","interaction":{"idSuffix":"inner"}},"clearTextFirst":true,"interactionType":"ENTER_TEXT"}]}
RESULT: {}
RESULT: {"script":"<script> [776 bytes]","args":[{"enterText":"Heavy Equi","selector":{"id":"application-manageresources-display-component---newResourceUnit--PLANNING_GROUP","interaction":{"idSuffix":"inner"}},"clearTextFirst":true,"interactionType":"ENTER_TEXT"}]}
COMMAND: POST /session/638b8c348501295d6d2539f1a905cf1c/execute/async - {"script":"<script> [1562 bytes]","args":[{"selector":{"id":"application-manageresources-display-component---newResourceUnit--ITEM_TYPE-arrow"},"wdio_ui5_key":"applicationmanageresources-display-component---newResourceUnit--ITEM_TYPE-arrow"}]}
RESULT: {"script":"<script> [1562 bytes]","args":[{"selector":{"id":"application-manageresources-display-component---newResourceUnit--ITEM_TYPE-arrow"},"wdio_ui5_key":"applicationmanageresources-display-component---newResourceUnit--ITEM_TYPE-arrow"}]}
RESULT: undefined
COMMAND: POST /session/638b8c348501295d6d2539f1a905cf1c/element - {"using":"xpath","value":"//*[@id=\"application-manageresources-display-component---newResourceUnit--ITEM_TYPE-arrow\"]"}
RESULT: {"using":"xpath","value":"//*[@id=\"application-manageresources-display-component---newResourceUnit--ITEM_TYPE-arrow\"]"}
COMMAND: POST /session/638b8c348501295d6d2539f1a905cf1c/element/f.AA659E0CE08D0C76D21A3A5289A8AF5F.d.0829C6E60A7DAEC15CA74F3313BBE55E.e.14796/click - {}
RESULT: {}
COMMAND: POST /session/638b8c348501295d6d2539f1a905cf1c/element - {"using":"xpath","value":"(//span[contains(text(), \"Resource Unit\")])[2]"}
COMMAND: GET /session/638b8c348501295d6d2539f1a905cf1c/screenshot - {}
RESULT: {"using":"xpath","value":"(//span[contains(text(), \"Resource Unit\")])[2]"}
COMMAND: POST /session/638b8c348501295d6d2539f1a905cf1c/element/f.AA659E0CE08D0C76D21A3A5289A8AF5F.d.0829C6E60A7DAEC15CA74F3313BBE55E.e.14797/click - {}
RESULT: {}
RESULT: {}
COMMAND: GET /session/638b8c348501295d6d2539f1a905cf1c/screenshot - {}
RESULT: {}
COMMAND: POST /session/638b8c348501295d6d2539f1a905cf1c/element - {"using":"css selector","value":"#application-manageresources-display-component---newResourceUnit--btnAddTimeSegment"}
RESULT: {"using":"css selector","value":"#application-manageresources-display-component---newResourceUnit--btnAddTimeSegment"}
COMMAND: GET /session/638b8c348501295d6d2539f1a905cf1c/element/f.AA659E0CE08D0C76D21A3A5289A8AF5F.d.0829C6E60A7DAEC15CA74F3313BBE55E.e.14798/rect - {}
RESULT: {}
COMMAND: GET /session/638b8c348501295d6d2539f1a905cf1c/window/rect - {}
RESULT: {}
COMMAND: POST /session/638b8c348501295d6d2539f1a905cf1c/execute/sync - {"script":"<script> [92 bytes]","args":[]}
RESULT: {"script":"<script> [92 bytes]","args":[]}
COMMAND: POST /session/638b8c348501295d6d2539f1a905cf1c/actions - {"actions":[{"id":"action51","type":"wheel","parameters":{},"actions":[{"type":"scroll","x":-1888,"y":-32,"deltaX":0,"deltaY":0,"duration":0,"origin":{"element-6066-11e4-a52e-4f735466cecf":"f.AA659E0CE08D0C76D21A3A5289A8AF5F.d.0829C6E60A7DAEC15CA74F3313BBE55E.e.14798"}}]}]}
COMMAND: GET /session/638b8c348501295d6d2539f1a905cf1c/screenshot - {}
RESULT: {}
COMMAND: POST /session/638b8c348501295d6d2539f1a905cf1c/execute/sync - {"script":"<script> [79 bytes]","args":[{"element-6066-11e4-a52e-4f735466cecf":"f.AA659E0CE08D0C76D21A3A5289A8AF5F.d.0829C6E60A7DAEC15CA74F3313BBE55E.e.14798","ELEMENT":"f.AA659E0CE08D0C76D21A3A5289A8AF5F.d.0829C6E60A7DAEC15CA74F3313BBE55E.e.14798"},{"block":"start","inline":"nearest"}]}
RESULT: {"script":"<script> [79 bytes]","args":[{"element-6066-11e4-a52e-4f735466cecf":"f.AA659E0CE08D0C76D21A3A5289A8AF5F.d.0829C6E60A7DAEC15CA74F3313BBE55E.e.14798","ELEMENT":"f.AA659E0CE08D0C76D21A3A5289A8AF5F.d.0829C6E60A7DAEC15CA74F3313BBE55E.e.14798"},{"block":"start","inline":"nearest"}]}
COMMAND: POST /session/638b8c348501295d6d2539f1a905cf1c/execute/async - {"script":"<script> [1562 bytes]","args":[{"selector":{"id":"application-manageresources-display-component---newResourceUnit--btnAddTimeSegment","interaction":{"idSuffix":"inner"}},"wdio_ui5_key":"applicationmanageresources-display-component---newResourceUnit--btnAddTimeSegment"}]}
COMMAND: GET /session/638b8c348501295d6d2539f1a905cf1c/screenshot - {}
RESULT: {"script":"<script> [1562 bytes]","args":[{"selector":{"id":"application-manageresources-display-component---newResourceUnit--btnAddTimeSegment","interaction":{"idSuffix":"inner"}},"wdio_ui5_key":"applicationmanageresources-display-component---newResourceUnit--btnAddTimeSegment"}]}
RESULT: undefined
COMMAND: POST /session/638b8c348501295d6d2539f1a905cf1c/element - {"using":"xpath","value":"//*[@id=\"application-manageresources-display-component---newResourceUnit--btnAddTimeSegment\"]"}
RESULT: {}
RESULT: {"using":"xpath","value":"//*[@id=\"application-manageresources-display-component---newResourceUnit--btnAddTimeSegment\"]"}
COMMAND: POST /session/638b8c348501295d6d2539f1a905cf1c/element/f.AA659E0CE08D0C76D21A3A5289A8AF5F.d.0829C6E60A7DAEC15CA74F3313BBE55E.e.14798/click - {}
RESULT: {}
COMMAND: GET /session/638b8c348501295d6d2539f1a905cf1c/screenshot - {}
RESULT: {}
COMMAND: POST /session/638b8c348501295d6d2539f1a905cf1c/element - {"using":"xpath","value":"//input[@id=\"application-manageresources-display-component---newResourceUnit--idRuTSAdmin-application-manageresources-display-component---newResourceUnit--RUTimeSegment-0-inner\"]"}
RESULT: {"using":"xpath","value":"//input[@id=\"application-manageresources-display-component---newResourceUnit--idRuTSAdmin-application-manageresources-display-component---newResourceUnit--RUTimeSegment-0-inner\"]"}
COMMAND: POST /session/638b8c348501295d6d2539f1a905cf1c/element/f.AA659E0CE08D0C76D21A3A5289A8AF5F.d.0829C6E60A7DAEC15CA74F3313BBE55E.e.14804/clear - {}
RESULT: {}
COMMAND: POST /session/638b8c348501295d6d2539f1a905cf1c/element/f.AA659E0CE08D0C76D21A3A5289A8AF5F.d.0829C6E60A7DAEC15CA74F3313BBE55E.e.14804/value - {"text":"513"}
COMMAND: GET /session/638b8c348501295d6d2539f1a905cf1c/screenshot - {}
RESULT: {"text":"513"}
COMMAND: GET /session/638b8c348501295d6d2539f1a905cf1c/screenshot - {}
RESULT: {}
RESULT: {}
COMMAND: POST /session/638b8c348501295d6d2539f1a905cf1c/element - {"using":"xpath","value":"//li[.//span[text()='513']]"}
RESULT: {"using":"xpath","value":"//li[.//span[text()='513']]"}
COMMAND: POST /session/638b8c348501295d6d2539f1a905cf1c/element/f.AA659E0CE08D0C76D21A3A5289A8AF5F.d.0829C6E60A7DAEC15CA74F3313BBE55E.e.14818/click - {}
RESULT: {}
COMMAND: GET /session/638b8c348501295d6d2539f1a905cf1c/screenshot - {}
RESULT: {}
COMMAND: POST /session/638b8c348501295d6d2539f1a905cf1c/element - {"using":"xpath","value":"(//span[contains(@id, \"-application-manageresources-display-component---newResourceUnit--RUTimeSegment-0-arrow\")])[6]"}
RESULT: {"using":"xpath","value":"(//span[contains(@id, \"-application-manageresources-display-component---newResourceUnit--RUTimeSegment-0-arrow\")])[6]"}
COMMAND: POST /session/638b8c348501295d6d2539f1a905cf1c/element/f.AA659E0CE08D0C76D21A3A5289A8AF5F.d.0829C6E60A7DAEC15CA74F3313BBE55E.e.14819/click - {}
RESULT: {}
COMMAND: GET /session/638b8c348501295d6d2539f1a905cf1c/screenshot - {}
RESULT: {}
COMMAND: POST /session/638b8c348501295d6d2539f1a905cf1c/element - {"using":"xpath","value":"//span[contains(text(), \"PM Order\")]"}
RESULT: {"using":"xpath","value":"//span[contains(text(), \"PM Order\")]"}
COMMAND: POST /session/638b8c348501295d6d2539f1a905cf1c/element/f.AA659E0CE08D0C76D21A3A5289A8AF5F.d.0829C6E60A7DAEC15CA74F3313BBE55E.e.14822/click - {}
RESULT: {}
COMMAND: GET /session/638b8c348501295d6d2539f1a905cf1c/screenshot - {}
RESULT: {}
COMMAND: POST /session/638b8c348501295d6d2539f1a905cf1c/element - {"using":"xpath","value":"(//span[contains(@id ,\"manageresources-display-component---newResourceUnit--RUTimeSegment-0-vhi\")])[1]"}
RESULT: {"using":"xpath","value":"(//span[contains(@id ,\"manageresources-display-component---newResourceUnit--RUTimeSegment-0-vhi\")])[1]"}
COMMAND: GET /session/638b8c348501295d6d2539f1a905cf1c/element/f.AA659E0CE08D0C76D21A3A5289A8AF5F.d.0829C6E60A7DAEC15CA74F3313BBE55E.e.14826/rect - {}
RESULT: {}
COMMAND: GET /session/638b8c348501295d6d2539f1a905cf1c/window/rect - {}
RESULT: {}
COMMAND: POST /session/638b8c348501295d6d2539f1a905cf1c/execute/sync - {"script":"<script> [92 bytes]","args":[]}
RESULT: {"script":"<script> [92 bytes]","args":[]}
COMMAND: POST /session/638b8c348501295d6d2539f1a905cf1c/actions - {"actions":[{"id":"action52","type":"wheel","parameters":{},"actions":[{"type":"scroll","x":-869,"y":-24,"deltaX":0,"deltaY":0,"duration":0,"origin":{"element-6066-11e4-a52e-4f735466cecf":"f.AA659E0CE08D0C76D21A3A5289A8AF5F.d.0829C6E60A7DAEC15CA74F3313BBE55E.e.14826"}}]}]}
COMMAND: GET /session/638b8c348501295d6d2539f1a905cf1c/screenshot - {}
RESULT: {"actions":[{"id":"action52","type":"wheel","parameters":{},"actions":[{"type":"scroll","x":-869,"y":-24,"deltaX":0,"deltaY":0,"duration":0,"origin":{"element-6066-11e4-a52e-4f735466cecf":"f.AA659E0CE08D0C76D21A3A5289A8AF5F.d.0829C6E60A7DAEC15CA74F3313BBE55E.e.14826"}}]}]}
COMMAND: DELETE /session/638b8c348501295d6d2539f1a905cf1c/actions - {}
COMMAND: GET /session/638b8c348501295d6d2539f1a905cf1c/screenshot - {}
RESULT: {}
RESULT: {}
COMMAND: GET /session/638b8c348501295d6d2539f1a905cf1c/screenshot - {}
RESULT: {}
RESULT: {}
COMMAND: POST /session/638b8c348501295d6d2539f1a905cf1c/element/f.AA659E0CE08D0C76D21A3A5289A8AF5F.d.0829C6E60A7DAEC15CA74F3313BBE55E.e.14826/click - {}
RESULT: {}
COMMAND: GET /session/638b8c348501295d6d2539f1a905cf1c/screenshot - {}
RESULT: {}
COMMAND: POST /session/638b8c348501295d6d2539f1a905cf1c/execute/async - {"script":"<script> [1562 bytes]","args":[{"selector":{"controlType":"sap.m.SearchField","properties":{"placeholder":"Search"},"searchOpenDialogs":true,"interaction":{"idSuffix":"I"}},"wdio_ui5_key":"sapm.SearchField{\"placeholder\":\"Search\"}"}]}
RESULT: {"script":"<script> [1562 bytes]","args":[{"selector":{"controlType":"sap.m.SearchField","properties":{"placeholder":"Search"},"searchOpenDialogs":true,"interaction":{"idSuffix":"I"}},"wdio_ui5_key":"sapm.SearchField{\"placeholder\":\"Search\"}"}]}
RESULT: undefined
COMMAND: POST /session/638b8c348501295d6d2539f1a905cf1c/execute/async - {"script":"<script> [776 bytes]","args":[{"enterText":"4000360","selector":{"controlType":"sap.m.SearchField","properties":{"placeholder":"Search"},"searchOpenDialogs":true,"interaction":{"idSuffix":"I"}},"clearTextFirst":true,"interactionType":"ENTER_TEXT"}]}
RESULT: {"script":"<script> [776 bytes]","args":[{"enterText":"4000360","selector":{"controlType":"sap.m.SearchField","properties":{"placeholder":"Search"},"searchOpenDialogs":true,"interaction":{"idSuffix":"I"}},"clearTextFirst":true,"interactionType":"ENTER_TEXT"}]}
COMMAND: POST /session/638b8c348501295d6d2539f1a905cf1c/actions - {"actions":[{"id":"action53","type":"key","parameters":{},"actions":[{"type":"keyDown","value":"î€‡"},{"type":"pause","duration":10},{"type":"keyUp","value":"î€‡"}]}]}
RESULT: {"actions":[{"id":"action53","type":"key","parameters":{},"actions":[{"type":"keyDown","value":"î€‡"},{"type":"pause","duration":10},{"type":"keyUp","value":"î€‡"}]}]}
COMMAND: GET /session/638b8c348501295d6d2539f1a905cf1c/screenshot - {}
RESULT: {}
COMMAND: POST /session/638b8c348501295d6d2539f1a905cf1c/element - {"using":"xpath","value":"//td/div/span[contains(text(), \"BGL Vehicles\")]"}
RESULT: {"using":"xpath","value":"//td/div/span[contains(text(), \"BGL Vehicles\")]"}
COMMAND: POST /session/638b8c348501295d6d2539f1a905cf1c/element/f.AA659E0CE08D0C76D21A3A5289A8AF5F.d.0829C6E60A7DAEC15CA74F3313BBE55E.e.14849/click - {}
RESULT: {}
COMMAND: GET /session/638b8c348501295d6d2539f1a905cf1c/screenshot - {}
RESULT: {}
COMMAND: POST /session/638b8c348501295d6d2539f1a905cf1c/element - {"using":"xpath","value":"//bdi[contains(text(), \"OK\")]"}
RESULT: {"using":"xpath","value":"//bdi[contains(text(), \"OK\")]"}
COMMAND: POST /session/638b8c348501295d6d2539f1a905cf1c/element/f.AA659E0CE08D0C76D21A3A5289A8AF5F.d.0829C6E60A7DAEC15CA74F3313BBE55E.e.14850/click - {}
RESULT: {}
COMMAND: GET /session/638b8c348501295d6d2539f1a905cf1c/screenshot - {}
RESULT: {}
COMMAND: POST /session/638b8c348501295d6d2539f1a905cf1c/execute/async - {"script":"<script> [1562 bytes]","args":[{"selector":{"id":"application-manageresources-display-component---newResourceUnit--newRRUPage-anchBar-application-manageresources-display-component---newResourceUnit--resource-anchor","interaction":{"idSuffix":"BDI-content"}},"wdio_ui5_key":"applicationmanageresources-display-component---newResourceUnit--newRRUPage-anchBar-application-manageresources-display-component---newResourceUnit--resource-anchor"}]}
RESULT: {"script":"<script> [1562 bytes]","args":[{"selector":{"id":"application-manageresources-display-component---newResourceUnit--newRRUPage-anchBar-application-manageresources-display-component---newResourceUnit--resource-anchor","interaction":{"idSuffix":"BDI-content"}},"wdio_ui5_key":"applicationmanageresources-display-component---newResourceUnit--newRRUPage-anchBar-application-manageresources-display-component---newResourceUnit--resource-anchor"}]}
RESULT: undefined
COMMAND: POST /session/638b8c348501295d6d2539f1a905cf1c/element - {"using":"xpath","value":"//*[@id=\"application-manageresources-display-component---newResourceUnit--newRRUPage-anchBar-application-manageresources-display-component---newResourceUnit--resource-anchor\"]"}
RESULT: {"using":"xpath","value":"//*[@id=\"application-manageresources-display-component---newResourceUnit--newRRUPage-anchBar-application-manageresources-display-component---newResourceUnit--resource-anchor\"]"}
COMMAND: POST /session/638b8c348501295d6d2539f1a905cf1c/element/f.AA659E0CE08D0C76D21A3A5289A8AF5F.d.0829C6E60A7DAEC15CA74F3313BBE55E.e.14854/click - {}
RESULT: {}
COMMAND: POST /session/638b8c348501295d6d2539f1a905cf1c/execute/async - {"script":"<script> [1562 bytes]","args":[{"selector":{"id":"application-manageresources-display-component---newResourceUnit--PLANNED_DELIVERY_DATE","interaction":{"idSuffix":"inner"}},"wdio_ui5_key":"applicationmanageresources-display-component---newResourceUnit--PLANNED_DELIVERY_DATE"}]}
COMMAND: GET /session/638b8c348501295d6d2539f1a905cf1c/screenshot - {}
RESULT: {"script":"<script> [1562 bytes]","args":[{"selector":{"id":"application-manageresources-display-component---newResourceUnit--PLANNED_DELIVERY_DATE","interaction":{"idSuffix":"inner"}},"wdio_ui5_key":"applicationmanageresources-display-component---newResourceUnit--PLANNED_DELIVERY_DATE"}]}
RESULT: undefined
COMMAND: POST /session/638b8c348501295d6d2539f1a905cf1c/execute/async - {"script":"<script> [6424 bytes]","args":[{"element-6066-11e4-a52e-4f735466cecf":"f.AA659E0CE08D0C76D21A3A5289A8AF5F.d.0829C6E60A7DAEC15CA74F3313BBE55E.e.14712"},"setValue",["5/2/25"]]}
RESULT: {}
RESULT: {"script":"<script> [6424 bytes]","args":[{"element-6066-11e4-a52e-4f735466cecf":"f.AA659E0CE08D0C76D21A3A5289A8AF5F.d.0829C6E60A7DAEC15CA74F3313BBE55E.e.14712"},"setValue",["5/2/25"]]}
COMMAND: POST /session/638b8c348501295d6d2539f1a905cf1c/element - {"using":"xpath","value":"//button[@data-kt=\"resourceUnitSaveButton\"]"}
RESULT: {"using":"xpath","value":"//button[@data-kt=\"resourceUnitSaveButton\"]"}
COMMAND: POST /session/638b8c348501295d6d2539f1a905cf1c/element/f.AA659E0CE08D0C76D21A3A5289A8AF5F.d.0829C6E60A7DAEC15CA74F3313BBE55E.e.14672/click - {}
RESULT: {}
COMMAND: GET /session/638b8c348501295d6d2539f1a905cf1c/screenshot - {}
RESULT: {}
COMMAND: POST /session/638b8c348501295d6d2539f1a905cf1c/element - {"using":"xpath","value":"//bdi[contains(text(), \"Close\")]"}
RESULT: {"using":"xpath","value":"//bdi[contains(text(), \"Close\")]"}
COMMAND: POST /session/638b8c348501295d6d2539f1a905cf1c/element/f.AA659E0CE08D0C76D21A3A5289A8AF5F.d.0829C6E60A7DAEC15CA74F3313BBE55E.e.14864/click - {}
RESULT: {}
COMMAND: GET /session/638b8c348501295d6d2539f1a905cf1c/screenshot - {}
RESULT: {}
COMMAND: POST /session/638b8c348501295d6d2539f1a905cf1c/element - {"using":"xpath","value":"(//button[contains(@id ,\"actionsToolbar-overflowButton\")])[1]"}
RESULT: {"using":"xpath","value":"(//button[contains(@id ,\"actionsToolbar-overflowButton\")])[1]"}
COMMAND: POST /session/638b8c348501295d6d2539f1a905cf1c/element/f.AA659E0CE08D0C76D21A3A5289A8AF5F.d.0829C6E60A7DAEC15CA74F3313BBE55E.e.14920/click - {}
RESULT: {}
COMMAND: GET /session/638b8c348501295d6d2539f1a905cf1c/screenshot - {}
RESULT: {}
COMMAND: POST /session/638b8c348501295d6d2539f1a905cf1c/element - {"using":"xpath","value":"//button[@data-kt=\"priceInfoButton\"]"}
RESULT: {"using":"xpath","value":"//button[@data-kt=\"priceInfoButton\"]"}
COMMAND: POST /session/638b8c348501295d6d2539f1a905cf1c/element/f.AA659E0CE08D0C76D21A3A5289A8AF5F.d.0829C6E60A7DAEC15CA74F3313BBE55E.e.14922/click - {}
RESULT: {}
COMMAND: GET /session/638b8c348501295d6d2539f1a905cf1c/screenshot - {}
]]></system-out>
    </testcase>
    <testcase classname="chrome.135_0_7049_96.windows.Performance_based_billing_(work_days)_US139742" name="Should create a pricing rule perf based on the equipment" time="60.021">
      <system-out><![CDATA[
COMMAND: POST /session/638b8c348501295d6d2539f1a905cf1c/element - {"using":"xpath","value":"//button[@data-kt=\"addButton\"]"}
RESULT: {}
RESULT: {"using":"xpath","value":"//button[@data-kt=\"addButton\"]"}
COMMAND: POST /session/638b8c348501295d6d2539f1a905cf1c/elements - {"using":"xpath","value":"//button[@data-kt=\"addButton\"]"}
RESULT: {"using":"xpath","value":"//button[@data-kt=\"addButton\"]"}
COMMAND: POST /session/638b8c348501295d6d2539f1a905cf1c/elements - {"using":"xpath","value":"//button[@data-kt=\"addButton\"]"}
RESULT: {"using":"xpath","value":"//button[@data-kt=\"addButton\"]"}
COMMAND: POST /session/638b8c348501295d6d2539f1a905cf1c/element - {"using":"xpath","value":"//button[@data-kt=\"addButton\"]"}
RESULT: {"using":"xpath","value":"//button[@data-kt=\"addButton\"]"}
COMMAND: POST /session/638b8c348501295d6d2539f1a905cf1c/execute/sync - {"script":"<script> [8489 bytes]","args":[{"element-6066-11e4-a52e-4f735466cecf":"f.AA659E0CE08D0C76D21A3A5289A8AF5F.d.0829C6E60A7DAEC15CA74F3313BBE55E.e.14958","ELEMENT":"f.AA659E0CE08D0C76D21A3A5289A8AF5F.d.0829C6E60A7DAEC15CA74F3313BBE55E.e.14958"}]}
RESULT: {"script":"<script> [8489 bytes]","args":[{"element-6066-11e4-a52e-4f735466cecf":"f.AA659E0CE08D0C76D21A3A5289A8AF5F.d.0829C6E60A7DAEC15CA74F3313BBE55E.e.14958","ELEMENT":"f.AA659E0CE08D0C76D21A3A5289A8AF5F.d.0829C6E60A7DAEC15CA74F3313BBE55E.e.14958"}]}
COMMAND: GET /session/638b8c348501295d6d2539f1a905cf1c/element/f.AA659E0CE08D0C76D21A3A5289A8AF5F.d.0829C6E60A7DAEC15CA74F3313BBE55E.e.14958/enabled - {}
COMMAND: GET /session/638b8c348501295d6d2539f1a905cf1c/screenshot - {}
RESULT: {}
COMMAND: POST /session/638b8c348501295d6d2539f1a905cf1c/execute/sync - {"script":"<script> [8489 bytes]","args":[{"element-6066-11e4-a52e-4f735466cecf":"f.AA659E0CE08D0C76D21A3A5289A8AF5F.d.0829C6E60A7DAEC15CA74F3313BBE55E.e.14958","ELEMENT":"f.AA659E0CE08D0C76D21A3A5289A8AF5F.d.0829C6E60A7DAEC15CA74F3313BBE55E.e.14958"}]}
COMMAND: GET /session/638b8c348501295d6d2539f1a905cf1c/screenshot - {}
RESULT: {}
RESULT: {"script":"<script> [8489 bytes]","args":[{"element-6066-11e4-a52e-4f735466cecf":"f.AA659E0CE08D0C76D21A3A5289A8AF5F.d.0829C6E60A7DAEC15CA74F3313BBE55E.e.14958","ELEMENT":"f.AA659E0CE08D0C76D21A3A5289A8AF5F.d.0829C6E60A7DAEC15CA74F3313BBE55E.e.14958"}]}
COMMAND: POST /session/638b8c348501295d6d2539f1a905cf1c/execute/sync - {"script":"<script> [5351 bytes]","args":[{"element-6066-11e4-a52e-4f735466cecf":"f.AA659E0CE08D0C76D21A3A5289A8AF5F.d.0829C6E60A7DAEC15CA74F3313BBE55E.e.14958","ELEMENT":"f.AA659E0CE08D0C76D21A3A5289A8AF5F.d.0829C6E60A7DAEC15CA74F3313BBE55E.e.14958"}]}
COMMAND: GET /session/638b8c348501295d6d2539f1a905cf1c/screenshot - {}
RESULT: {}
RESULT: {"script":"<script> [5351 bytes]","args":[{"element-6066-11e4-a52e-4f735466cecf":"f.AA659E0CE08D0C76D21A3A5289A8AF5F.d.0829C6E60A7DAEC15CA74F3313BBE55E.e.14958","ELEMENT":"f.AA659E0CE08D0C76D21A3A5289A8AF5F.d.0829C6E60A7DAEC15CA74F3313BBE55E.e.14958"}]}
COMMAND: POST /session/638b8c348501295d6d2539f1a905cf1c/element/f.AA659E0CE08D0C76D21A3A5289A8AF5F.d.0829C6E60A7DAEC15CA74F3313BBE55E.e.14958/click - {}
COMMAND: GET /session/638b8c348501295d6d2539f1a905cf1c/screenshot - {}
RESULT: {}
RESULT: {}
COMMAND: GET /session/638b8c348501295d6d2539f1a905cf1c/screenshot - {}
RESULT: {}
RESULT: {}
COMMAND: POST /session/638b8c348501295d6d2539f1a905cf1c/execute/async - {"script":"<script> [1562 bytes]","args":[{"selector":{"controlType":"sap.m.Title","viewName":"etm.portal.ui.managepricingrules.view.NewItem","viewId":"application-managepricingrules-display-component---newInfoPriceItem","properties":{"text":"New Pricing Rules - Item Level"}},"wdio_ui5_key":"etmportal.ui.managepricingrules.view.NewItemsap.m.Title{\"text\":\"New Pricing Rules - Item Level\"}"}]}
RESULT: {"script":"<script> [1562 bytes]","args":[{"selector":{"controlType":"sap.m.Title","viewName":"etm.portal.ui.managepricingrules.view.NewItem","viewId":"application-managepricingrules-display-component---newInfoPriceItem","properties":{"text":"New Pricing Rules - Item Level"}},"wdio_ui5_key":"etmportal.ui.managepricingrules.view.NewItemsap.m.Title{\"text\":\"New Pricing Rules - Item Level\"}"}]}
RESULT: undefined
COMMAND: POST /session/638b8c348501295d6d2539f1a905cf1c/execute/async - {"script":"<script> [6424 bytes]","args":[{"element-6066-11e4-a52e-4f735466cecf":"f.AA659E0CE08D0C76D21A3A5289A8AF5F.d.0829C6E60A7DAEC15CA74F3313BBE55E.e.15027"},"getText",[]]}
RESULT: {"script":"<script> [6424 bytes]","args":[{"element-6066-11e4-a52e-4f735466cecf":"f.AA659E0CE08D0C76D21A3A5289A8AF5F.d.0829C6E60A7DAEC15CA74F3313BBE55E.e.15027"},"getText",[]]}
COMMAND: POST /session/638b8c348501295d6d2539f1a905cf1c/execute/async - {"script":"<script> [1562 bytes]","args":[{"selector":{"id":"application-managepricingrules-display-component---newInfoPriceItem--condValidTo","interaction":{"idSuffix":"inner"}},"wdio_ui5_key":"applicationmanagepricingrules-display-component---newInfoPriceItem--condValidTo"}]}
RESULT: {"script":"<script> [1562 bytes]","args":[{"selector":{"id":"application-managepricingrules-display-component---newInfoPriceItem--condValidTo","interaction":{"idSuffix":"inner"}},"wdio_ui5_key":"applicationmanagepricingrules-display-component---newInfoPriceItem--condValidTo"}]}
RESULT: undefined
COMMAND: POST /session/638b8c348501295d6d2539f1a905cf1c/execute/async - {"script":"<script> [776 bytes]","args":[{"enterText":"01/02/26","selector":{"id":"application-managepricingrules-display-component---newInfoPriceItem--condValidTo","interaction":{"idSuffix":"inner"}},"clearTextFirst":true,"interactionType":"ENTER_TEXT"}]}
RESULT: {"script":"<script> [776 bytes]","args":[{"enterText":"01/02/26","selector":{"id":"application-managepricingrules-display-component---newInfoPriceItem--condValidTo","interaction":{"idSuffix":"inner"}},"clearTextFirst":true,"interactionType":"ENTER_TEXT"}]}
COMMAND: POST /session/638b8c348501295d6d2539f1a905cf1c/execute/async - {"script":"<script> [1562 bytes]","args":[{"selector":{"id":"application-managepricingrules-display-component---newInfoPriceItem--billType-arrow"},"wdio_ui5_key":"applicationmanagepricingrules-display-component---newInfoPriceItem--billType-arrow"}]}
RESULT: {"script":"<script> [1562 bytes]","args":[{"selector":{"id":"application-managepricingrules-display-component---newInfoPriceItem--billType-arrow"},"wdio_ui5_key":"applicationmanagepricingrules-display-component---newInfoPriceItem--billType-arrow"}]}
RESULT: undefined
COMMAND: POST /session/638b8c348501295d6d2539f1a905cf1c/element - {"using":"xpath","value":"//*[@id=\"application-managepricingrules-display-component---newInfoPriceItem--billType-arrow\"]"}
RESULT: {"using":"xpath","value":"//*[@id=\"application-managepricingrules-display-component---newInfoPriceItem--billType-arrow\"]"}
COMMAND: POST /session/638b8c348501295d6d2539f1a905cf1c/element/f.AA659E0CE08D0C76D21A3A5289A8AF5F.d.0829C6E60A7DAEC15CA74F3313BBE55E.e.15029/click - {}
RESULT: {}
COMMAND: POST /session/638b8c348501295d6d2539f1a905cf1c/element - {"using":"xpath","value":"//span[contains(text(), \"PB - Performance based\")]"}
COMMAND: GET /session/638b8c348501295d6d2539f1a905cf1c/screenshot - {}
RESULT: {"using":"xpath","value":"//span[contains(text(), \"PB - Performance based\")]"}
COMMAND: POST /session/638b8c348501295d6d2539f1a905cf1c/element/f.AA659E0CE08D0C76D21A3A5289A8AF5F.d.0829C6E60A7DAEC15CA74F3313BBE55E.e.15030/click - {}
RESULT: {}
RESULT: {}
COMMAND: POST /session/638b8c348501295d6d2539f1a905cf1c/execute/async - {"script":"<script> [1562 bytes]","args":[{"selector":{"id":"application-managepricingrules-display-component---newInfoPriceItem--priceProc-arrow"},"wdio_ui5_key":"applicationmanagepricingrules-display-component---newInfoPriceItem--priceProc-arrow"}]}
COMMAND: GET /session/638b8c348501295d6d2539f1a905cf1c/screenshot - {}
RESULT: {"script":"<script> [1562 bytes]","args":[{"selector":{"id":"application-managepricingrules-display-component---newInfoPriceItem--priceProc-arrow"},"wdio_ui5_key":"applicationmanagepricingrules-display-component---newInfoPriceItem--priceProc-arrow"}]}
RESULT: undefined
COMMAND: POST /session/638b8c348501295d6d2539f1a905cf1c/element - {"using":"xpath","value":"//*[@id=\"application-managepricingrules-display-component---newInfoPriceItem--priceProc-arrow\"]"}
RESULT: {}
RESULT: {"using":"xpath","value":"//*[@id=\"application-managepricingrules-display-component---newInfoPriceItem--priceProc-arrow\"]"}
COMMAND: POST /session/638b8c348501295d6d2539f1a905cf1c/element/f.AA659E0CE08D0C76D21A3A5289A8AF5F.d.0829C6E60A7DAEC15CA74F3313BBE55E.e.15031/click - {}
RESULT: {}
COMMAND: POST /session/638b8c348501295d6d2539f1a905cf1c/element - {"using":"xpath","value":"//span[contains(text(), \"PRF - Performance based\")]"}
COMMAND: GET /session/638b8c348501295d6d2539f1a905cf1c/screenshot - {}
RESULT: {"using":"xpath","value":"//span[contains(text(), \"PRF - Performance based\")]"}
COMMAND: POST /session/638b8c348501295d6d2539f1a905cf1c/element/f.AA659E0CE08D0C76D21A3A5289A8AF5F.d.0829C6E60A7DAEC15CA74F3313BBE55E.e.15032/click - {}
RESULT: {}
RESULT: {}
COMMAND: POST /session/638b8c348501295d6d2539f1a905cf1c/execute/async - {"script":"<script> [1562 bytes]","args":[{"selector":{"id":"application-managepricingrules-display-component---newInfoPriceItem--calcBase-arrow"},"wdio_ui5_key":"applicationmanagepricingrules-display-component---newInfoPriceItem--calcBase-arrow"}]}
COMMAND: GET /session/638b8c348501295d6d2539f1a905cf1c/screenshot - {}
RESULT: {"script":"<script> [1562 bytes]","args":[{"selector":{"id":"application-managepricingrules-display-component---newInfoPriceItem--calcBase-arrow"},"wdio_ui5_key":"applicationmanagepricingrules-display-component---newInfoPriceItem--calcBase-arrow"}]}
RESULT: undefined
COMMAND: POST /session/638b8c348501295d6d2539f1a905cf1c/element - {"using":"xpath","value":"//*[@id=\"application-managepricingrules-display-component---newInfoPriceItem--calcBase-arrow\"]"}
RESULT: {}
RESULT: {"using":"xpath","value":"//*[@id=\"application-managepricingrules-display-component---newInfoPriceItem--calcBase-arrow\"]"}
COMMAND: POST /session/638b8c348501295d6d2539f1a905cf1c/element/f.AA659E0CE08D0C76D21A3A5289A8AF5F.d.0829C6E60A7DAEC15CA74F3313BBE55E.e.15033/click - {}
RESULT: {}
COMMAND: GET /session/638b8c348501295d6d2539f1a905cf1c/screenshot - {}
RESULT: {}
COMMAND: POST /session/638b8c348501295d6d2539f1a905cf1c/element - {"using":"xpath","value":"//span[contains(text(), \"0007 - PB(work days)\")]"}
RESULT: {"using":"xpath","value":"//span[contains(text(), \"0007 - PB(work days)\")]"}
COMMAND: POST /session/638b8c348501295d6d2539f1a905cf1c/element/f.AA659E0CE08D0C76D21A3A5289A8AF5F.d.0829C6E60A7DAEC15CA74F3313BBE55E.e.15034/click - {}
RESULT: {}
COMMAND: GET /session/638b8c348501295d6d2539f1a905cf1c/screenshot - {}
RESULT: {}
COMMAND: POST /session/638b8c348501295d6d2539f1a905cf1c/execute/async - {"script":"<script> [1562 bytes]","args":[{"selector":{"id":"application-managepricingrules-display-component---newInfoPriceItem--hoursMonth","interaction":{"idSuffix":"inner"}},"wdio_ui5_key":"applicationmanagepricingrules-display-component---newInfoPriceItem--hoursMonth"}]}
RESULT: {"script":"<script> [1562 bytes]","args":[{"selector":{"id":"application-managepricingrules-display-component---newInfoPriceItem--hoursMonth","interaction":{"idSuffix":"inner"}},"wdio_ui5_key":"applicationmanagepricingrules-display-component---newInfoPriceItem--hoursMonth"}]}
RESULT: undefined
COMMAND: POST /session/638b8c348501295d6d2539f1a905cf1c/execute/async - {"script":"<script> [776 bytes]","args":[{"enterText":"160","selector":{"id":"application-managepricingrules-display-component---newInfoPriceItem--hoursMonth","interaction":{"idSuffix":"inner"}},"clearTextFirst":true,"interactionType":"ENTER_TEXT"}]}
RESULT: {"script":"<script> [776 bytes]","args":[{"enterText":"160","selector":{"id":"application-managepricingrules-display-component---newInfoPriceItem--hoursMonth","interaction":{"idSuffix":"inner"}},"clearTextFirst":true,"interactionType":"ENTER_TEXT"}]}
COMMAND: POST /session/638b8c348501295d6d2539f1a905cf1c/element - {"using":"xpath","value":"//button[@data-kt=\"saveNewRuleButton\"]"}
RESULT: {"using":"xpath","value":"//button[@data-kt=\"saveNewRuleButton\"]"}
COMMAND: POST /session/638b8c348501295d6d2539f1a905cf1c/element/f.AA659E0CE08D0C76D21A3A5289A8AF5F.d.0829C6E60A7DAEC15CA74F3313BBE55E.e.15036/click - {}
RESULT: {}
COMMAND: GET /session/638b8c348501295d6d2539f1a905cf1c/screenshot - {}
RESULT: {}
COMMAND: POST /session/638b8c348501295d6d2539f1a905cf1c/execute/async - {"script":"<script> [1562 bytes]","args":[{"selector":{"id":"application-managepricingrules-display-component---priceInfoItem--smartFilterBar-btnBasicSearch","interaction":{"idSuffix":"I"}},"wdio_ui5_key":"applicationmanagepricingrules-display-component---priceInfoItem--smartFilterBar-btnBasicSearch"}]}
RESULT: {"script":"<script> [1562 bytes]","args":[{"selector":{"id":"application-managepricingrules-display-component---priceInfoItem--smartFilterBar-btnBasicSearch","interaction":{"idSuffix":"I"}},"wdio_ui5_key":"applicationmanagepricingrules-display-component---priceInfoItem--smartFilterBar-btnBasicSearch"}]}
RESULT: undefined
COMMAND: POST /session/638b8c348501295d6d2539f1a905cf1c/execute/async - {"script":"<script> [776 bytes]","args":[{"enterText":"A5KFYYRu1u","selector":{"id":"application-managepricingrules-display-component---priceInfoItem--smartFilterBar-btnBasicSearch","interaction":{"idSuffix":"I"}},"clearTextFirst":true,"interactionType":"ENTER_TEXT"}]}
RESULT: {"script":"<script> [776 bytes]","args":[{"enterText":"A5KFYYRu1u","selector":{"id":"application-managepricingrules-display-component---priceInfoItem--smartFilterBar-btnBasicSearch","interaction":{"idSuffix":"I"}},"clearTextFirst":true,"interactionType":"ENTER_TEXT"}]}
COMMAND: POST /session/638b8c348501295d6d2539f1a905cf1c/actions - {"actions":[{"id":"action54","type":"key","parameters":{},"actions":[{"type":"keyDown","value":"î€‡"},{"type":"pause","duration":10},{"type":"keyUp","value":"î€‡"}]}]}
RESULT: {"actions":[{"id":"action54","type":"key","parameters":{},"actions":[{"type":"keyDown","value":"î€‡"},{"type":"pause","duration":10},{"type":"keyUp","value":"î€‡"}]}]}
COMMAND: GET /session/638b8c348501295d6d2539f1a905cf1c/screenshot - {}
RESULT: {}
COMMAND: POST /session/638b8c348501295d6d2539f1a905cf1c/element - {"using":"xpath","value":"//span[@id=\"application-managepricingrules-display-component---priceInfoItem--smartTable-header-inner\"]"}
RESULT: {"using":"xpath","value":"//span[@id=\"application-managepricingrules-display-component---priceInfoItem--smartTable-header-inner\"]"}
COMMAND: POST /session/638b8c348501295d6d2539f1a905cf1c/elements - {"using":"xpath","value":"//span[@id=\"application-managepricingrules-display-component---priceInfoItem--smartTable-header-inner\"]"}
RESULT: {"using":"xpath","value":"//span[@id=\"application-managepricingrules-display-component---priceInfoItem--smartTable-header-inner\"]"}
COMMAND: POST /session/638b8c348501295d6d2539f1a905cf1c/execute/sync - {"script":"<script> [56 bytes]","args":[{"element-6066-11e4-a52e-4f735466cecf":"f.AA659E0CE08D0C76D21A3A5289A8AF5F.d.0829C6E60A7DAEC15CA74F3313BBE55E.e.15049","ELEMENT":"f.AA659E0CE08D0C76D21A3A5289A8AF5F.d.0829C6E60A7DAEC15CA74F3313BBE55E.e.15049"}]}
RESULT: {"script":"<script> [56 bytes]","args":[{"element-6066-11e4-a52e-4f735466cecf":"f.AA659E0CE08D0C76D21A3A5289A8AF5F.d.0829C6E60A7DAEC15CA74F3313BBE55E.e.15049","ELEMENT":"f.AA659E0CE08D0C76D21A3A5289A8AF5F.d.0829C6E60A7DAEC15CA74F3313BBE55E.e.15049"}]}
COMMAND: POST /session/638b8c348501295d6d2539f1a905cf1c/element - {"using":"css selector","value":"#shell-header-logo"}
COMMAND: GET /session/638b8c348501295d6d2539f1a905cf1c/screenshot - {}
RESULT: {"using":"css selector","value":"#shell-header-logo"}
COMMAND: POST /session/638b8c348501295d6d2539f1a905cf1c/element/f.AA659E0CE08D0C76D21A3A5289A8AF5F.d.0829C6E60A7DAEC15CA74F3313BBE55E.e.14271/click - {}
RESULT: {}
RESULT: {}
COMMAND: GET /session/638b8c348501295d6d2539f1a905cf1c/screenshot - {}
RESULT: {}
]]></system-out>
    </testcase>
    <testcase classname="chrome.135_0_7049_96.windows.Performance_based_billing_(work_days)_US139742" name="Should create a performance based billing condition on the equipment" time="73.866">
      <system-out><![CDATA[
COMMAND: POST /session/638b8c348501295d6d2539f1a905cf1c/execute/async - {"script":"<script> [1562 bytes]","args":[{"selector":{"controlType":"sap.m.Text","properties":{"text":"Manage Conditions & Prices"},"interaction":{"idSuffix":"inner"}},"wdio_ui5_key":"sapm.Text{\"text\":\"Manage Conditions & Prices\"}"}]}
RESULT: {"script":"<script> [1562 bytes]","args":[{"selector":{"controlType":"sap.m.Text","properties":{"text":"Manage Conditions & Prices"},"interaction":{"idSuffix":"inner"}},"wdio_ui5_key":"sapm.Text{\"text\":\"Manage Conditions & Prices\"}"}]}
RESULT: undefined
COMMAND: POST /session/638b8c348501295d6d2539f1a905cf1c/element - {"using":"xpath","value":"//*[@id=\"__tile53-title\"]"}
RESULT: {"using":"xpath","value":"//*[@id=\"__tile53-title\"]"}
COMMAND: POST /session/638b8c348501295d6d2539f1a905cf1c/element/f.AA659E0CE08D0C76D21A3A5289A8AF5F.d.0829C6E60A7DAEC15CA74F3313BBE55E.e.15052/click - {}
RESULT: {}
COMMAND: POST /session/638b8c348501295d6d2539f1a905cf1c/element - {"using":"xpath","value":"//button[@aria-label=\"Create\"]"}
COMMAND: GET /session/638b8c348501295d6d2539f1a905cf1c/screenshot - {}
RESULT: {"using":"xpath","value":"//button[@aria-label=\"Create\"]"}
COMMAND: POST /session/638b8c348501295d6d2539f1a905cf1c/elements - {"using":"xpath","value":"//button[@aria-label=\"Create\"]"}
RESULT: {}
RESULT: {"using":"xpath","value":"//button[@aria-label=\"Create\"]"}
COMMAND: POST /session/638b8c348501295d6d2539f1a905cf1c/elements - {"using":"xpath","value":"//button[@aria-label=\"Create\"]"}
RESULT: {"using":"xpath","value":"//button[@aria-label=\"Create\"]"}
COMMAND: POST /session/638b8c348501295d6d2539f1a905cf1c/elements - {"using":"xpath","value":"//button[@aria-label=\"Create\"]"}
RESULT: {"using":"xpath","value":"//button[@aria-label=\"Create\"]"}
COMMAND: POST /session/638b8c348501295d6d2539f1a905cf1c/element - {"using":"xpath","value":"//button[@aria-label=\"Create\"]"}
RESULT: {"using":"xpath","value":"//button[@aria-label=\"Create\"]"}
COMMAND: POST /session/638b8c348501295d6d2539f1a905cf1c/execute/sync - {"script":"<script> [8489 bytes]","args":[{"element-6066-11e4-a52e-4f735466cecf":"f.AA659E0CE08D0C76D21A3A5289A8AF5F.d.0829C6E60A7DAEC15CA74F3313BBE55E.e.15086","ELEMENT":"f.AA659E0CE08D0C76D21A3A5289A8AF5F.d.0829C6E60A7DAEC15CA74F3313BBE55E.e.15086"}]}
RESULT: {"script":"<script> [8489 bytes]","args":[{"element-6066-11e4-a52e-4f735466cecf":"f.AA659E0CE08D0C76D21A3A5289A8AF5F.d.0829C6E60A7DAEC15CA74F3313BBE55E.e.15086","ELEMENT":"f.AA659E0CE08D0C76D21A3A5289A8AF5F.d.0829C6E60A7DAEC15CA74F3313BBE55E.e.15086"}]}
COMMAND: GET /session/638b8c348501295d6d2539f1a905cf1c/element/f.AA659E0CE08D0C76D21A3A5289A8AF5F.d.0829C6E60A7DAEC15CA74F3313BBE55E.e.15086/enabled - {}
COMMAND: GET /session/638b8c348501295d6d2539f1a905cf1c/screenshot - {}
RESULT: {}
COMMAND: POST /session/638b8c348501295d6d2539f1a905cf1c/execute/sync - {"script":"<script> [8489 bytes]","args":[{"element-6066-11e4-a52e-4f735466cecf":"f.AA659E0CE08D0C76D21A3A5289A8AF5F.d.0829C6E60A7DAEC15CA74F3313BBE55E.e.15086","ELEMENT":"f.AA659E0CE08D0C76D21A3A5289A8AF5F.d.0829C6E60A7DAEC15CA74F3313BBE55E.e.15086"}]}
COMMAND: GET /session/638b8c348501295d6d2539f1a905cf1c/screenshot - {}
RESULT: {}
RESULT: {"script":"<script> [8489 bytes]","args":[{"element-6066-11e4-a52e-4f735466cecf":"f.AA659E0CE08D0C76D21A3A5289A8AF5F.d.0829C6E60A7DAEC15CA74F3313BBE55E.e.15086","ELEMENT":"f.AA659E0CE08D0C76D21A3A5289A8AF5F.d.0829C6E60A7DAEC15CA74F3313BBE55E.e.15086"}]}
COMMAND: POST /session/638b8c348501295d6d2539f1a905cf1c/execute/sync - {"script":"<script> [5351 bytes]","args":[{"element-6066-11e4-a52e-4f735466cecf":"f.AA659E0CE08D0C76D21A3A5289A8AF5F.d.0829C6E60A7DAEC15CA74F3313BBE55E.e.15086","ELEMENT":"f.AA659E0CE08D0C76D21A3A5289A8AF5F.d.0829C6E60A7DAEC15CA74F3313BBE55E.e.15086"}]}
COMMAND: GET /session/638b8c348501295d6d2539f1a905cf1c/screenshot - {}
RESULT: {}
RESULT: {"script":"<script> [5351 bytes]","args":[{"element-6066-11e4-a52e-4f735466cecf":"f.AA659E0CE08D0C76D21A3A5289A8AF5F.d.0829C6E60A7DAEC15CA74F3313BBE55E.e.15086","ELEMENT":"f.AA659E0CE08D0C76D21A3A5289A8AF5F.d.0829C6E60A7DAEC15CA74F3313BBE55E.e.15086"}]}
COMMAND: POST /session/638b8c348501295d6d2539f1a905cf1c/element/f.AA659E0CE08D0C76D21A3A5289A8AF5F.d.0829C6E60A7DAEC15CA74F3313BBE55E.e.15086/click - {}
COMMAND: GET /session/638b8c348501295d6d2539f1a905cf1c/screenshot - {}
RESULT: {}
RESULT: {}
COMMAND: GET /session/638b8c348501295d6d2539f1a905cf1c/screenshot - {}
RESULT: {}
RESULT: {}
COMMAND: POST /session/638b8c348501295d6d2539f1a905cf1c/actions - {"actions":[{"id":"action55","type":"key","parameters":{},"actions":[{"type":"keyDown","value":"î€‡"},{"type":"pause","duration":10},{"type":"keyUp","value":"î€‡"}]}]}
RESULT: {"actions":[{"id":"action55","type":"key","parameters":{},"actions":[{"type":"keyDown","value":"î€‡"},{"type":"pause","duration":10},{"type":"keyUp","value":"î€‡"}]}]}
COMMAND: GET /session/638b8c348501295d6d2539f1a905cf1c/screenshot - {}
RESULT: {}
COMMAND: POST /session/638b8c348501295d6d2539f1a905cf1c/execute/async - {"script":"<script> [1562 bytes]","args":[{"selector":{"id":"application-manageconditionprice-display-component---newCondition--condBillCond-arrow"},"wdio_ui5_key":"applicationmanageconditionprice-display-component---newCondition--condBillCond-arrow"}]}
RESULT: {"script":"<script> [1562 bytes]","args":[{"selector":{"id":"application-manageconditionprice-display-component---newCondition--condBillCond-arrow"},"wdio_ui5_key":"applicationmanageconditionprice-display-component---newCondition--condBillCond-arrow"}]}
RESULT: undefined
COMMAND: POST /session/638b8c348501295d6d2539f1a905cf1c/element - {"using":"xpath","value":"//*[@id=\"application-manageconditionprice-display-component---newCondition--condBillCond-arrow\"]"}
RESULT: {"using":"xpath","value":"//*[@id=\"application-manageconditionprice-display-component---newCondition--condBillCond-arrow\"]"}
COMMAND: POST /session/638b8c348501295d6d2539f1a905cf1c/element/f.AA659E0CE08D0C76D21A3A5289A8AF5F.d.0829C6E60A7DAEC15CA74F3313BBE55E.e.15267/click - {}
RESULT: {}
COMMAND: GET /session/638b8c348501295d6d2539f1a905cf1c/screenshot - {}
RESULT: {}
COMMAND: POST /session/638b8c348501295d6d2539f1a905cf1c/element - {"using":"xpath","value":"//li[.//span[contains(text(), \"PC06 - Performance Price - fuel\")]]"}
RESULT: {"using":"xpath","value":"//li[.//span[contains(text(), \"PC06 - Performance Price - fuel\")]]"}
COMMAND: POST /session/638b8c348501295d6d2539f1a905cf1c/element/f.AA659E0CE08D0C76D21A3A5289A8AF5F.d.0829C6E60A7DAEC15CA74F3313BBE55E.e.15270/click - {}
RESULT: {}
COMMAND: GET /session/638b8c348501295d6d2539f1a905cf1c/screenshot - {}
RESULT: {}
COMMAND: POST /session/638b8c348501295d6d2539f1a905cf1c/execute/async - {"script":"<script> [1562 bytes]","args":[{"selector":{"id":"application-manageconditionprice-display-component---newCondition--condValidTo","interaction":{"idSuffix":"inner"}},"wdio_ui5_key":"applicationmanageconditionprice-display-component---newCondition--condValidTo"}]}
RESULT: {"script":"<script> [1562 bytes]","args":[{"selector":{"id":"application-manageconditionprice-display-component---newCondition--condValidTo","interaction":{"idSuffix":"inner"}},"wdio_ui5_key":"applicationmanageconditionprice-display-component---newCondition--condValidTo"}]}
RESULT: undefined
COMMAND: POST /session/638b8c348501295d6d2539f1a905cf1c/execute/async - {"script":"<script> [776 bytes]","args":[{"enterText":"01/02/26","selector":{"id":"application-manageconditionprice-display-component---newCondition--condValidTo","interaction":{"idSuffix":"inner"}},"clearTextFirst":true,"interactionType":"ENTER_TEXT"}]}
RESULT: {"script":"<script> [776 bytes]","args":[{"enterText":"01/02/26","selector":{"id":"application-manageconditionprice-display-component---newCondition--condValidTo","interaction":{"idSuffix":"inner"}},"clearTextFirst":true,"interactionType":"ENTER_TEXT"}]}
COMMAND: POST /session/638b8c348501295d6d2539f1a905cf1c/element - {"using":"xpath","value":"//input[@id=\"application-manageconditionprice-display-component---newCondition--condRU-inner\"]"}
RESULT: {"using":"xpath","value":"//input[@id=\"application-manageconditionprice-display-component---newCondition--condRU-inner\"]"}
COMMAND: POST /session/638b8c348501295d6d2539f1a905cf1c/element/f.AA659E0CE08D0C76D21A3A5289A8AF5F.d.0829C6E60A7DAEC15CA74F3313BBE55E.e.15131/clear - {}
RESULT: {}
COMMAND: POST /session/638b8c348501295d6d2539f1a905cf1c/element/f.AA659E0CE08D0C76D21A3A5289A8AF5F.d.0829C6E60A7DAEC15CA74F3313BBE55E.e.15131/value - {"text":"A5KFYYRu1u"}
COMMAND: GET /session/638b8c348501295d6d2539f1a905cf1c/screenshot - {}
RESULT: {"text":"A5KFYYRu1u"}
COMMAND: GET /session/638b8c348501295d6d2539f1a905cf1c/screenshot - {}
RESULT: {}
RESULT: {}
COMMAND: POST /session/638b8c348501295d6d2539f1a905cf1c/actions - {"actions":[{"id":"action56","type":"key","parameters":{},"actions":[{"type":"keyDown","value":"î€‡"},{"type":"pause","duration":10},{"type":"keyUp","value":"î€‡"}]}]}
RESULT: {"actions":[{"id":"action56","type":"key","parameters":{},"actions":[{"type":"keyDown","value":"î€‡"},{"type":"pause","duration":10},{"type":"keyUp","value":"î€‡"}]}]}
COMMAND: POST /session/638b8c348501295d6d2539f1a905cf1c/execute/async - {"script":"<script> [1562 bytes]","args":[{"selector":{"id":"application-manageconditionprice-display-component---newCondition--condBaseQty","interaction":{"idSuffix":"inner"}},"wdio_ui5_key":"applicationmanageconditionprice-display-component---newCondition--condBaseQty"}]}
COMMAND: GET /session/638b8c348501295d6d2539f1a905cf1c/screenshot - {}
RESULT: {"script":"<script> [1562 bytes]","args":[{"selector":{"id":"application-manageconditionprice-display-component---newCondition--condBaseQty","interaction":{"idSuffix":"inner"}},"wdio_ui5_key":"applicationmanageconditionprice-display-component---newCondition--condBaseQty"}]}
RESULT: undefined
COMMAND: POST /session/638b8c348501295d6d2539f1a905cf1c/execute/async - {"script":"<script> [776 bytes]","args":[{"enterText":"1","selector":{"id":"application-manageconditionprice-display-component---newCondition--condBaseQty","interaction":{"idSuffix":"inner"}},"clearTextFirst":true,"interactionType":"ENTER_TEXT"}]}
RESULT: {}
RESULT: {"script":"<script> [776 bytes]","args":[{"enterText":"1","selector":{"id":"application-manageconditionprice-display-component---newCondition--condBaseQty","interaction":{"idSuffix":"inner"}},"clearTextFirst":true,"interactionType":"ENTER_TEXT"}]}
COMMAND: POST /session/638b8c348501295d6d2539f1a905cf1c/execute/async - {"script":"<script> [1562 bytes]","args":[{"selector":{"id":"application-manageconditionprice-display-component---newCondition--condValue","interaction":{"idSuffix":"inner"}},"wdio_ui5_key":"applicationmanageconditionprice-display-component---newCondition--condValue"}]}
RESULT: {"script":"<script> [1562 bytes]","args":[{"selector":{"id":"application-manageconditionprice-display-component---newCondition--condValue","interaction":{"idSuffix":"inner"}},"wdio_ui5_key":"applicationmanageconditionprice-display-component---newCondition--condValue"}]}
RESULT: undefined
COMMAND: POST /session/638b8c348501295d6d2539f1a905cf1c/execute/async - {"script":"<script> [776 bytes]","args":[{"enterText":"10","selector":{"id":"application-manageconditionprice-display-component---newCondition--condValue","interaction":{"idSuffix":"inner"}},"clearTextFirst":true,"interactionType":"ENTER_TEXT"}]}
RESULT: {"script":"<script> [776 bytes]","args":[{"enterText":"10","selector":{"id":"application-manageconditionprice-display-component---newCondition--condValue","interaction":{"idSuffix":"inner"}},"clearTextFirst":true,"interactionType":"ENTER_TEXT"}]}
COMMAND: POST /session/638b8c348501295d6d2539f1a905cf1c/execute/async - {"script":"<script> [1562 bytes]","args":[{"selector":{"id":"application-manageconditionprice-display-component---newCondition--condCurr-arrow"},"wdio_ui5_key":"applicationmanageconditionprice-display-component---newCondition--condCurr-arrow"}]}
RESULT: {"script":"<script> [1562 bytes]","args":[{"selector":{"id":"application-manageconditionprice-display-component---newCondition--condCurr-arrow"},"wdio_ui5_key":"applicationmanageconditionprice-display-component---newCondition--condCurr-arrow"}]}
RESULT: undefined
COMMAND: POST /session/638b8c348501295d6d2539f1a905cf1c/element - {"using":"xpath","value":"//*[@id=\"application-manageconditionprice-display-component---newCondition--condCurr-arrow\"]"}
RESULT: {"using":"xpath","value":"//*[@id=\"application-manageconditionprice-display-component---newCondition--condCurr-arrow\"]"}
COMMAND: POST /session/638b8c348501295d6d2539f1a905cf1c/element/f.AA659E0CE08D0C76D21A3A5289A8AF5F.d.0829C6E60A7DAEC15CA74F3313BBE55E.e.15232/click - {}
RESULT: {}
COMMAND: POST /session/638b8c348501295d6d2539f1a905cf1c/element - {"using":"xpath","value":"//span[contains(text(), \"Euro\")]"}
COMMAND: GET /session/638b8c348501295d6d2539f1a905cf1c/screenshot - {}
RESULT: {"using":"xpath","value":"//span[contains(text(), \"Euro\")]"}
COMMAND: POST /session/638b8c348501295d6d2539f1a905cf1c/element/f.AA659E0CE08D0C76D21A3A5289A8AF5F.d.0829C6E60A7DAEC15CA74F3313BBE55E.e.15307/click - {}
RESULT: {}
RESULT: {}
COMMAND: POST /session/638b8c348501295d6d2539f1a905cf1c/element - {"using":"xpath","value":"//button[@data-kt=\"saveButton\"]"}
COMMAND: GET /session/638b8c348501295d6d2539f1a905cf1c/screenshot - {}
RESULT: {"using":"xpath","value":"//button[@data-kt=\"saveButton\"]"}
COMMAND: POST /session/638b8c348501295d6d2539f1a905cf1c/element/f.AA659E0CE08D0C76D21A3A5289A8AF5F.d.0829C6E60A7DAEC15CA74F3313BBE55E.e.15233/click - {}
RESULT: {}
RESULT: {}
COMMAND: GET /session/638b8c348501295d6d2539f1a905cf1c/screenshot - {}
RESULT: {}
COMMAND: POST /session/638b8c348501295d6d2539f1a905cf1c/execute/async - {"script":"<script> [1562 bytes]","args":[{"selector":{"id":"application-manageconditionprice-display-component---conditions--smartFilterBar-btnBasicSearch","interaction":{"idSuffix":"I"}},"wdio_ui5_key":"applicationmanageconditionprice-display-component---conditions--smartFilterBar-btnBasicSearch"}]}
RESULT: {"script":"<script> [1562 bytes]","args":[{"selector":{"id":"application-manageconditionprice-display-component---conditions--smartFilterBar-btnBasicSearch","interaction":{"idSuffix":"I"}},"wdio_ui5_key":"applicationmanageconditionprice-display-component---conditions--smartFilterBar-btnBasicSearch"}]}
RESULT: undefined
COMMAND: POST /session/638b8c348501295d6d2539f1a905cf1c/execute/async - {"script":"<script> [776 bytes]","args":[{"enterText":"A5KFYYRu1u","selector":{"id":"application-manageconditionprice-display-component---conditions--smartFilterBar-btnBasicSearch","interaction":{"idSuffix":"I"}},"clearTextFirst":true,"interactionType":"ENTER_TEXT"}]}
RESULT: {"script":"<script> [776 bytes]","args":[{"enterText":"A5KFYYRu1u","selector":{"id":"application-manageconditionprice-display-component---conditions--smartFilterBar-btnBasicSearch","interaction":{"idSuffix":"I"}},"clearTextFirst":true,"interactionType":"ENTER_TEXT"}]}
COMMAND: POST /session/638b8c348501295d6d2539f1a905cf1c/actions - {"actions":[{"id":"action57","type":"key","parameters":{},"actions":[{"type":"keyDown","value":"î€‡"},{"type":"pause","duration":10},{"type":"keyUp","value":"î€‡"}]}]}
RESULT: {"actions":[{"id":"action57","type":"key","parameters":{},"actions":[{"type":"keyDown","value":"î€‡"},{"type":"pause","duration":10},{"type":"keyUp","value":"î€‡"}]}]}
COMMAND: GET /session/638b8c348501295d6d2539f1a905cf1c/screenshot - {}
RESULT: {}
COMMAND: POST /session/638b8c348501295d6d2539f1a905cf1c/execute/async - {"script":"<script> [1562 bytes]","args":[{"selector":{"id":"application-manageconditionprice-display-component---conditions--smartFilterBar-filterItemControl_BASIC-BILL_TYPES-vhi"},"wdio_ui5_key":"applicationmanageconditionprice-display-component---conditions--smartFilterBar-filterItemControl_BASIC-BILL_TYPES-vhi"}]}
RESULT: {"script":"<script> [1562 bytes]","args":[{"selector":{"id":"application-manageconditionprice-display-component---conditions--smartFilterBar-filterItemControl_BASIC-BILL_TYPES-vhi"},"wdio_ui5_key":"applicationmanageconditionprice-display-component---conditions--smartFilterBar-filterItemControl_BASIC-BILL_TYPES-vhi"}]}
RESULT: undefined
COMMAND: POST /session/638b8c348501295d6d2539f1a905cf1c/element - {"using":"xpath","value":"//*[@id=\"application-manageconditionprice-display-component---conditions--smartFilterBar-filterItemControl_BASIC-BILL_TYPES-vhi\"]"}
RESULT: {"using":"xpath","value":"//*[@id=\"application-manageconditionprice-display-component---conditions--smartFilterBar-filterItemControl_BASIC-BILL_TYPES-vhi\"]"}
COMMAND: POST /session/638b8c348501295d6d2539f1a905cf1c/element/f.AA659E0CE08D0C76D21A3A5289A8AF5F.d.0829C6E60A7DAEC15CA74F3313BBE55E.e.15403/click - {}
RESULT: {}
COMMAND: POST /session/638b8c348501295d6d2539f1a905cf1c/execute/async - {"script":"<script> [1562 bytes]","args":[{"selector":{"id":"application-manageconditionprice-display-component---conditions--smartFilterBar-filterItemControl_BASIC-BILL_TYPES-valueHelpDialog-smartFilterBar-btnBasicSearch","searchOpenDialogs":true,"interaction":{"idSuffix":"I"}},"wdio_ui5_key":"applicationmanageconditionprice-display-component---conditions--smartFilterBar-filterItemControl_BASIC-BILL_TYPES-valueHelpDialog-smartFilterBar-btnBasicSearch"}]}
COMMAND: GET /session/638b8c348501295d6d2539f1a905cf1c/screenshot - {}
RESULT: {"script":"<script> [1562 bytes]","args":[{"selector":{"id":"application-manageconditionprice-display-component---conditions--smartFilterBar-filterItemControl_BASIC-BILL_TYPES-valueHelpDialog-smartFilterBar-btnBasicSearch","searchOpenDialogs":true,"interaction":{"idSuffix":"I"}},"wdio_ui5_key":"applicationmanageconditionprice-display-component---conditions--smartFilterBar-filterItemControl_BASIC-BILL_TYPES-valueHelpDialog-smartFilterBar-btnBasicSearch"}]}
RESULT: undefined
COMMAND: POST /session/638b8c348501295d6d2539f1a905cf1c/execute/async - {"script":"<script> [776 bytes]","args":[{"enterText":"PB","selector":{"id":"application-manageconditionprice-display-component---conditions--smartFilterBar-filterItemControl_BASIC-BILL_TYPES-valueHelpDialog-smartFilterBar-btnBasicSearch","searchOpenDialogs":true,"interaction":{"idSuffix":"I"}},"clearTextFirst":true,"interactionType":"ENTER_TEXT"}]}
RESULT: {}
RESULT: {"script":"<script> [776 bytes]","args":[{"enterText":"PB","selector":{"id":"application-manageconditionprice-display-component---conditions--smartFilterBar-filterItemControl_BASIC-BILL_TYPES-valueHelpDialog-smartFilterBar-btnBasicSearch","searchOpenDialogs":true,"interaction":{"idSuffix":"I"}},"clearTextFirst":true,"interactionType":"ENTER_TEXT"}]}
COMMAND: POST /session/638b8c348501295d6d2539f1a905cf1c/actions - {"actions":[{"id":"action58","type":"key","parameters":{},"actions":[{"type":"keyDown","value":"î€‡"},{"type":"pause","duration":10},{"type":"keyUp","value":"î€‡"}]}]}
RESULT: {"actions":[{"id":"action58","type":"key","parameters":{},"actions":[{"type":"keyDown","value":"î€‡"},{"type":"pause","duration":10},{"type":"keyUp","value":"î€‡"}]}]}
COMMAND: GET /session/638b8c348501295d6d2539f1a905cf1c/screenshot - {}
RESULT: {}
COMMAND: POST /session/638b8c348501295d6d2539f1a905cf1c/element - {"using":"xpath","value":"//div[contains(@id, 'application-manageconditionprice-display-component---conditions--smartFilterBar-filterItemControl_BASIC-BILL_TYPES-valueHelpDialog-table-rowsel0')]"}
RESULT: {"using":"xpath","value":"//div[contains(@id, 'application-manageconditionprice-display-component---conditions--smartFilterBar-filterItemControl_BASIC-BILL_TYPES-valueHelpDialog-table-rowsel0')]"}
COMMAND: POST /session/638b8c348501295d6d2539f1a905cf1c/element/f.AA659E0CE08D0C76D21A3A5289A8AF5F.d.0829C6E60A7DAEC15CA74F3313BBE55E.e.15413/click - {}
RESULT: {}
COMMAND: GET /session/638b8c348501295d6d2539f1a905cf1c/screenshot - {}
RESULT: {}
COMMAND: POST /session/638b8c348501295d6d2539f1a905cf1c/element - {"using":"xpath","value":"//bdi[contains(text(), \"OK\")]"}
RESULT: {"using":"xpath","value":"//bdi[contains(text(), \"OK\")]"}
COMMAND: POST /session/638b8c348501295d6d2539f1a905cf1c/element/f.AA659E0CE08D0C76D21A3A5289A8AF5F.d.0829C6E60A7DAEC15CA74F3313BBE55E.e.15415/click - {}
RESULT: {}
COMMAND: GET /session/638b8c348501295d6d2539f1a905cf1c/screenshot - {}
RESULT: {}
COMMAND: POST /session/638b8c348501295d6d2539f1a905cf1c/element - {"using":"xpath","value":"//span[@id=\"application-manageconditionprice-display-component---conditions--smartTable-header-inner\"]"}
RESULT: {"using":"xpath","value":"//span[@id=\"application-manageconditionprice-display-component---conditions--smartTable-header-inner\"]"}
COMMAND: POST /session/638b8c348501295d6d2539f1a905cf1c/elements - {"using":"xpath","value":"//span[@id=\"application-manageconditionprice-display-component---conditions--smartTable-header-inner\"]"}
RESULT: {"using":"xpath","value":"//span[@id=\"application-manageconditionprice-display-component---conditions--smartTable-header-inner\"]"}
COMMAND: POST /session/638b8c348501295d6d2539f1a905cf1c/execute/sync - {"script":"<script> [56 bytes]","args":[{"element-6066-11e4-a52e-4f735466cecf":"f.AA659E0CE08D0C76D21A3A5289A8AF5F.d.0829C6E60A7DAEC15CA74F3313BBE55E.e.15418","ELEMENT":"f.AA659E0CE08D0C76D21A3A5289A8AF5F.d.0829C6E60A7DAEC15CA74F3313BBE55E.e.15418"}]}
RESULT: {"script":"<script> [56 bytes]","args":[{"element-6066-11e4-a52e-4f735466cecf":"f.AA659E0CE08D0C76D21A3A5289A8AF5F.d.0829C6E60A7DAEC15CA74F3313BBE55E.e.15418","ELEMENT":"f.AA659E0CE08D0C76D21A3A5289A8AF5F.d.0829C6E60A7DAEC15CA74F3313BBE55E.e.15418"}]}
COMMAND: POST /session/638b8c348501295d6d2539f1a905cf1c/element - {"using":"css selector","value":"#shell-header-logo"}
COMMAND: GET /session/638b8c348501295d6d2539f1a905cf1c/screenshot - {}
RESULT: {"using":"css selector","value":"#shell-header-logo"}
COMMAND: POST /session/638b8c348501295d6d2539f1a905cf1c/element/f.AA659E0CE08D0C76D21A3A5289A8AF5F.d.0829C6E60A7DAEC15CA74F3313BBE55E.e.15054/click - {}
RESULT: {}
RESULT: {}
COMMAND: GET /session/638b8c348501295d6d2539f1a905cf1c/screenshot - {}
RESULT: {}
]]></system-out>
    </testcase>
    <testcase classname="chrome.135_0_7049_96.windows.Performance_based_billing_(work_days)_US139742" name="Should add a counter to the equipment" time="63.741">
      <system-out><![CDATA[
RESULT: undefined
COMMAND: POST /session/638b8c348501295d6d2539f1a905cf1c/element - {"using":"xpath","value":"//*[@id=\"__tile39\"]"}
RESULT: {"using":"xpath","value":"//*[@id=\"__tile39\"]"}
COMMAND: POST /session/638b8c348501295d6d2539f1a905cf1c/element/f.AA659E0CE08D0C76D21A3A5289A8AF5F.d.0829C6E60A7DAEC15CA74F3313BBE55E.e.14161/click - {}
RESULT: {}
COMMAND: POST /session/638b8c348501295d6d2539f1a905cf1c/execute/async - {"script":"<script> [1562 bytes]","args":[{"selector":{"id":"application-manageresources-display-component---masterRU--smartFilterBar-btnBasicSearch","interaction":{"idSuffix":"I"}},"wdio_ui5_key":"applicationmanageresources-display-component---masterRU--smartFilterBar-btnBasicSearch"}]}
COMMAND: GET /session/638b8c348501295d6d2539f1a905cf1c/screenshot - {}
RESULT: {"script":"<script> [1562 bytes]","args":[{"selector":{"id":"application-manageresources-display-component---masterRU--smartFilterBar-btnBasicSearch","interaction":{"idSuffix":"I"}},"wdio_ui5_key":"applicationmanageresources-display-component---masterRU--smartFilterBar-btnBasicSearch"}]}
RESULT: undefined
COMMAND: POST /session/638b8c348501295d6d2539f1a905cf1c/execute/async - {"script":"<script> [776 bytes]","args":[{"enterText":"A5KFYYRu1u","selector":{"id":"application-manageresources-display-component---masterRU--smartFilterBar-btnBasicSearch","interaction":{"idSuffix":"I"}},"clearTextFirst":true,"interactionType":"ENTER_TEXT"}]}
RESULT: {}
RESULT: {"script":"<script> [776 bytes]","args":[{"enterText":"A5KFYYRu1u","selector":{"id":"application-manageresources-display-component---masterRU--smartFilterBar-btnBasicSearch","interaction":{"idSuffix":"I"}},"clearTextFirst":true,"interactionType":"ENTER_TEXT"}]}
COMMAND: POST /session/638b8c348501295d6d2539f1a905cf1c/actions - {"actions":[{"id":"action59","type":"key","parameters":{},"actions":[{"type":"keyDown","value":"î€‡"},{"type":"pause","duration":10},{"type":"keyUp","value":"î€‡"}]}]}
RESULT: {"actions":[{"id":"action59","type":"key","parameters":{},"actions":[{"type":"keyDown","value":"î€‡"},{"type":"pause","duration":10},{"type":"keyUp","value":"î€‡"}]}]}
COMMAND: GET /session/638b8c348501295d6d2539f1a905cf1c/screenshot - {}
RESULT: {}
COMMAND: POST /session/638b8c348501295d6d2539f1a905cf1c/execute/async - {"script":"<script> [1562 bytes]","args":[{"selector":{"id":"application-manageresources-display-component---masterRU--smartTable-header"},"wdio_ui5_key":"applicationmanageresources-display-component---masterRU--smartTable-header"}]}
RESULT: {"script":"<script> [1562 bytes]","args":[{"selector":{"id":"application-manageresources-display-component---masterRU--smartTable-header"},"wdio_ui5_key":"applicationmanageresources-display-component---masterRU--smartTable-header"}]}
RESULT: undefined
COMMAND: POST /session/638b8c348501295d6d2539f1a905cf1c/execute/async - {"script":"<script> [6424 bytes]","args":[{"element-6066-11e4-a52e-4f735466cecf":"f.AA659E0CE08D0C76D21A3A5289A8AF5F.d.0829C6E60A7DAEC15CA74F3313BBE55E.e.15618"},"getText",[]]}
RESULT: {"script":"<script> [6424 bytes]","args":[{"element-6066-11e4-a52e-4f735466cecf":"f.AA659E0CE08D0C76D21A3A5289A8AF5F.d.0829C6E60A7DAEC15CA74F3313BBE55E.e.15618"},"getText",[]]}
COMMAND: POST /session/638b8c348501295d6d2539f1a905cf1c/execute/async - {"script":"<script> [1562 bytes]","args":[{"selector":{"controlType":"sap.ui.core.Icon","viewName":"etm.portal.ui.manageresources.view.Master","viewId":"application-manageresources-display-component---masterRU","properties":{"src":{"regex":{"source":"slim\\-arrow\\-right"}}}},"wdio_ui5_key":"etmportal.ui.manageresources.view.Mastersap.ui.core.Icon{\"src\":{\"regex\":{\"source\":\"slim\\\\-arrow\\\\-right\"}}}"}]}
RESULT: {"script":"<script> [1562 bytes]","args":[{"selector":{"controlType":"sap.ui.core.Icon","viewName":"etm.portal.ui.manageresources.view.Master","viewId":"application-manageresources-display-component---masterRU","properties":{"src":{"regex":{"source":"slim\\-arrow\\-right"}}}},"wdio_ui5_key":"etmportal.ui.manageresources.view.Mastersap.ui.core.Icon{\"src\":{\"regex\":{\"source\":\"slim\\\\-arrow\\\\-right\"}}}"}]}
RESULT: undefined
COMMAND: POST /session/638b8c348501295d6d2539f1a905cf1c/element - {"using":"xpath","value":"//*[@id=\"__item1113-__clone2919-imgNav\"]"}
RESULT: {"using":"xpath","value":"//*[@id=\"__item1113-__clone2919-imgNav\"]"}
COMMAND: POST /session/638b8c348501295d6d2539f1a905cf1c/element/f.AA659E0CE08D0C76D21A3A5289A8AF5F.d.0829C6E60A7DAEC15CA74F3313BBE55E.e.15617/click - {}
RESULT: {}
COMMAND: GET /session/638b8c348501295d6d2539f1a905cf1c/screenshot - {}
COMMAND: POST /session/638b8c348501295d6d2539f1a905cf1c/element - {"using":"xpath","value":"//bdi[contains(text(), \"Edit\")]"}
RESULT: {}
RESULT: {"using":"xpath","value":"//bdi[contains(text(), \"Edit\")]"}
COMMAND: POST /session/638b8c348501295d6d2539f1a905cf1c/execute/sync - {"script":"<script> [8489 bytes]","args":[{"element-6066-11e4-a52e-4f735466cecf":"f.AA659E0CE08D0C76D21A3A5289A8AF5F.d.0829C6E60A7DAEC15CA74F3313BBE55E.e.15713","ELEMENT":"f.AA659E0CE08D0C76D21A3A5289A8AF5F.d.0829C6E60A7DAEC15CA74F3313BBE55E.e.15713"}]}
RESULT: {"script":"<script> [8489 bytes]","args":[{"element-6066-11e4-a52e-4f735466cecf":"f.AA659E0CE08D0C76D21A3A5289A8AF5F.d.0829C6E60A7DAEC15CA74F3313BBE55E.e.15713","ELEMENT":"f.AA659E0CE08D0C76D21A3A5289A8AF5F.d.0829C6E60A7DAEC15CA74F3313BBE55E.e.15713"}]}
COMMAND: POST /session/638b8c348501295d6d2539f1a905cf1c/element/f.AA659E0CE08D0C76D21A3A5289A8AF5F.d.0829C6E60A7DAEC15CA74F3313BBE55E.e.15713/click - {}
COMMAND: GET /session/638b8c348501295d6d2539f1a905cf1c/screenshot - {}
RESULT: {}
COMMAND: GET /session/638b8c348501295d6d2539f1a905cf1c/screenshot - {}
RESULT: {}
RESULT: {}
COMMAND: POST /session/638b8c348501295d6d2539f1a905cf1c/execute/async - {"script":"<script> [1562 bytes]","args":[{"selector":{"id":"application-manageresources-display-component---editResource--editRruPage-anchBar-application-manageresources-display-component---editResource--counters-anchor","interaction":{"idSuffix":"BDI-content"}},"wdio_ui5_key":"applicationmanageresources-display-component---editResource--editRruPage-anchBar-application-manageresources-display-component---editResource--counters-anchor"}]}
RESULT: {"script":"<script> [1562 bytes]","args":[{"selector":{"id":"application-manageresources-display-component---editResource--editRruPage-anchBar-application-manageresources-display-component---editResource--counters-anchor","interaction":{"idSuffix":"BDI-content"}},"wdio_ui5_key":"applicationmanageresources-display-component---editResource--editRruPage-anchBar-application-manageresources-display-component---editResource--counters-anchor"}]}
RESULT: undefined
COMMAND: POST /session/638b8c348501295d6d2539f1a905cf1c/element - {"using":"xpath","value":"//*[@id=\"application-manageresources-display-component---editResource--editRruPage-anchBar-application-manageresources-display-component---editResource--counters-anchor\"]"}
RESULT: {"using":"xpath","value":"//*[@id=\"application-manageresources-display-component---editResource--editRruPage-anchBar-application-manageresources-display-component---editResource--counters-anchor\"]"}
COMMAND: POST /session/638b8c348501295d6d2539f1a905cf1c/element/f.AA659E0CE08D0C76D21A3A5289A8AF5F.d.0829C6E60A7DAEC15CA74F3313BBE55E.e.15882/click - {}
RESULT: {}
COMMAND: GET /session/638b8c348501295d6d2539f1a905cf1c/screenshot - {}
RESULT: {}
COMMAND: POST /session/638b8c348501295d6d2539f1a905cf1c/execute/async - {"script":"<script> [1562 bytes]","args":[{"selector":{"id":"application-manageresources-display-component---editResource--btnAddCounter-img"},"wdio_ui5_key":"applicationmanageresources-display-component---editResource--btnAddCounter-img"}]}
RESULT: {"script":"<script> [1562 bytes]","args":[{"selector":{"id":"application-manageresources-display-component---editResource--btnAddCounter-img"},"wdio_ui5_key":"applicationmanageresources-display-component---editResource--btnAddCounter-img"}]}
RESULT: undefined
COMMAND: POST /session/638b8c348501295d6d2539f1a905cf1c/element - {"using":"xpath","value":"//*[@id=\"application-manageresources-display-component---editResource--btnAddCounter-img\"]"}
RESULT: {"using":"xpath","value":"//*[@id=\"application-manageresources-display-component---editResource--btnAddCounter-img\"]"}
COMMAND: POST /session/638b8c348501295d6d2539f1a905cf1c/element/f.AA659E0CE08D0C76D21A3A5289A8AF5F.d.0829C6E60A7DAEC15CA74F3313BBE55E.e.15887/click - {}
RESULT: {}
COMMAND: POST /session/638b8c348501295d6d2539f1a905cf1c/execute/async - {"script":"<script> [1562 bytes]","args":[{"selector":{"id":"application-manageresources-display-component---editResource--COUNTER_ID-application-manageresources-display-component---editResource--RUCounters-0-arrow"},"wdio_ui5_key":"applicationmanageresources-display-component---editResource--COUNTER_ID-application-manageresources-display-component---editResource--RUCounters-0-arrow"}]}
COMMAND: GET /session/638b8c348501295d6d2539f1a905cf1c/screenshot - {}
RESULT: {"script":"<script> [1562 bytes]","args":[{"selector":{"id":"application-manageresources-display-component---editResource--COUNTER_ID-application-manageresources-display-component---editResource--RUCounters-0-arrow"},"wdio_ui5_key":"applicationmanageresources-display-component---editResource--COUNTER_ID-application-manageresources-display-component---editResource--RUCounters-0-arrow"}]}
RESULT: undefined
COMMAND: POST /session/638b8c348501295d6d2539f1a905cf1c/element - {"using":"xpath","value":"//*[@id=\"application-manageresources-display-component---editResource--COUNTER_ID-application-manageresources-display-component---editResource--RUCounters-0-arrow\"]"}
RESULT: {}
RESULT: {"using":"xpath","value":"//*[@id=\"application-manageresources-display-component---editResource--COUNTER_ID-application-manageresources-display-component---editResource--RUCounters-0-arrow\"]"}
COMMAND: POST /session/638b8c348501295d6d2539f1a905cf1c/element/f.AA659E0CE08D0C76D21A3A5289A8AF5F.d.0829C6E60A7DAEC15CA74F3313BBE55E.e.15900/click - {}
RESULT: {}
COMMAND: POST /session/638b8c348501295d6d2539f1a905cf1c/execute/async - {"script":"<script> [1562 bytes]","args":[{"selector":{"controlType":"sap.m.StandardListItem","viewName":"etm.portal.ui.manageresources.view.EditResource","viewId":"application-manageresources-display-component---editResource","properties":{"title":"fuel"},"searchOpenDialogs":true,"interaction":{"idSuffix":"content"}},"wdio_ui5_key":"etmportal.ui.manageresources.view.EditResourcesap.m.StandardListItem{\"title\":\"fuel\"}"}]}
COMMAND: GET /session/638b8c348501295d6d2539f1a905cf1c/screenshot - {}
RESULT: {"script":"<script> [1562 bytes]","args":[{"selector":{"controlType":"sap.m.StandardListItem","viewName":"etm.portal.ui.manageresources.view.EditResource","viewId":"application-manageresources-display-component---editResource","properties":{"title":"fuel"},"searchOpenDialogs":true,"interaction":{"idSuffix":"content"}},"wdio_ui5_key":"etmportal.ui.manageresources.view.EditResourcesap.m.StandardListItem{\"title\":\"fuel\"}"}]}
RESULT: undefined
COMMAND: POST /session/638b8c348501295d6d2539f1a905cf1c/element - {"using":"xpath","value":"//*[@id=\"__item1418\"]"}
RESULT: {}
RESULT: {"using":"xpath","value":"//*[@id=\"__item1418\"]"}
COMMAND: POST /session/638b8c348501295d6d2539f1a905cf1c/element/f.AA659E0CE08D0C76D21A3A5289A8AF5F.d.0829C6E60A7DAEC15CA74F3313BBE55E.e.15902/click - {}
RESULT: {}
COMMAND: POST /session/638b8c348501295d6d2539f1a905cf1c/execute/async - {"script":"<script> [1562 bytes]","args":[{"selector":{"controlType":"sap.m.Button","viewName":"etm.portal.ui.manageresources.view.EditResource","viewId":"application-manageresources-display-component---editResource","i18NText":{"propertyName":"text","key":"save"},"interaction":{"idSuffix":"BDI-content"}},"wdio_ui5_key":"etmportal.ui.manageresources.view.EditResourcesap.m.Button{\"propertyName\":\"text\",\"key\":\"save\"}"}]}
COMMAND: GET /session/638b8c348501295d6d2539f1a905cf1c/screenshot - {}
RESULT: {"script":"<script> [1562 bytes]","args":[{"selector":{"controlType":"sap.m.Button","viewName":"etm.portal.ui.manageresources.view.EditResource","viewId":"application-manageresources-display-component---editResource","i18NText":{"propertyName":"text","key":"save"},"interaction":{"idSuffix":"BDI-content"}},"wdio_ui5_key":"etmportal.ui.manageresources.view.EditResourcesap.m.Button{\"propertyName\":\"text\",\"key\":\"save\"}"}]}
RESULT: undefined
COMMAND: POST /session/638b8c348501295d6d2539f1a905cf1c/element - {"using":"xpath","value":"//*[@id=\"__button183\"]"}
RESULT: {}
RESULT: {"using":"xpath","value":"//*[@id=\"__button183\"]"}
COMMAND: POST /session/638b8c348501295d6d2539f1a905cf1c/element/f.AA659E0CE08D0C76D21A3A5289A8AF5F.d.0829C6E60A7DAEC15CA74F3313BBE55E.e.15904/click - {}
RESULT: {}
COMMAND: GET /session/638b8c348501295d6d2539f1a905cf1c/screenshot - {}
RESULT: {}
COMMAND: POST /session/638b8c348501295d6d2539f1a905cf1c/element - {"using":"css selector","value":"#shell-header-logo"}
RESULT: {"using":"css selector","value":"#shell-header-logo"}
COMMAND: POST /session/638b8c348501295d6d2539f1a905cf1c/element/f.AA659E0CE08D0C76D21A3A5289A8AF5F.d.0829C6E60A7DAEC15CA74F3313BBE55E.e.15424/click - {}
RESULT: {}
COMMAND: GET /session/638b8c348501295d6d2539f1a905cf1c/screenshot - {}
RESULT: {}
]]></system-out>
    </testcase>
    <testcase classname="chrome.135_0_7049_96.windows.Performance_based_billing_(work_days)_US139742" name="Should do a stock increase on the yard for the equipment" time="96.243">
      <system-out><![CDATA[
COMMAND: POST /session/638b8c348501295d6d2539f1a905cf1c/execute/async - {"script":"<script> [1562 bytes]","args":[{"selector":{"controlType":"sap.m.Text","viewName":"etm.portal.ui.managehandoverstile.view.Master","properties":{"text":"Manage Handovers"},"interaction":{"idSuffix":"inner"}},"wdio_ui5_key":"etmportal.ui.managehandoverstile.view.Mastersap.m.Text{\"text\":\"Manage Handovers\"}"}]}
RESULT: {"script":"<script> [1562 bytes]","args":[{"selector":{"controlType":"sap.m.Text","viewName":"etm.portal.ui.managehandoverstile.view.Master","properties":{"text":"Manage Handovers"},"interaction":{"idSuffix":"inner"}},"wdio_ui5_key":"etmportal.ui.managehandoverstile.view.Mastersap.m.Text{\"text\":\"Manage Handovers\"}"}]}
RESULT: undefined
COMMAND: POST /session/638b8c348501295d6d2539f1a905cf1c/element - {"using":"xpath","value":"//*[@id=\"__tile131-title\"]"}
RESULT: {"using":"xpath","value":"//*[@id=\"__tile131-title\"]"}
COMMAND: POST /session/638b8c348501295d6d2539f1a905cf1c/element/f.AA659E0CE08D0C76D21A3A5289A8AF5F.d.0829C6E60A7DAEC15CA74F3313BBE55E.e.15912/click - {}
RESULT: {}
COMMAND: POST /session/638b8c348501295d6d2539f1a905cf1c/element - {"using":"xpath","value":"//button[@data-kt=\"masterHOAddButton\"]"}
COMMAND: GET /session/638b8c348501295d6d2539f1a905cf1c/screenshot - {}
RESULT: {"using":"xpath","value":"//button[@data-kt=\"masterHOAddButton\"]"}
COMMAND: POST /session/638b8c348501295d6d2539f1a905cf1c/elements - {"using":"xpath","value":"//button[@data-kt=\"masterHOAddButton\"]"}
RESULT: {}
RESULT: {"using":"xpath","value":"//button[@data-kt=\"masterHOAddButton\"]"}
COMMAND: POST /session/638b8c348501295d6d2539f1a905cf1c/elements - {"using":"xpath","value":"//button[@data-kt=\"masterHOAddButton\"]"}
RESULT: {"using":"xpath","value":"//button[@data-kt=\"masterHOAddButton\"]"}
COMMAND: POST /session/638b8c348501295d6d2539f1a905cf1c/elements - {"using":"xpath","value":"//button[@data-kt=\"masterHOAddButton\"]"}
RESULT: {"using":"xpath","value":"//button[@data-kt=\"masterHOAddButton\"]"}
COMMAND: POST /session/638b8c348501295d6d2539f1a905cf1c/elements - {"using":"xpath","value":"//button[@data-kt=\"masterHOAddButton\"]"}
RESULT: {"using":"xpath","value":"//button[@data-kt=\"masterHOAddButton\"]"}
COMMAND: POST /session/638b8c348501295d6d2539f1a905cf1c/elements - {"using":"xpath","value":"//button[@data-kt=\"masterHOAddButton\"]"}
RESULT: {"using":"xpath","value":"//button[@data-kt=\"masterHOAddButton\"]"}
COMMAND: POST /session/638b8c348501295d6d2539f1a905cf1c/elements - {"using":"xpath","value":"//button[@data-kt=\"masterHOAddButton\"]"}
RESULT: {"using":"xpath","value":"//button[@data-kt=\"masterHOAddButton\"]"}
COMMAND: POST /session/638b8c348501295d6d2539f1a905cf1c/elements - {"using":"xpath","value":"//button[@data-kt=\"masterHOAddButton\"]"}
RESULT: {"using":"xpath","value":"//button[@data-kt=\"masterHOAddButton\"]"}
COMMAND: POST /session/638b8c348501295d6d2539f1a905cf1c/element - {"using":"xpath","value":"//button[@data-kt=\"masterHOAddButton\"]"}
RESULT: {"using":"xpath","value":"//button[@data-kt=\"masterHOAddButton\"]"}
COMMAND: POST /session/638b8c348501295d6d2539f1a905cf1c/execute/sync - {"script":"<script> [8489 bytes]","args":[{"element-6066-11e4-a52e-4f735466cecf":"f.AA659E0CE08D0C76D21A3A5289A8AF5F.d.0829C6E60A7DAEC15CA74F3313BBE55E.e.15951","ELEMENT":"f.AA659E0CE08D0C76D21A3A5289A8AF5F.d.0829C6E60A7DAEC15CA74F3313BBE55E.e.15951"}]}
RESULT: {"script":"<script> [8489 bytes]","args":[{"element-6066-11e4-a52e-4f735466cecf":"f.AA659E0CE08D0C76D21A3A5289A8AF5F.d.0829C6E60A7DAEC15CA74F3313BBE55E.e.15951","ELEMENT":"f.AA659E0CE08D0C76D21A3A5289A8AF5F.d.0829C6E60A7DAEC15CA74F3313BBE55E.e.15951"}]}
COMMAND: GET /session/638b8c348501295d6d2539f1a905cf1c/element/f.AA659E0CE08D0C76D21A3A5289A8AF5F.d.0829C6E60A7DAEC15CA74F3313BBE55E.e.15951/enabled - {}
COMMAND: GET /session/638b8c348501295d6d2539f1a905cf1c/screenshot - {}
RESULT: {}
COMMAND: POST /session/638b8c348501295d6d2539f1a905cf1c/execute/sync - {"script":"<script> [8489 bytes]","args":[{"element-6066-11e4-a52e-4f735466cecf":"f.AA659E0CE08D0C76D21A3A5289A8AF5F.d.0829C6E60A7DAEC15CA74F3313BBE55E.e.15951","ELEMENT":"f.AA659E0CE08D0C76D21A3A5289A8AF5F.d.0829C6E60A7DAEC15CA74F3313BBE55E.e.15951"}]}
COMMAND: GET /session/638b8c348501295d6d2539f1a905cf1c/screenshot - {}
RESULT: {}
RESULT: {"script":"<script> [8489 bytes]","args":[{"element-6066-11e4-a52e-4f735466cecf":"f.AA659E0CE08D0C76D21A3A5289A8AF5F.d.0829C6E60A7DAEC15CA74F3313BBE55E.e.15951","ELEMENT":"f.AA659E0CE08D0C76D21A3A5289A8AF5F.d.0829C6E60A7DAEC15CA74F3313BBE55E.e.15951"}]}
COMMAND: POST /session/638b8c348501295d6d2539f1a905cf1c/execute/sync - {"script":"<script> [5351 bytes]","args":[{"element-6066-11e4-a52e-4f735466cecf":"f.AA659E0CE08D0C76D21A3A5289A8AF5F.d.0829C6E60A7DAEC15CA74F3313BBE55E.e.15951","ELEMENT":"f.AA659E0CE08D0C76D21A3A5289A8AF5F.d.0829C6E60A7DAEC15CA74F3313BBE55E.e.15951"}]}
COMMAND: GET /session/638b8c348501295d6d2539f1a905cf1c/screenshot - {}
RESULT: {}
RESULT: {"script":"<script> [5351 bytes]","args":[{"element-6066-11e4-a52e-4f735466cecf":"f.AA659E0CE08D0C76D21A3A5289A8AF5F.d.0829C6E60A7DAEC15CA74F3313BBE55E.e.15951","ELEMENT":"f.AA659E0CE08D0C76D21A3A5289A8AF5F.d.0829C6E60A7DAEC15CA74F3313BBE55E.e.15951"}]}
COMMAND: POST /session/638b8c348501295d6d2539f1a905cf1c/element/f.AA659E0CE08D0C76D21A3A5289A8AF5F.d.0829C6E60A7DAEC15CA74F3313BBE55E.e.15951/click - {}
COMMAND: GET /session/638b8c348501295d6d2539f1a905cf1c/screenshot - {}
RESULT: {}
RESULT: {}
COMMAND: GET /session/638b8c348501295d6d2539f1a905cf1c/screenshot - {}
RESULT: {}
COMMAND: POST /session/638b8c348501295d6d2539f1a905cf1c/element - {"using":"xpath","value":"//span[contains(@id ,\"AddNewHO--typeSelect-arrow\")]"}
RESULT: {}
RESULT: {"using":"xpath","value":"//span[contains(@id ,\"AddNewHO--typeSelect-arrow\")]"}
COMMAND: POST /session/638b8c348501295d6d2539f1a905cf1c/element/f.AA659E0CE08D0C76D21A3A5289A8AF5F.d.0829C6E60A7DAEC15CA74F3313BBE55E.e.16302/click - {}
RESULT: {}
COMMAND: GET /session/638b8c348501295d6d2539f1a905cf1c/screenshot - {}
RESULT: {}
COMMAND: POST /session/638b8c348501295d6d2539f1a905cf1c/element - {"using":"xpath","value":"(//li[contains(text(), \"stock increase yard\")])[1]"}
RESULT: {"using":"xpath","value":"(//li[contains(text(), \"stock increase yard\")])[1]"}
COMMAND: POST /session/638b8c348501295d6d2539f1a905cf1c/element/f.AA659E0CE08D0C76D21A3A5289A8AF5F.d.0829C6E60A7DAEC15CA74F3313BBE55E.e.16303/click - {}
RESULT: {}
COMMAND: GET /session/638b8c348501295d6d2539f1a905cf1c/screenshot - {}
RESULT: {}
COMMAND: POST /session/638b8c348501295d6d2539f1a905cf1c/execute/async - {"script":"<script> [1562 bytes]","args":[{"selector":{"id":"application-managehandovers-display-component---AddNewHO--dueDate","interaction":{"idSuffix":"inner"}},"wdio_ui5_key":"applicationmanagehandovers-display-component---AddNewHO--dueDate"}]}
RESULT: {"script":"<script> [1562 bytes]","args":[{"selector":{"id":"application-managehandovers-display-component---AddNewHO--dueDate","interaction":{"idSuffix":"inner"}},"wdio_ui5_key":"applicationmanagehandovers-display-component---AddNewHO--dueDate"}]}
RESULT: undefined
COMMAND: POST /session/638b8c348501295d6d2539f1a905cf1c/execute/async - {"script":"<script> [6424 bytes]","args":[{"element-6066-11e4-a52e-4f735466cecf":"f.AA659E0CE08D0C76D21A3A5289A8AF5F.d.0829C6E60A7DAEC15CA74F3313BBE55E.e.16307"},"setValue",["05/02/2025"]]}
RESULT: {"script":"<script> [6424 bytes]","args":[{"element-6066-11e4-a52e-4f735466cecf":"f.AA659E0CE08D0C76D21A3A5289A8AF5F.d.0829C6E60A7DAEC15CA74F3313BBE55E.e.16307"},"setValue",["05/02/2025"]]}
COMMAND: POST /session/638b8c348501295d6d2539f1a905cf1c/element - {"using":"xpath","value":"//input[@id=\"generalSectionFrg--receiveYard-inner\"]"}
RESULT: {"using":"xpath","value":"//input[@id=\"generalSectionFrg--receiveYard-inner\"]"}
COMMAND: POST /session/638b8c348501295d6d2539f1a905cf1c/element/f.AA659E0CE08D0C76D21A3A5289A8AF5F.d.0829C6E60A7DAEC15CA74F3313BBE55E.e.16313/clear - {}
RESULT: {}
COMMAND: POST /session/638b8c348501295d6d2539f1a905cf1c/element/f.AA659E0CE08D0C76D21A3A5289A8AF5F.d.0829C6E60A7DAEC15CA74F3313BBE55E.e.16313/value - {"text":"513"}
COMMAND: GET /session/638b8c348501295d6d2539f1a905cf1c/screenshot - {}
RESULT: {"text":"513"}
COMMAND: GET /session/638b8c348501295d6d2539f1a905cf1c/screenshot - {}
RESULT: {}
RESULT: {}
COMMAND: POST /session/638b8c348501295d6d2539f1a905cf1c/element - {"using":"xpath","value":"//li[.//span[text()='513']]"}
RESULT: {"using":"xpath","value":"//li[.//span[text()='513']]"}
COMMAND: POST /session/638b8c348501295d6d2539f1a905cf1c/element/f.AA659E0CE08D0C76D21A3A5289A8AF5F.d.0829C6E60A7DAEC15CA74F3313BBE55E.e.16329/click - {}
RESULT: {}
COMMAND: GET /session/638b8c348501295d6d2539f1a905cf1c/screenshot - {}
RESULT: {}
COMMAND: POST /session/638b8c348501295d6d2539f1a905cf1c/execute/async - {"script":"<script> [1562 bytes]","args":[{"selector":{"id":"application-managehandovers-display-component---AddNewHO--ObjectPageLayout-anchBar-application-managehandovers-display-component---AddNewHO--section4-anchor","interaction":{"idSuffix":"BDI-content"}},"wdio_ui5_key":"applicationmanagehandovers-display-component---AddNewHO--ObjectPageLayout-anchBar-application-managehandovers-display-component---AddNewHO--section4-anchor"}]}
RESULT: {"script":"<script> [1562 bytes]","args":[{"selector":{"id":"application-managehandovers-display-component---AddNewHO--ObjectPageLayout-anchBar-application-managehandovers-display-component---AddNewHO--section4-anchor","interaction":{"idSuffix":"BDI-content"}},"wdio_ui5_key":"applicationmanagehandovers-display-component---AddNewHO--ObjectPageLayout-anchBar-application-managehandovers-display-component---AddNewHO--section4-anchor"}]}
RESULT: undefined
COMMAND: POST /session/638b8c348501295d6d2539f1a905cf1c/element - {"using":"xpath","value":"//*[@id=\"application-managehandovers-display-component---AddNewHO--ObjectPageLayout-anchBar-application-managehandovers-display-component---AddNewHO--section4-anchor\"]"}
RESULT: {"using":"xpath","value":"//*[@id=\"application-managehandovers-display-component---AddNewHO--ObjectPageLayout-anchBar-application-managehandovers-display-component---AddNewHO--section4-anchor\"]"}
COMMAND: POST /session/638b8c348501295d6d2539f1a905cf1c/element/f.AA659E0CE08D0C76D21A3A5289A8AF5F.d.0829C6E60A7DAEC15CA74F3313BBE55E.e.16331/click - {}
RESULT: {}
COMMAND: POST /session/638b8c348501295d6d2539f1a905cf1c/element - {"using":"xpath","value":"//button[@aria-label=\"Add\"]"}
COMMAND: GET /session/638b8c348501295d6d2539f1a905cf1c/screenshot - {}
RESULT: {"using":"xpath","value":"//button[@aria-label=\"Add\"]"}
COMMAND: POST /session/638b8c348501295d6d2539f1a905cf1c/element/f.AA659E0CE08D0C76D21A3A5289A8AF5F.d.0829C6E60A7DAEC15CA74F3313BBE55E.e.16337/click - {}
RESULT: {}
RESULT: {}
COMMAND: GET /session/638b8c348501295d6d2539f1a905cf1c/screenshot - {}
RESULT: {}
COMMAND: POST /session/638b8c348501295d6d2539f1a905cf1c/execute/async - {"script":"<script> [1562 bytes]","args":[{"selector":{"id":"application-managehandovers-display-component---AddNewHO--smartFilterBar-btnBasicSearch","searchOpenDialogs":true,"interaction":{"idSuffix":"I"}},"wdio_ui5_key":"applicationmanagehandovers-display-component---AddNewHO--smartFilterBar-btnBasicSearch"}]}
RESULT: {"script":"<script> [1562 bytes]","args":[{"selector":{"id":"application-managehandovers-display-component---AddNewHO--smartFilterBar-btnBasicSearch","searchOpenDialogs":true,"interaction":{"idSuffix":"I"}},"wdio_ui5_key":"applicationmanagehandovers-display-component---AddNewHO--smartFilterBar-btnBasicSearch"}]}
RESULT: undefined
COMMAND: POST /session/638b8c348501295d6d2539f1a905cf1c/execute/async - {"script":"<script> [776 bytes]","args":[{"enterText":"A5KFYYRu1u","selector":{"id":"application-managehandovers-display-component---AddNewHO--smartFilterBar-btnBasicSearch","searchOpenDialogs":true,"interaction":{"idSuffix":"I"}},"clearTextFirst":true,"interactionType":"ENTER_TEXT"}]}
RESULT: {"script":"<script> [776 bytes]","args":[{"enterText":"A5KFYYRu1u","selector":{"id":"application-managehandovers-display-component---AddNewHO--smartFilterBar-btnBasicSearch","searchOpenDialogs":true,"interaction":{"idSuffix":"I"}},"clearTextFirst":true,"interactionType":"ENTER_TEXT"}]}
COMMAND: POST /session/638b8c348501295d6d2539f1a905cf1c/actions - {"actions":[{"id":"action60","type":"key","parameters":{},"actions":[{"type":"keyDown","value":"î€‡"},{"type":"pause","duration":10},{"type":"keyUp","value":"î€‡"}]}]}
RESULT: {"actions":[{"id":"action60","type":"key","parameters":{},"actions":[{"type":"keyDown","value":"î€‡"},{"type":"pause","duration":10},{"type":"keyUp","value":"î€‡"}]}]}
COMMAND: GET /session/638b8c348501295d6d2539f1a905cf1c/screenshot - {}
RESULT: {}
COMMAND: POST /session/638b8c348501295d6d2539f1a905cf1c/execute/async - {"script":"<script> [1562 bytes]","args":[{"selector":{"id":"application-managehandovers-display-component---AddNewHO--popup-sa","searchOpenDialogs":true,"interaction":{"idSuffix":"CbBg"}},"wdio_ui5_key":"applicationmanagehandovers-display-component---AddNewHO--popup-sa"}]}
RESULT: {"script":"<script> [1562 bytes]","args":[{"selector":{"id":"application-managehandovers-display-component---AddNewHO--popup-sa","searchOpenDialogs":true,"interaction":{"idSuffix":"CbBg"}},"wdio_ui5_key":"applicationmanagehandovers-display-component---AddNewHO--popup-sa"}]}
RESULT: undefined
COMMAND: POST /session/638b8c348501295d6d2539f1a905cf1c/element - {"using":"xpath","value":"//*[@id=\"application-managehandovers-display-component---AddNewHO--popup-sa\"]"}
RESULT: {"using":"xpath","value":"//*[@id=\"application-managehandovers-display-component---AddNewHO--popup-sa\"]"}
COMMAND: POST /session/638b8c348501295d6d2539f1a905cf1c/element/f.AA659E0CE08D0C76D21A3A5289A8AF5F.d.0829C6E60A7DAEC15CA74F3313BBE55E.e.16491/click - {}
RESULT: {}
COMMAND: GET /session/638b8c348501295d6d2539f1a905cf1c/screenshot - {}
RESULT: {}
COMMAND: POST /session/638b8c348501295d6d2539f1a905cf1c/element - {"using":"xpath","value":"//bdi[contains(text(), \"Select\")]"}
RESULT: {"using":"xpath","value":"//bdi[contains(text(), \"Select\")]"}
COMMAND: POST /session/638b8c348501295d6d2539f1a905cf1c/element/f.AA659E0CE08D0C76D21A3A5289A8AF5F.d.0829C6E60A7DAEC15CA74F3313BBE55E.e.16492/click - {}
RESULT: {}
COMMAND: GET /session/638b8c348501295d6d2539f1a905cf1c/screenshot - {}
RESULT: {}
COMMAND: POST /session/638b8c348501295d6d2539f1a905cf1c/element - {"using":"xpath","value":"//button[@data-kt=\"AddNewHOSaveButton\"]"}
RESULT: {"using":"xpath","value":"//button[@data-kt=\"AddNewHOSaveButton\"]"}
COMMAND: POST /session/638b8c348501295d6d2539f1a905cf1c/element/f.AA659E0CE08D0C76D21A3A5289A8AF5F.d.0829C6E60A7DAEC15CA74F3313BBE55E.e.16496/click - {}
RESULT: {}
COMMAND: GET /session/638b8c348501295d6d2539f1a905cf1c/screenshot - {}
RESULT: {}
COMMAND: POST /session/638b8c348501295d6d2539f1a905cf1c/execute/async - {"script":"<script> [1562 bytes]","args":[{"selector":{"id":"receiptDatePicker","viewName":"etm.portal.ui.managehandovers.view.DetailExecuteHO","interaction":{"idSuffix":"inner"}},"wdio_ui5_key":"receiptDatePickeretmportal.ui.managehandovers.view.DetailExecuteHO"}]}
RESULT: {"script":"<script> [1562 bytes]","args":[{"selector":{"id":"receiptDatePicker","viewName":"etm.portal.ui.managehandovers.view.DetailExecuteHO","interaction":{"idSuffix":"inner"}},"wdio_ui5_key":"receiptDatePickeretmportal.ui.managehandovers.view.DetailExecuteHO"}]}
RESULT: undefined
COMMAND: POST /session/638b8c348501295d6d2539f1a905cf1c/execute/async - {"script":"<script> [6424 bytes]","args":[{"element-6066-11e4-a52e-4f735466cecf":"f.AA659E0CE08D0C76D21A3A5289A8AF5F.d.0829C6E60A7DAEC15CA74F3313BBE55E.e.16527"},"setValue",["05/02/2025"]]}
RESULT: {"script":"<script> [6424 bytes]","args":[{"element-6066-11e4-a52e-4f735466cecf":"f.AA659E0CE08D0C76D21A3A5289A8AF5F.d.0829C6E60A7DAEC15CA74F3313BBE55E.e.16527"},"setValue",["05/02/2025"]]}
COMMAND: POST /session/638b8c348501295d6d2539f1a905cf1c/element - {"using":"xpath","value":"//button[@data-kt=\"PickingTableConfirmAllButton\"]"}
RESULT: {"using":"xpath","value":"//button[@data-kt=\"PickingTableConfirmAllButton\"]"}
COMMAND: POST /session/638b8c348501295d6d2539f1a905cf1c/element/f.AA659E0CE08D0C76D21A3A5289A8AF5F.d.0829C6E60A7DAEC15CA74F3313BBE55E.e.16542/click - {}
RESULT: {}
COMMAND: GET /session/638b8c348501295d6d2539f1a905cf1c/screenshot - {}
RESULT: {}
COMMAND: POST /session/638b8c348501295d6d2539f1a905cf1c/element - {"using":"xpath","value":"//bdi[contains(text(), \"OK\")]"}
RESULT: {"using":"xpath","value":"//bdi[contains(text(), \"OK\")]"}
COMMAND: POST /session/638b8c348501295d6d2539f1a905cf1c/element/f.AA659E0CE08D0C76D21A3A5289A8AF5F.d.0829C6E60A7DAEC15CA74F3313BBE55E.e.16545/click - {}
RESULT: {}
COMMAND: GET /session/638b8c348501295d6d2539f1a905cf1c/screenshot - {}
RESULT: {}
COMMAND: POST /session/638b8c348501295d6d2539f1a905cf1c/element - {"using":"xpath","value":"(//bdi[contains(text(), \"Receive\")])[2]"}
RESULT: {"using":"xpath","value":"(//bdi[contains(text(), \"Receive\")])[2]"}
COMMAND: POST /session/638b8c348501295d6d2539f1a905cf1c/element/f.AA659E0CE08D0C76D21A3A5289A8AF5F.d.0829C6E60A7DAEC15CA74F3313BBE55E.e.16546/click - {}
RESULT: {}
COMMAND: GET /session/638b8c348501295d6d2539f1a905cf1c/screenshot - {}
RESULT: {}
COMMAND: POST /session/638b8c348501295d6d2539f1a905cf1c/element - {"using":"css selector","value":"#shell-header-logo"}
RESULT: {"using":"css selector","value":"#shell-header-logo"}
COMMAND: POST /session/638b8c348501295d6d2539f1a905cf1c/element/f.AA659E0CE08D0C76D21A3A5289A8AF5F.d.0829C6E60A7DAEC15CA74F3313BBE55E.e.15914/click - {}
RESULT: {}
COMMAND: GET /session/638b8c348501295d6d2539f1a905cf1c/screenshot - {}
RESULT: {}
]]></system-out>
    </testcase>
    <testcase classname="chrome.135_0_7049_96.windows.Performance_based_billing_(work_days)_US139742" name="Should create a new contract" time="67.565">
      <system-out><![CDATA[
COMMAND: POST /session/638b8c348501295d6d2539f1a905cf1c/execute/async - {"script":"<script> [1562 bytes]","args":[{"selector":{"controlType":"sap.m.Text","viewName":"etm.portal.ui.managecontractstile.view.Master","properties":{"text":"Manage Contracts"},"interaction":{"idSuffix":"inner"}},"wdio_ui5_key":"etmportal.ui.managecontractstile.view.Mastersap.m.Text{\"text\":\"Manage Contracts\"}"}]}
RESULT: {"script":"<script> [1562 bytes]","args":[{"selector":{"controlType":"sap.m.Text","viewName":"etm.portal.ui.managecontractstile.view.Master","properties":{"text":"Manage Contracts"},"interaction":{"idSuffix":"inner"}},"wdio_ui5_key":"etmportal.ui.managecontractstile.view.Mastersap.m.Text{\"text\":\"Manage Contracts\"}"}]}
RESULT: undefined
COMMAND: POST /session/638b8c348501295d6d2539f1a905cf1c/element - {"using":"xpath","value":"//*[@id=\"__tile130-title\"]"}
RESULT: {"using":"xpath","value":"//*[@id=\"__tile130-title\"]"}
COMMAND: POST /session/638b8c348501295d6d2539f1a905cf1c/element/f.AA659E0CE08D0C76D21A3A5289A8AF5F.d.0829C6E60A7DAEC15CA74F3313BBE55E.e.16719/click - {}
RESULT: {}
COMMAND: GET /session/638b8c348501295d6d2539f1a905cf1c/screenshot - {}
RESULT: {}
COMMAND: POST /session/638b8c348501295d6d2539f1a905cf1c/element - {"using":"xpath","value":"//button[@data-kt=\"addButton\"]"}
RESULT: {"using":"xpath","value":"//button[@data-kt=\"addButton\"]"}
COMMAND: POST /session/638b8c348501295d6d2539f1a905cf1c/elements - {"using":"xpath","value":"//button[@data-kt=\"addButton\"]"}
RESULT: {"using":"xpath","value":"//button[@data-kt=\"addButton\"]"}
COMMAND: POST /session/638b8c348501295d6d2539f1a905cf1c/execute/sync - {"script":"<script> [8489 bytes]","args":[{"element-6066-11e4-a52e-4f735466cecf":"f.AA659E0CE08D0C76D21A3A5289A8AF5F.d.0829C6E60A7DAEC15CA74F3313BBE55E.e.16791","ELEMENT":"f.AA659E0CE08D0C76D21A3A5289A8AF5F.d.0829C6E60A7DAEC15CA74F3313BBE55E.e.16791"}]}
RESULT: {"script":"<script> [8489 bytes]","args":[{"element-6066-11e4-a52e-4f735466cecf":"f.AA659E0CE08D0C76D21A3A5289A8AF5F.d.0829C6E60A7DAEC15CA74F3313BBE55E.e.16791","ELEMENT":"f.AA659E0CE08D0C76D21A3A5289A8AF5F.d.0829C6E60A7DAEC15CA74F3313BBE55E.e.16791"}]}
COMMAND: GET /session/638b8c348501295d6d2539f1a905cf1c/element/f.AA659E0CE08D0C76D21A3A5289A8AF5F.d.0829C6E60A7DAEC15CA74F3313BBE55E.e.16791/enabled - {}
COMMAND: GET /session/638b8c348501295d6d2539f1a905cf1c/screenshot - {}
RESULT: {}
COMMAND: POST /session/638b8c348501295d6d2539f1a905cf1c/execute/sync - {"script":"<script> [8489 bytes]","args":[{"element-6066-11e4-a52e-4f735466cecf":"f.AA659E0CE08D0C76D21A3A5289A8AF5F.d.0829C6E60A7DAEC15CA74F3313BBE55E.e.16791","ELEMENT":"f.AA659E0CE08D0C76D21A3A5289A8AF5F.d.0829C6E60A7DAEC15CA74F3313BBE55E.e.16791"}]}
COMMAND: GET /session/638b8c348501295d6d2539f1a905cf1c/screenshot - {}
RESULT: {}
RESULT: {"script":"<script> [8489 bytes]","args":[{"element-6066-11e4-a52e-4f735466cecf":"f.AA659E0CE08D0C76D21A3A5289A8AF5F.d.0829C6E60A7DAEC15CA74F3313BBE55E.e.16791","ELEMENT":"f.AA659E0CE08D0C76D21A3A5289A8AF5F.d.0829C6E60A7DAEC15CA74F3313BBE55E.e.16791"}]}
COMMAND: POST /session/638b8c348501295d6d2539f1a905cf1c/execute/sync - {"script":"<script> [5351 bytes]","args":[{"element-6066-11e4-a52e-4f735466cecf":"f.AA659E0CE08D0C76D21A3A5289A8AF5F.d.0829C6E60A7DAEC15CA74F3313BBE55E.e.16791","ELEMENT":"f.AA659E0CE08D0C76D21A3A5289A8AF5F.d.0829C6E60A7DAEC15CA74F3313BBE55E.e.16791"}]}
COMMAND: GET /session/638b8c348501295d6d2539f1a905cf1c/screenshot - {}
RESULT: {}
RESULT: {}
RESULT: {"script":"<script> [5351 bytes]","args":[{"element-6066-11e4-a52e-4f735466cecf":"f.AA659E0CE08D0C76D21A3A5289A8AF5F.d.0829C6E60A7DAEC15CA74F3313BBE55E.e.16791","ELEMENT":"f.AA659E0CE08D0C76D21A3A5289A8AF5F.d.0829C6E60A7DAEC15CA74F3313BBE55E.e.16791"}]}
COMMAND: GET /session/638b8c348501295d6d2539f1a905cf1c/screenshot - {}
RESULT: {}
COMMAND: POST /session/638b8c348501295d6d2539f1a905cf1c/element/f.AA659E0CE08D0C76D21A3A5289A8AF5F.d.0829C6E60A7DAEC15CA74F3313BBE55E.e.16791/click - {}
RESULT: {}
COMMAND: GET /session/638b8c348501295d6d2539f1a905cf1c/screenshot - {}
COMMAND: POST /session/638b8c348501295d6d2539f1a905cf1c/execute/async - {"script":"<script> [1562 bytes]","args":[{"selector":{"id":"application-managecontracts-display-component---AddNewContract--projectDescription","interaction":{"idSuffix":"inner"}},"wdio_ui5_key":"applicationmanagecontracts-display-component---AddNewContract--projectDescription"}]}
RESULT: {}
RESULT: {"script":"<script> [1562 bytes]","args":[{"selector":{"id":"application-managecontracts-display-component---AddNewContract--projectDescription","interaction":{"idSuffix":"inner"}},"wdio_ui5_key":"applicationmanagecontracts-display-component---AddNewContract--projectDescription"}]}
RESULT: undefined
COMMAND: POST /session/638b8c348501295d6d2539f1a905cf1c/execute/async - {"script":"<script> [776 bytes]","args":[{"enterText":"Performance Contract WDIO","selector":{"id":"application-managecontracts-display-component---AddNewContract--projectDescription","interaction":{"idSuffix":"inner"}},"clearTextFirst":true,"interactionType":"ENTER_TEXT"}]}
RESULT: {"script":"<script> [776 bytes]","args":[{"enterText":"Performance Contract WDIO","selector":{"id":"application-managecontracts-display-component---AddNewContract--projectDescription","interaction":{"idSuffix":"inner"}},"clearTextFirst":true,"interactionType":"ENTER_TEXT"}]}
COMMAND: POST /session/638b8c348501295d6d2539f1a905cf1c/element - {"using":"xpath","value":"//input[@id=\"application-managecontracts-display-component---AddNewContract--site-inner\"]"}
RESULT: {"using":"xpath","value":"//input[@id=\"application-managecontracts-display-component---AddNewContract--site-inner\"]"}
COMMAND: POST /session/638b8c348501295d6d2539f1a905cf1c/element/f.AA659E0CE08D0C76D21A3A5289A8AF5F.d.0829C6E60A7DAEC15CA74F3313BBE55E.e.17086/clear - {}
RESULT: {}
COMMAND: POST /session/638b8c348501295d6d2539f1a905cf1c/element/f.AA659E0CE08D0C76D21A3A5289A8AF5F.d.0829C6E60A7DAEC15CA74F3313BBE55E.e.17086/value - {"text":"2348"}
COMMAND: GET /session/638b8c348501295d6d2539f1a905cf1c/screenshot - {}
RESULT: {"text":"2348"}
COMMAND: GET /session/638b8c348501295d6d2539f1a905cf1c/screenshot - {}
RESULT: {}
RESULT: {}
COMMAND: POST /session/638b8c348501295d6d2539f1a905cf1c/element - {"using":"xpath","value":"//li[.//span[text()='2348']]"}
RESULT: {"using":"xpath","value":"//li[.//span[text()='2348']]"}
COMMAND: POST /session/638b8c348501295d6d2539f1a905cf1c/element/f.AA659E0CE08D0C76D21A3A5289A8AF5F.d.0829C6E60A7DAEC15CA74F3313BBE55E.e.17109/click - {}
RESULT: {}
COMMAND: GET /session/638b8c348501295d6d2539f1a905cf1c/screenshot - {}
RESULT: {}
COMMAND: POST /session/638b8c348501295d6d2539f1a905cf1c/element - {"using":"xpath","value":"//input[@id=\"application-managecontracts-display-component---AddNewContract--yardId-inner\"]"}
RESULT: {"using":"xpath","value":"//input[@id=\"application-managecontracts-display-component---AddNewContract--yardId-inner\"]"}
COMMAND: GET /session/638b8c348501295d6d2539f1a905cf1c/element/f.AA659E0CE08D0C76D21A3A5289A8AF5F.d.0829C6E60A7DAEC15CA74F3313BBE55E.e.17087/property/value - {}
RESULT: {}
COMMAND: POST /session/638b8c348501295d6d2539f1a905cf1c/element - {"using":"xpath","value":"//input[@id=\"application-managecontracts-display-component---AddNewContract--customerSelect-inner\"]"}
COMMAND: GET /session/638b8c348501295d6d2539f1a905cf1c/screenshot - {}
RESULT: {"using":"xpath","value":"//input[@id=\"application-managecontracts-display-component---AddNewContract--customerSelect-inner\"]"}
COMMAND: POST /session/638b8c348501295d6d2539f1a905cf1c/element/f.AA659E0CE08D0C76D21A3A5289A8AF5F.d.0829C6E60A7DAEC15CA74F3313BBE55E.e.17085/clear - {}
RESULT: {}
RESULT: {}
COMMAND: POST /session/638b8c348501295d6d2539f1a905cf1c/element/f.AA659E0CE08D0C76D21A3A5289A8AF5F.d.0829C6E60A7DAEC15CA74F3313BBE55E.e.17085/value - {"text":"1386"}
COMMAND: GET /session/638b8c348501295d6d2539f1a905cf1c/screenshot - {}
RESULT: {"text":"1386"}
COMMAND: GET /session/638b8c348501295d6d2539f1a905cf1c/screenshot - {}
RESULT: {}
RESULT: {}
COMMAND: POST /session/638b8c348501295d6d2539f1a905cf1c/element - {"using":"xpath","value":"//li[.//span[text()='1386']]"}
RESULT: {"using":"xpath","value":"//li[.//span[text()='1386']]"}
COMMAND: POST /session/638b8c348501295d6d2539f1a905cf1c/element/f.AA659E0CE08D0C76D21A3A5289A8AF5F.d.0829C6E60A7DAEC15CA74F3313BBE55E.e.17112/click - {}
RESULT: {}
COMMAND: GET /session/638b8c348501295d6d2539f1a905cf1c/screenshot - {}
RESULT: {}
COMMAND: POST /session/638b8c348501295d6d2539f1a905cf1c/element - {"using":"xpath","value":"//button[@data-kt=\"saveButton\"]"}
RESULT: {"using":"xpath","value":"//button[@data-kt=\"saveButton\"]"}
COMMAND: POST /session/638b8c348501295d6d2539f1a905cf1c/element/f.AA659E0CE08D0C76D21A3A5289A8AF5F.d.0829C6E60A7DAEC15CA74F3313BBE55E.e.17100/click - {}
RESULT: {}
COMMAND: GET /session/638b8c348501295d6d2539f1a905cf1c/screenshot - {}
RESULT: {}
COMMAND: POST /session/638b8c348501295d6d2539f1a905cf1c/element - {"using":"xpath","value":"//span[contains(@id ,\"contractDetailTitleNoExpanded\")]"}
RESULT: {"using":"xpath","value":"//span[contains(@id ,\"contractDetailTitleNoExpanded\")]"}
COMMAND: POST /session/638b8c348501295d6d2539f1a905cf1c/elements - {"using":"xpath","value":"//span[contains(@id ,\"contractDetailTitleNoExpanded\")]"}
RESULT: {"using":"xpath","value":"//span[contains(@id ,\"contractDetailTitleNoExpanded\")]"}
COMMAND: POST /session/638b8c348501295d6d2539f1a905cf1c/execute/sync - {"script":"<script> [56 bytes]","args":[{"element-6066-11e4-a52e-4f735466cecf":"f.AA659E0CE08D0C76D21A3A5289A8AF5F.d.0829C6E60A7DAEC15CA74F3313BBE55E.e.17129","ELEMENT":"f.AA659E0CE08D0C76D21A3A5289A8AF5F.d.0829C6E60A7DAEC15CA74F3313BBE55E.e.17129"}]}
RESULT: {"script":"<script> [56 bytes]","args":[{"element-6066-11e4-a52e-4f735466cecf":"f.AA659E0CE08D0C76D21A3A5289A8AF5F.d.0829C6E60A7DAEC15CA74F3313BBE55E.e.17129","ELEMENT":"f.AA659E0CE08D0C76D21A3A5289A8AF5F.d.0829C6E60A7DAEC15CA74F3313BBE55E.e.17129"}]}
COMMAND: GET /session/638b8c348501295d6d2539f1a905cf1c/screenshot - {}
RESULT: {}
]]></system-out>
    </testcase>
    <testcase classname="chrome.135_0_7049_96.windows.Performance_based_billing_(work_days)_US139742" name="Should add equipment to the contract" time="47.411">
      <system-out><![CDATA[
COMMAND: POST /session/638b8c348501295d6d2539f1a905cf1c/element - {"using":"xpath","value":"//button[@data-kt=\"contractDetailEditBtnButton\"]"}
RESULT: {"using":"xpath","value":"//button[@data-kt=\"contractDetailEditBtnButton\"]"}
COMMAND: POST /session/638b8c348501295d6d2539f1a905cf1c/element/f.AA659E0CE08D0C76D21A3A5289A8AF5F.d.0829C6E60A7DAEC15CA74F3313BBE55E.e.17131/click - {}
RESULT: {}
COMMAND: GET /session/638b8c348501295d6d2539f1a905cf1c/screenshot - {}
RESULT: {}
COMMAND: POST /session/638b8c348501295d6d2539f1a905cf1c/element - {"using":"xpath","value":"(//span[contains(text(), \"Additional Addresses\")])[2]"}
RESULT: {"using":"xpath","value":"(//span[contains(text(), \"Additional Addresses\")])[2]"}
COMMAND: POST /session/638b8c348501295d6d2539f1a905cf1c/element/f.AA659E0CE08D0C76D21A3A5289A8AF5F.d.0829C6E60A7DAEC15CA74F3313BBE55E.e.17186/click - {}
RESULT: {}
COMMAND: GET /session/638b8c348501295d6d2539f1a905cf1c/screenshot - {}
RESULT: {}
COMMAND: POST /session/638b8c348501295d6d2539f1a905cf1c/element - {"using":"xpath","value":"//button[@data-kt=\"btnAddTableRowOverflowToolbarButton\"]"}
RESULT: {"using":"xpath","value":"//button[@data-kt=\"btnAddTableRowOverflowToolbarButton\"]"}
COMMAND: POST /session/638b8c348501295d6d2539f1a905cf1c/element/f.AA659E0CE08D0C76D21A3A5289A8AF5F.d.0829C6E60A7DAEC15CA74F3313BBE55E.e.17190/click - {}
RESULT: {}
COMMAND: GET /session/638b8c348501295d6d2539f1a905cf1c/screenshot - {}
RESULT: {}
COMMAND: POST /session/638b8c348501295d6d2539f1a905cf1c/element - {"using":"xpath","value":"//div[(text() = 'Standard Entry' or . = 'Standard Entry')]"}
RESULT: {"using":"xpath","value":"//div[(text() = 'Standard Entry' or . = 'Standard Entry')]"}
COMMAND: POST /session/638b8c348501295d6d2539f1a905cf1c/element/f.AA659E0CE08D0C76D21A3A5289A8AF5F.d.0829C6E60A7DAEC15CA74F3313BBE55E.e.17192/click - {}
RESULT: {}
COMMAND: GET /session/638b8c348501295d6d2539f1a905cf1c/screenshot - {}
RESULT: {}
COMMAND: POST /session/638b8c348501295d6d2539f1a905cf1c/element - {"using":"xpath","value":"//td[7]/div/div/input"}
RESULT: {"using":"xpath","value":"//td[7]/div/div/input"}
COMMAND: POST /session/638b8c348501295d6d2539f1a905cf1c/element/f.AA659E0CE08D0C76D21A3A5289A8AF5F.d.0829C6E60A7DAEC15CA74F3313BBE55E.e.17201/clear - {}
RESULT: {}
COMMAND: POST /session/638b8c348501295d6d2539f1a905cf1c/element/f.AA659E0CE08D0C76D21A3A5289A8AF5F.d.0829C6E60A7DAEC15CA74F3313BBE55E.e.17201/value - {"text":"A5KFYYRu1u"}
COMMAND: GET /session/638b8c348501295d6d2539f1a905cf1c/screenshot - {}
RESULT: {"text":"A5KFYYRu1u"}
COMMAND: GET /session/638b8c348501295d6d2539f1a905cf1c/screenshot - {}
RESULT: {}
RESULT: {}
COMMAND: POST /session/638b8c348501295d6d2539f1a905cf1c/actions - {"actions":[{"id":"action61","type":"key","parameters":{},"actions":[{"type":"keyDown","value":"î€‡"},{"type":"pause","duration":10},{"type":"keyUp","value":"î€‡"}]}]}
RESULT: {"actions":[{"id":"action61","type":"key","parameters":{},"actions":[{"type":"keyDown","value":"î€‡"},{"type":"pause","duration":10},{"type":"keyUp","value":"î€‡"}]}]}
COMMAND: GET /session/638b8c348501295d6d2539f1a905cf1c/screenshot - {}
RESULT: {}
COMMAND: POST /session/638b8c348501295d6d2539f1a905cf1c/execute/sync - {"script":"<script> [276 bytes]","args":["No pricing information was found"]}
RESULT: {"script":"<script> [276 bytes]","args":["No pricing information was found"]}
COMMAND: POST /session/638b8c348501295d6d2539f1a905cf1c/element - {"using":"xpath","value":"(//button[@data-kt=\"saveButton\"])[2]"}
RESULT: {"using":"xpath","value":"(//button[@data-kt=\"saveButton\"])[2]"}
COMMAND: POST /session/638b8c348501295d6d2539f1a905cf1c/element/f.AA659E0CE08D0C76D21A3A5289A8AF5F.d.0829C6E60A7DAEC15CA74F3313BBE55E.e.17216/click - {}
COMMAND: GET /session/638b8c348501295d6d2539f1a905cf1c/screenshot - {}
RESULT: {}
COMMAND: GET /session/638b8c348501295d6d2539f1a905cf1c/screenshot - {}
RESULT: {}
RESULT: {}
COMMAND: POST /session/638b8c348501295d6d2539f1a905cf1c/execute/sync - {"script":"<script> [276 bytes]","args":["Some contract items are having rental validity exceeding header rental validity"]}
RESULT: {"script":"<script> [276 bytes]","args":["Some contract items are having rental validity exceeding header rental validity"]}
COMMAND: GET /session/638b8c348501295d6d2539f1a905cf1c/screenshot - {}
RESULT: {}
COMMAND: POST /session/638b8c348501295d6d2539f1a905cf1c/element - {"using":"xpath","value":"//span[contains(@id ,\"contractItemsSmartTable-header-inner\")]"}
RESULT: {"using":"xpath","value":"//span[contains(@id ,\"contractItemsSmartTable-header-inner\")]"}
COMMAND: POST /session/638b8c348501295d6d2539f1a905cf1c/elements - {"using":"xpath","value":"//span[contains(@id ,\"contractItemsSmartTable-header-inner\")]"}
RESULT: {"using":"xpath","value":"//span[contains(@id ,\"contractItemsSmartTable-header-inner\")]"}
COMMAND: POST /session/638b8c348501295d6d2539f1a905cf1c/execute/sync - {"script":"<script> [56 bytes]","args":[{"element-6066-11e4-a52e-4f735466cecf":"f.AA659E0CE08D0C76D21A3A5289A8AF5F.d.0829C6E60A7DAEC15CA74F3313BBE55E.e.17223","ELEMENT":"f.AA659E0CE08D0C76D21A3A5289A8AF5F.d.0829C6E60A7DAEC15CA74F3313BBE55E.e.17223"}]}
RESULT: {"script":"<script> [56 bytes]","args":[{"element-6066-11e4-a52e-4f735466cecf":"f.AA659E0CE08D0C76D21A3A5289A8AF5F.d.0829C6E60A7DAEC15CA74F3313BBE55E.e.17223","ELEMENT":"f.AA659E0CE08D0C76D21A3A5289A8AF5F.d.0829C6E60A7DAEC15CA74F3313BBE55E.e.17223"}]}
]]></system-out>
    </testcase>
    <testcase classname="chrome.135_0_7049_96.windows.Performance_based_billing_(work_days)_US139742" name="Should do a provide to site handover" time="68.414">
      <system-out><![CDATA[
COMMAND: POST /session/638b8c348501295d6d2539f1a905cf1c/element - {"using":"xpath","value":"//button[@data-kt=\"provideButton\"]"}
COMMAND: GET /session/638b8c348501295d6d2539f1a905cf1c/screenshot - {}
RESULT: {"using":"xpath","value":"//button[@data-kt=\"provideButton\"]"}
COMMAND: POST /session/638b8c348501295d6d2539f1a905cf1c/element/f.AA659E0CE08D0C76D21A3A5289A8AF5F.d.0829C6E60A7DAEC15CA74F3313BBE55E.e.17224/click - {}
RESULT: {}
RESULT: {}
COMMAND: GET /session/638b8c348501295d6d2539f1a905cf1c/screenshot - {}
RESULT: {}
RESULT: undefined
COMMAND: POST /session/638b8c348501295d6d2539f1a905cf1c/execute/async - {"script":"<script> [6424 bytes]","args":[{"element-6066-11e4-a52e-4f735466cecf":"f.AA659E0CE08D0C76D21A3A5289A8AF5F.d.0829C6E60A7DAEC15CA74F3313BBE55E.e.16307"},"setValue",["05/02/2025"]]}
COMMAND: POST /session/638b8c348501295d6d2539f1a905cf1c/execute/async - {"script":"<script> [1562 bytes]","args":[{"selector":{"id":"application-managehandovers-display-component---AddNewHO--dueDate","interaction":{"idSuffix":"inner"}},"wdio_ui5_key":"applicationmanagehandovers-display-component---AddNewHO--dueDate"}]}
RESULT: {"script":"<script> [1562 bytes]","args":[{"selector":{"id":"application-managehandovers-display-component---AddNewHO--dueDate","interaction":{"idSuffix":"inner"}},"wdio_ui5_key":"applicationmanagehandovers-display-component---AddNewHO--dueDate"}]}
COMMAND: POST /session/638b8c348501295d6d2539f1a905cf1c/execute/async - {"script":"<script> [6424 bytes]","args":[{"element-6066-11e4-a52e-4f735466cecf":"f.AA659E0CE08D0C76D21A3A5289A8AF5F.d.0829C6E60A7DAEC15CA74F3313BBE55E.e.17298"},"setValue",["05/02/2025"]]}
RESULT: {"script":"<script> [6424 bytes]","args":[{"element-6066-11e4-a52e-4f735466cecf":"f.AA659E0CE08D0C76D21A3A5289A8AF5F.d.0829C6E60A7DAEC15CA74F3313BBE55E.e.17298"},"setValue",["05/02/2025"]]}
COMMAND: POST /session/638b8c348501295d6d2539f1a905cf1c/element - {"using":"xpath","value":"//bdi[contains(text(), \"Instructions\")]"}
RESULT: {"using":"xpath","value":"//bdi[contains(text(), \"Instructions\")]"}
COMMAND: POST /session/638b8c348501295d6d2539f1a905cf1c/element/f.AA659E0CE08D0C76D21A3A5289A8AF5F.d.0829C6E60A7DAEC15CA74F3313BBE55E.e.17567/click - {}
RESULT: {}
COMMAND: GET /session/638b8c348501295d6d2539f1a905cf1c/screenshot - {}
RESULT: {}
COMMAND: POST /session/638b8c348501295d6d2539f1a905cf1c/element - {"using":"xpath","value":"//button[@data-kt=\"AddNewHOProvideAddItemsButton\"]"}
RESULT: {"using":"xpath","value":"//button[@data-kt=\"AddNewHOProvideAddItemsButton\"]"}
COMMAND: POST /session/638b8c348501295d6d2539f1a905cf1c/element/f.AA659E0CE08D0C76D21A3A5289A8AF5F.d.0829C6E60A7DAEC15CA74F3313BBE55E.e.17571/click - {}
RESULT: {}
COMMAND: GET /session/638b8c348501295d6d2539f1a905cf1c/screenshot - {}
RESULT: {}
RESULT: undefined
COMMAND: POST /session/638b8c348501295d6d2539f1a905cf1c/element - {"using":"xpath","value":"//*[@id=\"application-managehandovers-display-component---AddNewHO--popup-sa\"]"}
RESULT: {"using":"xpath","value":"//*[@id=\"application-managehandovers-display-component---AddNewHO--popup-sa\"]"}
COMMAND: POST /session/638b8c348501295d6d2539f1a905cf1c/element/f.AA659E0CE08D0C76D21A3A5289A8AF5F.d.0829C6E60A7DAEC15CA74F3313BBE55E.e.17587/click - {}
RESULT: {}
COMMAND: GET /session/638b8c348501295d6d2539f1a905cf1c/screenshot - {}
RESULT: {}
COMMAND: POST /session/638b8c348501295d6d2539f1a905cf1c/element - {"using":"xpath","value":"//*[contains(@id ,\"BDI-content\")][contains(text(), \"Select\")]"}
RESULT: {"using":"xpath","value":"//*[contains(@id ,\"BDI-content\")][contains(text(), \"Select\")]"}
COMMAND: POST /session/638b8c348501295d6d2539f1a905cf1c/element/f.AA659E0CE08D0C76D21A3A5289A8AF5F.d.0829C6E60A7DAEC15CA74F3313BBE55E.e.17589/click - {}
RESULT: {}
COMMAND: GET /session/638b8c348501295d6d2539f1a905cf1c/screenshot - {}
RESULT: {}
COMMAND: POST /session/638b8c348501295d6d2539f1a905cf1c/execute/async - {"script":"<script> [1562 bytes]","args":[{"selector":{"id":"application-managehandovers-display-component---AddNewHO--confirmCreationButton","interaction":{"idSuffix":"BDI-content"}},"wdio_ui5_key":"applicationmanagehandovers-display-component---AddNewHO--confirmCreationButton"}]}
RESULT: {"script":"<script> [1562 bytes]","args":[{"selector":{"id":"application-managehandovers-display-component---AddNewHO--confirmCreationButton","interaction":{"idSuffix":"BDI-content"}},"wdio_ui5_key":"applicationmanagehandovers-display-component---AddNewHO--confirmCreationButton"}]}
RESULT: undefined
COMMAND: POST /session/638b8c348501295d6d2539f1a905cf1c/element - {"using":"xpath","value":"//*[@id=\"application-managehandovers-display-component---AddNewHO--confirmCreationButton\"]"}
RESULT: {"using":"xpath","value":"//*[@id=\"application-managehandovers-display-component---AddNewHO--confirmCreationButton\"]"}
COMMAND: POST /session/638b8c348501295d6d2539f1a905cf1c/element/f.AA659E0CE08D0C76D21A3A5289A8AF5F.d.0829C6E60A7DAEC15CA74F3313BBE55E.e.17349/click - {}
RESULT: {}
COMMAND: GET /session/638b8c348501295d6d2539f1a905cf1c/screenshot - {}
RESULT: {}
COMMAND: POST /session/638b8c348501295d6d2539f1a905cf1c/element - {"using":"xpath","value":"//button[@data-kt=\"PickingTableConfirmAllButton\"]"}
RESULT: {"using":"xpath","value":"//button[@data-kt=\"PickingTableConfirmAllButton\"]"}
COMMAND: POST /session/638b8c348501295d6d2539f1a905cf1c/elements - {"using":"xpath","value":"//button[@data-kt=\"PickingTableConfirmAllButton\"]"}
RESULT: {"using":"xpath","value":"//button[@data-kt=\"PickingTableConfirmAllButton\"]"}
COMMAND: POST /session/638b8c348501295d6d2539f1a905cf1c/elements - {"using":"xpath","value":"//button[@data-kt=\"PickingTableConfirmAllButton\"]"}
RESULT: {"using":"xpath","value":"//button[@data-kt=\"PickingTableConfirmAllButton\"]"}
COMMAND: POST /session/638b8c348501295d6d2539f1a905cf1c/elements - {"using":"xpath","value":"//button[@data-kt=\"PickingTableConfirmAllButton\"]"}
RESULT: {"using":"xpath","value":"//button[@data-kt=\"PickingTableConfirmAllButton\"]"}
COMMAND: POST /session/638b8c348501295d6d2539f1a905cf1c/element - {"using":"xpath","value":"//button[@data-kt=\"PickingTableConfirmAllButton\"]"}
RESULT: {"using":"xpath","value":"//button[@data-kt=\"PickingTableConfirmAllButton\"]"}
COMMAND: POST /session/638b8c348501295d6d2539f1a905cf1c/element/f.AA659E0CE08D0C76D21A3A5289A8AF5F.d.0829C6E60A7DAEC15CA74F3313BBE55E.e.17628/click - {}
COMMAND: POST /session/638b8c348501295d6d2539f1a905cf1c/element - {"using":"xpath","value":"//button[@data-kt=\"PickingTableConfirmAllButton\"]"}
RESULT: {"using":"xpath","value":"//button[@data-kt=\"PickingTableConfirmAllButton\"]"}
COMMAND: POST /session/638b8c348501295d6d2539f1a905cf1c/element/f.AA659E0CE08D0C76D21A3A5289A8AF5F.d.0829C6E60A7DAEC15CA74F3313BBE55E.e.17628/click - {}
COMMAND: POST /session/638b8c348501295d6d2539f1a905cf1c/element - {"using":"xpath","value":"//button[@data-kt=\"PickingTableConfirmAllButton\"]"}
RESULT: {"using":"xpath","value":"//button[@data-kt=\"PickingTableConfirmAllButton\"]"}
COMMAND: POST /session/638b8c348501295d6d2539f1a905cf1c/element/f.AA659E0CE08D0C76D21A3A5289A8AF5F.d.0829C6E60A7DAEC15CA74F3313BBE55E.e.17648/click - {}
RESULT: {}
COMMAND: GET /session/638b8c348501295d6d2539f1a905cf1c/screenshot - {}
RESULT: {}
COMMAND: POST /session/638b8c348501295d6d2539f1a905cf1c/element - {"using":"xpath","value":"//bdi[contains(text(), \"OK\")]"}
RESULT: {"using":"xpath","value":"//bdi[contains(text(), \"OK\")]"}
COMMAND: POST /session/638b8c348501295d6d2539f1a905cf1c/element/f.AA659E0CE08D0C76D21A3A5289A8AF5F.d.0829C6E60A7DAEC15CA74F3313BBE55E.e.17652/click - {}
RESULT: {}
COMMAND: GET /session/638b8c348501295d6d2539f1a905cf1c/screenshot - {}
RESULT: {}
COMMAND: POST /session/638b8c348501295d6d2539f1a905cf1c/element - {"using":"xpath","value":"//bdi[contains(text(), \"Ok\")]"}
RESULT: {"using":"xpath","value":"//bdi[contains(text(), \"Ok\")]"}
COMMAND: POST /session/638b8c348501295d6d2539f1a905cf1c/element/f.AA659E0CE08D0C76D21A3A5289A8AF5F.d.0829C6E60A7DAEC15CA74F3313BBE55E.e.17662/click - {}
RESULT: {}
COMMAND: GET /session/638b8c348501295d6d2539f1a905cf1c/screenshot - {}
RESULT: {}
COMMAND: POST /session/638b8c348501295d6d2539f1a905cf1c/element - {"using":"xpath","value":"//bdi[contains(text(), \"Issue\")]"}
RESULT: {"using":"xpath","value":"//bdi[contains(text(), \"Issue\")]"}
COMMAND: POST /session/638b8c348501295d6d2539f1a905cf1c/element/f.AA659E0CE08D0C76D21A3A5289A8AF5F.d.0829C6E60A7DAEC15CA74F3313BBE55E.e.17663/click - {}
RESULT: {}
COMMAND: GET /session/638b8c348501295d6d2539f1a905cf1c/screenshot - {}
RESULT: {}
COMMAND: POST /session/638b8c348501295d6d2539f1a905cf1c/element - {"using":"css selector","value":"#shell-header-logo"}
RESULT: {"using":"css selector","value":"#shell-header-logo"}
COMMAND: POST /session/638b8c348501295d6d2539f1a905cf1c/element/f.AA659E0CE08D0C76D21A3A5289A8AF5F.d.0829C6E60A7DAEC15CA74F3313BBE55E.e.16722/click - {}
RESULT: {}
COMMAND: GET /session/638b8c348501295d6d2539f1a905cf1c/screenshot - {}
RESULT: {}
]]></system-out>
    </testcase>
    <testcase classname="chrome.135_0_7049_96.windows.Performance_based_billing_(work_days)_US139742" name="Should create a few performance documents" time="103.664">
      <system-out><![CDATA[
COMMAND: POST /session/638b8c348501295d6d2539f1a905cf1c/window/fullscreen - {}
RESULT: {}
COMMAND: POST /session/638b8c348501295d6d2539f1a905cf1c/execute/async - {"script":"<script> [1562 bytes]","args":[{"selector":{"controlType":"sap.m.GenericTile","properties":{"header":"Manage States & Performance"}},"wdio_ui5_key":"sapm.GenericTile{\"header\":\"Manage States & Performance\"}"}]}
RESULT: {"script":"<script> [1562 bytes]","args":[{"selector":{"controlType":"sap.m.GenericTile","properties":{"header":"Manage States & Performance"}},"wdio_ui5_key":"sapm.GenericTile{\"header\":\"Manage States & Performance\"}"}]}
RESULT: undefined
COMMAND: POST /session/638b8c348501295d6d2539f1a905cf1c/element - {"using":"xpath","value":"//*[@id=\"__tile56\"]"}
RESULT: {"using":"xpath","value":"//*[@id=\"__tile56\"]"}
COMMAND: POST /session/638b8c348501295d6d2539f1a905cf1c/element/f.AA659E0CE08D0C76D21A3A5289A8AF5F.d.0829C6E60A7DAEC15CA74F3313BBE55E.e.14267/click - {}
RESULT: {}
COMMAND: POST /session/638b8c348501295d6d2539f1a905cf1c/element - {"using":"xpath","value":"//div[@id=\"application-managestatesandperformance-display-component---stateAndPerform--smartFilterBarResources-btnBasicSearch\"]"}
COMMAND: GET /session/638b8c348501295d6d2539f1a905cf1c/screenshot - {}
RESULT: {"using":"xpath","value":"//div[@id=\"application-managestatesandperformance-display-component---stateAndPerform--smartFilterBarResources-btnBasicSearch\"]"}
COMMAND: POST /session/638b8c348501295d6d2539f1a905cf1c/elements - {"using":"xpath","value":"//div[@id=\"application-managestatesandperformance-display-component---stateAndPerform--smartFilterBarResources-btnBasicSearch\"]"}
RESULT: {}
RESULT: {"using":"xpath","value":"//div[@id=\"application-managestatesandperformance-display-component---stateAndPerform--smartFilterBarResources-btnBasicSearch\"]"}
COMMAND: POST /session/638b8c348501295d6d2539f1a905cf1c/elements - {"using":"xpath","value":"//div[@id=\"application-managestatesandperformance-display-component---stateAndPerform--smartFilterBarResources-btnBasicSearch\"]"}
RESULT: {"using":"xpath","value":"//div[@id=\"application-managestatesandperformance-display-component---stateAndPerform--smartFilterBarResources-btnBasicSearch\"]"}
COMMAND: POST /session/638b8c348501295d6d2539f1a905cf1c/elements - {"using":"xpath","value":"//div[@id=\"application-managestatesandperformance-display-component---stateAndPerform--smartFilterBarResources-btnBasicSearch\"]"}
RESULT: {"using":"xpath","value":"//div[@id=\"application-managestatesandperformance-display-component---stateAndPerform--smartFilterBarResources-btnBasicSearch\"]"}
COMMAND: POST /session/638b8c348501295d6d2539f1a905cf1c/elements - {"using":"xpath","value":"//div[@id=\"application-managestatesandperformance-display-component---stateAndPerform--smartFilterBarResources-btnBasicSearch\"]"}
RESULT: {"using":"xpath","value":"//div[@id=\"application-managestatesandperformance-display-component---stateAndPerform--smartFilterBarResources-btnBasicSearch\"]"}
COMMAND: POST /session/638b8c348501295d6d2539f1a905cf1c/elements - {"using":"xpath","value":"//div[@id=\"application-managestatesandperformance-display-component---stateAndPerform--smartFilterBarResources-btnBasicSearch\"]"}
RESULT: {"using":"xpath","value":"//div[@id=\"application-managestatesandperformance-display-component---stateAndPerform--smartFilterBarResources-btnBasicSearch\"]"}
COMMAND: POST /session/638b8c348501295d6d2539f1a905cf1c/elements - {"using":"xpath","value":"//div[@id=\"application-managestatesandperformance-display-component---stateAndPerform--smartFilterBarResources-btnBasicSearch\"]"}
RESULT: {"using":"xpath","value":"//div[@id=\"application-managestatesandperformance-display-component---stateAndPerform--smartFilterBarResources-btnBasicSearch\"]"}
COMMAND: POST /session/638b8c348501295d6d2539f1a905cf1c/elements - {"using":"xpath","value":"//div[@id=\"application-managestatesandperformance-display-component---stateAndPerform--smartFilterBarResources-btnBasicSearch\"]"}
RESULT: {"using":"xpath","value":"//div[@id=\"application-managestatesandperformance-display-component---stateAndPerform--smartFilterBarResources-btnBasicSearch\"]"}
COMMAND: POST /session/638b8c348501295d6d2539f1a905cf1c/elements - {"using":"xpath","value":"//div[@id=\"application-managestatesandperformance-display-component---stateAndPerform--smartFilterBarResources-btnBasicSearch\"]"}
RESULT: {"using":"xpath","value":"//div[@id=\"application-managestatesandperformance-display-component---stateAndPerform--smartFilterBarResources-btnBasicSearch\"]"}
COMMAND: POST /session/638b8c348501295d6d2539f1a905cf1c/elements - {"using":"xpath","value":"//div[@id=\"application-managestatesandperformance-display-component---stateAndPerform--smartFilterBarResources-btnBasicSearch\"]"}
RESULT: {"using":"xpath","value":"//div[@id=\"application-managestatesandperformance-display-component---stateAndPerform--smartFilterBarResources-btnBasicSearch\"]"}
COMMAND: POST /session/638b8c348501295d6d2539f1a905cf1c/elements - {"using":"xpath","value":"//div[@id=\"application-managestatesandperformance-display-component---stateAndPerform--smartFilterBarResources-btnBasicSearch\"]"}
RESULT: {"using":"xpath","value":"//div[@id=\"application-managestatesandperformance-display-component---stateAndPerform--smartFilterBarResources-btnBasicSearch\"]"}
COMMAND: POST /session/638b8c348501295d6d2539f1a905cf1c/elements - {"using":"xpath","value":"//div[@id=\"application-managestatesandperformance-display-component---stateAndPerform--smartFilterBarResources-btnBasicSearch\"]"}
RESULT: {"using":"xpath","value":"//div[@id=\"application-managestatesandperformance-display-component---stateAndPerform--smartFilterBarResources-btnBasicSearch\"]"}
COMMAND: POST /session/638b8c348501295d6d2539f1a905cf1c/elements - {"using":"xpath","value":"//div[@id=\"application-managestatesandperformance-display-component---stateAndPerform--smartFilterBarResources-btnBasicSearch\"]"}
RESULT: {"using":"xpath","value":"//div[@id=\"application-managestatesandperformance-display-component---stateAndPerform--smartFilterBarResources-btnBasicSearch\"]"}
COMMAND: POST /session/638b8c348501295d6d2539f1a905cf1c/elements - {"using":"xpath","value":"//div[@id=\"application-managestatesandperformance-display-component---stateAndPerform--smartFilterBarResources-btnBasicSearch\"]"}
RESULT: {"using":"xpath","value":"//div[@id=\"application-managestatesandperformance-display-component---stateAndPerform--smartFilterBarResources-btnBasicSearch\"]"}
COMMAND: POST /session/638b8c348501295d6d2539f1a905cf1c/elements - {"using":"xpath","value":"//div[@id=\"application-managestatesandperformance-display-component---stateAndPerform--smartFilterBarResources-btnBasicSearch\"]"}
RESULT: {"using":"xpath","value":"//div[@id=\"application-managestatesandperformance-display-component---stateAndPerform--smartFilterBarResources-btnBasicSearch\"]"}
COMMAND: POST /session/638b8c348501295d6d2539f1a905cf1c/elements - {"using":"xpath","value":"//div[@id=\"application-managestatesandperformance-display-component---stateAndPerform--smartFilterBarResources-btnBasicSearch\"]"}
RESULT: {"using":"xpath","value":"//div[@id=\"application-managestatesandperformance-display-component---stateAndPerform--smartFilterBarResources-btnBasicSearch\"]"}
COMMAND: POST /session/638b8c348501295d6d2539f1a905cf1c/elements - {"using":"xpath","value":"//div[@id=\"application-managestatesandperformance-display-component---stateAndPerform--smartFilterBarResources-btnBasicSearch\"]"}
RESULT: {"using":"xpath","value":"//div[@id=\"application-managestatesandperformance-display-component---stateAndPerform--smartFilterBarResources-btnBasicSearch\"]"}
COMMAND: POST /session/638b8c348501295d6d2539f1a905cf1c/elements - {"using":"xpath","value":"//div[@id=\"application-managestatesandperformance-display-component---stateAndPerform--smartFilterBarResources-btnBasicSearch\"]"}
RESULT: {"using":"xpath","value":"//div[@id=\"application-managestatesandperformance-display-component---stateAndPerform--smartFilterBarResources-btnBasicSearch\"]"}
COMMAND: POST /session/638b8c348501295d6d2539f1a905cf1c/elements - {"using":"xpath","value":"//div[@id=\"application-managestatesandperformance-display-component---stateAndPerform--smartFilterBarResources-btnBasicSearch\"]"}
RESULT: {"using":"xpath","value":"//div[@id=\"application-managestatesandperformance-display-component---stateAndPerform--smartFilterBarResources-btnBasicSearch\"]"}
COMMAND: POST /session/638b8c348501295d6d2539f1a905cf1c/element - {"using":"xpath","value":"//div[@id=\"application-managestatesandperformance-display-component---stateAndPerform--smartFilterBarResources-btnBasicSearch\"]"}
RESULT: {"using":"xpath","value":"//div[@id=\"application-managestatesandperformance-display-component---stateAndPerform--smartFilterBarResources-btnBasicSearch\"]"}
COMMAND: POST /session/638b8c348501295d6d2539f1a905cf1c/execute/sync - {"script":"<script> [8489 bytes]","args":[{"element-6066-11e4-a52e-4f735466cecf":"f.AA659E0CE08D0C76D21A3A5289A8AF5F.d.0829C6E60A7DAEC15CA74F3313BBE55E.e.17877","ELEMENT":"f.AA659E0CE08D0C76D21A3A5289A8AF5F.d.0829C6E60A7DAEC15CA74F3313BBE55E.e.17877"}]}
RESULT: {"script":"<script> [8489 bytes]","args":[{"element-6066-11e4-a52e-4f735466cecf":"f.AA659E0CE08D0C76D21A3A5289A8AF5F.d.0829C6E60A7DAEC15CA74F3313BBE55E.e.17877","ELEMENT":"f.AA659E0CE08D0C76D21A3A5289A8AF5F.d.0829C6E60A7DAEC15CA74F3313BBE55E.e.17877"}]}
COMMAND: GET /session/638b8c348501295d6d2539f1a905cf1c/element/f.AA659E0CE08D0C76D21A3A5289A8AF5F.d.0829C6E60A7DAEC15CA74F3313BBE55E.e.17877/enabled - {}
COMMAND: GET /session/638b8c348501295d6d2539f1a905cf1c/screenshot - {}
RESULT: {}
COMMAND: POST /session/638b8c348501295d6d2539f1a905cf1c/execute/sync - {"script":"<script> [8489 bytes]","args":[{"element-6066-11e4-a52e-4f735466cecf":"f.AA659E0CE08D0C76D21A3A5289A8AF5F.d.0829C6E60A7DAEC15CA74F3313BBE55E.e.17877","ELEMENT":"f.AA659E0CE08D0C76D21A3A5289A8AF5F.d.0829C6E60A7DAEC15CA74F3313BBE55E.e.17877"}]}
COMMAND: GET /session/638b8c348501295d6d2539f1a905cf1c/screenshot - {}
RESULT: {}
RESULT: {"script":"<script> [8489 bytes]","args":[{"element-6066-11e4-a52e-4f735466cecf":"f.AA659E0CE08D0C76D21A3A5289A8AF5F.d.0829C6E60A7DAEC15CA74F3313BBE55E.e.17877","ELEMENT":"f.AA659E0CE08D0C76D21A3A5289A8AF5F.d.0829C6E60A7DAEC15CA74F3313BBE55E.e.17877"}]}
COMMAND: POST /session/638b8c348501295d6d2539f1a905cf1c/execute/sync - {"script":"<script> [5351 bytes]","args":[{"element-6066-11e4-a52e-4f735466cecf":"f.AA659E0CE08D0C76D21A3A5289A8AF5F.d.0829C6E60A7DAEC15CA74F3313BBE55E.e.17877","ELEMENT":"f.AA659E0CE08D0C76D21A3A5289A8AF5F.d.0829C6E60A7DAEC15CA74F3313BBE55E.e.17877"}]}
RESULT: {}
RESULT: {"script":"<script> [5351 bytes]","args":[{"element-6066-11e4-a52e-4f735466cecf":"f.AA659E0CE08D0C76D21A3A5289A8AF5F.d.0829C6E60A7DAEC15CA74F3313BBE55E.e.17877","ELEMENT":"f.AA659E0CE08D0C76D21A3A5289A8AF5F.d.0829C6E60A7DAEC15CA74F3313BBE55E.e.17877"}]}
COMMAND: POST /session/638b8c348501295d6d2539f1a905cf1c/execute/async - {"script":"<script> [1562 bytes]","args":[{"selector":{"id":"application-managestatesandperformance-display-component---stateAndPerform--smartFilterBarResources-btnBasicSearch","interaction":{"idSuffix":"I"}},"wdio_ui5_key":"applicationmanagestatesandperformance-display-component---stateAndPerform--smartFilterBarResources-btnBasicSearch"}]}
COMMAND: GET /session/638b8c348501295d6d2539f1a905cf1c/screenshot - {}
COMMAND: GET /session/638b8c348501295d6d2539f1a905cf1c/screenshot - {}
RESULT: {"script":"<script> [1562 bytes]","args":[{"selector":{"id":"application-managestatesandperformance-display-component---stateAndPerform--smartFilterBarResources-btnBasicSearch","interaction":{"idSuffix":"I"}},"wdio_ui5_key":"applicationmanagestatesandperformance-display-component---stateAndPerform--smartFilterBarResources-btnBasicSearch"}]}
RESULT: undefined
COMMAND: POST /session/638b8c348501295d6d2539f1a905cf1c/execute/async - {"script":"<script> [776 bytes]","args":[{"enterText":"A5KFYYRu1u","selector":{"id":"application-managestatesandperformance-display-component---stateAndPerform--smartFilterBarResources-btnBasicSearch","interaction":{"idSuffix":"I"}},"clearTextFirst":true,"interactionType":"ENTER_TEXT"}]}
RESULT: {}
RESULT: {}
RESULT: {"script":"<script> [776 bytes]","args":[{"enterText":"A5KFYYRu1u","selector":{"id":"application-managestatesandperformance-display-component---stateAndPerform--smartFilterBarResources-btnBasicSearch","interaction":{"idSuffix":"I"}},"clearTextFirst":true,"interactionType":"ENTER_TEXT"}]}
COMMAND: POST /session/638b8c348501295d6d2539f1a905cf1c/actions - {"actions":[{"id":"action62","type":"key","parameters":{},"actions":[{"type":"keyDown","value":"î€‡"},{"type":"pause","duration":10},{"type":"keyUp","value":"î€‡"}]}]}
RESULT: {"actions":[{"id":"action62","type":"key","parameters":{},"actions":[{"type":"keyDown","value":"î€‡"},{"type":"pause","duration":10},{"type":"keyUp","value":"î€‡"}]}]}
COMMAND: GET /session/638b8c348501295d6d2539f1a905cf1c/screenshot - {}
RESULT: {}
COMMAND: POST /session/638b8c348501295d6d2539f1a905cf1c/execute/async - {"script":"<script> [1562 bytes]","args":[{"selector":{"id":"application-managestatesandperformance-display-component---stateAndPerform--stateAndPerformResourcesSmartTable-header"},"wdio_ui5_key":"applicationmanagestatesandperformance-display-component---stateAndPerform--stateAndPerformResourcesSmartTable-header"}]}
RESULT: {"script":"<script> [1562 bytes]","args":[{"selector":{"id":"application-managestatesandperformance-display-component---stateAndPerform--stateAndPerformResourcesSmartTable-header"},"wdio_ui5_key":"applicationmanagestatesandperformance-display-component---stateAndPerform--stateAndPerformResourcesSmartTable-header"}]}
RESULT: undefined
COMMAND: POST /session/638b8c348501295d6d2539f1a905cf1c/execute/async - {"script":"<script> [6424 bytes]","args":[{"element-6066-11e4-a52e-4f735466cecf":"f.AA659E0CE08D0C76D21A3A5289A8AF5F.d.0829C6E60A7DAEC15CA74F3313BBE55E.e.17939"},"getText",[]]}
RESULT: {"script":"<script> [6424 bytes]","args":[{"element-6066-11e4-a52e-4f735466cecf":"f.AA659E0CE08D0C76D21A3A5289A8AF5F.d.0829C6E60A7DAEC15CA74F3313BBE55E.e.17939"},"getText",[]]}
COMMAND: POST /session/638b8c348501295d6d2539f1a905cf1c/execute/async - {"script":"<script> [1562 bytes]","args":[{"selector":{"controlType":"sap.ui.core.Icon","viewName":"etm.portal.ui.managestatesandperformance.view.Master","viewId":"application-managestatesandperformance-display-component---stateAndPerform","properties":{"src":{"regex":{"source":"slim\\-arrow\\-right"}}}},"wdio_ui5_key":"etmportal.ui.managestatesandperformance.view.Mastersap.ui.core.Icon{\"src\":{\"regex\":{\"source\":\"slim\\\\-arrow\\\\-right\"}}}"}]}
RESULT: {"script":"<script> [1562 bytes]","args":[{"selector":{"controlType":"sap.ui.core.Icon","viewName":"etm.portal.ui.managestatesandperformance.view.Master","viewId":"application-managestatesandperformance-display-component---stateAndPerform","properties":{"src":{"regex":{"source":"slim\\-arrow\\-right"}}}},"wdio_ui5_key":"etmportal.ui.managestatesandperformance.view.Mastersap.ui.core.Icon{\"src\":{\"regex\":{\"source\":\"slim\\\\-arrow\\\\-right\"}}}"}]}
RESULT: undefined
COMMAND: POST /session/638b8c348501295d6d2539f1a905cf1c/element - {"using":"xpath","value":"//*[@id=\"__item2550-__clone4701-imgNav\"]"}
RESULT: {"using":"xpath","value":"//*[@id=\"__item2550-__clone4701-imgNav\"]"}
COMMAND: POST /session/638b8c348501295d6d2539f1a905cf1c/element/f.AA659E0CE08D0C76D21A3A5289A8AF5F.d.0829C6E60A7DAEC15CA74F3313BBE55E.e.17938/click - {}
RESULT: {}
COMMAND: GET /session/638b8c348501295d6d2539f1a905cf1c/screenshot - {}
RESULT: {}
COMMAND: POST /session/638b8c348501295d6d2539f1a905cf1c/execute/async - {"script":"<script> [1562 bytes]","args":[{"selector":{"controlType":"sap.m.Button","viewName":"etm.portal.ui.managestatesandperformance.view.Detail","viewId":"application-managestatesandperformance-display-component---detailStateAndPerform","properties":{"text":"Performance Documents"}},"wdio_ui5_key":"etmportal.ui.managestatesandperformance.view.Detailsap.m.Button{\"text\":\"Performance Documents\"}"}]}
RESULT: {"script":"<script> [1562 bytes]","args":[{"selector":{"controlType":"sap.m.Button","viewName":"etm.portal.ui.managestatesandperformance.view.Detail","viewId":"application-managestatesandperformance-display-component---detailStateAndPerform","properties":{"text":"Performance Documents"}},"wdio_ui5_key":"etmportal.ui.managestatesandperformance.view.Detailsap.m.Button{\"text\":\"Performance Documents\"}"}]}
RESULT: undefined
COMMAND: POST /session/638b8c348501295d6d2539f1a905cf1c/element - {"using":"xpath","value":"//*[@id=\"__item2573-button\"]"}
RESULT: {"using":"xpath","value":"//*[@id=\"__item2573-button\"]"}
COMMAND: POST /session/638b8c348501295d6d2539f1a905cf1c/element/f.AA659E0CE08D0C76D21A3A5289A8AF5F.d.0829C6E60A7DAEC15CA74F3313BBE55E.e.17982/click - {}
RESULT: {}
COMMAND: POST /session/638b8c348501295d6d2539f1a905cf1c/execute/async - {"script":"<script> [1562 bytes]","args":[{"selector":{"controlType":"sap.m.Button","viewName":"etm.portal.ui.managestatesandperformance.view.Detail","viewId":"application-managestatesandperformance-display-component---detailStateAndPerform","i18NText":{"propertyName":"text","key":"createPerformanceDoc"},"interaction":{"idSuffix":"BDI-content"}},"wdio_ui5_key":"etmportal.ui.managestatesandperformance.view.Detailsap.m.Button{\"propertyName\":\"text\",\"key\":\"createPerformanceDoc\"}"}]}
COMMAND: GET /session/638b8c348501295d6d2539f1a905cf1c/screenshot - {}
RESULT: {"script":"<script> [1562 bytes]","args":[{"selector":{"controlType":"sap.m.Button","viewName":"etm.portal.ui.managestatesandperformance.view.Detail","viewId":"application-managestatesandperformance-display-component---detailStateAndPerform","i18NText":{"propertyName":"text","key":"createPerformanceDoc"},"interaction":{"idSuffix":"BDI-content"}},"wdio_ui5_key":"etmportal.ui.managestatesandperformance.view.Detailsap.m.Button{\"propertyName\":\"text\",\"key\":\"createPerformanceDoc\"}"}]}
RESULT: undefined
COMMAND: POST /session/638b8c348501295d6d2539f1a905cf1c/element - {"using":"xpath","value":"//*[@id=\"__button380\"]"}
RESULT: {}
RESULT: {"using":"xpath","value":"//*[@id=\"__button380\"]"}
COMMAND: POST /session/638b8c348501295d6d2539f1a905cf1c/element/f.AA659E0CE08D0C76D21A3A5289A8AF5F.d.0829C6E60A7DAEC15CA74F3313BBE55E.e.17986/click - {}
RESULT: {}
COMMAND: POST /session/638b8c348501295d6d2539f1a905cf1c/execute/async - {"script":"<script> [1562 bytes]","args":[{"selector":{"id":"application-managestatesandperformance-display-component---detailStateAndPerform--perfDocDatePicker","searchOpenDialogs":true,"interaction":{"idSuffix":"inner"}},"wdio_ui5_key":"applicationmanagestatesandperformance-display-component---detailStateAndPerform--perfDocDatePicker"}]}
COMMAND: GET /session/638b8c348501295d6d2539f1a905cf1c/screenshot - {}
RESULT: {"script":"<script> [1562 bytes]","args":[{"selector":{"id":"application-managestatesandperformance-display-component---detailStateAndPerform--perfDocDatePicker","searchOpenDialogs":true,"interaction":{"idSuffix":"inner"}},"wdio_ui5_key":"applicationmanagestatesandperformance-display-component---detailStateAndPerform--perfDocDatePicker"}]}
RESULT: undefined
COMMAND: POST /session/638b8c348501295d6d2539f1a905cf1c/execute/async - {"script":"<script> [776 bytes]","args":[{"enterText":"05/04/25","selector":{"id":"application-managestatesandperformance-display-component---detailStateAndPerform--perfDocDatePicker","searchOpenDialogs":true,"interaction":{"idSuffix":"inner"}},"clearTextFirst":true,"interactionType":"ENTER_TEXT"}]}
RESULT: {}
RESULT: {"script":"<script> [776 bytes]","args":[{"enterText":"05/04/25","selector":{"id":"application-managestatesandperformance-display-component---detailStateAndPerform--perfDocDatePicker","searchOpenDialogs":true,"interaction":{"idSuffix":"inner"}},"clearTextFirst":true,"interactionType":"ENTER_TEXT"}]}
COMMAND: POST /session/638b8c348501295d6d2539f1a905cf1c/execute/async - {"script":"<script> [1562 bytes]","args":[{"selector":{"id":"application-managestatesandperformance-display-component---detailStateAndPerform--counterValue-input","searchOpenDialogs":true,"interaction":{"idSuffix":"inner"}},"wdio_ui5_key":"applicationmanagestatesandperformance-display-component---detailStateAndPerform--counterValue-input"}]}
RESULT: {"script":"<script> [1562 bytes]","args":[{"selector":{"id":"application-managestatesandperformance-display-component---detailStateAndPerform--counterValue-input","searchOpenDialogs":true,"interaction":{"idSuffix":"inner"}},"wdio_ui5_key":"applicationmanagestatesandperformance-display-component---detailStateAndPerform--counterValue-input"}]}
RESULT: undefined
COMMAND: POST /session/638b8c348501295d6d2539f1a905cf1c/execute/async - {"script":"<script> [776 bytes]","args":[{"enterText":"15.00","selector":{"id":"application-managestatesandperformance-display-component---detailStateAndPerform--counterValue-input","searchOpenDialogs":true,"interaction":{"idSuffix":"inner"}},"clearTextFirst":true,"interactionType":"ENTER_TEXT"}]}
RESULT: {"script":"<script> [776 bytes]","args":[{"enterText":"15.00","selector":{"id":"application-managestatesandperformance-display-component---detailStateAndPerform--counterValue-input","searchOpenDialogs":true,"interaction":{"idSuffix":"inner"}},"clearTextFirst":true,"interactionType":"ENTER_TEXT"}]}
COMMAND: POST /session/638b8c348501295d6d2539f1a905cf1c/execute/async - {"script":"<script> [1562 bytes]","args":[{"selector":{"controlType":"sap.m.Button","viewName":"etm.portal.ui.managestatesandperformance.view.Detail","viewId":"application-managestatesandperformance-display-component---detailStateAndPerform","bindingPath":{"path":"","propertyPath":"/allowAddEdit","modelName":"oScreenModel"},"searchOpenDialogs":true,"interaction":{"idSuffix":"BDI-content"}},"wdio_ui5_key":"etmportal.ui.managestatesandperformance.view.Detailsap.m.Button{\"path\":\"\",\"propertyPath\":\"/allowAddEdit\",\"modelName\":\"oScreenModel\"}"}]}
RESULT: {"script":"<script> [1562 bytes]","args":[{"selector":{"controlType":"sap.m.Button","viewName":"etm.portal.ui.managestatesandperformance.view.Detail","viewId":"application-managestatesandperformance-display-component---detailStateAndPerform","bindingPath":{"path":"","propertyPath":"/allowAddEdit","modelName":"oScreenModel"},"searchOpenDialogs":true,"interaction":{"idSuffix":"BDI-content"}},"wdio_ui5_key":"etmportal.ui.managestatesandperformance.view.Detailsap.m.Button{\"path\":\"\",\"propertyPath\":\"/allowAddEdit\",\"modelName\":\"oScreenModel\"}"}]}
RESULT: undefined
COMMAND: POST /session/638b8c348501295d6d2539f1a905cf1c/element - {"using":"xpath","value":"//*[@id=\"__button387\"]"}
RESULT: {"using":"xpath","value":"//*[@id=\"__button387\"]"}
COMMAND: POST /session/638b8c348501295d6d2539f1a905cf1c/element/f.AA659E0CE08D0C76D21A3A5289A8AF5F.d.0829C6E60A7DAEC15CA74F3313BBE55E.e.18001/click - {}
RESULT: {}
RESULT: undefined
COMMAND: POST /session/638b8c348501295d6d2539f1a905cf1c/element - {"using":"xpath","value":"//*[@id=\"__button380\"]"}
COMMAND: GET /session/638b8c348501295d6d2539f1a905cf1c/screenshot - {}
RESULT: {"using":"xpath","value":"//*[@id=\"__button380\"]"}
COMMAND: POST /session/638b8c348501295d6d2539f1a905cf1c/element/f.AA659E0CE08D0C76D21A3A5289A8AF5F.d.0829C6E60A7DAEC15CA74F3313BBE55E.e.17986/click - {}
RESULT: {}
RESULT: {}
RESULT: undefined
COMMAND: POST /session/638b8c348501295d6d2539f1a905cf1c/execute/async - {"script":"<script> [776 bytes]","args":[{"enterText":"05/08/25","selector":{"id":"application-managestatesandperformance-display-component---detailStateAndPerform--perfDocDatePicker","searchOpenDialogs":true,"interaction":{"idSuffix":"inner"}},"clearTextFirst":true,"interactionType":"ENTER_TEXT"}]}
COMMAND: GET /session/638b8c348501295d6d2539f1a905cf1c/screenshot - {}
RESULT: {"script":"<script> [776 bytes]","args":[{"enterText":"05/08/25","selector":{"id":"application-managestatesandperformance-display-component---detailStateAndPerform--perfDocDatePicker","searchOpenDialogs":true,"interaction":{"idSuffix":"inner"}},"clearTextFirst":true,"interactionType":"ENTER_TEXT"}]}
RESULT: undefined
COMMAND: POST /session/638b8c348501295d6d2539f1a905cf1c/execute/async - {"script":"<script> [776 bytes]","args":[{"enterText":"20.00","selector":{"id":"application-managestatesandperformance-display-component---detailStateAndPerform--counterValue-input","searchOpenDialogs":true,"interaction":{"idSuffix":"inner"}},"clearTextFirst":true,"interactionType":"ENTER_TEXT"}]}
RESULT: {}
RESULT: {"script":"<script> [776 bytes]","args":[{"enterText":"20.00","selector":{"id":"application-managestatesandperformance-display-component---detailStateAndPerform--counterValue-input","searchOpenDialogs":true,"interaction":{"idSuffix":"inner"}},"clearTextFirst":true,"interactionType":"ENTER_TEXT"}]}
COMMAND: POST /session/638b8c348501295d6d2539f1a905cf1c/actions - {"actions":[{"id":"action63","type":"key","parameters":{},"actions":[{"type":"keyDown","value":"î€„"},{"type":"keyDown","value":"î€„"},{"type":"pause","duration":10},{"type":"keyUp","value":"î€„"},{"type":"keyUp","value":"î€„"}]}]}
RESULT: {"actions":[{"id":"action63","type":"key","parameters":{},"actions":[{"type":"keyDown","value":"î€„"},{"type":"keyDown","value":"î€„"},{"type":"pause","duration":10},{"type":"keyUp","value":"î€„"},{"type":"keyUp","value":"î€„"}]}]}
COMMAND: POST /session/638b8c348501295d6d2539f1a905cf1c/actions - {"actions":[{"id":"action64","type":"key","parameters":{},"actions":[{"type":"keyDown","value":"î€‡"},{"type":"pause","duration":10},{"type":"keyUp","value":"î€‡"}]}]}
COMMAND: GET /session/638b8c348501295d6d2539f1a905cf1c/screenshot - {}
RESULT: {"actions":[{"id":"action64","type":"key","parameters":{},"actions":[{"type":"keyDown","value":"î€‡"},{"type":"pause","duration":10},{"type":"keyUp","value":"î€‡"}]}]}
RESULT: undefined
COMMAND: POST /session/638b8c348501295d6d2539f1a905cf1c/element - {"using":"xpath","value":"//*[@id=\"__button387\"]"}
COMMAND: GET /session/638b8c348501295d6d2539f1a905cf1c/screenshot - {}
RESULT: {}
RESULT: {"using":"xpath","value":"//*[@id=\"__button387\"]"}
COMMAND: POST /session/638b8c348501295d6d2539f1a905cf1c/elements - {"using":"xpath","value":"//*[@id=\"__button387\"]"}
RESULT: {}
RESULT: {"using":"xpath","value":"//*[@id=\"__button387\"]"}
COMMAND: POST /session/638b8c348501295d6d2539f1a905cf1c/elements - {"using":"xpath","value":"//*[@id=\"__button387\"]"}
RESULT: {"using":"xpath","value":"//*[@id=\"__button387\"]"}
COMMAND: POST /session/638b8c348501295d6d2539f1a905cf1c/elements - {"using":"xpath","value":"//*[@id=\"__button387\"]"}
RESULT: {"using":"xpath","value":"//*[@id=\"__button387\"]"}
COMMAND: POST /session/638b8c348501295d6d2539f1a905cf1c/elements - {"using":"xpath","value":"//*[@id=\"__button387\"]"}
RESULT: {"using":"xpath","value":"//*[@id=\"__button387\"]"}
COMMAND: POST /session/638b8c348501295d6d2539f1a905cf1c/elements - {"using":"xpath","value":"//*[@id=\"__button387\"]"}
RESULT: {"using":"xpath","value":"//*[@id=\"__button387\"]"}
COMMAND: POST /session/638b8c348501295d6d2539f1a905cf1c/elements - {"using":"xpath","value":"//*[@id=\"__button387\"]"}
RESULT: {"using":"xpath","value":"//*[@id=\"__button387\"]"}
COMMAND: POST /session/638b8c348501295d6d2539f1a905cf1c/elements - {"using":"xpath","value":"//*[@id=\"__button387\"]"}
RESULT: {"using":"xpath","value":"//*[@id=\"__button387\"]"}
COMMAND: POST /session/638b8c348501295d6d2539f1a905cf1c/elements - {"using":"xpath","value":"//*[@id=\"__button387\"]"}
RESULT: {"using":"xpath","value":"//*[@id=\"__button387\"]"}
COMMAND: POST /session/638b8c348501295d6d2539f1a905cf1c/elements - {"using":"xpath","value":"//*[@id=\"__button387\"]"}
RESULT: {"using":"xpath","value":"//*[@id=\"__button387\"]"}
COMMAND: POST /session/638b8c348501295d6d2539f1a905cf1c/elements - {"using":"xpath","value":"//*[@id=\"__button387\"]"}
RESULT: {"using":"xpath","value":"//*[@id=\"__button387\"]"}
COMMAND: POST /session/638b8c348501295d6d2539f1a905cf1c/elements - {"using":"xpath","value":"//*[@id=\"__button387\"]"}
RESULT: {"using":"xpath","value":"//*[@id=\"__button387\"]"}
COMMAND: POST /session/638b8c348501295d6d2539f1a905cf1c/elements - {"using":"xpath","value":"//*[@id=\"__button387\"]"}
RESULT: {"using":"xpath","value":"//*[@id=\"__button387\"]"}
COMMAND: POST /session/638b8c348501295d6d2539f1a905cf1c/elements - {"using":"xpath","value":"//*[@id=\"__button387\"]"}
RESULT: {"using":"xpath","value":"//*[@id=\"__button387\"]"}
COMMAND: POST /session/638b8c348501295d6d2539f1a905cf1c/elements - {"using":"xpath","value":"//*[@id=\"__button387\"]"}
RESULT: {"using":"xpath","value":"//*[@id=\"__button387\"]"}
COMMAND: POST /session/638b8c348501295d6d2539f1a905cf1c/elements - {"using":"xpath","value":"//*[@id=\"__button387\"]"}
RESULT: {"using":"xpath","value":"//*[@id=\"__button387\"]"}
COMMAND: POST /session/638b8c348501295d6d2539f1a905cf1c/elements - {"using":"xpath","value":"//*[@id=\"__button387\"]"}
RESULT: {"using":"xpath","value":"//*[@id=\"__button387\"]"}
COMMAND: POST /session/638b8c348501295d6d2539f1a905cf1c/elements - {"using":"xpath","value":"//*[@id=\"__button387\"]"}
RESULT: {"using":"xpath","value":"//*[@id=\"__button387\"]"}
COMMAND: POST /session/638b8c348501295d6d2539f1a905cf1c/elements - {"using":"xpath","value":"//*[@id=\"__button387\"]"}
RESULT: {"using":"xpath","value":"//*[@id=\"__button387\"]"}
COMMAND: POST /session/638b8c348501295d6d2539f1a905cf1c/elements - {"using":"xpath","value":"//*[@id=\"__button387\"]"}
RESULT: {"using":"xpath","value":"//*[@id=\"__button387\"]"}
COMMAND: POST /session/638b8c348501295d6d2539f1a905cf1c/elements - {"using":"xpath","value":"//*[@id=\"__button387\"]"}
RESULT: {"using":"xpath","value":"//*[@id=\"__button387\"]"}
COMMAND: POST /session/638b8c348501295d6d2539f1a905cf1c/elements - {"using":"xpath","value":"//*[@id=\"__button387\"]"}
RESULT: {"using":"xpath","value":"//*[@id=\"__button387\"]"}
COMMAND: POST /session/638b8c348501295d6d2539f1a905cf1c/elements - {"using":"xpath","value":"//*[@id=\"__button387\"]"}
RESULT: {"using":"xpath","value":"//*[@id=\"__button387\"]"}
COMMAND: POST /session/638b8c348501295d6d2539f1a905cf1c/elements - {"using":"xpath","value":"//*[@id=\"__button387\"]"}
RESULT: {"using":"xpath","value":"//*[@id=\"__button387\"]"}
COMMAND: POST /session/638b8c348501295d6d2539f1a905cf1c/elements - {"using":"xpath","value":"//*[@id=\"__button387\"]"}
RESULT: {"using":"xpath","value":"//*[@id=\"__button387\"]"}
COMMAND: POST /session/638b8c348501295d6d2539f1a905cf1c/elements - {"using":"xpath","value":"//*[@id=\"__button387\"]"}
RESULT: {"using":"xpath","value":"//*[@id=\"__button387\"]"}
COMMAND: POST /session/638b8c348501295d6d2539f1a905cf1c/elements - {"using":"xpath","value":"//*[@id=\"__button387\"]"}
RESULT: {"using":"xpath","value":"//*[@id=\"__button387\"]"}
COMMAND: POST /session/638b8c348501295d6d2539f1a905cf1c/elements - {"using":"xpath","value":"//*[@id=\"__button387\"]"}
RESULT: {"using":"xpath","value":"//*[@id=\"__button387\"]"}
COMMAND: POST /session/638b8c348501295d6d2539f1a905cf1c/elements - {"using":"xpath","value":"//*[@id=\"__button387\"]"}
RESULT: {"using":"xpath","value":"//*[@id=\"__button387\"]"}
COMMAND: POST /session/638b8c348501295d6d2539f1a905cf1c/elements - {"using":"xpath","value":"//*[@id=\"__button387\"]"}
RESULT: {"using":"xpath","value":"//*[@id=\"__button387\"]"}
COMMAND: POST /session/638b8c348501295d6d2539f1a905cf1c/elements - {"using":"xpath","value":"//*[@id=\"__button387\"]"}
RESULT: {"using":"xpath","value":"//*[@id=\"__button387\"]"}
COMMAND: POST /session/638b8c348501295d6d2539f1a905cf1c/elements - {"using":"xpath","value":"//*[@id=\"__button387\"]"}
RESULT: {"using":"xpath","value":"//*[@id=\"__button387\"]"}
COMMAND: POST /session/638b8c348501295d6d2539f1a905cf1c/elements - {"using":"xpath","value":"//*[@id=\"__button387\"]"}
RESULT: {"using":"xpath","value":"//*[@id=\"__button387\"]"}
COMMAND: POST /session/638b8c348501295d6d2539f1a905cf1c/elements - {"using":"xpath","value":"//*[@id=\"__button387\"]"}
RESULT: {"using":"xpath","value":"//*[@id=\"__button387\"]"}
COMMAND: POST /session/638b8c348501295d6d2539f1a905cf1c/elements - {"using":"xpath","value":"//*[@id=\"__button387\"]"}
RESULT: {"using":"xpath","value":"//*[@id=\"__button387\"]"}
COMMAND: POST /session/638b8c348501295d6d2539f1a905cf1c/elements - {"using":"xpath","value":"//*[@id=\"__button387\"]"}
RESULT: {"using":"xpath","value":"//*[@id=\"__button387\"]"}
COMMAND: POST /session/638b8c348501295d6d2539f1a905cf1c/elements - {"using":"xpath","value":"//*[@id=\"__button387\"]"}
RESULT: {"using":"xpath","value":"//*[@id=\"__button387\"]"}
COMMAND: POST /session/638b8c348501295d6d2539f1a905cf1c/elements - {"using":"xpath","value":"//*[@id=\"__button387\"]"}
RESULT: {"using":"xpath","value":"//*[@id=\"__button387\"]"}
COMMAND: POST /session/638b8c348501295d6d2539f1a905cf1c/elements - {"using":"xpath","value":"//*[@id=\"__button387\"]"}
RESULT: {"using":"xpath","value":"//*[@id=\"__button387\"]"}
COMMAND: POST /session/638b8c348501295d6d2539f1a905cf1c/elements - {"using":"xpath","value":"//*[@id=\"__button387\"]"}
RESULT: {"using":"xpath","value":"//*[@id=\"__button387\"]"}
COMMAND: POST /session/638b8c348501295d6d2539f1a905cf1c/elements - {"using":"xpath","value":"//*[@id=\"__button387\"]"}
RESULT: {"using":"xpath","value":"//*[@id=\"__button387\"]"}
COMMAND: POST /session/638b8c348501295d6d2539f1a905cf1c/elements - {"using":"xpath","value":"//*[@id=\"__button387\"]"}
RESULT: {"using":"xpath","value":"//*[@id=\"__button387\"]"}
COMMAND: POST /session/638b8c348501295d6d2539f1a905cf1c/elements - {"using":"xpath","value":"//*[@id=\"__button387\"]"}
RESULT: {"using":"xpath","value":"//*[@id=\"__button387\"]"}
COMMAND: POST /session/638b8c348501295d6d2539f1a905cf1c/elements - {"using":"xpath","value":"//*[@id=\"__button387\"]"}
RESULT: {"using":"xpath","value":"//*[@id=\"__button387\"]"}
COMMAND: POST /session/638b8c348501295d6d2539f1a905cf1c/elements - {"using":"xpath","value":"//*[@id=\"__button387\"]"}
RESULT: {"using":"xpath","value":"//*[@id=\"__button387\"]"}
COMMAND: POST /session/638b8c348501295d6d2539f1a905cf1c/elements - {"using":"xpath","value":"//*[@id=\"__button387\"]"}
RESULT: {"using":"xpath","value":"//*[@id=\"__button387\"]"}
COMMAND: POST /session/638b8c348501295d6d2539f1a905cf1c/elements - {"using":"xpath","value":"//*[@id=\"__button387\"]"}
RESULT: {"using":"xpath","value":"//*[@id=\"__button387\"]"}
COMMAND: POST /session/638b8c348501295d6d2539f1a905cf1c/elements - {"using":"xpath","value":"//*[@id=\"__button387\"]"}
RESULT: {"using":"xpath","value":"//*[@id=\"__button387\"]"}
COMMAND: POST /session/638b8c348501295d6d2539f1a905cf1c/elements - {"using":"xpath","value":"//*[@id=\"__button387\"]"}
RESULT: {"using":"xpath","value":"//*[@id=\"__button387\"]"}
COMMAND: POST /session/638b8c348501295d6d2539f1a905cf1c/elements - {"using":"xpath","value":"//*[@id=\"__button387\"]"}
RESULT: {"using":"xpath","value":"//*[@id=\"__button387\"]"}
COMMAND: POST /session/638b8c348501295d6d2539f1a905cf1c/elements - {"using":"xpath","value":"//*[@id=\"__button387\"]"}
RESULT: {"using":"xpath","value":"//*[@id=\"__button387\"]"}
COMMAND: POST /session/638b8c348501295d6d2539f1a905cf1c/elements - {"using":"xpath","value":"//*[@id=\"__button387\"]"}
RESULT: {"using":"xpath","value":"//*[@id=\"__button387\"]"}
COMMAND: POST /session/638b8c348501295d6d2539f1a905cf1c/elements - {"using":"xpath","value":"//*[@id=\"__button387\"]"}
RESULT: {"using":"xpath","value":"//*[@id=\"__button387\"]"}
COMMAND: POST /session/638b8c348501295d6d2539f1a905cf1c/elements - {"using":"xpath","value":"//*[@id=\"__button387\"]"}
RESULT: {"using":"xpath","value":"//*[@id=\"__button387\"]"}
COMMAND: POST /session/638b8c348501295d6d2539f1a905cf1c/elements - {"using":"xpath","value":"//*[@id=\"__button387\"]"}
RESULT: {"using":"xpath","value":"//*[@id=\"__button387\"]"}
COMMAND: POST /session/638b8c348501295d6d2539f1a905cf1c/elements - {"using":"xpath","value":"//*[@id=\"__button387\"]"}
RESULT: {"using":"xpath","value":"//*[@id=\"__button387\"]"}
COMMAND: POST /session/638b8c348501295d6d2539f1a905cf1c/elements - {"using":"xpath","value":"//*[@id=\"__button387\"]"}
RESULT: {"using":"xpath","value":"//*[@id=\"__button387\"]"}
COMMAND: POST /session/638b8c348501295d6d2539f1a905cf1c/elements - {"using":"xpath","value":"//*[@id=\"__button387\"]"}
RESULT: {"using":"xpath","value":"//*[@id=\"__button387\"]"}
COMMAND: POST /session/638b8c348501295d6d2539f1a905cf1c/elements - {"using":"xpath","value":"//*[@id=\"__button387\"]"}
RESULT: {"using":"xpath","value":"//*[@id=\"__button387\"]"}
COMMAND: POST /session/638b8c348501295d6d2539f1a905cf1c/elements - {"using":"xpath","value":"//*[@id=\"__button387\"]"}
RESULT: {"using":"xpath","value":"//*[@id=\"__button387\"]"}
COMMAND: POST /session/638b8c348501295d6d2539f1a905cf1c/elements - {"using":"xpath","value":"//*[@id=\"__button387\"]"}
RESULT: {"using":"xpath","value":"//*[@id=\"__button387\"]"}
COMMAND: POST /session/638b8c348501295d6d2539f1a905cf1c/elements - {"using":"xpath","value":"//*[@id=\"__button387\"]"}
RESULT: {"using":"xpath","value":"//*[@id=\"__button387\"]"}
COMMAND: POST /session/638b8c348501295d6d2539f1a905cf1c/elements - {"using":"xpath","value":"//*[@id=\"__button387\"]"}
RESULT: {"using":"xpath","value":"//*[@id=\"__button387\"]"}
COMMAND: POST /session/638b8c348501295d6d2539f1a905cf1c/elements - {"using":"xpath","value":"//*[@id=\"__button387\"]"}
RESULT: {"using":"xpath","value":"//*[@id=\"__button387\"]"}
COMMAND: POST /session/638b8c348501295d6d2539f1a905cf1c/elements - {"using":"xpath","value":"//*[@id=\"__button387\"]"}
RESULT: {"using":"xpath","value":"//*[@id=\"__button387\"]"}
COMMAND: POST /session/638b8c348501295d6d2539f1a905cf1c/elements - {"using":"xpath","value":"//*[@id=\"__button387\"]"}
RESULT: {"using":"xpath","value":"//*[@id=\"__button387\"]"}
COMMAND: POST /session/638b8c348501295d6d2539f1a905cf1c/elements - {"using":"xpath","value":"//*[@id=\"__button387\"]"}
RESULT: {"using":"xpath","value":"//*[@id=\"__button387\"]"}
COMMAND: POST /session/638b8c348501295d6d2539f1a905cf1c/elements - {"using":"xpath","value":"//*[@id=\"__button387\"]"}
RESULT: {"using":"xpath","value":"//*[@id=\"__button387\"]"}
COMMAND: POST /session/638b8c348501295d6d2539f1a905cf1c/elements - {"using":"xpath","value":"//*[@id=\"__button387\"]"}
RESULT: {"using":"xpath","value":"//*[@id=\"__button387\"]"}
COMMAND: POST /session/638b8c348501295d6d2539f1a905cf1c/elements - {"using":"xpath","value":"//*[@id=\"__button387\"]"}
RESULT: {"using":"xpath","value":"//*[@id=\"__button387\"]"}
COMMAND: POST /session/638b8c348501295d6d2539f1a905cf1c/elements - {"using":"xpath","value":"//*[@id=\"__button387\"]"}
RESULT: {"using":"xpath","value":"//*[@id=\"__button387\"]"}
COMMAND: POST /session/638b8c348501295d6d2539f1a905cf1c/elements - {"using":"xpath","value":"//*[@id=\"__button387\"]"}
RESULT: {"using":"xpath","value":"//*[@id=\"__button387\"]"}
COMMAND: POST /session/638b8c348501295d6d2539f1a905cf1c/elements - {"using":"xpath","value":"//*[@id=\"__button387\"]"}
RESULT: {"using":"xpath","value":"//*[@id=\"__button387\"]"}
COMMAND: POST /session/638b8c348501295d6d2539f1a905cf1c/elements - {"using":"xpath","value":"//*[@id=\"__button387\"]"}
RESULT: {"using":"xpath","value":"//*[@id=\"__button387\"]"}
COMMAND: POST /session/638b8c348501295d6d2539f1a905cf1c/elements - {"using":"xpath","value":"//*[@id=\"__button387\"]"}
RESULT: {"using":"xpath","value":"//*[@id=\"__button387\"]"}
COMMAND: POST /session/638b8c348501295d6d2539f1a905cf1c/elements - {"using":"xpath","value":"//*[@id=\"__button387\"]"}
RESULT: {"using":"xpath","value":"//*[@id=\"__button387\"]"}
COMMAND: POST /session/638b8c348501295d6d2539f1a905cf1c/elements - {"using":"xpath","value":"//*[@id=\"__button387\"]"}
RESULT: {"using":"xpath","value":"//*[@id=\"__button387\"]"}
COMMAND: POST /session/638b8c348501295d6d2539f1a905cf1c/elements - {"using":"xpath","value":"//*[@id=\"__button387\"]"}
RESULT: {"using":"xpath","value":"//*[@id=\"__button387\"]"}
COMMAND: POST /session/638b8c348501295d6d2539f1a905cf1c/elements - {"using":"xpath","value":"//*[@id=\"__button387\"]"}
RESULT: {"using":"xpath","value":"//*[@id=\"__button387\"]"}
COMMAND: POST /session/638b8c348501295d6d2539f1a905cf1c/elements - {"using":"xpath","value":"//*[@id=\"__button387\"]"}
RESULT: {"using":"xpath","value":"//*[@id=\"__button387\"]"}
COMMAND: POST /session/638b8c348501295d6d2539f1a905cf1c/elements - {"using":"xpath","value":"//*[@id=\"__button387\"]"}
RESULT: {"using":"xpath","value":"//*[@id=\"__button387\"]"}
COMMAND: POST /session/638b8c348501295d6d2539f1a905cf1c/elements - {"using":"xpath","value":"//*[@id=\"__button387\"]"}
RESULT: {"using":"xpath","value":"//*[@id=\"__button387\"]"}
COMMAND: POST /session/638b8c348501295d6d2539f1a905cf1c/elements - {"using":"xpath","value":"//*[@id=\"__button387\"]"}
RESULT: {"using":"xpath","value":"//*[@id=\"__button387\"]"}
COMMAND: POST /session/638b8c348501295d6d2539f1a905cf1c/elements - {"using":"xpath","value":"//*[@id=\"__button387\"]"}
RESULT: {"using":"xpath","value":"//*[@id=\"__button387\"]"}
COMMAND: POST /session/638b8c348501295d6d2539f1a905cf1c/elements - {"using":"xpath","value":"//*[@id=\"__button387\"]"}
RESULT: {"using":"xpath","value":"//*[@id=\"__button387\"]"}
COMMAND: POST /session/638b8c348501295d6d2539f1a905cf1c/elements - {"using":"xpath","value":"//*[@id=\"__button387\"]"}
RESULT: {"using":"xpath","value":"//*[@id=\"__button387\"]"}
COMMAND: POST /session/638b8c348501295d6d2539f1a905cf1c/elements - {"using":"xpath","value":"//*[@id=\"__button387\"]"}
RESULT: {"using":"xpath","value":"//*[@id=\"__button387\"]"}
COMMAND: POST /session/638b8c348501295d6d2539f1a905cf1c/elements - {"using":"xpath","value":"//*[@id=\"__button387\"]"}
RESULT: {"using":"xpath","value":"//*[@id=\"__button387\"]"}
COMMAND: POST /session/638b8c348501295d6d2539f1a905cf1c/elements - {"using":"xpath","value":"//*[@id=\"__button387\"]"}
RESULT: {"using":"xpath","value":"//*[@id=\"__button387\"]"}
COMMAND: POST /session/638b8c348501295d6d2539f1a905cf1c/elements - {"using":"xpath","value":"//*[@id=\"__button387\"]"}
RESULT: {"using":"xpath","value":"//*[@id=\"__button387\"]"}
COMMAND: POST /session/638b8c348501295d6d2539f1a905cf1c/elements - {"using":"xpath","value":"//*[@id=\"__button387\"]"}
RESULT: {"using":"xpath","value":"//*[@id=\"__button387\"]"}
COMMAND: POST /session/638b8c348501295d6d2539f1a905cf1c/elements - {"using":"xpath","value":"//*[@id=\"__button387\"]"}
RESULT: {"using":"xpath","value":"//*[@id=\"__button387\"]"}
COMMAND: POST /session/638b8c348501295d6d2539f1a905cf1c/elements - {"using":"xpath","value":"//*[@id=\"__button387\"]"}
RESULT: {"using":"xpath","value":"//*[@id=\"__button387\"]"}
COMMAND: POST /session/638b8c348501295d6d2539f1a905cf1c/elements - {"using":"xpath","value":"//*[@id=\"__button387\"]"}
RESULT: {"using":"xpath","value":"//*[@id=\"__button387\"]"}
COMMAND: POST /session/638b8c348501295d6d2539f1a905cf1c/elements - {"using":"xpath","value":"//*[@id=\"__button387\"]"}
RESULT: {"using":"xpath","value":"//*[@id=\"__button387\"]"}
COMMAND: POST /session/638b8c348501295d6d2539f1a905cf1c/elements - {"using":"xpath","value":"//*[@id=\"__button387\"]"}
RESULT: {"using":"xpath","value":"//*[@id=\"__button387\"]"}
COMMAND: POST /session/638b8c348501295d6d2539f1a905cf1c/elements - {"using":"xpath","value":"//*[@id=\"__button387\"]"}
RESULT: {"using":"xpath","value":"//*[@id=\"__button387\"]"}
COMMAND: POST /session/638b8c348501295d6d2539f1a905cf1c/elements - {"using":"xpath","value":"//*[@id=\"__button387\"]"}
RESULT: {"using":"xpath","value":"//*[@id=\"__button387\"]"}
COMMAND: POST /session/638b8c348501295d6d2539f1a905cf1c/elements - {"using":"xpath","value":"//*[@id=\"__button387\"]"}
RESULT: {"using":"xpath","value":"//*[@id=\"__button387\"]"}
COMMAND: POST /session/638b8c348501295d6d2539f1a905cf1c/elements - {"using":"xpath","value":"//*[@id=\"__button387\"]"}
RESULT: {"using":"xpath","value":"//*[@id=\"__button387\"]"}
COMMAND: POST /session/638b8c348501295d6d2539f1a905cf1c/elements - {"using":"xpath","value":"//*[@id=\"__button387\"]"}
RESULT: {"using":"xpath","value":"//*[@id=\"__button387\"]"}
COMMAND: POST /session/638b8c348501295d6d2539f1a905cf1c/elements - {"using":"xpath","value":"//*[@id=\"__button387\"]"}
RESULT: {"using":"xpath","value":"//*[@id=\"__button387\"]"}
COMMAND: POST /session/638b8c348501295d6d2539f1a905cf1c/elements - {"using":"xpath","value":"//*[@id=\"__button387\"]"}
RESULT: {"using":"xpath","value":"//*[@id=\"__button387\"]"}
COMMAND: POST /session/638b8c348501295d6d2539f1a905cf1c/elements - {"using":"xpath","value":"//*[@id=\"__button387\"]"}
RESULT: {"using":"xpath","value":"//*[@id=\"__button387\"]"}
COMMAND: POST /session/638b8c348501295d6d2539f1a905cf1c/elements - {"using":"xpath","value":"//*[@id=\"__button387\"]"}
RESULT: {"using":"xpath","value":"//*[@id=\"__button387\"]"}
COMMAND: POST /session/638b8c348501295d6d2539f1a905cf1c/elements - {"using":"xpath","value":"//*[@id=\"__button387\"]"}
RESULT: {"using":"xpath","value":"//*[@id=\"__button387\"]"}
COMMAND: POST /session/638b8c348501295d6d2539f1a905cf1c/elements - {"using":"xpath","value":"//*[@id=\"__button387\"]"}
RESULT: {"using":"xpath","value":"//*[@id=\"__button387\"]"}
COMMAND: POST /session/638b8c348501295d6d2539f1a905cf1c/elements - {"using":"xpath","value":"//*[@id=\"__button387\"]"}
RESULT: {"using":"xpath","value":"//*[@id=\"__button387\"]"}
COMMAND: POST /session/638b8c348501295d6d2539f1a905cf1c/elements - {"using":"xpath","value":"//*[@id=\"__button387\"]"}
RESULT: {"using":"xpath","value":"//*[@id=\"__button387\"]"}
COMMAND: POST /session/638b8c348501295d6d2539f1a905cf1c/elements - {"using":"xpath","value":"//*[@id=\"__button387\"]"}
RESULT: {"using":"xpath","value":"//*[@id=\"__button387\"]"}
COMMAND: POST /session/638b8c348501295d6d2539f1a905cf1c/elements - {"using":"xpath","value":"//*[@id=\"__button387\"]"}
RESULT: {"using":"xpath","value":"//*[@id=\"__button387\"]"}
COMMAND: POST /session/638b8c348501295d6d2539f1a905cf1c/elements - {"using":"xpath","value":"//*[@id=\"__button387\"]"}
RESULT: {"using":"xpath","value":"//*[@id=\"__button387\"]"}
COMMAND: POST /session/638b8c348501295d6d2539f1a905cf1c/elements - {"using":"xpath","value":"//*[@id=\"__button387\"]"}
RESULT: {"using":"xpath","value":"//*[@id=\"__button387\"]"}
COMMAND: POST /session/638b8c348501295d6d2539f1a905cf1c/elements - {"using":"xpath","value":"//*[@id=\"__button387\"]"}
RESULT: {"using":"xpath","value":"//*[@id=\"__button387\"]"}
COMMAND: POST /session/638b8c348501295d6d2539f1a905cf1c/elements - {"using":"xpath","value":"//*[@id=\"__button387\"]"}
RESULT: {"using":"xpath","value":"//*[@id=\"__button387\"]"}
COMMAND: POST /session/638b8c348501295d6d2539f1a905cf1c/elements - {"using":"xpath","value":"//*[@id=\"__button387\"]"}
RESULT: {"using":"xpath","value":"//*[@id=\"__button387\"]"}
COMMAND: POST /session/638b8c348501295d6d2539f1a905cf1c/elements - {"using":"xpath","value":"//*[@id=\"__button387\"]"}
RESULT: {"using":"xpath","value":"//*[@id=\"__button387\"]"}
COMMAND: POST /session/638b8c348501295d6d2539f1a905cf1c/elements - {"using":"xpath","value":"//*[@id=\"__button387\"]"}
RESULT: {"using":"xpath","value":"//*[@id=\"__button387\"]"}
COMMAND: POST /session/638b8c348501295d6d2539f1a905cf1c/elements - {"using":"xpath","value":"//*[@id=\"__button387\"]"}
RESULT: {"using":"xpath","value":"//*[@id=\"__button387\"]"}
COMMAND: POST /session/638b8c348501295d6d2539f1a905cf1c/elements - {"using":"xpath","value":"//*[@id=\"__button387\"]"}
RESULT: {"using":"xpath","value":"//*[@id=\"__button387\"]"}
COMMAND: POST /session/638b8c348501295d6d2539f1a905cf1c/elements - {"using":"xpath","value":"//*[@id=\"__button387\"]"}
RESULT: {"using":"xpath","value":"//*[@id=\"__button387\"]"}
COMMAND: POST /session/638b8c348501295d6d2539f1a905cf1c/elements - {"using":"xpath","value":"//*[@id=\"__button387\"]"}
COMMAND: POST /session/638b8c348501295d6d2539f1a905cf1c/element - {"using":"css selector","value":"#shell-header-logo"}
RESULT: {"using":"xpath","value":"//*[@id=\"__button387\"]"}
RESULT: {"using":"css selector","value":"#shell-header-logo"}
COMMAND: POST /session/638b8c348501295d6d2539f1a905cf1c/execute/sync - {"script":"<script> [8489 bytes]","args":[{"element-6066-11e4-a52e-4f735466cecf":"f.AA659E0CE08D0C76D21A3A5289A8AF5F.d.0829C6E60A7DAEC15CA74F3313BBE55E.e.17839","ELEMENT":"f.AA659E0CE08D0C76D21A3A5289A8AF5F.d.0829C6E60A7DAEC15CA74F3313BBE55E.e.17839"}]}
RESULT: {"script":"<script> [8489 bytes]","args":[{"element-6066-11e4-a52e-4f735466cecf":"f.AA659E0CE08D0C76D21A3A5289A8AF5F.d.0829C6E60A7DAEC15CA74F3313BBE55E.e.17839","ELEMENT":"f.AA659E0CE08D0C76D21A3A5289A8AF5F.d.0829C6E60A7DAEC15CA74F3313BBE55E.e.17839"}]}
COMMAND: POST /session/638b8c348501295d6d2539f1a905cf1c/execute/sync - {"script":"<script> [5351 bytes]","args":[{"element-6066-11e4-a52e-4f735466cecf":"f.AA659E0CE08D0C76D21A3A5289A8AF5F.d.0829C6E60A7DAEC15CA74F3313BBE55E.e.17839","ELEMENT":"f.AA659E0CE08D0C76D21A3A5289A8AF5F.d.0829C6E60A7DAEC15CA74F3313BBE55E.e.17839"}]}
COMMAND: GET /session/638b8c348501295d6d2539f1a905cf1c/screenshot - {}
RESULT: {"script":"<script> [5351 bytes]","args":[{"element-6066-11e4-a52e-4f735466cecf":"f.AA659E0CE08D0C76D21A3A5289A8AF5F.d.0829C6E60A7DAEC15CA74F3313BBE55E.e.17839","ELEMENT":"f.AA659E0CE08D0C76D21A3A5289A8AF5F.d.0829C6E60A7DAEC15CA74F3313BBE55E.e.17839"}]}
COMMAND: POST /session/638b8c348501295d6d2539f1a905cf1c/element/f.AA659E0CE08D0C76D21A3A5289A8AF5F.d.0829C6E60A7DAEC15CA74F3313BBE55E.e.17839/click - {}
COMMAND: GET /session/638b8c348501295d6d2539f1a905cf1c/screenshot - {}
RESULT: {}
RESULT: {}
]]></system-out>
    </testcase>
    <testcase classname="chrome.135_0_7049_96.windows.Performance_based_billing_(work_days)_US139742" name="Should go to Manage Billings and trigger calculation check the conditions applied" time="68.412">
      <system-out><![CDATA[
COMMAND: POST /session/638b8c348501295d6d2539f1a905cf1c/execute/async - {"script":"<script> [1562 bytes]","args":[{"selector":{"controlType":"sap.m.GenericTile","properties":{"header":"Manage Billings"}},"wdio_ui5_key":"sapm.GenericTile{\"header\":\"Manage Billings\"}"}]}
COMMAND: GET /session/638b8c348501295d6d2539f1a905cf1c/screenshot - {}
RESULT: {}
RESULT: {"script":"<script> [1562 bytes]","args":[{"selector":{"controlType":"sap.m.GenericTile","properties":{"header":"Manage Billings"}},"wdio_ui5_key":"sapm.GenericTile{\"header\":\"Manage Billings\"}"}]}
RESULT: undefined
COMMAND: POST /session/638b8c348501295d6d2539f1a905cf1c/element - {"using":"xpath","value":"//*[@id=\"__tile51\"]"}
RESULT: {}
RESULT: {"using":"xpath","value":"//*[@id=\"__tile51\"]"}
COMMAND: POST /session/638b8c348501295d6d2539f1a905cf1c/element/f.AA659E0CE08D0C76D21A3A5289A8AF5F.d.0829C6E60A7DAEC15CA74F3313BBE55E.e.14204/click - {}
RESULT: {}
COMMAND: GET /session/638b8c348501295d6d2539f1a905cf1c/screenshot - {}
RESULT: {}
COMMAND: POST /session/638b8c348501295d6d2539f1a905cf1c/execute/async - {"script":"<script> [1562 bytes]","args":[{"selector":{"id":"application-managebillings-display-component---billRunCalcResult--smartFilterBar-btnBasicSearch","interaction":{"idSuffix":"I"}},"wdio_ui5_key":"applicationmanagebillings-display-component---billRunCalcResult--smartFilterBar-btnBasicSearch"}]}
RESULT: {"script":"<script> [1562 bytes]","args":[{"selector":{"id":"application-managebillings-display-component---billRunCalcResult--smartFilterBar-btnBasicSearch","interaction":{"idSuffix":"I"}},"wdio_ui5_key":"applicationmanagebillings-display-component---billRunCalcResult--smartFilterBar-btnBasicSearch"}]}
RESULT: undefined
COMMAND: POST /session/638b8c348501295d6d2539f1a905cf1c/execute/async - {"script":"<script> [776 bytes]","args":[{"enterText":"10468","selector":{"id":"application-managebillings-display-component---billRunCalcResult--smartFilterBar-btnBasicSearch","interaction":{"idSuffix":"I"}},"clearTextFirst":true,"interactionType":"ENTER_TEXT"}]}
RESULT: {"script":"<script> [776 bytes]","args":[{"enterText":"10468","selector":{"id":"application-managebillings-display-component---billRunCalcResult--smartFilterBar-btnBasicSearch","interaction":{"idSuffix":"I"}},"clearTextFirst":true,"interactionType":"ENTER_TEXT"}]}
COMMAND: POST /session/638b8c348501295d6d2539f1a905cf1c/actions - {"actions":[{"id":"action65","type":"key","parameters":{},"actions":[{"type":"keyDown","value":"î€‡"},{"type":"pause","duration":10},{"type":"keyUp","value":"î€‡"}]}]}
RESULT: {"actions":[{"id":"action65","type":"key","parameters":{},"actions":[{"type":"keyDown","value":"î€‡"},{"type":"pause","duration":10},{"type":"keyUp","value":"î€‡"}]}]}
COMMAND: GET /session/638b8c348501295d6d2539f1a905cf1c/screenshot - {}
RESULT: {}
COMMAND: POST /session/638b8c348501295d6d2539f1a905cf1c/element - {"using":"xpath","value":"//td[@aria-colindex=\"1\"]/div/div[contains(@class, \"sapMCbBg\")]"}
RESULT: {"using":"xpath","value":"//td[@aria-colindex=\"1\"]/div/div[contains(@class, \"sapMCbBg\")]"}
COMMAND: POST /session/638b8c348501295d6d2539f1a905cf1c/element/f.AA659E0CE08D0C76D21A3A5289A8AF5F.d.0829C6E60A7DAEC15CA74F3313BBE55E.e.18226/click - {}
RESULT: {}
COMMAND: GET /session/638b8c348501295d6d2539f1a905cf1c/screenshot - {}
RESULT: {}
COMMAND: POST /session/638b8c348501295d6d2539f1a905cf1c/execute/async - {"script":"<script> [1562 bytes]","args":[{"selector":{"id":"application-managebillings-display-component---billRunCalcResult--contractBillRunDate","interaction":{"idSuffix":"inner"}},"wdio_ui5_key":"applicationmanagebillings-display-component---billRunCalcResult--contractBillRunDate"}]}
RESULT: {"script":"<script> [1562 bytes]","args":[{"selector":{"id":"application-managebillings-display-component---billRunCalcResult--contractBillRunDate","interaction":{"idSuffix":"inner"}},"wdio_ui5_key":"applicationmanagebillings-display-component---billRunCalcResult--contractBillRunDate"}]}
RESULT: undefined
COMMAND: POST /session/638b8c348501295d6d2539f1a905cf1c/execute/async - {"script":"<script> [776 bytes]","args":[{"enterText":"06/02/25","selector":{"id":"application-managebillings-display-component---billRunCalcResult--contractBillRunDate","interaction":{"idSuffix":"inner"}},"clearTextFirst":true,"interactionType":"ENTER_TEXT"}]}
RESULT: {"script":"<script> [776 bytes]","args":[{"enterText":"06/02/25","selector":{"id":"application-managebillings-display-component---billRunCalcResult--contractBillRunDate","interaction":{"idSuffix":"inner"}},"clearTextFirst":true,"interactionType":"ENTER_TEXT"}]}
COMMAND: POST /session/638b8c348501295d6d2539f1a905cf1c/element - {"using":"xpath","value":"//bdi[contains(text(), \"Trigger Calculation\")]"}
RESULT: {"using":"xpath","value":"//bdi[contains(text(), \"Trigger Calculation\")]"}
COMMAND: POST /session/638b8c348501295d6d2539f1a905cf1c/element/f.AA659E0CE08D0C76D21A3A5289A8AF5F.d.0829C6E60A7DAEC15CA74F3313BBE55E.e.18277/click - {}
RESULT: {}
COMMAND: GET /session/638b8c348501295d6d2539f1a905cf1c/screenshot - {}
RESULT: {}
COMMAND: POST /session/638b8c348501295d6d2539f1a905cf1c/element - {"using":"xpath","value":"(//span[contains(@id, \"imgNav\")])[1]"}
RESULT: {"using":"xpath","value":"(//span[contains(@id, \"imgNav\")])[1]"}
COMMAND: POST /session/638b8c348501295d6d2539f1a905cf1c/element/f.AA659E0CE08D0C76D21A3A5289A8AF5F.d.0829C6E60A7DAEC15CA74F3313BBE55E.e.18227/click - {}
RESULT: {}
COMMAND: GET /session/638b8c348501295d6d2539f1a905cf1c/screenshot - {}
RESULT: {}
COMMAND: POST /session/638b8c348501295d6d2539f1a905cf1c/element - {"using":"xpath","value":"//tr/td[6]/div[1]/span[1]/span[1]"}
RESULT: {"using":"xpath","value":"//tr/td[6]/div[1]/span[1]/span[1]"}
COMMAND: GET /session/638b8c348501295d6d2539f1a905cf1c/element/f.AA659E0CE08D0C76D21A3A5289A8AF5F.d.0829C6E60A7DAEC15CA74F3313BBE55E.e.18282/text - {}
RESULT: {}
COMMAND: POST /session/638b8c348501295d6d2539f1a905cf1c/element - {"using":"xpath","value":"(//span[contains(@id, \"imgNav\")])[2]"}
RESULT: {"using":"xpath","value":"(//span[contains(@id, \"imgNav\")])[2]"}
COMMAND: POST /session/638b8c348501295d6d2539f1a905cf1c/element/f.AA659E0CE08D0C76D21A3A5289A8AF5F.d.0829C6E60A7DAEC15CA74F3313BBE55E.e.18283/click - {}
RESULT: {}
COMMAND: POST /session/638b8c348501295d6d2539f1a905cf1c/element - {"using":"xpath","value":"//bdi[contains(text(), \"Business Confirm\")]"}
COMMAND: GET /session/638b8c348501295d6d2539f1a905cf1c/screenshot - {}
RESULT: {}
RESULT: {"using":"xpath","value":"//bdi[contains(text(), \"Business Confirm\")]"}
COMMAND: POST /session/638b8c348501295d6d2539f1a905cf1c/element/f.AA659E0CE08D0C76D21A3A5289A8AF5F.d.0829C6E60A7DAEC15CA74F3313BBE55E.e.18286/click - {}
COMMAND: POST /session/638b8c348501295d6d2539f1a905cf1c/element - {"using":"xpath","value":"//bdi[contains(text(), \"Business Confirm\")]"}
RESULT: {"using":"xpath","value":"//bdi[contains(text(), \"Business Confirm\")]"}
COMMAND: POST /session/638b8c348501295d6d2539f1a905cf1c/element/f.AA659E0CE08D0C76D21A3A5289A8AF5F.d.0829C6E60A7DAEC15CA74F3313BBE55E.e.18286/click - {}
COMMAND: POST /session/638b8c348501295d6d2539f1a905cf1c/element - {"using":"xpath","value":"//bdi[contains(text(), \"Business Confirm\")]"}
RESULT: {"using":"xpath","value":"//bdi[contains(text(), \"Business Confirm\")]"}
COMMAND: POST /session/638b8c348501295d6d2539f1a905cf1c/element/f.AA659E0CE08D0C76D21A3A5289A8AF5F.d.0829C6E60A7DAEC15CA74F3313BBE55E.e.18336/click - {}
RESULT: {}
COMMAND: POST /session/638b8c348501295d6d2539f1a905cf1c/element - {"using":"css selector","value":"#shell-header-logo"}
COMMAND: GET /session/638b8c348501295d6d2539f1a905cf1c/screenshot - {}
RESULT: {"using":"css selector","value":"#shell-header-logo"}
COMMAND: POST /session/638b8c348501295d6d2539f1a905cf1c/element/f.AA659E0CE08D0C76D21A3A5289A8AF5F.d.0829C6E60A7DAEC15CA74F3313BBE55E.e.18017/click - {}
RESULT: {}
RESULT: {}
COMMAND: GET /session/638b8c348501295d6d2539f1a905cf1c/screenshot - {}
RESULT: {}
COMMAND: POST /session/638b8c348501295d6d2539f1a905cf1c/element - {"using":"css selector","value":"#j_username"}
COMMAND: POST /session/638b8c348501295d6d2539f1a905cf1c/url - {"url":"https://qa-testing-00-live-etm-ui.cfapps.eu10-004.hana.ondemand.com/"}
RESULT: {"using":"css selector","value":"#j_username"}
COMMAND: POST /session/638b8c348501295d6d2539f1a905cf1c/element - {"using":"css selector","value":"#j_username"}
RESULT: {"url":"https://qa-testing-00-live-etm-ui.cfapps.eu10-004.hana.ondemand.com/"}
RESULT: undefined
COMMAND: GET /session/638b8c348501295d6d2539f1a905cf1c/screenshot - {}
RESULT: {"using":"css selector","value":"#j_username"}
COMMAND: POST /session/638b8c348501295d6d2539f1a905cf1c/element - {"using":"css selector","value":"#shell-header-logo"}
RESULT: {}
RESULT: {"using":"css selector","value":"#shell-header-logo"}
COMMAND: POST /session/638b8c348501295d6d2539f1a905cf1c/execute/sync - {"script":"<script> [8489 bytes]","args":[{"element-6066-11e4-a52e-4f735466cecf":"f.AA659E0CE08D0C76D21A3A5289A8AF5F.d.B78117CB8BC68B84E7325B8A1788A43A.e.18373","ELEMENT":"f.AA659E0CE08D0C76D21A3A5289A8AF5F.d.B78117CB8BC68B84E7325B8A1788A43A.e.18373"}]}
RESULT: {"script":"<script> [8489 bytes]","args":[{"element-6066-11e4-a52e-4f735466cecf":"f.AA659E0CE08D0C76D21A3A5289A8AF5F.d.B78117CB8BC68B84E7325B8A1788A43A.e.18373","ELEMENT":"f.AA659E0CE08D0C76D21A3A5289A8AF5F.d.B78117CB8BC68B84E7325B8A1788A43A.e.18373"}]}
COMMAND: POST /session/638b8c348501295d6d2539f1a905cf1c/element - {"using":"css selector","value":"#shell-header-logo"}
COMMAND: GET /session/638b8c348501295d6d2539f1a905cf1c/screenshot - {}
RESULT: {"using":"css selector","value":"#shell-header-logo"}
COMMAND: POST /session/638b8c348501295d6d2539f1a905cf1c/execute/sync - {"script":"<script> [8489 bytes]","args":[{"element-6066-11e4-a52e-4f735466cecf":"f.AA659E0CE08D0C76D21A3A5289A8AF5F.d.B78117CB8BC68B84E7325B8A1788A43A.e.18373","ELEMENT":"f.AA659E0CE08D0C76D21A3A5289A8AF5F.d.B78117CB8BC68B84E7325B8A1788A43A.e.18373"}]}
RESULT: {}
RESULT: {"script":"<script> [8489 bytes]","args":[{"element-6066-11e4-a52e-4f735466cecf":"f.AA659E0CE08D0C76D21A3A5289A8AF5F.d.B78117CB8BC68B84E7325B8A1788A43A.e.18373","ELEMENT":"f.AA659E0CE08D0C76D21A3A5289A8AF5F.d.B78117CB8BC68B84E7325B8A1788A43A.e.18373"}]}
COMMAND: POST /session/638b8c348501295d6d2539f1a905cf1c/execute/sync - {"script":"<script> [5351 bytes]","args":[{"element-6066-11e4-a52e-4f735466cecf":"f.AA659E0CE08D0C76D21A3A5289A8AF5F.d.B78117CB8BC68B84E7325B8A1788A43A.e.18373","ELEMENT":"f.AA659E0CE08D0C76D21A3A5289A8AF5F.d.B78117CB8BC68B84E7325B8A1788A43A.e.18373"}]}
COMMAND: GET /session/638b8c348501295d6d2539f1a905cf1c/screenshot - {}
RESULT: {"script":"<script> [5351 bytes]","args":[{"element-6066-11e4-a52e-4f735466cecf":"f.AA659E0CE08D0C76D21A3A5289A8AF5F.d.B78117CB8BC68B84E7325B8A1788A43A.e.18373","ELEMENT":"f.AA659E0CE08D0C76D21A3A5289A8AF5F.d.B78117CB8BC68B84E7325B8A1788A43A.e.18373"}]}
COMMAND: POST /session/638b8c348501295d6d2539f1a905cf1c/element - {"using":"css selector","value":"#shell-header-logo"}
COMMAND: GET /session/638b8c348501295d6d2539f1a905cf1c/screenshot - {}
RESULT: {}
RESULT: {"using":"css selector","value":"#shell-header-logo"}
COMMAND: POST /session/638b8c348501295d6d2539f1a905cf1c/element/f.AA659E0CE08D0C76D21A3A5289A8AF5F.d.B78117CB8BC68B84E7325B8A1788A43A.e.18373/click - {}
RESULT: {}
RESULT: {}
COMMAND: GET /session/638b8c348501295d6d2539f1a905cf1c/screenshot - {}
RESULT: {}
COMMAND: POST /session/638b8c348501295d6d2539f1a905cf1c/execute/async - {"script":"<script> [189 bytes]","args":[]}
RESULT: {"script":"<script> [189 bytes]","args":[]}
COMMAND: POST /session/638b8c348501295d6d2539f1a905cf1c/execute/async - {"script":"<script> [123 bytes]","args":[]}
RESULT: {"script":"<script> [123 bytes]","args":[]}
COMMAND: POST /session/638b8c348501295d6d2539f1a905cf1c/timeouts - {"script":"<number>"}
RESULT: {"script":"<number>"}
COMMAND: GET /session/638b8c348501295d6d2539f1a905cf1c/timeouts - {}
RESULT: {}
RESULT: undefined
COMMAND: POST /session/638b8c348501295d6d2539f1a905cf1c/execute/async - {"script":"<script> [2676 bytes]","args":[]}
RESULT: {"script":"<script> [2676 bytes]","args":[]}
COMMAND: POST /session/638b8c348501295d6d2539f1a905cf1c/execute/async - {"script":"<script> [2342 bytes]","args":[{"protocol":"http","hostname":"0.0.0.0","path":"/","capabilities":{"browserName":"chrome","goog:chromeOptions":{"binary":"C:\\Program Files\\Google\\Chrome\\Application\\chrome.exe","args":["--start-maximized"]}},"logLevel":"warn","connectionRetryTimeout":120000,"connectionRetryCount":3,"logLevels":{},"enableDirectConnect":true,"strictSSL":true,"_":"65 more keys: [\"cacheDir\",\"port\",\"requestedCapabilities\",\"automationProtocol\",\"baseUrl\",\"waitforInterval\",\"waitforTimeout\",\"onReload\",\"beforeCommand\",\"afterCommand\",\"rootDir\",\"specs\",\"suites\",\"exclude\",\"groupLogsByTestSpec\",\"excludeDriverLogs\",\"bail\",\"framework\",\"reporters\",\"services\",\"maxInstances\",\"maxInstancesPerCapability\",\"injectGlobals\",\"filesToWatch\",\"execArgv\",\"runnerEnv\",\"runner\",\"shard\",\"specFileRetries\",\"specFileRetriesDelay\",\"specFileRetriesDeferred\",\"reporterSyncInterval\",\"reporterSyncTimeout\",\"cucumberFeaturesWithLineNumbers\",\"autoCompileOpts\",\"mochaOpts\",\"jasmineOpts\",\"cucumberOpts\",\"onPrepare\",\"onWorkerStart\",\"onWorkerEnd\",\"before\",\"beforeSession\",\"beforeSuite\",\"beforeHook\",\"beforeTest\",\"afterTest\",\"afterHook\",\"afterSuite\",\"afterSession\",\"after\",\"onComplete\",\"beforeAssertion\",\"afterAssertion\",\"beforeFeature\",\"beforeScenario\",\"beforeStep\",\"afterStep\",\"afterScenario\",\"afterFeature\",\"_\",\"suite\",\"$0\",\"ignoredWorkerServices\",\"wdi5\"]"}]}
RESULT: {"script":"<script> [2342 bytes]","args":[{"protocol":"http","hostname":"0.0.0.0","path":"/","capabilities":{"browserName":"chrome","goog:chromeOptions":{"binary":"C:\\Program Files\\Google\\Chrome\\Application\\chrome.exe","args":["--start-maximized"]}},"logLevel":"warn","connectionRetryTimeout":120000,"connectionRetryCount":3,"logLevels":{},"enableDirectConnect":true,"strictSSL":true,"_":"65 more keys: [\"cacheDir\",\"port\",\"requestedCapabilities\",\"automationProtocol\",\"baseUrl\",\"waitforInterval\",\"waitforTimeout\",\"onReload\",\"beforeCommand\",\"afterCommand\",\"rootDir\",\"specs\",\"suites\",\"exclude\",\"groupLogsByTestSpec\",\"excludeDriverLogs\",\"bail\",\"framework\",\"reporters\",\"services\",\"maxInstances\",\"maxInstancesPerCapability\",\"injectGlobals\",\"filesToWatch\",\"execArgv\",\"runnerEnv\",\"runner\",\"shard\",\"specFileRetries\",\"specFileRetriesDelay\",\"specFileRetriesDeferred\",\"reporterSyncInterval\",\"reporterSyncTimeout\",\"cucumberFeaturesWithLineNumbers\",\"autoCompileOpts\",\"mochaOpts\",\"jasmineOpts\",\"cucumberOpts\",\"onPrepare\",\"onWorkerStart\",\"onWorkerEnd\",\"before\",\"beforeSession\",\"beforeSuite\",\"beforeHook\",\"beforeTest\",\"afterTest\",\"afterHook\",\"afterSuite\",\"afterSession\",\"after\",\"onComplete\",\"beforeAssertion\",\"afterAssertion\",\"beforeFeature\",\"beforeScenario\",\"beforeStep\",\"afterStep\",\"afterScenario\",\"afterFeature\",\"_\",\"suite\",\"$0\",\"ignoredWorkerServices\",\"wdi5\"]"}]}
COMMAND: POST /session/638b8c348501295d6d2539f1a905cf1c/execute/async - {"script":"<script> [21126 bytes]","args":[35000]}
RESULT: {"script":"<script> [21126 bytes]","args":[35000]}
COMMAND: POST /session/638b8c348501295d6d2539f1a905cf1c/window/maximize - {}
RESULT: {}
COMMAND: POST /session/638b8c348501295d6d2539f1a905cf1c/execute/async - {"script":"<script> [1562 bytes]","args":[{"selector":{"id":"shell-header","interaction":{"idSuffix":"icon"}},"wdio_ui5_key":"shellheader"}]}
COMMAND: GET /session/638b8c348501295d6d2539f1a905cf1c/screenshot - {}
RESULT: {"script":"<script> [1562 bytes]","args":[{"selector":{"id":"shell-header","interaction":{"idSuffix":"icon"}},"wdio_ui5_key":"shellheader"}]}
RESULT: undefined
COMMAND: POST /session/638b8c348501295d6d2539f1a905cf1c/refresh - {}
RESULT: {}
RESULT: {}
COMMAND: GET /session/638b8c348501295d6d2539f1a905cf1c/screenshot - {}
RESULT: {}
COMMAND: POST /session/638b8c348501295d6d2539f1a905cf1c/refresh - {}
RESULT: {}
COMMAND: GET /session/638b8c348501295d6d2539f1a905cf1c/screenshot - {}
RESULT: {}
COMMAND: POST /session/638b8c348501295d6d2539f1a905cf1c/window/fullscreen - {}
RESULT: {}
COMMAND: POST /session/638b8c348501295d6d2539f1a905cf1c/execute/async - {"script":"<script> [189 bytes]","args":[]}
RESULT: {"script":"<script> [189 bytes]","args":[]}
COMMAND: POST /session/638b8c348501295d6d2539f1a905cf1c/execute/async - {"script":"<script> [123 bytes]","args":[]}
RESULT: {"script":"<script> [123 bytes]","args":[]}
COMMAND: POST /session/638b8c348501295d6d2539f1a905cf1c/timeouts - {"script":"<number>"}
RESULT: {"script":"<number>"}
COMMAND: GET /session/638b8c348501295d6d2539f1a905cf1c/timeouts - {}
RESULT: {}
RESULT: undefined
COMMAND: POST /session/638b8c348501295d6d2539f1a905cf1c/execute/async - {"script":"<script> [2676 bytes]","args":[]}
RESULT: {"script":"<script> [2676 bytes]","args":[]}
COMMAND: POST /session/638b8c348501295d6d2539f1a905cf1c/execute/async - {"script":"<script> [2342 bytes]","args":[{"protocol":"http","hostname":"0.0.0.0","path":"/","capabilities":{"browserName":"chrome","goog:chromeOptions":{"binary":"C:\\Program Files\\Google\\Chrome\\Application\\chrome.exe","args":["--start-maximized"]}},"logLevel":"warn","connectionRetryTimeout":120000,"connectionRetryCount":3,"logLevels":{},"enableDirectConnect":true,"strictSSL":true,"_":"65 more keys: [\"cacheDir\",\"port\",\"requestedCapabilities\",\"automationProtocol\",\"baseUrl\",\"waitforInterval\",\"waitforTimeout\",\"onReload\",\"beforeCommand\",\"afterCommand\",\"rootDir\",\"specs\",\"suites\",\"exclude\",\"groupLogsByTestSpec\",\"excludeDriverLogs\",\"bail\",\"framework\",\"reporters\",\"services\",\"maxInstances\",\"maxInstancesPerCapability\",\"injectGlobals\",\"filesToWatch\",\"execArgv\",\"runnerEnv\",\"runner\",\"shard\",\"specFileRetries\",\"specFileRetriesDelay\",\"specFileRetriesDeferred\",\"reporterSyncInterval\",\"reporterSyncTimeout\",\"cucumberFeaturesWithLineNumbers\",\"autoCompileOpts\",\"mochaOpts\",\"jasmineOpts\",\"cucumberOpts\",\"onPrepare\",\"onWorkerStart\",\"onWorkerEnd\",\"before\",\"beforeSession\",\"beforeSuite\",\"beforeHook\",\"beforeTest\",\"afterTest\",\"afterHook\",\"afterSuite\",\"afterSession\",\"after\",\"onComplete\",\"beforeAssertion\",\"afterAssertion\",\"beforeFeature\",\"beforeScenario\",\"beforeStep\",\"afterStep\",\"afterScenario\",\"afterFeature\",\"_\",\"suite\",\"$0\",\"ignoredWorkerServices\",\"wdi5\"]"}]}
RESULT: {"script":"<script> [2342 bytes]","args":[{"protocol":"http","hostname":"0.0.0.0","path":"/","capabilities":{"browserName":"chrome","goog:chromeOptions":{"binary":"C:\\Program Files\\Google\\Chrome\\Application\\chrome.exe","args":["--start-maximized"]}},"logLevel":"warn","connectionRetryTimeout":120000,"connectionRetryCount":3,"logLevels":{},"enableDirectConnect":true,"strictSSL":true,"_":"65 more keys: [\"cacheDir\",\"port\",\"requestedCapabilities\",\"automationProtocol\",\"baseUrl\",\"waitforInterval\",\"waitforTimeout\",\"onReload\",\"beforeCommand\",\"afterCommand\",\"rootDir\",\"specs\",\"suites\",\"exclude\",\"groupLogsByTestSpec\",\"excludeDriverLogs\",\"bail\",\"framework\",\"reporters\",\"services\",\"maxInstances\",\"maxInstancesPerCapability\",\"injectGlobals\",\"filesToWatch\",\"execArgv\",\"runnerEnv\",\"runner\",\"shard\",\"specFileRetries\",\"specFileRetriesDelay\",\"specFileRetriesDeferred\",\"reporterSyncInterval\",\"reporterSyncTimeout\",\"cucumberFeaturesWithLineNumbers\",\"autoCompileOpts\",\"mochaOpts\",\"jasmineOpts\",\"cucumberOpts\",\"onPrepare\",\"onWorkerStart\",\"onWorkerEnd\",\"before\",\"beforeSession\",\"beforeSuite\",\"beforeHook\",\"beforeTest\",\"afterTest\",\"afterHook\",\"afterSuite\",\"afterSession\",\"after\",\"onComplete\",\"beforeAssertion\",\"afterAssertion\",\"beforeFeature\",\"beforeScenario\",\"beforeStep\",\"afterStep\",\"afterScenario\",\"afterFeature\",\"_\",\"suite\",\"$0\",\"ignoredWorkerServices\",\"wdi5\"]"}]}
COMMAND: POST /session/638b8c348501295d6d2539f1a905cf1c/execute/async - {"script":"<script> [21126 bytes]","args":[35000]}
RESULT: {"script":"<script> [21126 bytes]","args":[35000]}
]]></system-out>
    </testcase>
  </testsuite>
  <testsuite timestamp="2025-05-02T18:03:39" time="1460.085" tests="20" failures="4" errors="4" skipped="0">
    <properties>
      <property name="specId" value="0" />
      <property name="suiteName" value="Billing Calculation - Time based (considering transport times) US139738" />
      <property name="capabilities" value="chrome.135_0_7049_96.windows" />
      <property name="file" value="file:///D:/a/1/s/test/specs/BTS/billing-calculation-transp-times.spec.js" />
    </properties>
    <testcase classname="chrome.135_0_7049_96.windows.Billing_Calculation_-_Time_based_(considering_transport_times)_US139738" name="Should create a new yard" time="0.013">
      <system-out><![CDATA[
COMMAND: POST /session/638b8c348501295d6d2539f1a905cf1c/window/fullscreen - {}
RESULT: {}
]]></system-out>
    </testcase>
    <testcase classname="chrome.135_0_7049_96.windows.Billing_Calculation_-_Time_based_(considering_transport_times)_US139738" name="Should create a new partner" time="0.004" />
    <testcase classname="chrome.135_0_7049_96.windows.Billing_Calculation_-_Time_based_(considering_transport_times)_US139738" name="Should create a new site" time="0.004" />
    <testcase classname="chrome.135_0_7049_96.windows.Billing_Calculation_-_Time_based_(considering_transport_times)_US139738" name="Should create the equipment" time="144.697">
      <system-out><![CDATA[
COMMAND: POST /session/638b8c348501295d6d2539f1a905cf1c/execute/async - {"script":"<script> [1562 bytes]","args":[{"selector":{"controlType":"sap.m.GenericTile","properties":{"header":"Manage Resources"}},"wdio_ui5_key":"sapm.GenericTile{\"header\":\"Manage Resources\"}"}]}
RESULT: {"script":"<script> [1562 bytes]","args":[{"selector":{"controlType":"sap.m.GenericTile","properties":{"header":"Manage Resources"}},"wdio_ui5_key":"sapm.GenericTile{\"header\":\"Manage Resources\"}"}]}
RESULT: undefined
COMMAND: POST /session/638b8c348501295d6d2539f1a905cf1c/element - {"using":"xpath","value":"//*[@id=\"__tile39\"]"}
RESULT: {"using":"xpath","value":"//*[@id=\"__tile39\"]"}
COMMAND: POST /session/638b8c348501295d6d2539f1a905cf1c/element/f.AA659E0CE08D0C76D21A3A5289A8AF5F.d.872BBE854DA6F58A29ADE9EB17E27D1E.e.18532/click - {}
RESULT: {}
COMMAND: POST /session/638b8c348501295d6d2539f1a905cf1c/element - {"using":"xpath","value":"//button[@data-kt=\"addNewRUOverflowToolbarButton\"]"}
COMMAND: GET /session/638b8c348501295d6d2539f1a905cf1c/screenshot - {}
RESULT: {"using":"xpath","value":"//button[@data-kt=\"addNewRUOverflowToolbarButton\"]"}
COMMAND: POST /session/638b8c348501295d6d2539f1a905cf1c/elements - {"using":"xpath","value":"//button[@data-kt=\"addNewRUOverflowToolbarButton\"]"}
RESULT: {}
RESULT: {"using":"xpath","value":"//button[@data-kt=\"addNewRUOverflowToolbarButton\"]"}
COMMAND: POST /session/638b8c348501295d6d2539f1a905cf1c/elements - {"using":"xpath","value":"//button[@data-kt=\"addNewRUOverflowToolbarButton\"]"}
RESULT: {"using":"xpath","value":"//button[@data-kt=\"addNewRUOverflowToolbarButton\"]"}
COMMAND: POST /session/638b8c348501295d6d2539f1a905cf1c/elements - {"using":"xpath","value":"//button[@data-kt=\"addNewRUOverflowToolbarButton\"]"}
RESULT: {"using":"xpath","value":"//button[@data-kt=\"addNewRUOverflowToolbarButton\"]"}
COMMAND: POST /session/638b8c348501295d6d2539f1a905cf1c/elements - {"using":"xpath","value":"//button[@data-kt=\"addNewRUOverflowToolbarButton\"]"}
RESULT: {"using":"xpath","value":"//button[@data-kt=\"addNewRUOverflowToolbarButton\"]"}
COMMAND: POST /session/638b8c348501295d6d2539f1a905cf1c/elements - {"using":"xpath","value":"//button[@data-kt=\"addNewRUOverflowToolbarButton\"]"}
RESULT: {"using":"xpath","value":"//button[@data-kt=\"addNewRUOverflowToolbarButton\"]"}
COMMAND: POST /session/638b8c348501295d6d2539f1a905cf1c/elements - {"using":"xpath","value":"//button[@data-kt=\"addNewRUOverflowToolbarButton\"]"}
RESULT: {"using":"xpath","value":"//button[@data-kt=\"addNewRUOverflowToolbarButton\"]"}
COMMAND: POST /session/638b8c348501295d6d2539f1a905cf1c/elements - {"using":"xpath","value":"//button[@data-kt=\"addNewRUOverflowToolbarButton\"]"}
RESULT: {"using":"xpath","value":"//button[@data-kt=\"addNewRUOverflowToolbarButton\"]"}
COMMAND: POST /session/638b8c348501295d6d2539f1a905cf1c/elements - {"using":"xpath","value":"//button[@data-kt=\"addNewRUOverflowToolbarButton\"]"}
RESULT: {"using":"xpath","value":"//button[@data-kt=\"addNewRUOverflowToolbarButton\"]"}
COMMAND: POST /session/638b8c348501295d6d2539f1a905cf1c/elements - {"using":"xpath","value":"//button[@data-kt=\"addNewRUOverflowToolbarButton\"]"}
RESULT: {"using":"xpath","value":"//button[@data-kt=\"addNewRUOverflowToolbarButton\"]"}
COMMAND: POST /session/638b8c348501295d6d2539f1a905cf1c/elements - {"using":"xpath","value":"//button[@data-kt=\"addNewRUOverflowToolbarButton\"]"}
RESULT: {"using":"xpath","value":"//button[@data-kt=\"addNewRUOverflowToolbarButton\"]"}
COMMAND: POST /session/638b8c348501295d6d2539f1a905cf1c/elements - {"using":"xpath","value":"//button[@data-kt=\"addNewRUOverflowToolbarButton\"]"}
RESULT: {"using":"xpath","value":"//button[@data-kt=\"addNewRUOverflowToolbarButton\"]"}
COMMAND: POST /session/638b8c348501295d6d2539f1a905cf1c/elements - {"using":"xpath","value":"//button[@data-kt=\"addNewRUOverflowToolbarButton\"]"}
RESULT: {"using":"xpath","value":"//button[@data-kt=\"addNewRUOverflowToolbarButton\"]"}
COMMAND: POST /session/638b8c348501295d6d2539f1a905cf1c/elements - {"using":"xpath","value":"//button[@data-kt=\"addNewRUOverflowToolbarButton\"]"}
RESULT: {"using":"xpath","value":"//button[@data-kt=\"addNewRUOverflowToolbarButton\"]"}
COMMAND: POST /session/638b8c348501295d6d2539f1a905cf1c/elements - {"using":"xpath","value":"//button[@data-kt=\"addNewRUOverflowToolbarButton\"]"}
RESULT: {"using":"xpath","value":"//button[@data-kt=\"addNewRUOverflowToolbarButton\"]"}
COMMAND: POST /session/638b8c348501295d6d2539f1a905cf1c/elements - {"using":"xpath","value":"//button[@data-kt=\"addNewRUOverflowToolbarButton\"]"}
RESULT: {"using":"xpath","value":"//button[@data-kt=\"addNewRUOverflowToolbarButton\"]"}
COMMAND: POST /session/638b8c348501295d6d2539f1a905cf1c/elements - {"using":"xpath","value":"//button[@data-kt=\"addNewRUOverflowToolbarButton\"]"}
RESULT: {"using":"xpath","value":"//button[@data-kt=\"addNewRUOverflowToolbarButton\"]"}
COMMAND: POST /session/638b8c348501295d6d2539f1a905cf1c/elements - {"using":"xpath","value":"//button[@data-kt=\"addNewRUOverflowToolbarButton\"]"}
RESULT: {"using":"xpath","value":"//button[@data-kt=\"addNewRUOverflowToolbarButton\"]"}
COMMAND: POST /session/638b8c348501295d6d2539f1a905cf1c/elements - {"using":"xpath","value":"//button[@data-kt=\"addNewRUOverflowToolbarButton\"]"}
RESULT: {"using":"xpath","value":"//button[@data-kt=\"addNewRUOverflowToolbarButton\"]"}
COMMAND: POST /session/638b8c348501295d6d2539f1a905cf1c/elements - {"using":"xpath","value":"//button[@data-kt=\"addNewRUOverflowToolbarButton\"]"}
RESULT: {"using":"xpath","value":"//button[@data-kt=\"addNewRUOverflowToolbarButton\"]"}
COMMAND: POST /session/638b8c348501295d6d2539f1a905cf1c/elements - {"using":"xpath","value":"//button[@data-kt=\"addNewRUOverflowToolbarButton\"]"}
RESULT: {"using":"xpath","value":"//button[@data-kt=\"addNewRUOverflowToolbarButton\"]"}
COMMAND: POST /session/638b8c348501295d6d2539f1a905cf1c/elements - {"using":"xpath","value":"//button[@data-kt=\"addNewRUOverflowToolbarButton\"]"}
RESULT: {"using":"xpath","value":"//button[@data-kt=\"addNewRUOverflowToolbarButton\"]"}
COMMAND: POST /session/638b8c348501295d6d2539f1a905cf1c/elements - {"using":"xpath","value":"//button[@data-kt=\"addNewRUOverflowToolbarButton\"]"}
RESULT: {"using":"xpath","value":"//button[@data-kt=\"addNewRUOverflowToolbarButton\"]"}
COMMAND: POST /session/638b8c348501295d6d2539f1a905cf1c/elements - {"using":"xpath","value":"//button[@data-kt=\"addNewRUOverflowToolbarButton\"]"}
RESULT: {"using":"xpath","value":"//button[@data-kt=\"addNewRUOverflowToolbarButton\"]"}
COMMAND: POST /session/638b8c348501295d6d2539f1a905cf1c/elements - {"using":"xpath","value":"//button[@data-kt=\"addNewRUOverflowToolbarButton\"]"}
RESULT: {"using":"xpath","value":"//button[@data-kt=\"addNewRUOverflowToolbarButton\"]"}
COMMAND: POST /session/638b8c348501295d6d2539f1a905cf1c/elements - {"using":"xpath","value":"//button[@data-kt=\"addNewRUOverflowToolbarButton\"]"}
RESULT: {"using":"xpath","value":"//button[@data-kt=\"addNewRUOverflowToolbarButton\"]"}
COMMAND: POST /session/638b8c348501295d6d2539f1a905cf1c/elements - {"using":"xpath","value":"//button[@data-kt=\"addNewRUOverflowToolbarButton\"]"}
RESULT: {"using":"xpath","value":"//button[@data-kt=\"addNewRUOverflowToolbarButton\"]"}
COMMAND: POST /session/638b8c348501295d6d2539f1a905cf1c/elements - {"using":"xpath","value":"//button[@data-kt=\"addNewRUOverflowToolbarButton\"]"}
RESULT: {"using":"xpath","value":"//button[@data-kt=\"addNewRUOverflowToolbarButton\"]"}
COMMAND: POST /session/638b8c348501295d6d2539f1a905cf1c/elements - {"using":"xpath","value":"//button[@data-kt=\"addNewRUOverflowToolbarButton\"]"}
RESULT: {"using":"xpath","value":"//button[@data-kt=\"addNewRUOverflowToolbarButton\"]"}
COMMAND: POST /session/638b8c348501295d6d2539f1a905cf1c/element - {"using":"xpath","value":"//button[@data-kt=\"addNewRUOverflowToolbarButton\"]"}
RESULT: {"using":"xpath","value":"//button[@data-kt=\"addNewRUOverflowToolbarButton\"]"}
COMMAND: POST /session/638b8c348501295d6d2539f1a905cf1c/execute/sync - {"script":"<script> [8489 bytes]","args":[{"element-6066-11e4-a52e-4f735466cecf":"f.AA659E0CE08D0C76D21A3A5289A8AF5F.d.872BBE854DA6F58A29ADE9EB17E27D1E.e.18671","ELEMENT":"f.AA659E0CE08D0C76D21A3A5289A8AF5F.d.872BBE854DA6F58A29ADE9EB17E27D1E.e.18671"}]}
RESULT: {"script":"<script> [8489 bytes]","args":[{"element-6066-11e4-a52e-4f735466cecf":"f.AA659E0CE08D0C76D21A3A5289A8AF5F.d.872BBE854DA6F58A29ADE9EB17E27D1E.e.18671","ELEMENT":"f.AA659E0CE08D0C76D21A3A5289A8AF5F.d.872BBE854DA6F58A29ADE9EB17E27D1E.e.18671"}]}
COMMAND: GET /session/638b8c348501295d6d2539f1a905cf1c/element/f.AA659E0CE08D0C76D21A3A5289A8AF5F.d.872BBE854DA6F58A29ADE9EB17E27D1E.e.18671/enabled - {}
COMMAND: GET /session/638b8c348501295d6d2539f1a905cf1c/screenshot - {}
RESULT: {}
COMMAND: POST /session/638b8c348501295d6d2539f1a905cf1c/execute/sync - {"script":"<script> [8489 bytes]","args":[{"element-6066-11e4-a52e-4f735466cecf":"f.AA659E0CE08D0C76D21A3A5289A8AF5F.d.872BBE854DA6F58A29ADE9EB17E27D1E.e.18671","ELEMENT":"f.AA659E0CE08D0C76D21A3A5289A8AF5F.d.872BBE854DA6F58A29ADE9EB17E27D1E.e.18671"}]}
COMMAND: GET /session/638b8c348501295d6d2539f1a905cf1c/screenshot - {}
RESULT: {}
RESULT: {"script":"<script> [8489 bytes]","args":[{"element-6066-11e4-a52e-4f735466cecf":"f.AA659E0CE08D0C76D21A3A5289A8AF5F.d.872BBE854DA6F58A29ADE9EB17E27D1E.e.18671","ELEMENT":"f.AA659E0CE08D0C76D21A3A5289A8AF5F.d.872BBE854DA6F58A29ADE9EB17E27D1E.e.18671"}]}
COMMAND: POST /session/638b8c348501295d6d2539f1a905cf1c/execute/sync - {"script":"<script> [5351 bytes]","args":[{"element-6066-11e4-a52e-4f735466cecf":"f.AA659E0CE08D0C76D21A3A5289A8AF5F.d.872BBE854DA6F58A29ADE9EB17E27D1E.e.18671","ELEMENT":"f.AA659E0CE08D0C76D21A3A5289A8AF5F.d.872BBE854DA6F58A29ADE9EB17E27D1E.e.18671"}]}
COMMAND: GET /session/638b8c348501295d6d2539f1a905cf1c/screenshot - {}
RESULT: {}
RESULT: {"script":"<script> [5351 bytes]","args":[{"element-6066-11e4-a52e-4f735466cecf":"f.AA659E0CE08D0C76D21A3A5289A8AF5F.d.872BBE854DA6F58A29ADE9EB17E27D1E.e.18671","ELEMENT":"f.AA659E0CE08D0C76D21A3A5289A8AF5F.d.872BBE854DA6F58A29ADE9EB17E27D1E.e.18671"}]}
COMMAND: POST /session/638b8c348501295d6d2539f1a905cf1c/element/f.AA659E0CE08D0C76D21A3A5289A8AF5F.d.872BBE854DA6F58A29ADE9EB17E27D1E.e.18671/click - {}
COMMAND: GET /session/638b8c348501295d6d2539f1a905cf1c/screenshot - {}
RESULT: {}
RESULT: {}
COMMAND: GET /session/638b8c348501295d6d2539f1a905cf1c/screenshot - {}
COMMAND: POST /session/638b8c348501295d6d2539f1a905cf1c/execute/async - {"script":"<script> [1562 bytes]","args":[{"selector":{"id":"application-manageresources-display-component---newResourceUnit--TYPE-arrow"},"wdio_ui5_key":"applicationmanageresources-display-component---newResourceUnit--TYPE-arrow"}]}
RESULT: {}
RESULT: {}
RESULT: {"script":"<script> [1562 bytes]","args":[{"selector":{"id":"application-manageresources-display-component---newResourceUnit--TYPE-arrow"},"wdio_ui5_key":"applicationmanageresources-display-component---newResourceUnit--TYPE-arrow"}]}
RESULT: undefined
COMMAND: POST /session/638b8c348501295d6d2539f1a905cf1c/element - {"using":"xpath","value":"//*[@id=\"application-manageresources-display-component---newResourceUnit--TYPE-arrow\"]"}
RESULT: {"using":"xpath","value":"//*[@id=\"application-manageresources-display-component---newResourceUnit--TYPE-arrow\"]"}
COMMAND: POST /session/638b8c348501295d6d2539f1a905cf1c/element/f.AA659E0CE08D0C76D21A3A5289A8AF5F.d.872BBE854DA6F58A29ADE9EB17E27D1E.e.19026/click - {}
RESULT: {}
COMMAND: POST /session/638b8c348501295d6d2539f1a905cf1c/element - {"using":"xpath","value":"//input[@id=\"application-manageresources-display-component---newResourceUnit--TYPE-inner\"]"}
COMMAND: GET /session/638b8c348501295d6d2539f1a905cf1c/screenshot - {}
RESULT: {"using":"xpath","value":"//input[@id=\"application-manageresources-display-component---newResourceUnit--TYPE-inner\"]"}
COMMAND: POST /session/638b8c348501295d6d2539f1a905cf1c/element/f.AA659E0CE08D0C76D21A3A5289A8AF5F.d.872BBE854DA6F58A29ADE9EB17E27D1E.e.19023/clear - {}
RESULT: {}
RESULT: {}
COMMAND: POST /session/638b8c348501295d6d2539f1a905cf1c/element/f.AA659E0CE08D0C76D21A3A5289A8AF5F.d.872BBE854DA6F58A29ADE9EB17E27D1E.e.19023/value - {"text":"Equipment"}
COMMAND: GET /session/638b8c348501295d6d2539f1a905cf1c/screenshot - {}
RESULT: {"text":"Equipment"}
COMMAND: GET /session/638b8c348501295d6d2539f1a905cf1c/screenshot - {}
RESULT: {}
RESULT: {}
COMMAND: POST /session/638b8c348501295d6d2539f1a905cf1c/actions - {"actions":[{"id":"action66","type":"key","parameters":{},"actions":[{"type":"keyDown","value":"î€‡"},{"type":"pause","duration":10},{"type":"keyUp","value":"î€‡"}]}]}
RESULT: {"actions":[{"id":"action66","type":"key","parameters":{},"actions":[{"type":"keyDown","value":"î€‡"},{"type":"pause","duration":10},{"type":"keyUp","value":"î€‡"}]}]}
COMMAND: POST /session/638b8c348501295d6d2539f1a905cf1c/execute/async - {"script":"<script> [1562 bytes]","args":[{"selector":{"id":"application-manageresources-display-component---newResourceUnit--resourceId","interaction":{"idSuffix":"inner"}},"wdio_ui5_key":"applicationmanageresources-display-component---newResourceUnit--resourceId"}]}
COMMAND: GET /session/638b8c348501295d6d2539f1a905cf1c/screenshot - {}
RESULT: {"script":"<script> [1562 bytes]","args":[{"selector":{"id":"application-manageresources-display-component---newResourceUnit--resourceId","interaction":{"idSuffix":"inner"}},"wdio_ui5_key":"applicationmanageresources-display-component---newResourceUnit--resourceId"}]}
RESULT: undefined
COMMAND: POST /session/638b8c348501295d6d2539f1a905cf1c/execute/async - {"script":"<script> [776 bytes]","args":[{"enterText":"15Ku6h0Riu","selector":{"id":"application-manageresources-display-component---newResourceUnit--resourceId","interaction":{"idSuffix":"inner"}},"clearTextFirst":true,"interactionType":"ENTER_TEXT"}]}
RESULT: {}
RESULT: {"script":"<script> [776 bytes]","args":[{"enterText":"15Ku6h0Riu","selector":{"id":"application-manageresources-display-component---newResourceUnit--resourceId","interaction":{"idSuffix":"inner"}},"clearTextFirst":true,"interactionType":"ENTER_TEXT"}]}
COMMAND: POST /session/638b8c348501295d6d2539f1a905cf1c/execute/async - {"script":"<script> [1562 bytes]","args":[{"selector":{"id":"application-manageresources-display-component---newResourceUnit--SHORT_TEXT","interaction":{"idSuffix":"inner"}},"wdio_ui5_key":"applicationmanageresources-display-component---newResourceUnit--SHORT_TEXT"}]}
RESULT: {"script":"<script> [1562 bytes]","args":[{"selector":{"id":"application-manageresources-display-component---newResourceUnit--SHORT_TEXT","interaction":{"idSuffix":"inner"}},"wdio_ui5_key":"applicationmanageresources-display-component---newResourceUnit--SHORT_TEXT"}]}
RESULT: undefined
COMMAND: POST /session/638b8c348501295d6d2539f1a905cf1c/execute/async - {"script":"<script> [776 bytes]","args":[{"enterText":"Intercompany Equipment WDIO","selector":{"id":"application-manageresources-display-component---newResourceUnit--SHORT_TEXT","interaction":{"idSuffix":"inner"}},"clearTextFirst":true,"interactionType":"ENTER_TEXT"}]}
RESULT: {"script":"<script> [776 bytes]","args":[{"enterText":"Intercompany Equipment WDIO","selector":{"id":"application-manageresources-display-component---newResourceUnit--SHORT_TEXT","interaction":{"idSuffix":"inner"}},"clearTextFirst":true,"interactionType":"ENTER_TEXT"}]}
COMMAND: POST /session/638b8c348501295d6d2539f1a905cf1c/execute/async - {"script":"<script> [1562 bytes]","args":[{"selector":{"id":"application-manageresources-display-component---newResourceUnit--BASE_UNIT_OF_MEASURE","interaction":{"idSuffix":"inner"}},"wdio_ui5_key":"applicationmanageresources-display-component---newResourceUnit--BASE_UNIT_OF_MEASURE"}]}
RESULT: {"script":"<script> [1562 bytes]","args":[{"selector":{"id":"application-manageresources-display-component---newResourceUnit--BASE_UNIT_OF_MEASURE","interaction":{"idSuffix":"inner"}},"wdio_ui5_key":"applicationmanageresources-display-component---newResourceUnit--BASE_UNIT_OF_MEASURE"}]}
RESULT: undefined
COMMAND: POST /session/638b8c348501295d6d2539f1a905cf1c/execute/async - {"script":"<script> [776 bytes]","args":[{"enterText":"Piece","selector":{"id":"application-manageresources-display-component---newResourceUnit--BASE_UNIT_OF_MEASURE","interaction":{"idSuffix":"inner"}},"clearTextFirst":true,"interactionType":"ENTER_TEXT"}]}
RESULT: {"script":"<script> [776 bytes]","args":[{"enterText":"Piece","selector":{"id":"application-manageresources-display-component---newResourceUnit--BASE_UNIT_OF_MEASURE","interaction":{"idSuffix":"inner"}},"clearTextFirst":true,"interactionType":"ENTER_TEXT"}]}
COMMAND: POST /session/638b8c348501295d6d2539f1a905cf1c/execute/async - {"script":"<script> [1562 bytes]","args":[{"selector":{"id":"application-manageresources-display-component---newResourceUnit--WEIGHT_UNIT","interaction":{"idSuffix":"inner"}},"wdio_ui5_key":"applicationmanageresources-display-component---newResourceUnit--WEIGHT_UNIT"}]}
RESULT: {"script":"<script> [1562 bytes]","args":[{"selector":{"id":"application-manageresources-display-component---newResourceUnit--WEIGHT_UNIT","interaction":{"idSuffix":"inner"}},"wdio_ui5_key":"applicationmanageresources-display-component---newResourceUnit--WEIGHT_UNIT"}]}
RESULT: undefined
COMMAND: POST /session/638b8c348501295d6d2539f1a905cf1c/execute/async - {"script":"<script> [776 bytes]","args":[{"enterText":"Gram","selector":{"id":"application-manageresources-display-component---newResourceUnit--WEIGHT_UNIT","interaction":{"idSuffix":"inner"}},"clearTextFirst":true,"interactionType":"ENTER_TEXT"}]}
RESULT: {"script":"<script> [776 bytes]","args":[{"enterText":"Gram","selector":{"id":"application-manageresources-display-component---newResourceUnit--WEIGHT_UNIT","interaction":{"idSuffix":"inner"}},"clearTextFirst":true,"interactionType":"ENTER_TEXT"}]}
COMMAND: POST /session/638b8c348501295d6d2539f1a905cf1c/execute/async - {"script":"<script> [1562 bytes]","args":[{"selector":{"id":"application-manageresources-display-component---newResourceUnit--DIMENSION_UNIT","interaction":{"idSuffix":"inner"}},"wdio_ui5_key":"applicationmanageresources-display-component---newResourceUnit--DIMENSION_UNIT"}]}
RESULT: {"script":"<script> [1562 bytes]","args":[{"selector":{"id":"application-manageresources-display-component---newResourceUnit--DIMENSION_UNIT","interaction":{"idSuffix":"inner"}},"wdio_ui5_key":"applicationmanageresources-display-component---newResourceUnit--DIMENSION_UNIT"}]}
RESULT: undefined
COMMAND: POST /session/638b8c348501295d6d2539f1a905cf1c/execute/async - {"script":"<script> [776 bytes]","args":[{"enterText":"Meter","selector":{"id":"application-manageresources-display-component---newResourceUnit--DIMENSION_UNIT","interaction":{"idSuffix":"inner"}},"clearTextFirst":true,"interactionType":"ENTER_TEXT"}]}
RESULT: {"script":"<script> [776 bytes]","args":[{"enterText":"Meter","selector":{"id":"application-manageresources-display-component---newResourceUnit--DIMENSION_UNIT","interaction":{"idSuffix":"inner"}},"clearTextFirst":true,"interactionType":"ENTER_TEXT"}]}
COMMAND: POST /session/638b8c348501295d6d2539f1a905cf1c/execute/async - {"script":"<script> [1562 bytes]","args":[{"selector":{"id":"application-manageresources-display-component---newResourceUnit--newRRUPage-anchBar-application-manageresources-display-component---newResourceUnit--control-anchor","interaction":{"idSuffix":"BDI-content"}},"wdio_ui5_key":"applicationmanageresources-display-component---newResourceUnit--newRRUPage-anchBar-application-manageresources-display-component---newResourceUnit--control-anchor"}]}
RESULT: {"script":"<script> [1562 bytes]","args":[{"selector":{"id":"application-manageresources-display-component---newResourceUnit--newRRUPage-anchBar-application-manageresources-display-component---newResourceUnit--control-anchor","interaction":{"idSuffix":"BDI-content"}},"wdio_ui5_key":"applicationmanageresources-display-component---newResourceUnit--newRRUPage-anchBar-application-manageresources-display-component---newResourceUnit--control-anchor"}]}
RESULT: undefined
COMMAND: POST /session/638b8c348501295d6d2539f1a905cf1c/element - {"using":"xpath","value":"//*[@id=\"application-manageresources-display-component---newResourceUnit--newRRUPage-anchBar-application-manageresources-display-component---newResourceUnit--control-anchor\"]"}
RESULT: {"using":"xpath","value":"//*[@id=\"application-manageresources-display-component---newResourceUnit--newRRUPage-anchBar-application-manageresources-display-component---newResourceUnit--control-anchor\"]"}
COMMAND: POST /session/638b8c348501295d6d2539f1a905cf1c/element/f.AA659E0CE08D0C76D21A3A5289A8AF5F.d.872BBE854DA6F58A29ADE9EB17E27D1E.e.19162/click - {}
RESULT: {}
COMMAND: POST /session/638b8c348501295d6d2539f1a905cf1c/execute/async - {"script":"<script> [1562 bytes]","args":[{"selector":{"id":"application-manageresources-display-component---newResourceUnit--PLANNING_GROUP","interaction":{"idSuffix":"inner"}},"wdio_ui5_key":"applicationmanageresources-display-component---newResourceUnit--PLANNING_GROUP"}]}
COMMAND: GET /session/638b8c348501295d6d2539f1a905cf1c/screenshot - {}
RESULT: {"script":"<script> [1562 bytes]","args":[{"selector":{"id":"application-manageresources-display-component---newResourceUnit--PLANNING_GROUP","interaction":{"idSuffix":"inner"}},"wdio_ui5_key":"applicationmanageresources-display-component---newResourceUnit--PLANNING_GROUP"}]}
RESULT: undefined
COMMAND: POST /session/638b8c348501295d6d2539f1a905cf1c/execute/async - {"script":"<script> [776 bytes]","args":[{"enterText":"Heavy Equi","selector":{"id":"application-manageresources-display-component---newResourceUnit--PLANNING_GROUP","interaction":{"idSuffix":"inner"}},"clearTextFirst":true,"interactionType":"ENTER_TEXT"}]}
RESULT: {}
RESULT: {"script":"<script> [776 bytes]","args":[{"enterText":"Heavy Equi","selector":{"id":"application-manageresources-display-component---newResourceUnit--PLANNING_GROUP","interaction":{"idSuffix":"inner"}},"clearTextFirst":true,"interactionType":"ENTER_TEXT"}]}
COMMAND: POST /session/638b8c348501295d6d2539f1a905cf1c/execute/async - {"script":"<script> [1562 bytes]","args":[{"selector":{"id":"application-manageresources-display-component---newResourceUnit--ITEM_TYPE-arrow"},"wdio_ui5_key":"applicationmanageresources-display-component---newResourceUnit--ITEM_TYPE-arrow"}]}
RESULT: {"script":"<script> [1562 bytes]","args":[{"selector":{"id":"application-manageresources-display-component---newResourceUnit--ITEM_TYPE-arrow"},"wdio_ui5_key":"applicationmanageresources-display-component---newResourceUnit--ITEM_TYPE-arrow"}]}
RESULT: undefined
COMMAND: POST /session/638b8c348501295d6d2539f1a905cf1c/element - {"using":"xpath","value":"//*[@id=\"application-manageresources-display-component---newResourceUnit--ITEM_TYPE-arrow\"]"}
RESULT: {"using":"xpath","value":"//*[@id=\"application-manageresources-display-component---newResourceUnit--ITEM_TYPE-arrow\"]"}
COMMAND: POST /session/638b8c348501295d6d2539f1a905cf1c/element/f.AA659E0CE08D0C76D21A3A5289A8AF5F.d.872BBE854DA6F58A29ADE9EB17E27D1E.e.19169/click - {}
RESULT: {}
COMMAND: POST /session/638b8c348501295d6d2539f1a905cf1c/element - {"using":"xpath","value":"(//span[contains(text(), \"Resource Unit\")])[2]"}
COMMAND: GET /session/638b8c348501295d6d2539f1a905cf1c/screenshot - {}
RESULT: {"using":"xpath","value":"(//span[contains(text(), \"Resource Unit\")])[2]"}
COMMAND: POST /session/638b8c348501295d6d2539f1a905cf1c/element/f.AA659E0CE08D0C76D21A3A5289A8AF5F.d.872BBE854DA6F58A29ADE9EB17E27D1E.e.19170/click - {}
RESULT: {}
RESULT: {}
COMMAND: GET /session/638b8c348501295d6d2539f1a905cf1c/screenshot - {}
RESULT: {}
COMMAND: POST /session/638b8c348501295d6d2539f1a905cf1c/element - {"using":"css selector","value":"#application-manageresources-display-component---newResourceUnit--btnAddTimeSegment"}
RESULT: {"using":"css selector","value":"#application-manageresources-display-component---newResourceUnit--btnAddTimeSegment"}
COMMAND: GET /session/638b8c348501295d6d2539f1a905cf1c/element/f.AA659E0CE08D0C76D21A3A5289A8AF5F.d.872BBE854DA6F58A29ADE9EB17E27D1E.e.19171/rect - {}
RESULT: {}
COMMAND: GET /session/638b8c348501295d6d2539f1a905cf1c/window/rect - {}
RESULT: {}
COMMAND: POST /session/638b8c348501295d6d2539f1a905cf1c/execute/sync - {"script":"<script> [92 bytes]","args":[]}
RESULT: {"script":"<script> [92 bytes]","args":[]}
COMMAND: POST /session/638b8c348501295d6d2539f1a905cf1c/actions - {"actions":[{"id":"action67","type":"wheel","parameters":{},"actions":[{"type":"scroll","x":-1888,"y":-32,"deltaX":0,"deltaY":0,"duration":0,"origin":{"element-6066-11e4-a52e-4f735466cecf":"f.AA659E0CE08D0C76D21A3A5289A8AF5F.d.872BBE854DA6F58A29ADE9EB17E27D1E.e.19171"}}]}]}
COMMAND: GET /session/638b8c348501295d6d2539f1a905cf1c/screenshot - {}
RESULT: {}
COMMAND: POST /session/638b8c348501295d6d2539f1a905cf1c/execute/sync - {"script":"<script> [79 bytes]","args":[{"element-6066-11e4-a52e-4f735466cecf":"f.AA659E0CE08D0C76D21A3A5289A8AF5F.d.872BBE854DA6F58A29ADE9EB17E27D1E.e.19171","ELEMENT":"f.AA659E0CE08D0C76D21A3A5289A8AF5F.d.872BBE854DA6F58A29ADE9EB17E27D1E.e.19171"},{"block":"start","inline":"nearest"}]}
RESULT: {"script":"<script> [79 bytes]","args":[{"element-6066-11e4-a52e-4f735466cecf":"f.AA659E0CE08D0C76D21A3A5289A8AF5F.d.872BBE854DA6F58A29ADE9EB17E27D1E.e.19171","ELEMENT":"f.AA659E0CE08D0C76D21A3A5289A8AF5F.d.872BBE854DA6F58A29ADE9EB17E27D1E.e.19171"},{"block":"start","inline":"nearest"}]}
COMMAND: POST /session/638b8c348501295d6d2539f1a905cf1c/execute/async - {"script":"<script> [1562 bytes]","args":[{"selector":{"id":"application-manageresources-display-component---newResourceUnit--btnAddTimeSegment","interaction":{"idSuffix":"inner"}},"wdio_ui5_key":"applicationmanageresources-display-component---newResourceUnit--btnAddTimeSegment"}]}
COMMAND: GET /session/638b8c348501295d6d2539f1a905cf1c/screenshot - {}
RESULT: {"script":"<script> [1562 bytes]","args":[{"selector":{"id":"application-manageresources-display-component---newResourceUnit--btnAddTimeSegment","interaction":{"idSuffix":"inner"}},"wdio_ui5_key":"applicationmanageresources-display-component---newResourceUnit--btnAddTimeSegment"}]}
RESULT: undefined
COMMAND: POST /session/638b8c348501295d6d2539f1a905cf1c/element - {"using":"xpath","value":"//*[@id=\"application-manageresources-display-component---newResourceUnit--btnAddTimeSegment\"]"}
RESULT: {}
RESULT: {"using":"xpath","value":"//*[@id=\"application-manageresources-display-component---newResourceUnit--btnAddTimeSegment\"]"}
COMMAND: POST /session/638b8c348501295d6d2539f1a905cf1c/element/f.AA659E0CE08D0C76D21A3A5289A8AF5F.d.872BBE854DA6F58A29ADE9EB17E27D1E.e.19171/click - {}
RESULT: {}
COMMAND: GET /session/638b8c348501295d6d2539f1a905cf1c/screenshot - {}
RESULT: {}
COMMAND: POST /session/638b8c348501295d6d2539f1a905cf1c/element - {"using":"xpath","value":"//input[@id=\"application-manageresources-display-component---newResourceUnit--idRuTSAdmin-application-manageresources-display-component---newResourceUnit--RUTimeSegment-0-inner\"]"}
RESULT: {"using":"xpath","value":"//input[@id=\"application-manageresources-display-component---newResourceUnit--idRuTSAdmin-application-manageresources-display-component---newResourceUnit--RUTimeSegment-0-inner\"]"}
COMMAND: POST /session/638b8c348501295d6d2539f1a905cf1c/element/f.AA659E0CE08D0C76D21A3A5289A8AF5F.d.872BBE854DA6F58A29ADE9EB17E27D1E.e.19177/clear - {}
RESULT: {}
COMMAND: POST /session/638b8c348501295d6d2539f1a905cf1c/element/f.AA659E0CE08D0C76D21A3A5289A8AF5F.d.872BBE854DA6F58A29ADE9EB17E27D1E.e.19177/value - {"text":"510"}
COMMAND: GET /session/638b8c348501295d6d2539f1a905cf1c/screenshot - {}
RESULT: {"text":"510"}
COMMAND: GET /session/638b8c348501295d6d2539f1a905cf1c/screenshot - {}
RESULT: {}
RESULT: {}
COMMAND: POST /session/638b8c348501295d6d2539f1a905cf1c/element - {"using":"xpath","value":"//li[.//span[text()='510']]"}
RESULT: {"using":"xpath","value":"//li[.//span[text()='510']]"}
COMMAND: POST /session/638b8c348501295d6d2539f1a905cf1c/element/f.AA659E0CE08D0C76D21A3A5289A8AF5F.d.872BBE854DA6F58A29ADE9EB17E27D1E.e.19191/click - {}
RESULT: {}
COMMAND: GET /session/638b8c348501295d6d2539f1a905cf1c/screenshot - {}
RESULT: {}
COMMAND: POST /session/638b8c348501295d6d2539f1a905cf1c/element - {"using":"xpath","value":"(//span[contains(@id, \"-application-manageresources-display-component---newResourceUnit--RUTimeSegment-0-arrow\")])[6]"}
RESULT: {"using":"xpath","value":"(//span[contains(@id, \"-application-manageresources-display-component---newResourceUnit--RUTimeSegment-0-arrow\")])[6]"}
COMMAND: POST /session/638b8c348501295d6d2539f1a905cf1c/element/f.AA659E0CE08D0C76D21A3A5289A8AF5F.d.872BBE854DA6F58A29ADE9EB17E27D1E.e.19192/click - {}
RESULT: {}
COMMAND: GET /session/638b8c348501295d6d2539f1a905cf1c/screenshot - {}
RESULT: {}
COMMAND: POST /session/638b8c348501295d6d2539f1a905cf1c/element - {"using":"xpath","value":"//span[contains(text(), \"PM Order\")]"}
RESULT: {"using":"xpath","value":"//span[contains(text(), \"PM Order\")]"}
COMMAND: POST /session/638b8c348501295d6d2539f1a905cf1c/element/f.AA659E0CE08D0C76D21A3A5289A8AF5F.d.872BBE854DA6F58A29ADE9EB17E27D1E.e.19195/click - {}
RESULT: {}
COMMAND: GET /session/638b8c348501295d6d2539f1a905cf1c/screenshot - {}
RESULT: {}
COMMAND: POST /session/638b8c348501295d6d2539f1a905cf1c/element - {"using":"xpath","value":"(//span[contains(@id ,\"manageresources-display-component---newResourceUnit--RUTimeSegment-0-vhi\")])[1]"}
RESULT: {"using":"xpath","value":"(//span[contains(@id ,\"manageresources-display-component---newResourceUnit--RUTimeSegment-0-vhi\")])[1]"}
COMMAND: GET /session/638b8c348501295d6d2539f1a905cf1c/element/f.AA659E0CE08D0C76D21A3A5289A8AF5F.d.872BBE854DA6F58A29ADE9EB17E27D1E.e.19199/rect - {}
RESULT: {}
COMMAND: GET /session/638b8c348501295d6d2539f1a905cf1c/window/rect - {}
RESULT: {}
COMMAND: POST /session/638b8c348501295d6d2539f1a905cf1c/execute/sync - {"script":"<script> [92 bytes]","args":[]}
RESULT: {"script":"<script> [92 bytes]","args":[]}
COMMAND: POST /session/638b8c348501295d6d2539f1a905cf1c/actions - {"actions":[{"id":"action68","type":"wheel","parameters":{},"actions":[{"type":"scroll","x":-869,"y":-24,"deltaX":0,"deltaY":0,"duration":0,"origin":{"element-6066-11e4-a52e-4f735466cecf":"f.AA659E0CE08D0C76D21A3A5289A8AF5F.d.872BBE854DA6F58A29ADE9EB17E27D1E.e.19199"}}]}]}
COMMAND: GET /session/638b8c348501295d6d2539f1a905cf1c/screenshot - {}
RESULT: {"actions":[{"id":"action68","type":"wheel","parameters":{},"actions":[{"type":"scroll","x":-869,"y":-24,"deltaX":0,"deltaY":0,"duration":0,"origin":{"element-6066-11e4-a52e-4f735466cecf":"f.AA659E0CE08D0C76D21A3A5289A8AF5F.d.872BBE854DA6F58A29ADE9EB17E27D1E.e.19199"}}]}]}
COMMAND: DELETE /session/638b8c348501295d6d2539f1a905cf1c/actions - {}
COMMAND: GET /session/638b8c348501295d6d2539f1a905cf1c/screenshot - {}
RESULT: {}
RESULT: {}
COMMAND: GET /session/638b8c348501295d6d2539f1a905cf1c/screenshot - {}
RESULT: {}
RESULT: {}
COMMAND: POST /session/638b8c348501295d6d2539f1a905cf1c/element/f.AA659E0CE08D0C76D21A3A5289A8AF5F.d.872BBE854DA6F58A29ADE9EB17E27D1E.e.19199/click - {}
RESULT: {}
COMMAND: GET /session/638b8c348501295d6d2539f1a905cf1c/screenshot - {}
RESULT: {}
COMMAND: POST /session/638b8c348501295d6d2539f1a905cf1c/execute/async - {"script":"<script> [1562 bytes]","args":[{"selector":{"controlType":"sap.m.SearchField","properties":{"placeholder":"Search"},"searchOpenDialogs":true,"interaction":{"idSuffix":"I"}},"wdio_ui5_key":"sapm.SearchField{\"placeholder\":\"Search\"}"}]}
RESULT: {"script":"<script> [1562 bytes]","args":[{"selector":{"controlType":"sap.m.SearchField","properties":{"placeholder":"Search"},"searchOpenDialogs":true,"interaction":{"idSuffix":"I"}},"wdio_ui5_key":"sapm.SearchField{\"placeholder\":\"Search\"}"}]}
RESULT: undefined
COMMAND: POST /session/638b8c348501295d6d2539f1a905cf1c/execute/async - {"script":"<script> [776 bytes]","args":[{"enterText":"4000360","selector":{"controlType":"sap.m.SearchField","properties":{"placeholder":"Search"},"searchOpenDialogs":true,"interaction":{"idSuffix":"I"}},"clearTextFirst":true,"interactionType":"ENTER_TEXT"}]}
RESULT: {"script":"<script> [776 bytes]","args":[{"enterText":"4000360","selector":{"controlType":"sap.m.SearchField","properties":{"placeholder":"Search"},"searchOpenDialogs":true,"interaction":{"idSuffix":"I"}},"clearTextFirst":true,"interactionType":"ENTER_TEXT"}]}
COMMAND: POST /session/638b8c348501295d6d2539f1a905cf1c/actions - {"actions":[{"id":"action69","type":"key","parameters":{},"actions":[{"type":"keyDown","value":"î€‡"},{"type":"pause","duration":10},{"type":"keyUp","value":"î€‡"}]}]}
RESULT: {"actions":[{"id":"action69","type":"key","parameters":{},"actions":[{"type":"keyDown","value":"î€‡"},{"type":"pause","duration":10},{"type":"keyUp","value":"î€‡"}]}]}
COMMAND: GET /session/638b8c348501295d6d2539f1a905cf1c/screenshot - {}
RESULT: {}
COMMAND: POST /session/638b8c348501295d6d2539f1a905cf1c/element - {"using":"xpath","value":"//td/div/span[contains(text(), \"BGL Vehicles\")]"}
RESULT: {"using":"xpath","value":"//td/div/span[contains(text(), \"BGL Vehicles\")]"}
COMMAND: POST /session/638b8c348501295d6d2539f1a905cf1c/element/f.AA659E0CE08D0C76D21A3A5289A8AF5F.d.872BBE854DA6F58A29ADE9EB17E27D1E.e.19222/click - {}
RESULT: {}
COMMAND: GET /session/638b8c348501295d6d2539f1a905cf1c/screenshot - {}
RESULT: {}
COMMAND: POST /session/638b8c348501295d6d2539f1a905cf1c/element - {"using":"xpath","value":"//bdi[contains(text(), \"OK\")]"}
RESULT: {"using":"xpath","value":"//bdi[contains(text(), \"OK\")]"}
COMMAND: POST /session/638b8c348501295d6d2539f1a905cf1c/element/f.AA659E0CE08D0C76D21A3A5289A8AF5F.d.872BBE854DA6F58A29ADE9EB17E27D1E.e.19223/click - {}
RESULT: {}
COMMAND: GET /session/638b8c348501295d6d2539f1a905cf1c/screenshot - {}
RESULT: {}
COMMAND: POST /session/638b8c348501295d6d2539f1a905cf1c/execute/async - {"script":"<script> [1562 bytes]","args":[{"selector":{"id":"application-manageresources-display-component---newResourceUnit--newRRUPage-anchBar-application-manageresources-display-component---newResourceUnit--resource-anchor","interaction":{"idSuffix":"BDI-content"}},"wdio_ui5_key":"applicationmanageresources-display-component---newResourceUnit--newRRUPage-anchBar-application-manageresources-display-component---newResourceUnit--resource-anchor"}]}
RESULT: {"script":"<script> [1562 bytes]","args":[{"selector":{"id":"application-manageresources-display-component---newResourceUnit--newRRUPage-anchBar-application-manageresources-display-component---newResourceUnit--resource-anchor","interaction":{"idSuffix":"BDI-content"}},"wdio_ui5_key":"applicationmanageresources-display-component---newResourceUnit--newRRUPage-anchBar-application-manageresources-display-component---newResourceUnit--resource-anchor"}]}
RESULT: undefined
COMMAND: POST /session/638b8c348501295d6d2539f1a905cf1c/element - {"using":"xpath","value":"//*[@id=\"application-manageresources-display-component---newResourceUnit--newRRUPage-anchBar-application-manageresources-display-component---newResourceUnit--resource-anchor\"]"}
RESULT: {"using":"xpath","value":"//*[@id=\"application-manageresources-display-component---newResourceUnit--newRRUPage-anchBar-application-manageresources-display-component---newResourceUnit--resource-anchor\"]"}
COMMAND: POST /session/638b8c348501295d6d2539f1a905cf1c/element/f.AA659E0CE08D0C76D21A3A5289A8AF5F.d.872BBE854DA6F58A29ADE9EB17E27D1E.e.19227/click - {}
RESULT: {}
COMMAND: POST /session/638b8c348501295d6d2539f1a905cf1c/execute/async - {"script":"<script> [1562 bytes]","args":[{"selector":{"id":"application-manageresources-display-component---newResourceUnit--PLANNED_DELIVERY_DATE","interaction":{"idSuffix":"inner"}},"wdio_ui5_key":"applicationmanageresources-display-component---newResourceUnit--PLANNED_DELIVERY_DATE"}]}
COMMAND: GET /session/638b8c348501295d6d2539f1a905cf1c/screenshot - {}
RESULT: {"script":"<script> [1562 bytes]","args":[{"selector":{"id":"application-manageresources-display-component---newResourceUnit--PLANNED_DELIVERY_DATE","interaction":{"idSuffix":"inner"}},"wdio_ui5_key":"applicationmanageresources-display-component---newResourceUnit--PLANNED_DELIVERY_DATE"}]}
RESULT: undefined
COMMAND: POST /session/638b8c348501295d6d2539f1a905cf1c/execute/async - {"script":"<script> [6424 bytes]","args":[{"element-6066-11e4-a52e-4f735466cecf":"f.AA659E0CE08D0C76D21A3A5289A8AF5F.d.872BBE854DA6F58A29ADE9EB17E27D1E.e.19084"},"setValue",["5/2/25"]]}
RESULT: {}
RESULT: {"script":"<script> [6424 bytes]","args":[{"element-6066-11e4-a52e-4f735466cecf":"f.AA659E0CE08D0C76D21A3A5289A8AF5F.d.872BBE854DA6F58A29ADE9EB17E27D1E.e.19084"},"setValue",["5/2/25"]]}
COMMAND: POST /session/638b8c348501295d6d2539f1a905cf1c/element - {"using":"xpath","value":"//button[@data-kt=\"resourceUnitSaveButton\"]"}
RESULT: {"using":"xpath","value":"//button[@data-kt=\"resourceUnitSaveButton\"]"}
COMMAND: POST /session/638b8c348501295d6d2539f1a905cf1c/element/f.AA659E0CE08D0C76D21A3A5289A8AF5F.d.872BBE854DA6F58A29ADE9EB17E27D1E.e.19044/click - {}
RESULT: {}
COMMAND: GET /session/638b8c348501295d6d2539f1a905cf1c/screenshot - {}
COMMAND: POST /session/638b8c348501295d6d2539f1a905cf1c/element - {"using":"xpath","value":"//bdi[contains(text(), \"Close\")]"}
RESULT: {}
RESULT: {"using":"xpath","value":"//bdi[contains(text(), \"Close\")]"}
COMMAND: POST /session/638b8c348501295d6d2539f1a905cf1c/element/f.AA659E0CE08D0C76D21A3A5289A8AF5F.d.872BBE854DA6F58A29ADE9EB17E27D1E.e.19235/click - {}
RESULT: {}
COMMAND: GET /session/638b8c348501295d6d2539f1a905cf1c/screenshot - {}
RESULT: {}
COMMAND: POST /session/638b8c348501295d6d2539f1a905cf1c/element - {"using":"xpath","value":"(//button[contains(@id ,\"actionsToolbar-overflowButton\")])[1]"}
RESULT: {"using":"xpath","value":"(//button[contains(@id ,\"actionsToolbar-overflowButton\")])[1]"}
COMMAND: POST /session/638b8c348501295d6d2539f1a905cf1c/element/f.AA659E0CE08D0C76D21A3A5289A8AF5F.d.872BBE854DA6F58A29ADE9EB17E27D1E.e.19265/click - {}
RESULT: {}
COMMAND: GET /session/638b8c348501295d6d2539f1a905cf1c/screenshot - {}
RESULT: {}
COMMAND: POST /session/638b8c348501295d6d2539f1a905cf1c/element - {"using":"xpath","value":"//button[@data-kt=\"priceInfoButton\"]"}
RESULT: {"using":"xpath","value":"//button[@data-kt=\"priceInfoButton\"]"}
COMMAND: POST /session/638b8c348501295d6d2539f1a905cf1c/element/f.AA659E0CE08D0C76D21A3A5289A8AF5F.d.872BBE854DA6F58A29ADE9EB17E27D1E.e.19267/click - {}
RESULT: {}
COMMAND: GET /session/638b8c348501295d6d2539f1a905cf1c/screenshot - {}
RESULT: {}
]]></system-out>
    </testcase>
    <testcase classname="chrome.135_0_7049_96.windows.Billing_Calculation_-_Time_based_(considering_transport_times)_US139738" name="Should create new pricing rule for the equipment" time="62.526">
      <system-out><![CDATA[
COMMAND: POST /session/638b8c348501295d6d2539f1a905cf1c/element - {"using":"xpath","value":"//button[@data-kt=\"addButton\"]"}
RESULT: {"using":"xpath","value":"//button[@data-kt=\"addButton\"]"}
COMMAND: POST /session/638b8c348501295d6d2539f1a905cf1c/elements - {"using":"xpath","value":"//button[@data-kt=\"addButton\"]"}
RESULT: {"using":"xpath","value":"//button[@data-kt=\"addButton\"]"}
COMMAND: POST /session/638b8c348501295d6d2539f1a905cf1c/element - {"using":"xpath","value":"//button[@data-kt=\"addButton\"]"}
RESULT: {"using":"xpath","value":"//button[@data-kt=\"addButton\"]"}
COMMAND: POST /session/638b8c348501295d6d2539f1a905cf1c/execute/sync - {"script":"<script> [8489 bytes]","args":[{"element-6066-11e4-a52e-4f735466cecf":"f.AA659E0CE08D0C76D21A3A5289A8AF5F.d.872BBE854DA6F58A29ADE9EB17E27D1E.e.19305","ELEMENT":"f.AA659E0CE08D0C76D21A3A5289A8AF5F.d.872BBE854DA6F58A29ADE9EB17E27D1E.e.19305"}]}
RESULT: {"script":"<script> [8489 bytes]","args":[{"element-6066-11e4-a52e-4f735466cecf":"f.AA659E0CE08D0C76D21A3A5289A8AF5F.d.872BBE854DA6F58A29ADE9EB17E27D1E.e.19305","ELEMENT":"f.AA659E0CE08D0C76D21A3A5289A8AF5F.d.872BBE854DA6F58A29ADE9EB17E27D1E.e.19305"}]}
COMMAND: GET /session/638b8c348501295d6d2539f1a905cf1c/element/f.AA659E0CE08D0C76D21A3A5289A8AF5F.d.872BBE854DA6F58A29ADE9EB17E27D1E.e.19305/enabled - {}
COMMAND: GET /session/638b8c348501295d6d2539f1a905cf1c/screenshot - {}
RESULT: {}
COMMAND: POST /session/638b8c348501295d6d2539f1a905cf1c/execute/sync - {"script":"<script> [8489 bytes]","args":[{"element-6066-11e4-a52e-4f735466cecf":"f.AA659E0CE08D0C76D21A3A5289A8AF5F.d.872BBE854DA6F58A29ADE9EB17E27D1E.e.19305","ELEMENT":"f.AA659E0CE08D0C76D21A3A5289A8AF5F.d.872BBE854DA6F58A29ADE9EB17E27D1E.e.19305"}]}
COMMAND: GET /session/638b8c348501295d6d2539f1a905cf1c/screenshot - {}
RESULT: {}
RESULT: {"script":"<script> [8489 bytes]","args":[{"element-6066-11e4-a52e-4f735466cecf":"f.AA659E0CE08D0C76D21A3A5289A8AF5F.d.872BBE854DA6F58A29ADE9EB17E27D1E.e.19305","ELEMENT":"f.AA659E0CE08D0C76D21A3A5289A8AF5F.d.872BBE854DA6F58A29ADE9EB17E27D1E.e.19305"}]}
COMMAND: POST /session/638b8c348501295d6d2539f1a905cf1c/execute/sync - {"script":"<script> [5351 bytes]","args":[{"element-6066-11e4-a52e-4f735466cecf":"f.AA659E0CE08D0C76D21A3A5289A8AF5F.d.872BBE854DA6F58A29ADE9EB17E27D1E.e.19305","ELEMENT":"f.AA659E0CE08D0C76D21A3A5289A8AF5F.d.872BBE854DA6F58A29ADE9EB17E27D1E.e.19305"}]}
COMMAND: GET /session/638b8c348501295d6d2539f1a905cf1c/screenshot - {}
RESULT: {}
RESULT: {"script":"<script> [5351 bytes]","args":[{"element-6066-11e4-a52e-4f735466cecf":"f.AA659E0CE08D0C76D21A3A5289A8AF5F.d.872BBE854DA6F58A29ADE9EB17E27D1E.e.19305","ELEMENT":"f.AA659E0CE08D0C76D21A3A5289A8AF5F.d.872BBE854DA6F58A29ADE9EB17E27D1E.e.19305"}]}
COMMAND: POST /session/638b8c348501295d6d2539f1a905cf1c/element/f.AA659E0CE08D0C76D21A3A5289A8AF5F.d.872BBE854DA6F58A29ADE9EB17E27D1E.e.19305/click - {}
COMMAND: GET /session/638b8c348501295d6d2539f1a905cf1c/screenshot - {}
RESULT: {}
RESULT: {}
COMMAND: GET /session/638b8c348501295d6d2539f1a905cf1c/screenshot - {}
RESULT: {}
RESULT: {}
COMMAND: POST /session/638b8c348501295d6d2539f1a905cf1c/execute/async - {"script":"<script> [1562 bytes]","args":[{"selector":{"controlType":"sap.m.Title","viewName":"etm.portal.ui.managepricingrules.view.NewItem","viewId":"application-managepricingrules-display-component---newInfoPriceItem","properties":{"text":"New Pricing Rules - Item Level"}},"wdio_ui5_key":"etmportal.ui.managepricingrules.view.NewItemsap.m.Title{\"text\":\"New Pricing Rules - Item Level\"}"}]}
RESULT: {"script":"<script> [1562 bytes]","args":[{"selector":{"controlType":"sap.m.Title","viewName":"etm.portal.ui.managepricingrules.view.NewItem","viewId":"application-managepricingrules-display-component---newInfoPriceItem","properties":{"text":"New Pricing Rules - Item Level"}},"wdio_ui5_key":"etmportal.ui.managepricingrules.view.NewItemsap.m.Title{\"text\":\"New Pricing Rules - Item Level\"}"}]}
RESULT: undefined
COMMAND: POST /session/638b8c348501295d6d2539f1a905cf1c/execute/async - {"script":"<script> [6424 bytes]","args":[{"element-6066-11e4-a52e-4f735466cecf":"f.AA659E0CE08D0C76D21A3A5289A8AF5F.d.872BBE854DA6F58A29ADE9EB17E27D1E.e.19465"},"getText",[]]}
RESULT: {"script":"<script> [6424 bytes]","args":[{"element-6066-11e4-a52e-4f735466cecf":"f.AA659E0CE08D0C76D21A3A5289A8AF5F.d.872BBE854DA6F58A29ADE9EB17E27D1E.e.19465"},"getText",[]]}
COMMAND: POST /session/638b8c348501295d6d2539f1a905cf1c/execute/async - {"script":"<script> [1562 bytes]","args":[{"selector":{"id":"application-managepricingrules-display-component---newInfoPriceItem--condValidTo","interaction":{"idSuffix":"inner"}},"wdio_ui5_key":"applicationmanagepricingrules-display-component---newInfoPriceItem--condValidTo"}]}
RESULT: {"script":"<script> [1562 bytes]","args":[{"selector":{"id":"application-managepricingrules-display-component---newInfoPriceItem--condValidTo","interaction":{"idSuffix":"inner"}},"wdio_ui5_key":"applicationmanagepricingrules-display-component---newInfoPriceItem--condValidTo"}]}
RESULT: undefined
COMMAND: POST /session/638b8c348501295d6d2539f1a905cf1c/execute/async - {"script":"<script> [776 bytes]","args":[{"enterText":"01/02/26","selector":{"id":"application-managepricingrules-display-component---newInfoPriceItem--condValidTo","interaction":{"idSuffix":"inner"}},"clearTextFirst":true,"interactionType":"ENTER_TEXT"}]}
RESULT: {"script":"<script> [776 bytes]","args":[{"enterText":"01/02/26","selector":{"id":"application-managepricingrules-display-component---newInfoPriceItem--condValidTo","interaction":{"idSuffix":"inner"}},"clearTextFirst":true,"interactionType":"ENTER_TEXT"}]}
COMMAND: POST /session/638b8c348501295d6d2539f1a905cf1c/execute/async - {"script":"<script> [1562 bytes]","args":[{"selector":{"id":"application-managepricingrules-display-component---newInfoPriceItem--billType-arrow"},"wdio_ui5_key":"applicationmanagepricingrules-display-component---newInfoPriceItem--billType-arrow"}]}
RESULT: {"script":"<script> [1562 bytes]","args":[{"selector":{"id":"application-managepricingrules-display-component---newInfoPriceItem--billType-arrow"},"wdio_ui5_key":"applicationmanagepricingrules-display-component---newInfoPriceItem--billType-arrow"}]}
RESULT: undefined
COMMAND: POST /session/638b8c348501295d6d2539f1a905cf1c/element - {"using":"xpath","value":"//*[@id=\"application-managepricingrules-display-component---newInfoPriceItem--billType-arrow\"]"}
RESULT: {"using":"xpath","value":"//*[@id=\"application-managepricingrules-display-component---newInfoPriceItem--billType-arrow\"]"}
COMMAND: POST /session/638b8c348501295d6d2539f1a905cf1c/element/f.AA659E0CE08D0C76D21A3A5289A8AF5F.d.872BBE854DA6F58A29ADE9EB17E27D1E.e.19467/click - {}
RESULT: {}
COMMAND: POST /session/638b8c348501295d6d2539f1a905cf1c/element - {"using":"xpath","value":"//span[contains(text(), \"TB - Time based\")]"}
COMMAND: GET /session/638b8c348501295d6d2539f1a905cf1c/screenshot - {}
RESULT: {"using":"xpath","value":"//span[contains(text(), \"TB - Time based\")]"}
COMMAND: POST /session/638b8c348501295d6d2539f1a905cf1c/element/f.AA659E0CE08D0C76D21A3A5289A8AF5F.d.872BBE854DA6F58A29ADE9EB17E27D1E.e.19468/click - {}
RESULT: {}
RESULT: {}
COMMAND: POST /session/638b8c348501295d6d2539f1a905cf1c/execute/async - {"script":"<script> [1562 bytes]","args":[{"selector":{"id":"application-managepricingrules-display-component---newInfoPriceItem--priceProc-arrow"},"wdio_ui5_key":"applicationmanagepricingrules-display-component---newInfoPriceItem--priceProc-arrow"}]}
COMMAND: GET /session/638b8c348501295d6d2539f1a905cf1c/screenshot - {}
RESULT: {"script":"<script> [1562 bytes]","args":[{"selector":{"id":"application-managepricingrules-display-component---newInfoPriceItem--priceProc-arrow"},"wdio_ui5_key":"applicationmanagepricingrules-display-component---newInfoPriceItem--priceProc-arrow"}]}
RESULT: undefined
COMMAND: POST /session/638b8c348501295d6d2539f1a905cf1c/element - {"using":"xpath","value":"//*[@id=\"application-managepricingrules-display-component---newInfoPriceItem--priceProc-arrow\"]"}
RESULT: {}
RESULT: {"using":"xpath","value":"//*[@id=\"application-managepricingrules-display-component---newInfoPriceItem--priceProc-arrow\"]"}
COMMAND: POST /session/638b8c348501295d6d2539f1a905cf1c/element/f.AA659E0CE08D0C76D21A3A5289A8AF5F.d.872BBE854DA6F58A29ADE9EB17E27D1E.e.19430/click - {}
RESULT: {}
COMMAND: POST /session/638b8c348501295d6d2539f1a905cf1c/element - {"using":"xpath","value":"//span[contains(text(), \"TBS - Time based standard\")]"}
RESULT: {"using":"xpath","value":"//span[contains(text(), \"TBS - Time based standard\")]"}
COMMAND: POST /session/638b8c348501295d6d2539f1a905cf1c/element/f.AA659E0CE08D0C76D21A3A5289A8AF5F.d.872BBE854DA6F58A29ADE9EB17E27D1E.e.19469/click - {}
RESULT: {}
COMMAND: POST /session/638b8c348501295d6d2539f1a905cf1c/execute/async - {"script":"<script> [1562 bytes]","args":[{"selector":{"id":"application-managepricingrules-display-component---newInfoPriceItem--calcBase-arrow"},"wdio_ui5_key":"applicationmanagepricingrules-display-component---newInfoPriceItem--calcBase-arrow"}]}
COMMAND: GET /session/638b8c348501295d6d2539f1a905cf1c/screenshot - {}
COMMAND: GET /session/638b8c348501295d6d2539f1a905cf1c/screenshot - {}
RESULT: {"script":"<script> [1562 bytes]","args":[{"selector":{"id":"application-managepricingrules-display-component---newInfoPriceItem--calcBase-arrow"},"wdio_ui5_key":"applicationmanagepricingrules-display-component---newInfoPriceItem--calcBase-arrow"}]}
RESULT: undefined
COMMAND: POST /session/638b8c348501295d6d2539f1a905cf1c/element - {"using":"xpath","value":"//*[@id=\"application-managepricingrules-display-component---newInfoPriceItem--calcBase-arrow\"]"}
RESULT: {}
RESULT: {}
RESULT: {"using":"xpath","value":"//*[@id=\"application-managepricingrules-display-component---newInfoPriceItem--calcBase-arrow\"]"}
COMMAND: POST /session/638b8c348501295d6d2539f1a905cf1c/element/f.AA659E0CE08D0C76D21A3A5289A8AF5F.d.872BBE854DA6F58A29ADE9EB17E27D1E.e.19437/click - {}
RESULT: {}
COMMAND: GET /session/638b8c348501295d6d2539f1a905cf1c/screenshot - {}
RESULT: {}
COMMAND: POST /session/638b8c348501295d6d2539f1a905cf1c/element - {"using":"xpath","value":"//span[contains(text(), \"0006 - TB(calendar days)\")]"}
RESULT: {"using":"xpath","value":"//span[contains(text(), \"0006 - TB(calendar days)\")]"}
COMMAND: POST /session/638b8c348501295d6d2539f1a905cf1c/element/f.AA659E0CE08D0C76D21A3A5289A8AF5F.d.872BBE854DA6F58A29ADE9EB17E27D1E.e.19470/click - {}
RESULT: {}
COMMAND: GET /session/638b8c348501295d6d2539f1a905cf1c/screenshot - {}
RESULT: {}
COMMAND: POST /session/638b8c348501295d6d2539f1a905cf1c/execute/async - {"script":"<script> [1562 bytes]","args":[{"selector":{"id":"application-managepricingrules-display-component---newInfoPriceItem--daysMonth","interaction":{"idSuffix":"inner"}},"wdio_ui5_key":"applicationmanagepricingrules-display-component---newInfoPriceItem--daysMonth"}]}
RESULT: {"script":"<script> [1562 bytes]","args":[{"selector":{"id":"application-managepricingrules-display-component---newInfoPriceItem--daysMonth","interaction":{"idSuffix":"inner"}},"wdio_ui5_key":"applicationmanagepricingrules-display-component---newInfoPriceItem--daysMonth"}]}
RESULT: undefined
COMMAND: POST /session/638b8c348501295d6d2539f1a905cf1c/execute/async - {"script":"<script> [776 bytes]","args":[{"enterText":"30","selector":{"id":"application-managepricingrules-display-component---newInfoPriceItem--daysMonth","interaction":{"idSuffix":"inner"}},"clearTextFirst":true,"interactionType":"ENTER_TEXT"}]}
RESULT: {"script":"<script> [776 bytes]","args":[{"enterText":"30","selector":{"id":"application-managepricingrules-display-component---newInfoPriceItem--daysMonth","interaction":{"idSuffix":"inner"}},"clearTextFirst":true,"interactionType":"ENTER_TEXT"}]}
COMMAND: POST /session/638b8c348501295d6d2539f1a905cf1c/element - {"using":"xpath","value":"//button[@data-kt=\"saveNewRuleButton\"]"}
RESULT: {"using":"xpath","value":"//button[@data-kt=\"saveNewRuleButton\"]"}
COMMAND: POST /session/638b8c348501295d6d2539f1a905cf1c/element/f.AA659E0CE08D0C76D21A3A5289A8AF5F.d.872BBE854DA6F58A29ADE9EB17E27D1E.e.19454/click - {}
RESULT: {}
COMMAND: GET /session/638b8c348501295d6d2539f1a905cf1c/screenshot - {}
RESULT: {}
COMMAND: POST /session/638b8c348501295d6d2539f1a905cf1c/execute/async - {"script":"<script> [1562 bytes]","args":[{"selector":{"id":"application-managepricingrules-display-component---priceInfoItem--smartFilterBar-btnBasicSearch","interaction":{"idSuffix":"I"}},"wdio_ui5_key":"applicationmanagepricingrules-display-component---priceInfoItem--smartFilterBar-btnBasicSearch"}]}
RESULT: {"script":"<script> [1562 bytes]","args":[{"selector":{"id":"application-managepricingrules-display-component---priceInfoItem--smartFilterBar-btnBasicSearch","interaction":{"idSuffix":"I"}},"wdio_ui5_key":"applicationmanagepricingrules-display-component---priceInfoItem--smartFilterBar-btnBasicSearch"}]}
RESULT: undefined
COMMAND: POST /session/638b8c348501295d6d2539f1a905cf1c/execute/async - {"script":"<script> [776 bytes]","args":[{"enterText":"15Ku6h0Riu","selector":{"id":"application-managepricingrules-display-component---priceInfoItem--smartFilterBar-btnBasicSearch","interaction":{"idSuffix":"I"}},"clearTextFirst":true,"interactionType":"ENTER_TEXT"}]}
RESULT: {"script":"<script> [776 bytes]","args":[{"enterText":"15Ku6h0Riu","selector":{"id":"application-managepricingrules-display-component---priceInfoItem--smartFilterBar-btnBasicSearch","interaction":{"idSuffix":"I"}},"clearTextFirst":true,"interactionType":"ENTER_TEXT"}]}
COMMAND: POST /session/638b8c348501295d6d2539f1a905cf1c/actions - {"actions":[{"id":"action70","type":"key","parameters":{},"actions":[{"type":"keyDown","value":"î€‡"},{"type":"pause","duration":10},{"type":"keyUp","value":"î€‡"}]}]}
RESULT: {"actions":[{"id":"action70","type":"key","parameters":{},"actions":[{"type":"keyDown","value":"î€‡"},{"type":"pause","duration":10},{"type":"keyUp","value":"î€‡"}]}]}
COMMAND: GET /session/638b8c348501295d6d2539f1a905cf1c/screenshot - {}
RESULT: {}
COMMAND: POST /session/638b8c348501295d6d2539f1a905cf1c/element - {"using":"xpath","value":"//span[@id=\"application-managepricingrules-display-component---priceInfoItem--smartTable-header-inner\"]"}
RESULT: {"using":"xpath","value":"//span[@id=\"application-managepricingrules-display-component---priceInfoItem--smartTable-header-inner\"]"}
COMMAND: POST /session/638b8c348501295d6d2539f1a905cf1c/elements - {"using":"xpath","value":"//span[@id=\"application-managepricingrules-display-component---priceInfoItem--smartTable-header-inner\"]"}
RESULT: {"using":"xpath","value":"//span[@id=\"application-managepricingrules-display-component---priceInfoItem--smartTable-header-inner\"]"}
COMMAND: POST /session/638b8c348501295d6d2539f1a905cf1c/execute/sync - {"script":"<script> [56 bytes]","args":[{"element-6066-11e4-a52e-4f735466cecf":"f.AA659E0CE08D0C76D21A3A5289A8AF5F.d.872BBE854DA6F58A29ADE9EB17E27D1E.e.19494","ELEMENT":"f.AA659E0CE08D0C76D21A3A5289A8AF5F.d.872BBE854DA6F58A29ADE9EB17E27D1E.e.19494"}]}
RESULT: {"script":"<script> [56 bytes]","args":[{"element-6066-11e4-a52e-4f735466cecf":"f.AA659E0CE08D0C76D21A3A5289A8AF5F.d.872BBE854DA6F58A29ADE9EB17E27D1E.e.19494","ELEMENT":"f.AA659E0CE08D0C76D21A3A5289A8AF5F.d.872BBE854DA6F58A29ADE9EB17E27D1E.e.19494"}]}
COMMAND: POST /session/638b8c348501295d6d2539f1a905cf1c/element - {"using":"css selector","value":"#shell-header-logo"}
COMMAND: GET /session/638b8c348501295d6d2539f1a905cf1c/screenshot - {}
RESULT: {"using":"css selector","value":"#shell-header-logo"}
COMMAND: POST /session/638b8c348501295d6d2539f1a905cf1c/element/f.AA659E0CE08D0C76D21A3A5289A8AF5F.d.872BBE854DA6F58A29ADE9EB17E27D1E.e.18640/click - {}
RESULT: {}
RESULT: {}
COMMAND: GET /session/638b8c348501295d6d2539f1a905cf1c/screenshot - {}
RESULT: {}
]]></system-out>
    </testcase>
    <testcase classname="chrome.135_0_7049_96.windows.Billing_Calculation_-_Time_based_(considering_transport_times)_US139738" name="Should create new pricing condition for the equipment" time="75.315">
      <system-out><![CDATA[
COMMAND: POST /session/638b8c348501295d6d2539f1a905cf1c/execute/async - {"script":"<script> [1562 bytes]","args":[{"selector":{"controlType":"sap.m.Text","properties":{"text":"Manage Conditions & Prices"},"interaction":{"idSuffix":"inner"}},"wdio_ui5_key":"sapm.Text{\"text\":\"Manage Conditions & Prices\"}"}]}
RESULT: {"script":"<script> [1562 bytes]","args":[{"selector":{"controlType":"sap.m.Text","properties":{"text":"Manage Conditions & Prices"},"interaction":{"idSuffix":"inner"}},"wdio_ui5_key":"sapm.Text{\"text\":\"Manage Conditions & Prices\"}"}]}
RESULT: undefined
COMMAND: POST /session/638b8c348501295d6d2539f1a905cf1c/element - {"using":"xpath","value":"//*[@id=\"__tile53-title\"]"}
RESULT: {"using":"xpath","value":"//*[@id=\"__tile53-title\"]"}
COMMAND: POST /session/638b8c348501295d6d2539f1a905cf1c/element/f.AA659E0CE08D0C76D21A3A5289A8AF5F.d.872BBE854DA6F58A29ADE9EB17E27D1E.e.19497/click - {}
RESULT: {}
COMMAND: POST /session/638b8c348501295d6d2539f1a905cf1c/element - {"using":"xpath","value":"//button[@aria-label=\"Create\"]"}
COMMAND: GET /session/638b8c348501295d6d2539f1a905cf1c/screenshot - {}
RESULT: {"using":"xpath","value":"//button[@aria-label=\"Create\"]"}
COMMAND: POST /session/638b8c348501295d6d2539f1a905cf1c/elements - {"using":"xpath","value":"//button[@aria-label=\"Create\"]"}
RESULT: {}
RESULT: {"using":"xpath","value":"//button[@aria-label=\"Create\"]"}
COMMAND: POST /session/638b8c348501295d6d2539f1a905cf1c/element - {"using":"xpath","value":"//button[@aria-label=\"Create\"]"}
RESULT: {"using":"xpath","value":"//button[@aria-label=\"Create\"]"}
COMMAND: POST /session/638b8c348501295d6d2539f1a905cf1c/execute/sync - {"script":"<script> [8489 bytes]","args":[{"element-6066-11e4-a52e-4f735466cecf":"f.AA659E0CE08D0C76D21A3A5289A8AF5F.d.872BBE854DA6F58A29ADE9EB17E27D1E.e.19531","ELEMENT":"f.AA659E0CE08D0C76D21A3A5289A8AF5F.d.872BBE854DA6F58A29ADE9EB17E27D1E.e.19531"}]}
RESULT: {"script":"<script> [8489 bytes]","args":[{"element-6066-11e4-a52e-4f735466cecf":"f.AA659E0CE08D0C76D21A3A5289A8AF5F.d.872BBE854DA6F58A29ADE9EB17E27D1E.e.19531","ELEMENT":"f.AA659E0CE08D0C76D21A3A5289A8AF5F.d.872BBE854DA6F58A29ADE9EB17E27D1E.e.19531"}]}
COMMAND: GET /session/638b8c348501295d6d2539f1a905cf1c/element/f.AA659E0CE08D0C76D21A3A5289A8AF5F.d.872BBE854DA6F58A29ADE9EB17E27D1E.e.19531/enabled - {}
COMMAND: GET /session/638b8c348501295d6d2539f1a905cf1c/screenshot - {}
RESULT: {}
COMMAND: POST /session/638b8c348501295d6d2539f1a905cf1c/execute/sync - {"script":"<script> [8489 bytes]","args":[{"element-6066-11e4-a52e-4f735466cecf":"f.AA659E0CE08D0C76D21A3A5289A8AF5F.d.872BBE854DA6F58A29ADE9EB17E27D1E.e.19531","ELEMENT":"f.AA659E0CE08D0C76D21A3A5289A8AF5F.d.872BBE854DA6F58A29ADE9EB17E27D1E.e.19531"}]}
COMMAND: GET /session/638b8c348501295d6d2539f1a905cf1c/screenshot - {}
RESULT: {}
RESULT: {"script":"<script> [8489 bytes]","args":[{"element-6066-11e4-a52e-4f735466cecf":"f.AA659E0CE08D0C76D21A3A5289A8AF5F.d.872BBE854DA6F58A29ADE9EB17E27D1E.e.19531","ELEMENT":"f.AA659E0CE08D0C76D21A3A5289A8AF5F.d.872BBE854DA6F58A29ADE9EB17E27D1E.e.19531"}]}
COMMAND: POST /session/638b8c348501295d6d2539f1a905cf1c/execute/sync - {"script":"<script> [5351 bytes]","args":[{"element-6066-11e4-a52e-4f735466cecf":"f.AA659E0CE08D0C76D21A3A5289A8AF5F.d.872BBE854DA6F58A29ADE9EB17E27D1E.e.19531","ELEMENT":"f.AA659E0CE08D0C76D21A3A5289A8AF5F.d.872BBE854DA6F58A29ADE9EB17E27D1E.e.19531"}]}
COMMAND: GET /session/638b8c348501295d6d2539f1a905cf1c/screenshot - {}
RESULT: {}
RESULT: {"script":"<script> [5351 bytes]","args":[{"element-6066-11e4-a52e-4f735466cecf":"f.AA659E0CE08D0C76D21A3A5289A8AF5F.d.872BBE854DA6F58A29ADE9EB17E27D1E.e.19531","ELEMENT":"f.AA659E0CE08D0C76D21A3A5289A8AF5F.d.872BBE854DA6F58A29ADE9EB17E27D1E.e.19531"}]}
COMMAND: POST /session/638b8c348501295d6d2539f1a905cf1c/element/f.AA659E0CE08D0C76D21A3A5289A8AF5F.d.872BBE854DA6F58A29ADE9EB17E27D1E.e.19531/click - {}
COMMAND: GET /session/638b8c348501295d6d2539f1a905cf1c/screenshot - {}
RESULT: {}
RESULT: {}
COMMAND: GET /session/638b8c348501295d6d2539f1a905cf1c/screenshot - {}
RESULT: {}
RESULT: {}
COMMAND: POST /session/638b8c348501295d6d2539f1a905cf1c/actions - {"actions":[{"id":"action71","type":"key","parameters":{},"actions":[{"type":"keyDown","value":"î€‡"},{"type":"pause","duration":10},{"type":"keyUp","value":"î€‡"}]}]}
RESULT: {"actions":[{"id":"action71","type":"key","parameters":{},"actions":[{"type":"keyDown","value":"î€‡"},{"type":"pause","duration":10},{"type":"keyUp","value":"î€‡"}]}]}
COMMAND: GET /session/638b8c348501295d6d2539f1a905cf1c/screenshot - {}
COMMAND: POST /session/638b8c348501295d6d2539f1a905cf1c/execute/async - {"script":"<script> [1562 bytes]","args":[{"selector":{"id":"application-manageconditionprice-display-component---newCondition--condBillCond-arrow"},"wdio_ui5_key":"applicationmanageconditionprice-display-component---newCondition--condBillCond-arrow"}]}
RESULT: {}
RESULT: {"script":"<script> [1562 bytes]","args":[{"selector":{"id":"application-manageconditionprice-display-component---newCondition--condBillCond-arrow"},"wdio_ui5_key":"applicationmanageconditionprice-display-component---newCondition--condBillCond-arrow"}]}
RESULT: undefined
COMMAND: POST /session/638b8c348501295d6d2539f1a905cf1c/element - {"using":"xpath","value":"//*[@id=\"application-manageconditionprice-display-component---newCondition--condBillCond-arrow\"]"}
RESULT: {"using":"xpath","value":"//*[@id=\"application-manageconditionprice-display-component---newCondition--condBillCond-arrow\"]"}
COMMAND: POST /session/638b8c348501295d6d2539f1a905cf1c/element/f.AA659E0CE08D0C76D21A3A5289A8AF5F.d.872BBE854DA6F58A29ADE9EB17E27D1E.e.19711/click - {}
RESULT: {}
COMMAND: GET /session/638b8c348501295d6d2539f1a905cf1c/screenshot - {}
RESULT: {}
COMMAND: POST /session/638b8c348501295d6d2539f1a905cf1c/element - {"using":"xpath","value":"//li[.//span[contains(text(), \"DISP - D&I special price\")]]"}
RESULT: {"using":"xpath","value":"//li[.//span[contains(text(), \"DISP - D&I special price\")]]"}
COMMAND: POST /session/638b8c348501295d6d2539f1a905cf1c/element/f.AA659E0CE08D0C76D21A3A5289A8AF5F.d.872BBE854DA6F58A29ADE9EB17E27D1E.e.19714/click - {}
RESULT: {}
COMMAND: GET /session/638b8c348501295d6d2539f1a905cf1c/screenshot - {}
RESULT: {}
COMMAND: POST /session/638b8c348501295d6d2539f1a905cf1c/execute/async - {"script":"<script> [1562 bytes]","args":[{"selector":{"id":"application-manageconditionprice-display-component---newCondition--condValidTo","interaction":{"idSuffix":"inner"}},"wdio_ui5_key":"applicationmanageconditionprice-display-component---newCondition--condValidTo"}]}
RESULT: {"script":"<script> [1562 bytes]","args":[{"selector":{"id":"application-manageconditionprice-display-component---newCondition--condValidTo","interaction":{"idSuffix":"inner"}},"wdio_ui5_key":"applicationmanageconditionprice-display-component---newCondition--condValidTo"}]}
RESULT: undefined
COMMAND: POST /session/638b8c348501295d6d2539f1a905cf1c/execute/async - {"script":"<script> [776 bytes]","args":[{"enterText":"01/02/26","selector":{"id":"application-manageconditionprice-display-component---newCondition--condValidTo","interaction":{"idSuffix":"inner"}},"clearTextFirst":true,"interactionType":"ENTER_TEXT"}]}
RESULT: {"script":"<script> [776 bytes]","args":[{"enterText":"01/02/26","selector":{"id":"application-manageconditionprice-display-component---newCondition--condValidTo","interaction":{"idSuffix":"inner"}},"clearTextFirst":true,"interactionType":"ENTER_TEXT"}]}
COMMAND: POST /session/638b8c348501295d6d2539f1a905cf1c/element - {"using":"xpath","value":"//input[@id=\"application-manageconditionprice-display-component---newCondition--condRU-inner\"]"}
RESULT: {"using":"xpath","value":"//input[@id=\"application-manageconditionprice-display-component---newCondition--condRU-inner\"]"}
COMMAND: POST /session/638b8c348501295d6d2539f1a905cf1c/element/f.AA659E0CE08D0C76D21A3A5289A8AF5F.d.872BBE854DA6F58A29ADE9EB17E27D1E.e.19575/clear - {}
RESULT: {}
COMMAND: POST /session/638b8c348501295d6d2539f1a905cf1c/element/f.AA659E0CE08D0C76D21A3A5289A8AF5F.d.872BBE854DA6F58A29ADE9EB17E27D1E.e.19575/value - {"text":"15Ku6h0Riu"}
COMMAND: GET /session/638b8c348501295d6d2539f1a905cf1c/screenshot - {}
RESULT: {"text":"15Ku6h0Riu"}
COMMAND: GET /session/638b8c348501295d6d2539f1a905cf1c/screenshot - {}
RESULT: {}
RESULT: {}
COMMAND: POST /session/638b8c348501295d6d2539f1a905cf1c/actions - {"actions":[{"id":"action72","type":"key","parameters":{},"actions":[{"type":"keyDown","value":"î€‡"},{"type":"pause","duration":10},{"type":"keyUp","value":"î€‡"}]}]}
RESULT: {"actions":[{"id":"action72","type":"key","parameters":{},"actions":[{"type":"keyDown","value":"î€‡"},{"type":"pause","duration":10},{"type":"keyUp","value":"î€‡"}]}]}
COMMAND: POST /session/638b8c348501295d6d2539f1a905cf1c/execute/async - {"script":"<script> [1562 bytes]","args":[{"selector":{"id":"application-manageconditionprice-display-component---newCondition--condBaseQty","interaction":{"idSuffix":"inner"}},"wdio_ui5_key":"applicationmanageconditionprice-display-component---newCondition--condBaseQty"}]}
COMMAND: GET /session/638b8c348501295d6d2539f1a905cf1c/screenshot - {}
RESULT: {"script":"<script> [1562 bytes]","args":[{"selector":{"id":"application-manageconditionprice-display-component---newCondition--condBaseQty","interaction":{"idSuffix":"inner"}},"wdio_ui5_key":"applicationmanageconditionprice-display-component---newCondition--condBaseQty"}]}
RESULT: undefined
COMMAND: POST /session/638b8c348501295d6d2539f1a905cf1c/execute/async - {"script":"<script> [776 bytes]","args":[{"enterText":"1","selector":{"id":"application-manageconditionprice-display-component---newCondition--condBaseQty","interaction":{"idSuffix":"inner"}},"clearTextFirst":true,"interactionType":"ENTER_TEXT"}]}
RESULT: {}
RESULT: {"script":"<script> [776 bytes]","args":[{"enterText":"1","selector":{"id":"application-manageconditionprice-display-component---newCondition--condBaseQty","interaction":{"idSuffix":"inner"}},"clearTextFirst":true,"interactionType":"ENTER_TEXT"}]}
COMMAND: POST /session/638b8c348501295d6d2539f1a905cf1c/execute/async - {"script":"<script> [1562 bytes]","args":[{"selector":{"id":"application-manageconditionprice-display-component---newCondition--condValue","interaction":{"idSuffix":"inner"}},"wdio_ui5_key":"applicationmanageconditionprice-display-component---newCondition--condValue"}]}
RESULT: {"script":"<script> [1562 bytes]","args":[{"selector":{"id":"application-manageconditionprice-display-component---newCondition--condValue","interaction":{"idSuffix":"inner"}},"wdio_ui5_key":"applicationmanageconditionprice-display-component---newCondition--condValue"}]}
RESULT: undefined
COMMAND: POST /session/638b8c348501295d6d2539f1a905cf1c/execute/async - {"script":"<script> [776 bytes]","args":[{"enterText":"100","selector":{"id":"application-manageconditionprice-display-component---newCondition--condValue","interaction":{"idSuffix":"inner"}},"clearTextFirst":true,"interactionType":"ENTER_TEXT"}]}
RESULT: {"script":"<script> [776 bytes]","args":[{"enterText":"100","selector":{"id":"application-manageconditionprice-display-component---newCondition--condValue","interaction":{"idSuffix":"inner"}},"clearTextFirst":true,"interactionType":"ENTER_TEXT"}]}
COMMAND: POST /session/638b8c348501295d6d2539f1a905cf1c/execute/async - {"script":"<script> [1562 bytes]","args":[{"selector":{"id":"application-manageconditionprice-display-component---newCondition--condCurr-arrow"},"wdio_ui5_key":"applicationmanageconditionprice-display-component---newCondition--condCurr-arrow"}]}
RESULT: {"script":"<script> [1562 bytes]","args":[{"selector":{"id":"application-manageconditionprice-display-component---newCondition--condCurr-arrow"},"wdio_ui5_key":"applicationmanageconditionprice-display-component---newCondition--condCurr-arrow"}]}
RESULT: undefined
COMMAND: POST /session/638b8c348501295d6d2539f1a905cf1c/element - {"using":"xpath","value":"//*[@id=\"application-manageconditionprice-display-component---newCondition--condCurr-arrow\"]"}
RESULT: {"using":"xpath","value":"//*[@id=\"application-manageconditionprice-display-component---newCondition--condCurr-arrow\"]"}
COMMAND: POST /session/638b8c348501295d6d2539f1a905cf1c/element/f.AA659E0CE08D0C76D21A3A5289A8AF5F.d.872BBE854DA6F58A29ADE9EB17E27D1E.e.19670/click - {}
RESULT: {}
COMMAND: POST /session/638b8c348501295d6d2539f1a905cf1c/element - {"using":"xpath","value":"//span[contains(text(), \"Euro\")]"}
COMMAND: GET /session/638b8c348501295d6d2539f1a905cf1c/screenshot - {}
RESULT: {"using":"xpath","value":"//span[contains(text(), \"Euro\")]"}
COMMAND: POST /session/638b8c348501295d6d2539f1a905cf1c/element/f.AA659E0CE08D0C76D21A3A5289A8AF5F.d.872BBE854DA6F58A29ADE9EB17E27D1E.e.19749/click - {}
RESULT: {}
RESULT: {}
COMMAND: POST /session/638b8c348501295d6d2539f1a905cf1c/element - {"using":"xpath","value":"//button[@data-kt=\"saveButton\"]"}
COMMAND: GET /session/638b8c348501295d6d2539f1a905cf1c/screenshot - {}
RESULT: {"using":"xpath","value":"//button[@data-kt=\"saveButton\"]"}
COMMAND: POST /session/638b8c348501295d6d2539f1a905cf1c/element/f.AA659E0CE08D0C76D21A3A5289A8AF5F.d.872BBE854DA6F58A29ADE9EB17E27D1E.e.19671/click - {}
RESULT: {}
RESULT: {}
COMMAND: GET /session/638b8c348501295d6d2539f1a905cf1c/screenshot - {}
RESULT: {}
COMMAND: POST /session/638b8c348501295d6d2539f1a905cf1c/execute/async - {"script":"<script> [1562 bytes]","args":[{"selector":{"id":"application-manageconditionprice-display-component---conditions--smartFilterBar-btnBasicSearch","interaction":{"idSuffix":"I"}},"wdio_ui5_key":"applicationmanageconditionprice-display-component---conditions--smartFilterBar-btnBasicSearch"}]}
RESULT: {"script":"<script> [1562 bytes]","args":[{"selector":{"id":"application-manageconditionprice-display-component---conditions--smartFilterBar-btnBasicSearch","interaction":{"idSuffix":"I"}},"wdio_ui5_key":"applicationmanageconditionprice-display-component---conditions--smartFilterBar-btnBasicSearch"}]}
RESULT: undefined
COMMAND: POST /session/638b8c348501295d6d2539f1a905cf1c/execute/async - {"script":"<script> [776 bytes]","args":[{"enterText":"15Ku6h0Riu","selector":{"id":"application-manageconditionprice-display-component---conditions--smartFilterBar-btnBasicSearch","interaction":{"idSuffix":"I"}},"clearTextFirst":true,"interactionType":"ENTER_TEXT"}]}
RESULT: {"script":"<script> [776 bytes]","args":[{"enterText":"15Ku6h0Riu","selector":{"id":"application-manageconditionprice-display-component---conditions--smartFilterBar-btnBasicSearch","interaction":{"idSuffix":"I"}},"clearTextFirst":true,"interactionType":"ENTER_TEXT"}]}
COMMAND: POST /session/638b8c348501295d6d2539f1a905cf1c/actions - {"actions":[{"id":"action73","type":"key","parameters":{},"actions":[{"type":"keyDown","value":"î€‡"},{"type":"pause","duration":10},{"type":"keyUp","value":"î€‡"}]}]}
RESULT: {"actions":[{"id":"action73","type":"key","parameters":{},"actions":[{"type":"keyDown","value":"î€‡"},{"type":"pause","duration":10},{"type":"keyUp","value":"î€‡"}]}]}
COMMAND: GET /session/638b8c348501295d6d2539f1a905cf1c/screenshot - {}
RESULT: {}
COMMAND: POST /session/638b8c348501295d6d2539f1a905cf1c/execute/async - {"script":"<script> [1562 bytes]","args":[{"selector":{"id":"application-manageconditionprice-display-component---conditions--smartFilterBar-filterItemControl_BASIC-BILL_TYPES-vhi"},"wdio_ui5_key":"applicationmanageconditionprice-display-component---conditions--smartFilterBar-filterItemControl_BASIC-BILL_TYPES-vhi"}]}
RESULT: {"script":"<script> [1562 bytes]","args":[{"selector":{"id":"application-manageconditionprice-display-component---conditions--smartFilterBar-filterItemControl_BASIC-BILL_TYPES-vhi"},"wdio_ui5_key":"applicationmanageconditionprice-display-component---conditions--smartFilterBar-filterItemControl_BASIC-BILL_TYPES-vhi"}]}
RESULT: undefined
COMMAND: POST /session/638b8c348501295d6d2539f1a905cf1c/element - {"using":"xpath","value":"//*[@id=\"application-manageconditionprice-display-component---conditions--smartFilterBar-filterItemControl_BASIC-BILL_TYPES-vhi\"]"}
RESULT: {"using":"xpath","value":"//*[@id=\"application-manageconditionprice-display-component---conditions--smartFilterBar-filterItemControl_BASIC-BILL_TYPES-vhi\"]"}
COMMAND: POST /session/638b8c348501295d6d2539f1a905cf1c/element/f.AA659E0CE08D0C76D21A3A5289A8AF5F.d.872BBE854DA6F58A29ADE9EB17E27D1E.e.19855/click - {}
RESULT: {}
COMMAND: POST /session/638b8c348501295d6d2539f1a905cf1c/execute/async - {"script":"<script> [1562 bytes]","args":[{"selector":{"id":"application-manageconditionprice-display-component---conditions--smartFilterBar-filterItemControl_BASIC-BILL_TYPES-valueHelpDialog-smartFilterBar-btnBasicSearch","searchOpenDialogs":true,"interaction":{"idSuffix":"I"}},"wdio_ui5_key":"applicationmanageconditionprice-display-component---conditions--smartFilterBar-filterItemControl_BASIC-BILL_TYPES-valueHelpDialog-smartFilterBar-btnBasicSearch"}]}
COMMAND: GET /session/638b8c348501295d6d2539f1a905cf1c/screenshot - {}
RESULT: {"script":"<script> [1562 bytes]","args":[{"selector":{"id":"application-manageconditionprice-display-component---conditions--smartFilterBar-filterItemControl_BASIC-BILL_TYPES-valueHelpDialog-smartFilterBar-btnBasicSearch","searchOpenDialogs":true,"interaction":{"idSuffix":"I"}},"wdio_ui5_key":"applicationmanageconditionprice-display-component---conditions--smartFilterBar-filterItemControl_BASIC-BILL_TYPES-valueHelpDialog-smartFilterBar-btnBasicSearch"}]}
RESULT: undefined
COMMAND: POST /session/638b8c348501295d6d2539f1a905cf1c/execute/async - {"script":"<script> [776 bytes]","args":[{"enterText":"TB","selector":{"id":"application-manageconditionprice-display-component---conditions--smartFilterBar-filterItemControl_BASIC-BILL_TYPES-valueHelpDialog-smartFilterBar-btnBasicSearch","searchOpenDialogs":true,"interaction":{"idSuffix":"I"}},"clearTextFirst":true,"interactionType":"ENTER_TEXT"}]}
RESULT: {}
RESULT: {"script":"<script> [776 bytes]","args":[{"enterText":"TB","selector":{"id":"application-manageconditionprice-display-component---conditions--smartFilterBar-filterItemControl_BASIC-BILL_TYPES-valueHelpDialog-smartFilterBar-btnBasicSearch","searchOpenDialogs":true,"interaction":{"idSuffix":"I"}},"clearTextFirst":true,"interactionType":"ENTER_TEXT"}]}
COMMAND: POST /session/638b8c348501295d6d2539f1a905cf1c/actions - {"actions":[{"id":"action74","type":"key","parameters":{},"actions":[{"type":"keyDown","value":"î€‡"},{"type":"pause","duration":10},{"type":"keyUp","value":"î€‡"}]}]}
RESULT: {"actions":[{"id":"action74","type":"key","parameters":{},"actions":[{"type":"keyDown","value":"î€‡"},{"type":"pause","duration":10},{"type":"keyUp","value":"î€‡"}]}]}
COMMAND: GET /session/638b8c348501295d6d2539f1a905cf1c/screenshot - {}
RESULT: {}
COMMAND: POST /session/638b8c348501295d6d2539f1a905cf1c/element - {"using":"xpath","value":"//div[contains(@id, 'application-manageconditionprice-display-component---conditions--smartFilterBar-filterItemControl_BASIC-BILL_TYPES-valueHelpDialog-table-rowsel0')]"}
RESULT: {"using":"xpath","value":"//div[contains(@id, 'application-manageconditionprice-display-component---conditions--smartFilterBar-filterItemControl_BASIC-BILL_TYPES-valueHelpDialog-table-rowsel0')]"}
COMMAND: POST /session/638b8c348501295d6d2539f1a905cf1c/element/f.AA659E0CE08D0C76D21A3A5289A8AF5F.d.872BBE854DA6F58A29ADE9EB17E27D1E.e.19865/click - {}
RESULT: {}
COMMAND: GET /session/638b8c348501295d6d2539f1a905cf1c/screenshot - {}
RESULT: {}
COMMAND: POST /session/638b8c348501295d6d2539f1a905cf1c/element - {"using":"xpath","value":"//bdi[contains(text(), \"OK\")]"}
RESULT: {"using":"xpath","value":"//bdi[contains(text(), \"OK\")]"}
COMMAND: POST /session/638b8c348501295d6d2539f1a905cf1c/element/f.AA659E0CE08D0C76D21A3A5289A8AF5F.d.872BBE854DA6F58A29ADE9EB17E27D1E.e.19867/click - {}
RESULT: {}
COMMAND: GET /session/638b8c348501295d6d2539f1a905cf1c/screenshot - {}
RESULT: {}
COMMAND: POST /session/638b8c348501295d6d2539f1a905cf1c/element - {"using":"xpath","value":"//span[@id=\"application-manageconditionprice-display-component---conditions--smartTable-header-inner\"]"}
RESULT: {"using":"xpath","value":"//span[@id=\"application-manageconditionprice-display-component---conditions--smartTable-header-inner\"]"}
COMMAND: POST /session/638b8c348501295d6d2539f1a905cf1c/elements - {"using":"xpath","value":"//span[@id=\"application-manageconditionprice-display-component---conditions--smartTable-header-inner\"]"}
RESULT: {"using":"xpath","value":"//span[@id=\"application-manageconditionprice-display-component---conditions--smartTable-header-inner\"]"}
COMMAND: POST /session/638b8c348501295d6d2539f1a905cf1c/execute/sync - {"script":"<script> [56 bytes]","args":[{"element-6066-11e4-a52e-4f735466cecf":"f.AA659E0CE08D0C76D21A3A5289A8AF5F.d.872BBE854DA6F58A29ADE9EB17E27D1E.e.19870","ELEMENT":"f.AA659E0CE08D0C76D21A3A5289A8AF5F.d.872BBE854DA6F58A29ADE9EB17E27D1E.e.19870"}]}
RESULT: {"script":"<script> [56 bytes]","args":[{"element-6066-11e4-a52e-4f735466cecf":"f.AA659E0CE08D0C76D21A3A5289A8AF5F.d.872BBE854DA6F58A29ADE9EB17E27D1E.e.19870","ELEMENT":"f.AA659E0CE08D0C76D21A3A5289A8AF5F.d.872BBE854DA6F58A29ADE9EB17E27D1E.e.19870"}]}
COMMAND: POST /session/638b8c348501295d6d2539f1a905cf1c/element - {"using":"css selector","value":"#shell-header-logo"}
COMMAND: GET /session/638b8c348501295d6d2539f1a905cf1c/screenshot - {}
RESULT: {"using":"css selector","value":"#shell-header-logo"}
COMMAND: POST /session/638b8c348501295d6d2539f1a905cf1c/element/f.AA659E0CE08D0C76D21A3A5289A8AF5F.d.872BBE854DA6F58A29ADE9EB17E27D1E.e.19499/click - {}
RESULT: {}
RESULT: {}
COMMAND: GET /session/638b8c348501295d6d2539f1a905cf1c/screenshot - {}
RESULT: {}
]]></system-out>
    </testcase>
    <testcase classname="chrome.135_0_7049_96.windows.Billing_Calculation_-_Time_based_(considering_transport_times)_US139738" name="Should do a stock increase for the equipment" time="94.575">
      <system-out><![CDATA[
COMMAND: POST /session/638b8c348501295d6d2539f1a905cf1c/execute/async - {"script":"<script> [1562 bytes]","args":[{"selector":{"controlType":"sap.m.Text","viewName":"etm.portal.ui.managehandoverstile.view.Master","properties":{"text":"Manage Handovers"},"interaction":{"idSuffix":"inner"}},"wdio_ui5_key":"etmportal.ui.managehandoverstile.view.Mastersap.m.Text{\"text\":\"Manage Handovers\"}"}]}
RESULT: {"script":"<script> [1562 bytes]","args":[{"selector":{"controlType":"sap.m.Text","viewName":"etm.portal.ui.managehandoverstile.view.Master","properties":{"text":"Manage Handovers"},"interaction":{"idSuffix":"inner"}},"wdio_ui5_key":"etmportal.ui.managehandoverstile.view.Mastersap.m.Text{\"text\":\"Manage Handovers\"}"}]}
RESULT: undefined
COMMAND: POST /session/638b8c348501295d6d2539f1a905cf1c/element - {"using":"xpath","value":"//*[@id=\"__tile131-title\"]"}
RESULT: {"using":"xpath","value":"//*[@id=\"__tile131-title\"]"}
COMMAND: POST /session/638b8c348501295d6d2539f1a905cf1c/element/f.AA659E0CE08D0C76D21A3A5289A8AF5F.d.872BBE854DA6F58A29ADE9EB17E27D1E.e.19875/click - {}
RESULT: {}
COMMAND: POST /session/638b8c348501295d6d2539f1a905cf1c/element - {"using":"xpath","value":"//button[@data-kt=\"masterHOAddButton\"]"}
COMMAND: GET /session/638b8c348501295d6d2539f1a905cf1c/screenshot - {}
RESULT: {"using":"xpath","value":"//button[@data-kt=\"masterHOAddButton\"]"}
COMMAND: POST /session/638b8c348501295d6d2539f1a905cf1c/elements - {"using":"xpath","value":"//button[@data-kt=\"masterHOAddButton\"]"}
RESULT: {}
RESULT: {"using":"xpath","value":"//button[@data-kt=\"masterHOAddButton\"]"}
COMMAND: POST /session/638b8c348501295d6d2539f1a905cf1c/element - {"using":"xpath","value":"//button[@data-kt=\"masterHOAddButton\"]"}
RESULT: {"using":"xpath","value":"//button[@data-kt=\"masterHOAddButton\"]"}
COMMAND: POST /session/638b8c348501295d6d2539f1a905cf1c/execute/sync - {"script":"<script> [8489 bytes]","args":[{"element-6066-11e4-a52e-4f735466cecf":"f.AA659E0CE08D0C76D21A3A5289A8AF5F.d.872BBE854DA6F58A29ADE9EB17E27D1E.e.19912","ELEMENT":"f.AA659E0CE08D0C76D21A3A5289A8AF5F.d.872BBE854DA6F58A29ADE9EB17E27D1E.e.19912"}]}
RESULT: {"script":"<script> [8489 bytes]","args":[{"element-6066-11e4-a52e-4f735466cecf":"f.AA659E0CE08D0C76D21A3A5289A8AF5F.d.872BBE854DA6F58A29ADE9EB17E27D1E.e.19912","ELEMENT":"f.AA659E0CE08D0C76D21A3A5289A8AF5F.d.872BBE854DA6F58A29ADE9EB17E27D1E.e.19912"}]}
COMMAND: GET /session/638b8c348501295d6d2539f1a905cf1c/element/f.AA659E0CE08D0C76D21A3A5289A8AF5F.d.872BBE854DA6F58A29ADE9EB17E27D1E.e.19912/enabled - {}
COMMAND: GET /session/638b8c348501295d6d2539f1a905cf1c/screenshot - {}
RESULT: {}
COMMAND: POST /session/638b8c348501295d6d2539f1a905cf1c/execute/sync - {"script":"<script> [8489 bytes]","args":[{"element-6066-11e4-a52e-4f735466cecf":"f.AA659E0CE08D0C76D21A3A5289A8AF5F.d.872BBE854DA6F58A29ADE9EB17E27D1E.e.19912","ELEMENT":"f.AA659E0CE08D0C76D21A3A5289A8AF5F.d.872BBE854DA6F58A29ADE9EB17E27D1E.e.19912"}]}
COMMAND: GET /session/638b8c348501295d6d2539f1a905cf1c/screenshot - {}
RESULT: {}
RESULT: {"script":"<script> [8489 bytes]","args":[{"element-6066-11e4-a52e-4f735466cecf":"f.AA659E0CE08D0C76D21A3A5289A8AF5F.d.872BBE854DA6F58A29ADE9EB17E27D1E.e.19912","ELEMENT":"f.AA659E0CE08D0C76D21A3A5289A8AF5F.d.872BBE854DA6F58A29ADE9EB17E27D1E.e.19912"}]}
COMMAND: POST /session/638b8c348501295d6d2539f1a905cf1c/execute/sync - {"script":"<script> [5351 bytes]","args":[{"element-6066-11e4-a52e-4f735466cecf":"f.AA659E0CE08D0C76D21A3A5289A8AF5F.d.872BBE854DA6F58A29ADE9EB17E27D1E.e.19912","ELEMENT":"f.AA659E0CE08D0C76D21A3A5289A8AF5F.d.872BBE854DA6F58A29ADE9EB17E27D1E.e.19912"}]}
COMMAND: GET /session/638b8c348501295d6d2539f1a905cf1c/screenshot - {}
RESULT: {}
RESULT: {"script":"<script> [5351 bytes]","args":[{"element-6066-11e4-a52e-4f735466cecf":"f.AA659E0CE08D0C76D21A3A5289A8AF5F.d.872BBE854DA6F58A29ADE9EB17E27D1E.e.19912","ELEMENT":"f.AA659E0CE08D0C76D21A3A5289A8AF5F.d.872BBE854DA6F58A29ADE9EB17E27D1E.e.19912"}]}
COMMAND: POST /session/638b8c348501295d6d2539f1a905cf1c/element/f.AA659E0CE08D0C76D21A3A5289A8AF5F.d.872BBE854DA6F58A29ADE9EB17E27D1E.e.19912/click - {}
COMMAND: GET /session/638b8c348501295d6d2539f1a905cf1c/screenshot - {}
RESULT: {}
RESULT: {}
COMMAND: GET /session/638b8c348501295d6d2539f1a905cf1c/screenshot - {}
COMMAND: POST /session/638b8c348501295d6d2539f1a905cf1c/element - {"using":"xpath","value":"//span[contains(@id ,\"AddNewHO--typeSelect-arrow\")]"}
RESULT: {}
RESULT: {}
RESULT: {"using":"xpath","value":"//span[contains(@id ,\"AddNewHO--typeSelect-arrow\")]"}
COMMAND: POST /session/638b8c348501295d6d2539f1a905cf1c/element/f.AA659E0CE08D0C76D21A3A5289A8AF5F.d.872BBE854DA6F58A29ADE9EB17E27D1E.e.20254/click - {}
RESULT: {}
COMMAND: GET /session/638b8c348501295d6d2539f1a905cf1c/screenshot - {}
RESULT: {}
COMMAND: POST /session/638b8c348501295d6d2539f1a905cf1c/element - {"using":"xpath","value":"(//li[contains(text(), \"stock increase yard\")])[1]"}
RESULT: {"using":"xpath","value":"(//li[contains(text(), \"stock increase yard\")])[1]"}
COMMAND: POST /session/638b8c348501295d6d2539f1a905cf1c/element/f.AA659E0CE08D0C76D21A3A5289A8AF5F.d.872BBE854DA6F58A29ADE9EB17E27D1E.e.20255/click - {}
RESULT: {}
COMMAND: GET /session/638b8c348501295d6d2539f1a905cf1c/screenshot - {}
RESULT: {}
COMMAND: POST /session/638b8c348501295d6d2539f1a905cf1c/execute/async - {"script":"<script> [1562 bytes]","args":[{"selector":{"id":"application-managehandovers-display-component---AddNewHO--dueDate","interaction":{"idSuffix":"inner"}},"wdio_ui5_key":"applicationmanagehandovers-display-component---AddNewHO--dueDate"}]}
RESULT: {"script":"<script> [1562 bytes]","args":[{"selector":{"id":"application-managehandovers-display-component---AddNewHO--dueDate","interaction":{"idSuffix":"inner"}},"wdio_ui5_key":"applicationmanagehandovers-display-component---AddNewHO--dueDate"}]}
RESULT: undefined
COMMAND: POST /session/638b8c348501295d6d2539f1a905cf1c/execute/async - {"script":"<script> [6424 bytes]","args":[{"element-6066-11e4-a52e-4f735466cecf":"f.AA659E0CE08D0C76D21A3A5289A8AF5F.d.872BBE854DA6F58A29ADE9EB17E27D1E.e.20259"},"setValue",["05/02/2025"]]}
RESULT: {"script":"<script> [6424 bytes]","args":[{"element-6066-11e4-a52e-4f735466cecf":"f.AA659E0CE08D0C76D21A3A5289A8AF5F.d.872BBE854DA6F58A29ADE9EB17E27D1E.e.20259"},"setValue",["05/02/2025"]]}
COMMAND: POST /session/638b8c348501295d6d2539f1a905cf1c/element - {"using":"xpath","value":"//input[@id=\"generalSectionFrg--receiveYard-inner\"]"}
RESULT: {"using":"xpath","value":"//input[@id=\"generalSectionFrg--receiveYard-inner\"]"}
COMMAND: POST /session/638b8c348501295d6d2539f1a905cf1c/element/f.AA659E0CE08D0C76D21A3A5289A8AF5F.d.872BBE854DA6F58A29ADE9EB17E27D1E.e.20265/clear - {}
RESULT: {}
COMMAND: POST /session/638b8c348501295d6d2539f1a905cf1c/element/f.AA659E0CE08D0C76D21A3A5289A8AF5F.d.872BBE854DA6F58A29ADE9EB17E27D1E.e.20265/value - {"text":"510"}
COMMAND: GET /session/638b8c348501295d6d2539f1a905cf1c/screenshot - {}
RESULT: {"text":"510"}
COMMAND: GET /session/638b8c348501295d6d2539f1a905cf1c/screenshot - {}
RESULT: {}
RESULT: {}
COMMAND: POST /session/638b8c348501295d6d2539f1a905cf1c/element - {"using":"xpath","value":"//li[.//span[text()='510']]"}
RESULT: {"using":"xpath","value":"//li[.//span[text()='510']]"}
COMMAND: POST /session/638b8c348501295d6d2539f1a905cf1c/element/f.AA659E0CE08D0C76D21A3A5289A8AF5F.d.872BBE854DA6F58A29ADE9EB17E27D1E.e.20281/click - {}
RESULT: {}
COMMAND: GET /session/638b8c348501295d6d2539f1a905cf1c/screenshot - {}
RESULT: {}
COMMAND: POST /session/638b8c348501295d6d2539f1a905cf1c/execute/async - {"script":"<script> [1562 bytes]","args":[{"selector":{"id":"application-managehandovers-display-component---AddNewHO--ObjectPageLayout-anchBar-application-managehandovers-display-component---AddNewHO--section4-anchor","interaction":{"idSuffix":"BDI-content"}},"wdio_ui5_key":"applicationmanagehandovers-display-component---AddNewHO--ObjectPageLayout-anchBar-application-managehandovers-display-component---AddNewHO--section4-anchor"}]}
RESULT: {"script":"<script> [1562 bytes]","args":[{"selector":{"id":"application-managehandovers-display-component---AddNewHO--ObjectPageLayout-anchBar-application-managehandovers-display-component---AddNewHO--section4-anchor","interaction":{"idSuffix":"BDI-content"}},"wdio_ui5_key":"applicationmanagehandovers-display-component---AddNewHO--ObjectPageLayout-anchBar-application-managehandovers-display-component---AddNewHO--section4-anchor"}]}
RESULT: undefined
COMMAND: POST /session/638b8c348501295d6d2539f1a905cf1c/element - {"using":"xpath","value":"//*[@id=\"application-managehandovers-display-component---AddNewHO--ObjectPageLayout-anchBar-application-managehandovers-display-component---AddNewHO--section4-anchor\"]"}
RESULT: {"using":"xpath","value":"//*[@id=\"application-managehandovers-display-component---AddNewHO--ObjectPageLayout-anchBar-application-managehandovers-display-component---AddNewHO--section4-anchor\"]"}
COMMAND: POST /session/638b8c348501295d6d2539f1a905cf1c/element/f.AA659E0CE08D0C76D21A3A5289A8AF5F.d.872BBE854DA6F58A29ADE9EB17E27D1E.e.20283/click - {}
RESULT: {}
COMMAND: POST /session/638b8c348501295d6d2539f1a905cf1c/element - {"using":"xpath","value":"//button[@aria-label=\"Add\"]"}
COMMAND: GET /session/638b8c348501295d6d2539f1a905cf1c/screenshot - {}
RESULT: {"using":"xpath","value":"//button[@aria-label=\"Add\"]"}
COMMAND: POST /session/638b8c348501295d6d2539f1a905cf1c/element/f.AA659E0CE08D0C76D21A3A5289A8AF5F.d.872BBE854DA6F58A29ADE9EB17E27D1E.e.20286/click - {}
RESULT: {}
RESULT: {}
COMMAND: GET /session/638b8c348501295d6d2539f1a905cf1c/screenshot - {}
RESULT: {}
COMMAND: POST /session/638b8c348501295d6d2539f1a905cf1c/execute/async - {"script":"<script> [1562 bytes]","args":[{"selector":{"id":"application-managehandovers-display-component---AddNewHO--smartFilterBar-btnBasicSearch","searchOpenDialogs":true,"interaction":{"idSuffix":"I"}},"wdio_ui5_key":"applicationmanagehandovers-display-component---AddNewHO--smartFilterBar-btnBasicSearch"}]}
RESULT: {"script":"<script> [1562 bytes]","args":[{"selector":{"id":"application-managehandovers-display-component---AddNewHO--smartFilterBar-btnBasicSearch","searchOpenDialogs":true,"interaction":{"idSuffix":"I"}},"wdio_ui5_key":"applicationmanagehandovers-display-component---AddNewHO--smartFilterBar-btnBasicSearch"}]}
RESULT: undefined
COMMAND: POST /session/638b8c348501295d6d2539f1a905cf1c/execute/async - {"script":"<script> [776 bytes]","args":[{"enterText":"15Ku6h0Riu","selector":{"id":"application-managehandovers-display-component---AddNewHO--smartFilterBar-btnBasicSearch","searchOpenDialogs":true,"interaction":{"idSuffix":"I"}},"clearTextFirst":true,"interactionType":"ENTER_TEXT"}]}
RESULT: {"script":"<script> [776 bytes]","args":[{"enterText":"15Ku6h0Riu","selector":{"id":"application-managehandovers-display-component---AddNewHO--smartFilterBar-btnBasicSearch","searchOpenDialogs":true,"interaction":{"idSuffix":"I"}},"clearTextFirst":true,"interactionType":"ENTER_TEXT"}]}
COMMAND: POST /session/638b8c348501295d6d2539f1a905cf1c/actions - {"actions":[{"id":"action75","type":"key","parameters":{},"actions":[{"type":"keyDown","value":"î€‡"},{"type":"pause","duration":10},{"type":"keyUp","value":"î€‡"}]}]}
RESULT: {"actions":[{"id":"action75","type":"key","parameters":{},"actions":[{"type":"keyDown","value":"î€‡"},{"type":"pause","duration":10},{"type":"keyUp","value":"î€‡"}]}]}
COMMAND: GET /session/638b8c348501295d6d2539f1a905cf1c/screenshot - {}
RESULT: {}
COMMAND: POST /session/638b8c348501295d6d2539f1a905cf1c/execute/async - {"script":"<script> [1562 bytes]","args":[{"selector":{"id":"application-managehandovers-display-component---AddNewHO--popup-sa","searchOpenDialogs":true,"interaction":{"idSuffix":"CbBg"}},"wdio_ui5_key":"applicationmanagehandovers-display-component---AddNewHO--popup-sa"}]}
RESULT: {"script":"<script> [1562 bytes]","args":[{"selector":{"id":"application-managehandovers-display-component---AddNewHO--popup-sa","searchOpenDialogs":true,"interaction":{"idSuffix":"CbBg"}},"wdio_ui5_key":"applicationmanagehandovers-display-component---AddNewHO--popup-sa"}]}
RESULT: undefined
COMMAND: POST /session/638b8c348501295d6d2539f1a905cf1c/element - {"using":"xpath","value":"//*[@id=\"application-managehandovers-display-component---AddNewHO--popup-sa\"]"}
RESULT: {"using":"xpath","value":"//*[@id=\"application-managehandovers-display-component---AddNewHO--popup-sa\"]"}
COMMAND: POST /session/638b8c348501295d6d2539f1a905cf1c/element/f.AA659E0CE08D0C76D21A3A5289A8AF5F.d.872BBE854DA6F58A29ADE9EB17E27D1E.e.20441/click - {}
RESULT: {}
COMMAND: GET /session/638b8c348501295d6d2539f1a905cf1c/screenshot - {}
RESULT: {}
COMMAND: POST /session/638b8c348501295d6d2539f1a905cf1c/element - {"using":"xpath","value":"//bdi[contains(text(), \"Select\")]"}
RESULT: {"using":"xpath","value":"//bdi[contains(text(), \"Select\")]"}
COMMAND: POST /session/638b8c348501295d6d2539f1a905cf1c/element/f.AA659E0CE08D0C76D21A3A5289A8AF5F.d.872BBE854DA6F58A29ADE9EB17E27D1E.e.20442/click - {}
RESULT: {}
COMMAND: GET /session/638b8c348501295d6d2539f1a905cf1c/screenshot - {}
RESULT: {}
COMMAND: POST /session/638b8c348501295d6d2539f1a905cf1c/element - {"using":"xpath","value":"//button[@data-kt=\"AddNewHOSaveButton\"]"}
RESULT: {"using":"xpath","value":"//button[@data-kt=\"AddNewHOSaveButton\"]"}
COMMAND: POST /session/638b8c348501295d6d2539f1a905cf1c/element/f.AA659E0CE08D0C76D21A3A5289A8AF5F.d.872BBE854DA6F58A29ADE9EB17E27D1E.e.20446/click - {}
RESULT: {}
COMMAND: GET /session/638b8c348501295d6d2539f1a905cf1c/screenshot - {}
RESULT: {}
COMMAND: POST /session/638b8c348501295d6d2539f1a905cf1c/execute/async - {"script":"<script> [1562 bytes]","args":[{"selector":{"id":"receiptDatePicker","viewName":"etm.portal.ui.managehandovers.view.DetailExecuteHO","interaction":{"idSuffix":"inner"}},"wdio_ui5_key":"receiptDatePickeretmportal.ui.managehandovers.view.DetailExecuteHO"}]}
RESULT: {"script":"<script> [1562 bytes]","args":[{"selector":{"id":"receiptDatePicker","viewName":"etm.portal.ui.managehandovers.view.DetailExecuteHO","interaction":{"idSuffix":"inner"}},"wdio_ui5_key":"receiptDatePickeretmportal.ui.managehandovers.view.DetailExecuteHO"}]}
RESULT: undefined
COMMAND: POST /session/638b8c348501295d6d2539f1a905cf1c/execute/async - {"script":"<script> [6424 bytes]","args":[{"element-6066-11e4-a52e-4f735466cecf":"f.AA659E0CE08D0C76D21A3A5289A8AF5F.d.872BBE854DA6F58A29ADE9EB17E27D1E.e.20474"},"setValue",["05/02/2025"]]}
RESULT: {"script":"<script> [6424 bytes]","args":[{"element-6066-11e4-a52e-4f735466cecf":"f.AA659E0CE08D0C76D21A3A5289A8AF5F.d.872BBE854DA6F58A29ADE9EB17E27D1E.e.20474"},"setValue",["05/02/2025"]]}
COMMAND: POST /session/638b8c348501295d6d2539f1a905cf1c/element - {"using":"xpath","value":"//button[@data-kt=\"PickingTableConfirmAllButton\"]"}
RESULT: {"using":"xpath","value":"//button[@data-kt=\"PickingTableConfirmAllButton\"]"}
COMMAND: POST /session/638b8c348501295d6d2539f1a905cf1c/element/f.AA659E0CE08D0C76D21A3A5289A8AF5F.d.872BBE854DA6F58A29ADE9EB17E27D1E.e.20489/click - {}
RESULT: {}
COMMAND: GET /session/638b8c348501295d6d2539f1a905cf1c/screenshot - {}
RESULT: {}
COMMAND: POST /session/638b8c348501295d6d2539f1a905cf1c/element - {"using":"xpath","value":"//bdi[contains(text(), \"OK\")]"}
RESULT: {"using":"xpath","value":"//bdi[contains(text(), \"OK\")]"}
COMMAND: POST /session/638b8c348501295d6d2539f1a905cf1c/element/f.AA659E0CE08D0C76D21A3A5289A8AF5F.d.872BBE854DA6F58A29ADE9EB17E27D1E.e.20492/click - {}
RESULT: {}
COMMAND: GET /session/638b8c348501295d6d2539f1a905cf1c/screenshot - {}
RESULT: {}
COMMAND: POST /session/638b8c348501295d6d2539f1a905cf1c/element - {"using":"xpath","value":"(//bdi[contains(text(), \"Receive\")])[2]"}
RESULT: {"using":"xpath","value":"(//bdi[contains(text(), \"Receive\")])[2]"}
COMMAND: POST /session/638b8c348501295d6d2539f1a905cf1c/element/f.AA659E0CE08D0C76D21A3A5289A8AF5F.d.872BBE854DA6F58A29ADE9EB17E27D1E.e.20493/click - {}
RESULT: {}
COMMAND: GET /session/638b8c348501295d6d2539f1a905cf1c/screenshot - {}
RESULT: {}
COMMAND: POST /session/638b8c348501295d6d2539f1a905cf1c/element - {"using":"css selector","value":"#shell-header-logo"}
RESULT: {"using":"css selector","value":"#shell-header-logo"}
COMMAND: POST /session/638b8c348501295d6d2539f1a905cf1c/element/f.AA659E0CE08D0C76D21A3A5289A8AF5F.d.872BBE854DA6F58A29ADE9EB17E27D1E.e.19877/click - {}
RESULT: {}
COMMAND: GET /session/638b8c348501295d6d2539f1a905cf1c/screenshot - {}
RESULT: {}
]]></system-out>
    </testcase>
    <testcase classname="chrome.135_0_7049_96.windows.Billing_Calculation_-_Time_based_(considering_transport_times)_US139738" name="Should create a new contract" time="64.281">
      <system-out><![CDATA[
COMMAND: POST /session/638b8c348501295d6d2539f1a905cf1c/execute/async - {"script":"<script> [1562 bytes]","args":[{"selector":{"controlType":"sap.m.Text","viewName":"etm.portal.ui.managecontractstile.view.Master","properties":{"text":"Manage Contracts"},"interaction":{"idSuffix":"inner"}},"wdio_ui5_key":"etmportal.ui.managecontractstile.view.Mastersap.m.Text{\"text\":\"Manage Contracts\"}"}]}
RESULT: {"script":"<script> [1562 bytes]","args":[{"selector":{"controlType":"sap.m.Text","viewName":"etm.portal.ui.managecontractstile.view.Master","properties":{"text":"Manage Contracts"},"interaction":{"idSuffix":"inner"}},"wdio_ui5_key":"etmportal.ui.managecontractstile.view.Mastersap.m.Text{\"text\":\"Manage Contracts\"}"}]}
RESULT: undefined
COMMAND: POST /session/638b8c348501295d6d2539f1a905cf1c/element - {"using":"xpath","value":"//*[@id=\"__tile132-title\"]"}
RESULT: {"using":"xpath","value":"//*[@id=\"__tile132-title\"]"}
COMMAND: POST /session/638b8c348501295d6d2539f1a905cf1c/element/f.AA659E0CE08D0C76D21A3A5289A8AF5F.d.872BBE854DA6F58A29ADE9EB17E27D1E.e.20661/click - {}
RESULT: {}
COMMAND: GET /session/638b8c348501295d6d2539f1a905cf1c/screenshot - {}
RESULT: {}
COMMAND: POST /session/638b8c348501295d6d2539f1a905cf1c/element - {"using":"xpath","value":"//button[@data-kt=\"addButton\"]"}
RESULT: {"using":"xpath","value":"//button[@data-kt=\"addButton\"]"}
COMMAND: POST /session/638b8c348501295d6d2539f1a905cf1c/elements - {"using":"xpath","value":"//button[@data-kt=\"addButton\"]"}
RESULT: {"using":"xpath","value":"//button[@data-kt=\"addButton\"]"}
COMMAND: POST /session/638b8c348501295d6d2539f1a905cf1c/execute/sync - {"script":"<script> [8489 bytes]","args":[{"element-6066-11e4-a52e-4f735466cecf":"f.AA659E0CE08D0C76D21A3A5289A8AF5F.d.872BBE854DA6F58A29ADE9EB17E27D1E.e.20734","ELEMENT":"f.AA659E0CE08D0C76D21A3A5289A8AF5F.d.872BBE854DA6F58A29ADE9EB17E27D1E.e.20734"}]}
RESULT: {"script":"<script> [8489 bytes]","args":[{"element-6066-11e4-a52e-4f735466cecf":"f.AA659E0CE08D0C76D21A3A5289A8AF5F.d.872BBE854DA6F58A29ADE9EB17E27D1E.e.20734","ELEMENT":"f.AA659E0CE08D0C76D21A3A5289A8AF5F.d.872BBE854DA6F58A29ADE9EB17E27D1E.e.20734"}]}
COMMAND: GET /session/638b8c348501295d6d2539f1a905cf1c/element/f.AA659E0CE08D0C76D21A3A5289A8AF5F.d.872BBE854DA6F58A29ADE9EB17E27D1E.e.20734/enabled - {}
COMMAND: GET /session/638b8c348501295d6d2539f1a905cf1c/screenshot - {}
RESULT: {}
COMMAND: POST /session/638b8c348501295d6d2539f1a905cf1c/execute/sync - {"script":"<script> [8489 bytes]","args":[{"element-6066-11e4-a52e-4f735466cecf":"f.AA659E0CE08D0C76D21A3A5289A8AF5F.d.872BBE854DA6F58A29ADE9EB17E27D1E.e.20734","ELEMENT":"f.AA659E0CE08D0C76D21A3A5289A8AF5F.d.872BBE854DA6F58A29ADE9EB17E27D1E.e.20734"}]}
COMMAND: GET /session/638b8c348501295d6d2539f1a905cf1c/screenshot - {}
RESULT: {}
RESULT: {}
RESULT: {"script":"<script> [8489 bytes]","args":[{"element-6066-11e4-a52e-4f735466cecf":"f.AA659E0CE08D0C76D21A3A5289A8AF5F.d.872BBE854DA6F58A29ADE9EB17E27D1E.e.20734","ELEMENT":"f.AA659E0CE08D0C76D21A3A5289A8AF5F.d.872BBE854DA6F58A29ADE9EB17E27D1E.e.20734"}]}
COMMAND: POST /session/638b8c348501295d6d2539f1a905cf1c/execute/sync - {"script":"<script> [5351 bytes]","args":[{"element-6066-11e4-a52e-4f735466cecf":"f.AA659E0CE08D0C76D21A3A5289A8AF5F.d.872BBE854DA6F58A29ADE9EB17E27D1E.e.20734","ELEMENT":"f.AA659E0CE08D0C76D21A3A5289A8AF5F.d.872BBE854DA6F58A29ADE9EB17E27D1E.e.20734"}]}
COMMAND: GET /session/638b8c348501295d6d2539f1a905cf1c/screenshot - {}
RESULT: {"script":"<script> [5351 bytes]","args":[{"element-6066-11e4-a52e-4f735466cecf":"f.AA659E0CE08D0C76D21A3A5289A8AF5F.d.872BBE854DA6F58A29ADE9EB17E27D1E.e.20734","ELEMENT":"f.AA659E0CE08D0C76D21A3A5289A8AF5F.d.872BBE854DA6F58A29ADE9EB17E27D1E.e.20734"}]}
COMMAND: GET /session/638b8c348501295d6d2539f1a905cf1c/screenshot - {}
RESULT: {}
RESULT: {}
COMMAND: POST /session/638b8c348501295d6d2539f1a905cf1c/element/f.AA659E0CE08D0C76D21A3A5289A8AF5F.d.872BBE854DA6F58A29ADE9EB17E27D1E.e.20734/click - {}
RESULT: {}
COMMAND: GET /session/638b8c348501295d6d2539f1a905cf1c/screenshot - {}
COMMAND: POST /session/638b8c348501295d6d2539f1a905cf1c/execute/async - {"script":"<script> [1562 bytes]","args":[{"selector":{"id":"application-managecontracts-display-component---AddNewContract--projectDescription","interaction":{"idSuffix":"inner"}},"wdio_ui5_key":"applicationmanagecontracts-display-component---AddNewContract--projectDescription"}]}
RESULT: {}
RESULT: {"script":"<script> [1562 bytes]","args":[{"selector":{"id":"application-managecontracts-display-component---AddNewContract--projectDescription","interaction":{"idSuffix":"inner"}},"wdio_ui5_key":"applicationmanagecontracts-display-component---AddNewContract--projectDescription"}]}
RESULT: undefined
COMMAND: POST /session/638b8c348501295d6d2539f1a905cf1c/execute/async - {"script":"<script> [776 bytes]","args":[{"enterText":"Contract WDIO","selector":{"id":"application-managecontracts-display-component---AddNewContract--projectDescription","interaction":{"idSuffix":"inner"}},"clearTextFirst":true,"interactionType":"ENTER_TEXT"}]}
RESULT: {"script":"<script> [776 bytes]","args":[{"enterText":"Contract WDIO","selector":{"id":"application-managecontracts-display-component---AddNewContract--projectDescription","interaction":{"idSuffix":"inner"}},"clearTextFirst":true,"interactionType":"ENTER_TEXT"}]}
COMMAND: POST /session/638b8c348501295d6d2539f1a905cf1c/element - {"using":"xpath","value":"//input[@id=\"application-managecontracts-display-component---AddNewContract--site-inner\"]"}
RESULT: {"using":"xpath","value":"//input[@id=\"application-managecontracts-display-component---AddNewContract--site-inner\"]"}
COMMAND: POST /session/638b8c348501295d6d2539f1a905cf1c/element/f.AA659E0CE08D0C76D21A3A5289A8AF5F.d.872BBE854DA6F58A29ADE9EB17E27D1E.e.21028/clear - {}
RESULT: {}
COMMAND: POST /session/638b8c348501295d6d2539f1a905cf1c/element/f.AA659E0CE08D0C76D21A3A5289A8AF5F.d.872BBE854DA6F58A29ADE9EB17E27D1E.e.21028/value - {"text":"2345"}
COMMAND: GET /session/638b8c348501295d6d2539f1a905cf1c/screenshot - {}
RESULT: {"text":"2345"}
COMMAND: GET /session/638b8c348501295d6d2539f1a905cf1c/screenshot - {}
RESULT: {}
RESULT: {}
COMMAND: POST /session/638b8c348501295d6d2539f1a905cf1c/element - {"using":"xpath","value":"//li[.//span[text()='2345']]"}
RESULT: {"using":"xpath","value":"//li[.//span[text()='2345']]"}
COMMAND: POST /session/638b8c348501295d6d2539f1a905cf1c/element/f.AA659E0CE08D0C76D21A3A5289A8AF5F.d.872BBE854DA6F58A29ADE9EB17E27D1E.e.21051/click - {}
RESULT: {}
COMMAND: GET /session/638b8c348501295d6d2539f1a905cf1c/screenshot - {}
RESULT: {}
COMMAND: POST /session/638b8c348501295d6d2539f1a905cf1c/element - {"using":"xpath","value":"//input[@id=\"application-managecontracts-display-component---AddNewContract--yardId-inner\"]"}
RESULT: {"using":"xpath","value":"//input[@id=\"application-managecontracts-display-component---AddNewContract--yardId-inner\"]"}
COMMAND: GET /session/638b8c348501295d6d2539f1a905cf1c/element/f.AA659E0CE08D0C76D21A3A5289A8AF5F.d.872BBE854DA6F58A29ADE9EB17E27D1E.e.21029/property/value - {}
RESULT: {}
COMMAND: POST /session/638b8c348501295d6d2539f1a905cf1c/element - {"using":"xpath","value":"//input[@id=\"application-managecontracts-display-component---AddNewContract--customerSelect-inner\"]"}
COMMAND: GET /session/638b8c348501295d6d2539f1a905cf1c/screenshot - {}
RESULT: {"using":"xpath","value":"//input[@id=\"application-managecontracts-display-component---AddNewContract--customerSelect-inner\"]"}
COMMAND: POST /session/638b8c348501295d6d2539f1a905cf1c/element/f.AA659E0CE08D0C76D21A3A5289A8AF5F.d.872BBE854DA6F58A29ADE9EB17E27D1E.e.21027/clear - {}
RESULT: {}
RESULT: {}
COMMAND: POST /session/638b8c348501295d6d2539f1a905cf1c/element/f.AA659E0CE08D0C76D21A3A5289A8AF5F.d.872BBE854DA6F58A29ADE9EB17E27D1E.e.21027/value - {"text":"1383"}
COMMAND: GET /session/638b8c348501295d6d2539f1a905cf1c/screenshot - {}
RESULT: {"text":"1383"}
COMMAND: GET /session/638b8c348501295d6d2539f1a905cf1c/screenshot - {}
RESULT: {}
RESULT: {}
COMMAND: POST /session/638b8c348501295d6d2539f1a905cf1c/element - {"using":"xpath","value":"//li[.//span[text()='1383']]"}
RESULT: {"using":"xpath","value":"//li[.//span[text()='1383']]"}
COMMAND: POST /session/638b8c348501295d6d2539f1a905cf1c/element/f.AA659E0CE08D0C76D21A3A5289A8AF5F.d.872BBE854DA6F58A29ADE9EB17E27D1E.e.21054/click - {}
RESULT: {}
COMMAND: GET /session/638b8c348501295d6d2539f1a905cf1c/screenshot - {}
RESULT: {}
COMMAND: POST /session/638b8c348501295d6d2539f1a905cf1c/element - {"using":"xpath","value":"//button[@data-kt=\"saveButton\"]"}
RESULT: {"using":"xpath","value":"//button[@data-kt=\"saveButton\"]"}
COMMAND: POST /session/638b8c348501295d6d2539f1a905cf1c/element/f.AA659E0CE08D0C76D21A3A5289A8AF5F.d.872BBE854DA6F58A29ADE9EB17E27D1E.e.21044/click - {}
RESULT: {}
COMMAND: GET /session/638b8c348501295d6d2539f1a905cf1c/screenshot - {}
RESULT: {}
COMMAND: POST /session/638b8c348501295d6d2539f1a905cf1c/element - {"using":"xpath","value":"//span[contains(@id ,\"contractDetailTitleNoExpanded\")]"}
RESULT: {"using":"xpath","value":"//span[contains(@id ,\"contractDetailTitleNoExpanded\")]"}
COMMAND: POST /session/638b8c348501295d6d2539f1a905cf1c/elements - {"using":"xpath","value":"//span[contains(@id ,\"contractDetailTitleNoExpanded\")]"}
RESULT: {"using":"xpath","value":"//span[contains(@id ,\"contractDetailTitleNoExpanded\")]"}
COMMAND: POST /session/638b8c348501295d6d2539f1a905cf1c/execute/sync - {"script":"<script> [56 bytes]","args":[{"element-6066-11e4-a52e-4f735466cecf":"f.AA659E0CE08D0C76D21A3A5289A8AF5F.d.872BBE854DA6F58A29ADE9EB17E27D1E.e.21127","ELEMENT":"f.AA659E0CE08D0C76D21A3A5289A8AF5F.d.872BBE854DA6F58A29ADE9EB17E27D1E.e.21127"}]}
RESULT: {"script":"<script> [56 bytes]","args":[{"element-6066-11e4-a52e-4f735466cecf":"f.AA659E0CE08D0C76D21A3A5289A8AF5F.d.872BBE854DA6F58A29ADE9EB17E27D1E.e.21127","ELEMENT":"f.AA659E0CE08D0C76D21A3A5289A8AF5F.d.872BBE854DA6F58A29ADE9EB17E27D1E.e.21127"}]}
COMMAND: GET /session/638b8c348501295d6d2539f1a905cf1c/screenshot - {}
RESULT: {}
]]></system-out>
    </testcase>
    <testcase classname="chrome.135_0_7049_96.windows.Billing_Calculation_-_Time_based_(considering_transport_times)_US139738" name="Should add transport time checkbox on contract details" time="16.41">
      <system-out><![CDATA[
COMMAND: POST /session/638b8c348501295d6d2539f1a905cf1c/element - {"using":"xpath","value":"//button[@data-kt=\"contractDetailEditBtnButton\"]"}
RESULT: {"using":"xpath","value":"//button[@data-kt=\"contractDetailEditBtnButton\"]"}
COMMAND: POST /session/638b8c348501295d6d2539f1a905cf1c/element/f.AA659E0CE08D0C76D21A3A5289A8AF5F.d.872BBE854DA6F58A29ADE9EB17E27D1E.e.21129/click - {}
RESULT: {}
COMMAND: GET /session/638b8c348501295d6d2539f1a905cf1c/screenshot - {}
RESULT: {}
COMMAND: POST /session/638b8c348501295d6d2539f1a905cf1c/element - {"using":"xpath","value":"(//span[contains(text(), \"Contract Billing\")])[2]"}
RESULT: {"using":"xpath","value":"(//span[contains(text(), \"Contract Billing\")])[2]"}
COMMAND: POST /session/638b8c348501295d6d2539f1a905cf1c/element/f.AA659E0CE08D0C76D21A3A5289A8AF5F.d.872BBE854DA6F58A29ADE9EB17E27D1E.e.21186/click - {}
RESULT: {}
COMMAND: GET /session/638b8c348501295d6d2539f1a905cf1c/screenshot - {}
RESULT: {}
COMMAND: POST /session/638b8c348501295d6d2539f1a905cf1c/element - {"using":"xpath","value":"(//div[contains(@id, \"transportTimesBilled-CbBg\")])"}
RESULT: {"using":"xpath","value":"(//div[contains(@id, \"transportTimesBilled-CbBg\")])"}
COMMAND: POST /session/638b8c348501295d6d2539f1a905cf1c/element/f.AA659E0CE08D0C76D21A3A5289A8AF5F.d.872BBE854DA6F58A29ADE9EB17E27D1E.e.21216/click - {}
RESULT: {}
COMMAND: GET /session/638b8c348501295d6d2539f1a905cf1c/screenshot - {}
RESULT: {}
COMMAND: POST /session/638b8c348501295d6d2539f1a905cf1c/element - {"using":"xpath","value":"(//button[@data-kt=\"saveButton\"])[2]"}
RESULT: {"using":"xpath","value":"(//button[@data-kt=\"saveButton\"])[2]"}
COMMAND: POST /session/638b8c348501295d6d2539f1a905cf1c/element/f.AA659E0CE08D0C76D21A3A5289A8AF5F.d.872BBE854DA6F58A29ADE9EB17E27D1E.e.21217/click - {}
RESULT: {}
COMMAND: GET /session/638b8c348501295d6d2539f1a905cf1c/screenshot - {}
RESULT: {}
]]></system-out>
    </testcase>
    <testcase classname="chrome.135_0_7049_96.windows.Billing_Calculation_-_Time_based_(considering_transport_times)_US139738" name="Should add created equipment to contract" time="49.11">
      <system-out><![CDATA[
COMMAND: POST /session/638b8c348501295d6d2539f1a905cf1c/element - {"using":"xpath","value":"//button[@data-kt=\"contractDetailEditBtnButton\"]"}
RESULT: {"using":"xpath","value":"//button[@data-kt=\"contractDetailEditBtnButton\"]"}
COMMAND: POST /session/638b8c348501295d6d2539f1a905cf1c/element/f.AA659E0CE08D0C76D21A3A5289A8AF5F.d.872BBE854DA6F58A29ADE9EB17E27D1E.e.21129/click - {}
RESULT: {}
COMMAND: GET /session/638b8c348501295d6d2539f1a905cf1c/screenshot - {}
RESULT: {}
COMMAND: POST /session/638b8c348501295d6d2539f1a905cf1c/element - {"using":"xpath","value":"(//span[contains(text(), \"Additional Addresses\")])[2]"}
RESULT: {"using":"xpath","value":"(//span[contains(text(), \"Additional Addresses\")])[2]"}
COMMAND: POST /session/638b8c348501295d6d2539f1a905cf1c/element/f.AA659E0CE08D0C76D21A3A5289A8AF5F.d.872BBE854DA6F58A29ADE9EB17E27D1E.e.21237/click - {}
RESULT: {}
COMMAND: GET /session/638b8c348501295d6d2539f1a905cf1c/screenshot - {}
RESULT: {}
COMMAND: POST /session/638b8c348501295d6d2539f1a905cf1c/element - {"using":"xpath","value":"//button[@data-kt=\"btnAddTableRowOverflowToolbarButton\"]"}
RESULT: {"using":"xpath","value":"//button[@data-kt=\"btnAddTableRowOverflowToolbarButton\"]"}
COMMAND: POST /session/638b8c348501295d6d2539f1a905cf1c/element/f.AA659E0CE08D0C76D21A3A5289A8AF5F.d.872BBE854DA6F58A29ADE9EB17E27D1E.e.21240/click - {}
RESULT: {}
COMMAND: GET /session/638b8c348501295d6d2539f1a905cf1c/screenshot - {}
RESULT: {}
COMMAND: POST /session/638b8c348501295d6d2539f1a905cf1c/element - {"using":"xpath","value":"//div[(text() = 'Standard Entry' or . = 'Standard Entry')]"}
RESULT: {"using":"xpath","value":"//div[(text() = 'Standard Entry' or . = 'Standard Entry')]"}
COMMAND: POST /session/638b8c348501295d6d2539f1a905cf1c/element/f.AA659E0CE08D0C76D21A3A5289A8AF5F.d.872BBE854DA6F58A29ADE9EB17E27D1E.e.21242/click - {}
RESULT: {}
COMMAND: GET /session/638b8c348501295d6d2539f1a905cf1c/screenshot - {}
RESULT: {}
COMMAND: POST /session/638b8c348501295d6d2539f1a905cf1c/element - {"using":"xpath","value":"//td[7]/div/div/input"}
RESULT: {"using":"xpath","value":"//td[7]/div/div/input"}
COMMAND: POST /session/638b8c348501295d6d2539f1a905cf1c/element/f.AA659E0CE08D0C76D21A3A5289A8AF5F.d.872BBE854DA6F58A29ADE9EB17E27D1E.e.21251/clear - {}
RESULT: {}
COMMAND: POST /session/638b8c348501295d6d2539f1a905cf1c/element/f.AA659E0CE08D0C76D21A3A5289A8AF5F.d.872BBE854DA6F58A29ADE9EB17E27D1E.e.21251/value - {"text":"15Ku6h0Riu"}
COMMAND: GET /session/638b8c348501295d6d2539f1a905cf1c/screenshot - {}
RESULT: {"text":"15Ku6h0Riu"}
COMMAND: GET /session/638b8c348501295d6d2539f1a905cf1c/screenshot - {}
RESULT: {}
RESULT: {}
COMMAND: POST /session/638b8c348501295d6d2539f1a905cf1c/actions - {"actions":[{"id":"action76","type":"key","parameters":{},"actions":[{"type":"keyDown","value":"î€‡"},{"type":"pause","duration":10},{"type":"keyUp","value":"î€‡"}]}]}
RESULT: {"actions":[{"id":"action76","type":"key","parameters":{},"actions":[{"type":"keyDown","value":"î€‡"},{"type":"pause","duration":10},{"type":"keyUp","value":"î€‡"}]}]}
COMMAND: GET /session/638b8c348501295d6d2539f1a905cf1c/screenshot - {}
COMMAND: POST /session/638b8c348501295d6d2539f1a905cf1c/execute/sync - {"script":"<script> [276 bytes]","args":["No pricing information was found"]}
RESULT: {}
RESULT: {"script":"<script> [276 bytes]","args":["No pricing information was found"]}
COMMAND: POST /session/638b8c348501295d6d2539f1a905cf1c/element - {"using":"xpath","value":"(//button[@data-kt=\"saveButton\"])[2]"}
COMMAND: GET /session/638b8c348501295d6d2539f1a905cf1c/screenshot - {}
RESULT: {"using":"xpath","value":"(//button[@data-kt=\"saveButton\"])[2]"}
COMMAND: POST /session/638b8c348501295d6d2539f1a905cf1c/element/f.AA659E0CE08D0C76D21A3A5289A8AF5F.d.872BBE854DA6F58A29ADE9EB17E27D1E.e.21217/click - {}
RESULT: {}
RESULT: {}
COMMAND: GET /session/638b8c348501295d6d2539f1a905cf1c/screenshot - {}
RESULT: {}
COMMAND: POST /session/638b8c348501295d6d2539f1a905cf1c/execute/sync - {"script":"<script> [276 bytes]","args":["Some contract items are having rental validity exceeding header rental validity"]}
RESULT: {"script":"<script> [276 bytes]","args":["Some contract items are having rental validity exceeding header rental validity"]}
COMMAND: GET /session/638b8c348501295d6d2539f1a905cf1c/screenshot - {}
RESULT: {}
COMMAND: POST /session/638b8c348501295d6d2539f1a905cf1c/element - {"using":"xpath","value":"//span[contains(@id ,\"contractItemsSmartTable-header-inner\")]"}
RESULT: {"using":"xpath","value":"//span[contains(@id ,\"contractItemsSmartTable-header-inner\")]"}
COMMAND: POST /session/638b8c348501295d6d2539f1a905cf1c/elements - {"using":"xpath","value":"//span[contains(@id ,\"contractItemsSmartTable-header-inner\")]"}
RESULT: {"using":"xpath","value":"//span[contains(@id ,\"contractItemsSmartTable-header-inner\")]"}
COMMAND: POST /session/638b8c348501295d6d2539f1a905cf1c/execute/sync - {"script":"<script> [56 bytes]","args":[{"element-6066-11e4-a52e-4f735466cecf":"f.AA659E0CE08D0C76D21A3A5289A8AF5F.d.872BBE854DA6F58A29ADE9EB17E27D1E.e.21271","ELEMENT":"f.AA659E0CE08D0C76D21A3A5289A8AF5F.d.872BBE854DA6F58A29ADE9EB17E27D1E.e.21271"}]}
RESULT: {"script":"<script> [56 bytes]","args":[{"element-6066-11e4-a52e-4f735466cecf":"f.AA659E0CE08D0C76D21A3A5289A8AF5F.d.872BBE854DA6F58A29ADE9EB17E27D1E.e.21271","ELEMENT":"f.AA659E0CE08D0C76D21A3A5289A8AF5F.d.872BBE854DA6F58A29ADE9EB17E27D1E.e.21271"}]}
]]></system-out>
    </testcase>
    <testcase classname="chrome.135_0_7049_96.windows.Billing_Calculation_-_Time_based_(considering_transport_times)_US139738" name="Should do a provide to site 2 step" time="150.427">
      <system-out><![CDATA[
COMMAND: GET /session/638b8c348501295d6d2539f1a905cf1c/screenshot - {}
COMMAND: POST /session/638b8c348501295d6d2539f1a905cf1c/element - {"using":"xpath","value":"//button[@data-kt=\"provideButton\"]"}
RESULT: {"using":"xpath","value":"//button[@data-kt=\"provideButton\"]"}
COMMAND: POST /session/638b8c348501295d6d2539f1a905cf1c/element/f.AA659E0CE08D0C76D21A3A5289A8AF5F.d.872BBE854DA6F58A29ADE9EB17E27D1E.e.21272/click - {}
RESULT: {}
RESULT: {}
COMMAND: GET /session/638b8c348501295d6d2539f1a905cf1c/screenshot - {}
RESULT: {}
COMMAND: POST /session/638b8c348501295d6d2539f1a905cf1c/element - {"using":"xpath","value":"(//div[contains(@id, \"application-managehandovers-display-component---AddNewHO--oneStep-CbBg\")])"}
RESULT: {"using":"xpath","value":"(//div[contains(@id, \"application-managehandovers-display-component---AddNewHO--oneStep-CbBg\")])"}
COMMAND: POST /session/638b8c348501295d6d2539f1a905cf1c/element - {"using":"xpath","value":"(//div[contains(@id, \"application-managehandovers-display-component---AddNewHO--oneStep-CbBg\")])/input"}
RESULT: {"using":"xpath","value":"(//div[contains(@id, \"application-managehandovers-display-component---AddNewHO--oneStep-CbBg\")])/input"}
COMMAND: GET /session/638b8c348501295d6d2539f1a905cf1c/element/f.AA659E0CE08D0C76D21A3A5289A8AF5F.d.872BBE854DA6F58A29ADE9EB17E27D1E.e.21333/attribute/checked - {}
RESULT: {}
RESULT: undefined
COMMAND: POST /session/638b8c348501295d6d2539f1a905cf1c/execute/async - {"script":"<script> [6424 bytes]","args":[{"element-6066-11e4-a52e-4f735466cecf":"f.AA659E0CE08D0C76D21A3A5289A8AF5F.d.872BBE854DA6F58A29ADE9EB17E27D1E.e.20259"},"setValue",["05/02/2025"]]}
COMMAND: POST /session/638b8c348501295d6d2539f1a905cf1c/element/f.AA659E0CE08D0C76D21A3A5289A8AF5F.d.872BBE854DA6F58A29ADE9EB17E27D1E.e.21591/click - {}
RESULT: {}
COMMAND: GET /session/638b8c348501295d6d2539f1a905cf1c/screenshot - {}
COMMAND: POST /session/638b8c348501295d6d2539f1a905cf1c/execute/async - {"script":"<script> [1562 bytes]","args":[{"selector":{"id":"application-managehandovers-display-component---AddNewHO--dueDate","interaction":{"idSuffix":"inner"}},"wdio_ui5_key":"applicationmanagehandovers-display-component---AddNewHO--dueDate"}]}
RESULT: {}
RESULT: {"script":"<script> [1562 bytes]","args":[{"selector":{"id":"application-managehandovers-display-component---AddNewHO--dueDate","interaction":{"idSuffix":"inner"}},"wdio_ui5_key":"applicationmanagehandovers-display-component---AddNewHO--dueDate"}]}
COMMAND: POST /session/638b8c348501295d6d2539f1a905cf1c/execute/async - {"script":"<script> [6424 bytes]","args":[{"element-6066-11e4-a52e-4f735466cecf":"f.AA659E0CE08D0C76D21A3A5289A8AF5F.d.872BBE854DA6F58A29ADE9EB17E27D1E.e.21329"},"setValue",["05/02/2025"]]}
RESULT: {"script":"<script> [6424 bytes]","args":[{"element-6066-11e4-a52e-4f735466cecf":"f.AA659E0CE08D0C76D21A3A5289A8AF5F.d.872BBE854DA6F58A29ADE9EB17E27D1E.e.21329"},"setValue",["05/02/2025"]]}
COMMAND: POST /session/638b8c348501295d6d2539f1a905cf1c/element - {"using":"xpath","value":"//bdi[contains(text(), \"Instructions\")]"}
RESULT: {"using":"xpath","value":"//bdi[contains(text(), \"Instructions\")]"}
COMMAND: POST /session/638b8c348501295d6d2539f1a905cf1c/element/f.AA659E0CE08D0C76D21A3A5289A8AF5F.d.872BBE854DA6F58A29ADE9EB17E27D1E.e.21593/click - {}
RESULT: {}
COMMAND: GET /session/638b8c348501295d6d2539f1a905cf1c/screenshot - {}
RESULT: {}
COMMAND: POST /session/638b8c348501295d6d2539f1a905cf1c/element - {"using":"xpath","value":"//button[@data-kt=\"AddNewHOProvideAddItemsButton\"]"}
RESULT: {"using":"xpath","value":"//button[@data-kt=\"AddNewHOProvideAddItemsButton\"]"}
COMMAND: POST /session/638b8c348501295d6d2539f1a905cf1c/element/f.AA659E0CE08D0C76D21A3A5289A8AF5F.d.872BBE854DA6F58A29ADE9EB17E27D1E.e.21597/click - {}
RESULT: {}
COMMAND: GET /session/638b8c348501295d6d2539f1a905cf1c/screenshot - {}
RESULT: {}
RESULT: undefined
COMMAND: POST /session/638b8c348501295d6d2539f1a905cf1c/element - {"using":"xpath","value":"//*[@id=\"application-managehandovers-display-component---AddNewHO--popup-sa\"]"}
RESULT: {"using":"xpath","value":"//*[@id=\"application-managehandovers-display-component---AddNewHO--popup-sa\"]"}
COMMAND: POST /session/638b8c348501295d6d2539f1a905cf1c/element/f.AA659E0CE08D0C76D21A3A5289A8AF5F.d.872BBE854DA6F58A29ADE9EB17E27D1E.e.21613/click - {}
RESULT: {}
COMMAND: GET /session/638b8c348501295d6d2539f1a905cf1c/screenshot - {}
RESULT: {}
COMMAND: POST /session/638b8c348501295d6d2539f1a905cf1c/element - {"using":"xpath","value":"//*[contains(@id ,\"BDI-content\")][contains(text(), \"Select\")]"}
RESULT: {"using":"xpath","value":"//*[contains(@id ,\"BDI-content\")][contains(text(), \"Select\")]"}
COMMAND: POST /session/638b8c348501295d6d2539f1a905cf1c/element/f.AA659E0CE08D0C76D21A3A5289A8AF5F.d.872BBE854DA6F58A29ADE9EB17E27D1E.e.21614/click - {}
RESULT: {}
COMMAND: GET /session/638b8c348501295d6d2539f1a905cf1c/screenshot - {}
RESULT: {}
COMMAND: POST /session/638b8c348501295d6d2539f1a905cf1c/execute/async - {"script":"<script> [1562 bytes]","args":[{"selector":{"id":"application-managehandovers-display-component---AddNewHO--confirmCreationButton","interaction":{"idSuffix":"BDI-content"}},"wdio_ui5_key":"applicationmanagehandovers-display-component---AddNewHO--confirmCreationButton"}]}
RESULT: {"script":"<script> [1562 bytes]","args":[{"selector":{"id":"application-managehandovers-display-component---AddNewHO--confirmCreationButton","interaction":{"idSuffix":"BDI-content"}},"wdio_ui5_key":"applicationmanagehandovers-display-component---AddNewHO--confirmCreationButton"}]}
RESULT: undefined
COMMAND: POST /session/638b8c348501295d6d2539f1a905cf1c/element - {"using":"xpath","value":"//*[@id=\"application-managehandovers-display-component---AddNewHO--confirmCreationButton\"]"}
RESULT: {"using":"xpath","value":"//*[@id=\"application-managehandovers-display-component---AddNewHO--confirmCreationButton\"]"}
COMMAND: POST /session/638b8c348501295d6d2539f1a905cf1c/element/f.AA659E0CE08D0C76D21A3A5289A8AF5F.d.872BBE854DA6F58A29ADE9EB17E27D1E.e.21410/click - {}
RESULT: {}
COMMAND: GET /session/638b8c348501295d6d2539f1a905cf1c/screenshot - {}
RESULT: {}
COMMAND: POST /session/638b8c348501295d6d2539f1a905cf1c/element - {"using":"xpath","value":"//button[@data-kt=\"PickingTableConfirmAllButton\"]"}
RESULT: {"using":"xpath","value":"//button[@data-kt=\"PickingTableConfirmAllButton\"]"}
COMMAND: POST /session/638b8c348501295d6d2539f1a905cf1c/elements - {"using":"xpath","value":"//button[@data-kt=\"PickingTableConfirmAllButton\"]"}
RESULT: {"using":"xpath","value":"//button[@data-kt=\"PickingTableConfirmAllButton\"]"}
COMMAND: POST /session/638b8c348501295d6d2539f1a905cf1c/elements - {"using":"xpath","value":"//button[@data-kt=\"PickingTableConfirmAllButton\"]"}
RESULT: {"using":"xpath","value":"//button[@data-kt=\"PickingTableConfirmAllButton\"]"}
COMMAND: POST /session/638b8c348501295d6d2539f1a905cf1c/element - {"using":"xpath","value":"//button[@data-kt=\"PickingTableConfirmAllButton\"]"}
RESULT: {"using":"xpath","value":"//button[@data-kt=\"PickingTableConfirmAllButton\"]"}
COMMAND: POST /session/638b8c348501295d6d2539f1a905cf1c/element/f.AA659E0CE08D0C76D21A3A5289A8AF5F.d.872BBE854DA6F58A29ADE9EB17E27D1E.e.21653/click - {}
COMMAND: POST /session/638b8c348501295d6d2539f1a905cf1c/element - {"using":"xpath","value":"//button[@data-kt=\"PickingTableConfirmAllButton\"]"}
RESULT: {"using":"xpath","value":"//button[@data-kt=\"PickingTableConfirmAllButton\"]"}
COMMAND: POST /session/638b8c348501295d6d2539f1a905cf1c/element/f.AA659E0CE08D0C76D21A3A5289A8AF5F.d.872BBE854DA6F58A29ADE9EB17E27D1E.e.21653/click - {}
COMMAND: POST /session/638b8c348501295d6d2539f1a905cf1c/element - {"using":"xpath","value":"//button[@data-kt=\"PickingTableConfirmAllButton\"]"}
RESULT: {"using":"xpath","value":"//button[@data-kt=\"PickingTableConfirmAllButton\"]"}
COMMAND: POST /session/638b8c348501295d6d2539f1a905cf1c/element/f.AA659E0CE08D0C76D21A3A5289A8AF5F.d.872BBE854DA6F58A29ADE9EB17E27D1E.e.21675/click - {}
RESULT: {}
COMMAND: GET /session/638b8c348501295d6d2539f1a905cf1c/screenshot - {}
RESULT: {}
COMMAND: POST /session/638b8c348501295d6d2539f1a905cf1c/element - {"using":"xpath","value":"//bdi[contains(text(), \"OK\")]"}
RESULT: {"using":"xpath","value":"//bdi[contains(text(), \"OK\")]"}
COMMAND: POST /session/638b8c348501295d6d2539f1a905cf1c/element/f.AA659E0CE08D0C76D21A3A5289A8AF5F.d.872BBE854DA6F58A29ADE9EB17E27D1E.e.21678/click - {}
RESULT: {}
COMMAND: GET /session/638b8c348501295d6d2539f1a905cf1c/screenshot - {}
RESULT: {}
COMMAND: POST /session/638b8c348501295d6d2539f1a905cf1c/element - {"using":"xpath","value":"//button[@data-kt=\"execHoPickButton\"]"}
RESULT: {"using":"xpath","value":"//button[@data-kt=\"execHoPickButton\"]"}
COMMAND: POST /session/638b8c348501295d6d2539f1a905cf1c/element/f.AA659E0CE08D0C76D21A3A5289A8AF5F.d.872BBE854DA6F58A29ADE9EB17E27D1E.e.21679/click - {}
RESULT: {}
COMMAND: GET /session/638b8c348501295d6d2539f1a905cf1c/screenshot - {}
RESULT: {}
COMMAND: POST /session/638b8c348501295d6d2539f1a905cf1c/element - {"using":"xpath","value":"//span[contains(@id ,\"filterItemControl_BASIC-RECEIVE_CONTRACT-vhi\")]"}
RESULT: {"using":"xpath","value":"//span[contains(@id ,\"filterItemControl_BASIC-RECEIVE_CONTRACT-vhi\")]"}
COMMAND: POST /session/638b8c348501295d6d2539f1a905cf1c/element/f.AA659E0CE08D0C76D21A3A5289A8AF5F.d.872BBE854DA6F58A29ADE9EB17E27D1E.e.21855/click - {}
RESULT: {}
COMMAND: GET /session/638b8c348501295d6d2539f1a905cf1c/screenshot - {}
RESULT: {}
COMMAND: POST /session/638b8c348501295d6d2539f1a905cf1c/execute/async - {"script":"<script> [1562 bytes]","args":[{"selector":{"controlType":"sap.m.SearchField","viewName":"etm.portal.ui.managehandovers.view.MasterHO","bindingPath":{"path":"","propertyPath":"/_BASIC_SEARCH_FIELD","modelName":"fi1t3rM0d31"},"searchOpenDialogs":true,"interaction":{"idSuffix":"I"}},"wdio_ui5_key":"etmportal.ui.managehandovers.view.MasterHOsap.m.SearchField{\"path\":\"\",\"propertyPath\":\"/_BASIC_SEARCH_FIELD\",\"modelName\":\"fi1t3rM0d31\"}"}]}
RESULT: {"script":"<script> [1562 bytes]","args":[{"selector":{"controlType":"sap.m.SearchField","viewName":"etm.portal.ui.managehandovers.view.MasterHO","bindingPath":{"path":"","propertyPath":"/_BASIC_SEARCH_FIELD","modelName":"fi1t3rM0d31"},"searchOpenDialogs":true,"interaction":{"idSuffix":"I"}},"wdio_ui5_key":"etmportal.ui.managehandovers.view.MasterHOsap.m.SearchField{\"path\":\"\",\"propertyPath\":\"/_BASIC_SEARCH_FIELD\",\"modelName\":\"fi1t3rM0d31\"}"}]}
RESULT: undefined
COMMAND: POST /session/638b8c348501295d6d2539f1a905cf1c/execute/async - {"script":"<script> [776 bytes]","args":[{"enterText":"10474","selector":{"controlType":"sap.m.SearchField","viewName":"etm.portal.ui.managehandovers.view.MasterHO","bindingPath":{"path":"","propertyPath":"/_BASIC_SEARCH_FIELD","modelName":"fi1t3rM0d31"},"searchOpenDialogs":true,"interaction":{"idSuffix":"I"}},"clearTextFirst":true,"interactionType":"ENTER_TEXT"}]}
RESULT: {"script":"<script> [776 bytes]","args":[{"enterText":"10474","selector":{"controlType":"sap.m.SearchField","viewName":"etm.portal.ui.managehandovers.view.MasterHO","bindingPath":{"path":"","propertyPath":"/_BASIC_SEARCH_FIELD","modelName":"fi1t3rM0d31"},"searchOpenDialogs":true,"interaction":{"idSuffix":"I"}},"clearTextFirst":true,"interactionType":"ENTER_TEXT"}]}
COMMAND: POST /session/638b8c348501295d6d2539f1a905cf1c/actions - {"actions":[{"id":"action77","type":"key","parameters":{},"actions":[{"type":"keyDown","value":"î€‡"},{"type":"pause","duration":10},{"type":"keyUp","value":"î€‡"}]}]}
RESULT: {"actions":[{"id":"action77","type":"key","parameters":{},"actions":[{"type":"keyDown","value":"î€‡"},{"type":"pause","duration":10},{"type":"keyUp","value":"î€‡"}]}]}
COMMAND: GET /session/638b8c348501295d6d2539f1a905cf1c/screenshot - {}
RESULT: {}
COMMAND: POST /session/638b8c348501295d6d2539f1a905cf1c/element - {"using":"xpath","value":"//div[contains(@id, 'filterItemControl_BASIC-RECEIVE_CONTRACT-valueHelpDialog-table-rowsel0')]"}
RESULT: {"using":"xpath","value":"//div[contains(@id, 'filterItemControl_BASIC-RECEIVE_CONTRACT-valueHelpDialog-table-rowsel0')]"}
COMMAND: POST /session/638b8c348501295d6d2539f1a905cf1c/element/f.AA659E0CE08D0C76D21A3A5289A8AF5F.d.872BBE854DA6F58A29ADE9EB17E27D1E.e.21864/click - {}
RESULT: {}
COMMAND: GET /session/638b8c348501295d6d2539f1a905cf1c/screenshot - {}
RESULT: {}
COMMAND: POST /session/638b8c348501295d6d2539f1a905cf1c/element - {"using":"xpath","value":"//bdi[contains(text(), \"OK\")]"}
RESULT: {"using":"xpath","value":"//bdi[contains(text(), \"OK\")]"}
COMMAND: POST /session/638b8c348501295d6d2539f1a905cf1c/element/f.AA659E0CE08D0C76D21A3A5289A8AF5F.d.872BBE854DA6F58A29ADE9EB17E27D1E.e.21866/click - {}
RESULT: {}
COMMAND: GET /session/638b8c348501295d6d2539f1a905cf1c/screenshot - {}
RESULT: {}
COMMAND: POST /session/638b8c348501295d6d2539f1a905cf1c/element - {"using":"xpath","value":"//span[contains(@id, \"smartTable-header-inner\")]"}
RESULT: {"using":"xpath","value":"//span[contains(@id, \"smartTable-header-inner\")]"}
COMMAND: POST /session/638b8c348501295d6d2539f1a905cf1c/elements - {"using":"xpath","value":"//span[contains(@id, \"smartTable-header-inner\")]"}
RESULT: {"using":"xpath","value":"//span[contains(@id, \"smartTable-header-inner\")]"}
COMMAND: POST /session/638b8c348501295d6d2539f1a905cf1c/execute/sync - {"script":"<script> [56 bytes]","args":[{"element-6066-11e4-a52e-4f735466cecf":"f.AA659E0CE08D0C76D21A3A5289A8AF5F.d.872BBE854DA6F58A29ADE9EB17E27D1E.e.21894","ELEMENT":"f.AA659E0CE08D0C76D21A3A5289A8AF5F.d.872BBE854DA6F58A29ADE9EB17E27D1E.e.21894"}]}
RESULT: {"script":"<script> [56 bytes]","args":[{"element-6066-11e4-a52e-4f735466cecf":"f.AA659E0CE08D0C76D21A3A5289A8AF5F.d.872BBE854DA6F58A29ADE9EB17E27D1E.e.21894","ELEMENT":"f.AA659E0CE08D0C76D21A3A5289A8AF5F.d.872BBE854DA6F58A29ADE9EB17E27D1E.e.21894"}]}
COMMAND: POST /session/638b8c348501295d6d2539f1a905cf1c/element - {"using":"xpath","value":"//table[contains(@id, \"customHandovers\")]//tbody/tr[1]/td[2]/span"}
COMMAND: GET /session/638b8c348501295d6d2539f1a905cf1c/screenshot - {}
RESULT: {"using":"xpath","value":"//table[contains(@id, \"customHandovers\")]//tbody/tr[1]/td[2]/span"}
COMMAND: POST /session/638b8c348501295d6d2539f1a905cf1c/execute/sync - {"script":"<script> [56 bytes]","args":[{"element-6066-11e4-a52e-4f735466cecf":"f.AA659E0CE08D0C76D21A3A5289A8AF5F.d.872BBE854DA6F58A29ADE9EB17E27D1E.e.21895","ELEMENT":"f.AA659E0CE08D0C76D21A3A5289A8AF5F.d.872BBE854DA6F58A29ADE9EB17E27D1E.e.21895"}]}
RESULT: {}
RESULT: {"script":"<script> [56 bytes]","args":[{"element-6066-11e4-a52e-4f735466cecf":"f.AA659E0CE08D0C76D21A3A5289A8AF5F.d.872BBE854DA6F58A29ADE9EB17E27D1E.e.21895","ELEMENT":"f.AA659E0CE08D0C76D21A3A5289A8AF5F.d.872BBE854DA6F58A29ADE9EB17E27D1E.e.21895"}]}
COMMAND: POST /session/638b8c348501295d6d2539f1a905cf1c/element - {"using":"xpath","value":"(//span[contains(@id, \"imgNav\")])[1]"}
COMMAND: GET /session/638b8c348501295d6d2539f1a905cf1c/screenshot - {}
RESULT: {"using":"xpath","value":"(//span[contains(@id, \"imgNav\")])[1]"}
COMMAND: POST /session/638b8c348501295d6d2539f1a905cf1c/element/f.AA659E0CE08D0C76D21A3A5289A8AF5F.d.872BBE854DA6F58A29ADE9EB17E27D1E.e.21893/click - {}
RESULT: {}
RESULT: {}
COMMAND: GET /session/638b8c348501295d6d2539f1a905cf1c/screenshot - {}
RESULT: {}
COMMAND: POST /session/638b8c348501295d6d2539f1a905cf1c/element - {"using":"xpath","value":"//button[@data-kt=\"PickingTableConfirmAllButton\"]"}
RESULT: {"using":"xpath","value":"//button[@data-kt=\"PickingTableConfirmAllButton\"]"}
COMMAND: POST /session/638b8c348501295d6d2539f1a905cf1c/element/f.AA659E0CE08D0C76D21A3A5289A8AF5F.d.872BBE854DA6F58A29ADE9EB17E27D1E.e.21936/click - {}
RESULT: {}
COMMAND: GET /session/638b8c348501295d6d2539f1a905cf1c/screenshot - {}
RESULT: {}
COMMAND: POST /session/638b8c348501295d6d2539f1a905cf1c/element - {"using":"xpath","value":"//bdi[contains(text(), \"OK\")]"}
RESULT: {"using":"xpath","value":"//bdi[contains(text(), \"OK\")]"}
COMMAND: POST /session/638b8c348501295d6d2539f1a905cf1c/element/f.AA659E0CE08D0C76D21A3A5289A8AF5F.d.872BBE854DA6F58A29ADE9EB17E27D1E.e.21949/click - {}
RESULT: {}
COMMAND: GET /session/638b8c348501295d6d2539f1a905cf1c/screenshot - {}
RESULT: {}
COMMAND: POST /session/638b8c348501295d6d2539f1a905cf1c/element - {"using":"xpath","value":"//button[@data-kt=\"execHoIssueButton\"]"}
RESULT: {"using":"xpath","value":"//button[@data-kt=\"execHoIssueButton\"]"}
COMMAND: POST /session/638b8c348501295d6d2539f1a905cf1c/element/f.AA659E0CE08D0C76D21A3A5289A8AF5F.d.872BBE854DA6F58A29ADE9EB17E27D1E.e.21951/click - {}
RESULT: {}
COMMAND: GET /session/638b8c348501295d6d2539f1a905cf1c/screenshot - {}
RESULT: {}
COMMAND: POST /session/638b8c348501295d6d2539f1a905cf1c/element - {"using":"xpath","value":"//input[contains(@id ,\"smartFilterBar-btnBasicSearch-I\")]"}
RESULT: {"using":"xpath","value":"//input[contains(@id ,\"smartFilterBar-btnBasicSearch-I\")]"}
COMMAND: POST /session/638b8c348501295d6d2539f1a905cf1c/elements - {"using":"xpath","value":"//input[contains(@id ,\"smartFilterBar-btnBasicSearch-I\")]"}
RESULT: {"using":"xpath","value":"//input[contains(@id ,\"smartFilterBar-btnBasicSearch-I\")]"}
COMMAND: POST /session/638b8c348501295d6d2539f1a905cf1c/execute/sync - {"script":"<script> [8489 bytes]","args":[{"element-6066-11e4-a52e-4f735466cecf":"f.AA659E0CE08D0C76D21A3A5289A8AF5F.d.872BBE854DA6F58A29ADE9EB17E27D1E.e.21328","ELEMENT":"f.AA659E0CE08D0C76D21A3A5289A8AF5F.d.872BBE854DA6F58A29ADE9EB17E27D1E.e.21328"}]}
RESULT: {"script":"<script> [8489 bytes]","args":[{"element-6066-11e4-a52e-4f735466cecf":"f.AA659E0CE08D0C76D21A3A5289A8AF5F.d.872BBE854DA6F58A29ADE9EB17E27D1E.e.21328","ELEMENT":"f.AA659E0CE08D0C76D21A3A5289A8AF5F.d.872BBE854DA6F58A29ADE9EB17E27D1E.e.21328"}]}
COMMAND: GET /session/638b8c348501295d6d2539f1a905cf1c/element/f.AA659E0CE08D0C76D21A3A5289A8AF5F.d.872BBE854DA6F58A29ADE9EB17E27D1E.e.21328/enabled - {}
COMMAND: GET /session/638b8c348501295d6d2539f1a905cf1c/screenshot - {}
RESULT: {}
COMMAND: POST /session/638b8c348501295d6d2539f1a905cf1c/element/f.AA659E0CE08D0C76D21A3A5289A8AF5F.d.872BBE854DA6F58A29ADE9EB17E27D1E.e.21328/clear - {}
COMMAND: GET /session/638b8c348501295d6d2539f1a905cf1c/screenshot - {}
RESULT: {}
RESULT: {}
COMMAND: POST /session/638b8c348501295d6d2539f1a905cf1c/element/f.AA659E0CE08D0C76D21A3A5289A8AF5F.d.872BBE854DA6F58A29ADE9EB17E27D1E.e.21328/value - {"text":"30690"}
COMMAND: GET /session/638b8c348501295d6d2539f1a905cf1c/screenshot - {}
RESULT: {}
RESULT: {"text":"30690"}
COMMAND: GET /session/638b8c348501295d6d2539f1a905cf1c/screenshot - {}
RESULT: {}
RESULT: {}
COMMAND: POST /session/638b8c348501295d6d2539f1a905cf1c/actions - {"actions":[{"id":"action78","type":"key","parameters":{},"actions":[{"type":"keyDown","value":"î€‡"},{"type":"pause","duration":10},{"type":"keyUp","value":"î€‡"}]}]}
RESULT: {"actions":[{"id":"action78","type":"key","parameters":{},"actions":[{"type":"keyDown","value":"î€‡"},{"type":"pause","duration":10},{"type":"keyUp","value":"î€‡"}]}]}
COMMAND: GET /session/638b8c348501295d6d2539f1a905cf1c/screenshot - {}
RESULT: {}
COMMAND: POST /session/638b8c348501295d6d2539f1a905cf1c/element - {"using":"xpath","value":"//span[contains(@id, \"smartTable-header-inner\")]"}
RESULT: {"using":"xpath","value":"//span[contains(@id, \"smartTable-header-inner\")]"}
COMMAND: POST /session/638b8c348501295d6d2539f1a905cf1c/elements - {"using":"xpath","value":"//span[contains(@id, \"smartTable-header-inner\")]"}
RESULT: {"using":"xpath","value":"//span[contains(@id, \"smartTable-header-inner\")]"}
COMMAND: POST /session/638b8c348501295d6d2539f1a905cf1c/execute/sync - {"script":"<script> [56 bytes]","args":[{"element-6066-11e4-a52e-4f735466cecf":"f.AA659E0CE08D0C76D21A3A5289A8AF5F.d.872BBE854DA6F58A29ADE9EB17E27D1E.e.21894","ELEMENT":"f.AA659E0CE08D0C76D21A3A5289A8AF5F.d.872BBE854DA6F58A29ADE9EB17E27D1E.e.21894"}]}
RESULT: {"script":"<script> [56 bytes]","args":[{"element-6066-11e4-a52e-4f735466cecf":"f.AA659E0CE08D0C76D21A3A5289A8AF5F.d.872BBE854DA6F58A29ADE9EB17E27D1E.e.21894","ELEMENT":"f.AA659E0CE08D0C76D21A3A5289A8AF5F.d.872BBE854DA6F58A29ADE9EB17E27D1E.e.21894"}]}
COMMAND: POST /session/638b8c348501295d6d2539f1a905cf1c/elements - {"using":"xpath","value":"//thead[contains(@class, \"sapMTableTH\")]/tr/th"}
COMMAND: GET /session/638b8c348501295d6d2539f1a905cf1c/screenshot - {}
RESULT: {"using":"xpath","value":"//thead[contains(@class, \"sapMTableTH\")]/tr/th"}
COMMAND: GET /session/638b8c348501295d6d2539f1a905cf1c/element/f.AA659E0CE08D0C76D21A3A5289A8AF5F.d.872BBE854DA6F58A29ADE9EB17E27D1E.e.21988/text - {}
RESULT: {}
RESULT: {}
COMMAND: GET /session/638b8c348501295d6d2539f1a905cf1c/element/f.AA659E0CE08D0C76D21A3A5289A8AF5F.d.872BBE854DA6F58A29ADE9EB17E27D1E.e.21989/text - {}
RESULT: {}
COMMAND: GET /session/638b8c348501295d6d2539f1a905cf1c/element/f.AA659E0CE08D0C76D21A3A5289A8AF5F.d.872BBE854DA6F58A29ADE9EB17E27D1E.e.21375/text - {}
RESULT: {}
COMMAND: GET /session/638b8c348501295d6d2539f1a905cf1c/element/f.AA659E0CE08D0C76D21A3A5289A8AF5F.d.872BBE854DA6F58A29ADE9EB17E27D1E.e.21377/text - {}
RESULT: {}
COMMAND: GET /session/638b8c348501295d6d2539f1a905cf1c/element/f.AA659E0CE08D0C76D21A3A5289A8AF5F.d.872BBE854DA6F58A29ADE9EB17E27D1E.e.21954/text - {}
RESULT: {}
COMMAND: GET /session/638b8c348501295d6d2539f1a905cf1c/element/f.AA659E0CE08D0C76D21A3A5289A8AF5F.d.872BBE854DA6F58A29ADE9EB17E27D1E.e.21955/text - {}
RESULT: {}
COMMAND: GET /session/638b8c348501295d6d2539f1a905cf1c/element/f.AA659E0CE08D0C76D21A3A5289A8AF5F.d.872BBE854DA6F58A29ADE9EB17E27D1E.e.21956/text - {}
RESULT: {}
COMMAND: GET /session/638b8c348501295d6d2539f1a905cf1c/element/f.AA659E0CE08D0C76D21A3A5289A8AF5F.d.872BBE854DA6F58A29ADE9EB17E27D1E.e.21957/text - {}
RESULT: {}
COMMAND: GET /session/638b8c348501295d6d2539f1a905cf1c/element/f.AA659E0CE08D0C76D21A3A5289A8AF5F.d.872BBE854DA6F58A29ADE9EB17E27D1E.e.21958/text - {}
RESULT: {}
COMMAND: GET /session/638b8c348501295d6d2539f1a905cf1c/element/f.AA659E0CE08D0C76D21A3A5289A8AF5F.d.872BBE854DA6F58A29ADE9EB17E27D1E.e.21959/text - {}
RESULT: {}
COMMAND: GET /session/638b8c348501295d6d2539f1a905cf1c/element/f.AA659E0CE08D0C76D21A3A5289A8AF5F.d.872BBE854DA6F58A29ADE9EB17E27D1E.e.21960/text - {}
RESULT: {}
COMMAND: GET /session/638b8c348501295d6d2539f1a905cf1c/element/f.AA659E0CE08D0C76D21A3A5289A8AF5F.d.872BBE854DA6F58A29ADE9EB17E27D1E.e.21961/text - {}
RESULT: {}
COMMAND: GET /session/638b8c348501295d6d2539f1a905cf1c/element/f.AA659E0CE08D0C76D21A3A5289A8AF5F.d.872BBE854DA6F58A29ADE9EB17E27D1E.e.21962/text - {}
RESULT: {}
COMMAND: GET /session/638b8c348501295d6d2539f1a905cf1c/element/f.AA659E0CE08D0C76D21A3A5289A8AF5F.d.872BBE854DA6F58A29ADE9EB17E27D1E.e.21378/text - {}
RESULT: {}
COMMAND: POST /session/638b8c348501295d6d2539f1a905cf1c/element - {"using":"xpath","value":"//tbody[contains(@id, \"customHandoversTable-tblBody\")]/tr[1]/td[14]/div/span"}
RESULT: {"using":"xpath","value":"//tbody[contains(@id, \"customHandoversTable-tblBody\")]/tr[1]/td[14]/div/span"}
COMMAND: POST /session/638b8c348501295d6d2539f1a905cf1c/execute/sync - {"script":"<script> [56 bytes]","args":[{"element-6066-11e4-a52e-4f735466cecf":"f.AA659E0CE08D0C76D21A3A5289A8AF5F.d.872BBE854DA6F58A29ADE9EB17E27D1E.e.22041","ELEMENT":"f.AA659E0CE08D0C76D21A3A5289A8AF5F.d.872BBE854DA6F58A29ADE9EB17E27D1E.e.22041"}]}
RESULT: {"script":"<script> [56 bytes]","args":[{"element-6066-11e4-a52e-4f735466cecf":"f.AA659E0CE08D0C76D21A3A5289A8AF5F.d.872BBE854DA6F58A29ADE9EB17E27D1E.e.22041","ELEMENT":"f.AA659E0CE08D0C76D21A3A5289A8AF5F.d.872BBE854DA6F58A29ADE9EB17E27D1E.e.22041"}]}
COMMAND: POST /session/638b8c348501295d6d2539f1a905cf1c/element - {"using":"xpath","value":"(//span[contains(@id, \"imgNav\")])[1]"}
COMMAND: GET /session/638b8c348501295d6d2539f1a905cf1c/screenshot - {}
RESULT: {"using":"xpath","value":"(//span[contains(@id, \"imgNav\")])[1]"}
COMMAND: POST /session/638b8c348501295d6d2539f1a905cf1c/element/f.AA659E0CE08D0C76D21A3A5289A8AF5F.d.872BBE854DA6F58A29ADE9EB17E27D1E.e.22042/click - {}
RESULT: {}
RESULT: {}
COMMAND: GET /session/638b8c348501295d6d2539f1a905cf1c/screenshot - {}
RESULT: {}
RESULT: undefined
COMMAND: POST /session/638b8c348501295d6d2539f1a905cf1c/execute/async - {"script":"<script> [776 bytes]","args":[{"enterText":"05/09/25","selector":{"id":"receiptDatePicker","viewName":"etm.portal.ui.managehandovers.view.DetailExecuteHO","interaction":{"idSuffix":"inner"}},"clearTextFirst":true,"interactionType":"ENTER_TEXT"}]}
RESULT: {"script":"<script> [776 bytes]","args":[{"enterText":"05/09/25","selector":{"id":"receiptDatePicker","viewName":"etm.portal.ui.managehandovers.view.DetailExecuteHO","interaction":{"idSuffix":"inner"}},"clearTextFirst":true,"interactionType":"ENTER_TEXT"}]}
COMMAND: POST /session/638b8c348501295d6d2539f1a905cf1c/element - {"using":"xpath","value":"//button[@data-kt=\"PickingTableConfirmAllButton\"]"}
RESULT: {"using":"xpath","value":"//button[@data-kt=\"PickingTableConfirmAllButton\"]"}
COMMAND: POST /session/638b8c348501295d6d2539f1a905cf1c/element/f.AA659E0CE08D0C76D21A3A5289A8AF5F.d.872BBE854DA6F58A29ADE9EB17E27D1E.e.22065/click - {}
RESULT: {}
COMMAND: GET /session/638b8c348501295d6d2539f1a905cf1c/screenshot - {}
RESULT: {}
COMMAND: POST /session/638b8c348501295d6d2539f1a905cf1c/element - {"using":"xpath","value":"//bdi[contains(text(), \"OK\")]"}
RESULT: {"using":"xpath","value":"//bdi[contains(text(), \"OK\")]"}
COMMAND: POST /session/638b8c348501295d6d2539f1a905cf1c/element/f.AA659E0CE08D0C76D21A3A5289A8AF5F.d.872BBE854DA6F58A29ADE9EB17E27D1E.e.22079/click - {}
RESULT: {}
COMMAND: GET /session/638b8c348501295d6d2539f1a905cf1c/screenshot - {}
RESULT: {}
COMMAND: POST /session/638b8c348501295d6d2539f1a905cf1c/element - {"using":"xpath","value":"//button[@data-kt= \"execHoReceiveButton\"]"}
RESULT: {"using":"xpath","value":"//button[@data-kt= \"execHoReceiveButton\"]"}
COMMAND: POST /session/638b8c348501295d6d2539f1a905cf1c/element/f.AA659E0CE08D0C76D21A3A5289A8AF5F.d.872BBE854DA6F58A29ADE9EB17E27D1E.e.22081/click - {}
RESULT: {}
COMMAND: GET /session/638b8c348501295d6d2539f1a905cf1c/screenshot - {}
RESULT: {}
COMMAND: POST /session/638b8c348501295d6d2539f1a905cf1c/element - {"using":"xpath","value":"//input[contains(@id ,\"smartFilterBar-btnBasicSearch-I\")]"}
RESULT: {"using":"xpath","value":"//input[contains(@id ,\"smartFilterBar-btnBasicSearch-I\")]"}
COMMAND: POST /session/638b8c348501295d6d2539f1a905cf1c/elements - {"using":"xpath","value":"//input[contains(@id ,\"smartFilterBar-btnBasicSearch-I\")]"}
RESULT: {"using":"xpath","value":"//input[contains(@id ,\"smartFilterBar-btnBasicSearch-I\")]"}
COMMAND: POST /session/638b8c348501295d6d2539f1a905cf1c/execute/sync - {"script":"<script> [8489 bytes]","args":[{"element-6066-11e4-a52e-4f735466cecf":"f.AA659E0CE08D0C76D21A3A5289A8AF5F.d.872BBE854DA6F58A29ADE9EB17E27D1E.e.21328","ELEMENT":"f.AA659E0CE08D0C76D21A3A5289A8AF5F.d.872BBE854DA6F58A29ADE9EB17E27D1E.e.21328"}]}
RESULT: {"script":"<script> [8489 bytes]","args":[{"element-6066-11e4-a52e-4f735466cecf":"f.AA659E0CE08D0C76D21A3A5289A8AF5F.d.872BBE854DA6F58A29ADE9EB17E27D1E.e.21328","ELEMENT":"f.AA659E0CE08D0C76D21A3A5289A8AF5F.d.872BBE854DA6F58A29ADE9EB17E27D1E.e.21328"}]}
COMMAND: GET /session/638b8c348501295d6d2539f1a905cf1c/element/f.AA659E0CE08D0C76D21A3A5289A8AF5F.d.872BBE854DA6F58A29ADE9EB17E27D1E.e.21328/enabled - {}
COMMAND: GET /session/638b8c348501295d6d2539f1a905cf1c/screenshot - {}
RESULT: {}
COMMAND: POST /session/638b8c348501295d6d2539f1a905cf1c/element/f.AA659E0CE08D0C76D21A3A5289A8AF5F.d.872BBE854DA6F58A29ADE9EB17E27D1E.e.21328/clear - {}
COMMAND: GET /session/638b8c348501295d6d2539f1a905cf1c/screenshot - {}
RESULT: {}
RESULT: {}
COMMAND: POST /session/638b8c348501295d6d2539f1a905cf1c/element/f.AA659E0CE08D0C76D21A3A5289A8AF5F.d.872BBE854DA6F58A29ADE9EB17E27D1E.e.21328/value - {"text":"30690"}
COMMAND: GET /session/638b8c348501295d6d2539f1a905cf1c/screenshot - {}
RESULT: {}
RESULT: {"text":"30690"}
COMMAND: GET /session/638b8c348501295d6d2539f1a905cf1c/screenshot - {}
RESULT: {}
RESULT: {}
COMMAND: POST /session/638b8c348501295d6d2539f1a905cf1c/actions - {"actions":[{"id":"action79","type":"key","parameters":{},"actions":[{"type":"keyDown","value":"î€‡"},{"type":"pause","duration":10},{"type":"keyUp","value":"î€‡"}]}]}
RESULT: {"actions":[{"id":"action79","type":"key","parameters":{},"actions":[{"type":"keyDown","value":"î€‡"},{"type":"pause","duration":10},{"type":"keyUp","value":"î€‡"}]}]}
COMMAND: GET /session/638b8c348501295d6d2539f1a905cf1c/screenshot - {}
RESULT: {}
COMMAND: POST /session/638b8c348501295d6d2539f1a905cf1c/element - {"using":"xpath","value":"//span[contains(@id, \"smartTable-header-inner\")]"}
RESULT: {"using":"xpath","value":"//span[contains(@id, \"smartTable-header-inner\")]"}
COMMAND: POST /session/638b8c348501295d6d2539f1a905cf1c/elements - {"using":"xpath","value":"//span[contains(@id, \"smartTable-header-inner\")]"}
RESULT: {"using":"xpath","value":"//span[contains(@id, \"smartTable-header-inner\")]"}
COMMAND: POST /session/638b8c348501295d6d2539f1a905cf1c/execute/sync - {"script":"<script> [56 bytes]","args":[{"element-6066-11e4-a52e-4f735466cecf":"f.AA659E0CE08D0C76D21A3A5289A8AF5F.d.872BBE854DA6F58A29ADE9EB17E27D1E.e.21894","ELEMENT":"f.AA659E0CE08D0C76D21A3A5289A8AF5F.d.872BBE854DA6F58A29ADE9EB17E27D1E.e.21894"}]}
RESULT: {"script":"<script> [56 bytes]","args":[{"element-6066-11e4-a52e-4f735466cecf":"f.AA659E0CE08D0C76D21A3A5289A8AF5F.d.872BBE854DA6F58A29ADE9EB17E27D1E.e.21894","ELEMENT":"f.AA659E0CE08D0C76D21A3A5289A8AF5F.d.872BBE854DA6F58A29ADE9EB17E27D1E.e.21894"}]}
COMMAND: POST /session/638b8c348501295d6d2539f1a905cf1c/elements - {"using":"xpath","value":"//thead[contains(@class, \"sapMTableTH\")]/tr/th"}
COMMAND: GET /session/638b8c348501295d6d2539f1a905cf1c/screenshot - {}
RESULT: {"using":"xpath","value":"//thead[contains(@class, \"sapMTableTH\")]/tr/th"}
COMMAND: GET /session/638b8c348501295d6d2539f1a905cf1c/element/f.AA659E0CE08D0C76D21A3A5289A8AF5F.d.872BBE854DA6F58A29ADE9EB17E27D1E.e.21988/text - {}
RESULT: {}
RESULT: {}
COMMAND: GET /session/638b8c348501295d6d2539f1a905cf1c/element/f.AA659E0CE08D0C76D21A3A5289A8AF5F.d.872BBE854DA6F58A29ADE9EB17E27D1E.e.21989/text - {}
RESULT: {}
COMMAND: GET /session/638b8c348501295d6d2539f1a905cf1c/element/f.AA659E0CE08D0C76D21A3A5289A8AF5F.d.872BBE854DA6F58A29ADE9EB17E27D1E.e.21375/text - {}
RESULT: {}
COMMAND: GET /session/638b8c348501295d6d2539f1a905cf1c/element/f.AA659E0CE08D0C76D21A3A5289A8AF5F.d.872BBE854DA6F58A29ADE9EB17E27D1E.e.21377/text - {}
RESULT: {}
COMMAND: GET /session/638b8c348501295d6d2539f1a905cf1c/element/f.AA659E0CE08D0C76D21A3A5289A8AF5F.d.872BBE854DA6F58A29ADE9EB17E27D1E.e.22085/text - {}
RESULT: {}
COMMAND: GET /session/638b8c348501295d6d2539f1a905cf1c/element/f.AA659E0CE08D0C76D21A3A5289A8AF5F.d.872BBE854DA6F58A29ADE9EB17E27D1E.e.22086/text - {}
RESULT: {}
COMMAND: GET /session/638b8c348501295d6d2539f1a905cf1c/element/f.AA659E0CE08D0C76D21A3A5289A8AF5F.d.872BBE854DA6F58A29ADE9EB17E27D1E.e.22087/text - {}
RESULT: {}
COMMAND: GET /session/638b8c348501295d6d2539f1a905cf1c/element/f.AA659E0CE08D0C76D21A3A5289A8AF5F.d.872BBE854DA6F58A29ADE9EB17E27D1E.e.22088/text - {}
RESULT: {}
COMMAND: GET /session/638b8c348501295d6d2539f1a905cf1c/element/f.AA659E0CE08D0C76D21A3A5289A8AF5F.d.872BBE854DA6F58A29ADE9EB17E27D1E.e.22089/text - {}
RESULT: {}
COMMAND: GET /session/638b8c348501295d6d2539f1a905cf1c/element/f.AA659E0CE08D0C76D21A3A5289A8AF5F.d.872BBE854DA6F58A29ADE9EB17E27D1E.e.22090/text - {}
RESULT: {}
COMMAND: GET /session/638b8c348501295d6d2539f1a905cf1c/element/f.AA659E0CE08D0C76D21A3A5289A8AF5F.d.872BBE854DA6F58A29ADE9EB17E27D1E.e.22091/text - {}
RESULT: {}
COMMAND: GET /session/638b8c348501295d6d2539f1a905cf1c/element/f.AA659E0CE08D0C76D21A3A5289A8AF5F.d.872BBE854DA6F58A29ADE9EB17E27D1E.e.22092/text - {}
RESULT: {}
COMMAND: GET /session/638b8c348501295d6d2539f1a905cf1c/element/f.AA659E0CE08D0C76D21A3A5289A8AF5F.d.872BBE854DA6F58A29ADE9EB17E27D1E.e.22093/text - {}
RESULT: {}
COMMAND: GET /session/638b8c348501295d6d2539f1a905cf1c/element/f.AA659E0CE08D0C76D21A3A5289A8AF5F.d.872BBE854DA6F58A29ADE9EB17E27D1E.e.21378/text - {}
RESULT: {}
COMMAND: POST /session/638b8c348501295d6d2539f1a905cf1c/element - {"using":"xpath","value":"//tbody[contains(@id, \"customHandoversTable-tblBody\")]/tr[1]/td[14]/div/span"}
RESULT: {"using":"xpath","value":"//tbody[contains(@id, \"customHandoversTable-tblBody\")]/tr[1]/td[14]/div/span"}
COMMAND: POST /session/638b8c348501295d6d2539f1a905cf1c/execute/sync - {"script":"<script> [56 bytes]","args":[{"element-6066-11e4-a52e-4f735466cecf":"f.AA659E0CE08D0C76D21A3A5289A8AF5F.d.872BBE854DA6F58A29ADE9EB17E27D1E.e.22140","ELEMENT":"f.AA659E0CE08D0C76D21A3A5289A8AF5F.d.872BBE854DA6F58A29ADE9EB17E27D1E.e.22140"}]}
RESULT: {"script":"<script> [56 bytes]","args":[{"element-6066-11e4-a52e-4f735466cecf":"f.AA659E0CE08D0C76D21A3A5289A8AF5F.d.872BBE854DA6F58A29ADE9EB17E27D1E.e.22140","ELEMENT":"f.AA659E0CE08D0C76D21A3A5289A8AF5F.d.872BBE854DA6F58A29ADE9EB17E27D1E.e.22140"}]}
COMMAND: POST /session/638b8c348501295d6d2539f1a905cf1c/element - {"using":"css selector","value":"#shell-header-logo"}
COMMAND: GET /session/638b8c348501295d6d2539f1a905cf1c/screenshot - {}
RESULT: {"using":"css selector","value":"#shell-header-logo"}
COMMAND: POST /session/638b8c348501295d6d2539f1a905cf1c/element/f.AA659E0CE08D0C76D21A3A5289A8AF5F.d.872BBE854DA6F58A29ADE9EB17E27D1E.e.20664/click - {}
RESULT: {}
RESULT: {}
COMMAND: GET /session/638b8c348501295d6d2539f1a905cf1c/screenshot - {}
RESULT: {}
]]></system-out>
    </testcase>
    <testcase classname="chrome.135_0_7049_96.windows.Billing_Calculation_-_Time_based_(considering_transport_times)_US139738" name="Should navigate to Manage Billings and trigger contract calculation business confirm it" time="61.45">
      <system-out><![CDATA[
COMMAND: POST /session/638b8c348501295d6d2539f1a905cf1c/execute/async - {"script":"<script> [1562 bytes]","args":[{"selector":{"controlType":"sap.m.GenericTile","properties":{"header":"Manage Billings"}},"wdio_ui5_key":"sapm.GenericTile{\"header\":\"Manage Billings\"}"}]}
RESULT: {"script":"<script> [1562 bytes]","args":[{"selector":{"controlType":"sap.m.GenericTile","properties":{"header":"Manage Billings"}},"wdio_ui5_key":"sapm.GenericTile{\"header\":\"Manage Billings\"}"}]}
RESULT: undefined
COMMAND: POST /session/638b8c348501295d6d2539f1a905cf1c/element - {"using":"xpath","value":"//*[@id=\"__tile51\"]"}
RESULT: {"using":"xpath","value":"//*[@id=\"__tile51\"]"}
COMMAND: POST /session/638b8c348501295d6d2539f1a905cf1c/element/f.AA659E0CE08D0C76D21A3A5289A8AF5F.d.872BBE854DA6F58A29ADE9EB17E27D1E.e.18575/click - {}
RESULT: {}
COMMAND: GET /session/638b8c348501295d6d2539f1a905cf1c/screenshot - {}
COMMAND: POST /session/638b8c348501295d6d2539f1a905cf1c/execute/async - {"script":"<script> [1562 bytes]","args":[{"selector":{"id":"application-managebillings-display-component---billRunCalcResult--smartFilterBar-btnBasicSearch","interaction":{"idSuffix":"I"}},"wdio_ui5_key":"applicationmanagebillings-display-component---billRunCalcResult--smartFilterBar-btnBasicSearch"}]}
RESULT: {}
RESULT: {"script":"<script> [1562 bytes]","args":[{"selector":{"id":"application-managebillings-display-component---billRunCalcResult--smartFilterBar-btnBasicSearch","interaction":{"idSuffix":"I"}},"wdio_ui5_key":"applicationmanagebillings-display-component---billRunCalcResult--smartFilterBar-btnBasicSearch"}]}
RESULT: undefined
COMMAND: POST /session/638b8c348501295d6d2539f1a905cf1c/execute/async - {"script":"<script> [776 bytes]","args":[{"enterText":"10474","selector":{"id":"application-managebillings-display-component---billRunCalcResult--smartFilterBar-btnBasicSearch","interaction":{"idSuffix":"I"}},"clearTextFirst":true,"interactionType":"ENTER_TEXT"}]}
RESULT: {"script":"<script> [776 bytes]","args":[{"enterText":"10474","selector":{"id":"application-managebillings-display-component---billRunCalcResult--smartFilterBar-btnBasicSearch","interaction":{"idSuffix":"I"}},"clearTextFirst":true,"interactionType":"ENTER_TEXT"}]}
COMMAND: POST /session/638b8c348501295d6d2539f1a905cf1c/actions - {"actions":[{"id":"action80","type":"key","parameters":{},"actions":[{"type":"keyDown","value":"î€‡"},{"type":"pause","duration":10},{"type":"keyUp","value":"î€‡"}]}]}
RESULT: {"actions":[{"id":"action80","type":"key","parameters":{},"actions":[{"type":"keyDown","value":"î€‡"},{"type":"pause","duration":10},{"type":"keyUp","value":"î€‡"}]}]}
COMMAND: GET /session/638b8c348501295d6d2539f1a905cf1c/screenshot - {}
RESULT: {}
COMMAND: POST /session/638b8c348501295d6d2539f1a905cf1c/element - {"using":"xpath","value":"//td[@aria-colindex=\"1\"]/div/div[contains(@class, \"sapMCbBg\")]"}
RESULT: {"using":"xpath","value":"//td[@aria-colindex=\"1\"]/div/div[contains(@class, \"sapMCbBg\")]"}
COMMAND: POST /session/638b8c348501295d6d2539f1a905cf1c/element/f.AA659E0CE08D0C76D21A3A5289A8AF5F.d.872BBE854DA6F58A29ADE9EB17E27D1E.e.22352/click - {}
RESULT: {}
COMMAND: GET /session/638b8c348501295d6d2539f1a905cf1c/screenshot - {}
RESULT: {}
COMMAND: POST /session/638b8c348501295d6d2539f1a905cf1c/execute/async - {"script":"<script> [1562 bytes]","args":[{"selector":{"id":"application-managebillings-display-component---billRunCalcResult--contractBillRunDate","interaction":{"idSuffix":"inner"}},"wdio_ui5_key":"applicationmanagebillings-display-component---billRunCalcResult--contractBillRunDate"}]}
RESULT: {"script":"<script> [1562 bytes]","args":[{"selector":{"id":"application-managebillings-display-component---billRunCalcResult--contractBillRunDate","interaction":{"idSuffix":"inner"}},"wdio_ui5_key":"applicationmanagebillings-display-component---billRunCalcResult--contractBillRunDate"}]}
RESULT: undefined
COMMAND: POST /session/638b8c348501295d6d2539f1a905cf1c/execute/async - {"script":"<script> [776 bytes]","args":[{"enterText":"05/02/25","selector":{"id":"application-managebillings-display-component---billRunCalcResult--contractBillRunDate","interaction":{"idSuffix":"inner"}},"clearTextFirst":true,"interactionType":"ENTER_TEXT"}]}
RESULT: {"script":"<script> [776 bytes]","args":[{"enterText":"05/02/25","selector":{"id":"application-managebillings-display-component---billRunCalcResult--contractBillRunDate","interaction":{"idSuffix":"inner"}},"clearTextFirst":true,"interactionType":"ENTER_TEXT"}]}
COMMAND: POST /session/638b8c348501295d6d2539f1a905cf1c/element - {"using":"xpath","value":"//bdi[contains(text(), \"Trigger Calculation\")]"}
RESULT: {"using":"xpath","value":"//bdi[contains(text(), \"Trigger Calculation\")]"}
COMMAND: POST /session/638b8c348501295d6d2539f1a905cf1c/element/f.AA659E0CE08D0C76D21A3A5289A8AF5F.d.872BBE854DA6F58A29ADE9EB17E27D1E.e.22404/click - {}
RESULT: {}
COMMAND: GET /session/638b8c348501295d6d2539f1a905cf1c/screenshot - {}
RESULT: {}
COMMAND: POST /session/638b8c348501295d6d2539f1a905cf1c/element - {"using":"xpath","value":"(//span[contains(@id, \"imgNav\")])[1]"}
RESULT: {"using":"xpath","value":"(//span[contains(@id, \"imgNav\")])[1]"}
COMMAND: POST /session/638b8c348501295d6d2539f1a905cf1c/element/f.AA659E0CE08D0C76D21A3A5289A8AF5F.d.872BBE854DA6F58A29ADE9EB17E27D1E.e.22353/click - {}
RESULT: {}
COMMAND: GET /session/638b8c348501295d6d2539f1a905cf1c/screenshot - {}
RESULT: {}
COMMAND: POST /session/638b8c348501295d6d2539f1a905cf1c/element - {"using":"xpath","value":"//tr/td[6]/div[1]/span[1]/span[1]"}
RESULT: {"using":"xpath","value":"//tr/td[6]/div[1]/span[1]/span[1]"}
COMMAND: GET /session/638b8c348501295d6d2539f1a905cf1c/element/f.AA659E0CE08D0C76D21A3A5289A8AF5F.d.872BBE854DA6F58A29ADE9EB17E27D1E.e.22409/text - {}
RESULT: {}
COMMAND: POST /session/638b8c348501295d6d2539f1a905cf1c/element - {"using":"xpath","value":"(//span[contains(@id, \"imgNav\")])[2]"}
RESULT: {"using":"xpath","value":"(//span[contains(@id, \"imgNav\")])[2]"}
COMMAND: POST /session/638b8c348501295d6d2539f1a905cf1c/element/f.AA659E0CE08D0C76D21A3A5289A8AF5F.d.872BBE854DA6F58A29ADE9EB17E27D1E.e.22410/click - {}
RESULT: {}
COMMAND: POST /session/638b8c348501295d6d2539f1a905cf1c/element - {"using":"xpath","value":"//bdi[contains(text(), \"Business Confirm\")]"}
COMMAND: GET /session/638b8c348501295d6d2539f1a905cf1c/screenshot - {}
RESULT: {"using":"xpath","value":"//bdi[contains(text(), \"Business Confirm\")]"}
COMMAND: POST /session/638b8c348501295d6d2539f1a905cf1c/elements - {"using":"xpath","value":"//bdi[contains(text(), \"Business Confirm\")]"}
RESULT: {}
RESULT: {"using":"xpath","value":"//bdi[contains(text(), \"Business Confirm\")]"}
COMMAND: POST /session/638b8c348501295d6d2539f1a905cf1c/element - {"using":"xpath","value":"//bdi[contains(text(), \"Business Confirm\")]"}
RESULT: {"using":"xpath","value":"//bdi[contains(text(), \"Business Confirm\")]"}
COMMAND: POST /session/638b8c348501295d6d2539f1a905cf1c/element/f.AA659E0CE08D0C76D21A3A5289A8AF5F.d.872BBE854DA6F58A29ADE9EB17E27D1E.e.22477/click - {}
RESULT: {}
COMMAND: POST /session/638b8c348501295d6d2539f1a905cf1c/element - {"using":"css selector","value":"#shell-header-logo"}
COMMAND: GET /session/638b8c348501295d6d2539f1a905cf1c/screenshot - {}
RESULT: {"using":"css selector","value":"#shell-header-logo"}
COMMAND: POST /session/638b8c348501295d6d2539f1a905cf1c/element/f.AA659E0CE08D0C76D21A3A5289A8AF5F.d.872BBE854DA6F58A29ADE9EB17E27D1E.e.22144/click - {}
RESULT: {}
RESULT: {}
COMMAND: GET /session/638b8c348501295d6d2539f1a905cf1c/screenshot - {}
RESULT: {}
]]></system-out>
    </testcase>
    <testcase classname="chrome.135_0_7049_96.windows.Billing_Calculation_-_Time_based_(considering_transport_times)_US139738" name="Should transfer the billing all the way to completion" time="87.505">
      <system-out><![CDATA[
COMMAND: POST /session/638b8c348501295d6d2539f1a905cf1c/execute/async - {"script":"<script> [1562 bytes]","args":[{"selector":{"controlType":"sap.m.GenericTile","properties":{"header":"Billing Transfer"}},"wdio_ui5_key":"sapm.GenericTile{\"header\":\"Billing Transfer\"}"}]}
RESULT: {"script":"<script> [1562 bytes]","args":[{"selector":{"controlType":"sap.m.GenericTile","properties":{"header":"Billing Transfer"}},"wdio_ui5_key":"sapm.GenericTile{\"header\":\"Billing Transfer\"}"}]}
RESULT: undefined
COMMAND: POST /session/638b8c348501295d6d2539f1a905cf1c/element - {"using":"xpath","value":"//*[@id=\"__tile50\"]"}
RESULT: {"using":"xpath","value":"//*[@id=\"__tile50\"]"}
COMMAND: POST /session/638b8c348501295d6d2539f1a905cf1c/element/f.AA659E0CE08D0C76D21A3A5289A8AF5F.d.872BBE854DA6F58A29ADE9EB17E27D1E.e.18573/click - {}
RESULT: {}
COMMAND: POST /session/638b8c348501295d6d2539f1a905cf1c/element - {"using":"xpath","value":"//input[contains(@id ,\"application-billingtransfer-display-component---billingWorkbench--smartFilterBar-btnBasicSearch\")]"}
COMMAND: GET /session/638b8c348501295d6d2539f1a905cf1c/screenshot - {}
RESULT: {"using":"xpath","value":"//input[contains(@id ,\"application-billingtransfer-display-component---billingWorkbench--smartFilterBar-btnBasicSearch\")]"}
COMMAND: POST /session/638b8c348501295d6d2539f1a905cf1c/elements - {"using":"xpath","value":"//input[contains(@id ,\"application-billingtransfer-display-component---billingWorkbench--smartFilterBar-btnBasicSearch\")]"}
RESULT: {}
RESULT: {"using":"xpath","value":"//input[contains(@id ,\"application-billingtransfer-display-component---billingWorkbench--smartFilterBar-btnBasicSearch\")]"}
COMMAND: POST /session/638b8c348501295d6d2539f1a905cf1c/elements - {"using":"xpath","value":"//input[contains(@id ,\"application-billingtransfer-display-component---billingWorkbench--smartFilterBar-btnBasicSearch\")]"}
RESULT: {"using":"xpath","value":"//input[contains(@id ,\"application-billingtransfer-display-component---billingWorkbench--smartFilterBar-btnBasicSearch\")]"}
COMMAND: POST /session/638b8c348501295d6d2539f1a905cf1c/elements - {"using":"xpath","value":"//input[contains(@id ,\"application-billingtransfer-display-component---billingWorkbench--smartFilterBar-btnBasicSearch\")]"}
RESULT: {"using":"xpath","value":"//input[contains(@id ,\"application-billingtransfer-display-component---billingWorkbench--smartFilterBar-btnBasicSearch\")]"}
COMMAND: POST /session/638b8c348501295d6d2539f1a905cf1c/elements - {"using":"xpath","value":"//input[contains(@id ,\"application-billingtransfer-display-component---billingWorkbench--smartFilterBar-btnBasicSearch\")]"}
RESULT: {"using":"xpath","value":"//input[contains(@id ,\"application-billingtransfer-display-component---billingWorkbench--smartFilterBar-btnBasicSearch\")]"}
COMMAND: POST /session/638b8c348501295d6d2539f1a905cf1c/element - {"using":"xpath","value":"//input[contains(@id ,\"application-billingtransfer-display-component---billingWorkbench--smartFilterBar-btnBasicSearch\")]"}
RESULT: {"using":"xpath","value":"//input[contains(@id ,\"application-billingtransfer-display-component---billingWorkbench--smartFilterBar-btnBasicSearch\")]"}
COMMAND: POST /session/638b8c348501295d6d2539f1a905cf1c/execute/sync - {"script":"<script> [8489 bytes]","args":[{"element-6066-11e4-a52e-4f735466cecf":"f.AA659E0CE08D0C76D21A3A5289A8AF5F.d.872BBE854DA6F58A29ADE9EB17E27D1E.e.22487","ELEMENT":"f.AA659E0CE08D0C76D21A3A5289A8AF5F.d.872BBE854DA6F58A29ADE9EB17E27D1E.e.22487"}]}
RESULT: {"script":"<script> [8489 bytes]","args":[{"element-6066-11e4-a52e-4f735466cecf":"f.AA659E0CE08D0C76D21A3A5289A8AF5F.d.872BBE854DA6F58A29ADE9EB17E27D1E.e.22487","ELEMENT":"f.AA659E0CE08D0C76D21A3A5289A8AF5F.d.872BBE854DA6F58A29ADE9EB17E27D1E.e.22487"}]}
COMMAND: GET /session/638b8c348501295d6d2539f1a905cf1c/element/f.AA659E0CE08D0C76D21A3A5289A8AF5F.d.872BBE854DA6F58A29ADE9EB17E27D1E.e.22487/enabled - {}
COMMAND: GET /session/638b8c348501295d6d2539f1a905cf1c/screenshot - {}
RESULT: {}
COMMAND: POST /session/638b8c348501295d6d2539f1a905cf1c/element/f.AA659E0CE08D0C76D21A3A5289A8AF5F.d.872BBE854DA6F58A29ADE9EB17E27D1E.e.22487/click - {}
COMMAND: GET /session/638b8c348501295d6d2539f1a905cf1c/screenshot - {}
RESULT: {}
RESULT: {}
COMMAND: GET /session/638b8c348501295d6d2539f1a905cf1c/screenshot - {}
RESULT: {}
RESULT: {}
COMMAND: POST /session/638b8c348501295d6d2539f1a905cf1c/element/f.AA659E0CE08D0C76D21A3A5289A8AF5F.d.872BBE854DA6F58A29ADE9EB17E27D1E.e.22487/clear - {}
RESULT: {}
COMMAND: POST /session/638b8c348501295d6d2539f1a905cf1c/element/f.AA659E0CE08D0C76D21A3A5289A8AF5F.d.872BBE854DA6F58A29ADE9EB17E27D1E.e.22487/value - {"text":"10474"}
COMMAND: GET /session/638b8c348501295d6d2539f1a905cf1c/screenshot - {}
RESULT: {"text":"10474"}
COMMAND: POST /session/638b8c348501295d6d2539f1a905cf1c/actions - {"actions":[{"id":"action81","type":"key","parameters":{},"actions":[{"type":"keyDown","value":"î€‡"},{"type":"pause","duration":10},{"type":"keyUp","value":"î€‡"}]}]}
COMMAND: GET /session/638b8c348501295d6d2539f1a905cf1c/screenshot - {}
RESULT: {}
RESULT: {"actions":[{"id":"action81","type":"key","parameters":{},"actions":[{"type":"keyDown","value":"î€‡"},{"type":"pause","duration":10},{"type":"keyUp","value":"î€‡"}]}]}
COMMAND: GET /session/638b8c348501295d6d2539f1a905cf1c/screenshot - {}
RESULT: {}
RESULT: {}
COMMAND: POST /session/638b8c348501295d6d2539f1a905cf1c/element - {"using":"xpath","value":"//span[contains(@id ,\"application-billingtransfer-display-component---billingWorkbench--smartTableBillingRuns-header-inner\")]"}
RESULT: {"using":"xpath","value":"//span[contains(@id ,\"application-billingtransfer-display-component---billingWorkbench--smartTableBillingRuns-header-inner\")]"}
COMMAND: POST /session/638b8c348501295d6d2539f1a905cf1c/elements - {"using":"xpath","value":"//span[contains(@id ,\"application-billingtransfer-display-component---billingWorkbench--smartTableBillingRuns-header-inner\")]"}
RESULT: {"using":"xpath","value":"//span[contains(@id ,\"application-billingtransfer-display-component---billingWorkbench--smartTableBillingRuns-header-inner\")]"}
COMMAND: POST /session/638b8c348501295d6d2539f1a905cf1c/execute/sync - {"script":"<script> [56 bytes]","args":[{"element-6066-11e4-a52e-4f735466cecf":"f.AA659E0CE08D0C76D21A3A5289A8AF5F.d.872BBE854DA6F58A29ADE9EB17E27D1E.e.22657","ELEMENT":"f.AA659E0CE08D0C76D21A3A5289A8AF5F.d.872BBE854DA6F58A29ADE9EB17E27D1E.e.22657"}]}
RESULT: {"script":"<script> [56 bytes]","args":[{"element-6066-11e4-a52e-4f735466cecf":"f.AA659E0CE08D0C76D21A3A5289A8AF5F.d.872BBE854DA6F58A29ADE9EB17E27D1E.e.22657","ELEMENT":"f.AA659E0CE08D0C76D21A3A5289A8AF5F.d.872BBE854DA6F58A29ADE9EB17E27D1E.e.22657"}]}
COMMAND: POST /session/638b8c348501295d6d2539f1a905cf1c/element - {"using":"xpath","value":"//td[@aria-colindex=\"1\"]/div/div[contains(@class, \"sapMCbBg\")]"}
COMMAND: GET /session/638b8c348501295d6d2539f1a905cf1c/screenshot - {}
RESULT: {"using":"xpath","value":"//td[@aria-colindex=\"1\"]/div/div[contains(@class, \"sapMCbBg\")]"}
COMMAND: POST /session/638b8c348501295d6d2539f1a905cf1c/element/f.AA659E0CE08D0C76D21A3A5289A8AF5F.d.872BBE854DA6F58A29ADE9EB17E27D1E.e.22649/click - {}
RESULT: {}
RESULT: {}
COMMAND: GET /session/638b8c348501295d6d2539f1a905cf1c/screenshot - {}
RESULT: {}
COMMAND: POST /session/638b8c348501295d6d2539f1a905cf1c/element - {"using":"xpath","value":"//bdi[contains(text(), \"Check\")]"}
RESULT: {"using":"xpath","value":"//bdi[contains(text(), \"Check\")]"}
COMMAND: POST /session/638b8c348501295d6d2539f1a905cf1c/element/f.AA659E0CE08D0C76D21A3A5289A8AF5F.d.872BBE854DA6F58A29ADE9EB17E27D1E.e.22658/click - {}
RESULT: {}
COMMAND: GET /session/638b8c348501295d6d2539f1a905cf1c/screenshot - {}
RESULT: {}
COMMAND: POST /session/638b8c348501295d6d2539f1a905cf1c/element - {"using":"xpath","value":"//bdi[contains(text(), \"OK\")]"}
RESULT: {"using":"xpath","value":"//bdi[contains(text(), \"OK\")]"}
COMMAND: POST /session/638b8c348501295d6d2539f1a905cf1c/element/f.AA659E0CE08D0C76D21A3A5289A8AF5F.d.872BBE854DA6F58A29ADE9EB17E27D1E.e.22661/click - {}
RESULT: {}
COMMAND: GET /session/638b8c348501295d6d2539f1a905cf1c/screenshot - {}
RESULT: {}
COMMAND: POST /session/638b8c348501295d6d2539f1a905cf1c/element - {"using":"xpath","value":"(//span[contains(text(), \"CO/SD checked\")]/parent::div/preceding-sibling::div/span)[1]"}
RESULT: {"using":"xpath","value":"(//span[contains(text(), \"CO/SD checked\")]/parent::div/preceding-sibling::div/span)[1]"}
COMMAND: POST /session/638b8c348501295d6d2539f1a905cf1c/element/f.AA659E0CE08D0C76D21A3A5289A8AF5F.d.872BBE854DA6F58A29ADE9EB17E27D1E.e.22662/click - {}
RESULT: {}
COMMAND: GET /session/638b8c348501295d6d2539f1a905cf1c/screenshot - {}
RESULT: {}
COMMAND: POST /session/638b8c348501295d6d2539f1a905cf1c/element - {"using":"xpath","value":"//input[contains(@id ,\"application-billingtransfer-display-component---billingWorkbench--smartFilterBar-btnBasicSearch\")]"}
RESULT: {"using":"xpath","value":"//input[contains(@id ,\"application-billingtransfer-display-component---billingWorkbench--smartFilterBar-btnBasicSearch\")]"}
COMMAND: POST /session/638b8c348501295d6d2539f1a905cf1c/elements - {"using":"xpath","value":"//input[contains(@id ,\"application-billingtransfer-display-component---billingWorkbench--smartFilterBar-btnBasicSearch\")]"}
RESULT: {"using":"xpath","value":"//input[contains(@id ,\"application-billingtransfer-display-component---billingWorkbench--smartFilterBar-btnBasicSearch\")]"}
COMMAND: POST /session/638b8c348501295d6d2539f1a905cf1c/execute/sync - {"script":"<script> [8489 bytes]","args":[{"element-6066-11e4-a52e-4f735466cecf":"f.AA659E0CE08D0C76D21A3A5289A8AF5F.d.872BBE854DA6F58A29ADE9EB17E27D1E.e.22487","ELEMENT":"f.AA659E0CE08D0C76D21A3A5289A8AF5F.d.872BBE854DA6F58A29ADE9EB17E27D1E.e.22487"}]}
RESULT: {"script":"<script> [8489 bytes]","args":[{"element-6066-11e4-a52e-4f735466cecf":"f.AA659E0CE08D0C76D21A3A5289A8AF5F.d.872BBE854DA6F58A29ADE9EB17E27D1E.e.22487","ELEMENT":"f.AA659E0CE08D0C76D21A3A5289A8AF5F.d.872BBE854DA6F58A29ADE9EB17E27D1E.e.22487"}]}
COMMAND: GET /session/638b8c348501295d6d2539f1a905cf1c/element/f.AA659E0CE08D0C76D21A3A5289A8AF5F.d.872BBE854DA6F58A29ADE9EB17E27D1E.e.22487/enabled - {}
COMMAND: GET /session/638b8c348501295d6d2539f1a905cf1c/screenshot - {}
RESULT: {}
COMMAND: POST /session/638b8c348501295d6d2539f1a905cf1c/element/f.AA659E0CE08D0C76D21A3A5289A8AF5F.d.872BBE854DA6F58A29ADE9EB17E27D1E.e.22487/click - {}
COMMAND: GET /session/638b8c348501295d6d2539f1a905cf1c/screenshot - {}
RESULT: {}
RESULT: {}
COMMAND: GET /session/638b8c348501295d6d2539f1a905cf1c/screenshot - {}
RESULT: {}
RESULT: {}
COMMAND: POST /session/638b8c348501295d6d2539f1a905cf1c/element/f.AA659E0CE08D0C76D21A3A5289A8AF5F.d.872BBE854DA6F58A29ADE9EB17E27D1E.e.22487/clear - {}
RESULT: {}
COMMAND: POST /session/638b8c348501295d6d2539f1a905cf1c/element/f.AA659E0CE08D0C76D21A3A5289A8AF5F.d.872BBE854DA6F58A29ADE9EB17E27D1E.e.22487/value - {"text":"10474"}
COMMAND: GET /session/638b8c348501295d6d2539f1a905cf1c/screenshot - {}
RESULT: {"text":"10474"}
COMMAND: POST /session/638b8c348501295d6d2539f1a905cf1c/actions - {"actions":[{"id":"action82","type":"key","parameters":{},"actions":[{"type":"keyDown","value":"î€‡"},{"type":"pause","duration":10},{"type":"keyUp","value":"î€‡"}]}]}
COMMAND: GET /session/638b8c348501295d6d2539f1a905cf1c/screenshot - {}
RESULT: {}
RESULT: {"actions":[{"id":"action82","type":"key","parameters":{},"actions":[{"type":"keyDown","value":"î€‡"},{"type":"pause","duration":10},{"type":"keyUp","value":"î€‡"}]}]}
COMMAND: GET /session/638b8c348501295d6d2539f1a905cf1c/screenshot - {}
RESULT: {}
RESULT: {}
COMMAND: POST /session/638b8c348501295d6d2539f1a905cf1c/element - {"using":"xpath","value":"//span[contains(@id ,\"application-billingtransfer-display-component---billingWorkbench--smartTableBillingRuns-header-inner\")]"}
RESULT: {"using":"xpath","value":"//span[contains(@id ,\"application-billingtransfer-display-component---billingWorkbench--smartTableBillingRuns-header-inner\")]"}
COMMAND: POST /session/638b8c348501295d6d2539f1a905cf1c/elements - {"using":"xpath","value":"//span[contains(@id ,\"application-billingtransfer-display-component---billingWorkbench--smartTableBillingRuns-header-inner\")]"}
RESULT: {"using":"xpath","value":"//span[contains(@id ,\"application-billingtransfer-display-component---billingWorkbench--smartTableBillingRuns-header-inner\")]"}
COMMAND: POST /session/638b8c348501295d6d2539f1a905cf1c/execute/sync - {"script":"<script> [56 bytes]","args":[{"element-6066-11e4-a52e-4f735466cecf":"f.AA659E0CE08D0C76D21A3A5289A8AF5F.d.872BBE854DA6F58A29ADE9EB17E27D1E.e.22657","ELEMENT":"f.AA659E0CE08D0C76D21A3A5289A8AF5F.d.872BBE854DA6F58A29ADE9EB17E27D1E.e.22657"}]}
RESULT: {"script":"<script> [56 bytes]","args":[{"element-6066-11e4-a52e-4f735466cecf":"f.AA659E0CE08D0C76D21A3A5289A8AF5F.d.872BBE854DA6F58A29ADE9EB17E27D1E.e.22657","ELEMENT":"f.AA659E0CE08D0C76D21A3A5289A8AF5F.d.872BBE854DA6F58A29ADE9EB17E27D1E.e.22657"}]}
COMMAND: POST /session/638b8c348501295d6d2539f1a905cf1c/element - {"using":"xpath","value":"//td[@aria-colindex=\"1\"]/div/div[contains(@class, \"sapMCbBg\")]"}
COMMAND: GET /session/638b8c348501295d6d2539f1a905cf1c/screenshot - {}
RESULT: {"using":"xpath","value":"//td[@aria-colindex=\"1\"]/div/div[contains(@class, \"sapMCbBg\")]"}
COMMAND: POST /session/638b8c348501295d6d2539f1a905cf1c/element/f.AA659E0CE08D0C76D21A3A5289A8AF5F.d.872BBE854DA6F58A29ADE9EB17E27D1E.e.22665/click - {}
RESULT: {}
RESULT: {}
COMMAND: GET /session/638b8c348501295d6d2539f1a905cf1c/screenshot - {}
RESULT: {}
COMMAND: POST /session/638b8c348501295d6d2539f1a905cf1c/element - {"using":"xpath","value":"//bdi[text()=\"Transfer\"]"}
RESULT: {"using":"xpath","value":"//bdi[text()=\"Transfer\"]"}
COMMAND: POST /session/638b8c348501295d6d2539f1a905cf1c/element/f.AA659E0CE08D0C76D21A3A5289A8AF5F.d.872BBE854DA6F58A29ADE9EB17E27D1E.e.22666/click - {}
RESULT: {}
COMMAND: GET /session/638b8c348501295d6d2539f1a905cf1c/screenshot - {}
RESULT: {}
COMMAND: POST /session/638b8c348501295d6d2539f1a905cf1c/element - {"using":"xpath","value":"//bdi[contains(text(), \"OK\")]"}
RESULT: {"using":"xpath","value":"//bdi[contains(text(), \"OK\")]"}
COMMAND: POST /session/638b8c348501295d6d2539f1a905cf1c/element/f.AA659E0CE08D0C76D21A3A5289A8AF5F.d.872BBE854DA6F58A29ADE9EB17E27D1E.e.22669/click - {}
RESULT: {}
COMMAND: GET /session/638b8c348501295d6d2539f1a905cf1c/screenshot - {}
RESULT: {}
COMMAND: POST /session/638b8c348501295d6d2539f1a905cf1c/element - {"using":"xpath","value":"(//span[contains(text(), \"Completed\")]/parent::div/preceding-sibling::div/span)[1]"}
RESULT: {"using":"xpath","value":"(//span[contains(text(), \"Completed\")]/parent::div/preceding-sibling::div/span)[1]"}
COMMAND: POST /session/638b8c348501295d6d2539f1a905cf1c/element/f.AA659E0CE08D0C76D21A3A5289A8AF5F.d.872BBE854DA6F58A29ADE9EB17E27D1E.e.22677/click - {}
RESULT: {}
COMMAND: POST /session/638b8c348501295d6d2539f1a905cf1c/element - {"using":"xpath","value":"//input[contains(@id ,\"application-billingtransfer-display-component---billingWorkbench--smartFilterBar-btnBasicSearch\")]"}
COMMAND: GET /session/638b8c348501295d6d2539f1a905cf1c/screenshot - {}
RESULT: {"using":"xpath","value":"//input[contains(@id ,\"application-billingtransfer-display-component---billingWorkbench--smartFilterBar-btnBasicSearch\")]"}
COMMAND: POST /session/638b8c348501295d6d2539f1a905cf1c/elements - {"using":"xpath","value":"//input[contains(@id ,\"application-billingtransfer-display-component---billingWorkbench--smartFilterBar-btnBasicSearch\")]"}
RESULT: {}
RESULT: {"using":"xpath","value":"//input[contains(@id ,\"application-billingtransfer-display-component---billingWorkbench--smartFilterBar-btnBasicSearch\")]"}
COMMAND: POST /session/638b8c348501295d6d2539f1a905cf1c/execute/sync - {"script":"<script> [8489 bytes]","args":[{"element-6066-11e4-a52e-4f735466cecf":"f.AA659E0CE08D0C76D21A3A5289A8AF5F.d.872BBE854DA6F58A29ADE9EB17E27D1E.e.22487","ELEMENT":"f.AA659E0CE08D0C76D21A3A5289A8AF5F.d.872BBE854DA6F58A29ADE9EB17E27D1E.e.22487"}]}
RESULT: {"script":"<script> [8489 bytes]","args":[{"element-6066-11e4-a52e-4f735466cecf":"f.AA659E0CE08D0C76D21A3A5289A8AF5F.d.872BBE854DA6F58A29ADE9EB17E27D1E.e.22487","ELEMENT":"f.AA659E0CE08D0C76D21A3A5289A8AF5F.d.872BBE854DA6F58A29ADE9EB17E27D1E.e.22487"}]}
COMMAND: GET /session/638b8c348501295d6d2539f1a905cf1c/element/f.AA659E0CE08D0C76D21A3A5289A8AF5F.d.872BBE854DA6F58A29ADE9EB17E27D1E.e.22487/enabled - {}
COMMAND: GET /session/638b8c348501295d6d2539f1a905cf1c/screenshot - {}
RESULT: {}
COMMAND: POST /session/638b8c348501295d6d2539f1a905cf1c/element/f.AA659E0CE08D0C76D21A3A5289A8AF5F.d.872BBE854DA6F58A29ADE9EB17E27D1E.e.22487/click - {}
COMMAND: GET /session/638b8c348501295d6d2539f1a905cf1c/screenshot - {}
RESULT: {}
RESULT: {}
COMMAND: GET /session/638b8c348501295d6d2539f1a905cf1c/screenshot - {}
RESULT: {}
RESULT: {}
COMMAND: POST /session/638b8c348501295d6d2539f1a905cf1c/element/f.AA659E0CE08D0C76D21A3A5289A8AF5F.d.872BBE854DA6F58A29ADE9EB17E27D1E.e.22487/clear - {}
RESULT: {}
COMMAND: POST /session/638b8c348501295d6d2539f1a905cf1c/element/f.AA659E0CE08D0C76D21A3A5289A8AF5F.d.872BBE854DA6F58A29ADE9EB17E27D1E.e.22487/value - {"text":"10474"}
COMMAND: GET /session/638b8c348501295d6d2539f1a905cf1c/screenshot - {}
RESULT: {"text":"10474"}
COMMAND: POST /session/638b8c348501295d6d2539f1a905cf1c/actions - {"actions":[{"id":"action83","type":"key","parameters":{},"actions":[{"type":"keyDown","value":"î€‡"},{"type":"pause","duration":10},{"type":"keyUp","value":"î€‡"}]}]}
COMMAND: GET /session/638b8c348501295d6d2539f1a905cf1c/screenshot - {}
RESULT: {}
RESULT: {"actions":[{"id":"action83","type":"key","parameters":{},"actions":[{"type":"keyDown","value":"î€‡"},{"type":"pause","duration":10},{"type":"keyUp","value":"î€‡"}]}]}
COMMAND: GET /session/638b8c348501295d6d2539f1a905cf1c/screenshot - {}
RESULT: {}
RESULT: {}
COMMAND: POST /session/638b8c348501295d6d2539f1a905cf1c/element - {"using":"xpath","value":"//span[contains(@id ,\"application-billingtransfer-display-component---billingWorkbench--smartTableBillingRuns-header-inner\")]"}
RESULT: {"using":"xpath","value":"//span[contains(@id ,\"application-billingtransfer-display-component---billingWorkbench--smartTableBillingRuns-header-inner\")]"}
COMMAND: POST /session/638b8c348501295d6d2539f1a905cf1c/elements - {"using":"xpath","value":"//span[contains(@id ,\"application-billingtransfer-display-component---billingWorkbench--smartTableBillingRuns-header-inner\")]"}
RESULT: {"using":"xpath","value":"//span[contains(@id ,\"application-billingtransfer-display-component---billingWorkbench--smartTableBillingRuns-header-inner\")]"}
COMMAND: POST /session/638b8c348501295d6d2539f1a905cf1c/execute/sync - {"script":"<script> [56 bytes]","args":[{"element-6066-11e4-a52e-4f735466cecf":"f.AA659E0CE08D0C76D21A3A5289A8AF5F.d.872BBE854DA6F58A29ADE9EB17E27D1E.e.22657","ELEMENT":"f.AA659E0CE08D0C76D21A3A5289A8AF5F.d.872BBE854DA6F58A29ADE9EB17E27D1E.e.22657"}]}
RESULT: {"script":"<script> [56 bytes]","args":[{"element-6066-11e4-a52e-4f735466cecf":"f.AA659E0CE08D0C76D21A3A5289A8AF5F.d.872BBE854DA6F58A29ADE9EB17E27D1E.e.22657","ELEMENT":"f.AA659E0CE08D0C76D21A3A5289A8AF5F.d.872BBE854DA6F58A29ADE9EB17E27D1E.e.22657"}]}
COMMAND: GET /session/638b8c348501295d6d2539f1a905cf1c/screenshot - {}
RESULT: {}
COMMAND: POST /session/638b8c348501295d6d2539f1a905cf1c/execute/sync - {"script":"<script> [56 bytes]","args":[{"element-6066-11e4-a52e-4f735466cecf":"f.AA659E0CE08D0C76D21A3A5289A8AF5F.d.872BBE854DA6F58A29ADE9EB17E27D1E.e.22657","ELEMENT":"f.AA659E0CE08D0C76D21A3A5289A8AF5F.d.872BBE854DA6F58A29ADE9EB17E27D1E.e.22657"}]}
RESULT: {"script":"<script> [56 bytes]","args":[{"element-6066-11e4-a52e-4f735466cecf":"f.AA659E0CE08D0C76D21A3A5289A8AF5F.d.872BBE854DA6F58A29ADE9EB17E27D1E.e.22657","ELEMENT":"f.AA659E0CE08D0C76D21A3A5289A8AF5F.d.872BBE854DA6F58A29ADE9EB17E27D1E.e.22657"}]}
COMMAND: GET /session/638b8c348501295d6d2539f1a905cf1c/screenshot - {}
RESULT: {}
COMMAND: POST /session/638b8c348501295d6d2539f1a905cf1c/execute/sync - {"script":"<script> [56 bytes]","args":[{"element-6066-11e4-a52e-4f735466cecf":"f.AA659E0CE08D0C76D21A3A5289A8AF5F.d.872BBE854DA6F58A29ADE9EB17E27D1E.e.22657","ELEMENT":"f.AA659E0CE08D0C76D21A3A5289A8AF5F.d.872BBE854DA6F58A29ADE9EB17E27D1E.e.22657"}]}
RESULT: {"script":"<script> [56 bytes]","args":[{"element-6066-11e4-a52e-4f735466cecf":"f.AA659E0CE08D0C76D21A3A5289A8AF5F.d.872BBE854DA6F58A29ADE9EB17E27D1E.e.22657","ELEMENT":"f.AA659E0CE08D0C76D21A3A5289A8AF5F.d.872BBE854DA6F58A29ADE9EB17E27D1E.e.22657"}]}
COMMAND: GET /session/638b8c348501295d6d2539f1a905cf1c/screenshot - {}
RESULT: {}
COMMAND: POST /session/638b8c348501295d6d2539f1a905cf1c/execute/sync - {"script":"<script> [56 bytes]","args":[{"element-6066-11e4-a52e-4f735466cecf":"f.AA659E0CE08D0C76D21A3A5289A8AF5F.d.872BBE854DA6F58A29ADE9EB17E27D1E.e.22657","ELEMENT":"f.AA659E0CE08D0C76D21A3A5289A8AF5F.d.872BBE854DA6F58A29ADE9EB17E27D1E.e.22657"}]}
RESULT: {"script":"<script> [56 bytes]","args":[{"element-6066-11e4-a52e-4f735466cecf":"f.AA659E0CE08D0C76D21A3A5289A8AF5F.d.872BBE854DA6F58A29ADE9EB17E27D1E.e.22657","ELEMENT":"f.AA659E0CE08D0C76D21A3A5289A8AF5F.d.872BBE854DA6F58A29ADE9EB17E27D1E.e.22657"}]}
COMMAND: GET /session/638b8c348501295d6d2539f1a905cf1c/screenshot - {}
COMMAND: POST /session/638b8c348501295d6d2539f1a905cf1c/execute/sync - {"script":"<script> [56 bytes]","args":[{"element-6066-11e4-a52e-4f735466cecf":"f.AA659E0CE08D0C76D21A3A5289A8AF5F.d.872BBE854DA6F58A29ADE9EB17E27D1E.e.22657","ELEMENT":"f.AA659E0CE08D0C76D21A3A5289A8AF5F.d.872BBE854DA6F58A29ADE9EB17E27D1E.e.22657"}]}
RESULT: {}
RESULT: {"script":"<script> [56 bytes]","args":[{"element-6066-11e4-a52e-4f735466cecf":"f.AA659E0CE08D0C76D21A3A5289A8AF5F.d.872BBE854DA6F58A29ADE9EB17E27D1E.e.22657","ELEMENT":"f.AA659E0CE08D0C76D21A3A5289A8AF5F.d.872BBE854DA6F58A29ADE9EB17E27D1E.e.22657"}]}
COMMAND: GET /session/638b8c348501295d6d2539f1a905cf1c/screenshot - {}
COMMAND: POST /session/638b8c348501295d6d2539f1a905cf1c/execute/sync - {"script":"<script> [56 bytes]","args":[{"element-6066-11e4-a52e-4f735466cecf":"f.AA659E0CE08D0C76D21A3A5289A8AF5F.d.872BBE854DA6F58A29ADE9EB17E27D1E.e.22657","ELEMENT":"f.AA659E0CE08D0C76D21A3A5289A8AF5F.d.872BBE854DA6F58A29ADE9EB17E27D1E.e.22657"}]}
RESULT: {}
RESULT: {"script":"<script> [56 bytes]","args":[{"element-6066-11e4-a52e-4f735466cecf":"f.AA659E0CE08D0C76D21A3A5289A8AF5F.d.872BBE854DA6F58A29ADE9EB17E27D1E.e.22657","ELEMENT":"f.AA659E0CE08D0C76D21A3A5289A8AF5F.d.872BBE854DA6F58A29ADE9EB17E27D1E.e.22657"}]}
COMMAND: GET /session/638b8c348501295d6d2539f1a905cf1c/screenshot - {}
COMMAND: POST /session/638b8c348501295d6d2539f1a905cf1c/execute/sync - {"script":"<script> [56 bytes]","args":[{"element-6066-11e4-a52e-4f735466cecf":"f.AA659E0CE08D0C76D21A3A5289A8AF5F.d.872BBE854DA6F58A29ADE9EB17E27D1E.e.22657","ELEMENT":"f.AA659E0CE08D0C76D21A3A5289A8AF5F.d.872BBE854DA6F58A29ADE9EB17E27D1E.e.22657"}]}
RESULT: {}
RESULT: {"script":"<script> [56 bytes]","args":[{"element-6066-11e4-a52e-4f735466cecf":"f.AA659E0CE08D0C76D21A3A5289A8AF5F.d.872BBE854DA6F58A29ADE9EB17E27D1E.e.22657","ELEMENT":"f.AA659E0CE08D0C76D21A3A5289A8AF5F.d.872BBE854DA6F58A29ADE9EB17E27D1E.e.22657"}]}
COMMAND: GET /session/638b8c348501295d6d2539f1a905cf1c/screenshot - {}
RESULT: {}
COMMAND: POST /session/638b8c348501295d6d2539f1a905cf1c/execute/sync - {"script":"<script> [56 bytes]","args":[{"element-6066-11e4-a52e-4f735466cecf":"f.AA659E0CE08D0C76D21A3A5289A8AF5F.d.872BBE854DA6F58A29ADE9EB17E27D1E.e.22657","ELEMENT":"f.AA659E0CE08D0C76D21A3A5289A8AF5F.d.872BBE854DA6F58A29ADE9EB17E27D1E.e.22657"}]}
RESULT: {"script":"<script> [56 bytes]","args":[{"element-6066-11e4-a52e-4f735466cecf":"f.AA659E0CE08D0C76D21A3A5289A8AF5F.d.872BBE854DA6F58A29ADE9EB17E27D1E.e.22657","ELEMENT":"f.AA659E0CE08D0C76D21A3A5289A8AF5F.d.872BBE854DA6F58A29ADE9EB17E27D1E.e.22657"}]}
COMMAND: GET /session/638b8c348501295d6d2539f1a905cf1c/screenshot - {}
RESULT: {}
COMMAND: POST /session/638b8c348501295d6d2539f1a905cf1c/execute/sync - {"script":"<script> [56 bytes]","args":[{"element-6066-11e4-a52e-4f735466cecf":"f.AA659E0CE08D0C76D21A3A5289A8AF5F.d.872BBE854DA6F58A29ADE9EB17E27D1E.e.22657","ELEMENT":"f.AA659E0CE08D0C76D21A3A5289A8AF5F.d.872BBE854DA6F58A29ADE9EB17E27D1E.e.22657"}]}
RESULT: {"script":"<script> [56 bytes]","args":[{"element-6066-11e4-a52e-4f735466cecf":"f.AA659E0CE08D0C76D21A3A5289A8AF5F.d.872BBE854DA6F58A29ADE9EB17E27D1E.e.22657","ELEMENT":"f.AA659E0CE08D0C76D21A3A5289A8AF5F.d.872BBE854DA6F58A29ADE9EB17E27D1E.e.22657"}]}
COMMAND: GET /session/638b8c348501295d6d2539f1a905cf1c/screenshot - {}
RESULT: {}
COMMAND: POST /session/638b8c348501295d6d2539f1a905cf1c/execute/sync - {"script":"<script> [56 bytes]","args":[{"element-6066-11e4-a52e-4f735466cecf":"f.AA659E0CE08D0C76D21A3A5289A8AF5F.d.872BBE854DA6F58A29ADE9EB17E27D1E.e.22657","ELEMENT":"f.AA659E0CE08D0C76D21A3A5289A8AF5F.d.872BBE854DA6F58A29ADE9EB17E27D1E.e.22657"}]}
RESULT: {"script":"<script> [56 bytes]","args":[{"element-6066-11e4-a52e-4f735466cecf":"f.AA659E0CE08D0C76D21A3A5289A8AF5F.d.872BBE854DA6F58A29ADE9EB17E27D1E.e.22657","ELEMENT":"f.AA659E0CE08D0C76D21A3A5289A8AF5F.d.872BBE854DA6F58A29ADE9EB17E27D1E.e.22657"}]}
COMMAND: GET /session/638b8c348501295d6d2539f1a905cf1c/screenshot - {}
RESULT: {}
COMMAND: POST /session/638b8c348501295d6d2539f1a905cf1c/execute/sync - {"script":"<script> [56 bytes]","args":[{"element-6066-11e4-a52e-4f735466cecf":"f.AA659E0CE08D0C76D21A3A5289A8AF5F.d.872BBE854DA6F58A29ADE9EB17E27D1E.e.22657","ELEMENT":"f.AA659E0CE08D0C76D21A3A5289A8AF5F.d.872BBE854DA6F58A29ADE9EB17E27D1E.e.22657"}]}
RESULT: {"script":"<script> [56 bytes]","args":[{"element-6066-11e4-a52e-4f735466cecf":"f.AA659E0CE08D0C76D21A3A5289A8AF5F.d.872BBE854DA6F58A29ADE9EB17E27D1E.e.22657","ELEMENT":"f.AA659E0CE08D0C76D21A3A5289A8AF5F.d.872BBE854DA6F58A29ADE9EB17E27D1E.e.22657"}]}
COMMAND: GET /session/638b8c348501295d6d2539f1a905cf1c/screenshot - {}
RESULT: {}
COMMAND: POST /session/638b8c348501295d6d2539f1a905cf1c/execute/sync - {"script":"<script> [56 bytes]","args":[{"element-6066-11e4-a52e-4f735466cecf":"f.AA659E0CE08D0C76D21A3A5289A8AF5F.d.872BBE854DA6F58A29ADE9EB17E27D1E.e.22657","ELEMENT":"f.AA659E0CE08D0C76D21A3A5289A8AF5F.d.872BBE854DA6F58A29ADE9EB17E27D1E.e.22657"}]}
RESULT: {"script":"<script> [56 bytes]","args":[{"element-6066-11e4-a52e-4f735466cecf":"f.AA659E0CE08D0C76D21A3A5289A8AF5F.d.872BBE854DA6F58A29ADE9EB17E27D1E.e.22657","ELEMENT":"f.AA659E0CE08D0C76D21A3A5289A8AF5F.d.872BBE854DA6F58A29ADE9EB17E27D1E.e.22657"}]}
COMMAND: GET /session/638b8c348501295d6d2539f1a905cf1c/screenshot - {}
RESULT: {}
COMMAND: POST /session/638b8c348501295d6d2539f1a905cf1c/execute/sync - {"script":"<script> [56 bytes]","args":[{"element-6066-11e4-a52e-4f735466cecf":"f.AA659E0CE08D0C76D21A3A5289A8AF5F.d.872BBE854DA6F58A29ADE9EB17E27D1E.e.22657","ELEMENT":"f.AA659E0CE08D0C76D21A3A5289A8AF5F.d.872BBE854DA6F58A29ADE9EB17E27D1E.e.22657"}]}
RESULT: {"script":"<script> [56 bytes]","args":[{"element-6066-11e4-a52e-4f735466cecf":"f.AA659E0CE08D0C76D21A3A5289A8AF5F.d.872BBE854DA6F58A29ADE9EB17E27D1E.e.22657","ELEMENT":"f.AA659E0CE08D0C76D21A3A5289A8AF5F.d.872BBE854DA6F58A29ADE9EB17E27D1E.e.22657"}]}
COMMAND: GET /session/638b8c348501295d6d2539f1a905cf1c/screenshot - {}
RESULT: {}
COMMAND: POST /session/638b8c348501295d6d2539f1a905cf1c/execute/sync - {"script":"<script> [56 bytes]","args":[{"element-6066-11e4-a52e-4f735466cecf":"f.AA659E0CE08D0C76D21A3A5289A8AF5F.d.872BBE854DA6F58A29ADE9EB17E27D1E.e.22657","ELEMENT":"f.AA659E0CE08D0C76D21A3A5289A8AF5F.d.872BBE854DA6F58A29ADE9EB17E27D1E.e.22657"}]}
RESULT: {"script":"<script> [56 bytes]","args":[{"element-6066-11e4-a52e-4f735466cecf":"f.AA659E0CE08D0C76D21A3A5289A8AF5F.d.872BBE854DA6F58A29ADE9EB17E27D1E.e.22657","ELEMENT":"f.AA659E0CE08D0C76D21A3A5289A8AF5F.d.872BBE854DA6F58A29ADE9EB17E27D1E.e.22657"}]}
COMMAND: GET /session/638b8c348501295d6d2539f1a905cf1c/screenshot - {}
RESULT: {}
COMMAND: POST /session/638b8c348501295d6d2539f1a905cf1c/execute/sync - {"script":"<script> [56 bytes]","args":[{"element-6066-11e4-a52e-4f735466cecf":"f.AA659E0CE08D0C76D21A3A5289A8AF5F.d.872BBE854DA6F58A29ADE9EB17E27D1E.e.22657","ELEMENT":"f.AA659E0CE08D0C76D21A3A5289A8AF5F.d.872BBE854DA6F58A29ADE9EB17E27D1E.e.22657"}]}
RESULT: {"script":"<script> [56 bytes]","args":[{"element-6066-11e4-a52e-4f735466cecf":"f.AA659E0CE08D0C76D21A3A5289A8AF5F.d.872BBE854DA6F58A29ADE9EB17E27D1E.e.22657","ELEMENT":"f.AA659E0CE08D0C76D21A3A5289A8AF5F.d.872BBE854DA6F58A29ADE9EB17E27D1E.e.22657"}]}
COMMAND: GET /session/638b8c348501295d6d2539f1a905cf1c/screenshot - {}
RESULT: {}
COMMAND: POST /session/638b8c348501295d6d2539f1a905cf1c/execute/sync - {"script":"<script> [56 bytes]","args":[{"element-6066-11e4-a52e-4f735466cecf":"f.AA659E0CE08D0C76D21A3A5289A8AF5F.d.872BBE854DA6F58A29ADE9EB17E27D1E.e.22657","ELEMENT":"f.AA659E0CE08D0C76D21A3A5289A8AF5F.d.872BBE854DA6F58A29ADE9EB17E27D1E.e.22657"}]}
RESULT: {"script":"<script> [56 bytes]","args":[{"element-6066-11e4-a52e-4f735466cecf":"f.AA659E0CE08D0C76D21A3A5289A8AF5F.d.872BBE854DA6F58A29ADE9EB17E27D1E.e.22657","ELEMENT":"f.AA659E0CE08D0C76D21A3A5289A8AF5F.d.872BBE854DA6F58A29ADE9EB17E27D1E.e.22657"}]}
COMMAND: GET /session/638b8c348501295d6d2539f1a905cf1c/screenshot - {}
RESULT: {}
COMMAND: POST /session/638b8c348501295d6d2539f1a905cf1c/execute/sync - {"script":"<script> [56 bytes]","args":[{"element-6066-11e4-a52e-4f735466cecf":"f.AA659E0CE08D0C76D21A3A5289A8AF5F.d.872BBE854DA6F58A29ADE9EB17E27D1E.e.22657","ELEMENT":"f.AA659E0CE08D0C76D21A3A5289A8AF5F.d.872BBE854DA6F58A29ADE9EB17E27D1E.e.22657"}]}
RESULT: {"script":"<script> [56 bytes]","args":[{"element-6066-11e4-a52e-4f735466cecf":"f.AA659E0CE08D0C76D21A3A5289A8AF5F.d.872BBE854DA6F58A29ADE9EB17E27D1E.e.22657","ELEMENT":"f.AA659E0CE08D0C76D21A3A5289A8AF5F.d.872BBE854DA6F58A29ADE9EB17E27D1E.e.22657"}]}
COMMAND: GET /session/638b8c348501295d6d2539f1a905cf1c/screenshot - {}
RESULT: {}
COMMAND: POST /session/638b8c348501295d6d2539f1a905cf1c/execute/sync - {"script":"<script> [56 bytes]","args":[{"element-6066-11e4-a52e-4f735466cecf":"f.AA659E0CE08D0C76D21A3A5289A8AF5F.d.872BBE854DA6F58A29ADE9EB17E27D1E.e.22657","ELEMENT":"f.AA659E0CE08D0C76D21A3A5289A8AF5F.d.872BBE854DA6F58A29ADE9EB17E27D1E.e.22657"}]}
RESULT: {"script":"<script> [56 bytes]","args":[{"element-6066-11e4-a52e-4f735466cecf":"f.AA659E0CE08D0C76D21A3A5289A8AF5F.d.872BBE854DA6F58A29ADE9EB17E27D1E.e.22657","ELEMENT":"f.AA659E0CE08D0C76D21A3A5289A8AF5F.d.872BBE854DA6F58A29ADE9EB17E27D1E.e.22657"}]}
COMMAND: GET /session/638b8c348501295d6d2539f1a905cf1c/screenshot - {}
RESULT: {}
COMMAND: POST /session/638b8c348501295d6d2539f1a905cf1c/execute/sync - {"script":"<script> [56 bytes]","args":[{"element-6066-11e4-a52e-4f735466cecf":"f.AA659E0CE08D0C76D21A3A5289A8AF5F.d.872BBE854DA6F58A29ADE9EB17E27D1E.e.22657","ELEMENT":"f.AA659E0CE08D0C76D21A3A5289A8AF5F.d.872BBE854DA6F58A29ADE9EB17E27D1E.e.22657"}]}
RESULT: {"script":"<script> [56 bytes]","args":[{"element-6066-11e4-a52e-4f735466cecf":"f.AA659E0CE08D0C76D21A3A5289A8AF5F.d.872BBE854DA6F58A29ADE9EB17E27D1E.e.22657","ELEMENT":"f.AA659E0CE08D0C76D21A3A5289A8AF5F.d.872BBE854DA6F58A29ADE9EB17E27D1E.e.22657"}]}
COMMAND: GET /session/638b8c348501295d6d2539f1a905cf1c/screenshot - {}
RESULT: {}
COMMAND: POST /session/638b8c348501295d6d2539f1a905cf1c/execute/sync - {"script":"<script> [56 bytes]","args":[{"element-6066-11e4-a52e-4f735466cecf":"f.AA659E0CE08D0C76D21A3A5289A8AF5F.d.872BBE854DA6F58A29ADE9EB17E27D1E.e.22657","ELEMENT":"f.AA659E0CE08D0C76D21A3A5289A8AF5F.d.872BBE854DA6F58A29ADE9EB17E27D1E.e.22657"}]}
RESULT: {"script":"<script> [56 bytes]","args":[{"element-6066-11e4-a52e-4f735466cecf":"f.AA659E0CE08D0C76D21A3A5289A8AF5F.d.872BBE854DA6F58A29ADE9EB17E27D1E.e.22657","ELEMENT":"f.AA659E0CE08D0C76D21A3A5289A8AF5F.d.872BBE854DA6F58A29ADE9EB17E27D1E.e.22657"}]}
COMMAND: POST /session/638b8c348501295d6d2539f1a905cf1c/element - {"using":"css selector","value":"#shell-header-logo"}
COMMAND: GET /session/638b8c348501295d6d2539f1a905cf1c/screenshot - {}
RESULT: {"using":"css selector","value":"#shell-header-logo"}
COMMAND: POST /session/638b8c348501295d6d2539f1a905cf1c/element/f.AA659E0CE08D0C76D21A3A5289A8AF5F.d.872BBE854DA6F58A29ADE9EB17E27D1E.e.22485/click - {}
RESULT: {}
RESULT: {}
COMMAND: GET /session/638b8c348501295d6d2539f1a905cf1c/screenshot - {}
RESULT: {}
]]></system-out>
    </testcase>
    <testcase classname="chrome.135_0_7049_96.windows.Billing_Calculation_-_Time_based_(considering_transport_times)_US139738" name="Should navigate to the contract item check the billed until field value" time="50.737">
      <system-out><![CDATA[
RESULT: undefined
COMMAND: POST /session/638b8c348501295d6d2539f1a905cf1c/element - {"using":"xpath","value":"//*[@id=\"__tile132-title\"]"}
RESULT: {"using":"xpath","value":"//*[@id=\"__tile132-title\"]"}
COMMAND: POST /session/638b8c348501295d6d2539f1a905cf1c/element/f.AA659E0CE08D0C76D21A3A5289A8AF5F.d.872BBE854DA6F58A29ADE9EB17E27D1E.e.20661/click - {}
RESULT: {}
COMMAND: GET /session/638b8c348501295d6d2539f1a905cf1c/screenshot - {}
COMMAND: POST /session/638b8c348501295d6d2539f1a905cf1c/element - {"using":"xpath","value":"//button[@data-kt=\"addButton\"]"}
RESULT: {}
RESULT: {"using":"xpath","value":"//button[@data-kt=\"addButton\"]"}
COMMAND: POST /session/638b8c348501295d6d2539f1a905cf1c/elements - {"using":"xpath","value":"//button[@data-kt=\"addButton\"]"}
RESULT: {"using":"xpath","value":"//button[@data-kt=\"addButton\"]"}
COMMAND: POST /session/638b8c348501295d6d2539f1a905cf1c/execute/sync - {"script":"<script> [8489 bytes]","args":[{"element-6066-11e4-a52e-4f735466cecf":"f.AA659E0CE08D0C76D21A3A5289A8AF5F.d.872BBE854DA6F58A29ADE9EB17E27D1E.e.22748","ELEMENT":"f.AA659E0CE08D0C76D21A3A5289A8AF5F.d.872BBE854DA6F58A29ADE9EB17E27D1E.e.22748"}]}
RESULT: {"script":"<script> [8489 bytes]","args":[{"element-6066-11e4-a52e-4f735466cecf":"f.AA659E0CE08D0C76D21A3A5289A8AF5F.d.872BBE854DA6F58A29ADE9EB17E27D1E.e.22748","ELEMENT":"f.AA659E0CE08D0C76D21A3A5289A8AF5F.d.872BBE854DA6F58A29ADE9EB17E27D1E.e.22748"}]}
COMMAND: GET /session/638b8c348501295d6d2539f1a905cf1c/element/f.AA659E0CE08D0C76D21A3A5289A8AF5F.d.872BBE854DA6F58A29ADE9EB17E27D1E.e.22748/enabled - {}
COMMAND: GET /session/638b8c348501295d6d2539f1a905cf1c/screenshot - {}
RESULT: {}
COMMAND: POST /session/638b8c348501295d6d2539f1a905cf1c/execute/sync - {"script":"<script> [8489 bytes]","args":[{"element-6066-11e4-a52e-4f735466cecf":"f.AA659E0CE08D0C76D21A3A5289A8AF5F.d.872BBE854DA6F58A29ADE9EB17E27D1E.e.22748","ELEMENT":"f.AA659E0CE08D0C76D21A3A5289A8AF5F.d.872BBE854DA6F58A29ADE9EB17E27D1E.e.22748"}]}
COMMAND: GET /session/638b8c348501295d6d2539f1a905cf1c/screenshot - {}
RESULT: {}
RESULT: {"script":"<script> [8489 bytes]","args":[{"element-6066-11e4-a52e-4f735466cecf":"f.AA659E0CE08D0C76D21A3A5289A8AF5F.d.872BBE854DA6F58A29ADE9EB17E27D1E.e.22748","ELEMENT":"f.AA659E0CE08D0C76D21A3A5289A8AF5F.d.872BBE854DA6F58A29ADE9EB17E27D1E.e.22748"}]}
COMMAND: POST /session/638b8c348501295d6d2539f1a905cf1c/execute/sync - {"script":"<script> [5351 bytes]","args":[{"element-6066-11e4-a52e-4f735466cecf":"f.AA659E0CE08D0C76D21A3A5289A8AF5F.d.872BBE854DA6F58A29ADE9EB17E27D1E.e.22748","ELEMENT":"f.AA659E0CE08D0C76D21A3A5289A8AF5F.d.872BBE854DA6F58A29ADE9EB17E27D1E.e.22748"}]}
COMMAND: GET /session/638b8c348501295d6d2539f1a905cf1c/screenshot - {}
RESULT: {}
RESULT: {"script":"<script> [5351 bytes]","args":[{"element-6066-11e4-a52e-4f735466cecf":"f.AA659E0CE08D0C76D21A3A5289A8AF5F.d.872BBE854DA6F58A29ADE9EB17E27D1E.e.22748","ELEMENT":"f.AA659E0CE08D0C76D21A3A5289A8AF5F.d.872BBE854DA6F58A29ADE9EB17E27D1E.e.22748"}]}
COMMAND: POST /session/638b8c348501295d6d2539f1a905cf1c/element - {"using":"xpath","value":"//input[contains(@id ,\"smartContractFilterBar-btnBasicSearch-I\")]"}
COMMAND: GET /session/638b8c348501295d6d2539f1a905cf1c/screenshot - {}
RESULT: {}
RESULT: {"using":"xpath","value":"//input[contains(@id ,\"smartContractFilterBar-btnBasicSearch-I\")]"}
COMMAND: POST /session/638b8c348501295d6d2539f1a905cf1c/elements - {"using":"xpath","value":"//input[contains(@id ,\"smartContractFilterBar-btnBasicSearch-I\")]"}
RESULT: {}
RESULT: {"using":"xpath","value":"//input[contains(@id ,\"smartContractFilterBar-btnBasicSearch-I\")]"}
COMMAND: POST /session/638b8c348501295d6d2539f1a905cf1c/execute/sync - {"script":"<script> [8489 bytes]","args":[{"element-6066-11e4-a52e-4f735466cecf":"f.AA659E0CE08D0C76D21A3A5289A8AF5F.d.872BBE854DA6F58A29ADE9EB17E27D1E.e.22684","ELEMENT":"f.AA659E0CE08D0C76D21A3A5289A8AF5F.d.872BBE854DA6F58A29ADE9EB17E27D1E.e.22684"}]}
RESULT: {"script":"<script> [8489 bytes]","args":[{"element-6066-11e4-a52e-4f735466cecf":"f.AA659E0CE08D0C76D21A3A5289A8AF5F.d.872BBE854DA6F58A29ADE9EB17E27D1E.e.22684","ELEMENT":"f.AA659E0CE08D0C76D21A3A5289A8AF5F.d.872BBE854DA6F58A29ADE9EB17E27D1E.e.22684"}]}
COMMAND: GET /session/638b8c348501295d6d2539f1a905cf1c/element/f.AA659E0CE08D0C76D21A3A5289A8AF5F.d.872BBE854DA6F58A29ADE9EB17E27D1E.e.22684/enabled - {}
COMMAND: GET /session/638b8c348501295d6d2539f1a905cf1c/screenshot - {}
RESULT: {}
COMMAND: POST /session/638b8c348501295d6d2539f1a905cf1c/element/f.AA659E0CE08D0C76D21A3A5289A8AF5F.d.872BBE854DA6F58A29ADE9EB17E27D1E.e.22684/clear - {}
COMMAND: GET /session/638b8c348501295d6d2539f1a905cf1c/screenshot - {}
RESULT: {}
RESULT: {}
COMMAND: POST /session/638b8c348501295d6d2539f1a905cf1c/element/f.AA659E0CE08D0C76D21A3A5289A8AF5F.d.872BBE854DA6F58A29ADE9EB17E27D1E.e.22684/value - {"text":"10474"}
COMMAND: GET /session/638b8c348501295d6d2539f1a905cf1c/screenshot - {}
RESULT: {}
RESULT: {"text":"10474"}
COMMAND: GET /session/638b8c348501295d6d2539f1a905cf1c/screenshot - {}
RESULT: {}
RESULT: {}
COMMAND: POST /session/638b8c348501295d6d2539f1a905cf1c/actions - {"actions":[{"id":"action84","type":"key","parameters":{},"actions":[{"type":"keyDown","value":"î€‡"},{"type":"pause","duration":10},{"type":"keyUp","value":"î€‡"}]}]}
RESULT: {"actions":[{"id":"action84","type":"key","parameters":{},"actions":[{"type":"keyDown","value":"î€‡"},{"type":"pause","duration":10},{"type":"keyUp","value":"î€‡"}]}]}
COMMAND: GET /session/638b8c348501295d6d2539f1a905cf1c/screenshot - {}
COMMAND: POST /session/638b8c348501295d6d2539f1a905cf1c/element - {"using":"xpath","value":"//span[contains(@id, \"masterListContractsSmartTable-header-inner\")]"}
RESULT: {}
RESULT: {"using":"xpath","value":"//span[contains(@id, \"masterListContractsSmartTable-header-inner\")]"}
COMMAND: POST /session/638b8c348501295d6d2539f1a905cf1c/elements - {"using":"xpath","value":"//span[contains(@id, \"masterListContractsSmartTable-header-inner\")]"}
RESULT: {"using":"xpath","value":"//span[contains(@id, \"masterListContractsSmartTable-header-inner\")]"}
COMMAND: POST /session/638b8c348501295d6d2539f1a905cf1c/execute/sync - {"script":"<script> [56 bytes]","args":[{"element-6066-11e4-a52e-4f735466cecf":"f.AA659E0CE08D0C76D21A3A5289A8AF5F.d.872BBE854DA6F58A29ADE9EB17E27D1E.e.22963","ELEMENT":"f.AA659E0CE08D0C76D21A3A5289A8AF5F.d.872BBE854DA6F58A29ADE9EB17E27D1E.e.22963"}]}
RESULT: {"script":"<script> [56 bytes]","args":[{"element-6066-11e4-a52e-4f735466cecf":"f.AA659E0CE08D0C76D21A3A5289A8AF5F.d.872BBE854DA6F58A29ADE9EB17E27D1E.e.22963","ELEMENT":"f.AA659E0CE08D0C76D21A3A5289A8AF5F.d.872BBE854DA6F58A29ADE9EB17E27D1E.e.22963"}]}
COMMAND: POST /session/638b8c348501295d6d2539f1a905cf1c/element - {"using":"xpath","value":"(//span[contains(@id, \"imgNav\")])[1]"}
RESULT: {"using":"xpath","value":"(//span[contains(@id, \"imgNav\")])[1]"}
COMMAND: POST /session/638b8c348501295d6d2539f1a905cf1c/element/f.AA659E0CE08D0C76D21A3A5289A8AF5F.d.872BBE854DA6F58A29ADE9EB17E27D1E.e.22960/click - {}
COMMAND: GET /session/638b8c348501295d6d2539f1a905cf1c/screenshot - {}
RESULT: {}
RESULT: {}
COMMAND: GET /session/638b8c348501295d6d2539f1a905cf1c/screenshot - {}
RESULT: {}
COMMAND: POST /session/638b8c348501295d6d2539f1a905cf1c/element - {"using":"xpath","value":"//tr[@data-kt=\"productsColumnListItem\"]//td//span[contains(@id, \"imgNav\")][1]"}
RESULT: {"using":"xpath","value":"//tr[@data-kt=\"productsColumnListItem\"]//td//span[contains(@id, \"imgNav\")][1]"}
COMMAND: POST /session/638b8c348501295d6d2539f1a905cf1c/element/f.AA659E0CE08D0C76D21A3A5289A8AF5F.d.872BBE854DA6F58A29ADE9EB17E27D1E.e.23065/click - {}
RESULT: {}
COMMAND: GET /session/638b8c348501295d6d2539f1a905cf1c/screenshot - {}
RESULT: {}
COMMAND: POST /session/638b8c348501295d6d2539f1a905cf1c/element - {"using":"xpath","value":"//section[contains(@id, \"application-managecontracts-display-component---BillingItem--ObjectPageLayout-OPHeaderContent\")]/div/div/div/div/div[2]/div/div[2]/span"}
RESULT: {"using":"xpath","value":"//section[contains(@id, \"application-managecontracts-display-component---BillingItem--ObjectPageLayout-OPHeaderContent\")]/div/div/div/div/div[2]/div/div[2]/span"}
COMMAND: POST /session/638b8c348501295d6d2539f1a905cf1c/execute/sync - {"script":"<script> [56 bytes]","args":[{"element-6066-11e4-a52e-4f735466cecf":"f.AA659E0CE08D0C76D21A3A5289A8AF5F.d.872BBE854DA6F58A29ADE9EB17E27D1E.e.23204","ELEMENT":"f.AA659E0CE08D0C76D21A3A5289A8AF5F.d.872BBE854DA6F58A29ADE9EB17E27D1E.e.23204"}]}
RESULT: {"script":"<script> [56 bytes]","args":[{"element-6066-11e4-a52e-4f735466cecf":"f.AA659E0CE08D0C76D21A3A5289A8AF5F.d.872BBE854DA6F58A29ADE9EB17E27D1E.e.23204","ELEMENT":"f.AA659E0CE08D0C76D21A3A5289A8AF5F.d.872BBE854DA6F58A29ADE9EB17E27D1E.e.23204"}]}
COMMAND: POST /session/638b8c348501295d6d2539f1a905cf1c/element - {"using":"xpath","value":"//table[contains(@id, \"application-managecontracts-display-component---BillingItem--billingList-listUl\")]//td//*[contains(text(), \"partial billed\")]"}
COMMAND: GET /session/638b8c348501295d6d2539f1a905cf1c/screenshot - {}
RESULT: {"using":"xpath","value":"//table[contains(@id, \"application-managecontracts-display-component---BillingItem--billingList-listUl\")]//td//*[contains(text(), \"partial billed\")]"}
COMMAND: POST /session/638b8c348501295d6d2539f1a905cf1c/execute/sync - {"script":"<script> [56 bytes]","args":[{"element-6066-11e4-a52e-4f735466cecf":"f.AA659E0CE08D0C76D21A3A5289A8AF5F.d.872BBE854DA6F58A29ADE9EB17E27D1E.e.23205","ELEMENT":"f.AA659E0CE08D0C76D21A3A5289A8AF5F.d.872BBE854DA6F58A29ADE9EB17E27D1E.e.23205"}]}
RESULT: {}
RESULT: {"script":"<script> [56 bytes]","args":[{"element-6066-11e4-a52e-4f735466cecf":"f.AA659E0CE08D0C76D21A3A5289A8AF5F.d.872BBE854DA6F58A29ADE9EB17E27D1E.e.23205","ELEMENT":"f.AA659E0CE08D0C76D21A3A5289A8AF5F.d.872BBE854DA6F58A29ADE9EB17E27D1E.e.23205"}]}
COMMAND: POST /session/638b8c348501295d6d2539f1a905cf1c/element - {"using":"css selector","value":"#shell-header-logo"}
COMMAND: GET /session/638b8c348501295d6d2539f1a905cf1c/screenshot - {}
RESULT: {"using":"css selector","value":"#shell-header-logo"}
COMMAND: POST /session/638b8c348501295d6d2539f1a905cf1c/element/f.AA659E0CE08D0C76D21A3A5289A8AF5F.d.872BBE854DA6F58A29ADE9EB17E27D1E.e.22682/click - {}
RESULT: {}
RESULT: {}
COMMAND: GET /session/638b8c348501295d6d2539f1a905cf1c/screenshot - {}
RESULT: {}
]]></system-out>
    </testcase>
    <testcase classname="chrome.135_0_7049_96.windows.Billing_Calculation_-_Time_based_(considering_transport_times)_US139738" name="Should do a handover return 2 step 7 days after provide or 14 days from today receive it in 21 days" time="173.836">
      <system-out><![CDATA[
RESULT: undefined
COMMAND: POST /session/638b8c348501295d6d2539f1a905cf1c/element - {"using":"xpath","value":"//*[@id=\"__tile132-title\"]"}
RESULT: {"using":"xpath","value":"//*[@id=\"__tile132-title\"]"}
COMMAND: POST /session/638b8c348501295d6d2539f1a905cf1c/element/f.AA659E0CE08D0C76D21A3A5289A8AF5F.d.872BBE854DA6F58A29ADE9EB17E27D1E.e.20661/click - {}
RESULT: {}
COMMAND: GET /session/638b8c348501295d6d2539f1a905cf1c/screenshot - {}
COMMAND: POST /session/638b8c348501295d6d2539f1a905cf1c/element - {"using":"xpath","value":"//button[@data-kt=\"addButton\"]"}
RESULT: {}
RESULT: {"using":"xpath","value":"//button[@data-kt=\"addButton\"]"}
COMMAND: POST /session/638b8c348501295d6d2539f1a905cf1c/elements - {"using":"xpath","value":"//button[@data-kt=\"addButton\"]"}
RESULT: {"using":"xpath","value":"//button[@data-kt=\"addButton\"]"}
COMMAND: POST /session/638b8c348501295d6d2539f1a905cf1c/elements - {"using":"xpath","value":"//button[@data-kt=\"addButton\"]"}
RESULT: {"using":"xpath","value":"//button[@data-kt=\"addButton\"]"}
COMMAND: POST /session/638b8c348501295d6d2539f1a905cf1c/element - {"using":"xpath","value":"//button[@data-kt=\"addButton\"]"}
RESULT: {"using":"xpath","value":"//button[@data-kt=\"addButton\"]"}
COMMAND: POST /session/638b8c348501295d6d2539f1a905cf1c/execute/sync - {"script":"<script> [8489 bytes]","args":[{"element-6066-11e4-a52e-4f735466cecf":"f.AA659E0CE08D0C76D21A3A5289A8AF5F.d.872BBE854DA6F58A29ADE9EB17E27D1E.e.23279","ELEMENT":"f.AA659E0CE08D0C76D21A3A5289A8AF5F.d.872BBE854DA6F58A29ADE9EB17E27D1E.e.23279"}]}
RESULT: {"script":"<script> [8489 bytes]","args":[{"element-6066-11e4-a52e-4f735466cecf":"f.AA659E0CE08D0C76D21A3A5289A8AF5F.d.872BBE854DA6F58A29ADE9EB17E27D1E.e.23279","ELEMENT":"f.AA659E0CE08D0C76D21A3A5289A8AF5F.d.872BBE854DA6F58A29ADE9EB17E27D1E.e.23279"}]}
COMMAND: GET /session/638b8c348501295d6d2539f1a905cf1c/element/f.AA659E0CE08D0C76D21A3A5289A8AF5F.d.872BBE854DA6F58A29ADE9EB17E27D1E.e.23279/enabled - {}
COMMAND: GET /session/638b8c348501295d6d2539f1a905cf1c/screenshot - {}
RESULT: {}
COMMAND: POST /session/638b8c348501295d6d2539f1a905cf1c/execute/sync - {"script":"<script> [8489 bytes]","args":[{"element-6066-11e4-a52e-4f735466cecf":"f.AA659E0CE08D0C76D21A3A5289A8AF5F.d.872BBE854DA6F58A29ADE9EB17E27D1E.e.23279","ELEMENT":"f.AA659E0CE08D0C76D21A3A5289A8AF5F.d.872BBE854DA6F58A29ADE9EB17E27D1E.e.23279"}]}
COMMAND: GET /session/638b8c348501295d6d2539f1a905cf1c/screenshot - {}
RESULT: {}
RESULT: {"script":"<script> [8489 bytes]","args":[{"element-6066-11e4-a52e-4f735466cecf":"f.AA659E0CE08D0C76D21A3A5289A8AF5F.d.872BBE854DA6F58A29ADE9EB17E27D1E.e.23279","ELEMENT":"f.AA659E0CE08D0C76D21A3A5289A8AF5F.d.872BBE854DA6F58A29ADE9EB17E27D1E.e.23279"}]}
COMMAND: POST /session/638b8c348501295d6d2539f1a905cf1c/execute/sync - {"script":"<script> [5351 bytes]","args":[{"element-6066-11e4-a52e-4f735466cecf":"f.AA659E0CE08D0C76D21A3A5289A8AF5F.d.872BBE854DA6F58A29ADE9EB17E27D1E.e.23279","ELEMENT":"f.AA659E0CE08D0C76D21A3A5289A8AF5F.d.872BBE854DA6F58A29ADE9EB17E27D1E.e.23279"}]}
COMMAND: GET /session/638b8c348501295d6d2539f1a905cf1c/screenshot - {}
RESULT: {}
RESULT: {"script":"<script> [5351 bytes]","args":[{"element-6066-11e4-a52e-4f735466cecf":"f.AA659E0CE08D0C76D21A3A5289A8AF5F.d.872BBE854DA6F58A29ADE9EB17E27D1E.e.23279","ELEMENT":"f.AA659E0CE08D0C76D21A3A5289A8AF5F.d.872BBE854DA6F58A29ADE9EB17E27D1E.e.23279"}]}
COMMAND: GET /session/638b8c348501295d6d2539f1a905cf1c/screenshot - {}
RESULT: {}
RESULT: {}
COMMAND: POST /session/638b8c348501295d6d2539f1a905cf1c/element - {"using":"xpath","value":"//input[contains(@id ,\"smartContractFilterBar-btnBasicSearch-I\")]"}
RESULT: {"using":"xpath","value":"//input[contains(@id ,\"smartContractFilterBar-btnBasicSearch-I\")]"}
COMMAND: POST /session/638b8c348501295d6d2539f1a905cf1c/elements - {"using":"xpath","value":"//input[contains(@id ,\"smartContractFilterBar-btnBasicSearch-I\")]"}
RESULT: {"using":"xpath","value":"//input[contains(@id ,\"smartContractFilterBar-btnBasicSearch-I\")]"}
COMMAND: POST /session/638b8c348501295d6d2539f1a905cf1c/execute/sync - {"script":"<script> [8489 bytes]","args":[{"element-6066-11e4-a52e-4f735466cecf":"f.AA659E0CE08D0C76D21A3A5289A8AF5F.d.872BBE854DA6F58A29ADE9EB17E27D1E.e.23210","ELEMENT":"f.AA659E0CE08D0C76D21A3A5289A8AF5F.d.872BBE854DA6F58A29ADE9EB17E27D1E.e.23210"}]}
RESULT: {"script":"<script> [8489 bytes]","args":[{"element-6066-11e4-a52e-4f735466cecf":"f.AA659E0CE08D0C76D21A3A5289A8AF5F.d.872BBE854DA6F58A29ADE9EB17E27D1E.e.23210","ELEMENT":"f.AA659E0CE08D0C76D21A3A5289A8AF5F.d.872BBE854DA6F58A29ADE9EB17E27D1E.e.23210"}]}
COMMAND: GET /session/638b8c348501295d6d2539f1a905cf1c/element/f.AA659E0CE08D0C76D21A3A5289A8AF5F.d.872BBE854DA6F58A29ADE9EB17E27D1E.e.23210/enabled - {}
COMMAND: GET /session/638b8c348501295d6d2539f1a905cf1c/screenshot - {}
RESULT: {}
COMMAND: POST /session/638b8c348501295d6d2539f1a905cf1c/element/f.AA659E0CE08D0C76D21A3A5289A8AF5F.d.872BBE854DA6F58A29ADE9EB17E27D1E.e.23210/clear - {}
COMMAND: GET /session/638b8c348501295d6d2539f1a905cf1c/screenshot - {}
RESULT: {}
RESULT: {}
COMMAND: POST /session/638b8c348501295d6d2539f1a905cf1c/element/f.AA659E0CE08D0C76D21A3A5289A8AF5F.d.872BBE854DA6F58A29ADE9EB17E27D1E.e.23210/value - {"text":"10474"}
COMMAND: GET /session/638b8c348501295d6d2539f1a905cf1c/screenshot - {}
RESULT: {}
RESULT: {"text":"10474"}
COMMAND: GET /session/638b8c348501295d6d2539f1a905cf1c/screenshot - {}
RESULT: {}
RESULT: {}
COMMAND: POST /session/638b8c348501295d6d2539f1a905cf1c/actions - {"actions":[{"id":"action85","type":"key","parameters":{},"actions":[{"type":"keyDown","value":"î€‡"},{"type":"pause","duration":10},{"type":"keyUp","value":"î€‡"}]}]}
RESULT: {"actions":[{"id":"action85","type":"key","parameters":{},"actions":[{"type":"keyDown","value":"î€‡"},{"type":"pause","duration":10},{"type":"keyUp","value":"î€‡"}]}]}
COMMAND: GET /session/638b8c348501295d6d2539f1a905cf1c/screenshot - {}
RESULT: {}
COMMAND: POST /session/638b8c348501295d6d2539f1a905cf1c/element - {"using":"xpath","value":"//span[contains(@id, \"masterListContractsSmartTable-header-inner\")]"}
RESULT: {"using":"xpath","value":"//span[contains(@id, \"masterListContractsSmartTable-header-inner\")]"}
COMMAND: POST /session/638b8c348501295d6d2539f1a905cf1c/elements - {"using":"xpath","value":"//span[contains(@id, \"masterListContractsSmartTable-header-inner\")]"}
RESULT: {"using":"xpath","value":"//span[contains(@id, \"masterListContractsSmartTable-header-inner\")]"}
COMMAND: POST /session/638b8c348501295d6d2539f1a905cf1c/execute/sync - {"script":"<script> [56 bytes]","args":[{"element-6066-11e4-a52e-4f735466cecf":"f.AA659E0CE08D0C76D21A3A5289A8AF5F.d.872BBE854DA6F58A29ADE9EB17E27D1E.e.23339","ELEMENT":"f.AA659E0CE08D0C76D21A3A5289A8AF5F.d.872BBE854DA6F58A29ADE9EB17E27D1E.e.23339"}]}
RESULT: {"script":"<script> [56 bytes]","args":[{"element-6066-11e4-a52e-4f735466cecf":"f.AA659E0CE08D0C76D21A3A5289A8AF5F.d.872BBE854DA6F58A29ADE9EB17E27D1E.e.23339","ELEMENT":"f.AA659E0CE08D0C76D21A3A5289A8AF5F.d.872BBE854DA6F58A29ADE9EB17E27D1E.e.23339"}]}
COMMAND: POST /session/638b8c348501295d6d2539f1a905cf1c/element - {"using":"xpath","value":"(//span[contains(@id, \"imgNav\")])[1]"}
COMMAND: GET /session/638b8c348501295d6d2539f1a905cf1c/screenshot - {}
RESULT: {"using":"xpath","value":"(//span[contains(@id, \"imgNav\")])[1]"}
COMMAND: POST /session/638b8c348501295d6d2539f1a905cf1c/element/f.AA659E0CE08D0C76D21A3A5289A8AF5F.d.872BBE854DA6F58A29ADE9EB17E27D1E.e.23338/click - {}
RESULT: {}
RESULT: {}
COMMAND: GET /session/638b8c348501295d6d2539f1a905cf1c/screenshot - {}
RESULT: {}
COMMAND: POST /session/638b8c348501295d6d2539f1a905cf1c/element - {"using":"xpath","value":"//button[contains(@id, \"contractDetailReturnButton\")]"}
RESULT: {"using":"xpath","value":"//button[contains(@id, \"contractDetailReturnButton\")]"}
COMMAND: POST /session/638b8c348501295d6d2539f1a905cf1c/element/f.AA659E0CE08D0C76D21A3A5289A8AF5F.d.872BBE854DA6F58A29ADE9EB17E27D1E.e.23411/click - {}
RESULT: {}
COMMAND: GET /session/638b8c348501295d6d2539f1a905cf1c/screenshot - {}
RESULT: undefined
COMMAND: POST /session/638b8c348501295d6d2539f1a905cf1c/execute/async - {"script":"<script> [776 bytes]","args":[{"enterText":"05/16/25","selector":{"id":"application-managehandovers-display-component---AddNewHO--dueDate","interaction":{"idSuffix":"inner"}},"clearTextFirst":true,"interactionType":"ENTER_TEXT"}]}
RESULT: {}
RESULT: {"script":"<script> [776 bytes]","args":[{"enterText":"05/16/25","selector":{"id":"application-managehandovers-display-component---AddNewHO--dueDate","interaction":{"idSuffix":"inner"}},"clearTextFirst":true,"interactionType":"ENTER_TEXT"}]}
COMMAND: POST /session/638b8c348501295d6d2539f1a905cf1c/element - {"using":"xpath","value":"//bdi[contains(text(), \"Instructions\")]"}
RESULT: {"using":"xpath","value":"//bdi[contains(text(), \"Instructions\")]"}
COMMAND: POST /session/638b8c348501295d6d2539f1a905cf1c/element/f.AA659E0CE08D0C76D21A3A5289A8AF5F.d.872BBE854DA6F58A29ADE9EB17E27D1E.e.23839/click - {}
RESULT: {}
COMMAND: GET /session/638b8c348501295d6d2539f1a905cf1c/screenshot - {}
RESULT: {}
COMMAND: POST /session/638b8c348501295d6d2539f1a905cf1c/element - {"using":"xpath","value":"//button[@data-kt=\"AddNewHOProvideAddItemsButton\"]"}
RESULT: {"using":"xpath","value":"//button[@data-kt=\"AddNewHOProvideAddItemsButton\"]"}
COMMAND: POST /session/638b8c348501295d6d2539f1a905cf1c/element/f.AA659E0CE08D0C76D21A3A5289A8AF5F.d.872BBE854DA6F58A29ADE9EB17E27D1E.e.23843/click - {}
RESULT: {}
COMMAND: GET /session/638b8c348501295d6d2539f1a905cf1c/screenshot - {}
RESULT: {}
RESULT: undefined
COMMAND: POST /session/638b8c348501295d6d2539f1a905cf1c/element - {"using":"xpath","value":"//*[@id=\"application-managehandovers-display-component---AddNewHO--popup-sa\"]"}
RESULT: {"using":"xpath","value":"//*[@id=\"application-managehandovers-display-component---AddNewHO--popup-sa\"]"}
COMMAND: POST /session/638b8c348501295d6d2539f1a905cf1c/element/f.AA659E0CE08D0C76D21A3A5289A8AF5F.d.872BBE854DA6F58A29ADE9EB17E27D1E.e.23860/click - {}
RESULT: {}
COMMAND: GET /session/638b8c348501295d6d2539f1a905cf1c/screenshot - {}
RESULT: {}
COMMAND: POST /session/638b8c348501295d6d2539f1a905cf1c/element - {"using":"xpath","value":"//*[contains(@id ,\"BDI-content\")][contains(text(), \"Select\")]"}
RESULT: {"using":"xpath","value":"//*[contains(@id ,\"BDI-content\")][contains(text(), \"Select\")]"}
COMMAND: POST /session/638b8c348501295d6d2539f1a905cf1c/element/f.AA659E0CE08D0C76D21A3A5289A8AF5F.d.872BBE854DA6F58A29ADE9EB17E27D1E.e.23861/click - {}
RESULT: {}
COMMAND: GET /session/638b8c348501295d6d2539f1a905cf1c/screenshot - {}
RESULT: {}
COMMAND: POST /session/638b8c348501295d6d2539f1a905cf1c/element - {"using":"xpath","value":"(//div[contains(@id, \"application-managehandovers-display-component---AddNewHO--oneStep-CbBg\")])"}
RESULT: {"using":"xpath","value":"(//div[contains(@id, \"application-managehandovers-display-component---AddNewHO--oneStep-CbBg\")])"}
COMMAND: POST /session/638b8c348501295d6d2539f1a905cf1c/element/f.AA659E0CE08D0C76D21A3A5289A8AF5F.d.872BBE854DA6F58A29ADE9EB17E27D1E.e.23869/click - {}
RESULT: {}
RESULT: undefined
COMMAND: POST /session/638b8c348501295d6d2539f1a905cf1c/element - {"using":"xpath","value":"//*[@id=\"application-managehandovers-display-component---AddNewHO--confirmCreationButton\"]"}
COMMAND: GET /session/638b8c348501295d6d2539f1a905cf1c/screenshot - {}
RESULT: {"using":"xpath","value":"//*[@id=\"application-managehandovers-display-component---AddNewHO--confirmCreationButton\"]"}
COMMAND: POST /session/638b8c348501295d6d2539f1a905cf1c/element/f.AA659E0CE08D0C76D21A3A5289A8AF5F.d.872BBE854DA6F58A29ADE9EB17E27D1E.e.23625/click - {}
RESULT: {}
RESULT: {}
COMMAND: GET /session/638b8c348501295d6d2539f1a905cf1c/screenshot - {}
RESULT: {}
COMMAND: POST /session/638b8c348501295d6d2539f1a905cf1c/element - {"using":"xpath","value":"//button[@data-kt=\"PickingTableConfirmAllButton\"]"}
RESULT: {"using":"xpath","value":"//button[@data-kt=\"PickingTableConfirmAllButton\"]"}
COMMAND: POST /session/638b8c348501295d6d2539f1a905cf1c/elements - {"using":"xpath","value":"//button[@data-kt=\"PickingTableConfirmAllButton\"]"}
RESULT: {"using":"xpath","value":"//button[@data-kt=\"PickingTableConfirmAllButton\"]"}
COMMAND: POST /session/638b8c348501295d6d2539f1a905cf1c/element - {"using":"xpath","value":"//button[@data-kt=\"PickingTableConfirmAllButton\"]"}
RESULT: {"using":"xpath","value":"//button[@data-kt=\"PickingTableConfirmAllButton\"]"}
COMMAND: POST /session/638b8c348501295d6d2539f1a905cf1c/element/f.AA659E0CE08D0C76D21A3A5289A8AF5F.d.872BBE854DA6F58A29ADE9EB17E27D1E.e.23920/click - {}
RESULT: {}
COMMAND: GET /session/638b8c348501295d6d2539f1a905cf1c/screenshot - {}
RESULT: {}
COMMAND: POST /session/638b8c348501295d6d2539f1a905cf1c/element - {"using":"xpath","value":"//bdi[contains(text(), \"OK\")]"}
RESULT: {"using":"xpath","value":"//bdi[contains(text(), \"OK\")]"}
COMMAND: POST /session/638b8c348501295d6d2539f1a905cf1c/element/f.AA659E0CE08D0C76D21A3A5289A8AF5F.d.872BBE854DA6F58A29ADE9EB17E27D1E.e.23923/click - {}
RESULT: {}
COMMAND: GET /session/638b8c348501295d6d2539f1a905cf1c/screenshot - {}
RESULT: {}
COMMAND: POST /session/638b8c348501295d6d2539f1a905cf1c/element - {"using":"xpath","value":"//button[@data-kt=\"execHoPickButton\"]"}
RESULT: {"using":"xpath","value":"//button[@data-kt=\"execHoPickButton\"]"}
COMMAND: POST /session/638b8c348501295d6d2539f1a905cf1c/element/f.AA659E0CE08D0C76D21A3A5289A8AF5F.d.872BBE854DA6F58A29ADE9EB17E27D1E.e.23924/click - {}
RESULT: {}
COMMAND: GET /session/638b8c348501295d6d2539f1a905cf1c/screenshot - {}
RESULT: {}
COMMAND: POST /session/638b8c348501295d6d2539f1a905cf1c/element - {"using":"xpath","value":"//span[contains(@id ,\"filterItemControl_BASIC-SEND_CONTRACT-vhi\")]"}
RESULT: {"using":"xpath","value":"//span[contains(@id ,\"filterItemControl_BASIC-SEND_CONTRACT-vhi\")]"}
COMMAND: POST /session/638b8c348501295d6d2539f1a905cf1c/element/f.AA659E0CE08D0C76D21A3A5289A8AF5F.d.872BBE854DA6F58A29ADE9EB17E27D1E.e.24206/click - {}
RESULT: {}
COMMAND: GET /session/638b8c348501295d6d2539f1a905cf1c/screenshot - {}
RESULT: {}
RESULT: undefined
COMMAND: POST /session/638b8c348501295d6d2539f1a905cf1c/execute/async - {"script":"<script> [776 bytes]","args":[{"enterText":"10474","selector":{"controlType":"sap.m.SearchField","viewName":"etm.portal.ui.managehandovers.view.MasterHO","bindingPath":{"path":"","propertyPath":"/_BASIC_SEARCH_FIELD","modelName":"fi1t3rM0d31"},"searchOpenDialogs":true,"interaction":{"idSuffix":"I"}},"clearTextFirst":true,"interactionType":"ENTER_TEXT"}]}
RESULT: {"script":"<script> [776 bytes]","args":[{"enterText":"10474","selector":{"controlType":"sap.m.SearchField","viewName":"etm.portal.ui.managehandovers.view.MasterHO","bindingPath":{"path":"","propertyPath":"/_BASIC_SEARCH_FIELD","modelName":"fi1t3rM0d31"},"searchOpenDialogs":true,"interaction":{"idSuffix":"I"}},"clearTextFirst":true,"interactionType":"ENTER_TEXT"}]}
COMMAND: POST /session/638b8c348501295d6d2539f1a905cf1c/actions - {"actions":[{"id":"action86","type":"key","parameters":{},"actions":[{"type":"keyDown","value":"î€‡"},{"type":"pause","duration":10},{"type":"keyUp","value":"î€‡"}]}]}
RESULT: {"actions":[{"id":"action86","type":"key","parameters":{},"actions":[{"type":"keyDown","value":"î€‡"},{"type":"pause","duration":10},{"type":"keyUp","value":"î€‡"}]}]}
COMMAND: GET /session/638b8c348501295d6d2539f1a905cf1c/screenshot - {}
RESULT: {}
COMMAND: POST /session/638b8c348501295d6d2539f1a905cf1c/element - {"using":"xpath","value":"//div[contains(@id, 'filterItemControl_BASIC-SEND_CONTRACT-valueHelpDialog-table-rowsel0')]"}
RESULT: {"using":"xpath","value":"//div[contains(@id, 'filterItemControl_BASIC-SEND_CONTRACT-valueHelpDialog-table-rowsel0')]"}
COMMAND: POST /session/638b8c348501295d6d2539f1a905cf1c/element/f.AA659E0CE08D0C76D21A3A5289A8AF5F.d.872BBE854DA6F58A29ADE9EB17E27D1E.e.24214/click - {}
RESULT: {}
COMMAND: GET /session/638b8c348501295d6d2539f1a905cf1c/screenshot - {}
RESULT: {}
COMMAND: POST /session/638b8c348501295d6d2539f1a905cf1c/element - {"using":"xpath","value":"//bdi[contains(text(), \"OK\")]"}
RESULT: {"using":"xpath","value":"//bdi[contains(text(), \"OK\")]"}
COMMAND: POST /session/638b8c348501295d6d2539f1a905cf1c/element/f.AA659E0CE08D0C76D21A3A5289A8AF5F.d.872BBE854DA6F58A29ADE9EB17E27D1E.e.24216/click - {}
RESULT: {}
COMMAND: GET /session/638b8c348501295d6d2539f1a905cf1c/screenshot - {}
RESULT: {}
COMMAND: POST /session/638b8c348501295d6d2539f1a905cf1c/element - {"using":"xpath","value":"//span[contains(@id, \"smartTable-header-inner\")]"}
RESULT: {"using":"xpath","value":"//span[contains(@id, \"smartTable-header-inner\")]"}
COMMAND: POST /session/638b8c348501295d6d2539f1a905cf1c/elements - {"using":"xpath","value":"//span[contains(@id, \"smartTable-header-inner\")]"}
RESULT: {"using":"xpath","value":"//span[contains(@id, \"smartTable-header-inner\")]"}
COMMAND: POST /session/638b8c348501295d6d2539f1a905cf1c/execute/sync - {"script":"<script> [56 bytes]","args":[{"element-6066-11e4-a52e-4f735466cecf":"f.AA659E0CE08D0C76D21A3A5289A8AF5F.d.872BBE854DA6F58A29ADE9EB17E27D1E.e.24227","ELEMENT":"f.AA659E0CE08D0C76D21A3A5289A8AF5F.d.872BBE854DA6F58A29ADE9EB17E27D1E.e.24227"}]}
RESULT: {"script":"<script> [56 bytes]","args":[{"element-6066-11e4-a52e-4f735466cecf":"f.AA659E0CE08D0C76D21A3A5289A8AF5F.d.872BBE854DA6F58A29ADE9EB17E27D1E.e.24227","ELEMENT":"f.AA659E0CE08D0C76D21A3A5289A8AF5F.d.872BBE854DA6F58A29ADE9EB17E27D1E.e.24227"}]}
COMMAND: GET /session/638b8c348501295d6d2539f1a905cf1c/screenshot - {}
RESULT: {}
COMMAND: POST /session/638b8c348501295d6d2539f1a905cf1c/execute/sync - {"script":"<script> [56 bytes]","args":[{"element-6066-11e4-a52e-4f735466cecf":"f.AA659E0CE08D0C76D21A3A5289A8AF5F.d.872BBE854DA6F58A29ADE9EB17E27D1E.e.24227","ELEMENT":"f.AA659E0CE08D0C76D21A3A5289A8AF5F.d.872BBE854DA6F58A29ADE9EB17E27D1E.e.24227"}]}
RESULT: {"script":"<script> [56 bytes]","args":[{"element-6066-11e4-a52e-4f735466cecf":"f.AA659E0CE08D0C76D21A3A5289A8AF5F.d.872BBE854DA6F58A29ADE9EB17E27D1E.e.24227","ELEMENT":"f.AA659E0CE08D0C76D21A3A5289A8AF5F.d.872BBE854DA6F58A29ADE9EB17E27D1E.e.24227"}]}
COMMAND: GET /session/638b8c348501295d6d2539f1a905cf1c/screenshot - {}
RESULT: {}
COMMAND: POST /session/638b8c348501295d6d2539f1a905cf1c/execute/sync - {"script":"<script> [56 bytes]","args":[{"element-6066-11e4-a52e-4f735466cecf":"f.AA659E0CE08D0C76D21A3A5289A8AF5F.d.872BBE854DA6F58A29ADE9EB17E27D1E.e.24227","ELEMENT":"f.AA659E0CE08D0C76D21A3A5289A8AF5F.d.872BBE854DA6F58A29ADE9EB17E27D1E.e.24227"}]}
RESULT: {"script":"<script> [56 bytes]","args":[{"element-6066-11e4-a52e-4f735466cecf":"f.AA659E0CE08D0C76D21A3A5289A8AF5F.d.872BBE854DA6F58A29ADE9EB17E27D1E.e.24227","ELEMENT":"f.AA659E0CE08D0C76D21A3A5289A8AF5F.d.872BBE854DA6F58A29ADE9EB17E27D1E.e.24227"}]}
COMMAND: POST /session/638b8c348501295d6d2539f1a905cf1c/element - {"using":"xpath","value":"//table[contains(@id, \"customHandovers\")]//tbody/tr[1]/td[2]/span"}
COMMAND: GET /session/638b8c348501295d6d2539f1a905cf1c/screenshot - {}
RESULT: {"using":"xpath","value":"//table[contains(@id, \"customHandovers\")]//tbody/tr[1]/td[2]/span"}
COMMAND: POST /session/638b8c348501295d6d2539f1a905cf1c/execute/sync - {"script":"<script> [56 bytes]","args":[{"element-6066-11e4-a52e-4f735466cecf":"f.AA659E0CE08D0C76D21A3A5289A8AF5F.d.872BBE854DA6F58A29ADE9EB17E27D1E.e.24245","ELEMENT":"f.AA659E0CE08D0C76D21A3A5289A8AF5F.d.872BBE854DA6F58A29ADE9EB17E27D1E.e.24245"}]}
RESULT: {}
RESULT: {"script":"<script> [56 bytes]","args":[{"element-6066-11e4-a52e-4f735466cecf":"f.AA659E0CE08D0C76D21A3A5289A8AF5F.d.872BBE854DA6F58A29ADE9EB17E27D1E.e.24245","ELEMENT":"f.AA659E0CE08D0C76D21A3A5289A8AF5F.d.872BBE854DA6F58A29ADE9EB17E27D1E.e.24245"}]}
COMMAND: POST /session/638b8c348501295d6d2539f1a905cf1c/element - {"using":"xpath","value":"(//span[contains(@id, \"imgNav\")])[1]"}
COMMAND: GET /session/638b8c348501295d6d2539f1a905cf1c/screenshot - {}
RESULT: {"using":"xpath","value":"(//span[contains(@id, \"imgNav\")])[1]"}
COMMAND: POST /session/638b8c348501295d6d2539f1a905cf1c/element/f.AA659E0CE08D0C76D21A3A5289A8AF5F.d.872BBE854DA6F58A29ADE9EB17E27D1E.e.24243/click - {}
RESULT: {}
RESULT: {}
COMMAND: GET /session/638b8c348501295d6d2539f1a905cf1c/screenshot - {}
RESULT: {}
COMMAND: POST /session/638b8c348501295d6d2539f1a905cf1c/element - {"using":"xpath","value":"//button[@data-kt=\"PickingTableConfirmAllButton\"]"}
RESULT: {"using":"xpath","value":"//button[@data-kt=\"PickingTableConfirmAllButton\"]"}
COMMAND: POST /session/638b8c348501295d6d2539f1a905cf1c/element/f.AA659E0CE08D0C76D21A3A5289A8AF5F.d.872BBE854DA6F58A29ADE9EB17E27D1E.e.24263/click - {}
RESULT: {}
COMMAND: GET /session/638b8c348501295d6d2539f1a905cf1c/screenshot - {}
RESULT: {}
COMMAND: POST /session/638b8c348501295d6d2539f1a905cf1c/element - {"using":"xpath","value":"//bdi[contains(text(), \"OK\")]"}
RESULT: {"using":"xpath","value":"//bdi[contains(text(), \"OK\")]"}
COMMAND: POST /session/638b8c348501295d6d2539f1a905cf1c/element/f.AA659E0CE08D0C76D21A3A5289A8AF5F.d.872BBE854DA6F58A29ADE9EB17E27D1E.e.24292/click - {}
RESULT: {}
COMMAND: GET /session/638b8c348501295d6d2539f1a905cf1c/screenshot - {}
RESULT: {}
COMMAND: POST /session/638b8c348501295d6d2539f1a905cf1c/element - {"using":"xpath","value":"//button[@data-kt=\"execHoIssueButton\"]"}
RESULT: {"using":"xpath","value":"//button[@data-kt=\"execHoIssueButton\"]"}
COMMAND: POST /session/638b8c348501295d6d2539f1a905cf1c/element/f.AA659E0CE08D0C76D21A3A5289A8AF5F.d.872BBE854DA6F58A29ADE9EB17E27D1E.e.24294/click - {}
RESULT: {}
COMMAND: GET /session/638b8c348501295d6d2539f1a905cf1c/screenshot - {}
RESULT: {}
COMMAND: POST /session/638b8c348501295d6d2539f1a905cf1c/element - {"using":"xpath","value":"//input[contains(@id ,\"smartFilterBar-btnBasicSearch-I\")]"}
RESULT: {"using":"xpath","value":"//input[contains(@id ,\"smartFilterBar-btnBasicSearch-I\")]"}
COMMAND: POST /session/638b8c348501295d6d2539f1a905cf1c/elements - {"using":"xpath","value":"//input[contains(@id ,\"smartFilterBar-btnBasicSearch-I\")]"}
RESULT: {"using":"xpath","value":"//input[contains(@id ,\"smartFilterBar-btnBasicSearch-I\")]"}
COMMAND: POST /session/638b8c348501295d6d2539f1a905cf1c/execute/sync - {"script":"<script> [8489 bytes]","args":[{"element-6066-11e4-a52e-4f735466cecf":"f.AA659E0CE08D0C76D21A3A5289A8AF5F.d.872BBE854DA6F58A29ADE9EB17E27D1E.e.23582","ELEMENT":"f.AA659E0CE08D0C76D21A3A5289A8AF5F.d.872BBE854DA6F58A29ADE9EB17E27D1E.e.23582"}]}
RESULT: {"script":"<script> [8489 bytes]","args":[{"element-6066-11e4-a52e-4f735466cecf":"f.AA659E0CE08D0C76D21A3A5289A8AF5F.d.872BBE854DA6F58A29ADE9EB17E27D1E.e.23582","ELEMENT":"f.AA659E0CE08D0C76D21A3A5289A8AF5F.d.872BBE854DA6F58A29ADE9EB17E27D1E.e.23582"}]}
COMMAND: GET /session/638b8c348501295d6d2539f1a905cf1c/element/f.AA659E0CE08D0C76D21A3A5289A8AF5F.d.872BBE854DA6F58A29ADE9EB17E27D1E.e.23582/enabled - {}
COMMAND: GET /session/638b8c348501295d6d2539f1a905cf1c/screenshot - {}
RESULT: {}
COMMAND: POST /session/638b8c348501295d6d2539f1a905cf1c/element/f.AA659E0CE08D0C76D21A3A5289A8AF5F.d.872BBE854DA6F58A29ADE9EB17E27D1E.e.23582/clear - {}
COMMAND: GET /session/638b8c348501295d6d2539f1a905cf1c/screenshot - {}
RESULT: {}
RESULT: {}
COMMAND: POST /session/638b8c348501295d6d2539f1a905cf1c/element/f.AA659E0CE08D0C76D21A3A5289A8AF5F.d.872BBE854DA6F58A29ADE9EB17E27D1E.e.23582/value - {"text":"30691"}
COMMAND: GET /session/638b8c348501295d6d2539f1a905cf1c/screenshot - {}
RESULT: {}
RESULT: {"text":"30691"}
COMMAND: GET /session/638b8c348501295d6d2539f1a905cf1c/screenshot - {}
RESULT: {}
RESULT: {}
COMMAND: POST /session/638b8c348501295d6d2539f1a905cf1c/actions - {"actions":[{"id":"action87","type":"key","parameters":{},"actions":[{"type":"keyDown","value":"î€‡"},{"type":"pause","duration":10},{"type":"keyUp","value":"î€‡"}]}]}
RESULT: {"actions":[{"id":"action87","type":"key","parameters":{},"actions":[{"type":"keyDown","value":"î€‡"},{"type":"pause","duration":10},{"type":"keyUp","value":"î€‡"}]}]}
COMMAND: GET /session/638b8c348501295d6d2539f1a905cf1c/screenshot - {}
RESULT: {}
COMMAND: POST /session/638b8c348501295d6d2539f1a905cf1c/element - {"using":"xpath","value":"//span[contains(@id, \"smartTable-header-inner\")]"}
RESULT: {"using":"xpath","value":"//span[contains(@id, \"smartTable-header-inner\")]"}
COMMAND: POST /session/638b8c348501295d6d2539f1a905cf1c/elements - {"using":"xpath","value":"//span[contains(@id, \"smartTable-header-inner\")]"}
RESULT: {"using":"xpath","value":"//span[contains(@id, \"smartTable-header-inner\")]"}
COMMAND: POST /session/638b8c348501295d6d2539f1a905cf1c/execute/sync - {"script":"<script> [56 bytes]","args":[{"element-6066-11e4-a52e-4f735466cecf":"f.AA659E0CE08D0C76D21A3A5289A8AF5F.d.872BBE854DA6F58A29ADE9EB17E27D1E.e.24227","ELEMENT":"f.AA659E0CE08D0C76D21A3A5289A8AF5F.d.872BBE854DA6F58A29ADE9EB17E27D1E.e.24227"}]}
RESULT: {"script":"<script> [56 bytes]","args":[{"element-6066-11e4-a52e-4f735466cecf":"f.AA659E0CE08D0C76D21A3A5289A8AF5F.d.872BBE854DA6F58A29ADE9EB17E27D1E.e.24227","ELEMENT":"f.AA659E0CE08D0C76D21A3A5289A8AF5F.d.872BBE854DA6F58A29ADE9EB17E27D1E.e.24227"}]}
COMMAND: POST /session/638b8c348501295d6d2539f1a905cf1c/elements - {"using":"xpath","value":"//thead[contains(@class, \"sapMTableTH\")]/tr/th"}
COMMAND: GET /session/638b8c348501295d6d2539f1a905cf1c/screenshot - {}
RESULT: {"using":"xpath","value":"//thead[contains(@class, \"sapMTableTH\")]/tr/th"}
COMMAND: GET /session/638b8c348501295d6d2539f1a905cf1c/element/f.AA659E0CE08D0C76D21A3A5289A8AF5F.d.872BBE854DA6F58A29ADE9EB17E27D1E.e.24330/text - {}
RESULT: {}
RESULT: {}
COMMAND: GET /session/638b8c348501295d6d2539f1a905cf1c/element/f.AA659E0CE08D0C76D21A3A5289A8AF5F.d.872BBE854DA6F58A29ADE9EB17E27D1E.e.24331/text - {}
RESULT: {}
COMMAND: GET /session/638b8c348501295d6d2539f1a905cf1c/element/f.AA659E0CE08D0C76D21A3A5289A8AF5F.d.872BBE854DA6F58A29ADE9EB17E27D1E.e.23576/text - {}
RESULT: {}
COMMAND: GET /session/638b8c348501295d6d2539f1a905cf1c/element/f.AA659E0CE08D0C76D21A3A5289A8AF5F.d.872BBE854DA6F58A29ADE9EB17E27D1E.e.23578/text - {}
RESULT: {}
COMMAND: GET /session/638b8c348501295d6d2539f1a905cf1c/element/f.AA659E0CE08D0C76D21A3A5289A8AF5F.d.872BBE854DA6F58A29ADE9EB17E27D1E.e.24297/text - {}
RESULT: {}
COMMAND: GET /session/638b8c348501295d6d2539f1a905cf1c/element/f.AA659E0CE08D0C76D21A3A5289A8AF5F.d.872BBE854DA6F58A29ADE9EB17E27D1E.e.24298/text - {}
RESULT: {}
COMMAND: GET /session/638b8c348501295d6d2539f1a905cf1c/element/f.AA659E0CE08D0C76D21A3A5289A8AF5F.d.872BBE854DA6F58A29ADE9EB17E27D1E.e.24299/text - {}
RESULT: {}
COMMAND: GET /session/638b8c348501295d6d2539f1a905cf1c/element/f.AA659E0CE08D0C76D21A3A5289A8AF5F.d.872BBE854DA6F58A29ADE9EB17E27D1E.e.24300/text - {}
RESULT: {}
COMMAND: GET /session/638b8c348501295d6d2539f1a905cf1c/element/f.AA659E0CE08D0C76D21A3A5289A8AF5F.d.872BBE854DA6F58A29ADE9EB17E27D1E.e.24301/text - {}
RESULT: {}
COMMAND: GET /session/638b8c348501295d6d2539f1a905cf1c/element/f.AA659E0CE08D0C76D21A3A5289A8AF5F.d.872BBE854DA6F58A29ADE9EB17E27D1E.e.24302/text - {}
RESULT: {}
COMMAND: GET /session/638b8c348501295d6d2539f1a905cf1c/element/f.AA659E0CE08D0C76D21A3A5289A8AF5F.d.872BBE854DA6F58A29ADE9EB17E27D1E.e.24303/text - {}
RESULT: {}
COMMAND: GET /session/638b8c348501295d6d2539f1a905cf1c/element/f.AA659E0CE08D0C76D21A3A5289A8AF5F.d.872BBE854DA6F58A29ADE9EB17E27D1E.e.24304/text - {}
RESULT: {}
COMMAND: GET /session/638b8c348501295d6d2539f1a905cf1c/element/f.AA659E0CE08D0C76D21A3A5289A8AF5F.d.872BBE854DA6F58A29ADE9EB17E27D1E.e.24305/text - {}
RESULT: {}
COMMAND: GET /session/638b8c348501295d6d2539f1a905cf1c/element/f.AA659E0CE08D0C76D21A3A5289A8AF5F.d.872BBE854DA6F58A29ADE9EB17E27D1E.e.23579/text - {}
RESULT: {}
COMMAND: POST /session/638b8c348501295d6d2539f1a905cf1c/element - {"using":"xpath","value":"//tbody[contains(@id, \"customHandoversTable-tblBody\")]/tr[1]/td[14]/div/span"}
RESULT: {"using":"xpath","value":"//tbody[contains(@id, \"customHandoversTable-tblBody\")]/tr[1]/td[14]/div/span"}
COMMAND: POST /session/638b8c348501295d6d2539f1a905cf1c/execute/sync - {"script":"<script> [56 bytes]","args":[{"element-6066-11e4-a52e-4f735466cecf":"f.AA659E0CE08D0C76D21A3A5289A8AF5F.d.872BBE854DA6F58A29ADE9EB17E27D1E.e.24384","ELEMENT":"f.AA659E0CE08D0C76D21A3A5289A8AF5F.d.872BBE854DA6F58A29ADE9EB17E27D1E.e.24384"}]}
RESULT: {"script":"<script> [56 bytes]","args":[{"element-6066-11e4-a52e-4f735466cecf":"f.AA659E0CE08D0C76D21A3A5289A8AF5F.d.872BBE854DA6F58A29ADE9EB17E27D1E.e.24384","ELEMENT":"f.AA659E0CE08D0C76D21A3A5289A8AF5F.d.872BBE854DA6F58A29ADE9EB17E27D1E.e.24384"}]}
COMMAND: POST /session/638b8c348501295d6d2539f1a905cf1c/element - {"using":"xpath","value":"(//span[contains(@id, \"imgNav\")])[1]"}
COMMAND: GET /session/638b8c348501295d6d2539f1a905cf1c/screenshot - {}
RESULT: {"using":"xpath","value":"(//span[contains(@id, \"imgNav\")])[1]"}
COMMAND: POST /session/638b8c348501295d6d2539f1a905cf1c/element/f.AA659E0CE08D0C76D21A3A5289A8AF5F.d.872BBE854DA6F58A29ADE9EB17E27D1E.e.24385/click - {}
RESULT: {}
RESULT: {}
COMMAND: GET /session/638b8c348501295d6d2539f1a905cf1c/screenshot - {}
RESULT: {}
RESULT: undefined
COMMAND: POST /session/638b8c348501295d6d2539f1a905cf1c/execute/async - {"script":"<script> [776 bytes]","args":[{"enterText":"05/23/25","selector":{"id":"receiptDatePicker","viewName":"etm.portal.ui.managehandovers.view.DetailExecuteHO","interaction":{"idSuffix":"inner"}},"clearTextFirst":true,"interactionType":"ENTER_TEXT"}]}
RESULT: {"script":"<script> [776 bytes]","args":[{"enterText":"05/23/25","selector":{"id":"receiptDatePicker","viewName":"etm.portal.ui.managehandovers.view.DetailExecuteHO","interaction":{"idSuffix":"inner"}},"clearTextFirst":true,"interactionType":"ENTER_TEXT"}]}
COMMAND: POST /session/638b8c348501295d6d2539f1a905cf1c/element - {"using":"xpath","value":"//bdi[contains(text(), \"OK\")]"}
RESULT: {"using":"xpath","value":"//bdi[contains(text(), \"OK\")]"}
COMMAND: POST /session/638b8c348501295d6d2539f1a905cf1c/element/f.AA659E0CE08D0C76D21A3A5289A8AF5F.d.872BBE854DA6F58A29ADE9EB17E27D1E.e.24430/click - {}
RESULT: {}
COMMAND: GET /session/638b8c348501295d6d2539f1a905cf1c/screenshot - {}
RESULT: {}
COMMAND: POST /session/638b8c348501295d6d2539f1a905cf1c/element - {"using":"xpath","value":"//button[@data-kt=\"PickingTableConfirmAllButton\"]"}
RESULT: {"using":"xpath","value":"//button[@data-kt=\"PickingTableConfirmAllButton\"]"}
COMMAND: POST /session/638b8c348501295d6d2539f1a905cf1c/element/f.AA659E0CE08D0C76D21A3A5289A8AF5F.d.872BBE854DA6F58A29ADE9EB17E27D1E.e.24414/click - {}
RESULT: {}
COMMAND: GET /session/638b8c348501295d6d2539f1a905cf1c/screenshot - {}
RESULT: {}
COMMAND: POST /session/638b8c348501295d6d2539f1a905cf1c/element - {"using":"xpath","value":"//bdi[contains(text(), \"OK\")]"}
RESULT: {"using":"xpath","value":"//bdi[contains(text(), \"OK\")]"}
COMMAND: POST /session/638b8c348501295d6d2539f1a905cf1c/element/f.AA659E0CE08D0C76D21A3A5289A8AF5F.d.872BBE854DA6F58A29ADE9EB17E27D1E.e.24448/click - {}
RESULT: {}
COMMAND: GET /session/638b8c348501295d6d2539f1a905cf1c/screenshot - {}
RESULT: {}
COMMAND: POST /session/638b8c348501295d6d2539f1a905cf1c/element - {"using":"xpath","value":"//button[@data-kt= \"execHoReceiveButton\"]"}
RESULT: {"using":"xpath","value":"//button[@data-kt= \"execHoReceiveButton\"]"}
COMMAND: POST /session/638b8c348501295d6d2539f1a905cf1c/element/f.AA659E0CE08D0C76D21A3A5289A8AF5F.d.872BBE854DA6F58A29ADE9EB17E27D1E.e.24449/click - {}
RESULT: {}
COMMAND: GET /session/638b8c348501295d6d2539f1a905cf1c/screenshot - {}
RESULT: {}
COMMAND: POST /session/638b8c348501295d6d2539f1a905cf1c/element - {"using":"xpath","value":"//input[contains(@id ,\"smartFilterBar-btnBasicSearch-I\")]"}
RESULT: {"using":"xpath","value":"//input[contains(@id ,\"smartFilterBar-btnBasicSearch-I\")]"}
COMMAND: POST /session/638b8c348501295d6d2539f1a905cf1c/elements - {"using":"xpath","value":"//input[contains(@id ,\"smartFilterBar-btnBasicSearch-I\")]"}
RESULT: {"using":"xpath","value":"//input[contains(@id ,\"smartFilterBar-btnBasicSearch-I\")]"}
COMMAND: POST /session/638b8c348501295d6d2539f1a905cf1c/execute/sync - {"script":"<script> [8489 bytes]","args":[{"element-6066-11e4-a52e-4f735466cecf":"f.AA659E0CE08D0C76D21A3A5289A8AF5F.d.872BBE854DA6F58A29ADE9EB17E27D1E.e.23582","ELEMENT":"f.AA659E0CE08D0C76D21A3A5289A8AF5F.d.872BBE854DA6F58A29ADE9EB17E27D1E.e.23582"}]}
RESULT: {"script":"<script> [8489 bytes]","args":[{"element-6066-11e4-a52e-4f735466cecf":"f.AA659E0CE08D0C76D21A3A5289A8AF5F.d.872BBE854DA6F58A29ADE9EB17E27D1E.e.23582","ELEMENT":"f.AA659E0CE08D0C76D21A3A5289A8AF5F.d.872BBE854DA6F58A29ADE9EB17E27D1E.e.23582"}]}
COMMAND: GET /session/638b8c348501295d6d2539f1a905cf1c/element/f.AA659E0CE08D0C76D21A3A5289A8AF5F.d.872BBE854DA6F58A29ADE9EB17E27D1E.e.23582/enabled - {}
COMMAND: GET /session/638b8c348501295d6d2539f1a905cf1c/screenshot - {}
RESULT: {}
COMMAND: POST /session/638b8c348501295d6d2539f1a905cf1c/element/f.AA659E0CE08D0C76D21A3A5289A8AF5F.d.872BBE854DA6F58A29ADE9EB17E27D1E.e.23582/clear - {}
COMMAND: GET /session/638b8c348501295d6d2539f1a905cf1c/screenshot - {}
RESULT: {}
RESULT: {}
COMMAND: POST /session/638b8c348501295d6d2539f1a905cf1c/element/f.AA659E0CE08D0C76D21A3A5289A8AF5F.d.872BBE854DA6F58A29ADE9EB17E27D1E.e.23582/value - {"text":"30691"}
COMMAND: GET /session/638b8c348501295d6d2539f1a905cf1c/screenshot - {}
RESULT: {}
RESULT: {"text":"30691"}
COMMAND: GET /session/638b8c348501295d6d2539f1a905cf1c/screenshot - {}
RESULT: {}
RESULT: {}
COMMAND: POST /session/638b8c348501295d6d2539f1a905cf1c/actions - {"actions":[{"id":"action88","type":"key","parameters":{},"actions":[{"type":"keyDown","value":"î€‡"},{"type":"pause","duration":10},{"type":"keyUp","value":"î€‡"}]}]}
RESULT: {"actions":[{"id":"action88","type":"key","parameters":{},"actions":[{"type":"keyDown","value":"î€‡"},{"type":"pause","duration":10},{"type":"keyUp","value":"î€‡"}]}]}
COMMAND: GET /session/638b8c348501295d6d2539f1a905cf1c/screenshot - {}
RESULT: {}
COMMAND: POST /session/638b8c348501295d6d2539f1a905cf1c/element - {"using":"xpath","value":"//span[contains(@id, \"smartTable-header-inner\")]"}
RESULT: {"using":"xpath","value":"//span[contains(@id, \"smartTable-header-inner\")]"}
COMMAND: POST /session/638b8c348501295d6d2539f1a905cf1c/elements - {"using":"xpath","value":"//span[contains(@id, \"smartTable-header-inner\")]"}
RESULT: {"using":"xpath","value":"//span[contains(@id, \"smartTable-header-inner\")]"}
COMMAND: POST /session/638b8c348501295d6d2539f1a905cf1c/execute/sync - {"script":"<script> [56 bytes]","args":[{"element-6066-11e4-a52e-4f735466cecf":"f.AA659E0CE08D0C76D21A3A5289A8AF5F.d.872BBE854DA6F58A29ADE9EB17E27D1E.e.24227","ELEMENT":"f.AA659E0CE08D0C76D21A3A5289A8AF5F.d.872BBE854DA6F58A29ADE9EB17E27D1E.e.24227"}]}
RESULT: {"script":"<script> [56 bytes]","args":[{"element-6066-11e4-a52e-4f735466cecf":"f.AA659E0CE08D0C76D21A3A5289A8AF5F.d.872BBE854DA6F58A29ADE9EB17E27D1E.e.24227","ELEMENT":"f.AA659E0CE08D0C76D21A3A5289A8AF5F.d.872BBE854DA6F58A29ADE9EB17E27D1E.e.24227"}]}
COMMAND: POST /session/638b8c348501295d6d2539f1a905cf1c/elements - {"using":"xpath","value":"//thead[contains(@class, \"sapMTableTH\")]/tr/th"}
COMMAND: GET /session/638b8c348501295d6d2539f1a905cf1c/screenshot - {}
RESULT: {"using":"xpath","value":"//thead[contains(@class, \"sapMTableTH\")]/tr/th"}
COMMAND: GET /session/638b8c348501295d6d2539f1a905cf1c/element/f.AA659E0CE08D0C76D21A3A5289A8AF5F.d.872BBE854DA6F58A29ADE9EB17E27D1E.e.24330/text - {}
RESULT: {}
RESULT: {}
COMMAND: GET /session/638b8c348501295d6d2539f1a905cf1c/element/f.AA659E0CE08D0C76D21A3A5289A8AF5F.d.872BBE854DA6F58A29ADE9EB17E27D1E.e.24331/text - {}
RESULT: {}
COMMAND: GET /session/638b8c348501295d6d2539f1a905cf1c/element/f.AA659E0CE08D0C76D21A3A5289A8AF5F.d.872BBE854DA6F58A29ADE9EB17E27D1E.e.23576/text - {}
RESULT: {}
COMMAND: GET /session/638b8c348501295d6d2539f1a905cf1c/element/f.AA659E0CE08D0C76D21A3A5289A8AF5F.d.872BBE854DA6F58A29ADE9EB17E27D1E.e.23578/text - {}
RESULT: {}
COMMAND: GET /session/638b8c348501295d6d2539f1a905cf1c/element/f.AA659E0CE08D0C76D21A3A5289A8AF5F.d.872BBE854DA6F58A29ADE9EB17E27D1E.e.24455/text - {}
RESULT: {}
COMMAND: GET /session/638b8c348501295d6d2539f1a905cf1c/element/f.AA659E0CE08D0C76D21A3A5289A8AF5F.d.872BBE854DA6F58A29ADE9EB17E27D1E.e.24456/text - {}
RESULT: {}
COMMAND: GET /session/638b8c348501295d6d2539f1a905cf1c/element/f.AA659E0CE08D0C76D21A3A5289A8AF5F.d.872BBE854DA6F58A29ADE9EB17E27D1E.e.24457/text - {}
RESULT: {}
COMMAND: GET /session/638b8c348501295d6d2539f1a905cf1c/element/f.AA659E0CE08D0C76D21A3A5289A8AF5F.d.872BBE854DA6F58A29ADE9EB17E27D1E.e.24458/text - {}
RESULT: {}
COMMAND: GET /session/638b8c348501295d6d2539f1a905cf1c/element/f.AA659E0CE08D0C76D21A3A5289A8AF5F.d.872BBE854DA6F58A29ADE9EB17E27D1E.e.24459/text - {}
RESULT: {}
COMMAND: GET /session/638b8c348501295d6d2539f1a905cf1c/element/f.AA659E0CE08D0C76D21A3A5289A8AF5F.d.872BBE854DA6F58A29ADE9EB17E27D1E.e.24460/text - {}
RESULT: {}
COMMAND: GET /session/638b8c348501295d6d2539f1a905cf1c/element/f.AA659E0CE08D0C76D21A3A5289A8AF5F.d.872BBE854DA6F58A29ADE9EB17E27D1E.e.24461/text - {}
RESULT: {}
COMMAND: GET /session/638b8c348501295d6d2539f1a905cf1c/element/f.AA659E0CE08D0C76D21A3A5289A8AF5F.d.872BBE854DA6F58A29ADE9EB17E27D1E.e.24462/text - {}
RESULT: {}
COMMAND: GET /session/638b8c348501295d6d2539f1a905cf1c/element/f.AA659E0CE08D0C76D21A3A5289A8AF5F.d.872BBE854DA6F58A29ADE9EB17E27D1E.e.24463/text - {}
RESULT: {}
COMMAND: GET /session/638b8c348501295d6d2539f1a905cf1c/element/f.AA659E0CE08D0C76D21A3A5289A8AF5F.d.872BBE854DA6F58A29ADE9EB17E27D1E.e.23579/text - {}
RESULT: {}
COMMAND: POST /session/638b8c348501295d6d2539f1a905cf1c/element - {"using":"xpath","value":"//tbody[contains(@id, \"customHandoversTable-tblBody\")]/tr[1]/td[14]/div/span"}
RESULT: {"using":"xpath","value":"//tbody[contains(@id, \"customHandoversTable-tblBody\")]/tr[1]/td[14]/div/span"}
COMMAND: POST /session/638b8c348501295d6d2539f1a905cf1c/execute/sync - {"script":"<script> [56 bytes]","args":[{"element-6066-11e4-a52e-4f735466cecf":"f.AA659E0CE08D0C76D21A3A5289A8AF5F.d.872BBE854DA6F58A29ADE9EB17E27D1E.e.24507","ELEMENT":"f.AA659E0CE08D0C76D21A3A5289A8AF5F.d.872BBE854DA6F58A29ADE9EB17E27D1E.e.24507"}]}
RESULT: {"script":"<script> [56 bytes]","args":[{"element-6066-11e4-a52e-4f735466cecf":"f.AA659E0CE08D0C76D21A3A5289A8AF5F.d.872BBE854DA6F58A29ADE9EB17E27D1E.e.24507","ELEMENT":"f.AA659E0CE08D0C76D21A3A5289A8AF5F.d.872BBE854DA6F58A29ADE9EB17E27D1E.e.24507"}]}
COMMAND: POST /session/638b8c348501295d6d2539f1a905cf1c/element - {"using":"css selector","value":"#shell-header-logo"}
COMMAND: GET /session/638b8c348501295d6d2539f1a905cf1c/screenshot - {}
RESULT: {"using":"css selector","value":"#shell-header-logo"}
COMMAND: POST /session/638b8c348501295d6d2539f1a905cf1c/element/f.AA659E0CE08D0C76D21A3A5289A8AF5F.d.872BBE854DA6F58A29ADE9EB17E27D1E.e.23222/click - {}
RESULT: {}
RESULT: {}
COMMAND: GET /session/638b8c348501295d6d2539f1a905cf1c/screenshot - {}
RESULT: {}
]]></system-out>
    </testcase>
    <testcase classname="chrome.135_0_7049_96.windows.Billing_Calculation_-_Time_based_(considering_transport_times)_US139738" name="Should do another billing run but in around 17 days from today" time="60.716">
      <system-out><![CDATA[
RESULT: undefined
COMMAND: POST /session/638b8c348501295d6d2539f1a905cf1c/element - {"using":"xpath","value":"//*[@id=\"__tile51\"]"}
RESULT: {"using":"xpath","value":"//*[@id=\"__tile51\"]"}
COMMAND: POST /session/638b8c348501295d6d2539f1a905cf1c/element/f.AA659E0CE08D0C76D21A3A5289A8AF5F.d.872BBE854DA6F58A29ADE9EB17E27D1E.e.18575/click - {}
RESULT: {}
COMMAND: GET /session/638b8c348501295d6d2539f1a905cf1c/screenshot - {}
RESULT: undefined
COMMAND: POST /session/638b8c348501295d6d2539f1a905cf1c/execute/async - {"script":"<script> [776 bytes]","args":[{"enterText":"10474","selector":{"id":"application-managebillings-display-component---billRunCalcResult--smartFilterBar-btnBasicSearch","interaction":{"idSuffix":"I"}},"clearTextFirst":true,"interactionType":"ENTER_TEXT"}]}
RESULT: {}
RESULT: {"script":"<script> [776 bytes]","args":[{"enterText":"10474","selector":{"id":"application-managebillings-display-component---billRunCalcResult--smartFilterBar-btnBasicSearch","interaction":{"idSuffix":"I"}},"clearTextFirst":true,"interactionType":"ENTER_TEXT"}]}
COMMAND: POST /session/638b8c348501295d6d2539f1a905cf1c/actions - {"actions":[{"id":"action89","type":"key","parameters":{},"actions":[{"type":"keyDown","value":"î€‡"},{"type":"pause","duration":10},{"type":"keyUp","value":"î€‡"}]}]}
RESULT: {"actions":[{"id":"action89","type":"key","parameters":{},"actions":[{"type":"keyDown","value":"î€‡"},{"type":"pause","duration":10},{"type":"keyUp","value":"î€‡"}]}]}
COMMAND: GET /session/638b8c348501295d6d2539f1a905cf1c/screenshot - {}
RESULT: {}
COMMAND: POST /session/638b8c348501295d6d2539f1a905cf1c/element - {"using":"xpath","value":"//td[@aria-colindex=\"1\"]/div/div[contains(@class, \"sapMCbBg\")]"}
RESULT: {"using":"xpath","value":"//td[@aria-colindex=\"1\"]/div/div[contains(@class, \"sapMCbBg\")]"}
COMMAND: POST /session/638b8c348501295d6d2539f1a905cf1c/element/f.AA659E0CE08D0C76D21A3A5289A8AF5F.d.872BBE854DA6F58A29ADE9EB17E27D1E.e.24735/click - {}
RESULT: {}
COMMAND: GET /session/638b8c348501295d6d2539f1a905cf1c/screenshot - {}
RESULT: {}
RESULT: undefined
COMMAND: POST /session/638b8c348501295d6d2539f1a905cf1c/execute/async - {"script":"<script> [776 bytes]","args":[{"enterText":"05/19/25","selector":{"id":"application-managebillings-display-component---billRunCalcResult--contractBillRunDate","interaction":{"idSuffix":"inner"}},"clearTextFirst":true,"interactionType":"ENTER_TEXT"}]}
RESULT: {"script":"<script> [776 bytes]","args":[{"enterText":"05/19/25","selector":{"id":"application-managebillings-display-component---billRunCalcResult--contractBillRunDate","interaction":{"idSuffix":"inner"}},"clearTextFirst":true,"interactionType":"ENTER_TEXT"}]}
COMMAND: POST /session/638b8c348501295d6d2539f1a905cf1c/element - {"using":"xpath","value":"//bdi[contains(text(), \"Trigger Calculation\")]"}
RESULT: {"using":"xpath","value":"//bdi[contains(text(), \"Trigger Calculation\")]"}
COMMAND: POST /session/638b8c348501295d6d2539f1a905cf1c/element/f.AA659E0CE08D0C76D21A3A5289A8AF5F.d.872BBE854DA6F58A29ADE9EB17E27D1E.e.24750/click - {}
RESULT: {}
COMMAND: GET /session/638b8c348501295d6d2539f1a905cf1c/screenshot - {}
RESULT: {}
COMMAND: POST /session/638b8c348501295d6d2539f1a905cf1c/element - {"using":"xpath","value":"(//span[contains(@id, \"imgNav\")])[1]"}
RESULT: {"using":"xpath","value":"(//span[contains(@id, \"imgNav\")])[1]"}
COMMAND: POST /session/638b8c348501295d6d2539f1a905cf1c/element/f.AA659E0CE08D0C76D21A3A5289A8AF5F.d.872BBE854DA6F58A29ADE9EB17E27D1E.e.24731/click - {}
RESULT: {}
COMMAND: GET /session/638b8c348501295d6d2539f1a905cf1c/screenshot - {}
RESULT: {}
COMMAND: POST /session/638b8c348501295d6d2539f1a905cf1c/element - {"using":"xpath","value":"//tr/td[6]/div[1]/span[1]/span[1]"}
RESULT: {"using":"xpath","value":"//tr/td[6]/div[1]/span[1]/span[1]"}
COMMAND: GET /session/638b8c348501295d6d2539f1a905cf1c/element/f.AA659E0CE08D0C76D21A3A5289A8AF5F.d.872BBE854DA6F58A29ADE9EB17E27D1E.e.24755/text - {}
RESULT: {}
COMMAND: POST /session/638b8c348501295d6d2539f1a905cf1c/element - {"using":"xpath","value":"(//span[contains(@id, \"imgNav\")])[2]"}
RESULT: {"using":"xpath","value":"(//span[contains(@id, \"imgNav\")])[2]"}
COMMAND: POST /session/638b8c348501295d6d2539f1a905cf1c/element/f.AA659E0CE08D0C76D21A3A5289A8AF5F.d.872BBE854DA6F58A29ADE9EB17E27D1E.e.24756/click - {}
RESULT: {}
COMMAND: POST /session/638b8c348501295d6d2539f1a905cf1c/element - {"using":"xpath","value":"//bdi[contains(text(), \"Business Confirm\")]"}
COMMAND: GET /session/638b8c348501295d6d2539f1a905cf1c/screenshot - {}
RESULT: {"using":"xpath","value":"//bdi[contains(text(), \"Business Confirm\")]"}
COMMAND: POST /session/638b8c348501295d6d2539f1a905cf1c/elements - {"using":"xpath","value":"//bdi[contains(text(), \"Business Confirm\")]"}
RESULT: {}
RESULT: {"using":"xpath","value":"//bdi[contains(text(), \"Business Confirm\")]"}
COMMAND: POST /session/638b8c348501295d6d2539f1a905cf1c/element - {"using":"xpath","value":"//bdi[contains(text(), \"Business Confirm\")]"}
RESULT: {"using":"xpath","value":"//bdi[contains(text(), \"Business Confirm\")]"}
COMMAND: POST /session/638b8c348501295d6d2539f1a905cf1c/element/f.AA659E0CE08D0C76D21A3A5289A8AF5F.d.872BBE854DA6F58A29ADE9EB17E27D1E.e.24759/click - {}
COMMAND: POST /session/638b8c348501295d6d2539f1a905cf1c/element - {"using":"xpath","value":"//bdi[contains(text(), \"Business Confirm\")]"}
RESULT: {"using":"xpath","value":"//bdi[contains(text(), \"Business Confirm\")]"}
COMMAND: POST /session/638b8c348501295d6d2539f1a905cf1c/element/f.AA659E0CE08D0C76D21A3A5289A8AF5F.d.872BBE854DA6F58A29ADE9EB17E27D1E.e.24759/click - {}
COMMAND: POST /session/638b8c348501295d6d2539f1a905cf1c/element - {"using":"xpath","value":"//bdi[contains(text(), \"Business Confirm\")]"}
RESULT: {"using":"xpath","value":"//bdi[contains(text(), \"Business Confirm\")]"}
COMMAND: POST /session/638b8c348501295d6d2539f1a905cf1c/element/f.AA659E0CE08D0C76D21A3A5289A8AF5F.d.872BBE854DA6F58A29ADE9EB17E27D1E.e.24805/click - {}
RESULT: {}
COMMAND: POST /session/638b8c348501295d6d2539f1a905cf1c/element - {"using":"css selector","value":"#shell-header-logo"}
COMMAND: GET /session/638b8c348501295d6d2539f1a905cf1c/screenshot - {}
RESULT: {"using":"css selector","value":"#shell-header-logo"}
COMMAND: POST /session/638b8c348501295d6d2539f1a905cf1c/element/f.AA659E0CE08D0C76D21A3A5289A8AF5F.d.872BBE854DA6F58A29ADE9EB17E27D1E.e.24511/click - {}
RESULT: {}
RESULT: {}
COMMAND: GET /session/638b8c348501295d6d2539f1a905cf1c/screenshot - {}
RESULT: {}
]]></system-out>
    </testcase>
  </testsuite>
</testsuites>