<?xml version="1.0" encoding="UTF-8"?>
<testsuites tests="58" failures="0" errors="0" skipped="0">
  <testsuite timestamp="2025-04-19T17:12:55" time="847.15" tests="11" failures="0" errors="0" skipped="0">
    <properties>
      <property name="specId" value="0"/>
      <property name="suiteName" value="Billing confirm US117289"/>
      <property name="capabilities" value="chrome.135_0_7049_42.windows"/>
      <property name="file" value="file:///D:/a/1/s/test/specs/BTS/billing-confirm.spec.js"/>
    </properties>
    <testcase classname="chrome.135_0_7049_42.windows.Billing_confirm_US117289" name="Should create a new yard" time="92.64">
      <system-out><![CDATA[
COMMAND: POST /session/799be37928140a71a03c3bbe373ba355/window/fullscreen - {}
RESULT: {}
COMMAND: POST /session/799be37928140a71a03c3bbe373ba355/execute/async - {"script":"<script> [1562 bytes]","args":[{"selector":{"controlType":"sap.m.GenericTile","properties":{"header":"Manage Yards"}},"wdio_ui5_key":"sapm.GenericTile{\"header\":\"Manage Yards\"}"}]}
RESULT: {"script":"<script> [1562 bytes]","args":[{"selector":{"controlType":"sap.m.GenericTile","properties":{"header":"Manage Yards"}},"wdio_ui5_key":"sapm.GenericTile{\"header\":\"Manage Yards\"}"}]}
RESULT: undefined
COMMAND: POST /session/799be37928140a71a03c3bbe373ba355/element - {"using":"xpath","value":"//*[@id=\"__tile41\"]"}
RESULT: {"using":"xpath","value":"//*[@id=\"__tile41\"]"}
COMMAND: POST /session/799be37928140a71a03c3bbe373ba355/element/f.19D3A8A536C023AFD4E776B255E62FBE.d.A0314AF981E88657912D6F050B82FBD2.e.145/click - {}
RESULT: {}
COMMAND: POST /session/799be37928140a71a03c3bbe373ba355/element - {"using":"xpath","value":"//button[@data-kt=\"addNewYardOverflowToolbarButton\"]"}
COMMAND: GET /session/799be37928140a71a03c3bbe373ba355/screenshot - {}
RESULT: {"using":"xpath","value":"//button[@data-kt=\"addNewYardOverflowToolbarButton\"]"}
COMMAND: POST /session/799be37928140a71a03c3bbe373ba355/elements - {"using":"xpath","value":"//button[@data-kt=\"addNewYardOverflowToolbarButton\"]"}
RESULT: {}
RESULT: {"using":"xpath","value":"//button[@data-kt=\"addNewYardOverflowToolbarButton\"]"}
COMMAND: POST /session/799be37928140a71a03c3bbe373ba355/elements - {"using":"xpath","value":"//button[@data-kt=\"addNewYardOverflowToolbarButton\"]"}
RESULT: {"using":"xpath","value":"//button[@data-kt=\"addNewYardOverflowToolbarButton\"]"}
COMMAND: POST /session/799be37928140a71a03c3bbe373ba355/elements - {"using":"xpath","value":"//button[@data-kt=\"addNewYardOverflowToolbarButton\"]"}
RESULT: {"using":"xpath","value":"//button[@data-kt=\"addNewYardOverflowToolbarButton\"]"}
COMMAND: POST /session/799be37928140a71a03c3bbe373ba355/elements - {"using":"xpath","value":"//button[@data-kt=\"addNewYardOverflowToolbarButton\"]"}
RESULT: {"using":"xpath","value":"//button[@data-kt=\"addNewYardOverflowToolbarButton\"]"}
COMMAND: POST /session/799be37928140a71a03c3bbe373ba355/elements - {"using":"xpath","value":"//button[@data-kt=\"addNewYardOverflowToolbarButton\"]"}
RESULT: {"using":"xpath","value":"//button[@data-kt=\"addNewYardOverflowToolbarButton\"]"}
COMMAND: POST /session/799be37928140a71a03c3bbe373ba355/elements - {"using":"xpath","value":"//button[@data-kt=\"addNewYardOverflowToolbarButton\"]"}
RESULT: {"using":"xpath","value":"//button[@data-kt=\"addNewYardOverflowToolbarButton\"]"}
COMMAND: POST /session/799be37928140a71a03c3bbe373ba355/elements - {"using":"xpath","value":"//button[@data-kt=\"addNewYardOverflowToolbarButton\"]"}
RESULT: {"using":"xpath","value":"//button[@data-kt=\"addNewYardOverflowToolbarButton\"]"}
COMMAND: POST /session/799be37928140a71a03c3bbe373ba355/elements - {"using":"xpath","value":"//button[@data-kt=\"addNewYardOverflowToolbarButton\"]"}
RESULT: {"using":"xpath","value":"//button[@data-kt=\"addNewYardOverflowToolbarButton\"]"}
COMMAND: POST /session/799be37928140a71a03c3bbe373ba355/elements - {"using":"xpath","value":"//button[@data-kt=\"addNewYardOverflowToolbarButton\"]"}
RESULT: {"using":"xpath","value":"//button[@data-kt=\"addNewYardOverflowToolbarButton\"]"}
COMMAND: POST /session/799be37928140a71a03c3bbe373ba355/elements - {"using":"xpath","value":"//button[@data-kt=\"addNewYardOverflowToolbarButton\"]"}
RESULT: {"using":"xpath","value":"//button[@data-kt=\"addNewYardOverflowToolbarButton\"]"}
COMMAND: POST /session/799be37928140a71a03c3bbe373ba355/elements - {"using":"xpath","value":"//button[@data-kt=\"addNewYardOverflowToolbarButton\"]"}
RESULT: {"using":"xpath","value":"//button[@data-kt=\"addNewYardOverflowToolbarButton\"]"}
COMMAND: POST /session/799be37928140a71a03c3bbe373ba355/elements - {"using":"xpath","value":"//button[@data-kt=\"addNewYardOverflowToolbarButton\"]"}
RESULT: {"using":"xpath","value":"//button[@data-kt=\"addNewYardOverflowToolbarButton\"]"}
COMMAND: POST /session/799be37928140a71a03c3bbe373ba355/elements - {"using":"xpath","value":"//button[@data-kt=\"addNewYardOverflowToolbarButton\"]"}
RESULT: {"using":"xpath","value":"//button[@data-kt=\"addNewYardOverflowToolbarButton\"]"}
COMMAND: POST /session/799be37928140a71a03c3bbe373ba355/elements - {"using":"xpath","value":"//button[@data-kt=\"addNewYardOverflowToolbarButton\"]"}
RESULT: {"using":"xpath","value":"//button[@data-kt=\"addNewYardOverflowToolbarButton\"]"}
COMMAND: POST /session/799be37928140a71a03c3bbe373ba355/elements - {"using":"xpath","value":"//button[@data-kt=\"addNewYardOverflowToolbarButton\"]"}
RESULT: {"using":"xpath","value":"//button[@data-kt=\"addNewYardOverflowToolbarButton\"]"}
COMMAND: POST /session/799be37928140a71a03c3bbe373ba355/elements - {"using":"xpath","value":"//button[@data-kt=\"addNewYardOverflowToolbarButton\"]"}
RESULT: {"using":"xpath","value":"//button[@data-kt=\"addNewYardOverflowToolbarButton\"]"}
COMMAND: POST /session/799be37928140a71a03c3bbe373ba355/elements - {"using":"xpath","value":"//button[@data-kt=\"addNewYardOverflowToolbarButton\"]"}
RESULT: {"using":"xpath","value":"//button[@data-kt=\"addNewYardOverflowToolbarButton\"]"}
COMMAND: POST /session/799be37928140a71a03c3bbe373ba355/elements - {"using":"xpath","value":"//button[@data-kt=\"addNewYardOverflowToolbarButton\"]"}
RESULT: {"using":"xpath","value":"//button[@data-kt=\"addNewYardOverflowToolbarButton\"]"}
COMMAND: POST /session/799be37928140a71a03c3bbe373ba355/elements - {"using":"xpath","value":"//button[@data-kt=\"addNewYardOverflowToolbarButton\"]"}
RESULT: {"using":"xpath","value":"//button[@data-kt=\"addNewYardOverflowToolbarButton\"]"}
COMMAND: POST /session/799be37928140a71a03c3bbe373ba355/elements - {"using":"xpath","value":"//button[@data-kt=\"addNewYardOverflowToolbarButton\"]"}
RESULT: {"using":"xpath","value":"//button[@data-kt=\"addNewYardOverflowToolbarButton\"]"}
COMMAND: POST /session/799be37928140a71a03c3bbe373ba355/elements - {"using":"xpath","value":"//button[@data-kt=\"addNewYardOverflowToolbarButton\"]"}
RESULT: {"using":"xpath","value":"//button[@data-kt=\"addNewYardOverflowToolbarButton\"]"}
COMMAND: POST /session/799be37928140a71a03c3bbe373ba355/element - {"using":"xpath","value":"//button[@data-kt=\"addNewYardOverflowToolbarButton\"]"}
RESULT: {"using":"xpath","value":"//button[@data-kt=\"addNewYardOverflowToolbarButton\"]"}
COMMAND: POST /session/799be37928140a71a03c3bbe373ba355/execute/sync - {"script":"<script> [8489 bytes]","args":[{"element-6066-11e4-a52e-4f735466cecf":"f.19D3A8A536C023AFD4E776B255E62FBE.d.A0314AF981E88657912D6F050B82FBD2.e.280","ELEMENT":"f.19D3A8A536C023AFD4E776B255E62FBE.d.A0314AF981E88657912D6F050B82FBD2.e.280"}]}
RESULT: {"script":"<script> [8489 bytes]","args":[{"element-6066-11e4-a52e-4f735466cecf":"f.19D3A8A536C023AFD4E776B255E62FBE.d.A0314AF981E88657912D6F050B82FBD2.e.280","ELEMENT":"f.19D3A8A536C023AFD4E776B255E62FBE.d.A0314AF981E88657912D6F050B82FBD2.e.280"}]}
COMMAND: GET /session/799be37928140a71a03c3bbe373ba355/element/f.19D3A8A536C023AFD4E776B255E62FBE.d.A0314AF981E88657912D6F050B82FBD2.e.280/enabled - {}
COMMAND: GET /session/799be37928140a71a03c3bbe373ba355/screenshot - {}
RESULT: {}
COMMAND: POST /session/799be37928140a71a03c3bbe373ba355/execute/sync - {"script":"<script> [8489 bytes]","args":[{"element-6066-11e4-a52e-4f735466cecf":"f.19D3A8A536C023AFD4E776B255E62FBE.d.A0314AF981E88657912D6F050B82FBD2.e.280","ELEMENT":"f.19D3A8A536C023AFD4E776B255E62FBE.d.A0314AF981E88657912D6F050B82FBD2.e.280"}]}
COMMAND: GET /session/799be37928140a71a03c3bbe373ba355/screenshot - {}
RESULT: {}
RESULT: {"script":"<script> [8489 bytes]","args":[{"element-6066-11e4-a52e-4f735466cecf":"f.19D3A8A536C023AFD4E776B255E62FBE.d.A0314AF981E88657912D6F050B82FBD2.e.280","ELEMENT":"f.19D3A8A536C023AFD4E776B255E62FBE.d.A0314AF981E88657912D6F050B82FBD2.e.280"}]}
COMMAND: POST /session/799be37928140a71a03c3bbe373ba355/execute/sync - {"script":"<script> [5351 bytes]","args":[{"element-6066-11e4-a52e-4f735466cecf":"f.19D3A8A536C023AFD4E776B255E62FBE.d.A0314AF981E88657912D6F050B82FBD2.e.280","ELEMENT":"f.19D3A8A536C023AFD4E776B255E62FBE.d.A0314AF981E88657912D6F050B82FBD2.e.280"}]}
COMMAND: GET /session/799be37928140a71a03c3bbe373ba355/screenshot - {}
RESULT: {}
RESULT: {"script":"<script> [5351 bytes]","args":[{"element-6066-11e4-a52e-4f735466cecf":"f.19D3A8A536C023AFD4E776B255E62FBE.d.A0314AF981E88657912D6F050B82FBD2.e.280","ELEMENT":"f.19D3A8A536C023AFD4E776B255E62FBE.d.A0314AF981E88657912D6F050B82FBD2.e.280"}]}
COMMAND: POST /session/799be37928140a71a03c3bbe373ba355/element/f.19D3A8A536C023AFD4E776B255E62FBE.d.A0314AF981E88657912D6F050B82FBD2.e.280/click - {}
COMMAND: GET /session/799be37928140a71a03c3bbe373ba355/screenshot - {}
RESULT: {}
RESULT: {}
COMMAND: GET /session/799be37928140a71a03c3bbe373ba355/screenshot - {}
COMMAND: POST /session/799be37928140a71a03c3bbe373ba355/element - {"using":"xpath","value":"//input[@id=\"application-manageyards-display-component---NewYard--yardId-inner\"]"}
RESULT: {}
RESULT: {}
RESULT: {"using":"xpath","value":"//input[@id=\"application-manageyards-display-component---NewYard--yardId-inner\"]"}
COMMAND: POST /session/799be37928140a71a03c3bbe373ba355/element - {"using":"xpath","value":"//input[@id=\"application-manageyards-display-component---NewYard--yardId-inner\"]"}
RESULT: {"using":"xpath","value":"//input[@id=\"application-manageyards-display-component---NewYard--yardId-inner\"]"}
COMMAND: POST /session/799be37928140a71a03c3bbe373ba355/execute/async - {"script":"<script> [1562 bytes]","args":[{"selector":{"id":"application-manageyards-display-component---NewYard--addressDetailDetailsName1","interaction":{"idSuffix":"inner"}},"wdio_ui5_key":"applicationmanageyards-display-component---NewYard--addressDetailDetailsName1"}]}
RESULT: {"script":"<script> [1562 bytes]","args":[{"selector":{"id":"application-manageyards-display-component---NewYard--addressDetailDetailsName1","interaction":{"idSuffix":"inner"}},"wdio_ui5_key":"applicationmanageyards-display-component---NewYard--addressDetailDetailsName1"}]}
RESULT: undefined
COMMAND: POST /session/799be37928140a71a03c3bbe373ba355/execute/async - {"script":"<script> [776 bytes]","args":[{"enterText":"Intracompany Yard wdIO","selector":{"id":"application-manageyards-display-component---NewYard--addressDetailDetailsName1","interaction":{"idSuffix":"inner"}},"clearTextFirst":true,"interactionType":"ENTER_TEXT"}]}
RESULT: {"script":"<script> [776 bytes]","args":[{"enterText":"Intracompany Yard wdIO","selector":{"id":"application-manageyards-display-component---NewYard--addressDetailDetailsName1","interaction":{"idSuffix":"inner"}},"clearTextFirst":true,"interactionType":"ENTER_TEXT"}]}
COMMAND: POST /session/799be37928140a71a03c3bbe373ba355/execute/async - {"script":"<script> [1562 bytes]","args":[{"selector":{"id":"application-manageyards-display-component---NewYard--addressDetailDetailsLanguage-arrow"},"wdio_ui5_key":"applicationmanageyards-display-component---NewYard--addressDetailDetailsLanguage-arrow"}]}
RESULT: {"script":"<script> [1562 bytes]","args":[{"selector":{"id":"application-manageyards-display-component---NewYard--addressDetailDetailsLanguage-arrow"},"wdio_ui5_key":"applicationmanageyards-display-component---NewYard--addressDetailDetailsLanguage-arrow"}]}
RESULT: undefined
COMMAND: POST /session/799be37928140a71a03c3bbe373ba355/element - {"using":"xpath","value":"//*[@id=\"application-manageyards-display-component---NewYard--addressDetailDetailsLanguage-arrow\"]"}
RESULT: {"using":"xpath","value":"//*[@id=\"application-manageyards-display-component---NewYard--addressDetailDetailsLanguage-arrow\"]"}
COMMAND: POST /session/799be37928140a71a03c3bbe373ba355/element/f.19D3A8A536C023AFD4E776B255E62FBE.d.A0314AF981E88657912D6F050B82FBD2.e.713/click - {}
RESULT: {}
COMMAND: POST /session/799be37928140a71a03c3bbe373ba355/element - {"using":"xpath","value":"//span[contains(text(), \"English\")]"}
COMMAND: GET /session/799be37928140a71a03c3bbe373ba355/screenshot - {}
RESULT: {"using":"xpath","value":"//span[contains(text(), \"English\")]"}
COMMAND: POST /session/799be37928140a71a03c3bbe373ba355/element/f.19D3A8A536C023AFD4E776B255E62FBE.d.A0314AF981E88657912D6F050B82FBD2.e.714/click - {}
RESULT: {}
RESULT: {}
COMMAND: POST /session/799be37928140a71a03c3bbe373ba355/execute/async - {"script":"<script> [1562 bytes]","args":[{"selector":{"id":"application-manageyards-display-component---NewYard--addressDetailDetailsCity1","interaction":{"idSuffix":"inner"}},"wdio_ui5_key":"applicationmanageyards-display-component---NewYard--addressDetailDetailsCity1"}]}
COMMAND: GET /session/799be37928140a71a03c3bbe373ba355/screenshot - {}
RESULT: {"script":"<script> [1562 bytes]","args":[{"selector":{"id":"application-manageyards-display-component---NewYard--addressDetailDetailsCity1","interaction":{"idSuffix":"inner"}},"wdio_ui5_key":"applicationmanageyards-display-component---NewYard--addressDetailDetailsCity1"}]}
RESULT: undefined
COMMAND: POST /session/799be37928140a71a03c3bbe373ba355/execute/async - {"script":"<script> [776 bytes]","args":[{"enterText":"Rosario","selector":{"id":"application-manageyards-display-component---NewYard--addressDetailDetailsCity1","interaction":{"idSuffix":"inner"}},"clearTextFirst":true,"interactionType":"ENTER_TEXT"}]}
RESULT: {}
RESULT: {"script":"<script> [776 bytes]","args":[{"enterText":"Rosario","selector":{"id":"application-manageyards-display-component---NewYard--addressDetailDetailsCity1","interaction":{"idSuffix":"inner"}},"clearTextFirst":true,"interactionType":"ENTER_TEXT"}]}
COMMAND: POST /session/799be37928140a71a03c3bbe373ba355/execute/async - {"script":"<script> [1562 bytes]","args":[{"selector":{"id":"application-manageyards-display-component---NewYard--addressDetailDetailsCountry-arrow"},"wdio_ui5_key":"applicationmanageyards-display-component---NewYard--addressDetailDetailsCountry-arrow"}]}
RESULT: {"script":"<script> [1562 bytes]","args":[{"selector":{"id":"application-manageyards-display-component---NewYard--addressDetailDetailsCountry-arrow"},"wdio_ui5_key":"applicationmanageyards-display-component---NewYard--addressDetailDetailsCountry-arrow"}]}
RESULT: undefined
COMMAND: POST /session/799be37928140a71a03c3bbe373ba355/element - {"using":"xpath","value":"//*[@id=\"application-manageyards-display-component---NewYard--addressDetailDetailsCountry-arrow\"]"}
RESULT: {"using":"xpath","value":"//*[@id=\"application-manageyards-display-component---NewYard--addressDetailDetailsCountry-arrow\"]"}
COMMAND: POST /session/799be37928140a71a03c3bbe373ba355/element/f.19D3A8A536C023AFD4E776B255E62FBE.d.A0314AF981E88657912D6F050B82FBD2.e.716/click - {}
RESULT: {}
COMMAND: POST /session/799be37928140a71a03c3bbe373ba355/element - {"using":"xpath","value":"//span[contains(text(), \"Argentina\")]"}
COMMAND: GET /session/799be37928140a71a03c3bbe373ba355/screenshot - {}
RESULT: {"using":"xpath","value":"//span[contains(text(), \"Argentina\")]"}
COMMAND: POST /session/799be37928140a71a03c3bbe373ba355/element/f.19D3A8A536C023AFD4E776B255E62FBE.d.A0314AF981E88657912D6F050B82FBD2.e.717/click - {}
RESULT: {}
RESULT: {}
COMMAND: POST /session/799be37928140a71a03c3bbe373ba355/execute/async - {"script":"<script> [1562 bytes]","args":[{"selector":{"id":"application-manageyards-display-component---NewYard--addressEditDetailsCostObjectCstType-arrow"},"wdio_ui5_key":"applicationmanageyards-display-component---NewYard--addressEditDetailsCostObjectCstType-arrow"}]}
COMMAND: GET /session/799be37928140a71a03c3bbe373ba355/screenshot - {}
RESULT: {"script":"<script> [1562 bytes]","args":[{"selector":{"id":"application-manageyards-display-component---NewYard--addressEditDetailsCostObjectCstType-arrow"},"wdio_ui5_key":"applicationmanageyards-display-component---NewYard--addressEditDetailsCostObjectCstType-arrow"}]}
RESULT: undefined
COMMAND: POST /session/799be37928140a71a03c3bbe373ba355/element - {"using":"xpath","value":"//*[@id=\"application-manageyards-display-component---NewYard--addressEditDetailsCostObjectCstType-arrow\"]"}
RESULT: {}
RESULT: {"using":"xpath","value":"//*[@id=\"application-manageyards-display-component---NewYard--addressEditDetailsCostObjectCstType-arrow\"]"}
COMMAND: POST /session/799be37928140a71a03c3bbe373ba355/element/f.19D3A8A536C023AFD4E776B255E62FBE.d.A0314AF981E88657912D6F050B82FBD2.e.719/click - {}
RESULT: {}
COMMAND: POST /session/799be37928140a71a03c3bbe373ba355/element - {"using":"xpath","value":"//span[contains(text(), \"Cost Center\")]"}
COMMAND: GET /session/799be37928140a71a03c3bbe373ba355/screenshot - {}
RESULT: {"using":"xpath","value":"//span[contains(text(), \"Cost Center\")]"}
COMMAND: POST /session/799be37928140a71a03c3bbe373ba355/element/f.19D3A8A536C023AFD4E776B255E62FBE.d.A0314AF981E88657912D6F050B82FBD2.e.720/click - {}
RESULT: {}
RESULT: {}
COMMAND: GET /session/799be37928140a71a03c3bbe373ba355/screenshot - {}
RESULT: {}
COMMAND: POST /session/799be37928140a71a03c3bbe373ba355/element - {"using":"xpath","value":"//span[@id=\"application-manageyards-display-component---NewYard--addressNewCostObjectCstID-vhi\"]"}
RESULT: {"using":"xpath","value":"//span[@id=\"application-manageyards-display-component---NewYard--addressNewCostObjectCstID-vhi\"]"}
COMMAND: POST /session/799be37928140a71a03c3bbe373ba355/execute/sync - {"script":"<script> [8489 bytes]","args":[{"element-6066-11e4-a52e-4f735466cecf":"f.19D3A8A536C023AFD4E776B255E62FBE.d.A0314AF981E88657912D6F050B82FBD2.e.723","ELEMENT":"f.19D3A8A536C023AFD4E776B255E62FBE.d.A0314AF981E88657912D6F050B82FBD2.e.723"}]}
RESULT: {"script":"<script> [8489 bytes]","args":[{"element-6066-11e4-a52e-4f735466cecf":"f.19D3A8A536C023AFD4E776B255E62FBE.d.A0314AF981E88657912D6F050B82FBD2.e.723","ELEMENT":"f.19D3A8A536C023AFD4E776B255E62FBE.d.A0314AF981E88657912D6F050B82FBD2.e.723"}]}
COMMAND: POST /session/799be37928140a71a03c3bbe373ba355/execute/async - {"script":"<script> [1562 bytes]","args":[{"selector":{"id":"application-manageyards-display-component---NewYard--addressNewCostObjectCstID-vhi"},"wdio_ui5_key":"applicationmanageyards-display-component---NewYard--addressNewCostObjectCstID-vhi"}]}
COMMAND: GET /session/799be37928140a71a03c3bbe373ba355/screenshot - {}
RESULT: {"script":"<script> [1562 bytes]","args":[{"selector":{"id":"application-manageyards-display-component---NewYard--addressNewCostObjectCstID-vhi"},"wdio_ui5_key":"applicationmanageyards-display-component---NewYard--addressNewCostObjectCstID-vhi"}]}
RESULT: undefined
COMMAND: POST /session/799be37928140a71a03c3bbe373ba355/element - {"using":"xpath","value":"//*[@id=\"application-manageyards-display-component---NewYard--addressNewCostObjectCstID-vhi\"]"}
RESULT: {}
RESULT: {"using":"xpath","value":"//*[@id=\"application-manageyards-display-component---NewYard--addressNewCostObjectCstID-vhi\"]"}
COMMAND: POST /session/799be37928140a71a03c3bbe373ba355/element/f.19D3A8A536C023AFD4E776B255E62FBE.d.A0314AF981E88657912D6F050B82FBD2.e.723/click - {}
RESULT: {}
COMMAND: GET /session/799be37928140a71a03c3bbe373ba355/screenshot - {}
RESULT: {}
COMMAND: POST /session/799be37928140a71a03c3bbe373ba355/execute/async - {"script":"<script> [1562 bytes]","args":[{"selector":{"controlType":"sap.m.SearchField","properties":{"placeholder":"Search"},"searchOpenDialogs":true,"interaction":{"idSuffix":"I"}},"wdio_ui5_key":"sapm.SearchField{\"placeholder\":\"Search\"}"}]}
RESULT: {"script":"<script> [1562 bytes]","args":[{"selector":{"controlType":"sap.m.SearchField","properties":{"placeholder":"Search"},"searchOpenDialogs":true,"interaction":{"idSuffix":"I"}},"wdio_ui5_key":"sapm.SearchField{\"placeholder\":\"Search\"}"}]}
RESULT: undefined
COMMAND: POST /session/799be37928140a71a03c3bbe373ba355/execute/async - {"script":"<script> [776 bytes]","args":[{"enterText":"10001013","selector":{"controlType":"sap.m.SearchField","properties":{"placeholder":"Search"},"searchOpenDialogs":true,"interaction":{"idSuffix":"I"}},"clearTextFirst":true,"interactionType":"ENTER_TEXT"}]}
RESULT: {"script":"<script> [776 bytes]","args":[{"enterText":"10001013","selector":{"controlType":"sap.m.SearchField","properties":{"placeholder":"Search"},"searchOpenDialogs":true,"interaction":{"idSuffix":"I"}},"clearTextFirst":true,"interactionType":"ENTER_TEXT"}]}
COMMAND: POST /session/799be37928140a71a03c3bbe373ba355/actions - {"actions":[{"id":"action1","type":"key","parameters":{},"actions":[{"type":"keyDown","value":""},{"type":"pause","duration":10},{"type":"keyUp","value":""}]}]}
RESULT: {"actions":[{"id":"action1","type":"key","parameters":{},"actions":[{"type":"keyDown","value":""},{"type":"pause","duration":10},{"type":"keyUp","value":""}]}]}
COMMAND: GET /session/799be37928140a71a03c3bbe373ba355/screenshot - {}
RESULT: {}
COMMAND: POST /session/799be37928140a71a03c3bbe373ba355/element - {"using":"xpath","value":"//span[contains(text(), \"General Management\")]"}
RESULT: {"using":"xpath","value":"//span[contains(text(), \"General Management\")]"}
COMMAND: POST /session/799be37928140a71a03c3bbe373ba355/element/f.19D3A8A536C023AFD4E776B255E62FBE.d.A0314AF981E88657912D6F050B82FBD2.e.764/click - {}
RESULT: {}
COMMAND: GET /session/799be37928140a71a03c3bbe373ba355/screenshot - {}
RESULT: {}
COMMAND: POST /session/799be37928140a71a03c3bbe373ba355/element - {"using":"xpath","value":"//bdi[contains(text(), \"OK\")]"}
RESULT: {"using":"xpath","value":"//bdi[contains(text(), \"OK\")]"}
COMMAND: POST /session/799be37928140a71a03c3bbe373ba355/element/f.19D3A8A536C023AFD4E776B255E62FBE.d.A0314AF981E88657912D6F050B82FBD2.e.765/click - {}
RESULT: {}
COMMAND: GET /session/799be37928140a71a03c3bbe373ba355/screenshot - {}
RESULT: {}
COMMAND: POST /session/799be37928140a71a03c3bbe373ba355/execute/async - {"script":"<script> [1562 bytes]","args":[{"selector":{"id":"application-manageyards-display-component---NewYard--addressEditDetailsCurrency-arrow"},"wdio_ui5_key":"applicationmanageyards-display-component---NewYard--addressEditDetailsCurrency-arrow"}]}
RESULT: {"script":"<script> [1562 bytes]","args":[{"selector":{"id":"application-manageyards-display-component---NewYard--addressEditDetailsCurrency-arrow"},"wdio_ui5_key":"applicationmanageyards-display-component---NewYard--addressEditDetailsCurrency-arrow"}]}
RESULT: undefined
COMMAND: POST /session/799be37928140a71a03c3bbe373ba355/element - {"using":"xpath","value":"//*[@id=\"application-manageyards-display-component---NewYard--addressEditDetailsCurrency-arrow\"]"}
RESULT: {"using":"xpath","value":"//*[@id=\"application-manageyards-display-component---NewYard--addressEditDetailsCurrency-arrow\"]"}
COMMAND: POST /session/799be37928140a71a03c3bbe373ba355/element/f.19D3A8A536C023AFD4E776B255E62FBE.d.A0314AF981E88657912D6F050B82FBD2.e.768/click - {}
RESULT: {}
COMMAND: POST /session/799be37928140a71a03c3bbe373ba355/element - {"using":"xpath","value":"//span[contains(text(), \"Euro\")]"}
COMMAND: GET /session/799be37928140a71a03c3bbe373ba355/screenshot - {}
RESULT: {"using":"xpath","value":"//span[contains(text(), \"Euro\")]"}
COMMAND: POST /session/799be37928140a71a03c3bbe373ba355/element/f.19D3A8A536C023AFD4E776B255E62FBE.d.A0314AF981E88657912D6F050B82FBD2.e.769/click - {}
RESULT: {}
RESULT: {}
COMMAND: POST /session/799be37928140a71a03c3bbe373ba355/execute/async - {"script":"<script> [1562 bytes]","args":[{"selector":{"controlType":"sap.m.Input","viewName":"etm.portal.ui.manageyards.view.New","viewId":"application-manageyards-display-component---NewYard","bindingPath":{"path":"","propertyPath":"/CONTROLLING_AREA","modelName":"NewYardModel"},"interaction":{"idSuffix":"inner"}},"wdio_ui5_key":"etmportal.ui.manageyards.view.Newsap.m.Input{\"path\":\"\",\"propertyPath\":\"/CONTROLLING_AREA\",\"modelName\":\"NewYardModel\"}"}]}
COMMAND: GET /session/799be37928140a71a03c3bbe373ba355/screenshot - {}
RESULT: {"script":"<script> [1562 bytes]","args":[{"selector":{"controlType":"sap.m.Input","viewName":"etm.portal.ui.manageyards.view.New","viewId":"application-manageyards-display-component---NewYard","bindingPath":{"path":"","propertyPath":"/CONTROLLING_AREA","modelName":"NewYardModel"},"interaction":{"idSuffix":"inner"}},"wdio_ui5_key":"etmportal.ui.manageyards.view.Newsap.m.Input{\"path\":\"\",\"propertyPath\":\"/CONTROLLING_AREA\",\"modelName\":\"NewYardModel\"}"}]}
RESULT: undefined
COMMAND: POST /session/799be37928140a71a03c3bbe373ba355/execute/async - {"script":"<script> [776 bytes]","args":[{"enterText":"Z001","selector":{"controlType":"sap.m.Input","viewName":"etm.portal.ui.manageyards.view.New","viewId":"application-manageyards-display-component---NewYard","bindingPath":{"path":"","propertyPath":"/CONTROLLING_AREA","modelName":"NewYardModel"},"interaction":{"idSuffix":"inner"}},"clearTextFirst":true,"interactionType":"ENTER_TEXT"}]}
RESULT: {}
RESULT: {"script":"<script> [776 bytes]","args":[{"enterText":"Z001","selector":{"controlType":"sap.m.Input","viewName":"etm.portal.ui.manageyards.view.New","viewId":"application-manageyards-display-component---NewYard","bindingPath":{"path":"","propertyPath":"/CONTROLLING_AREA","modelName":"NewYardModel"},"interaction":{"idSuffix":"inner"}},"clearTextFirst":true,"interactionType":"ENTER_TEXT"}]}
COMMAND: POST /session/799be37928140a71a03c3bbe373ba355/execute/async - {"script":"<script> [1562 bytes]","args":[{"selector":{"id":"application-manageyards-display-component---NewYard--companyCodeComboBox","interaction":{"idSuffix":"inner"}},"wdio_ui5_key":"applicationmanageyards-display-component---NewYard--companyCodeComboBox"}]}
RESULT: {"script":"<script> [1562 bytes]","args":[{"selector":{"id":"application-manageyards-display-component---NewYard--companyCodeComboBox","interaction":{"idSuffix":"inner"}},"wdio_ui5_key":"applicationmanageyards-display-component---NewYard--companyCodeComboBox"}]}
RESULT: undefined
COMMAND: POST /session/799be37928140a71a03c3bbe373ba355/execute/async - {"script":"<script> [776 bytes]","args":[{"enterText":"1000","selector":{"id":"application-manageyards-display-component---NewYard--companyCodeComboBox","interaction":{"idSuffix":"inner"}},"clearTextFirst":true,"interactionType":"ENTER_TEXT"}]}
RESULT: {"script":"<script> [776 bytes]","args":[{"enterText":"1000","selector":{"id":"application-manageyards-display-component---NewYard--companyCodeComboBox","interaction":{"idSuffix":"inner"}},"clearTextFirst":true,"interactionType":"ENTER_TEXT"}]}
COMMAND: POST /session/799be37928140a71a03c3bbe373ba355/execute/async - {"script":"<script> [1562 bytes]","args":[{"selector":{"controlType":"sap.m.Input","viewName":"etm.portal.ui.manageyards.view.New","viewId":"application-manageyards-display-component---NewYard","bindingPath":{"path":"","propertyPath":"/PLANT","modelName":"NewYardModel"},"interaction":{"idSuffix":"inner"}},"wdio_ui5_key":"etmportal.ui.manageyards.view.Newsap.m.Input{\"path\":\"\",\"propertyPath\":\"/PLANT\",\"modelName\":\"NewYardModel\"}"}]}
RESULT: {"script":"<script> [1562 bytes]","args":[{"selector":{"controlType":"sap.m.Input","viewName":"etm.portal.ui.manageyards.view.New","viewId":"application-manageyards-display-component---NewYard","bindingPath":{"path":"","propertyPath":"/PLANT","modelName":"NewYardModel"},"interaction":{"idSuffix":"inner"}},"wdio_ui5_key":"etmportal.ui.manageyards.view.Newsap.m.Input{\"path\":\"\",\"propertyPath\":\"/PLANT\",\"modelName\":\"NewYardModel\"}"}]}
RESULT: undefined
COMMAND: POST /session/799be37928140a71a03c3bbe373ba355/execute/async - {"script":"<script> [776 bytes]","args":[{"enterText":"1001","selector":{"controlType":"sap.m.Input","viewName":"etm.portal.ui.manageyards.view.New","viewId":"application-manageyards-display-component---NewYard","bindingPath":{"path":"","propertyPath":"/PLANT","modelName":"NewYardModel"},"interaction":{"idSuffix":"inner"}},"clearTextFirst":true,"interactionType":"ENTER_TEXT"}]}
RESULT: {"script":"<script> [776 bytes]","args":[{"enterText":"1001","selector":{"controlType":"sap.m.Input","viewName":"etm.portal.ui.manageyards.view.New","viewId":"application-manageyards-display-component---NewYard","bindingPath":{"path":"","propertyPath":"/PLANT","modelName":"NewYardModel"},"interaction":{"idSuffix":"inner"}},"clearTextFirst":true,"interactionType":"ENTER_TEXT"}]}
COMMAND: POST /session/799be37928140a71a03c3bbe373ba355/execute/async - {"script":"<script> [1562 bytes]","args":[{"selector":{"controlType":"sap.m.Input","viewName":"etm.portal.ui.manageyards.view.New","viewId":"application-manageyards-display-component---NewYard","bindingPath":{"path":"","propertyPath":"/SALES_AREA_VKORG","modelName":"NewYardModel"},"interaction":{"idSuffix":"inner"}},"wdio_ui5_key":"etmportal.ui.manageyards.view.Newsap.m.Input{\"path\":\"\",\"propertyPath\":\"/SALES_AREA_VKORG\",\"modelName\":\"NewYardModel\"}"}]}
RESULT: {"script":"<script> [1562 bytes]","args":[{"selector":{"controlType":"sap.m.Input","viewName":"etm.portal.ui.manageyards.view.New","viewId":"application-manageyards-display-component---NewYard","bindingPath":{"path":"","propertyPath":"/SALES_AREA_VKORG","modelName":"NewYardModel"},"interaction":{"idSuffix":"inner"}},"wdio_ui5_key":"etmportal.ui.manageyards.view.Newsap.m.Input{\"path\":\"\",\"propertyPath\":\"/SALES_AREA_VKORG\",\"modelName\":\"NewYardModel\"}"}]}
RESULT: undefined
COMMAND: POST /session/799be37928140a71a03c3bbe373ba355/execute/async - {"script":"<script> [776 bytes]","args":[{"enterText":"C002","selector":{"controlType":"sap.m.Input","viewName":"etm.portal.ui.manageyards.view.New","viewId":"application-manageyards-display-component---NewYard","bindingPath":{"path":"","propertyPath":"/SALES_AREA_VKORG","modelName":"NewYardModel"},"interaction":{"idSuffix":"inner"}},"clearTextFirst":true,"interactionType":"ENTER_TEXT"}]}
RESULT: {"script":"<script> [776 bytes]","args":[{"enterText":"C002","selector":{"controlType":"sap.m.Input","viewName":"etm.portal.ui.manageyards.view.New","viewId":"application-manageyards-display-component---NewYard","bindingPath":{"path":"","propertyPath":"/SALES_AREA_VKORG","modelName":"NewYardModel"},"interaction":{"idSuffix":"inner"}},"clearTextFirst":true,"interactionType":"ENTER_TEXT"}]}
COMMAND: POST /session/799be37928140a71a03c3bbe373ba355/execute/async - {"script":"<script> [1562 bytes]","args":[{"selector":{"controlType":"sap.m.Input","viewName":"etm.portal.ui.manageyards.view.New","viewId":"application-manageyards-display-component---NewYard","bindingPath":{"path":"","propertyPath":"/SALES_AREA_VTWEG","modelName":"NewYardModel"},"interaction":{"idSuffix":"inner"}},"wdio_ui5_key":"etmportal.ui.manageyards.view.Newsap.m.Input{\"path\":\"\",\"propertyPath\":\"/SALES_AREA_VTWEG\",\"modelName\":\"NewYardModel\"}"}]}
RESULT: {"script":"<script> [1562 bytes]","args":[{"selector":{"controlType":"sap.m.Input","viewName":"etm.portal.ui.manageyards.view.New","viewId":"application-manageyards-display-component---NewYard","bindingPath":{"path":"","propertyPath":"/SALES_AREA_VTWEG","modelName":"NewYardModel"},"interaction":{"idSuffix":"inner"}},"wdio_ui5_key":"etmportal.ui.manageyards.view.Newsap.m.Input{\"path\":\"\",\"propertyPath\":\"/SALES_AREA_VTWEG\",\"modelName\":\"NewYardModel\"}"}]}
RESULT: undefined
COMMAND: POST /session/799be37928140a71a03c3bbe373ba355/execute/async - {"script":"<script> [776 bytes]","args":[{"enterText":"C2","selector":{"controlType":"sap.m.Input","viewName":"etm.portal.ui.manageyards.view.New","viewId":"application-manageyards-display-component---NewYard","bindingPath":{"path":"","propertyPath":"/SALES_AREA_VTWEG","modelName":"NewYardModel"},"interaction":{"idSuffix":"inner"}},"clearTextFirst":true,"interactionType":"ENTER_TEXT"}]}
RESULT: {"script":"<script> [776 bytes]","args":[{"enterText":"C2","selector":{"controlType":"sap.m.Input","viewName":"etm.portal.ui.manageyards.view.New","viewId":"application-manageyards-display-component---NewYard","bindingPath":{"path":"","propertyPath":"/SALES_AREA_VTWEG","modelName":"NewYardModel"},"interaction":{"idSuffix":"inner"}},"clearTextFirst":true,"interactionType":"ENTER_TEXT"}]}
COMMAND: POST /session/799be37928140a71a03c3bbe373ba355/execute/async - {"script":"<script> [1562 bytes]","args":[{"selector":{"controlType":"sap.m.Input","viewName":"etm.portal.ui.manageyards.view.New","viewId":"application-manageyards-display-component---NewYard","bindingPath":{"path":"","propertyPath":"/SALES_AREA_SPART","modelName":"NewYardModel"},"interaction":{"idSuffix":"inner"}},"wdio_ui5_key":"etmportal.ui.manageyards.view.Newsap.m.Input{\"path\":\"\",\"propertyPath\":\"/SALES_AREA_SPART\",\"modelName\":\"NewYardModel\"}"}]}
RESULT: {"script":"<script> [1562 bytes]","args":[{"selector":{"controlType":"sap.m.Input","viewName":"etm.portal.ui.manageyards.view.New","viewId":"application-manageyards-display-component---NewYard","bindingPath":{"path":"","propertyPath":"/SALES_AREA_SPART","modelName":"NewYardModel"},"interaction":{"idSuffix":"inner"}},"wdio_ui5_key":"etmportal.ui.manageyards.view.Newsap.m.Input{\"path\":\"\",\"propertyPath\":\"/SALES_AREA_SPART\",\"modelName\":\"NewYardModel\"}"}]}
RESULT: undefined
COMMAND: POST /session/799be37928140a71a03c3bbe373ba355/execute/async - {"script":"<script> [776 bytes]","args":[{"enterText":"C2","selector":{"controlType":"sap.m.Input","viewName":"etm.portal.ui.manageyards.view.New","viewId":"application-manageyards-display-component---NewYard","bindingPath":{"path":"","propertyPath":"/SALES_AREA_SPART","modelName":"NewYardModel"},"interaction":{"idSuffix":"inner"}},"clearTextFirst":true,"interactionType":"ENTER_TEXT"}]}
RESULT: {"script":"<script> [776 bytes]","args":[{"enterText":"C2","selector":{"controlType":"sap.m.Input","viewName":"etm.portal.ui.manageyards.view.New","viewId":"application-manageyards-display-component---NewYard","bindingPath":{"path":"","propertyPath":"/SALES_AREA_SPART","modelName":"NewYardModel"},"interaction":{"idSuffix":"inner"}},"clearTextFirst":true,"interactionType":"ENTER_TEXT"}]}
COMMAND: POST /session/799be37928140a71a03c3bbe373ba355/execute/async - {"script":"<script> [1562 bytes]","args":[{"selector":{"controlType":"sap.m.Input","viewName":"etm.portal.ui.manageyards.view.New","viewId":"application-manageyards-display-component---NewYard","bindingPath":{"path":"","propertyPath":"/SHIP_POINT","modelName":"NewYardModel"},"interaction":{"idSuffix":"inner"}},"wdio_ui5_key":"etmportal.ui.manageyards.view.Newsap.m.Input{\"path\":\"\",\"propertyPath\":\"/SHIP_POINT\",\"modelName\":\"NewYardModel\"}"}]}
RESULT: {"script":"<script> [1562 bytes]","args":[{"selector":{"controlType":"sap.m.Input","viewName":"etm.portal.ui.manageyards.view.New","viewId":"application-manageyards-display-component---NewYard","bindingPath":{"path":"","propertyPath":"/SHIP_POINT","modelName":"NewYardModel"},"interaction":{"idSuffix":"inner"}},"wdio_ui5_key":"etmportal.ui.manageyards.view.Newsap.m.Input{\"path\":\"\",\"propertyPath\":\"/SHIP_POINT\",\"modelName\":\"NewYardModel\"}"}]}
RESULT: undefined
COMMAND: POST /session/799be37928140a71a03c3bbe373ba355/execute/async - {"script":"<script> [776 bytes]","args":[{"enterText":"1710","selector":{"controlType":"sap.m.Input","viewName":"etm.portal.ui.manageyards.view.New","viewId":"application-manageyards-display-component---NewYard","bindingPath":{"path":"","propertyPath":"/SHIP_POINT","modelName":"NewYardModel"},"interaction":{"idSuffix":"inner"}},"clearTextFirst":true,"interactionType":"ENTER_TEXT"}]}
RESULT: {"script":"<script> [776 bytes]","args":[{"enterText":"1710","selector":{"controlType":"sap.m.Input","viewName":"etm.portal.ui.manageyards.view.New","viewId":"application-manageyards-display-component---NewYard","bindingPath":{"path":"","propertyPath":"/SHIP_POINT","modelName":"NewYardModel"},"interaction":{"idSuffix":"inner"}},"clearTextFirst":true,"interactionType":"ENTER_TEXT"}]}
COMMAND: POST /session/799be37928140a71a03c3bbe373ba355/execute/async - {"script":"<script> [1562 bytes]","args":[{"selector":{"controlType":"sap.m.Input","viewName":"etm.portal.ui.manageyards.view.New","viewId":"application-manageyards-display-component---NewYard","bindingPath":{"path":"","propertyPath":"/DELIVERY_TYPE","modelName":"NewYardModel"},"interaction":{"idSuffix":"inner"}},"wdio_ui5_key":"etmportal.ui.manageyards.view.Newsap.m.Input{\"path\":\"\",\"propertyPath\":\"/DELIVERY_TYPE\",\"modelName\":\"NewYardModel\"}"}]}
RESULT: {"script":"<script> [1562 bytes]","args":[{"selector":{"controlType":"sap.m.Input","viewName":"etm.portal.ui.manageyards.view.New","viewId":"application-manageyards-display-component---NewYard","bindingPath":{"path":"","propertyPath":"/DELIVERY_TYPE","modelName":"NewYardModel"},"interaction":{"idSuffix":"inner"}},"wdio_ui5_key":"etmportal.ui.manageyards.view.Newsap.m.Input{\"path\":\"\",\"propertyPath\":\"/DELIVERY_TYPE\",\"modelName\":\"NewYardModel\"}"}]}
RESULT: undefined
COMMAND: POST /session/799be37928140a71a03c3bbe373ba355/execute/async - {"script":"<script> [776 bytes]","args":[{"enterText":"ZL01","selector":{"controlType":"sap.m.Input","viewName":"etm.portal.ui.manageyards.view.New","viewId":"application-manageyards-display-component---NewYard","bindingPath":{"path":"","propertyPath":"/DELIVERY_TYPE","modelName":"NewYardModel"},"interaction":{"idSuffix":"inner"}},"clearTextFirst":true,"interactionType":"ENTER_TEXT"}]}
RESULT: {"script":"<script> [776 bytes]","args":[{"enterText":"ZL01","selector":{"controlType":"sap.m.Input","viewName":"etm.portal.ui.manageyards.view.New","viewId":"application-manageyards-display-component---NewYard","bindingPath":{"path":"","propertyPath":"/DELIVERY_TYPE","modelName":"NewYardModel"},"interaction":{"idSuffix":"inner"}},"clearTextFirst":true,"interactionType":"ENTER_TEXT"}]}
COMMAND: POST /session/799be37928140a71a03c3bbe373ba355/execute/async - {"script":"<script> [1562 bytes]","args":[{"selector":{"controlType":"sap.m.Input","viewName":"etm.portal.ui.manageyards.view.New","viewId":"application-manageyards-display-component---NewYard","bindingPath":{"path":"","propertyPath":"/AUART","modelName":"NewYardModel"},"interaction":{"idSuffix":"inner"}},"wdio_ui5_key":"etmportal.ui.manageyards.view.Newsap.m.Input{\"path\":\"\",\"propertyPath\":\"/AUART\",\"modelName\":\"NewYardModel\"}"}]}
RESULT: {"script":"<script> [1562 bytes]","args":[{"selector":{"controlType":"sap.m.Input","viewName":"etm.portal.ui.manageyards.view.New","viewId":"application-manageyards-display-component---NewYard","bindingPath":{"path":"","propertyPath":"/AUART","modelName":"NewYardModel"},"interaction":{"idSuffix":"inner"}},"wdio_ui5_key":"etmportal.ui.manageyards.view.Newsap.m.Input{\"path\":\"\",\"propertyPath\":\"/AUART\",\"modelName\":\"NewYardModel\"}"}]}
RESULT: undefined
COMMAND: POST /session/799be37928140a71a03c3bbe373ba355/execute/async - {"script":"<script> [776 bytes]","args":[{"enterText":"TA","selector":{"controlType":"sap.m.Input","viewName":"etm.portal.ui.manageyards.view.New","viewId":"application-manageyards-display-component---NewYard","bindingPath":{"path":"","propertyPath":"/AUART","modelName":"NewYardModel"},"interaction":{"idSuffix":"inner"}},"clearTextFirst":true,"interactionType":"ENTER_TEXT"}]}
RESULT: {"script":"<script> [776 bytes]","args":[{"enterText":"TA","selector":{"controlType":"sap.m.Input","viewName":"etm.portal.ui.manageyards.view.New","viewId":"application-manageyards-display-component---NewYard","bindingPath":{"path":"","propertyPath":"/AUART","modelName":"NewYardModel"},"interaction":{"idSuffix":"inner"}},"clearTextFirst":true,"interactionType":"ENTER_TEXT"}]}
COMMAND: POST /session/799be37928140a71a03c3bbe373ba355/element - {"using":"xpath","value":"//button[@data-kt=\"newYardSaveButton\"]"}
RESULT: {"using":"xpath","value":"//button[@data-kt=\"newYardSaveButton\"]"}
COMMAND: POST /session/799be37928140a71a03c3bbe373ba355/element/f.19D3A8A536C023AFD4E776B255E62FBE.d.A0314AF981E88657912D6F050B82FBD2.e.698/click - {}
RESULT: {}
COMMAND: GET /session/799be37928140a71a03c3bbe373ba355/screenshot - {}
RESULT: {}
COMMAND: POST /session/799be37928140a71a03c3bbe373ba355/element - {"using":"xpath","value":"//header[contains(@id, 'ObjectPageLayout-headerTitle')]/div[1]/div[2]/div[1]/span[1]"}
RESULT: {"using":"xpath","value":"//header[contains(@id, 'ObjectPageLayout-headerTitle')]/div[1]/div[2]/div[1]/span[1]"}
COMMAND: POST /session/799be37928140a71a03c3bbe373ba355/elements - {"using":"xpath","value":"//header[contains(@id, 'ObjectPageLayout-headerTitle')]/div[1]/div[2]/div[1]/span[1]"}
RESULT: {"using":"xpath","value":"//header[contains(@id, 'ObjectPageLayout-headerTitle')]/div[1]/div[2]/div[1]/span[1]"}
COMMAND: POST /session/799be37928140a71a03c3bbe373ba355/execute/sync - {"script":"<script> [56 bytes]","args":[{"element-6066-11e4-a52e-4f735466cecf":"f.19D3A8A536C023AFD4E776B255E62FBE.d.A0314AF981E88657912D6F050B82FBD2.e.992","ELEMENT":"f.19D3A8A536C023AFD4E776B255E62FBE.d.A0314AF981E88657912D6F050B82FBD2.e.992"}]}
RESULT: {"script":"<script> [56 bytes]","args":[{"element-6066-11e4-a52e-4f735466cecf":"f.19D3A8A536C023AFD4E776B255E62FBE.d.A0314AF981E88657912D6F050B82FBD2.e.992","ELEMENT":"f.19D3A8A536C023AFD4E776B255E62FBE.d.A0314AF981E88657912D6F050B82FBD2.e.992"}]}
COMMAND: GET /session/799be37928140a71a03c3bbe373ba355/screenshot - {}
RESULT: {}
COMMAND: POST /session/799be37928140a71a03c3bbe373ba355/element - {"using":"css selector","value":"#shell-header-logo"}
RESULT: {"using":"css selector","value":"#shell-header-logo"}
COMMAND: POST /session/799be37928140a71a03c3bbe373ba355/element/f.19D3A8A536C023AFD4E776B255E62FBE.d.A0314AF981E88657912D6F050B82FBD2.e.249/click - {}
RESULT: {}
COMMAND: GET /session/799be37928140a71a03c3bbe373ba355/screenshot - {}
RESULT: {}
COMMAND: POST /session/799be37928140a71a03c3bbe373ba355/execute/sync - {"script":"<script> [299 bytes]","args":[["getModel","getResource"]]}
RESULT: {"script":"<script> [299 bytes]","args":[["getModel","getResource"]]}
]]></system-out>
    </testcase>
    <testcase classname="chrome.135_0_7049_42.windows.Billing_confirm_US117289" name="Should create a new partner" time="111.636">
      <system-out><![CDATA[
COMMAND: GET /session/799be37928140a71a03c3bbe373ba355/screenshot - {}
COMMAND: POST /session/799be37928140a71a03c3bbe373ba355/window/fullscreen - {}
RESULT: {}
RESULT: {}
COMMAND: POST /session/799be37928140a71a03c3bbe373ba355/execute/async - {"script":"<script> [1562 bytes]","args":[{"selector":{"controlType":"sap.m.GenericTile","properties":{"header":"Manage Partners"}},"wdio_ui5_key":"sapm.GenericTile{\"header\":\"Manage Partners\"}"}]}
RESULT: {"script":"<script> [1562 bytes]","args":[{"selector":{"controlType":"sap.m.GenericTile","properties":{"header":"Manage Partners"}},"wdio_ui5_key":"sapm.GenericTile{\"header\":\"Manage Partners\"}"}]}
RESULT: undefined
COMMAND: POST /session/799be37928140a71a03c3bbe373ba355/element - {"using":"xpath","value":"//*[@id=\"__tile38\"]"}
RESULT: {"using":"xpath","value":"//*[@id=\"__tile38\"]"}
COMMAND: POST /session/799be37928140a71a03c3bbe373ba355/element/f.19D3A8A536C023AFD4E776B255E62FBE.d.A0314AF981E88657912D6F050B82FBD2.e.136/click - {}
RESULT: {}
COMMAND: POST /session/799be37928140a71a03c3bbe373ba355/element - {"using":"xpath","value":"//button[@data-kt=\"addButton\"]"}
COMMAND: GET /session/799be37928140a71a03c3bbe373ba355/screenshot - {}
RESULT: {"using":"xpath","value":"//button[@data-kt=\"addButton\"]"}
COMMAND: POST /session/799be37928140a71a03c3bbe373ba355/elements - {"using":"xpath","value":"//button[@data-kt=\"addButton\"]"}
RESULT: {}
RESULT: {"using":"xpath","value":"//button[@data-kt=\"addButton\"]"}
COMMAND: POST /session/799be37928140a71a03c3bbe373ba355/elements - {"using":"xpath","value":"//button[@data-kt=\"addButton\"]"}
RESULT: {"using":"xpath","value":"//button[@data-kt=\"addButton\"]"}
COMMAND: POST /session/799be37928140a71a03c3bbe373ba355/elements - {"using":"xpath","value":"//button[@data-kt=\"addButton\"]"}
RESULT: {"using":"xpath","value":"//button[@data-kt=\"addButton\"]"}
COMMAND: POST /session/799be37928140a71a03c3bbe373ba355/elements - {"using":"xpath","value":"//button[@data-kt=\"addButton\"]"}
RESULT: {"using":"xpath","value":"//button[@data-kt=\"addButton\"]"}
COMMAND: POST /session/799be37928140a71a03c3bbe373ba355/elements - {"using":"xpath","value":"//button[@data-kt=\"addButton\"]"}
RESULT: {"using":"xpath","value":"//button[@data-kt=\"addButton\"]"}
COMMAND: POST /session/799be37928140a71a03c3bbe373ba355/elements - {"using":"xpath","value":"//button[@data-kt=\"addButton\"]"}
RESULT: {"using":"xpath","value":"//button[@data-kt=\"addButton\"]"}
COMMAND: POST /session/799be37928140a71a03c3bbe373ba355/elements - {"using":"xpath","value":"//button[@data-kt=\"addButton\"]"}
RESULT: {"using":"xpath","value":"//button[@data-kt=\"addButton\"]"}
COMMAND: POST /session/799be37928140a71a03c3bbe373ba355/elements - {"using":"xpath","value":"//button[@data-kt=\"addButton\"]"}
RESULT: {"using":"xpath","value":"//button[@data-kt=\"addButton\"]"}
COMMAND: POST /session/799be37928140a71a03c3bbe373ba355/elements - {"using":"xpath","value":"//button[@data-kt=\"addButton\"]"}
RESULT: {"using":"xpath","value":"//button[@data-kt=\"addButton\"]"}
COMMAND: POST /session/799be37928140a71a03c3bbe373ba355/elements - {"using":"xpath","value":"//button[@data-kt=\"addButton\"]"}
RESULT: {"using":"xpath","value":"//button[@data-kt=\"addButton\"]"}
COMMAND: POST /session/799be37928140a71a03c3bbe373ba355/elements - {"using":"xpath","value":"//button[@data-kt=\"addButton\"]"}
RESULT: {"using":"xpath","value":"//button[@data-kt=\"addButton\"]"}
COMMAND: POST /session/799be37928140a71a03c3bbe373ba355/elements - {"using":"xpath","value":"//button[@data-kt=\"addButton\"]"}
RESULT: {"using":"xpath","value":"//button[@data-kt=\"addButton\"]"}
COMMAND: POST /session/799be37928140a71a03c3bbe373ba355/elements - {"using":"xpath","value":"//button[@data-kt=\"addButton\"]"}
RESULT: {"using":"xpath","value":"//button[@data-kt=\"addButton\"]"}
COMMAND: POST /session/799be37928140a71a03c3bbe373ba355/elements - {"using":"xpath","value":"//button[@data-kt=\"addButton\"]"}
RESULT: {"using":"xpath","value":"//button[@data-kt=\"addButton\"]"}
COMMAND: POST /session/799be37928140a71a03c3bbe373ba355/element - {"using":"xpath","value":"//button[@data-kt=\"addButton\"]"}
RESULT: {"using":"xpath","value":"//button[@data-kt=\"addButton\"]"}
COMMAND: POST /session/799be37928140a71a03c3bbe373ba355/execute/sync - {"script":"<script> [8489 bytes]","args":[{"element-6066-11e4-a52e-4f735466cecf":"f.19D3A8A536C023AFD4E776B255E62FBE.d.A0314AF981E88657912D6F050B82FBD2.e.1031","ELEMENT":"f.19D3A8A536C023AFD4E776B255E62FBE.d.A0314AF981E88657912D6F050B82FBD2.e.1031"}]}
RESULT: {"script":"<script> [8489 bytes]","args":[{"element-6066-11e4-a52e-4f735466cecf":"f.19D3A8A536C023AFD4E776B255E62FBE.d.A0314AF981E88657912D6F050B82FBD2.e.1031","ELEMENT":"f.19D3A8A536C023AFD4E776B255E62FBE.d.A0314AF981E88657912D6F050B82FBD2.e.1031"}]}
COMMAND: GET /session/799be37928140a71a03c3bbe373ba355/element/f.19D3A8A536C023AFD4E776B255E62FBE.d.A0314AF981E88657912D6F050B82FBD2.e.1031/enabled - {}
COMMAND: GET /session/799be37928140a71a03c3bbe373ba355/screenshot - {}
RESULT: {}
COMMAND: POST /session/799be37928140a71a03c3bbe373ba355/execute/sync - {"script":"<script> [8489 bytes]","args":[{"element-6066-11e4-a52e-4f735466cecf":"f.19D3A8A536C023AFD4E776B255E62FBE.d.A0314AF981E88657912D6F050B82FBD2.e.1031","ELEMENT":"f.19D3A8A536C023AFD4E776B255E62FBE.d.A0314AF981E88657912D6F050B82FBD2.e.1031"}]}
COMMAND: GET /session/799be37928140a71a03c3bbe373ba355/screenshot - {}
RESULT: {}
RESULT: {"script":"<script> [8489 bytes]","args":[{"element-6066-11e4-a52e-4f735466cecf":"f.19D3A8A536C023AFD4E776B255E62FBE.d.A0314AF981E88657912D6F050B82FBD2.e.1031","ELEMENT":"f.19D3A8A536C023AFD4E776B255E62FBE.d.A0314AF981E88657912D6F050B82FBD2.e.1031"}]}
COMMAND: POST /session/799be37928140a71a03c3bbe373ba355/execute/sync - {"script":"<script> [5351 bytes]","args":[{"element-6066-11e4-a52e-4f735466cecf":"f.19D3A8A536C023AFD4E776B255E62FBE.d.A0314AF981E88657912D6F050B82FBD2.e.1031","ELEMENT":"f.19D3A8A536C023AFD4E776B255E62FBE.d.A0314AF981E88657912D6F050B82FBD2.e.1031"}]}
COMMAND: GET /session/799be37928140a71a03c3bbe373ba355/screenshot - {}
RESULT: {}
RESULT: {"script":"<script> [5351 bytes]","args":[{"element-6066-11e4-a52e-4f735466cecf":"f.19D3A8A536C023AFD4E776B255E62FBE.d.A0314AF981E88657912D6F050B82FBD2.e.1031","ELEMENT":"f.19D3A8A536C023AFD4E776B255E62FBE.d.A0314AF981E88657912D6F050B82FBD2.e.1031"}]}
COMMAND: POST /session/799be37928140a71a03c3bbe373ba355/element/f.19D3A8A536C023AFD4E776B255E62FBE.d.A0314AF981E88657912D6F050B82FBD2.e.1031/click - {}
COMMAND: GET /session/799be37928140a71a03c3bbe373ba355/screenshot - {}
RESULT: {}
RESULT: {}
COMMAND: GET /session/799be37928140a71a03c3bbe373ba355/screenshot - {}
COMMAND: POST /session/799be37928140a71a03c3bbe373ba355/execute/async - {"script":"<script> [1562 bytes]","args":[{"selector":{"id":"application-managepartners-display-component---NewPartner--addressDetailDetailsName1","interaction":{"idSuffix":"inner"}},"wdio_ui5_key":"applicationmanagepartners-display-component---NewPartner--addressDetailDetailsName1"}]}
RESULT: {}
RESULT: {}
RESULT: {"script":"<script> [1562 bytes]","args":[{"selector":{"id":"application-managepartners-display-component---NewPartner--addressDetailDetailsName1","interaction":{"idSuffix":"inner"}},"wdio_ui5_key":"applicationmanagepartners-display-component---NewPartner--addressDetailDetailsName1"}]}
RESULT: undefined
COMMAND: POST /session/799be37928140a71a03c3bbe373ba355/execute/async - {"script":"<script> [776 bytes]","args":[{"enterText":"Intracompany Partner WDIO","selector":{"id":"application-managepartners-display-component---NewPartner--addressDetailDetailsName1","interaction":{"idSuffix":"inner"}},"clearTextFirst":true,"interactionType":"ENTER_TEXT"}]}
RESULT: {"script":"<script> [776 bytes]","args":[{"enterText":"Intracompany Partner WDIO","selector":{"id":"application-managepartners-display-component---NewPartner--addressDetailDetailsName1","interaction":{"idSuffix":"inner"}},"clearTextFirst":true,"interactionType":"ENTER_TEXT"}]}
COMMAND: POST /session/799be37928140a71a03c3bbe373ba355/execute/async - {"script":"<script> [1562 bytes]","args":[{"selector":{"id":"application-managepartners-display-component---NewPartner--addressDetailDetailsLanguage-arrow"},"wdio_ui5_key":"applicationmanagepartners-display-component---NewPartner--addressDetailDetailsLanguage-arrow"}]}
RESULT: {"script":"<script> [1562 bytes]","args":[{"selector":{"id":"application-managepartners-display-component---NewPartner--addressDetailDetailsLanguage-arrow"},"wdio_ui5_key":"applicationmanagepartners-display-component---NewPartner--addressDetailDetailsLanguage-arrow"}]}
RESULT: undefined
COMMAND: POST /session/799be37928140a71a03c3bbe373ba355/element - {"using":"xpath","value":"//*[@id=\"application-managepartners-display-component---NewPartner--addressDetailDetailsLanguage-arrow\"]"}
RESULT: {"using":"xpath","value":"//*[@id=\"application-managepartners-display-component---NewPartner--addressDetailDetailsLanguage-arrow\"]"}
COMMAND: POST /session/799be37928140a71a03c3bbe373ba355/element/f.19D3A8A536C023AFD4E776B255E62FBE.d.A0314AF981E88657912D6F050B82FBD2.e.1475/click - {}
RESULT: {}
COMMAND: POST /session/799be37928140a71a03c3bbe373ba355/element - {"using":"xpath","value":"//span[contains(text(), \"English\")]"}
COMMAND: GET /session/799be37928140a71a03c3bbe373ba355/screenshot - {}
RESULT: {"using":"xpath","value":"//span[contains(text(), \"English\")]"}
COMMAND: POST /session/799be37928140a71a03c3bbe373ba355/element/f.19D3A8A536C023AFD4E776B255E62FBE.d.A0314AF981E88657912D6F050B82FBD2.e.1476/click - {}
RESULT: {}
RESULT: {}
COMMAND: GET /session/799be37928140a71a03c3bbe373ba355/screenshot - {}
RESULT: {}
COMMAND: POST /session/799be37928140a71a03c3bbe373ba355/execute/async - {"script":"<script> [1562 bytes]","args":[{"selector":{"id":"application-managepartners-display-component---NewPartner--addressDetailDetailsCity1","interaction":{"idSuffix":"inner"}},"wdio_ui5_key":"applicationmanagepartners-display-component---NewPartner--addressDetailDetailsCity1"}]}
RESULT: {"script":"<script> [1562 bytes]","args":[{"selector":{"id":"application-managepartners-display-component---NewPartner--addressDetailDetailsCity1","interaction":{"idSuffix":"inner"}},"wdio_ui5_key":"applicationmanagepartners-display-component---NewPartner--addressDetailDetailsCity1"}]}
RESULT: undefined
COMMAND: POST /session/799be37928140a71a03c3bbe373ba355/execute/async - {"script":"<script> [776 bytes]","args":[{"enterText":"Rosario","selector":{"id":"application-managepartners-display-component---NewPartner--addressDetailDetailsCity1","interaction":{"idSuffix":"inner"}},"clearTextFirst":true,"interactionType":"ENTER_TEXT"}]}
RESULT: {"script":"<script> [776 bytes]","args":[{"enterText":"Rosario","selector":{"id":"application-managepartners-display-component---NewPartner--addressDetailDetailsCity1","interaction":{"idSuffix":"inner"}},"clearTextFirst":true,"interactionType":"ENTER_TEXT"}]}
COMMAND: POST /session/799be37928140a71a03c3bbe373ba355/execute/async - {"script":"<script> [1562 bytes]","args":[{"selector":{"id":"application-managepartners-display-component---NewPartner--addressDetailDetailsCountry-arrow"},"wdio_ui5_key":"applicationmanagepartners-display-component---NewPartner--addressDetailDetailsCountry-arrow"}]}
RESULT: {"script":"<script> [1562 bytes]","args":[{"selector":{"id":"application-managepartners-display-component---NewPartner--addressDetailDetailsCountry-arrow"},"wdio_ui5_key":"applicationmanagepartners-display-component---NewPartner--addressDetailDetailsCountry-arrow"}]}
RESULT: undefined
COMMAND: POST /session/799be37928140a71a03c3bbe373ba355/element - {"using":"xpath","value":"//*[@id=\"application-managepartners-display-component---NewPartner--addressDetailDetailsCountry-arrow\"]"}
RESULT: {"using":"xpath","value":"//*[@id=\"application-managepartners-display-component---NewPartner--addressDetailDetailsCountry-arrow\"]"}
COMMAND: POST /session/799be37928140a71a03c3bbe373ba355/element/f.19D3A8A536C023AFD4E776B255E62FBE.d.A0314AF981E88657912D6F050B82FBD2.e.1462/click - {}
RESULT: {}
COMMAND: POST /session/799be37928140a71a03c3bbe373ba355/element - {"using":"xpath","value":"//span[contains(text(), \"Argentina\")]"}
COMMAND: GET /session/799be37928140a71a03c3bbe373ba355/screenshot - {}
RESULT: {"using":"xpath","value":"//span[contains(text(), \"Argentina\")]"}
COMMAND: POST /session/799be37928140a71a03c3bbe373ba355/element/f.19D3A8A536C023AFD4E776B255E62FBE.d.A0314AF981E88657912D6F050B82FBD2.e.1478/click - {}
RESULT: {}
RESULT: {}
COMMAND: GET /session/799be37928140a71a03c3bbe373ba355/screenshot - {}
RESULT: {}
COMMAND: POST /session/799be37928140a71a03c3bbe373ba355/element - {"using":"xpath","value":"//bdi[contains(text(), \"Commercial\")]"}
RESULT: {"using":"xpath","value":"//bdi[contains(text(), \"Commercial\")]"}
COMMAND: POST /session/799be37928140a71a03c3bbe373ba355/element/f.19D3A8A536C023AFD4E776B255E62FBE.d.A0314AF981E88657912D6F050B82FBD2.e.1479/click - {}
RESULT: {}
COMMAND: GET /session/799be37928140a71a03c3bbe373ba355/screenshot - {}
RESULT: {}
COMMAND: POST /session/799be37928140a71a03c3bbe373ba355/execute/async - {"script":"<script> [1562 bytes]","args":[{"selector":{"id":"application-managepartners-display-component---NewPartner--partnerDetailInternal-arrow"},"wdio_ui5_key":"applicationmanagepartners-display-component---NewPartner--partnerDetailInternal-arrow"}]}
RESULT: {"script":"<script> [1562 bytes]","args":[{"selector":{"id":"application-managepartners-display-component---NewPartner--partnerDetailInternal-arrow"},"wdio_ui5_key":"applicationmanagepartners-display-component---NewPartner--partnerDetailInternal-arrow"}]}
RESULT: undefined
COMMAND: POST /session/799be37928140a71a03c3bbe373ba355/element - {"using":"xpath","value":"//*[@id=\"application-managepartners-display-component---NewPartner--partnerDetailInternal-arrow\"]"}
RESULT: {"using":"xpath","value":"//*[@id=\"application-managepartners-display-component---NewPartner--partnerDetailInternal-arrow\"]"}
COMMAND: POST /session/799be37928140a71a03c3bbe373ba355/element/f.19D3A8A536C023AFD4E776B255E62FBE.d.A0314AF981E88657912D6F050B82FBD2.e.1485/click - {}
RESULT: {}
COMMAND: POST /session/799be37928140a71a03c3bbe373ba355/element - {"using":"xpath","value":"//span[contains(text(), \"Affiliated company\")]"}
COMMAND: GET /session/799be37928140a71a03c3bbe373ba355/screenshot - {}
RESULT: {"using":"xpath","value":"//span[contains(text(), \"Affiliated company\")]"}
COMMAND: POST /session/799be37928140a71a03c3bbe373ba355/element/f.19D3A8A536C023AFD4E776B255E62FBE.d.A0314AF981E88657912D6F050B82FBD2.e.1486/click - {}
RESULT: {}
RESULT: {}
COMMAND: POST /session/799be37928140a71a03c3bbe373ba355/execute/async - {"script":"<script> [1562 bytes]","args":[{"selector":{"id":"application-managepartners-display-component---NewPartner--partnerDetailsCurrency-arrow"},"wdio_ui5_key":"applicationmanagepartners-display-component---NewPartner--partnerDetailsCurrency-arrow"}]}
COMMAND: GET /session/799be37928140a71a03c3bbe373ba355/screenshot - {}
RESULT: {"script":"<script> [1562 bytes]","args":[{"selector":{"id":"application-managepartners-display-component---NewPartner--partnerDetailsCurrency-arrow"},"wdio_ui5_key":"applicationmanagepartners-display-component---NewPartner--partnerDetailsCurrency-arrow"}]}
RESULT: undefined
COMMAND: POST /session/799be37928140a71a03c3bbe373ba355/element - {"using":"xpath","value":"//*[@id=\"application-managepartners-display-component---NewPartner--partnerDetailsCurrency-arrow\"]"}
RESULT: {}
RESULT: {"using":"xpath","value":"//*[@id=\"application-managepartners-display-component---NewPartner--partnerDetailsCurrency-arrow\"]"}
COMMAND: POST /session/799be37928140a71a03c3bbe373ba355/element/f.19D3A8A536C023AFD4E776B255E62FBE.d.A0314AF981E88657912D6F050B82FBD2.e.1493/click - {}
RESULT: {}
COMMAND: POST /session/799be37928140a71a03c3bbe373ba355/element - {"using":"xpath","value":"//span[contains(text(), \"Euro\")]"}
COMMAND: GET /session/799be37928140a71a03c3bbe373ba355/screenshot - {}
RESULT: {"using":"xpath","value":"//span[contains(text(), \"Euro\")]"}
COMMAND: POST /session/799be37928140a71a03c3bbe373ba355/element/f.19D3A8A536C023AFD4E776B255E62FBE.d.A0314AF981E88657912D6F050B82FBD2.e.1494/click - {}
RESULT: {}
RESULT: {}
COMMAND: POST /session/799be37928140a71a03c3bbe373ba355/execute/async - {"script":"<script> [1562 bytes]","args":[{"selector":{"id":"application-managepartners-display-component---NewPartner--addressEditDetailsCostObjectCstType-arrow"},"wdio_ui5_key":"applicationmanagepartners-display-component---NewPartner--addressEditDetailsCostObjectCstType-arrow"}]}
COMMAND: GET /session/799be37928140a71a03c3bbe373ba355/screenshot - {}
RESULT: {"script":"<script> [1562 bytes]","args":[{"selector":{"id":"application-managepartners-display-component---NewPartner--addressEditDetailsCostObjectCstType-arrow"},"wdio_ui5_key":"applicationmanagepartners-display-component---NewPartner--addressEditDetailsCostObjectCstType-arrow"}]}
RESULT: undefined
COMMAND: POST /session/799be37928140a71a03c3bbe373ba355/element - {"using":"xpath","value":"//*[@id=\"application-managepartners-display-component---NewPartner--addressEditDetailsCostObjectCstType-arrow\"]"}
RESULT: {}
RESULT: {"using":"xpath","value":"//*[@id=\"application-managepartners-display-component---NewPartner--addressEditDetailsCostObjectCstType-arrow\"]"}
COMMAND: POST /session/799be37928140a71a03c3bbe373ba355/element/f.19D3A8A536C023AFD4E776B255E62FBE.d.A0314AF981E88657912D6F050B82FBD2.e.1495/click - {}
RESULT: {}
COMMAND: POST /session/799be37928140a71a03c3bbe373ba355/element - {"using":"xpath","value":"//span[contains(text(), \"Cost Center\")]"}
COMMAND: GET /session/799be37928140a71a03c3bbe373ba355/screenshot - {}
RESULT: {"using":"xpath","value":"//span[contains(text(), \"Cost Center\")]"}
COMMAND: POST /session/799be37928140a71a03c3bbe373ba355/element/f.19D3A8A536C023AFD4E776B255E62FBE.d.A0314AF981E88657912D6F050B82FBD2.e.1496/click - {}
RESULT: {}
RESULT: {}
COMMAND: GET /session/799be37928140a71a03c3bbe373ba355/screenshot - {}
RESULT: {}
COMMAND: POST /session/799be37928140a71a03c3bbe373ba355/element - {"using":"xpath","value":"//span[@id=\"application-managepartners-display-component---NewPartner--addressNewCostObjectCstID-vhi\"]"}
RESULT: {"using":"xpath","value":"//span[@id=\"application-managepartners-display-component---NewPartner--addressNewCostObjectCstID-vhi\"]"}
COMMAND: POST /session/799be37928140a71a03c3bbe373ba355/execute/sync - {"script":"<script> [8489 bytes]","args":[{"element-6066-11e4-a52e-4f735466cecf":"f.19D3A8A536C023AFD4E776B255E62FBE.d.A0314AF981E88657912D6F050B82FBD2.e.1499","ELEMENT":"f.19D3A8A536C023AFD4E776B255E62FBE.d.A0314AF981E88657912D6F050B82FBD2.e.1499"}]}
RESULT: {"script":"<script> [8489 bytes]","args":[{"element-6066-11e4-a52e-4f735466cecf":"f.19D3A8A536C023AFD4E776B255E62FBE.d.A0314AF981E88657912D6F050B82FBD2.e.1499","ELEMENT":"f.19D3A8A536C023AFD4E776B255E62FBE.d.A0314AF981E88657912D6F050B82FBD2.e.1499"}]}
COMMAND: POST /session/799be37928140a71a03c3bbe373ba355/execute/async - {"script":"<script> [1562 bytes]","args":[{"selector":{"id":"application-managepartners-display-component---NewPartner--addressNewCostObjectCstID-vhi"},"wdio_ui5_key":"applicationmanagepartners-display-component---NewPartner--addressNewCostObjectCstID-vhi"}]}
COMMAND: GET /session/799be37928140a71a03c3bbe373ba355/screenshot - {}
RESULT: {"script":"<script> [1562 bytes]","args":[{"selector":{"id":"application-managepartners-display-component---NewPartner--addressNewCostObjectCstID-vhi"},"wdio_ui5_key":"applicationmanagepartners-display-component---NewPartner--addressNewCostObjectCstID-vhi"}]}
RESULT: undefined
COMMAND: POST /session/799be37928140a71a03c3bbe373ba355/element - {"using":"xpath","value":"//*[@id=\"application-managepartners-display-component---NewPartner--addressNewCostObjectCstID-vhi\"]"}
RESULT: {}
RESULT: {"using":"xpath","value":"//*[@id=\"application-managepartners-display-component---NewPartner--addressNewCostObjectCstID-vhi\"]"}
COMMAND: POST /session/799be37928140a71a03c3bbe373ba355/element/f.19D3A8A536C023AFD4E776B255E62FBE.d.A0314AF981E88657912D6F050B82FBD2.e.1499/click - {}
RESULT: {}
COMMAND: GET /session/799be37928140a71a03c3bbe373ba355/screenshot - {}
RESULT: {}
RESULT: undefined
COMMAND: POST /session/799be37928140a71a03c3bbe373ba355/execute/async - {"script":"<script> [776 bytes]","args":[{"enterText":"10001013","selector":{"controlType":"sap.m.SearchField","properties":{"placeholder":"Search"},"searchOpenDialogs":true,"interaction":{"idSuffix":"I"}},"clearTextFirst":true,"interactionType":"ENTER_TEXT"}]}
RESULT: {"script":"<script> [776 bytes]","args":[{"enterText":"10001013","selector":{"controlType":"sap.m.SearchField","properties":{"placeholder":"Search"},"searchOpenDialogs":true,"interaction":{"idSuffix":"I"}},"clearTextFirst":true,"interactionType":"ENTER_TEXT"}]}
COMMAND: POST /session/799be37928140a71a03c3bbe373ba355/actions - {"actions":[{"id":"action2","type":"key","parameters":{},"actions":[{"type":"keyDown","value":""},{"type":"pause","duration":10},{"type":"keyUp","value":""}]}]}
RESULT: {"actions":[{"id":"action2","type":"key","parameters":{},"actions":[{"type":"keyDown","value":""},{"type":"pause","duration":10},{"type":"keyUp","value":""}]}]}
COMMAND: GET /session/799be37928140a71a03c3bbe373ba355/screenshot - {}
RESULT: {}
COMMAND: POST /session/799be37928140a71a03c3bbe373ba355/element - {"using":"xpath","value":"//span[contains(text(), \"General Management\")]"}
RESULT: {"using":"xpath","value":"//span[contains(text(), \"General Management\")]"}
COMMAND: POST /session/799be37928140a71a03c3bbe373ba355/element/f.19D3A8A536C023AFD4E776B255E62FBE.d.A0314AF981E88657912D6F050B82FBD2.e.1538/click - {}
RESULT: {}
COMMAND: GET /session/799be37928140a71a03c3bbe373ba355/screenshot - {}
RESULT: {}
COMMAND: POST /session/799be37928140a71a03c3bbe373ba355/element - {"using":"xpath","value":"//bdi[contains(text(), \"OK\")]"}
RESULT: {"using":"xpath","value":"//bdi[contains(text(), \"OK\")]"}
COMMAND: POST /session/799be37928140a71a03c3bbe373ba355/element/f.19D3A8A536C023AFD4E776B255E62FBE.d.A0314AF981E88657912D6F050B82FBD2.e.1539/click - {}
RESULT: {}
COMMAND: GET /session/799be37928140a71a03c3bbe373ba355/screenshot - {}
RESULT: {}
COMMAND: POST /session/799be37928140a71a03c3bbe373ba355/element - {"using":"xpath","value":"//input[@id=\"application-managepartners-display-component---NewPartner--companyCodeComboBox-inner\"]"}
RESULT: {"using":"xpath","value":"//input[@id=\"application-managepartners-display-component---NewPartner--companyCodeComboBox-inner\"]"}
COMMAND: POST /session/799be37928140a71a03c3bbe373ba355/element/f.19D3A8A536C023AFD4E776B255E62FBE.d.A0314AF981E88657912D6F050B82FBD2.e.1341/clear - {}
RESULT: {}
COMMAND: POST /session/799be37928140a71a03c3bbe373ba355/element/f.19D3A8A536C023AFD4E776B255E62FBE.d.A0314AF981E88657912D6F050B82FBD2.e.1341/value - {"text":"1000"}
COMMAND: GET /session/799be37928140a71a03c3bbe373ba355/screenshot - {}
RESULT: {"text":"1000"}
COMMAND: GET /session/799be37928140a71a03c3bbe373ba355/screenshot - {}
RESULT: {}
RESULT: {}
COMMAND: POST /session/799be37928140a71a03c3bbe373ba355/element - {"using":"xpath","value":"//span[contains(text(), \"1000\")]"}
RESULT: {"using":"xpath","value":"//span[contains(text(), \"1000\")]"}
COMMAND: POST /session/799be37928140a71a03c3bbe373ba355/element/f.19D3A8A536C023AFD4E776B255E62FBE.d.A0314AF981E88657912D6F050B82FBD2.e.1545/click - {}
RESULT: {}
COMMAND: GET /session/799be37928140a71a03c3bbe373ba355/screenshot - {}
RESULT: {}
COMMAND: POST /session/799be37928140a71a03c3bbe373ba355/execute/async - {"script":"<script> [1562 bytes]","args":[{"selector":{"id":"application-managepartners-display-component---NewPartner--btnAddTableRow-img"},"wdio_ui5_key":"applicationmanagepartners-display-component---NewPartner--btnAddTableRow-img"}]}
RESULT: {"script":"<script> [1562 bytes]","args":[{"selector":{"id":"application-managepartners-display-component---NewPartner--btnAddTableRow-img"},"wdio_ui5_key":"applicationmanagepartners-display-component---NewPartner--btnAddTableRow-img"}]}
RESULT: undefined
COMMAND: POST /session/799be37928140a71a03c3bbe373ba355/element - {"using":"xpath","value":"//*[@id=\"application-managepartners-display-component---NewPartner--btnAddTableRow-img\"]"}
RESULT: {"using":"xpath","value":"//*[@id=\"application-managepartners-display-component---NewPartner--btnAddTableRow-img\"]"}
COMMAND: POST /session/799be37928140a71a03c3bbe373ba355/element/f.19D3A8A536C023AFD4E776B255E62FBE.d.A0314AF981E88657912D6F050B82FBD2.e.1546/click - {}
RESULT: {}
COMMAND: GET /session/799be37928140a71a03c3bbe373ba355/screenshot - {}
RESULT: {}
COMMAND: POST /session/799be37928140a71a03c3bbe373ba355/element - {"using":"xpath","value":"//input[@id=\"application-managepartners-display-component---NewPartner--assignmentYard-application-managepartners-display-component---NewPartner--assignmentsTable-0-inner\"]"}
RESULT: {"using":"xpath","value":"//input[@id=\"application-managepartners-display-component---NewPartner--assignmentYard-application-managepartners-display-component---NewPartner--assignmentsTable-0-inner\"]"}
COMMAND: POST /session/799be37928140a71a03c3bbe373ba355/element/f.19D3A8A536C023AFD4E776B255E62FBE.d.A0314AF981E88657912D6F050B82FBD2.e.1549/clear - {}
RESULT: {}
COMMAND: POST /session/799be37928140a71a03c3bbe373ba355/element/f.19D3A8A536C023AFD4E776B255E62FBE.d.A0314AF981E88657912D6F050B82FBD2.e.1549/value - {"text":"592"}
COMMAND: GET /session/799be37928140a71a03c3bbe373ba355/screenshot - {}
RESULT: {"text":"592"}
COMMAND: GET /session/799be37928140a71a03c3bbe373ba355/screenshot - {}
RESULT: {}
RESULT: {}
COMMAND: POST /session/799be37928140a71a03c3bbe373ba355/element - {"using":"xpath","value":"//li[.//span[text()='592']]"}
RESULT: {"using":"xpath","value":"//li[.//span[text()='592']]"}
COMMAND: POST /session/799be37928140a71a03c3bbe373ba355/element/f.19D3A8A536C023AFD4E776B255E62FBE.d.A0314AF981E88657912D6F050B82FBD2.e.1558/click - {}
RESULT: {}
COMMAND: GET /session/799be37928140a71a03c3bbe373ba355/screenshot - {}
RESULT: {}
COMMAND: POST /session/799be37928140a71a03c3bbe373ba355/actions - {"actions":[{"id":"action3","type":"key","parameters":{},"actions":[{"type":"keyDown","value":""},{"type":"pause","duration":10},{"type":"keyUp","value":""}]}]}
RESULT: {"actions":[{"id":"action3","type":"key","parameters":{},"actions":[{"type":"keyDown","value":""},{"type":"pause","duration":10},{"type":"keyUp","value":""}]}]}
COMMAND: POST /session/799be37928140a71a03c3bbe373ba355/execute/async - {"script":"<script> [1562 bytes]","args":[{"selector":{"id":"application-managepartners-display-component---NewPartner--externalCustomerComboBox-application-managepartners-display-component---NewPartner--assignmentsTable-0-vhi"},"wdio_ui5_key":"applicationmanagepartners-display-component---NewPartner--externalCustomerComboBox-application-managepartners-display-component---NewPartner--assignmentsTable-0-vhi"}]}
COMMAND: GET /session/799be37928140a71a03c3bbe373ba355/screenshot - {}
RESULT: {"script":"<script> [1562 bytes]","args":[{"selector":{"id":"application-managepartners-display-component---NewPartner--externalCustomerComboBox-application-managepartners-display-component---NewPartner--assignmentsTable-0-vhi"},"wdio_ui5_key":"applicationmanagepartners-display-component---NewPartner--externalCustomerComboBox-application-managepartners-display-component---NewPartner--assignmentsTable-0-vhi"}]}
RESULT: undefined
COMMAND: POST /session/799be37928140a71a03c3bbe373ba355/element - {"using":"xpath","value":"//*[@id=\"application-managepartners-display-component---NewPartner--externalCustomerComboBox-application-managepartners-display-component---NewPartner--assignmentsTable-0-vhi\"]"}
RESULT: {}
RESULT: {"using":"xpath","value":"//*[@id=\"application-managepartners-display-component---NewPartner--externalCustomerComboBox-application-managepartners-display-component---NewPartner--assignmentsTable-0-vhi\"]"}
COMMAND: POST /session/799be37928140a71a03c3bbe373ba355/element/f.19D3A8A536C023AFD4E776B255E62FBE.d.A0314AF981E88657912D6F050B82FBD2.e.1562/click - {}
RESULT: {}
RESULT: undefined
COMMAND: POST /session/799be37928140a71a03c3bbe373ba355/execute/async - {"script":"<script> [776 bytes]","args":[{"enterText":"300003","selector":{"controlType":"sap.m.SearchField","properties":{"placeholder":"Search"},"searchOpenDialogs":true,"interaction":{"idSuffix":"I"}},"clearTextFirst":true,"interactionType":"ENTER_TEXT"}]}
COMMAND: GET /session/799be37928140a71a03c3bbe373ba355/screenshot - {}
RESULT: {}
RESULT: {"script":"<script> [776 bytes]","args":[{"enterText":"300003","selector":{"controlType":"sap.m.SearchField","properties":{"placeholder":"Search"},"searchOpenDialogs":true,"interaction":{"idSuffix":"I"}},"clearTextFirst":true,"interactionType":"ENTER_TEXT"}]}
COMMAND: POST /session/799be37928140a71a03c3bbe373ba355/actions - {"actions":[{"id":"action4","type":"key","parameters":{},"actions":[{"type":"keyDown","value":""},{"type":"pause","duration":10},{"type":"keyUp","value":""}]}]}
RESULT: {"actions":[{"id":"action4","type":"key","parameters":{},"actions":[{"type":"keyDown","value":""},{"type":"pause","duration":10},{"type":"keyUp","value":""}]}]}
COMMAND: GET /session/799be37928140a71a03c3bbe373ba355/screenshot - {}
RESULT: {}
COMMAND: POST /session/799be37928140a71a03c3bbe373ba355/element - {"using":"xpath","value":"//span[contains(text(), \"300003\")]"}
RESULT: {"using":"xpath","value":"//span[contains(text(), \"300003\")]"}
COMMAND: POST /session/799be37928140a71a03c3bbe373ba355/element/f.19D3A8A536C023AFD4E776B255E62FBE.d.A0314AF981E88657912D6F050B82FBD2.e.1579/click - {}
RESULT: {}
COMMAND: GET /session/799be37928140a71a03c3bbe373ba355/screenshot - {}
RESULT: {}
COMMAND: POST /session/799be37928140a71a03c3bbe373ba355/element - {"using":"xpath","value":"//bdi[contains(text(), \"OK\")]"}
RESULT: {"using":"xpath","value":"//bdi[contains(text(), \"OK\")]"}
COMMAND: POST /session/799be37928140a71a03c3bbe373ba355/element/f.19D3A8A536C023AFD4E776B255E62FBE.d.A0314AF981E88657912D6F050B82FBD2.e.1581/click - {}
RESULT: {}
COMMAND: GET /session/799be37928140a71a03c3bbe373ba355/screenshot - {}
RESULT: {}
COMMAND: POST /session/799be37928140a71a03c3bbe373ba355/execute/async - {"script":"<script> [1562 bytes]","args":[{"selector":{"id":"application-managepartners-display-component---NewPartner--intercompVendorComboBox-application-managepartners-display-component---NewPartner--assignmentsTable-0-vhi"},"wdio_ui5_key":"applicationmanagepartners-display-component---NewPartner--intercompVendorComboBox-application-managepartners-display-component---NewPartner--assignmentsTable-0-vhi"}]}
RESULT: {"script":"<script> [1562 bytes]","args":[{"selector":{"id":"application-managepartners-display-component---NewPartner--intercompVendorComboBox-application-managepartners-display-component---NewPartner--assignmentsTable-0-vhi"},"wdio_ui5_key":"applicationmanagepartners-display-component---NewPartner--intercompVendorComboBox-application-managepartners-display-component---NewPartner--assignmentsTable-0-vhi"}]}
RESULT: undefined
COMMAND: POST /session/799be37928140a71a03c3bbe373ba355/element - {"using":"xpath","value":"//*[@id=\"application-managepartners-display-component---NewPartner--intercompVendorComboBox-application-managepartners-display-component---NewPartner--assignmentsTable-0-vhi\"]"}
RESULT: {"using":"xpath","value":"//*[@id=\"application-managepartners-display-component---NewPartner--intercompVendorComboBox-application-managepartners-display-component---NewPartner--assignmentsTable-0-vhi\"]"}
COMMAND: POST /session/799be37928140a71a03c3bbe373ba355/element/f.19D3A8A536C023AFD4E776B255E62FBE.d.A0314AF981E88657912D6F050B82FBD2.e.1585/click - {}
RESULT: {}
RESULT: undefined
COMMAND: POST /session/799be37928140a71a03c3bbe373ba355/execute/async - {"script":"<script> [776 bytes]","args":[{"enterText":"100005","selector":{"controlType":"sap.m.SearchField","properties":{"placeholder":"Search"},"searchOpenDialogs":true,"interaction":{"idSuffix":"I"}},"clearTextFirst":true,"interactionType":"ENTER_TEXT"}]}
COMMAND: GET /session/799be37928140a71a03c3bbe373ba355/screenshot - {}
RESULT: {"script":"<script> [776 bytes]","args":[{"enterText":"100005","selector":{"controlType":"sap.m.SearchField","properties":{"placeholder":"Search"},"searchOpenDialogs":true,"interaction":{"idSuffix":"I"}},"clearTextFirst":true,"interactionType":"ENTER_TEXT"}]}
COMMAND: POST /session/799be37928140a71a03c3bbe373ba355/actions - {"actions":[{"id":"action5","type":"key","parameters":{},"actions":[{"type":"keyDown","value":""},{"type":"pause","duration":10},{"type":"keyUp","value":""}]}]}
RESULT: {}
RESULT: {"actions":[{"id":"action5","type":"key","parameters":{},"actions":[{"type":"keyDown","value":""},{"type":"pause","duration":10},{"type":"keyUp","value":""}]}]}
COMMAND: GET /session/799be37928140a71a03c3bbe373ba355/screenshot - {}
RESULT: {}
COMMAND: POST /session/799be37928140a71a03c3bbe373ba355/element - {"using":"xpath","value":"//span[contains(text(), \"Penguins - Field/12345 Berlin\")]"}
RESULT: {"using":"xpath","value":"//span[contains(text(), \"Penguins - Field/12345 Berlin\")]"}
COMMAND: POST /session/799be37928140a71a03c3bbe373ba355/element/f.19D3A8A536C023AFD4E776B255E62FBE.d.A0314AF981E88657912D6F050B82FBD2.e.1602/click - {}
RESULT: {}
COMMAND: GET /session/799be37928140a71a03c3bbe373ba355/screenshot - {}
RESULT: {}
COMMAND: POST /session/799be37928140a71a03c3bbe373ba355/element - {"using":"xpath","value":"//bdi[contains(text(), \"OK\")]"}
RESULT: {"using":"xpath","value":"//bdi[contains(text(), \"OK\")]"}
COMMAND: POST /session/799be37928140a71a03c3bbe373ba355/element/f.19D3A8A536C023AFD4E776B255E62FBE.d.A0314AF981E88657912D6F050B82FBD2.e.1603/click - {}
RESULT: {}
COMMAND: GET /session/799be37928140a71a03c3bbe373ba355/screenshot - {}
RESULT: {}
COMMAND: POST /session/799be37928140a71a03c3bbe373ba355/element - {"using":"xpath","value":"//button[@data-kt=\"saveButton\"]"}
RESULT: {"using":"xpath","value":"//button[@data-kt=\"saveButton\"]"}
COMMAND: POST /session/799be37928140a71a03c3bbe373ba355/element/f.19D3A8A536C023AFD4E776B255E62FBE.d.A0314AF981E88657912D6F050B82FBD2.e.1406/click - {}
RESULT: {}
COMMAND: GET /session/799be37928140a71a03c3bbe373ba355/screenshot - {}
RESULT: {}
COMMAND: POST /session/799be37928140a71a03c3bbe373ba355/element - {"using":"xpath","value":"//header[contains(@id, 'ObjectPageLayout-headerTitle')]/div[1]/div[2]/div[2]/span[1]"}
RESULT: {"using":"xpath","value":"//header[contains(@id, 'ObjectPageLayout-headerTitle')]/div[1]/div[2]/div[2]/span[1]"}
COMMAND: POST /session/799be37928140a71a03c3bbe373ba355/elements - {"using":"xpath","value":"//header[contains(@id, 'ObjectPageLayout-headerTitle')]/div[1]/div[2]/div[2]/span[1]"}
RESULT: {"using":"xpath","value":"//header[contains(@id, 'ObjectPageLayout-headerTitle')]/div[1]/div[2]/div[2]/span[1]"}
COMMAND: POST /session/799be37928140a71a03c3bbe373ba355/execute/sync - {"script":"<script> [56 bytes]","args":[{"element-6066-11e4-a52e-4f735466cecf":"f.19D3A8A536C023AFD4E776B255E62FBE.d.A0314AF981E88657912D6F050B82FBD2.e.1768","ELEMENT":"f.19D3A8A536C023AFD4E776B255E62FBE.d.A0314AF981E88657912D6F050B82FBD2.e.1768"}]}
RESULT: {"script":"<script> [56 bytes]","args":[{"element-6066-11e4-a52e-4f735466cecf":"f.19D3A8A536C023AFD4E776B255E62FBE.d.A0314AF981E88657912D6F050B82FBD2.e.1768","ELEMENT":"f.19D3A8A536C023AFD4E776B255E62FBE.d.A0314AF981E88657912D6F050B82FBD2.e.1768"}]}
COMMAND: POST /session/799be37928140a71a03c3bbe373ba355/element - {"using":"css selector","value":"#shell-header-logo"}
COMMAND: GET /session/799be37928140a71a03c3bbe373ba355/screenshot - {}
RESULT: {}
RESULT: {"using":"css selector","value":"#shell-header-logo"}
COMMAND: POST /session/799be37928140a71a03c3bbe373ba355/element/f.19D3A8A536C023AFD4E776B255E62FBE.d.A0314AF981E88657912D6F050B82FBD2.e.998/click - {}
RESULT: {}
COMMAND: GET /session/799be37928140a71a03c3bbe373ba355/screenshot - {}
RESULT: {}
COMMAND: POST /session/799be37928140a71a03c3bbe373ba355/execute/sync - {"script":"<script> [299 bytes]","args":[["getModel","getResource"]]}
RESULT: {"script":"<script> [299 bytes]","args":[["getModel","getResource"]]}
COMMAND: GET /session/799be37928140a71a03c3bbe373ba355/screenshot - {}
]]></system-out>
    </testcase>
    <testcase classname="chrome.135_0_7049_42.windows.Billing_confirm_US117289" name="Should create a new site" time="78.881">
      <system-out><![CDATA[
COMMAND: POST /session/799be37928140a71a03c3bbe373ba355/execute/async - {"script":"<script> [1562 bytes]","args":[{"selector":{"controlType":"sap.m.TileContent","bindingPath":{"path":"","propertyPath":"/properties/info"},"ancestor":{"controlType":"sap.m.GenericTile","properties":{"header":"Manage Sites"}}},"wdio_ui5_key":"sapm.TileContent{\"path\":\"\",\"propertyPath\":\"/properties/info\"}{\"controlType\":\"sap.m.GenericTile\",\"properties\":{\"header\":\"Manage Sites\"}}"}]}
RESULT: {}
RESULT: {"script":"<script> [1562 bytes]","args":[{"selector":{"controlType":"sap.m.TileContent","bindingPath":{"path":"","propertyPath":"/properties/info"},"ancestor":{"controlType":"sap.m.GenericTile","properties":{"header":"Manage Sites"}}},"wdio_ui5_key":"sapm.TileContent{\"path\":\"\",\"propertyPath\":\"/properties/info\"}{\"controlType\":\"sap.m.GenericTile\",\"properties\":{\"header\":\"Manage Sites\"}}"}]}
RESULT: undefined
COMMAND: POST /session/799be37928140a71a03c3bbe373ba355/element - {"using":"xpath","value":"//*[@id=\"__xmlview7--numericTileContent\"]"}
RESULT: {"using":"xpath","value":"//*[@id=\"__xmlview7--numericTileContent\"]"}
COMMAND: POST /session/799be37928140a71a03c3bbe373ba355/element/f.19D3A8A536C023AFD4E776B255E62FBE.d.A0314AF981E88657912D6F050B82FBD2.e.1770/click - {}
RESULT: {}
COMMAND: POST /session/799be37928140a71a03c3bbe373ba355/element - {"using":"xpath","value":"//button[@data-kt=\"addOverflowToolbarButton\"]"}
COMMAND: GET /session/799be37928140a71a03c3bbe373ba355/screenshot - {}
RESULT: {"using":"xpath","value":"//button[@data-kt=\"addOverflowToolbarButton\"]"}
COMMAND: POST /session/799be37928140a71a03c3bbe373ba355/elements - {"using":"xpath","value":"//button[@data-kt=\"addOverflowToolbarButton\"]"}
RESULT: {}
RESULT: {"using":"xpath","value":"//button[@data-kt=\"addOverflowToolbarButton\"]"}
COMMAND: POST /session/799be37928140a71a03c3bbe373ba355/elements - {"using":"xpath","value":"//button[@data-kt=\"addOverflowToolbarButton\"]"}
RESULT: {"using":"xpath","value":"//button[@data-kt=\"addOverflowToolbarButton\"]"}
COMMAND: POST /session/799be37928140a71a03c3bbe373ba355/elements - {"using":"xpath","value":"//button[@data-kt=\"addOverflowToolbarButton\"]"}
RESULT: {"using":"xpath","value":"//button[@data-kt=\"addOverflowToolbarButton\"]"}
COMMAND: POST /session/799be37928140a71a03c3bbe373ba355/elements - {"using":"xpath","value":"//button[@data-kt=\"addOverflowToolbarButton\"]"}
RESULT: {"using":"xpath","value":"//button[@data-kt=\"addOverflowToolbarButton\"]"}
COMMAND: POST /session/799be37928140a71a03c3bbe373ba355/elements - {"using":"xpath","value":"//button[@data-kt=\"addOverflowToolbarButton\"]"}
RESULT: {"using":"xpath","value":"//button[@data-kt=\"addOverflowToolbarButton\"]"}
COMMAND: POST /session/799be37928140a71a03c3bbe373ba355/element - {"using":"xpath","value":"//button[@data-kt=\"addOverflowToolbarButton\"]"}
RESULT: {"using":"xpath","value":"//button[@data-kt=\"addOverflowToolbarButton\"]"}
COMMAND: POST /session/799be37928140a71a03c3bbe373ba355/execute/sync - {"script":"<script> [8489 bytes]","args":[{"element-6066-11e4-a52e-4f735466cecf":"f.19D3A8A536C023AFD4E776B255E62FBE.d.A0314AF981E88657912D6F050B82FBD2.e.1816","ELEMENT":"f.19D3A8A536C023AFD4E776B255E62FBE.d.A0314AF981E88657912D6F050B82FBD2.e.1816"}]}
RESULT: {"script":"<script> [8489 bytes]","args":[{"element-6066-11e4-a52e-4f735466cecf":"f.19D3A8A536C023AFD4E776B255E62FBE.d.A0314AF981E88657912D6F050B82FBD2.e.1816","ELEMENT":"f.19D3A8A536C023AFD4E776B255E62FBE.d.A0314AF981E88657912D6F050B82FBD2.e.1816"}]}
COMMAND: GET /session/799be37928140a71a03c3bbe373ba355/element/f.19D3A8A536C023AFD4E776B255E62FBE.d.A0314AF981E88657912D6F050B82FBD2.e.1816/enabled - {}
COMMAND: GET /session/799be37928140a71a03c3bbe373ba355/screenshot - {}
RESULT: {}
COMMAND: POST /session/799be37928140a71a03c3bbe373ba355/execute/sync - {"script":"<script> [8489 bytes]","args":[{"element-6066-11e4-a52e-4f735466cecf":"f.19D3A8A536C023AFD4E776B255E62FBE.d.A0314AF981E88657912D6F050B82FBD2.e.1816","ELEMENT":"f.19D3A8A536C023AFD4E776B255E62FBE.d.A0314AF981E88657912D6F050B82FBD2.e.1816"}]}
COMMAND: GET /session/799be37928140a71a03c3bbe373ba355/screenshot - {}
RESULT: {}
RESULT: {"script":"<script> [8489 bytes]","args":[{"element-6066-11e4-a52e-4f735466cecf":"f.19D3A8A536C023AFD4E776B255E62FBE.d.A0314AF981E88657912D6F050B82FBD2.e.1816","ELEMENT":"f.19D3A8A536C023AFD4E776B255E62FBE.d.A0314AF981E88657912D6F050B82FBD2.e.1816"}]}
COMMAND: POST /session/799be37928140a71a03c3bbe373ba355/execute/sync - {"script":"<script> [5351 bytes]","args":[{"element-6066-11e4-a52e-4f735466cecf":"f.19D3A8A536C023AFD4E776B255E62FBE.d.A0314AF981E88657912D6F050B82FBD2.e.1816","ELEMENT":"f.19D3A8A536C023AFD4E776B255E62FBE.d.A0314AF981E88657912D6F050B82FBD2.e.1816"}]}
COMMAND: GET /session/799be37928140a71a03c3bbe373ba355/screenshot - {}
RESULT: {}
RESULT: {"script":"<script> [5351 bytes]","args":[{"element-6066-11e4-a52e-4f735466cecf":"f.19D3A8A536C023AFD4E776B255E62FBE.d.A0314AF981E88657912D6F050B82FBD2.e.1816","ELEMENT":"f.19D3A8A536C023AFD4E776B255E62FBE.d.A0314AF981E88657912D6F050B82FBD2.e.1816"}]}
COMMAND: POST /session/799be37928140a71a03c3bbe373ba355/element/f.19D3A8A536C023AFD4E776B255E62FBE.d.A0314AF981E88657912D6F050B82FBD2.e.1816/click - {}
COMMAND: GET /session/799be37928140a71a03c3bbe373ba355/screenshot - {}
RESULT: {}
RESULT: {}
COMMAND: GET /session/799be37928140a71a03c3bbe373ba355/screenshot - {}
RESULT: {}
COMMAND: POST /session/799be37928140a71a03c3bbe373ba355/execute/async - {"script":"<script> [1562 bytes]","args":[{"selector":{"id":"application-managesites-display-component---NewSite--addressDetailDetailsName1","interaction":{"idSuffix":"inner"}},"wdio_ui5_key":"applicationmanagesites-display-component---NewSite--addressDetailDetailsName1"}]}
RESULT: {}
RESULT: {"script":"<script> [1562 bytes]","args":[{"selector":{"id":"application-managesites-display-component---NewSite--addressDetailDetailsName1","interaction":{"idSuffix":"inner"}},"wdio_ui5_key":"applicationmanagesites-display-component---NewSite--addressDetailDetailsName1"}]}
RESULT: undefined
COMMAND: POST /session/799be37928140a71a03c3bbe373ba355/execute/async - {"script":"<script> [776 bytes]","args":[{"enterText":"Intracompany Site wdIO","selector":{"id":"application-managesites-display-component---NewSite--addressDetailDetailsName1","interaction":{"idSuffix":"inner"}},"clearTextFirst":true,"interactionType":"ENTER_TEXT"}]}
RESULT: {"script":"<script> [776 bytes]","args":[{"enterText":"Intracompany Site wdIO","selector":{"id":"application-managesites-display-component---NewSite--addressDetailDetailsName1","interaction":{"idSuffix":"inner"}},"clearTextFirst":true,"interactionType":"ENTER_TEXT"}]}
COMMAND: POST /session/799be37928140a71a03c3bbe373ba355/execute/async - {"script":"<script> [1562 bytes]","args":[{"selector":{"id":"application-managesites-display-component---NewSite--addressDetailDetailsLanguage-arrow"},"wdio_ui5_key":"applicationmanagesites-display-component---NewSite--addressDetailDetailsLanguage-arrow"}]}
RESULT: {"script":"<script> [1562 bytes]","args":[{"selector":{"id":"application-managesites-display-component---NewSite--addressDetailDetailsLanguage-arrow"},"wdio_ui5_key":"applicationmanagesites-display-component---NewSite--addressDetailDetailsLanguage-arrow"}]}
RESULT: undefined
COMMAND: POST /session/799be37928140a71a03c3bbe373ba355/element - {"using":"xpath","value":"//*[@id=\"application-managesites-display-component---NewSite--addressDetailDetailsLanguage-arrow\"]"}
RESULT: {"using":"xpath","value":"//*[@id=\"application-managesites-display-component---NewSite--addressDetailDetailsLanguage-arrow\"]"}
COMMAND: POST /session/799be37928140a71a03c3bbe373ba355/element/f.19D3A8A536C023AFD4E776B255E62FBE.d.A0314AF981E88657912D6F050B82FBD2.e.2430/click - {}
RESULT: {}
COMMAND: POST /session/799be37928140a71a03c3bbe373ba355/element - {"using":"xpath","value":"//span[contains(text(), \"English\")]"}
COMMAND: GET /session/799be37928140a71a03c3bbe373ba355/screenshot - {}
RESULT: {"using":"xpath","value":"//span[contains(text(), \"English\")]"}
COMMAND: POST /session/799be37928140a71a03c3bbe373ba355/element/f.19D3A8A536C023AFD4E776B255E62FBE.d.A0314AF981E88657912D6F050B82FBD2.e.2431/click - {}
RESULT: {}
RESULT: {}
COMMAND: POST /session/799be37928140a71a03c3bbe373ba355/execute/async - {"script":"<script> [1562 bytes]","args":[{"selector":{"id":"application-managesites-display-component---NewSite--addressDetailDetailsCity1","interaction":{"idSuffix":"inner"}},"wdio_ui5_key":"applicationmanagesites-display-component---NewSite--addressDetailDetailsCity1"}]}
COMMAND: GET /session/799be37928140a71a03c3bbe373ba355/screenshot - {}
RESULT: {"script":"<script> [1562 bytes]","args":[{"selector":{"id":"application-managesites-display-component---NewSite--addressDetailDetailsCity1","interaction":{"idSuffix":"inner"}},"wdio_ui5_key":"applicationmanagesites-display-component---NewSite--addressDetailDetailsCity1"}]}
RESULT: undefined
COMMAND: POST /session/799be37928140a71a03c3bbe373ba355/execute/async - {"script":"<script> [776 bytes]","args":[{"enterText":"Rosario","selector":{"id":"application-managesites-display-component---NewSite--addressDetailDetailsCity1","interaction":{"idSuffix":"inner"}},"clearTextFirst":true,"interactionType":"ENTER_TEXT"}]}
RESULT: {}
RESULT: {"script":"<script> [776 bytes]","args":[{"enterText":"Rosario","selector":{"id":"application-managesites-display-component---NewSite--addressDetailDetailsCity1","interaction":{"idSuffix":"inner"}},"clearTextFirst":true,"interactionType":"ENTER_TEXT"}]}
COMMAND: POST /session/799be37928140a71a03c3bbe373ba355/execute/async - {"script":"<script> [1562 bytes]","args":[{"selector":{"id":"application-managesites-display-component---NewSite--addressDetailDetailsCountry-arrow"},"wdio_ui5_key":"applicationmanagesites-display-component---NewSite--addressDetailDetailsCountry-arrow"}]}
RESULT: {"script":"<script> [1562 bytes]","args":[{"selector":{"id":"application-managesites-display-component---NewSite--addressDetailDetailsCountry-arrow"},"wdio_ui5_key":"applicationmanagesites-display-component---NewSite--addressDetailDetailsCountry-arrow"}]}
RESULT: undefined
COMMAND: POST /session/799be37928140a71a03c3bbe373ba355/element - {"using":"xpath","value":"//*[@id=\"application-managesites-display-component---NewSite--addressDetailDetailsCountry-arrow\"]"}
RESULT: {"using":"xpath","value":"//*[@id=\"application-managesites-display-component---NewSite--addressDetailDetailsCountry-arrow\"]"}
COMMAND: POST /session/799be37928140a71a03c3bbe373ba355/element/f.19D3A8A536C023AFD4E776B255E62FBE.d.A0314AF981E88657912D6F050B82FBD2.e.2433/click - {}
RESULT: {}
COMMAND: POST /session/799be37928140a71a03c3bbe373ba355/element - {"using":"xpath","value":"//span[contains(text(), \"Argentina\")]"}
COMMAND: GET /session/799be37928140a71a03c3bbe373ba355/screenshot - {}
RESULT: {"using":"xpath","value":"//span[contains(text(), \"Argentina\")]"}
COMMAND: POST /session/799be37928140a71a03c3bbe373ba355/element/f.19D3A8A536C023AFD4E776B255E62FBE.d.A0314AF981E88657912D6F050B82FBD2.e.2434/click - {}
RESULT: {}
RESULT: {}
COMMAND: GET /session/799be37928140a71a03c3bbe373ba355/screenshot - {}
RESULT: {}
COMMAND: POST /session/799be37928140a71a03c3bbe373ba355/execute/async - {"script":"<script> [1562 bytes]","args":[{"selector":{"id":"application-managesites-display-component---NewSite--addressEditDetailsCostObjectCstType-arrow"},"wdio_ui5_key":"applicationmanagesites-display-component---NewSite--addressEditDetailsCostObjectCstType-arrow"}]}
RESULT: {"script":"<script> [1562 bytes]","args":[{"selector":{"id":"application-managesites-display-component---NewSite--addressEditDetailsCostObjectCstType-arrow"},"wdio_ui5_key":"applicationmanagesites-display-component---NewSite--addressEditDetailsCostObjectCstType-arrow"}]}
RESULT: undefined
COMMAND: POST /session/799be37928140a71a03c3bbe373ba355/element - {"using":"xpath","value":"//*[@id=\"application-managesites-display-component---NewSite--addressEditDetailsCostObjectCstType-arrow\"]"}
RESULT: {"using":"xpath","value":"//*[@id=\"application-managesites-display-component---NewSite--addressEditDetailsCostObjectCstType-arrow\"]"}
COMMAND: POST /session/799be37928140a71a03c3bbe373ba355/element/f.19D3A8A536C023AFD4E776B255E62FBE.d.A0314AF981E88657912D6F050B82FBD2.e.2436/click - {}
RESULT: {}
COMMAND: POST /session/799be37928140a71a03c3bbe373ba355/element - {"using":"xpath","value":"//span[contains(text(), \"Cost Center\")]"}
COMMAND: GET /session/799be37928140a71a03c3bbe373ba355/screenshot - {}
RESULT: {"using":"xpath","value":"//span[contains(text(), \"Cost Center\")]"}
COMMAND: POST /session/799be37928140a71a03c3bbe373ba355/element/f.19D3A8A536C023AFD4E776B255E62FBE.d.A0314AF981E88657912D6F050B82FBD2.e.2438/click - {}
RESULT: {}
RESULT: {}
COMMAND: GET /session/799be37928140a71a03c3bbe373ba355/screenshot - {}
RESULT: {}
COMMAND: POST /session/799be37928140a71a03c3bbe373ba355/element - {"using":"xpath","value":"//span[@id=\"application-managesites-display-component---NewSite--addressNewCostObjectCstID-vhi\"]"}
RESULT: {"using":"xpath","value":"//span[@id=\"application-managesites-display-component---NewSite--addressNewCostObjectCstID-vhi\"]"}
COMMAND: POST /session/799be37928140a71a03c3bbe373ba355/execute/sync - {"script":"<script> [8489 bytes]","args":[{"element-6066-11e4-a52e-4f735466cecf":"f.19D3A8A536C023AFD4E776B255E62FBE.d.A0314AF981E88657912D6F050B82FBD2.e.2441","ELEMENT":"f.19D3A8A536C023AFD4E776B255E62FBE.d.A0314AF981E88657912D6F050B82FBD2.e.2441"}]}
RESULT: {"script":"<script> [8489 bytes]","args":[{"element-6066-11e4-a52e-4f735466cecf":"f.19D3A8A536C023AFD4E776B255E62FBE.d.A0314AF981E88657912D6F050B82FBD2.e.2441","ELEMENT":"f.19D3A8A536C023AFD4E776B255E62FBE.d.A0314AF981E88657912D6F050B82FBD2.e.2441"}]}
COMMAND: POST /session/799be37928140a71a03c3bbe373ba355/execute/async - {"script":"<script> [1562 bytes]","args":[{"selector":{"id":"application-managesites-display-component---NewSite--addressNewCostObjectCstID-vhi"},"wdio_ui5_key":"applicationmanagesites-display-component---NewSite--addressNewCostObjectCstID-vhi"}]}
COMMAND: GET /session/799be37928140a71a03c3bbe373ba355/screenshot - {}
RESULT: {"script":"<script> [1562 bytes]","args":[{"selector":{"id":"application-managesites-display-component---NewSite--addressNewCostObjectCstID-vhi"},"wdio_ui5_key":"applicationmanagesites-display-component---NewSite--addressNewCostObjectCstID-vhi"}]}
RESULT: undefined
COMMAND: POST /session/799be37928140a71a03c3bbe373ba355/element - {"using":"xpath","value":"//*[@id=\"application-managesites-display-component---NewSite--addressNewCostObjectCstID-vhi\"]"}
RESULT: {}
RESULT: {"using":"xpath","value":"//*[@id=\"application-managesites-display-component---NewSite--addressNewCostObjectCstID-vhi\"]"}
COMMAND: POST /session/799be37928140a71a03c3bbe373ba355/element/f.19D3A8A536C023AFD4E776B255E62FBE.d.A0314AF981E88657912D6F050B82FBD2.e.2441/click - {}
RESULT: {}
COMMAND: GET /session/799be37928140a71a03c3bbe373ba355/screenshot - {}
RESULT: {}
RESULT: undefined
COMMAND: POST /session/799be37928140a71a03c3bbe373ba355/execute/async - {"script":"<script> [776 bytes]","args":[{"enterText":"10001013","selector":{"controlType":"sap.m.SearchField","properties":{"placeholder":"Search"},"searchOpenDialogs":true,"interaction":{"idSuffix":"I"}},"clearTextFirst":true,"interactionType":"ENTER_TEXT"}]}
RESULT: {"script":"<script> [776 bytes]","args":[{"enterText":"10001013","selector":{"controlType":"sap.m.SearchField","properties":{"placeholder":"Search"},"searchOpenDialogs":true,"interaction":{"idSuffix":"I"}},"clearTextFirst":true,"interactionType":"ENTER_TEXT"}]}
COMMAND: POST /session/799be37928140a71a03c3bbe373ba355/actions - {"actions":[{"id":"action6","type":"key","parameters":{},"actions":[{"type":"keyDown","value":""},{"type":"pause","duration":10},{"type":"keyUp","value":""}]}]}
RESULT: {"actions":[{"id":"action6","type":"key","parameters":{},"actions":[{"type":"keyDown","value":""},{"type":"pause","duration":10},{"type":"keyUp","value":""}]}]}
COMMAND: GET /session/799be37928140a71a03c3bbe373ba355/screenshot - {}
RESULT: {}
COMMAND: POST /session/799be37928140a71a03c3bbe373ba355/element - {"using":"xpath","value":"//span[contains(text(), \"General Management\")]"}
RESULT: {"using":"xpath","value":"//span[contains(text(), \"General Management\")]"}
COMMAND: POST /session/799be37928140a71a03c3bbe373ba355/element/f.19D3A8A536C023AFD4E776B255E62FBE.d.A0314AF981E88657912D6F050B82FBD2.e.2479/click - {}
RESULT: {}
COMMAND: GET /session/799be37928140a71a03c3bbe373ba355/screenshot - {}
RESULT: {}
COMMAND: POST /session/799be37928140a71a03c3bbe373ba355/element - {"using":"xpath","value":"//bdi[contains(text(), \"OK\")]"}
RESULT: {"using":"xpath","value":"//bdi[contains(text(), \"OK\")]"}
COMMAND: POST /session/799be37928140a71a03c3bbe373ba355/element/f.19D3A8A536C023AFD4E776B255E62FBE.d.A0314AF981E88657912D6F050B82FBD2.e.2480/click - {}
RESULT: {}
COMMAND: GET /session/799be37928140a71a03c3bbe373ba355/screenshot - {}
RESULT: {}
COMMAND: POST /session/799be37928140a71a03c3bbe373ba355/element - {"using":"xpath","value":"//input[@id=\"application-managesites-display-component---NewSite--addressDetailDetailsCalendar-inner\"]"}
RESULT: {"using":"xpath","value":"//input[@id=\"application-managesites-display-component---NewSite--addressDetailDetailsCalendar-inner\"]"}
COMMAND: POST /session/799be37928140a71a03c3bbe373ba355/element/f.19D3A8A536C023AFD4E776B255E62FBE.d.A0314AF981E88657912D6F050B82FBD2.e.2229/clear - {}
RESULT: {}
COMMAND: POST /session/799be37928140a71a03c3bbe373ba355/element/f.19D3A8A536C023AFD4E776B255E62FBE.d.A0314AF981E88657912D6F050B82FBD2.e.2229/value - {"text":"Unit"}
COMMAND: GET /session/799be37928140a71a03c3bbe373ba355/screenshot - {}
RESULT: {"text":"Unit"}
COMMAND: GET /session/799be37928140a71a03c3bbe373ba355/screenshot - {}
RESULT: {}
RESULT: {}
COMMAND: POST /session/799be37928140a71a03c3bbe373ba355/actions - {"actions":[{"id":"action7","type":"key","parameters":{},"actions":[{"type":"keyDown","value":""},{"type":"pause","duration":10},{"type":"keyUp","value":""}]}]}
RESULT: {"actions":[{"id":"action7","type":"key","parameters":{},"actions":[{"type":"keyDown","value":""},{"type":"pause","duration":10},{"type":"keyUp","value":""}]}]}
COMMAND: POST /session/799be37928140a71a03c3bbe373ba355/element - {"using":"xpath","value":"//input[@id=\"application-managesites-display-component---NewSite--addressDetailDetailsYard-inner\"]"}
COMMAND: GET /session/799be37928140a71a03c3bbe373ba355/screenshot - {}
RESULT: {"using":"xpath","value":"//input[@id=\"application-managesites-display-component---NewSite--addressDetailDetailsYard-inner\"]"}
COMMAND: POST /session/799be37928140a71a03c3bbe373ba355/element/f.19D3A8A536C023AFD4E776B255E62FBE.d.A0314AF981E88657912D6F050B82FBD2.e.2230/clear - {}
RESULT: {}
RESULT: {}
COMMAND: POST /session/799be37928140a71a03c3bbe373ba355/element/f.19D3A8A536C023AFD4E776B255E62FBE.d.A0314AF981E88657912D6F050B82FBD2.e.2230/value - {"text":"592"}
COMMAND: GET /session/799be37928140a71a03c3bbe373ba355/screenshot - {}
RESULT: {"text":"592"}
COMMAND: GET /session/799be37928140a71a03c3bbe373ba355/screenshot - {}
RESULT: {}
RESULT: {}
COMMAND: POST /session/799be37928140a71a03c3bbe373ba355/element - {"using":"xpath","value":"//li[.//span[text()='592']]"}
RESULT: {"using":"xpath","value":"//li[.//span[text()='592']]"}
COMMAND: POST /session/799be37928140a71a03c3bbe373ba355/element/f.19D3A8A536C023AFD4E776B255E62FBE.d.A0314AF981E88657912D6F050B82FBD2.e.2488/click - {}
RESULT: {}
COMMAND: GET /session/799be37928140a71a03c3bbe373ba355/screenshot - {}
RESULT: {}
COMMAND: POST /session/799be37928140a71a03c3bbe373ba355/element - {"using":"xpath","value":"//input[@id=\"application-managesites-display-component---NewSite--addressDetailDetailsPartner-inner\"]"}
RESULT: {"using":"xpath","value":"//input[@id=\"application-managesites-display-component---NewSite--addressDetailDetailsPartner-inner\"]"}
COMMAND: POST /session/799be37928140a71a03c3bbe373ba355/element - {"using":"xpath","value":"//input[@id=\"application-managesites-display-component---NewSite--addressDetailDetailsPartner-inner\"]"}
RESULT: {"using":"xpath","value":"//input[@id=\"application-managesites-display-component---NewSite--addressDetailDetailsPartner-inner\"]"}
COMMAND: POST /session/799be37928140a71a03c3bbe373ba355/element - {"using":"xpath","value":"//button[@data-kt=\"saveButton\"]"}
RESULT: {"using":"xpath","value":"//button[@data-kt=\"saveButton\"]"}
COMMAND: POST /session/799be37928140a71a03c3bbe373ba355/element/f.19D3A8A536C023AFD4E776B255E62FBE.d.A0314AF981E88657912D6F050B82FBD2.e.2424/click - {}
RESULT: {}
COMMAND: GET /session/799be37928140a71a03c3bbe373ba355/screenshot - {}
RESULT: {}
COMMAND: POST /session/799be37928140a71a03c3bbe373ba355/element - {"using":"xpath","value":"//header[contains(@id, 'ObjectPageLayout-headerTitle')]/div[1]/div[2]/div[2]/span[1]"}
RESULT: {"using":"xpath","value":"//header[contains(@id, 'ObjectPageLayout-headerTitle')]/div[1]/div[2]/div[2]/span[1]"}
COMMAND: POST /session/799be37928140a71a03c3bbe373ba355/elements - {"using":"xpath","value":"//header[contains(@id, 'ObjectPageLayout-headerTitle')]/div[1]/div[2]/div[2]/span[1]"}
RESULT: {"using":"xpath","value":"//header[contains(@id, 'ObjectPageLayout-headerTitle')]/div[1]/div[2]/div[2]/span[1]"}
COMMAND: POST /session/799be37928140a71a03c3bbe373ba355/execute/sync - {"script":"<script> [56 bytes]","args":[{"element-6066-11e4-a52e-4f735466cecf":"f.19D3A8A536C023AFD4E776B255E62FBE.d.A0314AF981E88657912D6F050B82FBD2.e.2692","ELEMENT":"f.19D3A8A536C023AFD4E776B255E62FBE.d.A0314AF981E88657912D6F050B82FBD2.e.2692"}]}
RESULT: {"script":"<script> [56 bytes]","args":[{"element-6066-11e4-a52e-4f735466cecf":"f.19D3A8A536C023AFD4E776B255E62FBE.d.A0314AF981E88657912D6F050B82FBD2.e.2692","ELEMENT":"f.19D3A8A536C023AFD4E776B255E62FBE.d.A0314AF981E88657912D6F050B82FBD2.e.2692"}]}
COMMAND: POST /session/799be37928140a71a03c3bbe373ba355/element - {"using":"css selector","value":"#shell-header-logo"}
COMMAND: GET /session/799be37928140a71a03c3bbe373ba355/screenshot - {}
RESULT: {"using":"css selector","value":"#shell-header-logo"}
COMMAND: POST /session/799be37928140a71a03c3bbe373ba355/element/f.19D3A8A536C023AFD4E776B255E62FBE.d.A0314AF981E88657912D6F050B82FBD2.e.1774/click - {}
RESULT: {}
RESULT: {}
COMMAND: GET /session/799be37928140a71a03c3bbe373ba355/screenshot - {}
RESULT: {}
COMMAND: POST /session/799be37928140a71a03c3bbe373ba355/execute/sync - {"script":"<script> [299 bytes]","args":[["getModel","getResource"]]}
RESULT: {"script":"<script> [299 bytes]","args":[["getModel","getResource"]]}
]]></system-out>
    </testcase>
    <testcase classname="chrome.135_0_7049_42.windows.Billing_confirm_US117289" name="Should create a new equipment" time="110.055">
      <system-out><![CDATA[
COMMAND: POST /session/799be37928140a71a03c3bbe373ba355/execute/async - {"script":"<script> [1562 bytes]","args":[{"selector":{"controlType":"sap.m.GenericTile","properties":{"header":"Manage Resources"}},"wdio_ui5_key":"sapm.GenericTile{\"header\":\"Manage Resources\"}"}]}
COMMAND: GET /session/799be37928140a71a03c3bbe373ba355/screenshot - {}
RESULT: {"script":"<script> [1562 bytes]","args":[{"selector":{"controlType":"sap.m.GenericTile","properties":{"header":"Manage Resources"}},"wdio_ui5_key":"sapm.GenericTile{\"header\":\"Manage Resources\"}"}]}
RESULT: undefined
COMMAND: POST /session/799be37928140a71a03c3bbe373ba355/element - {"using":"xpath","value":"//*[@id=\"__tile39\"]"}
RESULT: {}
RESULT: {"using":"xpath","value":"//*[@id=\"__tile39\"]"}
COMMAND: POST /session/799be37928140a71a03c3bbe373ba355/element/f.19D3A8A536C023AFD4E776B255E62FBE.d.A0314AF981E88657912D6F050B82FBD2.e.139/click - {}
RESULT: {}
COMMAND: POST /session/799be37928140a71a03c3bbe373ba355/element - {"using":"xpath","value":"//button[@data-kt=\"addNewRUOverflowToolbarButton\"]"}
COMMAND: GET /session/799be37928140a71a03c3bbe373ba355/screenshot - {}
RESULT: {"using":"xpath","value":"//button[@data-kt=\"addNewRUOverflowToolbarButton\"]"}
COMMAND: POST /session/799be37928140a71a03c3bbe373ba355/elements - {"using":"xpath","value":"//button[@data-kt=\"addNewRUOverflowToolbarButton\"]"}
RESULT: {}
RESULT: {"using":"xpath","value":"//button[@data-kt=\"addNewRUOverflowToolbarButton\"]"}
COMMAND: POST /session/799be37928140a71a03c3bbe373ba355/elements - {"using":"xpath","value":"//button[@data-kt=\"addNewRUOverflowToolbarButton\"]"}
RESULT: {"using":"xpath","value":"//button[@data-kt=\"addNewRUOverflowToolbarButton\"]"}
COMMAND: POST /session/799be37928140a71a03c3bbe373ba355/elements - {"using":"xpath","value":"//button[@data-kt=\"addNewRUOverflowToolbarButton\"]"}
RESULT: {"using":"xpath","value":"//button[@data-kt=\"addNewRUOverflowToolbarButton\"]"}
COMMAND: POST /session/799be37928140a71a03c3bbe373ba355/elements - {"using":"xpath","value":"//button[@data-kt=\"addNewRUOverflowToolbarButton\"]"}
RESULT: {"using":"xpath","value":"//button[@data-kt=\"addNewRUOverflowToolbarButton\"]"}
COMMAND: POST /session/799be37928140a71a03c3bbe373ba355/elements - {"using":"xpath","value":"//button[@data-kt=\"addNewRUOverflowToolbarButton\"]"}
RESULT: {"using":"xpath","value":"//button[@data-kt=\"addNewRUOverflowToolbarButton\"]"}
COMMAND: POST /session/799be37928140a71a03c3bbe373ba355/elements - {"using":"xpath","value":"//button[@data-kt=\"addNewRUOverflowToolbarButton\"]"}
RESULT: {"using":"xpath","value":"//button[@data-kt=\"addNewRUOverflowToolbarButton\"]"}
COMMAND: POST /session/799be37928140a71a03c3bbe373ba355/elements - {"using":"xpath","value":"//button[@data-kt=\"addNewRUOverflowToolbarButton\"]"}
RESULT: {"using":"xpath","value":"//button[@data-kt=\"addNewRUOverflowToolbarButton\"]"}
COMMAND: POST /session/799be37928140a71a03c3bbe373ba355/elements - {"using":"xpath","value":"//button[@data-kt=\"addNewRUOverflowToolbarButton\"]"}
RESULT: undefined
RESULT: {"using":"xpath","value":"//button[@data-kt=\"addNewRUOverflowToolbarButton\"]"}
COMMAND: POST /session/799be37928140a71a03c3bbe373ba355/elements - {"using":"xpath","value":"//button[@data-kt=\"addNewRUOverflowToolbarButton\"]"}
RESULT: {"using":"xpath","value":"//button[@data-kt=\"addNewRUOverflowToolbarButton\"]"}
COMMAND: POST /session/799be37928140a71a03c3bbe373ba355/elements - {"using":"xpath","value":"//button[@data-kt=\"addNewRUOverflowToolbarButton\"]"}
RESULT: {"using":"xpath","value":"//button[@data-kt=\"addNewRUOverflowToolbarButton\"]"}
COMMAND: POST /session/799be37928140a71a03c3bbe373ba355/elements - {"using":"xpath","value":"//button[@data-kt=\"addNewRUOverflowToolbarButton\"]"}
RESULT: {"using":"xpath","value":"//button[@data-kt=\"addNewRUOverflowToolbarButton\"]"}
COMMAND: POST /session/799be37928140a71a03c3bbe373ba355/elements - {"using":"xpath","value":"//button[@data-kt=\"addNewRUOverflowToolbarButton\"]"}
RESULT: {"using":"xpath","value":"//button[@data-kt=\"addNewRUOverflowToolbarButton\"]"}
COMMAND: POST /session/799be37928140a71a03c3bbe373ba355/elements - {"using":"xpath","value":"//button[@data-kt=\"addNewRUOverflowToolbarButton\"]"}
RESULT: {"using":"xpath","value":"//button[@data-kt=\"addNewRUOverflowToolbarButton\"]"}
COMMAND: POST /session/799be37928140a71a03c3bbe373ba355/element - {"using":"xpath","value":"//button[@data-kt=\"addNewRUOverflowToolbarButton\"]"}
RESULT: {"using":"xpath","value":"//button[@data-kt=\"addNewRUOverflowToolbarButton\"]"}
COMMAND: POST /session/799be37928140a71a03c3bbe373ba355/execute/sync - {"script":"<script> [8489 bytes]","args":[{"element-6066-11e4-a52e-4f735466cecf":"f.19D3A8A536C023AFD4E776B255E62FBE.d.A0314AF981E88657912D6F050B82FBD2.e.2724","ELEMENT":"f.19D3A8A536C023AFD4E776B255E62FBE.d.A0314AF981E88657912D6F050B82FBD2.e.2724"}]}
RESULT: {"script":"<script> [8489 bytes]","args":[{"element-6066-11e4-a52e-4f735466cecf":"f.19D3A8A536C023AFD4E776B255E62FBE.d.A0314AF981E88657912D6F050B82FBD2.e.2724","ELEMENT":"f.19D3A8A536C023AFD4E776B255E62FBE.d.A0314AF981E88657912D6F050B82FBD2.e.2724"}]}
COMMAND: GET /session/799be37928140a71a03c3bbe373ba355/element/f.19D3A8A536C023AFD4E776B255E62FBE.d.A0314AF981E88657912D6F050B82FBD2.e.2724/enabled - {}
COMMAND: GET /session/799be37928140a71a03c3bbe373ba355/screenshot - {}
RESULT: {}
COMMAND: POST /session/799be37928140a71a03c3bbe373ba355/execute/sync - {"script":"<script> [8489 bytes]","args":[{"element-6066-11e4-a52e-4f735466cecf":"f.19D3A8A536C023AFD4E776B255E62FBE.d.A0314AF981E88657912D6F050B82FBD2.e.2724","ELEMENT":"f.19D3A8A536C023AFD4E776B255E62FBE.d.A0314AF981E88657912D6F050B82FBD2.e.2724"}]}
COMMAND: GET /session/799be37928140a71a03c3bbe373ba355/screenshot - {}
RESULT: {}
RESULT: {"script":"<script> [8489 bytes]","args":[{"element-6066-11e4-a52e-4f735466cecf":"f.19D3A8A536C023AFD4E776B255E62FBE.d.A0314AF981E88657912D6F050B82FBD2.e.2724","ELEMENT":"f.19D3A8A536C023AFD4E776B255E62FBE.d.A0314AF981E88657912D6F050B82FBD2.e.2724"}]}
COMMAND: POST /session/799be37928140a71a03c3bbe373ba355/execute/sync - {"script":"<script> [5351 bytes]","args":[{"element-6066-11e4-a52e-4f735466cecf":"f.19D3A8A536C023AFD4E776B255E62FBE.d.A0314AF981E88657912D6F050B82FBD2.e.2724","ELEMENT":"f.19D3A8A536C023AFD4E776B255E62FBE.d.A0314AF981E88657912D6F050B82FBD2.e.2724"}]}
COMMAND: GET /session/799be37928140a71a03c3bbe373ba355/screenshot - {}
RESULT: {}
RESULT: {"script":"<script> [5351 bytes]","args":[{"element-6066-11e4-a52e-4f735466cecf":"f.19D3A8A536C023AFD4E776B255E62FBE.d.A0314AF981E88657912D6F050B82FBD2.e.2724","ELEMENT":"f.19D3A8A536C023AFD4E776B255E62FBE.d.A0314AF981E88657912D6F050B82FBD2.e.2724"}]}
COMMAND: POST /session/799be37928140a71a03c3bbe373ba355/element/f.19D3A8A536C023AFD4E776B255E62FBE.d.A0314AF981E88657912D6F050B82FBD2.e.2724/click - {}
COMMAND: GET /session/799be37928140a71a03c3bbe373ba355/screenshot - {}
RESULT: {}
RESULT: {}
COMMAND: GET /session/799be37928140a71a03c3bbe373ba355/screenshot - {}
RESULT: {}
RESULT: {}
COMMAND: POST /session/799be37928140a71a03c3bbe373ba355/execute/async - {"script":"<script> [1562 bytes]","args":[{"selector":{"id":"application-manageresources-display-component---newResourceUnit--TYPE-arrow"},"wdio_ui5_key":"applicationmanageresources-display-component---newResourceUnit--TYPE-arrow"}]}
RESULT: {"script":"<script> [1562 bytes]","args":[{"selector":{"id":"application-manageresources-display-component---newResourceUnit--TYPE-arrow"},"wdio_ui5_key":"applicationmanageresources-display-component---newResourceUnit--TYPE-arrow"}]}
RESULT: undefined
COMMAND: POST /session/799be37928140a71a03c3bbe373ba355/element - {"using":"xpath","value":"//*[@id=\"application-manageresources-display-component---newResourceUnit--TYPE-arrow\"]"}
RESULT: {"using":"xpath","value":"//*[@id=\"application-manageresources-display-component---newResourceUnit--TYPE-arrow\"]"}
COMMAND: POST /session/799be37928140a71a03c3bbe373ba355/element/f.19D3A8A536C023AFD4E776B255E62FBE.d.A0314AF981E88657912D6F050B82FBD2.e.3097/click - {}
RESULT: {}
COMMAND: POST /session/799be37928140a71a03c3bbe373ba355/element - {"using":"xpath","value":"//input[@id=\"application-manageresources-display-component---newResourceUnit--TYPE-inner\"]"}
COMMAND: GET /session/799be37928140a71a03c3bbe373ba355/screenshot - {}
RESULT: {"using":"xpath","value":"//input[@id=\"application-manageresources-display-component---newResourceUnit--TYPE-inner\"]"}
COMMAND: POST /session/799be37928140a71a03c3bbe373ba355/element/f.19D3A8A536C023AFD4E776B255E62FBE.d.A0314AF981E88657912D6F050B82FBD2.e.3084/clear - {}
RESULT: {}
RESULT: {}
COMMAND: POST /session/799be37928140a71a03c3bbe373ba355/element/f.19D3A8A536C023AFD4E776B255E62FBE.d.A0314AF981E88657912D6F050B82FBD2.e.3084/value - {"text":"Equipment"}
COMMAND: GET /session/799be37928140a71a03c3bbe373ba355/screenshot - {}
RESULT: {"text":"Equipment"}
COMMAND: GET /session/799be37928140a71a03c3bbe373ba355/screenshot - {}
RESULT: {}
RESULT: {}
COMMAND: POST /session/799be37928140a71a03c3bbe373ba355/actions - {"actions":[{"id":"action8","type":"key","parameters":{},"actions":[{"type":"keyDown","value":""},{"type":"pause","duration":10},{"type":"keyUp","value":""}]}]}
RESULT: {"actions":[{"id":"action8","type":"key","parameters":{},"actions":[{"type":"keyDown","value":""},{"type":"pause","duration":10},{"type":"keyUp","value":""}]}]}
COMMAND: POST /session/799be37928140a71a03c3bbe373ba355/execute/async - {"script":"<script> [1562 bytes]","args":[{"selector":{"id":"application-manageresources-display-component---newResourceUnit--resourceId","interaction":{"idSuffix":"inner"}},"wdio_ui5_key":"applicationmanageresources-display-component---newResourceUnit--resourceId"}]}
COMMAND: GET /session/799be37928140a71a03c3bbe373ba355/screenshot - {}
RESULT: {"script":"<script> [1562 bytes]","args":[{"selector":{"id":"application-manageresources-display-component---newResourceUnit--resourceId","interaction":{"idSuffix":"inner"}},"wdio_ui5_key":"applicationmanageresources-display-component---newResourceUnit--resourceId"}]}
RESULT: undefined
COMMAND: POST /session/799be37928140a71a03c3bbe373ba355/execute/async - {"script":"<script> [776 bytes]","args":[{"enterText":"R3wetoI3gY","selector":{"id":"application-manageresources-display-component---newResourceUnit--resourceId","interaction":{"idSuffix":"inner"}},"clearTextFirst":true,"interactionType":"ENTER_TEXT"}]}
RESULT: {}
RESULT: {"script":"<script> [776 bytes]","args":[{"enterText":"R3wetoI3gY","selector":{"id":"application-manageresources-display-component---newResourceUnit--resourceId","interaction":{"idSuffix":"inner"}},"clearTextFirst":true,"interactionType":"ENTER_TEXT"}]}
COMMAND: POST /session/799be37928140a71a03c3bbe373ba355/execute/async - {"script":"<script> [1562 bytes]","args":[{"selector":{"id":"application-manageresources-display-component---newResourceUnit--SHORT_TEXT","interaction":{"idSuffix":"inner"}},"wdio_ui5_key":"applicationmanageresources-display-component---newResourceUnit--SHORT_TEXT"}]}
RESULT: {"script":"<script> [1562 bytes]","args":[{"selector":{"id":"application-manageresources-display-component---newResourceUnit--SHORT_TEXT","interaction":{"idSuffix":"inner"}},"wdio_ui5_key":"applicationmanageresources-display-component---newResourceUnit--SHORT_TEXT"}]}
RESULT: undefined
COMMAND: POST /session/799be37928140a71a03c3bbe373ba355/execute/async - {"script":"<script> [776 bytes]","args":[{"enterText":"Intercompany Equipment WDIO","selector":{"id":"application-manageresources-display-component---newResourceUnit--SHORT_TEXT","interaction":{"idSuffix":"inner"}},"clearTextFirst":true,"interactionType":"ENTER_TEXT"}]}
RESULT: {"script":"<script> [776 bytes]","args":[{"enterText":"Intercompany Equipment WDIO","selector":{"id":"application-manageresources-display-component---newResourceUnit--SHORT_TEXT","interaction":{"idSuffix":"inner"}},"clearTextFirst":true,"interactionType":"ENTER_TEXT"}]}
COMMAND: POST /session/799be37928140a71a03c3bbe373ba355/execute/async - {"script":"<script> [1562 bytes]","args":[{"selector":{"id":"application-manageresources-display-component---newResourceUnit--BASE_UNIT_OF_MEASURE","interaction":{"idSuffix":"inner"}},"wdio_ui5_key":"applicationmanageresources-display-component---newResourceUnit--BASE_UNIT_OF_MEASURE"}]}
RESULT: {"script":"<script> [1562 bytes]","args":[{"selector":{"id":"application-manageresources-display-component---newResourceUnit--BASE_UNIT_OF_MEASURE","interaction":{"idSuffix":"inner"}},"wdio_ui5_key":"applicationmanageresources-display-component---newResourceUnit--BASE_UNIT_OF_MEASURE"}]}
RESULT: undefined
COMMAND: POST /session/799be37928140a71a03c3bbe373ba355/execute/async - {"script":"<script> [776 bytes]","args":[{"enterText":"Piece","selector":{"id":"application-manageresources-display-component---newResourceUnit--BASE_UNIT_OF_MEASURE","interaction":{"idSuffix":"inner"}},"clearTextFirst":true,"interactionType":"ENTER_TEXT"}]}
RESULT: {"script":"<script> [776 bytes]","args":[{"enterText":"Piece","selector":{"id":"application-manageresources-display-component---newResourceUnit--BASE_UNIT_OF_MEASURE","interaction":{"idSuffix":"inner"}},"clearTextFirst":true,"interactionType":"ENTER_TEXT"}]}
COMMAND: POST /session/799be37928140a71a03c3bbe373ba355/execute/async - {"script":"<script> [1562 bytes]","args":[{"selector":{"id":"application-manageresources-display-component---newResourceUnit--WEIGHT_UNIT","interaction":{"idSuffix":"inner"}},"wdio_ui5_key":"applicationmanageresources-display-component---newResourceUnit--WEIGHT_UNIT"}]}
RESULT: {"script":"<script> [1562 bytes]","args":[{"selector":{"id":"application-manageresources-display-component---newResourceUnit--WEIGHT_UNIT","interaction":{"idSuffix":"inner"}},"wdio_ui5_key":"applicationmanageresources-display-component---newResourceUnit--WEIGHT_UNIT"}]}
RESULT: undefined
COMMAND: POST /session/799be37928140a71a03c3bbe373ba355/execute/async - {"script":"<script> [776 bytes]","args":[{"enterText":"Gram","selector":{"id":"application-manageresources-display-component---newResourceUnit--WEIGHT_UNIT","interaction":{"idSuffix":"inner"}},"clearTextFirst":true,"interactionType":"ENTER_TEXT"}]}
RESULT: {"script":"<script> [776 bytes]","args":[{"enterText":"Gram","selector":{"id":"application-manageresources-display-component---newResourceUnit--WEIGHT_UNIT","interaction":{"idSuffix":"inner"}},"clearTextFirst":true,"interactionType":"ENTER_TEXT"}]}
COMMAND: POST /session/799be37928140a71a03c3bbe373ba355/execute/async - {"script":"<script> [1562 bytes]","args":[{"selector":{"id":"application-manageresources-display-component---newResourceUnit--DIMENSION_UNIT","interaction":{"idSuffix":"inner"}},"wdio_ui5_key":"applicationmanageresources-display-component---newResourceUnit--DIMENSION_UNIT"}]}
RESULT: {"script":"<script> [1562 bytes]","args":[{"selector":{"id":"application-manageresources-display-component---newResourceUnit--DIMENSION_UNIT","interaction":{"idSuffix":"inner"}},"wdio_ui5_key":"applicationmanageresources-display-component---newResourceUnit--DIMENSION_UNIT"}]}
RESULT: undefined
COMMAND: POST /session/799be37928140a71a03c3bbe373ba355/execute/async - {"script":"<script> [776 bytes]","args":[{"enterText":"Meter","selector":{"id":"application-manageresources-display-component---newResourceUnit--DIMENSION_UNIT","interaction":{"idSuffix":"inner"}},"clearTextFirst":true,"interactionType":"ENTER_TEXT"}]}
RESULT: {"script":"<script> [776 bytes]","args":[{"enterText":"Meter","selector":{"id":"application-manageresources-display-component---newResourceUnit--DIMENSION_UNIT","interaction":{"idSuffix":"inner"}},"clearTextFirst":true,"interactionType":"ENTER_TEXT"}]}
COMMAND: POST /session/799be37928140a71a03c3bbe373ba355/execute/async - {"script":"<script> [1562 bytes]","args":[{"selector":{"id":"application-manageresources-display-component---newResourceUnit--newRRUPage-anchBar-application-manageresources-display-component---newResourceUnit--control-anchor","interaction":{"idSuffix":"BDI-content"}},"wdio_ui5_key":"applicationmanageresources-display-component---newResourceUnit--newRRUPage-anchBar-application-manageresources-display-component---newResourceUnit--control-anchor"}]}
RESULT: {"script":"<script> [1562 bytes]","args":[{"selector":{"id":"application-manageresources-display-component---newResourceUnit--newRRUPage-anchBar-application-manageresources-display-component---newResourceUnit--control-anchor","interaction":{"idSuffix":"BDI-content"}},"wdio_ui5_key":"applicationmanageresources-display-component---newResourceUnit--newRRUPage-anchBar-application-manageresources-display-component---newResourceUnit--control-anchor"}]}
RESULT: undefined
COMMAND: POST /session/799be37928140a71a03c3bbe373ba355/element - {"using":"xpath","value":"//*[@id=\"application-manageresources-display-component---newResourceUnit--newRRUPage-anchBar-application-manageresources-display-component---newResourceUnit--control-anchor\"]"}
RESULT: {"using":"xpath","value":"//*[@id=\"application-manageresources-display-component---newResourceUnit--newRRUPage-anchBar-application-manageresources-display-component---newResourceUnit--control-anchor\"]"}
COMMAND: POST /session/799be37928140a71a03c3bbe373ba355/element/f.19D3A8A536C023AFD4E776B255E62FBE.d.A0314AF981E88657912D6F050B82FBD2.e.3230/click - {}
RESULT: {}
COMMAND: POST /session/799be37928140a71a03c3bbe373ba355/execute/async - {"script":"<script> [1562 bytes]","args":[{"selector":{"id":"application-manageresources-display-component---newResourceUnit--PLANNING_GROUP","interaction":{"idSuffix":"inner"}},"wdio_ui5_key":"applicationmanageresources-display-component---newResourceUnit--PLANNING_GROUP"}]}
COMMAND: GET /session/799be37928140a71a03c3bbe373ba355/screenshot - {}
RESULT: {"script":"<script> [1562 bytes]","args":[{"selector":{"id":"application-manageresources-display-component---newResourceUnit--PLANNING_GROUP","interaction":{"idSuffix":"inner"}},"wdio_ui5_key":"applicationmanageresources-display-component---newResourceUnit--PLANNING_GROUP"}]}
RESULT: undefined
COMMAND: POST /session/799be37928140a71a03c3bbe373ba355/execute/async - {"script":"<script> [776 bytes]","args":[{"enterText":"Heavy Equi","selector":{"id":"application-manageresources-display-component---newResourceUnit--PLANNING_GROUP","interaction":{"idSuffix":"inner"}},"clearTextFirst":true,"interactionType":"ENTER_TEXT"}]}
RESULT: {}
RESULT: {"script":"<script> [776 bytes]","args":[{"enterText":"Heavy Equi","selector":{"id":"application-manageresources-display-component---newResourceUnit--PLANNING_GROUP","interaction":{"idSuffix":"inner"}},"clearTextFirst":true,"interactionType":"ENTER_TEXT"}]}
COMMAND: POST /session/799be37928140a71a03c3bbe373ba355/execute/async - {"script":"<script> [1562 bytes]","args":[{"selector":{"id":"application-manageresources-display-component---newResourceUnit--ITEM_TYPE-arrow"},"wdio_ui5_key":"applicationmanageresources-display-component---newResourceUnit--ITEM_TYPE-arrow"}]}
RESULT: {"script":"<script> [1562 bytes]","args":[{"selector":{"id":"application-manageresources-display-component---newResourceUnit--ITEM_TYPE-arrow"},"wdio_ui5_key":"applicationmanageresources-display-component---newResourceUnit--ITEM_TYPE-arrow"}]}
RESULT: undefined
COMMAND: POST /session/799be37928140a71a03c3bbe373ba355/element - {"using":"xpath","value":"//*[@id=\"application-manageresources-display-component---newResourceUnit--ITEM_TYPE-arrow\"]"}
RESULT: {"using":"xpath","value":"//*[@id=\"application-manageresources-display-component---newResourceUnit--ITEM_TYPE-arrow\"]"}
COMMAND: POST /session/799be37928140a71a03c3bbe373ba355/element/f.19D3A8A536C023AFD4E776B255E62FBE.d.A0314AF981E88657912D6F050B82FBD2.e.3239/click - {}
RESULT: {}
COMMAND: POST /session/799be37928140a71a03c3bbe373ba355/element - {"using":"xpath","value":"(//span[contains(text(), \"Resource Unit\")])[2]"}
COMMAND: GET /session/799be37928140a71a03c3bbe373ba355/screenshot - {}
RESULT: {"using":"xpath","value":"(//span[contains(text(), \"Resource Unit\")])[2]"}
COMMAND: POST /session/799be37928140a71a03c3bbe373ba355/element/f.19D3A8A536C023AFD4E776B255E62FBE.d.A0314AF981E88657912D6F050B82FBD2.e.3240/click - {}
RESULT: {}
RESULT: {}
COMMAND: GET /session/799be37928140a71a03c3bbe373ba355/screenshot - {}
RESULT: {}
COMMAND: POST /session/799be37928140a71a03c3bbe373ba355/element - {"using":"css selector","value":"#application-manageresources-display-component---newResourceUnit--btnAddTimeSegment"}
RESULT: {"using":"css selector","value":"#application-manageresources-display-component---newResourceUnit--btnAddTimeSegment"}
COMMAND: GET /session/799be37928140a71a03c3bbe373ba355/element/f.19D3A8A536C023AFD4E776B255E62FBE.d.A0314AF981E88657912D6F050B82FBD2.e.3241/rect - {}
RESULT: {}
COMMAND: GET /session/799be37928140a71a03c3bbe373ba355/window/rect - {}
RESULT: {}
COMMAND: POST /session/799be37928140a71a03c3bbe373ba355/execute/sync - {"script":"<script> [92 bytes]","args":[]}
RESULT: {"script":"<script> [92 bytes]","args":[]}
COMMAND: POST /session/799be37928140a71a03c3bbe373ba355/actions - {"actions":[{"id":"action9","type":"wheel","parameters":{},"actions":[{"type":"scroll","x":-1888,"y":-32,"deltaX":0,"deltaY":0,"duration":0,"origin":{"element-6066-11e4-a52e-4f735466cecf":"f.19D3A8A536C023AFD4E776B255E62FBE.d.A0314AF981E88657912D6F050B82FBD2.e.3241"}}]}]}
COMMAND: GET /session/799be37928140a71a03c3bbe373ba355/screenshot - {}
RESULT: {}
COMMAND: POST /session/799be37928140a71a03c3bbe373ba355/execute/sync - {"script":"<script> [79 bytes]","args":[{"element-6066-11e4-a52e-4f735466cecf":"f.19D3A8A536C023AFD4E776B255E62FBE.d.A0314AF981E88657912D6F050B82FBD2.e.3241","ELEMENT":"f.19D3A8A536C023AFD4E776B255E62FBE.d.A0314AF981E88657912D6F050B82FBD2.e.3241"},{"block":"start","inline":"nearest"}]}
RESULT: {"script":"<script> [79 bytes]","args":[{"element-6066-11e4-a52e-4f735466cecf":"f.19D3A8A536C023AFD4E776B255E62FBE.d.A0314AF981E88657912D6F050B82FBD2.e.3241","ELEMENT":"f.19D3A8A536C023AFD4E776B255E62FBE.d.A0314AF981E88657912D6F050B82FBD2.e.3241"},{"block":"start","inline":"nearest"}]}
COMMAND: POST /session/799be37928140a71a03c3bbe373ba355/execute/async - {"script":"<script> [1562 bytes]","args":[{"selector":{"id":"application-manageresources-display-component---newResourceUnit--btnAddTimeSegment","interaction":{"idSuffix":"inner"}},"wdio_ui5_key":"applicationmanageresources-display-component---newResourceUnit--btnAddTimeSegment"}]}
COMMAND: GET /session/799be37928140a71a03c3bbe373ba355/screenshot - {}
RESULT: {"script":"<script> [1562 bytes]","args":[{"selector":{"id":"application-manageresources-display-component---newResourceUnit--btnAddTimeSegment","interaction":{"idSuffix":"inner"}},"wdio_ui5_key":"applicationmanageresources-display-component---newResourceUnit--btnAddTimeSegment"}]}
RESULT: undefined
COMMAND: POST /session/799be37928140a71a03c3bbe373ba355/element - {"using":"xpath","value":"//*[@id=\"application-manageresources-display-component---newResourceUnit--btnAddTimeSegment\"]"}
RESULT: {}
RESULT: {"using":"xpath","value":"//*[@id=\"application-manageresources-display-component---newResourceUnit--btnAddTimeSegment\"]"}
COMMAND: POST /session/799be37928140a71a03c3bbe373ba355/element/f.19D3A8A536C023AFD4E776B255E62FBE.d.A0314AF981E88657912D6F050B82FBD2.e.3241/click - {}
RESULT: {}
COMMAND: GET /session/799be37928140a71a03c3bbe373ba355/screenshot - {}
RESULT: {}
COMMAND: POST /session/799be37928140a71a03c3bbe373ba355/element - {"using":"xpath","value":"//input[@id=\"application-manageresources-display-component---newResourceUnit--idRuTSAdmin-application-manageresources-display-component---newResourceUnit--RUTimeSegment-0-inner\"]"}
RESULT: {"using":"xpath","value":"//input[@id=\"application-manageresources-display-component---newResourceUnit--idRuTSAdmin-application-manageresources-display-component---newResourceUnit--RUTimeSegment-0-inner\"]"}
COMMAND: POST /session/799be37928140a71a03c3bbe373ba355/element/f.19D3A8A536C023AFD4E776B255E62FBE.d.A0314AF981E88657912D6F050B82FBD2.e.3247/clear - {}
RESULT: {}
COMMAND: POST /session/799be37928140a71a03c3bbe373ba355/element/f.19D3A8A536C023AFD4E776B255E62FBE.d.A0314AF981E88657912D6F050B82FBD2.e.3247/value - {"text":"592"}
COMMAND: GET /session/799be37928140a71a03c3bbe373ba355/screenshot - {}
RESULT: {"text":"592"}
COMMAND: GET /session/799be37928140a71a03c3bbe373ba355/screenshot - {}
RESULT: {}
RESULT: {}
COMMAND: POST /session/799be37928140a71a03c3bbe373ba355/element - {"using":"xpath","value":"//li[.//span[text()='592']]"}
RESULT: {"using":"xpath","value":"//li[.//span[text()='592']]"}
COMMAND: POST /session/799be37928140a71a03c3bbe373ba355/element/f.19D3A8A536C023AFD4E776B255E62FBE.d.A0314AF981E88657912D6F050B82FBD2.e.3259/click - {}
RESULT: {}
COMMAND: GET /session/799be37928140a71a03c3bbe373ba355/screenshot - {}
RESULT: {}
COMMAND: POST /session/799be37928140a71a03c3bbe373ba355/element - {"using":"xpath","value":"(//span[contains(@id, \"-application-manageresources-display-component---newResourceUnit--RUTimeSegment-0-arrow\")])[6]"}
RESULT: {"using":"xpath","value":"(//span[contains(@id, \"-application-manageresources-display-component---newResourceUnit--RUTimeSegment-0-arrow\")])[6]"}
COMMAND: POST /session/799be37928140a71a03c3bbe373ba355/element/f.19D3A8A536C023AFD4E776B255E62FBE.d.A0314AF981E88657912D6F050B82FBD2.e.3260/click - {}
RESULT: {}
COMMAND: POST /session/799be37928140a71a03c3bbe373ba355/element - {"using":"xpath","value":"//span[contains(text(), \"PM Order\")]"}
COMMAND: GET /session/799be37928140a71a03c3bbe373ba355/screenshot - {}
RESULT: {"using":"xpath","value":"//span[contains(text(), \"PM Order\")]"}
COMMAND: POST /session/799be37928140a71a03c3bbe373ba355/element/f.19D3A8A536C023AFD4E776B255E62FBE.d.A0314AF981E88657912D6F050B82FBD2.e.3263/click - {}
RESULT: {}
RESULT: {}
COMMAND: GET /session/799be37928140a71a03c3bbe373ba355/screenshot - {}
RESULT: {}
COMMAND: POST /session/799be37928140a71a03c3bbe373ba355/element - {"using":"xpath","value":"(//span[contains(@id ,\"manageresources-display-component---newResourceUnit--RUTimeSegment-0-vhi\")])[2]"}
RESULT: {"using":"xpath","value":"(//span[contains(@id ,\"manageresources-display-component---newResourceUnit--RUTimeSegment-0-vhi\")])[2]"}
COMMAND: POST /session/799be37928140a71a03c3bbe373ba355/element/f.19D3A8A536C023AFD4E776B255E62FBE.d.A0314AF981E88657912D6F050B82FBD2.e.3266/click - {}
RESULT: {}
COMMAND: GET /session/799be37928140a71a03c3bbe373ba355/screenshot - {}
RESULT: {}
RESULT: undefined
COMMAND: POST /session/799be37928140a71a03c3bbe373ba355/execute/async - {"script":"<script> [776 bytes]","args":[{"enterText":"4000360","selector":{"controlType":"sap.m.SearchField","properties":{"placeholder":"Search"},"searchOpenDialogs":true,"interaction":{"idSuffix":"I"}},"clearTextFirst":true,"interactionType":"ENTER_TEXT"}]}
RESULT: {"script":"<script> [776 bytes]","args":[{"enterText":"4000360","selector":{"controlType":"sap.m.SearchField","properties":{"placeholder":"Search"},"searchOpenDialogs":true,"interaction":{"idSuffix":"I"}},"clearTextFirst":true,"interactionType":"ENTER_TEXT"}]}
COMMAND: POST /session/799be37928140a71a03c3bbe373ba355/actions - {"actions":[{"id":"action10","type":"key","parameters":{},"actions":[{"type":"keyDown","value":""},{"type":"pause","duration":10},{"type":"keyUp","value":""}]}]}
RESULT: {"actions":[{"id":"action10","type":"key","parameters":{},"actions":[{"type":"keyDown","value":""},{"type":"pause","duration":10},{"type":"keyUp","value":""}]}]}
COMMAND: GET /session/799be37928140a71a03c3bbe373ba355/screenshot - {}
RESULT: {}
COMMAND: POST /session/799be37928140a71a03c3bbe373ba355/element - {"using":"xpath","value":"//td/div/span[contains(text(), \"BGL Vehicles\")]"}
RESULT: {"using":"xpath","value":"//td/div/span[contains(text(), \"BGL Vehicles\")]"}
COMMAND: POST /session/799be37928140a71a03c3bbe373ba355/element/f.19D3A8A536C023AFD4E776B255E62FBE.d.A0314AF981E88657912D6F050B82FBD2.e.3285/click - {}
RESULT: {}
COMMAND: GET /session/799be37928140a71a03c3bbe373ba355/screenshot - {}
RESULT: {}
COMMAND: POST /session/799be37928140a71a03c3bbe373ba355/element - {"using":"xpath","value":"//bdi[contains(text(), \"OK\")]"}
RESULT: {"using":"xpath","value":"//bdi[contains(text(), \"OK\")]"}
COMMAND: POST /session/799be37928140a71a03c3bbe373ba355/element/f.19D3A8A536C023AFD4E776B255E62FBE.d.A0314AF981E88657912D6F050B82FBD2.e.3286/click - {}
RESULT: {}
COMMAND: GET /session/799be37928140a71a03c3bbe373ba355/screenshot - {}
RESULT: {}
COMMAND: POST /session/799be37928140a71a03c3bbe373ba355/execute/async - {"script":"<script> [1562 bytes]","args":[{"selector":{"id":"application-manageresources-display-component---newResourceUnit--newRRUPage-anchBar-application-manageresources-display-component---newResourceUnit--resource-anchor","interaction":{"idSuffix":"BDI-content"}},"wdio_ui5_key":"applicationmanageresources-display-component---newResourceUnit--newRRUPage-anchBar-application-manageresources-display-component---newResourceUnit--resource-anchor"}]}
RESULT: {"script":"<script> [1562 bytes]","args":[{"selector":{"id":"application-manageresources-display-component---newResourceUnit--newRRUPage-anchBar-application-manageresources-display-component---newResourceUnit--resource-anchor","interaction":{"idSuffix":"BDI-content"}},"wdio_ui5_key":"applicationmanageresources-display-component---newResourceUnit--newRRUPage-anchBar-application-manageresources-display-component---newResourceUnit--resource-anchor"}]}
RESULT: undefined
COMMAND: POST /session/799be37928140a71a03c3bbe373ba355/element - {"using":"xpath","value":"//*[@id=\"application-manageresources-display-component---newResourceUnit--newRRUPage-anchBar-application-manageresources-display-component---newResourceUnit--resource-anchor\"]"}
RESULT: {"using":"xpath","value":"//*[@id=\"application-manageresources-display-component---newResourceUnit--newRRUPage-anchBar-application-manageresources-display-component---newResourceUnit--resource-anchor\"]"}
COMMAND: POST /session/799be37928140a71a03c3bbe373ba355/element/f.19D3A8A536C023AFD4E776B255E62FBE.d.A0314AF981E88657912D6F050B82FBD2.e.3290/click - {}
RESULT: {}
COMMAND: POST /session/799be37928140a71a03c3bbe373ba355/execute/async - {"script":"<script> [1562 bytes]","args":[{"selector":{"id":"application-manageresources-display-component---newResourceUnit--PLANNED_DELIVERY_DATE","interaction":{"idSuffix":"inner"}},"wdio_ui5_key":"applicationmanageresources-display-component---newResourceUnit--PLANNED_DELIVERY_DATE"}]}
COMMAND: GET /session/799be37928140a71a03c3bbe373ba355/screenshot - {}
RESULT: {"script":"<script> [1562 bytes]","args":[{"selector":{"id":"application-manageresources-display-component---newResourceUnit--PLANNED_DELIVERY_DATE","interaction":{"idSuffix":"inner"}},"wdio_ui5_key":"applicationmanageresources-display-component---newResourceUnit--PLANNED_DELIVERY_DATE"}]}
RESULT: undefined
COMMAND: POST /session/799be37928140a71a03c3bbe373ba355/execute/async - {"script":"<script> [6424 bytes]","args":[{"element-6066-11e4-a52e-4f735466cecf":"f.19D3A8A536C023AFD4E776B255E62FBE.d.A0314AF981E88657912D6F050B82FBD2.e.3153"},"setValue",["4/19/25"]]}
RESULT: {}
RESULT: {"script":"<script> [6424 bytes]","args":[{"element-6066-11e4-a52e-4f735466cecf":"f.19D3A8A536C023AFD4E776B255E62FBE.d.A0314AF981E88657912D6F050B82FBD2.e.3153"},"setValue",["4/19/25"]]}
COMMAND: POST /session/799be37928140a71a03c3bbe373ba355/element - {"using":"xpath","value":"//button[@data-kt=\"resourceUnitSaveButton\"]"}
RESULT: {"using":"xpath","value":"//button[@data-kt=\"resourceUnitSaveButton\"]"}
COMMAND: POST /session/799be37928140a71a03c3bbe373ba355/element/f.19D3A8A536C023AFD4E776B255E62FBE.d.A0314AF981E88657912D6F050B82FBD2.e.3114/click - {}
RESULT: {}
COMMAND: GET /session/799be37928140a71a03c3bbe373ba355/screenshot - {}
RESULT: {}
COMMAND: POST /session/799be37928140a71a03c3bbe373ba355/element - {"using":"xpath","value":"//bdi[contains(text(), \"Close\")]"}
RESULT: {"using":"xpath","value":"//bdi[contains(text(), \"Close\")]"}
COMMAND: POST /session/799be37928140a71a03c3bbe373ba355/element/f.19D3A8A536C023AFD4E776B255E62FBE.d.A0314AF981E88657912D6F050B82FBD2.e.3298/click - {}
RESULT: {}
COMMAND: GET /session/799be37928140a71a03c3bbe373ba355/screenshot - {}
RESULT: {}
COMMAND: POST /session/799be37928140a71a03c3bbe373ba355/element - {"using":"xpath","value":"(//button[contains(@id ,\"actionsToolbar-overflowButton\")])[1]"}
RESULT: {"using":"xpath","value":"(//button[contains(@id ,\"actionsToolbar-overflowButton\")])[1]"}
COMMAND: POST /session/799be37928140a71a03c3bbe373ba355/element/f.19D3A8A536C023AFD4E776B255E62FBE.d.A0314AF981E88657912D6F050B82FBD2.e.3353/click - {}
RESULT: {}
COMMAND: GET /session/799be37928140a71a03c3bbe373ba355/screenshot - {}
RESULT: {}
COMMAND: POST /session/799be37928140a71a03c3bbe373ba355/element - {"using":"xpath","value":"//button[@data-kt=\"priceInfoButton\"]"}
RESULT: {"using":"xpath","value":"//button[@data-kt=\"priceInfoButton\"]"}
COMMAND: POST /session/799be37928140a71a03c3bbe373ba355/element/f.19D3A8A536C023AFD4E776B255E62FBE.d.A0314AF981E88657912D6F050B82FBD2.e.3355/click - {}
RESULT: {}
COMMAND: GET /session/799be37928140a71a03c3bbe373ba355/screenshot - {}
RESULT: {}
]]></system-out>
    </testcase>
    <testcase classname="chrome.135_0_7049_42.windows.Billing_confirm_US117289" name="Should create new pricing rule" time="49.798">
      <system-out><![CDATA[
COMMAND: POST /session/799be37928140a71a03c3bbe373ba355/element - {"using":"xpath","value":"//button[@data-kt=\"addButton\"]"}
RESULT: {"using":"xpath","value":"//button[@data-kt=\"addButton\"]"}
COMMAND: POST /session/799be37928140a71a03c3bbe373ba355/elements - {"using":"xpath","value":"//button[@data-kt=\"addButton\"]"}
RESULT: {"using":"xpath","value":"//button[@data-kt=\"addButton\"]"}
COMMAND: POST /session/799be37928140a71a03c3bbe373ba355/elements - {"using":"xpath","value":"//button[@data-kt=\"addButton\"]"}
RESULT: {"using":"xpath","value":"//button[@data-kt=\"addButton\"]"}
COMMAND: POST /session/799be37928140a71a03c3bbe373ba355/element - {"using":"xpath","value":"//button[@data-kt=\"addButton\"]"}
RESULT: {"using":"xpath","value":"//button[@data-kt=\"addButton\"]"}
COMMAND: POST /session/799be37928140a71a03c3bbe373ba355/execute/sync - {"script":"<script> [8489 bytes]","args":[{"element-6066-11e4-a52e-4f735466cecf":"f.19D3A8A536C023AFD4E776B255E62FBE.d.A0314AF981E88657912D6F050B82FBD2.e.3391","ELEMENT":"f.19D3A8A536C023AFD4E776B255E62FBE.d.A0314AF981E88657912D6F050B82FBD2.e.3391"}]}
RESULT: {"script":"<script> [8489 bytes]","args":[{"element-6066-11e4-a52e-4f735466cecf":"f.19D3A8A536C023AFD4E776B255E62FBE.d.A0314AF981E88657912D6F050B82FBD2.e.3391","ELEMENT":"f.19D3A8A536C023AFD4E776B255E62FBE.d.A0314AF981E88657912D6F050B82FBD2.e.3391"}]}
COMMAND: GET /session/799be37928140a71a03c3bbe373ba355/element/f.19D3A8A536C023AFD4E776B255E62FBE.d.A0314AF981E88657912D6F050B82FBD2.e.3391/enabled - {}
COMMAND: GET /session/799be37928140a71a03c3bbe373ba355/screenshot - {}
RESULT: {}
COMMAND: POST /session/799be37928140a71a03c3bbe373ba355/execute/sync - {"script":"<script> [8489 bytes]","args":[{"element-6066-11e4-a52e-4f735466cecf":"f.19D3A8A536C023AFD4E776B255E62FBE.d.A0314AF981E88657912D6F050B82FBD2.e.3391","ELEMENT":"f.19D3A8A536C023AFD4E776B255E62FBE.d.A0314AF981E88657912D6F050B82FBD2.e.3391"}]}
COMMAND: GET /session/799be37928140a71a03c3bbe373ba355/screenshot - {}
RESULT: {}
RESULT: {"script":"<script> [8489 bytes]","args":[{"element-6066-11e4-a52e-4f735466cecf":"f.19D3A8A536C023AFD4E776B255E62FBE.d.A0314AF981E88657912D6F050B82FBD2.e.3391","ELEMENT":"f.19D3A8A536C023AFD4E776B255E62FBE.d.A0314AF981E88657912D6F050B82FBD2.e.3391"}]}
COMMAND: POST /session/799be37928140a71a03c3bbe373ba355/execute/sync - {"script":"<script> [5351 bytes]","args":[{"element-6066-11e4-a52e-4f735466cecf":"f.19D3A8A536C023AFD4E776B255E62FBE.d.A0314AF981E88657912D6F050B82FBD2.e.3391","ELEMENT":"f.19D3A8A536C023AFD4E776B255E62FBE.d.A0314AF981E88657912D6F050B82FBD2.e.3391"}]}
COMMAND: GET /session/799be37928140a71a03c3bbe373ba355/screenshot - {}
RESULT: {}
RESULT: {"script":"<script> [5351 bytes]","args":[{"element-6066-11e4-a52e-4f735466cecf":"f.19D3A8A536C023AFD4E776B255E62FBE.d.A0314AF981E88657912D6F050B82FBD2.e.3391","ELEMENT":"f.19D3A8A536C023AFD4E776B255E62FBE.d.A0314AF981E88657912D6F050B82FBD2.e.3391"}]}
COMMAND: POST /session/799be37928140a71a03c3bbe373ba355/element/f.19D3A8A536C023AFD4E776B255E62FBE.d.A0314AF981E88657912D6F050B82FBD2.e.3391/click - {}
COMMAND: GET /session/799be37928140a71a03c3bbe373ba355/screenshot - {}
RESULT: {}
RESULT: {}
COMMAND: GET /session/799be37928140a71a03c3bbe373ba355/screenshot - {}
RESULT: {}
RESULT: {}
COMMAND: POST /session/799be37928140a71a03c3bbe373ba355/execute/async - {"script":"<script> [1562 bytes]","args":[{"selector":{"controlType":"sap.m.Title","viewName":"etm.portal.ui.managepricingrules.view.NewItem","viewId":"application-managepricingrules-display-component---newInfoPriceItem","properties":{"text":"New Pricing Rules - Item Level"}},"wdio_ui5_key":"etmportal.ui.managepricingrules.view.NewItemsap.m.Title{\"text\":\"New Pricing Rules - Item Level\"}"}]}
RESULT: {"script":"<script> [1562 bytes]","args":[{"selector":{"controlType":"sap.m.Title","viewName":"etm.portal.ui.managepricingrules.view.NewItem","viewId":"application-managepricingrules-display-component---newInfoPriceItem","properties":{"text":"New Pricing Rules - Item Level"}},"wdio_ui5_key":"etmportal.ui.managepricingrules.view.NewItemsap.m.Title{\"text\":\"New Pricing Rules - Item Level\"}"}]}
RESULT: undefined
COMMAND: POST /session/799be37928140a71a03c3bbe373ba355/execute/async - {"script":"<script> [6424 bytes]","args":[{"element-6066-11e4-a52e-4f735466cecf":"f.19D3A8A536C023AFD4E776B255E62FBE.d.A0314AF981E88657912D6F050B82FBD2.e.3561"},"getText",[]]}
RESULT: {"script":"<script> [6424 bytes]","args":[{"element-6066-11e4-a52e-4f735466cecf":"f.19D3A8A536C023AFD4E776B255E62FBE.d.A0314AF981E88657912D6F050B82FBD2.e.3561"},"getText",[]]}
COMMAND: POST /session/799be37928140a71a03c3bbe373ba355/execute/async - {"script":"<script> [1562 bytes]","args":[{"selector":{"id":"application-managepricingrules-display-component---newInfoPriceItem--condValidTo","interaction":{"idSuffix":"inner"}},"wdio_ui5_key":"applicationmanagepricingrules-display-component---newInfoPriceItem--condValidTo"}]}
RESULT: {"script":"<script> [1562 bytes]","args":[{"selector":{"id":"application-managepricingrules-display-component---newInfoPriceItem--condValidTo","interaction":{"idSuffix":"inner"}},"wdio_ui5_key":"applicationmanagepricingrules-display-component---newInfoPriceItem--condValidTo"}]}
RESULT: undefined
COMMAND: POST /session/799be37928140a71a03c3bbe373ba355/execute/async - {"script":"<script> [776 bytes]","args":[{"enterText":"12/19/25","selector":{"id":"application-managepricingrules-display-component---newInfoPriceItem--condValidTo","interaction":{"idSuffix":"inner"}},"clearTextFirst":true,"interactionType":"ENTER_TEXT"}]}
RESULT: {"script":"<script> [776 bytes]","args":[{"enterText":"12/19/25","selector":{"id":"application-managepricingrules-display-component---newInfoPriceItem--condValidTo","interaction":{"idSuffix":"inner"}},"clearTextFirst":true,"interactionType":"ENTER_TEXT"}]}
COMMAND: POST /session/799be37928140a71a03c3bbe373ba355/execute/async - {"script":"<script> [1562 bytes]","args":[{"selector":{"id":"application-managepricingrules-display-component---newInfoPriceItem--billType-arrow"},"wdio_ui5_key":"applicationmanagepricingrules-display-component---newInfoPriceItem--billType-arrow"}]}
RESULT: {"script":"<script> [1562 bytes]","args":[{"selector":{"id":"application-managepricingrules-display-component---newInfoPriceItem--billType-arrow"},"wdio_ui5_key":"applicationmanagepricingrules-display-component---newInfoPriceItem--billType-arrow"}]}
RESULT: undefined
COMMAND: POST /session/799be37928140a71a03c3bbe373ba355/element - {"using":"xpath","value":"//*[@id=\"application-managepricingrules-display-component---newInfoPriceItem--billType-arrow\"]"}
RESULT: {"using":"xpath","value":"//*[@id=\"application-managepricingrules-display-component---newInfoPriceItem--billType-arrow\"]"}
COMMAND: POST /session/799be37928140a71a03c3bbe373ba355/element/f.19D3A8A536C023AFD4E776B255E62FBE.d.A0314AF981E88657912D6F050B82FBD2.e.3521/click - {}
RESULT: {}
COMMAND: POST /session/799be37928140a71a03c3bbe373ba355/element - {"using":"xpath","value":"//span[contains(text(), \"TB - Time based\")]"}
COMMAND: GET /session/799be37928140a71a03c3bbe373ba355/screenshot - {}
RESULT: {"using":"xpath","value":"//span[contains(text(), \"TB - Time based\")]"}
COMMAND: POST /session/799be37928140a71a03c3bbe373ba355/element/f.19D3A8A536C023AFD4E776B255E62FBE.d.A0314AF981E88657912D6F050B82FBD2.e.3563/click - {}
RESULT: {}
RESULT: {}
COMMAND: POST /session/799be37928140a71a03c3bbe373ba355/execute/async - {"script":"<script> [1562 bytes]","args":[{"selector":{"id":"application-managepricingrules-display-component---newInfoPriceItem--priceProc-arrow"},"wdio_ui5_key":"applicationmanagepricingrules-display-component---newInfoPriceItem--priceProc-arrow"}]}
COMMAND: GET /session/799be37928140a71a03c3bbe373ba355/screenshot - {}
RESULT: {"script":"<script> [1562 bytes]","args":[{"selector":{"id":"application-managepricingrules-display-component---newInfoPriceItem--priceProc-arrow"},"wdio_ui5_key":"applicationmanagepricingrules-display-component---newInfoPriceItem--priceProc-arrow"}]}
RESULT: undefined
COMMAND: POST /session/799be37928140a71a03c3bbe373ba355/element - {"using":"xpath","value":"//*[@id=\"application-managepricingrules-display-component---newInfoPriceItem--priceProc-arrow\"]"}
RESULT: {}
RESULT: {"using":"xpath","value":"//*[@id=\"application-managepricingrules-display-component---newInfoPriceItem--priceProc-arrow\"]"}
COMMAND: POST /session/799be37928140a71a03c3bbe373ba355/element/f.19D3A8A536C023AFD4E776B255E62FBE.d.A0314AF981E88657912D6F050B82FBD2.e.3528/click - {}
RESULT: {}
COMMAND: POST /session/799be37928140a71a03c3bbe373ba355/element - {"using":"xpath","value":"//span[contains(text(), \"TBS - Time based standard\")]"}
COMMAND: GET /session/799be37928140a71a03c3bbe373ba355/screenshot - {}
RESULT: {"using":"xpath","value":"//span[contains(text(), \"TBS - Time based standard\")]"}
COMMAND: POST /session/799be37928140a71a03c3bbe373ba355/element/f.19D3A8A536C023AFD4E776B255E62FBE.d.A0314AF981E88657912D6F050B82FBD2.e.3564/click - {}
RESULT: {}
RESULT: {}
COMMAND: POST /session/799be37928140a71a03c3bbe373ba355/execute/async - {"script":"<script> [1562 bytes]","args":[{"selector":{"id":"application-managepricingrules-display-component---newInfoPriceItem--calcBase-arrow"},"wdio_ui5_key":"applicationmanagepricingrules-display-component---newInfoPriceItem--calcBase-arrow"}]}
COMMAND: GET /session/799be37928140a71a03c3bbe373ba355/screenshot - {}
RESULT: {"script":"<script> [1562 bytes]","args":[{"selector":{"id":"application-managepricingrules-display-component---newInfoPriceItem--calcBase-arrow"},"wdio_ui5_key":"applicationmanagepricingrules-display-component---newInfoPriceItem--calcBase-arrow"}]}
RESULT: undefined
COMMAND: POST /session/799be37928140a71a03c3bbe373ba355/element - {"using":"xpath","value":"//*[@id=\"application-managepricingrules-display-component---newInfoPriceItem--calcBase-arrow\"]"}
RESULT: {}
RESULT: {"using":"xpath","value":"//*[@id=\"application-managepricingrules-display-component---newInfoPriceItem--calcBase-arrow\"]"}
COMMAND: POST /session/799be37928140a71a03c3bbe373ba355/element/f.19D3A8A536C023AFD4E776B255E62FBE.d.A0314AF981E88657912D6F050B82FBD2.e.3535/click - {}
RESULT: {}
COMMAND: GET /session/799be37928140a71a03c3bbe373ba355/screenshot - {}
RESULT: {}
COMMAND: POST /session/799be37928140a71a03c3bbe373ba355/element - {"using":"xpath","value":"//span[contains(text(), \"0006 - TB(calendar days)\")]"}
RESULT: {"using":"xpath","value":"//span[contains(text(), \"0006 - TB(calendar days)\")]"}
COMMAND: POST /session/799be37928140a71a03c3bbe373ba355/element/f.19D3A8A536C023AFD4E776B255E62FBE.d.A0314AF981E88657912D6F050B82FBD2.e.3565/click - {}
RESULT: {}
COMMAND: GET /session/799be37928140a71a03c3bbe373ba355/screenshot - {}
RESULT: {}
COMMAND: POST /session/799be37928140a71a03c3bbe373ba355/execute/async - {"script":"<script> [1562 bytes]","args":[{"selector":{"id":"application-managepricingrules-display-component---newInfoPriceItem--daysMonth","interaction":{"idSuffix":"inner"}},"wdio_ui5_key":"applicationmanagepricingrules-display-component---newInfoPriceItem--daysMonth"}]}
RESULT: {"script":"<script> [1562 bytes]","args":[{"selector":{"id":"application-managepricingrules-display-component---newInfoPriceItem--daysMonth","interaction":{"idSuffix":"inner"}},"wdio_ui5_key":"applicationmanagepricingrules-display-component---newInfoPriceItem--daysMonth"}]}
RESULT: undefined
COMMAND: POST /session/799be37928140a71a03c3bbe373ba355/execute/async - {"script":"<script> [776 bytes]","args":[{"enterText":"30","selector":{"id":"application-managepricingrules-display-component---newInfoPriceItem--daysMonth","interaction":{"idSuffix":"inner"}},"clearTextFirst":true,"interactionType":"ENTER_TEXT"}]}
RESULT: {"script":"<script> [776 bytes]","args":[{"enterText":"30","selector":{"id":"application-managepricingrules-display-component---newInfoPriceItem--daysMonth","interaction":{"idSuffix":"inner"}},"clearTextFirst":true,"interactionType":"ENTER_TEXT"}]}
COMMAND: POST /session/799be37928140a71a03c3bbe373ba355/element - {"using":"xpath","value":"//button[@data-kt=\"saveNewRuleButton\"]"}
RESULT: {"using":"xpath","value":"//button[@data-kt=\"saveNewRuleButton\"]"}
COMMAND: POST /session/799be37928140a71a03c3bbe373ba355/element/f.19D3A8A536C023AFD4E776B255E62FBE.d.A0314AF981E88657912D6F050B82FBD2.e.3555/click - {}
RESULT: {}
COMMAND: GET /session/799be37928140a71a03c3bbe373ba355/screenshot - {}
RESULT: {}
COMMAND: POST /session/799be37928140a71a03c3bbe373ba355/execute/async - {"script":"<script> [1562 bytes]","args":[{"selector":{"id":"application-managepricingrules-display-component---priceInfoItem--smartFilterBar-btnBasicSearch","interaction":{"idSuffix":"I"}},"wdio_ui5_key":"applicationmanagepricingrules-display-component---priceInfoItem--smartFilterBar-btnBasicSearch"}]}
RESULT: {"script":"<script> [1562 bytes]","args":[{"selector":{"id":"application-managepricingrules-display-component---priceInfoItem--smartFilterBar-btnBasicSearch","interaction":{"idSuffix":"I"}},"wdio_ui5_key":"applicationmanagepricingrules-display-component---priceInfoItem--smartFilterBar-btnBasicSearch"}]}
RESULT: undefined
COMMAND: POST /session/799be37928140a71a03c3bbe373ba355/execute/async - {"script":"<script> [776 bytes]","args":[{"enterText":"R3wetoI3gY","selector":{"id":"application-managepricingrules-display-component---priceInfoItem--smartFilterBar-btnBasicSearch","interaction":{"idSuffix":"I"}},"clearTextFirst":true,"interactionType":"ENTER_TEXT"}]}
RESULT: {"script":"<script> [776 bytes]","args":[{"enterText":"R3wetoI3gY","selector":{"id":"application-managepricingrules-display-component---priceInfoItem--smartFilterBar-btnBasicSearch","interaction":{"idSuffix":"I"}},"clearTextFirst":true,"interactionType":"ENTER_TEXT"}]}
COMMAND: POST /session/799be37928140a71a03c3bbe373ba355/actions - {"actions":[{"id":"action11","type":"key","parameters":{},"actions":[{"type":"keyDown","value":""},{"type":"pause","duration":10},{"type":"keyUp","value":""}]}]}
RESULT: {"actions":[{"id":"action11","type":"key","parameters":{},"actions":[{"type":"keyDown","value":""},{"type":"pause","duration":10},{"type":"keyUp","value":""}]}]}
COMMAND: GET /session/799be37928140a71a03c3bbe373ba355/screenshot - {}
RESULT: {}
COMMAND: POST /session/799be37928140a71a03c3bbe373ba355/element - {"using":"xpath","value":"//span[@id=\"application-managepricingrules-display-component---priceInfoItem--smartTable-header-inner\"]"}
RESULT: {"using":"xpath","value":"//span[@id=\"application-managepricingrules-display-component---priceInfoItem--smartTable-header-inner\"]"}
COMMAND: POST /session/799be37928140a71a03c3bbe373ba355/elements - {"using":"xpath","value":"//span[@id=\"application-managepricingrules-display-component---priceInfoItem--smartTable-header-inner\"]"}
RESULT: {"using":"xpath","value":"//span[@id=\"application-managepricingrules-display-component---priceInfoItem--smartTable-header-inner\"]"}
COMMAND: POST /session/799be37928140a71a03c3bbe373ba355/execute/sync - {"script":"<script> [56 bytes]","args":[{"element-6066-11e4-a52e-4f735466cecf":"f.19D3A8A536C023AFD4E776B255E62FBE.d.A0314AF981E88657912D6F050B82FBD2.e.3579","ELEMENT":"f.19D3A8A536C023AFD4E776B255E62FBE.d.A0314AF981E88657912D6F050B82FBD2.e.3579"}]}
RESULT: {"script":"<script> [56 bytes]","args":[{"element-6066-11e4-a52e-4f735466cecf":"f.19D3A8A536C023AFD4E776B255E62FBE.d.A0314AF981E88657912D6F050B82FBD2.e.3579","ELEMENT":"f.19D3A8A536C023AFD4E776B255E62FBE.d.A0314AF981E88657912D6F050B82FBD2.e.3579"}]}
COMMAND: POST /session/799be37928140a71a03c3bbe373ba355/element - {"using":"css selector","value":"#shell-header-logo"}
COMMAND: GET /session/799be37928140a71a03c3bbe373ba355/screenshot - {}
RESULT: {"using":"css selector","value":"#shell-header-logo"}
COMMAND: POST /session/799be37928140a71a03c3bbe373ba355/element/f.19D3A8A536C023AFD4E776B255E62FBE.d.A0314AF981E88657912D6F050B82FBD2.e.2696/click - {}
RESULT: {}
RESULT: {}
COMMAND: GET /session/799be37928140a71a03c3bbe373ba355/screenshot - {}
RESULT: {}
]]></system-out>
    </testcase>
    <testcase classname="chrome.135_0_7049_42.windows.Billing_confirm_US117289" name="Should create new condition for equipment" time="62.944">
      <system-out><![CDATA[
COMMAND: POST /session/799be37928140a71a03c3bbe373ba355/execute/async - {"script":"<script> [1562 bytes]","args":[{"selector":{"controlType":"sap.m.Text","properties":{"text":"Manage Conditions & Prices"},"interaction":{"idSuffix":"inner"}},"wdio_ui5_key":"sapm.Text{\"text\":\"Manage Conditions & Prices\"}"}]}
RESULT: {"script":"<script> [1562 bytes]","args":[{"selector":{"controlType":"sap.m.Text","properties":{"text":"Manage Conditions & Prices"},"interaction":{"idSuffix":"inner"}},"wdio_ui5_key":"sapm.Text{\"text\":\"Manage Conditions & Prices\"}"}]}
RESULT: undefined
COMMAND: POST /session/799be37928140a71a03c3bbe373ba355/element - {"using":"xpath","value":"//*[@id=\"__tile53-title\"]"}
RESULT: {"using":"xpath","value":"//*[@id=\"__tile53-title\"]"}
COMMAND: POST /session/799be37928140a71a03c3bbe373ba355/element/f.19D3A8A536C023AFD4E776B255E62FBE.d.A0314AF981E88657912D6F050B82FBD2.e.3582/click - {}
RESULT: {}
COMMAND: POST /session/799be37928140a71a03c3bbe373ba355/element - {"using":"xpath","value":"//button[@aria-label=\"Create\"]"}
COMMAND: GET /session/799be37928140a71a03c3bbe373ba355/screenshot - {}
RESULT: {"using":"xpath","value":"//button[@aria-label=\"Create\"]"}
COMMAND: POST /session/799be37928140a71a03c3bbe373ba355/elements - {"using":"xpath","value":"//button[@aria-label=\"Create\"]"}
RESULT: {}
RESULT: {"using":"xpath","value":"//button[@aria-label=\"Create\"]"}
COMMAND: POST /session/799be37928140a71a03c3bbe373ba355/elements - {"using":"xpath","value":"//button[@aria-label=\"Create\"]"}
RESULT: {"using":"xpath","value":"//button[@aria-label=\"Create\"]"}
COMMAND: POST /session/799be37928140a71a03c3bbe373ba355/elements - {"using":"xpath","value":"//button[@aria-label=\"Create\"]"}
RESULT: {"using":"xpath","value":"//button[@aria-label=\"Create\"]"}
COMMAND: POST /session/799be37928140a71a03c3bbe373ba355/elements - {"using":"xpath","value":"//button[@aria-label=\"Create\"]"}
RESULT: {"using":"xpath","value":"//button[@aria-label=\"Create\"]"}
COMMAND: POST /session/799be37928140a71a03c3bbe373ba355/elements - {"using":"xpath","value":"//button[@aria-label=\"Create\"]"}
RESULT: {"using":"xpath","value":"//button[@aria-label=\"Create\"]"}
COMMAND: POST /session/799be37928140a71a03c3bbe373ba355/elements - {"using":"xpath","value":"//button[@aria-label=\"Create\"]"}
RESULT: {"using":"xpath","value":"//button[@aria-label=\"Create\"]"}
COMMAND: POST /session/799be37928140a71a03c3bbe373ba355/elements - {"using":"xpath","value":"//button[@aria-label=\"Create\"]"}
RESULT: {"using":"xpath","value":"//button[@aria-label=\"Create\"]"}
COMMAND: POST /session/799be37928140a71a03c3bbe373ba355/elements - {"using":"xpath","value":"//button[@aria-label=\"Create\"]"}
RESULT: {"using":"xpath","value":"//button[@aria-label=\"Create\"]"}
COMMAND: POST /session/799be37928140a71a03c3bbe373ba355/elements - {"using":"xpath","value":"//button[@aria-label=\"Create\"]"}
RESULT: {"using":"xpath","value":"//button[@aria-label=\"Create\"]"}
COMMAND: POST /session/799be37928140a71a03c3bbe373ba355/elements - {"using":"xpath","value":"//button[@aria-label=\"Create\"]"}
RESULT: {"using":"xpath","value":"//button[@aria-label=\"Create\"]"}
COMMAND: POST /session/799be37928140a71a03c3bbe373ba355/elements - {"using":"xpath","value":"//button[@aria-label=\"Create\"]"}
RESULT: {"using":"xpath","value":"//button[@aria-label=\"Create\"]"}
COMMAND: POST /session/799be37928140a71a03c3bbe373ba355/elements - {"using":"xpath","value":"//button[@aria-label=\"Create\"]"}
RESULT: {"using":"xpath","value":"//button[@aria-label=\"Create\"]"}
COMMAND: POST /session/799be37928140a71a03c3bbe373ba355/elements - {"using":"xpath","value":"//button[@aria-label=\"Create\"]"}
RESULT: {"using":"xpath","value":"//button[@aria-label=\"Create\"]"}
COMMAND: POST /session/799be37928140a71a03c3bbe373ba355/elements - {"using":"xpath","value":"//button[@aria-label=\"Create\"]"}
RESULT: {"using":"xpath","value":"//button[@aria-label=\"Create\"]"}
COMMAND: POST /session/799be37928140a71a03c3bbe373ba355/elements - {"using":"xpath","value":"//button[@aria-label=\"Create\"]"}
RESULT: {"using":"xpath","value":"//button[@aria-label=\"Create\"]"}
COMMAND: POST /session/799be37928140a71a03c3bbe373ba355/elements - {"using":"xpath","value":"//button[@aria-label=\"Create\"]"}
RESULT: {"using":"xpath","value":"//button[@aria-label=\"Create\"]"}
COMMAND: POST /session/799be37928140a71a03c3bbe373ba355/element - {"using":"xpath","value":"//button[@aria-label=\"Create\"]"}
RESULT: {"using":"xpath","value":"//button[@aria-label=\"Create\"]"}
COMMAND: POST /session/799be37928140a71a03c3bbe373ba355/execute/sync - {"script":"<script> [8489 bytes]","args":[{"element-6066-11e4-a52e-4f735466cecf":"f.19D3A8A536C023AFD4E776B255E62FBE.d.A0314AF981E88657912D6F050B82FBD2.e.3618","ELEMENT":"f.19D3A8A536C023AFD4E776B255E62FBE.d.A0314AF981E88657912D6F050B82FBD2.e.3618"}]}
RESULT: {"script":"<script> [8489 bytes]","args":[{"element-6066-11e4-a52e-4f735466cecf":"f.19D3A8A536C023AFD4E776B255E62FBE.d.A0314AF981E88657912D6F050B82FBD2.e.3618","ELEMENT":"f.19D3A8A536C023AFD4E776B255E62FBE.d.A0314AF981E88657912D6F050B82FBD2.e.3618"}]}
COMMAND: GET /session/799be37928140a71a03c3bbe373ba355/element/f.19D3A8A536C023AFD4E776B255E62FBE.d.A0314AF981E88657912D6F050B82FBD2.e.3618/enabled - {}
COMMAND: GET /session/799be37928140a71a03c3bbe373ba355/screenshot - {}
RESULT: {}
COMMAND: POST /session/799be37928140a71a03c3bbe373ba355/execute/sync - {"script":"<script> [8489 bytes]","args":[{"element-6066-11e4-a52e-4f735466cecf":"f.19D3A8A536C023AFD4E776B255E62FBE.d.A0314AF981E88657912D6F050B82FBD2.e.3618","ELEMENT":"f.19D3A8A536C023AFD4E776B255E62FBE.d.A0314AF981E88657912D6F050B82FBD2.e.3618"}]}
COMMAND: GET /session/799be37928140a71a03c3bbe373ba355/screenshot - {}
RESULT: {}
RESULT: {"script":"<script> [8489 bytes]","args":[{"element-6066-11e4-a52e-4f735466cecf":"f.19D3A8A536C023AFD4E776B255E62FBE.d.A0314AF981E88657912D6F050B82FBD2.e.3618","ELEMENT":"f.19D3A8A536C023AFD4E776B255E62FBE.d.A0314AF981E88657912D6F050B82FBD2.e.3618"}]}
COMMAND: POST /session/799be37928140a71a03c3bbe373ba355/execute/sync - {"script":"<script> [5351 bytes]","args":[{"element-6066-11e4-a52e-4f735466cecf":"f.19D3A8A536C023AFD4E776B255E62FBE.d.A0314AF981E88657912D6F050B82FBD2.e.3618","ELEMENT":"f.19D3A8A536C023AFD4E776B255E62FBE.d.A0314AF981E88657912D6F050B82FBD2.e.3618"}]}
COMMAND: GET /session/799be37928140a71a03c3bbe373ba355/screenshot - {}
RESULT: {}
RESULT: {"script":"<script> [5351 bytes]","args":[{"element-6066-11e4-a52e-4f735466cecf":"f.19D3A8A536C023AFD4E776B255E62FBE.d.A0314AF981E88657912D6F050B82FBD2.e.3618","ELEMENT":"f.19D3A8A536C023AFD4E776B255E62FBE.d.A0314AF981E88657912D6F050B82FBD2.e.3618"}]}
COMMAND: POST /session/799be37928140a71a03c3bbe373ba355/element/f.19D3A8A536C023AFD4E776B255E62FBE.d.A0314AF981E88657912D6F050B82FBD2.e.3618/click - {}
COMMAND: GET /session/799be37928140a71a03c3bbe373ba355/screenshot - {}
RESULT: {}
RESULT: {}
COMMAND: GET /session/799be37928140a71a03c3bbe373ba355/screenshot - {}
RESULT: {}
RESULT: {}
COMMAND: POST /session/799be37928140a71a03c3bbe373ba355/actions - {"actions":[{"id":"action12","type":"key","parameters":{},"actions":[{"type":"keyDown","value":""},{"type":"pause","duration":10},{"type":"keyUp","value":""}]}]}
RESULT: {"actions":[{"id":"action12","type":"key","parameters":{},"actions":[{"type":"keyDown","value":""},{"type":"pause","duration":10},{"type":"keyUp","value":""}]}]}
COMMAND: GET /session/799be37928140a71a03c3bbe373ba355/screenshot - {}
RESULT: {}
COMMAND: POST /session/799be37928140a71a03c3bbe373ba355/execute/async - {"script":"<script> [1562 bytes]","args":[{"selector":{"id":"application-manageconditionprice-display-component---newCondition--condBillCond-arrow"},"wdio_ui5_key":"applicationmanageconditionprice-display-component---newCondition--condBillCond-arrow"}]}
RESULT: {"script":"<script> [1562 bytes]","args":[{"selector":{"id":"application-manageconditionprice-display-component---newCondition--condBillCond-arrow"},"wdio_ui5_key":"applicationmanageconditionprice-display-component---newCondition--condBillCond-arrow"}]}
RESULT: undefined
COMMAND: POST /session/799be37928140a71a03c3bbe373ba355/element - {"using":"xpath","value":"//*[@id=\"application-manageconditionprice-display-component---newCondition--condBillCond-arrow\"]"}
RESULT: {"using":"xpath","value":"//*[@id=\"application-manageconditionprice-display-component---newCondition--condBillCond-arrow\"]"}
COMMAND: POST /session/799be37928140a71a03c3bbe373ba355/element/f.19D3A8A536C023AFD4E776B255E62FBE.d.A0314AF981E88657912D6F050B82FBD2.e.3831/click - {}
RESULT: {}
COMMAND: GET /session/799be37928140a71a03c3bbe373ba355/screenshot - {}
RESULT: {}
COMMAND: POST /session/799be37928140a71a03c3bbe373ba355/element - {"using":"xpath","value":"//li[.//span[contains(text(), \"DISP - D&I special price\")]]"}
RESULT: {"using":"xpath","value":"//li[.//span[contains(text(), \"DISP - D&I special price\")]]"}
COMMAND: POST /session/799be37928140a71a03c3bbe373ba355/element/f.19D3A8A536C023AFD4E776B255E62FBE.d.A0314AF981E88657912D6F050B82FBD2.e.3834/click - {}
RESULT: {}
COMMAND: GET /session/799be37928140a71a03c3bbe373ba355/screenshot - {}
RESULT: {}
COMMAND: POST /session/799be37928140a71a03c3bbe373ba355/execute/async - {"script":"<script> [1562 bytes]","args":[{"selector":{"id":"application-manageconditionprice-display-component---newCondition--condValidTo","interaction":{"idSuffix":"inner"}},"wdio_ui5_key":"applicationmanageconditionprice-display-component---newCondition--condValidTo"}]}
RESULT: {"script":"<script> [1562 bytes]","args":[{"selector":{"id":"application-manageconditionprice-display-component---newCondition--condValidTo","interaction":{"idSuffix":"inner"}},"wdio_ui5_key":"applicationmanageconditionprice-display-component---newCondition--condValidTo"}]}
RESULT: undefined
COMMAND: POST /session/799be37928140a71a03c3bbe373ba355/execute/async - {"script":"<script> [776 bytes]","args":[{"enterText":"12/19/25","selector":{"id":"application-manageconditionprice-display-component---newCondition--condValidTo","interaction":{"idSuffix":"inner"}},"clearTextFirst":true,"interactionType":"ENTER_TEXT"}]}
RESULT: {"script":"<script> [776 bytes]","args":[{"enterText":"12/19/25","selector":{"id":"application-manageconditionprice-display-component---newCondition--condValidTo","interaction":{"idSuffix":"inner"}},"clearTextFirst":true,"interactionType":"ENTER_TEXT"}]}
COMMAND: POST /session/799be37928140a71a03c3bbe373ba355/element - {"using":"xpath","value":"//input[@id=\"application-manageconditionprice-display-component---newCondition--condRU-inner\"]"}
RESULT: {"using":"xpath","value":"//input[@id=\"application-manageconditionprice-display-component---newCondition--condRU-inner\"]"}
COMMAND: POST /session/799be37928140a71a03c3bbe373ba355/element/f.19D3A8A536C023AFD4E776B255E62FBE.d.A0314AF981E88657912D6F050B82FBD2.e.3696/clear - {}
RESULT: {}
COMMAND: POST /session/799be37928140a71a03c3bbe373ba355/element/f.19D3A8A536C023AFD4E776B255E62FBE.d.A0314AF981E88657912D6F050B82FBD2.e.3696/value - {"text":"R3wetoI3gY"}
COMMAND: GET /session/799be37928140a71a03c3bbe373ba355/screenshot - {}
RESULT: {"text":"R3wetoI3gY"}
COMMAND: GET /session/799be37928140a71a03c3bbe373ba355/screenshot - {}
RESULT: {}
RESULT: {}
COMMAND: POST /session/799be37928140a71a03c3bbe373ba355/actions - {"actions":[{"id":"action13","type":"key","parameters":{},"actions":[{"type":"keyDown","value":""},{"type":"pause","duration":10},{"type":"keyUp","value":""}]}]}
RESULT: {"actions":[{"id":"action13","type":"key","parameters":{},"actions":[{"type":"keyDown","value":""},{"type":"pause","duration":10},{"type":"keyUp","value":""}]}]}
COMMAND: POST /session/799be37928140a71a03c3bbe373ba355/execute/async - {"script":"<script> [1562 bytes]","args":[{"selector":{"id":"application-manageconditionprice-display-component---newCondition--condBaseQty","interaction":{"idSuffix":"inner"}},"wdio_ui5_key":"applicationmanageconditionprice-display-component---newCondition--condBaseQty"}]}
COMMAND: GET /session/799be37928140a71a03c3bbe373ba355/screenshot - {}
RESULT: {"script":"<script> [1562 bytes]","args":[{"selector":{"id":"application-manageconditionprice-display-component---newCondition--condBaseQty","interaction":{"idSuffix":"inner"}},"wdio_ui5_key":"applicationmanageconditionprice-display-component---newCondition--condBaseQty"}]}
RESULT: undefined
COMMAND: POST /session/799be37928140a71a03c3bbe373ba355/execute/async - {"script":"<script> [776 bytes]","args":[{"enterText":"1","selector":{"id":"application-manageconditionprice-display-component---newCondition--condBaseQty","interaction":{"idSuffix":"inner"}},"clearTextFirst":true,"interactionType":"ENTER_TEXT"}]}
RESULT: {}
RESULT: {"script":"<script> [776 bytes]","args":[{"enterText":"1","selector":{"id":"application-manageconditionprice-display-component---newCondition--condBaseQty","interaction":{"idSuffix":"inner"}},"clearTextFirst":true,"interactionType":"ENTER_TEXT"}]}
COMMAND: POST /session/799be37928140a71a03c3bbe373ba355/execute/async - {"script":"<script> [1562 bytes]","args":[{"selector":{"id":"application-manageconditionprice-display-component---newCondition--condValue","interaction":{"idSuffix":"inner"}},"wdio_ui5_key":"applicationmanageconditionprice-display-component---newCondition--condValue"}]}
RESULT: {"script":"<script> [1562 bytes]","args":[{"selector":{"id":"application-manageconditionprice-display-component---newCondition--condValue","interaction":{"idSuffix":"inner"}},"wdio_ui5_key":"applicationmanageconditionprice-display-component---newCondition--condValue"}]}
RESULT: undefined
COMMAND: POST /session/799be37928140a71a03c3bbe373ba355/execute/async - {"script":"<script> [776 bytes]","args":[{"enterText":"100","selector":{"id":"application-manageconditionprice-display-component---newCondition--condValue","interaction":{"idSuffix":"inner"}},"clearTextFirst":true,"interactionType":"ENTER_TEXT"}]}
RESULT: {"script":"<script> [776 bytes]","args":[{"enterText":"100","selector":{"id":"application-manageconditionprice-display-component---newCondition--condValue","interaction":{"idSuffix":"inner"}},"clearTextFirst":true,"interactionType":"ENTER_TEXT"}]}
COMMAND: POST /session/799be37928140a71a03c3bbe373ba355/execute/async - {"script":"<script> [1562 bytes]","args":[{"selector":{"id":"application-manageconditionprice-display-component---newCondition--condCurr-arrow"},"wdio_ui5_key":"applicationmanageconditionprice-display-component---newCondition--condCurr-arrow"}]}
RESULT: {"script":"<script> [1562 bytes]","args":[{"selector":{"id":"application-manageconditionprice-display-component---newCondition--condCurr-arrow"},"wdio_ui5_key":"applicationmanageconditionprice-display-component---newCondition--condCurr-arrow"}]}
RESULT: undefined
COMMAND: POST /session/799be37928140a71a03c3bbe373ba355/element - {"using":"xpath","value":"//*[@id=\"application-manageconditionprice-display-component---newCondition--condCurr-arrow\"]"}
RESULT: {"using":"xpath","value":"//*[@id=\"application-manageconditionprice-display-component---newCondition--condCurr-arrow\"]"}
COMMAND: POST /session/799be37928140a71a03c3bbe373ba355/element/f.19D3A8A536C023AFD4E776B255E62FBE.d.A0314AF981E88657912D6F050B82FBD2.e.3809/click - {}
RESULT: {}
COMMAND: POST /session/799be37928140a71a03c3bbe373ba355/element - {"using":"xpath","value":"//span[contains(text(), \"Euro\")]"}
COMMAND: GET /session/799be37928140a71a03c3bbe373ba355/screenshot - {}
RESULT: {"using":"xpath","value":"//span[contains(text(), \"Euro\")]"}
COMMAND: POST /session/799be37928140a71a03c3bbe373ba355/element/f.19D3A8A536C023AFD4E776B255E62FBE.d.A0314AF981E88657912D6F050B82FBD2.e.3871/click - {}
RESULT: {}
RESULT: {}
COMMAND: POST /session/799be37928140a71a03c3bbe373ba355/element - {"using":"xpath","value":"//button[@data-kt=\"saveButton\"]"}
COMMAND: GET /session/799be37928140a71a03c3bbe373ba355/screenshot - {}
RESULT: {"using":"xpath","value":"//button[@data-kt=\"saveButton\"]"}
COMMAND: POST /session/799be37928140a71a03c3bbe373ba355/element/f.19D3A8A536C023AFD4E776B255E62FBE.d.A0314AF981E88657912D6F050B82FBD2.e.3810/click - {}
RESULT: {}
RESULT: {}
COMMAND: GET /session/799be37928140a71a03c3bbe373ba355/screenshot - {}
RESULT: {}
COMMAND: POST /session/799be37928140a71a03c3bbe373ba355/execute/async - {"script":"<script> [1562 bytes]","args":[{"selector":{"id":"application-manageconditionprice-display-component---conditions--smartFilterBar-btnBasicSearch","interaction":{"idSuffix":"I"}},"wdio_ui5_key":"applicationmanageconditionprice-display-component---conditions--smartFilterBar-btnBasicSearch"}]}
RESULT: {"script":"<script> [1562 bytes]","args":[{"selector":{"id":"application-manageconditionprice-display-component---conditions--smartFilterBar-btnBasicSearch","interaction":{"idSuffix":"I"}},"wdio_ui5_key":"applicationmanageconditionprice-display-component---conditions--smartFilterBar-btnBasicSearch"}]}
RESULT: undefined
COMMAND: POST /session/799be37928140a71a03c3bbe373ba355/execute/async - {"script":"<script> [776 bytes]","args":[{"enterText":"R3wetoI3gY","selector":{"id":"application-manageconditionprice-display-component---conditions--smartFilterBar-btnBasicSearch","interaction":{"idSuffix":"I"}},"clearTextFirst":true,"interactionType":"ENTER_TEXT"}]}
RESULT: {"script":"<script> [776 bytes]","args":[{"enterText":"R3wetoI3gY","selector":{"id":"application-manageconditionprice-display-component---conditions--smartFilterBar-btnBasicSearch","interaction":{"idSuffix":"I"}},"clearTextFirst":true,"interactionType":"ENTER_TEXT"}]}
COMMAND: POST /session/799be37928140a71a03c3bbe373ba355/actions - {"actions":[{"id":"action14","type":"key","parameters":{},"actions":[{"type":"keyDown","value":""},{"type":"pause","duration":10},{"type":"keyUp","value":""}]}]}
RESULT: {"actions":[{"id":"action14","type":"key","parameters":{},"actions":[{"type":"keyDown","value":""},{"type":"pause","duration":10},{"type":"keyUp","value":""}]}]}
COMMAND: GET /session/799be37928140a71a03c3bbe373ba355/screenshot - {}
RESULT: {}
COMMAND: POST /session/799be37928140a71a03c3bbe373ba355/execute/async - {"script":"<script> [1562 bytes]","args":[{"selector":{"id":"application-manageconditionprice-display-component---conditions--smartFilterBar-filterItemControl_BASIC-BILL_TYPES-vhi"},"wdio_ui5_key":"applicationmanageconditionprice-display-component---conditions--smartFilterBar-filterItemControl_BASIC-BILL_TYPES-vhi"}]}
RESULT: {"script":"<script> [1562 bytes]","args":[{"selector":{"id":"application-manageconditionprice-display-component---conditions--smartFilterBar-filterItemControl_BASIC-BILL_TYPES-vhi"},"wdio_ui5_key":"applicationmanageconditionprice-display-component---conditions--smartFilterBar-filterItemControl_BASIC-BILL_TYPES-vhi"}]}
RESULT: undefined
COMMAND: POST /session/799be37928140a71a03c3bbe373ba355/element - {"using":"xpath","value":"//*[@id=\"application-manageconditionprice-display-component---conditions--smartFilterBar-filterItemControl_BASIC-BILL_TYPES-vhi\"]"}
RESULT: {"using":"xpath","value":"//*[@id=\"application-manageconditionprice-display-component---conditions--smartFilterBar-filterItemControl_BASIC-BILL_TYPES-vhi\"]"}
COMMAND: POST /session/799be37928140a71a03c3bbe373ba355/element/f.19D3A8A536C023AFD4E776B255E62FBE.d.A0314AF981E88657912D6F050B82FBD2.e.3887/click - {}
RESULT: {}
COMMAND: POST /session/799be37928140a71a03c3bbe373ba355/execute/async - {"script":"<script> [1562 bytes]","args":[{"selector":{"id":"application-manageconditionprice-display-component---conditions--smartFilterBar-filterItemControl_BASIC-BILL_TYPES-valueHelpDialog-smartFilterBar-btnBasicSearch","searchOpenDialogs":true,"interaction":{"idSuffix":"I"}},"wdio_ui5_key":"applicationmanageconditionprice-display-component---conditions--smartFilterBar-filterItemControl_BASIC-BILL_TYPES-valueHelpDialog-smartFilterBar-btnBasicSearch"}]}
COMMAND: GET /session/799be37928140a71a03c3bbe373ba355/screenshot - {}
RESULT: {"script":"<script> [1562 bytes]","args":[{"selector":{"id":"application-manageconditionprice-display-component---conditions--smartFilterBar-filterItemControl_BASIC-BILL_TYPES-valueHelpDialog-smartFilterBar-btnBasicSearch","searchOpenDialogs":true,"interaction":{"idSuffix":"I"}},"wdio_ui5_key":"applicationmanageconditionprice-display-component---conditions--smartFilterBar-filterItemControl_BASIC-BILL_TYPES-valueHelpDialog-smartFilterBar-btnBasicSearch"}]}
RESULT: undefined
COMMAND: POST /session/799be37928140a71a03c3bbe373ba355/execute/async - {"script":"<script> [776 bytes]","args":[{"enterText":"TB","selector":{"id":"application-manageconditionprice-display-component---conditions--smartFilterBar-filterItemControl_BASIC-BILL_TYPES-valueHelpDialog-smartFilterBar-btnBasicSearch","searchOpenDialogs":true,"interaction":{"idSuffix":"I"}},"clearTextFirst":true,"interactionType":"ENTER_TEXT"}]}
RESULT: {}
RESULT: {"script":"<script> [776 bytes]","args":[{"enterText":"TB","selector":{"id":"application-manageconditionprice-display-component---conditions--smartFilterBar-filterItemControl_BASIC-BILL_TYPES-valueHelpDialog-smartFilterBar-btnBasicSearch","searchOpenDialogs":true,"interaction":{"idSuffix":"I"}},"clearTextFirst":true,"interactionType":"ENTER_TEXT"}]}
COMMAND: POST /session/799be37928140a71a03c3bbe373ba355/actions - {"actions":[{"id":"action15","type":"key","parameters":{},"actions":[{"type":"keyDown","value":""},{"type":"pause","duration":10},{"type":"keyUp","value":""}]}]}
RESULT: {"actions":[{"id":"action15","type":"key","parameters":{},"actions":[{"type":"keyDown","value":""},{"type":"pause","duration":10},{"type":"keyUp","value":""}]}]}
COMMAND: GET /session/799be37928140a71a03c3bbe373ba355/screenshot - {}
RESULT: {}
COMMAND: POST /session/799be37928140a71a03c3bbe373ba355/element - {"using":"xpath","value":"//div[contains(@id, 'application-manageconditionprice-display-component---conditions--smartFilterBar-filterItemControl_BASIC-BILL_TYPES-valueHelpDialog-table-rowsel0')]"}
RESULT: {"using":"xpath","value":"//div[contains(@id, 'application-manageconditionprice-display-component---conditions--smartFilterBar-filterItemControl_BASIC-BILL_TYPES-valueHelpDialog-table-rowsel0')]"}
COMMAND: POST /session/799be37928140a71a03c3bbe373ba355/element/f.19D3A8A536C023AFD4E776B255E62FBE.d.A0314AF981E88657912D6F050B82FBD2.e.3897/click - {}
RESULT: {}
COMMAND: GET /session/799be37928140a71a03c3bbe373ba355/screenshot - {}
RESULT: {}
COMMAND: POST /session/799be37928140a71a03c3bbe373ba355/element - {"using":"xpath","value":"//bdi[contains(text(), \"OK\")]"}
RESULT: {"using":"xpath","value":"//bdi[contains(text(), \"OK\")]"}
COMMAND: POST /session/799be37928140a71a03c3bbe373ba355/element/f.19D3A8A536C023AFD4E776B255E62FBE.d.A0314AF981E88657912D6F050B82FBD2.e.3899/click - {}
RESULT: {}
COMMAND: GET /session/799be37928140a71a03c3bbe373ba355/screenshot - {}
RESULT: {}
COMMAND: POST /session/799be37928140a71a03c3bbe373ba355/element - {"using":"xpath","value":"//span[@id=\"application-manageconditionprice-display-component---conditions--smartTable-header-inner\"]"}
RESULT: {"using":"xpath","value":"//span[@id=\"application-manageconditionprice-display-component---conditions--smartTable-header-inner\"]"}
COMMAND: POST /session/799be37928140a71a03c3bbe373ba355/elements - {"using":"xpath","value":"//span[@id=\"application-manageconditionprice-display-component---conditions--smartTable-header-inner\"]"}
RESULT: {"using":"xpath","value":"//span[@id=\"application-manageconditionprice-display-component---conditions--smartTable-header-inner\"]"}
COMMAND: POST /session/799be37928140a71a03c3bbe373ba355/execute/sync - {"script":"<script> [56 bytes]","args":[{"element-6066-11e4-a52e-4f735466cecf":"f.19D3A8A536C023AFD4E776B255E62FBE.d.A0314AF981E88657912D6F050B82FBD2.e.3902","ELEMENT":"f.19D3A8A536C023AFD4E776B255E62FBE.d.A0314AF981E88657912D6F050B82FBD2.e.3902"}]}
RESULT: {"script":"<script> [56 bytes]","args":[{"element-6066-11e4-a52e-4f735466cecf":"f.19D3A8A536C023AFD4E776B255E62FBE.d.A0314AF981E88657912D6F050B82FBD2.e.3902","ELEMENT":"f.19D3A8A536C023AFD4E776B255E62FBE.d.A0314AF981E88657912D6F050B82FBD2.e.3902"}]}
COMMAND: POST /session/799be37928140a71a03c3bbe373ba355/element - {"using":"css selector","value":"#shell-header-logo"}
COMMAND: GET /session/799be37928140a71a03c3bbe373ba355/screenshot - {}
RESULT: {"using":"css selector","value":"#shell-header-logo"}
COMMAND: POST /session/799be37928140a71a03c3bbe373ba355/element/f.19D3A8A536C023AFD4E776B255E62FBE.d.A0314AF981E88657912D6F050B82FBD2.e.3585/click - {}
RESULT: {}
RESULT: {}
COMMAND: GET /session/799be37928140a71a03c3bbe373ba355/screenshot - {}
RESULT: {}
]]></system-out>
    </testcase>
    <testcase classname="chrome.135_0_7049_42.windows.Billing_confirm_US117289" name="Should do a stock increase" time="77.586">
      <system-out><![CDATA[
COMMAND: POST /session/799be37928140a71a03c3bbe373ba355/execute/async - {"script":"<script> [1562 bytes]","args":[{"selector":{"controlType":"sap.m.Text","viewName":"etm.portal.ui.managehandoverstile.view.Master","properties":{"text":"Manage Handovers"},"interaction":{"idSuffix":"inner"}},"wdio_ui5_key":"etmportal.ui.managehandoverstile.view.Mastersap.m.Text{\"text\":\"Manage Handovers\"}"}]}
RESULT: {"script":"<script> [1562 bytes]","args":[{"selector":{"controlType":"sap.m.Text","viewName":"etm.portal.ui.managehandoverstile.view.Master","properties":{"text":"Manage Handovers"},"interaction":{"idSuffix":"inner"}},"wdio_ui5_key":"etmportal.ui.managehandoverstile.view.Mastersap.m.Text{\"text\":\"Manage Handovers\"}"}]}
RESULT: undefined
COMMAND: POST /session/799be37928140a71a03c3bbe373ba355/element - {"using":"xpath","value":"//*[@id=\"__tile131-title\"]"}
RESULT: {"using":"xpath","value":"//*[@id=\"__tile131-title\"]"}
COMMAND: POST /session/799be37928140a71a03c3bbe373ba355/element/f.19D3A8A536C023AFD4E776B255E62FBE.d.A0314AF981E88657912D6F050B82FBD2.e.3907/click - {}
RESULT: {}
COMMAND: POST /session/799be37928140a71a03c3bbe373ba355/element - {"using":"xpath","value":"//button[@data-kt=\"masterHOAddButton\"]"}
COMMAND: GET /session/799be37928140a71a03c3bbe373ba355/screenshot - {}
RESULT: {"using":"xpath","value":"//button[@data-kt=\"masterHOAddButton\"]"}
COMMAND: POST /session/799be37928140a71a03c3bbe373ba355/elements - {"using":"xpath","value":"//button[@data-kt=\"masterHOAddButton\"]"}
RESULT: {}
RESULT: {"using":"xpath","value":"//button[@data-kt=\"masterHOAddButton\"]"}
COMMAND: POST /session/799be37928140a71a03c3bbe373ba355/elements - {"using":"xpath","value":"//button[@data-kt=\"masterHOAddButton\"]"}
RESULT: {"using":"xpath","value":"//button[@data-kt=\"masterHOAddButton\"]"}
COMMAND: POST /session/799be37928140a71a03c3bbe373ba355/elements - {"using":"xpath","value":"//button[@data-kt=\"masterHOAddButton\"]"}
RESULT: {"using":"xpath","value":"//button[@data-kt=\"masterHOAddButton\"]"}
COMMAND: POST /session/799be37928140a71a03c3bbe373ba355/elements - {"using":"xpath","value":"//button[@data-kt=\"masterHOAddButton\"]"}
RESULT: {"using":"xpath","value":"//button[@data-kt=\"masterHOAddButton\"]"}
COMMAND: POST /session/799be37928140a71a03c3bbe373ba355/elements - {"using":"xpath","value":"//button[@data-kt=\"masterHOAddButton\"]"}
RESULT: {"using":"xpath","value":"//button[@data-kt=\"masterHOAddButton\"]"}
COMMAND: POST /session/799be37928140a71a03c3bbe373ba355/elements - {"using":"xpath","value":"//button[@data-kt=\"masterHOAddButton\"]"}
RESULT: {"using":"xpath","value":"//button[@data-kt=\"masterHOAddButton\"]"}
COMMAND: POST /session/799be37928140a71a03c3bbe373ba355/elements - {"using":"xpath","value":"//button[@data-kt=\"masterHOAddButton\"]"}
RESULT: {"using":"xpath","value":"//button[@data-kt=\"masterHOAddButton\"]"}
COMMAND: POST /session/799be37928140a71a03c3bbe373ba355/elements - {"using":"xpath","value":"//button[@data-kt=\"masterHOAddButton\"]"}
RESULT: {"using":"xpath","value":"//button[@data-kt=\"masterHOAddButton\"]"}
COMMAND: POST /session/799be37928140a71a03c3bbe373ba355/elements - {"using":"xpath","value":"//button[@data-kt=\"masterHOAddButton\"]"}
RESULT: {"using":"xpath","value":"//button[@data-kt=\"masterHOAddButton\"]"}
COMMAND: POST /session/799be37928140a71a03c3bbe373ba355/elements - {"using":"xpath","value":"//button[@data-kt=\"masterHOAddButton\"]"}
RESULT: {"using":"xpath","value":"//button[@data-kt=\"masterHOAddButton\"]"}
COMMAND: POST /session/799be37928140a71a03c3bbe373ba355/elements - {"using":"xpath","value":"//button[@data-kt=\"masterHOAddButton\"]"}
RESULT: {"using":"xpath","value":"//button[@data-kt=\"masterHOAddButton\"]"}
COMMAND: POST /session/799be37928140a71a03c3bbe373ba355/elements - {"using":"xpath","value":"//button[@data-kt=\"masterHOAddButton\"]"}
RESULT: {"using":"xpath","value":"//button[@data-kt=\"masterHOAddButton\"]"}
COMMAND: POST /session/799be37928140a71a03c3bbe373ba355/elements - {"using":"xpath","value":"//button[@data-kt=\"masterHOAddButton\"]"}
RESULT: {"using":"xpath","value":"//button[@data-kt=\"masterHOAddButton\"]"}
COMMAND: POST /session/799be37928140a71a03c3bbe373ba355/elements - {"using":"xpath","value":"//button[@data-kt=\"masterHOAddButton\"]"}
RESULT: {"using":"xpath","value":"//button[@data-kt=\"masterHOAddButton\"]"}
COMMAND: POST /session/799be37928140a71a03c3bbe373ba355/elements - {"using":"xpath","value":"//button[@data-kt=\"masterHOAddButton\"]"}
RESULT: {"using":"xpath","value":"//button[@data-kt=\"masterHOAddButton\"]"}
COMMAND: POST /session/799be37928140a71a03c3bbe373ba355/elements - {"using":"xpath","value":"//button[@data-kt=\"masterHOAddButton\"]"}
RESULT: {"using":"xpath","value":"//button[@data-kt=\"masterHOAddButton\"]"}
COMMAND: POST /session/799be37928140a71a03c3bbe373ba355/elements - {"using":"xpath","value":"//button[@data-kt=\"masterHOAddButton\"]"}
RESULT: {"using":"xpath","value":"//button[@data-kt=\"masterHOAddButton\"]"}
COMMAND: POST /session/799be37928140a71a03c3bbe373ba355/elements - {"using":"xpath","value":"//button[@data-kt=\"masterHOAddButton\"]"}
RESULT: {"using":"xpath","value":"//button[@data-kt=\"masterHOAddButton\"]"}
COMMAND: POST /session/799be37928140a71a03c3bbe373ba355/element - {"using":"xpath","value":"//button[@data-kt=\"masterHOAddButton\"]"}
RESULT: {"using":"xpath","value":"//button[@data-kt=\"masterHOAddButton\"]"}
COMMAND: POST /session/799be37928140a71a03c3bbe373ba355/execute/sync - {"script":"<script> [8489 bytes]","args":[{"element-6066-11e4-a52e-4f735466cecf":"f.19D3A8A536C023AFD4E776B255E62FBE.d.A0314AF981E88657912D6F050B82FBD2.e.3938","ELEMENT":"f.19D3A8A536C023AFD4E776B255E62FBE.d.A0314AF981E88657912D6F050B82FBD2.e.3938"}]}
RESULT: {"script":"<script> [8489 bytes]","args":[{"element-6066-11e4-a52e-4f735466cecf":"f.19D3A8A536C023AFD4E776B255E62FBE.d.A0314AF981E88657912D6F050B82FBD2.e.3938","ELEMENT":"f.19D3A8A536C023AFD4E776B255E62FBE.d.A0314AF981E88657912D6F050B82FBD2.e.3938"}]}
COMMAND: GET /session/799be37928140a71a03c3bbe373ba355/element/f.19D3A8A536C023AFD4E776B255E62FBE.d.A0314AF981E88657912D6F050B82FBD2.e.3938/enabled - {}
COMMAND: GET /session/799be37928140a71a03c3bbe373ba355/screenshot - {}
RESULT: {}
COMMAND: POST /session/799be37928140a71a03c3bbe373ba355/execute/sync - {"script":"<script> [8489 bytes]","args":[{"element-6066-11e4-a52e-4f735466cecf":"f.19D3A8A536C023AFD4E776B255E62FBE.d.A0314AF981E88657912D6F050B82FBD2.e.3938","ELEMENT":"f.19D3A8A536C023AFD4E776B255E62FBE.d.A0314AF981E88657912D6F050B82FBD2.e.3938"}]}
COMMAND: GET /session/799be37928140a71a03c3bbe373ba355/screenshot - {}
RESULT: {}
RESULT: {"script":"<script> [8489 bytes]","args":[{"element-6066-11e4-a52e-4f735466cecf":"f.19D3A8A536C023AFD4E776B255E62FBE.d.A0314AF981E88657912D6F050B82FBD2.e.3938","ELEMENT":"f.19D3A8A536C023AFD4E776B255E62FBE.d.A0314AF981E88657912D6F050B82FBD2.e.3938"}]}
COMMAND: POST /session/799be37928140a71a03c3bbe373ba355/execute/sync - {"script":"<script> [5351 bytes]","args":[{"element-6066-11e4-a52e-4f735466cecf":"f.19D3A8A536C023AFD4E776B255E62FBE.d.A0314AF981E88657912D6F050B82FBD2.e.3938","ELEMENT":"f.19D3A8A536C023AFD4E776B255E62FBE.d.A0314AF981E88657912D6F050B82FBD2.e.3938"}]}
COMMAND: GET /session/799be37928140a71a03c3bbe373ba355/screenshot - {}
RESULT: {}
RESULT: {"script":"<script> [5351 bytes]","args":[{"element-6066-11e4-a52e-4f735466cecf":"f.19D3A8A536C023AFD4E776B255E62FBE.d.A0314AF981E88657912D6F050B82FBD2.e.3938","ELEMENT":"f.19D3A8A536C023AFD4E776B255E62FBE.d.A0314AF981E88657912D6F050B82FBD2.e.3938"}]}
COMMAND: POST /session/799be37928140a71a03c3bbe373ba355/element/f.19D3A8A536C023AFD4E776B255E62FBE.d.A0314AF981E88657912D6F050B82FBD2.e.3938/click - {}
COMMAND: GET /session/799be37928140a71a03c3bbe373ba355/screenshot - {}
RESULT: {}
RESULT: {}
COMMAND: GET /session/799be37928140a71a03c3bbe373ba355/screenshot - {}
RESULT: {}
RESULT: {}
COMMAND: POST /session/799be37928140a71a03c3bbe373ba355/element - {"using":"xpath","value":"//span[contains(@id ,\"AddNewHO--typeSelect-arrow\")]"}
RESULT: {"using":"xpath","value":"//span[contains(@id ,\"AddNewHO--typeSelect-arrow\")]"}
COMMAND: POST /session/799be37928140a71a03c3bbe373ba355/element/f.19D3A8A536C023AFD4E776B255E62FBE.d.A0314AF981E88657912D6F050B82FBD2.e.4301/click - {}
RESULT: {}
COMMAND: GET /session/799be37928140a71a03c3bbe373ba355/screenshot - {}
RESULT: {}
COMMAND: POST /session/799be37928140a71a03c3bbe373ba355/element - {"using":"xpath","value":"(//li[contains(text(), \"stock increase yard\")])[1]"}
RESULT: {"using":"xpath","value":"(//li[contains(text(), \"stock increase yard\")])[1]"}
COMMAND: POST /session/799be37928140a71a03c3bbe373ba355/element/f.19D3A8A536C023AFD4E776B255E62FBE.d.A0314AF981E88657912D6F050B82FBD2.e.4302/click - {}
RESULT: {}
COMMAND: GET /session/799be37928140a71a03c3bbe373ba355/screenshot - {}
RESULT: {}
COMMAND: POST /session/799be37928140a71a03c3bbe373ba355/execute/async - {"script":"<script> [1562 bytes]","args":[{"selector":{"id":"application-managehandovers-display-component---AddNewHO--dueDate","interaction":{"idSuffix":"inner"}},"wdio_ui5_key":"applicationmanagehandovers-display-component---AddNewHO--dueDate"}]}
RESULT: {"script":"<script> [1562 bytes]","args":[{"selector":{"id":"application-managehandovers-display-component---AddNewHO--dueDate","interaction":{"idSuffix":"inner"}},"wdio_ui5_key":"applicationmanagehandovers-display-component---AddNewHO--dueDate"}]}
RESULT: undefined
COMMAND: POST /session/799be37928140a71a03c3bbe373ba355/execute/async - {"script":"<script> [6424 bytes]","args":[{"element-6066-11e4-a52e-4f735466cecf":"f.19D3A8A536C023AFD4E776B255E62FBE.d.A0314AF981E88657912D6F050B82FBD2.e.4304"},"setValue",["04/19/2025"]]}
RESULT: {"script":"<script> [6424 bytes]","args":[{"element-6066-11e4-a52e-4f735466cecf":"f.19D3A8A536C023AFD4E776B255E62FBE.d.A0314AF981E88657912D6F050B82FBD2.e.4304"},"setValue",["04/19/2025"]]}
COMMAND: POST /session/799be37928140a71a03c3bbe373ba355/element - {"using":"xpath","value":"//input[@id=\"generalSectionFrg--receiveYard-inner\"]"}
RESULT: {"using":"xpath","value":"//input[@id=\"generalSectionFrg--receiveYard-inner\"]"}
COMMAND: POST /session/799be37928140a71a03c3bbe373ba355/element/f.19D3A8A536C023AFD4E776B255E62FBE.d.A0314AF981E88657912D6F050B82FBD2.e.4310/clear - {}
RESULT: {}
COMMAND: POST /session/799be37928140a71a03c3bbe373ba355/element/f.19D3A8A536C023AFD4E776B255E62FBE.d.A0314AF981E88657912D6F050B82FBD2.e.4310/value - {"text":"592"}
COMMAND: GET /session/799be37928140a71a03c3bbe373ba355/screenshot - {}
RESULT: {"text":"592"}
COMMAND: GET /session/799be37928140a71a03c3bbe373ba355/screenshot - {}
RESULT: {}
RESULT: {}
COMMAND: POST /session/799be37928140a71a03c3bbe373ba355/element - {"using":"xpath","value":"//li[.//span[text()='592']]"}
RESULT: {"using":"xpath","value":"//li[.//span[text()='592']]"}
COMMAND: POST /session/799be37928140a71a03c3bbe373ba355/element/f.19D3A8A536C023AFD4E776B255E62FBE.d.A0314AF981E88657912D6F050B82FBD2.e.4326/click - {}
RESULT: {}
COMMAND: GET /session/799be37928140a71a03c3bbe373ba355/screenshot - {}
RESULT: {}
COMMAND: POST /session/799be37928140a71a03c3bbe373ba355/execute/async - {"script":"<script> [1562 bytes]","args":[{"selector":{"id":"application-managehandovers-display-component---AddNewHO--ObjectPageLayout-anchBar-application-managehandovers-display-component---AddNewHO--section4-anchor","interaction":{"idSuffix":"BDI-content"}},"wdio_ui5_key":"applicationmanagehandovers-display-component---AddNewHO--ObjectPageLayout-anchBar-application-managehandovers-display-component---AddNewHO--section4-anchor"}]}
RESULT: {"script":"<script> [1562 bytes]","args":[{"selector":{"id":"application-managehandovers-display-component---AddNewHO--ObjectPageLayout-anchBar-application-managehandovers-display-component---AddNewHO--section4-anchor","interaction":{"idSuffix":"BDI-content"}},"wdio_ui5_key":"applicationmanagehandovers-display-component---AddNewHO--ObjectPageLayout-anchBar-application-managehandovers-display-component---AddNewHO--section4-anchor"}]}
RESULT: undefined
COMMAND: POST /session/799be37928140a71a03c3bbe373ba355/element - {"using":"xpath","value":"//*[@id=\"application-managehandovers-display-component---AddNewHO--ObjectPageLayout-anchBar-application-managehandovers-display-component---AddNewHO--section4-anchor\"]"}
RESULT: {"using":"xpath","value":"//*[@id=\"application-managehandovers-display-component---AddNewHO--ObjectPageLayout-anchBar-application-managehandovers-display-component---AddNewHO--section4-anchor\"]"}
COMMAND: POST /session/799be37928140a71a03c3bbe373ba355/element/f.19D3A8A536C023AFD4E776B255E62FBE.d.A0314AF981E88657912D6F050B82FBD2.e.4328/click - {}
RESULT: {}
COMMAND: POST /session/799be37928140a71a03c3bbe373ba355/element - {"using":"xpath","value":"//button[@aria-label=\"Add\"]"}
COMMAND: GET /session/799be37928140a71a03c3bbe373ba355/screenshot - {}
RESULT: {"using":"xpath","value":"//button[@aria-label=\"Add\"]"}
COMMAND: POST /session/799be37928140a71a03c3bbe373ba355/element/f.19D3A8A536C023AFD4E776B255E62FBE.d.A0314AF981E88657912D6F050B82FBD2.e.4330/click - {}
RESULT: {}
RESULT: {}
COMMAND: GET /session/799be37928140a71a03c3bbe373ba355/screenshot - {}
RESULT: {}
COMMAND: POST /session/799be37928140a71a03c3bbe373ba355/execute/async - {"script":"<script> [1562 bytes]","args":[{"selector":{"id":"application-managehandovers-display-component---AddNewHO--smartFilterBar-btnBasicSearch","searchOpenDialogs":true,"interaction":{"idSuffix":"I"}},"wdio_ui5_key":"applicationmanagehandovers-display-component---AddNewHO--smartFilterBar-btnBasicSearch"}]}
RESULT: {"script":"<script> [1562 bytes]","args":[{"selector":{"id":"application-managehandovers-display-component---AddNewHO--smartFilterBar-btnBasicSearch","searchOpenDialogs":true,"interaction":{"idSuffix":"I"}},"wdio_ui5_key":"applicationmanagehandovers-display-component---AddNewHO--smartFilterBar-btnBasicSearch"}]}
RESULT: undefined
COMMAND: POST /session/799be37928140a71a03c3bbe373ba355/execute/async - {"script":"<script> [776 bytes]","args":[{"enterText":"R3wetoI3gY","selector":{"id":"application-managehandovers-display-component---AddNewHO--smartFilterBar-btnBasicSearch","searchOpenDialogs":true,"interaction":{"idSuffix":"I"}},"clearTextFirst":true,"interactionType":"ENTER_TEXT"}]}
RESULT: {"script":"<script> [776 bytes]","args":[{"enterText":"R3wetoI3gY","selector":{"id":"application-managehandovers-display-component---AddNewHO--smartFilterBar-btnBasicSearch","searchOpenDialogs":true,"interaction":{"idSuffix":"I"}},"clearTextFirst":true,"interactionType":"ENTER_TEXT"}]}
COMMAND: POST /session/799be37928140a71a03c3bbe373ba355/actions - {"actions":[{"id":"action16","type":"key","parameters":{},"actions":[{"type":"keyDown","value":""},{"type":"pause","duration":10},{"type":"keyUp","value":""}]}]}
RESULT: {"actions":[{"id":"action16","type":"key","parameters":{},"actions":[{"type":"keyDown","value":""},{"type":"pause","duration":10},{"type":"keyUp","value":""}]}]}
COMMAND: GET /session/799be37928140a71a03c3bbe373ba355/screenshot - {}
RESULT: {}
COMMAND: POST /session/799be37928140a71a03c3bbe373ba355/execute/async - {"script":"<script> [1562 bytes]","args":[{"selector":{"id":"application-managehandovers-display-component---AddNewHO--popup-sa","searchOpenDialogs":true,"interaction":{"idSuffix":"CbBg"}},"wdio_ui5_key":"applicationmanagehandovers-display-component---AddNewHO--popup-sa"}]}
RESULT: {"script":"<script> [1562 bytes]","args":[{"selector":{"id":"application-managehandovers-display-component---AddNewHO--popup-sa","searchOpenDialogs":true,"interaction":{"idSuffix":"CbBg"}},"wdio_ui5_key":"applicationmanagehandovers-display-component---AddNewHO--popup-sa"}]}
RESULT: undefined
COMMAND: POST /session/799be37928140a71a03c3bbe373ba355/element - {"using":"xpath","value":"//*[@id=\"application-managehandovers-display-component---AddNewHO--popup-sa\"]"}
RESULT: {"using":"xpath","value":"//*[@id=\"application-managehandovers-display-component---AddNewHO--popup-sa\"]"}
COMMAND: POST /session/799be37928140a71a03c3bbe373ba355/element/f.19D3A8A536C023AFD4E776B255E62FBE.d.A0314AF981E88657912D6F050B82FBD2.e.4484/click - {}
RESULT: {}
COMMAND: GET /session/799be37928140a71a03c3bbe373ba355/screenshot - {}
RESULT: {}
COMMAND: POST /session/799be37928140a71a03c3bbe373ba355/element - {"using":"xpath","value":"//bdi[contains(text(), \"Select\")]"}
RESULT: {"using":"xpath","value":"//bdi[contains(text(), \"Select\")]"}
COMMAND: POST /session/799be37928140a71a03c3bbe373ba355/element/f.19D3A8A536C023AFD4E776B255E62FBE.d.A0314AF981E88657912D6F050B82FBD2.e.4485/click - {}
RESULT: {}
COMMAND: GET /session/799be37928140a71a03c3bbe373ba355/screenshot - {}
RESULT: {}
COMMAND: POST /session/799be37928140a71a03c3bbe373ba355/element - {"using":"xpath","value":"//button[@data-kt=\"AddNewHOSaveButton\"]"}
RESULT: {"using":"xpath","value":"//button[@data-kt=\"AddNewHOSaveButton\"]"}
COMMAND: POST /session/799be37928140a71a03c3bbe373ba355/element/f.19D3A8A536C023AFD4E776B255E62FBE.d.A0314AF981E88657912D6F050B82FBD2.e.4489/click - {}
RESULT: {}
COMMAND: GET /session/799be37928140a71a03c3bbe373ba355/screenshot - {}
RESULT: {}
COMMAND: POST /session/799be37928140a71a03c3bbe373ba355/execute/async - {"script":"<script> [1562 bytes]","args":[{"selector":{"id":"receiptDatePicker","viewName":"etm.portal.ui.managehandovers.view.DetailExecuteHO","interaction":{"idSuffix":"inner"}},"wdio_ui5_key":"receiptDatePickeretmportal.ui.managehandovers.view.DetailExecuteHO"}]}
RESULT: {"script":"<script> [1562 bytes]","args":[{"selector":{"id":"receiptDatePicker","viewName":"etm.portal.ui.managehandovers.view.DetailExecuteHO","interaction":{"idSuffix":"inner"}},"wdio_ui5_key":"receiptDatePickeretmportal.ui.managehandovers.view.DetailExecuteHO"}]}
RESULT: undefined
COMMAND: POST /session/799be37928140a71a03c3bbe373ba355/execute/async - {"script":"<script> [6424 bytes]","args":[{"element-6066-11e4-a52e-4f735466cecf":"f.19D3A8A536C023AFD4E776B255E62FBE.d.A0314AF981E88657912D6F050B82FBD2.e.4520"},"setValue",["04/19/2025"]]}
RESULT: {"script":"<script> [6424 bytes]","args":[{"element-6066-11e4-a52e-4f735466cecf":"f.19D3A8A536C023AFD4E776B255E62FBE.d.A0314AF981E88657912D6F050B82FBD2.e.4520"},"setValue",["04/19/2025"]]}
COMMAND: POST /session/799be37928140a71a03c3bbe373ba355/element - {"using":"xpath","value":"//button[@data-kt=\"PickingTableConfirmAllButton\"]"}
RESULT: {"using":"xpath","value":"//button[@data-kt=\"PickingTableConfirmAllButton\"]"}
COMMAND: POST /session/799be37928140a71a03c3bbe373ba355/element/f.19D3A8A536C023AFD4E776B255E62FBE.d.A0314AF981E88657912D6F050B82FBD2.e.4535/click - {}
RESULT: {}
COMMAND: GET /session/799be37928140a71a03c3bbe373ba355/screenshot - {}
RESULT: {}
COMMAND: POST /session/799be37928140a71a03c3bbe373ba355/element - {"using":"xpath","value":"//bdi[contains(text(), \"OK\")]"}
RESULT: {"using":"xpath","value":"//bdi[contains(text(), \"OK\")]"}
COMMAND: POST /session/799be37928140a71a03c3bbe373ba355/element/f.19D3A8A536C023AFD4E776B255E62FBE.d.A0314AF981E88657912D6F050B82FBD2.e.4537/click - {}
RESULT: {}
COMMAND: GET /session/799be37928140a71a03c3bbe373ba355/screenshot - {}
RESULT: {}
COMMAND: POST /session/799be37928140a71a03c3bbe373ba355/element - {"using":"xpath","value":"(//bdi[contains(text(), \"Receive\")])[2]"}
RESULT: {"using":"xpath","value":"(//bdi[contains(text(), \"Receive\")])[2]"}
COMMAND: POST /session/799be37928140a71a03c3bbe373ba355/element/f.19D3A8A536C023AFD4E776B255E62FBE.d.A0314AF981E88657912D6F050B82FBD2.e.4539/click - {}
RESULT: {}
COMMAND: GET /session/799be37928140a71a03c3bbe373ba355/screenshot - {}
RESULT: {}
COMMAND: POST /session/799be37928140a71a03c3bbe373ba355/element - {"using":"css selector","value":"#shell-header-logo"}
RESULT: {"using":"css selector","value":"#shell-header-logo"}
COMMAND: POST /session/799be37928140a71a03c3bbe373ba355/element/f.19D3A8A536C023AFD4E776B255E62FBE.d.A0314AF981E88657912D6F050B82FBD2.e.3910/click - {}
RESULT: {}
COMMAND: GET /session/799be37928140a71a03c3bbe373ba355/screenshot - {}
RESULT: {}
]]></system-out>
    </testcase>
    <testcase classname="chrome.135_0_7049_42.windows.Billing_confirm_US117289" name="Should create a new contract" time="49.596">
      <system-out><![CDATA[
COMMAND: POST /session/799be37928140a71a03c3bbe373ba355/execute/async - {"script":"<script> [1562 bytes]","args":[{"selector":{"controlType":"sap.m.Text","viewName":"etm.portal.ui.managecontractstile.view.Master","properties":{"text":"Manage Contracts"},"interaction":{"idSuffix":"inner"}},"wdio_ui5_key":"etmportal.ui.managecontractstile.view.Mastersap.m.Text{\"text\":\"Manage Contracts\"}"}]}
RESULT: {"script":"<script> [1562 bytes]","args":[{"selector":{"controlType":"sap.m.Text","viewName":"etm.portal.ui.managecontractstile.view.Master","properties":{"text":"Manage Contracts"},"interaction":{"idSuffix":"inner"}},"wdio_ui5_key":"etmportal.ui.managecontractstile.view.Mastersap.m.Text{\"text\":\"Manage Contracts\"}"}]}
RESULT: undefined
COMMAND: POST /session/799be37928140a71a03c3bbe373ba355/element - {"using":"xpath","value":"//*[@id=\"__tile130-title\"]"}
RESULT: {"using":"xpath","value":"//*[@id=\"__tile130-title\"]"}
COMMAND: POST /session/799be37928140a71a03c3bbe373ba355/element/f.19D3A8A536C023AFD4E776B255E62FBE.d.A0314AF981E88657912D6F050B82FBD2.e.4711/click - {}
RESULT: {}
COMMAND: GET /session/799be37928140a71a03c3bbe373ba355/screenshot - {}
RESULT: {}
COMMAND: POST /session/799be37928140a71a03c3bbe373ba355/element - {"using":"xpath","value":"//button[@data-kt=\"addButton\"]"}
RESULT: {"using":"xpath","value":"//button[@data-kt=\"addButton\"]"}
COMMAND: POST /session/799be37928140a71a03c3bbe373ba355/elements - {"using":"xpath","value":"//button[@data-kt=\"addButton\"]"}
RESULT: {"using":"xpath","value":"//button[@data-kt=\"addButton\"]"}
RESULT: undefined
COMMAND: POST /session/799be37928140a71a03c3bbe373ba355/elements - {"using":"xpath","value":"//button[@data-kt=\"addButton\"]"}
RESULT: {"using":"xpath","value":"//button[@data-kt=\"addButton\"]"}
COMMAND: POST /session/799be37928140a71a03c3bbe373ba355/element - {"using":"xpath","value":"//button[@data-kt=\"addButton\"]"}
RESULT: {"using":"xpath","value":"//button[@data-kt=\"addButton\"]"}
COMMAND: POST /session/799be37928140a71a03c3bbe373ba355/execute/sync - {"script":"<script> [8489 bytes]","args":[{"element-6066-11e4-a52e-4f735466cecf":"f.19D3A8A536C023AFD4E776B255E62FBE.d.A0314AF981E88657912D6F050B82FBD2.e.4740","ELEMENT":"f.19D3A8A536C023AFD4E776B255E62FBE.d.A0314AF981E88657912D6F050B82FBD2.e.4740"}]}
RESULT: {"script":"<script> [8489 bytes]","args":[{"element-6066-11e4-a52e-4f735466cecf":"f.19D3A8A536C023AFD4E776B255E62FBE.d.A0314AF981E88657912D6F050B82FBD2.e.4740","ELEMENT":"f.19D3A8A536C023AFD4E776B255E62FBE.d.A0314AF981E88657912D6F050B82FBD2.e.4740"}]}
COMMAND: GET /session/799be37928140a71a03c3bbe373ba355/element/f.19D3A8A536C023AFD4E776B255E62FBE.d.A0314AF981E88657912D6F050B82FBD2.e.4740/enabled - {}
COMMAND: GET /session/799be37928140a71a03c3bbe373ba355/screenshot - {}
RESULT: {}
COMMAND: POST /session/799be37928140a71a03c3bbe373ba355/execute/sync - {"script":"<script> [8489 bytes]","args":[{"element-6066-11e4-a52e-4f735466cecf":"f.19D3A8A536C023AFD4E776B255E62FBE.d.A0314AF981E88657912D6F050B82FBD2.e.4740","ELEMENT":"f.19D3A8A536C023AFD4E776B255E62FBE.d.A0314AF981E88657912D6F050B82FBD2.e.4740"}]}
COMMAND: GET /session/799be37928140a71a03c3bbe373ba355/screenshot - {}
RESULT: {}
RESULT: {"script":"<script> [8489 bytes]","args":[{"element-6066-11e4-a52e-4f735466cecf":"f.19D3A8A536C023AFD4E776B255E62FBE.d.A0314AF981E88657912D6F050B82FBD2.e.4740","ELEMENT":"f.19D3A8A536C023AFD4E776B255E62FBE.d.A0314AF981E88657912D6F050B82FBD2.e.4740"}]}
COMMAND: POST /session/799be37928140a71a03c3bbe373ba355/execute/sync - {"script":"<script> [5351 bytes]","args":[{"element-6066-11e4-a52e-4f735466cecf":"f.19D3A8A536C023AFD4E776B255E62FBE.d.A0314AF981E88657912D6F050B82FBD2.e.4740","ELEMENT":"f.19D3A8A536C023AFD4E776B255E62FBE.d.A0314AF981E88657912D6F050B82FBD2.e.4740"}]}
COMMAND: GET /session/799be37928140a71a03c3bbe373ba355/screenshot - {}
RESULT: {}
RESULT: {"script":"<script> [5351 bytes]","args":[{"element-6066-11e4-a52e-4f735466cecf":"f.19D3A8A536C023AFD4E776B255E62FBE.d.A0314AF981E88657912D6F050B82FBD2.e.4740","ELEMENT":"f.19D3A8A536C023AFD4E776B255E62FBE.d.A0314AF981E88657912D6F050B82FBD2.e.4740"}]}
COMMAND: GET /session/799be37928140a71a03c3bbe373ba355/screenshot - {}
RESULT: {}
RESULT: {}
COMMAND: POST /session/799be37928140a71a03c3bbe373ba355/element/f.19D3A8A536C023AFD4E776B255E62FBE.d.A0314AF981E88657912D6F050B82FBD2.e.4740/click - {}
RESULT: {}
COMMAND: GET /session/799be37928140a71a03c3bbe373ba355/screenshot - {}
COMMAND: POST /session/799be37928140a71a03c3bbe373ba355/execute/async - {"script":"<script> [1562 bytes]","args":[{"selector":{"id":"application-managecontracts-display-component---AddNewContract--projectDescription","interaction":{"idSuffix":"inner"}},"wdio_ui5_key":"applicationmanagecontracts-display-component---AddNewContract--projectDescription"}]}
RESULT: {}
RESULT: {"script":"<script> [1562 bytes]","args":[{"selector":{"id":"application-managecontracts-display-component---AddNewContract--projectDescription","interaction":{"idSuffix":"inner"}},"wdio_ui5_key":"applicationmanagecontracts-display-component---AddNewContract--projectDescription"}]}
RESULT: undefined
COMMAND: POST /session/799be37928140a71a03c3bbe373ba355/execute/async - {"script":"<script> [776 bytes]","args":[{"enterText":"Contract WDIO","selector":{"id":"application-managecontracts-display-component---AddNewContract--projectDescription","interaction":{"idSuffix":"inner"}},"clearTextFirst":true,"interactionType":"ENTER_TEXT"}]}
RESULT: {"script":"<script> [776 bytes]","args":[{"enterText":"Contract WDIO","selector":{"id":"application-managecontracts-display-component---AddNewContract--projectDescription","interaction":{"idSuffix":"inner"}},"clearTextFirst":true,"interactionType":"ENTER_TEXT"}]}
COMMAND: POST /session/799be37928140a71a03c3bbe373ba355/element - {"using":"xpath","value":"//input[@id=\"application-managecontracts-display-component---AddNewContract--site-inner\"]"}
RESULT: {"using":"xpath","value":"//input[@id=\"application-managecontracts-display-component---AddNewContract--site-inner\"]"}
COMMAND: POST /session/799be37928140a71a03c3bbe373ba355/element/f.19D3A8A536C023AFD4E776B255E62FBE.d.A0314AF981E88657912D6F050B82FBD2.e.5247/clear - {}
RESULT: {}
COMMAND: POST /session/799be37928140a71a03c3bbe373ba355/element/f.19D3A8A536C023AFD4E776B255E62FBE.d.A0314AF981E88657912D6F050B82FBD2.e.5247/value - {"text":"2405"}
COMMAND: GET /session/799be37928140a71a03c3bbe373ba355/screenshot - {}
RESULT: {"text":"2405"}
COMMAND: GET /session/799be37928140a71a03c3bbe373ba355/screenshot - {}
RESULT: {}
RESULT: {}
COMMAND: POST /session/799be37928140a71a03c3bbe373ba355/element - {"using":"xpath","value":"//li[.//span[text()='2405']]"}
RESULT: {"using":"xpath","value":"//li[.//span[text()='2405']]"}
COMMAND: POST /session/799be37928140a71a03c3bbe373ba355/element/f.19D3A8A536C023AFD4E776B255E62FBE.d.A0314AF981E88657912D6F050B82FBD2.e.5277/click - {}
RESULT: {}
COMMAND: GET /session/799be37928140a71a03c3bbe373ba355/screenshot - {}
RESULT: {}
COMMAND: POST /session/799be37928140a71a03c3bbe373ba355/element - {"using":"xpath","value":"//input[@id=\"application-managecontracts-display-component---AddNewContract--yardId-inner\"]"}
RESULT: {"using":"xpath","value":"//input[@id=\"application-managecontracts-display-component---AddNewContract--yardId-inner\"]"}
COMMAND: GET /session/799be37928140a71a03c3bbe373ba355/element/f.19D3A8A536C023AFD4E776B255E62FBE.d.A0314AF981E88657912D6F050B82FBD2.e.5248/property/value - {}
RESULT: {}
COMMAND: POST /session/799be37928140a71a03c3bbe373ba355/element - {"using":"xpath","value":"//input[@id=\"application-managecontracts-display-component---AddNewContract--customerSelect-inner\"]"}
COMMAND: GET /session/799be37928140a71a03c3bbe373ba355/screenshot - {}
RESULT: {"using":"xpath","value":"//input[@id=\"application-managecontracts-display-component---AddNewContract--customerSelect-inner\"]"}
COMMAND: POST /session/799be37928140a71a03c3bbe373ba355/element/f.19D3A8A536C023AFD4E776B255E62FBE.d.A0314AF981E88657912D6F050B82FBD2.e.5246/clear - {}
RESULT: {}
RESULT: {}
COMMAND: POST /session/799be37928140a71a03c3bbe373ba355/element/f.19D3A8A536C023AFD4E776B255E62FBE.d.A0314AF981E88657912D6F050B82FBD2.e.5246/value - {"text":"1447"}
COMMAND: GET /session/799be37928140a71a03c3bbe373ba355/screenshot - {}
RESULT: {"text":"1447"}
COMMAND: GET /session/799be37928140a71a03c3bbe373ba355/screenshot - {}
RESULT: {}
RESULT: {}
COMMAND: POST /session/799be37928140a71a03c3bbe373ba355/element - {"using":"xpath","value":"//li[.//span[text()='1447']]"}
RESULT: {"using":"xpath","value":"//li[.//span[text()='1447']]"}
COMMAND: POST /session/799be37928140a71a03c3bbe373ba355/element/f.19D3A8A536C023AFD4E776B255E62FBE.d.A0314AF981E88657912D6F050B82FBD2.e.5280/click - {}
RESULT: {}
COMMAND: GET /session/799be37928140a71a03c3bbe373ba355/screenshot - {}
RESULT: {}
COMMAND: POST /session/799be37928140a71a03c3bbe373ba355/element - {"using":"xpath","value":"//button[@data-kt=\"saveButton\"]"}
RESULT: {"using":"xpath","value":"//button[@data-kt=\"saveButton\"]"}
COMMAND: POST /session/799be37928140a71a03c3bbe373ba355/element/f.19D3A8A536C023AFD4E776B255E62FBE.d.A0314AF981E88657912D6F050B82FBD2.e.5270/click - {}
RESULT: {}
COMMAND: GET /session/799be37928140a71a03c3bbe373ba355/screenshot - {}
RESULT: {}
COMMAND: POST /session/799be37928140a71a03c3bbe373ba355/element - {"using":"xpath","value":"//span[contains(@id ,\"contractDetailTitleNoExpanded\")]"}
RESULT: {"using":"xpath","value":"//span[contains(@id ,\"contractDetailTitleNoExpanded\")]"}
COMMAND: POST /session/799be37928140a71a03c3bbe373ba355/elements - {"using":"xpath","value":"//span[contains(@id ,\"contractDetailTitleNoExpanded\")]"}
RESULT: {"using":"xpath","value":"//span[contains(@id ,\"contractDetailTitleNoExpanded\")]"}
COMMAND: POST /session/799be37928140a71a03c3bbe373ba355/execute/sync - {"script":"<script> [56 bytes]","args":[{"element-6066-11e4-a52e-4f735466cecf":"f.19D3A8A536C023AFD4E776B255E62FBE.d.A0314AF981E88657912D6F050B82FBD2.e.5352","ELEMENT":"f.19D3A8A536C023AFD4E776B255E62FBE.d.A0314AF981E88657912D6F050B82FBD2.e.5352"}]}
RESULT: {"script":"<script> [56 bytes]","args":[{"element-6066-11e4-a52e-4f735466cecf":"f.19D3A8A536C023AFD4E776B255E62FBE.d.A0314AF981E88657912D6F050B82FBD2.e.5352","ELEMENT":"f.19D3A8A536C023AFD4E776B255E62FBE.d.A0314AF981E88657912D6F050B82FBD2.e.5352"}]}
COMMAND: GET /session/799be37928140a71a03c3bbe373ba355/screenshot - {}
RESULT: {}
]]></system-out>
    </testcase>
    <testcase classname="chrome.135_0_7049_42.windows.Billing_confirm_US117289" name="Should add created equipment to contract" time="41.825">
      <system-out><![CDATA[
COMMAND: POST /session/799be37928140a71a03c3bbe373ba355/element - {"using":"xpath","value":"//button[@data-kt=\"contractDetailEditBtnButton\"]"}
RESULT: {"using":"xpath","value":"//button[@data-kt=\"contractDetailEditBtnButton\"]"}
COMMAND: POST /session/799be37928140a71a03c3bbe373ba355/element/f.19D3A8A536C023AFD4E776B255E62FBE.d.A0314AF981E88657912D6F050B82FBD2.e.5354/click - {}
RESULT: {}
COMMAND: GET /session/799be37928140a71a03c3bbe373ba355/screenshot - {}
RESULT: {}
COMMAND: POST /session/799be37928140a71a03c3bbe373ba355/element - {"using":"xpath","value":"(//span[contains(text(), \"Additional Addresses\")])[2]"}
RESULT: {"using":"xpath","value":"(//span[contains(text(), \"Additional Addresses\")])[2]"}
COMMAND: POST /session/799be37928140a71a03c3bbe373ba355/element/f.19D3A8A536C023AFD4E776B255E62FBE.d.A0314AF981E88657912D6F050B82FBD2.e.5408/click - {}
RESULT: {}
COMMAND: GET /session/799be37928140a71a03c3bbe373ba355/screenshot - {}
RESULT: {}
COMMAND: POST /session/799be37928140a71a03c3bbe373ba355/element - {"using":"xpath","value":"//button[@data-kt=\"btnAddTableRowOverflowToolbarButton\"]"}
RESULT: {"using":"xpath","value":"//button[@data-kt=\"btnAddTableRowOverflowToolbarButton\"]"}
COMMAND: POST /session/799be37928140a71a03c3bbe373ba355/element/f.19D3A8A536C023AFD4E776B255E62FBE.d.A0314AF981E88657912D6F050B82FBD2.e.5412/click - {}
RESULT: {}
COMMAND: GET /session/799be37928140a71a03c3bbe373ba355/screenshot - {}
RESULT: {}
COMMAND: POST /session/799be37928140a71a03c3bbe373ba355/element - {"using":"xpath","value":"//div[(text() = 'Standard Entry' or . = 'Standard Entry')]"}
RESULT: {"using":"xpath","value":"//div[(text() = 'Standard Entry' or . = 'Standard Entry')]"}
COMMAND: POST /session/799be37928140a71a03c3bbe373ba355/element/f.19D3A8A536C023AFD4E776B255E62FBE.d.A0314AF981E88657912D6F050B82FBD2.e.5414/click - {}
RESULT: {}
COMMAND: GET /session/799be37928140a71a03c3bbe373ba355/screenshot - {}
RESULT: {}
COMMAND: POST /session/799be37928140a71a03c3bbe373ba355/element - {"using":"xpath","value":"//td[7]/div/div/input"}
RESULT: {"using":"xpath","value":"//td[7]/div/div/input"}
COMMAND: POST /session/799be37928140a71a03c3bbe373ba355/element/f.19D3A8A536C023AFD4E776B255E62FBE.d.A0314AF981E88657912D6F050B82FBD2.e.5423/clear - {}
RESULT: {}
COMMAND: POST /session/799be37928140a71a03c3bbe373ba355/element/f.19D3A8A536C023AFD4E776B255E62FBE.d.A0314AF981E88657912D6F050B82FBD2.e.5423/value - {"text":"R3wetoI3gY"}
COMMAND: GET /session/799be37928140a71a03c3bbe373ba355/screenshot - {}
RESULT: {"text":"R3wetoI3gY"}
COMMAND: GET /session/799be37928140a71a03c3bbe373ba355/screenshot - {}
RESULT: {}
RESULT: {}
COMMAND: POST /session/799be37928140a71a03c3bbe373ba355/actions - {"actions":[{"id":"action17","type":"key","parameters":{},"actions":[{"type":"keyDown","value":""},{"type":"pause","duration":10},{"type":"keyUp","value":""}]}]}
RESULT: {"actions":[{"id":"action17","type":"key","parameters":{},"actions":[{"type":"keyDown","value":""},{"type":"pause","duration":10},{"type":"keyUp","value":""}]}]}
COMMAND: GET /session/799be37928140a71a03c3bbe373ba355/screenshot - {}
RESULT: {}
COMMAND: POST /session/799be37928140a71a03c3bbe373ba355/element - {"using":"xpath","value":"(//button[@data-kt=\"saveButton\"])[2]"}
RESULT: {"using":"xpath","value":"(//button[@data-kt=\"saveButton\"])[2]"}
COMMAND: POST /session/799be37928140a71a03c3bbe373ba355/element/f.19D3A8A536C023AFD4E776B255E62FBE.d.A0314AF981E88657912D6F050B82FBD2.e.5438/click - {}
RESULT: {}
COMMAND: GET /session/799be37928140a71a03c3bbe373ba355/screenshot - {}
RESULT: {}
COMMAND: POST /session/799be37928140a71a03c3bbe373ba355/element - {"using":"xpath","value":"//span[contains(@id ,\"contractItemsSmartTable-header-inner\")]"}
RESULT: {"using":"xpath","value":"//span[contains(@id ,\"contractItemsSmartTable-header-inner\")]"}
COMMAND: POST /session/799be37928140a71a03c3bbe373ba355/elements - {"using":"xpath","value":"//span[contains(@id ,\"contractItemsSmartTable-header-inner\")]"}
RESULT: {"using":"xpath","value":"//span[contains(@id ,\"contractItemsSmartTable-header-inner\")]"}
COMMAND: POST /session/799be37928140a71a03c3bbe373ba355/execute/sync - {"script":"<script> [56 bytes]","args":[{"element-6066-11e4-a52e-4f735466cecf":"f.19D3A8A536C023AFD4E776B255E62FBE.d.A0314AF981E88657912D6F050B82FBD2.e.5443","ELEMENT":"f.19D3A8A536C023AFD4E776B255E62FBE.d.A0314AF981E88657912D6F050B82FBD2.e.5443"}]}
RESULT: {"script":"<script> [56 bytes]","args":[{"element-6066-11e4-a52e-4f735466cecf":"f.19D3A8A536C023AFD4E776B255E62FBE.d.A0314AF981E88657912D6F050B82FBD2.e.5443","ELEMENT":"f.19D3A8A536C023AFD4E776B255E62FBE.d.A0314AF981E88657912D6F050B82FBD2.e.5443"}]}
]]></system-out>
    </testcase>
    <testcase classname="chrome.135_0_7049_42.windows.Billing_confirm_US117289" name="Should do a provide to site handover" time="49.235">
      <system-out><![CDATA[
COMMAND: POST /session/799be37928140a71a03c3bbe373ba355/element - {"using":"xpath","value":"//button[@data-kt=\"provideButton\"]"}
COMMAND: GET /session/799be37928140a71a03c3bbe373ba355/screenshot - {}
RESULT: {"using":"xpath","value":"//button[@data-kt=\"provideButton\"]"}
COMMAND: POST /session/799be37928140a71a03c3bbe373ba355/element/f.19D3A8A536C023AFD4E776B255E62FBE.d.A0314AF981E88657912D6F050B82FBD2.e.5444/click - {}
RESULT: {}
RESULT: {}
COMMAND: GET /session/799be37928140a71a03c3bbe373ba355/screenshot - {}
RESULT: undefined
COMMAND: POST /session/799be37928140a71a03c3bbe373ba355/execute/async - {"script":"<script> [6424 bytes]","args":[{"element-6066-11e4-a52e-4f735466cecf":"f.19D3A8A536C023AFD4E776B255E62FBE.d.A0314AF981E88657912D6F050B82FBD2.e.4304"},"setValue",["04/19/2025"]]}
RESULT: {}
COMMAND: POST /session/799be37928140a71a03c3bbe373ba355/execute/async - {"script":"<script> [1562 bytes]","args":[{"selector":{"id":"application-managehandovers-display-component---AddNewHO--dueDate","interaction":{"idSuffix":"inner"}},"wdio_ui5_key":"applicationmanagehandovers-display-component---AddNewHO--dueDate"}]}
RESULT: {"script":"<script> [1562 bytes]","args":[{"selector":{"id":"application-managehandovers-display-component---AddNewHO--dueDate","interaction":{"idSuffix":"inner"}},"wdio_ui5_key":"applicationmanagehandovers-display-component---AddNewHO--dueDate"}]}
COMMAND: POST /session/799be37928140a71a03c3bbe373ba355/execute/async - {"script":"<script> [6424 bytes]","args":[{"element-6066-11e4-a52e-4f735466cecf":"f.19D3A8A536C023AFD4E776B255E62FBE.d.A0314AF981E88657912D6F050B82FBD2.e.5498"},"setValue",["04/19/2025"]]}
RESULT: {"script":"<script> [6424 bytes]","args":[{"element-6066-11e4-a52e-4f735466cecf":"f.19D3A8A536C023AFD4E776B255E62FBE.d.A0314AF981E88657912D6F050B82FBD2.e.5498"},"setValue",["04/19/2025"]]}
COMMAND: POST /session/799be37928140a71a03c3bbe373ba355/element - {"using":"xpath","value":"//bdi[contains(text(), \"Instructions\")]"}
RESULT: {"using":"xpath","value":"//bdi[contains(text(), \"Instructions\")]"}
COMMAND: POST /session/799be37928140a71a03c3bbe373ba355/element/f.19D3A8A536C023AFD4E776B255E62FBE.d.A0314AF981E88657912D6F050B82FBD2.e.5751/click - {}
RESULT: {}
COMMAND: GET /session/799be37928140a71a03c3bbe373ba355/screenshot - {}
RESULT: {}
COMMAND: POST /session/799be37928140a71a03c3bbe373ba355/element - {"using":"xpath","value":"//button[@data-kt=\"AddNewHOProvideAddItemsButton\"]"}
RESULT: {"using":"xpath","value":"//button[@data-kt=\"AddNewHOProvideAddItemsButton\"]"}
COMMAND: POST /session/799be37928140a71a03c3bbe373ba355/element/f.19D3A8A536C023AFD4E776B255E62FBE.d.A0314AF981E88657912D6F050B82FBD2.e.5755/click - {}
RESULT: {}
COMMAND: GET /session/799be37928140a71a03c3bbe373ba355/screenshot - {}
RESULT: {}
RESULT: undefined
COMMAND: POST /session/799be37928140a71a03c3bbe373ba355/element - {"using":"xpath","value":"//*[@id=\"application-managehandovers-display-component---AddNewHO--popup-sa\"]"}
RESULT: {"using":"xpath","value":"//*[@id=\"application-managehandovers-display-component---AddNewHO--popup-sa\"]"}
COMMAND: POST /session/799be37928140a71a03c3bbe373ba355/element/f.19D3A8A536C023AFD4E776B255E62FBE.d.A0314AF981E88657912D6F050B82FBD2.e.5764/click - {}
RESULT: {}
COMMAND: GET /session/799be37928140a71a03c3bbe373ba355/screenshot - {}
RESULT: {}
COMMAND: POST /session/799be37928140a71a03c3bbe373ba355/element - {"using":"xpath","value":"//*[contains(@id ,\"BDI-content\")][contains(text(), \"Select\")]"}
RESULT: {"using":"xpath","value":"//*[contains(@id ,\"BDI-content\")][contains(text(), \"Select\")]"}
COMMAND: POST /session/799be37928140a71a03c3bbe373ba355/element/f.19D3A8A536C023AFD4E776B255E62FBE.d.A0314AF981E88657912D6F050B82FBD2.e.5766/click - {}
RESULT: {}
COMMAND: GET /session/799be37928140a71a03c3bbe373ba355/screenshot - {}
RESULT: {}
COMMAND: POST /session/799be37928140a71a03c3bbe373ba355/execute/async - {"script":"<script> [1562 bytes]","args":[{"selector":{"id":"application-managehandovers-display-component---AddNewHO--confirmCreationButton","interaction":{"idSuffix":"BDI-content"}},"wdio_ui5_key":"applicationmanagehandovers-display-component---AddNewHO--confirmCreationButton"}]}
RESULT: {"script":"<script> [1562 bytes]","args":[{"selector":{"id":"application-managehandovers-display-component---AddNewHO--confirmCreationButton","interaction":{"idSuffix":"BDI-content"}},"wdio_ui5_key":"applicationmanagehandovers-display-component---AddNewHO--confirmCreationButton"}]}
RESULT: undefined
COMMAND: POST /session/799be37928140a71a03c3bbe373ba355/element - {"using":"xpath","value":"//*[@id=\"application-managehandovers-display-component---AddNewHO--confirmCreationButton\"]"}
RESULT: {"using":"xpath","value":"//*[@id=\"application-managehandovers-display-component---AddNewHO--confirmCreationButton\"]"}
COMMAND: POST /session/799be37928140a71a03c3bbe373ba355/element/f.19D3A8A536C023AFD4E776B255E62FBE.d.A0314AF981E88657912D6F050B82FBD2.e.5577/click - {}
RESULT: {}
COMMAND: GET /session/799be37928140a71a03c3bbe373ba355/screenshot - {}
RESULT: {}
COMMAND: POST /session/799be37928140a71a03c3bbe373ba355/element - {"using":"xpath","value":"//button[@data-kt=\"PickingTableConfirmAllButton\"]"}
RESULT: {"using":"xpath","value":"//button[@data-kt=\"PickingTableConfirmAllButton\"]"}
COMMAND: POST /session/799be37928140a71a03c3bbe373ba355/element/f.19D3A8A536C023AFD4E776B255E62FBE.d.A0314AF981E88657912D6F050B82FBD2.e.5801/click - {}
COMMAND: POST /session/799be37928140a71a03c3bbe373ba355/element - {"using":"xpath","value":"//button[@data-kt=\"PickingTableConfirmAllButton\"]"}
RESULT: {"using":"xpath","value":"//button[@data-kt=\"PickingTableConfirmAllButton\"]"}
COMMAND: POST /session/799be37928140a71a03c3bbe373ba355/element/f.19D3A8A536C023AFD4E776B255E62FBE.d.A0314AF981E88657912D6F050B82FBD2.e.5801/click - {}
COMMAND: POST /session/799be37928140a71a03c3bbe373ba355/element - {"using":"xpath","value":"//button[@data-kt=\"PickingTableConfirmAllButton\"]"}
RESULT: {"using":"xpath","value":"//button[@data-kt=\"PickingTableConfirmAllButton\"]"}
COMMAND: POST /session/799be37928140a71a03c3bbe373ba355/element/f.19D3A8A536C023AFD4E776B255E62FBE.d.A0314AF981E88657912D6F050B82FBD2.e.5822/click - {}
RESULT: {}
COMMAND: GET /session/799be37928140a71a03c3bbe373ba355/screenshot - {}
RESULT: {}
COMMAND: POST /session/799be37928140a71a03c3bbe373ba355/element - {"using":"xpath","value":"//bdi[contains(text(), \"OK\")]"}
RESULT: {"using":"xpath","value":"//bdi[contains(text(), \"OK\")]"}
COMMAND: POST /session/799be37928140a71a03c3bbe373ba355/element/f.19D3A8A536C023AFD4E776B255E62FBE.d.A0314AF981E88657912D6F050B82FBD2.e.5824/click - {}
RESULT: {}
COMMAND: GET /session/799be37928140a71a03c3bbe373ba355/screenshot - {}
RESULT: {}
COMMAND: POST /session/799be37928140a71a03c3bbe373ba355/element - {"using":"xpath","value":"//bdi[contains(text(), \"Issue\")]"}
RESULT: {"using":"xpath","value":"//bdi[contains(text(), \"Issue\")]"}
COMMAND: POST /session/799be37928140a71a03c3bbe373ba355/element/f.19D3A8A536C023AFD4E776B255E62FBE.d.A0314AF981E88657912D6F050B82FBD2.e.5826/click - {}
RESULT: {}
COMMAND: GET /session/799be37928140a71a03c3bbe373ba355/screenshot - {}
RESULT: {}
COMMAND: POST /session/799be37928140a71a03c3bbe373ba355/element - {"using":"css selector","value":"#shell-header-logo"}
RESULT: {"using":"css selector","value":"#shell-header-logo"}
COMMAND: POST /session/799be37928140a71a03c3bbe373ba355/element/f.19D3A8A536C023AFD4E776B255E62FBE.d.A0314AF981E88657912D6F050B82FBD2.e.4714/click - {}
RESULT: {}
COMMAND: GET /session/799be37928140a71a03c3bbe373ba355/screenshot - {}
RESULT: {}
]]></system-out>
    </testcase>
    <testcase classname="chrome.135_0_7049_42.windows.Billing_confirm_US117289" name="Should trigger calculation" time="70.749">
      <system-out><![CDATA[
COMMAND: POST /session/799be37928140a71a03c3bbe373ba355/execute/async - {"script":"<script> [1562 bytes]","args":[{"selector":{"controlType":"sap.m.GenericTile","properties":{"header":"Manage Billings"}},"wdio_ui5_key":"sapm.GenericTile{\"header\":\"Manage Billings\"}"}]}
RESULT: {"script":"<script> [1562 bytes]","args":[{"selector":{"controlType":"sap.m.GenericTile","properties":{"header":"Manage Billings"}},"wdio_ui5_key":"sapm.GenericTile{\"header\":\"Manage Billings\"}"}]}
RESULT: undefined
COMMAND: POST /session/799be37928140a71a03c3bbe373ba355/element - {"using":"xpath","value":"//*[@id=\"__tile51\"]"}
RESULT: {"using":"xpath","value":"//*[@id=\"__tile51\"]"}
COMMAND: POST /session/799be37928140a71a03c3bbe373ba355/element/f.19D3A8A536C023AFD4E776B255E62FBE.d.A0314AF981E88657912D6F050B82FBD2.e.182/click - {}
RESULT: {}
COMMAND: GET /session/799be37928140a71a03c3bbe373ba355/screenshot - {}
RESULT: {}
COMMAND: POST /session/799be37928140a71a03c3bbe373ba355/execute/async - {"script":"<script> [1562 bytes]","args":[{"selector":{"id":"application-managebillings-display-component---billRunCalcResult--smartFilterBar-btnBasicSearch","interaction":{"idSuffix":"I"}},"wdio_ui5_key":"applicationmanagebillings-display-component---billRunCalcResult--smartFilterBar-btnBasicSearch"}]}
RESULT: {"script":"<script> [1562 bytes]","args":[{"selector":{"id":"application-managebillings-display-component---billRunCalcResult--smartFilterBar-btnBasicSearch","interaction":{"idSuffix":"I"}},"wdio_ui5_key":"applicationmanagebillings-display-component---billRunCalcResult--smartFilterBar-btnBasicSearch"}]}
RESULT: undefined
COMMAND: POST /session/799be37928140a71a03c3bbe373ba355/execute/async - {"script":"<script> [776 bytes]","args":[{"enterText":"10475","selector":{"id":"application-managebillings-display-component---billRunCalcResult--smartFilterBar-btnBasicSearch","interaction":{"idSuffix":"I"}},"clearTextFirst":true,"interactionType":"ENTER_TEXT"}]}
RESULT: {"script":"<script> [776 bytes]","args":[{"enterText":"10475","selector":{"id":"application-managebillings-display-component---billRunCalcResult--smartFilterBar-btnBasicSearch","interaction":{"idSuffix":"I"}},"clearTextFirst":true,"interactionType":"ENTER_TEXT"}]}
COMMAND: POST /session/799be37928140a71a03c3bbe373ba355/actions - {"actions":[{"id":"action18","type":"key","parameters":{},"actions":[{"type":"keyDown","value":""},{"type":"pause","duration":10},{"type":"keyUp","value":""}]}]}
RESULT: {"actions":[{"id":"action18","type":"key","parameters":{},"actions":[{"type":"keyDown","value":""},{"type":"pause","duration":10},{"type":"keyUp","value":""}]}]}
COMMAND: GET /session/799be37928140a71a03c3bbe373ba355/screenshot - {}
RESULT: {}
COMMAND: POST /session/799be37928140a71a03c3bbe373ba355/element - {"using":"xpath","value":"//td[@aria-colindex=\"1\"]/div/div[contains(@class, \"sapMCbBg\")]"}
RESULT: {"using":"xpath","value":"//td[@aria-colindex=\"1\"]/div/div[contains(@class, \"sapMCbBg\")]"}
COMMAND: POST /session/799be37928140a71a03c3bbe373ba355/element/f.19D3A8A536C023AFD4E776B255E62FBE.d.A0314AF981E88657912D6F050B82FBD2.e.6326/click - {}
RESULT: {}
COMMAND: GET /session/799be37928140a71a03c3bbe373ba355/screenshot - {}
RESULT: {}
COMMAND: POST /session/799be37928140a71a03c3bbe373ba355/execute/async - {"script":"<script> [1562 bytes]","args":[{"selector":{"id":"application-managebillings-display-component---billRunCalcResult--contractBillRunDate","interaction":{"idSuffix":"inner"}},"wdio_ui5_key":"applicationmanagebillings-display-component---billRunCalcResult--contractBillRunDate"}]}
RESULT: {"script":"<script> [1562 bytes]","args":[{"selector":{"id":"application-managebillings-display-component---billRunCalcResult--contractBillRunDate","interaction":{"idSuffix":"inner"}},"wdio_ui5_key":"applicationmanagebillings-display-component---billRunCalcResult--contractBillRunDate"}]}
RESULT: undefined
COMMAND: POST /session/799be37928140a71a03c3bbe373ba355/execute/async - {"script":"<script> [776 bytes]","args":[{"enterText":"05/19/25","selector":{"id":"application-managebillings-display-component---billRunCalcResult--contractBillRunDate","interaction":{"idSuffix":"inner"}},"clearTextFirst":true,"interactionType":"ENTER_TEXT"}]}
RESULT: {"script":"<script> [776 bytes]","args":[{"enterText":"05/19/25","selector":{"id":"application-managebillings-display-component---billRunCalcResult--contractBillRunDate","interaction":{"idSuffix":"inner"}},"clearTextFirst":true,"interactionType":"ENTER_TEXT"}]}
COMMAND: POST /session/799be37928140a71a03c3bbe373ba355/element - {"using":"xpath","value":"//bdi[contains(text(), \"Trigger Calculation\")]"}
RESULT: {"using":"xpath","value":"//bdi[contains(text(), \"Trigger Calculation\")]"}
COMMAND: POST /session/799be37928140a71a03c3bbe373ba355/element/f.19D3A8A536C023AFD4E776B255E62FBE.d.A0314AF981E88657912D6F050B82FBD2.e.6378/click - {}
RESULT: {}
COMMAND: GET /session/799be37928140a71a03c3bbe373ba355/screenshot - {}
RESULT: {}
COMMAND: POST /session/799be37928140a71a03c3bbe373ba355/element - {"using":"xpath","value":"(//span[contains(@id, \"imgNav\")])[1]"}
RESULT: {"using":"xpath","value":"(//span[contains(@id, \"imgNav\")])[1]"}
COMMAND: POST /session/799be37928140a71a03c3bbe373ba355/element/f.19D3A8A536C023AFD4E776B255E62FBE.d.A0314AF981E88657912D6F050B82FBD2.e.6327/click - {}
RESULT: {}
COMMAND: GET /session/799be37928140a71a03c3bbe373ba355/screenshot - {}
RESULT: {}
COMMAND: POST /session/799be37928140a71a03c3bbe373ba355/element - {"using":"xpath","value":"//tr/td[6]/div[1]/span[1]/span[1]"}
RESULT: {"using":"xpath","value":"//tr/td[6]/div[1]/span[1]/span[1]"}
COMMAND: GET /session/799be37928140a71a03c3bbe373ba355/element/f.19D3A8A536C023AFD4E776B255E62FBE.d.A0314AF981E88657912D6F050B82FBD2.e.6383/text - {}
RESULT: {}
COMMAND: POST /session/799be37928140a71a03c3bbe373ba355/element - {"using":"xpath","value":"(//span[contains(@id, \"imgNav\")])[2]"}
RESULT: {"using":"xpath","value":"(//span[contains(@id, \"imgNav\")])[2]"}
COMMAND: POST /session/799be37928140a71a03c3bbe373ba355/element/f.19D3A8A536C023AFD4E776B255E62FBE.d.A0314AF981E88657912D6F050B82FBD2.e.6384/click - {}
RESULT: {}
COMMAND: GET /session/799be37928140a71a03c3bbe373ba355/screenshot - {}
RESULT: {}
COMMAND: POST /session/799be37928140a71a03c3bbe373ba355/element - {"using":"xpath","value":"//bdi[contains(text(), \"Business Confirm\")]"}
RESULT: {"using":"xpath","value":"//bdi[contains(text(), \"Business Confirm\")]"}
COMMAND: POST /session/799be37928140a71a03c3bbe373ba355/element/f.19D3A8A536C023AFD4E776B255E62FBE.d.A0314AF981E88657912D6F050B82FBD2.e.6456/click - {}
RESULT: {}
COMMAND: GET /session/799be37928140a71a03c3bbe373ba355/screenshot - {}
RESULT: {}
COMMAND: POST /session/799be37928140a71a03c3bbe373ba355/element - {"using":"xpath","value":"//bdi[contains(text(), \"Business Confirmed\")]"}
RESULT: {"using":"xpath","value":"//bdi[contains(text(), \"Business Confirmed\")]"}
COMMAND: POST /session/799be37928140a71a03c3bbe373ba355/execute/sync - {"script":"<script> [56 bytes]","args":[{"element-6066-11e4-a52e-4f735466cecf":"f.19D3A8A536C023AFD4E776B255E62FBE.d.A0314AF981E88657912D6F050B82FBD2.e.6456","ELEMENT":"f.19D3A8A536C023AFD4E776B255E62FBE.d.A0314AF981E88657912D6F050B82FBD2.e.6456"}]}
RESULT: {"script":"<script> [56 bytes]","args":[{"element-6066-11e4-a52e-4f735466cecf":"f.19D3A8A536C023AFD4E776B255E62FBE.d.A0314AF981E88657912D6F050B82FBD2.e.6456","ELEMENT":"f.19D3A8A536C023AFD4E776B255E62FBE.d.A0314AF981E88657912D6F050B82FBD2.e.6456"}]}
COMMAND: POST /session/799be37928140a71a03c3bbe373ba355/element - {"using":"css selector","value":"#shell-header-logo"}
COMMAND: GET /session/799be37928140a71a03c3bbe373ba355/screenshot - {}
RESULT: {"using":"css selector","value":"#shell-header-logo"}
COMMAND: POST /session/799be37928140a71a03c3bbe373ba355/element/f.19D3A8A536C023AFD4E776B255E62FBE.d.A0314AF981E88657912D6F050B82FBD2.e.6118/click - {}
RESULT: {}
RESULT: {}
COMMAND: GET /session/799be37928140a71a03c3bbe373ba355/screenshot - {}
RESULT: {}
COMMAND: POST /session/799be37928140a71a03c3bbe373ba355/element - {"using":"css selector","value":"#j_username"}
COMMAND: POST /session/799be37928140a71a03c3bbe373ba355/url - {"url":"https://qa-testing-00-live-etm-ui.cfapps.eu10-004.hana.ondemand.com/"}
RESULT: {"using":"css selector","value":"#j_username"}
COMMAND: POST /session/799be37928140a71a03c3bbe373ba355/element - {"using":"css selector","value":"#j_username"}
RESULT: {"url":"https://qa-testing-00-live-etm-ui.cfapps.eu10-004.hana.ondemand.com/"}
RESULT: undefined
COMMAND: GET /session/799be37928140a71a03c3bbe373ba355/screenshot - {}
RESULT: {"using":"css selector","value":"#j_username"}
COMMAND: POST /session/799be37928140a71a03c3bbe373ba355/element - {"using":"css selector","value":"#shell-header-logo"}
RESULT: {}
RESULT: {"using":"css selector","value":"#shell-header-logo"}
COMMAND: POST /session/799be37928140a71a03c3bbe373ba355/execute/sync - {"script":"<script> [8489 bytes]","args":[{"element-6066-11e4-a52e-4f735466cecf":"f.19D3A8A536C023AFD4E776B255E62FBE.d.479341C0F1DD1CBA1B3C78A4E1B7B2F1.e.6469","ELEMENT":"f.19D3A8A536C023AFD4E776B255E62FBE.d.479341C0F1DD1CBA1B3C78A4E1B7B2F1.e.6469"}]}
RESULT: {"script":"<script> [8489 bytes]","args":[{"element-6066-11e4-a52e-4f735466cecf":"f.19D3A8A536C023AFD4E776B255E62FBE.d.479341C0F1DD1CBA1B3C78A4E1B7B2F1.e.6469","ELEMENT":"f.19D3A8A536C023AFD4E776B255E62FBE.d.479341C0F1DD1CBA1B3C78A4E1B7B2F1.e.6469"}]}
COMMAND: POST /session/799be37928140a71a03c3bbe373ba355/element - {"using":"css selector","value":"#shell-header-logo"}
COMMAND: GET /session/799be37928140a71a03c3bbe373ba355/screenshot - {}
RESULT: {"using":"css selector","value":"#shell-header-logo"}
COMMAND: POST /session/799be37928140a71a03c3bbe373ba355/execute/sync - {"script":"<script> [8489 bytes]","args":[{"element-6066-11e4-a52e-4f735466cecf":"f.19D3A8A536C023AFD4E776B255E62FBE.d.479341C0F1DD1CBA1B3C78A4E1B7B2F1.e.6469","ELEMENT":"f.19D3A8A536C023AFD4E776B255E62FBE.d.479341C0F1DD1CBA1B3C78A4E1B7B2F1.e.6469"}]}
RESULT: {}
RESULT: {"script":"<script> [8489 bytes]","args":[{"element-6066-11e4-a52e-4f735466cecf":"f.19D3A8A536C023AFD4E776B255E62FBE.d.479341C0F1DD1CBA1B3C78A4E1B7B2F1.e.6469","ELEMENT":"f.19D3A8A536C023AFD4E776B255E62FBE.d.479341C0F1DD1CBA1B3C78A4E1B7B2F1.e.6469"}]}
COMMAND: POST /session/799be37928140a71a03c3bbe373ba355/execute/sync - {"script":"<script> [5351 bytes]","args":[{"element-6066-11e4-a52e-4f735466cecf":"f.19D3A8A536C023AFD4E776B255E62FBE.d.479341C0F1DD1CBA1B3C78A4E1B7B2F1.e.6469","ELEMENT":"f.19D3A8A536C023AFD4E776B255E62FBE.d.479341C0F1DD1CBA1B3C78A4E1B7B2F1.e.6469"}]}
COMMAND: GET /session/799be37928140a71a03c3bbe373ba355/screenshot - {}
RESULT: {"script":"<script> [5351 bytes]","args":[{"element-6066-11e4-a52e-4f735466cecf":"f.19D3A8A536C023AFD4E776B255E62FBE.d.479341C0F1DD1CBA1B3C78A4E1B7B2F1.e.6469","ELEMENT":"f.19D3A8A536C023AFD4E776B255E62FBE.d.479341C0F1DD1CBA1B3C78A4E1B7B2F1.e.6469"}]}
COMMAND: POST /session/799be37928140a71a03c3bbe373ba355/element - {"using":"css selector","value":"#shell-header-logo"}
COMMAND: GET /session/799be37928140a71a03c3bbe373ba355/screenshot - {}
RESULT: {}
RESULT: {"using":"css selector","value":"#shell-header-logo"}
COMMAND: POST /session/799be37928140a71a03c3bbe373ba355/element/f.19D3A8A536C023AFD4E776B255E62FBE.d.479341C0F1DD1CBA1B3C78A4E1B7B2F1.e.6469/click - {}
RESULT: {}
RESULT: {}
COMMAND: GET /session/799be37928140a71a03c3bbe373ba355/screenshot - {}
RESULT: {}
COMMAND: POST /session/799be37928140a71a03c3bbe373ba355/execute/async - {"script":"<script> [189 bytes]","args":[]}
RESULT: {"script":"<script> [189 bytes]","args":[]}
COMMAND: POST /session/799be37928140a71a03c3bbe373ba355/execute/async - {"script":"<script> [123 bytes]","args":[]}
RESULT: {"script":"<script> [123 bytes]","args":[]}
COMMAND: POST /session/799be37928140a71a03c3bbe373ba355/timeouts - {"script":"<number>"}
RESULT: {"script":"<number>"}
COMMAND: GET /session/799be37928140a71a03c3bbe373ba355/timeouts - {}
RESULT: {}
RESULT: undefined
COMMAND: POST /session/799be37928140a71a03c3bbe373ba355/execute/async - {"script":"<script> [2676 bytes]","args":[]}
RESULT: {"script":"<script> [2676 bytes]","args":[]}
COMMAND: POST /session/799be37928140a71a03c3bbe373ba355/execute/async - {"script":"<script> [2342 bytes]","args":[{"protocol":"http","hostname":"0.0.0.0","path":"/","capabilities":{"browserName":"chrome","goog:chromeOptions":{"binary":"C:\\Program Files\\Google\\Chrome\\Application\\chrome.exe","args":["--start-maximized"]}},"logLevel":"warn","connectionRetryTimeout":120000,"connectionRetryCount":3,"logLevels":{},"enableDirectConnect":true,"strictSSL":true,"_":"65 more keys: [\"cacheDir\",\"port\",\"requestedCapabilities\",\"automationProtocol\",\"baseUrl\",\"waitforInterval\",\"waitforTimeout\",\"onReload\",\"beforeCommand\",\"afterCommand\",\"rootDir\",\"specs\",\"suites\",\"exclude\",\"groupLogsByTestSpec\",\"excludeDriverLogs\",\"bail\",\"framework\",\"reporters\",\"services\",\"maxInstances\",\"maxInstancesPerCapability\",\"injectGlobals\",\"filesToWatch\",\"execArgv\",\"runnerEnv\",\"runner\",\"shard\",\"specFileRetries\",\"specFileRetriesDelay\",\"specFileRetriesDeferred\",\"reporterSyncInterval\",\"reporterSyncTimeout\",\"cucumberFeaturesWithLineNumbers\",\"autoCompileOpts\",\"mochaOpts\",\"jasmineOpts\",\"cucumberOpts\",\"onPrepare\",\"onWorkerStart\",\"onWorkerEnd\",\"before\",\"beforeSession\",\"beforeSuite\",\"beforeHook\",\"beforeTest\",\"afterTest\",\"afterHook\",\"afterSuite\",\"afterSession\",\"after\",\"onComplete\",\"beforeAssertion\",\"afterAssertion\",\"beforeFeature\",\"beforeScenario\",\"beforeStep\",\"afterStep\",\"afterScenario\",\"afterFeature\",\"_\",\"suite\",\"$0\",\"ignoredWorkerServices\",\"wdi5\"]"}]}
RESULT: {"script":"<script> [2342 bytes]","args":[{"protocol":"http","hostname":"0.0.0.0","path":"/","capabilities":{"browserName":"chrome","goog:chromeOptions":{"binary":"C:\\Program Files\\Google\\Chrome\\Application\\chrome.exe","args":["--start-maximized"]}},"logLevel":"warn","connectionRetryTimeout":120000,"connectionRetryCount":3,"logLevels":{},"enableDirectConnect":true,"strictSSL":true,"_":"65 more keys: [\"cacheDir\",\"port\",\"requestedCapabilities\",\"automationProtocol\",\"baseUrl\",\"waitforInterval\",\"waitforTimeout\",\"onReload\",\"beforeCommand\",\"afterCommand\",\"rootDir\",\"specs\",\"suites\",\"exclude\",\"groupLogsByTestSpec\",\"excludeDriverLogs\",\"bail\",\"framework\",\"reporters\",\"services\",\"maxInstances\",\"maxInstancesPerCapability\",\"injectGlobals\",\"filesToWatch\",\"execArgv\",\"runnerEnv\",\"runner\",\"shard\",\"specFileRetries\",\"specFileRetriesDelay\",\"specFileRetriesDeferred\",\"reporterSyncInterval\",\"reporterSyncTimeout\",\"cucumberFeaturesWithLineNumbers\",\"autoCompileOpts\",\"mochaOpts\",\"jasmineOpts\",\"cucumberOpts\",\"onPrepare\",\"onWorkerStart\",\"onWorkerEnd\",\"before\",\"beforeSession\",\"beforeSuite\",\"beforeHook\",\"beforeTest\",\"afterTest\",\"afterHook\",\"afterSuite\",\"afterSession\",\"after\",\"onComplete\",\"beforeAssertion\",\"afterAssertion\",\"beforeFeature\",\"beforeScenario\",\"beforeStep\",\"afterStep\",\"afterScenario\",\"afterFeature\",\"_\",\"suite\",\"$0\",\"ignoredWorkerServices\",\"wdi5\"]"}]}
COMMAND: POST /session/799be37928140a71a03c3bbe373ba355/execute/async - {"script":"<script> [21126 bytes]","args":[35000]}
RESULT: {"script":"<script> [21126 bytes]","args":[35000]}
COMMAND: POST /session/799be37928140a71a03c3bbe373ba355/window/maximize - {}
RESULT: {}
COMMAND: POST /session/799be37928140a71a03c3bbe373ba355/execute/async - {"script":"<script> [1562 bytes]","args":[{"selector":{"id":"shell-header","interaction":{"idSuffix":"icon"}},"wdio_ui5_key":"shellheader"}]}
COMMAND: GET /session/799be37928140a71a03c3bbe373ba355/screenshot - {}
RESULT: {"script":"<script> [1562 bytes]","args":[{"selector":{"id":"shell-header","interaction":{"idSuffix":"icon"}},"wdio_ui5_key":"shellheader"}]}
RESULT: undefined
COMMAND: POST /session/799be37928140a71a03c3bbe373ba355/refresh - {}
RESULT: {}
RESULT: {}
COMMAND: GET /session/799be37928140a71a03c3bbe373ba355/screenshot - {}
RESULT: {}
COMMAND: POST /session/799be37928140a71a03c3bbe373ba355/refresh - {}
RESULT: {}
COMMAND: GET /session/799be37928140a71a03c3bbe373ba355/screenshot - {}
RESULT: {}
COMMAND: POST /session/799be37928140a71a03c3bbe373ba355/window/fullscreen - {}
RESULT: {}
COMMAND: POST /session/799be37928140a71a03c3bbe373ba355/execute/async - {"script":"<script> [189 bytes]","args":[]}
RESULT: {"script":"<script> [189 bytes]","args":[]}
COMMAND: POST /session/799be37928140a71a03c3bbe373ba355/execute/async - {"script":"<script> [123 bytes]","args":[]}
RESULT: {"script":"<script> [123 bytes]","args":[]}
COMMAND: POST /session/799be37928140a71a03c3bbe373ba355/timeouts - {"script":"<number>"}
RESULT: {"script":"<number>"}
COMMAND: GET /session/799be37928140a71a03c3bbe373ba355/timeouts - {}
RESULT: {}
RESULT: undefined
COMMAND: POST /session/799be37928140a71a03c3bbe373ba355/execute/async - {"script":"<script> [2676 bytes]","args":[]}
RESULT: {"script":"<script> [2676 bytes]","args":[]}
COMMAND: POST /session/799be37928140a71a03c3bbe373ba355/execute/async - {"script":"<script> [2342 bytes]","args":[{"protocol":"http","hostname":"0.0.0.0","path":"/","capabilities":{"browserName":"chrome","goog:chromeOptions":{"binary":"C:\\Program Files\\Google\\Chrome\\Application\\chrome.exe","args":["--start-maximized"]}},"logLevel":"warn","connectionRetryTimeout":120000,"connectionRetryCount":3,"logLevels":{},"enableDirectConnect":true,"strictSSL":true,"_":"65 more keys: [\"cacheDir\",\"port\",\"requestedCapabilities\",\"automationProtocol\",\"baseUrl\",\"waitforInterval\",\"waitforTimeout\",\"onReload\",\"beforeCommand\",\"afterCommand\",\"rootDir\",\"specs\",\"suites\",\"exclude\",\"groupLogsByTestSpec\",\"excludeDriverLogs\",\"bail\",\"framework\",\"reporters\",\"services\",\"maxInstances\",\"maxInstancesPerCapability\",\"injectGlobals\",\"filesToWatch\",\"execArgv\",\"runnerEnv\",\"runner\",\"shard\",\"specFileRetries\",\"specFileRetriesDelay\",\"specFileRetriesDeferred\",\"reporterSyncInterval\",\"reporterSyncTimeout\",\"cucumberFeaturesWithLineNumbers\",\"autoCompileOpts\",\"mochaOpts\",\"jasmineOpts\",\"cucumberOpts\",\"onPrepare\",\"onWorkerStart\",\"onWorkerEnd\",\"before\",\"beforeSession\",\"beforeSuite\",\"beforeHook\",\"beforeTest\",\"afterTest\",\"afterHook\",\"afterSuite\",\"afterSession\",\"after\",\"onComplete\",\"beforeAssertion\",\"afterAssertion\",\"beforeFeature\",\"beforeScenario\",\"beforeStep\",\"afterStep\",\"afterScenario\",\"afterFeature\",\"_\",\"suite\",\"$0\",\"ignoredWorkerServices\",\"wdi5\"]"}]}
RESULT: {"script":"<script> [2342 bytes]","args":[{"protocol":"http","hostname":"0.0.0.0","path":"/","capabilities":{"browserName":"chrome","goog:chromeOptions":{"binary":"C:\\Program Files\\Google\\Chrome\\Application\\chrome.exe","args":["--start-maximized"]}},"logLevel":"warn","connectionRetryTimeout":120000,"connectionRetryCount":3,"logLevels":{},"enableDirectConnect":true,"strictSSL":true,"_":"65 more keys: [\"cacheDir\",\"port\",\"requestedCapabilities\",\"automationProtocol\",\"baseUrl\",\"waitforInterval\",\"waitforTimeout\",\"onReload\",\"beforeCommand\",\"afterCommand\",\"rootDir\",\"specs\",\"suites\",\"exclude\",\"groupLogsByTestSpec\",\"excludeDriverLogs\",\"bail\",\"framework\",\"reporters\",\"services\",\"maxInstances\",\"maxInstancesPerCapability\",\"injectGlobals\",\"filesToWatch\",\"execArgv\",\"runnerEnv\",\"runner\",\"shard\",\"specFileRetries\",\"specFileRetriesDelay\",\"specFileRetriesDeferred\",\"reporterSyncInterval\",\"reporterSyncTimeout\",\"cucumberFeaturesWithLineNumbers\",\"autoCompileOpts\",\"mochaOpts\",\"jasmineOpts\",\"cucumberOpts\",\"onPrepare\",\"onWorkerStart\",\"onWorkerEnd\",\"before\",\"beforeSession\",\"beforeSuite\",\"beforeHook\",\"beforeTest\",\"afterTest\",\"afterHook\",\"afterSuite\",\"afterSession\",\"after\",\"onComplete\",\"beforeAssertion\",\"afterAssertion\",\"beforeFeature\",\"beforeScenario\",\"beforeStep\",\"afterStep\",\"afterScenario\",\"afterFeature\",\"_\",\"suite\",\"$0\",\"ignoredWorkerServices\",\"wdi5\"]"}]}
COMMAND: POST /session/799be37928140a71a03c3bbe373ba355/execute/async - {"script":"<script> [21126 bytes]","args":[35000]}
RESULT: {"script":"<script> [21126 bytes]","args":[35000]}
]]></system-out>
    </testcase>
  </testsuite>
  <testsuite timestamp="2025-04-19T17:27:03" time="1119.176" tests="14" failures="0" errors="0" skipped="0">
    <properties>
      <property name="specId" value="0"/>
      <property name="suiteName" value="Create master data for mixed billing &amp; do billing calculation US151661"/>
      <property name="capabilities" value="chrome.135_0_7049_42.windows"/>
      <property name="file" value="file:///D:/a/1/s/test/specs/BTS/billing-calculation-mixed.spec.js"/>
    </properties>
    <testcase classname="chrome.135_0_7049_42.windows.Create_master_data_for_mixed_billing_&amp;_do_billing_calculation_US151661" name="Should create a new yard" time="109.583">
      <system-out><![CDATA[
COMMAND: POST /session/799be37928140a71a03c3bbe373ba355/window/fullscreen - {}
RESULT: {}
COMMAND: POST /session/799be37928140a71a03c3bbe373ba355/execute/async - {"script":"<script> [1562 bytes]","args":[{"selector":{"controlType":"sap.m.GenericTile","properties":{"header":"Manage Yards"}},"wdio_ui5_key":"sapm.GenericTile{\"header\":\"Manage Yards\"}"}]}
RESULT: {"script":"<script> [1562 bytes]","args":[{"selector":{"controlType":"sap.m.GenericTile","properties":{"header":"Manage Yards"}},"wdio_ui5_key":"sapm.GenericTile{\"header\":\"Manage Yards\"}"}]}
RESULT: undefined
COMMAND: POST /session/799be37928140a71a03c3bbe373ba355/element - {"using":"xpath","value":"//*[@id=\"__tile41\"]"}
RESULT: {"using":"xpath","value":"//*[@id=\"__tile41\"]"}
COMMAND: POST /session/799be37928140a71a03c3bbe373ba355/element/f.19D3A8A536C023AFD4E776B255E62FBE.d.7F06655705E5902D8183A00BBA0CD8C6.e.6638/click - {}
RESULT: {}
COMMAND: POST /session/799be37928140a71a03c3bbe373ba355/element - {"using":"xpath","value":"//button[@data-kt=\"addNewYardOverflowToolbarButton\"]"}
COMMAND: GET /session/799be37928140a71a03c3bbe373ba355/screenshot - {}
RESULT: {"using":"xpath","value":"//button[@data-kt=\"addNewYardOverflowToolbarButton\"]"}
COMMAND: POST /session/799be37928140a71a03c3bbe373ba355/elements - {"using":"xpath","value":"//button[@data-kt=\"addNewYardOverflowToolbarButton\"]"}
RESULT: {}
RESULT: {"using":"xpath","value":"//button[@data-kt=\"addNewYardOverflowToolbarButton\"]"}
COMMAND: POST /session/799be37928140a71a03c3bbe373ba355/elements - {"using":"xpath","value":"//button[@data-kt=\"addNewYardOverflowToolbarButton\"]"}
RESULT: {"using":"xpath","value":"//button[@data-kt=\"addNewYardOverflowToolbarButton\"]"}
COMMAND: POST /session/799be37928140a71a03c3bbe373ba355/elements - {"using":"xpath","value":"//button[@data-kt=\"addNewYardOverflowToolbarButton\"]"}
RESULT: {"using":"xpath","value":"//button[@data-kt=\"addNewYardOverflowToolbarButton\"]"}
COMMAND: POST /session/799be37928140a71a03c3bbe373ba355/elements - {"using":"xpath","value":"//button[@data-kt=\"addNewYardOverflowToolbarButton\"]"}
RESULT: {"using":"xpath","value":"//button[@data-kt=\"addNewYardOverflowToolbarButton\"]"}
COMMAND: POST /session/799be37928140a71a03c3bbe373ba355/elements - {"using":"xpath","value":"//button[@data-kt=\"addNewYardOverflowToolbarButton\"]"}
RESULT: {"using":"xpath","value":"//button[@data-kt=\"addNewYardOverflowToolbarButton\"]"}
COMMAND: POST /session/799be37928140a71a03c3bbe373ba355/elements - {"using":"xpath","value":"//button[@data-kt=\"addNewYardOverflowToolbarButton\"]"}
RESULT: {"using":"xpath","value":"//button[@data-kt=\"addNewYardOverflowToolbarButton\"]"}
COMMAND: POST /session/799be37928140a71a03c3bbe373ba355/elements - {"using":"xpath","value":"//button[@data-kt=\"addNewYardOverflowToolbarButton\"]"}
RESULT: {"using":"xpath","value":"//button[@data-kt=\"addNewYardOverflowToolbarButton\"]"}
COMMAND: POST /session/799be37928140a71a03c3bbe373ba355/elements - {"using":"xpath","value":"//button[@data-kt=\"addNewYardOverflowToolbarButton\"]"}
RESULT: {"using":"xpath","value":"//button[@data-kt=\"addNewYardOverflowToolbarButton\"]"}
COMMAND: POST /session/799be37928140a71a03c3bbe373ba355/elements - {"using":"xpath","value":"//button[@data-kt=\"addNewYardOverflowToolbarButton\"]"}
RESULT: {"using":"xpath","value":"//button[@data-kt=\"addNewYardOverflowToolbarButton\"]"}
COMMAND: POST /session/799be37928140a71a03c3bbe373ba355/elements - {"using":"xpath","value":"//button[@data-kt=\"addNewYardOverflowToolbarButton\"]"}
RESULT: {"using":"xpath","value":"//button[@data-kt=\"addNewYardOverflowToolbarButton\"]"}
COMMAND: POST /session/799be37928140a71a03c3bbe373ba355/elements - {"using":"xpath","value":"//button[@data-kt=\"addNewYardOverflowToolbarButton\"]"}
RESULT: {"using":"xpath","value":"//button[@data-kt=\"addNewYardOverflowToolbarButton\"]"}
COMMAND: POST /session/799be37928140a71a03c3bbe373ba355/elements - {"using":"xpath","value":"//button[@data-kt=\"addNewYardOverflowToolbarButton\"]"}
RESULT: {"using":"xpath","value":"//button[@data-kt=\"addNewYardOverflowToolbarButton\"]"}
COMMAND: POST /session/799be37928140a71a03c3bbe373ba355/elements - {"using":"xpath","value":"//button[@data-kt=\"addNewYardOverflowToolbarButton\"]"}
RESULT: {"using":"xpath","value":"//button[@data-kt=\"addNewYardOverflowToolbarButton\"]"}
COMMAND: POST /session/799be37928140a71a03c3bbe373ba355/elements - {"using":"xpath","value":"//button[@data-kt=\"addNewYardOverflowToolbarButton\"]"}
RESULT: {"using":"xpath","value":"//button[@data-kt=\"addNewYardOverflowToolbarButton\"]"}
COMMAND: POST /session/799be37928140a71a03c3bbe373ba355/elements - {"using":"xpath","value":"//button[@data-kt=\"addNewYardOverflowToolbarButton\"]"}
RESULT: {"using":"xpath","value":"//button[@data-kt=\"addNewYardOverflowToolbarButton\"]"}
COMMAND: POST /session/799be37928140a71a03c3bbe373ba355/element - {"using":"xpath","value":"//button[@data-kt=\"addNewYardOverflowToolbarButton\"]"}
RESULT: {"using":"xpath","value":"//button[@data-kt=\"addNewYardOverflowToolbarButton\"]"}
COMMAND: POST /session/799be37928140a71a03c3bbe373ba355/execute/sync - {"script":"<script> [8489 bytes]","args":[{"element-6066-11e4-a52e-4f735466cecf":"f.19D3A8A536C023AFD4E776B255E62FBE.d.7F06655705E5902D8183A00BBA0CD8C6.e.6775","ELEMENT":"f.19D3A8A536C023AFD4E776B255E62FBE.d.7F06655705E5902D8183A00BBA0CD8C6.e.6775"}]}
RESULT: {"script":"<script> [8489 bytes]","args":[{"element-6066-11e4-a52e-4f735466cecf":"f.19D3A8A536C023AFD4E776B255E62FBE.d.7F06655705E5902D8183A00BBA0CD8C6.e.6775","ELEMENT":"f.19D3A8A536C023AFD4E776B255E62FBE.d.7F06655705E5902D8183A00BBA0CD8C6.e.6775"}]}
COMMAND: GET /session/799be37928140a71a03c3bbe373ba355/element/f.19D3A8A536C023AFD4E776B255E62FBE.d.7F06655705E5902D8183A00BBA0CD8C6.e.6775/enabled - {}
COMMAND: GET /session/799be37928140a71a03c3bbe373ba355/screenshot - {}
RESULT: {}
COMMAND: POST /session/799be37928140a71a03c3bbe373ba355/execute/sync - {"script":"<script> [8489 bytes]","args":[{"element-6066-11e4-a52e-4f735466cecf":"f.19D3A8A536C023AFD4E776B255E62FBE.d.7F06655705E5902D8183A00BBA0CD8C6.e.6775","ELEMENT":"f.19D3A8A536C023AFD4E776B255E62FBE.d.7F06655705E5902D8183A00BBA0CD8C6.e.6775"}]}
COMMAND: GET /session/799be37928140a71a03c3bbe373ba355/screenshot - {}
RESULT: {}
RESULT: {"script":"<script> [8489 bytes]","args":[{"element-6066-11e4-a52e-4f735466cecf":"f.19D3A8A536C023AFD4E776B255E62FBE.d.7F06655705E5902D8183A00BBA0CD8C6.e.6775","ELEMENT":"f.19D3A8A536C023AFD4E776B255E62FBE.d.7F06655705E5902D8183A00BBA0CD8C6.e.6775"}]}
COMMAND: POST /session/799be37928140a71a03c3bbe373ba355/execute/sync - {"script":"<script> [5351 bytes]","args":[{"element-6066-11e4-a52e-4f735466cecf":"f.19D3A8A536C023AFD4E776B255E62FBE.d.7F06655705E5902D8183A00BBA0CD8C6.e.6775","ELEMENT":"f.19D3A8A536C023AFD4E776B255E62FBE.d.7F06655705E5902D8183A00BBA0CD8C6.e.6775"}]}
COMMAND: GET /session/799be37928140a71a03c3bbe373ba355/screenshot - {}
RESULT: {}
RESULT: {"script":"<script> [5351 bytes]","args":[{"element-6066-11e4-a52e-4f735466cecf":"f.19D3A8A536C023AFD4E776B255E62FBE.d.7F06655705E5902D8183A00BBA0CD8C6.e.6775","ELEMENT":"f.19D3A8A536C023AFD4E776B255E62FBE.d.7F06655705E5902D8183A00BBA0CD8C6.e.6775"}]}
COMMAND: POST /session/799be37928140a71a03c3bbe373ba355/element/f.19D3A8A536C023AFD4E776B255E62FBE.d.7F06655705E5902D8183A00BBA0CD8C6.e.6775/click - {}
COMMAND: GET /session/799be37928140a71a03c3bbe373ba355/screenshot - {}
RESULT: {}
RESULT: {}
COMMAND: GET /session/799be37928140a71a03c3bbe373ba355/screenshot - {}
COMMAND: POST /session/799be37928140a71a03c3bbe373ba355/element - {"using":"xpath","value":"//input[@id=\"application-manageyards-display-component---NewYard--yardId-inner\"]"}
RESULT: {}
RESULT: {}
RESULT: {"using":"xpath","value":"//input[@id=\"application-manageyards-display-component---NewYard--yardId-inner\"]"}
COMMAND: POST /session/799be37928140a71a03c3bbe373ba355/element - {"using":"xpath","value":"//input[@id=\"application-manageyards-display-component---NewYard--yardId-inner\"]"}
RESULT: {"using":"xpath","value":"//input[@id=\"application-manageyards-display-component---NewYard--yardId-inner\"]"}
COMMAND: POST /session/799be37928140a71a03c3bbe373ba355/execute/async - {"script":"<script> [1562 bytes]","args":[{"selector":{"id":"application-manageyards-display-component---NewYard--addressDetailDetailsName1","interaction":{"idSuffix":"inner"}},"wdio_ui5_key":"applicationmanageyards-display-component---NewYard--addressDetailDetailsName1"}]}
RESULT: {"script":"<script> [1562 bytes]","args":[{"selector":{"id":"application-manageyards-display-component---NewYard--addressDetailDetailsName1","interaction":{"idSuffix":"inner"}},"wdio_ui5_key":"applicationmanageyards-display-component---NewYard--addressDetailDetailsName1"}]}
RESULT: undefined
COMMAND: POST /session/799be37928140a71a03c3bbe373ba355/execute/async - {"script":"<script> [776 bytes]","args":[{"enterText":"Intercompany Yard wdIO","selector":{"id":"application-manageyards-display-component---NewYard--addressDetailDetailsName1","interaction":{"idSuffix":"inner"}},"clearTextFirst":true,"interactionType":"ENTER_TEXT"}]}
RESULT: {"script":"<script> [776 bytes]","args":[{"enterText":"Intercompany Yard wdIO","selector":{"id":"application-manageyards-display-component---NewYard--addressDetailDetailsName1","interaction":{"idSuffix":"inner"}},"clearTextFirst":true,"interactionType":"ENTER_TEXT"}]}
COMMAND: POST /session/799be37928140a71a03c3bbe373ba355/execute/async - {"script":"<script> [1562 bytes]","args":[{"selector":{"id":"application-manageyards-display-component---NewYard--addressDetailDetailsLanguage-arrow"},"wdio_ui5_key":"applicationmanageyards-display-component---NewYard--addressDetailDetailsLanguage-arrow"}]}
RESULT: {"script":"<script> [1562 bytes]","args":[{"selector":{"id":"application-manageyards-display-component---NewYard--addressDetailDetailsLanguage-arrow"},"wdio_ui5_key":"applicationmanageyards-display-component---NewYard--addressDetailDetailsLanguage-arrow"}]}
RESULT: undefined
COMMAND: POST /session/799be37928140a71a03c3bbe373ba355/element - {"using":"xpath","value":"//*[@id=\"application-manageyards-display-component---NewYard--addressDetailDetailsLanguage-arrow\"]"}
RESULT: {"using":"xpath","value":"//*[@id=\"application-manageyards-display-component---NewYard--addressDetailDetailsLanguage-arrow\"]"}
COMMAND: POST /session/799be37928140a71a03c3bbe373ba355/element/f.19D3A8A536C023AFD4E776B255E62FBE.d.7F06655705E5902D8183A00BBA0CD8C6.e.7198/click - {}
RESULT: {}
COMMAND: POST /session/799be37928140a71a03c3bbe373ba355/element - {"using":"xpath","value":"//span[contains(text(), \"English\")]"}
COMMAND: GET /session/799be37928140a71a03c3bbe373ba355/screenshot - {}
RESULT: {"using":"xpath","value":"//span[contains(text(), \"English\")]"}
COMMAND: POST /session/799be37928140a71a03c3bbe373ba355/element/f.19D3A8A536C023AFD4E776B255E62FBE.d.7F06655705E5902D8183A00BBA0CD8C6.e.7199/click - {}
RESULT: {}
RESULT: {}
COMMAND: POST /session/799be37928140a71a03c3bbe373ba355/execute/async - {"script":"<script> [1562 bytes]","args":[{"selector":{"id":"application-manageyards-display-component---NewYard--addressDetailDetailsCity1","interaction":{"idSuffix":"inner"}},"wdio_ui5_key":"applicationmanageyards-display-component---NewYard--addressDetailDetailsCity1"}]}
COMMAND: GET /session/799be37928140a71a03c3bbe373ba355/screenshot - {}
RESULT: {"script":"<script> [1562 bytes]","args":[{"selector":{"id":"application-manageyards-display-component---NewYard--addressDetailDetailsCity1","interaction":{"idSuffix":"inner"}},"wdio_ui5_key":"applicationmanageyards-display-component---NewYard--addressDetailDetailsCity1"}]}
RESULT: undefined
COMMAND: POST /session/799be37928140a71a03c3bbe373ba355/execute/async - {"script":"<script> [776 bytes]","args":[{"enterText":"Rosario","selector":{"id":"application-manageyards-display-component---NewYard--addressDetailDetailsCity1","interaction":{"idSuffix":"inner"}},"clearTextFirst":true,"interactionType":"ENTER_TEXT"}]}
RESULT: {}
RESULT: {"script":"<script> [776 bytes]","args":[{"enterText":"Rosario","selector":{"id":"application-manageyards-display-component---NewYard--addressDetailDetailsCity1","interaction":{"idSuffix":"inner"}},"clearTextFirst":true,"interactionType":"ENTER_TEXT"}]}
COMMAND: POST /session/799be37928140a71a03c3bbe373ba355/execute/async - {"script":"<script> [1562 bytes]","args":[{"selector":{"id":"application-manageyards-display-component---NewYard--addressDetailDetailsCountry-arrow"},"wdio_ui5_key":"applicationmanageyards-display-component---NewYard--addressDetailDetailsCountry-arrow"}]}
RESULT: {"script":"<script> [1562 bytes]","args":[{"selector":{"id":"application-manageyards-display-component---NewYard--addressDetailDetailsCountry-arrow"},"wdio_ui5_key":"applicationmanageyards-display-component---NewYard--addressDetailDetailsCountry-arrow"}]}
RESULT: undefined
COMMAND: POST /session/799be37928140a71a03c3bbe373ba355/element - {"using":"xpath","value":"//*[@id=\"application-manageyards-display-component---NewYard--addressDetailDetailsCountry-arrow\"]"}
RESULT: {"using":"xpath","value":"//*[@id=\"application-manageyards-display-component---NewYard--addressDetailDetailsCountry-arrow\"]"}
COMMAND: POST /session/799be37928140a71a03c3bbe373ba355/element/f.19D3A8A536C023AFD4E776B255E62FBE.d.7F06655705E5902D8183A00BBA0CD8C6.e.7201/click - {}
RESULT: {}
COMMAND: POST /session/799be37928140a71a03c3bbe373ba355/element - {"using":"xpath","value":"//span[contains(text(), \"Argentina\")]"}
COMMAND: GET /session/799be37928140a71a03c3bbe373ba355/screenshot - {}
RESULT: {"using":"xpath","value":"//span[contains(text(), \"Argentina\")]"}
COMMAND: POST /session/799be37928140a71a03c3bbe373ba355/element/f.19D3A8A536C023AFD4E776B255E62FBE.d.7F06655705E5902D8183A00BBA0CD8C6.e.7202/click - {}
RESULT: {}
RESULT: {}
COMMAND: POST /session/799be37928140a71a03c3bbe373ba355/execute/async - {"script":"<script> [1562 bytes]","args":[{"selector":{"id":"application-manageyards-display-component---NewYard--addressEditDetailsCostObjectCstType-arrow"},"wdio_ui5_key":"applicationmanageyards-display-component---NewYard--addressEditDetailsCostObjectCstType-arrow"}]}
COMMAND: GET /session/799be37928140a71a03c3bbe373ba355/screenshot - {}
RESULT: {"script":"<script> [1562 bytes]","args":[{"selector":{"id":"application-manageyards-display-component---NewYard--addressEditDetailsCostObjectCstType-arrow"},"wdio_ui5_key":"applicationmanageyards-display-component---NewYard--addressEditDetailsCostObjectCstType-arrow"}]}
RESULT: undefined
COMMAND: POST /session/799be37928140a71a03c3bbe373ba355/element - {"using":"xpath","value":"//*[@id=\"application-manageyards-display-component---NewYard--addressEditDetailsCostObjectCstType-arrow\"]"}
RESULT: {}
RESULT: {"using":"xpath","value":"//*[@id=\"application-manageyards-display-component---NewYard--addressEditDetailsCostObjectCstType-arrow\"]"}
COMMAND: POST /session/799be37928140a71a03c3bbe373ba355/element/f.19D3A8A536C023AFD4E776B255E62FBE.d.7F06655705E5902D8183A00BBA0CD8C6.e.7204/click - {}
RESULT: {}
COMMAND: POST /session/799be37928140a71a03c3bbe373ba355/element - {"using":"xpath","value":"//span[contains(text(), \"Cost Center\")]"}
COMMAND: GET /session/799be37928140a71a03c3bbe373ba355/screenshot - {}
RESULT: {"using":"xpath","value":"//span[contains(text(), \"Cost Center\")]"}
COMMAND: POST /session/799be37928140a71a03c3bbe373ba355/element/f.19D3A8A536C023AFD4E776B255E62FBE.d.7F06655705E5902D8183A00BBA0CD8C6.e.7205/click - {}
RESULT: {}
RESULT: {}
COMMAND: GET /session/799be37928140a71a03c3bbe373ba355/screenshot - {}
RESULT: {}
COMMAND: POST /session/799be37928140a71a03c3bbe373ba355/element - {"using":"xpath","value":"//span[@id=\"application-manageyards-display-component---NewYard--addressNewCostObjectCstID-vhi\"]"}
RESULT: {"using":"xpath","value":"//span[@id=\"application-manageyards-display-component---NewYard--addressNewCostObjectCstID-vhi\"]"}
COMMAND: POST /session/799be37928140a71a03c3bbe373ba355/execute/sync - {"script":"<script> [8489 bytes]","args":[{"element-6066-11e4-a52e-4f735466cecf":"f.19D3A8A536C023AFD4E776B255E62FBE.d.7F06655705E5902D8183A00BBA0CD8C6.e.7208","ELEMENT":"f.19D3A8A536C023AFD4E776B255E62FBE.d.7F06655705E5902D8183A00BBA0CD8C6.e.7208"}]}
RESULT: {"script":"<script> [8489 bytes]","args":[{"element-6066-11e4-a52e-4f735466cecf":"f.19D3A8A536C023AFD4E776B255E62FBE.d.7F06655705E5902D8183A00BBA0CD8C6.e.7208","ELEMENT":"f.19D3A8A536C023AFD4E776B255E62FBE.d.7F06655705E5902D8183A00BBA0CD8C6.e.7208"}]}
COMMAND: POST /session/799be37928140a71a03c3bbe373ba355/execute/async - {"script":"<script> [1562 bytes]","args":[{"selector":{"id":"application-manageyards-display-component---NewYard--addressNewCostObjectCstID-vhi"},"wdio_ui5_key":"applicationmanageyards-display-component---NewYard--addressNewCostObjectCstID-vhi"}]}
COMMAND: GET /session/799be37928140a71a03c3bbe373ba355/screenshot - {}
RESULT: {"script":"<script> [1562 bytes]","args":[{"selector":{"id":"application-manageyards-display-component---NewYard--addressNewCostObjectCstID-vhi"},"wdio_ui5_key":"applicationmanageyards-display-component---NewYard--addressNewCostObjectCstID-vhi"}]}
RESULT: undefined
COMMAND: POST /session/799be37928140a71a03c3bbe373ba355/element - {"using":"xpath","value":"//*[@id=\"application-manageyards-display-component---NewYard--addressNewCostObjectCstID-vhi\"]"}
RESULT: {}
RESULT: {"using":"xpath","value":"//*[@id=\"application-manageyards-display-component---NewYard--addressNewCostObjectCstID-vhi\"]"}
COMMAND: POST /session/799be37928140a71a03c3bbe373ba355/element/f.19D3A8A536C023AFD4E776B255E62FBE.d.7F06655705E5902D8183A00BBA0CD8C6.e.7208/click - {}
RESULT: {}
COMMAND: GET /session/799be37928140a71a03c3bbe373ba355/screenshot - {}
RESULT: {}
COMMAND: POST /session/799be37928140a71a03c3bbe373ba355/execute/async - {"script":"<script> [1562 bytes]","args":[{"selector":{"controlType":"sap.m.SearchField","properties":{"placeholder":"Search"},"searchOpenDialogs":true,"interaction":{"idSuffix":"I"}},"wdio_ui5_key":"sapm.SearchField{\"placeholder\":\"Search\"}"}]}
RESULT: {"script":"<script> [1562 bytes]","args":[{"selector":{"controlType":"sap.m.SearchField","properties":{"placeholder":"Search"},"searchOpenDialogs":true,"interaction":{"idSuffix":"I"}},"wdio_ui5_key":"sapm.SearchField{\"placeholder\":\"Search\"}"}]}
RESULT: undefined
COMMAND: POST /session/799be37928140a71a03c3bbe373ba355/execute/async - {"script":"<script> [776 bytes]","args":[{"enterText":"10001013","selector":{"controlType":"sap.m.SearchField","properties":{"placeholder":"Search"},"searchOpenDialogs":true,"interaction":{"idSuffix":"I"}},"clearTextFirst":true,"interactionType":"ENTER_TEXT"}]}
RESULT: {"script":"<script> [776 bytes]","args":[{"enterText":"10001013","selector":{"controlType":"sap.m.SearchField","properties":{"placeholder":"Search"},"searchOpenDialogs":true,"interaction":{"idSuffix":"I"}},"clearTextFirst":true,"interactionType":"ENTER_TEXT"}]}
COMMAND: POST /session/799be37928140a71a03c3bbe373ba355/actions - {"actions":[{"id":"action19","type":"key","parameters":{},"actions":[{"type":"keyDown","value":""},{"type":"pause","duration":10},{"type":"keyUp","value":""}]}]}
RESULT: {"actions":[{"id":"action19","type":"key","parameters":{},"actions":[{"type":"keyDown","value":""},{"type":"pause","duration":10},{"type":"keyUp","value":""}]}]}
COMMAND: GET /session/799be37928140a71a03c3bbe373ba355/screenshot - {}
RESULT: {}
COMMAND: POST /session/799be37928140a71a03c3bbe373ba355/element - {"using":"xpath","value":"//span[contains(text(), \"General Management\")]"}
RESULT: {"using":"xpath","value":"//span[contains(text(), \"General Management\")]"}
COMMAND: POST /session/799be37928140a71a03c3bbe373ba355/element/f.19D3A8A536C023AFD4E776B255E62FBE.d.7F06655705E5902D8183A00BBA0CD8C6.e.7248/click - {}
RESULT: {}
COMMAND: GET /session/799be37928140a71a03c3bbe373ba355/screenshot - {}
RESULT: {}
COMMAND: POST /session/799be37928140a71a03c3bbe373ba355/element - {"using":"xpath","value":"//bdi[contains(text(), \"OK\")]"}
RESULT: {"using":"xpath","value":"//bdi[contains(text(), \"OK\")]"}
COMMAND: POST /session/799be37928140a71a03c3bbe373ba355/element/f.19D3A8A536C023AFD4E776B255E62FBE.d.7F06655705E5902D8183A00BBA0CD8C6.e.7249/click - {}
RESULT: {}
COMMAND: GET /session/799be37928140a71a03c3bbe373ba355/screenshot - {}
RESULT: {}
COMMAND: POST /session/799be37928140a71a03c3bbe373ba355/execute/async - {"script":"<script> [1562 bytes]","args":[{"selector":{"id":"application-manageyards-display-component---NewYard--addressEditDetailsCurrency-arrow"},"wdio_ui5_key":"applicationmanageyards-display-component---NewYard--addressEditDetailsCurrency-arrow"}]}
RESULT: {"script":"<script> [1562 bytes]","args":[{"selector":{"id":"application-manageyards-display-component---NewYard--addressEditDetailsCurrency-arrow"},"wdio_ui5_key":"applicationmanageyards-display-component---NewYard--addressEditDetailsCurrency-arrow"}]}
RESULT: undefined
COMMAND: POST /session/799be37928140a71a03c3bbe373ba355/element - {"using":"xpath","value":"//*[@id=\"application-manageyards-display-component---NewYard--addressEditDetailsCurrency-arrow\"]"}
RESULT: {"using":"xpath","value":"//*[@id=\"application-manageyards-display-component---NewYard--addressEditDetailsCurrency-arrow\"]"}
COMMAND: POST /session/799be37928140a71a03c3bbe373ba355/element/f.19D3A8A536C023AFD4E776B255E62FBE.d.7F06655705E5902D8183A00BBA0CD8C6.e.7252/click - {}
RESULT: {}
COMMAND: POST /session/799be37928140a71a03c3bbe373ba355/element - {"using":"xpath","value":"//span[contains(text(), \"Euro\")]"}
COMMAND: GET /session/799be37928140a71a03c3bbe373ba355/screenshot - {}
RESULT: {"using":"xpath","value":"//span[contains(text(), \"Euro\")]"}
COMMAND: POST /session/799be37928140a71a03c3bbe373ba355/element/f.19D3A8A536C023AFD4E776B255E62FBE.d.7F06655705E5902D8183A00BBA0CD8C6.e.7253/click - {}
RESULT: {}
RESULT: {}
COMMAND: POST /session/799be37928140a71a03c3bbe373ba355/execute/async - {"script":"<script> [1562 bytes]","args":[{"selector":{"controlType":"sap.m.Input","viewName":"etm.portal.ui.manageyards.view.New","viewId":"application-manageyards-display-component---NewYard","bindingPath":{"path":"","propertyPath":"/CONTROLLING_AREA","modelName":"NewYardModel"},"interaction":{"idSuffix":"inner"}},"wdio_ui5_key":"etmportal.ui.manageyards.view.Newsap.m.Input{\"path\":\"\",\"propertyPath\":\"/CONTROLLING_AREA\",\"modelName\":\"NewYardModel\"}"}]}
COMMAND: GET /session/799be37928140a71a03c3bbe373ba355/screenshot - {}
RESULT: {"script":"<script> [1562 bytes]","args":[{"selector":{"controlType":"sap.m.Input","viewName":"etm.portal.ui.manageyards.view.New","viewId":"application-manageyards-display-component---NewYard","bindingPath":{"path":"","propertyPath":"/CONTROLLING_AREA","modelName":"NewYardModel"},"interaction":{"idSuffix":"inner"}},"wdio_ui5_key":"etmportal.ui.manageyards.view.Newsap.m.Input{\"path\":\"\",\"propertyPath\":\"/CONTROLLING_AREA\",\"modelName\":\"NewYardModel\"}"}]}
RESULT: undefined
COMMAND: POST /session/799be37928140a71a03c3bbe373ba355/execute/async - {"script":"<script> [776 bytes]","args":[{"enterText":"Z001","selector":{"controlType":"sap.m.Input","viewName":"etm.portal.ui.manageyards.view.New","viewId":"application-manageyards-display-component---NewYard","bindingPath":{"path":"","propertyPath":"/CONTROLLING_AREA","modelName":"NewYardModel"},"interaction":{"idSuffix":"inner"}},"clearTextFirst":true,"interactionType":"ENTER_TEXT"}]}
RESULT: {}
RESULT: {"script":"<script> [776 bytes]","args":[{"enterText":"Z001","selector":{"controlType":"sap.m.Input","viewName":"etm.portal.ui.manageyards.view.New","viewId":"application-manageyards-display-component---NewYard","bindingPath":{"path":"","propertyPath":"/CONTROLLING_AREA","modelName":"NewYardModel"},"interaction":{"idSuffix":"inner"}},"clearTextFirst":true,"interactionType":"ENTER_TEXT"}]}
COMMAND: POST /session/799be37928140a71a03c3bbe373ba355/execute/async - {"script":"<script> [1562 bytes]","args":[{"selector":{"id":"application-manageyards-display-component---NewYard--companyCodeComboBox","interaction":{"idSuffix":"inner"}},"wdio_ui5_key":"applicationmanageyards-display-component---NewYard--companyCodeComboBox"}]}
RESULT: {"script":"<script> [1562 bytes]","args":[{"selector":{"id":"application-manageyards-display-component---NewYard--companyCodeComboBox","interaction":{"idSuffix":"inner"}},"wdio_ui5_key":"applicationmanageyards-display-component---NewYard--companyCodeComboBox"}]}
RESULT: undefined
COMMAND: POST /session/799be37928140a71a03c3bbe373ba355/execute/async - {"script":"<script> [776 bytes]","args":[{"enterText":"1000","selector":{"id":"application-manageyards-display-component---NewYard--companyCodeComboBox","interaction":{"idSuffix":"inner"}},"clearTextFirst":true,"interactionType":"ENTER_TEXT"}]}
RESULT: {"script":"<script> [776 bytes]","args":[{"enterText":"1000","selector":{"id":"application-manageyards-display-component---NewYard--companyCodeComboBox","interaction":{"idSuffix":"inner"}},"clearTextFirst":true,"interactionType":"ENTER_TEXT"}]}
COMMAND: POST /session/799be37928140a71a03c3bbe373ba355/execute/async - {"script":"<script> [1562 bytes]","args":[{"selector":{"controlType":"sap.m.Input","viewName":"etm.portal.ui.manageyards.view.New","viewId":"application-manageyards-display-component---NewYard","bindingPath":{"path":"","propertyPath":"/PLANT","modelName":"NewYardModel"},"interaction":{"idSuffix":"inner"}},"wdio_ui5_key":"etmportal.ui.manageyards.view.Newsap.m.Input{\"path\":\"\",\"propertyPath\":\"/PLANT\",\"modelName\":\"NewYardModel\"}"}]}
RESULT: {"script":"<script> [1562 bytes]","args":[{"selector":{"controlType":"sap.m.Input","viewName":"etm.portal.ui.manageyards.view.New","viewId":"application-manageyards-display-component---NewYard","bindingPath":{"path":"","propertyPath":"/PLANT","modelName":"NewYardModel"},"interaction":{"idSuffix":"inner"}},"wdio_ui5_key":"etmportal.ui.manageyards.view.Newsap.m.Input{\"path\":\"\",\"propertyPath\":\"/PLANT\",\"modelName\":\"NewYardModel\"}"}]}
RESULT: undefined
COMMAND: POST /session/799be37928140a71a03c3bbe373ba355/execute/async - {"script":"<script> [776 bytes]","args":[{"enterText":"1001","selector":{"controlType":"sap.m.Input","viewName":"etm.portal.ui.manageyards.view.New","viewId":"application-manageyards-display-component---NewYard","bindingPath":{"path":"","propertyPath":"/PLANT","modelName":"NewYardModel"},"interaction":{"idSuffix":"inner"}},"clearTextFirst":true,"interactionType":"ENTER_TEXT"}]}
RESULT: {"script":"<script> [776 bytes]","args":[{"enterText":"1001","selector":{"controlType":"sap.m.Input","viewName":"etm.portal.ui.manageyards.view.New","viewId":"application-manageyards-display-component---NewYard","bindingPath":{"path":"","propertyPath":"/PLANT","modelName":"NewYardModel"},"interaction":{"idSuffix":"inner"}},"clearTextFirst":true,"interactionType":"ENTER_TEXT"}]}
COMMAND: POST /session/799be37928140a71a03c3bbe373ba355/execute/async - {"script":"<script> [1562 bytes]","args":[{"selector":{"controlType":"sap.m.Input","viewName":"etm.portal.ui.manageyards.view.New","viewId":"application-manageyards-display-component---NewYard","bindingPath":{"path":"","propertyPath":"/SALES_AREA_VKORG","modelName":"NewYardModel"},"interaction":{"idSuffix":"inner"}},"wdio_ui5_key":"etmportal.ui.manageyards.view.Newsap.m.Input{\"path\":\"\",\"propertyPath\":\"/SALES_AREA_VKORG\",\"modelName\":\"NewYardModel\"}"}]}
RESULT: {"script":"<script> [1562 bytes]","args":[{"selector":{"controlType":"sap.m.Input","viewName":"etm.portal.ui.manageyards.view.New","viewId":"application-manageyards-display-component---NewYard","bindingPath":{"path":"","propertyPath":"/SALES_AREA_VKORG","modelName":"NewYardModel"},"interaction":{"idSuffix":"inner"}},"wdio_ui5_key":"etmportal.ui.manageyards.view.Newsap.m.Input{\"path\":\"\",\"propertyPath\":\"/SALES_AREA_VKORG\",\"modelName\":\"NewYardModel\"}"}]}
RESULT: undefined
COMMAND: POST /session/799be37928140a71a03c3bbe373ba355/execute/async - {"script":"<script> [776 bytes]","args":[{"enterText":"C002","selector":{"controlType":"sap.m.Input","viewName":"etm.portal.ui.manageyards.view.New","viewId":"application-manageyards-display-component---NewYard","bindingPath":{"path":"","propertyPath":"/SALES_AREA_VKORG","modelName":"NewYardModel"},"interaction":{"idSuffix":"inner"}},"clearTextFirst":true,"interactionType":"ENTER_TEXT"}]}
RESULT: {"script":"<script> [776 bytes]","args":[{"enterText":"C002","selector":{"controlType":"sap.m.Input","viewName":"etm.portal.ui.manageyards.view.New","viewId":"application-manageyards-display-component---NewYard","bindingPath":{"path":"","propertyPath":"/SALES_AREA_VKORG","modelName":"NewYardModel"},"interaction":{"idSuffix":"inner"}},"clearTextFirst":true,"interactionType":"ENTER_TEXT"}]}
COMMAND: POST /session/799be37928140a71a03c3bbe373ba355/execute/async - {"script":"<script> [1562 bytes]","args":[{"selector":{"controlType":"sap.m.Input","viewName":"etm.portal.ui.manageyards.view.New","viewId":"application-manageyards-display-component---NewYard","bindingPath":{"path":"","propertyPath":"/SALES_AREA_VTWEG","modelName":"NewYardModel"},"interaction":{"idSuffix":"inner"}},"wdio_ui5_key":"etmportal.ui.manageyards.view.Newsap.m.Input{\"path\":\"\",\"propertyPath\":\"/SALES_AREA_VTWEG\",\"modelName\":\"NewYardModel\"}"}]}
RESULT: {"script":"<script> [1562 bytes]","args":[{"selector":{"controlType":"sap.m.Input","viewName":"etm.portal.ui.manageyards.view.New","viewId":"application-manageyards-display-component---NewYard","bindingPath":{"path":"","propertyPath":"/SALES_AREA_VTWEG","modelName":"NewYardModel"},"interaction":{"idSuffix":"inner"}},"wdio_ui5_key":"etmportal.ui.manageyards.view.Newsap.m.Input{\"path\":\"\",\"propertyPath\":\"/SALES_AREA_VTWEG\",\"modelName\":\"NewYardModel\"}"}]}
RESULT: undefined
COMMAND: POST /session/799be37928140a71a03c3bbe373ba355/execute/async - {"script":"<script> [776 bytes]","args":[{"enterText":"C2","selector":{"controlType":"sap.m.Input","viewName":"etm.portal.ui.manageyards.view.New","viewId":"application-manageyards-display-component---NewYard","bindingPath":{"path":"","propertyPath":"/SALES_AREA_VTWEG","modelName":"NewYardModel"},"interaction":{"idSuffix":"inner"}},"clearTextFirst":true,"interactionType":"ENTER_TEXT"}]}
RESULT: {"script":"<script> [776 bytes]","args":[{"enterText":"C2","selector":{"controlType":"sap.m.Input","viewName":"etm.portal.ui.manageyards.view.New","viewId":"application-manageyards-display-component---NewYard","bindingPath":{"path":"","propertyPath":"/SALES_AREA_VTWEG","modelName":"NewYardModel"},"interaction":{"idSuffix":"inner"}},"clearTextFirst":true,"interactionType":"ENTER_TEXT"}]}
COMMAND: POST /session/799be37928140a71a03c3bbe373ba355/execute/async - {"script":"<script> [1562 bytes]","args":[{"selector":{"controlType":"sap.m.Input","viewName":"etm.portal.ui.manageyards.view.New","viewId":"application-manageyards-display-component---NewYard","bindingPath":{"path":"","propertyPath":"/SALES_AREA_SPART","modelName":"NewYardModel"},"interaction":{"idSuffix":"inner"}},"wdio_ui5_key":"etmportal.ui.manageyards.view.Newsap.m.Input{\"path\":\"\",\"propertyPath\":\"/SALES_AREA_SPART\",\"modelName\":\"NewYardModel\"}"}]}
RESULT: {"script":"<script> [1562 bytes]","args":[{"selector":{"controlType":"sap.m.Input","viewName":"etm.portal.ui.manageyards.view.New","viewId":"application-manageyards-display-component---NewYard","bindingPath":{"path":"","propertyPath":"/SALES_AREA_SPART","modelName":"NewYardModel"},"interaction":{"idSuffix":"inner"}},"wdio_ui5_key":"etmportal.ui.manageyards.view.Newsap.m.Input{\"path\":\"\",\"propertyPath\":\"/SALES_AREA_SPART\",\"modelName\":\"NewYardModel\"}"}]}
RESULT: undefined
COMMAND: POST /session/799be37928140a71a03c3bbe373ba355/execute/async - {"script":"<script> [776 bytes]","args":[{"enterText":"C2","selector":{"controlType":"sap.m.Input","viewName":"etm.portal.ui.manageyards.view.New","viewId":"application-manageyards-display-component---NewYard","bindingPath":{"path":"","propertyPath":"/SALES_AREA_SPART","modelName":"NewYardModel"},"interaction":{"idSuffix":"inner"}},"clearTextFirst":true,"interactionType":"ENTER_TEXT"}]}
RESULT: {"script":"<script> [776 bytes]","args":[{"enterText":"C2","selector":{"controlType":"sap.m.Input","viewName":"etm.portal.ui.manageyards.view.New","viewId":"application-manageyards-display-component---NewYard","bindingPath":{"path":"","propertyPath":"/SALES_AREA_SPART","modelName":"NewYardModel"},"interaction":{"idSuffix":"inner"}},"clearTextFirst":true,"interactionType":"ENTER_TEXT"}]}
COMMAND: POST /session/799be37928140a71a03c3bbe373ba355/execute/async - {"script":"<script> [1562 bytes]","args":[{"selector":{"controlType":"sap.m.Input","viewName":"etm.portal.ui.manageyards.view.New","viewId":"application-manageyards-display-component---NewYard","bindingPath":{"path":"","propertyPath":"/SHIP_POINT","modelName":"NewYardModel"},"interaction":{"idSuffix":"inner"}},"wdio_ui5_key":"etmportal.ui.manageyards.view.Newsap.m.Input{\"path\":\"\",\"propertyPath\":\"/SHIP_POINT\",\"modelName\":\"NewYardModel\"}"}]}
RESULT: {"script":"<script> [1562 bytes]","args":[{"selector":{"controlType":"sap.m.Input","viewName":"etm.portal.ui.manageyards.view.New","viewId":"application-manageyards-display-component---NewYard","bindingPath":{"path":"","propertyPath":"/SHIP_POINT","modelName":"NewYardModel"},"interaction":{"idSuffix":"inner"}},"wdio_ui5_key":"etmportal.ui.manageyards.view.Newsap.m.Input{\"path\":\"\",\"propertyPath\":\"/SHIP_POINT\",\"modelName\":\"NewYardModel\"}"}]}
RESULT: undefined
COMMAND: POST /session/799be37928140a71a03c3bbe373ba355/execute/async - {"script":"<script> [776 bytes]","args":[{"enterText":"1710","selector":{"controlType":"sap.m.Input","viewName":"etm.portal.ui.manageyards.view.New","viewId":"application-manageyards-display-component---NewYard","bindingPath":{"path":"","propertyPath":"/SHIP_POINT","modelName":"NewYardModel"},"interaction":{"idSuffix":"inner"}},"clearTextFirst":true,"interactionType":"ENTER_TEXT"}]}
RESULT: {"script":"<script> [776 bytes]","args":[{"enterText":"1710","selector":{"controlType":"sap.m.Input","viewName":"etm.portal.ui.manageyards.view.New","viewId":"application-manageyards-display-component---NewYard","bindingPath":{"path":"","propertyPath":"/SHIP_POINT","modelName":"NewYardModel"},"interaction":{"idSuffix":"inner"}},"clearTextFirst":true,"interactionType":"ENTER_TEXT"}]}
COMMAND: POST /session/799be37928140a71a03c3bbe373ba355/execute/async - {"script":"<script> [1562 bytes]","args":[{"selector":{"controlType":"sap.m.Input","viewName":"etm.portal.ui.manageyards.view.New","viewId":"application-manageyards-display-component---NewYard","bindingPath":{"path":"","propertyPath":"/DELIVERY_TYPE","modelName":"NewYardModel"},"interaction":{"idSuffix":"inner"}},"wdio_ui5_key":"etmportal.ui.manageyards.view.Newsap.m.Input{\"path\":\"\",\"propertyPath\":\"/DELIVERY_TYPE\",\"modelName\":\"NewYardModel\"}"}]}
RESULT: {"script":"<script> [1562 bytes]","args":[{"selector":{"controlType":"sap.m.Input","viewName":"etm.portal.ui.manageyards.view.New","viewId":"application-manageyards-display-component---NewYard","bindingPath":{"path":"","propertyPath":"/DELIVERY_TYPE","modelName":"NewYardModel"},"interaction":{"idSuffix":"inner"}},"wdio_ui5_key":"etmportal.ui.manageyards.view.Newsap.m.Input{\"path\":\"\",\"propertyPath\":\"/DELIVERY_TYPE\",\"modelName\":\"NewYardModel\"}"}]}
RESULT: undefined
COMMAND: POST /session/799be37928140a71a03c3bbe373ba355/execute/async - {"script":"<script> [776 bytes]","args":[{"enterText":"ZL01","selector":{"controlType":"sap.m.Input","viewName":"etm.portal.ui.manageyards.view.New","viewId":"application-manageyards-display-component---NewYard","bindingPath":{"path":"","propertyPath":"/DELIVERY_TYPE","modelName":"NewYardModel"},"interaction":{"idSuffix":"inner"}},"clearTextFirst":true,"interactionType":"ENTER_TEXT"}]}
RESULT: {"script":"<script> [776 bytes]","args":[{"enterText":"ZL01","selector":{"controlType":"sap.m.Input","viewName":"etm.portal.ui.manageyards.view.New","viewId":"application-manageyards-display-component---NewYard","bindingPath":{"path":"","propertyPath":"/DELIVERY_TYPE","modelName":"NewYardModel"},"interaction":{"idSuffix":"inner"}},"clearTextFirst":true,"interactionType":"ENTER_TEXT"}]}
COMMAND: POST /session/799be37928140a71a03c3bbe373ba355/execute/async - {"script":"<script> [1562 bytes]","args":[{"selector":{"controlType":"sap.m.Input","viewName":"etm.portal.ui.manageyards.view.New","viewId":"application-manageyards-display-component---NewYard","bindingPath":{"path":"","propertyPath":"/AUART","modelName":"NewYardModel"},"interaction":{"idSuffix":"inner"}},"wdio_ui5_key":"etmportal.ui.manageyards.view.Newsap.m.Input{\"path\":\"\",\"propertyPath\":\"/AUART\",\"modelName\":\"NewYardModel\"}"}]}
RESULT: {"script":"<script> [1562 bytes]","args":[{"selector":{"controlType":"sap.m.Input","viewName":"etm.portal.ui.manageyards.view.New","viewId":"application-manageyards-display-component---NewYard","bindingPath":{"path":"","propertyPath":"/AUART","modelName":"NewYardModel"},"interaction":{"idSuffix":"inner"}},"wdio_ui5_key":"etmportal.ui.manageyards.view.Newsap.m.Input{\"path\":\"\",\"propertyPath\":\"/AUART\",\"modelName\":\"NewYardModel\"}"}]}
RESULT: undefined
COMMAND: POST /session/799be37928140a71a03c3bbe373ba355/execute/async - {"script":"<script> [776 bytes]","args":[{"enterText":"TA","selector":{"controlType":"sap.m.Input","viewName":"etm.portal.ui.manageyards.view.New","viewId":"application-manageyards-display-component---NewYard","bindingPath":{"path":"","propertyPath":"/AUART","modelName":"NewYardModel"},"interaction":{"idSuffix":"inner"}},"clearTextFirst":true,"interactionType":"ENTER_TEXT"}]}
RESULT: {"script":"<script> [776 bytes]","args":[{"enterText":"TA","selector":{"controlType":"sap.m.Input","viewName":"etm.portal.ui.manageyards.view.New","viewId":"application-manageyards-display-component---NewYard","bindingPath":{"path":"","propertyPath":"/AUART","modelName":"NewYardModel"},"interaction":{"idSuffix":"inner"}},"clearTextFirst":true,"interactionType":"ENTER_TEXT"}]}
COMMAND: POST /session/799be37928140a71a03c3bbe373ba355/element - {"using":"xpath","value":"//button[@data-kt=\"newYardSaveButton\"]"}
RESULT: {"using":"xpath","value":"//button[@data-kt=\"newYardSaveButton\"]"}
COMMAND: POST /session/799be37928140a71a03c3bbe373ba355/element/f.19D3A8A536C023AFD4E776B255E62FBE.d.7F06655705E5902D8183A00BBA0CD8C6.e.7181/click - {}
RESULT: {}
COMMAND: GET /session/799be37928140a71a03c3bbe373ba355/screenshot - {}
COMMAND: POST /session/799be37928140a71a03c3bbe373ba355/element - {"using":"xpath","value":"//header[contains(@id, 'ObjectPageLayout-headerTitle')]/div[1]/div[2]/div[1]/span[1]"}
RESULT: {}
RESULT: {"using":"xpath","value":"//header[contains(@id, 'ObjectPageLayout-headerTitle')]/div[1]/div[2]/div[1]/span[1]"}
COMMAND: POST /session/799be37928140a71a03c3bbe373ba355/elements - {"using":"xpath","value":"//header[contains(@id, 'ObjectPageLayout-headerTitle')]/div[1]/div[2]/div[1]/span[1]"}
RESULT: {"using":"xpath","value":"//header[contains(@id, 'ObjectPageLayout-headerTitle')]/div[1]/div[2]/div[1]/span[1]"}
COMMAND: POST /session/799be37928140a71a03c3bbe373ba355/execute/sync - {"script":"<script> [56 bytes]","args":[{"element-6066-11e4-a52e-4f735466cecf":"f.19D3A8A536C023AFD4E776B255E62FBE.d.7F06655705E5902D8183A00BBA0CD8C6.e.7475","ELEMENT":"f.19D3A8A536C023AFD4E776B255E62FBE.d.7F06655705E5902D8183A00BBA0CD8C6.e.7475"}]}
RESULT: {"script":"<script> [56 bytes]","args":[{"element-6066-11e4-a52e-4f735466cecf":"f.19D3A8A536C023AFD4E776B255E62FBE.d.7F06655705E5902D8183A00BBA0CD8C6.e.7475","ELEMENT":"f.19D3A8A536C023AFD4E776B255E62FBE.d.7F06655705E5902D8183A00BBA0CD8C6.e.7475"}]}
COMMAND: GET /session/799be37928140a71a03c3bbe373ba355/screenshot - {}
RESULT: {}
COMMAND: POST /session/799be37928140a71a03c3bbe373ba355/element - {"using":"css selector","value":"#shell-header-logo"}
RESULT: {"using":"css selector","value":"#shell-header-logo"}
COMMAND: POST /session/799be37928140a71a03c3bbe373ba355/element/f.19D3A8A536C023AFD4E776B255E62FBE.d.7F06655705E5902D8183A00BBA0CD8C6.e.6732/click - {}
RESULT: {}
COMMAND: GET /session/799be37928140a71a03c3bbe373ba355/screenshot - {}
RESULT: {}
COMMAND: POST /session/799be37928140a71a03c3bbe373ba355/execute/sync - {"script":"<script> [299 bytes]","args":[["getModel","getResource"]]}
RESULT: {"script":"<script> [299 bytes]","args":[["getModel","getResource"]]}
COMMAND: GET /session/799be37928140a71a03c3bbe373ba355/screenshot - {}
]]></system-out>
    </testcase>
    <testcase classname="chrome.135_0_7049_42.windows.Create_master_data_for_mixed_billing_&amp;_do_billing_calculation_US151661" name="Should create a new partner" time="110.97">
      <system-out><![CDATA[
COMMAND: POST /session/799be37928140a71a03c3bbe373ba355/window/fullscreen - {}
RESULT: {}
RESULT: {}
COMMAND: POST /session/799be37928140a71a03c3bbe373ba355/execute/async - {"script":"<script> [1562 bytes]","args":[{"selector":{"controlType":"sap.m.GenericTile","properties":{"header":"Manage Partners"}},"wdio_ui5_key":"sapm.GenericTile{\"header\":\"Manage Partners\"}"}]}
RESULT: {"script":"<script> [1562 bytes]","args":[{"selector":{"controlType":"sap.m.GenericTile","properties":{"header":"Manage Partners"}},"wdio_ui5_key":"sapm.GenericTile{\"header\":\"Manage Partners\"}"}]}
RESULT: undefined
COMMAND: POST /session/799be37928140a71a03c3bbe373ba355/element - {"using":"xpath","value":"//*[@id=\"__tile38\"]"}
RESULT: {"using":"xpath","value":"//*[@id=\"__tile38\"]"}
COMMAND: POST /session/799be37928140a71a03c3bbe373ba355/element/f.19D3A8A536C023AFD4E776B255E62FBE.d.7F06655705E5902D8183A00BBA0CD8C6.e.6629/click - {}
RESULT: {}
COMMAND: POST /session/799be37928140a71a03c3bbe373ba355/element - {"using":"xpath","value":"//button[@data-kt=\"addButton\"]"}
COMMAND: GET /session/799be37928140a71a03c3bbe373ba355/screenshot - {}
RESULT: {"using":"xpath","value":"//button[@data-kt=\"addButton\"]"}
COMMAND: POST /session/799be37928140a71a03c3bbe373ba355/elements - {"using":"xpath","value":"//button[@data-kt=\"addButton\"]"}
RESULT: {}
RESULT: {"using":"xpath","value":"//button[@data-kt=\"addButton\"]"}
COMMAND: POST /session/799be37928140a71a03c3bbe373ba355/elements - {"using":"xpath","value":"//button[@data-kt=\"addButton\"]"}
RESULT: {"using":"xpath","value":"//button[@data-kt=\"addButton\"]"}
COMMAND: POST /session/799be37928140a71a03c3bbe373ba355/elements - {"using":"xpath","value":"//button[@data-kt=\"addButton\"]"}
RESULT: {"using":"xpath","value":"//button[@data-kt=\"addButton\"]"}
COMMAND: POST /session/799be37928140a71a03c3bbe373ba355/elements - {"using":"xpath","value":"//button[@data-kt=\"addButton\"]"}
RESULT: {"using":"xpath","value":"//button[@data-kt=\"addButton\"]"}
COMMAND: POST /session/799be37928140a71a03c3bbe373ba355/elements - {"using":"xpath","value":"//button[@data-kt=\"addButton\"]"}
RESULT: {"using":"xpath","value":"//button[@data-kt=\"addButton\"]"}
COMMAND: POST /session/799be37928140a71a03c3bbe373ba355/elements - {"using":"xpath","value":"//button[@data-kt=\"addButton\"]"}
RESULT: {"using":"xpath","value":"//button[@data-kt=\"addButton\"]"}
COMMAND: POST /session/799be37928140a71a03c3bbe373ba355/elements - {"using":"xpath","value":"//button[@data-kt=\"addButton\"]"}
RESULT: {"using":"xpath","value":"//button[@data-kt=\"addButton\"]"}
COMMAND: POST /session/799be37928140a71a03c3bbe373ba355/elements - {"using":"xpath","value":"//button[@data-kt=\"addButton\"]"}
RESULT: {"using":"xpath","value":"//button[@data-kt=\"addButton\"]"}
COMMAND: POST /session/799be37928140a71a03c3bbe373ba355/elements - {"using":"xpath","value":"//button[@data-kt=\"addButton\"]"}
RESULT: {"using":"xpath","value":"//button[@data-kt=\"addButton\"]"}
COMMAND: POST /session/799be37928140a71a03c3bbe373ba355/elements - {"using":"xpath","value":"//button[@data-kt=\"addButton\"]"}
RESULT: {"using":"xpath","value":"//button[@data-kt=\"addButton\"]"}
COMMAND: POST /session/799be37928140a71a03c3bbe373ba355/elements - {"using":"xpath","value":"//button[@data-kt=\"addButton\"]"}
RESULT: {"using":"xpath","value":"//button[@data-kt=\"addButton\"]"}
COMMAND: POST /session/799be37928140a71a03c3bbe373ba355/elements - {"using":"xpath","value":"//button[@data-kt=\"addButton\"]"}
RESULT: {"using":"xpath","value":"//button[@data-kt=\"addButton\"]"}
COMMAND: POST /session/799be37928140a71a03c3bbe373ba355/elements - {"using":"xpath","value":"//button[@data-kt=\"addButton\"]"}
RESULT: {"using":"xpath","value":"//button[@data-kt=\"addButton\"]"}
COMMAND: POST /session/799be37928140a71a03c3bbe373ba355/element - {"using":"xpath","value":"//button[@data-kt=\"addButton\"]"}
RESULT: {"using":"xpath","value":"//button[@data-kt=\"addButton\"]"}
COMMAND: POST /session/799be37928140a71a03c3bbe373ba355/execute/sync - {"script":"<script> [8489 bytes]","args":[{"element-6066-11e4-a52e-4f735466cecf":"f.19D3A8A536C023AFD4E776B255E62FBE.d.7F06655705E5902D8183A00BBA0CD8C6.e.7524","ELEMENT":"f.19D3A8A536C023AFD4E776B255E62FBE.d.7F06655705E5902D8183A00BBA0CD8C6.e.7524"}]}
RESULT: {"script":"<script> [8489 bytes]","args":[{"element-6066-11e4-a52e-4f735466cecf":"f.19D3A8A536C023AFD4E776B255E62FBE.d.7F06655705E5902D8183A00BBA0CD8C6.e.7524","ELEMENT":"f.19D3A8A536C023AFD4E776B255E62FBE.d.7F06655705E5902D8183A00BBA0CD8C6.e.7524"}]}
COMMAND: GET /session/799be37928140a71a03c3bbe373ba355/element/f.19D3A8A536C023AFD4E776B255E62FBE.d.7F06655705E5902D8183A00BBA0CD8C6.e.7524/enabled - {}
COMMAND: GET /session/799be37928140a71a03c3bbe373ba355/screenshot - {}
RESULT: {}
COMMAND: POST /session/799be37928140a71a03c3bbe373ba355/execute/sync - {"script":"<script> [8489 bytes]","args":[{"element-6066-11e4-a52e-4f735466cecf":"f.19D3A8A536C023AFD4E776B255E62FBE.d.7F06655705E5902D8183A00BBA0CD8C6.e.7524","ELEMENT":"f.19D3A8A536C023AFD4E776B255E62FBE.d.7F06655705E5902D8183A00BBA0CD8C6.e.7524"}]}
COMMAND: GET /session/799be37928140a71a03c3bbe373ba355/screenshot - {}
RESULT: {}
RESULT: {"script":"<script> [8489 bytes]","args":[{"element-6066-11e4-a52e-4f735466cecf":"f.19D3A8A536C023AFD4E776B255E62FBE.d.7F06655705E5902D8183A00BBA0CD8C6.e.7524","ELEMENT":"f.19D3A8A536C023AFD4E776B255E62FBE.d.7F06655705E5902D8183A00BBA0CD8C6.e.7524"}]}
COMMAND: POST /session/799be37928140a71a03c3bbe373ba355/execute/sync - {"script":"<script> [5351 bytes]","args":[{"element-6066-11e4-a52e-4f735466cecf":"f.19D3A8A536C023AFD4E776B255E62FBE.d.7F06655705E5902D8183A00BBA0CD8C6.e.7524","ELEMENT":"f.19D3A8A536C023AFD4E776B255E62FBE.d.7F06655705E5902D8183A00BBA0CD8C6.e.7524"}]}
COMMAND: GET /session/799be37928140a71a03c3bbe373ba355/screenshot - {}
RESULT: {}
RESULT: {"script":"<script> [5351 bytes]","args":[{"element-6066-11e4-a52e-4f735466cecf":"f.19D3A8A536C023AFD4E776B255E62FBE.d.7F06655705E5902D8183A00BBA0CD8C6.e.7524","ELEMENT":"f.19D3A8A536C023AFD4E776B255E62FBE.d.7F06655705E5902D8183A00BBA0CD8C6.e.7524"}]}
COMMAND: POST /session/799be37928140a71a03c3bbe373ba355/element/f.19D3A8A536C023AFD4E776B255E62FBE.d.7F06655705E5902D8183A00BBA0CD8C6.e.7524/click - {}
COMMAND: GET /session/799be37928140a71a03c3bbe373ba355/screenshot - {}
RESULT: {}
RESULT: {}
COMMAND: GET /session/799be37928140a71a03c3bbe373ba355/screenshot - {}
COMMAND: POST /session/799be37928140a71a03c3bbe373ba355/execute/async - {"script":"<script> [1562 bytes]","args":[{"selector":{"id":"application-managepartners-display-component---NewPartner--addressDetailDetailsName1","interaction":{"idSuffix":"inner"}},"wdio_ui5_key":"applicationmanagepartners-display-component---NewPartner--addressDetailDetailsName1"}]}
RESULT: {}
RESULT: {}
RESULT: {"script":"<script> [1562 bytes]","args":[{"selector":{"id":"application-managepartners-display-component---NewPartner--addressDetailDetailsName1","interaction":{"idSuffix":"inner"}},"wdio_ui5_key":"applicationmanagepartners-display-component---NewPartner--addressDetailDetailsName1"}]}
RESULT: undefined
COMMAND: POST /session/799be37928140a71a03c3bbe373ba355/execute/async - {"script":"<script> [776 bytes]","args":[{"enterText":"Intercompany Partner WDIO","selector":{"id":"application-managepartners-display-component---NewPartner--addressDetailDetailsName1","interaction":{"idSuffix":"inner"}},"clearTextFirst":true,"interactionType":"ENTER_TEXT"}]}
RESULT: {"script":"<script> [776 bytes]","args":[{"enterText":"Intercompany Partner WDIO","selector":{"id":"application-managepartners-display-component---NewPartner--addressDetailDetailsName1","interaction":{"idSuffix":"inner"}},"clearTextFirst":true,"interactionType":"ENTER_TEXT"}]}
COMMAND: POST /session/799be37928140a71a03c3bbe373ba355/execute/async - {"script":"<script> [1562 bytes]","args":[{"selector":{"id":"application-managepartners-display-component---NewPartner--addressDetailDetailsLanguage-arrow"},"wdio_ui5_key":"applicationmanagepartners-display-component---NewPartner--addressDetailDetailsLanguage-arrow"}]}
RESULT: {"script":"<script> [1562 bytes]","args":[{"selector":{"id":"application-managepartners-display-component---NewPartner--addressDetailDetailsLanguage-arrow"},"wdio_ui5_key":"applicationmanagepartners-display-component---NewPartner--addressDetailDetailsLanguage-arrow"}]}
RESULT: undefined
COMMAND: POST /session/799be37928140a71a03c3bbe373ba355/element - {"using":"xpath","value":"//*[@id=\"application-managepartners-display-component---NewPartner--addressDetailDetailsLanguage-arrow\"]"}
RESULT: {"using":"xpath","value":"//*[@id=\"application-managepartners-display-component---NewPartner--addressDetailDetailsLanguage-arrow\"]"}
COMMAND: POST /session/799be37928140a71a03c3bbe373ba355/element/f.19D3A8A536C023AFD4E776B255E62FBE.d.7F06655705E5902D8183A00BBA0CD8C6.e.7972/click - {}
RESULT: {}
COMMAND: POST /session/799be37928140a71a03c3bbe373ba355/element - {"using":"xpath","value":"//span[contains(text(), \"English\")]"}
COMMAND: GET /session/799be37928140a71a03c3bbe373ba355/screenshot - {}
RESULT: {"using":"xpath","value":"//span[contains(text(), \"English\")]"}
COMMAND: POST /session/799be37928140a71a03c3bbe373ba355/element/f.19D3A8A536C023AFD4E776B255E62FBE.d.7F06655705E5902D8183A00BBA0CD8C6.e.7973/click - {}
RESULT: {}
RESULT: {}
COMMAND: GET /session/799be37928140a71a03c3bbe373ba355/screenshot - {}
RESULT: {}
COMMAND: POST /session/799be37928140a71a03c3bbe373ba355/execute/async - {"script":"<script> [1562 bytes]","args":[{"selector":{"id":"application-managepartners-display-component---NewPartner--addressDetailDetailsCity1","interaction":{"idSuffix":"inner"}},"wdio_ui5_key":"applicationmanagepartners-display-component---NewPartner--addressDetailDetailsCity1"}]}
RESULT: {"script":"<script> [1562 bytes]","args":[{"selector":{"id":"application-managepartners-display-component---NewPartner--addressDetailDetailsCity1","interaction":{"idSuffix":"inner"}},"wdio_ui5_key":"applicationmanagepartners-display-component---NewPartner--addressDetailDetailsCity1"}]}
RESULT: undefined
COMMAND: POST /session/799be37928140a71a03c3bbe373ba355/execute/async - {"script":"<script> [776 bytes]","args":[{"enterText":"Rosario","selector":{"id":"application-managepartners-display-component---NewPartner--addressDetailDetailsCity1","interaction":{"idSuffix":"inner"}},"clearTextFirst":true,"interactionType":"ENTER_TEXT"}]}
RESULT: {"script":"<script> [776 bytes]","args":[{"enterText":"Rosario","selector":{"id":"application-managepartners-display-component---NewPartner--addressDetailDetailsCity1","interaction":{"idSuffix":"inner"}},"clearTextFirst":true,"interactionType":"ENTER_TEXT"}]}
COMMAND: POST /session/799be37928140a71a03c3bbe373ba355/execute/async - {"script":"<script> [1562 bytes]","args":[{"selector":{"id":"application-managepartners-display-component---NewPartner--addressDetailDetailsCountry-arrow"},"wdio_ui5_key":"applicationmanagepartners-display-component---NewPartner--addressDetailDetailsCountry-arrow"}]}
RESULT: {"script":"<script> [1562 bytes]","args":[{"selector":{"id":"application-managepartners-display-component---NewPartner--addressDetailDetailsCountry-arrow"},"wdio_ui5_key":"applicationmanagepartners-display-component---NewPartner--addressDetailDetailsCountry-arrow"}]}
RESULT: undefined
COMMAND: POST /session/799be37928140a71a03c3bbe373ba355/element - {"using":"xpath","value":"//*[@id=\"application-managepartners-display-component---NewPartner--addressDetailDetailsCountry-arrow\"]"}
RESULT: {"using":"xpath","value":"//*[@id=\"application-managepartners-display-component---NewPartner--addressDetailDetailsCountry-arrow\"]"}
COMMAND: POST /session/799be37928140a71a03c3bbe373ba355/element/f.19D3A8A536C023AFD4E776B255E62FBE.d.7F06655705E5902D8183A00BBA0CD8C6.e.7913/click - {}
RESULT: {}
COMMAND: POST /session/799be37928140a71a03c3bbe373ba355/element - {"using":"xpath","value":"//span[contains(text(), \"Argentina\")]"}
COMMAND: GET /session/799be37928140a71a03c3bbe373ba355/screenshot - {}
RESULT: {"using":"xpath","value":"//span[contains(text(), \"Argentina\")]"}
COMMAND: POST /session/799be37928140a71a03c3bbe373ba355/element/f.19D3A8A536C023AFD4E776B255E62FBE.d.7F06655705E5902D8183A00BBA0CD8C6.e.7975/click - {}
RESULT: {}
RESULT: {}
COMMAND: GET /session/799be37928140a71a03c3bbe373ba355/screenshot - {}
RESULT: {}
COMMAND: POST /session/799be37928140a71a03c3bbe373ba355/element - {"using":"xpath","value":"//bdi[contains(text(), \"Commercial\")]"}
RESULT: {"using":"xpath","value":"//bdi[contains(text(), \"Commercial\")]"}
COMMAND: POST /session/799be37928140a71a03c3bbe373ba355/element/f.19D3A8A536C023AFD4E776B255E62FBE.d.7F06655705E5902D8183A00BBA0CD8C6.e.7976/click - {}
RESULT: {}
COMMAND: GET /session/799be37928140a71a03c3bbe373ba355/screenshot - {}
RESULT: {}
COMMAND: POST /session/799be37928140a71a03c3bbe373ba355/execute/async - {"script":"<script> [1562 bytes]","args":[{"selector":{"id":"application-managepartners-display-component---NewPartner--partnerDetailInternal-arrow"},"wdio_ui5_key":"applicationmanagepartners-display-component---NewPartner--partnerDetailInternal-arrow"}]}
RESULT: {"script":"<script> [1562 bytes]","args":[{"selector":{"id":"application-managepartners-display-component---NewPartner--partnerDetailInternal-arrow"},"wdio_ui5_key":"applicationmanagepartners-display-component---NewPartner--partnerDetailInternal-arrow"}]}
RESULT: undefined
COMMAND: POST /session/799be37928140a71a03c3bbe373ba355/element - {"using":"xpath","value":"//*[@id=\"application-managepartners-display-component---NewPartner--partnerDetailInternal-arrow\"]"}
RESULT: {"using":"xpath","value":"//*[@id=\"application-managepartners-display-component---NewPartner--partnerDetailInternal-arrow\"]"}
COMMAND: POST /session/799be37928140a71a03c3bbe373ba355/element/f.19D3A8A536C023AFD4E776B255E62FBE.d.7F06655705E5902D8183A00BBA0CD8C6.e.7984/click - {}
RESULT: {}
COMMAND: POST /session/799be37928140a71a03c3bbe373ba355/element - {"using":"xpath","value":"//span[contains(text(), \"Affiliated company\")]"}
COMMAND: GET /session/799be37928140a71a03c3bbe373ba355/screenshot - {}
RESULT: {"using":"xpath","value":"//span[contains(text(), \"Affiliated company\")]"}
COMMAND: POST /session/799be37928140a71a03c3bbe373ba355/element/f.19D3A8A536C023AFD4E776B255E62FBE.d.7F06655705E5902D8183A00BBA0CD8C6.e.7985/click - {}
RESULT: {}
RESULT: {}
COMMAND: POST /session/799be37928140a71a03c3bbe373ba355/execute/async - {"script":"<script> [1562 bytes]","args":[{"selector":{"id":"application-managepartners-display-component---NewPartner--partnerDetailsCurrency-arrow"},"wdio_ui5_key":"applicationmanagepartners-display-component---NewPartner--partnerDetailsCurrency-arrow"}]}
COMMAND: GET /session/799be37928140a71a03c3bbe373ba355/screenshot - {}
RESULT: {"script":"<script> [1562 bytes]","args":[{"selector":{"id":"application-managepartners-display-component---NewPartner--partnerDetailsCurrency-arrow"},"wdio_ui5_key":"applicationmanagepartners-display-component---NewPartner--partnerDetailsCurrency-arrow"}]}
RESULT: undefined
COMMAND: POST /session/799be37928140a71a03c3bbe373ba355/element - {"using":"xpath","value":"//*[@id=\"application-managepartners-display-component---NewPartner--partnerDetailsCurrency-arrow\"]"}
RESULT: {}
RESULT: {"using":"xpath","value":"//*[@id=\"application-managepartners-display-component---NewPartner--partnerDetailsCurrency-arrow\"]"}
COMMAND: POST /session/799be37928140a71a03c3bbe373ba355/element/f.19D3A8A536C023AFD4E776B255E62FBE.d.7F06655705E5902D8183A00BBA0CD8C6.e.7992/click - {}
RESULT: {}
COMMAND: POST /session/799be37928140a71a03c3bbe373ba355/element - {"using":"xpath","value":"//span[contains(text(), \"Euro\")]"}
COMMAND: GET /session/799be37928140a71a03c3bbe373ba355/screenshot - {}
RESULT: {"using":"xpath","value":"//span[contains(text(), \"Euro\")]"}
COMMAND: POST /session/799be37928140a71a03c3bbe373ba355/element/f.19D3A8A536C023AFD4E776B255E62FBE.d.7F06655705E5902D8183A00BBA0CD8C6.e.7993/click - {}
RESULT: {}
RESULT: {}
COMMAND: POST /session/799be37928140a71a03c3bbe373ba355/execute/async - {"script":"<script> [1562 bytes]","args":[{"selector":{"id":"application-managepartners-display-component---NewPartner--addressEditDetailsCostObjectCstType-arrow"},"wdio_ui5_key":"applicationmanagepartners-display-component---NewPartner--addressEditDetailsCostObjectCstType-arrow"}]}
COMMAND: GET /session/799be37928140a71a03c3bbe373ba355/screenshot - {}
RESULT: {"script":"<script> [1562 bytes]","args":[{"selector":{"id":"application-managepartners-display-component---NewPartner--addressEditDetailsCostObjectCstType-arrow"},"wdio_ui5_key":"applicationmanagepartners-display-component---NewPartner--addressEditDetailsCostObjectCstType-arrow"}]}
RESULT: undefined
COMMAND: POST /session/799be37928140a71a03c3bbe373ba355/element - {"using":"xpath","value":"//*[@id=\"application-managepartners-display-component---NewPartner--addressEditDetailsCostObjectCstType-arrow\"]"}
RESULT: {}
RESULT: {"using":"xpath","value":"//*[@id=\"application-managepartners-display-component---NewPartner--addressEditDetailsCostObjectCstType-arrow\"]"}
COMMAND: POST /session/799be37928140a71a03c3bbe373ba355/element/f.19D3A8A536C023AFD4E776B255E62FBE.d.7F06655705E5902D8183A00BBA0CD8C6.e.7994/click - {}
RESULT: {}
COMMAND: POST /session/799be37928140a71a03c3bbe373ba355/element - {"using":"xpath","value":"//span[contains(text(), \"Cost Center\")]"}
COMMAND: GET /session/799be37928140a71a03c3bbe373ba355/screenshot - {}
RESULT: {"using":"xpath","value":"//span[contains(text(), \"Cost Center\")]"}
COMMAND: POST /session/799be37928140a71a03c3bbe373ba355/element/f.19D3A8A536C023AFD4E776B255E62FBE.d.7F06655705E5902D8183A00BBA0CD8C6.e.7995/click - {}
RESULT: {}
RESULT: {}
COMMAND: GET /session/799be37928140a71a03c3bbe373ba355/screenshot - {}
RESULT: {}
COMMAND: POST /session/799be37928140a71a03c3bbe373ba355/element - {"using":"xpath","value":"//span[@id=\"application-managepartners-display-component---NewPartner--addressNewCostObjectCstID-vhi\"]"}
RESULT: {"using":"xpath","value":"//span[@id=\"application-managepartners-display-component---NewPartner--addressNewCostObjectCstID-vhi\"]"}
COMMAND: POST /session/799be37928140a71a03c3bbe373ba355/execute/sync - {"script":"<script> [8489 bytes]","args":[{"element-6066-11e4-a52e-4f735466cecf":"f.19D3A8A536C023AFD4E776B255E62FBE.d.7F06655705E5902D8183A00BBA0CD8C6.e.7998","ELEMENT":"f.19D3A8A536C023AFD4E776B255E62FBE.d.7F06655705E5902D8183A00BBA0CD8C6.e.7998"}]}
RESULT: {"script":"<script> [8489 bytes]","args":[{"element-6066-11e4-a52e-4f735466cecf":"f.19D3A8A536C023AFD4E776B255E62FBE.d.7F06655705E5902D8183A00BBA0CD8C6.e.7998","ELEMENT":"f.19D3A8A536C023AFD4E776B255E62FBE.d.7F06655705E5902D8183A00BBA0CD8C6.e.7998"}]}
COMMAND: POST /session/799be37928140a71a03c3bbe373ba355/execute/async - {"script":"<script> [1562 bytes]","args":[{"selector":{"id":"application-managepartners-display-component---NewPartner--addressNewCostObjectCstID-vhi"},"wdio_ui5_key":"applicationmanagepartners-display-component---NewPartner--addressNewCostObjectCstID-vhi"}]}
COMMAND: GET /session/799be37928140a71a03c3bbe373ba355/screenshot - {}
RESULT: {"script":"<script> [1562 bytes]","args":[{"selector":{"id":"application-managepartners-display-component---NewPartner--addressNewCostObjectCstID-vhi"},"wdio_ui5_key":"applicationmanagepartners-display-component---NewPartner--addressNewCostObjectCstID-vhi"}]}
RESULT: undefined
COMMAND: POST /session/799be37928140a71a03c3bbe373ba355/element - {"using":"xpath","value":"//*[@id=\"application-managepartners-display-component---NewPartner--addressNewCostObjectCstID-vhi\"]"}
RESULT: {}
RESULT: {"using":"xpath","value":"//*[@id=\"application-managepartners-display-component---NewPartner--addressNewCostObjectCstID-vhi\"]"}
COMMAND: POST /session/799be37928140a71a03c3bbe373ba355/element/f.19D3A8A536C023AFD4E776B255E62FBE.d.7F06655705E5902D8183A00BBA0CD8C6.e.7998/click - {}
RESULT: {}
COMMAND: GET /session/799be37928140a71a03c3bbe373ba355/screenshot - {}
RESULT: {}
RESULT: undefined
COMMAND: POST /session/799be37928140a71a03c3bbe373ba355/execute/async - {"script":"<script> [776 bytes]","args":[{"enterText":"10001013","selector":{"controlType":"sap.m.SearchField","properties":{"placeholder":"Search"},"searchOpenDialogs":true,"interaction":{"idSuffix":"I"}},"clearTextFirst":true,"interactionType":"ENTER_TEXT"}]}
RESULT: {"script":"<script> [776 bytes]","args":[{"enterText":"10001013","selector":{"controlType":"sap.m.SearchField","properties":{"placeholder":"Search"},"searchOpenDialogs":true,"interaction":{"idSuffix":"I"}},"clearTextFirst":true,"interactionType":"ENTER_TEXT"}]}
COMMAND: POST /session/799be37928140a71a03c3bbe373ba355/actions - {"actions":[{"id":"action20","type":"key","parameters":{},"actions":[{"type":"keyDown","value":""},{"type":"pause","duration":10},{"type":"keyUp","value":""}]}]}
RESULT: {"actions":[{"id":"action20","type":"key","parameters":{},"actions":[{"type":"keyDown","value":""},{"type":"pause","duration":10},{"type":"keyUp","value":""}]}]}
COMMAND: GET /session/799be37928140a71a03c3bbe373ba355/screenshot - {}
RESULT: {}
COMMAND: POST /session/799be37928140a71a03c3bbe373ba355/element - {"using":"xpath","value":"//span[contains(text(), \"General Management\")]"}
RESULT: {"using":"xpath","value":"//span[contains(text(), \"General Management\")]"}
COMMAND: POST /session/799be37928140a71a03c3bbe373ba355/element/f.19D3A8A536C023AFD4E776B255E62FBE.d.7F06655705E5902D8183A00BBA0CD8C6.e.8036/click - {}
RESULT: {}
COMMAND: GET /session/799be37928140a71a03c3bbe373ba355/screenshot - {}
RESULT: {}
COMMAND: POST /session/799be37928140a71a03c3bbe373ba355/element - {"using":"xpath","value":"//bdi[contains(text(), \"OK\")]"}
RESULT: {"using":"xpath","value":"//bdi[contains(text(), \"OK\")]"}
COMMAND: POST /session/799be37928140a71a03c3bbe373ba355/element/f.19D3A8A536C023AFD4E776B255E62FBE.d.7F06655705E5902D8183A00BBA0CD8C6.e.8037/click - {}
RESULT: {}
COMMAND: GET /session/799be37928140a71a03c3bbe373ba355/screenshot - {}
RESULT: {}
COMMAND: POST /session/799be37928140a71a03c3bbe373ba355/element - {"using":"xpath","value":"//input[@id=\"application-managepartners-display-component---NewPartner--companyCodeComboBox-inner\"]"}
RESULT: {"using":"xpath","value":"//input[@id=\"application-managepartners-display-component---NewPartner--companyCodeComboBox-inner\"]"}
COMMAND: POST /session/799be37928140a71a03c3bbe373ba355/element/f.19D3A8A536C023AFD4E776B255E62FBE.d.7F06655705E5902D8183A00BBA0CD8C6.e.7827/clear - {}
RESULT: {}
COMMAND: POST /session/799be37928140a71a03c3bbe373ba355/element/f.19D3A8A536C023AFD4E776B255E62FBE.d.7F06655705E5902D8183A00BBA0CD8C6.e.7827/value - {"text":"C002"}
COMMAND: GET /session/799be37928140a71a03c3bbe373ba355/screenshot - {}
RESULT: {"text":"C002"}
COMMAND: GET /session/799be37928140a71a03c3bbe373ba355/screenshot - {}
RESULT: {}
RESULT: {}
COMMAND: POST /session/799be37928140a71a03c3bbe373ba355/element - {"using":"xpath","value":"//span[contains(text(), \"C002\")]"}
RESULT: {"using":"xpath","value":"//span[contains(text(), \"C002\")]"}
COMMAND: POST /session/799be37928140a71a03c3bbe373ba355/element/f.19D3A8A536C023AFD4E776B255E62FBE.d.7F06655705E5902D8183A00BBA0CD8C6.e.8043/click - {}
RESULT: {}
COMMAND: GET /session/799be37928140a71a03c3bbe373ba355/screenshot - {}
RESULT: {}
COMMAND: POST /session/799be37928140a71a03c3bbe373ba355/execute/async - {"script":"<script> [1562 bytes]","args":[{"selector":{"id":"application-managepartners-display-component---NewPartner--btnAddTableRow-img"},"wdio_ui5_key":"applicationmanagepartners-display-component---NewPartner--btnAddTableRow-img"}]}
RESULT: {"script":"<script> [1562 bytes]","args":[{"selector":{"id":"application-managepartners-display-component---NewPartner--btnAddTableRow-img"},"wdio_ui5_key":"applicationmanagepartners-display-component---NewPartner--btnAddTableRow-img"}]}
RESULT: undefined
COMMAND: POST /session/799be37928140a71a03c3bbe373ba355/element - {"using":"xpath","value":"//*[@id=\"application-managepartners-display-component---NewPartner--btnAddTableRow-img\"]"}
RESULT: {"using":"xpath","value":"//*[@id=\"application-managepartners-display-component---NewPartner--btnAddTableRow-img\"]"}
COMMAND: POST /session/799be37928140a71a03c3bbe373ba355/element/f.19D3A8A536C023AFD4E776B255E62FBE.d.7F06655705E5902D8183A00BBA0CD8C6.e.8044/click - {}
RESULT: {}
COMMAND: GET /session/799be37928140a71a03c3bbe373ba355/screenshot - {}
RESULT: {}
COMMAND: POST /session/799be37928140a71a03c3bbe373ba355/element - {"using":"xpath","value":"//input[@id=\"application-managepartners-display-component---NewPartner--assignmentYard-application-managepartners-display-component---NewPartner--assignmentsTable-0-inner\"]"}
RESULT: {"using":"xpath","value":"//input[@id=\"application-managepartners-display-component---NewPartner--assignmentYard-application-managepartners-display-component---NewPartner--assignmentsTable-0-inner\"]"}
COMMAND: POST /session/799be37928140a71a03c3bbe373ba355/element/f.19D3A8A536C023AFD4E776B255E62FBE.d.7F06655705E5902D8183A00BBA0CD8C6.e.8047/clear - {}
RESULT: {}
COMMAND: POST /session/799be37928140a71a03c3bbe373ba355/element/f.19D3A8A536C023AFD4E776B255E62FBE.d.7F06655705E5902D8183A00BBA0CD8C6.e.8047/value - {"text":"594"}
COMMAND: GET /session/799be37928140a71a03c3bbe373ba355/screenshot - {}
RESULT: {"text":"594"}
COMMAND: GET /session/799be37928140a71a03c3bbe373ba355/screenshot - {}
RESULT: {}
RESULT: {}
COMMAND: POST /session/799be37928140a71a03c3bbe373ba355/element - {"using":"xpath","value":"//li[.//span[text()='594']]"}
RESULT: {"using":"xpath","value":"//li[.//span[text()='594']]"}
COMMAND: POST /session/799be37928140a71a03c3bbe373ba355/element/f.19D3A8A536C023AFD4E776B255E62FBE.d.7F06655705E5902D8183A00BBA0CD8C6.e.8056/click - {}
RESULT: {}
COMMAND: GET /session/799be37928140a71a03c3bbe373ba355/screenshot - {}
RESULT: {}
COMMAND: POST /session/799be37928140a71a03c3bbe373ba355/actions - {"actions":[{"id":"action21","type":"key","parameters":{},"actions":[{"type":"keyDown","value":""},{"type":"pause","duration":10},{"type":"keyUp","value":""}]}]}
RESULT: {"actions":[{"id":"action21","type":"key","parameters":{},"actions":[{"type":"keyDown","value":""},{"type":"pause","duration":10},{"type":"keyUp","value":""}]}]}
COMMAND: POST /session/799be37928140a71a03c3bbe373ba355/execute/async - {"script":"<script> [1562 bytes]","args":[{"selector":{"id":"application-managepartners-display-component---NewPartner--externalCustomerComboBox-application-managepartners-display-component---NewPartner--assignmentsTable-0-vhi"},"wdio_ui5_key":"applicationmanagepartners-display-component---NewPartner--externalCustomerComboBox-application-managepartners-display-component---NewPartner--assignmentsTable-0-vhi"}]}
COMMAND: GET /session/799be37928140a71a03c3bbe373ba355/screenshot - {}
RESULT: {"script":"<script> [1562 bytes]","args":[{"selector":{"id":"application-managepartners-display-component---NewPartner--externalCustomerComboBox-application-managepartners-display-component---NewPartner--assignmentsTable-0-vhi"},"wdio_ui5_key":"applicationmanagepartners-display-component---NewPartner--externalCustomerComboBox-application-managepartners-display-component---NewPartner--assignmentsTable-0-vhi"}]}
RESULT: undefined
COMMAND: POST /session/799be37928140a71a03c3bbe373ba355/element - {"using":"xpath","value":"//*[@id=\"application-managepartners-display-component---NewPartner--externalCustomerComboBox-application-managepartners-display-component---NewPartner--assignmentsTable-0-vhi\"]"}
RESULT: {}
RESULT: {"using":"xpath","value":"//*[@id=\"application-managepartners-display-component---NewPartner--externalCustomerComboBox-application-managepartners-display-component---NewPartner--assignmentsTable-0-vhi\"]"}
COMMAND: POST /session/799be37928140a71a03c3bbe373ba355/element/f.19D3A8A536C023AFD4E776B255E62FBE.d.7F06655705E5902D8183A00BBA0CD8C6.e.8060/click - {}
RESULT: {}
RESULT: undefined
COMMAND: POST /session/799be37928140a71a03c3bbe373ba355/execute/async - {"script":"<script> [776 bytes]","args":[{"enterText":"300003","selector":{"controlType":"sap.m.SearchField","properties":{"placeholder":"Search"},"searchOpenDialogs":true,"interaction":{"idSuffix":"I"}},"clearTextFirst":true,"interactionType":"ENTER_TEXT"}]}
COMMAND: GET /session/799be37928140a71a03c3bbe373ba355/screenshot - {}
RESULT: {"script":"<script> [776 bytes]","args":[{"enterText":"300003","selector":{"controlType":"sap.m.SearchField","properties":{"placeholder":"Search"},"searchOpenDialogs":true,"interaction":{"idSuffix":"I"}},"clearTextFirst":true,"interactionType":"ENTER_TEXT"}]}
COMMAND: POST /session/799be37928140a71a03c3bbe373ba355/actions - {"actions":[{"id":"action22","type":"key","parameters":{},"actions":[{"type":"keyDown","value":""},{"type":"pause","duration":10},{"type":"keyUp","value":""}]}]}
RESULT: {}
RESULT: {"actions":[{"id":"action22","type":"key","parameters":{},"actions":[{"type":"keyDown","value":""},{"type":"pause","duration":10},{"type":"keyUp","value":""}]}]}
COMMAND: GET /session/799be37928140a71a03c3bbe373ba355/screenshot - {}
RESULT: {}
COMMAND: POST /session/799be37928140a71a03c3bbe373ba355/element - {"using":"xpath","value":"//span[contains(text(), \"300003\")]"}
RESULT: {"using":"xpath","value":"//span[contains(text(), \"300003\")]"}
COMMAND: POST /session/799be37928140a71a03c3bbe373ba355/element/f.19D3A8A536C023AFD4E776B255E62FBE.d.7F06655705E5902D8183A00BBA0CD8C6.e.8078/click - {}
RESULT: {}
COMMAND: GET /session/799be37928140a71a03c3bbe373ba355/screenshot - {}
RESULT: {}
COMMAND: POST /session/799be37928140a71a03c3bbe373ba355/element - {"using":"xpath","value":"//bdi[contains(text(), \"OK\")]"}
RESULT: {"using":"xpath","value":"//bdi[contains(text(), \"OK\")]"}
COMMAND: POST /session/799be37928140a71a03c3bbe373ba355/element/f.19D3A8A536C023AFD4E776B255E62FBE.d.7F06655705E5902D8183A00BBA0CD8C6.e.8080/click - {}
RESULT: {}
COMMAND: GET /session/799be37928140a71a03c3bbe373ba355/screenshot - {}
RESULT: {}
COMMAND: POST /session/799be37928140a71a03c3bbe373ba355/execute/async - {"script":"<script> [1562 bytes]","args":[{"selector":{"id":"application-managepartners-display-component---NewPartner--intercompVendorComboBox-application-managepartners-display-component---NewPartner--assignmentsTable-0-vhi"},"wdio_ui5_key":"applicationmanagepartners-display-component---NewPartner--intercompVendorComboBox-application-managepartners-display-component---NewPartner--assignmentsTable-0-vhi"}]}
RESULT: {"script":"<script> [1562 bytes]","args":[{"selector":{"id":"application-managepartners-display-component---NewPartner--intercompVendorComboBox-application-managepartners-display-component---NewPartner--assignmentsTable-0-vhi"},"wdio_ui5_key":"applicationmanagepartners-display-component---NewPartner--intercompVendorComboBox-application-managepartners-display-component---NewPartner--assignmentsTable-0-vhi"}]}
RESULT: undefined
COMMAND: POST /session/799be37928140a71a03c3bbe373ba355/element - {"using":"xpath","value":"//*[@id=\"application-managepartners-display-component---NewPartner--intercompVendorComboBox-application-managepartners-display-component---NewPartner--assignmentsTable-0-vhi\"]"}
RESULT: {"using":"xpath","value":"//*[@id=\"application-managepartners-display-component---NewPartner--intercompVendorComboBox-application-managepartners-display-component---NewPartner--assignmentsTable-0-vhi\"]"}
COMMAND: POST /session/799be37928140a71a03c3bbe373ba355/element/f.19D3A8A536C023AFD4E776B255E62FBE.d.7F06655705E5902D8183A00BBA0CD8C6.e.8083/click - {}
RESULT: {}
RESULT: undefined
COMMAND: POST /session/799be37928140a71a03c3bbe373ba355/execute/async - {"script":"<script> [776 bytes]","args":[{"enterText":"100005","selector":{"controlType":"sap.m.SearchField","properties":{"placeholder":"Search"},"searchOpenDialogs":true,"interaction":{"idSuffix":"I"}},"clearTextFirst":true,"interactionType":"ENTER_TEXT"}]}
COMMAND: GET /session/799be37928140a71a03c3bbe373ba355/screenshot - {}
RESULT: {"script":"<script> [776 bytes]","args":[{"enterText":"100005","selector":{"controlType":"sap.m.SearchField","properties":{"placeholder":"Search"},"searchOpenDialogs":true,"interaction":{"idSuffix":"I"}},"clearTextFirst":true,"interactionType":"ENTER_TEXT"}]}
COMMAND: POST /session/799be37928140a71a03c3bbe373ba355/actions - {"actions":[{"id":"action23","type":"key","parameters":{},"actions":[{"type":"keyDown","value":""},{"type":"pause","duration":10},{"type":"keyUp","value":""}]}]}
RESULT: {}
RESULT: {"actions":[{"id":"action23","type":"key","parameters":{},"actions":[{"type":"keyDown","value":""},{"type":"pause","duration":10},{"type":"keyUp","value":""}]}]}
COMMAND: GET /session/799be37928140a71a03c3bbe373ba355/screenshot - {}
RESULT: {}
COMMAND: POST /session/799be37928140a71a03c3bbe373ba355/element - {"using":"xpath","value":"//span[contains(text(), \"Penguins - Field/12345 Berlin\")]"}
RESULT: {"using":"xpath","value":"//span[contains(text(), \"Penguins - Field/12345 Berlin\")]"}
COMMAND: POST /session/799be37928140a71a03c3bbe373ba355/element/f.19D3A8A536C023AFD4E776B255E62FBE.d.7F06655705E5902D8183A00BBA0CD8C6.e.8102/click - {}
RESULT: {}
COMMAND: GET /session/799be37928140a71a03c3bbe373ba355/screenshot - {}
RESULT: {}
COMMAND: POST /session/799be37928140a71a03c3bbe373ba355/element - {"using":"xpath","value":"//bdi[contains(text(), \"OK\")]"}
RESULT: {"using":"xpath","value":"//bdi[contains(text(), \"OK\")]"}
COMMAND: POST /session/799be37928140a71a03c3bbe373ba355/element/f.19D3A8A536C023AFD4E776B255E62FBE.d.7F06655705E5902D8183A00BBA0CD8C6.e.8103/click - {}
RESULT: {}
COMMAND: GET /session/799be37928140a71a03c3bbe373ba355/screenshot - {}
RESULT: {}
COMMAND: POST /session/799be37928140a71a03c3bbe373ba355/element - {"using":"xpath","value":"//button[@data-kt=\"saveButton\"]"}
RESULT: {"using":"xpath","value":"//button[@data-kt=\"saveButton\"]"}
COMMAND: POST /session/799be37928140a71a03c3bbe373ba355/element/f.19D3A8A536C023AFD4E776B255E62FBE.d.7F06655705E5902D8183A00BBA0CD8C6.e.7908/click - {}
RESULT: {}
COMMAND: GET /session/799be37928140a71a03c3bbe373ba355/screenshot - {}
RESULT: {}
COMMAND: POST /session/799be37928140a71a03c3bbe373ba355/element - {"using":"xpath","value":"//header[contains(@id, 'ObjectPageLayout-headerTitle')]/div[1]/div[2]/div[2]/span[1]"}
RESULT: {"using":"xpath","value":"//header[contains(@id, 'ObjectPageLayout-headerTitle')]/div[1]/div[2]/div[2]/span[1]"}
COMMAND: POST /session/799be37928140a71a03c3bbe373ba355/elements - {"using":"xpath","value":"//header[contains(@id, 'ObjectPageLayout-headerTitle')]/div[1]/div[2]/div[2]/span[1]"}
RESULT: {"using":"xpath","value":"//header[contains(@id, 'ObjectPageLayout-headerTitle')]/div[1]/div[2]/div[2]/span[1]"}
COMMAND: POST /session/799be37928140a71a03c3bbe373ba355/execute/sync - {"script":"<script> [56 bytes]","args":[{"element-6066-11e4-a52e-4f735466cecf":"f.19D3A8A536C023AFD4E776B255E62FBE.d.7F06655705E5902D8183A00BBA0CD8C6.e.8268","ELEMENT":"f.19D3A8A536C023AFD4E776B255E62FBE.d.7F06655705E5902D8183A00BBA0CD8C6.e.8268"}]}
RESULT: {"script":"<script> [56 bytes]","args":[{"element-6066-11e4-a52e-4f735466cecf":"f.19D3A8A536C023AFD4E776B255E62FBE.d.7F06655705E5902D8183A00BBA0CD8C6.e.8268","ELEMENT":"f.19D3A8A536C023AFD4E776B255E62FBE.d.7F06655705E5902D8183A00BBA0CD8C6.e.8268"}]}
COMMAND: POST /session/799be37928140a71a03c3bbe373ba355/element - {"using":"css selector","value":"#shell-header-logo"}
COMMAND: GET /session/799be37928140a71a03c3bbe373ba355/screenshot - {}
RESULT: {"using":"css selector","value":"#shell-header-logo"}
COMMAND: POST /session/799be37928140a71a03c3bbe373ba355/element/f.19D3A8A536C023AFD4E776B255E62FBE.d.7F06655705E5902D8183A00BBA0CD8C6.e.7480/click - {}
RESULT: {}
RESULT: {}
COMMAND: GET /session/799be37928140a71a03c3bbe373ba355/screenshot - {}
RESULT: {}
COMMAND: POST /session/799be37928140a71a03c3bbe373ba355/execute/sync - {"script":"<script> [299 bytes]","args":[["getModel","getResource"]]}
RESULT: {"script":"<script> [299 bytes]","args":[["getModel","getResource"]]}
]]></system-out>
    </testcase>
    <testcase classname="chrome.135_0_7049_42.windows.Create_master_data_for_mixed_billing_&amp;_do_billing_calculation_US151661" name="Should create a new site" time="78.943">
      <system-out><![CDATA[
COMMAND: GET /session/799be37928140a71a03c3bbe373ba355/screenshot - {}
COMMAND: POST /session/799be37928140a71a03c3bbe373ba355/execute/async - {"script":"<script> [1562 bytes]","args":[{"selector":{"controlType":"sap.m.TileContent","bindingPath":{"path":"","propertyPath":"/properties/info"},"ancestor":{"controlType":"sap.m.GenericTile","properties":{"header":"Manage Sites"}}},"wdio_ui5_key":"sapm.TileContent{\"path\":\"\",\"propertyPath\":\"/properties/info\"}{\"controlType\":\"sap.m.GenericTile\",\"properties\":{\"header\":\"Manage Sites\"}}"}]}
RESULT: {}
RESULT: {"script":"<script> [1562 bytes]","args":[{"selector":{"controlType":"sap.m.TileContent","bindingPath":{"path":"","propertyPath":"/properties/info"},"ancestor":{"controlType":"sap.m.GenericTile","properties":{"header":"Manage Sites"}}},"wdio_ui5_key":"sapm.TileContent{\"path\":\"\",\"propertyPath\":\"/properties/info\"}{\"controlType\":\"sap.m.GenericTile\",\"properties\":{\"header\":\"Manage Sites\"}}"}]}
RESULT: undefined
COMMAND: POST /session/799be37928140a71a03c3bbe373ba355/element - {"using":"xpath","value":"//*[@id=\"__xmlview7--numericTileContent\"]"}
RESULT: {"using":"xpath","value":"//*[@id=\"__xmlview7--numericTileContent\"]"}
COMMAND: POST /session/799be37928140a71a03c3bbe373ba355/element/f.19D3A8A536C023AFD4E776B255E62FBE.d.7F06655705E5902D8183A00BBA0CD8C6.e.8270/click - {}
RESULT: {}
COMMAND: POST /session/799be37928140a71a03c3bbe373ba355/element - {"using":"xpath","value":"//button[@data-kt=\"addOverflowToolbarButton\"]"}
COMMAND: GET /session/799be37928140a71a03c3bbe373ba355/screenshot - {}
RESULT: {"using":"xpath","value":"//button[@data-kt=\"addOverflowToolbarButton\"]"}
COMMAND: POST /session/799be37928140a71a03c3bbe373ba355/elements - {"using":"xpath","value":"//button[@data-kt=\"addOverflowToolbarButton\"]"}
RESULT: {}
RESULT: {"using":"xpath","value":"//button[@data-kt=\"addOverflowToolbarButton\"]"}
COMMAND: POST /session/799be37928140a71a03c3bbe373ba355/execute/sync - {"script":"<script> [8489 bytes]","args":[{"element-6066-11e4-a52e-4f735466cecf":"f.19D3A8A536C023AFD4E776B255E62FBE.d.7F06655705E5902D8183A00BBA0CD8C6.e.8313","ELEMENT":"f.19D3A8A536C023AFD4E776B255E62FBE.d.7F06655705E5902D8183A00BBA0CD8C6.e.8313"}]}
RESULT: {"script":"<script> [8489 bytes]","args":[{"element-6066-11e4-a52e-4f735466cecf":"f.19D3A8A536C023AFD4E776B255E62FBE.d.7F06655705E5902D8183A00BBA0CD8C6.e.8313","ELEMENT":"f.19D3A8A536C023AFD4E776B255E62FBE.d.7F06655705E5902D8183A00BBA0CD8C6.e.8313"}]}
COMMAND: GET /session/799be37928140a71a03c3bbe373ba355/element/f.19D3A8A536C023AFD4E776B255E62FBE.d.7F06655705E5902D8183A00BBA0CD8C6.e.8313/enabled - {}
COMMAND: GET /session/799be37928140a71a03c3bbe373ba355/screenshot - {}
RESULT: {}
COMMAND: POST /session/799be37928140a71a03c3bbe373ba355/execute/sync - {"script":"<script> [8489 bytes]","args":[{"element-6066-11e4-a52e-4f735466cecf":"f.19D3A8A536C023AFD4E776B255E62FBE.d.7F06655705E5902D8183A00BBA0CD8C6.e.8313","ELEMENT":"f.19D3A8A536C023AFD4E776B255E62FBE.d.7F06655705E5902D8183A00BBA0CD8C6.e.8313"}]}
COMMAND: GET /session/799be37928140a71a03c3bbe373ba355/screenshot - {}
RESULT: {}
RESULT: {"script":"<script> [8489 bytes]","args":[{"element-6066-11e4-a52e-4f735466cecf":"f.19D3A8A536C023AFD4E776B255E62FBE.d.7F06655705E5902D8183A00BBA0CD8C6.e.8313","ELEMENT":"f.19D3A8A536C023AFD4E776B255E62FBE.d.7F06655705E5902D8183A00BBA0CD8C6.e.8313"}]}
COMMAND: POST /session/799be37928140a71a03c3bbe373ba355/execute/sync - {"script":"<script> [5351 bytes]","args":[{"element-6066-11e4-a52e-4f735466cecf":"f.19D3A8A536C023AFD4E776B255E62FBE.d.7F06655705E5902D8183A00BBA0CD8C6.e.8313","ELEMENT":"f.19D3A8A536C023AFD4E776B255E62FBE.d.7F06655705E5902D8183A00BBA0CD8C6.e.8313"}]}
COMMAND: GET /session/799be37928140a71a03c3bbe373ba355/screenshot - {}
RESULT: {}
RESULT: {"script":"<script> [5351 bytes]","args":[{"element-6066-11e4-a52e-4f735466cecf":"f.19D3A8A536C023AFD4E776B255E62FBE.d.7F06655705E5902D8183A00BBA0CD8C6.e.8313","ELEMENT":"f.19D3A8A536C023AFD4E776B255E62FBE.d.7F06655705E5902D8183A00BBA0CD8C6.e.8313"}]}
COMMAND: POST /session/799be37928140a71a03c3bbe373ba355/element/f.19D3A8A536C023AFD4E776B255E62FBE.d.7F06655705E5902D8183A00BBA0CD8C6.e.8313/click - {}
COMMAND: GET /session/799be37928140a71a03c3bbe373ba355/screenshot - {}
RESULT: {}
RESULT: {}
COMMAND: GET /session/799be37928140a71a03c3bbe373ba355/screenshot - {}
COMMAND: POST /session/799be37928140a71a03c3bbe373ba355/execute/async - {"script":"<script> [1562 bytes]","args":[{"selector":{"id":"application-managesites-display-component---NewSite--addressDetailDetailsName1","interaction":{"idSuffix":"inner"}},"wdio_ui5_key":"applicationmanagesites-display-component---NewSite--addressDetailDetailsName1"}]}
RESULT: {}
RESULT: {}
RESULT: {"script":"<script> [1562 bytes]","args":[{"selector":{"id":"application-managesites-display-component---NewSite--addressDetailDetailsName1","interaction":{"idSuffix":"inner"}},"wdio_ui5_key":"applicationmanagesites-display-component---NewSite--addressDetailDetailsName1"}]}
RESULT: undefined
COMMAND: POST /session/799be37928140a71a03c3bbe373ba355/execute/async - {"script":"<script> [776 bytes]","args":[{"enterText":"Intercompany Site wdIO","selector":{"id":"application-managesites-display-component---NewSite--addressDetailDetailsName1","interaction":{"idSuffix":"inner"}},"clearTextFirst":true,"interactionType":"ENTER_TEXT"}]}
RESULT: {"script":"<script> [776 bytes]","args":[{"enterText":"Intercompany Site wdIO","selector":{"id":"application-managesites-display-component---NewSite--addressDetailDetailsName1","interaction":{"idSuffix":"inner"}},"clearTextFirst":true,"interactionType":"ENTER_TEXT"}]}
COMMAND: POST /session/799be37928140a71a03c3bbe373ba355/execute/async - {"script":"<script> [1562 bytes]","args":[{"selector":{"id":"application-managesites-display-component---NewSite--addressDetailDetailsLanguage-arrow"},"wdio_ui5_key":"applicationmanagesites-display-component---NewSite--addressDetailDetailsLanguage-arrow"}]}
RESULT: {"script":"<script> [1562 bytes]","args":[{"selector":{"id":"application-managesites-display-component---NewSite--addressDetailDetailsLanguage-arrow"},"wdio_ui5_key":"applicationmanagesites-display-component---NewSite--addressDetailDetailsLanguage-arrow"}]}
RESULT: undefined
COMMAND: POST /session/799be37928140a71a03c3bbe373ba355/element - {"using":"xpath","value":"//*[@id=\"application-managesites-display-component---NewSite--addressDetailDetailsLanguage-arrow\"]"}
RESULT: {"using":"xpath","value":"//*[@id=\"application-managesites-display-component---NewSite--addressDetailDetailsLanguage-arrow\"]"}
COMMAND: POST /session/799be37928140a71a03c3bbe373ba355/element/f.19D3A8A536C023AFD4E776B255E62FBE.d.7F06655705E5902D8183A00BBA0CD8C6.e.8932/click - {}
RESULT: {}
COMMAND: POST /session/799be37928140a71a03c3bbe373ba355/element - {"using":"xpath","value":"//span[contains(text(), \"English\")]"}
COMMAND: GET /session/799be37928140a71a03c3bbe373ba355/screenshot - {}
RESULT: {"using":"xpath","value":"//span[contains(text(), \"English\")]"}
COMMAND: POST /session/799be37928140a71a03c3bbe373ba355/element/f.19D3A8A536C023AFD4E776B255E62FBE.d.7F06655705E5902D8183A00BBA0CD8C6.e.8933/click - {}
RESULT: {}
RESULT: {}
COMMAND: POST /session/799be37928140a71a03c3bbe373ba355/execute/async - {"script":"<script> [1562 bytes]","args":[{"selector":{"id":"application-managesites-display-component---NewSite--addressDetailDetailsCity1","interaction":{"idSuffix":"inner"}},"wdio_ui5_key":"applicationmanagesites-display-component---NewSite--addressDetailDetailsCity1"}]}
COMMAND: GET /session/799be37928140a71a03c3bbe373ba355/screenshot - {}
RESULT: {"script":"<script> [1562 bytes]","args":[{"selector":{"id":"application-managesites-display-component---NewSite--addressDetailDetailsCity1","interaction":{"idSuffix":"inner"}},"wdio_ui5_key":"applicationmanagesites-display-component---NewSite--addressDetailDetailsCity1"}]}
RESULT: undefined
COMMAND: POST /session/799be37928140a71a03c3bbe373ba355/execute/async - {"script":"<script> [776 bytes]","args":[{"enterText":"Rosario","selector":{"id":"application-managesites-display-component---NewSite--addressDetailDetailsCity1","interaction":{"idSuffix":"inner"}},"clearTextFirst":true,"interactionType":"ENTER_TEXT"}]}
RESULT: {}
RESULT: {"script":"<script> [776 bytes]","args":[{"enterText":"Rosario","selector":{"id":"application-managesites-display-component---NewSite--addressDetailDetailsCity1","interaction":{"idSuffix":"inner"}},"clearTextFirst":true,"interactionType":"ENTER_TEXT"}]}
COMMAND: POST /session/799be37928140a71a03c3bbe373ba355/execute/async - {"script":"<script> [1562 bytes]","args":[{"selector":{"id":"application-managesites-display-component---NewSite--addressDetailDetailsCountry-arrow"},"wdio_ui5_key":"applicationmanagesites-display-component---NewSite--addressDetailDetailsCountry-arrow"}]}
RESULT: {"script":"<script> [1562 bytes]","args":[{"selector":{"id":"application-managesites-display-component---NewSite--addressDetailDetailsCountry-arrow"},"wdio_ui5_key":"applicationmanagesites-display-component---NewSite--addressDetailDetailsCountry-arrow"}]}
RESULT: undefined
COMMAND: POST /session/799be37928140a71a03c3bbe373ba355/element - {"using":"xpath","value":"//*[@id=\"application-managesites-display-component---NewSite--addressDetailDetailsCountry-arrow\"]"}
RESULT: {"using":"xpath","value":"//*[@id=\"application-managesites-display-component---NewSite--addressDetailDetailsCountry-arrow\"]"}
COMMAND: POST /session/799be37928140a71a03c3bbe373ba355/element/f.19D3A8A536C023AFD4E776B255E62FBE.d.7F06655705E5902D8183A00BBA0CD8C6.e.8935/click - {}
RESULT: {}
COMMAND: POST /session/799be37928140a71a03c3bbe373ba355/element - {"using":"xpath","value":"//span[contains(text(), \"Argentina\")]"}
COMMAND: GET /session/799be37928140a71a03c3bbe373ba355/screenshot - {}
RESULT: {"using":"xpath","value":"//span[contains(text(), \"Argentina\")]"}
COMMAND: POST /session/799be37928140a71a03c3bbe373ba355/element/f.19D3A8A536C023AFD4E776B255E62FBE.d.7F06655705E5902D8183A00BBA0CD8C6.e.8937/click - {}
RESULT: {}
RESULT: {}
COMMAND: GET /session/799be37928140a71a03c3bbe373ba355/screenshot - {}
RESULT: {}
COMMAND: POST /session/799be37928140a71a03c3bbe373ba355/execute/async - {"script":"<script> [1562 bytes]","args":[{"selector":{"id":"application-managesites-display-component---NewSite--addressEditDetailsCostObjectCstType-arrow"},"wdio_ui5_key":"applicationmanagesites-display-component---NewSite--addressEditDetailsCostObjectCstType-arrow"}]}
RESULT: {"script":"<script> [1562 bytes]","args":[{"selector":{"id":"application-managesites-display-component---NewSite--addressEditDetailsCostObjectCstType-arrow"},"wdio_ui5_key":"applicationmanagesites-display-component---NewSite--addressEditDetailsCostObjectCstType-arrow"}]}
RESULT: undefined
COMMAND: POST /session/799be37928140a71a03c3bbe373ba355/element - {"using":"xpath","value":"//*[@id=\"application-managesites-display-component---NewSite--addressEditDetailsCostObjectCstType-arrow\"]"}
RESULT: {"using":"xpath","value":"//*[@id=\"application-managesites-display-component---NewSite--addressEditDetailsCostObjectCstType-arrow\"]"}
COMMAND: POST /session/799be37928140a71a03c3bbe373ba355/element/f.19D3A8A536C023AFD4E776B255E62FBE.d.7F06655705E5902D8183A00BBA0CD8C6.e.8938/click - {}
RESULT: {}
COMMAND: POST /session/799be37928140a71a03c3bbe373ba355/element - {"using":"xpath","value":"//span[contains(text(), \"Cost Center\")]"}
COMMAND: GET /session/799be37928140a71a03c3bbe373ba355/screenshot - {}
RESULT: {"using":"xpath","value":"//span[contains(text(), \"Cost Center\")]"}
COMMAND: POST /session/799be37928140a71a03c3bbe373ba355/element/f.19D3A8A536C023AFD4E776B255E62FBE.d.7F06655705E5902D8183A00BBA0CD8C6.e.8939/click - {}
RESULT: {}
RESULT: {}
COMMAND: GET /session/799be37928140a71a03c3bbe373ba355/screenshot - {}
RESULT: {}
COMMAND: POST /session/799be37928140a71a03c3bbe373ba355/element - {"using":"xpath","value":"//span[@id=\"application-managesites-display-component---NewSite--addressNewCostObjectCstID-vhi\"]"}
RESULT: {"using":"xpath","value":"//span[@id=\"application-managesites-display-component---NewSite--addressNewCostObjectCstID-vhi\"]"}
COMMAND: POST /session/799be37928140a71a03c3bbe373ba355/execute/sync - {"script":"<script> [8489 bytes]","args":[{"element-6066-11e4-a52e-4f735466cecf":"f.19D3A8A536C023AFD4E776B255E62FBE.d.7F06655705E5902D8183A00BBA0CD8C6.e.8943","ELEMENT":"f.19D3A8A536C023AFD4E776B255E62FBE.d.7F06655705E5902D8183A00BBA0CD8C6.e.8943"}]}
RESULT: {"script":"<script> [8489 bytes]","args":[{"element-6066-11e4-a52e-4f735466cecf":"f.19D3A8A536C023AFD4E776B255E62FBE.d.7F06655705E5902D8183A00BBA0CD8C6.e.8943","ELEMENT":"f.19D3A8A536C023AFD4E776B255E62FBE.d.7F06655705E5902D8183A00BBA0CD8C6.e.8943"}]}
COMMAND: POST /session/799be37928140a71a03c3bbe373ba355/execute/async - {"script":"<script> [1562 bytes]","args":[{"selector":{"id":"application-managesites-display-component---NewSite--addressNewCostObjectCstID-vhi"},"wdio_ui5_key":"applicationmanagesites-display-component---NewSite--addressNewCostObjectCstID-vhi"}]}
COMMAND: GET /session/799be37928140a71a03c3bbe373ba355/screenshot - {}
RESULT: {"script":"<script> [1562 bytes]","args":[{"selector":{"id":"application-managesites-display-component---NewSite--addressNewCostObjectCstID-vhi"},"wdio_ui5_key":"applicationmanagesites-display-component---NewSite--addressNewCostObjectCstID-vhi"}]}
RESULT: undefined
COMMAND: POST /session/799be37928140a71a03c3bbe373ba355/element - {"using":"xpath","value":"//*[@id=\"application-managesites-display-component---NewSite--addressNewCostObjectCstID-vhi\"]"}
RESULT: {}
RESULT: {"using":"xpath","value":"//*[@id=\"application-managesites-display-component---NewSite--addressNewCostObjectCstID-vhi\"]"}
COMMAND: POST /session/799be37928140a71a03c3bbe373ba355/element/f.19D3A8A536C023AFD4E776B255E62FBE.d.7F06655705E5902D8183A00BBA0CD8C6.e.8943/click - {}
RESULT: {}
COMMAND: GET /session/799be37928140a71a03c3bbe373ba355/screenshot - {}
RESULT: {}
RESULT: undefined
COMMAND: POST /session/799be37928140a71a03c3bbe373ba355/execute/async - {"script":"<script> [776 bytes]","args":[{"enterText":"10001013","selector":{"controlType":"sap.m.SearchField","properties":{"placeholder":"Search"},"searchOpenDialogs":true,"interaction":{"idSuffix":"I"}},"clearTextFirst":true,"interactionType":"ENTER_TEXT"}]}
RESULT: {"script":"<script> [776 bytes]","args":[{"enterText":"10001013","selector":{"controlType":"sap.m.SearchField","properties":{"placeholder":"Search"},"searchOpenDialogs":true,"interaction":{"idSuffix":"I"}},"clearTextFirst":true,"interactionType":"ENTER_TEXT"}]}
COMMAND: POST /session/799be37928140a71a03c3bbe373ba355/actions - {"actions":[{"id":"action24","type":"key","parameters":{},"actions":[{"type":"keyDown","value":""},{"type":"pause","duration":10},{"type":"keyUp","value":""}]}]}
RESULT: {"actions":[{"id":"action24","type":"key","parameters":{},"actions":[{"type":"keyDown","value":""},{"type":"pause","duration":10},{"type":"keyUp","value":""}]}]}
COMMAND: GET /session/799be37928140a71a03c3bbe373ba355/screenshot - {}
RESULT: {}
COMMAND: POST /session/799be37928140a71a03c3bbe373ba355/element - {"using":"xpath","value":"//span[contains(text(), \"General Management\")]"}
RESULT: {"using":"xpath","value":"//span[contains(text(), \"General Management\")]"}
COMMAND: POST /session/799be37928140a71a03c3bbe373ba355/element/f.19D3A8A536C023AFD4E776B255E62FBE.d.7F06655705E5902D8183A00BBA0CD8C6.e.8981/click - {}
RESULT: {}
COMMAND: GET /session/799be37928140a71a03c3bbe373ba355/screenshot - {}
RESULT: {}
COMMAND: POST /session/799be37928140a71a03c3bbe373ba355/element - {"using":"xpath","value":"//bdi[contains(text(), \"OK\")]"}
RESULT: {"using":"xpath","value":"//bdi[contains(text(), \"OK\")]"}
COMMAND: POST /session/799be37928140a71a03c3bbe373ba355/element/f.19D3A8A536C023AFD4E776B255E62FBE.d.7F06655705E5902D8183A00BBA0CD8C6.e.8982/click - {}
RESULT: {}
COMMAND: GET /session/799be37928140a71a03c3bbe373ba355/screenshot - {}
RESULT: {}
COMMAND: POST /session/799be37928140a71a03c3bbe373ba355/element - {"using":"xpath","value":"//input[@id=\"application-managesites-display-component---NewSite--addressDetailDetailsCalendar-inner\"]"}
RESULT: {"using":"xpath","value":"//input[@id=\"application-managesites-display-component---NewSite--addressDetailDetailsCalendar-inner\"]"}
COMMAND: POST /session/799be37928140a71a03c3bbe373ba355/element/f.19D3A8A536C023AFD4E776B255E62FBE.d.7F06655705E5902D8183A00BBA0CD8C6.e.8728/clear - {}
RESULT: {}
COMMAND: POST /session/799be37928140a71a03c3bbe373ba355/element/f.19D3A8A536C023AFD4E776B255E62FBE.d.7F06655705E5902D8183A00BBA0CD8C6.e.8728/value - {"text":"Unit"}
COMMAND: GET /session/799be37928140a71a03c3bbe373ba355/screenshot - {}
RESULT: {"text":"Unit"}
COMMAND: GET /session/799be37928140a71a03c3bbe373ba355/screenshot - {}
RESULT: {}
RESULT: {}
COMMAND: POST /session/799be37928140a71a03c3bbe373ba355/actions - {"actions":[{"id":"action25","type":"key","parameters":{},"actions":[{"type":"keyDown","value":""},{"type":"pause","duration":10},{"type":"keyUp","value":""}]}]}
RESULT: {"actions":[{"id":"action25","type":"key","parameters":{},"actions":[{"type":"keyDown","value":""},{"type":"pause","duration":10},{"type":"keyUp","value":""}]}]}
COMMAND: POST /session/799be37928140a71a03c3bbe373ba355/element - {"using":"xpath","value":"//input[@id=\"application-managesites-display-component---NewSite--addressDetailDetailsYard-inner\"]"}
COMMAND: GET /session/799be37928140a71a03c3bbe373ba355/screenshot - {}
RESULT: {"using":"xpath","value":"//input[@id=\"application-managesites-display-component---NewSite--addressDetailDetailsYard-inner\"]"}
COMMAND: POST /session/799be37928140a71a03c3bbe373ba355/element/f.19D3A8A536C023AFD4E776B255E62FBE.d.7F06655705E5902D8183A00BBA0CD8C6.e.8729/clear - {}
RESULT: {}
RESULT: {}
COMMAND: POST /session/799be37928140a71a03c3bbe373ba355/element/f.19D3A8A536C023AFD4E776B255E62FBE.d.7F06655705E5902D8183A00BBA0CD8C6.e.8729/value - {"text":"594"}
COMMAND: GET /session/799be37928140a71a03c3bbe373ba355/screenshot - {}
RESULT: {"text":"594"}
COMMAND: GET /session/799be37928140a71a03c3bbe373ba355/screenshot - {}
RESULT: {}
RESULT: {}
COMMAND: POST /session/799be37928140a71a03c3bbe373ba355/element - {"using":"xpath","value":"//li[.//span[text()='594']]"}
RESULT: {"using":"xpath","value":"//li[.//span[text()='594']]"}
COMMAND: POST /session/799be37928140a71a03c3bbe373ba355/element/f.19D3A8A536C023AFD4E776B255E62FBE.d.7F06655705E5902D8183A00BBA0CD8C6.e.8990/click - {}
RESULT: {}
COMMAND: GET /session/799be37928140a71a03c3bbe373ba355/screenshot - {}
RESULT: {}
COMMAND: POST /session/799be37928140a71a03c3bbe373ba355/element - {"using":"xpath","value":"//input[@id=\"application-managesites-display-component---NewSite--addressDetailDetailsPartner-inner\"]"}
RESULT: {"using":"xpath","value":"//input[@id=\"application-managesites-display-component---NewSite--addressDetailDetailsPartner-inner\"]"}
COMMAND: POST /session/799be37928140a71a03c3bbe373ba355/element - {"using":"xpath","value":"//input[@id=\"application-managesites-display-component---NewSite--addressDetailDetailsPartner-inner\"]"}
RESULT: {"using":"xpath","value":"//input[@id=\"application-managesites-display-component---NewSite--addressDetailDetailsPartner-inner\"]"}
COMMAND: POST /session/799be37928140a71a03c3bbe373ba355/element - {"using":"xpath","value":"//button[@data-kt=\"saveButton\"]"}
RESULT: {"using":"xpath","value":"//button[@data-kt=\"saveButton\"]"}
COMMAND: POST /session/799be37928140a71a03c3bbe373ba355/element/f.19D3A8A536C023AFD4E776B255E62FBE.d.7F06655705E5902D8183A00BBA0CD8C6.e.8915/click - {}
RESULT: {}
COMMAND: GET /session/799be37928140a71a03c3bbe373ba355/screenshot - {}
RESULT: {}
COMMAND: POST /session/799be37928140a71a03c3bbe373ba355/element - {"using":"xpath","value":"//header[contains(@id, 'ObjectPageLayout-headerTitle')]/div[1]/div[2]/div[2]/span[1]"}
RESULT: {"using":"xpath","value":"//header[contains(@id, 'ObjectPageLayout-headerTitle')]/div[1]/div[2]/div[2]/span[1]"}
COMMAND: POST /session/799be37928140a71a03c3bbe373ba355/elements - {"using":"xpath","value":"//header[contains(@id, 'ObjectPageLayout-headerTitle')]/div[1]/div[2]/div[2]/span[1]"}
RESULT: {"using":"xpath","value":"//header[contains(@id, 'ObjectPageLayout-headerTitle')]/div[1]/div[2]/div[2]/span[1]"}
COMMAND: POST /session/799be37928140a71a03c3bbe373ba355/execute/sync - {"script":"<script> [56 bytes]","args":[{"element-6066-11e4-a52e-4f735466cecf":"f.19D3A8A536C023AFD4E776B255E62FBE.d.7F06655705E5902D8183A00BBA0CD8C6.e.9192","ELEMENT":"f.19D3A8A536C023AFD4E776B255E62FBE.d.7F06655705E5902D8183A00BBA0CD8C6.e.9192"}]}
RESULT: {"script":"<script> [56 bytes]","args":[{"element-6066-11e4-a52e-4f735466cecf":"f.19D3A8A536C023AFD4E776B255E62FBE.d.7F06655705E5902D8183A00BBA0CD8C6.e.9192","ELEMENT":"f.19D3A8A536C023AFD4E776B255E62FBE.d.7F06655705E5902D8183A00BBA0CD8C6.e.9192"}]}
COMMAND: POST /session/799be37928140a71a03c3bbe373ba355/element - {"using":"css selector","value":"#shell-header-logo"}
COMMAND: GET /session/799be37928140a71a03c3bbe373ba355/screenshot - {}
RESULT: {"using":"css selector","value":"#shell-header-logo"}
COMMAND: POST /session/799be37928140a71a03c3bbe373ba355/element/f.19D3A8A536C023AFD4E776B255E62FBE.d.7F06655705E5902D8183A00BBA0CD8C6.e.8273/click - {}
RESULT: {}
RESULT: {}
COMMAND: GET /session/799be37928140a71a03c3bbe373ba355/screenshot - {}
RESULT: {}
COMMAND: POST /session/799be37928140a71a03c3bbe373ba355/execute/sync - {"script":"<script> [299 bytes]","args":[["getModel","getResource"]]}
RESULT: {"script":"<script> [299 bytes]","args":[["getModel","getResource"]]}
]]></system-out>
    </testcase>
    <testcase classname="chrome.135_0_7049_42.windows.Create_master_data_for_mixed_billing_&amp;_do_billing_calculation_US151661" name="Should create a new equipment and add a counter to it" time="136.151">
      <system-out><![CDATA[
COMMAND: POST /session/799be37928140a71a03c3bbe373ba355/execute/async - {"script":"<script> [1562 bytes]","args":[{"selector":{"controlType":"sap.m.GenericTile","properties":{"header":"Manage Resources"}},"wdio_ui5_key":"sapm.GenericTile{\"header\":\"Manage Resources\"}"}]}
COMMAND: GET /session/799be37928140a71a03c3bbe373ba355/screenshot - {}
RESULT: {"script":"<script> [1562 bytes]","args":[{"selector":{"controlType":"sap.m.GenericTile","properties":{"header":"Manage Resources"}},"wdio_ui5_key":"sapm.GenericTile{\"header\":\"Manage Resources\"}"}]}
RESULT: undefined
COMMAND: POST /session/799be37928140a71a03c3bbe373ba355/element - {"using":"xpath","value":"//*[@id=\"__tile39\"]"}
RESULT: {}
RESULT: {"using":"xpath","value":"//*[@id=\"__tile39\"]"}
COMMAND: POST /session/799be37928140a71a03c3bbe373ba355/element/f.19D3A8A536C023AFD4E776B255E62FBE.d.7F06655705E5902D8183A00BBA0CD8C6.e.6632/click - {}
RESULT: {}
COMMAND: POST /session/799be37928140a71a03c3bbe373ba355/element - {"using":"xpath","value":"//button[@data-kt=\"addNewRUOverflowToolbarButton\"]"}
COMMAND: GET /session/799be37928140a71a03c3bbe373ba355/screenshot - {}
RESULT: {"using":"xpath","value":"//button[@data-kt=\"addNewRUOverflowToolbarButton\"]"}
COMMAND: POST /session/799be37928140a71a03c3bbe373ba355/elements - {"using":"xpath","value":"//button[@data-kt=\"addNewRUOverflowToolbarButton\"]"}
RESULT: undefined
RESULT: undefined
RESULT: {}
RESULT: {"using":"xpath","value":"//button[@data-kt=\"addNewRUOverflowToolbarButton\"]"}
COMMAND: POST /session/799be37928140a71a03c3bbe373ba355/element - {"using":"xpath","value":"//button[@data-kt=\"addNewRUOverflowToolbarButton\"]"}
RESULT: {"using":"xpath","value":"//button[@data-kt=\"addNewRUOverflowToolbarButton\"]"}
COMMAND: POST /session/799be37928140a71a03c3bbe373ba355/execute/sync - {"script":"<script> [8489 bytes]","args":[{"element-6066-11e4-a52e-4f735466cecf":"f.19D3A8A536C023AFD4E776B255E62FBE.d.7F06655705E5902D8183A00BBA0CD8C6.e.9222","ELEMENT":"f.19D3A8A536C023AFD4E776B255E62FBE.d.7F06655705E5902D8183A00BBA0CD8C6.e.9222"}]}
RESULT: {"script":"<script> [8489 bytes]","args":[{"element-6066-11e4-a52e-4f735466cecf":"f.19D3A8A536C023AFD4E776B255E62FBE.d.7F06655705E5902D8183A00BBA0CD8C6.e.9222","ELEMENT":"f.19D3A8A536C023AFD4E776B255E62FBE.d.7F06655705E5902D8183A00BBA0CD8C6.e.9222"}]}
COMMAND: GET /session/799be37928140a71a03c3bbe373ba355/element/f.19D3A8A536C023AFD4E776B255E62FBE.d.7F06655705E5902D8183A00BBA0CD8C6.e.9222/enabled - {}
COMMAND: GET /session/799be37928140a71a03c3bbe373ba355/screenshot - {}
RESULT: {}
COMMAND: POST /session/799be37928140a71a03c3bbe373ba355/execute/sync - {"script":"<script> [8489 bytes]","args":[{"element-6066-11e4-a52e-4f735466cecf":"f.19D3A8A536C023AFD4E776B255E62FBE.d.7F06655705E5902D8183A00BBA0CD8C6.e.9222","ELEMENT":"f.19D3A8A536C023AFD4E776B255E62FBE.d.7F06655705E5902D8183A00BBA0CD8C6.e.9222"}]}
COMMAND: GET /session/799be37928140a71a03c3bbe373ba355/screenshot - {}
RESULT: {}
RESULT: {"script":"<script> [8489 bytes]","args":[{"element-6066-11e4-a52e-4f735466cecf":"f.19D3A8A536C023AFD4E776B255E62FBE.d.7F06655705E5902D8183A00BBA0CD8C6.e.9222","ELEMENT":"f.19D3A8A536C023AFD4E776B255E62FBE.d.7F06655705E5902D8183A00BBA0CD8C6.e.9222"}]}
COMMAND: POST /session/799be37928140a71a03c3bbe373ba355/execute/sync - {"script":"<script> [5351 bytes]","args":[{"element-6066-11e4-a52e-4f735466cecf":"f.19D3A8A536C023AFD4E776B255E62FBE.d.7F06655705E5902D8183A00BBA0CD8C6.e.9222","ELEMENT":"f.19D3A8A536C023AFD4E776B255E62FBE.d.7F06655705E5902D8183A00BBA0CD8C6.e.9222"}]}
COMMAND: GET /session/799be37928140a71a03c3bbe373ba355/screenshot - {}
RESULT: {}
RESULT: {"script":"<script> [5351 bytes]","args":[{"element-6066-11e4-a52e-4f735466cecf":"f.19D3A8A536C023AFD4E776B255E62FBE.d.7F06655705E5902D8183A00BBA0CD8C6.e.9222","ELEMENT":"f.19D3A8A536C023AFD4E776B255E62FBE.d.7F06655705E5902D8183A00BBA0CD8C6.e.9222"}]}
COMMAND: POST /session/799be37928140a71a03c3bbe373ba355/element/f.19D3A8A536C023AFD4E776B255E62FBE.d.7F06655705E5902D8183A00BBA0CD8C6.e.9222/click - {}
COMMAND: GET /session/799be37928140a71a03c3bbe373ba355/screenshot - {}
RESULT: {}
RESULT: {}
COMMAND: GET /session/799be37928140a71a03c3bbe373ba355/screenshot - {}
COMMAND: POST /session/799be37928140a71a03c3bbe373ba355/execute/async - {"script":"<script> [1562 bytes]","args":[{"selector":{"id":"application-manageresources-display-component---newResourceUnit--TYPE-arrow"},"wdio_ui5_key":"applicationmanageresources-display-component---newResourceUnit--TYPE-arrow"}]}
RESULT: {}
RESULT: {}
RESULT: {"script":"<script> [1562 bytes]","args":[{"selector":{"id":"application-manageresources-display-component---newResourceUnit--TYPE-arrow"},"wdio_ui5_key":"applicationmanageresources-display-component---newResourceUnit--TYPE-arrow"}]}
RESULT: undefined
COMMAND: POST /session/799be37928140a71a03c3bbe373ba355/element - {"using":"xpath","value":"//*[@id=\"application-manageresources-display-component---newResourceUnit--TYPE-arrow\"]"}
RESULT: {"using":"xpath","value":"//*[@id=\"application-manageresources-display-component---newResourceUnit--TYPE-arrow\"]"}
COMMAND: POST /session/799be37928140a71a03c3bbe373ba355/element/f.19D3A8A536C023AFD4E776B255E62FBE.d.7F06655705E5902D8183A00BBA0CD8C6.e.9592/click - {}
RESULT: {}
COMMAND: POST /session/799be37928140a71a03c3bbe373ba355/element - {"using":"xpath","value":"//input[@id=\"application-manageresources-display-component---newResourceUnit--TYPE-inner\"]"}
COMMAND: GET /session/799be37928140a71a03c3bbe373ba355/screenshot - {}
RESULT: {"using":"xpath","value":"//input[@id=\"application-manageresources-display-component---newResourceUnit--TYPE-inner\"]"}
COMMAND: POST /session/799be37928140a71a03c3bbe373ba355/element/f.19D3A8A536C023AFD4E776B255E62FBE.d.7F06655705E5902D8183A00BBA0CD8C6.e.9574/clear - {}
RESULT: {}
RESULT: {}
COMMAND: POST /session/799be37928140a71a03c3bbe373ba355/element/f.19D3A8A536C023AFD4E776B255E62FBE.d.7F06655705E5902D8183A00BBA0CD8C6.e.9574/value - {"text":"Equipment"}
COMMAND: GET /session/799be37928140a71a03c3bbe373ba355/screenshot - {}
RESULT: {"text":"Equipment"}
COMMAND: GET /session/799be37928140a71a03c3bbe373ba355/screenshot - {}
RESULT: {}
RESULT: {}
COMMAND: POST /session/799be37928140a71a03c3bbe373ba355/actions - {"actions":[{"id":"action26","type":"key","parameters":{},"actions":[{"type":"keyDown","value":""},{"type":"pause","duration":10},{"type":"keyUp","value":""}]}]}
RESULT: {"actions":[{"id":"action26","type":"key","parameters":{},"actions":[{"type":"keyDown","value":""},{"type":"pause","duration":10},{"type":"keyUp","value":""}]}]}
COMMAND: POST /session/799be37928140a71a03c3bbe373ba355/execute/async - {"script":"<script> [1562 bytes]","args":[{"selector":{"id":"application-manageresources-display-component---newResourceUnit--resourceId","interaction":{"idSuffix":"inner"}},"wdio_ui5_key":"applicationmanageresources-display-component---newResourceUnit--resourceId"}]}
COMMAND: GET /session/799be37928140a71a03c3bbe373ba355/screenshot - {}
RESULT: {"script":"<script> [1562 bytes]","args":[{"selector":{"id":"application-manageresources-display-component---newResourceUnit--resourceId","interaction":{"idSuffix":"inner"}},"wdio_ui5_key":"applicationmanageresources-display-component---newResourceUnit--resourceId"}]}
RESULT: undefined
COMMAND: POST /session/799be37928140a71a03c3bbe373ba355/execute/async - {"script":"<script> [776 bytes]","args":[{"enterText":"Z5F6PRTuH8","selector":{"id":"application-manageresources-display-component---newResourceUnit--resourceId","interaction":{"idSuffix":"inner"}},"clearTextFirst":true,"interactionType":"ENTER_TEXT"}]}
RESULT: {}
RESULT: {"script":"<script> [776 bytes]","args":[{"enterText":"Z5F6PRTuH8","selector":{"id":"application-manageresources-display-component---newResourceUnit--resourceId","interaction":{"idSuffix":"inner"}},"clearTextFirst":true,"interactionType":"ENTER_TEXT"}]}
COMMAND: POST /session/799be37928140a71a03c3bbe373ba355/execute/async - {"script":"<script> [1562 bytes]","args":[{"selector":{"id":"application-manageresources-display-component---newResourceUnit--SHORT_TEXT","interaction":{"idSuffix":"inner"}},"wdio_ui5_key":"applicationmanageresources-display-component---newResourceUnit--SHORT_TEXT"}]}
RESULT: {"script":"<script> [1562 bytes]","args":[{"selector":{"id":"application-manageresources-display-component---newResourceUnit--SHORT_TEXT","interaction":{"idSuffix":"inner"}},"wdio_ui5_key":"applicationmanageresources-display-component---newResourceUnit--SHORT_TEXT"}]}
RESULT: undefined
COMMAND: POST /session/799be37928140a71a03c3bbe373ba355/execute/async - {"script":"<script> [776 bytes]","args":[{"enterText":"Intercompany Equipment WDIO","selector":{"id":"application-manageresources-display-component---newResourceUnit--SHORT_TEXT","interaction":{"idSuffix":"inner"}},"clearTextFirst":true,"interactionType":"ENTER_TEXT"}]}
RESULT: {"script":"<script> [776 bytes]","args":[{"enterText":"Intercompany Equipment WDIO","selector":{"id":"application-manageresources-display-component---newResourceUnit--SHORT_TEXT","interaction":{"idSuffix":"inner"}},"clearTextFirst":true,"interactionType":"ENTER_TEXT"}]}
COMMAND: POST /session/799be37928140a71a03c3bbe373ba355/execute/async - {"script":"<script> [1562 bytes]","args":[{"selector":{"id":"application-manageresources-display-component---newResourceUnit--BASE_UNIT_OF_MEASURE","interaction":{"idSuffix":"inner"}},"wdio_ui5_key":"applicationmanageresources-display-component---newResourceUnit--BASE_UNIT_OF_MEASURE"}]}
RESULT: {"script":"<script> [1562 bytes]","args":[{"selector":{"id":"application-manageresources-display-component---newResourceUnit--BASE_UNIT_OF_MEASURE","interaction":{"idSuffix":"inner"}},"wdio_ui5_key":"applicationmanageresources-display-component---newResourceUnit--BASE_UNIT_OF_MEASURE"}]}
RESULT: undefined
COMMAND: POST /session/799be37928140a71a03c3bbe373ba355/execute/async - {"script":"<script> [776 bytes]","args":[{"enterText":"Piece","selector":{"id":"application-manageresources-display-component---newResourceUnit--BASE_UNIT_OF_MEASURE","interaction":{"idSuffix":"inner"}},"clearTextFirst":true,"interactionType":"ENTER_TEXT"}]}
RESULT: {"script":"<script> [776 bytes]","args":[{"enterText":"Piece","selector":{"id":"application-manageresources-display-component---newResourceUnit--BASE_UNIT_OF_MEASURE","interaction":{"idSuffix":"inner"}},"clearTextFirst":true,"interactionType":"ENTER_TEXT"}]}
COMMAND: POST /session/799be37928140a71a03c3bbe373ba355/execute/async - {"script":"<script> [1562 bytes]","args":[{"selector":{"id":"application-manageresources-display-component---newResourceUnit--WEIGHT_UNIT","interaction":{"idSuffix":"inner"}},"wdio_ui5_key":"applicationmanageresources-display-component---newResourceUnit--WEIGHT_UNIT"}]}
RESULT: {"script":"<script> [1562 bytes]","args":[{"selector":{"id":"application-manageresources-display-component---newResourceUnit--WEIGHT_UNIT","interaction":{"idSuffix":"inner"}},"wdio_ui5_key":"applicationmanageresources-display-component---newResourceUnit--WEIGHT_UNIT"}]}
RESULT: undefined
COMMAND: POST /session/799be37928140a71a03c3bbe373ba355/execute/async - {"script":"<script> [776 bytes]","args":[{"enterText":"Gram","selector":{"id":"application-manageresources-display-component---newResourceUnit--WEIGHT_UNIT","interaction":{"idSuffix":"inner"}},"clearTextFirst":true,"interactionType":"ENTER_TEXT"}]}
RESULT: {"script":"<script> [776 bytes]","args":[{"enterText":"Gram","selector":{"id":"application-manageresources-display-component---newResourceUnit--WEIGHT_UNIT","interaction":{"idSuffix":"inner"}},"clearTextFirst":true,"interactionType":"ENTER_TEXT"}]}
COMMAND: POST /session/799be37928140a71a03c3bbe373ba355/execute/async - {"script":"<script> [1562 bytes]","args":[{"selector":{"id":"application-manageresources-display-component---newResourceUnit--DIMENSION_UNIT","interaction":{"idSuffix":"inner"}},"wdio_ui5_key":"applicationmanageresources-display-component---newResourceUnit--DIMENSION_UNIT"}]}
RESULT: {"script":"<script> [1562 bytes]","args":[{"selector":{"id":"application-manageresources-display-component---newResourceUnit--DIMENSION_UNIT","interaction":{"idSuffix":"inner"}},"wdio_ui5_key":"applicationmanageresources-display-component---newResourceUnit--DIMENSION_UNIT"}]}
RESULT: undefined
COMMAND: POST /session/799be37928140a71a03c3bbe373ba355/execute/async - {"script":"<script> [776 bytes]","args":[{"enterText":"Meter","selector":{"id":"application-manageresources-display-component---newResourceUnit--DIMENSION_UNIT","interaction":{"idSuffix":"inner"}},"clearTextFirst":true,"interactionType":"ENTER_TEXT"}]}
RESULT: {"script":"<script> [776 bytes]","args":[{"enterText":"Meter","selector":{"id":"application-manageresources-display-component---newResourceUnit--DIMENSION_UNIT","interaction":{"idSuffix":"inner"}},"clearTextFirst":true,"interactionType":"ENTER_TEXT"}]}
COMMAND: POST /session/799be37928140a71a03c3bbe373ba355/execute/async - {"script":"<script> [1562 bytes]","args":[{"selector":{"id":"application-manageresources-display-component---newResourceUnit--newRRUPage-anchBar-application-manageresources-display-component---newResourceUnit--control-anchor","interaction":{"idSuffix":"BDI-content"}},"wdio_ui5_key":"applicationmanageresources-display-component---newResourceUnit--newRRUPage-anchBar-application-manageresources-display-component---newResourceUnit--control-anchor"}]}
RESULT: {"script":"<script> [1562 bytes]","args":[{"selector":{"id":"application-manageresources-display-component---newResourceUnit--newRRUPage-anchBar-application-manageresources-display-component---newResourceUnit--control-anchor","interaction":{"idSuffix":"BDI-content"}},"wdio_ui5_key":"applicationmanageresources-display-component---newResourceUnit--newRRUPage-anchBar-application-manageresources-display-component---newResourceUnit--control-anchor"}]}
RESULT: undefined
COMMAND: POST /session/799be37928140a71a03c3bbe373ba355/element - {"using":"xpath","value":"//*[@id=\"application-manageresources-display-component---newResourceUnit--newRRUPage-anchBar-application-manageresources-display-component---newResourceUnit--control-anchor\"]"}
RESULT: {"using":"xpath","value":"//*[@id=\"application-manageresources-display-component---newResourceUnit--newRRUPage-anchBar-application-manageresources-display-component---newResourceUnit--control-anchor\"]"}
COMMAND: POST /session/799be37928140a71a03c3bbe373ba355/element/f.19D3A8A536C023AFD4E776B255E62FBE.d.7F06655705E5902D8183A00BBA0CD8C6.e.9723/click - {}
RESULT: {}
COMMAND: POST /session/799be37928140a71a03c3bbe373ba355/execute/async - {"script":"<script> [1562 bytes]","args":[{"selector":{"id":"application-manageresources-display-component---newResourceUnit--PLANNING_GROUP","interaction":{"idSuffix":"inner"}},"wdio_ui5_key":"applicationmanageresources-display-component---newResourceUnit--PLANNING_GROUP"}]}
COMMAND: GET /session/799be37928140a71a03c3bbe373ba355/screenshot - {}
RESULT: {"script":"<script> [1562 bytes]","args":[{"selector":{"id":"application-manageresources-display-component---newResourceUnit--PLANNING_GROUP","interaction":{"idSuffix":"inner"}},"wdio_ui5_key":"applicationmanageresources-display-component---newResourceUnit--PLANNING_GROUP"}]}
RESULT: undefined
COMMAND: POST /session/799be37928140a71a03c3bbe373ba355/execute/async - {"script":"<script> [776 bytes]","args":[{"enterText":"Heavy Equi","selector":{"id":"application-manageresources-display-component---newResourceUnit--PLANNING_GROUP","interaction":{"idSuffix":"inner"}},"clearTextFirst":true,"interactionType":"ENTER_TEXT"}]}
RESULT: {}
RESULT: {"script":"<script> [776 bytes]","args":[{"enterText":"Heavy Equi","selector":{"id":"application-manageresources-display-component---newResourceUnit--PLANNING_GROUP","interaction":{"idSuffix":"inner"}},"clearTextFirst":true,"interactionType":"ENTER_TEXT"}]}
COMMAND: POST /session/799be37928140a71a03c3bbe373ba355/execute/async - {"script":"<script> [1562 bytes]","args":[{"selector":{"id":"application-manageresources-display-component---newResourceUnit--ITEM_TYPE-arrow"},"wdio_ui5_key":"applicationmanageresources-display-component---newResourceUnit--ITEM_TYPE-arrow"}]}
RESULT: {"script":"<script> [1562 bytes]","args":[{"selector":{"id":"application-manageresources-display-component---newResourceUnit--ITEM_TYPE-arrow"},"wdio_ui5_key":"applicationmanageresources-display-component---newResourceUnit--ITEM_TYPE-arrow"}]}
RESULT: undefined
COMMAND: POST /session/799be37928140a71a03c3bbe373ba355/element - {"using":"xpath","value":"//*[@id=\"application-manageresources-display-component---newResourceUnit--ITEM_TYPE-arrow\"]"}
RESULT: {"using":"xpath","value":"//*[@id=\"application-manageresources-display-component---newResourceUnit--ITEM_TYPE-arrow\"]"}
COMMAND: POST /session/799be37928140a71a03c3bbe373ba355/element/f.19D3A8A536C023AFD4E776B255E62FBE.d.7F06655705E5902D8183A00BBA0CD8C6.e.9730/click - {}
RESULT: {}
COMMAND: POST /session/799be37928140a71a03c3bbe373ba355/element - {"using":"xpath","value":"(//span[contains(text(), \"Resource Unit\")])[2]"}
COMMAND: GET /session/799be37928140a71a03c3bbe373ba355/screenshot - {}
RESULT: {"using":"xpath","value":"(//span[contains(text(), \"Resource Unit\")])[2]"}
COMMAND: POST /session/799be37928140a71a03c3bbe373ba355/element/f.19D3A8A536C023AFD4E776B255E62FBE.d.7F06655705E5902D8183A00BBA0CD8C6.e.9731/click - {}
RESULT: {}
RESULT: {}
COMMAND: GET /session/799be37928140a71a03c3bbe373ba355/screenshot - {}
RESULT: {}
COMMAND: POST /session/799be37928140a71a03c3bbe373ba355/element - {"using":"css selector","value":"#application-manageresources-display-component---newResourceUnit--btnAddTimeSegment"}
RESULT: {"using":"css selector","value":"#application-manageresources-display-component---newResourceUnit--btnAddTimeSegment"}
COMMAND: GET /session/799be37928140a71a03c3bbe373ba355/element/f.19D3A8A536C023AFD4E776B255E62FBE.d.7F06655705E5902D8183A00BBA0CD8C6.e.9732/rect - {}
RESULT: {}
COMMAND: GET /session/799be37928140a71a03c3bbe373ba355/window/rect - {}
RESULT: {}
COMMAND: POST /session/799be37928140a71a03c3bbe373ba355/execute/sync - {"script":"<script> [92 bytes]","args":[]}
RESULT: {"script":"<script> [92 bytes]","args":[]}
COMMAND: POST /session/799be37928140a71a03c3bbe373ba355/actions - {"actions":[{"id":"action27","type":"wheel","parameters":{},"actions":[{"type":"scroll","x":-1888,"y":-32,"deltaX":0,"deltaY":0,"duration":0,"origin":{"element-6066-11e4-a52e-4f735466cecf":"f.19D3A8A536C023AFD4E776B255E62FBE.d.7F06655705E5902D8183A00BBA0CD8C6.e.9732"}}]}]}
COMMAND: GET /session/799be37928140a71a03c3bbe373ba355/screenshot - {}
RESULT: {}
COMMAND: POST /session/799be37928140a71a03c3bbe373ba355/execute/sync - {"script":"<script> [79 bytes]","args":[{"element-6066-11e4-a52e-4f735466cecf":"f.19D3A8A536C023AFD4E776B255E62FBE.d.7F06655705E5902D8183A00BBA0CD8C6.e.9732","ELEMENT":"f.19D3A8A536C023AFD4E776B255E62FBE.d.7F06655705E5902D8183A00BBA0CD8C6.e.9732"},{"block":"start","inline":"nearest"}]}
RESULT: {"script":"<script> [79 bytes]","args":[{"element-6066-11e4-a52e-4f735466cecf":"f.19D3A8A536C023AFD4E776B255E62FBE.d.7F06655705E5902D8183A00BBA0CD8C6.e.9732","ELEMENT":"f.19D3A8A536C023AFD4E776B255E62FBE.d.7F06655705E5902D8183A00BBA0CD8C6.e.9732"},{"block":"start","inline":"nearest"}]}
COMMAND: POST /session/799be37928140a71a03c3bbe373ba355/execute/async - {"script":"<script> [1562 bytes]","args":[{"selector":{"id":"application-manageresources-display-component---newResourceUnit--btnAddTimeSegment","interaction":{"idSuffix":"inner"}},"wdio_ui5_key":"applicationmanageresources-display-component---newResourceUnit--btnAddTimeSegment"}]}
COMMAND: GET /session/799be37928140a71a03c3bbe373ba355/screenshot - {}
RESULT: {"script":"<script> [1562 bytes]","args":[{"selector":{"id":"application-manageresources-display-component---newResourceUnit--btnAddTimeSegment","interaction":{"idSuffix":"inner"}},"wdio_ui5_key":"applicationmanageresources-display-component---newResourceUnit--btnAddTimeSegment"}]}
RESULT: undefined
COMMAND: POST /session/799be37928140a71a03c3bbe373ba355/element - {"using":"xpath","value":"//*[@id=\"application-manageresources-display-component---newResourceUnit--btnAddTimeSegment\"]"}
RESULT: {}
RESULT: {"using":"xpath","value":"//*[@id=\"application-manageresources-display-component---newResourceUnit--btnAddTimeSegment\"]"}
COMMAND: POST /session/799be37928140a71a03c3bbe373ba355/element/f.19D3A8A536C023AFD4E776B255E62FBE.d.7F06655705E5902D8183A00BBA0CD8C6.e.9732/click - {}
RESULT: {}
COMMAND: GET /session/799be37928140a71a03c3bbe373ba355/screenshot - {}
RESULT: {}
COMMAND: POST /session/799be37928140a71a03c3bbe373ba355/element - {"using":"xpath","value":"//input[@id=\"application-manageresources-display-component---newResourceUnit--idRuTSAdmin-application-manageresources-display-component---newResourceUnit--RUTimeSegment-0-inner\"]"}
RESULT: {"using":"xpath","value":"//input[@id=\"application-manageresources-display-component---newResourceUnit--idRuTSAdmin-application-manageresources-display-component---newResourceUnit--RUTimeSegment-0-inner\"]"}
COMMAND: POST /session/799be37928140a71a03c3bbe373ba355/element/f.19D3A8A536C023AFD4E776B255E62FBE.d.7F06655705E5902D8183A00BBA0CD8C6.e.9738/clear - {}
RESULT: {}
COMMAND: POST /session/799be37928140a71a03c3bbe373ba355/element/f.19D3A8A536C023AFD4E776B255E62FBE.d.7F06655705E5902D8183A00BBA0CD8C6.e.9738/value - {"text":"594"}
COMMAND: GET /session/799be37928140a71a03c3bbe373ba355/screenshot - {}
RESULT: {"text":"594"}
COMMAND: GET /session/799be37928140a71a03c3bbe373ba355/screenshot - {}
RESULT: {}
RESULT: {}
COMMAND: POST /session/799be37928140a71a03c3bbe373ba355/element - {"using":"xpath","value":"//li[.//span[text()='594']]"}
RESULT: {"using":"xpath","value":"//li[.//span[text()='594']]"}
COMMAND: POST /session/799be37928140a71a03c3bbe373ba355/element/f.19D3A8A536C023AFD4E776B255E62FBE.d.7F06655705E5902D8183A00BBA0CD8C6.e.9752/click - {}
RESULT: {}
COMMAND: GET /session/799be37928140a71a03c3bbe373ba355/screenshot - {}
RESULT: {}
COMMAND: POST /session/799be37928140a71a03c3bbe373ba355/element - {"using":"xpath","value":"(//span[contains(@id, \"-application-manageresources-display-component---newResourceUnit--RUTimeSegment-0-arrow\")])[6]"}
RESULT: {"using":"xpath","value":"(//span[contains(@id, \"-application-manageresources-display-component---newResourceUnit--RUTimeSegment-0-arrow\")])[6]"}
COMMAND: POST /session/799be37928140a71a03c3bbe373ba355/element/f.19D3A8A536C023AFD4E776B255E62FBE.d.7F06655705E5902D8183A00BBA0CD8C6.e.9753/click - {}
RESULT: {}
COMMAND: POST /session/799be37928140a71a03c3bbe373ba355/element - {"using":"xpath","value":"//span[contains(text(), \"PM Order\")]"}
COMMAND: GET /session/799be37928140a71a03c3bbe373ba355/screenshot - {}
RESULT: {"using":"xpath","value":"//span[contains(text(), \"PM Order\")]"}
COMMAND: POST /session/799be37928140a71a03c3bbe373ba355/element/f.19D3A8A536C023AFD4E776B255E62FBE.d.7F06655705E5902D8183A00BBA0CD8C6.e.9756/click - {}
RESULT: {}
RESULT: {}
COMMAND: GET /session/799be37928140a71a03c3bbe373ba355/screenshot - {}
RESULT: {}
COMMAND: POST /session/799be37928140a71a03c3bbe373ba355/element - {"using":"xpath","value":"(//span[contains(@id ,\"manageresources-display-component---newResourceUnit--RUTimeSegment-0-vhi\")])[2]"}
RESULT: {"using":"xpath","value":"(//span[contains(@id ,\"manageresources-display-component---newResourceUnit--RUTimeSegment-0-vhi\")])[2]"}
COMMAND: POST /session/799be37928140a71a03c3bbe373ba355/element/f.19D3A8A536C023AFD4E776B255E62FBE.d.7F06655705E5902D8183A00BBA0CD8C6.e.9759/click - {}
RESULT: {}
COMMAND: GET /session/799be37928140a71a03c3bbe373ba355/screenshot - {}
RESULT: {}
RESULT: undefined
COMMAND: POST /session/799be37928140a71a03c3bbe373ba355/execute/async - {"script":"<script> [776 bytes]","args":[{"enterText":"4000360","selector":{"controlType":"sap.m.SearchField","properties":{"placeholder":"Search"},"searchOpenDialogs":true,"interaction":{"idSuffix":"I"}},"clearTextFirst":true,"interactionType":"ENTER_TEXT"}]}
RESULT: {"script":"<script> [776 bytes]","args":[{"enterText":"4000360","selector":{"controlType":"sap.m.SearchField","properties":{"placeholder":"Search"},"searchOpenDialogs":true,"interaction":{"idSuffix":"I"}},"clearTextFirst":true,"interactionType":"ENTER_TEXT"}]}
COMMAND: POST /session/799be37928140a71a03c3bbe373ba355/actions - {"actions":[{"id":"action28","type":"key","parameters":{},"actions":[{"type":"keyDown","value":""},{"type":"pause","duration":10},{"type":"keyUp","value":""}]}]}
RESULT: {"actions":[{"id":"action28","type":"key","parameters":{},"actions":[{"type":"keyDown","value":""},{"type":"pause","duration":10},{"type":"keyUp","value":""}]}]}
COMMAND: GET /session/799be37928140a71a03c3bbe373ba355/screenshot - {}
RESULT: {}
COMMAND: POST /session/799be37928140a71a03c3bbe373ba355/element - {"using":"xpath","value":"//td/div/span[contains(text(), \"BGL Vehicles\")]"}
RESULT: {"using":"xpath","value":"//td/div/span[contains(text(), \"BGL Vehicles\")]"}
COMMAND: POST /session/799be37928140a71a03c3bbe373ba355/element/f.19D3A8A536C023AFD4E776B255E62FBE.d.7F06655705E5902D8183A00BBA0CD8C6.e.9776/click - {}
RESULT: {}
COMMAND: GET /session/799be37928140a71a03c3bbe373ba355/screenshot - {}
RESULT: {}
COMMAND: POST /session/799be37928140a71a03c3bbe373ba355/element - {"using":"xpath","value":"//bdi[contains(text(), \"OK\")]"}
RESULT: {"using":"xpath","value":"//bdi[contains(text(), \"OK\")]"}
COMMAND: POST /session/799be37928140a71a03c3bbe373ba355/element/f.19D3A8A536C023AFD4E776B255E62FBE.d.7F06655705E5902D8183A00BBA0CD8C6.e.9777/click - {}
RESULT: {}
COMMAND: GET /session/799be37928140a71a03c3bbe373ba355/screenshot - {}
RESULT: {}
COMMAND: POST /session/799be37928140a71a03c3bbe373ba355/execute/async - {"script":"<script> [1562 bytes]","args":[{"selector":{"id":"application-manageresources-display-component---newResourceUnit--newRRUPage-anchBar-application-manageresources-display-component---newResourceUnit--resource-anchor","interaction":{"idSuffix":"BDI-content"}},"wdio_ui5_key":"applicationmanageresources-display-component---newResourceUnit--newRRUPage-anchBar-application-manageresources-display-component---newResourceUnit--resource-anchor"}]}
RESULT: {"script":"<script> [1562 bytes]","args":[{"selector":{"id":"application-manageresources-display-component---newResourceUnit--newRRUPage-anchBar-application-manageresources-display-component---newResourceUnit--resource-anchor","interaction":{"idSuffix":"BDI-content"}},"wdio_ui5_key":"applicationmanageresources-display-component---newResourceUnit--newRRUPage-anchBar-application-manageresources-display-component---newResourceUnit--resource-anchor"}]}
RESULT: undefined
COMMAND: POST /session/799be37928140a71a03c3bbe373ba355/element - {"using":"xpath","value":"//*[@id=\"application-manageresources-display-component---newResourceUnit--newRRUPage-anchBar-application-manageresources-display-component---newResourceUnit--resource-anchor\"]"}
RESULT: {"using":"xpath","value":"//*[@id=\"application-manageresources-display-component---newResourceUnit--newRRUPage-anchBar-application-manageresources-display-component---newResourceUnit--resource-anchor\"]"}
COMMAND: POST /session/799be37928140a71a03c3bbe373ba355/element/f.19D3A8A536C023AFD4E776B255E62FBE.d.7F06655705E5902D8183A00BBA0CD8C6.e.9781/click - {}
RESULT: {}
COMMAND: POST /session/799be37928140a71a03c3bbe373ba355/execute/async - {"script":"<script> [1562 bytes]","args":[{"selector":{"id":"application-manageresources-display-component---newResourceUnit--PLANNED_DELIVERY_DATE","interaction":{"idSuffix":"inner"}},"wdio_ui5_key":"applicationmanageresources-display-component---newResourceUnit--PLANNED_DELIVERY_DATE"}]}
COMMAND: GET /session/799be37928140a71a03c3bbe373ba355/screenshot - {}
RESULT: {"script":"<script> [1562 bytes]","args":[{"selector":{"id":"application-manageresources-display-component---newResourceUnit--PLANNED_DELIVERY_DATE","interaction":{"idSuffix":"inner"}},"wdio_ui5_key":"applicationmanageresources-display-component---newResourceUnit--PLANNED_DELIVERY_DATE"}]}
RESULT: undefined
COMMAND: POST /session/799be37928140a71a03c3bbe373ba355/execute/async - {"script":"<script> [6424 bytes]","args":[{"element-6066-11e4-a52e-4f735466cecf":"f.19D3A8A536C023AFD4E776B255E62FBE.d.7F06655705E5902D8183A00BBA0CD8C6.e.9646"},"setValue",["4/19/25"]]}
RESULT: {}
RESULT: {"script":"<script> [6424 bytes]","args":[{"element-6066-11e4-a52e-4f735466cecf":"f.19D3A8A536C023AFD4E776B255E62FBE.d.7F06655705E5902D8183A00BBA0CD8C6.e.9646"},"setValue",["4/19/25"]]}
COMMAND: POST /session/799be37928140a71a03c3bbe373ba355/element - {"using":"xpath","value":"//button[@data-kt=\"resourceUnitSaveButton\"]"}
RESULT: {"using":"xpath","value":"//button[@data-kt=\"resourceUnitSaveButton\"]"}
COMMAND: POST /session/799be37928140a71a03c3bbe373ba355/element/f.19D3A8A536C023AFD4E776B255E62FBE.d.7F06655705E5902D8183A00BBA0CD8C6.e.9607/click - {}
RESULT: {}
COMMAND: GET /session/799be37928140a71a03c3bbe373ba355/screenshot - {}
RESULT: {}
COMMAND: POST /session/799be37928140a71a03c3bbe373ba355/element - {"using":"xpath","value":"//bdi[contains(text(), \"Close\")]"}
RESULT: {"using":"xpath","value":"//bdi[contains(text(), \"Close\")]"}
COMMAND: POST /session/799be37928140a71a03c3bbe373ba355/element/f.19D3A8A536C023AFD4E776B255E62FBE.d.7F06655705E5902D8183A00BBA0CD8C6.e.9790/click - {}
RESULT: {}
COMMAND: GET /session/799be37928140a71a03c3bbe373ba355/screenshot - {}
RESULT: {}
COMMAND: POST /session/799be37928140a71a03c3bbe373ba355/element - {"using":"xpath","value":"//bdi[contains(text(), \"Edit\")]"}
RESULT: {"using":"xpath","value":"//bdi[contains(text(), \"Edit\")]"}
COMMAND: POST /session/799be37928140a71a03c3bbe373ba355/execute/sync - {"script":"<script> [8489 bytes]","args":[{"element-6066-11e4-a52e-4f735466cecf":"f.19D3A8A536C023AFD4E776B255E62FBE.d.7F06655705E5902D8183A00BBA0CD8C6.e.9823","ELEMENT":"f.19D3A8A536C023AFD4E776B255E62FBE.d.7F06655705E5902D8183A00BBA0CD8C6.e.9823"}]}
RESULT: {"script":"<script> [8489 bytes]","args":[{"element-6066-11e4-a52e-4f735466cecf":"f.19D3A8A536C023AFD4E776B255E62FBE.d.7F06655705E5902D8183A00BBA0CD8C6.e.9823","ELEMENT":"f.19D3A8A536C023AFD4E776B255E62FBE.d.7F06655705E5902D8183A00BBA0CD8C6.e.9823"}]}
COMMAND: POST /session/799be37928140a71a03c3bbe373ba355/element/f.19D3A8A536C023AFD4E776B255E62FBE.d.7F06655705E5902D8183A00BBA0CD8C6.e.9823/click - {}
COMMAND: GET /session/799be37928140a71a03c3bbe373ba355/screenshot - {}
RESULT: {}
COMMAND: GET /session/799be37928140a71a03c3bbe373ba355/screenshot - {}
RESULT: {}
RESULT: {}
COMMAND: POST /session/799be37928140a71a03c3bbe373ba355/execute/async - {"script":"<script> [1562 bytes]","args":[{"selector":{"id":"application-manageresources-display-component---editResource--editRruPage-anchBar-application-manageresources-display-component---editResource--counters-anchor","interaction":{"idSuffix":"BDI-content"}},"wdio_ui5_key":"applicationmanageresources-display-component---editResource--editRruPage-anchBar-application-manageresources-display-component---editResource--counters-anchor"}]}
RESULT: {"script":"<script> [1562 bytes]","args":[{"selector":{"id":"application-manageresources-display-component---editResource--editRruPage-anchBar-application-manageresources-display-component---editResource--counters-anchor","interaction":{"idSuffix":"BDI-content"}},"wdio_ui5_key":"applicationmanageresources-display-component---editResource--editRruPage-anchBar-application-manageresources-display-component---editResource--counters-anchor"}]}
RESULT: undefined
COMMAND: POST /session/799be37928140a71a03c3bbe373ba355/element - {"using":"xpath","value":"//*[@id=\"application-manageresources-display-component---editResource--editRruPage-anchBar-application-manageresources-display-component---editResource--counters-anchor\"]"}
RESULT: {"using":"xpath","value":"//*[@id=\"application-manageresources-display-component---editResource--editRruPage-anchBar-application-manageresources-display-component---editResource--counters-anchor\"]"}
COMMAND: POST /session/799be37928140a71a03c3bbe373ba355/element/f.19D3A8A536C023AFD4E776B255E62FBE.d.7F06655705E5902D8183A00BBA0CD8C6.e.9935/click - {}
RESULT: {}
COMMAND: GET /session/799be37928140a71a03c3bbe373ba355/screenshot - {}
RESULT: {}
COMMAND: POST /session/799be37928140a71a03c3bbe373ba355/execute/async - {"script":"<script> [1562 bytes]","args":[{"selector":{"id":"application-manageresources-display-component---editResource--btnAddCounter-img"},"wdio_ui5_key":"applicationmanageresources-display-component---editResource--btnAddCounter-img"}]}
RESULT: {"script":"<script> [1562 bytes]","args":[{"selector":{"id":"application-manageresources-display-component---editResource--btnAddCounter-img"},"wdio_ui5_key":"applicationmanageresources-display-component---editResource--btnAddCounter-img"}]}
RESULT: undefined
COMMAND: POST /session/799be37928140a71a03c3bbe373ba355/element - {"using":"xpath","value":"//*[@id=\"application-manageresources-display-component---editResource--btnAddCounter-img\"]"}
RESULT: {"using":"xpath","value":"//*[@id=\"application-manageresources-display-component---editResource--btnAddCounter-img\"]"}
COMMAND: POST /session/799be37928140a71a03c3bbe373ba355/element/f.19D3A8A536C023AFD4E776B255E62FBE.d.7F06655705E5902D8183A00BBA0CD8C6.e.9969/click - {}
RESULT: {}
COMMAND: POST /session/799be37928140a71a03c3bbe373ba355/execute/async - {"script":"<script> [1562 bytes]","args":[{"selector":{"id":"application-manageresources-display-component---editResource--COUNTER_ID-application-manageresources-display-component---editResource--RUCounters-0-arrow"},"wdio_ui5_key":"applicationmanageresources-display-component---editResource--COUNTER_ID-application-manageresources-display-component---editResource--RUCounters-0-arrow"}]}
COMMAND: GET /session/799be37928140a71a03c3bbe373ba355/screenshot - {}
RESULT: {"script":"<script> [1562 bytes]","args":[{"selector":{"id":"application-manageresources-display-component---editResource--COUNTER_ID-application-manageresources-display-component---editResource--RUCounters-0-arrow"},"wdio_ui5_key":"applicationmanageresources-display-component---editResource--COUNTER_ID-application-manageresources-display-component---editResource--RUCounters-0-arrow"}]}
RESULT: undefined
COMMAND: POST /session/799be37928140a71a03c3bbe373ba355/element - {"using":"xpath","value":"//*[@id=\"application-manageresources-display-component---editResource--COUNTER_ID-application-manageresources-display-component---editResource--RUCounters-0-arrow\"]"}
RESULT: {}
RESULT: {"using":"xpath","value":"//*[@id=\"application-manageresources-display-component---editResource--COUNTER_ID-application-manageresources-display-component---editResource--RUCounters-0-arrow\"]"}
COMMAND: POST /session/799be37928140a71a03c3bbe373ba355/element/f.19D3A8A536C023AFD4E776B255E62FBE.d.7F06655705E5902D8183A00BBA0CD8C6.e.9974/click - {}
RESULT: {}
COMMAND: POST /session/799be37928140a71a03c3bbe373ba355/execute/async - {"script":"<script> [1562 bytes]","args":[{"selector":{"controlType":"sap.m.StandardListItem","viewName":"etm.portal.ui.manageresources.view.EditResource","viewId":"application-manageresources-display-component---editResource","properties":{"title":"fuel"},"searchOpenDialogs":true,"interaction":{"idSuffix":"content"}},"wdio_ui5_key":"etmportal.ui.manageresources.view.EditResourcesap.m.StandardListItem{\"title\":\"fuel\"}"}]}
COMMAND: GET /session/799be37928140a71a03c3bbe373ba355/screenshot - {}
RESULT: {"script":"<script> [1562 bytes]","args":[{"selector":{"controlType":"sap.m.StandardListItem","viewName":"etm.portal.ui.manageresources.view.EditResource","viewId":"application-manageresources-display-component---editResource","properties":{"title":"fuel"},"searchOpenDialogs":true,"interaction":{"idSuffix":"content"}},"wdio_ui5_key":"etmportal.ui.manageresources.view.EditResourcesap.m.StandardListItem{\"title\":\"fuel\"}"}]}
RESULT: undefined
COMMAND: POST /session/799be37928140a71a03c3bbe373ba355/element - {"using":"xpath","value":"//*[@id=\"__item2840\"]"}
RESULT: {}
RESULT: {"using":"xpath","value":"//*[@id=\"__item2840\"]"}
COMMAND: POST /session/799be37928140a71a03c3bbe373ba355/element/f.19D3A8A536C023AFD4E776B255E62FBE.d.7F06655705E5902D8183A00BBA0CD8C6.e.9976/click - {}
RESULT: {}
COMMAND: GET /session/799be37928140a71a03c3bbe373ba355/screenshot - {}
RESULT: {}
COMMAND: POST /session/799be37928140a71a03c3bbe373ba355/element - {"using":"xpath","value":"//button[@data-kt=\"saveButton\"]"}
RESULT: {"using":"xpath","value":"//button[@data-kt=\"saveButton\"]"}
COMMAND: POST /session/799be37928140a71a03c3bbe373ba355/element/f.19D3A8A536C023AFD4E776B255E62FBE.d.7F06655705E5902D8183A00BBA0CD8C6.e.9977/click - {}
RESULT: {}
COMMAND: GET /session/799be37928140a71a03c3bbe373ba355/screenshot - {}
RESULT: {}
COMMAND: POST /session/799be37928140a71a03c3bbe373ba355/element - {"using":"xpath","value":"(//button[contains(@id ,\"actionsToolbar-overflowButton\")])[1]"}
RESULT: {"using":"xpath","value":"(//button[contains(@id ,\"actionsToolbar-overflowButton\")])[1]"}
COMMAND: POST /session/799be37928140a71a03c3bbe373ba355/element/f.19D3A8A536C023AFD4E776B255E62FBE.d.7F06655705E5902D8183A00BBA0CD8C6.e.9989/click - {}
RESULT: {}
COMMAND: GET /session/799be37928140a71a03c3bbe373ba355/screenshot - {}
RESULT: {}
COMMAND: POST /session/799be37928140a71a03c3bbe373ba355/element - {"using":"xpath","value":"//button[@data-kt=\"priceInfoButton\"]"}
RESULT: {"using":"xpath","value":"//button[@data-kt=\"priceInfoButton\"]"}
COMMAND: POST /session/799be37928140a71a03c3bbe373ba355/element/f.19D3A8A536C023AFD4E776B255E62FBE.d.7F06655705E5902D8183A00BBA0CD8C6.e.9991/click - {}
RESULT: {}
COMMAND: GET /session/799be37928140a71a03c3bbe373ba355/screenshot - {}
]]></system-out>
    </testcase>
    <testcase classname="chrome.135_0_7049_42.windows.Create_master_data_for_mixed_billing_&amp;_do_billing_calculation_US151661" name="Should create a TB pricing procedure" time="51.343">
      <system-out><![CDATA[
COMMAND: POST /session/799be37928140a71a03c3bbe373ba355/element - {"using":"xpath","value":"//button[@data-kt=\"addButton\"]"}
RESULT: {}
RESULT: {"using":"xpath","value":"//button[@data-kt=\"addButton\"]"}
COMMAND: POST /session/799be37928140a71a03c3bbe373ba355/elements - {"using":"xpath","value":"//button[@data-kt=\"addButton\"]"}
RESULT: {"using":"xpath","value":"//button[@data-kt=\"addButton\"]"}
COMMAND: POST /session/799be37928140a71a03c3bbe373ba355/execute/sync - {"script":"<script> [8489 bytes]","args":[{"element-6066-11e4-a52e-4f735466cecf":"f.19D3A8A536C023AFD4E776B255E62FBE.d.7F06655705E5902D8183A00BBA0CD8C6.e.10027","ELEMENT":"f.19D3A8A536C023AFD4E776B255E62FBE.d.7F06655705E5902D8183A00BBA0CD8C6.e.10027"}]}
RESULT: {"script":"<script> [8489 bytes]","args":[{"element-6066-11e4-a52e-4f735466cecf":"f.19D3A8A536C023AFD4E776B255E62FBE.d.7F06655705E5902D8183A00BBA0CD8C6.e.10027","ELEMENT":"f.19D3A8A536C023AFD4E776B255E62FBE.d.7F06655705E5902D8183A00BBA0CD8C6.e.10027"}]}
COMMAND: GET /session/799be37928140a71a03c3bbe373ba355/element/f.19D3A8A536C023AFD4E776B255E62FBE.d.7F06655705E5902D8183A00BBA0CD8C6.e.10027/enabled - {}
COMMAND: GET /session/799be37928140a71a03c3bbe373ba355/screenshot - {}
RESULT: {}
COMMAND: POST /session/799be37928140a71a03c3bbe373ba355/execute/sync - {"script":"<script> [8489 bytes]","args":[{"element-6066-11e4-a52e-4f735466cecf":"f.19D3A8A536C023AFD4E776B255E62FBE.d.7F06655705E5902D8183A00BBA0CD8C6.e.10027","ELEMENT":"f.19D3A8A536C023AFD4E776B255E62FBE.d.7F06655705E5902D8183A00BBA0CD8C6.e.10027"}]}
COMMAND: GET /session/799be37928140a71a03c3bbe373ba355/screenshot - {}
RESULT: {}
RESULT: {"script":"<script> [8489 bytes]","args":[{"element-6066-11e4-a52e-4f735466cecf":"f.19D3A8A536C023AFD4E776B255E62FBE.d.7F06655705E5902D8183A00BBA0CD8C6.e.10027","ELEMENT":"f.19D3A8A536C023AFD4E776B255E62FBE.d.7F06655705E5902D8183A00BBA0CD8C6.e.10027"}]}
COMMAND: POST /session/799be37928140a71a03c3bbe373ba355/execute/sync - {"script":"<script> [5351 bytes]","args":[{"element-6066-11e4-a52e-4f735466cecf":"f.19D3A8A536C023AFD4E776B255E62FBE.d.7F06655705E5902D8183A00BBA0CD8C6.e.10027","ELEMENT":"f.19D3A8A536C023AFD4E776B255E62FBE.d.7F06655705E5902D8183A00BBA0CD8C6.e.10027"}]}
COMMAND: GET /session/799be37928140a71a03c3bbe373ba355/screenshot - {}
RESULT: {}
RESULT: {"script":"<script> [5351 bytes]","args":[{"element-6066-11e4-a52e-4f735466cecf":"f.19D3A8A536C023AFD4E776B255E62FBE.d.7F06655705E5902D8183A00BBA0CD8C6.e.10027","ELEMENT":"f.19D3A8A536C023AFD4E776B255E62FBE.d.7F06655705E5902D8183A00BBA0CD8C6.e.10027"}]}
COMMAND: POST /session/799be37928140a71a03c3bbe373ba355/element/f.19D3A8A536C023AFD4E776B255E62FBE.d.7F06655705E5902D8183A00BBA0CD8C6.e.10027/click - {}
COMMAND: GET /session/799be37928140a71a03c3bbe373ba355/screenshot - {}
RESULT: {}
RESULT: {}
COMMAND: GET /session/799be37928140a71a03c3bbe373ba355/screenshot - {}
RESULT: {}
RESULT: {}
COMMAND: POST /session/799be37928140a71a03c3bbe373ba355/execute/async - {"script":"<script> [1562 bytes]","args":[{"selector":{"controlType":"sap.m.Title","viewName":"etm.portal.ui.managepricingrules.view.NewItem","viewId":"application-managepricingrules-display-component---newInfoPriceItem","properties":{"text":"New Pricing Rules - Item Level"}},"wdio_ui5_key":"etmportal.ui.managepricingrules.view.NewItemsap.m.Title{\"text\":\"New Pricing Rules - Item Level\"}"}]}
RESULT: {"script":"<script> [1562 bytes]","args":[{"selector":{"controlType":"sap.m.Title","viewName":"etm.portal.ui.managepricingrules.view.NewItem","viewId":"application-managepricingrules-display-component---newInfoPriceItem","properties":{"text":"New Pricing Rules - Item Level"}},"wdio_ui5_key":"etmportal.ui.managepricingrules.view.NewItemsap.m.Title{\"text\":\"New Pricing Rules - Item Level\"}"}]}
RESULT: undefined
COMMAND: POST /session/799be37928140a71a03c3bbe373ba355/execute/async - {"script":"<script> [6424 bytes]","args":[{"element-6066-11e4-a52e-4f735466cecf":"f.19D3A8A536C023AFD4E776B255E62FBE.d.7F06655705E5902D8183A00BBA0CD8C6.e.10200"},"getText",[]]}
RESULT: {"script":"<script> [6424 bytes]","args":[{"element-6066-11e4-a52e-4f735466cecf":"f.19D3A8A536C023AFD4E776B255E62FBE.d.7F06655705E5902D8183A00BBA0CD8C6.e.10200"},"getText",[]]}
COMMAND: POST /session/799be37928140a71a03c3bbe373ba355/execute/async - {"script":"<script> [1562 bytes]","args":[{"selector":{"id":"application-managepricingrules-display-component---newInfoPriceItem--condValidTo","interaction":{"idSuffix":"inner"}},"wdio_ui5_key":"applicationmanagepricingrules-display-component---newInfoPriceItem--condValidTo"}]}
RESULT: {"script":"<script> [1562 bytes]","args":[{"selector":{"id":"application-managepricingrules-display-component---newInfoPriceItem--condValidTo","interaction":{"idSuffix":"inner"}},"wdio_ui5_key":"applicationmanagepricingrules-display-component---newInfoPriceItem--condValidTo"}]}
RESULT: undefined
COMMAND: POST /session/799be37928140a71a03c3bbe373ba355/execute/async - {"script":"<script> [776 bytes]","args":[{"enterText":"12/19/25","selector":{"id":"application-managepricingrules-display-component---newInfoPriceItem--condValidTo","interaction":{"idSuffix":"inner"}},"clearTextFirst":true,"interactionType":"ENTER_TEXT"}]}
RESULT: {"script":"<script> [776 bytes]","args":[{"enterText":"12/19/25","selector":{"id":"application-managepricingrules-display-component---newInfoPriceItem--condValidTo","interaction":{"idSuffix":"inner"}},"clearTextFirst":true,"interactionType":"ENTER_TEXT"}]}
COMMAND: POST /session/799be37928140a71a03c3bbe373ba355/execute/async - {"script":"<script> [1562 bytes]","args":[{"selector":{"id":"application-managepricingrules-display-component---newInfoPriceItem--billType-arrow"},"wdio_ui5_key":"applicationmanagepricingrules-display-component---newInfoPriceItem--billType-arrow"}]}
RESULT: {"script":"<script> [1562 bytes]","args":[{"selector":{"id":"application-managepricingrules-display-component---newInfoPriceItem--billType-arrow"},"wdio_ui5_key":"applicationmanagepricingrules-display-component---newInfoPriceItem--billType-arrow"}]}
RESULT: undefined
COMMAND: POST /session/799be37928140a71a03c3bbe373ba355/element - {"using":"xpath","value":"//*[@id=\"application-managepricingrules-display-component---newInfoPriceItem--billType-arrow\"]"}
RESULT: {"using":"xpath","value":"//*[@id=\"application-managepricingrules-display-component---newInfoPriceItem--billType-arrow\"]"}
COMMAND: POST /session/799be37928140a71a03c3bbe373ba355/element/f.19D3A8A536C023AFD4E776B255E62FBE.d.7F06655705E5902D8183A00BBA0CD8C6.e.10159/click - {}
RESULT: {}
COMMAND: POST /session/799be37928140a71a03c3bbe373ba355/element - {"using":"xpath","value":"//span[contains(text(), \"TB - Time based\")]"}
COMMAND: GET /session/799be37928140a71a03c3bbe373ba355/screenshot - {}
RESULT: {"using":"xpath","value":"//span[contains(text(), \"TB - Time based\")]"}
COMMAND: POST /session/799be37928140a71a03c3bbe373ba355/element/f.19D3A8A536C023AFD4E776B255E62FBE.d.7F06655705E5902D8183A00BBA0CD8C6.e.10202/click - {}
RESULT: {}
RESULT: {}
COMMAND: POST /session/799be37928140a71a03c3bbe373ba355/execute/async - {"script":"<script> [1562 bytes]","args":[{"selector":{"id":"application-managepricingrules-display-component---newInfoPriceItem--priceProc-arrow"},"wdio_ui5_key":"applicationmanagepricingrules-display-component---newInfoPriceItem--priceProc-arrow"}]}
COMMAND: GET /session/799be37928140a71a03c3bbe373ba355/screenshot - {}
RESULT: {"script":"<script> [1562 bytes]","args":[{"selector":{"id":"application-managepricingrules-display-component---newInfoPriceItem--priceProc-arrow"},"wdio_ui5_key":"applicationmanagepricingrules-display-component---newInfoPriceItem--priceProc-arrow"}]}
RESULT: undefined
COMMAND: POST /session/799be37928140a71a03c3bbe373ba355/element - {"using":"xpath","value":"//*[@id=\"application-managepricingrules-display-component---newInfoPriceItem--priceProc-arrow\"]"}
RESULT: {}
RESULT: {"using":"xpath","value":"//*[@id=\"application-managepricingrules-display-component---newInfoPriceItem--priceProc-arrow\"]"}
COMMAND: POST /session/799be37928140a71a03c3bbe373ba355/element/f.19D3A8A536C023AFD4E776B255E62FBE.d.7F06655705E5902D8183A00BBA0CD8C6.e.10166/click - {}
RESULT: {}
COMMAND: POST /session/799be37928140a71a03c3bbe373ba355/element - {"using":"xpath","value":"//span[contains(text(), \"TB - Time based BGL\")]"}
COMMAND: GET /session/799be37928140a71a03c3bbe373ba355/screenshot - {}
RESULT: {"using":"xpath","value":"//span[contains(text(), \"TB - Time based BGL\")]"}
COMMAND: POST /session/799be37928140a71a03c3bbe373ba355/element/f.19D3A8A536C023AFD4E776B255E62FBE.d.7F06655705E5902D8183A00BBA0CD8C6.e.10203/click - {}
RESULT: {}
RESULT: {}
COMMAND: POST /session/799be37928140a71a03c3bbe373ba355/execute/async - {"script":"<script> [1562 bytes]","args":[{"selector":{"id":"application-managepricingrules-display-component---newInfoPriceItem--calcBase-arrow"},"wdio_ui5_key":"applicationmanagepricingrules-display-component---newInfoPriceItem--calcBase-arrow"}]}
COMMAND: GET /session/799be37928140a71a03c3bbe373ba355/screenshot - {}
RESULT: {"script":"<script> [1562 bytes]","args":[{"selector":{"id":"application-managepricingrules-display-component---newInfoPriceItem--calcBase-arrow"},"wdio_ui5_key":"applicationmanagepricingrules-display-component---newInfoPriceItem--calcBase-arrow"}]}
RESULT: undefined
COMMAND: POST /session/799be37928140a71a03c3bbe373ba355/element - {"using":"xpath","value":"//*[@id=\"application-managepricingrules-display-component---newInfoPriceItem--calcBase-arrow\"]"}
RESULT: {}
RESULT: {"using":"xpath","value":"//*[@id=\"application-managepricingrules-display-component---newInfoPriceItem--calcBase-arrow\"]"}
COMMAND: POST /session/799be37928140a71a03c3bbe373ba355/element/f.19D3A8A536C023AFD4E776B255E62FBE.d.7F06655705E5902D8183A00BBA0CD8C6.e.10173/click - {}
RESULT: {}
COMMAND: GET /session/799be37928140a71a03c3bbe373ba355/screenshot - {}
RESULT: {}
COMMAND: POST /session/799be37928140a71a03c3bbe373ba355/element - {"using":"xpath","value":"//span[contains(text(), \"0006 - TB(calendar days)\")]"}
RESULT: {"using":"xpath","value":"//span[contains(text(), \"0006 - TB(calendar days)\")]"}
COMMAND: POST /session/799be37928140a71a03c3bbe373ba355/element/f.19D3A8A536C023AFD4E776B255E62FBE.d.7F06655705E5902D8183A00BBA0CD8C6.e.10204/click - {}
RESULT: {}
COMMAND: GET /session/799be37928140a71a03c3bbe373ba355/screenshot - {}
RESULT: {}
COMMAND: POST /session/799be37928140a71a03c3bbe373ba355/execute/async - {"script":"<script> [1562 bytes]","args":[{"selector":{"id":"application-managepricingrules-display-component---newInfoPriceItem--hoursMonth","interaction":{"idSuffix":"inner"}},"wdio_ui5_key":"applicationmanagepricingrules-display-component---newInfoPriceItem--hoursMonth"}]}
RESULT: {"script":"<script> [1562 bytes]","args":[{"selector":{"id":"application-managepricingrules-display-component---newInfoPriceItem--hoursMonth","interaction":{"idSuffix":"inner"}},"wdio_ui5_key":"applicationmanagepricingrules-display-component---newInfoPriceItem--hoursMonth"}]}
RESULT: undefined
COMMAND: POST /session/799be37928140a71a03c3bbe373ba355/execute/async - {"script":"<script> [776 bytes]","args":[{"enterText":"160","selector":{"id":"application-managepricingrules-display-component---newInfoPriceItem--hoursMonth","interaction":{"idSuffix":"inner"}},"clearTextFirst":true,"interactionType":"ENTER_TEXT"}]}
RESULT: {"script":"<script> [776 bytes]","args":[{"enterText":"160","selector":{"id":"application-managepricingrules-display-component---newInfoPriceItem--hoursMonth","interaction":{"idSuffix":"inner"}},"clearTextFirst":true,"interactionType":"ENTER_TEXT"}]}
COMMAND: POST /session/799be37928140a71a03c3bbe373ba355/execute/async - {"script":"<script> [1562 bytes]","args":[{"selector":{"id":"application-managepricingrules-display-component---newInfoPriceItem--daysMonth","interaction":{"idSuffix":"inner"}},"wdio_ui5_key":"applicationmanagepricingrules-display-component---newInfoPriceItem--daysMonth"}]}
RESULT: {"script":"<script> [1562 bytes]","args":[{"selector":{"id":"application-managepricingrules-display-component---newInfoPriceItem--daysMonth","interaction":{"idSuffix":"inner"}},"wdio_ui5_key":"applicationmanagepricingrules-display-component---newInfoPriceItem--daysMonth"}]}
RESULT: undefined
COMMAND: POST /session/799be37928140a71a03c3bbe373ba355/execute/async - {"script":"<script> [776 bytes]","args":[{"enterText":"30","selector":{"id":"application-managepricingrules-display-component---newInfoPriceItem--daysMonth","interaction":{"idSuffix":"inner"}},"clearTextFirst":true,"interactionType":"ENTER_TEXT"}]}
RESULT: {"script":"<script> [776 bytes]","args":[{"enterText":"30","selector":{"id":"application-managepricingrules-display-component---newInfoPriceItem--daysMonth","interaction":{"idSuffix":"inner"}},"clearTextFirst":true,"interactionType":"ENTER_TEXT"}]}
COMMAND: POST /session/799be37928140a71a03c3bbe373ba355/element - {"using":"xpath","value":"//button[@data-kt=\"saveNewRuleButton\"]"}
RESULT: {"using":"xpath","value":"//button[@data-kt=\"saveNewRuleButton\"]"}
COMMAND: POST /session/799be37928140a71a03c3bbe373ba355/element/f.19D3A8A536C023AFD4E776B255E62FBE.d.7F06655705E5902D8183A00BBA0CD8C6.e.10193/click - {}
RESULT: {}
COMMAND: GET /session/799be37928140a71a03c3bbe373ba355/screenshot - {}
RESULT: {}
COMMAND: POST /session/799be37928140a71a03c3bbe373ba355/execute/async - {"script":"<script> [1562 bytes]","args":[{"selector":{"id":"application-managepricingrules-display-component---priceInfoItem--smartFilterBar-btnBasicSearch","interaction":{"idSuffix":"I"}},"wdio_ui5_key":"applicationmanagepricingrules-display-component---priceInfoItem--smartFilterBar-btnBasicSearch"}]}
RESULT: {"script":"<script> [1562 bytes]","args":[{"selector":{"id":"application-managepricingrules-display-component---priceInfoItem--smartFilterBar-btnBasicSearch","interaction":{"idSuffix":"I"}},"wdio_ui5_key":"applicationmanagepricingrules-display-component---priceInfoItem--smartFilterBar-btnBasicSearch"}]}
RESULT: undefined
COMMAND: POST /session/799be37928140a71a03c3bbe373ba355/execute/async - {"script":"<script> [776 bytes]","args":[{"enterText":"Z5F6PRTuH8","selector":{"id":"application-managepricingrules-display-component---priceInfoItem--smartFilterBar-btnBasicSearch","interaction":{"idSuffix":"I"}},"clearTextFirst":true,"interactionType":"ENTER_TEXT"}]}
RESULT: {"script":"<script> [776 bytes]","args":[{"enterText":"Z5F6PRTuH8","selector":{"id":"application-managepricingrules-display-component---priceInfoItem--smartFilterBar-btnBasicSearch","interaction":{"idSuffix":"I"}},"clearTextFirst":true,"interactionType":"ENTER_TEXT"}]}
COMMAND: POST /session/799be37928140a71a03c3bbe373ba355/actions - {"actions":[{"id":"action29","type":"key","parameters":{},"actions":[{"type":"keyDown","value":""},{"type":"pause","duration":10},{"type":"keyUp","value":""}]}]}
RESULT: {"actions":[{"id":"action29","type":"key","parameters":{},"actions":[{"type":"keyDown","value":""},{"type":"pause","duration":10},{"type":"keyUp","value":""}]}]}
COMMAND: GET /session/799be37928140a71a03c3bbe373ba355/screenshot - {}
RESULT: {}
COMMAND: POST /session/799be37928140a71a03c3bbe373ba355/element - {"using":"xpath","value":"//span[@id=\"application-managepricingrules-display-component---priceInfoItem--smartTable-header-inner\"]"}
RESULT: {"using":"xpath","value":"//span[@id=\"application-managepricingrules-display-component---priceInfoItem--smartTable-header-inner\"]"}
COMMAND: POST /session/799be37928140a71a03c3bbe373ba355/elements - {"using":"xpath","value":"//span[@id=\"application-managepricingrules-display-component---priceInfoItem--smartTable-header-inner\"]"}
RESULT: {"using":"xpath","value":"//span[@id=\"application-managepricingrules-display-component---priceInfoItem--smartTable-header-inner\"]"}
COMMAND: POST /session/799be37928140a71a03c3bbe373ba355/execute/sync - {"script":"<script> [56 bytes]","args":[{"element-6066-11e4-a52e-4f735466cecf":"f.19D3A8A536C023AFD4E776B255E62FBE.d.7F06655705E5902D8183A00BBA0CD8C6.e.10229","ELEMENT":"f.19D3A8A536C023AFD4E776B255E62FBE.d.7F06655705E5902D8183A00BBA0CD8C6.e.10229"}]}
RESULT: {"script":"<script> [56 bytes]","args":[{"element-6066-11e4-a52e-4f735466cecf":"f.19D3A8A536C023AFD4E776B255E62FBE.d.7F06655705E5902D8183A00BBA0CD8C6.e.10229","ELEMENT":"f.19D3A8A536C023AFD4E776B255E62FBE.d.7F06655705E5902D8183A00BBA0CD8C6.e.10229"}]}
COMMAND: POST /session/799be37928140a71a03c3bbe373ba355/element - {"using":"css selector","value":"#shell-header-logo"}
COMMAND: GET /session/799be37928140a71a03c3bbe373ba355/screenshot - {}
RESULT: {"using":"css selector","value":"#shell-header-logo"}
COMMAND: POST /session/799be37928140a71a03c3bbe373ba355/element/f.19D3A8A536C023AFD4E776B255E62FBE.d.7F06655705E5902D8183A00BBA0CD8C6.e.9195/click - {}
RESULT: {}
RESULT: {}
COMMAND: GET /session/799be37928140a71a03c3bbe373ba355/screenshot - {}
RESULT: {}
]]></system-out>
    </testcase>
    <testcase classname="chrome.135_0_7049_42.windows.Create_master_data_for_mixed_billing_&amp;_do_billing_calculation_US151661" name="Should add one time condition" time="62.096">
      <system-out><![CDATA[
COMMAND: POST /session/799be37928140a71a03c3bbe373ba355/execute/async - {"script":"<script> [1562 bytes]","args":[{"selector":{"controlType":"sap.m.Text","properties":{"text":"Manage Conditions & Prices"},"interaction":{"idSuffix":"inner"}},"wdio_ui5_key":"sapm.Text{\"text\":\"Manage Conditions & Prices\"}"}]}
RESULT: {"script":"<script> [1562 bytes]","args":[{"selector":{"controlType":"sap.m.Text","properties":{"text":"Manage Conditions & Prices"},"interaction":{"idSuffix":"inner"}},"wdio_ui5_key":"sapm.Text{\"text\":\"Manage Conditions & Prices\"}"}]}
RESULT: undefined
COMMAND: POST /session/799be37928140a71a03c3bbe373ba355/element - {"using":"xpath","value":"//*[@id=\"__tile53-title\"]"}
RESULT: {"using":"xpath","value":"//*[@id=\"__tile53-title\"]"}
COMMAND: POST /session/799be37928140a71a03c3bbe373ba355/element/f.19D3A8A536C023AFD4E776B255E62FBE.d.7F06655705E5902D8183A00BBA0CD8C6.e.10232/click - {}
RESULT: {}
COMMAND: POST /session/799be37928140a71a03c3bbe373ba355/element - {"using":"xpath","value":"//button[@aria-label=\"Create\"]"}
COMMAND: GET /session/799be37928140a71a03c3bbe373ba355/screenshot - {}
RESULT: {"using":"xpath","value":"//button[@aria-label=\"Create\"]"}
COMMAND: POST /session/799be37928140a71a03c3bbe373ba355/elements - {"using":"xpath","value":"//button[@aria-label=\"Create\"]"}
RESULT: {}
RESULT: {"using":"xpath","value":"//button[@aria-label=\"Create\"]"}
COMMAND: POST /session/799be37928140a71a03c3bbe373ba355/element - {"using":"xpath","value":"//button[@aria-label=\"Create\"]"}
RESULT: {"using":"xpath","value":"//button[@aria-label=\"Create\"]"}
COMMAND: POST /session/799be37928140a71a03c3bbe373ba355/execute/sync - {"script":"<script> [8489 bytes]","args":[{"element-6066-11e4-a52e-4f735466cecf":"f.19D3A8A536C023AFD4E776B255E62FBE.d.7F06655705E5902D8183A00BBA0CD8C6.e.10266","ELEMENT":"f.19D3A8A536C023AFD4E776B255E62FBE.d.7F06655705E5902D8183A00BBA0CD8C6.e.10266"}]}
RESULT: {"script":"<script> [8489 bytes]","args":[{"element-6066-11e4-a52e-4f735466cecf":"f.19D3A8A536C023AFD4E776B255E62FBE.d.7F06655705E5902D8183A00BBA0CD8C6.e.10266","ELEMENT":"f.19D3A8A536C023AFD4E776B255E62FBE.d.7F06655705E5902D8183A00BBA0CD8C6.e.10266"}]}
COMMAND: GET /session/799be37928140a71a03c3bbe373ba355/element/f.19D3A8A536C023AFD4E776B255E62FBE.d.7F06655705E5902D8183A00BBA0CD8C6.e.10266/enabled - {}
COMMAND: GET /session/799be37928140a71a03c3bbe373ba355/screenshot - {}
RESULT: {}
COMMAND: POST /session/799be37928140a71a03c3bbe373ba355/execute/sync - {"script":"<script> [8489 bytes]","args":[{"element-6066-11e4-a52e-4f735466cecf":"f.19D3A8A536C023AFD4E776B255E62FBE.d.7F06655705E5902D8183A00BBA0CD8C6.e.10266","ELEMENT":"f.19D3A8A536C023AFD4E776B255E62FBE.d.7F06655705E5902D8183A00BBA0CD8C6.e.10266"}]}
COMMAND: GET /session/799be37928140a71a03c3bbe373ba355/screenshot - {}
RESULT: {}
RESULT: {"script":"<script> [8489 bytes]","args":[{"element-6066-11e4-a52e-4f735466cecf":"f.19D3A8A536C023AFD4E776B255E62FBE.d.7F06655705E5902D8183A00BBA0CD8C6.e.10266","ELEMENT":"f.19D3A8A536C023AFD4E776B255E62FBE.d.7F06655705E5902D8183A00BBA0CD8C6.e.10266"}]}
COMMAND: POST /session/799be37928140a71a03c3bbe373ba355/execute/sync - {"script":"<script> [5351 bytes]","args":[{"element-6066-11e4-a52e-4f735466cecf":"f.19D3A8A536C023AFD4E776B255E62FBE.d.7F06655705E5902D8183A00BBA0CD8C6.e.10266","ELEMENT":"f.19D3A8A536C023AFD4E776B255E62FBE.d.7F06655705E5902D8183A00BBA0CD8C6.e.10266"}]}
COMMAND: GET /session/799be37928140a71a03c3bbe373ba355/screenshot - {}
RESULT: {}
RESULT: {"script":"<script> [5351 bytes]","args":[{"element-6066-11e4-a52e-4f735466cecf":"f.19D3A8A536C023AFD4E776B255E62FBE.d.7F06655705E5902D8183A00BBA0CD8C6.e.10266","ELEMENT":"f.19D3A8A536C023AFD4E776B255E62FBE.d.7F06655705E5902D8183A00BBA0CD8C6.e.10266"}]}
COMMAND: POST /session/799be37928140a71a03c3bbe373ba355/element/f.19D3A8A536C023AFD4E776B255E62FBE.d.7F06655705E5902D8183A00BBA0CD8C6.e.10266/click - {}
COMMAND: GET /session/799be37928140a71a03c3bbe373ba355/screenshot - {}
RESULT: {}
RESULT: {}
COMMAND: GET /session/799be37928140a71a03c3bbe373ba355/screenshot - {}
RESULT: {}
RESULT: {}
COMMAND: POST /session/799be37928140a71a03c3bbe373ba355/actions - {"actions":[{"id":"action30","type":"key","parameters":{},"actions":[{"type":"keyDown","value":""},{"type":"pause","duration":10},{"type":"keyUp","value":""}]}]}
RESULT: {"actions":[{"id":"action30","type":"key","parameters":{},"actions":[{"type":"keyDown","value":""},{"type":"pause","duration":10},{"type":"keyUp","value":""}]}]}
COMMAND: GET /session/799be37928140a71a03c3bbe373ba355/screenshot - {}
RESULT: {}
COMMAND: POST /session/799be37928140a71a03c3bbe373ba355/execute/async - {"script":"<script> [1562 bytes]","args":[{"selector":{"id":"application-manageconditionprice-display-component---newCondition--condBillCond-arrow"},"wdio_ui5_key":"applicationmanageconditionprice-display-component---newCondition--condBillCond-arrow"}]}
RESULT: {"script":"<script> [1562 bytes]","args":[{"selector":{"id":"application-manageconditionprice-display-component---newCondition--condBillCond-arrow"},"wdio_ui5_key":"applicationmanageconditionprice-display-component---newCondition--condBillCond-arrow"}]}
RESULT: undefined
COMMAND: POST /session/799be37928140a71a03c3bbe373ba355/element - {"using":"xpath","value":"//*[@id=\"application-manageconditionprice-display-component---newCondition--condBillCond-arrow\"]"}
RESULT: {"using":"xpath","value":"//*[@id=\"application-manageconditionprice-display-component---newCondition--condBillCond-arrow\"]"}
COMMAND: POST /session/799be37928140a71a03c3bbe373ba355/element/f.19D3A8A536C023AFD4E776B255E62FBE.d.7F06655705E5902D8183A00BBA0CD8C6.e.10446/click - {}
RESULT: {}
COMMAND: GET /session/799be37928140a71a03c3bbe373ba355/screenshot - {}
RESULT: {}
COMMAND: POST /session/799be37928140a71a03c3bbe373ba355/element - {"using":"xpath","value":"//li[.//span[contains(text(), \"SAPR - Sales price\")]]"}
RESULT: {"using":"xpath","value":"//li[.//span[contains(text(), \"SAPR - Sales price\")]]"}
COMMAND: POST /session/799be37928140a71a03c3bbe373ba355/element/f.19D3A8A536C023AFD4E776B255E62FBE.d.7F06655705E5902D8183A00BBA0CD8C6.e.10449/click - {}
RESULT: {}
COMMAND: GET /session/799be37928140a71a03c3bbe373ba355/screenshot - {}
RESULT: {}
COMMAND: POST /session/799be37928140a71a03c3bbe373ba355/execute/async - {"script":"<script> [1562 bytes]","args":[{"selector":{"id":"application-manageconditionprice-display-component---newCondition--condValidTo","interaction":{"idSuffix":"inner"}},"wdio_ui5_key":"applicationmanageconditionprice-display-component---newCondition--condValidTo"}]}
RESULT: {"script":"<script> [1562 bytes]","args":[{"selector":{"id":"application-manageconditionprice-display-component---newCondition--condValidTo","interaction":{"idSuffix":"inner"}},"wdio_ui5_key":"applicationmanageconditionprice-display-component---newCondition--condValidTo"}]}
RESULT: undefined
COMMAND: POST /session/799be37928140a71a03c3bbe373ba355/execute/async - {"script":"<script> [776 bytes]","args":[{"enterText":"12/19/25","selector":{"id":"application-manageconditionprice-display-component---newCondition--condValidTo","interaction":{"idSuffix":"inner"}},"clearTextFirst":true,"interactionType":"ENTER_TEXT"}]}
RESULT: {"script":"<script> [776 bytes]","args":[{"enterText":"12/19/25","selector":{"id":"application-manageconditionprice-display-component---newCondition--condValidTo","interaction":{"idSuffix":"inner"}},"clearTextFirst":true,"interactionType":"ENTER_TEXT"}]}
COMMAND: POST /session/799be37928140a71a03c3bbe373ba355/element - {"using":"xpath","value":"//input[@id=\"application-manageconditionprice-display-component---newCondition--condRU-inner\"]"}
RESULT: {"using":"xpath","value":"//input[@id=\"application-manageconditionprice-display-component---newCondition--condRU-inner\"]"}
COMMAND: POST /session/799be37928140a71a03c3bbe373ba355/element/f.19D3A8A536C023AFD4E776B255E62FBE.d.7F06655705E5902D8183A00BBA0CD8C6.e.10282/clear - {}
RESULT: {}
COMMAND: POST /session/799be37928140a71a03c3bbe373ba355/element/f.19D3A8A536C023AFD4E776B255E62FBE.d.7F06655705E5902D8183A00BBA0CD8C6.e.10282/value - {"text":"Z5F6PRTuH8"}
COMMAND: GET /session/799be37928140a71a03c3bbe373ba355/screenshot - {}
RESULT: {"text":"Z5F6PRTuH8"}
COMMAND: GET /session/799be37928140a71a03c3bbe373ba355/screenshot - {}
RESULT: {}
RESULT: {}
COMMAND: POST /session/799be37928140a71a03c3bbe373ba355/actions - {"actions":[{"id":"action31","type":"key","parameters":{},"actions":[{"type":"keyDown","value":""},{"type":"pause","duration":10},{"type":"keyUp","value":""}]}]}
RESULT: {"actions":[{"id":"action31","type":"key","parameters":{},"actions":[{"type":"keyDown","value":""},{"type":"pause","duration":10},{"type":"keyUp","value":""}]}]}
COMMAND: POST /session/799be37928140a71a03c3bbe373ba355/execute/async - {"script":"<script> [1562 bytes]","args":[{"selector":{"id":"application-manageconditionprice-display-component---newCondition--condBaseQty","interaction":{"idSuffix":"inner"}},"wdio_ui5_key":"applicationmanageconditionprice-display-component---newCondition--condBaseQty"}]}
COMMAND: GET /session/799be37928140a71a03c3bbe373ba355/screenshot - {}
RESULT: {"script":"<script> [1562 bytes]","args":[{"selector":{"id":"application-manageconditionprice-display-component---newCondition--condBaseQty","interaction":{"idSuffix":"inner"}},"wdio_ui5_key":"applicationmanageconditionprice-display-component---newCondition--condBaseQty"}]}
RESULT: undefined
COMMAND: POST /session/799be37928140a71a03c3bbe373ba355/execute/async - {"script":"<script> [776 bytes]","args":[{"enterText":"1","selector":{"id":"application-manageconditionprice-display-component---newCondition--condBaseQty","interaction":{"idSuffix":"inner"}},"clearTextFirst":true,"interactionType":"ENTER_TEXT"}]}
RESULT: {}
RESULT: {"script":"<script> [776 bytes]","args":[{"enterText":"1","selector":{"id":"application-manageconditionprice-display-component---newCondition--condBaseQty","interaction":{"idSuffix":"inner"}},"clearTextFirst":true,"interactionType":"ENTER_TEXT"}]}
COMMAND: POST /session/799be37928140a71a03c3bbe373ba355/execute/async - {"script":"<script> [1562 bytes]","args":[{"selector":{"id":"application-manageconditionprice-display-component---newCondition--condValue","interaction":{"idSuffix":"inner"}},"wdio_ui5_key":"applicationmanageconditionprice-display-component---newCondition--condValue"}]}
RESULT: {"script":"<script> [1562 bytes]","args":[{"selector":{"id":"application-manageconditionprice-display-component---newCondition--condValue","interaction":{"idSuffix":"inner"}},"wdio_ui5_key":"applicationmanageconditionprice-display-component---newCondition--condValue"}]}
RESULT: undefined
COMMAND: POST /session/799be37928140a71a03c3bbe373ba355/execute/async - {"script":"<script> [776 bytes]","args":[{"enterText":"200","selector":{"id":"application-manageconditionprice-display-component---newCondition--condValue","interaction":{"idSuffix":"inner"}},"clearTextFirst":true,"interactionType":"ENTER_TEXT"}]}
RESULT: {"script":"<script> [776 bytes]","args":[{"enterText":"200","selector":{"id":"application-manageconditionprice-display-component---newCondition--condValue","interaction":{"idSuffix":"inner"}},"clearTextFirst":true,"interactionType":"ENTER_TEXT"}]}
COMMAND: POST /session/799be37928140a71a03c3bbe373ba355/execute/async - {"script":"<script> [1562 bytes]","args":[{"selector":{"id":"application-manageconditionprice-display-component---newCondition--condCurr-arrow"},"wdio_ui5_key":"applicationmanageconditionprice-display-component---newCondition--condCurr-arrow"}]}
RESULT: {"script":"<script> [1562 bytes]","args":[{"selector":{"id":"application-manageconditionprice-display-component---newCondition--condCurr-arrow"},"wdio_ui5_key":"applicationmanageconditionprice-display-component---newCondition--condCurr-arrow"}]}
RESULT: undefined
COMMAND: POST /session/799be37928140a71a03c3bbe373ba355/element - {"using":"xpath","value":"//*[@id=\"application-manageconditionprice-display-component---newCondition--condCurr-arrow\"]"}
RESULT: {"using":"xpath","value":"//*[@id=\"application-manageconditionprice-display-component---newCondition--condCurr-arrow\"]"}
COMMAND: POST /session/799be37928140a71a03c3bbe373ba355/element/f.19D3A8A536C023AFD4E776B255E62FBE.d.7F06655705E5902D8183A00BBA0CD8C6.e.10424/click - {}
RESULT: {}
COMMAND: POST /session/799be37928140a71a03c3bbe373ba355/element - {"using":"xpath","value":"//span[contains(text(), \"Euro\")]"}
COMMAND: GET /session/799be37928140a71a03c3bbe373ba355/screenshot - {}
RESULT: {"using":"xpath","value":"//span[contains(text(), \"Euro\")]"}
COMMAND: POST /session/799be37928140a71a03c3bbe373ba355/element/f.19D3A8A536C023AFD4E776B255E62FBE.d.7F06655705E5902D8183A00BBA0CD8C6.e.10485/click - {}
RESULT: {}
RESULT: {}
COMMAND: POST /session/799be37928140a71a03c3bbe373ba355/element - {"using":"xpath","value":"//button[@data-kt=\"saveButton\"]"}
COMMAND: GET /session/799be37928140a71a03c3bbe373ba355/screenshot - {}
RESULT: {"using":"xpath","value":"//button[@data-kt=\"saveButton\"]"}
COMMAND: POST /session/799be37928140a71a03c3bbe373ba355/element/f.19D3A8A536C023AFD4E776B255E62FBE.d.7F06655705E5902D8183A00BBA0CD8C6.e.10425/click - {}
RESULT: {}
RESULT: {}
COMMAND: GET /session/799be37928140a71a03c3bbe373ba355/screenshot - {}
RESULT: {}
COMMAND: POST /session/799be37928140a71a03c3bbe373ba355/execute/async - {"script":"<script> [1562 bytes]","args":[{"selector":{"id":"application-manageconditionprice-display-component---conditions--smartFilterBar-btnBasicSearch","interaction":{"idSuffix":"I"}},"wdio_ui5_key":"applicationmanageconditionprice-display-component---conditions--smartFilterBar-btnBasicSearch"}]}
RESULT: {"script":"<script> [1562 bytes]","args":[{"selector":{"id":"application-manageconditionprice-display-component---conditions--smartFilterBar-btnBasicSearch","interaction":{"idSuffix":"I"}},"wdio_ui5_key":"applicationmanageconditionprice-display-component---conditions--smartFilterBar-btnBasicSearch"}]}
RESULT: undefined
COMMAND: POST /session/799be37928140a71a03c3bbe373ba355/execute/async - {"script":"<script> [776 bytes]","args":[{"enterText":"Z5F6PRTuH8","selector":{"id":"application-manageconditionprice-display-component---conditions--smartFilterBar-btnBasicSearch","interaction":{"idSuffix":"I"}},"clearTextFirst":true,"interactionType":"ENTER_TEXT"}]}
RESULT: {"script":"<script> [776 bytes]","args":[{"enterText":"Z5F6PRTuH8","selector":{"id":"application-manageconditionprice-display-component---conditions--smartFilterBar-btnBasicSearch","interaction":{"idSuffix":"I"}},"clearTextFirst":true,"interactionType":"ENTER_TEXT"}]}
COMMAND: POST /session/799be37928140a71a03c3bbe373ba355/actions - {"actions":[{"id":"action32","type":"key","parameters":{},"actions":[{"type":"keyDown","value":""},{"type":"pause","duration":10},{"type":"keyUp","value":""}]}]}
RESULT: {"actions":[{"id":"action32","type":"key","parameters":{},"actions":[{"type":"keyDown","value":""},{"type":"pause","duration":10},{"type":"keyUp","value":""}]}]}
COMMAND: GET /session/799be37928140a71a03c3bbe373ba355/screenshot - {}
RESULT: {}
COMMAND: POST /session/799be37928140a71a03c3bbe373ba355/execute/async - {"script":"<script> [1562 bytes]","args":[{"selector":{"id":"application-manageconditionprice-display-component---conditions--smartFilterBar-filterItemControl_BASIC-BILL_TYPES-vhi"},"wdio_ui5_key":"applicationmanageconditionprice-display-component---conditions--smartFilterBar-filterItemControl_BASIC-BILL_TYPES-vhi"}]}
RESULT: {"script":"<script> [1562 bytes]","args":[{"selector":{"id":"application-manageconditionprice-display-component---conditions--smartFilterBar-filterItemControl_BASIC-BILL_TYPES-vhi"},"wdio_ui5_key":"applicationmanageconditionprice-display-component---conditions--smartFilterBar-filterItemControl_BASIC-BILL_TYPES-vhi"}]}
RESULT: undefined
COMMAND: POST /session/799be37928140a71a03c3bbe373ba355/element - {"using":"xpath","value":"//*[@id=\"application-manageconditionprice-display-component---conditions--smartFilterBar-filterItemControl_BASIC-BILL_TYPES-vhi\"]"}
RESULT: {"using":"xpath","value":"//*[@id=\"application-manageconditionprice-display-component---conditions--smartFilterBar-filterItemControl_BASIC-BILL_TYPES-vhi\"]"}
COMMAND: POST /session/799be37928140a71a03c3bbe373ba355/element/f.19D3A8A536C023AFD4E776B255E62FBE.d.7F06655705E5902D8183A00BBA0CD8C6.e.10591/click - {}
RESULT: {}
COMMAND: POST /session/799be37928140a71a03c3bbe373ba355/execute/async - {"script":"<script> [1562 bytes]","args":[{"selector":{"id":"application-manageconditionprice-display-component---conditions--smartFilterBar-filterItemControl_BASIC-BILL_TYPES-valueHelpDialog-smartFilterBar-btnBasicSearch","searchOpenDialogs":true,"interaction":{"idSuffix":"I"}},"wdio_ui5_key":"applicationmanageconditionprice-display-component---conditions--smartFilterBar-filterItemControl_BASIC-BILL_TYPES-valueHelpDialog-smartFilterBar-btnBasicSearch"}]}
COMMAND: GET /session/799be37928140a71a03c3bbe373ba355/screenshot - {}
RESULT: {"script":"<script> [1562 bytes]","args":[{"selector":{"id":"application-manageconditionprice-display-component---conditions--smartFilterBar-filterItemControl_BASIC-BILL_TYPES-valueHelpDialog-smartFilterBar-btnBasicSearch","searchOpenDialogs":true,"interaction":{"idSuffix":"I"}},"wdio_ui5_key":"applicationmanageconditionprice-display-component---conditions--smartFilterBar-filterItemControl_BASIC-BILL_TYPES-valueHelpDialog-smartFilterBar-btnBasicSearch"}]}
RESULT: undefined
COMMAND: POST /session/799be37928140a71a03c3bbe373ba355/execute/async - {"script":"<script> [776 bytes]","args":[{"enterText":"one","selector":{"id":"application-manageconditionprice-display-component---conditions--smartFilterBar-filterItemControl_BASIC-BILL_TYPES-valueHelpDialog-smartFilterBar-btnBasicSearch","searchOpenDialogs":true,"interaction":{"idSuffix":"I"}},"clearTextFirst":true,"interactionType":"ENTER_TEXT"}]}
RESULT: {}
RESULT: {"script":"<script> [776 bytes]","args":[{"enterText":"one","selector":{"id":"application-manageconditionprice-display-component---conditions--smartFilterBar-filterItemControl_BASIC-BILL_TYPES-valueHelpDialog-smartFilterBar-btnBasicSearch","searchOpenDialogs":true,"interaction":{"idSuffix":"I"}},"clearTextFirst":true,"interactionType":"ENTER_TEXT"}]}
COMMAND: POST /session/799be37928140a71a03c3bbe373ba355/actions - {"actions":[{"id":"action33","type":"key","parameters":{},"actions":[{"type":"keyDown","value":""},{"type":"pause","duration":10},{"type":"keyUp","value":""}]}]}
RESULT: {"actions":[{"id":"action33","type":"key","parameters":{},"actions":[{"type":"keyDown","value":""},{"type":"pause","duration":10},{"type":"keyUp","value":""}]}]}
COMMAND: GET /session/799be37928140a71a03c3bbe373ba355/screenshot - {}
RESULT: {}
COMMAND: POST /session/799be37928140a71a03c3bbe373ba355/element - {"using":"xpath","value":"//div[contains(@id, 'application-manageconditionprice-display-component---conditions--smartFilterBar-filterItemControl_BASIC-BILL_TYPES-valueHelpDialog-table-rowsel0')]"}
RESULT: {"using":"xpath","value":"//div[contains(@id, 'application-manageconditionprice-display-component---conditions--smartFilterBar-filterItemControl_BASIC-BILL_TYPES-valueHelpDialog-table-rowsel0')]"}
COMMAND: POST /session/799be37928140a71a03c3bbe373ba355/element/f.19D3A8A536C023AFD4E776B255E62FBE.d.7F06655705E5902D8183A00BBA0CD8C6.e.10599/click - {}
RESULT: {}
COMMAND: GET /session/799be37928140a71a03c3bbe373ba355/screenshot - {}
RESULT: {}
COMMAND: POST /session/799be37928140a71a03c3bbe373ba355/element - {"using":"xpath","value":"//bdi[contains(text(), \"OK\")]"}
RESULT: {"using":"xpath","value":"//bdi[contains(text(), \"OK\")]"}
COMMAND: POST /session/799be37928140a71a03c3bbe373ba355/element/f.19D3A8A536C023AFD4E776B255E62FBE.d.7F06655705E5902D8183A00BBA0CD8C6.e.10601/click - {}
RESULT: {}
COMMAND: GET /session/799be37928140a71a03c3bbe373ba355/screenshot - {}
RESULT: {}
COMMAND: POST /session/799be37928140a71a03c3bbe373ba355/element - {"using":"xpath","value":"//span[@id=\"application-manageconditionprice-display-component---conditions--smartTable-header-inner\"]"}
RESULT: {"using":"xpath","value":"//span[@id=\"application-manageconditionprice-display-component---conditions--smartTable-header-inner\"]"}
COMMAND: POST /session/799be37928140a71a03c3bbe373ba355/elements - {"using":"xpath","value":"//span[@id=\"application-manageconditionprice-display-component---conditions--smartTable-header-inner\"]"}
RESULT: {"using":"xpath","value":"//span[@id=\"application-manageconditionprice-display-component---conditions--smartTable-header-inner\"]"}
COMMAND: POST /session/799be37928140a71a03c3bbe373ba355/execute/sync - {"script":"<script> [56 bytes]","args":[{"element-6066-11e4-a52e-4f735466cecf":"f.19D3A8A536C023AFD4E776B255E62FBE.d.7F06655705E5902D8183A00BBA0CD8C6.e.10604","ELEMENT":"f.19D3A8A536C023AFD4E776B255E62FBE.d.7F06655705E5902D8183A00BBA0CD8C6.e.10604"}]}
RESULT: {"script":"<script> [56 bytes]","args":[{"element-6066-11e4-a52e-4f735466cecf":"f.19D3A8A536C023AFD4E776B255E62FBE.d.7F06655705E5902D8183A00BBA0CD8C6.e.10604","ELEMENT":"f.19D3A8A536C023AFD4E776B255E62FBE.d.7F06655705E5902D8183A00BBA0CD8C6.e.10604"}]}
COMMAND: POST /session/799be37928140a71a03c3bbe373ba355/element - {"using":"css selector","value":"#shell-header-logo"}
COMMAND: GET /session/799be37928140a71a03c3bbe373ba355/screenshot - {}
RESULT: {"using":"css selector","value":"#shell-header-logo"}
COMMAND: POST /session/799be37928140a71a03c3bbe373ba355/element/f.19D3A8A536C023AFD4E776B255E62FBE.d.7F06655705E5902D8183A00BBA0CD8C6.e.10234/click - {}
RESULT: {}
RESULT: {}
COMMAND: GET /session/799be37928140a71a03c3bbe373ba355/screenshot - {}
RESULT: {}
]]></system-out>
    </testcase>
    <testcase classname="chrome.135_0_7049_42.windows.Create_master_data_for_mixed_billing_&amp;_do_billing_calculation_US151661" name="Should add performance based condition" time="63.902">
      <system-out><![CDATA[
RESULT: undefined
COMMAND: POST /session/799be37928140a71a03c3bbe373ba355/element - {"using":"xpath","value":"//*[@id=\"__tile53-title\"]"}
RESULT: {"using":"xpath","value":"//*[@id=\"__tile53-title\"]"}
COMMAND: POST /session/799be37928140a71a03c3bbe373ba355/element/f.19D3A8A536C023AFD4E776B255E62FBE.d.7F06655705E5902D8183A00BBA0CD8C6.e.10232/click - {}
RESULT: {}
COMMAND: POST /session/799be37928140a71a03c3bbe373ba355/element - {"using":"xpath","value":"//button[@aria-label=\"Create\"]"}
COMMAND: GET /session/799be37928140a71a03c3bbe373ba355/screenshot - {}
RESULT: {"using":"xpath","value":"//button[@aria-label=\"Create\"]"}
COMMAND: POST /session/799be37928140a71a03c3bbe373ba355/elements - {"using":"xpath","value":"//button[@aria-label=\"Create\"]"}
RESULT: {}
RESULT: {"using":"xpath","value":"//button[@aria-label=\"Create\"]"}
COMMAND: POST /session/799be37928140a71a03c3bbe373ba355/execute/sync - {"script":"<script> [8489 bytes]","args":[{"element-6066-11e4-a52e-4f735466cecf":"f.19D3A8A536C023AFD4E776B255E62FBE.d.7F06655705E5902D8183A00BBA0CD8C6.e.10660","ELEMENT":"f.19D3A8A536C023AFD4E776B255E62FBE.d.7F06655705E5902D8183A00BBA0CD8C6.e.10660"}]}
RESULT: {"script":"<script> [8489 bytes]","args":[{"element-6066-11e4-a52e-4f735466cecf":"f.19D3A8A536C023AFD4E776B255E62FBE.d.7F06655705E5902D8183A00BBA0CD8C6.e.10660","ELEMENT":"f.19D3A8A536C023AFD4E776B255E62FBE.d.7F06655705E5902D8183A00BBA0CD8C6.e.10660"}]}
COMMAND: GET /session/799be37928140a71a03c3bbe373ba355/element/f.19D3A8A536C023AFD4E776B255E62FBE.d.7F06655705E5902D8183A00BBA0CD8C6.e.10660/enabled - {}
COMMAND: GET /session/799be37928140a71a03c3bbe373ba355/screenshot - {}
RESULT: {}
COMMAND: POST /session/799be37928140a71a03c3bbe373ba355/execute/sync - {"script":"<script> [8489 bytes]","args":[{"element-6066-11e4-a52e-4f735466cecf":"f.19D3A8A536C023AFD4E776B255E62FBE.d.7F06655705E5902D8183A00BBA0CD8C6.e.10660","ELEMENT":"f.19D3A8A536C023AFD4E776B255E62FBE.d.7F06655705E5902D8183A00BBA0CD8C6.e.10660"}]}
COMMAND: GET /session/799be37928140a71a03c3bbe373ba355/screenshot - {}
RESULT: {}
RESULT: {"script":"<script> [8489 bytes]","args":[{"element-6066-11e4-a52e-4f735466cecf":"f.19D3A8A536C023AFD4E776B255E62FBE.d.7F06655705E5902D8183A00BBA0CD8C6.e.10660","ELEMENT":"f.19D3A8A536C023AFD4E776B255E62FBE.d.7F06655705E5902D8183A00BBA0CD8C6.e.10660"}]}
COMMAND: POST /session/799be37928140a71a03c3bbe373ba355/execute/sync - {"script":"<script> [5351 bytes]","args":[{"element-6066-11e4-a52e-4f735466cecf":"f.19D3A8A536C023AFD4E776B255E62FBE.d.7F06655705E5902D8183A00BBA0CD8C6.e.10660","ELEMENT":"f.19D3A8A536C023AFD4E776B255E62FBE.d.7F06655705E5902D8183A00BBA0CD8C6.e.10660"}]}
COMMAND: GET /session/799be37928140a71a03c3bbe373ba355/screenshot - {}
RESULT: {}
RESULT: {"script":"<script> [5351 bytes]","args":[{"element-6066-11e4-a52e-4f735466cecf":"f.19D3A8A536C023AFD4E776B255E62FBE.d.7F06655705E5902D8183A00BBA0CD8C6.e.10660","ELEMENT":"f.19D3A8A536C023AFD4E776B255E62FBE.d.7F06655705E5902D8183A00BBA0CD8C6.e.10660"}]}
COMMAND: POST /session/799be37928140a71a03c3bbe373ba355/element/f.19D3A8A536C023AFD4E776B255E62FBE.d.7F06655705E5902D8183A00BBA0CD8C6.e.10660/click - {}
COMMAND: GET /session/799be37928140a71a03c3bbe373ba355/screenshot - {}
RESULT: {}
RESULT: {}
COMMAND: GET /session/799be37928140a71a03c3bbe373ba355/screenshot - {}
RESULT: {}
RESULT: {}
COMMAND: POST /session/799be37928140a71a03c3bbe373ba355/actions - {"actions":[{"id":"action34","type":"key","parameters":{},"actions":[{"type":"keyDown","value":""},{"type":"pause","duration":10},{"type":"keyUp","value":""}]}]}
RESULT: {"actions":[{"id":"action34","type":"key","parameters":{},"actions":[{"type":"keyDown","value":""},{"type":"pause","duration":10},{"type":"keyUp","value":""}]}]}
COMMAND: GET /session/799be37928140a71a03c3bbe373ba355/screenshot - {}
RESULT: undefined
COMMAND: POST /session/799be37928140a71a03c3bbe373ba355/element - {"using":"xpath","value":"//*[@id=\"application-manageconditionprice-display-component---newCondition--condBillCond-arrow\"]"}
RESULT: {}
RESULT: {"using":"xpath","value":"//*[@id=\"application-manageconditionprice-display-component---newCondition--condBillCond-arrow\"]"}
COMMAND: POST /session/799be37928140a71a03c3bbe373ba355/element/f.19D3A8A536C023AFD4E776B255E62FBE.d.7F06655705E5902D8183A00BBA0CD8C6.e.11127/click - {}
RESULT: {}
COMMAND: GET /session/799be37928140a71a03c3bbe373ba355/screenshot - {}
RESULT: {}
COMMAND: POST /session/799be37928140a71a03c3bbe373ba355/element - {"using":"xpath","value":"//li[.//span[contains(text(), \"PC06 - Performance Price - fuel\")]]"}
RESULT: {"using":"xpath","value":"//li[.//span[contains(text(), \"PC06 - Performance Price - fuel\")]]"}
COMMAND: POST /session/799be37928140a71a03c3bbe373ba355/element/f.19D3A8A536C023AFD4E776B255E62FBE.d.7F06655705E5902D8183A00BBA0CD8C6.e.11130/click - {}
RESULT: {}
COMMAND: GET /session/799be37928140a71a03c3bbe373ba355/screenshot - {}
RESULT: {}
RESULT: undefined
COMMAND: POST /session/799be37928140a71a03c3bbe373ba355/execute/async - {"script":"<script> [776 bytes]","args":[{"enterText":"12/19/25","selector":{"id":"application-manageconditionprice-display-component---newCondition--condValidTo","interaction":{"idSuffix":"inner"}},"clearTextFirst":true,"interactionType":"ENTER_TEXT"}]}
RESULT: {"script":"<script> [776 bytes]","args":[{"enterText":"12/19/25","selector":{"id":"application-manageconditionprice-display-component---newCondition--condValidTo","interaction":{"idSuffix":"inner"}},"clearTextFirst":true,"interactionType":"ENTER_TEXT"}]}
COMMAND: POST /session/799be37928140a71a03c3bbe373ba355/element - {"using":"xpath","value":"//input[@id=\"application-manageconditionprice-display-component---newCondition--condRU-inner\"]"}
RESULT: {"using":"xpath","value":"//input[@id=\"application-manageconditionprice-display-component---newCondition--condRU-inner\"]"}
COMMAND: POST /session/799be37928140a71a03c3bbe373ba355/element/f.19D3A8A536C023AFD4E776B255E62FBE.d.7F06655705E5902D8183A00BBA0CD8C6.e.10853/clear - {}
RESULT: {}
COMMAND: POST /session/799be37928140a71a03c3bbe373ba355/element/f.19D3A8A536C023AFD4E776B255E62FBE.d.7F06655705E5902D8183A00BBA0CD8C6.e.10853/value - {"text":"Z5F6PRTuH8"}
COMMAND: GET /session/799be37928140a71a03c3bbe373ba355/screenshot - {}
RESULT: {"text":"Z5F6PRTuH8"}
COMMAND: GET /session/799be37928140a71a03c3bbe373ba355/screenshot - {}
RESULT: {}
RESULT: {}
COMMAND: POST /session/799be37928140a71a03c3bbe373ba355/actions - {"actions":[{"id":"action35","type":"key","parameters":{},"actions":[{"type":"keyDown","value":""},{"type":"pause","duration":10},{"type":"keyUp","value":""}]}]}
RESULT: {"actions":[{"id":"action35","type":"key","parameters":{},"actions":[{"type":"keyDown","value":""},{"type":"pause","duration":10},{"type":"keyUp","value":""}]}]}
RESULT: undefined
COMMAND: POST /session/799be37928140a71a03c3bbe373ba355/execute/async - {"script":"<script> [776 bytes]","args":[{"enterText":"1","selector":{"id":"application-manageconditionprice-display-component---newCondition--condBaseQty","interaction":{"idSuffix":"inner"}},"clearTextFirst":true,"interactionType":"ENTER_TEXT"}]}
COMMAND: GET /session/799be37928140a71a03c3bbe373ba355/screenshot - {}
RESULT: {"script":"<script> [776 bytes]","args":[{"enterText":"1","selector":{"id":"application-manageconditionprice-display-component---newCondition--condBaseQty","interaction":{"idSuffix":"inner"}},"clearTextFirst":true,"interactionType":"ENTER_TEXT"}]}
RESULT: undefined
COMMAND: POST /session/799be37928140a71a03c3bbe373ba355/execute/async - {"script":"<script> [776 bytes]","args":[{"enterText":"10","selector":{"id":"application-manageconditionprice-display-component---newCondition--condValue","interaction":{"idSuffix":"inner"}},"clearTextFirst":true,"interactionType":"ENTER_TEXT"}]}
RESULT: {}
RESULT: {"script":"<script> [776 bytes]","args":[{"enterText":"10","selector":{"id":"application-manageconditionprice-display-component---newCondition--condValue","interaction":{"idSuffix":"inner"}},"clearTextFirst":true,"interactionType":"ENTER_TEXT"}]}
RESULT: undefined
COMMAND: POST /session/799be37928140a71a03c3bbe373ba355/element - {"using":"xpath","value":"//*[@id=\"application-manageconditionprice-display-component---newCondition--condCurr-arrow\"]"}
RESULT: {"using":"xpath","value":"//*[@id=\"application-manageconditionprice-display-component---newCondition--condCurr-arrow\"]"}
COMMAND: POST /session/799be37928140a71a03c3bbe373ba355/element/f.19D3A8A536C023AFD4E776B255E62FBE.d.7F06655705E5902D8183A00BBA0CD8C6.e.11075/click - {}
RESULT: {}
COMMAND: POST /session/799be37928140a71a03c3bbe373ba355/element - {"using":"xpath","value":"//span[contains(text(), \"Euro\")]"}
COMMAND: GET /session/799be37928140a71a03c3bbe373ba355/screenshot - {}
RESULT: {"using":"xpath","value":"//span[contains(text(), \"Euro\")]"}
COMMAND: POST /session/799be37928140a71a03c3bbe373ba355/element/f.19D3A8A536C023AFD4E776B255E62FBE.d.7F06655705E5902D8183A00BBA0CD8C6.e.11163/click - {}
RESULT: {}
RESULT: {}
COMMAND: POST /session/799be37928140a71a03c3bbe373ba355/element - {"using":"xpath","value":"//button[@data-kt=\"saveButton\"]"}
COMMAND: GET /session/799be37928140a71a03c3bbe373ba355/screenshot - {}
RESULT: {"using":"xpath","value":"//button[@data-kt=\"saveButton\"]"}
COMMAND: POST /session/799be37928140a71a03c3bbe373ba355/element/f.19D3A8A536C023AFD4E776B255E62FBE.d.7F06655705E5902D8183A00BBA0CD8C6.e.11076/click - {}
RESULT: {}
RESULT: {}
COMMAND: GET /session/799be37928140a71a03c3bbe373ba355/screenshot - {}
RESULT: {}
RESULT: undefined
COMMAND: POST /session/799be37928140a71a03c3bbe373ba355/execute/async - {"script":"<script> [776 bytes]","args":[{"enterText":"Z5F6PRTuH8","selector":{"id":"application-manageconditionprice-display-component---conditions--smartFilterBar-btnBasicSearch","interaction":{"idSuffix":"I"}},"clearTextFirst":true,"interactionType":"ENTER_TEXT"}]}
RESULT: {"script":"<script> [776 bytes]","args":[{"enterText":"Z5F6PRTuH8","selector":{"id":"application-manageconditionprice-display-component---conditions--smartFilterBar-btnBasicSearch","interaction":{"idSuffix":"I"}},"clearTextFirst":true,"interactionType":"ENTER_TEXT"}]}
COMMAND: POST /session/799be37928140a71a03c3bbe373ba355/actions - {"actions":[{"id":"action36","type":"key","parameters":{},"actions":[{"type":"keyDown","value":""},{"type":"pause","duration":10},{"type":"keyUp","value":""}]}]}
RESULT: {"actions":[{"id":"action36","type":"key","parameters":{},"actions":[{"type":"keyDown","value":""},{"type":"pause","duration":10},{"type":"keyUp","value":""}]}]}
COMMAND: GET /session/799be37928140a71a03c3bbe373ba355/screenshot - {}
RESULT: {}
RESULT: undefined
COMMAND: POST /session/799be37928140a71a03c3bbe373ba355/element - {"using":"xpath","value":"//*[@id=\"application-manageconditionprice-display-component---conditions--smartFilterBar-filterItemControl_BASIC-BILL_TYPES-vhi\"]"}
RESULT: {"using":"xpath","value":"//*[@id=\"application-manageconditionprice-display-component---conditions--smartFilterBar-filterItemControl_BASIC-BILL_TYPES-vhi\"]"}
COMMAND: POST /session/799be37928140a71a03c3bbe373ba355/element/f.19D3A8A536C023AFD4E776B255E62FBE.d.7F06655705E5902D8183A00BBA0CD8C6.e.11414/click - {}
RESULT: {}
RESULT: undefined
COMMAND: POST /session/799be37928140a71a03c3bbe373ba355/execute/async - {"script":"<script> [776 bytes]","args":[{"enterText":"PB","selector":{"id":"application-manageconditionprice-display-component---conditions--smartFilterBar-filterItemControl_BASIC-BILL_TYPES-valueHelpDialog-smartFilterBar-btnBasicSearch","searchOpenDialogs":true,"interaction":{"idSuffix":"I"}},"clearTextFirst":true,"interactionType":"ENTER_TEXT"}]}
COMMAND: GET /session/799be37928140a71a03c3bbe373ba355/screenshot - {}
RESULT: {"script":"<script> [776 bytes]","args":[{"enterText":"PB","selector":{"id":"application-manageconditionprice-display-component---conditions--smartFilterBar-filterItemControl_BASIC-BILL_TYPES-valueHelpDialog-smartFilterBar-btnBasicSearch","searchOpenDialogs":true,"interaction":{"idSuffix":"I"}},"clearTextFirst":true,"interactionType":"ENTER_TEXT"}]}
COMMAND: POST /session/799be37928140a71a03c3bbe373ba355/actions - {"actions":[{"id":"action37","type":"key","parameters":{},"actions":[{"type":"keyDown","value":""},{"type":"pause","duration":10},{"type":"keyUp","value":""}]}]}
RESULT: {}
RESULT: {"actions":[{"id":"action37","type":"key","parameters":{},"actions":[{"type":"keyDown","value":""},{"type":"pause","duration":10},{"type":"keyUp","value":""}]}]}
COMMAND: GET /session/799be37928140a71a03c3bbe373ba355/screenshot - {}
RESULT: {}
COMMAND: POST /session/799be37928140a71a03c3bbe373ba355/element - {"using":"xpath","value":"//div[contains(@id, 'application-manageconditionprice-display-component---conditions--smartFilterBar-filterItemControl_BASIC-BILL_TYPES-valueHelpDialog-table-rowsel0')]"}
RESULT: {"using":"xpath","value":"//div[contains(@id, 'application-manageconditionprice-display-component---conditions--smartFilterBar-filterItemControl_BASIC-BILL_TYPES-valueHelpDialog-table-rowsel0')]"}
COMMAND: POST /session/799be37928140a71a03c3bbe373ba355/element/f.19D3A8A536C023AFD4E776B255E62FBE.d.7F06655705E5902D8183A00BBA0CD8C6.e.11421/click - {}
RESULT: {}
COMMAND: GET /session/799be37928140a71a03c3bbe373ba355/screenshot - {}
RESULT: {}
COMMAND: POST /session/799be37928140a71a03c3bbe373ba355/element - {"using":"xpath","value":"//bdi[contains(text(), \"OK\")]"}
RESULT: {"using":"xpath","value":"//bdi[contains(text(), \"OK\")]"}
COMMAND: POST /session/799be37928140a71a03c3bbe373ba355/element/f.19D3A8A536C023AFD4E776B255E62FBE.d.7F06655705E5902D8183A00BBA0CD8C6.e.11423/click - {}
RESULT: {}
COMMAND: GET /session/799be37928140a71a03c3bbe373ba355/screenshot - {}
RESULT: {}
COMMAND: POST /session/799be37928140a71a03c3bbe373ba355/element - {"using":"xpath","value":"//span[@id=\"application-manageconditionprice-display-component---conditions--smartTable-header-inner\"]"}
RESULT: {"using":"xpath","value":"//span[@id=\"application-manageconditionprice-display-component---conditions--smartTable-header-inner\"]"}
COMMAND: POST /session/799be37928140a71a03c3bbe373ba355/elements - {"using":"xpath","value":"//span[@id=\"application-manageconditionprice-display-component---conditions--smartTable-header-inner\"]"}
RESULT: {"using":"xpath","value":"//span[@id=\"application-manageconditionprice-display-component---conditions--smartTable-header-inner\"]"}
COMMAND: POST /session/799be37928140a71a03c3bbe373ba355/execute/sync - {"script":"<script> [56 bytes]","args":[{"element-6066-11e4-a52e-4f735466cecf":"f.19D3A8A536C023AFD4E776B255E62FBE.d.7F06655705E5902D8183A00BBA0CD8C6.e.11426","ELEMENT":"f.19D3A8A536C023AFD4E776B255E62FBE.d.7F06655705E5902D8183A00BBA0CD8C6.e.11426"}]}
RESULT: {"script":"<script> [56 bytes]","args":[{"element-6066-11e4-a52e-4f735466cecf":"f.19D3A8A536C023AFD4E776B255E62FBE.d.7F06655705E5902D8183A00BBA0CD8C6.e.11426","ELEMENT":"f.19D3A8A536C023AFD4E776B255E62FBE.d.7F06655705E5902D8183A00BBA0CD8C6.e.11426"}]}
COMMAND: POST /session/799be37928140a71a03c3bbe373ba355/element - {"using":"css selector","value":"#shell-header-logo"}
COMMAND: GET /session/799be37928140a71a03c3bbe373ba355/screenshot - {}
RESULT: {"using":"css selector","value":"#shell-header-logo"}
COMMAND: POST /session/799be37928140a71a03c3bbe373ba355/element/f.19D3A8A536C023AFD4E776B255E62FBE.d.7F06655705E5902D8183A00BBA0CD8C6.e.10611/click - {}
RESULT: {}
RESULT: {}
COMMAND: GET /session/799be37928140a71a03c3bbe373ba355/screenshot - {}
RESULT: {}
]]></system-out>
    </testcase>
    <testcase classname="chrome.135_0_7049_42.windows.Create_master_data_for_mixed_billing_&amp;_do_billing_calculation_US151661" name="Should add time based condition" time="68.868">
      <system-out><![CDATA[
RESULT: undefined
COMMAND: POST /session/799be37928140a71a03c3bbe373ba355/element - {"using":"xpath","value":"//*[@id=\"__tile53-title\"]"}
RESULT: {"using":"xpath","value":"//*[@id=\"__tile53-title\"]"}
COMMAND: POST /session/799be37928140a71a03c3bbe373ba355/element/f.19D3A8A536C023AFD4E776B255E62FBE.d.7F06655705E5902D8183A00BBA0CD8C6.e.10232/click - {}
RESULT: {}
COMMAND: POST /session/799be37928140a71a03c3bbe373ba355/element - {"using":"xpath","value":"//button[@aria-label=\"Create\"]"}
COMMAND: GET /session/799be37928140a71a03c3bbe373ba355/screenshot - {}
RESULT: {"using":"xpath","value":"//button[@aria-label=\"Create\"]"}
COMMAND: POST /session/799be37928140a71a03c3bbe373ba355/elements - {"using":"xpath","value":"//button[@aria-label=\"Create\"]"}
RESULT: {}
RESULT: {"using":"xpath","value":"//button[@aria-label=\"Create\"]"}
COMMAND: POST /session/799be37928140a71a03c3bbe373ba355/execute/sync - {"script":"<script> [8489 bytes]","args":[{"element-6066-11e4-a52e-4f735466cecf":"f.19D3A8A536C023AFD4E776B255E62FBE.d.7F06655705E5902D8183A00BBA0CD8C6.e.11480","ELEMENT":"f.19D3A8A536C023AFD4E776B255E62FBE.d.7F06655705E5902D8183A00BBA0CD8C6.e.11480"}]}
RESULT: {"script":"<script> [8489 bytes]","args":[{"element-6066-11e4-a52e-4f735466cecf":"f.19D3A8A536C023AFD4E776B255E62FBE.d.7F06655705E5902D8183A00BBA0CD8C6.e.11480","ELEMENT":"f.19D3A8A536C023AFD4E776B255E62FBE.d.7F06655705E5902D8183A00BBA0CD8C6.e.11480"}]}
COMMAND: GET /session/799be37928140a71a03c3bbe373ba355/element/f.19D3A8A536C023AFD4E776B255E62FBE.d.7F06655705E5902D8183A00BBA0CD8C6.e.11480/enabled - {}
COMMAND: GET /session/799be37928140a71a03c3bbe373ba355/screenshot - {}
RESULT: {}
COMMAND: POST /session/799be37928140a71a03c3bbe373ba355/execute/sync - {"script":"<script> [8489 bytes]","args":[{"element-6066-11e4-a52e-4f735466cecf":"f.19D3A8A536C023AFD4E776B255E62FBE.d.7F06655705E5902D8183A00BBA0CD8C6.e.11480","ELEMENT":"f.19D3A8A536C023AFD4E776B255E62FBE.d.7F06655705E5902D8183A00BBA0CD8C6.e.11480"}]}
COMMAND: GET /session/799be37928140a71a03c3bbe373ba355/screenshot - {}
RESULT: {}
RESULT: {"script":"<script> [8489 bytes]","args":[{"element-6066-11e4-a52e-4f735466cecf":"f.19D3A8A536C023AFD4E776B255E62FBE.d.7F06655705E5902D8183A00BBA0CD8C6.e.11480","ELEMENT":"f.19D3A8A536C023AFD4E776B255E62FBE.d.7F06655705E5902D8183A00BBA0CD8C6.e.11480"}]}
COMMAND: POST /session/799be37928140a71a03c3bbe373ba355/execute/sync - {"script":"<script> [5351 bytes]","args":[{"element-6066-11e4-a52e-4f735466cecf":"f.19D3A8A536C023AFD4E776B255E62FBE.d.7F06655705E5902D8183A00BBA0CD8C6.e.11480","ELEMENT":"f.19D3A8A536C023AFD4E776B255E62FBE.d.7F06655705E5902D8183A00BBA0CD8C6.e.11480"}]}
COMMAND: GET /session/799be37928140a71a03c3bbe373ba355/screenshot - {}
RESULT: {}
RESULT: {"script":"<script> [5351 bytes]","args":[{"element-6066-11e4-a52e-4f735466cecf":"f.19D3A8A536C023AFD4E776B255E62FBE.d.7F06655705E5902D8183A00BBA0CD8C6.e.11480","ELEMENT":"f.19D3A8A536C023AFD4E776B255E62FBE.d.7F06655705E5902D8183A00BBA0CD8C6.e.11480"}]}
COMMAND: POST /session/799be37928140a71a03c3bbe373ba355/element/f.19D3A8A536C023AFD4E776B255E62FBE.d.7F06655705E5902D8183A00BBA0CD8C6.e.11480/click - {}
COMMAND: GET /session/799be37928140a71a03c3bbe373ba355/screenshot - {}
RESULT: {}
RESULT: {}
COMMAND: GET /session/799be37928140a71a03c3bbe373ba355/screenshot - {}
RESULT: {}
RESULT: {}
COMMAND: POST /session/799be37928140a71a03c3bbe373ba355/actions - {"actions":[{"id":"action38","type":"key","parameters":{},"actions":[{"type":"keyDown","value":""},{"type":"pause","duration":10},{"type":"keyUp","value":""}]}]}
RESULT: {"actions":[{"id":"action38","type":"key","parameters":{},"actions":[{"type":"keyDown","value":""},{"type":"pause","duration":10},{"type":"keyUp","value":""}]}]}
COMMAND: GET /session/799be37928140a71a03c3bbe373ba355/screenshot - {}
RESULT: undefined
COMMAND: POST /session/799be37928140a71a03c3bbe373ba355/element - {"using":"xpath","value":"//*[@id=\"application-manageconditionprice-display-component---newCondition--condBillCond-arrow\"]"}
RESULT: {}
RESULT: {"using":"xpath","value":"//*[@id=\"application-manageconditionprice-display-component---newCondition--condBillCond-arrow\"]"}
COMMAND: POST /session/799be37928140a71a03c3bbe373ba355/element/f.19D3A8A536C023AFD4E776B255E62FBE.d.7F06655705E5902D8183A00BBA0CD8C6.e.11953/click - {}
RESULT: {}
COMMAND: GET /session/799be37928140a71a03c3bbe373ba355/screenshot - {}
RESULT: {}
COMMAND: POST /session/799be37928140a71a03c3bbe373ba355/element - {"using":"xpath","value":"//li[.//span[contains(text(), \"DISP - D&I special price\")]]"}
RESULT: {"using":"xpath","value":"//li[.//span[contains(text(), \"DISP - D&I special price\")]]"}
COMMAND: POST /session/799be37928140a71a03c3bbe373ba355/element/f.19D3A8A536C023AFD4E776B255E62FBE.d.7F06655705E5902D8183A00BBA0CD8C6.e.11956/click - {}
RESULT: {}
COMMAND: GET /session/799be37928140a71a03c3bbe373ba355/screenshot - {}
RESULT: {}
RESULT: undefined
COMMAND: POST /session/799be37928140a71a03c3bbe373ba355/execute/async - {"script":"<script> [776 bytes]","args":[{"enterText":"12/19/25","selector":{"id":"application-manageconditionprice-display-component---newCondition--condValidTo","interaction":{"idSuffix":"inner"}},"clearTextFirst":true,"interactionType":"ENTER_TEXT"}]}
RESULT: {"script":"<script> [776 bytes]","args":[{"enterText":"12/19/25","selector":{"id":"application-manageconditionprice-display-component---newCondition--condValidTo","interaction":{"idSuffix":"inner"}},"clearTextFirst":true,"interactionType":"ENTER_TEXT"}]}
COMMAND: POST /session/799be37928140a71a03c3bbe373ba355/element - {"using":"xpath","value":"//input[@id=\"application-manageconditionprice-display-component---newCondition--condRU-inner\"]"}
RESULT: {"using":"xpath","value":"//input[@id=\"application-manageconditionprice-display-component---newCondition--condRU-inner\"]"}
COMMAND: POST /session/799be37928140a71a03c3bbe373ba355/element/f.19D3A8A536C023AFD4E776B255E62FBE.d.7F06655705E5902D8183A00BBA0CD8C6.e.11635/clear - {}
RESULT: {}
COMMAND: POST /session/799be37928140a71a03c3bbe373ba355/element/f.19D3A8A536C023AFD4E776B255E62FBE.d.7F06655705E5902D8183A00BBA0CD8C6.e.11635/value - {"text":"Z5F6PRTuH8"}
COMMAND: GET /session/799be37928140a71a03c3bbe373ba355/screenshot - {}
RESULT: {"text":"Z5F6PRTuH8"}
COMMAND: GET /session/799be37928140a71a03c3bbe373ba355/screenshot - {}
RESULT: {}
RESULT: {}
COMMAND: POST /session/799be37928140a71a03c3bbe373ba355/actions - {"actions":[{"id":"action39","type":"key","parameters":{},"actions":[{"type":"keyDown","value":""},{"type":"pause","duration":10},{"type":"keyUp","value":""}]}]}
RESULT: {"actions":[{"id":"action39","type":"key","parameters":{},"actions":[{"type":"keyDown","value":""},{"type":"pause","duration":10},{"type":"keyUp","value":""}]}]}
RESULT: undefined
COMMAND: POST /session/799be37928140a71a03c3bbe373ba355/execute/async - {"script":"<script> [776 bytes]","args":[{"enterText":"1","selector":{"id":"application-manageconditionprice-display-component---newCondition--condBaseQty","interaction":{"idSuffix":"inner"}},"clearTextFirst":true,"interactionType":"ENTER_TEXT"}]}
COMMAND: GET /session/799be37928140a71a03c3bbe373ba355/screenshot - {}
RESULT: {"script":"<script> [776 bytes]","args":[{"enterText":"1","selector":{"id":"application-manageconditionprice-display-component---newCondition--condBaseQty","interaction":{"idSuffix":"inner"}},"clearTextFirst":true,"interactionType":"ENTER_TEXT"}]}
RESULT: undefined
COMMAND: POST /session/799be37928140a71a03c3bbe373ba355/execute/async - {"script":"<script> [776 bytes]","args":[{"enterText":"100","selector":{"id":"application-manageconditionprice-display-component---newCondition--condValue","interaction":{"idSuffix":"inner"}},"clearTextFirst":true,"interactionType":"ENTER_TEXT"}]}
RESULT: {}
RESULT: {"script":"<script> [776 bytes]","args":[{"enterText":"100","selector":{"id":"application-manageconditionprice-display-component---newCondition--condValue","interaction":{"idSuffix":"inner"}},"clearTextFirst":true,"interactionType":"ENTER_TEXT"}]}
RESULT: undefined
COMMAND: POST /session/799be37928140a71a03c3bbe373ba355/element - {"using":"xpath","value":"//*[@id=\"application-manageconditionprice-display-component---newCondition--condCurr-arrow\"]"}
RESULT: {"using":"xpath","value":"//*[@id=\"application-manageconditionprice-display-component---newCondition--condCurr-arrow\"]"}
COMMAND: POST /session/799be37928140a71a03c3bbe373ba355/element/f.19D3A8A536C023AFD4E776B255E62FBE.d.7F06655705E5902D8183A00BBA0CD8C6.e.11929/click - {}
RESULT: {}
COMMAND: POST /session/799be37928140a71a03c3bbe373ba355/element - {"using":"xpath","value":"//span[contains(text(), \"Euro\")]"}
COMMAND: GET /session/799be37928140a71a03c3bbe373ba355/screenshot - {}
RESULT: {"using":"xpath","value":"//span[contains(text(), \"Euro\")]"}
COMMAND: POST /session/799be37928140a71a03c3bbe373ba355/element/f.19D3A8A536C023AFD4E776B255E62FBE.d.7F06655705E5902D8183A00BBA0CD8C6.e.11991/click - {}
RESULT: {}
RESULT: {}
COMMAND: POST /session/799be37928140a71a03c3bbe373ba355/element - {"using":"xpath","value":"//button[@data-kt=\"saveButton\"]"}
COMMAND: GET /session/799be37928140a71a03c3bbe373ba355/screenshot - {}
RESULT: {"using":"xpath","value":"//button[@data-kt=\"saveButton\"]"}
COMMAND: POST /session/799be37928140a71a03c3bbe373ba355/element/f.19D3A8A536C023AFD4E776B255E62FBE.d.7F06655705E5902D8183A00BBA0CD8C6.e.11930/click - {}
RESULT: {}
RESULT: {}
COMMAND: GET /session/799be37928140a71a03c3bbe373ba355/screenshot - {}
RESULT: {}
RESULT: undefined
COMMAND: POST /session/799be37928140a71a03c3bbe373ba355/execute/async - {"script":"<script> [776 bytes]","args":[{"enterText":"Z5F6PRTuH8","selector":{"id":"application-manageconditionprice-display-component---conditions--smartFilterBar-btnBasicSearch","interaction":{"idSuffix":"I"}},"clearTextFirst":true,"interactionType":"ENTER_TEXT"}]}
RESULT: {"script":"<script> [776 bytes]","args":[{"enterText":"Z5F6PRTuH8","selector":{"id":"application-manageconditionprice-display-component---conditions--smartFilterBar-btnBasicSearch","interaction":{"idSuffix":"I"}},"clearTextFirst":true,"interactionType":"ENTER_TEXT"}]}
COMMAND: POST /session/799be37928140a71a03c3bbe373ba355/actions - {"actions":[{"id":"action40","type":"key","parameters":{},"actions":[{"type":"keyDown","value":""},{"type":"pause","duration":10},{"type":"keyUp","value":""}]}]}
RESULT: {"actions":[{"id":"action40","type":"key","parameters":{},"actions":[{"type":"keyDown","value":""},{"type":"pause","duration":10},{"type":"keyUp","value":""}]}]}
COMMAND: GET /session/799be37928140a71a03c3bbe373ba355/screenshot - {}
RESULT: {}
RESULT: undefined
COMMAND: POST /session/799be37928140a71a03c3bbe373ba355/element - {"using":"xpath","value":"//*[@id=\"application-manageconditionprice-display-component---conditions--smartFilterBar-filterItemControl_BASIC-BILL_TYPES-vhi\"]"}
RESULT: {"using":"xpath","value":"//*[@id=\"application-manageconditionprice-display-component---conditions--smartFilterBar-filterItemControl_BASIC-BILL_TYPES-vhi\"]"}
COMMAND: POST /session/799be37928140a71a03c3bbe373ba355/element/f.19D3A8A536C023AFD4E776B255E62FBE.d.7F06655705E5902D8183A00BBA0CD8C6.e.12224/click - {}
RESULT: {}
RESULT: undefined
COMMAND: POST /session/799be37928140a71a03c3bbe373ba355/execute/async - {"script":"<script> [776 bytes]","args":[{"enterText":"TB","selector":{"id":"application-manageconditionprice-display-component---conditions--smartFilterBar-filterItemControl_BASIC-BILL_TYPES-valueHelpDialog-smartFilterBar-btnBasicSearch","searchOpenDialogs":true,"interaction":{"idSuffix":"I"}},"clearTextFirst":true,"interactionType":"ENTER_TEXT"}]}
COMMAND: GET /session/799be37928140a71a03c3bbe373ba355/screenshot - {}
RESULT: {"script":"<script> [776 bytes]","args":[{"enterText":"TB","selector":{"id":"application-manageconditionprice-display-component---conditions--smartFilterBar-filterItemControl_BASIC-BILL_TYPES-valueHelpDialog-smartFilterBar-btnBasicSearch","searchOpenDialogs":true,"interaction":{"idSuffix":"I"}},"clearTextFirst":true,"interactionType":"ENTER_TEXT"}]}
COMMAND: POST /session/799be37928140a71a03c3bbe373ba355/actions - {"actions":[{"id":"action41","type":"key","parameters":{},"actions":[{"type":"keyDown","value":""},{"type":"pause","duration":10},{"type":"keyUp","value":""}]}]}
RESULT: {}
RESULT: {"actions":[{"id":"action41","type":"key","parameters":{},"actions":[{"type":"keyDown","value":""},{"type":"pause","duration":10},{"type":"keyUp","value":""}]}]}
COMMAND: GET /session/799be37928140a71a03c3bbe373ba355/screenshot - {}
RESULT: {}
COMMAND: POST /session/799be37928140a71a03c3bbe373ba355/element - {"using":"xpath","value":"//div[contains(@id, 'application-manageconditionprice-display-component---conditions--smartFilterBar-filterItemControl_BASIC-BILL_TYPES-valueHelpDialog-table-rowsel0')]"}
RESULT: {"using":"xpath","value":"//div[contains(@id, 'application-manageconditionprice-display-component---conditions--smartFilterBar-filterItemControl_BASIC-BILL_TYPES-valueHelpDialog-table-rowsel0')]"}
COMMAND: POST /session/799be37928140a71a03c3bbe373ba355/element/f.19D3A8A536C023AFD4E776B255E62FBE.d.7F06655705E5902D8183A00BBA0CD8C6.e.12232/click - {}
RESULT: {}
COMMAND: GET /session/799be37928140a71a03c3bbe373ba355/screenshot - {}
RESULT: {}
COMMAND: POST /session/799be37928140a71a03c3bbe373ba355/element - {"using":"xpath","value":"//bdi[contains(text(), \"OK\")]"}
RESULT: {"using":"xpath","value":"//bdi[contains(text(), \"OK\")]"}
COMMAND: POST /session/799be37928140a71a03c3bbe373ba355/element/f.19D3A8A536C023AFD4E776B255E62FBE.d.7F06655705E5902D8183A00BBA0CD8C6.e.12234/click - {}
RESULT: {}
COMMAND: GET /session/799be37928140a71a03c3bbe373ba355/screenshot - {}
RESULT: {}
COMMAND: POST /session/799be37928140a71a03c3bbe373ba355/element - {"using":"xpath","value":"//span[@id=\"application-manageconditionprice-display-component---conditions--smartTable-header-inner\"]"}
RESULT: {"using":"xpath","value":"//span[@id=\"application-manageconditionprice-display-component---conditions--smartTable-header-inner\"]"}
COMMAND: POST /session/799be37928140a71a03c3bbe373ba355/elements - {"using":"xpath","value":"//span[@id=\"application-manageconditionprice-display-component---conditions--smartTable-header-inner\"]"}
RESULT: {"using":"xpath","value":"//span[@id=\"application-manageconditionprice-display-component---conditions--smartTable-header-inner\"]"}
COMMAND: POST /session/799be37928140a71a03c3bbe373ba355/execute/sync - {"script":"<script> [56 bytes]","args":[{"element-6066-11e4-a52e-4f735466cecf":"f.19D3A8A536C023AFD4E776B255E62FBE.d.7F06655705E5902D8183A00BBA0CD8C6.e.12271","ELEMENT":"f.19D3A8A536C023AFD4E776B255E62FBE.d.7F06655705E5902D8183A00BBA0CD8C6.e.12271"}]}
RESULT: {"script":"<script> [56 bytes]","args":[{"element-6066-11e4-a52e-4f735466cecf":"f.19D3A8A536C023AFD4E776B255E62FBE.d.7F06655705E5902D8183A00BBA0CD8C6.e.12271","ELEMENT":"f.19D3A8A536C023AFD4E776B255E62FBE.d.7F06655705E5902D8183A00BBA0CD8C6.e.12271"}]}
COMMAND: POST /session/799be37928140a71a03c3bbe373ba355/element - {"using":"css selector","value":"#shell-header-logo"}
COMMAND: GET /session/799be37928140a71a03c3bbe373ba355/screenshot - {}
RESULT: {}
RESULT: {"using":"css selector","value":"#shell-header-logo"}
COMMAND: POST /session/799be37928140a71a03c3bbe373ba355/element/f.19D3A8A536C023AFD4E776B255E62FBE.d.7F06655705E5902D8183A00BBA0CD8C6.e.11431/click - {}
RESULT: {}
COMMAND: GET /session/799be37928140a71a03c3bbe373ba355/screenshot - {}
RESULT: {}
]]></system-out>
    </testcase>
    <testcase classname="chrome.135_0_7049_42.windows.Create_master_data_for_mixed_billing_&amp;_do_billing_calculation_US151661" name="Should do a stock increase handover" time="80.305">
      <system-out><![CDATA[
COMMAND: POST /session/799be37928140a71a03c3bbe373ba355/execute/async - {"script":"<script> [1562 bytes]","args":[{"selector":{"controlType":"sap.m.Text","viewName":"etm.portal.ui.managehandoverstile.view.Master","properties":{"text":"Manage Handovers"},"interaction":{"idSuffix":"inner"}},"wdio_ui5_key":"etmportal.ui.managehandoverstile.view.Mastersap.m.Text{\"text\":\"Manage Handovers\"}"}]}
RESULT: {"script":"<script> [1562 bytes]","args":[{"selector":{"controlType":"sap.m.Text","viewName":"etm.portal.ui.managehandoverstile.view.Master","properties":{"text":"Manage Handovers"},"interaction":{"idSuffix":"inner"}},"wdio_ui5_key":"etmportal.ui.managehandoverstile.view.Mastersap.m.Text{\"text\":\"Manage Handovers\"}"}]}
RESULT: undefined
COMMAND: POST /session/799be37928140a71a03c3bbe373ba355/element - {"using":"xpath","value":"//*[@id=\"__tile130-title\"]"}
RESULT: {"using":"xpath","value":"//*[@id=\"__tile130-title\"]"}
COMMAND: POST /session/799be37928140a71a03c3bbe373ba355/element/f.19D3A8A536C023AFD4E776B255E62FBE.d.7F06655705E5902D8183A00BBA0CD8C6.e.12274/click - {}
RESULT: {}
COMMAND: POST /session/799be37928140a71a03c3bbe373ba355/element - {"using":"xpath","value":"//button[@data-kt=\"masterHOAddButton\"]"}
COMMAND: GET /session/799be37928140a71a03c3bbe373ba355/screenshot - {}
RESULT: {"using":"xpath","value":"//button[@data-kt=\"masterHOAddButton\"]"}
COMMAND: POST /session/799be37928140a71a03c3bbe373ba355/elements - {"using":"xpath","value":"//button[@data-kt=\"masterHOAddButton\"]"}
RESULT: {}
RESULT: {"using":"xpath","value":"//button[@data-kt=\"masterHOAddButton\"]"}
COMMAND: POST /session/799be37928140a71a03c3bbe373ba355/elements - {"using":"xpath","value":"//button[@data-kt=\"masterHOAddButton\"]"}
RESULT: {"using":"xpath","value":"//button[@data-kt=\"masterHOAddButton\"]"}
COMMAND: POST /session/799be37928140a71a03c3bbe373ba355/element - {"using":"xpath","value":"//button[@data-kt=\"masterHOAddButton\"]"}
RESULT: {"using":"xpath","value":"//button[@data-kt=\"masterHOAddButton\"]"}
COMMAND: POST /session/799be37928140a71a03c3bbe373ba355/execute/sync - {"script":"<script> [8489 bytes]","args":[{"element-6066-11e4-a52e-4f735466cecf":"f.19D3A8A536C023AFD4E776B255E62FBE.d.7F06655705E5902D8183A00BBA0CD8C6.e.12315","ELEMENT":"f.19D3A8A536C023AFD4E776B255E62FBE.d.7F06655705E5902D8183A00BBA0CD8C6.e.12315"}]}
RESULT: {"script":"<script> [8489 bytes]","args":[{"element-6066-11e4-a52e-4f735466cecf":"f.19D3A8A536C023AFD4E776B255E62FBE.d.7F06655705E5902D8183A00BBA0CD8C6.e.12315","ELEMENT":"f.19D3A8A536C023AFD4E776B255E62FBE.d.7F06655705E5902D8183A00BBA0CD8C6.e.12315"}]}
COMMAND: GET /session/799be37928140a71a03c3bbe373ba355/element/f.19D3A8A536C023AFD4E776B255E62FBE.d.7F06655705E5902D8183A00BBA0CD8C6.e.12315/enabled - {}
COMMAND: GET /session/799be37928140a71a03c3bbe373ba355/screenshot - {}
RESULT: {}
COMMAND: POST /session/799be37928140a71a03c3bbe373ba355/execute/sync - {"script":"<script> [8489 bytes]","args":[{"element-6066-11e4-a52e-4f735466cecf":"f.19D3A8A536C023AFD4E776B255E62FBE.d.7F06655705E5902D8183A00BBA0CD8C6.e.12315","ELEMENT":"f.19D3A8A536C023AFD4E776B255E62FBE.d.7F06655705E5902D8183A00BBA0CD8C6.e.12315"}]}
COMMAND: GET /session/799be37928140a71a03c3bbe373ba355/screenshot - {}
RESULT: {}
RESULT: {"script":"<script> [8489 bytes]","args":[{"element-6066-11e4-a52e-4f735466cecf":"f.19D3A8A536C023AFD4E776B255E62FBE.d.7F06655705E5902D8183A00BBA0CD8C6.e.12315","ELEMENT":"f.19D3A8A536C023AFD4E776B255E62FBE.d.7F06655705E5902D8183A00BBA0CD8C6.e.12315"}]}
COMMAND: POST /session/799be37928140a71a03c3bbe373ba355/execute/sync - {"script":"<script> [5351 bytes]","args":[{"element-6066-11e4-a52e-4f735466cecf":"f.19D3A8A536C023AFD4E776B255E62FBE.d.7F06655705E5902D8183A00BBA0CD8C6.e.12315","ELEMENT":"f.19D3A8A536C023AFD4E776B255E62FBE.d.7F06655705E5902D8183A00BBA0CD8C6.e.12315"}]}
COMMAND: GET /session/799be37928140a71a03c3bbe373ba355/screenshot - {}
RESULT: {}
RESULT: {"script":"<script> [5351 bytes]","args":[{"element-6066-11e4-a52e-4f735466cecf":"f.19D3A8A536C023AFD4E776B255E62FBE.d.7F06655705E5902D8183A00BBA0CD8C6.e.12315","ELEMENT":"f.19D3A8A536C023AFD4E776B255E62FBE.d.7F06655705E5902D8183A00BBA0CD8C6.e.12315"}]}
COMMAND: POST /session/799be37928140a71a03c3bbe373ba355/element/f.19D3A8A536C023AFD4E776B255E62FBE.d.7F06655705E5902D8183A00BBA0CD8C6.e.12315/click - {}
COMMAND: GET /session/799be37928140a71a03c3bbe373ba355/screenshot - {}
RESULT: {}
RESULT: {}
COMMAND: GET /session/799be37928140a71a03c3bbe373ba355/screenshot - {}
RESULT: {}
RESULT: {}
COMMAND: POST /session/799be37928140a71a03c3bbe373ba355/element - {"using":"xpath","value":"//span[contains(@id ,\"AddNewHO--typeSelect-arrow\")]"}
RESULT: {"using":"xpath","value":"//span[contains(@id ,\"AddNewHO--typeSelect-arrow\")]"}
COMMAND: POST /session/799be37928140a71a03c3bbe373ba355/element/f.19D3A8A536C023AFD4E776B255E62FBE.d.7F06655705E5902D8183A00BBA0CD8C6.e.12659/click - {}
RESULT: {}
COMMAND: GET /session/799be37928140a71a03c3bbe373ba355/screenshot - {}
RESULT: {}
COMMAND: POST /session/799be37928140a71a03c3bbe373ba355/element - {"using":"xpath","value":"(//li[contains(text(), \"stock increase yard\")])[1]"}
RESULT: {"using":"xpath","value":"(//li[contains(text(), \"stock increase yard\")])[1]"}
COMMAND: POST /session/799be37928140a71a03c3bbe373ba355/element/f.19D3A8A536C023AFD4E776B255E62FBE.d.7F06655705E5902D8183A00BBA0CD8C6.e.12660/click - {}
RESULT: {}
COMMAND: GET /session/799be37928140a71a03c3bbe373ba355/screenshot - {}
RESULT: {}
COMMAND: POST /session/799be37928140a71a03c3bbe373ba355/execute/async - {"script":"<script> [1562 bytes]","args":[{"selector":{"id":"application-managehandovers-display-component---AddNewHO--dueDate","interaction":{"idSuffix":"inner"}},"wdio_ui5_key":"applicationmanagehandovers-display-component---AddNewHO--dueDate"}]}
RESULT: {"script":"<script> [1562 bytes]","args":[{"selector":{"id":"application-managehandovers-display-component---AddNewHO--dueDate","interaction":{"idSuffix":"inner"}},"wdio_ui5_key":"applicationmanagehandovers-display-component---AddNewHO--dueDate"}]}
RESULT: undefined
COMMAND: POST /session/799be37928140a71a03c3bbe373ba355/execute/async - {"script":"<script> [6424 bytes]","args":[{"element-6066-11e4-a52e-4f735466cecf":"f.19D3A8A536C023AFD4E776B255E62FBE.d.7F06655705E5902D8183A00BBA0CD8C6.e.12662"},"setValue",["04/19/2025"]]}
RESULT: {"script":"<script> [6424 bytes]","args":[{"element-6066-11e4-a52e-4f735466cecf":"f.19D3A8A536C023AFD4E776B255E62FBE.d.7F06655705E5902D8183A00BBA0CD8C6.e.12662"},"setValue",["04/19/2025"]]}
COMMAND: POST /session/799be37928140a71a03c3bbe373ba355/element - {"using":"xpath","value":"//input[@id=\"generalSectionFrg--receiveYard-inner\"]"}
RESULT: {"using":"xpath","value":"//input[@id=\"generalSectionFrg--receiveYard-inner\"]"}
COMMAND: POST /session/799be37928140a71a03c3bbe373ba355/element/f.19D3A8A536C023AFD4E776B255E62FBE.d.7F06655705E5902D8183A00BBA0CD8C6.e.12668/clear - {}
RESULT: {}
COMMAND: POST /session/799be37928140a71a03c3bbe373ba355/element/f.19D3A8A536C023AFD4E776B255E62FBE.d.7F06655705E5902D8183A00BBA0CD8C6.e.12668/value - {"text":"594"}
COMMAND: GET /session/799be37928140a71a03c3bbe373ba355/screenshot - {}
RESULT: {"text":"594"}
COMMAND: GET /session/799be37928140a71a03c3bbe373ba355/screenshot - {}
RESULT: {}
RESULT: {}
COMMAND: POST /session/799be37928140a71a03c3bbe373ba355/element - {"using":"xpath","value":"//li[.//span[text()='594']]"}
RESULT: {"using":"xpath","value":"//li[.//span[text()='594']]"}
COMMAND: POST /session/799be37928140a71a03c3bbe373ba355/element/f.19D3A8A536C023AFD4E776B255E62FBE.d.7F06655705E5902D8183A00BBA0CD8C6.e.12685/click - {}
RESULT: {}
COMMAND: GET /session/799be37928140a71a03c3bbe373ba355/screenshot - {}
RESULT: {}
COMMAND: POST /session/799be37928140a71a03c3bbe373ba355/execute/async - {"script":"<script> [1562 bytes]","args":[{"selector":{"id":"application-managehandovers-display-component---AddNewHO--ObjectPageLayout-anchBar-application-managehandovers-display-component---AddNewHO--section4-anchor","interaction":{"idSuffix":"BDI-content"}},"wdio_ui5_key":"applicationmanagehandovers-display-component---AddNewHO--ObjectPageLayout-anchBar-application-managehandovers-display-component---AddNewHO--section4-anchor"}]}
RESULT: {"script":"<script> [1562 bytes]","args":[{"selector":{"id":"application-managehandovers-display-component---AddNewHO--ObjectPageLayout-anchBar-application-managehandovers-display-component---AddNewHO--section4-anchor","interaction":{"idSuffix":"BDI-content"}},"wdio_ui5_key":"applicationmanagehandovers-display-component---AddNewHO--ObjectPageLayout-anchBar-application-managehandovers-display-component---AddNewHO--section4-anchor"}]}
RESULT: undefined
COMMAND: POST /session/799be37928140a71a03c3bbe373ba355/element - {"using":"xpath","value":"//*[@id=\"application-managehandovers-display-component---AddNewHO--ObjectPageLayout-anchBar-application-managehandovers-display-component---AddNewHO--section4-anchor\"]"}
RESULT: {"using":"xpath","value":"//*[@id=\"application-managehandovers-display-component---AddNewHO--ObjectPageLayout-anchBar-application-managehandovers-display-component---AddNewHO--section4-anchor\"]"}
COMMAND: POST /session/799be37928140a71a03c3bbe373ba355/element/f.19D3A8A536C023AFD4E776B255E62FBE.d.7F06655705E5902D8183A00BBA0CD8C6.e.12687/click - {}
RESULT: {}
COMMAND: POST /session/799be37928140a71a03c3bbe373ba355/element - {"using":"xpath","value":"//button[@aria-label=\"Add\"]"}
COMMAND: GET /session/799be37928140a71a03c3bbe373ba355/screenshot - {}
RESULT: {"using":"xpath","value":"//button[@aria-label=\"Add\"]"}
COMMAND: POST /session/799be37928140a71a03c3bbe373ba355/element/f.19D3A8A536C023AFD4E776B255E62FBE.d.7F06655705E5902D8183A00BBA0CD8C6.e.12689/click - {}
RESULT: {}
RESULT: {}
COMMAND: GET /session/799be37928140a71a03c3bbe373ba355/screenshot - {}
RESULT: {}
COMMAND: POST /session/799be37928140a71a03c3bbe373ba355/execute/async - {"script":"<script> [1562 bytes]","args":[{"selector":{"id":"application-managehandovers-display-component---AddNewHO--smartFilterBar-btnBasicSearch","searchOpenDialogs":true,"interaction":{"idSuffix":"I"}},"wdio_ui5_key":"applicationmanagehandovers-display-component---AddNewHO--smartFilterBar-btnBasicSearch"}]}
RESULT: {"script":"<script> [1562 bytes]","args":[{"selector":{"id":"application-managehandovers-display-component---AddNewHO--smartFilterBar-btnBasicSearch","searchOpenDialogs":true,"interaction":{"idSuffix":"I"}},"wdio_ui5_key":"applicationmanagehandovers-display-component---AddNewHO--smartFilterBar-btnBasicSearch"}]}
RESULT: undefined
COMMAND: POST /session/799be37928140a71a03c3bbe373ba355/execute/async - {"script":"<script> [776 bytes]","args":[{"enterText":"Z5F6PRTuH8","selector":{"id":"application-managehandovers-display-component---AddNewHO--smartFilterBar-btnBasicSearch","searchOpenDialogs":true,"interaction":{"idSuffix":"I"}},"clearTextFirst":true,"interactionType":"ENTER_TEXT"}]}
RESULT: {"script":"<script> [776 bytes]","args":[{"enterText":"Z5F6PRTuH8","selector":{"id":"application-managehandovers-display-component---AddNewHO--smartFilterBar-btnBasicSearch","searchOpenDialogs":true,"interaction":{"idSuffix":"I"}},"clearTextFirst":true,"interactionType":"ENTER_TEXT"}]}
COMMAND: POST /session/799be37928140a71a03c3bbe373ba355/actions - {"actions":[{"id":"action42","type":"key","parameters":{},"actions":[{"type":"keyDown","value":""},{"type":"pause","duration":10},{"type":"keyUp","value":""}]}]}
RESULT: {"actions":[{"id":"action42","type":"key","parameters":{},"actions":[{"type":"keyDown","value":""},{"type":"pause","duration":10},{"type":"keyUp","value":""}]}]}
COMMAND: GET /session/799be37928140a71a03c3bbe373ba355/screenshot - {}
RESULT: {}
COMMAND: POST /session/799be37928140a71a03c3bbe373ba355/execute/async - {"script":"<script> [1562 bytes]","args":[{"selector":{"id":"application-managehandovers-display-component---AddNewHO--popup-sa","searchOpenDialogs":true,"interaction":{"idSuffix":"CbBg"}},"wdio_ui5_key":"applicationmanagehandovers-display-component---AddNewHO--popup-sa"}]}
RESULT: {"script":"<script> [1562 bytes]","args":[{"selector":{"id":"application-managehandovers-display-component---AddNewHO--popup-sa","searchOpenDialogs":true,"interaction":{"idSuffix":"CbBg"}},"wdio_ui5_key":"applicationmanagehandovers-display-component---AddNewHO--popup-sa"}]}
RESULT: undefined
COMMAND: POST /session/799be37928140a71a03c3bbe373ba355/element - {"using":"xpath","value":"//*[@id=\"application-managehandovers-display-component---AddNewHO--popup-sa\"]"}
RESULT: {"using":"xpath","value":"//*[@id=\"application-managehandovers-display-component---AddNewHO--popup-sa\"]"}
COMMAND: POST /session/799be37928140a71a03c3bbe373ba355/element/f.19D3A8A536C023AFD4E776B255E62FBE.d.7F06655705E5902D8183A00BBA0CD8C6.e.12843/click - {}
RESULT: {}
COMMAND: GET /session/799be37928140a71a03c3bbe373ba355/screenshot - {}
RESULT: {}
COMMAND: POST /session/799be37928140a71a03c3bbe373ba355/element - {"using":"xpath","value":"//bdi[contains(text(), \"Select\")]"}
RESULT: {"using":"xpath","value":"//bdi[contains(text(), \"Select\")]"}
COMMAND: POST /session/799be37928140a71a03c3bbe373ba355/element/f.19D3A8A536C023AFD4E776B255E62FBE.d.7F06655705E5902D8183A00BBA0CD8C6.e.12844/click - {}
RESULT: {}
COMMAND: GET /session/799be37928140a71a03c3bbe373ba355/screenshot - {}
RESULT: {}
COMMAND: POST /session/799be37928140a71a03c3bbe373ba355/element - {"using":"xpath","value":"//button[@data-kt=\"AddNewHOSaveButton\"]"}
RESULT: {"using":"xpath","value":"//button[@data-kt=\"AddNewHOSaveButton\"]"}
COMMAND: POST /session/799be37928140a71a03c3bbe373ba355/element/f.19D3A8A536C023AFD4E776B255E62FBE.d.7F06655705E5902D8183A00BBA0CD8C6.e.12848/click - {}
RESULT: {}
COMMAND: GET /session/799be37928140a71a03c3bbe373ba355/screenshot - {}
COMMAND: POST /session/799be37928140a71a03c3bbe373ba355/execute/async - {"script":"<script> [1562 bytes]","args":[{"selector":{"id":"receiptDatePicker","viewName":"etm.portal.ui.managehandovers.view.DetailExecuteHO","interaction":{"idSuffix":"inner"}},"wdio_ui5_key":"receiptDatePickeretmportal.ui.managehandovers.view.DetailExecuteHO"}]}
RESULT: {}
RESULT: {"script":"<script> [1562 bytes]","args":[{"selector":{"id":"receiptDatePicker","viewName":"etm.portal.ui.managehandovers.view.DetailExecuteHO","interaction":{"idSuffix":"inner"}},"wdio_ui5_key":"receiptDatePickeretmportal.ui.managehandovers.view.DetailExecuteHO"}]}
RESULT: undefined
COMMAND: POST /session/799be37928140a71a03c3bbe373ba355/execute/async - {"script":"<script> [6424 bytes]","args":[{"element-6066-11e4-a52e-4f735466cecf":"f.19D3A8A536C023AFD4E776B255E62FBE.d.7F06655705E5902D8183A00BBA0CD8C6.e.12876"},"setValue",["04/19/2025"]]}
RESULT: {"script":"<script> [6424 bytes]","args":[{"element-6066-11e4-a52e-4f735466cecf":"f.19D3A8A536C023AFD4E776B255E62FBE.d.7F06655705E5902D8183A00BBA0CD8C6.e.12876"},"setValue",["04/19/2025"]]}
COMMAND: POST /session/799be37928140a71a03c3bbe373ba355/element - {"using":"xpath","value":"//button[@data-kt=\"PickingTableConfirmAllButton\"]"}
RESULT: {"using":"xpath","value":"//button[@data-kt=\"PickingTableConfirmAllButton\"]"}
COMMAND: POST /session/799be37928140a71a03c3bbe373ba355/element/f.19D3A8A536C023AFD4E776B255E62FBE.d.7F06655705E5902D8183A00BBA0CD8C6.e.12892/click - {}
RESULT: {}
COMMAND: GET /session/799be37928140a71a03c3bbe373ba355/screenshot - {}
RESULT: {}
COMMAND: POST /session/799be37928140a71a03c3bbe373ba355/element - {"using":"xpath","value":"//bdi[contains(text(), \"OK\")]"}
RESULT: {"using":"xpath","value":"//bdi[contains(text(), \"OK\")]"}
COMMAND: POST /session/799be37928140a71a03c3bbe373ba355/element/f.19D3A8A536C023AFD4E776B255E62FBE.d.7F06655705E5902D8183A00BBA0CD8C6.e.12894/click - {}
RESULT: {}
COMMAND: GET /session/799be37928140a71a03c3bbe373ba355/screenshot - {}
RESULT: {}
COMMAND: POST /session/799be37928140a71a03c3bbe373ba355/element - {"using":"xpath","value":"(//bdi[contains(text(), \"Receive\")])[2]"}
RESULT: {"using":"xpath","value":"(//bdi[contains(text(), \"Receive\")])[2]"}
COMMAND: POST /session/799be37928140a71a03c3bbe373ba355/element/f.19D3A8A536C023AFD4E776B255E62FBE.d.7F06655705E5902D8183A00BBA0CD8C6.e.12896/click - {}
RESULT: {}
COMMAND: GET /session/799be37928140a71a03c3bbe373ba355/screenshot - {}
RESULT: {}
COMMAND: POST /session/799be37928140a71a03c3bbe373ba355/element - {"using":"css selector","value":"#shell-header-logo"}
RESULT: {"using":"css selector","value":"#shell-header-logo"}
COMMAND: POST /session/799be37928140a71a03c3bbe373ba355/element/f.19D3A8A536C023AFD4E776B255E62FBE.d.7F06655705E5902D8183A00BBA0CD8C6.e.12276/click - {}
RESULT: {}
COMMAND: GET /session/799be37928140a71a03c3bbe373ba355/screenshot - {}
RESULT: {}
]]></system-out>
    </testcase>
    <testcase classname="chrome.135_0_7049_42.windows.Create_master_data_for_mixed_billing_&amp;_do_billing_calculation_US151661" name="Should create a new contract" time="51.094">
      <system-out><![CDATA[
COMMAND: POST /session/799be37928140a71a03c3bbe373ba355/execute/async - {"script":"<script> [1562 bytes]","args":[{"selector":{"controlType":"sap.m.Text","viewName":"etm.portal.ui.managecontractstile.view.Master","properties":{"text":"Manage Contracts"},"interaction":{"idSuffix":"inner"}},"wdio_ui5_key":"etmportal.ui.managecontractstile.view.Mastersap.m.Text{\"text\":\"Manage Contracts\"}"}]}
RESULT: {"script":"<script> [1562 bytes]","args":[{"selector":{"controlType":"sap.m.Text","viewName":"etm.portal.ui.managecontractstile.view.Master","properties":{"text":"Manage Contracts"},"interaction":{"idSuffix":"inner"}},"wdio_ui5_key":"etmportal.ui.managecontractstile.view.Mastersap.m.Text{\"text\":\"Manage Contracts\"}"}]}
RESULT: undefined
COMMAND: POST /session/799be37928140a71a03c3bbe373ba355/element - {"using":"xpath","value":"//*[@id=\"__tile132-title\"]"}
RESULT: {"using":"xpath","value":"//*[@id=\"__tile132-title\"]"}
COMMAND: POST /session/799be37928140a71a03c3bbe373ba355/element/f.19D3A8A536C023AFD4E776B255E62FBE.d.7F06655705E5902D8183A00BBA0CD8C6.e.13068/click - {}
RESULT: {}
COMMAND: GET /session/799be37928140a71a03c3bbe373ba355/screenshot - {}
RESULT: {}
COMMAND: POST /session/799be37928140a71a03c3bbe373ba355/element - {"using":"xpath","value":"//button[@data-kt=\"addButton\"]"}
RESULT: undefined
RESULT: undefined
RESULT: {"using":"xpath","value":"//button[@data-kt=\"addButton\"]"}
COMMAND: POST /session/799be37928140a71a03c3bbe373ba355/elements - {"using":"xpath","value":"//button[@data-kt=\"addButton\"]"}
RESULT: {"using":"xpath","value":"//button[@data-kt=\"addButton\"]"}
COMMAND: POST /session/799be37928140a71a03c3bbe373ba355/elements - {"using":"xpath","value":"//button[@data-kt=\"addButton\"]"}
RESULT: {"using":"xpath","value":"//button[@data-kt=\"addButton\"]"}
COMMAND: POST /session/799be37928140a71a03c3bbe373ba355/element - {"using":"xpath","value":"//button[@data-kt=\"addButton\"]"}
RESULT: {"using":"xpath","value":"//button[@data-kt=\"addButton\"]"}
COMMAND: POST /session/799be37928140a71a03c3bbe373ba355/execute/sync - {"script":"<script> [8489 bytes]","args":[{"element-6066-11e4-a52e-4f735466cecf":"f.19D3A8A536C023AFD4E776B255E62FBE.d.7F06655705E5902D8183A00BBA0CD8C6.e.13148","ELEMENT":"f.19D3A8A536C023AFD4E776B255E62FBE.d.7F06655705E5902D8183A00BBA0CD8C6.e.13148"}]}
RESULT: {"script":"<script> [8489 bytes]","args":[{"element-6066-11e4-a52e-4f735466cecf":"f.19D3A8A536C023AFD4E776B255E62FBE.d.7F06655705E5902D8183A00BBA0CD8C6.e.13148","ELEMENT":"f.19D3A8A536C023AFD4E776B255E62FBE.d.7F06655705E5902D8183A00BBA0CD8C6.e.13148"}]}
COMMAND: GET /session/799be37928140a71a03c3bbe373ba355/element/f.19D3A8A536C023AFD4E776B255E62FBE.d.7F06655705E5902D8183A00BBA0CD8C6.e.13148/enabled - {}
COMMAND: GET /session/799be37928140a71a03c3bbe373ba355/screenshot - {}
RESULT: {}
COMMAND: POST /session/799be37928140a71a03c3bbe373ba355/execute/sync - {"script":"<script> [8489 bytes]","args":[{"element-6066-11e4-a52e-4f735466cecf":"f.19D3A8A536C023AFD4E776B255E62FBE.d.7F06655705E5902D8183A00BBA0CD8C6.e.13148","ELEMENT":"f.19D3A8A536C023AFD4E776B255E62FBE.d.7F06655705E5902D8183A00BBA0CD8C6.e.13148"}]}
COMMAND: GET /session/799be37928140a71a03c3bbe373ba355/screenshot - {}
RESULT: {}
RESULT: {"script":"<script> [8489 bytes]","args":[{"element-6066-11e4-a52e-4f735466cecf":"f.19D3A8A536C023AFD4E776B255E62FBE.d.7F06655705E5902D8183A00BBA0CD8C6.e.13148","ELEMENT":"f.19D3A8A536C023AFD4E776B255E62FBE.d.7F06655705E5902D8183A00BBA0CD8C6.e.13148"}]}
COMMAND: POST /session/799be37928140a71a03c3bbe373ba355/execute/sync - {"script":"<script> [5351 bytes]","args":[{"element-6066-11e4-a52e-4f735466cecf":"f.19D3A8A536C023AFD4E776B255E62FBE.d.7F06655705E5902D8183A00BBA0CD8C6.e.13148","ELEMENT":"f.19D3A8A536C023AFD4E776B255E62FBE.d.7F06655705E5902D8183A00BBA0CD8C6.e.13148"}]}
COMMAND: GET /session/799be37928140a71a03c3bbe373ba355/screenshot - {}
RESULT: {}
RESULT: {"script":"<script> [5351 bytes]","args":[{"element-6066-11e4-a52e-4f735466cecf":"f.19D3A8A536C023AFD4E776B255E62FBE.d.7F06655705E5902D8183A00BBA0CD8C6.e.13148","ELEMENT":"f.19D3A8A536C023AFD4E776B255E62FBE.d.7F06655705E5902D8183A00BBA0CD8C6.e.13148"}]}
COMMAND: GET /session/799be37928140a71a03c3bbe373ba355/screenshot - {}
RESULT: {}
RESULT: {}
COMMAND: POST /session/799be37928140a71a03c3bbe373ba355/element/f.19D3A8A536C023AFD4E776B255E62FBE.d.7F06655705E5902D8183A00BBA0CD8C6.e.13148/click - {}
RESULT: {}
COMMAND: GET /session/799be37928140a71a03c3bbe373ba355/screenshot - {}
COMMAND: POST /session/799be37928140a71a03c3bbe373ba355/execute/async - {"script":"<script> [1562 bytes]","args":[{"selector":{"id":"application-managecontracts-display-component---AddNewContract--projectDescription","interaction":{"idSuffix":"inner"}},"wdio_ui5_key":"applicationmanagecontracts-display-component---AddNewContract--projectDescription"}]}
RESULT: {}
RESULT: {"script":"<script> [1562 bytes]","args":[{"selector":{"id":"application-managecontracts-display-component---AddNewContract--projectDescription","interaction":{"idSuffix":"inner"}},"wdio_ui5_key":"applicationmanagecontracts-display-component---AddNewContract--projectDescription"}]}
RESULT: undefined
COMMAND: POST /session/799be37928140a71a03c3bbe373ba355/execute/async - {"script":"<script> [776 bytes]","args":[{"enterText":"Mixed Contract WDIO","selector":{"id":"application-managecontracts-display-component---AddNewContract--projectDescription","interaction":{"idSuffix":"inner"}},"clearTextFirst":true,"interactionType":"ENTER_TEXT"}]}
RESULT: {"script":"<script> [776 bytes]","args":[{"enterText":"Mixed Contract WDIO","selector":{"id":"application-managecontracts-display-component---AddNewContract--projectDescription","interaction":{"idSuffix":"inner"}},"clearTextFirst":true,"interactionType":"ENTER_TEXT"}]}
COMMAND: POST /session/799be37928140a71a03c3bbe373ba355/element - {"using":"xpath","value":"//input[@id=\"application-managecontracts-display-component---AddNewContract--site-inner\"]"}
RESULT: {"using":"xpath","value":"//input[@id=\"application-managecontracts-display-component---AddNewContract--site-inner\"]"}
COMMAND: POST /session/799be37928140a71a03c3bbe373ba355/element/f.19D3A8A536C023AFD4E776B255E62FBE.d.7F06655705E5902D8183A00BBA0CD8C6.e.13439/clear - {}
RESULT: {}
COMMAND: POST /session/799be37928140a71a03c3bbe373ba355/element/f.19D3A8A536C023AFD4E776B255E62FBE.d.7F06655705E5902D8183A00BBA0CD8C6.e.13439/value - {"text":"2407"}
COMMAND: GET /session/799be37928140a71a03c3bbe373ba355/screenshot - {}
RESULT: {"text":"2407"}
COMMAND: GET /session/799be37928140a71a03c3bbe373ba355/screenshot - {}
RESULT: {}
RESULT: {}
COMMAND: POST /session/799be37928140a71a03c3bbe373ba355/element - {"using":"xpath","value":"//li[.//span[text()='2407']]"}
RESULT: {"using":"xpath","value":"//li[.//span[text()='2407']]"}
COMMAND: POST /session/799be37928140a71a03c3bbe373ba355/element/f.19D3A8A536C023AFD4E776B255E62FBE.d.7F06655705E5902D8183A00BBA0CD8C6.e.13464/click - {}
RESULT: {}
COMMAND: GET /session/799be37928140a71a03c3bbe373ba355/screenshot - {}
RESULT: {}
COMMAND: POST /session/799be37928140a71a03c3bbe373ba355/element - {"using":"xpath","value":"//input[@id=\"application-managecontracts-display-component---AddNewContract--yardId-inner\"]"}
RESULT: {"using":"xpath","value":"//input[@id=\"application-managecontracts-display-component---AddNewContract--yardId-inner\"]"}
COMMAND: GET /session/799be37928140a71a03c3bbe373ba355/element/f.19D3A8A536C023AFD4E776B255E62FBE.d.7F06655705E5902D8183A00BBA0CD8C6.e.13440/property/value - {}
RESULT: {}
COMMAND: POST /session/799be37928140a71a03c3bbe373ba355/element - {"using":"xpath","value":"//input[@id=\"application-managecontracts-display-component---AddNewContract--customerSelect-inner\"]"}
COMMAND: GET /session/799be37928140a71a03c3bbe373ba355/screenshot - {}
RESULT: {"using":"xpath","value":"//input[@id=\"application-managecontracts-display-component---AddNewContract--customerSelect-inner\"]"}
COMMAND: POST /session/799be37928140a71a03c3bbe373ba355/element/f.19D3A8A536C023AFD4E776B255E62FBE.d.7F06655705E5902D8183A00BBA0CD8C6.e.13438/clear - {}
RESULT: {}
RESULT: {}
COMMAND: POST /session/799be37928140a71a03c3bbe373ba355/element/f.19D3A8A536C023AFD4E776B255E62FBE.d.7F06655705E5902D8183A00BBA0CD8C6.e.13438/value - {"text":"1449"}
COMMAND: GET /session/799be37928140a71a03c3bbe373ba355/screenshot - {}
RESULT: {"text":"1449"}
COMMAND: GET /session/799be37928140a71a03c3bbe373ba355/screenshot - {}
RESULT: {}
RESULT: {}
COMMAND: POST /session/799be37928140a71a03c3bbe373ba355/element - {"using":"xpath","value":"//li[.//span[text()='1449']]"}
RESULT: {"using":"xpath","value":"//li[.//span[text()='1449']]"}
COMMAND: POST /session/799be37928140a71a03c3bbe373ba355/element/f.19D3A8A536C023AFD4E776B255E62FBE.d.7F06655705E5902D8183A00BBA0CD8C6.e.13467/click - {}
RESULT: {}
COMMAND: GET /session/799be37928140a71a03c3bbe373ba355/screenshot - {}
RESULT: {}
COMMAND: POST /session/799be37928140a71a03c3bbe373ba355/element - {"using":"xpath","value":"//button[@data-kt=\"saveButton\"]"}
RESULT: {"using":"xpath","value":"//button[@data-kt=\"saveButton\"]"}
COMMAND: POST /session/799be37928140a71a03c3bbe373ba355/element/f.19D3A8A536C023AFD4E776B255E62FBE.d.7F06655705E5902D8183A00BBA0CD8C6.e.13457/click - {}
RESULT: {}
COMMAND: GET /session/799be37928140a71a03c3bbe373ba355/screenshot - {}
RESULT: {}
COMMAND: POST /session/799be37928140a71a03c3bbe373ba355/element - {"using":"xpath","value":"//span[contains(@id ,\"contractDetailTitleNoExpanded\")]"}
RESULT: {"using":"xpath","value":"//span[contains(@id ,\"contractDetailTitleNoExpanded\")]"}
COMMAND: POST /session/799be37928140a71a03c3bbe373ba355/elements - {"using":"xpath","value":"//span[contains(@id ,\"contractDetailTitleNoExpanded\")]"}
RESULT: {"using":"xpath","value":"//span[contains(@id ,\"contractDetailTitleNoExpanded\")]"}
COMMAND: POST /session/799be37928140a71a03c3bbe373ba355/execute/sync - {"script":"<script> [56 bytes]","args":[{"element-6066-11e4-a52e-4f735466cecf":"f.19D3A8A536C023AFD4E776B255E62FBE.d.7F06655705E5902D8183A00BBA0CD8C6.e.13538","ELEMENT":"f.19D3A8A536C023AFD4E776B255E62FBE.d.7F06655705E5902D8183A00BBA0CD8C6.e.13538"}]}
RESULT: {"script":"<script> [56 bytes]","args":[{"element-6066-11e4-a52e-4f735466cecf":"f.19D3A8A536C023AFD4E776B255E62FBE.d.7F06655705E5902D8183A00BBA0CD8C6.e.13538","ELEMENT":"f.19D3A8A536C023AFD4E776B255E62FBE.d.7F06655705E5902D8183A00BBA0CD8C6.e.13538"}]}
COMMAND: GET /session/799be37928140a71a03c3bbe373ba355/screenshot - {}
RESULT: {}
]]></system-out>
    </testcase>
    <testcase classname="chrome.135_0_7049_42.windows.Create_master_data_for_mixed_billing_&amp;_do_billing_calculation_US151661" name="Should add equipment to the contract" time="42.091">
      <system-out><![CDATA[
COMMAND: POST /session/799be37928140a71a03c3bbe373ba355/element - {"using":"xpath","value":"//button[@data-kt=\"contractDetailEditBtnButton\"]"}
RESULT: {"using":"xpath","value":"//button[@data-kt=\"contractDetailEditBtnButton\"]"}
COMMAND: POST /session/799be37928140a71a03c3bbe373ba355/element/f.19D3A8A536C023AFD4E776B255E62FBE.d.7F06655705E5902D8183A00BBA0CD8C6.e.13540/click - {}
RESULT: {}
COMMAND: GET /session/799be37928140a71a03c3bbe373ba355/screenshot - {}
RESULT: {}
COMMAND: POST /session/799be37928140a71a03c3bbe373ba355/element - {"using":"xpath","value":"(//span[contains(text(), \"Additional Addresses\")])[2]"}
RESULT: {"using":"xpath","value":"(//span[contains(text(), \"Additional Addresses\")])[2]"}
COMMAND: POST /session/799be37928140a71a03c3bbe373ba355/element/f.19D3A8A536C023AFD4E776B255E62FBE.d.7F06655705E5902D8183A00BBA0CD8C6.e.13594/click - {}
RESULT: {}
COMMAND: GET /session/799be37928140a71a03c3bbe373ba355/screenshot - {}
RESULT: {}
COMMAND: POST /session/799be37928140a71a03c3bbe373ba355/element - {"using":"xpath","value":"//button[@data-kt=\"btnAddTableRowOverflowToolbarButton\"]"}
RESULT: {"using":"xpath","value":"//button[@data-kt=\"btnAddTableRowOverflowToolbarButton\"]"}
COMMAND: POST /session/799be37928140a71a03c3bbe373ba355/element/f.19D3A8A536C023AFD4E776B255E62FBE.d.7F06655705E5902D8183A00BBA0CD8C6.e.13598/click - {}
RESULT: {}
COMMAND: GET /session/799be37928140a71a03c3bbe373ba355/screenshot - {}
RESULT: {}
COMMAND: POST /session/799be37928140a71a03c3bbe373ba355/element - {"using":"xpath","value":"//div[(text() = 'Standard Entry' or . = 'Standard Entry')]"}
RESULT: {"using":"xpath","value":"//div[(text() = 'Standard Entry' or . = 'Standard Entry')]"}
COMMAND: POST /session/799be37928140a71a03c3bbe373ba355/element/f.19D3A8A536C023AFD4E776B255E62FBE.d.7F06655705E5902D8183A00BBA0CD8C6.e.13600/click - {}
RESULT: {}
COMMAND: GET /session/799be37928140a71a03c3bbe373ba355/screenshot - {}
RESULT: {}
COMMAND: POST /session/799be37928140a71a03c3bbe373ba355/element - {"using":"xpath","value":"//td[7]/div/div/input"}
RESULT: {"using":"xpath","value":"//td[7]/div/div/input"}
COMMAND: POST /session/799be37928140a71a03c3bbe373ba355/element/f.19D3A8A536C023AFD4E776B255E62FBE.d.7F06655705E5902D8183A00BBA0CD8C6.e.13609/clear - {}
RESULT: {}
COMMAND: POST /session/799be37928140a71a03c3bbe373ba355/element/f.19D3A8A536C023AFD4E776B255E62FBE.d.7F06655705E5902D8183A00BBA0CD8C6.e.13609/value - {"text":"Z5F6PRTuH8"}
COMMAND: GET /session/799be37928140a71a03c3bbe373ba355/screenshot - {}
RESULT: {"text":"Z5F6PRTuH8"}
COMMAND: GET /session/799be37928140a71a03c3bbe373ba355/screenshot - {}
RESULT: {}
RESULT: {}
COMMAND: POST /session/799be37928140a71a03c3bbe373ba355/actions - {"actions":[{"id":"action43","type":"key","parameters":{},"actions":[{"type":"keyDown","value":""},{"type":"pause","duration":10},{"type":"keyUp","value":""}]}]}
RESULT: {"actions":[{"id":"action43","type":"key","parameters":{},"actions":[{"type":"keyDown","value":""},{"type":"pause","duration":10},{"type":"keyUp","value":""}]}]}
COMMAND: GET /session/799be37928140a71a03c3bbe373ba355/screenshot - {}
RESULT: {}
COMMAND: POST /session/799be37928140a71a03c3bbe373ba355/element - {"using":"xpath","value":"(//button[@data-kt=\"saveButton\"])[2]"}
RESULT: {"using":"xpath","value":"(//button[@data-kt=\"saveButton\"])[2]"}
COMMAND: POST /session/799be37928140a71a03c3bbe373ba355/element/f.19D3A8A536C023AFD4E776B255E62FBE.d.7F06655705E5902D8183A00BBA0CD8C6.e.13624/click - {}
RESULT: {}
COMMAND: GET /session/799be37928140a71a03c3bbe373ba355/screenshot - {}
RESULT: {}
COMMAND: POST /session/799be37928140a71a03c3bbe373ba355/element - {"using":"xpath","value":"//span[contains(@id ,\"contractItemsSmartTable-header-inner\")]"}
RESULT: {"using":"xpath","value":"//span[contains(@id ,\"contractItemsSmartTable-header-inner\")]"}
COMMAND: POST /session/799be37928140a71a03c3bbe373ba355/elements - {"using":"xpath","value":"//span[contains(@id ,\"contractItemsSmartTable-header-inner\")]"}
RESULT: {"using":"xpath","value":"//span[contains(@id ,\"contractItemsSmartTable-header-inner\")]"}
COMMAND: POST /session/799be37928140a71a03c3bbe373ba355/execute/sync - {"script":"<script> [56 bytes]","args":[{"element-6066-11e4-a52e-4f735466cecf":"f.19D3A8A536C023AFD4E776B255E62FBE.d.7F06655705E5902D8183A00BBA0CD8C6.e.13630","ELEMENT":"f.19D3A8A536C023AFD4E776B255E62FBE.d.7F06655705E5902D8183A00BBA0CD8C6.e.13630"}]}
RESULT: {"script":"<script> [56 bytes]","args":[{"element-6066-11e4-a52e-4f735466cecf":"f.19D3A8A536C023AFD4E776B255E62FBE.d.7F06655705E5902D8183A00BBA0CD8C6.e.13630","ELEMENT":"f.19D3A8A536C023AFD4E776B255E62FBE.d.7F06655705E5902D8183A00BBA0CD8C6.e.13630"}]}
COMMAND: GET /session/799be37928140a71a03c3bbe373ba355/screenshot - {}
]]></system-out>
    </testcase>
    <testcase classname="chrome.135_0_7049_42.windows.Create_master_data_for_mixed_billing_&amp;_do_billing_calculation_US151661" name="Should do a provide to site handover" time="57.534">
      <system-out><![CDATA[
COMMAND: POST /session/799be37928140a71a03c3bbe373ba355/element - {"using":"xpath","value":"//button[@data-kt=\"provideButton\"]"}
RESULT: {}
RESULT: {"using":"xpath","value":"//button[@data-kt=\"provideButton\"]"}
COMMAND: POST /session/799be37928140a71a03c3bbe373ba355/element/f.19D3A8A536C023AFD4E776B255E62FBE.d.7F06655705E5902D8183A00BBA0CD8C6.e.13632/click - {}
RESULT: {}
COMMAND: GET /session/799be37928140a71a03c3bbe373ba355/screenshot - {}
RESULT: {}
RESULT: undefined
COMMAND: POST /session/799be37928140a71a03c3bbe373ba355/execute/async - {"script":"<script> [6424 bytes]","args":[{"element-6066-11e4-a52e-4f735466cecf":"f.19D3A8A536C023AFD4E776B255E62FBE.d.7F06655705E5902D8183A00BBA0CD8C6.e.12662"},"setValue",["04/19/2025"]]}
COMMAND: POST /session/799be37928140a71a03c3bbe373ba355/execute/async - {"script":"<script> [1562 bytes]","args":[{"selector":{"id":"application-managehandovers-display-component---AddNewHO--dueDate","interaction":{"idSuffix":"inner"}},"wdio_ui5_key":"applicationmanagehandovers-display-component---AddNewHO--dueDate"}]}
RESULT: {"script":"<script> [1562 bytes]","args":[{"selector":{"id":"application-managehandovers-display-component---AddNewHO--dueDate","interaction":{"idSuffix":"inner"}},"wdio_ui5_key":"applicationmanagehandovers-display-component---AddNewHO--dueDate"}]}
COMMAND: POST /session/799be37928140a71a03c3bbe373ba355/execute/async - {"script":"<script> [6424 bytes]","args":[{"element-6066-11e4-a52e-4f735466cecf":"f.19D3A8A536C023AFD4E776B255E62FBE.d.7F06655705E5902D8183A00BBA0CD8C6.e.13685"},"setValue",["04/19/2025"]]}
RESULT: {"script":"<script> [6424 bytes]","args":[{"element-6066-11e4-a52e-4f735466cecf":"f.19D3A8A536C023AFD4E776B255E62FBE.d.7F06655705E5902D8183A00BBA0CD8C6.e.13685"},"setValue",["04/19/2025"]]}
COMMAND: POST /session/799be37928140a71a03c3bbe373ba355/element - {"using":"xpath","value":"//bdi[contains(text(), \"Instructions\")]"}
RESULT: {"using":"xpath","value":"//bdi[contains(text(), \"Instructions\")]"}
COMMAND: POST /session/799be37928140a71a03c3bbe373ba355/element/f.19D3A8A536C023AFD4E776B255E62FBE.d.7F06655705E5902D8183A00BBA0CD8C6.e.13941/click - {}
RESULT: {}
COMMAND: GET /session/799be37928140a71a03c3bbe373ba355/screenshot - {}
RESULT: {}
COMMAND: POST /session/799be37928140a71a03c3bbe373ba355/element - {"using":"xpath","value":"//button[@data-kt=\"AddNewHOProvideAddItemsButton\"]"}
RESULT: {"using":"xpath","value":"//button[@data-kt=\"AddNewHOProvideAddItemsButton\"]"}
COMMAND: POST /session/799be37928140a71a03c3bbe373ba355/element/f.19D3A8A536C023AFD4E776B255E62FBE.d.7F06655705E5902D8183A00BBA0CD8C6.e.13945/click - {}
RESULT: {}
COMMAND: GET /session/799be37928140a71a03c3bbe373ba355/screenshot - {}
RESULT: {}
RESULT: undefined
COMMAND: POST /session/799be37928140a71a03c3bbe373ba355/element - {"using":"xpath","value":"//*[@id=\"application-managehandovers-display-component---AddNewHO--popup-sa\"]"}
RESULT: {"using":"xpath","value":"//*[@id=\"application-managehandovers-display-component---AddNewHO--popup-sa\"]"}
COMMAND: POST /session/799be37928140a71a03c3bbe373ba355/element/f.19D3A8A536C023AFD4E776B255E62FBE.d.7F06655705E5902D8183A00BBA0CD8C6.e.13956/click - {}
RESULT: {}
COMMAND: GET /session/799be37928140a71a03c3bbe373ba355/screenshot - {}
RESULT: {}
COMMAND: POST /session/799be37928140a71a03c3bbe373ba355/element - {"using":"xpath","value":"//*[contains(@id ,\"BDI-content\")][contains(text(), \"Select\")]"}
RESULT: {"using":"xpath","value":"//*[contains(@id ,\"BDI-content\")][contains(text(), \"Select\")]"}
COMMAND: POST /session/799be37928140a71a03c3bbe373ba355/element/f.19D3A8A536C023AFD4E776B255E62FBE.d.7F06655705E5902D8183A00BBA0CD8C6.e.13958/click - {}
RESULT: {}
COMMAND: GET /session/799be37928140a71a03c3bbe373ba355/screenshot - {}
RESULT: {}
COMMAND: POST /session/799be37928140a71a03c3bbe373ba355/execute/async - {"script":"<script> [1562 bytes]","args":[{"selector":{"id":"application-managehandovers-display-component---AddNewHO--confirmCreationButton","interaction":{"idSuffix":"BDI-content"}},"wdio_ui5_key":"applicationmanagehandovers-display-component---AddNewHO--confirmCreationButton"}]}
RESULT: {"script":"<script> [1562 bytes]","args":[{"selector":{"id":"application-managehandovers-display-component---AddNewHO--confirmCreationButton","interaction":{"idSuffix":"BDI-content"}},"wdio_ui5_key":"applicationmanagehandovers-display-component---AddNewHO--confirmCreationButton"}]}
RESULT: undefined
COMMAND: POST /session/799be37928140a71a03c3bbe373ba355/element - {"using":"xpath","value":"//*[@id=\"application-managehandovers-display-component---AddNewHO--confirmCreationButton\"]"}
RESULT: {"using":"xpath","value":"//*[@id=\"application-managehandovers-display-component---AddNewHO--confirmCreationButton\"]"}
COMMAND: POST /session/799be37928140a71a03c3bbe373ba355/element/f.19D3A8A536C023AFD4E776B255E62FBE.d.7F06655705E5902D8183A00BBA0CD8C6.e.13749/click - {}
RESULT: {}
COMMAND: GET /session/799be37928140a71a03c3bbe373ba355/screenshot - {}
RESULT: {}
COMMAND: POST /session/799be37928140a71a03c3bbe373ba355/element - {"using":"xpath","value":"//button[@data-kt=\"PickingTableConfirmAllButton\"]"}
RESULT: {"using":"xpath","value":"//button[@data-kt=\"PickingTableConfirmAllButton\"]"}
COMMAND: POST /session/799be37928140a71a03c3bbe373ba355/element/f.19D3A8A536C023AFD4E776B255E62FBE.d.7F06655705E5902D8183A00BBA0CD8C6.e.13997/click - {}
COMMAND: POST /session/799be37928140a71a03c3bbe373ba355/element - {"using":"xpath","value":"//button[@data-kt=\"PickingTableConfirmAllButton\"]"}
RESULT: {"using":"xpath","value":"//button[@data-kt=\"PickingTableConfirmAllButton\"]"}
COMMAND: POST /session/799be37928140a71a03c3bbe373ba355/element/f.19D3A8A536C023AFD4E776B255E62FBE.d.7F06655705E5902D8183A00BBA0CD8C6.e.13997/click - {}
COMMAND: POST /session/799be37928140a71a03c3bbe373ba355/element - {"using":"xpath","value":"//button[@data-kt=\"PickingTableConfirmAllButton\"]"}
RESULT: {"using":"xpath","value":"//button[@data-kt=\"PickingTableConfirmAllButton\"]"}
COMMAND: POST /session/799be37928140a71a03c3bbe373ba355/element/f.19D3A8A536C023AFD4E776B255E62FBE.d.7F06655705E5902D8183A00BBA0CD8C6.e.14011/click - {}
RESULT: {}
COMMAND: GET /session/799be37928140a71a03c3bbe373ba355/screenshot - {}
RESULT: {}
COMMAND: POST /session/799be37928140a71a03c3bbe373ba355/element - {"using":"xpath","value":"//bdi[contains(text(), \"OK\")]"}
RESULT: {"using":"xpath","value":"//bdi[contains(text(), \"OK\")]"}
COMMAND: POST /session/799be37928140a71a03c3bbe373ba355/element/f.19D3A8A536C023AFD4E776B255E62FBE.d.7F06655705E5902D8183A00BBA0CD8C6.e.14022/click - {}
RESULT: {}
COMMAND: GET /session/799be37928140a71a03c3bbe373ba355/screenshot - {}
RESULT: {}
COMMAND: POST /session/799be37928140a71a03c3bbe373ba355/element - {"using":"xpath","value":"//bdi[contains(text(), \"Ok\")]"}
RESULT: {"using":"xpath","value":"//bdi[contains(text(), \"Ok\")]"}
COMMAND: POST /session/799be37928140a71a03c3bbe373ba355/element/f.19D3A8A536C023AFD4E776B255E62FBE.d.7F06655705E5902D8183A00BBA0CD8C6.e.14030/click - {}
RESULT: {}
COMMAND: GET /session/799be37928140a71a03c3bbe373ba355/screenshot - {}
RESULT: {}
COMMAND: POST /session/799be37928140a71a03c3bbe373ba355/element - {"using":"xpath","value":"//bdi[contains(text(), \"Issue\")]"}
RESULT: {"using":"xpath","value":"//bdi[contains(text(), \"Issue\")]"}
COMMAND: POST /session/799be37928140a71a03c3bbe373ba355/element/f.19D3A8A536C023AFD4E776B255E62FBE.d.7F06655705E5902D8183A00BBA0CD8C6.e.14032/click - {}
RESULT: {}
COMMAND: GET /session/799be37928140a71a03c3bbe373ba355/screenshot - {}
RESULT: {}
COMMAND: POST /session/799be37928140a71a03c3bbe373ba355/element - {"using":"css selector","value":"#shell-header-logo"}
RESULT: {"using":"css selector","value":"#shell-header-logo"}
COMMAND: POST /session/799be37928140a71a03c3bbe373ba355/element/f.19D3A8A536C023AFD4E776B255E62FBE.d.7F06655705E5902D8183A00BBA0CD8C6.e.13084/click - {}
RESULT: {}
COMMAND: GET /session/799be37928140a71a03c3bbe373ba355/screenshot - {}
RESULT: {}
]]></system-out>
    </testcase>
    <testcase classname="chrome.135_0_7049_42.windows.Create_master_data_for_mixed_billing_&amp;_do_billing_calculation_US151661" name="Should create a few performance documents" time="99.327">
      <system-out><![CDATA[
COMMAND: POST /session/799be37928140a71a03c3bbe373ba355/window/fullscreen - {}
RESULT: {}
COMMAND: POST /session/799be37928140a71a03c3bbe373ba355/execute/async - {"script":"<script> [1562 bytes]","args":[{"selector":{"controlType":"sap.m.GenericTile","properties":{"header":"Manage States & Performance"}},"wdio_ui5_key":"sapm.GenericTile{\"header\":\"Manage States & Performance\"}"}]}
RESULT: {"script":"<script> [1562 bytes]","args":[{"selector":{"controlType":"sap.m.GenericTile","properties":{"header":"Manage States & Performance"}},"wdio_ui5_key":"sapm.GenericTile{\"header\":\"Manage States & Performance\"}"}]}
RESULT: undefined
COMMAND: POST /session/799be37928140a71a03c3bbe373ba355/element - {"using":"xpath","value":"//*[@id=\"__tile56\"]"}
RESULT: {"using":"xpath","value":"//*[@id=\"__tile56\"]"}
COMMAND: POST /session/799be37928140a71a03c3bbe373ba355/element/f.19D3A8A536C023AFD4E776B255E62FBE.d.7F06655705E5902D8183A00BBA0CD8C6.e.6729/click - {}
RESULT: {}
COMMAND: POST /session/799be37928140a71a03c3bbe373ba355/execute/async - {"script":"<script> [1562 bytes]","args":[{"selector":{"id":"application-managestatesandperformance-display-component---stateAndPerform--smartFilterBarResources-btnBasicSearch","interaction":{"idSuffix":"I"}},"wdio_ui5_key":"applicationmanagestatesandperformance-display-component---stateAndPerform--smartFilterBarResources-btnBasicSearch"}]}
COMMAND: GET /session/799be37928140a71a03c3bbe373ba355/screenshot - {}
RESULT: {"script":"<script> [1562 bytes]","args":[{"selector":{"id":"application-managestatesandperformance-display-component---stateAndPerform--smartFilterBarResources-btnBasicSearch","interaction":{"idSuffix":"I"}},"wdio_ui5_key":"applicationmanagestatesandperformance-display-component---stateAndPerform--smartFilterBarResources-btnBasicSearch"}]}
RESULT: undefined
COMMAND: POST /session/799be37928140a71a03c3bbe373ba355/execute/async - {"script":"<script> [776 bytes]","args":[{"enterText":"Z5F6PRTuH8","selector":{"id":"application-managestatesandperformance-display-component---stateAndPerform--smartFilterBarResources-btnBasicSearch","interaction":{"idSuffix":"I"}},"clearTextFirst":true,"interactionType":"ENTER_TEXT"}]}
RESULT: {}
RESULT: {"script":"<script> [776 bytes]","args":[{"enterText":"Z5F6PRTuH8","selector":{"id":"application-managestatesandperformance-display-component---stateAndPerform--smartFilterBarResources-btnBasicSearch","interaction":{"idSuffix":"I"}},"clearTextFirst":true,"interactionType":"ENTER_TEXT"}]}
COMMAND: POST /session/799be37928140a71a03c3bbe373ba355/actions - {"actions":[{"id":"action44","type":"key","parameters":{},"actions":[{"type":"keyDown","value":""},{"type":"pause","duration":10},{"type":"keyUp","value":""}]}]}
RESULT: {"actions":[{"id":"action44","type":"key","parameters":{},"actions":[{"type":"keyDown","value":""},{"type":"pause","duration":10},{"type":"keyUp","value":""}]}]}
COMMAND: GET /session/799be37928140a71a03c3bbe373ba355/screenshot - {}
RESULT: {}
COMMAND: POST /session/799be37928140a71a03c3bbe373ba355/execute/async - {"script":"<script> [1562 bytes]","args":[{"selector":{"id":"application-managestatesandperformance-display-component---stateAndPerform--stateAndPerformResourcesSmartTable-header"},"wdio_ui5_key":"applicationmanagestatesandperformance-display-component---stateAndPerform--stateAndPerformResourcesSmartTable-header"}]}
RESULT: {"script":"<script> [1562 bytes]","args":[{"selector":{"id":"application-managestatesandperformance-display-component---stateAndPerform--stateAndPerformResourcesSmartTable-header"},"wdio_ui5_key":"applicationmanagestatesandperformance-display-component---stateAndPerform--stateAndPerformResourcesSmartTable-header"}]}
RESULT: undefined
COMMAND: POST /session/799be37928140a71a03c3bbe373ba355/execute/async - {"script":"<script> [6424 bytes]","args":[{"element-6066-11e4-a52e-4f735466cecf":"f.19D3A8A536C023AFD4E776B255E62FBE.d.7F06655705E5902D8183A00BBA0CD8C6.e.14313"},"getText",[]]}
RESULT: {"script":"<script> [6424 bytes]","args":[{"element-6066-11e4-a52e-4f735466cecf":"f.19D3A8A536C023AFD4E776B255E62FBE.d.7F06655705E5902D8183A00BBA0CD8C6.e.14313"},"getText",[]]}
COMMAND: POST /session/799be37928140a71a03c3bbe373ba355/execute/async - {"script":"<script> [1562 bytes]","args":[{"selector":{"controlType":"sap.ui.core.Icon","viewName":"etm.portal.ui.managestatesandperformance.view.Master","viewId":"application-managestatesandperformance-display-component---stateAndPerform","properties":{"src":{"regex":{"source":"slim\\-arrow\\-right"}}}},"wdio_ui5_key":"etmportal.ui.managestatesandperformance.view.Mastersap.ui.core.Icon{\"src\":{\"regex\":{\"source\":\"slim\\\\-arrow\\\\-right\"}}}"}]}
RESULT: {"script":"<script> [1562 bytes]","args":[{"selector":{"controlType":"sap.ui.core.Icon","viewName":"etm.portal.ui.managestatesandperformance.view.Master","viewId":"application-managestatesandperformance-display-component---stateAndPerform","properties":{"src":{"regex":{"source":"slim\\-arrow\\-right"}}}},"wdio_ui5_key":"etmportal.ui.managestatesandperformance.view.Mastersap.ui.core.Icon{\"src\":{\"regex\":{\"source\":\"slim\\\\-arrow\\\\-right\"}}}"}]}
RESULT: undefined
COMMAND: POST /session/799be37928140a71a03c3bbe373ba355/element - {"using":"xpath","value":"//*[@id=\"__item4834-__clone18208-imgNav\"]"}
RESULT: {"using":"xpath","value":"//*[@id=\"__item4834-__clone18208-imgNav\"]"}
COMMAND: POST /session/799be37928140a71a03c3bbe373ba355/element/f.19D3A8A536C023AFD4E776B255E62FBE.d.7F06655705E5902D8183A00BBA0CD8C6.e.14312/click - {}
RESULT: {}
COMMAND: GET /session/799be37928140a71a03c3bbe373ba355/screenshot - {}
RESULT: {}
COMMAND: POST /session/799be37928140a71a03c3bbe373ba355/execute/async - {"script":"<script> [1562 bytes]","args":[{"selector":{"controlType":"sap.m.Button","viewName":"etm.portal.ui.managestatesandperformance.view.Detail","viewId":"application-managestatesandperformance-display-component---detailStateAndPerform","properties":{"text":"Performance Documents"}},"wdio_ui5_key":"etmportal.ui.managestatesandperformance.view.Detailsap.m.Button{\"text\":\"Performance Documents\"}"}]}
RESULT: {"script":"<script> [1562 bytes]","args":[{"selector":{"controlType":"sap.m.Button","viewName":"etm.portal.ui.managestatesandperformance.view.Detail","viewId":"application-managestatesandperformance-display-component---detailStateAndPerform","properties":{"text":"Performance Documents"}},"wdio_ui5_key":"etmportal.ui.managestatesandperformance.view.Detailsap.m.Button{\"text\":\"Performance Documents\"}"}]}
RESULT: undefined
COMMAND: POST /session/799be37928140a71a03c3bbe373ba355/element - {"using":"xpath","value":"//*[@id=\"__item4857-button\"]"}
RESULT: {"using":"xpath","value":"//*[@id=\"__item4857-button\"]"}
COMMAND: POST /session/799be37928140a71a03c3bbe373ba355/element/f.19D3A8A536C023AFD4E776B255E62FBE.d.7F06655705E5902D8183A00BBA0CD8C6.e.14358/click - {}
RESULT: {}
COMMAND: POST /session/799be37928140a71a03c3bbe373ba355/execute/async - {"script":"<script> [1562 bytes]","args":[{"selector":{"controlType":"sap.m.Button","viewName":"etm.portal.ui.managestatesandperformance.view.Detail","viewId":"application-managestatesandperformance-display-component---detailStateAndPerform","i18NText":{"propertyName":"text","key":"createPerformanceDoc"},"interaction":{"idSuffix":"BDI-content"}},"wdio_ui5_key":"etmportal.ui.managestatesandperformance.view.Detailsap.m.Button{\"propertyName\":\"text\",\"key\":\"createPerformanceDoc\"}"}]}
COMMAND: GET /session/799be37928140a71a03c3bbe373ba355/screenshot - {}
RESULT: {"script":"<script> [1562 bytes]","args":[{"selector":{"controlType":"sap.m.Button","viewName":"etm.portal.ui.managestatesandperformance.view.Detail","viewId":"application-managestatesandperformance-display-component---detailStateAndPerform","i18NText":{"propertyName":"text","key":"createPerformanceDoc"},"interaction":{"idSuffix":"BDI-content"}},"wdio_ui5_key":"etmportal.ui.managestatesandperformance.view.Detailsap.m.Button{\"propertyName\":\"text\",\"key\":\"createPerformanceDoc\"}"}]}
RESULT: undefined
COMMAND: POST /session/799be37928140a71a03c3bbe373ba355/element - {"using":"xpath","value":"//*[@id=\"__button557\"]"}
RESULT: {}
RESULT: {"using":"xpath","value":"//*[@id=\"__button557\"]"}
COMMAND: POST /session/799be37928140a71a03c3bbe373ba355/element/f.19D3A8A536C023AFD4E776B255E62FBE.d.7F06655705E5902D8183A00BBA0CD8C6.e.14362/click - {}
RESULT: {}
COMMAND: POST /session/799be37928140a71a03c3bbe373ba355/execute/async - {"script":"<script> [1562 bytes]","args":[{"selector":{"id":"application-managestatesandperformance-display-component---detailStateAndPerform--perfDocDatePicker","searchOpenDialogs":true,"interaction":{"idSuffix":"inner"}},"wdio_ui5_key":"applicationmanagestatesandperformance-display-component---detailStateAndPerform--perfDocDatePicker"}]}
COMMAND: GET /session/799be37928140a71a03c3bbe373ba355/screenshot - {}
RESULT: {"script":"<script> [1562 bytes]","args":[{"selector":{"id":"application-managestatesandperformance-display-component---detailStateAndPerform--perfDocDatePicker","searchOpenDialogs":true,"interaction":{"idSuffix":"inner"}},"wdio_ui5_key":"applicationmanagestatesandperformance-display-component---detailStateAndPerform--perfDocDatePicker"}]}
RESULT: undefined
COMMAND: POST /session/799be37928140a71a03c3bbe373ba355/execute/async - {"script":"<script> [776 bytes]","args":[{"enterText":"04/21/25","selector":{"id":"application-managestatesandperformance-display-component---detailStateAndPerform--perfDocDatePicker","searchOpenDialogs":true,"interaction":{"idSuffix":"inner"}},"clearTextFirst":true,"interactionType":"ENTER_TEXT"}]}
RESULT: {}
RESULT: {"script":"<script> [776 bytes]","args":[{"enterText":"04/21/25","selector":{"id":"application-managestatesandperformance-display-component---detailStateAndPerform--perfDocDatePicker","searchOpenDialogs":true,"interaction":{"idSuffix":"inner"}},"clearTextFirst":true,"interactionType":"ENTER_TEXT"}]}
COMMAND: POST /session/799be37928140a71a03c3bbe373ba355/execute/async - {"script":"<script> [1562 bytes]","args":[{"selector":{"id":"application-managestatesandperformance-display-component---detailStateAndPerform--counterValue-input","searchOpenDialogs":true,"interaction":{"idSuffix":"inner"}},"wdio_ui5_key":"applicationmanagestatesandperformance-display-component---detailStateAndPerform--counterValue-input"}]}
RESULT: {"script":"<script> [1562 bytes]","args":[{"selector":{"id":"application-managestatesandperformance-display-component---detailStateAndPerform--counterValue-input","searchOpenDialogs":true,"interaction":{"idSuffix":"inner"}},"wdio_ui5_key":"applicationmanagestatesandperformance-display-component---detailStateAndPerform--counterValue-input"}]}
RESULT: undefined
COMMAND: POST /session/799be37928140a71a03c3bbe373ba355/execute/async - {"script":"<script> [776 bytes]","args":[{"enterText":"15.00","selector":{"id":"application-managestatesandperformance-display-component---detailStateAndPerform--counterValue-input","searchOpenDialogs":true,"interaction":{"idSuffix":"inner"}},"clearTextFirst":true,"interactionType":"ENTER_TEXT"}]}
RESULT: {"script":"<script> [776 bytes]","args":[{"enterText":"15.00","selector":{"id":"application-managestatesandperformance-display-component---detailStateAndPerform--counterValue-input","searchOpenDialogs":true,"interaction":{"idSuffix":"inner"}},"clearTextFirst":true,"interactionType":"ENTER_TEXT"}]}
COMMAND: POST /session/799be37928140a71a03c3bbe373ba355/execute/async - {"script":"<script> [1562 bytes]","args":[{"selector":{"controlType":"sap.m.Button","viewName":"etm.portal.ui.managestatesandperformance.view.Detail","viewId":"application-managestatesandperformance-display-component---detailStateAndPerform","bindingPath":{"path":"","propertyPath":"/allowAddEdit","modelName":"oScreenModel"},"searchOpenDialogs":true,"interaction":{"idSuffix":"BDI-content"}},"wdio_ui5_key":"etmportal.ui.managestatesandperformance.view.Detailsap.m.Button{\"path\":\"\",\"propertyPath\":\"/allowAddEdit\",\"modelName\":\"oScreenModel\"}"}]}
RESULT: {"script":"<script> [1562 bytes]","args":[{"selector":{"controlType":"sap.m.Button","viewName":"etm.portal.ui.managestatesandperformance.view.Detail","viewId":"application-managestatesandperformance-display-component---detailStateAndPerform","bindingPath":{"path":"","propertyPath":"/allowAddEdit","modelName":"oScreenModel"},"searchOpenDialogs":true,"interaction":{"idSuffix":"BDI-content"}},"wdio_ui5_key":"etmportal.ui.managestatesandperformance.view.Detailsap.m.Button{\"path\":\"\",\"propertyPath\":\"/allowAddEdit\",\"modelName\":\"oScreenModel\"}"}]}
RESULT: undefined
COMMAND: POST /session/799be37928140a71a03c3bbe373ba355/element - {"using":"xpath","value":"//*[@id=\"__button564\"]"}
RESULT: {"using":"xpath","value":"//*[@id=\"__button564\"]"}
COMMAND: POST /session/799be37928140a71a03c3bbe373ba355/element/f.19D3A8A536C023AFD4E776B255E62FBE.d.7F06655705E5902D8183A00BBA0CD8C6.e.14383/click - {}
RESULT: {}
RESULT: undefined
COMMAND: POST /session/799be37928140a71a03c3bbe373ba355/element - {"using":"xpath","value":"//*[@id=\"__button557\"]"}
COMMAND: GET /session/799be37928140a71a03c3bbe373ba355/screenshot - {}
RESULT: {"using":"xpath","value":"//*[@id=\"__button557\"]"}
COMMAND: POST /session/799be37928140a71a03c3bbe373ba355/element/f.19D3A8A536C023AFD4E776B255E62FBE.d.7F06655705E5902D8183A00BBA0CD8C6.e.14362/click - {}
RESULT: {}
RESULT: {}
RESULT: undefined
COMMAND: POST /session/799be37928140a71a03c3bbe373ba355/execute/async - {"script":"<script> [776 bytes]","args":[{"enterText":"04/25/25","selector":{"id":"application-managestatesandperformance-display-component---detailStateAndPerform--perfDocDatePicker","searchOpenDialogs":true,"interaction":{"idSuffix":"inner"}},"clearTextFirst":true,"interactionType":"ENTER_TEXT"}]}
COMMAND: GET /session/799be37928140a71a03c3bbe373ba355/screenshot - {}
RESULT: {"script":"<script> [776 bytes]","args":[{"enterText":"04/25/25","selector":{"id":"application-managestatesandperformance-display-component---detailStateAndPerform--perfDocDatePicker","searchOpenDialogs":true,"interaction":{"idSuffix":"inner"}},"clearTextFirst":true,"interactionType":"ENTER_TEXT"}]}
RESULT: undefined
COMMAND: POST /session/799be37928140a71a03c3bbe373ba355/execute/async - {"script":"<script> [776 bytes]","args":[{"enterText":"20.00","selector":{"id":"application-managestatesandperformance-display-component---detailStateAndPerform--counterValue-input","searchOpenDialogs":true,"interaction":{"idSuffix":"inner"}},"clearTextFirst":true,"interactionType":"ENTER_TEXT"}]}
RESULT: {}
RESULT: {"script":"<script> [776 bytes]","args":[{"enterText":"20.00","selector":{"id":"application-managestatesandperformance-display-component---detailStateAndPerform--counterValue-input","searchOpenDialogs":true,"interaction":{"idSuffix":"inner"}},"clearTextFirst":true,"interactionType":"ENTER_TEXT"}]}
COMMAND: POST /session/799be37928140a71a03c3bbe373ba355/actions - {"actions":[{"id":"action45","type":"key","parameters":{},"actions":[{"type":"keyDown","value":""},{"type":"keyDown","value":""},{"type":"pause","duration":10},{"type":"keyUp","value":""},{"type":"keyUp","value":""}]}]}
RESULT: {"actions":[{"id":"action45","type":"key","parameters":{},"actions":[{"type":"keyDown","value":""},{"type":"keyDown","value":""},{"type":"pause","duration":10},{"type":"keyUp","value":""},{"type":"keyUp","value":""}]}]}
COMMAND: POST /session/799be37928140a71a03c3bbe373ba355/actions - {"actions":[{"id":"action46","type":"key","parameters":{},"actions":[{"type":"keyDown","value":""},{"type":"pause","duration":10},{"type":"keyUp","value":""}]}]}
COMMAND: GET /session/799be37928140a71a03c3bbe373ba355/screenshot - {}
RESULT: {"actions":[{"id":"action46","type":"key","parameters":{},"actions":[{"type":"keyDown","value":""},{"type":"pause","duration":10},{"type":"keyUp","value":""}]}]}
RESULT: undefined
COMMAND: POST /session/799be37928140a71a03c3bbe373ba355/element - {"using":"xpath","value":"//*[@id=\"__button564\"]"}
COMMAND: GET /session/799be37928140a71a03c3bbe373ba355/screenshot - {}
RESULT: {}
RESULT: {"using":"xpath","value":"//*[@id=\"__button564\"]"}
COMMAND: POST /session/799be37928140a71a03c3bbe373ba355/elements - {"using":"xpath","value":"//*[@id=\"__button564\"]"}
RESULT: {}
RESULT: {"using":"xpath","value":"//*[@id=\"__button564\"]"}
COMMAND: POST /session/799be37928140a71a03c3bbe373ba355/elements - {"using":"xpath","value":"//*[@id=\"__button564\"]"}
RESULT: {"using":"xpath","value":"//*[@id=\"__button564\"]"}
COMMAND: POST /session/799be37928140a71a03c3bbe373ba355/elements - {"using":"xpath","value":"//*[@id=\"__button564\"]"}
RESULT: {"using":"xpath","value":"//*[@id=\"__button564\"]"}
COMMAND: POST /session/799be37928140a71a03c3bbe373ba355/elements - {"using":"xpath","value":"//*[@id=\"__button564\"]"}
RESULT: {"using":"xpath","value":"//*[@id=\"__button564\"]"}
COMMAND: POST /session/799be37928140a71a03c3bbe373ba355/elements - {"using":"xpath","value":"//*[@id=\"__button564\"]"}
RESULT: {"using":"xpath","value":"//*[@id=\"__button564\"]"}
COMMAND: POST /session/799be37928140a71a03c3bbe373ba355/elements - {"using":"xpath","value":"//*[@id=\"__button564\"]"}
RESULT: {"using":"xpath","value":"//*[@id=\"__button564\"]"}
COMMAND: POST /session/799be37928140a71a03c3bbe373ba355/elements - {"using":"xpath","value":"//*[@id=\"__button564\"]"}
RESULT: {"using":"xpath","value":"//*[@id=\"__button564\"]"}
COMMAND: POST /session/799be37928140a71a03c3bbe373ba355/elements - {"using":"xpath","value":"//*[@id=\"__button564\"]"}
RESULT: {"using":"xpath","value":"//*[@id=\"__button564\"]"}
COMMAND: POST /session/799be37928140a71a03c3bbe373ba355/elements - {"using":"xpath","value":"//*[@id=\"__button564\"]"}
RESULT: {"using":"xpath","value":"//*[@id=\"__button564\"]"}
COMMAND: POST /session/799be37928140a71a03c3bbe373ba355/elements - {"using":"xpath","value":"//*[@id=\"__button564\"]"}
RESULT: {"using":"xpath","value":"//*[@id=\"__button564\"]"}
COMMAND: POST /session/799be37928140a71a03c3bbe373ba355/elements - {"using":"xpath","value":"//*[@id=\"__button564\"]"}
RESULT: {"using":"xpath","value":"//*[@id=\"__button564\"]"}
COMMAND: POST /session/799be37928140a71a03c3bbe373ba355/elements - {"using":"xpath","value":"//*[@id=\"__button564\"]"}
RESULT: {"using":"xpath","value":"//*[@id=\"__button564\"]"}
COMMAND: POST /session/799be37928140a71a03c3bbe373ba355/elements - {"using":"xpath","value":"//*[@id=\"__button564\"]"}
RESULT: {"using":"xpath","value":"//*[@id=\"__button564\"]"}
COMMAND: POST /session/799be37928140a71a03c3bbe373ba355/elements - {"using":"xpath","value":"//*[@id=\"__button564\"]"}
RESULT: {"using":"xpath","value":"//*[@id=\"__button564\"]"}
COMMAND: POST /session/799be37928140a71a03c3bbe373ba355/elements - {"using":"xpath","value":"//*[@id=\"__button564\"]"}
RESULT: {"using":"xpath","value":"//*[@id=\"__button564\"]"}
COMMAND: POST /session/799be37928140a71a03c3bbe373ba355/elements - {"using":"xpath","value":"//*[@id=\"__button564\"]"}
RESULT: {"using":"xpath","value":"//*[@id=\"__button564\"]"}
COMMAND: POST /session/799be37928140a71a03c3bbe373ba355/elements - {"using":"xpath","value":"//*[@id=\"__button564\"]"}
RESULT: {"using":"xpath","value":"//*[@id=\"__button564\"]"}
COMMAND: POST /session/799be37928140a71a03c3bbe373ba355/elements - {"using":"xpath","value":"//*[@id=\"__button564\"]"}
RESULT: {"using":"xpath","value":"//*[@id=\"__button564\"]"}
COMMAND: POST /session/799be37928140a71a03c3bbe373ba355/elements - {"using":"xpath","value":"//*[@id=\"__button564\"]"}
RESULT: {"using":"xpath","value":"//*[@id=\"__button564\"]"}
COMMAND: POST /session/799be37928140a71a03c3bbe373ba355/elements - {"using":"xpath","value":"//*[@id=\"__button564\"]"}
RESULT: {"using":"xpath","value":"//*[@id=\"__button564\"]"}
COMMAND: POST /session/799be37928140a71a03c3bbe373ba355/elements - {"using":"xpath","value":"//*[@id=\"__button564\"]"}
RESULT: {"using":"xpath","value":"//*[@id=\"__button564\"]"}
COMMAND: POST /session/799be37928140a71a03c3bbe373ba355/elements - {"using":"xpath","value":"//*[@id=\"__button564\"]"}
RESULT: {"using":"xpath","value":"//*[@id=\"__button564\"]"}
COMMAND: POST /session/799be37928140a71a03c3bbe373ba355/elements - {"using":"xpath","value":"//*[@id=\"__button564\"]"}
RESULT: {"using":"xpath","value":"//*[@id=\"__button564\"]"}
COMMAND: POST /session/799be37928140a71a03c3bbe373ba355/elements - {"using":"xpath","value":"//*[@id=\"__button564\"]"}
RESULT: {"using":"xpath","value":"//*[@id=\"__button564\"]"}
COMMAND: POST /session/799be37928140a71a03c3bbe373ba355/elements - {"using":"xpath","value":"//*[@id=\"__button564\"]"}
RESULT: {"using":"xpath","value":"//*[@id=\"__button564\"]"}
COMMAND: POST /session/799be37928140a71a03c3bbe373ba355/elements - {"using":"xpath","value":"//*[@id=\"__button564\"]"}
RESULT: {"using":"xpath","value":"//*[@id=\"__button564\"]"}
COMMAND: POST /session/799be37928140a71a03c3bbe373ba355/elements - {"using":"xpath","value":"//*[@id=\"__button564\"]"}
RESULT: {"using":"xpath","value":"//*[@id=\"__button564\"]"}
COMMAND: POST /session/799be37928140a71a03c3bbe373ba355/elements - {"using":"xpath","value":"//*[@id=\"__button564\"]"}
RESULT: {"using":"xpath","value":"//*[@id=\"__button564\"]"}
COMMAND: POST /session/799be37928140a71a03c3bbe373ba355/elements - {"using":"xpath","value":"//*[@id=\"__button564\"]"}
RESULT: {"using":"xpath","value":"//*[@id=\"__button564\"]"}
COMMAND: POST /session/799be37928140a71a03c3bbe373ba355/elements - {"using":"xpath","value":"//*[@id=\"__button564\"]"}
RESULT: {"using":"xpath","value":"//*[@id=\"__button564\"]"}
COMMAND: POST /session/799be37928140a71a03c3bbe373ba355/elements - {"using":"xpath","value":"//*[@id=\"__button564\"]"}
RESULT: {"using":"xpath","value":"//*[@id=\"__button564\"]"}
COMMAND: POST /session/799be37928140a71a03c3bbe373ba355/elements - {"using":"xpath","value":"//*[@id=\"__button564\"]"}
RESULT: {"using":"xpath","value":"//*[@id=\"__button564\"]"}
COMMAND: POST /session/799be37928140a71a03c3bbe373ba355/elements - {"using":"xpath","value":"//*[@id=\"__button564\"]"}
RESULT: {"using":"xpath","value":"//*[@id=\"__button564\"]"}
COMMAND: POST /session/799be37928140a71a03c3bbe373ba355/elements - {"using":"xpath","value":"//*[@id=\"__button564\"]"}
RESULT: {"using":"xpath","value":"//*[@id=\"__button564\"]"}
COMMAND: POST /session/799be37928140a71a03c3bbe373ba355/elements - {"using":"xpath","value":"//*[@id=\"__button564\"]"}
RESULT: {"using":"xpath","value":"//*[@id=\"__button564\"]"}
COMMAND: POST /session/799be37928140a71a03c3bbe373ba355/elements - {"using":"xpath","value":"//*[@id=\"__button564\"]"}
RESULT: {"using":"xpath","value":"//*[@id=\"__button564\"]"}
COMMAND: POST /session/799be37928140a71a03c3bbe373ba355/elements - {"using":"xpath","value":"//*[@id=\"__button564\"]"}
RESULT: {"using":"xpath","value":"//*[@id=\"__button564\"]"}
COMMAND: POST /session/799be37928140a71a03c3bbe373ba355/elements - {"using":"xpath","value":"//*[@id=\"__button564\"]"}
RESULT: {"using":"xpath","value":"//*[@id=\"__button564\"]"}
COMMAND: POST /session/799be37928140a71a03c3bbe373ba355/elements - {"using":"xpath","value":"//*[@id=\"__button564\"]"}
RESULT: {"using":"xpath","value":"//*[@id=\"__button564\"]"}
COMMAND: POST /session/799be37928140a71a03c3bbe373ba355/elements - {"using":"xpath","value":"//*[@id=\"__button564\"]"}
RESULT: {"using":"xpath","value":"//*[@id=\"__button564\"]"}
COMMAND: POST /session/799be37928140a71a03c3bbe373ba355/elements - {"using":"xpath","value":"//*[@id=\"__button564\"]"}
RESULT: {"using":"xpath","value":"//*[@id=\"__button564\"]"}
COMMAND: POST /session/799be37928140a71a03c3bbe373ba355/elements - {"using":"xpath","value":"//*[@id=\"__button564\"]"}
RESULT: {"using":"xpath","value":"//*[@id=\"__button564\"]"}
COMMAND: POST /session/799be37928140a71a03c3bbe373ba355/elements - {"using":"xpath","value":"//*[@id=\"__button564\"]"}
RESULT: {"using":"xpath","value":"//*[@id=\"__button564\"]"}
COMMAND: POST /session/799be37928140a71a03c3bbe373ba355/elements - {"using":"xpath","value":"//*[@id=\"__button564\"]"}
RESULT: {"using":"xpath","value":"//*[@id=\"__button564\"]"}
COMMAND: POST /session/799be37928140a71a03c3bbe373ba355/elements - {"using":"xpath","value":"//*[@id=\"__button564\"]"}
RESULT: {"using":"xpath","value":"//*[@id=\"__button564\"]"}
COMMAND: POST /session/799be37928140a71a03c3bbe373ba355/elements - {"using":"xpath","value":"//*[@id=\"__button564\"]"}
RESULT: {"using":"xpath","value":"//*[@id=\"__button564\"]"}
COMMAND: POST /session/799be37928140a71a03c3bbe373ba355/elements - {"using":"xpath","value":"//*[@id=\"__button564\"]"}
RESULT: {"using":"xpath","value":"//*[@id=\"__button564\"]"}
COMMAND: POST /session/799be37928140a71a03c3bbe373ba355/elements - {"using":"xpath","value":"//*[@id=\"__button564\"]"}
RESULT: {"using":"xpath","value":"//*[@id=\"__button564\"]"}
COMMAND: POST /session/799be37928140a71a03c3bbe373ba355/elements - {"using":"xpath","value":"//*[@id=\"__button564\"]"}
RESULT: {"using":"xpath","value":"//*[@id=\"__button564\"]"}
COMMAND: POST /session/799be37928140a71a03c3bbe373ba355/elements - {"using":"xpath","value":"//*[@id=\"__button564\"]"}
RESULT: {"using":"xpath","value":"//*[@id=\"__button564\"]"}
COMMAND: POST /session/799be37928140a71a03c3bbe373ba355/elements - {"using":"xpath","value":"//*[@id=\"__button564\"]"}
RESULT: {"using":"xpath","value":"//*[@id=\"__button564\"]"}
COMMAND: POST /session/799be37928140a71a03c3bbe373ba355/elements - {"using":"xpath","value":"//*[@id=\"__button564\"]"}
RESULT: {"using":"xpath","value":"//*[@id=\"__button564\"]"}
COMMAND: POST /session/799be37928140a71a03c3bbe373ba355/elements - {"using":"xpath","value":"//*[@id=\"__button564\"]"}
RESULT: {"using":"xpath","value":"//*[@id=\"__button564\"]"}
COMMAND: POST /session/799be37928140a71a03c3bbe373ba355/elements - {"using":"xpath","value":"//*[@id=\"__button564\"]"}
RESULT: {"using":"xpath","value":"//*[@id=\"__button564\"]"}
COMMAND: POST /session/799be37928140a71a03c3bbe373ba355/elements - {"using":"xpath","value":"//*[@id=\"__button564\"]"}
RESULT: {"using":"xpath","value":"//*[@id=\"__button564\"]"}
COMMAND: POST /session/799be37928140a71a03c3bbe373ba355/elements - {"using":"xpath","value":"//*[@id=\"__button564\"]"}
RESULT: {"using":"xpath","value":"//*[@id=\"__button564\"]"}
COMMAND: POST /session/799be37928140a71a03c3bbe373ba355/elements - {"using":"xpath","value":"//*[@id=\"__button564\"]"}
RESULT: {"using":"xpath","value":"//*[@id=\"__button564\"]"}
COMMAND: POST /session/799be37928140a71a03c3bbe373ba355/elements - {"using":"xpath","value":"//*[@id=\"__button564\"]"}
RESULT: {"using":"xpath","value":"//*[@id=\"__button564\"]"}
COMMAND: POST /session/799be37928140a71a03c3bbe373ba355/elements - {"using":"xpath","value":"//*[@id=\"__button564\"]"}
RESULT: {"using":"xpath","value":"//*[@id=\"__button564\"]"}
COMMAND: POST /session/799be37928140a71a03c3bbe373ba355/elements - {"using":"xpath","value":"//*[@id=\"__button564\"]"}
RESULT: {"using":"xpath","value":"//*[@id=\"__button564\"]"}
COMMAND: POST /session/799be37928140a71a03c3bbe373ba355/elements - {"using":"xpath","value":"//*[@id=\"__button564\"]"}
RESULT: {"using":"xpath","value":"//*[@id=\"__button564\"]"}
COMMAND: POST /session/799be37928140a71a03c3bbe373ba355/elements - {"using":"xpath","value":"//*[@id=\"__button564\"]"}
RESULT: {"using":"xpath","value":"//*[@id=\"__button564\"]"}
COMMAND: POST /session/799be37928140a71a03c3bbe373ba355/elements - {"using":"xpath","value":"//*[@id=\"__button564\"]"}
RESULT: {"using":"xpath","value":"//*[@id=\"__button564\"]"}
COMMAND: POST /session/799be37928140a71a03c3bbe373ba355/elements - {"using":"xpath","value":"//*[@id=\"__button564\"]"}
RESULT: {"using":"xpath","value":"//*[@id=\"__button564\"]"}
COMMAND: POST /session/799be37928140a71a03c3bbe373ba355/elements - {"using":"xpath","value":"//*[@id=\"__button564\"]"}
RESULT: {"using":"xpath","value":"//*[@id=\"__button564\"]"}
COMMAND: POST /session/799be37928140a71a03c3bbe373ba355/elements - {"using":"xpath","value":"//*[@id=\"__button564\"]"}
RESULT: {"using":"xpath","value":"//*[@id=\"__button564\"]"}
COMMAND: POST /session/799be37928140a71a03c3bbe373ba355/elements - {"using":"xpath","value":"//*[@id=\"__button564\"]"}
RESULT: {"using":"xpath","value":"//*[@id=\"__button564\"]"}
COMMAND: POST /session/799be37928140a71a03c3bbe373ba355/elements - {"using":"xpath","value":"//*[@id=\"__button564\"]"}
RESULT: {"using":"xpath","value":"//*[@id=\"__button564\"]"}
COMMAND: POST /session/799be37928140a71a03c3bbe373ba355/elements - {"using":"xpath","value":"//*[@id=\"__button564\"]"}
RESULT: {"using":"xpath","value":"//*[@id=\"__button564\"]"}
COMMAND: POST /session/799be37928140a71a03c3bbe373ba355/elements - {"using":"xpath","value":"//*[@id=\"__button564\"]"}
RESULT: {"using":"xpath","value":"//*[@id=\"__button564\"]"}
COMMAND: POST /session/799be37928140a71a03c3bbe373ba355/elements - {"using":"xpath","value":"//*[@id=\"__button564\"]"}
RESULT: {"using":"xpath","value":"//*[@id=\"__button564\"]"}
COMMAND: POST /session/799be37928140a71a03c3bbe373ba355/elements - {"using":"xpath","value":"//*[@id=\"__button564\"]"}
RESULT: {"using":"xpath","value":"//*[@id=\"__button564\"]"}
COMMAND: POST /session/799be37928140a71a03c3bbe373ba355/elements - {"using":"xpath","value":"//*[@id=\"__button564\"]"}
RESULT: {"using":"xpath","value":"//*[@id=\"__button564\"]"}
COMMAND: POST /session/799be37928140a71a03c3bbe373ba355/elements - {"using":"xpath","value":"//*[@id=\"__button564\"]"}
RESULT: {"using":"xpath","value":"//*[@id=\"__button564\"]"}
COMMAND: POST /session/799be37928140a71a03c3bbe373ba355/elements - {"using":"xpath","value":"//*[@id=\"__button564\"]"}
RESULT: {"using":"xpath","value":"//*[@id=\"__button564\"]"}
COMMAND: POST /session/799be37928140a71a03c3bbe373ba355/elements - {"using":"xpath","value":"//*[@id=\"__button564\"]"}
RESULT: {"using":"xpath","value":"//*[@id=\"__button564\"]"}
COMMAND: POST /session/799be37928140a71a03c3bbe373ba355/elements - {"using":"xpath","value":"//*[@id=\"__button564\"]"}
RESULT: {"using":"xpath","value":"//*[@id=\"__button564\"]"}
COMMAND: POST /session/799be37928140a71a03c3bbe373ba355/elements - {"using":"xpath","value":"//*[@id=\"__button564\"]"}
RESULT: {"using":"xpath","value":"//*[@id=\"__button564\"]"}
COMMAND: POST /session/799be37928140a71a03c3bbe373ba355/elements - {"using":"xpath","value":"//*[@id=\"__button564\"]"}
RESULT: {"using":"xpath","value":"//*[@id=\"__button564\"]"}
COMMAND: POST /session/799be37928140a71a03c3bbe373ba355/elements - {"using":"xpath","value":"//*[@id=\"__button564\"]"}
RESULT: {"using":"xpath","value":"//*[@id=\"__button564\"]"}
COMMAND: POST /session/799be37928140a71a03c3bbe373ba355/elements - {"using":"xpath","value":"//*[@id=\"__button564\"]"}
RESULT: {"using":"xpath","value":"//*[@id=\"__button564\"]"}
COMMAND: POST /session/799be37928140a71a03c3bbe373ba355/elements - {"using":"xpath","value":"//*[@id=\"__button564\"]"}
RESULT: {"using":"xpath","value":"//*[@id=\"__button564\"]"}
COMMAND: POST /session/799be37928140a71a03c3bbe373ba355/elements - {"using":"xpath","value":"//*[@id=\"__button564\"]"}
RESULT: {"using":"xpath","value":"//*[@id=\"__button564\"]"}
COMMAND: POST /session/799be37928140a71a03c3bbe373ba355/elements - {"using":"xpath","value":"//*[@id=\"__button564\"]"}
RESULT: {"using":"xpath","value":"//*[@id=\"__button564\"]"}
COMMAND: POST /session/799be37928140a71a03c3bbe373ba355/elements - {"using":"xpath","value":"//*[@id=\"__button564\"]"}
RESULT: {"using":"xpath","value":"//*[@id=\"__button564\"]"}
COMMAND: POST /session/799be37928140a71a03c3bbe373ba355/elements - {"using":"xpath","value":"//*[@id=\"__button564\"]"}
RESULT: {"using":"xpath","value":"//*[@id=\"__button564\"]"}
COMMAND: POST /session/799be37928140a71a03c3bbe373ba355/elements - {"using":"xpath","value":"//*[@id=\"__button564\"]"}
RESULT: {"using":"xpath","value":"//*[@id=\"__button564\"]"}
COMMAND: POST /session/799be37928140a71a03c3bbe373ba355/elements - {"using":"xpath","value":"//*[@id=\"__button564\"]"}
RESULT: {"using":"xpath","value":"//*[@id=\"__button564\"]"}
COMMAND: POST /session/799be37928140a71a03c3bbe373ba355/elements - {"using":"xpath","value":"//*[@id=\"__button564\"]"}
RESULT: {"using":"xpath","value":"//*[@id=\"__button564\"]"}
COMMAND: POST /session/799be37928140a71a03c3bbe373ba355/elements - {"using":"xpath","value":"//*[@id=\"__button564\"]"}
RESULT: {"using":"xpath","value":"//*[@id=\"__button564\"]"}
COMMAND: POST /session/799be37928140a71a03c3bbe373ba355/elements - {"using":"xpath","value":"//*[@id=\"__button564\"]"}
RESULT: {"using":"xpath","value":"//*[@id=\"__button564\"]"}
COMMAND: POST /session/799be37928140a71a03c3bbe373ba355/elements - {"using":"xpath","value":"//*[@id=\"__button564\"]"}
RESULT: {"using":"xpath","value":"//*[@id=\"__button564\"]"}
COMMAND: POST /session/799be37928140a71a03c3bbe373ba355/elements - {"using":"xpath","value":"//*[@id=\"__button564\"]"}
RESULT: {"using":"xpath","value":"//*[@id=\"__button564\"]"}
COMMAND: POST /session/799be37928140a71a03c3bbe373ba355/elements - {"using":"xpath","value":"//*[@id=\"__button564\"]"}
RESULT: {"using":"xpath","value":"//*[@id=\"__button564\"]"}
COMMAND: POST /session/799be37928140a71a03c3bbe373ba355/elements - {"using":"xpath","value":"//*[@id=\"__button564\"]"}
RESULT: {"using":"xpath","value":"//*[@id=\"__button564\"]"}
COMMAND: POST /session/799be37928140a71a03c3bbe373ba355/elements - {"using":"xpath","value":"//*[@id=\"__button564\"]"}
RESULT: {"using":"xpath","value":"//*[@id=\"__button564\"]"}
COMMAND: POST /session/799be37928140a71a03c3bbe373ba355/elements - {"using":"xpath","value":"//*[@id=\"__button564\"]"}
RESULT: {"using":"xpath","value":"//*[@id=\"__button564\"]"}
COMMAND: POST /session/799be37928140a71a03c3bbe373ba355/elements - {"using":"xpath","value":"//*[@id=\"__button564\"]"}
RESULT: {"using":"xpath","value":"//*[@id=\"__button564\"]"}
COMMAND: POST /session/799be37928140a71a03c3bbe373ba355/elements - {"using":"xpath","value":"//*[@id=\"__button564\"]"}
RESULT: {"using":"xpath","value":"//*[@id=\"__button564\"]"}
COMMAND: POST /session/799be37928140a71a03c3bbe373ba355/elements - {"using":"xpath","value":"//*[@id=\"__button564\"]"}
RESULT: {"using":"xpath","value":"//*[@id=\"__button564\"]"}
COMMAND: POST /session/799be37928140a71a03c3bbe373ba355/elements - {"using":"xpath","value":"//*[@id=\"__button564\"]"}
RESULT: {"using":"xpath","value":"//*[@id=\"__button564\"]"}
COMMAND: POST /session/799be37928140a71a03c3bbe373ba355/elements - {"using":"xpath","value":"//*[@id=\"__button564\"]"}
RESULT: {"using":"xpath","value":"//*[@id=\"__button564\"]"}
COMMAND: POST /session/799be37928140a71a03c3bbe373ba355/elements - {"using":"xpath","value":"//*[@id=\"__button564\"]"}
RESULT: {"using":"xpath","value":"//*[@id=\"__button564\"]"}
COMMAND: POST /session/799be37928140a71a03c3bbe373ba355/elements - {"using":"xpath","value":"//*[@id=\"__button564\"]"}
RESULT: {"using":"xpath","value":"//*[@id=\"__button564\"]"}
COMMAND: POST /session/799be37928140a71a03c3bbe373ba355/elements - {"using":"xpath","value":"//*[@id=\"__button564\"]"}
RESULT: {"using":"xpath","value":"//*[@id=\"__button564\"]"}
COMMAND: POST /session/799be37928140a71a03c3bbe373ba355/elements - {"using":"xpath","value":"//*[@id=\"__button564\"]"}
RESULT: {"using":"xpath","value":"//*[@id=\"__button564\"]"}
COMMAND: POST /session/799be37928140a71a03c3bbe373ba355/elements - {"using":"xpath","value":"//*[@id=\"__button564\"]"}
RESULT: {"using":"xpath","value":"//*[@id=\"__button564\"]"}
COMMAND: POST /session/799be37928140a71a03c3bbe373ba355/elements - {"using":"xpath","value":"//*[@id=\"__button564\"]"}
RESULT: {"using":"xpath","value":"//*[@id=\"__button564\"]"}
COMMAND: POST /session/799be37928140a71a03c3bbe373ba355/elements - {"using":"xpath","value":"//*[@id=\"__button564\"]"}
RESULT: {"using":"xpath","value":"//*[@id=\"__button564\"]"}
COMMAND: POST /session/799be37928140a71a03c3bbe373ba355/elements - {"using":"xpath","value":"//*[@id=\"__button564\"]"}
RESULT: {"using":"xpath","value":"//*[@id=\"__button564\"]"}
COMMAND: POST /session/799be37928140a71a03c3bbe373ba355/elements - {"using":"xpath","value":"//*[@id=\"__button564\"]"}
RESULT: {"using":"xpath","value":"//*[@id=\"__button564\"]"}
COMMAND: POST /session/799be37928140a71a03c3bbe373ba355/elements - {"using":"xpath","value":"//*[@id=\"__button564\"]"}
RESULT: {"using":"xpath","value":"//*[@id=\"__button564\"]"}
COMMAND: POST /session/799be37928140a71a03c3bbe373ba355/elements - {"using":"xpath","value":"//*[@id=\"__button564\"]"}
RESULT: {"using":"xpath","value":"//*[@id=\"__button564\"]"}
COMMAND: POST /session/799be37928140a71a03c3bbe373ba355/elements - {"using":"xpath","value":"//*[@id=\"__button564\"]"}
RESULT: {"using":"xpath","value":"//*[@id=\"__button564\"]"}
COMMAND: POST /session/799be37928140a71a03c3bbe373ba355/elements - {"using":"xpath","value":"//*[@id=\"__button564\"]"}
RESULT: {"using":"xpath","value":"//*[@id=\"__button564\"]"}
COMMAND: POST /session/799be37928140a71a03c3bbe373ba355/elements - {"using":"xpath","value":"//*[@id=\"__button564\"]"}
RESULT: {"using":"xpath","value":"//*[@id=\"__button564\"]"}
COMMAND: POST /session/799be37928140a71a03c3bbe373ba355/elements - {"using":"xpath","value":"//*[@id=\"__button564\"]"}
RESULT: {"using":"xpath","value":"//*[@id=\"__button564\"]"}
COMMAND: POST /session/799be37928140a71a03c3bbe373ba355/elements - {"using":"xpath","value":"//*[@id=\"__button564\"]"}
RESULT: {"using":"xpath","value":"//*[@id=\"__button564\"]"}
COMMAND: POST /session/799be37928140a71a03c3bbe373ba355/elements - {"using":"xpath","value":"//*[@id=\"__button564\"]"}
RESULT: {"using":"xpath","value":"//*[@id=\"__button564\"]"}
COMMAND: POST /session/799be37928140a71a03c3bbe373ba355/elements - {"using":"xpath","value":"//*[@id=\"__button564\"]"}
RESULT: {"using":"xpath","value":"//*[@id=\"__button564\"]"}
COMMAND: POST /session/799be37928140a71a03c3bbe373ba355/elements - {"using":"xpath","value":"//*[@id=\"__button564\"]"}
COMMAND: POST /session/799be37928140a71a03c3bbe373ba355/element - {"using":"css selector","value":"#shell-header-logo"}
RESULT: {"using":"xpath","value":"//*[@id=\"__button564\"]"}
RESULT: {"using":"css selector","value":"#shell-header-logo"}
COMMAND: POST /session/799be37928140a71a03c3bbe373ba355/execute/sync - {"script":"<script> [8489 bytes]","args":[{"element-6066-11e4-a52e-4f735466cecf":"f.19D3A8A536C023AFD4E776B255E62FBE.d.7F06655705E5902D8183A00BBA0CD8C6.e.14212","ELEMENT":"f.19D3A8A536C023AFD4E776B255E62FBE.d.7F06655705E5902D8183A00BBA0CD8C6.e.14212"}]}
RESULT: {"script":"<script> [8489 bytes]","args":[{"element-6066-11e4-a52e-4f735466cecf":"f.19D3A8A536C023AFD4E776B255E62FBE.d.7F06655705E5902D8183A00BBA0CD8C6.e.14212","ELEMENT":"f.19D3A8A536C023AFD4E776B255E62FBE.d.7F06655705E5902D8183A00BBA0CD8C6.e.14212"}]}
COMMAND: POST /session/799be37928140a71a03c3bbe373ba355/execute/sync - {"script":"<script> [5351 bytes]","args":[{"element-6066-11e4-a52e-4f735466cecf":"f.19D3A8A536C023AFD4E776B255E62FBE.d.7F06655705E5902D8183A00BBA0CD8C6.e.14212","ELEMENT":"f.19D3A8A536C023AFD4E776B255E62FBE.d.7F06655705E5902D8183A00BBA0CD8C6.e.14212"}]}
COMMAND: GET /session/799be37928140a71a03c3bbe373ba355/screenshot - {}
RESULT: {"script":"<script> [5351 bytes]","args":[{"element-6066-11e4-a52e-4f735466cecf":"f.19D3A8A536C023AFD4E776B255E62FBE.d.7F06655705E5902D8183A00BBA0CD8C6.e.14212","ELEMENT":"f.19D3A8A536C023AFD4E776B255E62FBE.d.7F06655705E5902D8183A00BBA0CD8C6.e.14212"}]}
COMMAND: POST /session/799be37928140a71a03c3bbe373ba355/element/f.19D3A8A536C023AFD4E776B255E62FBE.d.7F06655705E5902D8183A00BBA0CD8C6.e.14212/click - {}
COMMAND: GET /session/799be37928140a71a03c3bbe373ba355/screenshot - {}
RESULT: {}
RESULT: {}
]]></system-out>
    </testcase>
    <testcase classname="chrome.135_0_7049_42.windows.Create_master_data_for_mixed_billing_&amp;_do_billing_calculation_US151661" name="Should go to Manage Billings and trigger calculation check the conditions applied" time="59.67">
      <system-out><![CDATA[
COMMAND: GET /session/799be37928140a71a03c3bbe373ba355/screenshot - {}
COMMAND: POST /session/799be37928140a71a03c3bbe373ba355/execute/async - {"script":"<script> [1562 bytes]","args":[{"selector":{"controlType":"sap.m.GenericTile","properties":{"header":"Manage Billings"}},"wdio_ui5_key":"sapm.GenericTile{\"header\":\"Manage Billings\"}"}]}
RESULT: {}
RESULT: {}
RESULT: {"script":"<script> [1562 bytes]","args":[{"selector":{"controlType":"sap.m.GenericTile","properties":{"header":"Manage Billings"}},"wdio_ui5_key":"sapm.GenericTile{\"header\":\"Manage Billings\"}"}]}
RESULT: undefined
COMMAND: POST /session/799be37928140a71a03c3bbe373ba355/element - {"using":"xpath","value":"//*[@id=\"__tile51\"]"}
RESULT: {"using":"xpath","value":"//*[@id=\"__tile51\"]"}
COMMAND: POST /session/799be37928140a71a03c3bbe373ba355/element/f.19D3A8A536C023AFD4E776B255E62FBE.d.7F06655705E5902D8183A00BBA0CD8C6.e.6674/click - {}
RESULT: {}
COMMAND: GET /session/799be37928140a71a03c3bbe373ba355/screenshot - {}
RESULT: {}
COMMAND: POST /session/799be37928140a71a03c3bbe373ba355/execute/async - {"script":"<script> [1562 bytes]","args":[{"selector":{"id":"application-managebillings-display-component---billRunCalcResult--smartFilterBar-btnBasicSearch","interaction":{"idSuffix":"I"}},"wdio_ui5_key":"applicationmanagebillings-display-component---billRunCalcResult--smartFilterBar-btnBasicSearch"}]}
RESULT: {"script":"<script> [1562 bytes]","args":[{"selector":{"id":"application-managebillings-display-component---billRunCalcResult--smartFilterBar-btnBasicSearch","interaction":{"idSuffix":"I"}},"wdio_ui5_key":"applicationmanagebillings-display-component---billRunCalcResult--smartFilterBar-btnBasicSearch"}]}
RESULT: undefined
COMMAND: POST /session/799be37928140a71a03c3bbe373ba355/execute/async - {"script":"<script> [776 bytes]","args":[{"enterText":"10477","selector":{"id":"application-managebillings-display-component---billRunCalcResult--smartFilterBar-btnBasicSearch","interaction":{"idSuffix":"I"}},"clearTextFirst":true,"interactionType":"ENTER_TEXT"}]}
RESULT: {"script":"<script> [776 bytes]","args":[{"enterText":"10477","selector":{"id":"application-managebillings-display-component---billRunCalcResult--smartFilterBar-btnBasicSearch","interaction":{"idSuffix":"I"}},"clearTextFirst":true,"interactionType":"ENTER_TEXT"}]}
COMMAND: POST /session/799be37928140a71a03c3bbe373ba355/actions - {"actions":[{"id":"action47","type":"key","parameters":{},"actions":[{"type":"keyDown","value":""},{"type":"pause","duration":10},{"type":"keyUp","value":""}]}]}
RESULT: {"actions":[{"id":"action47","type":"key","parameters":{},"actions":[{"type":"keyDown","value":""},{"type":"pause","duration":10},{"type":"keyUp","value":""}]}]}
COMMAND: GET /session/799be37928140a71a03c3bbe373ba355/screenshot - {}
RESULT: {}
COMMAND: POST /session/799be37928140a71a03c3bbe373ba355/element - {"using":"xpath","value":"//td[@aria-colindex=\"1\"]/div/div[contains(@class, \"sapMCbBg\")]"}
RESULT: {"using":"xpath","value":"//td[@aria-colindex=\"1\"]/div/div[contains(@class, \"sapMCbBg\")]"}
COMMAND: POST /session/799be37928140a71a03c3bbe373ba355/element/f.19D3A8A536C023AFD4E776B255E62FBE.d.7F06655705E5902D8183A00BBA0CD8C6.e.14613/click - {}
RESULT: {}
COMMAND: GET /session/799be37928140a71a03c3bbe373ba355/screenshot - {}
RESULT: {}
COMMAND: POST /session/799be37928140a71a03c3bbe373ba355/execute/async - {"script":"<script> [1562 bytes]","args":[{"selector":{"id":"application-managebillings-display-component---billRunCalcResult--contractBillRunDate","interaction":{"idSuffix":"inner"}},"wdio_ui5_key":"applicationmanagebillings-display-component---billRunCalcResult--contractBillRunDate"}]}
RESULT: {"script":"<script> [1562 bytes]","args":[{"selector":{"id":"application-managebillings-display-component---billRunCalcResult--contractBillRunDate","interaction":{"idSuffix":"inner"}},"wdio_ui5_key":"applicationmanagebillings-display-component---billRunCalcResult--contractBillRunDate"}]}
RESULT: undefined
COMMAND: POST /session/799be37928140a71a03c3bbe373ba355/execute/async - {"script":"<script> [776 bytes]","args":[{"enterText":"05/19/25","selector":{"id":"application-managebillings-display-component---billRunCalcResult--contractBillRunDate","interaction":{"idSuffix":"inner"}},"clearTextFirst":true,"interactionType":"ENTER_TEXT"}]}
RESULT: {"script":"<script> [776 bytes]","args":[{"enterText":"05/19/25","selector":{"id":"application-managebillings-display-component---billRunCalcResult--contractBillRunDate","interaction":{"idSuffix":"inner"}},"clearTextFirst":true,"interactionType":"ENTER_TEXT"}]}
COMMAND: POST /session/799be37928140a71a03c3bbe373ba355/element - {"using":"xpath","value":"//bdi[contains(text(), \"Trigger Calculation\")]"}
RESULT: {"using":"xpath","value":"//bdi[contains(text(), \"Trigger Calculation\")]"}
COMMAND: POST /session/799be37928140a71a03c3bbe373ba355/element/f.19D3A8A536C023AFD4E776B255E62FBE.d.7F06655705E5902D8183A00BBA0CD8C6.e.14664/click - {}
RESULT: {}
COMMAND: GET /session/799be37928140a71a03c3bbe373ba355/screenshot - {}
RESULT: {}
COMMAND: POST /session/799be37928140a71a03c3bbe373ba355/element - {"using":"xpath","value":"(//span[contains(@id, \"imgNav\")])[1]"}
RESULT: {"using":"xpath","value":"(//span[contains(@id, \"imgNav\")])[1]"}
COMMAND: POST /session/799be37928140a71a03c3bbe373ba355/element/f.19D3A8A536C023AFD4E776B255E62FBE.d.7F06655705E5902D8183A00BBA0CD8C6.e.14614/click - {}
RESULT: {}
COMMAND: GET /session/799be37928140a71a03c3bbe373ba355/screenshot - {}
RESULT: {}
COMMAND: POST /session/799be37928140a71a03c3bbe373ba355/element - {"using":"xpath","value":"//tr/td[6]/div[1]/span[1]/span[1]"}
RESULT: {"using":"xpath","value":"//tr/td[6]/div[1]/span[1]/span[1]"}
COMMAND: GET /session/799be37928140a71a03c3bbe373ba355/element/f.19D3A8A536C023AFD4E776B255E62FBE.d.7F06655705E5902D8183A00BBA0CD8C6.e.14669/text - {}
RESULT: {}
COMMAND: POST /session/799be37928140a71a03c3bbe373ba355/element - {"using":"xpath","value":"(//span[contains(@id, \"imgNav\")])[2]"}
RESULT: {"using":"xpath","value":"(//span[contains(@id, \"imgNav\")])[2]"}
COMMAND: POST /session/799be37928140a71a03c3bbe373ba355/element/f.19D3A8A536C023AFD4E776B255E62FBE.d.7F06655705E5902D8183A00BBA0CD8C6.e.14670/click - {}
RESULT: {}
COMMAND: POST /session/799be37928140a71a03c3bbe373ba355/element - {"using":"xpath","value":"//bdi[contains(text(), \"Business Confirm\")]"}
COMMAND: GET /session/799be37928140a71a03c3bbe373ba355/screenshot - {}
RESULT: {"using":"xpath","value":"//bdi[contains(text(), \"Business Confirm\")]"}
COMMAND: POST /session/799be37928140a71a03c3bbe373ba355/elements - {"using":"xpath","value":"//bdi[contains(text(), \"Business Confirm\")]"}
RESULT: {}
RESULT: {"using":"xpath","value":"//bdi[contains(text(), \"Business Confirm\")]"}
COMMAND: POST /session/799be37928140a71a03c3bbe373ba355/elements - {"using":"xpath","value":"//bdi[contains(text(), \"Business Confirm\")]"}
RESULT: {"using":"xpath","value":"//bdi[contains(text(), \"Business Confirm\")]"}
COMMAND: POST /session/799be37928140a71a03c3bbe373ba355/element - {"using":"xpath","value":"//bdi[contains(text(), \"Business Confirm\")]"}
RESULT: {"using":"xpath","value":"//bdi[contains(text(), \"Business Confirm\")]"}
COMMAND: POST /session/799be37928140a71a03c3bbe373ba355/element/f.19D3A8A536C023AFD4E776B255E62FBE.d.7F06655705E5902D8183A00BBA0CD8C6.e.14672/click - {}
RESULT: {}
COMMAND: POST /session/799be37928140a71a03c3bbe373ba355/element - {"using":"css selector","value":"#shell-header-logo"}
COMMAND: GET /session/799be37928140a71a03c3bbe373ba355/screenshot - {}
RESULT: {"using":"css selector","value":"#shell-header-logo"}
COMMAND: POST /session/799be37928140a71a03c3bbe373ba355/element/f.19D3A8A536C023AFD4E776B255E62FBE.d.7F06655705E5902D8183A00BBA0CD8C6.e.14404/click - {}
RESULT: {}
RESULT: {}
COMMAND: GET /session/799be37928140a71a03c3bbe373ba355/screenshot - {}
RESULT: {}
COMMAND: POST /session/799be37928140a71a03c3bbe373ba355/element - {"using":"css selector","value":"#j_username"}
COMMAND: POST /session/799be37928140a71a03c3bbe373ba355/url - {"url":"https://qa-testing-00-live-etm-ui.cfapps.eu10-004.hana.ondemand.com/"}
RESULT: {"using":"css selector","value":"#j_username"}
COMMAND: POST /session/799be37928140a71a03c3bbe373ba355/element - {"using":"css selector","value":"#j_username"}
RESULT: {"url":"https://qa-testing-00-live-etm-ui.cfapps.eu10-004.hana.ondemand.com/"}
RESULT: undefined
COMMAND: GET /session/799be37928140a71a03c3bbe373ba355/screenshot - {}
RESULT: {"using":"css selector","value":"#j_username"}
COMMAND: POST /session/799be37928140a71a03c3bbe373ba355/element - {"using":"css selector","value":"#shell-header-logo"}
RESULT: {}
RESULT: {"using":"css selector","value":"#shell-header-logo"}
COMMAND: POST /session/799be37928140a71a03c3bbe373ba355/execute/sync - {"script":"<script> [8489 bytes]","args":[{"element-6066-11e4-a52e-4f735466cecf":"f.19D3A8A536C023AFD4E776B255E62FBE.d.67A547135E29FF35B5844B298068A77B.e.14759","ELEMENT":"f.19D3A8A536C023AFD4E776B255E62FBE.d.67A547135E29FF35B5844B298068A77B.e.14759"}]}
RESULT: {"script":"<script> [8489 bytes]","args":[{"element-6066-11e4-a52e-4f735466cecf":"f.19D3A8A536C023AFD4E776B255E62FBE.d.67A547135E29FF35B5844B298068A77B.e.14759","ELEMENT":"f.19D3A8A536C023AFD4E776B255E62FBE.d.67A547135E29FF35B5844B298068A77B.e.14759"}]}
COMMAND: POST /session/799be37928140a71a03c3bbe373ba355/element - {"using":"css selector","value":"#shell-header-logo"}
COMMAND: GET /session/799be37928140a71a03c3bbe373ba355/screenshot - {}
RESULT: {"using":"css selector","value":"#shell-header-logo"}
COMMAND: POST /session/799be37928140a71a03c3bbe373ba355/execute/sync - {"script":"<script> [8489 bytes]","args":[{"element-6066-11e4-a52e-4f735466cecf":"f.19D3A8A536C023AFD4E776B255E62FBE.d.67A547135E29FF35B5844B298068A77B.e.14759","ELEMENT":"f.19D3A8A536C023AFD4E776B255E62FBE.d.67A547135E29FF35B5844B298068A77B.e.14759"}]}
RESULT: {}
RESULT: {"script":"<script> [8489 bytes]","args":[{"element-6066-11e4-a52e-4f735466cecf":"f.19D3A8A536C023AFD4E776B255E62FBE.d.67A547135E29FF35B5844B298068A77B.e.14759","ELEMENT":"f.19D3A8A536C023AFD4E776B255E62FBE.d.67A547135E29FF35B5844B298068A77B.e.14759"}]}
COMMAND: POST /session/799be37928140a71a03c3bbe373ba355/execute/sync - {"script":"<script> [5351 bytes]","args":[{"element-6066-11e4-a52e-4f735466cecf":"f.19D3A8A536C023AFD4E776B255E62FBE.d.67A547135E29FF35B5844B298068A77B.e.14759","ELEMENT":"f.19D3A8A536C023AFD4E776B255E62FBE.d.67A547135E29FF35B5844B298068A77B.e.14759"}]}
COMMAND: GET /session/799be37928140a71a03c3bbe373ba355/screenshot - {}
RESULT: {"script":"<script> [5351 bytes]","args":[{"element-6066-11e4-a52e-4f735466cecf":"f.19D3A8A536C023AFD4E776B255E62FBE.d.67A547135E29FF35B5844B298068A77B.e.14759","ELEMENT":"f.19D3A8A536C023AFD4E776B255E62FBE.d.67A547135E29FF35B5844B298068A77B.e.14759"}]}
COMMAND: POST /session/799be37928140a71a03c3bbe373ba355/element - {"using":"css selector","value":"#shell-header-logo"}
COMMAND: GET /session/799be37928140a71a03c3bbe373ba355/screenshot - {}
RESULT: {}
RESULT: {"using":"css selector","value":"#shell-header-logo"}
COMMAND: POST /session/799be37928140a71a03c3bbe373ba355/element/f.19D3A8A536C023AFD4E776B255E62FBE.d.67A547135E29FF35B5844B298068A77B.e.14759/click - {}
RESULT: {}
RESULT: {}
COMMAND: GET /session/799be37928140a71a03c3bbe373ba355/screenshot - {}
RESULT: {}
COMMAND: POST /session/799be37928140a71a03c3bbe373ba355/execute/async - {"script":"<script> [189 bytes]","args":[]}
RESULT: {"script":"<script> [189 bytes]","args":[]}
COMMAND: POST /session/799be37928140a71a03c3bbe373ba355/execute/async - {"script":"<script> [123 bytes]","args":[]}
RESULT: {"script":"<script> [123 bytes]","args":[]}
COMMAND: POST /session/799be37928140a71a03c3bbe373ba355/timeouts - {"script":"<number>"}
RESULT: {"script":"<number>"}
COMMAND: GET /session/799be37928140a71a03c3bbe373ba355/timeouts - {}
RESULT: {}
RESULT: undefined
COMMAND: POST /session/799be37928140a71a03c3bbe373ba355/execute/async - {"script":"<script> [2676 bytes]","args":[]}
RESULT: {"script":"<script> [2676 bytes]","args":[]}
COMMAND: POST /session/799be37928140a71a03c3bbe373ba355/execute/async - {"script":"<script> [2342 bytes]","args":[{"protocol":"http","hostname":"0.0.0.0","path":"/","capabilities":{"browserName":"chrome","goog:chromeOptions":{"binary":"C:\\Program Files\\Google\\Chrome\\Application\\chrome.exe","args":["--start-maximized"]}},"logLevel":"warn","connectionRetryTimeout":120000,"connectionRetryCount":3,"logLevels":{},"enableDirectConnect":true,"strictSSL":true,"_":"65 more keys: [\"cacheDir\",\"port\",\"requestedCapabilities\",\"automationProtocol\",\"baseUrl\",\"waitforInterval\",\"waitforTimeout\",\"onReload\",\"beforeCommand\",\"afterCommand\",\"rootDir\",\"specs\",\"suites\",\"exclude\",\"groupLogsByTestSpec\",\"excludeDriverLogs\",\"bail\",\"framework\",\"reporters\",\"services\",\"maxInstances\",\"maxInstancesPerCapability\",\"injectGlobals\",\"filesToWatch\",\"execArgv\",\"runnerEnv\",\"runner\",\"shard\",\"specFileRetries\",\"specFileRetriesDelay\",\"specFileRetriesDeferred\",\"reporterSyncInterval\",\"reporterSyncTimeout\",\"cucumberFeaturesWithLineNumbers\",\"autoCompileOpts\",\"mochaOpts\",\"jasmineOpts\",\"cucumberOpts\",\"onPrepare\",\"onWorkerStart\",\"onWorkerEnd\",\"before\",\"beforeSession\",\"beforeSuite\",\"beforeHook\",\"beforeTest\",\"afterTest\",\"afterHook\",\"afterSuite\",\"afterSession\",\"after\",\"onComplete\",\"beforeAssertion\",\"afterAssertion\",\"beforeFeature\",\"beforeScenario\",\"beforeStep\",\"afterStep\",\"afterScenario\",\"afterFeature\",\"_\",\"suite\",\"$0\",\"ignoredWorkerServices\",\"wdi5\"]"}]}
RESULT: {"script":"<script> [2342 bytes]","args":[{"protocol":"http","hostname":"0.0.0.0","path":"/","capabilities":{"browserName":"chrome","goog:chromeOptions":{"binary":"C:\\Program Files\\Google\\Chrome\\Application\\chrome.exe","args":["--start-maximized"]}},"logLevel":"warn","connectionRetryTimeout":120000,"connectionRetryCount":3,"logLevels":{},"enableDirectConnect":true,"strictSSL":true,"_":"65 more keys: [\"cacheDir\",\"port\",\"requestedCapabilities\",\"automationProtocol\",\"baseUrl\",\"waitforInterval\",\"waitforTimeout\",\"onReload\",\"beforeCommand\",\"afterCommand\",\"rootDir\",\"specs\",\"suites\",\"exclude\",\"groupLogsByTestSpec\",\"excludeDriverLogs\",\"bail\",\"framework\",\"reporters\",\"services\",\"maxInstances\",\"maxInstancesPerCapability\",\"injectGlobals\",\"filesToWatch\",\"execArgv\",\"runnerEnv\",\"runner\",\"shard\",\"specFileRetries\",\"specFileRetriesDelay\",\"specFileRetriesDeferred\",\"reporterSyncInterval\",\"reporterSyncTimeout\",\"cucumberFeaturesWithLineNumbers\",\"autoCompileOpts\",\"mochaOpts\",\"jasmineOpts\",\"cucumberOpts\",\"onPrepare\",\"onWorkerStart\",\"onWorkerEnd\",\"before\",\"beforeSession\",\"beforeSuite\",\"beforeHook\",\"beforeTest\",\"afterTest\",\"afterHook\",\"afterSuite\",\"afterSession\",\"after\",\"onComplete\",\"beforeAssertion\",\"afterAssertion\",\"beforeFeature\",\"beforeScenario\",\"beforeStep\",\"afterStep\",\"afterScenario\",\"afterFeature\",\"_\",\"suite\",\"$0\",\"ignoredWorkerServices\",\"wdi5\"]"}]}
COMMAND: POST /session/799be37928140a71a03c3bbe373ba355/execute/async - {"script":"<script> [21126 bytes]","args":[35000]}
RESULT: {"script":"<script> [21126 bytes]","args":[35000]}
COMMAND: POST /session/799be37928140a71a03c3bbe373ba355/window/maximize - {}
RESULT: {}
COMMAND: POST /session/799be37928140a71a03c3bbe373ba355/execute/async - {"script":"<script> [1562 bytes]","args":[{"selector":{"id":"shell-header","interaction":{"idSuffix":"icon"}},"wdio_ui5_key":"shellheader"}]}
COMMAND: GET /session/799be37928140a71a03c3bbe373ba355/screenshot - {}
RESULT: {"script":"<script> [1562 bytes]","args":[{"selector":{"id":"shell-header","interaction":{"idSuffix":"icon"}},"wdio_ui5_key":"shellheader"}]}
RESULT: undefined
COMMAND: POST /session/799be37928140a71a03c3bbe373ba355/refresh - {}
RESULT: {}
RESULT: {}
COMMAND: GET /session/799be37928140a71a03c3bbe373ba355/screenshot - {}
RESULT: {}
COMMAND: POST /session/799be37928140a71a03c3bbe373ba355/refresh - {}
RESULT: {}
COMMAND: GET /session/799be37928140a71a03c3bbe373ba355/screenshot - {}
RESULT: {}
COMMAND: POST /session/799be37928140a71a03c3bbe373ba355/window/fullscreen - {}
RESULT: {}
COMMAND: POST /session/799be37928140a71a03c3bbe373ba355/execute/async - {"script":"<script> [189 bytes]","args":[]}
RESULT: {"script":"<script> [189 bytes]","args":[]}
COMMAND: POST /session/799be37928140a71a03c3bbe373ba355/execute/async - {"script":"<script> [123 bytes]","args":[]}
RESULT: {"script":"<script> [123 bytes]","args":[]}
COMMAND: POST /session/799be37928140a71a03c3bbe373ba355/timeouts - {"script":"<number>"}
RESULT: {"script":"<number>"}
COMMAND: GET /session/799be37928140a71a03c3bbe373ba355/timeouts - {}
RESULT: {}
RESULT: undefined
COMMAND: POST /session/799be37928140a71a03c3bbe373ba355/execute/async - {"script":"<script> [2676 bytes]","args":[]}
RESULT: {"script":"<script> [2676 bytes]","args":[]}
COMMAND: POST /session/799be37928140a71a03c3bbe373ba355/execute/async - {"script":"<script> [2342 bytes]","args":[{"protocol":"http","hostname":"0.0.0.0","path":"/","capabilities":{"browserName":"chrome","goog:chromeOptions":{"binary":"C:\\Program Files\\Google\\Chrome\\Application\\chrome.exe","args":["--start-maximized"]}},"logLevel":"warn","connectionRetryTimeout":120000,"connectionRetryCount":3,"logLevels":{},"enableDirectConnect":true,"strictSSL":true,"_":"65 more keys: [\"cacheDir\",\"port\",\"requestedCapabilities\",\"automationProtocol\",\"baseUrl\",\"waitforInterval\",\"waitforTimeout\",\"onReload\",\"beforeCommand\",\"afterCommand\",\"rootDir\",\"specs\",\"suites\",\"exclude\",\"groupLogsByTestSpec\",\"excludeDriverLogs\",\"bail\",\"framework\",\"reporters\",\"services\",\"maxInstances\",\"maxInstancesPerCapability\",\"injectGlobals\",\"filesToWatch\",\"execArgv\",\"runnerEnv\",\"runner\",\"shard\",\"specFileRetries\",\"specFileRetriesDelay\",\"specFileRetriesDeferred\",\"reporterSyncInterval\",\"reporterSyncTimeout\",\"cucumberFeaturesWithLineNumbers\",\"autoCompileOpts\",\"mochaOpts\",\"jasmineOpts\",\"cucumberOpts\",\"onPrepare\",\"onWorkerStart\",\"onWorkerEnd\",\"before\",\"beforeSession\",\"beforeSuite\",\"beforeHook\",\"beforeTest\",\"afterTest\",\"afterHook\",\"afterSuite\",\"afterSession\",\"after\",\"onComplete\",\"beforeAssertion\",\"afterAssertion\",\"beforeFeature\",\"beforeScenario\",\"beforeStep\",\"afterStep\",\"afterScenario\",\"afterFeature\",\"_\",\"suite\",\"$0\",\"ignoredWorkerServices\",\"wdi5\"]"}]}
RESULT: {"script":"<script> [2342 bytes]","args":[{"protocol":"http","hostname":"0.0.0.0","path":"/","capabilities":{"browserName":"chrome","goog:chromeOptions":{"binary":"C:\\Program Files\\Google\\Chrome\\Application\\chrome.exe","args":["--start-maximized"]}},"logLevel":"warn","connectionRetryTimeout":120000,"connectionRetryCount":3,"logLevels":{},"enableDirectConnect":true,"strictSSL":true,"_":"65 more keys: [\"cacheDir\",\"port\",\"requestedCapabilities\",\"automationProtocol\",\"baseUrl\",\"waitforInterval\",\"waitforTimeout\",\"onReload\",\"beforeCommand\",\"afterCommand\",\"rootDir\",\"specs\",\"suites\",\"exclude\",\"groupLogsByTestSpec\",\"excludeDriverLogs\",\"bail\",\"framework\",\"reporters\",\"services\",\"maxInstances\",\"maxInstancesPerCapability\",\"injectGlobals\",\"filesToWatch\",\"execArgv\",\"runnerEnv\",\"runner\",\"shard\",\"specFileRetries\",\"specFileRetriesDelay\",\"specFileRetriesDeferred\",\"reporterSyncInterval\",\"reporterSyncTimeout\",\"cucumberFeaturesWithLineNumbers\",\"autoCompileOpts\",\"mochaOpts\",\"jasmineOpts\",\"cucumberOpts\",\"onPrepare\",\"onWorkerStart\",\"onWorkerEnd\",\"before\",\"beforeSession\",\"beforeSuite\",\"beforeHook\",\"beforeTest\",\"afterTest\",\"afterHook\",\"afterSuite\",\"afterSession\",\"after\",\"onComplete\",\"beforeAssertion\",\"afterAssertion\",\"beforeFeature\",\"beforeScenario\",\"beforeStep\",\"afterStep\",\"afterScenario\",\"afterFeature\",\"_\",\"suite\",\"$0\",\"ignoredWorkerServices\",\"wdi5\"]"}]}
COMMAND: POST /session/799be37928140a71a03c3bbe373ba355/execute/async - {"script":"<script> [21126 bytes]","args":[35000]}
RESULT: {"script":"<script> [21126 bytes]","args":[35000]}
]]></system-out>
    </testcase>
  </testsuite>
  <testsuite timestamp="2025-04-19T17:45:42" time="706.066" tests="13" failures="0" errors="0" skipped="0">
    <properties>
      <property name="specId" value="0"/>
      <property name="suiteName" value="Performance based billing (work days) US139742"/>
      <property name="capabilities" value="chrome.135_0_7049_42.windows"/>
      <property name="file" value="file:///D:/a/1/s/test/specs/BTS/billing-performance-workdays.spec.js"/>
    </properties>
    <testcase classname="chrome.135_0_7049_42.windows.Performance_based_billing_(work_days)_US139742" name="Should create a new yard" time="0.02">
      <system-out><![CDATA[
COMMAND: POST /session/799be37928140a71a03c3bbe373ba355/window/fullscreen - {}
RESULT: {}
]]></system-out>
    </testcase>
    <testcase classname="chrome.135_0_7049_42.windows.Performance_based_billing_(work_days)_US139742" name="Should create a new partner" time="0.003"/>
    <testcase classname="chrome.135_0_7049_42.windows.Performance_based_billing_(work_days)_US139742" name="Should create a new site" time="0.003"/>
    <testcase classname="chrome.135_0_7049_42.windows.Performance_based_billing_(work_days)_US139742" name="Should do prerequisite steps add equipment" time="122.787">
      <system-out><![CDATA[
COMMAND: POST /session/799be37928140a71a03c3bbe373ba355/execute/async - {"script":"<script> [1562 bytes]","args":[{"selector":{"controlType":"sap.m.GenericTile","properties":{"header":"Manage Resources"}},"wdio_ui5_key":"sapm.GenericTile{\"header\":\"Manage Resources\"}"}]}
RESULT: {"script":"<script> [1562 bytes]","args":[{"selector":{"controlType":"sap.m.GenericTile","properties":{"header":"Manage Resources"}},"wdio_ui5_key":"sapm.GenericTile{\"header\":\"Manage Resources\"}"}]}
RESULT: undefined
COMMAND: POST /session/799be37928140a71a03c3bbe373ba355/element - {"using":"xpath","value":"//*[@id=\"__tile39\"]"}
RESULT: {"using":"xpath","value":"//*[@id=\"__tile39\"]"}
COMMAND: POST /session/799be37928140a71a03c3bbe373ba355/element/f.19D3A8A536C023AFD4E776B255E62FBE.d.5DE578EDBAC4DE3A463742F7FA59D3ED.e.14918/click - {}
RESULT: {}
COMMAND: POST /session/799be37928140a71a03c3bbe373ba355/element - {"using":"xpath","value":"//button[@data-kt=\"addNewRUOverflowToolbarButton\"]"}
COMMAND: GET /session/799be37928140a71a03c3bbe373ba355/screenshot - {}
RESULT: {"using":"xpath","value":"//button[@data-kt=\"addNewRUOverflowToolbarButton\"]"}
COMMAND: POST /session/799be37928140a71a03c3bbe373ba355/elements - {"using":"xpath","value":"//button[@data-kt=\"addNewRUOverflowToolbarButton\"]"}
RESULT: {}
RESULT: {"using":"xpath","value":"//button[@data-kt=\"addNewRUOverflowToolbarButton\"]"}
COMMAND: POST /session/799be37928140a71a03c3bbe373ba355/elements - {"using":"xpath","value":"//button[@data-kt=\"addNewRUOverflowToolbarButton\"]"}
RESULT: {"using":"xpath","value":"//button[@data-kt=\"addNewRUOverflowToolbarButton\"]"}
COMMAND: POST /session/799be37928140a71a03c3bbe373ba355/elements - {"using":"xpath","value":"//button[@data-kt=\"addNewRUOverflowToolbarButton\"]"}
RESULT: undefined
RESULT: undefined
RESULT: {"using":"xpath","value":"//button[@data-kt=\"addNewRUOverflowToolbarButton\"]"}
COMMAND: POST /session/799be37928140a71a03c3bbe373ba355/elements - {"using":"xpath","value":"//button[@data-kt=\"addNewRUOverflowToolbarButton\"]"}
RESULT: {"using":"xpath","value":"//button[@data-kt=\"addNewRUOverflowToolbarButton\"]"}
COMMAND: POST /session/799be37928140a71a03c3bbe373ba355/elements - {"using":"xpath","value":"//button[@data-kt=\"addNewRUOverflowToolbarButton\"]"}
RESULT: {"using":"xpath","value":"//button[@data-kt=\"addNewRUOverflowToolbarButton\"]"}
COMMAND: POST /session/799be37928140a71a03c3bbe373ba355/elements - {"using":"xpath","value":"//button[@data-kt=\"addNewRUOverflowToolbarButton\"]"}
RESULT: {"using":"xpath","value":"//button[@data-kt=\"addNewRUOverflowToolbarButton\"]"}
COMMAND: POST /session/799be37928140a71a03c3bbe373ba355/elements - {"using":"xpath","value":"//button[@data-kt=\"addNewRUOverflowToolbarButton\"]"}
RESULT: {"using":"xpath","value":"//button[@data-kt=\"addNewRUOverflowToolbarButton\"]"}
COMMAND: POST /session/799be37928140a71a03c3bbe373ba355/elements - {"using":"xpath","value":"//button[@data-kt=\"addNewRUOverflowToolbarButton\"]"}
RESULT: {"using":"xpath","value":"//button[@data-kt=\"addNewRUOverflowToolbarButton\"]"}
COMMAND: POST /session/799be37928140a71a03c3bbe373ba355/elements - {"using":"xpath","value":"//button[@data-kt=\"addNewRUOverflowToolbarButton\"]"}
RESULT: {"using":"xpath","value":"//button[@data-kt=\"addNewRUOverflowToolbarButton\"]"}
COMMAND: POST /session/799be37928140a71a03c3bbe373ba355/elements - {"using":"xpath","value":"//button[@data-kt=\"addNewRUOverflowToolbarButton\"]"}
RESULT: {"using":"xpath","value":"//button[@data-kt=\"addNewRUOverflowToolbarButton\"]"}
COMMAND: POST /session/799be37928140a71a03c3bbe373ba355/elements - {"using":"xpath","value":"//button[@data-kt=\"addNewRUOverflowToolbarButton\"]"}
RESULT: {"using":"xpath","value":"//button[@data-kt=\"addNewRUOverflowToolbarButton\"]"}
COMMAND: POST /session/799be37928140a71a03c3bbe373ba355/elements - {"using":"xpath","value":"//button[@data-kt=\"addNewRUOverflowToolbarButton\"]"}
RESULT: {"using":"xpath","value":"//button[@data-kt=\"addNewRUOverflowToolbarButton\"]"}
COMMAND: POST /session/799be37928140a71a03c3bbe373ba355/elements - {"using":"xpath","value":"//button[@data-kt=\"addNewRUOverflowToolbarButton\"]"}
RESULT: {"using":"xpath","value":"//button[@data-kt=\"addNewRUOverflowToolbarButton\"]"}
COMMAND: POST /session/799be37928140a71a03c3bbe373ba355/elements - {"using":"xpath","value":"//button[@data-kt=\"addNewRUOverflowToolbarButton\"]"}
RESULT: {"using":"xpath","value":"//button[@data-kt=\"addNewRUOverflowToolbarButton\"]"}
COMMAND: POST /session/799be37928140a71a03c3bbe373ba355/elements - {"using":"xpath","value":"//button[@data-kt=\"addNewRUOverflowToolbarButton\"]"}
RESULT: {"using":"xpath","value":"//button[@data-kt=\"addNewRUOverflowToolbarButton\"]"}
COMMAND: POST /session/799be37928140a71a03c3bbe373ba355/elements - {"using":"xpath","value":"//button[@data-kt=\"addNewRUOverflowToolbarButton\"]"}
RESULT: {"using":"xpath","value":"//button[@data-kt=\"addNewRUOverflowToolbarButton\"]"}
COMMAND: POST /session/799be37928140a71a03c3bbe373ba355/elements - {"using":"xpath","value":"//button[@data-kt=\"addNewRUOverflowToolbarButton\"]"}
RESULT: {"using":"xpath","value":"//button[@data-kt=\"addNewRUOverflowToolbarButton\"]"}
COMMAND: POST /session/799be37928140a71a03c3bbe373ba355/elements - {"using":"xpath","value":"//button[@data-kt=\"addNewRUOverflowToolbarButton\"]"}
RESULT: {"using":"xpath","value":"//button[@data-kt=\"addNewRUOverflowToolbarButton\"]"}
COMMAND: POST /session/799be37928140a71a03c3bbe373ba355/elements - {"using":"xpath","value":"//button[@data-kt=\"addNewRUOverflowToolbarButton\"]"}
RESULT: {"using":"xpath","value":"//button[@data-kt=\"addNewRUOverflowToolbarButton\"]"}
COMMAND: POST /session/799be37928140a71a03c3bbe373ba355/elements - {"using":"xpath","value":"//button[@data-kt=\"addNewRUOverflowToolbarButton\"]"}
RESULT: {"using":"xpath","value":"//button[@data-kt=\"addNewRUOverflowToolbarButton\"]"}
COMMAND: POST /session/799be37928140a71a03c3bbe373ba355/element - {"using":"xpath","value":"//button[@data-kt=\"addNewRUOverflowToolbarButton\"]"}
RESULT: {"using":"xpath","value":"//button[@data-kt=\"addNewRUOverflowToolbarButton\"]"}
COMMAND: POST /session/799be37928140a71a03c3bbe373ba355/execute/sync - {"script":"<script> [8489 bytes]","args":[{"element-6066-11e4-a52e-4f735466cecf":"f.19D3A8A536C023AFD4E776B255E62FBE.d.5DE578EDBAC4DE3A463742F7FA59D3ED.e.15049","ELEMENT":"f.19D3A8A536C023AFD4E776B255E62FBE.d.5DE578EDBAC4DE3A463742F7FA59D3ED.e.15049"}]}
RESULT: {"script":"<script> [8489 bytes]","args":[{"element-6066-11e4-a52e-4f735466cecf":"f.19D3A8A536C023AFD4E776B255E62FBE.d.5DE578EDBAC4DE3A463742F7FA59D3ED.e.15049","ELEMENT":"f.19D3A8A536C023AFD4E776B255E62FBE.d.5DE578EDBAC4DE3A463742F7FA59D3ED.e.15049"}]}
COMMAND: GET /session/799be37928140a71a03c3bbe373ba355/element/f.19D3A8A536C023AFD4E776B255E62FBE.d.5DE578EDBAC4DE3A463742F7FA59D3ED.e.15049/enabled - {}
COMMAND: GET /session/799be37928140a71a03c3bbe373ba355/screenshot - {}
RESULT: {}
COMMAND: POST /session/799be37928140a71a03c3bbe373ba355/execute/sync - {"script":"<script> [8489 bytes]","args":[{"element-6066-11e4-a52e-4f735466cecf":"f.19D3A8A536C023AFD4E776B255E62FBE.d.5DE578EDBAC4DE3A463742F7FA59D3ED.e.15049","ELEMENT":"f.19D3A8A536C023AFD4E776B255E62FBE.d.5DE578EDBAC4DE3A463742F7FA59D3ED.e.15049"}]}
COMMAND: GET /session/799be37928140a71a03c3bbe373ba355/screenshot - {}
RESULT: {}
RESULT: {"script":"<script> [8489 bytes]","args":[{"element-6066-11e4-a52e-4f735466cecf":"f.19D3A8A536C023AFD4E776B255E62FBE.d.5DE578EDBAC4DE3A463742F7FA59D3ED.e.15049","ELEMENT":"f.19D3A8A536C023AFD4E776B255E62FBE.d.5DE578EDBAC4DE3A463742F7FA59D3ED.e.15049"}]}
COMMAND: POST /session/799be37928140a71a03c3bbe373ba355/execute/sync - {"script":"<script> [5351 bytes]","args":[{"element-6066-11e4-a52e-4f735466cecf":"f.19D3A8A536C023AFD4E776B255E62FBE.d.5DE578EDBAC4DE3A463742F7FA59D3ED.e.15049","ELEMENT":"f.19D3A8A536C023AFD4E776B255E62FBE.d.5DE578EDBAC4DE3A463742F7FA59D3ED.e.15049"}]}
RESULT: {}
COMMAND: GET /session/799be37928140a71a03c3bbe373ba355/screenshot - {}
RESULT: {"script":"<script> [5351 bytes]","args":[{"element-6066-11e4-a52e-4f735466cecf":"f.19D3A8A536C023AFD4E776B255E62FBE.d.5DE578EDBAC4DE3A463742F7FA59D3ED.e.15049","ELEMENT":"f.19D3A8A536C023AFD4E776B255E62FBE.d.5DE578EDBAC4DE3A463742F7FA59D3ED.e.15049"}]}
COMMAND: POST /session/799be37928140a71a03c3bbe373ba355/element/f.19D3A8A536C023AFD4E776B255E62FBE.d.5DE578EDBAC4DE3A463742F7FA59D3ED.e.15049/click - {}
COMMAND: GET /session/799be37928140a71a03c3bbe373ba355/screenshot - {}
RESULT: {}
RESULT: {}
COMMAND: GET /session/799be37928140a71a03c3bbe373ba355/screenshot - {}
RESULT: {}
COMMAND: POST /session/799be37928140a71a03c3bbe373ba355/execute/async - {"script":"<script> [1562 bytes]","args":[{"selector":{"id":"application-manageresources-display-component---newResourceUnit--TYPE-arrow"},"wdio_ui5_key":"applicationmanageresources-display-component---newResourceUnit--TYPE-arrow"}]}
RESULT: {}
RESULT: {"script":"<script> [1562 bytes]","args":[{"selector":{"id":"application-manageresources-display-component---newResourceUnit--TYPE-arrow"},"wdio_ui5_key":"applicationmanageresources-display-component---newResourceUnit--TYPE-arrow"}]}
RESULT: undefined
COMMAND: POST /session/799be37928140a71a03c3bbe373ba355/element - {"using":"xpath","value":"//*[@id=\"application-manageresources-display-component---newResourceUnit--TYPE-arrow\"]"}
RESULT: {"using":"xpath","value":"//*[@id=\"application-manageresources-display-component---newResourceUnit--TYPE-arrow\"]"}
COMMAND: POST /session/799be37928140a71a03c3bbe373ba355/element/f.19D3A8A536C023AFD4E776B255E62FBE.d.5DE578EDBAC4DE3A463742F7FA59D3ED.e.15219/click - {}
RESULT: {}
COMMAND: POST /session/799be37928140a71a03c3bbe373ba355/element - {"using":"xpath","value":"//input[@id=\"application-manageresources-display-component---newResourceUnit--TYPE-inner\"]"}
COMMAND: GET /session/799be37928140a71a03c3bbe373ba355/screenshot - {}
RESULT: {"using":"xpath","value":"//input[@id=\"application-manageresources-display-component---newResourceUnit--TYPE-inner\"]"}
COMMAND: POST /session/799be37928140a71a03c3bbe373ba355/element/f.19D3A8A536C023AFD4E776B255E62FBE.d.5DE578EDBAC4DE3A463742F7FA59D3ED.e.15103/clear - {}
RESULT: {}
RESULT: {}
COMMAND: POST /session/799be37928140a71a03c3bbe373ba355/element/f.19D3A8A536C023AFD4E776B255E62FBE.d.5DE578EDBAC4DE3A463742F7FA59D3ED.e.15103/value - {"text":"Equipment"}
COMMAND: GET /session/799be37928140a71a03c3bbe373ba355/screenshot - {}
RESULT: {"text":"Equipment"}
COMMAND: GET /session/799be37928140a71a03c3bbe373ba355/screenshot - {}
RESULT: {}
RESULT: {}
COMMAND: POST /session/799be37928140a71a03c3bbe373ba355/actions - {"actions":[{"id":"action48","type":"key","parameters":{},"actions":[{"type":"keyDown","value":""},{"type":"pause","duration":10},{"type":"keyUp","value":""}]}]}
RESULT: {"actions":[{"id":"action48","type":"key","parameters":{},"actions":[{"type":"keyDown","value":""},{"type":"pause","duration":10},{"type":"keyUp","value":""}]}]}
COMMAND: POST /session/799be37928140a71a03c3bbe373ba355/execute/async - {"script":"<script> [1562 bytes]","args":[{"selector":{"id":"application-manageresources-display-component---newResourceUnit--resourceId","interaction":{"idSuffix":"inner"}},"wdio_ui5_key":"applicationmanageresources-display-component---newResourceUnit--resourceId"}]}
COMMAND: GET /session/799be37928140a71a03c3bbe373ba355/screenshot - {}
RESULT: {"script":"<script> [1562 bytes]","args":[{"selector":{"id":"application-manageresources-display-component---newResourceUnit--resourceId","interaction":{"idSuffix":"inner"}},"wdio_ui5_key":"applicationmanageresources-display-component---newResourceUnit--resourceId"}]}
RESULT: undefined
COMMAND: POST /session/799be37928140a71a03c3bbe373ba355/execute/async - {"script":"<script> [776 bytes]","args":[{"enterText":"jMnI7y3MNg","selector":{"id":"application-manageresources-display-component---newResourceUnit--resourceId","interaction":{"idSuffix":"inner"}},"clearTextFirst":true,"interactionType":"ENTER_TEXT"}]}
RESULT: {}
RESULT: {"script":"<script> [776 bytes]","args":[{"enterText":"jMnI7y3MNg","selector":{"id":"application-manageresources-display-component---newResourceUnit--resourceId","interaction":{"idSuffix":"inner"}},"clearTextFirst":true,"interactionType":"ENTER_TEXT"}]}
COMMAND: POST /session/799be37928140a71a03c3bbe373ba355/execute/async - {"script":"<script> [1562 bytes]","args":[{"selector":{"id":"application-manageresources-display-component---newResourceUnit--SHORT_TEXT","interaction":{"idSuffix":"inner"}},"wdio_ui5_key":"applicationmanageresources-display-component---newResourceUnit--SHORT_TEXT"}]}
RESULT: {"script":"<script> [1562 bytes]","args":[{"selector":{"id":"application-manageresources-display-component---newResourceUnit--SHORT_TEXT","interaction":{"idSuffix":"inner"}},"wdio_ui5_key":"applicationmanageresources-display-component---newResourceUnit--SHORT_TEXT"}]}
RESULT: undefined
COMMAND: POST /session/799be37928140a71a03c3bbe373ba355/execute/async - {"script":"<script> [776 bytes]","args":[{"enterText":"Intercompany Equipment WDIO","selector":{"id":"application-manageresources-display-component---newResourceUnit--SHORT_TEXT","interaction":{"idSuffix":"inner"}},"clearTextFirst":true,"interactionType":"ENTER_TEXT"}]}
RESULT: {"script":"<script> [776 bytes]","args":[{"enterText":"Intercompany Equipment WDIO","selector":{"id":"application-manageresources-display-component---newResourceUnit--SHORT_TEXT","interaction":{"idSuffix":"inner"}},"clearTextFirst":true,"interactionType":"ENTER_TEXT"}]}
COMMAND: POST /session/799be37928140a71a03c3bbe373ba355/execute/async - {"script":"<script> [1562 bytes]","args":[{"selector":{"id":"application-manageresources-display-component---newResourceUnit--BASE_UNIT_OF_MEASURE","interaction":{"idSuffix":"inner"}},"wdio_ui5_key":"applicationmanageresources-display-component---newResourceUnit--BASE_UNIT_OF_MEASURE"}]}
RESULT: {"script":"<script> [1562 bytes]","args":[{"selector":{"id":"application-manageresources-display-component---newResourceUnit--BASE_UNIT_OF_MEASURE","interaction":{"idSuffix":"inner"}},"wdio_ui5_key":"applicationmanageresources-display-component---newResourceUnit--BASE_UNIT_OF_MEASURE"}]}
RESULT: undefined
COMMAND: POST /session/799be37928140a71a03c3bbe373ba355/execute/async - {"script":"<script> [776 bytes]","args":[{"enterText":"Piece","selector":{"id":"application-manageresources-display-component---newResourceUnit--BASE_UNIT_OF_MEASURE","interaction":{"idSuffix":"inner"}},"clearTextFirst":true,"interactionType":"ENTER_TEXT"}]}
RESULT: {"script":"<script> [776 bytes]","args":[{"enterText":"Piece","selector":{"id":"application-manageresources-display-component---newResourceUnit--BASE_UNIT_OF_MEASURE","interaction":{"idSuffix":"inner"}},"clearTextFirst":true,"interactionType":"ENTER_TEXT"}]}
COMMAND: POST /session/799be37928140a71a03c3bbe373ba355/execute/async - {"script":"<script> [1562 bytes]","args":[{"selector":{"id":"application-manageresources-display-component---newResourceUnit--WEIGHT_UNIT","interaction":{"idSuffix":"inner"}},"wdio_ui5_key":"applicationmanageresources-display-component---newResourceUnit--WEIGHT_UNIT"}]}
RESULT: {"script":"<script> [1562 bytes]","args":[{"selector":{"id":"application-manageresources-display-component---newResourceUnit--WEIGHT_UNIT","interaction":{"idSuffix":"inner"}},"wdio_ui5_key":"applicationmanageresources-display-component---newResourceUnit--WEIGHT_UNIT"}]}
RESULT: undefined
COMMAND: POST /session/799be37928140a71a03c3bbe373ba355/execute/async - {"script":"<script> [776 bytes]","args":[{"enterText":"Gram","selector":{"id":"application-manageresources-display-component---newResourceUnit--WEIGHT_UNIT","interaction":{"idSuffix":"inner"}},"clearTextFirst":true,"interactionType":"ENTER_TEXT"}]}
RESULT: {"script":"<script> [776 bytes]","args":[{"enterText":"Gram","selector":{"id":"application-manageresources-display-component---newResourceUnit--WEIGHT_UNIT","interaction":{"idSuffix":"inner"}},"clearTextFirst":true,"interactionType":"ENTER_TEXT"}]}
COMMAND: POST /session/799be37928140a71a03c3bbe373ba355/execute/async - {"script":"<script> [1562 bytes]","args":[{"selector":{"id":"application-manageresources-display-component---newResourceUnit--DIMENSION_UNIT","interaction":{"idSuffix":"inner"}},"wdio_ui5_key":"applicationmanageresources-display-component---newResourceUnit--DIMENSION_UNIT"}]}
RESULT: {"script":"<script> [1562 bytes]","args":[{"selector":{"id":"application-manageresources-display-component---newResourceUnit--DIMENSION_UNIT","interaction":{"idSuffix":"inner"}},"wdio_ui5_key":"applicationmanageresources-display-component---newResourceUnit--DIMENSION_UNIT"}]}
RESULT: undefined
COMMAND: POST /session/799be37928140a71a03c3bbe373ba355/execute/async - {"script":"<script> [776 bytes]","args":[{"enterText":"Meter","selector":{"id":"application-manageresources-display-component---newResourceUnit--DIMENSION_UNIT","interaction":{"idSuffix":"inner"}},"clearTextFirst":true,"interactionType":"ENTER_TEXT"}]}
RESULT: {"script":"<script> [776 bytes]","args":[{"enterText":"Meter","selector":{"id":"application-manageresources-display-component---newResourceUnit--DIMENSION_UNIT","interaction":{"idSuffix":"inner"}},"clearTextFirst":true,"interactionType":"ENTER_TEXT"}]}
COMMAND: POST /session/799be37928140a71a03c3bbe373ba355/execute/async - {"script":"<script> [1562 bytes]","args":[{"selector":{"id":"application-manageresources-display-component---newResourceUnit--newRRUPage-anchBar-application-manageresources-display-component---newResourceUnit--control-anchor","interaction":{"idSuffix":"BDI-content"}},"wdio_ui5_key":"applicationmanageresources-display-component---newResourceUnit--newRRUPage-anchBar-application-manageresources-display-component---newResourceUnit--control-anchor"}]}
RESULT: {"script":"<script> [1562 bytes]","args":[{"selector":{"id":"application-manageresources-display-component---newResourceUnit--newRRUPage-anchBar-application-manageresources-display-component---newResourceUnit--control-anchor","interaction":{"idSuffix":"BDI-content"}},"wdio_ui5_key":"applicationmanageresources-display-component---newResourceUnit--newRRUPage-anchBar-application-manageresources-display-component---newResourceUnit--control-anchor"}]}
RESULT: undefined
COMMAND: POST /session/799be37928140a71a03c3bbe373ba355/element - {"using":"xpath","value":"//*[@id=\"application-manageresources-display-component---newResourceUnit--newRRUPage-anchBar-application-manageresources-display-component---newResourceUnit--control-anchor\"]"}
RESULT: {"using":"xpath","value":"//*[@id=\"application-manageresources-display-component---newResourceUnit--newRRUPage-anchBar-application-manageresources-display-component---newResourceUnit--control-anchor\"]"}
COMMAND: POST /session/799be37928140a71a03c3bbe373ba355/element/f.19D3A8A536C023AFD4E776B255E62FBE.d.5DE578EDBAC4DE3A463742F7FA59D3ED.e.15354/click - {}
RESULT: {}
COMMAND: POST /session/799be37928140a71a03c3bbe373ba355/execute/async - {"script":"<script> [1562 bytes]","args":[{"selector":{"id":"application-manageresources-display-component---newResourceUnit--PLANNING_GROUP","interaction":{"idSuffix":"inner"}},"wdio_ui5_key":"applicationmanageresources-display-component---newResourceUnit--PLANNING_GROUP"}]}
COMMAND: GET /session/799be37928140a71a03c3bbe373ba355/screenshot - {}
RESULT: {"script":"<script> [1562 bytes]","args":[{"selector":{"id":"application-manageresources-display-component---newResourceUnit--PLANNING_GROUP","interaction":{"idSuffix":"inner"}},"wdio_ui5_key":"applicationmanageresources-display-component---newResourceUnit--PLANNING_GROUP"}]}
RESULT: undefined
COMMAND: POST /session/799be37928140a71a03c3bbe373ba355/execute/async - {"script":"<script> [776 bytes]","args":[{"enterText":"Heavy Equi","selector":{"id":"application-manageresources-display-component---newResourceUnit--PLANNING_GROUP","interaction":{"idSuffix":"inner"}},"clearTextFirst":true,"interactionType":"ENTER_TEXT"}]}
RESULT: {}
RESULT: {"script":"<script> [776 bytes]","args":[{"enterText":"Heavy Equi","selector":{"id":"application-manageresources-display-component---newResourceUnit--PLANNING_GROUP","interaction":{"idSuffix":"inner"}},"clearTextFirst":true,"interactionType":"ENTER_TEXT"}]}
COMMAND: POST /session/799be37928140a71a03c3bbe373ba355/execute/async - {"script":"<script> [1562 bytes]","args":[{"selector":{"id":"application-manageresources-display-component---newResourceUnit--ITEM_TYPE-arrow"},"wdio_ui5_key":"applicationmanageresources-display-component---newResourceUnit--ITEM_TYPE-arrow"}]}
RESULT: {"script":"<script> [1562 bytes]","args":[{"selector":{"id":"application-manageresources-display-component---newResourceUnit--ITEM_TYPE-arrow"},"wdio_ui5_key":"applicationmanageresources-display-component---newResourceUnit--ITEM_TYPE-arrow"}]}
RESULT: undefined
COMMAND: POST /session/799be37928140a71a03c3bbe373ba355/element - {"using":"xpath","value":"//*[@id=\"application-manageresources-display-component---newResourceUnit--ITEM_TYPE-arrow\"]"}
RESULT: {"using":"xpath","value":"//*[@id=\"application-manageresources-display-component---newResourceUnit--ITEM_TYPE-arrow\"]"}
COMMAND: POST /session/799be37928140a71a03c3bbe373ba355/element/f.19D3A8A536C023AFD4E776B255E62FBE.d.5DE578EDBAC4DE3A463742F7FA59D3ED.e.15361/click - {}
RESULT: {}
COMMAND: POST /session/799be37928140a71a03c3bbe373ba355/element - {"using":"xpath","value":"(//span[contains(text(), \"Resource Unit\")])[2]"}
COMMAND: GET /session/799be37928140a71a03c3bbe373ba355/screenshot - {}
RESULT: {"using":"xpath","value":"(//span[contains(text(), \"Resource Unit\")])[2]"}
COMMAND: POST /session/799be37928140a71a03c3bbe373ba355/element/f.19D3A8A536C023AFD4E776B255E62FBE.d.5DE578EDBAC4DE3A463742F7FA59D3ED.e.15362/click - {}
RESULT: {}
RESULT: {}
COMMAND: GET /session/799be37928140a71a03c3bbe373ba355/screenshot - {}
RESULT: {}
COMMAND: POST /session/799be37928140a71a03c3bbe373ba355/element - {"using":"css selector","value":"#application-manageresources-display-component---newResourceUnit--btnAddTimeSegment"}
RESULT: {"using":"css selector","value":"#application-manageresources-display-component---newResourceUnit--btnAddTimeSegment"}
COMMAND: GET /session/799be37928140a71a03c3bbe373ba355/element/f.19D3A8A536C023AFD4E776B255E62FBE.d.5DE578EDBAC4DE3A463742F7FA59D3ED.e.15363/rect - {}
RESULT: {}
COMMAND: GET /session/799be37928140a71a03c3bbe373ba355/window/rect - {}
RESULT: {}
COMMAND: POST /session/799be37928140a71a03c3bbe373ba355/execute/sync - {"script":"<script> [92 bytes]","args":[]}
RESULT: {"script":"<script> [92 bytes]","args":[]}
COMMAND: POST /session/799be37928140a71a03c3bbe373ba355/actions - {"actions":[{"id":"action49","type":"wheel","parameters":{},"actions":[{"type":"scroll","x":-1888,"y":-32,"deltaX":0,"deltaY":0,"duration":0,"origin":{"element-6066-11e4-a52e-4f735466cecf":"f.19D3A8A536C023AFD4E776B255E62FBE.d.5DE578EDBAC4DE3A463742F7FA59D3ED.e.15363"}}]}]}
COMMAND: GET /session/799be37928140a71a03c3bbe373ba355/screenshot - {}
RESULT: {}
COMMAND: POST /session/799be37928140a71a03c3bbe373ba355/execute/sync - {"script":"<script> [79 bytes]","args":[{"element-6066-11e4-a52e-4f735466cecf":"f.19D3A8A536C023AFD4E776B255E62FBE.d.5DE578EDBAC4DE3A463742F7FA59D3ED.e.15363","ELEMENT":"f.19D3A8A536C023AFD4E776B255E62FBE.d.5DE578EDBAC4DE3A463742F7FA59D3ED.e.15363"},{"block":"start","inline":"nearest"}]}
RESULT: {"script":"<script> [79 bytes]","args":[{"element-6066-11e4-a52e-4f735466cecf":"f.19D3A8A536C023AFD4E776B255E62FBE.d.5DE578EDBAC4DE3A463742F7FA59D3ED.e.15363","ELEMENT":"f.19D3A8A536C023AFD4E776B255E62FBE.d.5DE578EDBAC4DE3A463742F7FA59D3ED.e.15363"},{"block":"start","inline":"nearest"}]}
COMMAND: POST /session/799be37928140a71a03c3bbe373ba355/execute/async - {"script":"<script> [1562 bytes]","args":[{"selector":{"id":"application-manageresources-display-component---newResourceUnit--btnAddTimeSegment","interaction":{"idSuffix":"inner"}},"wdio_ui5_key":"applicationmanageresources-display-component---newResourceUnit--btnAddTimeSegment"}]}
COMMAND: GET /session/799be37928140a71a03c3bbe373ba355/screenshot - {}
RESULT: {"script":"<script> [1562 bytes]","args":[{"selector":{"id":"application-manageresources-display-component---newResourceUnit--btnAddTimeSegment","interaction":{"idSuffix":"inner"}},"wdio_ui5_key":"applicationmanageresources-display-component---newResourceUnit--btnAddTimeSegment"}]}
RESULT: undefined
COMMAND: POST /session/799be37928140a71a03c3bbe373ba355/element - {"using":"xpath","value":"//*[@id=\"application-manageresources-display-component---newResourceUnit--btnAddTimeSegment\"]"}
RESULT: {}
RESULT: {"using":"xpath","value":"//*[@id=\"application-manageresources-display-component---newResourceUnit--btnAddTimeSegment\"]"}
COMMAND: POST /session/799be37928140a71a03c3bbe373ba355/element/f.19D3A8A536C023AFD4E776B255E62FBE.d.5DE578EDBAC4DE3A463742F7FA59D3ED.e.15363/click - {}
RESULT: {}
COMMAND: GET /session/799be37928140a71a03c3bbe373ba355/screenshot - {}
RESULT: {}
COMMAND: POST /session/799be37928140a71a03c3bbe373ba355/element - {"using":"xpath","value":"//input[@id=\"application-manageresources-display-component---newResourceUnit--idRuTSAdmin-application-manageresources-display-component---newResourceUnit--RUTimeSegment-0-inner\"]"}
RESULT: {"using":"xpath","value":"//input[@id=\"application-manageresources-display-component---newResourceUnit--idRuTSAdmin-application-manageresources-display-component---newResourceUnit--RUTimeSegment-0-inner\"]"}
COMMAND: POST /session/799be37928140a71a03c3bbe373ba355/element/f.19D3A8A536C023AFD4E776B255E62FBE.d.5DE578EDBAC4DE3A463742F7FA59D3ED.e.15369/clear - {}
RESULT: {}
COMMAND: POST /session/799be37928140a71a03c3bbe373ba355/element/f.19D3A8A536C023AFD4E776B255E62FBE.d.5DE578EDBAC4DE3A463742F7FA59D3ED.e.15369/value - {"text":"594"}
COMMAND: GET /session/799be37928140a71a03c3bbe373ba355/screenshot - {}
RESULT: {"text":"594"}
COMMAND: GET /session/799be37928140a71a03c3bbe373ba355/screenshot - {}
RESULT: {}
RESULT: {}
COMMAND: POST /session/799be37928140a71a03c3bbe373ba355/element - {"using":"xpath","value":"//li[.//span[text()='594']]"}
RESULT: {"using":"xpath","value":"//li[.//span[text()='594']]"}
COMMAND: POST /session/799be37928140a71a03c3bbe373ba355/element/f.19D3A8A536C023AFD4E776B255E62FBE.d.5DE578EDBAC4DE3A463742F7FA59D3ED.e.15381/click - {}
RESULT: {}
COMMAND: GET /session/799be37928140a71a03c3bbe373ba355/screenshot - {}
RESULT: {}
COMMAND: POST /session/799be37928140a71a03c3bbe373ba355/element - {"using":"xpath","value":"(//span[contains(@id, \"-application-manageresources-display-component---newResourceUnit--RUTimeSegment-0-arrow\")])[6]"}
RESULT: {"using":"xpath","value":"(//span[contains(@id, \"-application-manageresources-display-component---newResourceUnit--RUTimeSegment-0-arrow\")])[6]"}
COMMAND: POST /session/799be37928140a71a03c3bbe373ba355/element/f.19D3A8A536C023AFD4E776B255E62FBE.d.5DE578EDBAC4DE3A463742F7FA59D3ED.e.15382/click - {}
RESULT: {}
COMMAND: POST /session/799be37928140a71a03c3bbe373ba355/element - {"using":"xpath","value":"//span[contains(text(), \"PM Order\")]"}
COMMAND: GET /session/799be37928140a71a03c3bbe373ba355/screenshot - {}
RESULT: {"using":"xpath","value":"//span[contains(text(), \"PM Order\")]"}
COMMAND: POST /session/799be37928140a71a03c3bbe373ba355/element/f.19D3A8A536C023AFD4E776B255E62FBE.d.5DE578EDBAC4DE3A463742F7FA59D3ED.e.15385/click - {}
RESULT: {}
RESULT: {}
COMMAND: GET /session/799be37928140a71a03c3bbe373ba355/screenshot - {}
RESULT: {}
COMMAND: POST /session/799be37928140a71a03c3bbe373ba355/element - {"using":"xpath","value":"(//span[contains(@id ,\"manageresources-display-component---newResourceUnit--RUTimeSegment-0-vhi\")])[2]"}
RESULT: {"using":"xpath","value":"(//span[contains(@id ,\"manageresources-display-component---newResourceUnit--RUTimeSegment-0-vhi\")])[2]"}
COMMAND: POST /session/799be37928140a71a03c3bbe373ba355/element/f.19D3A8A536C023AFD4E776B255E62FBE.d.5DE578EDBAC4DE3A463742F7FA59D3ED.e.15388/click - {}
RESULT: {}
COMMAND: GET /session/799be37928140a71a03c3bbe373ba355/screenshot - {}
RESULT: {}
COMMAND: POST /session/799be37928140a71a03c3bbe373ba355/execute/async - {"script":"<script> [1562 bytes]","args":[{"selector":{"controlType":"sap.m.SearchField","properties":{"placeholder":"Search"},"searchOpenDialogs":true,"interaction":{"idSuffix":"I"}},"wdio_ui5_key":"sapm.SearchField{\"placeholder\":\"Search\"}"}]}
RESULT: {"script":"<script> [1562 bytes]","args":[{"selector":{"controlType":"sap.m.SearchField","properties":{"placeholder":"Search"},"searchOpenDialogs":true,"interaction":{"idSuffix":"I"}},"wdio_ui5_key":"sapm.SearchField{\"placeholder\":\"Search\"}"}]}
RESULT: undefined
COMMAND: POST /session/799be37928140a71a03c3bbe373ba355/execute/async - {"script":"<script> [776 bytes]","args":[{"enterText":"4000360","selector":{"controlType":"sap.m.SearchField","properties":{"placeholder":"Search"},"searchOpenDialogs":true,"interaction":{"idSuffix":"I"}},"clearTextFirst":true,"interactionType":"ENTER_TEXT"}]}
RESULT: {"script":"<script> [776 bytes]","args":[{"enterText":"4000360","selector":{"controlType":"sap.m.SearchField","properties":{"placeholder":"Search"},"searchOpenDialogs":true,"interaction":{"idSuffix":"I"}},"clearTextFirst":true,"interactionType":"ENTER_TEXT"}]}
COMMAND: POST /session/799be37928140a71a03c3bbe373ba355/actions - {"actions":[{"id":"action50","type":"key","parameters":{},"actions":[{"type":"keyDown","value":""},{"type":"pause","duration":10},{"type":"keyUp","value":""}]}]}
RESULT: {"actions":[{"id":"action50","type":"key","parameters":{},"actions":[{"type":"keyDown","value":""},{"type":"pause","duration":10},{"type":"keyUp","value":""}]}]}
COMMAND: GET /session/799be37928140a71a03c3bbe373ba355/screenshot - {}
RESULT: {}
COMMAND: POST /session/799be37928140a71a03c3bbe373ba355/element - {"using":"xpath","value":"//td/div/span[contains(text(), \"BGL Vehicles\")]"}
RESULT: {"using":"xpath","value":"//td/div/span[contains(text(), \"BGL Vehicles\")]"}
COMMAND: POST /session/799be37928140a71a03c3bbe373ba355/element/f.19D3A8A536C023AFD4E776B255E62FBE.d.5DE578EDBAC4DE3A463742F7FA59D3ED.e.15407/click - {}
RESULT: {}
COMMAND: GET /session/799be37928140a71a03c3bbe373ba355/screenshot - {}
RESULT: {}
COMMAND: POST /session/799be37928140a71a03c3bbe373ba355/element - {"using":"xpath","value":"//bdi[contains(text(), \"OK\")]"}
RESULT: {"using":"xpath","value":"//bdi[contains(text(), \"OK\")]"}
COMMAND: POST /session/799be37928140a71a03c3bbe373ba355/element/f.19D3A8A536C023AFD4E776B255E62FBE.d.5DE578EDBAC4DE3A463742F7FA59D3ED.e.15408/click - {}
RESULT: {}
COMMAND: GET /session/799be37928140a71a03c3bbe373ba355/screenshot - {}
RESULT: {}
COMMAND: POST /session/799be37928140a71a03c3bbe373ba355/execute/async - {"script":"<script> [1562 bytes]","args":[{"selector":{"id":"application-manageresources-display-component---newResourceUnit--newRRUPage-anchBar-application-manageresources-display-component---newResourceUnit--resource-anchor","interaction":{"idSuffix":"BDI-content"}},"wdio_ui5_key":"applicationmanageresources-display-component---newResourceUnit--newRRUPage-anchBar-application-manageresources-display-component---newResourceUnit--resource-anchor"}]}
RESULT: {"script":"<script> [1562 bytes]","args":[{"selector":{"id":"application-manageresources-display-component---newResourceUnit--newRRUPage-anchBar-application-manageresources-display-component---newResourceUnit--resource-anchor","interaction":{"idSuffix":"BDI-content"}},"wdio_ui5_key":"applicationmanageresources-display-component---newResourceUnit--newRRUPage-anchBar-application-manageresources-display-component---newResourceUnit--resource-anchor"}]}
RESULT: undefined
COMMAND: POST /session/799be37928140a71a03c3bbe373ba355/element - {"using":"xpath","value":"//*[@id=\"application-manageresources-display-component---newResourceUnit--newRRUPage-anchBar-application-manageresources-display-component---newResourceUnit--resource-anchor\"]"}
RESULT: {"using":"xpath","value":"//*[@id=\"application-manageresources-display-component---newResourceUnit--newRRUPage-anchBar-application-manageresources-display-component---newResourceUnit--resource-anchor\"]"}
COMMAND: POST /session/799be37928140a71a03c3bbe373ba355/element/f.19D3A8A536C023AFD4E776B255E62FBE.d.5DE578EDBAC4DE3A463742F7FA59D3ED.e.15412/click - {}
RESULT: {}
COMMAND: POST /session/799be37928140a71a03c3bbe373ba355/execute/async - {"script":"<script> [1562 bytes]","args":[{"selector":{"id":"application-manageresources-display-component---newResourceUnit--PLANNED_DELIVERY_DATE","interaction":{"idSuffix":"inner"}},"wdio_ui5_key":"applicationmanageresources-display-component---newResourceUnit--PLANNED_DELIVERY_DATE"}]}
COMMAND: GET /session/799be37928140a71a03c3bbe373ba355/screenshot - {}
RESULT: {"script":"<script> [1562 bytes]","args":[{"selector":{"id":"application-manageresources-display-component---newResourceUnit--PLANNED_DELIVERY_DATE","interaction":{"idSuffix":"inner"}},"wdio_ui5_key":"applicationmanageresources-display-component---newResourceUnit--PLANNED_DELIVERY_DATE"}]}
RESULT: undefined
COMMAND: POST /session/799be37928140a71a03c3bbe373ba355/execute/async - {"script":"<script> [6424 bytes]","args":[{"element-6066-11e4-a52e-4f735466cecf":"f.19D3A8A536C023AFD4E776B255E62FBE.d.5DE578EDBAC4DE3A463742F7FA59D3ED.e.15277"},"setValue",["4/19/25"]]}
RESULT: {}
RESULT: {"script":"<script> [6424 bytes]","args":[{"element-6066-11e4-a52e-4f735466cecf":"f.19D3A8A536C023AFD4E776B255E62FBE.d.5DE578EDBAC4DE3A463742F7FA59D3ED.e.15277"},"setValue",["4/19/25"]]}
COMMAND: POST /session/799be37928140a71a03c3bbe373ba355/element - {"using":"xpath","value":"//button[@data-kt=\"resourceUnitSaveButton\"]"}
RESULT: {"using":"xpath","value":"//button[@data-kt=\"resourceUnitSaveButton\"]"}
COMMAND: POST /session/799be37928140a71a03c3bbe373ba355/element/f.19D3A8A536C023AFD4E776B255E62FBE.d.5DE578EDBAC4DE3A463742F7FA59D3ED.e.15238/click - {}
RESULT: {}
COMMAND: GET /session/799be37928140a71a03c3bbe373ba355/screenshot - {}
RESULT: {}
COMMAND: POST /session/799be37928140a71a03c3bbe373ba355/element - {"using":"xpath","value":"//bdi[contains(text(), \"Close\")]"}
RESULT: {"using":"xpath","value":"//bdi[contains(text(), \"Close\")]"}
COMMAND: POST /session/799be37928140a71a03c3bbe373ba355/element/f.19D3A8A536C023AFD4E776B255E62FBE.d.5DE578EDBAC4DE3A463742F7FA59D3ED.e.15420/click - {}
RESULT: {}
COMMAND: GET /session/799be37928140a71a03c3bbe373ba355/screenshot - {}
RESULT: {}
COMMAND: POST /session/799be37928140a71a03c3bbe373ba355/element - {"using":"xpath","value":"(//button[contains(@id ,\"actionsToolbar-overflowButton\")])[1]"}
RESULT: {"using":"xpath","value":"(//button[contains(@id ,\"actionsToolbar-overflowButton\")])[1]"}
COMMAND: POST /session/799be37928140a71a03c3bbe373ba355/element/f.19D3A8A536C023AFD4E776B255E62FBE.d.5DE578EDBAC4DE3A463742F7FA59D3ED.e.15449/click - {}
RESULT: {}
COMMAND: GET /session/799be37928140a71a03c3bbe373ba355/screenshot - {}
RESULT: {}
COMMAND: POST /session/799be37928140a71a03c3bbe373ba355/element - {"using":"xpath","value":"//button[@data-kt=\"priceInfoButton\"]"}
RESULT: {"using":"xpath","value":"//button[@data-kt=\"priceInfoButton\"]"}
COMMAND: POST /session/799be37928140a71a03c3bbe373ba355/element/f.19D3A8A536C023AFD4E776B255E62FBE.d.5DE578EDBAC4DE3A463742F7FA59D3ED.e.15453/click - {}
RESULT: {}
COMMAND: GET /session/799be37928140a71a03c3bbe373ba355/screenshot - {}
]]></system-out>
    </testcase>
    <testcase classname="chrome.135_0_7049_42.windows.Performance_based_billing_(work_days)_US139742" name="Should create a pricing rule perf based on the equipment" time="49.093">
      <system-out><![CDATA[
COMMAND: POST /session/799be37928140a71a03c3bbe373ba355/element - {"using":"xpath","value":"//button[@data-kt=\"addButton\"]"}
RESULT: {}
RESULT: {"using":"xpath","value":"//button[@data-kt=\"addButton\"]"}
COMMAND: POST /session/799be37928140a71a03c3bbe373ba355/elements - {"using":"xpath","value":"//button[@data-kt=\"addButton\"]"}
RESULT: {"using":"xpath","value":"//button[@data-kt=\"addButton\"]"}
COMMAND: POST /session/799be37928140a71a03c3bbe373ba355/execute/sync - {"script":"<script> [8489 bytes]","args":[{"element-6066-11e4-a52e-4f735466cecf":"f.19D3A8A536C023AFD4E776B255E62FBE.d.5DE578EDBAC4DE3A463742F7FA59D3ED.e.15489","ELEMENT":"f.19D3A8A536C023AFD4E776B255E62FBE.d.5DE578EDBAC4DE3A463742F7FA59D3ED.e.15489"}]}
RESULT: {"script":"<script> [8489 bytes]","args":[{"element-6066-11e4-a52e-4f735466cecf":"f.19D3A8A536C023AFD4E776B255E62FBE.d.5DE578EDBAC4DE3A463742F7FA59D3ED.e.15489","ELEMENT":"f.19D3A8A536C023AFD4E776B255E62FBE.d.5DE578EDBAC4DE3A463742F7FA59D3ED.e.15489"}]}
COMMAND: GET /session/799be37928140a71a03c3bbe373ba355/element/f.19D3A8A536C023AFD4E776B255E62FBE.d.5DE578EDBAC4DE3A463742F7FA59D3ED.e.15489/enabled - {}
COMMAND: GET /session/799be37928140a71a03c3bbe373ba355/screenshot - {}
RESULT: {}
COMMAND: POST /session/799be37928140a71a03c3bbe373ba355/execute/sync - {"script":"<script> [8489 bytes]","args":[{"element-6066-11e4-a52e-4f735466cecf":"f.19D3A8A536C023AFD4E776B255E62FBE.d.5DE578EDBAC4DE3A463742F7FA59D3ED.e.15489","ELEMENT":"f.19D3A8A536C023AFD4E776B255E62FBE.d.5DE578EDBAC4DE3A463742F7FA59D3ED.e.15489"}]}
COMMAND: GET /session/799be37928140a71a03c3bbe373ba355/screenshot - {}
RESULT: {}
RESULT: {"script":"<script> [8489 bytes]","args":[{"element-6066-11e4-a52e-4f735466cecf":"f.19D3A8A536C023AFD4E776B255E62FBE.d.5DE578EDBAC4DE3A463742F7FA59D3ED.e.15489","ELEMENT":"f.19D3A8A536C023AFD4E776B255E62FBE.d.5DE578EDBAC4DE3A463742F7FA59D3ED.e.15489"}]}
COMMAND: POST /session/799be37928140a71a03c3bbe373ba355/execute/sync - {"script":"<script> [5351 bytes]","args":[{"element-6066-11e4-a52e-4f735466cecf":"f.19D3A8A536C023AFD4E776B255E62FBE.d.5DE578EDBAC4DE3A463742F7FA59D3ED.e.15489","ELEMENT":"f.19D3A8A536C023AFD4E776B255E62FBE.d.5DE578EDBAC4DE3A463742F7FA59D3ED.e.15489"}]}
COMMAND: GET /session/799be37928140a71a03c3bbe373ba355/screenshot - {}
RESULT: {}
RESULT: {"script":"<script> [5351 bytes]","args":[{"element-6066-11e4-a52e-4f735466cecf":"f.19D3A8A536C023AFD4E776B255E62FBE.d.5DE578EDBAC4DE3A463742F7FA59D3ED.e.15489","ELEMENT":"f.19D3A8A536C023AFD4E776B255E62FBE.d.5DE578EDBAC4DE3A463742F7FA59D3ED.e.15489"}]}
COMMAND: POST /session/799be37928140a71a03c3bbe373ba355/element/f.19D3A8A536C023AFD4E776B255E62FBE.d.5DE578EDBAC4DE3A463742F7FA59D3ED.e.15489/click - {}
COMMAND: GET /session/799be37928140a71a03c3bbe373ba355/screenshot - {}
RESULT: {}
RESULT: {}
COMMAND: GET /session/799be37928140a71a03c3bbe373ba355/screenshot - {}
RESULT: {}
RESULT: {}
COMMAND: POST /session/799be37928140a71a03c3bbe373ba355/execute/async - {"script":"<script> [1562 bytes]","args":[{"selector":{"controlType":"sap.m.Title","viewName":"etm.portal.ui.managepricingrules.view.NewItem","viewId":"application-managepricingrules-display-component---newInfoPriceItem","properties":{"text":"New Pricing Rules - Item Level"}},"wdio_ui5_key":"etmportal.ui.managepricingrules.view.NewItemsap.m.Title{\"text\":\"New Pricing Rules - Item Level\"}"}]}
RESULT: {"script":"<script> [1562 bytes]","args":[{"selector":{"controlType":"sap.m.Title","viewName":"etm.portal.ui.managepricingrules.view.NewItem","viewId":"application-managepricingrules-display-component---newInfoPriceItem","properties":{"text":"New Pricing Rules - Item Level"}},"wdio_ui5_key":"etmportal.ui.managepricingrules.view.NewItemsap.m.Title{\"text\":\"New Pricing Rules - Item Level\"}"}]}
RESULT: undefined
COMMAND: POST /session/799be37928140a71a03c3bbe373ba355/execute/async - {"script":"<script> [6424 bytes]","args":[{"element-6066-11e4-a52e-4f735466cecf":"f.19D3A8A536C023AFD4E776B255E62FBE.d.5DE578EDBAC4DE3A463742F7FA59D3ED.e.15571"},"getText",[]]}
RESULT: {"script":"<script> [6424 bytes]","args":[{"element-6066-11e4-a52e-4f735466cecf":"f.19D3A8A536C023AFD4E776B255E62FBE.d.5DE578EDBAC4DE3A463742F7FA59D3ED.e.15571"},"getText",[]]}
COMMAND: POST /session/799be37928140a71a03c3bbe373ba355/execute/async - {"script":"<script> [1562 bytes]","args":[{"selector":{"id":"application-managepricingrules-display-component---newInfoPriceItem--condValidTo","interaction":{"idSuffix":"inner"}},"wdio_ui5_key":"applicationmanagepricingrules-display-component---newInfoPriceItem--condValidTo"}]}
RESULT: {"script":"<script> [1562 bytes]","args":[{"selector":{"id":"application-managepricingrules-display-component---newInfoPriceItem--condValidTo","interaction":{"idSuffix":"inner"}},"wdio_ui5_key":"applicationmanagepricingrules-display-component---newInfoPriceItem--condValidTo"}]}
RESULT: undefined
COMMAND: POST /session/799be37928140a71a03c3bbe373ba355/execute/async - {"script":"<script> [776 bytes]","args":[{"enterText":"12/19/25","selector":{"id":"application-managepricingrules-display-component---newInfoPriceItem--condValidTo","interaction":{"idSuffix":"inner"}},"clearTextFirst":true,"interactionType":"ENTER_TEXT"}]}
RESULT: {"script":"<script> [776 bytes]","args":[{"enterText":"12/19/25","selector":{"id":"application-managepricingrules-display-component---newInfoPriceItem--condValidTo","interaction":{"idSuffix":"inner"}},"clearTextFirst":true,"interactionType":"ENTER_TEXT"}]}
COMMAND: POST /session/799be37928140a71a03c3bbe373ba355/execute/async - {"script":"<script> [1562 bytes]","args":[{"selector":{"id":"application-managepricingrules-display-component---newInfoPriceItem--billType-arrow"},"wdio_ui5_key":"applicationmanagepricingrules-display-component---newInfoPriceItem--billType-arrow"}]}
RESULT: {"script":"<script> [1562 bytes]","args":[{"selector":{"id":"application-managepricingrules-display-component---newInfoPriceItem--billType-arrow"},"wdio_ui5_key":"applicationmanagepricingrules-display-component---newInfoPriceItem--billType-arrow"}]}
RESULT: undefined
COMMAND: POST /session/799be37928140a71a03c3bbe373ba355/element - {"using":"xpath","value":"//*[@id=\"application-managepricingrules-display-component---newInfoPriceItem--billType-arrow\"]"}
RESULT: {"using":"xpath","value":"//*[@id=\"application-managepricingrules-display-component---newInfoPriceItem--billType-arrow\"]"}
COMMAND: POST /session/799be37928140a71a03c3bbe373ba355/element/f.19D3A8A536C023AFD4E776B255E62FBE.d.5DE578EDBAC4DE3A463742F7FA59D3ED.e.15575/click - {}
RESULT: {}
COMMAND: POST /session/799be37928140a71a03c3bbe373ba355/element - {"using":"xpath","value":"//span[contains(text(), \"PB - Performance based\")]"}
COMMAND: GET /session/799be37928140a71a03c3bbe373ba355/screenshot - {}
RESULT: {"using":"xpath","value":"//span[contains(text(), \"PB - Performance based\")]"}
COMMAND: POST /session/799be37928140a71a03c3bbe373ba355/element/f.19D3A8A536C023AFD4E776B255E62FBE.d.5DE578EDBAC4DE3A463742F7FA59D3ED.e.15576/click - {}
RESULT: {}
RESULT: {}
COMMAND: POST /session/799be37928140a71a03c3bbe373ba355/execute/async - {"script":"<script> [1562 bytes]","args":[{"selector":{"id":"application-managepricingrules-display-component---newInfoPriceItem--priceProc-arrow"},"wdio_ui5_key":"applicationmanagepricingrules-display-component---newInfoPriceItem--priceProc-arrow"}]}
COMMAND: GET /session/799be37928140a71a03c3bbe373ba355/screenshot - {}
RESULT: {"script":"<script> [1562 bytes]","args":[{"selector":{"id":"application-managepricingrules-display-component---newInfoPriceItem--priceProc-arrow"},"wdio_ui5_key":"applicationmanagepricingrules-display-component---newInfoPriceItem--priceProc-arrow"}]}
RESULT: undefined
COMMAND: POST /session/799be37928140a71a03c3bbe373ba355/element - {"using":"xpath","value":"//*[@id=\"application-managepricingrules-display-component---newInfoPriceItem--priceProc-arrow\"]"}
RESULT: {}
RESULT: {"using":"xpath","value":"//*[@id=\"application-managepricingrules-display-component---newInfoPriceItem--priceProc-arrow\"]"}
COMMAND: POST /session/799be37928140a71a03c3bbe373ba355/element/f.19D3A8A536C023AFD4E776B255E62FBE.d.5DE578EDBAC4DE3A463742F7FA59D3ED.e.15577/click - {}
RESULT: {}
COMMAND: POST /session/799be37928140a71a03c3bbe373ba355/element - {"using":"xpath","value":"//span[contains(text(), \"PRF - Performance based\")]"}
COMMAND: GET /session/799be37928140a71a03c3bbe373ba355/screenshot - {}
RESULT: {"using":"xpath","value":"//span[contains(text(), \"PRF - Performance based\")]"}
COMMAND: POST /session/799be37928140a71a03c3bbe373ba355/element/f.19D3A8A536C023AFD4E776B255E62FBE.d.5DE578EDBAC4DE3A463742F7FA59D3ED.e.15578/click - {}
RESULT: {}
RESULT: {}
COMMAND: POST /session/799be37928140a71a03c3bbe373ba355/execute/async - {"script":"<script> [1562 bytes]","args":[{"selector":{"id":"application-managepricingrules-display-component---newInfoPriceItem--calcBase-arrow"},"wdio_ui5_key":"applicationmanagepricingrules-display-component---newInfoPriceItem--calcBase-arrow"}]}
COMMAND: GET /session/799be37928140a71a03c3bbe373ba355/screenshot - {}
RESULT: {"script":"<script> [1562 bytes]","args":[{"selector":{"id":"application-managepricingrules-display-component---newInfoPriceItem--calcBase-arrow"},"wdio_ui5_key":"applicationmanagepricingrules-display-component---newInfoPriceItem--calcBase-arrow"}]}
RESULT: undefined
COMMAND: POST /session/799be37928140a71a03c3bbe373ba355/element - {"using":"xpath","value":"//*[@id=\"application-managepricingrules-display-component---newInfoPriceItem--calcBase-arrow\"]"}
RESULT: {}
RESULT: {"using":"xpath","value":"//*[@id=\"application-managepricingrules-display-component---newInfoPriceItem--calcBase-arrow\"]"}
COMMAND: POST /session/799be37928140a71a03c3bbe373ba355/element/f.19D3A8A536C023AFD4E776B255E62FBE.d.5DE578EDBAC4DE3A463742F7FA59D3ED.e.15579/click - {}
RESULT: {}
COMMAND: GET /session/799be37928140a71a03c3bbe373ba355/screenshot - {}
RESULT: {}
COMMAND: POST /session/799be37928140a71a03c3bbe373ba355/element - {"using":"xpath","value":"//span[contains(text(), \"0007 - PB(work days)\")]"}
RESULT: {"using":"xpath","value":"//span[contains(text(), \"0007 - PB(work days)\")]"}
COMMAND: POST /session/799be37928140a71a03c3bbe373ba355/element/f.19D3A8A536C023AFD4E776B255E62FBE.d.5DE578EDBAC4DE3A463742F7FA59D3ED.e.15580/click - {}
RESULT: {}
COMMAND: GET /session/799be37928140a71a03c3bbe373ba355/screenshot - {}
RESULT: {}
COMMAND: POST /session/799be37928140a71a03c3bbe373ba355/execute/async - {"script":"<script> [1562 bytes]","args":[{"selector":{"id":"application-managepricingrules-display-component---newInfoPriceItem--hoursMonth","interaction":{"idSuffix":"inner"}},"wdio_ui5_key":"applicationmanagepricingrules-display-component---newInfoPriceItem--hoursMonth"}]}
RESULT: {"script":"<script> [1562 bytes]","args":[{"selector":{"id":"application-managepricingrules-display-component---newInfoPriceItem--hoursMonth","interaction":{"idSuffix":"inner"}},"wdio_ui5_key":"applicationmanagepricingrules-display-component---newInfoPriceItem--hoursMonth"}]}
RESULT: undefined
COMMAND: POST /session/799be37928140a71a03c3bbe373ba355/execute/async - {"script":"<script> [776 bytes]","args":[{"enterText":"160","selector":{"id":"application-managepricingrules-display-component---newInfoPriceItem--hoursMonth","interaction":{"idSuffix":"inner"}},"clearTextFirst":true,"interactionType":"ENTER_TEXT"}]}
RESULT: {"script":"<script> [776 bytes]","args":[{"enterText":"160","selector":{"id":"application-managepricingrules-display-component---newInfoPriceItem--hoursMonth","interaction":{"idSuffix":"inner"}},"clearTextFirst":true,"interactionType":"ENTER_TEXT"}]}
COMMAND: POST /session/799be37928140a71a03c3bbe373ba355/element - {"using":"xpath","value":"//button[@data-kt=\"saveNewRuleButton\"]"}
RESULT: {"using":"xpath","value":"//button[@data-kt=\"saveNewRuleButton\"]"}
COMMAND: POST /session/799be37928140a71a03c3bbe373ba355/element/f.19D3A8A536C023AFD4E776B255E62FBE.d.5DE578EDBAC4DE3A463742F7FA59D3ED.e.15582/click - {}
RESULT: {}
COMMAND: GET /session/799be37928140a71a03c3bbe373ba355/screenshot - {}
RESULT: {}
COMMAND: POST /session/799be37928140a71a03c3bbe373ba355/execute/async - {"script":"<script> [1562 bytes]","args":[{"selector":{"id":"application-managepricingrules-display-component---priceInfoItem--smartFilterBar-btnBasicSearch","interaction":{"idSuffix":"I"}},"wdio_ui5_key":"applicationmanagepricingrules-display-component---priceInfoItem--smartFilterBar-btnBasicSearch"}]}
RESULT: {"script":"<script> [1562 bytes]","args":[{"selector":{"id":"application-managepricingrules-display-component---priceInfoItem--smartFilterBar-btnBasicSearch","interaction":{"idSuffix":"I"}},"wdio_ui5_key":"applicationmanagepricingrules-display-component---priceInfoItem--smartFilterBar-btnBasicSearch"}]}
RESULT: undefined
COMMAND: POST /session/799be37928140a71a03c3bbe373ba355/execute/async - {"script":"<script> [776 bytes]","args":[{"enterText":"jMnI7y3MNg","selector":{"id":"application-managepricingrules-display-component---priceInfoItem--smartFilterBar-btnBasicSearch","interaction":{"idSuffix":"I"}},"clearTextFirst":true,"interactionType":"ENTER_TEXT"}]}
RESULT: {"script":"<script> [776 bytes]","args":[{"enterText":"jMnI7y3MNg","selector":{"id":"application-managepricingrules-display-component---priceInfoItem--smartFilterBar-btnBasicSearch","interaction":{"idSuffix":"I"}},"clearTextFirst":true,"interactionType":"ENTER_TEXT"}]}
COMMAND: POST /session/799be37928140a71a03c3bbe373ba355/actions - {"actions":[{"id":"action51","type":"key","parameters":{},"actions":[{"type":"keyDown","value":""},{"type":"pause","duration":10},{"type":"keyUp","value":""}]}]}
RESULT: {"actions":[{"id":"action51","type":"key","parameters":{},"actions":[{"type":"keyDown","value":""},{"type":"pause","duration":10},{"type":"keyUp","value":""}]}]}
COMMAND: GET /session/799be37928140a71a03c3bbe373ba355/screenshot - {}
RESULT: {}
COMMAND: POST /session/799be37928140a71a03c3bbe373ba355/element - {"using":"xpath","value":"//span[@id=\"application-managepricingrules-display-component---priceInfoItem--smartTable-header-inner\"]"}
RESULT: {"using":"xpath","value":"//span[@id=\"application-managepricingrules-display-component---priceInfoItem--smartTable-header-inner\"]"}
COMMAND: POST /session/799be37928140a71a03c3bbe373ba355/elements - {"using":"xpath","value":"//span[@id=\"application-managepricingrules-display-component---priceInfoItem--smartTable-header-inner\"]"}
RESULT: {"using":"xpath","value":"//span[@id=\"application-managepricingrules-display-component---priceInfoItem--smartTable-header-inner\"]"}
COMMAND: POST /session/799be37928140a71a03c3bbe373ba355/execute/sync - {"script":"<script> [56 bytes]","args":[{"element-6066-11e4-a52e-4f735466cecf":"f.19D3A8A536C023AFD4E776B255E62FBE.d.5DE578EDBAC4DE3A463742F7FA59D3ED.e.15605","ELEMENT":"f.19D3A8A536C023AFD4E776B255E62FBE.d.5DE578EDBAC4DE3A463742F7FA59D3ED.e.15605"}]}
RESULT: {"script":"<script> [56 bytes]","args":[{"element-6066-11e4-a52e-4f735466cecf":"f.19D3A8A536C023AFD4E776B255E62FBE.d.5DE578EDBAC4DE3A463742F7FA59D3ED.e.15605","ELEMENT":"f.19D3A8A536C023AFD4E776B255E62FBE.d.5DE578EDBAC4DE3A463742F7FA59D3ED.e.15605"}]}
COMMAND: POST /session/799be37928140a71a03c3bbe373ba355/element - {"using":"css selector","value":"#shell-header-logo"}
COMMAND: GET /session/799be37928140a71a03c3bbe373ba355/screenshot - {}
RESULT: {"using":"css selector","value":"#shell-header-logo"}
COMMAND: POST /session/799be37928140a71a03c3bbe373ba355/element/f.19D3A8A536C023AFD4E776B255E62FBE.d.5DE578EDBAC4DE3A463742F7FA59D3ED.e.15019/click - {}
RESULT: {}
RESULT: {}
COMMAND: GET /session/799be37928140a71a03c3bbe373ba355/screenshot - {}
RESULT: {}
]]></system-out>
    </testcase>
    <testcase classname="chrome.135_0_7049_42.windows.Performance_based_billing_(work_days)_US139742" name="Should create a performance based billing condition on the equipment" time="64.397">
      <system-out><![CDATA[
COMMAND: POST /session/799be37928140a71a03c3bbe373ba355/execute/async - {"script":"<script> [1562 bytes]","args":[{"selector":{"controlType":"sap.m.Text","properties":{"text":"Manage Conditions & Prices"},"interaction":{"idSuffix":"inner"}},"wdio_ui5_key":"sapm.Text{\"text\":\"Manage Conditions & Prices\"}"}]}
RESULT: {"script":"<script> [1562 bytes]","args":[{"selector":{"controlType":"sap.m.Text","properties":{"text":"Manage Conditions & Prices"},"interaction":{"idSuffix":"inner"}},"wdio_ui5_key":"sapm.Text{\"text\":\"Manage Conditions & Prices\"}"}]}
RESULT: undefined
COMMAND: POST /session/799be37928140a71a03c3bbe373ba355/element - {"using":"xpath","value":"//*[@id=\"__tile53-title\"]"}
RESULT: {"using":"xpath","value":"//*[@id=\"__tile53-title\"]"}
COMMAND: POST /session/799be37928140a71a03c3bbe373ba355/element/f.19D3A8A536C023AFD4E776B255E62FBE.d.5DE578EDBAC4DE3A463742F7FA59D3ED.e.15608/click - {}
RESULT: {}
COMMAND: POST /session/799be37928140a71a03c3bbe373ba355/element - {"using":"xpath","value":"//button[@aria-label=\"Create\"]"}
COMMAND: GET /session/799be37928140a71a03c3bbe373ba355/screenshot - {}
RESULT: {"using":"xpath","value":"//button[@aria-label=\"Create\"]"}
COMMAND: POST /session/799be37928140a71a03c3bbe373ba355/elements - {"using":"xpath","value":"//button[@aria-label=\"Create\"]"}
RESULT: {}
RESULT: {"using":"xpath","value":"//button[@aria-label=\"Create\"]"}
COMMAND: POST /session/799be37928140a71a03c3bbe373ba355/element - {"using":"xpath","value":"//button[@aria-label=\"Create\"]"}
RESULT: {"using":"xpath","value":"//button[@aria-label=\"Create\"]"}
COMMAND: POST /session/799be37928140a71a03c3bbe373ba355/execute/sync - {"script":"<script> [8489 bytes]","args":[{"element-6066-11e4-a52e-4f735466cecf":"f.19D3A8A536C023AFD4E776B255E62FBE.d.5DE578EDBAC4DE3A463742F7FA59D3ED.e.15642","ELEMENT":"f.19D3A8A536C023AFD4E776B255E62FBE.d.5DE578EDBAC4DE3A463742F7FA59D3ED.e.15642"}]}
RESULT: {"script":"<script> [8489 bytes]","args":[{"element-6066-11e4-a52e-4f735466cecf":"f.19D3A8A536C023AFD4E776B255E62FBE.d.5DE578EDBAC4DE3A463742F7FA59D3ED.e.15642","ELEMENT":"f.19D3A8A536C023AFD4E776B255E62FBE.d.5DE578EDBAC4DE3A463742F7FA59D3ED.e.15642"}]}
COMMAND: GET /session/799be37928140a71a03c3bbe373ba355/element/f.19D3A8A536C023AFD4E776B255E62FBE.d.5DE578EDBAC4DE3A463742F7FA59D3ED.e.15642/enabled - {}
COMMAND: GET /session/799be37928140a71a03c3bbe373ba355/screenshot - {}
RESULT: {}
COMMAND: POST /session/799be37928140a71a03c3bbe373ba355/execute/sync - {"script":"<script> [8489 bytes]","args":[{"element-6066-11e4-a52e-4f735466cecf":"f.19D3A8A536C023AFD4E776B255E62FBE.d.5DE578EDBAC4DE3A463742F7FA59D3ED.e.15642","ELEMENT":"f.19D3A8A536C023AFD4E776B255E62FBE.d.5DE578EDBAC4DE3A463742F7FA59D3ED.e.15642"}]}
COMMAND: GET /session/799be37928140a71a03c3bbe373ba355/screenshot - {}
RESULT: {}
RESULT: {"script":"<script> [8489 bytes]","args":[{"element-6066-11e4-a52e-4f735466cecf":"f.19D3A8A536C023AFD4E776B255E62FBE.d.5DE578EDBAC4DE3A463742F7FA59D3ED.e.15642","ELEMENT":"f.19D3A8A536C023AFD4E776B255E62FBE.d.5DE578EDBAC4DE3A463742F7FA59D3ED.e.15642"}]}
COMMAND: POST /session/799be37928140a71a03c3bbe373ba355/execute/sync - {"script":"<script> [5351 bytes]","args":[{"element-6066-11e4-a52e-4f735466cecf":"f.19D3A8A536C023AFD4E776B255E62FBE.d.5DE578EDBAC4DE3A463742F7FA59D3ED.e.15642","ELEMENT":"f.19D3A8A536C023AFD4E776B255E62FBE.d.5DE578EDBAC4DE3A463742F7FA59D3ED.e.15642"}]}
COMMAND: GET /session/799be37928140a71a03c3bbe373ba355/screenshot - {}
RESULT: {}
RESULT: {"script":"<script> [5351 bytes]","args":[{"element-6066-11e4-a52e-4f735466cecf":"f.19D3A8A536C023AFD4E776B255E62FBE.d.5DE578EDBAC4DE3A463742F7FA59D3ED.e.15642","ELEMENT":"f.19D3A8A536C023AFD4E776B255E62FBE.d.5DE578EDBAC4DE3A463742F7FA59D3ED.e.15642"}]}
COMMAND: POST /session/799be37928140a71a03c3bbe373ba355/element/f.19D3A8A536C023AFD4E776B255E62FBE.d.5DE578EDBAC4DE3A463742F7FA59D3ED.e.15642/click - {}
COMMAND: GET /session/799be37928140a71a03c3bbe373ba355/screenshot - {}
RESULT: {}
RESULT: {}
COMMAND: GET /session/799be37928140a71a03c3bbe373ba355/screenshot - {}
RESULT: {}
RESULT: {}
COMMAND: POST /session/799be37928140a71a03c3bbe373ba355/actions - {"actions":[{"id":"action52","type":"key","parameters":{},"actions":[{"type":"keyDown","value":""},{"type":"pause","duration":10},{"type":"keyUp","value":""}]}]}
RESULT: {"actions":[{"id":"action52","type":"key","parameters":{},"actions":[{"type":"keyDown","value":""},{"type":"pause","duration":10},{"type":"keyUp","value":""}]}]}
COMMAND: GET /session/799be37928140a71a03c3bbe373ba355/screenshot - {}
RESULT: {}
COMMAND: POST /session/799be37928140a71a03c3bbe373ba355/execute/async - {"script":"<script> [1562 bytes]","args":[{"selector":{"id":"application-manageconditionprice-display-component---newCondition--condBillCond-arrow"},"wdio_ui5_key":"applicationmanageconditionprice-display-component---newCondition--condBillCond-arrow"}]}
RESULT: {"script":"<script> [1562 bytes]","args":[{"selector":{"id":"application-manageconditionprice-display-component---newCondition--condBillCond-arrow"},"wdio_ui5_key":"applicationmanageconditionprice-display-component---newCondition--condBillCond-arrow"}]}
RESULT: undefined
COMMAND: POST /session/799be37928140a71a03c3bbe373ba355/element - {"using":"xpath","value":"//*[@id=\"application-manageconditionprice-display-component---newCondition--condBillCond-arrow\"]"}
RESULT: {"using":"xpath","value":"//*[@id=\"application-manageconditionprice-display-component---newCondition--condBillCond-arrow\"]"}
COMMAND: POST /session/799be37928140a71a03c3bbe373ba355/element/f.19D3A8A536C023AFD4E776B255E62FBE.d.5DE578EDBAC4DE3A463742F7FA59D3ED.e.15819/click - {}
RESULT: {}
COMMAND: GET /session/799be37928140a71a03c3bbe373ba355/screenshot - {}
RESULT: {}
COMMAND: POST /session/799be37928140a71a03c3bbe373ba355/element - {"using":"xpath","value":"//li[.//span[contains(text(), \"PC06 - Performance Price - fuel\")]]"}
RESULT: {"using":"xpath","value":"//li[.//span[contains(text(), \"PC06 - Performance Price - fuel\")]]"}
COMMAND: POST /session/799be37928140a71a03c3bbe373ba355/element/f.19D3A8A536C023AFD4E776B255E62FBE.d.5DE578EDBAC4DE3A463742F7FA59D3ED.e.15822/click - {}
RESULT: {}
COMMAND: GET /session/799be37928140a71a03c3bbe373ba355/screenshot - {}
RESULT: {}
COMMAND: POST /session/799be37928140a71a03c3bbe373ba355/execute/async - {"script":"<script> [1562 bytes]","args":[{"selector":{"id":"application-manageconditionprice-display-component---newCondition--condValidTo","interaction":{"idSuffix":"inner"}},"wdio_ui5_key":"applicationmanageconditionprice-display-component---newCondition--condValidTo"}]}
RESULT: {"script":"<script> [1562 bytes]","args":[{"selector":{"id":"application-manageconditionprice-display-component---newCondition--condValidTo","interaction":{"idSuffix":"inner"}},"wdio_ui5_key":"applicationmanageconditionprice-display-component---newCondition--condValidTo"}]}
RESULT: undefined
COMMAND: POST /session/799be37928140a71a03c3bbe373ba355/execute/async - {"script":"<script> [776 bytes]","args":[{"enterText":"12/19/25","selector":{"id":"application-manageconditionprice-display-component---newCondition--condValidTo","interaction":{"idSuffix":"inner"}},"clearTextFirst":true,"interactionType":"ENTER_TEXT"}]}
RESULT: {"script":"<script> [776 bytes]","args":[{"enterText":"12/19/25","selector":{"id":"application-manageconditionprice-display-component---newCondition--condValidTo","interaction":{"idSuffix":"inner"}},"clearTextFirst":true,"interactionType":"ENTER_TEXT"}]}
COMMAND: POST /session/799be37928140a71a03c3bbe373ba355/element - {"using":"xpath","value":"//input[@id=\"application-manageconditionprice-display-component---newCondition--condRU-inner\"]"}
RESULT: {"using":"xpath","value":"//input[@id=\"application-manageconditionprice-display-component---newCondition--condRU-inner\"]"}
COMMAND: POST /session/799be37928140a71a03c3bbe373ba355/element/f.19D3A8A536C023AFD4E776B255E62FBE.d.5DE578EDBAC4DE3A463742F7FA59D3ED.e.15684/clear - {}
RESULT: {}
COMMAND: POST /session/799be37928140a71a03c3bbe373ba355/element/f.19D3A8A536C023AFD4E776B255E62FBE.d.5DE578EDBAC4DE3A463742F7FA59D3ED.e.15684/value - {"text":"jMnI7y3MNg"}
COMMAND: GET /session/799be37928140a71a03c3bbe373ba355/screenshot - {}
RESULT: {"text":"jMnI7y3MNg"}
COMMAND: GET /session/799be37928140a71a03c3bbe373ba355/screenshot - {}
RESULT: {}
RESULT: {}
COMMAND: POST /session/799be37928140a71a03c3bbe373ba355/actions - {"actions":[{"id":"action53","type":"key","parameters":{},"actions":[{"type":"keyDown","value":""},{"type":"pause","duration":10},{"type":"keyUp","value":""}]}]}
RESULT: {"actions":[{"id":"action53","type":"key","parameters":{},"actions":[{"type":"keyDown","value":""},{"type":"pause","duration":10},{"type":"keyUp","value":""}]}]}
COMMAND: POST /session/799be37928140a71a03c3bbe373ba355/execute/async - {"script":"<script> [1562 bytes]","args":[{"selector":{"id":"application-manageconditionprice-display-component---newCondition--condBaseQty","interaction":{"idSuffix":"inner"}},"wdio_ui5_key":"applicationmanageconditionprice-display-component---newCondition--condBaseQty"}]}
COMMAND: GET /session/799be37928140a71a03c3bbe373ba355/screenshot - {}
RESULT: {"script":"<script> [1562 bytes]","args":[{"selector":{"id":"application-manageconditionprice-display-component---newCondition--condBaseQty","interaction":{"idSuffix":"inner"}},"wdio_ui5_key":"applicationmanageconditionprice-display-component---newCondition--condBaseQty"}]}
RESULT: undefined
COMMAND: POST /session/799be37928140a71a03c3bbe373ba355/execute/async - {"script":"<script> [776 bytes]","args":[{"enterText":"1","selector":{"id":"application-manageconditionprice-display-component---newCondition--condBaseQty","interaction":{"idSuffix":"inner"}},"clearTextFirst":true,"interactionType":"ENTER_TEXT"}]}
RESULT: {}
RESULT: {"script":"<script> [776 bytes]","args":[{"enterText":"1","selector":{"id":"application-manageconditionprice-display-component---newCondition--condBaseQty","interaction":{"idSuffix":"inner"}},"clearTextFirst":true,"interactionType":"ENTER_TEXT"}]}
COMMAND: POST /session/799be37928140a71a03c3bbe373ba355/execute/async - {"script":"<script> [1562 bytes]","args":[{"selector":{"id":"application-manageconditionprice-display-component---newCondition--condValue","interaction":{"idSuffix":"inner"}},"wdio_ui5_key":"applicationmanageconditionprice-display-component---newCondition--condValue"}]}
RESULT: {"script":"<script> [1562 bytes]","args":[{"selector":{"id":"application-manageconditionprice-display-component---newCondition--condValue","interaction":{"idSuffix":"inner"}},"wdio_ui5_key":"applicationmanageconditionprice-display-component---newCondition--condValue"}]}
RESULT: undefined
COMMAND: POST /session/799be37928140a71a03c3bbe373ba355/execute/async - {"script":"<script> [776 bytes]","args":[{"enterText":"10","selector":{"id":"application-manageconditionprice-display-component---newCondition--condValue","interaction":{"idSuffix":"inner"}},"clearTextFirst":true,"interactionType":"ENTER_TEXT"}]}
RESULT: {"script":"<script> [776 bytes]","args":[{"enterText":"10","selector":{"id":"application-manageconditionprice-display-component---newCondition--condValue","interaction":{"idSuffix":"inner"}},"clearTextFirst":true,"interactionType":"ENTER_TEXT"}]}
COMMAND: POST /session/799be37928140a71a03c3bbe373ba355/execute/async - {"script":"<script> [1562 bytes]","args":[{"selector":{"id":"application-manageconditionprice-display-component---newCondition--condCurr-arrow"},"wdio_ui5_key":"applicationmanageconditionprice-display-component---newCondition--condCurr-arrow"}]}
RESULT: {"script":"<script> [1562 bytes]","args":[{"selector":{"id":"application-manageconditionprice-display-component---newCondition--condCurr-arrow"},"wdio_ui5_key":"applicationmanageconditionprice-display-component---newCondition--condCurr-arrow"}]}
RESULT: undefined
COMMAND: POST /session/799be37928140a71a03c3bbe373ba355/element - {"using":"xpath","value":"//*[@id=\"application-manageconditionprice-display-component---newCondition--condCurr-arrow\"]"}
RESULT: {"using":"xpath","value":"//*[@id=\"application-manageconditionprice-display-component---newCondition--condCurr-arrow\"]"}
COMMAND: POST /session/799be37928140a71a03c3bbe373ba355/element/f.19D3A8A536C023AFD4E776B255E62FBE.d.5DE578EDBAC4DE3A463742F7FA59D3ED.e.15775/click - {}
RESULT: {}
COMMAND: POST /session/799be37928140a71a03c3bbe373ba355/element - {"using":"xpath","value":"//span[contains(text(), \"Euro\")]"}
COMMAND: GET /session/799be37928140a71a03c3bbe373ba355/screenshot - {}
RESULT: {"using":"xpath","value":"//span[contains(text(), \"Euro\")]"}
COMMAND: POST /session/799be37928140a71a03c3bbe373ba355/element/f.19D3A8A536C023AFD4E776B255E62FBE.d.5DE578EDBAC4DE3A463742F7FA59D3ED.e.15856/click - {}
RESULT: {}
RESULT: {}
COMMAND: POST /session/799be37928140a71a03c3bbe373ba355/element - {"using":"xpath","value":"//button[@data-kt=\"saveButton\"]"}
COMMAND: GET /session/799be37928140a71a03c3bbe373ba355/screenshot - {}
RESULT: {"using":"xpath","value":"//button[@data-kt=\"saveButton\"]"}
COMMAND: POST /session/799be37928140a71a03c3bbe373ba355/element/f.19D3A8A536C023AFD4E776B255E62FBE.d.5DE578EDBAC4DE3A463742F7FA59D3ED.e.15776/click - {}
RESULT: {}
RESULT: {}
COMMAND: GET /session/799be37928140a71a03c3bbe373ba355/screenshot - {}
RESULT: {}
COMMAND: POST /session/799be37928140a71a03c3bbe373ba355/execute/async - {"script":"<script> [1562 bytes]","args":[{"selector":{"id":"application-manageconditionprice-display-component---conditions--smartFilterBar-btnBasicSearch","interaction":{"idSuffix":"I"}},"wdio_ui5_key":"applicationmanageconditionprice-display-component---conditions--smartFilterBar-btnBasicSearch"}]}
RESULT: {"script":"<script> [1562 bytes]","args":[{"selector":{"id":"application-manageconditionprice-display-component---conditions--smartFilterBar-btnBasicSearch","interaction":{"idSuffix":"I"}},"wdio_ui5_key":"applicationmanageconditionprice-display-component---conditions--smartFilterBar-btnBasicSearch"}]}
RESULT: undefined
COMMAND: POST /session/799be37928140a71a03c3bbe373ba355/execute/async - {"script":"<script> [776 bytes]","args":[{"enterText":"jMnI7y3MNg","selector":{"id":"application-manageconditionprice-display-component---conditions--smartFilterBar-btnBasicSearch","interaction":{"idSuffix":"I"}},"clearTextFirst":true,"interactionType":"ENTER_TEXT"}]}
RESULT: {"script":"<script> [776 bytes]","args":[{"enterText":"jMnI7y3MNg","selector":{"id":"application-manageconditionprice-display-component---conditions--smartFilterBar-btnBasicSearch","interaction":{"idSuffix":"I"}},"clearTextFirst":true,"interactionType":"ENTER_TEXT"}]}
COMMAND: POST /session/799be37928140a71a03c3bbe373ba355/actions - {"actions":[{"id":"action54","type":"key","parameters":{},"actions":[{"type":"keyDown","value":""},{"type":"pause","duration":10},{"type":"keyUp","value":""}]}]}
RESULT: {"actions":[{"id":"action54","type":"key","parameters":{},"actions":[{"type":"keyDown","value":""},{"type":"pause","duration":10},{"type":"keyUp","value":""}]}]}
COMMAND: GET /session/799be37928140a71a03c3bbe373ba355/screenshot - {}
RESULT: {}
COMMAND: POST /session/799be37928140a71a03c3bbe373ba355/execute/async - {"script":"<script> [1562 bytes]","args":[{"selector":{"id":"application-manageconditionprice-display-component---conditions--smartFilterBar-filterItemControl_BASIC-BILL_TYPES-vhi"},"wdio_ui5_key":"applicationmanageconditionprice-display-component---conditions--smartFilterBar-filterItemControl_BASIC-BILL_TYPES-vhi"}]}
RESULT: {"script":"<script> [1562 bytes]","args":[{"selector":{"id":"application-manageconditionprice-display-component---conditions--smartFilterBar-filterItemControl_BASIC-BILL_TYPES-vhi"},"wdio_ui5_key":"applicationmanageconditionprice-display-component---conditions--smartFilterBar-filterItemControl_BASIC-BILL_TYPES-vhi"}]}
RESULT: undefined
COMMAND: POST /session/799be37928140a71a03c3bbe373ba355/element - {"using":"xpath","value":"//*[@id=\"application-manageconditionprice-display-component---conditions--smartFilterBar-filterItemControl_BASIC-BILL_TYPES-vhi\"]"}
RESULT: {"using":"xpath","value":"//*[@id=\"application-manageconditionprice-display-component---conditions--smartFilterBar-filterItemControl_BASIC-BILL_TYPES-vhi\"]"}
COMMAND: POST /session/799be37928140a71a03c3bbe373ba355/element/f.19D3A8A536C023AFD4E776B255E62FBE.d.5DE578EDBAC4DE3A463742F7FA59D3ED.e.15951/click - {}
RESULT: {}
COMMAND: POST /session/799be37928140a71a03c3bbe373ba355/execute/async - {"script":"<script> [1562 bytes]","args":[{"selector":{"id":"application-manageconditionprice-display-component---conditions--smartFilterBar-filterItemControl_BASIC-BILL_TYPES-valueHelpDialog-smartFilterBar-btnBasicSearch","searchOpenDialogs":true,"interaction":{"idSuffix":"I"}},"wdio_ui5_key":"applicationmanageconditionprice-display-component---conditions--smartFilterBar-filterItemControl_BASIC-BILL_TYPES-valueHelpDialog-smartFilterBar-btnBasicSearch"}]}
COMMAND: GET /session/799be37928140a71a03c3bbe373ba355/screenshot - {}
RESULT: {"script":"<script> [1562 bytes]","args":[{"selector":{"id":"application-manageconditionprice-display-component---conditions--smartFilterBar-filterItemControl_BASIC-BILL_TYPES-valueHelpDialog-smartFilterBar-btnBasicSearch","searchOpenDialogs":true,"interaction":{"idSuffix":"I"}},"wdio_ui5_key":"applicationmanageconditionprice-display-component---conditions--smartFilterBar-filterItemControl_BASIC-BILL_TYPES-valueHelpDialog-smartFilterBar-btnBasicSearch"}]}
RESULT: undefined
COMMAND: POST /session/799be37928140a71a03c3bbe373ba355/execute/async - {"script":"<script> [776 bytes]","args":[{"enterText":"PB","selector":{"id":"application-manageconditionprice-display-component---conditions--smartFilterBar-filterItemControl_BASIC-BILL_TYPES-valueHelpDialog-smartFilterBar-btnBasicSearch","searchOpenDialogs":true,"interaction":{"idSuffix":"I"}},"clearTextFirst":true,"interactionType":"ENTER_TEXT"}]}
RESULT: {}
RESULT: {"script":"<script> [776 bytes]","args":[{"enterText":"PB","selector":{"id":"application-manageconditionprice-display-component---conditions--smartFilterBar-filterItemControl_BASIC-BILL_TYPES-valueHelpDialog-smartFilterBar-btnBasicSearch","searchOpenDialogs":true,"interaction":{"idSuffix":"I"}},"clearTextFirst":true,"interactionType":"ENTER_TEXT"}]}
COMMAND: POST /session/799be37928140a71a03c3bbe373ba355/actions - {"actions":[{"id":"action55","type":"key","parameters":{},"actions":[{"type":"keyDown","value":""},{"type":"pause","duration":10},{"type":"keyUp","value":""}]}]}
RESULT: {"actions":[{"id":"action55","type":"key","parameters":{},"actions":[{"type":"keyDown","value":""},{"type":"pause","duration":10},{"type":"keyUp","value":""}]}]}
COMMAND: GET /session/799be37928140a71a03c3bbe373ba355/screenshot - {}
RESULT: {}
COMMAND: POST /session/799be37928140a71a03c3bbe373ba355/element - {"using":"xpath","value":"//div[contains(@id, 'application-manageconditionprice-display-component---conditions--smartFilterBar-filterItemControl_BASIC-BILL_TYPES-valueHelpDialog-table-rowsel0')]"}
RESULT: {"using":"xpath","value":"//div[contains(@id, 'application-manageconditionprice-display-component---conditions--smartFilterBar-filterItemControl_BASIC-BILL_TYPES-valueHelpDialog-table-rowsel0')]"}
COMMAND: POST /session/799be37928140a71a03c3bbe373ba355/element/f.19D3A8A536C023AFD4E776B255E62FBE.d.5DE578EDBAC4DE3A463742F7FA59D3ED.e.15960/click - {}
RESULT: {}
COMMAND: GET /session/799be37928140a71a03c3bbe373ba355/screenshot - {}
RESULT: {}
COMMAND: POST /session/799be37928140a71a03c3bbe373ba355/element - {"using":"xpath","value":"//bdi[contains(text(), \"OK\")]"}
RESULT: {"using":"xpath","value":"//bdi[contains(text(), \"OK\")]"}
COMMAND: POST /session/799be37928140a71a03c3bbe373ba355/element/f.19D3A8A536C023AFD4E776B255E62FBE.d.5DE578EDBAC4DE3A463742F7FA59D3ED.e.15962/click - {}
RESULT: {}
COMMAND: GET /session/799be37928140a71a03c3bbe373ba355/screenshot - {}
RESULT: {}
COMMAND: POST /session/799be37928140a71a03c3bbe373ba355/element - {"using":"xpath","value":"//span[@id=\"application-manageconditionprice-display-component---conditions--smartTable-header-inner\"]"}
RESULT: {"using":"xpath","value":"//span[@id=\"application-manageconditionprice-display-component---conditions--smartTable-header-inner\"]"}
COMMAND: POST /session/799be37928140a71a03c3bbe373ba355/elements - {"using":"xpath","value":"//span[@id=\"application-manageconditionprice-display-component---conditions--smartTable-header-inner\"]"}
RESULT: {"using":"xpath","value":"//span[@id=\"application-manageconditionprice-display-component---conditions--smartTable-header-inner\"]"}
COMMAND: POST /session/799be37928140a71a03c3bbe373ba355/execute/sync - {"script":"<script> [56 bytes]","args":[{"element-6066-11e4-a52e-4f735466cecf":"f.19D3A8A536C023AFD4E776B255E62FBE.d.5DE578EDBAC4DE3A463742F7FA59D3ED.e.15965","ELEMENT":"f.19D3A8A536C023AFD4E776B255E62FBE.d.5DE578EDBAC4DE3A463742F7FA59D3ED.e.15965"}]}
RESULT: {"script":"<script> [56 bytes]","args":[{"element-6066-11e4-a52e-4f735466cecf":"f.19D3A8A536C023AFD4E776B255E62FBE.d.5DE578EDBAC4DE3A463742F7FA59D3ED.e.15965","ELEMENT":"f.19D3A8A536C023AFD4E776B255E62FBE.d.5DE578EDBAC4DE3A463742F7FA59D3ED.e.15965"}]}
COMMAND: POST /session/799be37928140a71a03c3bbe373ba355/element - {"using":"css selector","value":"#shell-header-logo"}
COMMAND: GET /session/799be37928140a71a03c3bbe373ba355/screenshot - {}
RESULT: {"using":"css selector","value":"#shell-header-logo"}
COMMAND: POST /session/799be37928140a71a03c3bbe373ba355/element/f.19D3A8A536C023AFD4E776B255E62FBE.d.5DE578EDBAC4DE3A463742F7FA59D3ED.e.15610/click - {}
RESULT: {}
RESULT: {}
COMMAND: GET /session/799be37928140a71a03c3bbe373ba355/screenshot - {}
RESULT: {}
]]></system-out>
    </testcase>
    <testcase classname="chrome.135_0_7049_42.windows.Performance_based_billing_(work_days)_US139742" name="Should add a counter to the equipment" time="48.275">
      <system-out><![CDATA[
RESULT: undefined
COMMAND: POST /session/799be37928140a71a03c3bbe373ba355/element - {"using":"xpath","value":"//*[@id=\"__tile39\"]"}
RESULT: {"using":"xpath","value":"//*[@id=\"__tile39\"]"}
COMMAND: POST /session/799be37928140a71a03c3bbe373ba355/element/f.19D3A8A536C023AFD4E776B255E62FBE.d.5DE578EDBAC4DE3A463742F7FA59D3ED.e.14918/click - {}
RESULT: {}
COMMAND: POST /session/799be37928140a71a03c3bbe373ba355/execute/async - {"script":"<script> [1562 bytes]","args":[{"selector":{"id":"application-manageresources-display-component---masterRU--smartFilterBar-btnBasicSearch","interaction":{"idSuffix":"I"}},"wdio_ui5_key":"applicationmanageresources-display-component---masterRU--smartFilterBar-btnBasicSearch"}]}
COMMAND: GET /session/799be37928140a71a03c3bbe373ba355/screenshot - {}
RESULT: undefined
RESULT: undefined
RESULT: {"script":"<script> [1562 bytes]","args":[{"selector":{"id":"application-manageresources-display-component---masterRU--smartFilterBar-btnBasicSearch","interaction":{"idSuffix":"I"}},"wdio_ui5_key":"applicationmanageresources-display-component---masterRU--smartFilterBar-btnBasicSearch"}]}
RESULT: undefined
COMMAND: POST /session/799be37928140a71a03c3bbe373ba355/execute/async - {"script":"<script> [776 bytes]","args":[{"enterText":"jMnI7y3MNg","selector":{"id":"application-manageresources-display-component---masterRU--smartFilterBar-btnBasicSearch","interaction":{"idSuffix":"I"}},"clearTextFirst":true,"interactionType":"ENTER_TEXT"}]}
RESULT: {}
RESULT: {"script":"<script> [776 bytes]","args":[{"enterText":"jMnI7y3MNg","selector":{"id":"application-manageresources-display-component---masterRU--smartFilterBar-btnBasicSearch","interaction":{"idSuffix":"I"}},"clearTextFirst":true,"interactionType":"ENTER_TEXT"}]}
COMMAND: POST /session/799be37928140a71a03c3bbe373ba355/actions - {"actions":[{"id":"action56","type":"key","parameters":{},"actions":[{"type":"keyDown","value":""},{"type":"pause","duration":10},{"type":"keyUp","value":""}]}]}
RESULT: {"actions":[{"id":"action56","type":"key","parameters":{},"actions":[{"type":"keyDown","value":""},{"type":"pause","duration":10},{"type":"keyUp","value":""}]}]}
COMMAND: GET /session/799be37928140a71a03c3bbe373ba355/screenshot - {}
RESULT: {}
COMMAND: POST /session/799be37928140a71a03c3bbe373ba355/execute/async - {"script":"<script> [1562 bytes]","args":[{"selector":{"id":"application-manageresources-display-component---masterRU--smartTable-header"},"wdio_ui5_key":"applicationmanageresources-display-component---masterRU--smartTable-header"}]}
RESULT: {"script":"<script> [1562 bytes]","args":[{"selector":{"id":"application-manageresources-display-component---masterRU--smartTable-header"},"wdio_ui5_key":"applicationmanageresources-display-component---masterRU--smartTable-header"}]}
RESULT: undefined
COMMAND: POST /session/799be37928140a71a03c3bbe373ba355/execute/async - {"script":"<script> [6424 bytes]","args":[{"element-6066-11e4-a52e-4f735466cecf":"f.19D3A8A536C023AFD4E776B255E62FBE.d.5DE578EDBAC4DE3A463742F7FA59D3ED.e.16166"},"getText",[]]}
RESULT: {"script":"<script> [6424 bytes]","args":[{"element-6066-11e4-a52e-4f735466cecf":"f.19D3A8A536C023AFD4E776B255E62FBE.d.5DE578EDBAC4DE3A463742F7FA59D3ED.e.16166"},"getText",[]]}
COMMAND: POST /session/799be37928140a71a03c3bbe373ba355/execute/async - {"script":"<script> [1562 bytes]","args":[{"selector":{"controlType":"sap.ui.core.Icon","viewName":"etm.portal.ui.manageresources.view.Master","viewId":"application-manageresources-display-component---masterRU","properties":{"src":{"regex":{"source":"slim\\-arrow\\-right"}}}},"wdio_ui5_key":"etmportal.ui.manageresources.view.Mastersap.ui.core.Icon{\"src\":{\"regex\":{\"source\":\"slim\\\\-arrow\\\\-right\"}}}"}]}
RESULT: {"script":"<script> [1562 bytes]","args":[{"selector":{"controlType":"sap.ui.core.Icon","viewName":"etm.portal.ui.manageresources.view.Master","viewId":"application-manageresources-display-component---masterRU","properties":{"src":{"regex":{"source":"slim\\-arrow\\-right"}}}},"wdio_ui5_key":"etmportal.ui.manageresources.view.Mastersap.ui.core.Icon{\"src\":{\"regex\":{\"source\":\"slim\\\\-arrow\\\\-right\"}}}"}]}
RESULT: undefined
COMMAND: POST /session/799be37928140a71a03c3bbe373ba355/element - {"using":"xpath","value":"//*[@id=\"__item1096-__clone2859-imgNav\"]"}
RESULT: {"using":"xpath","value":"//*[@id=\"__item1096-__clone2859-imgNav\"]"}
COMMAND: POST /session/799be37928140a71a03c3bbe373ba355/element/f.19D3A8A536C023AFD4E776B255E62FBE.d.5DE578EDBAC4DE3A463742F7FA59D3ED.e.16163/click - {}
RESULT: {}
COMMAND: GET /session/799be37928140a71a03c3bbe373ba355/screenshot - {}
RESULT: {}
COMMAND: POST /session/799be37928140a71a03c3bbe373ba355/element - {"using":"xpath","value":"//bdi[contains(text(), \"Edit\")]"}
RESULT: {"using":"xpath","value":"//bdi[contains(text(), \"Edit\")]"}
COMMAND: POST /session/799be37928140a71a03c3bbe373ba355/execute/sync - {"script":"<script> [8489 bytes]","args":[{"element-6066-11e4-a52e-4f735466cecf":"f.19D3A8A536C023AFD4E776B255E62FBE.d.5DE578EDBAC4DE3A463742F7FA59D3ED.e.16261","ELEMENT":"f.19D3A8A536C023AFD4E776B255E62FBE.d.5DE578EDBAC4DE3A463742F7FA59D3ED.e.16261"}]}
RESULT: {"script":"<script> [8489 bytes]","args":[{"element-6066-11e4-a52e-4f735466cecf":"f.19D3A8A536C023AFD4E776B255E62FBE.d.5DE578EDBAC4DE3A463742F7FA59D3ED.e.16261","ELEMENT":"f.19D3A8A536C023AFD4E776B255E62FBE.d.5DE578EDBAC4DE3A463742F7FA59D3ED.e.16261"}]}
COMMAND: POST /session/799be37928140a71a03c3bbe373ba355/element/f.19D3A8A536C023AFD4E776B255E62FBE.d.5DE578EDBAC4DE3A463742F7FA59D3ED.e.16261/click - {}
COMMAND: GET /session/799be37928140a71a03c3bbe373ba355/screenshot - {}
RESULT: {}
COMMAND: GET /session/799be37928140a71a03c3bbe373ba355/screenshot - {}
RESULT: {}
RESULT: {}
COMMAND: POST /session/799be37928140a71a03c3bbe373ba355/execute/async - {"script":"<script> [1562 bytes]","args":[{"selector":{"id":"application-manageresources-display-component---editResource--editRruPage-anchBar-application-manageresources-display-component---editResource--counters-anchor","interaction":{"idSuffix":"BDI-content"}},"wdio_ui5_key":"applicationmanageresources-display-component---editResource--editRruPage-anchBar-application-manageresources-display-component---editResource--counters-anchor"}]}
RESULT: {"script":"<script> [1562 bytes]","args":[{"selector":{"id":"application-manageresources-display-component---editResource--editRruPage-anchBar-application-manageresources-display-component---editResource--counters-anchor","interaction":{"idSuffix":"BDI-content"}},"wdio_ui5_key":"applicationmanageresources-display-component---editResource--editRruPage-anchBar-application-manageresources-display-component---editResource--counters-anchor"}]}
RESULT: undefined
COMMAND: POST /session/799be37928140a71a03c3bbe373ba355/element - {"using":"xpath","value":"//*[@id=\"application-manageresources-display-component---editResource--editRruPage-anchBar-application-manageresources-display-component---editResource--counters-anchor\"]"}
RESULT: {"using":"xpath","value":"//*[@id=\"application-manageresources-display-component---editResource--editRruPage-anchBar-application-manageresources-display-component---editResource--counters-anchor\"]"}
COMMAND: POST /session/799be37928140a71a03c3bbe373ba355/element/f.19D3A8A536C023AFD4E776B255E62FBE.d.5DE578EDBAC4DE3A463742F7FA59D3ED.e.16421/click - {}
RESULT: {}
COMMAND: GET /session/799be37928140a71a03c3bbe373ba355/screenshot - {}
RESULT: {}
COMMAND: POST /session/799be37928140a71a03c3bbe373ba355/execute/async - {"script":"<script> [1562 bytes]","args":[{"selector":{"id":"application-manageresources-display-component---editResource--btnAddCounter-img"},"wdio_ui5_key":"applicationmanageresources-display-component---editResource--btnAddCounter-img"}]}
RESULT: {"script":"<script> [1562 bytes]","args":[{"selector":{"id":"application-manageresources-display-component---editResource--btnAddCounter-img"},"wdio_ui5_key":"applicationmanageresources-display-component---editResource--btnAddCounter-img"}]}
RESULT: undefined
COMMAND: POST /session/799be37928140a71a03c3bbe373ba355/element - {"using":"xpath","value":"//*[@id=\"application-manageresources-display-component---editResource--btnAddCounter-img\"]"}
RESULT: {"using":"xpath","value":"//*[@id=\"application-manageresources-display-component---editResource--btnAddCounter-img\"]"}
COMMAND: POST /session/799be37928140a71a03c3bbe373ba355/element/f.19D3A8A536C023AFD4E776B255E62FBE.d.5DE578EDBAC4DE3A463742F7FA59D3ED.e.16426/click - {}
RESULT: {}
COMMAND: POST /session/799be37928140a71a03c3bbe373ba355/execute/async - {"script":"<script> [1562 bytes]","args":[{"selector":{"id":"application-manageresources-display-component---editResource--COUNTER_ID-application-manageresources-display-component---editResource--RUCounters-0-arrow"},"wdio_ui5_key":"applicationmanageresources-display-component---editResource--COUNTER_ID-application-manageresources-display-component---editResource--RUCounters-0-arrow"}]}
COMMAND: GET /session/799be37928140a71a03c3bbe373ba355/screenshot - {}
RESULT: {"script":"<script> [1562 bytes]","args":[{"selector":{"id":"application-manageresources-display-component---editResource--COUNTER_ID-application-manageresources-display-component---editResource--RUCounters-0-arrow"},"wdio_ui5_key":"applicationmanageresources-display-component---editResource--COUNTER_ID-application-manageresources-display-component---editResource--RUCounters-0-arrow"}]}
RESULT: undefined
COMMAND: POST /session/799be37928140a71a03c3bbe373ba355/element - {"using":"xpath","value":"//*[@id=\"application-manageresources-display-component---editResource--COUNTER_ID-application-manageresources-display-component---editResource--RUCounters-0-arrow\"]"}
RESULT: {}
RESULT: {"using":"xpath","value":"//*[@id=\"application-manageresources-display-component---editResource--COUNTER_ID-application-manageresources-display-component---editResource--RUCounters-0-arrow\"]"}
COMMAND: POST /session/799be37928140a71a03c3bbe373ba355/element/f.19D3A8A536C023AFD4E776B255E62FBE.d.5DE578EDBAC4DE3A463742F7FA59D3ED.e.16439/click - {}
RESULT: {}
COMMAND: POST /session/799be37928140a71a03c3bbe373ba355/execute/async - {"script":"<script> [1562 bytes]","args":[{"selector":{"controlType":"sap.m.StandardListItem","viewName":"etm.portal.ui.manageresources.view.EditResource","viewId":"application-manageresources-display-component---editResource","properties":{"title":"fuel"},"searchOpenDialogs":true,"interaction":{"idSuffix":"content"}},"wdio_ui5_key":"etmportal.ui.manageresources.view.EditResourcesap.m.StandardListItem{\"title\":\"fuel\"}"}]}
COMMAND: GET /session/799be37928140a71a03c3bbe373ba355/screenshot - {}
RESULT: {"script":"<script> [1562 bytes]","args":[{"selector":{"controlType":"sap.m.StandardListItem","viewName":"etm.portal.ui.manageresources.view.EditResource","viewId":"application-manageresources-display-component---editResource","properties":{"title":"fuel"},"searchOpenDialogs":true,"interaction":{"idSuffix":"content"}},"wdio_ui5_key":"etmportal.ui.manageresources.view.EditResourcesap.m.StandardListItem{\"title\":\"fuel\"}"}]}
RESULT: undefined
COMMAND: POST /session/799be37928140a71a03c3bbe373ba355/element - {"using":"xpath","value":"//*[@id=\"__item1401\"]"}
RESULT: {}
RESULT: {"using":"xpath","value":"//*[@id=\"__item1401\"]"}
COMMAND: POST /session/799be37928140a71a03c3bbe373ba355/element/f.19D3A8A536C023AFD4E776B255E62FBE.d.5DE578EDBAC4DE3A463742F7FA59D3ED.e.16441/click - {}
RESULT: {}
COMMAND: POST /session/799be37928140a71a03c3bbe373ba355/execute/async - {"script":"<script> [1562 bytes]","args":[{"selector":{"controlType":"sap.m.Button","viewName":"etm.portal.ui.manageresources.view.EditResource","viewId":"application-manageresources-display-component---editResource","i18NText":{"propertyName":"text","key":"save"},"interaction":{"idSuffix":"BDI-content"}},"wdio_ui5_key":"etmportal.ui.manageresources.view.EditResourcesap.m.Button{\"propertyName\":\"text\",\"key\":\"save\"}"}]}
COMMAND: GET /session/799be37928140a71a03c3bbe373ba355/screenshot - {}
RESULT: {"script":"<script> [1562 bytes]","args":[{"selector":{"controlType":"sap.m.Button","viewName":"etm.portal.ui.manageresources.view.EditResource","viewId":"application-manageresources-display-component---editResource","i18NText":{"propertyName":"text","key":"save"},"interaction":{"idSuffix":"BDI-content"}},"wdio_ui5_key":"etmportal.ui.manageresources.view.EditResourcesap.m.Button{\"propertyName\":\"text\",\"key\":\"save\"}"}]}
RESULT: undefined
COMMAND: POST /session/799be37928140a71a03c3bbe373ba355/element - {"using":"xpath","value":"//*[@id=\"__button192\"]"}
RESULT: {}
RESULT: {"using":"xpath","value":"//*[@id=\"__button192\"]"}
COMMAND: POST /session/799be37928140a71a03c3bbe373ba355/element/f.19D3A8A536C023AFD4E776B255E62FBE.d.5DE578EDBAC4DE3A463742F7FA59D3ED.e.16443/click - {}
RESULT: {}
COMMAND: GET /session/799be37928140a71a03c3bbe373ba355/screenshot - {}
RESULT: {}
COMMAND: POST /session/799be37928140a71a03c3bbe373ba355/element - {"using":"css selector","value":"#shell-header-logo"}
RESULT: {"using":"css selector","value":"#shell-header-logo"}
COMMAND: POST /session/799be37928140a71a03c3bbe373ba355/element/f.19D3A8A536C023AFD4E776B255E62FBE.d.5DE578EDBAC4DE3A463742F7FA59D3ED.e.15971/click - {}
RESULT: {}
COMMAND: GET /session/799be37928140a71a03c3bbe373ba355/screenshot - {}
RESULT: {}
]]></system-out>
    </testcase>
    <testcase classname="chrome.135_0_7049_42.windows.Performance_based_billing_(work_days)_US139742" name="Should do a stock increase on the yard for the equipment" time="80.209">
      <system-out><![CDATA[
COMMAND: POST /session/799be37928140a71a03c3bbe373ba355/execute/async - {"script":"<script> [1562 bytes]","args":[{"selector":{"controlType":"sap.m.Text","viewName":"etm.portal.ui.managehandoverstile.view.Master","properties":{"text":"Manage Handovers"},"interaction":{"idSuffix":"inner"}},"wdio_ui5_key":"etmportal.ui.managehandoverstile.view.Mastersap.m.Text{\"text\":\"Manage Handovers\"}"}]}
RESULT: {"script":"<script> [1562 bytes]","args":[{"selector":{"controlType":"sap.m.Text","viewName":"etm.portal.ui.managehandoverstile.view.Master","properties":{"text":"Manage Handovers"},"interaction":{"idSuffix":"inner"}},"wdio_ui5_key":"etmportal.ui.managehandoverstile.view.Mastersap.m.Text{\"text\":\"Manage Handovers\"}"}]}
RESULT: undefined
COMMAND: POST /session/799be37928140a71a03c3bbe373ba355/element - {"using":"xpath","value":"//*[@id=\"__tile131-title\"]"}
RESULT: {"using":"xpath","value":"//*[@id=\"__tile131-title\"]"}
COMMAND: POST /session/799be37928140a71a03c3bbe373ba355/element/f.19D3A8A536C023AFD4E776B255E62FBE.d.5DE578EDBAC4DE3A463742F7FA59D3ED.e.16457/click - {}
RESULT: {}
COMMAND: POST /session/799be37928140a71a03c3bbe373ba355/element - {"using":"xpath","value":"//button[@data-kt=\"masterHOAddButton\"]"}
COMMAND: GET /session/799be37928140a71a03c3bbe373ba355/screenshot - {}
RESULT: {"using":"xpath","value":"//button[@data-kt=\"masterHOAddButton\"]"}
COMMAND: POST /session/799be37928140a71a03c3bbe373ba355/elements - {"using":"xpath","value":"//button[@data-kt=\"masterHOAddButton\"]"}
RESULT: {}
RESULT: {"using":"xpath","value":"//button[@data-kt=\"masterHOAddButton\"]"}
COMMAND: POST /session/799be37928140a71a03c3bbe373ba355/elements - {"using":"xpath","value":"//button[@data-kt=\"masterHOAddButton\"]"}
RESULT: {"using":"xpath","value":"//button[@data-kt=\"masterHOAddButton\"]"}
COMMAND: POST /session/799be37928140a71a03c3bbe373ba355/elements - {"using":"xpath","value":"//button[@data-kt=\"masterHOAddButton\"]"}
RESULT: {"using":"xpath","value":"//button[@data-kt=\"masterHOAddButton\"]"}
COMMAND: POST /session/799be37928140a71a03c3bbe373ba355/elements - {"using":"xpath","value":"//button[@data-kt=\"masterHOAddButton\"]"}
RESULT: {"using":"xpath","value":"//button[@data-kt=\"masterHOAddButton\"]"}
COMMAND: POST /session/799be37928140a71a03c3bbe373ba355/elements - {"using":"xpath","value":"//button[@data-kt=\"masterHOAddButton\"]"}
RESULT: {"using":"xpath","value":"//button[@data-kt=\"masterHOAddButton\"]"}
COMMAND: POST /session/799be37928140a71a03c3bbe373ba355/elements - {"using":"xpath","value":"//button[@data-kt=\"masterHOAddButton\"]"}
RESULT: {"using":"xpath","value":"//button[@data-kt=\"masterHOAddButton\"]"}
COMMAND: POST /session/799be37928140a71a03c3bbe373ba355/elements - {"using":"xpath","value":"//button[@data-kt=\"masterHOAddButton\"]"}
RESULT: {"using":"xpath","value":"//button[@data-kt=\"masterHOAddButton\"]"}
COMMAND: POST /session/799be37928140a71a03c3bbe373ba355/elements - {"using":"xpath","value":"//button[@data-kt=\"masterHOAddButton\"]"}
RESULT: {"using":"xpath","value":"//button[@data-kt=\"masterHOAddButton\"]"}
COMMAND: POST /session/799be37928140a71a03c3bbe373ba355/elements - {"using":"xpath","value":"//button[@data-kt=\"masterHOAddButton\"]"}
RESULT: {"using":"xpath","value":"//button[@data-kt=\"masterHOAddButton\"]"}
COMMAND: POST /session/799be37928140a71a03c3bbe373ba355/elements - {"using":"xpath","value":"//button[@data-kt=\"masterHOAddButton\"]"}
RESULT: {"using":"xpath","value":"//button[@data-kt=\"masterHOAddButton\"]"}
COMMAND: POST /session/799be37928140a71a03c3bbe373ba355/elements - {"using":"xpath","value":"//button[@data-kt=\"masterHOAddButton\"]"}
RESULT: {"using":"xpath","value":"//button[@data-kt=\"masterHOAddButton\"]"}
COMMAND: POST /session/799be37928140a71a03c3bbe373ba355/elements - {"using":"xpath","value":"//button[@data-kt=\"masterHOAddButton\"]"}
RESULT: {"using":"xpath","value":"//button[@data-kt=\"masterHOAddButton\"]"}
COMMAND: POST /session/799be37928140a71a03c3bbe373ba355/elements - {"using":"xpath","value":"//button[@data-kt=\"masterHOAddButton\"]"}
RESULT: {"using":"xpath","value":"//button[@data-kt=\"masterHOAddButton\"]"}
COMMAND: POST /session/799be37928140a71a03c3bbe373ba355/elements - {"using":"xpath","value":"//button[@data-kt=\"masterHOAddButton\"]"}
RESULT: {"using":"xpath","value":"//button[@data-kt=\"masterHOAddButton\"]"}
COMMAND: POST /session/799be37928140a71a03c3bbe373ba355/elements - {"using":"xpath","value":"//button[@data-kt=\"masterHOAddButton\"]"}
RESULT: {"using":"xpath","value":"//button[@data-kt=\"masterHOAddButton\"]"}
COMMAND: POST /session/799be37928140a71a03c3bbe373ba355/elements - {"using":"xpath","value":"//button[@data-kt=\"masterHOAddButton\"]"}
RESULT: {"using":"xpath","value":"//button[@data-kt=\"masterHOAddButton\"]"}
COMMAND: POST /session/799be37928140a71a03c3bbe373ba355/elements - {"using":"xpath","value":"//button[@data-kt=\"masterHOAddButton\"]"}
RESULT: {"using":"xpath","value":"//button[@data-kt=\"masterHOAddButton\"]"}
COMMAND: POST /session/799be37928140a71a03c3bbe373ba355/elements - {"using":"xpath","value":"//button[@data-kt=\"masterHOAddButton\"]"}
RESULT: {"using":"xpath","value":"//button[@data-kt=\"masterHOAddButton\"]"}
COMMAND: POST /session/799be37928140a71a03c3bbe373ba355/elements - {"using":"xpath","value":"//button[@data-kt=\"masterHOAddButton\"]"}
RESULT: {"using":"xpath","value":"//button[@data-kt=\"masterHOAddButton\"]"}
COMMAND: POST /session/799be37928140a71a03c3bbe373ba355/elements - {"using":"xpath","value":"//button[@data-kt=\"masterHOAddButton\"]"}
RESULT: {"using":"xpath","value":"//button[@data-kt=\"masterHOAddButton\"]"}
COMMAND: POST /session/799be37928140a71a03c3bbe373ba355/elements - {"using":"xpath","value":"//button[@data-kt=\"masterHOAddButton\"]"}
RESULT: {"using":"xpath","value":"//button[@data-kt=\"masterHOAddButton\"]"}
COMMAND: POST /session/799be37928140a71a03c3bbe373ba355/elements - {"using":"xpath","value":"//button[@data-kt=\"masterHOAddButton\"]"}
RESULT: {"using":"xpath","value":"//button[@data-kt=\"masterHOAddButton\"]"}
COMMAND: POST /session/799be37928140a71a03c3bbe373ba355/elements - {"using":"xpath","value":"//button[@data-kt=\"masterHOAddButton\"]"}
RESULT: {"using":"xpath","value":"//button[@data-kt=\"masterHOAddButton\"]"}
COMMAND: POST /session/799be37928140a71a03c3bbe373ba355/elements - {"using":"xpath","value":"//button[@data-kt=\"masterHOAddButton\"]"}
RESULT: {"using":"xpath","value":"//button[@data-kt=\"masterHOAddButton\"]"}
COMMAND: POST /session/799be37928140a71a03c3bbe373ba355/elements - {"using":"xpath","value":"//button[@data-kt=\"masterHOAddButton\"]"}
RESULT: {"using":"xpath","value":"//button[@data-kt=\"masterHOAddButton\"]"}
COMMAND: POST /session/799be37928140a71a03c3bbe373ba355/elements - {"using":"xpath","value":"//button[@data-kt=\"masterHOAddButton\"]"}
RESULT: {"using":"xpath","value":"//button[@data-kt=\"masterHOAddButton\"]"}
COMMAND: POST /session/799be37928140a71a03c3bbe373ba355/element - {"using":"xpath","value":"//button[@data-kt=\"masterHOAddButton\"]"}
RESULT: {"using":"xpath","value":"//button[@data-kt=\"masterHOAddButton\"]"}
COMMAND: POST /session/799be37928140a71a03c3bbe373ba355/execute/sync - {"script":"<script> [8489 bytes]","args":[{"element-6066-11e4-a52e-4f735466cecf":"f.19D3A8A536C023AFD4E776B255E62FBE.d.5DE578EDBAC4DE3A463742F7FA59D3ED.e.16496","ELEMENT":"f.19D3A8A536C023AFD4E776B255E62FBE.d.5DE578EDBAC4DE3A463742F7FA59D3ED.e.16496"}]}
RESULT: {"script":"<script> [8489 bytes]","args":[{"element-6066-11e4-a52e-4f735466cecf":"f.19D3A8A536C023AFD4E776B255E62FBE.d.5DE578EDBAC4DE3A463742F7FA59D3ED.e.16496","ELEMENT":"f.19D3A8A536C023AFD4E776B255E62FBE.d.5DE578EDBAC4DE3A463742F7FA59D3ED.e.16496"}]}
COMMAND: GET /session/799be37928140a71a03c3bbe373ba355/element/f.19D3A8A536C023AFD4E776B255E62FBE.d.5DE578EDBAC4DE3A463742F7FA59D3ED.e.16496/enabled - {}
COMMAND: GET /session/799be37928140a71a03c3bbe373ba355/screenshot - {}
RESULT: {}
COMMAND: POST /session/799be37928140a71a03c3bbe373ba355/execute/sync - {"script":"<script> [8489 bytes]","args":[{"element-6066-11e4-a52e-4f735466cecf":"f.19D3A8A536C023AFD4E776B255E62FBE.d.5DE578EDBAC4DE3A463742F7FA59D3ED.e.16496","ELEMENT":"f.19D3A8A536C023AFD4E776B255E62FBE.d.5DE578EDBAC4DE3A463742F7FA59D3ED.e.16496"}]}
COMMAND: GET /session/799be37928140a71a03c3bbe373ba355/screenshot - {}
RESULT: {}
RESULT: {"script":"<script> [8489 bytes]","args":[{"element-6066-11e4-a52e-4f735466cecf":"f.19D3A8A536C023AFD4E776B255E62FBE.d.5DE578EDBAC4DE3A463742F7FA59D3ED.e.16496","ELEMENT":"f.19D3A8A536C023AFD4E776B255E62FBE.d.5DE578EDBAC4DE3A463742F7FA59D3ED.e.16496"}]}
COMMAND: POST /session/799be37928140a71a03c3bbe373ba355/execute/sync - {"script":"<script> [5351 bytes]","args":[{"element-6066-11e4-a52e-4f735466cecf":"f.19D3A8A536C023AFD4E776B255E62FBE.d.5DE578EDBAC4DE3A463742F7FA59D3ED.e.16496","ELEMENT":"f.19D3A8A536C023AFD4E776B255E62FBE.d.5DE578EDBAC4DE3A463742F7FA59D3ED.e.16496"}]}
COMMAND: GET /session/799be37928140a71a03c3bbe373ba355/screenshot - {}
RESULT: {}
RESULT: {"script":"<script> [5351 bytes]","args":[{"element-6066-11e4-a52e-4f735466cecf":"f.19D3A8A536C023AFD4E776B255E62FBE.d.5DE578EDBAC4DE3A463742F7FA59D3ED.e.16496","ELEMENT":"f.19D3A8A536C023AFD4E776B255E62FBE.d.5DE578EDBAC4DE3A463742F7FA59D3ED.e.16496"}]}
COMMAND: POST /session/799be37928140a71a03c3bbe373ba355/element/f.19D3A8A536C023AFD4E776B255E62FBE.d.5DE578EDBAC4DE3A463742F7FA59D3ED.e.16496/click - {}
COMMAND: GET /session/799be37928140a71a03c3bbe373ba355/screenshot - {}
RESULT: {}
RESULT: {}
COMMAND: GET /session/799be37928140a71a03c3bbe373ba355/screenshot - {}
RESULT: {}
RESULT: {}
COMMAND: POST /session/799be37928140a71a03c3bbe373ba355/element - {"using":"xpath","value":"//span[contains(@id ,\"AddNewHO--typeSelect-arrow\")]"}
RESULT: {"using":"xpath","value":"//span[contains(@id ,\"AddNewHO--typeSelect-arrow\")]"}
COMMAND: POST /session/799be37928140a71a03c3bbe373ba355/element/f.19D3A8A536C023AFD4E776B255E62FBE.d.5DE578EDBAC4DE3A463742F7FA59D3ED.e.16829/click - {}
RESULT: {}
COMMAND: GET /session/799be37928140a71a03c3bbe373ba355/screenshot - {}
RESULT: {}
COMMAND: POST /session/799be37928140a71a03c3bbe373ba355/element - {"using":"xpath","value":"(//li[contains(text(), \"stock increase yard\")])[1]"}
RESULT: {"using":"xpath","value":"(//li[contains(text(), \"stock increase yard\")])[1]"}
COMMAND: POST /session/799be37928140a71a03c3bbe373ba355/element/f.19D3A8A536C023AFD4E776B255E62FBE.d.5DE578EDBAC4DE3A463742F7FA59D3ED.e.16830/click - {}
RESULT: {}
COMMAND: GET /session/799be37928140a71a03c3bbe373ba355/screenshot - {}
RESULT: {}
COMMAND: POST /session/799be37928140a71a03c3bbe373ba355/execute/async - {"script":"<script> [1562 bytes]","args":[{"selector":{"id":"application-managehandovers-display-component---AddNewHO--dueDate","interaction":{"idSuffix":"inner"}},"wdio_ui5_key":"applicationmanagehandovers-display-component---AddNewHO--dueDate"}]}
RESULT: {"script":"<script> [1562 bytes]","args":[{"selector":{"id":"application-managehandovers-display-component---AddNewHO--dueDate","interaction":{"idSuffix":"inner"}},"wdio_ui5_key":"applicationmanagehandovers-display-component---AddNewHO--dueDate"}]}
RESULT: undefined
COMMAND: POST /session/799be37928140a71a03c3bbe373ba355/execute/async - {"script":"<script> [6424 bytes]","args":[{"element-6066-11e4-a52e-4f735466cecf":"f.19D3A8A536C023AFD4E776B255E62FBE.d.5DE578EDBAC4DE3A463742F7FA59D3ED.e.16832"},"setValue",["04/19/2025"]]}
RESULT: {"script":"<script> [6424 bytes]","args":[{"element-6066-11e4-a52e-4f735466cecf":"f.19D3A8A536C023AFD4E776B255E62FBE.d.5DE578EDBAC4DE3A463742F7FA59D3ED.e.16832"},"setValue",["04/19/2025"]]}
COMMAND: POST /session/799be37928140a71a03c3bbe373ba355/element - {"using":"xpath","value":"//input[@id=\"generalSectionFrg--receiveYard-inner\"]"}
RESULT: {"using":"xpath","value":"//input[@id=\"generalSectionFrg--receiveYard-inner\"]"}
COMMAND: POST /session/799be37928140a71a03c3bbe373ba355/element/f.19D3A8A536C023AFD4E776B255E62FBE.d.5DE578EDBAC4DE3A463742F7FA59D3ED.e.16838/clear - {}
RESULT: {}
COMMAND: POST /session/799be37928140a71a03c3bbe373ba355/element/f.19D3A8A536C023AFD4E776B255E62FBE.d.5DE578EDBAC4DE3A463742F7FA59D3ED.e.16838/value - {"text":"594"}
COMMAND: GET /session/799be37928140a71a03c3bbe373ba355/screenshot - {}
RESULT: {"text":"594"}
COMMAND: GET /session/799be37928140a71a03c3bbe373ba355/screenshot - {}
RESULT: {}
RESULT: {}
COMMAND: POST /session/799be37928140a71a03c3bbe373ba355/element - {"using":"xpath","value":"//li[.//span[text()='594']]"}
RESULT: {"using":"xpath","value":"//li[.//span[text()='594']]"}
COMMAND: POST /session/799be37928140a71a03c3bbe373ba355/element/f.19D3A8A536C023AFD4E776B255E62FBE.d.5DE578EDBAC4DE3A463742F7FA59D3ED.e.16853/click - {}
RESULT: {}
COMMAND: GET /session/799be37928140a71a03c3bbe373ba355/screenshot - {}
RESULT: {}
COMMAND: POST /session/799be37928140a71a03c3bbe373ba355/execute/async - {"script":"<script> [1562 bytes]","args":[{"selector":{"id":"application-managehandovers-display-component---AddNewHO--ObjectPageLayout-anchBar-application-managehandovers-display-component---AddNewHO--section4-anchor","interaction":{"idSuffix":"BDI-content"}},"wdio_ui5_key":"applicationmanagehandovers-display-component---AddNewHO--ObjectPageLayout-anchBar-application-managehandovers-display-component---AddNewHO--section4-anchor"}]}
RESULT: {"script":"<script> [1562 bytes]","args":[{"selector":{"id":"application-managehandovers-display-component---AddNewHO--ObjectPageLayout-anchBar-application-managehandovers-display-component---AddNewHO--section4-anchor","interaction":{"idSuffix":"BDI-content"}},"wdio_ui5_key":"applicationmanagehandovers-display-component---AddNewHO--ObjectPageLayout-anchBar-application-managehandovers-display-component---AddNewHO--section4-anchor"}]}
RESULT: undefined
COMMAND: POST /session/799be37928140a71a03c3bbe373ba355/element - {"using":"xpath","value":"//*[@id=\"application-managehandovers-display-component---AddNewHO--ObjectPageLayout-anchBar-application-managehandovers-display-component---AddNewHO--section4-anchor\"]"}
RESULT: {"using":"xpath","value":"//*[@id=\"application-managehandovers-display-component---AddNewHO--ObjectPageLayout-anchBar-application-managehandovers-display-component---AddNewHO--section4-anchor\"]"}
COMMAND: POST /session/799be37928140a71a03c3bbe373ba355/element/f.19D3A8A536C023AFD4E776B255E62FBE.d.5DE578EDBAC4DE3A463742F7FA59D3ED.e.16855/click - {}
RESULT: {}
COMMAND: POST /session/799be37928140a71a03c3bbe373ba355/element - {"using":"xpath","value":"//button[@aria-label=\"Add\"]"}
COMMAND: GET /session/799be37928140a71a03c3bbe373ba355/screenshot - {}
RESULT: {"using":"xpath","value":"//button[@aria-label=\"Add\"]"}
COMMAND: POST /session/799be37928140a71a03c3bbe373ba355/element/f.19D3A8A536C023AFD4E776B255E62FBE.d.5DE578EDBAC4DE3A463742F7FA59D3ED.e.16857/click - {}
RESULT: {}
RESULT: {}
COMMAND: GET /session/799be37928140a71a03c3bbe373ba355/screenshot - {}
RESULT: {}
COMMAND: POST /session/799be37928140a71a03c3bbe373ba355/execute/async - {"script":"<script> [1562 bytes]","args":[{"selector":{"id":"application-managehandovers-display-component---AddNewHO--smartFilterBar-btnBasicSearch","searchOpenDialogs":true,"interaction":{"idSuffix":"I"}},"wdio_ui5_key":"applicationmanagehandovers-display-component---AddNewHO--smartFilterBar-btnBasicSearch"}]}
RESULT: {"script":"<script> [1562 bytes]","args":[{"selector":{"id":"application-managehandovers-display-component---AddNewHO--smartFilterBar-btnBasicSearch","searchOpenDialogs":true,"interaction":{"idSuffix":"I"}},"wdio_ui5_key":"applicationmanagehandovers-display-component---AddNewHO--smartFilterBar-btnBasicSearch"}]}
RESULT: undefined
COMMAND: POST /session/799be37928140a71a03c3bbe373ba355/execute/async - {"script":"<script> [776 bytes]","args":[{"enterText":"jMnI7y3MNg","selector":{"id":"application-managehandovers-display-component---AddNewHO--smartFilterBar-btnBasicSearch","searchOpenDialogs":true,"interaction":{"idSuffix":"I"}},"clearTextFirst":true,"interactionType":"ENTER_TEXT"}]}
RESULT: {"script":"<script> [776 bytes]","args":[{"enterText":"jMnI7y3MNg","selector":{"id":"application-managehandovers-display-component---AddNewHO--smartFilterBar-btnBasicSearch","searchOpenDialogs":true,"interaction":{"idSuffix":"I"}},"clearTextFirst":true,"interactionType":"ENTER_TEXT"}]}
COMMAND: POST /session/799be37928140a71a03c3bbe373ba355/actions - {"actions":[{"id":"action57","type":"key","parameters":{},"actions":[{"type":"keyDown","value":""},{"type":"pause","duration":10},{"type":"keyUp","value":""}]}]}
RESULT: {"actions":[{"id":"action57","type":"key","parameters":{},"actions":[{"type":"keyDown","value":""},{"type":"pause","duration":10},{"type":"keyUp","value":""}]}]}
COMMAND: GET /session/799be37928140a71a03c3bbe373ba355/screenshot - {}
RESULT: {}
COMMAND: POST /session/799be37928140a71a03c3bbe373ba355/execute/async - {"script":"<script> [1562 bytes]","args":[{"selector":{"id":"application-managehandovers-display-component---AddNewHO--popup-sa","searchOpenDialogs":true,"interaction":{"idSuffix":"CbBg"}},"wdio_ui5_key":"applicationmanagehandovers-display-component---AddNewHO--popup-sa"}]}
RESULT: {"script":"<script> [1562 bytes]","args":[{"selector":{"id":"application-managehandovers-display-component---AddNewHO--popup-sa","searchOpenDialogs":true,"interaction":{"idSuffix":"CbBg"}},"wdio_ui5_key":"applicationmanagehandovers-display-component---AddNewHO--popup-sa"}]}
RESULT: undefined
COMMAND: POST /session/799be37928140a71a03c3bbe373ba355/element - {"using":"xpath","value":"//*[@id=\"application-managehandovers-display-component---AddNewHO--popup-sa\"]"}
RESULT: {"using":"xpath","value":"//*[@id=\"application-managehandovers-display-component---AddNewHO--popup-sa\"]"}
COMMAND: POST /session/799be37928140a71a03c3bbe373ba355/element/f.19D3A8A536C023AFD4E776B255E62FBE.d.5DE578EDBAC4DE3A463742F7FA59D3ED.e.17009/click - {}
RESULT: {}
COMMAND: GET /session/799be37928140a71a03c3bbe373ba355/screenshot - {}
RESULT: {}
COMMAND: POST /session/799be37928140a71a03c3bbe373ba355/element - {"using":"xpath","value":"//bdi[contains(text(), \"Select\")]"}
RESULT: {"using":"xpath","value":"//bdi[contains(text(), \"Select\")]"}
COMMAND: POST /session/799be37928140a71a03c3bbe373ba355/element/f.19D3A8A536C023AFD4E776B255E62FBE.d.5DE578EDBAC4DE3A463742F7FA59D3ED.e.17010/click - {}
RESULT: {}
COMMAND: GET /session/799be37928140a71a03c3bbe373ba355/screenshot - {}
RESULT: {}
COMMAND: POST /session/799be37928140a71a03c3bbe373ba355/element - {"using":"xpath","value":"//button[@data-kt=\"AddNewHOSaveButton\"]"}
RESULT: {"using":"xpath","value":"//button[@data-kt=\"AddNewHOSaveButton\"]"}
COMMAND: POST /session/799be37928140a71a03c3bbe373ba355/element/f.19D3A8A536C023AFD4E776B255E62FBE.d.5DE578EDBAC4DE3A463742F7FA59D3ED.e.17014/click - {}
RESULT: {}
COMMAND: GET /session/799be37928140a71a03c3bbe373ba355/screenshot - {}
RESULT: {}
COMMAND: POST /session/799be37928140a71a03c3bbe373ba355/execute/async - {"script":"<script> [1562 bytes]","args":[{"selector":{"id":"receiptDatePicker","viewName":"etm.portal.ui.managehandovers.view.DetailExecuteHO","interaction":{"idSuffix":"inner"}},"wdio_ui5_key":"receiptDatePickeretmportal.ui.managehandovers.view.DetailExecuteHO"}]}
RESULT: {"script":"<script> [1562 bytes]","args":[{"selector":{"id":"receiptDatePicker","viewName":"etm.portal.ui.managehandovers.view.DetailExecuteHO","interaction":{"idSuffix":"inner"}},"wdio_ui5_key":"receiptDatePickeretmportal.ui.managehandovers.view.DetailExecuteHO"}]}
RESULT: undefined
COMMAND: POST /session/799be37928140a71a03c3bbe373ba355/execute/async - {"script":"<script> [6424 bytes]","args":[{"element-6066-11e4-a52e-4f735466cecf":"f.19D3A8A536C023AFD4E776B255E62FBE.d.5DE578EDBAC4DE3A463742F7FA59D3ED.e.17044"},"setValue",["04/19/2025"]]}
RESULT: {"script":"<script> [6424 bytes]","args":[{"element-6066-11e4-a52e-4f735466cecf":"f.19D3A8A536C023AFD4E776B255E62FBE.d.5DE578EDBAC4DE3A463742F7FA59D3ED.e.17044"},"setValue",["04/19/2025"]]}
COMMAND: POST /session/799be37928140a71a03c3bbe373ba355/element - {"using":"xpath","value":"//button[@data-kt=\"PickingTableConfirmAllButton\"]"}
RESULT: {"using":"xpath","value":"//button[@data-kt=\"PickingTableConfirmAllButton\"]"}
COMMAND: POST /session/799be37928140a71a03c3bbe373ba355/element/f.19D3A8A536C023AFD4E776B255E62FBE.d.5DE578EDBAC4DE3A463742F7FA59D3ED.e.17059/click - {}
RESULT: {}
COMMAND: GET /session/799be37928140a71a03c3bbe373ba355/screenshot - {}
RESULT: {}
COMMAND: POST /session/799be37928140a71a03c3bbe373ba355/element - {"using":"xpath","value":"//bdi[contains(text(), \"OK\")]"}
RESULT: {"using":"xpath","value":"//bdi[contains(text(), \"OK\")]"}
COMMAND: POST /session/799be37928140a71a03c3bbe373ba355/element/f.19D3A8A536C023AFD4E776B255E62FBE.d.5DE578EDBAC4DE3A463742F7FA59D3ED.e.17061/click - {}
RESULT: {}
COMMAND: GET /session/799be37928140a71a03c3bbe373ba355/screenshot - {}
RESULT: {}
COMMAND: POST /session/799be37928140a71a03c3bbe373ba355/element - {"using":"xpath","value":"(//bdi[contains(text(), \"Receive\")])[2]"}
RESULT: {"using":"xpath","value":"(//bdi[contains(text(), \"Receive\")])[2]"}
COMMAND: POST /session/799be37928140a71a03c3bbe373ba355/element/f.19D3A8A536C023AFD4E776B255E62FBE.d.5DE578EDBAC4DE3A463742F7FA59D3ED.e.17063/click - {}
RESULT: {}
COMMAND: GET /session/799be37928140a71a03c3bbe373ba355/screenshot - {}
RESULT: {}
COMMAND: POST /session/799be37928140a71a03c3bbe373ba355/element - {"using":"css selector","value":"#shell-header-logo"}
RESULT: {"using":"css selector","value":"#shell-header-logo"}
COMMAND: POST /session/799be37928140a71a03c3bbe373ba355/element/f.19D3A8A536C023AFD4E776B255E62FBE.d.5DE578EDBAC4DE3A463742F7FA59D3ED.e.16459/click - {}
RESULT: {}
COMMAND: GET /session/799be37928140a71a03c3bbe373ba355/screenshot - {}
RESULT: {}
]]></system-out>
    </testcase>
    <testcase classname="chrome.135_0_7049_42.windows.Performance_based_billing_(work_days)_US139742" name="Should create a new contract" time="50.38">
      <system-out><![CDATA[
COMMAND: POST /session/799be37928140a71a03c3bbe373ba355/execute/async - {"script":"<script> [1562 bytes]","args":[{"selector":{"controlType":"sap.m.Text","viewName":"etm.portal.ui.managecontractstile.view.Master","properties":{"text":"Manage Contracts"},"interaction":{"idSuffix":"inner"}},"wdio_ui5_key":"etmportal.ui.managecontractstile.view.Mastersap.m.Text{\"text\":\"Manage Contracts\"}"}]}
RESULT: {"script":"<script> [1562 bytes]","args":[{"selector":{"controlType":"sap.m.Text","viewName":"etm.portal.ui.managecontractstile.view.Master","properties":{"text":"Manage Contracts"},"interaction":{"idSuffix":"inner"}},"wdio_ui5_key":"etmportal.ui.managecontractstile.view.Mastersap.m.Text{\"text\":\"Manage Contracts\"}"}]}
RESULT: undefined
COMMAND: POST /session/799be37928140a71a03c3bbe373ba355/element - {"using":"xpath","value":"//*[@id=\"__tile130-title\"]"}
RESULT: {"using":"xpath","value":"//*[@id=\"__tile130-title\"]"}
COMMAND: POST /session/799be37928140a71a03c3bbe373ba355/element/f.19D3A8A536C023AFD4E776B255E62FBE.d.5DE578EDBAC4DE3A463742F7FA59D3ED.e.17236/click - {}
RESULT: {}
COMMAND: GET /session/799be37928140a71a03c3bbe373ba355/screenshot - {}
COMMAND: POST /session/799be37928140a71a03c3bbe373ba355/element - {"using":"xpath","value":"//button[@data-kt=\"addButton\"]"}
RESULT: undefined
RESULT: undefined
RESULT: {}
RESULT: {"using":"xpath","value":"//button[@data-kt=\"addButton\"]"}
COMMAND: POST /session/799be37928140a71a03c3bbe373ba355/elements - {"using":"xpath","value":"//button[@data-kt=\"addButton\"]"}
RESULT: {"using":"xpath","value":"//button[@data-kt=\"addButton\"]"}
COMMAND: POST /session/799be37928140a71a03c3bbe373ba355/execute/sync - {"script":"<script> [8489 bytes]","args":[{"element-6066-11e4-a52e-4f735466cecf":"f.19D3A8A536C023AFD4E776B255E62FBE.d.5DE578EDBAC4DE3A463742F7FA59D3ED.e.17300","ELEMENT":"f.19D3A8A536C023AFD4E776B255E62FBE.d.5DE578EDBAC4DE3A463742F7FA59D3ED.e.17300"}]}
RESULT: {"script":"<script> [8489 bytes]","args":[{"element-6066-11e4-a52e-4f735466cecf":"f.19D3A8A536C023AFD4E776B255E62FBE.d.5DE578EDBAC4DE3A463742F7FA59D3ED.e.17300","ELEMENT":"f.19D3A8A536C023AFD4E776B255E62FBE.d.5DE578EDBAC4DE3A463742F7FA59D3ED.e.17300"}]}
COMMAND: GET /session/799be37928140a71a03c3bbe373ba355/element/f.19D3A8A536C023AFD4E776B255E62FBE.d.5DE578EDBAC4DE3A463742F7FA59D3ED.e.17300/enabled - {}
COMMAND: GET /session/799be37928140a71a03c3bbe373ba355/screenshot - {}
RESULT: {}
COMMAND: POST /session/799be37928140a71a03c3bbe373ba355/execute/sync - {"script":"<script> [8489 bytes]","args":[{"element-6066-11e4-a52e-4f735466cecf":"f.19D3A8A536C023AFD4E776B255E62FBE.d.5DE578EDBAC4DE3A463742F7FA59D3ED.e.17300","ELEMENT":"f.19D3A8A536C023AFD4E776B255E62FBE.d.5DE578EDBAC4DE3A463742F7FA59D3ED.e.17300"}]}
COMMAND: GET /session/799be37928140a71a03c3bbe373ba355/screenshot - {}
RESULT: {}
RESULT: {"script":"<script> [8489 bytes]","args":[{"element-6066-11e4-a52e-4f735466cecf":"f.19D3A8A536C023AFD4E776B255E62FBE.d.5DE578EDBAC4DE3A463742F7FA59D3ED.e.17300","ELEMENT":"f.19D3A8A536C023AFD4E776B255E62FBE.d.5DE578EDBAC4DE3A463742F7FA59D3ED.e.17300"}]}
COMMAND: POST /session/799be37928140a71a03c3bbe373ba355/execute/sync - {"script":"<script> [5351 bytes]","args":[{"element-6066-11e4-a52e-4f735466cecf":"f.19D3A8A536C023AFD4E776B255E62FBE.d.5DE578EDBAC4DE3A463742F7FA59D3ED.e.17300","ELEMENT":"f.19D3A8A536C023AFD4E776B255E62FBE.d.5DE578EDBAC4DE3A463742F7FA59D3ED.e.17300"}]}
COMMAND: GET /session/799be37928140a71a03c3bbe373ba355/screenshot - {}
RESULT: {}
RESULT: {"script":"<script> [5351 bytes]","args":[{"element-6066-11e4-a52e-4f735466cecf":"f.19D3A8A536C023AFD4E776B255E62FBE.d.5DE578EDBAC4DE3A463742F7FA59D3ED.e.17300","ELEMENT":"f.19D3A8A536C023AFD4E776B255E62FBE.d.5DE578EDBAC4DE3A463742F7FA59D3ED.e.17300"}]}
COMMAND: GET /session/799be37928140a71a03c3bbe373ba355/screenshot - {}
RESULT: {}
RESULT: {}
COMMAND: POST /session/799be37928140a71a03c3bbe373ba355/element/f.19D3A8A536C023AFD4E776B255E62FBE.d.5DE578EDBAC4DE3A463742F7FA59D3ED.e.17300/click - {}
RESULT: {}
COMMAND: GET /session/799be37928140a71a03c3bbe373ba355/screenshot - {}
COMMAND: POST /session/799be37928140a71a03c3bbe373ba355/execute/async - {"script":"<script> [1562 bytes]","args":[{"selector":{"id":"application-managecontracts-display-component---AddNewContract--projectDescription","interaction":{"idSuffix":"inner"}},"wdio_ui5_key":"applicationmanagecontracts-display-component---AddNewContract--projectDescription"}]}
RESULT: {}
RESULT: {"script":"<script> [1562 bytes]","args":[{"selector":{"id":"application-managecontracts-display-component---AddNewContract--projectDescription","interaction":{"idSuffix":"inner"}},"wdio_ui5_key":"applicationmanagecontracts-display-component---AddNewContract--projectDescription"}]}
RESULT: undefined
COMMAND: POST /session/799be37928140a71a03c3bbe373ba355/execute/async - {"script":"<script> [776 bytes]","args":[{"enterText":"Performance Contract WDIO","selector":{"id":"application-managecontracts-display-component---AddNewContract--projectDescription","interaction":{"idSuffix":"inner"}},"clearTextFirst":true,"interactionType":"ENTER_TEXT"}]}
RESULT: {"script":"<script> [776 bytes]","args":[{"enterText":"Performance Contract WDIO","selector":{"id":"application-managecontracts-display-component---AddNewContract--projectDescription","interaction":{"idSuffix":"inner"}},"clearTextFirst":true,"interactionType":"ENTER_TEXT"}]}
COMMAND: POST /session/799be37928140a71a03c3bbe373ba355/element - {"using":"xpath","value":"//input[@id=\"application-managecontracts-display-component---AddNewContract--site-inner\"]"}
RESULT: {"using":"xpath","value":"//input[@id=\"application-managecontracts-display-component---AddNewContract--site-inner\"]"}
COMMAND: POST /session/799be37928140a71a03c3bbe373ba355/element/f.19D3A8A536C023AFD4E776B255E62FBE.d.5DE578EDBAC4DE3A463742F7FA59D3ED.e.17599/clear - {}
RESULT: {}
COMMAND: POST /session/799be37928140a71a03c3bbe373ba355/element/f.19D3A8A536C023AFD4E776B255E62FBE.d.5DE578EDBAC4DE3A463742F7FA59D3ED.e.17599/value - {"text":"2407"}
COMMAND: GET /session/799be37928140a71a03c3bbe373ba355/screenshot - {}
RESULT: {"text":"2407"}
COMMAND: GET /session/799be37928140a71a03c3bbe373ba355/screenshot - {}
RESULT: {}
RESULT: {}
COMMAND: POST /session/799be37928140a71a03c3bbe373ba355/element - {"using":"xpath","value":"//li[.//span[text()='2407']]"}
RESULT: {"using":"xpath","value":"//li[.//span[text()='2407']]"}
COMMAND: POST /session/799be37928140a71a03c3bbe373ba355/element/f.19D3A8A536C023AFD4E776B255E62FBE.d.5DE578EDBAC4DE3A463742F7FA59D3ED.e.17624/click - {}
RESULT: {}
COMMAND: GET /session/799be37928140a71a03c3bbe373ba355/screenshot - {}
RESULT: {}
COMMAND: POST /session/799be37928140a71a03c3bbe373ba355/element - {"using":"xpath","value":"//input[@id=\"application-managecontracts-display-component---AddNewContract--yardId-inner\"]"}
RESULT: {"using":"xpath","value":"//input[@id=\"application-managecontracts-display-component---AddNewContract--yardId-inner\"]"}
COMMAND: GET /session/799be37928140a71a03c3bbe373ba355/element/f.19D3A8A536C023AFD4E776B255E62FBE.d.5DE578EDBAC4DE3A463742F7FA59D3ED.e.17600/property/value - {}
RESULT: {}
COMMAND: POST /session/799be37928140a71a03c3bbe373ba355/element - {"using":"xpath","value":"//input[@id=\"application-managecontracts-display-component---AddNewContract--customerSelect-inner\"]"}
COMMAND: GET /session/799be37928140a71a03c3bbe373ba355/screenshot - {}
RESULT: {"using":"xpath","value":"//input[@id=\"application-managecontracts-display-component---AddNewContract--customerSelect-inner\"]"}
COMMAND: POST /session/799be37928140a71a03c3bbe373ba355/element/f.19D3A8A536C023AFD4E776B255E62FBE.d.5DE578EDBAC4DE3A463742F7FA59D3ED.e.17598/clear - {}
RESULT: {}
RESULT: {}
COMMAND: POST /session/799be37928140a71a03c3bbe373ba355/element/f.19D3A8A536C023AFD4E776B255E62FBE.d.5DE578EDBAC4DE3A463742F7FA59D3ED.e.17598/value - {"text":"1449"}
COMMAND: GET /session/799be37928140a71a03c3bbe373ba355/screenshot - {}
RESULT: {"text":"1449"}
COMMAND: GET /session/799be37928140a71a03c3bbe373ba355/screenshot - {}
RESULT: {}
RESULT: {}
COMMAND: POST /session/799be37928140a71a03c3bbe373ba355/element - {"using":"xpath","value":"//li[.//span[text()='1449']]"}
RESULT: {"using":"xpath","value":"//li[.//span[text()='1449']]"}
COMMAND: POST /session/799be37928140a71a03c3bbe373ba355/element/f.19D3A8A536C023AFD4E776B255E62FBE.d.5DE578EDBAC4DE3A463742F7FA59D3ED.e.17627/click - {}
RESULT: {}
COMMAND: GET /session/799be37928140a71a03c3bbe373ba355/screenshot - {}
RESULT: {}
COMMAND: POST /session/799be37928140a71a03c3bbe373ba355/element - {"using":"xpath","value":"//button[@data-kt=\"saveButton\"]"}
RESULT: {"using":"xpath","value":"//button[@data-kt=\"saveButton\"]"}
COMMAND: POST /session/799be37928140a71a03c3bbe373ba355/element/f.19D3A8A536C023AFD4E776B255E62FBE.d.5DE578EDBAC4DE3A463742F7FA59D3ED.e.17617/click - {}
RESULT: {}
COMMAND: GET /session/799be37928140a71a03c3bbe373ba355/screenshot - {}
RESULT: {}
COMMAND: POST /session/799be37928140a71a03c3bbe373ba355/element - {"using":"xpath","value":"//span[contains(@id ,\"contractDetailTitleNoExpanded\")]"}
RESULT: {"using":"xpath","value":"//span[contains(@id ,\"contractDetailTitleNoExpanded\")]"}
COMMAND: POST /session/799be37928140a71a03c3bbe373ba355/elements - {"using":"xpath","value":"//span[contains(@id ,\"contractDetailTitleNoExpanded\")]"}
RESULT: {"using":"xpath","value":"//span[contains(@id ,\"contractDetailTitleNoExpanded\")]"}
COMMAND: POST /session/799be37928140a71a03c3bbe373ba355/execute/sync - {"script":"<script> [56 bytes]","args":[{"element-6066-11e4-a52e-4f735466cecf":"f.19D3A8A536C023AFD4E776B255E62FBE.d.5DE578EDBAC4DE3A463742F7FA59D3ED.e.17635","ELEMENT":"f.19D3A8A536C023AFD4E776B255E62FBE.d.5DE578EDBAC4DE3A463742F7FA59D3ED.e.17635"}]}
RESULT: {"script":"<script> [56 bytes]","args":[{"element-6066-11e4-a52e-4f735466cecf":"f.19D3A8A536C023AFD4E776B255E62FBE.d.5DE578EDBAC4DE3A463742F7FA59D3ED.e.17635","ELEMENT":"f.19D3A8A536C023AFD4E776B255E62FBE.d.5DE578EDBAC4DE3A463742F7FA59D3ED.e.17635"}]}
COMMAND: GET /session/799be37928140a71a03c3bbe373ba355/screenshot - {}
RESULT: {}
]]></system-out>
    </testcase>
    <testcase classname="chrome.135_0_7049_42.windows.Performance_based_billing_(work_days)_US139742" name="Should add equipment to the contract" time="41.443">
      <system-out><![CDATA[
COMMAND: POST /session/799be37928140a71a03c3bbe373ba355/element - {"using":"xpath","value":"//button[@data-kt=\"contractDetailEditBtnButton\"]"}
RESULT: {"using":"xpath","value":"//button[@data-kt=\"contractDetailEditBtnButton\"]"}
COMMAND: POST /session/799be37928140a71a03c3bbe373ba355/element/f.19D3A8A536C023AFD4E776B255E62FBE.d.5DE578EDBAC4DE3A463742F7FA59D3ED.e.17638/click - {}
RESULT: {}
COMMAND: GET /session/799be37928140a71a03c3bbe373ba355/screenshot - {}
RESULT: {}
COMMAND: POST /session/799be37928140a71a03c3bbe373ba355/element - {"using":"xpath","value":"(//span[contains(text(), \"Additional Addresses\")])[2]"}
RESULT: {"using":"xpath","value":"(//span[contains(text(), \"Additional Addresses\")])[2]"}
COMMAND: POST /session/799be37928140a71a03c3bbe373ba355/element/f.19D3A8A536C023AFD4E776B255E62FBE.d.5DE578EDBAC4DE3A463742F7FA59D3ED.e.17698/click - {}
RESULT: {}
COMMAND: GET /session/799be37928140a71a03c3bbe373ba355/screenshot - {}
RESULT: {}
COMMAND: POST /session/799be37928140a71a03c3bbe373ba355/element - {"using":"xpath","value":"//button[@data-kt=\"btnAddTableRowOverflowToolbarButton\"]"}
RESULT: {"using":"xpath","value":"//button[@data-kt=\"btnAddTableRowOverflowToolbarButton\"]"}
COMMAND: POST /session/799be37928140a71a03c3bbe373ba355/element/f.19D3A8A536C023AFD4E776B255E62FBE.d.5DE578EDBAC4DE3A463742F7FA59D3ED.e.17702/click - {}
RESULT: {}
COMMAND: GET /session/799be37928140a71a03c3bbe373ba355/screenshot - {}
RESULT: {}
COMMAND: POST /session/799be37928140a71a03c3bbe373ba355/element - {"using":"xpath","value":"//div[(text() = 'Standard Entry' or . = 'Standard Entry')]"}
RESULT: {"using":"xpath","value":"//div[(text() = 'Standard Entry' or . = 'Standard Entry')]"}
COMMAND: POST /session/799be37928140a71a03c3bbe373ba355/element/f.19D3A8A536C023AFD4E776B255E62FBE.d.5DE578EDBAC4DE3A463742F7FA59D3ED.e.17704/click - {}
RESULT: {}
COMMAND: GET /session/799be37928140a71a03c3bbe373ba355/screenshot - {}
RESULT: {}
COMMAND: POST /session/799be37928140a71a03c3bbe373ba355/element - {"using":"xpath","value":"//td[7]/div/div/input"}
RESULT: {"using":"xpath","value":"//td[7]/div/div/input"}
COMMAND: POST /session/799be37928140a71a03c3bbe373ba355/element/f.19D3A8A536C023AFD4E776B255E62FBE.d.5DE578EDBAC4DE3A463742F7FA59D3ED.e.17713/clear - {}
RESULT: {}
COMMAND: POST /session/799be37928140a71a03c3bbe373ba355/element/f.19D3A8A536C023AFD4E776B255E62FBE.d.5DE578EDBAC4DE3A463742F7FA59D3ED.e.17713/value - {"text":"jMnI7y3MNg"}
COMMAND: GET /session/799be37928140a71a03c3bbe373ba355/screenshot - {}
RESULT: {}
RESULT: {"text":"jMnI7y3MNg"}
COMMAND: GET /session/799be37928140a71a03c3bbe373ba355/screenshot - {}
RESULT: {}
COMMAND: POST /session/799be37928140a71a03c3bbe373ba355/actions - {"actions":[{"id":"action58","type":"key","parameters":{},"actions":[{"type":"keyDown","value":""},{"type":"pause","duration":10},{"type":"keyUp","value":""}]}]}
RESULT: {"actions":[{"id":"action58","type":"key","parameters":{},"actions":[{"type":"keyDown","value":""},{"type":"pause","duration":10},{"type":"keyUp","value":""}]}]}
COMMAND: GET /session/799be37928140a71a03c3bbe373ba355/screenshot - {}
RESULT: {}
COMMAND: POST /session/799be37928140a71a03c3bbe373ba355/element - {"using":"xpath","value":"(//button[@data-kt=\"saveButton\"])[2]"}
RESULT: {"using":"xpath","value":"(//button[@data-kt=\"saveButton\"])[2]"}
COMMAND: POST /session/799be37928140a71a03c3bbe373ba355/element/f.19D3A8A536C023AFD4E776B255E62FBE.d.5DE578EDBAC4DE3A463742F7FA59D3ED.e.17728/click - {}
RESULT: {}
COMMAND: GET /session/799be37928140a71a03c3bbe373ba355/screenshot - {}
RESULT: {}
COMMAND: POST /session/799be37928140a71a03c3bbe373ba355/element - {"using":"xpath","value":"//span[contains(@id ,\"contractItemsSmartTable-header-inner\")]"}
RESULT: {"using":"xpath","value":"//span[contains(@id ,\"contractItemsSmartTable-header-inner\")]"}
COMMAND: POST /session/799be37928140a71a03c3bbe373ba355/elements - {"using":"xpath","value":"//span[contains(@id ,\"contractItemsSmartTable-header-inner\")]"}
RESULT: {"using":"xpath","value":"//span[contains(@id ,\"contractItemsSmartTable-header-inner\")]"}
COMMAND: POST /session/799be37928140a71a03c3bbe373ba355/execute/sync - {"script":"<script> [56 bytes]","args":[{"element-6066-11e4-a52e-4f735466cecf":"f.19D3A8A536C023AFD4E776B255E62FBE.d.5DE578EDBAC4DE3A463742F7FA59D3ED.e.17737","ELEMENT":"f.19D3A8A536C023AFD4E776B255E62FBE.d.5DE578EDBAC4DE3A463742F7FA59D3ED.e.17737"}]}
RESULT: {"script":"<script> [56 bytes]","args":[{"element-6066-11e4-a52e-4f735466cecf":"f.19D3A8A536C023AFD4E776B255E62FBE.d.5DE578EDBAC4DE3A463742F7FA59D3ED.e.17737","ELEMENT":"f.19D3A8A536C023AFD4E776B255E62FBE.d.5DE578EDBAC4DE3A463742F7FA59D3ED.e.17737"}]}
COMMAND: GET /session/799be37928140a71a03c3bbe373ba355/screenshot - {}
]]></system-out>
    </testcase>
    <testcase classname="chrome.135_0_7049_42.windows.Performance_based_billing_(work_days)_US139742" name="Should do a provide to site handover" time="54.328">
      <system-out><![CDATA[
COMMAND: POST /session/799be37928140a71a03c3bbe373ba355/element - {"using":"xpath","value":"//button[@data-kt=\"provideButton\"]"}
RESULT: {}
RESULT: {"using":"xpath","value":"//button[@data-kt=\"provideButton\"]"}
COMMAND: POST /session/799be37928140a71a03c3bbe373ba355/element/f.19D3A8A536C023AFD4E776B255E62FBE.d.5DE578EDBAC4DE3A463742F7FA59D3ED.e.17738/click - {}
RESULT: {}
COMMAND: GET /session/799be37928140a71a03c3bbe373ba355/screenshot - {}
RESULT: undefined
COMMAND: POST /session/799be37928140a71a03c3bbe373ba355/execute/async - {"script":"<script> [6424 bytes]","args":[{"element-6066-11e4-a52e-4f735466cecf":"f.19D3A8A536C023AFD4E776B255E62FBE.d.5DE578EDBAC4DE3A463742F7FA59D3ED.e.16832"},"setValue",["04/19/2025"]]}
RESULT: {}
COMMAND: POST /session/799be37928140a71a03c3bbe373ba355/execute/async - {"script":"<script> [1562 bytes]","args":[{"selector":{"id":"application-managehandovers-display-component---AddNewHO--dueDate","interaction":{"idSuffix":"inner"}},"wdio_ui5_key":"applicationmanagehandovers-display-component---AddNewHO--dueDate"}]}
RESULT: {"script":"<script> [1562 bytes]","args":[{"selector":{"id":"application-managehandovers-display-component---AddNewHO--dueDate","interaction":{"idSuffix":"inner"}},"wdio_ui5_key":"applicationmanagehandovers-display-component---AddNewHO--dueDate"}]}
COMMAND: POST /session/799be37928140a71a03c3bbe373ba355/execute/async - {"script":"<script> [6424 bytes]","args":[{"element-6066-11e4-a52e-4f735466cecf":"f.19D3A8A536C023AFD4E776B255E62FBE.d.5DE578EDBAC4DE3A463742F7FA59D3ED.e.17791"},"setValue",["04/19/2025"]]}
RESULT: {"script":"<script> [6424 bytes]","args":[{"element-6066-11e4-a52e-4f735466cecf":"f.19D3A8A536C023AFD4E776B255E62FBE.d.5DE578EDBAC4DE3A463742F7FA59D3ED.e.17791"},"setValue",["04/19/2025"]]}
COMMAND: POST /session/799be37928140a71a03c3bbe373ba355/element - {"using":"xpath","value":"//bdi[contains(text(), \"Instructions\")]"}
RESULT: {"using":"xpath","value":"//bdi[contains(text(), \"Instructions\")]"}
COMMAND: POST /session/799be37928140a71a03c3bbe373ba355/element/f.19D3A8A536C023AFD4E776B255E62FBE.d.5DE578EDBAC4DE3A463742F7FA59D3ED.e.18046/click - {}
RESULT: {}
COMMAND: GET /session/799be37928140a71a03c3bbe373ba355/screenshot - {}
RESULT: {}
COMMAND: POST /session/799be37928140a71a03c3bbe373ba355/element - {"using":"xpath","value":"//button[@data-kt=\"AddNewHOProvideAddItemsButton\"]"}
RESULT: {"using":"xpath","value":"//button[@data-kt=\"AddNewHOProvideAddItemsButton\"]"}
COMMAND: POST /session/799be37928140a71a03c3bbe373ba355/element/f.19D3A8A536C023AFD4E776B255E62FBE.d.5DE578EDBAC4DE3A463742F7FA59D3ED.e.18050/click - {}
RESULT: {}
COMMAND: GET /session/799be37928140a71a03c3bbe373ba355/screenshot - {}
RESULT: {}
RESULT: undefined
COMMAND: POST /session/799be37928140a71a03c3bbe373ba355/element - {"using":"xpath","value":"//*[@id=\"application-managehandovers-display-component---AddNewHO--popup-sa\"]"}
RESULT: {"using":"xpath","value":"//*[@id=\"application-managehandovers-display-component---AddNewHO--popup-sa\"]"}
COMMAND: POST /session/799be37928140a71a03c3bbe373ba355/element/f.19D3A8A536C023AFD4E776B255E62FBE.d.5DE578EDBAC4DE3A463742F7FA59D3ED.e.18060/click - {}
RESULT: {}
COMMAND: GET /session/799be37928140a71a03c3bbe373ba355/screenshot - {}
RESULT: {}
COMMAND: POST /session/799be37928140a71a03c3bbe373ba355/element - {"using":"xpath","value":"//*[contains(@id ,\"BDI-content\")][contains(text(), \"Select\")]"}
RESULT: {"using":"xpath","value":"//*[contains(@id ,\"BDI-content\")][contains(text(), \"Select\")]"}
COMMAND: POST /session/799be37928140a71a03c3bbe373ba355/element/f.19D3A8A536C023AFD4E776B255E62FBE.d.5DE578EDBAC4DE3A463742F7FA59D3ED.e.18061/click - {}
RESULT: {}
COMMAND: GET /session/799be37928140a71a03c3bbe373ba355/screenshot - {}
RESULT: {}
COMMAND: POST /session/799be37928140a71a03c3bbe373ba355/execute/async - {"script":"<script> [1562 bytes]","args":[{"selector":{"id":"application-managehandovers-display-component---AddNewHO--confirmCreationButton","interaction":{"idSuffix":"BDI-content"}},"wdio_ui5_key":"applicationmanagehandovers-display-component---AddNewHO--confirmCreationButton"}]}
RESULT: {"script":"<script> [1562 bytes]","args":[{"selector":{"id":"application-managehandovers-display-component---AddNewHO--confirmCreationButton","interaction":{"idSuffix":"BDI-content"}},"wdio_ui5_key":"applicationmanagehandovers-display-component---AddNewHO--confirmCreationButton"}]}
RESULT: undefined
COMMAND: POST /session/799be37928140a71a03c3bbe373ba355/element - {"using":"xpath","value":"//*[@id=\"application-managehandovers-display-component---AddNewHO--confirmCreationButton\"]"}
RESULT: {"using":"xpath","value":"//*[@id=\"application-managehandovers-display-component---AddNewHO--confirmCreationButton\"]"}
COMMAND: POST /session/799be37928140a71a03c3bbe373ba355/element/f.19D3A8A536C023AFD4E776B255E62FBE.d.5DE578EDBAC4DE3A463742F7FA59D3ED.e.17856/click - {}
RESULT: {}
COMMAND: GET /session/799be37928140a71a03c3bbe373ba355/screenshot - {}
RESULT: {}
COMMAND: POST /session/799be37928140a71a03c3bbe373ba355/element - {"using":"xpath","value":"//button[@data-kt=\"PickingTableConfirmAllButton\"]"}
RESULT: {"using":"xpath","value":"//button[@data-kt=\"PickingTableConfirmAllButton\"]"}
COMMAND: POST /session/799be37928140a71a03c3bbe373ba355/element/f.19D3A8A536C023AFD4E776B255E62FBE.d.5DE578EDBAC4DE3A463742F7FA59D3ED.e.18099/click - {}
COMMAND: POST /session/799be37928140a71a03c3bbe373ba355/element - {"using":"xpath","value":"//button[@data-kt=\"PickingTableConfirmAllButton\"]"}
RESULT: {"using":"xpath","value":"//button[@data-kt=\"PickingTableConfirmAllButton\"]"}
COMMAND: POST /session/799be37928140a71a03c3bbe373ba355/element/f.19D3A8A536C023AFD4E776B255E62FBE.d.5DE578EDBAC4DE3A463742F7FA59D3ED.e.18099/click - {}
COMMAND: POST /session/799be37928140a71a03c3bbe373ba355/element - {"using":"xpath","value":"//button[@data-kt=\"PickingTableConfirmAllButton\"]"}
RESULT: {"using":"xpath","value":"//button[@data-kt=\"PickingTableConfirmAllButton\"]"}
COMMAND: POST /session/799be37928140a71a03c3bbe373ba355/element/f.19D3A8A536C023AFD4E776B255E62FBE.d.5DE578EDBAC4DE3A463742F7FA59D3ED.e.18112/click - {}
RESULT: {}
COMMAND: GET /session/799be37928140a71a03c3bbe373ba355/screenshot - {}
RESULT: {}
COMMAND: POST /session/799be37928140a71a03c3bbe373ba355/element - {"using":"xpath","value":"//bdi[contains(text(), \"OK\")]"}
RESULT: {"using":"xpath","value":"//bdi[contains(text(), \"OK\")]"}
COMMAND: POST /session/799be37928140a71a03c3bbe373ba355/element/f.19D3A8A536C023AFD4E776B255E62FBE.d.5DE578EDBAC4DE3A463742F7FA59D3ED.e.18124/click - {}
RESULT: {}
COMMAND: GET /session/799be37928140a71a03c3bbe373ba355/screenshot - {}
RESULT: {}
COMMAND: POST /session/799be37928140a71a03c3bbe373ba355/element - {"using":"xpath","value":"//bdi[contains(text(), \"Ok\")]"}
RESULT: {"using":"xpath","value":"//bdi[contains(text(), \"Ok\")]"}
COMMAND: POST /session/799be37928140a71a03c3bbe373ba355/element/f.19D3A8A536C023AFD4E776B255E62FBE.d.5DE578EDBAC4DE3A463742F7FA59D3ED.e.18131/click - {}
RESULT: {}
COMMAND: GET /session/799be37928140a71a03c3bbe373ba355/screenshot - {}
RESULT: {}
COMMAND: POST /session/799be37928140a71a03c3bbe373ba355/element - {"using":"xpath","value":"//bdi[contains(text(), \"Issue\")]"}
RESULT: {"using":"xpath","value":"//bdi[contains(text(), \"Issue\")]"}
COMMAND: POST /session/799be37928140a71a03c3bbe373ba355/element/f.19D3A8A536C023AFD4E776B255E62FBE.d.5DE578EDBAC4DE3A463742F7FA59D3ED.e.18135/click - {}
RESULT: {}
COMMAND: GET /session/799be37928140a71a03c3bbe373ba355/screenshot - {}
RESULT: {}
COMMAND: POST /session/799be37928140a71a03c3bbe373ba355/element - {"using":"css selector","value":"#shell-header-logo"}
RESULT: {"using":"css selector","value":"#shell-header-logo"}
COMMAND: POST /session/799be37928140a71a03c3bbe373ba355/element/f.19D3A8A536C023AFD4E776B255E62FBE.d.5DE578EDBAC4DE3A463742F7FA59D3ED.e.17252/click - {}
RESULT: {}
COMMAND: GET /session/799be37928140a71a03c3bbe373ba355/screenshot - {}
RESULT: {}
]]></system-out>
    </testcase>
    <testcase classname="chrome.135_0_7049_42.windows.Performance_based_billing_(work_days)_US139742" name="Should create a few performance documents" time="94.163">
      <system-out><![CDATA[
COMMAND: POST /session/799be37928140a71a03c3bbe373ba355/window/fullscreen - {}
RESULT: {}
COMMAND: POST /session/799be37928140a71a03c3bbe373ba355/execute/async - {"script":"<script> [1562 bytes]","args":[{"selector":{"controlType":"sap.m.GenericTile","properties":{"header":"Manage States & Performance"}},"wdio_ui5_key":"sapm.GenericTile{\"header\":\"Manage States & Performance\"}"}]}
RESULT: {"script":"<script> [1562 bytes]","args":[{"selector":{"controlType":"sap.m.GenericTile","properties":{"header":"Manage States & Performance"}},"wdio_ui5_key":"sapm.GenericTile{\"header\":\"Manage States & Performance\"}"}]}
RESULT: undefined
COMMAND: POST /session/799be37928140a71a03c3bbe373ba355/element - {"using":"xpath","value":"//*[@id=\"__tile56\"]"}
RESULT: {"using":"xpath","value":"//*[@id=\"__tile56\"]"}
COMMAND: POST /session/799be37928140a71a03c3bbe373ba355/element/f.19D3A8A536C023AFD4E776B255E62FBE.d.5DE578EDBAC4DE3A463742F7FA59D3ED.e.15016/click - {}
RESULT: {}
COMMAND: POST /session/799be37928140a71a03c3bbe373ba355/element - {"using":"xpath","value":"//div[@id=\"application-managestatesandperformance-display-component---stateAndPerform--smartFilterBarResources-btnBasicSearch\"]"}
COMMAND: GET /session/799be37928140a71a03c3bbe373ba355/screenshot - {}
RESULT: {"using":"xpath","value":"//div[@id=\"application-managestatesandperformance-display-component---stateAndPerform--smartFilterBarResources-btnBasicSearch\"]"}
COMMAND: POST /session/799be37928140a71a03c3bbe373ba355/elements - {"using":"xpath","value":"//div[@id=\"application-managestatesandperformance-display-component---stateAndPerform--smartFilterBarResources-btnBasicSearch\"]"}
RESULT: {}
RESULT: {"using":"xpath","value":"//div[@id=\"application-managestatesandperformance-display-component---stateAndPerform--smartFilterBarResources-btnBasicSearch\"]"}
COMMAND: POST /session/799be37928140a71a03c3bbe373ba355/element - {"using":"xpath","value":"//div[@id=\"application-managestatesandperformance-display-component---stateAndPerform--smartFilterBarResources-btnBasicSearch\"]"}
RESULT: {"using":"xpath","value":"//div[@id=\"application-managestatesandperformance-display-component---stateAndPerform--smartFilterBarResources-btnBasicSearch\"]"}
COMMAND: POST /session/799be37928140a71a03c3bbe373ba355/execute/sync - {"script":"<script> [8489 bytes]","args":[{"element-6066-11e4-a52e-4f735466cecf":"f.19D3A8A536C023AFD4E776B255E62FBE.d.5DE578EDBAC4DE3A463742F7FA59D3ED.e.18463","ELEMENT":"f.19D3A8A536C023AFD4E776B255E62FBE.d.5DE578EDBAC4DE3A463742F7FA59D3ED.e.18463"}]}
RESULT: {"script":"<script> [8489 bytes]","args":[{"element-6066-11e4-a52e-4f735466cecf":"f.19D3A8A536C023AFD4E776B255E62FBE.d.5DE578EDBAC4DE3A463742F7FA59D3ED.e.18463","ELEMENT":"f.19D3A8A536C023AFD4E776B255E62FBE.d.5DE578EDBAC4DE3A463742F7FA59D3ED.e.18463"}]}
COMMAND: GET /session/799be37928140a71a03c3bbe373ba355/element/f.19D3A8A536C023AFD4E776B255E62FBE.d.5DE578EDBAC4DE3A463742F7FA59D3ED.e.18463/enabled - {}
COMMAND: GET /session/799be37928140a71a03c3bbe373ba355/screenshot - {}
RESULT: {}
COMMAND: POST /session/799be37928140a71a03c3bbe373ba355/execute/sync - {"script":"<script> [8489 bytes]","args":[{"element-6066-11e4-a52e-4f735466cecf":"f.19D3A8A536C023AFD4E776B255E62FBE.d.5DE578EDBAC4DE3A463742F7FA59D3ED.e.18463","ELEMENT":"f.19D3A8A536C023AFD4E776B255E62FBE.d.5DE578EDBAC4DE3A463742F7FA59D3ED.e.18463"}]}
COMMAND: GET /session/799be37928140a71a03c3bbe373ba355/screenshot - {}
RESULT: {}
RESULT: {"script":"<script> [8489 bytes]","args":[{"element-6066-11e4-a52e-4f735466cecf":"f.19D3A8A536C023AFD4E776B255E62FBE.d.5DE578EDBAC4DE3A463742F7FA59D3ED.e.18463","ELEMENT":"f.19D3A8A536C023AFD4E776B255E62FBE.d.5DE578EDBAC4DE3A463742F7FA59D3ED.e.18463"}]}
COMMAND: POST /session/799be37928140a71a03c3bbe373ba355/execute/sync - {"script":"<script> [5351 bytes]","args":[{"element-6066-11e4-a52e-4f735466cecf":"f.19D3A8A536C023AFD4E776B255E62FBE.d.5DE578EDBAC4DE3A463742F7FA59D3ED.e.18463","ELEMENT":"f.19D3A8A536C023AFD4E776B255E62FBE.d.5DE578EDBAC4DE3A463742F7FA59D3ED.e.18463"}]}
COMMAND: GET /session/799be37928140a71a03c3bbe373ba355/screenshot - {}
RESULT: {}
RESULT: {"script":"<script> [5351 bytes]","args":[{"element-6066-11e4-a52e-4f735466cecf":"f.19D3A8A536C023AFD4E776B255E62FBE.d.5DE578EDBAC4DE3A463742F7FA59D3ED.e.18463","ELEMENT":"f.19D3A8A536C023AFD4E776B255E62FBE.d.5DE578EDBAC4DE3A463742F7FA59D3ED.e.18463"}]}
COMMAND: POST /session/799be37928140a71a03c3bbe373ba355/execute/async - {"script":"<script> [1562 bytes]","args":[{"selector":{"id":"application-managestatesandperformance-display-component---stateAndPerform--smartFilterBarResources-btnBasicSearch","interaction":{"idSuffix":"I"}},"wdio_ui5_key":"applicationmanagestatesandperformance-display-component---stateAndPerform--smartFilterBarResources-btnBasicSearch"}]}
COMMAND: GET /session/799be37928140a71a03c3bbe373ba355/screenshot - {}
RESULT: {}
RESULT: {"script":"<script> [1562 bytes]","args":[{"selector":{"id":"application-managestatesandperformance-display-component---stateAndPerform--smartFilterBarResources-btnBasicSearch","interaction":{"idSuffix":"I"}},"wdio_ui5_key":"applicationmanagestatesandperformance-display-component---stateAndPerform--smartFilterBarResources-btnBasicSearch"}]}
RESULT: undefined
COMMAND: POST /session/799be37928140a71a03c3bbe373ba355/execute/async - {"script":"<script> [776 bytes]","args":[{"enterText":"jMnI7y3MNg","selector":{"id":"application-managestatesandperformance-display-component---stateAndPerform--smartFilterBarResources-btnBasicSearch","interaction":{"idSuffix":"I"}},"clearTextFirst":true,"interactionType":"ENTER_TEXT"}]}
RESULT: {}
RESULT: {"script":"<script> [776 bytes]","args":[{"enterText":"jMnI7y3MNg","selector":{"id":"application-managestatesandperformance-display-component---stateAndPerform--smartFilterBarResources-btnBasicSearch","interaction":{"idSuffix":"I"}},"clearTextFirst":true,"interactionType":"ENTER_TEXT"}]}
COMMAND: POST /session/799be37928140a71a03c3bbe373ba355/actions - {"actions":[{"id":"action59","type":"key","parameters":{},"actions":[{"type":"keyDown","value":""},{"type":"pause","duration":10},{"type":"keyUp","value":""}]}]}
RESULT: {"actions":[{"id":"action59","type":"key","parameters":{},"actions":[{"type":"keyDown","value":""},{"type":"pause","duration":10},{"type":"keyUp","value":""}]}]}
COMMAND: GET /session/799be37928140a71a03c3bbe373ba355/screenshot - {}
RESULT: {}
COMMAND: POST /session/799be37928140a71a03c3bbe373ba355/execute/async - {"script":"<script> [1562 bytes]","args":[{"selector":{"id":"application-managestatesandperformance-display-component---stateAndPerform--stateAndPerformResourcesSmartTable-header"},"wdio_ui5_key":"applicationmanagestatesandperformance-display-component---stateAndPerform--stateAndPerformResourcesSmartTable-header"}]}
RESULT: {"script":"<script> [1562 bytes]","args":[{"selector":{"id":"application-managestatesandperformance-display-component---stateAndPerform--stateAndPerformResourcesSmartTable-header"},"wdio_ui5_key":"applicationmanagestatesandperformance-display-component---stateAndPerform--stateAndPerformResourcesSmartTable-header"}]}
RESULT: undefined
COMMAND: POST /session/799be37928140a71a03c3bbe373ba355/execute/async - {"script":"<script> [6424 bytes]","args":[{"element-6066-11e4-a52e-4f735466cecf":"f.19D3A8A536C023AFD4E776B255E62FBE.d.5DE578EDBAC4DE3A463742F7FA59D3ED.e.18526"},"getText",[]]}
RESULT: {"script":"<script> [6424 bytes]","args":[{"element-6066-11e4-a52e-4f735466cecf":"f.19D3A8A536C023AFD4E776B255E62FBE.d.5DE578EDBAC4DE3A463742F7FA59D3ED.e.18526"},"getText",[]]}
COMMAND: POST /session/799be37928140a71a03c3bbe373ba355/execute/async - {"script":"<script> [1562 bytes]","args":[{"selector":{"controlType":"sap.ui.core.Icon","viewName":"etm.portal.ui.managestatesandperformance.view.Master","viewId":"application-managestatesandperformance-display-component---stateAndPerform","properties":{"src":{"regex":{"source":"slim\\-arrow\\-right"}}}},"wdio_ui5_key":"etmportal.ui.managestatesandperformance.view.Mastersap.ui.core.Icon{\"src\":{\"regex\":{\"source\":\"slim\\\\-arrow\\\\-right\"}}}"}]}
RESULT: {"script":"<script> [1562 bytes]","args":[{"selector":{"controlType":"sap.ui.core.Icon","viewName":"etm.portal.ui.managestatesandperformance.view.Master","viewId":"application-managestatesandperformance-display-component---stateAndPerform","properties":{"src":{"regex":{"source":"slim\\-arrow\\-right"}}}},"wdio_ui5_key":"etmportal.ui.managestatesandperformance.view.Mastersap.ui.core.Icon{\"src\":{\"regex\":{\"source\":\"slim\\\\-arrow\\\\-right\"}}}"}]}
RESULT: undefined
COMMAND: POST /session/799be37928140a71a03c3bbe373ba355/element - {"using":"xpath","value":"//*[@id=\"__item2674-__clone4836-imgNav\"]"}
RESULT: {"using":"xpath","value":"//*[@id=\"__item2674-__clone4836-imgNav\"]"}
COMMAND: POST /session/799be37928140a71a03c3bbe373ba355/element/f.19D3A8A536C023AFD4E776B255E62FBE.d.5DE578EDBAC4DE3A463742F7FA59D3ED.e.18525/click - {}
RESULT: {}
COMMAND: GET /session/799be37928140a71a03c3bbe373ba355/screenshot - {}
RESULT: {}
COMMAND: POST /session/799be37928140a71a03c3bbe373ba355/execute/async - {"script":"<script> [1562 bytes]","args":[{"selector":{"controlType":"sap.m.Button","viewName":"etm.portal.ui.managestatesandperformance.view.Detail","viewId":"application-managestatesandperformance-display-component---detailStateAndPerform","properties":{"text":"Performance Documents"}},"wdio_ui5_key":"etmportal.ui.managestatesandperformance.view.Detailsap.m.Button{\"text\":\"Performance Documents\"}"}]}
RESULT: {"script":"<script> [1562 bytes]","args":[{"selector":{"controlType":"sap.m.Button","viewName":"etm.portal.ui.managestatesandperformance.view.Detail","viewId":"application-managestatesandperformance-display-component---detailStateAndPerform","properties":{"text":"Performance Documents"}},"wdio_ui5_key":"etmportal.ui.managestatesandperformance.view.Detailsap.m.Button{\"text\":\"Performance Documents\"}"}]}
RESULT: undefined
COMMAND: POST /session/799be37928140a71a03c3bbe373ba355/element - {"using":"xpath","value":"//*[@id=\"__item2697-button\"]"}
RESULT: {"using":"xpath","value":"//*[@id=\"__item2697-button\"]"}
COMMAND: POST /session/799be37928140a71a03c3bbe373ba355/element/f.19D3A8A536C023AFD4E776B255E62FBE.d.5DE578EDBAC4DE3A463742F7FA59D3ED.e.18571/click - {}
RESULT: {}
COMMAND: POST /session/799be37928140a71a03c3bbe373ba355/execute/async - {"script":"<script> [1562 bytes]","args":[{"selector":{"controlType":"sap.m.Button","viewName":"etm.portal.ui.managestatesandperformance.view.Detail","viewId":"application-managestatesandperformance-display-component---detailStateAndPerform","i18NText":{"propertyName":"text","key":"createPerformanceDoc"},"interaction":{"idSuffix":"BDI-content"}},"wdio_ui5_key":"etmportal.ui.managestatesandperformance.view.Detailsap.m.Button{\"propertyName\":\"text\",\"key\":\"createPerformanceDoc\"}"}]}
COMMAND: GET /session/799be37928140a71a03c3bbe373ba355/screenshot - {}
RESULT: {"script":"<script> [1562 bytes]","args":[{"selector":{"controlType":"sap.m.Button","viewName":"etm.portal.ui.managestatesandperformance.view.Detail","viewId":"application-managestatesandperformance-display-component---detailStateAndPerform","i18NText":{"propertyName":"text","key":"createPerformanceDoc"},"interaction":{"idSuffix":"BDI-content"}},"wdio_ui5_key":"etmportal.ui.managestatesandperformance.view.Detailsap.m.Button{\"propertyName\":\"text\",\"key\":\"createPerformanceDoc\"}"}]}
RESULT: undefined
COMMAND: POST /session/799be37928140a71a03c3bbe373ba355/element - {"using":"xpath","value":"//*[@id=\"__button389\"]"}
RESULT: {}
RESULT: {"using":"xpath","value":"//*[@id=\"__button389\"]"}
COMMAND: POST /session/799be37928140a71a03c3bbe373ba355/element/f.19D3A8A536C023AFD4E776B255E62FBE.d.5DE578EDBAC4DE3A463742F7FA59D3ED.e.18575/click - {}
RESULT: {}
COMMAND: POST /session/799be37928140a71a03c3bbe373ba355/execute/async - {"script":"<script> [1562 bytes]","args":[{"selector":{"id":"application-managestatesandperformance-display-component---detailStateAndPerform--perfDocDatePicker","searchOpenDialogs":true,"interaction":{"idSuffix":"inner"}},"wdio_ui5_key":"applicationmanagestatesandperformance-display-component---detailStateAndPerform--perfDocDatePicker"}]}
COMMAND: GET /session/799be37928140a71a03c3bbe373ba355/screenshot - {}
RESULT: {"script":"<script> [1562 bytes]","args":[{"selector":{"id":"application-managestatesandperformance-display-component---detailStateAndPerform--perfDocDatePicker","searchOpenDialogs":true,"interaction":{"idSuffix":"inner"}},"wdio_ui5_key":"applicationmanagestatesandperformance-display-component---detailStateAndPerform--perfDocDatePicker"}]}
RESULT: undefined
COMMAND: POST /session/799be37928140a71a03c3bbe373ba355/execute/async - {"script":"<script> [776 bytes]","args":[{"enterText":"04/21/25","selector":{"id":"application-managestatesandperformance-display-component---detailStateAndPerform--perfDocDatePicker","searchOpenDialogs":true,"interaction":{"idSuffix":"inner"}},"clearTextFirst":true,"interactionType":"ENTER_TEXT"}]}
RESULT: {}
RESULT: {"script":"<script> [776 bytes]","args":[{"enterText":"04/21/25","selector":{"id":"application-managestatesandperformance-display-component---detailStateAndPerform--perfDocDatePicker","searchOpenDialogs":true,"interaction":{"idSuffix":"inner"}},"clearTextFirst":true,"interactionType":"ENTER_TEXT"}]}
COMMAND: POST /session/799be37928140a71a03c3bbe373ba355/execute/async - {"script":"<script> [1562 bytes]","args":[{"selector":{"id":"application-managestatesandperformance-display-component---detailStateAndPerform--counterValue-input","searchOpenDialogs":true,"interaction":{"idSuffix":"inner"}},"wdio_ui5_key":"applicationmanagestatesandperformance-display-component---detailStateAndPerform--counterValue-input"}]}
RESULT: {"script":"<script> [1562 bytes]","args":[{"selector":{"id":"application-managestatesandperformance-display-component---detailStateAndPerform--counterValue-input","searchOpenDialogs":true,"interaction":{"idSuffix":"inner"}},"wdio_ui5_key":"applicationmanagestatesandperformance-display-component---detailStateAndPerform--counterValue-input"}]}
RESULT: undefined
COMMAND: POST /session/799be37928140a71a03c3bbe373ba355/execute/async - {"script":"<script> [776 bytes]","args":[{"enterText":"15.00","selector":{"id":"application-managestatesandperformance-display-component---detailStateAndPerform--counterValue-input","searchOpenDialogs":true,"interaction":{"idSuffix":"inner"}},"clearTextFirst":true,"interactionType":"ENTER_TEXT"}]}
RESULT: {"script":"<script> [776 bytes]","args":[{"enterText":"15.00","selector":{"id":"application-managestatesandperformance-display-component---detailStateAndPerform--counterValue-input","searchOpenDialogs":true,"interaction":{"idSuffix":"inner"}},"clearTextFirst":true,"interactionType":"ENTER_TEXT"}]}
COMMAND: POST /session/799be37928140a71a03c3bbe373ba355/execute/async - {"script":"<script> [1562 bytes]","args":[{"selector":{"controlType":"sap.m.Button","viewName":"etm.portal.ui.managestatesandperformance.view.Detail","viewId":"application-managestatesandperformance-display-component---detailStateAndPerform","bindingPath":{"path":"","propertyPath":"/allowAddEdit","modelName":"oScreenModel"},"searchOpenDialogs":true,"interaction":{"idSuffix":"BDI-content"}},"wdio_ui5_key":"etmportal.ui.managestatesandperformance.view.Detailsap.m.Button{\"path\":\"\",\"propertyPath\":\"/allowAddEdit\",\"modelName\":\"oScreenModel\"}"}]}
RESULT: {"script":"<script> [1562 bytes]","args":[{"selector":{"controlType":"sap.m.Button","viewName":"etm.portal.ui.managestatesandperformance.view.Detail","viewId":"application-managestatesandperformance-display-component---detailStateAndPerform","bindingPath":{"path":"","propertyPath":"/allowAddEdit","modelName":"oScreenModel"},"searchOpenDialogs":true,"interaction":{"idSuffix":"BDI-content"}},"wdio_ui5_key":"etmportal.ui.managestatesandperformance.view.Detailsap.m.Button{\"path\":\"\",\"propertyPath\":\"/allowAddEdit\",\"modelName\":\"oScreenModel\"}"}]}
RESULT: undefined
COMMAND: POST /session/799be37928140a71a03c3bbe373ba355/element - {"using":"xpath","value":"//*[@id=\"__button396\"]"}
RESULT: {"using":"xpath","value":"//*[@id=\"__button396\"]"}
COMMAND: POST /session/799be37928140a71a03c3bbe373ba355/element/f.19D3A8A536C023AFD4E776B255E62FBE.d.5DE578EDBAC4DE3A463742F7FA59D3ED.e.18595/click - {}
RESULT: {}
RESULT: undefined
COMMAND: POST /session/799be37928140a71a03c3bbe373ba355/element - {"using":"xpath","value":"//*[@id=\"__button389\"]"}
COMMAND: GET /session/799be37928140a71a03c3bbe373ba355/screenshot - {}
RESULT: {"using":"xpath","value":"//*[@id=\"__button389\"]"}
COMMAND: POST /session/799be37928140a71a03c3bbe373ba355/element/f.19D3A8A536C023AFD4E776B255E62FBE.d.5DE578EDBAC4DE3A463742F7FA59D3ED.e.18575/click - {}
RESULT: {}
RESULT: {}
RESULT: undefined
COMMAND: POST /session/799be37928140a71a03c3bbe373ba355/execute/async - {"script":"<script> [776 bytes]","args":[{"enterText":"04/25/25","selector":{"id":"application-managestatesandperformance-display-component---detailStateAndPerform--perfDocDatePicker","searchOpenDialogs":true,"interaction":{"idSuffix":"inner"}},"clearTextFirst":true,"interactionType":"ENTER_TEXT"}]}
COMMAND: GET /session/799be37928140a71a03c3bbe373ba355/screenshot - {}
RESULT: {"script":"<script> [776 bytes]","args":[{"enterText":"04/25/25","selector":{"id":"application-managestatesandperformance-display-component---detailStateAndPerform--perfDocDatePicker","searchOpenDialogs":true,"interaction":{"idSuffix":"inner"}},"clearTextFirst":true,"interactionType":"ENTER_TEXT"}]}
RESULT: undefined
COMMAND: POST /session/799be37928140a71a03c3bbe373ba355/execute/async - {"script":"<script> [776 bytes]","args":[{"enterText":"20.00","selector":{"id":"application-managestatesandperformance-display-component---detailStateAndPerform--counterValue-input","searchOpenDialogs":true,"interaction":{"idSuffix":"inner"}},"clearTextFirst":true,"interactionType":"ENTER_TEXT"}]}
RESULT: {}
RESULT: {"script":"<script> [776 bytes]","args":[{"enterText":"20.00","selector":{"id":"application-managestatesandperformance-display-component---detailStateAndPerform--counterValue-input","searchOpenDialogs":true,"interaction":{"idSuffix":"inner"}},"clearTextFirst":true,"interactionType":"ENTER_TEXT"}]}
COMMAND: POST /session/799be37928140a71a03c3bbe373ba355/actions - {"actions":[{"id":"action60","type":"key","parameters":{},"actions":[{"type":"keyDown","value":""},{"type":"keyDown","value":""},{"type":"pause","duration":10},{"type":"keyUp","value":""},{"type":"keyUp","value":""}]}]}
RESULT: {"actions":[{"id":"action60","type":"key","parameters":{},"actions":[{"type":"keyDown","value":""},{"type":"keyDown","value":""},{"type":"pause","duration":10},{"type":"keyUp","value":""},{"type":"keyUp","value":""}]}]}
COMMAND: POST /session/799be37928140a71a03c3bbe373ba355/actions - {"actions":[{"id":"action61","type":"key","parameters":{},"actions":[{"type":"keyDown","value":""},{"type":"pause","duration":10},{"type":"keyUp","value":""}]}]}
COMMAND: GET /session/799be37928140a71a03c3bbe373ba355/screenshot - {}
RESULT: {"actions":[{"id":"action61","type":"key","parameters":{},"actions":[{"type":"keyDown","value":""},{"type":"pause","duration":10},{"type":"keyUp","value":""}]}]}
RESULT: undefined
COMMAND: POST /session/799be37928140a71a03c3bbe373ba355/element - {"using":"xpath","value":"//*[@id=\"__button396\"]"}
COMMAND: GET /session/799be37928140a71a03c3bbe373ba355/screenshot - {}
RESULT: {}
RESULT: {"using":"xpath","value":"//*[@id=\"__button396\"]"}
COMMAND: POST /session/799be37928140a71a03c3bbe373ba355/elements - {"using":"xpath","value":"//*[@id=\"__button396\"]"}
RESULT: {}
RESULT: {"using":"xpath","value":"//*[@id=\"__button396\"]"}
COMMAND: POST /session/799be37928140a71a03c3bbe373ba355/elements - {"using":"xpath","value":"//*[@id=\"__button396\"]"}
RESULT: {"using":"xpath","value":"//*[@id=\"__button396\"]"}
COMMAND: POST /session/799be37928140a71a03c3bbe373ba355/elements - {"using":"xpath","value":"//*[@id=\"__button396\"]"}
RESULT: {"using":"xpath","value":"//*[@id=\"__button396\"]"}
COMMAND: POST /session/799be37928140a71a03c3bbe373ba355/elements - {"using":"xpath","value":"//*[@id=\"__button396\"]"}
RESULT: {"using":"xpath","value":"//*[@id=\"__button396\"]"}
COMMAND: POST /session/799be37928140a71a03c3bbe373ba355/elements - {"using":"xpath","value":"//*[@id=\"__button396\"]"}
RESULT: {"using":"xpath","value":"//*[@id=\"__button396\"]"}
COMMAND: POST /session/799be37928140a71a03c3bbe373ba355/elements - {"using":"xpath","value":"//*[@id=\"__button396\"]"}
RESULT: {"using":"xpath","value":"//*[@id=\"__button396\"]"}
COMMAND: POST /session/799be37928140a71a03c3bbe373ba355/elements - {"using":"xpath","value":"//*[@id=\"__button396\"]"}
RESULT: {"using":"xpath","value":"//*[@id=\"__button396\"]"}
COMMAND: POST /session/799be37928140a71a03c3bbe373ba355/elements - {"using":"xpath","value":"//*[@id=\"__button396\"]"}
RESULT: {"using":"xpath","value":"//*[@id=\"__button396\"]"}
COMMAND: POST /session/799be37928140a71a03c3bbe373ba355/elements - {"using":"xpath","value":"//*[@id=\"__button396\"]"}
RESULT: {"using":"xpath","value":"//*[@id=\"__button396\"]"}
COMMAND: POST /session/799be37928140a71a03c3bbe373ba355/elements - {"using":"xpath","value":"//*[@id=\"__button396\"]"}
RESULT: {"using":"xpath","value":"//*[@id=\"__button396\"]"}
COMMAND: POST /session/799be37928140a71a03c3bbe373ba355/elements - {"using":"xpath","value":"//*[@id=\"__button396\"]"}
RESULT: {"using":"xpath","value":"//*[@id=\"__button396\"]"}
COMMAND: POST /session/799be37928140a71a03c3bbe373ba355/elements - {"using":"xpath","value":"//*[@id=\"__button396\"]"}
RESULT: {"using":"xpath","value":"//*[@id=\"__button396\"]"}
COMMAND: POST /session/799be37928140a71a03c3bbe373ba355/elements - {"using":"xpath","value":"//*[@id=\"__button396\"]"}
RESULT: {"using":"xpath","value":"//*[@id=\"__button396\"]"}
COMMAND: POST /session/799be37928140a71a03c3bbe373ba355/elements - {"using":"xpath","value":"//*[@id=\"__button396\"]"}
RESULT: {"using":"xpath","value":"//*[@id=\"__button396\"]"}
COMMAND: POST /session/799be37928140a71a03c3bbe373ba355/elements - {"using":"xpath","value":"//*[@id=\"__button396\"]"}
RESULT: {"using":"xpath","value":"//*[@id=\"__button396\"]"}
COMMAND: POST /session/799be37928140a71a03c3bbe373ba355/elements - {"using":"xpath","value":"//*[@id=\"__button396\"]"}
RESULT: {"using":"xpath","value":"//*[@id=\"__button396\"]"}
COMMAND: POST /session/799be37928140a71a03c3bbe373ba355/elements - {"using":"xpath","value":"//*[@id=\"__button396\"]"}
RESULT: {"using":"xpath","value":"//*[@id=\"__button396\"]"}
COMMAND: POST /session/799be37928140a71a03c3bbe373ba355/elements - {"using":"xpath","value":"//*[@id=\"__button396\"]"}
RESULT: {"using":"xpath","value":"//*[@id=\"__button396\"]"}
COMMAND: POST /session/799be37928140a71a03c3bbe373ba355/elements - {"using":"xpath","value":"//*[@id=\"__button396\"]"}
RESULT: {"using":"xpath","value":"//*[@id=\"__button396\"]"}
COMMAND: POST /session/799be37928140a71a03c3bbe373ba355/elements - {"using":"xpath","value":"//*[@id=\"__button396\"]"}
RESULT: {"using":"xpath","value":"//*[@id=\"__button396\"]"}
COMMAND: POST /session/799be37928140a71a03c3bbe373ba355/elements - {"using":"xpath","value":"//*[@id=\"__button396\"]"}
RESULT: {"using":"xpath","value":"//*[@id=\"__button396\"]"}
COMMAND: POST /session/799be37928140a71a03c3bbe373ba355/elements - {"using":"xpath","value":"//*[@id=\"__button396\"]"}
RESULT: {"using":"xpath","value":"//*[@id=\"__button396\"]"}
COMMAND: POST /session/799be37928140a71a03c3bbe373ba355/elements - {"using":"xpath","value":"//*[@id=\"__button396\"]"}
RESULT: {"using":"xpath","value":"//*[@id=\"__button396\"]"}
COMMAND: POST /session/799be37928140a71a03c3bbe373ba355/elements - {"using":"xpath","value":"//*[@id=\"__button396\"]"}
RESULT: {"using":"xpath","value":"//*[@id=\"__button396\"]"}
COMMAND: POST /session/799be37928140a71a03c3bbe373ba355/elements - {"using":"xpath","value":"//*[@id=\"__button396\"]"}
RESULT: {"using":"xpath","value":"//*[@id=\"__button396\"]"}
COMMAND: POST /session/799be37928140a71a03c3bbe373ba355/elements - {"using":"xpath","value":"//*[@id=\"__button396\"]"}
RESULT: {"using":"xpath","value":"//*[@id=\"__button396\"]"}
COMMAND: POST /session/799be37928140a71a03c3bbe373ba355/elements - {"using":"xpath","value":"//*[@id=\"__button396\"]"}
RESULT: {"using":"xpath","value":"//*[@id=\"__button396\"]"}
COMMAND: POST /session/799be37928140a71a03c3bbe373ba355/elements - {"using":"xpath","value":"//*[@id=\"__button396\"]"}
RESULT: {"using":"xpath","value":"//*[@id=\"__button396\"]"}
COMMAND: POST /session/799be37928140a71a03c3bbe373ba355/elements - {"using":"xpath","value":"//*[@id=\"__button396\"]"}
RESULT: {"using":"xpath","value":"//*[@id=\"__button396\"]"}
COMMAND: POST /session/799be37928140a71a03c3bbe373ba355/elements - {"using":"xpath","value":"//*[@id=\"__button396\"]"}
RESULT: {"using":"xpath","value":"//*[@id=\"__button396\"]"}
COMMAND: POST /session/799be37928140a71a03c3bbe373ba355/elements - {"using":"xpath","value":"//*[@id=\"__button396\"]"}
RESULT: {"using":"xpath","value":"//*[@id=\"__button396\"]"}
COMMAND: POST /session/799be37928140a71a03c3bbe373ba355/elements - {"using":"xpath","value":"//*[@id=\"__button396\"]"}
RESULT: {"using":"xpath","value":"//*[@id=\"__button396\"]"}
COMMAND: POST /session/799be37928140a71a03c3bbe373ba355/elements - {"using":"xpath","value":"//*[@id=\"__button396\"]"}
RESULT: {"using":"xpath","value":"//*[@id=\"__button396\"]"}
COMMAND: POST /session/799be37928140a71a03c3bbe373ba355/elements - {"using":"xpath","value":"//*[@id=\"__button396\"]"}
RESULT: {"using":"xpath","value":"//*[@id=\"__button396\"]"}
COMMAND: POST /session/799be37928140a71a03c3bbe373ba355/elements - {"using":"xpath","value":"//*[@id=\"__button396\"]"}
RESULT: {"using":"xpath","value":"//*[@id=\"__button396\"]"}
COMMAND: POST /session/799be37928140a71a03c3bbe373ba355/elements - {"using":"xpath","value":"//*[@id=\"__button396\"]"}
RESULT: {"using":"xpath","value":"//*[@id=\"__button396\"]"}
COMMAND: POST /session/799be37928140a71a03c3bbe373ba355/elements - {"using":"xpath","value":"//*[@id=\"__button396\"]"}
RESULT: {"using":"xpath","value":"//*[@id=\"__button396\"]"}
COMMAND: POST /session/799be37928140a71a03c3bbe373ba355/elements - {"using":"xpath","value":"//*[@id=\"__button396\"]"}
RESULT: {"using":"xpath","value":"//*[@id=\"__button396\"]"}
COMMAND: POST /session/799be37928140a71a03c3bbe373ba355/elements - {"using":"xpath","value":"//*[@id=\"__button396\"]"}
RESULT: {"using":"xpath","value":"//*[@id=\"__button396\"]"}
COMMAND: POST /session/799be37928140a71a03c3bbe373ba355/elements - {"using":"xpath","value":"//*[@id=\"__button396\"]"}
RESULT: {"using":"xpath","value":"//*[@id=\"__button396\"]"}
COMMAND: POST /session/799be37928140a71a03c3bbe373ba355/elements - {"using":"xpath","value":"//*[@id=\"__button396\"]"}
RESULT: {"using":"xpath","value":"//*[@id=\"__button396\"]"}
COMMAND: POST /session/799be37928140a71a03c3bbe373ba355/elements - {"using":"xpath","value":"//*[@id=\"__button396\"]"}
RESULT: {"using":"xpath","value":"//*[@id=\"__button396\"]"}
COMMAND: POST /session/799be37928140a71a03c3bbe373ba355/elements - {"using":"xpath","value":"//*[@id=\"__button396\"]"}
RESULT: {"using":"xpath","value":"//*[@id=\"__button396\"]"}
COMMAND: POST /session/799be37928140a71a03c3bbe373ba355/elements - {"using":"xpath","value":"//*[@id=\"__button396\"]"}
RESULT: {"using":"xpath","value":"//*[@id=\"__button396\"]"}
COMMAND: POST /session/799be37928140a71a03c3bbe373ba355/elements - {"using":"xpath","value":"//*[@id=\"__button396\"]"}
RESULT: {"using":"xpath","value":"//*[@id=\"__button396\"]"}
COMMAND: POST /session/799be37928140a71a03c3bbe373ba355/elements - {"using":"xpath","value":"//*[@id=\"__button396\"]"}
RESULT: {"using":"xpath","value":"//*[@id=\"__button396\"]"}
COMMAND: POST /session/799be37928140a71a03c3bbe373ba355/elements - {"using":"xpath","value":"//*[@id=\"__button396\"]"}
RESULT: {"using":"xpath","value":"//*[@id=\"__button396\"]"}
COMMAND: POST /session/799be37928140a71a03c3bbe373ba355/elements - {"using":"xpath","value":"//*[@id=\"__button396\"]"}
RESULT: {"using":"xpath","value":"//*[@id=\"__button396\"]"}
COMMAND: POST /session/799be37928140a71a03c3bbe373ba355/elements - {"using":"xpath","value":"//*[@id=\"__button396\"]"}
RESULT: {"using":"xpath","value":"//*[@id=\"__button396\"]"}
COMMAND: POST /session/799be37928140a71a03c3bbe373ba355/elements - {"using":"xpath","value":"//*[@id=\"__button396\"]"}
RESULT: {"using":"xpath","value":"//*[@id=\"__button396\"]"}
COMMAND: POST /session/799be37928140a71a03c3bbe373ba355/elements - {"using":"xpath","value":"//*[@id=\"__button396\"]"}
RESULT: {"using":"xpath","value":"//*[@id=\"__button396\"]"}
COMMAND: POST /session/799be37928140a71a03c3bbe373ba355/elements - {"using":"xpath","value":"//*[@id=\"__button396\"]"}
RESULT: {"using":"xpath","value":"//*[@id=\"__button396\"]"}
COMMAND: POST /session/799be37928140a71a03c3bbe373ba355/elements - {"using":"xpath","value":"//*[@id=\"__button396\"]"}
RESULT: {"using":"xpath","value":"//*[@id=\"__button396\"]"}
COMMAND: POST /session/799be37928140a71a03c3bbe373ba355/elements - {"using":"xpath","value":"//*[@id=\"__button396\"]"}
RESULT: {"using":"xpath","value":"//*[@id=\"__button396\"]"}
COMMAND: POST /session/799be37928140a71a03c3bbe373ba355/elements - {"using":"xpath","value":"//*[@id=\"__button396\"]"}
RESULT: {"using":"xpath","value":"//*[@id=\"__button396\"]"}
COMMAND: POST /session/799be37928140a71a03c3bbe373ba355/elements - {"using":"xpath","value":"//*[@id=\"__button396\"]"}
RESULT: {"using":"xpath","value":"//*[@id=\"__button396\"]"}
COMMAND: POST /session/799be37928140a71a03c3bbe373ba355/elements - {"using":"xpath","value":"//*[@id=\"__button396\"]"}
RESULT: {"using":"xpath","value":"//*[@id=\"__button396\"]"}
COMMAND: POST /session/799be37928140a71a03c3bbe373ba355/elements - {"using":"xpath","value":"//*[@id=\"__button396\"]"}
RESULT: {"using":"xpath","value":"//*[@id=\"__button396\"]"}
COMMAND: POST /session/799be37928140a71a03c3bbe373ba355/elements - {"using":"xpath","value":"//*[@id=\"__button396\"]"}
RESULT: {"using":"xpath","value":"//*[@id=\"__button396\"]"}
COMMAND: POST /session/799be37928140a71a03c3bbe373ba355/elements - {"using":"xpath","value":"//*[@id=\"__button396\"]"}
RESULT: {"using":"xpath","value":"//*[@id=\"__button396\"]"}
COMMAND: POST /session/799be37928140a71a03c3bbe373ba355/elements - {"using":"xpath","value":"//*[@id=\"__button396\"]"}
RESULT: {"using":"xpath","value":"//*[@id=\"__button396\"]"}
COMMAND: POST /session/799be37928140a71a03c3bbe373ba355/elements - {"using":"xpath","value":"//*[@id=\"__button396\"]"}
RESULT: {"using":"xpath","value":"//*[@id=\"__button396\"]"}
COMMAND: POST /session/799be37928140a71a03c3bbe373ba355/elements - {"using":"xpath","value":"//*[@id=\"__button396\"]"}
RESULT: {"using":"xpath","value":"//*[@id=\"__button396\"]"}
COMMAND: POST /session/799be37928140a71a03c3bbe373ba355/elements - {"using":"xpath","value":"//*[@id=\"__button396\"]"}
RESULT: {"using":"xpath","value":"//*[@id=\"__button396\"]"}
COMMAND: POST /session/799be37928140a71a03c3bbe373ba355/elements - {"using":"xpath","value":"//*[@id=\"__button396\"]"}
RESULT: {"using":"xpath","value":"//*[@id=\"__button396\"]"}
COMMAND: POST /session/799be37928140a71a03c3bbe373ba355/elements - {"using":"xpath","value":"//*[@id=\"__button396\"]"}
RESULT: {"using":"xpath","value":"//*[@id=\"__button396\"]"}
COMMAND: POST /session/799be37928140a71a03c3bbe373ba355/elements - {"using":"xpath","value":"//*[@id=\"__button396\"]"}
RESULT: {"using":"xpath","value":"//*[@id=\"__button396\"]"}
COMMAND: POST /session/799be37928140a71a03c3bbe373ba355/elements - {"using":"xpath","value":"//*[@id=\"__button396\"]"}
RESULT: {"using":"xpath","value":"//*[@id=\"__button396\"]"}
COMMAND: POST /session/799be37928140a71a03c3bbe373ba355/elements - {"using":"xpath","value":"//*[@id=\"__button396\"]"}
RESULT: {"using":"xpath","value":"//*[@id=\"__button396\"]"}
COMMAND: POST /session/799be37928140a71a03c3bbe373ba355/elements - {"using":"xpath","value":"//*[@id=\"__button396\"]"}
RESULT: {"using":"xpath","value":"//*[@id=\"__button396\"]"}
COMMAND: POST /session/799be37928140a71a03c3bbe373ba355/elements - {"using":"xpath","value":"//*[@id=\"__button396\"]"}
RESULT: {"using":"xpath","value":"//*[@id=\"__button396\"]"}
COMMAND: POST /session/799be37928140a71a03c3bbe373ba355/elements - {"using":"xpath","value":"//*[@id=\"__button396\"]"}
RESULT: {"using":"xpath","value":"//*[@id=\"__button396\"]"}
COMMAND: POST /session/799be37928140a71a03c3bbe373ba355/elements - {"using":"xpath","value":"//*[@id=\"__button396\"]"}
RESULT: {"using":"xpath","value":"//*[@id=\"__button396\"]"}
COMMAND: POST /session/799be37928140a71a03c3bbe373ba355/elements - {"using":"xpath","value":"//*[@id=\"__button396\"]"}
RESULT: {"using":"xpath","value":"//*[@id=\"__button396\"]"}
COMMAND: POST /session/799be37928140a71a03c3bbe373ba355/elements - {"using":"xpath","value":"//*[@id=\"__button396\"]"}
RESULT: {"using":"xpath","value":"//*[@id=\"__button396\"]"}
COMMAND: POST /session/799be37928140a71a03c3bbe373ba355/elements - {"using":"xpath","value":"//*[@id=\"__button396\"]"}
RESULT: {"using":"xpath","value":"//*[@id=\"__button396\"]"}
COMMAND: POST /session/799be37928140a71a03c3bbe373ba355/elements - {"using":"xpath","value":"//*[@id=\"__button396\"]"}
RESULT: {"using":"xpath","value":"//*[@id=\"__button396\"]"}
COMMAND: POST /session/799be37928140a71a03c3bbe373ba355/elements - {"using":"xpath","value":"//*[@id=\"__button396\"]"}
RESULT: {"using":"xpath","value":"//*[@id=\"__button396\"]"}
COMMAND: POST /session/799be37928140a71a03c3bbe373ba355/elements - {"using":"xpath","value":"//*[@id=\"__button396\"]"}
RESULT: {"using":"xpath","value":"//*[@id=\"__button396\"]"}
COMMAND: POST /session/799be37928140a71a03c3bbe373ba355/elements - {"using":"xpath","value":"//*[@id=\"__button396\"]"}
RESULT: {"using":"xpath","value":"//*[@id=\"__button396\"]"}
COMMAND: POST /session/799be37928140a71a03c3bbe373ba355/elements - {"using":"xpath","value":"//*[@id=\"__button396\"]"}
RESULT: {"using":"xpath","value":"//*[@id=\"__button396\"]"}
COMMAND: POST /session/799be37928140a71a03c3bbe373ba355/elements - {"using":"xpath","value":"//*[@id=\"__button396\"]"}
RESULT: {"using":"xpath","value":"//*[@id=\"__button396\"]"}
COMMAND: POST /session/799be37928140a71a03c3bbe373ba355/elements - {"using":"xpath","value":"//*[@id=\"__button396\"]"}
RESULT: {"using":"xpath","value":"//*[@id=\"__button396\"]"}
COMMAND: POST /session/799be37928140a71a03c3bbe373ba355/elements - {"using":"xpath","value":"//*[@id=\"__button396\"]"}
RESULT: {"using":"xpath","value":"//*[@id=\"__button396\"]"}
COMMAND: POST /session/799be37928140a71a03c3bbe373ba355/elements - {"using":"xpath","value":"//*[@id=\"__button396\"]"}
RESULT: {"using":"xpath","value":"//*[@id=\"__button396\"]"}
COMMAND: POST /session/799be37928140a71a03c3bbe373ba355/elements - {"using":"xpath","value":"//*[@id=\"__button396\"]"}
RESULT: {"using":"xpath","value":"//*[@id=\"__button396\"]"}
COMMAND: POST /session/799be37928140a71a03c3bbe373ba355/elements - {"using":"xpath","value":"//*[@id=\"__button396\"]"}
RESULT: {"using":"xpath","value":"//*[@id=\"__button396\"]"}
COMMAND: POST /session/799be37928140a71a03c3bbe373ba355/elements - {"using":"xpath","value":"//*[@id=\"__button396\"]"}
RESULT: {"using":"xpath","value":"//*[@id=\"__button396\"]"}
COMMAND: POST /session/799be37928140a71a03c3bbe373ba355/elements - {"using":"xpath","value":"//*[@id=\"__button396\"]"}
RESULT: {"using":"xpath","value":"//*[@id=\"__button396\"]"}
COMMAND: POST /session/799be37928140a71a03c3bbe373ba355/elements - {"using":"xpath","value":"//*[@id=\"__button396\"]"}
RESULT: {"using":"xpath","value":"//*[@id=\"__button396\"]"}
COMMAND: POST /session/799be37928140a71a03c3bbe373ba355/elements - {"using":"xpath","value":"//*[@id=\"__button396\"]"}
RESULT: {"using":"xpath","value":"//*[@id=\"__button396\"]"}
COMMAND: POST /session/799be37928140a71a03c3bbe373ba355/elements - {"using":"xpath","value":"//*[@id=\"__button396\"]"}
RESULT: {"using":"xpath","value":"//*[@id=\"__button396\"]"}
COMMAND: POST /session/799be37928140a71a03c3bbe373ba355/elements - {"using":"xpath","value":"//*[@id=\"__button396\"]"}
RESULT: {"using":"xpath","value":"//*[@id=\"__button396\"]"}
COMMAND: POST /session/799be37928140a71a03c3bbe373ba355/elements - {"using":"xpath","value":"//*[@id=\"__button396\"]"}
RESULT: {"using":"xpath","value":"//*[@id=\"__button396\"]"}
COMMAND: POST /session/799be37928140a71a03c3bbe373ba355/elements - {"using":"xpath","value":"//*[@id=\"__button396\"]"}
RESULT: {"using":"xpath","value":"//*[@id=\"__button396\"]"}
COMMAND: POST /session/799be37928140a71a03c3bbe373ba355/elements - {"using":"xpath","value":"//*[@id=\"__button396\"]"}
RESULT: {"using":"xpath","value":"//*[@id=\"__button396\"]"}
COMMAND: POST /session/799be37928140a71a03c3bbe373ba355/elements - {"using":"xpath","value":"//*[@id=\"__button396\"]"}
RESULT: {"using":"xpath","value":"//*[@id=\"__button396\"]"}
COMMAND: POST /session/799be37928140a71a03c3bbe373ba355/elements - {"using":"xpath","value":"//*[@id=\"__button396\"]"}
RESULT: {"using":"xpath","value":"//*[@id=\"__button396\"]"}
COMMAND: POST /session/799be37928140a71a03c3bbe373ba355/elements - {"using":"xpath","value":"//*[@id=\"__button396\"]"}
RESULT: {"using":"xpath","value":"//*[@id=\"__button396\"]"}
COMMAND: POST /session/799be37928140a71a03c3bbe373ba355/elements - {"using":"xpath","value":"//*[@id=\"__button396\"]"}
RESULT: {"using":"xpath","value":"//*[@id=\"__button396\"]"}
COMMAND: POST /session/799be37928140a71a03c3bbe373ba355/elements - {"using":"xpath","value":"//*[@id=\"__button396\"]"}
RESULT: {"using":"xpath","value":"//*[@id=\"__button396\"]"}
COMMAND: POST /session/799be37928140a71a03c3bbe373ba355/elements - {"using":"xpath","value":"//*[@id=\"__button396\"]"}
RESULT: {"using":"xpath","value":"//*[@id=\"__button396\"]"}
COMMAND: POST /session/799be37928140a71a03c3bbe373ba355/elements - {"using":"xpath","value":"//*[@id=\"__button396\"]"}
RESULT: {"using":"xpath","value":"//*[@id=\"__button396\"]"}
COMMAND: POST /session/799be37928140a71a03c3bbe373ba355/elements - {"using":"xpath","value":"//*[@id=\"__button396\"]"}
RESULT: {"using":"xpath","value":"//*[@id=\"__button396\"]"}
COMMAND: POST /session/799be37928140a71a03c3bbe373ba355/elements - {"using":"xpath","value":"//*[@id=\"__button396\"]"}
RESULT: {"using":"xpath","value":"//*[@id=\"__button396\"]"}
COMMAND: POST /session/799be37928140a71a03c3bbe373ba355/elements - {"using":"xpath","value":"//*[@id=\"__button396\"]"}
RESULT: {"using":"xpath","value":"//*[@id=\"__button396\"]"}
COMMAND: POST /session/799be37928140a71a03c3bbe373ba355/elements - {"using":"xpath","value":"//*[@id=\"__button396\"]"}
RESULT: {"using":"xpath","value":"//*[@id=\"__button396\"]"}
COMMAND: POST /session/799be37928140a71a03c3bbe373ba355/elements - {"using":"xpath","value":"//*[@id=\"__button396\"]"}
RESULT: {"using":"xpath","value":"//*[@id=\"__button396\"]"}
COMMAND: POST /session/799be37928140a71a03c3bbe373ba355/elements - {"using":"xpath","value":"//*[@id=\"__button396\"]"}
RESULT: {"using":"xpath","value":"//*[@id=\"__button396\"]"}
COMMAND: POST /session/799be37928140a71a03c3bbe373ba355/elements - {"using":"xpath","value":"//*[@id=\"__button396\"]"}
RESULT: {"using":"xpath","value":"//*[@id=\"__button396\"]"}
COMMAND: POST /session/799be37928140a71a03c3bbe373ba355/elements - {"using":"xpath","value":"//*[@id=\"__button396\"]"}
RESULT: {"using":"xpath","value":"//*[@id=\"__button396\"]"}
COMMAND: POST /session/799be37928140a71a03c3bbe373ba355/elements - {"using":"xpath","value":"//*[@id=\"__button396\"]"}
RESULT: {"using":"xpath","value":"//*[@id=\"__button396\"]"}
COMMAND: POST /session/799be37928140a71a03c3bbe373ba355/elements - {"using":"xpath","value":"//*[@id=\"__button396\"]"}
RESULT: {"using":"xpath","value":"//*[@id=\"__button396\"]"}
COMMAND: POST /session/799be37928140a71a03c3bbe373ba355/elements - {"using":"xpath","value":"//*[@id=\"__button396\"]"}
RESULT: {"using":"xpath","value":"//*[@id=\"__button396\"]"}
COMMAND: POST /session/799be37928140a71a03c3bbe373ba355/elements - {"using":"xpath","value":"//*[@id=\"__button396\"]"}
RESULT: {"using":"xpath","value":"//*[@id=\"__button396\"]"}
COMMAND: POST /session/799be37928140a71a03c3bbe373ba355/elements - {"using":"xpath","value":"//*[@id=\"__button396\"]"}
RESULT: {"using":"xpath","value":"//*[@id=\"__button396\"]"}
COMMAND: POST /session/799be37928140a71a03c3bbe373ba355/elements - {"using":"xpath","value":"//*[@id=\"__button396\"]"}
RESULT: {"using":"xpath","value":"//*[@id=\"__button396\"]"}
COMMAND: POST /session/799be37928140a71a03c3bbe373ba355/elements - {"using":"xpath","value":"//*[@id=\"__button396\"]"}
RESULT: {"using":"xpath","value":"//*[@id=\"__button396\"]"}
COMMAND: POST /session/799be37928140a71a03c3bbe373ba355/elements - {"using":"xpath","value":"//*[@id=\"__button396\"]"}
RESULT: {"using":"xpath","value":"//*[@id=\"__button396\"]"}
COMMAND: POST /session/799be37928140a71a03c3bbe373ba355/elements - {"using":"xpath","value":"//*[@id=\"__button396\"]"}
RESULT: {"using":"xpath","value":"//*[@id=\"__button396\"]"}
COMMAND: POST /session/799be37928140a71a03c3bbe373ba355/elements - {"using":"xpath","value":"//*[@id=\"__button396\"]"}
COMMAND: POST /session/799be37928140a71a03c3bbe373ba355/element - {"using":"css selector","value":"#shell-header-logo"}
RESULT: {"using":"xpath","value":"//*[@id=\"__button396\"]"}
RESULT: {"using":"css selector","value":"#shell-header-logo"}
COMMAND: POST /session/799be37928140a71a03c3bbe373ba355/execute/sync - {"script":"<script> [8489 bytes]","args":[{"element-6066-11e4-a52e-4f735466cecf":"f.19D3A8A536C023AFD4E776B255E62FBE.d.5DE578EDBAC4DE3A463742F7FA59D3ED.e.18425","ELEMENT":"f.19D3A8A536C023AFD4E776B255E62FBE.d.5DE578EDBAC4DE3A463742F7FA59D3ED.e.18425"}]}
RESULT: {"script":"<script> [8489 bytes]","args":[{"element-6066-11e4-a52e-4f735466cecf":"f.19D3A8A536C023AFD4E776B255E62FBE.d.5DE578EDBAC4DE3A463742F7FA59D3ED.e.18425","ELEMENT":"f.19D3A8A536C023AFD4E776B255E62FBE.d.5DE578EDBAC4DE3A463742F7FA59D3ED.e.18425"}]}
COMMAND: POST /session/799be37928140a71a03c3bbe373ba355/execute/sync - {"script":"<script> [5351 bytes]","args":[{"element-6066-11e4-a52e-4f735466cecf":"f.19D3A8A536C023AFD4E776B255E62FBE.d.5DE578EDBAC4DE3A463742F7FA59D3ED.e.18425","ELEMENT":"f.19D3A8A536C023AFD4E776B255E62FBE.d.5DE578EDBAC4DE3A463742F7FA59D3ED.e.18425"}]}
COMMAND: GET /session/799be37928140a71a03c3bbe373ba355/screenshot - {}
RESULT: {"script":"<script> [5351 bytes]","args":[{"element-6066-11e4-a52e-4f735466cecf":"f.19D3A8A536C023AFD4E776B255E62FBE.d.5DE578EDBAC4DE3A463742F7FA59D3ED.e.18425","ELEMENT":"f.19D3A8A536C023AFD4E776B255E62FBE.d.5DE578EDBAC4DE3A463742F7FA59D3ED.e.18425"}]}
COMMAND: POST /session/799be37928140a71a03c3bbe373ba355/element/f.19D3A8A536C023AFD4E776B255E62FBE.d.5DE578EDBAC4DE3A463742F7FA59D3ED.e.18425/click - {}
COMMAND: GET /session/799be37928140a71a03c3bbe373ba355/screenshot - {}
RESULT: {}
RESULT: {}
]]></system-out>
    </testcase>
    <testcase classname="chrome.135_0_7049_42.windows.Performance_based_billing_(work_days)_US139742" name="Should go to Manage Billings and trigger calculation check the conditions applied" time="56.054">
      <system-out><![CDATA[
COMMAND: POST /session/799be37928140a71a03c3bbe373ba355/execute/async - {"script":"<script> [1562 bytes]","args":[{"selector":{"controlType":"sap.m.GenericTile","properties":{"header":"Manage Billings"}},"wdio_ui5_key":"sapm.GenericTile{\"header\":\"Manage Billings\"}"}]}
COMMAND: GET /session/799be37928140a71a03c3bbe373ba355/screenshot - {}
RESULT: {}
RESULT: {"script":"<script> [1562 bytes]","args":[{"selector":{"controlType":"sap.m.GenericTile","properties":{"header":"Manage Billings"}},"wdio_ui5_key":"sapm.GenericTile{\"header\":\"Manage Billings\"}"}]}
RESULT: undefined
COMMAND: POST /session/799be37928140a71a03c3bbe373ba355/element - {"using":"xpath","value":"//*[@id=\"__tile51\"]"}
RESULT: {}
RESULT: {"using":"xpath","value":"//*[@id=\"__tile51\"]"}
COMMAND: POST /session/799be37928140a71a03c3bbe373ba355/element/f.19D3A8A536C023AFD4E776B255E62FBE.d.5DE578EDBAC4DE3A463742F7FA59D3ED.e.14961/click - {}
RESULT: {}
COMMAND: GET /session/799be37928140a71a03c3bbe373ba355/screenshot - {}
COMMAND: POST /session/799be37928140a71a03c3bbe373ba355/execute/async - {"script":"<script> [1562 bytes]","args":[{"selector":{"id":"application-managebillings-display-component---billRunCalcResult--smartFilterBar-btnBasicSearch","interaction":{"idSuffix":"I"}},"wdio_ui5_key":"applicationmanagebillings-display-component---billRunCalcResult--smartFilterBar-btnBasicSearch"}]}
RESULT: {}
RESULT: {"script":"<script> [1562 bytes]","args":[{"selector":{"id":"application-managebillings-display-component---billRunCalcResult--smartFilterBar-btnBasicSearch","interaction":{"idSuffix":"I"}},"wdio_ui5_key":"applicationmanagebillings-display-component---billRunCalcResult--smartFilterBar-btnBasicSearch"}]}
RESULT: undefined
COMMAND: POST /session/799be37928140a71a03c3bbe373ba355/execute/async - {"script":"<script> [776 bytes]","args":[{"enterText":"10478","selector":{"id":"application-managebillings-display-component---billRunCalcResult--smartFilterBar-btnBasicSearch","interaction":{"idSuffix":"I"}},"clearTextFirst":true,"interactionType":"ENTER_TEXT"}]}
RESULT: {"script":"<script> [776 bytes]","args":[{"enterText":"10478","selector":{"id":"application-managebillings-display-component---billRunCalcResult--smartFilterBar-btnBasicSearch","interaction":{"idSuffix":"I"}},"clearTextFirst":true,"interactionType":"ENTER_TEXT"}]}
COMMAND: POST /session/799be37928140a71a03c3bbe373ba355/actions - {"actions":[{"id":"action62","type":"key","parameters":{},"actions":[{"type":"keyDown","value":""},{"type":"pause","duration":10},{"type":"keyUp","value":""}]}]}
RESULT: {"actions":[{"id":"action62","type":"key","parameters":{},"actions":[{"type":"keyDown","value":""},{"type":"pause","duration":10},{"type":"keyUp","value":""}]}]}
COMMAND: GET /session/799be37928140a71a03c3bbe373ba355/screenshot - {}
RESULT: {}
COMMAND: POST /session/799be37928140a71a03c3bbe373ba355/element - {"using":"xpath","value":"//td[@aria-colindex=\"1\"]/div/div[contains(@class, \"sapMCbBg\")]"}
RESULT: {"using":"xpath","value":"//td[@aria-colindex=\"1\"]/div/div[contains(@class, \"sapMCbBg\")]"}
COMMAND: POST /session/799be37928140a71a03c3bbe373ba355/element/f.19D3A8A536C023AFD4E776B255E62FBE.d.5DE578EDBAC4DE3A463742F7FA59D3ED.e.18820/click - {}
RESULT: {}
COMMAND: GET /session/799be37928140a71a03c3bbe373ba355/screenshot - {}
RESULT: {}
COMMAND: POST /session/799be37928140a71a03c3bbe373ba355/execute/async - {"script":"<script> [1562 bytes]","args":[{"selector":{"id":"application-managebillings-display-component---billRunCalcResult--contractBillRunDate","interaction":{"idSuffix":"inner"}},"wdio_ui5_key":"applicationmanagebillings-display-component---billRunCalcResult--contractBillRunDate"}]}
RESULT: {"script":"<script> [1562 bytes]","args":[{"selector":{"id":"application-managebillings-display-component---billRunCalcResult--contractBillRunDate","interaction":{"idSuffix":"inner"}},"wdio_ui5_key":"applicationmanagebillings-display-component---billRunCalcResult--contractBillRunDate"}]}
RESULT: undefined
COMMAND: POST /session/799be37928140a71a03c3bbe373ba355/execute/async - {"script":"<script> [776 bytes]","args":[{"enterText":"05/19/25","selector":{"id":"application-managebillings-display-component---billRunCalcResult--contractBillRunDate","interaction":{"idSuffix":"inner"}},"clearTextFirst":true,"interactionType":"ENTER_TEXT"}]}
RESULT: {"script":"<script> [776 bytes]","args":[{"enterText":"05/19/25","selector":{"id":"application-managebillings-display-component---billRunCalcResult--contractBillRunDate","interaction":{"idSuffix":"inner"}},"clearTextFirst":true,"interactionType":"ENTER_TEXT"}]}
COMMAND: POST /session/799be37928140a71a03c3bbe373ba355/element - {"using":"xpath","value":"//bdi[contains(text(), \"Trigger Calculation\")]"}
RESULT: {"using":"xpath","value":"//bdi[contains(text(), \"Trigger Calculation\")]"}
COMMAND: POST /session/799be37928140a71a03c3bbe373ba355/element/f.19D3A8A536C023AFD4E776B255E62FBE.d.5DE578EDBAC4DE3A463742F7FA59D3ED.e.18871/click - {}
RESULT: {}
COMMAND: GET /session/799be37928140a71a03c3bbe373ba355/screenshot - {}
RESULT: {}
COMMAND: POST /session/799be37928140a71a03c3bbe373ba355/element - {"using":"xpath","value":"(//span[contains(@id, \"imgNav\")])[1]"}
RESULT: {"using":"xpath","value":"(//span[contains(@id, \"imgNav\")])[1]"}
COMMAND: POST /session/799be37928140a71a03c3bbe373ba355/element/f.19D3A8A536C023AFD4E776B255E62FBE.d.5DE578EDBAC4DE3A463742F7FA59D3ED.e.18821/click - {}
RESULT: {}
COMMAND: GET /session/799be37928140a71a03c3bbe373ba355/screenshot - {}
RESULT: {}
COMMAND: POST /session/799be37928140a71a03c3bbe373ba355/element - {"using":"xpath","value":"//tr/td[6]/div[1]/span[1]/span[1]"}
RESULT: {"using":"xpath","value":"//tr/td[6]/div[1]/span[1]/span[1]"}
COMMAND: GET /session/799be37928140a71a03c3bbe373ba355/element/f.19D3A8A536C023AFD4E776B255E62FBE.d.5DE578EDBAC4DE3A463742F7FA59D3ED.e.18875/text - {}
RESULT: {}
COMMAND: POST /session/799be37928140a71a03c3bbe373ba355/element - {"using":"xpath","value":"(//span[contains(@id, \"imgNav\")])[2]"}
RESULT: {"using":"xpath","value":"(//span[contains(@id, \"imgNav\")])[2]"}
COMMAND: POST /session/799be37928140a71a03c3bbe373ba355/element/f.19D3A8A536C023AFD4E776B255E62FBE.d.5DE578EDBAC4DE3A463742F7FA59D3ED.e.18876/click - {}
RESULT: {}
COMMAND: POST /session/799be37928140a71a03c3bbe373ba355/element - {"using":"xpath","value":"//bdi[contains(text(), \"Business Confirm\")]"}
COMMAND: GET /session/799be37928140a71a03c3bbe373ba355/screenshot - {}
RESULT: {"using":"xpath","value":"//bdi[contains(text(), \"Business Confirm\")]"}
COMMAND: POST /session/799be37928140a71a03c3bbe373ba355/elements - {"using":"xpath","value":"//bdi[contains(text(), \"Business Confirm\")]"}
RESULT: {}
RESULT: {"using":"xpath","value":"//bdi[contains(text(), \"Business Confirm\")]"}
COMMAND: POST /session/799be37928140a71a03c3bbe373ba355/elements - {"using":"xpath","value":"//bdi[contains(text(), \"Business Confirm\")]"}
RESULT: {"using":"xpath","value":"//bdi[contains(text(), \"Business Confirm\")]"}
COMMAND: POST /session/799be37928140a71a03c3bbe373ba355/element - {"using":"xpath","value":"//bdi[contains(text(), \"Business Confirm\")]"}
RESULT: {"using":"xpath","value":"//bdi[contains(text(), \"Business Confirm\")]"}
COMMAND: POST /session/799be37928140a71a03c3bbe373ba355/element/f.19D3A8A536C023AFD4E776B255E62FBE.d.5DE578EDBAC4DE3A463742F7FA59D3ED.e.18879/click - {}
COMMAND: POST /session/799be37928140a71a03c3bbe373ba355/element - {"using":"xpath","value":"//bdi[contains(text(), \"Business Confirm\")]"}
RESULT: {"using":"xpath","value":"//bdi[contains(text(), \"Business Confirm\")]"}
COMMAND: POST /session/799be37928140a71a03c3bbe373ba355/element/f.19D3A8A536C023AFD4E776B255E62FBE.d.5DE578EDBAC4DE3A463742F7FA59D3ED.e.18879/click - {}
COMMAND: POST /session/799be37928140a71a03c3bbe373ba355/element - {"using":"xpath","value":"//bdi[contains(text(), \"Business Confirm\")]"}
RESULT: {"using":"xpath","value":"//bdi[contains(text(), \"Business Confirm\")]"}
COMMAND: POST /session/799be37928140a71a03c3bbe373ba355/element/f.19D3A8A536C023AFD4E776B255E62FBE.d.5DE578EDBAC4DE3A463742F7FA59D3ED.e.18921/click - {}
RESULT: {}
COMMAND: POST /session/799be37928140a71a03c3bbe373ba355/element - {"using":"css selector","value":"#shell-header-logo"}
COMMAND: GET /session/799be37928140a71a03c3bbe373ba355/screenshot - {}
RESULT: {"using":"css selector","value":"#shell-header-logo"}
COMMAND: POST /session/799be37928140a71a03c3bbe373ba355/element/f.19D3A8A536C023AFD4E776B255E62FBE.d.5DE578EDBAC4DE3A463742F7FA59D3ED.e.18611/click - {}
RESULT: {}
RESULT: {}
COMMAND: GET /session/799be37928140a71a03c3bbe373ba355/screenshot - {}
RESULT: {}
COMMAND: POST /session/799be37928140a71a03c3bbe373ba355/element - {"using":"css selector","value":"#j_username"}
COMMAND: POST /session/799be37928140a71a03c3bbe373ba355/url - {"url":"https://qa-testing-00-live-etm-ui.cfapps.eu10-004.hana.ondemand.com/"}
RESULT: {"using":"css selector","value":"#j_username"}
COMMAND: POST /session/799be37928140a71a03c3bbe373ba355/element - {"using":"css selector","value":"#j_username"}
RESULT: {"url":"https://qa-testing-00-live-etm-ui.cfapps.eu10-004.hana.ondemand.com/"}
RESULT: undefined
COMMAND: GET /session/799be37928140a71a03c3bbe373ba355/screenshot - {}
RESULT: {"using":"css selector","value":"#j_username"}
COMMAND: POST /session/799be37928140a71a03c3bbe373ba355/element - {"using":"css selector","value":"#shell-header-logo"}
RESULT: {}
RESULT: {"using":"css selector","value":"#shell-header-logo"}
COMMAND: POST /session/799be37928140a71a03c3bbe373ba355/execute/sync - {"script":"<script> [8489 bytes]","args":[{"element-6066-11e4-a52e-4f735466cecf":"f.19D3A8A536C023AFD4E776B255E62FBE.d.6014C0D67D9038EBC928AFE31940F53F.e.18957","ELEMENT":"f.19D3A8A536C023AFD4E776B255E62FBE.d.6014C0D67D9038EBC928AFE31940F53F.e.18957"}]}
RESULT: {"script":"<script> [8489 bytes]","args":[{"element-6066-11e4-a52e-4f735466cecf":"f.19D3A8A536C023AFD4E776B255E62FBE.d.6014C0D67D9038EBC928AFE31940F53F.e.18957","ELEMENT":"f.19D3A8A536C023AFD4E776B255E62FBE.d.6014C0D67D9038EBC928AFE31940F53F.e.18957"}]}
COMMAND: POST /session/799be37928140a71a03c3bbe373ba355/element - {"using":"css selector","value":"#shell-header-logo"}
COMMAND: GET /session/799be37928140a71a03c3bbe373ba355/screenshot - {}
RESULT: {"using":"css selector","value":"#shell-header-logo"}
COMMAND: POST /session/799be37928140a71a03c3bbe373ba355/execute/sync - {"script":"<script> [8489 bytes]","args":[{"element-6066-11e4-a52e-4f735466cecf":"f.19D3A8A536C023AFD4E776B255E62FBE.d.6014C0D67D9038EBC928AFE31940F53F.e.18957","ELEMENT":"f.19D3A8A536C023AFD4E776B255E62FBE.d.6014C0D67D9038EBC928AFE31940F53F.e.18957"}]}
RESULT: {}
RESULT: {"script":"<script> [8489 bytes]","args":[{"element-6066-11e4-a52e-4f735466cecf":"f.19D3A8A536C023AFD4E776B255E62FBE.d.6014C0D67D9038EBC928AFE31940F53F.e.18957","ELEMENT":"f.19D3A8A536C023AFD4E776B255E62FBE.d.6014C0D67D9038EBC928AFE31940F53F.e.18957"}]}
COMMAND: POST /session/799be37928140a71a03c3bbe373ba355/execute/sync - {"script":"<script> [5351 bytes]","args":[{"element-6066-11e4-a52e-4f735466cecf":"f.19D3A8A536C023AFD4E776B255E62FBE.d.6014C0D67D9038EBC928AFE31940F53F.e.18957","ELEMENT":"f.19D3A8A536C023AFD4E776B255E62FBE.d.6014C0D67D9038EBC928AFE31940F53F.e.18957"}]}
COMMAND: GET /session/799be37928140a71a03c3bbe373ba355/screenshot - {}
RESULT: {"script":"<script> [5351 bytes]","args":[{"element-6066-11e4-a52e-4f735466cecf":"f.19D3A8A536C023AFD4E776B255E62FBE.d.6014C0D67D9038EBC928AFE31940F53F.e.18957","ELEMENT":"f.19D3A8A536C023AFD4E776B255E62FBE.d.6014C0D67D9038EBC928AFE31940F53F.e.18957"}]}
COMMAND: POST /session/799be37928140a71a03c3bbe373ba355/element - {"using":"css selector","value":"#shell-header-logo"}
COMMAND: GET /session/799be37928140a71a03c3bbe373ba355/screenshot - {}
RESULT: {}
RESULT: {"using":"css selector","value":"#shell-header-logo"}
COMMAND: POST /session/799be37928140a71a03c3bbe373ba355/element/f.19D3A8A536C023AFD4E776B255E62FBE.d.6014C0D67D9038EBC928AFE31940F53F.e.18957/click - {}
RESULT: {}
RESULT: {}
COMMAND: GET /session/799be37928140a71a03c3bbe373ba355/screenshot - {}
RESULT: {}
COMMAND: POST /session/799be37928140a71a03c3bbe373ba355/execute/async - {"script":"<script> [189 bytes]","args":[]}
RESULT: {"script":"<script> [189 bytes]","args":[]}
COMMAND: POST /session/799be37928140a71a03c3bbe373ba355/execute/async - {"script":"<script> [123 bytes]","args":[]}
RESULT: {"script":"<script> [123 bytes]","args":[]}
COMMAND: POST /session/799be37928140a71a03c3bbe373ba355/timeouts - {"script":"<number>"}
RESULT: {"script":"<number>"}
COMMAND: GET /session/799be37928140a71a03c3bbe373ba355/timeouts - {}
RESULT: {}
RESULT: undefined
COMMAND: POST /session/799be37928140a71a03c3bbe373ba355/execute/async - {"script":"<script> [2676 bytes]","args":[]}
RESULT: {"script":"<script> [2676 bytes]","args":[]}
COMMAND: POST /session/799be37928140a71a03c3bbe373ba355/execute/async - {"script":"<script> [2342 bytes]","args":[{"protocol":"http","hostname":"0.0.0.0","path":"/","capabilities":{"browserName":"chrome","goog:chromeOptions":{"binary":"C:\\Program Files\\Google\\Chrome\\Application\\chrome.exe","args":["--start-maximized"]}},"logLevel":"warn","connectionRetryTimeout":120000,"connectionRetryCount":3,"logLevels":{},"enableDirectConnect":true,"strictSSL":true,"_":"65 more keys: [\"cacheDir\",\"port\",\"requestedCapabilities\",\"automationProtocol\",\"baseUrl\",\"waitforInterval\",\"waitforTimeout\",\"onReload\",\"beforeCommand\",\"afterCommand\",\"rootDir\",\"specs\",\"suites\",\"exclude\",\"groupLogsByTestSpec\",\"excludeDriverLogs\",\"bail\",\"framework\",\"reporters\",\"services\",\"maxInstances\",\"maxInstancesPerCapability\",\"injectGlobals\",\"filesToWatch\",\"execArgv\",\"runnerEnv\",\"runner\",\"shard\",\"specFileRetries\",\"specFileRetriesDelay\",\"specFileRetriesDeferred\",\"reporterSyncInterval\",\"reporterSyncTimeout\",\"cucumberFeaturesWithLineNumbers\",\"autoCompileOpts\",\"mochaOpts\",\"jasmineOpts\",\"cucumberOpts\",\"onPrepare\",\"onWorkerStart\",\"onWorkerEnd\",\"before\",\"beforeSession\",\"beforeSuite\",\"beforeHook\",\"beforeTest\",\"afterTest\",\"afterHook\",\"afterSuite\",\"afterSession\",\"after\",\"onComplete\",\"beforeAssertion\",\"afterAssertion\",\"beforeFeature\",\"beforeScenario\",\"beforeStep\",\"afterStep\",\"afterScenario\",\"afterFeature\",\"_\",\"suite\",\"$0\",\"ignoredWorkerServices\",\"wdi5\"]"}]}
RESULT: {"script":"<script> [2342 bytes]","args":[{"protocol":"http","hostname":"0.0.0.0","path":"/","capabilities":{"browserName":"chrome","goog:chromeOptions":{"binary":"C:\\Program Files\\Google\\Chrome\\Application\\chrome.exe","args":["--start-maximized"]}},"logLevel":"warn","connectionRetryTimeout":120000,"connectionRetryCount":3,"logLevels":{},"enableDirectConnect":true,"strictSSL":true,"_":"65 more keys: [\"cacheDir\",\"port\",\"requestedCapabilities\",\"automationProtocol\",\"baseUrl\",\"waitforInterval\",\"waitforTimeout\",\"onReload\",\"beforeCommand\",\"afterCommand\",\"rootDir\",\"specs\",\"suites\",\"exclude\",\"groupLogsByTestSpec\",\"excludeDriverLogs\",\"bail\",\"framework\",\"reporters\",\"services\",\"maxInstances\",\"maxInstancesPerCapability\",\"injectGlobals\",\"filesToWatch\",\"execArgv\",\"runnerEnv\",\"runner\",\"shard\",\"specFileRetries\",\"specFileRetriesDelay\",\"specFileRetriesDeferred\",\"reporterSyncInterval\",\"reporterSyncTimeout\",\"cucumberFeaturesWithLineNumbers\",\"autoCompileOpts\",\"mochaOpts\",\"jasmineOpts\",\"cucumberOpts\",\"onPrepare\",\"onWorkerStart\",\"onWorkerEnd\",\"before\",\"beforeSession\",\"beforeSuite\",\"beforeHook\",\"beforeTest\",\"afterTest\",\"afterHook\",\"afterSuite\",\"afterSession\",\"after\",\"onComplete\",\"beforeAssertion\",\"afterAssertion\",\"beforeFeature\",\"beforeScenario\",\"beforeStep\",\"afterStep\",\"afterScenario\",\"afterFeature\",\"_\",\"suite\",\"$0\",\"ignoredWorkerServices\",\"wdi5\"]"}]}
COMMAND: POST /session/799be37928140a71a03c3bbe373ba355/execute/async - {"script":"<script> [21126 bytes]","args":[35000]}
RESULT: {"script":"<script> [21126 bytes]","args":[35000]}
COMMAND: POST /session/799be37928140a71a03c3bbe373ba355/window/maximize - {}
RESULT: {}
COMMAND: POST /session/799be37928140a71a03c3bbe373ba355/execute/async - {"script":"<script> [1562 bytes]","args":[{"selector":{"id":"shell-header","interaction":{"idSuffix":"icon"}},"wdio_ui5_key":"shellheader"}]}
COMMAND: GET /session/799be37928140a71a03c3bbe373ba355/screenshot - {}
RESULT: {"script":"<script> [1562 bytes]","args":[{"selector":{"id":"shell-header","interaction":{"idSuffix":"icon"}},"wdio_ui5_key":"shellheader"}]}
RESULT: undefined
COMMAND: POST /session/799be37928140a71a03c3bbe373ba355/refresh - {}
RESULT: {}
RESULT: {}
COMMAND: GET /session/799be37928140a71a03c3bbe373ba355/screenshot - {}
RESULT: {}
COMMAND: POST /session/799be37928140a71a03c3bbe373ba355/refresh - {}
RESULT: {}
COMMAND: GET /session/799be37928140a71a03c3bbe373ba355/screenshot - {}
RESULT: {}
COMMAND: POST /session/799be37928140a71a03c3bbe373ba355/window/fullscreen - {}
RESULT: {}
COMMAND: POST /session/799be37928140a71a03c3bbe373ba355/execute/async - {"script":"<script> [189 bytes]","args":[]}
RESULT: {"script":"<script> [189 bytes]","args":[]}
COMMAND: POST /session/799be37928140a71a03c3bbe373ba355/execute/async - {"script":"<script> [123 bytes]","args":[]}
RESULT: {"script":"<script> [123 bytes]","args":[]}
COMMAND: POST /session/799be37928140a71a03c3bbe373ba355/timeouts - {"script":"<number>"}
RESULT: {"script":"<number>"}
COMMAND: GET /session/799be37928140a71a03c3bbe373ba355/timeouts - {}
RESULT: {}
RESULT: undefined
COMMAND: POST /session/799be37928140a71a03c3bbe373ba355/execute/async - {"script":"<script> [2676 bytes]","args":[]}
RESULT: {"script":"<script> [2676 bytes]","args":[]}
COMMAND: POST /session/799be37928140a71a03c3bbe373ba355/execute/async - {"script":"<script> [2342 bytes]","args":[{"protocol":"http","hostname":"0.0.0.0","path":"/","capabilities":{"browserName":"chrome","goog:chromeOptions":{"binary":"C:\\Program Files\\Google\\Chrome\\Application\\chrome.exe","args":["--start-maximized"]}},"logLevel":"warn","connectionRetryTimeout":120000,"connectionRetryCount":3,"logLevels":{},"enableDirectConnect":true,"strictSSL":true,"_":"65 more keys: [\"cacheDir\",\"port\",\"requestedCapabilities\",\"automationProtocol\",\"baseUrl\",\"waitforInterval\",\"waitforTimeout\",\"onReload\",\"beforeCommand\",\"afterCommand\",\"rootDir\",\"specs\",\"suites\",\"exclude\",\"groupLogsByTestSpec\",\"excludeDriverLogs\",\"bail\",\"framework\",\"reporters\",\"services\",\"maxInstances\",\"maxInstancesPerCapability\",\"injectGlobals\",\"filesToWatch\",\"execArgv\",\"runnerEnv\",\"runner\",\"shard\",\"specFileRetries\",\"specFileRetriesDelay\",\"specFileRetriesDeferred\",\"reporterSyncInterval\",\"reporterSyncTimeout\",\"cucumberFeaturesWithLineNumbers\",\"autoCompileOpts\",\"mochaOpts\",\"jasmineOpts\",\"cucumberOpts\",\"onPrepare\",\"onWorkerStart\",\"onWorkerEnd\",\"before\",\"beforeSession\",\"beforeSuite\",\"beforeHook\",\"beforeTest\",\"afterTest\",\"afterHook\",\"afterSuite\",\"afterSession\",\"after\",\"onComplete\",\"beforeAssertion\",\"afterAssertion\",\"beforeFeature\",\"beforeScenario\",\"beforeStep\",\"afterStep\",\"afterScenario\",\"afterFeature\",\"_\",\"suite\",\"$0\",\"ignoredWorkerServices\",\"wdi5\"]"}]}
RESULT: {"script":"<script> [2342 bytes]","args":[{"protocol":"http","hostname":"0.0.0.0","path":"/","capabilities":{"browserName":"chrome","goog:chromeOptions":{"binary":"C:\\Program Files\\Google\\Chrome\\Application\\chrome.exe","args":["--start-maximized"]}},"logLevel":"warn","connectionRetryTimeout":120000,"connectionRetryCount":3,"logLevels":{},"enableDirectConnect":true,"strictSSL":true,"_":"65 more keys: [\"cacheDir\",\"port\",\"requestedCapabilities\",\"automationProtocol\",\"baseUrl\",\"waitforInterval\",\"waitforTimeout\",\"onReload\",\"beforeCommand\",\"afterCommand\",\"rootDir\",\"specs\",\"suites\",\"exclude\",\"groupLogsByTestSpec\",\"excludeDriverLogs\",\"bail\",\"framework\",\"reporters\",\"services\",\"maxInstances\",\"maxInstancesPerCapability\",\"injectGlobals\",\"filesToWatch\",\"execArgv\",\"runnerEnv\",\"runner\",\"shard\",\"specFileRetries\",\"specFileRetriesDelay\",\"specFileRetriesDeferred\",\"reporterSyncInterval\",\"reporterSyncTimeout\",\"cucumberFeaturesWithLineNumbers\",\"autoCompileOpts\",\"mochaOpts\",\"jasmineOpts\",\"cucumberOpts\",\"onPrepare\",\"onWorkerStart\",\"onWorkerEnd\",\"before\",\"beforeSession\",\"beforeSuite\",\"beforeHook\",\"beforeTest\",\"afterTest\",\"afterHook\",\"afterSuite\",\"afterSession\",\"after\",\"onComplete\",\"beforeAssertion\",\"afterAssertion\",\"beforeFeature\",\"beforeScenario\",\"beforeStep\",\"afterStep\",\"afterScenario\",\"afterFeature\",\"_\",\"suite\",\"$0\",\"ignoredWorkerServices\",\"wdi5\"]"}]}
COMMAND: POST /session/799be37928140a71a03c3bbe373ba355/execute/async - {"script":"<script> [21126 bytes]","args":[35000]}
RESULT: {"script":"<script> [21126 bytes]","args":[35000]}
]]></system-out>
    </testcase>
  </testsuite>
  <testsuite timestamp="2025-04-19T17:57:28" time="1259.495" tests="20" failures="0" errors="0" skipped="0">
    <properties>
      <property name="specId" value="0"/>
      <property name="suiteName" value="Billing Calculation - Time based (considering transport times) US139738"/>
      <property name="capabilities" value="chrome.135_0_7049_42.windows"/>
      <property name="file" value="file:///D:/a/1/s/test/specs/BTS/billing-calculation-transp-times.spec.js"/>
    </properties>
    <testcase classname="chrome.135_0_7049_42.windows.Billing_Calculation_-_Time_based_(considering_transport_times)_US139738" name="Should create a new yard" time="0.011">
      <system-out><![CDATA[
COMMAND: POST /session/799be37928140a71a03c3bbe373ba355/window/fullscreen - {}
RESULT: {}
]]></system-out>
    </testcase>
    <testcase classname="chrome.135_0_7049_42.windows.Billing_Calculation_-_Time_based_(considering_transport_times)_US139738" name="Should create a new partner" time="0.003"/>
    <testcase classname="chrome.135_0_7049_42.windows.Billing_Calculation_-_Time_based_(considering_transport_times)_US139738" name="Should create a new site" time="0.003"/>
    <testcase classname="chrome.135_0_7049_42.windows.Billing_Calculation_-_Time_based_(considering_transport_times)_US139738" name="Should create the 1st equipment" time="113.433">
      <system-out><![CDATA[
COMMAND: POST /session/799be37928140a71a03c3bbe373ba355/execute/async - {"script":"<script> [1562 bytes]","args":[{"selector":{"controlType":"sap.m.GenericTile","properties":{"header":"Manage Resources"}},"wdio_ui5_key":"sapm.GenericTile{\"header\":\"Manage Resources\"}"}]}
RESULT: {"script":"<script> [1562 bytes]","args":[{"selector":{"controlType":"sap.m.GenericTile","properties":{"header":"Manage Resources"}},"wdio_ui5_key":"sapm.GenericTile{\"header\":\"Manage Resources\"}"}]}
RESULT: undefined
COMMAND: POST /session/799be37928140a71a03c3bbe373ba355/element - {"using":"xpath","value":"//*[@id=\"__tile39\"]"}
RESULT: {"using":"xpath","value":"//*[@id=\"__tile39\"]"}
COMMAND: POST /session/799be37928140a71a03c3bbe373ba355/element/f.19D3A8A536C023AFD4E776B255E62FBE.d.0096A8C842C99E3E50AB7214B8B6B242.e.19107/click - {}
RESULT: {}
COMMAND: POST /session/799be37928140a71a03c3bbe373ba355/element - {"using":"xpath","value":"//button[@data-kt=\"addNewRUOverflowToolbarButton\"]"}
COMMAND: GET /session/799be37928140a71a03c3bbe373ba355/screenshot - {}
RESULT: {"using":"xpath","value":"//button[@data-kt=\"addNewRUOverflowToolbarButton\"]"}
COMMAND: POST /session/799be37928140a71a03c3bbe373ba355/elements - {"using":"xpath","value":"//button[@data-kt=\"addNewRUOverflowToolbarButton\"]"}
RESULT: {}
RESULT: {"using":"xpath","value":"//button[@data-kt=\"addNewRUOverflowToolbarButton\"]"}
COMMAND: POST /session/799be37928140a71a03c3bbe373ba355/elements - {"using":"xpath","value":"//button[@data-kt=\"addNewRUOverflowToolbarButton\"]"}
RESULT: {"using":"xpath","value":"//button[@data-kt=\"addNewRUOverflowToolbarButton\"]"}
RESULT: undefined
COMMAND: POST /session/799be37928140a71a03c3bbe373ba355/elements - {"using":"xpath","value":"//button[@data-kt=\"addNewRUOverflowToolbarButton\"]"}
RESULT: {"using":"xpath","value":"//button[@data-kt=\"addNewRUOverflowToolbarButton\"]"}
COMMAND: POST /session/799be37928140a71a03c3bbe373ba355/elements - {"using":"xpath","value":"//button[@data-kt=\"addNewRUOverflowToolbarButton\"]"}
RESULT: {"using":"xpath","value":"//button[@data-kt=\"addNewRUOverflowToolbarButton\"]"}
COMMAND: POST /session/799be37928140a71a03c3bbe373ba355/elements - {"using":"xpath","value":"//button[@data-kt=\"addNewRUOverflowToolbarButton\"]"}
RESULT: {"using":"xpath","value":"//button[@data-kt=\"addNewRUOverflowToolbarButton\"]"}
COMMAND: POST /session/799be37928140a71a03c3bbe373ba355/elements - {"using":"xpath","value":"//button[@data-kt=\"addNewRUOverflowToolbarButton\"]"}
RESULT: {"using":"xpath","value":"//button[@data-kt=\"addNewRUOverflowToolbarButton\"]"}
COMMAND: POST /session/799be37928140a71a03c3bbe373ba355/elements - {"using":"xpath","value":"//button[@data-kt=\"addNewRUOverflowToolbarButton\"]"}
RESULT: {"using":"xpath","value":"//button[@data-kt=\"addNewRUOverflowToolbarButton\"]"}
COMMAND: POST /session/799be37928140a71a03c3bbe373ba355/elements - {"using":"xpath","value":"//button[@data-kt=\"addNewRUOverflowToolbarButton\"]"}
RESULT: {"using":"xpath","value":"//button[@data-kt=\"addNewRUOverflowToolbarButton\"]"}
COMMAND: POST /session/799be37928140a71a03c3bbe373ba355/elements - {"using":"xpath","value":"//button[@data-kt=\"addNewRUOverflowToolbarButton\"]"}
RESULT: {"using":"xpath","value":"//button[@data-kt=\"addNewRUOverflowToolbarButton\"]"}
COMMAND: POST /session/799be37928140a71a03c3bbe373ba355/elements - {"using":"xpath","value":"//button[@data-kt=\"addNewRUOverflowToolbarButton\"]"}
RESULT: {"using":"xpath","value":"//button[@data-kt=\"addNewRUOverflowToolbarButton\"]"}
COMMAND: POST /session/799be37928140a71a03c3bbe373ba355/elements - {"using":"xpath","value":"//button[@data-kt=\"addNewRUOverflowToolbarButton\"]"}
RESULT: {"using":"xpath","value":"//button[@data-kt=\"addNewRUOverflowToolbarButton\"]"}
COMMAND: POST /session/799be37928140a71a03c3bbe373ba355/elements - {"using":"xpath","value":"//button[@data-kt=\"addNewRUOverflowToolbarButton\"]"}
RESULT: {"using":"xpath","value":"//button[@data-kt=\"addNewRUOverflowToolbarButton\"]"}
COMMAND: POST /session/799be37928140a71a03c3bbe373ba355/elements - {"using":"xpath","value":"//button[@data-kt=\"addNewRUOverflowToolbarButton\"]"}
RESULT: {"using":"xpath","value":"//button[@data-kt=\"addNewRUOverflowToolbarButton\"]"}
COMMAND: POST /session/799be37928140a71a03c3bbe373ba355/elements - {"using":"xpath","value":"//button[@data-kt=\"addNewRUOverflowToolbarButton\"]"}
RESULT: {"using":"xpath","value":"//button[@data-kt=\"addNewRUOverflowToolbarButton\"]"}
COMMAND: POST /session/799be37928140a71a03c3bbe373ba355/elements - {"using":"xpath","value":"//button[@data-kt=\"addNewRUOverflowToolbarButton\"]"}
RESULT: {"using":"xpath","value":"//button[@data-kt=\"addNewRUOverflowToolbarButton\"]"}
COMMAND: POST /session/799be37928140a71a03c3bbe373ba355/elements - {"using":"xpath","value":"//button[@data-kt=\"addNewRUOverflowToolbarButton\"]"}
RESULT: {"using":"xpath","value":"//button[@data-kt=\"addNewRUOverflowToolbarButton\"]"}
COMMAND: POST /session/799be37928140a71a03c3bbe373ba355/elements - {"using":"xpath","value":"//button[@data-kt=\"addNewRUOverflowToolbarButton\"]"}
RESULT: {"using":"xpath","value":"//button[@data-kt=\"addNewRUOverflowToolbarButton\"]"}
COMMAND: POST /session/799be37928140a71a03c3bbe373ba355/elements - {"using":"xpath","value":"//button[@data-kt=\"addNewRUOverflowToolbarButton\"]"}
RESULT: {"using":"xpath","value":"//button[@data-kt=\"addNewRUOverflowToolbarButton\"]"}
COMMAND: POST /session/799be37928140a71a03c3bbe373ba355/element - {"using":"xpath","value":"//button[@data-kt=\"addNewRUOverflowToolbarButton\"]"}
RESULT: {"using":"xpath","value":"//button[@data-kt=\"addNewRUOverflowToolbarButton\"]"}
COMMAND: POST /session/799be37928140a71a03c3bbe373ba355/execute/sync - {"script":"<script> [8489 bytes]","args":[{"element-6066-11e4-a52e-4f735466cecf":"f.19D3A8A536C023AFD4E776B255E62FBE.d.0096A8C842C99E3E50AB7214B8B6B242.e.19245","ELEMENT":"f.19D3A8A536C023AFD4E776B255E62FBE.d.0096A8C842C99E3E50AB7214B8B6B242.e.19245"}]}
RESULT: {"script":"<script> [8489 bytes]","args":[{"element-6066-11e4-a52e-4f735466cecf":"f.19D3A8A536C023AFD4E776B255E62FBE.d.0096A8C842C99E3E50AB7214B8B6B242.e.19245","ELEMENT":"f.19D3A8A536C023AFD4E776B255E62FBE.d.0096A8C842C99E3E50AB7214B8B6B242.e.19245"}]}
COMMAND: GET /session/799be37928140a71a03c3bbe373ba355/element/f.19D3A8A536C023AFD4E776B255E62FBE.d.0096A8C842C99E3E50AB7214B8B6B242.e.19245/enabled - {}
COMMAND: GET /session/799be37928140a71a03c3bbe373ba355/screenshot - {}
RESULT: {}
COMMAND: POST /session/799be37928140a71a03c3bbe373ba355/execute/sync - {"script":"<script> [8489 bytes]","args":[{"element-6066-11e4-a52e-4f735466cecf":"f.19D3A8A536C023AFD4E776B255E62FBE.d.0096A8C842C99E3E50AB7214B8B6B242.e.19245","ELEMENT":"f.19D3A8A536C023AFD4E776B255E62FBE.d.0096A8C842C99E3E50AB7214B8B6B242.e.19245"}]}
COMMAND: GET /session/799be37928140a71a03c3bbe373ba355/screenshot - {}
RESULT: {}
RESULT: {"script":"<script> [8489 bytes]","args":[{"element-6066-11e4-a52e-4f735466cecf":"f.19D3A8A536C023AFD4E776B255E62FBE.d.0096A8C842C99E3E50AB7214B8B6B242.e.19245","ELEMENT":"f.19D3A8A536C023AFD4E776B255E62FBE.d.0096A8C842C99E3E50AB7214B8B6B242.e.19245"}]}
COMMAND: POST /session/799be37928140a71a03c3bbe373ba355/execute/sync - {"script":"<script> [5351 bytes]","args":[{"element-6066-11e4-a52e-4f735466cecf":"f.19D3A8A536C023AFD4E776B255E62FBE.d.0096A8C842C99E3E50AB7214B8B6B242.e.19245","ELEMENT":"f.19D3A8A536C023AFD4E776B255E62FBE.d.0096A8C842C99E3E50AB7214B8B6B242.e.19245"}]}
COMMAND: GET /session/799be37928140a71a03c3bbe373ba355/screenshot - {}
RESULT: {}
RESULT: {"script":"<script> [5351 bytes]","args":[{"element-6066-11e4-a52e-4f735466cecf":"f.19D3A8A536C023AFD4E776B255E62FBE.d.0096A8C842C99E3E50AB7214B8B6B242.e.19245","ELEMENT":"f.19D3A8A536C023AFD4E776B255E62FBE.d.0096A8C842C99E3E50AB7214B8B6B242.e.19245"}]}
COMMAND: POST /session/799be37928140a71a03c3bbe373ba355/element/f.19D3A8A536C023AFD4E776B255E62FBE.d.0096A8C842C99E3E50AB7214B8B6B242.e.19245/click - {}
COMMAND: GET /session/799be37928140a71a03c3bbe373ba355/screenshot - {}
RESULT: {}
RESULT: {}
COMMAND: GET /session/799be37928140a71a03c3bbe373ba355/screenshot - {}
RESULT: {}
COMMAND: POST /session/799be37928140a71a03c3bbe373ba355/execute/async - {"script":"<script> [1562 bytes]","args":[{"selector":{"id":"application-manageresources-display-component---newResourceUnit--TYPE-arrow"},"wdio_ui5_key":"applicationmanageresources-display-component---newResourceUnit--TYPE-arrow"}]}
RESULT: {}
RESULT: {"script":"<script> [1562 bytes]","args":[{"selector":{"id":"application-manageresources-display-component---newResourceUnit--TYPE-arrow"},"wdio_ui5_key":"applicationmanageresources-display-component---newResourceUnit--TYPE-arrow"}]}
RESULT: undefined
COMMAND: POST /session/799be37928140a71a03c3bbe373ba355/element - {"using":"xpath","value":"//*[@id=\"application-manageresources-display-component---newResourceUnit--TYPE-arrow\"]"}
RESULT: {"using":"xpath","value":"//*[@id=\"application-manageresources-display-component---newResourceUnit--TYPE-arrow\"]"}
COMMAND: POST /session/799be37928140a71a03c3bbe373ba355/element/f.19D3A8A536C023AFD4E776B255E62FBE.d.0096A8C842C99E3E50AB7214B8B6B242.e.19613/click - {}
RESULT: {}
COMMAND: POST /session/799be37928140a71a03c3bbe373ba355/element - {"using":"xpath","value":"//input[@id=\"application-manageresources-display-component---newResourceUnit--TYPE-inner\"]"}
COMMAND: GET /session/799be37928140a71a03c3bbe373ba355/screenshot - {}
RESULT: {"using":"xpath","value":"//input[@id=\"application-manageresources-display-component---newResourceUnit--TYPE-inner\"]"}
COMMAND: POST /session/799be37928140a71a03c3bbe373ba355/element/f.19D3A8A536C023AFD4E776B255E62FBE.d.0096A8C842C99E3E50AB7214B8B6B242.e.19598/clear - {}
RESULT: {}
RESULT: {}
COMMAND: POST /session/799be37928140a71a03c3bbe373ba355/element/f.19D3A8A536C023AFD4E776B255E62FBE.d.0096A8C842C99E3E50AB7214B8B6B242.e.19598/value - {"text":"Equipment"}
COMMAND: GET /session/799be37928140a71a03c3bbe373ba355/screenshot - {}
RESULT: {"text":"Equipment"}
COMMAND: GET /session/799be37928140a71a03c3bbe373ba355/screenshot - {}
RESULT: {}
RESULT: {}
COMMAND: POST /session/799be37928140a71a03c3bbe373ba355/actions - {"actions":[{"id":"action63","type":"key","parameters":{},"actions":[{"type":"keyDown","value":""},{"type":"pause","duration":10},{"type":"keyUp","value":""}]}]}
RESULT: {"actions":[{"id":"action63","type":"key","parameters":{},"actions":[{"type":"keyDown","value":""},{"type":"pause","duration":10},{"type":"keyUp","value":""}]}]}
COMMAND: POST /session/799be37928140a71a03c3bbe373ba355/execute/async - {"script":"<script> [1562 bytes]","args":[{"selector":{"id":"application-manageresources-display-component---newResourceUnit--resourceId","interaction":{"idSuffix":"inner"}},"wdio_ui5_key":"applicationmanageresources-display-component---newResourceUnit--resourceId"}]}
COMMAND: GET /session/799be37928140a71a03c3bbe373ba355/screenshot - {}
RESULT: {"script":"<script> [1562 bytes]","args":[{"selector":{"id":"application-manageresources-display-component---newResourceUnit--resourceId","interaction":{"idSuffix":"inner"}},"wdio_ui5_key":"applicationmanageresources-display-component---newResourceUnit--resourceId"}]}
RESULT: undefined
COMMAND: POST /session/799be37928140a71a03c3bbe373ba355/execute/async - {"script":"<script> [776 bytes]","args":[{"enterText":"Iqzq9B6XvK","selector":{"id":"application-manageresources-display-component---newResourceUnit--resourceId","interaction":{"idSuffix":"inner"}},"clearTextFirst":true,"interactionType":"ENTER_TEXT"}]}
RESULT: {}
RESULT: {"script":"<script> [776 bytes]","args":[{"enterText":"Iqzq9B6XvK","selector":{"id":"application-manageresources-display-component---newResourceUnit--resourceId","interaction":{"idSuffix":"inner"}},"clearTextFirst":true,"interactionType":"ENTER_TEXT"}]}
COMMAND: POST /session/799be37928140a71a03c3bbe373ba355/execute/async - {"script":"<script> [1562 bytes]","args":[{"selector":{"id":"application-manageresources-display-component---newResourceUnit--SHORT_TEXT","interaction":{"idSuffix":"inner"}},"wdio_ui5_key":"applicationmanageresources-display-component---newResourceUnit--SHORT_TEXT"}]}
RESULT: {"script":"<script> [1562 bytes]","args":[{"selector":{"id":"application-manageresources-display-component---newResourceUnit--SHORT_TEXT","interaction":{"idSuffix":"inner"}},"wdio_ui5_key":"applicationmanageresources-display-component---newResourceUnit--SHORT_TEXT"}]}
RESULT: undefined
COMMAND: POST /session/799be37928140a71a03c3bbe373ba355/execute/async - {"script":"<script> [776 bytes]","args":[{"enterText":"Intercompany Equipment WDIO","selector":{"id":"application-manageresources-display-component---newResourceUnit--SHORT_TEXT","interaction":{"idSuffix":"inner"}},"clearTextFirst":true,"interactionType":"ENTER_TEXT"}]}
RESULT: {"script":"<script> [776 bytes]","args":[{"enterText":"Intercompany Equipment WDIO","selector":{"id":"application-manageresources-display-component---newResourceUnit--SHORT_TEXT","interaction":{"idSuffix":"inner"}},"clearTextFirst":true,"interactionType":"ENTER_TEXT"}]}
COMMAND: POST /session/799be37928140a71a03c3bbe373ba355/execute/async - {"script":"<script> [1562 bytes]","args":[{"selector":{"id":"application-manageresources-display-component---newResourceUnit--BASE_UNIT_OF_MEASURE","interaction":{"idSuffix":"inner"}},"wdio_ui5_key":"applicationmanageresources-display-component---newResourceUnit--BASE_UNIT_OF_MEASURE"}]}
RESULT: {"script":"<script> [1562 bytes]","args":[{"selector":{"id":"application-manageresources-display-component---newResourceUnit--BASE_UNIT_OF_MEASURE","interaction":{"idSuffix":"inner"}},"wdio_ui5_key":"applicationmanageresources-display-component---newResourceUnit--BASE_UNIT_OF_MEASURE"}]}
RESULT: undefined
COMMAND: POST /session/799be37928140a71a03c3bbe373ba355/execute/async - {"script":"<script> [776 bytes]","args":[{"enterText":"Piece","selector":{"id":"application-manageresources-display-component---newResourceUnit--BASE_UNIT_OF_MEASURE","interaction":{"idSuffix":"inner"}},"clearTextFirst":true,"interactionType":"ENTER_TEXT"}]}
RESULT: {"script":"<script> [776 bytes]","args":[{"enterText":"Piece","selector":{"id":"application-manageresources-display-component---newResourceUnit--BASE_UNIT_OF_MEASURE","interaction":{"idSuffix":"inner"}},"clearTextFirst":true,"interactionType":"ENTER_TEXT"}]}
COMMAND: POST /session/799be37928140a71a03c3bbe373ba355/execute/async - {"script":"<script> [1562 bytes]","args":[{"selector":{"id":"application-manageresources-display-component---newResourceUnit--WEIGHT_UNIT","interaction":{"idSuffix":"inner"}},"wdio_ui5_key":"applicationmanageresources-display-component---newResourceUnit--WEIGHT_UNIT"}]}
RESULT: {"script":"<script> [1562 bytes]","args":[{"selector":{"id":"application-manageresources-display-component---newResourceUnit--WEIGHT_UNIT","interaction":{"idSuffix":"inner"}},"wdio_ui5_key":"applicationmanageresources-display-component---newResourceUnit--WEIGHT_UNIT"}]}
RESULT: undefined
COMMAND: POST /session/799be37928140a71a03c3bbe373ba355/execute/async - {"script":"<script> [776 bytes]","args":[{"enterText":"Gram","selector":{"id":"application-manageresources-display-component---newResourceUnit--WEIGHT_UNIT","interaction":{"idSuffix":"inner"}},"clearTextFirst":true,"interactionType":"ENTER_TEXT"}]}
RESULT: {"script":"<script> [776 bytes]","args":[{"enterText":"Gram","selector":{"id":"application-manageresources-display-component---newResourceUnit--WEIGHT_UNIT","interaction":{"idSuffix":"inner"}},"clearTextFirst":true,"interactionType":"ENTER_TEXT"}]}
COMMAND: POST /session/799be37928140a71a03c3bbe373ba355/execute/async - {"script":"<script> [1562 bytes]","args":[{"selector":{"id":"application-manageresources-display-component---newResourceUnit--DIMENSION_UNIT","interaction":{"idSuffix":"inner"}},"wdio_ui5_key":"applicationmanageresources-display-component---newResourceUnit--DIMENSION_UNIT"}]}
RESULT: {"script":"<script> [1562 bytes]","args":[{"selector":{"id":"application-manageresources-display-component---newResourceUnit--DIMENSION_UNIT","interaction":{"idSuffix":"inner"}},"wdio_ui5_key":"applicationmanageresources-display-component---newResourceUnit--DIMENSION_UNIT"}]}
RESULT: undefined
COMMAND: POST /session/799be37928140a71a03c3bbe373ba355/execute/async - {"script":"<script> [776 bytes]","args":[{"enterText":"Meter","selector":{"id":"application-manageresources-display-component---newResourceUnit--DIMENSION_UNIT","interaction":{"idSuffix":"inner"}},"clearTextFirst":true,"interactionType":"ENTER_TEXT"}]}
RESULT: {"script":"<script> [776 bytes]","args":[{"enterText":"Meter","selector":{"id":"application-manageresources-display-component---newResourceUnit--DIMENSION_UNIT","interaction":{"idSuffix":"inner"}},"clearTextFirst":true,"interactionType":"ENTER_TEXT"}]}
COMMAND: POST /session/799be37928140a71a03c3bbe373ba355/execute/async - {"script":"<script> [1562 bytes]","args":[{"selector":{"id":"application-manageresources-display-component---newResourceUnit--newRRUPage-anchBar-application-manageresources-display-component---newResourceUnit--control-anchor","interaction":{"idSuffix":"BDI-content"}},"wdio_ui5_key":"applicationmanageresources-display-component---newResourceUnit--newRRUPage-anchBar-application-manageresources-display-component---newResourceUnit--control-anchor"}]}
RESULT: {"script":"<script> [1562 bytes]","args":[{"selector":{"id":"application-manageresources-display-component---newResourceUnit--newRRUPage-anchBar-application-manageresources-display-component---newResourceUnit--control-anchor","interaction":{"idSuffix":"BDI-content"}},"wdio_ui5_key":"applicationmanageresources-display-component---newResourceUnit--newRRUPage-anchBar-application-manageresources-display-component---newResourceUnit--control-anchor"}]}
RESULT: undefined
COMMAND: POST /session/799be37928140a71a03c3bbe373ba355/element - {"using":"xpath","value":"//*[@id=\"application-manageresources-display-component---newResourceUnit--newRRUPage-anchBar-application-manageresources-display-component---newResourceUnit--control-anchor\"]"}
RESULT: {"using":"xpath","value":"//*[@id=\"application-manageresources-display-component---newResourceUnit--newRRUPage-anchBar-application-manageresources-display-component---newResourceUnit--control-anchor\"]"}
COMMAND: POST /session/799be37928140a71a03c3bbe373ba355/element/f.19D3A8A536C023AFD4E776B255E62FBE.d.0096A8C842C99E3E50AB7214B8B6B242.e.19747/click - {}
RESULT: {}
COMMAND: POST /session/799be37928140a71a03c3bbe373ba355/execute/async - {"script":"<script> [1562 bytes]","args":[{"selector":{"id":"application-manageresources-display-component---newResourceUnit--PLANNING_GROUP","interaction":{"idSuffix":"inner"}},"wdio_ui5_key":"applicationmanageresources-display-component---newResourceUnit--PLANNING_GROUP"}]}
COMMAND: GET /session/799be37928140a71a03c3bbe373ba355/screenshot - {}
RESULT: {"script":"<script> [1562 bytes]","args":[{"selector":{"id":"application-manageresources-display-component---newResourceUnit--PLANNING_GROUP","interaction":{"idSuffix":"inner"}},"wdio_ui5_key":"applicationmanageresources-display-component---newResourceUnit--PLANNING_GROUP"}]}
RESULT: undefined
COMMAND: POST /session/799be37928140a71a03c3bbe373ba355/execute/async - {"script":"<script> [776 bytes]","args":[{"enterText":"Heavy Equi","selector":{"id":"application-manageresources-display-component---newResourceUnit--PLANNING_GROUP","interaction":{"idSuffix":"inner"}},"clearTextFirst":true,"interactionType":"ENTER_TEXT"}]}
RESULT: {}
RESULT: {"script":"<script> [776 bytes]","args":[{"enterText":"Heavy Equi","selector":{"id":"application-manageresources-display-component---newResourceUnit--PLANNING_GROUP","interaction":{"idSuffix":"inner"}},"clearTextFirst":true,"interactionType":"ENTER_TEXT"}]}
COMMAND: POST /session/799be37928140a71a03c3bbe373ba355/execute/async - {"script":"<script> [1562 bytes]","args":[{"selector":{"id":"application-manageresources-display-component---newResourceUnit--ITEM_TYPE-arrow"},"wdio_ui5_key":"applicationmanageresources-display-component---newResourceUnit--ITEM_TYPE-arrow"}]}
RESULT: {"script":"<script> [1562 bytes]","args":[{"selector":{"id":"application-manageresources-display-component---newResourceUnit--ITEM_TYPE-arrow"},"wdio_ui5_key":"applicationmanageresources-display-component---newResourceUnit--ITEM_TYPE-arrow"}]}
RESULT: undefined
COMMAND: POST /session/799be37928140a71a03c3bbe373ba355/element - {"using":"xpath","value":"//*[@id=\"application-manageresources-display-component---newResourceUnit--ITEM_TYPE-arrow\"]"}
RESULT: {"using":"xpath","value":"//*[@id=\"application-manageresources-display-component---newResourceUnit--ITEM_TYPE-arrow\"]"}
COMMAND: POST /session/799be37928140a71a03c3bbe373ba355/element/f.19D3A8A536C023AFD4E776B255E62FBE.d.0096A8C842C99E3E50AB7214B8B6B242.e.19756/click - {}
RESULT: {}
COMMAND: POST /session/799be37928140a71a03c3bbe373ba355/element - {"using":"xpath","value":"(//span[contains(text(), \"Resource Unit\")])[2]"}
COMMAND: GET /session/799be37928140a71a03c3bbe373ba355/screenshot - {}
RESULT: {"using":"xpath","value":"(//span[contains(text(), \"Resource Unit\")])[2]"}
COMMAND: POST /session/799be37928140a71a03c3bbe373ba355/element/f.19D3A8A536C023AFD4E776B255E62FBE.d.0096A8C842C99E3E50AB7214B8B6B242.e.19757/click - {}
RESULT: {}
RESULT: {}
COMMAND: GET /session/799be37928140a71a03c3bbe373ba355/screenshot - {}
RESULT: {}
COMMAND: POST /session/799be37928140a71a03c3bbe373ba355/element - {"using":"css selector","value":"#application-manageresources-display-component---newResourceUnit--btnAddTimeSegment"}
RESULT: {"using":"css selector","value":"#application-manageresources-display-component---newResourceUnit--btnAddTimeSegment"}
COMMAND: GET /session/799be37928140a71a03c3bbe373ba355/element/f.19D3A8A536C023AFD4E776B255E62FBE.d.0096A8C842C99E3E50AB7214B8B6B242.e.19758/rect - {}
RESULT: {}
COMMAND: GET /session/799be37928140a71a03c3bbe373ba355/window/rect - {}
RESULT: {}
COMMAND: POST /session/799be37928140a71a03c3bbe373ba355/execute/sync - {"script":"<script> [92 bytes]","args":[]}
RESULT: {"script":"<script> [92 bytes]","args":[]}
COMMAND: POST /session/799be37928140a71a03c3bbe373ba355/actions - {"actions":[{"id":"action64","type":"wheel","parameters":{},"actions":[{"type":"scroll","x":-1888,"y":-32,"deltaX":0,"deltaY":0,"duration":0,"origin":{"element-6066-11e4-a52e-4f735466cecf":"f.19D3A8A536C023AFD4E776B255E62FBE.d.0096A8C842C99E3E50AB7214B8B6B242.e.19758"}}]}]}
COMMAND: GET /session/799be37928140a71a03c3bbe373ba355/screenshot - {}
RESULT: {}
COMMAND: POST /session/799be37928140a71a03c3bbe373ba355/execute/sync - {"script":"<script> [79 bytes]","args":[{"element-6066-11e4-a52e-4f735466cecf":"f.19D3A8A536C023AFD4E776B255E62FBE.d.0096A8C842C99E3E50AB7214B8B6B242.e.19758","ELEMENT":"f.19D3A8A536C023AFD4E776B255E62FBE.d.0096A8C842C99E3E50AB7214B8B6B242.e.19758"},{"block":"start","inline":"nearest"}]}
RESULT: {"script":"<script> [79 bytes]","args":[{"element-6066-11e4-a52e-4f735466cecf":"f.19D3A8A536C023AFD4E776B255E62FBE.d.0096A8C842C99E3E50AB7214B8B6B242.e.19758","ELEMENT":"f.19D3A8A536C023AFD4E776B255E62FBE.d.0096A8C842C99E3E50AB7214B8B6B242.e.19758"},{"block":"start","inline":"nearest"}]}
COMMAND: POST /session/799be37928140a71a03c3bbe373ba355/execute/async - {"script":"<script> [1562 bytes]","args":[{"selector":{"id":"application-manageresources-display-component---newResourceUnit--btnAddTimeSegment","interaction":{"idSuffix":"inner"}},"wdio_ui5_key":"applicationmanageresources-display-component---newResourceUnit--btnAddTimeSegment"}]}
COMMAND: GET /session/799be37928140a71a03c3bbe373ba355/screenshot - {}
RESULT: {"script":"<script> [1562 bytes]","args":[{"selector":{"id":"application-manageresources-display-component---newResourceUnit--btnAddTimeSegment","interaction":{"idSuffix":"inner"}},"wdio_ui5_key":"applicationmanageresources-display-component---newResourceUnit--btnAddTimeSegment"}]}
RESULT: undefined
COMMAND: POST /session/799be37928140a71a03c3bbe373ba355/element - {"using":"xpath","value":"//*[@id=\"application-manageresources-display-component---newResourceUnit--btnAddTimeSegment\"]"}
RESULT: {}
RESULT: {"using":"xpath","value":"//*[@id=\"application-manageresources-display-component---newResourceUnit--btnAddTimeSegment\"]"}
COMMAND: POST /session/799be37928140a71a03c3bbe373ba355/element/f.19D3A8A536C023AFD4E776B255E62FBE.d.0096A8C842C99E3E50AB7214B8B6B242.e.19758/click - {}
RESULT: {}
COMMAND: GET /session/799be37928140a71a03c3bbe373ba355/screenshot - {}
RESULT: {}
COMMAND: POST /session/799be37928140a71a03c3bbe373ba355/element - {"using":"xpath","value":"//input[@id=\"application-manageresources-display-component---newResourceUnit--idRuTSAdmin-application-manageresources-display-component---newResourceUnit--RUTimeSegment-0-inner\"]"}
RESULT: {"using":"xpath","value":"//input[@id=\"application-manageresources-display-component---newResourceUnit--idRuTSAdmin-application-manageresources-display-component---newResourceUnit--RUTimeSegment-0-inner\"]"}
COMMAND: POST /session/799be37928140a71a03c3bbe373ba355/element/f.19D3A8A536C023AFD4E776B255E62FBE.d.0096A8C842C99E3E50AB7214B8B6B242.e.19764/clear - {}
RESULT: {}
COMMAND: POST /session/799be37928140a71a03c3bbe373ba355/element/f.19D3A8A536C023AFD4E776B255E62FBE.d.0096A8C842C99E3E50AB7214B8B6B242.e.19764/value - {"text":"592"}
COMMAND: GET /session/799be37928140a71a03c3bbe373ba355/screenshot - {}
RESULT: {"text":"592"}
COMMAND: GET /session/799be37928140a71a03c3bbe373ba355/screenshot - {}
RESULT: {}
RESULT: {}
COMMAND: POST /session/799be37928140a71a03c3bbe373ba355/element - {"using":"xpath","value":"//li[.//span[text()='592']]"}
RESULT: {"using":"xpath","value":"//li[.//span[text()='592']]"}
COMMAND: POST /session/799be37928140a71a03c3bbe373ba355/element/f.19D3A8A536C023AFD4E776B255E62FBE.d.0096A8C842C99E3E50AB7214B8B6B242.e.19778/click - {}
RESULT: {}
COMMAND: GET /session/799be37928140a71a03c3bbe373ba355/screenshot - {}
RESULT: {}
COMMAND: POST /session/799be37928140a71a03c3bbe373ba355/element - {"using":"xpath","value":"(//span[contains(@id, \"-application-manageresources-display-component---newResourceUnit--RUTimeSegment-0-arrow\")])[6]"}
RESULT: {"using":"xpath","value":"(//span[contains(@id, \"-application-manageresources-display-component---newResourceUnit--RUTimeSegment-0-arrow\")])[6]"}
COMMAND: POST /session/799be37928140a71a03c3bbe373ba355/element/f.19D3A8A536C023AFD4E776B255E62FBE.d.0096A8C842C99E3E50AB7214B8B6B242.e.19779/click - {}
RESULT: {}
COMMAND: POST /session/799be37928140a71a03c3bbe373ba355/element - {"using":"xpath","value":"//span[contains(text(), \"PM Order\")]"}
COMMAND: GET /session/799be37928140a71a03c3bbe373ba355/screenshot - {}
RESULT: {"using":"xpath","value":"//span[contains(text(), \"PM Order\")]"}
COMMAND: POST /session/799be37928140a71a03c3bbe373ba355/element/f.19D3A8A536C023AFD4E776B255E62FBE.d.0096A8C842C99E3E50AB7214B8B6B242.e.19782/click - {}
RESULT: {}
RESULT: {}
COMMAND: GET /session/799be37928140a71a03c3bbe373ba355/screenshot - {}
RESULT: {}
COMMAND: POST /session/799be37928140a71a03c3bbe373ba355/element - {"using":"xpath","value":"(//span[contains(@id ,\"manageresources-display-component---newResourceUnit--RUTimeSegment-0-vhi\")])[2]"}
RESULT: {"using":"xpath","value":"(//span[contains(@id ,\"manageresources-display-component---newResourceUnit--RUTimeSegment-0-vhi\")])[2]"}
COMMAND: POST /session/799be37928140a71a03c3bbe373ba355/element/f.19D3A8A536C023AFD4E776B255E62FBE.d.0096A8C842C99E3E50AB7214B8B6B242.e.19785/click - {}
RESULT: {}
COMMAND: GET /session/799be37928140a71a03c3bbe373ba355/screenshot - {}
RESULT: {}
COMMAND: POST /session/799be37928140a71a03c3bbe373ba355/execute/async - {"script":"<script> [1562 bytes]","args":[{"selector":{"controlType":"sap.m.SearchField","properties":{"placeholder":"Search"},"searchOpenDialogs":true,"interaction":{"idSuffix":"I"}},"wdio_ui5_key":"sapm.SearchField{\"placeholder\":\"Search\"}"}]}
RESULT: {"script":"<script> [1562 bytes]","args":[{"selector":{"controlType":"sap.m.SearchField","properties":{"placeholder":"Search"},"searchOpenDialogs":true,"interaction":{"idSuffix":"I"}},"wdio_ui5_key":"sapm.SearchField{\"placeholder\":\"Search\"}"}]}
RESULT: undefined
COMMAND: POST /session/799be37928140a71a03c3bbe373ba355/execute/async - {"script":"<script> [776 bytes]","args":[{"enterText":"4000360","selector":{"controlType":"sap.m.SearchField","properties":{"placeholder":"Search"},"searchOpenDialogs":true,"interaction":{"idSuffix":"I"}},"clearTextFirst":true,"interactionType":"ENTER_TEXT"}]}
RESULT: {"script":"<script> [776 bytes]","args":[{"enterText":"4000360","selector":{"controlType":"sap.m.SearchField","properties":{"placeholder":"Search"},"searchOpenDialogs":true,"interaction":{"idSuffix":"I"}},"clearTextFirst":true,"interactionType":"ENTER_TEXT"}]}
COMMAND: POST /session/799be37928140a71a03c3bbe373ba355/actions - {"actions":[{"id":"action65","type":"key","parameters":{},"actions":[{"type":"keyDown","value":""},{"type":"pause","duration":10},{"type":"keyUp","value":""}]}]}
RESULT: {"actions":[{"id":"action65","type":"key","parameters":{},"actions":[{"type":"keyDown","value":""},{"type":"pause","duration":10},{"type":"keyUp","value":""}]}]}
COMMAND: GET /session/799be37928140a71a03c3bbe373ba355/screenshot - {}
RESULT: {}
COMMAND: POST /session/799be37928140a71a03c3bbe373ba355/element - {"using":"xpath","value":"//td/div/span[contains(text(), \"BGL Vehicles\")]"}
RESULT: {"using":"xpath","value":"//td/div/span[contains(text(), \"BGL Vehicles\")]"}
COMMAND: POST /session/799be37928140a71a03c3bbe373ba355/element/f.19D3A8A536C023AFD4E776B255E62FBE.d.0096A8C842C99E3E50AB7214B8B6B242.e.19805/click - {}
RESULT: {}
COMMAND: GET /session/799be37928140a71a03c3bbe373ba355/screenshot - {}
RESULT: {}
COMMAND: POST /session/799be37928140a71a03c3bbe373ba355/element - {"using":"xpath","value":"//bdi[contains(text(), \"OK\")]"}
RESULT: {"using":"xpath","value":"//bdi[contains(text(), \"OK\")]"}
COMMAND: POST /session/799be37928140a71a03c3bbe373ba355/element/f.19D3A8A536C023AFD4E776B255E62FBE.d.0096A8C842C99E3E50AB7214B8B6B242.e.19806/click - {}
RESULT: {}
COMMAND: GET /session/799be37928140a71a03c3bbe373ba355/screenshot - {}
RESULT: {}
COMMAND: POST /session/799be37928140a71a03c3bbe373ba355/execute/async - {"script":"<script> [1562 bytes]","args":[{"selector":{"id":"application-manageresources-display-component---newResourceUnit--newRRUPage-anchBar-application-manageresources-display-component---newResourceUnit--resource-anchor","interaction":{"idSuffix":"BDI-content"}},"wdio_ui5_key":"applicationmanageresources-display-component---newResourceUnit--newRRUPage-anchBar-application-manageresources-display-component---newResourceUnit--resource-anchor"}]}
RESULT: {"script":"<script> [1562 bytes]","args":[{"selector":{"id":"application-manageresources-display-component---newResourceUnit--newRRUPage-anchBar-application-manageresources-display-component---newResourceUnit--resource-anchor","interaction":{"idSuffix":"BDI-content"}},"wdio_ui5_key":"applicationmanageresources-display-component---newResourceUnit--newRRUPage-anchBar-application-manageresources-display-component---newResourceUnit--resource-anchor"}]}
RESULT: undefined
COMMAND: POST /session/799be37928140a71a03c3bbe373ba355/element - {"using":"xpath","value":"//*[@id=\"application-manageresources-display-component---newResourceUnit--newRRUPage-anchBar-application-manageresources-display-component---newResourceUnit--resource-anchor\"]"}
RESULT: {"using":"xpath","value":"//*[@id=\"application-manageresources-display-component---newResourceUnit--newRRUPage-anchBar-application-manageresources-display-component---newResourceUnit--resource-anchor\"]"}
COMMAND: POST /session/799be37928140a71a03c3bbe373ba355/element/f.19D3A8A536C023AFD4E776B255E62FBE.d.0096A8C842C99E3E50AB7214B8B6B242.e.19810/click - {}
RESULT: {}
COMMAND: POST /session/799be37928140a71a03c3bbe373ba355/execute/async - {"script":"<script> [1562 bytes]","args":[{"selector":{"id":"application-manageresources-display-component---newResourceUnit--PLANNED_DELIVERY_DATE","interaction":{"idSuffix":"inner"}},"wdio_ui5_key":"applicationmanageresources-display-component---newResourceUnit--PLANNED_DELIVERY_DATE"}]}
COMMAND: GET /session/799be37928140a71a03c3bbe373ba355/screenshot - {}
RESULT: {"script":"<script> [1562 bytes]","args":[{"selector":{"id":"application-manageresources-display-component---newResourceUnit--PLANNED_DELIVERY_DATE","interaction":{"idSuffix":"inner"}},"wdio_ui5_key":"applicationmanageresources-display-component---newResourceUnit--PLANNED_DELIVERY_DATE"}]}
RESULT: undefined
COMMAND: POST /session/799be37928140a71a03c3bbe373ba355/execute/async - {"script":"<script> [6424 bytes]","args":[{"element-6066-11e4-a52e-4f735466cecf":"f.19D3A8A536C023AFD4E776B255E62FBE.d.0096A8C842C99E3E50AB7214B8B6B242.e.19670"},"setValue",["4/19/25"]]}
RESULT: {}
RESULT: {"script":"<script> [6424 bytes]","args":[{"element-6066-11e4-a52e-4f735466cecf":"f.19D3A8A536C023AFD4E776B255E62FBE.d.0096A8C842C99E3E50AB7214B8B6B242.e.19670"},"setValue",["4/19/25"]]}
COMMAND: POST /session/799be37928140a71a03c3bbe373ba355/element - {"using":"xpath","value":"//button[@data-kt=\"resourceUnitSaveButton\"]"}
RESULT: {"using":"xpath","value":"//button[@data-kt=\"resourceUnitSaveButton\"]"}
COMMAND: POST /session/799be37928140a71a03c3bbe373ba355/element/f.19D3A8A536C023AFD4E776B255E62FBE.d.0096A8C842C99E3E50AB7214B8B6B242.e.19630/click - {}
RESULT: {}
COMMAND: GET /session/799be37928140a71a03c3bbe373ba355/screenshot - {}
RESULT: {}
COMMAND: POST /session/799be37928140a71a03c3bbe373ba355/element - {"using":"xpath","value":"//bdi[contains(text(), \"Close\")]"}
RESULT: {"using":"xpath","value":"//bdi[contains(text(), \"Close\")]"}
COMMAND: POST /session/799be37928140a71a03c3bbe373ba355/element/f.19D3A8A536C023AFD4E776B255E62FBE.d.0096A8C842C99E3E50AB7214B8B6B242.e.19820/click - {}
RESULT: {}
COMMAND: GET /session/799be37928140a71a03c3bbe373ba355/screenshot - {}
RESULT: {}
COMMAND: POST /session/799be37928140a71a03c3bbe373ba355/element - {"using":"xpath","value":"(//button[contains(@id ,\"actionsToolbar-overflowButton\")])[1]"}
RESULT: {"using":"xpath","value":"(//button[contains(@id ,\"actionsToolbar-overflowButton\")])[1]"}
COMMAND: POST /session/799be37928140a71a03c3bbe373ba355/element/f.19D3A8A536C023AFD4E776B255E62FBE.d.0096A8C842C99E3E50AB7214B8B6B242.e.19873/click - {}
RESULT: {}
COMMAND: GET /session/799be37928140a71a03c3bbe373ba355/screenshot - {}
RESULT: {}
COMMAND: POST /session/799be37928140a71a03c3bbe373ba355/element - {"using":"xpath","value":"//button[@data-kt=\"priceInfoButton\"]"}
RESULT: {"using":"xpath","value":"//button[@data-kt=\"priceInfoButton\"]"}
COMMAND: POST /session/799be37928140a71a03c3bbe373ba355/element/f.19D3A8A536C023AFD4E776B255E62FBE.d.0096A8C842C99E3E50AB7214B8B6B242.e.19875/click - {}
RESULT: {}
COMMAND: GET /session/799be37928140a71a03c3bbe373ba355/screenshot - {}
]]></system-out>
    </testcase>
    <testcase classname="chrome.135_0_7049_42.windows.Billing_Calculation_-_Time_based_(considering_transport_times)_US139738" name="Should create new pricing rule for 1st equipment" time="53.459">
      <system-out><![CDATA[
COMMAND: POST /session/799be37928140a71a03c3bbe373ba355/element - {"using":"xpath","value":"//button[@data-kt=\"addButton\"]"}
RESULT: {}
RESULT: {"using":"xpath","value":"//button[@data-kt=\"addButton\"]"}
COMMAND: POST /session/799be37928140a71a03c3bbe373ba355/elements - {"using":"xpath","value":"//button[@data-kt=\"addButton\"]"}
RESULT: {"using":"xpath","value":"//button[@data-kt=\"addButton\"]"}
COMMAND: POST /session/799be37928140a71a03c3bbe373ba355/elements - {"using":"xpath","value":"//button[@data-kt=\"addButton\"]"}
RESULT: {"using":"xpath","value":"//button[@data-kt=\"addButton\"]"}
COMMAND: POST /session/799be37928140a71a03c3bbe373ba355/elements - {"using":"xpath","value":"//button[@data-kt=\"addButton\"]"}
RESULT: {"using":"xpath","value":"//button[@data-kt=\"addButton\"]"}
COMMAND: POST /session/799be37928140a71a03c3bbe373ba355/elements - {"using":"xpath","value":"//button[@data-kt=\"addButton\"]"}
RESULT: {"using":"xpath","value":"//button[@data-kt=\"addButton\"]"}
COMMAND: POST /session/799be37928140a71a03c3bbe373ba355/element - {"using":"xpath","value":"//button[@data-kt=\"addButton\"]"}
RESULT: {"using":"xpath","value":"//button[@data-kt=\"addButton\"]"}
COMMAND: POST /session/799be37928140a71a03c3bbe373ba355/execute/sync - {"script":"<script> [8489 bytes]","args":[{"element-6066-11e4-a52e-4f735466cecf":"f.19D3A8A536C023AFD4E776B255E62FBE.d.0096A8C842C99E3E50AB7214B8B6B242.e.19912","ELEMENT":"f.19D3A8A536C023AFD4E776B255E62FBE.d.0096A8C842C99E3E50AB7214B8B6B242.e.19912"}]}
RESULT: {"script":"<script> [8489 bytes]","args":[{"element-6066-11e4-a52e-4f735466cecf":"f.19D3A8A536C023AFD4E776B255E62FBE.d.0096A8C842C99E3E50AB7214B8B6B242.e.19912","ELEMENT":"f.19D3A8A536C023AFD4E776B255E62FBE.d.0096A8C842C99E3E50AB7214B8B6B242.e.19912"}]}
COMMAND: GET /session/799be37928140a71a03c3bbe373ba355/element/f.19D3A8A536C023AFD4E776B255E62FBE.d.0096A8C842C99E3E50AB7214B8B6B242.e.19912/enabled - {}
COMMAND: GET /session/799be37928140a71a03c3bbe373ba355/screenshot - {}
RESULT: {}
COMMAND: POST /session/799be37928140a71a03c3bbe373ba355/execute/sync - {"script":"<script> [8489 bytes]","args":[{"element-6066-11e4-a52e-4f735466cecf":"f.19D3A8A536C023AFD4E776B255E62FBE.d.0096A8C842C99E3E50AB7214B8B6B242.e.19912","ELEMENT":"f.19D3A8A536C023AFD4E776B255E62FBE.d.0096A8C842C99E3E50AB7214B8B6B242.e.19912"}]}
COMMAND: GET /session/799be37928140a71a03c3bbe373ba355/screenshot - {}
RESULT: {}
RESULT: {"script":"<script> [8489 bytes]","args":[{"element-6066-11e4-a52e-4f735466cecf":"f.19D3A8A536C023AFD4E776B255E62FBE.d.0096A8C842C99E3E50AB7214B8B6B242.e.19912","ELEMENT":"f.19D3A8A536C023AFD4E776B255E62FBE.d.0096A8C842C99E3E50AB7214B8B6B242.e.19912"}]}
COMMAND: POST /session/799be37928140a71a03c3bbe373ba355/execute/sync - {"script":"<script> [5351 bytes]","args":[{"element-6066-11e4-a52e-4f735466cecf":"f.19D3A8A536C023AFD4E776B255E62FBE.d.0096A8C842C99E3E50AB7214B8B6B242.e.19912","ELEMENT":"f.19D3A8A536C023AFD4E776B255E62FBE.d.0096A8C842C99E3E50AB7214B8B6B242.e.19912"}]}
COMMAND: GET /session/799be37928140a71a03c3bbe373ba355/screenshot - {}
RESULT: {}
RESULT: {"script":"<script> [5351 bytes]","args":[{"element-6066-11e4-a52e-4f735466cecf":"f.19D3A8A536C023AFD4E776B255E62FBE.d.0096A8C842C99E3E50AB7214B8B6B242.e.19912","ELEMENT":"f.19D3A8A536C023AFD4E776B255E62FBE.d.0096A8C842C99E3E50AB7214B8B6B242.e.19912"}]}
COMMAND: POST /session/799be37928140a71a03c3bbe373ba355/element/f.19D3A8A536C023AFD4E776B255E62FBE.d.0096A8C842C99E3E50AB7214B8B6B242.e.19912/click - {}
COMMAND: GET /session/799be37928140a71a03c3bbe373ba355/screenshot - {}
RESULT: {}
RESULT: {}
COMMAND: GET /session/799be37928140a71a03c3bbe373ba355/screenshot - {}
RESULT: {}
RESULT: {}
COMMAND: POST /session/799be37928140a71a03c3bbe373ba355/execute/async - {"script":"<script> [1562 bytes]","args":[{"selector":{"controlType":"sap.m.Title","viewName":"etm.portal.ui.managepricingrules.view.NewItem","viewId":"application-managepricingrules-display-component---newInfoPriceItem","properties":{"text":"New Pricing Rules - Item Level"}},"wdio_ui5_key":"etmportal.ui.managepricingrules.view.NewItemsap.m.Title{\"text\":\"New Pricing Rules - Item Level\"}"}]}
RESULT: {"script":"<script> [1562 bytes]","args":[{"selector":{"controlType":"sap.m.Title","viewName":"etm.portal.ui.managepricingrules.view.NewItem","viewId":"application-managepricingrules-display-component---newInfoPriceItem","properties":{"text":"New Pricing Rules - Item Level"}},"wdio_ui5_key":"etmportal.ui.managepricingrules.view.NewItemsap.m.Title{\"text\":\"New Pricing Rules - Item Level\"}"}]}
RESULT: undefined
COMMAND: POST /session/799be37928140a71a03c3bbe373ba355/execute/async - {"script":"<script> [6424 bytes]","args":[{"element-6066-11e4-a52e-4f735466cecf":"f.19D3A8A536C023AFD4E776B255E62FBE.d.0096A8C842C99E3E50AB7214B8B6B242.e.20084"},"getText",[]]}
RESULT: {"script":"<script> [6424 bytes]","args":[{"element-6066-11e4-a52e-4f735466cecf":"f.19D3A8A536C023AFD4E776B255E62FBE.d.0096A8C842C99E3E50AB7214B8B6B242.e.20084"},"getText",[]]}
COMMAND: POST /session/799be37928140a71a03c3bbe373ba355/execute/async - {"script":"<script> [1562 bytes]","args":[{"selector":{"id":"application-managepricingrules-display-component---newInfoPriceItem--condValidTo","interaction":{"idSuffix":"inner"}},"wdio_ui5_key":"applicationmanagepricingrules-display-component---newInfoPriceItem--condValidTo"}]}
RESULT: {"script":"<script> [1562 bytes]","args":[{"selector":{"id":"application-managepricingrules-display-component---newInfoPriceItem--condValidTo","interaction":{"idSuffix":"inner"}},"wdio_ui5_key":"applicationmanagepricingrules-display-component---newInfoPriceItem--condValidTo"}]}
RESULT: undefined
COMMAND: POST /session/799be37928140a71a03c3bbe373ba355/execute/async - {"script":"<script> [776 bytes]","args":[{"enterText":"12/19/25","selector":{"id":"application-managepricingrules-display-component---newInfoPriceItem--condValidTo","interaction":{"idSuffix":"inner"}},"clearTextFirst":true,"interactionType":"ENTER_TEXT"}]}
RESULT: {"script":"<script> [776 bytes]","args":[{"enterText":"12/19/25","selector":{"id":"application-managepricingrules-display-component---newInfoPriceItem--condValidTo","interaction":{"idSuffix":"inner"}},"clearTextFirst":true,"interactionType":"ENTER_TEXT"}]}
COMMAND: POST /session/799be37928140a71a03c3bbe373ba355/execute/async - {"script":"<script> [1562 bytes]","args":[{"selector":{"id":"application-managepricingrules-display-component---newInfoPriceItem--billType-arrow"},"wdio_ui5_key":"applicationmanagepricingrules-display-component---newInfoPriceItem--billType-arrow"}]}
RESULT: {"script":"<script> [1562 bytes]","args":[{"selector":{"id":"application-managepricingrules-display-component---newInfoPriceItem--billType-arrow"},"wdio_ui5_key":"applicationmanagepricingrules-display-component---newInfoPriceItem--billType-arrow"}]}
RESULT: undefined
COMMAND: POST /session/799be37928140a71a03c3bbe373ba355/element - {"using":"xpath","value":"//*[@id=\"application-managepricingrules-display-component---newInfoPriceItem--billType-arrow\"]"}
RESULT: {"using":"xpath","value":"//*[@id=\"application-managepricingrules-display-component---newInfoPriceItem--billType-arrow\"]"}
COMMAND: POST /session/799be37928140a71a03c3bbe373ba355/element/f.19D3A8A536C023AFD4E776B255E62FBE.d.0096A8C842C99E3E50AB7214B8B6B242.e.20043/click - {}
RESULT: {}
COMMAND: POST /session/799be37928140a71a03c3bbe373ba355/element - {"using":"xpath","value":"//span[contains(text(), \"TB - Time based\")]"}
COMMAND: GET /session/799be37928140a71a03c3bbe373ba355/screenshot - {}
RESULT: {"using":"xpath","value":"//span[contains(text(), \"TB - Time based\")]"}
COMMAND: POST /session/799be37928140a71a03c3bbe373ba355/element/f.19D3A8A536C023AFD4E776B255E62FBE.d.0096A8C842C99E3E50AB7214B8B6B242.e.20086/click - {}
RESULT: {}
RESULT: {}
COMMAND: POST /session/799be37928140a71a03c3bbe373ba355/execute/async - {"script":"<script> [1562 bytes]","args":[{"selector":{"id":"application-managepricingrules-display-component---newInfoPriceItem--priceProc-arrow"},"wdio_ui5_key":"applicationmanagepricingrules-display-component---newInfoPriceItem--priceProc-arrow"}]}
COMMAND: GET /session/799be37928140a71a03c3bbe373ba355/screenshot - {}
RESULT: {"script":"<script> [1562 bytes]","args":[{"selector":{"id":"application-managepricingrules-display-component---newInfoPriceItem--priceProc-arrow"},"wdio_ui5_key":"applicationmanagepricingrules-display-component---newInfoPriceItem--priceProc-arrow"}]}
RESULT: undefined
COMMAND: POST /session/799be37928140a71a03c3bbe373ba355/element - {"using":"xpath","value":"//*[@id=\"application-managepricingrules-display-component---newInfoPriceItem--priceProc-arrow\"]"}
RESULT: {}
RESULT: {"using":"xpath","value":"//*[@id=\"application-managepricingrules-display-component---newInfoPriceItem--priceProc-arrow\"]"}
COMMAND: POST /session/799be37928140a71a03c3bbe373ba355/element/f.19D3A8A536C023AFD4E776B255E62FBE.d.0096A8C842C99E3E50AB7214B8B6B242.e.20050/click - {}
RESULT: {}
COMMAND: POST /session/799be37928140a71a03c3bbe373ba355/element - {"using":"xpath","value":"//span[contains(text(), \"TBS - Time based standard\")]"}
COMMAND: GET /session/799be37928140a71a03c3bbe373ba355/screenshot - {}
RESULT: {"using":"xpath","value":"//span[contains(text(), \"TBS - Time based standard\")]"}
COMMAND: POST /session/799be37928140a71a03c3bbe373ba355/element/f.19D3A8A536C023AFD4E776B255E62FBE.d.0096A8C842C99E3E50AB7214B8B6B242.e.20087/click - {}
RESULT: {}
RESULT: {}
COMMAND: POST /session/799be37928140a71a03c3bbe373ba355/execute/async - {"script":"<script> [1562 bytes]","args":[{"selector":{"id":"application-managepricingrules-display-component---newInfoPriceItem--calcBase-arrow"},"wdio_ui5_key":"applicationmanagepricingrules-display-component---newInfoPriceItem--calcBase-arrow"}]}
COMMAND: GET /session/799be37928140a71a03c3bbe373ba355/screenshot - {}
RESULT: {"script":"<script> [1562 bytes]","args":[{"selector":{"id":"application-managepricingrules-display-component---newInfoPriceItem--calcBase-arrow"},"wdio_ui5_key":"applicationmanagepricingrules-display-component---newInfoPriceItem--calcBase-arrow"}]}
RESULT: undefined
COMMAND: POST /session/799be37928140a71a03c3bbe373ba355/element - {"using":"xpath","value":"//*[@id=\"application-managepricingrules-display-component---newInfoPriceItem--calcBase-arrow\"]"}
RESULT: {}
RESULT: {"using":"xpath","value":"//*[@id=\"application-managepricingrules-display-component---newInfoPriceItem--calcBase-arrow\"]"}
COMMAND: POST /session/799be37928140a71a03c3bbe373ba355/element/f.19D3A8A536C023AFD4E776B255E62FBE.d.0096A8C842C99E3E50AB7214B8B6B242.e.20057/click - {}
RESULT: {}
COMMAND: GET /session/799be37928140a71a03c3bbe373ba355/screenshot - {}
RESULT: {}
COMMAND: POST /session/799be37928140a71a03c3bbe373ba355/element - {"using":"xpath","value":"//span[contains(text(), \"0006 - TB(calendar days)\")]"}
RESULT: {"using":"xpath","value":"//span[contains(text(), \"0006 - TB(calendar days)\")]"}
COMMAND: POST /session/799be37928140a71a03c3bbe373ba355/element/f.19D3A8A536C023AFD4E776B255E62FBE.d.0096A8C842C99E3E50AB7214B8B6B242.e.20088/click - {}
RESULT: {}
COMMAND: GET /session/799be37928140a71a03c3bbe373ba355/screenshot - {}
RESULT: {}
COMMAND: POST /session/799be37928140a71a03c3bbe373ba355/execute/async - {"script":"<script> [1562 bytes]","args":[{"selector":{"id":"application-managepricingrules-display-component---newInfoPriceItem--daysMonth","interaction":{"idSuffix":"inner"}},"wdio_ui5_key":"applicationmanagepricingrules-display-component---newInfoPriceItem--daysMonth"}]}
RESULT: {"script":"<script> [1562 bytes]","args":[{"selector":{"id":"application-managepricingrules-display-component---newInfoPriceItem--daysMonth","interaction":{"idSuffix":"inner"}},"wdio_ui5_key":"applicationmanagepricingrules-display-component---newInfoPriceItem--daysMonth"}]}
RESULT: undefined
COMMAND: POST /session/799be37928140a71a03c3bbe373ba355/execute/async - {"script":"<script> [776 bytes]","args":[{"enterText":"30","selector":{"id":"application-managepricingrules-display-component---newInfoPriceItem--daysMonth","interaction":{"idSuffix":"inner"}},"clearTextFirst":true,"interactionType":"ENTER_TEXT"}]}
RESULT: {"script":"<script> [776 bytes]","args":[{"enterText":"30","selector":{"id":"application-managepricingrules-display-component---newInfoPriceItem--daysMonth","interaction":{"idSuffix":"inner"}},"clearTextFirst":true,"interactionType":"ENTER_TEXT"}]}
COMMAND: POST /session/799be37928140a71a03c3bbe373ba355/element - {"using":"xpath","value":"//button[@data-kt=\"saveNewRuleButton\"]"}
RESULT: {"using":"xpath","value":"//button[@data-kt=\"saveNewRuleButton\"]"}
COMMAND: POST /session/799be37928140a71a03c3bbe373ba355/element/f.19D3A8A536C023AFD4E776B255E62FBE.d.0096A8C842C99E3E50AB7214B8B6B242.e.20077/click - {}
RESULT: {}
COMMAND: GET /session/799be37928140a71a03c3bbe373ba355/screenshot - {}
RESULT: {}
COMMAND: POST /session/799be37928140a71a03c3bbe373ba355/execute/async - {"script":"<script> [1562 bytes]","args":[{"selector":{"id":"application-managepricingrules-display-component---priceInfoItem--smartFilterBar-btnBasicSearch","interaction":{"idSuffix":"I"}},"wdio_ui5_key":"applicationmanagepricingrules-display-component---priceInfoItem--smartFilterBar-btnBasicSearch"}]}
RESULT: {"script":"<script> [1562 bytes]","args":[{"selector":{"id":"application-managepricingrules-display-component---priceInfoItem--smartFilterBar-btnBasicSearch","interaction":{"idSuffix":"I"}},"wdio_ui5_key":"applicationmanagepricingrules-display-component---priceInfoItem--smartFilterBar-btnBasicSearch"}]}
RESULT: undefined
COMMAND: POST /session/799be37928140a71a03c3bbe373ba355/execute/async - {"script":"<script> [776 bytes]","args":[{"enterText":"Iqzq9B6XvK","selector":{"id":"application-managepricingrules-display-component---priceInfoItem--smartFilterBar-btnBasicSearch","interaction":{"idSuffix":"I"}},"clearTextFirst":true,"interactionType":"ENTER_TEXT"}]}
RESULT: {"script":"<script> [776 bytes]","args":[{"enterText":"Iqzq9B6XvK","selector":{"id":"application-managepricingrules-display-component---priceInfoItem--smartFilterBar-btnBasicSearch","interaction":{"idSuffix":"I"}},"clearTextFirst":true,"interactionType":"ENTER_TEXT"}]}
COMMAND: POST /session/799be37928140a71a03c3bbe373ba355/actions - {"actions":[{"id":"action66","type":"key","parameters":{},"actions":[{"type":"keyDown","value":""},{"type":"pause","duration":10},{"type":"keyUp","value":""}]}]}
RESULT: {"actions":[{"id":"action66","type":"key","parameters":{},"actions":[{"type":"keyDown","value":""},{"type":"pause","duration":10},{"type":"keyUp","value":""}]}]}
COMMAND: GET /session/799be37928140a71a03c3bbe373ba355/screenshot - {}
RESULT: {}
COMMAND: POST /session/799be37928140a71a03c3bbe373ba355/element - {"using":"xpath","value":"//span[@id=\"application-managepricingrules-display-component---priceInfoItem--smartTable-header-inner\"]"}
RESULT: {"using":"xpath","value":"//span[@id=\"application-managepricingrules-display-component---priceInfoItem--smartTable-header-inner\"]"}
COMMAND: POST /session/799be37928140a71a03c3bbe373ba355/elements - {"using":"xpath","value":"//span[@id=\"application-managepricingrules-display-component---priceInfoItem--smartTable-header-inner\"]"}
RESULT: {"using":"xpath","value":"//span[@id=\"application-managepricingrules-display-component---priceInfoItem--smartTable-header-inner\"]"}
COMMAND: POST /session/799be37928140a71a03c3bbe373ba355/execute/sync - {"script":"<script> [56 bytes]","args":[{"element-6066-11e4-a52e-4f735466cecf":"f.19D3A8A536C023AFD4E776B255E62FBE.d.0096A8C842C99E3E50AB7214B8B6B242.e.20113","ELEMENT":"f.19D3A8A536C023AFD4E776B255E62FBE.d.0096A8C842C99E3E50AB7214B8B6B242.e.20113"}]}
RESULT: {"script":"<script> [56 bytes]","args":[{"element-6066-11e4-a52e-4f735466cecf":"f.19D3A8A536C023AFD4E776B255E62FBE.d.0096A8C842C99E3E50AB7214B8B6B242.e.20113","ELEMENT":"f.19D3A8A536C023AFD4E776B255E62FBE.d.0096A8C842C99E3E50AB7214B8B6B242.e.20113"}]}
COMMAND: POST /session/799be37928140a71a03c3bbe373ba355/element - {"using":"css selector","value":"#shell-header-logo"}
COMMAND: GET /session/799be37928140a71a03c3bbe373ba355/screenshot - {}
RESULT: {"using":"css selector","value":"#shell-header-logo"}
COMMAND: POST /session/799be37928140a71a03c3bbe373ba355/element/f.19D3A8A536C023AFD4E776B255E62FBE.d.0096A8C842C99E3E50AB7214B8B6B242.e.19214/click - {}
RESULT: {}
RESULT: {}
COMMAND: GET /session/799be37928140a71a03c3bbe373ba355/screenshot - {}
RESULT: {}
]]></system-out>
    </testcase>
    <testcase classname="chrome.135_0_7049_42.windows.Billing_Calculation_-_Time_based_(considering_transport_times)_US139738" name="Should create new pricing condition for 1st equipment" time="61.831">
      <system-out><![CDATA[
COMMAND: POST /session/799be37928140a71a03c3bbe373ba355/execute/async - {"script":"<script> [1562 bytes]","args":[{"selector":{"controlType":"sap.m.Text","properties":{"text":"Manage Conditions & Prices"},"interaction":{"idSuffix":"inner"}},"wdio_ui5_key":"sapm.Text{\"text\":\"Manage Conditions & Prices\"}"}]}
RESULT: {"script":"<script> [1562 bytes]","args":[{"selector":{"controlType":"sap.m.Text","properties":{"text":"Manage Conditions & Prices"},"interaction":{"idSuffix":"inner"}},"wdio_ui5_key":"sapm.Text{\"text\":\"Manage Conditions & Prices\"}"}]}
RESULT: undefined
COMMAND: POST /session/799be37928140a71a03c3bbe373ba355/element - {"using":"xpath","value":"//*[@id=\"__tile53-title\"]"}
RESULT: {"using":"xpath","value":"//*[@id=\"__tile53-title\"]"}
COMMAND: POST /session/799be37928140a71a03c3bbe373ba355/element/f.19D3A8A536C023AFD4E776B255E62FBE.d.0096A8C842C99E3E50AB7214B8B6B242.e.20116/click - {}
RESULT: {}
COMMAND: POST /session/799be37928140a71a03c3bbe373ba355/element - {"using":"xpath","value":"//button[@aria-label=\"Create\"]"}
COMMAND: GET /session/799be37928140a71a03c3bbe373ba355/screenshot - {}
RESULT: {"using":"xpath","value":"//button[@aria-label=\"Create\"]"}
COMMAND: POST /session/799be37928140a71a03c3bbe373ba355/elements - {"using":"xpath","value":"//button[@aria-label=\"Create\"]"}
RESULT: {}
RESULT: {"using":"xpath","value":"//button[@aria-label=\"Create\"]"}
COMMAND: POST /session/799be37928140a71a03c3bbe373ba355/elements - {"using":"xpath","value":"//button[@aria-label=\"Create\"]"}
RESULT: {"using":"xpath","value":"//button[@aria-label=\"Create\"]"}
COMMAND: POST /session/799be37928140a71a03c3bbe373ba355/elements - {"using":"xpath","value":"//button[@aria-label=\"Create\"]"}
RESULT: {"using":"xpath","value":"//button[@aria-label=\"Create\"]"}
COMMAND: POST /session/799be37928140a71a03c3bbe373ba355/elements - {"using":"xpath","value":"//button[@aria-label=\"Create\"]"}
RESULT: {"using":"xpath","value":"//button[@aria-label=\"Create\"]"}
COMMAND: POST /session/799be37928140a71a03c3bbe373ba355/elements - {"using":"xpath","value":"//button[@aria-label=\"Create\"]"}
RESULT: {"using":"xpath","value":"//button[@aria-label=\"Create\"]"}
COMMAND: POST /session/799be37928140a71a03c3bbe373ba355/elements - {"using":"xpath","value":"//button[@aria-label=\"Create\"]"}
RESULT: {"using":"xpath","value":"//button[@aria-label=\"Create\"]"}
COMMAND: POST /session/799be37928140a71a03c3bbe373ba355/elements - {"using":"xpath","value":"//button[@aria-label=\"Create\"]"}
RESULT: {"using":"xpath","value":"//button[@aria-label=\"Create\"]"}
COMMAND: POST /session/799be37928140a71a03c3bbe373ba355/elements - {"using":"xpath","value":"//button[@aria-label=\"Create\"]"}
RESULT: {"using":"xpath","value":"//button[@aria-label=\"Create\"]"}
COMMAND: POST /session/799be37928140a71a03c3bbe373ba355/elements - {"using":"xpath","value":"//button[@aria-label=\"Create\"]"}
RESULT: {"using":"xpath","value":"//button[@aria-label=\"Create\"]"}
COMMAND: POST /session/799be37928140a71a03c3bbe373ba355/elements - {"using":"xpath","value":"//button[@aria-label=\"Create\"]"}
RESULT: {"using":"xpath","value":"//button[@aria-label=\"Create\"]"}
COMMAND: POST /session/799be37928140a71a03c3bbe373ba355/elements - {"using":"xpath","value":"//button[@aria-label=\"Create\"]"}
RESULT: {"using":"xpath","value":"//button[@aria-label=\"Create\"]"}
COMMAND: POST /session/799be37928140a71a03c3bbe373ba355/elements - {"using":"xpath","value":"//button[@aria-label=\"Create\"]"}
RESULT: {"using":"xpath","value":"//button[@aria-label=\"Create\"]"}
COMMAND: POST /session/799be37928140a71a03c3bbe373ba355/elements - {"using":"xpath","value":"//button[@aria-label=\"Create\"]"}
RESULT: {"using":"xpath","value":"//button[@aria-label=\"Create\"]"}
COMMAND: POST /session/799be37928140a71a03c3bbe373ba355/element - {"using":"xpath","value":"//button[@aria-label=\"Create\"]"}
RESULT: {"using":"xpath","value":"//button[@aria-label=\"Create\"]"}
COMMAND: POST /session/799be37928140a71a03c3bbe373ba355/execute/sync - {"script":"<script> [8489 bytes]","args":[{"element-6066-11e4-a52e-4f735466cecf":"f.19D3A8A536C023AFD4E776B255E62FBE.d.0096A8C842C99E3E50AB7214B8B6B242.e.20150","ELEMENT":"f.19D3A8A536C023AFD4E776B255E62FBE.d.0096A8C842C99E3E50AB7214B8B6B242.e.20150"}]}
RESULT: {"script":"<script> [8489 bytes]","args":[{"element-6066-11e4-a52e-4f735466cecf":"f.19D3A8A536C023AFD4E776B255E62FBE.d.0096A8C842C99E3E50AB7214B8B6B242.e.20150","ELEMENT":"f.19D3A8A536C023AFD4E776B255E62FBE.d.0096A8C842C99E3E50AB7214B8B6B242.e.20150"}]}
COMMAND: GET /session/799be37928140a71a03c3bbe373ba355/element/f.19D3A8A536C023AFD4E776B255E62FBE.d.0096A8C842C99E3E50AB7214B8B6B242.e.20150/enabled - {}
COMMAND: GET /session/799be37928140a71a03c3bbe373ba355/screenshot - {}
RESULT: {}
COMMAND: POST /session/799be37928140a71a03c3bbe373ba355/execute/sync - {"script":"<script> [8489 bytes]","args":[{"element-6066-11e4-a52e-4f735466cecf":"f.19D3A8A536C023AFD4E776B255E62FBE.d.0096A8C842C99E3E50AB7214B8B6B242.e.20150","ELEMENT":"f.19D3A8A536C023AFD4E776B255E62FBE.d.0096A8C842C99E3E50AB7214B8B6B242.e.20150"}]}
COMMAND: GET /session/799be37928140a71a03c3bbe373ba355/screenshot - {}
RESULT: {}
RESULT: {"script":"<script> [8489 bytes]","args":[{"element-6066-11e4-a52e-4f735466cecf":"f.19D3A8A536C023AFD4E776B255E62FBE.d.0096A8C842C99E3E50AB7214B8B6B242.e.20150","ELEMENT":"f.19D3A8A536C023AFD4E776B255E62FBE.d.0096A8C842C99E3E50AB7214B8B6B242.e.20150"}]}
COMMAND: POST /session/799be37928140a71a03c3bbe373ba355/execute/sync - {"script":"<script> [5351 bytes]","args":[{"element-6066-11e4-a52e-4f735466cecf":"f.19D3A8A536C023AFD4E776B255E62FBE.d.0096A8C842C99E3E50AB7214B8B6B242.e.20150","ELEMENT":"f.19D3A8A536C023AFD4E776B255E62FBE.d.0096A8C842C99E3E50AB7214B8B6B242.e.20150"}]}
COMMAND: GET /session/799be37928140a71a03c3bbe373ba355/screenshot - {}
RESULT: {}
RESULT: {"script":"<script> [5351 bytes]","args":[{"element-6066-11e4-a52e-4f735466cecf":"f.19D3A8A536C023AFD4E776B255E62FBE.d.0096A8C842C99E3E50AB7214B8B6B242.e.20150","ELEMENT":"f.19D3A8A536C023AFD4E776B255E62FBE.d.0096A8C842C99E3E50AB7214B8B6B242.e.20150"}]}
COMMAND: POST /session/799be37928140a71a03c3bbe373ba355/element/f.19D3A8A536C023AFD4E776B255E62FBE.d.0096A8C842C99E3E50AB7214B8B6B242.e.20150/click - {}
COMMAND: GET /session/799be37928140a71a03c3bbe373ba355/screenshot - {}
RESULT: {}
RESULT: {}
COMMAND: GET /session/799be37928140a71a03c3bbe373ba355/screenshot - {}
RESULT: {}
RESULT: {}
COMMAND: POST /session/799be37928140a71a03c3bbe373ba355/actions - {"actions":[{"id":"action67","type":"key","parameters":{},"actions":[{"type":"keyDown","value":""},{"type":"pause","duration":10},{"type":"keyUp","value":""}]}]}
RESULT: {"actions":[{"id":"action67","type":"key","parameters":{},"actions":[{"type":"keyDown","value":""},{"type":"pause","duration":10},{"type":"keyUp","value":""}]}]}
COMMAND: GET /session/799be37928140a71a03c3bbe373ba355/screenshot - {}
RESULT: {}
COMMAND: POST /session/799be37928140a71a03c3bbe373ba355/execute/async - {"script":"<script> [1562 bytes]","args":[{"selector":{"id":"application-manageconditionprice-display-component---newCondition--condBillCond-arrow"},"wdio_ui5_key":"applicationmanageconditionprice-display-component---newCondition--condBillCond-arrow"}]}
RESULT: {"script":"<script> [1562 bytes]","args":[{"selector":{"id":"application-manageconditionprice-display-component---newCondition--condBillCond-arrow"},"wdio_ui5_key":"applicationmanageconditionprice-display-component---newCondition--condBillCond-arrow"}]}
RESULT: undefined
COMMAND: POST /session/799be37928140a71a03c3bbe373ba355/element - {"using":"xpath","value":"//*[@id=\"application-manageconditionprice-display-component---newCondition--condBillCond-arrow\"]"}
RESULT: {"using":"xpath","value":"//*[@id=\"application-manageconditionprice-display-component---newCondition--condBillCond-arrow\"]"}
COMMAND: POST /session/799be37928140a71a03c3bbe373ba355/element/f.19D3A8A536C023AFD4E776B255E62FBE.d.0096A8C842C99E3E50AB7214B8B6B242.e.20329/click - {}
RESULT: {}
COMMAND: GET /session/799be37928140a71a03c3bbe373ba355/screenshot - {}
RESULT: {}
COMMAND: POST /session/799be37928140a71a03c3bbe373ba355/element - {"using":"xpath","value":"//li[.//span[contains(text(), \"DISP - D&I special price\")]]"}
RESULT: {"using":"xpath","value":"//li[.//span[contains(text(), \"DISP - D&I special price\")]]"}
COMMAND: POST /session/799be37928140a71a03c3bbe373ba355/element/f.19D3A8A536C023AFD4E776B255E62FBE.d.0096A8C842C99E3E50AB7214B8B6B242.e.20333/click - {}
RESULT: {}
COMMAND: GET /session/799be37928140a71a03c3bbe373ba355/screenshot - {}
RESULT: {}
COMMAND: POST /session/799be37928140a71a03c3bbe373ba355/execute/async - {"script":"<script> [1562 bytes]","args":[{"selector":{"id":"application-manageconditionprice-display-component---newCondition--condValidTo","interaction":{"idSuffix":"inner"}},"wdio_ui5_key":"applicationmanageconditionprice-display-component---newCondition--condValidTo"}]}
RESULT: {"script":"<script> [1562 bytes]","args":[{"selector":{"id":"application-manageconditionprice-display-component---newCondition--condValidTo","interaction":{"idSuffix":"inner"}},"wdio_ui5_key":"applicationmanageconditionprice-display-component---newCondition--condValidTo"}]}
RESULT: undefined
COMMAND: POST /session/799be37928140a71a03c3bbe373ba355/execute/async - {"script":"<script> [776 bytes]","args":[{"enterText":"12/19/25","selector":{"id":"application-manageconditionprice-display-component---newCondition--condValidTo","interaction":{"idSuffix":"inner"}},"clearTextFirst":true,"interactionType":"ENTER_TEXT"}]}
RESULT: {"script":"<script> [776 bytes]","args":[{"enterText":"12/19/25","selector":{"id":"application-manageconditionprice-display-component---newCondition--condValidTo","interaction":{"idSuffix":"inner"}},"clearTextFirst":true,"interactionType":"ENTER_TEXT"}]}
COMMAND: POST /session/799be37928140a71a03c3bbe373ba355/element - {"using":"xpath","value":"//input[@id=\"application-manageconditionprice-display-component---newCondition--condRU-inner\"]"}
RESULT: {"using":"xpath","value":"//input[@id=\"application-manageconditionprice-display-component---newCondition--condRU-inner\"]"}
COMMAND: POST /session/799be37928140a71a03c3bbe373ba355/element/f.19D3A8A536C023AFD4E776B255E62FBE.d.0096A8C842C99E3E50AB7214B8B6B242.e.20166/clear - {}
RESULT: {}
COMMAND: POST /session/799be37928140a71a03c3bbe373ba355/element/f.19D3A8A536C023AFD4E776B255E62FBE.d.0096A8C842C99E3E50AB7214B8B6B242.e.20166/value - {"text":"Iqzq9B6XvK"}
COMMAND: GET /session/799be37928140a71a03c3bbe373ba355/screenshot - {}
RESULT: {"text":"Iqzq9B6XvK"}
COMMAND: GET /session/799be37928140a71a03c3bbe373ba355/screenshot - {}
RESULT: {}
RESULT: {}
COMMAND: POST /session/799be37928140a71a03c3bbe373ba355/actions - {"actions":[{"id":"action68","type":"key","parameters":{},"actions":[{"type":"keyDown","value":""},{"type":"pause","duration":10},{"type":"keyUp","value":""}]}]}
RESULT: {"actions":[{"id":"action68","type":"key","parameters":{},"actions":[{"type":"keyDown","value":""},{"type":"pause","duration":10},{"type":"keyUp","value":""}]}]}
COMMAND: POST /session/799be37928140a71a03c3bbe373ba355/execute/async - {"script":"<script> [1562 bytes]","args":[{"selector":{"id":"application-manageconditionprice-display-component---newCondition--condBaseQty","interaction":{"idSuffix":"inner"}},"wdio_ui5_key":"applicationmanageconditionprice-display-component---newCondition--condBaseQty"}]}
COMMAND: GET /session/799be37928140a71a03c3bbe373ba355/screenshot - {}
RESULT: {"script":"<script> [1562 bytes]","args":[{"selector":{"id":"application-manageconditionprice-display-component---newCondition--condBaseQty","interaction":{"idSuffix":"inner"}},"wdio_ui5_key":"applicationmanageconditionprice-display-component---newCondition--condBaseQty"}]}
RESULT: undefined
COMMAND: POST /session/799be37928140a71a03c3bbe373ba355/execute/async - {"script":"<script> [776 bytes]","args":[{"enterText":"1","selector":{"id":"application-manageconditionprice-display-component---newCondition--condBaseQty","interaction":{"idSuffix":"inner"}},"clearTextFirst":true,"interactionType":"ENTER_TEXT"}]}
RESULT: {}
RESULT: {"script":"<script> [776 bytes]","args":[{"enterText":"1","selector":{"id":"application-manageconditionprice-display-component---newCondition--condBaseQty","interaction":{"idSuffix":"inner"}},"clearTextFirst":true,"interactionType":"ENTER_TEXT"}]}
COMMAND: POST /session/799be37928140a71a03c3bbe373ba355/execute/async - {"script":"<script> [1562 bytes]","args":[{"selector":{"id":"application-manageconditionprice-display-component---newCondition--condValue","interaction":{"idSuffix":"inner"}},"wdio_ui5_key":"applicationmanageconditionprice-display-component---newCondition--condValue"}]}
RESULT: {"script":"<script> [1562 bytes]","args":[{"selector":{"id":"application-manageconditionprice-display-component---newCondition--condValue","interaction":{"idSuffix":"inner"}},"wdio_ui5_key":"applicationmanageconditionprice-display-component---newCondition--condValue"}]}
RESULT: undefined
COMMAND: POST /session/799be37928140a71a03c3bbe373ba355/execute/async - {"script":"<script> [776 bytes]","args":[{"enterText":"100","selector":{"id":"application-manageconditionprice-display-component---newCondition--condValue","interaction":{"idSuffix":"inner"}},"clearTextFirst":true,"interactionType":"ENTER_TEXT"}]}
RESULT: {"script":"<script> [776 bytes]","args":[{"enterText":"100","selector":{"id":"application-manageconditionprice-display-component---newCondition--condValue","interaction":{"idSuffix":"inner"}},"clearTextFirst":true,"interactionType":"ENTER_TEXT"}]}
COMMAND: POST /session/799be37928140a71a03c3bbe373ba355/execute/async - {"script":"<script> [1562 bytes]","args":[{"selector":{"id":"application-manageconditionprice-display-component---newCondition--condCurr-arrow"},"wdio_ui5_key":"applicationmanageconditionprice-display-component---newCondition--condCurr-arrow"}]}
RESULT: {"script":"<script> [1562 bytes]","args":[{"selector":{"id":"application-manageconditionprice-display-component---newCondition--condCurr-arrow"},"wdio_ui5_key":"applicationmanageconditionprice-display-component---newCondition--condCurr-arrow"}]}
RESULT: undefined
COMMAND: POST /session/799be37928140a71a03c3bbe373ba355/element - {"using":"xpath","value":"//*[@id=\"application-manageconditionprice-display-component---newCondition--condCurr-arrow\"]"}
RESULT: {"using":"xpath","value":"//*[@id=\"application-manageconditionprice-display-component---newCondition--condCurr-arrow\"]"}
COMMAND: POST /session/799be37928140a71a03c3bbe373ba355/element/f.19D3A8A536C023AFD4E776B255E62FBE.d.0096A8C842C99E3E50AB7214B8B6B242.e.20305/click - {}
RESULT: {}
COMMAND: POST /session/799be37928140a71a03c3bbe373ba355/element - {"using":"xpath","value":"//span[contains(text(), \"Euro\")]"}
COMMAND: GET /session/799be37928140a71a03c3bbe373ba355/screenshot - {}
RESULT: {"using":"xpath","value":"//span[contains(text(), \"Euro\")]"}
COMMAND: POST /session/799be37928140a71a03c3bbe373ba355/element/f.19D3A8A536C023AFD4E776B255E62FBE.d.0096A8C842C99E3E50AB7214B8B6B242.e.20370/click - {}
RESULT: {}
RESULT: {}
COMMAND: POST /session/799be37928140a71a03c3bbe373ba355/element - {"using":"xpath","value":"//button[@data-kt=\"saveButton\"]"}
COMMAND: GET /session/799be37928140a71a03c3bbe373ba355/screenshot - {}
RESULT: {"using":"xpath","value":"//button[@data-kt=\"saveButton\"]"}
COMMAND: POST /session/799be37928140a71a03c3bbe373ba355/element/f.19D3A8A536C023AFD4E776B255E62FBE.d.0096A8C842C99E3E50AB7214B8B6B242.e.20306/click - {}
RESULT: {}
RESULT: {}
COMMAND: GET /session/799be37928140a71a03c3bbe373ba355/screenshot - {}
RESULT: {}
COMMAND: POST /session/799be37928140a71a03c3bbe373ba355/execute/async - {"script":"<script> [1562 bytes]","args":[{"selector":{"id":"application-manageconditionprice-display-component---conditions--smartFilterBar-btnBasicSearch","interaction":{"idSuffix":"I"}},"wdio_ui5_key":"applicationmanageconditionprice-display-component---conditions--smartFilterBar-btnBasicSearch"}]}
RESULT: {"script":"<script> [1562 bytes]","args":[{"selector":{"id":"application-manageconditionprice-display-component---conditions--smartFilterBar-btnBasicSearch","interaction":{"idSuffix":"I"}},"wdio_ui5_key":"applicationmanageconditionprice-display-component---conditions--smartFilterBar-btnBasicSearch"}]}
RESULT: undefined
COMMAND: POST /session/799be37928140a71a03c3bbe373ba355/execute/async - {"script":"<script> [776 bytes]","args":[{"enterText":"Iqzq9B6XvK","selector":{"id":"application-manageconditionprice-display-component---conditions--smartFilterBar-btnBasicSearch","interaction":{"idSuffix":"I"}},"clearTextFirst":true,"interactionType":"ENTER_TEXT"}]}
RESULT: {"script":"<script> [776 bytes]","args":[{"enterText":"Iqzq9B6XvK","selector":{"id":"application-manageconditionprice-display-component---conditions--smartFilterBar-btnBasicSearch","interaction":{"idSuffix":"I"}},"clearTextFirst":true,"interactionType":"ENTER_TEXT"}]}
COMMAND: POST /session/799be37928140a71a03c3bbe373ba355/actions - {"actions":[{"id":"action69","type":"key","parameters":{},"actions":[{"type":"keyDown","value":""},{"type":"pause","duration":10},{"type":"keyUp","value":""}]}]}
RESULT: {"actions":[{"id":"action69","type":"key","parameters":{},"actions":[{"type":"keyDown","value":""},{"type":"pause","duration":10},{"type":"keyUp","value":""}]}]}
COMMAND: GET /session/799be37928140a71a03c3bbe373ba355/screenshot - {}
RESULT: {}
COMMAND: POST /session/799be37928140a71a03c3bbe373ba355/execute/async - {"script":"<script> [1562 bytes]","args":[{"selector":{"id":"application-manageconditionprice-display-component---conditions--smartFilterBar-filterItemControl_BASIC-BILL_TYPES-vhi"},"wdio_ui5_key":"applicationmanageconditionprice-display-component---conditions--smartFilterBar-filterItemControl_BASIC-BILL_TYPES-vhi"}]}
RESULT: {"script":"<script> [1562 bytes]","args":[{"selector":{"id":"application-manageconditionprice-display-component---conditions--smartFilterBar-filterItemControl_BASIC-BILL_TYPES-vhi"},"wdio_ui5_key":"applicationmanageconditionprice-display-component---conditions--smartFilterBar-filterItemControl_BASIC-BILL_TYPES-vhi"}]}
RESULT: undefined
COMMAND: POST /session/799be37928140a71a03c3bbe373ba355/element - {"using":"xpath","value":"//*[@id=\"application-manageconditionprice-display-component---conditions--smartFilterBar-filterItemControl_BASIC-BILL_TYPES-vhi\"]"}
RESULT: {"using":"xpath","value":"//*[@id=\"application-manageconditionprice-display-component---conditions--smartFilterBar-filterItemControl_BASIC-BILL_TYPES-vhi\"]"}
COMMAND: POST /session/799be37928140a71a03c3bbe373ba355/element/f.19D3A8A536C023AFD4E776B255E62FBE.d.0096A8C842C99E3E50AB7214B8B6B242.e.20476/click - {}
RESULT: {}
COMMAND: POST /session/799be37928140a71a03c3bbe373ba355/execute/async - {"script":"<script> [1562 bytes]","args":[{"selector":{"id":"application-manageconditionprice-display-component---conditions--smartFilterBar-filterItemControl_BASIC-BILL_TYPES-valueHelpDialog-smartFilterBar-btnBasicSearch","searchOpenDialogs":true,"interaction":{"idSuffix":"I"}},"wdio_ui5_key":"applicationmanageconditionprice-display-component---conditions--smartFilterBar-filterItemControl_BASIC-BILL_TYPES-valueHelpDialog-smartFilterBar-btnBasicSearch"}]}
COMMAND: GET /session/799be37928140a71a03c3bbe373ba355/screenshot - {}
RESULT: {"script":"<script> [1562 bytes]","args":[{"selector":{"id":"application-manageconditionprice-display-component---conditions--smartFilterBar-filterItemControl_BASIC-BILL_TYPES-valueHelpDialog-smartFilterBar-btnBasicSearch","searchOpenDialogs":true,"interaction":{"idSuffix":"I"}},"wdio_ui5_key":"applicationmanageconditionprice-display-component---conditions--smartFilterBar-filterItemControl_BASIC-BILL_TYPES-valueHelpDialog-smartFilterBar-btnBasicSearch"}]}
RESULT: undefined
COMMAND: POST /session/799be37928140a71a03c3bbe373ba355/execute/async - {"script":"<script> [776 bytes]","args":[{"enterText":"TB","selector":{"id":"application-manageconditionprice-display-component---conditions--smartFilterBar-filterItemControl_BASIC-BILL_TYPES-valueHelpDialog-smartFilterBar-btnBasicSearch","searchOpenDialogs":true,"interaction":{"idSuffix":"I"}},"clearTextFirst":true,"interactionType":"ENTER_TEXT"}]}
RESULT: {}
RESULT: {"script":"<script> [776 bytes]","args":[{"enterText":"TB","selector":{"id":"application-manageconditionprice-display-component---conditions--smartFilterBar-filterItemControl_BASIC-BILL_TYPES-valueHelpDialog-smartFilterBar-btnBasicSearch","searchOpenDialogs":true,"interaction":{"idSuffix":"I"}},"clearTextFirst":true,"interactionType":"ENTER_TEXT"}]}
COMMAND: POST /session/799be37928140a71a03c3bbe373ba355/actions - {"actions":[{"id":"action70","type":"key","parameters":{},"actions":[{"type":"keyDown","value":""},{"type":"pause","duration":10},{"type":"keyUp","value":""}]}]}
RESULT: {"actions":[{"id":"action70","type":"key","parameters":{},"actions":[{"type":"keyDown","value":""},{"type":"pause","duration":10},{"type":"keyUp","value":""}]}]}
COMMAND: GET /session/799be37928140a71a03c3bbe373ba355/screenshot - {}
RESULT: {}
COMMAND: POST /session/799be37928140a71a03c3bbe373ba355/element - {"using":"xpath","value":"//div[contains(@id, 'application-manageconditionprice-display-component---conditions--smartFilterBar-filterItemControl_BASIC-BILL_TYPES-valueHelpDialog-table-rowsel0')]"}
RESULT: {"using":"xpath","value":"//div[contains(@id, 'application-manageconditionprice-display-component---conditions--smartFilterBar-filterItemControl_BASIC-BILL_TYPES-valueHelpDialog-table-rowsel0')]"}
COMMAND: POST /session/799be37928140a71a03c3bbe373ba355/element/f.19D3A8A536C023AFD4E776B255E62FBE.d.0096A8C842C99E3E50AB7214B8B6B242.e.20485/click - {}
RESULT: {}
COMMAND: GET /session/799be37928140a71a03c3bbe373ba355/screenshot - {}
RESULT: {}
COMMAND: POST /session/799be37928140a71a03c3bbe373ba355/element - {"using":"xpath","value":"//bdi[contains(text(), \"OK\")]"}
RESULT: {"using":"xpath","value":"//bdi[contains(text(), \"OK\")]"}
COMMAND: POST /session/799be37928140a71a03c3bbe373ba355/element/f.19D3A8A536C023AFD4E776B255E62FBE.d.0096A8C842C99E3E50AB7214B8B6B242.e.20487/click - {}
RESULT: {}
COMMAND: GET /session/799be37928140a71a03c3bbe373ba355/screenshot - {}
RESULT: {}
COMMAND: POST /session/799be37928140a71a03c3bbe373ba355/element - {"using":"xpath","value":"//span[@id=\"application-manageconditionprice-display-component---conditions--smartTable-header-inner\"]"}
RESULT: {"using":"xpath","value":"//span[@id=\"application-manageconditionprice-display-component---conditions--smartTable-header-inner\"]"}
COMMAND: POST /session/799be37928140a71a03c3bbe373ba355/elements - {"using":"xpath","value":"//span[@id=\"application-manageconditionprice-display-component---conditions--smartTable-header-inner\"]"}
RESULT: {"using":"xpath","value":"//span[@id=\"application-manageconditionprice-display-component---conditions--smartTable-header-inner\"]"}
COMMAND: POST /session/799be37928140a71a03c3bbe373ba355/execute/sync - {"script":"<script> [56 bytes]","args":[{"element-6066-11e4-a52e-4f735466cecf":"f.19D3A8A536C023AFD4E776B255E62FBE.d.0096A8C842C99E3E50AB7214B8B6B242.e.20490","ELEMENT":"f.19D3A8A536C023AFD4E776B255E62FBE.d.0096A8C842C99E3E50AB7214B8B6B242.e.20490"}]}
RESULT: {"script":"<script> [56 bytes]","args":[{"element-6066-11e4-a52e-4f735466cecf":"f.19D3A8A536C023AFD4E776B255E62FBE.d.0096A8C842C99E3E50AB7214B8B6B242.e.20490","ELEMENT":"f.19D3A8A536C023AFD4E776B255E62FBE.d.0096A8C842C99E3E50AB7214B8B6B242.e.20490"}]}
COMMAND: POST /session/799be37928140a71a03c3bbe373ba355/element - {"using":"css selector","value":"#shell-header-logo"}
COMMAND: GET /session/799be37928140a71a03c3bbe373ba355/screenshot - {}
RESULT: {"using":"css selector","value":"#shell-header-logo"}
COMMAND: POST /session/799be37928140a71a03c3bbe373ba355/element/f.19D3A8A536C023AFD4E776B255E62FBE.d.0096A8C842C99E3E50AB7214B8B6B242.e.20118/click - {}
RESULT: {}
RESULT: {}
COMMAND: GET /session/799be37928140a71a03c3bbe373ba355/screenshot - {}
RESULT: {}
]]></system-out>
    </testcase>
    <testcase classname="chrome.135_0_7049_42.windows.Billing_Calculation_-_Time_based_(considering_transport_times)_US139738" name="Should do a stock increase for both equipments" time="77.126">
      <system-out><![CDATA[
COMMAND: POST /session/799be37928140a71a03c3bbe373ba355/execute/async - {"script":"<script> [1562 bytes]","args":[{"selector":{"controlType":"sap.m.Text","viewName":"etm.portal.ui.managehandoverstile.view.Master","properties":{"text":"Manage Handovers"},"interaction":{"idSuffix":"inner"}},"wdio_ui5_key":"etmportal.ui.managehandoverstile.view.Mastersap.m.Text{\"text\":\"Manage Handovers\"}"}]}
RESULT: {"script":"<script> [1562 bytes]","args":[{"selector":{"controlType":"sap.m.Text","viewName":"etm.portal.ui.managehandoverstile.view.Master","properties":{"text":"Manage Handovers"},"interaction":{"idSuffix":"inner"}},"wdio_ui5_key":"etmportal.ui.managehandoverstile.view.Mastersap.m.Text{\"text\":\"Manage Handovers\"}"}]}
RESULT: undefined
COMMAND: POST /session/799be37928140a71a03c3bbe373ba355/element - {"using":"xpath","value":"//*[@id=\"__tile131-title\"]"}
RESULT: {"using":"xpath","value":"//*[@id=\"__tile131-title\"]"}
COMMAND: POST /session/799be37928140a71a03c3bbe373ba355/element/f.19D3A8A536C023AFD4E776B255E62FBE.d.0096A8C842C99E3E50AB7214B8B6B242.e.20495/click - {}
RESULT: {}
COMMAND: POST /session/799be37928140a71a03c3bbe373ba355/element - {"using":"xpath","value":"//button[@data-kt=\"masterHOAddButton\"]"}
COMMAND: GET /session/799be37928140a71a03c3bbe373ba355/screenshot - {}
RESULT: {"using":"xpath","value":"//button[@data-kt=\"masterHOAddButton\"]"}
COMMAND: POST /session/799be37928140a71a03c3bbe373ba355/elements - {"using":"xpath","value":"//button[@data-kt=\"masterHOAddButton\"]"}
RESULT: {}
RESULT: {"using":"xpath","value":"//button[@data-kt=\"masterHOAddButton\"]"}
COMMAND: POST /session/799be37928140a71a03c3bbe373ba355/elements - {"using":"xpath","value":"//button[@data-kt=\"masterHOAddButton\"]"}
RESULT: {"using":"xpath","value":"//button[@data-kt=\"masterHOAddButton\"]"}
COMMAND: POST /session/799be37928140a71a03c3bbe373ba355/elements - {"using":"xpath","value":"//button[@data-kt=\"masterHOAddButton\"]"}
RESULT: {"using":"xpath","value":"//button[@data-kt=\"masterHOAddButton\"]"}
COMMAND: POST /session/799be37928140a71a03c3bbe373ba355/elements - {"using":"xpath","value":"//button[@data-kt=\"masterHOAddButton\"]"}
RESULT: {"using":"xpath","value":"//button[@data-kt=\"masterHOAddButton\"]"}
COMMAND: POST /session/799be37928140a71a03c3bbe373ba355/elements - {"using":"xpath","value":"//button[@data-kt=\"masterHOAddButton\"]"}
RESULT: {"using":"xpath","value":"//button[@data-kt=\"masterHOAddButton\"]"}
COMMAND: POST /session/799be37928140a71a03c3bbe373ba355/elements - {"using":"xpath","value":"//button[@data-kt=\"masterHOAddButton\"]"}
RESULT: {"using":"xpath","value":"//button[@data-kt=\"masterHOAddButton\"]"}
COMMAND: POST /session/799be37928140a71a03c3bbe373ba355/elements - {"using":"xpath","value":"//button[@data-kt=\"masterHOAddButton\"]"}
RESULT: {"using":"xpath","value":"//button[@data-kt=\"masterHOAddButton\"]"}
COMMAND: POST /session/799be37928140a71a03c3bbe373ba355/elements - {"using":"xpath","value":"//button[@data-kt=\"masterHOAddButton\"]"}
RESULT: {"using":"xpath","value":"//button[@data-kt=\"masterHOAddButton\"]"}
COMMAND: POST /session/799be37928140a71a03c3bbe373ba355/elements - {"using":"xpath","value":"//button[@data-kt=\"masterHOAddButton\"]"}
RESULT: {"using":"xpath","value":"//button[@data-kt=\"masterHOAddButton\"]"}
COMMAND: POST /session/799be37928140a71a03c3bbe373ba355/elements - {"using":"xpath","value":"//button[@data-kt=\"masterHOAddButton\"]"}
RESULT: {"using":"xpath","value":"//button[@data-kt=\"masterHOAddButton\"]"}
COMMAND: POST /session/799be37928140a71a03c3bbe373ba355/elements - {"using":"xpath","value":"//button[@data-kt=\"masterHOAddButton\"]"}
RESULT: {"using":"xpath","value":"//button[@data-kt=\"masterHOAddButton\"]"}
COMMAND: POST /session/799be37928140a71a03c3bbe373ba355/elements - {"using":"xpath","value":"//button[@data-kt=\"masterHOAddButton\"]"}
RESULT: {"using":"xpath","value":"//button[@data-kt=\"masterHOAddButton\"]"}
COMMAND: POST /session/799be37928140a71a03c3bbe373ba355/element - {"using":"xpath","value":"//button[@data-kt=\"masterHOAddButton\"]"}
RESULT: {"using":"xpath","value":"//button[@data-kt=\"masterHOAddButton\"]"}
COMMAND: POST /session/799be37928140a71a03c3bbe373ba355/execute/sync - {"script":"<script> [8489 bytes]","args":[{"element-6066-11e4-a52e-4f735466cecf":"f.19D3A8A536C023AFD4E776B255E62FBE.d.0096A8C842C99E3E50AB7214B8B6B242.e.20521","ELEMENT":"f.19D3A8A536C023AFD4E776B255E62FBE.d.0096A8C842C99E3E50AB7214B8B6B242.e.20521"}]}
RESULT: {"script":"<script> [8489 bytes]","args":[{"element-6066-11e4-a52e-4f735466cecf":"f.19D3A8A536C023AFD4E776B255E62FBE.d.0096A8C842C99E3E50AB7214B8B6B242.e.20521","ELEMENT":"f.19D3A8A536C023AFD4E776B255E62FBE.d.0096A8C842C99E3E50AB7214B8B6B242.e.20521"}]}
COMMAND: GET /session/799be37928140a71a03c3bbe373ba355/element/f.19D3A8A536C023AFD4E776B255E62FBE.d.0096A8C842C99E3E50AB7214B8B6B242.e.20521/enabled - {}
COMMAND: GET /session/799be37928140a71a03c3bbe373ba355/screenshot - {}
RESULT: {}
COMMAND: POST /session/799be37928140a71a03c3bbe373ba355/execute/sync - {"script":"<script> [8489 bytes]","args":[{"element-6066-11e4-a52e-4f735466cecf":"f.19D3A8A536C023AFD4E776B255E62FBE.d.0096A8C842C99E3E50AB7214B8B6B242.e.20521","ELEMENT":"f.19D3A8A536C023AFD4E776B255E62FBE.d.0096A8C842C99E3E50AB7214B8B6B242.e.20521"}]}
COMMAND: GET /session/799be37928140a71a03c3bbe373ba355/screenshot - {}
RESULT: {}
RESULT: {"script":"<script> [8489 bytes]","args":[{"element-6066-11e4-a52e-4f735466cecf":"f.19D3A8A536C023AFD4E776B255E62FBE.d.0096A8C842C99E3E50AB7214B8B6B242.e.20521","ELEMENT":"f.19D3A8A536C023AFD4E776B255E62FBE.d.0096A8C842C99E3E50AB7214B8B6B242.e.20521"}]}
COMMAND: POST /session/799be37928140a71a03c3bbe373ba355/execute/sync - {"script":"<script> [5351 bytes]","args":[{"element-6066-11e4-a52e-4f735466cecf":"f.19D3A8A536C023AFD4E776B255E62FBE.d.0096A8C842C99E3E50AB7214B8B6B242.e.20521","ELEMENT":"f.19D3A8A536C023AFD4E776B255E62FBE.d.0096A8C842C99E3E50AB7214B8B6B242.e.20521"}]}
COMMAND: GET /session/799be37928140a71a03c3bbe373ba355/screenshot - {}
RESULT: {}
RESULT: {"script":"<script> [5351 bytes]","args":[{"element-6066-11e4-a52e-4f735466cecf":"f.19D3A8A536C023AFD4E776B255E62FBE.d.0096A8C842C99E3E50AB7214B8B6B242.e.20521","ELEMENT":"f.19D3A8A536C023AFD4E776B255E62FBE.d.0096A8C842C99E3E50AB7214B8B6B242.e.20521"}]}
COMMAND: POST /session/799be37928140a71a03c3bbe373ba355/element/f.19D3A8A536C023AFD4E776B255E62FBE.d.0096A8C842C99E3E50AB7214B8B6B242.e.20521/click - {}
COMMAND: GET /session/799be37928140a71a03c3bbe373ba355/screenshot - {}
RESULT: {}
RESULT: {}
COMMAND: GET /session/799be37928140a71a03c3bbe373ba355/screenshot - {}
RESULT: {}
RESULT: {}
COMMAND: POST /session/799be37928140a71a03c3bbe373ba355/element - {"using":"xpath","value":"//span[contains(@id ,\"AddNewHO--typeSelect-arrow\")]"}
RESULT: {"using":"xpath","value":"//span[contains(@id ,\"AddNewHO--typeSelect-arrow\")]"}
COMMAND: POST /session/799be37928140a71a03c3bbe373ba355/element/f.19D3A8A536C023AFD4E776B255E62FBE.d.0096A8C842C99E3E50AB7214B8B6B242.e.20865/click - {}
RESULT: {}
COMMAND: GET /session/799be37928140a71a03c3bbe373ba355/screenshot - {}
RESULT: {}
COMMAND: POST /session/799be37928140a71a03c3bbe373ba355/element - {"using":"xpath","value":"(//li[contains(text(), \"stock increase yard\")])[1]"}
RESULT: {"using":"xpath","value":"(//li[contains(text(), \"stock increase yard\")])[1]"}
COMMAND: POST /session/799be37928140a71a03c3bbe373ba355/element/f.19D3A8A536C023AFD4E776B255E62FBE.d.0096A8C842C99E3E50AB7214B8B6B242.e.20866/click - {}
RESULT: {}
COMMAND: GET /session/799be37928140a71a03c3bbe373ba355/screenshot - {}
RESULT: {}
COMMAND: POST /session/799be37928140a71a03c3bbe373ba355/execute/async - {"script":"<script> [1562 bytes]","args":[{"selector":{"id":"application-managehandovers-display-component---AddNewHO--dueDate","interaction":{"idSuffix":"inner"}},"wdio_ui5_key":"applicationmanagehandovers-display-component---AddNewHO--dueDate"}]}
RESULT: {"script":"<script> [1562 bytes]","args":[{"selector":{"id":"application-managehandovers-display-component---AddNewHO--dueDate","interaction":{"idSuffix":"inner"}},"wdio_ui5_key":"applicationmanagehandovers-display-component---AddNewHO--dueDate"}]}
RESULT: undefined
COMMAND: POST /session/799be37928140a71a03c3bbe373ba355/execute/async - {"script":"<script> [6424 bytes]","args":[{"element-6066-11e4-a52e-4f735466cecf":"f.19D3A8A536C023AFD4E776B255E62FBE.d.0096A8C842C99E3E50AB7214B8B6B242.e.20868"},"setValue",["04/19/2025"]]}
RESULT: {"script":"<script> [6424 bytes]","args":[{"element-6066-11e4-a52e-4f735466cecf":"f.19D3A8A536C023AFD4E776B255E62FBE.d.0096A8C842C99E3E50AB7214B8B6B242.e.20868"},"setValue",["04/19/2025"]]}
COMMAND: POST /session/799be37928140a71a03c3bbe373ba355/element - {"using":"xpath","value":"//input[@id=\"generalSectionFrg--receiveYard-inner\"]"}
RESULT: {"using":"xpath","value":"//input[@id=\"generalSectionFrg--receiveYard-inner\"]"}
COMMAND: POST /session/799be37928140a71a03c3bbe373ba355/element/f.19D3A8A536C023AFD4E776B255E62FBE.d.0096A8C842C99E3E50AB7214B8B6B242.e.20874/clear - {}
RESULT: {}
COMMAND: POST /session/799be37928140a71a03c3bbe373ba355/element/f.19D3A8A536C023AFD4E776B255E62FBE.d.0096A8C842C99E3E50AB7214B8B6B242.e.20874/value - {"text":"592"}
COMMAND: GET /session/799be37928140a71a03c3bbe373ba355/screenshot - {}
RESULT: {"text":"592"}
COMMAND: GET /session/799be37928140a71a03c3bbe373ba355/screenshot - {}
RESULT: {}
RESULT: {}
COMMAND: POST /session/799be37928140a71a03c3bbe373ba355/element - {"using":"xpath","value":"//li[.//span[text()='592']]"}
RESULT: {"using":"xpath","value":"//li[.//span[text()='592']]"}
COMMAND: POST /session/799be37928140a71a03c3bbe373ba355/element/f.19D3A8A536C023AFD4E776B255E62FBE.d.0096A8C842C99E3E50AB7214B8B6B242.e.20891/click - {}
RESULT: {}
COMMAND: GET /session/799be37928140a71a03c3bbe373ba355/screenshot - {}
RESULT: {}
COMMAND: POST /session/799be37928140a71a03c3bbe373ba355/execute/async - {"script":"<script> [1562 bytes]","args":[{"selector":{"id":"application-managehandovers-display-component---AddNewHO--ObjectPageLayout-anchBar-application-managehandovers-display-component---AddNewHO--section4-anchor","interaction":{"idSuffix":"BDI-content"}},"wdio_ui5_key":"applicationmanagehandovers-display-component---AddNewHO--ObjectPageLayout-anchBar-application-managehandovers-display-component---AddNewHO--section4-anchor"}]}
RESULT: {"script":"<script> [1562 bytes]","args":[{"selector":{"id":"application-managehandovers-display-component---AddNewHO--ObjectPageLayout-anchBar-application-managehandovers-display-component---AddNewHO--section4-anchor","interaction":{"idSuffix":"BDI-content"}},"wdio_ui5_key":"applicationmanagehandovers-display-component---AddNewHO--ObjectPageLayout-anchBar-application-managehandovers-display-component---AddNewHO--section4-anchor"}]}
RESULT: undefined
COMMAND: POST /session/799be37928140a71a03c3bbe373ba355/element - {"using":"xpath","value":"//*[@id=\"application-managehandovers-display-component---AddNewHO--ObjectPageLayout-anchBar-application-managehandovers-display-component---AddNewHO--section4-anchor\"]"}
RESULT: {"using":"xpath","value":"//*[@id=\"application-managehandovers-display-component---AddNewHO--ObjectPageLayout-anchBar-application-managehandovers-display-component---AddNewHO--section4-anchor\"]"}
COMMAND: POST /session/799be37928140a71a03c3bbe373ba355/element/f.19D3A8A536C023AFD4E776B255E62FBE.d.0096A8C842C99E3E50AB7214B8B6B242.e.20893/click - {}
RESULT: {}
COMMAND: POST /session/799be37928140a71a03c3bbe373ba355/element - {"using":"xpath","value":"//button[@aria-label=\"Add\"]"}
COMMAND: GET /session/799be37928140a71a03c3bbe373ba355/screenshot - {}
RESULT: {"using":"xpath","value":"//button[@aria-label=\"Add\"]"}
COMMAND: POST /session/799be37928140a71a03c3bbe373ba355/element/f.19D3A8A536C023AFD4E776B255E62FBE.d.0096A8C842C99E3E50AB7214B8B6B242.e.20895/click - {}
RESULT: {}
RESULT: {}
COMMAND: GET /session/799be37928140a71a03c3bbe373ba355/screenshot - {}
RESULT: {}
COMMAND: POST /session/799be37928140a71a03c3bbe373ba355/execute/async - {"script":"<script> [1562 bytes]","args":[{"selector":{"id":"application-managehandovers-display-component---AddNewHO--smartFilterBar-btnBasicSearch","searchOpenDialogs":true,"interaction":{"idSuffix":"I"}},"wdio_ui5_key":"applicationmanagehandovers-display-component---AddNewHO--smartFilterBar-btnBasicSearch"}]}
RESULT: {"script":"<script> [1562 bytes]","args":[{"selector":{"id":"application-managehandovers-display-component---AddNewHO--smartFilterBar-btnBasicSearch","searchOpenDialogs":true,"interaction":{"idSuffix":"I"}},"wdio_ui5_key":"applicationmanagehandovers-display-component---AddNewHO--smartFilterBar-btnBasicSearch"}]}
RESULT: undefined
COMMAND: POST /session/799be37928140a71a03c3bbe373ba355/execute/async - {"script":"<script> [776 bytes]","args":[{"enterText":"Iqzq9B6XvK","selector":{"id":"application-managehandovers-display-component---AddNewHO--smartFilterBar-btnBasicSearch","searchOpenDialogs":true,"interaction":{"idSuffix":"I"}},"clearTextFirst":true,"interactionType":"ENTER_TEXT"}]}
RESULT: {"script":"<script> [776 bytes]","args":[{"enterText":"Iqzq9B6XvK","selector":{"id":"application-managehandovers-display-component---AddNewHO--smartFilterBar-btnBasicSearch","searchOpenDialogs":true,"interaction":{"idSuffix":"I"}},"clearTextFirst":true,"interactionType":"ENTER_TEXT"}]}
COMMAND: POST /session/799be37928140a71a03c3bbe373ba355/actions - {"actions":[{"id":"action71","type":"key","parameters":{},"actions":[{"type":"keyDown","value":""},{"type":"pause","duration":10},{"type":"keyUp","value":""}]}]}
RESULT: {"actions":[{"id":"action71","type":"key","parameters":{},"actions":[{"type":"keyDown","value":""},{"type":"pause","duration":10},{"type":"keyUp","value":""}]}]}
COMMAND: GET /session/799be37928140a71a03c3bbe373ba355/screenshot - {}
RESULT: {}
COMMAND: POST /session/799be37928140a71a03c3bbe373ba355/execute/async - {"script":"<script> [1562 bytes]","args":[{"selector":{"id":"application-managehandovers-display-component---AddNewHO--popup-sa","searchOpenDialogs":true,"interaction":{"idSuffix":"CbBg"}},"wdio_ui5_key":"applicationmanagehandovers-display-component---AddNewHO--popup-sa"}]}
RESULT: {"script":"<script> [1562 bytes]","args":[{"selector":{"id":"application-managehandovers-display-component---AddNewHO--popup-sa","searchOpenDialogs":true,"interaction":{"idSuffix":"CbBg"}},"wdio_ui5_key":"applicationmanagehandovers-display-component---AddNewHO--popup-sa"}]}
RESULT: undefined
COMMAND: POST /session/799be37928140a71a03c3bbe373ba355/element - {"using":"xpath","value":"//*[@id=\"application-managehandovers-display-component---AddNewHO--popup-sa\"]"}
RESULT: {"using":"xpath","value":"//*[@id=\"application-managehandovers-display-component---AddNewHO--popup-sa\"]"}
COMMAND: POST /session/799be37928140a71a03c3bbe373ba355/element/f.19D3A8A536C023AFD4E776B255E62FBE.d.0096A8C842C99E3E50AB7214B8B6B242.e.21050/click - {}
RESULT: {}
COMMAND: GET /session/799be37928140a71a03c3bbe373ba355/screenshot - {}
RESULT: {}
COMMAND: POST /session/799be37928140a71a03c3bbe373ba355/element - {"using":"xpath","value":"//bdi[contains(text(), \"Select\")]"}
RESULT: {"using":"xpath","value":"//bdi[contains(text(), \"Select\")]"}
COMMAND: POST /session/799be37928140a71a03c3bbe373ba355/element/f.19D3A8A536C023AFD4E776B255E62FBE.d.0096A8C842C99E3E50AB7214B8B6B242.e.21051/click - {}
RESULT: {}
COMMAND: GET /session/799be37928140a71a03c3bbe373ba355/screenshot - {}
RESULT: {}
COMMAND: POST /session/799be37928140a71a03c3bbe373ba355/element - {"using":"xpath","value":"//button[@data-kt=\"AddNewHOSaveButton\"]"}
RESULT: {"using":"xpath","value":"//button[@data-kt=\"AddNewHOSaveButton\"]"}
COMMAND: POST /session/799be37928140a71a03c3bbe373ba355/element/f.19D3A8A536C023AFD4E776B255E62FBE.d.0096A8C842C99E3E50AB7214B8B6B242.e.21055/click - {}
RESULT: {}
COMMAND: GET /session/799be37928140a71a03c3bbe373ba355/screenshot - {}
RESULT: {}
COMMAND: POST /session/799be37928140a71a03c3bbe373ba355/execute/async - {"script":"<script> [1562 bytes]","args":[{"selector":{"id":"receiptDatePicker","viewName":"etm.portal.ui.managehandovers.view.DetailExecuteHO","interaction":{"idSuffix":"inner"}},"wdio_ui5_key":"receiptDatePickeretmportal.ui.managehandovers.view.DetailExecuteHO"}]}
RESULT: {"script":"<script> [1562 bytes]","args":[{"selector":{"id":"receiptDatePicker","viewName":"etm.portal.ui.managehandovers.view.DetailExecuteHO","interaction":{"idSuffix":"inner"}},"wdio_ui5_key":"receiptDatePickeretmportal.ui.managehandovers.view.DetailExecuteHO"}]}
RESULT: undefined
COMMAND: POST /session/799be37928140a71a03c3bbe373ba355/execute/async - {"script":"<script> [6424 bytes]","args":[{"element-6066-11e4-a52e-4f735466cecf":"f.19D3A8A536C023AFD4E776B255E62FBE.d.0096A8C842C99E3E50AB7214B8B6B242.e.21084"},"setValue",["04/19/2025"]]}
RESULT: {"script":"<script> [6424 bytes]","args":[{"element-6066-11e4-a52e-4f735466cecf":"f.19D3A8A536C023AFD4E776B255E62FBE.d.0096A8C842C99E3E50AB7214B8B6B242.e.21084"},"setValue",["04/19/2025"]]}
COMMAND: POST /session/799be37928140a71a03c3bbe373ba355/element - {"using":"xpath","value":"//button[@data-kt=\"PickingTableConfirmAllButton\"]"}
RESULT: {"using":"xpath","value":"//button[@data-kt=\"PickingTableConfirmAllButton\"]"}
COMMAND: POST /session/799be37928140a71a03c3bbe373ba355/element/f.19D3A8A536C023AFD4E776B255E62FBE.d.0096A8C842C99E3E50AB7214B8B6B242.e.21099/click - {}
RESULT: {}
COMMAND: GET /session/799be37928140a71a03c3bbe373ba355/screenshot - {}
RESULT: {}
COMMAND: POST /session/799be37928140a71a03c3bbe373ba355/element - {"using":"xpath","value":"//bdi[contains(text(), \"OK\")]"}
RESULT: {"using":"xpath","value":"//bdi[contains(text(), \"OK\")]"}
COMMAND: POST /session/799be37928140a71a03c3bbe373ba355/element/f.19D3A8A536C023AFD4E776B255E62FBE.d.0096A8C842C99E3E50AB7214B8B6B242.e.21102/click - {}
RESULT: {}
COMMAND: GET /session/799be37928140a71a03c3bbe373ba355/screenshot - {}
RESULT: {}
COMMAND: POST /session/799be37928140a71a03c3bbe373ba355/element - {"using":"xpath","value":"(//bdi[contains(text(), \"Receive\")])[2]"}
RESULT: {"using":"xpath","value":"(//bdi[contains(text(), \"Receive\")])[2]"}
COMMAND: POST /session/799be37928140a71a03c3bbe373ba355/element/f.19D3A8A536C023AFD4E776B255E62FBE.d.0096A8C842C99E3E50AB7214B8B6B242.e.21103/click - {}
RESULT: {}
COMMAND: GET /session/799be37928140a71a03c3bbe373ba355/screenshot - {}
RESULT: {}
COMMAND: POST /session/799be37928140a71a03c3bbe373ba355/element - {"using":"css selector","value":"#shell-header-logo"}
RESULT: {"using":"css selector","value":"#shell-header-logo"}
COMMAND: POST /session/799be37928140a71a03c3bbe373ba355/element/f.19D3A8A536C023AFD4E776B255E62FBE.d.0096A8C842C99E3E50AB7214B8B6B242.e.20497/click - {}
RESULT: {}
COMMAND: GET /session/799be37928140a71a03c3bbe373ba355/screenshot - {}
RESULT: {}
]]></system-out>
    </testcase>
    <testcase classname="chrome.135_0_7049_42.windows.Billing_Calculation_-_Time_based_(considering_transport_times)_US139738" name="Should create a new contract" time="56.808">
      <system-out><![CDATA[
COMMAND: POST /session/799be37928140a71a03c3bbe373ba355/execute/async - {"script":"<script> [1562 bytes]","args":[{"selector":{"controlType":"sap.m.Text","viewName":"etm.portal.ui.managecontractstile.view.Master","properties":{"text":"Manage Contracts"},"interaction":{"idSuffix":"inner"}},"wdio_ui5_key":"etmportal.ui.managecontractstile.view.Mastersap.m.Text{\"text\":\"Manage Contracts\"}"}]}
RESULT: {"script":"<script> [1562 bytes]","args":[{"selector":{"controlType":"sap.m.Text","viewName":"etm.portal.ui.managecontractstile.view.Master","properties":{"text":"Manage Contracts"},"interaction":{"idSuffix":"inner"}},"wdio_ui5_key":"etmportal.ui.managecontractstile.view.Mastersap.m.Text{\"text\":\"Manage Contracts\"}"}]}
RESULT: undefined
COMMAND: POST /session/799be37928140a71a03c3bbe373ba355/element - {"using":"xpath","value":"//*[@id=\"__tile130-title\"]"}
RESULT: {"using":"xpath","value":"//*[@id=\"__tile130-title\"]"}
COMMAND: POST /session/799be37928140a71a03c3bbe373ba355/element/f.19D3A8A536C023AFD4E776B255E62FBE.d.0096A8C842C99E3E50AB7214B8B6B242.e.21274/click - {}
RESULT: {}
COMMAND: GET /session/799be37928140a71a03c3bbe373ba355/screenshot - {}
RESULT: {}
COMMAND: POST /session/799be37928140a71a03c3bbe373ba355/element - {"using":"xpath","value":"//button[@data-kt=\"addButton\"]"}
RESULT: undefined
RESULT: undefined
RESULT: {"using":"xpath","value":"//button[@data-kt=\"addButton\"]"}
COMMAND: POST /session/799be37928140a71a03c3bbe373ba355/elements - {"using":"xpath","value":"//button[@data-kt=\"addButton\"]"}
RESULT: {"using":"xpath","value":"//button[@data-kt=\"addButton\"]"}
COMMAND: POST /session/799be37928140a71a03c3bbe373ba355/execute/sync - {"script":"<script> [8489 bytes]","args":[{"element-6066-11e4-a52e-4f735466cecf":"f.19D3A8A536C023AFD4E776B255E62FBE.d.0096A8C842C99E3E50AB7214B8B6B242.e.21301","ELEMENT":"f.19D3A8A536C023AFD4E776B255E62FBE.d.0096A8C842C99E3E50AB7214B8B6B242.e.21301"}]}
RESULT: {"script":"<script> [8489 bytes]","args":[{"element-6066-11e4-a52e-4f735466cecf":"f.19D3A8A536C023AFD4E776B255E62FBE.d.0096A8C842C99E3E50AB7214B8B6B242.e.21301","ELEMENT":"f.19D3A8A536C023AFD4E776B255E62FBE.d.0096A8C842C99E3E50AB7214B8B6B242.e.21301"}]}
COMMAND: GET /session/799be37928140a71a03c3bbe373ba355/element/f.19D3A8A536C023AFD4E776B255E62FBE.d.0096A8C842C99E3E50AB7214B8B6B242.e.21301/enabled - {}
COMMAND: GET /session/799be37928140a71a03c3bbe373ba355/screenshot - {}
RESULT: {}
COMMAND: POST /session/799be37928140a71a03c3bbe373ba355/execute/sync - {"script":"<script> [8489 bytes]","args":[{"element-6066-11e4-a52e-4f735466cecf":"f.19D3A8A536C023AFD4E776B255E62FBE.d.0096A8C842C99E3E50AB7214B8B6B242.e.21301","ELEMENT":"f.19D3A8A536C023AFD4E776B255E62FBE.d.0096A8C842C99E3E50AB7214B8B6B242.e.21301"}]}
COMMAND: GET /session/799be37928140a71a03c3bbe373ba355/screenshot - {}
RESULT: {}
RESULT: {"script":"<script> [8489 bytes]","args":[{"element-6066-11e4-a52e-4f735466cecf":"f.19D3A8A536C023AFD4E776B255E62FBE.d.0096A8C842C99E3E50AB7214B8B6B242.e.21301","ELEMENT":"f.19D3A8A536C023AFD4E776B255E62FBE.d.0096A8C842C99E3E50AB7214B8B6B242.e.21301"}]}
COMMAND: POST /session/799be37928140a71a03c3bbe373ba355/execute/sync - {"script":"<script> [5351 bytes]","args":[{"element-6066-11e4-a52e-4f735466cecf":"f.19D3A8A536C023AFD4E776B255E62FBE.d.0096A8C842C99E3E50AB7214B8B6B242.e.21301","ELEMENT":"f.19D3A8A536C023AFD4E776B255E62FBE.d.0096A8C842C99E3E50AB7214B8B6B242.e.21301"}]}
COMMAND: GET /session/799be37928140a71a03c3bbe373ba355/screenshot - {}
RESULT: {}
RESULT: {"script":"<script> [5351 bytes]","args":[{"element-6066-11e4-a52e-4f735466cecf":"f.19D3A8A536C023AFD4E776B255E62FBE.d.0096A8C842C99E3E50AB7214B8B6B242.e.21301","ELEMENT":"f.19D3A8A536C023AFD4E776B255E62FBE.d.0096A8C842C99E3E50AB7214B8B6B242.e.21301"}]}
COMMAND: GET /session/799be37928140a71a03c3bbe373ba355/screenshot - {}
RESULT: {}
RESULT: {}
COMMAND: POST /session/799be37928140a71a03c3bbe373ba355/element/f.19D3A8A536C023AFD4E776B255E62FBE.d.0096A8C842C99E3E50AB7214B8B6B242.e.21301/click - {}
RESULT: {}
COMMAND: GET /session/799be37928140a71a03c3bbe373ba355/screenshot - {}
COMMAND: POST /session/799be37928140a71a03c3bbe373ba355/execute/async - {"script":"<script> [1562 bytes]","args":[{"selector":{"id":"application-managecontracts-display-component---AddNewContract--projectDescription","interaction":{"idSuffix":"inner"}},"wdio_ui5_key":"applicationmanagecontracts-display-component---AddNewContract--projectDescription"}]}
RESULT: {}
RESULT: {"script":"<script> [1562 bytes]","args":[{"selector":{"id":"application-managecontracts-display-component---AddNewContract--projectDescription","interaction":{"idSuffix":"inner"}},"wdio_ui5_key":"applicationmanagecontracts-display-component---AddNewContract--projectDescription"}]}
RESULT: undefined
COMMAND: POST /session/799be37928140a71a03c3bbe373ba355/execute/async - {"script":"<script> [776 bytes]","args":[{"enterText":"Contract WDIO","selector":{"id":"application-managecontracts-display-component---AddNewContract--projectDescription","interaction":{"idSuffix":"inner"}},"clearTextFirst":true,"interactionType":"ENTER_TEXT"}]}
RESULT: {"script":"<script> [776 bytes]","args":[{"enterText":"Contract WDIO","selector":{"id":"application-managecontracts-display-component---AddNewContract--projectDescription","interaction":{"idSuffix":"inner"}},"clearTextFirst":true,"interactionType":"ENTER_TEXT"}]}
COMMAND: POST /session/799be37928140a71a03c3bbe373ba355/element - {"using":"xpath","value":"//input[@id=\"application-managecontracts-display-component---AddNewContract--site-inner\"]"}
RESULT: {"using":"xpath","value":"//input[@id=\"application-managecontracts-display-component---AddNewContract--site-inner\"]"}
COMMAND: POST /session/799be37928140a71a03c3bbe373ba355/element/f.19D3A8A536C023AFD4E776B255E62FBE.d.0096A8C842C99E3E50AB7214B8B6B242.e.21652/clear - {}
RESULT: {}
COMMAND: POST /session/799be37928140a71a03c3bbe373ba355/element/f.19D3A8A536C023AFD4E776B255E62FBE.d.0096A8C842C99E3E50AB7214B8B6B242.e.21652/value - {"text":"2405"}
COMMAND: GET /session/799be37928140a71a03c3bbe373ba355/screenshot - {}
RESULT: {"text":"2405"}
COMMAND: GET /session/799be37928140a71a03c3bbe373ba355/screenshot - {}
RESULT: {}
RESULT: {}
COMMAND: POST /session/799be37928140a71a03c3bbe373ba355/element - {"using":"xpath","value":"//li[.//span[text()='2405']]"}
RESULT: {"using":"xpath","value":"//li[.//span[text()='2405']]"}
COMMAND: POST /session/799be37928140a71a03c3bbe373ba355/element/f.19D3A8A536C023AFD4E776B255E62FBE.d.0096A8C842C99E3E50AB7214B8B6B242.e.21686/click - {}
RESULT: {}
COMMAND: GET /session/799be37928140a71a03c3bbe373ba355/screenshot - {}
RESULT: {}
COMMAND: POST /session/799be37928140a71a03c3bbe373ba355/element - {"using":"xpath","value":"//input[@id=\"application-managecontracts-display-component---AddNewContract--yardId-inner\"]"}
RESULT: {"using":"xpath","value":"//input[@id=\"application-managecontracts-display-component---AddNewContract--yardId-inner\"]"}
COMMAND: GET /session/799be37928140a71a03c3bbe373ba355/element/f.19D3A8A536C023AFD4E776B255E62FBE.d.0096A8C842C99E3E50AB7214B8B6B242.e.21653/property/value - {}
RESULT: {}
COMMAND: POST /session/799be37928140a71a03c3bbe373ba355/element - {"using":"xpath","value":"//input[@id=\"application-managecontracts-display-component---AddNewContract--customerSelect-inner\"]"}
COMMAND: GET /session/799be37928140a71a03c3bbe373ba355/screenshot - {}
RESULT: {"using":"xpath","value":"//input[@id=\"application-managecontracts-display-component---AddNewContract--customerSelect-inner\"]"}
COMMAND: POST /session/799be37928140a71a03c3bbe373ba355/element/f.19D3A8A536C023AFD4E776B255E62FBE.d.0096A8C842C99E3E50AB7214B8B6B242.e.21651/clear - {}
RESULT: {}
RESULT: {}
COMMAND: POST /session/799be37928140a71a03c3bbe373ba355/element/f.19D3A8A536C023AFD4E776B255E62FBE.d.0096A8C842C99E3E50AB7214B8B6B242.e.21651/value - {"text":"1447"}
COMMAND: GET /session/799be37928140a71a03c3bbe373ba355/screenshot - {}
RESULT: {"text":"1447"}
COMMAND: GET /session/799be37928140a71a03c3bbe373ba355/screenshot - {}
RESULT: {}
RESULT: {}
COMMAND: POST /session/799be37928140a71a03c3bbe373ba355/element - {"using":"xpath","value":"//li[.//span[text()='1447']]"}
RESULT: {"using":"xpath","value":"//li[.//span[text()='1447']]"}
COMMAND: POST /session/799be37928140a71a03c3bbe373ba355/element/f.19D3A8A536C023AFD4E776B255E62FBE.d.0096A8C842C99E3E50AB7214B8B6B242.e.21689/click - {}
RESULT: {}
COMMAND: GET /session/799be37928140a71a03c3bbe373ba355/screenshot - {}
RESULT: {}
COMMAND: POST /session/799be37928140a71a03c3bbe373ba355/element - {"using":"xpath","value":"//button[@data-kt=\"saveButton\"]"}
RESULT: {"using":"xpath","value":"//button[@data-kt=\"saveButton\"]"}
COMMAND: POST /session/799be37928140a71a03c3bbe373ba355/element/f.19D3A8A536C023AFD4E776B255E62FBE.d.0096A8C842C99E3E50AB7214B8B6B242.e.21679/click - {}
RESULT: {}
COMMAND: GET /session/799be37928140a71a03c3bbe373ba355/screenshot - {}
RESULT: {}
COMMAND: POST /session/799be37928140a71a03c3bbe373ba355/element - {"using":"xpath","value":"//span[contains(@id ,\"contractDetailTitleNoExpanded\")]"}
RESULT: {"using":"xpath","value":"//span[contains(@id ,\"contractDetailTitleNoExpanded\")]"}
COMMAND: POST /session/799be37928140a71a03c3bbe373ba355/elements - {"using":"xpath","value":"//span[contains(@id ,\"contractDetailTitleNoExpanded\")]"}
RESULT: {"using":"xpath","value":"//span[contains(@id ,\"contractDetailTitleNoExpanded\")]"}
COMMAND: POST /session/799be37928140a71a03c3bbe373ba355/execute/sync - {"script":"<script> [56 bytes]","args":[{"element-6066-11e4-a52e-4f735466cecf":"f.19D3A8A536C023AFD4E776B255E62FBE.d.0096A8C842C99E3E50AB7214B8B6B242.e.21704","ELEMENT":"f.19D3A8A536C023AFD4E776B255E62FBE.d.0096A8C842C99E3E50AB7214B8B6B242.e.21704"}]}
RESULT: {"script":"<script> [56 bytes]","args":[{"element-6066-11e4-a52e-4f735466cecf":"f.19D3A8A536C023AFD4E776B255E62FBE.d.0096A8C842C99E3E50AB7214B8B6B242.e.21704","ELEMENT":"f.19D3A8A536C023AFD4E776B255E62FBE.d.0096A8C842C99E3E50AB7214B8B6B242.e.21704"}]}
COMMAND: GET /session/799be37928140a71a03c3bbe373ba355/screenshot - {}
RESULT: {}
]]></system-out>
    </testcase>
    <testcase classname="chrome.135_0_7049_42.windows.Billing_Calculation_-_Time_based_(considering_transport_times)_US139738" name="Should add transport time checkbox on contract details" time="16.337">
      <system-out><![CDATA[
COMMAND: POST /session/799be37928140a71a03c3bbe373ba355/element - {"using":"xpath","value":"//button[@data-kt=\"contractDetailEditBtnButton\"]"}
RESULT: {"using":"xpath","value":"//button[@data-kt=\"contractDetailEditBtnButton\"]"}
COMMAND: POST /session/799be37928140a71a03c3bbe373ba355/element/f.19D3A8A536C023AFD4E776B255E62FBE.d.0096A8C842C99E3E50AB7214B8B6B242.e.21707/click - {}
RESULT: {}
COMMAND: GET /session/799be37928140a71a03c3bbe373ba355/screenshot - {}
RESULT: {}
COMMAND: POST /session/799be37928140a71a03c3bbe373ba355/element - {"using":"xpath","value":"(//span[contains(text(), \"Contract Billing\")])[2]"}
RESULT: {"using":"xpath","value":"(//span[contains(text(), \"Contract Billing\")])[2]"}
COMMAND: POST /session/799be37928140a71a03c3bbe373ba355/element/f.19D3A8A536C023AFD4E776B255E62FBE.d.0096A8C842C99E3E50AB7214B8B6B242.e.21763/click - {}
RESULT: {}
COMMAND: GET /session/799be37928140a71a03c3bbe373ba355/screenshot - {}
RESULT: {}
COMMAND: POST /session/799be37928140a71a03c3bbe373ba355/element - {"using":"xpath","value":"(//div[contains(@id, \"transportTimesBilled-CbBg\")])"}
RESULT: {"using":"xpath","value":"(//div[contains(@id, \"transportTimesBilled-CbBg\")])"}
COMMAND: POST /session/799be37928140a71a03c3bbe373ba355/element/f.19D3A8A536C023AFD4E776B255E62FBE.d.0096A8C842C99E3E50AB7214B8B6B242.e.21793/click - {}
RESULT: {}
COMMAND: GET /session/799be37928140a71a03c3bbe373ba355/screenshot - {}
RESULT: {}
COMMAND: POST /session/799be37928140a71a03c3bbe373ba355/element - {"using":"xpath","value":"(//button[@data-kt=\"saveButton\"])[2]"}
RESULT: {"using":"xpath","value":"(//button[@data-kt=\"saveButton\"])[2]"}
COMMAND: POST /session/799be37928140a71a03c3bbe373ba355/element/f.19D3A8A536C023AFD4E776B255E62FBE.d.0096A8C842C99E3E50AB7214B8B6B242.e.21794/click - {}
RESULT: {}
COMMAND: GET /session/799be37928140a71a03c3bbe373ba355/screenshot - {}
RESULT: {}
]]></system-out>
    </testcase>
    <testcase classname="chrome.135_0_7049_42.windows.Billing_Calculation_-_Time_based_(considering_transport_times)_US139738" name="Should add created equipment to contract" time="41.363">
      <system-out><![CDATA[
COMMAND: POST /session/799be37928140a71a03c3bbe373ba355/element - {"using":"xpath","value":"//button[@data-kt=\"contractDetailEditBtnButton\"]"}
RESULT: {"using":"xpath","value":"//button[@data-kt=\"contractDetailEditBtnButton\"]"}
COMMAND: POST /session/799be37928140a71a03c3bbe373ba355/element/f.19D3A8A536C023AFD4E776B255E62FBE.d.0096A8C842C99E3E50AB7214B8B6B242.e.21707/click - {}
RESULT: {}
COMMAND: GET /session/799be37928140a71a03c3bbe373ba355/screenshot - {}
RESULT: {}
COMMAND: POST /session/799be37928140a71a03c3bbe373ba355/element - {"using":"xpath","value":"(//span[contains(text(), \"Additional Addresses\")])[2]"}
RESULT: {"using":"xpath","value":"(//span[contains(text(), \"Additional Addresses\")])[2]"}
COMMAND: POST /session/799be37928140a71a03c3bbe373ba355/element/f.19D3A8A536C023AFD4E776B255E62FBE.d.0096A8C842C99E3E50AB7214B8B6B242.e.21814/click - {}
RESULT: {}
COMMAND: GET /session/799be37928140a71a03c3bbe373ba355/screenshot - {}
RESULT: {}
COMMAND: POST /session/799be37928140a71a03c3bbe373ba355/element - {"using":"xpath","value":"//button[@data-kt=\"btnAddTableRowOverflowToolbarButton\"]"}
RESULT: {"using":"xpath","value":"//button[@data-kt=\"btnAddTableRowOverflowToolbarButton\"]"}
COMMAND: POST /session/799be37928140a71a03c3bbe373ba355/element/f.19D3A8A536C023AFD4E776B255E62FBE.d.0096A8C842C99E3E50AB7214B8B6B242.e.21816/click - {}
RESULT: {}
COMMAND: GET /session/799be37928140a71a03c3bbe373ba355/screenshot - {}
RESULT: {}
COMMAND: POST /session/799be37928140a71a03c3bbe373ba355/element - {"using":"xpath","value":"//div[(text() = 'Standard Entry' or . = 'Standard Entry')]"}
RESULT: {"using":"xpath","value":"//div[(text() = 'Standard Entry' or . = 'Standard Entry')]"}
COMMAND: POST /session/799be37928140a71a03c3bbe373ba355/element/f.19D3A8A536C023AFD4E776B255E62FBE.d.0096A8C842C99E3E50AB7214B8B6B242.e.21818/click - {}
RESULT: {}
COMMAND: GET /session/799be37928140a71a03c3bbe373ba355/screenshot - {}
RESULT: {}
COMMAND: POST /session/799be37928140a71a03c3bbe373ba355/element - {"using":"xpath","value":"//td[7]/div/div/input"}
RESULT: {"using":"xpath","value":"//td[7]/div/div/input"}
COMMAND: POST /session/799be37928140a71a03c3bbe373ba355/element/f.19D3A8A536C023AFD4E776B255E62FBE.d.0096A8C842C99E3E50AB7214B8B6B242.e.21827/clear - {}
RESULT: {}
COMMAND: POST /session/799be37928140a71a03c3bbe373ba355/element/f.19D3A8A536C023AFD4E776B255E62FBE.d.0096A8C842C99E3E50AB7214B8B6B242.e.21827/value - {"text":"Iqzq9B6XvK"}
COMMAND: GET /session/799be37928140a71a03c3bbe373ba355/screenshot - {}
RESULT: {"text":"Iqzq9B6XvK"}
COMMAND: GET /session/799be37928140a71a03c3bbe373ba355/screenshot - {}
RESULT: {}
RESULT: {}
COMMAND: POST /session/799be37928140a71a03c3bbe373ba355/actions - {"actions":[{"id":"action72","type":"key","parameters":{},"actions":[{"type":"keyDown","value":""},{"type":"pause","duration":10},{"type":"keyUp","value":""}]}]}
RESULT: {"actions":[{"id":"action72","type":"key","parameters":{},"actions":[{"type":"keyDown","value":""},{"type":"pause","duration":10},{"type":"keyUp","value":""}]}]}
COMMAND: GET /session/799be37928140a71a03c3bbe373ba355/screenshot - {}
RESULT: {}
COMMAND: POST /session/799be37928140a71a03c3bbe373ba355/element - {"using":"xpath","value":"(//button[@data-kt=\"saveButton\"])[2]"}
RESULT: {"using":"xpath","value":"(//button[@data-kt=\"saveButton\"])[2]"}
COMMAND: POST /session/799be37928140a71a03c3bbe373ba355/element/f.19D3A8A536C023AFD4E776B255E62FBE.d.0096A8C842C99E3E50AB7214B8B6B242.e.21794/click - {}
RESULT: {}
COMMAND: GET /session/799be37928140a71a03c3bbe373ba355/screenshot - {}
RESULT: {}
COMMAND: POST /session/799be37928140a71a03c3bbe373ba355/element - {"using":"xpath","value":"//span[contains(@id ,\"contractItemsSmartTable-header-inner\")]"}
RESULT: {"using":"xpath","value":"//span[contains(@id ,\"contractItemsSmartTable-header-inner\")]"}
COMMAND: POST /session/799be37928140a71a03c3bbe373ba355/elements - {"using":"xpath","value":"//span[contains(@id ,\"contractItemsSmartTable-header-inner\")]"}
RESULT: {"using":"xpath","value":"//span[contains(@id ,\"contractItemsSmartTable-header-inner\")]"}
COMMAND: POST /session/799be37928140a71a03c3bbe373ba355/execute/sync - {"script":"<script> [56 bytes]","args":[{"element-6066-11e4-a52e-4f735466cecf":"f.19D3A8A536C023AFD4E776B255E62FBE.d.0096A8C842C99E3E50AB7214B8B6B242.e.21846","ELEMENT":"f.19D3A8A536C023AFD4E776B255E62FBE.d.0096A8C842C99E3E50AB7214B8B6B242.e.21846"}]}
RESULT: {"script":"<script> [56 bytes]","args":[{"element-6066-11e4-a52e-4f735466cecf":"f.19D3A8A536C023AFD4E776B255E62FBE.d.0096A8C842C99E3E50AB7214B8B6B242.e.21846","ELEMENT":"f.19D3A8A536C023AFD4E776B255E62FBE.d.0096A8C842C99E3E50AB7214B8B6B242.e.21846"}]}
]]></system-out>
    </testcase>
    <testcase classname="chrome.135_0_7049_42.windows.Billing_Calculation_-_Time_based_(considering_transport_times)_US139738" name="Should do a provide to site 2 step" time="122.72">
      <system-out><![CDATA[
COMMAND: GET /session/799be37928140a71a03c3bbe373ba355/screenshot - {}
COMMAND: POST /session/799be37928140a71a03c3bbe373ba355/element - {"using":"xpath","value":"//button[@data-kt=\"provideButton\"]"}
RESULT: {"using":"xpath","value":"//button[@data-kt=\"provideButton\"]"}
COMMAND: POST /session/799be37928140a71a03c3bbe373ba355/element/f.19D3A8A536C023AFD4E776B255E62FBE.d.0096A8C842C99E3E50AB7214B8B6B242.e.21847/click - {}
RESULT: {}
RESULT: {}
COMMAND: GET /session/799be37928140a71a03c3bbe373ba355/screenshot - {}
RESULT: {}
COMMAND: POST /session/799be37928140a71a03c3bbe373ba355/element - {"using":"xpath","value":"(//div[contains(@id, \"application-managehandovers-display-component---AddNewHO--oneStep-CbBg\")])"}
RESULT: {"using":"xpath","value":"(//div[contains(@id, \"application-managehandovers-display-component---AddNewHO--oneStep-CbBg\")])"}
COMMAND: POST /session/799be37928140a71a03c3bbe373ba355/element/f.19D3A8A536C023AFD4E776B255E62FBE.d.0096A8C842C99E3E50AB7214B8B6B242.e.22155/click - {}
RESULT: {}
RESULT: undefined
COMMAND: POST /session/799be37928140a71a03c3bbe373ba355/execute/async - {"script":"<script> [6424 bytes]","args":[{"element-6066-11e4-a52e-4f735466cecf":"f.19D3A8A536C023AFD4E776B255E62FBE.d.0096A8C842C99E3E50AB7214B8B6B242.e.20868"},"setValue",["04/19/2025"]]}
COMMAND: GET /session/799be37928140a71a03c3bbe373ba355/screenshot - {}
COMMAND: POST /session/799be37928140a71a03c3bbe373ba355/execute/async - {"script":"<script> [1562 bytes]","args":[{"selector":{"id":"application-managehandovers-display-component---AddNewHO--dueDate","interaction":{"idSuffix":"inner"}},"wdio_ui5_key":"applicationmanagehandovers-display-component---AddNewHO--dueDate"}]}
RESULT: {}
RESULT: {"script":"<script> [1562 bytes]","args":[{"selector":{"id":"application-managehandovers-display-component---AddNewHO--dueDate","interaction":{"idSuffix":"inner"}},"wdio_ui5_key":"applicationmanagehandovers-display-component---AddNewHO--dueDate"}]}
COMMAND: POST /session/799be37928140a71a03c3bbe373ba355/execute/async - {"script":"<script> [6424 bytes]","args":[{"element-6066-11e4-a52e-4f735466cecf":"f.19D3A8A536C023AFD4E776B255E62FBE.d.0096A8C842C99E3E50AB7214B8B6B242.e.21900"},"setValue",["04/19/2025"]]}
RESULT: {"script":"<script> [6424 bytes]","args":[{"element-6066-11e4-a52e-4f735466cecf":"f.19D3A8A536C023AFD4E776B255E62FBE.d.0096A8C842C99E3E50AB7214B8B6B242.e.21900"},"setValue",["04/19/2025"]]}
COMMAND: POST /session/799be37928140a71a03c3bbe373ba355/element - {"using":"xpath","value":"//bdi[contains(text(), \"Instructions\")]"}
RESULT: {"using":"xpath","value":"//bdi[contains(text(), \"Instructions\")]"}
COMMAND: POST /session/799be37928140a71a03c3bbe373ba355/element/f.19D3A8A536C023AFD4E776B255E62FBE.d.0096A8C842C99E3E50AB7214B8B6B242.e.22157/click - {}
RESULT: {}
COMMAND: GET /session/799be37928140a71a03c3bbe373ba355/screenshot - {}
RESULT: {}
COMMAND: POST /session/799be37928140a71a03c3bbe373ba355/element - {"using":"xpath","value":"//button[@data-kt=\"AddNewHOProvideAddItemsButton\"]"}
RESULT: {"using":"xpath","value":"//button[@data-kt=\"AddNewHOProvideAddItemsButton\"]"}
COMMAND: POST /session/799be37928140a71a03c3bbe373ba355/element/f.19D3A8A536C023AFD4E776B255E62FBE.d.0096A8C842C99E3E50AB7214B8B6B242.e.22161/click - {}
RESULT: {}
COMMAND: GET /session/799be37928140a71a03c3bbe373ba355/screenshot - {}
RESULT: {}
RESULT: undefined
COMMAND: POST /session/799be37928140a71a03c3bbe373ba355/element - {"using":"xpath","value":"//*[@id=\"application-managehandovers-display-component---AddNewHO--popup-sa\"]"}
RESULT: {"using":"xpath","value":"//*[@id=\"application-managehandovers-display-component---AddNewHO--popup-sa\"]"}
COMMAND: POST /session/799be37928140a71a03c3bbe373ba355/element/f.19D3A8A536C023AFD4E776B255E62FBE.d.0096A8C842C99E3E50AB7214B8B6B242.e.22171/click - {}
RESULT: {}
COMMAND: GET /session/799be37928140a71a03c3bbe373ba355/screenshot - {}
RESULT: {}
COMMAND: POST /session/799be37928140a71a03c3bbe373ba355/element - {"using":"xpath","value":"//*[contains(@id ,\"BDI-content\")][contains(text(), \"Select\")]"}
RESULT: {"using":"xpath","value":"//*[contains(@id ,\"BDI-content\")][contains(text(), \"Select\")]"}
COMMAND: POST /session/799be37928140a71a03c3bbe373ba355/element/f.19D3A8A536C023AFD4E776B255E62FBE.d.0096A8C842C99E3E50AB7214B8B6B242.e.22172/click - {}
RESULT: {}
COMMAND: GET /session/799be37928140a71a03c3bbe373ba355/screenshot - {}
RESULT: {}
COMMAND: POST /session/799be37928140a71a03c3bbe373ba355/execute/async - {"script":"<script> [1562 bytes]","args":[{"selector":{"id":"application-managehandovers-display-component---AddNewHO--confirmCreationButton","interaction":{"idSuffix":"BDI-content"}},"wdio_ui5_key":"applicationmanagehandovers-display-component---AddNewHO--confirmCreationButton"}]}
RESULT: {"script":"<script> [1562 bytes]","args":[{"selector":{"id":"application-managehandovers-display-component---AddNewHO--confirmCreationButton","interaction":{"idSuffix":"BDI-content"}},"wdio_ui5_key":"applicationmanagehandovers-display-component---AddNewHO--confirmCreationButton"}]}
RESULT: undefined
COMMAND: POST /session/799be37928140a71a03c3bbe373ba355/element - {"using":"xpath","value":"//*[@id=\"application-managehandovers-display-component---AddNewHO--confirmCreationButton\"]"}
RESULT: {"using":"xpath","value":"//*[@id=\"application-managehandovers-display-component---AddNewHO--confirmCreationButton\"]"}
COMMAND: POST /session/799be37928140a71a03c3bbe373ba355/element/f.19D3A8A536C023AFD4E776B255E62FBE.d.0096A8C842C99E3E50AB7214B8B6B242.e.21966/click - {}
RESULT: {}
COMMAND: GET /session/799be37928140a71a03c3bbe373ba355/screenshot - {}
RESULT: {}
COMMAND: POST /session/799be37928140a71a03c3bbe373ba355/element - {"using":"xpath","value":"//button[@data-kt=\"PickingTableConfirmAllButton\"]"}
RESULT: {"using":"xpath","value":"//button[@data-kt=\"PickingTableConfirmAllButton\"]"}
COMMAND: POST /session/799be37928140a71a03c3bbe373ba355/element/f.19D3A8A536C023AFD4E776B255E62FBE.d.0096A8C842C99E3E50AB7214B8B6B242.e.22211/click - {}
COMMAND: POST /session/799be37928140a71a03c3bbe373ba355/element - {"using":"xpath","value":"//button[@data-kt=\"PickingTableConfirmAllButton\"]"}
RESULT: {"using":"xpath","value":"//button[@data-kt=\"PickingTableConfirmAllButton\"]"}
COMMAND: POST /session/799be37928140a71a03c3bbe373ba355/element/f.19D3A8A536C023AFD4E776B255E62FBE.d.0096A8C842C99E3E50AB7214B8B6B242.e.22211/click - {}
COMMAND: POST /session/799be37928140a71a03c3bbe373ba355/element - {"using":"xpath","value":"//button[@data-kt=\"PickingTableConfirmAllButton\"]"}
RESULT: {"using":"xpath","value":"//button[@data-kt=\"PickingTableConfirmAllButton\"]"}
COMMAND: POST /session/799be37928140a71a03c3bbe373ba355/element/f.19D3A8A536C023AFD4E776B255E62FBE.d.0096A8C842C99E3E50AB7214B8B6B242.e.22225/click - {}
RESULT: {}
COMMAND: GET /session/799be37928140a71a03c3bbe373ba355/screenshot - {}
RESULT: {}
COMMAND: POST /session/799be37928140a71a03c3bbe373ba355/element - {"using":"xpath","value":"//bdi[contains(text(), \"OK\")]"}
RESULT: {"using":"xpath","value":"//bdi[contains(text(), \"OK\")]"}
COMMAND: POST /session/799be37928140a71a03c3bbe373ba355/element/f.19D3A8A536C023AFD4E776B255E62FBE.d.0096A8C842C99E3E50AB7214B8B6B242.e.22236/click - {}
RESULT: {}
COMMAND: GET /session/799be37928140a71a03c3bbe373ba355/screenshot - {}
RESULT: {}
COMMAND: POST /session/799be37928140a71a03c3bbe373ba355/element - {"using":"xpath","value":"//button[@data-kt=\"execHoPickButton\"]"}
RESULT: {"using":"xpath","value":"//button[@data-kt=\"execHoPickButton\"]"}
COMMAND: POST /session/799be37928140a71a03c3bbe373ba355/element/f.19D3A8A536C023AFD4E776B255E62FBE.d.0096A8C842C99E3E50AB7214B8B6B242.e.22238/click - {}
RESULT: {}
COMMAND: GET /session/799be37928140a71a03c3bbe373ba355/screenshot - {}
RESULT: {}
COMMAND: POST /session/799be37928140a71a03c3bbe373ba355/element - {"using":"xpath","value":"//span[contains(@id ,\"filterItemControl_BASIC-RECEIVE_CONTRACT-vhi\")]"}
RESULT: {"using":"xpath","value":"//span[contains(@id ,\"filterItemControl_BASIC-RECEIVE_CONTRACT-vhi\")]"}
COMMAND: POST /session/799be37928140a71a03c3bbe373ba355/element/f.19D3A8A536C023AFD4E776B255E62FBE.d.0096A8C842C99E3E50AB7214B8B6B242.e.22411/click - {}
RESULT: {}
COMMAND: GET /session/799be37928140a71a03c3bbe373ba355/screenshot - {}
RESULT: {}
COMMAND: POST /session/799be37928140a71a03c3bbe373ba355/execute/async - {"script":"<script> [1562 bytes]","args":[{"selector":{"controlType":"sap.m.SearchField","viewName":"etm.portal.ui.managehandovers.view.MasterHO","bindingPath":{"path":"","propertyPath":"/_BASIC_SEARCH_FIELD","modelName":"fi1t3rM0d31"},"searchOpenDialogs":true,"interaction":{"idSuffix":"I"}},"wdio_ui5_key":"etmportal.ui.managehandovers.view.MasterHOsap.m.SearchField{\"path\":\"\",\"propertyPath\":\"/_BASIC_SEARCH_FIELD\",\"modelName\":\"fi1t3rM0d31\"}"}]}
RESULT: {"script":"<script> [1562 bytes]","args":[{"selector":{"controlType":"sap.m.SearchField","viewName":"etm.portal.ui.managehandovers.view.MasterHO","bindingPath":{"path":"","propertyPath":"/_BASIC_SEARCH_FIELD","modelName":"fi1t3rM0d31"},"searchOpenDialogs":true,"interaction":{"idSuffix":"I"}},"wdio_ui5_key":"etmportal.ui.managehandovers.view.MasterHOsap.m.SearchField{\"path\":\"\",\"propertyPath\":\"/_BASIC_SEARCH_FIELD\",\"modelName\":\"fi1t3rM0d31\"}"}]}
RESULT: undefined
COMMAND: POST /session/799be37928140a71a03c3bbe373ba355/execute/async - {"script":"<script> [776 bytes]","args":[{"enterText":"10482","selector":{"controlType":"sap.m.SearchField","viewName":"etm.portal.ui.managehandovers.view.MasterHO","bindingPath":{"path":"","propertyPath":"/_BASIC_SEARCH_FIELD","modelName":"fi1t3rM0d31"},"searchOpenDialogs":true,"interaction":{"idSuffix":"I"}},"clearTextFirst":true,"interactionType":"ENTER_TEXT"}]}
RESULT: {"script":"<script> [776 bytes]","args":[{"enterText":"10482","selector":{"controlType":"sap.m.SearchField","viewName":"etm.portal.ui.managehandovers.view.MasterHO","bindingPath":{"path":"","propertyPath":"/_BASIC_SEARCH_FIELD","modelName":"fi1t3rM0d31"},"searchOpenDialogs":true,"interaction":{"idSuffix":"I"}},"clearTextFirst":true,"interactionType":"ENTER_TEXT"}]}
COMMAND: POST /session/799be37928140a71a03c3bbe373ba355/actions - {"actions":[{"id":"action73","type":"key","parameters":{},"actions":[{"type":"keyDown","value":""},{"type":"pause","duration":10},{"type":"keyUp","value":""}]}]}
RESULT: {"actions":[{"id":"action73","type":"key","parameters":{},"actions":[{"type":"keyDown","value":""},{"type":"pause","duration":10},{"type":"keyUp","value":""}]}]}
COMMAND: GET /session/799be37928140a71a03c3bbe373ba355/screenshot - {}
RESULT: {}
COMMAND: POST /session/799be37928140a71a03c3bbe373ba355/element - {"using":"xpath","value":"//div[contains(@id, 'filterItemControl_BASIC-RECEIVE_CONTRACT-valueHelpDialog-table-rowsel0')]"}
RESULT: {"using":"xpath","value":"//div[contains(@id, 'filterItemControl_BASIC-RECEIVE_CONTRACT-valueHelpDialog-table-rowsel0')]"}
COMMAND: POST /session/799be37928140a71a03c3bbe373ba355/element/f.19D3A8A536C023AFD4E776B255E62FBE.d.0096A8C842C99E3E50AB7214B8B6B242.e.22422/click - {}
RESULT: {}
COMMAND: GET /session/799be37928140a71a03c3bbe373ba355/screenshot - {}
RESULT: {}
COMMAND: POST /session/799be37928140a71a03c3bbe373ba355/element - {"using":"xpath","value":"//bdi[contains(text(), \"OK\")]"}
RESULT: {"using":"xpath","value":"//bdi[contains(text(), \"OK\")]"}
COMMAND: POST /session/799be37928140a71a03c3bbe373ba355/element/f.19D3A8A536C023AFD4E776B255E62FBE.d.0096A8C842C99E3E50AB7214B8B6B242.e.22424/click - {}
RESULT: {}
COMMAND: GET /session/799be37928140a71a03c3bbe373ba355/screenshot - {}
RESULT: {}
COMMAND: POST /session/799be37928140a71a03c3bbe373ba355/element - {"using":"xpath","value":"//span[contains(@id, \"smartTable-header-inner\")]"}
RESULT: {"using":"xpath","value":"//span[contains(@id, \"smartTable-header-inner\")]"}
COMMAND: POST /session/799be37928140a71a03c3bbe373ba355/elements - {"using":"xpath","value":"//span[contains(@id, \"smartTable-header-inner\")]"}
RESULT: {"using":"xpath","value":"//span[contains(@id, \"smartTable-header-inner\")]"}
COMMAND: POST /session/799be37928140a71a03c3bbe373ba355/execute/sync - {"script":"<script> [56 bytes]","args":[{"element-6066-11e4-a52e-4f735466cecf":"f.19D3A8A536C023AFD4E776B255E62FBE.d.0096A8C842C99E3E50AB7214B8B6B242.e.22452","ELEMENT":"f.19D3A8A536C023AFD4E776B255E62FBE.d.0096A8C842C99E3E50AB7214B8B6B242.e.22452"}]}
RESULT: {"script":"<script> [56 bytes]","args":[{"element-6066-11e4-a52e-4f735466cecf":"f.19D3A8A536C023AFD4E776B255E62FBE.d.0096A8C842C99E3E50AB7214B8B6B242.e.22452","ELEMENT":"f.19D3A8A536C023AFD4E776B255E62FBE.d.0096A8C842C99E3E50AB7214B8B6B242.e.22452"}]}
COMMAND: POST /session/799be37928140a71a03c3bbe373ba355/element - {"using":"xpath","value":"//table[contains(@id, \"customHandovers\")]//tbody/tr[1]/td[2]/span"}
COMMAND: GET /session/799be37928140a71a03c3bbe373ba355/screenshot - {}
RESULT: {"using":"xpath","value":"//table[contains(@id, \"customHandovers\")]//tbody/tr[1]/td[2]/span"}
COMMAND: POST /session/799be37928140a71a03c3bbe373ba355/execute/sync - {"script":"<script> [56 bytes]","args":[{"element-6066-11e4-a52e-4f735466cecf":"f.19D3A8A536C023AFD4E776B255E62FBE.d.0096A8C842C99E3E50AB7214B8B6B242.e.22453","ELEMENT":"f.19D3A8A536C023AFD4E776B255E62FBE.d.0096A8C842C99E3E50AB7214B8B6B242.e.22453"}]}
RESULT: {}
RESULT: {"script":"<script> [56 bytes]","args":[{"element-6066-11e4-a52e-4f735466cecf":"f.19D3A8A536C023AFD4E776B255E62FBE.d.0096A8C842C99E3E50AB7214B8B6B242.e.22453","ELEMENT":"f.19D3A8A536C023AFD4E776B255E62FBE.d.0096A8C842C99E3E50AB7214B8B6B242.e.22453"}]}
COMMAND: POST /session/799be37928140a71a03c3bbe373ba355/element - {"using":"xpath","value":"(//span[contains(@id, \"imgNav\")])[1]"}
COMMAND: GET /session/799be37928140a71a03c3bbe373ba355/screenshot - {}
RESULT: {"using":"xpath","value":"(//span[contains(@id, \"imgNav\")])[1]"}
COMMAND: POST /session/799be37928140a71a03c3bbe373ba355/element/f.19D3A8A536C023AFD4E776B255E62FBE.d.0096A8C842C99E3E50AB7214B8B6B242.e.22451/click - {}
RESULT: {}
RESULT: {}
COMMAND: GET /session/799be37928140a71a03c3bbe373ba355/screenshot - {}
RESULT: {}
COMMAND: POST /session/799be37928140a71a03c3bbe373ba355/element - {"using":"xpath","value":"//button[@data-kt=\"PickingTableConfirmAllButton\"]"}
RESULT: {"using":"xpath","value":"//button[@data-kt=\"PickingTableConfirmAllButton\"]"}
COMMAND: POST /session/799be37928140a71a03c3bbe373ba355/element/f.19D3A8A536C023AFD4E776B255E62FBE.d.0096A8C842C99E3E50AB7214B8B6B242.e.22493/click - {}
RESULT: {}
COMMAND: GET /session/799be37928140a71a03c3bbe373ba355/screenshot - {}
RESULT: {}
COMMAND: POST /session/799be37928140a71a03c3bbe373ba355/element - {"using":"xpath","value":"//bdi[contains(text(), \"OK\")]"}
RESULT: {"using":"xpath","value":"//bdi[contains(text(), \"OK\")]"}
COMMAND: POST /session/799be37928140a71a03c3bbe373ba355/element/f.19D3A8A536C023AFD4E776B255E62FBE.d.0096A8C842C99E3E50AB7214B8B6B242.e.22505/click - {}
RESULT: {}
COMMAND: GET /session/799be37928140a71a03c3bbe373ba355/screenshot - {}
RESULT: {}
COMMAND: POST /session/799be37928140a71a03c3bbe373ba355/element - {"using":"xpath","value":"//button[@data-kt=\"execHoIssueButton\"]"}
RESULT: {"using":"xpath","value":"//button[@data-kt=\"execHoIssueButton\"]"}
COMMAND: POST /session/799be37928140a71a03c3bbe373ba355/element/f.19D3A8A536C023AFD4E776B255E62FBE.d.0096A8C842C99E3E50AB7214B8B6B242.e.22507/click - {}
RESULT: {}
COMMAND: GET /session/799be37928140a71a03c3bbe373ba355/screenshot - {}
RESULT: {}
COMMAND: POST /session/799be37928140a71a03c3bbe373ba355/element - {"using":"xpath","value":"//input[contains(@id ,\"smartFilterBar-btnBasicSearch-I\")]"}
RESULT: {"using":"xpath","value":"//input[contains(@id ,\"smartFilterBar-btnBasicSearch-I\")]"}
COMMAND: POST /session/799be37928140a71a03c3bbe373ba355/elements - {"using":"xpath","value":"//input[contains(@id ,\"smartFilterBar-btnBasicSearch-I\")]"}
RESULT: {"using":"xpath","value":"//input[contains(@id ,\"smartFilterBar-btnBasicSearch-I\")]"}
COMMAND: POST /session/799be37928140a71a03c3bbe373ba355/execute/sync - {"script":"<script> [8489 bytes]","args":[{"element-6066-11e4-a52e-4f735466cecf":"f.19D3A8A536C023AFD4E776B255E62FBE.d.0096A8C842C99E3E50AB7214B8B6B242.e.21972","ELEMENT":"f.19D3A8A536C023AFD4E776B255E62FBE.d.0096A8C842C99E3E50AB7214B8B6B242.e.21972"}]}
RESULT: {"script":"<script> [8489 bytes]","args":[{"element-6066-11e4-a52e-4f735466cecf":"f.19D3A8A536C023AFD4E776B255E62FBE.d.0096A8C842C99E3E50AB7214B8B6B242.e.21972","ELEMENT":"f.19D3A8A536C023AFD4E776B255E62FBE.d.0096A8C842C99E3E50AB7214B8B6B242.e.21972"}]}
COMMAND: GET /session/799be37928140a71a03c3bbe373ba355/element/f.19D3A8A536C023AFD4E776B255E62FBE.d.0096A8C842C99E3E50AB7214B8B6B242.e.21972/enabled - {}
COMMAND: GET /session/799be37928140a71a03c3bbe373ba355/screenshot - {}
RESULT: {}
COMMAND: POST /session/799be37928140a71a03c3bbe373ba355/element/f.19D3A8A536C023AFD4E776B255E62FBE.d.0096A8C842C99E3E50AB7214B8B6B242.e.21972/clear - {}
COMMAND: GET /session/799be37928140a71a03c3bbe373ba355/screenshot - {}
RESULT: {}
RESULT: {}
COMMAND: POST /session/799be37928140a71a03c3bbe373ba355/element/f.19D3A8A536C023AFD4E776B255E62FBE.d.0096A8C842C99E3E50AB7214B8B6B242.e.21972/value - {"text":"30867"}
COMMAND: GET /session/799be37928140a71a03c3bbe373ba355/screenshot - {}
RESULT: {}
RESULT: {"text":"30867"}
COMMAND: GET /session/799be37928140a71a03c3bbe373ba355/screenshot - {}
RESULT: {}
RESULT: {}
COMMAND: POST /session/799be37928140a71a03c3bbe373ba355/actions - {"actions":[{"id":"action74","type":"key","parameters":{},"actions":[{"type":"keyDown","value":""},{"type":"pause","duration":10},{"type":"keyUp","value":""}]}]}
RESULT: {"actions":[{"id":"action74","type":"key","parameters":{},"actions":[{"type":"keyDown","value":""},{"type":"pause","duration":10},{"type":"keyUp","value":""}]}]}
COMMAND: GET /session/799be37928140a71a03c3bbe373ba355/screenshot - {}
RESULT: {}
COMMAND: POST /session/799be37928140a71a03c3bbe373ba355/element - {"using":"xpath","value":"//span[contains(@id, \"smartTable-header-inner\")]"}
RESULT: {"using":"xpath","value":"//span[contains(@id, \"smartTable-header-inner\")]"}
COMMAND: POST /session/799be37928140a71a03c3bbe373ba355/elements - {"using":"xpath","value":"//span[contains(@id, \"smartTable-header-inner\")]"}
RESULT: {"using":"xpath","value":"//span[contains(@id, \"smartTable-header-inner\")]"}
COMMAND: POST /session/799be37928140a71a03c3bbe373ba355/execute/sync - {"script":"<script> [56 bytes]","args":[{"element-6066-11e4-a52e-4f735466cecf":"f.19D3A8A536C023AFD4E776B255E62FBE.d.0096A8C842C99E3E50AB7214B8B6B242.e.22452","ELEMENT":"f.19D3A8A536C023AFD4E776B255E62FBE.d.0096A8C842C99E3E50AB7214B8B6B242.e.22452"}]}
RESULT: {"script":"<script> [56 bytes]","args":[{"element-6066-11e4-a52e-4f735466cecf":"f.19D3A8A536C023AFD4E776B255E62FBE.d.0096A8C842C99E3E50AB7214B8B6B242.e.22452","ELEMENT":"f.19D3A8A536C023AFD4E776B255E62FBE.d.0096A8C842C99E3E50AB7214B8B6B242.e.22452"}]}
COMMAND: POST /session/799be37928140a71a03c3bbe373ba355/elements - {"using":"xpath","value":"//thead[contains(@class, \"sapMTableTH\")]/tr/th"}
COMMAND: GET /session/799be37928140a71a03c3bbe373ba355/screenshot - {}
RESULT: {"using":"xpath","value":"//thead[contains(@class, \"sapMTableTH\")]/tr/th"}
COMMAND: GET /session/799be37928140a71a03c3bbe373ba355/element/f.19D3A8A536C023AFD4E776B255E62FBE.d.0096A8C842C99E3E50AB7214B8B6B242.e.22543/text - {}
RESULT: {}
RESULT: {}
COMMAND: GET /session/799be37928140a71a03c3bbe373ba355/element/f.19D3A8A536C023AFD4E776B255E62FBE.d.0096A8C842C99E3E50AB7214B8B6B242.e.22544/text - {}
RESULT: {}
COMMAND: GET /session/799be37928140a71a03c3bbe373ba355/element/f.19D3A8A536C023AFD4E776B255E62FBE.d.0096A8C842C99E3E50AB7214B8B6B242.e.21927/text - {}
RESULT: {}
COMMAND: GET /session/799be37928140a71a03c3bbe373ba355/element/f.19D3A8A536C023AFD4E776B255E62FBE.d.0096A8C842C99E3E50AB7214B8B6B242.e.21929/text - {}
RESULT: {}
COMMAND: GET /session/799be37928140a71a03c3bbe373ba355/element/f.19D3A8A536C023AFD4E776B255E62FBE.d.0096A8C842C99E3E50AB7214B8B6B242.e.22510/text - {}
RESULT: {}
COMMAND: GET /session/799be37928140a71a03c3bbe373ba355/element/f.19D3A8A536C023AFD4E776B255E62FBE.d.0096A8C842C99E3E50AB7214B8B6B242.e.22511/text - {}
RESULT: {}
COMMAND: GET /session/799be37928140a71a03c3bbe373ba355/element/f.19D3A8A536C023AFD4E776B255E62FBE.d.0096A8C842C99E3E50AB7214B8B6B242.e.22512/text - {}
RESULT: {}
COMMAND: GET /session/799be37928140a71a03c3bbe373ba355/element/f.19D3A8A536C023AFD4E776B255E62FBE.d.0096A8C842C99E3E50AB7214B8B6B242.e.22513/text - {}
RESULT: {}
COMMAND: GET /session/799be37928140a71a03c3bbe373ba355/element/f.19D3A8A536C023AFD4E776B255E62FBE.d.0096A8C842C99E3E50AB7214B8B6B242.e.22514/text - {}
RESULT: {}
COMMAND: GET /session/799be37928140a71a03c3bbe373ba355/element/f.19D3A8A536C023AFD4E776B255E62FBE.d.0096A8C842C99E3E50AB7214B8B6B242.e.22515/text - {}
RESULT: {}
COMMAND: GET /session/799be37928140a71a03c3bbe373ba355/element/f.19D3A8A536C023AFD4E776B255E62FBE.d.0096A8C842C99E3E50AB7214B8B6B242.e.22516/text - {}
RESULT: {}
COMMAND: GET /session/799be37928140a71a03c3bbe373ba355/element/f.19D3A8A536C023AFD4E776B255E62FBE.d.0096A8C842C99E3E50AB7214B8B6B242.e.22517/text - {}
RESULT: {}
COMMAND: GET /session/799be37928140a71a03c3bbe373ba355/element/f.19D3A8A536C023AFD4E776B255E62FBE.d.0096A8C842C99E3E50AB7214B8B6B242.e.22518/text - {}
RESULT: {}
COMMAND: GET /session/799be37928140a71a03c3bbe373ba355/element/f.19D3A8A536C023AFD4E776B255E62FBE.d.0096A8C842C99E3E50AB7214B8B6B242.e.21930/text - {}
RESULT: {}
COMMAND: POST /session/799be37928140a71a03c3bbe373ba355/element - {"using":"xpath","value":"//tbody[contains(@id, \"customHandoversTable-tblBody\")]/tr[1]/td[14]/div/span"}
RESULT: {"using":"xpath","value":"//tbody[contains(@id, \"customHandoversTable-tblBody\")]/tr[1]/td[14]/div/span"}
COMMAND: POST /session/799be37928140a71a03c3bbe373ba355/execute/sync - {"script":"<script> [56 bytes]","args":[{"element-6066-11e4-a52e-4f735466cecf":"f.19D3A8A536C023AFD4E776B255E62FBE.d.0096A8C842C99E3E50AB7214B8B6B242.e.22596","ELEMENT":"f.19D3A8A536C023AFD4E776B255E62FBE.d.0096A8C842C99E3E50AB7214B8B6B242.e.22596"}]}
RESULT: {"script":"<script> [56 bytes]","args":[{"element-6066-11e4-a52e-4f735466cecf":"f.19D3A8A536C023AFD4E776B255E62FBE.d.0096A8C842C99E3E50AB7214B8B6B242.e.22596","ELEMENT":"f.19D3A8A536C023AFD4E776B255E62FBE.d.0096A8C842C99E3E50AB7214B8B6B242.e.22596"}]}
COMMAND: POST /session/799be37928140a71a03c3bbe373ba355/element - {"using":"xpath","value":"(//span[contains(@id, \"imgNav\")])[1]"}
COMMAND: GET /session/799be37928140a71a03c3bbe373ba355/screenshot - {}
RESULT: {"using":"xpath","value":"(//span[contains(@id, \"imgNav\")])[1]"}
COMMAND: POST /session/799be37928140a71a03c3bbe373ba355/element/f.19D3A8A536C023AFD4E776B255E62FBE.d.0096A8C842C99E3E50AB7214B8B6B242.e.22597/click - {}
RESULT: {}
RESULT: {}
COMMAND: GET /session/799be37928140a71a03c3bbe373ba355/screenshot - {}
RESULT: {}
RESULT: undefined
COMMAND: POST /session/799be37928140a71a03c3bbe373ba355/execute/async - {"script":"<script> [776 bytes]","args":[{"enterText":"04/26/25","selector":{"id":"receiptDatePicker","viewName":"etm.portal.ui.managehandovers.view.DetailExecuteHO","interaction":{"idSuffix":"inner"}},"clearTextFirst":true,"interactionType":"ENTER_TEXT"}]}
RESULT: {"script":"<script> [776 bytes]","args":[{"enterText":"04/26/25","selector":{"id":"receiptDatePicker","viewName":"etm.portal.ui.managehandovers.view.DetailExecuteHO","interaction":{"idSuffix":"inner"}},"clearTextFirst":true,"interactionType":"ENTER_TEXT"}]}
COMMAND: POST /session/799be37928140a71a03c3bbe373ba355/element - {"using":"xpath","value":"//button[@data-kt=\"PickingTableConfirmAllButton\"]"}
RESULT: {"using":"xpath","value":"//button[@data-kt=\"PickingTableConfirmAllButton\"]"}
COMMAND: POST /session/799be37928140a71a03c3bbe373ba355/element/f.19D3A8A536C023AFD4E776B255E62FBE.d.0096A8C842C99E3E50AB7214B8B6B242.e.22620/click - {}
RESULT: {}
COMMAND: GET /session/799be37928140a71a03c3bbe373ba355/screenshot - {}
RESULT: {}
COMMAND: POST /session/799be37928140a71a03c3bbe373ba355/element - {"using":"xpath","value":"//bdi[contains(text(), \"OK\")]"}
RESULT: {"using":"xpath","value":"//bdi[contains(text(), \"OK\")]"}
COMMAND: POST /session/799be37928140a71a03c3bbe373ba355/element/f.19D3A8A536C023AFD4E776B255E62FBE.d.0096A8C842C99E3E50AB7214B8B6B242.e.22635/click - {}
RESULT: {}
COMMAND: GET /session/799be37928140a71a03c3bbe373ba355/screenshot - {}
RESULT: {}
COMMAND: POST /session/799be37928140a71a03c3bbe373ba355/element - {"using":"xpath","value":"//button[@data-kt= \"execHoReceiveButton\"]"}
RESULT: {"using":"xpath","value":"//button[@data-kt= \"execHoReceiveButton\"]"}
COMMAND: POST /session/799be37928140a71a03c3bbe373ba355/element/f.19D3A8A536C023AFD4E776B255E62FBE.d.0096A8C842C99E3E50AB7214B8B6B242.e.22636/click - {}
RESULT: {}
COMMAND: GET /session/799be37928140a71a03c3bbe373ba355/screenshot - {}
RESULT: {}
COMMAND: POST /session/799be37928140a71a03c3bbe373ba355/element - {"using":"xpath","value":"//input[contains(@id ,\"smartFilterBar-btnBasicSearch-I\")]"}
RESULT: {"using":"xpath","value":"//input[contains(@id ,\"smartFilterBar-btnBasicSearch-I\")]"}
COMMAND: POST /session/799be37928140a71a03c3bbe373ba355/elements - {"using":"xpath","value":"//input[contains(@id ,\"smartFilterBar-btnBasicSearch-I\")]"}
RESULT: {"using":"xpath","value":"//input[contains(@id ,\"smartFilterBar-btnBasicSearch-I\")]"}
COMMAND: POST /session/799be37928140a71a03c3bbe373ba355/execute/sync - {"script":"<script> [8489 bytes]","args":[{"element-6066-11e4-a52e-4f735466cecf":"f.19D3A8A536C023AFD4E776B255E62FBE.d.0096A8C842C99E3E50AB7214B8B6B242.e.21972","ELEMENT":"f.19D3A8A536C023AFD4E776B255E62FBE.d.0096A8C842C99E3E50AB7214B8B6B242.e.21972"}]}
RESULT: {"script":"<script> [8489 bytes]","args":[{"element-6066-11e4-a52e-4f735466cecf":"f.19D3A8A536C023AFD4E776B255E62FBE.d.0096A8C842C99E3E50AB7214B8B6B242.e.21972","ELEMENT":"f.19D3A8A536C023AFD4E776B255E62FBE.d.0096A8C842C99E3E50AB7214B8B6B242.e.21972"}]}
COMMAND: GET /session/799be37928140a71a03c3bbe373ba355/element/f.19D3A8A536C023AFD4E776B255E62FBE.d.0096A8C842C99E3E50AB7214B8B6B242.e.21972/enabled - {}
COMMAND: GET /session/799be37928140a71a03c3bbe373ba355/screenshot - {}
RESULT: {}
COMMAND: POST /session/799be37928140a71a03c3bbe373ba355/element/f.19D3A8A536C023AFD4E776B255E62FBE.d.0096A8C842C99E3E50AB7214B8B6B242.e.21972/clear - {}
COMMAND: GET /session/799be37928140a71a03c3bbe373ba355/screenshot - {}
RESULT: {}
RESULT: {}
COMMAND: POST /session/799be37928140a71a03c3bbe373ba355/element/f.19D3A8A536C023AFD4E776B255E62FBE.d.0096A8C842C99E3E50AB7214B8B6B242.e.21972/value - {"text":"30867"}
COMMAND: GET /session/799be37928140a71a03c3bbe373ba355/screenshot - {}
RESULT: {}
RESULT: {"text":"30867"}
COMMAND: GET /session/799be37928140a71a03c3bbe373ba355/screenshot - {}
RESULT: {}
RESULT: {}
COMMAND: POST /session/799be37928140a71a03c3bbe373ba355/actions - {"actions":[{"id":"action75","type":"key","parameters":{},"actions":[{"type":"keyDown","value":""},{"type":"pause","duration":10},{"type":"keyUp","value":""}]}]}
RESULT: {"actions":[{"id":"action75","type":"key","parameters":{},"actions":[{"type":"keyDown","value":""},{"type":"pause","duration":10},{"type":"keyUp","value":""}]}]}
COMMAND: GET /session/799be37928140a71a03c3bbe373ba355/screenshot - {}
RESULT: {}
COMMAND: POST /session/799be37928140a71a03c3bbe373ba355/element - {"using":"xpath","value":"//span[contains(@id, \"smartTable-header-inner\")]"}
RESULT: {"using":"xpath","value":"//span[contains(@id, \"smartTable-header-inner\")]"}
COMMAND: POST /session/799be37928140a71a03c3bbe373ba355/elements - {"using":"xpath","value":"//span[contains(@id, \"smartTable-header-inner\")]"}
RESULT: {"using":"xpath","value":"//span[contains(@id, \"smartTable-header-inner\")]"}
COMMAND: POST /session/799be37928140a71a03c3bbe373ba355/execute/sync - {"script":"<script> [56 bytes]","args":[{"element-6066-11e4-a52e-4f735466cecf":"f.19D3A8A536C023AFD4E776B255E62FBE.d.0096A8C842C99E3E50AB7214B8B6B242.e.22452","ELEMENT":"f.19D3A8A536C023AFD4E776B255E62FBE.d.0096A8C842C99E3E50AB7214B8B6B242.e.22452"}]}
RESULT: {"script":"<script> [56 bytes]","args":[{"element-6066-11e4-a52e-4f735466cecf":"f.19D3A8A536C023AFD4E776B255E62FBE.d.0096A8C842C99E3E50AB7214B8B6B242.e.22452","ELEMENT":"f.19D3A8A536C023AFD4E776B255E62FBE.d.0096A8C842C99E3E50AB7214B8B6B242.e.22452"}]}
COMMAND: POST /session/799be37928140a71a03c3bbe373ba355/elements - {"using":"xpath","value":"//thead[contains(@class, \"sapMTableTH\")]/tr/th"}
COMMAND: GET /session/799be37928140a71a03c3bbe373ba355/screenshot - {}
RESULT: {"using":"xpath","value":"//thead[contains(@class, \"sapMTableTH\")]/tr/th"}
COMMAND: GET /session/799be37928140a71a03c3bbe373ba355/element/f.19D3A8A536C023AFD4E776B255E62FBE.d.0096A8C842C99E3E50AB7214B8B6B242.e.22543/text - {}
RESULT: {}
RESULT: {}
COMMAND: GET /session/799be37928140a71a03c3bbe373ba355/element/f.19D3A8A536C023AFD4E776B255E62FBE.d.0096A8C842C99E3E50AB7214B8B6B242.e.22544/text - {}
RESULT: {}
COMMAND: GET /session/799be37928140a71a03c3bbe373ba355/element/f.19D3A8A536C023AFD4E776B255E62FBE.d.0096A8C842C99E3E50AB7214B8B6B242.e.21927/text - {}
RESULT: {}
COMMAND: GET /session/799be37928140a71a03c3bbe373ba355/element/f.19D3A8A536C023AFD4E776B255E62FBE.d.0096A8C842C99E3E50AB7214B8B6B242.e.21929/text - {}
RESULT: {}
COMMAND: GET /session/799be37928140a71a03c3bbe373ba355/element/f.19D3A8A536C023AFD4E776B255E62FBE.d.0096A8C842C99E3E50AB7214B8B6B242.e.22640/text - {}
RESULT: {}
COMMAND: GET /session/799be37928140a71a03c3bbe373ba355/element/f.19D3A8A536C023AFD4E776B255E62FBE.d.0096A8C842C99E3E50AB7214B8B6B242.e.22641/text - {}
RESULT: {}
COMMAND: GET /session/799be37928140a71a03c3bbe373ba355/element/f.19D3A8A536C023AFD4E776B255E62FBE.d.0096A8C842C99E3E50AB7214B8B6B242.e.22642/text - {}
RESULT: {}
COMMAND: GET /session/799be37928140a71a03c3bbe373ba355/element/f.19D3A8A536C023AFD4E776B255E62FBE.d.0096A8C842C99E3E50AB7214B8B6B242.e.22643/text - {}
RESULT: {}
COMMAND: GET /session/799be37928140a71a03c3bbe373ba355/element/f.19D3A8A536C023AFD4E776B255E62FBE.d.0096A8C842C99E3E50AB7214B8B6B242.e.22644/text - {}
RESULT: {}
COMMAND: GET /session/799be37928140a71a03c3bbe373ba355/element/f.19D3A8A536C023AFD4E776B255E62FBE.d.0096A8C842C99E3E50AB7214B8B6B242.e.22645/text - {}
RESULT: {}
COMMAND: GET /session/799be37928140a71a03c3bbe373ba355/element/f.19D3A8A536C023AFD4E776B255E62FBE.d.0096A8C842C99E3E50AB7214B8B6B242.e.22646/text - {}
RESULT: {}
COMMAND: GET /session/799be37928140a71a03c3bbe373ba355/element/f.19D3A8A536C023AFD4E776B255E62FBE.d.0096A8C842C99E3E50AB7214B8B6B242.e.22647/text - {}
RESULT: {}
COMMAND: GET /session/799be37928140a71a03c3bbe373ba355/element/f.19D3A8A536C023AFD4E776B255E62FBE.d.0096A8C842C99E3E50AB7214B8B6B242.e.22648/text - {}
RESULT: {}
COMMAND: GET /session/799be37928140a71a03c3bbe373ba355/element/f.19D3A8A536C023AFD4E776B255E62FBE.d.0096A8C842C99E3E50AB7214B8B6B242.e.21930/text - {}
RESULT: {}
COMMAND: POST /session/799be37928140a71a03c3bbe373ba355/element - {"using":"xpath","value":"//tbody[contains(@id, \"customHandoversTable-tblBody\")]/tr[1]/td[14]/div/span"}
RESULT: {"using":"xpath","value":"//tbody[contains(@id, \"customHandoversTable-tblBody\")]/tr[1]/td[14]/div/span"}
COMMAND: POST /session/799be37928140a71a03c3bbe373ba355/execute/sync - {"script":"<script> [56 bytes]","args":[{"element-6066-11e4-a52e-4f735466cecf":"f.19D3A8A536C023AFD4E776B255E62FBE.d.0096A8C842C99E3E50AB7214B8B6B242.e.22693","ELEMENT":"f.19D3A8A536C023AFD4E776B255E62FBE.d.0096A8C842C99E3E50AB7214B8B6B242.e.22693"}]}
RESULT: {"script":"<script> [56 bytes]","args":[{"element-6066-11e4-a52e-4f735466cecf":"f.19D3A8A536C023AFD4E776B255E62FBE.d.0096A8C842C99E3E50AB7214B8B6B242.e.22693","ELEMENT":"f.19D3A8A536C023AFD4E776B255E62FBE.d.0096A8C842C99E3E50AB7214B8B6B242.e.22693"}]}
COMMAND: POST /session/799be37928140a71a03c3bbe373ba355/element - {"using":"css selector","value":"#shell-header-logo"}
COMMAND: GET /session/799be37928140a71a03c3bbe373ba355/screenshot - {}
RESULT: {"using":"css selector","value":"#shell-header-logo"}
COMMAND: POST /session/799be37928140a71a03c3bbe373ba355/element/f.19D3A8A536C023AFD4E776B255E62FBE.d.0096A8C842C99E3E50AB7214B8B6B242.e.21276/click - {}
RESULT: {}
RESULT: {}
COMMAND: GET /session/799be37928140a71a03c3bbe373ba355/screenshot - {}
RESULT: {}
]]></system-out>
    </testcase>
    <testcase classname="chrome.135_0_7049_42.windows.Billing_Calculation_-_Time_based_(considering_transport_times)_US139738" name="Should navigate to Manage Billings and trigger contract calculation business confirm it" time="52.677">
      <system-out><![CDATA[
COMMAND: POST /session/799be37928140a71a03c3bbe373ba355/execute/async - {"script":"<script> [1562 bytes]","args":[{"selector":{"controlType":"sap.m.GenericTile","properties":{"header":"Manage Billings"}},"wdio_ui5_key":"sapm.GenericTile{\"header\":\"Manage Billings\"}"}]}
RESULT: {"script":"<script> [1562 bytes]","args":[{"selector":{"controlType":"sap.m.GenericTile","properties":{"header":"Manage Billings"}},"wdio_ui5_key":"sapm.GenericTile{\"header\":\"Manage Billings\"}"}]}
RESULT: undefined
COMMAND: POST /session/799be37928140a71a03c3bbe373ba355/element - {"using":"xpath","value":"//*[@id=\"__tile51\"]"}
RESULT: {"using":"xpath","value":"//*[@id=\"__tile51\"]"}
COMMAND: POST /session/799be37928140a71a03c3bbe373ba355/element/f.19D3A8A536C023AFD4E776B255E62FBE.d.0096A8C842C99E3E50AB7214B8B6B242.e.19150/click - {}
RESULT: {}
COMMAND: GET /session/799be37928140a71a03c3bbe373ba355/screenshot - {}
RESULT: {}
COMMAND: POST /session/799be37928140a71a03c3bbe373ba355/execute/async - {"script":"<script> [1562 bytes]","args":[{"selector":{"id":"application-managebillings-display-component---billRunCalcResult--smartFilterBar-btnBasicSearch","interaction":{"idSuffix":"I"}},"wdio_ui5_key":"applicationmanagebillings-display-component---billRunCalcResult--smartFilterBar-btnBasicSearch"}]}
RESULT: {"script":"<script> [1562 bytes]","args":[{"selector":{"id":"application-managebillings-display-component---billRunCalcResult--smartFilterBar-btnBasicSearch","interaction":{"idSuffix":"I"}},"wdio_ui5_key":"applicationmanagebillings-display-component---billRunCalcResult--smartFilterBar-btnBasicSearch"}]}
RESULT: undefined
COMMAND: POST /session/799be37928140a71a03c3bbe373ba355/execute/async - {"script":"<script> [776 bytes]","args":[{"enterText":"10482","selector":{"id":"application-managebillings-display-component---billRunCalcResult--smartFilterBar-btnBasicSearch","interaction":{"idSuffix":"I"}},"clearTextFirst":true,"interactionType":"ENTER_TEXT"}]}
RESULT: {"script":"<script> [776 bytes]","args":[{"enterText":"10482","selector":{"id":"application-managebillings-display-component---billRunCalcResult--smartFilterBar-btnBasicSearch","interaction":{"idSuffix":"I"}},"clearTextFirst":true,"interactionType":"ENTER_TEXT"}]}
COMMAND: POST /session/799be37928140a71a03c3bbe373ba355/actions - {"actions":[{"id":"action76","type":"key","parameters":{},"actions":[{"type":"keyDown","value":""},{"type":"pause","duration":10},{"type":"keyUp","value":""}]}]}
RESULT: {"actions":[{"id":"action76","type":"key","parameters":{},"actions":[{"type":"keyDown","value":""},{"type":"pause","duration":10},{"type":"keyUp","value":""}]}]}
COMMAND: GET /session/799be37928140a71a03c3bbe373ba355/screenshot - {}
RESULT: {}
COMMAND: POST /session/799be37928140a71a03c3bbe373ba355/element - {"using":"xpath","value":"//td[@aria-colindex=\"1\"]/div/div[contains(@class, \"sapMCbBg\")]"}
RESULT: {"using":"xpath","value":"//td[@aria-colindex=\"1\"]/div/div[contains(@class, \"sapMCbBg\")]"}
COMMAND: POST /session/799be37928140a71a03c3bbe373ba355/element/f.19D3A8A536C023AFD4E776B255E62FBE.d.0096A8C842C99E3E50AB7214B8B6B242.e.22910/click - {}
RESULT: {}
COMMAND: GET /session/799be37928140a71a03c3bbe373ba355/screenshot - {}
RESULT: {}
COMMAND: POST /session/799be37928140a71a03c3bbe373ba355/execute/async - {"script":"<script> [1562 bytes]","args":[{"selector":{"id":"application-managebillings-display-component---billRunCalcResult--contractBillRunDate","interaction":{"idSuffix":"inner"}},"wdio_ui5_key":"applicationmanagebillings-display-component---billRunCalcResult--contractBillRunDate"}]}
RESULT: {"script":"<script> [1562 bytes]","args":[{"selector":{"id":"application-managebillings-display-component---billRunCalcResult--contractBillRunDate","interaction":{"idSuffix":"inner"}},"wdio_ui5_key":"applicationmanagebillings-display-component---billRunCalcResult--contractBillRunDate"}]}
RESULT: undefined
COMMAND: POST /session/799be37928140a71a03c3bbe373ba355/execute/async - {"script":"<script> [776 bytes]","args":[{"enterText":"04/19/25","selector":{"id":"application-managebillings-display-component---billRunCalcResult--contractBillRunDate","interaction":{"idSuffix":"inner"}},"clearTextFirst":true,"interactionType":"ENTER_TEXT"}]}
RESULT: {"script":"<script> [776 bytes]","args":[{"enterText":"04/19/25","selector":{"id":"application-managebillings-display-component---billRunCalcResult--contractBillRunDate","interaction":{"idSuffix":"inner"}},"clearTextFirst":true,"interactionType":"ENTER_TEXT"}]}
COMMAND: POST /session/799be37928140a71a03c3bbe373ba355/element - {"using":"xpath","value":"//bdi[contains(text(), \"Trigger Calculation\")]"}
RESULT: {"using":"xpath","value":"//bdi[contains(text(), \"Trigger Calculation\")]"}
COMMAND: POST /session/799be37928140a71a03c3bbe373ba355/element/f.19D3A8A536C023AFD4E776B255E62FBE.d.0096A8C842C99E3E50AB7214B8B6B242.e.22961/click - {}
RESULT: {}
COMMAND: GET /session/799be37928140a71a03c3bbe373ba355/screenshot - {}
RESULT: {}
COMMAND: POST /session/799be37928140a71a03c3bbe373ba355/element - {"using":"xpath","value":"(//span[contains(@id, \"imgNav\")])[1]"}
RESULT: {"using":"xpath","value":"(//span[contains(@id, \"imgNav\")])[1]"}
COMMAND: POST /session/799be37928140a71a03c3bbe373ba355/element/f.19D3A8A536C023AFD4E776B255E62FBE.d.0096A8C842C99E3E50AB7214B8B6B242.e.22911/click - {}
RESULT: {}
COMMAND: GET /session/799be37928140a71a03c3bbe373ba355/screenshot - {}
RESULT: {}
COMMAND: POST /session/799be37928140a71a03c3bbe373ba355/element - {"using":"xpath","value":"//tr/td[6]/div[1]/span[1]/span[1]"}
RESULT: {"using":"xpath","value":"//tr/td[6]/div[1]/span[1]/span[1]"}
COMMAND: GET /session/799be37928140a71a03c3bbe373ba355/element/f.19D3A8A536C023AFD4E776B255E62FBE.d.0096A8C842C99E3E50AB7214B8B6B242.e.22965/text - {}
RESULT: {}
COMMAND: POST /session/799be37928140a71a03c3bbe373ba355/element - {"using":"xpath","value":"(//span[contains(@id, \"imgNav\")])[2]"}
RESULT: {"using":"xpath","value":"(//span[contains(@id, \"imgNav\")])[2]"}
COMMAND: POST /session/799be37928140a71a03c3bbe373ba355/element/f.19D3A8A536C023AFD4E776B255E62FBE.d.0096A8C842C99E3E50AB7214B8B6B242.e.22966/click - {}
RESULT: {}
COMMAND: POST /session/799be37928140a71a03c3bbe373ba355/element - {"using":"xpath","value":"//bdi[contains(text(), \"Business Confirm\")]"}
COMMAND: GET /session/799be37928140a71a03c3bbe373ba355/screenshot - {}
RESULT: {"using":"xpath","value":"//bdi[contains(text(), \"Business Confirm\")]"}
COMMAND: POST /session/799be37928140a71a03c3bbe373ba355/elements - {"using":"xpath","value":"//bdi[contains(text(), \"Business Confirm\")]"}
RESULT: {}
RESULT: {"using":"xpath","value":"//bdi[contains(text(), \"Business Confirm\")]"}
COMMAND: POST /session/799be37928140a71a03c3bbe373ba355/element - {"using":"xpath","value":"//bdi[contains(text(), \"Business Confirm\")]"}
RESULT: {"using":"xpath","value":"//bdi[contains(text(), \"Business Confirm\")]"}
COMMAND: POST /session/799be37928140a71a03c3bbe373ba355/element/f.19D3A8A536C023AFD4E776B255E62FBE.d.0096A8C842C99E3E50AB7214B8B6B242.e.22968/click - {}
COMMAND: POST /session/799be37928140a71a03c3bbe373ba355/element - {"using":"xpath","value":"//bdi[contains(text(), \"Business Confirm\")]"}
RESULT: {"using":"xpath","value":"//bdi[contains(text(), \"Business Confirm\")]"}
COMMAND: POST /session/799be37928140a71a03c3bbe373ba355/element/f.19D3A8A536C023AFD4E776B255E62FBE.d.0096A8C842C99E3E50AB7214B8B6B242.e.22968/click - {}
COMMAND: POST /session/799be37928140a71a03c3bbe373ba355/element - {"using":"xpath","value":"//bdi[contains(text(), \"Business Confirm\")]"}
RESULT: {"using":"xpath","value":"//bdi[contains(text(), \"Business Confirm\")]"}
COMMAND: POST /session/799be37928140a71a03c3bbe373ba355/element/f.19D3A8A536C023AFD4E776B255E62FBE.d.0096A8C842C99E3E50AB7214B8B6B242.e.23012/click - {}
RESULT: {}
COMMAND: POST /session/799be37928140a71a03c3bbe373ba355/element - {"using":"css selector","value":"#shell-header-logo"}
COMMAND: GET /session/799be37928140a71a03c3bbe373ba355/screenshot - {}
RESULT: {"using":"css selector","value":"#shell-header-logo"}
COMMAND: POST /session/799be37928140a71a03c3bbe373ba355/element/f.19D3A8A536C023AFD4E776B255E62FBE.d.0096A8C842C99E3E50AB7214B8B6B242.e.22697/click - {}
RESULT: {}
RESULT: {}
COMMAND: GET /session/799be37928140a71a03c3bbe373ba355/screenshot - {}
RESULT: {}
]]></system-out>
    </testcase>
    <testcase classname="chrome.135_0_7049_42.windows.Billing_Calculation_-_Time_based_(considering_transport_times)_US139738" name="Should transfer the billing all the way to completion" time="92.159">
      <system-out><![CDATA[
COMMAND: POST /session/799be37928140a71a03c3bbe373ba355/execute/async - {"script":"<script> [1562 bytes]","args":[{"selector":{"controlType":"sap.m.GenericTile","properties":{"header":"Billing Transfer"}},"wdio_ui5_key":"sapm.GenericTile{\"header\":\"Billing Transfer\"}"}]}
RESULT: {"script":"<script> [1562 bytes]","args":[{"selector":{"controlType":"sap.m.GenericTile","properties":{"header":"Billing Transfer"}},"wdio_ui5_key":"sapm.GenericTile{\"header\":\"Billing Transfer\"}"}]}
RESULT: undefined
COMMAND: POST /session/799be37928140a71a03c3bbe373ba355/element - {"using":"xpath","value":"//*[@id=\"__tile50\"]"}
RESULT: {"using":"xpath","value":"//*[@id=\"__tile50\"]"}
COMMAND: POST /session/799be37928140a71a03c3bbe373ba355/element/f.19D3A8A536C023AFD4E776B255E62FBE.d.0096A8C842C99E3E50AB7214B8B6B242.e.19148/click - {}
RESULT: {}
COMMAND: POST /session/799be37928140a71a03c3bbe373ba355/element - {"using":"xpath","value":"//input[contains(@id ,\"application-billingtransfer-display-component---billingWorkbench--smartFilterBar-btnBasicSearch\")]"}
COMMAND: GET /session/799be37928140a71a03c3bbe373ba355/screenshot - {}
RESULT: {"using":"xpath","value":"//input[contains(@id ,\"application-billingtransfer-display-component---billingWorkbench--smartFilterBar-btnBasicSearch\")]"}
COMMAND: POST /session/799be37928140a71a03c3bbe373ba355/elements - {"using":"xpath","value":"//input[contains(@id ,\"application-billingtransfer-display-component---billingWorkbench--smartFilterBar-btnBasicSearch\")]"}
RESULT: {}
RESULT: {"using":"xpath","value":"//input[contains(@id ,\"application-billingtransfer-display-component---billingWorkbench--smartFilterBar-btnBasicSearch\")]"}
COMMAND: POST /session/799be37928140a71a03c3bbe373ba355/element - {"using":"xpath","value":"//input[contains(@id ,\"application-billingtransfer-display-component---billingWorkbench--smartFilterBar-btnBasicSearch\")]"}
RESULT: {"using":"xpath","value":"//input[contains(@id ,\"application-billingtransfer-display-component---billingWorkbench--smartFilterBar-btnBasicSearch\")]"}
COMMAND: POST /session/799be37928140a71a03c3bbe373ba355/execute/sync - {"script":"<script> [8489 bytes]","args":[{"element-6066-11e4-a52e-4f735466cecf":"f.19D3A8A536C023AFD4E776B255E62FBE.d.0096A8C842C99E3E50AB7214B8B6B242.e.23038","ELEMENT":"f.19D3A8A536C023AFD4E776B255E62FBE.d.0096A8C842C99E3E50AB7214B8B6B242.e.23038"}]}
RESULT: {"script":"<script> [8489 bytes]","args":[{"element-6066-11e4-a52e-4f735466cecf":"f.19D3A8A536C023AFD4E776B255E62FBE.d.0096A8C842C99E3E50AB7214B8B6B242.e.23038","ELEMENT":"f.19D3A8A536C023AFD4E776B255E62FBE.d.0096A8C842C99E3E50AB7214B8B6B242.e.23038"}]}
COMMAND: GET /session/799be37928140a71a03c3bbe373ba355/element/f.19D3A8A536C023AFD4E776B255E62FBE.d.0096A8C842C99E3E50AB7214B8B6B242.e.23038/enabled - {}
COMMAND: GET /session/799be37928140a71a03c3bbe373ba355/screenshot - {}
RESULT: {}
COMMAND: POST /session/799be37928140a71a03c3bbe373ba355/element/f.19D3A8A536C023AFD4E776B255E62FBE.d.0096A8C842C99E3E50AB7214B8B6B242.e.23038/click - {}
COMMAND: GET /session/799be37928140a71a03c3bbe373ba355/screenshot - {}
RESULT: {}
RESULT: {}
COMMAND: GET /session/799be37928140a71a03c3bbe373ba355/screenshot - {}
RESULT: {}
RESULT: {}
COMMAND: POST /session/799be37928140a71a03c3bbe373ba355/element/f.19D3A8A536C023AFD4E776B255E62FBE.d.0096A8C842C99E3E50AB7214B8B6B242.e.23038/clear - {}
RESULT: {}
COMMAND: POST /session/799be37928140a71a03c3bbe373ba355/element/f.19D3A8A536C023AFD4E776B255E62FBE.d.0096A8C842C99E3E50AB7214B8B6B242.e.23038/value - {"text":"10482"}
COMMAND: GET /session/799be37928140a71a03c3bbe373ba355/screenshot - {}
RESULT: {"text":"10482"}
COMMAND: POST /session/799be37928140a71a03c3bbe373ba355/actions - {"actions":[{"id":"action77","type":"key","parameters":{},"actions":[{"type":"keyDown","value":""},{"type":"pause","duration":10},{"type":"keyUp","value":""}]}]}
COMMAND: GET /session/799be37928140a71a03c3bbe373ba355/screenshot - {}
RESULT: {}
RESULT: {"actions":[{"id":"action77","type":"key","parameters":{},"actions":[{"type":"keyDown","value":""},{"type":"pause","duration":10},{"type":"keyUp","value":""}]}]}
COMMAND: GET /session/799be37928140a71a03c3bbe373ba355/screenshot - {}
RESULT: {}
RESULT: {}
COMMAND: POST /session/799be37928140a71a03c3bbe373ba355/element - {"using":"xpath","value":"//span[contains(@id ,\"application-billingtransfer-display-component---billingWorkbench--smartTableBillingRuns-header-inner\")]"}
RESULT: {"using":"xpath","value":"//span[contains(@id ,\"application-billingtransfer-display-component---billingWorkbench--smartTableBillingRuns-header-inner\")]"}
COMMAND: POST /session/799be37928140a71a03c3bbe373ba355/elements - {"using":"xpath","value":"//span[contains(@id ,\"application-billingtransfer-display-component---billingWorkbench--smartTableBillingRuns-header-inner\")]"}
RESULT: {"using":"xpath","value":"//span[contains(@id ,\"application-billingtransfer-display-component---billingWorkbench--smartTableBillingRuns-header-inner\")]"}
COMMAND: POST /session/799be37928140a71a03c3bbe373ba355/execute/sync - {"script":"<script> [56 bytes]","args":[{"element-6066-11e4-a52e-4f735466cecf":"f.19D3A8A536C023AFD4E776B255E62FBE.d.0096A8C842C99E3E50AB7214B8B6B242.e.23189","ELEMENT":"f.19D3A8A536C023AFD4E776B255E62FBE.d.0096A8C842C99E3E50AB7214B8B6B242.e.23189"}]}
RESULT: {"script":"<script> [56 bytes]","args":[{"element-6066-11e4-a52e-4f735466cecf":"f.19D3A8A536C023AFD4E776B255E62FBE.d.0096A8C842C99E3E50AB7214B8B6B242.e.23189","ELEMENT":"f.19D3A8A536C023AFD4E776B255E62FBE.d.0096A8C842C99E3E50AB7214B8B6B242.e.23189"}]}
COMMAND: POST /session/799be37928140a71a03c3bbe373ba355/element - {"using":"xpath","value":"//td[@aria-colindex=\"1\"]/div/div[contains(@class, \"sapMCbBg\")]"}
COMMAND: GET /session/799be37928140a71a03c3bbe373ba355/screenshot - {}
RESULT: {"using":"xpath","value":"//td[@aria-colindex=\"1\"]/div/div[contains(@class, \"sapMCbBg\")]"}
COMMAND: POST /session/799be37928140a71a03c3bbe373ba355/element/f.19D3A8A536C023AFD4E776B255E62FBE.d.0096A8C842C99E3E50AB7214B8B6B242.e.23174/click - {}
RESULT: {}
RESULT: {}
COMMAND: GET /session/799be37928140a71a03c3bbe373ba355/screenshot - {}
RESULT: {}
COMMAND: POST /session/799be37928140a71a03c3bbe373ba355/element - {"using":"xpath","value":"//bdi[contains(text(), \"Check\")]"}
RESULT: {"using":"xpath","value":"//bdi[contains(text(), \"Check\")]"}
COMMAND: POST /session/799be37928140a71a03c3bbe373ba355/element/f.19D3A8A536C023AFD4E776B255E62FBE.d.0096A8C842C99E3E50AB7214B8B6B242.e.23190/click - {}
RESULT: {}
COMMAND: GET /session/799be37928140a71a03c3bbe373ba355/screenshot - {}
RESULT: {}
COMMAND: POST /session/799be37928140a71a03c3bbe373ba355/element - {"using":"xpath","value":"//bdi[contains(text(), \"OK\")]"}
RESULT: {"using":"xpath","value":"//bdi[contains(text(), \"OK\")]"}
COMMAND: POST /session/799be37928140a71a03c3bbe373ba355/element/f.19D3A8A536C023AFD4E776B255E62FBE.d.0096A8C842C99E3E50AB7214B8B6B242.e.23193/click - {}
RESULT: {}
COMMAND: GET /session/799be37928140a71a03c3bbe373ba355/screenshot - {}
RESULT: {}
COMMAND: POST /session/799be37928140a71a03c3bbe373ba355/element - {"using":"xpath","value":"(//span[contains(text(), \"CO/SD checked\")]/parent::div/preceding-sibling::div/span)[1]"}
RESULT: {"using":"xpath","value":"(//span[contains(text(), \"CO/SD checked\")]/parent::div/preceding-sibling::div/span)[1]"}
COMMAND: POST /session/799be37928140a71a03c3bbe373ba355/element/f.19D3A8A536C023AFD4E776B255E62FBE.d.0096A8C842C99E3E50AB7214B8B6B242.e.23202/click - {}
RESULT: {}
COMMAND: GET /session/799be37928140a71a03c3bbe373ba355/screenshot - {}
RESULT: {}
COMMAND: POST /session/799be37928140a71a03c3bbe373ba355/element - {"using":"xpath","value":"//input[contains(@id ,\"application-billingtransfer-display-component---billingWorkbench--smartFilterBar-btnBasicSearch\")]"}
RESULT: {"using":"xpath","value":"//input[contains(@id ,\"application-billingtransfer-display-component---billingWorkbench--smartFilterBar-btnBasicSearch\")]"}
COMMAND: POST /session/799be37928140a71a03c3bbe373ba355/elements - {"using":"xpath","value":"//input[contains(@id ,\"application-billingtransfer-display-component---billingWorkbench--smartFilterBar-btnBasicSearch\")]"}
RESULT: {"using":"xpath","value":"//input[contains(@id ,\"application-billingtransfer-display-component---billingWorkbench--smartFilterBar-btnBasicSearch\")]"}
COMMAND: POST /session/799be37928140a71a03c3bbe373ba355/execute/sync - {"script":"<script> [8489 bytes]","args":[{"element-6066-11e4-a52e-4f735466cecf":"f.19D3A8A536C023AFD4E776B255E62FBE.d.0096A8C842C99E3E50AB7214B8B6B242.e.23038","ELEMENT":"f.19D3A8A536C023AFD4E776B255E62FBE.d.0096A8C842C99E3E50AB7214B8B6B242.e.23038"}]}
RESULT: {"script":"<script> [8489 bytes]","args":[{"element-6066-11e4-a52e-4f735466cecf":"f.19D3A8A536C023AFD4E776B255E62FBE.d.0096A8C842C99E3E50AB7214B8B6B242.e.23038","ELEMENT":"f.19D3A8A536C023AFD4E776B255E62FBE.d.0096A8C842C99E3E50AB7214B8B6B242.e.23038"}]}
COMMAND: GET /session/799be37928140a71a03c3bbe373ba355/element/f.19D3A8A536C023AFD4E776B255E62FBE.d.0096A8C842C99E3E50AB7214B8B6B242.e.23038/enabled - {}
COMMAND: GET /session/799be37928140a71a03c3bbe373ba355/screenshot - {}
RESULT: {}
RESULT: {}
COMMAND: POST /session/799be37928140a71a03c3bbe373ba355/element/f.19D3A8A536C023AFD4E776B255E62FBE.d.0096A8C842C99E3E50AB7214B8B6B242.e.23038/click - {}
COMMAND: GET /session/799be37928140a71a03c3bbe373ba355/screenshot - {}
RESULT: {}
COMMAND: GET /session/799be37928140a71a03c3bbe373ba355/screenshot - {}
RESULT: {}
RESULT: {}
COMMAND: POST /session/799be37928140a71a03c3bbe373ba355/element/f.19D3A8A536C023AFD4E776B255E62FBE.d.0096A8C842C99E3E50AB7214B8B6B242.e.23038/clear - {}
RESULT: {}
COMMAND: POST /session/799be37928140a71a03c3bbe373ba355/element/f.19D3A8A536C023AFD4E776B255E62FBE.d.0096A8C842C99E3E50AB7214B8B6B242.e.23038/value - {"text":"10482"}
COMMAND: GET /session/799be37928140a71a03c3bbe373ba355/screenshot - {}
RESULT: {"text":"10482"}
COMMAND: POST /session/799be37928140a71a03c3bbe373ba355/actions - {"actions":[{"id":"action78","type":"key","parameters":{},"actions":[{"type":"keyDown","value":""},{"type":"pause","duration":10},{"type":"keyUp","value":""}]}]}
COMMAND: GET /session/799be37928140a71a03c3bbe373ba355/screenshot - {}
RESULT: {}
RESULT: {"actions":[{"id":"action78","type":"key","parameters":{},"actions":[{"type":"keyDown","value":""},{"type":"pause","duration":10},{"type":"keyUp","value":""}]}]}
COMMAND: GET /session/799be37928140a71a03c3bbe373ba355/screenshot - {}
RESULT: {}
RESULT: {}
COMMAND: POST /session/799be37928140a71a03c3bbe373ba355/element - {"using":"xpath","value":"//span[contains(@id ,\"application-billingtransfer-display-component---billingWorkbench--smartTableBillingRuns-header-inner\")]"}
RESULT: {"using":"xpath","value":"//span[contains(@id ,\"application-billingtransfer-display-component---billingWorkbench--smartTableBillingRuns-header-inner\")]"}
COMMAND: POST /session/799be37928140a71a03c3bbe373ba355/elements - {"using":"xpath","value":"//span[contains(@id ,\"application-billingtransfer-display-component---billingWorkbench--smartTableBillingRuns-header-inner\")]"}
RESULT: {"using":"xpath","value":"//span[contains(@id ,\"application-billingtransfer-display-component---billingWorkbench--smartTableBillingRuns-header-inner\")]"}
COMMAND: POST /session/799be37928140a71a03c3bbe373ba355/execute/sync - {"script":"<script> [56 bytes]","args":[{"element-6066-11e4-a52e-4f735466cecf":"f.19D3A8A536C023AFD4E776B255E62FBE.d.0096A8C842C99E3E50AB7214B8B6B242.e.23189","ELEMENT":"f.19D3A8A536C023AFD4E776B255E62FBE.d.0096A8C842C99E3E50AB7214B8B6B242.e.23189"}]}
RESULT: {"script":"<script> [56 bytes]","args":[{"element-6066-11e4-a52e-4f735466cecf":"f.19D3A8A536C023AFD4E776B255E62FBE.d.0096A8C842C99E3E50AB7214B8B6B242.e.23189","ELEMENT":"f.19D3A8A536C023AFD4E776B255E62FBE.d.0096A8C842C99E3E50AB7214B8B6B242.e.23189"}]}
COMMAND: GET /session/799be37928140a71a03c3bbe373ba355/screenshot - {}
RESULT: {}
COMMAND: POST /session/799be37928140a71a03c3bbe373ba355/execute/sync - {"script":"<script> [56 bytes]","args":[{"element-6066-11e4-a52e-4f735466cecf":"f.19D3A8A536C023AFD4E776B255E62FBE.d.0096A8C842C99E3E50AB7214B8B6B242.e.23189","ELEMENT":"f.19D3A8A536C023AFD4E776B255E62FBE.d.0096A8C842C99E3E50AB7214B8B6B242.e.23189"}]}
RESULT: {"script":"<script> [56 bytes]","args":[{"element-6066-11e4-a52e-4f735466cecf":"f.19D3A8A536C023AFD4E776B255E62FBE.d.0096A8C842C99E3E50AB7214B8B6B242.e.23189","ELEMENT":"f.19D3A8A536C023AFD4E776B255E62FBE.d.0096A8C842C99E3E50AB7214B8B6B242.e.23189"}]}
COMMAND: GET /session/799be37928140a71a03c3bbe373ba355/screenshot - {}
RESULT: {}
COMMAND: POST /session/799be37928140a71a03c3bbe373ba355/execute/sync - {"script":"<script> [56 bytes]","args":[{"element-6066-11e4-a52e-4f735466cecf":"f.19D3A8A536C023AFD4E776B255E62FBE.d.0096A8C842C99E3E50AB7214B8B6B242.e.23189","ELEMENT":"f.19D3A8A536C023AFD4E776B255E62FBE.d.0096A8C842C99E3E50AB7214B8B6B242.e.23189"}]}
RESULT: {"script":"<script> [56 bytes]","args":[{"element-6066-11e4-a52e-4f735466cecf":"f.19D3A8A536C023AFD4E776B255E62FBE.d.0096A8C842C99E3E50AB7214B8B6B242.e.23189","ELEMENT":"f.19D3A8A536C023AFD4E776B255E62FBE.d.0096A8C842C99E3E50AB7214B8B6B242.e.23189"}]}
COMMAND: GET /session/799be37928140a71a03c3bbe373ba355/screenshot - {}
RESULT: {}
COMMAND: POST /session/799be37928140a71a03c3bbe373ba355/execute/sync - {"script":"<script> [56 bytes]","args":[{"element-6066-11e4-a52e-4f735466cecf":"f.19D3A8A536C023AFD4E776B255E62FBE.d.0096A8C842C99E3E50AB7214B8B6B242.e.23189","ELEMENT":"f.19D3A8A536C023AFD4E776B255E62FBE.d.0096A8C842C99E3E50AB7214B8B6B242.e.23189"}]}
RESULT: {"script":"<script> [56 bytes]","args":[{"element-6066-11e4-a52e-4f735466cecf":"f.19D3A8A536C023AFD4E776B255E62FBE.d.0096A8C842C99E3E50AB7214B8B6B242.e.23189","ELEMENT":"f.19D3A8A536C023AFD4E776B255E62FBE.d.0096A8C842C99E3E50AB7214B8B6B242.e.23189"}]}
COMMAND: GET /session/799be37928140a71a03c3bbe373ba355/screenshot - {}
RESULT: {}
COMMAND: POST /session/799be37928140a71a03c3bbe373ba355/execute/sync - {"script":"<script> [56 bytes]","args":[{"element-6066-11e4-a52e-4f735466cecf":"f.19D3A8A536C023AFD4E776B255E62FBE.d.0096A8C842C99E3E50AB7214B8B6B242.e.23189","ELEMENT":"f.19D3A8A536C023AFD4E776B255E62FBE.d.0096A8C842C99E3E50AB7214B8B6B242.e.23189"}]}
RESULT: {"script":"<script> [56 bytes]","args":[{"element-6066-11e4-a52e-4f735466cecf":"f.19D3A8A536C023AFD4E776B255E62FBE.d.0096A8C842C99E3E50AB7214B8B6B242.e.23189","ELEMENT":"f.19D3A8A536C023AFD4E776B255E62FBE.d.0096A8C842C99E3E50AB7214B8B6B242.e.23189"}]}
COMMAND: GET /session/799be37928140a71a03c3bbe373ba355/screenshot - {}
RESULT: {}
COMMAND: POST /session/799be37928140a71a03c3bbe373ba355/execute/sync - {"script":"<script> [56 bytes]","args":[{"element-6066-11e4-a52e-4f735466cecf":"f.19D3A8A536C023AFD4E776B255E62FBE.d.0096A8C842C99E3E50AB7214B8B6B242.e.23189","ELEMENT":"f.19D3A8A536C023AFD4E776B255E62FBE.d.0096A8C842C99E3E50AB7214B8B6B242.e.23189"}]}
RESULT: {"script":"<script> [56 bytes]","args":[{"element-6066-11e4-a52e-4f735466cecf":"f.19D3A8A536C023AFD4E776B255E62FBE.d.0096A8C842C99E3E50AB7214B8B6B242.e.23189","ELEMENT":"f.19D3A8A536C023AFD4E776B255E62FBE.d.0096A8C842C99E3E50AB7214B8B6B242.e.23189"}]}
COMMAND: GET /session/799be37928140a71a03c3bbe373ba355/screenshot - {}
RESULT: {}
COMMAND: POST /session/799be37928140a71a03c3bbe373ba355/execute/sync - {"script":"<script> [56 bytes]","args":[{"element-6066-11e4-a52e-4f735466cecf":"f.19D3A8A536C023AFD4E776B255E62FBE.d.0096A8C842C99E3E50AB7214B8B6B242.e.23189","ELEMENT":"f.19D3A8A536C023AFD4E776B255E62FBE.d.0096A8C842C99E3E50AB7214B8B6B242.e.23189"}]}
RESULT: {"script":"<script> [56 bytes]","args":[{"element-6066-11e4-a52e-4f735466cecf":"f.19D3A8A536C023AFD4E776B255E62FBE.d.0096A8C842C99E3E50AB7214B8B6B242.e.23189","ELEMENT":"f.19D3A8A536C023AFD4E776B255E62FBE.d.0096A8C842C99E3E50AB7214B8B6B242.e.23189"}]}
COMMAND: GET /session/799be37928140a71a03c3bbe373ba355/screenshot - {}
RESULT: {}
COMMAND: POST /session/799be37928140a71a03c3bbe373ba355/execute/sync - {"script":"<script> [56 bytes]","args":[{"element-6066-11e4-a52e-4f735466cecf":"f.19D3A8A536C023AFD4E776B255E62FBE.d.0096A8C842C99E3E50AB7214B8B6B242.e.23189","ELEMENT":"f.19D3A8A536C023AFD4E776B255E62FBE.d.0096A8C842C99E3E50AB7214B8B6B242.e.23189"}]}
RESULT: {"script":"<script> [56 bytes]","args":[{"element-6066-11e4-a52e-4f735466cecf":"f.19D3A8A536C023AFD4E776B255E62FBE.d.0096A8C842C99E3E50AB7214B8B6B242.e.23189","ELEMENT":"f.19D3A8A536C023AFD4E776B255E62FBE.d.0096A8C842C99E3E50AB7214B8B6B242.e.23189"}]}
COMMAND: GET /session/799be37928140a71a03c3bbe373ba355/screenshot - {}
RESULT: {}
COMMAND: POST /session/799be37928140a71a03c3bbe373ba355/execute/sync - {"script":"<script> [56 bytes]","args":[{"element-6066-11e4-a52e-4f735466cecf":"f.19D3A8A536C023AFD4E776B255E62FBE.d.0096A8C842C99E3E50AB7214B8B6B242.e.23189","ELEMENT":"f.19D3A8A536C023AFD4E776B255E62FBE.d.0096A8C842C99E3E50AB7214B8B6B242.e.23189"}]}
RESULT: {"script":"<script> [56 bytes]","args":[{"element-6066-11e4-a52e-4f735466cecf":"f.19D3A8A536C023AFD4E776B255E62FBE.d.0096A8C842C99E3E50AB7214B8B6B242.e.23189","ELEMENT":"f.19D3A8A536C023AFD4E776B255E62FBE.d.0096A8C842C99E3E50AB7214B8B6B242.e.23189"}]}
COMMAND: GET /session/799be37928140a71a03c3bbe373ba355/screenshot - {}
RESULT: {}
COMMAND: POST /session/799be37928140a71a03c3bbe373ba355/execute/sync - {"script":"<script> [56 bytes]","args":[{"element-6066-11e4-a52e-4f735466cecf":"f.19D3A8A536C023AFD4E776B255E62FBE.d.0096A8C842C99E3E50AB7214B8B6B242.e.23189","ELEMENT":"f.19D3A8A536C023AFD4E776B255E62FBE.d.0096A8C842C99E3E50AB7214B8B6B242.e.23189"}]}
RESULT: {"script":"<script> [56 bytes]","args":[{"element-6066-11e4-a52e-4f735466cecf":"f.19D3A8A536C023AFD4E776B255E62FBE.d.0096A8C842C99E3E50AB7214B8B6B242.e.23189","ELEMENT":"f.19D3A8A536C023AFD4E776B255E62FBE.d.0096A8C842C99E3E50AB7214B8B6B242.e.23189"}]}
COMMAND: GET /session/799be37928140a71a03c3bbe373ba355/screenshot - {}
RESULT: {}
COMMAND: POST /session/799be37928140a71a03c3bbe373ba355/execute/sync - {"script":"<script> [56 bytes]","args":[{"element-6066-11e4-a52e-4f735466cecf":"f.19D3A8A536C023AFD4E776B255E62FBE.d.0096A8C842C99E3E50AB7214B8B6B242.e.23189","ELEMENT":"f.19D3A8A536C023AFD4E776B255E62FBE.d.0096A8C842C99E3E50AB7214B8B6B242.e.23189"}]}
RESULT: {"script":"<script> [56 bytes]","args":[{"element-6066-11e4-a52e-4f735466cecf":"f.19D3A8A536C023AFD4E776B255E62FBE.d.0096A8C842C99E3E50AB7214B8B6B242.e.23189","ELEMENT":"f.19D3A8A536C023AFD4E776B255E62FBE.d.0096A8C842C99E3E50AB7214B8B6B242.e.23189"}]}
COMMAND: GET /session/799be37928140a71a03c3bbe373ba355/screenshot - {}
RESULT: {}
COMMAND: POST /session/799be37928140a71a03c3bbe373ba355/execute/sync - {"script":"<script> [56 bytes]","args":[{"element-6066-11e4-a52e-4f735466cecf":"f.19D3A8A536C023AFD4E776B255E62FBE.d.0096A8C842C99E3E50AB7214B8B6B242.e.23189","ELEMENT":"f.19D3A8A536C023AFD4E776B255E62FBE.d.0096A8C842C99E3E50AB7214B8B6B242.e.23189"}]}
RESULT: {"script":"<script> [56 bytes]","args":[{"element-6066-11e4-a52e-4f735466cecf":"f.19D3A8A536C023AFD4E776B255E62FBE.d.0096A8C842C99E3E50AB7214B8B6B242.e.23189","ELEMENT":"f.19D3A8A536C023AFD4E776B255E62FBE.d.0096A8C842C99E3E50AB7214B8B6B242.e.23189"}]}
COMMAND: GET /session/799be37928140a71a03c3bbe373ba355/screenshot - {}
RESULT: {}
COMMAND: POST /session/799be37928140a71a03c3bbe373ba355/execute/sync - {"script":"<script> [56 bytes]","args":[{"element-6066-11e4-a52e-4f735466cecf":"f.19D3A8A536C023AFD4E776B255E62FBE.d.0096A8C842C99E3E50AB7214B8B6B242.e.23189","ELEMENT":"f.19D3A8A536C023AFD4E776B255E62FBE.d.0096A8C842C99E3E50AB7214B8B6B242.e.23189"}]}
RESULT: {"script":"<script> [56 bytes]","args":[{"element-6066-11e4-a52e-4f735466cecf":"f.19D3A8A536C023AFD4E776B255E62FBE.d.0096A8C842C99E3E50AB7214B8B6B242.e.23189","ELEMENT":"f.19D3A8A536C023AFD4E776B255E62FBE.d.0096A8C842C99E3E50AB7214B8B6B242.e.23189"}]}
COMMAND: GET /session/799be37928140a71a03c3bbe373ba355/screenshot - {}
RESULT: {}
COMMAND: POST /session/799be37928140a71a03c3bbe373ba355/execute/sync - {"script":"<script> [56 bytes]","args":[{"element-6066-11e4-a52e-4f735466cecf":"f.19D3A8A536C023AFD4E776B255E62FBE.d.0096A8C842C99E3E50AB7214B8B6B242.e.23189","ELEMENT":"f.19D3A8A536C023AFD4E776B255E62FBE.d.0096A8C842C99E3E50AB7214B8B6B242.e.23189"}]}
RESULT: {"script":"<script> [56 bytes]","args":[{"element-6066-11e4-a52e-4f735466cecf":"f.19D3A8A536C023AFD4E776B255E62FBE.d.0096A8C842C99E3E50AB7214B8B6B242.e.23189","ELEMENT":"f.19D3A8A536C023AFD4E776B255E62FBE.d.0096A8C842C99E3E50AB7214B8B6B242.e.23189"}]}
COMMAND: GET /session/799be37928140a71a03c3bbe373ba355/screenshot - {}
RESULT: {}
COMMAND: POST /session/799be37928140a71a03c3bbe373ba355/execute/sync - {"script":"<script> [56 bytes]","args":[{"element-6066-11e4-a52e-4f735466cecf":"f.19D3A8A536C023AFD4E776B255E62FBE.d.0096A8C842C99E3E50AB7214B8B6B242.e.23189","ELEMENT":"f.19D3A8A536C023AFD4E776B255E62FBE.d.0096A8C842C99E3E50AB7214B8B6B242.e.23189"}]}
RESULT: {"script":"<script> [56 bytes]","args":[{"element-6066-11e4-a52e-4f735466cecf":"f.19D3A8A536C023AFD4E776B255E62FBE.d.0096A8C842C99E3E50AB7214B8B6B242.e.23189","ELEMENT":"f.19D3A8A536C023AFD4E776B255E62FBE.d.0096A8C842C99E3E50AB7214B8B6B242.e.23189"}]}
COMMAND: GET /session/799be37928140a71a03c3bbe373ba355/screenshot - {}
RESULT: {}
COMMAND: POST /session/799be37928140a71a03c3bbe373ba355/execute/sync - {"script":"<script> [56 bytes]","args":[{"element-6066-11e4-a52e-4f735466cecf":"f.19D3A8A536C023AFD4E776B255E62FBE.d.0096A8C842C99E3E50AB7214B8B6B242.e.23189","ELEMENT":"f.19D3A8A536C023AFD4E776B255E62FBE.d.0096A8C842C99E3E50AB7214B8B6B242.e.23189"}]}
RESULT: {"script":"<script> [56 bytes]","args":[{"element-6066-11e4-a52e-4f735466cecf":"f.19D3A8A536C023AFD4E776B255E62FBE.d.0096A8C842C99E3E50AB7214B8B6B242.e.23189","ELEMENT":"f.19D3A8A536C023AFD4E776B255E62FBE.d.0096A8C842C99E3E50AB7214B8B6B242.e.23189"}]}
COMMAND: GET /session/799be37928140a71a03c3bbe373ba355/screenshot - {}
RESULT: {}
COMMAND: POST /session/799be37928140a71a03c3bbe373ba355/execute/sync - {"script":"<script> [56 bytes]","args":[{"element-6066-11e4-a52e-4f735466cecf":"f.19D3A8A536C023AFD4E776B255E62FBE.d.0096A8C842C99E3E50AB7214B8B6B242.e.23189","ELEMENT":"f.19D3A8A536C023AFD4E776B255E62FBE.d.0096A8C842C99E3E50AB7214B8B6B242.e.23189"}]}
RESULT: {"script":"<script> [56 bytes]","args":[{"element-6066-11e4-a52e-4f735466cecf":"f.19D3A8A536C023AFD4E776B255E62FBE.d.0096A8C842C99E3E50AB7214B8B6B242.e.23189","ELEMENT":"f.19D3A8A536C023AFD4E776B255E62FBE.d.0096A8C842C99E3E50AB7214B8B6B242.e.23189"}]}
COMMAND: GET /session/799be37928140a71a03c3bbe373ba355/screenshot - {}
RESULT: {}
COMMAND: POST /session/799be37928140a71a03c3bbe373ba355/execute/sync - {"script":"<script> [56 bytes]","args":[{"element-6066-11e4-a52e-4f735466cecf":"f.19D3A8A536C023AFD4E776B255E62FBE.d.0096A8C842C99E3E50AB7214B8B6B242.e.23189","ELEMENT":"f.19D3A8A536C023AFD4E776B255E62FBE.d.0096A8C842C99E3E50AB7214B8B6B242.e.23189"}]}
RESULT: {"script":"<script> [56 bytes]","args":[{"element-6066-11e4-a52e-4f735466cecf":"f.19D3A8A536C023AFD4E776B255E62FBE.d.0096A8C842C99E3E50AB7214B8B6B242.e.23189","ELEMENT":"f.19D3A8A536C023AFD4E776B255E62FBE.d.0096A8C842C99E3E50AB7214B8B6B242.e.23189"}]}
COMMAND: GET /session/799be37928140a71a03c3bbe373ba355/screenshot - {}
RESULT: {}
COMMAND: POST /session/799be37928140a71a03c3bbe373ba355/execute/sync - {"script":"<script> [56 bytes]","args":[{"element-6066-11e4-a52e-4f735466cecf":"f.19D3A8A536C023AFD4E776B255E62FBE.d.0096A8C842C99E3E50AB7214B8B6B242.e.23189","ELEMENT":"f.19D3A8A536C023AFD4E776B255E62FBE.d.0096A8C842C99E3E50AB7214B8B6B242.e.23189"}]}
RESULT: {"script":"<script> [56 bytes]","args":[{"element-6066-11e4-a52e-4f735466cecf":"f.19D3A8A536C023AFD4E776B255E62FBE.d.0096A8C842C99E3E50AB7214B8B6B242.e.23189","ELEMENT":"f.19D3A8A536C023AFD4E776B255E62FBE.d.0096A8C842C99E3E50AB7214B8B6B242.e.23189"}]}
COMMAND: GET /session/799be37928140a71a03c3bbe373ba355/screenshot - {}
RESULT: {}
COMMAND: POST /session/799be37928140a71a03c3bbe373ba355/execute/sync - {"script":"<script> [56 bytes]","args":[{"element-6066-11e4-a52e-4f735466cecf":"f.19D3A8A536C023AFD4E776B255E62FBE.d.0096A8C842C99E3E50AB7214B8B6B242.e.23189","ELEMENT":"f.19D3A8A536C023AFD4E776B255E62FBE.d.0096A8C842C99E3E50AB7214B8B6B242.e.23189"}]}
RESULT: {"script":"<script> [56 bytes]","args":[{"element-6066-11e4-a52e-4f735466cecf":"f.19D3A8A536C023AFD4E776B255E62FBE.d.0096A8C842C99E3E50AB7214B8B6B242.e.23189","ELEMENT":"f.19D3A8A536C023AFD4E776B255E62FBE.d.0096A8C842C99E3E50AB7214B8B6B242.e.23189"}]}
COMMAND: GET /session/799be37928140a71a03c3bbe373ba355/screenshot - {}
RESULT: {}
COMMAND: POST /session/799be37928140a71a03c3bbe373ba355/execute/sync - {"script":"<script> [56 bytes]","args":[{"element-6066-11e4-a52e-4f735466cecf":"f.19D3A8A536C023AFD4E776B255E62FBE.d.0096A8C842C99E3E50AB7214B8B6B242.e.23189","ELEMENT":"f.19D3A8A536C023AFD4E776B255E62FBE.d.0096A8C842C99E3E50AB7214B8B6B242.e.23189"}]}
RESULT: {"script":"<script> [56 bytes]","args":[{"element-6066-11e4-a52e-4f735466cecf":"f.19D3A8A536C023AFD4E776B255E62FBE.d.0096A8C842C99E3E50AB7214B8B6B242.e.23189","ELEMENT":"f.19D3A8A536C023AFD4E776B255E62FBE.d.0096A8C842C99E3E50AB7214B8B6B242.e.23189"}]}
COMMAND: GET /session/799be37928140a71a03c3bbe373ba355/screenshot - {}
RESULT: {}
COMMAND: POST /session/799be37928140a71a03c3bbe373ba355/execute/sync - {"script":"<script> [56 bytes]","args":[{"element-6066-11e4-a52e-4f735466cecf":"f.19D3A8A536C023AFD4E776B255E62FBE.d.0096A8C842C99E3E50AB7214B8B6B242.e.23189","ELEMENT":"f.19D3A8A536C023AFD4E776B255E62FBE.d.0096A8C842C99E3E50AB7214B8B6B242.e.23189"}]}
RESULT: {"script":"<script> [56 bytes]","args":[{"element-6066-11e4-a52e-4f735466cecf":"f.19D3A8A536C023AFD4E776B255E62FBE.d.0096A8C842C99E3E50AB7214B8B6B242.e.23189","ELEMENT":"f.19D3A8A536C023AFD4E776B255E62FBE.d.0096A8C842C99E3E50AB7214B8B6B242.e.23189"}]}
COMMAND: GET /session/799be37928140a71a03c3bbe373ba355/screenshot - {}
RESULT: {}
COMMAND: POST /session/799be37928140a71a03c3bbe373ba355/execute/sync - {"script":"<script> [56 bytes]","args":[{"element-6066-11e4-a52e-4f735466cecf":"f.19D3A8A536C023AFD4E776B255E62FBE.d.0096A8C842C99E3E50AB7214B8B6B242.e.23189","ELEMENT":"f.19D3A8A536C023AFD4E776B255E62FBE.d.0096A8C842C99E3E50AB7214B8B6B242.e.23189"}]}
RESULT: {"script":"<script> [56 bytes]","args":[{"element-6066-11e4-a52e-4f735466cecf":"f.19D3A8A536C023AFD4E776B255E62FBE.d.0096A8C842C99E3E50AB7214B8B6B242.e.23189","ELEMENT":"f.19D3A8A536C023AFD4E776B255E62FBE.d.0096A8C842C99E3E50AB7214B8B6B242.e.23189"}]}
COMMAND: GET /session/799be37928140a71a03c3bbe373ba355/screenshot - {}
RESULT: {}
COMMAND: POST /session/799be37928140a71a03c3bbe373ba355/execute/sync - {"script":"<script> [56 bytes]","args":[{"element-6066-11e4-a52e-4f735466cecf":"f.19D3A8A536C023AFD4E776B255E62FBE.d.0096A8C842C99E3E50AB7214B8B6B242.e.23189","ELEMENT":"f.19D3A8A536C023AFD4E776B255E62FBE.d.0096A8C842C99E3E50AB7214B8B6B242.e.23189"}]}
RESULT: {"script":"<script> [56 bytes]","args":[{"element-6066-11e4-a52e-4f735466cecf":"f.19D3A8A536C023AFD4E776B255E62FBE.d.0096A8C842C99E3E50AB7214B8B6B242.e.23189","ELEMENT":"f.19D3A8A536C023AFD4E776B255E62FBE.d.0096A8C842C99E3E50AB7214B8B6B242.e.23189"}]}
COMMAND: GET /session/799be37928140a71a03c3bbe373ba355/screenshot - {}
RESULT: {}
COMMAND: POST /session/799be37928140a71a03c3bbe373ba355/execute/sync - {"script":"<script> [56 bytes]","args":[{"element-6066-11e4-a52e-4f735466cecf":"f.19D3A8A536C023AFD4E776B255E62FBE.d.0096A8C842C99E3E50AB7214B8B6B242.e.23189","ELEMENT":"f.19D3A8A536C023AFD4E776B255E62FBE.d.0096A8C842C99E3E50AB7214B8B6B242.e.23189"}]}
RESULT: {"script":"<script> [56 bytes]","args":[{"element-6066-11e4-a52e-4f735466cecf":"f.19D3A8A536C023AFD4E776B255E62FBE.d.0096A8C842C99E3E50AB7214B8B6B242.e.23189","ELEMENT":"f.19D3A8A536C023AFD4E776B255E62FBE.d.0096A8C842C99E3E50AB7214B8B6B242.e.23189"}]}
COMMAND: GET /session/799be37928140a71a03c3bbe373ba355/screenshot - {}
RESULT: {}
COMMAND: POST /session/799be37928140a71a03c3bbe373ba355/execute/sync - {"script":"<script> [56 bytes]","args":[{"element-6066-11e4-a52e-4f735466cecf":"f.19D3A8A536C023AFD4E776B255E62FBE.d.0096A8C842C99E3E50AB7214B8B6B242.e.23189","ELEMENT":"f.19D3A8A536C023AFD4E776B255E62FBE.d.0096A8C842C99E3E50AB7214B8B6B242.e.23189"}]}
RESULT: {"script":"<script> [56 bytes]","args":[{"element-6066-11e4-a52e-4f735466cecf":"f.19D3A8A536C023AFD4E776B255E62FBE.d.0096A8C842C99E3E50AB7214B8B6B242.e.23189","ELEMENT":"f.19D3A8A536C023AFD4E776B255E62FBE.d.0096A8C842C99E3E50AB7214B8B6B242.e.23189"}]}
COMMAND: GET /session/799be37928140a71a03c3bbe373ba355/screenshot - {}
RESULT: {}
COMMAND: POST /session/799be37928140a71a03c3bbe373ba355/execute/sync - {"script":"<script> [56 bytes]","args":[{"element-6066-11e4-a52e-4f735466cecf":"f.19D3A8A536C023AFD4E776B255E62FBE.d.0096A8C842C99E3E50AB7214B8B6B242.e.23189","ELEMENT":"f.19D3A8A536C023AFD4E776B255E62FBE.d.0096A8C842C99E3E50AB7214B8B6B242.e.23189"}]}
RESULT: {"script":"<script> [56 bytes]","args":[{"element-6066-11e4-a52e-4f735466cecf":"f.19D3A8A536C023AFD4E776B255E62FBE.d.0096A8C842C99E3E50AB7214B8B6B242.e.23189","ELEMENT":"f.19D3A8A536C023AFD4E776B255E62FBE.d.0096A8C842C99E3E50AB7214B8B6B242.e.23189"}]}
COMMAND: GET /session/799be37928140a71a03c3bbe373ba355/screenshot - {}
RESULT: {}
COMMAND: POST /session/799be37928140a71a03c3bbe373ba355/execute/sync - {"script":"<script> [56 bytes]","args":[{"element-6066-11e4-a52e-4f735466cecf":"f.19D3A8A536C023AFD4E776B255E62FBE.d.0096A8C842C99E3E50AB7214B8B6B242.e.23189","ELEMENT":"f.19D3A8A536C023AFD4E776B255E62FBE.d.0096A8C842C99E3E50AB7214B8B6B242.e.23189"}]}
RESULT: {"script":"<script> [56 bytes]","args":[{"element-6066-11e4-a52e-4f735466cecf":"f.19D3A8A536C023AFD4E776B255E62FBE.d.0096A8C842C99E3E50AB7214B8B6B242.e.23189","ELEMENT":"f.19D3A8A536C023AFD4E776B255E62FBE.d.0096A8C842C99E3E50AB7214B8B6B242.e.23189"}]}
COMMAND: POST /session/799be37928140a71a03c3bbe373ba355/element - {"using":"xpath","value":"//td[@aria-colindex=\"1\"]/div/div[contains(@class, \"sapMCbBg\")]"}
COMMAND: GET /session/799be37928140a71a03c3bbe373ba355/screenshot - {}
RESULT: {"using":"xpath","value":"//td[@aria-colindex=\"1\"]/div/div[contains(@class, \"sapMCbBg\")]"}
COMMAND: POST /session/799be37928140a71a03c3bbe373ba355/element/f.19D3A8A536C023AFD4E776B255E62FBE.d.0096A8C842C99E3E50AB7214B8B6B242.e.23206/click - {}
RESULT: {}
RESULT: {}
COMMAND: GET /session/799be37928140a71a03c3bbe373ba355/screenshot - {}
RESULT: {}
COMMAND: POST /session/799be37928140a71a03c3bbe373ba355/element - {"using":"xpath","value":"//bdi[text()=\"Transfer\"]"}
RESULT: {"using":"xpath","value":"//bdi[text()=\"Transfer\"]"}
COMMAND: POST /session/799be37928140a71a03c3bbe373ba355/element/f.19D3A8A536C023AFD4E776B255E62FBE.d.0096A8C842C99E3E50AB7214B8B6B242.e.23207/click - {}
RESULT: {}
COMMAND: GET /session/799be37928140a71a03c3bbe373ba355/screenshot - {}
RESULT: {}
COMMAND: POST /session/799be37928140a71a03c3bbe373ba355/element - {"using":"xpath","value":"//bdi[contains(text(), \"OK\")]"}
RESULT: {"using":"xpath","value":"//bdi[contains(text(), \"OK\")]"}
COMMAND: POST /session/799be37928140a71a03c3bbe373ba355/element/f.19D3A8A536C023AFD4E776B255E62FBE.d.0096A8C842C99E3E50AB7214B8B6B242.e.23210/click - {}
RESULT: {}
COMMAND: GET /session/799be37928140a71a03c3bbe373ba355/screenshot - {}
RESULT: {}
COMMAND: POST /session/799be37928140a71a03c3bbe373ba355/element - {"using":"xpath","value":"(//span[contains(text(), \"Completed\")]/parent::div/preceding-sibling::div/span)[1]"}
RESULT: {"using":"xpath","value":"(//span[contains(text(), \"Completed\")]/parent::div/preceding-sibling::div/span)[1]"}
COMMAND: POST /session/799be37928140a71a03c3bbe373ba355/element/f.19D3A8A536C023AFD4E776B255E62FBE.d.0096A8C842C99E3E50AB7214B8B6B242.e.23219/click - {}
RESULT: {}
COMMAND: POST /session/799be37928140a71a03c3bbe373ba355/element - {"using":"xpath","value":"//input[contains(@id ,\"application-billingtransfer-display-component---billingWorkbench--smartFilterBar-btnBasicSearch\")]"}
COMMAND: GET /session/799be37928140a71a03c3bbe373ba355/screenshot - {}
RESULT: {"using":"xpath","value":"//input[contains(@id ,\"application-billingtransfer-display-component---billingWorkbench--smartFilterBar-btnBasicSearch\")]"}
COMMAND: POST /session/799be37928140a71a03c3bbe373ba355/elements - {"using":"xpath","value":"//input[contains(@id ,\"application-billingtransfer-display-component---billingWorkbench--smartFilterBar-btnBasicSearch\")]"}
RESULT: {}
RESULT: {"using":"xpath","value":"//input[contains(@id ,\"application-billingtransfer-display-component---billingWorkbench--smartFilterBar-btnBasicSearch\")]"}
COMMAND: POST /session/799be37928140a71a03c3bbe373ba355/execute/sync - {"script":"<script> [8489 bytes]","args":[{"element-6066-11e4-a52e-4f735466cecf":"f.19D3A8A536C023AFD4E776B255E62FBE.d.0096A8C842C99E3E50AB7214B8B6B242.e.23038","ELEMENT":"f.19D3A8A536C023AFD4E776B255E62FBE.d.0096A8C842C99E3E50AB7214B8B6B242.e.23038"}]}
RESULT: {"script":"<script> [8489 bytes]","args":[{"element-6066-11e4-a52e-4f735466cecf":"f.19D3A8A536C023AFD4E776B255E62FBE.d.0096A8C842C99E3E50AB7214B8B6B242.e.23038","ELEMENT":"f.19D3A8A536C023AFD4E776B255E62FBE.d.0096A8C842C99E3E50AB7214B8B6B242.e.23038"}]}
COMMAND: GET /session/799be37928140a71a03c3bbe373ba355/element/f.19D3A8A536C023AFD4E776B255E62FBE.d.0096A8C842C99E3E50AB7214B8B6B242.e.23038/enabled - {}
COMMAND: GET /session/799be37928140a71a03c3bbe373ba355/screenshot - {}
RESULT: {}
COMMAND: POST /session/799be37928140a71a03c3bbe373ba355/element/f.19D3A8A536C023AFD4E776B255E62FBE.d.0096A8C842C99E3E50AB7214B8B6B242.e.23038/click - {}
COMMAND: GET /session/799be37928140a71a03c3bbe373ba355/screenshot - {}
RESULT: {}
RESULT: {}
COMMAND: GET /session/799be37928140a71a03c3bbe373ba355/screenshot - {}
RESULT: {}
RESULT: {}
COMMAND: POST /session/799be37928140a71a03c3bbe373ba355/element/f.19D3A8A536C023AFD4E776B255E62FBE.d.0096A8C842C99E3E50AB7214B8B6B242.e.23038/clear - {}
RESULT: {}
COMMAND: POST /session/799be37928140a71a03c3bbe373ba355/element/f.19D3A8A536C023AFD4E776B255E62FBE.d.0096A8C842C99E3E50AB7214B8B6B242.e.23038/value - {"text":"10482"}
COMMAND: GET /session/799be37928140a71a03c3bbe373ba355/screenshot - {}
RESULT: {"text":"10482"}
COMMAND: POST /session/799be37928140a71a03c3bbe373ba355/actions - {"actions":[{"id":"action79","type":"key","parameters":{},"actions":[{"type":"keyDown","value":""},{"type":"pause","duration":10},{"type":"keyUp","value":""}]}]}
COMMAND: GET /session/799be37928140a71a03c3bbe373ba355/screenshot - {}
RESULT: {}
RESULT: {"actions":[{"id":"action79","type":"key","parameters":{},"actions":[{"type":"keyDown","value":""},{"type":"pause","duration":10},{"type":"keyUp","value":""}]}]}
COMMAND: GET /session/799be37928140a71a03c3bbe373ba355/screenshot - {}
RESULT: {}
RESULT: {}
COMMAND: POST /session/799be37928140a71a03c3bbe373ba355/element - {"using":"xpath","value":"//span[contains(@id ,\"application-billingtransfer-display-component---billingWorkbench--smartTableBillingRuns-header-inner\")]"}
RESULT: {"using":"xpath","value":"//span[contains(@id ,\"application-billingtransfer-display-component---billingWorkbench--smartTableBillingRuns-header-inner\")]"}
COMMAND: POST /session/799be37928140a71a03c3bbe373ba355/elements - {"using":"xpath","value":"//span[contains(@id ,\"application-billingtransfer-display-component---billingWorkbench--smartTableBillingRuns-header-inner\")]"}
RESULT: {"using":"xpath","value":"//span[contains(@id ,\"application-billingtransfer-display-component---billingWorkbench--smartTableBillingRuns-header-inner\")]"}
COMMAND: POST /session/799be37928140a71a03c3bbe373ba355/execute/sync - {"script":"<script> [56 bytes]","args":[{"element-6066-11e4-a52e-4f735466cecf":"f.19D3A8A536C023AFD4E776B255E62FBE.d.0096A8C842C99E3E50AB7214B8B6B242.e.23189","ELEMENT":"f.19D3A8A536C023AFD4E776B255E62FBE.d.0096A8C842C99E3E50AB7214B8B6B242.e.23189"}]}
RESULT: {"script":"<script> [56 bytes]","args":[{"element-6066-11e4-a52e-4f735466cecf":"f.19D3A8A536C023AFD4E776B255E62FBE.d.0096A8C842C99E3E50AB7214B8B6B242.e.23189","ELEMENT":"f.19D3A8A536C023AFD4E776B255E62FBE.d.0096A8C842C99E3E50AB7214B8B6B242.e.23189"}]}
COMMAND: GET /session/799be37928140a71a03c3bbe373ba355/screenshot - {}
RESULT: {}
COMMAND: POST /session/799be37928140a71a03c3bbe373ba355/execute/sync - {"script":"<script> [56 bytes]","args":[{"element-6066-11e4-a52e-4f735466cecf":"f.19D3A8A536C023AFD4E776B255E62FBE.d.0096A8C842C99E3E50AB7214B8B6B242.e.23189","ELEMENT":"f.19D3A8A536C023AFD4E776B255E62FBE.d.0096A8C842C99E3E50AB7214B8B6B242.e.23189"}]}
RESULT: {"script":"<script> [56 bytes]","args":[{"element-6066-11e4-a52e-4f735466cecf":"f.19D3A8A536C023AFD4E776B255E62FBE.d.0096A8C842C99E3E50AB7214B8B6B242.e.23189","ELEMENT":"f.19D3A8A536C023AFD4E776B255E62FBE.d.0096A8C842C99E3E50AB7214B8B6B242.e.23189"}]}
COMMAND: GET /session/799be37928140a71a03c3bbe373ba355/screenshot - {}
RESULT: {}
COMMAND: POST /session/799be37928140a71a03c3bbe373ba355/execute/sync - {"script":"<script> [56 bytes]","args":[{"element-6066-11e4-a52e-4f735466cecf":"f.19D3A8A536C023AFD4E776B255E62FBE.d.0096A8C842C99E3E50AB7214B8B6B242.e.23189","ELEMENT":"f.19D3A8A536C023AFD4E776B255E62FBE.d.0096A8C842C99E3E50AB7214B8B6B242.e.23189"}]}
RESULT: {"script":"<script> [56 bytes]","args":[{"element-6066-11e4-a52e-4f735466cecf":"f.19D3A8A536C023AFD4E776B255E62FBE.d.0096A8C842C99E3E50AB7214B8B6B242.e.23189","ELEMENT":"f.19D3A8A536C023AFD4E776B255E62FBE.d.0096A8C842C99E3E50AB7214B8B6B242.e.23189"}]}
COMMAND: GET /session/799be37928140a71a03c3bbe373ba355/screenshot - {}
RESULT: {}
COMMAND: POST /session/799be37928140a71a03c3bbe373ba355/execute/sync - {"script":"<script> [56 bytes]","args":[{"element-6066-11e4-a52e-4f735466cecf":"f.19D3A8A536C023AFD4E776B255E62FBE.d.0096A8C842C99E3E50AB7214B8B6B242.e.23189","ELEMENT":"f.19D3A8A536C023AFD4E776B255E62FBE.d.0096A8C842C99E3E50AB7214B8B6B242.e.23189"}]}
RESULT: {"script":"<script> [56 bytes]","args":[{"element-6066-11e4-a52e-4f735466cecf":"f.19D3A8A536C023AFD4E776B255E62FBE.d.0096A8C842C99E3E50AB7214B8B6B242.e.23189","ELEMENT":"f.19D3A8A536C023AFD4E776B255E62FBE.d.0096A8C842C99E3E50AB7214B8B6B242.e.23189"}]}
COMMAND: GET /session/799be37928140a71a03c3bbe373ba355/screenshot - {}
RESULT: {}
COMMAND: POST /session/799be37928140a71a03c3bbe373ba355/execute/sync - {"script":"<script> [56 bytes]","args":[{"element-6066-11e4-a52e-4f735466cecf":"f.19D3A8A536C023AFD4E776B255E62FBE.d.0096A8C842C99E3E50AB7214B8B6B242.e.23189","ELEMENT":"f.19D3A8A536C023AFD4E776B255E62FBE.d.0096A8C842C99E3E50AB7214B8B6B242.e.23189"}]}
RESULT: {"script":"<script> [56 bytes]","args":[{"element-6066-11e4-a52e-4f735466cecf":"f.19D3A8A536C023AFD4E776B255E62FBE.d.0096A8C842C99E3E50AB7214B8B6B242.e.23189","ELEMENT":"f.19D3A8A536C023AFD4E776B255E62FBE.d.0096A8C842C99E3E50AB7214B8B6B242.e.23189"}]}
COMMAND: GET /session/799be37928140a71a03c3bbe373ba355/screenshot - {}
RESULT: {}
COMMAND: POST /session/799be37928140a71a03c3bbe373ba355/execute/sync - {"script":"<script> [56 bytes]","args":[{"element-6066-11e4-a52e-4f735466cecf":"f.19D3A8A536C023AFD4E776B255E62FBE.d.0096A8C842C99E3E50AB7214B8B6B242.e.23189","ELEMENT":"f.19D3A8A536C023AFD4E776B255E62FBE.d.0096A8C842C99E3E50AB7214B8B6B242.e.23189"}]}
RESULT: {"script":"<script> [56 bytes]","args":[{"element-6066-11e4-a52e-4f735466cecf":"f.19D3A8A536C023AFD4E776B255E62FBE.d.0096A8C842C99E3E50AB7214B8B6B242.e.23189","ELEMENT":"f.19D3A8A536C023AFD4E776B255E62FBE.d.0096A8C842C99E3E50AB7214B8B6B242.e.23189"}]}
COMMAND: GET /session/799be37928140a71a03c3bbe373ba355/screenshot - {}
RESULT: {}
COMMAND: POST /session/799be37928140a71a03c3bbe373ba355/execute/sync - {"script":"<script> [56 bytes]","args":[{"element-6066-11e4-a52e-4f735466cecf":"f.19D3A8A536C023AFD4E776B255E62FBE.d.0096A8C842C99E3E50AB7214B8B6B242.e.23189","ELEMENT":"f.19D3A8A536C023AFD4E776B255E62FBE.d.0096A8C842C99E3E50AB7214B8B6B242.e.23189"}]}
RESULT: {"script":"<script> [56 bytes]","args":[{"element-6066-11e4-a52e-4f735466cecf":"f.19D3A8A536C023AFD4E776B255E62FBE.d.0096A8C842C99E3E50AB7214B8B6B242.e.23189","ELEMENT":"f.19D3A8A536C023AFD4E776B255E62FBE.d.0096A8C842C99E3E50AB7214B8B6B242.e.23189"}]}
COMMAND: GET /session/799be37928140a71a03c3bbe373ba355/screenshot - {}
RESULT: {}
COMMAND: POST /session/799be37928140a71a03c3bbe373ba355/execute/sync - {"script":"<script> [56 bytes]","args":[{"element-6066-11e4-a52e-4f735466cecf":"f.19D3A8A536C023AFD4E776B255E62FBE.d.0096A8C842C99E3E50AB7214B8B6B242.e.23189","ELEMENT":"f.19D3A8A536C023AFD4E776B255E62FBE.d.0096A8C842C99E3E50AB7214B8B6B242.e.23189"}]}
RESULT: {"script":"<script> [56 bytes]","args":[{"element-6066-11e4-a52e-4f735466cecf":"f.19D3A8A536C023AFD4E776B255E62FBE.d.0096A8C842C99E3E50AB7214B8B6B242.e.23189","ELEMENT":"f.19D3A8A536C023AFD4E776B255E62FBE.d.0096A8C842C99E3E50AB7214B8B6B242.e.23189"}]}
COMMAND: GET /session/799be37928140a71a03c3bbe373ba355/screenshot - {}
RESULT: {}
COMMAND: POST /session/799be37928140a71a03c3bbe373ba355/execute/sync - {"script":"<script> [56 bytes]","args":[{"element-6066-11e4-a52e-4f735466cecf":"f.19D3A8A536C023AFD4E776B255E62FBE.d.0096A8C842C99E3E50AB7214B8B6B242.e.23189","ELEMENT":"f.19D3A8A536C023AFD4E776B255E62FBE.d.0096A8C842C99E3E50AB7214B8B6B242.e.23189"}]}
RESULT: {"script":"<script> [56 bytes]","args":[{"element-6066-11e4-a52e-4f735466cecf":"f.19D3A8A536C023AFD4E776B255E62FBE.d.0096A8C842C99E3E50AB7214B8B6B242.e.23189","ELEMENT":"f.19D3A8A536C023AFD4E776B255E62FBE.d.0096A8C842C99E3E50AB7214B8B6B242.e.23189"}]}
COMMAND: GET /session/799be37928140a71a03c3bbe373ba355/screenshot - {}
RESULT: {}
COMMAND: POST /session/799be37928140a71a03c3bbe373ba355/execute/sync - {"script":"<script> [56 bytes]","args":[{"element-6066-11e4-a52e-4f735466cecf":"f.19D3A8A536C023AFD4E776B255E62FBE.d.0096A8C842C99E3E50AB7214B8B6B242.e.23189","ELEMENT":"f.19D3A8A536C023AFD4E776B255E62FBE.d.0096A8C842C99E3E50AB7214B8B6B242.e.23189"}]}
RESULT: {"script":"<script> [56 bytes]","args":[{"element-6066-11e4-a52e-4f735466cecf":"f.19D3A8A536C023AFD4E776B255E62FBE.d.0096A8C842C99E3E50AB7214B8B6B242.e.23189","ELEMENT":"f.19D3A8A536C023AFD4E776B255E62FBE.d.0096A8C842C99E3E50AB7214B8B6B242.e.23189"}]}
COMMAND: GET /session/799be37928140a71a03c3bbe373ba355/screenshot - {}
RESULT: {}
COMMAND: POST /session/799be37928140a71a03c3bbe373ba355/execute/sync - {"script":"<script> [56 bytes]","args":[{"element-6066-11e4-a52e-4f735466cecf":"f.19D3A8A536C023AFD4E776B255E62FBE.d.0096A8C842C99E3E50AB7214B8B6B242.e.23189","ELEMENT":"f.19D3A8A536C023AFD4E776B255E62FBE.d.0096A8C842C99E3E50AB7214B8B6B242.e.23189"}]}
RESULT: {"script":"<script> [56 bytes]","args":[{"element-6066-11e4-a52e-4f735466cecf":"f.19D3A8A536C023AFD4E776B255E62FBE.d.0096A8C842C99E3E50AB7214B8B6B242.e.23189","ELEMENT":"f.19D3A8A536C023AFD4E776B255E62FBE.d.0096A8C842C99E3E50AB7214B8B6B242.e.23189"}]}
COMMAND: GET /session/799be37928140a71a03c3bbe373ba355/screenshot - {}
RESULT: {}
COMMAND: POST /session/799be37928140a71a03c3bbe373ba355/execute/sync - {"script":"<script> [56 bytes]","args":[{"element-6066-11e4-a52e-4f735466cecf":"f.19D3A8A536C023AFD4E776B255E62FBE.d.0096A8C842C99E3E50AB7214B8B6B242.e.23189","ELEMENT":"f.19D3A8A536C023AFD4E776B255E62FBE.d.0096A8C842C99E3E50AB7214B8B6B242.e.23189"}]}
RESULT: {"script":"<script> [56 bytes]","args":[{"element-6066-11e4-a52e-4f735466cecf":"f.19D3A8A536C023AFD4E776B255E62FBE.d.0096A8C842C99E3E50AB7214B8B6B242.e.23189","ELEMENT":"f.19D3A8A536C023AFD4E776B255E62FBE.d.0096A8C842C99E3E50AB7214B8B6B242.e.23189"}]}
COMMAND: GET /session/799be37928140a71a03c3bbe373ba355/screenshot - {}
RESULT: {}
COMMAND: POST /session/799be37928140a71a03c3bbe373ba355/execute/sync - {"script":"<script> [56 bytes]","args":[{"element-6066-11e4-a52e-4f735466cecf":"f.19D3A8A536C023AFD4E776B255E62FBE.d.0096A8C842C99E3E50AB7214B8B6B242.e.23189","ELEMENT":"f.19D3A8A536C023AFD4E776B255E62FBE.d.0096A8C842C99E3E50AB7214B8B6B242.e.23189"}]}
RESULT: {"script":"<script> [56 bytes]","args":[{"element-6066-11e4-a52e-4f735466cecf":"f.19D3A8A536C023AFD4E776B255E62FBE.d.0096A8C842C99E3E50AB7214B8B6B242.e.23189","ELEMENT":"f.19D3A8A536C023AFD4E776B255E62FBE.d.0096A8C842C99E3E50AB7214B8B6B242.e.23189"}]}
COMMAND: GET /session/799be37928140a71a03c3bbe373ba355/screenshot - {}
RESULT: {}
COMMAND: POST /session/799be37928140a71a03c3bbe373ba355/execute/sync - {"script":"<script> [56 bytes]","args":[{"element-6066-11e4-a52e-4f735466cecf":"f.19D3A8A536C023AFD4E776B255E62FBE.d.0096A8C842C99E3E50AB7214B8B6B242.e.23189","ELEMENT":"f.19D3A8A536C023AFD4E776B255E62FBE.d.0096A8C842C99E3E50AB7214B8B6B242.e.23189"}]}
RESULT: {"script":"<script> [56 bytes]","args":[{"element-6066-11e4-a52e-4f735466cecf":"f.19D3A8A536C023AFD4E776B255E62FBE.d.0096A8C842C99E3E50AB7214B8B6B242.e.23189","ELEMENT":"f.19D3A8A536C023AFD4E776B255E62FBE.d.0096A8C842C99E3E50AB7214B8B6B242.e.23189"}]}
COMMAND: GET /session/799be37928140a71a03c3bbe373ba355/screenshot - {}
RESULT: {}
COMMAND: POST /session/799be37928140a71a03c3bbe373ba355/execute/sync - {"script":"<script> [56 bytes]","args":[{"element-6066-11e4-a52e-4f735466cecf":"f.19D3A8A536C023AFD4E776B255E62FBE.d.0096A8C842C99E3E50AB7214B8B6B242.e.23189","ELEMENT":"f.19D3A8A536C023AFD4E776B255E62FBE.d.0096A8C842C99E3E50AB7214B8B6B242.e.23189"}]}
RESULT: {"script":"<script> [56 bytes]","args":[{"element-6066-11e4-a52e-4f735466cecf":"f.19D3A8A536C023AFD4E776B255E62FBE.d.0096A8C842C99E3E50AB7214B8B6B242.e.23189","ELEMENT":"f.19D3A8A536C023AFD4E776B255E62FBE.d.0096A8C842C99E3E50AB7214B8B6B242.e.23189"}]}
COMMAND: GET /session/799be37928140a71a03c3bbe373ba355/screenshot - {}
RESULT: {}
COMMAND: POST /session/799be37928140a71a03c3bbe373ba355/execute/sync - {"script":"<script> [56 bytes]","args":[{"element-6066-11e4-a52e-4f735466cecf":"f.19D3A8A536C023AFD4E776B255E62FBE.d.0096A8C842C99E3E50AB7214B8B6B242.e.23189","ELEMENT":"f.19D3A8A536C023AFD4E776B255E62FBE.d.0096A8C842C99E3E50AB7214B8B6B242.e.23189"}]}
RESULT: {"script":"<script> [56 bytes]","args":[{"element-6066-11e4-a52e-4f735466cecf":"f.19D3A8A536C023AFD4E776B255E62FBE.d.0096A8C842C99E3E50AB7214B8B6B242.e.23189","ELEMENT":"f.19D3A8A536C023AFD4E776B255E62FBE.d.0096A8C842C99E3E50AB7214B8B6B242.e.23189"}]}
COMMAND: GET /session/799be37928140a71a03c3bbe373ba355/screenshot - {}
RESULT: {}
COMMAND: POST /session/799be37928140a71a03c3bbe373ba355/execute/sync - {"script":"<script> [56 bytes]","args":[{"element-6066-11e4-a52e-4f735466cecf":"f.19D3A8A536C023AFD4E776B255E62FBE.d.0096A8C842C99E3E50AB7214B8B6B242.e.23189","ELEMENT":"f.19D3A8A536C023AFD4E776B255E62FBE.d.0096A8C842C99E3E50AB7214B8B6B242.e.23189"}]}
RESULT: {"script":"<script> [56 bytes]","args":[{"element-6066-11e4-a52e-4f735466cecf":"f.19D3A8A536C023AFD4E776B255E62FBE.d.0096A8C842C99E3E50AB7214B8B6B242.e.23189","ELEMENT":"f.19D3A8A536C023AFD4E776B255E62FBE.d.0096A8C842C99E3E50AB7214B8B6B242.e.23189"}]}
COMMAND: GET /session/799be37928140a71a03c3bbe373ba355/screenshot - {}
RESULT: {}
COMMAND: POST /session/799be37928140a71a03c3bbe373ba355/execute/sync - {"script":"<script> [56 bytes]","args":[{"element-6066-11e4-a52e-4f735466cecf":"f.19D3A8A536C023AFD4E776B255E62FBE.d.0096A8C842C99E3E50AB7214B8B6B242.e.23189","ELEMENT":"f.19D3A8A536C023AFD4E776B255E62FBE.d.0096A8C842C99E3E50AB7214B8B6B242.e.23189"}]}
RESULT: {"script":"<script> [56 bytes]","args":[{"element-6066-11e4-a52e-4f735466cecf":"f.19D3A8A536C023AFD4E776B255E62FBE.d.0096A8C842C99E3E50AB7214B8B6B242.e.23189","ELEMENT":"f.19D3A8A536C023AFD4E776B255E62FBE.d.0096A8C842C99E3E50AB7214B8B6B242.e.23189"}]}
COMMAND: GET /session/799be37928140a71a03c3bbe373ba355/screenshot - {}
RESULT: {}
COMMAND: POST /session/799be37928140a71a03c3bbe373ba355/execute/sync - {"script":"<script> [56 bytes]","args":[{"element-6066-11e4-a52e-4f735466cecf":"f.19D3A8A536C023AFD4E776B255E62FBE.d.0096A8C842C99E3E50AB7214B8B6B242.e.23189","ELEMENT":"f.19D3A8A536C023AFD4E776B255E62FBE.d.0096A8C842C99E3E50AB7214B8B6B242.e.23189"}]}
RESULT: {"script":"<script> [56 bytes]","args":[{"element-6066-11e4-a52e-4f735466cecf":"f.19D3A8A536C023AFD4E776B255E62FBE.d.0096A8C842C99E3E50AB7214B8B6B242.e.23189","ELEMENT":"f.19D3A8A536C023AFD4E776B255E62FBE.d.0096A8C842C99E3E50AB7214B8B6B242.e.23189"}]}
COMMAND: GET /session/799be37928140a71a03c3bbe373ba355/screenshot - {}
RESULT: {}
COMMAND: POST /session/799be37928140a71a03c3bbe373ba355/execute/sync - {"script":"<script> [56 bytes]","args":[{"element-6066-11e4-a52e-4f735466cecf":"f.19D3A8A536C023AFD4E776B255E62FBE.d.0096A8C842C99E3E50AB7214B8B6B242.e.23189","ELEMENT":"f.19D3A8A536C023AFD4E776B255E62FBE.d.0096A8C842C99E3E50AB7214B8B6B242.e.23189"}]}
RESULT: {"script":"<script> [56 bytes]","args":[{"element-6066-11e4-a52e-4f735466cecf":"f.19D3A8A536C023AFD4E776B255E62FBE.d.0096A8C842C99E3E50AB7214B8B6B242.e.23189","ELEMENT":"f.19D3A8A536C023AFD4E776B255E62FBE.d.0096A8C842C99E3E50AB7214B8B6B242.e.23189"}]}
COMMAND: GET /session/799be37928140a71a03c3bbe373ba355/screenshot - {}
RESULT: {}
COMMAND: POST /session/799be37928140a71a03c3bbe373ba355/execute/sync - {"script":"<script> [56 bytes]","args":[{"element-6066-11e4-a52e-4f735466cecf":"f.19D3A8A536C023AFD4E776B255E62FBE.d.0096A8C842C99E3E50AB7214B8B6B242.e.23189","ELEMENT":"f.19D3A8A536C023AFD4E776B255E62FBE.d.0096A8C842C99E3E50AB7214B8B6B242.e.23189"}]}
RESULT: {"script":"<script> [56 bytes]","args":[{"element-6066-11e4-a52e-4f735466cecf":"f.19D3A8A536C023AFD4E776B255E62FBE.d.0096A8C842C99E3E50AB7214B8B6B242.e.23189","ELEMENT":"f.19D3A8A536C023AFD4E776B255E62FBE.d.0096A8C842C99E3E50AB7214B8B6B242.e.23189"}]}
COMMAND: POST /session/799be37928140a71a03c3bbe373ba355/element - {"using":"css selector","value":"#shell-header-logo"}
COMMAND: GET /session/799be37928140a71a03c3bbe373ba355/screenshot - {}
RESULT: {"using":"css selector","value":"#shell-header-logo"}
COMMAND: POST /session/799be37928140a71a03c3bbe373ba355/element/f.19D3A8A536C023AFD4E776B255E62FBE.d.0096A8C842C99E3E50AB7214B8B6B242.e.23036/click - {}
RESULT: {}
RESULT: {}
COMMAND: GET /session/799be37928140a71a03c3bbe373ba355/screenshot - {}
RESULT: {}
]]></system-out>
    </testcase>
    <testcase classname="chrome.135_0_7049_42.windows.Billing_Calculation_-_Time_based_(considering_transport_times)_US139738" name="Should navigate to the contract item check the billed until field value" time="37.855">
      <system-out><![CDATA[
RESULT: undefined
COMMAND: POST /session/799be37928140a71a03c3bbe373ba355/element - {"using":"xpath","value":"//*[@id=\"__tile130-title\"]"}
RESULT: {"using":"xpath","value":"//*[@id=\"__tile130-title\"]"}
COMMAND: POST /session/799be37928140a71a03c3bbe373ba355/element/f.19D3A8A536C023AFD4E776B255E62FBE.d.0096A8C842C99E3E50AB7214B8B6B242.e.21274/click - {}
RESULT: undefined
RESULT: {}
COMMAND: GET /session/799be37928140a71a03c3bbe373ba355/screenshot - {}
RESULT: undefined
RESULT: {}
COMMAND: POST /session/799be37928140a71a03c3bbe373ba355/element - {"using":"xpath","value":"//button[@data-kt=\"addButton\"]"}
RESULT: {"using":"xpath","value":"//button[@data-kt=\"addButton\"]"}
COMMAND: POST /session/799be37928140a71a03c3bbe373ba355/elements - {"using":"xpath","value":"//button[@data-kt=\"addButton\"]"}
RESULT: {"using":"xpath","value":"//button[@data-kt=\"addButton\"]"}
COMMAND: POST /session/799be37928140a71a03c3bbe373ba355/execute/sync - {"script":"<script> [8489 bytes]","args":[{"element-6066-11e4-a52e-4f735466cecf":"f.19D3A8A536C023AFD4E776B255E62FBE.d.0096A8C842C99E3E50AB7214B8B6B242.e.23294","ELEMENT":"f.19D3A8A536C023AFD4E776B255E62FBE.d.0096A8C842C99E3E50AB7214B8B6B242.e.23294"}]}
RESULT: {"script":"<script> [8489 bytes]","args":[{"element-6066-11e4-a52e-4f735466cecf":"f.19D3A8A536C023AFD4E776B255E62FBE.d.0096A8C842C99E3E50AB7214B8B6B242.e.23294","ELEMENT":"f.19D3A8A536C023AFD4E776B255E62FBE.d.0096A8C842C99E3E50AB7214B8B6B242.e.23294"}]}
COMMAND: GET /session/799be37928140a71a03c3bbe373ba355/element/f.19D3A8A536C023AFD4E776B255E62FBE.d.0096A8C842C99E3E50AB7214B8B6B242.e.23294/enabled - {}
COMMAND: GET /session/799be37928140a71a03c3bbe373ba355/screenshot - {}
RESULT: {}
COMMAND: POST /session/799be37928140a71a03c3bbe373ba355/execute/sync - {"script":"<script> [8489 bytes]","args":[{"element-6066-11e4-a52e-4f735466cecf":"f.19D3A8A536C023AFD4E776B255E62FBE.d.0096A8C842C99E3E50AB7214B8B6B242.e.23294","ELEMENT":"f.19D3A8A536C023AFD4E776B255E62FBE.d.0096A8C842C99E3E50AB7214B8B6B242.e.23294"}]}
COMMAND: GET /session/799be37928140a71a03c3bbe373ba355/screenshot - {}
RESULT: {}
RESULT: {"script":"<script> [8489 bytes]","args":[{"element-6066-11e4-a52e-4f735466cecf":"f.19D3A8A536C023AFD4E776B255E62FBE.d.0096A8C842C99E3E50AB7214B8B6B242.e.23294","ELEMENT":"f.19D3A8A536C023AFD4E776B255E62FBE.d.0096A8C842C99E3E50AB7214B8B6B242.e.23294"}]}
COMMAND: POST /session/799be37928140a71a03c3bbe373ba355/execute/sync - {"script":"<script> [5351 bytes]","args":[{"element-6066-11e4-a52e-4f735466cecf":"f.19D3A8A536C023AFD4E776B255E62FBE.d.0096A8C842C99E3E50AB7214B8B6B242.e.23294","ELEMENT":"f.19D3A8A536C023AFD4E776B255E62FBE.d.0096A8C842C99E3E50AB7214B8B6B242.e.23294"}]}
COMMAND: GET /session/799be37928140a71a03c3bbe373ba355/screenshot - {}
RESULT: {}
RESULT: {"script":"<script> [5351 bytes]","args":[{"element-6066-11e4-a52e-4f735466cecf":"f.19D3A8A536C023AFD4E776B255E62FBE.d.0096A8C842C99E3E50AB7214B8B6B242.e.23294","ELEMENT":"f.19D3A8A536C023AFD4E776B255E62FBE.d.0096A8C842C99E3E50AB7214B8B6B242.e.23294"}]}
COMMAND: POST /session/799be37928140a71a03c3bbe373ba355/element - {"using":"xpath","value":"//input[contains(@id ,\"smartContractFilterBar-btnBasicSearch-I\")]"}
COMMAND: GET /session/799be37928140a71a03c3bbe373ba355/screenshot - {}
RESULT: {}
RESULT: {"using":"xpath","value":"//input[contains(@id ,\"smartContractFilterBar-btnBasicSearch-I\")]"}
COMMAND: POST /session/799be37928140a71a03c3bbe373ba355/elements - {"using":"xpath","value":"//input[contains(@id ,\"smartContractFilterBar-btnBasicSearch-I\")]"}
RESULT: {}
RESULT: {"using":"xpath","value":"//input[contains(@id ,\"smartContractFilterBar-btnBasicSearch-I\")]"}
COMMAND: POST /session/799be37928140a71a03c3bbe373ba355/execute/sync - {"script":"<script> [8489 bytes]","args":[{"element-6066-11e4-a52e-4f735466cecf":"f.19D3A8A536C023AFD4E776B255E62FBE.d.0096A8C842C99E3E50AB7214B8B6B242.e.23227","ELEMENT":"f.19D3A8A536C023AFD4E776B255E62FBE.d.0096A8C842C99E3E50AB7214B8B6B242.e.23227"}]}
RESULT: {"script":"<script> [8489 bytes]","args":[{"element-6066-11e4-a52e-4f735466cecf":"f.19D3A8A536C023AFD4E776B255E62FBE.d.0096A8C842C99E3E50AB7214B8B6B242.e.23227","ELEMENT":"f.19D3A8A536C023AFD4E776B255E62FBE.d.0096A8C842C99E3E50AB7214B8B6B242.e.23227"}]}
COMMAND: GET /session/799be37928140a71a03c3bbe373ba355/element/f.19D3A8A536C023AFD4E776B255E62FBE.d.0096A8C842C99E3E50AB7214B8B6B242.e.23227/enabled - {}
COMMAND: GET /session/799be37928140a71a03c3bbe373ba355/screenshot - {}
RESULT: {}
COMMAND: POST /session/799be37928140a71a03c3bbe373ba355/element/f.19D3A8A536C023AFD4E776B255E62FBE.d.0096A8C842C99E3E50AB7214B8B6B242.e.23227/clear - {}
COMMAND: GET /session/799be37928140a71a03c3bbe373ba355/screenshot - {}
RESULT: {}
RESULT: {}
COMMAND: POST /session/799be37928140a71a03c3bbe373ba355/element/f.19D3A8A536C023AFD4E776B255E62FBE.d.0096A8C842C99E3E50AB7214B8B6B242.e.23227/value - {"text":"10482"}
COMMAND: GET /session/799be37928140a71a03c3bbe373ba355/screenshot - {}
RESULT: {}
RESULT: {"text":"10482"}
COMMAND: GET /session/799be37928140a71a03c3bbe373ba355/screenshot - {}
RESULT: {}
RESULT: {}
COMMAND: POST /session/799be37928140a71a03c3bbe373ba355/actions - {"actions":[{"id":"action80","type":"key","parameters":{},"actions":[{"type":"keyDown","value":""},{"type":"pause","duration":10},{"type":"keyUp","value":""}]}]}
RESULT: {"actions":[{"id":"action80","type":"key","parameters":{},"actions":[{"type":"keyDown","value":""},{"type":"pause","duration":10},{"type":"keyUp","value":""}]}]}
COMMAND: GET /session/799be37928140a71a03c3bbe373ba355/screenshot - {}
RESULT: {}
COMMAND: POST /session/799be37928140a71a03c3bbe373ba355/element - {"using":"xpath","value":"//span[contains(@id, \"masterListContractsSmartTable-header-inner\")]"}
RESULT: {"using":"xpath","value":"//span[contains(@id, \"masterListContractsSmartTable-header-inner\")]"}
COMMAND: POST /session/799be37928140a71a03c3bbe373ba355/elements - {"using":"xpath","value":"//span[contains(@id, \"masterListContractsSmartTable-header-inner\")]"}
RESULT: {"using":"xpath","value":"//span[contains(@id, \"masterListContractsSmartTable-header-inner\")]"}
COMMAND: POST /session/799be37928140a71a03c3bbe373ba355/execute/sync - {"script":"<script> [56 bytes]","args":[{"element-6066-11e4-a52e-4f735466cecf":"f.19D3A8A536C023AFD4E776B255E62FBE.d.0096A8C842C99E3E50AB7214B8B6B242.e.23541","ELEMENT":"f.19D3A8A536C023AFD4E776B255E62FBE.d.0096A8C842C99E3E50AB7214B8B6B242.e.23541"}]}
RESULT: {"script":"<script> [56 bytes]","args":[{"element-6066-11e4-a52e-4f735466cecf":"f.19D3A8A536C023AFD4E776B255E62FBE.d.0096A8C842C99E3E50AB7214B8B6B242.e.23541","ELEMENT":"f.19D3A8A536C023AFD4E776B255E62FBE.d.0096A8C842C99E3E50AB7214B8B6B242.e.23541"}]}
COMMAND: POST /session/799be37928140a71a03c3bbe373ba355/element - {"using":"xpath","value":"(//span[contains(@id, \"imgNav\")])[1]"}
COMMAND: GET /session/799be37928140a71a03c3bbe373ba355/screenshot - {}
RESULT: {"using":"xpath","value":"(//span[contains(@id, \"imgNav\")])[1]"}
COMMAND: POST /session/799be37928140a71a03c3bbe373ba355/element/f.19D3A8A536C023AFD4E776B255E62FBE.d.0096A8C842C99E3E50AB7214B8B6B242.e.23540/click - {}
RESULT: {}
RESULT: {}
COMMAND: GET /session/799be37928140a71a03c3bbe373ba355/screenshot - {}
RESULT: {}
COMMAND: POST /session/799be37928140a71a03c3bbe373ba355/element - {"using":"xpath","value":"//tr[@data-kt=\"productsColumnListItem\"]//td//span[contains(@id, \"imgNav\")][1]"}
RESULT: {"using":"xpath","value":"//tr[@data-kt=\"productsColumnListItem\"]//td//span[contains(@id, \"imgNav\")][1]"}
COMMAND: POST /session/799be37928140a71a03c3bbe373ba355/element/f.19D3A8A536C023AFD4E776B255E62FBE.d.0096A8C842C99E3E50AB7214B8B6B242.e.23701/click - {}
RESULT: {}
COMMAND: GET /session/799be37928140a71a03c3bbe373ba355/screenshot - {}
RESULT: {}
COMMAND: POST /session/799be37928140a71a03c3bbe373ba355/element - {"using":"xpath","value":"//section[contains(@id, \"application-managecontracts-display-component---BillingItem--ObjectPageLayout-OPHeaderContent\")]/div/div/div/div/div[2]/div/div[2]/span"}
RESULT: {"using":"xpath","value":"//section[contains(@id, \"application-managecontracts-display-component---BillingItem--ObjectPageLayout-OPHeaderContent\")]/div/div/div/div/div[2]/div/div[2]/span"}
COMMAND: POST /session/799be37928140a71a03c3bbe373ba355/execute/sync - {"script":"<script> [56 bytes]","args":[{"element-6066-11e4-a52e-4f735466cecf":"f.19D3A8A536C023AFD4E776B255E62FBE.d.0096A8C842C99E3E50AB7214B8B6B242.e.23842","ELEMENT":"f.19D3A8A536C023AFD4E776B255E62FBE.d.0096A8C842C99E3E50AB7214B8B6B242.e.23842"}]}
RESULT: {"script":"<script> [56 bytes]","args":[{"element-6066-11e4-a52e-4f735466cecf":"f.19D3A8A536C023AFD4E776B255E62FBE.d.0096A8C842C99E3E50AB7214B8B6B242.e.23842","ELEMENT":"f.19D3A8A536C023AFD4E776B255E62FBE.d.0096A8C842C99E3E50AB7214B8B6B242.e.23842"}]}
COMMAND: POST /session/799be37928140a71a03c3bbe373ba355/element - {"using":"xpath","value":"//table[contains(@id, \"application-managecontracts-display-component---BillingItem--billingList-listUl\")]//td//*[contains(text(), \"partial billed\")]"}
COMMAND: GET /session/799be37928140a71a03c3bbe373ba355/screenshot - {}
RESULT: {"using":"xpath","value":"//table[contains(@id, \"application-managecontracts-display-component---BillingItem--billingList-listUl\")]//td//*[contains(text(), \"partial billed\")]"}
COMMAND: POST /session/799be37928140a71a03c3bbe373ba355/execute/sync - {"script":"<script> [56 bytes]","args":[{"element-6066-11e4-a52e-4f735466cecf":"f.19D3A8A536C023AFD4E776B255E62FBE.d.0096A8C842C99E3E50AB7214B8B6B242.e.23843","ELEMENT":"f.19D3A8A536C023AFD4E776B255E62FBE.d.0096A8C842C99E3E50AB7214B8B6B242.e.23843"}]}
RESULT: {}
RESULT: {"script":"<script> [56 bytes]","args":[{"element-6066-11e4-a52e-4f735466cecf":"f.19D3A8A536C023AFD4E776B255E62FBE.d.0096A8C842C99E3E50AB7214B8B6B242.e.23843","ELEMENT":"f.19D3A8A536C023AFD4E776B255E62FBE.d.0096A8C842C99E3E50AB7214B8B6B242.e.23843"}]}
COMMAND: POST /session/799be37928140a71a03c3bbe373ba355/element - {"using":"css selector","value":"#shell-header-logo"}
COMMAND: GET /session/799be37928140a71a03c3bbe373ba355/screenshot - {}
RESULT: {"using":"css selector","value":"#shell-header-logo"}
COMMAND: POST /session/799be37928140a71a03c3bbe373ba355/element/f.19D3A8A536C023AFD4E776B255E62FBE.d.0096A8C842C99E3E50AB7214B8B6B242.e.23225/click - {}
RESULT: {}
RESULT: {}
COMMAND: GET /session/799be37928140a71a03c3bbe373ba355/screenshot - {}
RESULT: {}
]]></system-out>
    </testcase>
    <testcase classname="chrome.135_0_7049_42.windows.Billing_Calculation_-_Time_based_(considering_transport_times)_US139738" name="Should do a handover return 2 step 7 days after provide or 14 days from today receive it in 21 days" time="146.503">
      <system-out><![CDATA[
RESULT: undefined
COMMAND: POST /session/799be37928140a71a03c3bbe373ba355/element - {"using":"xpath","value":"//*[@id=\"__tile130-title\"]"}
RESULT: {"using":"xpath","value":"//*[@id=\"__tile130-title\"]"}
COMMAND: POST /session/799be37928140a71a03c3bbe373ba355/element/f.19D3A8A536C023AFD4E776B255E62FBE.d.0096A8C842C99E3E50AB7214B8B6B242.e.21274/click - {}
RESULT: undefined
RESULT: undefined
RESULT: {}
COMMAND: GET /session/799be37928140a71a03c3bbe373ba355/screenshot - {}
RESULT: {}
COMMAND: POST /session/799be37928140a71a03c3bbe373ba355/element - {"using":"xpath","value":"//button[@data-kt=\"addButton\"]"}
RESULT: {"using":"xpath","value":"//button[@data-kt=\"addButton\"]"}
COMMAND: POST /session/799be37928140a71a03c3bbe373ba355/elements - {"using":"xpath","value":"//button[@data-kt=\"addButton\"]"}
RESULT: {"using":"xpath","value":"//button[@data-kt=\"addButton\"]"}
COMMAND: POST /session/799be37928140a71a03c3bbe373ba355/execute/sync - {"script":"<script> [8489 bytes]","args":[{"element-6066-11e4-a52e-4f735466cecf":"f.19D3A8A536C023AFD4E776B255E62FBE.d.0096A8C842C99E3E50AB7214B8B6B242.e.23913","ELEMENT":"f.19D3A8A536C023AFD4E776B255E62FBE.d.0096A8C842C99E3E50AB7214B8B6B242.e.23913"}]}
RESULT: {"script":"<script> [8489 bytes]","args":[{"element-6066-11e4-a52e-4f735466cecf":"f.19D3A8A536C023AFD4E776B255E62FBE.d.0096A8C842C99E3E50AB7214B8B6B242.e.23913","ELEMENT":"f.19D3A8A536C023AFD4E776B255E62FBE.d.0096A8C842C99E3E50AB7214B8B6B242.e.23913"}]}
COMMAND: GET /session/799be37928140a71a03c3bbe373ba355/element/f.19D3A8A536C023AFD4E776B255E62FBE.d.0096A8C842C99E3E50AB7214B8B6B242.e.23913/enabled - {}
COMMAND: GET /session/799be37928140a71a03c3bbe373ba355/screenshot - {}
RESULT: {}
COMMAND: POST /session/799be37928140a71a03c3bbe373ba355/execute/sync - {"script":"<script> [8489 bytes]","args":[{"element-6066-11e4-a52e-4f735466cecf":"f.19D3A8A536C023AFD4E776B255E62FBE.d.0096A8C842C99E3E50AB7214B8B6B242.e.23913","ELEMENT":"f.19D3A8A536C023AFD4E776B255E62FBE.d.0096A8C842C99E3E50AB7214B8B6B242.e.23913"}]}
COMMAND: GET /session/799be37928140a71a03c3bbe373ba355/screenshot - {}
RESULT: {}
RESULT: {"script":"<script> [8489 bytes]","args":[{"element-6066-11e4-a52e-4f735466cecf":"f.19D3A8A536C023AFD4E776B255E62FBE.d.0096A8C842C99E3E50AB7214B8B6B242.e.23913","ELEMENT":"f.19D3A8A536C023AFD4E776B255E62FBE.d.0096A8C842C99E3E50AB7214B8B6B242.e.23913"}]}
COMMAND: POST /session/799be37928140a71a03c3bbe373ba355/execute/sync - {"script":"<script> [5351 bytes]","args":[{"element-6066-11e4-a52e-4f735466cecf":"f.19D3A8A536C023AFD4E776B255E62FBE.d.0096A8C842C99E3E50AB7214B8B6B242.e.23913","ELEMENT":"f.19D3A8A536C023AFD4E776B255E62FBE.d.0096A8C842C99E3E50AB7214B8B6B242.e.23913"}]}
COMMAND: GET /session/799be37928140a71a03c3bbe373ba355/screenshot - {}
RESULT: {}
RESULT: {"script":"<script> [5351 bytes]","args":[{"element-6066-11e4-a52e-4f735466cecf":"f.19D3A8A536C023AFD4E776B255E62FBE.d.0096A8C842C99E3E50AB7214B8B6B242.e.23913","ELEMENT":"f.19D3A8A536C023AFD4E776B255E62FBE.d.0096A8C842C99E3E50AB7214B8B6B242.e.23913"}]}
COMMAND: GET /session/799be37928140a71a03c3bbe373ba355/screenshot - {}
RESULT: {}
RESULT: {}
COMMAND: POST /session/799be37928140a71a03c3bbe373ba355/element - {"using":"xpath","value":"//input[contains(@id ,\"smartContractFilterBar-btnBasicSearch-I\")]"}
RESULT: {"using":"xpath","value":"//input[contains(@id ,\"smartContractFilterBar-btnBasicSearch-I\")]"}
COMMAND: POST /session/799be37928140a71a03c3bbe373ba355/elements - {"using":"xpath","value":"//input[contains(@id ,\"smartContractFilterBar-btnBasicSearch-I\")]"}
RESULT: {"using":"xpath","value":"//input[contains(@id ,\"smartContractFilterBar-btnBasicSearch-I\")]"}
COMMAND: POST /session/799be37928140a71a03c3bbe373ba355/execute/sync - {"script":"<script> [8489 bytes]","args":[{"element-6066-11e4-a52e-4f735466cecf":"f.19D3A8A536C023AFD4E776B255E62FBE.d.0096A8C842C99E3E50AB7214B8B6B242.e.23849","ELEMENT":"f.19D3A8A536C023AFD4E776B255E62FBE.d.0096A8C842C99E3E50AB7214B8B6B242.e.23849"}]}
RESULT: {"script":"<script> [8489 bytes]","args":[{"element-6066-11e4-a52e-4f735466cecf":"f.19D3A8A536C023AFD4E776B255E62FBE.d.0096A8C842C99E3E50AB7214B8B6B242.e.23849","ELEMENT":"f.19D3A8A536C023AFD4E776B255E62FBE.d.0096A8C842C99E3E50AB7214B8B6B242.e.23849"}]}
COMMAND: GET /session/799be37928140a71a03c3bbe373ba355/element/f.19D3A8A536C023AFD4E776B255E62FBE.d.0096A8C842C99E3E50AB7214B8B6B242.e.23849/enabled - {}
COMMAND: GET /session/799be37928140a71a03c3bbe373ba355/screenshot - {}
RESULT: {}
COMMAND: POST /session/799be37928140a71a03c3bbe373ba355/element/f.19D3A8A536C023AFD4E776B255E62FBE.d.0096A8C842C99E3E50AB7214B8B6B242.e.23849/clear - {}
COMMAND: GET /session/799be37928140a71a03c3bbe373ba355/screenshot - {}
RESULT: {}
RESULT: {}
COMMAND: POST /session/799be37928140a71a03c3bbe373ba355/element/f.19D3A8A536C023AFD4E776B255E62FBE.d.0096A8C842C99E3E50AB7214B8B6B242.e.23849/value - {"text":"10482"}
COMMAND: GET /session/799be37928140a71a03c3bbe373ba355/screenshot - {}
RESULT: {}
RESULT: {"text":"10482"}
COMMAND: GET /session/799be37928140a71a03c3bbe373ba355/screenshot - {}
RESULT: {}
RESULT: {}
COMMAND: POST /session/799be37928140a71a03c3bbe373ba355/actions - {"actions":[{"id":"action81","type":"key","parameters":{},"actions":[{"type":"keyDown","value":""},{"type":"pause","duration":10},{"type":"keyUp","value":""}]}]}
RESULT: {"actions":[{"id":"action81","type":"key","parameters":{},"actions":[{"type":"keyDown","value":""},{"type":"pause","duration":10},{"type":"keyUp","value":""}]}]}
COMMAND: GET /session/799be37928140a71a03c3bbe373ba355/screenshot - {}
RESULT: {}
COMMAND: POST /session/799be37928140a71a03c3bbe373ba355/element - {"using":"xpath","value":"//span[contains(@id, \"masterListContractsSmartTable-header-inner\")]"}
RESULT: {"using":"xpath","value":"//span[contains(@id, \"masterListContractsSmartTable-header-inner\")]"}
COMMAND: POST /session/799be37928140a71a03c3bbe373ba355/elements - {"using":"xpath","value":"//span[contains(@id, \"masterListContractsSmartTable-header-inner\")]"}
RESULT: {"using":"xpath","value":"//span[contains(@id, \"masterListContractsSmartTable-header-inner\")]"}
COMMAND: POST /session/799be37928140a71a03c3bbe373ba355/execute/sync - {"script":"<script> [56 bytes]","args":[{"element-6066-11e4-a52e-4f735466cecf":"f.19D3A8A536C023AFD4E776B255E62FBE.d.0096A8C842C99E3E50AB7214B8B6B242.e.23979","ELEMENT":"f.19D3A8A536C023AFD4E776B255E62FBE.d.0096A8C842C99E3E50AB7214B8B6B242.e.23979"}]}
RESULT: {"script":"<script> [56 bytes]","args":[{"element-6066-11e4-a52e-4f735466cecf":"f.19D3A8A536C023AFD4E776B255E62FBE.d.0096A8C842C99E3E50AB7214B8B6B242.e.23979","ELEMENT":"f.19D3A8A536C023AFD4E776B255E62FBE.d.0096A8C842C99E3E50AB7214B8B6B242.e.23979"}]}
COMMAND: POST /session/799be37928140a71a03c3bbe373ba355/element - {"using":"xpath","value":"(//span[contains(@id, \"imgNav\")])[1]"}
COMMAND: GET /session/799be37928140a71a03c3bbe373ba355/screenshot - {}
RESULT: {"using":"xpath","value":"(//span[contains(@id, \"imgNav\")])[1]"}
COMMAND: POST /session/799be37928140a71a03c3bbe373ba355/element/f.19D3A8A536C023AFD4E776B255E62FBE.d.0096A8C842C99E3E50AB7214B8B6B242.e.23977/click - {}
RESULT: {}
RESULT: {}
COMMAND: GET /session/799be37928140a71a03c3bbe373ba355/screenshot - {}
RESULT: {}
COMMAND: POST /session/799be37928140a71a03c3bbe373ba355/element - {"using":"xpath","value":"//button[contains(@id, \"contractDetailReturnButton\")]"}
RESULT: {"using":"xpath","value":"//button[contains(@id, \"contractDetailReturnButton\")]"}
COMMAND: POST /session/799be37928140a71a03c3bbe373ba355/element/f.19D3A8A536C023AFD4E776B255E62FBE.d.0096A8C842C99E3E50AB7214B8B6B242.e.24047/click - {}
RESULT: {}
COMMAND: GET /session/799be37928140a71a03c3bbe373ba355/screenshot - {}
RESULT: undefined
COMMAND: POST /session/799be37928140a71a03c3bbe373ba355/execute/async - {"script":"<script> [776 bytes]","args":[{"enterText":"05/03/25","selector":{"id":"application-managehandovers-display-component---AddNewHO--dueDate","interaction":{"idSuffix":"inner"}},"clearTextFirst":true,"interactionType":"ENTER_TEXT"}]}
RESULT: {}
RESULT: {"script":"<script> [776 bytes]","args":[{"enterText":"05/03/25","selector":{"id":"application-managehandovers-display-component---AddNewHO--dueDate","interaction":{"idSuffix":"inner"}},"clearTextFirst":true,"interactionType":"ENTER_TEXT"}]}
COMMAND: POST /session/799be37928140a71a03c3bbe373ba355/element - {"using":"xpath","value":"//bdi[contains(text(), \"Instructions\")]"}
RESULT: {"using":"xpath","value":"//bdi[contains(text(), \"Instructions\")]"}
COMMAND: POST /session/799be37928140a71a03c3bbe373ba355/element/f.19D3A8A536C023AFD4E776B255E62FBE.d.0096A8C842C99E3E50AB7214B8B6B242.e.24443/click - {}
RESULT: {}
COMMAND: GET /session/799be37928140a71a03c3bbe373ba355/screenshot - {}
RESULT: {}
COMMAND: POST /session/799be37928140a71a03c3bbe373ba355/element - {"using":"xpath","value":"//button[@data-kt=\"AddNewHOProvideAddItemsButton\"]"}
RESULT: {"using":"xpath","value":"//button[@data-kt=\"AddNewHOProvideAddItemsButton\"]"}
COMMAND: POST /session/799be37928140a71a03c3bbe373ba355/element/f.19D3A8A536C023AFD4E776B255E62FBE.d.0096A8C842C99E3E50AB7214B8B6B242.e.24250/click - {}
RESULT: {}
COMMAND: GET /session/799be37928140a71a03c3bbe373ba355/screenshot - {}
RESULT: {}
RESULT: undefined
COMMAND: POST /session/799be37928140a71a03c3bbe373ba355/element - {"using":"xpath","value":"//*[@id=\"application-managehandovers-display-component---AddNewHO--popup-sa\"]"}
RESULT: {"using":"xpath","value":"//*[@id=\"application-managehandovers-display-component---AddNewHO--popup-sa\"]"}
COMMAND: POST /session/799be37928140a71a03c3bbe373ba355/element/f.19D3A8A536C023AFD4E776B255E62FBE.d.0096A8C842C99E3E50AB7214B8B6B242.e.24461/click - {}
RESULT: {}
COMMAND: GET /session/799be37928140a71a03c3bbe373ba355/screenshot - {}
RESULT: {}
COMMAND: POST /session/799be37928140a71a03c3bbe373ba355/element - {"using":"xpath","value":"//*[contains(@id ,\"BDI-content\")][contains(text(), \"Select\")]"}
RESULT: {"using":"xpath","value":"//*[contains(@id ,\"BDI-content\")][contains(text(), \"Select\")]"}
COMMAND: POST /session/799be37928140a71a03c3bbe373ba355/element/f.19D3A8A536C023AFD4E776B255E62FBE.d.0096A8C842C99E3E50AB7214B8B6B242.e.24463/click - {}
RESULT: {}
COMMAND: GET /session/799be37928140a71a03c3bbe373ba355/screenshot - {}
RESULT: {}
COMMAND: POST /session/799be37928140a71a03c3bbe373ba355/element - {"using":"xpath","value":"(//div[contains(@id, \"application-managehandovers-display-component---AddNewHO--oneStep-CbBg\")])"}
RESULT: {"using":"xpath","value":"(//div[contains(@id, \"application-managehandovers-display-component---AddNewHO--oneStep-CbBg\")])"}
COMMAND: POST /session/799be37928140a71a03c3bbe373ba355/element/f.19D3A8A536C023AFD4E776B255E62FBE.d.0096A8C842C99E3E50AB7214B8B6B242.e.24471/click - {}
RESULT: {}
RESULT: undefined
COMMAND: POST /session/799be37928140a71a03c3bbe373ba355/element - {"using":"xpath","value":"//*[@id=\"application-managehandovers-display-component---AddNewHO--confirmCreationButton\"]"}
COMMAND: GET /session/799be37928140a71a03c3bbe373ba355/screenshot - {}
RESULT: {"using":"xpath","value":"//*[@id=\"application-managehandovers-display-component---AddNewHO--confirmCreationButton\"]"}
COMMAND: POST /session/799be37928140a71a03c3bbe373ba355/element/f.19D3A8A536C023AFD4E776B255E62FBE.d.0096A8C842C99E3E50AB7214B8B6B242.e.24257/click - {}
RESULT: {}
RESULT: {}
COMMAND: GET /session/799be37928140a71a03c3bbe373ba355/screenshot - {}
RESULT: {}
COMMAND: POST /session/799be37928140a71a03c3bbe373ba355/element - {"using":"xpath","value":"//button[@data-kt=\"PickingTableConfirmAllButton\"]"}
RESULT: {"using":"xpath","value":"//button[@data-kt=\"PickingTableConfirmAllButton\"]"}
COMMAND: POST /session/799be37928140a71a03c3bbe373ba355/element/f.19D3A8A536C023AFD4E776B255E62FBE.d.0096A8C842C99E3E50AB7214B8B6B242.e.24510/click - {}
COMMAND: POST /session/799be37928140a71a03c3bbe373ba355/element - {"using":"xpath","value":"//button[@data-kt=\"PickingTableConfirmAllButton\"]"}
RESULT: {"using":"xpath","value":"//button[@data-kt=\"PickingTableConfirmAllButton\"]"}
COMMAND: POST /session/799be37928140a71a03c3bbe373ba355/element/f.19D3A8A536C023AFD4E776B255E62FBE.d.0096A8C842C99E3E50AB7214B8B6B242.e.24510/click - {}
COMMAND: POST /session/799be37928140a71a03c3bbe373ba355/element - {"using":"xpath","value":"//button[@data-kt=\"PickingTableConfirmAllButton\"]"}
RESULT: {"using":"xpath","value":"//button[@data-kt=\"PickingTableConfirmAllButton\"]"}
COMMAND: POST /session/799be37928140a71a03c3bbe373ba355/element/f.19D3A8A536C023AFD4E776B255E62FBE.d.0096A8C842C99E3E50AB7214B8B6B242.e.24521/click - {}
RESULT: {}
COMMAND: GET /session/799be37928140a71a03c3bbe373ba355/screenshot - {}
RESULT: {}
COMMAND: POST /session/799be37928140a71a03c3bbe373ba355/element - {"using":"xpath","value":"//bdi[contains(text(), \"OK\")]"}
RESULT: {"using":"xpath","value":"//bdi[contains(text(), \"OK\")]"}
COMMAND: POST /session/799be37928140a71a03c3bbe373ba355/element/f.19D3A8A536C023AFD4E776B255E62FBE.d.0096A8C842C99E3E50AB7214B8B6B242.e.24524/click - {}
RESULT: {}
COMMAND: GET /session/799be37928140a71a03c3bbe373ba355/screenshot - {}
RESULT: {}
COMMAND: POST /session/799be37928140a71a03c3bbe373ba355/element - {"using":"xpath","value":"//button[@data-kt=\"execHoPickButton\"]"}
RESULT: {"using":"xpath","value":"//button[@data-kt=\"execHoPickButton\"]"}
COMMAND: POST /session/799be37928140a71a03c3bbe373ba355/element/f.19D3A8A536C023AFD4E776B255E62FBE.d.0096A8C842C99E3E50AB7214B8B6B242.e.24525/click - {}
RESULT: {}
COMMAND: GET /session/799be37928140a71a03c3bbe373ba355/screenshot - {}
RESULT: {}
COMMAND: POST /session/799be37928140a71a03c3bbe373ba355/element - {"using":"xpath","value":"//span[contains(@id ,\"filterItemControl_BASIC-SEND_CONTRACT-vhi\")]"}
RESULT: {"using":"xpath","value":"//span[contains(@id ,\"filterItemControl_BASIC-SEND_CONTRACT-vhi\")]"}
COMMAND: POST /session/799be37928140a71a03c3bbe373ba355/element/f.19D3A8A536C023AFD4E776B255E62FBE.d.0096A8C842C99E3E50AB7214B8B6B242.e.24808/click - {}
RESULT: {}
COMMAND: GET /session/799be37928140a71a03c3bbe373ba355/screenshot - {}
RESULT: {}
RESULT: undefined
COMMAND: POST /session/799be37928140a71a03c3bbe373ba355/execute/async - {"script":"<script> [776 bytes]","args":[{"enterText":"10482","selector":{"controlType":"sap.m.SearchField","viewName":"etm.portal.ui.managehandovers.view.MasterHO","bindingPath":{"path":"","propertyPath":"/_BASIC_SEARCH_FIELD","modelName":"fi1t3rM0d31"},"searchOpenDialogs":true,"interaction":{"idSuffix":"I"}},"clearTextFirst":true,"interactionType":"ENTER_TEXT"}]}
RESULT: {"script":"<script> [776 bytes]","args":[{"enterText":"10482","selector":{"controlType":"sap.m.SearchField","viewName":"etm.portal.ui.managehandovers.view.MasterHO","bindingPath":{"path":"","propertyPath":"/_BASIC_SEARCH_FIELD","modelName":"fi1t3rM0d31"},"searchOpenDialogs":true,"interaction":{"idSuffix":"I"}},"clearTextFirst":true,"interactionType":"ENTER_TEXT"}]}
COMMAND: POST /session/799be37928140a71a03c3bbe373ba355/actions - {"actions":[{"id":"action82","type":"key","parameters":{},"actions":[{"type":"keyDown","value":""},{"type":"pause","duration":10},{"type":"keyUp","value":""}]}]}
RESULT: {"actions":[{"id":"action82","type":"key","parameters":{},"actions":[{"type":"keyDown","value":""},{"type":"pause","duration":10},{"type":"keyUp","value":""}]}]}
COMMAND: GET /session/799be37928140a71a03c3bbe373ba355/screenshot - {}
RESULT: {}
COMMAND: POST /session/799be37928140a71a03c3bbe373ba355/element - {"using":"xpath","value":"//div[contains(@id, 'filterItemControl_BASIC-SEND_CONTRACT-valueHelpDialog-table-rowsel0')]"}
RESULT: {"using":"xpath","value":"//div[contains(@id, 'filterItemControl_BASIC-SEND_CONTRACT-valueHelpDialog-table-rowsel0')]"}
COMMAND: POST /session/799be37928140a71a03c3bbe373ba355/element/f.19D3A8A536C023AFD4E776B255E62FBE.d.0096A8C842C99E3E50AB7214B8B6B242.e.24816/click - {}
RESULT: {}
COMMAND: GET /session/799be37928140a71a03c3bbe373ba355/screenshot - {}
RESULT: {}
COMMAND: POST /session/799be37928140a71a03c3bbe373ba355/element - {"using":"xpath","value":"//bdi[contains(text(), \"OK\")]"}
RESULT: {"using":"xpath","value":"//bdi[contains(text(), \"OK\")]"}
COMMAND: POST /session/799be37928140a71a03c3bbe373ba355/element/f.19D3A8A536C023AFD4E776B255E62FBE.d.0096A8C842C99E3E50AB7214B8B6B242.e.24818/click - {}
RESULT: {}
COMMAND: GET /session/799be37928140a71a03c3bbe373ba355/screenshot - {}
RESULT: {}
COMMAND: POST /session/799be37928140a71a03c3bbe373ba355/element - {"using":"xpath","value":"//span[contains(@id, \"smartTable-header-inner\")]"}
RESULT: {"using":"xpath","value":"//span[contains(@id, \"smartTable-header-inner\")]"}
COMMAND: POST /session/799be37928140a71a03c3bbe373ba355/elements - {"using":"xpath","value":"//span[contains(@id, \"smartTable-header-inner\")]"}
RESULT: {"using":"xpath","value":"//span[contains(@id, \"smartTable-header-inner\")]"}
COMMAND: POST /session/799be37928140a71a03c3bbe373ba355/execute/sync - {"script":"<script> [56 bytes]","args":[{"element-6066-11e4-a52e-4f735466cecf":"f.19D3A8A536C023AFD4E776B255E62FBE.d.0096A8C842C99E3E50AB7214B8B6B242.e.24847","ELEMENT":"f.19D3A8A536C023AFD4E776B255E62FBE.d.0096A8C842C99E3E50AB7214B8B6B242.e.24847"}]}
RESULT: {"script":"<script> [56 bytes]","args":[{"element-6066-11e4-a52e-4f735466cecf":"f.19D3A8A536C023AFD4E776B255E62FBE.d.0096A8C842C99E3E50AB7214B8B6B242.e.24847","ELEMENT":"f.19D3A8A536C023AFD4E776B255E62FBE.d.0096A8C842C99E3E50AB7214B8B6B242.e.24847"}]}
COMMAND: POST /session/799be37928140a71a03c3bbe373ba355/element - {"using":"xpath","value":"//table[contains(@id, \"customHandovers\")]//tbody/tr[1]/td[2]/span"}
COMMAND: GET /session/799be37928140a71a03c3bbe373ba355/screenshot - {}
RESULT: {"using":"xpath","value":"//table[contains(@id, \"customHandovers\")]//tbody/tr[1]/td[2]/span"}
COMMAND: POST /session/799be37928140a71a03c3bbe373ba355/execute/sync - {"script":"<script> [56 bytes]","args":[{"element-6066-11e4-a52e-4f735466cecf":"f.19D3A8A536C023AFD4E776B255E62FBE.d.0096A8C842C99E3E50AB7214B8B6B242.e.24848","ELEMENT":"f.19D3A8A536C023AFD4E776B255E62FBE.d.0096A8C842C99E3E50AB7214B8B6B242.e.24848"}]}
RESULT: {}
RESULT: {"script":"<script> [56 bytes]","args":[{"element-6066-11e4-a52e-4f735466cecf":"f.19D3A8A536C023AFD4E776B255E62FBE.d.0096A8C842C99E3E50AB7214B8B6B242.e.24848","ELEMENT":"f.19D3A8A536C023AFD4E776B255E62FBE.d.0096A8C842C99E3E50AB7214B8B6B242.e.24848"}]}
COMMAND: POST /session/799be37928140a71a03c3bbe373ba355/element - {"using":"xpath","value":"(//span[contains(@id, \"imgNav\")])[1]"}
COMMAND: GET /session/799be37928140a71a03c3bbe373ba355/screenshot - {}
RESULT: {"using":"xpath","value":"(//span[contains(@id, \"imgNav\")])[1]"}
COMMAND: POST /session/799be37928140a71a03c3bbe373ba355/element/f.19D3A8A536C023AFD4E776B255E62FBE.d.0096A8C842C99E3E50AB7214B8B6B242.e.24844/click - {}
RESULT: {}
RESULT: {}
COMMAND: GET /session/799be37928140a71a03c3bbe373ba355/screenshot - {}
RESULT: {}
COMMAND: POST /session/799be37928140a71a03c3bbe373ba355/element - {"using":"xpath","value":"//button[@data-kt=\"PickingTableConfirmAllButton\"]"}
RESULT: {"using":"xpath","value":"//button[@data-kt=\"PickingTableConfirmAllButton\"]"}
COMMAND: POST /session/799be37928140a71a03c3bbe373ba355/element/f.19D3A8A536C023AFD4E776B255E62FBE.d.0096A8C842C99E3E50AB7214B8B6B242.e.24888/click - {}
RESULT: {}
COMMAND: GET /session/799be37928140a71a03c3bbe373ba355/screenshot - {}
RESULT: {}
COMMAND: POST /session/799be37928140a71a03c3bbe373ba355/element - {"using":"xpath","value":"//bdi[contains(text(), \"OK\")]"}
RESULT: {"using":"xpath","value":"//bdi[contains(text(), \"OK\")]"}
COMMAND: POST /session/799be37928140a71a03c3bbe373ba355/element/f.19D3A8A536C023AFD4E776B255E62FBE.d.0096A8C842C99E3E50AB7214B8B6B242.e.24901/click - {}
RESULT: {}
COMMAND: GET /session/799be37928140a71a03c3bbe373ba355/screenshot - {}
RESULT: {}
COMMAND: POST /session/799be37928140a71a03c3bbe373ba355/element - {"using":"xpath","value":"//button[@data-kt=\"execHoIssueButton\"]"}
RESULT: {"using":"xpath","value":"//button[@data-kt=\"execHoIssueButton\"]"}
COMMAND: POST /session/799be37928140a71a03c3bbe373ba355/element/f.19D3A8A536C023AFD4E776B255E62FBE.d.0096A8C842C99E3E50AB7214B8B6B242.e.24903/click - {}
RESULT: {}
COMMAND: GET /session/799be37928140a71a03c3bbe373ba355/screenshot - {}
RESULT: {}
COMMAND: POST /session/799be37928140a71a03c3bbe373ba355/element - {"using":"xpath","value":"//input[contains(@id ,\"smartFilterBar-btnBasicSearch-I\")]"}
RESULT: {"using":"xpath","value":"//input[contains(@id ,\"smartFilterBar-btnBasicSearch-I\")]"}
COMMAND: POST /session/799be37928140a71a03c3bbe373ba355/elements - {"using":"xpath","value":"//input[contains(@id ,\"smartFilterBar-btnBasicSearch-I\")]"}
RESULT: {"using":"xpath","value":"//input[contains(@id ,\"smartFilterBar-btnBasicSearch-I\")]"}
COMMAND: POST /session/799be37928140a71a03c3bbe373ba355/execute/sync - {"script":"<script> [8489 bytes]","args":[{"element-6066-11e4-a52e-4f735466cecf":"f.19D3A8A536C023AFD4E776B255E62FBE.d.0096A8C842C99E3E50AB7214B8B6B242.e.24194","ELEMENT":"f.19D3A8A536C023AFD4E776B255E62FBE.d.0096A8C842C99E3E50AB7214B8B6B242.e.24194"}]}
RESULT: {"script":"<script> [8489 bytes]","args":[{"element-6066-11e4-a52e-4f735466cecf":"f.19D3A8A536C023AFD4E776B255E62FBE.d.0096A8C842C99E3E50AB7214B8B6B242.e.24194","ELEMENT":"f.19D3A8A536C023AFD4E776B255E62FBE.d.0096A8C842C99E3E50AB7214B8B6B242.e.24194"}]}
COMMAND: GET /session/799be37928140a71a03c3bbe373ba355/element/f.19D3A8A536C023AFD4E776B255E62FBE.d.0096A8C842C99E3E50AB7214B8B6B242.e.24194/enabled - {}
COMMAND: GET /session/799be37928140a71a03c3bbe373ba355/screenshot - {}
RESULT: {}
COMMAND: POST /session/799be37928140a71a03c3bbe373ba355/element/f.19D3A8A536C023AFD4E776B255E62FBE.d.0096A8C842C99E3E50AB7214B8B6B242.e.24194/clear - {}
COMMAND: GET /session/799be37928140a71a03c3bbe373ba355/screenshot - {}
RESULT: {}
RESULT: {}
COMMAND: POST /session/799be37928140a71a03c3bbe373ba355/element/f.19D3A8A536C023AFD4E776B255E62FBE.d.0096A8C842C99E3E50AB7214B8B6B242.e.24194/value - {"text":"30869"}
COMMAND: GET /session/799be37928140a71a03c3bbe373ba355/screenshot - {}
RESULT: {}
RESULT: {"text":"30869"}
COMMAND: GET /session/799be37928140a71a03c3bbe373ba355/screenshot - {}
RESULT: {}
RESULT: {}
COMMAND: POST /session/799be37928140a71a03c3bbe373ba355/actions - {"actions":[{"id":"action83","type":"key","parameters":{},"actions":[{"type":"keyDown","value":""},{"type":"pause","duration":10},{"type":"keyUp","value":""}]}]}
RESULT: {"actions":[{"id":"action83","type":"key","parameters":{},"actions":[{"type":"keyDown","value":""},{"type":"pause","duration":10},{"type":"keyUp","value":""}]}]}
COMMAND: GET /session/799be37928140a71a03c3bbe373ba355/screenshot - {}
RESULT: {}
COMMAND: POST /session/799be37928140a71a03c3bbe373ba355/element - {"using":"xpath","value":"//span[contains(@id, \"smartTable-header-inner\")]"}
RESULT: {"using":"xpath","value":"//span[contains(@id, \"smartTable-header-inner\")]"}
COMMAND: POST /session/799be37928140a71a03c3bbe373ba355/elements - {"using":"xpath","value":"//span[contains(@id, \"smartTable-header-inner\")]"}
RESULT: {"using":"xpath","value":"//span[contains(@id, \"smartTable-header-inner\")]"}
COMMAND: POST /session/799be37928140a71a03c3bbe373ba355/execute/sync - {"script":"<script> [56 bytes]","args":[{"element-6066-11e4-a52e-4f735466cecf":"f.19D3A8A536C023AFD4E776B255E62FBE.d.0096A8C842C99E3E50AB7214B8B6B242.e.24847","ELEMENT":"f.19D3A8A536C023AFD4E776B255E62FBE.d.0096A8C842C99E3E50AB7214B8B6B242.e.24847"}]}
RESULT: {"script":"<script> [56 bytes]","args":[{"element-6066-11e4-a52e-4f735466cecf":"f.19D3A8A536C023AFD4E776B255E62FBE.d.0096A8C842C99E3E50AB7214B8B6B242.e.24847","ELEMENT":"f.19D3A8A536C023AFD4E776B255E62FBE.d.0096A8C842C99E3E50AB7214B8B6B242.e.24847"}]}
COMMAND: POST /session/799be37928140a71a03c3bbe373ba355/elements - {"using":"xpath","value":"//thead[contains(@class, \"sapMTableTH\")]/tr/th"}
COMMAND: GET /session/799be37928140a71a03c3bbe373ba355/screenshot - {}
RESULT: {"using":"xpath","value":"//thead[contains(@class, \"sapMTableTH\")]/tr/th"}
COMMAND: GET /session/799be37928140a71a03c3bbe373ba355/element/f.19D3A8A536C023AFD4E776B255E62FBE.d.0096A8C842C99E3E50AB7214B8B6B242.e.24950/text - {}
RESULT: {}
RESULT: {}
COMMAND: GET /session/799be37928140a71a03c3bbe373ba355/element/f.19D3A8A536C023AFD4E776B255E62FBE.d.0096A8C842C99E3E50AB7214B8B6B242.e.24951/text - {}
RESULT: {}
COMMAND: GET /session/799be37928140a71a03c3bbe373ba355/element/f.19D3A8A536C023AFD4E776B255E62FBE.d.0096A8C842C99E3E50AB7214B8B6B242.e.24224/text - {}
RESULT: {}
COMMAND: GET /session/799be37928140a71a03c3bbe373ba355/element/f.19D3A8A536C023AFD4E776B255E62FBE.d.0096A8C842C99E3E50AB7214B8B6B242.e.24226/text - {}
RESULT: {}
COMMAND: GET /session/799be37928140a71a03c3bbe373ba355/element/f.19D3A8A536C023AFD4E776B255E62FBE.d.0096A8C842C99E3E50AB7214B8B6B242.e.24905/text - {}
RESULT: {}
COMMAND: GET /session/799be37928140a71a03c3bbe373ba355/element/f.19D3A8A536C023AFD4E776B255E62FBE.d.0096A8C842C99E3E50AB7214B8B6B242.e.24906/text - {}
RESULT: {}
COMMAND: GET /session/799be37928140a71a03c3bbe373ba355/element/f.19D3A8A536C023AFD4E776B255E62FBE.d.0096A8C842C99E3E50AB7214B8B6B242.e.24907/text - {}
RESULT: {}
COMMAND: GET /session/799be37928140a71a03c3bbe373ba355/element/f.19D3A8A536C023AFD4E776B255E62FBE.d.0096A8C842C99E3E50AB7214B8B6B242.e.24908/text - {}
RESULT: {}
COMMAND: GET /session/799be37928140a71a03c3bbe373ba355/element/f.19D3A8A536C023AFD4E776B255E62FBE.d.0096A8C842C99E3E50AB7214B8B6B242.e.24909/text - {}
RESULT: {}
COMMAND: GET /session/799be37928140a71a03c3bbe373ba355/element/f.19D3A8A536C023AFD4E776B255E62FBE.d.0096A8C842C99E3E50AB7214B8B6B242.e.24910/text - {}
RESULT: {}
COMMAND: GET /session/799be37928140a71a03c3bbe373ba355/element/f.19D3A8A536C023AFD4E776B255E62FBE.d.0096A8C842C99E3E50AB7214B8B6B242.e.24911/text - {}
RESULT: {}
COMMAND: GET /session/799be37928140a71a03c3bbe373ba355/element/f.19D3A8A536C023AFD4E776B255E62FBE.d.0096A8C842C99E3E50AB7214B8B6B242.e.24912/text - {}
RESULT: {}
COMMAND: GET /session/799be37928140a71a03c3bbe373ba355/element/f.19D3A8A536C023AFD4E776B255E62FBE.d.0096A8C842C99E3E50AB7214B8B6B242.e.24913/text - {}
RESULT: {}
COMMAND: GET /session/799be37928140a71a03c3bbe373ba355/element/f.19D3A8A536C023AFD4E776B255E62FBE.d.0096A8C842C99E3E50AB7214B8B6B242.e.24227/text - {}
RESULT: {}
COMMAND: POST /session/799be37928140a71a03c3bbe373ba355/element - {"using":"xpath","value":"//tbody[contains(@id, \"customHandoversTable-tblBody\")]/tr[1]/td[14]/div/span"}
RESULT: {"using":"xpath","value":"//tbody[contains(@id, \"customHandoversTable-tblBody\")]/tr[1]/td[14]/div/span"}
COMMAND: POST /session/799be37928140a71a03c3bbe373ba355/execute/sync - {"script":"<script> [56 bytes]","args":[{"element-6066-11e4-a52e-4f735466cecf":"f.19D3A8A536C023AFD4E776B255E62FBE.d.0096A8C842C99E3E50AB7214B8B6B242.e.25004","ELEMENT":"f.19D3A8A536C023AFD4E776B255E62FBE.d.0096A8C842C99E3E50AB7214B8B6B242.e.25004"}]}
RESULT: {"script":"<script> [56 bytes]","args":[{"element-6066-11e4-a52e-4f735466cecf":"f.19D3A8A536C023AFD4E776B255E62FBE.d.0096A8C842C99E3E50AB7214B8B6B242.e.25004","ELEMENT":"f.19D3A8A536C023AFD4E776B255E62FBE.d.0096A8C842C99E3E50AB7214B8B6B242.e.25004"}]}
COMMAND: POST /session/799be37928140a71a03c3bbe373ba355/element - {"using":"xpath","value":"(//span[contains(@id, \"imgNav\")])[1]"}
COMMAND: GET /session/799be37928140a71a03c3bbe373ba355/screenshot - {}
RESULT: {"using":"xpath","value":"(//span[contains(@id, \"imgNav\")])[1]"}
COMMAND: POST /session/799be37928140a71a03c3bbe373ba355/element/f.19D3A8A536C023AFD4E776B255E62FBE.d.0096A8C842C99E3E50AB7214B8B6B242.e.24943/click - {}
RESULT: {}
RESULT: {}
COMMAND: GET /session/799be37928140a71a03c3bbe373ba355/screenshot - {}
RESULT: {}
RESULT: undefined
COMMAND: POST /session/799be37928140a71a03c3bbe373ba355/execute/async - {"script":"<script> [776 bytes]","args":[{"enterText":"05/10/25","selector":{"id":"receiptDatePicker","viewName":"etm.portal.ui.managehandovers.view.DetailExecuteHO","interaction":{"idSuffix":"inner"}},"clearTextFirst":true,"interactionType":"ENTER_TEXT"}]}
RESULT: {"script":"<script> [776 bytes]","args":[{"enterText":"05/10/25","selector":{"id":"receiptDatePicker","viewName":"etm.portal.ui.managehandovers.view.DetailExecuteHO","interaction":{"idSuffix":"inner"}},"clearTextFirst":true,"interactionType":"ENTER_TEXT"}]}
COMMAND: POST /session/799be37928140a71a03c3bbe373ba355/element - {"using":"xpath","value":"//bdi[contains(text(), \"OK\")]"}
RESULT: {"using":"xpath","value":"//bdi[contains(text(), \"OK\")]"}
COMMAND: POST /session/799be37928140a71a03c3bbe373ba355/element/f.19D3A8A536C023AFD4E776B255E62FBE.d.0096A8C842C99E3E50AB7214B8B6B242.e.25029/click - {}
RESULT: {}
COMMAND: GET /session/799be37928140a71a03c3bbe373ba355/screenshot - {}
RESULT: {}
COMMAND: POST /session/799be37928140a71a03c3bbe373ba355/element - {"using":"xpath","value":"//button[@data-kt=\"PickingTableConfirmAllButton\"]"}
RESULT: {"using":"xpath","value":"//button[@data-kt=\"PickingTableConfirmAllButton\"]"}
COMMAND: POST /session/799be37928140a71a03c3bbe373ba355/element/f.19D3A8A536C023AFD4E776B255E62FBE.d.0096A8C842C99E3E50AB7214B8B6B242.e.25014/click - {}
RESULT: {}
COMMAND: GET /session/799be37928140a71a03c3bbe373ba355/screenshot - {}
RESULT: {}
COMMAND: POST /session/799be37928140a71a03c3bbe373ba355/element - {"using":"xpath","value":"//bdi[contains(text(), \"OK\")]"}
RESULT: {"using":"xpath","value":"//bdi[contains(text(), \"OK\")]"}
COMMAND: POST /session/799be37928140a71a03c3bbe373ba355/element/f.19D3A8A536C023AFD4E776B255E62FBE.d.0096A8C842C99E3E50AB7214B8B6B242.e.25044/click - {}
RESULT: {}
COMMAND: GET /session/799be37928140a71a03c3bbe373ba355/screenshot - {}
RESULT: {}
COMMAND: POST /session/799be37928140a71a03c3bbe373ba355/element - {"using":"xpath","value":"//button[@data-kt= \"execHoReceiveButton\"]"}
RESULT: {"using":"xpath","value":"//button[@data-kt= \"execHoReceiveButton\"]"}
COMMAND: POST /session/799be37928140a71a03c3bbe373ba355/element/f.19D3A8A536C023AFD4E776B255E62FBE.d.0096A8C842C99E3E50AB7214B8B6B242.e.25045/click - {}
RESULT: {}
COMMAND: GET /session/799be37928140a71a03c3bbe373ba355/screenshot - {}
RESULT: {}
COMMAND: POST /session/799be37928140a71a03c3bbe373ba355/element - {"using":"xpath","value":"//input[contains(@id ,\"smartFilterBar-btnBasicSearch-I\")]"}
RESULT: {"using":"xpath","value":"//input[contains(@id ,\"smartFilterBar-btnBasicSearch-I\")]"}
COMMAND: POST /session/799be37928140a71a03c3bbe373ba355/elements - {"using":"xpath","value":"//input[contains(@id ,\"smartFilterBar-btnBasicSearch-I\")]"}
RESULT: {"using":"xpath","value":"//input[contains(@id ,\"smartFilterBar-btnBasicSearch-I\")]"}
COMMAND: POST /session/799be37928140a71a03c3bbe373ba355/execute/sync - {"script":"<script> [8489 bytes]","args":[{"element-6066-11e4-a52e-4f735466cecf":"f.19D3A8A536C023AFD4E776B255E62FBE.d.0096A8C842C99E3E50AB7214B8B6B242.e.24194","ELEMENT":"f.19D3A8A536C023AFD4E776B255E62FBE.d.0096A8C842C99E3E50AB7214B8B6B242.e.24194"}]}
RESULT: {"script":"<script> [8489 bytes]","args":[{"element-6066-11e4-a52e-4f735466cecf":"f.19D3A8A536C023AFD4E776B255E62FBE.d.0096A8C842C99E3E50AB7214B8B6B242.e.24194","ELEMENT":"f.19D3A8A536C023AFD4E776B255E62FBE.d.0096A8C842C99E3E50AB7214B8B6B242.e.24194"}]}
COMMAND: GET /session/799be37928140a71a03c3bbe373ba355/element/f.19D3A8A536C023AFD4E776B255E62FBE.d.0096A8C842C99E3E50AB7214B8B6B242.e.24194/enabled - {}
COMMAND: GET /session/799be37928140a71a03c3bbe373ba355/screenshot - {}
RESULT: {}
COMMAND: POST /session/799be37928140a71a03c3bbe373ba355/element/f.19D3A8A536C023AFD4E776B255E62FBE.d.0096A8C842C99E3E50AB7214B8B6B242.e.24194/clear - {}
COMMAND: GET /session/799be37928140a71a03c3bbe373ba355/screenshot - {}
RESULT: {}
RESULT: {}
COMMAND: POST /session/799be37928140a71a03c3bbe373ba355/element/f.19D3A8A536C023AFD4E776B255E62FBE.d.0096A8C842C99E3E50AB7214B8B6B242.e.24194/value - {"text":"30869"}
COMMAND: GET /session/799be37928140a71a03c3bbe373ba355/screenshot - {}
RESULT: {}
RESULT: {"text":"30869"}
COMMAND: GET /session/799be37928140a71a03c3bbe373ba355/screenshot - {}
RESULT: {}
RESULT: {}
COMMAND: POST /session/799be37928140a71a03c3bbe373ba355/actions - {"actions":[{"id":"action84","type":"key","parameters":{},"actions":[{"type":"keyDown","value":""},{"type":"pause","duration":10},{"type":"keyUp","value":""}]}]}
RESULT: {"actions":[{"id":"action84","type":"key","parameters":{},"actions":[{"type":"keyDown","value":""},{"type":"pause","duration":10},{"type":"keyUp","value":""}]}]}
COMMAND: GET /session/799be37928140a71a03c3bbe373ba355/screenshot - {}
RESULT: {}
COMMAND: POST /session/799be37928140a71a03c3bbe373ba355/element - {"using":"xpath","value":"//span[contains(@id, \"smartTable-header-inner\")]"}
RESULT: {"using":"xpath","value":"//span[contains(@id, \"smartTable-header-inner\")]"}
COMMAND: POST /session/799be37928140a71a03c3bbe373ba355/elements - {"using":"xpath","value":"//span[contains(@id, \"smartTable-header-inner\")]"}
RESULT: {"using":"xpath","value":"//span[contains(@id, \"smartTable-header-inner\")]"}
COMMAND: POST /session/799be37928140a71a03c3bbe373ba355/execute/sync - {"script":"<script> [56 bytes]","args":[{"element-6066-11e4-a52e-4f735466cecf":"f.19D3A8A536C023AFD4E776B255E62FBE.d.0096A8C842C99E3E50AB7214B8B6B242.e.24847","ELEMENT":"f.19D3A8A536C023AFD4E776B255E62FBE.d.0096A8C842C99E3E50AB7214B8B6B242.e.24847"}]}
RESULT: {"script":"<script> [56 bytes]","args":[{"element-6066-11e4-a52e-4f735466cecf":"f.19D3A8A536C023AFD4E776B255E62FBE.d.0096A8C842C99E3E50AB7214B8B6B242.e.24847","ELEMENT":"f.19D3A8A536C023AFD4E776B255E62FBE.d.0096A8C842C99E3E50AB7214B8B6B242.e.24847"}]}
COMMAND: POST /session/799be37928140a71a03c3bbe373ba355/elements - {"using":"xpath","value":"//thead[contains(@class, \"sapMTableTH\")]/tr/th"}
COMMAND: GET /session/799be37928140a71a03c3bbe373ba355/screenshot - {}
RESULT: {"using":"xpath","value":"//thead[contains(@class, \"sapMTableTH\")]/tr/th"}
COMMAND: GET /session/799be37928140a71a03c3bbe373ba355/element/f.19D3A8A536C023AFD4E776B255E62FBE.d.0096A8C842C99E3E50AB7214B8B6B242.e.24950/text - {}
RESULT: {}
RESULT: {}
COMMAND: GET /session/799be37928140a71a03c3bbe373ba355/element/f.19D3A8A536C023AFD4E776B255E62FBE.d.0096A8C842C99E3E50AB7214B8B6B242.e.24951/text - {}
RESULT: {}
COMMAND: GET /session/799be37928140a71a03c3bbe373ba355/element/f.19D3A8A536C023AFD4E776B255E62FBE.d.0096A8C842C99E3E50AB7214B8B6B242.e.24224/text - {}
RESULT: {}
COMMAND: GET /session/799be37928140a71a03c3bbe373ba355/element/f.19D3A8A536C023AFD4E776B255E62FBE.d.0096A8C842C99E3E50AB7214B8B6B242.e.24226/text - {}
RESULT: {}
COMMAND: GET /session/799be37928140a71a03c3bbe373ba355/element/f.19D3A8A536C023AFD4E776B255E62FBE.d.0096A8C842C99E3E50AB7214B8B6B242.e.25049/text - {}
RESULT: {}
COMMAND: GET /session/799be37928140a71a03c3bbe373ba355/element/f.19D3A8A536C023AFD4E776B255E62FBE.d.0096A8C842C99E3E50AB7214B8B6B242.e.25050/text - {}
RESULT: {}
COMMAND: GET /session/799be37928140a71a03c3bbe373ba355/element/f.19D3A8A536C023AFD4E776B255E62FBE.d.0096A8C842C99E3E50AB7214B8B6B242.e.25051/text - {}
RESULT: {}
COMMAND: GET /session/799be37928140a71a03c3bbe373ba355/element/f.19D3A8A536C023AFD4E776B255E62FBE.d.0096A8C842C99E3E50AB7214B8B6B242.e.25052/text - {}
RESULT: {}
COMMAND: GET /session/799be37928140a71a03c3bbe373ba355/element/f.19D3A8A536C023AFD4E776B255E62FBE.d.0096A8C842C99E3E50AB7214B8B6B242.e.25053/text - {}
RESULT: {}
COMMAND: GET /session/799be37928140a71a03c3bbe373ba355/element/f.19D3A8A536C023AFD4E776B255E62FBE.d.0096A8C842C99E3E50AB7214B8B6B242.e.25054/text - {}
RESULT: {}
COMMAND: GET /session/799be37928140a71a03c3bbe373ba355/element/f.19D3A8A536C023AFD4E776B255E62FBE.d.0096A8C842C99E3E50AB7214B8B6B242.e.25055/text - {}
RESULT: {}
COMMAND: GET /session/799be37928140a71a03c3bbe373ba355/element/f.19D3A8A536C023AFD4E776B255E62FBE.d.0096A8C842C99E3E50AB7214B8B6B242.e.25056/text - {}
RESULT: {}
COMMAND: GET /session/799be37928140a71a03c3bbe373ba355/element/f.19D3A8A536C023AFD4E776B255E62FBE.d.0096A8C842C99E3E50AB7214B8B6B242.e.25057/text - {}
RESULT: {}
COMMAND: GET /session/799be37928140a71a03c3bbe373ba355/element/f.19D3A8A536C023AFD4E776B255E62FBE.d.0096A8C842C99E3E50AB7214B8B6B242.e.24227/text - {}
RESULT: {}
COMMAND: POST /session/799be37928140a71a03c3bbe373ba355/element - {"using":"xpath","value":"//tbody[contains(@id, \"customHandoversTable-tblBody\")]/tr[1]/td[14]/div/span"}
RESULT: {"using":"xpath","value":"//tbody[contains(@id, \"customHandoversTable-tblBody\")]/tr[1]/td[14]/div/span"}
COMMAND: POST /session/799be37928140a71a03c3bbe373ba355/execute/sync - {"script":"<script> [56 bytes]","args":[{"element-6066-11e4-a52e-4f735466cecf":"f.19D3A8A536C023AFD4E776B255E62FBE.d.0096A8C842C99E3E50AB7214B8B6B242.e.25102","ELEMENT":"f.19D3A8A536C023AFD4E776B255E62FBE.d.0096A8C842C99E3E50AB7214B8B6B242.e.25102"}]}
RESULT: {"script":"<script> [56 bytes]","args":[{"element-6066-11e4-a52e-4f735466cecf":"f.19D3A8A536C023AFD4E776B255E62FBE.d.0096A8C842C99E3E50AB7214B8B6B242.e.25102","ELEMENT":"f.19D3A8A536C023AFD4E776B255E62FBE.d.0096A8C842C99E3E50AB7214B8B6B242.e.25102"}]}
COMMAND: POST /session/799be37928140a71a03c3bbe373ba355/element - {"using":"css selector","value":"#shell-header-logo"}
COMMAND: GET /session/799be37928140a71a03c3bbe373ba355/screenshot - {}
RESULT: {"using":"css selector","value":"#shell-header-logo"}
COMMAND: POST /session/799be37928140a71a03c3bbe373ba355/element/f.19D3A8A536C023AFD4E776B255E62FBE.d.0096A8C842C99E3E50AB7214B8B6B242.e.23847/click - {}
RESULT: {}
RESULT: {}
COMMAND: GET /session/799be37928140a71a03c3bbe373ba355/screenshot - {}
RESULT: {}
]]></system-out>
    </testcase>
    <testcase classname="chrome.135_0_7049_42.windows.Billing_Calculation_-_Time_based_(considering_transport_times)_US139738" name="Should do another billing run but in around 17 days from today" time="57.31">
      <system-out><![CDATA[
RESULT: undefined
COMMAND: POST /session/799be37928140a71a03c3bbe373ba355/element - {"using":"xpath","value":"//*[@id=\"__tile51\"]"}
RESULT: {"using":"xpath","value":"//*[@id=\"__tile51\"]"}
COMMAND: POST /session/799be37928140a71a03c3bbe373ba355/element/f.19D3A8A536C023AFD4E776B255E62FBE.d.0096A8C842C99E3E50AB7214B8B6B242.e.19150/click - {}
RESULT: {}
COMMAND: GET /session/799be37928140a71a03c3bbe373ba355/screenshot - {}
RESULT: {}
RESULT: undefined
COMMAND: POST /session/799be37928140a71a03c3bbe373ba355/execute/async - {"script":"<script> [776 bytes]","args":[{"enterText":"10482","selector":{"id":"application-managebillings-display-component---billRunCalcResult--smartFilterBar-btnBasicSearch","interaction":{"idSuffix":"I"}},"clearTextFirst":true,"interactionType":"ENTER_TEXT"}]}
RESULT: {"script":"<script> [776 bytes]","args":[{"enterText":"10482","selector":{"id":"application-managebillings-display-component---billRunCalcResult--smartFilterBar-btnBasicSearch","interaction":{"idSuffix":"I"}},"clearTextFirst":true,"interactionType":"ENTER_TEXT"}]}
COMMAND: POST /session/799be37928140a71a03c3bbe373ba355/actions - {"actions":[{"id":"action85","type":"key","parameters":{},"actions":[{"type":"keyDown","value":""},{"type":"pause","duration":10},{"type":"keyUp","value":""}]}]}
RESULT: {"actions":[{"id":"action85","type":"key","parameters":{},"actions":[{"type":"keyDown","value":""},{"type":"pause","duration":10},{"type":"keyUp","value":""}]}]}
COMMAND: GET /session/799be37928140a71a03c3bbe373ba355/screenshot - {}
RESULT: {}
COMMAND: POST /session/799be37928140a71a03c3bbe373ba355/element - {"using":"xpath","value":"//td[@aria-colindex=\"1\"]/div/div[contains(@class, \"sapMCbBg\")]"}
RESULT: {"using":"xpath","value":"//td[@aria-colindex=\"1\"]/div/div[contains(@class, \"sapMCbBg\")]"}
COMMAND: POST /session/799be37928140a71a03c3bbe373ba355/element/f.19D3A8A536C023AFD4E776B255E62FBE.d.0096A8C842C99E3E50AB7214B8B6B242.e.25318/click - {}
RESULT: {}
COMMAND: GET /session/799be37928140a71a03c3bbe373ba355/screenshot - {}
RESULT: {}
RESULT: undefined
COMMAND: POST /session/799be37928140a71a03c3bbe373ba355/execute/async - {"script":"<script> [776 bytes]","args":[{"enterText":"05/06/25","selector":{"id":"application-managebillings-display-component---billRunCalcResult--contractBillRunDate","interaction":{"idSuffix":"inner"}},"clearTextFirst":true,"interactionType":"ENTER_TEXT"}]}
RESULT: {"script":"<script> [776 bytes]","args":[{"enterText":"05/06/25","selector":{"id":"application-managebillings-display-component---billRunCalcResult--contractBillRunDate","interaction":{"idSuffix":"inner"}},"clearTextFirst":true,"interactionType":"ENTER_TEXT"}]}
COMMAND: POST /session/799be37928140a71a03c3bbe373ba355/element - {"using":"xpath","value":"//bdi[contains(text(), \"Trigger Calculation\")]"}
RESULT: {"using":"xpath","value":"//bdi[contains(text(), \"Trigger Calculation\")]"}
COMMAND: POST /session/799be37928140a71a03c3bbe373ba355/element/f.19D3A8A536C023AFD4E776B255E62FBE.d.0096A8C842C99E3E50AB7214B8B6B242.e.25368/click - {}
RESULT: {}
COMMAND: GET /session/799be37928140a71a03c3bbe373ba355/screenshot - {}
RESULT: {}
COMMAND: POST /session/799be37928140a71a03c3bbe373ba355/element - {"using":"xpath","value":"(//span[contains(@id, \"imgNav\")])[1]"}
RESULT: {"using":"xpath","value":"(//span[contains(@id, \"imgNav\")])[1]"}
COMMAND: POST /session/799be37928140a71a03c3bbe373ba355/element/f.19D3A8A536C023AFD4E776B255E62FBE.d.0096A8C842C99E3E50AB7214B8B6B242.e.25319/click - {}
RESULT: {}
COMMAND: GET /session/799be37928140a71a03c3bbe373ba355/screenshot - {}
RESULT: {}
COMMAND: POST /session/799be37928140a71a03c3bbe373ba355/element - {"using":"xpath","value":"//tr/td[6]/div[1]/span[1]/span[1]"}
RESULT: {"using":"xpath","value":"//tr/td[6]/div[1]/span[1]/span[1]"}
COMMAND: GET /session/799be37928140a71a03c3bbe373ba355/element/f.19D3A8A536C023AFD4E776B255E62FBE.d.0096A8C842C99E3E50AB7214B8B6B242.e.25373/text - {}
RESULT: {}
COMMAND: POST /session/799be37928140a71a03c3bbe373ba355/element - {"using":"xpath","value":"(//span[contains(@id, \"imgNav\")])[2]"}
RESULT: {"using":"xpath","value":"(//span[contains(@id, \"imgNav\")])[2]"}
COMMAND: POST /session/799be37928140a71a03c3bbe373ba355/element/f.19D3A8A536C023AFD4E776B255E62FBE.d.0096A8C842C99E3E50AB7214B8B6B242.e.25374/click - {}
RESULT: {}
COMMAND: POST /session/799be37928140a71a03c3bbe373ba355/element - {"using":"xpath","value":"//bdi[contains(text(), \"Business Confirm\")]"}
COMMAND: GET /session/799be37928140a71a03c3bbe373ba355/screenshot - {}
RESULT: {"using":"xpath","value":"//bdi[contains(text(), \"Business Confirm\")]"}
COMMAND: POST /session/799be37928140a71a03c3bbe373ba355/elements - {"using":"xpath","value":"//bdi[contains(text(), \"Business Confirm\")]"}
RESULT: {}
RESULT: {"using":"xpath","value":"//bdi[contains(text(), \"Business Confirm\")]"}
COMMAND: POST /session/799be37928140a71a03c3bbe373ba355/element - {"using":"xpath","value":"//bdi[contains(text(), \"Business Confirm\")]"}
RESULT: {"using":"xpath","value":"//bdi[contains(text(), \"Business Confirm\")]"}
COMMAND: POST /session/799be37928140a71a03c3bbe373ba355/element/f.19D3A8A536C023AFD4E776B255E62FBE.d.0096A8C842C99E3E50AB7214B8B6B242.e.25376/click - {}
RESULT: {}
COMMAND: POST /session/799be37928140a71a03c3bbe373ba355/element - {"using":"css selector","value":"#shell-header-logo"}
COMMAND: GET /session/799be37928140a71a03c3bbe373ba355/screenshot - {}
RESULT: {"using":"css selector","value":"#shell-header-logo"}
COMMAND: POST /session/799be37928140a71a03c3bbe373ba355/element/f.19D3A8A536C023AFD4E776B255E62FBE.d.0096A8C842C99E3E50AB7214B8B6B242.e.25106/click - {}
RESULT: {}
RESULT: {}
COMMAND: GET /session/799be37928140a71a03c3bbe373ba355/screenshot - {}
RESULT: {}
]]></system-out>
    </testcase>
    <testcase classname="chrome.135_0_7049_42.windows.Billing_Calculation_-_Time_based_(considering_transport_times)_US139738" name="Should transfer the billing all the way to completion" time="91.579">
      <system-out><![CDATA[
RESULT: undefined
COMMAND: POST /session/799be37928140a71a03c3bbe373ba355/element - {"using":"xpath","value":"//*[@id=\"__tile50\"]"}
RESULT: {"using":"xpath","value":"//*[@id=\"__tile50\"]"}
COMMAND: POST /session/799be37928140a71a03c3bbe373ba355/element/f.19D3A8A536C023AFD4E776B255E62FBE.d.0096A8C842C99E3E50AB7214B8B6B242.e.19148/click - {}
RESULT: {}
COMMAND: POST /session/799be37928140a71a03c3bbe373ba355/element - {"using":"xpath","value":"//input[contains(@id ,\"application-billingtransfer-display-component---billingWorkbench--smartFilterBar-btnBasicSearch\")]"}
COMMAND: GET /session/799be37928140a71a03c3bbe373ba355/screenshot - {}
RESULT: {"using":"xpath","value":"//input[contains(@id ,\"application-billingtransfer-display-component---billingWorkbench--smartFilterBar-btnBasicSearch\")]"}
COMMAND: POST /session/799be37928140a71a03c3bbe373ba355/elements - {"using":"xpath","value":"//input[contains(@id ,\"application-billingtransfer-display-component---billingWorkbench--smartFilterBar-btnBasicSearch\")]"}
RESULT: {}
RESULT: {"using":"xpath","value":"//input[contains(@id ,\"application-billingtransfer-display-component---billingWorkbench--smartFilterBar-btnBasicSearch\")]"}
COMMAND: POST /session/799be37928140a71a03c3bbe373ba355/execute/sync - {"script":"<script> [8489 bytes]","args":[{"element-6066-11e4-a52e-4f735466cecf":"f.19D3A8A536C023AFD4E776B255E62FBE.d.0096A8C842C99E3E50AB7214B8B6B242.e.25451","ELEMENT":"f.19D3A8A536C023AFD4E776B255E62FBE.d.0096A8C842C99E3E50AB7214B8B6B242.e.25451"}]}
RESULT: {"script":"<script> [8489 bytes]","args":[{"element-6066-11e4-a52e-4f735466cecf":"f.19D3A8A536C023AFD4E776B255E62FBE.d.0096A8C842C99E3E50AB7214B8B6B242.e.25451","ELEMENT":"f.19D3A8A536C023AFD4E776B255E62FBE.d.0096A8C842C99E3E50AB7214B8B6B242.e.25451"}]}
COMMAND: GET /session/799be37928140a71a03c3bbe373ba355/element/f.19D3A8A536C023AFD4E776B255E62FBE.d.0096A8C842C99E3E50AB7214B8B6B242.e.25451/enabled - {}
COMMAND: GET /session/799be37928140a71a03c3bbe373ba355/screenshot - {}
RESULT: {}
COMMAND: POST /session/799be37928140a71a03c3bbe373ba355/element/f.19D3A8A536C023AFD4E776B255E62FBE.d.0096A8C842C99E3E50AB7214B8B6B242.e.25451/click - {}
COMMAND: GET /session/799be37928140a71a03c3bbe373ba355/screenshot - {}
RESULT: {}
RESULT: {}
COMMAND: GET /session/799be37928140a71a03c3bbe373ba355/screenshot - {}
RESULT: {}
RESULT: {}
COMMAND: POST /session/799be37928140a71a03c3bbe373ba355/element/f.19D3A8A536C023AFD4E776B255E62FBE.d.0096A8C842C99E3E50AB7214B8B6B242.e.25451/clear - {}
RESULT: {}
COMMAND: POST /session/799be37928140a71a03c3bbe373ba355/element/f.19D3A8A536C023AFD4E776B255E62FBE.d.0096A8C842C99E3E50AB7214B8B6B242.e.25451/value - {"text":"10482"}
COMMAND: GET /session/799be37928140a71a03c3bbe373ba355/screenshot - {}
RESULT: {"text":"10482"}
COMMAND: POST /session/799be37928140a71a03c3bbe373ba355/actions - {"actions":[{"id":"action86","type":"key","parameters":{},"actions":[{"type":"keyDown","value":""},{"type":"pause","duration":10},{"type":"keyUp","value":""}]}]}
COMMAND: GET /session/799be37928140a71a03c3bbe373ba355/screenshot - {}
RESULT: {}
RESULT: {"actions":[{"id":"action86","type":"key","parameters":{},"actions":[{"type":"keyDown","value":""},{"type":"pause","duration":10},{"type":"keyUp","value":""}]}]}
COMMAND: GET /session/799be37928140a71a03c3bbe373ba355/screenshot - {}
RESULT: {}
RESULT: {}
COMMAND: POST /session/799be37928140a71a03c3bbe373ba355/element - {"using":"xpath","value":"//span[contains(@id ,\"application-billingtransfer-display-component---billingWorkbench--smartTableBillingRuns-header-inner\")]"}
RESULT: {"using":"xpath","value":"//span[contains(@id ,\"application-billingtransfer-display-component---billingWorkbench--smartTableBillingRuns-header-inner\")]"}
COMMAND: POST /session/799be37928140a71a03c3bbe373ba355/elements - {"using":"xpath","value":"//span[contains(@id ,\"application-billingtransfer-display-component---billingWorkbench--smartTableBillingRuns-header-inner\")]"}
RESULT: {"using":"xpath","value":"//span[contains(@id ,\"application-billingtransfer-display-component---billingWorkbench--smartTableBillingRuns-header-inner\")]"}
COMMAND: POST /session/799be37928140a71a03c3bbe373ba355/execute/sync - {"script":"<script> [56 bytes]","args":[{"element-6066-11e4-a52e-4f735466cecf":"f.19D3A8A536C023AFD4E776B255E62FBE.d.0096A8C842C99E3E50AB7214B8B6B242.e.25598","ELEMENT":"f.19D3A8A536C023AFD4E776B255E62FBE.d.0096A8C842C99E3E50AB7214B8B6B242.e.25598"}]}
RESULT: {"script":"<script> [56 bytes]","args":[{"element-6066-11e4-a52e-4f735466cecf":"f.19D3A8A536C023AFD4E776B255E62FBE.d.0096A8C842C99E3E50AB7214B8B6B242.e.25598","ELEMENT":"f.19D3A8A536C023AFD4E776B255E62FBE.d.0096A8C842C99E3E50AB7214B8B6B242.e.25598"}]}
COMMAND: POST /session/799be37928140a71a03c3bbe373ba355/element - {"using":"xpath","value":"//td[@aria-colindex=\"1\"]/div/div[contains(@class, \"sapMCbBg\")]"}
COMMAND: GET /session/799be37928140a71a03c3bbe373ba355/screenshot - {}
RESULT: {"using":"xpath","value":"//td[@aria-colindex=\"1\"]/div/div[contains(@class, \"sapMCbBg\")]"}
COMMAND: POST /session/799be37928140a71a03c3bbe373ba355/element/f.19D3A8A536C023AFD4E776B255E62FBE.d.0096A8C842C99E3E50AB7214B8B6B242.e.25565/click - {}
RESULT: {}
RESULT: {}
COMMAND: GET /session/799be37928140a71a03c3bbe373ba355/screenshot - {}
RESULT: {}
COMMAND: POST /session/799be37928140a71a03c3bbe373ba355/element - {"using":"xpath","value":"//bdi[contains(text(), \"Check\")]"}
RESULT: {"using":"xpath","value":"//bdi[contains(text(), \"Check\")]"}
COMMAND: POST /session/799be37928140a71a03c3bbe373ba355/element/f.19D3A8A536C023AFD4E776B255E62FBE.d.0096A8C842C99E3E50AB7214B8B6B242.e.25599/click - {}
RESULT: {}
COMMAND: GET /session/799be37928140a71a03c3bbe373ba355/screenshot - {}
RESULT: {}
COMMAND: POST /session/799be37928140a71a03c3bbe373ba355/element - {"using":"xpath","value":"//bdi[contains(text(), \"OK\")]"}
RESULT: {"using":"xpath","value":"//bdi[contains(text(), \"OK\")]"}
COMMAND: POST /session/799be37928140a71a03c3bbe373ba355/element/f.19D3A8A536C023AFD4E776B255E62FBE.d.0096A8C842C99E3E50AB7214B8B6B242.e.25602/click - {}
RESULT: {}
COMMAND: GET /session/799be37928140a71a03c3bbe373ba355/screenshot - {}
RESULT: {}
COMMAND: POST /session/799be37928140a71a03c3bbe373ba355/element - {"using":"xpath","value":"(//span[contains(text(), \"CO/SD checked\")]/parent::div/preceding-sibling::div/span)[1]"}
RESULT: {"using":"xpath","value":"(//span[contains(text(), \"CO/SD checked\")]/parent::div/preceding-sibling::div/span)[1]"}
COMMAND: POST /session/799be37928140a71a03c3bbe373ba355/element/f.19D3A8A536C023AFD4E776B255E62FBE.d.0096A8C842C99E3E50AB7214B8B6B242.e.25611/click - {}
RESULT: {}
COMMAND: GET /session/799be37928140a71a03c3bbe373ba355/screenshot - {}
RESULT: {}
COMMAND: POST /session/799be37928140a71a03c3bbe373ba355/element - {"using":"xpath","value":"//input[contains(@id ,\"application-billingtransfer-display-component---billingWorkbench--smartFilterBar-btnBasicSearch\")]"}
RESULT: {"using":"xpath","value":"//input[contains(@id ,\"application-billingtransfer-display-component---billingWorkbench--smartFilterBar-btnBasicSearch\")]"}
COMMAND: POST /session/799be37928140a71a03c3bbe373ba355/elements - {"using":"xpath","value":"//input[contains(@id ,\"application-billingtransfer-display-component---billingWorkbench--smartFilterBar-btnBasicSearch\")]"}
RESULT: {"using":"xpath","value":"//input[contains(@id ,\"application-billingtransfer-display-component---billingWorkbench--smartFilterBar-btnBasicSearch\")]"}
COMMAND: POST /session/799be37928140a71a03c3bbe373ba355/execute/sync - {"script":"<script> [8489 bytes]","args":[{"element-6066-11e4-a52e-4f735466cecf":"f.19D3A8A536C023AFD4E776B255E62FBE.d.0096A8C842C99E3E50AB7214B8B6B242.e.25451","ELEMENT":"f.19D3A8A536C023AFD4E776B255E62FBE.d.0096A8C842C99E3E50AB7214B8B6B242.e.25451"}]}
RESULT: {"script":"<script> [8489 bytes]","args":[{"element-6066-11e4-a52e-4f735466cecf":"f.19D3A8A536C023AFD4E776B255E62FBE.d.0096A8C842C99E3E50AB7214B8B6B242.e.25451","ELEMENT":"f.19D3A8A536C023AFD4E776B255E62FBE.d.0096A8C842C99E3E50AB7214B8B6B242.e.25451"}]}
COMMAND: GET /session/799be37928140a71a03c3bbe373ba355/element/f.19D3A8A536C023AFD4E776B255E62FBE.d.0096A8C842C99E3E50AB7214B8B6B242.e.25451/enabled - {}
COMMAND: GET /session/799be37928140a71a03c3bbe373ba355/screenshot - {}
RESULT: {}
COMMAND: POST /session/799be37928140a71a03c3bbe373ba355/element/f.19D3A8A536C023AFD4E776B255E62FBE.d.0096A8C842C99E3E50AB7214B8B6B242.e.25451/click - {}
COMMAND: GET /session/799be37928140a71a03c3bbe373ba355/screenshot - {}
RESULT: {}
RESULT: {}
COMMAND: GET /session/799be37928140a71a03c3bbe373ba355/screenshot - {}
RESULT: {}
RESULT: {}
COMMAND: POST /session/799be37928140a71a03c3bbe373ba355/element/f.19D3A8A536C023AFD4E776B255E62FBE.d.0096A8C842C99E3E50AB7214B8B6B242.e.25451/clear - {}
RESULT: {}
COMMAND: POST /session/799be37928140a71a03c3bbe373ba355/element/f.19D3A8A536C023AFD4E776B255E62FBE.d.0096A8C842C99E3E50AB7214B8B6B242.e.25451/value - {"text":"10482"}
COMMAND: GET /session/799be37928140a71a03c3bbe373ba355/screenshot - {}
RESULT: {"text":"10482"}
COMMAND: POST /session/799be37928140a71a03c3bbe373ba355/actions - {"actions":[{"id":"action87","type":"key","parameters":{},"actions":[{"type":"keyDown","value":""},{"type":"pause","duration":10},{"type":"keyUp","value":""}]}]}
COMMAND: GET /session/799be37928140a71a03c3bbe373ba355/screenshot - {}
RESULT: {}
RESULT: {"actions":[{"id":"action87","type":"key","parameters":{},"actions":[{"type":"keyDown","value":""},{"type":"pause","duration":10},{"type":"keyUp","value":""}]}]}
COMMAND: GET /session/799be37928140a71a03c3bbe373ba355/screenshot - {}
RESULT: {}
RESULT: {}
COMMAND: POST /session/799be37928140a71a03c3bbe373ba355/element - {"using":"xpath","value":"//span[contains(@id ,\"application-billingtransfer-display-component---billingWorkbench--smartTableBillingRuns-header-inner\")]"}
RESULT: {"using":"xpath","value":"//span[contains(@id ,\"application-billingtransfer-display-component---billingWorkbench--smartTableBillingRuns-header-inner\")]"}
COMMAND: POST /session/799be37928140a71a03c3bbe373ba355/elements - {"using":"xpath","value":"//span[contains(@id ,\"application-billingtransfer-display-component---billingWorkbench--smartTableBillingRuns-header-inner\")]"}
RESULT: {"using":"xpath","value":"//span[contains(@id ,\"application-billingtransfer-display-component---billingWorkbench--smartTableBillingRuns-header-inner\")]"}
COMMAND: POST /session/799be37928140a71a03c3bbe373ba355/execute/sync - {"script":"<script> [56 bytes]","args":[{"element-6066-11e4-a52e-4f735466cecf":"f.19D3A8A536C023AFD4E776B255E62FBE.d.0096A8C842C99E3E50AB7214B8B6B242.e.25598","ELEMENT":"f.19D3A8A536C023AFD4E776B255E62FBE.d.0096A8C842C99E3E50AB7214B8B6B242.e.25598"}]}
RESULT: {"script":"<script> [56 bytes]","args":[{"element-6066-11e4-a52e-4f735466cecf":"f.19D3A8A536C023AFD4E776B255E62FBE.d.0096A8C842C99E3E50AB7214B8B6B242.e.25598","ELEMENT":"f.19D3A8A536C023AFD4E776B255E62FBE.d.0096A8C842C99E3E50AB7214B8B6B242.e.25598"}]}
COMMAND: GET /session/799be37928140a71a03c3bbe373ba355/screenshot - {}
RESULT: {}
COMMAND: POST /session/799be37928140a71a03c3bbe373ba355/execute/sync - {"script":"<script> [56 bytes]","args":[{"element-6066-11e4-a52e-4f735466cecf":"f.19D3A8A536C023AFD4E776B255E62FBE.d.0096A8C842C99E3E50AB7214B8B6B242.e.25598","ELEMENT":"f.19D3A8A536C023AFD4E776B255E62FBE.d.0096A8C842C99E3E50AB7214B8B6B242.e.25598"}]}
RESULT: {"script":"<script> [56 bytes]","args":[{"element-6066-11e4-a52e-4f735466cecf":"f.19D3A8A536C023AFD4E776B255E62FBE.d.0096A8C842C99E3E50AB7214B8B6B242.e.25598","ELEMENT":"f.19D3A8A536C023AFD4E776B255E62FBE.d.0096A8C842C99E3E50AB7214B8B6B242.e.25598"}]}
COMMAND: GET /session/799be37928140a71a03c3bbe373ba355/screenshot - {}
RESULT: {}
COMMAND: POST /session/799be37928140a71a03c3bbe373ba355/execute/sync - {"script":"<script> [56 bytes]","args":[{"element-6066-11e4-a52e-4f735466cecf":"f.19D3A8A536C023AFD4E776B255E62FBE.d.0096A8C842C99E3E50AB7214B8B6B242.e.25598","ELEMENT":"f.19D3A8A536C023AFD4E776B255E62FBE.d.0096A8C842C99E3E50AB7214B8B6B242.e.25598"}]}
RESULT: {"script":"<script> [56 bytes]","args":[{"element-6066-11e4-a52e-4f735466cecf":"f.19D3A8A536C023AFD4E776B255E62FBE.d.0096A8C842C99E3E50AB7214B8B6B242.e.25598","ELEMENT":"f.19D3A8A536C023AFD4E776B255E62FBE.d.0096A8C842C99E3E50AB7214B8B6B242.e.25598"}]}
COMMAND: GET /session/799be37928140a71a03c3bbe373ba355/screenshot - {}
RESULT: {}
COMMAND: POST /session/799be37928140a71a03c3bbe373ba355/execute/sync - {"script":"<script> [56 bytes]","args":[{"element-6066-11e4-a52e-4f735466cecf":"f.19D3A8A536C023AFD4E776B255E62FBE.d.0096A8C842C99E3E50AB7214B8B6B242.e.25598","ELEMENT":"f.19D3A8A536C023AFD4E776B255E62FBE.d.0096A8C842C99E3E50AB7214B8B6B242.e.25598"}]}
RESULT: {"script":"<script> [56 bytes]","args":[{"element-6066-11e4-a52e-4f735466cecf":"f.19D3A8A536C023AFD4E776B255E62FBE.d.0096A8C842C99E3E50AB7214B8B6B242.e.25598","ELEMENT":"f.19D3A8A536C023AFD4E776B255E62FBE.d.0096A8C842C99E3E50AB7214B8B6B242.e.25598"}]}
COMMAND: GET /session/799be37928140a71a03c3bbe373ba355/screenshot - {}
RESULT: {}
COMMAND: POST /session/799be37928140a71a03c3bbe373ba355/execute/sync - {"script":"<script> [56 bytes]","args":[{"element-6066-11e4-a52e-4f735466cecf":"f.19D3A8A536C023AFD4E776B255E62FBE.d.0096A8C842C99E3E50AB7214B8B6B242.e.25598","ELEMENT":"f.19D3A8A536C023AFD4E776B255E62FBE.d.0096A8C842C99E3E50AB7214B8B6B242.e.25598"}]}
RESULT: {"script":"<script> [56 bytes]","args":[{"element-6066-11e4-a52e-4f735466cecf":"f.19D3A8A536C023AFD4E776B255E62FBE.d.0096A8C842C99E3E50AB7214B8B6B242.e.25598","ELEMENT":"f.19D3A8A536C023AFD4E776B255E62FBE.d.0096A8C842C99E3E50AB7214B8B6B242.e.25598"}]}
COMMAND: GET /session/799be37928140a71a03c3bbe373ba355/screenshot - {}
RESULT: {}
COMMAND: POST /session/799be37928140a71a03c3bbe373ba355/execute/sync - {"script":"<script> [56 bytes]","args":[{"element-6066-11e4-a52e-4f735466cecf":"f.19D3A8A536C023AFD4E776B255E62FBE.d.0096A8C842C99E3E50AB7214B8B6B242.e.25598","ELEMENT":"f.19D3A8A536C023AFD4E776B255E62FBE.d.0096A8C842C99E3E50AB7214B8B6B242.e.25598"}]}
RESULT: {"script":"<script> [56 bytes]","args":[{"element-6066-11e4-a52e-4f735466cecf":"f.19D3A8A536C023AFD4E776B255E62FBE.d.0096A8C842C99E3E50AB7214B8B6B242.e.25598","ELEMENT":"f.19D3A8A536C023AFD4E776B255E62FBE.d.0096A8C842C99E3E50AB7214B8B6B242.e.25598"}]}
COMMAND: GET /session/799be37928140a71a03c3bbe373ba355/screenshot - {}
RESULT: {}
COMMAND: POST /session/799be37928140a71a03c3bbe373ba355/execute/sync - {"script":"<script> [56 bytes]","args":[{"element-6066-11e4-a52e-4f735466cecf":"f.19D3A8A536C023AFD4E776B255E62FBE.d.0096A8C842C99E3E50AB7214B8B6B242.e.25598","ELEMENT":"f.19D3A8A536C023AFD4E776B255E62FBE.d.0096A8C842C99E3E50AB7214B8B6B242.e.25598"}]}
RESULT: {"script":"<script> [56 bytes]","args":[{"element-6066-11e4-a52e-4f735466cecf":"f.19D3A8A536C023AFD4E776B255E62FBE.d.0096A8C842C99E3E50AB7214B8B6B242.e.25598","ELEMENT":"f.19D3A8A536C023AFD4E776B255E62FBE.d.0096A8C842C99E3E50AB7214B8B6B242.e.25598"}]}
COMMAND: GET /session/799be37928140a71a03c3bbe373ba355/screenshot - {}
RESULT: {}
COMMAND: POST /session/799be37928140a71a03c3bbe373ba355/execute/sync - {"script":"<script> [56 bytes]","args":[{"element-6066-11e4-a52e-4f735466cecf":"f.19D3A8A536C023AFD4E776B255E62FBE.d.0096A8C842C99E3E50AB7214B8B6B242.e.25598","ELEMENT":"f.19D3A8A536C023AFD4E776B255E62FBE.d.0096A8C842C99E3E50AB7214B8B6B242.e.25598"}]}
RESULT: {"script":"<script> [56 bytes]","args":[{"element-6066-11e4-a52e-4f735466cecf":"f.19D3A8A536C023AFD4E776B255E62FBE.d.0096A8C842C99E3E50AB7214B8B6B242.e.25598","ELEMENT":"f.19D3A8A536C023AFD4E776B255E62FBE.d.0096A8C842C99E3E50AB7214B8B6B242.e.25598"}]}
COMMAND: GET /session/799be37928140a71a03c3bbe373ba355/screenshot - {}
RESULT: {}
COMMAND: POST /session/799be37928140a71a03c3bbe373ba355/execute/sync - {"script":"<script> [56 bytes]","args":[{"element-6066-11e4-a52e-4f735466cecf":"f.19D3A8A536C023AFD4E776B255E62FBE.d.0096A8C842C99E3E50AB7214B8B6B242.e.25598","ELEMENT":"f.19D3A8A536C023AFD4E776B255E62FBE.d.0096A8C842C99E3E50AB7214B8B6B242.e.25598"}]}
RESULT: {"script":"<script> [56 bytes]","args":[{"element-6066-11e4-a52e-4f735466cecf":"f.19D3A8A536C023AFD4E776B255E62FBE.d.0096A8C842C99E3E50AB7214B8B6B242.e.25598","ELEMENT":"f.19D3A8A536C023AFD4E776B255E62FBE.d.0096A8C842C99E3E50AB7214B8B6B242.e.25598"}]}
COMMAND: GET /session/799be37928140a71a03c3bbe373ba355/screenshot - {}
RESULT: {}
COMMAND: POST /session/799be37928140a71a03c3bbe373ba355/execute/sync - {"script":"<script> [56 bytes]","args":[{"element-6066-11e4-a52e-4f735466cecf":"f.19D3A8A536C023AFD4E776B255E62FBE.d.0096A8C842C99E3E50AB7214B8B6B242.e.25598","ELEMENT":"f.19D3A8A536C023AFD4E776B255E62FBE.d.0096A8C842C99E3E50AB7214B8B6B242.e.25598"}]}
RESULT: {"script":"<script> [56 bytes]","args":[{"element-6066-11e4-a52e-4f735466cecf":"f.19D3A8A536C023AFD4E776B255E62FBE.d.0096A8C842C99E3E50AB7214B8B6B242.e.25598","ELEMENT":"f.19D3A8A536C023AFD4E776B255E62FBE.d.0096A8C842C99E3E50AB7214B8B6B242.e.25598"}]}
COMMAND: GET /session/799be37928140a71a03c3bbe373ba355/screenshot - {}
RESULT: {}
COMMAND: POST /session/799be37928140a71a03c3bbe373ba355/execute/sync - {"script":"<script> [56 bytes]","args":[{"element-6066-11e4-a52e-4f735466cecf":"f.19D3A8A536C023AFD4E776B255E62FBE.d.0096A8C842C99E3E50AB7214B8B6B242.e.25598","ELEMENT":"f.19D3A8A536C023AFD4E776B255E62FBE.d.0096A8C842C99E3E50AB7214B8B6B242.e.25598"}]}
RESULT: {"script":"<script> [56 bytes]","args":[{"element-6066-11e4-a52e-4f735466cecf":"f.19D3A8A536C023AFD4E776B255E62FBE.d.0096A8C842C99E3E50AB7214B8B6B242.e.25598","ELEMENT":"f.19D3A8A536C023AFD4E776B255E62FBE.d.0096A8C842C99E3E50AB7214B8B6B242.e.25598"}]}
COMMAND: GET /session/799be37928140a71a03c3bbe373ba355/screenshot - {}
RESULT: {}
COMMAND: POST /session/799be37928140a71a03c3bbe373ba355/execute/sync - {"script":"<script> [56 bytes]","args":[{"element-6066-11e4-a52e-4f735466cecf":"f.19D3A8A536C023AFD4E776B255E62FBE.d.0096A8C842C99E3E50AB7214B8B6B242.e.25598","ELEMENT":"f.19D3A8A536C023AFD4E776B255E62FBE.d.0096A8C842C99E3E50AB7214B8B6B242.e.25598"}]}
RESULT: {"script":"<script> [56 bytes]","args":[{"element-6066-11e4-a52e-4f735466cecf":"f.19D3A8A536C023AFD4E776B255E62FBE.d.0096A8C842C99E3E50AB7214B8B6B242.e.25598","ELEMENT":"f.19D3A8A536C023AFD4E776B255E62FBE.d.0096A8C842C99E3E50AB7214B8B6B242.e.25598"}]}
COMMAND: GET /session/799be37928140a71a03c3bbe373ba355/screenshot - {}
RESULT: {}
COMMAND: POST /session/799be37928140a71a03c3bbe373ba355/execute/sync - {"script":"<script> [56 bytes]","args":[{"element-6066-11e4-a52e-4f735466cecf":"f.19D3A8A536C023AFD4E776B255E62FBE.d.0096A8C842C99E3E50AB7214B8B6B242.e.25598","ELEMENT":"f.19D3A8A536C023AFD4E776B255E62FBE.d.0096A8C842C99E3E50AB7214B8B6B242.e.25598"}]}
RESULT: {"script":"<script> [56 bytes]","args":[{"element-6066-11e4-a52e-4f735466cecf":"f.19D3A8A536C023AFD4E776B255E62FBE.d.0096A8C842C99E3E50AB7214B8B6B242.e.25598","ELEMENT":"f.19D3A8A536C023AFD4E776B255E62FBE.d.0096A8C842C99E3E50AB7214B8B6B242.e.25598"}]}
COMMAND: GET /session/799be37928140a71a03c3bbe373ba355/screenshot - {}
RESULT: {}
COMMAND: POST /session/799be37928140a71a03c3bbe373ba355/execute/sync - {"script":"<script> [56 bytes]","args":[{"element-6066-11e4-a52e-4f735466cecf":"f.19D3A8A536C023AFD4E776B255E62FBE.d.0096A8C842C99E3E50AB7214B8B6B242.e.25598","ELEMENT":"f.19D3A8A536C023AFD4E776B255E62FBE.d.0096A8C842C99E3E50AB7214B8B6B242.e.25598"}]}
RESULT: {"script":"<script> [56 bytes]","args":[{"element-6066-11e4-a52e-4f735466cecf":"f.19D3A8A536C023AFD4E776B255E62FBE.d.0096A8C842C99E3E50AB7214B8B6B242.e.25598","ELEMENT":"f.19D3A8A536C023AFD4E776B255E62FBE.d.0096A8C842C99E3E50AB7214B8B6B242.e.25598"}]}
COMMAND: GET /session/799be37928140a71a03c3bbe373ba355/screenshot - {}
RESULT: {}
COMMAND: POST /session/799be37928140a71a03c3bbe373ba355/execute/sync - {"script":"<script> [56 bytes]","args":[{"element-6066-11e4-a52e-4f735466cecf":"f.19D3A8A536C023AFD4E776B255E62FBE.d.0096A8C842C99E3E50AB7214B8B6B242.e.25598","ELEMENT":"f.19D3A8A536C023AFD4E776B255E62FBE.d.0096A8C842C99E3E50AB7214B8B6B242.e.25598"}]}
RESULT: {"script":"<script> [56 bytes]","args":[{"element-6066-11e4-a52e-4f735466cecf":"f.19D3A8A536C023AFD4E776B255E62FBE.d.0096A8C842C99E3E50AB7214B8B6B242.e.25598","ELEMENT":"f.19D3A8A536C023AFD4E776B255E62FBE.d.0096A8C842C99E3E50AB7214B8B6B242.e.25598"}]}
COMMAND: GET /session/799be37928140a71a03c3bbe373ba355/screenshot - {}
RESULT: {}
COMMAND: POST /session/799be37928140a71a03c3bbe373ba355/execute/sync - {"script":"<script> [56 bytes]","args":[{"element-6066-11e4-a52e-4f735466cecf":"f.19D3A8A536C023AFD4E776B255E62FBE.d.0096A8C842C99E3E50AB7214B8B6B242.e.25598","ELEMENT":"f.19D3A8A536C023AFD4E776B255E62FBE.d.0096A8C842C99E3E50AB7214B8B6B242.e.25598"}]}
RESULT: {"script":"<script> [56 bytes]","args":[{"element-6066-11e4-a52e-4f735466cecf":"f.19D3A8A536C023AFD4E776B255E62FBE.d.0096A8C842C99E3E50AB7214B8B6B242.e.25598","ELEMENT":"f.19D3A8A536C023AFD4E776B255E62FBE.d.0096A8C842C99E3E50AB7214B8B6B242.e.25598"}]}
COMMAND: GET /session/799be37928140a71a03c3bbe373ba355/screenshot - {}
RESULT: {}
COMMAND: POST /session/799be37928140a71a03c3bbe373ba355/execute/sync - {"script":"<script> [56 bytes]","args":[{"element-6066-11e4-a52e-4f735466cecf":"f.19D3A8A536C023AFD4E776B255E62FBE.d.0096A8C842C99E3E50AB7214B8B6B242.e.25598","ELEMENT":"f.19D3A8A536C023AFD4E776B255E62FBE.d.0096A8C842C99E3E50AB7214B8B6B242.e.25598"}]}
RESULT: {"script":"<script> [56 bytes]","args":[{"element-6066-11e4-a52e-4f735466cecf":"f.19D3A8A536C023AFD4E776B255E62FBE.d.0096A8C842C99E3E50AB7214B8B6B242.e.25598","ELEMENT":"f.19D3A8A536C023AFD4E776B255E62FBE.d.0096A8C842C99E3E50AB7214B8B6B242.e.25598"}]}
COMMAND: GET /session/799be37928140a71a03c3bbe373ba355/screenshot - {}
RESULT: {}
COMMAND: POST /session/799be37928140a71a03c3bbe373ba355/execute/sync - {"script":"<script> [56 bytes]","args":[{"element-6066-11e4-a52e-4f735466cecf":"f.19D3A8A536C023AFD4E776B255E62FBE.d.0096A8C842C99E3E50AB7214B8B6B242.e.25598","ELEMENT":"f.19D3A8A536C023AFD4E776B255E62FBE.d.0096A8C842C99E3E50AB7214B8B6B242.e.25598"}]}
RESULT: {"script":"<script> [56 bytes]","args":[{"element-6066-11e4-a52e-4f735466cecf":"f.19D3A8A536C023AFD4E776B255E62FBE.d.0096A8C842C99E3E50AB7214B8B6B242.e.25598","ELEMENT":"f.19D3A8A536C023AFD4E776B255E62FBE.d.0096A8C842C99E3E50AB7214B8B6B242.e.25598"}]}
COMMAND: GET /session/799be37928140a71a03c3bbe373ba355/screenshot - {}
RESULT: {}
COMMAND: POST /session/799be37928140a71a03c3bbe373ba355/execute/sync - {"script":"<script> [56 bytes]","args":[{"element-6066-11e4-a52e-4f735466cecf":"f.19D3A8A536C023AFD4E776B255E62FBE.d.0096A8C842C99E3E50AB7214B8B6B242.e.25598","ELEMENT":"f.19D3A8A536C023AFD4E776B255E62FBE.d.0096A8C842C99E3E50AB7214B8B6B242.e.25598"}]}
RESULT: {"script":"<script> [56 bytes]","args":[{"element-6066-11e4-a52e-4f735466cecf":"f.19D3A8A536C023AFD4E776B255E62FBE.d.0096A8C842C99E3E50AB7214B8B6B242.e.25598","ELEMENT":"f.19D3A8A536C023AFD4E776B255E62FBE.d.0096A8C842C99E3E50AB7214B8B6B242.e.25598"}]}
COMMAND: GET /session/799be37928140a71a03c3bbe373ba355/screenshot - {}
RESULT: {}
COMMAND: POST /session/799be37928140a71a03c3bbe373ba355/execute/sync - {"script":"<script> [56 bytes]","args":[{"element-6066-11e4-a52e-4f735466cecf":"f.19D3A8A536C023AFD4E776B255E62FBE.d.0096A8C842C99E3E50AB7214B8B6B242.e.25598","ELEMENT":"f.19D3A8A536C023AFD4E776B255E62FBE.d.0096A8C842C99E3E50AB7214B8B6B242.e.25598"}]}
RESULT: {"script":"<script> [56 bytes]","args":[{"element-6066-11e4-a52e-4f735466cecf":"f.19D3A8A536C023AFD4E776B255E62FBE.d.0096A8C842C99E3E50AB7214B8B6B242.e.25598","ELEMENT":"f.19D3A8A536C023AFD4E776B255E62FBE.d.0096A8C842C99E3E50AB7214B8B6B242.e.25598"}]}
COMMAND: GET /session/799be37928140a71a03c3bbe373ba355/screenshot - {}
RESULT: {}
COMMAND: POST /session/799be37928140a71a03c3bbe373ba355/execute/sync - {"script":"<script> [56 bytes]","args":[{"element-6066-11e4-a52e-4f735466cecf":"f.19D3A8A536C023AFD4E776B255E62FBE.d.0096A8C842C99E3E50AB7214B8B6B242.e.25598","ELEMENT":"f.19D3A8A536C023AFD4E776B255E62FBE.d.0096A8C842C99E3E50AB7214B8B6B242.e.25598"}]}
RESULT: {"script":"<script> [56 bytes]","args":[{"element-6066-11e4-a52e-4f735466cecf":"f.19D3A8A536C023AFD4E776B255E62FBE.d.0096A8C842C99E3E50AB7214B8B6B242.e.25598","ELEMENT":"f.19D3A8A536C023AFD4E776B255E62FBE.d.0096A8C842C99E3E50AB7214B8B6B242.e.25598"}]}
COMMAND: GET /session/799be37928140a71a03c3bbe373ba355/screenshot - {}
RESULT: {}
COMMAND: POST /session/799be37928140a71a03c3bbe373ba355/execute/sync - {"script":"<script> [56 bytes]","args":[{"element-6066-11e4-a52e-4f735466cecf":"f.19D3A8A536C023AFD4E776B255E62FBE.d.0096A8C842C99E3E50AB7214B8B6B242.e.25598","ELEMENT":"f.19D3A8A536C023AFD4E776B255E62FBE.d.0096A8C842C99E3E50AB7214B8B6B242.e.25598"}]}
RESULT: {"script":"<script> [56 bytes]","args":[{"element-6066-11e4-a52e-4f735466cecf":"f.19D3A8A536C023AFD4E776B255E62FBE.d.0096A8C842C99E3E50AB7214B8B6B242.e.25598","ELEMENT":"f.19D3A8A536C023AFD4E776B255E62FBE.d.0096A8C842C99E3E50AB7214B8B6B242.e.25598"}]}
COMMAND: GET /session/799be37928140a71a03c3bbe373ba355/screenshot - {}
RESULT: {}
COMMAND: POST /session/799be37928140a71a03c3bbe373ba355/execute/sync - {"script":"<script> [56 bytes]","args":[{"element-6066-11e4-a52e-4f735466cecf":"f.19D3A8A536C023AFD4E776B255E62FBE.d.0096A8C842C99E3E50AB7214B8B6B242.e.25598","ELEMENT":"f.19D3A8A536C023AFD4E776B255E62FBE.d.0096A8C842C99E3E50AB7214B8B6B242.e.25598"}]}
RESULT: {"script":"<script> [56 bytes]","args":[{"element-6066-11e4-a52e-4f735466cecf":"f.19D3A8A536C023AFD4E776B255E62FBE.d.0096A8C842C99E3E50AB7214B8B6B242.e.25598","ELEMENT":"f.19D3A8A536C023AFD4E776B255E62FBE.d.0096A8C842C99E3E50AB7214B8B6B242.e.25598"}]}
COMMAND: GET /session/799be37928140a71a03c3bbe373ba355/screenshot - {}
RESULT: {}
COMMAND: POST /session/799be37928140a71a03c3bbe373ba355/execute/sync - {"script":"<script> [56 bytes]","args":[{"element-6066-11e4-a52e-4f735466cecf":"f.19D3A8A536C023AFD4E776B255E62FBE.d.0096A8C842C99E3E50AB7214B8B6B242.e.25598","ELEMENT":"f.19D3A8A536C023AFD4E776B255E62FBE.d.0096A8C842C99E3E50AB7214B8B6B242.e.25598"}]}
RESULT: {"script":"<script> [56 bytes]","args":[{"element-6066-11e4-a52e-4f735466cecf":"f.19D3A8A536C023AFD4E776B255E62FBE.d.0096A8C842C99E3E50AB7214B8B6B242.e.25598","ELEMENT":"f.19D3A8A536C023AFD4E776B255E62FBE.d.0096A8C842C99E3E50AB7214B8B6B242.e.25598"}]}
COMMAND: GET /session/799be37928140a71a03c3bbe373ba355/screenshot - {}
RESULT: {}
COMMAND: POST /session/799be37928140a71a03c3bbe373ba355/execute/sync - {"script":"<script> [56 bytes]","args":[{"element-6066-11e4-a52e-4f735466cecf":"f.19D3A8A536C023AFD4E776B255E62FBE.d.0096A8C842C99E3E50AB7214B8B6B242.e.25598","ELEMENT":"f.19D3A8A536C023AFD4E776B255E62FBE.d.0096A8C842C99E3E50AB7214B8B6B242.e.25598"}]}
RESULT: {"script":"<script> [56 bytes]","args":[{"element-6066-11e4-a52e-4f735466cecf":"f.19D3A8A536C023AFD4E776B255E62FBE.d.0096A8C842C99E3E50AB7214B8B6B242.e.25598","ELEMENT":"f.19D3A8A536C023AFD4E776B255E62FBE.d.0096A8C842C99E3E50AB7214B8B6B242.e.25598"}]}
COMMAND: GET /session/799be37928140a71a03c3bbe373ba355/screenshot - {}
RESULT: {}
COMMAND: POST /session/799be37928140a71a03c3bbe373ba355/execute/sync - {"script":"<script> [56 bytes]","args":[{"element-6066-11e4-a52e-4f735466cecf":"f.19D3A8A536C023AFD4E776B255E62FBE.d.0096A8C842C99E3E50AB7214B8B6B242.e.25598","ELEMENT":"f.19D3A8A536C023AFD4E776B255E62FBE.d.0096A8C842C99E3E50AB7214B8B6B242.e.25598"}]}
RESULT: {"script":"<script> [56 bytes]","args":[{"element-6066-11e4-a52e-4f735466cecf":"f.19D3A8A536C023AFD4E776B255E62FBE.d.0096A8C842C99E3E50AB7214B8B6B242.e.25598","ELEMENT":"f.19D3A8A536C023AFD4E776B255E62FBE.d.0096A8C842C99E3E50AB7214B8B6B242.e.25598"}]}
COMMAND: GET /session/799be37928140a71a03c3bbe373ba355/screenshot - {}
RESULT: {}
COMMAND: POST /session/799be37928140a71a03c3bbe373ba355/execute/sync - {"script":"<script> [56 bytes]","args":[{"element-6066-11e4-a52e-4f735466cecf":"f.19D3A8A536C023AFD4E776B255E62FBE.d.0096A8C842C99E3E50AB7214B8B6B242.e.25598","ELEMENT":"f.19D3A8A536C023AFD4E776B255E62FBE.d.0096A8C842C99E3E50AB7214B8B6B242.e.25598"}]}
RESULT: {"script":"<script> [56 bytes]","args":[{"element-6066-11e4-a52e-4f735466cecf":"f.19D3A8A536C023AFD4E776B255E62FBE.d.0096A8C842C99E3E50AB7214B8B6B242.e.25598","ELEMENT":"f.19D3A8A536C023AFD4E776B255E62FBE.d.0096A8C842C99E3E50AB7214B8B6B242.e.25598"}]}
COMMAND: GET /session/799be37928140a71a03c3bbe373ba355/screenshot - {}
RESULT: {}
COMMAND: POST /session/799be37928140a71a03c3bbe373ba355/execute/sync - {"script":"<script> [56 bytes]","args":[{"element-6066-11e4-a52e-4f735466cecf":"f.19D3A8A536C023AFD4E776B255E62FBE.d.0096A8C842C99E3E50AB7214B8B6B242.e.25598","ELEMENT":"f.19D3A8A536C023AFD4E776B255E62FBE.d.0096A8C842C99E3E50AB7214B8B6B242.e.25598"}]}
RESULT: {"script":"<script> [56 bytes]","args":[{"element-6066-11e4-a52e-4f735466cecf":"f.19D3A8A536C023AFD4E776B255E62FBE.d.0096A8C842C99E3E50AB7214B8B6B242.e.25598","ELEMENT":"f.19D3A8A536C023AFD4E776B255E62FBE.d.0096A8C842C99E3E50AB7214B8B6B242.e.25598"}]}
COMMAND: GET /session/799be37928140a71a03c3bbe373ba355/screenshot - {}
RESULT: {}
COMMAND: POST /session/799be37928140a71a03c3bbe373ba355/execute/sync - {"script":"<script> [56 bytes]","args":[{"element-6066-11e4-a52e-4f735466cecf":"f.19D3A8A536C023AFD4E776B255E62FBE.d.0096A8C842C99E3E50AB7214B8B6B242.e.25598","ELEMENT":"f.19D3A8A536C023AFD4E776B255E62FBE.d.0096A8C842C99E3E50AB7214B8B6B242.e.25598"}]}
RESULT: {"script":"<script> [56 bytes]","args":[{"element-6066-11e4-a52e-4f735466cecf":"f.19D3A8A536C023AFD4E776B255E62FBE.d.0096A8C842C99E3E50AB7214B8B6B242.e.25598","ELEMENT":"f.19D3A8A536C023AFD4E776B255E62FBE.d.0096A8C842C99E3E50AB7214B8B6B242.e.25598"}]}
COMMAND: POST /session/799be37928140a71a03c3bbe373ba355/element - {"using":"xpath","value":"//td[@aria-colindex=\"1\"]/div/div[contains(@class, \"sapMCbBg\")]"}
COMMAND: GET /session/799be37928140a71a03c3bbe373ba355/screenshot - {}
RESULT: {"using":"xpath","value":"//td[@aria-colindex=\"1\"]/div/div[contains(@class, \"sapMCbBg\")]"}
COMMAND: POST /session/799be37928140a71a03c3bbe373ba355/element/f.19D3A8A536C023AFD4E776B255E62FBE.d.0096A8C842C99E3E50AB7214B8B6B242.e.25615/click - {}
RESULT: {}
RESULT: {}
COMMAND: GET /session/799be37928140a71a03c3bbe373ba355/screenshot - {}
RESULT: {}
COMMAND: POST /session/799be37928140a71a03c3bbe373ba355/element - {"using":"xpath","value":"//bdi[text()=\"Transfer\"]"}
RESULT: {"using":"xpath","value":"//bdi[text()=\"Transfer\"]"}
COMMAND: POST /session/799be37928140a71a03c3bbe373ba355/element/f.19D3A8A536C023AFD4E776B255E62FBE.d.0096A8C842C99E3E50AB7214B8B6B242.e.25616/click - {}
RESULT: {}
COMMAND: GET /session/799be37928140a71a03c3bbe373ba355/screenshot - {}
RESULT: {}
COMMAND: POST /session/799be37928140a71a03c3bbe373ba355/element - {"using":"xpath","value":"//bdi[contains(text(), \"OK\")]"}
RESULT: {"using":"xpath","value":"//bdi[contains(text(), \"OK\")]"}
COMMAND: POST /session/799be37928140a71a03c3bbe373ba355/element/f.19D3A8A536C023AFD4E776B255E62FBE.d.0096A8C842C99E3E50AB7214B8B6B242.e.25619/click - {}
RESULT: {}
COMMAND: GET /session/799be37928140a71a03c3bbe373ba355/screenshot - {}
RESULT: {}
COMMAND: POST /session/799be37928140a71a03c3bbe373ba355/element - {"using":"xpath","value":"(//span[contains(text(), \"Completed\")]/parent::div/preceding-sibling::div/span)[1]"}
RESULT: {"using":"xpath","value":"(//span[contains(text(), \"Completed\")]/parent::div/preceding-sibling::div/span)[1]"}
COMMAND: POST /session/799be37928140a71a03c3bbe373ba355/element/f.19D3A8A536C023AFD4E776B255E62FBE.d.0096A8C842C99E3E50AB7214B8B6B242.e.25627/click - {}
RESULT: {}
COMMAND: POST /session/799be37928140a71a03c3bbe373ba355/element - {"using":"xpath","value":"//input[contains(@id ,\"application-billingtransfer-display-component---billingWorkbench--smartFilterBar-btnBasicSearch\")]"}
COMMAND: GET /session/799be37928140a71a03c3bbe373ba355/screenshot - {}
RESULT: {"using":"xpath","value":"//input[contains(@id ,\"application-billingtransfer-display-component---billingWorkbench--smartFilterBar-btnBasicSearch\")]"}
COMMAND: POST /session/799be37928140a71a03c3bbe373ba355/elements - {"using":"xpath","value":"//input[contains(@id ,\"application-billingtransfer-display-component---billingWorkbench--smartFilterBar-btnBasicSearch\")]"}
RESULT: {}
RESULT: {"using":"xpath","value":"//input[contains(@id ,\"application-billingtransfer-display-component---billingWorkbench--smartFilterBar-btnBasicSearch\")]"}
COMMAND: POST /session/799be37928140a71a03c3bbe373ba355/execute/sync - {"script":"<script> [8489 bytes]","args":[{"element-6066-11e4-a52e-4f735466cecf":"f.19D3A8A536C023AFD4E776B255E62FBE.d.0096A8C842C99E3E50AB7214B8B6B242.e.25451","ELEMENT":"f.19D3A8A536C023AFD4E776B255E62FBE.d.0096A8C842C99E3E50AB7214B8B6B242.e.25451"}]}
RESULT: {"script":"<script> [8489 bytes]","args":[{"element-6066-11e4-a52e-4f735466cecf":"f.19D3A8A536C023AFD4E776B255E62FBE.d.0096A8C842C99E3E50AB7214B8B6B242.e.25451","ELEMENT":"f.19D3A8A536C023AFD4E776B255E62FBE.d.0096A8C842C99E3E50AB7214B8B6B242.e.25451"}]}
COMMAND: GET /session/799be37928140a71a03c3bbe373ba355/element/f.19D3A8A536C023AFD4E776B255E62FBE.d.0096A8C842C99E3E50AB7214B8B6B242.e.25451/enabled - {}
COMMAND: GET /session/799be37928140a71a03c3bbe373ba355/screenshot - {}
RESULT: {}
COMMAND: POST /session/799be37928140a71a03c3bbe373ba355/element/f.19D3A8A536C023AFD4E776B255E62FBE.d.0096A8C842C99E3E50AB7214B8B6B242.e.25451/click - {}
COMMAND: GET /session/799be37928140a71a03c3bbe373ba355/screenshot - {}
RESULT: {}
RESULT: {}
COMMAND: GET /session/799be37928140a71a03c3bbe373ba355/screenshot - {}
RESULT: {}
RESULT: {}
COMMAND: POST /session/799be37928140a71a03c3bbe373ba355/element/f.19D3A8A536C023AFD4E776B255E62FBE.d.0096A8C842C99E3E50AB7214B8B6B242.e.25451/clear - {}
RESULT: {}
COMMAND: POST /session/799be37928140a71a03c3bbe373ba355/element/f.19D3A8A536C023AFD4E776B255E62FBE.d.0096A8C842C99E3E50AB7214B8B6B242.e.25451/value - {"text":"10482"}
COMMAND: GET /session/799be37928140a71a03c3bbe373ba355/screenshot - {}
RESULT: {"text":"10482"}
COMMAND: POST /session/799be37928140a71a03c3bbe373ba355/actions - {"actions":[{"id":"action88","type":"key","parameters":{},"actions":[{"type":"keyDown","value":""},{"type":"pause","duration":10},{"type":"keyUp","value":""}]}]}
COMMAND: GET /session/799be37928140a71a03c3bbe373ba355/screenshot - {}
RESULT: {}
RESULT: {"actions":[{"id":"action88","type":"key","parameters":{},"actions":[{"type":"keyDown","value":""},{"type":"pause","duration":10},{"type":"keyUp","value":""}]}]}
COMMAND: GET /session/799be37928140a71a03c3bbe373ba355/screenshot - {}
RESULT: {}
RESULT: {}
COMMAND: POST /session/799be37928140a71a03c3bbe373ba355/element - {"using":"xpath","value":"//span[contains(@id ,\"application-billingtransfer-display-component---billingWorkbench--smartTableBillingRuns-header-inner\")]"}
RESULT: {"using":"xpath","value":"//span[contains(@id ,\"application-billingtransfer-display-component---billingWorkbench--smartTableBillingRuns-header-inner\")]"}
COMMAND: POST /session/799be37928140a71a03c3bbe373ba355/elements - {"using":"xpath","value":"//span[contains(@id ,\"application-billingtransfer-display-component---billingWorkbench--smartTableBillingRuns-header-inner\")]"}
RESULT: {"using":"xpath","value":"//span[contains(@id ,\"application-billingtransfer-display-component---billingWorkbench--smartTableBillingRuns-header-inner\")]"}
COMMAND: POST /session/799be37928140a71a03c3bbe373ba355/execute/sync - {"script":"<script> [56 bytes]","args":[{"element-6066-11e4-a52e-4f735466cecf":"f.19D3A8A536C023AFD4E776B255E62FBE.d.0096A8C842C99E3E50AB7214B8B6B242.e.25598","ELEMENT":"f.19D3A8A536C023AFD4E776B255E62FBE.d.0096A8C842C99E3E50AB7214B8B6B242.e.25598"}]}
RESULT: {"script":"<script> [56 bytes]","args":[{"element-6066-11e4-a52e-4f735466cecf":"f.19D3A8A536C023AFD4E776B255E62FBE.d.0096A8C842C99E3E50AB7214B8B6B242.e.25598","ELEMENT":"f.19D3A8A536C023AFD4E776B255E62FBE.d.0096A8C842C99E3E50AB7214B8B6B242.e.25598"}]}
COMMAND: GET /session/799be37928140a71a03c3bbe373ba355/screenshot - {}
RESULT: {}
COMMAND: POST /session/799be37928140a71a03c3bbe373ba355/execute/sync - {"script":"<script> [56 bytes]","args":[{"element-6066-11e4-a52e-4f735466cecf":"f.19D3A8A536C023AFD4E776B255E62FBE.d.0096A8C842C99E3E50AB7214B8B6B242.e.25598","ELEMENT":"f.19D3A8A536C023AFD4E776B255E62FBE.d.0096A8C842C99E3E50AB7214B8B6B242.e.25598"}]}
RESULT: {"script":"<script> [56 bytes]","args":[{"element-6066-11e4-a52e-4f735466cecf":"f.19D3A8A536C023AFD4E776B255E62FBE.d.0096A8C842C99E3E50AB7214B8B6B242.e.25598","ELEMENT":"f.19D3A8A536C023AFD4E776B255E62FBE.d.0096A8C842C99E3E50AB7214B8B6B242.e.25598"}]}
COMMAND: GET /session/799be37928140a71a03c3bbe373ba355/screenshot - {}
RESULT: {}
COMMAND: POST /session/799be37928140a71a03c3bbe373ba355/execute/sync - {"script":"<script> [56 bytes]","args":[{"element-6066-11e4-a52e-4f735466cecf":"f.19D3A8A536C023AFD4E776B255E62FBE.d.0096A8C842C99E3E50AB7214B8B6B242.e.25598","ELEMENT":"f.19D3A8A536C023AFD4E776B255E62FBE.d.0096A8C842C99E3E50AB7214B8B6B242.e.25598"}]}
RESULT: {"script":"<script> [56 bytes]","args":[{"element-6066-11e4-a52e-4f735466cecf":"f.19D3A8A536C023AFD4E776B255E62FBE.d.0096A8C842C99E3E50AB7214B8B6B242.e.25598","ELEMENT":"f.19D3A8A536C023AFD4E776B255E62FBE.d.0096A8C842C99E3E50AB7214B8B6B242.e.25598"}]}
COMMAND: GET /session/799be37928140a71a03c3bbe373ba355/screenshot - {}
RESULT: {}
COMMAND: POST /session/799be37928140a71a03c3bbe373ba355/execute/sync - {"script":"<script> [56 bytes]","args":[{"element-6066-11e4-a52e-4f735466cecf":"f.19D3A8A536C023AFD4E776B255E62FBE.d.0096A8C842C99E3E50AB7214B8B6B242.e.25598","ELEMENT":"f.19D3A8A536C023AFD4E776B255E62FBE.d.0096A8C842C99E3E50AB7214B8B6B242.e.25598"}]}
RESULT: {"script":"<script> [56 bytes]","args":[{"element-6066-11e4-a52e-4f735466cecf":"f.19D3A8A536C023AFD4E776B255E62FBE.d.0096A8C842C99E3E50AB7214B8B6B242.e.25598","ELEMENT":"f.19D3A8A536C023AFD4E776B255E62FBE.d.0096A8C842C99E3E50AB7214B8B6B242.e.25598"}]}
COMMAND: GET /session/799be37928140a71a03c3bbe373ba355/screenshot - {}
RESULT: {}
COMMAND: POST /session/799be37928140a71a03c3bbe373ba355/execute/sync - {"script":"<script> [56 bytes]","args":[{"element-6066-11e4-a52e-4f735466cecf":"f.19D3A8A536C023AFD4E776B255E62FBE.d.0096A8C842C99E3E50AB7214B8B6B242.e.25598","ELEMENT":"f.19D3A8A536C023AFD4E776B255E62FBE.d.0096A8C842C99E3E50AB7214B8B6B242.e.25598"}]}
RESULT: {"script":"<script> [56 bytes]","args":[{"element-6066-11e4-a52e-4f735466cecf":"f.19D3A8A536C023AFD4E776B255E62FBE.d.0096A8C842C99E3E50AB7214B8B6B242.e.25598","ELEMENT":"f.19D3A8A536C023AFD4E776B255E62FBE.d.0096A8C842C99E3E50AB7214B8B6B242.e.25598"}]}
COMMAND: GET /session/799be37928140a71a03c3bbe373ba355/screenshot - {}
RESULT: {}
COMMAND: POST /session/799be37928140a71a03c3bbe373ba355/execute/sync - {"script":"<script> [56 bytes]","args":[{"element-6066-11e4-a52e-4f735466cecf":"f.19D3A8A536C023AFD4E776B255E62FBE.d.0096A8C842C99E3E50AB7214B8B6B242.e.25598","ELEMENT":"f.19D3A8A536C023AFD4E776B255E62FBE.d.0096A8C842C99E3E50AB7214B8B6B242.e.25598"}]}
RESULT: {"script":"<script> [56 bytes]","args":[{"element-6066-11e4-a52e-4f735466cecf":"f.19D3A8A536C023AFD4E776B255E62FBE.d.0096A8C842C99E3E50AB7214B8B6B242.e.25598","ELEMENT":"f.19D3A8A536C023AFD4E776B255E62FBE.d.0096A8C842C99E3E50AB7214B8B6B242.e.25598"}]}
COMMAND: GET /session/799be37928140a71a03c3bbe373ba355/screenshot - {}
RESULT: {}
COMMAND: POST /session/799be37928140a71a03c3bbe373ba355/execute/sync - {"script":"<script> [56 bytes]","args":[{"element-6066-11e4-a52e-4f735466cecf":"f.19D3A8A536C023AFD4E776B255E62FBE.d.0096A8C842C99E3E50AB7214B8B6B242.e.25598","ELEMENT":"f.19D3A8A536C023AFD4E776B255E62FBE.d.0096A8C842C99E3E50AB7214B8B6B242.e.25598"}]}
RESULT: {"script":"<script> [56 bytes]","args":[{"element-6066-11e4-a52e-4f735466cecf":"f.19D3A8A536C023AFD4E776B255E62FBE.d.0096A8C842C99E3E50AB7214B8B6B242.e.25598","ELEMENT":"f.19D3A8A536C023AFD4E776B255E62FBE.d.0096A8C842C99E3E50AB7214B8B6B242.e.25598"}]}
COMMAND: GET /session/799be37928140a71a03c3bbe373ba355/screenshot - {}
RESULT: {}
COMMAND: POST /session/799be37928140a71a03c3bbe373ba355/execute/sync - {"script":"<script> [56 bytes]","args":[{"element-6066-11e4-a52e-4f735466cecf":"f.19D3A8A536C023AFD4E776B255E62FBE.d.0096A8C842C99E3E50AB7214B8B6B242.e.25598","ELEMENT":"f.19D3A8A536C023AFD4E776B255E62FBE.d.0096A8C842C99E3E50AB7214B8B6B242.e.25598"}]}
RESULT: {"script":"<script> [56 bytes]","args":[{"element-6066-11e4-a52e-4f735466cecf":"f.19D3A8A536C023AFD4E776B255E62FBE.d.0096A8C842C99E3E50AB7214B8B6B242.e.25598","ELEMENT":"f.19D3A8A536C023AFD4E776B255E62FBE.d.0096A8C842C99E3E50AB7214B8B6B242.e.25598"}]}
COMMAND: GET /session/799be37928140a71a03c3bbe373ba355/screenshot - {}
RESULT: {}
COMMAND: POST /session/799be37928140a71a03c3bbe373ba355/execute/sync - {"script":"<script> [56 bytes]","args":[{"element-6066-11e4-a52e-4f735466cecf":"f.19D3A8A536C023AFD4E776B255E62FBE.d.0096A8C842C99E3E50AB7214B8B6B242.e.25598","ELEMENT":"f.19D3A8A536C023AFD4E776B255E62FBE.d.0096A8C842C99E3E50AB7214B8B6B242.e.25598"}]}
RESULT: {"script":"<script> [56 bytes]","args":[{"element-6066-11e4-a52e-4f735466cecf":"f.19D3A8A536C023AFD4E776B255E62FBE.d.0096A8C842C99E3E50AB7214B8B6B242.e.25598","ELEMENT":"f.19D3A8A536C023AFD4E776B255E62FBE.d.0096A8C842C99E3E50AB7214B8B6B242.e.25598"}]}
COMMAND: GET /session/799be37928140a71a03c3bbe373ba355/screenshot - {}
RESULT: {}
COMMAND: POST /session/799be37928140a71a03c3bbe373ba355/execute/sync - {"script":"<script> [56 bytes]","args":[{"element-6066-11e4-a52e-4f735466cecf":"f.19D3A8A536C023AFD4E776B255E62FBE.d.0096A8C842C99E3E50AB7214B8B6B242.e.25598","ELEMENT":"f.19D3A8A536C023AFD4E776B255E62FBE.d.0096A8C842C99E3E50AB7214B8B6B242.e.25598"}]}
RESULT: {"script":"<script> [56 bytes]","args":[{"element-6066-11e4-a52e-4f735466cecf":"f.19D3A8A536C023AFD4E776B255E62FBE.d.0096A8C842C99E3E50AB7214B8B6B242.e.25598","ELEMENT":"f.19D3A8A536C023AFD4E776B255E62FBE.d.0096A8C842C99E3E50AB7214B8B6B242.e.25598"}]}
COMMAND: GET /session/799be37928140a71a03c3bbe373ba355/screenshot - {}
RESULT: {}
COMMAND: POST /session/799be37928140a71a03c3bbe373ba355/execute/sync - {"script":"<script> [56 bytes]","args":[{"element-6066-11e4-a52e-4f735466cecf":"f.19D3A8A536C023AFD4E776B255E62FBE.d.0096A8C842C99E3E50AB7214B8B6B242.e.25598","ELEMENT":"f.19D3A8A536C023AFD4E776B255E62FBE.d.0096A8C842C99E3E50AB7214B8B6B242.e.25598"}]}
RESULT: {"script":"<script> [56 bytes]","args":[{"element-6066-11e4-a52e-4f735466cecf":"f.19D3A8A536C023AFD4E776B255E62FBE.d.0096A8C842C99E3E50AB7214B8B6B242.e.25598","ELEMENT":"f.19D3A8A536C023AFD4E776B255E62FBE.d.0096A8C842C99E3E50AB7214B8B6B242.e.25598"}]}
COMMAND: GET /session/799be37928140a71a03c3bbe373ba355/screenshot - {}
RESULT: {}
COMMAND: POST /session/799be37928140a71a03c3bbe373ba355/execute/sync - {"script":"<script> [56 bytes]","args":[{"element-6066-11e4-a52e-4f735466cecf":"f.19D3A8A536C023AFD4E776B255E62FBE.d.0096A8C842C99E3E50AB7214B8B6B242.e.25598","ELEMENT":"f.19D3A8A536C023AFD4E776B255E62FBE.d.0096A8C842C99E3E50AB7214B8B6B242.e.25598"}]}
RESULT: {"script":"<script> [56 bytes]","args":[{"element-6066-11e4-a52e-4f735466cecf":"f.19D3A8A536C023AFD4E776B255E62FBE.d.0096A8C842C99E3E50AB7214B8B6B242.e.25598","ELEMENT":"f.19D3A8A536C023AFD4E776B255E62FBE.d.0096A8C842C99E3E50AB7214B8B6B242.e.25598"}]}
COMMAND: GET /session/799be37928140a71a03c3bbe373ba355/screenshot - {}
RESULT: {}
COMMAND: POST /session/799be37928140a71a03c3bbe373ba355/execute/sync - {"script":"<script> [56 bytes]","args":[{"element-6066-11e4-a52e-4f735466cecf":"f.19D3A8A536C023AFD4E776B255E62FBE.d.0096A8C842C99E3E50AB7214B8B6B242.e.25598","ELEMENT":"f.19D3A8A536C023AFD4E776B255E62FBE.d.0096A8C842C99E3E50AB7214B8B6B242.e.25598"}]}
RESULT: {"script":"<script> [56 bytes]","args":[{"element-6066-11e4-a52e-4f735466cecf":"f.19D3A8A536C023AFD4E776B255E62FBE.d.0096A8C842C99E3E50AB7214B8B6B242.e.25598","ELEMENT":"f.19D3A8A536C023AFD4E776B255E62FBE.d.0096A8C842C99E3E50AB7214B8B6B242.e.25598"}]}
COMMAND: GET /session/799be37928140a71a03c3bbe373ba355/screenshot - {}
RESULT: {}
COMMAND: POST /session/799be37928140a71a03c3bbe373ba355/execute/sync - {"script":"<script> [56 bytes]","args":[{"element-6066-11e4-a52e-4f735466cecf":"f.19D3A8A536C023AFD4E776B255E62FBE.d.0096A8C842C99E3E50AB7214B8B6B242.e.25598","ELEMENT":"f.19D3A8A536C023AFD4E776B255E62FBE.d.0096A8C842C99E3E50AB7214B8B6B242.e.25598"}]}
RESULT: {"script":"<script> [56 bytes]","args":[{"element-6066-11e4-a52e-4f735466cecf":"f.19D3A8A536C023AFD4E776B255E62FBE.d.0096A8C842C99E3E50AB7214B8B6B242.e.25598","ELEMENT":"f.19D3A8A536C023AFD4E776B255E62FBE.d.0096A8C842C99E3E50AB7214B8B6B242.e.25598"}]}
COMMAND: GET /session/799be37928140a71a03c3bbe373ba355/screenshot - {}
RESULT: {}
COMMAND: POST /session/799be37928140a71a03c3bbe373ba355/execute/sync - {"script":"<script> [56 bytes]","args":[{"element-6066-11e4-a52e-4f735466cecf":"f.19D3A8A536C023AFD4E776B255E62FBE.d.0096A8C842C99E3E50AB7214B8B6B242.e.25598","ELEMENT":"f.19D3A8A536C023AFD4E776B255E62FBE.d.0096A8C842C99E3E50AB7214B8B6B242.e.25598"}]}
RESULT: {"script":"<script> [56 bytes]","args":[{"element-6066-11e4-a52e-4f735466cecf":"f.19D3A8A536C023AFD4E776B255E62FBE.d.0096A8C842C99E3E50AB7214B8B6B242.e.25598","ELEMENT":"f.19D3A8A536C023AFD4E776B255E62FBE.d.0096A8C842C99E3E50AB7214B8B6B242.e.25598"}]}
COMMAND: GET /session/799be37928140a71a03c3bbe373ba355/screenshot - {}
RESULT: {}
COMMAND: POST /session/799be37928140a71a03c3bbe373ba355/execute/sync - {"script":"<script> [56 bytes]","args":[{"element-6066-11e4-a52e-4f735466cecf":"f.19D3A8A536C023AFD4E776B255E62FBE.d.0096A8C842C99E3E50AB7214B8B6B242.e.25598","ELEMENT":"f.19D3A8A536C023AFD4E776B255E62FBE.d.0096A8C842C99E3E50AB7214B8B6B242.e.25598"}]}
RESULT: {"script":"<script> [56 bytes]","args":[{"element-6066-11e4-a52e-4f735466cecf":"f.19D3A8A536C023AFD4E776B255E62FBE.d.0096A8C842C99E3E50AB7214B8B6B242.e.25598","ELEMENT":"f.19D3A8A536C023AFD4E776B255E62FBE.d.0096A8C842C99E3E50AB7214B8B6B242.e.25598"}]}
COMMAND: GET /session/799be37928140a71a03c3bbe373ba355/screenshot - {}
RESULT: {}
COMMAND: POST /session/799be37928140a71a03c3bbe373ba355/execute/sync - {"script":"<script> [56 bytes]","args":[{"element-6066-11e4-a52e-4f735466cecf":"f.19D3A8A536C023AFD4E776B255E62FBE.d.0096A8C842C99E3E50AB7214B8B6B242.e.25598","ELEMENT":"f.19D3A8A536C023AFD4E776B255E62FBE.d.0096A8C842C99E3E50AB7214B8B6B242.e.25598"}]}
RESULT: {"script":"<script> [56 bytes]","args":[{"element-6066-11e4-a52e-4f735466cecf":"f.19D3A8A536C023AFD4E776B255E62FBE.d.0096A8C842C99E3E50AB7214B8B6B242.e.25598","ELEMENT":"f.19D3A8A536C023AFD4E776B255E62FBE.d.0096A8C842C99E3E50AB7214B8B6B242.e.25598"}]}
COMMAND: GET /session/799be37928140a71a03c3bbe373ba355/screenshot - {}
RESULT: {}
COMMAND: POST /session/799be37928140a71a03c3bbe373ba355/execute/sync - {"script":"<script> [56 bytes]","args":[{"element-6066-11e4-a52e-4f735466cecf":"f.19D3A8A536C023AFD4E776B255E62FBE.d.0096A8C842C99E3E50AB7214B8B6B242.e.25598","ELEMENT":"f.19D3A8A536C023AFD4E776B255E62FBE.d.0096A8C842C99E3E50AB7214B8B6B242.e.25598"}]}
RESULT: {"script":"<script> [56 bytes]","args":[{"element-6066-11e4-a52e-4f735466cecf":"f.19D3A8A536C023AFD4E776B255E62FBE.d.0096A8C842C99E3E50AB7214B8B6B242.e.25598","ELEMENT":"f.19D3A8A536C023AFD4E776B255E62FBE.d.0096A8C842C99E3E50AB7214B8B6B242.e.25598"}]}
COMMAND: GET /session/799be37928140a71a03c3bbe373ba355/screenshot - {}
RESULT: {}
COMMAND: POST /session/799be37928140a71a03c3bbe373ba355/execute/sync - {"script":"<script> [56 bytes]","args":[{"element-6066-11e4-a52e-4f735466cecf":"f.19D3A8A536C023AFD4E776B255E62FBE.d.0096A8C842C99E3E50AB7214B8B6B242.e.25598","ELEMENT":"f.19D3A8A536C023AFD4E776B255E62FBE.d.0096A8C842C99E3E50AB7214B8B6B242.e.25598"}]}
RESULT: {"script":"<script> [56 bytes]","args":[{"element-6066-11e4-a52e-4f735466cecf":"f.19D3A8A536C023AFD4E776B255E62FBE.d.0096A8C842C99E3E50AB7214B8B6B242.e.25598","ELEMENT":"f.19D3A8A536C023AFD4E776B255E62FBE.d.0096A8C842C99E3E50AB7214B8B6B242.e.25598"}]}
COMMAND: GET /session/799be37928140a71a03c3bbe373ba355/screenshot - {}
RESULT: {}
COMMAND: POST /session/799be37928140a71a03c3bbe373ba355/execute/sync - {"script":"<script> [56 bytes]","args":[{"element-6066-11e4-a52e-4f735466cecf":"f.19D3A8A536C023AFD4E776B255E62FBE.d.0096A8C842C99E3E50AB7214B8B6B242.e.25598","ELEMENT":"f.19D3A8A536C023AFD4E776B255E62FBE.d.0096A8C842C99E3E50AB7214B8B6B242.e.25598"}]}
RESULT: {"script":"<script> [56 bytes]","args":[{"element-6066-11e4-a52e-4f735466cecf":"f.19D3A8A536C023AFD4E776B255E62FBE.d.0096A8C842C99E3E50AB7214B8B6B242.e.25598","ELEMENT":"f.19D3A8A536C023AFD4E776B255E62FBE.d.0096A8C842C99E3E50AB7214B8B6B242.e.25598"}]}
COMMAND: GET /session/799be37928140a71a03c3bbe373ba355/screenshot - {}
RESULT: {}
COMMAND: POST /session/799be37928140a71a03c3bbe373ba355/execute/sync - {"script":"<script> [56 bytes]","args":[{"element-6066-11e4-a52e-4f735466cecf":"f.19D3A8A536C023AFD4E776B255E62FBE.d.0096A8C842C99E3E50AB7214B8B6B242.e.25598","ELEMENT":"f.19D3A8A536C023AFD4E776B255E62FBE.d.0096A8C842C99E3E50AB7214B8B6B242.e.25598"}]}
RESULT: {"script":"<script> [56 bytes]","args":[{"element-6066-11e4-a52e-4f735466cecf":"f.19D3A8A536C023AFD4E776B255E62FBE.d.0096A8C842C99E3E50AB7214B8B6B242.e.25598","ELEMENT":"f.19D3A8A536C023AFD4E776B255E62FBE.d.0096A8C842C99E3E50AB7214B8B6B242.e.25598"}]}
COMMAND: GET /session/799be37928140a71a03c3bbe373ba355/screenshot - {}
RESULT: {}
COMMAND: POST /session/799be37928140a71a03c3bbe373ba355/execute/sync - {"script":"<script> [56 bytes]","args":[{"element-6066-11e4-a52e-4f735466cecf":"f.19D3A8A536C023AFD4E776B255E62FBE.d.0096A8C842C99E3E50AB7214B8B6B242.e.25598","ELEMENT":"f.19D3A8A536C023AFD4E776B255E62FBE.d.0096A8C842C99E3E50AB7214B8B6B242.e.25598"}]}
RESULT: {"script":"<script> [56 bytes]","args":[{"element-6066-11e4-a52e-4f735466cecf":"f.19D3A8A536C023AFD4E776B255E62FBE.d.0096A8C842C99E3E50AB7214B8B6B242.e.25598","ELEMENT":"f.19D3A8A536C023AFD4E776B255E62FBE.d.0096A8C842C99E3E50AB7214B8B6B242.e.25598"}]}
COMMAND: POST /session/799be37928140a71a03c3bbe373ba355/element - {"using":"css selector","value":"#shell-header-logo"}
COMMAND: GET /session/799be37928140a71a03c3bbe373ba355/screenshot - {}
RESULT: {"using":"css selector","value":"#shell-header-logo"}
COMMAND: POST /session/799be37928140a71a03c3bbe373ba355/element/f.19D3A8A536C023AFD4E776B255E62FBE.d.0096A8C842C99E3E50AB7214B8B6B242.e.25449/click - {}
RESULT: {}
RESULT: {}
COMMAND: GET /session/799be37928140a71a03c3bbe373ba355/screenshot - {}
RESULT: {}
]]></system-out>
    </testcase>
    <testcase classname="chrome.135_0_7049_42.windows.Billing_Calculation_-_Time_based_(considering_transport_times)_US139738" name="Should do another billing run but in around 25 days from today" time="56.606">
      <system-out><![CDATA[
RESULT: undefined
COMMAND: POST /session/799be37928140a71a03c3bbe373ba355/element - {"using":"xpath","value":"//*[@id=\"__tile51\"]"}
RESULT: {"using":"xpath","value":"//*[@id=\"__tile51\"]"}
COMMAND: POST /session/799be37928140a71a03c3bbe373ba355/element/f.19D3A8A536C023AFD4E776B255E62FBE.d.0096A8C842C99E3E50AB7214B8B6B242.e.19150/click - {}
RESULT: {}
COMMAND: GET /session/799be37928140a71a03c3bbe373ba355/screenshot - {}
RESULT: {}
RESULT: undefined
COMMAND: POST /session/799be37928140a71a03c3bbe373ba355/execute/async - {"script":"<script> [776 bytes]","args":[{"enterText":"10482","selector":{"id":"application-managebillings-display-component---billRunCalcResult--smartFilterBar-btnBasicSearch","interaction":{"idSuffix":"I"}},"clearTextFirst":true,"interactionType":"ENTER_TEXT"}]}
RESULT: {"script":"<script> [776 bytes]","args":[{"enterText":"10482","selector":{"id":"application-managebillings-display-component---billRunCalcResult--smartFilterBar-btnBasicSearch","interaction":{"idSuffix":"I"}},"clearTextFirst":true,"interactionType":"ENTER_TEXT"}]}
COMMAND: POST /session/799be37928140a71a03c3bbe373ba355/actions - {"actions":[{"id":"action89","type":"key","parameters":{},"actions":[{"type":"keyDown","value":""},{"type":"pause","duration":10},{"type":"keyUp","value":""}]}]}
RESULT: {"actions":[{"id":"action89","type":"key","parameters":{},"actions":[{"type":"keyDown","value":""},{"type":"pause","duration":10},{"type":"keyUp","value":""}]}]}
COMMAND: GET /session/799be37928140a71a03c3bbe373ba355/screenshot - {}
RESULT: {}
COMMAND: POST /session/799be37928140a71a03c3bbe373ba355/element - {"using":"xpath","value":"//td[@aria-colindex=\"1\"]/div/div[contains(@class, \"sapMCbBg\")]"}
RESULT: {"using":"xpath","value":"//td[@aria-colindex=\"1\"]/div/div[contains(@class, \"sapMCbBg\")]"}
COMMAND: POST /session/799be37928140a71a03c3bbe373ba355/element/f.19D3A8A536C023AFD4E776B255E62FBE.d.0096A8C842C99E3E50AB7214B8B6B242.e.25845/click - {}
RESULT: {}
COMMAND: GET /session/799be37928140a71a03c3bbe373ba355/screenshot - {}
RESULT: {}
RESULT: undefined
COMMAND: POST /session/799be37928140a71a03c3bbe373ba355/execute/async - {"script":"<script> [776 bytes]","args":[{"enterText":"05/14/25","selector":{"id":"application-managebillings-display-component---billRunCalcResult--contractBillRunDate","interaction":{"idSuffix":"inner"}},"clearTextFirst":true,"interactionType":"ENTER_TEXT"}]}
RESULT: {"script":"<script> [776 bytes]","args":[{"enterText":"05/14/25","selector":{"id":"application-managebillings-display-component---billRunCalcResult--contractBillRunDate","interaction":{"idSuffix":"inner"}},"clearTextFirst":true,"interactionType":"ENTER_TEXT"}]}
COMMAND: POST /session/799be37928140a71a03c3bbe373ba355/element - {"using":"xpath","value":"//bdi[contains(text(), \"Trigger Calculation\")]"}
RESULT: {"using":"xpath","value":"//bdi[contains(text(), \"Trigger Calculation\")]"}
COMMAND: POST /session/799be37928140a71a03c3bbe373ba355/element/f.19D3A8A536C023AFD4E776B255E62FBE.d.0096A8C842C99E3E50AB7214B8B6B242.e.25900/click - {}
RESULT: {}
COMMAND: GET /session/799be37928140a71a03c3bbe373ba355/screenshot - {}
RESULT: {}
COMMAND: POST /session/799be37928140a71a03c3bbe373ba355/element - {"using":"xpath","value":"(//span[contains(@id, \"imgNav\")])[1]"}
RESULT: {"using":"xpath","value":"(//span[contains(@id, \"imgNav\")])[1]"}
COMMAND: POST /session/799be37928140a71a03c3bbe373ba355/element/f.19D3A8A536C023AFD4E776B255E62FBE.d.0096A8C842C99E3E50AB7214B8B6B242.e.25846/click - {}
RESULT: {}
COMMAND: GET /session/799be37928140a71a03c3bbe373ba355/screenshot - {}
RESULT: {}
COMMAND: POST /session/799be37928140a71a03c3bbe373ba355/element - {"using":"xpath","value":"//tr/td[6]/div[1]/span[1]/span[1]"}
RESULT: {"using":"xpath","value":"//tr/td[6]/div[1]/span[1]/span[1]"}
COMMAND: GET /session/799be37928140a71a03c3bbe373ba355/element/f.19D3A8A536C023AFD4E776B255E62FBE.d.0096A8C842C99E3E50AB7214B8B6B242.e.25905/text - {}
RESULT: {}
COMMAND: POST /session/799be37928140a71a03c3bbe373ba355/element - {"using":"xpath","value":"(//span[contains(@id, \"imgNav\")])[2]"}
RESULT: {"using":"xpath","value":"(//span[contains(@id, \"imgNav\")])[2]"}
COMMAND: POST /session/799be37928140a71a03c3bbe373ba355/element/f.19D3A8A536C023AFD4E776B255E62FBE.d.0096A8C842C99E3E50AB7214B8B6B242.e.25906/click - {}
RESULT: {}
COMMAND: POST /session/799be37928140a71a03c3bbe373ba355/element - {"using":"xpath","value":"//bdi[contains(text(), \"Business Confirm\")]"}
COMMAND: GET /session/799be37928140a71a03c3bbe373ba355/screenshot - {}
RESULT: {"using":"xpath","value":"//bdi[contains(text(), \"Business Confirm\")]"}
COMMAND: POST /session/799be37928140a71a03c3bbe373ba355/elements - {"using":"xpath","value":"//bdi[contains(text(), \"Business Confirm\")]"}
RESULT: {}
RESULT: {"using":"xpath","value":"//bdi[contains(text(), \"Business Confirm\")]"}
COMMAND: POST /session/799be37928140a71a03c3bbe373ba355/element - {"using":"xpath","value":"//bdi[contains(text(), \"Business Confirm\")]"}
RESULT: {"using":"xpath","value":"//bdi[contains(text(), \"Business Confirm\")]"}
COMMAND: POST /session/799be37928140a71a03c3bbe373ba355/element/f.19D3A8A536C023AFD4E776B255E62FBE.d.0096A8C842C99E3E50AB7214B8B6B242.e.25951/click - {}
RESULT: {}
COMMAND: POST /session/799be37928140a71a03c3bbe373ba355/element - {"using":"css selector","value":"#shell-header-logo"}
COMMAND: GET /session/799be37928140a71a03c3bbe373ba355/screenshot - {}
RESULT: {"using":"css selector","value":"#shell-header-logo"}
COMMAND: POST /session/799be37928140a71a03c3bbe373ba355/element/f.19D3A8A536C023AFD4E776B255E62FBE.d.0096A8C842C99E3E50AB7214B8B6B242.e.25637/click - {}
RESULT: {}
RESULT: {}
COMMAND: GET /session/799be37928140a71a03c3bbe373ba355/screenshot - {}
RESULT: {}
]]></system-out>
    </testcase>
    <testcase classname="chrome.135_0_7049_42.windows.Billing_Calculation_-_Time_based_(considering_transport_times)_US139738" name="Should transfer the billing all the way to completion" time="92.936">
      <system-out><![CDATA[
RESULT: undefined
COMMAND: POST /session/799be37928140a71a03c3bbe373ba355/element - {"using":"xpath","value":"//*[@id=\"__tile50\"]"}
RESULT: {"using":"xpath","value":"//*[@id=\"__tile50\"]"}
COMMAND: POST /session/799be37928140a71a03c3bbe373ba355/element/f.19D3A8A536C023AFD4E776B255E62FBE.d.0096A8C842C99E3E50AB7214B8B6B242.e.19148/click - {}
RESULT: {}
COMMAND: POST /session/799be37928140a71a03c3bbe373ba355/element - {"using":"xpath","value":"//input[contains(@id ,\"application-billingtransfer-display-component---billingWorkbench--smartFilterBar-btnBasicSearch\")]"}
COMMAND: GET /session/799be37928140a71a03c3bbe373ba355/screenshot - {}
RESULT: {"using":"xpath","value":"//input[contains(@id ,\"application-billingtransfer-display-component---billingWorkbench--smartFilterBar-btnBasicSearch\")]"}
COMMAND: POST /session/799be37928140a71a03c3bbe373ba355/elements - {"using":"xpath","value":"//input[contains(@id ,\"application-billingtransfer-display-component---billingWorkbench--smartFilterBar-btnBasicSearch\")]"}
RESULT: {}
RESULT: {"using":"xpath","value":"//input[contains(@id ,\"application-billingtransfer-display-component---billingWorkbench--smartFilterBar-btnBasicSearch\")]"}
COMMAND: POST /session/799be37928140a71a03c3bbe373ba355/execute/sync - {"script":"<script> [8489 bytes]","args":[{"element-6066-11e4-a52e-4f735466cecf":"f.19D3A8A536C023AFD4E776B255E62FBE.d.0096A8C842C99E3E50AB7214B8B6B242.e.25979","ELEMENT":"f.19D3A8A536C023AFD4E776B255E62FBE.d.0096A8C842C99E3E50AB7214B8B6B242.e.25979"}]}
RESULT: {"script":"<script> [8489 bytes]","args":[{"element-6066-11e4-a52e-4f735466cecf":"f.19D3A8A536C023AFD4E776B255E62FBE.d.0096A8C842C99E3E50AB7214B8B6B242.e.25979","ELEMENT":"f.19D3A8A536C023AFD4E776B255E62FBE.d.0096A8C842C99E3E50AB7214B8B6B242.e.25979"}]}
COMMAND: GET /session/799be37928140a71a03c3bbe373ba355/element/f.19D3A8A536C023AFD4E776B255E62FBE.d.0096A8C842C99E3E50AB7214B8B6B242.e.25979/enabled - {}
COMMAND: GET /session/799be37928140a71a03c3bbe373ba355/screenshot - {}
RESULT: {}
COMMAND: POST /session/799be37928140a71a03c3bbe373ba355/element/f.19D3A8A536C023AFD4E776B255E62FBE.d.0096A8C842C99E3E50AB7214B8B6B242.e.25979/click - {}
COMMAND: GET /session/799be37928140a71a03c3bbe373ba355/screenshot - {}
RESULT: {}
RESULT: {}
COMMAND: GET /session/799be37928140a71a03c3bbe373ba355/screenshot - {}
RESULT: {}
RESULT: {}
COMMAND: POST /session/799be37928140a71a03c3bbe373ba355/element/f.19D3A8A536C023AFD4E776B255E62FBE.d.0096A8C842C99E3E50AB7214B8B6B242.e.25979/clear - {}
RESULT: {}
COMMAND: POST /session/799be37928140a71a03c3bbe373ba355/element/f.19D3A8A536C023AFD4E776B255E62FBE.d.0096A8C842C99E3E50AB7214B8B6B242.e.25979/value - {"text":"10482"}
COMMAND: GET /session/799be37928140a71a03c3bbe373ba355/screenshot - {}
RESULT: {"text":"10482"}
COMMAND: POST /session/799be37928140a71a03c3bbe373ba355/actions - {"actions":[{"id":"action90","type":"key","parameters":{},"actions":[{"type":"keyDown","value":""},{"type":"pause","duration":10},{"type":"keyUp","value":""}]}]}
COMMAND: GET /session/799be37928140a71a03c3bbe373ba355/screenshot - {}
RESULT: {}
RESULT: {"actions":[{"id":"action90","type":"key","parameters":{},"actions":[{"type":"keyDown","value":""},{"type":"pause","duration":10},{"type":"keyUp","value":""}]}]}
COMMAND: GET /session/799be37928140a71a03c3bbe373ba355/screenshot - {}
RESULT: {}
RESULT: {}
COMMAND: POST /session/799be37928140a71a03c3bbe373ba355/element - {"using":"xpath","value":"//span[contains(@id ,\"application-billingtransfer-display-component---billingWorkbench--smartTableBillingRuns-header-inner\")]"}
RESULT: {"using":"xpath","value":"//span[contains(@id ,\"application-billingtransfer-display-component---billingWorkbench--smartTableBillingRuns-header-inner\")]"}
COMMAND: POST /session/799be37928140a71a03c3bbe373ba355/elements - {"using":"xpath","value":"//span[contains(@id ,\"application-billingtransfer-display-component---billingWorkbench--smartTableBillingRuns-header-inner\")]"}
RESULT: {"using":"xpath","value":"//span[contains(@id ,\"application-billingtransfer-display-component---billingWorkbench--smartTableBillingRuns-header-inner\")]"}
COMMAND: POST /session/799be37928140a71a03c3bbe373ba355/execute/sync - {"script":"<script> [56 bytes]","args":[{"element-6066-11e4-a52e-4f735466cecf":"f.19D3A8A536C023AFD4E776B255E62FBE.d.0096A8C842C99E3E50AB7214B8B6B242.e.26130","ELEMENT":"f.19D3A8A536C023AFD4E776B255E62FBE.d.0096A8C842C99E3E50AB7214B8B6B242.e.26130"}]}
RESULT: {"script":"<script> [56 bytes]","args":[{"element-6066-11e4-a52e-4f735466cecf":"f.19D3A8A536C023AFD4E776B255E62FBE.d.0096A8C842C99E3E50AB7214B8B6B242.e.26130","ELEMENT":"f.19D3A8A536C023AFD4E776B255E62FBE.d.0096A8C842C99E3E50AB7214B8B6B242.e.26130"}]}
COMMAND: POST /session/799be37928140a71a03c3bbe373ba355/element - {"using":"xpath","value":"//td[@aria-colindex=\"1\"]/div/div[contains(@class, \"sapMCbBg\")]"}
COMMAND: GET /session/799be37928140a71a03c3bbe373ba355/screenshot - {}
RESULT: {"using":"xpath","value":"//td[@aria-colindex=\"1\"]/div/div[contains(@class, \"sapMCbBg\")]"}
COMMAND: POST /session/799be37928140a71a03c3bbe373ba355/element/f.19D3A8A536C023AFD4E776B255E62FBE.d.0096A8C842C99E3E50AB7214B8B6B242.e.26123/click - {}
RESULT: {}
RESULT: {}
COMMAND: GET /session/799be37928140a71a03c3bbe373ba355/screenshot - {}
RESULT: {}
COMMAND: POST /session/799be37928140a71a03c3bbe373ba355/element - {"using":"xpath","value":"//bdi[contains(text(), \"Check\")]"}
RESULT: {"using":"xpath","value":"//bdi[contains(text(), \"Check\")]"}
COMMAND: POST /session/799be37928140a71a03c3bbe373ba355/element/f.19D3A8A536C023AFD4E776B255E62FBE.d.0096A8C842C99E3E50AB7214B8B6B242.e.26131/click - {}
RESULT: {}
COMMAND: GET /session/799be37928140a71a03c3bbe373ba355/screenshot - {}
RESULT: {}
COMMAND: POST /session/799be37928140a71a03c3bbe373ba355/element - {"using":"xpath","value":"//bdi[contains(text(), \"OK\")]"}
RESULT: {"using":"xpath","value":"//bdi[contains(text(), \"OK\")]"}
COMMAND: POST /session/799be37928140a71a03c3bbe373ba355/element/f.19D3A8A536C023AFD4E776B255E62FBE.d.0096A8C842C99E3E50AB7214B8B6B242.e.26134/click - {}
RESULT: {}
COMMAND: GET /session/799be37928140a71a03c3bbe373ba355/screenshot - {}
RESULT: {}
COMMAND: POST /session/799be37928140a71a03c3bbe373ba355/element - {"using":"xpath","value":"(//span[contains(text(), \"CO/SD checked\")]/parent::div/preceding-sibling::div/span)[1]"}
RESULT: {"using":"xpath","value":"(//span[contains(text(), \"CO/SD checked\")]/parent::div/preceding-sibling::div/span)[1]"}
COMMAND: POST /session/799be37928140a71a03c3bbe373ba355/element/f.19D3A8A536C023AFD4E776B255E62FBE.d.0096A8C842C99E3E50AB7214B8B6B242.e.26143/click - {}
RESULT: {}
COMMAND: GET /session/799be37928140a71a03c3bbe373ba355/screenshot - {}
RESULT: {}
COMMAND: POST /session/799be37928140a71a03c3bbe373ba355/element - {"using":"xpath","value":"//input[contains(@id ,\"application-billingtransfer-display-component---billingWorkbench--smartFilterBar-btnBasicSearch\")]"}
RESULT: {"using":"xpath","value":"//input[contains(@id ,\"application-billingtransfer-display-component---billingWorkbench--smartFilterBar-btnBasicSearch\")]"}
COMMAND: POST /session/799be37928140a71a03c3bbe373ba355/elements - {"using":"xpath","value":"//input[contains(@id ,\"application-billingtransfer-display-component---billingWorkbench--smartFilterBar-btnBasicSearch\")]"}
RESULT: {"using":"xpath","value":"//input[contains(@id ,\"application-billingtransfer-display-component---billingWorkbench--smartFilterBar-btnBasicSearch\")]"}
COMMAND: POST /session/799be37928140a71a03c3bbe373ba355/execute/sync - {"script":"<script> [8489 bytes]","args":[{"element-6066-11e4-a52e-4f735466cecf":"f.19D3A8A536C023AFD4E776B255E62FBE.d.0096A8C842C99E3E50AB7214B8B6B242.e.25979","ELEMENT":"f.19D3A8A536C023AFD4E776B255E62FBE.d.0096A8C842C99E3E50AB7214B8B6B242.e.25979"}]}
RESULT: {"script":"<script> [8489 bytes]","args":[{"element-6066-11e4-a52e-4f735466cecf":"f.19D3A8A536C023AFD4E776B255E62FBE.d.0096A8C842C99E3E50AB7214B8B6B242.e.25979","ELEMENT":"f.19D3A8A536C023AFD4E776B255E62FBE.d.0096A8C842C99E3E50AB7214B8B6B242.e.25979"}]}
COMMAND: GET /session/799be37928140a71a03c3bbe373ba355/element/f.19D3A8A536C023AFD4E776B255E62FBE.d.0096A8C842C99E3E50AB7214B8B6B242.e.25979/enabled - {}
COMMAND: GET /session/799be37928140a71a03c3bbe373ba355/screenshot - {}
RESULT: {}
COMMAND: POST /session/799be37928140a71a03c3bbe373ba355/element/f.19D3A8A536C023AFD4E776B255E62FBE.d.0096A8C842C99E3E50AB7214B8B6B242.e.25979/click - {}
COMMAND: GET /session/799be37928140a71a03c3bbe373ba355/screenshot - {}
RESULT: {}
RESULT: {}
COMMAND: GET /session/799be37928140a71a03c3bbe373ba355/screenshot - {}
RESULT: {}
RESULT: {}
COMMAND: POST /session/799be37928140a71a03c3bbe373ba355/element/f.19D3A8A536C023AFD4E776B255E62FBE.d.0096A8C842C99E3E50AB7214B8B6B242.e.25979/clear - {}
RESULT: {}
COMMAND: POST /session/799be37928140a71a03c3bbe373ba355/element/f.19D3A8A536C023AFD4E776B255E62FBE.d.0096A8C842C99E3E50AB7214B8B6B242.e.25979/value - {"text":"10482"}
COMMAND: GET /session/799be37928140a71a03c3bbe373ba355/screenshot - {}
RESULT: {"text":"10482"}
COMMAND: POST /session/799be37928140a71a03c3bbe373ba355/actions - {"actions":[{"id":"action91","type":"key","parameters":{},"actions":[{"type":"keyDown","value":""},{"type":"pause","duration":10},{"type":"keyUp","value":""}]}]}
COMMAND: GET /session/799be37928140a71a03c3bbe373ba355/screenshot - {}
RESULT: {}
RESULT: {"actions":[{"id":"action91","type":"key","parameters":{},"actions":[{"type":"keyDown","value":""},{"type":"pause","duration":10},{"type":"keyUp","value":""}]}]}
COMMAND: GET /session/799be37928140a71a03c3bbe373ba355/screenshot - {}
RESULT: {}
RESULT: {}
COMMAND: POST /session/799be37928140a71a03c3bbe373ba355/element - {"using":"xpath","value":"//span[contains(@id ,\"application-billingtransfer-display-component---billingWorkbench--smartTableBillingRuns-header-inner\")]"}
RESULT: {"using":"xpath","value":"//span[contains(@id ,\"application-billingtransfer-display-component---billingWorkbench--smartTableBillingRuns-header-inner\")]"}
COMMAND: POST /session/799be37928140a71a03c3bbe373ba355/elements - {"using":"xpath","value":"//span[contains(@id ,\"application-billingtransfer-display-component---billingWorkbench--smartTableBillingRuns-header-inner\")]"}
RESULT: {"using":"xpath","value":"//span[contains(@id ,\"application-billingtransfer-display-component---billingWorkbench--smartTableBillingRuns-header-inner\")]"}
COMMAND: POST /session/799be37928140a71a03c3bbe373ba355/execute/sync - {"script":"<script> [56 bytes]","args":[{"element-6066-11e4-a52e-4f735466cecf":"f.19D3A8A536C023AFD4E776B255E62FBE.d.0096A8C842C99E3E50AB7214B8B6B242.e.26130","ELEMENT":"f.19D3A8A536C023AFD4E776B255E62FBE.d.0096A8C842C99E3E50AB7214B8B6B242.e.26130"}]}
RESULT: {"script":"<script> [56 bytes]","args":[{"element-6066-11e4-a52e-4f735466cecf":"f.19D3A8A536C023AFD4E776B255E62FBE.d.0096A8C842C99E3E50AB7214B8B6B242.e.26130","ELEMENT":"f.19D3A8A536C023AFD4E776B255E62FBE.d.0096A8C842C99E3E50AB7214B8B6B242.e.26130"}]}
COMMAND: GET /session/799be37928140a71a03c3bbe373ba355/screenshot - {}
RESULT: {}
COMMAND: POST /session/799be37928140a71a03c3bbe373ba355/execute/sync - {"script":"<script> [56 bytes]","args":[{"element-6066-11e4-a52e-4f735466cecf":"f.19D3A8A536C023AFD4E776B255E62FBE.d.0096A8C842C99E3E50AB7214B8B6B242.e.26130","ELEMENT":"f.19D3A8A536C023AFD4E776B255E62FBE.d.0096A8C842C99E3E50AB7214B8B6B242.e.26130"}]}
RESULT: {"script":"<script> [56 bytes]","args":[{"element-6066-11e4-a52e-4f735466cecf":"f.19D3A8A536C023AFD4E776B255E62FBE.d.0096A8C842C99E3E50AB7214B8B6B242.e.26130","ELEMENT":"f.19D3A8A536C023AFD4E776B255E62FBE.d.0096A8C842C99E3E50AB7214B8B6B242.e.26130"}]}
COMMAND: GET /session/799be37928140a71a03c3bbe373ba355/screenshot - {}
RESULT: {}
COMMAND: POST /session/799be37928140a71a03c3bbe373ba355/execute/sync - {"script":"<script> [56 bytes]","args":[{"element-6066-11e4-a52e-4f735466cecf":"f.19D3A8A536C023AFD4E776B255E62FBE.d.0096A8C842C99E3E50AB7214B8B6B242.e.26130","ELEMENT":"f.19D3A8A536C023AFD4E776B255E62FBE.d.0096A8C842C99E3E50AB7214B8B6B242.e.26130"}]}
RESULT: {"script":"<script> [56 bytes]","args":[{"element-6066-11e4-a52e-4f735466cecf":"f.19D3A8A536C023AFD4E776B255E62FBE.d.0096A8C842C99E3E50AB7214B8B6B242.e.26130","ELEMENT":"f.19D3A8A536C023AFD4E776B255E62FBE.d.0096A8C842C99E3E50AB7214B8B6B242.e.26130"}]}
COMMAND: GET /session/799be37928140a71a03c3bbe373ba355/screenshot - {}
RESULT: {}
COMMAND: POST /session/799be37928140a71a03c3bbe373ba355/execute/sync - {"script":"<script> [56 bytes]","args":[{"element-6066-11e4-a52e-4f735466cecf":"f.19D3A8A536C023AFD4E776B255E62FBE.d.0096A8C842C99E3E50AB7214B8B6B242.e.26130","ELEMENT":"f.19D3A8A536C023AFD4E776B255E62FBE.d.0096A8C842C99E3E50AB7214B8B6B242.e.26130"}]}
RESULT: {"script":"<script> [56 bytes]","args":[{"element-6066-11e4-a52e-4f735466cecf":"f.19D3A8A536C023AFD4E776B255E62FBE.d.0096A8C842C99E3E50AB7214B8B6B242.e.26130","ELEMENT":"f.19D3A8A536C023AFD4E776B255E62FBE.d.0096A8C842C99E3E50AB7214B8B6B242.e.26130"}]}
COMMAND: GET /session/799be37928140a71a03c3bbe373ba355/screenshot - {}
RESULT: {}
COMMAND: POST /session/799be37928140a71a03c3bbe373ba355/execute/sync - {"script":"<script> [56 bytes]","args":[{"element-6066-11e4-a52e-4f735466cecf":"f.19D3A8A536C023AFD4E776B255E62FBE.d.0096A8C842C99E3E50AB7214B8B6B242.e.26130","ELEMENT":"f.19D3A8A536C023AFD4E776B255E62FBE.d.0096A8C842C99E3E50AB7214B8B6B242.e.26130"}]}
RESULT: {"script":"<script> [56 bytes]","args":[{"element-6066-11e4-a52e-4f735466cecf":"f.19D3A8A536C023AFD4E776B255E62FBE.d.0096A8C842C99E3E50AB7214B8B6B242.e.26130","ELEMENT":"f.19D3A8A536C023AFD4E776B255E62FBE.d.0096A8C842C99E3E50AB7214B8B6B242.e.26130"}]}
COMMAND: GET /session/799be37928140a71a03c3bbe373ba355/screenshot - {}
RESULT: {}
COMMAND: POST /session/799be37928140a71a03c3bbe373ba355/execute/sync - {"script":"<script> [56 bytes]","args":[{"element-6066-11e4-a52e-4f735466cecf":"f.19D3A8A536C023AFD4E776B255E62FBE.d.0096A8C842C99E3E50AB7214B8B6B242.e.26130","ELEMENT":"f.19D3A8A536C023AFD4E776B255E62FBE.d.0096A8C842C99E3E50AB7214B8B6B242.e.26130"}]}
RESULT: {"script":"<script> [56 bytes]","args":[{"element-6066-11e4-a52e-4f735466cecf":"f.19D3A8A536C023AFD4E776B255E62FBE.d.0096A8C842C99E3E50AB7214B8B6B242.e.26130","ELEMENT":"f.19D3A8A536C023AFD4E776B255E62FBE.d.0096A8C842C99E3E50AB7214B8B6B242.e.26130"}]}
COMMAND: GET /session/799be37928140a71a03c3bbe373ba355/screenshot - {}
RESULT: {}
COMMAND: POST /session/799be37928140a71a03c3bbe373ba355/execute/sync - {"script":"<script> [56 bytes]","args":[{"element-6066-11e4-a52e-4f735466cecf":"f.19D3A8A536C023AFD4E776B255E62FBE.d.0096A8C842C99E3E50AB7214B8B6B242.e.26130","ELEMENT":"f.19D3A8A536C023AFD4E776B255E62FBE.d.0096A8C842C99E3E50AB7214B8B6B242.e.26130"}]}
RESULT: {"script":"<script> [56 bytes]","args":[{"element-6066-11e4-a52e-4f735466cecf":"f.19D3A8A536C023AFD4E776B255E62FBE.d.0096A8C842C99E3E50AB7214B8B6B242.e.26130","ELEMENT":"f.19D3A8A536C023AFD4E776B255E62FBE.d.0096A8C842C99E3E50AB7214B8B6B242.e.26130"}]}
COMMAND: GET /session/799be37928140a71a03c3bbe373ba355/screenshot - {}
RESULT: {}
COMMAND: POST /session/799be37928140a71a03c3bbe373ba355/execute/sync - {"script":"<script> [56 bytes]","args":[{"element-6066-11e4-a52e-4f735466cecf":"f.19D3A8A536C023AFD4E776B255E62FBE.d.0096A8C842C99E3E50AB7214B8B6B242.e.26130","ELEMENT":"f.19D3A8A536C023AFD4E776B255E62FBE.d.0096A8C842C99E3E50AB7214B8B6B242.e.26130"}]}
RESULT: {"script":"<script> [56 bytes]","args":[{"element-6066-11e4-a52e-4f735466cecf":"f.19D3A8A536C023AFD4E776B255E62FBE.d.0096A8C842C99E3E50AB7214B8B6B242.e.26130","ELEMENT":"f.19D3A8A536C023AFD4E776B255E62FBE.d.0096A8C842C99E3E50AB7214B8B6B242.e.26130"}]}
COMMAND: GET /session/799be37928140a71a03c3bbe373ba355/screenshot - {}
RESULT: {}
COMMAND: POST /session/799be37928140a71a03c3bbe373ba355/execute/sync - {"script":"<script> [56 bytes]","args":[{"element-6066-11e4-a52e-4f735466cecf":"f.19D3A8A536C023AFD4E776B255E62FBE.d.0096A8C842C99E3E50AB7214B8B6B242.e.26130","ELEMENT":"f.19D3A8A536C023AFD4E776B255E62FBE.d.0096A8C842C99E3E50AB7214B8B6B242.e.26130"}]}
RESULT: {"script":"<script> [56 bytes]","args":[{"element-6066-11e4-a52e-4f735466cecf":"f.19D3A8A536C023AFD4E776B255E62FBE.d.0096A8C842C99E3E50AB7214B8B6B242.e.26130","ELEMENT":"f.19D3A8A536C023AFD4E776B255E62FBE.d.0096A8C842C99E3E50AB7214B8B6B242.e.26130"}]}
COMMAND: GET /session/799be37928140a71a03c3bbe373ba355/screenshot - {}
RESULT: {}
COMMAND: POST /session/799be37928140a71a03c3bbe373ba355/execute/sync - {"script":"<script> [56 bytes]","args":[{"element-6066-11e4-a52e-4f735466cecf":"f.19D3A8A536C023AFD4E776B255E62FBE.d.0096A8C842C99E3E50AB7214B8B6B242.e.26130","ELEMENT":"f.19D3A8A536C023AFD4E776B255E62FBE.d.0096A8C842C99E3E50AB7214B8B6B242.e.26130"}]}
RESULT: {"script":"<script> [56 bytes]","args":[{"element-6066-11e4-a52e-4f735466cecf":"f.19D3A8A536C023AFD4E776B255E62FBE.d.0096A8C842C99E3E50AB7214B8B6B242.e.26130","ELEMENT":"f.19D3A8A536C023AFD4E776B255E62FBE.d.0096A8C842C99E3E50AB7214B8B6B242.e.26130"}]}
COMMAND: GET /session/799be37928140a71a03c3bbe373ba355/screenshot - {}
RESULT: {}
COMMAND: POST /session/799be37928140a71a03c3bbe373ba355/execute/sync - {"script":"<script> [56 bytes]","args":[{"element-6066-11e4-a52e-4f735466cecf":"f.19D3A8A536C023AFD4E776B255E62FBE.d.0096A8C842C99E3E50AB7214B8B6B242.e.26130","ELEMENT":"f.19D3A8A536C023AFD4E776B255E62FBE.d.0096A8C842C99E3E50AB7214B8B6B242.e.26130"}]}
RESULT: {"script":"<script> [56 bytes]","args":[{"element-6066-11e4-a52e-4f735466cecf":"f.19D3A8A536C023AFD4E776B255E62FBE.d.0096A8C842C99E3E50AB7214B8B6B242.e.26130","ELEMENT":"f.19D3A8A536C023AFD4E776B255E62FBE.d.0096A8C842C99E3E50AB7214B8B6B242.e.26130"}]}
COMMAND: GET /session/799be37928140a71a03c3bbe373ba355/screenshot - {}
RESULT: {}
COMMAND: POST /session/799be37928140a71a03c3bbe373ba355/execute/sync - {"script":"<script> [56 bytes]","args":[{"element-6066-11e4-a52e-4f735466cecf":"f.19D3A8A536C023AFD4E776B255E62FBE.d.0096A8C842C99E3E50AB7214B8B6B242.e.26130","ELEMENT":"f.19D3A8A536C023AFD4E776B255E62FBE.d.0096A8C842C99E3E50AB7214B8B6B242.e.26130"}]}
RESULT: {"script":"<script> [56 bytes]","args":[{"element-6066-11e4-a52e-4f735466cecf":"f.19D3A8A536C023AFD4E776B255E62FBE.d.0096A8C842C99E3E50AB7214B8B6B242.e.26130","ELEMENT":"f.19D3A8A536C023AFD4E776B255E62FBE.d.0096A8C842C99E3E50AB7214B8B6B242.e.26130"}]}
COMMAND: GET /session/799be37928140a71a03c3bbe373ba355/screenshot - {}
RESULT: {}
COMMAND: POST /session/799be37928140a71a03c3bbe373ba355/execute/sync - {"script":"<script> [56 bytes]","args":[{"element-6066-11e4-a52e-4f735466cecf":"f.19D3A8A536C023AFD4E776B255E62FBE.d.0096A8C842C99E3E50AB7214B8B6B242.e.26130","ELEMENT":"f.19D3A8A536C023AFD4E776B255E62FBE.d.0096A8C842C99E3E50AB7214B8B6B242.e.26130"}]}
RESULT: {"script":"<script> [56 bytes]","args":[{"element-6066-11e4-a52e-4f735466cecf":"f.19D3A8A536C023AFD4E776B255E62FBE.d.0096A8C842C99E3E50AB7214B8B6B242.e.26130","ELEMENT":"f.19D3A8A536C023AFD4E776B255E62FBE.d.0096A8C842C99E3E50AB7214B8B6B242.e.26130"}]}
COMMAND: GET /session/799be37928140a71a03c3bbe373ba355/screenshot - {}
RESULT: {}
COMMAND: POST /session/799be37928140a71a03c3bbe373ba355/execute/sync - {"script":"<script> [56 bytes]","args":[{"element-6066-11e4-a52e-4f735466cecf":"f.19D3A8A536C023AFD4E776B255E62FBE.d.0096A8C842C99E3E50AB7214B8B6B242.e.26130","ELEMENT":"f.19D3A8A536C023AFD4E776B255E62FBE.d.0096A8C842C99E3E50AB7214B8B6B242.e.26130"}]}
RESULT: {"script":"<script> [56 bytes]","args":[{"element-6066-11e4-a52e-4f735466cecf":"f.19D3A8A536C023AFD4E776B255E62FBE.d.0096A8C842C99E3E50AB7214B8B6B242.e.26130","ELEMENT":"f.19D3A8A536C023AFD4E776B255E62FBE.d.0096A8C842C99E3E50AB7214B8B6B242.e.26130"}]}
COMMAND: GET /session/799be37928140a71a03c3bbe373ba355/screenshot - {}
RESULT: {}
COMMAND: POST /session/799be37928140a71a03c3bbe373ba355/execute/sync - {"script":"<script> [56 bytes]","args":[{"element-6066-11e4-a52e-4f735466cecf":"f.19D3A8A536C023AFD4E776B255E62FBE.d.0096A8C842C99E3E50AB7214B8B6B242.e.26130","ELEMENT":"f.19D3A8A536C023AFD4E776B255E62FBE.d.0096A8C842C99E3E50AB7214B8B6B242.e.26130"}]}
RESULT: {"script":"<script> [56 bytes]","args":[{"element-6066-11e4-a52e-4f735466cecf":"f.19D3A8A536C023AFD4E776B255E62FBE.d.0096A8C842C99E3E50AB7214B8B6B242.e.26130","ELEMENT":"f.19D3A8A536C023AFD4E776B255E62FBE.d.0096A8C842C99E3E50AB7214B8B6B242.e.26130"}]}
COMMAND: GET /session/799be37928140a71a03c3bbe373ba355/screenshot - {}
RESULT: {}
COMMAND: POST /session/799be37928140a71a03c3bbe373ba355/execute/sync - {"script":"<script> [56 bytes]","args":[{"element-6066-11e4-a52e-4f735466cecf":"f.19D3A8A536C023AFD4E776B255E62FBE.d.0096A8C842C99E3E50AB7214B8B6B242.e.26130","ELEMENT":"f.19D3A8A536C023AFD4E776B255E62FBE.d.0096A8C842C99E3E50AB7214B8B6B242.e.26130"}]}
RESULT: {"script":"<script> [56 bytes]","args":[{"element-6066-11e4-a52e-4f735466cecf":"f.19D3A8A536C023AFD4E776B255E62FBE.d.0096A8C842C99E3E50AB7214B8B6B242.e.26130","ELEMENT":"f.19D3A8A536C023AFD4E776B255E62FBE.d.0096A8C842C99E3E50AB7214B8B6B242.e.26130"}]}
COMMAND: GET /session/799be37928140a71a03c3bbe373ba355/screenshot - {}
RESULT: {}
COMMAND: POST /session/799be37928140a71a03c3bbe373ba355/execute/sync - {"script":"<script> [56 bytes]","args":[{"element-6066-11e4-a52e-4f735466cecf":"f.19D3A8A536C023AFD4E776B255E62FBE.d.0096A8C842C99E3E50AB7214B8B6B242.e.26130","ELEMENT":"f.19D3A8A536C023AFD4E776B255E62FBE.d.0096A8C842C99E3E50AB7214B8B6B242.e.26130"}]}
RESULT: {"script":"<script> [56 bytes]","args":[{"element-6066-11e4-a52e-4f735466cecf":"f.19D3A8A536C023AFD4E776B255E62FBE.d.0096A8C842C99E3E50AB7214B8B6B242.e.26130","ELEMENT":"f.19D3A8A536C023AFD4E776B255E62FBE.d.0096A8C842C99E3E50AB7214B8B6B242.e.26130"}]}
COMMAND: GET /session/799be37928140a71a03c3bbe373ba355/screenshot - {}
RESULT: {}
COMMAND: POST /session/799be37928140a71a03c3bbe373ba355/execute/sync - {"script":"<script> [56 bytes]","args":[{"element-6066-11e4-a52e-4f735466cecf":"f.19D3A8A536C023AFD4E776B255E62FBE.d.0096A8C842C99E3E50AB7214B8B6B242.e.26130","ELEMENT":"f.19D3A8A536C023AFD4E776B255E62FBE.d.0096A8C842C99E3E50AB7214B8B6B242.e.26130"}]}
RESULT: {"script":"<script> [56 bytes]","args":[{"element-6066-11e4-a52e-4f735466cecf":"f.19D3A8A536C023AFD4E776B255E62FBE.d.0096A8C842C99E3E50AB7214B8B6B242.e.26130","ELEMENT":"f.19D3A8A536C023AFD4E776B255E62FBE.d.0096A8C842C99E3E50AB7214B8B6B242.e.26130"}]}
COMMAND: GET /session/799be37928140a71a03c3bbe373ba355/screenshot - {}
RESULT: {}
COMMAND: POST /session/799be37928140a71a03c3bbe373ba355/execute/sync - {"script":"<script> [56 bytes]","args":[{"element-6066-11e4-a52e-4f735466cecf":"f.19D3A8A536C023AFD4E776B255E62FBE.d.0096A8C842C99E3E50AB7214B8B6B242.e.26130","ELEMENT":"f.19D3A8A536C023AFD4E776B255E62FBE.d.0096A8C842C99E3E50AB7214B8B6B242.e.26130"}]}
RESULT: {"script":"<script> [56 bytes]","args":[{"element-6066-11e4-a52e-4f735466cecf":"f.19D3A8A536C023AFD4E776B255E62FBE.d.0096A8C842C99E3E50AB7214B8B6B242.e.26130","ELEMENT":"f.19D3A8A536C023AFD4E776B255E62FBE.d.0096A8C842C99E3E50AB7214B8B6B242.e.26130"}]}
COMMAND: GET /session/799be37928140a71a03c3bbe373ba355/screenshot - {}
RESULT: {}
COMMAND: POST /session/799be37928140a71a03c3bbe373ba355/execute/sync - {"script":"<script> [56 bytes]","args":[{"element-6066-11e4-a52e-4f735466cecf":"f.19D3A8A536C023AFD4E776B255E62FBE.d.0096A8C842C99E3E50AB7214B8B6B242.e.26130","ELEMENT":"f.19D3A8A536C023AFD4E776B255E62FBE.d.0096A8C842C99E3E50AB7214B8B6B242.e.26130"}]}
RESULT: {"script":"<script> [56 bytes]","args":[{"element-6066-11e4-a52e-4f735466cecf":"f.19D3A8A536C023AFD4E776B255E62FBE.d.0096A8C842C99E3E50AB7214B8B6B242.e.26130","ELEMENT":"f.19D3A8A536C023AFD4E776B255E62FBE.d.0096A8C842C99E3E50AB7214B8B6B242.e.26130"}]}
COMMAND: GET /session/799be37928140a71a03c3bbe373ba355/screenshot - {}
RESULT: {}
COMMAND: POST /session/799be37928140a71a03c3bbe373ba355/execute/sync - {"script":"<script> [56 bytes]","args":[{"element-6066-11e4-a52e-4f735466cecf":"f.19D3A8A536C023AFD4E776B255E62FBE.d.0096A8C842C99E3E50AB7214B8B6B242.e.26130","ELEMENT":"f.19D3A8A536C023AFD4E776B255E62FBE.d.0096A8C842C99E3E50AB7214B8B6B242.e.26130"}]}
RESULT: {"script":"<script> [56 bytes]","args":[{"element-6066-11e4-a52e-4f735466cecf":"f.19D3A8A536C023AFD4E776B255E62FBE.d.0096A8C842C99E3E50AB7214B8B6B242.e.26130","ELEMENT":"f.19D3A8A536C023AFD4E776B255E62FBE.d.0096A8C842C99E3E50AB7214B8B6B242.e.26130"}]}
COMMAND: GET /session/799be37928140a71a03c3bbe373ba355/screenshot - {}
RESULT: {}
COMMAND: POST /session/799be37928140a71a03c3bbe373ba355/execute/sync - {"script":"<script> [56 bytes]","args":[{"element-6066-11e4-a52e-4f735466cecf":"f.19D3A8A536C023AFD4E776B255E62FBE.d.0096A8C842C99E3E50AB7214B8B6B242.e.26130","ELEMENT":"f.19D3A8A536C023AFD4E776B255E62FBE.d.0096A8C842C99E3E50AB7214B8B6B242.e.26130"}]}
RESULT: {"script":"<script> [56 bytes]","args":[{"element-6066-11e4-a52e-4f735466cecf":"f.19D3A8A536C023AFD4E776B255E62FBE.d.0096A8C842C99E3E50AB7214B8B6B242.e.26130","ELEMENT":"f.19D3A8A536C023AFD4E776B255E62FBE.d.0096A8C842C99E3E50AB7214B8B6B242.e.26130"}]}
COMMAND: GET /session/799be37928140a71a03c3bbe373ba355/screenshot - {}
RESULT: {}
COMMAND: POST /session/799be37928140a71a03c3bbe373ba355/execute/sync - {"script":"<script> [56 bytes]","args":[{"element-6066-11e4-a52e-4f735466cecf":"f.19D3A8A536C023AFD4E776B255E62FBE.d.0096A8C842C99E3E50AB7214B8B6B242.e.26130","ELEMENT":"f.19D3A8A536C023AFD4E776B255E62FBE.d.0096A8C842C99E3E50AB7214B8B6B242.e.26130"}]}
RESULT: {"script":"<script> [56 bytes]","args":[{"element-6066-11e4-a52e-4f735466cecf":"f.19D3A8A536C023AFD4E776B255E62FBE.d.0096A8C842C99E3E50AB7214B8B6B242.e.26130","ELEMENT":"f.19D3A8A536C023AFD4E776B255E62FBE.d.0096A8C842C99E3E50AB7214B8B6B242.e.26130"}]}
COMMAND: GET /session/799be37928140a71a03c3bbe373ba355/screenshot - {}
RESULT: {}
COMMAND: POST /session/799be37928140a71a03c3bbe373ba355/execute/sync - {"script":"<script> [56 bytes]","args":[{"element-6066-11e4-a52e-4f735466cecf":"f.19D3A8A536C023AFD4E776B255E62FBE.d.0096A8C842C99E3E50AB7214B8B6B242.e.26130","ELEMENT":"f.19D3A8A536C023AFD4E776B255E62FBE.d.0096A8C842C99E3E50AB7214B8B6B242.e.26130"}]}
RESULT: {"script":"<script> [56 bytes]","args":[{"element-6066-11e4-a52e-4f735466cecf":"f.19D3A8A536C023AFD4E776B255E62FBE.d.0096A8C842C99E3E50AB7214B8B6B242.e.26130","ELEMENT":"f.19D3A8A536C023AFD4E776B255E62FBE.d.0096A8C842C99E3E50AB7214B8B6B242.e.26130"}]}
COMMAND: GET /session/799be37928140a71a03c3bbe373ba355/screenshot - {}
RESULT: {}
COMMAND: POST /session/799be37928140a71a03c3bbe373ba355/execute/sync - {"script":"<script> [56 bytes]","args":[{"element-6066-11e4-a52e-4f735466cecf":"f.19D3A8A536C023AFD4E776B255E62FBE.d.0096A8C842C99E3E50AB7214B8B6B242.e.26130","ELEMENT":"f.19D3A8A536C023AFD4E776B255E62FBE.d.0096A8C842C99E3E50AB7214B8B6B242.e.26130"}]}
RESULT: {"script":"<script> [56 bytes]","args":[{"element-6066-11e4-a52e-4f735466cecf":"f.19D3A8A536C023AFD4E776B255E62FBE.d.0096A8C842C99E3E50AB7214B8B6B242.e.26130","ELEMENT":"f.19D3A8A536C023AFD4E776B255E62FBE.d.0096A8C842C99E3E50AB7214B8B6B242.e.26130"}]}
COMMAND: GET /session/799be37928140a71a03c3bbe373ba355/screenshot - {}
RESULT: {}
COMMAND: POST /session/799be37928140a71a03c3bbe373ba355/execute/sync - {"script":"<script> [56 bytes]","args":[{"element-6066-11e4-a52e-4f735466cecf":"f.19D3A8A536C023AFD4E776B255E62FBE.d.0096A8C842C99E3E50AB7214B8B6B242.e.26130","ELEMENT":"f.19D3A8A536C023AFD4E776B255E62FBE.d.0096A8C842C99E3E50AB7214B8B6B242.e.26130"}]}
RESULT: {"script":"<script> [56 bytes]","args":[{"element-6066-11e4-a52e-4f735466cecf":"f.19D3A8A536C023AFD4E776B255E62FBE.d.0096A8C842C99E3E50AB7214B8B6B242.e.26130","ELEMENT":"f.19D3A8A536C023AFD4E776B255E62FBE.d.0096A8C842C99E3E50AB7214B8B6B242.e.26130"}]}
COMMAND: GET /session/799be37928140a71a03c3bbe373ba355/screenshot - {}
RESULT: {}
COMMAND: POST /session/799be37928140a71a03c3bbe373ba355/execute/sync - {"script":"<script> [56 bytes]","args":[{"element-6066-11e4-a52e-4f735466cecf":"f.19D3A8A536C023AFD4E776B255E62FBE.d.0096A8C842C99E3E50AB7214B8B6B242.e.26130","ELEMENT":"f.19D3A8A536C023AFD4E776B255E62FBE.d.0096A8C842C99E3E50AB7214B8B6B242.e.26130"}]}
RESULT: {"script":"<script> [56 bytes]","args":[{"element-6066-11e4-a52e-4f735466cecf":"f.19D3A8A536C023AFD4E776B255E62FBE.d.0096A8C842C99E3E50AB7214B8B6B242.e.26130","ELEMENT":"f.19D3A8A536C023AFD4E776B255E62FBE.d.0096A8C842C99E3E50AB7214B8B6B242.e.26130"}]}
COMMAND: GET /session/799be37928140a71a03c3bbe373ba355/screenshot - {}
RESULT: {}
COMMAND: POST /session/799be37928140a71a03c3bbe373ba355/execute/sync - {"script":"<script> [56 bytes]","args":[{"element-6066-11e4-a52e-4f735466cecf":"f.19D3A8A536C023AFD4E776B255E62FBE.d.0096A8C842C99E3E50AB7214B8B6B242.e.26130","ELEMENT":"f.19D3A8A536C023AFD4E776B255E62FBE.d.0096A8C842C99E3E50AB7214B8B6B242.e.26130"}]}
RESULT: {"script":"<script> [56 bytes]","args":[{"element-6066-11e4-a52e-4f735466cecf":"f.19D3A8A536C023AFD4E776B255E62FBE.d.0096A8C842C99E3E50AB7214B8B6B242.e.26130","ELEMENT":"f.19D3A8A536C023AFD4E776B255E62FBE.d.0096A8C842C99E3E50AB7214B8B6B242.e.26130"}]}
COMMAND: GET /session/799be37928140a71a03c3bbe373ba355/screenshot - {}
RESULT: {}
COMMAND: POST /session/799be37928140a71a03c3bbe373ba355/execute/sync - {"script":"<script> [56 bytes]","args":[{"element-6066-11e4-a52e-4f735466cecf":"f.19D3A8A536C023AFD4E776B255E62FBE.d.0096A8C842C99E3E50AB7214B8B6B242.e.26130","ELEMENT":"f.19D3A8A536C023AFD4E776B255E62FBE.d.0096A8C842C99E3E50AB7214B8B6B242.e.26130"}]}
RESULT: {"script":"<script> [56 bytes]","args":[{"element-6066-11e4-a52e-4f735466cecf":"f.19D3A8A536C023AFD4E776B255E62FBE.d.0096A8C842C99E3E50AB7214B8B6B242.e.26130","ELEMENT":"f.19D3A8A536C023AFD4E776B255E62FBE.d.0096A8C842C99E3E50AB7214B8B6B242.e.26130"}]}
COMMAND: POST /session/799be37928140a71a03c3bbe373ba355/element - {"using":"xpath","value":"//td[@aria-colindex=\"1\"]/div/div[contains(@class, \"sapMCbBg\")]"}
COMMAND: GET /session/799be37928140a71a03c3bbe373ba355/screenshot - {}
RESULT: {"using":"xpath","value":"//td[@aria-colindex=\"1\"]/div/div[contains(@class, \"sapMCbBg\")]"}
COMMAND: POST /session/799be37928140a71a03c3bbe373ba355/element/f.19D3A8A536C023AFD4E776B255E62FBE.d.0096A8C842C99E3E50AB7214B8B6B242.e.26148/click - {}
RESULT: {}
RESULT: {}
COMMAND: GET /session/799be37928140a71a03c3bbe373ba355/screenshot - {}
RESULT: {}
COMMAND: POST /session/799be37928140a71a03c3bbe373ba355/element - {"using":"xpath","value":"//bdi[text()=\"Transfer\"]"}
RESULT: {"using":"xpath","value":"//bdi[text()=\"Transfer\"]"}
COMMAND: POST /session/799be37928140a71a03c3bbe373ba355/element/f.19D3A8A536C023AFD4E776B255E62FBE.d.0096A8C842C99E3E50AB7214B8B6B242.e.26149/click - {}
RESULT: {}
COMMAND: GET /session/799be37928140a71a03c3bbe373ba355/screenshot - {}
RESULT: {}
COMMAND: POST /session/799be37928140a71a03c3bbe373ba355/element - {"using":"xpath","value":"//bdi[contains(text(), \"OK\")]"}
RESULT: {"using":"xpath","value":"//bdi[contains(text(), \"OK\")]"}
COMMAND: POST /session/799be37928140a71a03c3bbe373ba355/element/f.19D3A8A536C023AFD4E776B255E62FBE.d.0096A8C842C99E3E50AB7214B8B6B242.e.26152/click - {}
RESULT: {}
COMMAND: GET /session/799be37928140a71a03c3bbe373ba355/screenshot - {}
RESULT: {}
COMMAND: POST /session/799be37928140a71a03c3bbe373ba355/element - {"using":"xpath","value":"(//span[contains(text(), \"Completed\")]/parent::div/preceding-sibling::div/span)[1]"}
RESULT: {"using":"xpath","value":"(//span[contains(text(), \"Completed\")]/parent::div/preceding-sibling::div/span)[1]"}
COMMAND: POST /session/799be37928140a71a03c3bbe373ba355/element/f.19D3A8A536C023AFD4E776B255E62FBE.d.0096A8C842C99E3E50AB7214B8B6B242.e.26160/click - {}
RESULT: {}
COMMAND: POST /session/799be37928140a71a03c3bbe373ba355/element - {"using":"xpath","value":"//input[contains(@id ,\"application-billingtransfer-display-component---billingWorkbench--smartFilterBar-btnBasicSearch\")]"}
COMMAND: GET /session/799be37928140a71a03c3bbe373ba355/screenshot - {}
RESULT: {"using":"xpath","value":"//input[contains(@id ,\"application-billingtransfer-display-component---billingWorkbench--smartFilterBar-btnBasicSearch\")]"}
COMMAND: POST /session/799be37928140a71a03c3bbe373ba355/elements - {"using":"xpath","value":"//input[contains(@id ,\"application-billingtransfer-display-component---billingWorkbench--smartFilterBar-btnBasicSearch\")]"}
RESULT: {}
RESULT: {"using":"xpath","value":"//input[contains(@id ,\"application-billingtransfer-display-component---billingWorkbench--smartFilterBar-btnBasicSearch\")]"}
COMMAND: POST /session/799be37928140a71a03c3bbe373ba355/execute/sync - {"script":"<script> [8489 bytes]","args":[{"element-6066-11e4-a52e-4f735466cecf":"f.19D3A8A536C023AFD4E776B255E62FBE.d.0096A8C842C99E3E50AB7214B8B6B242.e.25979","ELEMENT":"f.19D3A8A536C023AFD4E776B255E62FBE.d.0096A8C842C99E3E50AB7214B8B6B242.e.25979"}]}
RESULT: {"script":"<script> [8489 bytes]","args":[{"element-6066-11e4-a52e-4f735466cecf":"f.19D3A8A536C023AFD4E776B255E62FBE.d.0096A8C842C99E3E50AB7214B8B6B242.e.25979","ELEMENT":"f.19D3A8A536C023AFD4E776B255E62FBE.d.0096A8C842C99E3E50AB7214B8B6B242.e.25979"}]}
COMMAND: GET /session/799be37928140a71a03c3bbe373ba355/element/f.19D3A8A536C023AFD4E776B255E62FBE.d.0096A8C842C99E3E50AB7214B8B6B242.e.25979/enabled - {}
COMMAND: GET /session/799be37928140a71a03c3bbe373ba355/screenshot - {}
RESULT: {}
COMMAND: POST /session/799be37928140a71a03c3bbe373ba355/element/f.19D3A8A536C023AFD4E776B255E62FBE.d.0096A8C842C99E3E50AB7214B8B6B242.e.25979/click - {}
COMMAND: GET /session/799be37928140a71a03c3bbe373ba355/screenshot - {}
RESULT: {}
RESULT: {}
COMMAND: GET /session/799be37928140a71a03c3bbe373ba355/screenshot - {}
RESULT: {}
RESULT: {}
COMMAND: POST /session/799be37928140a71a03c3bbe373ba355/element/f.19D3A8A536C023AFD4E776B255E62FBE.d.0096A8C842C99E3E50AB7214B8B6B242.e.25979/clear - {}
RESULT: {}
COMMAND: POST /session/799be37928140a71a03c3bbe373ba355/element/f.19D3A8A536C023AFD4E776B255E62FBE.d.0096A8C842C99E3E50AB7214B8B6B242.e.25979/value - {"text":"10482"}
COMMAND: GET /session/799be37928140a71a03c3bbe373ba355/screenshot - {}
RESULT: {"text":"10482"}
COMMAND: POST /session/799be37928140a71a03c3bbe373ba355/actions - {"actions":[{"id":"action92","type":"key","parameters":{},"actions":[{"type":"keyDown","value":""},{"type":"pause","duration":10},{"type":"keyUp","value":""}]}]}
COMMAND: GET /session/799be37928140a71a03c3bbe373ba355/screenshot - {}
RESULT: {}
RESULT: {"actions":[{"id":"action92","type":"key","parameters":{},"actions":[{"type":"keyDown","value":""},{"type":"pause","duration":10},{"type":"keyUp","value":""}]}]}
COMMAND: GET /session/799be37928140a71a03c3bbe373ba355/screenshot - {}
RESULT: {}
RESULT: {}
COMMAND: POST /session/799be37928140a71a03c3bbe373ba355/element - {"using":"xpath","value":"//span[contains(@id ,\"application-billingtransfer-display-component---billingWorkbench--smartTableBillingRuns-header-inner\")]"}
RESULT: {"using":"xpath","value":"//span[contains(@id ,\"application-billingtransfer-display-component---billingWorkbench--smartTableBillingRuns-header-inner\")]"}
COMMAND: POST /session/799be37928140a71a03c3bbe373ba355/elements - {"using":"xpath","value":"//span[contains(@id ,\"application-billingtransfer-display-component---billingWorkbench--smartTableBillingRuns-header-inner\")]"}
RESULT: {"using":"xpath","value":"//span[contains(@id ,\"application-billingtransfer-display-component---billingWorkbench--smartTableBillingRuns-header-inner\")]"}
COMMAND: POST /session/799be37928140a71a03c3bbe373ba355/execute/sync - {"script":"<script> [56 bytes]","args":[{"element-6066-11e4-a52e-4f735466cecf":"f.19D3A8A536C023AFD4E776B255E62FBE.d.0096A8C842C99E3E50AB7214B8B6B242.e.26130","ELEMENT":"f.19D3A8A536C023AFD4E776B255E62FBE.d.0096A8C842C99E3E50AB7214B8B6B242.e.26130"}]}
RESULT: {"script":"<script> [56 bytes]","args":[{"element-6066-11e4-a52e-4f735466cecf":"f.19D3A8A536C023AFD4E776B255E62FBE.d.0096A8C842C99E3E50AB7214B8B6B242.e.26130","ELEMENT":"f.19D3A8A536C023AFD4E776B255E62FBE.d.0096A8C842C99E3E50AB7214B8B6B242.e.26130"}]}
COMMAND: GET /session/799be37928140a71a03c3bbe373ba355/screenshot - {}
RESULT: {}
COMMAND: POST /session/799be37928140a71a03c3bbe373ba355/execute/sync - {"script":"<script> [56 bytes]","args":[{"element-6066-11e4-a52e-4f735466cecf":"f.19D3A8A536C023AFD4E776B255E62FBE.d.0096A8C842C99E3E50AB7214B8B6B242.e.26130","ELEMENT":"f.19D3A8A536C023AFD4E776B255E62FBE.d.0096A8C842C99E3E50AB7214B8B6B242.e.26130"}]}
RESULT: {"script":"<script> [56 bytes]","args":[{"element-6066-11e4-a52e-4f735466cecf":"f.19D3A8A536C023AFD4E776B255E62FBE.d.0096A8C842C99E3E50AB7214B8B6B242.e.26130","ELEMENT":"f.19D3A8A536C023AFD4E776B255E62FBE.d.0096A8C842C99E3E50AB7214B8B6B242.e.26130"}]}
COMMAND: GET /session/799be37928140a71a03c3bbe373ba355/screenshot - {}
RESULT: {}
COMMAND: POST /session/799be37928140a71a03c3bbe373ba355/execute/sync - {"script":"<script> [56 bytes]","args":[{"element-6066-11e4-a52e-4f735466cecf":"f.19D3A8A536C023AFD4E776B255E62FBE.d.0096A8C842C99E3E50AB7214B8B6B242.e.26130","ELEMENT":"f.19D3A8A536C023AFD4E776B255E62FBE.d.0096A8C842C99E3E50AB7214B8B6B242.e.26130"}]}
RESULT: {"script":"<script> [56 bytes]","args":[{"element-6066-11e4-a52e-4f735466cecf":"f.19D3A8A536C023AFD4E776B255E62FBE.d.0096A8C842C99E3E50AB7214B8B6B242.e.26130","ELEMENT":"f.19D3A8A536C023AFD4E776B255E62FBE.d.0096A8C842C99E3E50AB7214B8B6B242.e.26130"}]}
COMMAND: GET /session/799be37928140a71a03c3bbe373ba355/screenshot - {}
RESULT: {}
COMMAND: POST /session/799be37928140a71a03c3bbe373ba355/execute/sync - {"script":"<script> [56 bytes]","args":[{"element-6066-11e4-a52e-4f735466cecf":"f.19D3A8A536C023AFD4E776B255E62FBE.d.0096A8C842C99E3E50AB7214B8B6B242.e.26130","ELEMENT":"f.19D3A8A536C023AFD4E776B255E62FBE.d.0096A8C842C99E3E50AB7214B8B6B242.e.26130"}]}
RESULT: {"script":"<script> [56 bytes]","args":[{"element-6066-11e4-a52e-4f735466cecf":"f.19D3A8A536C023AFD4E776B255E62FBE.d.0096A8C842C99E3E50AB7214B8B6B242.e.26130","ELEMENT":"f.19D3A8A536C023AFD4E776B255E62FBE.d.0096A8C842C99E3E50AB7214B8B6B242.e.26130"}]}
COMMAND: GET /session/799be37928140a71a03c3bbe373ba355/screenshot - {}
RESULT: {}
COMMAND: POST /session/799be37928140a71a03c3bbe373ba355/execute/sync - {"script":"<script> [56 bytes]","args":[{"element-6066-11e4-a52e-4f735466cecf":"f.19D3A8A536C023AFD4E776B255E62FBE.d.0096A8C842C99E3E50AB7214B8B6B242.e.26130","ELEMENT":"f.19D3A8A536C023AFD4E776B255E62FBE.d.0096A8C842C99E3E50AB7214B8B6B242.e.26130"}]}
RESULT: {"script":"<script> [56 bytes]","args":[{"element-6066-11e4-a52e-4f735466cecf":"f.19D3A8A536C023AFD4E776B255E62FBE.d.0096A8C842C99E3E50AB7214B8B6B242.e.26130","ELEMENT":"f.19D3A8A536C023AFD4E776B255E62FBE.d.0096A8C842C99E3E50AB7214B8B6B242.e.26130"}]}
COMMAND: GET /session/799be37928140a71a03c3bbe373ba355/screenshot - {}
RESULT: {}
COMMAND: POST /session/799be37928140a71a03c3bbe373ba355/execute/sync - {"script":"<script> [56 bytes]","args":[{"element-6066-11e4-a52e-4f735466cecf":"f.19D3A8A536C023AFD4E776B255E62FBE.d.0096A8C842C99E3E50AB7214B8B6B242.e.26130","ELEMENT":"f.19D3A8A536C023AFD4E776B255E62FBE.d.0096A8C842C99E3E50AB7214B8B6B242.e.26130"}]}
RESULT: {"script":"<script> [56 bytes]","args":[{"element-6066-11e4-a52e-4f735466cecf":"f.19D3A8A536C023AFD4E776B255E62FBE.d.0096A8C842C99E3E50AB7214B8B6B242.e.26130","ELEMENT":"f.19D3A8A536C023AFD4E776B255E62FBE.d.0096A8C842C99E3E50AB7214B8B6B242.e.26130"}]}
COMMAND: GET /session/799be37928140a71a03c3bbe373ba355/screenshot - {}
RESULT: {}
COMMAND: POST /session/799be37928140a71a03c3bbe373ba355/execute/sync - {"script":"<script> [56 bytes]","args":[{"element-6066-11e4-a52e-4f735466cecf":"f.19D3A8A536C023AFD4E776B255E62FBE.d.0096A8C842C99E3E50AB7214B8B6B242.e.26130","ELEMENT":"f.19D3A8A536C023AFD4E776B255E62FBE.d.0096A8C842C99E3E50AB7214B8B6B242.e.26130"}]}
RESULT: {"script":"<script> [56 bytes]","args":[{"element-6066-11e4-a52e-4f735466cecf":"f.19D3A8A536C023AFD4E776B255E62FBE.d.0096A8C842C99E3E50AB7214B8B6B242.e.26130","ELEMENT":"f.19D3A8A536C023AFD4E776B255E62FBE.d.0096A8C842C99E3E50AB7214B8B6B242.e.26130"}]}
COMMAND: GET /session/799be37928140a71a03c3bbe373ba355/screenshot - {}
RESULT: {}
COMMAND: POST /session/799be37928140a71a03c3bbe373ba355/execute/sync - {"script":"<script> [56 bytes]","args":[{"element-6066-11e4-a52e-4f735466cecf":"f.19D3A8A536C023AFD4E776B255E62FBE.d.0096A8C842C99E3E50AB7214B8B6B242.e.26130","ELEMENT":"f.19D3A8A536C023AFD4E776B255E62FBE.d.0096A8C842C99E3E50AB7214B8B6B242.e.26130"}]}
RESULT: {"script":"<script> [56 bytes]","args":[{"element-6066-11e4-a52e-4f735466cecf":"f.19D3A8A536C023AFD4E776B255E62FBE.d.0096A8C842C99E3E50AB7214B8B6B242.e.26130","ELEMENT":"f.19D3A8A536C023AFD4E776B255E62FBE.d.0096A8C842C99E3E50AB7214B8B6B242.e.26130"}]}
COMMAND: GET /session/799be37928140a71a03c3bbe373ba355/screenshot - {}
RESULT: {}
COMMAND: POST /session/799be37928140a71a03c3bbe373ba355/execute/sync - {"script":"<script> [56 bytes]","args":[{"element-6066-11e4-a52e-4f735466cecf":"f.19D3A8A536C023AFD4E776B255E62FBE.d.0096A8C842C99E3E50AB7214B8B6B242.e.26130","ELEMENT":"f.19D3A8A536C023AFD4E776B255E62FBE.d.0096A8C842C99E3E50AB7214B8B6B242.e.26130"}]}
RESULT: {"script":"<script> [56 bytes]","args":[{"element-6066-11e4-a52e-4f735466cecf":"f.19D3A8A536C023AFD4E776B255E62FBE.d.0096A8C842C99E3E50AB7214B8B6B242.e.26130","ELEMENT":"f.19D3A8A536C023AFD4E776B255E62FBE.d.0096A8C842C99E3E50AB7214B8B6B242.e.26130"}]}
COMMAND: GET /session/799be37928140a71a03c3bbe373ba355/screenshot - {}
RESULT: {}
COMMAND: POST /session/799be37928140a71a03c3bbe373ba355/execute/sync - {"script":"<script> [56 bytes]","args":[{"element-6066-11e4-a52e-4f735466cecf":"f.19D3A8A536C023AFD4E776B255E62FBE.d.0096A8C842C99E3E50AB7214B8B6B242.e.26130","ELEMENT":"f.19D3A8A536C023AFD4E776B255E62FBE.d.0096A8C842C99E3E50AB7214B8B6B242.e.26130"}]}
RESULT: {"script":"<script> [56 bytes]","args":[{"element-6066-11e4-a52e-4f735466cecf":"f.19D3A8A536C023AFD4E776B255E62FBE.d.0096A8C842C99E3E50AB7214B8B6B242.e.26130","ELEMENT":"f.19D3A8A536C023AFD4E776B255E62FBE.d.0096A8C842C99E3E50AB7214B8B6B242.e.26130"}]}
COMMAND: GET /session/799be37928140a71a03c3bbe373ba355/screenshot - {}
RESULT: {}
COMMAND: POST /session/799be37928140a71a03c3bbe373ba355/execute/sync - {"script":"<script> [56 bytes]","args":[{"element-6066-11e4-a52e-4f735466cecf":"f.19D3A8A536C023AFD4E776B255E62FBE.d.0096A8C842C99E3E50AB7214B8B6B242.e.26130","ELEMENT":"f.19D3A8A536C023AFD4E776B255E62FBE.d.0096A8C842C99E3E50AB7214B8B6B242.e.26130"}]}
RESULT: {"script":"<script> [56 bytes]","args":[{"element-6066-11e4-a52e-4f735466cecf":"f.19D3A8A536C023AFD4E776B255E62FBE.d.0096A8C842C99E3E50AB7214B8B6B242.e.26130","ELEMENT":"f.19D3A8A536C023AFD4E776B255E62FBE.d.0096A8C842C99E3E50AB7214B8B6B242.e.26130"}]}
COMMAND: GET /session/799be37928140a71a03c3bbe373ba355/screenshot - {}
RESULT: {}
COMMAND: POST /session/799be37928140a71a03c3bbe373ba355/execute/sync - {"script":"<script> [56 bytes]","args":[{"element-6066-11e4-a52e-4f735466cecf":"f.19D3A8A536C023AFD4E776B255E62FBE.d.0096A8C842C99E3E50AB7214B8B6B242.e.26130","ELEMENT":"f.19D3A8A536C023AFD4E776B255E62FBE.d.0096A8C842C99E3E50AB7214B8B6B242.e.26130"}]}
RESULT: {"script":"<script> [56 bytes]","args":[{"element-6066-11e4-a52e-4f735466cecf":"f.19D3A8A536C023AFD4E776B255E62FBE.d.0096A8C842C99E3E50AB7214B8B6B242.e.26130","ELEMENT":"f.19D3A8A536C023AFD4E776B255E62FBE.d.0096A8C842C99E3E50AB7214B8B6B242.e.26130"}]}
COMMAND: GET /session/799be37928140a71a03c3bbe373ba355/screenshot - {}
RESULT: {}
COMMAND: POST /session/799be37928140a71a03c3bbe373ba355/execute/sync - {"script":"<script> [56 bytes]","args":[{"element-6066-11e4-a52e-4f735466cecf":"f.19D3A8A536C023AFD4E776B255E62FBE.d.0096A8C842C99E3E50AB7214B8B6B242.e.26130","ELEMENT":"f.19D3A8A536C023AFD4E776B255E62FBE.d.0096A8C842C99E3E50AB7214B8B6B242.e.26130"}]}
RESULT: {"script":"<script> [56 bytes]","args":[{"element-6066-11e4-a52e-4f735466cecf":"f.19D3A8A536C023AFD4E776B255E62FBE.d.0096A8C842C99E3E50AB7214B8B6B242.e.26130","ELEMENT":"f.19D3A8A536C023AFD4E776B255E62FBE.d.0096A8C842C99E3E50AB7214B8B6B242.e.26130"}]}
COMMAND: GET /session/799be37928140a71a03c3bbe373ba355/screenshot - {}
RESULT: {}
COMMAND: POST /session/799be37928140a71a03c3bbe373ba355/execute/sync - {"script":"<script> [56 bytes]","args":[{"element-6066-11e4-a52e-4f735466cecf":"f.19D3A8A536C023AFD4E776B255E62FBE.d.0096A8C842C99E3E50AB7214B8B6B242.e.26130","ELEMENT":"f.19D3A8A536C023AFD4E776B255E62FBE.d.0096A8C842C99E3E50AB7214B8B6B242.e.26130"}]}
RESULT: {"script":"<script> [56 bytes]","args":[{"element-6066-11e4-a52e-4f735466cecf":"f.19D3A8A536C023AFD4E776B255E62FBE.d.0096A8C842C99E3E50AB7214B8B6B242.e.26130","ELEMENT":"f.19D3A8A536C023AFD4E776B255E62FBE.d.0096A8C842C99E3E50AB7214B8B6B242.e.26130"}]}
COMMAND: GET /session/799be37928140a71a03c3bbe373ba355/screenshot - {}
RESULT: {}
COMMAND: POST /session/799be37928140a71a03c3bbe373ba355/execute/sync - {"script":"<script> [56 bytes]","args":[{"element-6066-11e4-a52e-4f735466cecf":"f.19D3A8A536C023AFD4E776B255E62FBE.d.0096A8C842C99E3E50AB7214B8B6B242.e.26130","ELEMENT":"f.19D3A8A536C023AFD4E776B255E62FBE.d.0096A8C842C99E3E50AB7214B8B6B242.e.26130"}]}
RESULT: {"script":"<script> [56 bytes]","args":[{"element-6066-11e4-a52e-4f735466cecf":"f.19D3A8A536C023AFD4E776B255E62FBE.d.0096A8C842C99E3E50AB7214B8B6B242.e.26130","ELEMENT":"f.19D3A8A536C023AFD4E776B255E62FBE.d.0096A8C842C99E3E50AB7214B8B6B242.e.26130"}]}
COMMAND: GET /session/799be37928140a71a03c3bbe373ba355/screenshot - {}
RESULT: {}
COMMAND: POST /session/799be37928140a71a03c3bbe373ba355/execute/sync - {"script":"<script> [56 bytes]","args":[{"element-6066-11e4-a52e-4f735466cecf":"f.19D3A8A536C023AFD4E776B255E62FBE.d.0096A8C842C99E3E50AB7214B8B6B242.e.26130","ELEMENT":"f.19D3A8A536C023AFD4E776B255E62FBE.d.0096A8C842C99E3E50AB7214B8B6B242.e.26130"}]}
RESULT: {"script":"<script> [56 bytes]","args":[{"element-6066-11e4-a52e-4f735466cecf":"f.19D3A8A536C023AFD4E776B255E62FBE.d.0096A8C842C99E3E50AB7214B8B6B242.e.26130","ELEMENT":"f.19D3A8A536C023AFD4E776B255E62FBE.d.0096A8C842C99E3E50AB7214B8B6B242.e.26130"}]}
COMMAND: GET /session/799be37928140a71a03c3bbe373ba355/screenshot - {}
RESULT: {}
COMMAND: POST /session/799be37928140a71a03c3bbe373ba355/execute/sync - {"script":"<script> [56 bytes]","args":[{"element-6066-11e4-a52e-4f735466cecf":"f.19D3A8A536C023AFD4E776B255E62FBE.d.0096A8C842C99E3E50AB7214B8B6B242.e.26130","ELEMENT":"f.19D3A8A536C023AFD4E776B255E62FBE.d.0096A8C842C99E3E50AB7214B8B6B242.e.26130"}]}
RESULT: {"script":"<script> [56 bytes]","args":[{"element-6066-11e4-a52e-4f735466cecf":"f.19D3A8A536C023AFD4E776B255E62FBE.d.0096A8C842C99E3E50AB7214B8B6B242.e.26130","ELEMENT":"f.19D3A8A536C023AFD4E776B255E62FBE.d.0096A8C842C99E3E50AB7214B8B6B242.e.26130"}]}
COMMAND: GET /session/799be37928140a71a03c3bbe373ba355/screenshot - {}
RESULT: {}
COMMAND: POST /session/799be37928140a71a03c3bbe373ba355/execute/sync - {"script":"<script> [56 bytes]","args":[{"element-6066-11e4-a52e-4f735466cecf":"f.19D3A8A536C023AFD4E776B255E62FBE.d.0096A8C842C99E3E50AB7214B8B6B242.e.26130","ELEMENT":"f.19D3A8A536C023AFD4E776B255E62FBE.d.0096A8C842C99E3E50AB7214B8B6B242.e.26130"}]}
RESULT: {"script":"<script> [56 bytes]","args":[{"element-6066-11e4-a52e-4f735466cecf":"f.19D3A8A536C023AFD4E776B255E62FBE.d.0096A8C842C99E3E50AB7214B8B6B242.e.26130","ELEMENT":"f.19D3A8A536C023AFD4E776B255E62FBE.d.0096A8C842C99E3E50AB7214B8B6B242.e.26130"}]}
COMMAND: GET /session/799be37928140a71a03c3bbe373ba355/screenshot - {}
RESULT: {}
COMMAND: POST /session/799be37928140a71a03c3bbe373ba355/execute/sync - {"script":"<script> [56 bytes]","args":[{"element-6066-11e4-a52e-4f735466cecf":"f.19D3A8A536C023AFD4E776B255E62FBE.d.0096A8C842C99E3E50AB7214B8B6B242.e.26130","ELEMENT":"f.19D3A8A536C023AFD4E776B255E62FBE.d.0096A8C842C99E3E50AB7214B8B6B242.e.26130"}]}
RESULT: {"script":"<script> [56 bytes]","args":[{"element-6066-11e4-a52e-4f735466cecf":"f.19D3A8A536C023AFD4E776B255E62FBE.d.0096A8C842C99E3E50AB7214B8B6B242.e.26130","ELEMENT":"f.19D3A8A536C023AFD4E776B255E62FBE.d.0096A8C842C99E3E50AB7214B8B6B242.e.26130"}]}
COMMAND: GET /session/799be37928140a71a03c3bbe373ba355/screenshot - {}
RESULT: {}
COMMAND: POST /session/799be37928140a71a03c3bbe373ba355/execute/sync - {"script":"<script> [56 bytes]","args":[{"element-6066-11e4-a52e-4f735466cecf":"f.19D3A8A536C023AFD4E776B255E62FBE.d.0096A8C842C99E3E50AB7214B8B6B242.e.26130","ELEMENT":"f.19D3A8A536C023AFD4E776B255E62FBE.d.0096A8C842C99E3E50AB7214B8B6B242.e.26130"}]}
RESULT: {"script":"<script> [56 bytes]","args":[{"element-6066-11e4-a52e-4f735466cecf":"f.19D3A8A536C023AFD4E776B255E62FBE.d.0096A8C842C99E3E50AB7214B8B6B242.e.26130","ELEMENT":"f.19D3A8A536C023AFD4E776B255E62FBE.d.0096A8C842C99E3E50AB7214B8B6B242.e.26130"}]}
COMMAND: GET /session/799be37928140a71a03c3bbe373ba355/screenshot - {}
RESULT: {}
COMMAND: POST /session/799be37928140a71a03c3bbe373ba355/execute/sync - {"script":"<script> [56 bytes]","args":[{"element-6066-11e4-a52e-4f735466cecf":"f.19D3A8A536C023AFD4E776B255E62FBE.d.0096A8C842C99E3E50AB7214B8B6B242.e.26130","ELEMENT":"f.19D3A8A536C023AFD4E776B255E62FBE.d.0096A8C842C99E3E50AB7214B8B6B242.e.26130"}]}
RESULT: {"script":"<script> [56 bytes]","args":[{"element-6066-11e4-a52e-4f735466cecf":"f.19D3A8A536C023AFD4E776B255E62FBE.d.0096A8C842C99E3E50AB7214B8B6B242.e.26130","ELEMENT":"f.19D3A8A536C023AFD4E776B255E62FBE.d.0096A8C842C99E3E50AB7214B8B6B242.e.26130"}]}
COMMAND: POST /session/799be37928140a71a03c3bbe373ba355/element - {"using":"css selector","value":"#shell-header-logo"}
COMMAND: GET /session/799be37928140a71a03c3bbe373ba355/screenshot - {}
RESULT: {"using":"css selector","value":"#shell-header-logo"}
COMMAND: POST /session/799be37928140a71a03c3bbe373ba355/element/f.19D3A8A536C023AFD4E776B255E62FBE.d.0096A8C842C99E3E50AB7214B8B6B242.e.25977/click - {}
RESULT: {}
RESULT: {}
COMMAND: GET /session/799be37928140a71a03c3bbe373ba355/screenshot - {}
RESULT: {}
]]></system-out>
    </testcase>
    <testcase classname="chrome.135_0_7049_42.windows.Billing_Calculation_-_Time_based_(considering_transport_times)_US139738" name="Should navigate to the contract item check the billed until field value" time="39.437">
      <system-out><![CDATA[
RESULT: undefined
COMMAND: POST /session/799be37928140a71a03c3bbe373ba355/element - {"using":"xpath","value":"//*[@id=\"__tile130-title\"]"}
RESULT: {"using":"xpath","value":"//*[@id=\"__tile130-title\"]"}
COMMAND: POST /session/799be37928140a71a03c3bbe373ba355/element/f.19D3A8A536C023AFD4E776B255E62FBE.d.0096A8C842C99E3E50AB7214B8B6B242.e.21274/click - {}
RESULT: undefined
RESULT: undefined
RESULT: {}
COMMAND: GET /session/799be37928140a71a03c3bbe373ba355/screenshot - {}
RESULT: {}
COMMAND: POST /session/799be37928140a71a03c3bbe373ba355/element - {"using":"xpath","value":"//button[@data-kt=\"addButton\"]"}
RESULT: {"using":"xpath","value":"//button[@data-kt=\"addButton\"]"}
COMMAND: POST /session/799be37928140a71a03c3bbe373ba355/elements - {"using":"xpath","value":"//button[@data-kt=\"addButton\"]"}
RESULT: {"using":"xpath","value":"//button[@data-kt=\"addButton\"]"}
COMMAND: POST /session/799be37928140a71a03c3bbe373ba355/execute/sync - {"script":"<script> [8489 bytes]","args":[{"element-6066-11e4-a52e-4f735466cecf":"f.19D3A8A536C023AFD4E776B255E62FBE.d.0096A8C842C99E3E50AB7214B8B6B242.e.26198","ELEMENT":"f.19D3A8A536C023AFD4E776B255E62FBE.d.0096A8C842C99E3E50AB7214B8B6B242.e.26198"}]}
RESULT: {"script":"<script> [8489 bytes]","args":[{"element-6066-11e4-a52e-4f735466cecf":"f.19D3A8A536C023AFD4E776B255E62FBE.d.0096A8C842C99E3E50AB7214B8B6B242.e.26198","ELEMENT":"f.19D3A8A536C023AFD4E776B255E62FBE.d.0096A8C842C99E3E50AB7214B8B6B242.e.26198"}]}
COMMAND: GET /session/799be37928140a71a03c3bbe373ba355/element/f.19D3A8A536C023AFD4E776B255E62FBE.d.0096A8C842C99E3E50AB7214B8B6B242.e.26198/enabled - {}
COMMAND: GET /session/799be37928140a71a03c3bbe373ba355/screenshot - {}
RESULT: {}
COMMAND: POST /session/799be37928140a71a03c3bbe373ba355/execute/sync - {"script":"<script> [8489 bytes]","args":[{"element-6066-11e4-a52e-4f735466cecf":"f.19D3A8A536C023AFD4E776B255E62FBE.d.0096A8C842C99E3E50AB7214B8B6B242.e.26198","ELEMENT":"f.19D3A8A536C023AFD4E776B255E62FBE.d.0096A8C842C99E3E50AB7214B8B6B242.e.26198"}]}
COMMAND: GET /session/799be37928140a71a03c3bbe373ba355/screenshot - {}
RESULT: {}
RESULT: {"script":"<script> [8489 bytes]","args":[{"element-6066-11e4-a52e-4f735466cecf":"f.19D3A8A536C023AFD4E776B255E62FBE.d.0096A8C842C99E3E50AB7214B8B6B242.e.26198","ELEMENT":"f.19D3A8A536C023AFD4E776B255E62FBE.d.0096A8C842C99E3E50AB7214B8B6B242.e.26198"}]}
COMMAND: POST /session/799be37928140a71a03c3bbe373ba355/execute/sync - {"script":"<script> [5351 bytes]","args":[{"element-6066-11e4-a52e-4f735466cecf":"f.19D3A8A536C023AFD4E776B255E62FBE.d.0096A8C842C99E3E50AB7214B8B6B242.e.26198","ELEMENT":"f.19D3A8A536C023AFD4E776B255E62FBE.d.0096A8C842C99E3E50AB7214B8B6B242.e.26198"}]}
COMMAND: GET /session/799be37928140a71a03c3bbe373ba355/screenshot - {}
RESULT: {}
RESULT: {"script":"<script> [5351 bytes]","args":[{"element-6066-11e4-a52e-4f735466cecf":"f.19D3A8A536C023AFD4E776B255E62FBE.d.0096A8C842C99E3E50AB7214B8B6B242.e.26198","ELEMENT":"f.19D3A8A536C023AFD4E776B255E62FBE.d.0096A8C842C99E3E50AB7214B8B6B242.e.26198"}]}
COMMAND: POST /session/799be37928140a71a03c3bbe373ba355/element - {"using":"xpath","value":"//input[contains(@id ,\"smartContractFilterBar-btnBasicSearch-I\")]"}
COMMAND: GET /session/799be37928140a71a03c3bbe373ba355/screenshot - {}
RESULT: {}
RESULT: {"using":"xpath","value":"//input[contains(@id ,\"smartContractFilterBar-btnBasicSearch-I\")]"}
COMMAND: POST /session/799be37928140a71a03c3bbe373ba355/elements - {"using":"xpath","value":"//input[contains(@id ,\"smartContractFilterBar-btnBasicSearch-I\")]"}
RESULT: {}
RESULT: {"using":"xpath","value":"//input[contains(@id ,\"smartContractFilterBar-btnBasicSearch-I\")]"}
COMMAND: POST /session/799be37928140a71a03c3bbe373ba355/execute/sync - {"script":"<script> [8489 bytes]","args":[{"element-6066-11e4-a52e-4f735466cecf":"f.19D3A8A536C023AFD4E776B255E62FBE.d.0096A8C842C99E3E50AB7214B8B6B242.e.26176","ELEMENT":"f.19D3A8A536C023AFD4E776B255E62FBE.d.0096A8C842C99E3E50AB7214B8B6B242.e.26176"}]}
RESULT: {"script":"<script> [8489 bytes]","args":[{"element-6066-11e4-a52e-4f735466cecf":"f.19D3A8A536C023AFD4E776B255E62FBE.d.0096A8C842C99E3E50AB7214B8B6B242.e.26176","ELEMENT":"f.19D3A8A536C023AFD4E776B255E62FBE.d.0096A8C842C99E3E50AB7214B8B6B242.e.26176"}]}
COMMAND: GET /session/799be37928140a71a03c3bbe373ba355/element/f.19D3A8A536C023AFD4E776B255E62FBE.d.0096A8C842C99E3E50AB7214B8B6B242.e.26176/enabled - {}
COMMAND: GET /session/799be37928140a71a03c3bbe373ba355/screenshot - {}
RESULT: {}
COMMAND: POST /session/799be37928140a71a03c3bbe373ba355/element/f.19D3A8A536C023AFD4E776B255E62FBE.d.0096A8C842C99E3E50AB7214B8B6B242.e.26176/clear - {}
COMMAND: GET /session/799be37928140a71a03c3bbe373ba355/screenshot - {}
RESULT: {}
RESULT: {}
COMMAND: POST /session/799be37928140a71a03c3bbe373ba355/element/f.19D3A8A536C023AFD4E776B255E62FBE.d.0096A8C842C99E3E50AB7214B8B6B242.e.26176/value - {"text":"10482"}
COMMAND: GET /session/799be37928140a71a03c3bbe373ba355/screenshot - {}
RESULT: {}
RESULT: {"text":"10482"}
COMMAND: GET /session/799be37928140a71a03c3bbe373ba355/screenshot - {}
RESULT: {}
RESULT: {}
COMMAND: POST /session/799be37928140a71a03c3bbe373ba355/actions - {"actions":[{"id":"action93","type":"key","parameters":{},"actions":[{"type":"keyDown","value":""},{"type":"pause","duration":10},{"type":"keyUp","value":""}]}]}
RESULT: {"actions":[{"id":"action93","type":"key","parameters":{},"actions":[{"type":"keyDown","value":""},{"type":"pause","duration":10},{"type":"keyUp","value":""}]}]}
COMMAND: GET /session/799be37928140a71a03c3bbe373ba355/screenshot - {}
RESULT: {}
COMMAND: POST /session/799be37928140a71a03c3bbe373ba355/element - {"using":"xpath","value":"//span[contains(@id, \"masterListContractsSmartTable-header-inner\")]"}
RESULT: {"using":"xpath","value":"//span[contains(@id, \"masterListContractsSmartTable-header-inner\")]"}
COMMAND: POST /session/799be37928140a71a03c3bbe373ba355/elements - {"using":"xpath","value":"//span[contains(@id, \"masterListContractsSmartTable-header-inner\")]"}
RESULT: {"using":"xpath","value":"//span[contains(@id, \"masterListContractsSmartTable-header-inner\")]"}
COMMAND: POST /session/799be37928140a71a03c3bbe373ba355/execute/sync - {"script":"<script> [56 bytes]","args":[{"element-6066-11e4-a52e-4f735466cecf":"f.19D3A8A536C023AFD4E776B255E62FBE.d.0096A8C842C99E3E50AB7214B8B6B242.e.26285","ELEMENT":"f.19D3A8A536C023AFD4E776B255E62FBE.d.0096A8C842C99E3E50AB7214B8B6B242.e.26285"}]}
RESULT: {"script":"<script> [56 bytes]","args":[{"element-6066-11e4-a52e-4f735466cecf":"f.19D3A8A536C023AFD4E776B255E62FBE.d.0096A8C842C99E3E50AB7214B8B6B242.e.26285","ELEMENT":"f.19D3A8A536C023AFD4E776B255E62FBE.d.0096A8C842C99E3E50AB7214B8B6B242.e.26285"}]}
COMMAND: POST /session/799be37928140a71a03c3bbe373ba355/element - {"using":"xpath","value":"(//span[contains(@id, \"imgNav\")])[1]"}
COMMAND: GET /session/799be37928140a71a03c3bbe373ba355/screenshot - {}
RESULT: {"using":"xpath","value":"(//span[contains(@id, \"imgNav\")])[1]"}
COMMAND: POST /session/799be37928140a71a03c3bbe373ba355/element/f.19D3A8A536C023AFD4E776B255E62FBE.d.0096A8C842C99E3E50AB7214B8B6B242.e.26284/click - {}
RESULT: {}
RESULT: {}
COMMAND: GET /session/799be37928140a71a03c3bbe373ba355/screenshot - {}
RESULT: {}
COMMAND: POST /session/799be37928140a71a03c3bbe373ba355/element - {"using":"xpath","value":"//tr[@data-kt=\"productsColumnListItem\"]//td//span[contains(@id, \"imgNav\")][1]"}
RESULT: {"using":"xpath","value":"//tr[@data-kt=\"productsColumnListItem\"]//td//span[contains(@id, \"imgNav\")][1]"}
COMMAND: POST /session/799be37928140a71a03c3bbe373ba355/element/f.19D3A8A536C023AFD4E776B255E62FBE.d.0096A8C842C99E3E50AB7214B8B6B242.e.26454/click - {}
RESULT: {}
COMMAND: GET /session/799be37928140a71a03c3bbe373ba355/screenshot - {}
RESULT: {}
COMMAND: POST /session/799be37928140a71a03c3bbe373ba355/element - {"using":"xpath","value":"//section[contains(@id, \"application-managecontracts-display-component---BillingItem--ObjectPageLayout-OPHeaderContent\")]/div/div/div/div/div[2]/div/div[2]/span"}
RESULT: {"using":"xpath","value":"//section[contains(@id, \"application-managecontracts-display-component---BillingItem--ObjectPageLayout-OPHeaderContent\")]/div/div/div/div/div[2]/div/div[2]/span"}
COMMAND: POST /session/799be37928140a71a03c3bbe373ba355/execute/sync - {"script":"<script> [56 bytes]","args":[{"element-6066-11e4-a52e-4f735466cecf":"f.19D3A8A536C023AFD4E776B255E62FBE.d.0096A8C842C99E3E50AB7214B8B6B242.e.26591","ELEMENT":"f.19D3A8A536C023AFD4E776B255E62FBE.d.0096A8C842C99E3E50AB7214B8B6B242.e.26591"}]}
RESULT: {"script":"<script> [56 bytes]","args":[{"element-6066-11e4-a52e-4f735466cecf":"f.19D3A8A536C023AFD4E776B255E62FBE.d.0096A8C842C99E3E50AB7214B8B6B242.e.26591","ELEMENT":"f.19D3A8A536C023AFD4E776B255E62FBE.d.0096A8C842C99E3E50AB7214B8B6B242.e.26591"}]}
COMMAND: POST /session/799be37928140a71a03c3bbe373ba355/element - {"using":"xpath","value":"//table[contains(@id, \"application-managecontracts-display-component---BillingItem--billingList-listUl\")]//td//*[contains(text(), \"final billed\")]"}
COMMAND: GET /session/799be37928140a71a03c3bbe373ba355/screenshot - {}
RESULT: {"using":"xpath","value":"//table[contains(@id, \"application-managecontracts-display-component---BillingItem--billingList-listUl\")]//td//*[contains(text(), \"final billed\")]"}
COMMAND: POST /session/799be37928140a71a03c3bbe373ba355/execute/sync - {"script":"<script> [56 bytes]","args":[{"element-6066-11e4-a52e-4f735466cecf":"f.19D3A8A536C023AFD4E776B255E62FBE.d.0096A8C842C99E3E50AB7214B8B6B242.e.26592","ELEMENT":"f.19D3A8A536C023AFD4E776B255E62FBE.d.0096A8C842C99E3E50AB7214B8B6B242.e.26592"}]}
RESULT: {}
RESULT: {"script":"<script> [56 bytes]","args":[{"element-6066-11e4-a52e-4f735466cecf":"f.19D3A8A536C023AFD4E776B255E62FBE.d.0096A8C842C99E3E50AB7214B8B6B242.e.26592","ELEMENT":"f.19D3A8A536C023AFD4E776B255E62FBE.d.0096A8C842C99E3E50AB7214B8B6B242.e.26592"}]}
COMMAND: POST /session/799be37928140a71a03c3bbe373ba355/element - {"using":"css selector","value":"#shell-header-logo"}
COMMAND: GET /session/799be37928140a71a03c3bbe373ba355/screenshot - {}
RESULT: {"using":"css selector","value":"#shell-header-logo"}
COMMAND: POST /session/799be37928140a71a03c3bbe373ba355/element/f.19D3A8A536C023AFD4E776B255E62FBE.d.0096A8C842C99E3E50AB7214B8B6B242.e.26168/click - {}
RESULT: {}
RESULT: {}
COMMAND: GET /session/799be37928140a71a03c3bbe373ba355/screenshot - {}
RESULT: {}
COMMAND: DELETE /session/799be37928140a71a03c3bbe373ba355 - {}
RESULT: {}
]]></system-out>
    </testcase>
  </testsuite>
</testsuites>