<?xml version="1.0" encoding="UTF-8"?>
<testsuites tests="51" failures="39" errors="39" skipped="0">
  <testsuite timestamp="2025-04-26T16:28:20" time="604.567" tests="9" failures="9" errors="9" skipped="0">
    <properties>
      <property name="specId" value="0" />
      <property name="suiteName" value="Create masterdata for Yard Overview - mass return US131057" />
      <property name="capabilities" value="chrome.135_0_7049_96.windows" />
      <property name="file" value="file:///D:/a/1/s/test/specs/HTR/yard-Mass-Return.spec.js" />
    </properties>
  </testsuite>
  <testsuite timestamp="2025-04-26T16:38:24" time="476.153" tests="9" failures="7" errors="7" skipped="0">
    <properties>
      <property name="specId" value="0" />
      <property name="suiteName" value="Create masterdata for Yard Overview - trigger provide US130988" />
      <property name="capabilities" value="chrome.135_0_7049_96.windows" />
      <property name="file" value="file:///D:/a/1/s/test/specs/HTR/stock-decrease.spec.js" />
    </properties>
    <testcase classname="chrome.135_0_7049_96.windows.Create_masterdata_for_Yard_Overview_-_trigger_provide_US130988" name="create a whm for yard" time="48.722">
      <system-out><![CDATA[
COMMAND: GET /session/6e03489d4a34a8a8f12f495779f86cce/screenshot - {}
COMMAND: POST /session/6e03489d4a34a8a8f12f495779f86cce/element - {"using":"css selector","value":"#shell-header-icon"}
RESULT: {}
RESULT: {"using":"css selector","value":"#shell-header-icon"}
COMMAND: POST /session/6e03489d4a34a8a8f12f495779f86cce/execute/sync - {"script":"<script> [8489 bytes]","args":[{"element-6066-11e4-a52e-4f735466cecf":"f.CA981CCC1B751CF1DDFBCEDF28AC53D4.d.3E55A4CD43325CAB9ADE9B0A1D4DD431.e.619","ELEMENT":"f.CA981CCC1B751CF1DDFBCEDF28AC53D4.d.3E55A4CD43325CAB9ADE9B0A1D4DD431.e.619"}]}
RESULT: {"script":"<script> [8489 bytes]","args":[{"element-6066-11e4-a52e-4f735466cecf":"f.CA981CCC1B751CF1DDFBCEDF28AC53D4.d.3E55A4CD43325CAB9ADE9B0A1D4DD431.e.619","ELEMENT":"f.CA981CCC1B751CF1DDFBCEDF28AC53D4.d.3E55A4CD43325CAB9ADE9B0A1D4DD431.e.619"}]}
COMMAND: GET /session/6e03489d4a34a8a8f12f495779f86cce/element/f.CA981CCC1B751CF1DDFBCEDF28AC53D4.d.3E55A4CD43325CAB9ADE9B0A1D4DD431.e.619/enabled - {}
COMMAND: GET /session/6e03489d4a34a8a8f12f495779f86cce/screenshot - {}
RESULT: {}
COMMAND: POST /session/6e03489d4a34a8a8f12f495779f86cce/element/f.CA981CCC1B751CF1DDFBCEDF28AC53D4.d.3E55A4CD43325CAB9ADE9B0A1D4DD431.e.619/click - {}
COMMAND: GET /session/6e03489d4a34a8a8f12f495779f86cce/screenshot - {}
RESULT: {}
RESULT: {}
COMMAND: GET /session/6e03489d4a34a8a8f12f495779f86cce/screenshot - {}
RESULT: {}
RESULT: {}
COMMAND: POST /session/6e03489d4a34a8a8f12f495779f86cce/element - {"using":"xpath","value":"//div[text()='Warehouse']"}
RESULT: {"using":"xpath","value":"//div[text()='Warehouse']"}
COMMAND: POST /session/6e03489d4a34a8a8f12f495779f86cce/elements - {"using":"xpath","value":"//div[text()='Warehouse']"}
RESULT: {"using":"xpath","value":"//div[text()='Warehouse']"}
COMMAND: POST /session/6e03489d4a34a8a8f12f495779f86cce/element/f.CA981CCC1B751CF1DDFBCEDF28AC53D4.d.3E55A4CD43325CAB9ADE9B0A1D4DD431.e.1102/click - {}
RESULT: {}
COMMAND: POST /session/6e03489d4a34a8a8f12f495779f86cce/element - {"using":"xpath","value":"//span[text()='Manage Warehouse Movements']"}
COMMAND: GET /session/6e03489d4a34a8a8f12f495779f86cce/screenshot - {}
RESULT: {"using":"xpath","value":"//span[text()='Manage Warehouse Movements']"}
COMMAND: POST /session/6e03489d4a34a8a8f12f495779f86cce/elements - {"using":"xpath","value":"//span[text()='Manage Warehouse Movements']"}
RESULT: {}
RESULT: {"using":"xpath","value":"//span[text()='Manage Warehouse Movements']"}
COMMAND: POST /session/6e03489d4a34a8a8f12f495779f86cce/element - {"using":"xpath","value":"//input[@id='application-warehousemovements-display-component---warehouseMovements--smartFilterBar-filterItemControl_BASIC-YARD-inner']"}
RESULT: {"using":"xpath","value":"//input[@id='application-warehousemovements-display-component---warehouseMovements--smartFilterBar-filterItemControl_BASIC-YARD-inner']"}
COMMAND: POST /session/6e03489d4a34a8a8f12f495779f86cce/element - {"using":"xpath","value":"//input[@id='application-warehousemovements-display-component---warehouseMovements--smartFilterBar-filterItemControl_BASIC-YARD-inner']"}
RESULT: {"using":"xpath","value":"//input[@id='application-warehousemovements-display-component---warehouseMovements--smartFilterBar-filterItemControl_BASIC-YARD-inner']"}
COMMAND: POST /session/6e03489d4a34a8a8f12f495779f86cce/actions - {"actions":[{"id":"action3","type":"key","parameters":{},"actions":[{"type":"keyDown","value":"î€‡"},{"type":"pause","duration":10},{"type":"keyUp","value":"î€‡"}]}]}
RESULT: {"actions":[{"id":"action3","type":"key","parameters":{},"actions":[{"type":"keyDown","value":"î€‡"},{"type":"pause","duration":10},{"type":"keyUp","value":"î€‡"}]}]}
COMMAND: POST /session/6e03489d4a34a8a8f12f495779f86cce/element - {"using":"xpath","value":"(//*[@title=\"Add New Movement\"])[1]"}
COMMAND: GET /session/6e03489d4a34a8a8f12f495779f86cce/screenshot - {}
RESULT: {"using":"xpath","value":"(//*[@title=\"Add New Movement\"])[1]"}
COMMAND: POST /session/6e03489d4a34a8a8f12f495779f86cce/element - {"using":"xpath","value":"(//*[@title=\"Add New Movement\"])[1]"}
RESULT: {}
RESULT: {"using":"xpath","value":"(//*[@title=\"Add New Movement\"])[1]"}
COMMAND: POST /session/6e03489d4a34a8a8f12f495779f86cce/element - {"using":"xpath","value":"//*[@id=\"application-warehousemovements-display-component---addMovement--sectionsList-arrow\"]"}
RESULT: {"using":"xpath","value":"//*[@id=\"application-warehousemovements-display-component---addMovement--sectionsList-arrow\"]"}
COMMAND: POST /session/6e03489d4a34a8a8f12f495779f86cce/element - {"using":"xpath","value":"//*[@id=\"application-warehousemovements-display-component---addMovement--sectionsList-arrow\"]"}
RESULT: {"using":"xpath","value":"//*[@id=\"application-warehousemovements-display-component---addMovement--sectionsList-arrow\"]"}
COMMAND: POST /session/6e03489d4a34a8a8f12f495779f86cce/element - {"using":"xpath","value":"//*[@id=\"application-warehousemovements-display-component---addMovement--saveMovementBtn-BDI-content\" and text()=\"Save\"]"}
RESULT: {"using":"xpath","value":"//*[@id=\"application-warehousemovements-display-component---addMovement--saveMovementBtn-BDI-content\" and text()=\"Save\"]"}
COMMAND: POST /session/6e03489d4a34a8a8f12f495779f86cce/element - {"using":"xpath","value":"//*[@id=\"application-warehousemovements-display-component---addMovement--saveMovementBtn-BDI-content\" and text()=\"Save\"]"}
RESULT: {"using":"xpath","value":"//*[@id=\"application-warehousemovements-display-component---addMovement--saveMovementBtn-BDI-content\" and text()=\"Save\"]"}
COMMAND: POST /session/6e03489d4a34a8a8f12f495779f86cce/execute/sync - {"script":"<script> [8489 bytes]","args":[{"element-6066-11e4-a52e-4f735466cecf":"f.CA981CCC1B751CF1DDFBCEDF28AC53D4.d.3E55A4CD43325CAB9ADE9B0A1D4DD431.e.619","ELEMENT":"f.CA981CCC1B751CF1DDFBCEDF28AC53D4.d.3E55A4CD43325CAB9ADE9B0A1D4DD431.e.619"}]}
COMMAND: POST /session/6e03489d4a34a8a8f12f495779f86cce/element - {"using":"css selector","value":"#shell-header-icon"}
RESULT: {"using":"css selector","value":"#shell-header-icon"}
COMMAND: POST /session/6e03489d4a34a8a8f12f495779f86cce/execute/sync - {"script":"<script> [8489 bytes]","args":[{"element-6066-11e4-a52e-4f735466cecf":"f.CA981CCC1B751CF1DDFBCEDF28AC53D4.d.3E55A4CD43325CAB9ADE9B0A1D4DD431.e.1103","ELEMENT":"f.CA981CCC1B751CF1DDFBCEDF28AC53D4.d.3E55A4CD43325CAB9ADE9B0A1D4DD431.e.1103"}]}
RESULT: {"script":"<script> [8489 bytes]","args":[{"element-6066-11e4-a52e-4f735466cecf":"f.CA981CCC1B751CF1DDFBCEDF28AC53D4.d.3E55A4CD43325CAB9ADE9B0A1D4DD431.e.1103","ELEMENT":"f.CA981CCC1B751CF1DDFBCEDF28AC53D4.d.3E55A4CD43325CAB9ADE9B0A1D4DD431.e.1103"}]}
COMMAND: GET /session/6e03489d4a34a8a8f12f495779f86cce/element/f.CA981CCC1B751CF1DDFBCEDF28AC53D4.d.3E55A4CD43325CAB9ADE9B0A1D4DD431.e.1103/enabled - {}
COMMAND: GET /session/6e03489d4a34a8a8f12f495779f86cce/screenshot - {}
RESULT: {}
COMMAND: POST /session/6e03489d4a34a8a8f12f495779f86cce/element/f.CA981CCC1B751CF1DDFBCEDF28AC53D4.d.3E55A4CD43325CAB9ADE9B0A1D4DD431.e.1103/click - {}
COMMAND: GET /session/6e03489d4a34a8a8f12f495779f86cce/screenshot - {}
RESULT: {}
RESULT: {}
COMMAND: GET /session/6e03489d4a34a8a8f12f495779f86cce/screenshot - {}
RESULT: {}
RESULT: {}
]]></system-out>
    </testcase>
    <testcase classname="chrome.135_0_7049_96.windows.Create_masterdata_for_Yard_Overview_-_trigger_provide_US130988" name="Set status to defect" time="26.808">
      <system-out><![CDATA[
COMMAND: POST /session/6e03489d4a34a8a8f12f495779f86cce/execute/async - {"script":"<script> [1562 bytes]","args":[{"selector":{"controlType":"sap.ushell.ui.launchpad.AnchorItem","bindingPath":{"path":"/groups/3","propertyPath":"index"},"interaction":{"idSuffix":"inner"}},"wdio_ui5_key":"sapushell.ui.launchpad.AnchorItem{\"path\":\"/groups/3\",\"propertyPath\":\"index\"}"}]}
COMMAND: GET /session/6e03489d4a34a8a8f12f495779f86cce/screenshot - {}
RESULT: {"script":"<script> [1562 bytes]","args":[{"selector":{"controlType":"sap.ushell.ui.launchpad.AnchorItem","bindingPath":{"path":"/groups/3","propertyPath":"index"},"interaction":{"idSuffix":"inner"}},"wdio_ui5_key":"sapushell.ui.launchpad.AnchorItem{\"path\":\"/groups/3\",\"propertyPath\":\"index\"}"}]}
RESULT: undefined
RESULT: {}
COMMAND: POST /session/6e03489d4a34a8a8f12f495779f86cce/execute/async - {"script":"<script> [1562 bytes]","args":[{"selector":{"controlType":"sap.m.GenericTile","properties":{"header":"Manage States & Performance"}},"wdio_ui5_key":"sapm.GenericTile{\"header\":\"Manage States & Performance\"}"}]}
RESULT: {"script":"<script> [1562 bytes]","args":[{"selector":{"controlType":"sap.m.GenericTile","properties":{"header":"Manage States & Performance"}},"wdio_ui5_key":"sapm.GenericTile{\"header\":\"Manage States & Performance\"}"}]}
RESULT: undefined
COMMAND: POST /session/6e03489d4a34a8a8f12f495779f86cce/execute/async - {"script":"<script> [1562 bytes]","args":[{"selector":{"controlType":"sap.ui.core.Icon","viewName":"etm.portal.ui.managestatesandperformance.view.Master","viewId":"application-managestatesandperformance-display-component---stateAndPerform","properties":{"src":{"regex":{"source":"inventory"}}}},"wdio_ui5_key":"etmportal.ui.managestatesandperformance.view.Mastersap.ui.core.Icon{\"src\":{\"regex\":{\"source\":\"inventory\"}}}"}]}
RESULT: {"script":"<script> [1562 bytes]","args":[{"selector":{"controlType":"sap.ui.core.Icon","viewName":"etm.portal.ui.managestatesandperformance.view.Master","viewId":"application-managestatesandperformance-display-component---stateAndPerform","properties":{"src":{"regex":{"source":"inventory"}}}},"wdio_ui5_key":"etmportal.ui.managestatesandperformance.view.Mastersap.ui.core.Icon{\"src\":{\"regex\":{\"source\":\"inventory\"}}}"}]}
RESULT: undefined
COMMAND: POST /session/6e03489d4a34a8a8f12f495779f86cce/execute/async - {"script":"<script> [1562 bytes]","args":[{"selector":{"id":"application-managestatesandperformance-display-component---stateAndPerform--smartFilterBarYard-btnBasicSearch","interaction":{"idSuffix":"I"}},"wdio_ui5_key":"applicationmanagestatesandperformance-display-component---stateAndPerform--smartFilterBarYard-btnBasicSearch"}]}
RESULT: {"script":"<script> [1562 bytes]","args":[{"selector":{"id":"application-managestatesandperformance-display-component---stateAndPerform--smartFilterBarYard-btnBasicSearch","interaction":{"idSuffix":"I"}},"wdio_ui5_key":"applicationmanagestatesandperformance-display-component---stateAndPerform--smartFilterBarYard-btnBasicSearch"}]}
RESULT: undefined
COMMAND: POST /session/6e03489d4a34a8a8f12f495779f86cce/execute/async - {"script":"<script> [1562 bytes]","args":[{"selector":{"controlType":"sap.m.ColumnListItem","viewName":"etm.portal.ui.managestatesandperformance.view.Master","viewId":"application-managestatesandperformance-display-component---stateAndPerform","properties":{"type":"Navigation"},"interaction":{"idSuffix":"cell0"}},"wdio_ui5_key":"etmportal.ui.managestatesandperformance.view.Mastersap.m.ColumnListItem{\"type\":\"Navigation\"}"}]}
RESULT: {"script":"<script> [1562 bytes]","args":[{"selector":{"controlType":"sap.m.ColumnListItem","viewName":"etm.portal.ui.managestatesandperformance.view.Master","viewId":"application-managestatesandperformance-display-component---stateAndPerform","properties":{"type":"Navigation"},"interaction":{"idSuffix":"cell0"}},"wdio_ui5_key":"etmportal.ui.managestatesandperformance.view.Mastersap.m.ColumnListItem{\"type\":\"Navigation\"}"}]}
RESULT: undefined
COMMAND: POST /session/6e03489d4a34a8a8f12f495779f86cce/execute/async - {"script":"<script> [1562 bytes]","args":[{"selector":{"controlType":"sap.m.Button","viewName":"etm.portal.ui.managestatesandperformance.view.Detail","viewId":"application-managestatesandperformance-display-component---detailStateAndPerform","i18NText":{"propertyName":"text","key":"createStateChange"},"interaction":{"idSuffix":"content"}},"wdio_ui5_key":"etmportal.ui.managestatesandperformance.view.Detailsap.m.Button{\"propertyName\":\"text\",\"key\":\"createStateChange\"}"}]}
RESULT: {"script":"<script> [1562 bytes]","args":[{"selector":{"controlType":"sap.m.Button","viewName":"etm.portal.ui.managestatesandperformance.view.Detail","viewId":"application-managestatesandperformance-display-component---detailStateAndPerform","i18NText":{"propertyName":"text","key":"createStateChange"},"interaction":{"idSuffix":"content"}},"wdio_ui5_key":"etmportal.ui.managestatesandperformance.view.Detailsap.m.Button{\"propertyName\":\"text\",\"key\":\"createStateChange\"}"}]}
RESULT: undefined
COMMAND: POST /session/6e03489d4a34a8a8f12f495779f86cce/execute/async - {"script":"<script> [1562 bytes]","args":[{"selector":{"id":"addStateDialog--stateSelect","searchOpenDialogs":true,"interaction":{"idSuffix":"arrow"}},"wdio_ui5_key":"addStateDialogstateSelect"}]}
RESULT: {"script":"<script> [1562 bytes]","args":[{"selector":{"id":"addStateDialog--stateSelect","searchOpenDialogs":true,"interaction":{"idSuffix":"arrow"}},"wdio_ui5_key":"addStateDialogstateSelect"}]}
RESULT: undefined
COMMAND: POST /session/6e03489d4a34a8a8f12f495779f86cce/execute/async - {"script":"<script> [1562 bytes]","args":[{"selector":{"controlType":"sap.ui.core.Item","viewName":"etm.portal.ui.managestatesandperformance.view.Detail","viewId":"application-managestatesandperformance-display-component---detailStateAndPerform","bindingPath":{"path":"/StateTypes(70)","propertyPath":"STATE","modelName":"catalogModel"},"searchOpenDialogs":true},"wdio_ui5_key":"etmportal.ui.managestatesandperformance.view.Detailsap.ui.core.Item{\"path\":\"/StateTypes(70)\",\"propertyPath\":\"STATE\",\"modelName\":\"catalogModel\"}"}]}
RESULT: {"script":"<script> [1562 bytes]","args":[{"selector":{"controlType":"sap.ui.core.Item","viewName":"etm.portal.ui.managestatesandperformance.view.Detail","viewId":"application-managestatesandperformance-display-component---detailStateAndPerform","bindingPath":{"path":"/StateTypes(70)","propertyPath":"STATE","modelName":"catalogModel"},"searchOpenDialogs":true},"wdio_ui5_key":"etmportal.ui.managestatesandperformance.view.Detailsap.ui.core.Item{\"path\":\"/StateTypes(70)\",\"propertyPath\":\"STATE\",\"modelName\":\"catalogModel\"}"}]}
RESULT: undefined
COMMAND: POST /session/6e03489d4a34a8a8f12f495779f86cce/execute/async - {"script":"<script> [1562 bytes]","args":[{"selector":{"controlType":"sap.m.NumericInput","viewName":"etm.portal.ui.managestatesandperformance.view.Detail","viewId":"application-managestatesandperformance-display-component---detailStateAndPerform","properties":{"value":"0"},"searchOpenDialogs":true,"interaction":{"idSuffix":"inner"}},"wdio_ui5_key":"etmportal.ui.managestatesandperformance.view.Detailsap.m.NumericInput{\"value\":\"0\"}"}]}
RESULT: {"script":"<script> [1562 bytes]","args":[{"selector":{"controlType":"sap.m.NumericInput","viewName":"etm.portal.ui.managestatesandperformance.view.Detail","viewId":"application-managestatesandperformance-display-component---detailStateAndPerform","properties":{"value":"0"},"searchOpenDialogs":true,"interaction":{"idSuffix":"inner"}},"wdio_ui5_key":"etmportal.ui.managestatesandperformance.view.Detailsap.m.NumericInput{\"value\":\"0\"}"}]}
RESULT: undefined
COMMAND: POST /session/6e03489d4a34a8a8f12f495779f86cce/execute/async - {"script":"<script> [1562 bytes]","args":[{"selector":{"controlType":"sap.m.Button","viewName":"etm.portal.ui.managestatesandperformance.view.Detail","viewId":"application-managestatesandperformance-display-component---detailStateAndPerform","i18NText":{"propertyName":"text","key":"save"},"searchOpenDialogs":true,"interaction":{"idSuffix":"BDI-content"}},"wdio_ui5_key":"etmportal.ui.managestatesandperformance.view.Detailsap.m.Button{\"propertyName\":\"text\",\"key\":\"save\"}"}]}
RESULT: {"script":"<script> [1562 bytes]","args":[{"selector":{"controlType":"sap.m.Button","viewName":"etm.portal.ui.managestatesandperformance.view.Detail","viewId":"application-managestatesandperformance-display-component---detailStateAndPerform","i18NText":{"propertyName":"text","key":"save"},"searchOpenDialogs":true,"interaction":{"idSuffix":"BDI-content"}},"wdio_ui5_key":"etmportal.ui.managestatesandperformance.view.Detailsap.m.Button{\"propertyName\":\"text\",\"key\":\"save\"}"}]}
RESULT: undefined
COMMAND: POST /session/6e03489d4a34a8a8f12f495779f86cce/element - {"using":"css selector","value":"#shell-header-logo"}
RESULT: {"using":"css selector","value":"#shell-header-logo"}
COMMAND: POST /session/6e03489d4a34a8a8f12f495779f86cce/element/f.CA981CCC1B751CF1DDFBCEDF28AC53D4.d.3E55A4CD43325CAB9ADE9B0A1D4DD431.e.1110/click - {}
RESULT: {}
COMMAND: GET /session/6e03489d4a34a8a8f12f495779f86cce/screenshot - {}
RESULT: {}
]]></system-out>
    </testcase>
  </testsuite>
  <testsuite timestamp="2025-04-26T16:46:20" time="612.042" tests="9" failures="5" errors="5" skipped="0">
    <properties>
      <property name="specId" value="0" />
      <property name="suiteName" value="Create masterdata for Mass Change State US104416" />
      <property name="capabilities" value="chrome.135_0_7049_96.windows" />
      <property name="file" value="file:///D:/a/1/s/test/specs/HTR/create-mass-state-change.spec.js" />
    </properties>
    <testcase classname="chrome.135_0_7049_96.windows.Create_masterdata_for_Mass_Change_State_US104416" name="Should create a yard" time="93.319">
      <system-out><![CDATA[
COMMAND: POST /session/6e03489d4a34a8a8f12f495779f86cce/execute/async - {"script":"<script> [1562 bytes]","args":[{"selector":{"controlType":"sap.ui.core.Icon","viewName":"etm.portal.ui.manageyards.view.Master","viewId":"application-manageyards-display-component---masterYard","properties":{"src":{"regex":{"source":"add"}}}},"wdio_ui5_key":"etmportal.ui.manageyards.view.Mastersap.ui.core.Icon{\"src\":{\"regex\":{\"source\":\"add\"}}}"}]}
RESULT: {"script":"<script> [1562 bytes]","args":[{"selector":{"controlType":"sap.ui.core.Icon","viewName":"etm.portal.ui.manageyards.view.Master","viewId":"application-manageyards-display-component---masterYard","properties":{"src":{"regex":{"source":"add"}}}},"wdio_ui5_key":"etmportal.ui.manageyards.view.Mastersap.ui.core.Icon{\"src\":{\"regex\":{\"source\":\"add\"}}}"}]}
RESULT: undefined
COMMAND: POST /session/6e03489d4a34a8a8f12f495779f86cce/element - {"using":"xpath","value":"//*[@id=\"__button4-img\"]"}
RESULT: {"using":"xpath","value":"//*[@id=\"__button4-img\"]"}
COMMAND: POST /session/6e03489d4a34a8a8f12f495779f86cce/element/f.CA981CCC1B751CF1DDFBCEDF28AC53D4.d.B87F229117CEC9363CC34CB9EBF6613C.e.1979/click - {}
RESULT: {}
COMMAND: POST /session/6e03489d4a34a8a8f12f495779f86cce/execute/async - {"script":"<script> [1562 bytes]","args":[{"selector":{"id":"application-manageyards-display-component---NewYard--addressDetailDetailsName1","interaction":{"idSuffix":"inner"}},"wdio_ui5_key":"applicationmanageyards-display-component---NewYard--addressDetailDetailsName1"}]}
COMMAND: GET /session/6e03489d4a34a8a8f12f495779f86cce/screenshot - {}
RESULT: {"script":"<script> [1562 bytes]","args":[{"selector":{"id":"application-manageyards-display-component---NewYard--addressDetailDetailsName1","interaction":{"idSuffix":"inner"}},"wdio_ui5_key":"applicationmanageyards-display-component---NewYard--addressDetailDetailsName1"}]}
RESULT: undefined
COMMAND: POST /session/6e03489d4a34a8a8f12f495779f86cce/execute/async - {"script":"<script> [776 bytes]","args":[{"enterText":"WebDriver-MassState","selector":{"id":"application-manageyards-display-component---NewYard--addressDetailDetailsName1","interaction":{"idSuffix":"inner"}},"clearTextFirst":true,"interactionType":"ENTER_TEXT"}]}
RESULT: {}
RESULT: {"script":"<script> [776 bytes]","args":[{"enterText":"WebDriver-MassState","selector":{"id":"application-manageyards-display-component---NewYard--addressDetailDetailsName1","interaction":{"idSuffix":"inner"}},"clearTextFirst":true,"interactionType":"ENTER_TEXT"}]}
COMMAND: POST /session/6e03489d4a34a8a8f12f495779f86cce/execute/async - {"script":"<script> [1562 bytes]","args":[{"selector":{"id":"application-manageyards-display-component---NewYard--addressDetailDetailsLanguage-arrow"},"wdio_ui5_key":"applicationmanageyards-display-component---NewYard--addressDetailDetailsLanguage-arrow"}]}
RESULT: {"script":"<script> [1562 bytes]","args":[{"selector":{"id":"application-manageyards-display-component---NewYard--addressDetailDetailsLanguage-arrow"},"wdio_ui5_key":"applicationmanageyards-display-component---NewYard--addressDetailDetailsLanguage-arrow"}]}
RESULT: undefined
COMMAND: POST /session/6e03489d4a34a8a8f12f495779f86cce/element - {"using":"xpath","value":"//*[@id=\"application-manageyards-display-component---NewYard--addressDetailDetailsLanguage-arrow\"]"}
RESULT: {"using":"xpath","value":"//*[@id=\"application-manageyards-display-component---NewYard--addressDetailDetailsLanguage-arrow\"]"}
COMMAND: POST /session/6e03489d4a34a8a8f12f495779f86cce/element/f.CA981CCC1B751CF1DDFBCEDF28AC53D4.d.B87F229117CEC9363CC34CB9EBF6613C.e.2374/click - {}
RESULT: {}
COMMAND: POST /session/6e03489d4a34a8a8f12f495779f86cce/execute/async - {"script":"<script> [1562 bytes]","args":[{"selector":{"controlType":"sap.m.StandardListItem","viewName":"etm.portal.ui.manageyards.view.New","viewId":"application-manageyards-display-component---NewYard","properties":{"title":"English"},"searchOpenDialogs":true,"interaction":{"idSuffix":"content"}},"wdio_ui5_key":"etmportal.ui.manageyards.view.Newsap.m.StandardListItem{\"title\":\"English\"}"}]}
COMMAND: GET /session/6e03489d4a34a8a8f12f495779f86cce/screenshot - {}
RESULT: {"script":"<script> [1562 bytes]","args":[{"selector":{"controlType":"sap.m.StandardListItem","viewName":"etm.portal.ui.manageyards.view.New","viewId":"application-manageyards-display-component---NewYard","properties":{"title":"English"},"searchOpenDialogs":true,"interaction":{"idSuffix":"content"}},"wdio_ui5_key":"etmportal.ui.manageyards.view.Newsap.m.StandardListItem{\"title\":\"English\"}"}]}
RESULT: undefined
COMMAND: POST /session/6e03489d4a34a8a8f12f495779f86cce/element - {"using":"xpath","value":"//*[@id=\"__item101\"]"}
RESULT: {}
RESULT: {"using":"xpath","value":"//*[@id=\"__item101\"]"}
COMMAND: POST /session/6e03489d4a34a8a8f12f495779f86cce/element/f.CA981CCC1B751CF1DDFBCEDF28AC53D4.d.B87F229117CEC9363CC34CB9EBF6613C.e.2376/click - {}
RESULT: {}
COMMAND: POST /session/6e03489d4a34a8a8f12f495779f86cce/execute/async - {"script":"<script> [1562 bytes]","args":[{"selector":{"id":"application-manageyards-display-component---NewYard--addressDetailDetailsCity1","interaction":{"idSuffix":"inner"}},"wdio_ui5_key":"applicationmanageyards-display-component---NewYard--addressDetailDetailsCity1"}]}
COMMAND: GET /session/6e03489d4a34a8a8f12f495779f86cce/screenshot - {}
RESULT: {"script":"<script> [1562 bytes]","args":[{"selector":{"id":"application-manageyards-display-component---NewYard--addressDetailDetailsCity1","interaction":{"idSuffix":"inner"}},"wdio_ui5_key":"applicationmanageyards-display-component---NewYard--addressDetailDetailsCity1"}]}
RESULT: undefined
COMMAND: POST /session/6e03489d4a34a8a8f12f495779f86cce/execute/async - {"script":"<script> [776 bytes]","args":[{"enterText":"Rosario","selector":{"id":"application-manageyards-display-component---NewYard--addressDetailDetailsCity1","interaction":{"idSuffix":"inner"}},"clearTextFirst":true,"interactionType":"ENTER_TEXT"}]}
RESULT: {}
RESULT: {"script":"<script> [776 bytes]","args":[{"enterText":"Rosario","selector":{"id":"application-manageyards-display-component---NewYard--addressDetailDetailsCity1","interaction":{"idSuffix":"inner"}},"clearTextFirst":true,"interactionType":"ENTER_TEXT"}]}
COMMAND: POST /session/6e03489d4a34a8a8f12f495779f86cce/execute/async - {"script":"<script> [1562 bytes]","args":[{"selector":{"id":"application-manageyards-display-component---NewYard--addressDetailDetailsCountry-arrow"},"wdio_ui5_key":"applicationmanageyards-display-component---NewYard--addressDetailDetailsCountry-arrow"}]}
RESULT: {"script":"<script> [1562 bytes]","args":[{"selector":{"id":"application-manageyards-display-component---NewYard--addressDetailDetailsCountry-arrow"},"wdio_ui5_key":"applicationmanageyards-display-component---NewYard--addressDetailDetailsCountry-arrow"}]}
RESULT: undefined
COMMAND: POST /session/6e03489d4a34a8a8f12f495779f86cce/element - {"using":"xpath","value":"//*[@id=\"application-manageyards-display-component---NewYard--addressDetailDetailsCountry-arrow\"]"}
RESULT: {"using":"xpath","value":"//*[@id=\"application-manageyards-display-component---NewYard--addressDetailDetailsCountry-arrow\"]"}
COMMAND: POST /session/6e03489d4a34a8a8f12f495779f86cce/element/f.CA981CCC1B751CF1DDFBCEDF28AC53D4.d.B87F229117CEC9363CC34CB9EBF6613C.e.2333/click - {}
RESULT: {}
COMMAND: POST /session/6e03489d4a34a8a8f12f495779f86cce/execute/async - {"script":"<script> [1562 bytes]","args":[{"selector":{"controlType":"sap.m.StandardListItem","viewName":"etm.portal.ui.manageyards.view.New","viewId":"application-manageyards-display-component---NewYard","properties":{"title":"Argentina"},"searchOpenDialogs":true,"interaction":{"idSuffix":"content"}},"wdio_ui5_key":"etmportal.ui.manageyards.view.Newsap.m.StandardListItem{\"title\":\"Argentina\"}"}]}
COMMAND: GET /session/6e03489d4a34a8a8f12f495779f86cce/screenshot - {}
RESULT: {"script":"<script> [1562 bytes]","args":[{"selector":{"controlType":"sap.m.StandardListItem","viewName":"etm.portal.ui.manageyards.view.New","viewId":"application-manageyards-display-component---NewYard","properties":{"title":"Argentina"},"searchOpenDialogs":true,"interaction":{"idSuffix":"content"}},"wdio_ui5_key":"etmportal.ui.manageyards.view.Newsap.m.StandardListItem{\"title\":\"Argentina\"}"}]}
RESULT: undefined
COMMAND: POST /session/6e03489d4a34a8a8f12f495779f86cce/element - {"using":"xpath","value":"//*[@id=\"__item144\"]"}
RESULT: {}
RESULT: {"using":"xpath","value":"//*[@id=\"__item144\"]"}
COMMAND: POST /session/6e03489d4a34a8a8f12f495779f86cce/element/f.CA981CCC1B751CF1DDFBCEDF28AC53D4.d.B87F229117CEC9363CC34CB9EBF6613C.e.2380/click - {}
RESULT: {}
COMMAND: POST /session/6e03489d4a34a8a8f12f495779f86cce/execute/async - {"script":"<script> [1562 bytes]","args":[{"selector":{"controlType":"sap.m.Button","viewName":"etm.portal.ui.manageyards.view.New","viewId":"application-manageyards-display-component---NewYard","properties":{"text":"Commercial"},"interaction":{"idSuffix":"BDI-content"}},"wdio_ui5_key":"etmportal.ui.manageyards.view.Newsap.m.Button{\"text\":\"Commercial\"}"}]}
COMMAND: GET /session/6e03489d4a34a8a8f12f495779f86cce/screenshot - {}
RESULT: {"script":"<script> [1562 bytes]","args":[{"selector":{"controlType":"sap.m.Button","viewName":"etm.portal.ui.manageyards.view.New","viewId":"application-manageyards-display-component---NewYard","properties":{"text":"Commercial"},"interaction":{"idSuffix":"BDI-content"}},"wdio_ui5_key":"etmportal.ui.manageyards.view.Newsap.m.Button{\"text\":\"Commercial\"}"}]}
RESULT: undefined
COMMAND: POST /session/6e03489d4a34a8a8f12f495779f86cce/element - {"using":"xpath","value":"//*[@id=\"application-manageyards-display-component---NewYard--ObjectPageLayout-anchBar-__section5-anchor\"]"}
RESULT: {}
RESULT: {"using":"xpath","value":"//*[@id=\"application-manageyards-display-component---NewYard--ObjectPageLayout-anchBar-__section5-anchor\"]"}
COMMAND: POST /session/6e03489d4a34a8a8f12f495779f86cce/element/f.CA981CCC1B751CF1DDFBCEDF28AC53D4.d.B87F229117CEC9363CC34CB9EBF6613C.e.2382/click - {}
RESULT: {}
COMMAND: GET /session/6e03489d4a34a8a8f12f495779f86cce/screenshot - {}
RESULT: {}
COMMAND: POST /session/6e03489d4a34a8a8f12f495779f86cce/execute/async - {"script":"<script> [1562 bytes]","args":[{"selector":{"id":"application-manageyards-display-component---NewYard--addressEditDetailsCostObjectCstType-arrow"},"wdio_ui5_key":"applicationmanageyards-display-component---NewYard--addressEditDetailsCostObjectCstType-arrow"}]}
RESULT: {"script":"<script> [1562 bytes]","args":[{"selector":{"id":"application-manageyards-display-component---NewYard--addressEditDetailsCostObjectCstType-arrow"},"wdio_ui5_key":"applicationmanageyards-display-component---NewYard--addressEditDetailsCostObjectCstType-arrow"}]}
RESULT: undefined
COMMAND: POST /session/6e03489d4a34a8a8f12f495779f86cce/element - {"using":"xpath","value":"//*[@id=\"application-manageyards-display-component---NewYard--addressEditDetailsCostObjectCstType-arrow\"]"}
RESULT: {"using":"xpath","value":"//*[@id=\"application-manageyards-display-component---NewYard--addressEditDetailsCostObjectCstType-arrow\"]"}
COMMAND: POST /session/6e03489d4a34a8a8f12f495779f86cce/element/f.CA981CCC1B751CF1DDFBCEDF28AC53D4.d.B87F229117CEC9363CC34CB9EBF6613C.e.2391/click - {}
RESULT: {}
COMMAND: GET /session/6e03489d4a34a8a8f12f495779f86cce/screenshot - {}
RESULT: {}
COMMAND: POST /session/6e03489d4a34a8a8f12f495779f86cce/execute/async - {"script":"<script> [1562 bytes]","args":[{"selector":{"controlType":"sap.m.StandardListItem","viewName":"etm.portal.ui.manageyards.view.New","viewId":"application-manageyards-display-component---NewYard","properties":{"title":"Cost Center"},"searchOpenDialogs":true,"interaction":{"idSuffix":"titleText"}},"wdio_ui5_key":"etmportal.ui.manageyards.view.Newsap.m.StandardListItem{\"title\":\"Cost Center\"}"}]}
RESULT: {"script":"<script> [1562 bytes]","args":[{"selector":{"controlType":"sap.m.StandardListItem","viewName":"etm.portal.ui.manageyards.view.New","viewId":"application-manageyards-display-component---NewYard","properties":{"title":"Cost Center"},"searchOpenDialogs":true,"interaction":{"idSuffix":"titleText"}},"wdio_ui5_key":"etmportal.ui.manageyards.view.Newsap.m.StandardListItem{\"title\":\"Cost Center\"}"}]}
RESULT: undefined
COMMAND: POST /session/6e03489d4a34a8a8f12f495779f86cce/element - {"using":"xpath","value":"//*[@id=\"__item234\"]"}
RESULT: {"using":"xpath","value":"//*[@id=\"__item234\"]"}
COMMAND: POST /session/6e03489d4a34a8a8f12f495779f86cce/element/f.CA981CCC1B751CF1DDFBCEDF28AC53D4.d.B87F229117CEC9363CC34CB9EBF6613C.e.2393/click - {}
RESULT: {}
COMMAND: POST /session/6e03489d4a34a8a8f12f495779f86cce/element - {"using":"xpath","value":"//input[@id=\"application-manageyards-display-component---NewYard--addressNewCostObjectCstID-inner\"]"}
COMMAND: GET /session/6e03489d4a34a8a8f12f495779f86cce/screenshot - {}
RESULT: {"using":"xpath","value":"//input[@id=\"application-manageyards-display-component---NewYard--addressNewCostObjectCstID-inner\"]"}
COMMAND: POST /session/6e03489d4a34a8a8f12f495779f86cce/element/f.CA981CCC1B751CF1DDFBCEDF28AC53D4.d.B87F229117CEC9363CC34CB9EBF6613C.e.2206/value - {"text":"10001013"}
RESULT: {}
COMMAND: POST /session/6e03489d4a34a8a8f12f495779f86cce/element - {"using":"xpath","value":"//input[@id=\"application-manageyards-display-component---NewYard--addressNewCostObjectCstID-inner\"]"}
RESULT: {"using":"xpath","value":"//input[@id=\"application-manageyards-display-component---NewYard--addressNewCostObjectCstID-inner\"]"}
COMMAND: POST /session/6e03489d4a34a8a8f12f495779f86cce/element/f.CA981CCC1B751CF1DDFBCEDF28AC53D4.d.B87F229117CEC9363CC34CB9EBF6613C.e.2206/value - {"text":"10001013"}
COMMAND: POST /session/6e03489d4a34a8a8f12f495779f86cce/element - {"using":"xpath","value":"//input[@id=\"application-manageyards-display-component---NewYard--addressNewCostObjectCstID-inner\"]"}
RESULT: {"using":"xpath","value":"//input[@id=\"application-manageyards-display-component---NewYard--addressNewCostObjectCstID-inner\"]"}
COMMAND: POST /session/6e03489d4a34a8a8f12f495779f86cce/element/f.CA981CCC1B751CF1DDFBCEDF28AC53D4.d.B87F229117CEC9363CC34CB9EBF6613C.e.2398/value - {"text":"10001013"}
RESULT: {"text":"10001013"}
COMMAND: GET /session/6e03489d4a34a8a8f12f495779f86cce/screenshot - {}
RESULT: {}
COMMAND: POST /session/6e03489d4a34a8a8f12f495779f86cce/actions - {"actions":[{"id":"action4","type":"key","parameters":{},"actions":[{"type":"keyDown","value":"î€‡"},{"type":"pause","duration":10},{"type":"keyUp","value":"î€‡"}]}]}
RESULT: {"actions":[{"id":"action4","type":"key","parameters":{},"actions":[{"type":"keyDown","value":"î€‡"},{"type":"pause","duration":10},{"type":"keyUp","value":"î€‡"}]}]}
COMMAND: POST /session/6e03489d4a34a8a8f12f495779f86cce/execute/async - {"script":"<script> [1562 bytes]","args":[{"selector":{"controlType":"sap.m.StandardListItem","viewName":"etm.portal.ui.manageyards.view.New","viewId":"application-manageyards-display-component---NewYard","properties":{"type":"Active"},"searchOpenDialogs":true,"interaction":{"idSuffix":"titleText"}},"wdio_ui5_key":"etmportal.ui.manageyards.view.Newsap.m.StandardListItem{\"type\":\"Active\"}"}]}
COMMAND: GET /session/6e03489d4a34a8a8f12f495779f86cce/screenshot - {}
RESULT: {"script":"<script> [1562 bytes]","args":[{"selector":{"controlType":"sap.m.StandardListItem","viewName":"etm.portal.ui.manageyards.view.New","viewId":"application-manageyards-display-component---NewYard","properties":{"type":"Active"},"searchOpenDialogs":true,"interaction":{"idSuffix":"titleText"}},"wdio_ui5_key":"etmportal.ui.manageyards.view.Newsap.m.StandardListItem{\"type\":\"Active\"}"}]}
RESULT: undefined
COMMAND: POST /session/6e03489d4a34a8a8f12f495779f86cce/execute/async - {"script":"<script> [1562 bytes]","args":[{"selector":{"id":"application-manageyards-display-component---NewYard--addressEditDetailsCurrency-arrow"},"wdio_ui5_key":"applicationmanageyards-display-component---NewYard--addressEditDetailsCurrency-arrow"}]}
RESULT: {}
RESULT: {"script":"<script> [1562 bytes]","args":[{"selector":{"id":"application-manageyards-display-component---NewYard--addressEditDetailsCurrency-arrow"},"wdio_ui5_key":"applicationmanageyards-display-component---NewYard--addressEditDetailsCurrency-arrow"}]}
RESULT: undefined
COMMAND: POST /session/6e03489d4a34a8a8f12f495779f86cce/element - {"using":"xpath","value":"//*[@id=\"application-manageyards-display-component---NewYard--addressEditDetailsCurrency-arrow\"]"}
RESULT: {"using":"xpath","value":"//*[@id=\"application-manageyards-display-component---NewYard--addressEditDetailsCurrency-arrow\"]"}
COMMAND: POST /session/6e03489d4a34a8a8f12f495779f86cce/element/f.CA981CCC1B751CF1DDFBCEDF28AC53D4.d.B87F229117CEC9363CC34CB9EBF6613C.e.2402/click - {}
RESULT: {}
COMMAND: POST /session/6e03489d4a34a8a8f12f495779f86cce/execute/async - {"script":"<script> [1562 bytes]","args":[{"selector":{"controlType":"sap.m.StandardListItem","viewName":"etm.portal.ui.manageyards.view.New","viewId":"application-manageyards-display-component---NewYard","properties":{"title":"Euro"},"searchOpenDialogs":true,"interaction":{"idSuffix":"content"}},"wdio_ui5_key":"etmportal.ui.manageyards.view.Newsap.m.StandardListItem{\"title\":\"Euro\"}"}]}
COMMAND: GET /session/6e03489d4a34a8a8f12f495779f86cce/screenshot - {}
RESULT: {"script":"<script> [1562 bytes]","args":[{"selector":{"controlType":"sap.m.StandardListItem","viewName":"etm.portal.ui.manageyards.view.New","viewId":"application-manageyards-display-component---NewYard","properties":{"title":"Euro"},"searchOpenDialogs":true,"interaction":{"idSuffix":"content"}},"wdio_ui5_key":"etmportal.ui.manageyards.view.Newsap.m.StandardListItem{\"title\":\"Euro\"}"}]}
RESULT: undefined
COMMAND: POST /session/6e03489d4a34a8a8f12f495779f86cce/element - {"using":"xpath","value":"//*[@id=\"__item340\"]"}
RESULT: {}
RESULT: {"using":"xpath","value":"//*[@id=\"__item340\"]"}
COMMAND: POST /session/6e03489d4a34a8a8f12f495779f86cce/element/f.CA981CCC1B751CF1DDFBCEDF28AC53D4.d.B87F229117CEC9363CC34CB9EBF6613C.e.2404/click - {}
RESULT: {}
COMMAND: POST /session/6e03489d4a34a8a8f12f495779f86cce/execute/async - {"script":"<script> [1562 bytes]","args":[{"selector":{"controlType":"sap.m.Input","viewName":"etm.portal.ui.manageyards.view.New","viewId":"application-manageyards-display-component---NewYard","bindingPath":{"path":"","propertyPath":"/CONTROLLING_AREA","modelName":"NewYardModel"},"interaction":{"idSuffix":"inner"}},"wdio_ui5_key":"etmportal.ui.manageyards.view.Newsap.m.Input{\"path\":\"\",\"propertyPath\":\"/CONTROLLING_AREA\",\"modelName\":\"NewYardModel\"}"}]}
COMMAND: GET /session/6e03489d4a34a8a8f12f495779f86cce/screenshot - {}
RESULT: {"script":"<script> [1562 bytes]","args":[{"selector":{"controlType":"sap.m.Input","viewName":"etm.portal.ui.manageyards.view.New","viewId":"application-manageyards-display-component---NewYard","bindingPath":{"path":"","propertyPath":"/CONTROLLING_AREA","modelName":"NewYardModel"},"interaction":{"idSuffix":"inner"}},"wdio_ui5_key":"etmportal.ui.manageyards.view.Newsap.m.Input{\"path\":\"\",\"propertyPath\":\"/CONTROLLING_AREA\",\"modelName\":\"NewYardModel\"}"}]}
RESULT: undefined
COMMAND: POST /session/6e03489d4a34a8a8f12f495779f86cce/execute/async - {"script":"<script> [776 bytes]","args":[{"enterText":"Z001","selector":{"controlType":"sap.m.Input","viewName":"etm.portal.ui.manageyards.view.New","viewId":"application-manageyards-display-component---NewYard","bindingPath":{"path":"","propertyPath":"/CONTROLLING_AREA","modelName":"NewYardModel"},"interaction":{"idSuffix":"inner"}},"clearTextFirst":true,"interactionType":"ENTER_TEXT"}]}
RESULT: {}
RESULT: {"script":"<script> [776 bytes]","args":[{"enterText":"Z001","selector":{"controlType":"sap.m.Input","viewName":"etm.portal.ui.manageyards.view.New","viewId":"application-manageyards-display-component---NewYard","bindingPath":{"path":"","propertyPath":"/CONTROLLING_AREA","modelName":"NewYardModel"},"interaction":{"idSuffix":"inner"}},"clearTextFirst":true,"interactionType":"ENTER_TEXT"}]}
COMMAND: POST /session/6e03489d4a34a8a8f12f495779f86cce/execute/async - {"script":"<script> [1562 bytes]","args":[{"selector":{"id":"application-manageyards-display-component---NewYard--companyCodeComboBox","interaction":{"idSuffix":"inner"}},"wdio_ui5_key":"applicationmanageyards-display-component---NewYard--companyCodeComboBox"}]}
RESULT: {"script":"<script> [1562 bytes]","args":[{"selector":{"id":"application-manageyards-display-component---NewYard--companyCodeComboBox","interaction":{"idSuffix":"inner"}},"wdio_ui5_key":"applicationmanageyards-display-component---NewYard--companyCodeComboBox"}]}
RESULT: undefined
COMMAND: POST /session/6e03489d4a34a8a8f12f495779f86cce/execute/async - {"script":"<script> [776 bytes]","args":[{"enterText":"1000","selector":{"id":"application-manageyards-display-component---NewYard--companyCodeComboBox","interaction":{"idSuffix":"inner"}},"clearTextFirst":true,"interactionType":"ENTER_TEXT"}]}
RESULT: {"script":"<script> [776 bytes]","args":[{"enterText":"1000","selector":{"id":"application-manageyards-display-component---NewYard--companyCodeComboBox","interaction":{"idSuffix":"inner"}},"clearTextFirst":true,"interactionType":"ENTER_TEXT"}]}
COMMAND: POST /session/6e03489d4a34a8a8f12f495779f86cce/execute/async - {"script":"<script> [1562 bytes]","args":[{"selector":{"controlType":"sap.m.Input","viewName":"etm.portal.ui.manageyards.view.New","viewId":"application-manageyards-display-component---NewYard","bindingPath":{"path":"","propertyPath":"/PLANT","modelName":"NewYardModel"},"interaction":{"idSuffix":"inner"}},"wdio_ui5_key":"etmportal.ui.manageyards.view.Newsap.m.Input{\"path\":\"\",\"propertyPath\":\"/PLANT\",\"modelName\":\"NewYardModel\"}"}]}
RESULT: {"script":"<script> [1562 bytes]","args":[{"selector":{"controlType":"sap.m.Input","viewName":"etm.portal.ui.manageyards.view.New","viewId":"application-manageyards-display-component---NewYard","bindingPath":{"path":"","propertyPath":"/PLANT","modelName":"NewYardModel"},"interaction":{"idSuffix":"inner"}},"wdio_ui5_key":"etmportal.ui.manageyards.view.Newsap.m.Input{\"path\":\"\",\"propertyPath\":\"/PLANT\",\"modelName\":\"NewYardModel\"}"}]}
RESULT: undefined
COMMAND: POST /session/6e03489d4a34a8a8f12f495779f86cce/execute/async - {"script":"<script> [776 bytes]","args":[{"enterText":"1001","selector":{"controlType":"sap.m.Input","viewName":"etm.portal.ui.manageyards.view.New","viewId":"application-manageyards-display-component---NewYard","bindingPath":{"path":"","propertyPath":"/PLANT","modelName":"NewYardModel"},"interaction":{"idSuffix":"inner"}},"clearTextFirst":true,"interactionType":"ENTER_TEXT"}]}
RESULT: {"script":"<script> [776 bytes]","args":[{"enterText":"1001","selector":{"controlType":"sap.m.Input","viewName":"etm.portal.ui.manageyards.view.New","viewId":"application-manageyards-display-component---NewYard","bindingPath":{"path":"","propertyPath":"/PLANT","modelName":"NewYardModel"},"interaction":{"idSuffix":"inner"}},"clearTextFirst":true,"interactionType":"ENTER_TEXT"}]}
COMMAND: POST /session/6e03489d4a34a8a8f12f495779f86cce/execute/async - {"script":"<script> [1562 bytes]","args":[{"selector":{"controlType":"sap.m.Input","viewName":"etm.portal.ui.manageyards.view.New","viewId":"application-manageyards-display-component---NewYard","bindingPath":{"path":"","propertyPath":"/SALES_AREA_VKORG","modelName":"NewYardModel"},"interaction":{"idSuffix":"inner"}},"wdio_ui5_key":"etmportal.ui.manageyards.view.Newsap.m.Input{\"path\":\"\",\"propertyPath\":\"/SALES_AREA_VKORG\",\"modelName\":\"NewYardModel\"}"}]}
RESULT: {"script":"<script> [1562 bytes]","args":[{"selector":{"controlType":"sap.m.Input","viewName":"etm.portal.ui.manageyards.view.New","viewId":"application-manageyards-display-component---NewYard","bindingPath":{"path":"","propertyPath":"/SALES_AREA_VKORG","modelName":"NewYardModel"},"interaction":{"idSuffix":"inner"}},"wdio_ui5_key":"etmportal.ui.manageyards.view.Newsap.m.Input{\"path\":\"\",\"propertyPath\":\"/SALES_AREA_VKORG\",\"modelName\":\"NewYardModel\"}"}]}
RESULT: undefined
COMMAND: POST /session/6e03489d4a34a8a8f12f495779f86cce/execute/async - {"script":"<script> [776 bytes]","args":[{"enterText":"C002","selector":{"controlType":"sap.m.Input","viewName":"etm.portal.ui.manageyards.view.New","viewId":"application-manageyards-display-component---NewYard","bindingPath":{"path":"","propertyPath":"/SALES_AREA_VKORG","modelName":"NewYardModel"},"interaction":{"idSuffix":"inner"}},"clearTextFirst":true,"interactionType":"ENTER_TEXT"}]}
RESULT: {"script":"<script> [776 bytes]","args":[{"enterText":"C002","selector":{"controlType":"sap.m.Input","viewName":"etm.portal.ui.manageyards.view.New","viewId":"application-manageyards-display-component---NewYard","bindingPath":{"path":"","propertyPath":"/SALES_AREA_VKORG","modelName":"NewYardModel"},"interaction":{"idSuffix":"inner"}},"clearTextFirst":true,"interactionType":"ENTER_TEXT"}]}
COMMAND: POST /session/6e03489d4a34a8a8f12f495779f86cce/execute/async - {"script":"<script> [1562 bytes]","args":[{"selector":{"controlType":"sap.m.Input","viewName":"etm.portal.ui.manageyards.view.New","viewId":"application-manageyards-display-component---NewYard","bindingPath":{"path":"","propertyPath":"/SALES_AREA_VTWEG","modelName":"NewYardModel"},"interaction":{"idSuffix":"inner"}},"wdio_ui5_key":"etmportal.ui.manageyards.view.Newsap.m.Input{\"path\":\"\",\"propertyPath\":\"/SALES_AREA_VTWEG\",\"modelName\":\"NewYardModel\"}"}]}
RESULT: {"script":"<script> [1562 bytes]","args":[{"selector":{"controlType":"sap.m.Input","viewName":"etm.portal.ui.manageyards.view.New","viewId":"application-manageyards-display-component---NewYard","bindingPath":{"path":"","propertyPath":"/SALES_AREA_VTWEG","modelName":"NewYardModel"},"interaction":{"idSuffix":"inner"}},"wdio_ui5_key":"etmportal.ui.manageyards.view.Newsap.m.Input{\"path\":\"\",\"propertyPath\":\"/SALES_AREA_VTWEG\",\"modelName\":\"NewYardModel\"}"}]}
RESULT: undefined
COMMAND: POST /session/6e03489d4a34a8a8f12f495779f86cce/execute/async - {"script":"<script> [776 bytes]","args":[{"enterText":"C2","selector":{"controlType":"sap.m.Input","viewName":"etm.portal.ui.manageyards.view.New","viewId":"application-manageyards-display-component---NewYard","bindingPath":{"path":"","propertyPath":"/SALES_AREA_VTWEG","modelName":"NewYardModel"},"interaction":{"idSuffix":"inner"}},"clearTextFirst":true,"interactionType":"ENTER_TEXT"}]}
RESULT: {"script":"<script> [776 bytes]","args":[{"enterText":"C2","selector":{"controlType":"sap.m.Input","viewName":"etm.portal.ui.manageyards.view.New","viewId":"application-manageyards-display-component---NewYard","bindingPath":{"path":"","propertyPath":"/SALES_AREA_VTWEG","modelName":"NewYardModel"},"interaction":{"idSuffix":"inner"}},"clearTextFirst":true,"interactionType":"ENTER_TEXT"}]}
COMMAND: POST /session/6e03489d4a34a8a8f12f495779f86cce/execute/async - {"script":"<script> [1562 bytes]","args":[{"selector":{"controlType":"sap.m.Input","viewName":"etm.portal.ui.manageyards.view.New","viewId":"application-manageyards-display-component---NewYard","bindingPath":{"path":"","propertyPath":"/SALES_AREA_SPART","modelName":"NewYardModel"},"interaction":{"idSuffix":"inner"}},"wdio_ui5_key":"etmportal.ui.manageyards.view.Newsap.m.Input{\"path\":\"\",\"propertyPath\":\"/SALES_AREA_SPART\",\"modelName\":\"NewYardModel\"}"}]}
RESULT: {"script":"<script> [1562 bytes]","args":[{"selector":{"controlType":"sap.m.Input","viewName":"etm.portal.ui.manageyards.view.New","viewId":"application-manageyards-display-component---NewYard","bindingPath":{"path":"","propertyPath":"/SALES_AREA_SPART","modelName":"NewYardModel"},"interaction":{"idSuffix":"inner"}},"wdio_ui5_key":"etmportal.ui.manageyards.view.Newsap.m.Input{\"path\":\"\",\"propertyPath\":\"/SALES_AREA_SPART\",\"modelName\":\"NewYardModel\"}"}]}
RESULT: undefined
COMMAND: POST /session/6e03489d4a34a8a8f12f495779f86cce/execute/async - {"script":"<script> [776 bytes]","args":[{"enterText":"C2","selector":{"controlType":"sap.m.Input","viewName":"etm.portal.ui.manageyards.view.New","viewId":"application-manageyards-display-component---NewYard","bindingPath":{"path":"","propertyPath":"/SALES_AREA_SPART","modelName":"NewYardModel"},"interaction":{"idSuffix":"inner"}},"clearTextFirst":true,"interactionType":"ENTER_TEXT"}]}
RESULT: {"script":"<script> [776 bytes]","args":[{"enterText":"C2","selector":{"controlType":"sap.m.Input","viewName":"etm.portal.ui.manageyards.view.New","viewId":"application-manageyards-display-component---NewYard","bindingPath":{"path":"","propertyPath":"/SALES_AREA_SPART","modelName":"NewYardModel"},"interaction":{"idSuffix":"inner"}},"clearTextFirst":true,"interactionType":"ENTER_TEXT"}]}
COMMAND: POST /session/6e03489d4a34a8a8f12f495779f86cce/execute/async - {"script":"<script> [1562 bytes]","args":[{"selector":{"controlType":"sap.m.Input","viewName":"etm.portal.ui.manageyards.view.New","viewId":"application-manageyards-display-component---NewYard","bindingPath":{"path":"","propertyPath":"/SHIP_POINT","modelName":"NewYardModel"},"interaction":{"idSuffix":"inner"}},"wdio_ui5_key":"etmportal.ui.manageyards.view.Newsap.m.Input{\"path\":\"\",\"propertyPath\":\"/SHIP_POINT\",\"modelName\":\"NewYardModel\"}"}]}
RESULT: {"script":"<script> [1562 bytes]","args":[{"selector":{"controlType":"sap.m.Input","viewName":"etm.portal.ui.manageyards.view.New","viewId":"application-manageyards-display-component---NewYard","bindingPath":{"path":"","propertyPath":"/SHIP_POINT","modelName":"NewYardModel"},"interaction":{"idSuffix":"inner"}},"wdio_ui5_key":"etmportal.ui.manageyards.view.Newsap.m.Input{\"path\":\"\",\"propertyPath\":\"/SHIP_POINT\",\"modelName\":\"NewYardModel\"}"}]}
RESULT: undefined
COMMAND: POST /session/6e03489d4a34a8a8f12f495779f86cce/execute/async - {"script":"<script> [776 bytes]","args":[{"enterText":"1710","selector":{"controlType":"sap.m.Input","viewName":"etm.portal.ui.manageyards.view.New","viewId":"application-manageyards-display-component---NewYard","bindingPath":{"path":"","propertyPath":"/SHIP_POINT","modelName":"NewYardModel"},"interaction":{"idSuffix":"inner"}},"clearTextFirst":true,"interactionType":"ENTER_TEXT"}]}
RESULT: {"script":"<script> [776 bytes]","args":[{"enterText":"1710","selector":{"controlType":"sap.m.Input","viewName":"etm.portal.ui.manageyards.view.New","viewId":"application-manageyards-display-component---NewYard","bindingPath":{"path":"","propertyPath":"/SHIP_POINT","modelName":"NewYardModel"},"interaction":{"idSuffix":"inner"}},"clearTextFirst":true,"interactionType":"ENTER_TEXT"}]}
COMMAND: POST /session/6e03489d4a34a8a8f12f495779f86cce/execute/async - {"script":"<script> [1562 bytes]","args":[{"selector":{"controlType":"sap.m.Input","viewName":"etm.portal.ui.manageyards.view.New","viewId":"application-manageyards-display-component---NewYard","bindingPath":{"path":"","propertyPath":"/DELIVERY_TYPE","modelName":"NewYardModel"},"interaction":{"idSuffix":"inner"}},"wdio_ui5_key":"etmportal.ui.manageyards.view.Newsap.m.Input{\"path\":\"\",\"propertyPath\":\"/DELIVERY_TYPE\",\"modelName\":\"NewYardModel\"}"}]}
RESULT: {"script":"<script> [1562 bytes]","args":[{"selector":{"controlType":"sap.m.Input","viewName":"etm.portal.ui.manageyards.view.New","viewId":"application-manageyards-display-component---NewYard","bindingPath":{"path":"","propertyPath":"/DELIVERY_TYPE","modelName":"NewYardModel"},"interaction":{"idSuffix":"inner"}},"wdio_ui5_key":"etmportal.ui.manageyards.view.Newsap.m.Input{\"path\":\"\",\"propertyPath\":\"/DELIVERY_TYPE\",\"modelName\":\"NewYardModel\"}"}]}
RESULT: undefined
COMMAND: POST /session/6e03489d4a34a8a8f12f495779f86cce/execute/async - {"script":"<script> [776 bytes]","args":[{"enterText":"ZL01","selector":{"controlType":"sap.m.Input","viewName":"etm.portal.ui.manageyards.view.New","viewId":"application-manageyards-display-component---NewYard","bindingPath":{"path":"","propertyPath":"/DELIVERY_TYPE","modelName":"NewYardModel"},"interaction":{"idSuffix":"inner"}},"clearTextFirst":true,"interactionType":"ENTER_TEXT"}]}
RESULT: {"script":"<script> [776 bytes]","args":[{"enterText":"ZL01","selector":{"controlType":"sap.m.Input","viewName":"etm.portal.ui.manageyards.view.New","viewId":"application-manageyards-display-component---NewYard","bindingPath":{"path":"","propertyPath":"/DELIVERY_TYPE","modelName":"NewYardModel"},"interaction":{"idSuffix":"inner"}},"clearTextFirst":true,"interactionType":"ENTER_TEXT"}]}
COMMAND: POST /session/6e03489d4a34a8a8f12f495779f86cce/execute/async - {"script":"<script> [1562 bytes]","args":[{"selector":{"controlType":"sap.m.Input","viewName":"etm.portal.ui.manageyards.view.New","viewId":"application-manageyards-display-component---NewYard","bindingPath":{"path":"","propertyPath":"/AUART","modelName":"NewYardModel"},"interaction":{"idSuffix":"inner"}},"wdio_ui5_key":"etmportal.ui.manageyards.view.Newsap.m.Input{\"path\":\"\",\"propertyPath\":\"/AUART\",\"modelName\":\"NewYardModel\"}"}]}
RESULT: {"script":"<script> [1562 bytes]","args":[{"selector":{"controlType":"sap.m.Input","viewName":"etm.portal.ui.manageyards.view.New","viewId":"application-manageyards-display-component---NewYard","bindingPath":{"path":"","propertyPath":"/AUART","modelName":"NewYardModel"},"interaction":{"idSuffix":"inner"}},"wdio_ui5_key":"etmportal.ui.manageyards.view.Newsap.m.Input{\"path\":\"\",\"propertyPath\":\"/AUART\",\"modelName\":\"NewYardModel\"}"}]}
RESULT: undefined
COMMAND: POST /session/6e03489d4a34a8a8f12f495779f86cce/execute/async - {"script":"<script> [776 bytes]","args":[{"enterText":"TA","selector":{"controlType":"sap.m.Input","viewName":"etm.portal.ui.manageyards.view.New","viewId":"application-manageyards-display-component---NewYard","bindingPath":{"path":"","propertyPath":"/AUART","modelName":"NewYardModel"},"interaction":{"idSuffix":"inner"}},"clearTextFirst":true,"interactionType":"ENTER_TEXT"}]}
RESULT: {"script":"<script> [776 bytes]","args":[{"enterText":"TA","selector":{"controlType":"sap.m.Input","viewName":"etm.portal.ui.manageyards.view.New","viewId":"application-manageyards-display-component---NewYard","bindingPath":{"path":"","propertyPath":"/AUART","modelName":"NewYardModel"},"interaction":{"idSuffix":"inner"}},"clearTextFirst":true,"interactionType":"ENTER_TEXT"}]}
COMMAND: POST /session/6e03489d4a34a8a8f12f495779f86cce/execute/async - {"script":"<script> [1562 bytes]","args":[{"selector":{"controlType":"sap.m.Button","viewName":"etm.portal.ui.manageyards.view.New","viewId":"application-manageyards-display-component---NewYard","i18NText":{"propertyName":"text","key":"save"},"interaction":{"idSuffix":"BDI-content"}},"wdio_ui5_key":"etmportal.ui.manageyards.view.Newsap.m.Button{\"propertyName\":\"text\",\"key\":\"save\"}"}]}
RESULT: {"script":"<script> [1562 bytes]","args":[{"selector":{"controlType":"sap.m.Button","viewName":"etm.portal.ui.manageyards.view.New","viewId":"application-manageyards-display-component---NewYard","i18NText":{"propertyName":"text","key":"save"},"interaction":{"idSuffix":"BDI-content"}},"wdio_ui5_key":"etmportal.ui.manageyards.view.Newsap.m.Button{\"propertyName\":\"text\",\"key\":\"save\"}"}]}
RESULT: undefined
COMMAND: POST /session/6e03489d4a34a8a8f12f495779f86cce/element - {"using":"xpath","value":"//*[@id=\"__button18\"]"}
RESULT: {"using":"xpath","value":"//*[@id=\"__button18\"]"}
COMMAND: POST /session/6e03489d4a34a8a8f12f495779f86cce/element/f.CA981CCC1B751CF1DDFBCEDF28AC53D4.d.B87F229117CEC9363CC34CB9EBF6613C.e.2357/click - {}
RESULT: {}
COMMAND: GET /session/6e03489d4a34a8a8f12f495779f86cce/screenshot - {}
RESULT: {}
COMMAND: POST /session/6e03489d4a34a8a8f12f495779f86cce/execute/async - {"script":"<script> [1562 bytes]","args":[{"selector":{"controlType":"sap.m.Text","viewName":"etm.portal.ui.manageyards.view.Detail","viewId":"application-manageyards-display-component---detailYard","bindingPath":{"propertyPath":"ID","modelName":"catalogModel"}},"wdio_ui5_key":"etmportal.ui.manageyards.view.Detailsap.m.Text{\"propertyPath\":\"ID\",\"modelName\":\"catalogModel\"}"}]}
RESULT: {"script":"<script> [1562 bytes]","args":[{"selector":{"controlType":"sap.m.Text","viewName":"etm.portal.ui.manageyards.view.Detail","viewId":"application-manageyards-display-component---detailYard","bindingPath":{"propertyPath":"ID","modelName":"catalogModel"}},"wdio_ui5_key":"etmportal.ui.manageyards.view.Detailsap.m.Text{\"propertyPath\":\"ID\",\"modelName\":\"catalogModel\"}"}]}
RESULT: undefined
COMMAND: POST /session/6e03489d4a34a8a8f12f495779f86cce/execute/async - {"script":"<script> [6424 bytes]","args":[{"element-6066-11e4-a52e-4f735466cecf":"f.CA981CCC1B751CF1DDFBCEDF28AC53D4.d.B87F229117CEC9363CC34CB9EBF6613C.e.2606"},"getText",[]]}
RESULT: {"script":"<script> [6424 bytes]","args":[{"element-6066-11e4-a52e-4f735466cecf":"f.CA981CCC1B751CF1DDFBCEDF28AC53D4.d.B87F229117CEC9363CC34CB9EBF6613C.e.2606"},"getText",[]]}
COMMAND: POST /session/6e03489d4a34a8a8f12f495779f86cce/element - {"using":"css selector","value":"#shell-header-logo"}
RESULT: {"using":"css selector","value":"#shell-header-logo"}
COMMAND: POST /session/6e03489d4a34a8a8f12f495779f86cce/element/f.CA981CCC1B751CF1DDFBCEDF28AC53D4.d.B87F229117CEC9363CC34CB9EBF6613C.e.1921/click - {}
RESULT: {}
COMMAND: GET /session/6e03489d4a34a8a8f12f495779f86cce/screenshot - {}
RESULT: {}
]]></system-out>
    </testcase>
    <testcase classname="chrome.135_0_7049_96.windows.Create_masterdata_for_Mass_Change_State_US104416" name="Should create site" time="67.612">
      <system-out><![CDATA[
COMMAND: POST /session/6e03489d4a34a8a8f12f495779f86cce/execute/async - {"script":"<script> [1562 bytes]","args":[{"selector":{"controlType":"sap.m.GenericTile","properties":{"header":"Manage Sites"}},"wdio_ui5_key":"sapm.GenericTile{\"header\":\"Manage Sites\"}"}]}
RESULT: {"script":"<script> [1562 bytes]","args":[{"selector":{"controlType":"sap.m.GenericTile","properties":{"header":"Manage Sites"}},"wdio_ui5_key":"sapm.GenericTile{\"header\":\"Manage Sites\"}"}]}
RESULT: undefined
COMMAND: POST /session/6e03489d4a34a8a8f12f495779f86cce/element - {"using":"xpath","value":"//*[@id=\"__tile40\"]"}
RESULT: {"using":"xpath","value":"//*[@id=\"__tile40\"]"}
COMMAND: POST /session/6e03489d4a34a8a8f12f495779f86cce/element/f.CA981CCC1B751CF1DDFBCEDF28AC53D4.d.B87F229117CEC9363CC34CB9EBF6613C.e.2608/click - {}
RESULT: {}
COMMAND: GET /session/6e03489d4a34a8a8f12f495779f86cce/screenshot - {}
RESULT: {}
COMMAND: POST /session/6e03489d4a34a8a8f12f495779f86cce/execute/async - {"script":"<script> [1562 bytes]","args":[{"selector":{"controlType":"sap.ui.core.Icon","viewName":"etm.portal.ui.managesites.view.Master","viewId":"application-managesites-display-component---masterSite","properties":{"src":{"regex":{"source":"add"}}}},"wdio_ui5_key":"etmportal.ui.managesites.view.Mastersap.ui.core.Icon{\"src\":{\"regex\":{\"source\":\"add\"}}}"}]}
RESULT: {"script":"<script> [1562 bytes]","args":[{"selector":{"controlType":"sap.ui.core.Icon","viewName":"etm.portal.ui.managesites.view.Master","viewId":"application-managesites-display-component---masterSite","properties":{"src":{"regex":{"source":"add"}}}},"wdio_ui5_key":"etmportal.ui.managesites.view.Mastersap.ui.core.Icon{\"src\":{\"regex\":{\"source\":\"add\"}}}"}]}
RESULT: undefined
COMMAND: POST /session/6e03489d4a34a8a8f12f495779f86cce/element - {"using":"xpath","value":"//*[@id=\"__button64-img\"]"}
RESULT: {"using":"xpath","value":"//*[@id=\"__button64-img\"]"}
COMMAND: POST /session/6e03489d4a34a8a8f12f495779f86cce/element/f.CA981CCC1B751CF1DDFBCEDF28AC53D4.d.B87F229117CEC9363CC34CB9EBF6613C.e.2657/click - {}
RESULT: {}
COMMAND: GET /session/6e03489d4a34a8a8f12f495779f86cce/screenshot - {}
RESULT: {}
COMMAND: POST /session/6e03489d4a34a8a8f12f495779f86cce/execute/async - {"script":"<script> [1562 bytes]","args":[{"selector":{"controlType":"sap.m.Button","viewName":"etm.portal.ui.managesites.view.NewSmartSite","viewId":"application-managesites-display-component---NewSite","properties":{"text":"General Information"},"interaction":{"idSuffix":"BDI-content"}},"wdio_ui5_key":"etmportal.ui.managesites.view.NewSmartSitesap.m.Button{\"text\":\"General Information\"}"}]}
RESULT: {"script":"<script> [1562 bytes]","args":[{"selector":{"controlType":"sap.m.Button","viewName":"etm.portal.ui.managesites.view.NewSmartSite","viewId":"application-managesites-display-component---NewSite","properties":{"text":"General Information"},"interaction":{"idSuffix":"BDI-content"}},"wdio_ui5_key":"etmportal.ui.managesites.view.NewSmartSitesap.m.Button{\"text\":\"General Information\"}"}]}
RESULT: undefined
COMMAND: POST /session/6e03489d4a34a8a8f12f495779f86cce/element - {"using":"xpath","value":"//*[@id=\"application-managesites-display-component---NewSite--ObjectPageLayout-anchBar-__section31-anchor\"]"}
RESULT: {"using":"xpath","value":"//*[@id=\"application-managesites-display-component---NewSite--ObjectPageLayout-anchBar-__section31-anchor\"]"}
COMMAND: POST /session/6e03489d4a34a8a8f12f495779f86cce/element/f.CA981CCC1B751CF1DDFBCEDF28AC53D4.d.B87F229117CEC9363CC34CB9EBF6613C.e.3053/click - {}
RESULT: {}
COMMAND: POST /session/6e03489d4a34a8a8f12f495779f86cce/execute/async - {"script":"<script> [1562 bytes]","args":[{"selector":{"id":"application-managesites-display-component---NewSite--addressDetailDetailsName1","interaction":{"idSuffix":"inner"}},"wdio_ui5_key":"applicationmanagesites-display-component---NewSite--addressDetailDetailsName1"}]}
COMMAND: GET /session/6e03489d4a34a8a8f12f495779f86cce/screenshot - {}
RESULT: {"script":"<script> [1562 bytes]","args":[{"selector":{"id":"application-managesites-display-component---NewSite--addressDetailDetailsName1","interaction":{"idSuffix":"inner"}},"wdio_ui5_key":"applicationmanagesites-display-component---NewSite--addressDetailDetailsName1"}]}
RESULT: undefined
COMMAND: POST /session/6e03489d4a34a8a8f12f495779f86cce/execute/async - {"script":"<script> [776 bytes]","args":[{"enterText":"WebDriver-MassState","selector":{"id":"application-managesites-display-component---NewSite--addressDetailDetailsName1","interaction":{"idSuffix":"inner"}},"clearTextFirst":true,"interactionType":"ENTER_TEXT"}]}
RESULT: {}
RESULT: {"script":"<script> [776 bytes]","args":[{"enterText":"WebDriver-MassState","selector":{"id":"application-managesites-display-component---NewSite--addressDetailDetailsName1","interaction":{"idSuffix":"inner"}},"clearTextFirst":true,"interactionType":"ENTER_TEXT"}]}
COMMAND: POST /session/6e03489d4a34a8a8f12f495779f86cce/execute/async - {"script":"<script> [1562 bytes]","args":[{"selector":{"id":"application-managesites-display-component---NewSite--addressDetailDetailsLanguage","interaction":{"idSuffix":"inner"}},"wdio_ui5_key":"applicationmanagesites-display-component---NewSite--addressDetailDetailsLanguage"}]}
RESULT: {"script":"<script> [1562 bytes]","args":[{"selector":{"id":"application-managesites-display-component---NewSite--addressDetailDetailsLanguage","interaction":{"idSuffix":"inner"}},"wdio_ui5_key":"applicationmanagesites-display-component---NewSite--addressDetailDetailsLanguage"}]}
RESULT: undefined
COMMAND: POST /session/6e03489d4a34a8a8f12f495779f86cce/execute/async - {"script":"<script> [776 bytes]","args":[{"enterText":"Romanian","selector":{"id":"application-managesites-display-component---NewSite--addressDetailDetailsLanguage","interaction":{"idSuffix":"inner"}},"clearTextFirst":true,"interactionType":"ENTER_TEXT"}]}
RESULT: {"script":"<script> [776 bytes]","args":[{"enterText":"Romanian","selector":{"id":"application-managesites-display-component---NewSite--addressDetailDetailsLanguage","interaction":{"idSuffix":"inner"}},"clearTextFirst":true,"interactionType":"ENTER_TEXT"}]}
COMMAND: POST /session/6e03489d4a34a8a8f12f495779f86cce/execute/async - {"script":"<script> [1562 bytes]","args":[{"selector":{"id":"application-managesites-display-component---NewSite--addressDetailDetailsCity1","interaction":{"idSuffix":"inner"}},"wdio_ui5_key":"applicationmanagesites-display-component---NewSite--addressDetailDetailsCity1"}]}
RESULT: {"script":"<script> [1562 bytes]","args":[{"selector":{"id":"application-managesites-display-component---NewSite--addressDetailDetailsCity1","interaction":{"idSuffix":"inner"}},"wdio_ui5_key":"applicationmanagesites-display-component---NewSite--addressDetailDetailsCity1"}]}
RESULT: undefined
COMMAND: POST /session/6e03489d4a34a8a8f12f495779f86cce/execute/async - {"script":"<script> [776 bytes]","args":[{"enterText":"Bucharest","selector":{"id":"application-managesites-display-component---NewSite--addressDetailDetailsCity1","interaction":{"idSuffix":"inner"}},"clearTextFirst":true,"interactionType":"ENTER_TEXT"}]}
RESULT: {"script":"<script> [776 bytes]","args":[{"enterText":"Bucharest","selector":{"id":"application-managesites-display-component---NewSite--addressDetailDetailsCity1","interaction":{"idSuffix":"inner"}},"clearTextFirst":true,"interactionType":"ENTER_TEXT"}]}
COMMAND: POST /session/6e03489d4a34a8a8f12f495779f86cce/execute/async - {"script":"<script> [1562 bytes]","args":[{"selector":{"id":"application-managesites-display-component---NewSite--addressDetailDetailsCountry","interaction":{"idSuffix":"inner"}},"wdio_ui5_key":"applicationmanagesites-display-component---NewSite--addressDetailDetailsCountry"}]}
RESULT: {"script":"<script> [1562 bytes]","args":[{"selector":{"id":"application-managesites-display-component---NewSite--addressDetailDetailsCountry","interaction":{"idSuffix":"inner"}},"wdio_ui5_key":"applicationmanagesites-display-component---NewSite--addressDetailDetailsCountry"}]}
RESULT: undefined
COMMAND: POST /session/6e03489d4a34a8a8f12f495779f86cce/execute/async - {"script":"<script> [6424 bytes]","args":[{"element-6066-11e4-a52e-4f735466cecf":"f.CA981CCC1B751CF1DDFBCEDF28AC53D4.d.B87F229117CEC9363CC34CB9EBF6613C.e.2844"},"setValue",["Romania"]]}
RESULT: {"script":"<script> [6424 bytes]","args":[{"element-6066-11e4-a52e-4f735466cecf":"f.CA981CCC1B751CF1DDFBCEDF28AC53D4.d.B87F229117CEC9363CC34CB9EBF6613C.e.2844"},"setValue",["Romania"]]}
COMMAND: POST /session/6e03489d4a34a8a8f12f495779f86cce/execute/async - {"script":"<script> [1562 bytes]","args":[{"selector":{"id":"application-managesites-display-component---NewSite--addressDetailDetailsCalendar","interaction":{"idSuffix":"inner"}},"wdio_ui5_key":"applicationmanagesites-display-component---NewSite--addressDetailDetailsCalendar"}]}
RESULT: {"script":"<script> [1562 bytes]","args":[{"selector":{"id":"application-managesites-display-component---NewSite--addressDetailDetailsCalendar","interaction":{"idSuffix":"inner"}},"wdio_ui5_key":"applicationmanagesites-display-component---NewSite--addressDetailDetailsCalendar"}]}
RESULT: undefined
COMMAND: POST /session/6e03489d4a34a8a8f12f495779f86cce/execute/async - {"script":"<script> [776 bytes]","args":[{"enterText":"8 - Germany (Standard)","selector":{"id":"application-managesites-display-component---NewSite--addressDetailDetailsCalendar","interaction":{"idSuffix":"inner"}},"clearTextFirst":true,"interactionType":"ENTER_TEXT"}]}
RESULT: {"script":"<script> [776 bytes]","args":[{"enterText":"8 - Germany (Standard)","selector":{"id":"application-managesites-display-component---NewSite--addressDetailDetailsCalendar","interaction":{"idSuffix":"inner"}},"clearTextFirst":true,"interactionType":"ENTER_TEXT"}]}
COMMAND: POST /session/6e03489d4a34a8a8f12f495779f86cce/element - {"using":"xpath","value":"//input[@id=\"application-managesites-display-component---NewSite--addressDetailDetailsYard-inner\"]"}
RESULT: {"using":"xpath","value":"//input[@id=\"application-managesites-display-component---NewSite--addressDetailDetailsYard-inner\"]"}
COMMAND: POST /session/6e03489d4a34a8a8f12f495779f86cce/element/f.CA981CCC1B751CF1DDFBCEDF28AC53D4.d.B87F229117CEC9363CC34CB9EBF6613C.e.2855/value - {"text":"261"}
RESULT: {"text":"261"}
COMMAND: GET /session/6e03489d4a34a8a8f12f495779f86cce/screenshot - {}
RESULT: {}
COMMAND: POST /session/6e03489d4a34a8a8f12f495779f86cce/actions - {"actions":[{"id":"action5","type":"key","parameters":{},"actions":[{"type":"keyDown","value":"î€‡"},{"type":"pause","duration":10},{"type":"keyUp","value":"î€‡"}]}]}
RESULT: {"actions":[{"id":"action5","type":"key","parameters":{},"actions":[{"type":"keyDown","value":"î€‡"},{"type":"pause","duration":10},{"type":"keyUp","value":"î€‡"}]}]}
COMMAND: POST /session/6e03489d4a34a8a8f12f495779f86cce/execute/async - {"script":"<script> [1562 bytes]","args":[{"selector":{"controlType":"sap.m.Button","viewName":"etm.portal.ui.managesites.view.NewSmartSite","viewId":"application-managesites-display-component---NewSite","properties":{"text":"Commercial"},"interaction":{"idSuffix":"BDI-content"}},"wdio_ui5_key":"etmportal.ui.managesites.view.NewSmartSitesap.m.Button{\"text\":\"Commercial\"}"}]}
COMMAND: GET /session/6e03489d4a34a8a8f12f495779f86cce/screenshot - {}
RESULT: {"script":"<script> [1562 bytes]","args":[{"selector":{"controlType":"sap.m.Button","viewName":"etm.portal.ui.managesites.view.NewSmartSite","viewId":"application-managesites-display-component---NewSite","properties":{"text":"Commercial"},"interaction":{"idSuffix":"BDI-content"}},"wdio_ui5_key":"etmportal.ui.managesites.view.NewSmartSitesap.m.Button{\"text\":\"Commercial\"}"}]}
RESULT: undefined
COMMAND: POST /session/6e03489d4a34a8a8f12f495779f86cce/element - {"using":"xpath","value":"//*[@id=\"application-managesites-display-component---NewSite--ObjectPageLayout-anchBar-__section33-anchor\"]"}
RESULT: {}
RESULT: {"using":"xpath","value":"//*[@id=\"application-managesites-display-component---NewSite--ObjectPageLayout-anchBar-__section33-anchor\"]"}
COMMAND: POST /session/6e03489d4a34a8a8f12f495779f86cce/element/f.CA981CCC1B751CF1DDFBCEDF28AC53D4.d.B87F229117CEC9363CC34CB9EBF6613C.e.3062/click - {}
RESULT: {}
COMMAND: POST /session/6e03489d4a34a8a8f12f495779f86cce/execute/async - {"script":"<script> [1562 bytes]","args":[{"selector":{"controlType":"sap.m.Button","viewName":"etm.portal.ui.managesites.view.NewSmartSite","viewId":"application-managesites-display-component---NewSite","i18NText":{"propertyName":"text","key":"save"},"interaction":{"idSuffix":"BDI-content"}},"wdio_ui5_key":"etmportal.ui.managesites.view.NewSmartSitesap.m.Button{\"propertyName\":\"text\",\"key\":\"save\"}"}]}
COMMAND: GET /session/6e03489d4a34a8a8f12f495779f86cce/screenshot - {}
RESULT: {"script":"<script> [1562 bytes]","args":[{"selector":{"controlType":"sap.m.Button","viewName":"etm.portal.ui.managesites.view.NewSmartSite","viewId":"application-managesites-display-component---NewSite","i18NText":{"propertyName":"text","key":"save"},"interaction":{"idSuffix":"BDI-content"}},"wdio_ui5_key":"etmportal.ui.managesites.view.NewSmartSitesap.m.Button{\"propertyName\":\"text\",\"key\":\"save\"}"}]}
RESULT: undefined
COMMAND: POST /session/6e03489d4a34a8a8f12f495779f86cce/element - {"using":"xpath","value":"//*[@id=\"__button76\"]"}
RESULT: {}
RESULT: {"using":"xpath","value":"//*[@id=\"__button76\"]"}
COMMAND: POST /session/6e03489d4a34a8a8f12f495779f86cce/element/f.CA981CCC1B751CF1DDFBCEDF28AC53D4.d.B87F229117CEC9363CC34CB9EBF6613C.e.3046/click - {}
RESULT: {}
COMMAND: GET /session/6e03489d4a34a8a8f12f495779f86cce/screenshot - {}
RESULT: {}
COMMAND: POST /session/6e03489d4a34a8a8f12f495779f86cce/execute/async - {"script":"<script> [1562 bytes]","args":[{"selector":{"controlType":"sap.m.Text","viewName":"etm.portal.ui.managesites.view.Detail","viewId":"application-managesites-display-component---detailSite","bindingPath":{"propertyPath":"ID","modelName":"catalogModel"}},"wdio_ui5_key":"etmportal.ui.managesites.view.Detailsap.m.Text{\"propertyPath\":\"ID\",\"modelName\":\"catalogModel\"}"}]}
RESULT: {"script":"<script> [1562 bytes]","args":[{"selector":{"controlType":"sap.m.Text","viewName":"etm.portal.ui.managesites.view.Detail","viewId":"application-managesites-display-component---detailSite","bindingPath":{"propertyPath":"ID","modelName":"catalogModel"}},"wdio_ui5_key":"etmportal.ui.managesites.view.Detailsap.m.Text{\"propertyPath\":\"ID\",\"modelName\":\"catalogModel\"}"}]}
RESULT: undefined
COMMAND: POST /session/6e03489d4a34a8a8f12f495779f86cce/execute/async - {"script":"<script> [6424 bytes]","args":[{"element-6066-11e4-a52e-4f735466cecf":"f.CA981CCC1B751CF1DDFBCEDF28AC53D4.d.B87F229117CEC9363CC34CB9EBF6613C.e.3266"},"getText",[]]}
RESULT: {"script":"<script> [6424 bytes]","args":[{"element-6066-11e4-a52e-4f735466cecf":"f.CA981CCC1B751CF1DDFBCEDF28AC53D4.d.B87F229117CEC9363CC34CB9EBF6613C.e.3266"},"getText",[]]}
COMMAND: POST /session/6e03489d4a34a8a8f12f495779f86cce/execute/async - {"script":"<script> [1562 bytes]","args":[{"selector":{"controlType":"sap.m.Label","viewName":"etm.portal.ui.managesites.view.Detail","viewId":"application-managesites-display-component---detailSite","i18NText":{"propertyName":"text","key":"status"}},"wdio_ui5_key":"etmportal.ui.managesites.view.Detailsap.m.Label{\"propertyName\":\"text\",\"key\":\"status\"}"}]}
RESULT: {"script":"<script> [1562 bytes]","args":[{"selector":{"controlType":"sap.m.Label","viewName":"etm.portal.ui.managesites.view.Detail","viewId":"application-managesites-display-component---detailSite","i18NText":{"propertyName":"text","key":"status"}},"wdio_ui5_key":"etmportal.ui.managesites.view.Detailsap.m.Label{\"propertyName\":\"text\",\"key\":\"status\"}"}]}
RESULT: undefined
COMMAND: POST /session/6e03489d4a34a8a8f12f495779f86cce/execute/async - {"script":"<script> [6424 bytes]","args":[{"element-6066-11e4-a52e-4f735466cecf":"f.CA981CCC1B751CF1DDFBCEDF28AC53D4.d.B87F229117CEC9363CC34CB9EBF6613C.e.3254"},"getText",[]]}
RESULT: {"script":"<script> [6424 bytes]","args":[{"element-6066-11e4-a52e-4f735466cecf":"f.CA981CCC1B751CF1DDFBCEDF28AC53D4.d.B87F229117CEC9363CC34CB9EBF6613C.e.3254"},"getText",[]]}
COMMAND: POST /session/6e03489d4a34a8a8f12f495779f86cce/element - {"using":"css selector","value":"#shell-header-logo"}
RESULT: {"using":"css selector","value":"#shell-header-logo"}
COMMAND: POST /session/6e03489d4a34a8a8f12f495779f86cce/element/f.CA981CCC1B751CF1DDFBCEDF28AC53D4.d.B87F229117CEC9363CC34CB9EBF6613C.e.2613/click - {}
RESULT: {}
COMMAND: GET /session/6e03489d4a34a8a8f12f495779f86cce/screenshot - {}
RESULT: {}
]]></system-out>
    </testcase>
    <testcase classname="chrome.135_0_7049_96.windows.Create_masterdata_for_Mass_Change_State_US104416" name="Should create Partner" time="72.839">
      <system-out><![CDATA[
COMMAND: POST /session/6e03489d4a34a8a8f12f495779f86cce/execute/async - {"script":"<script> [1562 bytes]","args":[{"selector":{"controlType":"sap.m.GenericTile","properties":{"header":"Manage Partners"}},"wdio_ui5_key":"sapm.GenericTile{\"header\":\"Manage Partners\"}"}]}
RESULT: {"script":"<script> [1562 bytes]","args":[{"selector":{"controlType":"sap.m.GenericTile","properties":{"header":"Manage Partners"}},"wdio_ui5_key":"sapm.GenericTile{\"header\":\"Manage Partners\"}"}]}
RESULT: undefined
COMMAND: POST /session/6e03489d4a34a8a8f12f495779f86cce/element - {"using":"xpath","value":"//*[@id=\"__tile38\"]"}
RESULT: {"using":"xpath","value":"//*[@id=\"__tile38\"]"}
COMMAND: POST /session/6e03489d4a34a8a8f12f495779f86cce/element/f.CA981CCC1B751CF1DDFBCEDF28AC53D4.d.B87F229117CEC9363CC34CB9EBF6613C.e.3268/click - {}
RESULT: {}
COMMAND: GET /session/6e03489d4a34a8a8f12f495779f86cce/screenshot - {}
RESULT: {}
COMMAND: POST /session/6e03489d4a34a8a8f12f495779f86cce/execute/async - {"script":"<script> [1562 bytes]","args":[{"selector":{"controlType":"sap.ui.core.Icon","viewName":"etm.portal.ui.managepartners.view.Master","viewId":"application-managepartners-display-component---masterPtm","properties":{"src":{"regex":{"source":"add"}}}},"wdio_ui5_key":"etmportal.ui.managepartners.view.Mastersap.ui.core.Icon{\"src\":{\"regex\":{\"source\":\"add\"}}}"}]}
RESULT: {"script":"<script> [1562 bytes]","args":[{"selector":{"controlType":"sap.ui.core.Icon","viewName":"etm.portal.ui.managepartners.view.Master","viewId":"application-managepartners-display-component---masterPtm","properties":{"src":{"regex":{"source":"add"}}}},"wdio_ui5_key":"etmportal.ui.managepartners.view.Mastersap.ui.core.Icon{\"src\":{\"regex\":{\"source\":\"add\"}}}"}]}
RESULT: undefined
COMMAND: POST /session/6e03489d4a34a8a8f12f495779f86cce/element - {"using":"xpath","value":"//*[@id=\"__button119-img\"]"}
RESULT: {"using":"xpath","value":"//*[@id=\"__button119-img\"]"}
COMMAND: POST /session/6e03489d4a34a8a8f12f495779f86cce/element/f.CA981CCC1B751CF1DDFBCEDF28AC53D4.d.B87F229117CEC9363CC34CB9EBF6613C.e.3317/click - {}
RESULT: {}
COMMAND: GET /session/6e03489d4a34a8a8f12f495779f86cce/screenshot - {}
RESULT: {}
COMMAND: POST /session/6e03489d4a34a8a8f12f495779f86cce/execute/async - {"script":"<script> [1562 bytes]","args":[{"selector":{"id":"application-managepartners-display-component---NewPartner--addressDetailDetailsName1","interaction":{"idSuffix":"inner"}},"wdio_ui5_key":"applicationmanagepartners-display-component---NewPartner--addressDetailDetailsName1"}]}
RESULT: {"script":"<script> [1562 bytes]","args":[{"selector":{"id":"application-managepartners-display-component---NewPartner--addressDetailDetailsName1","interaction":{"idSuffix":"inner"}},"wdio_ui5_key":"applicationmanagepartners-display-component---NewPartner--addressDetailDetailsName1"}]}
RESULT: undefined
COMMAND: POST /session/6e03489d4a34a8a8f12f495779f86cce/execute/async - {"script":"<script> [776 bytes]","args":[{"enterText":"WebDriver-MassState","selector":{"id":"application-managepartners-display-component---NewPartner--addressDetailDetailsName1","interaction":{"idSuffix":"inner"}},"clearTextFirst":true,"interactionType":"ENTER_TEXT"}]}
RESULT: {"script":"<script> [776 bytes]","args":[{"enterText":"WebDriver-MassState","selector":{"id":"application-managepartners-display-component---NewPartner--addressDetailDetailsName1","interaction":{"idSuffix":"inner"}},"clearTextFirst":true,"interactionType":"ENTER_TEXT"}]}
COMMAND: POST /session/6e03489d4a34a8a8f12f495779f86cce/execute/async - {"script":"<script> [1562 bytes]","args":[{"selector":{"id":"application-managepartners-display-component---NewPartner--addressDetailDetailsLanguage-arrow"},"wdio_ui5_key":"applicationmanagepartners-display-component---NewPartner--addressDetailDetailsLanguage-arrow"}]}
RESULT: {"script":"<script> [1562 bytes]","args":[{"selector":{"id":"application-managepartners-display-component---NewPartner--addressDetailDetailsLanguage-arrow"},"wdio_ui5_key":"applicationmanagepartners-display-component---NewPartner--addressDetailDetailsLanguage-arrow"}]}
RESULT: undefined
COMMAND: POST /session/6e03489d4a34a8a8f12f495779f86cce/element - {"using":"xpath","value":"//*[@id=\"application-managepartners-display-component---NewPartner--addressDetailDetailsLanguage-arrow\"]"}
RESULT: {"using":"xpath","value":"//*[@id=\"application-managepartners-display-component---NewPartner--addressDetailDetailsLanguage-arrow\"]"}
COMMAND: POST /session/6e03489d4a34a8a8f12f495779f86cce/element/f.CA981CCC1B751CF1DDFBCEDF28AC53D4.d.B87F229117CEC9363CC34CB9EBF6613C.e.3733/click - {}
RESULT: {}
COMMAND: POST /session/6e03489d4a34a8a8f12f495779f86cce/execute/async - {"script":"<script> [1562 bytes]","args":[{"selector":{"controlType":"sap.m.StandardListItem","viewName":"etm.portal.ui.managepartners.view.NewPartner","viewId":"application-managepartners-display-component---NewPartner","properties":{"title":"English"},"searchOpenDialogs":true,"interaction":{"idSuffix":"content"}},"wdio_ui5_key":"etmportal.ui.managepartners.view.NewPartnersap.m.StandardListItem{\"title\":\"English\"}"}]}
COMMAND: GET /session/6e03489d4a34a8a8f12f495779f86cce/screenshot - {}
RESULT: {"script":"<script> [1562 bytes]","args":[{"selector":{"controlType":"sap.m.StandardListItem","viewName":"etm.portal.ui.managepartners.view.NewPartner","viewId":"application-managepartners-display-component---NewPartner","properties":{"title":"English"},"searchOpenDialogs":true,"interaction":{"idSuffix":"content"}},"wdio_ui5_key":"etmportal.ui.managepartners.view.NewPartnersap.m.StandardListItem{\"title\":\"English\"}"}]}
RESULT: undefined
COMMAND: POST /session/6e03489d4a34a8a8f12f495779f86cce/element - {"using":"xpath","value":"//*[@id=\"__item875\"]"}
RESULT: {}
RESULT: {"using":"xpath","value":"//*[@id=\"__item875\"]"}
COMMAND: POST /session/6e03489d4a34a8a8f12f495779f86cce/element/f.CA981CCC1B751CF1DDFBCEDF28AC53D4.d.B87F229117CEC9363CC34CB9EBF6613C.e.3735/click - {}
RESULT: {}
COMMAND: POST /session/6e03489d4a34a8a8f12f495779f86cce/execute/async - {"script":"<script> [1562 bytes]","args":[{"selector":{"id":"application-managepartners-display-component---NewPartner--addressDetailDetailsCity1","interaction":{"idSuffix":"inner"}},"wdio_ui5_key":"applicationmanagepartners-display-component---NewPartner--addressDetailDetailsCity1"}]}
COMMAND: GET /session/6e03489d4a34a8a8f12f495779f86cce/screenshot - {}
RESULT: {"script":"<script> [1562 bytes]","args":[{"selector":{"id":"application-managepartners-display-component---NewPartner--addressDetailDetailsCity1","interaction":{"idSuffix":"inner"}},"wdio_ui5_key":"applicationmanagepartners-display-component---NewPartner--addressDetailDetailsCity1"}]}
RESULT: undefined
COMMAND: POST /session/6e03489d4a34a8a8f12f495779f86cce/execute/async - {"script":"<script> [776 bytes]","args":[{"enterText":"Bangalore","selector":{"id":"application-managepartners-display-component---NewPartner--addressDetailDetailsCity1","interaction":{"idSuffix":"inner"}},"clearTextFirst":true,"interactionType":"ENTER_TEXT"}]}
RESULT: {}
RESULT: {"script":"<script> [776 bytes]","args":[{"enterText":"Bangalore","selector":{"id":"application-managepartners-display-component---NewPartner--addressDetailDetailsCity1","interaction":{"idSuffix":"inner"}},"clearTextFirst":true,"interactionType":"ENTER_TEXT"}]}
COMMAND: POST /session/6e03489d4a34a8a8f12f495779f86cce/execute/async - {"script":"<script> [1562 bytes]","args":[{"selector":{"id":"application-managepartners-display-component---NewPartner--addressDetailDetailsCountry-arrow"},"wdio_ui5_key":"applicationmanagepartners-display-component---NewPartner--addressDetailDetailsCountry-arrow"}]}
RESULT: {"script":"<script> [1562 bytes]","args":[{"selector":{"id":"application-managepartners-display-component---NewPartner--addressDetailDetailsCountry-arrow"},"wdio_ui5_key":"applicationmanagepartners-display-component---NewPartner--addressDetailDetailsCountry-arrow"}]}
RESULT: undefined
COMMAND: POST /session/6e03489d4a34a8a8f12f495779f86cce/element - {"using":"xpath","value":"//*[@id=\"application-managepartners-display-component---NewPartner--addressDetailDetailsCountry-arrow\"]"}
RESULT: {"using":"xpath","value":"//*[@id=\"application-managepartners-display-component---NewPartner--addressDetailDetailsCountry-arrow\"]"}
COMMAND: POST /session/6e03489d4a34a8a8f12f495779f86cce/element/f.CA981CCC1B751CF1DDFBCEDF28AC53D4.d.B87F229117CEC9363CC34CB9EBF6613C.e.3737/click - {}
RESULT: {}
COMMAND: POST /session/6e03489d4a34a8a8f12f495779f86cce/execute/async - {"script":"<script> [1562 bytes]","args":[{"selector":{"id":"application-managepartners-display-component---NewPartner--addressDetailDetailsCountry","interaction":{"idSuffix":"inner"}},"wdio_ui5_key":"applicationmanagepartners-display-component---NewPartner--addressDetailDetailsCountry"}]}
COMMAND: GET /session/6e03489d4a34a8a8f12f495779f86cce/screenshot - {}
RESULT: {"script":"<script> [1562 bytes]","args":[{"selector":{"id":"application-managepartners-display-component---NewPartner--addressDetailDetailsCountry","interaction":{"idSuffix":"inner"}},"wdio_ui5_key":"applicationmanagepartners-display-component---NewPartner--addressDetailDetailsCountry"}]}
RESULT: undefined
COMMAND: POST /session/6e03489d4a34a8a8f12f495779f86cce/execute/async - {"script":"<script> [776 bytes]","args":[{"enterText":"India","selector":{"id":"application-managepartners-display-component---NewPartner--addressDetailDetailsCountry","interaction":{"idSuffix":"inner"}},"clearTextFirst":true,"interactionType":"ENTER_TEXT"}]}
RESULT: {}
RESULT: {"script":"<script> [776 bytes]","args":[{"enterText":"India","selector":{"id":"application-managepartners-display-component---NewPartner--addressDetailDetailsCountry","interaction":{"idSuffix":"inner"}},"clearTextFirst":true,"interactionType":"ENTER_TEXT"}]}
COMMAND: POST /session/6e03489d4a34a8a8f12f495779f86cce/execute/async - {"script":"<script> [1562 bytes]","args":[{"selector":{"controlType":"sap.m.StandardListItem","viewName":"etm.portal.ui.managepartners.view.NewPartner","viewId":"application-managepartners-display-component---NewPartner","properties":{"title":"India"},"searchOpenDialogs":true,"interaction":{"idSuffix":"content"}},"wdio_ui5_key":"etmportal.ui.managepartners.view.NewPartnersap.m.StandardListItem{\"title\":\"India\"}"}]}
RESULT: {"script":"<script> [1562 bytes]","args":[{"selector":{"controlType":"sap.m.StandardListItem","viewName":"etm.portal.ui.managepartners.view.NewPartner","viewId":"application-managepartners-display-component---NewPartner","properties":{"title":"India"},"searchOpenDialogs":true,"interaction":{"idSuffix":"content"}},"wdio_ui5_key":"etmportal.ui.managepartners.view.NewPartnersap.m.StandardListItem{\"title\":\"India\"}"}]}
RESULT: undefined
COMMAND: POST /session/6e03489d4a34a8a8f12f495779f86cce/execute/async - {"script":"<script> [1562 bytes]","args":[{"selector":{"controlType":"sap.m.Button","viewName":"etm.portal.ui.managepartners.view.NewPartner","viewId":"application-managepartners-display-component---NewPartner","properties":{"text":"Commercial"},"interaction":{"idSuffix":"BDI-content"}},"wdio_ui5_key":"etmportal.ui.managepartners.view.NewPartnersap.m.Button{\"text\":\"Commercial\"}"}]}
RESULT: {"script":"<script> [1562 bytes]","args":[{"selector":{"controlType":"sap.m.Button","viewName":"etm.portal.ui.managepartners.view.NewPartner","viewId":"application-managepartners-display-component---NewPartner","properties":{"text":"Commercial"},"interaction":{"idSuffix":"BDI-content"}},"wdio_ui5_key":"etmportal.ui.managepartners.view.NewPartnersap.m.Button{\"text\":\"Commercial\"}"}]}
RESULT: undefined
COMMAND: POST /session/6e03489d4a34a8a8f12f495779f86cce/element - {"using":"xpath","value":"//*[@id=\"application-managepartners-display-component---NewPartner--ObjectPageLayout-anchBar-__section57-anchor\"]"}
RESULT: {"using":"xpath","value":"//*[@id=\"application-managepartners-display-component---NewPartner--ObjectPageLayout-anchBar-__section57-anchor\"]"}
COMMAND: POST /session/6e03489d4a34a8a8f12f495779f86cce/element/f.CA981CCC1B751CF1DDFBCEDF28AC53D4.d.B87F229117CEC9363CC34CB9EBF6613C.e.3742/click - {}
RESULT: {}
COMMAND: POST /session/6e03489d4a34a8a8f12f495779f86cce/execute/async - {"script":"<script> [1562 bytes]","args":[{"selector":{"id":"application-managepartners-display-component---NewPartner--partnerDetailInternal-arrow"},"wdio_ui5_key":"applicationmanagepartners-display-component---NewPartner--partnerDetailInternal-arrow"}]}
COMMAND: GET /session/6e03489d4a34a8a8f12f495779f86cce/screenshot - {}
RESULT: {"script":"<script> [1562 bytes]","args":[{"selector":{"id":"application-managepartners-display-component---NewPartner--partnerDetailInternal-arrow"},"wdio_ui5_key":"applicationmanagepartners-display-component---NewPartner--partnerDetailInternal-arrow"}]}
RESULT: undefined
COMMAND: POST /session/6e03489d4a34a8a8f12f495779f86cce/element - {"using":"xpath","value":"//*[@id=\"application-managepartners-display-component---NewPartner--partnerDetailInternal-arrow\"]"}
RESULT: {}
RESULT: {"using":"xpath","value":"//*[@id=\"application-managepartners-display-component---NewPartner--partnerDetailInternal-arrow\"]"}
COMMAND: POST /session/6e03489d4a34a8a8f12f495779f86cce/element/f.CA981CCC1B751CF1DDFBCEDF28AC53D4.d.B87F229117CEC9363CC34CB9EBF6613C.e.3747/click - {}
RESULT: {}
COMMAND: POST /session/6e03489d4a34a8a8f12f495779f86cce/execute/async - {"script":"<script> [1562 bytes]","args":[{"selector":{"controlType":"sap.m.StandardListItem","viewName":"etm.portal.ui.managepartners.view.NewPartner","viewId":"application-managepartners-display-component---NewPartner","properties":{"title":"External partner"},"searchOpenDialogs":true,"interaction":{"idSuffix":"content"}},"wdio_ui5_key":"etmportal.ui.managepartners.view.NewPartnersap.m.StandardListItem{\"title\":\"External partner\"}"}]}
COMMAND: GET /session/6e03489d4a34a8a8f12f495779f86cce/screenshot - {}
RESULT: {"script":"<script> [1562 bytes]","args":[{"selector":{"controlType":"sap.m.StandardListItem","viewName":"etm.portal.ui.managepartners.view.NewPartner","viewId":"application-managepartners-display-component---NewPartner","properties":{"title":"External partner"},"searchOpenDialogs":true,"interaction":{"idSuffix":"content"}},"wdio_ui5_key":"etmportal.ui.managepartners.view.NewPartnersap.m.StandardListItem{\"title\":\"External partner\"}"}]}
RESULT: undefined
COMMAND: POST /session/6e03489d4a34a8a8f12f495779f86cce/element - {"using":"xpath","value":"//*[@id=\"__item1009\"]"}
RESULT: {}
RESULT: {"using":"xpath","value":"//*[@id=\"__item1009\"]"}
COMMAND: POST /session/6e03489d4a34a8a8f12f495779f86cce/element/f.CA981CCC1B751CF1DDFBCEDF28AC53D4.d.B87F229117CEC9363CC34CB9EBF6613C.e.3749/click - {}
RESULT: {}
COMMAND: POST /session/6e03489d4a34a8a8f12f495779f86cce/execute/async - {"script":"<script> [1562 bytes]","args":[{"selector":{"id":"application-managepartners-display-component---NewPartner--partnerDetailsCurrency-arrow"},"wdio_ui5_key":"applicationmanagepartners-display-component---NewPartner--partnerDetailsCurrency-arrow"}]}
COMMAND: GET /session/6e03489d4a34a8a8f12f495779f86cce/screenshot - {}
RESULT: {"script":"<script> [1562 bytes]","args":[{"selector":{"id":"application-managepartners-display-component---NewPartner--partnerDetailsCurrency-arrow"},"wdio_ui5_key":"applicationmanagepartners-display-component---NewPartner--partnerDetailsCurrency-arrow"}]}
RESULT: undefined
COMMAND: POST /session/6e03489d4a34a8a8f12f495779f86cce/element - {"using":"xpath","value":"//*[@id=\"application-managepartners-display-component---NewPartner--partnerDetailsCurrency-arrow\"]"}
RESULT: {}
RESULT: {"using":"xpath","value":"//*[@id=\"application-managepartners-display-component---NewPartner--partnerDetailsCurrency-arrow\"]"}
COMMAND: POST /session/6e03489d4a34a8a8f12f495779f86cce/element/f.CA981CCC1B751CF1DDFBCEDF28AC53D4.d.B87F229117CEC9363CC34CB9EBF6613C.e.3754/click - {}
RESULT: {}
COMMAND: POST /session/6e03489d4a34a8a8f12f495779f86cce/execute/async - {"script":"<script> [1562 bytes]","args":[{"selector":{"controlType":"sap.m.StandardListItem","viewName":"etm.portal.ui.managepartners.view.NewPartner","viewId":"application-managepartners-display-component---NewPartner","properties":{"title":"Euro"},"searchOpenDialogs":true,"interaction":{"idSuffix":"content"}},"wdio_ui5_key":"etmportal.ui.managepartners.view.NewPartnersap.m.StandardListItem{\"title\":\"Euro\"}"}]}
COMMAND: GET /session/6e03489d4a34a8a8f12f495779f86cce/screenshot - {}
RESULT: {"script":"<script> [1562 bytes]","args":[{"selector":{"controlType":"sap.m.StandardListItem","viewName":"etm.portal.ui.managepartners.view.NewPartner","viewId":"application-managepartners-display-component---NewPartner","properties":{"title":"Euro"},"searchOpenDialogs":true,"interaction":{"idSuffix":"content"}},"wdio_ui5_key":"etmportal.ui.managepartners.view.NewPartnersap.m.StandardListItem{\"title\":\"Euro\"}"}]}
RESULT: undefined
COMMAND: POST /session/6e03489d4a34a8a8f12f495779f86cce/element - {"using":"xpath","value":"//*[@id=\"__item1011\"]"}
RESULT: {}
RESULT: {"using":"xpath","value":"//*[@id=\"__item1011\"]"}
COMMAND: POST /session/6e03489d4a34a8a8f12f495779f86cce/element/f.CA981CCC1B751CF1DDFBCEDF28AC53D4.d.B87F229117CEC9363CC34CB9EBF6613C.e.3756/click - {}
RESULT: {}
COMMAND: POST /session/6e03489d4a34a8a8f12f495779f86cce/execute/async - {"script":"<script> [1562 bytes]","args":[{"selector":{"controlType":"sap.m.Button","viewName":"etm.portal.ui.managepartners.view.NewPartner","viewId":"application-managepartners-display-component---NewPartner","properties":{"text":"Assignments"},"interaction":{"idSuffix":"BDI-content"}},"wdio_ui5_key":"etmportal.ui.managepartners.view.NewPartnersap.m.Button{\"text\":\"Assignments\"}"}]}
COMMAND: GET /session/6e03489d4a34a8a8f12f495779f86cce/screenshot - {}
RESULT: {"script":"<script> [1562 bytes]","args":[{"selector":{"controlType":"sap.m.Button","viewName":"etm.portal.ui.managepartners.view.NewPartner","viewId":"application-managepartners-display-component---NewPartner","properties":{"text":"Assignments"},"interaction":{"idSuffix":"BDI-content"}},"wdio_ui5_key":"etmportal.ui.managepartners.view.NewPartnersap.m.Button{\"text\":\"Assignments\"}"}]}
RESULT: undefined
COMMAND: POST /session/6e03489d4a34a8a8f12f495779f86cce/element - {"using":"xpath","value":"//*[@id=\"application-managepartners-display-component---NewPartner--ObjectPageLayout-anchBar-__section61-anchor\"]"}
RESULT: {}
RESULT: {"using":"xpath","value":"//*[@id=\"application-managepartners-display-component---NewPartner--ObjectPageLayout-anchBar-__section61-anchor\"]"}
COMMAND: POST /session/6e03489d4a34a8a8f12f495779f86cce/element/f.CA981CCC1B751CF1DDFBCEDF28AC53D4.d.B87F229117CEC9363CC34CB9EBF6613C.e.3758/click - {}
RESULT: {}
COMMAND: POST /session/6e03489d4a34a8a8f12f495779f86cce/execute/async - {"script":"<script> [1562 bytes]","args":[{"selector":{"id":"application-managepartners-display-component---NewPartner--btnAddTableRow","interaction":{"idSuffix":"inner"}},"wdio_ui5_key":"applicationmanagepartners-display-component---NewPartner--btnAddTableRow"}]}
COMMAND: GET /session/6e03489d4a34a8a8f12f495779f86cce/screenshot - {}
RESULT: {"script":"<script> [1562 bytes]","args":[{"selector":{"id":"application-managepartners-display-component---NewPartner--btnAddTableRow","interaction":{"idSuffix":"inner"}},"wdio_ui5_key":"applicationmanagepartners-display-component---NewPartner--btnAddTableRow"}]}
RESULT: undefined
COMMAND: POST /session/6e03489d4a34a8a8f12f495779f86cce/element - {"using":"xpath","value":"//*[@id=\"application-managepartners-display-component---NewPartner--btnAddTableRow\"]"}
RESULT: {}
RESULT: {"using":"xpath","value":"//*[@id=\"application-managepartners-display-component---NewPartner--btnAddTableRow\"]"}
COMMAND: POST /session/6e03489d4a34a8a8f12f495779f86cce/element/f.CA981CCC1B751CF1DDFBCEDF28AC53D4.d.B87F229117CEC9363CC34CB9EBF6613C.e.3765/click - {}
RESULT: {}
COMMAND: POST /session/6e03489d4a34a8a8f12f495779f86cce/element - {"using":"css selector","value":"#application-managepartners-display-component---NewPartner--assignmentYard-application-managepartners-display-component---NewPartner--assignmentsTable-0-inner"}
COMMAND: GET /session/6e03489d4a34a8a8f12f495779f86cce/screenshot - {}
RESULT: {"using":"css selector","value":"#application-managepartners-display-component---NewPartner--assignmentYard-application-managepartners-display-component---NewPartner--assignmentsTable-0-inner"}
COMMAND: POST /session/6e03489d4a34a8a8f12f495779f86cce/element/f.CA981CCC1B751CF1DDFBCEDF28AC53D4.d.B87F229117CEC9363CC34CB9EBF6613C.e.3767/value - {"text":"261"}
RESULT: {}
RESULT: {"text":"261"}
COMMAND: GET /session/6e03489d4a34a8a8f12f495779f86cce/screenshot - {}
RESULT: {}
COMMAND: POST /session/6e03489d4a34a8a8f12f495779f86cce/actions - {"actions":[{"id":"action6","type":"key","parameters":{},"actions":[{"type":"keyDown","value":"î€‡"},{"type":"pause","duration":10},{"type":"keyUp","value":"î€‡"}]}]}
RESULT: {"actions":[{"id":"action6","type":"key","parameters":{},"actions":[{"type":"keyDown","value":"î€‡"},{"type":"pause","duration":10},{"type":"keyUp","value":"î€‡"}]}]}
COMMAND: POST /session/6e03489d4a34a8a8f12f495779f86cce/execute/async - {"script":"<script> [1562 bytes]","args":[{"selector":{"id":"application-managepartners-display-component---NewPartner--assignmentYard-application-managepartners-display-component---NewPartner--assignmentsTable-0-arrow"},"wdio_ui5_key":"applicationmanagepartners-display-component---NewPartner--assignmentYard-application-managepartners-display-component---NewPartner--assignmentsTable-0-arrow"}]}
COMMAND: GET /session/6e03489d4a34a8a8f12f495779f86cce/screenshot - {}
RESULT: {"script":"<script> [1562 bytes]","args":[{"selector":{"id":"application-managepartners-display-component---NewPartner--assignmentYard-application-managepartners-display-component---NewPartner--assignmentsTable-0-arrow"},"wdio_ui5_key":"applicationmanagepartners-display-component---NewPartner--assignmentYard-application-managepartners-display-component---NewPartner--assignmentsTable-0-arrow"}]}
RESULT: undefined
COMMAND: POST /session/6e03489d4a34a8a8f12f495779f86cce/element - {"using":"xpath","value":"//*[@id=\"application-managepartners-display-component---NewPartner--assignmentYard-application-managepartners-display-component---NewPartner--assignmentsTable-0-arrow\"]"}
RESULT: {}
RESULT: {"using":"xpath","value":"//*[@id=\"application-managepartners-display-component---NewPartner--assignmentYard-application-managepartners-display-component---NewPartner--assignmentsTable-0-arrow\"]"}
COMMAND: POST /session/6e03489d4a34a8a8f12f495779f86cce/element/f.CA981CCC1B751CF1DDFBCEDF28AC53D4.d.B87F229117CEC9363CC34CB9EBF6613C.e.3775/click - {}
RESULT: {}
COMMAND: GET /session/6e03489d4a34a8a8f12f495779f86cce/screenshot - {}
RESULT: {}
COMMAND: POST /session/6e03489d4a34a8a8f12f495779f86cce/execute/async - {"script":"<script> [1562 bytes]","args":[{"selector":{"controlType":"sap.m.Button","viewName":"etm.portal.ui.managepartners.view.NewPartner","viewId":"application-managepartners-display-component---NewPartner","i18NText":{"propertyName":"text","key":"save"},"interaction":{"idSuffix":"BDI-content"}},"wdio_ui5_key":"etmportal.ui.managepartners.view.NewPartnersap.m.Button{\"propertyName\":\"text\",\"key\":\"save\"}"}]}
RESULT: {"script":"<script> [1562 bytes]","args":[{"selector":{"controlType":"sap.m.Button","viewName":"etm.portal.ui.managepartners.view.NewPartner","viewId":"application-managepartners-display-component---NewPartner","i18NText":{"propertyName":"text","key":"save"},"interaction":{"idSuffix":"BDI-content"}},"wdio_ui5_key":"etmportal.ui.managepartners.view.NewPartnersap.m.Button{\"propertyName\":\"text\",\"key\":\"save\"}"}]}
RESULT: undefined
COMMAND: POST /session/6e03489d4a34a8a8f12f495779f86cce/element - {"using":"xpath","value":"//*[@id=\"__button127\"]"}
RESULT: {"using":"xpath","value":"//*[@id=\"__button127\"]"}
COMMAND: POST /session/6e03489d4a34a8a8f12f495779f86cce/element/f.CA981CCC1B751CF1DDFBCEDF28AC53D4.d.B87F229117CEC9363CC34CB9EBF6613C.e.3665/click - {}
RESULT: {}
COMMAND: GET /session/6e03489d4a34a8a8f12f495779f86cce/screenshot - {}
RESULT: {}
COMMAND: POST /session/6e03489d4a34a8a8f12f495779f86cce/execute/async - {"script":"<script> [1562 bytes]","args":[{"selector":{"controlType":"sap.m.Text","viewName":"etm.portal.ui.managepartners.view.Detail","viewId":"application-managepartners-display-component---detailPtm","bindingPath":{"propertyPath":"ID","modelName":"catalogModel"}},"wdio_ui5_key":"etmportal.ui.managepartners.view.Detailsap.m.Text{\"propertyPath\":\"ID\",\"modelName\":\"catalogModel\"}"}]}
RESULT: {"script":"<script> [1562 bytes]","args":[{"selector":{"controlType":"sap.m.Text","viewName":"etm.portal.ui.managepartners.view.Detail","viewId":"application-managepartners-display-component---detailPtm","bindingPath":{"propertyPath":"ID","modelName":"catalogModel"}},"wdio_ui5_key":"etmportal.ui.managepartners.view.Detailsap.m.Text{\"propertyPath\":\"ID\",\"modelName\":\"catalogModel\"}"}]}
RESULT: undefined
COMMAND: POST /session/6e03489d4a34a8a8f12f495779f86cce/execute/async - {"script":"<script> [6424 bytes]","args":[{"element-6066-11e4-a52e-4f735466cecf":"f.CA981CCC1B751CF1DDFBCEDF28AC53D4.d.B87F229117CEC9363CC34CB9EBF6613C.e.3938"},"getText",[]]}
RESULT: {"script":"<script> [6424 bytes]","args":[{"element-6066-11e4-a52e-4f735466cecf":"f.CA981CCC1B751CF1DDFBCEDF28AC53D4.d.B87F229117CEC9363CC34CB9EBF6613C.e.3938"},"getText",[]]}
COMMAND: POST /session/6e03489d4a34a8a8f12f495779f86cce/element - {"using":"css selector","value":"#shell-header-logo"}
RESULT: {"using":"css selector","value":"#shell-header-logo"}
COMMAND: POST /session/6e03489d4a34a8a8f12f495779f86cce/element/f.CA981CCC1B751CF1DDFBCEDF28AC53D4.d.B87F229117CEC9363CC34CB9EBF6613C.e.3271/click - {}
RESULT: {}
COMMAND: GET /session/6e03489d4a34a8a8f12f495779f86cce/screenshot - {}
RESULT: {}
]]></system-out>
    </testcase>
    <testcase classname="chrome.135_0_7049_96.windows.Create_masterdata_for_Mass_Change_State_US104416" name="Mass State Change" time="11.046">
      <system-out><![CDATA[
COMMAND: POST /session/6e03489d4a34a8a8f12f495779f86cce/execute/async - {"script":"<script> [1562 bytes]","args":[{"selector":{"controlType":"sap.m.GenericTile","properties":{"header":"Manage States & Performance"}},"wdio_ui5_key":"sapm.GenericTile{\"header\":\"Manage States & Performance\"}"}]}
COMMAND: GET /session/6e03489d4a34a8a8f12f495779f86cce/screenshot - {}
RESULT: {"script":"<script> [1562 bytes]","args":[{"selector":{"controlType":"sap.m.GenericTile","properties":{"header":"Manage States & Performance"}},"wdio_ui5_key":"sapm.GenericTile{\"header\":\"Manage States & Performance\"}"}]}
RESULT: undefined
RESULT: {}
COMMAND: POST /session/6e03489d4a34a8a8f12f495779f86cce/execute/async - {"script":"<script> [1562 bytes]","args":[{"selector":{"controlType":"sap.ui.core.Icon","viewName":"etm.portal.ui.managestatesandperformance.view.Master","viewId":"application-managestatesandperformance-display-component---stateAndPerform","properties":{"src":{"regex":{"source":"chart\\-table\\-view"}}}},"wdio_ui5_key":"etmportal.ui.managestatesandperformance.view.Mastersap.ui.core.Icon{\"src\":{\"regex\":{\"source\":\"chart\\\\-table\\\\-view\"}}}"}]}
RESULT: {"script":"<script> [1562 bytes]","args":[{"selector":{"controlType":"sap.ui.core.Icon","viewName":"etm.portal.ui.managestatesandperformance.view.Master","viewId":"application-managestatesandperformance-display-component---stateAndPerform","properties":{"src":{"regex":{"source":"chart\\-table\\-view"}}}},"wdio_ui5_key":"etmportal.ui.managestatesandperformance.view.Mastersap.ui.core.Icon{\"src\":{\"regex\":{\"source\":\"chart\\\\-table\\\\-view\"}}}"}]}
RESULT: undefined
COMMAND: POST /session/6e03489d4a34a8a8f12f495779f86cce/execute/async - {"script":"<script> [1562 bytes]","args":[{"selector":{"id":"application-managestatesandperformance-display-component---stateAndPerform--smartFilterBarContracts-btnBasicSearch","interaction":{"idSuffix":"I"}},"wdio_ui5_key":"applicationmanagestatesandperformance-display-component---stateAndPerform--smartFilterBarContracts-btnBasicSearch"}]}
RESULT: {"script":"<script> [1562 bytes]","args":[{"selector":{"id":"application-managestatesandperformance-display-component---stateAndPerform--smartFilterBarContracts-btnBasicSearch","interaction":{"idSuffix":"I"}},"wdio_ui5_key":"applicationmanagestatesandperformance-display-component---stateAndPerform--smartFilterBarContracts-btnBasicSearch"}]}
RESULT: undefined
COMMAND: POST /session/6e03489d4a34a8a8f12f495779f86cce/actions - {"actions":[{"id":"action8","type":"key","parameters":{},"actions":[{"type":"keyDown","value":"î€‡"},{"type":"pause","duration":10},{"type":"keyUp","value":"î€‡"}]}]}
RESULT: {"actions":[{"id":"action8","type":"key","parameters":{},"actions":[{"type":"keyDown","value":"î€‡"},{"type":"pause","duration":10},{"type":"keyUp","value":"î€‡"}]}]}
COMMAND: GET /session/6e03489d4a34a8a8f12f495779f86cce/screenshot - {}
RESULT: {}
COMMAND: POST /session/6e03489d4a34a8a8f12f495779f86cce/execute/async - {"script":"<script> [1562 bytes]","args":[{"selector":{"id":"application-managestatesandperformance-display-component---stateAndPerform--stateAndPerformContractItemsTable-sa","interaction":{"idSuffix":"CbBg"}},"wdio_ui5_key":"applicationmanagestatesandperformance-display-component---stateAndPerform--stateAndPerformContractItemsTable-sa"}]}
RESULT: {"script":"<script> [1562 bytes]","args":[{"selector":{"id":"application-managestatesandperformance-display-component---stateAndPerform--stateAndPerformContractItemsTable-sa","interaction":{"idSuffix":"CbBg"}},"wdio_ui5_key":"applicationmanagestatesandperformance-display-component---stateAndPerform--stateAndPerformContractItemsTable-sa"}]}
RESULT: undefined
COMMAND: POST /session/6e03489d4a34a8a8f12f495779f86cce/execute/async - {"script":"<script> [1562 bytes]","args":[{"selector":{"id":"application-managestatesandperformance-display-component---stateAndPerform--btnMassStateChangeOnContracts-img"},"wdio_ui5_key":"applicationmanagestatesandperformance-display-component---stateAndPerform--btnMassStateChangeOnContracts-img"}]}
RESULT: {"script":"<script> [1562 bytes]","args":[{"selector":{"id":"application-managestatesandperformance-display-component---stateAndPerform--btnMassStateChangeOnContracts-img"},"wdio_ui5_key":"applicationmanagestatesandperformance-display-component---stateAndPerform--btnMassStateChangeOnContracts-img"}]}
RESULT: undefined
COMMAND: POST /session/6e03489d4a34a8a8f12f495779f86cce/execute/async - {"script":"<script> [1562 bytes]","args":[{"selector":{"id":"application-managestatesandperformance-display-component---stateAndPerform--ruStateTypes","searchOpenDialogs":true,"interaction":{"idSuffix":"inner"}},"wdio_ui5_key":"applicationmanagestatesandperformance-display-component---stateAndPerform--ruStateTypes"}]}
RESULT: {"script":"<script> [1562 bytes]","args":[{"selector":{"id":"application-managestatesandperformance-display-component---stateAndPerform--ruStateTypes","searchOpenDialogs":true,"interaction":{"idSuffix":"inner"}},"wdio_ui5_key":"applicationmanagestatesandperformance-display-component---stateAndPerform--ruStateTypes"}]}
RESULT: undefined
COMMAND: POST /session/6e03489d4a34a8a8f12f495779f86cce/execute/async - {"script":"<script> [1562 bytes]","args":[{"selector":{"controlType":"sap.m.Button","viewName":"etm.portal.ui.managestatesandperformance.view.Master","viewId":"application-managestatesandperformance-display-component---stateAndPerform","i18NText":{"propertyName":"text","key":"ok"},"searchOpenDialogs":true,"interaction":{"idSuffix":"BDI-content"}},"wdio_ui5_key":"etmportal.ui.managestatesandperformance.view.Mastersap.m.Button{\"propertyName\":\"text\",\"key\":\"ok\"}"}]}
RESULT: {"script":"<script> [1562 bytes]","args":[{"selector":{"controlType":"sap.m.Button","viewName":"etm.portal.ui.managestatesandperformance.view.Master","viewId":"application-managestatesandperformance-display-component---stateAndPerform","i18NText":{"propertyName":"text","key":"ok"},"searchOpenDialogs":true,"interaction":{"idSuffix":"BDI-content"}},"wdio_ui5_key":"etmportal.ui.managestatesandperformance.view.Mastersap.m.Button{\"propertyName\":\"text\",\"key\":\"ok\"}"}]}
RESULT: undefined
COMMAND: POST /session/6e03489d4a34a8a8f12f495779f86cce/execute/async - {"script":"<script> [1562 bytes]","args":[{"selector":{"controlType":"sap.m.Button","properties":{"text":"OK"},"searchOpenDialogs":true,"ancestor":{"controlType":"sap.m.Dialog","properties":{"icon":"sap-icon://sys-help-2"},"searchOpenDialogs":true},"interaction":{"idSuffix":"BDI-content"}},"wdio_ui5_key":"sapm.Button{\"text\":\"OK\"}{\"controlType\":\"sap.m.Dialog\",\"properties\":{\"icon\":\"sap-icon://sys-help-2\"},\"searchOpenDialogs\":true}"}]}
RESULT: {"script":"<script> [1562 bytes]","args":[{"selector":{"controlType":"sap.m.Button","properties":{"text":"OK"},"searchOpenDialogs":true,"ancestor":{"controlType":"sap.m.Dialog","properties":{"icon":"sap-icon://sys-help-2"},"searchOpenDialogs":true},"interaction":{"idSuffix":"BDI-content"}},"wdio_ui5_key":"sapm.Button{\"text\":\"OK\"}{\"controlType\":\"sap.m.Dialog\",\"properties\":{\"icon\":\"sap-icon://sys-help-2\"},\"searchOpenDialogs\":true}"}]}
RESULT: undefined
COMMAND: POST /session/6e03489d4a34a8a8f12f495779f86cce/element - {"using":"css selector","value":"#j_username"}
COMMAND: POST /session/6e03489d4a34a8a8f12f495779f86cce/url - {"url":"https://qa-testing-00-live-etm-ui.cfapps.eu10-004.hana.ondemand.com/"}
COMMAND: GET /session/6e03489d4a34a8a8f12f495779f86cce/screenshot - {}
RESULT: {}
RESULT: {"url":"https://qa-testing-00-live-etm-ui.cfapps.eu10-004.hana.ondemand.com/"}
RESULT: undefined
COMMAND: GET /session/6e03489d4a34a8a8f12f495779f86cce/screenshot - {}
RESULT: {"using":"css selector","value":"#j_username"}
COMMAND: POST /session/6e03489d4a34a8a8f12f495779f86cce/element - {"using":"css selector","value":"#j_username"}
RESULT: {}
RESULT: {"using":"css selector","value":"#j_username"}
COMMAND: POST /session/6e03489d4a34a8a8f12f495779f86cce/element - {"using":"css selector","value":"#shell-header-logo"}
RESULT: {"using":"css selector","value":"#shell-header-logo"}
COMMAND: POST /session/6e03489d4a34a8a8f12f495779f86cce/execute/sync - {"script":"<script> [8489 bytes]","args":[{"element-6066-11e4-a52e-4f735466cecf":"f.CA981CCC1B751CF1DDFBCEDF28AC53D4.d.8C6F5A72959E60E865123B35BA9C8814.e.4431","ELEMENT":"f.CA981CCC1B751CF1DDFBCEDF28AC53D4.d.8C6F5A72959E60E865123B35BA9C8814.e.4431"}]}
RESULT: {"script":"<script> [8489 bytes]","args":[{"element-6066-11e4-a52e-4f735466cecf":"f.CA981CCC1B751CF1DDFBCEDF28AC53D4.d.8C6F5A72959E60E865123B35BA9C8814.e.4431","ELEMENT":"f.CA981CCC1B751CF1DDFBCEDF28AC53D4.d.8C6F5A72959E60E865123B35BA9C8814.e.4431"}]}
COMMAND: POST /session/6e03489d4a34a8a8f12f495779f86cce/element - {"using":"css selector","value":"#shell-header-logo"}
COMMAND: GET /session/6e03489d4a34a8a8f12f495779f86cce/screenshot - {}
RESULT: {"using":"css selector","value":"#shell-header-logo"}
COMMAND: POST /session/6e03489d4a34a8a8f12f495779f86cce/execute/sync - {"script":"<script> [8489 bytes]","args":[{"element-6066-11e4-a52e-4f735466cecf":"f.CA981CCC1B751CF1DDFBCEDF28AC53D4.d.8C6F5A72959E60E865123B35BA9C8814.e.4431","ELEMENT":"f.CA981CCC1B751CF1DDFBCEDF28AC53D4.d.8C6F5A72959E60E865123B35BA9C8814.e.4431"}]}
RESULT: {}
RESULT: {"script":"<script> [8489 bytes]","args":[{"element-6066-11e4-a52e-4f735466cecf":"f.CA981CCC1B751CF1DDFBCEDF28AC53D4.d.8C6F5A72959E60E865123B35BA9C8814.e.4431","ELEMENT":"f.CA981CCC1B751CF1DDFBCEDF28AC53D4.d.8C6F5A72959E60E865123B35BA9C8814.e.4431"}]}
COMMAND: POST /session/6e03489d4a34a8a8f12f495779f86cce/execute/sync - {"script":"<script> [5351 bytes]","args":[{"element-6066-11e4-a52e-4f735466cecf":"f.CA981CCC1B751CF1DDFBCEDF28AC53D4.d.8C6F5A72959E60E865123B35BA9C8814.e.4431","ELEMENT":"f.CA981CCC1B751CF1DDFBCEDF28AC53D4.d.8C6F5A72959E60E865123B35BA9C8814.e.4431"}]}
COMMAND: GET /session/6e03489d4a34a8a8f12f495779f86cce/screenshot - {}
RESULT: {"script":"<script> [5351 bytes]","args":[{"element-6066-11e4-a52e-4f735466cecf":"f.CA981CCC1B751CF1DDFBCEDF28AC53D4.d.8C6F5A72959E60E865123B35BA9C8814.e.4431","ELEMENT":"f.CA981CCC1B751CF1DDFBCEDF28AC53D4.d.8C6F5A72959E60E865123B35BA9C8814.e.4431"}]}
COMMAND: POST /session/6e03489d4a34a8a8f12f495779f86cce/element - {"using":"css selector","value":"#shell-header-logo"}
COMMAND: GET /session/6e03489d4a34a8a8f12f495779f86cce/screenshot - {}
RESULT: {}
RESULT: {"using":"css selector","value":"#shell-header-logo"}
COMMAND: POST /session/6e03489d4a34a8a8f12f495779f86cce/element/f.CA981CCC1B751CF1DDFBCEDF28AC53D4.d.8C6F5A72959E60E865123B35BA9C8814.e.4431/click - {}
RESULT: {}
RESULT: {}
COMMAND: GET /session/6e03489d4a34a8a8f12f495779f86cce/screenshot - {}
RESULT: {}
COMMAND: POST /session/6e03489d4a34a8a8f12f495779f86cce/execute/async - {"script":"<script> [189 bytes]","args":[]}
RESULT: {"script":"<script> [189 bytes]","args":[]}
COMMAND: POST /session/6e03489d4a34a8a8f12f495779f86cce/execute/async - {"script":"<script> [123 bytes]","args":[]}
RESULT: {"script":"<script> [123 bytes]","args":[]}
COMMAND: POST /session/6e03489d4a34a8a8f12f495779f86cce/timeouts - {"script":"<number>"}
RESULT: {"script":"<number>"}
COMMAND: GET /session/6e03489d4a34a8a8f12f495779f86cce/timeouts - {}
RESULT: {}
RESULT: undefined
COMMAND: POST /session/6e03489d4a34a8a8f12f495779f86cce/execute/async - {"script":"<script> [2676 bytes]","args":[]}
RESULT: {"script":"<script> [2676 bytes]","args":[]}
COMMAND: POST /session/6e03489d4a34a8a8f12f495779f86cce/execute/async - {"script":"<script> [2342 bytes]","args":[{"protocol":"http","hostname":"0.0.0.0","path":"/","capabilities":{"browserName":"chrome","goog:chromeOptions":{"binary":"C:\\Program Files\\Google\\Chrome\\Application\\chrome.exe","args":["--start-maximized"]}},"logLevel":"warn","connectionRetryTimeout":120000,"connectionRetryCount":3,"logLevels":{},"enableDirectConnect":true,"strictSSL":true,"_":"65 more keys: [\"cacheDir\",\"port\",\"requestedCapabilities\",\"automationProtocol\",\"baseUrl\",\"waitforInterval\",\"waitforTimeout\",\"onReload\",\"beforeCommand\",\"afterCommand\",\"rootDir\",\"specs\",\"suites\",\"exclude\",\"groupLogsByTestSpec\",\"excludeDriverLogs\",\"bail\",\"framework\",\"reporters\",\"services\",\"maxInstances\",\"maxInstancesPerCapability\",\"injectGlobals\",\"filesToWatch\",\"execArgv\",\"runnerEnv\",\"runner\",\"shard\",\"specFileRetries\",\"specFileRetriesDelay\",\"specFileRetriesDeferred\",\"reporterSyncInterval\",\"reporterSyncTimeout\",\"cucumberFeaturesWithLineNumbers\",\"autoCompileOpts\",\"mochaOpts\",\"jasmineOpts\",\"cucumberOpts\",\"onPrepare\",\"onWorkerStart\",\"onWorkerEnd\",\"before\",\"beforeSession\",\"beforeSuite\",\"beforeHook\",\"beforeTest\",\"afterTest\",\"afterHook\",\"afterSuite\",\"afterSession\",\"after\",\"onComplete\",\"beforeAssertion\",\"afterAssertion\",\"beforeFeature\",\"beforeScenario\",\"beforeStep\",\"afterStep\",\"afterScenario\",\"afterFeature\",\"_\",\"suite\",\"$0\",\"ignoredWorkerServices\",\"wdi5\"]"}]}
RESULT: {"script":"<script> [2342 bytes]","args":[{"protocol":"http","hostname":"0.0.0.0","path":"/","capabilities":{"browserName":"chrome","goog:chromeOptions":{"binary":"C:\\Program Files\\Google\\Chrome\\Application\\chrome.exe","args":["--start-maximized"]}},"logLevel":"warn","connectionRetryTimeout":120000,"connectionRetryCount":3,"logLevels":{},"enableDirectConnect":true,"strictSSL":true,"_":"65 more keys: [\"cacheDir\",\"port\",\"requestedCapabilities\",\"automationProtocol\",\"baseUrl\",\"waitforInterval\",\"waitforTimeout\",\"onReload\",\"beforeCommand\",\"afterCommand\",\"rootDir\",\"specs\",\"suites\",\"exclude\",\"groupLogsByTestSpec\",\"excludeDriverLogs\",\"bail\",\"framework\",\"reporters\",\"services\",\"maxInstances\",\"maxInstancesPerCapability\",\"injectGlobals\",\"filesToWatch\",\"execArgv\",\"runnerEnv\",\"runner\",\"shard\",\"specFileRetries\",\"specFileRetriesDelay\",\"specFileRetriesDeferred\",\"reporterSyncInterval\",\"reporterSyncTimeout\",\"cucumberFeaturesWithLineNumbers\",\"autoCompileOpts\",\"mochaOpts\",\"jasmineOpts\",\"cucumberOpts\",\"onPrepare\",\"onWorkerStart\",\"onWorkerEnd\",\"before\",\"beforeSession\",\"beforeSuite\",\"beforeHook\",\"beforeTest\",\"afterTest\",\"afterHook\",\"afterSuite\",\"afterSession\",\"after\",\"onComplete\",\"beforeAssertion\",\"afterAssertion\",\"beforeFeature\",\"beforeScenario\",\"beforeStep\",\"afterStep\",\"afterScenario\",\"afterFeature\",\"_\",\"suite\",\"$0\",\"ignoredWorkerServices\",\"wdi5\"]"}]}
COMMAND: POST /session/6e03489d4a34a8a8f12f495779f86cce/execute/async - {"script":"<script> [21126 bytes]","args":[35000]}
RESULT: {"script":"<script> [21126 bytes]","args":[35000]}
COMMAND: POST /session/6e03489d4a34a8a8f12f495779f86cce/window/maximize - {}
RESULT: {}
COMMAND: POST /session/6e03489d4a34a8a8f12f495779f86cce/execute/async - {"script":"<script> [1562 bytes]","args":[{"selector":{"id":"shell-header","interaction":{"idSuffix":"icon"}},"wdio_ui5_key":"shellheader"}]}
COMMAND: GET /session/6e03489d4a34a8a8f12f495779f86cce/screenshot - {}
RESULT: {"script":"<script> [1562 bytes]","args":[{"selector":{"id":"shell-header","interaction":{"idSuffix":"icon"}},"wdio_ui5_key":"shellheader"}]}
RESULT: undefined
]]></system-out>
    </testcase>
  </testsuite>
  <testsuite timestamp="2025-04-26T16:56:32" time="302.375" tests="3" failures="1" errors="1" skipped="0">
    <properties>
      <property name="specId" value="0" />
      <property name="suiteName" value="Transfer Yard to Yard US131076" />
      <property name="capabilities" value="chrome.135_0_7049_96.windows" />
      <property name="file" value="file:///D:/a/1/s/test/specs/HTR/transfer-yard-to-yard.spec.js" />
    </properties>
    <testcase classname="chrome.135_0_7049_96.windows.Transfer_Yard_to_Yard_US131076" name="Should create one equipment and one multipart" time="173.713">
      <system-out><![CDATA[
COMMAND: POST /session/6e03489d4a34a8a8f12f495779f86cce/execute/async - {"script":"<script> [1562 bytes]","args":[{"selector":{"controlType":"sap.m.GenericTile","properties":{"header":"Manage Resources"}},"wdio_ui5_key":"sapm.GenericTile{\"header\":\"Manage Resources\"}"}]}
RESULT: {}
RESULT: {"script":"<script> [1562 bytes]","args":[{"selector":{"controlType":"sap.m.GenericTile","properties":{"header":"Manage Resources"}},"wdio_ui5_key":"sapm.GenericTile{\"header\":\"Manage Resources\"}"}]}
RESULT: undefined
COMMAND: POST /session/6e03489d4a34a8a8f12f495779f86cce/element - {"using":"xpath","value":"//*[@id=\"__tile39\"]"}
RESULT: {"using":"xpath","value":"//*[@id=\"__tile39\"]"}
COMMAND: POST /session/6e03489d4a34a8a8f12f495779f86cce/element/f.CA981CCC1B751CF1DDFBCEDF28AC53D4.d.8C6F5A72959E60E865123B35BA9C8814.e.4432/click - {}
RESULT: {}
COMMAND: GET /session/6e03489d4a34a8a8f12f495779f86cce/screenshot - {}
RESULT: {}
COMMAND: POST /session/6e03489d4a34a8a8f12f495779f86cce/execute/async - {"script":"<script> [1562 bytes]","args":[{"selector":{"controlType":"sap.ui.core.Icon","viewName":"etm.portal.ui.manageresources.view.Master","viewId":"application-manageresources-display-component---masterRU","properties":{"src":{"regex":{"source":"add"}}}},"wdio_ui5_key":"etmportal.ui.manageresources.view.Mastersap.ui.core.Icon{\"src\":{\"regex\":{\"source\":\"add\"}}}"}]}
RESULT: {"script":"<script> [1562 bytes]","args":[{"selector":{"controlType":"sap.ui.core.Icon","viewName":"etm.portal.ui.manageresources.view.Master","viewId":"application-manageresources-display-component---masterRU","properties":{"src":{"regex":{"source":"add"}}}},"wdio_ui5_key":"etmportal.ui.manageresources.view.Mastersap.ui.core.Icon{\"src\":{\"regex\":{\"source\":\"add\"}}}"}]}
RESULT: undefined
COMMAND: POST /session/6e03489d4a34a8a8f12f495779f86cce/element - {"using":"xpath","value":"//*[@id=\"__button5-img\"]"}
RESULT: {"using":"xpath","value":"//*[@id=\"__button5-img\"]"}
COMMAND: POST /session/6e03489d4a34a8a8f12f495779f86cce/element/f.CA981CCC1B751CF1DDFBCEDF28AC53D4.d.8C6F5A72959E60E865123B35BA9C8814.e.4579/click - {}
RESULT: {}
COMMAND: GET /session/6e03489d4a34a8a8f12f495779f86cce/screenshot - {}
RESULT: {}
COMMAND: POST /session/6e03489d4a34a8a8f12f495779f86cce/execute/async - {"script":"<script> [1562 bytes]","args":[{"selector":{"id":"application-manageresources-display-component---newResourceUnit--TYPE-arrow"},"wdio_ui5_key":"applicationmanageresources-display-component---newResourceUnit--TYPE-arrow"}]}
RESULT: {"script":"<script> [1562 bytes]","args":[{"selector":{"id":"application-manageresources-display-component---newResourceUnit--TYPE-arrow"},"wdio_ui5_key":"applicationmanageresources-display-component---newResourceUnit--TYPE-arrow"}]}
RESULT: undefined
COMMAND: POST /session/6e03489d4a34a8a8f12f495779f86cce/element - {"using":"xpath","value":"//*[@id=\"application-manageresources-display-component---newResourceUnit--TYPE-arrow\"]"}
RESULT: {"using":"xpath","value":"//*[@id=\"application-manageresources-display-component---newResourceUnit--TYPE-arrow\"]"}
COMMAND: POST /session/6e03489d4a34a8a8f12f495779f86cce/element/f.CA981CCC1B751CF1DDFBCEDF28AC53D4.d.8C6F5A72959E60E865123B35BA9C8814.e.4796/click - {}
RESULT: {}
COMMAND: POST /session/6e03489d4a34a8a8f12f495779f86cce/execute/async - {"script":"<script> [1562 bytes]","args":[{"selector":{"controlType":"sap.m.StandardListItem","viewName":"reusables.view.manageresources.NewResourceUnit","viewId":"application-manageresources-display-component---newResourceUnit","properties":{"title":"Equipment"},"searchOpenDialogs":true,"interaction":{"idSuffix":"content"}},"wdio_ui5_key":"reusablesview.manageresources.NewResourceUnitsap.m.StandardListItem{\"title\":\"Equipment\"}"}]}
COMMAND: GET /session/6e03489d4a34a8a8f12f495779f86cce/screenshot - {}
RESULT: {"script":"<script> [1562 bytes]","args":[{"selector":{"controlType":"sap.m.StandardListItem","viewName":"reusables.view.manageresources.NewResourceUnit","viewId":"application-manageresources-display-component---newResourceUnit","properties":{"title":"Equipment"},"searchOpenDialogs":true,"interaction":{"idSuffix":"content"}},"wdio_ui5_key":"reusablesview.manageresources.NewResourceUnitsap.m.StandardListItem{\"title\":\"Equipment\"}"}]}
RESULT: undefined
COMMAND: POST /session/6e03489d4a34a8a8f12f495779f86cce/element - {"using":"xpath","value":"//*[@id=\"__item141\"]"}
RESULT: {}
RESULT: {"using":"xpath","value":"//*[@id=\"__item141\"]"}
COMMAND: POST /session/6e03489d4a34a8a8f12f495779f86cce/element/f.CA981CCC1B751CF1DDFBCEDF28AC53D4.d.8C6F5A72959E60E865123B35BA9C8814.e.4799/click - {}
RESULT: {}
COMMAND: POST /session/6e03489d4a34a8a8f12f495779f86cce/execute/async - {"script":"<script> [1562 bytes]","args":[{"selector":{"id":"application-manageresources-display-component---newResourceUnit--resourceId","interaction":{"idSuffix":"inner"}},"wdio_ui5_key":"applicationmanageresources-display-component---newResourceUnit--resourceId"}]}
COMMAND: GET /session/6e03489d4a34a8a8f12f495779f86cce/screenshot - {}
RESULT: {"script":"<script> [1562 bytes]","args":[{"selector":{"id":"application-manageresources-display-component---newResourceUnit--resourceId","interaction":{"idSuffix":"inner"}},"wdio_ui5_key":"applicationmanageresources-display-component---newResourceUnit--resourceId"}]}
RESULT: undefined
COMMAND: POST /session/6e03489d4a34a8a8f12f495779f86cce/execute/async - {"script":"<script> [776 bytes]","args":[{"enterText":"TransferYardEquipawvnz","selector":{"id":"application-manageresources-display-component---newResourceUnit--resourceId","interaction":{"idSuffix":"inner"}},"clearTextFirst":true,"interactionType":"ENTER_TEXT"}]}
RESULT: {}
RESULT: {"script":"<script> [776 bytes]","args":[{"enterText":"TransferYardEquipawvnz","selector":{"id":"application-manageresources-display-component---newResourceUnit--resourceId","interaction":{"idSuffix":"inner"}},"clearTextFirst":true,"interactionType":"ENTER_TEXT"}]}
COMMAND: POST /session/6e03489d4a34a8a8f12f495779f86cce/execute/async - {"script":"<script> [1562 bytes]","args":[{"selector":{"id":"application-manageresources-display-component---newResourceUnit--SHORT_TEXT","interaction":{"idSuffix":"inner"}},"wdio_ui5_key":"applicationmanageresources-display-component---newResourceUnit--SHORT_TEXT"}]}
RESULT: {"script":"<script> [1562 bytes]","args":[{"selector":{"id":"application-manageresources-display-component---newResourceUnit--SHORT_TEXT","interaction":{"idSuffix":"inner"}},"wdio_ui5_key":"applicationmanageresources-display-component---newResourceUnit--SHORT_TEXT"}]}
RESULT: undefined
COMMAND: POST /session/6e03489d4a34a8a8f12f495779f86cce/execute/async - {"script":"<script> [776 bytes]","args":[{"enterText":"Equip4transfer","selector":{"id":"application-manageresources-display-component---newResourceUnit--SHORT_TEXT","interaction":{"idSuffix":"inner"}},"clearTextFirst":true,"interactionType":"ENTER_TEXT"}]}
RESULT: {"script":"<script> [776 bytes]","args":[{"enterText":"Equip4transfer","selector":{"id":"application-manageresources-display-component---newResourceUnit--SHORT_TEXT","interaction":{"idSuffix":"inner"}},"clearTextFirst":true,"interactionType":"ENTER_TEXT"}]}
COMMAND: POST /session/6e03489d4a34a8a8f12f495779f86cce/execute/async - {"script":"<script> [1562 bytes]","args":[{"selector":{"id":"application-manageresources-display-component---newResourceUnit--BASE_UNIT_OF_MEASURE","interaction":{"idSuffix":"inner"}},"wdio_ui5_key":"applicationmanageresources-display-component---newResourceUnit--BASE_UNIT_OF_MEASURE"}]}
RESULT: {"script":"<script> [1562 bytes]","args":[{"selector":{"id":"application-manageresources-display-component---newResourceUnit--BASE_UNIT_OF_MEASURE","interaction":{"idSuffix":"inner"}},"wdio_ui5_key":"applicationmanageresources-display-component---newResourceUnit--BASE_UNIT_OF_MEASURE"}]}
RESULT: undefined
COMMAND: POST /session/6e03489d4a34a8a8f12f495779f86cce/execute/async - {"script":"<script> [776 bytes]","args":[{"enterText":"Piece","selector":{"id":"application-manageresources-display-component---newResourceUnit--BASE_UNIT_OF_MEASURE","interaction":{"idSuffix":"inner"}},"clearTextFirst":true,"interactionType":"ENTER_TEXT"}]}
RESULT: {"script":"<script> [776 bytes]","args":[{"enterText":"Piece","selector":{"id":"application-manageresources-display-component---newResourceUnit--BASE_UNIT_OF_MEASURE","interaction":{"idSuffix":"inner"}},"clearTextFirst":true,"interactionType":"ENTER_TEXT"}]}
COMMAND: POST /session/6e03489d4a34a8a8f12f495779f86cce/execute/async - {"script":"<script> [1562 bytes]","args":[{"selector":{"id":"application-manageresources-display-component---newResourceUnit--WEIGHT_UNIT","interaction":{"idSuffix":"inner"}},"wdio_ui5_key":"applicationmanageresources-display-component---newResourceUnit--WEIGHT_UNIT"}]}
RESULT: {"script":"<script> [1562 bytes]","args":[{"selector":{"id":"application-manageresources-display-component---newResourceUnit--WEIGHT_UNIT","interaction":{"idSuffix":"inner"}},"wdio_ui5_key":"applicationmanageresources-display-component---newResourceUnit--WEIGHT_UNIT"}]}
RESULT: undefined
COMMAND: POST /session/6e03489d4a34a8a8f12f495779f86cce/execute/async - {"script":"<script> [776 bytes]","args":[{"enterText":"Gram","selector":{"id":"application-manageresources-display-component---newResourceUnit--WEIGHT_UNIT","interaction":{"idSuffix":"inner"}},"clearTextFirst":true,"interactionType":"ENTER_TEXT"}]}
RESULT: {"script":"<script> [776 bytes]","args":[{"enterText":"Gram","selector":{"id":"application-manageresources-display-component---newResourceUnit--WEIGHT_UNIT","interaction":{"idSuffix":"inner"}},"clearTextFirst":true,"interactionType":"ENTER_TEXT"}]}
COMMAND: POST /session/6e03489d4a34a8a8f12f495779f86cce/execute/async - {"script":"<script> [1562 bytes]","args":[{"selector":{"id":"application-manageresources-display-component---newResourceUnit--DIMENSION_UNIT","interaction":{"idSuffix":"inner"}},"wdio_ui5_key":"applicationmanageresources-display-component---newResourceUnit--DIMENSION_UNIT"}]}
RESULT: {"script":"<script> [1562 bytes]","args":[{"selector":{"id":"application-manageresources-display-component---newResourceUnit--DIMENSION_UNIT","interaction":{"idSuffix":"inner"}},"wdio_ui5_key":"applicationmanageresources-display-component---newResourceUnit--DIMENSION_UNIT"}]}
RESULT: undefined
COMMAND: POST /session/6e03489d4a34a8a8f12f495779f86cce/execute/async - {"script":"<script> [776 bytes]","args":[{"enterText":"Meter","selector":{"id":"application-manageresources-display-component---newResourceUnit--DIMENSION_UNIT","interaction":{"idSuffix":"inner"}},"clearTextFirst":true,"interactionType":"ENTER_TEXT"}]}
RESULT: {"script":"<script> [776 bytes]","args":[{"enterText":"Meter","selector":{"id":"application-manageresources-display-component---newResourceUnit--DIMENSION_UNIT","interaction":{"idSuffix":"inner"}},"clearTextFirst":true,"interactionType":"ENTER_TEXT"}]}
COMMAND: POST /session/6e03489d4a34a8a8f12f495779f86cce/execute/async - {"script":"<script> [1562 bytes]","args":[{"selector":{"id":"application-manageresources-display-component---newResourceUnit--newRRUPage-anchBar-application-manageresources-display-component---newResourceUnit--control-anchor","interaction":{"idSuffix":"BDI-content"}},"wdio_ui5_key":"applicationmanageresources-display-component---newResourceUnit--newRRUPage-anchBar-application-manageresources-display-component---newResourceUnit--control-anchor"}]}
RESULT: {"script":"<script> [1562 bytes]","args":[{"selector":{"id":"application-manageresources-display-component---newResourceUnit--newRRUPage-anchBar-application-manageresources-display-component---newResourceUnit--control-anchor","interaction":{"idSuffix":"BDI-content"}},"wdio_ui5_key":"applicationmanageresources-display-component---newResourceUnit--newRRUPage-anchBar-application-manageresources-display-component---newResourceUnit--control-anchor"}]}
RESULT: undefined
COMMAND: POST /session/6e03489d4a34a8a8f12f495779f86cce/element - {"using":"xpath","value":"//*[@id=\"application-manageresources-display-component---newResourceUnit--newRRUPage-anchBar-application-manageresources-display-component---newResourceUnit--control-anchor\"]"}
RESULT: {"using":"xpath","value":"//*[@id=\"application-manageresources-display-component---newResourceUnit--newRRUPage-anchBar-application-manageresources-display-component---newResourceUnit--control-anchor\"]"}
COMMAND: POST /session/6e03489d4a34a8a8f12f495779f86cce/element/f.CA981CCC1B751CF1DDFBCEDF28AC53D4.d.8C6F5A72959E60E865123B35BA9C8814.e.4932/click - {}
RESULT: {}
COMMAND: POST /session/6e03489d4a34a8a8f12f495779f86cce/execute/async - {"script":"<script> [1562 bytes]","args":[{"selector":{"id":"application-manageresources-display-component---newResourceUnit--PLANNING_GROUP","interaction":{"idSuffix":"inner"}},"wdio_ui5_key":"applicationmanageresources-display-component---newResourceUnit--PLANNING_GROUP"}]}
COMMAND: GET /session/6e03489d4a34a8a8f12f495779f86cce/screenshot - {}
RESULT: {"script":"<script> [1562 bytes]","args":[{"selector":{"id":"application-manageresources-display-component---newResourceUnit--PLANNING_GROUP","interaction":{"idSuffix":"inner"}},"wdio_ui5_key":"applicationmanageresources-display-component---newResourceUnit--PLANNING_GROUP"}]}
RESULT: undefined
COMMAND: POST /session/6e03489d4a34a8a8f12f495779f86cce/execute/async - {"script":"<script> [776 bytes]","args":[{"enterText":"Heavy Equi","selector":{"id":"application-manageresources-display-component---newResourceUnit--PLANNING_GROUP","interaction":{"idSuffix":"inner"}},"clearTextFirst":true,"interactionType":"ENTER_TEXT"}]}
RESULT: {}
RESULT: {"script":"<script> [776 bytes]","args":[{"enterText":"Heavy Equi","selector":{"id":"application-manageresources-display-component---newResourceUnit--PLANNING_GROUP","interaction":{"idSuffix":"inner"}},"clearTextFirst":true,"interactionType":"ENTER_TEXT"}]}
COMMAND: POST /session/6e03489d4a34a8a8f12f495779f86cce/execute/async - {"script":"<script> [1562 bytes]","args":[{"selector":{"id":"application-manageresources-display-component---newResourceUnit--ITEM_TYPE-arrow"},"wdio_ui5_key":"applicationmanageresources-display-component---newResourceUnit--ITEM_TYPE-arrow"}]}
RESULT: {"script":"<script> [1562 bytes]","args":[{"selector":{"id":"application-manageresources-display-component---newResourceUnit--ITEM_TYPE-arrow"},"wdio_ui5_key":"applicationmanageresources-display-component---newResourceUnit--ITEM_TYPE-arrow"}]}
RESULT: undefined
COMMAND: POST /session/6e03489d4a34a8a8f12f495779f86cce/element - {"using":"xpath","value":"//*[@id=\"application-manageresources-display-component---newResourceUnit--ITEM_TYPE-arrow\"]"}
RESULT: {"using":"xpath","value":"//*[@id=\"application-manageresources-display-component---newResourceUnit--ITEM_TYPE-arrow\"]"}
COMMAND: POST /session/6e03489d4a34a8a8f12f495779f86cce/element/f.CA981CCC1B751CF1DDFBCEDF28AC53D4.d.8C6F5A72959E60E865123B35BA9C8814.e.4941/click - {}
RESULT: {}
COMMAND: POST /session/6e03489d4a34a8a8f12f495779f86cce/execute/async - {"script":"<script> [1562 bytes]","args":[{"selector":{"controlType":"sap.m.StandardListItem","viewName":"reusables.view.manageresources.NewResourceUnit","viewId":"application-manageresources-display-component---newResourceUnit","properties":{"title":"Resource Unit"},"searchOpenDialogs":true,"interaction":{"idSuffix":"titleText"}},"wdio_ui5_key":"reusablesview.manageresources.NewResourceUnitsap.m.StandardListItem{\"title\":\"Resource Unit\"}"}]}
COMMAND: GET /session/6e03489d4a34a8a8f12f495779f86cce/screenshot - {}
RESULT: {"script":"<script> [1562 bytes]","args":[{"selector":{"controlType":"sap.m.StandardListItem","viewName":"reusables.view.manageresources.NewResourceUnit","viewId":"application-manageresources-display-component---newResourceUnit","properties":{"title":"Resource Unit"},"searchOpenDialogs":true,"interaction":{"idSuffix":"titleText"}},"wdio_ui5_key":"reusablesview.manageresources.NewResourceUnitsap.m.StandardListItem{\"title\":\"Resource Unit\"}"}]}
RESULT: undefined
COMMAND: POST /session/6e03489d4a34a8a8f12f495779f86cce/element - {"using":"xpath","value":"//*[@id=\"__item210\"]"}
RESULT: {}
RESULT: {"using":"xpath","value":"//*[@id=\"__item210\"]"}
COMMAND: POST /session/6e03489d4a34a8a8f12f495779f86cce/element/f.CA981CCC1B751CF1DDFBCEDF28AC53D4.d.8C6F5A72959E60E865123B35BA9C8814.e.4943/click - {}
RESULT: {}
COMMAND: POST /session/6e03489d4a34a8a8f12f495779f86cce/execute/async - {"script":"<script> [1562 bytes]","args":[{"selector":{"id":"application-manageresources-display-component---newResourceUnit--btnAddTimeSegment-img"},"wdio_ui5_key":"applicationmanageresources-display-component---newResourceUnit--btnAddTimeSegment-img"}]}
COMMAND: GET /session/6e03489d4a34a8a8f12f495779f86cce/screenshot - {}
RESULT: {"script":"<script> [1562 bytes]","args":[{"selector":{"id":"application-manageresources-display-component---newResourceUnit--btnAddTimeSegment-img"},"wdio_ui5_key":"applicationmanageresources-display-component---newResourceUnit--btnAddTimeSegment-img"}]}
RESULT: undefined
COMMAND: POST /session/6e03489d4a34a8a8f12f495779f86cce/element - {"using":"xpath","value":"//*[@id=\"application-manageresources-display-component---newResourceUnit--btnAddTimeSegment-img\"]"}
RESULT: {}
RESULT: {"using":"xpath","value":"//*[@id=\"application-manageresources-display-component---newResourceUnit--btnAddTimeSegment-img\"]"}
COMMAND: POST /session/6e03489d4a34a8a8f12f495779f86cce/element/f.CA981CCC1B751CF1DDFBCEDF28AC53D4.d.8C6F5A72959E60E865123B35BA9C8814.e.4944/click - {}
RESULT: {}
COMMAND: POST /session/6e03489d4a34a8a8f12f495779f86cce/element - {"using":"xpath","value":"//input[@id=\"application-manageresources-display-component---newResourceUnit--idRuTSAdmin-application-manageresources-display-component---newResourceUnit--RUTimeSegment-0-inner\"]"}
COMMAND: GET /session/6e03489d4a34a8a8f12f495779f86cce/screenshot - {}
RESULT: {"using":"xpath","value":"//input[@id=\"application-manageresources-display-component---newResourceUnit--idRuTSAdmin-application-manageresources-display-component---newResourceUnit--RUTimeSegment-0-inner\"]"}
COMMAND: POST /session/6e03489d4a34a8a8f12f495779f86cce/element/f.CA981CCC1B751CF1DDFBCEDF28AC53D4.d.8C6F5A72959E60E865123B35BA9C8814.e.4948/clear - {}
RESULT: {}
RESULT: {}
COMMAND: POST /session/6e03489d4a34a8a8f12f495779f86cce/element/f.CA981CCC1B751CF1DDFBCEDF28AC53D4.d.8C6F5A72959E60E865123B35BA9C8814.e.4948/value - {"text":"106"}
COMMAND: GET /session/6e03489d4a34a8a8f12f495779f86cce/screenshot - {}
RESULT: {"text":"106"}
COMMAND: GET /session/6e03489d4a34a8a8f12f495779f86cce/screenshot - {}
RESULT: {}
RESULT: {}
COMMAND: POST /session/6e03489d4a34a8a8f12f495779f86cce/actions - {"actions":[{"id":"action9","type":"key","parameters":{},"actions":[{"type":"keyDown","value":"î€‡"},{"type":"pause","duration":10},{"type":"keyUp","value":"î€‡"}]}]}
RESULT: {"actions":[{"id":"action9","type":"key","parameters":{},"actions":[{"type":"keyDown","value":"î€‡"},{"type":"pause","duration":10},{"type":"keyUp","value":"î€‡"}]}]}
COMMAND: POST /session/6e03489d4a34a8a8f12f495779f86cce/execute/async - {"script":"<script> [1562 bytes]","args":[{"selector":{"controlType":"sap.ui.core.Icon","viewName":"reusables.view.manageresources.NewResourceUnit","viewId":"application-manageresources-display-component---newResourceUnit","properties":{"src":{"regex":{"source":"slim\\-arrow\\-down"}}},"ancestor":{"controlType":"sap.m.ComboBox","viewName":"reusables.view.manageresources.NewResourceUnit","viewId":"application-manageresources-display-component---newResourceUnit","bindingPath":{"path":"/RESOURCE_UNIT_TIME_SEQUENCES/0","propertyPath":"COST_OBJECT_ADMIN_CST_TYPE","modelName":"oNewRruModel"}}},"wdio_ui5_key":"reusablesview.manageresources.NewResourceUnitsap.ui.core.Icon{\"src\":{\"regex\":{\"source\":\"slim\\\\-arrow\\\\-down\"}}}{\"controlType\":\"sap.m.ComboBox\",\"viewName\":\"reusables.view.manageresources.NewResourceUnit\",\"viewId\":\"application-manageresources-display-component---newResourceUnit\",\"bindingPath\":{\"path\":\"/RESOURCE_UNIT_TIME_SEQUENCES/0\",\"propertyPath\":\"COST_OBJECT_ADMIN_CST_TYPE\",\"modelName\":\"oNewRruModel\"}}"}]}
COMMAND: GET /session/6e03489d4a34a8a8f12f495779f86cce/screenshot - {}
RESULT: {"script":"<script> [1562 bytes]","args":[{"selector":{"controlType":"sap.ui.core.Icon","viewName":"reusables.view.manageresources.NewResourceUnit","viewId":"application-manageresources-display-component---newResourceUnit","properties":{"src":{"regex":{"source":"slim\\-arrow\\-down"}}},"ancestor":{"controlType":"sap.m.ComboBox","viewName":"reusables.view.manageresources.NewResourceUnit","viewId":"application-manageresources-display-component---newResourceUnit","bindingPath":{"path":"/RESOURCE_UNIT_TIME_SEQUENCES/0","propertyPath":"COST_OBJECT_ADMIN_CST_TYPE","modelName":"oNewRruModel"}}},"wdio_ui5_key":"reusablesview.manageresources.NewResourceUnitsap.ui.core.Icon{\"src\":{\"regex\":{\"source\":\"slim\\\\-arrow\\\\-down\"}}}{\"controlType\":\"sap.m.ComboBox\",\"viewName\":\"reusables.view.manageresources.NewResourceUnit\",\"viewId\":\"application-manageresources-display-component---newResourceUnit\",\"bindingPath\":{\"path\":\"/RESOURCE_UNIT_TIME_SEQUENCES/0\",\"propertyPath\":\"COST_OBJECT_ADMIN_CST_TYPE\",\"modelName\":\"oNewRruModel\"}}"}]}
RESULT: undefined
COMMAND: POST /session/6e03489d4a34a8a8f12f495779f86cce/element - {"using":"xpath","value":"//*[@id=\"__box5-application-manageresources-display-component---newResourceUnit--RUTimeSegment-0-arrow\"]"}
RESULT: {}
RESULT: {"using":"xpath","value":"//*[@id=\"__box5-application-manageresources-display-component---newResourceUnit--RUTimeSegment-0-arrow\"]"}
COMMAND: POST /session/6e03489d4a34a8a8f12f495779f86cce/element/f.CA981CCC1B751CF1DDFBCEDF28AC53D4.d.8C6F5A72959E60E865123B35BA9C8814.e.4962/click - {}
RESULT: {}
COMMAND: POST /session/6e03489d4a34a8a8f12f495779f86cce/execute/async - {"script":"<script> [1562 bytes]","args":[{"selector":{"controlType":"sap.m.StandardListItem","viewName":"reusables.view.manageresources.NewResourceUnit","viewId":"application-manageresources-display-component---newResourceUnit","properties":{"title":"PM Order"},"searchOpenDialogs":true,"interaction":{"idSuffix":"titleText"}},"wdio_ui5_key":"reusablesview.manageresources.NewResourceUnitsap.m.StandardListItem{\"title\":\"PM Order\"}"}]}
COMMAND: GET /session/6e03489d4a34a8a8f12f495779f86cce/screenshot - {}
RESULT: {"script":"<script> [1562 bytes]","args":[{"selector":{"controlType":"sap.m.StandardListItem","viewName":"reusables.view.manageresources.NewResourceUnit","viewId":"application-manageresources-display-component---newResourceUnit","properties":{"title":"PM Order"},"searchOpenDialogs":true,"interaction":{"idSuffix":"titleText"}},"wdio_ui5_key":"reusablesview.manageresources.NewResourceUnitsap.m.StandardListItem{\"title\":\"PM Order\"}"}]}
RESULT: undefined
COMMAND: POST /session/6e03489d4a34a8a8f12f495779f86cce/element - {"using":"xpath","value":"//*[@id=\"__item372\"]"}
RESULT: {}
RESULT: {"using":"xpath","value":"//*[@id=\"__item372\"]"}
COMMAND: POST /session/6e03489d4a34a8a8f12f495779f86cce/element/f.CA981CCC1B751CF1DDFBCEDF28AC53D4.d.8C6F5A72959E60E865123B35BA9C8814.e.4966/click - {}
RESULT: {}
COMMAND: POST /session/6e03489d4a34a8a8f12f495779f86cce/element - {"using":"xpath","value":"(//input[contains(@id ,\"-application-manageresources-display-component---newResourceUnit--RUTimeSegment-0-inner\")])[8]"}
COMMAND: GET /session/6e03489d4a34a8a8f12f495779f86cce/screenshot - {}
RESULT: {"using":"xpath","value":"(//input[contains(@id ,\"-application-manageresources-display-component---newResourceUnit--RUTimeSegment-0-inner\")])[8]"}
COMMAND: POST /session/6e03489d4a34a8a8f12f495779f86cce/element/f.CA981CCC1B751CF1DDFBCEDF28AC53D4.d.8C6F5A72959E60E865123B35BA9C8814.e.4954/clear - {}
RESULT: {}
COMMAND: POST /session/6e03489d4a34a8a8f12f495779f86cce/element - {"using":"xpath","value":"(//input[contains(@id ,\"-application-manageresources-display-component---newResourceUnit--RUTimeSegment-0-inner\")])[8]"}
RESULT: {"using":"xpath","value":"(//input[contains(@id ,\"-application-manageresources-display-component---newResourceUnit--RUTimeSegment-0-inner\")])[8]"}
COMMAND: POST /session/6e03489d4a34a8a8f12f495779f86cce/element/f.CA981CCC1B751CF1DDFBCEDF28AC53D4.d.8C6F5A72959E60E865123B35BA9C8814.e.4954/clear - {}
COMMAND: POST /session/6e03489d4a34a8a8f12f495779f86cce/element - {"using":"xpath","value":"(//input[contains(@id ,\"-application-manageresources-display-component---newResourceUnit--RUTimeSegment-0-inner\")])[8]"}
RESULT: {"using":"xpath","value":"(//input[contains(@id ,\"-application-manageresources-display-component---newResourceUnit--RUTimeSegment-0-inner\")])[8]"}
COMMAND: POST /session/6e03489d4a34a8a8f12f495779f86cce/element/f.CA981CCC1B751CF1DDFBCEDF28AC53D4.d.8C6F5A72959E60E865123B35BA9C8814.e.4969/clear - {}
COMMAND: POST /session/6e03489d4a34a8a8f12f495779f86cce/element - {"using":"xpath","value":"(//input[contains(@id ,\"-application-manageresources-display-component---newResourceUnit--RUTimeSegment-0-inner\")])[8]"}
RESULT: {"using":"xpath","value":"(//input[contains(@id ,\"-application-manageresources-display-component---newResourceUnit--RUTimeSegment-0-inner\")])[8]"}
COMMAND: POST /session/6e03489d4a34a8a8f12f495779f86cce/element/f.CA981CCC1B751CF1DDFBCEDF28AC53D4.d.8C6F5A72959E60E865123B35BA9C8814.e.4969/clear - {}
COMMAND: POST /session/6e03489d4a34a8a8f12f495779f86cce/element - {"using":"xpath","value":"(//input[contains(@id ,\"-application-manageresources-display-component---newResourceUnit--RUTimeSegment-0-inner\")])[8]"}
RESULT: {"using":"xpath","value":"(//input[contains(@id ,\"-application-manageresources-display-component---newResourceUnit--RUTimeSegment-0-inner\")])[8]"}
COMMAND: POST /session/6e03489d4a34a8a8f12f495779f86cce/element/f.CA981CCC1B751CF1DDFBCEDF28AC53D4.d.8C6F5A72959E60E865123B35BA9C8814.e.4971/clear - {}
RESULT: {}
COMMAND: POST /session/6e03489d4a34a8a8f12f495779f86cce/element/f.CA981CCC1B751CF1DDFBCEDF28AC53D4.d.8C6F5A72959E60E865123B35BA9C8814.e.4971/value - {"text":"4000360"}
COMMAND: GET /session/6e03489d4a34a8a8f12f495779f86cce/screenshot - {}
RESULT: {"text":"4000360"}
COMMAND: GET /session/6e03489d4a34a8a8f12f495779f86cce/screenshot - {}
RESULT: {}
RESULT: {}
COMMAND: POST /session/6e03489d4a34a8a8f12f495779f86cce/actions - {"actions":[{"id":"action10","type":"key","parameters":{},"actions":[{"type":"keyDown","value":"î€‡"},{"type":"pause","duration":10},{"type":"keyUp","value":"î€‡"}]}]}
RESULT: {"actions":[{"id":"action10","type":"key","parameters":{},"actions":[{"type":"keyDown","value":"î€‡"},{"type":"pause","duration":10},{"type":"keyUp","value":"î€‡"}]}]}
COMMAND: GET /session/6e03489d4a34a8a8f12f495779f86cce/screenshot - {}
RESULT: {}
COMMAND: POST /session/6e03489d4a34a8a8f12f495779f86cce/execute/async - {"script":"<script> [1562 bytes]","args":[{"selector":{"id":"application-manageresources-display-component---newResourceUnit--newRRUPage-anchBar-application-manageresources-display-component---newResourceUnit--resource-anchor","interaction":{"idSuffix":"BDI-content"}},"wdio_ui5_key":"applicationmanageresources-display-component---newResourceUnit--newRRUPage-anchBar-application-manageresources-display-component---newResourceUnit--resource-anchor"}]}
RESULT: {"script":"<script> [1562 bytes]","args":[{"selector":{"id":"application-manageresources-display-component---newResourceUnit--newRRUPage-anchBar-application-manageresources-display-component---newResourceUnit--resource-anchor","interaction":{"idSuffix":"BDI-content"}},"wdio_ui5_key":"applicationmanageresources-display-component---newResourceUnit--newRRUPage-anchBar-application-manageresources-display-component---newResourceUnit--resource-anchor"}]}
RESULT: undefined
COMMAND: POST /session/6e03489d4a34a8a8f12f495779f86cce/element - {"using":"xpath","value":"//*[@id=\"application-manageresources-display-component---newResourceUnit--newRRUPage-anchBar-application-manageresources-display-component---newResourceUnit--resource-anchor\"]"}
RESULT: {"using":"xpath","value":"//*[@id=\"application-manageresources-display-component---newResourceUnit--newRRUPage-anchBar-application-manageresources-display-component---newResourceUnit--resource-anchor\"]"}
COMMAND: POST /session/6e03489d4a34a8a8f12f495779f86cce/element/f.CA981CCC1B751CF1DDFBCEDF28AC53D4.d.8C6F5A72959E60E865123B35BA9C8814.e.4987/click - {}
RESULT: {}
COMMAND: POST /session/6e03489d4a34a8a8f12f495779f86cce/execute/async - {"script":"<script> [1562 bytes]","args":[{"selector":{"id":"application-manageresources-display-component---newResourceUnit--PLANNED_DELIVERY_DATE","interaction":{"idSuffix":"inner"}},"wdio_ui5_key":"applicationmanageresources-display-component---newResourceUnit--PLANNED_DELIVERY_DATE"}]}
COMMAND: GET /session/6e03489d4a34a8a8f12f495779f86cce/screenshot - {}
RESULT: {"script":"<script> [1562 bytes]","args":[{"selector":{"id":"application-manageresources-display-component---newResourceUnit--PLANNED_DELIVERY_DATE","interaction":{"idSuffix":"inner"}},"wdio_ui5_key":"applicationmanageresources-display-component---newResourceUnit--PLANNED_DELIVERY_DATE"}]}
RESULT: undefined
COMMAND: POST /session/6e03489d4a34a8a8f12f495779f86cce/execute/async - {"script":"<script> [6424 bytes]","args":[{"element-6066-11e4-a52e-4f735466cecf":"f.CA981CCC1B751CF1DDFBCEDF28AC53D4.d.8C6F5A72959E60E865123B35BA9C8814.e.4853"},"setValue",["4/26/25"]]}
RESULT: {}
RESULT: {"script":"<script> [6424 bytes]","args":[{"element-6066-11e4-a52e-4f735466cecf":"f.CA981CCC1B751CF1DDFBCEDF28AC53D4.d.8C6F5A72959E60E865123B35BA9C8814.e.4853"},"setValue",["4/26/25"]]}
COMMAND: POST /session/6e03489d4a34a8a8f12f495779f86cce/execute/async - {"script":"<script> [1562 bytes]","args":[{"selector":{"controlType":"sap.m.Button","viewName":"reusables.view.manageresources.NewResourceUnit","viewId":"application-manageresources-display-component---newResourceUnit","i18NText":{"propertyName":"tooltip","key":"save"},"interaction":{"idSuffix":"BDI-content"}},"wdio_ui5_key":"reusablesview.manageresources.NewResourceUnitsap.m.Button{\"propertyName\":\"tooltip\",\"key\":\"save\"}"}]}
RESULT: {"script":"<script> [1562 bytes]","args":[{"selector":{"controlType":"sap.m.Button","viewName":"reusables.view.manageresources.NewResourceUnit","viewId":"application-manageresources-display-component---newResourceUnit","i18NText":{"propertyName":"tooltip","key":"save"},"interaction":{"idSuffix":"BDI-content"}},"wdio_ui5_key":"reusablesview.manageresources.NewResourceUnitsap.m.Button{\"propertyName\":\"tooltip\",\"key\":\"save\"}"}]}
RESULT: undefined
COMMAND: POST /session/6e03489d4a34a8a8f12f495779f86cce/element - {"using":"xpath","value":"//*[@id=\"application-manageresources-display-component---newResourceUnit--createRuButton\"]"}
RESULT: {"using":"xpath","value":"//*[@id=\"application-manageresources-display-component---newResourceUnit--createRuButton\"]"}
COMMAND: POST /session/6e03489d4a34a8a8f12f495779f86cce/element/f.CA981CCC1B751CF1DDFBCEDF28AC53D4.d.8C6F5A72959E60E865123B35BA9C8814.e.4814/click - {}
RESULT: {}
COMMAND: GET /session/6e03489d4a34a8a8f12f495779f86cce/screenshot - {}
RESULT: {}
COMMAND: POST /session/6e03489d4a34a8a8f12f495779f86cce/execute/async - {"script":"<script> [1562 bytes]","args":[{"selector":{"controlType":"sap.m.Button","properties":{"text":"Close"},"searchOpenDialogs":true,"interaction":{"idSuffix":"inner"}},"wdio_ui5_key":"sapm.Button{\"text\":\"Close\"}"}]}
RESULT: {"script":"<script> [1562 bytes]","args":[{"selector":{"controlType":"sap.m.Button","properties":{"text":"Close"},"searchOpenDialogs":true,"interaction":{"idSuffix":"inner"}},"wdio_ui5_key":"sapm.Button{\"text\":\"Close\"}"}]}
RESULT: undefined
COMMAND: POST /session/6e03489d4a34a8a8f12f495779f86cce/element - {"using":"xpath","value":"//*[@id=\"__mbox-btn-0\"]"}
RESULT: {"using":"xpath","value":"//*[@id=\"__mbox-btn-0\"]"}
COMMAND: POST /session/6e03489d4a34a8a8f12f495779f86cce/element/f.CA981CCC1B751CF1DDFBCEDF28AC53D4.d.8C6F5A72959E60E865123B35BA9C8814.e.4994/click - {}
RESULT: {}
COMMAND: GET /session/6e03489d4a34a8a8f12f495779f86cce/screenshot - {}
RESULT: {}
COMMAND: POST /session/6e03489d4a34a8a8f12f495779f86cce/execute/async - {"script":"<script> [1562 bytes]","args":[{"selector":{"controlType":"sap.m.Text","viewName":"etm.portal.ui.manageresources.view.Detail","viewId":"application-manageresources-display-component---detailRU","bindingPath":{"propertyPath":"ID","modelName":"catalogModel"}},"wdio_ui5_key":"etmportal.ui.manageresources.view.Detailsap.m.Text{\"propertyPath\":\"ID\",\"modelName\":\"catalogModel\"}"}]}
RESULT: {"script":"<script> [1562 bytes]","args":[{"selector":{"controlType":"sap.m.Text","viewName":"etm.portal.ui.manageresources.view.Detail","viewId":"application-manageresources-display-component---detailRU","bindingPath":{"propertyPath":"ID","modelName":"catalogModel"}},"wdio_ui5_key":"etmportal.ui.manageresources.view.Detailsap.m.Text{\"propertyPath\":\"ID\",\"modelName\":\"catalogModel\"}"}]}
RESULT: undefined
COMMAND: POST /session/6e03489d4a34a8a8f12f495779f86cce/execute/async - {"script":"<script> [6424 bytes]","args":[{"element-6066-11e4-a52e-4f735466cecf":"f.CA981CCC1B751CF1DDFBCEDF28AC53D4.d.8C6F5A72959E60E865123B35BA9C8814.e.5032"},"getText",[]]}
RESULT: {"script":"<script> [6424 bytes]","args":[{"element-6066-11e4-a52e-4f735466cecf":"f.CA981CCC1B751CF1DDFBCEDF28AC53D4.d.8C6F5A72959E60E865123B35BA9C8814.e.5032"},"getText",[]]}
COMMAND: POST /session/6e03489d4a34a8a8f12f495779f86cce/execute/async - {"script":"<script> [1562 bytes]","args":[{"selector":{"controlType":"sap.m.OverflowToolbarButton","viewName":"etm.portal.ui.manageresources.view.Master","viewId":"application-manageresources-display-component---masterRU","bindingPath":{"path":"","propertyPath":"/isLogbook","modelName":"minimumStockRPGModel"},"interaction":{"idSuffix":"inner"}},"wdio_ui5_key":"etmportal.ui.manageresources.view.Mastersap.m.OverflowToolbarButton{\"path\":\"\",\"propertyPath\":\"/isLogbook\",\"modelName\":\"minimumStockRPGModel\"}"}]}
RESULT: {"script":"<script> [1562 bytes]","args":[{"selector":{"controlType":"sap.m.OverflowToolbarButton","viewName":"etm.portal.ui.manageresources.view.Master","viewId":"application-manageresources-display-component---masterRU","bindingPath":{"path":"","propertyPath":"/isLogbook","modelName":"minimumStockRPGModel"},"interaction":{"idSuffix":"inner"}},"wdio_ui5_key":"etmportal.ui.manageresources.view.Mastersap.m.OverflowToolbarButton{\"path\":\"\",\"propertyPath\":\"/isLogbook\",\"modelName\":\"minimumStockRPGModel\"}"}]}
RESULT: undefined
COMMAND: POST /session/6e03489d4a34a8a8f12f495779f86cce/element - {"using":"xpath","value":"//*[@id=\"__button5\"]"}
RESULT: {"using":"xpath","value":"//*[@id=\"__button5\"]"}
COMMAND: POST /session/6e03489d4a34a8a8f12f495779f86cce/element/f.CA981CCC1B751CF1DDFBCEDF28AC53D4.d.8C6F5A72959E60E865123B35BA9C8814.e.4577/click - {}
RESULT: {}
COMMAND: GET /session/6e03489d4a34a8a8f12f495779f86cce/screenshot - {}
RESULT: {}
RESULT: undefined
COMMAND: POST /session/6e03489d4a34a8a8f12f495779f86cce/element - {"using":"xpath","value":"//*[@id=\"application-manageresources-display-component---newResourceUnit--TYPE-arrow\"]"}
RESULT: {"using":"xpath","value":"//*[@id=\"application-manageresources-display-component---newResourceUnit--TYPE-arrow\"]"}
COMMAND: POST /session/6e03489d4a34a8a8f12f495779f86cce/element/f.CA981CCC1B751CF1DDFBCEDF28AC53D4.d.8C6F5A72959E60E865123B35BA9C8814.e.4796/click - {}
RESULT: {}
COMMAND: POST /session/6e03489d4a34a8a8f12f495779f86cce/execute/async - {"script":"<script> [1562 bytes]","args":[{"selector":{"controlType":"sap.m.StandardListItem","viewName":"reusables.view.manageresources.NewResourceUnit","viewId":"application-manageresources-display-component---newResourceUnit","properties":{"title":"Equi Multipart"},"searchOpenDialogs":true,"interaction":{"idSuffix":"titleText"}},"wdio_ui5_key":"reusablesview.manageresources.NewResourceUnitsap.m.StandardListItem{\"title\":\"Equi Multipart\"}"}]}
COMMAND: GET /session/6e03489d4a34a8a8f12f495779f86cce/screenshot - {}
RESULT: {"script":"<script> [1562 bytes]","args":[{"selector":{"controlType":"sap.m.StandardListItem","viewName":"reusables.view.manageresources.NewResourceUnit","viewId":"application-manageresources-display-component---newResourceUnit","properties":{"title":"Equi Multipart"},"searchOpenDialogs":true,"interaction":{"idSuffix":"titleText"}},"wdio_ui5_key":"reusablesview.manageresources.NewResourceUnitsap.m.StandardListItem{\"title\":\"Equi Multipart\"}"}]}
RESULT: undefined
COMMAND: POST /session/6e03489d4a34a8a8f12f495779f86cce/element - {"using":"xpath","value":"//*[@id=\"__item146\"]"}
RESULT: {}
RESULT: {"using":"xpath","value":"//*[@id=\"__item146\"]"}
COMMAND: POST /session/6e03489d4a34a8a8f12f495779f86cce/element/f.CA981CCC1B751CF1DDFBCEDF28AC53D4.d.8C6F5A72959E60E865123B35BA9C8814.e.5055/click - {}
RESULT: {}
RESULT: undefined
COMMAND: POST /session/6e03489d4a34a8a8f12f495779f86cce/execute/async - {"script":"<script> [776 bytes]","args":[{"enterText":"TransferYardmultipartawvnz","selector":{"id":"application-manageresources-display-component---newResourceUnit--SHORT_TEXT","interaction":{"idSuffix":"inner"}},"clearTextFirst":true,"interactionType":"ENTER_TEXT"}]}
COMMAND: GET /session/6e03489d4a34a8a8f12f495779f86cce/screenshot - {}
RESULT: {"script":"<script> [776 bytes]","args":[{"enterText":"TransferYardmultipartawvnz","selector":{"id":"application-manageresources-display-component---newResourceUnit--SHORT_TEXT","interaction":{"idSuffix":"inner"}},"clearTextFirst":true,"interactionType":"ENTER_TEXT"}]}
RESULT: undefined
COMMAND: POST /session/6e03489d4a34a8a8f12f495779f86cce/execute/async - {"script":"<script> [776 bytes]","args":[{"enterText":"Piece","selector":{"id":"application-manageresources-display-component---newResourceUnit--BASE_UNIT_OF_MEASURE","interaction":{"idSuffix":"inner"}},"clearTextFirst":true,"interactionType":"ENTER_TEXT"}]}
RESULT: {}
RESULT: {"script":"<script> [776 bytes]","args":[{"enterText":"Piece","selector":{"id":"application-manageresources-display-component---newResourceUnit--BASE_UNIT_OF_MEASURE","interaction":{"idSuffix":"inner"}},"clearTextFirst":true,"interactionType":"ENTER_TEXT"}]}
RESULT: undefined
COMMAND: POST /session/6e03489d4a34a8a8f12f495779f86cce/execute/async - {"script":"<script> [776 bytes]","args":[{"enterText":"Gram","selector":{"id":"application-manageresources-display-component---newResourceUnit--WEIGHT_UNIT","interaction":{"idSuffix":"inner"}},"clearTextFirst":true,"interactionType":"ENTER_TEXT"}]}
RESULT: {"script":"<script> [776 bytes]","args":[{"enterText":"Gram","selector":{"id":"application-manageresources-display-component---newResourceUnit--WEIGHT_UNIT","interaction":{"idSuffix":"inner"}},"clearTextFirst":true,"interactionType":"ENTER_TEXT"}]}
RESULT: undefined
COMMAND: POST /session/6e03489d4a34a8a8f12f495779f86cce/execute/async - {"script":"<script> [776 bytes]","args":[{"enterText":"Meter","selector":{"id":"application-manageresources-display-component---newResourceUnit--DIMENSION_UNIT","interaction":{"idSuffix":"inner"}},"clearTextFirst":true,"interactionType":"ENTER_TEXT"}]}
RESULT: {"script":"<script> [776 bytes]","args":[{"enterText":"Meter","selector":{"id":"application-manageresources-display-component---newResourceUnit--DIMENSION_UNIT","interaction":{"idSuffix":"inner"}},"clearTextFirst":true,"interactionType":"ENTER_TEXT"}]}
RESULT: undefined
COMMAND: POST /session/6e03489d4a34a8a8f12f495779f86cce/execute/async - {"script":"<script> [776 bytes]","args":[{"enterText":"Heavy equip","selector":{"id":"application-manageresources-display-component---newResourceUnit--PLANNING_GROUP","interaction":{"idSuffix":"inner"}},"clearTextFirst":true,"interactionType":"ENTER_TEXT"}]}
RESULT: {"script":"<script> [776 bytes]","args":[{"enterText":"Heavy equip","selector":{"id":"application-manageresources-display-component---newResourceUnit--PLANNING_GROUP","interaction":{"idSuffix":"inner"}},"clearTextFirst":true,"interactionType":"ENTER_TEXT"}]}
RESULT: undefined
COMMAND: POST /session/6e03489d4a34a8a8f12f495779f86cce/element - {"using":"xpath","value":"//*[@id=\"application-manageresources-display-component---newResourceUnit--ITEM_TYPE-arrow\"]"}
RESULT: {"using":"xpath","value":"//*[@id=\"application-manageresources-display-component---newResourceUnit--ITEM_TYPE-arrow\"]"}
COMMAND: POST /session/6e03489d4a34a8a8f12f495779f86cce/element/f.CA981CCC1B751CF1DDFBCEDF28AC53D4.d.8C6F5A72959E60E865123B35BA9C8814.e.5118/click - {}
RESULT: {}
COMMAND: POST /session/6e03489d4a34a8a8f12f495779f86cce/execute/async - {"script":"<script> [1562 bytes]","args":[{"selector":{"controlType":"sap.m.StandardListItem","viewName":"reusables.view.manageresources.NewResourceUnit","viewId":"application-manageresources-display-component---newResourceUnit","properties":{"title":"Pool Equipment"},"searchOpenDialogs":true,"interaction":{"idSuffix":"content"}},"wdio_ui5_key":"reusablesview.manageresources.NewResourceUnitsap.m.StandardListItem{\"title\":\"Pool Equipment\"}"}]}
COMMAND: GET /session/6e03489d4a34a8a8f12f495779f86cce/screenshot - {}
RESULT: {"script":"<script> [1562 bytes]","args":[{"selector":{"controlType":"sap.m.StandardListItem","viewName":"reusables.view.manageresources.NewResourceUnit","viewId":"application-manageresources-display-component---newResourceUnit","properties":{"title":"Pool Equipment"},"searchOpenDialogs":true,"interaction":{"idSuffix":"content"}},"wdio_ui5_key":"reusablesview.manageresources.NewResourceUnitsap.m.StandardListItem{\"title\":\"Pool Equipment\"}"}]}
RESULT: undefined
COMMAND: POST /session/6e03489d4a34a8a8f12f495779f86cce/element - {"using":"xpath","value":"//*[@id=\"__item598\"]"}
RESULT: {}
RESULT: {"using":"xpath","value":"//*[@id=\"__item598\"]"}
COMMAND: POST /session/6e03489d4a34a8a8f12f495779f86cce/element/f.CA981CCC1B751CF1DDFBCEDF28AC53D4.d.8C6F5A72959E60E865123B35BA9C8814.e.5120/click - {}
RESULT: {}
COMMAND: POST /session/6e03489d4a34a8a8f12f495779f86cce/execute/async - {"script":"<script> [1562 bytes]","args":[{"selector":{"id":"application-manageresources-display-component---newResourceUnit--PLANNING_INDICATOR","interaction":{"idSuffix":"inner"}},"wdio_ui5_key":"applicationmanageresources-display-component---newResourceUnit--PLANNING_INDICATOR"}]}
COMMAND: GET /session/6e03489d4a34a8a8f12f495779f86cce/screenshot - {}
RESULT: {"script":"<script> [1562 bytes]","args":[{"selector":{"id":"application-manageresources-display-component---newResourceUnit--PLANNING_INDICATOR","interaction":{"idSuffix":"inner"}},"wdio_ui5_key":"applicationmanageresources-display-component---newResourceUnit--PLANNING_INDICATOR"}]}
RESULT: undefined
COMMAND: POST /session/6e03489d4a34a8a8f12f495779f86cce/execute/async - {"script":"<script> [776 bytes]","args":[{"enterText":"10 - infinite","selector":{"id":"application-manageresources-display-component---newResourceUnit--PLANNING_INDICATOR","interaction":{"idSuffix":"inner"}},"clearTextFirst":true,"interactionType":"ENTER_TEXT"}]}
RESULT: {}
RESULT: {"script":"<script> [776 bytes]","args":[{"enterText":"10 - infinite","selector":{"id":"application-manageresources-display-component---newResourceUnit--PLANNING_INDICATOR","interaction":{"idSuffix":"inner"}},"clearTextFirst":true,"interactionType":"ENTER_TEXT"}]}
COMMAND: POST /session/6e03489d4a34a8a8f12f495779f86cce/actions - {"actions":[{"id":"action11","type":"key","parameters":{},"actions":[{"type":"keyDown","value":"î€‡"},{"type":"pause","duration":10},{"type":"keyUp","value":"î€‡"}]}]}
RESULT: {"actions":[{"id":"action11","type":"key","parameters":{},"actions":[{"type":"keyDown","value":"î€‡"},{"type":"pause","duration":10},{"type":"keyUp","value":"î€‡"}]}]}
RESULT: undefined
COMMAND: POST /session/6e03489d4a34a8a8f12f495779f86cce/element - {"using":"xpath","value":"//*[@id=\"application-manageresources-display-component---newResourceUnit--newRRUPage-anchBar-application-manageresources-display-component---newResourceUnit--control-anchor\"]"}
COMMAND: GET /session/6e03489d4a34a8a8f12f495779f86cce/screenshot - {}
RESULT: {"using":"xpath","value":"//*[@id=\"application-manageresources-display-component---newResourceUnit--newRRUPage-anchBar-application-manageresources-display-component---newResourceUnit--control-anchor\"]"}
COMMAND: POST /session/6e03489d4a34a8a8f12f495779f86cce/element/f.CA981CCC1B751CF1DDFBCEDF28AC53D4.d.8C6F5A72959E60E865123B35BA9C8814.e.5122/click - {}
RESULT: {}
RESULT: {}
RESULT: undefined
COMMAND: POST /session/6e03489d4a34a8a8f12f495779f86cce/element - {"using":"xpath","value":"//*[@id=\"application-manageresources-display-component---newResourceUnit--btnAddTimeSegment-img\"]"}
COMMAND: GET /session/6e03489d4a34a8a8f12f495779f86cce/screenshot - {}
RESULT: {"using":"xpath","value":"//*[@id=\"application-manageresources-display-component---newResourceUnit--btnAddTimeSegment-img\"]"}
COMMAND: POST /session/6e03489d4a34a8a8f12f495779f86cce/element/f.CA981CCC1B751CF1DDFBCEDF28AC53D4.d.8C6F5A72959E60E865123B35BA9C8814.e.5125/click - {}
RESULT: {}
RESULT: {}
COMMAND: POST /session/6e03489d4a34a8a8f12f495779f86cce/element - {"using":"xpath","value":"//input[@id=\"application-manageresources-display-component---newResourceUnit--idRuTSAdmin-application-manageresources-display-component---newResourceUnit--RUTimeSegment-0-inner\"]"}
COMMAND: GET /session/6e03489d4a34a8a8f12f495779f86cce/screenshot - {}
RESULT: {"using":"xpath","value":"//input[@id=\"application-manageresources-display-component---newResourceUnit--idRuTSAdmin-application-manageresources-display-component---newResourceUnit--RUTimeSegment-0-inner\"]"}
COMMAND: POST /session/6e03489d4a34a8a8f12f495779f86cce/element/f.CA981CCC1B751CF1DDFBCEDF28AC53D4.d.8C6F5A72959E60E865123B35BA9C8814.e.5131/clear - {}
RESULT: {}
RESULT: {}
COMMAND: POST /session/6e03489d4a34a8a8f12f495779f86cce/element/f.CA981CCC1B751CF1DDFBCEDF28AC53D4.d.8C6F5A72959E60E865123B35BA9C8814.e.5131/value - {"text":"106"}
COMMAND: GET /session/6e03489d4a34a8a8f12f495779f86cce/screenshot - {}
RESULT: {"text":"106"}
COMMAND: GET /session/6e03489d4a34a8a8f12f495779f86cce/screenshot - {}
RESULT: {}
RESULT: {}
COMMAND: POST /session/6e03489d4a34a8a8f12f495779f86cce/actions - {"actions":[{"id":"action12","type":"key","parameters":{},"actions":[{"type":"keyDown","value":"î€‡"},{"type":"pause","duration":10},{"type":"keyUp","value":"î€‡"}]}]}
RESULT: {"actions":[{"id":"action12","type":"key","parameters":{},"actions":[{"type":"keyDown","value":"î€‡"},{"type":"pause","duration":10},{"type":"keyUp","value":"î€‡"}]}]}
COMMAND: GET /session/6e03489d4a34a8a8f12f495779f86cce/screenshot - {}
RESULT: {}
COMMAND: POST /session/6e03489d4a34a8a8f12f495779f86cce/element - {"using":"xpath","value":"//*[text()=\"Save\"]"}
RESULT: {"using":"xpath","value":"//*[text()=\"Save\"]"}
COMMAND: POST /session/6e03489d4a34a8a8f12f495779f86cce/execute/sync - {"script":"<script> [8489 bytes]","args":[{"element-6066-11e4-a52e-4f735466cecf":"f.CA981CCC1B751CF1DDFBCEDF28AC53D4.d.8C6F5A72959E60E865123B35BA9C8814.e.4993","ELEMENT":"f.CA981CCC1B751CF1DDFBCEDF28AC53D4.d.8C6F5A72959E60E865123B35BA9C8814.e.4993"}]}
RESULT: {"script":"<script> [8489 bytes]","args":[{"element-6066-11e4-a52e-4f735466cecf":"f.CA981CCC1B751CF1DDFBCEDF28AC53D4.d.8C6F5A72959E60E865123B35BA9C8814.e.4993","ELEMENT":"f.CA981CCC1B751CF1DDFBCEDF28AC53D4.d.8C6F5A72959E60E865123B35BA9C8814.e.4993"}]}
COMMAND: POST /session/6e03489d4a34a8a8f12f495779f86cce/execute/sync - {"script":"<script> [5351 bytes]","args":[{"element-6066-11e4-a52e-4f735466cecf":"f.CA981CCC1B751CF1DDFBCEDF28AC53D4.d.8C6F5A72959E60E865123B35BA9C8814.e.4993","ELEMENT":"f.CA981CCC1B751CF1DDFBCEDF28AC53D4.d.8C6F5A72959E60E865123B35BA9C8814.e.4993"}]}
COMMAND: GET /session/6e03489d4a34a8a8f12f495779f86cce/screenshot - {}
RESULT: {"script":"<script> [5351 bytes]","args":[{"element-6066-11e4-a52e-4f735466cecf":"f.CA981CCC1B751CF1DDFBCEDF28AC53D4.d.8C6F5A72959E60E865123B35BA9C8814.e.4993","ELEMENT":"f.CA981CCC1B751CF1DDFBCEDF28AC53D4.d.8C6F5A72959E60E865123B35BA9C8814.e.4993"}]}
COMMAND: POST /session/6e03489d4a34a8a8f12f495779f86cce/element/f.CA981CCC1B751CF1DDFBCEDF28AC53D4.d.8C6F5A72959E60E865123B35BA9C8814.e.4993/click - {}
COMMAND: GET /session/6e03489d4a34a8a8f12f495779f86cce/screenshot - {}
RESULT: {}
RESULT: {}
COMMAND: GET /session/6e03489d4a34a8a8f12f495779f86cce/screenshot - {}
RESULT: {}
RESULT: {}
COMMAND: POST /session/6e03489d4a34a8a8f12f495779f86cce/element - {"using":"xpath","value":"//bdi[contains(text(), \"Close\")]"}
RESULT: {"using":"xpath","value":"//bdi[contains(text(), \"Close\")]"}
COMMAND: POST /session/6e03489d4a34a8a8f12f495779f86cce/element/f.CA981CCC1B751CF1DDFBCEDF28AC53D4.d.8C6F5A72959E60E865123B35BA9C8814.e.5149/click - {}
RESULT: {}
COMMAND: GET /session/6e03489d4a34a8a8f12f495779f86cce/screenshot - {}
RESULT: undefined
COMMAND: POST /session/6e03489d4a34a8a8f12f495779f86cce/execute/async - {"script":"<script> [6424 bytes]","args":[{"element-6066-11e4-a52e-4f735466cecf":"f.CA981CCC1B751CF1DDFBCEDF28AC53D4.d.8C6F5A72959E60E865123B35BA9C8814.e.5032"},"getText",[]]}
RESULT: {}
RESULT: {"script":"<script> [6424 bytes]","args":[{"element-6066-11e4-a52e-4f735466cecf":"f.CA981CCC1B751CF1DDFBCEDF28AC53D4.d.8C6F5A72959E60E865123B35BA9C8814.e.5032"},"getText",[]]}
COMMAND: POST /session/6e03489d4a34a8a8f12f495779f86cce/element - {"using":"css selector","value":"#shell-header-logo"}
RESULT: {"using":"css selector","value":"#shell-header-logo"}
COMMAND: POST /session/6e03489d4a34a8a8f12f495779f86cce/element/f.CA981CCC1B751CF1DDFBCEDF28AC53D4.d.8C6F5A72959E60E865123B35BA9C8814.e.4431/click - {}
RESULT: {}
COMMAND: GET /session/6e03489d4a34a8a8f12f495779f86cce/screenshot - {}
RESULT: {}
]]></system-out>
    </testcase>
    <testcase classname="chrome.135_0_7049_96.windows.Transfer_Yard_to_Yard_US131076" name="Should do a stock increase for the equipment and multipart" time="72.39">
      <system-out><![CDATA[
COMMAND: POST /session/6e03489d4a34a8a8f12f495779f86cce/execute/async - {"script":"<script> [1562 bytes]","args":[{"selector":{"controlType":"sap.m.Text","viewName":"etm.portal.ui.managehandoverstile.view.Master","properties":{"text":"Manage Handovers"},"interaction":{"idSuffix":"inner"}},"wdio_ui5_key":"etmportal.ui.managehandoverstile.view.Mastersap.m.Text{\"text\":\"Manage Handovers\"}"}]}
RESULT: {"script":"<script> [1562 bytes]","args":[{"selector":{"controlType":"sap.m.Text","viewName":"etm.portal.ui.managehandoverstile.view.Master","properties":{"text":"Manage Handovers"},"interaction":{"idSuffix":"inner"}},"wdio_ui5_key":"etmportal.ui.managehandoverstile.view.Mastersap.m.Text{\"text\":\"Manage Handovers\"}"}]}
RESULT: undefined
COMMAND: POST /session/6e03489d4a34a8a8f12f495779f86cce/element - {"using":"xpath","value":"//*[@id=\"__tile132-title\"]"}
RESULT: {"using":"xpath","value":"//*[@id=\"__tile132-title\"]"}
COMMAND: POST /session/6e03489d4a34a8a8f12f495779f86cce/element/f.CA981CCC1B751CF1DDFBCEDF28AC53D4.d.8C6F5A72959E60E865123B35BA9C8814.e.5164/click - {}
RESULT: {}
COMMAND: GET /session/6e03489d4a34a8a8f12f495779f86cce/screenshot - {}
RESULT: {}
COMMAND: POST /session/6e03489d4a34a8a8f12f495779f86cce/execute/async - {"script":"<script> [1562 bytes]","args":[{"selector":{"controlType":"sap.ui.core.Icon","viewName":"etm.portal.ui.managehandovers.view.MasterHO","properties":{"src":{"regex":{"source":"add"}}}},"wdio_ui5_key":"etmportal.ui.managehandovers.view.MasterHOsap.ui.core.Icon{\"src\":{\"regex\":{\"source\":\"add\"}}}"}]}
RESULT: {"script":"<script> [1562 bytes]","args":[{"selector":{"controlType":"sap.ui.core.Icon","viewName":"etm.portal.ui.managehandovers.view.MasterHO","properties":{"src":{"regex":{"source":"add"}}}},"wdio_ui5_key":"etmportal.ui.managehandovers.view.MasterHOsap.ui.core.Icon{\"src\":{\"regex\":{\"source\":\"add\"}}}"}]}
RESULT: undefined
COMMAND: POST /session/6e03489d4a34a8a8f12f495779f86cce/element - {"using":"xpath","value":"//*[@id=\"__button85-img\"]"}
RESULT: {"using":"xpath","value":"//*[@id=\"__button85-img\"]"}
COMMAND: POST /session/6e03489d4a34a8a8f12f495779f86cce/element/f.CA981CCC1B751CF1DDFBCEDF28AC53D4.d.8C6F5A72959E60E865123B35BA9C8814.e.5208/click - {}
RESULT: {}
COMMAND: POST /session/6e03489d4a34a8a8f12f495779f86cce/execute/async - {"script":"<script> [1562 bytes]","args":[{"selector":{"id":"application-managehandovers-display-component---AddNewHO--typeSelect","interaction":{"idSuffix":"arrow"}},"wdio_ui5_key":"applicationmanagehandovers-display-component---AddNewHO--typeSelect"}]}
COMMAND: GET /session/6e03489d4a34a8a8f12f495779f86cce/screenshot - {}
RESULT: {"script":"<script> [1562 bytes]","args":[{"selector":{"id":"application-managehandovers-display-component---AddNewHO--typeSelect","interaction":{"idSuffix":"arrow"}},"wdio_ui5_key":"applicationmanagehandovers-display-component---AddNewHO--typeSelect"}]}
RESULT: undefined
COMMAND: POST /session/6e03489d4a34a8a8f12f495779f86cce/element - {"using":"xpath","value":"//*[@id=\"application-managehandovers-display-component---AddNewHO--typeSelect\"]"}
RESULT: {}
RESULT: {"using":"xpath","value":"//*[@id=\"application-managehandovers-display-component---AddNewHO--typeSelect\"]"}
COMMAND: POST /session/6e03489d4a34a8a8f12f495779f86cce/element/f.CA981CCC1B751CF1DDFBCEDF28AC53D4.d.8C6F5A72959E60E865123B35BA9C8814.e.5502/click - {}
RESULT: {}
COMMAND: POST /session/6e03489d4a34a8a8f12f495779f86cce/execute/async - {"script":"<script> [1562 bytes]","args":[{"selector":{"controlType":"sap.ui.core.Item","viewName":"etm.portal.ui.managehandovers.view.AddNewHO","viewId":"application-managehandovers-display-component---AddNewHO","bindingPath":{"path":"/HandOverTypes('100')","propertyPath":"ID","modelName":"catalogModel"},"searchOpenDialogs":true},"wdio_ui5_key":"etmportal.ui.managehandovers.view.AddNewHOsap.ui.core.Item{\"path\":\"/HandOverTypes('100')\",\"propertyPath\":\"ID\",\"modelName\":\"catalogModel\"}"}]}
COMMAND: GET /session/6e03489d4a34a8a8f12f495779f86cce/screenshot - {}
RESULT: {"script":"<script> [1562 bytes]","args":[{"selector":{"controlType":"sap.ui.core.Item","viewName":"etm.portal.ui.managehandovers.view.AddNewHO","viewId":"application-managehandovers-display-component---AddNewHO","bindingPath":{"path":"/HandOverTypes('100')","propertyPath":"ID","modelName":"catalogModel"},"searchOpenDialogs":true},"wdio_ui5_key":"etmportal.ui.managehandovers.view.AddNewHOsap.ui.core.Item{\"path\":\"/HandOverTypes('100')\",\"propertyPath\":\"ID\",\"modelName\":\"catalogModel\"}"}]}
RESULT: undefined
COMMAND: POST /session/6e03489d4a34a8a8f12f495779f86cce/element - {"using":"xpath","value":"//*[@id=\"__item788-application-managehandovers-display-component---AddNewHO--typeSelect-1\"]"}
RESULT: {}
RESULT: {"using":"xpath","value":"//*[@id=\"__item788-application-managehandovers-display-component---AddNewHO--typeSelect-1\"]"}
COMMAND: POST /session/6e03489d4a34a8a8f12f495779f86cce/element/f.CA981CCC1B751CF1DDFBCEDF28AC53D4.d.8C6F5A72959E60E865123B35BA9C8814.e.5503/click - {}
RESULT: {}
COMMAND: POST /session/6e03489d4a34a8a8f12f495779f86cce/execute/async - {"script":"<script> [1562 bytes]","args":[{"selector":{"id":"application-managehandovers-display-component---AddNewHO--dueDate","interaction":{"idSuffix":"inner"}},"wdio_ui5_key":"applicationmanagehandovers-display-component---AddNewHO--dueDate"}]}
COMMAND: GET /session/6e03489d4a34a8a8f12f495779f86cce/screenshot - {}
RESULT: {"script":"<script> [1562 bytes]","args":[{"selector":{"id":"application-managehandovers-display-component---AddNewHO--dueDate","interaction":{"idSuffix":"inner"}},"wdio_ui5_key":"applicationmanagehandovers-display-component---AddNewHO--dueDate"}]}
RESULT: undefined
COMMAND: POST /session/6e03489d4a34a8a8f12f495779f86cce/element - {"using":"xpath","value":"//input[@id=\"generalSectionFrg--receiveYard-inner\"]"}
RESULT: {}
RESULT: {"using":"xpath","value":"//input[@id=\"generalSectionFrg--receiveYard-inner\"]"}
COMMAND: POST /session/6e03489d4a34a8a8f12f495779f86cce/element/f.CA981CCC1B751CF1DDFBCEDF28AC53D4.d.8C6F5A72959E60E865123B35BA9C8814.e.5513/clear - {}
RESULT: {}
COMMAND: POST /session/6e03489d4a34a8a8f12f495779f86cce/element/f.CA981CCC1B751CF1DDFBCEDF28AC53D4.d.8C6F5A72959E60E865123B35BA9C8814.e.5513/value - {"text":"106"}
COMMAND: GET /session/6e03489d4a34a8a8f12f495779f86cce/screenshot - {}
RESULT: {"text":"106"}
COMMAND: GET /session/6e03489d4a34a8a8f12f495779f86cce/screenshot - {}
RESULT: {}
RESULT: {}
COMMAND: POST /session/6e03489d4a34a8a8f12f495779f86cce/element - {"using":"xpath","value":"//input[@id=\"application-managehandovers-display-component---AddNewHO--dueDate-inner\"]"}
RESULT: {"using":"xpath","value":"//input[@id=\"application-managehandovers-display-component---AddNewHO--dueDate-inner\"]"}
COMMAND: POST /session/6e03489d4a34a8a8f12f495779f86cce/elements - {"using":"xpath","value":"//input[@id=\"application-managehandovers-display-component---AddNewHO--dueDate-inner\"]"}
RESULT: {"using":"xpath","value":"//input[@id=\"application-managehandovers-display-component---AddNewHO--dueDate-inner\"]"}
COMMAND: POST /session/6e03489d4a34a8a8f12f495779f86cce/execute/sync - {"script":"<script> [8489 bytes]","args":[{"element-6066-11e4-a52e-4f735466cecf":"f.CA981CCC1B751CF1DDFBCEDF28AC53D4.d.8C6F5A72959E60E865123B35BA9C8814.e.5507","ELEMENT":"f.CA981CCC1B751CF1DDFBCEDF28AC53D4.d.8C6F5A72959E60E865123B35BA9C8814.e.5507"}]}
RESULT: {"script":"<script> [8489 bytes]","args":[{"element-6066-11e4-a52e-4f735466cecf":"f.CA981CCC1B751CF1DDFBCEDF28AC53D4.d.8C6F5A72959E60E865123B35BA9C8814.e.5507","ELEMENT":"f.CA981CCC1B751CF1DDFBCEDF28AC53D4.d.8C6F5A72959E60E865123B35BA9C8814.e.5507"}]}
COMMAND: GET /session/6e03489d4a34a8a8f12f495779f86cce/element/f.CA981CCC1B751CF1DDFBCEDF28AC53D4.d.8C6F5A72959E60E865123B35BA9C8814.e.5507/enabled - {}
COMMAND: GET /session/6e03489d4a34a8a8f12f495779f86cce/screenshot - {}
RESULT: {}
COMMAND: POST /session/6e03489d4a34a8a8f12f495779f86cce/element/f.CA981CCC1B751CF1DDFBCEDF28AC53D4.d.8C6F5A72959E60E865123B35BA9C8814.e.5507/click - {}
COMMAND: GET /session/6e03489d4a34a8a8f12f495779f86cce/screenshot - {}
RESULT: {}
RESULT: {}
COMMAND: POST /session/6e03489d4a34a8a8f12f495779f86cce/element/f.CA981CCC1B751CF1DDFBCEDF28AC53D4.d.8C6F5A72959E60E865123B35BA9C8814.e.5507/clear - {}
COMMAND: GET /session/6e03489d4a34a8a8f12f495779f86cce/screenshot - {}
RESULT: {}
RESULT: {}
COMMAND: POST /session/6e03489d4a34a8a8f12f495779f86cce/element/f.CA981CCC1B751CF1DDFBCEDF28AC53D4.d.8C6F5A72959E60E865123B35BA9C8814.e.5507/clear - {}
COMMAND: GET /session/6e03489d4a34a8a8f12f495779f86cce/screenshot - {}
RESULT: {}
RESULT: {}
COMMAND: POST /session/6e03489d4a34a8a8f12f495779f86cce/element/f.CA981CCC1B751CF1DDFBCEDF28AC53D4.d.8C6F5A72959E60E865123B35BA9C8814.e.5507/value - {"text":"4/26/25"}
COMMAND: GET /session/6e03489d4a34a8a8f12f495779f86cce/screenshot - {}
RESULT: {}
RESULT: {"text":"4/26/25"}
COMMAND: POST /session/6e03489d4a34a8a8f12f495779f86cce/execute/async - {"script":"<script> [1562 bytes]","args":[{"selector":{"id":"application-managehandovers-display-component---AddNewHO--ObjectPageLayout-anchBar-application-managehandovers-display-component---AddNewHO--section4-anchor","interaction":{"idSuffix":"BDI-content"}},"wdio_ui5_key":"applicationmanagehandovers-display-component---AddNewHO--ObjectPageLayout-anchBar-application-managehandovers-display-component---AddNewHO--section4-anchor"}]}
COMMAND: GET /session/6e03489d4a34a8a8f12f495779f86cce/screenshot - {}
RESULT: {}
RESULT: {"script":"<script> [1562 bytes]","args":[{"selector":{"id":"application-managehandovers-display-component---AddNewHO--ObjectPageLayout-anchBar-application-managehandovers-display-component---AddNewHO--section4-anchor","interaction":{"idSuffix":"BDI-content"}},"wdio_ui5_key":"applicationmanagehandovers-display-component---AddNewHO--ObjectPageLayout-anchBar-application-managehandovers-display-component---AddNewHO--section4-anchor"}]}
RESULT: undefined
COMMAND: POST /session/6e03489d4a34a8a8f12f495779f86cce/element - {"using":"xpath","value":"//*[@id=\"application-managehandovers-display-component---AddNewHO--ObjectPageLayout-anchBar-application-managehandovers-display-component---AddNewHO--section4-anchor\"]"}
RESULT: {}
RESULT: {"using":"xpath","value":"//*[@id=\"application-managehandovers-display-component---AddNewHO--ObjectPageLayout-anchBar-application-managehandovers-display-component---AddNewHO--section4-anchor\"]"}
COMMAND: POST /session/6e03489d4a34a8a8f12f495779f86cce/element/f.CA981CCC1B751CF1DDFBCEDF28AC53D4.d.8C6F5A72959E60E865123B35BA9C8814.e.5531/click - {}
RESULT: {}
COMMAND: POST /session/6e03489d4a34a8a8f12f495779f86cce/execute/async - {"script":"<script> [1562 bytes]","args":[{"selector":{"controlType":"sap.ui.core.Icon","viewName":"etm.portal.ui.managehandovers.view.AddNewHO","viewId":"application-managehandovers-display-component---AddNewHO","properties":{"src":{"regex":{"source":"add"}}}},"wdio_ui5_key":"etmportal.ui.managehandovers.view.AddNewHOsap.ui.core.Icon{\"src\":{\"regex\":{\"source\":\"add\"}}}"}]}
COMMAND: GET /session/6e03489d4a34a8a8f12f495779f86cce/screenshot - {}
RESULT: {"script":"<script> [1562 bytes]","args":[{"selector":{"controlType":"sap.ui.core.Icon","viewName":"etm.portal.ui.managehandovers.view.AddNewHO","viewId":"application-managehandovers-display-component---AddNewHO","properties":{"src":{"regex":{"source":"add"}}}},"wdio_ui5_key":"etmportal.ui.managehandovers.view.AddNewHOsap.ui.core.Icon{\"src\":{\"regex\":{\"source\":\"add\"}}}"}]}
RESULT: undefined
COMMAND: POST /session/6e03489d4a34a8a8f12f495779f86cce/element - {"using":"xpath","value":"//*[@id=\"__button104-img\"]"}
RESULT: {}
RESULT: {"using":"xpath","value":"//*[@id=\"__button104-img\"]"}
COMMAND: POST /session/6e03489d4a34a8a8f12f495779f86cce/element/f.CA981CCC1B751CF1DDFBCEDF28AC53D4.d.8C6F5A72959E60E865123B35BA9C8814.e.5535/click - {}
RESULT: {}
COMMAND: POST /session/6e03489d4a34a8a8f12f495779f86cce/execute/async - {"script":"<script> [1562 bytes]","args":[{"selector":{"id":"application-managehandovers-display-component---AddNewHO--smartFilterBar-btnBasicSearch","searchOpenDialogs":true,"interaction":{"idSuffix":"I"}},"wdio_ui5_key":"applicationmanagehandovers-display-component---AddNewHO--smartFilterBar-btnBasicSearch"}]}
COMMAND: GET /session/6e03489d4a34a8a8f12f495779f86cce/screenshot - {}
RESULT: {"script":"<script> [1562 bytes]","args":[{"selector":{"id":"application-managehandovers-display-component---AddNewHO--smartFilterBar-btnBasicSearch","searchOpenDialogs":true,"interaction":{"idSuffix":"I"}},"wdio_ui5_key":"applicationmanagehandovers-display-component---AddNewHO--smartFilterBar-btnBasicSearch"}]}
RESULT: undefined
COMMAND: POST /session/6e03489d4a34a8a8f12f495779f86cce/execute/async - {"script":"<script> [776 bytes]","args":[{"enterText":"TransferYard","selector":{"id":"application-managehandovers-display-component---AddNewHO--smartFilterBar-btnBasicSearch","searchOpenDialogs":true,"interaction":{"idSuffix":"I"}},"clearTextFirst":true,"interactionType":"ENTER_TEXT"}]}
RESULT: {}
RESULT: {"script":"<script> [776 bytes]","args":[{"enterText":"TransferYard","selector":{"id":"application-managehandovers-display-component---AddNewHO--smartFilterBar-btnBasicSearch","searchOpenDialogs":true,"interaction":{"idSuffix":"I"}},"clearTextFirst":true,"interactionType":"ENTER_TEXT"}]}
COMMAND: POST /session/6e03489d4a34a8a8f12f495779f86cce/actions - {"actions":[{"id":"action13","type":"key","parameters":{},"actions":[{"type":"keyDown","value":"î€‡"},{"type":"pause","duration":10},{"type":"keyUp","value":"î€‡"}]}]}
RESULT: {"actions":[{"id":"action13","type":"key","parameters":{},"actions":[{"type":"keyDown","value":"î€‡"},{"type":"pause","duration":10},{"type":"keyUp","value":"î€‡"}]}]}
COMMAND: POST /session/6e03489d4a34a8a8f12f495779f86cce/execute/async - {"script":"<script> [1562 bytes]","args":[{"selector":{"id":"application-managehandovers-display-component---AddNewHO--popup-sa","searchOpenDialogs":true,"interaction":{"idSuffix":"CbBg"}},"wdio_ui5_key":"applicationmanagehandovers-display-component---AddNewHO--popup-sa"}]}
COMMAND: GET /session/6e03489d4a34a8a8f12f495779f86cce/screenshot - {}
RESULT: {"script":"<script> [1562 bytes]","args":[{"selector":{"id":"application-managehandovers-display-component---AddNewHO--popup-sa","searchOpenDialogs":true,"interaction":{"idSuffix":"CbBg"}},"wdio_ui5_key":"applicationmanagehandovers-display-component---AddNewHO--popup-sa"}]}
RESULT: undefined
COMMAND: POST /session/6e03489d4a34a8a8f12f495779f86cce/element - {"using":"xpath","value":"//*[@id=\"application-managehandovers-display-component---AddNewHO--popup-sa\"]"}
RESULT: {}
RESULT: {"using":"xpath","value":"//*[@id=\"application-managehandovers-display-component---AddNewHO--popup-sa\"]"}
COMMAND: POST /session/6e03489d4a34a8a8f12f495779f86cce/element/f.CA981CCC1B751CF1DDFBCEDF28AC53D4.d.8C6F5A72959E60E865123B35BA9C8814.e.5694/click - {}
RESULT: {}
COMMAND: POST /session/6e03489d4a34a8a8f12f495779f86cce/execute/async - {"script":"<script> [1562 bytes]","args":[{"selector":{"controlType":"sap.m.Button","viewName":"etm.portal.ui.managehandovers.view.AddNewHO","viewId":"application-managehandovers-display-component---AddNewHO","i18NText":{"propertyName":"text","key":"select"},"searchOpenDialogs":true,"interaction":{"idSuffix":"BDI-content"}},"wdio_ui5_key":"etmportal.ui.managehandovers.view.AddNewHOsap.m.Button{\"propertyName\":\"text\",\"key\":\"select\"}"}]}
COMMAND: GET /session/6e03489d4a34a8a8f12f495779f86cce/screenshot - {}
RESULT: {"script":"<script> [1562 bytes]","args":[{"selector":{"controlType":"sap.m.Button","viewName":"etm.portal.ui.managehandovers.view.AddNewHO","viewId":"application-managehandovers-display-component---AddNewHO","i18NText":{"propertyName":"text","key":"select"},"searchOpenDialogs":true,"interaction":{"idSuffix":"BDI-content"}},"wdio_ui5_key":"etmportal.ui.managehandovers.view.AddNewHOsap.m.Button{\"propertyName\":\"text\",\"key\":\"select\"}"}]}
RESULT: undefined
COMMAND: POST /session/6e03489d4a34a8a8f12f495779f86cce/element - {"using":"xpath","value":"//*[@id=\"__button107\"]"}
RESULT: {}
RESULT: {"using":"xpath","value":"//*[@id=\"__button107\"]"}
COMMAND: POST /session/6e03489d4a34a8a8f12f495779f86cce/element/f.CA981CCC1B751CF1DDFBCEDF28AC53D4.d.8C6F5A72959E60E865123B35BA9C8814.e.5696/click - {}
RESULT: {}
COMMAND: GET /session/6e03489d4a34a8a8f12f495779f86cce/screenshot - {}
RESULT: {}
COMMAND: POST /session/6e03489d4a34a8a8f12f495779f86cce/execute/async - {"script":"<script> [1562 bytes]","args":[{"selector":{"controlType":"sap.m.Input","viewName":"etm.portal.ui.managehandovers.view.AddNewHO","viewId":"application-managehandovers-display-component---AddNewHO","bindingPath":{"path":"/items/0","propertyPath":"TYPE","modelName":"hoItemsModel"},"interaction":{"idSuffix":"inner"}},"wdio_ui5_key":"etmportal.ui.managehandovers.view.AddNewHOsap.m.Input{\"path\":\"/items/0\",\"propertyPath\":\"TYPE\",\"modelName\":\"hoItemsModel\"}"}]}
RESULT: {"script":"<script> [1562 bytes]","args":[{"selector":{"controlType":"sap.m.Input","viewName":"etm.portal.ui.managehandovers.view.AddNewHO","viewId":"application-managehandovers-display-component---AddNewHO","bindingPath":{"path":"/items/0","propertyPath":"TYPE","modelName":"hoItemsModel"},"interaction":{"idSuffix":"inner"}},"wdio_ui5_key":"etmportal.ui.managehandovers.view.AddNewHOsap.m.Input{\"path\":\"/items/0\",\"propertyPath\":\"TYPE\",\"modelName\":\"hoItemsModel\"}"}]}
RESULT: undefined
COMMAND: POST /session/6e03489d4a34a8a8f12f495779f86cce/execute/async - {"script":"<script> [776 bytes]","args":[{"enterText":"100","selector":{"controlType":"sap.m.Input","viewName":"etm.portal.ui.managehandovers.view.AddNewHO","viewId":"application-managehandovers-display-component---AddNewHO","bindingPath":{"path":"/items/0","propertyPath":"TYPE","modelName":"hoItemsModel"},"interaction":{"idSuffix":"inner"}},"clearTextFirst":true,"interactionType":"ENTER_TEXT"}]}
RESULT: {"script":"<script> [776 bytes]","args":[{"enterText":"100","selector":{"controlType":"sap.m.Input","viewName":"etm.portal.ui.managehandovers.view.AddNewHO","viewId":"application-managehandovers-display-component---AddNewHO","bindingPath":{"path":"/items/0","propertyPath":"TYPE","modelName":"hoItemsModel"},"interaction":{"idSuffix":"inner"}},"clearTextFirst":true,"interactionType":"ENTER_TEXT"}]}
COMMAND: POST /session/6e03489d4a34a8a8f12f495779f86cce/execute/async - {"script":"<script> [1562 bytes]","args":[{"selector":{"id":"application-managehandovers-display-component---AddNewHO--confirmCreationButton","interaction":{"idSuffix":"BDI-content"}},"wdio_ui5_key":"applicationmanagehandovers-display-component---AddNewHO--confirmCreationButton"}]}
RESULT: {"script":"<script> [1562 bytes]","args":[{"selector":{"id":"application-managehandovers-display-component---AddNewHO--confirmCreationButton","interaction":{"idSuffix":"BDI-content"}},"wdio_ui5_key":"applicationmanagehandovers-display-component---AddNewHO--confirmCreationButton"}]}
RESULT: undefined
COMMAND: POST /session/6e03489d4a34a8a8f12f495779f86cce/element - {"using":"xpath","value":"//*[@id=\"application-managehandovers-display-component---AddNewHO--confirmCreationButton\"]"}
RESULT: {"using":"xpath","value":"//*[@id=\"application-managehandovers-display-component---AddNewHO--confirmCreationButton\"]"}
COMMAND: POST /session/6e03489d4a34a8a8f12f495779f86cce/element/f.CA981CCC1B751CF1DDFBCEDF28AC53D4.d.8C6F5A72959E60E865123B35BA9C8814.e.5715/click - {}
RESULT: {}
COMMAND: GET /session/6e03489d4a34a8a8f12f495779f86cce/screenshot - {}
COMMAND: POST /session/6e03489d4a34a8a8f12f495779f86cce/execute/async - {"script":"<script> [1562 bytes]","args":[{"selector":{"controlType":"sap.m.Button","viewName":"etm.portal.ui.managehandovers.view.DetailExecuteHO","i18NText":{"propertyName":"text","key":"confirmAll"},"interaction":{"idSuffix":"BDI-content"}},"wdio_ui5_key":"etmportal.ui.managehandovers.view.DetailExecuteHOsap.m.Button{\"propertyName\":\"text\",\"key\":\"confirmAll\"}"}]}
RESULT: {}
RESULT: {"script":"<script> [1562 bytes]","args":[{"selector":{"controlType":"sap.m.Button","viewName":"etm.portal.ui.managehandovers.view.DetailExecuteHO","i18NText":{"propertyName":"text","key":"confirmAll"},"interaction":{"idSuffix":"BDI-content"}},"wdio_ui5_key":"etmportal.ui.managehandovers.view.DetailExecuteHOsap.m.Button{\"propertyName\":\"text\",\"key\":\"confirmAll\"}"}]}
RESULT: undefined
COMMAND: POST /session/6e03489d4a34a8a8f12f495779f86cce/element - {"using":"xpath","value":"//*[@id=\"__button136\"]"}
RESULT: {"using":"xpath","value":"//*[@id=\"__button136\"]"}
COMMAND: POST /session/6e03489d4a34a8a8f12f495779f86cce/element/f.CA981CCC1B751CF1DDFBCEDF28AC53D4.d.8C6F5A72959E60E865123B35BA9C8814.e.5779/click - {}
RESULT: {}
COMMAND: POST /session/6e03489d4a34a8a8f12f495779f86cce/execute/async - {"script":"<script> [1562 bytes]","args":[{"selector":{"controlType":"sap.m.Button","properties":{"text":"OK"},"searchOpenDialogs":true,"interaction":{"idSuffix":"BDI-content"}},"wdio_ui5_key":"sapm.Button{\"text\":\"OK\"}"}]}
COMMAND: GET /session/6e03489d4a34a8a8f12f495779f86cce/screenshot - {}
RESULT: {"script":"<script> [1562 bytes]","args":[{"selector":{"controlType":"sap.m.Button","properties":{"text":"OK"},"searchOpenDialogs":true,"interaction":{"idSuffix":"BDI-content"}},"wdio_ui5_key":"sapm.Button{\"text\":\"OK\"}"}]}
RESULT: undefined
COMMAND: POST /session/6e03489d4a34a8a8f12f495779f86cce/element - {"using":"xpath","value":"//*[@id=\"__mbox-btn-2\"]"}
RESULT: {}
RESULT: {"using":"xpath","value":"//*[@id=\"__mbox-btn-2\"]"}
COMMAND: POST /session/6e03489d4a34a8a8f12f495779f86cce/element/f.CA981CCC1B751CF1DDFBCEDF28AC53D4.d.8C6F5A72959E60E865123B35BA9C8814.e.5780/click - {}
RESULT: {}
COMMAND: GET /session/6e03489d4a34a8a8f12f495779f86cce/screenshot - {}
RESULT: {}
COMMAND: POST /session/6e03489d4a34a8a8f12f495779f86cce/element - {"using":"xpath","value":"//input[contains(@id, \"receiptDatePicker-inner\")]"}
RESULT: {"using":"xpath","value":"//input[contains(@id, \"receiptDatePicker-inner\")]"}
COMMAND: POST /session/6e03489d4a34a8a8f12f495779f86cce/elements - {"using":"xpath","value":"//input[contains(@id, \"receiptDatePicker-inner\")]"}
RESULT: {"using":"xpath","value":"//input[contains(@id, \"receiptDatePicker-inner\")]"}
COMMAND: POST /session/6e03489d4a34a8a8f12f495779f86cce/execute/sync - {"script":"<script> [8489 bytes]","args":[{"element-6066-11e4-a52e-4f735466cecf":"f.CA981CCC1B751CF1DDFBCEDF28AC53D4.d.8C6F5A72959E60E865123B35BA9C8814.e.5746","ELEMENT":"f.CA981CCC1B751CF1DDFBCEDF28AC53D4.d.8C6F5A72959E60E865123B35BA9C8814.e.5746"}]}
RESULT: {"script":"<script> [8489 bytes]","args":[{"element-6066-11e4-a52e-4f735466cecf":"f.CA981CCC1B751CF1DDFBCEDF28AC53D4.d.8C6F5A72959E60E865123B35BA9C8814.e.5746","ELEMENT":"f.CA981CCC1B751CF1DDFBCEDF28AC53D4.d.8C6F5A72959E60E865123B35BA9C8814.e.5746"}]}
COMMAND: GET /session/6e03489d4a34a8a8f12f495779f86cce/element/f.CA981CCC1B751CF1DDFBCEDF28AC53D4.d.8C6F5A72959E60E865123B35BA9C8814.e.5746/enabled - {}
COMMAND: GET /session/6e03489d4a34a8a8f12f495779f86cce/screenshot - {}
RESULT: {}
COMMAND: POST /session/6e03489d4a34a8a8f12f495779f86cce/element/f.CA981CCC1B751CF1DDFBCEDF28AC53D4.d.8C6F5A72959E60E865123B35BA9C8814.e.5746/click - {}
COMMAND: GET /session/6e03489d4a34a8a8f12f495779f86cce/screenshot - {}
RESULT: {}
RESULT: {}
COMMAND: POST /session/6e03489d4a34a8a8f12f495779f86cce/element/f.CA981CCC1B751CF1DDFBCEDF28AC53D4.d.8C6F5A72959E60E865123B35BA9C8814.e.5746/clear - {}
COMMAND: GET /session/6e03489d4a34a8a8f12f495779f86cce/screenshot - {}
RESULT: {}
RESULT: {}
COMMAND: POST /session/6e03489d4a34a8a8f12f495779f86cce/element/f.CA981CCC1B751CF1DDFBCEDF28AC53D4.d.8C6F5A72959E60E865123B35BA9C8814.e.5746/clear - {}
COMMAND: GET /session/6e03489d4a34a8a8f12f495779f86cce/screenshot - {}
RESULT: {}
RESULT: {}
COMMAND: POST /session/6e03489d4a34a8a8f12f495779f86cce/element/f.CA981CCC1B751CF1DDFBCEDF28AC53D4.d.8C6F5A72959E60E865123B35BA9C8814.e.5746/value - {"text":"4/26/25"}
COMMAND: GET /session/6e03489d4a34a8a8f12f495779f86cce/screenshot - {}
RESULT: {}
RESULT: {"text":"4/26/25"}
COMMAND: POST /session/6e03489d4a34a8a8f12f495779f86cce/execute/async - {"script":"<script> [1562 bytes]","args":[{"selector":{"id":"confirmationButton","viewName":"etm.portal.ui.managehandovers.view.DetailExecuteHO","interaction":{"idSuffix":"BDI-content"}},"wdio_ui5_key":"confirmationButtonetmportal.ui.managehandovers.view.DetailExecuteHO"}]}
COMMAND: GET /session/6e03489d4a34a8a8f12f495779f86cce/screenshot - {}
RESULT: {}
RESULT: {"script":"<script> [1562 bytes]","args":[{"selector":{"id":"confirmationButton","viewName":"etm.portal.ui.managehandovers.view.DetailExecuteHO","interaction":{"idSuffix":"BDI-content"}},"wdio_ui5_key":"confirmationButtonetmportal.ui.managehandovers.view.DetailExecuteHO"}]}
RESULT: undefined
RESULT: {}
]]></system-out>
    </testcase>
  </testsuite>
  <testsuite timestamp="2025-04-26T17:01:35" time="137.187" tests="3" failures="3" errors="3" skipped="0">
    <properties>
      <property name="specId" value="0" />
      <property name="suiteName" value="Create bundle US131067" />
      <property name="capabilities" value="chrome.135_0_7049_96.windows" />
      <property name="file" value="file:///D:/a/1/s/test/specs/HTR/create-bundle-replenishment.spec.js" />
    </properties>
  </testsuite>
  <testsuite timestamp="2025-04-26T17:03:52" time="174.687" tests="1" failures="1" errors="1" skipped="0">
    <properties>
      <property name="specId" value="0" />
      <property name="suiteName" value="Create Replenishment US131070" />
      <property name="capabilities" value="chrome.135_0_7049_96.windows" />
      <property name="file" value="file:///D:/a/1/s/test/specs/HTR/create-bundle-replenishment.spec.js" />
    </properties>
  </testsuite>
  <testsuite timestamp="2025-04-26T17:06:47" time="331.804" tests="3" failures="1" errors="1" skipped="0">
    <properties>
      <property name="specId" value="0" />
      <property name="suiteName" value="Yard Overview Autoplanning US130989" />
      <property name="capabilities" value="chrome.135_0_7049_96.windows" />
      <property name="file" value="file:///D:/a/1/s/test/specs/HTR/yard-overview-autoplanning.spec.js" />
    </properties>
    <testcase classname="chrome.135_0_7049_96.windows.Yard_Overview_Autoplanning_US130989" name="Should create a new Material" time="126.647">
      <system-out><![CDATA[
COMMAND: POST /session/6e03489d4a34a8a8f12f495779f86cce/execute/async - {"script":"<script> [1562 bytes]","args":[{"selector":{"controlType":"sap.m.GenericTile","properties":{"header":"Manage Resources"}},"wdio_ui5_key":"sapm.GenericTile{\"header\":\"Manage Resources\"}"}]}
RESULT: {}
RESULT: {"script":"<script> [1562 bytes]","args":[{"selector":{"controlType":"sap.m.GenericTile","properties":{"header":"Manage Resources"}},"wdio_ui5_key":"sapm.GenericTile{\"header\":\"Manage Resources\"}"}]}
RESULT: undefined
COMMAND: POST /session/6e03489d4a34a8a8f12f495779f86cce/element - {"using":"xpath","value":"//*[@id=\"__tile31\"]"}
RESULT: {"using":"xpath","value":"//*[@id=\"__tile31\"]"}
COMMAND: POST /session/6e03489d4a34a8a8f12f495779f86cce/element/f.CA981CCC1B751CF1DDFBCEDF28AC53D4.d.854EE1F2639C2460D90F79F817E3C161.e.6824/click - {}
RESULT: {}
COMMAND: GET /session/6e03489d4a34a8a8f12f495779f86cce/screenshot - {}
RESULT: {}
COMMAND: POST /session/6e03489d4a34a8a8f12f495779f86cce/execute/async - {"script":"<script> [1562 bytes]","args":[{"selector":{"controlType":"sap.ui.core.Icon","viewName":"etm.portal.ui.manageresources.view.Master","viewId":"application-manageresources-display-component---masterRU","properties":{"src":{"regex":{"source":"add"}}}},"wdio_ui5_key":"etmportal.ui.manageresources.view.Mastersap.ui.core.Icon{\"src\":{\"regex\":{\"source\":\"add\"}}}"}]}
RESULT: {"script":"<script> [1562 bytes]","args":[{"selector":{"controlType":"sap.ui.core.Icon","viewName":"etm.portal.ui.manageresources.view.Master","viewId":"application-manageresources-display-component---masterRU","properties":{"src":{"regex":{"source":"add"}}}},"wdio_ui5_key":"etmportal.ui.manageresources.view.Mastersap.ui.core.Icon{\"src\":{\"regex\":{\"source\":\"add\"}}}"}]}
RESULT: undefined
COMMAND: POST /session/6e03489d4a34a8a8f12f495779f86cce/element - {"using":"xpath","value":"//*[@id=\"__button5-img\"]"}
RESULT: {"using":"xpath","value":"//*[@id=\"__button5-img\"]"}
COMMAND: POST /session/6e03489d4a34a8a8f12f495779f86cce/element/f.CA981CCC1B751CF1DDFBCEDF28AC53D4.d.854EE1F2639C2460D90F79F817E3C161.e.6964/click - {}
RESULT: {}
COMMAND: GET /session/6e03489d4a34a8a8f12f495779f86cce/screenshot - {}
COMMAND: POST /session/6e03489d4a34a8a8f12f495779f86cce/execute/async - {"script":"<script> [1562 bytes]","args":[{"selector":{"id":"application-manageresources-display-component---newResourceUnit--TYPE-arrow"},"wdio_ui5_key":"applicationmanageresources-display-component---newResourceUnit--TYPE-arrow"}]}
RESULT: {}
RESULT: {"script":"<script> [1562 bytes]","args":[{"selector":{"id":"application-manageresources-display-component---newResourceUnit--TYPE-arrow"},"wdio_ui5_key":"applicationmanageresources-display-component---newResourceUnit--TYPE-arrow"}]}
RESULT: undefined
COMMAND: POST /session/6e03489d4a34a8a8f12f495779f86cce/element - {"using":"xpath","value":"//*[@id=\"application-manageresources-display-component---newResourceUnit--TYPE-arrow\"]"}
RESULT: {"using":"xpath","value":"//*[@id=\"application-manageresources-display-component---newResourceUnit--TYPE-arrow\"]"}
COMMAND: POST /session/6e03489d4a34a8a8f12f495779f86cce/element/f.CA981CCC1B751CF1DDFBCEDF28AC53D4.d.854EE1F2639C2460D90F79F817E3C161.e.7283/click - {}
RESULT: {}
COMMAND: POST /session/6e03489d4a34a8a8f12f495779f86cce/execute/async - {"script":"<script> [1562 bytes]","args":[{"selector":{"controlType":"sap.m.StandardListItem","viewName":"reusables.view.manageresources.NewResourceUnit","viewId":"application-manageresources-display-component---newResourceUnit","properties":{"title":"Material"},"searchOpenDialogs":true,"interaction":{"idSuffix":"titleText"}},"wdio_ui5_key":"reusablesview.manageresources.NewResourceUnitsap.m.StandardListItem{\"title\":\"Material\"}"}]}
COMMAND: GET /session/6e03489d4a34a8a8f12f495779f86cce/screenshot - {}
RESULT: {"script":"<script> [1562 bytes]","args":[{"selector":{"controlType":"sap.m.StandardListItem","viewName":"reusables.view.manageresources.NewResourceUnit","viewId":"application-manageresources-display-component---newResourceUnit","properties":{"title":"Material"},"searchOpenDialogs":true,"interaction":{"idSuffix":"titleText"}},"wdio_ui5_key":"reusablesview.manageresources.NewResourceUnitsap.m.StandardListItem{\"title\":\"Material\"}"}]}
RESULT: undefined
COMMAND: POST /session/6e03489d4a34a8a8f12f495779f86cce/element - {"using":"xpath","value":"//*[@id=\"__item142\"]"}
RESULT: {}
RESULT: {"using":"xpath","value":"//*[@id=\"__item142\"]"}
COMMAND: POST /session/6e03489d4a34a8a8f12f495779f86cce/element/f.CA981CCC1B751CF1DDFBCEDF28AC53D4.d.854EE1F2639C2460D90F79F817E3C161.e.7286/click - {}
RESULT: {}
COMMAND: GET /session/6e03489d4a34a8a8f12f495779f86cce/screenshot - {}
RESULT: {}
COMMAND: POST /session/6e03489d4a34a8a8f12f495779f86cce/execute/async - {"script":"<script> [1562 bytes]","args":[{"selector":{"id":"application-manageresources-display-component---newResourceUnit--SHORT_TEXT","interaction":{"idSuffix":"inner"}},"wdio_ui5_key":"applicationmanageresources-display-component---newResourceUnit--SHORT_TEXT"}]}
RESULT: {"script":"<script> [1562 bytes]","args":[{"selector":{"id":"application-manageresources-display-component---newResourceUnit--SHORT_TEXT","interaction":{"idSuffix":"inner"}},"wdio_ui5_key":"applicationmanageresources-display-component---newResourceUnit--SHORT_TEXT"}]}
RESULT: undefined
COMMAND: POST /session/6e03489d4a34a8a8f12f495779f86cce/execute/async - {"script":"<script> [776 bytes]","args":[{"enterText":"AutoplanYOmaterial","selector":{"id":"application-manageresources-display-component---newResourceUnit--SHORT_TEXT","interaction":{"idSuffix":"inner"}},"clearTextFirst":true,"interactionType":"ENTER_TEXT"}]}
RESULT: {"script":"<script> [776 bytes]","args":[{"enterText":"AutoplanYOmaterial","selector":{"id":"application-manageresources-display-component---newResourceUnit--SHORT_TEXT","interaction":{"idSuffix":"inner"}},"clearTextFirst":true,"interactionType":"ENTER_TEXT"}]}
COMMAND: POST /session/6e03489d4a34a8a8f12f495779f86cce/execute/async - {"script":"<script> [1562 bytes]","args":[{"selector":{"id":"application-manageresources-display-component---newResourceUnit--BASE_UNIT_OF_MEASURE","interaction":{"idSuffix":"inner"}},"wdio_ui5_key":"applicationmanageresources-display-component---newResourceUnit--BASE_UNIT_OF_MEASURE"}]}
RESULT: {"script":"<script> [1562 bytes]","args":[{"selector":{"id":"application-manageresources-display-component---newResourceUnit--BASE_UNIT_OF_MEASURE","interaction":{"idSuffix":"inner"}},"wdio_ui5_key":"applicationmanageresources-display-component---newResourceUnit--BASE_UNIT_OF_MEASURE"}]}
RESULT: undefined
COMMAND: POST /session/6e03489d4a34a8a8f12f495779f86cce/execute/async - {"script":"<script> [776 bytes]","args":[{"enterText":"Piece","selector":{"id":"application-manageresources-display-component---newResourceUnit--BASE_UNIT_OF_MEASURE","interaction":{"idSuffix":"inner"}},"clearTextFirst":true,"interactionType":"ENTER_TEXT"}]}
RESULT: {"script":"<script> [776 bytes]","args":[{"enterText":"Piece","selector":{"id":"application-manageresources-display-component---newResourceUnit--BASE_UNIT_OF_MEASURE","interaction":{"idSuffix":"inner"}},"clearTextFirst":true,"interactionType":"ENTER_TEXT"}]}
COMMAND: POST /session/6e03489d4a34a8a8f12f495779f86cce/execute/async - {"script":"<script> [1562 bytes]","args":[{"selector":{"id":"application-manageresources-display-component---newResourceUnit--WEIGHT_UNIT","interaction":{"idSuffix":"inner"}},"wdio_ui5_key":"applicationmanageresources-display-component---newResourceUnit--WEIGHT_UNIT"}]}
RESULT: {"script":"<script> [1562 bytes]","args":[{"selector":{"id":"application-manageresources-display-component---newResourceUnit--WEIGHT_UNIT","interaction":{"idSuffix":"inner"}},"wdio_ui5_key":"applicationmanageresources-display-component---newResourceUnit--WEIGHT_UNIT"}]}
RESULT: undefined
COMMAND: POST /session/6e03489d4a34a8a8f12f495779f86cce/execute/async - {"script":"<script> [776 bytes]","args":[{"enterText":"Gram","selector":{"id":"application-manageresources-display-component---newResourceUnit--WEIGHT_UNIT","interaction":{"idSuffix":"inner"}},"clearTextFirst":true,"interactionType":"ENTER_TEXT"}]}
RESULT: {"script":"<script> [776 bytes]","args":[{"enterText":"Gram","selector":{"id":"application-manageresources-display-component---newResourceUnit--WEIGHT_UNIT","interaction":{"idSuffix":"inner"}},"clearTextFirst":true,"interactionType":"ENTER_TEXT"}]}
COMMAND: POST /session/6e03489d4a34a8a8f12f495779f86cce/execute/async - {"script":"<script> [1562 bytes]","args":[{"selector":{"id":"application-manageresources-display-component---newResourceUnit--DIMENSION_UNIT","interaction":{"idSuffix":"inner"}},"wdio_ui5_key":"applicationmanageresources-display-component---newResourceUnit--DIMENSION_UNIT"}]}
RESULT: {"script":"<script> [1562 bytes]","args":[{"selector":{"id":"application-manageresources-display-component---newResourceUnit--DIMENSION_UNIT","interaction":{"idSuffix":"inner"}},"wdio_ui5_key":"applicationmanageresources-display-component---newResourceUnit--DIMENSION_UNIT"}]}
RESULT: undefined
COMMAND: POST /session/6e03489d4a34a8a8f12f495779f86cce/execute/async - {"script":"<script> [776 bytes]","args":[{"enterText":"Meter","selector":{"id":"application-manageresources-display-component---newResourceUnit--DIMENSION_UNIT","interaction":{"idSuffix":"inner"}},"clearTextFirst":true,"interactionType":"ENTER_TEXT"}]}
RESULT: {"script":"<script> [776 bytes]","args":[{"enterText":"Meter","selector":{"id":"application-manageresources-display-component---newResourceUnit--DIMENSION_UNIT","interaction":{"idSuffix":"inner"}},"clearTextFirst":true,"interactionType":"ENTER_TEXT"}]}
COMMAND: POST /session/6e03489d4a34a8a8f12f495779f86cce/execute/async - {"script":"<script> [1562 bytes]","args":[{"selector":{"id":"application-manageresources-display-component---newResourceUnit--PLANNING_GROUP","interaction":{"idSuffix":"inner"}},"wdio_ui5_key":"applicationmanageresources-display-component---newResourceUnit--PLANNING_GROUP"}]}
RESULT: {"script":"<script> [1562 bytes]","args":[{"selector":{"id":"application-manageresources-display-component---newResourceUnit--PLANNING_GROUP","interaction":{"idSuffix":"inner"}},"wdio_ui5_key":"applicationmanageresources-display-component---newResourceUnit--PLANNING_GROUP"}]}
RESULT: undefined
COMMAND: POST /session/6e03489d4a34a8a8f12f495779f86cce/execute/async - {"script":"<script> [776 bytes]","args":[{"enterText":"Heavy","selector":{"id":"application-manageresources-display-component---newResourceUnit--PLANNING_GROUP","interaction":{"idSuffix":"inner"}},"clearTextFirst":true,"interactionType":"ENTER_TEXT"}]}
RESULT: {"script":"<script> [776 bytes]","args":[{"enterText":"Heavy","selector":{"id":"application-manageresources-display-component---newResourceUnit--PLANNING_GROUP","interaction":{"idSuffix":"inner"}},"clearTextFirst":true,"interactionType":"ENTER_TEXT"}]}
COMMAND: POST /session/6e03489d4a34a8a8f12f495779f86cce/execute/async - {"script":"<script> [1562 bytes]","args":[{"selector":{"id":"application-manageresources-display-component---newResourceUnit--PLANNING_INDICATOR","interaction":{"idSuffix":"inner"}},"wdio_ui5_key":"applicationmanageresources-display-component---newResourceUnit--PLANNING_INDICATOR"}]}
RESULT: {"script":"<script> [1562 bytes]","args":[{"selector":{"id":"application-manageresources-display-component---newResourceUnit--PLANNING_INDICATOR","interaction":{"idSuffix":"inner"}},"wdio_ui5_key":"applicationmanageresources-display-component---newResourceUnit--PLANNING_INDICATOR"}]}
RESULT: undefined
COMMAND: POST /session/6e03489d4a34a8a8f12f495779f86cce/execute/async - {"script":"<script> [776 bytes]","args":[{"enterText":"10 - infinite","selector":{"id":"application-manageresources-display-component---newResourceUnit--PLANNING_INDICATOR","interaction":{"idSuffix":"inner"}},"clearTextFirst":true,"interactionType":"ENTER_TEXT"}]}
RESULT: {"script":"<script> [776 bytes]","args":[{"enterText":"10 - infinite","selector":{"id":"application-manageresources-display-component---newResourceUnit--PLANNING_INDICATOR","interaction":{"idSuffix":"inner"}},"clearTextFirst":true,"interactionType":"ENTER_TEXT"}]}
COMMAND: POST /session/6e03489d4a34a8a8f12f495779f86cce/actions - {"actions":[{"id":"action16","type":"key","parameters":{},"actions":[{"type":"keyDown","value":"î€‡"},{"type":"pause","duration":10},{"type":"keyUp","value":"î€‡"}]}]}
RESULT: {"actions":[{"id":"action16","type":"key","parameters":{},"actions":[{"type":"keyDown","value":"î€‡"},{"type":"pause","duration":10},{"type":"keyUp","value":"î€‡"}]}]}
COMMAND: POST /session/6e03489d4a34a8a8f12f495779f86cce/execute/async - {"script":"<script> [1562 bytes]","args":[{"selector":{"id":"application-manageresources-display-component---newResourceUnit--newRRUPage-anchBar-application-manageresources-display-component---newResourceUnit--control-anchor","interaction":{"idSuffix":"BDI-content"}},"wdio_ui5_key":"applicationmanageresources-display-component---newResourceUnit--newRRUPage-anchBar-application-manageresources-display-component---newResourceUnit--control-anchor"}]}
COMMAND: GET /session/6e03489d4a34a8a8f12f495779f86cce/screenshot - {}
RESULT: {"script":"<script> [1562 bytes]","args":[{"selector":{"id":"application-manageresources-display-component---newResourceUnit--newRRUPage-anchBar-application-manageresources-display-component---newResourceUnit--control-anchor","interaction":{"idSuffix":"BDI-content"}},"wdio_ui5_key":"applicationmanageresources-display-component---newResourceUnit--newRRUPage-anchBar-application-manageresources-display-component---newResourceUnit--control-anchor"}]}
RESULT: undefined
COMMAND: POST /session/6e03489d4a34a8a8f12f495779f86cce/element - {"using":"xpath","value":"//*[@id=\"application-manageresources-display-component---newResourceUnit--newRRUPage-anchBar-application-manageresources-display-component---newResourceUnit--control-anchor\"]"}
RESULT: {}
RESULT: {"using":"xpath","value":"//*[@id=\"application-manageresources-display-component---newResourceUnit--newRRUPage-anchBar-application-manageresources-display-component---newResourceUnit--control-anchor\"]"}
COMMAND: POST /session/6e03489d4a34a8a8f12f495779f86cce/element/f.CA981CCC1B751CF1DDFBCEDF28AC53D4.d.854EE1F2639C2460D90F79F817E3C161.e.7358/click - {}
RESULT: {}
COMMAND: POST /session/6e03489d4a34a8a8f12f495779f86cce/execute/async - {"script":"<script> [1562 bytes]","args":[{"selector":{"id":"application-manageresources-display-component---newResourceUnit--btnAddTimeSegment-img"},"wdio_ui5_key":"applicationmanageresources-display-component---newResourceUnit--btnAddTimeSegment-img"}]}
COMMAND: GET /session/6e03489d4a34a8a8f12f495779f86cce/screenshot - {}
RESULT: {"script":"<script> [1562 bytes]","args":[{"selector":{"id":"application-manageresources-display-component---newResourceUnit--btnAddTimeSegment-img"},"wdio_ui5_key":"applicationmanageresources-display-component---newResourceUnit--btnAddTimeSegment-img"}]}
RESULT: undefined
COMMAND: POST /session/6e03489d4a34a8a8f12f495779f86cce/element - {"using":"xpath","value":"//*[@id=\"application-manageresources-display-component---newResourceUnit--btnAddTimeSegment-img\"]"}
RESULT: {}
RESULT: {"using":"xpath","value":"//*[@id=\"application-manageresources-display-component---newResourceUnit--btnAddTimeSegment-img\"]"}
COMMAND: POST /session/6e03489d4a34a8a8f12f495779f86cce/element/f.CA981CCC1B751CF1DDFBCEDF28AC53D4.d.854EE1F2639C2460D90F79F817E3C161.e.7362/click - {}
RESULT: {}
COMMAND: POST /session/6e03489d4a34a8a8f12f495779f86cce/element - {"using":"xpath","value":"//input[@id=\"application-manageresources-display-component---newResourceUnit--idRuTSAdmin-application-manageresources-display-component---newResourceUnit--RUTimeSegment-0-inner\"]"}
COMMAND: GET /session/6e03489d4a34a8a8f12f495779f86cce/screenshot - {}
RESULT: {"using":"xpath","value":"//input[@id=\"application-manageresources-display-component---newResourceUnit--idRuTSAdmin-application-manageresources-display-component---newResourceUnit--RUTimeSegment-0-inner\"]"}
COMMAND: POST /session/6e03489d4a34a8a8f12f495779f86cce/element/f.CA981CCC1B751CF1DDFBCEDF28AC53D4.d.854EE1F2639C2460D90F79F817E3C161.e.7365/clear - {}
RESULT: {}
RESULT: {}
COMMAND: POST /session/6e03489d4a34a8a8f12f495779f86cce/element/f.CA981CCC1B751CF1DDFBCEDF28AC53D4.d.854EE1F2639C2460D90F79F817E3C161.e.7365/value - {"text":"Webdriver Yard"}
COMMAND: GET /session/6e03489d4a34a8a8f12f495779f86cce/screenshot - {}
RESULT: {"text":"Webdriver Yard"}
COMMAND: GET /session/6e03489d4a34a8a8f12f495779f86cce/screenshot - {}
RESULT: {}
RESULT: {}
COMMAND: POST /session/6e03489d4a34a8a8f12f495779f86cce/actions - {"actions":[{"id":"action17","type":"key","parameters":{},"actions":[{"type":"keyDown","value":"î€‡"},{"type":"pause","duration":10},{"type":"keyUp","value":"î€‡"}]}]}
RESULT: {"actions":[{"id":"action17","type":"key","parameters":{},"actions":[{"type":"keyDown","value":"î€‡"},{"type":"pause","duration":10},{"type":"keyUp","value":"î€‡"}]}]}
COMMAND: GET /session/6e03489d4a34a8a8f12f495779f86cce/screenshot - {}
RESULT: {}
COMMAND: POST /session/6e03489d4a34a8a8f12f495779f86cce/element - {"using":"xpath","value":"//*[contains(text(), \"Catalogs\")][contains(@id ,\"application-manageresources-display-component---newResourceUnit--newRRUPage-anchBar\")]"}
RESULT: {"using":"xpath","value":"//*[contains(text(), \"Catalogs\")][contains(@id ,\"application-manageresources-display-component---newResourceUnit--newRRUPage-anchBar\")]"}
COMMAND: POST /session/6e03489d4a34a8a8f12f495779f86cce/element/f.CA981CCC1B751CF1DDFBCEDF28AC53D4.d.854EE1F2639C2460D90F79F817E3C161.e.7376/click - {}
RESULT: {}
COMMAND: GET /session/6e03489d4a34a8a8f12f495779f86cce/screenshot - {}
RESULT: {}
COMMAND: POST /session/6e03489d4a34a8a8f12f495779f86cce/element - {"using":"xpath","value":"//*[contains(text(), \"Assign\")][contains(@id ,\"button\")]"}
RESULT: {"using":"xpath","value":"//*[contains(text(), \"Assign\")][contains(@id ,\"button\")]"}
COMMAND: POST /session/6e03489d4a34a8a8f12f495779f86cce/element/f.CA981CCC1B751CF1DDFBCEDF28AC53D4.d.854EE1F2639C2460D90F79F817E3C161.e.7381/click - {}
RESULT: {}
COMMAND: GET /session/6e03489d4a34a8a8f12f495779f86cce/screenshot - {}
RESULT: {}
COMMAND: POST /session/6e03489d4a34a8a8f12f495779f86cce/element - {"using":"xpath","value":"//input[@id=\"application-manageresources-display-component---newResourceUnit--catalogSelect-inner\"]"}
RESULT: {"using":"xpath","value":"//input[@id=\"application-manageresources-display-component---newResourceUnit--catalogSelect-inner\"]"}
COMMAND: POST /session/6e03489d4a34a8a8f12f495779f86cce/element/f.CA981CCC1B751CF1DDFBCEDF28AC53D4.d.854EE1F2639C2460D90F79F817E3C161.e.7384/clear - {}
RESULT: {}
COMMAND: POST /session/6e03489d4a34a8a8f12f495779f86cce/element/f.CA981CCC1B751CF1DDFBCEDF28AC53D4.d.854EE1F2639C2460D90F79F817E3C161.e.7384/value - {"text":"Webshop"}
COMMAND: GET /session/6e03489d4a34a8a8f12f495779f86cce/screenshot - {}
RESULT: {"text":"Webshop"}
COMMAND: GET /session/6e03489d4a34a8a8f12f495779f86cce/screenshot - {}
RESULT: {}
RESULT: {}
COMMAND: POST /session/6e03489d4a34a8a8f12f495779f86cce/actions - {"actions":[{"id":"action18","type":"key","parameters":{},"actions":[{"type":"keyDown","value":"î€‡"},{"type":"pause","duration":10},{"type":"keyUp","value":"î€‡"}]}]}
RESULT: {"actions":[{"id":"action18","type":"key","parameters":{},"actions":[{"type":"keyDown","value":"î€‡"},{"type":"pause","duration":10},{"type":"keyUp","value":"î€‡"}]}]}
COMMAND: GET /session/6e03489d4a34a8a8f12f495779f86cce/screenshot - {}
RESULT: {}
COMMAND: POST /session/6e03489d4a34a8a8f12f495779f86cce/element - {"using":"xpath","value":"//input[@id=\"application-manageresources-display-component---newResourceUnit--catalogItemSelect-inner\"]"}
RESULT: {"using":"xpath","value":"//input[@id=\"application-manageresources-display-component---newResourceUnit--catalogItemSelect-inner\"]"}
COMMAND: POST /session/6e03489d4a34a8a8f12f495779f86cce/element/f.CA981CCC1B751CF1DDFBCEDF28AC53D4.d.854EE1F2639C2460D90F79F817E3C161.e.7386/clear - {}
RESULT: {}
COMMAND: POST /session/6e03489d4a34a8a8f12f495779f86cce/element/f.CA981CCC1B751CF1DDFBCEDF28AC53D4.d.854EE1F2639C2460D90F79F817E3C161.e.7386/value - {"text":"Concert"}
COMMAND: GET /session/6e03489d4a34a8a8f12f495779f86cce/screenshot - {}
RESULT: {"text":"Concert"}
COMMAND: GET /session/6e03489d4a34a8a8f12f495779f86cce/screenshot - {}
RESULT: {}
RESULT: {}
COMMAND: POST /session/6e03489d4a34a8a8f12f495779f86cce/actions - {"actions":[{"id":"action19","type":"key","parameters":{},"actions":[{"type":"keyDown","value":"î€•"},{"type":"pause","duration":10},{"type":"keyUp","value":"î€•"}]}]}
RESULT: {"actions":[{"id":"action19","type":"key","parameters":{},"actions":[{"type":"keyDown","value":"î€•"},{"type":"pause","duration":10},{"type":"keyUp","value":"î€•"}]}]}
COMMAND: POST /session/6e03489d4a34a8a8f12f495779f86cce/actions - {"actions":[{"id":"action20","type":"key","parameters":{},"actions":[{"type":"keyDown","value":"î€‡"},{"type":"pause","duration":10},{"type":"keyUp","value":"î€‡"}]}]}
COMMAND: GET /session/6e03489d4a34a8a8f12f495779f86cce/screenshot - {}
RESULT: {"actions":[{"id":"action20","type":"key","parameters":{},"actions":[{"type":"keyDown","value":"î€‡"},{"type":"pause","duration":10},{"type":"keyUp","value":"î€‡"}]}]}
COMMAND: POST /session/6e03489d4a34a8a8f12f495779f86cce/execute/async - {"script":"<script> [1562 bytes]","args":[{"selector":{"id":"application-manageresources-display-component---newResourceUnit--RUAssignmentSaveButton","searchOpenDialogs":true,"interaction":{"idSuffix":"BDI-content"}},"wdio_ui5_key":"applicationmanageresources-display-component---newResourceUnit--RUAssignmentSaveButton"}]}
COMMAND: GET /session/6e03489d4a34a8a8f12f495779f86cce/screenshot - {}
RESULT: {}
RESULT: {"script":"<script> [1562 bytes]","args":[{"selector":{"id":"application-manageresources-display-component---newResourceUnit--RUAssignmentSaveButton","searchOpenDialogs":true,"interaction":{"idSuffix":"BDI-content"}},"wdio_ui5_key":"applicationmanageresources-display-component---newResourceUnit--RUAssignmentSaveButton"}]}
RESULT: undefined
COMMAND: POST /session/6e03489d4a34a8a8f12f495779f86cce/element - {"using":"xpath","value":"//*[@id=\"application-manageresources-display-component---newResourceUnit--RUAssignmentSaveButton\"]"}
RESULT: {}
RESULT: {"using":"xpath","value":"//*[@id=\"application-manageresources-display-component---newResourceUnit--RUAssignmentSaveButton\"]"}
COMMAND: POST /session/6e03489d4a34a8a8f12f495779f86cce/element/f.CA981CCC1B751CF1DDFBCEDF28AC53D4.d.854EE1F2639C2460D90F79F817E3C161.e.7407/click - {}
RESULT: {}
COMMAND: GET /session/6e03489d4a34a8a8f12f495779f86cce/screenshot - {}
RESULT: {}
COMMAND: POST /session/6e03489d4a34a8a8f12f495779f86cce/element - {"using":"xpath","value":"//bdi[@id=\"application-manageresources-display-component---newResourceUnit--createRuButton-BDI-content\" and text()=\"Save\"]"}
RESULT: {"using":"xpath","value":"//bdi[@id=\"application-manageresources-display-component---newResourceUnit--createRuButton-BDI-content\" and text()=\"Save\"]"}
COMMAND: POST /session/6e03489d4a34a8a8f12f495779f86cce/execute/sync - {"script":"<script> [8489 bytes]","args":[{"element-6066-11e4-a52e-4f735466cecf":"f.CA981CCC1B751CF1DDFBCEDF28AC53D4.d.854EE1F2639C2460D90F79F817E3C161.e.7417","ELEMENT":"f.CA981CCC1B751CF1DDFBCEDF28AC53D4.d.854EE1F2639C2460D90F79F817E3C161.e.7417"}]}
RESULT: {"script":"<script> [8489 bytes]","args":[{"element-6066-11e4-a52e-4f735466cecf":"f.CA981CCC1B751CF1DDFBCEDF28AC53D4.d.854EE1F2639C2460D90F79F817E3C161.e.7417","ELEMENT":"f.CA981CCC1B751CF1DDFBCEDF28AC53D4.d.854EE1F2639C2460D90F79F817E3C161.e.7417"}]}
COMMAND: POST /session/6e03489d4a34a8a8f12f495779f86cce/execute/sync - {"script":"<script> [5351 bytes]","args":[{"element-6066-11e4-a52e-4f735466cecf":"f.CA981CCC1B751CF1DDFBCEDF28AC53D4.d.854EE1F2639C2460D90F79F817E3C161.e.7417","ELEMENT":"f.CA981CCC1B751CF1DDFBCEDF28AC53D4.d.854EE1F2639C2460D90F79F817E3C161.e.7417"}]}
COMMAND: GET /session/6e03489d4a34a8a8f12f495779f86cce/screenshot - {}
RESULT: {"script":"<script> [5351 bytes]","args":[{"element-6066-11e4-a52e-4f735466cecf":"f.CA981CCC1B751CF1DDFBCEDF28AC53D4.d.854EE1F2639C2460D90F79F817E3C161.e.7417","ELEMENT":"f.CA981CCC1B751CF1DDFBCEDF28AC53D4.d.854EE1F2639C2460D90F79F817E3C161.e.7417"}]}
COMMAND: POST /session/6e03489d4a34a8a8f12f495779f86cce/element/f.CA981CCC1B751CF1DDFBCEDF28AC53D4.d.854EE1F2639C2460D90F79F817E3C161.e.7417/click - {}
COMMAND: GET /session/6e03489d4a34a8a8f12f495779f86cce/screenshot - {}
RESULT: {}
RESULT: {}
COMMAND: GET /session/6e03489d4a34a8a8f12f495779f86cce/screenshot - {}
RESULT: {}
RESULT: {}
COMMAND: POST /session/6e03489d4a34a8a8f12f495779f86cce/element - {"using":"xpath","value":"//bdi[contains(@id, \"BDI-content\") and text()=\"Close\"]"}
RESULT: {"using":"xpath","value":"//bdi[contains(@id, \"BDI-content\") and text()=\"Close\"]"}
COMMAND: POST /session/6e03489d4a34a8a8f12f495779f86cce/execute/sync - {"script":"<script> [8489 bytes]","args":[{"element-6066-11e4-a52e-4f735466cecf":"f.CA981CCC1B751CF1DDFBCEDF28AC53D4.d.854EE1F2639C2460D90F79F817E3C161.e.7421","ELEMENT":"f.CA981CCC1B751CF1DDFBCEDF28AC53D4.d.854EE1F2639C2460D90F79F817E3C161.e.7421"}]}
RESULT: {"script":"<script> [8489 bytes]","args":[{"element-6066-11e4-a52e-4f735466cecf":"f.CA981CCC1B751CF1DDFBCEDF28AC53D4.d.854EE1F2639C2460D90F79F817E3C161.e.7421","ELEMENT":"f.CA981CCC1B751CF1DDFBCEDF28AC53D4.d.854EE1F2639C2460D90F79F817E3C161.e.7421"}]}
COMMAND: POST /session/6e03489d4a34a8a8f12f495779f86cce/execute/sync - {"script":"<script> [5351 bytes]","args":[{"element-6066-11e4-a52e-4f735466cecf":"f.CA981CCC1B751CF1DDFBCEDF28AC53D4.d.854EE1F2639C2460D90F79F817E3C161.e.7421","ELEMENT":"f.CA981CCC1B751CF1DDFBCEDF28AC53D4.d.854EE1F2639C2460D90F79F817E3C161.e.7421"}]}
COMMAND: GET /session/6e03489d4a34a8a8f12f495779f86cce/screenshot - {}
RESULT: {"script":"<script> [5351 bytes]","args":[{"element-6066-11e4-a52e-4f735466cecf":"f.CA981CCC1B751CF1DDFBCEDF28AC53D4.d.854EE1F2639C2460D90F79F817E3C161.e.7421","ELEMENT":"f.CA981CCC1B751CF1DDFBCEDF28AC53D4.d.854EE1F2639C2460D90F79F817E3C161.e.7421"}]}
COMMAND: POST /session/6e03489d4a34a8a8f12f495779f86cce/element/f.CA981CCC1B751CF1DDFBCEDF28AC53D4.d.854EE1F2639C2460D90F79F817E3C161.e.7421/click - {}
COMMAND: GET /session/6e03489d4a34a8a8f12f495779f86cce/screenshot - {}
RESULT: {}
RESULT: {}
COMMAND: GET /session/6e03489d4a34a8a8f12f495779f86cce/screenshot - {}
RESULT: {}
COMMAND: POST /session/6e03489d4a34a8a8f12f495779f86cce/execute/async - {"script":"<script> [1562 bytes]","args":[{"selector":{"controlType":"sap.m.Text","viewName":"etm.portal.ui.manageresources.view.Detail","viewId":"application-manageresources-display-component---detailRU","bindingPath":{"propertyPath":"ID","modelName":"catalogModel"}},"wdio_ui5_key":"etmportal.ui.manageresources.view.Detailsap.m.Text{\"propertyPath\":\"ID\",\"modelName\":\"catalogModel\"}"}]}
RESULT: {}
RESULT: {"script":"<script> [1562 bytes]","args":[{"selector":{"controlType":"sap.m.Text","viewName":"etm.portal.ui.manageresources.view.Detail","viewId":"application-manageresources-display-component---detailRU","bindingPath":{"propertyPath":"ID","modelName":"catalogModel"}},"wdio_ui5_key":"etmportal.ui.manageresources.view.Detailsap.m.Text{\"propertyPath\":\"ID\",\"modelName\":\"catalogModel\"}"}]}
RESULT: undefined
COMMAND: POST /session/6e03489d4a34a8a8f12f495779f86cce/execute/async - {"script":"<script> [6424 bytes]","args":[{"element-6066-11e4-a52e-4f735466cecf":"f.CA981CCC1B751CF1DDFBCEDF28AC53D4.d.854EE1F2639C2460D90F79F817E3C161.e.7453"},"getText",[]]}
RESULT: {"script":"<script> [6424 bytes]","args":[{"element-6066-11e4-a52e-4f735466cecf":"f.CA981CCC1B751CF1DDFBCEDF28AC53D4.d.854EE1F2639C2460D90F79F817E3C161.e.7453"},"getText",[]]}
COMMAND: POST /session/6e03489d4a34a8a8f12f495779f86cce/element - {"using":"css selector","value":"#shell-header-logo"}
RESULT: {"using":"css selector","value":"#shell-header-logo"}
COMMAND: POST /session/6e03489d4a34a8a8f12f495779f86cce/element/f.CA981CCC1B751CF1DDFBCEDF28AC53D4.d.854EE1F2639C2460D90F79F817E3C161.e.6807/click - {}
RESULT: {}
COMMAND: GET /session/6e03489d4a34a8a8f12f495779f86cce/screenshot - {}
RESULT: {}
]]></system-out>
    </testcase>
    <testcase classname="chrome.135_0_7049_96.windows.Yard_Overview_Autoplanning_US130989" name="Should create a new request and add the material" time="96.002">
      <system-out><![CDATA[
COMMAND: POST /session/6e03489d4a34a8a8f12f495779f86cce/execute/async - {"script":"<script> [1562 bytes]","args":[{"selector":{"controlType":"sap.m.Text","properties":{"text":"Manage Requests"},"interaction":{"idSuffix":"inner"}},"wdio_ui5_key":"sapm.Text{\"text\":\"Manage Requests\"}"}]}
RESULT: {"script":"<script> [1562 bytes]","args":[{"selector":{"controlType":"sap.m.Text","properties":{"text":"Manage Requests"},"interaction":{"idSuffix":"inner"}},"wdio_ui5_key":"sapm.Text{\"text\":\"Manage Requests\"}"}]}
RESULT: undefined
COMMAND: POST /session/6e03489d4a34a8a8f12f495779f86cce/element - {"using":"xpath","value":"//*[@id=\"__tile39-title\"]"}
RESULT: {"using":"xpath","value":"//*[@id=\"__tile39-title\"]"}
COMMAND: POST /session/6e03489d4a34a8a8f12f495779f86cce/element/f.CA981CCC1B751CF1DDFBCEDF28AC53D4.d.854EE1F2639C2460D90F79F817E3C161.e.7456/click - {}
RESULT: {}
COMMAND: GET /session/6e03489d4a34a8a8f12f495779f86cce/screenshot - {}
RESULT: {}
COMMAND: POST /session/6e03489d4a34a8a8f12f495779f86cce/execute/async - {"script":"<script> [1562 bytes]","args":[{"selector":{"id":"btnCreateNew","viewName":"etm.portal.ui.managerequests.view.Master","interaction":{"idSuffix":"inner"}},"wdio_ui5_key":"btnCreateNewetmportal.ui.managerequests.view.Master"}]}
RESULT: {"script":"<script> [1562 bytes]","args":[{"selector":{"id":"btnCreateNew","viewName":"etm.portal.ui.managerequests.view.Master","interaction":{"idSuffix":"inner"}},"wdio_ui5_key":"btnCreateNewetmportal.ui.managerequests.view.Master"}]}
RESULT: undefined
COMMAND: POST /session/6e03489d4a34a8a8f12f495779f86cce/element - {"using":"xpath","value":"//*[@id=\"__xmlview58--btnCreateNew\"]"}
RESULT: {"using":"xpath","value":"//*[@id=\"__xmlview58--btnCreateNew\"]"}
COMMAND: POST /session/6e03489d4a34a8a8f12f495779f86cce/element/f.CA981CCC1B751CF1DDFBCEDF28AC53D4.d.854EE1F2639C2460D90F79F817E3C161.e.7514/click - {}
RESULT: {}
COMMAND: GET /session/6e03489d4a34a8a8f12f495779f86cce/screenshot - {}
RESULT: {}
COMMAND: POST /session/6e03489d4a34a8a8f12f495779f86cce/execute/async - {"script":"<script> [1562 bytes]","args":[{"selector":{"controlType":"sap.ui.core.Icon","viewName":"etm.portal.ui.managerequests.view.NewRequest","properties":{"src":{"regex":{"source":"full\\-screen"}}}},"wdio_ui5_key":"etmportal.ui.managerequests.view.NewRequestsap.ui.core.Icon{\"src\":{\"regex\":{\"source\":\"full\\\\-screen\"}}}"}]}
RESULT: {"script":"<script> [1562 bytes]","args":[{"selector":{"controlType":"sap.ui.core.Icon","viewName":"etm.portal.ui.managerequests.view.NewRequest","properties":{"src":{"regex":{"source":"full\\-screen"}}}},"wdio_ui5_key":"etmportal.ui.managerequests.view.NewRequestsap.ui.core.Icon{\"src\":{\"regex\":{\"source\":\"full\\\\-screen\"}}}"}]}
RESULT: undefined
COMMAND: POST /session/6e03489d4a34a8a8f12f495779f86cce/element - {"using":"xpath","value":"//*[@id=\"__button75-img\"]"}
RESULT: {"using":"xpath","value":"//*[@id=\"__button75-img\"]"}
COMMAND: POST /session/6e03489d4a34a8a8f12f495779f86cce/element/f.CA981CCC1B751CF1DDFBCEDF28AC53D4.d.854EE1F2639C2460D90F79F817E3C161.e.7893/click - {}
RESULT: {}
COMMAND: GET /session/6e03489d4a34a8a8f12f495779f86cce/screenshot - {}
RESULT: {}
COMMAND: POST /session/6e03489d4a34a8a8f12f495779f86cce/element - {"using":"xpath","value":"//input[contains(@id ,\"yardId-inner\")]"}
RESULT: {"using":"xpath","value":"//input[contains(@id ,\"yardId-inner\")]"}
COMMAND: POST /session/6e03489d4a34a8a8f12f495779f86cce/element/f.CA981CCC1B751CF1DDFBCEDF28AC53D4.d.854EE1F2639C2460D90F79F817E3C161.e.7765/value - {"text":"Webdriver Yard"}
RESULT: {"text":"Webdriver Yard"}
COMMAND: GET /session/6e03489d4a34a8a8f12f495779f86cce/screenshot - {}
RESULT: {}
COMMAND: POST /session/6e03489d4a34a8a8f12f495779f86cce/actions - {"actions":[{"id":"action21","type":"key","parameters":{},"actions":[{"type":"keyDown","value":"î€‡"},{"type":"pause","duration":10},{"type":"keyUp","value":"î€‡"}]}]}
RESULT: {"actions":[{"id":"action21","type":"key","parameters":{},"actions":[{"type":"keyDown","value":"î€‡"},{"type":"pause","duration":10},{"type":"keyUp","value":"î€‡"}]}]}
COMMAND: GET /session/6e03489d4a34a8a8f12f495779f86cce/screenshot - {}
RESULT: {}
COMMAND: POST /session/6e03489d4a34a8a8f12f495779f86cce/element - {"using":"xpath","value":"//input[contains(@id ,\"customerNumber-inner\")]"}
RESULT: {"using":"xpath","value":"//input[contains(@id ,\"customerNumber-inner\")]"}
COMMAND: POST /session/6e03489d4a34a8a8f12f495779f86cce/element/f.CA981CCC1B751CF1DDFBCEDF28AC53D4.d.854EE1F2639C2460D90F79F817E3C161.e.7759/clear - {}
RESULT: {}
COMMAND: POST /session/6e03489d4a34a8a8f12f495779f86cce/element/f.CA981CCC1B751CF1DDFBCEDF28AC53D4.d.854EE1F2639C2460D90F79F817E3C161.e.7759/value - {"text":"WebdriverPartner"}
COMMAND: GET /session/6e03489d4a34a8a8f12f495779f86cce/screenshot - {}
RESULT: {"text":"WebdriverPartner"}
COMMAND: GET /session/6e03489d4a34a8a8f12f495779f86cce/screenshot - {}
RESULT: {}
RESULT: {}
COMMAND: POST /session/6e03489d4a34a8a8f12f495779f86cce/actions - {"actions":[{"id":"action22","type":"key","parameters":{},"actions":[{"type":"keyDown","value":"î€‡"},{"type":"pause","duration":10},{"type":"keyUp","value":"î€‡"}]}]}
RESULT: {"actions":[{"id":"action22","type":"key","parameters":{},"actions":[{"type":"keyDown","value":"î€‡"},{"type":"pause","duration":10},{"type":"keyUp","value":"î€‡"}]}]}
COMMAND: GET /session/6e03489d4a34a8a8f12f495779f86cce/screenshot - {}
RESULT: {}
COMMAND: POST /session/6e03489d4a34a8a8f12f495779f86cce/element - {"using":"xpath","value":"//button[contains(@id ,\"btnAddTableRow\")]"}
RESULT: {"using":"xpath","value":"//button[contains(@id ,\"btnAddTableRow\")]"}
COMMAND: POST /session/6e03489d4a34a8a8f12f495779f86cce/element/f.CA981CCC1B751CF1DDFBCEDF28AC53D4.d.854EE1F2639C2460D90F79F817E3C161.e.7737/click - {}
RESULT: {}
COMMAND: GET /session/6e03489d4a34a8a8f12f495779f86cce/screenshot - {}
RESULT: {}
COMMAND: POST /session/6e03489d4a34a8a8f12f495779f86cce/actions - {"actions":[{"id":"action23","type":"key","parameters":{},"actions":[{"type":"keyDown","value":"î€•"},{"type":"pause","duration":10},{"type":"keyUp","value":"î€•"}]}]}
RESULT: {"actions":[{"id":"action23","type":"key","parameters":{},"actions":[{"type":"keyDown","value":"î€•"},{"type":"pause","duration":10},{"type":"keyUp","value":"î€•"}]}]}
COMMAND: POST /session/6e03489d4a34a8a8f12f495779f86cce/actions - {"actions":[{"id":"action24","type":"key","parameters":{},"actions":[{"type":"keyDown","value":"î€‡"},{"type":"pause","duration":10},{"type":"keyUp","value":"î€‡"}]}]}
COMMAND: GET /session/6e03489d4a34a8a8f12f495779f86cce/screenshot - {}
RESULT: {"actions":[{"id":"action24","type":"key","parameters":{},"actions":[{"type":"keyDown","value":"î€‡"},{"type":"pause","duration":10},{"type":"keyUp","value":"î€‡"}]}]}
COMMAND: POST /session/6e03489d4a34a8a8f12f495779f86cce/execute/async - {"script":"<script> [1562 bytes]","args":[{"selector":{"controlType":"etm.portal.ui.reusables.customControls.LiveSearchComboBox","viewName":"etm.portal.ui.managerequests.view.NewRequest","bindingPath":{"path":"/RequestItems/0","propertyPath":"CATALOG_ITEM","modelName":"newRequestItems"},"interaction":{"idSuffix":"inner"}},"wdio_ui5_key":"etmportal.ui.managerequests.view.NewRequestetm.portal.ui.reusables.customControls.LiveSearchComboBox{\"path\":\"/RequestItems/0\",\"propertyPath\":\"CATALOG_ITEM\",\"modelName\":\"newRequestItems\"}"}]}
COMMAND: GET /session/6e03489d4a34a8a8f12f495779f86cce/screenshot - {}
RESULT: {}
RESULT: {"script":"<script> [1562 bytes]","args":[{"selector":{"controlType":"etm.portal.ui.reusables.customControls.LiveSearchComboBox","viewName":"etm.portal.ui.managerequests.view.NewRequest","bindingPath":{"path":"/RequestItems/0","propertyPath":"CATALOG_ITEM","modelName":"newRequestItems"},"interaction":{"idSuffix":"inner"}},"wdio_ui5_key":"etmportal.ui.managerequests.view.NewRequestetm.portal.ui.reusables.customControls.LiveSearchComboBox{\"path\":\"/RequestItems/0\",\"propertyPath\":\"CATALOG_ITEM\",\"modelName\":\"newRequestItems\"}"}]}
RESULT: undefined
COMMAND: POST /session/6e03489d4a34a8a8f12f495779f86cce/execute/async - {"script":"<script> [776 bytes]","args":[{"enterText":"Concert","selector":{"controlType":"etm.portal.ui.reusables.customControls.LiveSearchComboBox","viewName":"etm.portal.ui.managerequests.view.NewRequest","bindingPath":{"path":"/RequestItems/0","propertyPath":"CATALOG_ITEM","modelName":"newRequestItems"},"interaction":{"idSuffix":"inner"}},"clearTextFirst":true,"interactionType":"ENTER_TEXT"}]}
RESULT: {}
RESULT: {"script":"<script> [776 bytes]","args":[{"enterText":"Concert","selector":{"controlType":"etm.portal.ui.reusables.customControls.LiveSearchComboBox","viewName":"etm.portal.ui.managerequests.view.NewRequest","bindingPath":{"path":"/RequestItems/0","propertyPath":"CATALOG_ITEM","modelName":"newRequestItems"},"interaction":{"idSuffix":"inner"}},"clearTextFirst":true,"interactionType":"ENTER_TEXT"}]}
COMMAND: POST /session/6e03489d4a34a8a8f12f495779f86cce/execute/async - {"script":"<script> [1562 bytes]","args":[{"selector":{"controlType":"sap.ui.core.Icon","viewName":"etm.portal.ui.managerequests.view.NewRequest","properties":{"src":{"regex":{"source":"slim\\-arrow\\-down"}}},"ancestor":{"controlType":"sap.m.ColumnListItem","viewName":"etm.portal.ui.managerequests.view.NewRequest","bindingPath":{"modelName":"newRequestItems","path":"/RequestItems/0"},"ancestor":{"id":"requestItemsTable","viewName":"etm.portal.ui.managerequests.view.NewRequest"}}},"wdio_ui5_key":"etmportal.ui.managerequests.view.NewRequestsap.ui.core.Icon{\"src\":{\"regex\":{\"source\":\"slim\\\\-arrow\\\\-down\"}}}{\"controlType\":\"sap.m.ColumnListItem\",\"viewName\":\"etm.portal.ui.managerequests.view.NewRequest\",\"bindingPath\":{\"modelName\":\"newRequestItems\",\"path\":\"/RequestItems/0\"},\"ancestor\":{\"id\":\"requestItemsTable\",\"viewName\":\"etm.portal.ui.managerequests.view.NewRequest\"}}"}]}
RESULT: {"script":"<script> [1562 bytes]","args":[{"selector":{"controlType":"sap.ui.core.Icon","viewName":"etm.portal.ui.managerequests.view.NewRequest","properties":{"src":{"regex":{"source":"slim\\-arrow\\-down"}}},"ancestor":{"controlType":"sap.m.ColumnListItem","viewName":"etm.portal.ui.managerequests.view.NewRequest","bindingPath":{"modelName":"newRequestItems","path":"/RequestItems/0"},"ancestor":{"id":"requestItemsTable","viewName":"etm.portal.ui.managerequests.view.NewRequest"}}},"wdio_ui5_key":"etmportal.ui.managerequests.view.NewRequestsap.ui.core.Icon{\"src\":{\"regex\":{\"source\":\"slim\\\\-arrow\\\\-down\"}}}{\"controlType\":\"sap.m.ColumnListItem\",\"viewName\":\"etm.portal.ui.managerequests.view.NewRequest\",\"bindingPath\":{\"modelName\":\"newRequestItems\",\"path\":\"/RequestItems/0\"},\"ancestor\":{\"id\":\"requestItemsTable\",\"viewName\":\"etm.portal.ui.managerequests.view.NewRequest\"}}"}]}
RESULT: undefined
COMMAND: POST /session/6e03489d4a34a8a8f12f495779f86cce/element - {"using":"xpath","value":"//*[@id=\"__box14-__xmlview59--requestItemsTable-0-arrow\"]"}
RESULT: {"using":"xpath","value":"//*[@id=\"__box14-__xmlview59--requestItemsTable-0-arrow\"]"}
COMMAND: POST /session/6e03489d4a34a8a8f12f495779f86cce/element/f.CA981CCC1B751CF1DDFBCEDF28AC53D4.d.854EE1F2639C2460D90F79F817E3C161.e.7951/click - {}
RESULT: {}
COMMAND: POST /session/6e03489d4a34a8a8f12f495779f86cce/execute/async - {"script":"<script> [1562 bytes]","args":[{"selector":{"controlType":"sap.m.StandardListItem","viewName":"etm.portal.ui.managerequests.view.NewRequest","properties":{"title":"Concert - Concert "},"searchOpenDialogs":true,"interaction":{"idSuffix":"content"}},"wdio_ui5_key":"etmportal.ui.managerequests.view.NewRequestsap.m.StandardListItem{\"title\":\"Concert - Concert \"}"}]}
COMMAND: GET /session/6e03489d4a34a8a8f12f495779f86cce/screenshot - {}
RESULT: {"script":"<script> [1562 bytes]","args":[{"selector":{"controlType":"sap.m.StandardListItem","viewName":"etm.portal.ui.managerequests.view.NewRequest","properties":{"title":"Concert - Concert "},"searchOpenDialogs":true,"interaction":{"idSuffix":"content"}},"wdio_ui5_key":"etmportal.ui.managerequests.view.NewRequestsap.m.StandardListItem{\"title\":\"Concert - Concert \"}"}]}
RESULT: undefined
COMMAND: POST /session/6e03489d4a34a8a8f12f495779f86cce/execute/async - {"script":"<script> [1562 bytes]","args":[{"selector":{"controlType":"sap.ui.core.Icon","viewName":"etm.portal.ui.managerequests.view.NewRequest","properties":{"src":{"regex":{"source":"message\\-error"}}},"ancestor":{"controlType":"sap.m.ColumnListItem","viewName":"etm.portal.ui.managerequests.view.NewRequest","bindingPath":{"modelName":"newRequestItems","path":"/RequestItems/0"},"ancestor":{"id":"requestItemsTable","viewName":"etm.portal.ui.managerequests.view.NewRequest"}}},"wdio_ui5_key":"etmportal.ui.managerequests.view.NewRequestsap.ui.core.Icon{\"src\":{\"regex\":{\"source\":\"message\\\\-error\"}}}{\"controlType\":\"sap.m.ColumnListItem\",\"viewName\":\"etm.portal.ui.managerequests.view.NewRequest\",\"bindingPath\":{\"modelName\":\"newRequestItems\",\"path\":\"/RequestItems/0\"},\"ancestor\":{\"id\":\"requestItemsTable\",\"viewName\":\"etm.portal.ui.managerequests.view.NewRequest\"}}"}]}
RESULT: {}
RESULT: {"script":"<script> [1562 bytes]","args":[{"selector":{"controlType":"sap.ui.core.Icon","viewName":"etm.portal.ui.managerequests.view.NewRequest","properties":{"src":{"regex":{"source":"message\\-error"}}},"ancestor":{"controlType":"sap.m.ColumnListItem","viewName":"etm.portal.ui.managerequests.view.NewRequest","bindingPath":{"modelName":"newRequestItems","path":"/RequestItems/0"},"ancestor":{"id":"requestItemsTable","viewName":"etm.portal.ui.managerequests.view.NewRequest"}}},"wdio_ui5_key":"etmportal.ui.managerequests.view.NewRequestsap.ui.core.Icon{\"src\":{\"regex\":{\"source\":\"message\\\\-error\"}}}{\"controlType\":\"sap.m.ColumnListItem\",\"viewName\":\"etm.portal.ui.managerequests.view.NewRequest\",\"bindingPath\":{\"modelName\":\"newRequestItems\",\"path\":\"/RequestItems/0\"},\"ancestor\":{\"id\":\"requestItemsTable\",\"viewName\":\"etm.portal.ui.managerequests.view.NewRequest\"}}"}]}
RESULT: undefined
COMMAND: POST /session/6e03489d4a34a8a8f12f495779f86cce/element - {"using":"xpath","value":"//*[@id=\"__status10-__xmlview59--requestItemsTable-0-icon\"]"}
RESULT: {"using":"xpath","value":"//*[@id=\"__status10-__xmlview59--requestItemsTable-0-icon\"]"}
COMMAND: POST /session/6e03489d4a34a8a8f12f495779f86cce/element/f.CA981CCC1B751CF1DDFBCEDF28AC53D4.d.854EE1F2639C2460D90F79F817E3C161.e.7952/click - {}
RESULT: {}
COMMAND: POST /session/6e03489d4a34a8a8f12f495779f86cce/execute/async - {"script":"<script> [1562 bytes]","args":[{"selector":{"controlType":"sap.ui.core.Icon","viewName":"etm.portal.ui.managerequests.view.NewRequest","properties":{"src":{"regex":{"source":"slim\\-arrow\\-down"}}},"searchOpenDialogs":true,"ancestor":{"id":"costObjectAdminTypeComboBox","viewName":"etm.portal.ui.managerequests.view.NewRequest","searchOpenDialogs":true}},"wdio_ui5_key":"etmportal.ui.managerequests.view.NewRequestsap.ui.core.Icon{\"src\":{\"regex\":{\"source\":\"slim\\\\-arrow\\\\-down\"}}}{\"id\":\"costObjectAdminTypeComboBox\",\"viewName\":\"etm.portal.ui.managerequests.view.NewRequest\",\"searchOpenDialogs\":true}"}]}
COMMAND: GET /session/6e03489d4a34a8a8f12f495779f86cce/screenshot - {}
RESULT: {"script":"<script> [1562 bytes]","args":[{"selector":{"controlType":"sap.ui.core.Icon","viewName":"etm.portal.ui.managerequests.view.NewRequest","properties":{"src":{"regex":{"source":"slim\\-arrow\\-down"}}},"searchOpenDialogs":true,"ancestor":{"id":"costObjectAdminTypeComboBox","viewName":"etm.portal.ui.managerequests.view.NewRequest","searchOpenDialogs":true}},"wdio_ui5_key":"etmportal.ui.managerequests.view.NewRequestsap.ui.core.Icon{\"src\":{\"regex\":{\"source\":\"slim\\\\-arrow\\\\-down\"}}}{\"id\":\"costObjectAdminTypeComboBox\",\"viewName\":\"etm.portal.ui.managerequests.view.NewRequest\",\"searchOpenDialogs\":true}"}]}
RESULT: undefined
COMMAND: POST /session/6e03489d4a34a8a8f12f495779f86cce/element - {"using":"xpath","value":"//*[@id=\"__xmlview59--costObjectAdminTypeComboBox-arrow\"]"}
RESULT: {}
RESULT: {"using":"xpath","value":"//*[@id=\"__xmlview59--costObjectAdminTypeComboBox-arrow\"]"}
COMMAND: POST /session/6e03489d4a34a8a8f12f495779f86cce/element/f.CA981CCC1B751CF1DDFBCEDF28AC53D4.d.854EE1F2639C2460D90F79F817E3C161.e.7956/click - {}
RESULT: {}
COMMAND: GET /session/6e03489d4a34a8a8f12f495779f86cce/screenshot - {}
RESULT: {}
COMMAND: POST /session/6e03489d4a34a8a8f12f495779f86cce/execute/async - {"script":"<script> [1562 bytes]","args":[{"selector":{"controlType":"sap.m.StandardListItem","viewName":"etm.portal.ui.managerequests.view.NewRequest","properties":{"title":"Cost Center"},"searchOpenDialogs":true,"interaction":{"idSuffix":"content"}},"wdio_ui5_key":"etmportal.ui.managerequests.view.NewRequestsap.m.StandardListItem{\"title\":\"Cost Center\"}"}]}
RESULT: {"script":"<script> [1562 bytes]","args":[{"selector":{"controlType":"sap.m.StandardListItem","viewName":"etm.portal.ui.managerequests.view.NewRequest","properties":{"title":"Cost Center"},"searchOpenDialogs":true,"interaction":{"idSuffix":"content"}},"wdio_ui5_key":"etmportal.ui.managerequests.view.NewRequestsap.m.StandardListItem{\"title\":\"Cost Center\"}"}]}
RESULT: undefined
COMMAND: POST /session/6e03489d4a34a8a8f12f495779f86cce/element - {"using":"xpath","value":"//*[@id=\"__item1212\"]"}
RESULT: {"using":"xpath","value":"//*[@id=\"__item1212\"]"}
COMMAND: POST /session/6e03489d4a34a8a8f12f495779f86cce/element/f.CA981CCC1B751CF1DDFBCEDF28AC53D4.d.854EE1F2639C2460D90F79F817E3C161.e.7960/click - {}
RESULT: {}
COMMAND: POST /session/6e03489d4a34a8a8f12f495779f86cce/execute/async - {"script":"<script> [1562 bytes]","args":[{"selector":{"controlType":"sap.m.Button","viewName":"etm.portal.ui.managerequests.view.NewRequest","i18NText":{"propertyName":"text","key":"save"},"searchOpenDialogs":true,"interaction":{"idSuffix":"inner"}},"wdio_ui5_key":"etmportal.ui.managerequests.view.NewRequestsap.m.Button{\"propertyName\":\"text\",\"key\":\"save\"}"}]}
COMMAND: GET /session/6e03489d4a34a8a8f12f495779f86cce/screenshot - {}
RESULT: {"script":"<script> [1562 bytes]","args":[{"selector":{"controlType":"sap.m.Button","viewName":"etm.portal.ui.managerequests.view.NewRequest","i18NText":{"propertyName":"text","key":"save"},"searchOpenDialogs":true,"interaction":{"idSuffix":"inner"}},"wdio_ui5_key":"etmportal.ui.managerequests.view.NewRequestsap.m.Button{\"propertyName\":\"text\",\"key\":\"save\"}"}]}
RESULT: undefined
COMMAND: POST /session/6e03489d4a34a8a8f12f495779f86cce/element - {"using":"xpath","value":"//*[@id=\"__button93\"]"}
RESULT: {}
RESULT: {"using":"xpath","value":"//*[@id=\"__button93\"]"}
COMMAND: POST /session/6e03489d4a34a8a8f12f495779f86cce/element/f.CA981CCC1B751CF1DDFBCEDF28AC53D4.d.854EE1F2639C2460D90F79F817E3C161.e.7968/click - {}
RESULT: {}
COMMAND: POST /session/6e03489d4a34a8a8f12f495779f86cce/execute/async - {"script":"<script> [1562 bytes]","args":[{"selector":{"controlType":"sap.m.Button","viewName":"etm.portal.ui.managerequests.view.NewRequest","i18NText":{"propertyName":"tooltip","key":"save"},"interaction":{"idSuffix":"BDI-content"}},"wdio_ui5_key":"etmportal.ui.managerequests.view.NewRequestsap.m.Button{\"propertyName\":\"tooltip\",\"key\":\"save\"}"}]}
COMMAND: GET /session/6e03489d4a34a8a8f12f495779f86cce/screenshot - {}
RESULT: {"script":"<script> [1562 bytes]","args":[{"selector":{"controlType":"sap.m.Button","viewName":"etm.portal.ui.managerequests.view.NewRequest","i18NText":{"propertyName":"tooltip","key":"save"},"interaction":{"idSuffix":"BDI-content"}},"wdio_ui5_key":"etmportal.ui.managerequests.view.NewRequestsap.m.Button{\"propertyName\":\"tooltip\",\"key\":\"save\"}"}]}
RESULT: undefined
COMMAND: POST /session/6e03489d4a34a8a8f12f495779f86cce/element - {"using":"xpath","value":"//*[@id=\"__button82\"]"}
RESULT: {}
RESULT: {"using":"xpath","value":"//*[@id=\"__button82\"]"}
COMMAND: POST /session/6e03489d4a34a8a8f12f495779f86cce/element/f.CA981CCC1B751CF1DDFBCEDF28AC53D4.d.854EE1F2639C2460D90F79F817E3C161.e.7848/click - {}
RESULT: {}
COMMAND: POST /session/6e03489d4a34a8a8f12f495779f86cce/execute/async - {"script":"<script> [1562 bytes]","args":[{"selector":{"controlType":"sap.m.Button","properties":{"text":"Close"},"searchOpenDialogs":true,"interaction":{"idSuffix":"inner"}},"wdio_ui5_key":"sapm.Button{\"text\":\"Close\"}"}]}
COMMAND: GET /session/6e03489d4a34a8a8f12f495779f86cce/screenshot - {}
RESULT: {"script":"<script> [1562 bytes]","args":[{"selector":{"controlType":"sap.m.Button","properties":{"text":"Close"},"searchOpenDialogs":true,"interaction":{"idSuffix":"inner"}},"wdio_ui5_key":"sapm.Button{\"text\":\"Close\"}"}]}
RESULT: undefined
COMMAND: POST /session/6e03489d4a34a8a8f12f495779f86cce/element - {"using":"xpath","value":"//*[@id=\"__mbox-btn-1\"]"}
RESULT: {}
RESULT: {"using":"xpath","value":"//*[@id=\"__mbox-btn-1\"]"}
COMMAND: POST /session/6e03489d4a34a8a8f12f495779f86cce/element/f.CA981CCC1B751CF1DDFBCEDF28AC53D4.d.854EE1F2639C2460D90F79F817E3C161.e.7973/click - {}
RESULT: {}
COMMAND: GET /session/6e03489d4a34a8a8f12f495779f86cce/screenshot - {}
RESULT: {}
COMMAND: POST /session/6e03489d4a34a8a8f12f495779f86cce/execute/async - {"script":"<script> [1562 bytes]","args":[{"selector":{"controlType":"sap.m.Text","viewName":"etm.portal.ui.managerequests.view.Detail","bindingPath":{"propertyPath":"NO","modelName":"catalogModel"}},"wdio_ui5_key":"etmportal.ui.managerequests.view.Detailsap.m.Text{\"propertyPath\":\"NO\",\"modelName\":\"catalogModel\"}"}]}
RESULT: {"script":"<script> [1562 bytes]","args":[{"selector":{"controlType":"sap.m.Text","viewName":"etm.portal.ui.managerequests.view.Detail","bindingPath":{"propertyPath":"NO","modelName":"catalogModel"}},"wdio_ui5_key":"etmportal.ui.managerequests.view.Detailsap.m.Text{\"propertyPath\":\"NO\",\"modelName\":\"catalogModel\"}"}]}
RESULT: undefined
COMMAND: POST /session/6e03489d4a34a8a8f12f495779f86cce/execute/async - {"script":"<script> [6424 bytes]","args":[{"element-6066-11e4-a52e-4f735466cecf":"f.CA981CCC1B751CF1DDFBCEDF28AC53D4.d.854EE1F2639C2460D90F79F817E3C161.e.8163"},"getText",[]]}
RESULT: {"script":"<script> [6424 bytes]","args":[{"element-6066-11e4-a52e-4f735466cecf":"f.CA981CCC1B751CF1DDFBCEDF28AC53D4.d.854EE1F2639C2460D90F79F817E3C161.e.8163"},"getText",[]]}
COMMAND: POST /session/6e03489d4a34a8a8f12f495779f86cce/element - {"using":"css selector","value":"#shell-header-logo"}
RESULT: {"using":"css selector","value":"#shell-header-logo"}
COMMAND: POST /session/6e03489d4a34a8a8f12f495779f86cce/element/f.CA981CCC1B751CF1DDFBCEDF28AC53D4.d.854EE1F2639C2460D90F79F817E3C161.e.7459/click - {}
RESULT: {}
COMMAND: GET /session/6e03489d4a34a8a8f12f495779f86cce/screenshot - {}
RESULT: {}
]]></system-out>
    </testcase>
  </testsuite>
  <testsuite timestamp="2025-04-26T17:12:19" time="531.026" tests="7" failures="7" errors="7" skipped="0">
    <properties>
      <property name="specId" value="0" />
      <property name="suiteName" value="Create masterdata for Yard Overview - trigger provide US130988" />
      <property name="capabilities" value="chrome.135_0_7049_96.windows" />
      <property name="file" value="file:///D:/a/1/s/test/specs/HTR/yard-movement-putaways.spec.js" />
    </properties>
  </testsuite>
  <testsuite timestamp="2025-04-26T17:21:10" time="106.003" tests="1" failures="0" errors="0" skipped="0">
    <properties>
      <property name="specId" value="0" />
      <property name="suiteName" value="Create Reverse Billing US127248" />
      <property name="capabilities" value="chrome.135_0_7049_96.windows" />
      <property name="file" value="file:///D:/a/1/s/test/specs/HTR/billing-completness.spec.js" />
    </properties>
    <testcase classname="chrome.135_0_7049_96.windows.Create_Reverse_Billing_US127248" name="Should check the completness" time="44.145">
      <system-out><![CDATA[
COMMAND: POST /session/6e03489d4a34a8a8f12f495779f86cce/execute/async - {"script":"<script> [1562 bytes]","args":[{"selector":{"id":"application-billofresources-display-component---BillOfResources--smartFilterBar-filterItemControl_BASIC-BOR_TYPE-vhi"},"wdio_ui5_key":"applicationbillofresources-display-component---BillOfResources--smartFilterBar-filterItemControl_BASIC-BOR_TYPE-vhi"}]}
RESULT: {"script":"<script> [1562 bytes]","args":[{"selector":{"id":"application-billofresources-display-component---BillOfResources--smartFilterBar-filterItemControl_BASIC-BOR_TYPE-vhi"},"wdio_ui5_key":"applicationbillofresources-display-component---BillOfResources--smartFilterBar-filterItemControl_BASIC-BOR_TYPE-vhi"}]}
RESULT: undefined
COMMAND: POST /session/6e03489d4a34a8a8f12f495779f86cce/element - {"using":"xpath","value":"//*[@id=\"application-billofresources-display-component---BillOfResources--smartFilterBar-filterItemControl_BASIC-BOR_TYPE-vhi\"]"}
RESULT: {"using":"xpath","value":"//*[@id=\"application-billofresources-display-component---BillOfResources--smartFilterBar-filterItemControl_BASIC-BOR_TYPE-vhi\"]"}
COMMAND: POST /session/6e03489d4a34a8a8f12f495779f86cce/element/f.CA981CCC1B751CF1DDFBCEDF28AC53D4.d.60DC213EAB79492C4CADBEF0FA9A397A.e.9236/click - {}
RESULT: {}
COMMAND: GET /session/6e03489d4a34a8a8f12f495779f86cce/screenshot - {}
RESULT: {}
COMMAND: POST /session/6e03489d4a34a8a8f12f495779f86cce/element - {"using":"xpath","value":"//div[@id=\"application-billofresources-display-component---BillOfResources--smartFilterBar-filterItemControl_BASIC-BOR_TYPE-valueHelpDialog-table-rowsel4\"]"}
RESULT: {"using":"xpath","value":"//div[@id=\"application-billofresources-display-component---BillOfResources--smartFilterBar-filterItemControl_BASIC-BOR_TYPE-valueHelpDialog-table-rowsel4\"]"}
COMMAND: POST /session/6e03489d4a34a8a8f12f495779f86cce/element/f.CA981CCC1B751CF1DDFBCEDF28AC53D4.d.60DC213EAB79492C4CADBEF0FA9A397A.e.9250/click - {}
RESULT: {}
COMMAND: GET /session/6e03489d4a34a8a8f12f495779f86cce/screenshot - {}
RESULT: {}
COMMAND: POST /session/6e03489d4a34a8a8f12f495779f86cce/execute/async - {"script":"<script> [1562 bytes]","args":[{"selector":{"id":"application-billofresources-display-component---BillOfResources--smartFilterBar-filterItemControl_BASIC-BOR_TYPE-valueHelpDialog-ok","searchOpenDialogs":true,"interaction":{"idSuffix":"BDI-content"}},"wdio_ui5_key":"applicationbillofresources-display-component---BillOfResources--smartFilterBar-filterItemControl_BASIC-BOR_TYPE-valueHelpDialog-ok"}]}
RESULT: {"script":"<script> [1562 bytes]","args":[{"selector":{"id":"application-billofresources-display-component---BillOfResources--smartFilterBar-filterItemControl_BASIC-BOR_TYPE-valueHelpDialog-ok","searchOpenDialogs":true,"interaction":{"idSuffix":"BDI-content"}},"wdio_ui5_key":"applicationbillofresources-display-component---BillOfResources--smartFilterBar-filterItemControl_BASIC-BOR_TYPE-valueHelpDialog-ok"}]}
RESULT: undefined
COMMAND: POST /session/6e03489d4a34a8a8f12f495779f86cce/element - {"using":"xpath","value":"//*[@id=\"application-billofresources-display-component---BillOfResources--smartFilterBar-filterItemControl_BASIC-BOR_TYPE-valueHelpDialog-ok\"]"}
RESULT: {"using":"xpath","value":"//*[@id=\"application-billofresources-display-component---BillOfResources--smartFilterBar-filterItemControl_BASIC-BOR_TYPE-valueHelpDialog-ok\"]"}
COMMAND: POST /session/6e03489d4a34a8a8f12f495779f86cce/element/f.CA981CCC1B751CF1DDFBCEDF28AC53D4.d.60DC213EAB79492C4CADBEF0FA9A397A.e.9253/click - {}
RESULT: {}
COMMAND: GET /session/6e03489d4a34a8a8f12f495779f86cce/screenshot - {}
RESULT: {}
COMMAND: POST /session/6e03489d4a34a8a8f12f495779f86cce/execute/async - {"script":"<script> [1562 bytes]","args":[{"selector":{"id":"application-billofresources-display-component---BillOfResources--smartFilterBar-filterItemControl_BASIC-RESOURCE_UNIT-vhi"},"wdio_ui5_key":"applicationbillofresources-display-component---BillOfResources--smartFilterBar-filterItemControl_BASIC-RESOURCE_UNIT-vhi"}]}
RESULT: {"script":"<script> [1562 bytes]","args":[{"selector":{"id":"application-billofresources-display-component---BillOfResources--smartFilterBar-filterItemControl_BASIC-RESOURCE_UNIT-vhi"},"wdio_ui5_key":"applicationbillofresources-display-component---BillOfResources--smartFilterBar-filterItemControl_BASIC-RESOURCE_UNIT-vhi"}]}
RESULT: undefined
COMMAND: POST /session/6e03489d4a34a8a8f12f495779f86cce/element - {"using":"xpath","value":"//*[@id=\"application-billofresources-display-component---BillOfResources--smartFilterBar-filterItemControl_BASIC-RESOURCE_UNIT-vhi\"]"}
RESULT: {"using":"xpath","value":"//*[@id=\"application-billofresources-display-component---BillOfResources--smartFilterBar-filterItemControl_BASIC-RESOURCE_UNIT-vhi\"]"}
COMMAND: POST /session/6e03489d4a34a8a8f12f495779f86cce/element/f.CA981CCC1B751CF1DDFBCEDF28AC53D4.d.60DC213EAB79492C4CADBEF0FA9A397A.e.9258/click - {}
RESULT: {}
COMMAND: GET /session/6e03489d4a34a8a8f12f495779f86cce/screenshot - {}
RESULT: {}
COMMAND: POST /session/6e03489d4a34a8a8f12f495779f86cce/element - {"using":"xpath","value":"//div[@id=\"application-billofresources-display-component---BillOfResources--smartFilterBar-filterItemControl_BASIC-RESOURCE_UNIT-valueHelpDialog-table-rowsel1\"]"}
RESULT: {"using":"xpath","value":"//div[@id=\"application-billofresources-display-component---BillOfResources--smartFilterBar-filterItemControl_BASIC-RESOURCE_UNIT-valueHelpDialog-table-rowsel1\"]"}
COMMAND: POST /session/6e03489d4a34a8a8f12f495779f86cce/element/f.CA981CCC1B751CF1DDFBCEDF28AC53D4.d.60DC213EAB79492C4CADBEF0FA9A397A.e.9265/click - {}
RESULT: {}
COMMAND: GET /session/6e03489d4a34a8a8f12f495779f86cce/screenshot - {}
RESULT: {}
COMMAND: POST /session/6e03489d4a34a8a8f12f495779f86cce/execute/async - {"script":"<script> [1562 bytes]","args":[{"selector":{"id":"application-billofresources-display-component---BillOfResources--smartFilterBar-filterItemControl_BASIC-RESOURCE_UNIT-valueHelpDialog-ok","searchOpenDialogs":true},"wdio_ui5_key":"applicationbillofresources-display-component---BillOfResources--smartFilterBar-filterItemControl_BASIC-RESOURCE_UNIT-valueHelpDialog-ok"}]}
RESULT: {"script":"<script> [1562 bytes]","args":[{"selector":{"id":"application-billofresources-display-component---BillOfResources--smartFilterBar-filterItemControl_BASIC-RESOURCE_UNIT-valueHelpDialog-ok","searchOpenDialogs":true},"wdio_ui5_key":"applicationbillofresources-display-component---BillOfResources--smartFilterBar-filterItemControl_BASIC-RESOURCE_UNIT-valueHelpDialog-ok"}]}
RESULT: undefined
COMMAND: POST /session/6e03489d4a34a8a8f12f495779f86cce/element - {"using":"xpath","value":"//*[@id=\"application-billofresources-display-component---BillOfResources--smartFilterBar-filterItemControl_BASIC-RESOURCE_UNIT-valueHelpDialog-ok\"]"}
RESULT: {"using":"xpath","value":"//*[@id=\"application-billofresources-display-component---BillOfResources--smartFilterBar-filterItemControl_BASIC-RESOURCE_UNIT-valueHelpDialog-ok\"]"}
COMMAND: POST /session/6e03489d4a34a8a8f12f495779f86cce/element/f.CA981CCC1B751CF1DDFBCEDF28AC53D4.d.60DC213EAB79492C4CADBEF0FA9A397A.e.9267/click - {}
RESULT: {}
COMMAND: GET /session/6e03489d4a34a8a8f12f495779f86cce/screenshot - {}
RESULT: {}
COMMAND: POST /session/6e03489d4a34a8a8f12f495779f86cce/execute/async - {"script":"<script> [1562 bytes]","args":[{"selector":{"controlType":"sap.m.ColumnListItem","viewName":"etm.portal.ui.billofresources.view.MasterBoR","viewId":"application-billofresources-display-component---BillOfResources","properties":{"type":"Navigation"},"interaction":{"idSuffix":"cell2"}},"wdio_ui5_key":"etmportal.ui.billofresources.view.MasterBoRsap.m.ColumnListItem{\"type\":\"Navigation\"}"}]}
RESULT: {"script":"<script> [1562 bytes]","args":[{"selector":{"controlType":"sap.m.ColumnListItem","viewName":"etm.portal.ui.billofresources.view.MasterBoR","viewId":"application-billofresources-display-component---BillOfResources","properties":{"type":"Navigation"},"interaction":{"idSuffix":"cell2"}},"wdio_ui5_key":"etmportal.ui.billofresources.view.MasterBoRsap.m.ColumnListItem{\"type\":\"Navigation\"}"}]}
RESULT: undefined
COMMAND: POST /session/6e03489d4a34a8a8f12f495779f86cce/execute/async - {"script":"<script> [1562 bytes]","args":[{"selector":{"controlType":"sap.m.Button","viewName":"etm.portal.ui.billofresources.view.DetailBoR","viewId":"application-billofresources-display-component---detailBoR","i18NText":{"propertyName":"text","key":"inspectContent"},"interaction":{"idSuffix":"content"}},"wdio_ui5_key":"etmportal.ui.billofresources.view.DetailBoRsap.m.Button{\"propertyName\":\"text\",\"key\":\"inspectContent\"}"}]}
RESULT: {"script":"<script> [1562 bytes]","args":[{"selector":{"controlType":"sap.m.Button","viewName":"etm.portal.ui.billofresources.view.DetailBoR","viewId":"application-billofresources-display-component---detailBoR","i18NText":{"propertyName":"text","key":"inspectContent"},"interaction":{"idSuffix":"content"}},"wdio_ui5_key":"etmportal.ui.billofresources.view.DetailBoRsap.m.Button{\"propertyName\":\"text\",\"key\":\"inspectContent\"}"}]}
RESULT: undefined
COMMAND: POST /session/6e03489d4a34a8a8f12f495779f86cce/execute/async - {"script":"<script> [1562 bytes]","args":[{"selector":{"controlType":"sap.m.Button","properties":{"text":"OK"},"searchOpenDialogs":true,"interaction":{"idSuffix":"BDI-content"}},"wdio_ui5_key":"sapm.Button{\"text\":\"OK\"}"}]}
RESULT: {"script":"<script> [1562 bytes]","args":[{"selector":{"controlType":"sap.m.Button","properties":{"text":"OK"},"searchOpenDialogs":true,"interaction":{"idSuffix":"BDI-content"}},"wdio_ui5_key":"sapm.Button{\"text\":\"OK\"}"}]}
RESULT: undefined
COMMAND: POST /session/6e03489d4a34a8a8f12f495779f86cce/execute/async - {"script":"<script> [1562 bytes]","args":[{"selector":{"id":"application-iscorders-display-component---createOrder--orderTitle","interaction":{"idSuffix":"inner"}},"wdio_ui5_key":"applicationiscorders-display-component---createOrder--orderTitle"}]}
RESULT: {"script":"<script> [1562 bytes]","args":[{"selector":{"id":"application-iscorders-display-component---createOrder--orderTitle","interaction":{"idSuffix":"inner"}},"wdio_ui5_key":"applicationiscorders-display-component---createOrder--orderTitle"}]}
RESULT: undefined
COMMAND: POST /session/6e03489d4a34a8a8f12f495779f86cce/execute/async - {"script":"<script> [1562 bytes]","args":[{"selector":{"id":"application-iscorders-display-component---createOrder--orderDesc","interaction":{"idSuffix":"inner"}},"wdio_ui5_key":"applicationiscorders-display-component---createOrder--orderDesc"}]}
RESULT: {"script":"<script> [1562 bytes]","args":[{"selector":{"id":"application-iscorders-display-component---createOrder--orderDesc","interaction":{"idSuffix":"inner"}},"wdio_ui5_key":"applicationiscorders-display-component---createOrder--orderDesc"}]}
RESULT: undefined
COMMAND: POST /session/6e03489d4a34a8a8f12f495779f86cce/execute/async - {"script":"<script> [1562 bytes]","args":[{"selector":{"controlType":"sap.m.Button","viewName":"etm.portal.ui.iscorders.view.New","viewId":"application-iscorders-display-component---createOrder","properties":{"text":"Cost information"},"interaction":{"idSuffix":"BDI-content"}},"wdio_ui5_key":"etmportal.ui.iscorders.view.Newsap.m.Button{\"text\":\"Cost information\"}"}]}
RESULT: {"script":"<script> [1562 bytes]","args":[{"selector":{"controlType":"sap.m.Button","viewName":"etm.portal.ui.iscorders.view.New","viewId":"application-iscorders-display-component---createOrder","properties":{"text":"Cost information"},"interaction":{"idSuffix":"BDI-content"}},"wdio_ui5_key":"etmportal.ui.iscorders.view.Newsap.m.Button{\"text\":\"Cost information\"}"}]}
RESULT: undefined
COMMAND: POST /session/6e03489d4a34a8a8f12f495779f86cce/execute/async - {"script":"<script> [1562 bytes]","args":[{"selector":{"id":"application-iscorders-display-component---createOrder--durationDimension-arrow"},"wdio_ui5_key":"applicationiscorders-display-component---createOrder--durationDimension-arrow"}]}
RESULT: {"script":"<script> [1562 bytes]","args":[{"selector":{"id":"application-iscorders-display-component---createOrder--durationDimension-arrow"},"wdio_ui5_key":"applicationiscorders-display-component---createOrder--durationDimension-arrow"}]}
RESULT: undefined
COMMAND: POST /session/6e03489d4a34a8a8f12f495779f86cce/execute/async - {"script":"<script> [1562 bytes]","args":[{"selector":{"controlType":"sap.m.StandardListItem","viewName":"etm.portal.ui.iscorders.view.New","viewId":"application-iscorders-display-component---createOrder","properties":{"title":"Days"},"searchOpenDialogs":true,"interaction":{"idSuffix":"titleText"}},"wdio_ui5_key":"etmportal.ui.iscorders.view.Newsap.m.StandardListItem{\"title\":\"Days\"}"}]}
RESULT: {"script":"<script> [1562 bytes]","args":[{"selector":{"controlType":"sap.m.StandardListItem","viewName":"etm.portal.ui.iscorders.view.New","viewId":"application-iscorders-display-component---createOrder","properties":{"title":"Days"},"searchOpenDialogs":true,"interaction":{"idSuffix":"titleText"}},"wdio_ui5_key":"etmportal.ui.iscorders.view.Newsap.m.StandardListItem{\"title\":\"Days\"}"}]}
RESULT: undefined
COMMAND: POST /session/6e03489d4a34a8a8f12f495779f86cce/execute/async - {"script":"<script> [1562 bytes]","args":[{"selector":{"id":"application-iscorders-display-component---createOrder--addPersonButton","interaction":{"idSuffix":"inner"}},"wdio_ui5_key":"applicationiscorders-display-component---createOrder--addPersonButton"}]}
RESULT: {"script":"<script> [1562 bytes]","args":[{"selector":{"id":"application-iscorders-display-component---createOrder--addPersonButton","interaction":{"idSuffix":"inner"}},"wdio_ui5_key":"applicationiscorders-display-component---createOrder--addPersonButton"}]}
RESULT: undefined
COMMAND: POST /session/6e03489d4a34a8a8f12f495779f86cce/execute/async - {"script":"<script> [1562 bytes]","args":[{"selector":{"controlType":"sap.m.SearchField","viewName":"etm.portal.ui.iscorders.view.New","viewId":"application-iscorders-display-component---createOrder","properties":{"value":"Test unit update"},"searchOpenDialogs":true,"interaction":{"idSuffix":"I"}},"wdio_ui5_key":"etmportal.ui.iscorders.view.Newsap.m.SearchField{\"value\":\"Test unit update\"}"}]}
RESULT: {"script":"<script> [1562 bytes]","args":[{"selector":{"controlType":"sap.m.SearchField","viewName":"etm.portal.ui.iscorders.view.New","viewId":"application-iscorders-display-component---createOrder","properties":{"value":"Test unit update"},"searchOpenDialogs":true,"interaction":{"idSuffix":"I"}},"wdio_ui5_key":"etmportal.ui.iscorders.view.Newsap.m.SearchField{\"value\":\"Test unit update\"}"}]}
RESULT: undefined
COMMAND: POST /session/6e03489d4a34a8a8f12f495779f86cce/actions - {"actions":[{"id":"action28","type":"key","parameters":{},"actions":[{"type":"keyDown","value":"î€‡"},{"type":"pause","duration":10},{"type":"keyUp","value":"î€‡"}]}]}
RESULT: {"actions":[{"id":"action28","type":"key","parameters":{},"actions":[{"type":"keyDown","value":"î€‡"},{"type":"pause","duration":10},{"type":"keyUp","value":"î€‡"}]}]}
COMMAND: POST /session/6e03489d4a34a8a8f12f495779f86cce/execute/async - {"script":"<script> [1562 bytes]","args":[{"selector":{"controlType":"sap.m.ObjectAttribute","viewName":"etm.portal.ui.iscorders.view.New","viewId":"application-iscorders-display-component---createOrder","i18NText":{"propertyName":"title","key":"email"},"searchOpenDialogs":true},"wdio_ui5_key":"etmportal.ui.iscorders.view.Newsap.m.ObjectAttribute{\"propertyName\":\"title\",\"key\":\"email\"}"}]}
COMMAND: GET /session/6e03489d4a34a8a8f12f495779f86cce/screenshot - {}
RESULT: {"script":"<script> [1562 bytes]","args":[{"selector":{"controlType":"sap.m.ObjectAttribute","viewName":"etm.portal.ui.iscorders.view.New","viewId":"application-iscorders-display-component---createOrder","i18NText":{"propertyName":"title","key":"email"},"searchOpenDialogs":true},"wdio_ui5_key":"etmportal.ui.iscorders.view.Newsap.m.ObjectAttribute{\"propertyName\":\"title\",\"key\":\"email\"}"}]}
RESULT: undefined
COMMAND: POST /session/6e03489d4a34a8a8f12f495779f86cce/execute/async - {"script":"<script> [1562 bytes]","args":[{"selector":{"id":"application-iscorders-display-component---createOrder--addTaskButton-img"},"wdio_ui5_key":"applicationiscorders-display-component---createOrder--addTaskButton-img"}]}
RESULT: {}
RESULT: {"script":"<script> [1562 bytes]","args":[{"selector":{"id":"application-iscorders-display-component---createOrder--addTaskButton-img"},"wdio_ui5_key":"applicationiscorders-display-component---createOrder--addTaskButton-img"}]}
RESULT: undefined
COMMAND: POST /session/6e03489d4a34a8a8f12f495779f86cce/execute/async - {"script":"<script> [1562 bytes]","args":[{"selector":{"controlType":"sap.m.Input","viewName":"etm.portal.ui.iscorders.view.New","viewId":"application-iscorders-display-component---createOrder","bindingPath":{"path":"/OrderTasks/0","propertyPath":"NAME","modelName":"TaskListModel"},"interaction":{"idSuffix":"inner"}},"wdio_ui5_key":"etmportal.ui.iscorders.view.Newsap.m.Input{\"path\":\"/OrderTasks/0\",\"propertyPath\":\"NAME\",\"modelName\":\"TaskListModel\"}"}]}
RESULT: {"script":"<script> [1562 bytes]","args":[{"selector":{"controlType":"sap.m.Input","viewName":"etm.portal.ui.iscorders.view.New","viewId":"application-iscorders-display-component---createOrder","bindingPath":{"path":"/OrderTasks/0","propertyPath":"NAME","modelName":"TaskListModel"},"interaction":{"idSuffix":"inner"}},"wdio_ui5_key":"etmportal.ui.iscorders.view.Newsap.m.Input{\"path\":\"/OrderTasks/0\",\"propertyPath\":\"NAME\",\"modelName\":\"TaskListModel\"}"}]}
RESULT: undefined
COMMAND: POST /session/6e03489d4a34a8a8f12f495779f86cce/execute/async - {"script":"<script> [1562 bytes]","args":[{"selector":{"id":"application-iscorders-display-component---createOrder--taskResponsiblePerson-application-iscorders-display-component---createOrder--sacTempTasksAdd-0","interaction":{"idSuffix":"inner"}},"wdio_ui5_key":"applicationiscorders-display-component---createOrder--taskResponsiblePerson-application-iscorders-display-component---createOrder--sacTempTasksAdd-0"}]}
RESULT: {"script":"<script> [1562 bytes]","args":[{"selector":{"id":"application-iscorders-display-component---createOrder--taskResponsiblePerson-application-iscorders-display-component---createOrder--sacTempTasksAdd-0","interaction":{"idSuffix":"inner"}},"wdio_ui5_key":"applicationiscorders-display-component---createOrder--taskResponsiblePerson-application-iscorders-display-component---createOrder--sacTempTasksAdd-0"}]}
RESULT: undefined
COMMAND: POST /session/6e03489d4a34a8a8f12f495779f86cce/execute/async - {"script":"<script> [1562 bytes]","args":[{"selector":{"controlType":"sap.m.TextArea","viewName":"etm.portal.ui.iscorders.view.New","viewId":"application-iscorders-display-component---createOrder","bindingPath":{"path":"/OrderTasks/0","propertyPath":"DESCRIPTION","modelName":"TaskListModel"},"interaction":{"idSuffix":"inner"}},"wdio_ui5_key":"etmportal.ui.iscorders.view.Newsap.m.TextArea{\"path\":\"/OrderTasks/0\",\"propertyPath\":\"DESCRIPTION\",\"modelName\":\"TaskListModel\"}"}]}
RESULT: {"script":"<script> [1562 bytes]","args":[{"selector":{"controlType":"sap.m.TextArea","viewName":"etm.portal.ui.iscorders.view.New","viewId":"application-iscorders-display-component---createOrder","bindingPath":{"path":"/OrderTasks/0","propertyPath":"DESCRIPTION","modelName":"TaskListModel"},"interaction":{"idSuffix":"inner"}},"wdio_ui5_key":"etmportal.ui.iscorders.view.Newsap.m.TextArea{\"path\":\"/OrderTasks/0\",\"propertyPath\":\"DESCRIPTION\",\"modelName\":\"TaskListModel\"}"}]}
RESULT: undefined
COMMAND: POST /session/6e03489d4a34a8a8f12f495779f86cce/execute/async - {"script":"<script> [1562 bytes]","args":[{"selector":{"controlType":"sap.m.Input","viewName":"etm.portal.ui.iscorders.view.New","viewId":"application-iscorders-display-component---createOrder","bindingPath":{"path":"/OrderTasks/0","propertyPath":"DURATION","modelName":"TaskListModel"},"interaction":{"idSuffix":"inner"}},"wdio_ui5_key":"etmportal.ui.iscorders.view.Newsap.m.Input{\"path\":\"/OrderTasks/0\",\"propertyPath\":\"DURATION\",\"modelName\":\"TaskListModel\"}"}]}
RESULT: {"script":"<script> [1562 bytes]","args":[{"selector":{"controlType":"sap.m.Input","viewName":"etm.portal.ui.iscorders.view.New","viewId":"application-iscorders-display-component---createOrder","bindingPath":{"path":"/OrderTasks/0","propertyPath":"DURATION","modelName":"TaskListModel"},"interaction":{"idSuffix":"inner"}},"wdio_ui5_key":"etmportal.ui.iscorders.view.Newsap.m.Input{\"path\":\"/OrderTasks/0\",\"propertyPath\":\"DURATION\",\"modelName\":\"TaskListModel\"}"}]}
RESULT: undefined
COMMAND: POST /session/6e03489d4a34a8a8f12f495779f86cce/execute/async - {"script":"<script> [1562 bytes]","args":[{"selector":{"controlType":"sap.m.ComboBox","viewName":"etm.portal.ui.iscorders.view.New","viewId":"application-iscorders-display-component---createOrder","bindingPath":{"path":"/OrderTasks/0","propertyPath":"DURATION_UNIT_OF_MEASURE","modelName":"TaskListModel"},"interaction":{"idSuffix":"inner"}},"wdio_ui5_key":"etmportal.ui.iscorders.view.Newsap.m.ComboBox{\"path\":\"/OrderTasks/0\",\"propertyPath\":\"DURATION_UNIT_OF_MEASURE\",\"modelName\":\"TaskListModel\"}"}]}
RESULT: {"script":"<script> [1562 bytes]","args":[{"selector":{"controlType":"sap.m.ComboBox","viewName":"etm.portal.ui.iscorders.view.New","viewId":"application-iscorders-display-component---createOrder","bindingPath":{"path":"/OrderTasks/0","propertyPath":"DURATION_UNIT_OF_MEASURE","modelName":"TaskListModel"},"interaction":{"idSuffix":"inner"}},"wdio_ui5_key":"etmportal.ui.iscorders.view.Newsap.m.ComboBox{\"path\":\"/OrderTasks/0\",\"propertyPath\":\"DURATION_UNIT_OF_MEASURE\",\"modelName\":\"TaskListModel\"}"}]}
RESULT: undefined
COMMAND: POST /session/6e03489d4a34a8a8f12f495779f86cce/execute/async - {"script":"<script> [1562 bytes]","args":[{"selector":{"id":"application-iscorders-display-component---createOrder--saveOrderButton","interaction":{"idSuffix":"inner"}},"wdio_ui5_key":"applicationiscorders-display-component---createOrder--saveOrderButton"}]}
RESULT: {"script":"<script> [1562 bytes]","args":[{"selector":{"id":"application-iscorders-display-component---createOrder--saveOrderButton","interaction":{"idSuffix":"inner"}},"wdio_ui5_key":"applicationiscorders-display-component---createOrder--saveOrderButton"}]}
RESULT: undefined
COMMAND: POST /session/6e03489d4a34a8a8f12f495779f86cce/element - {"using":"css selector","value":"#shell-header-logo"}
RESULT: {"using":"css selector","value":"#shell-header-logo"}
COMMAND: POST /session/6e03489d4a34a8a8f12f495779f86cce/element/f.CA981CCC1B751CF1DDFBCEDF28AC53D4.d.60DC213EAB79492C4CADBEF0FA9A397A.e.9182/click - {}
RESULT: {}
COMMAND: GET /session/6e03489d4a34a8a8f12f495779f86cce/screenshot - {}
RESULT: {}
COMMAND: POST /session/6e03489d4a34a8a8f12f495779f86cce/element - {"using":"css selector","value":"#j_username"}
COMMAND: POST /session/6e03489d4a34a8a8f12f495779f86cce/url - {"url":"https://qa-testing-00-live-etm-ui.cfapps.eu10-004.hana.ondemand.com/"}
RESULT: {"using":"css selector","value":"#j_username"}
COMMAND: POST /session/6e03489d4a34a8a8f12f495779f86cce/element - {"using":"css selector","value":"#j_username"}
RESULT: {"url":"https://qa-testing-00-live-etm-ui.cfapps.eu10-004.hana.ondemand.com/"}
RESULT: undefined
COMMAND: GET /session/6e03489d4a34a8a8f12f495779f86cce/screenshot - {}
RESULT: {"using":"css selector","value":"#j_username"}
COMMAND: POST /session/6e03489d4a34a8a8f12f495779f86cce/element - {"using":"css selector","value":"#shell-header-logo"}
RESULT: {}
RESULT: {"using":"css selector","value":"#shell-header-logo"}
COMMAND: POST /session/6e03489d4a34a8a8f12f495779f86cce/execute/sync - {"script":"<script> [8489 bytes]","args":[{"element-6066-11e4-a52e-4f735466cecf":"f.CA981CCC1B751CF1DDFBCEDF28AC53D4.d.ADE8F85AE50D86DCBEAE13D8E19200BD.e.9281","ELEMENT":"f.CA981CCC1B751CF1DDFBCEDF28AC53D4.d.ADE8F85AE50D86DCBEAE13D8E19200BD.e.9281"}]}
RESULT: {"script":"<script> [8489 bytes]","args":[{"element-6066-11e4-a52e-4f735466cecf":"f.CA981CCC1B751CF1DDFBCEDF28AC53D4.d.ADE8F85AE50D86DCBEAE13D8E19200BD.e.9281","ELEMENT":"f.CA981CCC1B751CF1DDFBCEDF28AC53D4.d.ADE8F85AE50D86DCBEAE13D8E19200BD.e.9281"}]}
COMMAND: POST /session/6e03489d4a34a8a8f12f495779f86cce/element - {"using":"css selector","value":"#shell-header-logo"}
COMMAND: GET /session/6e03489d4a34a8a8f12f495779f86cce/screenshot - {}
RESULT: {"using":"css selector","value":"#shell-header-logo"}
COMMAND: POST /session/6e03489d4a34a8a8f12f495779f86cce/execute/sync - {"script":"<script> [8489 bytes]","args":[{"element-6066-11e4-a52e-4f735466cecf":"f.CA981CCC1B751CF1DDFBCEDF28AC53D4.d.ADE8F85AE50D86DCBEAE13D8E19200BD.e.9281","ELEMENT":"f.CA981CCC1B751CF1DDFBCEDF28AC53D4.d.ADE8F85AE50D86DCBEAE13D8E19200BD.e.9281"}]}
RESULT: {}
RESULT: {"script":"<script> [8489 bytes]","args":[{"element-6066-11e4-a52e-4f735466cecf":"f.CA981CCC1B751CF1DDFBCEDF28AC53D4.d.ADE8F85AE50D86DCBEAE13D8E19200BD.e.9281","ELEMENT":"f.CA981CCC1B751CF1DDFBCEDF28AC53D4.d.ADE8F85AE50D86DCBEAE13D8E19200BD.e.9281"}]}
COMMAND: POST /session/6e03489d4a34a8a8f12f495779f86cce/execute/sync - {"script":"<script> [5351 bytes]","args":[{"element-6066-11e4-a52e-4f735466cecf":"f.CA981CCC1B751CF1DDFBCEDF28AC53D4.d.ADE8F85AE50D86DCBEAE13D8E19200BD.e.9281","ELEMENT":"f.CA981CCC1B751CF1DDFBCEDF28AC53D4.d.ADE8F85AE50D86DCBEAE13D8E19200BD.e.9281"}]}
COMMAND: GET /session/6e03489d4a34a8a8f12f495779f86cce/screenshot - {}
RESULT: {"script":"<script> [5351 bytes]","args":[{"element-6066-11e4-a52e-4f735466cecf":"f.CA981CCC1B751CF1DDFBCEDF28AC53D4.d.ADE8F85AE50D86DCBEAE13D8E19200BD.e.9281","ELEMENT":"f.CA981CCC1B751CF1DDFBCEDF28AC53D4.d.ADE8F85AE50D86DCBEAE13D8E19200BD.e.9281"}]}
COMMAND: POST /session/6e03489d4a34a8a8f12f495779f86cce/element - {"using":"css selector","value":"#shell-header-logo"}
COMMAND: GET /session/6e03489d4a34a8a8f12f495779f86cce/screenshot - {}
RESULT: {}
RESULT: {"using":"css selector","value":"#shell-header-logo"}
COMMAND: POST /session/6e03489d4a34a8a8f12f495779f86cce/element/f.CA981CCC1B751CF1DDFBCEDF28AC53D4.d.ADE8F85AE50D86DCBEAE13D8E19200BD.e.9281/click - {}
RESULT: {}
RESULT: {}
COMMAND: GET /session/6e03489d4a34a8a8f12f495779f86cce/screenshot - {}
RESULT: {}
COMMAND: POST /session/6e03489d4a34a8a8f12f495779f86cce/execute/async - {"script":"<script> [189 bytes]","args":[]}
RESULT: {"script":"<script> [189 bytes]","args":[]}
COMMAND: POST /session/6e03489d4a34a8a8f12f495779f86cce/execute/async - {"script":"<script> [123 bytes]","args":[]}
RESULT: {"script":"<script> [123 bytes]","args":[]}
COMMAND: POST /session/6e03489d4a34a8a8f12f495779f86cce/timeouts - {"script":"<number>"}
RESULT: {"script":"<number>"}
COMMAND: GET /session/6e03489d4a34a8a8f12f495779f86cce/timeouts - {}
RESULT: {}
RESULT: undefined
COMMAND: POST /session/6e03489d4a34a8a8f12f495779f86cce/execute/async - {"script":"<script> [2676 bytes]","args":[]}
RESULT: {"script":"<script> [2676 bytes]","args":[]}
COMMAND: POST /session/6e03489d4a34a8a8f12f495779f86cce/execute/async - {"script":"<script> [2342 bytes]","args":[{"protocol":"http","hostname":"0.0.0.0","path":"/","capabilities":{"browserName":"chrome","goog:chromeOptions":{"binary":"C:\\Program Files\\Google\\Chrome\\Application\\chrome.exe","args":["--start-maximized"]}},"logLevel":"warn","connectionRetryTimeout":120000,"connectionRetryCount":3,"logLevels":{},"enableDirectConnect":true,"strictSSL":true,"_":"65 more keys: [\"cacheDir\",\"port\",\"requestedCapabilities\",\"automationProtocol\",\"baseUrl\",\"waitforInterval\",\"waitforTimeout\",\"onReload\",\"beforeCommand\",\"afterCommand\",\"rootDir\",\"specs\",\"suites\",\"exclude\",\"groupLogsByTestSpec\",\"excludeDriverLogs\",\"bail\",\"framework\",\"reporters\",\"services\",\"maxInstances\",\"maxInstancesPerCapability\",\"injectGlobals\",\"filesToWatch\",\"execArgv\",\"runnerEnv\",\"runner\",\"shard\",\"specFileRetries\",\"specFileRetriesDelay\",\"specFileRetriesDeferred\",\"reporterSyncInterval\",\"reporterSyncTimeout\",\"cucumberFeaturesWithLineNumbers\",\"autoCompileOpts\",\"mochaOpts\",\"jasmineOpts\",\"cucumberOpts\",\"onPrepare\",\"onWorkerStart\",\"onWorkerEnd\",\"before\",\"beforeSession\",\"beforeSuite\",\"beforeHook\",\"beforeTest\",\"afterTest\",\"afterHook\",\"afterSuite\",\"afterSession\",\"after\",\"onComplete\",\"beforeAssertion\",\"afterAssertion\",\"beforeFeature\",\"beforeScenario\",\"beforeStep\",\"afterStep\",\"afterScenario\",\"afterFeature\",\"_\",\"suite\",\"$0\",\"ignoredWorkerServices\",\"wdi5\"]"}]}
RESULT: {"script":"<script> [2342 bytes]","args":[{"protocol":"http","hostname":"0.0.0.0","path":"/","capabilities":{"browserName":"chrome","goog:chromeOptions":{"binary":"C:\\Program Files\\Google\\Chrome\\Application\\chrome.exe","args":["--start-maximized"]}},"logLevel":"warn","connectionRetryTimeout":120000,"connectionRetryCount":3,"logLevels":{},"enableDirectConnect":true,"strictSSL":true,"_":"65 more keys: [\"cacheDir\",\"port\",\"requestedCapabilities\",\"automationProtocol\",\"baseUrl\",\"waitforInterval\",\"waitforTimeout\",\"onReload\",\"beforeCommand\",\"afterCommand\",\"rootDir\",\"specs\",\"suites\",\"exclude\",\"groupLogsByTestSpec\",\"excludeDriverLogs\",\"bail\",\"framework\",\"reporters\",\"services\",\"maxInstances\",\"maxInstancesPerCapability\",\"injectGlobals\",\"filesToWatch\",\"execArgv\",\"runnerEnv\",\"runner\",\"shard\",\"specFileRetries\",\"specFileRetriesDelay\",\"specFileRetriesDeferred\",\"reporterSyncInterval\",\"reporterSyncTimeout\",\"cucumberFeaturesWithLineNumbers\",\"autoCompileOpts\",\"mochaOpts\",\"jasmineOpts\",\"cucumberOpts\",\"onPrepare\",\"onWorkerStart\",\"onWorkerEnd\",\"before\",\"beforeSession\",\"beforeSuite\",\"beforeHook\",\"beforeTest\",\"afterTest\",\"afterHook\",\"afterSuite\",\"afterSession\",\"after\",\"onComplete\",\"beforeAssertion\",\"afterAssertion\",\"beforeFeature\",\"beforeScenario\",\"beforeStep\",\"afterStep\",\"afterScenario\",\"afterFeature\",\"_\",\"suite\",\"$0\",\"ignoredWorkerServices\",\"wdi5\"]"}]}
COMMAND: POST /session/6e03489d4a34a8a8f12f495779f86cce/execute/async - {"script":"<script> [21126 bytes]","args":[35000]}
RESULT: {"script":"<script> [21126 bytes]","args":[35000]}
COMMAND: POST /session/6e03489d4a34a8a8f12f495779f86cce/window/maximize - {}
RESULT: {}
COMMAND: POST /session/6e03489d4a34a8a8f12f495779f86cce/execute/async - {"script":"<script> [1562 bytes]","args":[{"selector":{"id":"shell-header","interaction":{"idSuffix":"icon"}},"wdio_ui5_key":"shellheader"}]}
COMMAND: GET /session/6e03489d4a34a8a8f12f495779f86cce/screenshot - {}
RESULT: {"script":"<script> [1562 bytes]","args":[{"selector":{"id":"shell-header","interaction":{"idSuffix":"icon"}},"wdio_ui5_key":"shellheader"}]}
RESULT: undefined
COMMAND: POST /session/6e03489d4a34a8a8f12f495779f86cce/refresh - {}
RESULT: {}
RESULT: {}
COMMAND: GET /session/6e03489d4a34a8a8f12f495779f86cce/screenshot - {}
RESULT: {}
COMMAND: POST /session/6e03489d4a34a8a8f12f495779f86cce/refresh - {}
RESULT: {}
COMMAND: GET /session/6e03489d4a34a8a8f12f495779f86cce/screenshot - {}
RESULT: {}
COMMAND: POST /session/6e03489d4a34a8a8f12f495779f86cce/window/fullscreen - {}
RESULT: {}
COMMAND: POST /session/6e03489d4a34a8a8f12f495779f86cce/execute/async - {"script":"<script> [189 bytes]","args":[]}
RESULT: {"script":"<script> [189 bytes]","args":[]}
COMMAND: POST /session/6e03489d4a34a8a8f12f495779f86cce/execute/async - {"script":"<script> [123 bytes]","args":[]}
RESULT: {"script":"<script> [123 bytes]","args":[]}
COMMAND: POST /session/6e03489d4a34a8a8f12f495779f86cce/timeouts - {"script":"<number>"}
RESULT: {"script":"<number>"}
COMMAND: GET /session/6e03489d4a34a8a8f12f495779f86cce/timeouts - {}
RESULT: {}
RESULT: undefined
COMMAND: POST /session/6e03489d4a34a8a8f12f495779f86cce/execute/async - {"script":"<script> [2676 bytes]","args":[]}
RESULT: {"script":"<script> [2676 bytes]","args":[]}
COMMAND: POST /session/6e03489d4a34a8a8f12f495779f86cce/execute/async - {"script":"<script> [2342 bytes]","args":[{"protocol":"http","hostname":"0.0.0.0","path":"/","capabilities":{"browserName":"chrome","goog:chromeOptions":{"binary":"C:\\Program Files\\Google\\Chrome\\Application\\chrome.exe","args":["--start-maximized"]}},"logLevel":"warn","connectionRetryTimeout":120000,"connectionRetryCount":3,"logLevels":{},"enableDirectConnect":true,"strictSSL":true,"_":"65 more keys: [\"cacheDir\",\"port\",\"requestedCapabilities\",\"automationProtocol\",\"baseUrl\",\"waitforInterval\",\"waitforTimeout\",\"onReload\",\"beforeCommand\",\"afterCommand\",\"rootDir\",\"specs\",\"suites\",\"exclude\",\"groupLogsByTestSpec\",\"excludeDriverLogs\",\"bail\",\"framework\",\"reporters\",\"services\",\"maxInstances\",\"maxInstancesPerCapability\",\"injectGlobals\",\"filesToWatch\",\"execArgv\",\"runnerEnv\",\"runner\",\"shard\",\"specFileRetries\",\"specFileRetriesDelay\",\"specFileRetriesDeferred\",\"reporterSyncInterval\",\"reporterSyncTimeout\",\"cucumberFeaturesWithLineNumbers\",\"autoCompileOpts\",\"mochaOpts\",\"jasmineOpts\",\"cucumberOpts\",\"onPrepare\",\"onWorkerStart\",\"onWorkerEnd\",\"before\",\"beforeSession\",\"beforeSuite\",\"beforeHook\",\"beforeTest\",\"afterTest\",\"afterHook\",\"afterSuite\",\"afterSession\",\"after\",\"onComplete\",\"beforeAssertion\",\"afterAssertion\",\"beforeFeature\",\"beforeScenario\",\"beforeStep\",\"afterStep\",\"afterScenario\",\"afterFeature\",\"_\",\"suite\",\"$0\",\"ignoredWorkerServices\",\"wdi5\"]"}]}
RESULT: {"script":"<script> [2342 bytes]","args":[{"protocol":"http","hostname":"0.0.0.0","path":"/","capabilities":{"browserName":"chrome","goog:chromeOptions":{"binary":"C:\\Program Files\\Google\\Chrome\\Application\\chrome.exe","args":["--start-maximized"]}},"logLevel":"warn","connectionRetryTimeout":120000,"connectionRetryCount":3,"logLevels":{},"enableDirectConnect":true,"strictSSL":true,"_":"65 more keys: [\"cacheDir\",\"port\",\"requestedCapabilities\",\"automationProtocol\",\"baseUrl\",\"waitforInterval\",\"waitforTimeout\",\"onReload\",\"beforeCommand\",\"afterCommand\",\"rootDir\",\"specs\",\"suites\",\"exclude\",\"groupLogsByTestSpec\",\"excludeDriverLogs\",\"bail\",\"framework\",\"reporters\",\"services\",\"maxInstances\",\"maxInstancesPerCapability\",\"injectGlobals\",\"filesToWatch\",\"execArgv\",\"runnerEnv\",\"runner\",\"shard\",\"specFileRetries\",\"specFileRetriesDelay\",\"specFileRetriesDeferred\",\"reporterSyncInterval\",\"reporterSyncTimeout\",\"cucumberFeaturesWithLineNumbers\",\"autoCompileOpts\",\"mochaOpts\",\"jasmineOpts\",\"cucumberOpts\",\"onPrepare\",\"onWorkerStart\",\"onWorkerEnd\",\"before\",\"beforeSession\",\"beforeSuite\",\"beforeHook\",\"beforeTest\",\"afterTest\",\"afterHook\",\"afterSuite\",\"afterSession\",\"after\",\"onComplete\",\"beforeAssertion\",\"afterAssertion\",\"beforeFeature\",\"beforeScenario\",\"beforeStep\",\"afterStep\",\"afterScenario\",\"afterFeature\",\"_\",\"suite\",\"$0\",\"ignoredWorkerServices\",\"wdi5\"]"}]}
COMMAND: POST /session/6e03489d4a34a8a8f12f495779f86cce/execute/async - {"script":"<script> [21126 bytes]","args":[35000]}
RESULT: {"script":"<script> [21126 bytes]","args":[35000]}
COMMAND: POST /session/6e03489d4a34a8a8f12f495779f86cce/window/fullscreen - {}
RESULT: {}
]]></system-out>
    </testcase>
  </testsuite>
  <testsuite timestamp="2025-04-26T17:22:56" time="661.359" tests="6" failures="5" errors="5" skipped="0">
    <properties>
      <property name="specId" value="0" />
      <property name="suiteName" value="RU Inventory Mass State Change Multiple Items US151066" />
      <property name="capabilities" value="chrome.135_0_7049_96.windows" />
      <property name="file" value="file:///D:/a/1/s/test/specs/BTS/ru-inv-list-mass-state-change.spec.js" />
    </properties>
    <testcase classname="chrome.135_0_7049_96.windows.RU_Inventory_Mass_State_Change_Multiple_Items_US151066" name="Step 1 Should do a RU inventory mass state change on chosen yard 109 with the resources available one equipment multipart one tool pool" time="309.309">
      <system-out><![CDATA[
COMMAND: POST /session/6e03489d4a34a8a8f12f495779f86cce/execute/async - {"script":"<script> [1562 bytes]","args":[{"selector":{"controlType":"sap.m.GenericTile","properties":{"header":"RU Inventory List"}},"wdio_ui5_key":"sapm.GenericTile{\"header\":\"RU Inventory List\"}"}]}
RESULT: {"script":"<script> [1562 bytes]","args":[{"selector":{"controlType":"sap.m.GenericTile","properties":{"header":"RU Inventory List"}},"wdio_ui5_key":"sapm.GenericTile{\"header\":\"RU Inventory List\"}"}]}
RESULT: undefined
COMMAND: POST /session/6e03489d4a34a8a8f12f495779f86cce/element - {"using":"xpath","value":"//*[@id=\"__tile99\"]"}
RESULT: {"using":"xpath","value":"//*[@id=\"__tile99\"]"}
COMMAND: POST /session/6e03489d4a34a8a8f12f495779f86cce/element/f.CA981CCC1B751CF1DDFBCEDF28AC53D4.d.2B67676C4F76CE23FE8A64BFC1DAA814.e.9442/click - {}
RESULT: {}
COMMAND: POST /session/6e03489d4a34a8a8f12f495779f86cce/element - {"using":"xpath","value":"//button[contains(@id, \"massStateBtn\")]"}
COMMAND: GET /session/6e03489d4a34a8a8f12f495779f86cce/screenshot - {}
RESULT: {"using":"xpath","value":"//button[contains(@id, \"massStateBtn\")]"}
COMMAND: POST /session/6e03489d4a34a8a8f12f495779f86cce/elements - {"using":"xpath","value":"//button[contains(@id, \"massStateBtn\")]"}
RESULT: {}
RESULT: {"using":"xpath","value":"//button[contains(@id, \"massStateBtn\")]"}
COMMAND: POST /session/6e03489d4a34a8a8f12f495779f86cce/elements - {"using":"xpath","value":"//button[contains(@id, \"massStateBtn\")]"}
RESULT: {"using":"xpath","value":"//button[contains(@id, \"massStateBtn\")]"}
COMMAND: POST /session/6e03489d4a34a8a8f12f495779f86cce/elements - {"using":"xpath","value":"//button[contains(@id, \"massStateBtn\")]"}
RESULT: {"using":"xpath","value":"//button[contains(@id, \"massStateBtn\")]"}
COMMAND: POST /session/6e03489d4a34a8a8f12f495779f86cce/elements - {"using":"xpath","value":"//button[contains(@id, \"massStateBtn\")]"}
RESULT: {"using":"xpath","value":"//button[contains(@id, \"massStateBtn\")]"}
COMMAND: POST /session/6e03489d4a34a8a8f12f495779f86cce/elements - {"using":"xpath","value":"//button[contains(@id, \"massStateBtn\")]"}
RESULT: {"using":"xpath","value":"//button[contains(@id, \"massStateBtn\")]"}
COMMAND: POST /session/6e03489d4a34a8a8f12f495779f86cce/elements - {"using":"xpath","value":"//button[contains(@id, \"massStateBtn\")]"}
RESULT: {"using":"xpath","value":"//button[contains(@id, \"massStateBtn\")]"}
COMMAND: POST /session/6e03489d4a34a8a8f12f495779f86cce/elements - {"using":"xpath","value":"//button[contains(@id, \"massStateBtn\")]"}
RESULT: {"using":"xpath","value":"//button[contains(@id, \"massStateBtn\")]"}
COMMAND: POST /session/6e03489d4a34a8a8f12f495779f86cce/elements - {"using":"xpath","value":"//button[contains(@id, \"massStateBtn\")]"}
RESULT: {"using":"xpath","value":"//button[contains(@id, \"massStateBtn\")]"}
COMMAND: POST /session/6e03489d4a34a8a8f12f495779f86cce/elements - {"using":"xpath","value":"//button[contains(@id, \"massStateBtn\")]"}
RESULT: {"using":"xpath","value":"//button[contains(@id, \"massStateBtn\")]"}
COMMAND: POST /session/6e03489d4a34a8a8f12f495779f86cce/elements - {"using":"xpath","value":"//button[contains(@id, \"massStateBtn\")]"}
RESULT: {"using":"xpath","value":"//button[contains(@id, \"massStateBtn\")]"}
COMMAND: POST /session/6e03489d4a34a8a8f12f495779f86cce/elements - {"using":"xpath","value":"//button[contains(@id, \"massStateBtn\")]"}
RESULT: {"using":"xpath","value":"//button[contains(@id, \"massStateBtn\")]"}
COMMAND: POST /session/6e03489d4a34a8a8f12f495779f86cce/elements - {"using":"xpath","value":"//button[contains(@id, \"massStateBtn\")]"}
RESULT: {"using":"xpath","value":"//button[contains(@id, \"massStateBtn\")]"}
COMMAND: POST /session/6e03489d4a34a8a8f12f495779f86cce/elements - {"using":"xpath","value":"//button[contains(@id, \"massStateBtn\")]"}
RESULT: {"using":"xpath","value":"//button[contains(@id, \"massStateBtn\")]"}
COMMAND: POST /session/6e03489d4a34a8a8f12f495779f86cce/elements - {"using":"xpath","value":"//button[contains(@id, \"massStateBtn\")]"}
RESULT: {"using":"xpath","value":"//button[contains(@id, \"massStateBtn\")]"}
COMMAND: POST /session/6e03489d4a34a8a8f12f495779f86cce/elements - {"using":"xpath","value":"//button[contains(@id, \"massStateBtn\")]"}
RESULT: {"using":"xpath","value":"//button[contains(@id, \"massStateBtn\")]"}
COMMAND: POST /session/6e03489d4a34a8a8f12f495779f86cce/elements - {"using":"xpath","value":"//button[contains(@id, \"massStateBtn\")]"}
RESULT: {"using":"xpath","value":"//button[contains(@id, \"massStateBtn\")]"}
COMMAND: POST /session/6e03489d4a34a8a8f12f495779f86cce/elements - {"using":"xpath","value":"//button[contains(@id, \"massStateBtn\")]"}
RESULT: {"using":"xpath","value":"//button[contains(@id, \"massStateBtn\")]"}
COMMAND: POST /session/6e03489d4a34a8a8f12f495779f86cce/elements - {"using":"xpath","value":"//button[contains(@id, \"massStateBtn\")]"}
RESULT: {"using":"xpath","value":"//button[contains(@id, \"massStateBtn\")]"}
COMMAND: POST /session/6e03489d4a34a8a8f12f495779f86cce/elements - {"using":"xpath","value":"//button[contains(@id, \"massStateBtn\")]"}
RESULT: {"using":"xpath","value":"//button[contains(@id, \"massStateBtn\")]"}
COMMAND: POST /session/6e03489d4a34a8a8f12f495779f86cce/elements - {"using":"xpath","value":"//button[contains(@id, \"massStateBtn\")]"}
RESULT: {"using":"xpath","value":"//button[contains(@id, \"massStateBtn\")]"}
COMMAND: POST /session/6e03489d4a34a8a8f12f495779f86cce/elements - {"using":"xpath","value":"//button[contains(@id, \"massStateBtn\")]"}
RESULT: {"using":"xpath","value":"//button[contains(@id, \"massStateBtn\")]"}
COMMAND: POST /session/6e03489d4a34a8a8f12f495779f86cce/elements - {"using":"xpath","value":"//button[contains(@id, \"massStateBtn\")]"}
RESULT: {"using":"xpath","value":"//button[contains(@id, \"massStateBtn\")]"}
COMMAND: POST /session/6e03489d4a34a8a8f12f495779f86cce/elements - {"using":"xpath","value":"//button[contains(@id, \"massStateBtn\")]"}
RESULT: {"using":"xpath","value":"//button[contains(@id, \"massStateBtn\")]"}
COMMAND: POST /session/6e03489d4a34a8a8f12f495779f86cce/elements - {"using":"xpath","value":"//button[contains(@id, \"massStateBtn\")]"}
RESULT: {"using":"xpath","value":"//button[contains(@id, \"massStateBtn\")]"}
COMMAND: POST /session/6e03489d4a34a8a8f12f495779f86cce/elements - {"using":"xpath","value":"//button[contains(@id, \"massStateBtn\")]"}
RESULT: {"using":"xpath","value":"//button[contains(@id, \"massStateBtn\")]"}
COMMAND: POST /session/6e03489d4a34a8a8f12f495779f86cce/elements - {"using":"xpath","value":"//button[contains(@id, \"massStateBtn\")]"}
RESULT: {"using":"xpath","value":"//button[contains(@id, \"massStateBtn\")]"}
COMMAND: POST /session/6e03489d4a34a8a8f12f495779f86cce/elements - {"using":"xpath","value":"//button[contains(@id, \"massStateBtn\")]"}
RESULT: {"using":"xpath","value":"//button[contains(@id, \"massStateBtn\")]"}
COMMAND: POST /session/6e03489d4a34a8a8f12f495779f86cce/elements - {"using":"xpath","value":"//button[contains(@id, \"massStateBtn\")]"}
RESULT: {"using":"xpath","value":"//button[contains(@id, \"massStateBtn\")]"}
COMMAND: POST /session/6e03489d4a34a8a8f12f495779f86cce/elements - {"using":"xpath","value":"//button[contains(@id, \"massStateBtn\")]"}
RESULT: {"using":"xpath","value":"//button[contains(@id, \"massStateBtn\")]"}
COMMAND: POST /session/6e03489d4a34a8a8f12f495779f86cce/elements - {"using":"xpath","value":"//button[contains(@id, \"massStateBtn\")]"}
RESULT: {"using":"xpath","value":"//button[contains(@id, \"massStateBtn\")]"}
COMMAND: POST /session/6e03489d4a34a8a8f12f495779f86cce/elements - {"using":"xpath","value":"//button[contains(@id, \"massStateBtn\")]"}
RESULT: {"using":"xpath","value":"//button[contains(@id, \"massStateBtn\")]"}
COMMAND: POST /session/6e03489d4a34a8a8f12f495779f86cce/elements - {"using":"xpath","value":"//button[contains(@id, \"massStateBtn\")]"}
RESULT: {"using":"xpath","value":"//button[contains(@id, \"massStateBtn\")]"}
COMMAND: POST /session/6e03489d4a34a8a8f12f495779f86cce/elements - {"using":"xpath","value":"//button[contains(@id, \"massStateBtn\")]"}
RESULT: {"using":"xpath","value":"//button[contains(@id, \"massStateBtn\")]"}
COMMAND: POST /session/6e03489d4a34a8a8f12f495779f86cce/elements - {"using":"xpath","value":"//button[contains(@id, \"massStateBtn\")]"}
RESULT: {"using":"xpath","value":"//button[contains(@id, \"massStateBtn\")]"}
COMMAND: POST /session/6e03489d4a34a8a8f12f495779f86cce/elements - {"using":"xpath","value":"//button[contains(@id, \"massStateBtn\")]"}
RESULT: {"using":"xpath","value":"//button[contains(@id, \"massStateBtn\")]"}
COMMAND: POST /session/6e03489d4a34a8a8f12f495779f86cce/elements - {"using":"xpath","value":"//button[contains(@id, \"massStateBtn\")]"}
RESULT: {"using":"xpath","value":"//button[contains(@id, \"massStateBtn\")]"}
COMMAND: POST /session/6e03489d4a34a8a8f12f495779f86cce/element - {"using":"xpath","value":"//button[contains(@id, \"massStateBtn\")]"}
RESULT: {"using":"xpath","value":"//button[contains(@id, \"massStateBtn\")]"}
COMMAND: POST /session/6e03489d4a34a8a8f12f495779f86cce/execute/sync - {"script":"<script> [8489 bytes]","args":[{"element-6066-11e4-a52e-4f735466cecf":"f.CA981CCC1B751CF1DDFBCEDF28AC53D4.d.2B67676C4F76CE23FE8A64BFC1DAA814.e.9477","ELEMENT":"f.CA981CCC1B751CF1DDFBCEDF28AC53D4.d.2B67676C4F76CE23FE8A64BFC1DAA814.e.9477"}]}
RESULT: {"script":"<script> [8489 bytes]","args":[{"element-6066-11e4-a52e-4f735466cecf":"f.CA981CCC1B751CF1DDFBCEDF28AC53D4.d.2B67676C4F76CE23FE8A64BFC1DAA814.e.9477","ELEMENT":"f.CA981CCC1B751CF1DDFBCEDF28AC53D4.d.2B67676C4F76CE23FE8A64BFC1DAA814.e.9477"}]}
COMMAND: GET /session/6e03489d4a34a8a8f12f495779f86cce/element/f.CA981CCC1B751CF1DDFBCEDF28AC53D4.d.2B67676C4F76CE23FE8A64BFC1DAA814.e.9477/enabled - {}
COMMAND: GET /session/6e03489d4a34a8a8f12f495779f86cce/screenshot - {}
RESULT: {}
COMMAND: POST /session/6e03489d4a34a8a8f12f495779f86cce/execute/sync - {"script":"<script> [8489 bytes]","args":[{"element-6066-11e4-a52e-4f735466cecf":"f.CA981CCC1B751CF1DDFBCEDF28AC53D4.d.2B67676C4F76CE23FE8A64BFC1DAA814.e.9477","ELEMENT":"f.CA981CCC1B751CF1DDFBCEDF28AC53D4.d.2B67676C4F76CE23FE8A64BFC1DAA814.e.9477"}]}
COMMAND: GET /session/6e03489d4a34a8a8f12f495779f86cce/screenshot - {}
RESULT: {}
RESULT: {"script":"<script> [8489 bytes]","args":[{"element-6066-11e4-a52e-4f735466cecf":"f.CA981CCC1B751CF1DDFBCEDF28AC53D4.d.2B67676C4F76CE23FE8A64BFC1DAA814.e.9477","ELEMENT":"f.CA981CCC1B751CF1DDFBCEDF28AC53D4.d.2B67676C4F76CE23FE8A64BFC1DAA814.e.9477"}]}
COMMAND: POST /session/6e03489d4a34a8a8f12f495779f86cce/execute/sync - {"script":"<script> [5351 bytes]","args":[{"element-6066-11e4-a52e-4f735466cecf":"f.CA981CCC1B751CF1DDFBCEDF28AC53D4.d.2B67676C4F76CE23FE8A64BFC1DAA814.e.9477","ELEMENT":"f.CA981CCC1B751CF1DDFBCEDF28AC53D4.d.2B67676C4F76CE23FE8A64BFC1DAA814.e.9477"}]}
COMMAND: GET /session/6e03489d4a34a8a8f12f495779f86cce/screenshot - {}
RESULT: {}
RESULT: {"script":"<script> [5351 bytes]","args":[{"element-6066-11e4-a52e-4f735466cecf":"f.CA981CCC1B751CF1DDFBCEDF28AC53D4.d.2B67676C4F76CE23FE8A64BFC1DAA814.e.9477","ELEMENT":"f.CA981CCC1B751CF1DDFBCEDF28AC53D4.d.2B67676C4F76CE23FE8A64BFC1DAA814.e.9477"}]}
COMMAND: POST /session/6e03489d4a34a8a8f12f495779f86cce/element/f.CA981CCC1B751CF1DDFBCEDF28AC53D4.d.2B67676C4F76CE23FE8A64BFC1DAA814.e.9477/click - {}
COMMAND: GET /session/6e03489d4a34a8a8f12f495779f86cce/screenshot - {}
RESULT: {}
RESULT: {}
COMMAND: GET /session/6e03489d4a34a8a8f12f495779f86cce/screenshot - {}
RESULT: {}
RESULT: {}
COMMAND: POST /session/6e03489d4a34a8a8f12f495779f86cce/execute/async - {"script":"<script> [1562 bytes]","args":[{"selector":{"id":"application-ruinventorylist-display-component---Master--ruLocationTypeComboBox-arrow"},"wdio_ui5_key":"applicationruinventorylist-display-component---Master--ruLocationTypeComboBox-arrow"}]}
RESULT: {"script":"<script> [1562 bytes]","args":[{"selector":{"id":"application-ruinventorylist-display-component---Master--ruLocationTypeComboBox-arrow"},"wdio_ui5_key":"applicationruinventorylist-display-component---Master--ruLocationTypeComboBox-arrow"}]}
RESULT: undefined
COMMAND: POST /session/6e03489d4a34a8a8f12f495779f86cce/element - {"using":"xpath","value":"//*[@id=\"application-ruinventorylist-display-component---Master--ruLocationTypeComboBox-arrow\"]"}
RESULT: {"using":"xpath","value":"//*[@id=\"application-ruinventorylist-display-component---Master--ruLocationTypeComboBox-arrow\"]"}
COMMAND: POST /session/6e03489d4a34a8a8f12f495779f86cce/element/f.CA981CCC1B751CF1DDFBCEDF28AC53D4.d.2B67676C4F76CE23FE8A64BFC1DAA814.e.9828/click - {}
RESULT: {}
COMMAND: GET /session/6e03489d4a34a8a8f12f495779f86cce/screenshot - {}
RESULT: {}
COMMAND: POST /session/6e03489d4a34a8a8f12f495779f86cce/element - {"using":"xpath","value":"//li[.//span[text()='Yard']]"}
RESULT: {"using":"xpath","value":"//li[.//span[text()='Yard']]"}
COMMAND: POST /session/6e03489d4a34a8a8f12f495779f86cce/element/f.CA981CCC1B751CF1DDFBCEDF28AC53D4.d.2B67676C4F76CE23FE8A64BFC1DAA814.e.9829/click - {}
RESULT: {}
COMMAND: GET /session/6e03489d4a34a8a8f12f495779f86cce/screenshot - {}
COMMAND: POST /session/6e03489d4a34a8a8f12f495779f86cce/execute/async - {"script":"<script> [1562 bytes]","args":[{"selector":{"id":"application-ruinventorylist-display-component---Master--smartFilterBar-filterItemControl_BASIC-YARD-vhi"},"wdio_ui5_key":"applicationruinventorylist-display-component---Master--smartFilterBar-filterItemControl_BASIC-YARD-vhi"}]}
RESULT: {}
RESULT: {"script":"<script> [1562 bytes]","args":[{"selector":{"id":"application-ruinventorylist-display-component---Master--smartFilterBar-filterItemControl_BASIC-YARD-vhi"},"wdio_ui5_key":"applicationruinventorylist-display-component---Master--smartFilterBar-filterItemControl_BASIC-YARD-vhi"}]}
RESULT: undefined
COMMAND: POST /session/6e03489d4a34a8a8f12f495779f86cce/element - {"using":"xpath","value":"//*[@id=\"application-ruinventorylist-display-component---Master--smartFilterBar-filterItemControl_BASIC-YARD-vhi\"]"}
RESULT: {"using":"xpath","value":"//*[@id=\"application-ruinventorylist-display-component---Master--smartFilterBar-filterItemControl_BASIC-YARD-vhi\"]"}
COMMAND: POST /session/6e03489d4a34a8a8f12f495779f86cce/element/f.CA981CCC1B751CF1DDFBCEDF28AC53D4.d.2B67676C4F76CE23FE8A64BFC1DAA814.e.9889/click - {}
RESULT: {}
COMMAND: GET /session/6e03489d4a34a8a8f12f495779f86cce/screenshot - {}
RESULT: {}
COMMAND: POST /session/6e03489d4a34a8a8f12f495779f86cce/execute/async - {"script":"<script> [1562 bytes]","args":[{"selector":{"id":"application-ruinventorylist-display-component---Master--smartFilterBar-filterItemControl_BASIC-YARD-valueHelpDialog-smartFilterBar-btnBasicSearch","searchOpenDialogs":true,"interaction":{"idSuffix":"I"}},"wdio_ui5_key":"applicationruinventorylist-display-component---Master--smartFilterBar-filterItemControl_BASIC-YARD-valueHelpDialog-smartFilterBar-btnBasicSearch"}]}
RESULT: {"script":"<script> [1562 bytes]","args":[{"selector":{"id":"application-ruinventorylist-display-component---Master--smartFilterBar-filterItemControl_BASIC-YARD-valueHelpDialog-smartFilterBar-btnBasicSearch","searchOpenDialogs":true,"interaction":{"idSuffix":"I"}},"wdio_ui5_key":"applicationruinventorylist-display-component---Master--smartFilterBar-filterItemControl_BASIC-YARD-valueHelpDialog-smartFilterBar-btnBasicSearch"}]}
RESULT: undefined
COMMAND: POST /session/6e03489d4a34a8a8f12f495779f86cce/execute/async - {"script":"<script> [776 bytes]","args":[{"enterText":"109","selector":{"id":"application-ruinventorylist-display-component---Master--smartFilterBar-filterItemControl_BASIC-YARD-valueHelpDialog-smartFilterBar-btnBasicSearch","searchOpenDialogs":true,"interaction":{"idSuffix":"I"}},"clearTextFirst":true,"interactionType":"ENTER_TEXT"}]}
RESULT: {"script":"<script> [776 bytes]","args":[{"enterText":"109","selector":{"id":"application-ruinventorylist-display-component---Master--smartFilterBar-filterItemControl_BASIC-YARD-valueHelpDialog-smartFilterBar-btnBasicSearch","searchOpenDialogs":true,"interaction":{"idSuffix":"I"}},"clearTextFirst":true,"interactionType":"ENTER_TEXT"}]}
COMMAND: POST /session/6e03489d4a34a8a8f12f495779f86cce/actions - {"actions":[{"id":"action29","type":"key","parameters":{},"actions":[{"type":"keyDown","value":"î€‡"},{"type":"pause","duration":10},{"type":"keyUp","value":"î€‡"}]}]}
RESULT: {"actions":[{"id":"action29","type":"key","parameters":{},"actions":[{"type":"keyDown","value":"î€‡"},{"type":"pause","duration":10},{"type":"keyUp","value":"î€‡"}]}]}
COMMAND: GET /session/6e03489d4a34a8a8f12f495779f86cce/screenshot - {}
RESULT: {}
COMMAND: POST /session/6e03489d4a34a8a8f12f495779f86cce/elements - {"using":"xpath","value":"//table[contains(@id, \"filterItemControl_BASIC-YARD-valueHelpDialog-table-table\")]/tbody/tr"}
RESULT: {"using":"xpath","value":"//table[contains(@id, \"filterItemControl_BASIC-YARD-valueHelpDialog-table-table\")]/tbody/tr"}
COMMAND: POST /session/6e03489d4a34a8a8f12f495779f86cce/element - {"using":"xpath","value":"//table[contains(@id, \"filterItemControl_BASIC-YARD-valueHelpDialog-table-table\")]/tbody/tr[1]/td[1]/div/span"}
RESULT: {"using":"xpath","value":"//table[contains(@id, \"filterItemControl_BASIC-YARD-valueHelpDialog-table-table\")]/tbody/tr[1]/td[1]/div/span"}
COMMAND: POST /session/6e03489d4a34a8a8f12f495779f86cce/elements - {"using":"xpath","value":"//table[contains(@id, \"filterItemControl_BASIC-YARD-valueHelpDialog-table-table\")]/tbody/tr[1]/td[1]/div/span"}
RESULT: {"using":"xpath","value":"//table[contains(@id, \"filterItemControl_BASIC-YARD-valueHelpDialog-table-table\")]/tbody/tr[1]/td[1]/div/span"}
COMMAND: POST /session/6e03489d4a34a8a8f12f495779f86cce/execute/sync - {"script":"<script> [56 bytes]","args":[{"element-6066-11e4-a52e-4f735466cecf":"f.CA981CCC1B751CF1DDFBCEDF28AC53D4.d.2B67676C4F76CE23FE8A64BFC1DAA814.e.9911","ELEMENT":"f.CA981CCC1B751CF1DDFBCEDF28AC53D4.d.2B67676C4F76CE23FE8A64BFC1DAA814.e.9911"}]}
RESULT: {"script":"<script> [56 bytes]","args":[{"element-6066-11e4-a52e-4f735466cecf":"f.CA981CCC1B751CF1DDFBCEDF28AC53D4.d.2B67676C4F76CE23FE8A64BFC1DAA814.e.9911","ELEMENT":"f.CA981CCC1B751CF1DDFBCEDF28AC53D4.d.2B67676C4F76CE23FE8A64BFC1DAA814.e.9911"}]}
COMMAND: POST /session/6e03489d4a34a8a8f12f495779f86cce/element - {"using":"xpath","value":"//div[contains(@id, \"filterItemControl_BASIC-YARD-valueHelpDialog-table-rowsel0\")]"}
COMMAND: GET /session/6e03489d4a34a8a8f12f495779f86cce/screenshot - {}
RESULT: {"using":"xpath","value":"//div[contains(@id, \"filterItemControl_BASIC-YARD-valueHelpDialog-table-rowsel0\")]"}
COMMAND: POST /session/6e03489d4a34a8a8f12f495779f86cce/element/f.CA981CCC1B751CF1DDFBCEDF28AC53D4.d.2B67676C4F76CE23FE8A64BFC1DAA814.e.9912/click - {}
RESULT: {}
RESULT: {}
COMMAND: GET /session/6e03489d4a34a8a8f12f495779f86cce/screenshot - {}
RESULT: {}
COMMAND: POST /session/6e03489d4a34a8a8f12f495779f86cce/element - {"using":"xpath","value":"//div[contains(@id, \"smartFilterBar-filterItemControl_BASIC-YARD-valueHelpDialog-smartFilterBar-btnBasicSearch-reset\")]"}
RESULT: {"using":"xpath","value":"//div[contains(@id, \"smartFilterBar-filterItemControl_BASIC-YARD-valueHelpDialog-smartFilterBar-btnBasicSearch-reset\")]"}
COMMAND: POST /session/6e03489d4a34a8a8f12f495779f86cce/element/f.CA981CCC1B751CF1DDFBCEDF28AC53D4.d.2B67676C4F76CE23FE8A64BFC1DAA814.e.9914/click - {}
RESULT: {}
RESULT: undefined
COMMAND: POST /session/6e03489d4a34a8a8f12f495779f86cce/execute/async - {"script":"<script> [776 bytes]","args":[{"enterText":"OPA5_BST01_YARD1","selector":{"id":"application-ruinventorylist-display-component---Master--smartFilterBar-filterItemControl_BASIC-YARD-valueHelpDialog-smartFilterBar-btnBasicSearch","searchOpenDialogs":true,"interaction":{"idSuffix":"I"}},"clearTextFirst":true,"interactionType":"ENTER_TEXT"}]}
COMMAND: GET /session/6e03489d4a34a8a8f12f495779f86cce/screenshot - {}
RESULT: {"script":"<script> [776 bytes]","args":[{"enterText":"OPA5_BST01_YARD1","selector":{"id":"application-ruinventorylist-display-component---Master--smartFilterBar-filterItemControl_BASIC-YARD-valueHelpDialog-smartFilterBar-btnBasicSearch","searchOpenDialogs":true,"interaction":{"idSuffix":"I"}},"clearTextFirst":true,"interactionType":"ENTER_TEXT"}]}
COMMAND: POST /session/6e03489d4a34a8a8f12f495779f86cce/actions - {"actions":[{"id":"action30","type":"key","parameters":{},"actions":[{"type":"keyDown","value":"î€‡"},{"type":"pause","duration":10},{"type":"keyUp","value":"î€‡"}]}]}
RESULT: {}
RESULT: {"actions":[{"id":"action30","type":"key","parameters":{},"actions":[{"type":"keyDown","value":"î€‡"},{"type":"pause","duration":10},{"type":"keyUp","value":"î€‡"}]}]}
COMMAND: GET /session/6e03489d4a34a8a8f12f495779f86cce/screenshot - {}
RESULT: {}
COMMAND: POST /session/6e03489d4a34a8a8f12f495779f86cce/elements - {"using":"xpath","value":"//table[contains(@id, \"filterItemControl_BASIC-YARD-valueHelpDialog-table-table\")]/tbody/tr"}
RESULT: {"using":"xpath","value":"//table[contains(@id, \"filterItemControl_BASIC-YARD-valueHelpDialog-table-table\")]/tbody/tr"}
COMMAND: POST /session/6e03489d4a34a8a8f12f495779f86cce/element - {"using":"xpath","value":"//table[contains(@id, \"filterItemControl_BASIC-YARD-valueHelpDialog-table-table\")]/tbody/tr[1]/td[1]/div/span"}
RESULT: {"using":"xpath","value":"//table[contains(@id, \"filterItemControl_BASIC-YARD-valueHelpDialog-table-table\")]/tbody/tr[1]/td[1]/div/span"}
COMMAND: POST /session/6e03489d4a34a8a8f12f495779f86cce/elements - {"using":"xpath","value":"//table[contains(@id, \"filterItemControl_BASIC-YARD-valueHelpDialog-table-table\")]/tbody/tr[1]/td[1]/div/span"}
RESULT: {"using":"xpath","value":"//table[contains(@id, \"filterItemControl_BASIC-YARD-valueHelpDialog-table-table\")]/tbody/tr[1]/td[1]/div/span"}
COMMAND: POST /session/6e03489d4a34a8a8f12f495779f86cce/execute/sync - {"script":"<script> [56 bytes]","args":[{"element-6066-11e4-a52e-4f735466cecf":"f.CA981CCC1B751CF1DDFBCEDF28AC53D4.d.2B67676C4F76CE23FE8A64BFC1DAA814.e.9911","ELEMENT":"f.CA981CCC1B751CF1DDFBCEDF28AC53D4.d.2B67676C4F76CE23FE8A64BFC1DAA814.e.9911"}]}
RESULT: {"script":"<script> [56 bytes]","args":[{"element-6066-11e4-a52e-4f735466cecf":"f.CA981CCC1B751CF1DDFBCEDF28AC53D4.d.2B67676C4F76CE23FE8A64BFC1DAA814.e.9911","ELEMENT":"f.CA981CCC1B751CF1DDFBCEDF28AC53D4.d.2B67676C4F76CE23FE8A64BFC1DAA814.e.9911"}]}
COMMAND: POST /session/6e03489d4a34a8a8f12f495779f86cce/element - {"using":"xpath","value":"//div[contains(@id, \"filterItemControl_BASIC-YARD-valueHelpDialog-table-rowsel0\")]"}
COMMAND: GET /session/6e03489d4a34a8a8f12f495779f86cce/screenshot - {}
RESULT: {"using":"xpath","value":"//div[contains(@id, \"filterItemControl_BASIC-YARD-valueHelpDialog-table-rowsel0\")]"}
COMMAND: POST /session/6e03489d4a34a8a8f12f495779f86cce/element/f.CA981CCC1B751CF1DDFBCEDF28AC53D4.d.2B67676C4F76CE23FE8A64BFC1DAA814.e.9912/click - {}
RESULT: {}
RESULT: {}
COMMAND: GET /session/6e03489d4a34a8a8f12f495779f86cce/screenshot - {}
RESULT: {}
COMMAND: POST /session/6e03489d4a34a8a8f12f495779f86cce/element - {"using":"xpath","value":"(//bdi[contains(text(), \"OK\")])[1]"}
RESULT: {"using":"xpath","value":"(//bdi[contains(text(), \"OK\")])[1]"}
COMMAND: POST /session/6e03489d4a34a8a8f12f495779f86cce/element/f.CA981CCC1B751CF1DDFBCEDF28AC53D4.d.2B67676C4F76CE23FE8A64BFC1DAA814.e.9915/click - {}
RESULT: {}
COMMAND: GET /session/6e03489d4a34a8a8f12f495779f86cce/screenshot - {}
RESULT: {}
COMMAND: POST /session/6e03489d4a34a8a8f12f495779f86cce/element - {"using":"xpath","value":"//span[@id=\"application-ruinventorylist-display-component---Master--smartTableRuInventoryList-header-inner\"]"}
RESULT: {"using":"xpath","value":"//span[@id=\"application-ruinventorylist-display-component---Master--smartTableRuInventoryList-header-inner\"]"}
COMMAND: POST /session/6e03489d4a34a8a8f12f495779f86cce/elements - {"using":"xpath","value":"//span[@id=\"application-ruinventorylist-display-component---Master--smartTableRuInventoryList-header-inner\"]"}
RESULT: {"using":"xpath","value":"//span[@id=\"application-ruinventorylist-display-component---Master--smartTableRuInventoryList-header-inner\"]"}
COMMAND: POST /session/6e03489d4a34a8a8f12f495779f86cce/execute/sync - {"script":"<script> [56 bytes]","args":[{"element-6066-11e4-a52e-4f735466cecf":"f.CA981CCC1B751CF1DDFBCEDF28AC53D4.d.2B67676C4F76CE23FE8A64BFC1DAA814.e.10037","ELEMENT":"f.CA981CCC1B751CF1DDFBCEDF28AC53D4.d.2B67676C4F76CE23FE8A64BFC1DAA814.e.10037"}]}
RESULT: {"script":"<script> [56 bytes]","args":[{"element-6066-11e4-a52e-4f735466cecf":"f.CA981CCC1B751CF1DDFBCEDF28AC53D4.d.2B67676C4F76CE23FE8A64BFC1DAA814.e.10037","ELEMENT":"f.CA981CCC1B751CF1DDFBCEDF28AC53D4.d.2B67676C4F76CE23FE8A64BFC1DAA814.e.10037"}]}
COMMAND: POST /session/6e03489d4a34a8a8f12f495779f86cce/execute/async - {"script":"<script> [1562 bytes]","args":[{"selector":{"id":"application-ruinventorylist-display-component---Master--smartFilterBar-btnBasicSearch","interaction":{"idSuffix":"I"}},"wdio_ui5_key":"applicationruinventorylist-display-component---Master--smartFilterBar-btnBasicSearch"}]}
COMMAND: GET /session/6e03489d4a34a8a8f12f495779f86cce/screenshot - {}
RESULT: {"script":"<script> [1562 bytes]","args":[{"selector":{"id":"application-ruinventorylist-display-component---Master--smartFilterBar-btnBasicSearch","interaction":{"idSuffix":"I"}},"wdio_ui5_key":"applicationruinventorylist-display-component---Master--smartFilterBar-btnBasicSearch"}]}
RESULT: undefined
COMMAND: POST /session/6e03489d4a34a8a8f12f495779f86cce/execute/async - {"script":"<script> [776 bytes]","args":[{"enterText":"600002","selector":{"id":"application-ruinventorylist-display-component---Master--smartFilterBar-btnBasicSearch","interaction":{"idSuffix":"I"}},"clearTextFirst":true,"interactionType":"ENTER_TEXT"}]}
RESULT: {}
RESULT: {"script":"<script> [776 bytes]","args":[{"enterText":"600002","selector":{"id":"application-ruinventorylist-display-component---Master--smartFilterBar-btnBasicSearch","interaction":{"idSuffix":"I"}},"clearTextFirst":true,"interactionType":"ENTER_TEXT"}]}
COMMAND: POST /session/6e03489d4a34a8a8f12f495779f86cce/actions - {"actions":[{"id":"action31","type":"key","parameters":{},"actions":[{"type":"keyDown","value":"î€‡"},{"type":"pause","duration":10},{"type":"keyUp","value":"î€‡"}]}]}
RESULT: {"actions":[{"id":"action31","type":"key","parameters":{},"actions":[{"type":"keyDown","value":"î€‡"},{"type":"pause","duration":10},{"type":"keyUp","value":"î€‡"}]}]}
COMMAND: GET /session/6e03489d4a34a8a8f12f495779f86cce/screenshot - {}
RESULT: {}
COMMAND: POST /session/6e03489d4a34a8a8f12f495779f86cce/element - {"using":"xpath","value":"//span[@id=\"application-ruinventorylist-display-component---Master--smartTableRuInventoryList-header-inner\"]"}
RESULT: {"using":"xpath","value":"//span[@id=\"application-ruinventorylist-display-component---Master--smartTableRuInventoryList-header-inner\"]"}
COMMAND: POST /session/6e03489d4a34a8a8f12f495779f86cce/elements - {"using":"xpath","value":"//span[@id=\"application-ruinventorylist-display-component---Master--smartTableRuInventoryList-header-inner\"]"}
RESULT: {"using":"xpath","value":"//span[@id=\"application-ruinventorylist-display-component---Master--smartTableRuInventoryList-header-inner\"]"}
COMMAND: POST /session/6e03489d4a34a8a8f12f495779f86cce/execute/sync - {"script":"<script> [56 bytes]","args":[{"element-6066-11e4-a52e-4f735466cecf":"f.CA981CCC1B751CF1DDFBCEDF28AC53D4.d.2B67676C4F76CE23FE8A64BFC1DAA814.e.10037","ELEMENT":"f.CA981CCC1B751CF1DDFBCEDF28AC53D4.d.2B67676C4F76CE23FE8A64BFC1DAA814.e.10037"}]}
RESULT: {"script":"<script> [56 bytes]","args":[{"element-6066-11e4-a52e-4f735466cecf":"f.CA981CCC1B751CF1DDFBCEDF28AC53D4.d.2B67676C4F76CE23FE8A64BFC1DAA814.e.10037","ELEMENT":"f.CA981CCC1B751CF1DDFBCEDF28AC53D4.d.2B67676C4F76CE23FE8A64BFC1DAA814.e.10037"}]}
COMMAND: POST /session/6e03489d4a34a8a8f12f495779f86cce/element - {"using":"xpath","value":"//table[contains(@id, \"application-ruinventorylist-display-component---Master--tableRuInventoryList-listUl\")]/tbody/tr[1]/td[2]/div/div"}
COMMAND: GET /session/6e03489d4a34a8a8f12f495779f86cce/screenshot - {}
RESULT: {"using":"xpath","value":"//table[contains(@id, \"application-ruinventorylist-display-component---Master--tableRuInventoryList-listUl\")]/tbody/tr[1]/td[2]/div/div"}
COMMAND: POST /session/6e03489d4a34a8a8f12f495779f86cce/element/f.CA981CCC1B751CF1DDFBCEDF28AC53D4.d.2B67676C4F76CE23FE8A64BFC1DAA814.e.10044/click - {}
RESULT: {}
RESULT: {}
COMMAND: GET /session/6e03489d4a34a8a8f12f495779f86cce/screenshot - {}
RESULT: {}
COMMAND: POST /session/6e03489d4a34a8a8f12f495779f86cce/element - {"using":"xpath","value":"//div[contains(@id, \"smartFilterBar-btnBasicSearch-reset\")]"}
RESULT: {"using":"xpath","value":"//div[contains(@id, \"smartFilterBar-btnBasicSearch-reset\")]"}
COMMAND: POST /session/6e03489d4a34a8a8f12f495779f86cce/element/f.CA981CCC1B751CF1DDFBCEDF28AC53D4.d.2B67676C4F76CE23FE8A64BFC1DAA814.e.10054/click - {}
RESULT: {}
COMMAND: GET /session/6e03489d4a34a8a8f12f495779f86cce/screenshot - {}
RESULT: undefined
COMMAND: POST /session/6e03489d4a34a8a8f12f495779f86cce/execute/async - {"script":"<script> [776 bytes]","args":[{"enterText":"401002","selector":{"id":"application-ruinventorylist-display-component---Master--smartFilterBar-btnBasicSearch","interaction":{"idSuffix":"I"}},"clearTextFirst":true,"interactionType":"ENTER_TEXT"}]}
RESULT: {}
RESULT: {"script":"<script> [776 bytes]","args":[{"enterText":"401002","selector":{"id":"application-ruinventorylist-display-component---Master--smartFilterBar-btnBasicSearch","interaction":{"idSuffix":"I"}},"clearTextFirst":true,"interactionType":"ENTER_TEXT"}]}
COMMAND: POST /session/6e03489d4a34a8a8f12f495779f86cce/actions - {"actions":[{"id":"action32","type":"key","parameters":{},"actions":[{"type":"keyDown","value":"î€‡"},{"type":"pause","duration":10},{"type":"keyUp","value":"î€‡"}]}]}
RESULT: {"actions":[{"id":"action32","type":"key","parameters":{},"actions":[{"type":"keyDown","value":"î€‡"},{"type":"pause","duration":10},{"type":"keyUp","value":"î€‡"}]}]}
COMMAND: GET /session/6e03489d4a34a8a8f12f495779f86cce/screenshot - {}
RESULT: {}
COMMAND: POST /session/6e03489d4a34a8a8f12f495779f86cce/element - {"using":"xpath","value":"//span[@id=\"application-ruinventorylist-display-component---Master--smartTableRuInventoryList-header-inner\"]"}
RESULT: {"using":"xpath","value":"//span[@id=\"application-ruinventorylist-display-component---Master--smartTableRuInventoryList-header-inner\"]"}
COMMAND: POST /session/6e03489d4a34a8a8f12f495779f86cce/elements - {"using":"xpath","value":"//span[@id=\"application-ruinventorylist-display-component---Master--smartTableRuInventoryList-header-inner\"]"}
RESULT: {"using":"xpath","value":"//span[@id=\"application-ruinventorylist-display-component---Master--smartTableRuInventoryList-header-inner\"]"}
COMMAND: POST /session/6e03489d4a34a8a8f12f495779f86cce/execute/sync - {"script":"<script> [56 bytes]","args":[{"element-6066-11e4-a52e-4f735466cecf":"f.CA981CCC1B751CF1DDFBCEDF28AC53D4.d.2B67676C4F76CE23FE8A64BFC1DAA814.e.10037","ELEMENT":"f.CA981CCC1B751CF1DDFBCEDF28AC53D4.d.2B67676C4F76CE23FE8A64BFC1DAA814.e.10037"}]}
RESULT: {"script":"<script> [56 bytes]","args":[{"element-6066-11e4-a52e-4f735466cecf":"f.CA981CCC1B751CF1DDFBCEDF28AC53D4.d.2B67676C4F76CE23FE8A64BFC1DAA814.e.10037","ELEMENT":"f.CA981CCC1B751CF1DDFBCEDF28AC53D4.d.2B67676C4F76CE23FE8A64BFC1DAA814.e.10037"}]}
COMMAND: POST /session/6e03489d4a34a8a8f12f495779f86cce/element - {"using":"xpath","value":"//table[contains(@id, \"application-ruinventorylist-display-component---Master--tableRuInventoryList-listUl\")]/tbody/tr[1]/td[2]/div/div"}
COMMAND: GET /session/6e03489d4a34a8a8f12f495779f86cce/screenshot - {}
RESULT: {"using":"xpath","value":"//table[contains(@id, \"application-ruinventorylist-display-component---Master--tableRuInventoryList-listUl\")]/tbody/tr[1]/td[2]/div/div"}
COMMAND: POST /session/6e03489d4a34a8a8f12f495779f86cce/element/f.CA981CCC1B751CF1DDFBCEDF28AC53D4.d.2B67676C4F76CE23FE8A64BFC1DAA814.e.10181/click - {}
RESULT: {}
RESULT: {}
COMMAND: GET /session/6e03489d4a34a8a8f12f495779f86cce/screenshot - {}
RESULT: {}
COMMAND: POST /session/6e03489d4a34a8a8f12f495779f86cce/element - {"using":"xpath","value":"//div[contains(@id, \"smartFilterBar-btnBasicSearch-reset\")]"}
RESULT: {"using":"xpath","value":"//div[contains(@id, \"smartFilterBar-btnBasicSearch-reset\")]"}
COMMAND: POST /session/6e03489d4a34a8a8f12f495779f86cce/element/f.CA981CCC1B751CF1DDFBCEDF28AC53D4.d.2B67676C4F76CE23FE8A64BFC1DAA814.e.10054/click - {}
RESULT: {}
COMMAND: GET /session/6e03489d4a34a8a8f12f495779f86cce/screenshot - {}
RESULT: {}
COMMAND: POST /session/6e03489d4a34a8a8f12f495779f86cce/element/f.CA981CCC1B751CF1DDFBCEDF28AC53D4.d.2B67676C4F76CE23FE8A64BFC1DAA814.e.9477/click - {}
RESULT: {}
COMMAND: GET /session/6e03489d4a34a8a8f12f495779f86cce/screenshot - {}
RESULT: {}
COMMAND: POST /session/6e03489d4a34a8a8f12f495779f86cce/execute/async - {"script":"<script> [1562 bytes]","args":[{"selector":{"controlType":"sap.m.Title","viewName":"etm.portal.ui.ruinventorylist.view.Master","viewId":"application-ruinventorylist-display-component---Master","properties":{"text":"Mass State Change"},"searchOpenDialogs":true},"wdio_ui5_key":"etmportal.ui.ruinventorylist.view.Mastersap.m.Title{\"text\":\"Mass State Change\"}"}]}
RESULT: {"script":"<script> [1562 bytes]","args":[{"selector":{"controlType":"sap.m.Title","viewName":"etm.portal.ui.ruinventorylist.view.Master","viewId":"application-ruinventorylist-display-component---Master","properties":{"text":"Mass State Change"},"searchOpenDialogs":true},"wdio_ui5_key":"etmportal.ui.ruinventorylist.view.Mastersap.m.Title{\"text\":\"Mass State Change\"}"}]}
RESULT: undefined
COMMAND: POST /session/6e03489d4a34a8a8f12f495779f86cce/execute/async - {"script":"<script> [6424 bytes]","args":[{"element-6066-11e4-a52e-4f735466cecf":"f.CA981CCC1B751CF1DDFBCEDF28AC53D4.d.2B67676C4F76CE23FE8A64BFC1DAA814.e.10330"},"getText",[]]}
RESULT: {"script":"<script> [6424 bytes]","args":[{"element-6066-11e4-a52e-4f735466cecf":"f.CA981CCC1B751CF1DDFBCEDF28AC53D4.d.2B67676C4F76CE23FE8A64BFC1DAA814.e.10330"},"getText",[]]}
COMMAND: POST /session/6e03489d4a34a8a8f12f495779f86cce/element - {"using":"xpath","value":"(//bdi[contains(text(), \"OK\")])[1]"}
RESULT: {"using":"xpath","value":"(//bdi[contains(text(), \"OK\")])[1]"}
COMMAND: POST /session/6e03489d4a34a8a8f12f495779f86cce/element/f.CA981CCC1B751CF1DDFBCEDF28AC53D4.d.2B67676C4F76CE23FE8A64BFC1DAA814.e.10331/click - {}
RESULT: {}
COMMAND: GET /session/6e03489d4a34a8a8f12f495779f86cce/screenshot - {}
RESULT: {}
COMMAND: POST /session/6e03489d4a34a8a8f12f495779f86cce/element - {"using":"css selector","value":"div.sapMMessageBoxError"}
RESULT: {"using":"css selector","value":"div.sapMMessageBoxError"}
COMMAND: POST /session/6e03489d4a34a8a8f12f495779f86cce/elements - {"using":"css selector","value":"div.sapMMessageBoxError"}
RESULT: {"using":"css selector","value":"div.sapMMessageBoxError"}
COMMAND: POST /session/6e03489d4a34a8a8f12f495779f86cce/element - {"using":"xpath","value":"(//bdi[contains(text(), \"Close\")])[1]"}
RESULT: {"using":"xpath","value":"(//bdi[contains(text(), \"Close\")])[1]"}
COMMAND: POST /session/6e03489d4a34a8a8f12f495779f86cce/element/f.CA981CCC1B751CF1DDFBCEDF28AC53D4.d.2B67676C4F76CE23FE8A64BFC1DAA814.e.10335/click - {}
RESULT: {}
COMMAND: GET /session/6e03489d4a34a8a8f12f495779f86cce/screenshot - {}
RESULT: {}
COMMAND: POST /session/6e03489d4a34a8a8f12f495779f86cce/execute/async - {"script":"<script> [1562 bytes]","args":[{"selector":{"id":"application-ruinventorylist-display-component---Master--ruStateTypes-arrow","searchOpenDialogs":true},"wdio_ui5_key":"applicationruinventorylist-display-component---Master--ruStateTypes-arrow"}]}
RESULT: {"script":"<script> [1562 bytes]","args":[{"selector":{"id":"application-ruinventorylist-display-component---Master--ruStateTypes-arrow","searchOpenDialogs":true},"wdio_ui5_key":"applicationruinventorylist-display-component---Master--ruStateTypes-arrow"}]}
RESULT: undefined
COMMAND: POST /session/6e03489d4a34a8a8f12f495779f86cce/element - {"using":"xpath","value":"//*[@id=\"application-ruinventorylist-display-component---Master--ruStateTypes-arrow\"]"}
RESULT: {"using":"xpath","value":"//*[@id=\"application-ruinventorylist-display-component---Master--ruStateTypes-arrow\"]"}
COMMAND: POST /session/6e03489d4a34a8a8f12f495779f86cce/element/f.CA981CCC1B751CF1DDFBCEDF28AC53D4.d.2B67676C4F76CE23FE8A64BFC1DAA814.e.10337/click - {}
RESULT: {}
COMMAND: GET /session/6e03489d4a34a8a8f12f495779f86cce/screenshot - {}
RESULT: {}
COMMAND: POST /session/6e03489d4a34a8a8f12f495779f86cce/element - {"using":"xpath","value":"//li[.//span[text()=\"defect\"]]"}
RESULT: {"using":"xpath","value":"//li[.//span[text()=\"defect\"]]"}
COMMAND: POST /session/6e03489d4a34a8a8f12f495779f86cce/element/f.CA981CCC1B751CF1DDFBCEDF28AC53D4.d.2B67676C4F76CE23FE8A64BFC1DAA814.e.10338/click - {}
RESULT: {}
COMMAND: GET /session/6e03489d4a34a8a8f12f495779f86cce/screenshot - {}
RESULT: {}
COMMAND: POST /session/6e03489d4a34a8a8f12f495779f86cce/element - {"using":"xpath","value":"(//span[@data-kt=\"trashMassStateChangeIcon\"])[1]"}
RESULT: {"using":"xpath","value":"(//span[@data-kt=\"trashMassStateChangeIcon\"])[1]"}
COMMAND: POST /session/6e03489d4a34a8a8f12f495779f86cce/element/f.CA981CCC1B751CF1DDFBCEDF28AC53D4.d.2B67676C4F76CE23FE8A64BFC1DAA814.e.10339/click - {}
RESULT: {}
COMMAND: GET /session/6e03489d4a34a8a8f12f495779f86cce/screenshot - {}
RESULT: {}
COMMAND: POST /session/6e03489d4a34a8a8f12f495779f86cce/element - {"using":"xpath","value":"//table[contains(@id, \"massStateChangeTable-listUl\")]/tbody/tr[1]/td[11]/div/div/div/input"}
RESULT: {"using":"xpath","value":"//table[contains(@id, \"massStateChangeTable-listUl\")]/tbody/tr[1]/td[11]/div/div/div/input"}
COMMAND: GET /session/6e03489d4a34a8a8f12f495779f86cce/element/f.CA981CCC1B751CF1DDFBCEDF28AC53D4.d.2B67676C4F76CE23FE8A64BFC1DAA814.e.10323/property/value - {}
RESULT: {}
COMMAND: POST /session/6e03489d4a34a8a8f12f495779f86cce/element - {"using":"xpath","value":"(//span[@data-kt=\"trashMassStateChangeIcon\"])[2]"}
COMMAND: GET /session/6e03489d4a34a8a8f12f495779f86cce/screenshot - {}
RESULT: {"using":"xpath","value":"(//span[@data-kt=\"trashMassStateChangeIcon\"])[2]"}
COMMAND: POST /session/6e03489d4a34a8a8f12f495779f86cce/element/f.CA981CCC1B751CF1DDFBCEDF28AC53D4.d.2B67676C4F76CE23FE8A64BFC1DAA814.e.10341/click - {}
RESULT: {}
RESULT: {}
COMMAND: GET /session/6e03489d4a34a8a8f12f495779f86cce/screenshot - {}
RESULT: {}
COMMAND: POST /session/6e03489d4a34a8a8f12f495779f86cce/element - {"using":"xpath","value":"//table[contains(@id, \"massStateChangeTable-listUl\")]/tbody/tr[2]/td[11]/div/div/div/input"}
RESULT: {"using":"xpath","value":"//table[contains(@id, \"massStateChangeTable-listUl\")]/tbody/tr[2]/td[11]/div/div/div/input"}
COMMAND: GET /session/6e03489d4a34a8a8f12f495779f86cce/element/f.CA981CCC1B751CF1DDFBCEDF28AC53D4.d.2B67676C4F76CE23FE8A64BFC1DAA814.e.10327/property/value - {}
RESULT: {}
COMMAND: POST /session/6e03489d4a34a8a8f12f495779f86cce/element - {"using":"xpath","value":"//table[contains(@id, \"massStateChangeTable-listUl\")]/tbody/tr[1]/td[10]/div/span/span[1]"}
COMMAND: GET /session/6e03489d4a34a8a8f12f495779f86cce/screenshot - {}
RESULT: {"using":"xpath","value":"//table[contains(@id, \"massStateChangeTable-listUl\")]/tbody/tr[1]/td[10]/div/span/span[1]"}
COMMAND: POST /session/6e03489d4a34a8a8f12f495779f86cce/execute/sync - {"script":"<script> [56 bytes]","args":[{"element-6066-11e4-a52e-4f735466cecf":"f.CA981CCC1B751CF1DDFBCEDF28AC53D4.d.2B67676C4F76CE23FE8A64BFC1DAA814.e.10343","ELEMENT":"f.CA981CCC1B751CF1DDFBCEDF28AC53D4.d.2B67676C4F76CE23FE8A64BFC1DAA814.e.10343"}]}
RESULT: {}
RESULT: {"script":"<script> [56 bytes]","args":[{"element-6066-11e4-a52e-4f735466cecf":"f.CA981CCC1B751CF1DDFBCEDF28AC53D4.d.2B67676C4F76CE23FE8A64BFC1DAA814.e.10343","ELEMENT":"f.CA981CCC1B751CF1DDFBCEDF28AC53D4.d.2B67676C4F76CE23FE8A64BFC1DAA814.e.10343"}]}
COMMAND: POST /session/6e03489d4a34a8a8f12f495779f86cce/element - {"using":"xpath","value":"//table[contains(@id, \"massStateChangeTable-listUl\")]/tbody/tr[1]/td[11]/div/div/div/div[2]/span"}
COMMAND: GET /session/6e03489d4a34a8a8f12f495779f86cce/screenshot - {}
RESULT: {"using":"xpath","value":"//table[contains(@id, \"massStateChangeTable-listUl\")]/tbody/tr[1]/td[11]/div/div/div/div[2]/span"}
COMMAND: POST /session/6e03489d4a34a8a8f12f495779f86cce/element/f.CA981CCC1B751CF1DDFBCEDF28AC53D4.d.2B67676C4F76CE23FE8A64BFC1DAA814.e.10344/click - {}
RESULT: {}
RESULT: {}
COMMAND: GET /session/6e03489d4a34a8a8f12f495779f86cce/screenshot - {}
RESULT: {}
COMMAND: POST /session/6e03489d4a34a8a8f12f495779f86cce/element - {"using":"xpath","value":"//table[contains(@id, \"massStateChangeTable-listUl\")]/tbody/tr[1]/td[11]/div/div/div/div[2]/span"}
RESULT: {"using":"xpath","value":"//table[contains(@id, \"massStateChangeTable-listUl\")]/tbody/tr[1]/td[11]/div/div/div/div[2]/span"}
COMMAND: POST /session/6e03489d4a34a8a8f12f495779f86cce/element/f.CA981CCC1B751CF1DDFBCEDF28AC53D4.d.2B67676C4F76CE23FE8A64BFC1DAA814.e.10344/click - {}
RESULT: {}
COMMAND: GET /session/6e03489d4a34a8a8f12f495779f86cce/screenshot - {}
RESULT: {}
COMMAND: POST /session/6e03489d4a34a8a8f12f495779f86cce/element - {"using":"xpath","value":"//table[contains(@id, \"massStateChangeTable-listUl\")]/tbody/tr[1]/td[11]/div/div/div/div[2]/span"}
RESULT: {"using":"xpath","value":"//table[contains(@id, \"massStateChangeTable-listUl\")]/tbody/tr[1]/td[11]/div/div/div/div[2]/span"}
COMMAND: POST /session/6e03489d4a34a8a8f12f495779f86cce/element/f.CA981CCC1B751CF1DDFBCEDF28AC53D4.d.2B67676C4F76CE23FE8A64BFC1DAA814.e.10344/click - {}
RESULT: {}
COMMAND: GET /session/6e03489d4a34a8a8f12f495779f86cce/screenshot - {}
RESULT: {}
COMMAND: POST /session/6e03489d4a34a8a8f12f495779f86cce/element - {"using":"xpath","value":"//table[contains(@id, \"massStateChangeTable-listUl\")]/tbody/tr[1]/td[11]/div/div/div/div[2]/span"}
RESULT: {"using":"xpath","value":"//table[contains(@id, \"massStateChangeTable-listUl\")]/tbody/tr[1]/td[11]/div/div/div/div[2]/span"}
COMMAND: POST /session/6e03489d4a34a8a8f12f495779f86cce/element/f.CA981CCC1B751CF1DDFBCEDF28AC53D4.d.2B67676C4F76CE23FE8A64BFC1DAA814.e.10344/click - {}
RESULT: {}
COMMAND: GET /session/6e03489d4a34a8a8f12f495779f86cce/screenshot - {}
RESULT: {}
COMMAND: POST /session/6e03489d4a34a8a8f12f495779f86cce/element - {"using":"xpath","value":"//table[contains(@id, \"massStateChangeTable-listUl\")]/tbody/tr[1]/td[11]/div/div/div/div[2]/span"}
RESULT: {"using":"xpath","value":"//table[contains(@id, \"massStateChangeTable-listUl\")]/tbody/tr[1]/td[11]/div/div/div/div[2]/span"}
COMMAND: POST /session/6e03489d4a34a8a8f12f495779f86cce/element/f.CA981CCC1B751CF1DDFBCEDF28AC53D4.d.2B67676C4F76CE23FE8A64BFC1DAA814.e.10344/click - {}
RESULT: {}
COMMAND: GET /session/6e03489d4a34a8a8f12f495779f86cce/screenshot - {}
RESULT: {}
COMMAND: POST /session/6e03489d4a34a8a8f12f495779f86cce/element - {"using":"xpath","value":"//table[contains(@id, \"massStateChangeTable-listUl\")]/tbody/tr[1]/td[11]/div/div/div/div[2]/span"}
RESULT: {"using":"xpath","value":"//table[contains(@id, \"massStateChangeTable-listUl\")]/tbody/tr[1]/td[11]/div/div/div/div[2]/span"}
COMMAND: POST /session/6e03489d4a34a8a8f12f495779f86cce/element/f.CA981CCC1B751CF1DDFBCEDF28AC53D4.d.2B67676C4F76CE23FE8A64BFC1DAA814.e.10344/click - {}
RESULT: {}
COMMAND: GET /session/6e03489d4a34a8a8f12f495779f86cce/screenshot - {}
RESULT: {}
COMMAND: POST /session/6e03489d4a34a8a8f12f495779f86cce/element - {"using":"xpath","value":"//table[contains(@id, \"massStateChangeTable-listUl\")]/tbody/tr[1]/td[11]/div/div/div/div[2]/span"}
RESULT: {"using":"xpath","value":"//table[contains(@id, \"massStateChangeTable-listUl\")]/tbody/tr[1]/td[11]/div/div/div/div[2]/span"}
COMMAND: POST /session/6e03489d4a34a8a8f12f495779f86cce/element/f.CA981CCC1B751CF1DDFBCEDF28AC53D4.d.2B67676C4F76CE23FE8A64BFC1DAA814.e.10344/click - {}
RESULT: {}
COMMAND: GET /session/6e03489d4a34a8a8f12f495779f86cce/screenshot - {}
RESULT: {}
COMMAND: POST /session/6e03489d4a34a8a8f12f495779f86cce/element - {"using":"xpath","value":"//table[contains(@id, \"massStateChangeTable-listUl\")]/tbody/tr[1]/td[11]/div/div/div/div[2]/span"}
RESULT: {"using":"xpath","value":"//table[contains(@id, \"massStateChangeTable-listUl\")]/tbody/tr[1]/td[11]/div/div/div/div[2]/span"}
COMMAND: POST /session/6e03489d4a34a8a8f12f495779f86cce/element/f.CA981CCC1B751CF1DDFBCEDF28AC53D4.d.2B67676C4F76CE23FE8A64BFC1DAA814.e.10344/click - {}
RESULT: {}
COMMAND: GET /session/6e03489d4a34a8a8f12f495779f86cce/screenshot - {}
RESULT: {}
COMMAND: POST /session/6e03489d4a34a8a8f12f495779f86cce/element - {"using":"xpath","value":"//table[contains(@id, \"massStateChangeTable-listUl\")]/tbody/tr[1]/td[11]/div/div/div/div[2]/span"}
RESULT: {"using":"xpath","value":"//table[contains(@id, \"massStateChangeTable-listUl\")]/tbody/tr[1]/td[11]/div/div/div/div[2]/span"}
COMMAND: POST /session/6e03489d4a34a8a8f12f495779f86cce/element/f.CA981CCC1B751CF1DDFBCEDF28AC53D4.d.2B67676C4F76CE23FE8A64BFC1DAA814.e.10344/click - {}
RESULT: {}
COMMAND: GET /session/6e03489d4a34a8a8f12f495779f86cce/screenshot - {}
RESULT: {}
COMMAND: POST /session/6e03489d4a34a8a8f12f495779f86cce/element - {"using":"xpath","value":"//table[contains(@id, \"massStateChangeTable-listUl\")]/tbody/tr[1]/td[11]/div/div/div/div[2]/span"}
RESULT: {"using":"xpath","value":"//table[contains(@id, \"massStateChangeTable-listUl\")]/tbody/tr[1]/td[11]/div/div/div/div[2]/span"}
COMMAND: POST /session/6e03489d4a34a8a8f12f495779f86cce/element/f.CA981CCC1B751CF1DDFBCEDF28AC53D4.d.2B67676C4F76CE23FE8A64BFC1DAA814.e.10344/click - {}
RESULT: {}
COMMAND: GET /session/6e03489d4a34a8a8f12f495779f86cce/screenshot - {}
RESULT: {}
COMMAND: POST /session/6e03489d4a34a8a8f12f495779f86cce/element - {"using":"xpath","value":"//table[contains(@id, \"massStateChangeTable-listUl\")]/tbody/tr[1]/td[11]/div/div/div/div[2]/span"}
RESULT: {"using":"xpath","value":"//table[contains(@id, \"massStateChangeTable-listUl\")]/tbody/tr[1]/td[11]/div/div/div/div[2]/span"}
COMMAND: POST /session/6e03489d4a34a8a8f12f495779f86cce/element/f.CA981CCC1B751CF1DDFBCEDF28AC53D4.d.2B67676C4F76CE23FE8A64BFC1DAA814.e.10344/click - {}
RESULT: {}
COMMAND: GET /session/6e03489d4a34a8a8f12f495779f86cce/screenshot - {}
RESULT: {}
COMMAND: POST /session/6e03489d4a34a8a8f12f495779f86cce/element - {"using":"xpath","value":"//table[contains(@id, \"massStateChangeTable-listUl\")]/tbody/tr[1]/td[11]/div/div/div/div[2]/span"}
RESULT: {"using":"xpath","value":"//table[contains(@id, \"massStateChangeTable-listUl\")]/tbody/tr[1]/td[11]/div/div/div/div[2]/span"}
COMMAND: POST /session/6e03489d4a34a8a8f12f495779f86cce/element/f.CA981CCC1B751CF1DDFBCEDF28AC53D4.d.2B67676C4F76CE23FE8A64BFC1DAA814.e.10344/click - {}
RESULT: {}
COMMAND: GET /session/6e03489d4a34a8a8f12f495779f86cce/screenshot - {}
RESULT: {}
COMMAND: POST /session/6e03489d4a34a8a8f12f495779f86cce/element - {"using":"xpath","value":"//table[contains(@id, \"massStateChangeTable-listUl\")]/tbody/tr[1]/td[11]/div/div/div/div[2]/span"}
RESULT: {"using":"xpath","value":"//table[contains(@id, \"massStateChangeTable-listUl\")]/tbody/tr[1]/td[11]/div/div/div/div[2]/span"}
COMMAND: POST /session/6e03489d4a34a8a8f12f495779f86cce/element/f.CA981CCC1B751CF1DDFBCEDF28AC53D4.d.2B67676C4F76CE23FE8A64BFC1DAA814.e.10344/click - {}
RESULT: {}
COMMAND: GET /session/6e03489d4a34a8a8f12f495779f86cce/screenshot - {}
RESULT: {}
COMMAND: POST /session/6e03489d4a34a8a8f12f495779f86cce/element - {"using":"xpath","value":"//table[contains(@id, \"massStateChangeTable-listUl\")]/tbody/tr[1]/td[11]/div/div/div/div[2]/span"}
RESULT: {"using":"xpath","value":"//table[contains(@id, \"massStateChangeTable-listUl\")]/tbody/tr[1]/td[11]/div/div/div/div[2]/span"}
COMMAND: POST /session/6e03489d4a34a8a8f12f495779f86cce/element/f.CA981CCC1B751CF1DDFBCEDF28AC53D4.d.2B67676C4F76CE23FE8A64BFC1DAA814.e.10344/click - {}
RESULT: {}
COMMAND: GET /session/6e03489d4a34a8a8f12f495779f86cce/screenshot - {}
RESULT: {}
COMMAND: POST /session/6e03489d4a34a8a8f12f495779f86cce/element - {"using":"xpath","value":"//table[contains(@id, \"massStateChangeTable-listUl\")]/tbody/tr[1]/td[11]/div/div/div/div[2]/span"}
RESULT: {"using":"xpath","value":"//table[contains(@id, \"massStateChangeTable-listUl\")]/tbody/tr[1]/td[11]/div/div/div/div[2]/span"}
COMMAND: POST /session/6e03489d4a34a8a8f12f495779f86cce/element/f.CA981CCC1B751CF1DDFBCEDF28AC53D4.d.2B67676C4F76CE23FE8A64BFC1DAA814.e.10344/click - {}
RESULT: {}
COMMAND: GET /session/6e03489d4a34a8a8f12f495779f86cce/screenshot - {}
RESULT: {}
COMMAND: POST /session/6e03489d4a34a8a8f12f495779f86cce/element - {"using":"xpath","value":"//table[contains(@id, \"massStateChangeTable-listUl\")]/tbody/tr[1]/td[11]/div/div/div/div[2]/span"}
RESULT: {"using":"xpath","value":"//table[contains(@id, \"massStateChangeTable-listUl\")]/tbody/tr[1]/td[11]/div/div/div/div[2]/span"}
COMMAND: POST /session/6e03489d4a34a8a8f12f495779f86cce/element/f.CA981CCC1B751CF1DDFBCEDF28AC53D4.d.2B67676C4F76CE23FE8A64BFC1DAA814.e.10344/click - {}
RESULT: {}
COMMAND: GET /session/6e03489d4a34a8a8f12f495779f86cce/screenshot - {}
RESULT: {}
COMMAND: POST /session/6e03489d4a34a8a8f12f495779f86cce/element - {"using":"xpath","value":"//table[contains(@id, \"massStateChangeTable-listUl\")]/tbody/tr[1]/td[11]/div/div/div/div[2]/span"}
RESULT: {"using":"xpath","value":"//table[contains(@id, \"massStateChangeTable-listUl\")]/tbody/tr[1]/td[11]/div/div/div/div[2]/span"}
COMMAND: POST /session/6e03489d4a34a8a8f12f495779f86cce/element/f.CA981CCC1B751CF1DDFBCEDF28AC53D4.d.2B67676C4F76CE23FE8A64BFC1DAA814.e.10344/click - {}
RESULT: {}
COMMAND: GET /session/6e03489d4a34a8a8f12f495779f86cce/screenshot - {}
RESULT: {}
COMMAND: POST /session/6e03489d4a34a8a8f12f495779f86cce/element - {"using":"xpath","value":"//table[contains(@id, \"massStateChangeTable-listUl\")]/tbody/tr[1]/td[11]/div/div/div/div[2]/span"}
RESULT: {"using":"xpath","value":"//table[contains(@id, \"massStateChangeTable-listUl\")]/tbody/tr[1]/td[11]/div/div/div/div[2]/span"}
COMMAND: POST /session/6e03489d4a34a8a8f12f495779f86cce/element/f.CA981CCC1B751CF1DDFBCEDF28AC53D4.d.2B67676C4F76CE23FE8A64BFC1DAA814.e.10344/click - {}
RESULT: {}
COMMAND: GET /session/6e03489d4a34a8a8f12f495779f86cce/screenshot - {}
RESULT: {}
COMMAND: POST /session/6e03489d4a34a8a8f12f495779f86cce/element - {"using":"xpath","value":"//table[contains(@id, \"massStateChangeTable-listUl\")]/tbody/tr[1]/td[11]/div/div/div/div[2]/span"}
RESULT: {"using":"xpath","value":"//table[contains(@id, \"massStateChangeTable-listUl\")]/tbody/tr[1]/td[11]/div/div/div/div[2]/span"}
COMMAND: POST /session/6e03489d4a34a8a8f12f495779f86cce/element/f.CA981CCC1B751CF1DDFBCEDF28AC53D4.d.2B67676C4F76CE23FE8A64BFC1DAA814.e.10344/click - {}
RESULT: {}
COMMAND: GET /session/6e03489d4a34a8a8f12f495779f86cce/screenshot - {}
RESULT: {}
COMMAND: POST /session/6e03489d4a34a8a8f12f495779f86cce/element - {"using":"xpath","value":"//table[contains(@id, \"massStateChangeTable-listUl\")]/tbody/tr[1]/td[11]/div/div/div/div[2]/span"}
RESULT: {"using":"xpath","value":"//table[contains(@id, \"massStateChangeTable-listUl\")]/tbody/tr[1]/td[11]/div/div/div/div[2]/span"}
COMMAND: POST /session/6e03489d4a34a8a8f12f495779f86cce/element/f.CA981CCC1B751CF1DDFBCEDF28AC53D4.d.2B67676C4F76CE23FE8A64BFC1DAA814.e.10344/click - {}
RESULT: {}
COMMAND: GET /session/6e03489d4a34a8a8f12f495779f86cce/screenshot - {}
RESULT: {}
COMMAND: POST /session/6e03489d4a34a8a8f12f495779f86cce/element - {"using":"xpath","value":"//table[contains(@id, \"massStateChangeTable-listUl\")]/tbody/tr[1]/td[11]/div/div/div/div[2]/span"}
RESULT: {"using":"xpath","value":"//table[contains(@id, \"massStateChangeTable-listUl\")]/tbody/tr[1]/td[11]/div/div/div/div[2]/span"}
COMMAND: POST /session/6e03489d4a34a8a8f12f495779f86cce/element/f.CA981CCC1B751CF1DDFBCEDF28AC53D4.d.2B67676C4F76CE23FE8A64BFC1DAA814.e.10344/click - {}
RESULT: {}
COMMAND: GET /session/6e03489d4a34a8a8f12f495779f86cce/screenshot - {}
RESULT: {}
COMMAND: POST /session/6e03489d4a34a8a8f12f495779f86cce/element - {"using":"xpath","value":"//table[contains(@id, \"massStateChangeTable-listUl\")]/tbody/tr[1]/td[11]/div/div/div/div[2]/span"}
RESULT: {"using":"xpath","value":"//table[contains(@id, \"massStateChangeTable-listUl\")]/tbody/tr[1]/td[11]/div/div/div/div[2]/span"}
COMMAND: POST /session/6e03489d4a34a8a8f12f495779f86cce/element/f.CA981CCC1B751CF1DDFBCEDF28AC53D4.d.2B67676C4F76CE23FE8A64BFC1DAA814.e.10344/click - {}
RESULT: {}
COMMAND: GET /session/6e03489d4a34a8a8f12f495779f86cce/screenshot - {}
RESULT: {}
COMMAND: POST /session/6e03489d4a34a8a8f12f495779f86cce/element - {"using":"xpath","value":"//table[contains(@id, \"massStateChangeTable-listUl\")]/tbody/tr[1]/td[11]/div/div/div/div[2]/span"}
RESULT: {"using":"xpath","value":"//table[contains(@id, \"massStateChangeTable-listUl\")]/tbody/tr[1]/td[11]/div/div/div/div[2]/span"}
COMMAND: POST /session/6e03489d4a34a8a8f12f495779f86cce/element/f.CA981CCC1B751CF1DDFBCEDF28AC53D4.d.2B67676C4F76CE23FE8A64BFC1DAA814.e.10344/click - {}
RESULT: {}
COMMAND: GET /session/6e03489d4a34a8a8f12f495779f86cce/screenshot - {}
RESULT: {}
COMMAND: POST /session/6e03489d4a34a8a8f12f495779f86cce/element - {"using":"xpath","value":"//table[contains(@id, \"massStateChangeTable-listUl\")]/tbody/tr[1]/td[11]/div/div/div/div[2]/span"}
RESULT: {"using":"xpath","value":"//table[contains(@id, \"massStateChangeTable-listUl\")]/tbody/tr[1]/td[11]/div/div/div/div[2]/span"}
COMMAND: POST /session/6e03489d4a34a8a8f12f495779f86cce/element/f.CA981CCC1B751CF1DDFBCEDF28AC53D4.d.2B67676C4F76CE23FE8A64BFC1DAA814.e.10344/click - {}
RESULT: {}
COMMAND: GET /session/6e03489d4a34a8a8f12f495779f86cce/screenshot - {}
RESULT: {}
COMMAND: POST /session/6e03489d4a34a8a8f12f495779f86cce/element - {"using":"xpath","value":"//table[contains(@id, \"massStateChangeTable-listUl\")]/tbody/tr[1]/td[11]/div/div/div/div[2]/span"}
RESULT: {"using":"xpath","value":"//table[contains(@id, \"massStateChangeTable-listUl\")]/tbody/tr[1]/td[11]/div/div/div/div[2]/span"}
COMMAND: POST /session/6e03489d4a34a8a8f12f495779f86cce/element/f.CA981CCC1B751CF1DDFBCEDF28AC53D4.d.2B67676C4F76CE23FE8A64BFC1DAA814.e.10344/click - {}
RESULT: {}
COMMAND: GET /session/6e03489d4a34a8a8f12f495779f86cce/screenshot - {}
RESULT: {}
COMMAND: POST /session/6e03489d4a34a8a8f12f495779f86cce/element - {"using":"xpath","value":"//table[contains(@id, \"massStateChangeTable-listUl\")]/tbody/tr[1]/td[11]/div/div/div/div[2]/span"}
RESULT: {"using":"xpath","value":"//table[contains(@id, \"massStateChangeTable-listUl\")]/tbody/tr[1]/td[11]/div/div/div/div[2]/span"}
COMMAND: POST /session/6e03489d4a34a8a8f12f495779f86cce/element/f.CA981CCC1B751CF1DDFBCEDF28AC53D4.d.2B67676C4F76CE23FE8A64BFC1DAA814.e.10344/click - {}
RESULT: {}
COMMAND: GET /session/6e03489d4a34a8a8f12f495779f86cce/screenshot - {}
RESULT: {}
COMMAND: POST /session/6e03489d4a34a8a8f12f495779f86cce/element - {"using":"xpath","value":"//table[contains(@id, \"massStateChangeTable-listUl\")]/tbody/tr[1]/td[11]/div/div/div/div[2]/span"}
RESULT: {"using":"xpath","value":"//table[contains(@id, \"massStateChangeTable-listUl\")]/tbody/tr[1]/td[11]/div/div/div/div[2]/span"}
COMMAND: POST /session/6e03489d4a34a8a8f12f495779f86cce/element/f.CA981CCC1B751CF1DDFBCEDF28AC53D4.d.2B67676C4F76CE23FE8A64BFC1DAA814.e.10344/click - {}
RESULT: {}
COMMAND: GET /session/6e03489d4a34a8a8f12f495779f86cce/screenshot - {}
RESULT: {}
COMMAND: POST /session/6e03489d4a34a8a8f12f495779f86cce/element - {"using":"xpath","value":"//table[contains(@id, \"massStateChangeTable-listUl\")]/tbody/tr[1]/td[11]/div/div/div/div[2]/span"}
RESULT: {"using":"xpath","value":"//table[contains(@id, \"massStateChangeTable-listUl\")]/tbody/tr[1]/td[11]/div/div/div/div[2]/span"}
COMMAND: POST /session/6e03489d4a34a8a8f12f495779f86cce/element/f.CA981CCC1B751CF1DDFBCEDF28AC53D4.d.2B67676C4F76CE23FE8A64BFC1DAA814.e.10344/click - {}
RESULT: {}
COMMAND: GET /session/6e03489d4a34a8a8f12f495779f86cce/screenshot - {}
RESULT: {}
COMMAND: POST /session/6e03489d4a34a8a8f12f495779f86cce/element - {"using":"xpath","value":"//table[contains(@id, \"massStateChangeTable-listUl\")]/tbody/tr[1]/td[11]/div/div/div/div[2]/span"}
RESULT: {"using":"xpath","value":"//table[contains(@id, \"massStateChangeTable-listUl\")]/tbody/tr[1]/td[11]/div/div/div/div[2]/span"}
COMMAND: POST /session/6e03489d4a34a8a8f12f495779f86cce/element/f.CA981CCC1B751CF1DDFBCEDF28AC53D4.d.2B67676C4F76CE23FE8A64BFC1DAA814.e.10344/click - {}
RESULT: {}
COMMAND: GET /session/6e03489d4a34a8a8f12f495779f86cce/screenshot - {}
RESULT: {}
COMMAND: POST /session/6e03489d4a34a8a8f12f495779f86cce/element - {"using":"xpath","value":"//table[contains(@id, \"massStateChangeTable-listUl\")]/tbody/tr[1]/td[11]/div/div/div/div[2]/span"}
RESULT: {"using":"xpath","value":"//table[contains(@id, \"massStateChangeTable-listUl\")]/tbody/tr[1]/td[11]/div/div/div/div[2]/span"}
COMMAND: POST /session/6e03489d4a34a8a8f12f495779f86cce/element/f.CA981CCC1B751CF1DDFBCEDF28AC53D4.d.2B67676C4F76CE23FE8A64BFC1DAA814.e.10344/click - {}
RESULT: {}
COMMAND: GET /session/6e03489d4a34a8a8f12f495779f86cce/screenshot - {}
RESULT: {}
COMMAND: POST /session/6e03489d4a34a8a8f12f495779f86cce/element - {"using":"xpath","value":"//table[contains(@id, \"massStateChangeTable-listUl\")]/tbody/tr[1]/td[11]/div/div/div/div[2]/span"}
RESULT: {"using":"xpath","value":"//table[contains(@id, \"massStateChangeTable-listUl\")]/tbody/tr[1]/td[11]/div/div/div/div[2]/span"}
COMMAND: POST /session/6e03489d4a34a8a8f12f495779f86cce/element/f.CA981CCC1B751CF1DDFBCEDF28AC53D4.d.2B67676C4F76CE23FE8A64BFC1DAA814.e.10344/click - {}
RESULT: {}
COMMAND: GET /session/6e03489d4a34a8a8f12f495779f86cce/screenshot - {}
RESULT: {}
COMMAND: POST /session/6e03489d4a34a8a8f12f495779f86cce/element - {"using":"xpath","value":"//table[contains(@id, \"massStateChangeTable-listUl\")]/tbody/tr[1]/td[11]/div/div/div/div[2]/span"}
RESULT: {"using":"xpath","value":"//table[contains(@id, \"massStateChangeTable-listUl\")]/tbody/tr[1]/td[11]/div/div/div/div[2]/span"}
COMMAND: POST /session/6e03489d4a34a8a8f12f495779f86cce/element/f.CA981CCC1B751CF1DDFBCEDF28AC53D4.d.2B67676C4F76CE23FE8A64BFC1DAA814.e.10344/click - {}
RESULT: {}
COMMAND: GET /session/6e03489d4a34a8a8f12f495779f86cce/screenshot - {}
RESULT: {}
COMMAND: POST /session/6e03489d4a34a8a8f12f495779f86cce/element - {"using":"xpath","value":"//table[contains(@id, \"massStateChangeTable-listUl\")]/tbody/tr[1]/td[11]/div/div/div/div[2]/span"}
RESULT: {"using":"xpath","value":"//table[contains(@id, \"massStateChangeTable-listUl\")]/tbody/tr[1]/td[11]/div/div/div/div[2]/span"}
COMMAND: POST /session/6e03489d4a34a8a8f12f495779f86cce/element/f.CA981CCC1B751CF1DDFBCEDF28AC53D4.d.2B67676C4F76CE23FE8A64BFC1DAA814.e.10344/click - {}
RESULT: {}
COMMAND: GET /session/6e03489d4a34a8a8f12f495779f86cce/screenshot - {}
RESULT: {}
COMMAND: POST /session/6e03489d4a34a8a8f12f495779f86cce/element - {"using":"xpath","value":"//table[contains(@id, \"massStateChangeTable-listUl\")]/tbody/tr[1]/td[11]/div/div/div/div[2]/span"}
RESULT: {"using":"xpath","value":"//table[contains(@id, \"massStateChangeTable-listUl\")]/tbody/tr[1]/td[11]/div/div/div/div[2]/span"}
COMMAND: POST /session/6e03489d4a34a8a8f12f495779f86cce/element/f.CA981CCC1B751CF1DDFBCEDF28AC53D4.d.2B67676C4F76CE23FE8A64BFC1DAA814.e.10344/click - {}
RESULT: {}
COMMAND: GET /session/6e03489d4a34a8a8f12f495779f86cce/screenshot - {}
RESULT: {}
COMMAND: POST /session/6e03489d4a34a8a8f12f495779f86cce/element - {"using":"xpath","value":"//table[contains(@id, \"massStateChangeTable-listUl\")]/tbody/tr[1]/td[11]/div/div/div/div[2]/span"}
RESULT: {"using":"xpath","value":"//table[contains(@id, \"massStateChangeTable-listUl\")]/tbody/tr[1]/td[11]/div/div/div/div[2]/span"}
COMMAND: POST /session/6e03489d4a34a8a8f12f495779f86cce/element/f.CA981CCC1B751CF1DDFBCEDF28AC53D4.d.2B67676C4F76CE23FE8A64BFC1DAA814.e.10344/click - {}
RESULT: {}
COMMAND: GET /session/6e03489d4a34a8a8f12f495779f86cce/screenshot - {}
RESULT: {}
COMMAND: POST /session/6e03489d4a34a8a8f12f495779f86cce/element - {"using":"xpath","value":"//table[contains(@id, \"massStateChangeTable-listUl\")]/tbody/tr[1]/td[11]/div/div/div/div[2]/span"}
RESULT: {"using":"xpath","value":"//table[contains(@id, \"massStateChangeTable-listUl\")]/tbody/tr[1]/td[11]/div/div/div/div[2]/span"}
COMMAND: POST /session/6e03489d4a34a8a8f12f495779f86cce/element/f.CA981CCC1B751CF1DDFBCEDF28AC53D4.d.2B67676C4F76CE23FE8A64BFC1DAA814.e.10344/click - {}
RESULT: {}
COMMAND: GET /session/6e03489d4a34a8a8f12f495779f86cce/screenshot - {}
RESULT: {}
COMMAND: POST /session/6e03489d4a34a8a8f12f495779f86cce/element - {"using":"xpath","value":"//table[contains(@id, \"massStateChangeTable-listUl\")]/tbody/tr[1]/td[11]/div/div/div/div[2]/span"}
RESULT: {"using":"xpath","value":"//table[contains(@id, \"massStateChangeTable-listUl\")]/tbody/tr[1]/td[11]/div/div/div/div[2]/span"}
COMMAND: POST /session/6e03489d4a34a8a8f12f495779f86cce/element/f.CA981CCC1B751CF1DDFBCEDF28AC53D4.d.2B67676C4F76CE23FE8A64BFC1DAA814.e.10344/click - {}
RESULT: {}
COMMAND: GET /session/6e03489d4a34a8a8f12f495779f86cce/screenshot - {}
RESULT: {}
COMMAND: POST /session/6e03489d4a34a8a8f12f495779f86cce/element - {"using":"xpath","value":"//table[contains(@id, \"massStateChangeTable-listUl\")]/tbody/tr[1]/td[11]/div/div/div/div[2]/span"}
RESULT: {"using":"xpath","value":"//table[contains(@id, \"massStateChangeTable-listUl\")]/tbody/tr[1]/td[11]/div/div/div/div[2]/span"}
COMMAND: POST /session/6e03489d4a34a8a8f12f495779f86cce/element/f.CA981CCC1B751CF1DDFBCEDF28AC53D4.d.2B67676C4F76CE23FE8A64BFC1DAA814.e.10344/click - {}
RESULT: {}
COMMAND: GET /session/6e03489d4a34a8a8f12f495779f86cce/screenshot - {}
RESULT: {}
COMMAND: POST /session/6e03489d4a34a8a8f12f495779f86cce/element - {"using":"xpath","value":"//table[contains(@id, \"massStateChangeTable-listUl\")]/tbody/tr[1]/td[11]/div/div/div/div[2]/span"}
RESULT: {"using":"xpath","value":"//table[contains(@id, \"massStateChangeTable-listUl\")]/tbody/tr[1]/td[11]/div/div/div/div[2]/span"}
COMMAND: POST /session/6e03489d4a34a8a8f12f495779f86cce/element/f.CA981CCC1B751CF1DDFBCEDF28AC53D4.d.2B67676C4F76CE23FE8A64BFC1DAA814.e.10344/click - {}
RESULT: {}
COMMAND: GET /session/6e03489d4a34a8a8f12f495779f86cce/screenshot - {}
RESULT: {}
COMMAND: POST /session/6e03489d4a34a8a8f12f495779f86cce/element - {"using":"xpath","value":"//table[contains(@id, \"massStateChangeTable-listUl\")]/tbody/tr[1]/td[11]/div/div/div/div[2]/span"}
RESULT: {"using":"xpath","value":"//table[contains(@id, \"massStateChangeTable-listUl\")]/tbody/tr[1]/td[11]/div/div/div/div[2]/span"}
COMMAND: POST /session/6e03489d4a34a8a8f12f495779f86cce/element/f.CA981CCC1B751CF1DDFBCEDF28AC53D4.d.2B67676C4F76CE23FE8A64BFC1DAA814.e.10344/click - {}
RESULT: {}
COMMAND: GET /session/6e03489d4a34a8a8f12f495779f86cce/screenshot - {}
RESULT: {}
COMMAND: POST /session/6e03489d4a34a8a8f12f495779f86cce/element - {"using":"xpath","value":"//table[contains(@id, \"massStateChangeTable-listUl\")]/tbody/tr[1]/td[11]/div/div/div/div[2]/span"}
RESULT: {"using":"xpath","value":"//table[contains(@id, \"massStateChangeTable-listUl\")]/tbody/tr[1]/td[11]/div/div/div/div[2]/span"}
COMMAND: POST /session/6e03489d4a34a8a8f12f495779f86cce/element/f.CA981CCC1B751CF1DDFBCEDF28AC53D4.d.2B67676C4F76CE23FE8A64BFC1DAA814.e.10344/click - {}
RESULT: {}
COMMAND: GET /session/6e03489d4a34a8a8f12f495779f86cce/screenshot - {}
RESULT: {}
COMMAND: POST /session/6e03489d4a34a8a8f12f495779f86cce/element - {"using":"xpath","value":"//table[contains(@id, \"massStateChangeTable-listUl\")]/tbody/tr[1]/td[11]/div/div/div/div[2]/span"}
RESULT: {"using":"xpath","value":"//table[contains(@id, \"massStateChangeTable-listUl\")]/tbody/tr[1]/td[11]/div/div/div/div[2]/span"}
COMMAND: POST /session/6e03489d4a34a8a8f12f495779f86cce/element/f.CA981CCC1B751CF1DDFBCEDF28AC53D4.d.2B67676C4F76CE23FE8A64BFC1DAA814.e.10344/click - {}
RESULT: {}
COMMAND: GET /session/6e03489d4a34a8a8f12f495779f86cce/screenshot - {}
RESULT: {}
COMMAND: POST /session/6e03489d4a34a8a8f12f495779f86cce/element - {"using":"xpath","value":"//table[contains(@id, \"massStateChangeTable-listUl\")]/tbody/tr[1]/td[11]/div/div/div/div[2]/span"}
RESULT: {"using":"xpath","value":"//table[contains(@id, \"massStateChangeTable-listUl\")]/tbody/tr[1]/td[11]/div/div/div/div[2]/span"}
COMMAND: POST /session/6e03489d4a34a8a8f12f495779f86cce/element/f.CA981CCC1B751CF1DDFBCEDF28AC53D4.d.2B67676C4F76CE23FE8A64BFC1DAA814.e.10344/click - {}
RESULT: {}
COMMAND: GET /session/6e03489d4a34a8a8f12f495779f86cce/screenshot - {}
RESULT: {}
COMMAND: POST /session/6e03489d4a34a8a8f12f495779f86cce/element - {"using":"xpath","value":"//table[contains(@id, \"massStateChangeTable-listUl\")]/tbody/tr[1]/td[11]/div/div/div/div[2]/span"}
RESULT: {"using":"xpath","value":"//table[contains(@id, \"massStateChangeTable-listUl\")]/tbody/tr[1]/td[11]/div/div/div/div[2]/span"}
COMMAND: POST /session/6e03489d4a34a8a8f12f495779f86cce/element/f.CA981CCC1B751CF1DDFBCEDF28AC53D4.d.2B67676C4F76CE23FE8A64BFC1DAA814.e.10344/click - {}
RESULT: {}
COMMAND: GET /session/6e03489d4a34a8a8f12f495779f86cce/screenshot - {}
RESULT: {}
COMMAND: POST /session/6e03489d4a34a8a8f12f495779f86cce/element - {"using":"xpath","value":"//table[contains(@id, \"massStateChangeTable-listUl\")]/tbody/tr[1]/td[11]/div/div/div/div[2]/span"}
RESULT: {"using":"xpath","value":"//table[contains(@id, \"massStateChangeTable-listUl\")]/tbody/tr[1]/td[11]/div/div/div/div[2]/span"}
COMMAND: POST /session/6e03489d4a34a8a8f12f495779f86cce/element/f.CA981CCC1B751CF1DDFBCEDF28AC53D4.d.2B67676C4F76CE23FE8A64BFC1DAA814.e.10344/click - {}
RESULT: {}
COMMAND: GET /session/6e03489d4a34a8a8f12f495779f86cce/screenshot - {}
RESULT: {}
COMMAND: POST /session/6e03489d4a34a8a8f12f495779f86cce/element - {"using":"xpath","value":"//table[contains(@id, \"massStateChangeTable-listUl\")]/tbody/tr[1]/td[11]/div/div/div/div[2]/span"}
RESULT: {"using":"xpath","value":"//table[contains(@id, \"massStateChangeTable-listUl\")]/tbody/tr[1]/td[11]/div/div/div/div[2]/span"}
COMMAND: POST /session/6e03489d4a34a8a8f12f495779f86cce/element/f.CA981CCC1B751CF1DDFBCEDF28AC53D4.d.2B67676C4F76CE23FE8A64BFC1DAA814.e.10344/click - {}
RESULT: {}
COMMAND: GET /session/6e03489d4a34a8a8f12f495779f86cce/screenshot - {}
RESULT: {}
COMMAND: POST /session/6e03489d4a34a8a8f12f495779f86cce/element - {"using":"xpath","value":"//table[contains(@id, \"massStateChangeTable-listUl\")]/tbody/tr[1]/td[11]/div/div/div/div[2]/span"}
RESULT: {"using":"xpath","value":"//table[contains(@id, \"massStateChangeTable-listUl\")]/tbody/tr[1]/td[11]/div/div/div/div[2]/span"}
COMMAND: POST /session/6e03489d4a34a8a8f12f495779f86cce/element/f.CA981CCC1B751CF1DDFBCEDF28AC53D4.d.2B67676C4F76CE23FE8A64BFC1DAA814.e.10344/click - {}
RESULT: {}
COMMAND: GET /session/6e03489d4a34a8a8f12f495779f86cce/screenshot - {}
RESULT: {}
COMMAND: POST /session/6e03489d4a34a8a8f12f495779f86cce/element - {"using":"xpath","value":"//table[contains(@id, \"massStateChangeTable-listUl\")]/tbody/tr[1]/td[11]/div/div/div/div[2]/span"}
RESULT: {"using":"xpath","value":"//table[contains(@id, \"massStateChangeTable-listUl\")]/tbody/tr[1]/td[11]/div/div/div/div[2]/span"}
COMMAND: POST /session/6e03489d4a34a8a8f12f495779f86cce/element/f.CA981CCC1B751CF1DDFBCEDF28AC53D4.d.2B67676C4F76CE23FE8A64BFC1DAA814.e.10344/click - {}
RESULT: {}
COMMAND: GET /session/6e03489d4a34a8a8f12f495779f86cce/screenshot - {}
RESULT: {}
COMMAND: POST /session/6e03489d4a34a8a8f12f495779f86cce/element - {"using":"xpath","value":"//table[contains(@id, \"massStateChangeTable-listUl\")]/tbody/tr[1]/td[11]/div/div/div/div[2]/span"}
RESULT: {"using":"xpath","value":"//table[contains(@id, \"massStateChangeTable-listUl\")]/tbody/tr[1]/td[11]/div/div/div/div[2]/span"}
COMMAND: POST /session/6e03489d4a34a8a8f12f495779f86cce/element/f.CA981CCC1B751CF1DDFBCEDF28AC53D4.d.2B67676C4F76CE23FE8A64BFC1DAA814.e.10344/click - {}
RESULT: {}
COMMAND: GET /session/6e03489d4a34a8a8f12f495779f86cce/screenshot - {}
RESULT: {}
COMMAND: POST /session/6e03489d4a34a8a8f12f495779f86cce/element - {"using":"xpath","value":"//table[contains(@id, \"massStateChangeTable-listUl\")]/tbody/tr[1]/td[11]/div/div/div/div[2]/span"}
RESULT: {"using":"xpath","value":"//table[contains(@id, \"massStateChangeTable-listUl\")]/tbody/tr[1]/td[11]/div/div/div/div[2]/span"}
COMMAND: POST /session/6e03489d4a34a8a8f12f495779f86cce/element/f.CA981CCC1B751CF1DDFBCEDF28AC53D4.d.2B67676C4F76CE23FE8A64BFC1DAA814.e.10344/click - {}
RESULT: {}
COMMAND: GET /session/6e03489d4a34a8a8f12f495779f86cce/screenshot - {}
RESULT: {}
COMMAND: POST /session/6e03489d4a34a8a8f12f495779f86cce/element - {"using":"xpath","value":"//table[contains(@id, \"massStateChangeTable-listUl\")]/tbody/tr[2]/td[11]/div/div/div/div[2]/span"}
RESULT: {"using":"xpath","value":"//table[contains(@id, \"massStateChangeTable-listUl\")]/tbody/tr[2]/td[11]/div/div/div/div[2]/span"}
COMMAND: POST /session/6e03489d4a34a8a8f12f495779f86cce/element/f.CA981CCC1B751CF1DDFBCEDF28AC53D4.d.2B67676C4F76CE23FE8A64BFC1DAA814.e.10345/click - {}
RESULT: {}
COMMAND: GET /session/6e03489d4a34a8a8f12f495779f86cce/screenshot - {}
RESULT: {}
COMMAND: POST /session/6e03489d4a34a8a8f12f495779f86cce/element - {"using":"xpath","value":"//table[contains(@id, \"massStateChangeTable-listUl\")]/tbody/tr[1]/td[11]/div/div/div/input"}
RESULT: {"using":"xpath","value":"//table[contains(@id, \"massStateChangeTable-listUl\")]/tbody/tr[1]/td[11]/div/div/div/input"}
COMMAND: GET /session/6e03489d4a34a8a8f12f495779f86cce/element/f.CA981CCC1B751CF1DDFBCEDF28AC53D4.d.2B67676C4F76CE23FE8A64BFC1DAA814.e.10323/property/value - {}
RESULT: {}
COMMAND: POST /session/6e03489d4a34a8a8f12f495779f86cce/element - {"using":"xpath","value":"//table[contains(@id, \"massStateChangeTable-listUl\")]/tbody/tr[2]/td[11]/div/div/div/input"}
COMMAND: GET /session/6e03489d4a34a8a8f12f495779f86cce/screenshot - {}
RESULT: {"using":"xpath","value":"//table[contains(@id, \"massStateChangeTable-listUl\")]/tbody/tr[2]/td[11]/div/div/div/input"}
COMMAND: GET /session/6e03489d4a34a8a8f12f495779f86cce/element/f.CA981CCC1B751CF1DDFBCEDF28AC53D4.d.2B67676C4F76CE23FE8A64BFC1DAA814.e.10327/property/value - {}
RESULT: {}
RESULT: {}
COMMAND: POST /session/6e03489d4a34a8a8f12f495779f86cce/element - {"using":"xpath","value":"(//bdi[contains(text(), \"OK\")])[1]"}
COMMAND: GET /session/6e03489d4a34a8a8f12f495779f86cce/screenshot - {}
RESULT: {"using":"xpath","value":"(//bdi[contains(text(), \"OK\")])[1]"}
COMMAND: POST /session/6e03489d4a34a8a8f12f495779f86cce/element/f.CA981CCC1B751CF1DDFBCEDF28AC53D4.d.2B67676C4F76CE23FE8A64BFC1DAA814.e.10331/click - {}
RESULT: {}
RESULT: {}
COMMAND: GET /session/6e03489d4a34a8a8f12f495779f86cce/screenshot - {}
RESULT: {}
COMMAND: POST /session/6e03489d4a34a8a8f12f495779f86cce/element - {"using":"xpath","value":"(//bdi[contains(text(), \"OK\")])[2]"}
RESULT: {"using":"xpath","value":"(//bdi[contains(text(), \"OK\")])[2]"}
COMMAND: POST /session/6e03489d4a34a8a8f12f495779f86cce/element/f.CA981CCC1B751CF1DDFBCEDF28AC53D4.d.2B67676C4F76CE23FE8A64BFC1DAA814.e.10347/click - {}
RESULT: {}
COMMAND: GET /session/6e03489d4a34a8a8f12f495779f86cce/screenshot - {}
RESULT: {}
RESULT: undefined
COMMAND: POST /session/6e03489d4a34a8a8f12f495779f86cce/execute/async - {"script":"<script> [776 bytes]","args":[{"enterText":"600002","selector":{"id":"application-ruinventorylist-display-component---Master--smartFilterBar-btnBasicSearch","interaction":{"idSuffix":"I"}},"clearTextFirst":true,"interactionType":"ENTER_TEXT"}]}
RESULT: {"script":"<script> [776 bytes]","args":[{"enterText":"600002","selector":{"id":"application-ruinventorylist-display-component---Master--smartFilterBar-btnBasicSearch","interaction":{"idSuffix":"I"}},"clearTextFirst":true,"interactionType":"ENTER_TEXT"}]}
COMMAND: POST /session/6e03489d4a34a8a8f12f495779f86cce/actions - {"actions":[{"id":"action33","type":"key","parameters":{},"actions":[{"type":"keyDown","value":"î€‡"},{"type":"pause","duration":10},{"type":"keyUp","value":"î€‡"}]}]}
RESULT: {"actions":[{"id":"action33","type":"key","parameters":{},"actions":[{"type":"keyDown","value":"î€‡"},{"type":"pause","duration":10},{"type":"keyUp","value":"î€‡"}]}]}
COMMAND: GET /session/6e03489d4a34a8a8f12f495779f86cce/screenshot - {}
RESULT: {}
COMMAND: POST /session/6e03489d4a34a8a8f12f495779f86cce/element - {"using":"xpath","value":"//span[@id=\"application-ruinventorylist-display-component---Master--smartTableRuInventoryList-header-inner\"]"}
RESULT: {"using":"xpath","value":"//span[@id=\"application-ruinventorylist-display-component---Master--smartTableRuInventoryList-header-inner\"]"}
COMMAND: POST /session/6e03489d4a34a8a8f12f495779f86cce/elements - {"using":"xpath","value":"//span[@id=\"application-ruinventorylist-display-component---Master--smartTableRuInventoryList-header-inner\"]"}
RESULT: {"using":"xpath","value":"//span[@id=\"application-ruinventorylist-display-component---Master--smartTableRuInventoryList-header-inner\"]"}
COMMAND: POST /session/6e03489d4a34a8a8f12f495779f86cce/execute/sync - {"script":"<script> [56 bytes]","args":[{"element-6066-11e4-a52e-4f735466cecf":"f.CA981CCC1B751CF1DDFBCEDF28AC53D4.d.2B67676C4F76CE23FE8A64BFC1DAA814.e.10037","ELEMENT":"f.CA981CCC1B751CF1DDFBCEDF28AC53D4.d.2B67676C4F76CE23FE8A64BFC1DAA814.e.10037"}]}
RESULT: {"script":"<script> [56 bytes]","args":[{"element-6066-11e4-a52e-4f735466cecf":"f.CA981CCC1B751CF1DDFBCEDF28AC53D4.d.2B67676C4F76CE23FE8A64BFC1DAA814.e.10037","ELEMENT":"f.CA981CCC1B751CF1DDFBCEDF28AC53D4.d.2B67676C4F76CE23FE8A64BFC1DAA814.e.10037"}]}
COMMAND: POST /session/6e03489d4a34a8a8f12f495779f86cce/element - {"using":"xpath","value":"//table[contains(@id, \"application-ruinventorylist-display-component---Master--tableRuInventoryList-listUl\")]/tbody/tr[1]/td[6]/div/span"}
COMMAND: GET /session/6e03489d4a34a8a8f12f495779f86cce/screenshot - {}
RESULT: {"using":"xpath","value":"//table[contains(@id, \"application-ruinventorylist-display-component---Master--tableRuInventoryList-listUl\")]/tbody/tr[1]/td[6]/div/span"}
COMMAND: POST /session/6e03489d4a34a8a8f12f495779f86cce/execute/sync - {"script":"<script> [56 bytes]","args":[{"element-6066-11e4-a52e-4f735466cecf":"f.CA981CCC1B751CF1DDFBCEDF28AC53D4.d.2B67676C4F76CE23FE8A64BFC1DAA814.e.10366","ELEMENT":"f.CA981CCC1B751CF1DDFBCEDF28AC53D4.d.2B67676C4F76CE23FE8A64BFC1DAA814.e.10366"}]}
RESULT: {}
RESULT: {"script":"<script> [56 bytes]","args":[{"element-6066-11e4-a52e-4f735466cecf":"f.CA981CCC1B751CF1DDFBCEDF28AC53D4.d.2B67676C4F76CE23FE8A64BFC1DAA814.e.10366","ELEMENT":"f.CA981CCC1B751CF1DDFBCEDF28AC53D4.d.2B67676C4F76CE23FE8A64BFC1DAA814.e.10366"}]}
COMMAND: POST /session/6e03489d4a34a8a8f12f495779f86cce/element - {"using":"xpath","value":"//div[contains(@id, \"smartFilterBar-btnBasicSearch-reset\")]"}
COMMAND: GET /session/6e03489d4a34a8a8f12f495779f86cce/screenshot - {}
RESULT: {"using":"xpath","value":"//div[contains(@id, \"smartFilterBar-btnBasicSearch-reset\")]"}
COMMAND: POST /session/6e03489d4a34a8a8f12f495779f86cce/element/f.CA981CCC1B751CF1DDFBCEDF28AC53D4.d.2B67676C4F76CE23FE8A64BFC1DAA814.e.10054/click - {}
RESULT: {}
RESULT: {}
COMMAND: GET /session/6e03489d4a34a8a8f12f495779f86cce/screenshot - {}
RESULT: undefined
COMMAND: POST /session/6e03489d4a34a8a8f12f495779f86cce/execute/async - {"script":"<script> [776 bytes]","args":[{"enterText":"401002","selector":{"id":"application-ruinventorylist-display-component---Master--smartFilterBar-btnBasicSearch","interaction":{"idSuffix":"I"}},"clearTextFirst":true,"interactionType":"ENTER_TEXT"}]}
RESULT: {}
RESULT: {"script":"<script> [776 bytes]","args":[{"enterText":"401002","selector":{"id":"application-ruinventorylist-display-component---Master--smartFilterBar-btnBasicSearch","interaction":{"idSuffix":"I"}},"clearTextFirst":true,"interactionType":"ENTER_TEXT"}]}
COMMAND: POST /session/6e03489d4a34a8a8f12f495779f86cce/actions - {"actions":[{"id":"action34","type":"key","parameters":{},"actions":[{"type":"keyDown","value":"î€‡"},{"type":"pause","duration":10},{"type":"keyUp","value":"î€‡"}]}]}
RESULT: {"actions":[{"id":"action34","type":"key","parameters":{},"actions":[{"type":"keyDown","value":"î€‡"},{"type":"pause","duration":10},{"type":"keyUp","value":"î€‡"}]}]}
COMMAND: GET /session/6e03489d4a34a8a8f12f495779f86cce/screenshot - {}
RESULT: {}
COMMAND: POST /session/6e03489d4a34a8a8f12f495779f86cce/element - {"using":"xpath","value":"//span[@id=\"application-ruinventorylist-display-component---Master--smartTableRuInventoryList-header-inner\"]"}
RESULT: {"using":"xpath","value":"//span[@id=\"application-ruinventorylist-display-component---Master--smartTableRuInventoryList-header-inner\"]"}
COMMAND: POST /session/6e03489d4a34a8a8f12f495779f86cce/elements - {"using":"xpath","value":"//span[@id=\"application-ruinventorylist-display-component---Master--smartTableRuInventoryList-header-inner\"]"}
RESULT: {"using":"xpath","value":"//span[@id=\"application-ruinventorylist-display-component---Master--smartTableRuInventoryList-header-inner\"]"}
COMMAND: POST /session/6e03489d4a34a8a8f12f495779f86cce/execute/sync - {"script":"<script> [56 bytes]","args":[{"element-6066-11e4-a52e-4f735466cecf":"f.CA981CCC1B751CF1DDFBCEDF28AC53D4.d.2B67676C4F76CE23FE8A64BFC1DAA814.e.10037","ELEMENT":"f.CA981CCC1B751CF1DDFBCEDF28AC53D4.d.2B67676C4F76CE23FE8A64BFC1DAA814.e.10037"}]}
RESULT: {"script":"<script> [56 bytes]","args":[{"element-6066-11e4-a52e-4f735466cecf":"f.CA981CCC1B751CF1DDFBCEDF28AC53D4.d.2B67676C4F76CE23FE8A64BFC1DAA814.e.10037","ELEMENT":"f.CA981CCC1B751CF1DDFBCEDF28AC53D4.d.2B67676C4F76CE23FE8A64BFC1DAA814.e.10037"}]}
COMMAND: POST /session/6e03489d4a34a8a8f12f495779f86cce/element - {"using":"xpath","value":"//table[contains(@id, \"application-ruinventorylist-display-component---Master--tableRuInventoryList-listUl\")]/tbody/tr[1]/td[6]/div/span"}
COMMAND: GET /session/6e03489d4a34a8a8f12f495779f86cce/screenshot - {}
RESULT: {"using":"xpath","value":"//table[contains(@id, \"application-ruinventorylist-display-component---Master--tableRuInventoryList-listUl\")]/tbody/tr[1]/td[6]/div/span"}
COMMAND: POST /session/6e03489d4a34a8a8f12f495779f86cce/execute/sync - {"script":"<script> [56 bytes]","args":[{"element-6066-11e4-a52e-4f735466cecf":"f.CA981CCC1B751CF1DDFBCEDF28AC53D4.d.2B67676C4F76CE23FE8A64BFC1DAA814.e.10441","ELEMENT":"f.CA981CCC1B751CF1DDFBCEDF28AC53D4.d.2B67676C4F76CE23FE8A64BFC1DAA814.e.10441"}]}
RESULT: {}
RESULT: {"script":"<script> [56 bytes]","args":[{"element-6066-11e4-a52e-4f735466cecf":"f.CA981CCC1B751CF1DDFBCEDF28AC53D4.d.2B67676C4F76CE23FE8A64BFC1DAA814.e.10441","ELEMENT":"f.CA981CCC1B751CF1DDFBCEDF28AC53D4.d.2B67676C4F76CE23FE8A64BFC1DAA814.e.10441"}]}
COMMAND: POST /session/6e03489d4a34a8a8f12f495779f86cce/element - {"using":"xpath","value":"//div[contains(@id, \"smartFilterBar-btnBasicSearch-reset\")]"}
COMMAND: GET /session/6e03489d4a34a8a8f12f495779f86cce/screenshot - {}
RESULT: {"using":"xpath","value":"//div[contains(@id, \"smartFilterBar-btnBasicSearch-reset\")]"}
COMMAND: POST /session/6e03489d4a34a8a8f12f495779f86cce/element/f.CA981CCC1B751CF1DDFBCEDF28AC53D4.d.2B67676C4F76CE23FE8A64BFC1DAA814.e.10054/click - {}
RESULT: {}
RESULT: {}
COMMAND: GET /session/6e03489d4a34a8a8f12f495779f86cce/screenshot - {}
COMMAND: POST /session/6e03489d4a34a8a8f12f495779f86cce/element/f.CA981CCC1B751CF1DDFBCEDF28AC53D4.d.2B67676C4F76CE23FE8A64BFC1DAA814.e.9477/click - {}
RESULT: {}
RESULT: {}
COMMAND: GET /session/6e03489d4a34a8a8f12f495779f86cce/screenshot - {}
RESULT: {}
RESULT: undefined
COMMAND: POST /session/6e03489d4a34a8a8f12f495779f86cce/execute/async - {"script":"<script> [776 bytes]","args":[{"enterText":"600002","selector":{"id":"application-ruinventorylist-display-component---Master--smartFilterBar-btnBasicSearch","interaction":{"idSuffix":"I"}},"clearTextFirst":true,"interactionType":"ENTER_TEXT"}]}
RESULT: {"script":"<script> [776 bytes]","args":[{"enterText":"600002","selector":{"id":"application-ruinventorylist-display-component---Master--smartFilterBar-btnBasicSearch","interaction":{"idSuffix":"I"}},"clearTextFirst":true,"interactionType":"ENTER_TEXT"}]}
COMMAND: POST /session/6e03489d4a34a8a8f12f495779f86cce/actions - {"actions":[{"id":"action35","type":"key","parameters":{},"actions":[{"type":"keyDown","value":"î€‡"},{"type":"pause","duration":10},{"type":"keyUp","value":"î€‡"}]}]}
RESULT: {"actions":[{"id":"action35","type":"key","parameters":{},"actions":[{"type":"keyDown","value":"î€‡"},{"type":"pause","duration":10},{"type":"keyUp","value":"î€‡"}]}]}
COMMAND: GET /session/6e03489d4a34a8a8f12f495779f86cce/screenshot - {}
RESULT: {}
COMMAND: POST /session/6e03489d4a34a8a8f12f495779f86cce/element - {"using":"xpath","value":"//span[@id=\"application-ruinventorylist-display-component---Master--smartTableRuInventoryList-header-inner\"]"}
RESULT: {"using":"xpath","value":"//span[@id=\"application-ruinventorylist-display-component---Master--smartTableRuInventoryList-header-inner\"]"}
COMMAND: POST /session/6e03489d4a34a8a8f12f495779f86cce/elements - {"using":"xpath","value":"//span[@id=\"application-ruinventorylist-display-component---Master--smartTableRuInventoryList-header-inner\"]"}
RESULT: {"using":"xpath","value":"//span[@id=\"application-ruinventorylist-display-component---Master--smartTableRuInventoryList-header-inner\"]"}
COMMAND: POST /session/6e03489d4a34a8a8f12f495779f86cce/execute/sync - {"script":"<script> [56 bytes]","args":[{"element-6066-11e4-a52e-4f735466cecf":"f.CA981CCC1B751CF1DDFBCEDF28AC53D4.d.2B67676C4F76CE23FE8A64BFC1DAA814.e.10037","ELEMENT":"f.CA981CCC1B751CF1DDFBCEDF28AC53D4.d.2B67676C4F76CE23FE8A64BFC1DAA814.e.10037"}]}
RESULT: {"script":"<script> [56 bytes]","args":[{"element-6066-11e4-a52e-4f735466cecf":"f.CA981CCC1B751CF1DDFBCEDF28AC53D4.d.2B67676C4F76CE23FE8A64BFC1DAA814.e.10037","ELEMENT":"f.CA981CCC1B751CF1DDFBCEDF28AC53D4.d.2B67676C4F76CE23FE8A64BFC1DAA814.e.10037"}]}
COMMAND: POST /session/6e03489d4a34a8a8f12f495779f86cce/element - {"using":"xpath","value":"//table[contains(@id, \"application-ruinventorylist-display-component---Master--tableRuInventoryList-listUl\")]/tbody/tr[1]/td[2]/div/div"}
COMMAND: GET /session/6e03489d4a34a8a8f12f495779f86cce/screenshot - {}
RESULT: {"using":"xpath","value":"//table[contains(@id, \"application-ruinventorylist-display-component---Master--tableRuInventoryList-listUl\")]/tbody/tr[1]/td[2]/div/div"}
COMMAND: POST /session/6e03489d4a34a8a8f12f495779f86cce/element/f.CA981CCC1B751CF1DDFBCEDF28AC53D4.d.2B67676C4F76CE23FE8A64BFC1DAA814.e.10682/click - {}
RESULT: {}
RESULT: {}
COMMAND: GET /session/6e03489d4a34a8a8f12f495779f86cce/screenshot - {}
RESULT: {}
COMMAND: POST /session/6e03489d4a34a8a8f12f495779f86cce/element - {"using":"xpath","value":"//div[contains(@id, \"smartFilterBar-btnBasicSearch-reset\")]"}
RESULT: {"using":"xpath","value":"//div[contains(@id, \"smartFilterBar-btnBasicSearch-reset\")]"}
COMMAND: POST /session/6e03489d4a34a8a8f12f495779f86cce/element/f.CA981CCC1B751CF1DDFBCEDF28AC53D4.d.2B67676C4F76CE23FE8A64BFC1DAA814.e.10054/click - {}
RESULT: {}
COMMAND: GET /session/6e03489d4a34a8a8f12f495779f86cce/screenshot - {}
RESULT: undefined
COMMAND: POST /session/6e03489d4a34a8a8f12f495779f86cce/execute/async - {"script":"<script> [776 bytes]","args":[{"enterText":"401002","selector":{"id":"application-ruinventorylist-display-component---Master--smartFilterBar-btnBasicSearch","interaction":{"idSuffix":"I"}},"clearTextFirst":true,"interactionType":"ENTER_TEXT"}]}
RESULT: {}
RESULT: {"script":"<script> [776 bytes]","args":[{"enterText":"401002","selector":{"id":"application-ruinventorylist-display-component---Master--smartFilterBar-btnBasicSearch","interaction":{"idSuffix":"I"}},"clearTextFirst":true,"interactionType":"ENTER_TEXT"}]}
COMMAND: POST /session/6e03489d4a34a8a8f12f495779f86cce/actions - {"actions":[{"id":"action36","type":"key","parameters":{},"actions":[{"type":"keyDown","value":"î€‡"},{"type":"pause","duration":10},{"type":"keyUp","value":"î€‡"}]}]}
RESULT: {"actions":[{"id":"action36","type":"key","parameters":{},"actions":[{"type":"keyDown","value":"î€‡"},{"type":"pause","duration":10},{"type":"keyUp","value":"î€‡"}]}]}
COMMAND: GET /session/6e03489d4a34a8a8f12f495779f86cce/screenshot - {}
RESULT: {}
COMMAND: POST /session/6e03489d4a34a8a8f12f495779f86cce/element - {"using":"xpath","value":"//span[@id=\"application-ruinventorylist-display-component---Master--smartTableRuInventoryList-header-inner\"]"}
RESULT: {"using":"xpath","value":"//span[@id=\"application-ruinventorylist-display-component---Master--smartTableRuInventoryList-header-inner\"]"}
COMMAND: POST /session/6e03489d4a34a8a8f12f495779f86cce/elements - {"using":"xpath","value":"//span[@id=\"application-ruinventorylist-display-component---Master--smartTableRuInventoryList-header-inner\"]"}
RESULT: {"using":"xpath","value":"//span[@id=\"application-ruinventorylist-display-component---Master--smartTableRuInventoryList-header-inner\"]"}
COMMAND: POST /session/6e03489d4a34a8a8f12f495779f86cce/execute/sync - {"script":"<script> [56 bytes]","args":[{"element-6066-11e4-a52e-4f735466cecf":"f.CA981CCC1B751CF1DDFBCEDF28AC53D4.d.2B67676C4F76CE23FE8A64BFC1DAA814.e.10037","ELEMENT":"f.CA981CCC1B751CF1DDFBCEDF28AC53D4.d.2B67676C4F76CE23FE8A64BFC1DAA814.e.10037"}]}
RESULT: {"script":"<script> [56 bytes]","args":[{"element-6066-11e4-a52e-4f735466cecf":"f.CA981CCC1B751CF1DDFBCEDF28AC53D4.d.2B67676C4F76CE23FE8A64BFC1DAA814.e.10037","ELEMENT":"f.CA981CCC1B751CF1DDFBCEDF28AC53D4.d.2B67676C4F76CE23FE8A64BFC1DAA814.e.10037"}]}
COMMAND: POST /session/6e03489d4a34a8a8f12f495779f86cce/element - {"using":"xpath","value":"//table[contains(@id, \"application-ruinventorylist-display-component---Master--tableRuInventoryList-listUl\")]/tbody/tr[1]/td[2]/div/div"}
COMMAND: GET /session/6e03489d4a34a8a8f12f495779f86cce/screenshot - {}
RESULT: {"using":"xpath","value":"//table[contains(@id, \"application-ruinventorylist-display-component---Master--tableRuInventoryList-listUl\")]/tbody/tr[1]/td[2]/div/div"}
COMMAND: POST /session/6e03489d4a34a8a8f12f495779f86cce/element/f.CA981CCC1B751CF1DDFBCEDF28AC53D4.d.2B67676C4F76CE23FE8A64BFC1DAA814.e.10818/click - {}
RESULT: {}
RESULT: {}
COMMAND: GET /session/6e03489d4a34a8a8f12f495779f86cce/screenshot - {}
RESULT: {}
COMMAND: POST /session/6e03489d4a34a8a8f12f495779f86cce/element - {"using":"xpath","value":"//div[contains(@id, \"smartFilterBar-btnBasicSearch-reset\")]"}
RESULT: {"using":"xpath","value":"//div[contains(@id, \"smartFilterBar-btnBasicSearch-reset\")]"}
COMMAND: POST /session/6e03489d4a34a8a8f12f495779f86cce/element/f.CA981CCC1B751CF1DDFBCEDF28AC53D4.d.2B67676C4F76CE23FE8A64BFC1DAA814.e.10054/click - {}
RESULT: {}
COMMAND: GET /session/6e03489d4a34a8a8f12f495779f86cce/screenshot - {}
COMMAND: POST /session/6e03489d4a34a8a8f12f495779f86cce/element/f.CA981CCC1B751CF1DDFBCEDF28AC53D4.d.2B67676C4F76CE23FE8A64BFC1DAA814.e.9477/click - {}
RESULT: {}
RESULT: {}
COMMAND: GET /session/6e03489d4a34a8a8f12f495779f86cce/screenshot - {}
RESULT: {}
RESULT: undefined
COMMAND: POST /session/6e03489d4a34a8a8f12f495779f86cce/element - {"using":"xpath","value":"//*[@id=\"application-ruinventorylist-display-component---Master--ruStateTypes-arrow\"]"}
RESULT: {"using":"xpath","value":"//*[@id=\"application-ruinventorylist-display-component---Master--ruStateTypes-arrow\"]"}
COMMAND: POST /session/6e03489d4a34a8a8f12f495779f86cce/element/f.CA981CCC1B751CF1DDFBCEDF28AC53D4.d.2B67676C4F76CE23FE8A64BFC1DAA814.e.10965/click - {}
RESULT: {}
COMMAND: GET /session/6e03489d4a34a8a8f12f495779f86cce/screenshot - {}
RESULT: {}
COMMAND: POST /session/6e03489d4a34a8a8f12f495779f86cce/element - {"using":"xpath","value":"//li[.//span[text()=\"available\"]]"}
RESULT: {"using":"xpath","value":"//li[.//span[text()=\"available\"]]"}
COMMAND: POST /session/6e03489d4a34a8a8f12f495779f86cce/element/f.CA981CCC1B751CF1DDFBCEDF28AC53D4.d.2B67676C4F76CE23FE8A64BFC1DAA814.e.10966/click - {}
RESULT: {}
COMMAND: GET /session/6e03489d4a34a8a8f12f495779f86cce/screenshot - {}
RESULT: {}
COMMAND: POST /session/6e03489d4a34a8a8f12f495779f86cce/element - {"using":"xpath","value":"(//bdi[contains(text(), \"OK\")])[1]"}
RESULT: {"using":"xpath","value":"(//bdi[contains(text(), \"OK\")])[1]"}
COMMAND: POST /session/6e03489d4a34a8a8f12f495779f86cce/element/f.CA981CCC1B751CF1DDFBCEDF28AC53D4.d.2B67676C4F76CE23FE8A64BFC1DAA814.e.10967/click - {}
RESULT: {}
COMMAND: GET /session/6e03489d4a34a8a8f12f495779f86cce/screenshot - {}
RESULT: {}
COMMAND: POST /session/6e03489d4a34a8a8f12f495779f86cce/element - {"using":"xpath","value":"(//bdi[contains(text(), \"OK\")])[2]"}
RESULT: {"using":"xpath","value":"(//bdi[contains(text(), \"OK\")])[2]"}
COMMAND: POST /session/6e03489d4a34a8a8f12f495779f86cce/element/f.CA981CCC1B751CF1DDFBCEDF28AC53D4.d.2B67676C4F76CE23FE8A64BFC1DAA814.e.10972/click - {}
RESULT: {}
COMMAND: GET /session/6e03489d4a34a8a8f12f495779f86cce/screenshot - {}
RESULT: {}
RESULT: undefined
COMMAND: POST /session/6e03489d4a34a8a8f12f495779f86cce/execute/async - {"script":"<script> [776 bytes]","args":[{"enterText":"600002","selector":{"id":"application-ruinventorylist-display-component---Master--smartFilterBar-btnBasicSearch","interaction":{"idSuffix":"I"}},"clearTextFirst":true,"interactionType":"ENTER_TEXT"}]}
RESULT: {"script":"<script> [776 bytes]","args":[{"enterText":"600002","selector":{"id":"application-ruinventorylist-display-component---Master--smartFilterBar-btnBasicSearch","interaction":{"idSuffix":"I"}},"clearTextFirst":true,"interactionType":"ENTER_TEXT"}]}
COMMAND: POST /session/6e03489d4a34a8a8f12f495779f86cce/actions - {"actions":[{"id":"action37","type":"key","parameters":{},"actions":[{"type":"keyDown","value":"î€‡"},{"type":"pause","duration":10},{"type":"keyUp","value":"î€‡"}]}]}
RESULT: {"actions":[{"id":"action37","type":"key","parameters":{},"actions":[{"type":"keyDown","value":"î€‡"},{"type":"pause","duration":10},{"type":"keyUp","value":"î€‡"}]}]}
COMMAND: GET /session/6e03489d4a34a8a8f12f495779f86cce/screenshot - {}
RESULT: {}
COMMAND: POST /session/6e03489d4a34a8a8f12f495779f86cce/element - {"using":"xpath","value":"//span[@id=\"application-ruinventorylist-display-component---Master--smartTableRuInventoryList-header-inner\"]"}
RESULT: {"using":"xpath","value":"//span[@id=\"application-ruinventorylist-display-component---Master--smartTableRuInventoryList-header-inner\"]"}
COMMAND: POST /session/6e03489d4a34a8a8f12f495779f86cce/elements - {"using":"xpath","value":"//span[@id=\"application-ruinventorylist-display-component---Master--smartTableRuInventoryList-header-inner\"]"}
RESULT: {"using":"xpath","value":"//span[@id=\"application-ruinventorylist-display-component---Master--smartTableRuInventoryList-header-inner\"]"}
COMMAND: POST /session/6e03489d4a34a8a8f12f495779f86cce/execute/sync - {"script":"<script> [56 bytes]","args":[{"element-6066-11e4-a52e-4f735466cecf":"f.CA981CCC1B751CF1DDFBCEDF28AC53D4.d.2B67676C4F76CE23FE8A64BFC1DAA814.e.10037","ELEMENT":"f.CA981CCC1B751CF1DDFBCEDF28AC53D4.d.2B67676C4F76CE23FE8A64BFC1DAA814.e.10037"}]}
RESULT: {"script":"<script> [56 bytes]","args":[{"element-6066-11e4-a52e-4f735466cecf":"f.CA981CCC1B751CF1DDFBCEDF28AC53D4.d.2B67676C4F76CE23FE8A64BFC1DAA814.e.10037","ELEMENT":"f.CA981CCC1B751CF1DDFBCEDF28AC53D4.d.2B67676C4F76CE23FE8A64BFC1DAA814.e.10037"}]}
COMMAND: POST /session/6e03489d4a34a8a8f12f495779f86cce/element - {"using":"xpath","value":"//table[contains(@id, \"application-ruinventorylist-display-component---Master--tableRuInventoryList-listUl\")]/tbody/tr[1]/td[6]/div/span"}
COMMAND: GET /session/6e03489d4a34a8a8f12f495779f86cce/screenshot - {}
RESULT: {"using":"xpath","value":"//table[contains(@id, \"application-ruinventorylist-display-component---Master--tableRuInventoryList-listUl\")]/tbody/tr[1]/td[6]/div/span"}
COMMAND: POST /session/6e03489d4a34a8a8f12f495779f86cce/execute/sync - {"script":"<script> [56 bytes]","args":[{"element-6066-11e4-a52e-4f735466cecf":"f.CA981CCC1B751CF1DDFBCEDF28AC53D4.d.2B67676C4F76CE23FE8A64BFC1DAA814.e.10989","ELEMENT":"f.CA981CCC1B751CF1DDFBCEDF28AC53D4.d.2B67676C4F76CE23FE8A64BFC1DAA814.e.10989"}]}
RESULT: {}
RESULT: {"script":"<script> [56 bytes]","args":[{"element-6066-11e4-a52e-4f735466cecf":"f.CA981CCC1B751CF1DDFBCEDF28AC53D4.d.2B67676C4F76CE23FE8A64BFC1DAA814.e.10989","ELEMENT":"f.CA981CCC1B751CF1DDFBCEDF28AC53D4.d.2B67676C4F76CE23FE8A64BFC1DAA814.e.10989"}]}
COMMAND: POST /session/6e03489d4a34a8a8f12f495779f86cce/element - {"using":"xpath","value":"//div[contains(@id, \"smartFilterBar-btnBasicSearch-reset\")]"}
COMMAND: GET /session/6e03489d4a34a8a8f12f495779f86cce/screenshot - {}
RESULT: {"using":"xpath","value":"//div[contains(@id, \"smartFilterBar-btnBasicSearch-reset\")]"}
COMMAND: POST /session/6e03489d4a34a8a8f12f495779f86cce/element/f.CA981CCC1B751CF1DDFBCEDF28AC53D4.d.2B67676C4F76CE23FE8A64BFC1DAA814.e.10054/click - {}
RESULT: {}
RESULT: {}
COMMAND: GET /session/6e03489d4a34a8a8f12f495779f86cce/screenshot - {}
RESULT: {}
RESULT: undefined
COMMAND: POST /session/6e03489d4a34a8a8f12f495779f86cce/execute/async - {"script":"<script> [776 bytes]","args":[{"enterText":"401002","selector":{"id":"application-ruinventorylist-display-component---Master--smartFilterBar-btnBasicSearch","interaction":{"idSuffix":"I"}},"clearTextFirst":true,"interactionType":"ENTER_TEXT"}]}
RESULT: {"script":"<script> [776 bytes]","args":[{"enterText":"401002","selector":{"id":"application-ruinventorylist-display-component---Master--smartFilterBar-btnBasicSearch","interaction":{"idSuffix":"I"}},"clearTextFirst":true,"interactionType":"ENTER_TEXT"}]}
COMMAND: POST /session/6e03489d4a34a8a8f12f495779f86cce/actions - {"actions":[{"id":"action38","type":"key","parameters":{},"actions":[{"type":"keyDown","value":"î€‡"},{"type":"pause","duration":10},{"type":"keyUp","value":"î€‡"}]}]}
RESULT: {"actions":[{"id":"action38","type":"key","parameters":{},"actions":[{"type":"keyDown","value":"î€‡"},{"type":"pause","duration":10},{"type":"keyUp","value":"î€‡"}]}]}
COMMAND: GET /session/6e03489d4a34a8a8f12f495779f86cce/screenshot - {}
RESULT: {}
COMMAND: POST /session/6e03489d4a34a8a8f12f495779f86cce/element - {"using":"xpath","value":"//span[@id=\"application-ruinventorylist-display-component---Master--smartTableRuInventoryList-header-inner\"]"}
RESULT: {"using":"xpath","value":"//span[@id=\"application-ruinventorylist-display-component---Master--smartTableRuInventoryList-header-inner\"]"}
COMMAND: POST /session/6e03489d4a34a8a8f12f495779f86cce/elements - {"using":"xpath","value":"//span[@id=\"application-ruinventorylist-display-component---Master--smartTableRuInventoryList-header-inner\"]"}
RESULT: {"using":"xpath","value":"//span[@id=\"application-ruinventorylist-display-component---Master--smartTableRuInventoryList-header-inner\"]"}
COMMAND: POST /session/6e03489d4a34a8a8f12f495779f86cce/execute/sync - {"script":"<script> [56 bytes]","args":[{"element-6066-11e4-a52e-4f735466cecf":"f.CA981CCC1B751CF1DDFBCEDF28AC53D4.d.2B67676C4F76CE23FE8A64BFC1DAA814.e.10037","ELEMENT":"f.CA981CCC1B751CF1DDFBCEDF28AC53D4.d.2B67676C4F76CE23FE8A64BFC1DAA814.e.10037"}]}
RESULT: {"script":"<script> [56 bytes]","args":[{"element-6066-11e4-a52e-4f735466cecf":"f.CA981CCC1B751CF1DDFBCEDF28AC53D4.d.2B67676C4F76CE23FE8A64BFC1DAA814.e.10037","ELEMENT":"f.CA981CCC1B751CF1DDFBCEDF28AC53D4.d.2B67676C4F76CE23FE8A64BFC1DAA814.e.10037"}]}
COMMAND: POST /session/6e03489d4a34a8a8f12f495779f86cce/element - {"using":"xpath","value":"//table[contains(@id, \"application-ruinventorylist-display-component---Master--tableRuInventoryList-listUl\")]/tbody/tr[1]/td[6]/div/span"}
COMMAND: GET /session/6e03489d4a34a8a8f12f495779f86cce/screenshot - {}
RESULT: {"using":"xpath","value":"//table[contains(@id, \"application-ruinventorylist-display-component---Master--tableRuInventoryList-listUl\")]/tbody/tr[1]/td[6]/div/span"}
COMMAND: POST /session/6e03489d4a34a8a8f12f495779f86cce/execute/sync - {"script":"<script> [56 bytes]","args":[{"element-6066-11e4-a52e-4f735466cecf":"f.CA981CCC1B751CF1DDFBCEDF28AC53D4.d.2B67676C4F76CE23FE8A64BFC1DAA814.e.11064","ELEMENT":"f.CA981CCC1B751CF1DDFBCEDF28AC53D4.d.2B67676C4F76CE23FE8A64BFC1DAA814.e.11064"}]}
RESULT: {}
RESULT: {"script":"<script> [56 bytes]","args":[{"element-6066-11e4-a52e-4f735466cecf":"f.CA981CCC1B751CF1DDFBCEDF28AC53D4.d.2B67676C4F76CE23FE8A64BFC1DAA814.e.11064","ELEMENT":"f.CA981CCC1B751CF1DDFBCEDF28AC53D4.d.2B67676C4F76CE23FE8A64BFC1DAA814.e.11064"}]}
COMMAND: POST /session/6e03489d4a34a8a8f12f495779f86cce/element - {"using":"xpath","value":"//div[contains(@id, \"smartFilterBar-btnBasicSearch-reset\")]"}
COMMAND: GET /session/6e03489d4a34a8a8f12f495779f86cce/screenshot - {}
RESULT: {"using":"xpath","value":"//div[contains(@id, \"smartFilterBar-btnBasicSearch-reset\")]"}
COMMAND: POST /session/6e03489d4a34a8a8f12f495779f86cce/element/f.CA981CCC1B751CF1DDFBCEDF28AC53D4.d.2B67676C4F76CE23FE8A64BFC1DAA814.e.10054/click - {}
RESULT: {}
RESULT: {}
COMMAND: GET /session/6e03489d4a34a8a8f12f495779f86cce/screenshot - {}
COMMAND: POST /session/6e03489d4a34a8a8f12f495779f86cce/element - {"using":"css selector","value":"#shell-header-logo"}
RESULT: {}
RESULT: {"using":"css selector","value":"#shell-header-logo"}
COMMAND: POST /session/6e03489d4a34a8a8f12f495779f86cce/element/f.CA981CCC1B751CF1DDFBCEDF28AC53D4.d.2B67676C4F76CE23FE8A64BFC1DAA814.e.9445/click - {}
RESULT: {}
COMMAND: GET /session/6e03489d4a34a8a8f12f495779f86cce/screenshot - {}
RESULT: {}
]]></system-out>
    </testcase>
  </testsuite>
</testsuites>