<?xml version="1.0" encoding="UTF-8"?>
<testsuites tests="21" failures="3" errors="3" skipped="0">
  <testsuite timestamp="2025-04-28T06:19:18" time="406.806" tests="3" failures="2" errors="2" skipped="0">
    <properties>
      <property name="specId" value="0" />
      <property name="suiteName" value="Create condition pricing US117289 US134625" />
      <property name="capabilities" value="chrome.135_0_7049_96.windows" />
      <property name="file" value="file:///D:/a/1/s/test/specs/BTS/create-condition-pricing.spec.js" />
    </properties>
    <testcase classname="chrome.135_0_7049_96.windows.Create_condition_pricing_US117289_US134625" name="Should create a new yard used for all following tests" time="130.65">
      <system-out><![CDATA[
COMMAND: POST /session/64fa439c5f0b0c6f4585200e3c4c457e/window/fullscreen - {}
RESULT: {}
COMMAND: POST /session/64fa439c5f0b0c6f4585200e3c4c457e/execute/async - {"script":"<script> [1562 bytes]","args":[{"selector":{"controlType":"sap.m.GenericTile","properties":{"header":"Manage Yards"}},"wdio_ui5_key":"sapm.GenericTile{\"header\":\"Manage Yards\"}"}]}
RESULT: {"script":"<script> [1562 bytes]","args":[{"selector":{"controlType":"sap.m.GenericTile","properties":{"header":"Manage Yards"}},"wdio_ui5_key":"sapm.GenericTile{\"header\":\"Manage Yards\"}"}]}
RESULT: undefined
COMMAND: POST /session/64fa439c5f0b0c6f4585200e3c4c457e/element - {"using":"xpath","value":"//*[@id=\"__tile41\"]"}
RESULT: {"using":"xpath","value":"//*[@id=\"__tile41\"]"}
COMMAND: POST /session/64fa439c5f0b0c6f4585200e3c4c457e/element/f.21A4AE5C8D3A30030B5FDBA346DFF994.d.0B728791D614646900117A0AC57B5969.e.153/click - {}
RESULT: {}
COMMAND: POST /session/64fa439c5f0b0c6f4585200e3c4c457e/element - {"using":"xpath","value":"//button[@data-kt=\"addNewYardOverflowToolbarButton\"]"}
COMMAND: GET /session/64fa439c5f0b0c6f4585200e3c4c457e/screenshot - {}
RESULT: {"using":"xpath","value":"//button[@data-kt=\"addNewYardOverflowToolbarButton\"]"}
COMMAND: POST /session/64fa439c5f0b0c6f4585200e3c4c457e/elements - {"using":"xpath","value":"//button[@data-kt=\"addNewYardOverflowToolbarButton\"]"}
RESULT: {}
RESULT: {"using":"xpath","value":"//button[@data-kt=\"addNewYardOverflowToolbarButton\"]"}
COMMAND: POST /session/64fa439c5f0b0c6f4585200e3c4c457e/elements - {"using":"xpath","value":"//button[@data-kt=\"addNewYardOverflowToolbarButton\"]"}
RESULT: {"using":"xpath","value":"//button[@data-kt=\"addNewYardOverflowToolbarButton\"]"}
COMMAND: POST /session/64fa439c5f0b0c6f4585200e3c4c457e/elements - {"using":"xpath","value":"//button[@data-kt=\"addNewYardOverflowToolbarButton\"]"}
RESULT: {"using":"xpath","value":"//button[@data-kt=\"addNewYardOverflowToolbarButton\"]"}
COMMAND: POST /session/64fa439c5f0b0c6f4585200e3c4c457e/elements - {"using":"xpath","value":"//button[@data-kt=\"addNewYardOverflowToolbarButton\"]"}
RESULT: {"using":"xpath","value":"//button[@data-kt=\"addNewYardOverflowToolbarButton\"]"}
COMMAND: POST /session/64fa439c5f0b0c6f4585200e3c4c457e/elements - {"using":"xpath","value":"//button[@data-kt=\"addNewYardOverflowToolbarButton\"]"}
RESULT: {"using":"xpath","value":"//button[@data-kt=\"addNewYardOverflowToolbarButton\"]"}
COMMAND: POST /session/64fa439c5f0b0c6f4585200e3c4c457e/elements - {"using":"xpath","value":"//button[@data-kt=\"addNewYardOverflowToolbarButton\"]"}
RESULT: {"using":"xpath","value":"//button[@data-kt=\"addNewYardOverflowToolbarButton\"]"}
COMMAND: POST /session/64fa439c5f0b0c6f4585200e3c4c457e/elements - {"using":"xpath","value":"//button[@data-kt=\"addNewYardOverflowToolbarButton\"]"}
RESULT: {"using":"xpath","value":"//button[@data-kt=\"addNewYardOverflowToolbarButton\"]"}
COMMAND: POST /session/64fa439c5f0b0c6f4585200e3c4c457e/elements - {"using":"xpath","value":"//button[@data-kt=\"addNewYardOverflowToolbarButton\"]"}
RESULT: {"using":"xpath","value":"//button[@data-kt=\"addNewYardOverflowToolbarButton\"]"}
COMMAND: POST /session/64fa439c5f0b0c6f4585200e3c4c457e/elements - {"using":"xpath","value":"//button[@data-kt=\"addNewYardOverflowToolbarButton\"]"}
RESULT: {"using":"xpath","value":"//button[@data-kt=\"addNewYardOverflowToolbarButton\"]"}
COMMAND: POST /session/64fa439c5f0b0c6f4585200e3c4c457e/elements - {"using":"xpath","value":"//button[@data-kt=\"addNewYardOverflowToolbarButton\"]"}
RESULT: {"using":"xpath","value":"//button[@data-kt=\"addNewYardOverflowToolbarButton\"]"}
COMMAND: POST /session/64fa439c5f0b0c6f4585200e3c4c457e/elements - {"using":"xpath","value":"//button[@data-kt=\"addNewYardOverflowToolbarButton\"]"}
RESULT: {"using":"xpath","value":"//button[@data-kt=\"addNewYardOverflowToolbarButton\"]"}
COMMAND: POST /session/64fa439c5f0b0c6f4585200e3c4c457e/elements - {"using":"xpath","value":"//button[@data-kt=\"addNewYardOverflowToolbarButton\"]"}
RESULT: {"using":"xpath","value":"//button[@data-kt=\"addNewYardOverflowToolbarButton\"]"}
COMMAND: POST /session/64fa439c5f0b0c6f4585200e3c4c457e/elements - {"using":"xpath","value":"//button[@data-kt=\"addNewYardOverflowToolbarButton\"]"}
RESULT: {"using":"xpath","value":"//button[@data-kt=\"addNewYardOverflowToolbarButton\"]"}
COMMAND: POST /session/64fa439c5f0b0c6f4585200e3c4c457e/elements - {"using":"xpath","value":"//button[@data-kt=\"addNewYardOverflowToolbarButton\"]"}
RESULT: {"using":"xpath","value":"//button[@data-kt=\"addNewYardOverflowToolbarButton\"]"}
COMMAND: POST /session/64fa439c5f0b0c6f4585200e3c4c457e/elements - {"using":"xpath","value":"//button[@data-kt=\"addNewYardOverflowToolbarButton\"]"}
RESULT: {"using":"xpath","value":"//button[@data-kt=\"addNewYardOverflowToolbarButton\"]"}
COMMAND: POST /session/64fa439c5f0b0c6f4585200e3c4c457e/elements - {"using":"xpath","value":"//button[@data-kt=\"addNewYardOverflowToolbarButton\"]"}
RESULT: {"using":"xpath","value":"//button[@data-kt=\"addNewYardOverflowToolbarButton\"]"}
COMMAND: POST /session/64fa439c5f0b0c6f4585200e3c4c457e/elements - {"using":"xpath","value":"//button[@data-kt=\"addNewYardOverflowToolbarButton\"]"}
RESULT: {"using":"xpath","value":"//button[@data-kt=\"addNewYardOverflowToolbarButton\"]"}
COMMAND: POST /session/64fa439c5f0b0c6f4585200e3c4c457e/elements - {"using":"xpath","value":"//button[@data-kt=\"addNewYardOverflowToolbarButton\"]"}
RESULT: {"using":"xpath","value":"//button[@data-kt=\"addNewYardOverflowToolbarButton\"]"}
COMMAND: POST /session/64fa439c5f0b0c6f4585200e3c4c457e/elements - {"using":"xpath","value":"//button[@data-kt=\"addNewYardOverflowToolbarButton\"]"}
RESULT: {"using":"xpath","value":"//button[@data-kt=\"addNewYardOverflowToolbarButton\"]"}
COMMAND: POST /session/64fa439c5f0b0c6f4585200e3c4c457e/elements - {"using":"xpath","value":"//button[@data-kt=\"addNewYardOverflowToolbarButton\"]"}
RESULT: {"using":"xpath","value":"//button[@data-kt=\"addNewYardOverflowToolbarButton\"]"}
COMMAND: POST /session/64fa439c5f0b0c6f4585200e3c4c457e/elements - {"using":"xpath","value":"//button[@data-kt=\"addNewYardOverflowToolbarButton\"]"}
RESULT: {"using":"xpath","value":"//button[@data-kt=\"addNewYardOverflowToolbarButton\"]"}
COMMAND: POST /session/64fa439c5f0b0c6f4585200e3c4c457e/elements - {"using":"xpath","value":"//button[@data-kt=\"addNewYardOverflowToolbarButton\"]"}
RESULT: {"using":"xpath","value":"//button[@data-kt=\"addNewYardOverflowToolbarButton\"]"}
COMMAND: POST /session/64fa439c5f0b0c6f4585200e3c4c457e/elements - {"using":"xpath","value":"//button[@data-kt=\"addNewYardOverflowToolbarButton\"]"}
RESULT: {"using":"xpath","value":"//button[@data-kt=\"addNewYardOverflowToolbarButton\"]"}
COMMAND: POST /session/64fa439c5f0b0c6f4585200e3c4c457e/elements - {"using":"xpath","value":"//button[@data-kt=\"addNewYardOverflowToolbarButton\"]"}
RESULT: {"using":"xpath","value":"//button[@data-kt=\"addNewYardOverflowToolbarButton\"]"}
COMMAND: POST /session/64fa439c5f0b0c6f4585200e3c4c457e/elements - {"using":"xpath","value":"//button[@data-kt=\"addNewYardOverflowToolbarButton\"]"}
RESULT: {"using":"xpath","value":"//button[@data-kt=\"addNewYardOverflowToolbarButton\"]"}
COMMAND: POST /session/64fa439c5f0b0c6f4585200e3c4c457e/elements - {"using":"xpath","value":"//button[@data-kt=\"addNewYardOverflowToolbarButton\"]"}
RESULT: {"using":"xpath","value":"//button[@data-kt=\"addNewYardOverflowToolbarButton\"]"}
COMMAND: POST /session/64fa439c5f0b0c6f4585200e3c4c457e/elements - {"using":"xpath","value":"//button[@data-kt=\"addNewYardOverflowToolbarButton\"]"}
RESULT: {"using":"xpath","value":"//button[@data-kt=\"addNewYardOverflowToolbarButton\"]"}
COMMAND: POST /session/64fa439c5f0b0c6f4585200e3c4c457e/elements - {"using":"xpath","value":"//button[@data-kt=\"addNewYardOverflowToolbarButton\"]"}
RESULT: {"using":"xpath","value":"//button[@data-kt=\"addNewYardOverflowToolbarButton\"]"}
COMMAND: POST /session/64fa439c5f0b0c6f4585200e3c4c457e/elements - {"using":"xpath","value":"//button[@data-kt=\"addNewYardOverflowToolbarButton\"]"}
RESULT: {"using":"xpath","value":"//button[@data-kt=\"addNewYardOverflowToolbarButton\"]"}
COMMAND: POST /session/64fa439c5f0b0c6f4585200e3c4c457e/elements - {"using":"xpath","value":"//button[@data-kt=\"addNewYardOverflowToolbarButton\"]"}
RESULT: {"using":"xpath","value":"//button[@data-kt=\"addNewYardOverflowToolbarButton\"]"}
COMMAND: POST /session/64fa439c5f0b0c6f4585200e3c4c457e/elements - {"using":"xpath","value":"//button[@data-kt=\"addNewYardOverflowToolbarButton\"]"}
RESULT: {"using":"xpath","value":"//button[@data-kt=\"addNewYardOverflowToolbarButton\"]"}
COMMAND: POST /session/64fa439c5f0b0c6f4585200e3c4c457e/elements - {"using":"xpath","value":"//button[@data-kt=\"addNewYardOverflowToolbarButton\"]"}
RESULT: {"using":"xpath","value":"//button[@data-kt=\"addNewYardOverflowToolbarButton\"]"}
COMMAND: POST /session/64fa439c5f0b0c6f4585200e3c4c457e/elements - {"using":"xpath","value":"//button[@data-kt=\"addNewYardOverflowToolbarButton\"]"}
RESULT: {"using":"xpath","value":"//button[@data-kt=\"addNewYardOverflowToolbarButton\"]"}
COMMAND: POST /session/64fa439c5f0b0c6f4585200e3c4c457e/elements - {"using":"xpath","value":"//button[@data-kt=\"addNewYardOverflowToolbarButton\"]"}
RESULT: {"using":"xpath","value":"//button[@data-kt=\"addNewYardOverflowToolbarButton\"]"}
COMMAND: POST /session/64fa439c5f0b0c6f4585200e3c4c457e/elements - {"using":"xpath","value":"//button[@data-kt=\"addNewYardOverflowToolbarButton\"]"}
RESULT: {"using":"xpath","value":"//button[@data-kt=\"addNewYardOverflowToolbarButton\"]"}
COMMAND: POST /session/64fa439c5f0b0c6f4585200e3c4c457e/elements - {"using":"xpath","value":"//button[@data-kt=\"addNewYardOverflowToolbarButton\"]"}
RESULT: {"using":"xpath","value":"//button[@data-kt=\"addNewYardOverflowToolbarButton\"]"}
COMMAND: POST /session/64fa439c5f0b0c6f4585200e3c4c457e/elements - {"using":"xpath","value":"//button[@data-kt=\"addNewYardOverflowToolbarButton\"]"}
RESULT: {"using":"xpath","value":"//button[@data-kt=\"addNewYardOverflowToolbarButton\"]"}
COMMAND: POST /session/64fa439c5f0b0c6f4585200e3c4c457e/elements - {"using":"xpath","value":"//button[@data-kt=\"addNewYardOverflowToolbarButton\"]"}
RESULT: {"using":"xpath","value":"//button[@data-kt=\"addNewYardOverflowToolbarButton\"]"}
COMMAND: POST /session/64fa439c5f0b0c6f4585200e3c4c457e/elements - {"using":"xpath","value":"//button[@data-kt=\"addNewYardOverflowToolbarButton\"]"}
RESULT: {"using":"xpath","value":"//button[@data-kt=\"addNewYardOverflowToolbarButton\"]"}
COMMAND: POST /session/64fa439c5f0b0c6f4585200e3c4c457e/elements - {"using":"xpath","value":"//button[@data-kt=\"addNewYardOverflowToolbarButton\"]"}
RESULT: {"using":"xpath","value":"//button[@data-kt=\"addNewYardOverflowToolbarButton\"]"}
COMMAND: POST /session/64fa439c5f0b0c6f4585200e3c4c457e/elements - {"using":"xpath","value":"//button[@data-kt=\"addNewYardOverflowToolbarButton\"]"}
RESULT: {"using":"xpath","value":"//button[@data-kt=\"addNewYardOverflowToolbarButton\"]"}
COMMAND: POST /session/64fa439c5f0b0c6f4585200e3c4c457e/elements - {"using":"xpath","value":"//button[@data-kt=\"addNewYardOverflowToolbarButton\"]"}
RESULT: {"using":"xpath","value":"//button[@data-kt=\"addNewYardOverflowToolbarButton\"]"}
COMMAND: POST /session/64fa439c5f0b0c6f4585200e3c4c457e/elements - {"using":"xpath","value":"//button[@data-kt=\"addNewYardOverflowToolbarButton\"]"}
RESULT: {"using":"xpath","value":"//button[@data-kt=\"addNewYardOverflowToolbarButton\"]"}
COMMAND: POST /session/64fa439c5f0b0c6f4585200e3c4c457e/elements - {"using":"xpath","value":"//button[@data-kt=\"addNewYardOverflowToolbarButton\"]"}
RESULT: {"using":"xpath","value":"//button[@data-kt=\"addNewYardOverflowToolbarButton\"]"}
COMMAND: POST /session/64fa439c5f0b0c6f4585200e3c4c457e/elements - {"using":"xpath","value":"//button[@data-kt=\"addNewYardOverflowToolbarButton\"]"}
RESULT: {"using":"xpath","value":"//button[@data-kt=\"addNewYardOverflowToolbarButton\"]"}
COMMAND: POST /session/64fa439c5f0b0c6f4585200e3c4c457e/elements - {"using":"xpath","value":"//button[@data-kt=\"addNewYardOverflowToolbarButton\"]"}
RESULT: {"using":"xpath","value":"//button[@data-kt=\"addNewYardOverflowToolbarButton\"]"}
COMMAND: POST /session/64fa439c5f0b0c6f4585200e3c4c457e/elements - {"using":"xpath","value":"//button[@data-kt=\"addNewYardOverflowToolbarButton\"]"}
RESULT: {"using":"xpath","value":"//button[@data-kt=\"addNewYardOverflowToolbarButton\"]"}
COMMAND: POST /session/64fa439c5f0b0c6f4585200e3c4c457e/elements - {"using":"xpath","value":"//button[@data-kt=\"addNewYardOverflowToolbarButton\"]"}
RESULT: {"using":"xpath","value":"//button[@data-kt=\"addNewYardOverflowToolbarButton\"]"}
COMMAND: POST /session/64fa439c5f0b0c6f4585200e3c4c457e/elements - {"using":"xpath","value":"//button[@data-kt=\"addNewYardOverflowToolbarButton\"]"}
RESULT: {"using":"xpath","value":"//button[@data-kt=\"addNewYardOverflowToolbarButton\"]"}
COMMAND: POST /session/64fa439c5f0b0c6f4585200e3c4c457e/elements - {"using":"xpath","value":"//button[@data-kt=\"addNewYardOverflowToolbarButton\"]"}
RESULT: {"using":"xpath","value":"//button[@data-kt=\"addNewYardOverflowToolbarButton\"]"}
COMMAND: POST /session/64fa439c5f0b0c6f4585200e3c4c457e/elements - {"using":"xpath","value":"//button[@data-kt=\"addNewYardOverflowToolbarButton\"]"}
RESULT: {"using":"xpath","value":"//button[@data-kt=\"addNewYardOverflowToolbarButton\"]"}
COMMAND: POST /session/64fa439c5f0b0c6f4585200e3c4c457e/elements - {"using":"xpath","value":"//button[@data-kt=\"addNewYardOverflowToolbarButton\"]"}
RESULT: {"using":"xpath","value":"//button[@data-kt=\"addNewYardOverflowToolbarButton\"]"}
COMMAND: POST /session/64fa439c5f0b0c6f4585200e3c4c457e/elements - {"using":"xpath","value":"//button[@data-kt=\"addNewYardOverflowToolbarButton\"]"}
RESULT: {"using":"xpath","value":"//button[@data-kt=\"addNewYardOverflowToolbarButton\"]"}
COMMAND: POST /session/64fa439c5f0b0c6f4585200e3c4c457e/elements - {"using":"xpath","value":"//button[@data-kt=\"addNewYardOverflowToolbarButton\"]"}
RESULT: {"using":"xpath","value":"//button[@data-kt=\"addNewYardOverflowToolbarButton\"]"}
COMMAND: POST /session/64fa439c5f0b0c6f4585200e3c4c457e/elements - {"using":"xpath","value":"//button[@data-kt=\"addNewYardOverflowToolbarButton\"]"}
RESULT: {"using":"xpath","value":"//button[@data-kt=\"addNewYardOverflowToolbarButton\"]"}
COMMAND: POST /session/64fa439c5f0b0c6f4585200e3c4c457e/elements - {"using":"xpath","value":"//button[@data-kt=\"addNewYardOverflowToolbarButton\"]"}
RESULT: {"using":"xpath","value":"//button[@data-kt=\"addNewYardOverflowToolbarButton\"]"}
COMMAND: POST /session/64fa439c5f0b0c6f4585200e3c4c457e/elements - {"using":"xpath","value":"//button[@data-kt=\"addNewYardOverflowToolbarButton\"]"}
RESULT: {"using":"xpath","value":"//button[@data-kt=\"addNewYardOverflowToolbarButton\"]"}
COMMAND: POST /session/64fa439c5f0b0c6f4585200e3c4c457e/element - {"using":"xpath","value":"//button[@data-kt=\"addNewYardOverflowToolbarButton\"]"}
RESULT: {"using":"xpath","value":"//button[@data-kt=\"addNewYardOverflowToolbarButton\"]"}
COMMAND: POST /session/64fa439c5f0b0c6f4585200e3c4c457e/execute/sync - {"script":"<script> [8489 bytes]","args":[{"element-6066-11e4-a52e-4f735466cecf":"f.21A4AE5C8D3A30030B5FDBA346DFF994.d.0B728791D614646900117A0AC57B5969.e.276","ELEMENT":"f.21A4AE5C8D3A30030B5FDBA346DFF994.d.0B728791D614646900117A0AC57B5969.e.276"}]}
RESULT: {"script":"<script> [8489 bytes]","args":[{"element-6066-11e4-a52e-4f735466cecf":"f.21A4AE5C8D3A30030B5FDBA346DFF994.d.0B728791D614646900117A0AC57B5969.e.276","ELEMENT":"f.21A4AE5C8D3A30030B5FDBA346DFF994.d.0B728791D614646900117A0AC57B5969.e.276"}]}
COMMAND: GET /session/64fa439c5f0b0c6f4585200e3c4c457e/element/f.21A4AE5C8D3A30030B5FDBA346DFF994.d.0B728791D614646900117A0AC57B5969.e.276/enabled - {}
COMMAND: GET /session/64fa439c5f0b0c6f4585200e3c4c457e/screenshot - {}
RESULT: {}
COMMAND: POST /session/64fa439c5f0b0c6f4585200e3c4c457e/execute/sync - {"script":"<script> [8489 bytes]","args":[{"element-6066-11e4-a52e-4f735466cecf":"f.21A4AE5C8D3A30030B5FDBA346DFF994.d.0B728791D614646900117A0AC57B5969.e.276","ELEMENT":"f.21A4AE5C8D3A30030B5FDBA346DFF994.d.0B728791D614646900117A0AC57B5969.e.276"}]}
COMMAND: GET /session/64fa439c5f0b0c6f4585200e3c4c457e/screenshot - {}
RESULT: {}
RESULT: {"script":"<script> [8489 bytes]","args":[{"element-6066-11e4-a52e-4f735466cecf":"f.21A4AE5C8D3A30030B5FDBA346DFF994.d.0B728791D614646900117A0AC57B5969.e.276","ELEMENT":"f.21A4AE5C8D3A30030B5FDBA346DFF994.d.0B728791D614646900117A0AC57B5969.e.276"}]}
COMMAND: POST /session/64fa439c5f0b0c6f4585200e3c4c457e/execute/sync - {"script":"<script> [5351 bytes]","args":[{"element-6066-11e4-a52e-4f735466cecf":"f.21A4AE5C8D3A30030B5FDBA346DFF994.d.0B728791D614646900117A0AC57B5969.e.276","ELEMENT":"f.21A4AE5C8D3A30030B5FDBA346DFF994.d.0B728791D614646900117A0AC57B5969.e.276"}]}
COMMAND: GET /session/64fa439c5f0b0c6f4585200e3c4c457e/screenshot - {}
RESULT: {}
RESULT: {"script":"<script> [5351 bytes]","args":[{"element-6066-11e4-a52e-4f735466cecf":"f.21A4AE5C8D3A30030B5FDBA346DFF994.d.0B728791D614646900117A0AC57B5969.e.276","ELEMENT":"f.21A4AE5C8D3A30030B5FDBA346DFF994.d.0B728791D614646900117A0AC57B5969.e.276"}]}
COMMAND: POST /session/64fa439c5f0b0c6f4585200e3c4c457e/element/f.21A4AE5C8D3A30030B5FDBA346DFF994.d.0B728791D614646900117A0AC57B5969.e.276/click - {}
COMMAND: GET /session/64fa439c5f0b0c6f4585200e3c4c457e/screenshot - {}
RESULT: {}
RESULT: {}
COMMAND: GET /session/64fa439c5f0b0c6f4585200e3c4c457e/screenshot - {}
RESULT: {}
COMMAND: POST /session/64fa439c5f0b0c6f4585200e3c4c457e/element - {"using":"xpath","value":"//input[@id=\"application-manageyards-display-component---NewYard--yardId-inner\"]"}
RESULT: {}
RESULT: {"using":"xpath","value":"//input[@id=\"application-manageyards-display-component---NewYard--yardId-inner\"]"}
COMMAND: POST /session/64fa439c5f0b0c6f4585200e3c4c457e/element - {"using":"xpath","value":"//input[@id=\"application-manageyards-display-component---NewYard--yardId-inner\"]"}
RESULT: {"using":"xpath","value":"//input[@id=\"application-manageyards-display-component---NewYard--yardId-inner\"]"}
COMMAND: POST /session/64fa439c5f0b0c6f4585200e3c4c457e/execute/async - {"script":"<script> [1562 bytes]","args":[{"selector":{"id":"application-manageyards-display-component---NewYard--addressDetailDetailsName1","interaction":{"idSuffix":"inner"}},"wdio_ui5_key":"applicationmanageyards-display-component---NewYard--addressDetailDetailsName1"}]}
RESULT: {"script":"<script> [1562 bytes]","args":[{"selector":{"id":"application-manageyards-display-component---NewYard--addressDetailDetailsName1","interaction":{"idSuffix":"inner"}},"wdio_ui5_key":"applicationmanageyards-display-component---NewYard--addressDetailDetailsName1"}]}
RESULT: undefined
COMMAND: POST /session/64fa439c5f0b0c6f4585200e3c4c457e/execute/async - {"script":"<script> [776 bytes]","args":[{"enterText":"DailyPrice WDIO","selector":{"id":"application-manageyards-display-component---NewYard--addressDetailDetailsName1","interaction":{"idSuffix":"inner"}},"clearTextFirst":true,"interactionType":"ENTER_TEXT"}]}
RESULT: {"script":"<script> [776 bytes]","args":[{"enterText":"DailyPrice WDIO","selector":{"id":"application-manageyards-display-component---NewYard--addressDetailDetailsName1","interaction":{"idSuffix":"inner"}},"clearTextFirst":true,"interactionType":"ENTER_TEXT"}]}
COMMAND: POST /session/64fa439c5f0b0c6f4585200e3c4c457e/execute/async - {"script":"<script> [1562 bytes]","args":[{"selector":{"id":"application-manageyards-display-component---NewYard--addressDetailDetailsLanguage-arrow"},"wdio_ui5_key":"applicationmanageyards-display-component---NewYard--addressDetailDetailsLanguage-arrow"}]}
RESULT: {"script":"<script> [1562 bytes]","args":[{"selector":{"id":"application-manageyards-display-component---NewYard--addressDetailDetailsLanguage-arrow"},"wdio_ui5_key":"applicationmanageyards-display-component---NewYard--addressDetailDetailsLanguage-arrow"}]}
RESULT: undefined
COMMAND: POST /session/64fa439c5f0b0c6f4585200e3c4c457e/element - {"using":"xpath","value":"//*[@id=\"application-manageyards-display-component---NewYard--addressDetailDetailsLanguage-arrow\"]"}
RESULT: {"using":"xpath","value":"//*[@id=\"application-manageyards-display-component---NewYard--addressDetailDetailsLanguage-arrow\"]"}
COMMAND: POST /session/64fa439c5f0b0c6f4585200e3c4c457e/element/f.21A4AE5C8D3A30030B5FDBA346DFF994.d.0B728791D614646900117A0AC57B5969.e.708/click - {}
RESULT: {}
COMMAND: POST /session/64fa439c5f0b0c6f4585200e3c4c457e/element - {"using":"xpath","value":"//span[contains(text(), \"English\")]"}
COMMAND: GET /session/64fa439c5f0b0c6f4585200e3c4c457e/screenshot - {}
RESULT: {"using":"xpath","value":"//span[contains(text(), \"English\")]"}
COMMAND: POST /session/64fa439c5f0b0c6f4585200e3c4c457e/element/f.21A4AE5C8D3A30030B5FDBA346DFF994.d.0B728791D614646900117A0AC57B5969.e.709/click - {}
RESULT: {}
RESULT: {}
COMMAND: POST /session/64fa439c5f0b0c6f4585200e3c4c457e/execute/async - {"script":"<script> [1562 bytes]","args":[{"selector":{"id":"application-manageyards-display-component---NewYard--addressDetailDetailsCity1","interaction":{"idSuffix":"inner"}},"wdio_ui5_key":"applicationmanageyards-display-component---NewYard--addressDetailDetailsCity1"}]}
COMMAND: GET /session/64fa439c5f0b0c6f4585200e3c4c457e/screenshot - {}
RESULT: {"script":"<script> [1562 bytes]","args":[{"selector":{"id":"application-manageyards-display-component---NewYard--addressDetailDetailsCity1","interaction":{"idSuffix":"inner"}},"wdio_ui5_key":"applicationmanageyards-display-component---NewYard--addressDetailDetailsCity1"}]}
RESULT: undefined
COMMAND: POST /session/64fa439c5f0b0c6f4585200e3c4c457e/execute/async - {"script":"<script> [776 bytes]","args":[{"enterText":"Rosario","selector":{"id":"application-manageyards-display-component---NewYard--addressDetailDetailsCity1","interaction":{"idSuffix":"inner"}},"clearTextFirst":true,"interactionType":"ENTER_TEXT"}]}
RESULT: {}
RESULT: {"script":"<script> [776 bytes]","args":[{"enterText":"Rosario","selector":{"id":"application-manageyards-display-component---NewYard--addressDetailDetailsCity1","interaction":{"idSuffix":"inner"}},"clearTextFirst":true,"interactionType":"ENTER_TEXT"}]}
COMMAND: POST /session/64fa439c5f0b0c6f4585200e3c4c457e/execute/async - {"script":"<script> [1562 bytes]","args":[{"selector":{"id":"application-manageyards-display-component---NewYard--addressDetailDetailsCountry-arrow"},"wdio_ui5_key":"applicationmanageyards-display-component---NewYard--addressDetailDetailsCountry-arrow"}]}
RESULT: {"script":"<script> [1562 bytes]","args":[{"selector":{"id":"application-manageyards-display-component---NewYard--addressDetailDetailsCountry-arrow"},"wdio_ui5_key":"applicationmanageyards-display-component---NewYard--addressDetailDetailsCountry-arrow"}]}
RESULT: undefined
COMMAND: POST /session/64fa439c5f0b0c6f4585200e3c4c457e/element - {"using":"xpath","value":"//*[@id=\"application-manageyards-display-component---NewYard--addressDetailDetailsCountry-arrow\"]"}
RESULT: {"using":"xpath","value":"//*[@id=\"application-manageyards-display-component---NewYard--addressDetailDetailsCountry-arrow\"]"}
COMMAND: POST /session/64fa439c5f0b0c6f4585200e3c4c457e/element/f.21A4AE5C8D3A30030B5FDBA346DFF994.d.0B728791D614646900117A0AC57B5969.e.711/click - {}
RESULT: {}
COMMAND: POST /session/64fa439c5f0b0c6f4585200e3c4c457e/element - {"using":"xpath","value":"//span[contains(text(), \"Argentina\")]"}
COMMAND: GET /session/64fa439c5f0b0c6f4585200e3c4c457e/screenshot - {}
RESULT: {"using":"xpath","value":"//span[contains(text(), \"Argentina\")]"}
COMMAND: POST /session/64fa439c5f0b0c6f4585200e3c4c457e/element/f.21A4AE5C8D3A30030B5FDBA346DFF994.d.0B728791D614646900117A0AC57B5969.e.713/click - {}
RESULT: {}
RESULT: {}
COMMAND: POST /session/64fa439c5f0b0c6f4585200e3c4c457e/execute/async - {"script":"<script> [1562 bytes]","args":[{"selector":{"id":"application-manageyards-display-component---NewYard--addressEditDetailsCostObjectCstType-arrow"},"wdio_ui5_key":"applicationmanageyards-display-component---NewYard--addressEditDetailsCostObjectCstType-arrow"}]}
COMMAND: GET /session/64fa439c5f0b0c6f4585200e3c4c457e/screenshot - {}
RESULT: {"script":"<script> [1562 bytes]","args":[{"selector":{"id":"application-manageyards-display-component---NewYard--addressEditDetailsCostObjectCstType-arrow"},"wdio_ui5_key":"applicationmanageyards-display-component---NewYard--addressEditDetailsCostObjectCstType-arrow"}]}
RESULT: undefined
COMMAND: POST /session/64fa439c5f0b0c6f4585200e3c4c457e/element - {"using":"xpath","value":"//*[@id=\"application-manageyards-display-component---NewYard--addressEditDetailsCostObjectCstType-arrow\"]"}
RESULT: {}
RESULT: {"using":"xpath","value":"//*[@id=\"application-manageyards-display-component---NewYard--addressEditDetailsCostObjectCstType-arrow\"]"}
COMMAND: POST /session/64fa439c5f0b0c6f4585200e3c4c457e/element/f.21A4AE5C8D3A30030B5FDBA346DFF994.d.0B728791D614646900117A0AC57B5969.e.714/click - {}
RESULT: {}
COMMAND: POST /session/64fa439c5f0b0c6f4585200e3c4c457e/element - {"using":"xpath","value":"//span[contains(text(), \"Cost Center\")]"}
COMMAND: GET /session/64fa439c5f0b0c6f4585200e3c4c457e/screenshot - {}
RESULT: {"using":"xpath","value":"//span[contains(text(), \"Cost Center\")]"}
COMMAND: POST /session/64fa439c5f0b0c6f4585200e3c4c457e/element/f.21A4AE5C8D3A30030B5FDBA346DFF994.d.0B728791D614646900117A0AC57B5969.e.715/click - {}
RESULT: {}
RESULT: {}
COMMAND: GET /session/64fa439c5f0b0c6f4585200e3c4c457e/screenshot - {}
RESULT: {}
COMMAND: POST /session/64fa439c5f0b0c6f4585200e3c4c457e/element - {"using":"xpath","value":"//span[@id=\"application-manageyards-display-component---NewYard--addressNewCostObjectCstID-vhi\"]"}
RESULT: {"using":"xpath","value":"//span[@id=\"application-manageyards-display-component---NewYard--addressNewCostObjectCstID-vhi\"]"}
COMMAND: POST /session/64fa439c5f0b0c6f4585200e3c4c457e/execute/sync - {"script":"<script> [8489 bytes]","args":[{"element-6066-11e4-a52e-4f735466cecf":"f.21A4AE5C8D3A30030B5FDBA346DFF994.d.0B728791D614646900117A0AC57B5969.e.719","ELEMENT":"f.21A4AE5C8D3A30030B5FDBA346DFF994.d.0B728791D614646900117A0AC57B5969.e.719"}]}
RESULT: {"script":"<script> [8489 bytes]","args":[{"element-6066-11e4-a52e-4f735466cecf":"f.21A4AE5C8D3A30030B5FDBA346DFF994.d.0B728791D614646900117A0AC57B5969.e.719","ELEMENT":"f.21A4AE5C8D3A30030B5FDBA346DFF994.d.0B728791D614646900117A0AC57B5969.e.719"}]}
COMMAND: POST /session/64fa439c5f0b0c6f4585200e3c4c457e/execute/async - {"script":"<script> [1562 bytes]","args":[{"selector":{"id":"application-manageyards-display-component---NewYard--addressNewCostObjectCstID-vhi"},"wdio_ui5_key":"applicationmanageyards-display-component---NewYard--addressNewCostObjectCstID-vhi"}]}
COMMAND: GET /session/64fa439c5f0b0c6f4585200e3c4c457e/screenshot - {}
RESULT: {}
RESULT: {"script":"<script> [1562 bytes]","args":[{"selector":{"id":"application-manageyards-display-component---NewYard--addressNewCostObjectCstID-vhi"},"wdio_ui5_key":"applicationmanageyards-display-component---NewYard--addressNewCostObjectCstID-vhi"}]}
RESULT: undefined
COMMAND: POST /session/64fa439c5f0b0c6f4585200e3c4c457e/element - {"using":"xpath","value":"//*[@id=\"application-manageyards-display-component---NewYard--addressNewCostObjectCstID-vhi\"]"}
RESULT: {"using":"xpath","value":"//*[@id=\"application-manageyards-display-component---NewYard--addressNewCostObjectCstID-vhi\"]"}
COMMAND: POST /session/64fa439c5f0b0c6f4585200e3c4c457e/element/f.21A4AE5C8D3A30030B5FDBA346DFF994.d.0B728791D614646900117A0AC57B5969.e.719/click - {}
RESULT: {}
COMMAND: GET /session/64fa439c5f0b0c6f4585200e3c4c457e/screenshot - {}
RESULT: {}
COMMAND: POST /session/64fa439c5f0b0c6f4585200e3c4c457e/execute/async - {"script":"<script> [1562 bytes]","args":[{"selector":{"controlType":"sap.m.SearchField","properties":{"placeholder":"Search"},"searchOpenDialogs":true,"interaction":{"idSuffix":"I"}},"wdio_ui5_key":"sapm.SearchField{\"placeholder\":\"Search\"}"}]}
RESULT: {"script":"<script> [1562 bytes]","args":[{"selector":{"controlType":"sap.m.SearchField","properties":{"placeholder":"Search"},"searchOpenDialogs":true,"interaction":{"idSuffix":"I"}},"wdio_ui5_key":"sapm.SearchField{\"placeholder\":\"Search\"}"}]}
RESULT: undefined
COMMAND: POST /session/64fa439c5f0b0c6f4585200e3c4c457e/execute/async - {"script":"<script> [776 bytes]","args":[{"enterText":"10001013","selector":{"controlType":"sap.m.SearchField","properties":{"placeholder":"Search"},"searchOpenDialogs":true,"interaction":{"idSuffix":"I"}},"clearTextFirst":true,"interactionType":"ENTER_TEXT"}]}
RESULT: {"script":"<script> [776 bytes]","args":[{"enterText":"10001013","selector":{"controlType":"sap.m.SearchField","properties":{"placeholder":"Search"},"searchOpenDialogs":true,"interaction":{"idSuffix":"I"}},"clearTextFirst":true,"interactionType":"ENTER_TEXT"}]}
COMMAND: POST /session/64fa439c5f0b0c6f4585200e3c4c457e/actions - {"actions":[{"id":"action1","type":"key","parameters":{},"actions":[{"type":"keyDown","value":"î€‡"},{"type":"pause","duration":10},{"type":"keyUp","value":"î€‡"}]}]}
RESULT: {"actions":[{"id":"action1","type":"key","parameters":{},"actions":[{"type":"keyDown","value":"î€‡"},{"type":"pause","duration":10},{"type":"keyUp","value":"î€‡"}]}]}
COMMAND: GET /session/64fa439c5f0b0c6f4585200e3c4c457e/screenshot - {}
RESULT: {}
COMMAND: POST /session/64fa439c5f0b0c6f4585200e3c4c457e/element - {"using":"xpath","value":"//span[contains(text(), \"General Management\")]"}
RESULT: {"using":"xpath","value":"//span[contains(text(), \"General Management\")]"}
COMMAND: POST /session/64fa439c5f0b0c6f4585200e3c4c457e/element/f.21A4AE5C8D3A30030B5FDBA346DFF994.d.0B728791D614646900117A0AC57B5969.e.761/click - {}
RESULT: {}
COMMAND: GET /session/64fa439c5f0b0c6f4585200e3c4c457e/screenshot - {}
RESULT: {}
COMMAND: POST /session/64fa439c5f0b0c6f4585200e3c4c457e/element - {"using":"xpath","value":"//bdi[contains(text(), \"OK\")]"}
RESULT: {"using":"xpath","value":"//bdi[contains(text(), \"OK\")]"}
COMMAND: POST /session/64fa439c5f0b0c6f4585200e3c4c457e/element/f.21A4AE5C8D3A30030B5FDBA346DFF994.d.0B728791D614646900117A0AC57B5969.e.762/click - {}
RESULT: {}
COMMAND: GET /session/64fa439c5f0b0c6f4585200e3c4c457e/screenshot - {}
RESULT: {}
COMMAND: POST /session/64fa439c5f0b0c6f4585200e3c4c457e/execute/async - {"script":"<script> [1562 bytes]","args":[{"selector":{"id":"application-manageyards-display-component---NewYard--addressEditDetailsCurrency-arrow"},"wdio_ui5_key":"applicationmanageyards-display-component---NewYard--addressEditDetailsCurrency-arrow"}]}
RESULT: {"script":"<script> [1562 bytes]","args":[{"selector":{"id":"application-manageyards-display-component---NewYard--addressEditDetailsCurrency-arrow"},"wdio_ui5_key":"applicationmanageyards-display-component---NewYard--addressEditDetailsCurrency-arrow"}]}
RESULT: undefined
COMMAND: POST /session/64fa439c5f0b0c6f4585200e3c4c457e/element - {"using":"xpath","value":"//*[@id=\"application-manageyards-display-component---NewYard--addressEditDetailsCurrency-arrow\"]"}
RESULT: {"using":"xpath","value":"//*[@id=\"application-manageyards-display-component---NewYard--addressEditDetailsCurrency-arrow\"]"}
COMMAND: POST /session/64fa439c5f0b0c6f4585200e3c4c457e/element/f.21A4AE5C8D3A30030B5FDBA346DFF994.d.0B728791D614646900117A0AC57B5969.e.765/click - {}
RESULT: {}
COMMAND: POST /session/64fa439c5f0b0c6f4585200e3c4c457e/element - {"using":"xpath","value":"//span[contains(text(), \"Euro\")]"}
COMMAND: GET /session/64fa439c5f0b0c6f4585200e3c4c457e/screenshot - {}
RESULT: {"using":"xpath","value":"//span[contains(text(), \"Euro\")]"}
COMMAND: POST /session/64fa439c5f0b0c6f4585200e3c4c457e/element/f.21A4AE5C8D3A30030B5FDBA346DFF994.d.0B728791D614646900117A0AC57B5969.e.766/click - {}
RESULT: {}
RESULT: {}
COMMAND: POST /session/64fa439c5f0b0c6f4585200e3c4c457e/execute/async - {"script":"<script> [1562 bytes]","args":[{"selector":{"controlType":"sap.m.Input","viewName":"etm.portal.ui.manageyards.view.New","viewId":"application-manageyards-display-component---NewYard","bindingPath":{"path":"","propertyPath":"/CONTROLLING_AREA","modelName":"NewYardModel"},"interaction":{"idSuffix":"inner"}},"wdio_ui5_key":"etmportal.ui.manageyards.view.Newsap.m.Input{\"path\":\"\",\"propertyPath\":\"/CONTROLLING_AREA\",\"modelName\":\"NewYardModel\"}"}]}
COMMAND: GET /session/64fa439c5f0b0c6f4585200e3c4c457e/screenshot - {}
RESULT: {"script":"<script> [1562 bytes]","args":[{"selector":{"controlType":"sap.m.Input","viewName":"etm.portal.ui.manageyards.view.New","viewId":"application-manageyards-display-component---NewYard","bindingPath":{"path":"","propertyPath":"/CONTROLLING_AREA","modelName":"NewYardModel"},"interaction":{"idSuffix":"inner"}},"wdio_ui5_key":"etmportal.ui.manageyards.view.Newsap.m.Input{\"path\":\"\",\"propertyPath\":\"/CONTROLLING_AREA\",\"modelName\":\"NewYardModel\"}"}]}
RESULT: undefined
COMMAND: POST /session/64fa439c5f0b0c6f4585200e3c4c457e/execute/async - {"script":"<script> [776 bytes]","args":[{"enterText":"Z001","selector":{"controlType":"sap.m.Input","viewName":"etm.portal.ui.manageyards.view.New","viewId":"application-manageyards-display-component---NewYard","bindingPath":{"path":"","propertyPath":"/CONTROLLING_AREA","modelName":"NewYardModel"},"interaction":{"idSuffix":"inner"}},"clearTextFirst":true,"interactionType":"ENTER_TEXT"}]}
RESULT: {}
RESULT: {"script":"<script> [776 bytes]","args":[{"enterText":"Z001","selector":{"controlType":"sap.m.Input","viewName":"etm.portal.ui.manageyards.view.New","viewId":"application-manageyards-display-component---NewYard","bindingPath":{"path":"","propertyPath":"/CONTROLLING_AREA","modelName":"NewYardModel"},"interaction":{"idSuffix":"inner"}},"clearTextFirst":true,"interactionType":"ENTER_TEXT"}]}
COMMAND: POST /session/64fa439c5f0b0c6f4585200e3c4c457e/execute/async - {"script":"<script> [1562 bytes]","args":[{"selector":{"id":"application-manageyards-display-component---NewYard--companyCodeComboBox","interaction":{"idSuffix":"inner"}},"wdio_ui5_key":"applicationmanageyards-display-component---NewYard--companyCodeComboBox"}]}
RESULT: {"script":"<script> [1562 bytes]","args":[{"selector":{"id":"application-manageyards-display-component---NewYard--companyCodeComboBox","interaction":{"idSuffix":"inner"}},"wdio_ui5_key":"applicationmanageyards-display-component---NewYard--companyCodeComboBox"}]}
RESULT: undefined
COMMAND: POST /session/64fa439c5f0b0c6f4585200e3c4c457e/execute/async - {"script":"<script> [776 bytes]","args":[{"enterText":"1000","selector":{"id":"application-manageyards-display-component---NewYard--companyCodeComboBox","interaction":{"idSuffix":"inner"}},"clearTextFirst":true,"interactionType":"ENTER_TEXT"}]}
RESULT: {"script":"<script> [776 bytes]","args":[{"enterText":"1000","selector":{"id":"application-manageyards-display-component---NewYard--companyCodeComboBox","interaction":{"idSuffix":"inner"}},"clearTextFirst":true,"interactionType":"ENTER_TEXT"}]}
COMMAND: POST /session/64fa439c5f0b0c6f4585200e3c4c457e/execute/async - {"script":"<script> [1562 bytes]","args":[{"selector":{"controlType":"sap.m.Input","viewName":"etm.portal.ui.manageyards.view.New","viewId":"application-manageyards-display-component---NewYard","bindingPath":{"path":"","propertyPath":"/PLANT","modelName":"NewYardModel"},"interaction":{"idSuffix":"inner"}},"wdio_ui5_key":"etmportal.ui.manageyards.view.Newsap.m.Input{\"path\":\"\",\"propertyPath\":\"/PLANT\",\"modelName\":\"NewYardModel\"}"}]}
RESULT: {"script":"<script> [1562 bytes]","args":[{"selector":{"controlType":"sap.m.Input","viewName":"etm.portal.ui.manageyards.view.New","viewId":"application-manageyards-display-component---NewYard","bindingPath":{"path":"","propertyPath":"/PLANT","modelName":"NewYardModel"},"interaction":{"idSuffix":"inner"}},"wdio_ui5_key":"etmportal.ui.manageyards.view.Newsap.m.Input{\"path\":\"\",\"propertyPath\":\"/PLANT\",\"modelName\":\"NewYardModel\"}"}]}
RESULT: undefined
COMMAND: POST /session/64fa439c5f0b0c6f4585200e3c4c457e/execute/async - {"script":"<script> [776 bytes]","args":[{"enterText":"1001","selector":{"controlType":"sap.m.Input","viewName":"etm.portal.ui.manageyards.view.New","viewId":"application-manageyards-display-component---NewYard","bindingPath":{"path":"","propertyPath":"/PLANT","modelName":"NewYardModel"},"interaction":{"idSuffix":"inner"}},"clearTextFirst":true,"interactionType":"ENTER_TEXT"}]}
RESULT: {"script":"<script> [776 bytes]","args":[{"enterText":"1001","selector":{"controlType":"sap.m.Input","viewName":"etm.portal.ui.manageyards.view.New","viewId":"application-manageyards-display-component---NewYard","bindingPath":{"path":"","propertyPath":"/PLANT","modelName":"NewYardModel"},"interaction":{"idSuffix":"inner"}},"clearTextFirst":true,"interactionType":"ENTER_TEXT"}]}
COMMAND: POST /session/64fa439c5f0b0c6f4585200e3c4c457e/execute/async - {"script":"<script> [1562 bytes]","args":[{"selector":{"controlType":"sap.m.Input","viewName":"etm.portal.ui.manageyards.view.New","viewId":"application-manageyards-display-component---NewYard","bindingPath":{"path":"","propertyPath":"/SALES_AREA_VKORG","modelName":"NewYardModel"},"interaction":{"idSuffix":"inner"}},"wdio_ui5_key":"etmportal.ui.manageyards.view.Newsap.m.Input{\"path\":\"\",\"propertyPath\":\"/SALES_AREA_VKORG\",\"modelName\":\"NewYardModel\"}"}]}
RESULT: {"script":"<script> [1562 bytes]","args":[{"selector":{"controlType":"sap.m.Input","viewName":"etm.portal.ui.manageyards.view.New","viewId":"application-manageyards-display-component---NewYard","bindingPath":{"path":"","propertyPath":"/SALES_AREA_VKORG","modelName":"NewYardModel"},"interaction":{"idSuffix":"inner"}},"wdio_ui5_key":"etmportal.ui.manageyards.view.Newsap.m.Input{\"path\":\"\",\"propertyPath\":\"/SALES_AREA_VKORG\",\"modelName\":\"NewYardModel\"}"}]}
RESULT: undefined
COMMAND: POST /session/64fa439c5f0b0c6f4585200e3c4c457e/execute/async - {"script":"<script> [776 bytes]","args":[{"enterText":"C002","selector":{"controlType":"sap.m.Input","viewName":"etm.portal.ui.manageyards.view.New","viewId":"application-manageyards-display-component---NewYard","bindingPath":{"path":"","propertyPath":"/SALES_AREA_VKORG","modelName":"NewYardModel"},"interaction":{"idSuffix":"inner"}},"clearTextFirst":true,"interactionType":"ENTER_TEXT"}]}
RESULT: {"script":"<script> [776 bytes]","args":[{"enterText":"C002","selector":{"controlType":"sap.m.Input","viewName":"etm.portal.ui.manageyards.view.New","viewId":"application-manageyards-display-component---NewYard","bindingPath":{"path":"","propertyPath":"/SALES_AREA_VKORG","modelName":"NewYardModel"},"interaction":{"idSuffix":"inner"}},"clearTextFirst":true,"interactionType":"ENTER_TEXT"}]}
COMMAND: POST /session/64fa439c5f0b0c6f4585200e3c4c457e/execute/async - {"script":"<script> [1562 bytes]","args":[{"selector":{"controlType":"sap.m.Input","viewName":"etm.portal.ui.manageyards.view.New","viewId":"application-manageyards-display-component---NewYard","bindingPath":{"path":"","propertyPath":"/SALES_AREA_VTWEG","modelName":"NewYardModel"},"interaction":{"idSuffix":"inner"}},"wdio_ui5_key":"etmportal.ui.manageyards.view.Newsap.m.Input{\"path\":\"\",\"propertyPath\":\"/SALES_AREA_VTWEG\",\"modelName\":\"NewYardModel\"}"}]}
RESULT: {"script":"<script> [1562 bytes]","args":[{"selector":{"controlType":"sap.m.Input","viewName":"etm.portal.ui.manageyards.view.New","viewId":"application-manageyards-display-component---NewYard","bindingPath":{"path":"","propertyPath":"/SALES_AREA_VTWEG","modelName":"NewYardModel"},"interaction":{"idSuffix":"inner"}},"wdio_ui5_key":"etmportal.ui.manageyards.view.Newsap.m.Input{\"path\":\"\",\"propertyPath\":\"/SALES_AREA_VTWEG\",\"modelName\":\"NewYardModel\"}"}]}
RESULT: undefined
COMMAND: POST /session/64fa439c5f0b0c6f4585200e3c4c457e/execute/async - {"script":"<script> [776 bytes]","args":[{"enterText":"C2","selector":{"controlType":"sap.m.Input","viewName":"etm.portal.ui.manageyards.view.New","viewId":"application-manageyards-display-component---NewYard","bindingPath":{"path":"","propertyPath":"/SALES_AREA_VTWEG","modelName":"NewYardModel"},"interaction":{"idSuffix":"inner"}},"clearTextFirst":true,"interactionType":"ENTER_TEXT"}]}
RESULT: {"script":"<script> [776 bytes]","args":[{"enterText":"C2","selector":{"controlType":"sap.m.Input","viewName":"etm.portal.ui.manageyards.view.New","viewId":"application-manageyards-display-component---NewYard","bindingPath":{"path":"","propertyPath":"/SALES_AREA_VTWEG","modelName":"NewYardModel"},"interaction":{"idSuffix":"inner"}},"clearTextFirst":true,"interactionType":"ENTER_TEXT"}]}
COMMAND: POST /session/64fa439c5f0b0c6f4585200e3c4c457e/execute/async - {"script":"<script> [1562 bytes]","args":[{"selector":{"controlType":"sap.m.Input","viewName":"etm.portal.ui.manageyards.view.New","viewId":"application-manageyards-display-component---NewYard","bindingPath":{"path":"","propertyPath":"/SALES_AREA_SPART","modelName":"NewYardModel"},"interaction":{"idSuffix":"inner"}},"wdio_ui5_key":"etmportal.ui.manageyards.view.Newsap.m.Input{\"path\":\"\",\"propertyPath\":\"/SALES_AREA_SPART\",\"modelName\":\"NewYardModel\"}"}]}
RESULT: {"script":"<script> [1562 bytes]","args":[{"selector":{"controlType":"sap.m.Input","viewName":"etm.portal.ui.manageyards.view.New","viewId":"application-manageyards-display-component---NewYard","bindingPath":{"path":"","propertyPath":"/SALES_AREA_SPART","modelName":"NewYardModel"},"interaction":{"idSuffix":"inner"}},"wdio_ui5_key":"etmportal.ui.manageyards.view.Newsap.m.Input{\"path\":\"\",\"propertyPath\":\"/SALES_AREA_SPART\",\"modelName\":\"NewYardModel\"}"}]}
RESULT: undefined
COMMAND: POST /session/64fa439c5f0b0c6f4585200e3c4c457e/execute/async - {"script":"<script> [776 bytes]","args":[{"enterText":"C2","selector":{"controlType":"sap.m.Input","viewName":"etm.portal.ui.manageyards.view.New","viewId":"application-manageyards-display-component---NewYard","bindingPath":{"path":"","propertyPath":"/SALES_AREA_SPART","modelName":"NewYardModel"},"interaction":{"idSuffix":"inner"}},"clearTextFirst":true,"interactionType":"ENTER_TEXT"}]}
RESULT: {"script":"<script> [776 bytes]","args":[{"enterText":"C2","selector":{"controlType":"sap.m.Input","viewName":"etm.portal.ui.manageyards.view.New","viewId":"application-manageyards-display-component---NewYard","bindingPath":{"path":"","propertyPath":"/SALES_AREA_SPART","modelName":"NewYardModel"},"interaction":{"idSuffix":"inner"}},"clearTextFirst":true,"interactionType":"ENTER_TEXT"}]}
COMMAND: POST /session/64fa439c5f0b0c6f4585200e3c4c457e/execute/async - {"script":"<script> [1562 bytes]","args":[{"selector":{"controlType":"sap.m.Input","viewName":"etm.portal.ui.manageyards.view.New","viewId":"application-manageyards-display-component---NewYard","bindingPath":{"path":"","propertyPath":"/SHIP_POINT","modelName":"NewYardModel"},"interaction":{"idSuffix":"inner"}},"wdio_ui5_key":"etmportal.ui.manageyards.view.Newsap.m.Input{\"path\":\"\",\"propertyPath\":\"/SHIP_POINT\",\"modelName\":\"NewYardModel\"}"}]}
RESULT: {"script":"<script> [1562 bytes]","args":[{"selector":{"controlType":"sap.m.Input","viewName":"etm.portal.ui.manageyards.view.New","viewId":"application-manageyards-display-component---NewYard","bindingPath":{"path":"","propertyPath":"/SHIP_POINT","modelName":"NewYardModel"},"interaction":{"idSuffix":"inner"}},"wdio_ui5_key":"etmportal.ui.manageyards.view.Newsap.m.Input{\"path\":\"\",\"propertyPath\":\"/SHIP_POINT\",\"modelName\":\"NewYardModel\"}"}]}
RESULT: undefined
COMMAND: POST /session/64fa439c5f0b0c6f4585200e3c4c457e/execute/async - {"script":"<script> [776 bytes]","args":[{"enterText":"1710","selector":{"controlType":"sap.m.Input","viewName":"etm.portal.ui.manageyards.view.New","viewId":"application-manageyards-display-component---NewYard","bindingPath":{"path":"","propertyPath":"/SHIP_POINT","modelName":"NewYardModel"},"interaction":{"idSuffix":"inner"}},"clearTextFirst":true,"interactionType":"ENTER_TEXT"}]}
RESULT: {"script":"<script> [776 bytes]","args":[{"enterText":"1710","selector":{"controlType":"sap.m.Input","viewName":"etm.portal.ui.manageyards.view.New","viewId":"application-manageyards-display-component---NewYard","bindingPath":{"path":"","propertyPath":"/SHIP_POINT","modelName":"NewYardModel"},"interaction":{"idSuffix":"inner"}},"clearTextFirst":true,"interactionType":"ENTER_TEXT"}]}
COMMAND: POST /session/64fa439c5f0b0c6f4585200e3c4c457e/execute/async - {"script":"<script> [1562 bytes]","args":[{"selector":{"controlType":"sap.m.Input","viewName":"etm.portal.ui.manageyards.view.New","viewId":"application-manageyards-display-component---NewYard","bindingPath":{"path":"","propertyPath":"/DELIVERY_TYPE","modelName":"NewYardModel"},"interaction":{"idSuffix":"inner"}},"wdio_ui5_key":"etmportal.ui.manageyards.view.Newsap.m.Input{\"path\":\"\",\"propertyPath\":\"/DELIVERY_TYPE\",\"modelName\":\"NewYardModel\"}"}]}
RESULT: {"script":"<script> [1562 bytes]","args":[{"selector":{"controlType":"sap.m.Input","viewName":"etm.portal.ui.manageyards.view.New","viewId":"application-manageyards-display-component---NewYard","bindingPath":{"path":"","propertyPath":"/DELIVERY_TYPE","modelName":"NewYardModel"},"interaction":{"idSuffix":"inner"}},"wdio_ui5_key":"etmportal.ui.manageyards.view.Newsap.m.Input{\"path\":\"\",\"propertyPath\":\"/DELIVERY_TYPE\",\"modelName\":\"NewYardModel\"}"}]}
RESULT: undefined
COMMAND: POST /session/64fa439c5f0b0c6f4585200e3c4c457e/execute/async - {"script":"<script> [776 bytes]","args":[{"enterText":"ZL01","selector":{"controlType":"sap.m.Input","viewName":"etm.portal.ui.manageyards.view.New","viewId":"application-manageyards-display-component---NewYard","bindingPath":{"path":"","propertyPath":"/DELIVERY_TYPE","modelName":"NewYardModel"},"interaction":{"idSuffix":"inner"}},"clearTextFirst":true,"interactionType":"ENTER_TEXT"}]}
RESULT: {"script":"<script> [776 bytes]","args":[{"enterText":"ZL01","selector":{"controlType":"sap.m.Input","viewName":"etm.portal.ui.manageyards.view.New","viewId":"application-manageyards-display-component---NewYard","bindingPath":{"path":"","propertyPath":"/DELIVERY_TYPE","modelName":"NewYardModel"},"interaction":{"idSuffix":"inner"}},"clearTextFirst":true,"interactionType":"ENTER_TEXT"}]}
COMMAND: POST /session/64fa439c5f0b0c6f4585200e3c4c457e/execute/async - {"script":"<script> [1562 bytes]","args":[{"selector":{"controlType":"sap.m.Input","viewName":"etm.portal.ui.manageyards.view.New","viewId":"application-manageyards-display-component---NewYard","bindingPath":{"path":"","propertyPath":"/AUART","modelName":"NewYardModel"},"interaction":{"idSuffix":"inner"}},"wdio_ui5_key":"etmportal.ui.manageyards.view.Newsap.m.Input{\"path\":\"\",\"propertyPath\":\"/AUART\",\"modelName\":\"NewYardModel\"}"}]}
RESULT: {"script":"<script> [1562 bytes]","args":[{"selector":{"controlType":"sap.m.Input","viewName":"etm.portal.ui.manageyards.view.New","viewId":"application-manageyards-display-component---NewYard","bindingPath":{"path":"","propertyPath":"/AUART","modelName":"NewYardModel"},"interaction":{"idSuffix":"inner"}},"wdio_ui5_key":"etmportal.ui.manageyards.view.Newsap.m.Input{\"path\":\"\",\"propertyPath\":\"/AUART\",\"modelName\":\"NewYardModel\"}"}]}
RESULT: undefined
COMMAND: POST /session/64fa439c5f0b0c6f4585200e3c4c457e/execute/async - {"script":"<script> [776 bytes]","args":[{"enterText":"TA","selector":{"controlType":"sap.m.Input","viewName":"etm.portal.ui.manageyards.view.New","viewId":"application-manageyards-display-component---NewYard","bindingPath":{"path":"","propertyPath":"/AUART","modelName":"NewYardModel"},"interaction":{"idSuffix":"inner"}},"clearTextFirst":true,"interactionType":"ENTER_TEXT"}]}
RESULT: {"script":"<script> [776 bytes]","args":[{"enterText":"TA","selector":{"controlType":"sap.m.Input","viewName":"etm.portal.ui.manageyards.view.New","viewId":"application-manageyards-display-component---NewYard","bindingPath":{"path":"","propertyPath":"/AUART","modelName":"NewYardModel"},"interaction":{"idSuffix":"inner"}},"clearTextFirst":true,"interactionType":"ENTER_TEXT"}]}
COMMAND: POST /session/64fa439c5f0b0c6f4585200e3c4c457e/element - {"using":"xpath","value":"//button[@data-kt=\"newYardSaveButton\"]"}
RESULT: {"using":"xpath","value":"//button[@data-kt=\"newYardSaveButton\"]"}
COMMAND: POST /session/64fa439c5f0b0c6f4585200e3c4c457e/element/f.21A4AE5C8D3A30030B5FDBA346DFF994.d.0B728791D614646900117A0AC57B5969.e.693/click - {}
RESULT: {}
COMMAND: GET /session/64fa439c5f0b0c6f4585200e3c4c457e/screenshot - {}
RESULT: {}
COMMAND: POST /session/64fa439c5f0b0c6f4585200e3c4c457e/element - {"using":"xpath","value":"//header[contains(@id, 'ObjectPageLayout-headerTitle')]/div[1]/div[2]/div[1]/span[1]"}
RESULT: {"using":"xpath","value":"//header[contains(@id, 'ObjectPageLayout-headerTitle')]/div[1]/div[2]/div[1]/span[1]"}
COMMAND: POST /session/64fa439c5f0b0c6f4585200e3c4c457e/elements - {"using":"xpath","value":"//header[contains(@id, 'ObjectPageLayout-headerTitle')]/div[1]/div[2]/div[1]/span[1]"}
RESULT: {"using":"xpath","value":"//header[contains(@id, 'ObjectPageLayout-headerTitle')]/div[1]/div[2]/div[1]/span[1]"}
COMMAND: POST /session/64fa439c5f0b0c6f4585200e3c4c457e/execute/sync - {"script":"<script> [56 bytes]","args":[{"element-6066-11e4-a52e-4f735466cecf":"f.21A4AE5C8D3A30030B5FDBA346DFF994.d.0B728791D614646900117A0AC57B5969.e.991","ELEMENT":"f.21A4AE5C8D3A30030B5FDBA346DFF994.d.0B728791D614646900117A0AC57B5969.e.991"}]}
RESULT: {"script":"<script> [56 bytes]","args":[{"element-6066-11e4-a52e-4f735466cecf":"f.21A4AE5C8D3A30030B5FDBA346DFF994.d.0B728791D614646900117A0AC57B5969.e.991","ELEMENT":"f.21A4AE5C8D3A30030B5FDBA346DFF994.d.0B728791D614646900117A0AC57B5969.e.991"}]}
COMMAND: GET /session/64fa439c5f0b0c6f4585200e3c4c457e/screenshot - {}
RESULT: {}
COMMAND: POST /session/64fa439c5f0b0c6f4585200e3c4c457e/element - {"using":"css selector","value":"#shell-header-logo"}
RESULT: {"using":"css selector","value":"#shell-header-logo"}
COMMAND: POST /session/64fa439c5f0b0c6f4585200e3c4c457e/element/f.21A4AE5C8D3A30030B5FDBA346DFF994.d.0B728791D614646900117A0AC57B5969.e.244/click - {}
RESULT: {}
COMMAND: GET /session/64fa439c5f0b0c6f4585200e3c4c457e/screenshot - {}
RESULT: {}
COMMAND: POST /session/64fa439c5f0b0c6f4585200e3c4c457e/execute/sync - {"script":"<script> [299 bytes]","args":[["getModel","getResource"]]}
RESULT: {"script":"<script> [299 bytes]","args":[["getModel","getResource"]]}
COMMAND: GET /session/64fa439c5f0b0c6f4585200e3c4c457e/screenshot - {}
]]></system-out>
    </testcase>
  </testsuite>
  <testsuite timestamp="2025-04-28T06:26:05" time="153.985" tests="3" failures="1" errors="1" skipped="0">
    <properties>
      <property name="specId" value="0" />
      <property name="suiteName" value="Set up pricing rule(OT) 104624" />
      <property name="capabilities" value="chrome.135_0_7049_96.windows" />
      <property name="file" value="file:///D:/a/1/s/test/specs/BTS/create-pricing-rule.spec.js" />
    </properties>
    <testcase classname="chrome.135_0_7049_96.windows.Set_up_pricing_rule(OT)_104624" name="Should create a new yard used for all following tests" time="0.017">
      <system-out><![CDATA[
COMMAND: POST /session/64fa439c5f0b0c6f4585200e3c4c457e/window/fullscreen - {}
RESULT: {}
]]></system-out>
    </testcase>
    <testcase classname="chrome.135_0_7049_96.windows.Set_up_pricing_rule(OT)_104624" name="Should create a new equipment used for all following tests" time="0.004" />
  </testsuite>
  <testsuite timestamp="2025-04-28T06:28:39" time="419.184" tests="6" failures="0" errors="0" skipped="0">
    <properties>
      <property name="specId" value="0" />
      <property name="suiteName" value="Edit and delete daily price US134629 US134627" />
      <property name="capabilities" value="chrome.135_0_7049_96.windows" />
      <property name="file" value="file:///D:/a/1/s/test/specs/BTS/conditions-prices-daily-price.spec.js" />
    </properties>
    <testcase classname="chrome.135_0_7049_96.windows.Edit_and_delete_daily_price_US134629_US134627" name="Should create a new yard used for all following tests" time="0.026">
      <system-out><![CDATA[
COMMAND: POST /session/64fa439c5f0b0c6f4585200e3c4c457e/window/fullscreen - {}
RESULT: {}
]]></system-out>
    </testcase>
    <testcase classname="chrome.135_0_7049_96.windows.Edit_and_delete_daily_price_US134629_US134627" name="Should create a new partner" time="142.003">
      <system-out><![CDATA[
COMMAND: POST /session/64fa439c5f0b0c6f4585200e3c4c457e/window/fullscreen - {}
RESULT: {}
COMMAND: POST /session/64fa439c5f0b0c6f4585200e3c4c457e/execute/async - {"script":"<script> [1562 bytes]","args":[{"selector":{"controlType":"sap.m.GenericTile","properties":{"header":"Manage Partners"}},"wdio_ui5_key":"sapm.GenericTile{\"header\":\"Manage Partners\"}"}]}
RESULT: {"script":"<script> [1562 bytes]","args":[{"selector":{"controlType":"sap.m.GenericTile","properties":{"header":"Manage Partners"}},"wdio_ui5_key":"sapm.GenericTile{\"header\":\"Manage Partners\"}"}]}
RESULT: undefined
COMMAND: POST /session/64fa439c5f0b0c6f4585200e3c4c457e/element - {"using":"xpath","value":"//*[@id=\"__tile38\"]"}
RESULT: {"using":"xpath","value":"//*[@id=\"__tile38\"]"}
COMMAND: POST /session/64fa439c5f0b0c6f4585200e3c4c457e/element/f.21A4AE5C8D3A30030B5FDBA346DFF994.d.966701048DDEB7B526CC46A7F5E46CCA.e.2560/click - {}
RESULT: {}
COMMAND: POST /session/64fa439c5f0b0c6f4585200e3c4c457e/element - {"using":"xpath","value":"//button[@data-kt=\"addButton\"]"}
COMMAND: GET /session/64fa439c5f0b0c6f4585200e3c4c457e/screenshot - {}
RESULT: {"using":"xpath","value":"//button[@data-kt=\"addButton\"]"}
COMMAND: POST /session/64fa439c5f0b0c6f4585200e3c4c457e/elements - {"using":"xpath","value":"//button[@data-kt=\"addButton\"]"}
RESULT: {}
RESULT: {"using":"xpath","value":"//button[@data-kt=\"addButton\"]"}
COMMAND: POST /session/64fa439c5f0b0c6f4585200e3c4c457e/elements - {"using":"xpath","value":"//button[@data-kt=\"addButton\"]"}
RESULT: {"using":"xpath","value":"//button[@data-kt=\"addButton\"]"}
COMMAND: POST /session/64fa439c5f0b0c6f4585200e3c4c457e/elements - {"using":"xpath","value":"//button[@data-kt=\"addButton\"]"}
RESULT: {"using":"xpath","value":"//button[@data-kt=\"addButton\"]"}
COMMAND: POST /session/64fa439c5f0b0c6f4585200e3c4c457e/elements - {"using":"xpath","value":"//button[@data-kt=\"addButton\"]"}
RESULT: {"using":"xpath","value":"//button[@data-kt=\"addButton\"]"}
COMMAND: POST /session/64fa439c5f0b0c6f4585200e3c4c457e/elements - {"using":"xpath","value":"//button[@data-kt=\"addButton\"]"}
RESULT: {"using":"xpath","value":"//button[@data-kt=\"addButton\"]"}
COMMAND: POST /session/64fa439c5f0b0c6f4585200e3c4c457e/elements - {"using":"xpath","value":"//button[@data-kt=\"addButton\"]"}
RESULT: {"using":"xpath","value":"//button[@data-kt=\"addButton\"]"}
COMMAND: POST /session/64fa439c5f0b0c6f4585200e3c4c457e/elements - {"using":"xpath","value":"//button[@data-kt=\"addButton\"]"}
RESULT: {"using":"xpath","value":"//button[@data-kt=\"addButton\"]"}
COMMAND: POST /session/64fa439c5f0b0c6f4585200e3c4c457e/elements - {"using":"xpath","value":"//button[@data-kt=\"addButton\"]"}
RESULT: {"using":"xpath","value":"//button[@data-kt=\"addButton\"]"}
COMMAND: POST /session/64fa439c5f0b0c6f4585200e3c4c457e/elements - {"using":"xpath","value":"//button[@data-kt=\"addButton\"]"}
RESULT: {"using":"xpath","value":"//button[@data-kt=\"addButton\"]"}
COMMAND: POST /session/64fa439c5f0b0c6f4585200e3c4c457e/elements - {"using":"xpath","value":"//button[@data-kt=\"addButton\"]"}
RESULT: {"using":"xpath","value":"//button[@data-kt=\"addButton\"]"}
COMMAND: POST /session/64fa439c5f0b0c6f4585200e3c4c457e/elements - {"using":"xpath","value":"//button[@data-kt=\"addButton\"]"}
RESULT: {"using":"xpath","value":"//button[@data-kt=\"addButton\"]"}
COMMAND: POST /session/64fa439c5f0b0c6f4585200e3c4c457e/elements - {"using":"xpath","value":"//button[@data-kt=\"addButton\"]"}
RESULT: {"using":"xpath","value":"//button[@data-kt=\"addButton\"]"}
COMMAND: POST /session/64fa439c5f0b0c6f4585200e3c4c457e/elements - {"using":"xpath","value":"//button[@data-kt=\"addButton\"]"}
RESULT: {"using":"xpath","value":"//button[@data-kt=\"addButton\"]"}
COMMAND: POST /session/64fa439c5f0b0c6f4585200e3c4c457e/elements - {"using":"xpath","value":"//button[@data-kt=\"addButton\"]"}
RESULT: {"using":"xpath","value":"//button[@data-kt=\"addButton\"]"}
COMMAND: POST /session/64fa439c5f0b0c6f4585200e3c4c457e/elements - {"using":"xpath","value":"//button[@data-kt=\"addButton\"]"}
RESULT: {"using":"xpath","value":"//button[@data-kt=\"addButton\"]"}
COMMAND: POST /session/64fa439c5f0b0c6f4585200e3c4c457e/elements - {"using":"xpath","value":"//button[@data-kt=\"addButton\"]"}
RESULT: {"using":"xpath","value":"//button[@data-kt=\"addButton\"]"}
COMMAND: POST /session/64fa439c5f0b0c6f4585200e3c4c457e/elements - {"using":"xpath","value":"//button[@data-kt=\"addButton\"]"}
RESULT: {"using":"xpath","value":"//button[@data-kt=\"addButton\"]"}
COMMAND: POST /session/64fa439c5f0b0c6f4585200e3c4c457e/elements - {"using":"xpath","value":"//button[@data-kt=\"addButton\"]"}
RESULT: {"using":"xpath","value":"//button[@data-kt=\"addButton\"]"}
COMMAND: POST /session/64fa439c5f0b0c6f4585200e3c4c457e/elements - {"using":"xpath","value":"//button[@data-kt=\"addButton\"]"}
RESULT: {"using":"xpath","value":"//button[@data-kt=\"addButton\"]"}
COMMAND: POST /session/64fa439c5f0b0c6f4585200e3c4c457e/elements - {"using":"xpath","value":"//button[@data-kt=\"addButton\"]"}
RESULT: {"using":"xpath","value":"//button[@data-kt=\"addButton\"]"}
COMMAND: POST /session/64fa439c5f0b0c6f4585200e3c4c457e/elements - {"using":"xpath","value":"//button[@data-kt=\"addButton\"]"}
RESULT: {"using":"xpath","value":"//button[@data-kt=\"addButton\"]"}
COMMAND: POST /session/64fa439c5f0b0c6f4585200e3c4c457e/elements - {"using":"xpath","value":"//button[@data-kt=\"addButton\"]"}
RESULT: {"using":"xpath","value":"//button[@data-kt=\"addButton\"]"}
COMMAND: POST /session/64fa439c5f0b0c6f4585200e3c4c457e/elements - {"using":"xpath","value":"//button[@data-kt=\"addButton\"]"}
RESULT: {"using":"xpath","value":"//button[@data-kt=\"addButton\"]"}
COMMAND: POST /session/64fa439c5f0b0c6f4585200e3c4c457e/elements - {"using":"xpath","value":"//button[@data-kt=\"addButton\"]"}
RESULT: {"using":"xpath","value":"//button[@data-kt=\"addButton\"]"}
COMMAND: POST /session/64fa439c5f0b0c6f4585200e3c4c457e/elements - {"using":"xpath","value":"//button[@data-kt=\"addButton\"]"}
RESULT: {"using":"xpath","value":"//button[@data-kt=\"addButton\"]"}
COMMAND: POST /session/64fa439c5f0b0c6f4585200e3c4c457e/elements - {"using":"xpath","value":"//button[@data-kt=\"addButton\"]"}
RESULT: {"using":"xpath","value":"//button[@data-kt=\"addButton\"]"}
COMMAND: POST /session/64fa439c5f0b0c6f4585200e3c4c457e/element - {"using":"xpath","value":"//button[@data-kt=\"addButton\"]"}
RESULT: {"using":"xpath","value":"//button[@data-kt=\"addButton\"]"}
COMMAND: POST /session/64fa439c5f0b0c6f4585200e3c4c457e/execute/sync - {"script":"<script> [8489 bytes]","args":[{"element-6066-11e4-a52e-4f735466cecf":"f.21A4AE5C8D3A30030B5FDBA346DFF994.d.966701048DDEB7B526CC46A7F5E46CCA.e.2708","ELEMENT":"f.21A4AE5C8D3A30030B5FDBA346DFF994.d.966701048DDEB7B526CC46A7F5E46CCA.e.2708"}]}
RESULT: {"script":"<script> [8489 bytes]","args":[{"element-6066-11e4-a52e-4f735466cecf":"f.21A4AE5C8D3A30030B5FDBA346DFF994.d.966701048DDEB7B526CC46A7F5E46CCA.e.2708","ELEMENT":"f.21A4AE5C8D3A30030B5FDBA346DFF994.d.966701048DDEB7B526CC46A7F5E46CCA.e.2708"}]}
COMMAND: GET /session/64fa439c5f0b0c6f4585200e3c4c457e/element/f.21A4AE5C8D3A30030B5FDBA346DFF994.d.966701048DDEB7B526CC46A7F5E46CCA.e.2708/enabled - {}
COMMAND: GET /session/64fa439c5f0b0c6f4585200e3c4c457e/screenshot - {}
RESULT: {}
COMMAND: POST /session/64fa439c5f0b0c6f4585200e3c4c457e/execute/sync - {"script":"<script> [8489 bytes]","args":[{"element-6066-11e4-a52e-4f735466cecf":"f.21A4AE5C8D3A30030B5FDBA346DFF994.d.966701048DDEB7B526CC46A7F5E46CCA.e.2708","ELEMENT":"f.21A4AE5C8D3A30030B5FDBA346DFF994.d.966701048DDEB7B526CC46A7F5E46CCA.e.2708"}]}
COMMAND: GET /session/64fa439c5f0b0c6f4585200e3c4c457e/screenshot - {}
RESULT: {}
RESULT: {"script":"<script> [8489 bytes]","args":[{"element-6066-11e4-a52e-4f735466cecf":"f.21A4AE5C8D3A30030B5FDBA346DFF994.d.966701048DDEB7B526CC46A7F5E46CCA.e.2708","ELEMENT":"f.21A4AE5C8D3A30030B5FDBA346DFF994.d.966701048DDEB7B526CC46A7F5E46CCA.e.2708"}]}
COMMAND: POST /session/64fa439c5f0b0c6f4585200e3c4c457e/execute/sync - {"script":"<script> [5351 bytes]","args":[{"element-6066-11e4-a52e-4f735466cecf":"f.21A4AE5C8D3A30030B5FDBA346DFF994.d.966701048DDEB7B526CC46A7F5E46CCA.e.2708","ELEMENT":"f.21A4AE5C8D3A30030B5FDBA346DFF994.d.966701048DDEB7B526CC46A7F5E46CCA.e.2708"}]}
COMMAND: GET /session/64fa439c5f0b0c6f4585200e3c4c457e/screenshot - {}
RESULT: {}
RESULT: {"script":"<script> [5351 bytes]","args":[{"element-6066-11e4-a52e-4f735466cecf":"f.21A4AE5C8D3A30030B5FDBA346DFF994.d.966701048DDEB7B526CC46A7F5E46CCA.e.2708","ELEMENT":"f.21A4AE5C8D3A30030B5FDBA346DFF994.d.966701048DDEB7B526CC46A7F5E46CCA.e.2708"}]}
COMMAND: POST /session/64fa439c5f0b0c6f4585200e3c4c457e/element/f.21A4AE5C8D3A30030B5FDBA346DFF994.d.966701048DDEB7B526CC46A7F5E46CCA.e.2708/click - {}
COMMAND: GET /session/64fa439c5f0b0c6f4585200e3c4c457e/screenshot - {}
RESULT: {}
RESULT: {}
COMMAND: GET /session/64fa439c5f0b0c6f4585200e3c4c457e/screenshot - {}
COMMAND: POST /session/64fa439c5f0b0c6f4585200e3c4c457e/execute/async - {"script":"<script> [1562 bytes]","args":[{"selector":{"id":"application-managepartners-display-component---NewPartner--addressDetailDetailsName1","interaction":{"idSuffix":"inner"}},"wdio_ui5_key":"applicationmanagepartners-display-component---NewPartner--addressDetailDetailsName1"}]}
RESULT: {}
RESULT: {}
RESULT: {"script":"<script> [1562 bytes]","args":[{"selector":{"id":"application-managepartners-display-component---NewPartner--addressDetailDetailsName1","interaction":{"idSuffix":"inner"}},"wdio_ui5_key":"applicationmanagepartners-display-component---NewPartner--addressDetailDetailsName1"}]}
RESULT: undefined
COMMAND: POST /session/64fa439c5f0b0c6f4585200e3c4c457e/execute/async - {"script":"<script> [776 bytes]","args":[{"enterText":"DailyPrice Partner WDIO","selector":{"id":"application-managepartners-display-component---NewPartner--addressDetailDetailsName1","interaction":{"idSuffix":"inner"}},"clearTextFirst":true,"interactionType":"ENTER_TEXT"}]}
RESULT: {"script":"<script> [776 bytes]","args":[{"enterText":"DailyPrice Partner WDIO","selector":{"id":"application-managepartners-display-component---NewPartner--addressDetailDetailsName1","interaction":{"idSuffix":"inner"}},"clearTextFirst":true,"interactionType":"ENTER_TEXT"}]}
COMMAND: POST /session/64fa439c5f0b0c6f4585200e3c4c457e/execute/async - {"script":"<script> [1562 bytes]","args":[{"selector":{"id":"application-managepartners-display-component---NewPartner--addressDetailDetailsLanguage-arrow"},"wdio_ui5_key":"applicationmanagepartners-display-component---NewPartner--addressDetailDetailsLanguage-arrow"}]}
RESULT: {"script":"<script> [1562 bytes]","args":[{"selector":{"id":"application-managepartners-display-component---NewPartner--addressDetailDetailsLanguage-arrow"},"wdio_ui5_key":"applicationmanagepartners-display-component---NewPartner--addressDetailDetailsLanguage-arrow"}]}
RESULT: undefined
COMMAND: POST /session/64fa439c5f0b0c6f4585200e3c4c457e/element - {"using":"xpath","value":"//*[@id=\"application-managepartners-display-component---NewPartner--addressDetailDetailsLanguage-arrow\"]"}
RESULT: {"using":"xpath","value":"//*[@id=\"application-managepartners-display-component---NewPartner--addressDetailDetailsLanguage-arrow\"]"}
COMMAND: POST /session/64fa439c5f0b0c6f4585200e3c4c457e/element/f.21A4AE5C8D3A30030B5FDBA346DFF994.d.966701048DDEB7B526CC46A7F5E46CCA.e.3127/click - {}
RESULT: {}
COMMAND: POST /session/64fa439c5f0b0c6f4585200e3c4c457e/element - {"using":"xpath","value":"//span[contains(text(), \"English\")]"}
COMMAND: GET /session/64fa439c5f0b0c6f4585200e3c4c457e/screenshot - {}
RESULT: {"using":"xpath","value":"//span[contains(text(), \"English\")]"}
COMMAND: POST /session/64fa439c5f0b0c6f4585200e3c4c457e/element/f.21A4AE5C8D3A30030B5FDBA346DFF994.d.966701048DDEB7B526CC46A7F5E46CCA.e.3128/click - {}
RESULT: {}
RESULT: {}
COMMAND: GET /session/64fa439c5f0b0c6f4585200e3c4c457e/screenshot - {}
RESULT: {}
COMMAND: POST /session/64fa439c5f0b0c6f4585200e3c4c457e/execute/async - {"script":"<script> [1562 bytes]","args":[{"selector":{"id":"application-managepartners-display-component---NewPartner--addressDetailDetailsCity1","interaction":{"idSuffix":"inner"}},"wdio_ui5_key":"applicationmanagepartners-display-component---NewPartner--addressDetailDetailsCity1"}]}
RESULT: {"script":"<script> [1562 bytes]","args":[{"selector":{"id":"application-managepartners-display-component---NewPartner--addressDetailDetailsCity1","interaction":{"idSuffix":"inner"}},"wdio_ui5_key":"applicationmanagepartners-display-component---NewPartner--addressDetailDetailsCity1"}]}
RESULT: undefined
COMMAND: POST /session/64fa439c5f0b0c6f4585200e3c4c457e/execute/async - {"script":"<script> [776 bytes]","args":[{"enterText":"Rosario","selector":{"id":"application-managepartners-display-component---NewPartner--addressDetailDetailsCity1","interaction":{"idSuffix":"inner"}},"clearTextFirst":true,"interactionType":"ENTER_TEXT"}]}
RESULT: {"script":"<script> [776 bytes]","args":[{"enterText":"Rosario","selector":{"id":"application-managepartners-display-component---NewPartner--addressDetailDetailsCity1","interaction":{"idSuffix":"inner"}},"clearTextFirst":true,"interactionType":"ENTER_TEXT"}]}
COMMAND: POST /session/64fa439c5f0b0c6f4585200e3c4c457e/execute/async - {"script":"<script> [1562 bytes]","args":[{"selector":{"id":"application-managepartners-display-component---NewPartner--addressDetailDetailsCountry-arrow"},"wdio_ui5_key":"applicationmanagepartners-display-component---NewPartner--addressDetailDetailsCountry-arrow"}]}
RESULT: {"script":"<script> [1562 bytes]","args":[{"selector":{"id":"application-managepartners-display-component---NewPartner--addressDetailDetailsCountry-arrow"},"wdio_ui5_key":"applicationmanagepartners-display-component---NewPartner--addressDetailDetailsCountry-arrow"}]}
RESULT: undefined
COMMAND: POST /session/64fa439c5f0b0c6f4585200e3c4c457e/element - {"using":"xpath","value":"//*[@id=\"application-managepartners-display-component---NewPartner--addressDetailDetailsCountry-arrow\"]"}
RESULT: {"using":"xpath","value":"//*[@id=\"application-managepartners-display-component---NewPartner--addressDetailDetailsCountry-arrow\"]"}
COMMAND: POST /session/64fa439c5f0b0c6f4585200e3c4c457e/element/f.21A4AE5C8D3A30030B5FDBA346DFF994.d.966701048DDEB7B526CC46A7F5E46CCA.e.3065/click - {}
RESULT: {}
COMMAND: POST /session/64fa439c5f0b0c6f4585200e3c4c457e/element - {"using":"xpath","value":"//span[contains(text(), \"Argentina\")]"}
COMMAND: GET /session/64fa439c5f0b0c6f4585200e3c4c457e/screenshot - {}
RESULT: {"using":"xpath","value":"//span[contains(text(), \"Argentina\")]"}
COMMAND: POST /session/64fa439c5f0b0c6f4585200e3c4c457e/element/f.21A4AE5C8D3A30030B5FDBA346DFF994.d.966701048DDEB7B526CC46A7F5E46CCA.e.3130/click - {}
RESULT: {}
RESULT: {}
COMMAND: GET /session/64fa439c5f0b0c6f4585200e3c4c457e/screenshot - {}
RESULT: {}
COMMAND: POST /session/64fa439c5f0b0c6f4585200e3c4c457e/element - {"using":"xpath","value":"//bdi[contains(text(), \"Commercial\")]"}
RESULT: {"using":"xpath","value":"//bdi[contains(text(), \"Commercial\")]"}
COMMAND: POST /session/64fa439c5f0b0c6f4585200e3c4c457e/element/f.21A4AE5C8D3A30030B5FDBA346DFF994.d.966701048DDEB7B526CC46A7F5E46CCA.e.3131/click - {}
RESULT: {}
COMMAND: GET /session/64fa439c5f0b0c6f4585200e3c4c457e/screenshot - {}
RESULT: {}
COMMAND: POST /session/64fa439c5f0b0c6f4585200e3c4c457e/execute/async - {"script":"<script> [1562 bytes]","args":[{"selector":{"id":"application-managepartners-display-component---NewPartner--partnerDetailInternal-arrow"},"wdio_ui5_key":"applicationmanagepartners-display-component---NewPartner--partnerDetailInternal-arrow"}]}
RESULT: {"script":"<script> [1562 bytes]","args":[{"selector":{"id":"application-managepartners-display-component---NewPartner--partnerDetailInternal-arrow"},"wdio_ui5_key":"applicationmanagepartners-display-component---NewPartner--partnerDetailInternal-arrow"}]}
RESULT: undefined
COMMAND: POST /session/64fa439c5f0b0c6f4585200e3c4c457e/element - {"using":"xpath","value":"//*[@id=\"application-managepartners-display-component---NewPartner--partnerDetailInternal-arrow\"]"}
RESULT: {"using":"xpath","value":"//*[@id=\"application-managepartners-display-component---NewPartner--partnerDetailInternal-arrow\"]"}
COMMAND: POST /session/64fa439c5f0b0c6f4585200e3c4c457e/element/f.21A4AE5C8D3A30030B5FDBA346DFF994.d.966701048DDEB7B526CC46A7F5E46CCA.e.3137/click - {}
RESULT: {}
COMMAND: POST /session/64fa439c5f0b0c6f4585200e3c4c457e/element - {"using":"xpath","value":"//span[contains(text(), \"Affiliated company\")]"}
COMMAND: GET /session/64fa439c5f0b0c6f4585200e3c4c457e/screenshot - {}
RESULT: {"using":"xpath","value":"//span[contains(text(), \"Affiliated company\")]"}
COMMAND: POST /session/64fa439c5f0b0c6f4585200e3c4c457e/element/f.21A4AE5C8D3A30030B5FDBA346DFF994.d.966701048DDEB7B526CC46A7F5E46CCA.e.3138/click - {}
RESULT: {}
RESULT: {}
COMMAND: POST /session/64fa439c5f0b0c6f4585200e3c4c457e/execute/async - {"script":"<script> [1562 bytes]","args":[{"selector":{"id":"application-managepartners-display-component---NewPartner--partnerDetailsCurrency-arrow"},"wdio_ui5_key":"applicationmanagepartners-display-component---NewPartner--partnerDetailsCurrency-arrow"}]}
COMMAND: GET /session/64fa439c5f0b0c6f4585200e3c4c457e/screenshot - {}
RESULT: {"script":"<script> [1562 bytes]","args":[{"selector":{"id":"application-managepartners-display-component---NewPartner--partnerDetailsCurrency-arrow"},"wdio_ui5_key":"applicationmanagepartners-display-component---NewPartner--partnerDetailsCurrency-arrow"}]}
RESULT: undefined
COMMAND: POST /session/64fa439c5f0b0c6f4585200e3c4c457e/element - {"using":"xpath","value":"//*[@id=\"application-managepartners-display-component---NewPartner--partnerDetailsCurrency-arrow\"]"}
RESULT: {}
RESULT: {"using":"xpath","value":"//*[@id=\"application-managepartners-display-component---NewPartner--partnerDetailsCurrency-arrow\"]"}
COMMAND: POST /session/64fa439c5f0b0c6f4585200e3c4c457e/element/f.21A4AE5C8D3A30030B5FDBA346DFF994.d.966701048DDEB7B526CC46A7F5E46CCA.e.3145/click - {}
RESULT: {}
COMMAND: POST /session/64fa439c5f0b0c6f4585200e3c4c457e/element - {"using":"xpath","value":"//span[contains(text(), \"Euro\")]"}
COMMAND: GET /session/64fa439c5f0b0c6f4585200e3c4c457e/screenshot - {}
RESULT: {"using":"xpath","value":"//span[contains(text(), \"Euro\")]"}
COMMAND: POST /session/64fa439c5f0b0c6f4585200e3c4c457e/element/f.21A4AE5C8D3A30030B5FDBA346DFF994.d.966701048DDEB7B526CC46A7F5E46CCA.e.3146/click - {}
RESULT: {}
RESULT: {}
COMMAND: POST /session/64fa439c5f0b0c6f4585200e3c4c457e/execute/async - {"script":"<script> [1562 bytes]","args":[{"selector":{"id":"application-managepartners-display-component---NewPartner--addressEditDetailsCostObjectCstType-arrow"},"wdio_ui5_key":"applicationmanagepartners-display-component---NewPartner--addressEditDetailsCostObjectCstType-arrow"}]}
COMMAND: GET /session/64fa439c5f0b0c6f4585200e3c4c457e/screenshot - {}
RESULT: {"script":"<script> [1562 bytes]","args":[{"selector":{"id":"application-managepartners-display-component---NewPartner--addressEditDetailsCostObjectCstType-arrow"},"wdio_ui5_key":"applicationmanagepartners-display-component---NewPartner--addressEditDetailsCostObjectCstType-arrow"}]}
RESULT: undefined
COMMAND: POST /session/64fa439c5f0b0c6f4585200e3c4c457e/element - {"using":"xpath","value":"//*[@id=\"application-managepartners-display-component---NewPartner--addressEditDetailsCostObjectCstType-arrow\"]"}
RESULT: {}
RESULT: {"using":"xpath","value":"//*[@id=\"application-managepartners-display-component---NewPartner--addressEditDetailsCostObjectCstType-arrow\"]"}
COMMAND: POST /session/64fa439c5f0b0c6f4585200e3c4c457e/element/f.21A4AE5C8D3A30030B5FDBA346DFF994.d.966701048DDEB7B526CC46A7F5E46CCA.e.3147/click - {}
RESULT: {}
COMMAND: POST /session/64fa439c5f0b0c6f4585200e3c4c457e/element - {"using":"xpath","value":"//span[contains(text(), \"Cost Center\")]"}
COMMAND: GET /session/64fa439c5f0b0c6f4585200e3c4c457e/screenshot - {}
RESULT: {"using":"xpath","value":"//span[contains(text(), \"Cost Center\")]"}
COMMAND: POST /session/64fa439c5f0b0c6f4585200e3c4c457e/element/f.21A4AE5C8D3A30030B5FDBA346DFF994.d.966701048DDEB7B526CC46A7F5E46CCA.e.3148/click - {}
RESULT: {}
RESULT: {}
COMMAND: GET /session/64fa439c5f0b0c6f4585200e3c4c457e/screenshot - {}
RESULT: {}
COMMAND: POST /session/64fa439c5f0b0c6f4585200e3c4c457e/element - {"using":"xpath","value":"//span[@id=\"application-managepartners-display-component---NewPartner--addressNewCostObjectCstID-vhi\"]"}
RESULT: {"using":"xpath","value":"//span[@id=\"application-managepartners-display-component---NewPartner--addressNewCostObjectCstID-vhi\"]"}
COMMAND: POST /session/64fa439c5f0b0c6f4585200e3c4c457e/execute/sync - {"script":"<script> [8489 bytes]","args":[{"element-6066-11e4-a52e-4f735466cecf":"f.21A4AE5C8D3A30030B5FDBA346DFF994.d.966701048DDEB7B526CC46A7F5E46CCA.e.3152","ELEMENT":"f.21A4AE5C8D3A30030B5FDBA346DFF994.d.966701048DDEB7B526CC46A7F5E46CCA.e.3152"}]}
RESULT: {"script":"<script> [8489 bytes]","args":[{"element-6066-11e4-a52e-4f735466cecf":"f.21A4AE5C8D3A30030B5FDBA346DFF994.d.966701048DDEB7B526CC46A7F5E46CCA.e.3152","ELEMENT":"f.21A4AE5C8D3A30030B5FDBA346DFF994.d.966701048DDEB7B526CC46A7F5E46CCA.e.3152"}]}
COMMAND: POST /session/64fa439c5f0b0c6f4585200e3c4c457e/execute/async - {"script":"<script> [1562 bytes]","args":[{"selector":{"id":"application-managepartners-display-component---NewPartner--addressNewCostObjectCstID-vhi"},"wdio_ui5_key":"applicationmanagepartners-display-component---NewPartner--addressNewCostObjectCstID-vhi"}]}
COMMAND: GET /session/64fa439c5f0b0c6f4585200e3c4c457e/screenshot - {}
RESULT: {"script":"<script> [1562 bytes]","args":[{"selector":{"id":"application-managepartners-display-component---NewPartner--addressNewCostObjectCstID-vhi"},"wdio_ui5_key":"applicationmanagepartners-display-component---NewPartner--addressNewCostObjectCstID-vhi"}]}
RESULT: undefined
COMMAND: POST /session/64fa439c5f0b0c6f4585200e3c4c457e/element - {"using":"xpath","value":"//*[@id=\"application-managepartners-display-component---NewPartner--addressNewCostObjectCstID-vhi\"]"}
RESULT: {}
RESULT: {"using":"xpath","value":"//*[@id=\"application-managepartners-display-component---NewPartner--addressNewCostObjectCstID-vhi\"]"}
COMMAND: POST /session/64fa439c5f0b0c6f4585200e3c4c457e/element/f.21A4AE5C8D3A30030B5FDBA346DFF994.d.966701048DDEB7B526CC46A7F5E46CCA.e.3152/click - {}
RESULT: {}
COMMAND: GET /session/64fa439c5f0b0c6f4585200e3c4c457e/screenshot - {}
RESULT: {}
COMMAND: POST /session/64fa439c5f0b0c6f4585200e3c4c457e/execute/async - {"script":"<script> [1562 bytes]","args":[{"selector":{"controlType":"sap.m.SearchField","properties":{"placeholder":"Search"},"searchOpenDialogs":true,"interaction":{"idSuffix":"I"}},"wdio_ui5_key":"sapm.SearchField{\"placeholder\":\"Search\"}"}]}
RESULT: {"script":"<script> [1562 bytes]","args":[{"selector":{"controlType":"sap.m.SearchField","properties":{"placeholder":"Search"},"searchOpenDialogs":true,"interaction":{"idSuffix":"I"}},"wdio_ui5_key":"sapm.SearchField{\"placeholder\":\"Search\"}"}]}
RESULT: undefined
COMMAND: POST /session/64fa439c5f0b0c6f4585200e3c4c457e/execute/async - {"script":"<script> [776 bytes]","args":[{"enterText":"10001013","selector":{"controlType":"sap.m.SearchField","properties":{"placeholder":"Search"},"searchOpenDialogs":true,"interaction":{"idSuffix":"I"}},"clearTextFirst":true,"interactionType":"ENTER_TEXT"}]}
RESULT: {"script":"<script> [776 bytes]","args":[{"enterText":"10001013","selector":{"controlType":"sap.m.SearchField","properties":{"placeholder":"Search"},"searchOpenDialogs":true,"interaction":{"idSuffix":"I"}},"clearTextFirst":true,"interactionType":"ENTER_TEXT"}]}
COMMAND: POST /session/64fa439c5f0b0c6f4585200e3c4c457e/actions - {"actions":[{"id":"action5","type":"key","parameters":{},"actions":[{"type":"keyDown","value":"î€‡"},{"type":"pause","duration":10},{"type":"keyUp","value":"î€‡"}]}]}
RESULT: {"actions":[{"id":"action5","type":"key","parameters":{},"actions":[{"type":"keyDown","value":"î€‡"},{"type":"pause","duration":10},{"type":"keyUp","value":"î€‡"}]}]}
COMMAND: GET /session/64fa439c5f0b0c6f4585200e3c4c457e/screenshot - {}
RESULT: {}
COMMAND: POST /session/64fa439c5f0b0c6f4585200e3c4c457e/element - {"using":"xpath","value":"//span[contains(text(), \"General Management\")]"}
RESULT: {"using":"xpath","value":"//span[contains(text(), \"General Management\")]"}
COMMAND: POST /session/64fa439c5f0b0c6f4585200e3c4c457e/element/f.21A4AE5C8D3A30030B5FDBA346DFF994.d.966701048DDEB7B526CC46A7F5E46CCA.e.3194/click - {}
RESULT: {}
COMMAND: GET /session/64fa439c5f0b0c6f4585200e3c4c457e/screenshot - {}
RESULT: {}
COMMAND: POST /session/64fa439c5f0b0c6f4585200e3c4c457e/element - {"using":"xpath","value":"//bdi[contains(text(), \"OK\")]"}
RESULT: {"using":"xpath","value":"//bdi[contains(text(), \"OK\")]"}
COMMAND: POST /session/64fa439c5f0b0c6f4585200e3c4c457e/element/f.21A4AE5C8D3A30030B5FDBA346DFF994.d.966701048DDEB7B526CC46A7F5E46CCA.e.3195/click - {}
RESULT: {}
COMMAND: GET /session/64fa439c5f0b0c6f4585200e3c4c457e/screenshot - {}
RESULT: {}
COMMAND: POST /session/64fa439c5f0b0c6f4585200e3c4c457e/element - {"using":"xpath","value":"//input[@id=\"application-managepartners-display-component---NewPartner--companyCodeComboBox-inner\"]"}
RESULT: {"using":"xpath","value":"//input[@id=\"application-managepartners-display-component---NewPartner--companyCodeComboBox-inner\"]"}
COMMAND: POST /session/64fa439c5f0b0c6f4585200e3c4c457e/element/f.21A4AE5C8D3A30030B5FDBA346DFF994.d.966701048DDEB7B526CC46A7F5E46CCA.e.3022/clear - {}
RESULT: {}
COMMAND: POST /session/64fa439c5f0b0c6f4585200e3c4c457e/element/f.21A4AE5C8D3A30030B5FDBA346DFF994.d.966701048DDEB7B526CC46A7F5E46CCA.e.3022/value - {"text":"C002"}
COMMAND: GET /session/64fa439c5f0b0c6f4585200e3c4c457e/screenshot - {}
RESULT: {"text":"C002"}
COMMAND: GET /session/64fa439c5f0b0c6f4585200e3c4c457e/screenshot - {}
RESULT: {}
RESULT: {}
COMMAND: POST /session/64fa439c5f0b0c6f4585200e3c4c457e/element - {"using":"xpath","value":"//span[contains(text(), \"C002\")]"}
RESULT: {"using":"xpath","value":"//span[contains(text(), \"C002\")]"}
COMMAND: POST /session/64fa439c5f0b0c6f4585200e3c4c457e/element/f.21A4AE5C8D3A30030B5FDBA346DFF994.d.966701048DDEB7B526CC46A7F5E46CCA.e.3201/click - {}
RESULT: {}
COMMAND: GET /session/64fa439c5f0b0c6f4585200e3c4c457e/screenshot - {}
RESULT: {}
COMMAND: POST /session/64fa439c5f0b0c6f4585200e3c4c457e/execute/async - {"script":"<script> [1562 bytes]","args":[{"selector":{"id":"application-managepartners-display-component---NewPartner--btnAddTableRow-img"},"wdio_ui5_key":"applicationmanagepartners-display-component---NewPartner--btnAddTableRow-img"}]}
RESULT: {"script":"<script> [1562 bytes]","args":[{"selector":{"id":"application-managepartners-display-component---NewPartner--btnAddTableRow-img"},"wdio_ui5_key":"applicationmanagepartners-display-component---NewPartner--btnAddTableRow-img"}]}
RESULT: undefined
COMMAND: POST /session/64fa439c5f0b0c6f4585200e3c4c457e/element - {"using":"xpath","value":"//*[@id=\"application-managepartners-display-component---NewPartner--btnAddTableRow-img\"]"}
RESULT: {"using":"xpath","value":"//*[@id=\"application-managepartners-display-component---NewPartner--btnAddTableRow-img\"]"}
COMMAND: POST /session/64fa439c5f0b0c6f4585200e3c4c457e/element/f.21A4AE5C8D3A30030B5FDBA346DFF994.d.966701048DDEB7B526CC46A7F5E46CCA.e.3202/click - {}
RESULT: {}
COMMAND: GET /session/64fa439c5f0b0c6f4585200e3c4c457e/screenshot - {}
RESULT: {}
COMMAND: POST /session/64fa439c5f0b0c6f4585200e3c4c457e/element - {"using":"xpath","value":"//input[@id=\"application-managepartners-display-component---NewPartner--assignmentYard-application-managepartners-display-component---NewPartner--assignmentsTable-0-inner\"]"}
RESULT: {"using":"xpath","value":"//input[@id=\"application-managepartners-display-component---NewPartner--assignmentYard-application-managepartners-display-component---NewPartner--assignmentsTable-0-inner\"]"}
COMMAND: POST /session/64fa439c5f0b0c6f4585200e3c4c457e/element/f.21A4AE5C8D3A30030B5FDBA346DFF994.d.966701048DDEB7B526CC46A7F5E46CCA.e.3205/clear - {}
RESULT: {}
COMMAND: POST /session/64fa439c5f0b0c6f4585200e3c4c457e/element/f.21A4AE5C8D3A30030B5FDBA346DFF994.d.966701048DDEB7B526CC46A7F5E46CCA.e.3205/value - {"text":"305"}
COMMAND: GET /session/64fa439c5f0b0c6f4585200e3c4c457e/screenshot - {}
RESULT: {"text":"305"}
COMMAND: GET /session/64fa439c5f0b0c6f4585200e3c4c457e/screenshot - {}
RESULT: {}
RESULT: {}
COMMAND: POST /session/64fa439c5f0b0c6f4585200e3c4c457e/element - {"using":"xpath","value":"//li[.//span[text()='305']]"}
RESULT: {"using":"xpath","value":"//li[.//span[text()='305']]"}
COMMAND: POST /session/64fa439c5f0b0c6f4585200e3c4c457e/element/f.21A4AE5C8D3A30030B5FDBA346DFF994.d.966701048DDEB7B526CC46A7F5E46CCA.e.3215/click - {}
RESULT: {}
COMMAND: GET /session/64fa439c5f0b0c6f4585200e3c4c457e/screenshot - {}
RESULT: {}
COMMAND: POST /session/64fa439c5f0b0c6f4585200e3c4c457e/actions - {"actions":[{"id":"action6","type":"key","parameters":{},"actions":[{"type":"keyDown","value":"î€‡"},{"type":"pause","duration":10},{"type":"keyUp","value":"î€‡"}]}]}
RESULT: {"actions":[{"id":"action6","type":"key","parameters":{},"actions":[{"type":"keyDown","value":"î€‡"},{"type":"pause","duration":10},{"type":"keyUp","value":"î€‡"}]}]}
COMMAND: POST /session/64fa439c5f0b0c6f4585200e3c4c457e/execute/async - {"script":"<script> [1562 bytes]","args":[{"selector":{"id":"application-managepartners-display-component---NewPartner--externalCustomerComboBox-application-managepartners-display-component---NewPartner--assignmentsTable-0-vhi"},"wdio_ui5_key":"applicationmanagepartners-display-component---NewPartner--externalCustomerComboBox-application-managepartners-display-component---NewPartner--assignmentsTable-0-vhi"}]}
COMMAND: GET /session/64fa439c5f0b0c6f4585200e3c4c457e/screenshot - {}
RESULT: {"script":"<script> [1562 bytes]","args":[{"selector":{"id":"application-managepartners-display-component---NewPartner--externalCustomerComboBox-application-managepartners-display-component---NewPartner--assignmentsTable-0-vhi"},"wdio_ui5_key":"applicationmanagepartners-display-component---NewPartner--externalCustomerComboBox-application-managepartners-display-component---NewPartner--assignmentsTable-0-vhi"}]}
RESULT: undefined
COMMAND: POST /session/64fa439c5f0b0c6f4585200e3c4c457e/element - {"using":"xpath","value":"//*[@id=\"application-managepartners-display-component---NewPartner--externalCustomerComboBox-application-managepartners-display-component---NewPartner--assignmentsTable-0-vhi\"]"}
RESULT: {}
RESULT: {"using":"xpath","value":"//*[@id=\"application-managepartners-display-component---NewPartner--externalCustomerComboBox-application-managepartners-display-component---NewPartner--assignmentsTable-0-vhi\"]"}
COMMAND: POST /session/64fa439c5f0b0c6f4585200e3c4c457e/element/f.21A4AE5C8D3A30030B5FDBA346DFF994.d.966701048DDEB7B526CC46A7F5E46CCA.e.3219/click - {}
RESULT: {}
RESULT: undefined
COMMAND: POST /session/64fa439c5f0b0c6f4585200e3c4c457e/execute/async - {"script":"<script> [776 bytes]","args":[{"enterText":"300003","selector":{"controlType":"sap.m.SearchField","properties":{"placeholder":"Search"},"searchOpenDialogs":true,"interaction":{"idSuffix":"I"}},"clearTextFirst":true,"interactionType":"ENTER_TEXT"}]}
COMMAND: GET /session/64fa439c5f0b0c6f4585200e3c4c457e/screenshot - {}
RESULT: {"script":"<script> [776 bytes]","args":[{"enterText":"300003","selector":{"controlType":"sap.m.SearchField","properties":{"placeholder":"Search"},"searchOpenDialogs":true,"interaction":{"idSuffix":"I"}},"clearTextFirst":true,"interactionType":"ENTER_TEXT"}]}
COMMAND: POST /session/64fa439c5f0b0c6f4585200e3c4c457e/actions - {"actions":[{"id":"action7","type":"key","parameters":{},"actions":[{"type":"keyDown","value":"î€‡"},{"type":"pause","duration":10},{"type":"keyUp","value":"î€‡"}]}]}
RESULT: {}
RESULT: {"actions":[{"id":"action7","type":"key","parameters":{},"actions":[{"type":"keyDown","value":"î€‡"},{"type":"pause","duration":10},{"type":"keyUp","value":"î€‡"}]}]}
COMMAND: GET /session/64fa439c5f0b0c6f4585200e3c4c457e/screenshot - {}
RESULT: {}
COMMAND: POST /session/64fa439c5f0b0c6f4585200e3c4c457e/element - {"using":"xpath","value":"//span[contains(text(), \"300003\")]"}
RESULT: {"using":"xpath","value":"//span[contains(text(), \"300003\")]"}
COMMAND: POST /session/64fa439c5f0b0c6f4585200e3c4c457e/element/f.21A4AE5C8D3A30030B5FDBA346DFF994.d.966701048DDEB7B526CC46A7F5E46CCA.e.3236/click - {}
RESULT: {}
COMMAND: GET /session/64fa439c5f0b0c6f4585200e3c4c457e/screenshot - {}
RESULT: {}
COMMAND: POST /session/64fa439c5f0b0c6f4585200e3c4c457e/element - {"using":"xpath","value":"//bdi[contains(text(), \"OK\")]"}
RESULT: {"using":"xpath","value":"//bdi[contains(text(), \"OK\")]"}
COMMAND: POST /session/64fa439c5f0b0c6f4585200e3c4c457e/element/f.21A4AE5C8D3A30030B5FDBA346DFF994.d.966701048DDEB7B526CC46A7F5E46CCA.e.3238/click - {}
RESULT: {}
COMMAND: GET /session/64fa439c5f0b0c6f4585200e3c4c457e/screenshot - {}
RESULT: {}
COMMAND: POST /session/64fa439c5f0b0c6f4585200e3c4c457e/execute/async - {"script":"<script> [1562 bytes]","args":[{"selector":{"id":"application-managepartners-display-component---NewPartner--intercompVendorComboBox-application-managepartners-display-component---NewPartner--assignmentsTable-0-vhi"},"wdio_ui5_key":"applicationmanagepartners-display-component---NewPartner--intercompVendorComboBox-application-managepartners-display-component---NewPartner--assignmentsTable-0-vhi"}]}
RESULT: {"script":"<script> [1562 bytes]","args":[{"selector":{"id":"application-managepartners-display-component---NewPartner--intercompVendorComboBox-application-managepartners-display-component---NewPartner--assignmentsTable-0-vhi"},"wdio_ui5_key":"applicationmanagepartners-display-component---NewPartner--intercompVendorComboBox-application-managepartners-display-component---NewPartner--assignmentsTable-0-vhi"}]}
RESULT: undefined
COMMAND: POST /session/64fa439c5f0b0c6f4585200e3c4c457e/element - {"using":"xpath","value":"//*[@id=\"application-managepartners-display-component---NewPartner--intercompVendorComboBox-application-managepartners-display-component---NewPartner--assignmentsTable-0-vhi\"]"}
RESULT: {"using":"xpath","value":"//*[@id=\"application-managepartners-display-component---NewPartner--intercompVendorComboBox-application-managepartners-display-component---NewPartner--assignmentsTable-0-vhi\"]"}
COMMAND: POST /session/64fa439c5f0b0c6f4585200e3c4c457e/element/f.21A4AE5C8D3A30030B5FDBA346DFF994.d.966701048DDEB7B526CC46A7F5E46CCA.e.3242/click - {}
RESULT: {}
RESULT: undefined
COMMAND: POST /session/64fa439c5f0b0c6f4585200e3c4c457e/execute/async - {"script":"<script> [776 bytes]","args":[{"enterText":"100005","selector":{"controlType":"sap.m.SearchField","properties":{"placeholder":"Search"},"searchOpenDialogs":true,"interaction":{"idSuffix":"I"}},"clearTextFirst":true,"interactionType":"ENTER_TEXT"}]}
COMMAND: GET /session/64fa439c5f0b0c6f4585200e3c4c457e/screenshot - {}
RESULT: {"script":"<script> [776 bytes]","args":[{"enterText":"100005","selector":{"controlType":"sap.m.SearchField","properties":{"placeholder":"Search"},"searchOpenDialogs":true,"interaction":{"idSuffix":"I"}},"clearTextFirst":true,"interactionType":"ENTER_TEXT"}]}
COMMAND: POST /session/64fa439c5f0b0c6f4585200e3c4c457e/actions - {"actions":[{"id":"action8","type":"key","parameters":{},"actions":[{"type":"keyDown","value":"î€‡"},{"type":"pause","duration":10},{"type":"keyUp","value":"î€‡"}]}]}
RESULT: {}
RESULT: {"actions":[{"id":"action8","type":"key","parameters":{},"actions":[{"type":"keyDown","value":"î€‡"},{"type":"pause","duration":10},{"type":"keyUp","value":"î€‡"}]}]}
COMMAND: GET /session/64fa439c5f0b0c6f4585200e3c4c457e/screenshot - {}
RESULT: {}
COMMAND: POST /session/64fa439c5f0b0c6f4585200e3c4c457e/element - {"using":"xpath","value":"//span[contains(text(), \"Penguins - Field/12345 Berlin\")]"}
RESULT: {"using":"xpath","value":"//span[contains(text(), \"Penguins - Field/12345 Berlin\")]"}
COMMAND: POST /session/64fa439c5f0b0c6f4585200e3c4c457e/element/f.21A4AE5C8D3A30030B5FDBA346DFF994.d.966701048DDEB7B526CC46A7F5E46CCA.e.3258/click - {}
RESULT: {}
COMMAND: GET /session/64fa439c5f0b0c6f4585200e3c4c457e/screenshot - {}
RESULT: {}
COMMAND: POST /session/64fa439c5f0b0c6f4585200e3c4c457e/element - {"using":"xpath","value":"//bdi[contains(text(), \"OK\")]"}
RESULT: {"using":"xpath","value":"//bdi[contains(text(), \"OK\")]"}
COMMAND: POST /session/64fa439c5f0b0c6f4585200e3c4c457e/element/f.21A4AE5C8D3A30030B5FDBA346DFF994.d.966701048DDEB7B526CC46A7F5E46CCA.e.3259/click - {}
RESULT: {}
COMMAND: GET /session/64fa439c5f0b0c6f4585200e3c4c457e/screenshot - {}
RESULT: {}
COMMAND: POST /session/64fa439c5f0b0c6f4585200e3c4c457e/element - {"using":"xpath","value":"//button[@data-kt=\"saveButton\"]"}
RESULT: {"using":"xpath","value":"//button[@data-kt=\"saveButton\"]"}
COMMAND: POST /session/64fa439c5f0b0c6f4585200e3c4c457e/element/f.21A4AE5C8D3A30030B5FDBA346DFF994.d.966701048DDEB7B526CC46A7F5E46CCA.e.3105/click - {}
RESULT: {}
COMMAND: GET /session/64fa439c5f0b0c6f4585200e3c4c457e/screenshot - {}
RESULT: {}
COMMAND: POST /session/64fa439c5f0b0c6f4585200e3c4c457e/element - {"using":"xpath","value":"//header[contains(@id, 'ObjectPageLayout-headerTitle')]/div[1]/div[2]/div[2]/span[1]"}
RESULT: {"using":"xpath","value":"//header[contains(@id, 'ObjectPageLayout-headerTitle')]/div[1]/div[2]/div[2]/span[1]"}
COMMAND: POST /session/64fa439c5f0b0c6f4585200e3c4c457e/elements - {"using":"xpath","value":"//header[contains(@id, 'ObjectPageLayout-headerTitle')]/div[1]/div[2]/div[2]/span[1]"}
RESULT: {"using":"xpath","value":"//header[contains(@id, 'ObjectPageLayout-headerTitle')]/div[1]/div[2]/div[2]/span[1]"}
COMMAND: POST /session/64fa439c5f0b0c6f4585200e3c4c457e/execute/sync - {"script":"<script> [56 bytes]","args":[{"element-6066-11e4-a52e-4f735466cecf":"f.21A4AE5C8D3A30030B5FDBA346DFF994.d.966701048DDEB7B526CC46A7F5E46CCA.e.3424","ELEMENT":"f.21A4AE5C8D3A30030B5FDBA346DFF994.d.966701048DDEB7B526CC46A7F5E46CCA.e.3424"}]}
RESULT: {"script":"<script> [56 bytes]","args":[{"element-6066-11e4-a52e-4f735466cecf":"f.21A4AE5C8D3A30030B5FDBA346DFF994.d.966701048DDEB7B526CC46A7F5E46CCA.e.3424","ELEMENT":"f.21A4AE5C8D3A30030B5FDBA346DFF994.d.966701048DDEB7B526CC46A7F5E46CCA.e.3424"}]}
COMMAND: POST /session/64fa439c5f0b0c6f4585200e3c4c457e/element - {"using":"css selector","value":"#shell-header-logo"}
COMMAND: GET /session/64fa439c5f0b0c6f4585200e3c4c457e/screenshot - {}
RESULT: {"using":"css selector","value":"#shell-header-logo"}
COMMAND: POST /session/64fa439c5f0b0c6f4585200e3c4c457e/element/f.21A4AE5C8D3A30030B5FDBA346DFF994.d.966701048DDEB7B526CC46A7F5E46CCA.e.2673/click - {}
RESULT: {}
RESULT: {}
COMMAND: GET /session/64fa439c5f0b0c6f4585200e3c4c457e/screenshot - {}
RESULT: {}
COMMAND: POST /session/64fa439c5f0b0c6f4585200e3c4c457e/execute/sync - {"script":"<script> [299 bytes]","args":[["getModel","getResource"]]}
RESULT: {"script":"<script> [299 bytes]","args":[["getModel","getResource"]]}
]]></system-out>
    </testcase>
    <testcase classname="chrome.135_0_7049_96.windows.Edit_and_delete_daily_price_US134629_US134627" name="Should create a new site used for following tests" time="103.918">
      <system-out><![CDATA[
COMMAND: POST /session/64fa439c5f0b0c6f4585200e3c4c457e/execute/async - {"script":"<script> [1562 bytes]","args":[{"selector":{"controlType":"sap.m.TileContent","bindingPath":{"path":"","propertyPath":"/properties/info"},"ancestor":{"controlType":"sap.m.GenericTile","properties":{"header":"Manage Sites"}}},"wdio_ui5_key":"sapm.TileContent{\"path\":\"\",\"propertyPath\":\"/properties/info\"}{\"controlType\":\"sap.m.GenericTile\",\"properties\":{\"header\":\"Manage Sites\"}}"}]}
COMMAND: GET /session/64fa439c5f0b0c6f4585200e3c4c457e/screenshot - {}
RESULT: {"script":"<script> [1562 bytes]","args":[{"selector":{"controlType":"sap.m.TileContent","bindingPath":{"path":"","propertyPath":"/properties/info"},"ancestor":{"controlType":"sap.m.GenericTile","properties":{"header":"Manage Sites"}}},"wdio_ui5_key":"sapm.TileContent{\"path\":\"\",\"propertyPath\":\"/properties/info\"}{\"controlType\":\"sap.m.GenericTile\",\"properties\":{\"header\":\"Manage Sites\"}}"}]}
RESULT: undefined
COMMAND: POST /session/64fa439c5f0b0c6f4585200e3c4c457e/element - {"using":"xpath","value":"//*[@id=\"__xmlview7--numericTileContent\"]"}
RESULT: {}
RESULT: {"using":"xpath","value":"//*[@id=\"__xmlview7--numericTileContent\"]"}
COMMAND: POST /session/64fa439c5f0b0c6f4585200e3c4c457e/element/f.21A4AE5C8D3A30030B5FDBA346DFF994.d.966701048DDEB7B526CC46A7F5E46CCA.e.3426/click - {}
RESULT: {}
COMMAND: POST /session/64fa439c5f0b0c6f4585200e3c4c457e/element - {"using":"xpath","value":"//button[@data-kt=\"addOverflowToolbarButton\"]"}
COMMAND: GET /session/64fa439c5f0b0c6f4585200e3c4c457e/screenshot - {}
RESULT: {"using":"xpath","value":"//button[@data-kt=\"addOverflowToolbarButton\"]"}
COMMAND: POST /session/64fa439c5f0b0c6f4585200e3c4c457e/elements - {"using":"xpath","value":"//button[@data-kt=\"addOverflowToolbarButton\"]"}
RESULT: {}
RESULT: {"using":"xpath","value":"//button[@data-kt=\"addOverflowToolbarButton\"]"}
COMMAND: POST /session/64fa439c5f0b0c6f4585200e3c4c457e/elements - {"using":"xpath","value":"//button[@data-kt=\"addOverflowToolbarButton\"]"}
RESULT: {"using":"xpath","value":"//button[@data-kt=\"addOverflowToolbarButton\"]"}
COMMAND: POST /session/64fa439c5f0b0c6f4585200e3c4c457e/elements - {"using":"xpath","value":"//button[@data-kt=\"addOverflowToolbarButton\"]"}
RESULT: {"using":"xpath","value":"//button[@data-kt=\"addOverflowToolbarButton\"]"}
COMMAND: POST /session/64fa439c5f0b0c6f4585200e3c4c457e/element - {"using":"xpath","value":"//button[@data-kt=\"addOverflowToolbarButton\"]"}
RESULT: {"using":"xpath","value":"//button[@data-kt=\"addOverflowToolbarButton\"]"}
COMMAND: POST /session/64fa439c5f0b0c6f4585200e3c4c457e/execute/sync - {"script":"<script> [8489 bytes]","args":[{"element-6066-11e4-a52e-4f735466cecf":"f.21A4AE5C8D3A30030B5FDBA346DFF994.d.966701048DDEB7B526CC46A7F5E46CCA.e.3472","ELEMENT":"f.21A4AE5C8D3A30030B5FDBA346DFF994.d.966701048DDEB7B526CC46A7F5E46CCA.e.3472"}]}
RESULT: {"script":"<script> [8489 bytes]","args":[{"element-6066-11e4-a52e-4f735466cecf":"f.21A4AE5C8D3A30030B5FDBA346DFF994.d.966701048DDEB7B526CC46A7F5E46CCA.e.3472","ELEMENT":"f.21A4AE5C8D3A30030B5FDBA346DFF994.d.966701048DDEB7B526CC46A7F5E46CCA.e.3472"}]}
COMMAND: GET /session/64fa439c5f0b0c6f4585200e3c4c457e/element/f.21A4AE5C8D3A30030B5FDBA346DFF994.d.966701048DDEB7B526CC46A7F5E46CCA.e.3472/enabled - {}
COMMAND: GET /session/64fa439c5f0b0c6f4585200e3c4c457e/screenshot - {}
RESULT: {}
COMMAND: POST /session/64fa439c5f0b0c6f4585200e3c4c457e/execute/sync - {"script":"<script> [8489 bytes]","args":[{"element-6066-11e4-a52e-4f735466cecf":"f.21A4AE5C8D3A30030B5FDBA346DFF994.d.966701048DDEB7B526CC46A7F5E46CCA.e.3472","ELEMENT":"f.21A4AE5C8D3A30030B5FDBA346DFF994.d.966701048DDEB7B526CC46A7F5E46CCA.e.3472"}]}
COMMAND: GET /session/64fa439c5f0b0c6f4585200e3c4c457e/screenshot - {}
RESULT: {}
RESULT: {"script":"<script> [8489 bytes]","args":[{"element-6066-11e4-a52e-4f735466cecf":"f.21A4AE5C8D3A30030B5FDBA346DFF994.d.966701048DDEB7B526CC46A7F5E46CCA.e.3472","ELEMENT":"f.21A4AE5C8D3A30030B5FDBA346DFF994.d.966701048DDEB7B526CC46A7F5E46CCA.e.3472"}]}
COMMAND: POST /session/64fa439c5f0b0c6f4585200e3c4c457e/execute/sync - {"script":"<script> [5351 bytes]","args":[{"element-6066-11e4-a52e-4f735466cecf":"f.21A4AE5C8D3A30030B5FDBA346DFF994.d.966701048DDEB7B526CC46A7F5E46CCA.e.3472","ELEMENT":"f.21A4AE5C8D3A30030B5FDBA346DFF994.d.966701048DDEB7B526CC46A7F5E46CCA.e.3472"}]}
COMMAND: GET /session/64fa439c5f0b0c6f4585200e3c4c457e/screenshot - {}
RESULT: {}
RESULT: {"script":"<script> [5351 bytes]","args":[{"element-6066-11e4-a52e-4f735466cecf":"f.21A4AE5C8D3A30030B5FDBA346DFF994.d.966701048DDEB7B526CC46A7F5E46CCA.e.3472","ELEMENT":"f.21A4AE5C8D3A30030B5FDBA346DFF994.d.966701048DDEB7B526CC46A7F5E46CCA.e.3472"}]}
COMMAND: POST /session/64fa439c5f0b0c6f4585200e3c4c457e/element/f.21A4AE5C8D3A30030B5FDBA346DFF994.d.966701048DDEB7B526CC46A7F5E46CCA.e.3472/click - {}
COMMAND: GET /session/64fa439c5f0b0c6f4585200e3c4c457e/screenshot - {}
RESULT: {}
RESULT: {}
COMMAND: GET /session/64fa439c5f0b0c6f4585200e3c4c457e/screenshot - {}
RESULT: {}
COMMAND: POST /session/64fa439c5f0b0c6f4585200e3c4c457e/execute/async - {"script":"<script> [1562 bytes]","args":[{"selector":{"id":"application-managesites-display-component---NewSite--addressDetailDetailsName1","interaction":{"idSuffix":"inner"}},"wdio_ui5_key":"applicationmanagesites-display-component---NewSite--addressDetailDetailsName1"}]}
RESULT: {}
RESULT: {"script":"<script> [1562 bytes]","args":[{"selector":{"id":"application-managesites-display-component---NewSite--addressDetailDetailsName1","interaction":{"idSuffix":"inner"}},"wdio_ui5_key":"applicationmanagesites-display-component---NewSite--addressDetailDetailsName1"}]}
RESULT: undefined
COMMAND: POST /session/64fa439c5f0b0c6f4585200e3c4c457e/execute/async - {"script":"<script> [776 bytes]","args":[{"enterText":"DailyPrice WDIO","selector":{"id":"application-managesites-display-component---NewSite--addressDetailDetailsName1","interaction":{"idSuffix":"inner"}},"clearTextFirst":true,"interactionType":"ENTER_TEXT"}]}
RESULT: {"script":"<script> [776 bytes]","args":[{"enterText":"DailyPrice WDIO","selector":{"id":"application-managesites-display-component---NewSite--addressDetailDetailsName1","interaction":{"idSuffix":"inner"}},"clearTextFirst":true,"interactionType":"ENTER_TEXT"}]}
COMMAND: POST /session/64fa439c5f0b0c6f4585200e3c4c457e/execute/async - {"script":"<script> [1562 bytes]","args":[{"selector":{"id":"application-managesites-display-component---NewSite--addressDetailDetailsLanguage-arrow"},"wdio_ui5_key":"applicationmanagesites-display-component---NewSite--addressDetailDetailsLanguage-arrow"}]}
RESULT: {"script":"<script> [1562 bytes]","args":[{"selector":{"id":"application-managesites-display-component---NewSite--addressDetailDetailsLanguage-arrow"},"wdio_ui5_key":"applicationmanagesites-display-component---NewSite--addressDetailDetailsLanguage-arrow"}]}
RESULT: undefined
COMMAND: POST /session/64fa439c5f0b0c6f4585200e3c4c457e/element - {"using":"xpath","value":"//*[@id=\"application-managesites-display-component---NewSite--addressDetailDetailsLanguage-arrow\"]"}
RESULT: {"using":"xpath","value":"//*[@id=\"application-managesites-display-component---NewSite--addressDetailDetailsLanguage-arrow\"]"}
COMMAND: POST /session/64fa439c5f0b0c6f4585200e3c4c457e/element/f.21A4AE5C8D3A30030B5FDBA346DFF994.d.966701048DDEB7B526CC46A7F5E46CCA.e.3867/click - {}
RESULT: {}
COMMAND: POST /session/64fa439c5f0b0c6f4585200e3c4c457e/element - {"using":"xpath","value":"//span[contains(text(), \"English\")]"}
COMMAND: GET /session/64fa439c5f0b0c6f4585200e3c4c457e/screenshot - {}
RESULT: {"using":"xpath","value":"//span[contains(text(), \"English\")]"}
COMMAND: POST /session/64fa439c5f0b0c6f4585200e3c4c457e/element/f.21A4AE5C8D3A30030B5FDBA346DFF994.d.966701048DDEB7B526CC46A7F5E46CCA.e.3868/click - {}
RESULT: {}
RESULT: {}
COMMAND: POST /session/64fa439c5f0b0c6f4585200e3c4c457e/execute/async - {"script":"<script> [1562 bytes]","args":[{"selector":{"id":"application-managesites-display-component---NewSite--addressDetailDetailsCity1","interaction":{"idSuffix":"inner"}},"wdio_ui5_key":"applicationmanagesites-display-component---NewSite--addressDetailDetailsCity1"}]}
COMMAND: GET /session/64fa439c5f0b0c6f4585200e3c4c457e/screenshot - {}
RESULT: {"script":"<script> [1562 bytes]","args":[{"selector":{"id":"application-managesites-display-component---NewSite--addressDetailDetailsCity1","interaction":{"idSuffix":"inner"}},"wdio_ui5_key":"applicationmanagesites-display-component---NewSite--addressDetailDetailsCity1"}]}
RESULT: undefined
COMMAND: POST /session/64fa439c5f0b0c6f4585200e3c4c457e/execute/async - {"script":"<script> [776 bytes]","args":[{"enterText":"Rosario","selector":{"id":"application-managesites-display-component---NewSite--addressDetailDetailsCity1","interaction":{"idSuffix":"inner"}},"clearTextFirst":true,"interactionType":"ENTER_TEXT"}]}
RESULT: {}
RESULT: {"script":"<script> [776 bytes]","args":[{"enterText":"Rosario","selector":{"id":"application-managesites-display-component---NewSite--addressDetailDetailsCity1","interaction":{"idSuffix":"inner"}},"clearTextFirst":true,"interactionType":"ENTER_TEXT"}]}
COMMAND: POST /session/64fa439c5f0b0c6f4585200e3c4c457e/execute/async - {"script":"<script> [1562 bytes]","args":[{"selector":{"id":"application-managesites-display-component---NewSite--addressDetailDetailsCountry-arrow"},"wdio_ui5_key":"applicationmanagesites-display-component---NewSite--addressDetailDetailsCountry-arrow"}]}
RESULT: {"script":"<script> [1562 bytes]","args":[{"selector":{"id":"application-managesites-display-component---NewSite--addressDetailDetailsCountry-arrow"},"wdio_ui5_key":"applicationmanagesites-display-component---NewSite--addressDetailDetailsCountry-arrow"}]}
RESULT: undefined
COMMAND: POST /session/64fa439c5f0b0c6f4585200e3c4c457e/element - {"using":"xpath","value":"//*[@id=\"application-managesites-display-component---NewSite--addressDetailDetailsCountry-arrow\"]"}
RESULT: {"using":"xpath","value":"//*[@id=\"application-managesites-display-component---NewSite--addressDetailDetailsCountry-arrow\"]"}
COMMAND: POST /session/64fa439c5f0b0c6f4585200e3c4c457e/element/f.21A4AE5C8D3A30030B5FDBA346DFF994.d.966701048DDEB7B526CC46A7F5E46CCA.e.3870/click - {}
RESULT: {}
COMMAND: POST /session/64fa439c5f0b0c6f4585200e3c4c457e/element - {"using":"xpath","value":"//span[contains(text(), \"Argentina\")]"}
COMMAND: GET /session/64fa439c5f0b0c6f4585200e3c4c457e/screenshot - {}
RESULT: {"using":"xpath","value":"//span[contains(text(), \"Argentina\")]"}
COMMAND: POST /session/64fa439c5f0b0c6f4585200e3c4c457e/element/f.21A4AE5C8D3A30030B5FDBA346DFF994.d.966701048DDEB7B526CC46A7F5E46CCA.e.3871/click - {}
RESULT: {}
RESULT: {}
COMMAND: GET /session/64fa439c5f0b0c6f4585200e3c4c457e/screenshot - {}
RESULT: {}
COMMAND: POST /session/64fa439c5f0b0c6f4585200e3c4c457e/execute/async - {"script":"<script> [1562 bytes]","args":[{"selector":{"id":"application-managesites-display-component---NewSite--addressEditDetailsCostObjectCstType-arrow"},"wdio_ui5_key":"applicationmanagesites-display-component---NewSite--addressEditDetailsCostObjectCstType-arrow"}]}
RESULT: {"script":"<script> [1562 bytes]","args":[{"selector":{"id":"application-managesites-display-component---NewSite--addressEditDetailsCostObjectCstType-arrow"},"wdio_ui5_key":"applicationmanagesites-display-component---NewSite--addressEditDetailsCostObjectCstType-arrow"}]}
RESULT: undefined
COMMAND: POST /session/64fa439c5f0b0c6f4585200e3c4c457e/element - {"using":"xpath","value":"//*[@id=\"application-managesites-display-component---NewSite--addressEditDetailsCostObjectCstType-arrow\"]"}
RESULT: {"using":"xpath","value":"//*[@id=\"application-managesites-display-component---NewSite--addressEditDetailsCostObjectCstType-arrow\"]"}
COMMAND: POST /session/64fa439c5f0b0c6f4585200e3c4c457e/element/f.21A4AE5C8D3A30030B5FDBA346DFF994.d.966701048DDEB7B526CC46A7F5E46CCA.e.3873/click - {}
RESULT: {}
COMMAND: POST /session/64fa439c5f0b0c6f4585200e3c4c457e/element - {"using":"xpath","value":"//span[contains(text(), \"Cost Center\")]"}
COMMAND: GET /session/64fa439c5f0b0c6f4585200e3c4c457e/screenshot - {}
RESULT: {"using":"xpath","value":"//span[contains(text(), \"Cost Center\")]"}
COMMAND: POST /session/64fa439c5f0b0c6f4585200e3c4c457e/element/f.21A4AE5C8D3A30030B5FDBA346DFF994.d.966701048DDEB7B526CC46A7F5E46CCA.e.3875/click - {}
RESULT: {}
RESULT: {}
COMMAND: GET /session/64fa439c5f0b0c6f4585200e3c4c457e/screenshot - {}
RESULT: {}
COMMAND: POST /session/64fa439c5f0b0c6f4585200e3c4c457e/element - {"using":"xpath","value":"//span[@id=\"application-managesites-display-component---NewSite--addressNewCostObjectCstID-vhi\"]"}
RESULT: {"using":"xpath","value":"//span[@id=\"application-managesites-display-component---NewSite--addressNewCostObjectCstID-vhi\"]"}
COMMAND: POST /session/64fa439c5f0b0c6f4585200e3c4c457e/execute/sync - {"script":"<script> [8489 bytes]","args":[{"element-6066-11e4-a52e-4f735466cecf":"f.21A4AE5C8D3A30030B5FDBA346DFF994.d.966701048DDEB7B526CC46A7F5E46CCA.e.3879","ELEMENT":"f.21A4AE5C8D3A30030B5FDBA346DFF994.d.966701048DDEB7B526CC46A7F5E46CCA.e.3879"}]}
RESULT: {"script":"<script> [8489 bytes]","args":[{"element-6066-11e4-a52e-4f735466cecf":"f.21A4AE5C8D3A30030B5FDBA346DFF994.d.966701048DDEB7B526CC46A7F5E46CCA.e.3879","ELEMENT":"f.21A4AE5C8D3A30030B5FDBA346DFF994.d.966701048DDEB7B526CC46A7F5E46CCA.e.3879"}]}
COMMAND: POST /session/64fa439c5f0b0c6f4585200e3c4c457e/execute/async - {"script":"<script> [1562 bytes]","args":[{"selector":{"id":"application-managesites-display-component---NewSite--addressNewCostObjectCstID-vhi"},"wdio_ui5_key":"applicationmanagesites-display-component---NewSite--addressNewCostObjectCstID-vhi"}]}
COMMAND: GET /session/64fa439c5f0b0c6f4585200e3c4c457e/screenshot - {}
RESULT: {"script":"<script> [1562 bytes]","args":[{"selector":{"id":"application-managesites-display-component---NewSite--addressNewCostObjectCstID-vhi"},"wdio_ui5_key":"applicationmanagesites-display-component---NewSite--addressNewCostObjectCstID-vhi"}]}
RESULT: undefined
COMMAND: POST /session/64fa439c5f0b0c6f4585200e3c4c457e/element - {"using":"xpath","value":"//*[@id=\"application-managesites-display-component---NewSite--addressNewCostObjectCstID-vhi\"]"}
RESULT: {}
RESULT: {"using":"xpath","value":"//*[@id=\"application-managesites-display-component---NewSite--addressNewCostObjectCstID-vhi\"]"}
COMMAND: POST /session/64fa439c5f0b0c6f4585200e3c4c457e/element/f.21A4AE5C8D3A30030B5FDBA346DFF994.d.966701048DDEB7B526CC46A7F5E46CCA.e.3879/click - {}
RESULT: {}
COMMAND: GET /session/64fa439c5f0b0c6f4585200e3c4c457e/screenshot - {}
RESULT: {}
RESULT: undefined
COMMAND: POST /session/64fa439c5f0b0c6f4585200e3c4c457e/execute/async - {"script":"<script> [776 bytes]","args":[{"enterText":"10001013","selector":{"controlType":"sap.m.SearchField","properties":{"placeholder":"Search"},"searchOpenDialogs":true,"interaction":{"idSuffix":"I"}},"clearTextFirst":true,"interactionType":"ENTER_TEXT"}]}
RESULT: {"script":"<script> [776 bytes]","args":[{"enterText":"10001013","selector":{"controlType":"sap.m.SearchField","properties":{"placeholder":"Search"},"searchOpenDialogs":true,"interaction":{"idSuffix":"I"}},"clearTextFirst":true,"interactionType":"ENTER_TEXT"}]}
COMMAND: POST /session/64fa439c5f0b0c6f4585200e3c4c457e/actions - {"actions":[{"id":"action9","type":"key","parameters":{},"actions":[{"type":"keyDown","value":"î€‡"},{"type":"pause","duration":10},{"type":"keyUp","value":"î€‡"}]}]}
RESULT: {"actions":[{"id":"action9","type":"key","parameters":{},"actions":[{"type":"keyDown","value":"î€‡"},{"type":"pause","duration":10},{"type":"keyUp","value":"î€‡"}]}]}
COMMAND: GET /session/64fa439c5f0b0c6f4585200e3c4c457e/screenshot - {}
RESULT: {}
COMMAND: POST /session/64fa439c5f0b0c6f4585200e3c4c457e/element - {"using":"xpath","value":"//span[contains(text(), \"General Management\")]"}
RESULT: {"using":"xpath","value":"//span[contains(text(), \"General Management\")]"}
COMMAND: POST /session/64fa439c5f0b0c6f4585200e3c4c457e/element/f.21A4AE5C8D3A30030B5FDBA346DFF994.d.966701048DDEB7B526CC46A7F5E46CCA.e.3916/click - {}
RESULT: {}
COMMAND: GET /session/64fa439c5f0b0c6f4585200e3c4c457e/screenshot - {}
RESULT: {}
COMMAND: POST /session/64fa439c5f0b0c6f4585200e3c4c457e/element - {"using":"xpath","value":"//bdi[contains(text(), \"OK\")]"}
RESULT: {"using":"xpath","value":"//bdi[contains(text(), \"OK\")]"}
COMMAND: POST /session/64fa439c5f0b0c6f4585200e3c4c457e/element/f.21A4AE5C8D3A30030B5FDBA346DFF994.d.966701048DDEB7B526CC46A7F5E46CCA.e.3917/click - {}
RESULT: {}
COMMAND: GET /session/64fa439c5f0b0c6f4585200e3c4c457e/screenshot - {}
RESULT: {}
COMMAND: POST /session/64fa439c5f0b0c6f4585200e3c4c457e/element - {"using":"xpath","value":"//input[@id=\"application-managesites-display-component---NewSite--addressDetailDetailsCalendar-inner\"]"}
RESULT: {"using":"xpath","value":"//input[@id=\"application-managesites-display-component---NewSite--addressDetailDetailsCalendar-inner\"]"}
COMMAND: POST /session/64fa439c5f0b0c6f4585200e3c4c457e/element/f.21A4AE5C8D3A30030B5FDBA346DFF994.d.966701048DDEB7B526CC46A7F5E46CCA.e.3720/clear - {}
RESULT: {}
COMMAND: POST /session/64fa439c5f0b0c6f4585200e3c4c457e/element/f.21A4AE5C8D3A30030B5FDBA346DFF994.d.966701048DDEB7B526CC46A7F5E46CCA.e.3720/value - {"text":"Unit"}
COMMAND: GET /session/64fa439c5f0b0c6f4585200e3c4c457e/screenshot - {}
RESULT: {"text":"Unit"}
COMMAND: GET /session/64fa439c5f0b0c6f4585200e3c4c457e/screenshot - {}
RESULT: {}
RESULT: {}
COMMAND: POST /session/64fa439c5f0b0c6f4585200e3c4c457e/actions - {"actions":[{"id":"action10","type":"key","parameters":{},"actions":[{"type":"keyDown","value":"î€‡"},{"type":"pause","duration":10},{"type":"keyUp","value":"î€‡"}]}]}
RESULT: {"actions":[{"id":"action10","type":"key","parameters":{},"actions":[{"type":"keyDown","value":"î€‡"},{"type":"pause","duration":10},{"type":"keyUp","value":"î€‡"}]}]}
COMMAND: POST /session/64fa439c5f0b0c6f4585200e3c4c457e/element - {"using":"xpath","value":"//input[@id=\"application-managesites-display-component---NewSite--addressDetailDetailsYard-inner\"]"}
COMMAND: GET /session/64fa439c5f0b0c6f4585200e3c4c457e/screenshot - {}
RESULT: {"using":"xpath","value":"//input[@id=\"application-managesites-display-component---NewSite--addressDetailDetailsYard-inner\"]"}
COMMAND: POST /session/64fa439c5f0b0c6f4585200e3c4c457e/element/f.21A4AE5C8D3A30030B5FDBA346DFF994.d.966701048DDEB7B526CC46A7F5E46CCA.e.3721/clear - {}
RESULT: {}
RESULT: {}
COMMAND: POST /session/64fa439c5f0b0c6f4585200e3c4c457e/element/f.21A4AE5C8D3A30030B5FDBA346DFF994.d.966701048DDEB7B526CC46A7F5E46CCA.e.3721/value - {"text":"305"}
COMMAND: GET /session/64fa439c5f0b0c6f4585200e3c4c457e/screenshot - {}
RESULT: {"text":"305"}
COMMAND: GET /session/64fa439c5f0b0c6f4585200e3c4c457e/screenshot - {}
RESULT: {}
RESULT: {}
COMMAND: POST /session/64fa439c5f0b0c6f4585200e3c4c457e/element - {"using":"xpath","value":"//li[.//span[text()='305']]"}
RESULT: {"using":"xpath","value":"//li[.//span[text()='305']]"}
COMMAND: POST /session/64fa439c5f0b0c6f4585200e3c4c457e/element/f.21A4AE5C8D3A30030B5FDBA346DFF994.d.966701048DDEB7B526CC46A7F5E46CCA.e.3925/click - {}
RESULT: {}
COMMAND: GET /session/64fa439c5f0b0c6f4585200e3c4c457e/screenshot - {}
RESULT: {}
COMMAND: POST /session/64fa439c5f0b0c6f4585200e3c4c457e/element - {"using":"xpath","value":"//input[@id=\"application-managesites-display-component---NewSite--addressDetailDetailsPartner-inner\"]"}
RESULT: {"using":"xpath","value":"//input[@id=\"application-managesites-display-component---NewSite--addressDetailDetailsPartner-inner\"]"}
COMMAND: POST /session/64fa439c5f0b0c6f4585200e3c4c457e/element - {"using":"xpath","value":"//input[@id=\"application-managesites-display-component---NewSite--addressDetailDetailsPartner-inner\"]"}
RESULT: {"using":"xpath","value":"//input[@id=\"application-managesites-display-component---NewSite--addressDetailDetailsPartner-inner\"]"}
COMMAND: POST /session/64fa439c5f0b0c6f4585200e3c4c457e/element - {"using":"xpath","value":"//button[@data-kt=\"saveButton\"]"}
RESULT: {"using":"xpath","value":"//button[@data-kt=\"saveButton\"]"}
COMMAND: POST /session/64fa439c5f0b0c6f4585200e3c4c457e/element/f.21A4AE5C8D3A30030B5FDBA346DFF994.d.966701048DDEB7B526CC46A7F5E46CCA.e.3853/click - {}
RESULT: {}
COMMAND: GET /session/64fa439c5f0b0c6f4585200e3c4c457e/screenshot - {}
RESULT: {}
COMMAND: POST /session/64fa439c5f0b0c6f4585200e3c4c457e/element - {"using":"xpath","value":"//header[contains(@id, 'ObjectPageLayout-headerTitle')]/div[1]/div[2]/div[2]/span[1]"}
RESULT: {"using":"xpath","value":"//header[contains(@id, 'ObjectPageLayout-headerTitle')]/div[1]/div[2]/div[2]/span[1]"}
COMMAND: POST /session/64fa439c5f0b0c6f4585200e3c4c457e/elements - {"using":"xpath","value":"//header[contains(@id, 'ObjectPageLayout-headerTitle')]/div[1]/div[2]/div[2]/span[1]"}
RESULT: {"using":"xpath","value":"//header[contains(@id, 'ObjectPageLayout-headerTitle')]/div[1]/div[2]/div[2]/span[1]"}
COMMAND: POST /session/64fa439c5f0b0c6f4585200e3c4c457e/execute/sync - {"script":"<script> [56 bytes]","args":[{"element-6066-11e4-a52e-4f735466cecf":"f.21A4AE5C8D3A30030B5FDBA346DFF994.d.966701048DDEB7B526CC46A7F5E46CCA.e.4128","ELEMENT":"f.21A4AE5C8D3A30030B5FDBA346DFF994.d.966701048DDEB7B526CC46A7F5E46CCA.e.4128"}]}
RESULT: {"script":"<script> [56 bytes]","args":[{"element-6066-11e4-a52e-4f735466cecf":"f.21A4AE5C8D3A30030B5FDBA346DFF994.d.966701048DDEB7B526CC46A7F5E46CCA.e.4128","ELEMENT":"f.21A4AE5C8D3A30030B5FDBA346DFF994.d.966701048DDEB7B526CC46A7F5E46CCA.e.4128"}]}
COMMAND: POST /session/64fa439c5f0b0c6f4585200e3c4c457e/element - {"using":"css selector","value":"#shell-header-logo"}
COMMAND: GET /session/64fa439c5f0b0c6f4585200e3c4c457e/screenshot - {}
RESULT: {"using":"css selector","value":"#shell-header-logo"}
COMMAND: POST /session/64fa439c5f0b0c6f4585200e3c4c457e/element/f.21A4AE5C8D3A30030B5FDBA346DFF994.d.966701048DDEB7B526CC46A7F5E46CCA.e.3430/click - {}
RESULT: {}
RESULT: {}
COMMAND: GET /session/64fa439c5f0b0c6f4585200e3c4c457e/screenshot - {}
RESULT: {}
COMMAND: POST /session/64fa439c5f0b0c6f4585200e3c4c457e/execute/sync - {"script":"<script> [299 bytes]","args":[["getModel","getResource"]]}
RESULT: {"script":"<script> [299 bytes]","args":[["getModel","getResource"]]}
]]></system-out>
    </testcase>
    <testcase classname="chrome.135_0_7049_96.windows.Edit_and_delete_daily_price_US134629_US134627" name="Should go to Manage Conditions Daily Price and add the 2 rows one with yard site and one with yard" time="73.559">
      <system-out><![CDATA[
COMMAND: GET /session/64fa439c5f0b0c6f4585200e3c4c457e/screenshot - {}
COMMAND: POST /session/64fa439c5f0b0c6f4585200e3c4c457e/window/fullscreen - {}
RESULT: {}
RESULT: {}
COMMAND: POST /session/64fa439c5f0b0c6f4585200e3c4c457e/execute/async - {"script":"<script> [1562 bytes]","args":[{"selector":{"controlType":"sap.m.GenericTile","properties":{"header":"Manage Conditions & Prices"}},"wdio_ui5_key":"sapm.GenericTile{\"header\":\"Manage Conditions & Prices\"}"}]}
RESULT: {"script":"<script> [1562 bytes]","args":[{"selector":{"controlType":"sap.m.GenericTile","properties":{"header":"Manage Conditions & Prices"}},"wdio_ui5_key":"sapm.GenericTile{\"header\":\"Manage Conditions & Prices\"}"}]}
RESULT: undefined
COMMAND: POST /session/64fa439c5f0b0c6f4585200e3c4c457e/element - {"using":"xpath","value":"//*[@id=\"__tile53\"]"}
RESULT: {"using":"xpath","value":"//*[@id=\"__tile53\"]"}
COMMAND: POST /session/64fa439c5f0b0c6f4585200e3c4c457e/element/f.21A4AE5C8D3A30030B5FDBA346DFF994.d.966701048DDEB7B526CC46A7F5E46CCA.e.2610/click - {}
RESULT: {}
COMMAND: POST /session/64fa439c5f0b0c6f4585200e3c4c457e/element - {"using":"xpath","value":"//button[@aria-label=\"Create\"]"}
COMMAND: GET /session/64fa439c5f0b0c6f4585200e3c4c457e/screenshot - {}
RESULT: {"using":"xpath","value":"//button[@aria-label=\"Create\"]"}
COMMAND: POST /session/64fa439c5f0b0c6f4585200e3c4c457e/elements - {"using":"xpath","value":"//button[@aria-label=\"Create\"]"}
RESULT: {}
RESULT: {"using":"xpath","value":"//button[@aria-label=\"Create\"]"}
COMMAND: POST /session/64fa439c5f0b0c6f4585200e3c4c457e/elements - {"using":"xpath","value":"//button[@aria-label=\"Create\"]"}
RESULT: {"using":"xpath","value":"//button[@aria-label=\"Create\"]"}
COMMAND: POST /session/64fa439c5f0b0c6f4585200e3c4c457e/elements - {"using":"xpath","value":"//button[@aria-label=\"Create\"]"}
RESULT: {"using":"xpath","value":"//button[@aria-label=\"Create\"]"}
COMMAND: POST /session/64fa439c5f0b0c6f4585200e3c4c457e/elements - {"using":"xpath","value":"//button[@aria-label=\"Create\"]"}
RESULT: {"using":"xpath","value":"//button[@aria-label=\"Create\"]"}
COMMAND: POST /session/64fa439c5f0b0c6f4585200e3c4c457e/elements - {"using":"xpath","value":"//button[@aria-label=\"Create\"]"}
RESULT: {"using":"xpath","value":"//button[@aria-label=\"Create\"]"}
COMMAND: POST /session/64fa439c5f0b0c6f4585200e3c4c457e/elements - {"using":"xpath","value":"//button[@aria-label=\"Create\"]"}
RESULT: {"using":"xpath","value":"//button[@aria-label=\"Create\"]"}
COMMAND: POST /session/64fa439c5f0b0c6f4585200e3c4c457e/elements - {"using":"xpath","value":"//button[@aria-label=\"Create\"]"}
RESULT: {"using":"xpath","value":"//button[@aria-label=\"Create\"]"}
COMMAND: POST /session/64fa439c5f0b0c6f4585200e3c4c457e/elements - {"using":"xpath","value":"//button[@aria-label=\"Create\"]"}
RESULT: {"using":"xpath","value":"//button[@aria-label=\"Create\"]"}
COMMAND: POST /session/64fa439c5f0b0c6f4585200e3c4c457e/element - {"using":"xpath","value":"//button[@aria-label=\"Create\"]"}
RESULT: {"using":"xpath","value":"//button[@aria-label=\"Create\"]"}
COMMAND: POST /session/64fa439c5f0b0c6f4585200e3c4c457e/element/f.21A4AE5C8D3A30030B5FDBA346DFF994.d.966701048DDEB7B526CC46A7F5E46CCA.e.4161/click - {}
RESULT: {}
COMMAND: GET /session/64fa439c5f0b0c6f4585200e3c4c457e/screenshot - {}
RESULT: {}
COMMAND: POST /session/64fa439c5f0b0c6f4585200e3c4c457e/actions - {"actions":[{"id":"action11","type":"key","parameters":{},"actions":[{"type":"keyDown","value":"î€•"},{"type":"pause","duration":10},{"type":"keyUp","value":"î€•"}]}]}
RESULT: {"actions":[{"id":"action11","type":"key","parameters":{},"actions":[{"type":"keyDown","value":"î€•"},{"type":"pause","duration":10},{"type":"keyUp","value":"î€•"}]}]}
COMMAND: POST /session/64fa439c5f0b0c6f4585200e3c4c457e/actions - {"actions":[{"id":"action12","type":"key","parameters":{},"actions":[{"type":"keyDown","value":"î€‡"},{"type":"pause","duration":10},{"type":"keyUp","value":"î€‡"}]}]}
COMMAND: GET /session/64fa439c5f0b0c6f4585200e3c4c457e/screenshot - {}
RESULT: {"actions":[{"id":"action12","type":"key","parameters":{},"actions":[{"type":"keyDown","value":"î€‡"},{"type":"pause","duration":10},{"type":"keyUp","value":"î€‡"}]}]}
COMMAND: POST /session/64fa439c5f0b0c6f4585200e3c4c457e/execute/async - {"script":"<script> [1562 bytes]","args":[{"selector":{"controlType":"sap.m.Title","viewName":"etm.portal.ui.manageconditionprice.view.DailyPrices","viewId":"application-manageconditionprice-display-component---dailyPrices","i18NText":{"propertyName":"text","key":"dailyPrices"}},"wdio_ui5_key":"etmportal.ui.manageconditionprice.view.DailyPricessap.m.Title{\"propertyName\":\"text\",\"key\":\"dailyPrices\"}"}]}
COMMAND: GET /session/64fa439c5f0b0c6f4585200e3c4c457e/screenshot - {}
RESULT: {}
RESULT: {"script":"<script> [1562 bytes]","args":[{"selector":{"controlType":"sap.m.Title","viewName":"etm.portal.ui.manageconditionprice.view.DailyPrices","viewId":"application-manageconditionprice-display-component---dailyPrices","i18NText":{"propertyName":"text","key":"dailyPrices"}},"wdio_ui5_key":"etmportal.ui.manageconditionprice.view.DailyPricessap.m.Title{\"propertyName\":\"text\",\"key\":\"dailyPrices\"}"}]}
RESULT: undefined
COMMAND: POST /session/64fa439c5f0b0c6f4585200e3c4c457e/execute/async - {"script":"<script> [6424 bytes]","args":[{"element-6066-11e4-a52e-4f735466cecf":"f.21A4AE5C8D3A30030B5FDBA346DFF994.d.966701048DDEB7B526CC46A7F5E46CCA.e.4751"},"getText",[]]}
RESULT: {}
RESULT: {"script":"<script> [6424 bytes]","args":[{"element-6066-11e4-a52e-4f735466cecf":"f.21A4AE5C8D3A30030B5FDBA346DFF994.d.966701048DDEB7B526CC46A7F5E46CCA.e.4751"},"getText",[]]}
COMMAND: POST /session/64fa439c5f0b0c6f4585200e3c4c457e/execute/async - {"script":"<script> [1562 bytes]","args":[{"selector":{"id":"application-manageconditionprice-display-component---dailyPrices--condBillCond","interaction":{"idSuffix":"inner"}},"wdio_ui5_key":"applicationmanageconditionprice-display-component---dailyPrices--condBillCond"}]}
RESULT: {"script":"<script> [1562 bytes]","args":[{"selector":{"id":"application-manageconditionprice-display-component---dailyPrices--condBillCond","interaction":{"idSuffix":"inner"}},"wdio_ui5_key":"applicationmanageconditionprice-display-component---dailyPrices--condBillCond"}]}
RESULT: undefined
COMMAND: POST /session/64fa439c5f0b0c6f4585200e3c4c457e/execute/async - {"script":"<script> [776 bytes]","args":[{"enterText":"Residual Value %","selector":{"id":"application-manageconditionprice-display-component---dailyPrices--condBillCond","interaction":{"idSuffix":"inner"}},"clearTextFirst":true,"interactionType":"ENTER_TEXT"}]}
RESULT: {"script":"<script> [776 bytes]","args":[{"enterText":"Residual Value %","selector":{"id":"application-manageconditionprice-display-component---dailyPrices--condBillCond","interaction":{"idSuffix":"inner"}},"clearTextFirst":true,"interactionType":"ENTER_TEXT"}]}
COMMAND: POST /session/64fa439c5f0b0c6f4585200e3c4c457e/execute/async - {"script":"<script> [1562 bytes]","args":[{"selector":{"controlType":"sap.m.StandardListItem","viewName":"etm.portal.ui.manageconditionprice.view.DailyPrices","viewId":"application-manageconditionprice-display-component---dailyPrices","properties":{"type":"Active"},"searchOpenDialogs":true,"interaction":{"idSuffix":"titleText"}},"wdio_ui5_key":"etmportal.ui.manageconditionprice.view.DailyPricessap.m.StandardListItem{\"type\":\"Active\"}"}]}
RESULT: {"script":"<script> [1562 bytes]","args":[{"selector":{"controlType":"sap.m.StandardListItem","viewName":"etm.portal.ui.manageconditionprice.view.DailyPrices","viewId":"application-manageconditionprice-display-component---dailyPrices","properties":{"type":"Active"},"searchOpenDialogs":true,"interaction":{"idSuffix":"titleText"}},"wdio_ui5_key":"etmportal.ui.manageconditionprice.view.DailyPricessap.m.StandardListItem{\"type\":\"Active\"}"}]}
RESULT: undefined
COMMAND: POST /session/64fa439c5f0b0c6f4585200e3c4c457e/element - {"using":"xpath","value":"//*[@id=\"__item1000\"]"}
RESULT: {"using":"xpath","value":"//*[@id=\"__item1000\"]"}
COMMAND: POST /session/64fa439c5f0b0c6f4585200e3c4c457e/element/f.21A4AE5C8D3A30030B5FDBA346DFF994.d.966701048DDEB7B526CC46A7F5E46CCA.e.4755/click - {}
RESULT: {}
COMMAND: POST /session/64fa439c5f0b0c6f4585200e3c4c457e/execute/async - {"script":"<script> [1562 bytes]","args":[{"selector":{"id":"application-manageconditionprice-display-component---dailyPrices--editBtn","interaction":{"idSuffix":"BDI-content"}},"wdio_ui5_key":"applicationmanageconditionprice-display-component---dailyPrices--editBtn"}]}
COMMAND: GET /session/64fa439c5f0b0c6f4585200e3c4c457e/screenshot - {}
RESULT: {"script":"<script> [1562 bytes]","args":[{"selector":{"id":"application-manageconditionprice-display-component---dailyPrices--editBtn","interaction":{"idSuffix":"BDI-content"}},"wdio_ui5_key":"applicationmanageconditionprice-display-component---dailyPrices--editBtn"}]}
RESULT: undefined
COMMAND: POST /session/64fa439c5f0b0c6f4585200e3c4c457e/element - {"using":"xpath","value":"//*[@id=\"application-manageconditionprice-display-component---dailyPrices--editBtn\"]"}
RESULT: {}
RESULT: {"using":"xpath","value":"//*[@id=\"application-manageconditionprice-display-component---dailyPrices--editBtn\"]"}
COMMAND: POST /session/64fa439c5f0b0c6f4585200e3c4c457e/element/f.21A4AE5C8D3A30030B5FDBA346DFF994.d.966701048DDEB7B526CC46A7F5E46CCA.e.4753/click - {}
RESULT: {}
COMMAND: POST /session/64fa439c5f0b0c6f4585200e3c4c457e/execute/async - {"script":"<script> [1562 bytes]","args":[{"selector":{"controlType":"sap.m.Button","viewName":"etm.portal.ui.manageconditionprice.view.DailyPrices","viewId":"application-manageconditionprice-display-component---dailyPrices","i18NText":{"propertyName":"text","key":"add"},"interaction":{"idSuffix":"BDI-content"}},"wdio_ui5_key":"etmportal.ui.manageconditionprice.view.DailyPricessap.m.Button{\"propertyName\":\"text\",\"key\":\"add\"}"}]}
COMMAND: GET /session/64fa439c5f0b0c6f4585200e3c4c457e/screenshot - {}
RESULT: {"script":"<script> [1562 bytes]","args":[{"selector":{"controlType":"sap.m.Button","viewName":"etm.portal.ui.manageconditionprice.view.DailyPrices","viewId":"application-manageconditionprice-display-component---dailyPrices","i18NText":{"propertyName":"text","key":"add"},"interaction":{"idSuffix":"BDI-content"}},"wdio_ui5_key":"etmportal.ui.manageconditionprice.view.DailyPricessap.m.Button{\"propertyName\":\"text\",\"key\":\"add\"}"}]}
RESULT: undefined
COMMAND: POST /session/64fa439c5f0b0c6f4585200e3c4c457e/element - {"using":"xpath","value":"//*[@id=\"__button113\"]"}
RESULT: {}
RESULT: {"using":"xpath","value":"//*[@id=\"__button113\"]"}
COMMAND: POST /session/64fa439c5f0b0c6f4585200e3c4c457e/element/f.21A4AE5C8D3A30030B5FDBA346DFF994.d.966701048DDEB7B526CC46A7F5E46CCA.e.4763/click - {}
RESULT: {}
COMMAND: POST /session/64fa439c5f0b0c6f4585200e3c4c457e/elements - {"using":"css selector","value":"table tr"}
COMMAND: GET /session/64fa439c5f0b0c6f4585200e3c4c457e/screenshot - {}
RESULT: {"using":"css selector","value":"table tr"}
COMMAND: POST /session/64fa439c5f0b0c6f4585200e3c4c457e/element/f.21A4AE5C8D3A30030B5FDBA346DFF994.d.966701048DDEB7B526CC46A7F5E46CCA.e.4869/elements - {"using":"css selector","value":"input"}
RESULT: {}
RESULT: {"using":"css selector","value":"input"}
COMMAND: POST /session/64fa439c5f0b0c6f4585200e3c4c457e/element/f.21A4AE5C8D3A30030B5FDBA346DFF994.d.966701048DDEB7B526CC46A7F5E46CCA.e.4872/clear - {}
COMMAND: POST /session/64fa439c5f0b0c6f4585200e3c4c457e/element/f.21A4AE5C8D3A30030B5FDBA346DFF994.d.966701048DDEB7B526CC46A7F5E46CCA.e.4870/clear - {}
COMMAND: POST /session/64fa439c5f0b0c6f4585200e3c4c457e/element/f.21A4AE5C8D3A30030B5FDBA346DFF994.d.966701048DDEB7B526CC46A7F5E46CCA.e.4873/clear - {}
COMMAND: POST /session/64fa439c5f0b0c6f4585200e3c4c457e/element/f.21A4AE5C8D3A30030B5FDBA346DFF994.d.966701048DDEB7B526CC46A7F5E46CCA.e.4871/clear - {}
COMMAND: POST /session/64fa439c5f0b0c6f4585200e3c4c457e/element/f.21A4AE5C8D3A30030B5FDBA346DFF994.d.966701048DDEB7B526CC46A7F5E46CCA.e.4869/elements - {"using":"css selector","value":"td"}
RESULT: {"using":"css selector","value":"td"}
COMMAND: POST /session/64fa439c5f0b0c6f4585200e3c4c457e/element - {"using":"xpath","value":".//li[contains(., \"2159\") and not(.//li)]"}
COMMAND: POST /session/64fa439c5f0b0c6f4585200e3c4c457e/element/f.21A4AE5C8D3A30030B5FDBA346DFF994.d.966701048DDEB7B526CC46A7F5E46CCA.e.4891/element - {"using":"css selector","value":"input"}
COMMAND: POST /session/64fa439c5f0b0c6f4585200e3c4c457e/element/f.21A4AE5C8D3A30030B5FDBA346DFF994.d.966701048DDEB7B526CC46A7F5E46CCA.e.4891/element - {"using":"css selector","value":"input"}
RESULT: {}
COMMAND: POST /session/64fa439c5f0b0c6f4585200e3c4c457e/element/f.21A4AE5C8D3A30030B5FDBA346DFF994.d.966701048DDEB7B526CC46A7F5E46CCA.e.4871/value - {"text":"09/28/25"}
COMMAND: GET /session/64fa439c5f0b0c6f4585200e3c4c457e/screenshot - {}
RESULT: {}
COMMAND: POST /session/64fa439c5f0b0c6f4585200e3c4c457e/element/f.21A4AE5C8D3A30030B5FDBA346DFF994.d.966701048DDEB7B526CC46A7F5E46CCA.e.4873/value - {"text":"Euro"}
COMMAND: GET /session/64fa439c5f0b0c6f4585200e3c4c457e/screenshot - {}
RESULT: {}
COMMAND: POST /session/64fa439c5f0b0c6f4585200e3c4c457e/element/f.21A4AE5C8D3A30030B5FDBA346DFF994.d.966701048DDEB7B526CC46A7F5E46CCA.e.4870/value - {"text":"04/28/25"}
COMMAND: GET /session/64fa439c5f0b0c6f4585200e3c4c457e/screenshot - {}
RESULT: {}
COMMAND: POST /session/64fa439c5f0b0c6f4585200e3c4c457e/element/f.21A4AE5C8D3A30030B5FDBA346DFF994.d.966701048DDEB7B526CC46A7F5E46CCA.e.4872/value - {"text":"705.60"}
COMMAND: GET /session/64fa439c5f0b0c6f4585200e3c4c457e/screenshot - {}
RESULT: {"using":"xpath","value":".//li[contains(., \"2159\") and not(.//li)]"}
RESULT: {"using":"css selector","value":"input"}
COMMAND: POST /session/64fa439c5f0b0c6f4585200e3c4c457e/element/f.21A4AE5C8D3A30030B5FDBA346DFF994.d.966701048DDEB7B526CC46A7F5E46CCA.e.4874/click - {}
RESULT: {"using":"css selector","value":"input"}
COMMAND: POST /session/64fa439c5f0b0c6f4585200e3c4c457e/element/f.21A4AE5C8D3A30030B5FDBA346DFF994.d.966701048DDEB7B526CC46A7F5E46CCA.e.4874/clear - {}
RESULT: {"text":"09/28/25"}
COMMAND: GET /session/64fa439c5f0b0c6f4585200e3c4c457e/screenshot - {}
COMMAND: POST /session/64fa439c5f0b0c6f4585200e3c4c457e/elements - {"using":"xpath","value":".//li[contains(., \"2159\") and not(.//li)]"}
RESULT: {}
RESULT: {"text":"Euro"}
COMMAND: GET /session/64fa439c5f0b0c6f4585200e3c4c457e/screenshot - {}
RESULT: {}
RESULT: {"text":"04/28/25"}
COMMAND: GET /session/64fa439c5f0b0c6f4585200e3c4c457e/screenshot - {}
RESULT: {}
RESULT: {"text":"705.60"}
COMMAND: GET /session/64fa439c5f0b0c6f4585200e3c4c457e/screenshot - {}
RESULT: {}
RESULT: {}
COMMAND: GET /session/64fa439c5f0b0c6f4585200e3c4c457e/screenshot - {}
RESULT: {}
COMMAND: POST /session/64fa439c5f0b0c6f4585200e3c4c457e/element/f.21A4AE5C8D3A30030B5FDBA346DFF994.d.966701048DDEB7B526CC46A7F5E46CCA.e.4874/value - {"text":"2159"}
COMMAND: GET /session/64fa439c5f0b0c6f4585200e3c4c457e/screenshot - {}
RESULT: {}
RESULT: {"using":"xpath","value":".//li[contains(., \"2159\") and not(.//li)]"}
COMMAND: POST /session/64fa439c5f0b0c6f4585200e3c4c457e/elements - {"using":"xpath","value":".//li[contains(., \"2159\") and not(.//li)]"}
RESULT: {}
RESULT: {}
RESULT: {}
RESULT: {}
RESULT: {"text":"2159"}
COMMAND: GET /session/64fa439c5f0b0c6f4585200e3c4c457e/screenshot - {}
RESULT: {}
RESULT: {"using":"xpath","value":".//li[contains(., \"2159\") and not(.//li)]"}
COMMAND: POST /session/64fa439c5f0b0c6f4585200e3c4c457e/element - {"using":"xpath","value":".//li[contains(., \"2159\") and not(.//li)]"}
RESULT: {}
RESULT: {"using":"xpath","value":".//li[contains(., \"2159\") and not(.//li)]"}
COMMAND: POST /session/64fa439c5f0b0c6f4585200e3c4c457e/element/f.21A4AE5C8D3A30030B5FDBA346DFF994.d.966701048DDEB7B526CC46A7F5E46CCA.e.4898/click - {}
RESULT: {}
COMMAND: POST /session/64fa439c5f0b0c6f4585200e3c4c457e/element - {"using":"xpath","value":".//li[contains(., \"305\") and not(.//li)]"}
COMMAND: POST /session/64fa439c5f0b0c6f4585200e3c4c457e/element/f.21A4AE5C8D3A30030B5FDBA346DFF994.d.966701048DDEB7B526CC46A7F5E46CCA.e.4892/element - {"using":"css selector","value":"input"}
COMMAND: POST /session/64fa439c5f0b0c6f4585200e3c4c457e/element/f.21A4AE5C8D3A30030B5FDBA346DFF994.d.966701048DDEB7B526CC46A7F5E46CCA.e.4892/element - {"using":"css selector","value":"input"}
COMMAND: GET /session/64fa439c5f0b0c6f4585200e3c4c457e/screenshot - {}
RESULT: {"using":"css selector","value":"input"}
COMMAND: POST /session/64fa439c5f0b0c6f4585200e3c4c457e/element/f.21A4AE5C8D3A30030B5FDBA346DFF994.d.966701048DDEB7B526CC46A7F5E46CCA.e.4875/click - {}
RESULT: {"using":"css selector","value":"input"}
COMMAND: POST /session/64fa439c5f0b0c6f4585200e3c4c457e/element/f.21A4AE5C8D3A30030B5FDBA346DFF994.d.966701048DDEB7B526CC46A7F5E46CCA.e.4875/clear - {}
RESULT: {"using":"xpath","value":".//li[contains(., \"305\") and not(.//li)]"}
RESULT: {}
RESULT: {}
COMMAND: GET /session/64fa439c5f0b0c6f4585200e3c4c457e/screenshot - {}
RESULT: {}
COMMAND: POST /session/64fa439c5f0b0c6f4585200e3c4c457e/element/f.21A4AE5C8D3A30030B5FDBA346DFF994.d.966701048DDEB7B526CC46A7F5E46CCA.e.4875/value - {"text":"305"}
COMMAND: GET /session/64fa439c5f0b0c6f4585200e3c4c457e/screenshot - {}
RESULT: {}
COMMAND: POST /session/64fa439c5f0b0c6f4585200e3c4c457e/elements - {"using":"xpath","value":".//li[contains(., \"305\") and not(.//li)]"}
RESULT: {"text":"305"}
COMMAND: GET /session/64fa439c5f0b0c6f4585200e3c4c457e/screenshot - {}
RESULT: {}
RESULT: {"using":"xpath","value":".//li[contains(., \"305\") and not(.//li)]"}
COMMAND: POST /session/64fa439c5f0b0c6f4585200e3c4c457e/elements - {"using":"xpath","value":".//li[contains(., \"305\") and not(.//li)]"}
RESULT: {}
RESULT: {"using":"xpath","value":".//li[contains(., \"305\") and not(.//li)]"}
COMMAND: POST /session/64fa439c5f0b0c6f4585200e3c4c457e/element - {"using":"xpath","value":".//li[contains(., \"305\") and not(.//li)]"}
RESULT: {"using":"xpath","value":".//li[contains(., \"305\") and not(.//li)]"}
COMMAND: POST /session/64fa439c5f0b0c6f4585200e3c4c457e/element/f.21A4AE5C8D3A30030B5FDBA346DFF994.d.966701048DDEB7B526CC46A7F5E46CCA.e.4899/click - {}
RESULT: {}
RESULT: undefined
COMMAND: POST /session/64fa439c5f0b0c6f4585200e3c4c457e/element - {"using":"xpath","value":"//*[@id=\"__button113\"]"}
COMMAND: GET /session/64fa439c5f0b0c6f4585200e3c4c457e/screenshot - {}
RESULT: {"using":"xpath","value":"//*[@id=\"__button113\"]"}
COMMAND: POST /session/64fa439c5f0b0c6f4585200e3c4c457e/element/f.21A4AE5C8D3A30030B5FDBA346DFF994.d.966701048DDEB7B526CC46A7F5E46CCA.e.4763/click - {}
RESULT: {}
RESULT: {}
COMMAND: POST /session/64fa439c5f0b0c6f4585200e3c4c457e/elements - {"using":"css selector","value":"table tr"}
COMMAND: GET /session/64fa439c5f0b0c6f4585200e3c4c457e/screenshot - {}
RESULT: {"using":"css selector","value":"table tr"}
COMMAND: POST /session/64fa439c5f0b0c6f4585200e3c4c457e/element/f.21A4AE5C8D3A30030B5FDBA346DFF994.d.966701048DDEB7B526CC46A7F5E46CCA.e.4908/elements - {"using":"css selector","value":"input"}
RESULT: {}
RESULT: {"using":"css selector","value":"input"}
COMMAND: POST /session/64fa439c5f0b0c6f4585200e3c4c457e/element/f.21A4AE5C8D3A30030B5FDBA346DFF994.d.966701048DDEB7B526CC46A7F5E46CCA.e.4903/clear - {}
COMMAND: POST /session/64fa439c5f0b0c6f4585200e3c4c457e/element/f.21A4AE5C8D3A30030B5FDBA346DFF994.d.966701048DDEB7B526CC46A7F5E46CCA.e.4901/clear - {}
COMMAND: POST /session/64fa439c5f0b0c6f4585200e3c4c457e/element/f.21A4AE5C8D3A30030B5FDBA346DFF994.d.966701048DDEB7B526CC46A7F5E46CCA.e.4904/clear - {}
COMMAND: POST /session/64fa439c5f0b0c6f4585200e3c4c457e/element/f.21A4AE5C8D3A30030B5FDBA346DFF994.d.966701048DDEB7B526CC46A7F5E46CCA.e.4902/clear - {}
COMMAND: POST /session/64fa439c5f0b0c6f4585200e3c4c457e/element/f.21A4AE5C8D3A30030B5FDBA346DFF994.d.966701048DDEB7B526CC46A7F5E46CCA.e.4908/elements - {"using":"css selector","value":"td"}
RESULT: {}
COMMAND: POST /session/64fa439c5f0b0c6f4585200e3c4c457e/element/f.21A4AE5C8D3A30030B5FDBA346DFF994.d.966701048DDEB7B526CC46A7F5E46CCA.e.4903/value - {"text":"99.5"}
COMMAND: GET /session/64fa439c5f0b0c6f4585200e3c4c457e/screenshot - {}
RESULT: {}
COMMAND: POST /session/64fa439c5f0b0c6f4585200e3c4c457e/element/f.21A4AE5C8D3A30030B5FDBA346DFF994.d.966701048DDEB7B526CC46A7F5E46CCA.e.4901/value - {"text":"04/28/25"}
COMMAND: GET /session/64fa439c5f0b0c6f4585200e3c4c457e/screenshot - {}
RESULT: {}
COMMAND: POST /session/64fa439c5f0b0c6f4585200e3c4c457e/element/f.21A4AE5C8D3A30030B5FDBA346DFF994.d.966701048DDEB7B526CC46A7F5E46CCA.e.4904/value - {"text":"US Dollar"}
COMMAND: GET /session/64fa439c5f0b0c6f4585200e3c4c457e/screenshot - {}
RESULT: {}
COMMAND: POST /session/64fa439c5f0b0c6f4585200e3c4c457e/element/f.21A4AE5C8D3A30030B5FDBA346DFF994.d.966701048DDEB7B526CC46A7F5E46CCA.e.4902/value - {"text":"09/28/25"}
COMMAND: GET /session/64fa439c5f0b0c6f4585200e3c4c457e/screenshot - {}
RESULT: {"using":"css selector","value":"td"}
COMMAND: POST /session/64fa439c5f0b0c6f4585200e3c4c457e/element - {"using":"xpath","value":"(//li[div//span[contains(text(), '2159')]])[2]"}
COMMAND: POST /session/64fa439c5f0b0c6f4585200e3c4c457e/element/f.21A4AE5C8D3A30030B5FDBA346DFF994.d.966701048DDEB7B526CC46A7F5E46CCA.e.4923/element - {"using":"css selector","value":"input"}
COMMAND: POST /session/64fa439c5f0b0c6f4585200e3c4c457e/element/f.21A4AE5C8D3A30030B5FDBA346DFF994.d.966701048DDEB7B526CC46A7F5E46CCA.e.4923/element - {"using":"css selector","value":"input"}
RESULT: {"text":"99.5"}
COMMAND: GET /session/64fa439c5f0b0c6f4585200e3c4c457e/screenshot - {}
RESULT: {}
RESULT: {}
RESULT: {"text":"04/28/25"}
COMMAND: GET /session/64fa439c5f0b0c6f4585200e3c4c457e/screenshot - {}
RESULT: {"text":"US Dollar"}
COMMAND: GET /session/64fa439c5f0b0c6f4585200e3c4c457e/screenshot - {}
RESULT: {}
RESULT: {"text":"09/28/25"}
COMMAND: GET /session/64fa439c5f0b0c6f4585200e3c4c457e/screenshot - {}
RESULT: {}
RESULT: {"using":"xpath","value":"(//li[div//span[contains(text(), '2159')]])[2]"}
RESULT: {"using":"css selector","value":"input"}
COMMAND: POST /session/64fa439c5f0b0c6f4585200e3c4c457e/element/f.21A4AE5C8D3A30030B5FDBA346DFF994.d.966701048DDEB7B526CC46A7F5E46CCA.e.4905/clear - {}
RESULT: {"using":"css selector","value":"input"}
COMMAND: POST /session/64fa439c5f0b0c6f4585200e3c4c457e/element/f.21A4AE5C8D3A30030B5FDBA346DFF994.d.966701048DDEB7B526CC46A7F5E46CCA.e.4905/click - {}
RESULT: {}
RESULT: {}
RESULT: {}
RESULT: {}
RESULT: {}
COMMAND: POST /session/64fa439c5f0b0c6f4585200e3c4c457e/element/f.21A4AE5C8D3A30030B5FDBA346DFF994.d.966701048DDEB7B526CC46A7F5E46CCA.e.4905/value - {"text":"2159"}
COMMAND: GET /session/64fa439c5f0b0c6f4585200e3c4c457e/screenshot - {}
COMMAND: POST /session/64fa439c5f0b0c6f4585200e3c4c457e/elements - {"using":"xpath","value":"(//li[div//span[contains(text(), '2159')]])[2]"}
RESULT: {}
COMMAND: GET /session/64fa439c5f0b0c6f4585200e3c4c457e/screenshot - {}
RESULT: {"text":"2159"}
COMMAND: GET /session/64fa439c5f0b0c6f4585200e3c4c457e/screenshot - {}
RESULT: {}
RESULT: {"using":"xpath","value":"(//li[div//span[contains(text(), '2159')]])[2]"}
COMMAND: POST /session/64fa439c5f0b0c6f4585200e3c4c457e/element - {"using":"xpath","value":"(//li[div//span[contains(text(), '2159')]])[2]"}
RESULT: {}
RESULT: {}
RESULT: {"using":"xpath","value":"(//li[div//span[contains(text(), '2159')]])[2]"}
COMMAND: POST /session/64fa439c5f0b0c6f4585200e3c4c457e/element/f.21A4AE5C8D3A30030B5FDBA346DFF994.d.966701048DDEB7B526CC46A7F5E46CCA.e.4929/click - {}
RESULT: {}
COMMAND: POST /session/64fa439c5f0b0c6f4585200e3c4c457e/execute/async - {"script":"<script> [1562 bytes]","args":[{"selector":{"controlType":"sap.m.Button","viewName":"etm.portal.ui.manageconditionprice.view.DailyPrices","viewId":"application-manageconditionprice-display-component---dailyPrices","i18NText":{"propertyName":"tooltip","key":"save"},"interaction":{"idSuffix":"BDI-content"}},"wdio_ui5_key":"etmportal.ui.manageconditionprice.view.DailyPricessap.m.Button{\"propertyName\":\"tooltip\",\"key\":\"save\"}"}]}
COMMAND: GET /session/64fa439c5f0b0c6f4585200e3c4c457e/screenshot - {}
RESULT: {"script":"<script> [1562 bytes]","args":[{"selector":{"controlType":"sap.m.Button","viewName":"etm.portal.ui.manageconditionprice.view.DailyPrices","viewId":"application-manageconditionprice-display-component---dailyPrices","i18NText":{"propertyName":"tooltip","key":"save"},"interaction":{"idSuffix":"BDI-content"}},"wdio_ui5_key":"etmportal.ui.manageconditionprice.view.DailyPricessap.m.Button{\"propertyName\":\"tooltip\",\"key\":\"save\"}"}]}
RESULT: undefined
COMMAND: POST /session/64fa439c5f0b0c6f4585200e3c4c457e/element - {"using":"xpath","value":"//*[@id=\"__button115\"]"}
RESULT: {}
RESULT: {"using":"xpath","value":"//*[@id=\"__button115\"]"}
COMMAND: POST /session/64fa439c5f0b0c6f4585200e3c4c457e/element/f.21A4AE5C8D3A30030B5FDBA346DFF994.d.966701048DDEB7B526CC46A7F5E46CCA.e.4757/click - {}
RESULT: {}
COMMAND: GET /session/64fa439c5f0b0c6f4585200e3c4c457e/screenshot - {}
RESULT: {}
]]></system-out>
    </testcase>
    <testcase classname="chrome.135_0_7049_96.windows.Edit_and_delete_daily_price_US134629_US134627" name="Should check whether the 2 rows have been added then edit one of the rows s currency and value and save and check the edited values" time="12.921">
      <system-out><![CDATA[
COMMAND: POST /session/64fa439c5f0b0c6f4585200e3c4c457e/elements - {"using":"css selector","value":"table tr"}
RESULT: {"using":"css selector","value":"table tr"}
COMMAND: POST /session/64fa439c5f0b0c6f4585200e3c4c457e/element/f.21A4AE5C8D3A30030B5FDBA346DFF994.d.966701048DDEB7B526CC46A7F5E46CCA.e.4908/elements - {"using":"css selector","value":"td"}
RESULT: {"using":"css selector","value":"td"}
COMMAND: POST /session/64fa439c5f0b0c6f4585200e3c4c457e/element/f.21A4AE5C8D3A30030B5FDBA346DFF994.d.966701048DDEB7B526CC46A7F5E46CCA.e.4869/elements - {"using":"css selector","value":"td"}
RESULT: {"using":"css selector","value":"td"}
COMMAND: POST /session/64fa439c5f0b0c6f4585200e3c4c457e/element/f.21A4AE5C8D3A30030B5FDBA346DFF994.d.966701048DDEB7B526CC46A7F5E46CCA.e.4932/element - {"using":"css selector","value":".sapMObjectNumberText"}
RESULT: {"using":"css selector","value":".sapMObjectNumberText"}
COMMAND: GET /session/64fa439c5f0b0c6f4585200e3c4c457e/element/f.21A4AE5C8D3A30030B5FDBA346DFF994.d.966701048DDEB7B526CC46A7F5E46CCA.e.4934/text - {}
RESULT: {}
COMMAND: POST /session/64fa439c5f0b0c6f4585200e3c4c457e/element/f.21A4AE5C8D3A30030B5FDBA346DFF994.d.966701048DDEB7B526CC46A7F5E46CCA.e.4933/element - {"using":"css selector","value":".sapMObjectNumberText"}
RESULT: {"using":"css selector","value":".sapMObjectNumberText"}
COMMAND: GET /session/64fa439c5f0b0c6f4585200e3c4c457e/element/f.21A4AE5C8D3A30030B5FDBA346DFF994.d.966701048DDEB7B526CC46A7F5E46CCA.e.4935/text - {}
RESULT: {}
RESULT: undefined
COMMAND: POST /session/64fa439c5f0b0c6f4585200e3c4c457e/element - {"using":"xpath","value":"//*[@id=\"application-manageconditionprice-display-component---dailyPrices--editBtn\"]"}
RESULT: {"using":"xpath","value":"//*[@id=\"application-manageconditionprice-display-component---dailyPrices--editBtn\"]"}
COMMAND: POST /session/64fa439c5f0b0c6f4585200e3c4c457e/element/f.21A4AE5C8D3A30030B5FDBA346DFF994.d.966701048DDEB7B526CC46A7F5E46CCA.e.4931/click - {}
RESULT: {}
COMMAND: POST /session/64fa439c5f0b0c6f4585200e3c4c457e/elements - {"using":"css selector","value":"table tr"}
COMMAND: GET /session/64fa439c5f0b0c6f4585200e3c4c457e/screenshot - {}
RESULT: {"using":"css selector","value":"table tr"}
COMMAND: POST /session/64fa439c5f0b0c6f4585200e3c4c457e/element/f.21A4AE5C8D3A30030B5FDBA346DFF994.d.966701048DDEB7B526CC46A7F5E46CCA.e.4908/elements - {"using":"css selector","value":"input"}
RESULT: {}
RESULT: {"using":"css selector","value":"input"}
COMMAND: POST /session/64fa439c5f0b0c6f4585200e3c4c457e/element/f.21A4AE5C8D3A30030B5FDBA346DFF994.d.966701048DDEB7B526CC46A7F5E46CCA.e.4950/clear - {}
COMMAND: POST /session/64fa439c5f0b0c6f4585200e3c4c457e/element/f.21A4AE5C8D3A30030B5FDBA346DFF994.d.966701048DDEB7B526CC46A7F5E46CCA.e.4951/clear - {}
RESULT: {}
COMMAND: POST /session/64fa439c5f0b0c6f4585200e3c4c457e/element/f.21A4AE5C8D3A30030B5FDBA346DFF994.d.966701048DDEB7B526CC46A7F5E46CCA.e.4951/value - {"text":"US Dollar"}
COMMAND: GET /session/64fa439c5f0b0c6f4585200e3c4c457e/screenshot - {}
RESULT: {}
COMMAND: POST /session/64fa439c5f0b0c6f4585200e3c4c457e/element/f.21A4AE5C8D3A30030B5FDBA346DFF994.d.966701048DDEB7B526CC46A7F5E46CCA.e.4950/value - {"text":"566.1"}
COMMAND: GET /session/64fa439c5f0b0c6f4585200e3c4c457e/screenshot - {}
RESULT: {"text":"US Dollar"}
COMMAND: GET /session/64fa439c5f0b0c6f4585200e3c4c457e/screenshot - {}
RESULT: undefined
COMMAND: POST /session/64fa439c5f0b0c6f4585200e3c4c457e/element - {"using":"xpath","value":"//*[@id=\"__button115\"]"}
RESULT: {}
RESULT: {"text":"566.1"}
COMMAND: GET /session/64fa439c5f0b0c6f4585200e3c4c457e/screenshot - {}
RESULT: {}
RESULT: {}
RESULT: {"using":"xpath","value":"//*[@id=\"__button115\"]"}
COMMAND: POST /session/64fa439c5f0b0c6f4585200e3c4c457e/element/f.21A4AE5C8D3A30030B5FDBA346DFF994.d.966701048DDEB7B526CC46A7F5E46CCA.e.4936/click - {}
RESULT: {}
RESULT: {}
COMMAND: GET /session/64fa439c5f0b0c6f4585200e3c4c457e/screenshot - {}
RESULT: {}
COMMAND: POST /session/64fa439c5f0b0c6f4585200e3c4c457e/elements - {"using":"css selector","value":"table tr"}
RESULT: {"using":"css selector","value":"table tr"}
COMMAND: POST /session/64fa439c5f0b0c6f4585200e3c4c457e/element/f.21A4AE5C8D3A30030B5FDBA346DFF994.d.966701048DDEB7B526CC46A7F5E46CCA.e.4908/elements - {"using":"css selector","value":"td"}
RESULT: {"using":"css selector","value":"td"}
COMMAND: POST /session/64fa439c5f0b0c6f4585200e3c4c457e/element/f.21A4AE5C8D3A30030B5FDBA346DFF994.d.966701048DDEB7B526CC46A7F5E46CCA.e.4955/element - {"using":"css selector","value":".sapMObjectNumberText"}
RESULT: {"using":"css selector","value":".sapMObjectNumberText"}
COMMAND: GET /session/64fa439c5f0b0c6f4585200e3c4c457e/element/f.21A4AE5C8D3A30030B5FDBA346DFF994.d.966701048DDEB7B526CC46A7F5E46CCA.e.4957/text - {}
RESULT: {}
]]></system-out>
    </testcase>
    <testcase classname="chrome.135_0_7049_96.windows.Edit_and_delete_daily_price_US134629_US134627" name="Should go into edit and delete all the rows that match the yard we have created for this scenario check if all rows deleted" time="24.946">
      <system-out><![CDATA[
RESULT: undefined
COMMAND: POST /session/64fa439c5f0b0c6f4585200e3c4c457e/element - {"using":"xpath","value":"//*[@id=\"application-manageconditionprice-display-component---dailyPrices--editBtn\"]"}
RESULT: {"using":"xpath","value":"//*[@id=\"application-manageconditionprice-display-component---dailyPrices--editBtn\"]"}
COMMAND: POST /session/64fa439c5f0b0c6f4585200e3c4c457e/element/f.21A4AE5C8D3A30030B5FDBA346DFF994.d.966701048DDEB7B526CC46A7F5E46CCA.e.4954/click - {}
RESULT: {}
COMMAND: GET /session/64fa439c5f0b0c6f4585200e3c4c457e/screenshot - {}
RESULT: {}
COMMAND: POST /session/64fa439c5f0b0c6f4585200e3c4c457e/elements - {"using":"css selector","value":"table tr"}
RESULT: {"using":"css selector","value":"table tr"}
COMMAND: POST /session/64fa439c5f0b0c6f4585200e3c4c457e/element/f.21A4AE5C8D3A30030B5FDBA346DFF994.d.966701048DDEB7B526CC46A7F5E46CCA.e.4765/elements - {"using":"css selector","value":"td"}
RESULT: {"using":"css selector","value":"td"}
COMMAND: POST /session/64fa439c5f0b0c6f4585200e3c4c457e/element/f.21A4AE5C8D3A30030B5FDBA346DFF994.d.966701048DDEB7B526CC46A7F5E46CCA.e.4766/elements - {"using":"css selector","value":"td"}
RESULT: {"using":"css selector","value":"td"}
COMMAND: POST /session/64fa439c5f0b0c6f4585200e3c4c457e/element/f.21A4AE5C8D3A30030B5FDBA346DFF994.d.966701048DDEB7B526CC46A7F5E46CCA.e.4767/elements - {"using":"css selector","value":"td"}
RESULT: {"using":"css selector","value":"td"}
COMMAND: POST /session/64fa439c5f0b0c6f4585200e3c4c457e/element/f.21A4AE5C8D3A30030B5FDBA346DFF994.d.966701048DDEB7B526CC46A7F5E46CCA.e.4696/elements - {"using":"css selector","value":"td"}
RESULT: {"using":"css selector","value":"td"}
COMMAND: POST /session/64fa439c5f0b0c6f4585200e3c4c457e/element/f.21A4AE5C8D3A30030B5FDBA346DFF994.d.966701048DDEB7B526CC46A7F5E46CCA.e.4697/elements - {"using":"css selector","value":"td"}
RESULT: {"using":"css selector","value":"td"}
COMMAND: POST /session/64fa439c5f0b0c6f4585200e3c4c457e/element/f.21A4AE5C8D3A30030B5FDBA346DFF994.d.966701048DDEB7B526CC46A7F5E46CCA.e.4705/elements - {"using":"css selector","value":"td"}
RESULT: {"using":"css selector","value":"td"}
COMMAND: POST /session/64fa439c5f0b0c6f4585200e3c4c457e/element/f.21A4AE5C8D3A30030B5FDBA346DFF994.d.966701048DDEB7B526CC46A7F5E46CCA.e.4706/elements - {"using":"css selector","value":"td"}
RESULT: {"using":"css selector","value":"td"}
COMMAND: POST /session/64fa439c5f0b0c6f4585200e3c4c457e/element/f.21A4AE5C8D3A30030B5FDBA346DFF994.d.966701048DDEB7B526CC46A7F5E46CCA.e.4711/elements - {"using":"css selector","value":"td"}
RESULT: {"using":"css selector","value":"td"}
COMMAND: POST /session/64fa439c5f0b0c6f4585200e3c4c457e/element/f.21A4AE5C8D3A30030B5FDBA346DFF994.d.966701048DDEB7B526CC46A7F5E46CCA.e.4712/elements - {"using":"css selector","value":"td"}
RESULT: {"using":"css selector","value":"td"}
COMMAND: POST /session/64fa439c5f0b0c6f4585200e3c4c457e/element/f.21A4AE5C8D3A30030B5FDBA346DFF994.d.966701048DDEB7B526CC46A7F5E46CCA.e.4720/elements - {"using":"css selector","value":"td"}
RESULT: {"using":"css selector","value":"td"}
COMMAND: POST /session/64fa439c5f0b0c6f4585200e3c4c457e/element/f.21A4AE5C8D3A30030B5FDBA346DFF994.d.966701048DDEB7B526CC46A7F5E46CCA.e.4768/elements - {"using":"css selector","value":"td"}
RESULT: {"using":"css selector","value":"td"}
COMMAND: POST /session/64fa439c5f0b0c6f4585200e3c4c457e/element/f.21A4AE5C8D3A30030B5FDBA346DFF994.d.966701048DDEB7B526CC46A7F5E46CCA.e.4769/elements - {"using":"css selector","value":"td"}
RESULT: {"using":"css selector","value":"td"}
COMMAND: POST /session/64fa439c5f0b0c6f4585200e3c4c457e/element/f.21A4AE5C8D3A30030B5FDBA346DFF994.d.966701048DDEB7B526CC46A7F5E46CCA.e.4770/elements - {"using":"css selector","value":"td"}
RESULT: {"using":"css selector","value":"td"}
COMMAND: POST /session/64fa439c5f0b0c6f4585200e3c4c457e/element/f.21A4AE5C8D3A30030B5FDBA346DFF994.d.966701048DDEB7B526CC46A7F5E46CCA.e.4771/elements - {"using":"css selector","value":"td"}
RESULT: {"using":"css selector","value":"td"}
COMMAND: POST /session/64fa439c5f0b0c6f4585200e3c4c457e/element/f.21A4AE5C8D3A30030B5FDBA346DFF994.d.966701048DDEB7B526CC46A7F5E46CCA.e.4772/elements - {"using":"css selector","value":"td"}
RESULT: {"using":"css selector","value":"td"}
COMMAND: POST /session/64fa439c5f0b0c6f4585200e3c4c457e/element/f.21A4AE5C8D3A30030B5FDBA346DFF994.d.966701048DDEB7B526CC46A7F5E46CCA.e.4773/elements - {"using":"css selector","value":"td"}
RESULT: {"using":"css selector","value":"td"}
COMMAND: POST /session/64fa439c5f0b0c6f4585200e3c4c457e/element/f.21A4AE5C8D3A30030B5FDBA346DFF994.d.966701048DDEB7B526CC46A7F5E46CCA.e.4774/elements - {"using":"css selector","value":"td"}
RESULT: {"using":"css selector","value":"td"}
COMMAND: POST /session/64fa439c5f0b0c6f4585200e3c4c457e/element/f.21A4AE5C8D3A30030B5FDBA346DFF994.d.966701048DDEB7B526CC46A7F5E46CCA.e.4775/elements - {"using":"css selector","value":"td"}
RESULT: {"using":"css selector","value":"td"}
COMMAND: POST /session/64fa439c5f0b0c6f4585200e3c4c457e/element/f.21A4AE5C8D3A30030B5FDBA346DFF994.d.966701048DDEB7B526CC46A7F5E46CCA.e.4776/elements - {"using":"css selector","value":"td"}
RESULT: {"using":"css selector","value":"td"}
COMMAND: POST /session/64fa439c5f0b0c6f4585200e3c4c457e/element/f.21A4AE5C8D3A30030B5FDBA346DFF994.d.966701048DDEB7B526CC46A7F5E46CCA.e.4777/elements - {"using":"css selector","value":"td"}
RESULT: {"using":"css selector","value":"td"}
COMMAND: POST /session/64fa439c5f0b0c6f4585200e3c4c457e/element/f.21A4AE5C8D3A30030B5FDBA346DFF994.d.966701048DDEB7B526CC46A7F5E46CCA.e.4778/elements - {"using":"css selector","value":"td"}
RESULT: {"using":"css selector","value":"td"}
COMMAND: POST /session/64fa439c5f0b0c6f4585200e3c4c457e/element/f.21A4AE5C8D3A30030B5FDBA346DFF994.d.966701048DDEB7B526CC46A7F5E46CCA.e.4779/elements - {"using":"css selector","value":"td"}
RESULT: {"using":"css selector","value":"td"}
COMMAND: POST /session/64fa439c5f0b0c6f4585200e3c4c457e/element/f.21A4AE5C8D3A30030B5FDBA346DFF994.d.966701048DDEB7B526CC46A7F5E46CCA.e.4780/elements - {"using":"css selector","value":"td"}
RESULT: {"using":"css selector","value":"td"}
COMMAND: POST /session/64fa439c5f0b0c6f4585200e3c4c457e/element/f.21A4AE5C8D3A30030B5FDBA346DFF994.d.966701048DDEB7B526CC46A7F5E46CCA.e.4781/elements - {"using":"css selector","value":"td"}
RESULT: {"using":"css selector","value":"td"}
COMMAND: POST /session/64fa439c5f0b0c6f4585200e3c4c457e/element/f.21A4AE5C8D3A30030B5FDBA346DFF994.d.966701048DDEB7B526CC46A7F5E46CCA.e.4782/elements - {"using":"css selector","value":"td"}
RESULT: {"using":"css selector","value":"td"}
COMMAND: POST /session/64fa439c5f0b0c6f4585200e3c4c457e/element/f.21A4AE5C8D3A30030B5FDBA346DFF994.d.966701048DDEB7B526CC46A7F5E46CCA.e.4783/elements - {"using":"css selector","value":"td"}
RESULT: {"using":"css selector","value":"td"}
COMMAND: POST /session/64fa439c5f0b0c6f4585200e3c4c457e/element/f.21A4AE5C8D3A30030B5FDBA346DFF994.d.966701048DDEB7B526CC46A7F5E46CCA.e.4784/elements - {"using":"css selector","value":"td"}
RESULT: {"using":"css selector","value":"td"}
COMMAND: POST /session/64fa439c5f0b0c6f4585200e3c4c457e/element/f.21A4AE5C8D3A30030B5FDBA346DFF994.d.966701048DDEB7B526CC46A7F5E46CCA.e.4785/elements - {"using":"css selector","value":"td"}
RESULT: {"using":"css selector","value":"td"}
COMMAND: POST /session/64fa439c5f0b0c6f4585200e3c4c457e/element/f.21A4AE5C8D3A30030B5FDBA346DFF994.d.966701048DDEB7B526CC46A7F5E46CCA.e.4786/elements - {"using":"css selector","value":"td"}
RESULT: {"using":"css selector","value":"td"}
COMMAND: POST /session/64fa439c5f0b0c6f4585200e3c4c457e/element/f.21A4AE5C8D3A30030B5FDBA346DFF994.d.966701048DDEB7B526CC46A7F5E46CCA.e.4787/elements - {"using":"css selector","value":"td"}
RESULT: {"using":"css selector","value":"td"}
COMMAND: POST /session/64fa439c5f0b0c6f4585200e3c4c457e/element/f.21A4AE5C8D3A30030B5FDBA346DFF994.d.966701048DDEB7B526CC46A7F5E46CCA.e.4788/elements - {"using":"css selector","value":"td"}
RESULT: {"using":"css selector","value":"td"}
COMMAND: POST /session/64fa439c5f0b0c6f4585200e3c4c457e/element/f.21A4AE5C8D3A30030B5FDBA346DFF994.d.966701048DDEB7B526CC46A7F5E46CCA.e.4789/elements - {"using":"css selector","value":"td"}
RESULT: {"using":"css selector","value":"td"}
COMMAND: POST /session/64fa439c5f0b0c6f4585200e3c4c457e/element/f.21A4AE5C8D3A30030B5FDBA346DFF994.d.966701048DDEB7B526CC46A7F5E46CCA.e.4790/elements - {"using":"css selector","value":"td"}
RESULT: {"using":"css selector","value":"td"}
COMMAND: POST /session/64fa439c5f0b0c6f4585200e3c4c457e/element/f.21A4AE5C8D3A30030B5FDBA346DFF994.d.966701048DDEB7B526CC46A7F5E46CCA.e.4791/elements - {"using":"css selector","value":"td"}
RESULT: {"using":"css selector","value":"td"}
COMMAND: POST /session/64fa439c5f0b0c6f4585200e3c4c457e/element/f.21A4AE5C8D3A30030B5FDBA346DFF994.d.966701048DDEB7B526CC46A7F5E46CCA.e.4792/elements - {"using":"css selector","value":"td"}
RESULT: {"using":"css selector","value":"td"}
COMMAND: POST /session/64fa439c5f0b0c6f4585200e3c4c457e/element/f.21A4AE5C8D3A30030B5FDBA346DFF994.d.966701048DDEB7B526CC46A7F5E46CCA.e.4793/elements - {"using":"css selector","value":"td"}
RESULT: {"using":"css selector","value":"td"}
COMMAND: POST /session/64fa439c5f0b0c6f4585200e3c4c457e/element/f.21A4AE5C8D3A30030B5FDBA346DFF994.d.966701048DDEB7B526CC46A7F5E46CCA.e.4794/elements - {"using":"css selector","value":"td"}
RESULT: {"using":"css selector","value":"td"}
COMMAND: POST /session/64fa439c5f0b0c6f4585200e3c4c457e/element/f.21A4AE5C8D3A30030B5FDBA346DFF994.d.966701048DDEB7B526CC46A7F5E46CCA.e.4795/elements - {"using":"css selector","value":"td"}
RESULT: {"using":"css selector","value":"td"}
COMMAND: POST /session/64fa439c5f0b0c6f4585200e3c4c457e/element/f.21A4AE5C8D3A30030B5FDBA346DFF994.d.966701048DDEB7B526CC46A7F5E46CCA.e.4796/elements - {"using":"css selector","value":"td"}
RESULT: {"using":"css selector","value":"td"}
COMMAND: POST /session/64fa439c5f0b0c6f4585200e3c4c457e/element/f.21A4AE5C8D3A30030B5FDBA346DFF994.d.966701048DDEB7B526CC46A7F5E46CCA.e.4797/elements - {"using":"css selector","value":"td"}
RESULT: {"using":"css selector","value":"td"}
COMMAND: POST /session/64fa439c5f0b0c6f4585200e3c4c457e/element/f.21A4AE5C8D3A30030B5FDBA346DFF994.d.966701048DDEB7B526CC46A7F5E46CCA.e.4798/elements - {"using":"css selector","value":"td"}
RESULT: {"using":"css selector","value":"td"}
COMMAND: POST /session/64fa439c5f0b0c6f4585200e3c4c457e/element/f.21A4AE5C8D3A30030B5FDBA346DFF994.d.966701048DDEB7B526CC46A7F5E46CCA.e.4799/elements - {"using":"css selector","value":"td"}
RESULT: {"using":"css selector","value":"td"}
COMMAND: POST /session/64fa439c5f0b0c6f4585200e3c4c457e/element/f.21A4AE5C8D3A30030B5FDBA346DFF994.d.966701048DDEB7B526CC46A7F5E46CCA.e.4800/elements - {"using":"css selector","value":"td"}
RESULT: {"using":"css selector","value":"td"}
COMMAND: POST /session/64fa439c5f0b0c6f4585200e3c4c457e/element/f.21A4AE5C8D3A30030B5FDBA346DFF994.d.966701048DDEB7B526CC46A7F5E46CCA.e.4801/elements - {"using":"css selector","value":"td"}
RESULT: {"using":"css selector","value":"td"}
COMMAND: POST /session/64fa439c5f0b0c6f4585200e3c4c457e/element/f.21A4AE5C8D3A30030B5FDBA346DFF994.d.966701048DDEB7B526CC46A7F5E46CCA.e.4802/elements - {"using":"css selector","value":"td"}
RESULT: {"using":"css selector","value":"td"}
COMMAND: POST /session/64fa439c5f0b0c6f4585200e3c4c457e/element/f.21A4AE5C8D3A30030B5FDBA346DFF994.d.966701048DDEB7B526CC46A7F5E46CCA.e.4803/elements - {"using":"css selector","value":"td"}
RESULT: {"using":"css selector","value":"td"}
COMMAND: POST /session/64fa439c5f0b0c6f4585200e3c4c457e/element/f.21A4AE5C8D3A30030B5FDBA346DFF994.d.966701048DDEB7B526CC46A7F5E46CCA.e.4804/elements - {"using":"css selector","value":"td"}
RESULT: {"using":"css selector","value":"td"}
COMMAND: POST /session/64fa439c5f0b0c6f4585200e3c4c457e/element/f.21A4AE5C8D3A30030B5FDBA346DFF994.d.966701048DDEB7B526CC46A7F5E46CCA.e.4805/elements - {"using":"css selector","value":"td"}
RESULT: {"using":"css selector","value":"td"}
COMMAND: POST /session/64fa439c5f0b0c6f4585200e3c4c457e/element/f.21A4AE5C8D3A30030B5FDBA346DFF994.d.966701048DDEB7B526CC46A7F5E46CCA.e.4806/elements - {"using":"css selector","value":"td"}
RESULT: {"using":"css selector","value":"td"}
COMMAND: POST /session/64fa439c5f0b0c6f4585200e3c4c457e/element/f.21A4AE5C8D3A30030B5FDBA346DFF994.d.966701048DDEB7B526CC46A7F5E46CCA.e.4807/elements - {"using":"css selector","value":"td"}
RESULT: {"using":"css selector","value":"td"}
COMMAND: POST /session/64fa439c5f0b0c6f4585200e3c4c457e/element/f.21A4AE5C8D3A30030B5FDBA346DFF994.d.966701048DDEB7B526CC46A7F5E46CCA.e.4808/elements - {"using":"css selector","value":"td"}
RESULT: {"using":"css selector","value":"td"}
COMMAND: POST /session/64fa439c5f0b0c6f4585200e3c4c457e/element/f.21A4AE5C8D3A30030B5FDBA346DFF994.d.966701048DDEB7B526CC46A7F5E46CCA.e.4809/elements - {"using":"css selector","value":"td"}
RESULT: {"using":"css selector","value":"td"}
COMMAND: POST /session/64fa439c5f0b0c6f4585200e3c4c457e/element/f.21A4AE5C8D3A30030B5FDBA346DFF994.d.966701048DDEB7B526CC46A7F5E46CCA.e.4810/elements - {"using":"css selector","value":"td"}
RESULT: {"using":"css selector","value":"td"}
COMMAND: POST /session/64fa439c5f0b0c6f4585200e3c4c457e/element/f.21A4AE5C8D3A30030B5FDBA346DFF994.d.966701048DDEB7B526CC46A7F5E46CCA.e.4811/elements - {"using":"css selector","value":"td"}
RESULT: {"using":"css selector","value":"td"}
COMMAND: POST /session/64fa439c5f0b0c6f4585200e3c4c457e/element/f.21A4AE5C8D3A30030B5FDBA346DFF994.d.966701048DDEB7B526CC46A7F5E46CCA.e.4812/elements - {"using":"css selector","value":"td"}
RESULT: {"using":"css selector","value":"td"}
COMMAND: POST /session/64fa439c5f0b0c6f4585200e3c4c457e/element/f.21A4AE5C8D3A30030B5FDBA346DFF994.d.966701048DDEB7B526CC46A7F5E46CCA.e.4813/elements - {"using":"css selector","value":"td"}
RESULT: {"using":"css selector","value":"td"}
COMMAND: POST /session/64fa439c5f0b0c6f4585200e3c4c457e/element/f.21A4AE5C8D3A30030B5FDBA346DFF994.d.966701048DDEB7B526CC46A7F5E46CCA.e.4814/elements - {"using":"css selector","value":"td"}
RESULT: {"using":"css selector","value":"td"}
COMMAND: POST /session/64fa439c5f0b0c6f4585200e3c4c457e/element/f.21A4AE5C8D3A30030B5FDBA346DFF994.d.966701048DDEB7B526CC46A7F5E46CCA.e.4815/elements - {"using":"css selector","value":"td"}
RESULT: {"using":"css selector","value":"td"}
COMMAND: POST /session/64fa439c5f0b0c6f4585200e3c4c457e/element/f.21A4AE5C8D3A30030B5FDBA346DFF994.d.966701048DDEB7B526CC46A7F5E46CCA.e.4816/elements - {"using":"css selector","value":"td"}
RESULT: {"using":"css selector","value":"td"}
COMMAND: POST /session/64fa439c5f0b0c6f4585200e3c4c457e/element/f.21A4AE5C8D3A30030B5FDBA346DFF994.d.966701048DDEB7B526CC46A7F5E46CCA.e.4817/elements - {"using":"css selector","value":"td"}
RESULT: {"using":"css selector","value":"td"}
COMMAND: POST /session/64fa439c5f0b0c6f4585200e3c4c457e/element/f.21A4AE5C8D3A30030B5FDBA346DFF994.d.966701048DDEB7B526CC46A7F5E46CCA.e.4818/elements - {"using":"css selector","value":"td"}
RESULT: {"using":"css selector","value":"td"}
COMMAND: POST /session/64fa439c5f0b0c6f4585200e3c4c457e/element/f.21A4AE5C8D3A30030B5FDBA346DFF994.d.966701048DDEB7B526CC46A7F5E46CCA.e.4819/elements - {"using":"css selector","value":"td"}
RESULT: {"using":"css selector","value":"td"}
COMMAND: POST /session/64fa439c5f0b0c6f4585200e3c4c457e/element/f.21A4AE5C8D3A30030B5FDBA346DFF994.d.966701048DDEB7B526CC46A7F5E46CCA.e.4820/elements - {"using":"css selector","value":"td"}
RESULT: {"using":"css selector","value":"td"}
COMMAND: POST /session/64fa439c5f0b0c6f4585200e3c4c457e/element/f.21A4AE5C8D3A30030B5FDBA346DFF994.d.966701048DDEB7B526CC46A7F5E46CCA.e.4821/elements - {"using":"css selector","value":"td"}
RESULT: {"using":"css selector","value":"td"}
COMMAND: POST /session/64fa439c5f0b0c6f4585200e3c4c457e/element/f.21A4AE5C8D3A30030B5FDBA346DFF994.d.966701048DDEB7B526CC46A7F5E46CCA.e.4822/elements - {"using":"css selector","value":"td"}
RESULT: {"using":"css selector","value":"td"}
COMMAND: POST /session/64fa439c5f0b0c6f4585200e3c4c457e/element/f.21A4AE5C8D3A30030B5FDBA346DFF994.d.966701048DDEB7B526CC46A7F5E46CCA.e.4823/elements - {"using":"css selector","value":"td"}
RESULT: {"using":"css selector","value":"td"}
COMMAND: POST /session/64fa439c5f0b0c6f4585200e3c4c457e/element/f.21A4AE5C8D3A30030B5FDBA346DFF994.d.966701048DDEB7B526CC46A7F5E46CCA.e.4824/elements - {"using":"css selector","value":"td"}
RESULT: {"using":"css selector","value":"td"}
COMMAND: POST /session/64fa439c5f0b0c6f4585200e3c4c457e/element/f.21A4AE5C8D3A30030B5FDBA346DFF994.d.966701048DDEB7B526CC46A7F5E46CCA.e.4825/elements - {"using":"css selector","value":"td"}
RESULT: {"using":"css selector","value":"td"}
COMMAND: POST /session/64fa439c5f0b0c6f4585200e3c4c457e/element/f.21A4AE5C8D3A30030B5FDBA346DFF994.d.966701048DDEB7B526CC46A7F5E46CCA.e.4826/elements - {"using":"css selector","value":"td"}
RESULT: {"using":"css selector","value":"td"}
COMMAND: POST /session/64fa439c5f0b0c6f4585200e3c4c457e/element/f.21A4AE5C8D3A30030B5FDBA346DFF994.d.966701048DDEB7B526CC46A7F5E46CCA.e.4827/elements - {"using":"css selector","value":"td"}
RESULT: {"using":"css selector","value":"td"}
COMMAND: POST /session/64fa439c5f0b0c6f4585200e3c4c457e/element/f.21A4AE5C8D3A30030B5FDBA346DFF994.d.966701048DDEB7B526CC46A7F5E46CCA.e.4828/elements - {"using":"css selector","value":"td"}
RESULT: {"using":"css selector","value":"td"}
COMMAND: POST /session/64fa439c5f0b0c6f4585200e3c4c457e/element/f.21A4AE5C8D3A30030B5FDBA346DFF994.d.966701048DDEB7B526CC46A7F5E46CCA.e.4829/elements - {"using":"css selector","value":"td"}
RESULT: {"using":"css selector","value":"td"}
COMMAND: POST /session/64fa439c5f0b0c6f4585200e3c4c457e/element/f.21A4AE5C8D3A30030B5FDBA346DFF994.d.966701048DDEB7B526CC46A7F5E46CCA.e.4830/elements - {"using":"css selector","value":"td"}
RESULT: {"using":"css selector","value":"td"}
COMMAND: POST /session/64fa439c5f0b0c6f4585200e3c4c457e/element/f.21A4AE5C8D3A30030B5FDBA346DFF994.d.966701048DDEB7B526CC46A7F5E46CCA.e.4831/elements - {"using":"css selector","value":"td"}
RESULT: {"using":"css selector","value":"td"}
COMMAND: POST /session/64fa439c5f0b0c6f4585200e3c4c457e/element/f.21A4AE5C8D3A30030B5FDBA346DFF994.d.966701048DDEB7B526CC46A7F5E46CCA.e.4832/elements - {"using":"css selector","value":"td"}
RESULT: {"using":"css selector","value":"td"}
COMMAND: POST /session/64fa439c5f0b0c6f4585200e3c4c457e/element/f.21A4AE5C8D3A30030B5FDBA346DFF994.d.966701048DDEB7B526CC46A7F5E46CCA.e.4833/elements - {"using":"css selector","value":"td"}
RESULT: {"using":"css selector","value":"td"}
COMMAND: POST /session/64fa439c5f0b0c6f4585200e3c4c457e/element/f.21A4AE5C8D3A30030B5FDBA346DFF994.d.966701048DDEB7B526CC46A7F5E46CCA.e.4834/elements - {"using":"css selector","value":"td"}
RESULT: {"using":"css selector","value":"td"}
COMMAND: POST /session/64fa439c5f0b0c6f4585200e3c4c457e/element/f.21A4AE5C8D3A30030B5FDBA346DFF994.d.966701048DDEB7B526CC46A7F5E46CCA.e.4835/elements - {"using":"css selector","value":"td"}
RESULT: {"using":"css selector","value":"td"}
COMMAND: POST /session/64fa439c5f0b0c6f4585200e3c4c457e/element/f.21A4AE5C8D3A30030B5FDBA346DFF994.d.966701048DDEB7B526CC46A7F5E46CCA.e.4836/elements - {"using":"css selector","value":"td"}
RESULT: {"using":"css selector","value":"td"}
COMMAND: POST /session/64fa439c5f0b0c6f4585200e3c4c457e/element/f.21A4AE5C8D3A30030B5FDBA346DFF994.d.966701048DDEB7B526CC46A7F5E46CCA.e.4837/elements - {"using":"css selector","value":"td"}
RESULT: {"using":"css selector","value":"td"}
COMMAND: POST /session/64fa439c5f0b0c6f4585200e3c4c457e/element/f.21A4AE5C8D3A30030B5FDBA346DFF994.d.966701048DDEB7B526CC46A7F5E46CCA.e.4838/elements - {"using":"css selector","value":"td"}
RESULT: {"using":"css selector","value":"td"}
COMMAND: POST /session/64fa439c5f0b0c6f4585200e3c4c457e/element/f.21A4AE5C8D3A30030B5FDBA346DFF994.d.966701048DDEB7B526CC46A7F5E46CCA.e.4839/elements - {"using":"css selector","value":"td"}
RESULT: {"using":"css selector","value":"td"}
COMMAND: POST /session/64fa439c5f0b0c6f4585200e3c4c457e/element/f.21A4AE5C8D3A30030B5FDBA346DFF994.d.966701048DDEB7B526CC46A7F5E46CCA.e.4840/elements - {"using":"css selector","value":"td"}
RESULT: {"using":"css selector","value":"td"}
COMMAND: POST /session/64fa439c5f0b0c6f4585200e3c4c457e/element/f.21A4AE5C8D3A30030B5FDBA346DFF994.d.966701048DDEB7B526CC46A7F5E46CCA.e.4841/elements - {"using":"css selector","value":"td"}
RESULT: {"using":"css selector","value":"td"}
COMMAND: POST /session/64fa439c5f0b0c6f4585200e3c4c457e/element/f.21A4AE5C8D3A30030B5FDBA346DFF994.d.966701048DDEB7B526CC46A7F5E46CCA.e.4842/elements - {"using":"css selector","value":"td"}
RESULT: {"using":"css selector","value":"td"}
COMMAND: POST /session/64fa439c5f0b0c6f4585200e3c4c457e/element/f.21A4AE5C8D3A30030B5FDBA346DFF994.d.966701048DDEB7B526CC46A7F5E46CCA.e.4843/elements - {"using":"css selector","value":"td"}
RESULT: {"using":"css selector","value":"td"}
COMMAND: POST /session/64fa439c5f0b0c6f4585200e3c4c457e/element/f.21A4AE5C8D3A30030B5FDBA346DFF994.d.966701048DDEB7B526CC46A7F5E46CCA.e.4844/elements - {"using":"css selector","value":"td"}
RESULT: {"using":"css selector","value":"td"}
COMMAND: POST /session/64fa439c5f0b0c6f4585200e3c4c457e/element/f.21A4AE5C8D3A30030B5FDBA346DFF994.d.966701048DDEB7B526CC46A7F5E46CCA.e.4845/elements - {"using":"css selector","value":"td"}
RESULT: {"using":"css selector","value":"td"}
COMMAND: POST /session/64fa439c5f0b0c6f4585200e3c4c457e/element/f.21A4AE5C8D3A30030B5FDBA346DFF994.d.966701048DDEB7B526CC46A7F5E46CCA.e.4846/elements - {"using":"css selector","value":"td"}
RESULT: {"using":"css selector","value":"td"}
COMMAND: POST /session/64fa439c5f0b0c6f4585200e3c4c457e/element/f.21A4AE5C8D3A30030B5FDBA346DFF994.d.966701048DDEB7B526CC46A7F5E46CCA.e.4847/elements - {"using":"css selector","value":"td"}
RESULT: {"using":"css selector","value":"td"}
COMMAND: POST /session/64fa439c5f0b0c6f4585200e3c4c457e/element/f.21A4AE5C8D3A30030B5FDBA346DFF994.d.966701048DDEB7B526CC46A7F5E46CCA.e.4848/elements - {"using":"css selector","value":"td"}
RESULT: {"using":"css selector","value":"td"}
COMMAND: POST /session/64fa439c5f0b0c6f4585200e3c4c457e/element/f.21A4AE5C8D3A30030B5FDBA346DFF994.d.966701048DDEB7B526CC46A7F5E46CCA.e.4849/elements - {"using":"css selector","value":"td"}
RESULT: {"using":"css selector","value":"td"}
COMMAND: POST /session/64fa439c5f0b0c6f4585200e3c4c457e/element/f.21A4AE5C8D3A30030B5FDBA346DFF994.d.966701048DDEB7B526CC46A7F5E46CCA.e.4850/elements - {"using":"css selector","value":"td"}
RESULT: {"using":"css selector","value":"td"}
COMMAND: POST /session/64fa439c5f0b0c6f4585200e3c4c457e/element/f.21A4AE5C8D3A30030B5FDBA346DFF994.d.966701048DDEB7B526CC46A7F5E46CCA.e.4851/elements - {"using":"css selector","value":"td"}
RESULT: {"using":"css selector","value":"td"}
COMMAND: POST /session/64fa439c5f0b0c6f4585200e3c4c457e/element/f.21A4AE5C8D3A30030B5FDBA346DFF994.d.966701048DDEB7B526CC46A7F5E46CCA.e.4852/elements - {"using":"css selector","value":"td"}
RESULT: {"using":"css selector","value":"td"}
COMMAND: POST /session/64fa439c5f0b0c6f4585200e3c4c457e/element/f.21A4AE5C8D3A30030B5FDBA346DFF994.d.966701048DDEB7B526CC46A7F5E46CCA.e.4853/elements - {"using":"css selector","value":"td"}
RESULT: {"using":"css selector","value":"td"}
COMMAND: POST /session/64fa439c5f0b0c6f4585200e3c4c457e/element/f.21A4AE5C8D3A30030B5FDBA346DFF994.d.966701048DDEB7B526CC46A7F5E46CCA.e.4854/elements - {"using":"css selector","value":"td"}
RESULT: {"using":"css selector","value":"td"}
COMMAND: POST /session/64fa439c5f0b0c6f4585200e3c4c457e/element/f.21A4AE5C8D3A30030B5FDBA346DFF994.d.966701048DDEB7B526CC46A7F5E46CCA.e.4855/elements - {"using":"css selector","value":"td"}
RESULT: {"using":"css selector","value":"td"}
COMMAND: POST /session/64fa439c5f0b0c6f4585200e3c4c457e/element/f.21A4AE5C8D3A30030B5FDBA346DFF994.d.966701048DDEB7B526CC46A7F5E46CCA.e.4856/elements - {"using":"css selector","value":"td"}
RESULT: {"using":"css selector","value":"td"}
COMMAND: POST /session/64fa439c5f0b0c6f4585200e3c4c457e/element/f.21A4AE5C8D3A30030B5FDBA346DFF994.d.966701048DDEB7B526CC46A7F5E46CCA.e.4857/elements - {"using":"css selector","value":"td"}
RESULT: {"using":"css selector","value":"td"}
COMMAND: POST /session/64fa439c5f0b0c6f4585200e3c4c457e/element/f.21A4AE5C8D3A30030B5FDBA346DFF994.d.966701048DDEB7B526CC46A7F5E46CCA.e.4858/elements - {"using":"css selector","value":"td"}
RESULT: {"using":"css selector","value":"td"}
COMMAND: POST /session/64fa439c5f0b0c6f4585200e3c4c457e/element/f.21A4AE5C8D3A30030B5FDBA346DFF994.d.966701048DDEB7B526CC46A7F5E46CCA.e.4859/elements - {"using":"css selector","value":"td"}
RESULT: {"using":"css selector","value":"td"}
COMMAND: POST /session/64fa439c5f0b0c6f4585200e3c4c457e/element/f.21A4AE5C8D3A30030B5FDBA346DFF994.d.966701048DDEB7B526CC46A7F5E46CCA.e.4860/elements - {"using":"css selector","value":"td"}
RESULT: {"using":"css selector","value":"td"}
COMMAND: POST /session/64fa439c5f0b0c6f4585200e3c4c457e/element/f.21A4AE5C8D3A30030B5FDBA346DFF994.d.966701048DDEB7B526CC46A7F5E46CCA.e.4861/elements - {"using":"css selector","value":"td"}
RESULT: {"using":"css selector","value":"td"}
COMMAND: POST /session/64fa439c5f0b0c6f4585200e3c4c457e/element/f.21A4AE5C8D3A30030B5FDBA346DFF994.d.966701048DDEB7B526CC46A7F5E46CCA.e.4862/elements - {"using":"css selector","value":"td"}
RESULT: {"using":"css selector","value":"td"}
COMMAND: POST /session/64fa439c5f0b0c6f4585200e3c4c457e/element/f.21A4AE5C8D3A30030B5FDBA346DFF994.d.966701048DDEB7B526CC46A7F5E46CCA.e.4863/elements - {"using":"css selector","value":"td"}
RESULT: {"using":"css selector","value":"td"}
COMMAND: POST /session/64fa439c5f0b0c6f4585200e3c4c457e/element/f.21A4AE5C8D3A30030B5FDBA346DFF994.d.966701048DDEB7B526CC46A7F5E46CCA.e.4864/elements - {"using":"css selector","value":"td"}
RESULT: {"using":"css selector","value":"td"}
COMMAND: POST /session/64fa439c5f0b0c6f4585200e3c4c457e/element/f.21A4AE5C8D3A30030B5FDBA346DFF994.d.966701048DDEB7B526CC46A7F5E46CCA.e.4865/elements - {"using":"css selector","value":"td"}
RESULT: {"using":"css selector","value":"td"}
COMMAND: POST /session/64fa439c5f0b0c6f4585200e3c4c457e/element/f.21A4AE5C8D3A30030B5FDBA346DFF994.d.966701048DDEB7B526CC46A7F5E46CCA.e.4866/elements - {"using":"css selector","value":"td"}
RESULT: {"using":"css selector","value":"td"}
COMMAND: POST /session/64fa439c5f0b0c6f4585200e3c4c457e/element/f.21A4AE5C8D3A30030B5FDBA346DFF994.d.966701048DDEB7B526CC46A7F5E46CCA.e.4867/elements - {"using":"css selector","value":"td"}
RESULT: {"using":"css selector","value":"td"}
COMMAND: POST /session/64fa439c5f0b0c6f4585200e3c4c457e/element/f.21A4AE5C8D3A30030B5FDBA346DFF994.d.966701048DDEB7B526CC46A7F5E46CCA.e.4868/elements - {"using":"css selector","value":"td"}
RESULT: {"using":"css selector","value":"td"}
COMMAND: POST /session/64fa439c5f0b0c6f4585200e3c4c457e/element/f.21A4AE5C8D3A30030B5FDBA346DFF994.d.966701048DDEB7B526CC46A7F5E46CCA.e.4869/elements - {"using":"css selector","value":"td"}
RESULT: {"using":"css selector","value":"td"}
COMMAND: POST /session/64fa439c5f0b0c6f4585200e3c4c457e/element/f.21A4AE5C8D3A30030B5FDBA346DFF994.d.966701048DDEB7B526CC46A7F5E46CCA.e.4891/element - {"using":"css selector","value":"input"}
RESULT: {"using":"css selector","value":"input"}
COMMAND: GET /session/64fa439c5f0b0c6f4585200e3c4c457e/element/f.21A4AE5C8D3A30030B5FDBA346DFF994.d.966701048DDEB7B526CC46A7F5E46CCA.e.4874/property/value - {}
RESULT: {}
COMMAND: POST /session/64fa439c5f0b0c6f4585200e3c4c457e/element/f.21A4AE5C8D3A30030B5FDBA346DFF994.d.966701048DDEB7B526CC46A7F5E46CCA.e.4869/element - {"using":"css selector","value":".sapMCbBg"}
COMMAND: GET /session/64fa439c5f0b0c6f4585200e3c4c457e/screenshot - {}
RESULT: {"using":"css selector","value":".sapMCbBg"}
COMMAND: GET /session/64fa439c5f0b0c6f4585200e3c4c457e/element/f.21A4AE5C8D3A30030B5FDBA346DFF994.d.966701048DDEB7B526CC46A7F5E46CCA.e.5495/selected - {}
RESULT: {}
RESULT: {}
COMMAND: POST /session/64fa439c5f0b0c6f4585200e3c4c457e/element/f.21A4AE5C8D3A30030B5FDBA346DFF994.d.966701048DDEB7B526CC46A7F5E46CCA.e.5495/click - {}
COMMAND: GET /session/64fa439c5f0b0c6f4585200e3c4c457e/screenshot - {}
RESULT: {}
COMMAND: POST /session/64fa439c5f0b0c6f4585200e3c4c457e/element/f.21A4AE5C8D3A30030B5FDBA346DFF994.d.966701048DDEB7B526CC46A7F5E46CCA.e.4908/elements - {"using":"css selector","value":"td"}
COMMAND: GET /session/64fa439c5f0b0c6f4585200e3c4c457e/screenshot - {}
RESULT: {}
RESULT: {"using":"css selector","value":"td"}
COMMAND: POST /session/64fa439c5f0b0c6f4585200e3c4c457e/element/f.21A4AE5C8D3A30030B5FDBA346DFF994.d.966701048DDEB7B526CC46A7F5E46CCA.e.4923/element - {"using":"css selector","value":"input"}
RESULT: {}
RESULT: {"using":"css selector","value":"input"}
COMMAND: GET /session/64fa439c5f0b0c6f4585200e3c4c457e/element/f.21A4AE5C8D3A30030B5FDBA346DFF994.d.966701048DDEB7B526CC46A7F5E46CCA.e.4905/property/value - {}
RESULT: {}
COMMAND: POST /session/64fa439c5f0b0c6f4585200e3c4c457e/element/f.21A4AE5C8D3A30030B5FDBA346DFF994.d.966701048DDEB7B526CC46A7F5E46CCA.e.4908/element - {"using":"css selector","value":".sapMCbBg"}
COMMAND: GET /session/64fa439c5f0b0c6f4585200e3c4c457e/screenshot - {}
RESULT: {"using":"css selector","value":".sapMCbBg"}
COMMAND: GET /session/64fa439c5f0b0c6f4585200e3c4c457e/element/f.21A4AE5C8D3A30030B5FDBA346DFF994.d.966701048DDEB7B526CC46A7F5E46CCA.e.5499/selected - {}
RESULT: {}
RESULT: {}
COMMAND: POST /session/64fa439c5f0b0c6f4585200e3c4c457e/element/f.21A4AE5C8D3A30030B5FDBA346DFF994.d.966701048DDEB7B526CC46A7F5E46CCA.e.5499/click - {}
COMMAND: GET /session/64fa439c5f0b0c6f4585200e3c4c457e/screenshot - {}
RESULT: {}
COMMAND: GET /session/64fa439c5f0b0c6f4585200e3c4c457e/screenshot - {}
RESULT: {}
RESULT: {}
COMMAND: POST /session/64fa439c5f0b0c6f4585200e3c4c457e/execute/async - {"script":"<script> [1562 bytes]","args":[{"selector":{"id":"application-manageconditionprice-display-component---dailyPrices--deleteBtn","interaction":{"idSuffix":"content"}},"wdio_ui5_key":"applicationmanageconditionprice-display-component---dailyPrices--deleteBtn"}]}
RESULT: {"script":"<script> [1562 bytes]","args":[{"selector":{"id":"application-manageconditionprice-display-component---dailyPrices--deleteBtn","interaction":{"idSuffix":"content"}},"wdio_ui5_key":"applicationmanageconditionprice-display-component---dailyPrices--deleteBtn"}]}
RESULT: undefined
COMMAND: POST /session/64fa439c5f0b0c6f4585200e3c4c457e/element - {"using":"xpath","value":"//*[@id=\"application-manageconditionprice-display-component---dailyPrices--deleteBtn\"]"}
RESULT: {"using":"xpath","value":"//*[@id=\"application-manageconditionprice-display-component---dailyPrices--deleteBtn\"]"}
COMMAND: POST /session/64fa439c5f0b0c6f4585200e3c4c457e/element/f.21A4AE5C8D3A30030B5FDBA346DFF994.d.966701048DDEB7B526CC46A7F5E46CCA.e.5501/click - {}
RESULT: {}
COMMAND: POST /session/64fa439c5f0b0c6f4585200e3c4c457e/execute/async - {"script":"<script> [1562 bytes]","args":[{"selector":{"controlType":"sap.m.Button","properties":{"text":"OK"},"searchOpenDialogs":true,"interaction":{"idSuffix":"BDI-content"}},"wdio_ui5_key":"sapm.Button{\"text\":\"OK\"}"}]}
COMMAND: GET /session/64fa439c5f0b0c6f4585200e3c4c457e/screenshot - {}
RESULT: {"script":"<script> [1562 bytes]","args":[{"selector":{"controlType":"sap.m.Button","properties":{"text":"OK"},"searchOpenDialogs":true,"interaction":{"idSuffix":"BDI-content"}},"wdio_ui5_key":"sapm.Button{\"text\":\"OK\"}"}]}
RESULT: undefined
COMMAND: POST /session/64fa439c5f0b0c6f4585200e3c4c457e/element - {"using":"xpath","value":"//*[@id=\"__mbox-btn-0\"]"}
RESULT: {}
RESULT: {"using":"xpath","value":"//*[@id=\"__mbox-btn-0\"]"}
COMMAND: POST /session/64fa439c5f0b0c6f4585200e3c4c457e/element/f.21A4AE5C8D3A30030B5FDBA346DFF994.d.966701048DDEB7B526CC46A7F5E46CCA.e.5502/click - {}
RESULT: {}
COMMAND: GET /session/64fa439c5f0b0c6f4585200e3c4c457e/screenshot - {}
RESULT: {}
RESULT: undefined
COMMAND: POST /session/64fa439c5f0b0c6f4585200e3c4c457e/element - {"using":"xpath","value":"//*[@id=\"__button115\"]"}
RESULT: {"using":"xpath","value":"//*[@id=\"__button115\"]"}
COMMAND: POST /session/64fa439c5f0b0c6f4585200e3c4c457e/element/f.21A4AE5C8D3A30030B5FDBA346DFF994.d.966701048DDEB7B526CC46A7F5E46CCA.e.4958/click - {}
RESULT: {}
COMMAND: GET /session/64fa439c5f0b0c6f4585200e3c4c457e/screenshot - {}
RESULT: {}
COMMAND: POST /session/64fa439c5f0b0c6f4585200e3c4c457e/elements - {"using":"css selector","value":"table tr"}
RESULT: {"using":"css selector","value":"table tr"}
COMMAND: POST /session/64fa439c5f0b0c6f4585200e3c4c457e/element/f.21A4AE5C8D3A30030B5FDBA346DFF994.d.966701048DDEB7B526CC46A7F5E46CCA.e.4765/elements - {"using":"css selector","value":"td"}
RESULT: {"using":"css selector","value":"td"}
COMMAND: POST /session/64fa439c5f0b0c6f4585200e3c4c457e/element/f.21A4AE5C8D3A30030B5FDBA346DFF994.d.966701048DDEB7B526CC46A7F5E46CCA.e.4766/elements - {"using":"css selector","value":"td"}
RESULT: {"using":"css selector","value":"td"}
COMMAND: POST /session/64fa439c5f0b0c6f4585200e3c4c457e/element/f.21A4AE5C8D3A30030B5FDBA346DFF994.d.966701048DDEB7B526CC46A7F5E46CCA.e.4767/elements - {"using":"css selector","value":"td"}
RESULT: {"using":"css selector","value":"td"}
COMMAND: POST /session/64fa439c5f0b0c6f4585200e3c4c457e/element/f.21A4AE5C8D3A30030B5FDBA346DFF994.d.966701048DDEB7B526CC46A7F5E46CCA.e.4696/elements - {"using":"css selector","value":"td"}
RESULT: {"using":"css selector","value":"td"}
COMMAND: POST /session/64fa439c5f0b0c6f4585200e3c4c457e/element/f.21A4AE5C8D3A30030B5FDBA346DFF994.d.966701048DDEB7B526CC46A7F5E46CCA.e.4697/elements - {"using":"css selector","value":"td"}
RESULT: {"using":"css selector","value":"td"}
COMMAND: POST /session/64fa439c5f0b0c6f4585200e3c4c457e/element/f.21A4AE5C8D3A30030B5FDBA346DFF994.d.966701048DDEB7B526CC46A7F5E46CCA.e.4705/elements - {"using":"css selector","value":"td"}
RESULT: {"using":"css selector","value":"td"}
COMMAND: POST /session/64fa439c5f0b0c6f4585200e3c4c457e/element/f.21A4AE5C8D3A30030B5FDBA346DFF994.d.966701048DDEB7B526CC46A7F5E46CCA.e.4706/elements - {"using":"css selector","value":"td"}
RESULT: {"using":"css selector","value":"td"}
COMMAND: POST /session/64fa439c5f0b0c6f4585200e3c4c457e/element/f.21A4AE5C8D3A30030B5FDBA346DFF994.d.966701048DDEB7B526CC46A7F5E46CCA.e.4711/elements - {"using":"css selector","value":"td"}
RESULT: {"using":"css selector","value":"td"}
COMMAND: POST /session/64fa439c5f0b0c6f4585200e3c4c457e/element/f.21A4AE5C8D3A30030B5FDBA346DFF994.d.966701048DDEB7B526CC46A7F5E46CCA.e.4712/elements - {"using":"css selector","value":"td"}
RESULT: {"using":"css selector","value":"td"}
COMMAND: POST /session/64fa439c5f0b0c6f4585200e3c4c457e/element/f.21A4AE5C8D3A30030B5FDBA346DFF994.d.966701048DDEB7B526CC46A7F5E46CCA.e.4720/elements - {"using":"css selector","value":"td"}
RESULT: {"using":"css selector","value":"td"}
COMMAND: POST /session/64fa439c5f0b0c6f4585200e3c4c457e/element/f.21A4AE5C8D3A30030B5FDBA346DFF994.d.966701048DDEB7B526CC46A7F5E46CCA.e.4768/elements - {"using":"css selector","value":"td"}
RESULT: {"using":"css selector","value":"td"}
COMMAND: POST /session/64fa439c5f0b0c6f4585200e3c4c457e/element/f.21A4AE5C8D3A30030B5FDBA346DFF994.d.966701048DDEB7B526CC46A7F5E46CCA.e.4769/elements - {"using":"css selector","value":"td"}
RESULT: {"using":"css selector","value":"td"}
COMMAND: POST /session/64fa439c5f0b0c6f4585200e3c4c457e/element/f.21A4AE5C8D3A30030B5FDBA346DFF994.d.966701048DDEB7B526CC46A7F5E46CCA.e.4770/elements - {"using":"css selector","value":"td"}
RESULT: {"using":"css selector","value":"td"}
COMMAND: POST /session/64fa439c5f0b0c6f4585200e3c4c457e/element/f.21A4AE5C8D3A30030B5FDBA346DFF994.d.966701048DDEB7B526CC46A7F5E46CCA.e.4771/elements - {"using":"css selector","value":"td"}
RESULT: {"using":"css selector","value":"td"}
COMMAND: POST /session/64fa439c5f0b0c6f4585200e3c4c457e/element/f.21A4AE5C8D3A30030B5FDBA346DFF994.d.966701048DDEB7B526CC46A7F5E46CCA.e.4772/elements - {"using":"css selector","value":"td"}
RESULT: {"using":"css selector","value":"td"}
COMMAND: POST /session/64fa439c5f0b0c6f4585200e3c4c457e/element/f.21A4AE5C8D3A30030B5FDBA346DFF994.d.966701048DDEB7B526CC46A7F5E46CCA.e.4773/elements - {"using":"css selector","value":"td"}
RESULT: {"using":"css selector","value":"td"}
COMMAND: POST /session/64fa439c5f0b0c6f4585200e3c4c457e/element/f.21A4AE5C8D3A30030B5FDBA346DFF994.d.966701048DDEB7B526CC46A7F5E46CCA.e.4774/elements - {"using":"css selector","value":"td"}
RESULT: {"using":"css selector","value":"td"}
COMMAND: POST /session/64fa439c5f0b0c6f4585200e3c4c457e/element/f.21A4AE5C8D3A30030B5FDBA346DFF994.d.966701048DDEB7B526CC46A7F5E46CCA.e.4775/elements - {"using":"css selector","value":"td"}
RESULT: {"using":"css selector","value":"td"}
COMMAND: POST /session/64fa439c5f0b0c6f4585200e3c4c457e/element/f.21A4AE5C8D3A30030B5FDBA346DFF994.d.966701048DDEB7B526CC46A7F5E46CCA.e.4776/elements - {"using":"css selector","value":"td"}
RESULT: {"using":"css selector","value":"td"}
COMMAND: POST /session/64fa439c5f0b0c6f4585200e3c4c457e/element/f.21A4AE5C8D3A30030B5FDBA346DFF994.d.966701048DDEB7B526CC46A7F5E46CCA.e.4777/elements - {"using":"css selector","value":"td"}
RESULT: {"using":"css selector","value":"td"}
COMMAND: POST /session/64fa439c5f0b0c6f4585200e3c4c457e/element/f.21A4AE5C8D3A30030B5FDBA346DFF994.d.966701048DDEB7B526CC46A7F5E46CCA.e.4778/elements - {"using":"css selector","value":"td"}
RESULT: {"using":"css selector","value":"td"}
COMMAND: POST /session/64fa439c5f0b0c6f4585200e3c4c457e/element/f.21A4AE5C8D3A30030B5FDBA346DFF994.d.966701048DDEB7B526CC46A7F5E46CCA.e.4779/elements - {"using":"css selector","value":"td"}
RESULT: {"using":"css selector","value":"td"}
COMMAND: POST /session/64fa439c5f0b0c6f4585200e3c4c457e/element/f.21A4AE5C8D3A30030B5FDBA346DFF994.d.966701048DDEB7B526CC46A7F5E46CCA.e.4780/elements - {"using":"css selector","value":"td"}
RESULT: {"using":"css selector","value":"td"}
COMMAND: POST /session/64fa439c5f0b0c6f4585200e3c4c457e/element/f.21A4AE5C8D3A30030B5FDBA346DFF994.d.966701048DDEB7B526CC46A7F5E46CCA.e.4781/elements - {"using":"css selector","value":"td"}
RESULT: {"using":"css selector","value":"td"}
COMMAND: POST /session/64fa439c5f0b0c6f4585200e3c4c457e/element/f.21A4AE5C8D3A30030B5FDBA346DFF994.d.966701048DDEB7B526CC46A7F5E46CCA.e.4782/elements - {"using":"css selector","value":"td"}
RESULT: {"using":"css selector","value":"td"}
COMMAND: POST /session/64fa439c5f0b0c6f4585200e3c4c457e/element/f.21A4AE5C8D3A30030B5FDBA346DFF994.d.966701048DDEB7B526CC46A7F5E46CCA.e.4783/elements - {"using":"css selector","value":"td"}
RESULT: {"using":"css selector","value":"td"}
COMMAND: POST /session/64fa439c5f0b0c6f4585200e3c4c457e/element/f.21A4AE5C8D3A30030B5FDBA346DFF994.d.966701048DDEB7B526CC46A7F5E46CCA.e.4784/elements - {"using":"css selector","value":"td"}
RESULT: {"using":"css selector","value":"td"}
COMMAND: POST /session/64fa439c5f0b0c6f4585200e3c4c457e/element/f.21A4AE5C8D3A30030B5FDBA346DFF994.d.966701048DDEB7B526CC46A7F5E46CCA.e.4785/elements - {"using":"css selector","value":"td"}
RESULT: {"using":"css selector","value":"td"}
COMMAND: POST /session/64fa439c5f0b0c6f4585200e3c4c457e/element/f.21A4AE5C8D3A30030B5FDBA346DFF994.d.966701048DDEB7B526CC46A7F5E46CCA.e.4786/elements - {"using":"css selector","value":"td"}
RESULT: {"using":"css selector","value":"td"}
COMMAND: POST /session/64fa439c5f0b0c6f4585200e3c4c457e/element/f.21A4AE5C8D3A30030B5FDBA346DFF994.d.966701048DDEB7B526CC46A7F5E46CCA.e.4787/elements - {"using":"css selector","value":"td"}
RESULT: {"using":"css selector","value":"td"}
COMMAND: POST /session/64fa439c5f0b0c6f4585200e3c4c457e/element/f.21A4AE5C8D3A30030B5FDBA346DFF994.d.966701048DDEB7B526CC46A7F5E46CCA.e.4788/elements - {"using":"css selector","value":"td"}
RESULT: {"using":"css selector","value":"td"}
COMMAND: POST /session/64fa439c5f0b0c6f4585200e3c4c457e/element/f.21A4AE5C8D3A30030B5FDBA346DFF994.d.966701048DDEB7B526CC46A7F5E46CCA.e.4789/elements - {"using":"css selector","value":"td"}
RESULT: {"using":"css selector","value":"td"}
COMMAND: POST /session/64fa439c5f0b0c6f4585200e3c4c457e/element/f.21A4AE5C8D3A30030B5FDBA346DFF994.d.966701048DDEB7B526CC46A7F5E46CCA.e.4790/elements - {"using":"css selector","value":"td"}
RESULT: {"using":"css selector","value":"td"}
COMMAND: POST /session/64fa439c5f0b0c6f4585200e3c4c457e/element/f.21A4AE5C8D3A30030B5FDBA346DFF994.d.966701048DDEB7B526CC46A7F5E46CCA.e.4791/elements - {"using":"css selector","value":"td"}
RESULT: {"using":"css selector","value":"td"}
COMMAND: POST /session/64fa439c5f0b0c6f4585200e3c4c457e/element/f.21A4AE5C8D3A30030B5FDBA346DFF994.d.966701048DDEB7B526CC46A7F5E46CCA.e.4792/elements - {"using":"css selector","value":"td"}
RESULT: {"using":"css selector","value":"td"}
COMMAND: POST /session/64fa439c5f0b0c6f4585200e3c4c457e/element/f.21A4AE5C8D3A30030B5FDBA346DFF994.d.966701048DDEB7B526CC46A7F5E46CCA.e.4793/elements - {"using":"css selector","value":"td"}
RESULT: {"using":"css selector","value":"td"}
COMMAND: POST /session/64fa439c5f0b0c6f4585200e3c4c457e/element/f.21A4AE5C8D3A30030B5FDBA346DFF994.d.966701048DDEB7B526CC46A7F5E46CCA.e.4794/elements - {"using":"css selector","value":"td"}
RESULT: {"using":"css selector","value":"td"}
COMMAND: POST /session/64fa439c5f0b0c6f4585200e3c4c457e/element/f.21A4AE5C8D3A30030B5FDBA346DFF994.d.966701048DDEB7B526CC46A7F5E46CCA.e.4795/elements - {"using":"css selector","value":"td"}
RESULT: {"using":"css selector","value":"td"}
COMMAND: POST /session/64fa439c5f0b0c6f4585200e3c4c457e/element/f.21A4AE5C8D3A30030B5FDBA346DFF994.d.966701048DDEB7B526CC46A7F5E46CCA.e.4796/elements - {"using":"css selector","value":"td"}
RESULT: {"using":"css selector","value":"td"}
COMMAND: POST /session/64fa439c5f0b0c6f4585200e3c4c457e/element/f.21A4AE5C8D3A30030B5FDBA346DFF994.d.966701048DDEB7B526CC46A7F5E46CCA.e.4797/elements - {"using":"css selector","value":"td"}
RESULT: {"using":"css selector","value":"td"}
COMMAND: POST /session/64fa439c5f0b0c6f4585200e3c4c457e/element/f.21A4AE5C8D3A30030B5FDBA346DFF994.d.966701048DDEB7B526CC46A7F5E46CCA.e.4798/elements - {"using":"css selector","value":"td"}
RESULT: {"using":"css selector","value":"td"}
COMMAND: POST /session/64fa439c5f0b0c6f4585200e3c4c457e/element/f.21A4AE5C8D3A30030B5FDBA346DFF994.d.966701048DDEB7B526CC46A7F5E46CCA.e.4799/elements - {"using":"css selector","value":"td"}
RESULT: {"using":"css selector","value":"td"}
COMMAND: POST /session/64fa439c5f0b0c6f4585200e3c4c457e/element/f.21A4AE5C8D3A30030B5FDBA346DFF994.d.966701048DDEB7B526CC46A7F5E46CCA.e.4800/elements - {"using":"css selector","value":"td"}
RESULT: {"using":"css selector","value":"td"}
COMMAND: POST /session/64fa439c5f0b0c6f4585200e3c4c457e/element/f.21A4AE5C8D3A30030B5FDBA346DFF994.d.966701048DDEB7B526CC46A7F5E46CCA.e.4801/elements - {"using":"css selector","value":"td"}
RESULT: {"using":"css selector","value":"td"}
COMMAND: POST /session/64fa439c5f0b0c6f4585200e3c4c457e/element/f.21A4AE5C8D3A30030B5FDBA346DFF994.d.966701048DDEB7B526CC46A7F5E46CCA.e.4802/elements - {"using":"css selector","value":"td"}
RESULT: {"using":"css selector","value":"td"}
COMMAND: POST /session/64fa439c5f0b0c6f4585200e3c4c457e/element/f.21A4AE5C8D3A30030B5FDBA346DFF994.d.966701048DDEB7B526CC46A7F5E46CCA.e.4803/elements - {"using":"css selector","value":"td"}
RESULT: {"using":"css selector","value":"td"}
COMMAND: POST /session/64fa439c5f0b0c6f4585200e3c4c457e/element/f.21A4AE5C8D3A30030B5FDBA346DFF994.d.966701048DDEB7B526CC46A7F5E46CCA.e.4804/elements - {"using":"css selector","value":"td"}
RESULT: {"using":"css selector","value":"td"}
COMMAND: POST /session/64fa439c5f0b0c6f4585200e3c4c457e/element/f.21A4AE5C8D3A30030B5FDBA346DFF994.d.966701048DDEB7B526CC46A7F5E46CCA.e.4805/elements - {"using":"css selector","value":"td"}
RESULT: {"using":"css selector","value":"td"}
COMMAND: POST /session/64fa439c5f0b0c6f4585200e3c4c457e/element/f.21A4AE5C8D3A30030B5FDBA346DFF994.d.966701048DDEB7B526CC46A7F5E46CCA.e.4806/elements - {"using":"css selector","value":"td"}
RESULT: {"using":"css selector","value":"td"}
COMMAND: POST /session/64fa439c5f0b0c6f4585200e3c4c457e/element/f.21A4AE5C8D3A30030B5FDBA346DFF994.d.966701048DDEB7B526CC46A7F5E46CCA.e.4807/elements - {"using":"css selector","value":"td"}
RESULT: {"using":"css selector","value":"td"}
COMMAND: POST /session/64fa439c5f0b0c6f4585200e3c4c457e/element/f.21A4AE5C8D3A30030B5FDBA346DFF994.d.966701048DDEB7B526CC46A7F5E46CCA.e.4808/elements - {"using":"css selector","value":"td"}
RESULT: {"using":"css selector","value":"td"}
COMMAND: POST /session/64fa439c5f0b0c6f4585200e3c4c457e/element/f.21A4AE5C8D3A30030B5FDBA346DFF994.d.966701048DDEB7B526CC46A7F5E46CCA.e.4809/elements - {"using":"css selector","value":"td"}
RESULT: {"using":"css selector","value":"td"}
COMMAND: POST /session/64fa439c5f0b0c6f4585200e3c4c457e/element/f.21A4AE5C8D3A30030B5FDBA346DFF994.d.966701048DDEB7B526CC46A7F5E46CCA.e.4810/elements - {"using":"css selector","value":"td"}
RESULT: {"using":"css selector","value":"td"}
COMMAND: POST /session/64fa439c5f0b0c6f4585200e3c4c457e/element/f.21A4AE5C8D3A30030B5FDBA346DFF994.d.966701048DDEB7B526CC46A7F5E46CCA.e.4811/elements - {"using":"css selector","value":"td"}
RESULT: {"using":"css selector","value":"td"}
COMMAND: POST /session/64fa439c5f0b0c6f4585200e3c4c457e/element/f.21A4AE5C8D3A30030B5FDBA346DFF994.d.966701048DDEB7B526CC46A7F5E46CCA.e.4812/elements - {"using":"css selector","value":"td"}
RESULT: {"using":"css selector","value":"td"}
COMMAND: POST /session/64fa439c5f0b0c6f4585200e3c4c457e/element/f.21A4AE5C8D3A30030B5FDBA346DFF994.d.966701048DDEB7B526CC46A7F5E46CCA.e.4813/elements - {"using":"css selector","value":"td"}
RESULT: {"using":"css selector","value":"td"}
COMMAND: POST /session/64fa439c5f0b0c6f4585200e3c4c457e/element/f.21A4AE5C8D3A30030B5FDBA346DFF994.d.966701048DDEB7B526CC46A7F5E46CCA.e.4814/elements - {"using":"css selector","value":"td"}
RESULT: {"using":"css selector","value":"td"}
COMMAND: POST /session/64fa439c5f0b0c6f4585200e3c4c457e/element/f.21A4AE5C8D3A30030B5FDBA346DFF994.d.966701048DDEB7B526CC46A7F5E46CCA.e.4815/elements - {"using":"css selector","value":"td"}
RESULT: {"using":"css selector","value":"td"}
COMMAND: POST /session/64fa439c5f0b0c6f4585200e3c4c457e/element/f.21A4AE5C8D3A30030B5FDBA346DFF994.d.966701048DDEB7B526CC46A7F5E46CCA.e.4816/elements - {"using":"css selector","value":"td"}
RESULT: {"using":"css selector","value":"td"}
COMMAND: POST /session/64fa439c5f0b0c6f4585200e3c4c457e/element/f.21A4AE5C8D3A30030B5FDBA346DFF994.d.966701048DDEB7B526CC46A7F5E46CCA.e.4817/elements - {"using":"css selector","value":"td"}
RESULT: {"using":"css selector","value":"td"}
COMMAND: POST /session/64fa439c5f0b0c6f4585200e3c4c457e/element/f.21A4AE5C8D3A30030B5FDBA346DFF994.d.966701048DDEB7B526CC46A7F5E46CCA.e.4818/elements - {"using":"css selector","value":"td"}
RESULT: {"using":"css selector","value":"td"}
COMMAND: POST /session/64fa439c5f0b0c6f4585200e3c4c457e/element/f.21A4AE5C8D3A30030B5FDBA346DFF994.d.966701048DDEB7B526CC46A7F5E46CCA.e.4819/elements - {"using":"css selector","value":"td"}
RESULT: {"using":"css selector","value":"td"}
COMMAND: POST /session/64fa439c5f0b0c6f4585200e3c4c457e/element/f.21A4AE5C8D3A30030B5FDBA346DFF994.d.966701048DDEB7B526CC46A7F5E46CCA.e.4820/elements - {"using":"css selector","value":"td"}
RESULT: {"using":"css selector","value":"td"}
COMMAND: POST /session/64fa439c5f0b0c6f4585200e3c4c457e/element/f.21A4AE5C8D3A30030B5FDBA346DFF994.d.966701048DDEB7B526CC46A7F5E46CCA.e.4821/elements - {"using":"css selector","value":"td"}
RESULT: {"using":"css selector","value":"td"}
COMMAND: POST /session/64fa439c5f0b0c6f4585200e3c4c457e/element/f.21A4AE5C8D3A30030B5FDBA346DFF994.d.966701048DDEB7B526CC46A7F5E46CCA.e.4822/elements - {"using":"css selector","value":"td"}
RESULT: {"using":"css selector","value":"td"}
COMMAND: POST /session/64fa439c5f0b0c6f4585200e3c4c457e/element/f.21A4AE5C8D3A30030B5FDBA346DFF994.d.966701048DDEB7B526CC46A7F5E46CCA.e.4823/elements - {"using":"css selector","value":"td"}
RESULT: {"using":"css selector","value":"td"}
COMMAND: POST /session/64fa439c5f0b0c6f4585200e3c4c457e/element/f.21A4AE5C8D3A30030B5FDBA346DFF994.d.966701048DDEB7B526CC46A7F5E46CCA.e.4824/elements - {"using":"css selector","value":"td"}
RESULT: {"using":"css selector","value":"td"}
COMMAND: POST /session/64fa439c5f0b0c6f4585200e3c4c457e/element/f.21A4AE5C8D3A30030B5FDBA346DFF994.d.966701048DDEB7B526CC46A7F5E46CCA.e.4825/elements - {"using":"css selector","value":"td"}
RESULT: {"using":"css selector","value":"td"}
COMMAND: POST /session/64fa439c5f0b0c6f4585200e3c4c457e/element/f.21A4AE5C8D3A30030B5FDBA346DFF994.d.966701048DDEB7B526CC46A7F5E46CCA.e.4826/elements - {"using":"css selector","value":"td"}
RESULT: {"using":"css selector","value":"td"}
COMMAND: POST /session/64fa439c5f0b0c6f4585200e3c4c457e/element/f.21A4AE5C8D3A30030B5FDBA346DFF994.d.966701048DDEB7B526CC46A7F5E46CCA.e.4827/elements - {"using":"css selector","value":"td"}
RESULT: {"using":"css selector","value":"td"}
COMMAND: POST /session/64fa439c5f0b0c6f4585200e3c4c457e/element/f.21A4AE5C8D3A30030B5FDBA346DFF994.d.966701048DDEB7B526CC46A7F5E46CCA.e.4828/elements - {"using":"css selector","value":"td"}
RESULT: {"using":"css selector","value":"td"}
COMMAND: POST /session/64fa439c5f0b0c6f4585200e3c4c457e/element/f.21A4AE5C8D3A30030B5FDBA346DFF994.d.966701048DDEB7B526CC46A7F5E46CCA.e.4829/elements - {"using":"css selector","value":"td"}
RESULT: {"using":"css selector","value":"td"}
COMMAND: POST /session/64fa439c5f0b0c6f4585200e3c4c457e/element/f.21A4AE5C8D3A30030B5FDBA346DFF994.d.966701048DDEB7B526CC46A7F5E46CCA.e.4830/elements - {"using":"css selector","value":"td"}
RESULT: {"using":"css selector","value":"td"}
COMMAND: POST /session/64fa439c5f0b0c6f4585200e3c4c457e/element/f.21A4AE5C8D3A30030B5FDBA346DFF994.d.966701048DDEB7B526CC46A7F5E46CCA.e.4831/elements - {"using":"css selector","value":"td"}
RESULT: {"using":"css selector","value":"td"}
COMMAND: POST /session/64fa439c5f0b0c6f4585200e3c4c457e/element/f.21A4AE5C8D3A30030B5FDBA346DFF994.d.966701048DDEB7B526CC46A7F5E46CCA.e.4832/elements - {"using":"css selector","value":"td"}
RESULT: {"using":"css selector","value":"td"}
COMMAND: POST /session/64fa439c5f0b0c6f4585200e3c4c457e/element/f.21A4AE5C8D3A30030B5FDBA346DFF994.d.966701048DDEB7B526CC46A7F5E46CCA.e.4833/elements - {"using":"css selector","value":"td"}
RESULT: {"using":"css selector","value":"td"}
COMMAND: POST /session/64fa439c5f0b0c6f4585200e3c4c457e/element/f.21A4AE5C8D3A30030B5FDBA346DFF994.d.966701048DDEB7B526CC46A7F5E46CCA.e.4834/elements - {"using":"css selector","value":"td"}
RESULT: {"using":"css selector","value":"td"}
COMMAND: POST /session/64fa439c5f0b0c6f4585200e3c4c457e/element/f.21A4AE5C8D3A30030B5FDBA346DFF994.d.966701048DDEB7B526CC46A7F5E46CCA.e.4835/elements - {"using":"css selector","value":"td"}
RESULT: {"using":"css selector","value":"td"}
COMMAND: POST /session/64fa439c5f0b0c6f4585200e3c4c457e/element/f.21A4AE5C8D3A30030B5FDBA346DFF994.d.966701048DDEB7B526CC46A7F5E46CCA.e.4836/elements - {"using":"css selector","value":"td"}
RESULT: {"using":"css selector","value":"td"}
COMMAND: POST /session/64fa439c5f0b0c6f4585200e3c4c457e/element/f.21A4AE5C8D3A30030B5FDBA346DFF994.d.966701048DDEB7B526CC46A7F5E46CCA.e.4837/elements - {"using":"css selector","value":"td"}
RESULT: {"using":"css selector","value":"td"}
COMMAND: POST /session/64fa439c5f0b0c6f4585200e3c4c457e/element/f.21A4AE5C8D3A30030B5FDBA346DFF994.d.966701048DDEB7B526CC46A7F5E46CCA.e.4838/elements - {"using":"css selector","value":"td"}
RESULT: {"using":"css selector","value":"td"}
COMMAND: POST /session/64fa439c5f0b0c6f4585200e3c4c457e/element/f.21A4AE5C8D3A30030B5FDBA346DFF994.d.966701048DDEB7B526CC46A7F5E46CCA.e.4839/elements - {"using":"css selector","value":"td"}
RESULT: {"using":"css selector","value":"td"}
COMMAND: POST /session/64fa439c5f0b0c6f4585200e3c4c457e/element/f.21A4AE5C8D3A30030B5FDBA346DFF994.d.966701048DDEB7B526CC46A7F5E46CCA.e.4840/elements - {"using":"css selector","value":"td"}
RESULT: {"using":"css selector","value":"td"}
COMMAND: POST /session/64fa439c5f0b0c6f4585200e3c4c457e/element/f.21A4AE5C8D3A30030B5FDBA346DFF994.d.966701048DDEB7B526CC46A7F5E46CCA.e.4841/elements - {"using":"css selector","value":"td"}
RESULT: {"using":"css selector","value":"td"}
COMMAND: POST /session/64fa439c5f0b0c6f4585200e3c4c457e/element/f.21A4AE5C8D3A30030B5FDBA346DFF994.d.966701048DDEB7B526CC46A7F5E46CCA.e.4842/elements - {"using":"css selector","value":"td"}
RESULT: {"using":"css selector","value":"td"}
COMMAND: POST /session/64fa439c5f0b0c6f4585200e3c4c457e/element/f.21A4AE5C8D3A30030B5FDBA346DFF994.d.966701048DDEB7B526CC46A7F5E46CCA.e.4843/elements - {"using":"css selector","value":"td"}
RESULT: {"using":"css selector","value":"td"}
COMMAND: POST /session/64fa439c5f0b0c6f4585200e3c4c457e/element/f.21A4AE5C8D3A30030B5FDBA346DFF994.d.966701048DDEB7B526CC46A7F5E46CCA.e.4844/elements - {"using":"css selector","value":"td"}
RESULT: {"using":"css selector","value":"td"}
COMMAND: POST /session/64fa439c5f0b0c6f4585200e3c4c457e/element/f.21A4AE5C8D3A30030B5FDBA346DFF994.d.966701048DDEB7B526CC46A7F5E46CCA.e.4845/elements - {"using":"css selector","value":"td"}
RESULT: {"using":"css selector","value":"td"}
COMMAND: POST /session/64fa439c5f0b0c6f4585200e3c4c457e/element/f.21A4AE5C8D3A30030B5FDBA346DFF994.d.966701048DDEB7B526CC46A7F5E46CCA.e.4846/elements - {"using":"css selector","value":"td"}
RESULT: {"using":"css selector","value":"td"}
COMMAND: POST /session/64fa439c5f0b0c6f4585200e3c4c457e/element/f.21A4AE5C8D3A30030B5FDBA346DFF994.d.966701048DDEB7B526CC46A7F5E46CCA.e.4847/elements - {"using":"css selector","value":"td"}
RESULT: {"using":"css selector","value":"td"}
COMMAND: POST /session/64fa439c5f0b0c6f4585200e3c4c457e/element/f.21A4AE5C8D3A30030B5FDBA346DFF994.d.966701048DDEB7B526CC46A7F5E46CCA.e.4848/elements - {"using":"css selector","value":"td"}
RESULT: {"using":"css selector","value":"td"}
COMMAND: POST /session/64fa439c5f0b0c6f4585200e3c4c457e/element/f.21A4AE5C8D3A30030B5FDBA346DFF994.d.966701048DDEB7B526CC46A7F5E46CCA.e.4849/elements - {"using":"css selector","value":"td"}
RESULT: {"using":"css selector","value":"td"}
COMMAND: POST /session/64fa439c5f0b0c6f4585200e3c4c457e/element/f.21A4AE5C8D3A30030B5FDBA346DFF994.d.966701048DDEB7B526CC46A7F5E46CCA.e.4850/elements - {"using":"css selector","value":"td"}
RESULT: {"using":"css selector","value":"td"}
COMMAND: POST /session/64fa439c5f0b0c6f4585200e3c4c457e/element/f.21A4AE5C8D3A30030B5FDBA346DFF994.d.966701048DDEB7B526CC46A7F5E46CCA.e.4851/elements - {"using":"css selector","value":"td"}
RESULT: {"using":"css selector","value":"td"}
COMMAND: POST /session/64fa439c5f0b0c6f4585200e3c4c457e/element/f.21A4AE5C8D3A30030B5FDBA346DFF994.d.966701048DDEB7B526CC46A7F5E46CCA.e.4852/elements - {"using":"css selector","value":"td"}
RESULT: {"using":"css selector","value":"td"}
COMMAND: POST /session/64fa439c5f0b0c6f4585200e3c4c457e/element/f.21A4AE5C8D3A30030B5FDBA346DFF994.d.966701048DDEB7B526CC46A7F5E46CCA.e.4853/elements - {"using":"css selector","value":"td"}
RESULT: {"using":"css selector","value":"td"}
COMMAND: POST /session/64fa439c5f0b0c6f4585200e3c4c457e/element/f.21A4AE5C8D3A30030B5FDBA346DFF994.d.966701048DDEB7B526CC46A7F5E46CCA.e.4854/elements - {"using":"css selector","value":"td"}
RESULT: {"using":"css selector","value":"td"}
COMMAND: POST /session/64fa439c5f0b0c6f4585200e3c4c457e/element/f.21A4AE5C8D3A30030B5FDBA346DFF994.d.966701048DDEB7B526CC46A7F5E46CCA.e.4855/elements - {"using":"css selector","value":"td"}
RESULT: {"using":"css selector","value":"td"}
COMMAND: POST /session/64fa439c5f0b0c6f4585200e3c4c457e/element/f.21A4AE5C8D3A30030B5FDBA346DFF994.d.966701048DDEB7B526CC46A7F5E46CCA.e.4856/elements - {"using":"css selector","value":"td"}
RESULT: {"using":"css selector","value":"td"}
COMMAND: POST /session/64fa439c5f0b0c6f4585200e3c4c457e/element/f.21A4AE5C8D3A30030B5FDBA346DFF994.d.966701048DDEB7B526CC46A7F5E46CCA.e.4857/elements - {"using":"css selector","value":"td"}
RESULT: {"using":"css selector","value":"td"}
COMMAND: POST /session/64fa439c5f0b0c6f4585200e3c4c457e/element/f.21A4AE5C8D3A30030B5FDBA346DFF994.d.966701048DDEB7B526CC46A7F5E46CCA.e.4858/elements - {"using":"css selector","value":"td"}
RESULT: {"using":"css selector","value":"td"}
COMMAND: POST /session/64fa439c5f0b0c6f4585200e3c4c457e/element/f.21A4AE5C8D3A30030B5FDBA346DFF994.d.966701048DDEB7B526CC46A7F5E46CCA.e.4859/elements - {"using":"css selector","value":"td"}
RESULT: {"using":"css selector","value":"td"}
COMMAND: POST /session/64fa439c5f0b0c6f4585200e3c4c457e/element/f.21A4AE5C8D3A30030B5FDBA346DFF994.d.966701048DDEB7B526CC46A7F5E46CCA.e.4860/elements - {"using":"css selector","value":"td"}
RESULT: {"using":"css selector","value":"td"}
COMMAND: POST /session/64fa439c5f0b0c6f4585200e3c4c457e/element/f.21A4AE5C8D3A30030B5FDBA346DFF994.d.966701048DDEB7B526CC46A7F5E46CCA.e.4861/elements - {"using":"css selector","value":"td"}
RESULT: {"using":"css selector","value":"td"}
COMMAND: POST /session/64fa439c5f0b0c6f4585200e3c4c457e/element/f.21A4AE5C8D3A30030B5FDBA346DFF994.d.966701048DDEB7B526CC46A7F5E46CCA.e.4862/elements - {"using":"css selector","value":"td"}
RESULT: {"using":"css selector","value":"td"}
COMMAND: POST /session/64fa439c5f0b0c6f4585200e3c4c457e/element/f.21A4AE5C8D3A30030B5FDBA346DFF994.d.966701048DDEB7B526CC46A7F5E46CCA.e.4863/elements - {"using":"css selector","value":"td"}
RESULT: {"using":"css selector","value":"td"}
COMMAND: POST /session/64fa439c5f0b0c6f4585200e3c4c457e/element/f.21A4AE5C8D3A30030B5FDBA346DFF994.d.966701048DDEB7B526CC46A7F5E46CCA.e.4864/elements - {"using":"css selector","value":"td"}
RESULT: {"using":"css selector","value":"td"}
COMMAND: POST /session/64fa439c5f0b0c6f4585200e3c4c457e/element/f.21A4AE5C8D3A30030B5FDBA346DFF994.d.966701048DDEB7B526CC46A7F5E46CCA.e.4865/elements - {"using":"css selector","value":"td"}
RESULT: {"using":"css selector","value":"td"}
COMMAND: POST /session/64fa439c5f0b0c6f4585200e3c4c457e/element/f.21A4AE5C8D3A30030B5FDBA346DFF994.d.966701048DDEB7B526CC46A7F5E46CCA.e.4866/elements - {"using":"css selector","value":"td"}
RESULT: {"using":"css selector","value":"td"}
COMMAND: POST /session/64fa439c5f0b0c6f4585200e3c4c457e/element/f.21A4AE5C8D3A30030B5FDBA346DFF994.d.966701048DDEB7B526CC46A7F5E46CCA.e.4867/elements - {"using":"css selector","value":"td"}
RESULT: {"using":"css selector","value":"td"}
COMMAND: POST /session/64fa439c5f0b0c6f4585200e3c4c457e/element/f.21A4AE5C8D3A30030B5FDBA346DFF994.d.966701048DDEB7B526CC46A7F5E46CCA.e.4868/elements - {"using":"css selector","value":"td"}
RESULT: {"using":"css selector","value":"td"}
COMMAND: POST /session/64fa439c5f0b0c6f4585200e3c4c457e/element/f.21A4AE5C8D3A30030B5FDBA346DFF994.d.966701048DDEB7B526CC46A7F5E46CCA.e.5507/elements - {"using":"css selector","value":"td"}
RESULT: {"using":"css selector","value":"td"}
COMMAND: POST /session/64fa439c5f0b0c6f4585200e3c4c457e/element - {"using":"css selector","value":"#j_username"}
COMMAND: POST /session/64fa439c5f0b0c6f4585200e3c4c457e/url - {"url":"https://qa-testing-00-live-etm-ui.cfapps.eu10-004.hana.ondemand.com/"}
RESULT: {"url":"https://qa-testing-00-live-etm-ui.cfapps.eu10-004.hana.ondemand.com/"}
RESULT: undefined
COMMAND: GET /session/64fa439c5f0b0c6f4585200e3c4c457e/screenshot - {}
RESULT: {"using":"css selector","value":"#j_username"}
COMMAND: POST /session/64fa439c5f0b0c6f4585200e3c4c457e/element - {"using":"css selector","value":"#j_username"}
RESULT: {}
RESULT: {"using":"css selector","value":"#j_username"}
COMMAND: POST /session/64fa439c5f0b0c6f4585200e3c4c457e/element - {"using":"css selector","value":"#shell-header-logo"}
RESULT: {"using":"css selector","value":"#shell-header-logo"}
COMMAND: POST /session/64fa439c5f0b0c6f4585200e3c4c457e/execute/sync - {"script":"<script> [8489 bytes]","args":[{"element-6066-11e4-a52e-4f735466cecf":"f.21A4AE5C8D3A30030B5FDBA346DFF994.d.1C0B97FF8F6AF5CCDC33B93B31246EB9.e.5603","ELEMENT":"f.21A4AE5C8D3A30030B5FDBA346DFF994.d.1C0B97FF8F6AF5CCDC33B93B31246EB9.e.5603"}]}
RESULT: {"script":"<script> [8489 bytes]","args":[{"element-6066-11e4-a52e-4f735466cecf":"f.21A4AE5C8D3A30030B5FDBA346DFF994.d.1C0B97FF8F6AF5CCDC33B93B31246EB9.e.5603","ELEMENT":"f.21A4AE5C8D3A30030B5FDBA346DFF994.d.1C0B97FF8F6AF5CCDC33B93B31246EB9.e.5603"}]}
COMMAND: POST /session/64fa439c5f0b0c6f4585200e3c4c457e/element - {"using":"css selector","value":"#shell-header-logo"}
COMMAND: GET /session/64fa439c5f0b0c6f4585200e3c4c457e/screenshot - {}
RESULT: {"using":"css selector","value":"#shell-header-logo"}
COMMAND: POST /session/64fa439c5f0b0c6f4585200e3c4c457e/execute/sync - {"script":"<script> [8489 bytes]","args":[{"element-6066-11e4-a52e-4f735466cecf":"f.21A4AE5C8D3A30030B5FDBA346DFF994.d.1C0B97FF8F6AF5CCDC33B93B31246EB9.e.5603","ELEMENT":"f.21A4AE5C8D3A30030B5FDBA346DFF994.d.1C0B97FF8F6AF5CCDC33B93B31246EB9.e.5603"}]}
RESULT: {}
RESULT: {"script":"<script> [8489 bytes]","args":[{"element-6066-11e4-a52e-4f735466cecf":"f.21A4AE5C8D3A30030B5FDBA346DFF994.d.1C0B97FF8F6AF5CCDC33B93B31246EB9.e.5603","ELEMENT":"f.21A4AE5C8D3A30030B5FDBA346DFF994.d.1C0B97FF8F6AF5CCDC33B93B31246EB9.e.5603"}]}
COMMAND: POST /session/64fa439c5f0b0c6f4585200e3c4c457e/execute/sync - {"script":"<script> [5351 bytes]","args":[{"element-6066-11e4-a52e-4f735466cecf":"f.21A4AE5C8D3A30030B5FDBA346DFF994.d.1C0B97FF8F6AF5CCDC33B93B31246EB9.e.5603","ELEMENT":"f.21A4AE5C8D3A30030B5FDBA346DFF994.d.1C0B97FF8F6AF5CCDC33B93B31246EB9.e.5603"}]}
COMMAND: GET /session/64fa439c5f0b0c6f4585200e3c4c457e/screenshot - {}
RESULT: {"script":"<script> [5351 bytes]","args":[{"element-6066-11e4-a52e-4f735466cecf":"f.21A4AE5C8D3A30030B5FDBA346DFF994.d.1C0B97FF8F6AF5CCDC33B93B31246EB9.e.5603","ELEMENT":"f.21A4AE5C8D3A30030B5FDBA346DFF994.d.1C0B97FF8F6AF5CCDC33B93B31246EB9.e.5603"}]}
COMMAND: POST /session/64fa439c5f0b0c6f4585200e3c4c457e/element - {"using":"css selector","value":"#shell-header-logo"}
COMMAND: GET /session/64fa439c5f0b0c6f4585200e3c4c457e/screenshot - {}
RESULT: {}
RESULT: {"using":"css selector","value":"#shell-header-logo"}
COMMAND: POST /session/64fa439c5f0b0c6f4585200e3c4c457e/element/f.21A4AE5C8D3A30030B5FDBA346DFF994.d.1C0B97FF8F6AF5CCDC33B93B31246EB9.e.5603/click - {}
RESULT: {}
RESULT: {}
COMMAND: GET /session/64fa439c5f0b0c6f4585200e3c4c457e/screenshot - {}
RESULT: {}
COMMAND: POST /session/64fa439c5f0b0c6f4585200e3c4c457e/execute/async - {"script":"<script> [189 bytes]","args":[]}
RESULT: {"script":"<script> [189 bytes]","args":[]}
COMMAND: POST /session/64fa439c5f0b0c6f4585200e3c4c457e/execute/async - {"script":"<script> [123 bytes]","args":[]}
RESULT: {"script":"<script> [123 bytes]","args":[]}
COMMAND: POST /session/64fa439c5f0b0c6f4585200e3c4c457e/timeouts - {"script":"<number>"}
RESULT: {"script":"<number>"}
COMMAND: GET /session/64fa439c5f0b0c6f4585200e3c4c457e/timeouts - {}
RESULT: {}
RESULT: undefined
COMMAND: POST /session/64fa439c5f0b0c6f4585200e3c4c457e/execute/async - {"script":"<script> [2676 bytes]","args":[]}
RESULT: {"script":"<script> [2676 bytes]","args":[]}
COMMAND: POST /session/64fa439c5f0b0c6f4585200e3c4c457e/execute/async - {"script":"<script> [2342 bytes]","args":[{"protocol":"http","hostname":"0.0.0.0","path":"/","capabilities":{"browserName":"chrome","goog:chromeOptions":{"binary":"C:\\Program Files\\Google\\Chrome\\Application\\chrome.exe","args":["--start-maximized"]}},"logLevel":"warn","connectionRetryTimeout":120000,"connectionRetryCount":3,"logLevels":{},"enableDirectConnect":true,"strictSSL":true,"_":"65 more keys: [\"cacheDir\",\"port\",\"requestedCapabilities\",\"automationProtocol\",\"baseUrl\",\"waitforInterval\",\"waitforTimeout\",\"onReload\",\"beforeCommand\",\"afterCommand\",\"rootDir\",\"specs\",\"suites\",\"exclude\",\"groupLogsByTestSpec\",\"excludeDriverLogs\",\"bail\",\"framework\",\"reporters\",\"services\",\"maxInstances\",\"maxInstancesPerCapability\",\"injectGlobals\",\"filesToWatch\",\"execArgv\",\"runnerEnv\",\"runner\",\"shard\",\"specFileRetries\",\"specFileRetriesDelay\",\"specFileRetriesDeferred\",\"reporterSyncInterval\",\"reporterSyncTimeout\",\"cucumberFeaturesWithLineNumbers\",\"autoCompileOpts\",\"mochaOpts\",\"jasmineOpts\",\"cucumberOpts\",\"onPrepare\",\"onWorkerStart\",\"onWorkerEnd\",\"before\",\"beforeSession\",\"beforeSuite\",\"beforeHook\",\"beforeTest\",\"afterTest\",\"afterHook\",\"afterSuite\",\"afterSession\",\"after\",\"onComplete\",\"beforeAssertion\",\"afterAssertion\",\"beforeFeature\",\"beforeScenario\",\"beforeStep\",\"afterStep\",\"afterScenario\",\"afterFeature\",\"_\",\"suite\",\"$0\",\"ignoredWorkerServices\",\"wdi5\"]"}]}
RESULT: {"script":"<script> [2342 bytes]","args":[{"protocol":"http","hostname":"0.0.0.0","path":"/","capabilities":{"browserName":"chrome","goog:chromeOptions":{"binary":"C:\\Program Files\\Google\\Chrome\\Application\\chrome.exe","args":["--start-maximized"]}},"logLevel":"warn","connectionRetryTimeout":120000,"connectionRetryCount":3,"logLevels":{},"enableDirectConnect":true,"strictSSL":true,"_":"65 more keys: [\"cacheDir\",\"port\",\"requestedCapabilities\",\"automationProtocol\",\"baseUrl\",\"waitforInterval\",\"waitforTimeout\",\"onReload\",\"beforeCommand\",\"afterCommand\",\"rootDir\",\"specs\",\"suites\",\"exclude\",\"groupLogsByTestSpec\",\"excludeDriverLogs\",\"bail\",\"framework\",\"reporters\",\"services\",\"maxInstances\",\"maxInstancesPerCapability\",\"injectGlobals\",\"filesToWatch\",\"execArgv\",\"runnerEnv\",\"runner\",\"shard\",\"specFileRetries\",\"specFileRetriesDelay\",\"specFileRetriesDeferred\",\"reporterSyncInterval\",\"reporterSyncTimeout\",\"cucumberFeaturesWithLineNumbers\",\"autoCompileOpts\",\"mochaOpts\",\"jasmineOpts\",\"cucumberOpts\",\"onPrepare\",\"onWorkerStart\",\"onWorkerEnd\",\"before\",\"beforeSession\",\"beforeSuite\",\"beforeHook\",\"beforeTest\",\"afterTest\",\"afterHook\",\"afterSuite\",\"afterSession\",\"after\",\"onComplete\",\"beforeAssertion\",\"afterAssertion\",\"beforeFeature\",\"beforeScenario\",\"beforeStep\",\"afterStep\",\"afterScenario\",\"afterFeature\",\"_\",\"suite\",\"$0\",\"ignoredWorkerServices\",\"wdi5\"]"}]}
COMMAND: POST /session/64fa439c5f0b0c6f4585200e3c4c457e/execute/async - {"script":"<script> [21126 bytes]","args":[35000]}
RESULT: {"script":"<script> [21126 bytes]","args":[35000]}
COMMAND: POST /session/64fa439c5f0b0c6f4585200e3c4c457e/window/maximize - {}
RESULT: {}
COMMAND: POST /session/64fa439c5f0b0c6f4585200e3c4c457e/execute/async - {"script":"<script> [1562 bytes]","args":[{"selector":{"id":"shell-header","interaction":{"idSuffix":"icon"}},"wdio_ui5_key":"shellheader"}]}
COMMAND: GET /session/64fa439c5f0b0c6f4585200e3c4c457e/screenshot - {}
RESULT: {"script":"<script> [1562 bytes]","args":[{"selector":{"id":"shell-header","interaction":{"idSuffix":"icon"}},"wdio_ui5_key":"shellheader"}]}
RESULT: undefined
COMMAND: POST /session/64fa439c5f0b0c6f4585200e3c4c457e/refresh - {}
RESULT: {}
RESULT: {}
COMMAND: GET /session/64fa439c5f0b0c6f4585200e3c4c457e/screenshot - {}
RESULT: {}
COMMAND: POST /session/64fa439c5f0b0c6f4585200e3c4c457e/refresh - {}
RESULT: {}
COMMAND: GET /session/64fa439c5f0b0c6f4585200e3c4c457e/screenshot - {}
RESULT: {}
COMMAND: POST /session/64fa439c5f0b0c6f4585200e3c4c457e/window/fullscreen - {}
RESULT: {}
COMMAND: POST /session/64fa439c5f0b0c6f4585200e3c4c457e/execute/async - {"script":"<script> [189 bytes]","args":[]}
RESULT: {"script":"<script> [189 bytes]","args":[]}
COMMAND: POST /session/64fa439c5f0b0c6f4585200e3c4c457e/execute/async - {"script":"<script> [123 bytes]","args":[]}
RESULT: {"script":"<script> [123 bytes]","args":[]}
COMMAND: POST /session/64fa439c5f0b0c6f4585200e3c4c457e/timeouts - {"script":"<number>"}
RESULT: {"script":"<number>"}
COMMAND: GET /session/64fa439c5f0b0c6f4585200e3c4c457e/timeouts - {}
RESULT: {}
RESULT: undefined
COMMAND: POST /session/64fa439c5f0b0c6f4585200e3c4c457e/execute/async - {"script":"<script> [2676 bytes]","args":[]}
RESULT: {"script":"<script> [2676 bytes]","args":[]}
COMMAND: POST /session/64fa439c5f0b0c6f4585200e3c4c457e/execute/async - {"script":"<script> [2342 bytes]","args":[{"protocol":"http","hostname":"0.0.0.0","path":"/","capabilities":{"browserName":"chrome","goog:chromeOptions":{"binary":"C:\\Program Files\\Google\\Chrome\\Application\\chrome.exe","args":["--start-maximized"]}},"logLevel":"warn","connectionRetryTimeout":120000,"connectionRetryCount":3,"logLevels":{},"enableDirectConnect":true,"strictSSL":true,"_":"65 more keys: [\"cacheDir\",\"port\",\"requestedCapabilities\",\"automationProtocol\",\"baseUrl\",\"waitforInterval\",\"waitforTimeout\",\"onReload\",\"beforeCommand\",\"afterCommand\",\"rootDir\",\"specs\",\"suites\",\"exclude\",\"groupLogsByTestSpec\",\"excludeDriverLogs\",\"bail\",\"framework\",\"reporters\",\"services\",\"maxInstances\",\"maxInstancesPerCapability\",\"injectGlobals\",\"filesToWatch\",\"execArgv\",\"runnerEnv\",\"runner\",\"shard\",\"specFileRetries\",\"specFileRetriesDelay\",\"specFileRetriesDeferred\",\"reporterSyncInterval\",\"reporterSyncTimeout\",\"cucumberFeaturesWithLineNumbers\",\"autoCompileOpts\",\"mochaOpts\",\"jasmineOpts\",\"cucumberOpts\",\"onPrepare\",\"onWorkerStart\",\"onWorkerEnd\",\"before\",\"beforeSession\",\"beforeSuite\",\"beforeHook\",\"beforeTest\",\"afterTest\",\"afterHook\",\"afterSuite\",\"afterSession\",\"after\",\"onComplete\",\"beforeAssertion\",\"afterAssertion\",\"beforeFeature\",\"beforeScenario\",\"beforeStep\",\"afterStep\",\"afterScenario\",\"afterFeature\",\"_\",\"suite\",\"$0\",\"ignoredWorkerServices\",\"wdi5\"]"}]}
RESULT: {"script":"<script> [2342 bytes]","args":[{"protocol":"http","hostname":"0.0.0.0","path":"/","capabilities":{"browserName":"chrome","goog:chromeOptions":{"binary":"C:\\Program Files\\Google\\Chrome\\Application\\chrome.exe","args":["--start-maximized"]}},"logLevel":"warn","connectionRetryTimeout":120000,"connectionRetryCount":3,"logLevels":{},"enableDirectConnect":true,"strictSSL":true,"_":"65 more keys: [\"cacheDir\",\"port\",\"requestedCapabilities\",\"automationProtocol\",\"baseUrl\",\"waitforInterval\",\"waitforTimeout\",\"onReload\",\"beforeCommand\",\"afterCommand\",\"rootDir\",\"specs\",\"suites\",\"exclude\",\"groupLogsByTestSpec\",\"excludeDriverLogs\",\"bail\",\"framework\",\"reporters\",\"services\",\"maxInstances\",\"maxInstancesPerCapability\",\"injectGlobals\",\"filesToWatch\",\"execArgv\",\"runnerEnv\",\"runner\",\"shard\",\"specFileRetries\",\"specFileRetriesDelay\",\"specFileRetriesDeferred\",\"reporterSyncInterval\",\"reporterSyncTimeout\",\"cucumberFeaturesWithLineNumbers\",\"autoCompileOpts\",\"mochaOpts\",\"jasmineOpts\",\"cucumberOpts\",\"onPrepare\",\"onWorkerStart\",\"onWorkerEnd\",\"before\",\"beforeSession\",\"beforeSuite\",\"beforeHook\",\"beforeTest\",\"afterTest\",\"afterHook\",\"afterSuite\",\"afterSession\",\"after\",\"onComplete\",\"beforeAssertion\",\"afterAssertion\",\"beforeFeature\",\"beforeScenario\",\"beforeStep\",\"afterStep\",\"afterScenario\",\"afterFeature\",\"_\",\"suite\",\"$0\",\"ignoredWorkerServices\",\"wdi5\"]"}]}
COMMAND: POST /session/64fa439c5f0b0c6f4585200e3c4c457e/execute/async - {"script":"<script> [21126 bytes]","args":[35000]}
RESULT: {"script":"<script> [21126 bytes]","args":[35000]}
]]></system-out>
    </testcase>
  </testsuite>
  <testsuite timestamp="2025-04-28T06:35:38" time="427.125" tests="9" failures="0" errors="0" skipped="0">
    <properties>
      <property name="specId" value="0" />
      <property name="suiteName" value="US134625 Set up price condition - one time" />
      <property name="capabilities" value="chrome.135_0_7049_96.windows" />
      <property name="file" value="file:///D:/a/1/s/test/specs/BTS/set-up-price-condition-one-time.spec.js" />
    </properties>
    <testcase classname="chrome.135_0_7049_96.windows.US134625_Set_up_price_condition_-_one_time" name="Should create a new yard used for all following tests" time="0.016">
      <system-out><![CDATA[
COMMAND: POST /session/64fa439c5f0b0c6f4585200e3c4c457e/window/fullscreen - {}
RESULT: {}
]]></system-out>
    </testcase>
    <testcase classname="chrome.135_0_7049_96.windows.US134625_Set_up_price_condition_-_one_time" name="Should create a new partner" time="0.004" />
    <testcase classname="chrome.135_0_7049_96.windows.US134625_Set_up_price_condition_-_one_time" name="Should create a new site used for following tests" time="0.004" />
    <testcase classname="chrome.135_0_7049_96.windows.US134625_Set_up_price_condition_-_one_time" name="Should create a new material for billing type one time" time="112.102">
      <system-out><![CDATA[
COMMAND: POST /session/64fa439c5f0b0c6f4585200e3c4c457e/execute/async - {"script":"<script> [1562 bytes]","args":[{"selector":{"controlType":"sap.m.GenericTile","properties":{"header":"Manage Resources"}},"wdio_ui5_key":"sapm.GenericTile{\"header\":\"Manage Resources\"}"}]}
RESULT: {"script":"<script> [1562 bytes]","args":[{"selector":{"controlType":"sap.m.GenericTile","properties":{"header":"Manage Resources"}},"wdio_ui5_key":"sapm.GenericTile{\"header\":\"Manage Resources\"}"}]}
RESULT: undefined
COMMAND: POST /session/64fa439c5f0b0c6f4585200e3c4c457e/element - {"using":"xpath","value":"//*[@id=\"__tile39\"]"}
RESULT: {"using":"xpath","value":"//*[@id=\"__tile39\"]"}
COMMAND: POST /session/64fa439c5f0b0c6f4585200e3c4c457e/element/f.21A4AE5C8D3A30030B5FDBA346DFF994.d.44CDF0A3261A5C0ED732F88EB53BA9EC.e.5677/click - {}
RESULT: {}
COMMAND: POST /session/64fa439c5f0b0c6f4585200e3c4c457e/element - {"using":"xpath","value":"//button[@data-kt=\"addNewRUOverflowToolbarButton\"]"}
COMMAND: GET /session/64fa439c5f0b0c6f4585200e3c4c457e/screenshot - {}
RESULT: {"using":"xpath","value":"//button[@data-kt=\"addNewRUOverflowToolbarButton\"]"}
COMMAND: POST /session/64fa439c5f0b0c6f4585200e3c4c457e/elements - {"using":"xpath","value":"//button[@data-kt=\"addNewRUOverflowToolbarButton\"]"}
RESULT: {}
RESULT: {"using":"xpath","value":"//button[@data-kt=\"addNewRUOverflowToolbarButton\"]"}
COMMAND: POST /session/64fa439c5f0b0c6f4585200e3c4c457e/elements - {"using":"xpath","value":"//button[@data-kt=\"addNewRUOverflowToolbarButton\"]"}
RESULT: {"using":"xpath","value":"//button[@data-kt=\"addNewRUOverflowToolbarButton\"]"}
COMMAND: POST /session/64fa439c5f0b0c6f4585200e3c4c457e/elements - {"using":"xpath","value":"//button[@data-kt=\"addNewRUOverflowToolbarButton\"]"}
RESULT: {"using":"xpath","value":"//button[@data-kt=\"addNewRUOverflowToolbarButton\"]"}
COMMAND: POST /session/64fa439c5f0b0c6f4585200e3c4c457e/elements - {"using":"xpath","value":"//button[@data-kt=\"addNewRUOverflowToolbarButton\"]"}
RESULT: {"using":"xpath","value":"//button[@data-kt=\"addNewRUOverflowToolbarButton\"]"}
COMMAND: POST /session/64fa439c5f0b0c6f4585200e3c4c457e/elements - {"using":"xpath","value":"//button[@data-kt=\"addNewRUOverflowToolbarButton\"]"}
RESULT: {"using":"xpath","value":"//button[@data-kt=\"addNewRUOverflowToolbarButton\"]"}
COMMAND: POST /session/64fa439c5f0b0c6f4585200e3c4c457e/elements - {"using":"xpath","value":"//button[@data-kt=\"addNewRUOverflowToolbarButton\"]"}
RESULT: {"using":"xpath","value":"//button[@data-kt=\"addNewRUOverflowToolbarButton\"]"}
COMMAND: POST /session/64fa439c5f0b0c6f4585200e3c4c457e/elements - {"using":"xpath","value":"//button[@data-kt=\"addNewRUOverflowToolbarButton\"]"}
RESULT: {"using":"xpath","value":"//button[@data-kt=\"addNewRUOverflowToolbarButton\"]"}
COMMAND: POST /session/64fa439c5f0b0c6f4585200e3c4c457e/elements - {"using":"xpath","value":"//button[@data-kt=\"addNewRUOverflowToolbarButton\"]"}
RESULT: {"using":"xpath","value":"//button[@data-kt=\"addNewRUOverflowToolbarButton\"]"}
COMMAND: POST /session/64fa439c5f0b0c6f4585200e3c4c457e/elements - {"using":"xpath","value":"//button[@data-kt=\"addNewRUOverflowToolbarButton\"]"}
RESULT: {"using":"xpath","value":"//button[@data-kt=\"addNewRUOverflowToolbarButton\"]"}
COMMAND: POST /session/64fa439c5f0b0c6f4585200e3c4c457e/elements - {"using":"xpath","value":"//button[@data-kt=\"addNewRUOverflowToolbarButton\"]"}
RESULT: {"using":"xpath","value":"//button[@data-kt=\"addNewRUOverflowToolbarButton\"]"}
COMMAND: POST /session/64fa439c5f0b0c6f4585200e3c4c457e/elements - {"using":"xpath","value":"//button[@data-kt=\"addNewRUOverflowToolbarButton\"]"}
RESULT: {"using":"xpath","value":"//button[@data-kt=\"addNewRUOverflowToolbarButton\"]"}
COMMAND: POST /session/64fa439c5f0b0c6f4585200e3c4c457e/elements - {"using":"xpath","value":"//button[@data-kt=\"addNewRUOverflowToolbarButton\"]"}
RESULT: {"using":"xpath","value":"//button[@data-kt=\"addNewRUOverflowToolbarButton\"]"}
COMMAND: POST /session/64fa439c5f0b0c6f4585200e3c4c457e/elements - {"using":"xpath","value":"//button[@data-kt=\"addNewRUOverflowToolbarButton\"]"}
RESULT: {"using":"xpath","value":"//button[@data-kt=\"addNewRUOverflowToolbarButton\"]"}
COMMAND: POST /session/64fa439c5f0b0c6f4585200e3c4c457e/elements - {"using":"xpath","value":"//button[@data-kt=\"addNewRUOverflowToolbarButton\"]"}
RESULT: {"using":"xpath","value":"//button[@data-kt=\"addNewRUOverflowToolbarButton\"]"}
COMMAND: POST /session/64fa439c5f0b0c6f4585200e3c4c457e/elements - {"using":"xpath","value":"//button[@data-kt=\"addNewRUOverflowToolbarButton\"]"}
RESULT: {"using":"xpath","value":"//button[@data-kt=\"addNewRUOverflowToolbarButton\"]"}
COMMAND: POST /session/64fa439c5f0b0c6f4585200e3c4c457e/elements - {"using":"xpath","value":"//button[@data-kt=\"addNewRUOverflowToolbarButton\"]"}
RESULT: {"using":"xpath","value":"//button[@data-kt=\"addNewRUOverflowToolbarButton\"]"}
COMMAND: POST /session/64fa439c5f0b0c6f4585200e3c4c457e/elements - {"using":"xpath","value":"//button[@data-kt=\"addNewRUOverflowToolbarButton\"]"}
RESULT: {"using":"xpath","value":"//button[@data-kt=\"addNewRUOverflowToolbarButton\"]"}
COMMAND: POST /session/64fa439c5f0b0c6f4585200e3c4c457e/elements - {"using":"xpath","value":"//button[@data-kt=\"addNewRUOverflowToolbarButton\"]"}
RESULT: {"using":"xpath","value":"//button[@data-kt=\"addNewRUOverflowToolbarButton\"]"}
COMMAND: POST /session/64fa439c5f0b0c6f4585200e3c4c457e/elements - {"using":"xpath","value":"//button[@data-kt=\"addNewRUOverflowToolbarButton\"]"}
RESULT: {"using":"xpath","value":"//button[@data-kt=\"addNewRUOverflowToolbarButton\"]"}
COMMAND: POST /session/64fa439c5f0b0c6f4585200e3c4c457e/elements - {"using":"xpath","value":"//button[@data-kt=\"addNewRUOverflowToolbarButton\"]"}
RESULT: {"using":"xpath","value":"//button[@data-kt=\"addNewRUOverflowToolbarButton\"]"}
COMMAND: POST /session/64fa439c5f0b0c6f4585200e3c4c457e/elements - {"using":"xpath","value":"//button[@data-kt=\"addNewRUOverflowToolbarButton\"]"}
RESULT: {"using":"xpath","value":"//button[@data-kt=\"addNewRUOverflowToolbarButton\"]"}
COMMAND: POST /session/64fa439c5f0b0c6f4585200e3c4c457e/elements - {"using":"xpath","value":"//button[@data-kt=\"addNewRUOverflowToolbarButton\"]"}
RESULT: {"using":"xpath","value":"//button[@data-kt=\"addNewRUOverflowToolbarButton\"]"}
COMMAND: POST /session/64fa439c5f0b0c6f4585200e3c4c457e/elements - {"using":"xpath","value":"//button[@data-kt=\"addNewRUOverflowToolbarButton\"]"}
RESULT: {"using":"xpath","value":"//button[@data-kt=\"addNewRUOverflowToolbarButton\"]"}
COMMAND: POST /session/64fa439c5f0b0c6f4585200e3c4c457e/elements - {"using":"xpath","value":"//button[@data-kt=\"addNewRUOverflowToolbarButton\"]"}
RESULT: {"using":"xpath","value":"//button[@data-kt=\"addNewRUOverflowToolbarButton\"]"}
COMMAND: POST /session/64fa439c5f0b0c6f4585200e3c4c457e/elements - {"using":"xpath","value":"//button[@data-kt=\"addNewRUOverflowToolbarButton\"]"}
RESULT: {"using":"xpath","value":"//button[@data-kt=\"addNewRUOverflowToolbarButton\"]"}
COMMAND: POST /session/64fa439c5f0b0c6f4585200e3c4c457e/elements - {"using":"xpath","value":"//button[@data-kt=\"addNewRUOverflowToolbarButton\"]"}
RESULT: {"using":"xpath","value":"//button[@data-kt=\"addNewRUOverflowToolbarButton\"]"}
COMMAND: POST /session/64fa439c5f0b0c6f4585200e3c4c457e/elements - {"using":"xpath","value":"//button[@data-kt=\"addNewRUOverflowToolbarButton\"]"}
RESULT: {"using":"xpath","value":"//button[@data-kt=\"addNewRUOverflowToolbarButton\"]"}
COMMAND: POST /session/64fa439c5f0b0c6f4585200e3c4c457e/elements - {"using":"xpath","value":"//button[@data-kt=\"addNewRUOverflowToolbarButton\"]"}
RESULT: {"using":"xpath","value":"//button[@data-kt=\"addNewRUOverflowToolbarButton\"]"}
COMMAND: POST /session/64fa439c5f0b0c6f4585200e3c4c457e/elements - {"using":"xpath","value":"//button[@data-kt=\"addNewRUOverflowToolbarButton\"]"}
RESULT: {"using":"xpath","value":"//button[@data-kt=\"addNewRUOverflowToolbarButton\"]"}
COMMAND: POST /session/64fa439c5f0b0c6f4585200e3c4c457e/elements - {"using":"xpath","value":"//button[@data-kt=\"addNewRUOverflowToolbarButton\"]"}
RESULT: {"using":"xpath","value":"//button[@data-kt=\"addNewRUOverflowToolbarButton\"]"}
COMMAND: POST /session/64fa439c5f0b0c6f4585200e3c4c457e/elements - {"using":"xpath","value":"//button[@data-kt=\"addNewRUOverflowToolbarButton\"]"}
RESULT: {"using":"xpath","value":"//button[@data-kt=\"addNewRUOverflowToolbarButton\"]"}
COMMAND: POST /session/64fa439c5f0b0c6f4585200e3c4c457e/element - {"using":"xpath","value":"//button[@data-kt=\"addNewRUOverflowToolbarButton\"]"}
RESULT: {"using":"xpath","value":"//button[@data-kt=\"addNewRUOverflowToolbarButton\"]"}
COMMAND: POST /session/64fa439c5f0b0c6f4585200e3c4c457e/execute/sync - {"script":"<script> [8489 bytes]","args":[{"element-6066-11e4-a52e-4f735466cecf":"f.21A4AE5C8D3A30030B5FDBA346DFF994.d.44CDF0A3261A5C0ED732F88EB53BA9EC.e.5813","ELEMENT":"f.21A4AE5C8D3A30030B5FDBA346DFF994.d.44CDF0A3261A5C0ED732F88EB53BA9EC.e.5813"}]}
RESULT: {"script":"<script> [8489 bytes]","args":[{"element-6066-11e4-a52e-4f735466cecf":"f.21A4AE5C8D3A30030B5FDBA346DFF994.d.44CDF0A3261A5C0ED732F88EB53BA9EC.e.5813","ELEMENT":"f.21A4AE5C8D3A30030B5FDBA346DFF994.d.44CDF0A3261A5C0ED732F88EB53BA9EC.e.5813"}]}
COMMAND: GET /session/64fa439c5f0b0c6f4585200e3c4c457e/element/f.21A4AE5C8D3A30030B5FDBA346DFF994.d.44CDF0A3261A5C0ED732F88EB53BA9EC.e.5813/enabled - {}
COMMAND: GET /session/64fa439c5f0b0c6f4585200e3c4c457e/screenshot - {}
RESULT: {}
COMMAND: POST /session/64fa439c5f0b0c6f4585200e3c4c457e/execute/sync - {"script":"<script> [8489 bytes]","args":[{"element-6066-11e4-a52e-4f735466cecf":"f.21A4AE5C8D3A30030B5FDBA346DFF994.d.44CDF0A3261A5C0ED732F88EB53BA9EC.e.5813","ELEMENT":"f.21A4AE5C8D3A30030B5FDBA346DFF994.d.44CDF0A3261A5C0ED732F88EB53BA9EC.e.5813"}]}
COMMAND: GET /session/64fa439c5f0b0c6f4585200e3c4c457e/screenshot - {}
RESULT: {}
RESULT: {"script":"<script> [8489 bytes]","args":[{"element-6066-11e4-a52e-4f735466cecf":"f.21A4AE5C8D3A30030B5FDBA346DFF994.d.44CDF0A3261A5C0ED732F88EB53BA9EC.e.5813","ELEMENT":"f.21A4AE5C8D3A30030B5FDBA346DFF994.d.44CDF0A3261A5C0ED732F88EB53BA9EC.e.5813"}]}
COMMAND: POST /session/64fa439c5f0b0c6f4585200e3c4c457e/execute/sync - {"script":"<script> [5351 bytes]","args":[{"element-6066-11e4-a52e-4f735466cecf":"f.21A4AE5C8D3A30030B5FDBA346DFF994.d.44CDF0A3261A5C0ED732F88EB53BA9EC.e.5813","ELEMENT":"f.21A4AE5C8D3A30030B5FDBA346DFF994.d.44CDF0A3261A5C0ED732F88EB53BA9EC.e.5813"}]}
COMMAND: GET /session/64fa439c5f0b0c6f4585200e3c4c457e/screenshot - {}
RESULT: {}
RESULT: {"script":"<script> [5351 bytes]","args":[{"element-6066-11e4-a52e-4f735466cecf":"f.21A4AE5C8D3A30030B5FDBA346DFF994.d.44CDF0A3261A5C0ED732F88EB53BA9EC.e.5813","ELEMENT":"f.21A4AE5C8D3A30030B5FDBA346DFF994.d.44CDF0A3261A5C0ED732F88EB53BA9EC.e.5813"}]}
COMMAND: POST /session/64fa439c5f0b0c6f4585200e3c4c457e/element/f.21A4AE5C8D3A30030B5FDBA346DFF994.d.44CDF0A3261A5C0ED732F88EB53BA9EC.e.5813/click - {}
COMMAND: GET /session/64fa439c5f0b0c6f4585200e3c4c457e/screenshot - {}
RESULT: {}
RESULT: {}
COMMAND: GET /session/64fa439c5f0b0c6f4585200e3c4c457e/screenshot - {}
COMMAND: POST /session/64fa439c5f0b0c6f4585200e3c4c457e/execute/async - {"script":"<script> [1562 bytes]","args":[{"selector":{"id":"application-manageresources-display-component---newResourceUnit--TYPE-arrow"},"wdio_ui5_key":"applicationmanageresources-display-component---newResourceUnit--TYPE-arrow"}]}
RESULT: {}
RESULT: {}
RESULT: {"script":"<script> [1562 bytes]","args":[{"selector":{"id":"application-manageresources-display-component---newResourceUnit--TYPE-arrow"},"wdio_ui5_key":"applicationmanageresources-display-component---newResourceUnit--TYPE-arrow"}]}
RESULT: undefined
COMMAND: POST /session/64fa439c5f0b0c6f4585200e3c4c457e/element - {"using":"xpath","value":"//*[@id=\"application-manageresources-display-component---newResourceUnit--TYPE-arrow\"]"}
RESULT: {"using":"xpath","value":"//*[@id=\"application-manageresources-display-component---newResourceUnit--TYPE-arrow\"]"}
COMMAND: POST /session/64fa439c5f0b0c6f4585200e3c4c457e/element/f.21A4AE5C8D3A30030B5FDBA346DFF994.d.44CDF0A3261A5C0ED732F88EB53BA9EC.e.6170/click - {}
RESULT: {}
COMMAND: POST /session/64fa439c5f0b0c6f4585200e3c4c457e/element - {"using":"xpath","value":"//input[@id=\"application-manageresources-display-component---newResourceUnit--TYPE-inner\"]"}
COMMAND: GET /session/64fa439c5f0b0c6f4585200e3c4c457e/screenshot - {}
RESULT: {"using":"xpath","value":"//input[@id=\"application-manageresources-display-component---newResourceUnit--TYPE-inner\"]"}
COMMAND: POST /session/64fa439c5f0b0c6f4585200e3c4c457e/element/f.21A4AE5C8D3A30030B5FDBA346DFF994.d.44CDF0A3261A5C0ED732F88EB53BA9EC.e.6167/clear - {}
RESULT: {}
RESULT: {}
COMMAND: POST /session/64fa439c5f0b0c6f4585200e3c4c457e/element/f.21A4AE5C8D3A30030B5FDBA346DFF994.d.44CDF0A3261A5C0ED732F88EB53BA9EC.e.6167/value - {"text":"Material"}
COMMAND: GET /session/64fa439c5f0b0c6f4585200e3c4c457e/screenshot - {}
RESULT: {"text":"Material"}
COMMAND: GET /session/64fa439c5f0b0c6f4585200e3c4c457e/screenshot - {}
RESULT: {}
RESULT: {}
COMMAND: POST /session/64fa439c5f0b0c6f4585200e3c4c457e/actions - {"actions":[{"id":"action13","type":"key","parameters":{},"actions":[{"type":"keyDown","value":"î€‡"},{"type":"pause","duration":10},{"type":"keyUp","value":"î€‡"}]}]}
RESULT: {"actions":[{"id":"action13","type":"key","parameters":{},"actions":[{"type":"keyDown","value":"î€‡"},{"type":"pause","duration":10},{"type":"keyUp","value":"î€‡"}]}]}
COMMAND: POST /session/64fa439c5f0b0c6f4585200e3c4c457e/execute/async - {"script":"<script> [1562 bytes]","args":[{"selector":{"id":"application-manageresources-display-component---newResourceUnit--SHORT_TEXT","interaction":{"idSuffix":"inner"}},"wdio_ui5_key":"applicationmanageresources-display-component---newResourceUnit--SHORT_TEXT"}]}
COMMAND: GET /session/64fa439c5f0b0c6f4585200e3c4c457e/screenshot - {}
RESULT: {"script":"<script> [1562 bytes]","args":[{"selector":{"id":"application-manageresources-display-component---newResourceUnit--SHORT_TEXT","interaction":{"idSuffix":"inner"}},"wdio_ui5_key":"applicationmanageresources-display-component---newResourceUnit--SHORT_TEXT"}]}
RESULT: undefined
COMMAND: POST /session/64fa439c5f0b0c6f4585200e3c4c457e/execute/async - {"script":"<script> [776 bytes]","args":[{"enterText":"Cement WDIO","selector":{"id":"application-manageresources-display-component---newResourceUnit--SHORT_TEXT","interaction":{"idSuffix":"inner"}},"clearTextFirst":true,"interactionType":"ENTER_TEXT"}]}
RESULT: {}
RESULT: {"script":"<script> [776 bytes]","args":[{"enterText":"Cement WDIO","selector":{"id":"application-manageresources-display-component---newResourceUnit--SHORT_TEXT","interaction":{"idSuffix":"inner"}},"clearTextFirst":true,"interactionType":"ENTER_TEXT"}]}
COMMAND: POST /session/64fa439c5f0b0c6f4585200e3c4c457e/execute/async - {"script":"<script> [1562 bytes]","args":[{"selector":{"id":"application-manageresources-display-component---newResourceUnit--BASE_UNIT_OF_MEASURE","interaction":{"idSuffix":"inner"}},"wdio_ui5_key":"applicationmanageresources-display-component---newResourceUnit--BASE_UNIT_OF_MEASURE"}]}
RESULT: {"script":"<script> [1562 bytes]","args":[{"selector":{"id":"application-manageresources-display-component---newResourceUnit--BASE_UNIT_OF_MEASURE","interaction":{"idSuffix":"inner"}},"wdio_ui5_key":"applicationmanageresources-display-component---newResourceUnit--BASE_UNIT_OF_MEASURE"}]}
RESULT: undefined
COMMAND: POST /session/64fa439c5f0b0c6f4585200e3c4c457e/execute/async - {"script":"<script> [776 bytes]","args":[{"enterText":"Piece","selector":{"id":"application-manageresources-display-component---newResourceUnit--BASE_UNIT_OF_MEASURE","interaction":{"idSuffix":"inner"}},"clearTextFirst":true,"interactionType":"ENTER_TEXT"}]}
RESULT: {"script":"<script> [776 bytes]","args":[{"enterText":"Piece","selector":{"id":"application-manageresources-display-component---newResourceUnit--BASE_UNIT_OF_MEASURE","interaction":{"idSuffix":"inner"}},"clearTextFirst":true,"interactionType":"ENTER_TEXT"}]}
COMMAND: POST /session/64fa439c5f0b0c6f4585200e3c4c457e/execute/async - {"script":"<script> [1562 bytes]","args":[{"selector":{"id":"application-manageresources-display-component---newResourceUnit--WEIGHT_UNIT","interaction":{"idSuffix":"inner"}},"wdio_ui5_key":"applicationmanageresources-display-component---newResourceUnit--WEIGHT_UNIT"}]}
RESULT: {"script":"<script> [1562 bytes]","args":[{"selector":{"id":"application-manageresources-display-component---newResourceUnit--WEIGHT_UNIT","interaction":{"idSuffix":"inner"}},"wdio_ui5_key":"applicationmanageresources-display-component---newResourceUnit--WEIGHT_UNIT"}]}
RESULT: undefined
COMMAND: POST /session/64fa439c5f0b0c6f4585200e3c4c457e/execute/async - {"script":"<script> [776 bytes]","args":[{"enterText":"Gram","selector":{"id":"application-manageresources-display-component---newResourceUnit--WEIGHT_UNIT","interaction":{"idSuffix":"inner"}},"clearTextFirst":true,"interactionType":"ENTER_TEXT"}]}
RESULT: {"script":"<script> [776 bytes]","args":[{"enterText":"Gram","selector":{"id":"application-manageresources-display-component---newResourceUnit--WEIGHT_UNIT","interaction":{"idSuffix":"inner"}},"clearTextFirst":true,"interactionType":"ENTER_TEXT"}]}
COMMAND: POST /session/64fa439c5f0b0c6f4585200e3c4c457e/execute/async - {"script":"<script> [1562 bytes]","args":[{"selector":{"id":"application-manageresources-display-component---newResourceUnit--DIMENSION_UNIT","interaction":{"idSuffix":"inner"}},"wdio_ui5_key":"applicationmanageresources-display-component---newResourceUnit--DIMENSION_UNIT"}]}
RESULT: {"script":"<script> [1562 bytes]","args":[{"selector":{"id":"application-manageresources-display-component---newResourceUnit--DIMENSION_UNIT","interaction":{"idSuffix":"inner"}},"wdio_ui5_key":"applicationmanageresources-display-component---newResourceUnit--DIMENSION_UNIT"}]}
RESULT: undefined
COMMAND: POST /session/64fa439c5f0b0c6f4585200e3c4c457e/execute/async - {"script":"<script> [776 bytes]","args":[{"enterText":"Meter","selector":{"id":"application-manageresources-display-component---newResourceUnit--DIMENSION_UNIT","interaction":{"idSuffix":"inner"}},"clearTextFirst":true,"interactionType":"ENTER_TEXT"}]}
RESULT: {"script":"<script> [776 bytes]","args":[{"enterText":"Meter","selector":{"id":"application-manageresources-display-component---newResourceUnit--DIMENSION_UNIT","interaction":{"idSuffix":"inner"}},"clearTextFirst":true,"interactionType":"ENTER_TEXT"}]}
COMMAND: POST /session/64fa439c5f0b0c6f4585200e3c4c457e/execute/async - {"script":"<script> [1562 bytes]","args":[{"selector":{"id":"application-manageresources-display-component---newResourceUnit--newRRUPage-anchBar-application-manageresources-display-component---newResourceUnit--control-anchor","interaction":{"idSuffix":"BDI-content"}},"wdio_ui5_key":"applicationmanageresources-display-component---newResourceUnit--newRRUPage-anchBar-application-manageresources-display-component---newResourceUnit--control-anchor"}]}
RESULT: {"script":"<script> [1562 bytes]","args":[{"selector":{"id":"application-manageresources-display-component---newResourceUnit--newRRUPage-anchBar-application-manageresources-display-component---newResourceUnit--control-anchor","interaction":{"idSuffix":"BDI-content"}},"wdio_ui5_key":"applicationmanageresources-display-component---newResourceUnit--newRRUPage-anchBar-application-manageresources-display-component---newResourceUnit--control-anchor"}]}
RESULT: undefined
COMMAND: POST /session/64fa439c5f0b0c6f4585200e3c4c457e/element - {"using":"xpath","value":"//*[@id=\"application-manageresources-display-component---newResourceUnit--newRRUPage-anchBar-application-manageresources-display-component---newResourceUnit--control-anchor\"]"}
RESULT: {"using":"xpath","value":"//*[@id=\"application-manageresources-display-component---newResourceUnit--newRRUPage-anchBar-application-manageresources-display-component---newResourceUnit--control-anchor\"]"}
COMMAND: POST /session/64fa439c5f0b0c6f4585200e3c4c457e/element/f.21A4AE5C8D3A30030B5FDBA346DFF994.d.44CDF0A3261A5C0ED732F88EB53BA9EC.e.6238/click - {}
RESULT: {}
COMMAND: POST /session/64fa439c5f0b0c6f4585200e3c4c457e/execute/async - {"script":"<script> [1562 bytes]","args":[{"selector":{"id":"application-manageresources-display-component---newResourceUnit--PLANNING_GROUP","interaction":{"idSuffix":"inner"}},"wdio_ui5_key":"applicationmanageresources-display-component---newResourceUnit--PLANNING_GROUP"}]}
COMMAND: GET /session/64fa439c5f0b0c6f4585200e3c4c457e/screenshot - {}
RESULT: {"script":"<script> [1562 bytes]","args":[{"selector":{"id":"application-manageresources-display-component---newResourceUnit--PLANNING_GROUP","interaction":{"idSuffix":"inner"}},"wdio_ui5_key":"applicationmanageresources-display-component---newResourceUnit--PLANNING_GROUP"}]}
RESULT: undefined
COMMAND: POST /session/64fa439c5f0b0c6f4585200e3c4c457e/execute/async - {"script":"<script> [776 bytes]","args":[{"enterText":"Material","selector":{"id":"application-manageresources-display-component---newResourceUnit--PLANNING_GROUP","interaction":{"idSuffix":"inner"}},"clearTextFirst":true,"interactionType":"ENTER_TEXT"}]}
RESULT: {}
RESULT: {"script":"<script> [776 bytes]","args":[{"enterText":"Material","selector":{"id":"application-manageresources-display-component---newResourceUnit--PLANNING_GROUP","interaction":{"idSuffix":"inner"}},"clearTextFirst":true,"interactionType":"ENTER_TEXT"}]}
COMMAND: POST /session/64fa439c5f0b0c6f4585200e3c4c457e/execute/async - {"script":"<script> [1562 bytes]","args":[{"selector":{"id":"application-manageresources-display-component---newResourceUnit--PLANNING_INDICATOR","interaction":{"idSuffix":"inner"}},"wdio_ui5_key":"applicationmanageresources-display-component---newResourceUnit--PLANNING_INDICATOR"}]}
RESULT: {"script":"<script> [1562 bytes]","args":[{"selector":{"id":"application-manageresources-display-component---newResourceUnit--PLANNING_INDICATOR","interaction":{"idSuffix":"inner"}},"wdio_ui5_key":"applicationmanageresources-display-component---newResourceUnit--PLANNING_INDICATOR"}]}
RESULT: undefined
COMMAND: POST /session/64fa439c5f0b0c6f4585200e3c4c457e/execute/async - {"script":"<script> [776 bytes]","args":[{"enterText":"10 - infinite","selector":{"id":"application-manageresources-display-component---newResourceUnit--PLANNING_INDICATOR","interaction":{"idSuffix":"inner"}},"clearTextFirst":true,"interactionType":"ENTER_TEXT"}]}
RESULT: {"script":"<script> [776 bytes]","args":[{"enterText":"10 - infinite","selector":{"id":"application-manageresources-display-component---newResourceUnit--PLANNING_INDICATOR","interaction":{"idSuffix":"inner"}},"clearTextFirst":true,"interactionType":"ENTER_TEXT"}]}
COMMAND: POST /session/64fa439c5f0b0c6f4585200e3c4c457e/element - {"using":"css selector","value":"#application-manageresources-display-component---newResourceUnit--btnAddTimeSegment"}
RESULT: {"using":"css selector","value":"#application-manageresources-display-component---newResourceUnit--btnAddTimeSegment"}
COMMAND: GET /session/64fa439c5f0b0c6f4585200e3c4c457e/element/f.21A4AE5C8D3A30030B5FDBA346DFF994.d.44CDF0A3261A5C0ED732F88EB53BA9EC.e.6247/rect - {}
RESULT: {}
COMMAND: GET /session/64fa439c5f0b0c6f4585200e3c4c457e/window/rect - {}
RESULT: {}
COMMAND: POST /session/64fa439c5f0b0c6f4585200e3c4c457e/execute/sync - {"script":"<script> [92 bytes]","args":[]}
RESULT: {"script":"<script> [92 bytes]","args":[]}
COMMAND: POST /session/64fa439c5f0b0c6f4585200e3c4c457e/actions - {"actions":[{"id":"action14","type":"wheel","parameters":{},"actions":[{"type":"scroll","x":-1888,"y":-32,"deltaX":0,"deltaY":0,"duration":0,"origin":{"element-6066-11e4-a52e-4f735466cecf":"f.21A4AE5C8D3A30030B5FDBA346DFF994.d.44CDF0A3261A5C0ED732F88EB53BA9EC.e.6247"}}]}]}
COMMAND: GET /session/64fa439c5f0b0c6f4585200e3c4c457e/screenshot - {}
RESULT: {}
COMMAND: POST /session/64fa439c5f0b0c6f4585200e3c4c457e/execute/sync - {"script":"<script> [79 bytes]","args":[{"element-6066-11e4-a52e-4f735466cecf":"f.21A4AE5C8D3A30030B5FDBA346DFF994.d.44CDF0A3261A5C0ED732F88EB53BA9EC.e.6247","ELEMENT":"f.21A4AE5C8D3A30030B5FDBA346DFF994.d.44CDF0A3261A5C0ED732F88EB53BA9EC.e.6247"},{"block":"start","inline":"nearest"}]}
RESULT: {"script":"<script> [79 bytes]","args":[{"element-6066-11e4-a52e-4f735466cecf":"f.21A4AE5C8D3A30030B5FDBA346DFF994.d.44CDF0A3261A5C0ED732F88EB53BA9EC.e.6247","ELEMENT":"f.21A4AE5C8D3A30030B5FDBA346DFF994.d.44CDF0A3261A5C0ED732F88EB53BA9EC.e.6247"},{"block":"start","inline":"nearest"}]}
COMMAND: POST /session/64fa439c5f0b0c6f4585200e3c4c457e/execute/async - {"script":"<script> [1562 bytes]","args":[{"selector":{"id":"application-manageresources-display-component---newResourceUnit--btnAddTimeSegment","interaction":{"idSuffix":"inner"}},"wdio_ui5_key":"applicationmanageresources-display-component---newResourceUnit--btnAddTimeSegment"}]}
COMMAND: GET /session/64fa439c5f0b0c6f4585200e3c4c457e/screenshot - {}
RESULT: {"script":"<script> [1562 bytes]","args":[{"selector":{"id":"application-manageresources-display-component---newResourceUnit--btnAddTimeSegment","interaction":{"idSuffix":"inner"}},"wdio_ui5_key":"applicationmanageresources-display-component---newResourceUnit--btnAddTimeSegment"}]}
RESULT: undefined
COMMAND: POST /session/64fa439c5f0b0c6f4585200e3c4c457e/element - {"using":"xpath","value":"//*[@id=\"application-manageresources-display-component---newResourceUnit--btnAddTimeSegment\"]"}
RESULT: {}
RESULT: {"using":"xpath","value":"//*[@id=\"application-manageresources-display-component---newResourceUnit--btnAddTimeSegment\"]"}
COMMAND: POST /session/64fa439c5f0b0c6f4585200e3c4c457e/element/f.21A4AE5C8D3A30030B5FDBA346DFF994.d.44CDF0A3261A5C0ED732F88EB53BA9EC.e.6247/click - {}
RESULT: {}
COMMAND: GET /session/64fa439c5f0b0c6f4585200e3c4c457e/screenshot - {}
RESULT: {}
COMMAND: POST /session/64fa439c5f0b0c6f4585200e3c4c457e/element - {"using":"xpath","value":"//input[@id=\"application-manageresources-display-component---newResourceUnit--idRuTSAdmin-application-manageresources-display-component---newResourceUnit--RUTimeSegment-0-inner\"]"}
RESULT: {"using":"xpath","value":"//input[@id=\"application-manageresources-display-component---newResourceUnit--idRuTSAdmin-application-manageresources-display-component---newResourceUnit--RUTimeSegment-0-inner\"]"}
COMMAND: POST /session/64fa439c5f0b0c6f4585200e3c4c457e/element/f.21A4AE5C8D3A30030B5FDBA346DFF994.d.44CDF0A3261A5C0ED732F88EB53BA9EC.e.6252/clear - {}
RESULT: {}
COMMAND: POST /session/64fa439c5f0b0c6f4585200e3c4c457e/element/f.21A4AE5C8D3A30030B5FDBA346DFF994.d.44CDF0A3261A5C0ED732F88EB53BA9EC.e.6252/value - {"text":"305"}
COMMAND: GET /session/64fa439c5f0b0c6f4585200e3c4c457e/screenshot - {}
RESULT: {"text":"305"}
COMMAND: GET /session/64fa439c5f0b0c6f4585200e3c4c457e/screenshot - {}
RESULT: {}
RESULT: {}
COMMAND: POST /session/64fa439c5f0b0c6f4585200e3c4c457e/element - {"using":"xpath","value":"//li[.//span[text()='305']]"}
RESULT: {"using":"xpath","value":"//li[.//span[text()='305']]"}
COMMAND: POST /session/64fa439c5f0b0c6f4585200e3c4c457e/element/f.21A4AE5C8D3A30030B5FDBA346DFF994.d.44CDF0A3261A5C0ED732F88EB53BA9EC.e.6261/click - {}
RESULT: {}
COMMAND: GET /session/64fa439c5f0b0c6f4585200e3c4c457e/screenshot - {}
RESULT: {}
COMMAND: POST /session/64fa439c5f0b0c6f4585200e3c4c457e/element - {"using":"xpath","value":"(//span[contains(@id, \"-application-manageresources-display-component---newResourceUnit--RUTimeSegment-0-arrow\")])[2]"}
RESULT: {"using":"xpath","value":"(//span[contains(@id, \"-application-manageresources-display-component---newResourceUnit--RUTimeSegment-0-arrow\")])[2]"}
COMMAND: POST /session/64fa439c5f0b0c6f4585200e3c4c457e/element/f.21A4AE5C8D3A30030B5FDBA346DFF994.d.44CDF0A3261A5C0ED732F88EB53BA9EC.e.6262/click - {}
RESULT: {}
COMMAND: POST /session/64fa439c5f0b0c6f4585200e3c4c457e/element - {"using":"xpath","value":"//span[contains(text(), \"PM Order\")]"}
COMMAND: GET /session/64fa439c5f0b0c6f4585200e3c4c457e/screenshot - {}
RESULT: {"using":"xpath","value":"//span[contains(text(), \"PM Order\")]"}
COMMAND: POST /session/64fa439c5f0b0c6f4585200e3c4c457e/element/f.21A4AE5C8D3A30030B5FDBA346DFF994.d.44CDF0A3261A5C0ED732F88EB53BA9EC.e.6263/click - {}
RESULT: {}
RESULT: {}
COMMAND: GET /session/64fa439c5f0b0c6f4585200e3c4c457e/screenshot - {}
RESULT: {}
COMMAND: POST /session/64fa439c5f0b0c6f4585200e3c4c457e/element - {"using":"xpath","value":"//td/div/div/div/span[contains(@id, \"newResourceUnit--RUTimeSegment-0-vhi\")][1]"}
RESULT: {"using":"xpath","value":"//td/div/div/div/span[contains(@id, \"newResourceUnit--RUTimeSegment-0-vhi\")][1]"}
COMMAND: POST /session/64fa439c5f0b0c6f4585200e3c4c457e/element/f.21A4AE5C8D3A30030B5FDBA346DFF994.d.44CDF0A3261A5C0ED732F88EB53BA9EC.e.6267/click - {}
RESULT: {}
COMMAND: GET /session/64fa439c5f0b0c6f4585200e3c4c457e/screenshot - {}
RESULT: {}
COMMAND: POST /session/64fa439c5f0b0c6f4585200e3c4c457e/execute/async - {"script":"<script> [1562 bytes]","args":[{"selector":{"controlType":"sap.m.SearchField","properties":{"placeholder":"Search"},"searchOpenDialogs":true,"interaction":{"idSuffix":"I"}},"wdio_ui5_key":"sapm.SearchField{\"placeholder\":\"Search\"}"}]}
RESULT: {"script":"<script> [1562 bytes]","args":[{"selector":{"controlType":"sap.m.SearchField","properties":{"placeholder":"Search"},"searchOpenDialogs":true,"interaction":{"idSuffix":"I"}},"wdio_ui5_key":"sapm.SearchField{\"placeholder\":\"Search\"}"}]}
RESULT: undefined
COMMAND: POST /session/64fa439c5f0b0c6f4585200e3c4c457e/execute/async - {"script":"<script> [776 bytes]","args":[{"enterText":"4000360","selector":{"controlType":"sap.m.SearchField","properties":{"placeholder":"Search"},"searchOpenDialogs":true,"interaction":{"idSuffix":"I"}},"clearTextFirst":true,"interactionType":"ENTER_TEXT"}]}
RESULT: {"script":"<script> [776 bytes]","args":[{"enterText":"4000360","selector":{"controlType":"sap.m.SearchField","properties":{"placeholder":"Search"},"searchOpenDialogs":true,"interaction":{"idSuffix":"I"}},"clearTextFirst":true,"interactionType":"ENTER_TEXT"}]}
COMMAND: POST /session/64fa439c5f0b0c6f4585200e3c4c457e/actions - {"actions":[{"id":"action15","type":"key","parameters":{},"actions":[{"type":"keyDown","value":"î€‡"},{"type":"pause","duration":10},{"type":"keyUp","value":"î€‡"}]}]}
RESULT: {"actions":[{"id":"action15","type":"key","parameters":{},"actions":[{"type":"keyDown","value":"î€‡"},{"type":"pause","duration":10},{"type":"keyUp","value":"î€‡"}]}]}
COMMAND: GET /session/64fa439c5f0b0c6f4585200e3c4c457e/screenshot - {}
RESULT: {}
COMMAND: POST /session/64fa439c5f0b0c6f4585200e3c4c457e/element - {"using":"xpath","value":"//td/div/span[contains(text(), \"BGL Vehicles\")]"}
RESULT: {"using":"xpath","value":"//td/div/span[contains(text(), \"BGL Vehicles\")]"}
COMMAND: POST /session/64fa439c5f0b0c6f4585200e3c4c457e/element/f.21A4AE5C8D3A30030B5FDBA346DFF994.d.44CDF0A3261A5C0ED732F88EB53BA9EC.e.6276/click - {}
RESULT: {}
COMMAND: GET /session/64fa439c5f0b0c6f4585200e3c4c457e/screenshot - {}
RESULT: {}
COMMAND: POST /session/64fa439c5f0b0c6f4585200e3c4c457e/element - {"using":"xpath","value":"//bdi[contains(text(), \"OK\")]"}
RESULT: {"using":"xpath","value":"//bdi[contains(text(), \"OK\")]"}
COMMAND: POST /session/64fa439c5f0b0c6f4585200e3c4c457e/element/f.21A4AE5C8D3A30030B5FDBA346DFF994.d.44CDF0A3261A5C0ED732F88EB53BA9EC.e.6278/click - {}
RESULT: {}
COMMAND: GET /session/64fa439c5f0b0c6f4585200e3c4c457e/screenshot - {}
RESULT: {}
COMMAND: POST /session/64fa439c5f0b0c6f4585200e3c4c457e/element - {"using":"xpath","value":"//button[@data-kt=\"resourceUnitSaveButton\"]"}
RESULT: {"using":"xpath","value":"//button[@data-kt=\"resourceUnitSaveButton\"]"}
COMMAND: POST /session/64fa439c5f0b0c6f4585200e3c4c457e/element/f.21A4AE5C8D3A30030B5FDBA346DFF994.d.44CDF0A3261A5C0ED732F88EB53BA9EC.e.6188/click - {}
RESULT: {}
COMMAND: GET /session/64fa439c5f0b0c6f4585200e3c4c457e/screenshot - {}
RESULT: {}
COMMAND: POST /session/64fa439c5f0b0c6f4585200e3c4c457e/element - {"using":"xpath","value":"//bdi[contains(text(), \"Close\")]"}
RESULT: {"using":"xpath","value":"//bdi[contains(text(), \"Close\")]"}
COMMAND: POST /session/64fa439c5f0b0c6f4585200e3c4c457e/element/f.21A4AE5C8D3A30030B5FDBA346DFF994.d.44CDF0A3261A5C0ED732F88EB53BA9EC.e.6285/click - {}
RESULT: {}
COMMAND: GET /session/64fa439c5f0b0c6f4585200e3c4c457e/screenshot - {}
RESULT: {}
COMMAND: POST /session/64fa439c5f0b0c6f4585200e3c4c457e/element - {"using":"xpath","value":"//header[contains(@id, 'detailRruPage-headerTitle')]/div[1]/div[2]/div[2]/span[1]"}
RESULT: {"using":"xpath","value":"//header[contains(@id, 'detailRruPage-headerTitle')]/div[1]/div[2]/div[2]/span[1]"}
COMMAND: POST /session/64fa439c5f0b0c6f4585200e3c4c457e/elements - {"using":"xpath","value":"//header[contains(@id, 'detailRruPage-headerTitle')]/div[1]/div[2]/div[2]/span[1]"}
RESULT: {"using":"xpath","value":"//header[contains(@id, 'detailRruPage-headerTitle')]/div[1]/div[2]/div[2]/span[1]"}
COMMAND: POST /session/64fa439c5f0b0c6f4585200e3c4c457e/execute/sync - {"script":"<script> [56 bytes]","args":[{"element-6066-11e4-a52e-4f735466cecf":"f.21A4AE5C8D3A30030B5FDBA346DFF994.d.44CDF0A3261A5C0ED732F88EB53BA9EC.e.6314","ELEMENT":"f.21A4AE5C8D3A30030B5FDBA346DFF994.d.44CDF0A3261A5C0ED732F88EB53BA9EC.e.6314"}]}
RESULT: {"script":"<script> [56 bytes]","args":[{"element-6066-11e4-a52e-4f735466cecf":"f.21A4AE5C8D3A30030B5FDBA346DFF994.d.44CDF0A3261A5C0ED732F88EB53BA9EC.e.6314","ELEMENT":"f.21A4AE5C8D3A30030B5FDBA346DFF994.d.44CDF0A3261A5C0ED732F88EB53BA9EC.e.6314"}]}
]]></system-out>
    </testcase>
    <testcase classname="chrome.135_0_7049_96.windows.US134625_Set_up_price_condition_-_one_time" name="Should create new pricing rule one time" time="71.088">
      <system-out><![CDATA[
COMMAND: POST /session/64fa439c5f0b0c6f4585200e3c4c457e/element - {"using":"xpath","value":"(//button[contains(@id ,\"actionsToolbar-overflowButton\")])[1]"}
COMMAND: GET /session/64fa439c5f0b0c6f4585200e3c4c457e/screenshot - {}
RESULT: {"using":"xpath","value":"(//button[contains(@id ,\"actionsToolbar-overflowButton\")])[1]"}
COMMAND: POST /session/64fa439c5f0b0c6f4585200e3c4c457e/element/f.21A4AE5C8D3A30030B5FDBA346DFF994.d.44CDF0A3261A5C0ED732F88EB53BA9EC.e.6315/click - {}
RESULT: {}
RESULT: {}
COMMAND: GET /session/64fa439c5f0b0c6f4585200e3c4c457e/screenshot - {}
RESULT: {}
COMMAND: POST /session/64fa439c5f0b0c6f4585200e3c4c457e/element - {"using":"xpath","value":"//button[@data-kt=\"priceInfoButton\"]"}
RESULT: {"using":"xpath","value":"//button[@data-kt=\"priceInfoButton\"]"}
COMMAND: POST /session/64fa439c5f0b0c6f4585200e3c4c457e/element/f.21A4AE5C8D3A30030B5FDBA346DFF994.d.44CDF0A3261A5C0ED732F88EB53BA9EC.e.6317/click - {}
RESULT: {}
COMMAND: GET /session/64fa439c5f0b0c6f4585200e3c4c457e/screenshot - {}
COMMAND: POST /session/64fa439c5f0b0c6f4585200e3c4c457e/element - {"using":"xpath","value":"//button[@data-kt=\"addButton\"]"}
RESULT: {}
RESULT: {"using":"xpath","value":"//button[@data-kt=\"addButton\"]"}
COMMAND: POST /session/64fa439c5f0b0c6f4585200e3c4c457e/elements - {"using":"xpath","value":"//button[@data-kt=\"addButton\"]"}
RESULT: {"using":"xpath","value":"//button[@data-kt=\"addButton\"]"}
COMMAND: POST /session/64fa439c5f0b0c6f4585200e3c4c457e/execute/sync - {"script":"<script> [8489 bytes]","args":[{"element-6066-11e4-a52e-4f735466cecf":"f.21A4AE5C8D3A30030B5FDBA346DFF994.d.44CDF0A3261A5C0ED732F88EB53BA9EC.e.6353","ELEMENT":"f.21A4AE5C8D3A30030B5FDBA346DFF994.d.44CDF0A3261A5C0ED732F88EB53BA9EC.e.6353"}]}
RESULT: {"script":"<script> [8489 bytes]","args":[{"element-6066-11e4-a52e-4f735466cecf":"f.21A4AE5C8D3A30030B5FDBA346DFF994.d.44CDF0A3261A5C0ED732F88EB53BA9EC.e.6353","ELEMENT":"f.21A4AE5C8D3A30030B5FDBA346DFF994.d.44CDF0A3261A5C0ED732F88EB53BA9EC.e.6353"}]}
COMMAND: GET /session/64fa439c5f0b0c6f4585200e3c4c457e/element/f.21A4AE5C8D3A30030B5FDBA346DFF994.d.44CDF0A3261A5C0ED732F88EB53BA9EC.e.6353/enabled - {}
COMMAND: GET /session/64fa439c5f0b0c6f4585200e3c4c457e/screenshot - {}
RESULT: {}
COMMAND: POST /session/64fa439c5f0b0c6f4585200e3c4c457e/execute/sync - {"script":"<script> [8489 bytes]","args":[{"element-6066-11e4-a52e-4f735466cecf":"f.21A4AE5C8D3A30030B5FDBA346DFF994.d.44CDF0A3261A5C0ED732F88EB53BA9EC.e.6353","ELEMENT":"f.21A4AE5C8D3A30030B5FDBA346DFF994.d.44CDF0A3261A5C0ED732F88EB53BA9EC.e.6353"}]}
COMMAND: GET /session/64fa439c5f0b0c6f4585200e3c4c457e/screenshot - {}
RESULT: {}
RESULT: {"script":"<script> [8489 bytes]","args":[{"element-6066-11e4-a52e-4f735466cecf":"f.21A4AE5C8D3A30030B5FDBA346DFF994.d.44CDF0A3261A5C0ED732F88EB53BA9EC.e.6353","ELEMENT":"f.21A4AE5C8D3A30030B5FDBA346DFF994.d.44CDF0A3261A5C0ED732F88EB53BA9EC.e.6353"}]}
COMMAND: POST /session/64fa439c5f0b0c6f4585200e3c4c457e/execute/sync - {"script":"<script> [5351 bytes]","args":[{"element-6066-11e4-a52e-4f735466cecf":"f.21A4AE5C8D3A30030B5FDBA346DFF994.d.44CDF0A3261A5C0ED732F88EB53BA9EC.e.6353","ELEMENT":"f.21A4AE5C8D3A30030B5FDBA346DFF994.d.44CDF0A3261A5C0ED732F88EB53BA9EC.e.6353"}]}
COMMAND: GET /session/64fa439c5f0b0c6f4585200e3c4c457e/screenshot - {}
RESULT: {}
RESULT: {"script":"<script> [5351 bytes]","args":[{"element-6066-11e4-a52e-4f735466cecf":"f.21A4AE5C8D3A30030B5FDBA346DFF994.d.44CDF0A3261A5C0ED732F88EB53BA9EC.e.6353","ELEMENT":"f.21A4AE5C8D3A30030B5FDBA346DFF994.d.44CDF0A3261A5C0ED732F88EB53BA9EC.e.6353"}]}
COMMAND: POST /session/64fa439c5f0b0c6f4585200e3c4c457e/element/f.21A4AE5C8D3A30030B5FDBA346DFF994.d.44CDF0A3261A5C0ED732F88EB53BA9EC.e.6353/click - {}
COMMAND: GET /session/64fa439c5f0b0c6f4585200e3c4c457e/screenshot - {}
RESULT: {}
RESULT: {}
COMMAND: GET /session/64fa439c5f0b0c6f4585200e3c4c457e/screenshot - {}
RESULT: {}
RESULT: {}
COMMAND: POST /session/64fa439c5f0b0c6f4585200e3c4c457e/execute/async - {"script":"<script> [1562 bytes]","args":[{"selector":{"controlType":"sap.m.Title","viewName":"etm.portal.ui.managepricingrules.view.NewItem","viewId":"application-managepricingrules-display-component---newInfoPriceItem","properties":{"text":"New Pricing Rules - Item Level"}},"wdio_ui5_key":"etmportal.ui.managepricingrules.view.NewItemsap.m.Title{\"text\":\"New Pricing Rules - Item Level\"}"}]}
RESULT: {"script":"<script> [1562 bytes]","args":[{"selector":{"controlType":"sap.m.Title","viewName":"etm.portal.ui.managepricingrules.view.NewItem","viewId":"application-managepricingrules-display-component---newInfoPriceItem","properties":{"text":"New Pricing Rules - Item Level"}},"wdio_ui5_key":"etmportal.ui.managepricingrules.view.NewItemsap.m.Title{\"text\":\"New Pricing Rules - Item Level\"}"}]}
RESULT: undefined
COMMAND: POST /session/64fa439c5f0b0c6f4585200e3c4c457e/execute/async - {"script":"<script> [6424 bytes]","args":[{"element-6066-11e4-a52e-4f735466cecf":"f.21A4AE5C8D3A30030B5FDBA346DFF994.d.44CDF0A3261A5C0ED732F88EB53BA9EC.e.6512"},"getText",[]]}
RESULT: {"script":"<script> [6424 bytes]","args":[{"element-6066-11e4-a52e-4f735466cecf":"f.21A4AE5C8D3A30030B5FDBA346DFF994.d.44CDF0A3261A5C0ED732F88EB53BA9EC.e.6512"},"getText",[]]}
COMMAND: POST /session/64fa439c5f0b0c6f4585200e3c4c457e/execute/async - {"script":"<script> [1562 bytes]","args":[{"selector":{"id":"application-managepricingrules-display-component---newInfoPriceItem--condValidTo","interaction":{"idSuffix":"inner"}},"wdio_ui5_key":"applicationmanagepricingrules-display-component---newInfoPriceItem--condValidTo"}]}
RESULT: {"script":"<script> [1562 bytes]","args":[{"selector":{"id":"application-managepricingrules-display-component---newInfoPriceItem--condValidTo","interaction":{"idSuffix":"inner"}},"wdio_ui5_key":"applicationmanagepricingrules-display-component---newInfoPriceItem--condValidTo"}]}
RESULT: undefined
COMMAND: POST /session/64fa439c5f0b0c6f4585200e3c4c457e/execute/async - {"script":"<script> [776 bytes]","args":[{"enterText":"12/28/25","selector":{"id":"application-managepricingrules-display-component---newInfoPriceItem--condValidTo","interaction":{"idSuffix":"inner"}},"clearTextFirst":true,"interactionType":"ENTER_TEXT"}]}
RESULT: {"script":"<script> [776 bytes]","args":[{"enterText":"12/28/25","selector":{"id":"application-managepricingrules-display-component---newInfoPriceItem--condValidTo","interaction":{"idSuffix":"inner"}},"clearTextFirst":true,"interactionType":"ENTER_TEXT"}]}
COMMAND: POST /session/64fa439c5f0b0c6f4585200e3c4c457e/execute/async - {"script":"<script> [1562 bytes]","args":[{"selector":{"id":"application-managepricingrules-display-component---newInfoPriceItem--billType-arrow"},"wdio_ui5_key":"applicationmanagepricingrules-display-component---newInfoPriceItem--billType-arrow"}]}
RESULT: {"script":"<script> [1562 bytes]","args":[{"selector":{"id":"application-managepricingrules-display-component---newInfoPriceItem--billType-arrow"},"wdio_ui5_key":"applicationmanagepricingrules-display-component---newInfoPriceItem--billType-arrow"}]}
RESULT: undefined
COMMAND: POST /session/64fa439c5f0b0c6f4585200e3c4c457e/element - {"using":"xpath","value":"//*[@id=\"application-managepricingrules-display-component---newInfoPriceItem--billType-arrow\"]"}
RESULT: {"using":"xpath","value":"//*[@id=\"application-managepricingrules-display-component---newInfoPriceItem--billType-arrow\"]"}
COMMAND: POST /session/64fa439c5f0b0c6f4585200e3c4c457e/element/f.21A4AE5C8D3A30030B5FDBA346DFF994.d.44CDF0A3261A5C0ED732F88EB53BA9EC.e.6514/click - {}
RESULT: {}
COMMAND: POST /session/64fa439c5f0b0c6f4585200e3c4c457e/element - {"using":"xpath","value":"//span[contains(text(), \"OT - Sales (one-time)\")]"}
COMMAND: GET /session/64fa439c5f0b0c6f4585200e3c4c457e/screenshot - {}
RESULT: {"using":"xpath","value":"//span[contains(text(), \"OT - Sales (one-time)\")]"}
COMMAND: POST /session/64fa439c5f0b0c6f4585200e3c4c457e/element/f.21A4AE5C8D3A30030B5FDBA346DFF994.d.44CDF0A3261A5C0ED732F88EB53BA9EC.e.6515/click - {}
RESULT: {}
RESULT: {}
COMMAND: POST /session/64fa439c5f0b0c6f4585200e3c4c457e/execute/async - {"script":"<script> [1562 bytes]","args":[{"selector":{"id":"application-managepricingrules-display-component---newInfoPriceItem--priceProc-arrow"},"wdio_ui5_key":"applicationmanagepricingrules-display-component---newInfoPriceItem--priceProc-arrow"}]}
COMMAND: GET /session/64fa439c5f0b0c6f4585200e3c4c457e/screenshot - {}
RESULT: {"script":"<script> [1562 bytes]","args":[{"selector":{"id":"application-managepricingrules-display-component---newInfoPriceItem--priceProc-arrow"},"wdio_ui5_key":"applicationmanagepricingrules-display-component---newInfoPriceItem--priceProc-arrow"}]}
RESULT: undefined
COMMAND: POST /session/64fa439c5f0b0c6f4585200e3c4c457e/element - {"using":"xpath","value":"//*[@id=\"application-managepricingrules-display-component---newInfoPriceItem--priceProc-arrow\"]"}
RESULT: {}
RESULT: {"using":"xpath","value":"//*[@id=\"application-managepricingrules-display-component---newInfoPriceItem--priceProc-arrow\"]"}
COMMAND: POST /session/64fa439c5f0b0c6f4585200e3c4c457e/element/f.21A4AE5C8D3A30030B5FDBA346DFF994.d.44CDF0A3261A5C0ED732F88EB53BA9EC.e.6478/click - {}
RESULT: {}
COMMAND: POST /session/64fa439c5f0b0c6f4585200e3c4c457e/element - {"using":"xpath","value":"//span[contains(text(), \"MAT - Material\")]"}
COMMAND: GET /session/64fa439c5f0b0c6f4585200e3c4c457e/screenshot - {}
RESULT: {"using":"xpath","value":"//span[contains(text(), \"MAT - Material\")]"}
COMMAND: POST /session/64fa439c5f0b0c6f4585200e3c4c457e/element/f.21A4AE5C8D3A30030B5FDBA346DFF994.d.44CDF0A3261A5C0ED732F88EB53BA9EC.e.6516/click - {}
RESULT: {}
RESULT: {}
COMMAND: POST /session/64fa439c5f0b0c6f4585200e3c4c457e/execute/async - {"script":"<script> [1562 bytes]","args":[{"selector":{"id":"application-managepricingrules-display-component---newInfoPriceItem--calcBase-arrow"},"wdio_ui5_key":"applicationmanagepricingrules-display-component---newInfoPriceItem--calcBase-arrow"}]}
COMMAND: GET /session/64fa439c5f0b0c6f4585200e3c4c457e/screenshot - {}
RESULT: {"script":"<script> [1562 bytes]","args":[{"selector":{"id":"application-managepricingrules-display-component---newInfoPriceItem--calcBase-arrow"},"wdio_ui5_key":"applicationmanagepricingrules-display-component---newInfoPriceItem--calcBase-arrow"}]}
RESULT: undefined
COMMAND: POST /session/64fa439c5f0b0c6f4585200e3c4c457e/element - {"using":"xpath","value":"//*[@id=\"application-managepricingrules-display-component---newInfoPriceItem--calcBase-arrow\"]"}
RESULT: {}
RESULT: {"using":"xpath","value":"//*[@id=\"application-managepricingrules-display-component---newInfoPriceItem--calcBase-arrow\"]"}
COMMAND: POST /session/64fa439c5f0b0c6f4585200e3c4c457e/element/f.21A4AE5C8D3A30030B5FDBA346DFF994.d.44CDF0A3261A5C0ED732F88EB53BA9EC.e.6485/click - {}
RESULT: {}
COMMAND: GET /session/64fa439c5f0b0c6f4585200e3c4c457e/screenshot - {}
RESULT: {}
COMMAND: POST /session/64fa439c5f0b0c6f4585200e3c4c457e/element - {"using":"xpath","value":"//span[contains(text(), \"0001 - TB(exact month + cal_days)\")]"}
RESULT: {"using":"xpath","value":"//span[contains(text(), \"0001 - TB(exact month + cal_days)\")]"}
COMMAND: POST /session/64fa439c5f0b0c6f4585200e3c4c457e/element/f.21A4AE5C8D3A30030B5FDBA346DFF994.d.44CDF0A3261A5C0ED732F88EB53BA9EC.e.6517/click - {}
RESULT: {}
COMMAND: GET /session/64fa439c5f0b0c6f4585200e3c4c457e/screenshot - {}
RESULT: {}
COMMAND: POST /session/64fa439c5f0b0c6f4585200e3c4c457e/element - {"using":"xpath","value":"//button[@data-kt=\"saveNewRuleButton\"]"}
RESULT: {"using":"xpath","value":"//button[@data-kt=\"saveNewRuleButton\"]"}
COMMAND: POST /session/64fa439c5f0b0c6f4585200e3c4c457e/element/f.21A4AE5C8D3A30030B5FDBA346DFF994.d.44CDF0A3261A5C0ED732F88EB53BA9EC.e.6500/click - {}
RESULT: {}
COMMAND: GET /session/64fa439c5f0b0c6f4585200e3c4c457e/screenshot - {}
RESULT: {}
COMMAND: POST /session/64fa439c5f0b0c6f4585200e3c4c457e/execute/async - {"script":"<script> [1562 bytes]","args":[{"selector":{"id":"application-managepricingrules-display-component---priceInfoItem--smartFilterBar-btnBasicSearch","interaction":{"idSuffix":"I"}},"wdio_ui5_key":"applicationmanagepricingrules-display-component---priceInfoItem--smartFilterBar-btnBasicSearch"}]}
RESULT: {"script":"<script> [1562 bytes]","args":[{"selector":{"id":"application-managepricingrules-display-component---priceInfoItem--smartFilterBar-btnBasicSearch","interaction":{"idSuffix":"I"}},"wdio_ui5_key":"applicationmanagepricingrules-display-component---priceInfoItem--smartFilterBar-btnBasicSearch"}]}
RESULT: undefined
COMMAND: POST /session/64fa439c5f0b0c6f4585200e3c4c457e/execute/async - {"script":"<script> [776 bytes]","args":[{"enterText":"200141","selector":{"id":"application-managepricingrules-display-component---priceInfoItem--smartFilterBar-btnBasicSearch","interaction":{"idSuffix":"I"}},"clearTextFirst":true,"interactionType":"ENTER_TEXT"}]}
RESULT: {"script":"<script> [776 bytes]","args":[{"enterText":"200141","selector":{"id":"application-managepricingrules-display-component---priceInfoItem--smartFilterBar-btnBasicSearch","interaction":{"idSuffix":"I"}},"clearTextFirst":true,"interactionType":"ENTER_TEXT"}]}
COMMAND: POST /session/64fa439c5f0b0c6f4585200e3c4c457e/actions - {"actions":[{"id":"action16","type":"key","parameters":{},"actions":[{"type":"keyDown","value":"î€‡"},{"type":"pause","duration":10},{"type":"keyUp","value":"î€‡"}]}]}
RESULT: {"actions":[{"id":"action16","type":"key","parameters":{},"actions":[{"type":"keyDown","value":"î€‡"},{"type":"pause","duration":10},{"type":"keyUp","value":"î€‡"}]}]}
COMMAND: GET /session/64fa439c5f0b0c6f4585200e3c4c457e/screenshot - {}
RESULT: {}
COMMAND: POST /session/64fa439c5f0b0c6f4585200e3c4c457e/element - {"using":"xpath","value":"//span[@id=\"application-managepricingrules-display-component---priceInfoItem--smartTable-header-inner\"]"}
RESULT: {"using":"xpath","value":"//span[@id=\"application-managepricingrules-display-component---priceInfoItem--smartTable-header-inner\"]"}
COMMAND: POST /session/64fa439c5f0b0c6f4585200e3c4c457e/elements - {"using":"xpath","value":"//span[@id=\"application-managepricingrules-display-component---priceInfoItem--smartTable-header-inner\"]"}
RESULT: {"using":"xpath","value":"//span[@id=\"application-managepricingrules-display-component---priceInfoItem--smartTable-header-inner\"]"}
COMMAND: POST /session/64fa439c5f0b0c6f4585200e3c4c457e/execute/sync - {"script":"<script> [56 bytes]","args":[{"element-6066-11e4-a52e-4f735466cecf":"f.21A4AE5C8D3A30030B5FDBA346DFF994.d.44CDF0A3261A5C0ED732F88EB53BA9EC.e.6540","ELEMENT":"f.21A4AE5C8D3A30030B5FDBA346DFF994.d.44CDF0A3261A5C0ED732F88EB53BA9EC.e.6540"}]}
RESULT: {"script":"<script> [56 bytes]","args":[{"element-6066-11e4-a52e-4f735466cecf":"f.21A4AE5C8D3A30030B5FDBA346DFF994.d.44CDF0A3261A5C0ED732F88EB53BA9EC.e.6540","ELEMENT":"f.21A4AE5C8D3A30030B5FDBA346DFF994.d.44CDF0A3261A5C0ED732F88EB53BA9EC.e.6540"}]}
COMMAND: POST /session/64fa439c5f0b0c6f4585200e3c4c457e/element - {"using":"css selector","value":"#shell-header-logo"}
COMMAND: GET /session/64fa439c5f0b0c6f4585200e3c4c457e/screenshot - {}
RESULT: {"using":"css selector","value":"#shell-header-logo"}
COMMAND: POST /session/64fa439c5f0b0c6f4585200e3c4c457e/element/f.21A4AE5C8D3A30030B5FDBA346DFF994.d.44CDF0A3261A5C0ED732F88EB53BA9EC.e.5783/click - {}
RESULT: {}
RESULT: {}
COMMAND: GET /session/64fa439c5f0b0c6f4585200e3c4c457e/screenshot - {}
RESULT: {}
]]></system-out>
    </testcase>
    <testcase classname="chrome.135_0_7049_96.windows.US134625_Set_up_price_condition_-_one_time" name="Should create new condition one time" time="67.986">
      <system-out><![CDATA[
COMMAND: POST /session/64fa439c5f0b0c6f4585200e3c4c457e/execute/async - {"script":"<script> [1562 bytes]","args":[{"selector":{"controlType":"sap.m.Text","properties":{"text":"Manage Conditions & Prices"},"interaction":{"idSuffix":"inner"}},"wdio_ui5_key":"sapm.Text{\"text\":\"Manage Conditions & Prices\"}"}]}
RESULT: {"script":"<script> [1562 bytes]","args":[{"selector":{"controlType":"sap.m.Text","properties":{"text":"Manage Conditions & Prices"},"interaction":{"idSuffix":"inner"}},"wdio_ui5_key":"sapm.Text{\"text\":\"Manage Conditions & Prices\"}"}]}
RESULT: undefined
COMMAND: POST /session/64fa439c5f0b0c6f4585200e3c4c457e/element - {"using":"xpath","value":"//*[@id=\"__tile53-title\"]"}
RESULT: {"using":"xpath","value":"//*[@id=\"__tile53-title\"]"}
COMMAND: POST /session/64fa439c5f0b0c6f4585200e3c4c457e/element/f.21A4AE5C8D3A30030B5FDBA346DFF994.d.44CDF0A3261A5C0ED732F88EB53BA9EC.e.6543/click - {}
RESULT: {}
COMMAND: POST /session/64fa439c5f0b0c6f4585200e3c4c457e/element - {"using":"xpath","value":"//button[@aria-label=\"Create\"]"}
COMMAND: GET /session/64fa439c5f0b0c6f4585200e3c4c457e/screenshot - {}
RESULT: {"using":"xpath","value":"//button[@aria-label=\"Create\"]"}
COMMAND: POST /session/64fa439c5f0b0c6f4585200e3c4c457e/elements - {"using":"xpath","value":"//button[@aria-label=\"Create\"]"}
RESULT: {}
RESULT: {"using":"xpath","value":"//button[@aria-label=\"Create\"]"}
COMMAND: POST /session/64fa439c5f0b0c6f4585200e3c4c457e/element - {"using":"xpath","value":"//button[@aria-label=\"Create\"]"}
RESULT: {"using":"xpath","value":"//button[@aria-label=\"Create\"]"}
COMMAND: POST /session/64fa439c5f0b0c6f4585200e3c4c457e/execute/sync - {"script":"<script> [8489 bytes]","args":[{"element-6066-11e4-a52e-4f735466cecf":"f.21A4AE5C8D3A30030B5FDBA346DFF994.d.44CDF0A3261A5C0ED732F88EB53BA9EC.e.6577","ELEMENT":"f.21A4AE5C8D3A30030B5FDBA346DFF994.d.44CDF0A3261A5C0ED732F88EB53BA9EC.e.6577"}]}
RESULT: {"script":"<script> [8489 bytes]","args":[{"element-6066-11e4-a52e-4f735466cecf":"f.21A4AE5C8D3A30030B5FDBA346DFF994.d.44CDF0A3261A5C0ED732F88EB53BA9EC.e.6577","ELEMENT":"f.21A4AE5C8D3A30030B5FDBA346DFF994.d.44CDF0A3261A5C0ED732F88EB53BA9EC.e.6577"}]}
COMMAND: GET /session/64fa439c5f0b0c6f4585200e3c4c457e/element/f.21A4AE5C8D3A30030B5FDBA346DFF994.d.44CDF0A3261A5C0ED732F88EB53BA9EC.e.6577/enabled - {}
COMMAND: GET /session/64fa439c5f0b0c6f4585200e3c4c457e/screenshot - {}
RESULT: {}
COMMAND: POST /session/64fa439c5f0b0c6f4585200e3c4c457e/execute/sync - {"script":"<script> [8489 bytes]","args":[{"element-6066-11e4-a52e-4f735466cecf":"f.21A4AE5C8D3A30030B5FDBA346DFF994.d.44CDF0A3261A5C0ED732F88EB53BA9EC.e.6577","ELEMENT":"f.21A4AE5C8D3A30030B5FDBA346DFF994.d.44CDF0A3261A5C0ED732F88EB53BA9EC.e.6577"}]}
COMMAND: GET /session/64fa439c5f0b0c6f4585200e3c4c457e/screenshot - {}
RESULT: {}
RESULT: {"script":"<script> [8489 bytes]","args":[{"element-6066-11e4-a52e-4f735466cecf":"f.21A4AE5C8D3A30030B5FDBA346DFF994.d.44CDF0A3261A5C0ED732F88EB53BA9EC.e.6577","ELEMENT":"f.21A4AE5C8D3A30030B5FDBA346DFF994.d.44CDF0A3261A5C0ED732F88EB53BA9EC.e.6577"}]}
COMMAND: POST /session/64fa439c5f0b0c6f4585200e3c4c457e/execute/sync - {"script":"<script> [5351 bytes]","args":[{"element-6066-11e4-a52e-4f735466cecf":"f.21A4AE5C8D3A30030B5FDBA346DFF994.d.44CDF0A3261A5C0ED732F88EB53BA9EC.e.6577","ELEMENT":"f.21A4AE5C8D3A30030B5FDBA346DFF994.d.44CDF0A3261A5C0ED732F88EB53BA9EC.e.6577"}]}
COMMAND: GET /session/64fa439c5f0b0c6f4585200e3c4c457e/screenshot - {}
RESULT: {}
RESULT: {"script":"<script> [5351 bytes]","args":[{"element-6066-11e4-a52e-4f735466cecf":"f.21A4AE5C8D3A30030B5FDBA346DFF994.d.44CDF0A3261A5C0ED732F88EB53BA9EC.e.6577","ELEMENT":"f.21A4AE5C8D3A30030B5FDBA346DFF994.d.44CDF0A3261A5C0ED732F88EB53BA9EC.e.6577"}]}
COMMAND: POST /session/64fa439c5f0b0c6f4585200e3c4c457e/element/f.21A4AE5C8D3A30030B5FDBA346DFF994.d.44CDF0A3261A5C0ED732F88EB53BA9EC.e.6577/click - {}
COMMAND: GET /session/64fa439c5f0b0c6f4585200e3c4c457e/screenshot - {}
RESULT: {}
RESULT: {}
COMMAND: GET /session/64fa439c5f0b0c6f4585200e3c4c457e/screenshot - {}
RESULT: {}
RESULT: {}
COMMAND: POST /session/64fa439c5f0b0c6f4585200e3c4c457e/actions - {"actions":[{"id":"action17","type":"key","parameters":{},"actions":[{"type":"keyDown","value":"î€‡"},{"type":"pause","duration":10},{"type":"keyUp","value":"î€‡"}]}]}
RESULT: {"actions":[{"id":"action17","type":"key","parameters":{},"actions":[{"type":"keyDown","value":"î€‡"},{"type":"pause","duration":10},{"type":"keyUp","value":"î€‡"}]}]}
COMMAND: GET /session/64fa439c5f0b0c6f4585200e3c4c457e/screenshot - {}
COMMAND: POST /session/64fa439c5f0b0c6f4585200e3c4c457e/execute/async - {"script":"<script> [1562 bytes]","args":[{"selector":{"id":"application-manageconditionprice-display-component---newCondition--condBillCond-arrow"},"wdio_ui5_key":"applicationmanageconditionprice-display-component---newCondition--condBillCond-arrow"}]}
RESULT: {}
RESULT: {"script":"<script> [1562 bytes]","args":[{"selector":{"id":"application-manageconditionprice-display-component---newCondition--condBillCond-arrow"},"wdio_ui5_key":"applicationmanageconditionprice-display-component---newCondition--condBillCond-arrow"}]}
RESULT: undefined
COMMAND: POST /session/64fa439c5f0b0c6f4585200e3c4c457e/element - {"using":"xpath","value":"//*[@id=\"application-manageconditionprice-display-component---newCondition--condBillCond-arrow\"]"}
RESULT: {"using":"xpath","value":"//*[@id=\"application-manageconditionprice-display-component---newCondition--condBillCond-arrow\"]"}
COMMAND: POST /session/64fa439c5f0b0c6f4585200e3c4c457e/element/f.21A4AE5C8D3A30030B5FDBA346DFF994.d.44CDF0A3261A5C0ED732F88EB53BA9EC.e.6757/click - {}
RESULT: {}
COMMAND: GET /session/64fa439c5f0b0c6f4585200e3c4c457e/screenshot - {}
RESULT: {}
COMMAND: POST /session/64fa439c5f0b0c6f4585200e3c4c457e/element - {"using":"xpath","value":"//li[.//span[contains(text(), \"SAPR - Sales price\")]]"}
RESULT: {"using":"xpath","value":"//li[.//span[contains(text(), \"SAPR - Sales price\")]]"}
COMMAND: POST /session/64fa439c5f0b0c6f4585200e3c4c457e/element/f.21A4AE5C8D3A30030B5FDBA346DFF994.d.44CDF0A3261A5C0ED732F88EB53BA9EC.e.6760/click - {}
RESULT: {}
COMMAND: GET /session/64fa439c5f0b0c6f4585200e3c4c457e/screenshot - {}
RESULT: {}
COMMAND: POST /session/64fa439c5f0b0c6f4585200e3c4c457e/execute/async - {"script":"<script> [1562 bytes]","args":[{"selector":{"id":"application-manageconditionprice-display-component---newCondition--condValidTo","interaction":{"idSuffix":"inner"}},"wdio_ui5_key":"applicationmanageconditionprice-display-component---newCondition--condValidTo"}]}
RESULT: {"script":"<script> [1562 bytes]","args":[{"selector":{"id":"application-manageconditionprice-display-component---newCondition--condValidTo","interaction":{"idSuffix":"inner"}},"wdio_ui5_key":"applicationmanageconditionprice-display-component---newCondition--condValidTo"}]}
RESULT: undefined
COMMAND: POST /session/64fa439c5f0b0c6f4585200e3c4c457e/execute/async - {"script":"<script> [776 bytes]","args":[{"enterText":"12/28/25","selector":{"id":"application-manageconditionprice-display-component---newCondition--condValidTo","interaction":{"idSuffix":"inner"}},"clearTextFirst":true,"interactionType":"ENTER_TEXT"}]}
RESULT: {"script":"<script> [776 bytes]","args":[{"enterText":"12/28/25","selector":{"id":"application-manageconditionprice-display-component---newCondition--condValidTo","interaction":{"idSuffix":"inner"}},"clearTextFirst":true,"interactionType":"ENTER_TEXT"}]}
COMMAND: POST /session/64fa439c5f0b0c6f4585200e3c4c457e/element - {"using":"xpath","value":"//input[@id=\"application-manageconditionprice-display-component---newCondition--condRU-inner\"]"}
RESULT: {"using":"xpath","value":"//input[@id=\"application-manageconditionprice-display-component---newCondition--condRU-inner\"]"}
COMMAND: POST /session/64fa439c5f0b0c6f4585200e3c4c457e/element/f.21A4AE5C8D3A30030B5FDBA346DFF994.d.44CDF0A3261A5C0ED732F88EB53BA9EC.e.6593/clear - {}
RESULT: {}
COMMAND: POST /session/64fa439c5f0b0c6f4585200e3c4c457e/element/f.21A4AE5C8D3A30030B5FDBA346DFF994.d.44CDF0A3261A5C0ED732F88EB53BA9EC.e.6593/value - {"text":"200141"}
COMMAND: GET /session/64fa439c5f0b0c6f4585200e3c4c457e/screenshot - {}
RESULT: {"text":"200141"}
COMMAND: GET /session/64fa439c5f0b0c6f4585200e3c4c457e/screenshot - {}
RESULT: {}
RESULT: {}
COMMAND: POST /session/64fa439c5f0b0c6f4585200e3c4c457e/actions - {"actions":[{"id":"action18","type":"key","parameters":{},"actions":[{"type":"keyDown","value":"î€‡"},{"type":"pause","duration":10},{"type":"keyUp","value":"î€‡"}]}]}
RESULT: {"actions":[{"id":"action18","type":"key","parameters":{},"actions":[{"type":"keyDown","value":"î€‡"},{"type":"pause","duration":10},{"type":"keyUp","value":"î€‡"}]}]}
COMMAND: POST /session/64fa439c5f0b0c6f4585200e3c4c457e/execute/async - {"script":"<script> [1562 bytes]","args":[{"selector":{"id":"application-manageconditionprice-display-component---newCondition--condBaseQty","interaction":{"idSuffix":"inner"}},"wdio_ui5_key":"applicationmanageconditionprice-display-component---newCondition--condBaseQty"}]}
COMMAND: GET /session/64fa439c5f0b0c6f4585200e3c4c457e/screenshot - {}
RESULT: {"script":"<script> [1562 bytes]","args":[{"selector":{"id":"application-manageconditionprice-display-component---newCondition--condBaseQty","interaction":{"idSuffix":"inner"}},"wdio_ui5_key":"applicationmanageconditionprice-display-component---newCondition--condBaseQty"}]}
RESULT: undefined
COMMAND: POST /session/64fa439c5f0b0c6f4585200e3c4c457e/execute/async - {"script":"<script> [776 bytes]","args":[{"enterText":"1","selector":{"id":"application-manageconditionprice-display-component---newCondition--condBaseQty","interaction":{"idSuffix":"inner"}},"clearTextFirst":true,"interactionType":"ENTER_TEXT"}]}
RESULT: {}
RESULT: {"script":"<script> [776 bytes]","args":[{"enterText":"1","selector":{"id":"application-manageconditionprice-display-component---newCondition--condBaseQty","interaction":{"idSuffix":"inner"}},"clearTextFirst":true,"interactionType":"ENTER_TEXT"}]}
COMMAND: POST /session/64fa439c5f0b0c6f4585200e3c4c457e/execute/async - {"script":"<script> [1562 bytes]","args":[{"selector":{"id":"application-manageconditionprice-display-component---newCondition--condValue","interaction":{"idSuffix":"inner"}},"wdio_ui5_key":"applicationmanageconditionprice-display-component---newCondition--condValue"}]}
RESULT: {"script":"<script> [1562 bytes]","args":[{"selector":{"id":"application-manageconditionprice-display-component---newCondition--condValue","interaction":{"idSuffix":"inner"}},"wdio_ui5_key":"applicationmanageconditionprice-display-component---newCondition--condValue"}]}
RESULT: undefined
COMMAND: POST /session/64fa439c5f0b0c6f4585200e3c4c457e/execute/async - {"script":"<script> [776 bytes]","args":[{"enterText":"100.00","selector":{"id":"application-manageconditionprice-display-component---newCondition--condValue","interaction":{"idSuffix":"inner"}},"clearTextFirst":true,"interactionType":"ENTER_TEXT"}]}
RESULT: {"script":"<script> [776 bytes]","args":[{"enterText":"100.00","selector":{"id":"application-manageconditionprice-display-component---newCondition--condValue","interaction":{"idSuffix":"inner"}},"clearTextFirst":true,"interactionType":"ENTER_TEXT"}]}
COMMAND: POST /session/64fa439c5f0b0c6f4585200e3c4c457e/execute/async - {"script":"<script> [1562 bytes]","args":[{"selector":{"id":"application-manageconditionprice-display-component---newCondition--condCurr-arrow"},"wdio_ui5_key":"applicationmanageconditionprice-display-component---newCondition--condCurr-arrow"}]}
RESULT: {"script":"<script> [1562 bytes]","args":[{"selector":{"id":"application-manageconditionprice-display-component---newCondition--condCurr-arrow"},"wdio_ui5_key":"applicationmanageconditionprice-display-component---newCondition--condCurr-arrow"}]}
RESULT: undefined
COMMAND: POST /session/64fa439c5f0b0c6f4585200e3c4c457e/element - {"using":"xpath","value":"//*[@id=\"application-manageconditionprice-display-component---newCondition--condCurr-arrow\"]"}
RESULT: {"using":"xpath","value":"//*[@id=\"application-manageconditionprice-display-component---newCondition--condCurr-arrow\"]"}
COMMAND: POST /session/64fa439c5f0b0c6f4585200e3c4c457e/element/f.21A4AE5C8D3A30030B5FDBA346DFF994.d.44CDF0A3261A5C0ED732F88EB53BA9EC.e.6730/click - {}
RESULT: {}
COMMAND: POST /session/64fa439c5f0b0c6f4585200e3c4c457e/element - {"using":"xpath","value":"//span[contains(text(), \"Euro\")]"}
COMMAND: GET /session/64fa439c5f0b0c6f4585200e3c4c457e/screenshot - {}
RESULT: {"using":"xpath","value":"//span[contains(text(), \"Euro\")]"}
COMMAND: POST /session/64fa439c5f0b0c6f4585200e3c4c457e/element/f.21A4AE5C8D3A30030B5FDBA346DFF994.d.44CDF0A3261A5C0ED732F88EB53BA9EC.e.6798/click - {}
RESULT: {}
RESULT: {}
COMMAND: POST /session/64fa439c5f0b0c6f4585200e3c4c457e/element - {"using":"xpath","value":"//button[@data-kt=\"saveButton\"]"}
COMMAND: GET /session/64fa439c5f0b0c6f4585200e3c4c457e/screenshot - {}
RESULT: {"using":"xpath","value":"//button[@data-kt=\"saveButton\"]"}
COMMAND: POST /session/64fa439c5f0b0c6f4585200e3c4c457e/element/f.21A4AE5C8D3A30030B5FDBA346DFF994.d.44CDF0A3261A5C0ED732F88EB53BA9EC.e.6731/click - {}
RESULT: {}
RESULT: {}
COMMAND: GET /session/64fa439c5f0b0c6f4585200e3c4c457e/screenshot - {}
RESULT: {}
COMMAND: POST /session/64fa439c5f0b0c6f4585200e3c4c457e/execute/async - {"script":"<script> [1562 bytes]","args":[{"selector":{"id":"application-manageconditionprice-display-component---conditions--smartFilterBar-btnBasicSearch","interaction":{"idSuffix":"I"}},"wdio_ui5_key":"applicationmanageconditionprice-display-component---conditions--smartFilterBar-btnBasicSearch"}]}
RESULT: {"script":"<script> [1562 bytes]","args":[{"selector":{"id":"application-manageconditionprice-display-component---conditions--smartFilterBar-btnBasicSearch","interaction":{"idSuffix":"I"}},"wdio_ui5_key":"applicationmanageconditionprice-display-component---conditions--smartFilterBar-btnBasicSearch"}]}
RESULT: undefined
COMMAND: POST /session/64fa439c5f0b0c6f4585200e3c4c457e/execute/async - {"script":"<script> [776 bytes]","args":[{"enterText":"200141","selector":{"id":"application-manageconditionprice-display-component---conditions--smartFilterBar-btnBasicSearch","interaction":{"idSuffix":"I"}},"clearTextFirst":true,"interactionType":"ENTER_TEXT"}]}
RESULT: {"script":"<script> [776 bytes]","args":[{"enterText":"200141","selector":{"id":"application-manageconditionprice-display-component---conditions--smartFilterBar-btnBasicSearch","interaction":{"idSuffix":"I"}},"clearTextFirst":true,"interactionType":"ENTER_TEXT"}]}
COMMAND: POST /session/64fa439c5f0b0c6f4585200e3c4c457e/actions - {"actions":[{"id":"action19","type":"key","parameters":{},"actions":[{"type":"keyDown","value":"î€‡"},{"type":"pause","duration":10},{"type":"keyUp","value":"î€‡"}]}]}
RESULT: {"actions":[{"id":"action19","type":"key","parameters":{},"actions":[{"type":"keyDown","value":"î€‡"},{"type":"pause","duration":10},{"type":"keyUp","value":"î€‡"}]}]}
COMMAND: GET /session/64fa439c5f0b0c6f4585200e3c4c457e/screenshot - {}
RESULT: {}
COMMAND: POST /session/64fa439c5f0b0c6f4585200e3c4c457e/execute/async - {"script":"<script> [1562 bytes]","args":[{"selector":{"id":"application-manageconditionprice-display-component---conditions--smartFilterBar-filterItemControl_BASIC-BILL_TYPES-vhi"},"wdio_ui5_key":"applicationmanageconditionprice-display-component---conditions--smartFilterBar-filterItemControl_BASIC-BILL_TYPES-vhi"}]}
RESULT: {"script":"<script> [1562 bytes]","args":[{"selector":{"id":"application-manageconditionprice-display-component---conditions--smartFilterBar-filterItemControl_BASIC-BILL_TYPES-vhi"},"wdio_ui5_key":"applicationmanageconditionprice-display-component---conditions--smartFilterBar-filterItemControl_BASIC-BILL_TYPES-vhi"}]}
RESULT: undefined
COMMAND: POST /session/64fa439c5f0b0c6f4585200e3c4c457e/element - {"using":"xpath","value":"//*[@id=\"application-manageconditionprice-display-component---conditions--smartFilterBar-filterItemControl_BASIC-BILL_TYPES-vhi\"]"}
RESULT: {"using":"xpath","value":"//*[@id=\"application-manageconditionprice-display-component---conditions--smartFilterBar-filterItemControl_BASIC-BILL_TYPES-vhi\"]"}
COMMAND: POST /session/64fa439c5f0b0c6f4585200e3c4c457e/element/f.21A4AE5C8D3A30030B5FDBA346DFF994.d.44CDF0A3261A5C0ED732F88EB53BA9EC.e.6815/click - {}
RESULT: {}
COMMAND: POST /session/64fa439c5f0b0c6f4585200e3c4c457e/execute/async - {"script":"<script> [1562 bytes]","args":[{"selector":{"id":"application-manageconditionprice-display-component---conditions--smartFilterBar-filterItemControl_BASIC-BILL_TYPES-valueHelpDialog-smartFilterBar-btnBasicSearch","searchOpenDialogs":true,"interaction":{"idSuffix":"I"}},"wdio_ui5_key":"applicationmanageconditionprice-display-component---conditions--smartFilterBar-filterItemControl_BASIC-BILL_TYPES-valueHelpDialog-smartFilterBar-btnBasicSearch"}]}
COMMAND: GET /session/64fa439c5f0b0c6f4585200e3c4c457e/screenshot - {}
RESULT: {"script":"<script> [1562 bytes]","args":[{"selector":{"id":"application-manageconditionprice-display-component---conditions--smartFilterBar-filterItemControl_BASIC-BILL_TYPES-valueHelpDialog-smartFilterBar-btnBasicSearch","searchOpenDialogs":true,"interaction":{"idSuffix":"I"}},"wdio_ui5_key":"applicationmanageconditionprice-display-component---conditions--smartFilterBar-filterItemControl_BASIC-BILL_TYPES-valueHelpDialog-smartFilterBar-btnBasicSearch"}]}
RESULT: undefined
COMMAND: POST /session/64fa439c5f0b0c6f4585200e3c4c457e/execute/async - {"script":"<script> [776 bytes]","args":[{"enterText":"one","selector":{"id":"application-manageconditionprice-display-component---conditions--smartFilterBar-filterItemControl_BASIC-BILL_TYPES-valueHelpDialog-smartFilterBar-btnBasicSearch","searchOpenDialogs":true,"interaction":{"idSuffix":"I"}},"clearTextFirst":true,"interactionType":"ENTER_TEXT"}]}
RESULT: {}
RESULT: {"script":"<script> [776 bytes]","args":[{"enterText":"one","selector":{"id":"application-manageconditionprice-display-component---conditions--smartFilterBar-filterItemControl_BASIC-BILL_TYPES-valueHelpDialog-smartFilterBar-btnBasicSearch","searchOpenDialogs":true,"interaction":{"idSuffix":"I"}},"clearTextFirst":true,"interactionType":"ENTER_TEXT"}]}
COMMAND: POST /session/64fa439c5f0b0c6f4585200e3c4c457e/actions - {"actions":[{"id":"action20","type":"key","parameters":{},"actions":[{"type":"keyDown","value":"î€‡"},{"type":"pause","duration":10},{"type":"keyUp","value":"î€‡"}]}]}
RESULT: {"actions":[{"id":"action20","type":"key","parameters":{},"actions":[{"type":"keyDown","value":"î€‡"},{"type":"pause","duration":10},{"type":"keyUp","value":"î€‡"}]}]}
COMMAND: GET /session/64fa439c5f0b0c6f4585200e3c4c457e/screenshot - {}
RESULT: {}
COMMAND: POST /session/64fa439c5f0b0c6f4585200e3c4c457e/element - {"using":"xpath","value":"//div[contains(@id, 'application-manageconditionprice-display-component---conditions--smartFilterBar-filterItemControl_BASIC-BILL_TYPES-valueHelpDialog-table-rowsel0')]"}
RESULT: {"using":"xpath","value":"//div[contains(@id, 'application-manageconditionprice-display-component---conditions--smartFilterBar-filterItemControl_BASIC-BILL_TYPES-valueHelpDialog-table-rowsel0')]"}
COMMAND: POST /session/64fa439c5f0b0c6f4585200e3c4c457e/element/f.21A4AE5C8D3A30030B5FDBA346DFF994.d.44CDF0A3261A5C0ED732F88EB53BA9EC.e.6824/click - {}
RESULT: {}
COMMAND: GET /session/64fa439c5f0b0c6f4585200e3c4c457e/screenshot - {}
RESULT: {}
COMMAND: POST /session/64fa439c5f0b0c6f4585200e3c4c457e/element - {"using":"xpath","value":"//bdi[contains(text(), \"OK\")]"}
RESULT: {"using":"xpath","value":"//bdi[contains(text(), \"OK\")]"}
COMMAND: POST /session/64fa439c5f0b0c6f4585200e3c4c457e/element/f.21A4AE5C8D3A30030B5FDBA346DFF994.d.44CDF0A3261A5C0ED732F88EB53BA9EC.e.6826/click - {}
RESULT: {}
COMMAND: GET /session/64fa439c5f0b0c6f4585200e3c4c457e/screenshot - {}
RESULT: {}
COMMAND: POST /session/64fa439c5f0b0c6f4585200e3c4c457e/element - {"using":"xpath","value":"//span[@id=\"application-manageconditionprice-display-component---conditions--smartTable-header-inner\"]"}
RESULT: {"using":"xpath","value":"//span[@id=\"application-manageconditionprice-display-component---conditions--smartTable-header-inner\"]"}
COMMAND: POST /session/64fa439c5f0b0c6f4585200e3c4c457e/elements - {"using":"xpath","value":"//span[@id=\"application-manageconditionprice-display-component---conditions--smartTable-header-inner\"]"}
RESULT: {"using":"xpath","value":"//span[@id=\"application-manageconditionprice-display-component---conditions--smartTable-header-inner\"]"}
COMMAND: POST /session/64fa439c5f0b0c6f4585200e3c4c457e/execute/sync - {"script":"<script> [56 bytes]","args":[{"element-6066-11e4-a52e-4f735466cecf":"f.21A4AE5C8D3A30030B5FDBA346DFF994.d.44CDF0A3261A5C0ED732F88EB53BA9EC.e.6829","ELEMENT":"f.21A4AE5C8D3A30030B5FDBA346DFF994.d.44CDF0A3261A5C0ED732F88EB53BA9EC.e.6829"}]}
RESULT: {"script":"<script> [56 bytes]","args":[{"element-6066-11e4-a52e-4f735466cecf":"f.21A4AE5C8D3A30030B5FDBA346DFF994.d.44CDF0A3261A5C0ED732F88EB53BA9EC.e.6829","ELEMENT":"f.21A4AE5C8D3A30030B5FDBA346DFF994.d.44CDF0A3261A5C0ED732F88EB53BA9EC.e.6829"}]}
COMMAND: POST /session/64fa439c5f0b0c6f4585200e3c4c457e/element - {"using":"css selector","value":"#shell-header-logo"}
COMMAND: GET /session/64fa439c5f0b0c6f4585200e3c4c457e/screenshot - {}
RESULT: {"using":"css selector","value":"#shell-header-logo"}
COMMAND: POST /session/64fa439c5f0b0c6f4585200e3c4c457e/element/f.21A4AE5C8D3A30030B5FDBA346DFF994.d.44CDF0A3261A5C0ED732F88EB53BA9EC.e.6545/click - {}
RESULT: {}
RESULT: {}
COMMAND: GET /session/64fa439c5f0b0c6f4585200e3c4c457e/screenshot - {}
RESULT: {}
]]></system-out>
    </testcase>
    <testcase classname="chrome.135_0_7049_96.windows.US134625_Set_up_price_condition_-_one_time" name="Should create a new contract" time="63.629">
      <system-out><![CDATA[
COMMAND: POST /session/64fa439c5f0b0c6f4585200e3c4c457e/execute/async - {"script":"<script> [1562 bytes]","args":[{"selector":{"controlType":"sap.m.Text","viewName":"etm.portal.ui.managecontractstile.view.Master","properties":{"text":"Manage Contracts"},"interaction":{"idSuffix":"inner"}},"wdio_ui5_key":"etmportal.ui.managecontractstile.view.Mastersap.m.Text{\"text\":\"Manage Contracts\"}"}]}
RESULT: {"script":"<script> [1562 bytes]","args":[{"selector":{"controlType":"sap.m.Text","viewName":"etm.portal.ui.managecontractstile.view.Master","properties":{"text":"Manage Contracts"},"interaction":{"idSuffix":"inner"}},"wdio_ui5_key":"etmportal.ui.managecontractstile.view.Mastersap.m.Text{\"text\":\"Manage Contracts\"}"}]}
RESULT: undefined
COMMAND: POST /session/64fa439c5f0b0c6f4585200e3c4c457e/element - {"using":"xpath","value":"//*[@id=\"__tile130-title\"]"}
RESULT: {"using":"xpath","value":"//*[@id=\"__tile130-title\"]"}
COMMAND: POST /session/64fa439c5f0b0c6f4585200e3c4c457e/element/f.21A4AE5C8D3A30030B5FDBA346DFF994.d.44CDF0A3261A5C0ED732F88EB53BA9EC.e.6835/click - {}
RESULT: {}
COMMAND: GET /session/64fa439c5f0b0c6f4585200e3c4c457e/screenshot - {}
RESULT: {}
COMMAND: POST /session/64fa439c5f0b0c6f4585200e3c4c457e/element - {"using":"xpath","value":"//button[@data-kt=\"addButton\"]"}
RESULT: {"using":"xpath","value":"//button[@data-kt=\"addButton\"]"}
COMMAND: POST /session/64fa439c5f0b0c6f4585200e3c4c457e/elements - {"using":"xpath","value":"//button[@data-kt=\"addButton\"]"}
RESULT: {"using":"xpath","value":"//button[@data-kt=\"addButton\"]"}
COMMAND: POST /session/64fa439c5f0b0c6f4585200e3c4c457e/elements - {"using":"xpath","value":"//button[@data-kt=\"addButton\"]"}
RESULT: {"using":"xpath","value":"//button[@data-kt=\"addButton\"]"}
COMMAND: POST /session/64fa439c5f0b0c6f4585200e3c4c457e/element - {"using":"xpath","value":"//button[@data-kt=\"addButton\"]"}
RESULT: {"using":"xpath","value":"//button[@data-kt=\"addButton\"]"}
COMMAND: POST /session/64fa439c5f0b0c6f4585200e3c4c457e/execute/sync - {"script":"<script> [8489 bytes]","args":[{"element-6066-11e4-a52e-4f735466cecf":"f.21A4AE5C8D3A30030B5FDBA346DFF994.d.44CDF0A3261A5C0ED732F88EB53BA9EC.e.6877","ELEMENT":"f.21A4AE5C8D3A30030B5FDBA346DFF994.d.44CDF0A3261A5C0ED732F88EB53BA9EC.e.6877"}]}
RESULT: {"script":"<script> [8489 bytes]","args":[{"element-6066-11e4-a52e-4f735466cecf":"f.21A4AE5C8D3A30030B5FDBA346DFF994.d.44CDF0A3261A5C0ED732F88EB53BA9EC.e.6877","ELEMENT":"f.21A4AE5C8D3A30030B5FDBA346DFF994.d.44CDF0A3261A5C0ED732F88EB53BA9EC.e.6877"}]}
COMMAND: GET /session/64fa439c5f0b0c6f4585200e3c4c457e/element/f.21A4AE5C8D3A30030B5FDBA346DFF994.d.44CDF0A3261A5C0ED732F88EB53BA9EC.e.6877/enabled - {}
COMMAND: GET /session/64fa439c5f0b0c6f4585200e3c4c457e/screenshot - {}
RESULT: {}
COMMAND: POST /session/64fa439c5f0b0c6f4585200e3c4c457e/execute/sync - {"script":"<script> [8489 bytes]","args":[{"element-6066-11e4-a52e-4f735466cecf":"f.21A4AE5C8D3A30030B5FDBA346DFF994.d.44CDF0A3261A5C0ED732F88EB53BA9EC.e.6877","ELEMENT":"f.21A4AE5C8D3A30030B5FDBA346DFF994.d.44CDF0A3261A5C0ED732F88EB53BA9EC.e.6877"}]}
COMMAND: GET /session/64fa439c5f0b0c6f4585200e3c4c457e/screenshot - {}
RESULT: {}
RESULT: {"script":"<script> [8489 bytes]","args":[{"element-6066-11e4-a52e-4f735466cecf":"f.21A4AE5C8D3A30030B5FDBA346DFF994.d.44CDF0A3261A5C0ED732F88EB53BA9EC.e.6877","ELEMENT":"f.21A4AE5C8D3A30030B5FDBA346DFF994.d.44CDF0A3261A5C0ED732F88EB53BA9EC.e.6877"}]}
COMMAND: POST /session/64fa439c5f0b0c6f4585200e3c4c457e/execute/sync - {"script":"<script> [5351 bytes]","args":[{"element-6066-11e4-a52e-4f735466cecf":"f.21A4AE5C8D3A30030B5FDBA346DFF994.d.44CDF0A3261A5C0ED732F88EB53BA9EC.e.6877","ELEMENT":"f.21A4AE5C8D3A30030B5FDBA346DFF994.d.44CDF0A3261A5C0ED732F88EB53BA9EC.e.6877"}]}
COMMAND: GET /session/64fa439c5f0b0c6f4585200e3c4c457e/screenshot - {}
RESULT: {}
RESULT: {"script":"<script> [5351 bytes]","args":[{"element-6066-11e4-a52e-4f735466cecf":"f.21A4AE5C8D3A30030B5FDBA346DFF994.d.44CDF0A3261A5C0ED732F88EB53BA9EC.e.6877","ELEMENT":"f.21A4AE5C8D3A30030B5FDBA346DFF994.d.44CDF0A3261A5C0ED732F88EB53BA9EC.e.6877"}]}
COMMAND: GET /session/64fa439c5f0b0c6f4585200e3c4c457e/screenshot - {}
RESULT: {}
RESULT: {}
COMMAND: POST /session/64fa439c5f0b0c6f4585200e3c4c457e/element/f.21A4AE5C8D3A30030B5FDBA346DFF994.d.44CDF0A3261A5C0ED732F88EB53BA9EC.e.6877/click - {}
RESULT: {}
COMMAND: GET /session/64fa439c5f0b0c6f4585200e3c4c457e/screenshot - {}
COMMAND: POST /session/64fa439c5f0b0c6f4585200e3c4c457e/execute/async - {"script":"<script> [1562 bytes]","args":[{"selector":{"id":"application-managecontracts-display-component---AddNewContract--projectDescription","interaction":{"idSuffix":"inner"}},"wdio_ui5_key":"applicationmanagecontracts-display-component---AddNewContract--projectDescription"}]}
RESULT: {"script":"<script> [1562 bytes]","args":[{"selector":{"id":"application-managecontracts-display-component---AddNewContract--projectDescription","interaction":{"idSuffix":"inner"}},"wdio_ui5_key":"applicationmanagecontracts-display-component---AddNewContract--projectDescription"}]}
RESULT: undefined
COMMAND: POST /session/64fa439c5f0b0c6f4585200e3c4c457e/execute/async - {"script":"<script> [776 bytes]","args":[{"enterText":"Intercompany Contract WDIO","selector":{"id":"application-managecontracts-display-component---AddNewContract--projectDescription","interaction":{"idSuffix":"inner"}},"clearTextFirst":true,"interactionType":"ENTER_TEXT"}]}
RESULT: {}
RESULT: {"script":"<script> [776 bytes]","args":[{"enterText":"Intercompany Contract WDIO","selector":{"id":"application-managecontracts-display-component---AddNewContract--projectDescription","interaction":{"idSuffix":"inner"}},"clearTextFirst":true,"interactionType":"ENTER_TEXT"}]}
COMMAND: POST /session/64fa439c5f0b0c6f4585200e3c4c457e/element - {"using":"xpath","value":"//input[@id=\"application-managecontracts-display-component---AddNewContract--site-inner\"]"}
RESULT: {"using":"xpath","value":"//input[@id=\"application-managecontracts-display-component---AddNewContract--site-inner\"]"}
COMMAND: POST /session/64fa439c5f0b0c6f4585200e3c4c457e/element/f.21A4AE5C8D3A30030B5FDBA346DFF994.d.44CDF0A3261A5C0ED732F88EB53BA9EC.e.7220/clear - {}
RESULT: {}
COMMAND: POST /session/64fa439c5f0b0c6f4585200e3c4c457e/element/f.21A4AE5C8D3A30030B5FDBA346DFF994.d.44CDF0A3261A5C0ED732F88EB53BA9EC.e.7220/value - {"text":"2159"}
COMMAND: GET /session/64fa439c5f0b0c6f4585200e3c4c457e/screenshot - {}
RESULT: {"text":"2159"}
COMMAND: GET /session/64fa439c5f0b0c6f4585200e3c4c457e/screenshot - {}
RESULT: {}
RESULT: {}
COMMAND: POST /session/64fa439c5f0b0c6f4585200e3c4c457e/element - {"using":"xpath","value":"//li[.//span[text()='2159']]"}
RESULT: {"using":"xpath","value":"//li[.//span[text()='2159']]"}
COMMAND: POST /session/64fa439c5f0b0c6f4585200e3c4c457e/element/f.21A4AE5C8D3A30030B5FDBA346DFF994.d.44CDF0A3261A5C0ED732F88EB53BA9EC.e.7243/click - {}
RESULT: {}
COMMAND: GET /session/64fa439c5f0b0c6f4585200e3c4c457e/screenshot - {}
RESULT: {}
COMMAND: POST /session/64fa439c5f0b0c6f4585200e3c4c457e/element - {"using":"xpath","value":"//input[@id=\"application-managecontracts-display-component---AddNewContract--yardId-inner\"]"}
RESULT: {"using":"xpath","value":"//input[@id=\"application-managecontracts-display-component---AddNewContract--yardId-inner\"]"}
COMMAND: GET /session/64fa439c5f0b0c6f4585200e3c4c457e/element/f.21A4AE5C8D3A30030B5FDBA346DFF994.d.44CDF0A3261A5C0ED732F88EB53BA9EC.e.7221/property/value - {}
RESULT: {}
COMMAND: POST /session/64fa439c5f0b0c6f4585200e3c4c457e/element - {"using":"xpath","value":"//input[@id=\"application-managecontracts-display-component---AddNewContract--customerSelect-inner\"]"}
COMMAND: GET /session/64fa439c5f0b0c6f4585200e3c4c457e/screenshot - {}
RESULT: {"using":"xpath","value":"//input[@id=\"application-managecontracts-display-component---AddNewContract--customerSelect-inner\"]"}
COMMAND: POST /session/64fa439c5f0b0c6f4585200e3c4c457e/element/f.21A4AE5C8D3A30030B5FDBA346DFF994.d.44CDF0A3261A5C0ED732F88EB53BA9EC.e.7219/clear - {}
RESULT: {}
RESULT: {}
COMMAND: POST /session/64fa439c5f0b0c6f4585200e3c4c457e/element/f.21A4AE5C8D3A30030B5FDBA346DFF994.d.44CDF0A3261A5C0ED732F88EB53BA9EC.e.7219/value - {"text":"1169"}
COMMAND: GET /session/64fa439c5f0b0c6f4585200e3c4c457e/screenshot - {}
RESULT: {"text":"1169"}
COMMAND: GET /session/64fa439c5f0b0c6f4585200e3c4c457e/screenshot - {}
RESULT: {}
RESULT: {}
COMMAND: POST /session/64fa439c5f0b0c6f4585200e3c4c457e/element - {"using":"xpath","value":"//li[.//span[text()='1169']]"}
RESULT: {"using":"xpath","value":"//li[.//span[text()='1169']]"}
COMMAND: POST /session/64fa439c5f0b0c6f4585200e3c4c457e/element/f.21A4AE5C8D3A30030B5FDBA346DFF994.d.44CDF0A3261A5C0ED732F88EB53BA9EC.e.7246/click - {}
RESULT: {}
COMMAND: GET /session/64fa439c5f0b0c6f4585200e3c4c457e/screenshot - {}
RESULT: {}
COMMAND: POST /session/64fa439c5f0b0c6f4585200e3c4c457e/element - {"using":"xpath","value":"//button[@data-kt=\"saveButton\"]"}
RESULT: {"using":"xpath","value":"//button[@data-kt=\"saveButton\"]"}
COMMAND: POST /session/64fa439c5f0b0c6f4585200e3c4c457e/element/f.21A4AE5C8D3A30030B5FDBA346DFF994.d.44CDF0A3261A5C0ED732F88EB53BA9EC.e.7236/click - {}
RESULT: {}
COMMAND: GET /session/64fa439c5f0b0c6f4585200e3c4c457e/screenshot - {}
RESULT: {}
COMMAND: POST /session/64fa439c5f0b0c6f4585200e3c4c457e/element - {"using":"xpath","value":"//span[contains(@id ,\"contractDetailTitleNoExpanded\")]"}
RESULT: {"using":"xpath","value":"//span[contains(@id ,\"contractDetailTitleNoExpanded\")]"}
COMMAND: POST /session/64fa439c5f0b0c6f4585200e3c4c457e/elements - {"using":"xpath","value":"//span[contains(@id ,\"contractDetailTitleNoExpanded\")]"}
RESULT: {"using":"xpath","value":"//span[contains(@id ,\"contractDetailTitleNoExpanded\")]"}
COMMAND: POST /session/64fa439c5f0b0c6f4585200e3c4c457e/execute/sync - {"script":"<script> [56 bytes]","args":[{"element-6066-11e4-a52e-4f735466cecf":"f.21A4AE5C8D3A30030B5FDBA346DFF994.d.44CDF0A3261A5C0ED732F88EB53BA9EC.e.7319","ELEMENT":"f.21A4AE5C8D3A30030B5FDBA346DFF994.d.44CDF0A3261A5C0ED732F88EB53BA9EC.e.7319"}]}
RESULT: {"script":"<script> [56 bytes]","args":[{"element-6066-11e4-a52e-4f735466cecf":"f.21A4AE5C8D3A30030B5FDBA346DFF994.d.44CDF0A3261A5C0ED732F88EB53BA9EC.e.7319","ELEMENT":"f.21A4AE5C8D3A30030B5FDBA346DFF994.d.44CDF0A3261A5C0ED732F88EB53BA9EC.e.7319"}]}
COMMAND: GET /session/64fa439c5f0b0c6f4585200e3c4c457e/screenshot - {}
RESULT: {}
]]></system-out>
    </testcase>
    <testcase classname="chrome.135_0_7049_96.windows.US134625_Set_up_price_condition_-_one_time" name="Should add the material to the contract" time="48.18">
      <system-out><![CDATA[
COMMAND: POST /session/64fa439c5f0b0c6f4585200e3c4c457e/element - {"using":"xpath","value":"//button[@data-kt=\"contractDetailEditBtnButton\"]"}
RESULT: {"using":"xpath","value":"//button[@data-kt=\"contractDetailEditBtnButton\"]"}
COMMAND: POST /session/64fa439c5f0b0c6f4585200e3c4c457e/element/f.21A4AE5C8D3A30030B5FDBA346DFF994.d.44CDF0A3261A5C0ED732F88EB53BA9EC.e.7321/click - {}
RESULT: {}
COMMAND: GET /session/64fa439c5f0b0c6f4585200e3c4c457e/screenshot - {}
RESULT: {}
COMMAND: POST /session/64fa439c5f0b0c6f4585200e3c4c457e/element - {"using":"xpath","value":"(//span[contains(text(), \"Additional Addresses\")])[2]"}
RESULT: {"using":"xpath","value":"(//span[contains(text(), \"Additional Addresses\")])[2]"}
COMMAND: POST /session/64fa439c5f0b0c6f4585200e3c4c457e/element/f.21A4AE5C8D3A30030B5FDBA346DFF994.d.44CDF0A3261A5C0ED732F88EB53BA9EC.e.7378/click - {}
RESULT: {}
COMMAND: GET /session/64fa439c5f0b0c6f4585200e3c4c457e/screenshot - {}
RESULT: {}
COMMAND: POST /session/64fa439c5f0b0c6f4585200e3c4c457e/element - {"using":"xpath","value":"//button[@data-kt=\"btnAddTableRowOverflowToolbarButton\"]"}
RESULT: {"using":"xpath","value":"//button[@data-kt=\"btnAddTableRowOverflowToolbarButton\"]"}
COMMAND: POST /session/64fa439c5f0b0c6f4585200e3c4c457e/element/f.21A4AE5C8D3A30030B5FDBA346DFF994.d.44CDF0A3261A5C0ED732F88EB53BA9EC.e.7380/click - {}
RESULT: {}
COMMAND: GET /session/64fa439c5f0b0c6f4585200e3c4c457e/screenshot - {}
RESULT: {}
COMMAND: POST /session/64fa439c5f0b0c6f4585200e3c4c457e/element - {"using":"xpath","value":"//div[(text() = 'Standard Entry' or . = 'Standard Entry')]"}
RESULT: {"using":"xpath","value":"//div[(text() = 'Standard Entry' or . = 'Standard Entry')]"}
COMMAND: POST /session/64fa439c5f0b0c6f4585200e3c4c457e/element/f.21A4AE5C8D3A30030B5FDBA346DFF994.d.44CDF0A3261A5C0ED732F88EB53BA9EC.e.7382/click - {}
RESULT: {}
COMMAND: GET /session/64fa439c5f0b0c6f4585200e3c4c457e/screenshot - {}
RESULT: {}
COMMAND: POST /session/64fa439c5f0b0c6f4585200e3c4c457e/element - {"using":"xpath","value":"//td[6]/div/div/div/span"}
RESULT: {"using":"xpath","value":"//td[6]/div/div/div/span"}
COMMAND: POST /session/64fa439c5f0b0c6f4585200e3c4c457e/element/f.21A4AE5C8D3A30030B5FDBA346DFF994.d.44CDF0A3261A5C0ED732F88EB53BA9EC.e.7394/click - {}
RESULT: {}
COMMAND: GET /session/64fa439c5f0b0c6f4585200e3c4c457e/screenshot - {}
RESULT: {}
COMMAND: POST /session/64fa439c5f0b0c6f4585200e3c4c457e/element - {"using":"xpath","value":"(//span[contains(text(), \"Material\")])"}
RESULT: {"using":"xpath","value":"(//span[contains(text(), \"Material\")])"}
COMMAND: POST /session/64fa439c5f0b0c6f4585200e3c4c457e/element/f.21A4AE5C8D3A30030B5FDBA346DFF994.d.44CDF0A3261A5C0ED732F88EB53BA9EC.e.7396/click - {}
RESULT: {}
COMMAND: GET /session/64fa439c5f0b0c6f4585200e3c4c457e/screenshot - {}
RESULT: {}
COMMAND: POST /session/64fa439c5f0b0c6f4585200e3c4c457e/element - {"using":"xpath","value":"//td[7]/div/div/input"}
RESULT: {"using":"xpath","value":"//td[7]/div/div/input"}
COMMAND: POST /session/64fa439c5f0b0c6f4585200e3c4c457e/element/f.21A4AE5C8D3A30030B5FDBA346DFF994.d.44CDF0A3261A5C0ED732F88EB53BA9EC.e.7399/clear - {}
RESULT: {}
COMMAND: POST /session/64fa439c5f0b0c6f4585200e3c4c457e/element/f.21A4AE5C8D3A30030B5FDBA346DFF994.d.44CDF0A3261A5C0ED732F88EB53BA9EC.e.7399/value - {"text":"200141"}
COMMAND: GET /session/64fa439c5f0b0c6f4585200e3c4c457e/screenshot - {}
RESULT: {"text":"200141"}
COMMAND: GET /session/64fa439c5f0b0c6f4585200e3c4c457e/screenshot - {}
RESULT: {}
RESULT: {}
COMMAND: POST /session/64fa439c5f0b0c6f4585200e3c4c457e/actions - {"actions":[{"id":"action21","type":"key","parameters":{},"actions":[{"type":"keyDown","value":"î€‡"},{"type":"pause","duration":10},{"type":"keyUp","value":"î€‡"}]}]}
RESULT: {"actions":[{"id":"action21","type":"key","parameters":{},"actions":[{"type":"keyDown","value":"î€‡"},{"type":"pause","duration":10},{"type":"keyUp","value":"î€‡"}]}]}
COMMAND: GET /session/64fa439c5f0b0c6f4585200e3c4c457e/screenshot - {}
RESULT: {}
COMMAND: POST /session/64fa439c5f0b0c6f4585200e3c4c457e/element - {"using":"xpath","value":"(//button[@data-kt=\"saveButton\"])[2]"}
RESULT: {"using":"xpath","value":"(//button[@data-kt=\"saveButton\"])[2]"}
COMMAND: POST /session/64fa439c5f0b0c6f4585200e3c4c457e/element/f.21A4AE5C8D3A30030B5FDBA346DFF994.d.44CDF0A3261A5C0ED732F88EB53BA9EC.e.7422/click - {}
RESULT: {}
COMMAND: GET /session/64fa439c5f0b0c6f4585200e3c4c457e/screenshot - {}
RESULT: {}
COMMAND: POST /session/64fa439c5f0b0c6f4585200e3c4c457e/element - {"using":"xpath","value":"//span[contains(@id ,\"contractItemsSmartTable-header-inner\")]"}
RESULT: {"using":"xpath","value":"//span[contains(@id ,\"contractItemsSmartTable-header-inner\")]"}
COMMAND: POST /session/64fa439c5f0b0c6f4585200e3c4c457e/elements - {"using":"xpath","value":"//span[contains(@id ,\"contractItemsSmartTable-header-inner\")]"}
RESULT: {"using":"xpath","value":"//span[contains(@id ,\"contractItemsSmartTable-header-inner\")]"}
COMMAND: POST /session/64fa439c5f0b0c6f4585200e3c4c457e/execute/sync - {"script":"<script> [56 bytes]","args":[{"element-6066-11e4-a52e-4f735466cecf":"f.21A4AE5C8D3A30030B5FDBA346DFF994.d.44CDF0A3261A5C0ED732F88EB53BA9EC.e.7428","ELEMENT":"f.21A4AE5C8D3A30030B5FDBA346DFF994.d.44CDF0A3261A5C0ED732F88EB53BA9EC.e.7428"}]}
RESULT: {"script":"<script> [56 bytes]","args":[{"element-6066-11e4-a52e-4f735466cecf":"f.21A4AE5C8D3A30030B5FDBA346DFF994.d.44CDF0A3261A5C0ED732F88EB53BA9EC.e.7428","ELEMENT":"f.21A4AE5C8D3A30030B5FDBA346DFF994.d.44CDF0A3261A5C0ED732F88EB53BA9EC.e.7428"}]}
]]></system-out>
    </testcase>
    <testcase classname="chrome.135_0_7049_96.windows.US134625_Set_up_price_condition_-_one_time" name="Should verify the bill item creation and pricing condition" time="12.933">
      <system-out><![CDATA[
COMMAND: POST /session/64fa439c5f0b0c6f4585200e3c4c457e/execute/async - {"script":"<script> [1562 bytes]","args":[{"selector":{"controlType":"sap.ui.core.Icon","viewName":"etm.portal.ui.managecontracts.view.Detail","properties":{"src":{"regex":{"source":"slim\\-arrow\\-right"}}}},"wdio_ui5_key":"etmportal.ui.managecontracts.view.Detailsap.ui.core.Icon{\"src\":{\"regex\":{\"source\":\"slim\\\\-arrow\\\\-right\"}}}"}]}
COMMAND: GET /session/64fa439c5f0b0c6f4585200e3c4c457e/screenshot - {}
RESULT: {"script":"<script> [1562 bytes]","args":[{"selector":{"controlType":"sap.ui.core.Icon","viewName":"etm.portal.ui.managecontracts.view.Detail","properties":{"src":{"regex":{"source":"slim\\-arrow\\-right"}}}},"wdio_ui5_key":"etmportal.ui.managecontracts.view.Detailsap.ui.core.Icon{\"src\":{\"regex\":{\"source\":\"slim\\\\-arrow\\\\-right\"}}}"}]}
RESULT: undefined
COMMAND: POST /session/64fa439c5f0b0c6f4585200e3c4c457e/element - {"using":"xpath","value":"//*[@id=\"__item1145-__clone2474-imgNav\"]"}
RESULT: {}
RESULT: {"using":"xpath","value":"//*[@id=\"__item1145-__clone2474-imgNav\"]"}
COMMAND: POST /session/64fa439c5f0b0c6f4585200e3c4c457e/element/f.21A4AE5C8D3A30030B5FDBA346DFF994.d.44CDF0A3261A5C0ED732F88EB53BA9EC.e.7429/click - {}
RESULT: {}
COMMAND: GET /session/64fa439c5f0b0c6f4585200e3c4c457e/screenshot - {}
COMMAND: POST /session/64fa439c5f0b0c6f4585200e3c4c457e/execute/async - {"script":"<script> [1562 bytes]","args":[{"selector":{"controlType":"sap.m.Text","viewName":"etm.portal.ui.managecontracts.view.BillingItem","viewId":"application-managecontracts-display-component---BillingItem","bindingPath":{"propertyPath":"LINK_TO_C_BILL_TYPES/DESCRIPTION"}},"wdio_ui5_key":"etmportal.ui.managecontracts.view.BillingItemsap.m.Text{\"propertyPath\":\"LINK_TO_C_BILL_TYPES/DESCRIPTION\"}"}]}
RESULT: {}
RESULT: {"script":"<script> [1562 bytes]","args":[{"selector":{"controlType":"sap.m.Text","viewName":"etm.portal.ui.managecontracts.view.BillingItem","viewId":"application-managecontracts-display-component---BillingItem","bindingPath":{"propertyPath":"LINK_TO_C_BILL_TYPES/DESCRIPTION"}},"wdio_ui5_key":"etmportal.ui.managecontracts.view.BillingItemsap.m.Text{\"propertyPath\":\"LINK_TO_C_BILL_TYPES/DESCRIPTION\"}"}]}
RESULT: undefined
COMMAND: POST /session/64fa439c5f0b0c6f4585200e3c4c457e/execute/async - {"script":"<script> [6424 bytes]","args":[{"element-6066-11e4-a52e-4f735466cecf":"f.21A4AE5C8D3A30030B5FDBA346DFF994.d.44CDF0A3261A5C0ED732F88EB53BA9EC.e.7453"},"getText",[]]}
RESULT: {"script":"<script> [6424 bytes]","args":[{"element-6066-11e4-a52e-4f735466cecf":"f.21A4AE5C8D3A30030B5FDBA346DFF994.d.44CDF0A3261A5C0ED732F88EB53BA9EC.e.7453"},"getText",[]]}
COMMAND: POST /session/64fa439c5f0b0c6f4585200e3c4c457e/execute/async - {"script":"<script> [1562 bytes]","args":[{"selector":{"controlType":"sap.m.ObjectNumber","viewName":"etm.portal.ui.managecontracts.view.BillingItem","viewId":"application-managecontracts-display-component---BillingItem","bindingPath":{"propertyPath":"BASE_PRICE"}},"wdio_ui5_key":"etmportal.ui.managecontracts.view.BillingItemsap.m.ObjectNumber{\"propertyPath\":\"BASE_PRICE\"}"}]}
RESULT: {"script":"<script> [1562 bytes]","args":[{"selector":{"controlType":"sap.m.ObjectNumber","viewName":"etm.portal.ui.managecontracts.view.BillingItem","viewId":"application-managecontracts-display-component---BillingItem","bindingPath":{"propertyPath":"BASE_PRICE"}},"wdio_ui5_key":"etmportal.ui.managecontracts.view.BillingItemsap.m.ObjectNumber{\"propertyPath\":\"BASE_PRICE\"}"}]}
RESULT: undefined
COMMAND: POST /session/64fa439c5f0b0c6f4585200e3c4c457e/execute/async - {"script":"<script> [6424 bytes]","args":[{"element-6066-11e4-a52e-4f735466cecf":"f.21A4AE5C8D3A30030B5FDBA346DFF994.d.44CDF0A3261A5C0ED732F88EB53BA9EC.e.7454"},"getNumber",[]]}
RESULT: {"script":"<script> [6424 bytes]","args":[{"element-6066-11e4-a52e-4f735466cecf":"f.21A4AE5C8D3A30030B5FDBA346DFF994.d.44CDF0A3261A5C0ED732F88EB53BA9EC.e.7454"},"getNumber",[]]}
COMMAND: POST /session/64fa439c5f0b0c6f4585200e3c4c457e/execute/async - {"script":"<script> [1562 bytes]","args":[{"selector":{"controlType":"sap.m.ObjectNumber","viewName":"etm.portal.ui.managecontracts.view.BillingItem","viewId":"application-managecontracts-display-component---BillingItem","bindingPath":{"propertyPath":"BASE_QUANTITY"}},"wdio_ui5_key":"etmportal.ui.managecontracts.view.BillingItemsap.m.ObjectNumber{\"propertyPath\":\"BASE_QUANTITY\"}"}]}
RESULT: {"script":"<script> [1562 bytes]","args":[{"selector":{"controlType":"sap.m.ObjectNumber","viewName":"etm.portal.ui.managecontracts.view.BillingItem","viewId":"application-managecontracts-display-component---BillingItem","bindingPath":{"propertyPath":"BASE_QUANTITY"}},"wdio_ui5_key":"etmportal.ui.managecontracts.view.BillingItemsap.m.ObjectNumber{\"propertyPath\":\"BASE_QUANTITY\"}"}]}
RESULT: undefined
COMMAND: POST /session/64fa439c5f0b0c6f4585200e3c4c457e/execute/async - {"script":"<script> [6424 bytes]","args":[{"element-6066-11e4-a52e-4f735466cecf":"f.21A4AE5C8D3A30030B5FDBA346DFF994.d.44CDF0A3261A5C0ED732F88EB53BA9EC.e.7455"},"getNumber",[]]}
RESULT: {"script":"<script> [6424 bytes]","args":[{"element-6066-11e4-a52e-4f735466cecf":"f.21A4AE5C8D3A30030B5FDBA346DFF994.d.44CDF0A3261A5C0ED732F88EB53BA9EC.e.7455"},"getNumber",[]]}
COMMAND: DELETE /session/64fa439c5f0b0c6f4585200e3c4c457e - {}
RESULT: {}
]]></system-out>
    </testcase>
  </testsuite>
</testsuites>