<?xml version="1.0" encoding="UTF-8"?>
<testsuites tests="49" failures="0" errors="0" skipped="0">
  <testsuite timestamp="2025-04-16T15:10:37" time="1866.667" tests="49" failures="0" errors="0" skipped="0">
    <properties>
      <property name="specId" value="0"/>
      <property name="suiteName" value="Sanity Tests US104253"/>
      <property name="capabilities" value="chrome.135_0_7049_42.windows"/>
      <property name="file" value="file:///D:/a/1/s/test/specs/General/sanity.spec.js"/>
    </properties>
    <testcase classname="chrome.135_0_7049_42.windows.Sanity_Tests_US104253" name="Should open Manage Partners page" time="41.16">
      <system-out><![CDATA[
COMMAND: POST /session/bec8a573df020c8deb08d6f6d0268940/execute/async - {"script":"<script> [1562 bytes]","args":[{"selector":{"controlType":"sap.m.GenericTile","properties":{"header":"Manage Partners"}},"wdio_ui5_key":"sapm.GenericTile{\"header\":\"Manage Partners\"}"}]}
RESULT: {"script":"<script> [1562 bytes]","args":[{"selector":{"controlType":"sap.m.GenericTile","properties":{"header":"Manage Partners"}},"wdio_ui5_key":"sapm.GenericTile{\"header\":\"Manage Partners\"}"}]}
RESULT: undefined
COMMAND: POST /session/bec8a573df020c8deb08d6f6d0268940/element - {"using":"xpath","value":"//*[@id=\"__tile38\"]"}
RESULT: {"using":"xpath","value":"//*[@id=\"__tile38\"]"}
COMMAND: POST /session/bec8a573df020c8deb08d6f6d0268940/element/f.9C0DC89F5674B9B0DCF90D82E445BD45.d.6804566E07E647C7B6E3CDCF50D90A8D.e.114/click - {}
RESULT: {}
COMMAND: GET /session/bec8a573df020c8deb08d6f6d0268940/screenshot - {}
RESULT: {}
RESULT: undefined
COMMAND: POST /session/bec8a573df020c8deb08d6f6d0268940/element - {"using":"xpath","value":"//*[@id=\"__tile38\"]"}
RESULT: {"using":"xpath","value":"//*[@id=\"__tile38\"]"}
COMMAND: POST /session/bec8a573df020c8deb08d6f6d0268940/element/f.9C0DC89F5674B9B0DCF90D82E445BD45.d.6804566E07E647C7B6E3CDCF50D90A8D.e.114/click - {}
RESULT: undefined
COMMAND: POST /session/bec8a573df020c8deb08d6f6d0268940/element - {"using":"xpath","value":"//*[@id=\"__tile38\"]"}
RESULT: {"using":"xpath","value":"//*[@id=\"__tile38\"]"}
COMMAND: POST /session/bec8a573df020c8deb08d6f6d0268940/element/f.9C0DC89F5674B9B0DCF90D82E445BD45.d.6804566E07E647C7B6E3CDCF50D90A8D.e.114/click - {}
COMMAND: POST /session/bec8a573df020c8deb08d6f6d0268940/execute/async - {"script":"<script> [1562 bytes]","args":[{"selector":{"id":"shellAppTitle"},"wdio_ui5_key":"shellAppTitle"}]}
RESULT: {"script":"<script> [1562 bytes]","args":[{"selector":{"id":"shellAppTitle"},"wdio_ui5_key":"shellAppTitle"}]}
RESULT: undefined
COMMAND: POST /session/bec8a573df020c8deb08d6f6d0268940/execute/async - {"script":"<script> [6424 bytes]","args":[{"element-6066-11e4-a52e-4f735466cecf":"f.9C0DC89F5674B9B0DCF90D82E445BD45.d.6804566E07E647C7B6E3CDCF50D90A8D.e.290"},"getTitle",[]]}
RESULT: {"script":"<script> [6424 bytes]","args":[{"element-6066-11e4-a52e-4f735466cecf":"f.9C0DC89F5674B9B0DCF90D82E445BD45.d.6804566E07E647C7B6E3CDCF50D90A8D.e.290"},"getTitle",[]]}
COMMAND: POST /session/bec8a573df020c8deb08d6f6d0268940/execute/async - {"script":"<script> [1562 bytes]","args":[{"selector":{"id":"backBtn"},"wdio_ui5_key":"backBtn"}]}
RESULT: {"script":"<script> [1562 bytes]","args":[{"selector":{"id":"backBtn"},"wdio_ui5_key":"backBtn"}]}
RESULT: undefined
COMMAND: POST /session/bec8a573df020c8deb08d6f6d0268940/element - {"using":"xpath","value":"//*[@id=\"backBtn\"]"}
RESULT: {"using":"xpath","value":"//*[@id=\"backBtn\"]"}
COMMAND: POST /session/bec8a573df020c8deb08d6f6d0268940/element/f.9C0DC89F5674B9B0DCF90D82E445BD45.d.6804566E07E647C7B6E3CDCF50D90A8D.e.291/click - {}
RESULT: {}
COMMAND: GET /session/bec8a573df020c8deb08d6f6d0268940/screenshot - {}
RESULT: {}
]]></system-out>
    </testcase>
    <testcase classname="chrome.135_0_7049_42.windows.Sanity_Tests_US104253" name="Should open Manage Sites page" time="36.765">
      <system-out><![CDATA[
COMMAND: POST /session/bec8a573df020c8deb08d6f6d0268940/execute/async - {"script":"<script> [1562 bytes]","args":[{"selector":{"controlType":"sap.m.GenericTile","properties":{"header":"Manage Sites"}},"wdio_ui5_key":"sapm.GenericTile{\"header\":\"Manage Sites\"}"}]}
RESULT: {"script":"<script> [1562 bytes]","args":[{"selector":{"controlType":"sap.m.GenericTile","properties":{"header":"Manage Sites"}},"wdio_ui5_key":"sapm.GenericTile{\"header\":\"Manage Sites\"}"}]}
RESULT: undefined
COMMAND: POST /session/bec8a573df020c8deb08d6f6d0268940/element - {"using":"xpath","value":"//*[@id=\"__tile40\"]"}
RESULT: {"using":"xpath","value":"//*[@id=\"__tile40\"]"}
COMMAND: POST /session/bec8a573df020c8deb08d6f6d0268940/element/f.9C0DC89F5674B9B0DCF90D82E445BD45.d.6804566E07E647C7B6E3CDCF50D90A8D.e.293/click - {}
RESULT: {}
COMMAND: GET /session/bec8a573df020c8deb08d6f6d0268940/screenshot - {}
RESULT: {}
RESULT: undefined
COMMAND: POST /session/bec8a573df020c8deb08d6f6d0268940/element - {"using":"xpath","value":"//*[@id=\"__tile40\"]"}
RESULT: {"using":"xpath","value":"//*[@id=\"__tile40\"]"}
COMMAND: POST /session/bec8a573df020c8deb08d6f6d0268940/element/f.9C0DC89F5674B9B0DCF90D82E445BD45.d.6804566E07E647C7B6E3CDCF50D90A8D.e.293/click - {}
RESULT: undefined
COMMAND: POST /session/bec8a573df020c8deb08d6f6d0268940/element - {"using":"xpath","value":"//*[@id=\"__tile40\"]"}
RESULT: {"using":"xpath","value":"//*[@id=\"__tile40\"]"}
COMMAND: POST /session/bec8a573df020c8deb08d6f6d0268940/element/f.9C0DC89F5674B9B0DCF90D82E445BD45.d.6804566E07E647C7B6E3CDCF50D90A8D.e.293/click - {}
RESULT: undefined
COMMAND: POST /session/bec8a573df020c8deb08d6f6d0268940/execute/async - {"script":"<script> [6424 bytes]","args":[{"element-6066-11e4-a52e-4f735466cecf":"f.9C0DC89F5674B9B0DCF90D82E445BD45.d.6804566E07E647C7B6E3CDCF50D90A8D.e.290"},"getTitle",[]]}
COMMAND: POST /session/bec8a573df020c8deb08d6f6d0268940/execute/async - {"script":"<script> [1562 bytes]","args":[{"selector":{"id":"shellAppTitle"},"wdio_ui5_key":"shellAppTitle"}]}
RESULT: {"script":"<script> [1562 bytes]","args":[{"selector":{"id":"shellAppTitle"},"wdio_ui5_key":"shellAppTitle"}]}
COMMAND: POST /session/bec8a573df020c8deb08d6f6d0268940/execute/async - {"script":"<script> [6424 bytes]","args":[{"element-6066-11e4-a52e-4f735466cecf":"f.9C0DC89F5674B9B0DCF90D82E445BD45.d.6804566E07E647C7B6E3CDCF50D90A8D.e.668"},"getTitle",[]]}
RESULT: {"script":"<script> [6424 bytes]","args":[{"element-6066-11e4-a52e-4f735466cecf":"f.9C0DC89F5674B9B0DCF90D82E445BD45.d.6804566E07E647C7B6E3CDCF50D90A8D.e.668"},"getTitle",[]]}
RESULT: undefined
COMMAND: POST /session/bec8a573df020c8deb08d6f6d0268940/element/f.9C0DC89F5674B9B0DCF90D82E445BD45.d.6804566E07E647C7B6E3CDCF50D90A8D.e.291/click - {}
RESULT: {}
COMMAND: GET /session/bec8a573df020c8deb08d6f6d0268940/screenshot - {}
RESULT: {}
]]></system-out>
    </testcase>
    <testcase classname="chrome.135_0_7049_42.windows.Sanity_Tests_US104253" name="Should open Manage Resources page" time="45.718">
      <system-out><![CDATA[
COMMAND: POST /session/bec8a573df020c8deb08d6f6d0268940/execute/async - {"script":"<script> [1562 bytes]","args":[{"selector":{"controlType":"sap.m.GenericTile","properties":{"header":"Manage Resources"}},"wdio_ui5_key":"sapm.GenericTile{\"header\":\"Manage Resources\"}"}]}
RESULT: {"script":"<script> [1562 bytes]","args":[{"selector":{"controlType":"sap.m.GenericTile","properties":{"header":"Manage Resources"}},"wdio_ui5_key":"sapm.GenericTile{\"header\":\"Manage Resources\"}"}]}
RESULT: undefined
COMMAND: POST /session/bec8a573df020c8deb08d6f6d0268940/element - {"using":"xpath","value":"//*[@id=\"__tile39\"]"}
RESULT: {"using":"xpath","value":"//*[@id=\"__tile39\"]"}
COMMAND: POST /session/bec8a573df020c8deb08d6f6d0268940/element/f.9C0DC89F5674B9B0DCF90D82E445BD45.d.6804566E07E647C7B6E3CDCF50D90A8D.e.670/click - {}
RESULT: {}
COMMAND: GET /session/bec8a573df020c8deb08d6f6d0268940/screenshot - {}
RESULT: {}
RESULT: undefined
COMMAND: POST /session/bec8a573df020c8deb08d6f6d0268940/element - {"using":"xpath","value":"//*[@id=\"__tile39\"]"}
RESULT: {"using":"xpath","value":"//*[@id=\"__tile39\"]"}
COMMAND: POST /session/bec8a573df020c8deb08d6f6d0268940/element/f.9C0DC89F5674B9B0DCF90D82E445BD45.d.6804566E07E647C7B6E3CDCF50D90A8D.e.670/click - {}
RESULT: undefined
RESULT: undefined
COMMAND: POST /session/bec8a573df020c8deb08d6f6d0268940/element - {"using":"xpath","value":"//*[@id=\"__tile39\"]"}
RESULT: {"using":"xpath","value":"//*[@id=\"__tile39\"]"}
COMMAND: POST /session/bec8a573df020c8deb08d6f6d0268940/element/f.9C0DC89F5674B9B0DCF90D82E445BD45.d.6804566E07E647C7B6E3CDCF50D90A8D.e.670/click - {}
RESULT: undefined
COMMAND: POST /session/bec8a573df020c8deb08d6f6d0268940/execute/async - {"script":"<script> [6424 bytes]","args":[{"element-6066-11e4-a52e-4f735466cecf":"f.9C0DC89F5674B9B0DCF90D82E445BD45.d.6804566E07E647C7B6E3CDCF50D90A8D.e.290"},"getTitle",[]]}
COMMAND: POST /session/bec8a573df020c8deb08d6f6d0268940/execute/async - {"script":"<script> [1562 bytes]","args":[{"selector":{"id":"shellAppTitle"},"wdio_ui5_key":"shellAppTitle"}]}
RESULT: {"script":"<script> [1562 bytes]","args":[{"selector":{"id":"shellAppTitle"},"wdio_ui5_key":"shellAppTitle"}]}
COMMAND: POST /session/bec8a573df020c8deb08d6f6d0268940/execute/async - {"script":"<script> [6424 bytes]","args":[{"element-6066-11e4-a52e-4f735466cecf":"f.9C0DC89F5674B9B0DCF90D82E445BD45.d.6804566E07E647C7B6E3CDCF50D90A8D.e.850"},"getTitle",[]]}
RESULT: {"script":"<script> [6424 bytes]","args":[{"element-6066-11e4-a52e-4f735466cecf":"f.9C0DC89F5674B9B0DCF90D82E445BD45.d.6804566E07E647C7B6E3CDCF50D90A8D.e.850"},"getTitle",[]]}
RESULT: undefined
COMMAND: POST /session/bec8a573df020c8deb08d6f6d0268940/element/f.9C0DC89F5674B9B0DCF90D82E445BD45.d.6804566E07E647C7B6E3CDCF50D90A8D.e.291/click - {}
COMMAND: POST /session/bec8a573df020c8deb08d6f6d0268940/element - {"using":"xpath","value":"//*[@id=\"backBtn\"]"}
RESULT: {"using":"xpath","value":"//*[@id=\"backBtn\"]"}
COMMAND: POST /session/bec8a573df020c8deb08d6f6d0268940/element/f.9C0DC89F5674B9B0DCF90D82E445BD45.d.6804566E07E647C7B6E3CDCF50D90A8D.e.291/click - {}
COMMAND: POST /session/bec8a573df020c8deb08d6f6d0268940/element - {"using":"xpath","value":"//*[@id=\"backBtn\"]"}
RESULT: {"using":"xpath","value":"//*[@id=\"backBtn\"]"}
COMMAND: POST /session/bec8a573df020c8deb08d6f6d0268940/element/f.9C0DC89F5674B9B0DCF90D82E445BD45.d.6804566E07E647C7B6E3CDCF50D90A8D.e.851/click - {}
RESULT: {}
COMMAND: GET /session/bec8a573df020c8deb08d6f6d0268940/screenshot - {}
RESULT: {}
]]></system-out>
    </testcase>
    <testcase classname="chrome.135_0_7049_42.windows.Sanity_Tests_US104253" name="Should open Manage Catalogs page" time="33.452">
      <system-out><![CDATA[
COMMAND: POST /session/bec8a573df020c8deb08d6f6d0268940/execute/async - {"script":"<script> [1562 bytes]","args":[{"selector":{"controlType":"sap.m.GenericTile","properties":{"header":"Manage Catalogs"}},"wdio_ui5_key":"sapm.GenericTile{\"header\":\"Manage Catalogs\"}"}]}
RESULT: {"script":"<script> [1562 bytes]","args":[{"selector":{"controlType":"sap.m.GenericTile","properties":{"header":"Manage Catalogs"}},"wdio_ui5_key":"sapm.GenericTile{\"header\":\"Manage Catalogs\"}"}]}
RESULT: undefined
COMMAND: POST /session/bec8a573df020c8deb08d6f6d0268940/element - {"using":"xpath","value":"//*[@id=\"__tile37\"]"}
RESULT: {"using":"xpath","value":"//*[@id=\"__tile37\"]"}
COMMAND: POST /session/bec8a573df020c8deb08d6f6d0268940/element/f.9C0DC89F5674B9B0DCF90D82E445BD45.d.6804566E07E647C7B6E3CDCF50D90A8D.e.853/click - {}
RESULT: {}
COMMAND: GET /session/bec8a573df020c8deb08d6f6d0268940/screenshot - {}
RESULT: {}
RESULT: undefined
COMMAND: POST /session/bec8a573df020c8deb08d6f6d0268940/element - {"using":"xpath","value":"//*[@id=\"__tile37\"]"}
RESULT: {"using":"xpath","value":"//*[@id=\"__tile37\"]"}
COMMAND: POST /session/bec8a573df020c8deb08d6f6d0268940/element/f.9C0DC89F5674B9B0DCF90D82E445BD45.d.6804566E07E647C7B6E3CDCF50D90A8D.e.853/click - {}
RESULT: undefined
COMMAND: POST /session/bec8a573df020c8deb08d6f6d0268940/element - {"using":"xpath","value":"//*[@id=\"__tile37\"]"}
RESULT: {"using":"xpath","value":"//*[@id=\"__tile37\"]"}
COMMAND: POST /session/bec8a573df020c8deb08d6f6d0268940/element/f.9C0DC89F5674B9B0DCF90D82E445BD45.d.6804566E07E647C7B6E3CDCF50D90A8D.e.853/click - {}
RESULT: undefined
COMMAND: POST /session/bec8a573df020c8deb08d6f6d0268940/execute/async - {"script":"<script> [6424 bytes]","args":[{"element-6066-11e4-a52e-4f735466cecf":"f.9C0DC89F5674B9B0DCF90D82E445BD45.d.6804566E07E647C7B6E3CDCF50D90A8D.e.290"},"getTitle",[]]}
COMMAND: POST /session/bec8a573df020c8deb08d6f6d0268940/execute/async - {"script":"<script> [1562 bytes]","args":[{"selector":{"id":"shellAppTitle"},"wdio_ui5_key":"shellAppTitle"}]}
RESULT: {"script":"<script> [1562 bytes]","args":[{"selector":{"id":"shellAppTitle"},"wdio_ui5_key":"shellAppTitle"}]}
COMMAND: POST /session/bec8a573df020c8deb08d6f6d0268940/execute/async - {"script":"<script> [6424 bytes]","args":[{"element-6066-11e4-a52e-4f735466cecf":"f.9C0DC89F5674B9B0DCF90D82E445BD45.d.6804566E07E647C7B6E3CDCF50D90A8D.e.923"},"getTitle",[]]}
RESULT: {"script":"<script> [6424 bytes]","args":[{"element-6066-11e4-a52e-4f735466cecf":"f.9C0DC89F5674B9B0DCF90D82E445BD45.d.6804566E07E647C7B6E3CDCF50D90A8D.e.923"},"getTitle",[]]}
RESULT: undefined
COMMAND: POST /session/bec8a573df020c8deb08d6f6d0268940/element/f.9C0DC89F5674B9B0DCF90D82E445BD45.d.6804566E07E647C7B6E3CDCF50D90A8D.e.851/click - {}
RESULT: {}
COMMAND: GET /session/bec8a573df020c8deb08d6f6d0268940/screenshot - {}
RESULT: {}
]]></system-out>
    </testcase>
    <testcase classname="chrome.135_0_7049_42.windows.Sanity_Tests_US104253" name="Should open Manage Calendars page" time="37.242">
      <system-out><![CDATA[
COMMAND: POST /session/bec8a573df020c8deb08d6f6d0268940/execute/async - {"script":"<script> [1562 bytes]","args":[{"selector":{"controlType":"sap.m.GenericTile","properties":{"header":"Manage Calendars"}},"wdio_ui5_key":"sapm.GenericTile{\"header\":\"Manage Calendars\"}"}]}
RESULT: {"script":"<script> [1562 bytes]","args":[{"selector":{"controlType":"sap.m.GenericTile","properties":{"header":"Manage Calendars"}},"wdio_ui5_key":"sapm.GenericTile{\"header\":\"Manage Calendars\"}"}]}
RESULT: undefined
COMMAND: POST /session/bec8a573df020c8deb08d6f6d0268940/element - {"using":"xpath","value":"//*[@id=\"__tile36\"]"}
RESULT: {"using":"xpath","value":"//*[@id=\"__tile36\"]"}
COMMAND: POST /session/bec8a573df020c8deb08d6f6d0268940/element/f.9C0DC89F5674B9B0DCF90D82E445BD45.d.6804566E07E647C7B6E3CDCF50D90A8D.e.925/click - {}
RESULT: {}
COMMAND: GET /session/bec8a573df020c8deb08d6f6d0268940/screenshot - {}
RESULT: {}
RESULT: undefined
COMMAND: POST /session/bec8a573df020c8deb08d6f6d0268940/element - {"using":"xpath","value":"//*[@id=\"__tile36\"]"}
RESULT: {"using":"xpath","value":"//*[@id=\"__tile36\"]"}
COMMAND: POST /session/bec8a573df020c8deb08d6f6d0268940/element/f.9C0DC89F5674B9B0DCF90D82E445BD45.d.6804566E07E647C7B6E3CDCF50D90A8D.e.925/click - {}
RESULT: undefined
COMMAND: POST /session/bec8a573df020c8deb08d6f6d0268940/element - {"using":"xpath","value":"//*[@id=\"__tile36\"]"}
RESULT: {"using":"xpath","value":"//*[@id=\"__tile36\"]"}
COMMAND: POST /session/bec8a573df020c8deb08d6f6d0268940/element/f.9C0DC89F5674B9B0DCF90D82E445BD45.d.6804566E07E647C7B6E3CDCF50D90A8D.e.925/click - {}
RESULT: undefined
COMMAND: POST /session/bec8a573df020c8deb08d6f6d0268940/execute/async - {"script":"<script> [6424 bytes]","args":[{"element-6066-11e4-a52e-4f735466cecf":"f.9C0DC89F5674B9B0DCF90D82E445BD45.d.6804566E07E647C7B6E3CDCF50D90A8D.e.290"},"getTitle",[]]}
COMMAND: POST /session/bec8a573df020c8deb08d6f6d0268940/execute/async - {"script":"<script> [1562 bytes]","args":[{"selector":{"id":"shellAppTitle"},"wdio_ui5_key":"shellAppTitle"}]}
RESULT: {"script":"<script> [1562 bytes]","args":[{"selector":{"id":"shellAppTitle"},"wdio_ui5_key":"shellAppTitle"}]}
COMMAND: POST /session/bec8a573df020c8deb08d6f6d0268940/execute/async - {"script":"<script> [6424 bytes]","args":[{"element-6066-11e4-a52e-4f735466cecf":"f.9C0DC89F5674B9B0DCF90D82E445BD45.d.6804566E07E647C7B6E3CDCF50D90A8D.e.1070"},"getTitle",[]]}
RESULT: {"script":"<script> [6424 bytes]","args":[{"element-6066-11e4-a52e-4f735466cecf":"f.9C0DC89F5674B9B0DCF90D82E445BD45.d.6804566E07E647C7B6E3CDCF50D90A8D.e.1070"},"getTitle",[]]}
RESULT: undefined
COMMAND: POST /session/bec8a573df020c8deb08d6f6d0268940/element/f.9C0DC89F5674B9B0DCF90D82E445BD45.d.6804566E07E647C7B6E3CDCF50D90A8D.e.851/click - {}
COMMAND: POST /session/bec8a573df020c8deb08d6f6d0268940/element - {"using":"xpath","value":"//*[@id=\"backBtn\"]"}
RESULT: {"using":"xpath","value":"//*[@id=\"backBtn\"]"}
COMMAND: POST /session/bec8a573df020c8deb08d6f6d0268940/element/f.9C0DC89F5674B9B0DCF90D82E445BD45.d.6804566E07E647C7B6E3CDCF50D90A8D.e.851/click - {}
COMMAND: POST /session/bec8a573df020c8deb08d6f6d0268940/element - {"using":"xpath","value":"//*[@id=\"backBtn\"]"}
RESULT: {"using":"xpath","value":"//*[@id=\"backBtn\"]"}
COMMAND: POST /session/bec8a573df020c8deb08d6f6d0268940/element/f.9C0DC89F5674B9B0DCF90D82E445BD45.d.6804566E07E647C7B6E3CDCF50D90A8D.e.1071/click - {}
RESULT: {}
COMMAND: GET /session/bec8a573df020c8deb08d6f6d0268940/screenshot - {}
RESULT: {}
]]></system-out>
    </testcase>
    <testcase classname="chrome.135_0_7049_42.windows.Sanity_Tests_US104253" name="Should open Address Management page" time="34.87">
      <system-out><![CDATA[
COMMAND: POST /session/bec8a573df020c8deb08d6f6d0268940/execute/async - {"script":"<script> [1562 bytes]","args":[{"selector":{"controlType":"sap.m.GenericTile","properties":{"header":"Address Management"}},"wdio_ui5_key":"sapm.GenericTile{\"header\":\"Address Management\"}"}]}
RESULT: {"script":"<script> [1562 bytes]","args":[{"selector":{"controlType":"sap.m.GenericTile","properties":{"header":"Address Management"}},"wdio_ui5_key":"sapm.GenericTile{\"header\":\"Address Management\"}"}]}
RESULT: undefined
COMMAND: POST /session/bec8a573df020c8deb08d6f6d0268940/element - {"using":"xpath","value":"//*[@id=\"__tile33\"]"}
RESULT: {"using":"xpath","value":"//*[@id=\"__tile33\"]"}
COMMAND: POST /session/bec8a573df020c8deb08d6f6d0268940/element/f.9C0DC89F5674B9B0DCF90D82E445BD45.d.6804566E07E647C7B6E3CDCF50D90A8D.e.1073/click - {}
RESULT: {}
COMMAND: GET /session/bec8a573df020c8deb08d6f6d0268940/screenshot - {}
RESULT: {}
RESULT: undefined
COMMAND: POST /session/bec8a573df020c8deb08d6f6d0268940/element - {"using":"xpath","value":"//*[@id=\"__tile33\"]"}
RESULT: {"using":"xpath","value":"//*[@id=\"__tile33\"]"}
COMMAND: POST /session/bec8a573df020c8deb08d6f6d0268940/element/f.9C0DC89F5674B9B0DCF90D82E445BD45.d.6804566E07E647C7B6E3CDCF50D90A8D.e.1073/click - {}
RESULT: undefined
COMMAND: POST /session/bec8a573df020c8deb08d6f6d0268940/element - {"using":"xpath","value":"//*[@id=\"__tile33\"]"}
RESULT: {"using":"xpath","value":"//*[@id=\"__tile33\"]"}
COMMAND: POST /session/bec8a573df020c8deb08d6f6d0268940/element/f.9C0DC89F5674B9B0DCF90D82E445BD45.d.6804566E07E647C7B6E3CDCF50D90A8D.e.1073/click - {}
RESULT: undefined
COMMAND: POST /session/bec8a573df020c8deb08d6f6d0268940/execute/async - {"script":"<script> [6424 bytes]","args":[{"element-6066-11e4-a52e-4f735466cecf":"f.9C0DC89F5674B9B0DCF90D82E445BD45.d.6804566E07E647C7B6E3CDCF50D90A8D.e.290"},"getTitle",[]]}
COMMAND: POST /session/bec8a573df020c8deb08d6f6d0268940/execute/async - {"script":"<script> [1562 bytes]","args":[{"selector":{"id":"shellAppTitle"},"wdio_ui5_key":"shellAppTitle"}]}
RESULT: {"script":"<script> [1562 bytes]","args":[{"selector":{"id":"shellAppTitle"},"wdio_ui5_key":"shellAppTitle"}]}
COMMAND: POST /session/bec8a573df020c8deb08d6f6d0268940/execute/async - {"script":"<script> [6424 bytes]","args":[{"element-6066-11e4-a52e-4f735466cecf":"f.9C0DC89F5674B9B0DCF90D82E445BD45.d.6804566E07E647C7B6E3CDCF50D90A8D.e.1260"},"getTitle",[]]}
RESULT: {"script":"<script> [6424 bytes]","args":[{"element-6066-11e4-a52e-4f735466cecf":"f.9C0DC89F5674B9B0DCF90D82E445BD45.d.6804566E07E647C7B6E3CDCF50D90A8D.e.1260"},"getTitle",[]]}
RESULT: undefined
COMMAND: POST /session/bec8a573df020c8deb08d6f6d0268940/element/f.9C0DC89F5674B9B0DCF90D82E445BD45.d.6804566E07E647C7B6E3CDCF50D90A8D.e.1071/click - {}
RESULT: {}
COMMAND: GET /session/bec8a573df020c8deb08d6f6d0268940/screenshot - {}
RESULT: {}
]]></system-out>
    </testcase>
    <testcase classname="chrome.135_0_7049_42.windows.Sanity_Tests_US104253" name="Should open Bill Of Resources page" time="35.385">
      <system-out><![CDATA[
COMMAND: POST /session/bec8a573df020c8deb08d6f6d0268940/execute/async - {"script":"<script> [1562 bytes]","args":[{"selector":{"controlType":"sap.m.GenericTile","properties":{"header":"Bill Of Resources"}},"wdio_ui5_key":"sapm.GenericTile{\"header\":\"Bill Of Resources\"}"}]}
RESULT: {"script":"<script> [1562 bytes]","args":[{"selector":{"controlType":"sap.m.GenericTile","properties":{"header":"Bill Of Resources"}},"wdio_ui5_key":"sapm.GenericTile{\"header\":\"Bill Of Resources\"}"}]}
RESULT: undefined
COMMAND: POST /session/bec8a573df020c8deb08d6f6d0268940/element - {"using":"xpath","value":"//*[@id=\"__tile34\"]"}
RESULT: {"using":"xpath","value":"//*[@id=\"__tile34\"]"}
COMMAND: POST /session/bec8a573df020c8deb08d6f6d0268940/element/f.9C0DC89F5674B9B0DCF90D82E445BD45.d.6804566E07E647C7B6E3CDCF50D90A8D.e.1262/click - {}
RESULT: {}
COMMAND: GET /session/bec8a573df020c8deb08d6f6d0268940/screenshot - {}
RESULT: {}
RESULT: undefined
COMMAND: POST /session/bec8a573df020c8deb08d6f6d0268940/element - {"using":"xpath","value":"//*[@id=\"__tile34\"]"}
RESULT: {"using":"xpath","value":"//*[@id=\"__tile34\"]"}
COMMAND: POST /session/bec8a573df020c8deb08d6f6d0268940/element/f.9C0DC89F5674B9B0DCF90D82E445BD45.d.6804566E07E647C7B6E3CDCF50D90A8D.e.1262/click - {}
RESULT: undefined
COMMAND: POST /session/bec8a573df020c8deb08d6f6d0268940/element - {"using":"xpath","value":"//*[@id=\"__tile34\"]"}
RESULT: {"using":"xpath","value":"//*[@id=\"__tile34\"]"}
COMMAND: POST /session/bec8a573df020c8deb08d6f6d0268940/element/f.9C0DC89F5674B9B0DCF90D82E445BD45.d.6804566E07E647C7B6E3CDCF50D90A8D.e.1262/click - {}
RESULT: undefined
COMMAND: POST /session/bec8a573df020c8deb08d6f6d0268940/execute/async - {"script":"<script> [6424 bytes]","args":[{"element-6066-11e4-a52e-4f735466cecf":"f.9C0DC89F5674B9B0DCF90D82E445BD45.d.6804566E07E647C7B6E3CDCF50D90A8D.e.290"},"getTitle",[]]}
COMMAND: POST /session/bec8a573df020c8deb08d6f6d0268940/execute/async - {"script":"<script> [1562 bytes]","args":[{"selector":{"id":"shellAppTitle"},"wdio_ui5_key":"shellAppTitle"}]}
RESULT: {"script":"<script> [1562 bytes]","args":[{"selector":{"id":"shellAppTitle"},"wdio_ui5_key":"shellAppTitle"}]}
COMMAND: POST /session/bec8a573df020c8deb08d6f6d0268940/execute/async - {"script":"<script> [6424 bytes]","args":[{"element-6066-11e4-a52e-4f735466cecf":"f.9C0DC89F5674B9B0DCF90D82E445BD45.d.6804566E07E647C7B6E3CDCF50D90A8D.e.1339"},"getTitle",[]]}
RESULT: {"script":"<script> [6424 bytes]","args":[{"element-6066-11e4-a52e-4f735466cecf":"f.9C0DC89F5674B9B0DCF90D82E445BD45.d.6804566E07E647C7B6E3CDCF50D90A8D.e.1339"},"getTitle",[]]}
RESULT: undefined
COMMAND: POST /session/bec8a573df020c8deb08d6f6d0268940/element/f.9C0DC89F5674B9B0DCF90D82E445BD45.d.6804566E07E647C7B6E3CDCF50D90A8D.e.1071/click - {}
COMMAND: POST /session/bec8a573df020c8deb08d6f6d0268940/element - {"using":"xpath","value":"//*[@id=\"backBtn\"]"}
RESULT: {"using":"xpath","value":"//*[@id=\"backBtn\"]"}
COMMAND: POST /session/bec8a573df020c8deb08d6f6d0268940/element/f.9C0DC89F5674B9B0DCF90D82E445BD45.d.6804566E07E647C7B6E3CDCF50D90A8D.e.1071/click - {}
COMMAND: POST /session/bec8a573df020c8deb08d6f6d0268940/element - {"using":"xpath","value":"//*[@id=\"backBtn\"]"}
RESULT: {"using":"xpath","value":"//*[@id=\"backBtn\"]"}
COMMAND: POST /session/bec8a573df020c8deb08d6f6d0268940/element/f.9C0DC89F5674B9B0DCF90D82E445BD45.d.6804566E07E647C7B6E3CDCF50D90A8D.e.1340/click - {}
RESULT: {}
COMMAND: GET /session/bec8a573df020c8deb08d6f6d0268940/screenshot - {}
RESULT: {}
]]></system-out>
    </testcase>
    <testcase classname="chrome.135_0_7049_42.windows.Sanity_Tests_US104253" name="Should open Manage Yards page" time="36.64">
      <system-out><![CDATA[
COMMAND: POST /session/bec8a573df020c8deb08d6f6d0268940/execute/async - {"script":"<script> [1562 bytes]","args":[{"selector":{"controlType":"sap.m.GenericTile","properties":{"header":"Manage Yards"}},"wdio_ui5_key":"sapm.GenericTile{\"header\":\"Manage Yards\"}"}]}
RESULT: {"script":"<script> [1562 bytes]","args":[{"selector":{"controlType":"sap.m.GenericTile","properties":{"header":"Manage Yards"}},"wdio_ui5_key":"sapm.GenericTile{\"header\":\"Manage Yards\"}"}]}
RESULT: undefined
COMMAND: POST /session/bec8a573df020c8deb08d6f6d0268940/element - {"using":"xpath","value":"//*[@id=\"__tile41\"]"}
RESULT: {"using":"xpath","value":"//*[@id=\"__tile41\"]"}
COMMAND: POST /session/bec8a573df020c8deb08d6f6d0268940/element/f.9C0DC89F5674B9B0DCF90D82E445BD45.d.6804566E07E647C7B6E3CDCF50D90A8D.e.1342/click - {}
RESULT: {}
COMMAND: GET /session/bec8a573df020c8deb08d6f6d0268940/screenshot - {}
RESULT: {}
RESULT: undefined
COMMAND: POST /session/bec8a573df020c8deb08d6f6d0268940/element - {"using":"xpath","value":"//*[@id=\"__tile41\"]"}
RESULT: {"using":"xpath","value":"//*[@id=\"__tile41\"]"}
COMMAND: POST /session/bec8a573df020c8deb08d6f6d0268940/element/f.9C0DC89F5674B9B0DCF90D82E445BD45.d.6804566E07E647C7B6E3CDCF50D90A8D.e.1342/click - {}
RESULT: undefined
COMMAND: POST /session/bec8a573df020c8deb08d6f6d0268940/element - {"using":"xpath","value":"//*[@id=\"__tile41\"]"}
RESULT: {"using":"xpath","value":"//*[@id=\"__tile41\"]"}
COMMAND: POST /session/bec8a573df020c8deb08d6f6d0268940/element/f.9C0DC89F5674B9B0DCF90D82E445BD45.d.6804566E07E647C7B6E3CDCF50D90A8D.e.1342/click - {}
RESULT: undefined
COMMAND: POST /session/bec8a573df020c8deb08d6f6d0268940/execute/async - {"script":"<script> [6424 bytes]","args":[{"element-6066-11e4-a52e-4f735466cecf":"f.9C0DC89F5674B9B0DCF90D82E445BD45.d.6804566E07E647C7B6E3CDCF50D90A8D.e.290"},"getTitle",[]]}
COMMAND: POST /session/bec8a573df020c8deb08d6f6d0268940/execute/async - {"script":"<script> [1562 bytes]","args":[{"selector":{"id":"shellAppTitle"},"wdio_ui5_key":"shellAppTitle"}]}
RESULT: {"script":"<script> [1562 bytes]","args":[{"selector":{"id":"shellAppTitle"},"wdio_ui5_key":"shellAppTitle"}]}
COMMAND: POST /session/bec8a573df020c8deb08d6f6d0268940/execute/async - {"script":"<script> [6424 bytes]","args":[{"element-6066-11e4-a52e-4f735466cecf":"f.9C0DC89F5674B9B0DCF90D82E445BD45.d.6804566E07E647C7B6E3CDCF50D90A8D.e.1518"},"getTitle",[]]}
RESULT: {"script":"<script> [6424 bytes]","args":[{"element-6066-11e4-a52e-4f735466cecf":"f.9C0DC89F5674B9B0DCF90D82E445BD45.d.6804566E07E647C7B6E3CDCF50D90A8D.e.1518"},"getTitle",[]]}
RESULT: undefined
COMMAND: POST /session/bec8a573df020c8deb08d6f6d0268940/element/f.9C0DC89F5674B9B0DCF90D82E445BD45.d.6804566E07E647C7B6E3CDCF50D90A8D.e.1340/click - {}
RESULT: {}
COMMAND: GET /session/bec8a573df020c8deb08d6f6d0268940/screenshot - {}
RESULT: {}
]]></system-out>
    </testcase>
    <testcase classname="chrome.135_0_7049_42.windows.Sanity_Tests_US104253" name="Should open Manage Requests page" time="43.98">
      <system-out><![CDATA[
COMMAND: POST /session/bec8a573df020c8deb08d6f6d0268940/execute/async - {"script":"<script> [1562 bytes]","args":[{"selector":{"controlType":"sap.m.GenericTile","properties":{"header":"Manage Requests"}},"wdio_ui5_key":"sapm.GenericTile{\"header\":\"Manage Requests\"}"}]}
RESULT: {"script":"<script> [1562 bytes]","args":[{"selector":{"controlType":"sap.m.GenericTile","properties":{"header":"Manage Requests"}},"wdio_ui5_key":"sapm.GenericTile{\"header\":\"Manage Requests\"}"}]}
RESULT: undefined
COMMAND: POST /session/bec8a573df020c8deb08d6f6d0268940/element - {"using":"xpath","value":"//*[@id=\"__tile47\"]"}
RESULT: {"using":"xpath","value":"//*[@id=\"__tile47\"]"}
COMMAND: POST /session/bec8a573df020c8deb08d6f6d0268940/element/f.9C0DC89F5674B9B0DCF90D82E445BD45.d.6804566E07E647C7B6E3CDCF50D90A8D.e.1520/click - {}
RESULT: {}
COMMAND: GET /session/bec8a573df020c8deb08d6f6d0268940/screenshot - {}
RESULT: {}
RESULT: undefined
COMMAND: POST /session/bec8a573df020c8deb08d6f6d0268940/element - {"using":"xpath","value":"//*[@id=\"__tile47\"]"}
RESULT: {"using":"xpath","value":"//*[@id=\"__tile47\"]"}
COMMAND: POST /session/bec8a573df020c8deb08d6f6d0268940/element/f.9C0DC89F5674B9B0DCF90D82E445BD45.d.6804566E07E647C7B6E3CDCF50D90A8D.e.1520/click - {}
RESULT: undefined
COMMAND: POST /session/bec8a573df020c8deb08d6f6d0268940/element - {"using":"xpath","value":"//*[@id=\"__tile47\"]"}
RESULT: {"using":"xpath","value":"//*[@id=\"__tile47\"]"}
COMMAND: POST /session/bec8a573df020c8deb08d6f6d0268940/element/f.9C0DC89F5674B9B0DCF90D82E445BD45.d.6804566E07E647C7B6E3CDCF50D90A8D.e.1520/click - {}
RESULT: undefined
COMMAND: POST /session/bec8a573df020c8deb08d6f6d0268940/execute/async - {"script":"<script> [6424 bytes]","args":[{"element-6066-11e4-a52e-4f735466cecf":"f.9C0DC89F5674B9B0DCF90D82E445BD45.d.6804566E07E647C7B6E3CDCF50D90A8D.e.290"},"getTitle",[]]}
COMMAND: POST /session/bec8a573df020c8deb08d6f6d0268940/execute/async - {"script":"<script> [1562 bytes]","args":[{"selector":{"id":"shellAppTitle"},"wdio_ui5_key":"shellAppTitle"}]}
RESULT: {"script":"<script> [1562 bytes]","args":[{"selector":{"id":"shellAppTitle"},"wdio_ui5_key":"shellAppTitle"}]}
COMMAND: POST /session/bec8a573df020c8deb08d6f6d0268940/execute/async - {"script":"<script> [6424 bytes]","args":[{"element-6066-11e4-a52e-4f735466cecf":"f.9C0DC89F5674B9B0DCF90D82E445BD45.d.6804566E07E647C7B6E3CDCF50D90A8D.e.1622"},"getTitle",[]]}
RESULT: {"script":"<script> [6424 bytes]","args":[{"element-6066-11e4-a52e-4f735466cecf":"f.9C0DC89F5674B9B0DCF90D82E445BD45.d.6804566E07E647C7B6E3CDCF50D90A8D.e.1622"},"getTitle",[]]}
RESULT: undefined
COMMAND: POST /session/bec8a573df020c8deb08d6f6d0268940/element/f.9C0DC89F5674B9B0DCF90D82E445BD45.d.6804566E07E647C7B6E3CDCF50D90A8D.e.1340/click - {}
COMMAND: POST /session/bec8a573df020c8deb08d6f6d0268940/element - {"using":"xpath","value":"//*[@id=\"backBtn\"]"}
RESULT: {"using":"xpath","value":"//*[@id=\"backBtn\"]"}
COMMAND: POST /session/bec8a573df020c8deb08d6f6d0268940/element/f.9C0DC89F5674B9B0DCF90D82E445BD45.d.6804566E07E647C7B6E3CDCF50D90A8D.e.1340/click - {}
COMMAND: POST /session/bec8a573df020c8deb08d6f6d0268940/element - {"using":"xpath","value":"//*[@id=\"backBtn\"]"}
RESULT: {"using":"xpath","value":"//*[@id=\"backBtn\"]"}
COMMAND: POST /session/bec8a573df020c8deb08d6f6d0268940/element/f.9C0DC89F5674B9B0DCF90D82E445BD45.d.6804566E07E647C7B6E3CDCF50D90A8D.e.1623/click - {}
RESULT: {}
COMMAND: GET /session/bec8a573df020c8deb08d6f6d0268940/screenshot - {}
RESULT: {}
]]></system-out>
    </testcase>
    <testcase classname="chrome.135_0_7049_42.windows.Sanity_Tests_US104253" name="Should open Manage Purchasing page" time="37.698">
      <system-out><![CDATA[
COMMAND: POST /session/bec8a573df020c8deb08d6f6d0268940/execute/async - {"script":"<script> [1562 bytes]","args":[{"selector":{"controlType":"sap.m.GenericTile","properties":{"header":"Manage Purchasing"}},"wdio_ui5_key":"sapm.GenericTile{\"header\":\"Manage Purchasing\"}"}]}
RESULT: {"script":"<script> [1562 bytes]","args":[{"selector":{"controlType":"sap.m.GenericTile","properties":{"header":"Manage Purchasing"}},"wdio_ui5_key":"sapm.GenericTile{\"header\":\"Manage Purchasing\"}"}]}
RESULT: undefined
COMMAND: POST /session/bec8a573df020c8deb08d6f6d0268940/element - {"using":"xpath","value":"//*[@id=\"__tile46\"]"}
RESULT: {"using":"xpath","value":"//*[@id=\"__tile46\"]"}
COMMAND: POST /session/bec8a573df020c8deb08d6f6d0268940/element/f.9C0DC89F5674B9B0DCF90D82E445BD45.d.6804566E07E647C7B6E3CDCF50D90A8D.e.1626/click - {}
RESULT: {}
COMMAND: GET /session/bec8a573df020c8deb08d6f6d0268940/screenshot - {}
RESULT: {}
RESULT: undefined
COMMAND: POST /session/bec8a573df020c8deb08d6f6d0268940/element - {"using":"xpath","value":"//*[@id=\"__tile46\"]"}
RESULT: {"using":"xpath","value":"//*[@id=\"__tile46\"]"}
COMMAND: POST /session/bec8a573df020c8deb08d6f6d0268940/element/f.9C0DC89F5674B9B0DCF90D82E445BD45.d.6804566E07E647C7B6E3CDCF50D90A8D.e.1626/click - {}
RESULT: undefined
COMMAND: POST /session/bec8a573df020c8deb08d6f6d0268940/element - {"using":"xpath","value":"//*[@id=\"__tile46\"]"}
RESULT: {"using":"xpath","value":"//*[@id=\"__tile46\"]"}
COMMAND: POST /session/bec8a573df020c8deb08d6f6d0268940/element/f.9C0DC89F5674B9B0DCF90D82E445BD45.d.6804566E07E647C7B6E3CDCF50D90A8D.e.1626/click - {}
RESULT: undefined
COMMAND: POST /session/bec8a573df020c8deb08d6f6d0268940/execute/async - {"script":"<script> [6424 bytes]","args":[{"element-6066-11e4-a52e-4f735466cecf":"f.9C0DC89F5674B9B0DCF90D82E445BD45.d.6804566E07E647C7B6E3CDCF50D90A8D.e.290"},"getTitle",[]]}
COMMAND: POST /session/bec8a573df020c8deb08d6f6d0268940/execute/async - {"script":"<script> [1562 bytes]","args":[{"selector":{"id":"shellAppTitle"},"wdio_ui5_key":"shellAppTitle"}]}
RESULT: {"script":"<script> [1562 bytes]","args":[{"selector":{"id":"shellAppTitle"},"wdio_ui5_key":"shellAppTitle"}]}
COMMAND: POST /session/bec8a573df020c8deb08d6f6d0268940/execute/async - {"script":"<script> [6424 bytes]","args":[{"element-6066-11e4-a52e-4f735466cecf":"f.9C0DC89F5674B9B0DCF90D82E445BD45.d.6804566E07E647C7B6E3CDCF50D90A8D.e.1703"},"getTitle",[]]}
RESULT: {"script":"<script> [6424 bytes]","args":[{"element-6066-11e4-a52e-4f735466cecf":"f.9C0DC89F5674B9B0DCF90D82E445BD45.d.6804566E07E647C7B6E3CDCF50D90A8D.e.1703"},"getTitle",[]]}
RESULT: undefined
COMMAND: POST /session/bec8a573df020c8deb08d6f6d0268940/element/f.9C0DC89F5674B9B0DCF90D82E445BD45.d.6804566E07E647C7B6E3CDCF50D90A8D.e.1623/click - {}
RESULT: {}
COMMAND: GET /session/bec8a573df020c8deb08d6f6d0268940/screenshot - {}
RESULT: {}
]]></system-out>
    </testcase>
    <testcase classname="chrome.135_0_7049_42.windows.Sanity_Tests_US104253" name="Should open Planning Board page" time="35.93">
      <system-out><![CDATA[
COMMAND: POST /session/bec8a573df020c8deb08d6f6d0268940/execute/async - {"script":"<script> [1562 bytes]","args":[{"selector":{"controlType":"sap.m.GenericTile","properties":{"header":"Planning Board"}},"wdio_ui5_key":"sapm.GenericTile{\"header\":\"Planning Board\"}"}]}
RESULT: {"script":"<script> [1562 bytes]","args":[{"selector":{"controlType":"sap.m.GenericTile","properties":{"header":"Planning Board"}},"wdio_ui5_key":"sapm.GenericTile{\"header\":\"Planning Board\"}"}]}
RESULT: undefined
COMMAND: POST /session/bec8a573df020c8deb08d6f6d0268940/element - {"using":"xpath","value":"//*[@id=\"__tile133\"]"}
RESULT: {"using":"xpath","value":"//*[@id=\"__tile133\"]"}
COMMAND: POST /session/bec8a573df020c8deb08d6f6d0268940/element/f.9C0DC89F5674B9B0DCF90D82E445BD45.d.6804566E07E647C7B6E3CDCF50D90A8D.e.1705/click - {}
RESULT: {}
COMMAND: GET /session/bec8a573df020c8deb08d6f6d0268940/screenshot - {}
RESULT: {}
RESULT: undefined
COMMAND: POST /session/bec8a573df020c8deb08d6f6d0268940/element - {"using":"xpath","value":"//*[@id=\"__tile133\"]"}
RESULT: {"using":"xpath","value":"//*[@id=\"__tile133\"]"}
COMMAND: POST /session/bec8a573df020c8deb08d6f6d0268940/element/f.9C0DC89F5674B9B0DCF90D82E445BD45.d.6804566E07E647C7B6E3CDCF50D90A8D.e.1705/click - {}
RESULT: undefined
COMMAND: POST /session/bec8a573df020c8deb08d6f6d0268940/element - {"using":"xpath","value":"//*[@id=\"__tile133\"]"}
RESULT: {"using":"xpath","value":"//*[@id=\"__tile133\"]"}
COMMAND: POST /session/bec8a573df020c8deb08d6f6d0268940/element/f.9C0DC89F5674B9B0DCF90D82E445BD45.d.6804566E07E647C7B6E3CDCF50D90A8D.e.1705/click - {}
RESULT: undefined
COMMAND: POST /session/bec8a573df020c8deb08d6f6d0268940/execute/async - {"script":"<script> [6424 bytes]","args":[{"element-6066-11e4-a52e-4f735466cecf":"f.9C0DC89F5674B9B0DCF90D82E445BD45.d.6804566E07E647C7B6E3CDCF50D90A8D.e.290"},"getTitle",[]]}
COMMAND: POST /session/bec8a573df020c8deb08d6f6d0268940/execute/async - {"script":"<script> [1562 bytes]","args":[{"selector":{"id":"shellAppTitle"},"wdio_ui5_key":"shellAppTitle"}]}
RESULT: {"script":"<script> [1562 bytes]","args":[{"selector":{"id":"shellAppTitle"},"wdio_ui5_key":"shellAppTitle"}]}
COMMAND: POST /session/bec8a573df020c8deb08d6f6d0268940/execute/async - {"script":"<script> [6424 bytes]","args":[{"element-6066-11e4-a52e-4f735466cecf":"f.9C0DC89F5674B9B0DCF90D82E445BD45.d.6804566E07E647C7B6E3CDCF50D90A8D.e.1756"},"getTitle",[]]}
RESULT: {"script":"<script> [6424 bytes]","args":[{"element-6066-11e4-a52e-4f735466cecf":"f.9C0DC89F5674B9B0DCF90D82E445BD45.d.6804566E07E647C7B6E3CDCF50D90A8D.e.1756"},"getTitle",[]]}
RESULT: undefined
COMMAND: POST /session/bec8a573df020c8deb08d6f6d0268940/element/f.9C0DC89F5674B9B0DCF90D82E445BD45.d.6804566E07E647C7B6E3CDCF50D90A8D.e.1623/click - {}
COMMAND: POST /session/bec8a573df020c8deb08d6f6d0268940/element/f.9C0DC89F5674B9B0DCF90D82E445BD45.d.6804566E07E647C7B6E3CDCF50D90A8D.e.1623/click - {}
COMMAND: POST /session/bec8a573df020c8deb08d6f6d0268940/element - {"using":"xpath","value":"//*[@id=\"backBtn\"]"}
COMMAND: POST /session/bec8a573df020c8deb08d6f6d0268940/element - {"using":"xpath","value":"//*[@id=\"backBtn\"]"}
RESULT: {"using":"xpath","value":"//*[@id=\"backBtn\"]"}
COMMAND: POST /session/bec8a573df020c8deb08d6f6d0268940/element/f.9C0DC89F5674B9B0DCF90D82E445BD45.d.6804566E07E647C7B6E3CDCF50D90A8D.e.1623/click - {}
RESULT: {"using":"xpath","value":"//*[@id=\"backBtn\"]"}
COMMAND: POST /session/bec8a573df020c8deb08d6f6d0268940/element/f.9C0DC89F5674B9B0DCF90D82E445BD45.d.6804566E07E647C7B6E3CDCF50D90A8D.e.1623/click - {}
COMMAND: POST /session/bec8a573df020c8deb08d6f6d0268940/element - {"using":"xpath","value":"//*[@id=\"backBtn\"]"}
COMMAND: POST /session/bec8a573df020c8deb08d6f6d0268940/element - {"using":"xpath","value":"//*[@id=\"backBtn\"]"}
RESULT: {"using":"xpath","value":"//*[@id=\"backBtn\"]"}
COMMAND: POST /session/bec8a573df020c8deb08d6f6d0268940/element/f.9C0DC89F5674B9B0DCF90D82E445BD45.d.6804566E07E647C7B6E3CDCF50D90A8D.e.1757/click - {}
RESULT: {"using":"xpath","value":"//*[@id=\"backBtn\"]"}
COMMAND: POST /session/bec8a573df020c8deb08d6f6d0268940/element/f.9C0DC89F5674B9B0DCF90D82E445BD45.d.6804566E07E647C7B6E3CDCF50D90A8D.e.1757/click - {}
RESULT: {}
COMMAND: GET /session/bec8a573df020c8deb08d6f6d0268940/screenshot - {}
RESULT: {}
COMMAND: GET /session/bec8a573df020c8deb08d6f6d0268940/screenshot - {}
RESULT: {}
RESULT: {}
]]></system-out>
    </testcase>
    <testcase classname="chrome.135_0_7049_42.windows.Sanity_Tests_US104253" name="Should open Manage Contracts page" time="43.069">
      <system-out><![CDATA[
COMMAND: POST /session/bec8a573df020c8deb08d6f6d0268940/execute/async - {"script":"<script> [1562 bytes]","args":[{"selector":{"controlType":"sap.m.GenericTile","properties":{"header":"Manage Contracts"}},"wdio_ui5_key":"sapm.GenericTile{\"header\":\"Manage Contracts\"}"}]}
RESULT: {"script":"<script> [1562 bytes]","args":[{"selector":{"controlType":"sap.m.GenericTile","properties":{"header":"Manage Contracts"}},"wdio_ui5_key":"sapm.GenericTile{\"header\":\"Manage Contracts\"}"}]}
RESULT: undefined
COMMAND: POST /session/bec8a573df020c8deb08d6f6d0268940/element - {"using":"xpath","value":"//*[@id=\"__tile130\"]"}
RESULT: {"using":"xpath","value":"//*[@id=\"__tile130\"]"}
COMMAND: POST /session/bec8a573df020c8deb08d6f6d0268940/element/f.9C0DC89F5674B9B0DCF90D82E445BD45.d.6804566E07E647C7B6E3CDCF50D90A8D.e.1759/click - {}
RESULT: {}
COMMAND: GET /session/bec8a573df020c8deb08d6f6d0268940/screenshot - {}
RESULT: {}
RESULT: undefined
COMMAND: POST /session/bec8a573df020c8deb08d6f6d0268940/element - {"using":"xpath","value":"//*[@id=\"__tile130\"]"}
RESULT: undefined
RESULT: undefined
RESULT: {"using":"xpath","value":"//*[@id=\"__tile130\"]"}
COMMAND: POST /session/bec8a573df020c8deb08d6f6d0268940/element/f.9C0DC89F5674B9B0DCF90D82E445BD45.d.6804566E07E647C7B6E3CDCF50D90A8D.e.1759/click - {}
RESULT: undefined
COMMAND: POST /session/bec8a573df020c8deb08d6f6d0268940/element - {"using":"xpath","value":"//*[@id=\"__tile130\"]"}
RESULT: {"using":"xpath","value":"//*[@id=\"__tile130\"]"}
COMMAND: POST /session/bec8a573df020c8deb08d6f6d0268940/element/f.9C0DC89F5674B9B0DCF90D82E445BD45.d.6804566E07E647C7B6E3CDCF50D90A8D.e.1759/click - {}
RESULT: undefined
COMMAND: POST /session/bec8a573df020c8deb08d6f6d0268940/execute/async - {"script":"<script> [6424 bytes]","args":[{"element-6066-11e4-a52e-4f735466cecf":"f.9C0DC89F5674B9B0DCF90D82E445BD45.d.6804566E07E647C7B6E3CDCF50D90A8D.e.290"},"getTitle",[]]}
COMMAND: POST /session/bec8a573df020c8deb08d6f6d0268940/execute/async - {"script":"<script> [1562 bytes]","args":[{"selector":{"id":"shellAppTitle"},"wdio_ui5_key":"shellAppTitle"}]}
RESULT: {"script":"<script> [1562 bytes]","args":[{"selector":{"id":"shellAppTitle"},"wdio_ui5_key":"shellAppTitle"}]}
COMMAND: POST /session/bec8a573df020c8deb08d6f6d0268940/execute/async - {"script":"<script> [6424 bytes]","args":[{"element-6066-11e4-a52e-4f735466cecf":"f.9C0DC89F5674B9B0DCF90D82E445BD45.d.6804566E07E647C7B6E3CDCF50D90A8D.e.1824"},"getTitle",[]]}
RESULT: {"script":"<script> [6424 bytes]","args":[{"element-6066-11e4-a52e-4f735466cecf":"f.9C0DC89F5674B9B0DCF90D82E445BD45.d.6804566E07E647C7B6E3CDCF50D90A8D.e.1824"},"getTitle",[]]}
RESULT: undefined
COMMAND: POST /session/bec8a573df020c8deb08d6f6d0268940/element/f.9C0DC89F5674B9B0DCF90D82E445BD45.d.6804566E07E647C7B6E3CDCF50D90A8D.e.1757/click - {}
RESULT: {}
COMMAND: GET /session/bec8a573df020c8deb08d6f6d0268940/screenshot - {}
RESULT: {}
]]></system-out>
    </testcase>
    <testcase classname="chrome.135_0_7049_42.windows.Sanity_Tests_US104253" name="Should open Manage Quotations page" time="45.455">
      <system-out><![CDATA[
COMMAND: POST /session/bec8a573df020c8deb08d6f6d0268940/execute/async - {"script":"<script> [1562 bytes]","args":[{"selector":{"controlType":"sap.m.GenericTile","properties":{"header":"Manage Quotations"}},"wdio_ui5_key":"sapm.GenericTile{\"header\":\"Manage Quotations\"}"}]}
RESULT: {"script":"<script> [1562 bytes]","args":[{"selector":{"controlType":"sap.m.GenericTile","properties":{"header":"Manage Quotations"}},"wdio_ui5_key":"sapm.GenericTile{\"header\":\"Manage Quotations\"}"}]}
RESULT: undefined
COMMAND: POST /session/bec8a573df020c8deb08d6f6d0268940/element - {"using":"xpath","value":"//*[@id=\"__tile131\"]"}
RESULT: {"using":"xpath","value":"//*[@id=\"__tile131\"]"}
COMMAND: POST /session/bec8a573df020c8deb08d6f6d0268940/element/f.9C0DC89F5674B9B0DCF90D82E445BD45.d.6804566E07E647C7B6E3CDCF50D90A8D.e.1826/click - {}
RESULT: {}
COMMAND: GET /session/bec8a573df020c8deb08d6f6d0268940/screenshot - {}
RESULT: {}
RESULT: undefined
COMMAND: POST /session/bec8a573df020c8deb08d6f6d0268940/element - {"using":"xpath","value":"//*[@id=\"__tile131\"]"}
RESULT: undefined
RESULT: undefined
RESULT: {"using":"xpath","value":"//*[@id=\"__tile131\"]"}
COMMAND: POST /session/bec8a573df020c8deb08d6f6d0268940/element/f.9C0DC89F5674B9B0DCF90D82E445BD45.d.6804566E07E647C7B6E3CDCF50D90A8D.e.1826/click - {}
RESULT: undefined
COMMAND: POST /session/bec8a573df020c8deb08d6f6d0268940/element - {"using":"xpath","value":"//*[@id=\"__tile131\"]"}
RESULT: {"using":"xpath","value":"//*[@id=\"__tile131\"]"}
COMMAND: POST /session/bec8a573df020c8deb08d6f6d0268940/element/f.9C0DC89F5674B9B0DCF90D82E445BD45.d.6804566E07E647C7B6E3CDCF50D90A8D.e.1826/click - {}
RESULT: undefined
COMMAND: POST /session/bec8a573df020c8deb08d6f6d0268940/execute/async - {"script":"<script> [6424 bytes]","args":[{"element-6066-11e4-a52e-4f735466cecf":"f.9C0DC89F5674B9B0DCF90D82E445BD45.d.6804566E07E647C7B6E3CDCF50D90A8D.e.290"},"getTitle",[]]}
COMMAND: POST /session/bec8a573df020c8deb08d6f6d0268940/execute/async - {"script":"<script> [1562 bytes]","args":[{"selector":{"id":"shellAppTitle"},"wdio_ui5_key":"shellAppTitle"}]}
RESULT: {"script":"<script> [1562 bytes]","args":[{"selector":{"id":"shellAppTitle"},"wdio_ui5_key":"shellAppTitle"}]}
COMMAND: POST /session/bec8a573df020c8deb08d6f6d0268940/execute/async - {"script":"<script> [6424 bytes]","args":[{"element-6066-11e4-a52e-4f735466cecf":"f.9C0DC89F5674B9B0DCF90D82E445BD45.d.6804566E07E647C7B6E3CDCF50D90A8D.e.1928"},"getTitle",[]]}
RESULT: {"script":"<script> [6424 bytes]","args":[{"element-6066-11e4-a52e-4f735466cecf":"f.9C0DC89F5674B9B0DCF90D82E445BD45.d.6804566E07E647C7B6E3CDCF50D90A8D.e.1928"},"getTitle",[]]}
RESULT: undefined
COMMAND: POST /session/bec8a573df020c8deb08d6f6d0268940/element/f.9C0DC89F5674B9B0DCF90D82E445BD45.d.6804566E07E647C7B6E3CDCF50D90A8D.e.1757/click - {}
COMMAND: POST /session/bec8a573df020c8deb08d6f6d0268940/element - {"using":"xpath","value":"//*[@id=\"backBtn\"]"}
RESULT: {"using":"xpath","value":"//*[@id=\"backBtn\"]"}
COMMAND: POST /session/bec8a573df020c8deb08d6f6d0268940/element/f.9C0DC89F5674B9B0DCF90D82E445BD45.d.6804566E07E647C7B6E3CDCF50D90A8D.e.1757/click - {}
COMMAND: POST /session/bec8a573df020c8deb08d6f6d0268940/element - {"using":"xpath","value":"//*[@id=\"backBtn\"]"}
RESULT: {"using":"xpath","value":"//*[@id=\"backBtn\"]"}
COMMAND: POST /session/bec8a573df020c8deb08d6f6d0268940/element/f.9C0DC89F5674B9B0DCF90D82E445BD45.d.6804566E07E647C7B6E3CDCF50D90A8D.e.1929/click - {}
RESULT: {}
COMMAND: GET /session/bec8a573df020c8deb08d6f6d0268940/screenshot - {}
RESULT: {}
]]></system-out>
    </testcase>
    <testcase classname="chrome.135_0_7049_42.windows.Sanity_Tests_US104253" name="Should open Manage Handovers page" time="37.481">
      <system-out><![CDATA[
COMMAND: POST /session/bec8a573df020c8deb08d6f6d0268940/execute/async - {"script":"<script> [1562 bytes]","args":[{"selector":{"controlType":"sap.m.GenericTile","properties":{"header":"Manage Handovers"}},"wdio_ui5_key":"sapm.GenericTile{\"header\":\"Manage Handovers\"}"}]}
RESULT: {"script":"<script> [1562 bytes]","args":[{"selector":{"controlType":"sap.m.GenericTile","properties":{"header":"Manage Handovers"}},"wdio_ui5_key":"sapm.GenericTile{\"header\":\"Manage Handovers\"}"}]}
RESULT: undefined
COMMAND: POST /session/bec8a573df020c8deb08d6f6d0268940/element - {"using":"xpath","value":"//*[@id=\"__tile132\"]"}
RESULT: {"using":"xpath","value":"//*[@id=\"__tile132\"]"}
COMMAND: POST /session/bec8a573df020c8deb08d6f6d0268940/element/f.9C0DC89F5674B9B0DCF90D82E445BD45.d.6804566E07E647C7B6E3CDCF50D90A8D.e.1931/click - {}
RESULT: {}
COMMAND: GET /session/bec8a573df020c8deb08d6f6d0268940/screenshot - {}
RESULT: {}
RESULT: undefined
COMMAND: POST /session/bec8a573df020c8deb08d6f6d0268940/element - {"using":"xpath","value":"//*[@id=\"__tile132\"]"}
RESULT: {"using":"xpath","value":"//*[@id=\"__tile132\"]"}
COMMAND: POST /session/bec8a573df020c8deb08d6f6d0268940/element/f.9C0DC89F5674B9B0DCF90D82E445BD45.d.6804566E07E647C7B6E3CDCF50D90A8D.e.1931/click - {}
RESULT: undefined
COMMAND: POST /session/bec8a573df020c8deb08d6f6d0268940/element - {"using":"xpath","value":"//*[@id=\"__tile132\"]"}
RESULT: {"using":"xpath","value":"//*[@id=\"__tile132\"]"}
COMMAND: POST /session/bec8a573df020c8deb08d6f6d0268940/element/f.9C0DC89F5674B9B0DCF90D82E445BD45.d.6804566E07E647C7B6E3CDCF50D90A8D.e.1931/click - {}
RESULT: undefined
COMMAND: POST /session/bec8a573df020c8deb08d6f6d0268940/execute/async - {"script":"<script> [6424 bytes]","args":[{"element-6066-11e4-a52e-4f735466cecf":"f.9C0DC89F5674B9B0DCF90D82E445BD45.d.6804566E07E647C7B6E3CDCF50D90A8D.e.290"},"getTitle",[]]}
COMMAND: POST /session/bec8a573df020c8deb08d6f6d0268940/execute/async - {"script":"<script> [1562 bytes]","args":[{"selector":{"id":"shellAppTitle"},"wdio_ui5_key":"shellAppTitle"}]}
RESULT: {"script":"<script> [1562 bytes]","args":[{"selector":{"id":"shellAppTitle"},"wdio_ui5_key":"shellAppTitle"}]}
COMMAND: POST /session/bec8a573df020c8deb08d6f6d0268940/execute/async - {"script":"<script> [6424 bytes]","args":[{"element-6066-11e4-a52e-4f735466cecf":"f.9C0DC89F5674B9B0DCF90D82E445BD45.d.6804566E07E647C7B6E3CDCF50D90A8D.e.2127"},"getTitle",[]]}
RESULT: {"script":"<script> [6424 bytes]","args":[{"element-6066-11e4-a52e-4f735466cecf":"f.9C0DC89F5674B9B0DCF90D82E445BD45.d.6804566E07E647C7B6E3CDCF50D90A8D.e.2127"},"getTitle",[]]}
RESULT: undefined
COMMAND: POST /session/bec8a573df020c8deb08d6f6d0268940/element/f.9C0DC89F5674B9B0DCF90D82E445BD45.d.6804566E07E647C7B6E3CDCF50D90A8D.e.1929/click - {}
RESULT: {}
COMMAND: GET /session/bec8a573df020c8deb08d6f6d0268940/screenshot - {}
RESULT: {}
]]></system-out>
    </testcase>
    <testcase classname="chrome.135_0_7049_42.windows.Sanity_Tests_US104253" name="Should open Delivery Monitor page" time="34.82">
      <system-out><![CDATA[
COMMAND: POST /session/bec8a573df020c8deb08d6f6d0268940/execute/async - {"script":"<script> [1562 bytes]","args":[{"selector":{"controlType":"sap.m.GenericTile","properties":{"header":"Delivery Monitor"}},"wdio_ui5_key":"sapm.GenericTile{\"header\":\"Delivery Monitor\"}"}]}
RESULT: {"script":"<script> [1562 bytes]","args":[{"selector":{"controlType":"sap.m.GenericTile","properties":{"header":"Delivery Monitor"}},"wdio_ui5_key":"sapm.GenericTile{\"header\":\"Delivery Monitor\"}"}]}
RESULT: undefined
COMMAND: POST /session/bec8a573df020c8deb08d6f6d0268940/element - {"using":"xpath","value":"//*[@id=\"__tile43\"]"}
RESULT: {"using":"xpath","value":"//*[@id=\"__tile43\"]"}
COMMAND: POST /session/bec8a573df020c8deb08d6f6d0268940/element/f.9C0DC89F5674B9B0DCF90D82E445BD45.d.6804566E07E647C7B6E3CDCF50D90A8D.e.2129/click - {}
RESULT: {}
COMMAND: GET /session/bec8a573df020c8deb08d6f6d0268940/screenshot - {}
RESULT: {}
RESULT: undefined
COMMAND: POST /session/bec8a573df020c8deb08d6f6d0268940/element - {"using":"xpath","value":"//*[@id=\"__tile43\"]"}
RESULT: {"using":"xpath","value":"//*[@id=\"__tile43\"]"}
COMMAND: POST /session/bec8a573df020c8deb08d6f6d0268940/element/f.9C0DC89F5674B9B0DCF90D82E445BD45.d.6804566E07E647C7B6E3CDCF50D90A8D.e.2129/click - {}
RESULT: undefined
COMMAND: POST /session/bec8a573df020c8deb08d6f6d0268940/element - {"using":"xpath","value":"//*[@id=\"__tile43\"]"}
RESULT: {"using":"xpath","value":"//*[@id=\"__tile43\"]"}
COMMAND: POST /session/bec8a573df020c8deb08d6f6d0268940/element/f.9C0DC89F5674B9B0DCF90D82E445BD45.d.6804566E07E647C7B6E3CDCF50D90A8D.e.2129/click - {}
RESULT: undefined
COMMAND: POST /session/bec8a573df020c8deb08d6f6d0268940/execute/async - {"script":"<script> [6424 bytes]","args":[{"element-6066-11e4-a52e-4f735466cecf":"f.9C0DC89F5674B9B0DCF90D82E445BD45.d.6804566E07E647C7B6E3CDCF50D90A8D.e.290"},"getTitle",[]]}
COMMAND: POST /session/bec8a573df020c8deb08d6f6d0268940/execute/async - {"script":"<script> [1562 bytes]","args":[{"selector":{"id":"shellAppTitle"},"wdio_ui5_key":"shellAppTitle"}]}
RESULT: {"script":"<script> [1562 bytes]","args":[{"selector":{"id":"shellAppTitle"},"wdio_ui5_key":"shellAppTitle"}]}
COMMAND: POST /session/bec8a573df020c8deb08d6f6d0268940/execute/async - {"script":"<script> [6424 bytes]","args":[{"element-6066-11e4-a52e-4f735466cecf":"f.9C0DC89F5674B9B0DCF90D82E445BD45.d.6804566E07E647C7B6E3CDCF50D90A8D.e.2211"},"getTitle",[]]}
RESULT: {"script":"<script> [6424 bytes]","args":[{"element-6066-11e4-a52e-4f735466cecf":"f.9C0DC89F5674B9B0DCF90D82E445BD45.d.6804566E07E647C7B6E3CDCF50D90A8D.e.2211"},"getTitle",[]]}
RESULT: undefined
COMMAND: POST /session/bec8a573df020c8deb08d6f6d0268940/element/f.9C0DC89F5674B9B0DCF90D82E445BD45.d.6804566E07E647C7B6E3CDCF50D90A8D.e.1929/click - {}
COMMAND: POST /session/bec8a573df020c8deb08d6f6d0268940/element - {"using":"xpath","value":"//*[@id=\"backBtn\"]"}
RESULT: {"using":"xpath","value":"//*[@id=\"backBtn\"]"}
COMMAND: POST /session/bec8a573df020c8deb08d6f6d0268940/element/f.9C0DC89F5674B9B0DCF90D82E445BD45.d.6804566E07E647C7B6E3CDCF50D90A8D.e.1929/click - {}
COMMAND: POST /session/bec8a573df020c8deb08d6f6d0268940/element - {"using":"xpath","value":"//*[@id=\"backBtn\"]"}
RESULT: {"using":"xpath","value":"//*[@id=\"backBtn\"]"}
COMMAND: POST /session/bec8a573df020c8deb08d6f6d0268940/element/f.9C0DC89F5674B9B0DCF90D82E445BD45.d.6804566E07E647C7B6E3CDCF50D90A8D.e.2212/click - {}
RESULT: {}
COMMAND: GET /session/bec8a573df020c8deb08d6f6d0268940/screenshot - {}
RESULT: {}
]]></system-out>
    </testcase>
    <testcase classname="chrome.135_0_7049_42.windows.Sanity_Tests_US104253" name="Should open Manage Calendar Exceptions page" time="34.059">
      <system-out><![CDATA[
COMMAND: POST /session/bec8a573df020c8deb08d6f6d0268940/execute/async - {"script":"<script> [1562 bytes]","args":[{"selector":{"controlType":"sap.m.GenericTile","properties":{"header":"Manage Calendar Exceptions"}},"wdio_ui5_key":"sapm.GenericTile{\"header\":\"Manage Calendar Exceptions\"}"}]}
RESULT: {"script":"<script> [1562 bytes]","args":[{"selector":{"controlType":"sap.m.GenericTile","properties":{"header":"Manage Calendar Exceptions"}},"wdio_ui5_key":"sapm.GenericTile{\"header\":\"Manage Calendar Exceptions\"}"}]}
RESULT: undefined
COMMAND: POST /session/bec8a573df020c8deb08d6f6d0268940/element - {"using":"xpath","value":"//*[@id=\"__tile52\"]"}
RESULT: {"using":"xpath","value":"//*[@id=\"__tile52\"]"}
COMMAND: POST /session/bec8a573df020c8deb08d6f6d0268940/element/f.9C0DC89F5674B9B0DCF90D82E445BD45.d.6804566E07E647C7B6E3CDCF50D90A8D.e.2214/click - {}
RESULT: {}
COMMAND: GET /session/bec8a573df020c8deb08d6f6d0268940/screenshot - {}
RESULT: {}
RESULT: undefined
COMMAND: POST /session/bec8a573df020c8deb08d6f6d0268940/element - {"using":"xpath","value":"//*[@id=\"__tile52\"]"}
RESULT: {"using":"xpath","value":"//*[@id=\"__tile52\"]"}
COMMAND: POST /session/bec8a573df020c8deb08d6f6d0268940/element/f.9C0DC89F5674B9B0DCF90D82E445BD45.d.6804566E07E647C7B6E3CDCF50D90A8D.e.2214/click - {}
RESULT: undefined
COMMAND: POST /session/bec8a573df020c8deb08d6f6d0268940/element - {"using":"xpath","value":"//*[@id=\"__tile52\"]"}
RESULT: {"using":"xpath","value":"//*[@id=\"__tile52\"]"}
COMMAND: POST /session/bec8a573df020c8deb08d6f6d0268940/element/f.9C0DC89F5674B9B0DCF90D82E445BD45.d.6804566E07E647C7B6E3CDCF50D90A8D.e.2214/click - {}
RESULT: undefined
COMMAND: POST /session/bec8a573df020c8deb08d6f6d0268940/execute/async - {"script":"<script> [6424 bytes]","args":[{"element-6066-11e4-a52e-4f735466cecf":"f.9C0DC89F5674B9B0DCF90D82E445BD45.d.6804566E07E647C7B6E3CDCF50D90A8D.e.290"},"getTitle",[]]}
COMMAND: POST /session/bec8a573df020c8deb08d6f6d0268940/execute/async - {"script":"<script> [1562 bytes]","args":[{"selector":{"id":"shellAppTitle"},"wdio_ui5_key":"shellAppTitle"}]}
RESULT: {"script":"<script> [1562 bytes]","args":[{"selector":{"id":"shellAppTitle"},"wdio_ui5_key":"shellAppTitle"}]}
COMMAND: POST /session/bec8a573df020c8deb08d6f6d0268940/execute/async - {"script":"<script> [6424 bytes]","args":[{"element-6066-11e4-a52e-4f735466cecf":"f.9C0DC89F5674B9B0DCF90D82E445BD45.d.6804566E07E647C7B6E3CDCF50D90A8D.e.2268"},"getTitle",[]]}
RESULT: {"script":"<script> [6424 bytes]","args":[{"element-6066-11e4-a52e-4f735466cecf":"f.9C0DC89F5674B9B0DCF90D82E445BD45.d.6804566E07E647C7B6E3CDCF50D90A8D.e.2268"},"getTitle",[]]}
RESULT: undefined
COMMAND: POST /session/bec8a573df020c8deb08d6f6d0268940/element/f.9C0DC89F5674B9B0DCF90D82E445BD45.d.6804566E07E647C7B6E3CDCF50D90A8D.e.2212/click - {}
RESULT: {}
COMMAND: GET /session/bec8a573df020c8deb08d6f6d0268940/screenshot - {}
RESULT: {}
]]></system-out>
    </testcase>
    <testcase classname="chrome.135_0_7049_42.windows.Sanity_Tests_US104253" name="Should open Manage States Performance page" time="35.316">
      <system-out><![CDATA[
COMMAND: POST /session/bec8a573df020c8deb08d6f6d0268940/execute/async - {"script":"<script> [1562 bytes]","args":[{"selector":{"controlType":"sap.m.GenericTile","properties":{"header":"Manage States & Performance"}},"wdio_ui5_key":"sapm.GenericTile{\"header\":\"Manage States & Performance\"}"}]}
RESULT: {"script":"<script> [1562 bytes]","args":[{"selector":{"controlType":"sap.m.GenericTile","properties":{"header":"Manage States & Performance"}},"wdio_ui5_key":"sapm.GenericTile{\"header\":\"Manage States & Performance\"}"}]}
RESULT: undefined
COMMAND: POST /session/bec8a573df020c8deb08d6f6d0268940/element - {"using":"xpath","value":"//*[@id=\"__tile56\"]"}
RESULT: {"using":"xpath","value":"//*[@id=\"__tile56\"]"}
COMMAND: POST /session/bec8a573df020c8deb08d6f6d0268940/element/f.9C0DC89F5674B9B0DCF90D82E445BD45.d.6804566E07E647C7B6E3CDCF50D90A8D.e.2272/click - {}
RESULT: {}
COMMAND: GET /session/bec8a573df020c8deb08d6f6d0268940/screenshot - {}
RESULT: {}
RESULT: undefined
COMMAND: POST /session/bec8a573df020c8deb08d6f6d0268940/element - {"using":"xpath","value":"//*[@id=\"__tile56\"]"}
RESULT: {"using":"xpath","value":"//*[@id=\"__tile56\"]"}
COMMAND: POST /session/bec8a573df020c8deb08d6f6d0268940/element/f.9C0DC89F5674B9B0DCF90D82E445BD45.d.6804566E07E647C7B6E3CDCF50D90A8D.e.2272/click - {}
RESULT: undefined
COMMAND: POST /session/bec8a573df020c8deb08d6f6d0268940/element - {"using":"xpath","value":"//*[@id=\"__tile56\"]"}
RESULT: {"using":"xpath","value":"//*[@id=\"__tile56\"]"}
COMMAND: POST /session/bec8a573df020c8deb08d6f6d0268940/element/f.9C0DC89F5674B9B0DCF90D82E445BD45.d.6804566E07E647C7B6E3CDCF50D90A8D.e.2272/click - {}
RESULT: undefined
COMMAND: POST /session/bec8a573df020c8deb08d6f6d0268940/execute/async - {"script":"<script> [6424 bytes]","args":[{"element-6066-11e4-a52e-4f735466cecf":"f.9C0DC89F5674B9B0DCF90D82E445BD45.d.6804566E07E647C7B6E3CDCF50D90A8D.e.290"},"getTitle",[]]}
COMMAND: POST /session/bec8a573df020c8deb08d6f6d0268940/execute/async - {"script":"<script> [1562 bytes]","args":[{"selector":{"id":"shellAppTitle"},"wdio_ui5_key":"shellAppTitle"}]}
RESULT: {"script":"<script> [1562 bytes]","args":[{"selector":{"id":"shellAppTitle"},"wdio_ui5_key":"shellAppTitle"}]}
COMMAND: POST /session/bec8a573df020c8deb08d6f6d0268940/execute/async - {"script":"<script> [6424 bytes]","args":[{"element-6066-11e4-a52e-4f735466cecf":"f.9C0DC89F5674B9B0DCF90D82E445BD45.d.6804566E07E647C7B6E3CDCF50D90A8D.e.2365"},"getTitle",[]]}
RESULT: {"script":"<script> [6424 bytes]","args":[{"element-6066-11e4-a52e-4f735466cecf":"f.9C0DC89F5674B9B0DCF90D82E445BD45.d.6804566E07E647C7B6E3CDCF50D90A8D.e.2365"},"getTitle",[]]}
RESULT: undefined
COMMAND: POST /session/bec8a573df020c8deb08d6f6d0268940/element/f.9C0DC89F5674B9B0DCF90D82E445BD45.d.6804566E07E647C7B6E3CDCF50D90A8D.e.2212/click - {}
COMMAND: POST /session/bec8a573df020c8deb08d6f6d0268940/element - {"using":"xpath","value":"//*[@id=\"backBtn\"]"}
RESULT: {"using":"xpath","value":"//*[@id=\"backBtn\"]"}
COMMAND: POST /session/bec8a573df020c8deb08d6f6d0268940/element/f.9C0DC89F5674B9B0DCF90D82E445BD45.d.6804566E07E647C7B6E3CDCF50D90A8D.e.2212/click - {}
COMMAND: POST /session/bec8a573df020c8deb08d6f6d0268940/element - {"using":"xpath","value":"//*[@id=\"backBtn\"]"}
RESULT: {"using":"xpath","value":"//*[@id=\"backBtn\"]"}
COMMAND: POST /session/bec8a573df020c8deb08d6f6d0268940/element/f.9C0DC89F5674B9B0DCF90D82E445BD45.d.6804566E07E647C7B6E3CDCF50D90A8D.e.2366/click - {}
RESULT: {}
COMMAND: GET /session/bec8a573df020c8deb08d6f6d0268940/screenshot - {}
RESULT: {}
]]></system-out>
    </testcase>
    <testcase classname="chrome.135_0_7049_42.windows.Sanity_Tests_US104253" name="Should open Manage Billings page" time="42.007">
      <system-out><![CDATA[
COMMAND: POST /session/bec8a573df020c8deb08d6f6d0268940/execute/async - {"script":"<script> [1562 bytes]","args":[{"selector":{"controlType":"sap.m.GenericTile","properties":{"header":"Manage Billings"}},"wdio_ui5_key":"sapm.GenericTile{\"header\":\"Manage Billings\"}"}]}
RESULT: {"script":"<script> [1562 bytes]","args":[{"selector":{"controlType":"sap.m.GenericTile","properties":{"header":"Manage Billings"}},"wdio_ui5_key":"sapm.GenericTile{\"header\":\"Manage Billings\"}"}]}
RESULT: undefined
COMMAND: POST /session/bec8a573df020c8deb08d6f6d0268940/element - {"using":"xpath","value":"//*[@id=\"__tile51\"]"}
RESULT: {"using":"xpath","value":"//*[@id=\"__tile51\"]"}
COMMAND: POST /session/bec8a573df020c8deb08d6f6d0268940/element/f.9C0DC89F5674B9B0DCF90D82E445BD45.d.6804566E07E647C7B6E3CDCF50D90A8D.e.2368/click - {}
RESULT: {}
COMMAND: GET /session/bec8a573df020c8deb08d6f6d0268940/screenshot - {}
RESULT: {}
RESULT: undefined
COMMAND: POST /session/bec8a573df020c8deb08d6f6d0268940/element - {"using":"xpath","value":"//*[@id=\"__tile51\"]"}
RESULT: {"using":"xpath","value":"//*[@id=\"__tile51\"]"}
COMMAND: POST /session/bec8a573df020c8deb08d6f6d0268940/element/f.9C0DC89F5674B9B0DCF90D82E445BD45.d.6804566E07E647C7B6E3CDCF50D90A8D.e.2368/click - {}
RESULT: undefined
COMMAND: POST /session/bec8a573df020c8deb08d6f6d0268940/element - {"using":"xpath","value":"//*[@id=\"__tile51\"]"}
RESULT: {"using":"xpath","value":"//*[@id=\"__tile51\"]"}
COMMAND: POST /session/bec8a573df020c8deb08d6f6d0268940/element/f.9C0DC89F5674B9B0DCF90D82E445BD45.d.6804566E07E647C7B6E3CDCF50D90A8D.e.2368/click - {}
RESULT: undefined
COMMAND: POST /session/bec8a573df020c8deb08d6f6d0268940/execute/async - {"script":"<script> [6424 bytes]","args":[{"element-6066-11e4-a52e-4f735466cecf":"f.9C0DC89F5674B9B0DCF90D82E445BD45.d.6804566E07E647C7B6E3CDCF50D90A8D.e.290"},"getTitle",[]]}
COMMAND: POST /session/bec8a573df020c8deb08d6f6d0268940/execute/async - {"script":"<script> [1562 bytes]","args":[{"selector":{"id":"shellAppTitle"},"wdio_ui5_key":"shellAppTitle"}]}
RESULT: {"script":"<script> [1562 bytes]","args":[{"selector":{"id":"shellAppTitle"},"wdio_ui5_key":"shellAppTitle"}]}
COMMAND: POST /session/bec8a573df020c8deb08d6f6d0268940/execute/async - {"script":"<script> [6424 bytes]","args":[{"element-6066-11e4-a52e-4f735466cecf":"f.9C0DC89F5674B9B0DCF90D82E445BD45.d.6804566E07E647C7B6E3CDCF50D90A8D.e.2604"},"getTitle",[]]}
RESULT: {"script":"<script> [6424 bytes]","args":[{"element-6066-11e4-a52e-4f735466cecf":"f.9C0DC89F5674B9B0DCF90D82E445BD45.d.6804566E07E647C7B6E3CDCF50D90A8D.e.2604"},"getTitle",[]]}
RESULT: undefined
COMMAND: POST /session/bec8a573df020c8deb08d6f6d0268940/element/f.9C0DC89F5674B9B0DCF90D82E445BD45.d.6804566E07E647C7B6E3CDCF50D90A8D.e.2366/click - {}
COMMAND: POST /session/bec8a573df020c8deb08d6f6d0268940/element/f.9C0DC89F5674B9B0DCF90D82E445BD45.d.6804566E07E647C7B6E3CDCF50D90A8D.e.2366/click - {}
RESULT: {}
COMMAND: GET /session/bec8a573df020c8deb08d6f6d0268940/screenshot - {}
COMMAND: POST /session/bec8a573df020c8deb08d6f6d0268940/element - {"using":"xpath","value":"//*[@id=\"backBtn\"]"}
RESULT: {}
RESULT: {"using":"xpath","value":"//*[@id=\"backBtn\"]"}
COMMAND: POST /session/bec8a573df020c8deb08d6f6d0268940/elements - {"using":"xpath","value":"//*[@id=\"backBtn\"]"}
RESULT: {"using":"xpath","value":"//*[@id=\"backBtn\"]"}
COMMAND: POST /session/bec8a573df020c8deb08d6f6d0268940/elements - {"using":"xpath","value":"//*[@id=\"backBtn\"]"}
RESULT: {"using":"xpath","value":"//*[@id=\"backBtn\"]"}
COMMAND: POST /session/bec8a573df020c8deb08d6f6d0268940/elements - {"using":"xpath","value":"//*[@id=\"backBtn\"]"}
RESULT: {"using":"xpath","value":"//*[@id=\"backBtn\"]"}
COMMAND: POST /session/bec8a573df020c8deb08d6f6d0268940/elements - {"using":"xpath","value":"//*[@id=\"backBtn\"]"}
RESULT: {"using":"xpath","value":"//*[@id=\"backBtn\"]"}
COMMAND: POST /session/bec8a573df020c8deb08d6f6d0268940/elements - {"using":"xpath","value":"//*[@id=\"backBtn\"]"}
RESULT: {"using":"xpath","value":"//*[@id=\"backBtn\"]"}
COMMAND: POST /session/bec8a573df020c8deb08d6f6d0268940/elements - {"using":"xpath","value":"//*[@id=\"backBtn\"]"}
RESULT: {"using":"xpath","value":"//*[@id=\"backBtn\"]"}
COMMAND: POST /session/bec8a573df020c8deb08d6f6d0268940/elements - {"using":"xpath","value":"//*[@id=\"backBtn\"]"}
RESULT: {"using":"xpath","value":"//*[@id=\"backBtn\"]"}
COMMAND: POST /session/bec8a573df020c8deb08d6f6d0268940/elements - {"using":"xpath","value":"//*[@id=\"backBtn\"]"}
RESULT: {"using":"xpath","value":"//*[@id=\"backBtn\"]"}
COMMAND: POST /session/bec8a573df020c8deb08d6f6d0268940/elements - {"using":"xpath","value":"//*[@id=\"backBtn\"]"}
RESULT: {"using":"xpath","value":"//*[@id=\"backBtn\"]"}
COMMAND: POST /session/bec8a573df020c8deb08d6f6d0268940/elements - {"using":"xpath","value":"//*[@id=\"backBtn\"]"}
RESULT: {"using":"xpath","value":"//*[@id=\"backBtn\"]"}
COMMAND: POST /session/bec8a573df020c8deb08d6f6d0268940/elements - {"using":"xpath","value":"//*[@id=\"backBtn\"]"}
RESULT: {"using":"xpath","value":"//*[@id=\"backBtn\"]"}
COMMAND: POST /session/bec8a573df020c8deb08d6f6d0268940/elements - {"using":"xpath","value":"//*[@id=\"backBtn\"]"}
RESULT: {"using":"xpath","value":"//*[@id=\"backBtn\"]"}
COMMAND: POST /session/bec8a573df020c8deb08d6f6d0268940/elements - {"using":"xpath","value":"//*[@id=\"backBtn\"]"}
RESULT: {"using":"xpath","value":"//*[@id=\"backBtn\"]"}
COMMAND: POST /session/bec8a573df020c8deb08d6f6d0268940/elements - {"using":"xpath","value":"//*[@id=\"backBtn\"]"}
RESULT: {"using":"xpath","value":"//*[@id=\"backBtn\"]"}
COMMAND: POST /session/bec8a573df020c8deb08d6f6d0268940/elements - {"using":"xpath","value":"//*[@id=\"backBtn\"]"}
RESULT: {"using":"xpath","value":"//*[@id=\"backBtn\"]"}
COMMAND: POST /session/bec8a573df020c8deb08d6f6d0268940/elements - {"using":"xpath","value":"//*[@id=\"backBtn\"]"}
]]></system-out>
    </testcase>
    <testcase classname="chrome.135_0_7049_42.windows.Sanity_Tests_US104253" name="Should open Manage Conditions Prices page" time="56.434">
      <system-out><![CDATA[
COMMAND: POST /session/bec8a573df020c8deb08d6f6d0268940/execute/async - {"script":"<script> [1562 bytes]","args":[{"selector":{"controlType":"sap.m.GenericTile","properties":{"header":"Manage Conditions & Prices"}},"wdio_ui5_key":"sapm.GenericTile{\"header\":\"Manage Conditions & Prices\"}"}]}
RESULT: {"using":"xpath","value":"//*[@id=\"backBtn\"]"}
COMMAND: POST /session/bec8a573df020c8deb08d6f6d0268940/elements - {"using":"xpath","value":"//*[@id=\"backBtn\"]"}
RESULT: {"script":"<script> [1562 bytes]","args":[{"selector":{"controlType":"sap.m.GenericTile","properties":{"header":"Manage Conditions & Prices"}},"wdio_ui5_key":"sapm.GenericTile{\"header\":\"Manage Conditions & Prices\"}"}]}
RESULT: undefined
COMMAND: POST /session/bec8a573df020c8deb08d6f6d0268940/element - {"using":"xpath","value":"//*[@id=\"__tile53\"]"}
RESULT: {"using":"xpath","value":"//*[@id=\"backBtn\"]"}
RESULT: {"using":"xpath","value":"//*[@id=\"__tile53\"]"}
COMMAND: POST /session/bec8a573df020c8deb08d6f6d0268940/element/f.9C0DC89F5674B9B0DCF90D82E445BD45.d.6804566E07E647C7B6E3CDCF50D90A8D.e.2608/click - {}
COMMAND: POST /session/bec8a573df020c8deb08d6f6d0268940/elements - {"using":"xpath","value":"//*[@id=\"backBtn\"]"}
RESULT: {}
COMMAND: GET /session/bec8a573df020c8deb08d6f6d0268940/screenshot - {}
RESULT: {"using":"xpath","value":"//*[@id=\"backBtn\"]"}
RESULT: {}
COMMAND: POST /session/bec8a573df020c8deb08d6f6d0268940/elements - {"using":"xpath","value":"//*[@id=\"backBtn\"]"}
RESULT: {"using":"xpath","value":"//*[@id=\"backBtn\"]"}
COMMAND: POST /session/bec8a573df020c8deb08d6f6d0268940/elements - {"using":"xpath","value":"//*[@id=\"backBtn\"]"}
RESULT: {"using":"xpath","value":"//*[@id=\"backBtn\"]"}
COMMAND: POST /session/bec8a573df020c8deb08d6f6d0268940/elements - {"using":"xpath","value":"//*[@id=\"backBtn\"]"}
RESULT: {"using":"xpath","value":"//*[@id=\"backBtn\"]"}
COMMAND: POST /session/bec8a573df020c8deb08d6f6d0268940/elements - {"using":"xpath","value":"//*[@id=\"backBtn\"]"}
RESULT: undefined
COMMAND: POST /session/bec8a573df020c8deb08d6f6d0268940/element - {"using":"xpath","value":"//*[@id=\"__tile53\"]"}
RESULT: {"using":"xpath","value":"//*[@id=\"backBtn\"]"}
COMMAND: POST /session/bec8a573df020c8deb08d6f6d0268940/element - {"using":"xpath","value":"//*[@id=\"backBtn\"]"}
RESULT: {"using":"xpath","value":"//*[@id=\"__tile53\"]"}
COMMAND: POST /session/bec8a573df020c8deb08d6f6d0268940/element/f.9C0DC89F5674B9B0DCF90D82E445BD45.d.6804566E07E647C7B6E3CDCF50D90A8D.e.2608/click - {}
RESULT: {"using":"xpath","value":"//*[@id=\"backBtn\"]"}
COMMAND: POST /session/bec8a573df020c8deb08d6f6d0268940/element/f.9C0DC89F5674B9B0DCF90D82E445BD45.d.6804566E07E647C7B6E3CDCF50D90A8D.e.2366/click - {}
COMMAND: POST /session/bec8a573df020c8deb08d6f6d0268940/element - {"using":"xpath","value":"//*[@id=\"backBtn\"]"}
RESULT: {"using":"xpath","value":"//*[@id=\"backBtn\"]"}
COMMAND: POST /session/bec8a573df020c8deb08d6f6d0268940/element/f.9C0DC89F5674B9B0DCF90D82E445BD45.d.6804566E07E647C7B6E3CDCF50D90A8D.e.2640/click - {}
RESULT: {}
COMMAND: GET /session/bec8a573df020c8deb08d6f6d0268940/screenshot - {}
RESULT: {}
RESULT: undefined
COMMAND: POST /session/bec8a573df020c8deb08d6f6d0268940/element - {"using":"xpath","value":"//*[@id=\"__tile53\"]"}
COMMAND: GET /session/bec8a573df020c8deb08d6f6d0268940/screenshot - {}
RESULT: {}
RESULT: {"using":"xpath","value":"//*[@id=\"__tile53\"]"}
COMMAND: POST /session/bec8a573df020c8deb08d6f6d0268940/element/f.9C0DC89F5674B9B0DCF90D82E445BD45.d.6804566E07E647C7B6E3CDCF50D90A8D.e.2608/click - {}
RESULT: {}
RESULT: undefined
COMMAND: POST /session/bec8a573df020c8deb08d6f6d0268940/execute/async - {"script":"<script> [6424 bytes]","args":[{"element-6066-11e4-a52e-4f735466cecf":"f.9C0DC89F5674B9B0DCF90D82E445BD45.d.6804566E07E647C7B6E3CDCF50D90A8D.e.290"},"getTitle",[]]}
COMMAND: POST /session/bec8a573df020c8deb08d6f6d0268940/execute/async - {"script":"<script> [1562 bytes]","args":[{"selector":{"id":"shellAppTitle"},"wdio_ui5_key":"shellAppTitle"}]}
RESULT: {"script":"<script> [1562 bytes]","args":[{"selector":{"id":"shellAppTitle"},"wdio_ui5_key":"shellAppTitle"}]}
COMMAND: POST /session/bec8a573df020c8deb08d6f6d0268940/execute/async - {"script":"<script> [6424 bytes]","args":[{"element-6066-11e4-a52e-4f735466cecf":"f.9C0DC89F5674B9B0DCF90D82E445BD45.d.6804566E07E647C7B6E3CDCF50D90A8D.e.2964"},"getTitle",[]]}
RESULT: {"script":"<script> [6424 bytes]","args":[{"element-6066-11e4-a52e-4f735466cecf":"f.9C0DC89F5674B9B0DCF90D82E445BD45.d.6804566E07E647C7B6E3CDCF50D90A8D.e.2964"},"getTitle",[]]}
RESULT: undefined
COMMAND: POST /session/bec8a573df020c8deb08d6f6d0268940/element/f.9C0DC89F5674B9B0DCF90D82E445BD45.d.6804566E07E647C7B6E3CDCF50D90A8D.e.2640/click - {}
RESULT: {}
COMMAND: GET /session/bec8a573df020c8deb08d6f6d0268940/screenshot - {}
RESULT: {}
]]></system-out>
    </testcase>
    <testcase classname="chrome.135_0_7049_42.windows.Sanity_Tests_US104253" name="Should open Billing Transfer page" time="35.652">
      <system-out><![CDATA[
COMMAND: POST /session/bec8a573df020c8deb08d6f6d0268940/execute/async - {"script":"<script> [1562 bytes]","args":[{"selector":{"controlType":"sap.m.GenericTile","properties":{"header":"Billing Transfer"}},"wdio_ui5_key":"sapm.GenericTile{\"header\":\"Billing Transfer\"}"}]}
RESULT: {"script":"<script> [1562 bytes]","args":[{"selector":{"controlType":"sap.m.GenericTile","properties":{"header":"Billing Transfer"}},"wdio_ui5_key":"sapm.GenericTile{\"header\":\"Billing Transfer\"}"}]}
RESULT: undefined
COMMAND: POST /session/bec8a573df020c8deb08d6f6d0268940/element - {"using":"xpath","value":"//*[@id=\"__tile50\"]"}
RESULT: {"using":"xpath","value":"//*[@id=\"__tile50\"]"}
COMMAND: POST /session/bec8a573df020c8deb08d6f6d0268940/element/f.9C0DC89F5674B9B0DCF90D82E445BD45.d.6804566E07E647C7B6E3CDCF50D90A8D.e.2966/click - {}
RESULT: {}
COMMAND: GET /session/bec8a573df020c8deb08d6f6d0268940/screenshot - {}
RESULT: {}
RESULT: undefined
COMMAND: POST /session/bec8a573df020c8deb08d6f6d0268940/element - {"using":"xpath","value":"//*[@id=\"__tile50\"]"}
RESULT: {"using":"xpath","value":"//*[@id=\"__tile50\"]"}
COMMAND: POST /session/bec8a573df020c8deb08d6f6d0268940/element/f.9C0DC89F5674B9B0DCF90D82E445BD45.d.6804566E07E647C7B6E3CDCF50D90A8D.e.2966/click - {}
RESULT: undefined
COMMAND: POST /session/bec8a573df020c8deb08d6f6d0268940/element - {"using":"xpath","value":"//*[@id=\"__tile50\"]"}
RESULT: {"using":"xpath","value":"//*[@id=\"__tile50\"]"}
COMMAND: POST /session/bec8a573df020c8deb08d6f6d0268940/element/f.9C0DC89F5674B9B0DCF90D82E445BD45.d.6804566E07E647C7B6E3CDCF50D90A8D.e.2966/click - {}
RESULT: undefined
COMMAND: POST /session/bec8a573df020c8deb08d6f6d0268940/execute/async - {"script":"<script> [6424 bytes]","args":[{"element-6066-11e4-a52e-4f735466cecf":"f.9C0DC89F5674B9B0DCF90D82E445BD45.d.6804566E07E647C7B6E3CDCF50D90A8D.e.290"},"getTitle",[]]}
COMMAND: POST /session/bec8a573df020c8deb08d6f6d0268940/execute/async - {"script":"<script> [1562 bytes]","args":[{"selector":{"id":"shellAppTitle"},"wdio_ui5_key":"shellAppTitle"}]}
RESULT: {"script":"<script> [1562 bytes]","args":[{"selector":{"id":"shellAppTitle"},"wdio_ui5_key":"shellAppTitle"}]}
COMMAND: POST /session/bec8a573df020c8deb08d6f6d0268940/execute/async - {"script":"<script> [6424 bytes]","args":[{"element-6066-11e4-a52e-4f735466cecf":"f.9C0DC89F5674B9B0DCF90D82E445BD45.d.6804566E07E647C7B6E3CDCF50D90A8D.e.3097"},"getTitle",[]]}
RESULT: {"script":"<script> [6424 bytes]","args":[{"element-6066-11e4-a52e-4f735466cecf":"f.9C0DC89F5674B9B0DCF90D82E445BD45.d.6804566E07E647C7B6E3CDCF50D90A8D.e.3097"},"getTitle",[]]}
RESULT: undefined
COMMAND: POST /session/bec8a573df020c8deb08d6f6d0268940/element/f.9C0DC89F5674B9B0DCF90D82E445BD45.d.6804566E07E647C7B6E3CDCF50D90A8D.e.2640/click - {}
COMMAND: POST /session/bec8a573df020c8deb08d6f6d0268940/element - {"using":"xpath","value":"//*[@id=\"backBtn\"]"}
RESULT: {"using":"xpath","value":"//*[@id=\"backBtn\"]"}
COMMAND: POST /session/bec8a573df020c8deb08d6f6d0268940/element/f.9C0DC89F5674B9B0DCF90D82E445BD45.d.6804566E07E647C7B6E3CDCF50D90A8D.e.2640/click - {}
COMMAND: POST /session/bec8a573df020c8deb08d6f6d0268940/element - {"using":"xpath","value":"//*[@id=\"backBtn\"]"}
RESULT: {"using":"xpath","value":"//*[@id=\"backBtn\"]"}
COMMAND: POST /session/bec8a573df020c8deb08d6f6d0268940/element/f.9C0DC89F5674B9B0DCF90D82E445BD45.d.6804566E07E647C7B6E3CDCF50D90A8D.e.3098/click - {}
RESULT: {}
COMMAND: GET /session/bec8a573df020c8deb08d6f6d0268940/screenshot - {}
RESULT: {}
]]></system-out>
    </testcase>
    <testcase classname="chrome.135_0_7049_42.windows.Sanity_Tests_US104253" name="Should open Manage Pricing Rules page" time="33.399">
      <system-out><![CDATA[
COMMAND: POST /session/bec8a573df020c8deb08d6f6d0268940/execute/async - {"script":"<script> [1562 bytes]","args":[{"selector":{"controlType":"sap.m.GenericTile","properties":{"header":"Manage Pricing Rules"}},"wdio_ui5_key":"sapm.GenericTile{\"header\":\"Manage Pricing Rules\"}"}]}
RESULT: {"script":"<script> [1562 bytes]","args":[{"selector":{"controlType":"sap.m.GenericTile","properties":{"header":"Manage Pricing Rules"}},"wdio_ui5_key":"sapm.GenericTile{\"header\":\"Manage Pricing Rules\"}"}]}
RESULT: undefined
COMMAND: POST /session/bec8a573df020c8deb08d6f6d0268940/element - {"using":"xpath","value":"//*[@id=\"__tile55\"]"}
RESULT: {"using":"xpath","value":"//*[@id=\"__tile55\"]"}
COMMAND: POST /session/bec8a573df020c8deb08d6f6d0268940/element/f.9C0DC89F5674B9B0DCF90D82E445BD45.d.6804566E07E647C7B6E3CDCF50D90A8D.e.3100/click - {}
RESULT: {}
COMMAND: GET /session/bec8a573df020c8deb08d6f6d0268940/screenshot - {}
RESULT: {}
RESULT: undefined
COMMAND: POST /session/bec8a573df020c8deb08d6f6d0268940/element - {"using":"xpath","value":"//*[@id=\"__tile55\"]"}
RESULT: {"using":"xpath","value":"//*[@id=\"__tile55\"]"}
COMMAND: POST /session/bec8a573df020c8deb08d6f6d0268940/element/f.9C0DC89F5674B9B0DCF90D82E445BD45.d.6804566E07E647C7B6E3CDCF50D90A8D.e.3100/click - {}
RESULT: undefined
COMMAND: POST /session/bec8a573df020c8deb08d6f6d0268940/element - {"using":"xpath","value":"//*[@id=\"__tile55\"]"}
RESULT: {"using":"xpath","value":"//*[@id=\"__tile55\"]"}
COMMAND: POST /session/bec8a573df020c8deb08d6f6d0268940/element/f.9C0DC89F5674B9B0DCF90D82E445BD45.d.6804566E07E647C7B6E3CDCF50D90A8D.e.3100/click - {}
RESULT: undefined
COMMAND: POST /session/bec8a573df020c8deb08d6f6d0268940/execute/async - {"script":"<script> [6424 bytes]","args":[{"element-6066-11e4-a52e-4f735466cecf":"f.9C0DC89F5674B9B0DCF90D82E445BD45.d.6804566E07E647C7B6E3CDCF50D90A8D.e.290"},"getTitle",[]]}
COMMAND: POST /session/bec8a573df020c8deb08d6f6d0268940/execute/async - {"script":"<script> [1562 bytes]","args":[{"selector":{"id":"shellAppTitle"},"wdio_ui5_key":"shellAppTitle"}]}
RESULT: {"script":"<script> [1562 bytes]","args":[{"selector":{"id":"shellAppTitle"},"wdio_ui5_key":"shellAppTitle"}]}
COMMAND: POST /session/bec8a573df020c8deb08d6f6d0268940/execute/async - {"script":"<script> [6424 bytes]","args":[{"element-6066-11e4-a52e-4f735466cecf":"f.9C0DC89F5674B9B0DCF90D82E445BD45.d.6804566E07E647C7B6E3CDCF50D90A8D.e.3147"},"getTitle",[]]}
RESULT: {"script":"<script> [6424 bytes]","args":[{"element-6066-11e4-a52e-4f735466cecf":"f.9C0DC89F5674B9B0DCF90D82E445BD45.d.6804566E07E647C7B6E3CDCF50D90A8D.e.3147"},"getTitle",[]]}
RESULT: undefined
COMMAND: POST /session/bec8a573df020c8deb08d6f6d0268940/element/f.9C0DC89F5674B9B0DCF90D82E445BD45.d.6804566E07E647C7B6E3CDCF50D90A8D.e.3098/click - {}
RESULT: {}
COMMAND: GET /session/bec8a573df020c8deb08d6f6d0268940/screenshot - {}
RESULT: {}
]]></system-out>
    </testcase>
    <testcase classname="chrome.135_0_7049_42.windows.Sanity_Tests_US104253" name="Should open Manage Price Determination Matrices page" time="36.268">
      <system-out><![CDATA[
COMMAND: POST /session/bec8a573df020c8deb08d6f6d0268940/execute/async - {"script":"<script> [1562 bytes]","args":[{"selector":{"controlType":"sap.m.GenericTile","properties":{"header":"Manage Price Determination Matrices"}},"wdio_ui5_key":"sapm.GenericTile{\"header\":\"Manage Price Determination Matrices\"}"}]}
RESULT: {"script":"<script> [1562 bytes]","args":[{"selector":{"controlType":"sap.m.GenericTile","properties":{"header":"Manage Price Determination Matrices"}},"wdio_ui5_key":"sapm.GenericTile{\"header\":\"Manage Price Determination Matrices\"}"}]}
RESULT: undefined
COMMAND: POST /session/bec8a573df020c8deb08d6f6d0268940/element - {"using":"xpath","value":"//*[@id=\"__tile54\"]"}
RESULT: {"using":"xpath","value":"//*[@id=\"__tile54\"]"}
COMMAND: POST /session/bec8a573df020c8deb08d6f6d0268940/element/f.9C0DC89F5674B9B0DCF90D82E445BD45.d.6804566E07E647C7B6E3CDCF50D90A8D.e.3149/click - {}
RESULT: {}
COMMAND: GET /session/bec8a573df020c8deb08d6f6d0268940/screenshot - {}
RESULT: {}
RESULT: undefined
COMMAND: POST /session/bec8a573df020c8deb08d6f6d0268940/element - {"using":"xpath","value":"//*[@id=\"__tile54\"]"}
RESULT: {"using":"xpath","value":"//*[@id=\"__tile54\"]"}
COMMAND: POST /session/bec8a573df020c8deb08d6f6d0268940/element/f.9C0DC89F5674B9B0DCF90D82E445BD45.d.6804566E07E647C7B6E3CDCF50D90A8D.e.3149/click - {}
RESULT: undefined
COMMAND: POST /session/bec8a573df020c8deb08d6f6d0268940/element - {"using":"xpath","value":"//*[@id=\"__tile54\"]"}
RESULT: {"using":"xpath","value":"//*[@id=\"__tile54\"]"}
COMMAND: POST /session/bec8a573df020c8deb08d6f6d0268940/element/f.9C0DC89F5674B9B0DCF90D82E445BD45.d.6804566E07E647C7B6E3CDCF50D90A8D.e.3149/click - {}
RESULT: undefined
COMMAND: POST /session/bec8a573df020c8deb08d6f6d0268940/execute/async - {"script":"<script> [6424 bytes]","args":[{"element-6066-11e4-a52e-4f735466cecf":"f.9C0DC89F5674B9B0DCF90D82E445BD45.d.6804566E07E647C7B6E3CDCF50D90A8D.e.290"},"getTitle",[]]}
COMMAND: POST /session/bec8a573df020c8deb08d6f6d0268940/execute/async - {"script":"<script> [1562 bytes]","args":[{"selector":{"id":"shellAppTitle"},"wdio_ui5_key":"shellAppTitle"}]}
RESULT: {"script":"<script> [1562 bytes]","args":[{"selector":{"id":"shellAppTitle"},"wdio_ui5_key":"shellAppTitle"}]}
COMMAND: POST /session/bec8a573df020c8deb08d6f6d0268940/execute/async - {"script":"<script> [6424 bytes]","args":[{"element-6066-11e4-a52e-4f735466cecf":"f.9C0DC89F5674B9B0DCF90D82E445BD45.d.6804566E07E647C7B6E3CDCF50D90A8D.e.3234"},"getTitle",[]]}
RESULT: {"script":"<script> [6424 bytes]","args":[{"element-6066-11e4-a52e-4f735466cecf":"f.9C0DC89F5674B9B0DCF90D82E445BD45.d.6804566E07E647C7B6E3CDCF50D90A8D.e.3234"},"getTitle",[]]}
RESULT: undefined
COMMAND: POST /session/bec8a573df020c8deb08d6f6d0268940/element/f.9C0DC89F5674B9B0DCF90D82E445BD45.d.6804566E07E647C7B6E3CDCF50D90A8D.e.3098/click - {}
COMMAND: POST /session/bec8a573df020c8deb08d6f6d0268940/element - {"using":"xpath","value":"//*[@id=\"backBtn\"]"}
RESULT: {"using":"xpath","value":"//*[@id=\"backBtn\"]"}
COMMAND: POST /session/bec8a573df020c8deb08d6f6d0268940/element/f.9C0DC89F5674B9B0DCF90D82E445BD45.d.6804566E07E647C7B6E3CDCF50D90A8D.e.3098/click - {}
COMMAND: POST /session/bec8a573df020c8deb08d6f6d0268940/element - {"using":"xpath","value":"//*[@id=\"backBtn\"]"}
RESULT: {"using":"xpath","value":"//*[@id=\"backBtn\"]"}
COMMAND: POST /session/bec8a573df020c8deb08d6f6d0268940/element/f.9C0DC89F5674B9B0DCF90D82E445BD45.d.6804566E07E647C7B6E3CDCF50D90A8D.e.3235/click - {}
RESULT: {}
COMMAND: GET /session/bec8a573df020c8deb08d6f6d0268940/screenshot - {}
RESULT: {}
]]></system-out>
    </testcase>
    <testcase classname="chrome.135_0_7049_42.windows.Sanity_Tests_US104253" name="Should open Yard Overview page" time="36.468">
      <system-out><![CDATA[
COMMAND: POST /session/bec8a573df020c8deb08d6f6d0268940/execute/async - {"script":"<script> [1562 bytes]","args":[{"selector":{"controlType":"sap.m.GenericTile","properties":{"header":"Yard Overview"}},"wdio_ui5_key":"sapm.GenericTile{\"header\":\"Yard Overview\"}"}]}
RESULT: {"script":"<script> [1562 bytes]","args":[{"selector":{"controlType":"sap.m.GenericTile","properties":{"header":"Yard Overview"}},"wdio_ui5_key":"sapm.GenericTile{\"header\":\"Yard Overview\"}"}]}
RESULT: undefined
COMMAND: POST /session/bec8a573df020c8deb08d6f6d0268940/element - {"using":"xpath","value":"//*[@id=\"__tile102\"]"}
RESULT: {"using":"xpath","value":"//*[@id=\"__tile102\"]"}
COMMAND: POST /session/bec8a573df020c8deb08d6f6d0268940/element/f.9C0DC89F5674B9B0DCF90D82E445BD45.d.6804566E07E647C7B6E3CDCF50D90A8D.e.3237/click - {}
RESULT: {}
COMMAND: GET /session/bec8a573df020c8deb08d6f6d0268940/screenshot - {}
RESULT: {}
RESULT: undefined
COMMAND: POST /session/bec8a573df020c8deb08d6f6d0268940/element - {"using":"xpath","value":"//*[@id=\"__tile102\"]"}
RESULT: {"using":"xpath","value":"//*[@id=\"__tile102\"]"}
COMMAND: POST /session/bec8a573df020c8deb08d6f6d0268940/element/f.9C0DC89F5674B9B0DCF90D82E445BD45.d.6804566E07E647C7B6E3CDCF50D90A8D.e.3237/click - {}
RESULT: undefined
COMMAND: POST /session/bec8a573df020c8deb08d6f6d0268940/element - {"using":"xpath","value":"//*[@id=\"__tile102\"]"}
RESULT: {"using":"xpath","value":"//*[@id=\"__tile102\"]"}
COMMAND: POST /session/bec8a573df020c8deb08d6f6d0268940/element/f.9C0DC89F5674B9B0DCF90D82E445BD45.d.6804566E07E647C7B6E3CDCF50D90A8D.e.3237/click - {}
RESULT: undefined
COMMAND: POST /session/bec8a573df020c8deb08d6f6d0268940/execute/async - {"script":"<script> [6424 bytes]","args":[{"element-6066-11e4-a52e-4f735466cecf":"f.9C0DC89F5674B9B0DCF90D82E445BD45.d.6804566E07E647C7B6E3CDCF50D90A8D.e.290"},"getTitle",[]]}
COMMAND: POST /session/bec8a573df020c8deb08d6f6d0268940/execute/async - {"script":"<script> [1562 bytes]","args":[{"selector":{"id":"shellAppTitle"},"wdio_ui5_key":"shellAppTitle"}]}
RESULT: {"script":"<script> [1562 bytes]","args":[{"selector":{"id":"shellAppTitle"},"wdio_ui5_key":"shellAppTitle"}]}
COMMAND: POST /session/bec8a573df020c8deb08d6f6d0268940/execute/async - {"script":"<script> [6424 bytes]","args":[{"element-6066-11e4-a52e-4f735466cecf":"f.9C0DC89F5674B9B0DCF90D82E445BD45.d.6804566E07E647C7B6E3CDCF50D90A8D.e.3294"},"getTitle",[]]}
RESULT: {"script":"<script> [6424 bytes]","args":[{"element-6066-11e4-a52e-4f735466cecf":"f.9C0DC89F5674B9B0DCF90D82E445BD45.d.6804566E07E647C7B6E3CDCF50D90A8D.e.3294"},"getTitle",[]]}
RESULT: undefined
COMMAND: POST /session/bec8a573df020c8deb08d6f6d0268940/element/f.9C0DC89F5674B9B0DCF90D82E445BD45.d.6804566E07E647C7B6E3CDCF50D90A8D.e.3235/click - {}
RESULT: {}
COMMAND: GET /session/bec8a573df020c8deb08d6f6d0268940/screenshot - {}
RESULT: {}
]]></system-out>
    </testcase>
    <testcase classname="chrome.135_0_7049_42.windows.Sanity_Tests_US104253" name="Should open Site Overview page" time="35.089">
      <system-out><![CDATA[
COMMAND: POST /session/bec8a573df020c8deb08d6f6d0268940/execute/async - {"script":"<script> [1562 bytes]","args":[{"selector":{"controlType":"sap.m.GenericTile","properties":{"header":"Site Overview"}},"wdio_ui5_key":"sapm.GenericTile{\"header\":\"Site Overview\"}"}]}
RESULT: {"script":"<script> [1562 bytes]","args":[{"selector":{"controlType":"sap.m.GenericTile","properties":{"header":"Site Overview"}},"wdio_ui5_key":"sapm.GenericTile{\"header\":\"Site Overview\"}"}]}
RESULT: undefined
COMMAND: POST /session/bec8a573df020c8deb08d6f6d0268940/element - {"using":"xpath","value":"//*[@id=\"__tile100\"]"}
RESULT: {"using":"xpath","value":"//*[@id=\"__tile100\"]"}
COMMAND: POST /session/bec8a573df020c8deb08d6f6d0268940/element/f.9C0DC89F5674B9B0DCF90D82E445BD45.d.6804566E07E647C7B6E3CDCF50D90A8D.e.3297/click - {}
RESULT: {}
COMMAND: GET /session/bec8a573df020c8deb08d6f6d0268940/screenshot - {}
RESULT: {}
RESULT: undefined
COMMAND: POST /session/bec8a573df020c8deb08d6f6d0268940/element - {"using":"xpath","value":"//*[@id=\"__tile100\"]"}
RESULT: {"using":"xpath","value":"//*[@id=\"__tile100\"]"}
COMMAND: POST /session/bec8a573df020c8deb08d6f6d0268940/element/f.9C0DC89F5674B9B0DCF90D82E445BD45.d.6804566E07E647C7B6E3CDCF50D90A8D.e.3297/click - {}
RESULT: undefined
COMMAND: POST /session/bec8a573df020c8deb08d6f6d0268940/element - {"using":"xpath","value":"//*[@id=\"__tile100\"]"}
RESULT: {"using":"xpath","value":"//*[@id=\"__tile100\"]"}
COMMAND: POST /session/bec8a573df020c8deb08d6f6d0268940/element/f.9C0DC89F5674B9B0DCF90D82E445BD45.d.6804566E07E647C7B6E3CDCF50D90A8D.e.3297/click - {}
RESULT: undefined
COMMAND: POST /session/bec8a573df020c8deb08d6f6d0268940/execute/async - {"script":"<script> [6424 bytes]","args":[{"element-6066-11e4-a52e-4f735466cecf":"f.9C0DC89F5674B9B0DCF90D82E445BD45.d.6804566E07E647C7B6E3CDCF50D90A8D.e.290"},"getTitle",[]]}
COMMAND: POST /session/bec8a573df020c8deb08d6f6d0268940/execute/async - {"script":"<script> [1562 bytes]","args":[{"selector":{"id":"shellAppTitle"},"wdio_ui5_key":"shellAppTitle"}]}
RESULT: {"script":"<script> [1562 bytes]","args":[{"selector":{"id":"shellAppTitle"},"wdio_ui5_key":"shellAppTitle"}]}
COMMAND: POST /session/bec8a573df020c8deb08d6f6d0268940/execute/async - {"script":"<script> [6424 bytes]","args":[{"element-6066-11e4-a52e-4f735466cecf":"f.9C0DC89F5674B9B0DCF90D82E445BD45.d.6804566E07E647C7B6E3CDCF50D90A8D.e.3413"},"getTitle",[]]}
RESULT: {"script":"<script> [6424 bytes]","args":[{"element-6066-11e4-a52e-4f735466cecf":"f.9C0DC89F5674B9B0DCF90D82E445BD45.d.6804566E07E647C7B6E3CDCF50D90A8D.e.3413"},"getTitle",[]]}
RESULT: undefined
COMMAND: POST /session/bec8a573df020c8deb08d6f6d0268940/element/f.9C0DC89F5674B9B0DCF90D82E445BD45.d.6804566E07E647C7B6E3CDCF50D90A8D.e.3235/click - {}
COMMAND: POST /session/bec8a573df020c8deb08d6f6d0268940/element - {"using":"xpath","value":"//*[@id=\"backBtn\"]"}
RESULT: {"using":"xpath","value":"//*[@id=\"backBtn\"]"}
COMMAND: POST /session/bec8a573df020c8deb08d6f6d0268940/element/f.9C0DC89F5674B9B0DCF90D82E445BD45.d.6804566E07E647C7B6E3CDCF50D90A8D.e.3235/click - {}
COMMAND: POST /session/bec8a573df020c8deb08d6f6d0268940/element - {"using":"xpath","value":"//*[@id=\"backBtn\"]"}
RESULT: {"using":"xpath","value":"//*[@id=\"backBtn\"]"}
COMMAND: POST /session/bec8a573df020c8deb08d6f6d0268940/element/f.9C0DC89F5674B9B0DCF90D82E445BD45.d.6804566E07E647C7B6E3CDCF50D90A8D.e.3414/click - {}
RESULT: {}
COMMAND: GET /session/bec8a573df020c8deb08d6f6d0268940/screenshot - {}
RESULT: {}
]]></system-out>
    </testcase>
    <testcase classname="chrome.135_0_7049_42.windows.Sanity_Tests_US104253" name="Should open Trace Track Resources page" time="38.735">
      <system-out><![CDATA[
COMMAND: POST /session/bec8a573df020c8deb08d6f6d0268940/execute/async - {"script":"<script> [1562 bytes]","args":[{"selector":{"controlType":"sap.m.GenericTile","properties":{"header":"Trace & Track Resources"}},"wdio_ui5_key":"sapm.GenericTile{\"header\":\"Trace & Track Resources\"}"}]}
RESULT: {"script":"<script> [1562 bytes]","args":[{"selector":{"controlType":"sap.m.GenericTile","properties":{"header":"Trace & Track Resources"}},"wdio_ui5_key":"sapm.GenericTile{\"header\":\"Trace & Track Resources\"}"}]}
RESULT: undefined
COMMAND: POST /session/bec8a573df020c8deb08d6f6d0268940/element - {"using":"xpath","value":"//*[@id=\"__tile101\"]"}
RESULT: {"using":"xpath","value":"//*[@id=\"__tile101\"]"}
COMMAND: POST /session/bec8a573df020c8deb08d6f6d0268940/element/f.9C0DC89F5674B9B0DCF90D82E445BD45.d.6804566E07E647C7B6E3CDCF50D90A8D.e.3416/click - {}
RESULT: {}
COMMAND: GET /session/bec8a573df020c8deb08d6f6d0268940/screenshot - {}
RESULT: {}
RESULT: undefined
COMMAND: POST /session/bec8a573df020c8deb08d6f6d0268940/element - {"using":"xpath","value":"//*[@id=\"__tile101\"]"}
RESULT: {"using":"xpath","value":"//*[@id=\"__tile101\"]"}
COMMAND: POST /session/bec8a573df020c8deb08d6f6d0268940/element/f.9C0DC89F5674B9B0DCF90D82E445BD45.d.6804566E07E647C7B6E3CDCF50D90A8D.e.3416/click - {}
RESULT: undefined
COMMAND: POST /session/bec8a573df020c8deb08d6f6d0268940/element - {"using":"xpath","value":"//*[@id=\"__tile101\"]"}
RESULT: {"using":"xpath","value":"//*[@id=\"__tile101\"]"}
COMMAND: POST /session/bec8a573df020c8deb08d6f6d0268940/element/f.9C0DC89F5674B9B0DCF90D82E445BD45.d.6804566E07E647C7B6E3CDCF50D90A8D.e.3416/click - {}
RESULT: undefined
COMMAND: POST /session/bec8a573df020c8deb08d6f6d0268940/execute/async - {"script":"<script> [6424 bytes]","args":[{"element-6066-11e4-a52e-4f735466cecf":"f.9C0DC89F5674B9B0DCF90D82E445BD45.d.6804566E07E647C7B6E3CDCF50D90A8D.e.290"},"getTitle",[]]}
COMMAND: POST /session/bec8a573df020c8deb08d6f6d0268940/execute/async - {"script":"<script> [1562 bytes]","args":[{"selector":{"id":"shellAppTitle"},"wdio_ui5_key":"shellAppTitle"}]}
RESULT: {"script":"<script> [1562 bytes]","args":[{"selector":{"id":"shellAppTitle"},"wdio_ui5_key":"shellAppTitle"}]}
COMMAND: POST /session/bec8a573df020c8deb08d6f6d0268940/execute/async - {"script":"<script> [6424 bytes]","args":[{"element-6066-11e4-a52e-4f735466cecf":"f.9C0DC89F5674B9B0DCF90D82E445BD45.d.6804566E07E647C7B6E3CDCF50D90A8D.e.3452"},"getTitle",[]]}
RESULT: {"script":"<script> [6424 bytes]","args":[{"element-6066-11e4-a52e-4f735466cecf":"f.9C0DC89F5674B9B0DCF90D82E445BD45.d.6804566E07E647C7B6E3CDCF50D90A8D.e.3452"},"getTitle",[]]}
RESULT: undefined
COMMAND: POST /session/bec8a573df020c8deb08d6f6d0268940/element/f.9C0DC89F5674B9B0DCF90D82E445BD45.d.6804566E07E647C7B6E3CDCF50D90A8D.e.3414/click - {}
RESULT: {}
COMMAND: GET /session/bec8a573df020c8deb08d6f6d0268940/screenshot - {}
RESULT: {}
]]></system-out>
    </testcase>
    <testcase classname="chrome.135_0_7049_42.windows.Sanity_Tests_US104253" name="Should open RU Inventory List page" time="45.933">
      <system-out><![CDATA[
COMMAND: POST /session/bec8a573df020c8deb08d6f6d0268940/execute/async - {"script":"<script> [1562 bytes]","args":[{"selector":{"controlType":"sap.m.GenericTile","properties":{"header":"RU Inventory List"}},"wdio_ui5_key":"sapm.GenericTile{\"header\":\"RU Inventory List\"}"}]}
RESULT: {"script":"<script> [1562 bytes]","args":[{"selector":{"controlType":"sap.m.GenericTile","properties":{"header":"RU Inventory List"}},"wdio_ui5_key":"sapm.GenericTile{\"header\":\"RU Inventory List\"}"}]}
RESULT: undefined
COMMAND: POST /session/bec8a573df020c8deb08d6f6d0268940/element - {"using":"xpath","value":"//*[@id=\"__tile99\"]"}
RESULT: {"using":"xpath","value":"//*[@id=\"__tile99\"]"}
COMMAND: POST /session/bec8a573df020c8deb08d6f6d0268940/element/f.9C0DC89F5674B9B0DCF90D82E445BD45.d.6804566E07E647C7B6E3CDCF50D90A8D.e.3454/click - {}
RESULT: {}
COMMAND: GET /session/bec8a573df020c8deb08d6f6d0268940/screenshot - {}
RESULT: {}
RESULT: undefined
COMMAND: POST /session/bec8a573df020c8deb08d6f6d0268940/element - {"using":"xpath","value":"//*[@id=\"__tile99\"]"}
RESULT: {"using":"xpath","value":"//*[@id=\"__tile99\"]"}
COMMAND: POST /session/bec8a573df020c8deb08d6f6d0268940/element/f.9C0DC89F5674B9B0DCF90D82E445BD45.d.6804566E07E647C7B6E3CDCF50D90A8D.e.3454/click - {}
RESULT: undefined
COMMAND: POST /session/bec8a573df020c8deb08d6f6d0268940/element - {"using":"xpath","value":"//*[@id=\"__tile99\"]"}
RESULT: {"using":"xpath","value":"//*[@id=\"__tile99\"]"}
COMMAND: POST /session/bec8a573df020c8deb08d6f6d0268940/element/f.9C0DC89F5674B9B0DCF90D82E445BD45.d.6804566E07E647C7B6E3CDCF50D90A8D.e.3454/click - {}
RESULT: undefined
COMMAND: POST /session/bec8a573df020c8deb08d6f6d0268940/execute/async - {"script":"<script> [6424 bytes]","args":[{"element-6066-11e4-a52e-4f735466cecf":"f.9C0DC89F5674B9B0DCF90D82E445BD45.d.6804566E07E647C7B6E3CDCF50D90A8D.e.290"},"getTitle",[]]}
COMMAND: POST /session/bec8a573df020c8deb08d6f6d0268940/execute/async - {"script":"<script> [1562 bytes]","args":[{"selector":{"id":"shellAppTitle"},"wdio_ui5_key":"shellAppTitle"}]}
RESULT: {"script":"<script> [1562 bytes]","args":[{"selector":{"id":"shellAppTitle"},"wdio_ui5_key":"shellAppTitle"}]}
COMMAND: POST /session/bec8a573df020c8deb08d6f6d0268940/execute/async - {"script":"<script> [6424 bytes]","args":[{"element-6066-11e4-a52e-4f735466cecf":"f.9C0DC89F5674B9B0DCF90D82E445BD45.d.6804566E07E647C7B6E3CDCF50D90A8D.e.3645"},"getTitle",[]]}
RESULT: {"script":"<script> [6424 bytes]","args":[{"element-6066-11e4-a52e-4f735466cecf":"f.9C0DC89F5674B9B0DCF90D82E445BD45.d.6804566E07E647C7B6E3CDCF50D90A8D.e.3645"},"getTitle",[]]}
RESULT: undefined
COMMAND: POST /session/bec8a573df020c8deb08d6f6d0268940/element/f.9C0DC89F5674B9B0DCF90D82E445BD45.d.6804566E07E647C7B6E3CDCF50D90A8D.e.3414/click - {}
COMMAND: POST /session/bec8a573df020c8deb08d6f6d0268940/element - {"using":"xpath","value":"//*[@id=\"backBtn\"]"}
RESULT: {"using":"xpath","value":"//*[@id=\"backBtn\"]"}
COMMAND: POST /session/bec8a573df020c8deb08d6f6d0268940/element/f.9C0DC89F5674B9B0DCF90D82E445BD45.d.6804566E07E647C7B6E3CDCF50D90A8D.e.3414/click - {}
COMMAND: POST /session/bec8a573df020c8deb08d6f6d0268940/element - {"using":"xpath","value":"//*[@id=\"backBtn\"]"}
RESULT: {"using":"xpath","value":"//*[@id=\"backBtn\"]"}
COMMAND: POST /session/bec8a573df020c8deb08d6f6d0268940/element/f.9C0DC89F5674B9B0DCF90D82E445BD45.d.6804566E07E647C7B6E3CDCF50D90A8D.e.3646/click - {}
RESULT: {}
COMMAND: GET /session/bec8a573df020c8deb08d6f6d0268940/screenshot - {}
RESULT: {}
]]></system-out>
    </testcase>
    <testcase classname="chrome.135_0_7049_42.windows.Sanity_Tests_US104253" name="Should open Contracts Dashboard page" time="42.721">
      <system-out><![CDATA[
COMMAND: POST /session/bec8a573df020c8deb08d6f6d0268940/execute/async - {"script":"<script> [1562 bytes]","args":[{"selector":{"controlType":"sap.m.GenericTile","properties":{"header":"Contracts Dashboard"}},"wdio_ui5_key":"sapm.GenericTile{\"header\":\"Contracts Dashboard\"}"}]}
RESULT: {"script":"<script> [1562 bytes]","args":[{"selector":{"controlType":"sap.m.GenericTile","properties":{"header":"Contracts Dashboard"}},"wdio_ui5_key":"sapm.GenericTile{\"header\":\"Contracts Dashboard\"}"}]}
RESULT: undefined
COMMAND: POST /session/bec8a573df020c8deb08d6f6d0268940/element - {"using":"xpath","value":"//*[@id=\"__tile97\"]"}
RESULT: {"using":"xpath","value":"//*[@id=\"__tile97\"]"}
COMMAND: POST /session/bec8a573df020c8deb08d6f6d0268940/element/f.9C0DC89F5674B9B0DCF90D82E445BD45.d.6804566E07E647C7B6E3CDCF50D90A8D.e.3648/click - {}
RESULT: {}
COMMAND: GET /session/bec8a573df020c8deb08d6f6d0268940/screenshot - {}
RESULT: {}
RESULT: undefined
COMMAND: POST /session/bec8a573df020c8deb08d6f6d0268940/element - {"using":"xpath","value":"//*[@id=\"__tile97\"]"}
RESULT: {"using":"xpath","value":"//*[@id=\"__tile97\"]"}
COMMAND: POST /session/bec8a573df020c8deb08d6f6d0268940/element/f.9C0DC89F5674B9B0DCF90D82E445BD45.d.6804566E07E647C7B6E3CDCF50D90A8D.e.3648/click - {}
RESULT: undefined
COMMAND: POST /session/bec8a573df020c8deb08d6f6d0268940/element - {"using":"xpath","value":"//*[@id=\"__tile97\"]"}
RESULT: {"using":"xpath","value":"//*[@id=\"__tile97\"]"}
COMMAND: POST /session/bec8a573df020c8deb08d6f6d0268940/element/f.9C0DC89F5674B9B0DCF90D82E445BD45.d.6804566E07E647C7B6E3CDCF50D90A8D.e.3648/click - {}
RESULT: undefined
COMMAND: POST /session/bec8a573df020c8deb08d6f6d0268940/execute/async - {"script":"<script> [6424 bytes]","args":[{"element-6066-11e4-a52e-4f735466cecf":"f.9C0DC89F5674B9B0DCF90D82E445BD45.d.6804566E07E647C7B6E3CDCF50D90A8D.e.290"},"getTitle",[]]}
COMMAND: POST /session/bec8a573df020c8deb08d6f6d0268940/execute/async - {"script":"<script> [1562 bytes]","args":[{"selector":{"id":"shellAppTitle"},"wdio_ui5_key":"shellAppTitle"}]}
RESULT: {"script":"<script> [1562 bytes]","args":[{"selector":{"id":"shellAppTitle"},"wdio_ui5_key":"shellAppTitle"}]}
COMMAND: POST /session/bec8a573df020c8deb08d6f6d0268940/execute/async - {"script":"<script> [6424 bytes]","args":[{"element-6066-11e4-a52e-4f735466cecf":"f.9C0DC89F5674B9B0DCF90D82E445BD45.d.6804566E07E647C7B6E3CDCF50D90A8D.e.3671"},"getTitle",[]]}
RESULT: {"script":"<script> [6424 bytes]","args":[{"element-6066-11e4-a52e-4f735466cecf":"f.9C0DC89F5674B9B0DCF90D82E445BD45.d.6804566E07E647C7B6E3CDCF50D90A8D.e.3671"},"getTitle",[]]}
RESULT: undefined
COMMAND: POST /session/bec8a573df020c8deb08d6f6d0268940/element/f.9C0DC89F5674B9B0DCF90D82E445BD45.d.6804566E07E647C7B6E3CDCF50D90A8D.e.3646/click - {}
RESULT: {}
COMMAND: GET /session/bec8a573df020c8deb08d6f6d0268940/screenshot - {}
RESULT: {}
]]></system-out>
    </testcase>
    <testcase classname="chrome.135_0_7049_42.windows.Sanity_Tests_US104253" name="Should open Bin Status Report page" time="38.39">
      <system-out><![CDATA[
COMMAND: POST /session/bec8a573df020c8deb08d6f6d0268940/execute/async - {"script":"<script> [1562 bytes]","args":[{"selector":{"controlType":"sap.m.GenericTile","properties":{"header":"Bin Status Report"}},"wdio_ui5_key":"sapm.GenericTile{\"header\":\"Bin Status Report\"}"}]}
RESULT: {"script":"<script> [1562 bytes]","args":[{"selector":{"controlType":"sap.m.GenericTile","properties":{"header":"Bin Status Report"}},"wdio_ui5_key":"sapm.GenericTile{\"header\":\"Bin Status Report\"}"}]}
RESULT: undefined
COMMAND: POST /session/bec8a573df020c8deb08d6f6d0268940/element - {"using":"xpath","value":"//*[@id=\"__tile104\"]"}
RESULT: {"using":"xpath","value":"//*[@id=\"__tile104\"]"}
COMMAND: POST /session/bec8a573df020c8deb08d6f6d0268940/element/f.9C0DC89F5674B9B0DCF90D82E445BD45.d.6804566E07E647C7B6E3CDCF50D90A8D.e.3673/click - {}
RESULT: {}
COMMAND: GET /session/bec8a573df020c8deb08d6f6d0268940/screenshot - {}
RESULT: {}
RESULT: undefined
COMMAND: POST /session/bec8a573df020c8deb08d6f6d0268940/element - {"using":"xpath","value":"//*[@id=\"__tile104\"]"}
RESULT: {"using":"xpath","value":"//*[@id=\"__tile104\"]"}
COMMAND: POST /session/bec8a573df020c8deb08d6f6d0268940/element/f.9C0DC89F5674B9B0DCF90D82E445BD45.d.6804566E07E647C7B6E3CDCF50D90A8D.e.3673/click - {}
RESULT: undefined
COMMAND: POST /session/bec8a573df020c8deb08d6f6d0268940/element - {"using":"xpath","value":"//*[@id=\"__tile104\"]"}
RESULT: {"using":"xpath","value":"//*[@id=\"__tile104\"]"}
COMMAND: POST /session/bec8a573df020c8deb08d6f6d0268940/element/f.9C0DC89F5674B9B0DCF90D82E445BD45.d.6804566E07E647C7B6E3CDCF50D90A8D.e.3673/click - {}
RESULT: undefined
COMMAND: POST /session/bec8a573df020c8deb08d6f6d0268940/execute/async - {"script":"<script> [6424 bytes]","args":[{"element-6066-11e4-a52e-4f735466cecf":"f.9C0DC89F5674B9B0DCF90D82E445BD45.d.6804566E07E647C7B6E3CDCF50D90A8D.e.290"},"getTitle",[]]}
COMMAND: POST /session/bec8a573df020c8deb08d6f6d0268940/execute/async - {"script":"<script> [1562 bytes]","args":[{"selector":{"id":"shellAppTitle"},"wdio_ui5_key":"shellAppTitle"}]}
RESULT: {"script":"<script> [1562 bytes]","args":[{"selector":{"id":"shellAppTitle"},"wdio_ui5_key":"shellAppTitle"}]}
COMMAND: POST /session/bec8a573df020c8deb08d6f6d0268940/execute/async - {"script":"<script> [6424 bytes]","args":[{"element-6066-11e4-a52e-4f735466cecf":"f.9C0DC89F5674B9B0DCF90D82E445BD45.d.6804566E07E647C7B6E3CDCF50D90A8D.e.4008"},"getTitle",[]]}
RESULT: {"script":"<script> [6424 bytes]","args":[{"element-6066-11e4-a52e-4f735466cecf":"f.9C0DC89F5674B9B0DCF90D82E445BD45.d.6804566E07E647C7B6E3CDCF50D90A8D.e.4008"},"getTitle",[]]}
RESULT: undefined
COMMAND: POST /session/bec8a573df020c8deb08d6f6d0268940/element/f.9C0DC89F5674B9B0DCF90D82E445BD45.d.6804566E07E647C7B6E3CDCF50D90A8D.e.3646/click - {}
COMMAND: POST /session/bec8a573df020c8deb08d6f6d0268940/element - {"using":"xpath","value":"//*[@id=\"backBtn\"]"}
RESULT: {"using":"xpath","value":"//*[@id=\"backBtn\"]"}
COMMAND: POST /session/bec8a573df020c8deb08d6f6d0268940/element/f.9C0DC89F5674B9B0DCF90D82E445BD45.d.6804566E07E647C7B6E3CDCF50D90A8D.e.3646/click - {}
COMMAND: POST /session/bec8a573df020c8deb08d6f6d0268940/element - {"using":"xpath","value":"//*[@id=\"backBtn\"]"}
RESULT: {"using":"xpath","value":"//*[@id=\"backBtn\"]"}
COMMAND: POST /session/bec8a573df020c8deb08d6f6d0268940/element/f.9C0DC89F5674B9B0DCF90D82E445BD45.d.6804566E07E647C7B6E3CDCF50D90A8D.e.4009/click - {}
RESULT: {}
COMMAND: GET /session/bec8a573df020c8deb08d6f6d0268940/screenshot - {}
RESULT: {}
]]></system-out>
    </testcase>
    <testcase classname="chrome.135_0_7049_42.windows.Sanity_Tests_US104253" name="Should open Manage Warehouse Movements page" time="35.655">
      <system-out><![CDATA[
COMMAND: POST /session/bec8a573df020c8deb08d6f6d0268940/execute/async - {"script":"<script> [1562 bytes]","args":[{"selector":{"controlType":"sap.m.GenericTile","properties":{"header":"Manage Warehouse Movements"}},"wdio_ui5_key":"sapm.GenericTile{\"header\":\"Manage Warehouse Movements\"}"}]}
RESULT: {"script":"<script> [1562 bytes]","args":[{"selector":{"controlType":"sap.m.GenericTile","properties":{"header":"Manage Warehouse Movements"}},"wdio_ui5_key":"sapm.GenericTile{\"header\":\"Manage Warehouse Movements\"}"}]}
RESULT: undefined
COMMAND: POST /session/bec8a573df020c8deb08d6f6d0268940/element - {"using":"xpath","value":"//*[@id=\"__tile105\"]"}
RESULT: {"using":"xpath","value":"//*[@id=\"__tile105\"]"}
COMMAND: POST /session/bec8a573df020c8deb08d6f6d0268940/element/f.9C0DC89F5674B9B0DCF90D82E445BD45.d.6804566E07E647C7B6E3CDCF50D90A8D.e.4013/click - {}
RESULT: {}
COMMAND: GET /session/bec8a573df020c8deb08d6f6d0268940/screenshot - {}
RESULT: {}
RESULT: undefined
COMMAND: POST /session/bec8a573df020c8deb08d6f6d0268940/element - {"using":"xpath","value":"//*[@id=\"__tile105\"]"}
RESULT: {"using":"xpath","value":"//*[@id=\"__tile105\"]"}
COMMAND: POST /session/bec8a573df020c8deb08d6f6d0268940/element/f.9C0DC89F5674B9B0DCF90D82E445BD45.d.6804566E07E647C7B6E3CDCF50D90A8D.e.4013/click - {}
RESULT: undefined
COMMAND: POST /session/bec8a573df020c8deb08d6f6d0268940/element - {"using":"xpath","value":"//*[@id=\"__tile105\"]"}
RESULT: {"using":"xpath","value":"//*[@id=\"__tile105\"]"}
COMMAND: POST /session/bec8a573df020c8deb08d6f6d0268940/element/f.9C0DC89F5674B9B0DCF90D82E445BD45.d.6804566E07E647C7B6E3CDCF50D90A8D.e.4013/click - {}
RESULT: undefined
COMMAND: POST /session/bec8a573df020c8deb08d6f6d0268940/execute/async - {"script":"<script> [6424 bytes]","args":[{"element-6066-11e4-a52e-4f735466cecf":"f.9C0DC89F5674B9B0DCF90D82E445BD45.d.6804566E07E647C7B6E3CDCF50D90A8D.e.290"},"getTitle",[]]}
COMMAND: POST /session/bec8a573df020c8deb08d6f6d0268940/execute/async - {"script":"<script> [1562 bytes]","args":[{"selector":{"id":"shellAppTitle"},"wdio_ui5_key":"shellAppTitle"}]}
RESULT: {"script":"<script> [1562 bytes]","args":[{"selector":{"id":"shellAppTitle"},"wdio_ui5_key":"shellAppTitle"}]}
COMMAND: POST /session/bec8a573df020c8deb08d6f6d0268940/execute/async - {"script":"<script> [6424 bytes]","args":[{"element-6066-11e4-a52e-4f735466cecf":"f.9C0DC89F5674B9B0DCF90D82E445BD45.d.6804566E07E647C7B6E3CDCF50D90A8D.e.4095"},"getTitle",[]]}
RESULT: {"script":"<script> [6424 bytes]","args":[{"element-6066-11e4-a52e-4f735466cecf":"f.9C0DC89F5674B9B0DCF90D82E445BD45.d.6804566E07E647C7B6E3CDCF50D90A8D.e.4095"},"getTitle",[]]}
RESULT: undefined
COMMAND: POST /session/bec8a573df020c8deb08d6f6d0268940/element/f.9C0DC89F5674B9B0DCF90D82E445BD45.d.6804566E07E647C7B6E3CDCF50D90A8D.e.4009/click - {}
RESULT: {}
COMMAND: GET /session/bec8a573df020c8deb08d6f6d0268940/screenshot - {}
RESULT: {}
]]></system-out>
    </testcase>
    <testcase classname="chrome.135_0_7049_42.windows.Sanity_Tests_US104253" name="Should open Bin Inventory List page" time="38.834">
      <system-out><![CDATA[
COMMAND: POST /session/bec8a573df020c8deb08d6f6d0268940/execute/async - {"script":"<script> [1562 bytes]","args":[{"selector":{"controlType":"sap.m.GenericTile","properties":{"header":"Bin Inventory List"}},"wdio_ui5_key":"sapm.GenericTile{\"header\":\"Bin Inventory List\"}"}]}
RESULT: {"script":"<script> [1562 bytes]","args":[{"selector":{"controlType":"sap.m.GenericTile","properties":{"header":"Bin Inventory List"}},"wdio_ui5_key":"sapm.GenericTile{\"header\":\"Bin Inventory List\"}"}]}
RESULT: undefined
COMMAND: POST /session/bec8a573df020c8deb08d6f6d0268940/element - {"using":"xpath","value":"//*[@id=\"__tile103\"]"}
RESULT: {"using":"xpath","value":"//*[@id=\"__tile103\"]"}
COMMAND: POST /session/bec8a573df020c8deb08d6f6d0268940/element/f.9C0DC89F5674B9B0DCF90D82E445BD45.d.6804566E07E647C7B6E3CDCF50D90A8D.e.4097/click - {}
RESULT: {}
COMMAND: GET /session/bec8a573df020c8deb08d6f6d0268940/screenshot - {}
RESULT: {}
RESULT: undefined
COMMAND: POST /session/bec8a573df020c8deb08d6f6d0268940/element - {"using":"xpath","value":"//*[@id=\"__tile103\"]"}
RESULT: {"using":"xpath","value":"//*[@id=\"__tile103\"]"}
COMMAND: POST /session/bec8a573df020c8deb08d6f6d0268940/element/f.9C0DC89F5674B9B0DCF90D82E445BD45.d.6804566E07E647C7B6E3CDCF50D90A8D.e.4097/click - {}
RESULT: undefined
COMMAND: POST /session/bec8a573df020c8deb08d6f6d0268940/element - {"using":"xpath","value":"//*[@id=\"__tile103\"]"}
RESULT: {"using":"xpath","value":"//*[@id=\"__tile103\"]"}
COMMAND: POST /session/bec8a573df020c8deb08d6f6d0268940/element/f.9C0DC89F5674B9B0DCF90D82E445BD45.d.6804566E07E647C7B6E3CDCF50D90A8D.e.4097/click - {}
RESULT: undefined
COMMAND: POST /session/bec8a573df020c8deb08d6f6d0268940/execute/async - {"script":"<script> [6424 bytes]","args":[{"element-6066-11e4-a52e-4f735466cecf":"f.9C0DC89F5674B9B0DCF90D82E445BD45.d.6804566E07E647C7B6E3CDCF50D90A8D.e.290"},"getTitle",[]]}
COMMAND: POST /session/bec8a573df020c8deb08d6f6d0268940/execute/async - {"script":"<script> [1562 bytes]","args":[{"selector":{"id":"shellAppTitle"},"wdio_ui5_key":"shellAppTitle"}]}
RESULT: {"script":"<script> [1562 bytes]","args":[{"selector":{"id":"shellAppTitle"},"wdio_ui5_key":"shellAppTitle"}]}
COMMAND: POST /session/bec8a573df020c8deb08d6f6d0268940/execute/async - {"script":"<script> [6424 bytes]","args":[{"element-6066-11e4-a52e-4f735466cecf":"f.9C0DC89F5674B9B0DCF90D82E445BD45.d.6804566E07E647C7B6E3CDCF50D90A8D.e.4186"},"getTitle",[]]}
RESULT: {"script":"<script> [6424 bytes]","args":[{"element-6066-11e4-a52e-4f735466cecf":"f.9C0DC89F5674B9B0DCF90D82E445BD45.d.6804566E07E647C7B6E3CDCF50D90A8D.e.4186"},"getTitle",[]]}
RESULT: undefined
COMMAND: POST /session/bec8a573df020c8deb08d6f6d0268940/element/f.9C0DC89F5674B9B0DCF90D82E445BD45.d.6804566E07E647C7B6E3CDCF50D90A8D.e.4009/click - {}
COMMAND: POST /session/bec8a573df020c8deb08d6f6d0268940/element - {"using":"xpath","value":"//*[@id=\"backBtn\"]"}
RESULT: {"using":"xpath","value":"//*[@id=\"backBtn\"]"}
COMMAND: POST /session/bec8a573df020c8deb08d6f6d0268940/element/f.9C0DC89F5674B9B0DCF90D82E445BD45.d.6804566E07E647C7B6E3CDCF50D90A8D.e.4009/click - {}
COMMAND: POST /session/bec8a573df020c8deb08d6f6d0268940/element - {"using":"xpath","value":"//*[@id=\"backBtn\"]"}
RESULT: {"using":"xpath","value":"//*[@id=\"backBtn\"]"}
COMMAND: POST /session/bec8a573df020c8deb08d6f6d0268940/element/f.9C0DC89F5674B9B0DCF90D82E445BD45.d.6804566E07E647C7B6E3CDCF50D90A8D.e.4187/click - {}
RESULT: {}
COMMAND: GET /session/bec8a573df020c8deb08d6f6d0268940/screenshot - {}
RESULT: {}
]]></system-out>
    </testcase>
    <testcase classname="chrome.135_0_7049_42.windows.Sanity_Tests_US104253" name="Should open ISC Templates page" time="33.396">
      <system-out><![CDATA[
COMMAND: POST /session/bec8a573df020c8deb08d6f6d0268940/execute/async - {"script":"<script> [1562 bytes]","args":[{"selector":{"controlType":"sap.m.GenericTile","properties":{"header":"ISC Templates"}},"wdio_ui5_key":"sapm.GenericTile{\"header\":\"ISC Templates\"}"}]}
RESULT: {"script":"<script> [1562 bytes]","args":[{"selector":{"controlType":"sap.m.GenericTile","properties":{"header":"ISC Templates"}},"wdio_ui5_key":"sapm.GenericTile{\"header\":\"ISC Templates\"}"}]}
RESULT: undefined
COMMAND: POST /session/bec8a573df020c8deb08d6f6d0268940/element - {"using":"xpath","value":"//*[@id=\"__tile111\"]"}
RESULT: {"using":"xpath","value":"//*[@id=\"__tile111\"]"}
COMMAND: POST /session/bec8a573df020c8deb08d6f6d0268940/element/f.9C0DC89F5674B9B0DCF90D82E445BD45.d.6804566E07E647C7B6E3CDCF50D90A8D.e.4189/click - {}
RESULT: {}
COMMAND: GET /session/bec8a573df020c8deb08d6f6d0268940/screenshot - {}
RESULT: {}
RESULT: undefined
COMMAND: POST /session/bec8a573df020c8deb08d6f6d0268940/element - {"using":"xpath","value":"//*[@id=\"__tile111\"]"}
RESULT: {"using":"xpath","value":"//*[@id=\"__tile111\"]"}
COMMAND: POST /session/bec8a573df020c8deb08d6f6d0268940/element/f.9C0DC89F5674B9B0DCF90D82E445BD45.d.6804566E07E647C7B6E3CDCF50D90A8D.e.4189/click - {}
RESULT: undefined
COMMAND: POST /session/bec8a573df020c8deb08d6f6d0268940/element - {"using":"xpath","value":"//*[@id=\"__tile111\"]"}
RESULT: {"using":"xpath","value":"//*[@id=\"__tile111\"]"}
COMMAND: POST /session/bec8a573df020c8deb08d6f6d0268940/element/f.9C0DC89F5674B9B0DCF90D82E445BD45.d.6804566E07E647C7B6E3CDCF50D90A8D.e.4189/click - {}
RESULT: undefined
COMMAND: POST /session/bec8a573df020c8deb08d6f6d0268940/execute/async - {"script":"<script> [6424 bytes]","args":[{"element-6066-11e4-a52e-4f735466cecf":"f.9C0DC89F5674B9B0DCF90D82E445BD45.d.6804566E07E647C7B6E3CDCF50D90A8D.e.290"},"getTitle",[]]}
COMMAND: POST /session/bec8a573df020c8deb08d6f6d0268940/execute/async - {"script":"<script> [1562 bytes]","args":[{"selector":{"id":"shellAppTitle"},"wdio_ui5_key":"shellAppTitle"}]}
RESULT: {"script":"<script> [1562 bytes]","args":[{"selector":{"id":"shellAppTitle"},"wdio_ui5_key":"shellAppTitle"}]}
COMMAND: POST /session/bec8a573df020c8deb08d6f6d0268940/execute/async - {"script":"<script> [6424 bytes]","args":[{"element-6066-11e4-a52e-4f735466cecf":"f.9C0DC89F5674B9B0DCF90D82E445BD45.d.6804566E07E647C7B6E3CDCF50D90A8D.e.4257"},"getTitle",[]]}
RESULT: {"script":"<script> [6424 bytes]","args":[{"element-6066-11e4-a52e-4f735466cecf":"f.9C0DC89F5674B9B0DCF90D82E445BD45.d.6804566E07E647C7B6E3CDCF50D90A8D.e.4257"},"getTitle",[]]}
RESULT: undefined
COMMAND: POST /session/bec8a573df020c8deb08d6f6d0268940/element/f.9C0DC89F5674B9B0DCF90D82E445BD45.d.6804566E07E647C7B6E3CDCF50D90A8D.e.4187/click - {}
RESULT: {}
COMMAND: GET /session/bec8a573df020c8deb08d6f6d0268940/screenshot - {}
RESULT: {}
]]></system-out>
    </testcase>
    <testcase classname="chrome.135_0_7049_42.windows.Sanity_Tests_US104253" name="Should open ISC Schedules page" time="36.535">
      <system-out><![CDATA[
COMMAND: POST /session/bec8a573df020c8deb08d6f6d0268940/execute/async - {"script":"<script> [1562 bytes]","args":[{"selector":{"controlType":"sap.m.GenericTile","properties":{"header":"ISC Schedules"}},"wdio_ui5_key":"sapm.GenericTile{\"header\":\"ISC Schedules\"}"}]}
RESULT: {"script":"<script> [1562 bytes]","args":[{"selector":{"controlType":"sap.m.GenericTile","properties":{"header":"ISC Schedules"}},"wdio_ui5_key":"sapm.GenericTile{\"header\":\"ISC Schedules\"}"}]}
RESULT: undefined
COMMAND: POST /session/bec8a573df020c8deb08d6f6d0268940/element - {"using":"xpath","value":"//*[@id=\"__tile109\"]"}
RESULT: {"using":"xpath","value":"//*[@id=\"__tile109\"]"}
COMMAND: POST /session/bec8a573df020c8deb08d6f6d0268940/element/f.9C0DC89F5674B9B0DCF90D82E445BD45.d.6804566E07E647C7B6E3CDCF50D90A8D.e.4260/click - {}
RESULT: {}
COMMAND: GET /session/bec8a573df020c8deb08d6f6d0268940/screenshot - {}
RESULT: {}
RESULT: undefined
COMMAND: POST /session/bec8a573df020c8deb08d6f6d0268940/element - {"using":"xpath","value":"//*[@id=\"__tile109\"]"}
RESULT: {"using":"xpath","value":"//*[@id=\"__tile109\"]"}
COMMAND: POST /session/bec8a573df020c8deb08d6f6d0268940/element/f.9C0DC89F5674B9B0DCF90D82E445BD45.d.6804566E07E647C7B6E3CDCF50D90A8D.e.4260/click - {}
RESULT: undefined
COMMAND: POST /session/bec8a573df020c8deb08d6f6d0268940/element - {"using":"xpath","value":"//*[@id=\"__tile109\"]"}
RESULT: {"using":"xpath","value":"//*[@id=\"__tile109\"]"}
COMMAND: POST /session/bec8a573df020c8deb08d6f6d0268940/element/f.9C0DC89F5674B9B0DCF90D82E445BD45.d.6804566E07E647C7B6E3CDCF50D90A8D.e.4260/click - {}
RESULT: undefined
COMMAND: POST /session/bec8a573df020c8deb08d6f6d0268940/execute/async - {"script":"<script> [6424 bytes]","args":[{"element-6066-11e4-a52e-4f735466cecf":"f.9C0DC89F5674B9B0DCF90D82E445BD45.d.6804566E07E647C7B6E3CDCF50D90A8D.e.290"},"getTitle",[]]}
COMMAND: POST /session/bec8a573df020c8deb08d6f6d0268940/execute/async - {"script":"<script> [1562 bytes]","args":[{"selector":{"id":"shellAppTitle"},"wdio_ui5_key":"shellAppTitle"}]}
RESULT: {"script":"<script> [1562 bytes]","args":[{"selector":{"id":"shellAppTitle"},"wdio_ui5_key":"shellAppTitle"}]}
COMMAND: POST /session/bec8a573df020c8deb08d6f6d0268940/execute/async - {"script":"<script> [6424 bytes]","args":[{"element-6066-11e4-a52e-4f735466cecf":"f.9C0DC89F5674B9B0DCF90D82E445BD45.d.6804566E07E647C7B6E3CDCF50D90A8D.e.4338"},"getTitle",[]]}
RESULT: {"script":"<script> [6424 bytes]","args":[{"element-6066-11e4-a52e-4f735466cecf":"f.9C0DC89F5674B9B0DCF90D82E445BD45.d.6804566E07E647C7B6E3CDCF50D90A8D.e.4338"},"getTitle",[]]}
RESULT: undefined
COMMAND: POST /session/bec8a573df020c8deb08d6f6d0268940/element/f.9C0DC89F5674B9B0DCF90D82E445BD45.d.6804566E07E647C7B6E3CDCF50D90A8D.e.4187/click - {}
COMMAND: POST /session/bec8a573df020c8deb08d6f6d0268940/element - {"using":"xpath","value":"//*[@id=\"backBtn\"]"}
RESULT: {"using":"xpath","value":"//*[@id=\"backBtn\"]"}
COMMAND: POST /session/bec8a573df020c8deb08d6f6d0268940/element/f.9C0DC89F5674B9B0DCF90D82E445BD45.d.6804566E07E647C7B6E3CDCF50D90A8D.e.4187/click - {}
COMMAND: POST /session/bec8a573df020c8deb08d6f6d0268940/element - {"using":"xpath","value":"//*[@id=\"backBtn\"]"}
RESULT: {"using":"xpath","value":"//*[@id=\"backBtn\"]"}
COMMAND: POST /session/bec8a573df020c8deb08d6f6d0268940/element/f.9C0DC89F5674B9B0DCF90D82E445BD45.d.6804566E07E647C7B6E3CDCF50D90A8D.e.4339/click - {}
RESULT: {}
COMMAND: GET /session/bec8a573df020c8deb08d6f6d0268940/screenshot - {}
RESULT: {}
]]></system-out>
    </testcase>
    <testcase classname="chrome.135_0_7049_42.windows.Sanity_Tests_US104253" name="Should open ISC Dashboard page" time="36.915">
      <system-out><![CDATA[
COMMAND: POST /session/bec8a573df020c8deb08d6f6d0268940/execute/async - {"script":"<script> [1562 bytes]","args":[{"selector":{"controlType":"sap.m.GenericTile","properties":{"header":"ISC Dashboard"}},"wdio_ui5_key":"sapm.GenericTile{\"header\":\"ISC Dashboard\"}"}]}
RESULT: {"script":"<script> [1562 bytes]","args":[{"selector":{"controlType":"sap.m.GenericTile","properties":{"header":"ISC Dashboard"}},"wdio_ui5_key":"sapm.GenericTile{\"header\":\"ISC Dashboard\"}"}]}
RESULT: undefined
COMMAND: POST /session/bec8a573df020c8deb08d6f6d0268940/element - {"using":"xpath","value":"//*[@id=\"__tile106\"]"}
RESULT: {"using":"xpath","value":"//*[@id=\"__tile106\"]"}
COMMAND: POST /session/bec8a573df020c8deb08d6f6d0268940/element/f.9C0DC89F5674B9B0DCF90D82E445BD45.d.6804566E07E647C7B6E3CDCF50D90A8D.e.4341/click - {}
RESULT: {}
COMMAND: GET /session/bec8a573df020c8deb08d6f6d0268940/screenshot - {}
RESULT: {}
RESULT: undefined
COMMAND: POST /session/bec8a573df020c8deb08d6f6d0268940/element - {"using":"xpath","value":"//*[@id=\"__tile106\"]"}
RESULT: {"using":"xpath","value":"//*[@id=\"__tile106\"]"}
COMMAND: POST /session/bec8a573df020c8deb08d6f6d0268940/element/f.9C0DC89F5674B9B0DCF90D82E445BD45.d.6804566E07E647C7B6E3CDCF50D90A8D.e.4341/click - {}
RESULT: undefined
COMMAND: POST /session/bec8a573df020c8deb08d6f6d0268940/element - {"using":"xpath","value":"//*[@id=\"__tile106\"]"}
RESULT: {"using":"xpath","value":"//*[@id=\"__tile106\"]"}
COMMAND: POST /session/bec8a573df020c8deb08d6f6d0268940/element/f.9C0DC89F5674B9B0DCF90D82E445BD45.d.6804566E07E647C7B6E3CDCF50D90A8D.e.4341/click - {}
RESULT: undefined
COMMAND: POST /session/bec8a573df020c8deb08d6f6d0268940/execute/async - {"script":"<script> [6424 bytes]","args":[{"element-6066-11e4-a52e-4f735466cecf":"f.9C0DC89F5674B9B0DCF90D82E445BD45.d.6804566E07E647C7B6E3CDCF50D90A8D.e.290"},"getTitle",[]]}
COMMAND: POST /session/bec8a573df020c8deb08d6f6d0268940/execute/async - {"script":"<script> [1562 bytes]","args":[{"selector":{"id":"shellAppTitle"},"wdio_ui5_key":"shellAppTitle"}]}
RESULT: {"script":"<script> [1562 bytes]","args":[{"selector":{"id":"shellAppTitle"},"wdio_ui5_key":"shellAppTitle"}]}
COMMAND: POST /session/bec8a573df020c8deb08d6f6d0268940/execute/async - {"script":"<script> [6424 bytes]","args":[{"element-6066-11e4-a52e-4f735466cecf":"f.9C0DC89F5674B9B0DCF90D82E445BD45.d.6804566E07E647C7B6E3CDCF50D90A8D.e.4467"},"getTitle",[]]}
RESULT: {"script":"<script> [6424 bytes]","args":[{"element-6066-11e4-a52e-4f735466cecf":"f.9C0DC89F5674B9B0DCF90D82E445BD45.d.6804566E07E647C7B6E3CDCF50D90A8D.e.4467"},"getTitle",[]]}
RESULT: undefined
COMMAND: POST /session/bec8a573df020c8deb08d6f6d0268940/element/f.9C0DC89F5674B9B0DCF90D82E445BD45.d.6804566E07E647C7B6E3CDCF50D90A8D.e.4339/click - {}
RESULT: {}
COMMAND: GET /session/bec8a573df020c8deb08d6f6d0268940/screenshot - {}
RESULT: {}
]]></system-out>
    </testcase>
    <testcase classname="chrome.135_0_7049_42.windows.Sanity_Tests_US104253" name="Should open ISC Orders page" time="39.077">
      <system-out><![CDATA[
COMMAND: POST /session/bec8a573df020c8deb08d6f6d0268940/execute/async - {"script":"<script> [1562 bytes]","args":[{"selector":{"controlType":"sap.m.GenericTile","properties":{"header":"ISC Orders"}},"wdio_ui5_key":"sapm.GenericTile{\"header\":\"ISC Orders\"}"}]}
RESULT: {"script":"<script> [1562 bytes]","args":[{"selector":{"controlType":"sap.m.GenericTile","properties":{"header":"ISC Orders"}},"wdio_ui5_key":"sapm.GenericTile{\"header\":\"ISC Orders\"}"}]}
RESULT: undefined
COMMAND: POST /session/bec8a573df020c8deb08d6f6d0268940/element - {"using":"xpath","value":"//*[@id=\"__tile108\"]"}
RESULT: {"using":"xpath","value":"//*[@id=\"__tile108\"]"}
COMMAND: POST /session/bec8a573df020c8deb08d6f6d0268940/element/f.9C0DC89F5674B9B0DCF90D82E445BD45.d.6804566E07E647C7B6E3CDCF50D90A8D.e.4469/click - {}
RESULT: {}
COMMAND: GET /session/bec8a573df020c8deb08d6f6d0268940/screenshot - {}
RESULT: {}
RESULT: undefined
COMMAND: POST /session/bec8a573df020c8deb08d6f6d0268940/element - {"using":"xpath","value":"//*[@id=\"__tile108\"]"}
RESULT: {"using":"xpath","value":"//*[@id=\"__tile108\"]"}
COMMAND: POST /session/bec8a573df020c8deb08d6f6d0268940/element/f.9C0DC89F5674B9B0DCF90D82E445BD45.d.6804566E07E647C7B6E3CDCF50D90A8D.e.4469/click - {}
RESULT: undefined
COMMAND: POST /session/bec8a573df020c8deb08d6f6d0268940/element - {"using":"xpath","value":"//*[@id=\"__tile108\"]"}
RESULT: {"using":"xpath","value":"//*[@id=\"__tile108\"]"}
COMMAND: POST /session/bec8a573df020c8deb08d6f6d0268940/element/f.9C0DC89F5674B9B0DCF90D82E445BD45.d.6804566E07E647C7B6E3CDCF50D90A8D.e.4469/click - {}
RESULT: undefined
COMMAND: POST /session/bec8a573df020c8deb08d6f6d0268940/execute/async - {"script":"<script> [6424 bytes]","args":[{"element-6066-11e4-a52e-4f735466cecf":"f.9C0DC89F5674B9B0DCF90D82E445BD45.d.6804566E07E647C7B6E3CDCF50D90A8D.e.290"},"getTitle",[]]}
COMMAND: POST /session/bec8a573df020c8deb08d6f6d0268940/execute/async - {"script":"<script> [1562 bytes]","args":[{"selector":{"id":"shellAppTitle"},"wdio_ui5_key":"shellAppTitle"}]}
RESULT: {"script":"<script> [1562 bytes]","args":[{"selector":{"id":"shellAppTitle"},"wdio_ui5_key":"shellAppTitle"}]}
COMMAND: POST /session/bec8a573df020c8deb08d6f6d0268940/execute/async - {"script":"<script> [6424 bytes]","args":[{"element-6066-11e4-a52e-4f735466cecf":"f.9C0DC89F5674B9B0DCF90D82E445BD45.d.6804566E07E647C7B6E3CDCF50D90A8D.e.4577"},"getTitle",[]]}
RESULT: {"script":"<script> [6424 bytes]","args":[{"element-6066-11e4-a52e-4f735466cecf":"f.9C0DC89F5674B9B0DCF90D82E445BD45.d.6804566E07E647C7B6E3CDCF50D90A8D.e.4577"},"getTitle",[]]}
RESULT: undefined
COMMAND: POST /session/bec8a573df020c8deb08d6f6d0268940/element/f.9C0DC89F5674B9B0DCF90D82E445BD45.d.6804566E07E647C7B6E3CDCF50D90A8D.e.4339/click - {}
COMMAND: POST /session/bec8a573df020c8deb08d6f6d0268940/element - {"using":"xpath","value":"//*[@id=\"backBtn\"]"}
RESULT: {"using":"xpath","value":"//*[@id=\"backBtn\"]"}
COMMAND: POST /session/bec8a573df020c8deb08d6f6d0268940/element/f.9C0DC89F5674B9B0DCF90D82E445BD45.d.6804566E07E647C7B6E3CDCF50D90A8D.e.4339/click - {}
COMMAND: POST /session/bec8a573df020c8deb08d6f6d0268940/element - {"using":"xpath","value":"//*[@id=\"backBtn\"]"}
RESULT: {"using":"xpath","value":"//*[@id=\"backBtn\"]"}
COMMAND: POST /session/bec8a573df020c8deb08d6f6d0268940/element/f.9C0DC89F5674B9B0DCF90D82E445BD45.d.6804566E07E647C7B6E3CDCF50D90A8D.e.4578/click - {}
RESULT: {}
COMMAND: GET /session/bec8a573df020c8deb08d6f6d0268940/screenshot - {}
RESULT: {}
]]></system-out>
    </testcase>
    <testcase classname="chrome.135_0_7049_42.windows.Sanity_Tests_US104253" name="Should open ISC Tasks page" time="36.726">
      <system-out><![CDATA[
COMMAND: POST /session/bec8a573df020c8deb08d6f6d0268940/execute/async - {"script":"<script> [1562 bytes]","args":[{"selector":{"controlType":"sap.m.GenericTile","properties":{"header":"ISC Tasks"}},"wdio_ui5_key":"sapm.GenericTile{\"header\":\"ISC Tasks\"}"}]}
RESULT: {"script":"<script> [1562 bytes]","args":[{"selector":{"controlType":"sap.m.GenericTile","properties":{"header":"ISC Tasks"}},"wdio_ui5_key":"sapm.GenericTile{\"header\":\"ISC Tasks\"}"}]}
RESULT: undefined
COMMAND: POST /session/bec8a573df020c8deb08d6f6d0268940/element - {"using":"xpath","value":"//*[@id=\"__tile110\"]"}
RESULT: {"using":"xpath","value":"//*[@id=\"__tile110\"]"}
COMMAND: POST /session/bec8a573df020c8deb08d6f6d0268940/element/f.9C0DC89F5674B9B0DCF90D82E445BD45.d.6804566E07E647C7B6E3CDCF50D90A8D.e.4580/click - {}
RESULT: {}
COMMAND: GET /session/bec8a573df020c8deb08d6f6d0268940/screenshot - {}
RESULT: {}
RESULT: undefined
COMMAND: POST /session/bec8a573df020c8deb08d6f6d0268940/element - {"using":"xpath","value":"//*[@id=\"__tile110\"]"}
RESULT: {"using":"xpath","value":"//*[@id=\"__tile110\"]"}
COMMAND: POST /session/bec8a573df020c8deb08d6f6d0268940/element/f.9C0DC89F5674B9B0DCF90D82E445BD45.d.6804566E07E647C7B6E3CDCF50D90A8D.e.4580/click - {}
RESULT: undefined
COMMAND: POST /session/bec8a573df020c8deb08d6f6d0268940/element - {"using":"xpath","value":"//*[@id=\"__tile110\"]"}
RESULT: {"using":"xpath","value":"//*[@id=\"__tile110\"]"}
COMMAND: POST /session/bec8a573df020c8deb08d6f6d0268940/element/f.9C0DC89F5674B9B0DCF90D82E445BD45.d.6804566E07E647C7B6E3CDCF50D90A8D.e.4580/click - {}
RESULT: undefined
COMMAND: POST /session/bec8a573df020c8deb08d6f6d0268940/execute/async - {"script":"<script> [6424 bytes]","args":[{"element-6066-11e4-a52e-4f735466cecf":"f.9C0DC89F5674B9B0DCF90D82E445BD45.d.6804566E07E647C7B6E3CDCF50D90A8D.e.290"},"getTitle",[]]}
COMMAND: POST /session/bec8a573df020c8deb08d6f6d0268940/execute/async - {"script":"<script> [1562 bytes]","args":[{"selector":{"id":"shellAppTitle"},"wdio_ui5_key":"shellAppTitle"}]}
RESULT: {"script":"<script> [1562 bytes]","args":[{"selector":{"id":"shellAppTitle"},"wdio_ui5_key":"shellAppTitle"}]}
COMMAND: POST /session/bec8a573df020c8deb08d6f6d0268940/execute/async - {"script":"<script> [6424 bytes]","args":[{"element-6066-11e4-a52e-4f735466cecf":"f.9C0DC89F5674B9B0DCF90D82E445BD45.d.6804566E07E647C7B6E3CDCF50D90A8D.e.4663"},"getTitle",[]]}
RESULT: {"script":"<script> [6424 bytes]","args":[{"element-6066-11e4-a52e-4f735466cecf":"f.9C0DC89F5674B9B0DCF90D82E445BD45.d.6804566E07E647C7B6E3CDCF50D90A8D.e.4663"},"getTitle",[]]}
RESULT: undefined
COMMAND: POST /session/bec8a573df020c8deb08d6f6d0268940/element/f.9C0DC89F5674B9B0DCF90D82E445BD45.d.6804566E07E647C7B6E3CDCF50D90A8D.e.4578/click - {}
RESULT: {}
COMMAND: GET /session/bec8a573df020c8deb08d6f6d0268940/screenshot - {}
RESULT: {}
]]></system-out>
    </testcase>
    <testcase classname="chrome.135_0_7049_42.windows.Sanity_Tests_US104253" name="Should open Manage Resource Logbook page" time="35.79">
      <system-out><![CDATA[
COMMAND: POST /session/bec8a573df020c8deb08d6f6d0268940/execute/async - {"script":"<script> [1562 bytes]","args":[{"selector":{"controlType":"sap.m.GenericTile","properties":{"header":"Manage Resource Logbook"}},"wdio_ui5_key":"sapm.GenericTile{\"header\":\"Manage Resource Logbook\"}"}]}
RESULT: {"script":"<script> [1562 bytes]","args":[{"selector":{"controlType":"sap.m.GenericTile","properties":{"header":"Manage Resource Logbook"}},"wdio_ui5_key":"sapm.GenericTile{\"header\":\"Manage Resource Logbook\"}"}]}
RESULT: undefined
COMMAND: POST /session/bec8a573df020c8deb08d6f6d0268940/element - {"using":"xpath","value":"//*[@id=\"__tile113\"]"}
RESULT: {"using":"xpath","value":"//*[@id=\"__tile113\"]"}
COMMAND: POST /session/bec8a573df020c8deb08d6f6d0268940/element/f.9C0DC89F5674B9B0DCF90D82E445BD45.d.6804566E07E647C7B6E3CDCF50D90A8D.e.4665/click - {}
RESULT: {}
COMMAND: GET /session/bec8a573df020c8deb08d6f6d0268940/screenshot - {}
RESULT: {}
RESULT: undefined
COMMAND: POST /session/bec8a573df020c8deb08d6f6d0268940/element - {"using":"xpath","value":"//*[@id=\"__tile113\"]"}
RESULT: {"using":"xpath","value":"//*[@id=\"__tile113\"]"}
COMMAND: POST /session/bec8a573df020c8deb08d6f6d0268940/element/f.9C0DC89F5674B9B0DCF90D82E445BD45.d.6804566E07E647C7B6E3CDCF50D90A8D.e.4665/click - {}
RESULT: undefined
COMMAND: POST /session/bec8a573df020c8deb08d6f6d0268940/element - {"using":"xpath","value":"//*[@id=\"__tile113\"]"}
RESULT: {"using":"xpath","value":"//*[@id=\"__tile113\"]"}
COMMAND: POST /session/bec8a573df020c8deb08d6f6d0268940/element/f.9C0DC89F5674B9B0DCF90D82E445BD45.d.6804566E07E647C7B6E3CDCF50D90A8D.e.4665/click - {}
RESULT: undefined
COMMAND: POST /session/bec8a573df020c8deb08d6f6d0268940/execute/async - {"script":"<script> [6424 bytes]","args":[{"element-6066-11e4-a52e-4f735466cecf":"f.9C0DC89F5674B9B0DCF90D82E445BD45.d.6804566E07E647C7B6E3CDCF50D90A8D.e.290"},"getTitle",[]]}
COMMAND: POST /session/bec8a573df020c8deb08d6f6d0268940/execute/async - {"script":"<script> [1562 bytes]","args":[{"selector":{"id":"shellAppTitle"},"wdio_ui5_key":"shellAppTitle"}]}
RESULT: {"script":"<script> [1562 bytes]","args":[{"selector":{"id":"shellAppTitle"},"wdio_ui5_key":"shellAppTitle"}]}
COMMAND: POST /session/bec8a573df020c8deb08d6f6d0268940/execute/async - {"script":"<script> [6424 bytes]","args":[{"element-6066-11e4-a52e-4f735466cecf":"f.9C0DC89F5674B9B0DCF90D82E445BD45.d.6804566E07E647C7B6E3CDCF50D90A8D.e.4762"},"getTitle",[]]}
RESULT: {"script":"<script> [6424 bytes]","args":[{"element-6066-11e4-a52e-4f735466cecf":"f.9C0DC89F5674B9B0DCF90D82E445BD45.d.6804566E07E647C7B6E3CDCF50D90A8D.e.4762"},"getTitle",[]]}
RESULT: undefined
COMMAND: POST /session/bec8a573df020c8deb08d6f6d0268940/element/f.9C0DC89F5674B9B0DCF90D82E445BD45.d.6804566E07E647C7B6E3CDCF50D90A8D.e.4578/click - {}
COMMAND: POST /session/bec8a573df020c8deb08d6f6d0268940/element - {"using":"xpath","value":"//*[@id=\"backBtn\"]"}
RESULT: {"using":"xpath","value":"//*[@id=\"backBtn\"]"}
COMMAND: POST /session/bec8a573df020c8deb08d6f6d0268940/element/f.9C0DC89F5674B9B0DCF90D82E445BD45.d.6804566E07E647C7B6E3CDCF50D90A8D.e.4578/click - {}
COMMAND: POST /session/bec8a573df020c8deb08d6f6d0268940/element - {"using":"xpath","value":"//*[@id=\"backBtn\"]"}
RESULT: {"using":"xpath","value":"//*[@id=\"backBtn\"]"}
COMMAND: POST /session/bec8a573df020c8deb08d6f6d0268940/element/f.9C0DC89F5674B9B0DCF90D82E445BD45.d.6804566E07E647C7B6E3CDCF50D90A8D.e.4763/click - {}
RESULT: {}
COMMAND: GET /session/bec8a573df020c8deb08d6f6d0268940/screenshot - {}
RESULT: {}
]]></system-out>
    </testcase>
    <testcase classname="chrome.135_0_7049_42.windows.Sanity_Tests_US104253" name="Should open Manage Logbook page" time="36.517">
      <system-out><![CDATA[
COMMAND: POST /session/bec8a573df020c8deb08d6f6d0268940/execute/async - {"script":"<script> [1562 bytes]","args":[{"selector":{"controlType":"sap.m.GenericTile","properties":{"header":"Manage Logbook"}},"wdio_ui5_key":"sapm.GenericTile{\"header\":\"Manage Logbook\"}"}]}
RESULT: {"script":"<script> [1562 bytes]","args":[{"selector":{"controlType":"sap.m.GenericTile","properties":{"header":"Manage Logbook"}},"wdio_ui5_key":"sapm.GenericTile{\"header\":\"Manage Logbook\"}"}]}
RESULT: undefined
COMMAND: POST /session/bec8a573df020c8deb08d6f6d0268940/element - {"using":"xpath","value":"//*[@id=\"__tile112\"]"}
RESULT: {"using":"xpath","value":"//*[@id=\"__tile112\"]"}
COMMAND: POST /session/bec8a573df020c8deb08d6f6d0268940/element/f.9C0DC89F5674B9B0DCF90D82E445BD45.d.6804566E07E647C7B6E3CDCF50D90A8D.e.4765/click - {}
RESULT: {}
COMMAND: GET /session/bec8a573df020c8deb08d6f6d0268940/screenshot - {}
RESULT: {}
RESULT: undefined
COMMAND: POST /session/bec8a573df020c8deb08d6f6d0268940/element - {"using":"xpath","value":"//*[@id=\"__tile112\"]"}
RESULT: {"using":"xpath","value":"//*[@id=\"__tile112\"]"}
COMMAND: POST /session/bec8a573df020c8deb08d6f6d0268940/element/f.9C0DC89F5674B9B0DCF90D82E445BD45.d.6804566E07E647C7B6E3CDCF50D90A8D.e.4765/click - {}
RESULT: undefined
COMMAND: POST /session/bec8a573df020c8deb08d6f6d0268940/element - {"using":"xpath","value":"//*[@id=\"__tile112\"]"}
RESULT: {"using":"xpath","value":"//*[@id=\"__tile112\"]"}
COMMAND: POST /session/bec8a573df020c8deb08d6f6d0268940/element/f.9C0DC89F5674B9B0DCF90D82E445BD45.d.6804566E07E647C7B6E3CDCF50D90A8D.e.4765/click - {}
RESULT: undefined
COMMAND: POST /session/bec8a573df020c8deb08d6f6d0268940/execute/async - {"script":"<script> [6424 bytes]","args":[{"element-6066-11e4-a52e-4f735466cecf":"f.9C0DC89F5674B9B0DCF90D82E445BD45.d.6804566E07E647C7B6E3CDCF50D90A8D.e.290"},"getTitle",[]]}
COMMAND: POST /session/bec8a573df020c8deb08d6f6d0268940/execute/async - {"script":"<script> [1562 bytes]","args":[{"selector":{"id":"shellAppTitle"},"wdio_ui5_key":"shellAppTitle"}]}
RESULT: {"script":"<script> [1562 bytes]","args":[{"selector":{"id":"shellAppTitle"},"wdio_ui5_key":"shellAppTitle"}]}
COMMAND: POST /session/bec8a573df020c8deb08d6f6d0268940/execute/async - {"script":"<script> [6424 bytes]","args":[{"element-6066-11e4-a52e-4f735466cecf":"f.9C0DC89F5674B9B0DCF90D82E445BD45.d.6804566E07E647C7B6E3CDCF50D90A8D.e.4849"},"getTitle",[]]}
RESULT: {"script":"<script> [6424 bytes]","args":[{"element-6066-11e4-a52e-4f735466cecf":"f.9C0DC89F5674B9B0DCF90D82E445BD45.d.6804566E07E647C7B6E3CDCF50D90A8D.e.4849"},"getTitle",[]]}
RESULT: undefined
COMMAND: POST /session/bec8a573df020c8deb08d6f6d0268940/element/f.9C0DC89F5674B9B0DCF90D82E445BD45.d.6804566E07E647C7B6E3CDCF50D90A8D.e.4763/click - {}
RESULT: {}
COMMAND: GET /session/bec8a573df020c8deb08d6f6d0268940/screenshot - {}
RESULT: {}
]]></system-out>
    </testcase>
    <testcase classname="chrome.135_0_7049_42.windows.Sanity_Tests_US104253" name="Should open ISC Orders Calendar page" time="39.625">
      <system-out><![CDATA[
COMMAND: POST /session/bec8a573df020c8deb08d6f6d0268940/execute/async - {"script":"<script> [1562 bytes]","args":[{"selector":{"controlType":"sap.m.GenericTile","properties":{"header":"ISC Orders Calendar"}},"wdio_ui5_key":"sapm.GenericTile{\"header\":\"ISC Orders Calendar\"}"}]}
RESULT: {"script":"<script> [1562 bytes]","args":[{"selector":{"controlType":"sap.m.GenericTile","properties":{"header":"ISC Orders Calendar"}},"wdio_ui5_key":"sapm.GenericTile{\"header\":\"ISC Orders Calendar\"}"}]}
RESULT: undefined
COMMAND: POST /session/bec8a573df020c8deb08d6f6d0268940/element - {"using":"xpath","value":"//*[@id=\"__tile107\"]"}
RESULT: {"using":"xpath","value":"//*[@id=\"__tile107\"]"}
COMMAND: POST /session/bec8a573df020c8deb08d6f6d0268940/element/f.9C0DC89F5674B9B0DCF90D82E445BD45.d.6804566E07E647C7B6E3CDCF50D90A8D.e.4851/click - {}
RESULT: {}
COMMAND: GET /session/bec8a573df020c8deb08d6f6d0268940/screenshot - {}
RESULT: {}
RESULT: undefined
COMMAND: POST /session/bec8a573df020c8deb08d6f6d0268940/element - {"using":"xpath","value":"//*[@id=\"__tile107\"]"}
RESULT: {"using":"xpath","value":"//*[@id=\"__tile107\"]"}
COMMAND: POST /session/bec8a573df020c8deb08d6f6d0268940/element/f.9C0DC89F5674B9B0DCF90D82E445BD45.d.6804566E07E647C7B6E3CDCF50D90A8D.e.4851/click - {}
RESULT: undefined
COMMAND: POST /session/bec8a573df020c8deb08d6f6d0268940/element - {"using":"xpath","value":"//*[@id=\"__tile107\"]"}
RESULT: {"using":"xpath","value":"//*[@id=\"__tile107\"]"}
COMMAND: POST /session/bec8a573df020c8deb08d6f6d0268940/element/f.9C0DC89F5674B9B0DCF90D82E445BD45.d.6804566E07E647C7B6E3CDCF50D90A8D.e.4851/click - {}
RESULT: undefined
COMMAND: POST /session/bec8a573df020c8deb08d6f6d0268940/execute/async - {"script":"<script> [6424 bytes]","args":[{"element-6066-11e4-a52e-4f735466cecf":"f.9C0DC89F5674B9B0DCF90D82E445BD45.d.6804566E07E647C7B6E3CDCF50D90A8D.e.290"},"getTitle",[]]}
COMMAND: POST /session/bec8a573df020c8deb08d6f6d0268940/execute/async - {"script":"<script> [1562 bytes]","args":[{"selector":{"id":"shellAppTitle"},"wdio_ui5_key":"shellAppTitle"}]}
RESULT: {"script":"<script> [1562 bytes]","args":[{"selector":{"id":"shellAppTitle"},"wdio_ui5_key":"shellAppTitle"}]}
COMMAND: POST /session/bec8a573df020c8deb08d6f6d0268940/execute/async - {"script":"<script> [6424 bytes]","args":[{"element-6066-11e4-a52e-4f735466cecf":"f.9C0DC89F5674B9B0DCF90D82E445BD45.d.6804566E07E647C7B6E3CDCF50D90A8D.e.5057"},"getTitle",[]]}
RESULT: {"script":"<script> [6424 bytes]","args":[{"element-6066-11e4-a52e-4f735466cecf":"f.9C0DC89F5674B9B0DCF90D82E445BD45.d.6804566E07E647C7B6E3CDCF50D90A8D.e.5057"},"getTitle",[]]}
RESULT: undefined
COMMAND: POST /session/bec8a573df020c8deb08d6f6d0268940/element/f.9C0DC89F5674B9B0DCF90D82E445BD45.d.6804566E07E647C7B6E3CDCF50D90A8D.e.4763/click - {}
COMMAND: POST /session/bec8a573df020c8deb08d6f6d0268940/element - {"using":"xpath","value":"//*[@id=\"backBtn\"]"}
RESULT: {"using":"xpath","value":"//*[@id=\"backBtn\"]"}
COMMAND: POST /session/bec8a573df020c8deb08d6f6d0268940/element/f.9C0DC89F5674B9B0DCF90D82E445BD45.d.6804566E07E647C7B6E3CDCF50D90A8D.e.4763/click - {}
COMMAND: POST /session/bec8a573df020c8deb08d6f6d0268940/element - {"using":"xpath","value":"//*[@id=\"backBtn\"]"}
RESULT: {"using":"xpath","value":"//*[@id=\"backBtn\"]"}
COMMAND: POST /session/bec8a573df020c8deb08d6f6d0268940/element/f.9C0DC89F5674B9B0DCF90D82E445BD45.d.6804566E07E647C7B6E3CDCF50D90A8D.e.5058/click - {}
RESULT: {}
COMMAND: GET /session/bec8a573df020c8deb08d6f6d0268940/screenshot - {}
RESULT: {}
]]></system-out>
    </testcase>
    <testcase classname="chrome.135_0_7049_42.windows.Sanity_Tests_US104253" name="Should open Configure System page" time="36.47">
      <system-out><![CDATA[
COMMAND: POST /session/bec8a573df020c8deb08d6f6d0268940/execute/async - {"script":"<script> [1562 bytes]","args":[{"selector":{"controlType":"sap.m.GenericTile","properties":{"header":"Configure System"}},"wdio_ui5_key":"sapm.GenericTile{\"header\":\"Configure System\"}"}]}
RESULT: {"script":"<script> [1562 bytes]","args":[{"selector":{"controlType":"sap.m.GenericTile","properties":{"header":"Configure System"}},"wdio_ui5_key":"sapm.GenericTile{\"header\":\"Configure System\"}"}]}
RESULT: undefined
COMMAND: POST /session/bec8a573df020c8deb08d6f6d0268940/element - {"using":"xpath","value":"//*[@id=\"__tile114\"]"}
RESULT: {"using":"xpath","value":"//*[@id=\"__tile114\"]"}
COMMAND: POST /session/bec8a573df020c8deb08d6f6d0268940/element/f.9C0DC89F5674B9B0DCF90D82E445BD45.d.6804566E07E647C7B6E3CDCF50D90A8D.e.5060/click - {}
RESULT: {}
COMMAND: GET /session/bec8a573df020c8deb08d6f6d0268940/screenshot - {}
RESULT: {}
RESULT: undefined
COMMAND: POST /session/bec8a573df020c8deb08d6f6d0268940/element - {"using":"xpath","value":"//*[@id=\"__tile114\"]"}
RESULT: {"using":"xpath","value":"//*[@id=\"__tile114\"]"}
COMMAND: POST /session/bec8a573df020c8deb08d6f6d0268940/element/f.9C0DC89F5674B9B0DCF90D82E445BD45.d.6804566E07E647C7B6E3CDCF50D90A8D.e.5060/click - {}
RESULT: undefined
COMMAND: POST /session/bec8a573df020c8deb08d6f6d0268940/element - {"using":"xpath","value":"//*[@id=\"__tile114\"]"}
RESULT: {"using":"xpath","value":"//*[@id=\"__tile114\"]"}
COMMAND: POST /session/bec8a573df020c8deb08d6f6d0268940/element/f.9C0DC89F5674B9B0DCF90D82E445BD45.d.6804566E07E647C7B6E3CDCF50D90A8D.e.5060/click - {}
RESULT: undefined
COMMAND: POST /session/bec8a573df020c8deb08d6f6d0268940/execute/async - {"script":"<script> [6424 bytes]","args":[{"element-6066-11e4-a52e-4f735466cecf":"f.9C0DC89F5674B9B0DCF90D82E445BD45.d.6804566E07E647C7B6E3CDCF50D90A8D.e.290"},"getTitle",[]]}
COMMAND: POST /session/bec8a573df020c8deb08d6f6d0268940/execute/async - {"script":"<script> [1562 bytes]","args":[{"selector":{"id":"shellAppTitle"},"wdio_ui5_key":"shellAppTitle"}]}
RESULT: {"script":"<script> [1562 bytes]","args":[{"selector":{"id":"shellAppTitle"},"wdio_ui5_key":"shellAppTitle"}]}
COMMAND: POST /session/bec8a573df020c8deb08d6f6d0268940/execute/async - {"script":"<script> [6424 bytes]","args":[{"element-6066-11e4-a52e-4f735466cecf":"f.9C0DC89F5674B9B0DCF90D82E445BD45.d.6804566E07E647C7B6E3CDCF50D90A8D.e.5098"},"getTitle",[]]}
RESULT: {"script":"<script> [6424 bytes]","args":[{"element-6066-11e4-a52e-4f735466cecf":"f.9C0DC89F5674B9B0DCF90D82E445BD45.d.6804566E07E647C7B6E3CDCF50D90A8D.e.5098"},"getTitle",[]]}
RESULT: undefined
COMMAND: POST /session/bec8a573df020c8deb08d6f6d0268940/element/f.9C0DC89F5674B9B0DCF90D82E445BD45.d.6804566E07E647C7B6E3CDCF50D90A8D.e.5058/click - {}
RESULT: {}
COMMAND: GET /session/bec8a573df020c8deb08d6f6d0268940/screenshot - {}
RESULT: {}
]]></system-out>
    </testcase>
    <testcase classname="chrome.135_0_7049_42.windows.Sanity_Tests_US104253" name="Should open Manage Classifications page" time="39.666">
      <system-out><![CDATA[
COMMAND: POST /session/bec8a573df020c8deb08d6f6d0268940/execute/async - {"script":"<script> [1562 bytes]","args":[{"selector":{"controlType":"sap.m.GenericTile","properties":{"header":"Manage Classifications"}},"wdio_ui5_key":"sapm.GenericTile{\"header\":\"Manage Classifications\"}"}]}
RESULT: {"script":"<script> [1562 bytes]","args":[{"selector":{"controlType":"sap.m.GenericTile","properties":{"header":"Manage Classifications"}},"wdio_ui5_key":"sapm.GenericTile{\"header\":\"Manage Classifications\"}"}]}
RESULT: undefined
COMMAND: POST /session/bec8a573df020c8deb08d6f6d0268940/element - {"using":"xpath","value":"//*[@id=\"__tile115\"]"}
RESULT: {"using":"xpath","value":"//*[@id=\"__tile115\"]"}
COMMAND: POST /session/bec8a573df020c8deb08d6f6d0268940/element/f.9C0DC89F5674B9B0DCF90D82E445BD45.d.6804566E07E647C7B6E3CDCF50D90A8D.e.5102/click - {}
RESULT: {}
COMMAND: GET /session/bec8a573df020c8deb08d6f6d0268940/screenshot - {}
RESULT: {}
RESULT: undefined
COMMAND: POST /session/bec8a573df020c8deb08d6f6d0268940/element - {"using":"xpath","value":"//*[@id=\"__tile115\"]"}
RESULT: {"using":"xpath","value":"//*[@id=\"__tile115\"]"}
COMMAND: POST /session/bec8a573df020c8deb08d6f6d0268940/element/f.9C0DC89F5674B9B0DCF90D82E445BD45.d.6804566E07E647C7B6E3CDCF50D90A8D.e.5102/click - {}
RESULT: undefined
COMMAND: POST /session/bec8a573df020c8deb08d6f6d0268940/element - {"using":"xpath","value":"//*[@id=\"__tile115\"]"}
RESULT: {"using":"xpath","value":"//*[@id=\"__tile115\"]"}
COMMAND: POST /session/bec8a573df020c8deb08d6f6d0268940/element/f.9C0DC89F5674B9B0DCF90D82E445BD45.d.6804566E07E647C7B6E3CDCF50D90A8D.e.5102/click - {}
RESULT: undefined
COMMAND: POST /session/bec8a573df020c8deb08d6f6d0268940/execute/async - {"script":"<script> [6424 bytes]","args":[{"element-6066-11e4-a52e-4f735466cecf":"f.9C0DC89F5674B9B0DCF90D82E445BD45.d.6804566E07E647C7B6E3CDCF50D90A8D.e.290"},"getTitle",[]]}
COMMAND: POST /session/bec8a573df020c8deb08d6f6d0268940/execute/async - {"script":"<script> [1562 bytes]","args":[{"selector":{"id":"shellAppTitle"},"wdio_ui5_key":"shellAppTitle"}]}
RESULT: {"script":"<script> [1562 bytes]","args":[{"selector":{"id":"shellAppTitle"},"wdio_ui5_key":"shellAppTitle"}]}
COMMAND: POST /session/bec8a573df020c8deb08d6f6d0268940/execute/async - {"script":"<script> [6424 bytes]","args":[{"element-6066-11e4-a52e-4f735466cecf":"f.9C0DC89F5674B9B0DCF90D82E445BD45.d.6804566E07E647C7B6E3CDCF50D90A8D.e.5205"},"getTitle",[]]}
RESULT: {"script":"<script> [6424 bytes]","args":[{"element-6066-11e4-a52e-4f735466cecf":"f.9C0DC89F5674B9B0DCF90D82E445BD45.d.6804566E07E647C7B6E3CDCF50D90A8D.e.5205"},"getTitle",[]]}
RESULT: undefined
COMMAND: POST /session/bec8a573df020c8deb08d6f6d0268940/element/f.9C0DC89F5674B9B0DCF90D82E445BD45.d.6804566E07E647C7B6E3CDCF50D90A8D.e.5058/click - {}
COMMAND: POST /session/bec8a573df020c8deb08d6f6d0268940/element - {"using":"xpath","value":"//*[@id=\"backBtn\"]"}
RESULT: {"using":"xpath","value":"//*[@id=\"backBtn\"]"}
COMMAND: POST /session/bec8a573df020c8deb08d6f6d0268940/element/f.9C0DC89F5674B9B0DCF90D82E445BD45.d.6804566E07E647C7B6E3CDCF50D90A8D.e.5058/click - {}
COMMAND: POST /session/bec8a573df020c8deb08d6f6d0268940/element - {"using":"xpath","value":"//*[@id=\"backBtn\"]"}
RESULT: {"using":"xpath","value":"//*[@id=\"backBtn\"]"}
COMMAND: POST /session/bec8a573df020c8deb08d6f6d0268940/element/f.9C0DC89F5674B9B0DCF90D82E445BD45.d.6804566E07E647C7B6E3CDCF50D90A8D.e.5206/click - {}
RESULT: {}
COMMAND: GET /session/bec8a573df020c8deb08d6f6d0268940/screenshot - {}
RESULT: {}
]]></system-out>
    </testcase>
    <testcase classname="chrome.135_0_7049_42.windows.Sanity_Tests_US104253" name="Should open Data Explorer page" time="37.008">
      <system-out><![CDATA[
COMMAND: POST /session/bec8a573df020c8deb08d6f6d0268940/execute/async - {"script":"<script> [1562 bytes]","args":[{"selector":{"controlType":"sap.m.GenericTile","properties":{"header":"Data Explorer"}},"wdio_ui5_key":"sapm.GenericTile{\"header\":\"Data Explorer\"}"}]}
RESULT: {"script":"<script> [1562 bytes]","args":[{"selector":{"controlType":"sap.m.GenericTile","properties":{"header":"Data Explorer"}},"wdio_ui5_key":"sapm.GenericTile{\"header\":\"Data Explorer\"}"}]}
RESULT: undefined
COMMAND: POST /session/bec8a573df020c8deb08d6f6d0268940/element - {"using":"xpath","value":"//*[@id=\"__tile117\"]"}
RESULT: {"using":"xpath","value":"//*[@id=\"__tile117\"]"}
COMMAND: POST /session/bec8a573df020c8deb08d6f6d0268940/element/f.9C0DC89F5674B9B0DCF90D82E445BD45.d.6804566E07E647C7B6E3CDCF50D90A8D.e.5208/click - {}
RESULT: {}
COMMAND: GET /session/bec8a573df020c8deb08d6f6d0268940/screenshot - {}
RESULT: {}
RESULT: undefined
COMMAND: POST /session/bec8a573df020c8deb08d6f6d0268940/element - {"using":"xpath","value":"//*[@id=\"__tile117\"]"}
RESULT: {"using":"xpath","value":"//*[@id=\"__tile117\"]"}
COMMAND: POST /session/bec8a573df020c8deb08d6f6d0268940/element/f.9C0DC89F5674B9B0DCF90D82E445BD45.d.6804566E07E647C7B6E3CDCF50D90A8D.e.5208/click - {}
RESULT: undefined
COMMAND: POST /session/bec8a573df020c8deb08d6f6d0268940/element - {"using":"xpath","value":"//*[@id=\"__tile117\"]"}
RESULT: {"using":"xpath","value":"//*[@id=\"__tile117\"]"}
COMMAND: POST /session/bec8a573df020c8deb08d6f6d0268940/element/f.9C0DC89F5674B9B0DCF90D82E445BD45.d.6804566E07E647C7B6E3CDCF50D90A8D.e.5208/click - {}
RESULT: undefined
COMMAND: POST /session/bec8a573df020c8deb08d6f6d0268940/execute/async - {"script":"<script> [6424 bytes]","args":[{"element-6066-11e4-a52e-4f735466cecf":"f.9C0DC89F5674B9B0DCF90D82E445BD45.d.6804566E07E647C7B6E3CDCF50D90A8D.e.290"},"getTitle",[]]}
COMMAND: POST /session/bec8a573df020c8deb08d6f6d0268940/execute/async - {"script":"<script> [1562 bytes]","args":[{"selector":{"id":"shellAppTitle"},"wdio_ui5_key":"shellAppTitle"}]}
RESULT: {"script":"<script> [1562 bytes]","args":[{"selector":{"id":"shellAppTitle"},"wdio_ui5_key":"shellAppTitle"}]}
COMMAND: POST /session/bec8a573df020c8deb08d6f6d0268940/execute/async - {"script":"<script> [6424 bytes]","args":[{"element-6066-11e4-a52e-4f735466cecf":"f.9C0DC89F5674B9B0DCF90D82E445BD45.d.6804566E07E647C7B6E3CDCF50D90A8D.e.5368"},"getTitle",[]]}
RESULT: {"script":"<script> [6424 bytes]","args":[{"element-6066-11e4-a52e-4f735466cecf":"f.9C0DC89F5674B9B0DCF90D82E445BD45.d.6804566E07E647C7B6E3CDCF50D90A8D.e.5368"},"getTitle",[]]}
RESULT: undefined
COMMAND: POST /session/bec8a573df020c8deb08d6f6d0268940/element/f.9C0DC89F5674B9B0DCF90D82E445BD45.d.6804566E07E647C7B6E3CDCF50D90A8D.e.5206/click - {}
RESULT: {}
COMMAND: GET /session/bec8a573df020c8deb08d6f6d0268940/screenshot - {}
RESULT: {}
]]></system-out>
    </testcase>
    <testcase classname="chrome.135_0_7049_42.windows.Sanity_Tests_US104253" name="Should open Performance Monitor page" time="34.273">
      <system-out><![CDATA[
COMMAND: POST /session/bec8a573df020c8deb08d6f6d0268940/execute/async - {"script":"<script> [1562 bytes]","args":[{"selector":{"controlType":"sap.m.GenericTile","properties":{"header":"Performance Monitor"}},"wdio_ui5_key":"sapm.GenericTile{\"header\":\"Performance Monitor\"}"}]}
RESULT: {"script":"<script> [1562 bytes]","args":[{"selector":{"controlType":"sap.m.GenericTile","properties":{"header":"Performance Monitor"}},"wdio_ui5_key":"sapm.GenericTile{\"header\":\"Performance Monitor\"}"}]}
RESULT: undefined
COMMAND: POST /session/bec8a573df020c8deb08d6f6d0268940/element - {"using":"xpath","value":"//*[@id=\"__tile116\"]"}
RESULT: {"using":"xpath","value":"//*[@id=\"__tile116\"]"}
COMMAND: POST /session/bec8a573df020c8deb08d6f6d0268940/element/f.9C0DC89F5674B9B0DCF90D82E445BD45.d.6804566E07E647C7B6E3CDCF50D90A8D.e.5370/click - {}
RESULT: {}
COMMAND: GET /session/bec8a573df020c8deb08d6f6d0268940/screenshot - {}
RESULT: {}
RESULT: undefined
COMMAND: POST /session/bec8a573df020c8deb08d6f6d0268940/element - {"using":"xpath","value":"//*[@id=\"__tile116\"]"}
RESULT: {"using":"xpath","value":"//*[@id=\"__tile116\"]"}
COMMAND: POST /session/bec8a573df020c8deb08d6f6d0268940/element/f.9C0DC89F5674B9B0DCF90D82E445BD45.d.6804566E07E647C7B6E3CDCF50D90A8D.e.5370/click - {}
RESULT: undefined
COMMAND: POST /session/bec8a573df020c8deb08d6f6d0268940/element - {"using":"xpath","value":"//*[@id=\"__tile116\"]"}
RESULT: {"using":"xpath","value":"//*[@id=\"__tile116\"]"}
COMMAND: POST /session/bec8a573df020c8deb08d6f6d0268940/element/f.9C0DC89F5674B9B0DCF90D82E445BD45.d.6804566E07E647C7B6E3CDCF50D90A8D.e.5370/click - {}
RESULT: undefined
COMMAND: POST /session/bec8a573df020c8deb08d6f6d0268940/execute/async - {"script":"<script> [6424 bytes]","args":[{"element-6066-11e4-a52e-4f735466cecf":"f.9C0DC89F5674B9B0DCF90D82E445BD45.d.6804566E07E647C7B6E3CDCF50D90A8D.e.290"},"getTitle",[]]}
COMMAND: POST /session/bec8a573df020c8deb08d6f6d0268940/execute/async - {"script":"<script> [1562 bytes]","args":[{"selector":{"id":"shellAppTitle"},"wdio_ui5_key":"shellAppTitle"}]}
RESULT: {"script":"<script> [1562 bytes]","args":[{"selector":{"id":"shellAppTitle"},"wdio_ui5_key":"shellAppTitle"}]}
COMMAND: POST /session/bec8a573df020c8deb08d6f6d0268940/execute/async - {"script":"<script> [6424 bytes]","args":[{"element-6066-11e4-a52e-4f735466cecf":"f.9C0DC89F5674B9B0DCF90D82E445BD45.d.6804566E07E647C7B6E3CDCF50D90A8D.e.5411"},"getTitle",[]]}
RESULT: {"script":"<script> [6424 bytes]","args":[{"element-6066-11e4-a52e-4f735466cecf":"f.9C0DC89F5674B9B0DCF90D82E445BD45.d.6804566E07E647C7B6E3CDCF50D90A8D.e.5411"},"getTitle",[]]}
RESULT: undefined
COMMAND: POST /session/bec8a573df020c8deb08d6f6d0268940/element/f.9C0DC89F5674B9B0DCF90D82E445BD45.d.6804566E07E647C7B6E3CDCF50D90A8D.e.5206/click - {}
COMMAND: POST /session/bec8a573df020c8deb08d6f6d0268940/element - {"using":"xpath","value":"//*[@id=\"backBtn\"]"}
RESULT: {"using":"xpath","value":"//*[@id=\"backBtn\"]"}
COMMAND: POST /session/bec8a573df020c8deb08d6f6d0268940/element/f.9C0DC89F5674B9B0DCF90D82E445BD45.d.6804566E07E647C7B6E3CDCF50D90A8D.e.5206/click - {}
COMMAND: POST /session/bec8a573df020c8deb08d6f6d0268940/element - {"using":"xpath","value":"//*[@id=\"backBtn\"]"}
RESULT: {"using":"xpath","value":"//*[@id=\"backBtn\"]"}
COMMAND: POST /session/bec8a573df020c8deb08d6f6d0268940/element/f.9C0DC89F5674B9B0DCF90D82E445BD45.d.6804566E07E647C7B6E3CDCF50D90A8D.e.5412/click - {}
RESULT: {}
COMMAND: GET /session/bec8a573df020c8deb08d6f6d0268940/screenshot - {}
RESULT: {}
]]></system-out>
    </testcase>
    <testcase classname="chrome.135_0_7049_42.windows.Sanity_Tests_US104253" name="Should open Organizational Model page" time="33.099">
      <system-out><![CDATA[
COMMAND: POST /session/bec8a573df020c8deb08d6f6d0268940/execute/async - {"script":"<script> [1562 bytes]","args":[{"selector":{"controlType":"sap.m.GenericTile","properties":{"header":"Organizational Model"}},"wdio_ui5_key":"sapm.GenericTile{\"header\":\"Organizational Model\"}"}]}
RESULT: {"script":"<script> [1562 bytes]","args":[{"selector":{"controlType":"sap.m.GenericTile","properties":{"header":"Organizational Model"}},"wdio_ui5_key":"sapm.GenericTile{\"header\":\"Organizational Model\"}"}]}
RESULT: undefined
COMMAND: POST /session/bec8a573df020c8deb08d6f6d0268940/element - {"using":"xpath","value":"//*[@id=\"__tile120\"]"}
RESULT: {"using":"xpath","value":"//*[@id=\"__tile120\"]"}
COMMAND: POST /session/bec8a573df020c8deb08d6f6d0268940/element/f.9C0DC89F5674B9B0DCF90D82E445BD45.d.6804566E07E647C7B6E3CDCF50D90A8D.e.5414/click - {}
RESULT: {}
COMMAND: GET /session/bec8a573df020c8deb08d6f6d0268940/screenshot - {}
RESULT: {}
RESULT: undefined
COMMAND: POST /session/bec8a573df020c8deb08d6f6d0268940/element - {"using":"xpath","value":"//*[@id=\"__tile120\"]"}
RESULT: {"using":"xpath","value":"//*[@id=\"__tile120\"]"}
COMMAND: POST /session/bec8a573df020c8deb08d6f6d0268940/element/f.9C0DC89F5674B9B0DCF90D82E445BD45.d.6804566E07E647C7B6E3CDCF50D90A8D.e.5414/click - {}
RESULT: undefined
COMMAND: POST /session/bec8a573df020c8deb08d6f6d0268940/element - {"using":"xpath","value":"//*[@id=\"__tile120\"]"}
RESULT: {"using":"xpath","value":"//*[@id=\"__tile120\"]"}
COMMAND: POST /session/bec8a573df020c8deb08d6f6d0268940/element/f.9C0DC89F5674B9B0DCF90D82E445BD45.d.6804566E07E647C7B6E3CDCF50D90A8D.e.5414/click - {}
RESULT: undefined
COMMAND: POST /session/bec8a573df020c8deb08d6f6d0268940/execute/async - {"script":"<script> [6424 bytes]","args":[{"element-6066-11e4-a52e-4f735466cecf":"f.9C0DC89F5674B9B0DCF90D82E445BD45.d.6804566E07E647C7B6E3CDCF50D90A8D.e.290"},"getTitle",[]]}
COMMAND: POST /session/bec8a573df020c8deb08d6f6d0268940/execute/async - {"script":"<script> [1562 bytes]","args":[{"selector":{"id":"shellAppTitle"},"wdio_ui5_key":"shellAppTitle"}]}
RESULT: {"script":"<script> [1562 bytes]","args":[{"selector":{"id":"shellAppTitle"},"wdio_ui5_key":"shellAppTitle"}]}
COMMAND: POST /session/bec8a573df020c8deb08d6f6d0268940/execute/async - {"script":"<script> [6424 bytes]","args":[{"element-6066-11e4-a52e-4f735466cecf":"f.9C0DC89F5674B9B0DCF90D82E445BD45.d.6804566E07E647C7B6E3CDCF50D90A8D.e.5430"},"getTitle",[]]}
RESULT: {"script":"<script> [6424 bytes]","args":[{"element-6066-11e4-a52e-4f735466cecf":"f.9C0DC89F5674B9B0DCF90D82E445BD45.d.6804566E07E647C7B6E3CDCF50D90A8D.e.5430"},"getTitle",[]]}
RESULT: undefined
COMMAND: POST /session/bec8a573df020c8deb08d6f6d0268940/element/f.9C0DC89F5674B9B0DCF90D82E445BD45.d.6804566E07E647C7B6E3CDCF50D90A8D.e.5412/click - {}
RESULT: {}
COMMAND: GET /session/bec8a573df020c8deb08d6f6d0268940/screenshot - {}
RESULT: {}
]]></system-out>
    </testcase>
    <testcase classname="chrome.135_0_7049_42.windows.Sanity_Tests_US104253" name="Should open Manage Roles page" time="35.139">
      <system-out><![CDATA[
COMMAND: POST /session/bec8a573df020c8deb08d6f6d0268940/execute/async - {"script":"<script> [1562 bytes]","args":[{"selector":{"controlType":"sap.m.GenericTile","properties":{"header":"Manage Roles"}},"wdio_ui5_key":"sapm.GenericTile{\"header\":\"Manage Roles\"}"}]}
RESULT: {"script":"<script> [1562 bytes]","args":[{"selector":{"controlType":"sap.m.GenericTile","properties":{"header":"Manage Roles"}},"wdio_ui5_key":"sapm.GenericTile{\"header\":\"Manage Roles\"}"}]}
RESULT: undefined
COMMAND: POST /session/bec8a573df020c8deb08d6f6d0268940/element - {"using":"xpath","value":"//*[@id=\"__tile119\"]"}
RESULT: {"using":"xpath","value":"//*[@id=\"__tile119\"]"}
COMMAND: POST /session/bec8a573df020c8deb08d6f6d0268940/element/f.9C0DC89F5674B9B0DCF90D82E445BD45.d.6804566E07E647C7B6E3CDCF50D90A8D.e.5434/click - {}
RESULT: {}
COMMAND: GET /session/bec8a573df020c8deb08d6f6d0268940/screenshot - {}
RESULT: {}
RESULT: undefined
COMMAND: POST /session/bec8a573df020c8deb08d6f6d0268940/element - {"using":"xpath","value":"//*[@id=\"__tile119\"]"}
RESULT: {"using":"xpath","value":"//*[@id=\"__tile119\"]"}
COMMAND: POST /session/bec8a573df020c8deb08d6f6d0268940/element/f.9C0DC89F5674B9B0DCF90D82E445BD45.d.6804566E07E647C7B6E3CDCF50D90A8D.e.5434/click - {}
RESULT: undefined
COMMAND: POST /session/bec8a573df020c8deb08d6f6d0268940/element - {"using":"xpath","value":"//*[@id=\"__tile119\"]"}
RESULT: {"using":"xpath","value":"//*[@id=\"__tile119\"]"}
COMMAND: POST /session/bec8a573df020c8deb08d6f6d0268940/element/f.9C0DC89F5674B9B0DCF90D82E445BD45.d.6804566E07E647C7B6E3CDCF50D90A8D.e.5434/click - {}
RESULT: undefined
COMMAND: POST /session/bec8a573df020c8deb08d6f6d0268940/execute/async - {"script":"<script> [6424 bytes]","args":[{"element-6066-11e4-a52e-4f735466cecf":"f.9C0DC89F5674B9B0DCF90D82E445BD45.d.6804566E07E647C7B6E3CDCF50D90A8D.e.290"},"getTitle",[]]}
COMMAND: POST /session/bec8a573df020c8deb08d6f6d0268940/execute/async - {"script":"<script> [1562 bytes]","args":[{"selector":{"id":"shellAppTitle"},"wdio_ui5_key":"shellAppTitle"}]}
RESULT: {"script":"<script> [1562 bytes]","args":[{"selector":{"id":"shellAppTitle"},"wdio_ui5_key":"shellAppTitle"}]}
COMMAND: POST /session/bec8a573df020c8deb08d6f6d0268940/execute/async - {"script":"<script> [6424 bytes]","args":[{"element-6066-11e4-a52e-4f735466cecf":"f.9C0DC89F5674B9B0DCF90D82E445BD45.d.6804566E07E647C7B6E3CDCF50D90A8D.e.5479"},"getTitle",[]]}
RESULT: {"script":"<script> [6424 bytes]","args":[{"element-6066-11e4-a52e-4f735466cecf":"f.9C0DC89F5674B9B0DCF90D82E445BD45.d.6804566E07E647C7B6E3CDCF50D90A8D.e.5479"},"getTitle",[]]}
RESULT: undefined
COMMAND: POST /session/bec8a573df020c8deb08d6f6d0268940/element/f.9C0DC89F5674B9B0DCF90D82E445BD45.d.6804566E07E647C7B6E3CDCF50D90A8D.e.5412/click - {}
COMMAND: POST /session/bec8a573df020c8deb08d6f6d0268940/element - {"using":"xpath","value":"//*[@id=\"backBtn\"]"}
RESULT: {"using":"xpath","value":"//*[@id=\"backBtn\"]"}
COMMAND: POST /session/bec8a573df020c8deb08d6f6d0268940/element/f.9C0DC89F5674B9B0DCF90D82E445BD45.d.6804566E07E647C7B6E3CDCF50D90A8D.e.5412/click - {}
COMMAND: POST /session/bec8a573df020c8deb08d6f6d0268940/element - {"using":"xpath","value":"//*[@id=\"backBtn\"]"}
RESULT: {"using":"xpath","value":"//*[@id=\"backBtn\"]"}
COMMAND: POST /session/bec8a573df020c8deb08d6f6d0268940/element/f.9C0DC89F5674B9B0DCF90D82E445BD45.d.6804566E07E647C7B6E3CDCF50D90A8D.e.5480/click - {}
RESULT: {}
COMMAND: GET /session/bec8a573df020c8deb08d6f6d0268940/screenshot - {}
RESULT: {}
]]></system-out>
    </testcase>
    <testcase classname="chrome.135_0_7049_42.windows.Sanity_Tests_US104253" name="Should open Authorization Tables page" time="34.55">
      <system-out><![CDATA[
COMMAND: POST /session/bec8a573df020c8deb08d6f6d0268940/execute/async - {"script":"<script> [1562 bytes]","args":[{"selector":{"controlType":"sap.m.GenericTile","properties":{"header":"Authorization Tables"}},"wdio_ui5_key":"sapm.GenericTile{\"header\":\"Authorization Tables\"}"}]}
RESULT: {"script":"<script> [1562 bytes]","args":[{"selector":{"controlType":"sap.m.GenericTile","properties":{"header":"Authorization Tables"}},"wdio_ui5_key":"sapm.GenericTile{\"header\":\"Authorization Tables\"}"}]}
RESULT: undefined
COMMAND: POST /session/bec8a573df020c8deb08d6f6d0268940/element - {"using":"xpath","value":"//*[@id=\"__tile118\"]"}
RESULT: {"using":"xpath","value":"//*[@id=\"__tile118\"]"}
COMMAND: POST /session/bec8a573df020c8deb08d6f6d0268940/element/f.9C0DC89F5674B9B0DCF90D82E445BD45.d.6804566E07E647C7B6E3CDCF50D90A8D.e.5482/click - {}
RESULT: {}
COMMAND: GET /session/bec8a573df020c8deb08d6f6d0268940/screenshot - {}
RESULT: undefined
COMMAND: POST /session/bec8a573df020c8deb08d6f6d0268940/element - {"using":"xpath","value":"//*[@id=\"__tile118\"]"}
RESULT: {}
RESULT: {"using":"xpath","value":"//*[@id=\"__tile118\"]"}
COMMAND: POST /session/bec8a573df020c8deb08d6f6d0268940/element/f.9C0DC89F5674B9B0DCF90D82E445BD45.d.6804566E07E647C7B6E3CDCF50D90A8D.e.5482/click - {}
RESULT: undefined
COMMAND: POST /session/bec8a573df020c8deb08d6f6d0268940/element - {"using":"xpath","value":"//*[@id=\"__tile118\"]"}
RESULT: {"using":"xpath","value":"//*[@id=\"__tile118\"]"}
COMMAND: POST /session/bec8a573df020c8deb08d6f6d0268940/element/f.9C0DC89F5674B9B0DCF90D82E445BD45.d.6804566E07E647C7B6E3CDCF50D90A8D.e.5482/click - {}
RESULT: undefined
COMMAND: POST /session/bec8a573df020c8deb08d6f6d0268940/execute/async - {"script":"<script> [6424 bytes]","args":[{"element-6066-11e4-a52e-4f735466cecf":"f.9C0DC89F5674B9B0DCF90D82E445BD45.d.6804566E07E647C7B6E3CDCF50D90A8D.e.290"},"getTitle",[]]}
COMMAND: POST /session/bec8a573df020c8deb08d6f6d0268940/execute/async - {"script":"<script> [1562 bytes]","args":[{"selector":{"id":"shellAppTitle"},"wdio_ui5_key":"shellAppTitle"}]}
RESULT: {"script":"<script> [1562 bytes]","args":[{"selector":{"id":"shellAppTitle"},"wdio_ui5_key":"shellAppTitle"}]}
COMMAND: POST /session/bec8a573df020c8deb08d6f6d0268940/execute/async - {"script":"<script> [6424 bytes]","args":[{"element-6066-11e4-a52e-4f735466cecf":"f.9C0DC89F5674B9B0DCF90D82E445BD45.d.6804566E07E647C7B6E3CDCF50D90A8D.e.5568"},"getTitle",[]]}
RESULT: {"script":"<script> [6424 bytes]","args":[{"element-6066-11e4-a52e-4f735466cecf":"f.9C0DC89F5674B9B0DCF90D82E445BD45.d.6804566E07E647C7B6E3CDCF50D90A8D.e.5568"},"getTitle",[]]}
RESULT: undefined
COMMAND: POST /session/bec8a573df020c8deb08d6f6d0268940/element/f.9C0DC89F5674B9B0DCF90D82E445BD45.d.6804566E07E647C7B6E3CDCF50D90A8D.e.5480/click - {}
RESULT: {}
COMMAND: GET /session/bec8a573df020c8deb08d6f6d0268940/screenshot - {}
RESULT: {}
]]></system-out>
    </testcase>
    <testcase classname="chrome.135_0_7049_42.windows.Sanity_Tests_US104253" name="Should open User Maintenance page" time="34.385">
      <system-out><![CDATA[
COMMAND: POST /session/bec8a573df020c8deb08d6f6d0268940/execute/async - {"script":"<script> [1562 bytes]","args":[{"selector":{"controlType":"sap.m.GenericTile","properties":{"header":"User Maintenance"}},"wdio_ui5_key":"sapm.GenericTile{\"header\":\"User Maintenance\"}"}]}
RESULT: {"script":"<script> [1562 bytes]","args":[{"selector":{"controlType":"sap.m.GenericTile","properties":{"header":"User Maintenance"}},"wdio_ui5_key":"sapm.GenericTile{\"header\":\"User Maintenance\"}"}]}
RESULT: undefined
COMMAND: POST /session/bec8a573df020c8deb08d6f6d0268940/element - {"using":"xpath","value":"//*[@id=\"__tile121\"]"}
RESULT: {"using":"xpath","value":"//*[@id=\"__tile121\"]"}
COMMAND: POST /session/bec8a573df020c8deb08d6f6d0268940/element/f.9C0DC89F5674B9B0DCF90D82E445BD45.d.6804566E07E647C7B6E3CDCF50D90A8D.e.5570/click - {}
RESULT: {}
COMMAND: GET /session/bec8a573df020c8deb08d6f6d0268940/screenshot - {}
RESULT: {}
RESULT: undefined
COMMAND: POST /session/bec8a573df020c8deb08d6f6d0268940/element - {"using":"xpath","value":"//*[@id=\"__tile121\"]"}
RESULT: {"using":"xpath","value":"//*[@id=\"__tile121\"]"}
COMMAND: POST /session/bec8a573df020c8deb08d6f6d0268940/element/f.9C0DC89F5674B9B0DCF90D82E445BD45.d.6804566E07E647C7B6E3CDCF50D90A8D.e.5570/click - {}
RESULT: undefined
COMMAND: POST /session/bec8a573df020c8deb08d6f6d0268940/element - {"using":"xpath","value":"//*[@id=\"__tile121\"]"}
RESULT: {"using":"xpath","value":"//*[@id=\"__tile121\"]"}
COMMAND: POST /session/bec8a573df020c8deb08d6f6d0268940/element/f.9C0DC89F5674B9B0DCF90D82E445BD45.d.6804566E07E647C7B6E3CDCF50D90A8D.e.5570/click - {}
RESULT: undefined
COMMAND: POST /session/bec8a573df020c8deb08d6f6d0268940/execute/async - {"script":"<script> [6424 bytes]","args":[{"element-6066-11e4-a52e-4f735466cecf":"f.9C0DC89F5674B9B0DCF90D82E445BD45.d.6804566E07E647C7B6E3CDCF50D90A8D.e.290"},"getTitle",[]]}
COMMAND: POST /session/bec8a573df020c8deb08d6f6d0268940/execute/async - {"script":"<script> [1562 bytes]","args":[{"selector":{"id":"shellAppTitle"},"wdio_ui5_key":"shellAppTitle"}]}
RESULT: {"script":"<script> [1562 bytes]","args":[{"selector":{"id":"shellAppTitle"},"wdio_ui5_key":"shellAppTitle"}]}
COMMAND: POST /session/bec8a573df020c8deb08d6f6d0268940/execute/async - {"script":"<script> [6424 bytes]","args":[{"element-6066-11e4-a52e-4f735466cecf":"f.9C0DC89F5674B9B0DCF90D82E445BD45.d.6804566E07E647C7B6E3CDCF50D90A8D.e.5660"},"getTitle",[]]}
RESULT: {"script":"<script> [6424 bytes]","args":[{"element-6066-11e4-a52e-4f735466cecf":"f.9C0DC89F5674B9B0DCF90D82E445BD45.d.6804566E07E647C7B6E3CDCF50D90A8D.e.5660"},"getTitle",[]]}
RESULT: undefined
COMMAND: POST /session/bec8a573df020c8deb08d6f6d0268940/element/f.9C0DC89F5674B9B0DCF90D82E445BD45.d.6804566E07E647C7B6E3CDCF50D90A8D.e.5480/click - {}
COMMAND: POST /session/bec8a573df020c8deb08d6f6d0268940/element - {"using":"xpath","value":"//*[@id=\"backBtn\"]"}
RESULT: {"using":"xpath","value":"//*[@id=\"backBtn\"]"}
COMMAND: POST /session/bec8a573df020c8deb08d6f6d0268940/element/f.9C0DC89F5674B9B0DCF90D82E445BD45.d.6804566E07E647C7B6E3CDCF50D90A8D.e.5480/click - {}
COMMAND: POST /session/bec8a573df020c8deb08d6f6d0268940/element - {"using":"xpath","value":"//*[@id=\"backBtn\"]"}
RESULT: {"using":"xpath","value":"//*[@id=\"backBtn\"]"}
COMMAND: POST /session/bec8a573df020c8deb08d6f6d0268940/element/f.9C0DC89F5674B9B0DCF90D82E445BD45.d.6804566E07E647C7B6E3CDCF50D90A8D.e.5661/click - {}
RESULT: {}
COMMAND: GET /session/bec8a573df020c8deb08d6f6d0268940/screenshot - {}
RESULT: {}
]]></system-out>
    </testcase>
    <testcase classname="chrome.135_0_7049_42.windows.Sanity_Tests_US104253" name="Should open Schedule Jobs page" time="31.113">
      <system-out><![CDATA[
COMMAND: POST /session/bec8a573df020c8deb08d6f6d0268940/execute/async - {"script":"<script> [1562 bytes]","args":[{"selector":{"controlType":"sap.m.GenericTile","properties":{"header":"Schedule Jobs"}},"wdio_ui5_key":"sapm.GenericTile{\"header\":\"Schedule Jobs\"}"}]}
RESULT: {"script":"<script> [1562 bytes]","args":[{"selector":{"controlType":"sap.m.GenericTile","properties":{"header":"Schedule Jobs"}},"wdio_ui5_key":"sapm.GenericTile{\"header\":\"Schedule Jobs\"}"}]}
RESULT: undefined
COMMAND: POST /session/bec8a573df020c8deb08d6f6d0268940/element - {"using":"xpath","value":"//*[@id=\"__tile127\"]"}
RESULT: {"using":"xpath","value":"//*[@id=\"__tile127\"]"}
COMMAND: POST /session/bec8a573df020c8deb08d6f6d0268940/element/f.9C0DC89F5674B9B0DCF90D82E445BD45.d.6804566E07E647C7B6E3CDCF50D90A8D.e.5664/click - {}
RESULT: {}
COMMAND: GET /session/bec8a573df020c8deb08d6f6d0268940/screenshot - {}
RESULT: {}
RESULT: undefined
COMMAND: POST /session/bec8a573df020c8deb08d6f6d0268940/element - {"using":"xpath","value":"//*[@id=\"__tile127\"]"}
RESULT: {"using":"xpath","value":"//*[@id=\"__tile127\"]"}
COMMAND: POST /session/bec8a573df020c8deb08d6f6d0268940/element/f.9C0DC89F5674B9B0DCF90D82E445BD45.d.6804566E07E647C7B6E3CDCF50D90A8D.e.5664/click - {}
RESULT: undefined
COMMAND: POST /session/bec8a573df020c8deb08d6f6d0268940/element - {"using":"xpath","value":"//*[@id=\"__tile127\"]"}
RESULT: {"using":"xpath","value":"//*[@id=\"__tile127\"]"}
COMMAND: POST /session/bec8a573df020c8deb08d6f6d0268940/element/f.9C0DC89F5674B9B0DCF90D82E445BD45.d.6804566E07E647C7B6E3CDCF50D90A8D.e.5664/click - {}
RESULT: undefined
COMMAND: POST /session/bec8a573df020c8deb08d6f6d0268940/execute/async - {"script":"<script> [6424 bytes]","args":[{"element-6066-11e4-a52e-4f735466cecf":"f.9C0DC89F5674B9B0DCF90D82E445BD45.d.6804566E07E647C7B6E3CDCF50D90A8D.e.290"},"getTitle",[]]}
COMMAND: POST /session/bec8a573df020c8deb08d6f6d0268940/execute/async - {"script":"<script> [1562 bytes]","args":[{"selector":{"id":"shellAppTitle"},"wdio_ui5_key":"shellAppTitle"}]}
RESULT: {"script":"<script> [1562 bytes]","args":[{"selector":{"id":"shellAppTitle"},"wdio_ui5_key":"shellAppTitle"}]}
COMMAND: POST /session/bec8a573df020c8deb08d6f6d0268940/execute/async - {"script":"<script> [6424 bytes]","args":[{"element-6066-11e4-a52e-4f735466cecf":"f.9C0DC89F5674B9B0DCF90D82E445BD45.d.6804566E07E647C7B6E3CDCF50D90A8D.e.5709"},"getTitle",[]]}
RESULT: {"script":"<script> [6424 bytes]","args":[{"element-6066-11e4-a52e-4f735466cecf":"f.9C0DC89F5674B9B0DCF90D82E445BD45.d.6804566E07E647C7B6E3CDCF50D90A8D.e.5709"},"getTitle",[]]}
RESULT: undefined
COMMAND: POST /session/bec8a573df020c8deb08d6f6d0268940/element/f.9C0DC89F5674B9B0DCF90D82E445BD45.d.6804566E07E647C7B6E3CDCF50D90A8D.e.5661/click - {}
COMMAND: POST /session/bec8a573df020c8deb08d6f6d0268940/element/f.9C0DC89F5674B9B0DCF90D82E445BD45.d.6804566E07E647C7B6E3CDCF50D90A8D.e.5661/click - {}
RESULT: {}
COMMAND: GET /session/bec8a573df020c8deb08d6f6d0268940/screenshot - {}
COMMAND: POST /session/bec8a573df020c8deb08d6f6d0268940/element - {"using":"xpath","value":"//*[@id=\"backBtn\"]"}
RESULT: {}
RESULT: {"using":"xpath","value":"//*[@id=\"backBtn\"]"}
COMMAND: POST /session/bec8a573df020c8deb08d6f6d0268940/elements - {"using":"xpath","value":"//*[@id=\"backBtn\"]"}
RESULT: {"using":"xpath","value":"//*[@id=\"backBtn\"]"}
COMMAND: POST /session/bec8a573df020c8deb08d6f6d0268940/elements - {"using":"xpath","value":"//*[@id=\"backBtn\"]"}
RESULT: {"using":"xpath","value":"//*[@id=\"backBtn\"]"}
COMMAND: POST /session/bec8a573df020c8deb08d6f6d0268940/elements - {"using":"xpath","value":"//*[@id=\"backBtn\"]"}
RESULT: {"using":"xpath","value":"//*[@id=\"backBtn\"]"}
COMMAND: POST /session/bec8a573df020c8deb08d6f6d0268940/elements - {"using":"xpath","value":"//*[@id=\"backBtn\"]"}
RESULT: {"using":"xpath","value":"//*[@id=\"backBtn\"]"}
COMMAND: POST /session/bec8a573df020c8deb08d6f6d0268940/elements - {"using":"xpath","value":"//*[@id=\"backBtn\"]"}
RESULT: {"using":"xpath","value":"//*[@id=\"backBtn\"]"}
COMMAND: POST /session/bec8a573df020c8deb08d6f6d0268940/elements - {"using":"xpath","value":"//*[@id=\"backBtn\"]"}
RESULT: {"using":"xpath","value":"//*[@id=\"backBtn\"]"}
COMMAND: POST /session/bec8a573df020c8deb08d6f6d0268940/elements - {"using":"xpath","value":"//*[@id=\"backBtn\"]"}
RESULT: {"using":"xpath","value":"//*[@id=\"backBtn\"]"}
COMMAND: POST /session/bec8a573df020c8deb08d6f6d0268940/elements - {"using":"xpath","value":"//*[@id=\"backBtn\"]"}
RESULT: {"using":"xpath","value":"//*[@id=\"backBtn\"]"}
COMMAND: POST /session/bec8a573df020c8deb08d6f6d0268940/elements - {"using":"xpath","value":"//*[@id=\"backBtn\"]"}
RESULT: {"using":"xpath","value":"//*[@id=\"backBtn\"]"}
COMMAND: POST /session/bec8a573df020c8deb08d6f6d0268940/elements - {"using":"xpath","value":"//*[@id=\"backBtn\"]"}
RESULT: {"using":"xpath","value":"//*[@id=\"backBtn\"]"}
COMMAND: POST /session/bec8a573df020c8deb08d6f6d0268940/elements - {"using":"xpath","value":"//*[@id=\"backBtn\"]"}
RESULT: {"using":"xpath","value":"//*[@id=\"backBtn\"]"}
COMMAND: POST /session/bec8a573df020c8deb08d6f6d0268940/elements - {"using":"xpath","value":"//*[@id=\"backBtn\"]"}
RESULT: {"using":"xpath","value":"//*[@id=\"backBtn\"]"}
COMMAND: POST /session/bec8a573df020c8deb08d6f6d0268940/elements - {"using":"xpath","value":"//*[@id=\"backBtn\"]"}
RESULT: {"using":"xpath","value":"//*[@id=\"backBtn\"]"}
COMMAND: POST /session/bec8a573df020c8deb08d6f6d0268940/elements - {"using":"xpath","value":"//*[@id=\"backBtn\"]"}
]]></system-out>
    </testcase>
    <testcase classname="chrome.135_0_7049_42.windows.Sanity_Tests_US104253" name="Should open Jobs Setup page" time="27.258">
      <system-out><![CDATA[
COMMAND: POST /session/bec8a573df020c8deb08d6f6d0268940/execute/async - {"script":"<script> [1562 bytes]","args":[{"selector":{"controlType":"sap.m.GenericTile","properties":{"header":"Jobs Setup"}},"wdio_ui5_key":"sapm.GenericTile{\"header\":\"Jobs Setup\"}"}]}
RESULT: {"using":"xpath","value":"//*[@id=\"backBtn\"]"}
COMMAND: POST /session/bec8a573df020c8deb08d6f6d0268940/elements - {"using":"xpath","value":"//*[@id=\"backBtn\"]"}
RESULT: {"script":"<script> [1562 bytes]","args":[{"selector":{"controlType":"sap.m.GenericTile","properties":{"header":"Jobs Setup"}},"wdio_ui5_key":"sapm.GenericTile{\"header\":\"Jobs Setup\"}"}]}
RESULT: undefined
COMMAND: POST /session/bec8a573df020c8deb08d6f6d0268940/element - {"using":"xpath","value":"//*[@id=\"__tile128\"]"}
RESULT: {"using":"xpath","value":"//*[@id=\"backBtn\"]"}
COMMAND: POST /session/bec8a573df020c8deb08d6f6d0268940/elements - {"using":"xpath","value":"//*[@id=\"backBtn\"]"}
RESULT: {"using":"xpath","value":"//*[@id=\"__tile128\"]"}
COMMAND: POST /session/bec8a573df020c8deb08d6f6d0268940/element/f.9C0DC89F5674B9B0DCF90D82E445BD45.d.6804566E07E647C7B6E3CDCF50D90A8D.e.5711/click - {}
RESULT: {"using":"xpath","value":"//*[@id=\"backBtn\"]"}
COMMAND: POST /session/bec8a573df020c8deb08d6f6d0268940/elements - {"using":"xpath","value":"//*[@id=\"backBtn\"]"}
RESULT: {}
COMMAND: GET /session/bec8a573df020c8deb08d6f6d0268940/screenshot - {}
RESULT: {"using":"xpath","value":"//*[@id=\"backBtn\"]"}
COMMAND: POST /session/bec8a573df020c8deb08d6f6d0268940/elements - {"using":"xpath","value":"//*[@id=\"backBtn\"]"}
RESULT: {}
RESULT: {"using":"xpath","value":"//*[@id=\"backBtn\"]"}
COMMAND: POST /session/bec8a573df020c8deb08d6f6d0268940/elements - {"using":"xpath","value":"//*[@id=\"backBtn\"]"}
RESULT: {"using":"xpath","value":"//*[@id=\"backBtn\"]"}
COMMAND: POST /session/bec8a573df020c8deb08d6f6d0268940/elements - {"using":"xpath","value":"//*[@id=\"backBtn\"]"}
RESULT: {"using":"xpath","value":"//*[@id=\"backBtn\"]"}
COMMAND: POST /session/bec8a573df020c8deb08d6f6d0268940/element - {"using":"xpath","value":"//*[@id=\"backBtn\"]"}
RESULT: {"using":"xpath","value":"//*[@id=\"backBtn\"]"}
COMMAND: POST /session/bec8a573df020c8deb08d6f6d0268940/element/f.9C0DC89F5674B9B0DCF90D82E445BD45.d.6804566E07E647C7B6E3CDCF50D90A8D.e.5661/click - {}
COMMAND: POST /session/bec8a573df020c8deb08d6f6d0268940/element - {"using":"xpath","value":"//*[@id=\"backBtn\"]"}
RESULT: {"using":"xpath","value":"//*[@id=\"backBtn\"]"}
COMMAND: POST /session/bec8a573df020c8deb08d6f6d0268940/element/f.9C0DC89F5674B9B0DCF90D82E445BD45.d.6804566E07E647C7B6E3CDCF50D90A8D.e.5775/click - {}
RESULT: {}
COMMAND: GET /session/bec8a573df020c8deb08d6f6d0268940/screenshot - {}
RESULT: {}
RESULT: undefined
COMMAND: POST /session/bec8a573df020c8deb08d6f6d0268940/element - {"using":"xpath","value":"//*[@id=\"__tile128\"]"}
RESULT: {"using":"xpath","value":"//*[@id=\"__tile128\"]"}
COMMAND: POST /session/bec8a573df020c8deb08d6f6d0268940/element/f.9C0DC89F5674B9B0DCF90D82E445BD45.d.6804566E07E647C7B6E3CDCF50D90A8D.e.5711/click - {}
RESULT: undefined
COMMAND: POST /session/bec8a573df020c8deb08d6f6d0268940/element - {"using":"xpath","value":"//*[@id=\"__tile128\"]"}
RESULT: {"using":"xpath","value":"//*[@id=\"__tile128\"]"}
COMMAND: POST /session/bec8a573df020c8deb08d6f6d0268940/element/f.9C0DC89F5674B9B0DCF90D82E445BD45.d.6804566E07E647C7B6E3CDCF50D90A8D.e.5711/click - {}
RESULT: undefined
COMMAND: POST /session/bec8a573df020c8deb08d6f6d0268940/execute/async - {"script":"<script> [6424 bytes]","args":[{"element-6066-11e4-a52e-4f735466cecf":"f.9C0DC89F5674B9B0DCF90D82E445BD45.d.6804566E07E647C7B6E3CDCF50D90A8D.e.290"},"getTitle",[]]}
COMMAND: POST /session/bec8a573df020c8deb08d6f6d0268940/execute/async - {"script":"<script> [1562 bytes]","args":[{"selector":{"id":"shellAppTitle"},"wdio_ui5_key":"shellAppTitle"}]}
RESULT: {"script":"<script> [1562 bytes]","args":[{"selector":{"id":"shellAppTitle"},"wdio_ui5_key":"shellAppTitle"}]}
COMMAND: POST /session/bec8a573df020c8deb08d6f6d0268940/execute/async - {"script":"<script> [6424 bytes]","args":[{"element-6066-11e4-a52e-4f735466cecf":"f.9C0DC89F5674B9B0DCF90D82E445BD45.d.6804566E07E647C7B6E3CDCF50D90A8D.e.5896"},"getTitle",[]]}
RESULT: {"script":"<script> [6424 bytes]","args":[{"element-6066-11e4-a52e-4f735466cecf":"f.9C0DC89F5674B9B0DCF90D82E445BD45.d.6804566E07E647C7B6E3CDCF50D90A8D.e.5896"},"getTitle",[]]}
RESULT: undefined
COMMAND: POST /session/bec8a573df020c8deb08d6f6d0268940/element/f.9C0DC89F5674B9B0DCF90D82E445BD45.d.6804566E07E647C7B6E3CDCF50D90A8D.e.5775/click - {}
COMMAND: POST /session/bec8a573df020c8deb08d6f6d0268940/element/f.9C0DC89F5674B9B0DCF90D82E445BD45.d.6804566E07E647C7B6E3CDCF50D90A8D.e.5775/click - {}
RESULT: {}
COMMAND: GET /session/bec8a573df020c8deb08d6f6d0268940/screenshot - {}
RESULT: {}
COMMAND: GET /session/bec8a573df020c8deb08d6f6d0268940/screenshot - {}
RESULT: {}
RESULT: {}
]]></system-out>
    </testcase>
    <testcase classname="chrome.135_0_7049_42.windows.Sanity_Tests_US104253" name="Should open Target Systems Configuration page" time="27.387">
      <system-out><![CDATA[
COMMAND: POST /session/bec8a573df020c8deb08d6f6d0268940/execute/async - {"script":"<script> [1562 bytes]","args":[{"selector":{"controlType":"sap.m.GenericTile","properties":{"header":"Target Systems Configuration"}},"wdio_ui5_key":"sapm.GenericTile{\"header\":\"Target Systems Configuration\"}"}]}
RESULT: {"script":"<script> [1562 bytes]","args":[{"selector":{"controlType":"sap.m.GenericTile","properties":{"header":"Target Systems Configuration"}},"wdio_ui5_key":"sapm.GenericTile{\"header\":\"Target Systems Configuration\"}"}]}
RESULT: undefined
COMMAND: POST /session/bec8a573df020c8deb08d6f6d0268940/element - {"using":"xpath","value":"//*[@id=\"__tile129\"]"}
RESULT: {"using":"xpath","value":"//*[@id=\"__tile129\"]"}
COMMAND: POST /session/bec8a573df020c8deb08d6f6d0268940/element/f.9C0DC89F5674B9B0DCF90D82E445BD45.d.6804566E07E647C7B6E3CDCF50D90A8D.e.5898/click - {}
RESULT: {}
COMMAND: GET /session/bec8a573df020c8deb08d6f6d0268940/screenshot - {}
RESULT: {}
RESULT: undefined
COMMAND: POST /session/bec8a573df020c8deb08d6f6d0268940/element - {"using":"xpath","value":"//*[@id=\"__tile129\"]"}
RESULT: {"using":"xpath","value":"//*[@id=\"__tile129\"]"}
COMMAND: POST /session/bec8a573df020c8deb08d6f6d0268940/element/f.9C0DC89F5674B9B0DCF90D82E445BD45.d.6804566E07E647C7B6E3CDCF50D90A8D.e.5898/click - {}
RESULT: undefined
COMMAND: POST /session/bec8a573df020c8deb08d6f6d0268940/element - {"using":"xpath","value":"//*[@id=\"__tile129\"]"}
RESULT: {"using":"xpath","value":"//*[@id=\"__tile129\"]"}
COMMAND: POST /session/bec8a573df020c8deb08d6f6d0268940/element/f.9C0DC89F5674B9B0DCF90D82E445BD45.d.6804566E07E647C7B6E3CDCF50D90A8D.e.5898/click - {}
RESULT: undefined
COMMAND: POST /session/bec8a573df020c8deb08d6f6d0268940/execute/async - {"script":"<script> [6424 bytes]","args":[{"element-6066-11e4-a52e-4f735466cecf":"f.9C0DC89F5674B9B0DCF90D82E445BD45.d.6804566E07E647C7B6E3CDCF50D90A8D.e.290"},"getTitle",[]]}
COMMAND: POST /session/bec8a573df020c8deb08d6f6d0268940/execute/async - {"script":"<script> [1562 bytes]","args":[{"selector":{"id":"shellAppTitle"},"wdio_ui5_key":"shellAppTitle"}]}
RESULT: {"script":"<script> [1562 bytes]","args":[{"selector":{"id":"shellAppTitle"},"wdio_ui5_key":"shellAppTitle"}]}
COMMAND: POST /session/bec8a573df020c8deb08d6f6d0268940/execute/async - {"script":"<script> [6424 bytes]","args":[{"element-6066-11e4-a52e-4f735466cecf":"f.9C0DC89F5674B9B0DCF90D82E445BD45.d.6804566E07E647C7B6E3CDCF50D90A8D.e.5967"},"getTitle",[]]}
RESULT: {"script":"<script> [6424 bytes]","args":[{"element-6066-11e4-a52e-4f735466cecf":"f.9C0DC89F5674B9B0DCF90D82E445BD45.d.6804566E07E647C7B6E3CDCF50D90A8D.e.5967"},"getTitle",[]]}
RESULT: undefined
COMMAND: POST /session/bec8a573df020c8deb08d6f6d0268940/element/f.9C0DC89F5674B9B0DCF90D82E445BD45.d.6804566E07E647C7B6E3CDCF50D90A8D.e.5775/click - {}
COMMAND: POST /session/bec8a573df020c8deb08d6f6d0268940/element/f.9C0DC89F5674B9B0DCF90D82E445BD45.d.6804566E07E647C7B6E3CDCF50D90A8D.e.5775/click - {}
RESULT: {}
COMMAND: GET /session/bec8a573df020c8deb08d6f6d0268940/screenshot - {}
COMMAND: POST /session/bec8a573df020c8deb08d6f6d0268940/element - {"using":"xpath","value":"//*[@id=\"backBtn\"]"}
RESULT: {}
RESULT: {"using":"xpath","value":"//*[@id=\"backBtn\"]"}
COMMAND: POST /session/bec8a573df020c8deb08d6f6d0268940/elements - {"using":"xpath","value":"//*[@id=\"backBtn\"]"}
RESULT: {"using":"xpath","value":"//*[@id=\"backBtn\"]"}
COMMAND: POST /session/bec8a573df020c8deb08d6f6d0268940/elements - {"using":"xpath","value":"//*[@id=\"backBtn\"]"}
RESULT: {"using":"xpath","value":"//*[@id=\"backBtn\"]"}
COMMAND: POST /session/bec8a573df020c8deb08d6f6d0268940/elements - {"using":"xpath","value":"//*[@id=\"backBtn\"]"}
RESULT: {"using":"xpath","value":"//*[@id=\"backBtn\"]"}
COMMAND: POST /session/bec8a573df020c8deb08d6f6d0268940/elements - {"using":"xpath","value":"//*[@id=\"backBtn\"]"}
RESULT: {"using":"xpath","value":"//*[@id=\"backBtn\"]"}
COMMAND: POST /session/bec8a573df020c8deb08d6f6d0268940/elements - {"using":"xpath","value":"//*[@id=\"backBtn\"]"}
RESULT: {"using":"xpath","value":"//*[@id=\"backBtn\"]"}
COMMAND: POST /session/bec8a573df020c8deb08d6f6d0268940/elements - {"using":"xpath","value":"//*[@id=\"backBtn\"]"}
RESULT: {"using":"xpath","value":"//*[@id=\"backBtn\"]"}
COMMAND: POST /session/bec8a573df020c8deb08d6f6d0268940/elements - {"using":"xpath","value":"//*[@id=\"backBtn\"]"}
RESULT: {"using":"xpath","value":"//*[@id=\"backBtn\"]"}
COMMAND: POST /session/bec8a573df020c8deb08d6f6d0268940/elements - {"using":"xpath","value":"//*[@id=\"backBtn\"]"}
RESULT: {"using":"xpath","value":"//*[@id=\"backBtn\"]"}
COMMAND: POST /session/bec8a573df020c8deb08d6f6d0268940/elements - {"using":"xpath","value":"//*[@id=\"backBtn\"]"}
RESULT: {"using":"xpath","value":"//*[@id=\"backBtn\"]"}
COMMAND: POST /session/bec8a573df020c8deb08d6f6d0268940/elements - {"using":"xpath","value":"//*[@id=\"backBtn\"]"}
RESULT: {"using":"xpath","value":"//*[@id=\"backBtn\"]"}
COMMAND: POST /session/bec8a573df020c8deb08d6f6d0268940/elements - {"using":"xpath","value":"//*[@id=\"backBtn\"]"}
RESULT: {"using":"xpath","value":"//*[@id=\"backBtn\"]"}
COMMAND: POST /session/bec8a573df020c8deb08d6f6d0268940/elements - {"using":"xpath","value":"//*[@id=\"backBtn\"]"}
RESULT: {"using":"xpath","value":"//*[@id=\"backBtn\"]"}
COMMAND: POST /session/bec8a573df020c8deb08d6f6d0268940/elements - {"using":"xpath","value":"//*[@id=\"backBtn\"]"}
RESULT: {"using":"xpath","value":"//*[@id=\"backBtn\"]"}
COMMAND: POST /session/bec8a573df020c8deb08d6f6d0268940/elements - {"using":"xpath","value":"//*[@id=\"backBtn\"]"}
RESULT: {"using":"xpath","value":"//*[@id=\"backBtn\"]"}
COMMAND: POST /session/bec8a573df020c8deb08d6f6d0268940/elements - {"using":"xpath","value":"//*[@id=\"backBtn\"]"}
RESULT: {"using":"xpath","value":"//*[@id=\"backBtn\"]"}
COMMAND: POST /session/bec8a573df020c8deb08d6f6d0268940/elements - {"using":"xpath","value":"//*[@id=\"backBtn\"]"}
RESULT: {"using":"xpath","value":"//*[@id=\"backBtn\"]"}
COMMAND: POST /session/bec8a573df020c8deb08d6f6d0268940/elements - {"using":"xpath","value":"//*[@id=\"backBtn\"]"}
RESULT: {"using":"xpath","value":"//*[@id=\"backBtn\"]"}
COMMAND: POST /session/bec8a573df020c8deb08d6f6d0268940/elements - {"using":"xpath","value":"//*[@id=\"backBtn\"]"}
RESULT: {"using":"xpath","value":"//*[@id=\"backBtn\"]"}
COMMAND: POST /session/bec8a573df020c8deb08d6f6d0268940/elements - {"using":"xpath","value":"//*[@id=\"backBtn\"]"}
RESULT: {"using":"xpath","value":"//*[@id=\"backBtn\"]"}
COMMAND: POST /session/bec8a573df020c8deb08d6f6d0268940/elements - {"using":"xpath","value":"//*[@id=\"backBtn\"]"}
RESULT: {"using":"xpath","value":"//*[@id=\"backBtn\"]"}
COMMAND: POST /session/bec8a573df020c8deb08d6f6d0268940/elements - {"using":"xpath","value":"//*[@id=\"backBtn\"]"}
RESULT: {"using":"xpath","value":"//*[@id=\"backBtn\"]"}
COMMAND: POST /session/bec8a573df020c8deb08d6f6d0268940/elements - {"using":"xpath","value":"//*[@id=\"backBtn\"]"}
RESULT: {"using":"xpath","value":"//*[@id=\"backBtn\"]"}
COMMAND: POST /session/bec8a573df020c8deb08d6f6d0268940/elements - {"using":"xpath","value":"//*[@id=\"backBtn\"]"}
RESULT: {"using":"xpath","value":"//*[@id=\"backBtn\"]"}
COMMAND: POST /session/bec8a573df020c8deb08d6f6d0268940/elements - {"using":"xpath","value":"//*[@id=\"backBtn\"]"}
RESULT: {"using":"xpath","value":"//*[@id=\"backBtn\"]"}
COMMAND: POST /session/bec8a573df020c8deb08d6f6d0268940/elements - {"using":"xpath","value":"//*[@id=\"backBtn\"]"}
RESULT: {"using":"xpath","value":"//*[@id=\"backBtn\"]"}
COMMAND: POST /session/bec8a573df020c8deb08d6f6d0268940/elements - {"using":"xpath","value":"//*[@id=\"backBtn\"]"}
RESULT: {"using":"xpath","value":"//*[@id=\"backBtn\"]"}
COMMAND: POST /session/bec8a573df020c8deb08d6f6d0268940/elements - {"using":"xpath","value":"//*[@id=\"backBtn\"]"}
RESULT: {"using":"xpath","value":"//*[@id=\"backBtn\"]"}
COMMAND: POST /session/bec8a573df020c8deb08d6f6d0268940/elements - {"using":"xpath","value":"//*[@id=\"backBtn\"]"}
RESULT: {"using":"xpath","value":"//*[@id=\"backBtn\"]"}
COMMAND: POST /session/bec8a573df020c8deb08d6f6d0268940/elements - {"using":"xpath","value":"//*[@id=\"backBtn\"]"}
RESULT: {"using":"xpath","value":"//*[@id=\"backBtn\"]"}
COMMAND: POST /session/bec8a573df020c8deb08d6f6d0268940/elements - {"using":"xpath","value":"//*[@id=\"backBtn\"]"}
RESULT: {"using":"xpath","value":"//*[@id=\"backBtn\"]"}
COMMAND: POST /session/bec8a573df020c8deb08d6f6d0268940/elements - {"using":"xpath","value":"//*[@id=\"backBtn\"]"}
RESULT: {"using":"xpath","value":"//*[@id=\"backBtn\"]"}
COMMAND: POST /session/bec8a573df020c8deb08d6f6d0268940/elements - {"using":"xpath","value":"//*[@id=\"backBtn\"]"}
RESULT: {"using":"xpath","value":"//*[@id=\"backBtn\"]"}
COMMAND: POST /session/bec8a573df020c8deb08d6f6d0268940/elements - {"using":"xpath","value":"//*[@id=\"backBtn\"]"}
RESULT: {"using":"xpath","value":"//*[@id=\"backBtn\"]"}
COMMAND: POST /session/bec8a573df020c8deb08d6f6d0268940/elements - {"using":"xpath","value":"//*[@id=\"backBtn\"]"}
RESULT: {"using":"xpath","value":"//*[@id=\"backBtn\"]"}
COMMAND: POST /session/bec8a573df020c8deb08d6f6d0268940/elements - {"using":"xpath","value":"//*[@id=\"backBtn\"]"}
RESULT: {"using":"xpath","value":"//*[@id=\"backBtn\"]"}
COMMAND: POST /session/bec8a573df020c8deb08d6f6d0268940/elements - {"using":"xpath","value":"//*[@id=\"backBtn\"]"}
RESULT: {"using":"xpath","value":"//*[@id=\"backBtn\"]"}
COMMAND: POST /session/bec8a573df020c8deb08d6f6d0268940/elements - {"using":"xpath","value":"//*[@id=\"backBtn\"]"}
RESULT: {"using":"xpath","value":"//*[@id=\"backBtn\"]"}
COMMAND: POST /session/bec8a573df020c8deb08d6f6d0268940/elements - {"using":"xpath","value":"//*[@id=\"backBtn\"]"}
RESULT: {"using":"xpath","value":"//*[@id=\"backBtn\"]"}
COMMAND: POST /session/bec8a573df020c8deb08d6f6d0268940/elements - {"using":"xpath","value":"//*[@id=\"backBtn\"]"}
RESULT: {"using":"xpath","value":"//*[@id=\"backBtn\"]"}
COMMAND: DELETE /session/bec8a573df020c8deb08d6f6d0268940 - {}
COMMAND: POST /session/bec8a573df020c8deb08d6f6d0268940/elements - {"using":"xpath","value":"//*[@id=\"backBtn\"]"}
RESULT: {}
]]></system-out>
    </testcase>
  </testsuite>
</testsuites>