<?xml version="1.0" encoding="UTF-8"?>
<testsuites tests="2" failures="0" errors="0" skipped="0">
  <testsuite timestamp="2025-05-15T15:21:02" time="19.26" tests="2" failures="0" errors="0" skipped="0">
    <properties>
      <property name="specId" value="0" />
      <property name="suiteName" value="Check QaLive System is up, or stop pipeline" />
      <property name="capabilities" value="chrome.136_0_7103_93.windows" />
      <property name="file" value="file:///D:/a/1/s/test/specs/TECH/check-QaLive-up.spec.js" />
    </properties>
    <testcase classname="chrome.136_0_7103_93.windows.Check_QaLive_System_is_up,_or_stop_pipeline" name="should check for errors on the home page and stop pipeline if found" time="0.042">
      <system-out><![CDATA[
COMMAND: GET /session/d14d8fa986519aaaf16a48e88f73fa4b/source - {}
RESULT: {}
]]></system-out>
    </testcase>
    <testcase classname="chrome.136_0_7103_93.windows.Check_QaLive_System_is_up,_or_stop_pipeline" name="should check if the number in the specified element is greater than 0" time="0.037">
      <system-out><![CDATA[
COMMAND: POST /session/d14d8fa986519aaaf16a48e88f73fa4b/element - {"using":"css selector","value":"div.sapSuiteStackedMCBarLabel"}
RESULT: {"using":"css selector","value":"div.sapSuiteStackedMCBarLabel"}
COMMAND: GET /session/d14d8fa986519aaaf16a48e88f73fa4b/element/f.6F49133FE53E583532AAF0990F2696EE.d.B49EC19FE722EB443A76EA998894DB1F.e.144/text - {}
RESULT: {}
COMMAND: DELETE /session/d14d8fa986519aaaf16a48e88f73fa4b - {}
RESULT: {}
]]></system-out>
    </testcase>
  </testsuite>
</testsuites>