<?xml version="1.0" encoding="UTF-8"?>
<testsuites tests="49" failures="0" errors="0" skipped="0">
  <testsuite timestamp="2025-05-27T15:07:52" time="2011.707" tests="49" failures="0" errors="0" skipped="0">
    <properties>
      <property name="specId" value="0"/>
      <property name="suiteName" value="Sanity Tests US104253"/>
      <property name="capabilities" value="chrome.136_0_7103_93.windows"/>
      <property name="file" value="file:///D:/a/1/s/test/specs/General/sanity.spec.js"/>
    </properties>
    <testcase classname="chrome.136_0_7103_93.windows.Sanity_Tests_US104253" name="Should open Manage Partners page" time="48.131">
      <system-out><![CDATA[
COMMAND: POST /session/8f546a329179e62e8dd183950a75cae5/execute/async - {"script":"<script> [1562 bytes]","args":[{"selector":{"controlType":"sap.m.GenericTile","properties":{"header":"Manage Partners"}},"wdio_ui5_key":"sapm.GenericTile{\"header\":\"Manage Partners\"}"}]}
RESULT: {"script":"<script> [1562 bytes]","args":[{"selector":{"controlType":"sap.m.GenericTile","properties":{"header":"Manage Partners"}},"wdio_ui5_key":"sapm.GenericTile{\"header\":\"Manage Partners\"}"}]}
RESULT: undefined
COMMAND: POST /session/8f546a329179e62e8dd183950a75cae5/element - {"using":"xpath","value":"//*[@id=\"__tile38\"]"}
RESULT: {"using":"xpath","value":"//*[@id=\"__tile38\"]"}
COMMAND: POST /session/8f546a329179e62e8dd183950a75cae5/element/f.8CC9874A552313B3A8E13A8A50D78772.d.4125CFCA2CB9BBB3C23D429177129813.e.112/click - {}
RESULT: {}
COMMAND: GET /session/8f546a329179e62e8dd183950a75cae5/screenshot - {}
RESULT: {}
COMMAND: POST /session/8f546a329179e62e8dd183950a75cae5/elements - {"using":"xpath","value":"//span[text()='Error']"}
RESULT: {"using":"xpath","value":"//span[text()='Error']"}
RESULT: undefined
COMMAND: POST /session/8f546a329179e62e8dd183950a75cae5/element - {"using":"xpath","value":"//*[@id=\"__tile38\"]"}
RESULT: {"using":"xpath","value":"//*[@id=\"__tile38\"]"}
COMMAND: POST /session/8f546a329179e62e8dd183950a75cae5/element/f.8CC9874A552313B3A8E13A8A50D78772.d.4125CFCA2CB9BBB3C23D429177129813.e.112/click - {}
RESULT: undefined
COMMAND: POST /session/8f546a329179e62e8dd183950a75cae5/element - {"using":"xpath","value":"//*[@id=\"__tile38\"]"}
RESULT: {"using":"xpath","value":"//*[@id=\"__tile38\"]"}
COMMAND: POST /session/8f546a329179e62e8dd183950a75cae5/element/f.8CC9874A552313B3A8E13A8A50D78772.d.4125CFCA2CB9BBB3C23D429177129813.e.112/click - {}
COMMAND: POST /session/8f546a329179e62e8dd183950a75cae5/execute/async - {"script":"<script> [1562 bytes]","args":[{"selector":{"id":"shellAppTitle"},"wdio_ui5_key":"shellAppTitle"}]}
RESULT: {"script":"<script> [1562 bytes]","args":[{"selector":{"id":"shellAppTitle"},"wdio_ui5_key":"shellAppTitle"}]}
RESULT: undefined
COMMAND: POST /session/8f546a329179e62e8dd183950a75cae5/execute/async - {"script":"<script> [6424 bytes]","args":[{"element-6066-11e4-a52e-4f735466cecf":"f.8CC9874A552313B3A8E13A8A50D78772.d.4125CFCA2CB9BBB3C23D429177129813.e.286"},"getTitle",[]]}
RESULT: {"script":"<script> [6424 bytes]","args":[{"element-6066-11e4-a52e-4f735466cecf":"f.8CC9874A552313B3A8E13A8A50D78772.d.4125CFCA2CB9BBB3C23D429177129813.e.286"},"getTitle",[]]}
COMMAND: POST /session/8f546a329179e62e8dd183950a75cae5/execute/async - {"script":"<script> [1562 bytes]","args":[{"selector":{"id":"backBtn"},"wdio_ui5_key":"backBtn"}]}
RESULT: {"script":"<script> [1562 bytes]","args":[{"selector":{"id":"backBtn"},"wdio_ui5_key":"backBtn"}]}
RESULT: undefined
COMMAND: POST /session/8f546a329179e62e8dd183950a75cae5/element - {"using":"xpath","value":"//*[@id=\"backBtn\"]"}
RESULT: {"using":"xpath","value":"//*[@id=\"backBtn\"]"}
COMMAND: POST /session/8f546a329179e62e8dd183950a75cae5/element/f.8CC9874A552313B3A8E13A8A50D78772.d.4125CFCA2CB9BBB3C23D429177129813.e.287/click - {}
RESULT: {}
COMMAND: GET /session/8f546a329179e62e8dd183950a75cae5/screenshot - {}
RESULT: {}
]]></system-out>
    </testcase>
    <testcase classname="chrome.136_0_7103_93.windows.Sanity_Tests_US104253" name="Should open Manage Sites page" time="36.664">
      <system-out><![CDATA[
COMMAND: POST /session/8f546a329179e62e8dd183950a75cae5/execute/async - {"script":"<script> [1562 bytes]","args":[{"selector":{"controlType":"sap.m.GenericTile","properties":{"header":"Manage Sites"}},"wdio_ui5_key":"sapm.GenericTile{\"header\":\"Manage Sites\"}"}]}
RESULT: {"script":"<script> [1562 bytes]","args":[{"selector":{"controlType":"sap.m.GenericTile","properties":{"header":"Manage Sites"}},"wdio_ui5_key":"sapm.GenericTile{\"header\":\"Manage Sites\"}"}]}
RESULT: undefined
COMMAND: POST /session/8f546a329179e62e8dd183950a75cae5/element - {"using":"xpath","value":"//*[@id=\"__tile40\"]"}
RESULT: {"using":"xpath","value":"//*[@id=\"__tile40\"]"}
COMMAND: POST /session/8f546a329179e62e8dd183950a75cae5/element/f.8CC9874A552313B3A8E13A8A50D78772.d.4125CFCA2CB9BBB3C23D429177129813.e.289/click - {}
RESULT: {}
COMMAND: GET /session/8f546a329179e62e8dd183950a75cae5/screenshot - {}
RESULT: {}
COMMAND: POST /session/8f546a329179e62e8dd183950a75cae5/elements - {"using":"xpath","value":"//span[text()='Error']"}
RESULT: {"using":"xpath","value":"//span[text()='Error']"}
RESULT: undefined
COMMAND: POST /session/8f546a329179e62e8dd183950a75cae5/element - {"using":"xpath","value":"//*[@id=\"__tile40\"]"}
RESULT: {"using":"xpath","value":"//*[@id=\"__tile40\"]"}
COMMAND: POST /session/8f546a329179e62e8dd183950a75cae5/element/f.8CC9874A552313B3A8E13A8A50D78772.d.4125CFCA2CB9BBB3C23D429177129813.e.289/click - {}
RESULT: undefined
COMMAND: POST /session/8f546a329179e62e8dd183950a75cae5/element - {"using":"xpath","value":"//*[@id=\"__tile40\"]"}
RESULT: {"using":"xpath","value":"//*[@id=\"__tile40\"]"}
COMMAND: POST /session/8f546a329179e62e8dd183950a75cae5/element/f.8CC9874A552313B3A8E13A8A50D78772.d.4125CFCA2CB9BBB3C23D429177129813.e.289/click - {}
RESULT: undefined
COMMAND: POST /session/8f546a329179e62e8dd183950a75cae5/execute/async - {"script":"<script> [6424 bytes]","args":[{"element-6066-11e4-a52e-4f735466cecf":"f.8CC9874A552313B3A8E13A8A50D78772.d.4125CFCA2CB9BBB3C23D429177129813.e.286"},"getTitle",[]]}
COMMAND: POST /session/8f546a329179e62e8dd183950a75cae5/execute/async - {"script":"<script> [1562 bytes]","args":[{"selector":{"id":"shellAppTitle"},"wdio_ui5_key":"shellAppTitle"}]}
RESULT: {"script":"<script> [1562 bytes]","args":[{"selector":{"id":"shellAppTitle"},"wdio_ui5_key":"shellAppTitle"}]}
COMMAND: POST /session/8f546a329179e62e8dd183950a75cae5/execute/async - {"script":"<script> [6424 bytes]","args":[{"element-6066-11e4-a52e-4f735466cecf":"f.8CC9874A552313B3A8E13A8A50D78772.d.4125CFCA2CB9BBB3C23D429177129813.e.477"},"getTitle",[]]}
RESULT: {"script":"<script> [6424 bytes]","args":[{"element-6066-11e4-a52e-4f735466cecf":"f.8CC9874A552313B3A8E13A8A50D78772.d.4125CFCA2CB9BBB3C23D429177129813.e.477"},"getTitle",[]]}
RESULT: undefined
COMMAND: POST /session/8f546a329179e62e8dd183950a75cae5/element/f.8CC9874A552313B3A8E13A8A50D78772.d.4125CFCA2CB9BBB3C23D429177129813.e.287/click - {}
RESULT: {}
COMMAND: GET /session/8f546a329179e62e8dd183950a75cae5/screenshot - {}
RESULT: {}
]]></system-out>
    </testcase>
    <testcase classname="chrome.136_0_7103_93.windows.Sanity_Tests_US104253" name="Should open Manage Resources page" time="40.392">
      <system-out><![CDATA[
COMMAND: POST /session/8f546a329179e62e8dd183950a75cae5/execute/async - {"script":"<script> [1562 bytes]","args":[{"selector":{"controlType":"sap.m.GenericTile","properties":{"header":"Manage Resources"}},"wdio_ui5_key":"sapm.GenericTile{\"header\":\"Manage Resources\"}"}]}
RESULT: {"script":"<script> [1562 bytes]","args":[{"selector":{"controlType":"sap.m.GenericTile","properties":{"header":"Manage Resources"}},"wdio_ui5_key":"sapm.GenericTile{\"header\":\"Manage Resources\"}"}]}
RESULT: undefined
COMMAND: POST /session/8f546a329179e62e8dd183950a75cae5/element - {"using":"xpath","value":"//*[@id=\"__tile39\"]"}
RESULT: {"using":"xpath","value":"//*[@id=\"__tile39\"]"}
COMMAND: POST /session/8f546a329179e62e8dd183950a75cae5/element/f.8CC9874A552313B3A8E13A8A50D78772.d.4125CFCA2CB9BBB3C23D429177129813.e.479/click - {}
RESULT: {}
COMMAND: GET /session/8f546a329179e62e8dd183950a75cae5/screenshot - {}
RESULT: {}
COMMAND: POST /session/8f546a329179e62e8dd183950a75cae5/elements - {"using":"xpath","value":"//span[text()='Error']"}
RESULT: {"using":"xpath","value":"//span[text()='Error']"}
RESULT: undefined
COMMAND: POST /session/8f546a329179e62e8dd183950a75cae5/element - {"using":"xpath","value":"//*[@id=\"__tile39\"]"}
RESULT: {"using":"xpath","value":"//*[@id=\"__tile39\"]"}
COMMAND: POST /session/8f546a329179e62e8dd183950a75cae5/element/f.8CC9874A552313B3A8E13A8A50D78772.d.4125CFCA2CB9BBB3C23D429177129813.e.479/click - {}
RESULT: undefined
COMMAND: POST /session/8f546a329179e62e8dd183950a75cae5/element - {"using":"xpath","value":"//*[@id=\"__tile39\"]"}
RESULT: {"using":"xpath","value":"//*[@id=\"__tile39\"]"}
COMMAND: POST /session/8f546a329179e62e8dd183950a75cae5/element/f.8CC9874A552313B3A8E13A8A50D78772.d.4125CFCA2CB9BBB3C23D429177129813.e.479/click - {}
RESULT: undefined
COMMAND: POST /session/8f546a329179e62e8dd183950a75cae5/execute/async - {"script":"<script> [6424 bytes]","args":[{"element-6066-11e4-a52e-4f735466cecf":"f.8CC9874A552313B3A8E13A8A50D78772.d.4125CFCA2CB9BBB3C23D429177129813.e.286"},"getTitle",[]]}
COMMAND: POST /session/8f546a329179e62e8dd183950a75cae5/execute/async - {"script":"<script> [1562 bytes]","args":[{"selector":{"id":"shellAppTitle"},"wdio_ui5_key":"shellAppTitle"}]}
RESULT: {"script":"<script> [1562 bytes]","args":[{"selector":{"id":"shellAppTitle"},"wdio_ui5_key":"shellAppTitle"}]}
COMMAND: POST /session/8f546a329179e62e8dd183950a75cae5/execute/async - {"script":"<script> [6424 bytes]","args":[{"element-6066-11e4-a52e-4f735466cecf":"f.8CC9874A552313B3A8E13A8A50D78772.d.4125CFCA2CB9BBB3C23D429177129813.e.654"},"getTitle",[]]}
RESULT: {"script":"<script> [6424 bytes]","args":[{"element-6066-11e4-a52e-4f735466cecf":"f.8CC9874A552313B3A8E13A8A50D78772.d.4125CFCA2CB9BBB3C23D429177129813.e.654"},"getTitle",[]]}
RESULT: undefined
COMMAND: POST /session/8f546a329179e62e8dd183950a75cae5/element/f.8CC9874A552313B3A8E13A8A50D78772.d.4125CFCA2CB9BBB3C23D429177129813.e.287/click - {}
COMMAND: POST /session/8f546a329179e62e8dd183950a75cae5/element - {"using":"xpath","value":"//*[@id=\"backBtn\"]"}
RESULT: {"using":"xpath","value":"//*[@id=\"backBtn\"]"}
COMMAND: POST /session/8f546a329179e62e8dd183950a75cae5/element/f.8CC9874A552313B3A8E13A8A50D78772.d.4125CFCA2CB9BBB3C23D429177129813.e.287/click - {}
COMMAND: POST /session/8f546a329179e62e8dd183950a75cae5/element - {"using":"xpath","value":"//*[@id=\"backBtn\"]"}
RESULT: {"using":"xpath","value":"//*[@id=\"backBtn\"]"}
COMMAND: POST /session/8f546a329179e62e8dd183950a75cae5/element/f.8CC9874A552313B3A8E13A8A50D78772.d.4125CFCA2CB9BBB3C23D429177129813.e.655/click - {}
RESULT: {}
COMMAND: GET /session/8f546a329179e62e8dd183950a75cae5/screenshot - {}
RESULT: {}
]]></system-out>
    </testcase>
    <testcase classname="chrome.136_0_7103_93.windows.Sanity_Tests_US104253" name="Should open Manage Catalogs page" time="36.596">
      <system-out><![CDATA[
COMMAND: POST /session/8f546a329179e62e8dd183950a75cae5/execute/async - {"script":"<script> [1562 bytes]","args":[{"selector":{"controlType":"sap.m.GenericTile","properties":{"header":"Manage Catalogs"}},"wdio_ui5_key":"sapm.GenericTile{\"header\":\"Manage Catalogs\"}"}]}
RESULT: {"script":"<script> [1562 bytes]","args":[{"selector":{"controlType":"sap.m.GenericTile","properties":{"header":"Manage Catalogs"}},"wdio_ui5_key":"sapm.GenericTile{\"header\":\"Manage Catalogs\"}"}]}
RESULT: undefined
COMMAND: POST /session/8f546a329179e62e8dd183950a75cae5/element - {"using":"xpath","value":"//*[@id=\"__tile37\"]"}
RESULT: {"using":"xpath","value":"//*[@id=\"__tile37\"]"}
COMMAND: POST /session/8f546a329179e62e8dd183950a75cae5/element/f.8CC9874A552313B3A8E13A8A50D78772.d.4125CFCA2CB9BBB3C23D429177129813.e.657/click - {}
RESULT: {}
COMMAND: GET /session/8f546a329179e62e8dd183950a75cae5/screenshot - {}
RESULT: {}
COMMAND: POST /session/8f546a329179e62e8dd183950a75cae5/elements - {"using":"xpath","value":"//span[text()='Error']"}
RESULT: {"using":"xpath","value":"//span[text()='Error']"}
RESULT: undefined
COMMAND: POST /session/8f546a329179e62e8dd183950a75cae5/element - {"using":"xpath","value":"//*[@id=\"__tile37\"]"}
RESULT: {"using":"xpath","value":"//*[@id=\"__tile37\"]"}
COMMAND: POST /session/8f546a329179e62e8dd183950a75cae5/element/f.8CC9874A552313B3A8E13A8A50D78772.d.4125CFCA2CB9BBB3C23D429177129813.e.657/click - {}
RESULT: undefined
COMMAND: POST /session/8f546a329179e62e8dd183950a75cae5/element - {"using":"xpath","value":"//*[@id=\"__tile37\"]"}
RESULT: {"using":"xpath","value":"//*[@id=\"__tile37\"]"}
COMMAND: POST /session/8f546a329179e62e8dd183950a75cae5/element/f.8CC9874A552313B3A8E13A8A50D78772.d.4125CFCA2CB9BBB3C23D429177129813.e.657/click - {}
RESULT: undefined
COMMAND: POST /session/8f546a329179e62e8dd183950a75cae5/execute/async - {"script":"<script> [6424 bytes]","args":[{"element-6066-11e4-a52e-4f735466cecf":"f.8CC9874A552313B3A8E13A8A50D78772.d.4125CFCA2CB9BBB3C23D429177129813.e.286"},"getTitle",[]]}
COMMAND: POST /session/8f546a329179e62e8dd183950a75cae5/execute/async - {"script":"<script> [1562 bytes]","args":[{"selector":{"id":"shellAppTitle"},"wdio_ui5_key":"shellAppTitle"}]}
RESULT: {"script":"<script> [1562 bytes]","args":[{"selector":{"id":"shellAppTitle"},"wdio_ui5_key":"shellAppTitle"}]}
COMMAND: POST /session/8f546a329179e62e8dd183950a75cae5/execute/async - {"script":"<script> [6424 bytes]","args":[{"element-6066-11e4-a52e-4f735466cecf":"f.8CC9874A552313B3A8E13A8A50D78772.d.4125CFCA2CB9BBB3C23D429177129813.e.726"},"getTitle",[]]}
RESULT: {"script":"<script> [6424 bytes]","args":[{"element-6066-11e4-a52e-4f735466cecf":"f.8CC9874A552313B3A8E13A8A50D78772.d.4125CFCA2CB9BBB3C23D429177129813.e.726"},"getTitle",[]]}
RESULT: undefined
COMMAND: POST /session/8f546a329179e62e8dd183950a75cae5/element/f.8CC9874A552313B3A8E13A8A50D78772.d.4125CFCA2CB9BBB3C23D429177129813.e.655/click - {}
RESULT: {}
COMMAND: GET /session/8f546a329179e62e8dd183950a75cae5/screenshot - {}
RESULT: {}
]]></system-out>
    </testcase>
    <testcase classname="chrome.136_0_7103_93.windows.Sanity_Tests_US104253" name="Should open Manage Calendars page" time="36.65">
      <system-out><![CDATA[
COMMAND: POST /session/8f546a329179e62e8dd183950a75cae5/execute/async - {"script":"<script> [1562 bytes]","args":[{"selector":{"controlType":"sap.m.GenericTile","properties":{"header":"Manage Calendars"}},"wdio_ui5_key":"sapm.GenericTile{\"header\":\"Manage Calendars\"}"}]}
RESULT: {"script":"<script> [1562 bytes]","args":[{"selector":{"controlType":"sap.m.GenericTile","properties":{"header":"Manage Calendars"}},"wdio_ui5_key":"sapm.GenericTile{\"header\":\"Manage Calendars\"}"}]}
RESULT: undefined
COMMAND: POST /session/8f546a329179e62e8dd183950a75cae5/element - {"using":"xpath","value":"//*[@id=\"__tile36\"]"}
RESULT: {"using":"xpath","value":"//*[@id=\"__tile36\"]"}
COMMAND: POST /session/8f546a329179e62e8dd183950a75cae5/element/f.8CC9874A552313B3A8E13A8A50D78772.d.4125CFCA2CB9BBB3C23D429177129813.e.729/click - {}
RESULT: {}
COMMAND: GET /session/8f546a329179e62e8dd183950a75cae5/screenshot - {}
RESULT: {}
COMMAND: POST /session/8f546a329179e62e8dd183950a75cae5/elements - {"using":"xpath","value":"//span[text()='Error']"}
RESULT: {"using":"xpath","value":"//span[text()='Error']"}
RESULT: undefined
COMMAND: POST /session/8f546a329179e62e8dd183950a75cae5/element - {"using":"xpath","value":"//*[@id=\"__tile36\"]"}
RESULT: {"using":"xpath","value":"//*[@id=\"__tile36\"]"}
COMMAND: POST /session/8f546a329179e62e8dd183950a75cae5/element/f.8CC9874A552313B3A8E13A8A50D78772.d.4125CFCA2CB9BBB3C23D429177129813.e.729/click - {}
RESULT: undefined
COMMAND: POST /session/8f546a329179e62e8dd183950a75cae5/element - {"using":"xpath","value":"//*[@id=\"__tile36\"]"}
RESULT: {"using":"xpath","value":"//*[@id=\"__tile36\"]"}
COMMAND: POST /session/8f546a329179e62e8dd183950a75cae5/element/f.8CC9874A552313B3A8E13A8A50D78772.d.4125CFCA2CB9BBB3C23D429177129813.e.729/click - {}
RESULT: undefined
COMMAND: POST /session/8f546a329179e62e8dd183950a75cae5/execute/async - {"script":"<script> [6424 bytes]","args":[{"element-6066-11e4-a52e-4f735466cecf":"f.8CC9874A552313B3A8E13A8A50D78772.d.4125CFCA2CB9BBB3C23D429177129813.e.286"},"getTitle",[]]}
COMMAND: POST /session/8f546a329179e62e8dd183950a75cae5/execute/async - {"script":"<script> [1562 bytes]","args":[{"selector":{"id":"shellAppTitle"},"wdio_ui5_key":"shellAppTitle"}]}
RESULT: {"script":"<script> [1562 bytes]","args":[{"selector":{"id":"shellAppTitle"},"wdio_ui5_key":"shellAppTitle"}]}
COMMAND: POST /session/8f546a329179e62e8dd183950a75cae5/execute/async - {"script":"<script> [6424 bytes]","args":[{"element-6066-11e4-a52e-4f735466cecf":"f.8CC9874A552313B3A8E13A8A50D78772.d.4125CFCA2CB9BBB3C23D429177129813.e.799"},"getTitle",[]]}
RESULT: {"script":"<script> [6424 bytes]","args":[{"element-6066-11e4-a52e-4f735466cecf":"f.8CC9874A552313B3A8E13A8A50D78772.d.4125CFCA2CB9BBB3C23D429177129813.e.799"},"getTitle",[]]}
RESULT: undefined
COMMAND: POST /session/8f546a329179e62e8dd183950a75cae5/element/f.8CC9874A552313B3A8E13A8A50D78772.d.4125CFCA2CB9BBB3C23D429177129813.e.655/click - {}
COMMAND: POST /session/8f546a329179e62e8dd183950a75cae5/element - {"using":"xpath","value":"//*[@id=\"backBtn\"]"}
RESULT: {"using":"xpath","value":"//*[@id=\"backBtn\"]"}
COMMAND: POST /session/8f546a329179e62e8dd183950a75cae5/element/f.8CC9874A552313B3A8E13A8A50D78772.d.4125CFCA2CB9BBB3C23D429177129813.e.655/click - {}
COMMAND: POST /session/8f546a329179e62e8dd183950a75cae5/element - {"using":"xpath","value":"//*[@id=\"backBtn\"]"}
RESULT: {"using":"xpath","value":"//*[@id=\"backBtn\"]"}
COMMAND: POST /session/8f546a329179e62e8dd183950a75cae5/element/f.8CC9874A552313B3A8E13A8A50D78772.d.4125CFCA2CB9BBB3C23D429177129813.e.800/click - {}
RESULT: {}
COMMAND: GET /session/8f546a329179e62e8dd183950a75cae5/screenshot - {}
RESULT: {}
]]></system-out>
    </testcase>
    <testcase classname="chrome.136_0_7103_93.windows.Sanity_Tests_US104253" name="Should open Address Management page" time="36.81">
      <system-out><![CDATA[
COMMAND: POST /session/8f546a329179e62e8dd183950a75cae5/execute/async - {"script":"<script> [1562 bytes]","args":[{"selector":{"controlType":"sap.m.GenericTile","properties":{"header":"Address Management"}},"wdio_ui5_key":"sapm.GenericTile{\"header\":\"Address Management\"}"}]}
RESULT: {"script":"<script> [1562 bytes]","args":[{"selector":{"controlType":"sap.m.GenericTile","properties":{"header":"Address Management"}},"wdio_ui5_key":"sapm.GenericTile{\"header\":\"Address Management\"}"}]}
RESULT: undefined
COMMAND: POST /session/8f546a329179e62e8dd183950a75cae5/element - {"using":"xpath","value":"//*[@id=\"__tile33\"]"}
RESULT: {"using":"xpath","value":"//*[@id=\"__tile33\"]"}
COMMAND: POST /session/8f546a329179e62e8dd183950a75cae5/element/f.8CC9874A552313B3A8E13A8A50D78772.d.4125CFCA2CB9BBB3C23D429177129813.e.802/click - {}
RESULT: {}
COMMAND: GET /session/8f546a329179e62e8dd183950a75cae5/screenshot - {}
RESULT: {}
COMMAND: POST /session/8f546a329179e62e8dd183950a75cae5/elements - {"using":"xpath","value":"//span[text()='Error']"}
RESULT: {"using":"xpath","value":"//span[text()='Error']"}
RESULT: undefined
COMMAND: POST /session/8f546a329179e62e8dd183950a75cae5/element - {"using":"xpath","value":"//*[@id=\"__tile33\"]"}
RESULT: {"using":"xpath","value":"//*[@id=\"__tile33\"]"}
COMMAND: POST /session/8f546a329179e62e8dd183950a75cae5/element/f.8CC9874A552313B3A8E13A8A50D78772.d.4125CFCA2CB9BBB3C23D429177129813.e.802/click - {}
RESULT: undefined
COMMAND: POST /session/8f546a329179e62e8dd183950a75cae5/element - {"using":"xpath","value":"//*[@id=\"__tile33\"]"}
RESULT: {"using":"xpath","value":"//*[@id=\"__tile33\"]"}
COMMAND: POST /session/8f546a329179e62e8dd183950a75cae5/element/f.8CC9874A552313B3A8E13A8A50D78772.d.4125CFCA2CB9BBB3C23D429177129813.e.802/click - {}
RESULT: undefined
COMMAND: POST /session/8f546a329179e62e8dd183950a75cae5/execute/async - {"script":"<script> [6424 bytes]","args":[{"element-6066-11e4-a52e-4f735466cecf":"f.8CC9874A552313B3A8E13A8A50D78772.d.4125CFCA2CB9BBB3C23D429177129813.e.286"},"getTitle",[]]}
COMMAND: POST /session/8f546a329179e62e8dd183950a75cae5/execute/async - {"script":"<script> [1562 bytes]","args":[{"selector":{"id":"shellAppTitle"},"wdio_ui5_key":"shellAppTitle"}]}
RESULT: {"script":"<script> [1562 bytes]","args":[{"selector":{"id":"shellAppTitle"},"wdio_ui5_key":"shellAppTitle"}]}
COMMAND: POST /session/8f546a329179e62e8dd183950a75cae5/execute/async - {"script":"<script> [6424 bytes]","args":[{"element-6066-11e4-a52e-4f735466cecf":"f.8CC9874A552313B3A8E13A8A50D78772.d.4125CFCA2CB9BBB3C23D429177129813.e.1162"},"getTitle",[]]}
RESULT: {"script":"<script> [6424 bytes]","args":[{"element-6066-11e4-a52e-4f735466cecf":"f.8CC9874A552313B3A8E13A8A50D78772.d.4125CFCA2CB9BBB3C23D429177129813.e.1162"},"getTitle",[]]}
RESULT: undefined
COMMAND: POST /session/8f546a329179e62e8dd183950a75cae5/element/f.8CC9874A552313B3A8E13A8A50D78772.d.4125CFCA2CB9BBB3C23D429177129813.e.800/click - {}
RESULT: {}
COMMAND: GET /session/8f546a329179e62e8dd183950a75cae5/screenshot - {}
RESULT: {}
]]></system-out>
    </testcase>
    <testcase classname="chrome.136_0_7103_93.windows.Sanity_Tests_US104253" name="Should open Bill Of Resources page" time="37.555">
      <system-out><![CDATA[
COMMAND: POST /session/8f546a329179e62e8dd183950a75cae5/execute/async - {"script":"<script> [1562 bytes]","args":[{"selector":{"controlType":"sap.m.GenericTile","properties":{"header":"Bill Of Resources"}},"wdio_ui5_key":"sapm.GenericTile{\"header\":\"Bill Of Resources\"}"}]}
RESULT: {"script":"<script> [1562 bytes]","args":[{"selector":{"controlType":"sap.m.GenericTile","properties":{"header":"Bill Of Resources"}},"wdio_ui5_key":"sapm.GenericTile{\"header\":\"Bill Of Resources\"}"}]}
RESULT: undefined
COMMAND: POST /session/8f546a329179e62e8dd183950a75cae5/element - {"using":"xpath","value":"//*[@id=\"__tile34\"]"}
RESULT: {"using":"xpath","value":"//*[@id=\"__tile34\"]"}
COMMAND: POST /session/8f546a329179e62e8dd183950a75cae5/element/f.8CC9874A552313B3A8E13A8A50D78772.d.4125CFCA2CB9BBB3C23D429177129813.e.1164/click - {}
RESULT: {}
COMMAND: GET /session/8f546a329179e62e8dd183950a75cae5/screenshot - {}
RESULT: {}
COMMAND: POST /session/8f546a329179e62e8dd183950a75cae5/elements - {"using":"xpath","value":"//span[text()='Error']"}
RESULT: {"using":"xpath","value":"//span[text()='Error']"}
RESULT: undefined
COMMAND: POST /session/8f546a329179e62e8dd183950a75cae5/element - {"using":"xpath","value":"//*[@id=\"__tile34\"]"}
RESULT: {"using":"xpath","value":"//*[@id=\"__tile34\"]"}
COMMAND: POST /session/8f546a329179e62e8dd183950a75cae5/element/f.8CC9874A552313B3A8E13A8A50D78772.d.4125CFCA2CB9BBB3C23D429177129813.e.1164/click - {}
RESULT: undefined
COMMAND: POST /session/8f546a329179e62e8dd183950a75cae5/element - {"using":"xpath","value":"//*[@id=\"__tile34\"]"}
RESULT: {"using":"xpath","value":"//*[@id=\"__tile34\"]"}
COMMAND: POST /session/8f546a329179e62e8dd183950a75cae5/element/f.8CC9874A552313B3A8E13A8A50D78772.d.4125CFCA2CB9BBB3C23D429177129813.e.1164/click - {}
RESULT: undefined
COMMAND: POST /session/8f546a329179e62e8dd183950a75cae5/execute/async - {"script":"<script> [6424 bytes]","args":[{"element-6066-11e4-a52e-4f735466cecf":"f.8CC9874A552313B3A8E13A8A50D78772.d.4125CFCA2CB9BBB3C23D429177129813.e.286"},"getTitle",[]]}
COMMAND: POST /session/8f546a329179e62e8dd183950a75cae5/execute/async - {"script":"<script> [1562 bytes]","args":[{"selector":{"id":"shellAppTitle"},"wdio_ui5_key":"shellAppTitle"}]}
RESULT: {"script":"<script> [1562 bytes]","args":[{"selector":{"id":"shellAppTitle"},"wdio_ui5_key":"shellAppTitle"}]}
COMMAND: POST /session/8f546a329179e62e8dd183950a75cae5/execute/async - {"script":"<script> [6424 bytes]","args":[{"element-6066-11e4-a52e-4f735466cecf":"f.8CC9874A552313B3A8E13A8A50D78772.d.4125CFCA2CB9BBB3C23D429177129813.e.1262"},"getTitle",[]]}
RESULT: {"script":"<script> [6424 bytes]","args":[{"element-6066-11e4-a52e-4f735466cecf":"f.8CC9874A552313B3A8E13A8A50D78772.d.4125CFCA2CB9BBB3C23D429177129813.e.1262"},"getTitle",[]]}
RESULT: undefined
COMMAND: POST /session/8f546a329179e62e8dd183950a75cae5/element/f.8CC9874A552313B3A8E13A8A50D78772.d.4125CFCA2CB9BBB3C23D429177129813.e.800/click - {}
COMMAND: POST /session/8f546a329179e62e8dd183950a75cae5/element - {"using":"xpath","value":"//*[@id=\"backBtn\"]"}
RESULT: {"using":"xpath","value":"//*[@id=\"backBtn\"]"}
COMMAND: POST /session/8f546a329179e62e8dd183950a75cae5/element/f.8CC9874A552313B3A8E13A8A50D78772.d.4125CFCA2CB9BBB3C23D429177129813.e.800/click - {}
COMMAND: POST /session/8f546a329179e62e8dd183950a75cae5/element - {"using":"xpath","value":"//*[@id=\"backBtn\"]"}
RESULT: {"using":"xpath","value":"//*[@id=\"backBtn\"]"}
COMMAND: POST /session/8f546a329179e62e8dd183950a75cae5/element/f.8CC9874A552313B3A8E13A8A50D78772.d.4125CFCA2CB9BBB3C23D429177129813.e.1263/click - {}
RESULT: {}
COMMAND: GET /session/8f546a329179e62e8dd183950a75cae5/screenshot - {}
RESULT: {}
]]></system-out>
    </testcase>
    <testcase classname="chrome.136_0_7103_93.windows.Sanity_Tests_US104253" name="Should open Manage Yards page" time="36.957">
      <system-out><![CDATA[
COMMAND: POST /session/8f546a329179e62e8dd183950a75cae5/execute/async - {"script":"<script> [1562 bytes]","args":[{"selector":{"controlType":"sap.m.GenericTile","properties":{"header":"Manage Yards"}},"wdio_ui5_key":"sapm.GenericTile{\"header\":\"Manage Yards\"}"}]}
RESULT: {"script":"<script> [1562 bytes]","args":[{"selector":{"controlType":"sap.m.GenericTile","properties":{"header":"Manage Yards"}},"wdio_ui5_key":"sapm.GenericTile{\"header\":\"Manage Yards\"}"}]}
RESULT: undefined
COMMAND: POST /session/8f546a329179e62e8dd183950a75cae5/element - {"using":"xpath","value":"//*[@id=\"__tile41\"]"}
RESULT: {"using":"xpath","value":"//*[@id=\"__tile41\"]"}
COMMAND: POST /session/8f546a329179e62e8dd183950a75cae5/element/f.8CC9874A552313B3A8E13A8A50D78772.d.4125CFCA2CB9BBB3C23D429177129813.e.1265/click - {}
RESULT: {}
COMMAND: GET /session/8f546a329179e62e8dd183950a75cae5/screenshot - {}
RESULT: {}
COMMAND: POST /session/8f546a329179e62e8dd183950a75cae5/elements - {"using":"xpath","value":"//span[text()='Error']"}
RESULT: {"using":"xpath","value":"//span[text()='Error']"}
RESULT: undefined
COMMAND: POST /session/8f546a329179e62e8dd183950a75cae5/element - {"using":"xpath","value":"//*[@id=\"__tile41\"]"}
RESULT: {"using":"xpath","value":"//*[@id=\"__tile41\"]"}
COMMAND: POST /session/8f546a329179e62e8dd183950a75cae5/element/f.8CC9874A552313B3A8E13A8A50D78772.d.4125CFCA2CB9BBB3C23D429177129813.e.1265/click - {}
RESULT: undefined
COMMAND: POST /session/8f546a329179e62e8dd183950a75cae5/element - {"using":"xpath","value":"//*[@id=\"__tile41\"]"}
RESULT: {"using":"xpath","value":"//*[@id=\"__tile41\"]"}
COMMAND: POST /session/8f546a329179e62e8dd183950a75cae5/element/f.8CC9874A552313B3A8E13A8A50D78772.d.4125CFCA2CB9BBB3C23D429177129813.e.1265/click - {}
RESULT: undefined
COMMAND: POST /session/8f546a329179e62e8dd183950a75cae5/execute/async - {"script":"<script> [6424 bytes]","args":[{"element-6066-11e4-a52e-4f735466cecf":"f.8CC9874A552313B3A8E13A8A50D78772.d.4125CFCA2CB9BBB3C23D429177129813.e.286"},"getTitle",[]]}
COMMAND: POST /session/8f546a329179e62e8dd183950a75cae5/execute/async - {"script":"<script> [1562 bytes]","args":[{"selector":{"id":"shellAppTitle"},"wdio_ui5_key":"shellAppTitle"}]}
RESULT: {"script":"<script> [1562 bytes]","args":[{"selector":{"id":"shellAppTitle"},"wdio_ui5_key":"shellAppTitle"}]}
COMMAND: POST /session/8f546a329179e62e8dd183950a75cae5/execute/async - {"script":"<script> [6424 bytes]","args":[{"element-6066-11e4-a52e-4f735466cecf":"f.8CC9874A552313B3A8E13A8A50D78772.d.4125CFCA2CB9BBB3C23D429177129813.e.1446"},"getTitle",[]]}
RESULT: {"script":"<script> [6424 bytes]","args":[{"element-6066-11e4-a52e-4f735466cecf":"f.8CC9874A552313B3A8E13A8A50D78772.d.4125CFCA2CB9BBB3C23D429177129813.e.1446"},"getTitle",[]]}
RESULT: undefined
COMMAND: POST /session/8f546a329179e62e8dd183950a75cae5/element/f.8CC9874A552313B3A8E13A8A50D78772.d.4125CFCA2CB9BBB3C23D429177129813.e.1263/click - {}
RESULT: {}
COMMAND: GET /session/8f546a329179e62e8dd183950a75cae5/screenshot - {}
RESULT: {}
]]></system-out>
    </testcase>
    <testcase classname="chrome.136_0_7103_93.windows.Sanity_Tests_US104253" name="Should open Manage Requests page" time="36.827">
      <system-out><![CDATA[
COMMAND: POST /session/8f546a329179e62e8dd183950a75cae5/execute/async - {"script":"<script> [1562 bytes]","args":[{"selector":{"controlType":"sap.m.GenericTile","properties":{"header":"Manage Requests"}},"wdio_ui5_key":"sapm.GenericTile{\"header\":\"Manage Requests\"}"}]}
RESULT: {"script":"<script> [1562 bytes]","args":[{"selector":{"controlType":"sap.m.GenericTile","properties":{"header":"Manage Requests"}},"wdio_ui5_key":"sapm.GenericTile{\"header\":\"Manage Requests\"}"}]}
RESULT: undefined
COMMAND: POST /session/8f546a329179e62e8dd183950a75cae5/element - {"using":"xpath","value":"//*[@id=\"__tile47\"]"}
RESULT: {"using":"xpath","value":"//*[@id=\"__tile47\"]"}
COMMAND: POST /session/8f546a329179e62e8dd183950a75cae5/element/f.8CC9874A552313B3A8E13A8A50D78772.d.4125CFCA2CB9BBB3C23D429177129813.e.1448/click - {}
RESULT: {}
COMMAND: GET /session/8f546a329179e62e8dd183950a75cae5/screenshot - {}
RESULT: {}
COMMAND: POST /session/8f546a329179e62e8dd183950a75cae5/elements - {"using":"xpath","value":"//span[text()='Error']"}
RESULT: {"using":"xpath","value":"//span[text()='Error']"}
RESULT: undefined
COMMAND: POST /session/8f546a329179e62e8dd183950a75cae5/element - {"using":"xpath","value":"//*[@id=\"__tile47\"]"}
RESULT: {"using":"xpath","value":"//*[@id=\"__tile47\"]"}
COMMAND: POST /session/8f546a329179e62e8dd183950a75cae5/element/f.8CC9874A552313B3A8E13A8A50D78772.d.4125CFCA2CB9BBB3C23D429177129813.e.1448/click - {}
RESULT: undefined
COMMAND: POST /session/8f546a329179e62e8dd183950a75cae5/element - {"using":"xpath","value":"//*[@id=\"__tile47\"]"}
RESULT: {"using":"xpath","value":"//*[@id=\"__tile47\"]"}
COMMAND: POST /session/8f546a329179e62e8dd183950a75cae5/element/f.8CC9874A552313B3A8E13A8A50D78772.d.4125CFCA2CB9BBB3C23D429177129813.e.1448/click - {}
RESULT: undefined
COMMAND: POST /session/8f546a329179e62e8dd183950a75cae5/execute/async - {"script":"<script> [6424 bytes]","args":[{"element-6066-11e4-a52e-4f735466cecf":"f.8CC9874A552313B3A8E13A8A50D78772.d.4125CFCA2CB9BBB3C23D429177129813.e.286"},"getTitle",[]]}
COMMAND: POST /session/8f546a329179e62e8dd183950a75cae5/execute/async - {"script":"<script> [1562 bytes]","args":[{"selector":{"id":"shellAppTitle"},"wdio_ui5_key":"shellAppTitle"}]}
RESULT: {"script":"<script> [1562 bytes]","args":[{"selector":{"id":"shellAppTitle"},"wdio_ui5_key":"shellAppTitle"}]}
COMMAND: POST /session/8f546a329179e62e8dd183950a75cae5/execute/async - {"script":"<script> [6424 bytes]","args":[{"element-6066-11e4-a52e-4f735466cecf":"f.8CC9874A552313B3A8E13A8A50D78772.d.4125CFCA2CB9BBB3C23D429177129813.e.1544"},"getTitle",[]]}
RESULT: {"script":"<script> [6424 bytes]","args":[{"element-6066-11e4-a52e-4f735466cecf":"f.8CC9874A552313B3A8E13A8A50D78772.d.4125CFCA2CB9BBB3C23D429177129813.e.1544"},"getTitle",[]]}
RESULT: undefined
COMMAND: POST /session/8f546a329179e62e8dd183950a75cae5/element/f.8CC9874A552313B3A8E13A8A50D78772.d.4125CFCA2CB9BBB3C23D429177129813.e.1263/click - {}
COMMAND: POST /session/8f546a329179e62e8dd183950a75cae5/element - {"using":"xpath","value":"//*[@id=\"backBtn\"]"}
RESULT: {"using":"xpath","value":"//*[@id=\"backBtn\"]"}
COMMAND: POST /session/8f546a329179e62e8dd183950a75cae5/element/f.8CC9874A552313B3A8E13A8A50D78772.d.4125CFCA2CB9BBB3C23D429177129813.e.1263/click - {}
COMMAND: POST /session/8f546a329179e62e8dd183950a75cae5/element - {"using":"xpath","value":"//*[@id=\"backBtn\"]"}
RESULT: {"using":"xpath","value":"//*[@id=\"backBtn\"]"}
COMMAND: POST /session/8f546a329179e62e8dd183950a75cae5/element/f.8CC9874A552313B3A8E13A8A50D78772.d.4125CFCA2CB9BBB3C23D429177129813.e.1545/click - {}
RESULT: {}
COMMAND: GET /session/8f546a329179e62e8dd183950a75cae5/screenshot - {}
RESULT: {}
]]></system-out>
    </testcase>
    <testcase classname="chrome.136_0_7103_93.windows.Sanity_Tests_US104253" name="Should open Manage Purchasing page" time="37.599">
      <system-out><![CDATA[
COMMAND: POST /session/8f546a329179e62e8dd183950a75cae5/execute/async - {"script":"<script> [1562 bytes]","args":[{"selector":{"controlType":"sap.m.GenericTile","properties":{"header":"Manage Purchasing"}},"wdio_ui5_key":"sapm.GenericTile{\"header\":\"Manage Purchasing\"}"}]}
RESULT: {"script":"<script> [1562 bytes]","args":[{"selector":{"controlType":"sap.m.GenericTile","properties":{"header":"Manage Purchasing"}},"wdio_ui5_key":"sapm.GenericTile{\"header\":\"Manage Purchasing\"}"}]}
RESULT: undefined
COMMAND: POST /session/8f546a329179e62e8dd183950a75cae5/element - {"using":"xpath","value":"//*[@id=\"__tile46\"]"}
RESULT: {"using":"xpath","value":"//*[@id=\"__tile46\"]"}
COMMAND: POST /session/8f546a329179e62e8dd183950a75cae5/element/f.8CC9874A552313B3A8E13A8A50D78772.d.4125CFCA2CB9BBB3C23D429177129813.e.1548/click - {}
RESULT: {}
COMMAND: GET /session/8f546a329179e62e8dd183950a75cae5/screenshot - {}
RESULT: {}
COMMAND: POST /session/8f546a329179e62e8dd183950a75cae5/elements - {"using":"xpath","value":"//span[text()='Error']"}
RESULT: {"using":"xpath","value":"//span[text()='Error']"}
RESULT: undefined
COMMAND: POST /session/8f546a329179e62e8dd183950a75cae5/element - {"using":"xpath","value":"//*[@id=\"__tile46\"]"}
RESULT: {"using":"xpath","value":"//*[@id=\"__tile46\"]"}
COMMAND: POST /session/8f546a329179e62e8dd183950a75cae5/element/f.8CC9874A552313B3A8E13A8A50D78772.d.4125CFCA2CB9BBB3C23D429177129813.e.1548/click - {}
RESULT: undefined
COMMAND: POST /session/8f546a329179e62e8dd183950a75cae5/element - {"using":"xpath","value":"//*[@id=\"__tile46\"]"}
RESULT: {"using":"xpath","value":"//*[@id=\"__tile46\"]"}
COMMAND: POST /session/8f546a329179e62e8dd183950a75cae5/element/f.8CC9874A552313B3A8E13A8A50D78772.d.4125CFCA2CB9BBB3C23D429177129813.e.1548/click - {}
RESULT: undefined
COMMAND: POST /session/8f546a329179e62e8dd183950a75cae5/execute/async - {"script":"<script> [6424 bytes]","args":[{"element-6066-11e4-a52e-4f735466cecf":"f.8CC9874A552313B3A8E13A8A50D78772.d.4125CFCA2CB9BBB3C23D429177129813.e.286"},"getTitle",[]]}
COMMAND: POST /session/8f546a329179e62e8dd183950a75cae5/execute/async - {"script":"<script> [1562 bytes]","args":[{"selector":{"id":"shellAppTitle"},"wdio_ui5_key":"shellAppTitle"}]}
RESULT: {"script":"<script> [1562 bytes]","args":[{"selector":{"id":"shellAppTitle"},"wdio_ui5_key":"shellAppTitle"}]}
COMMAND: POST /session/8f546a329179e62e8dd183950a75cae5/execute/async - {"script":"<script> [6424 bytes]","args":[{"element-6066-11e4-a52e-4f735466cecf":"f.8CC9874A552313B3A8E13A8A50D78772.d.4125CFCA2CB9BBB3C23D429177129813.e.1631"},"getTitle",[]]}
RESULT: {"script":"<script> [6424 bytes]","args":[{"element-6066-11e4-a52e-4f735466cecf":"f.8CC9874A552313B3A8E13A8A50D78772.d.4125CFCA2CB9BBB3C23D429177129813.e.1631"},"getTitle",[]]}
RESULT: undefined
COMMAND: POST /session/8f546a329179e62e8dd183950a75cae5/element/f.8CC9874A552313B3A8E13A8A50D78772.d.4125CFCA2CB9BBB3C23D429177129813.e.1545/click - {}
RESULT: {}
COMMAND: GET /session/8f546a329179e62e8dd183950a75cae5/screenshot - {}
RESULT: {}
]]></system-out>
    </testcase>
    <testcase classname="chrome.136_0_7103_93.windows.Sanity_Tests_US104253" name="Should open Planning Board page" time="37.206">
      <system-out><![CDATA[
COMMAND: POST /session/8f546a329179e62e8dd183950a75cae5/execute/async - {"script":"<script> [1562 bytes]","args":[{"selector":{"controlType":"sap.m.GenericTile","properties":{"header":"Planning Board"}},"wdio_ui5_key":"sapm.GenericTile{\"header\":\"Planning Board\"}"}]}
RESULT: {"script":"<script> [1562 bytes]","args":[{"selector":{"controlType":"sap.m.GenericTile","properties":{"header":"Planning Board"}},"wdio_ui5_key":"sapm.GenericTile{\"header\":\"Planning Board\"}"}]}
RESULT: undefined
COMMAND: POST /session/8f546a329179e62e8dd183950a75cae5/element - {"using":"xpath","value":"//*[@id=\"__tile131\"]"}
RESULT: {"using":"xpath","value":"//*[@id=\"__tile131\"]"}
COMMAND: POST /session/8f546a329179e62e8dd183950a75cae5/element/f.8CC9874A552313B3A8E13A8A50D78772.d.4125CFCA2CB9BBB3C23D429177129813.e.1633/click - {}
RESULT: {}
COMMAND: GET /session/8f546a329179e62e8dd183950a75cae5/screenshot - {}
RESULT: {}
COMMAND: POST /session/8f546a329179e62e8dd183950a75cae5/elements - {"using":"xpath","value":"//span[text()='Error']"}
RESULT: {"using":"xpath","value":"//span[text()='Error']"}
RESULT: undefined
COMMAND: POST /session/8f546a329179e62e8dd183950a75cae5/element - {"using":"xpath","value":"//*[@id=\"__tile131\"]"}
RESULT: {"using":"xpath","value":"//*[@id=\"__tile131\"]"}
COMMAND: POST /session/8f546a329179e62e8dd183950a75cae5/element/f.8CC9874A552313B3A8E13A8A50D78772.d.4125CFCA2CB9BBB3C23D429177129813.e.1633/click - {}
RESULT: undefined
COMMAND: POST /session/8f546a329179e62e8dd183950a75cae5/element - {"using":"xpath","value":"//*[@id=\"__tile131\"]"}
RESULT: {"using":"xpath","value":"//*[@id=\"__tile131\"]"}
COMMAND: POST /session/8f546a329179e62e8dd183950a75cae5/element/f.8CC9874A552313B3A8E13A8A50D78772.d.4125CFCA2CB9BBB3C23D429177129813.e.1633/click - {}
RESULT: undefined
COMMAND: POST /session/8f546a329179e62e8dd183950a75cae5/execute/async - {"script":"<script> [6424 bytes]","args":[{"element-6066-11e4-a52e-4f735466cecf":"f.8CC9874A552313B3A8E13A8A50D78772.d.4125CFCA2CB9BBB3C23D429177129813.e.286"},"getTitle",[]]}
COMMAND: POST /session/8f546a329179e62e8dd183950a75cae5/execute/async - {"script":"<script> [1562 bytes]","args":[{"selector":{"id":"shellAppTitle"},"wdio_ui5_key":"shellAppTitle"}]}
RESULT: {"script":"<script> [1562 bytes]","args":[{"selector":{"id":"shellAppTitle"},"wdio_ui5_key":"shellAppTitle"}]}
COMMAND: POST /session/8f546a329179e62e8dd183950a75cae5/execute/async - {"script":"<script> [6424 bytes]","args":[{"element-6066-11e4-a52e-4f735466cecf":"f.8CC9874A552313B3A8E13A8A50D78772.d.4125CFCA2CB9BBB3C23D429177129813.e.1687"},"getTitle",[]]}
RESULT: {"script":"<script> [6424 bytes]","args":[{"element-6066-11e4-a52e-4f735466cecf":"f.8CC9874A552313B3A8E13A8A50D78772.d.4125CFCA2CB9BBB3C23D429177129813.e.1687"},"getTitle",[]]}
RESULT: undefined
COMMAND: POST /session/8f546a329179e62e8dd183950a75cae5/element/f.8CC9874A552313B3A8E13A8A50D78772.d.4125CFCA2CB9BBB3C23D429177129813.e.1545/click - {}
COMMAND: POST /session/8f546a329179e62e8dd183950a75cae5/element/f.8CC9874A552313B3A8E13A8A50D78772.d.4125CFCA2CB9BBB3C23D429177129813.e.1545/click - {}
COMMAND: POST /session/8f546a329179e62e8dd183950a75cae5/element - {"using":"xpath","value":"//*[@id=\"backBtn\"]"}
COMMAND: POST /session/8f546a329179e62e8dd183950a75cae5/element - {"using":"xpath","value":"//*[@id=\"backBtn\"]"}
RESULT: {"using":"xpath","value":"//*[@id=\"backBtn\"]"}
COMMAND: POST /session/8f546a329179e62e8dd183950a75cae5/element/f.8CC9874A552313B3A8E13A8A50D78772.d.4125CFCA2CB9BBB3C23D429177129813.e.1545/click - {}
RESULT: {"using":"xpath","value":"//*[@id=\"backBtn\"]"}
COMMAND: POST /session/8f546a329179e62e8dd183950a75cae5/element/f.8CC9874A552313B3A8E13A8A50D78772.d.4125CFCA2CB9BBB3C23D429177129813.e.1545/click - {}
COMMAND: POST /session/8f546a329179e62e8dd183950a75cae5/element - {"using":"xpath","value":"//*[@id=\"backBtn\"]"}
COMMAND: POST /session/8f546a329179e62e8dd183950a75cae5/element - {"using":"xpath","value":"//*[@id=\"backBtn\"]"}
RESULT: {"using":"xpath","value":"//*[@id=\"backBtn\"]"}
COMMAND: POST /session/8f546a329179e62e8dd183950a75cae5/element/f.8CC9874A552313B3A8E13A8A50D78772.d.4125CFCA2CB9BBB3C23D429177129813.e.1688/click - {}
RESULT: {"using":"xpath","value":"//*[@id=\"backBtn\"]"}
COMMAND: POST /session/8f546a329179e62e8dd183950a75cae5/element/f.8CC9874A552313B3A8E13A8A50D78772.d.4125CFCA2CB9BBB3C23D429177129813.e.1688/click - {}
RESULT: {}
COMMAND: GET /session/8f546a329179e62e8dd183950a75cae5/screenshot - {}
RESULT: {}
COMMAND: GET /session/8f546a329179e62e8dd183950a75cae5/screenshot - {}
RESULT: {}
RESULT: {}
]]></system-out>
    </testcase>
    <testcase classname="chrome.136_0_7103_93.windows.Sanity_Tests_US104253" name="Should open Manage Contracts page" time="48.644">
      <system-out><![CDATA[
COMMAND: POST /session/8f546a329179e62e8dd183950a75cae5/execute/async - {"script":"<script> [1562 bytes]","args":[{"selector":{"controlType":"sap.m.GenericTile","properties":{"header":"Manage Contracts"}},"wdio_ui5_key":"sapm.GenericTile{\"header\":\"Manage Contracts\"}"}]}
RESULT: {"script":"<script> [1562 bytes]","args":[{"selector":{"controlType":"sap.m.GenericTile","properties":{"header":"Manage Contracts"}},"wdio_ui5_key":"sapm.GenericTile{\"header\":\"Manage Contracts\"}"}]}
RESULT: undefined
COMMAND: POST /session/8f546a329179e62e8dd183950a75cae5/element - {"using":"xpath","value":"//*[@id=\"__tile132\"]"}
RESULT: {"using":"xpath","value":"//*[@id=\"__tile132\"]"}
COMMAND: POST /session/8f546a329179e62e8dd183950a75cae5/element/f.8CC9874A552313B3A8E13A8A50D78772.d.4125CFCA2CB9BBB3C23D429177129813.e.1690/click - {}
RESULT: {}
COMMAND: GET /session/8f546a329179e62e8dd183950a75cae5/screenshot - {}
RESULT: {}
COMMAND: POST /session/8f546a329179e62e8dd183950a75cae5/elements - {"using":"xpath","value":"//span[text()='Error']"}
RESULT: {"using":"xpath","value":"//span[text()='Error']"}
RESULT: undefined
COMMAND: POST /session/8f546a329179e62e8dd183950a75cae5/element - {"using":"xpath","value":"//*[@id=\"__tile132\"]"}
RESULT: {"using":"xpath","value":"//*[@id=\"__tile132\"]"}
COMMAND: POST /session/8f546a329179e62e8dd183950a75cae5/element/f.8CC9874A552313B3A8E13A8A50D78772.d.4125CFCA2CB9BBB3C23D429177129813.e.1690/click - {}
RESULT: undefined
COMMAND: POST /session/8f546a329179e62e8dd183950a75cae5/element - {"using":"xpath","value":"//*[@id=\"__tile132\"]"}
RESULT: {"using":"xpath","value":"//*[@id=\"__tile132\"]"}
COMMAND: POST /session/8f546a329179e62e8dd183950a75cae5/element/f.8CC9874A552313B3A8E13A8A50D78772.d.4125CFCA2CB9BBB3C23D429177129813.e.1690/click - {}
RESULT: undefined
COMMAND: POST /session/8f546a329179e62e8dd183950a75cae5/execute/async - {"script":"<script> [6424 bytes]","args":[{"element-6066-11e4-a52e-4f735466cecf":"f.8CC9874A552313B3A8E13A8A50D78772.d.4125CFCA2CB9BBB3C23D429177129813.e.286"},"getTitle",[]]}
COMMAND: POST /session/8f546a329179e62e8dd183950a75cae5/execute/async - {"script":"<script> [1562 bytes]","args":[{"selector":{"id":"shellAppTitle"},"wdio_ui5_key":"shellAppTitle"}]}
RESULT: {"script":"<script> [1562 bytes]","args":[{"selector":{"id":"shellAppTitle"},"wdio_ui5_key":"shellAppTitle"}]}
COMMAND: POST /session/8f546a329179e62e8dd183950a75cae5/execute/async - {"script":"<script> [6424 bytes]","args":[{"element-6066-11e4-a52e-4f735466cecf":"f.8CC9874A552313B3A8E13A8A50D78772.d.4125CFCA2CB9BBB3C23D429177129813.e.1753"},"getTitle",[]]}
RESULT: {"script":"<script> [6424 bytes]","args":[{"element-6066-11e4-a52e-4f735466cecf":"f.8CC9874A552313B3A8E13A8A50D78772.d.4125CFCA2CB9BBB3C23D429177129813.e.1753"},"getTitle",[]]}
RESULT: undefined
COMMAND: POST /session/8f546a329179e62e8dd183950a75cae5/element/f.8CC9874A552313B3A8E13A8A50D78772.d.4125CFCA2CB9BBB3C23D429177129813.e.1688/click - {}
RESULT: {}
COMMAND: GET /session/8f546a329179e62e8dd183950a75cae5/screenshot - {}
RESULT: {}
]]></system-out>
    </testcase>
    <testcase classname="chrome.136_0_7103_93.windows.Sanity_Tests_US104253" name="Should open Manage Quotations page" time="36.8">
      <system-out><![CDATA[
COMMAND: POST /session/8f546a329179e62e8dd183950a75cae5/execute/async - {"script":"<script> [1562 bytes]","args":[{"selector":{"controlType":"sap.m.GenericTile","properties":{"header":"Manage Quotations"}},"wdio_ui5_key":"sapm.GenericTile{\"header\":\"Manage Quotations\"}"}]}
RESULT: {"script":"<script> [1562 bytes]","args":[{"selector":{"controlType":"sap.m.GenericTile","properties":{"header":"Manage Quotations"}},"wdio_ui5_key":"sapm.GenericTile{\"header\":\"Manage Quotations\"}"}]}
RESULT: undefined
COMMAND: POST /session/8f546a329179e62e8dd183950a75cae5/element - {"using":"xpath","value":"//*[@id=\"__tile133\"]"}
RESULT: {"using":"xpath","value":"//*[@id=\"__tile133\"]"}
COMMAND: POST /session/8f546a329179e62e8dd183950a75cae5/element/f.8CC9874A552313B3A8E13A8A50D78772.d.4125CFCA2CB9BBB3C23D429177129813.e.1755/click - {}
RESULT: {}
COMMAND: GET /session/8f546a329179e62e8dd183950a75cae5/screenshot - {}
RESULT: {}
COMMAND: POST /session/8f546a329179e62e8dd183950a75cae5/elements - {"using":"xpath","value":"//span[text()='Error']"}
RESULT: {"using":"xpath","value":"//span[text()='Error']"}
RESULT: undefined
COMMAND: POST /session/8f546a329179e62e8dd183950a75cae5/element - {"using":"xpath","value":"//*[@id=\"__tile133\"]"}
RESULT: {"using":"xpath","value":"//*[@id=\"__tile133\"]"}
COMMAND: POST /session/8f546a329179e62e8dd183950a75cae5/element/f.8CC9874A552313B3A8E13A8A50D78772.d.4125CFCA2CB9BBB3C23D429177129813.e.1755/click - {}
RESULT: undefined
COMMAND: POST /session/8f546a329179e62e8dd183950a75cae5/element - {"using":"xpath","value":"//*[@id=\"__tile133\"]"}
RESULT: {"using":"xpath","value":"//*[@id=\"__tile133\"]"}
COMMAND: POST /session/8f546a329179e62e8dd183950a75cae5/element/f.8CC9874A552313B3A8E13A8A50D78772.d.4125CFCA2CB9BBB3C23D429177129813.e.1755/click - {}
RESULT: undefined
COMMAND: POST /session/8f546a329179e62e8dd183950a75cae5/execute/async - {"script":"<script> [6424 bytes]","args":[{"element-6066-11e4-a52e-4f735466cecf":"f.8CC9874A552313B3A8E13A8A50D78772.d.4125CFCA2CB9BBB3C23D429177129813.e.286"},"getTitle",[]]}
COMMAND: POST /session/8f546a329179e62e8dd183950a75cae5/execute/async - {"script":"<script> [1562 bytes]","args":[{"selector":{"id":"shellAppTitle"},"wdio_ui5_key":"shellAppTitle"}]}
RESULT: {"script":"<script> [1562 bytes]","args":[{"selector":{"id":"shellAppTitle"},"wdio_ui5_key":"shellAppTitle"}]}
COMMAND: POST /session/8f546a329179e62e8dd183950a75cae5/execute/async - {"script":"<script> [6424 bytes]","args":[{"element-6066-11e4-a52e-4f735466cecf":"f.8CC9874A552313B3A8E13A8A50D78772.d.4125CFCA2CB9BBB3C23D429177129813.e.1828"},"getTitle",[]]}
RESULT: {"script":"<script> [6424 bytes]","args":[{"element-6066-11e4-a52e-4f735466cecf":"f.8CC9874A552313B3A8E13A8A50D78772.d.4125CFCA2CB9BBB3C23D429177129813.e.1828"},"getTitle",[]]}
RESULT: undefined
COMMAND: POST /session/8f546a329179e62e8dd183950a75cae5/element/f.8CC9874A552313B3A8E13A8A50D78772.d.4125CFCA2CB9BBB3C23D429177129813.e.1688/click - {}
COMMAND: POST /session/8f546a329179e62e8dd183950a75cae5/element - {"using":"xpath","value":"//*[@id=\"backBtn\"]"}
RESULT: {"using":"xpath","value":"//*[@id=\"backBtn\"]"}
COMMAND: POST /session/8f546a329179e62e8dd183950a75cae5/element/f.8CC9874A552313B3A8E13A8A50D78772.d.4125CFCA2CB9BBB3C23D429177129813.e.1688/click - {}
COMMAND: POST /session/8f546a329179e62e8dd183950a75cae5/element - {"using":"xpath","value":"//*[@id=\"backBtn\"]"}
RESULT: {"using":"xpath","value":"//*[@id=\"backBtn\"]"}
COMMAND: POST /session/8f546a329179e62e8dd183950a75cae5/element/f.8CC9874A552313B3A8E13A8A50D78772.d.4125CFCA2CB9BBB3C23D429177129813.e.1829/click - {}
RESULT: {}
COMMAND: GET /session/8f546a329179e62e8dd183950a75cae5/screenshot - {}
RESULT: {}
]]></system-out>
    </testcase>
    <testcase classname="chrome.136_0_7103_93.windows.Sanity_Tests_US104253" name="Should open Manage Handovers page" time="42.591">
      <system-out><![CDATA[
COMMAND: POST /session/8f546a329179e62e8dd183950a75cae5/execute/async - {"script":"<script> [1562 bytes]","args":[{"selector":{"controlType":"sap.m.GenericTile","properties":{"header":"Manage Handovers"}},"wdio_ui5_key":"sapm.GenericTile{\"header\":\"Manage Handovers\"}"}]}
RESULT: {"script":"<script> [1562 bytes]","args":[{"selector":{"controlType":"sap.m.GenericTile","properties":{"header":"Manage Handovers"}},"wdio_ui5_key":"sapm.GenericTile{\"header\":\"Manage Handovers\"}"}]}
RESULT: undefined
COMMAND: POST /session/8f546a329179e62e8dd183950a75cae5/element - {"using":"xpath","value":"//*[@id=\"__tile130\"]"}
RESULT: {"using":"xpath","value":"//*[@id=\"__tile130\"]"}
COMMAND: POST /session/8f546a329179e62e8dd183950a75cae5/element/f.8CC9874A552313B3A8E13A8A50D78772.d.4125CFCA2CB9BBB3C23D429177129813.e.1831/click - {}
RESULT: {}
COMMAND: GET /session/8f546a329179e62e8dd183950a75cae5/screenshot - {}
RESULT: {}
COMMAND: POST /session/8f546a329179e62e8dd183950a75cae5/elements - {"using":"xpath","value":"//span[text()='Error']"}
RESULT: {"using":"xpath","value":"//span[text()='Error']"}
RESULT: undefined
COMMAND: POST /session/8f546a329179e62e8dd183950a75cae5/element - {"using":"xpath","value":"//*[@id=\"__tile130\"]"}
RESULT: {"using":"xpath","value":"//*[@id=\"__tile130\"]"}
COMMAND: POST /session/8f546a329179e62e8dd183950a75cae5/element/f.8CC9874A552313B3A8E13A8A50D78772.d.4125CFCA2CB9BBB3C23D429177129813.e.1831/click - {}
RESULT: undefined
COMMAND: POST /session/8f546a329179e62e8dd183950a75cae5/element - {"using":"xpath","value":"//*[@id=\"__tile130\"]"}
RESULT: {"using":"xpath","value":"//*[@id=\"__tile130\"]"}
COMMAND: POST /session/8f546a329179e62e8dd183950a75cae5/element/f.8CC9874A552313B3A8E13A8A50D78772.d.4125CFCA2CB9BBB3C23D429177129813.e.1831/click - {}
RESULT: undefined
COMMAND: POST /session/8f546a329179e62e8dd183950a75cae5/execute/async - {"script":"<script> [6424 bytes]","args":[{"element-6066-11e4-a52e-4f735466cecf":"f.8CC9874A552313B3A8E13A8A50D78772.d.4125CFCA2CB9BBB3C23D429177129813.e.286"},"getTitle",[]]}
COMMAND: POST /session/8f546a329179e62e8dd183950a75cae5/execute/async - {"script":"<script> [1562 bytes]","args":[{"selector":{"id":"shellAppTitle"},"wdio_ui5_key":"shellAppTitle"}]}
RESULT: {"script":"<script> [1562 bytes]","args":[{"selector":{"id":"shellAppTitle"},"wdio_ui5_key":"shellAppTitle"}]}
COMMAND: POST /session/8f546a329179e62e8dd183950a75cae5/execute/async - {"script":"<script> [6424 bytes]","args":[{"element-6066-11e4-a52e-4f735466cecf":"f.8CC9874A552313B3A8E13A8A50D78772.d.4125CFCA2CB9BBB3C23D429177129813.e.1922"},"getTitle",[]]}
RESULT: {"script":"<script> [6424 bytes]","args":[{"element-6066-11e4-a52e-4f735466cecf":"f.8CC9874A552313B3A8E13A8A50D78772.d.4125CFCA2CB9BBB3C23D429177129813.e.1922"},"getTitle",[]]}
RESULT: undefined
COMMAND: POST /session/8f546a329179e62e8dd183950a75cae5/element/f.8CC9874A552313B3A8E13A8A50D78772.d.4125CFCA2CB9BBB3C23D429177129813.e.1829/click - {}
RESULT: {}
COMMAND: GET /session/8f546a329179e62e8dd183950a75cae5/screenshot - {}
RESULT: {}
]]></system-out>
    </testcase>
    <testcase classname="chrome.136_0_7103_93.windows.Sanity_Tests_US104253" name="Should open Delivery Monitor page" time="38.427">
      <system-out><![CDATA[
COMMAND: POST /session/8f546a329179e62e8dd183950a75cae5/execute/async - {"script":"<script> [1562 bytes]","args":[{"selector":{"controlType":"sap.m.GenericTile","properties":{"header":"Delivery Monitor"}},"wdio_ui5_key":"sapm.GenericTile{\"header\":\"Delivery Monitor\"}"}]}
RESULT: {"script":"<script> [1562 bytes]","args":[{"selector":{"controlType":"sap.m.GenericTile","properties":{"header":"Delivery Monitor"}},"wdio_ui5_key":"sapm.GenericTile{\"header\":\"Delivery Monitor\"}"}]}
RESULT: undefined
COMMAND: POST /session/8f546a329179e62e8dd183950a75cae5/element - {"using":"xpath","value":"//*[@id=\"__tile43\"]"}
RESULT: {"using":"xpath","value":"//*[@id=\"__tile43\"]"}
COMMAND: POST /session/8f546a329179e62e8dd183950a75cae5/element/f.8CC9874A552313B3A8E13A8A50D78772.d.4125CFCA2CB9BBB3C23D429177129813.e.1924/click - {}
RESULT: {}
COMMAND: GET /session/8f546a329179e62e8dd183950a75cae5/screenshot - {}
RESULT: {}
COMMAND: POST /session/8f546a329179e62e8dd183950a75cae5/elements - {"using":"xpath","value":"//span[text()='Error']"}
RESULT: {"using":"xpath","value":"//span[text()='Error']"}
RESULT: undefined
COMMAND: POST /session/8f546a329179e62e8dd183950a75cae5/element - {"using":"xpath","value":"//*[@id=\"__tile43\"]"}
RESULT: {"using":"xpath","value":"//*[@id=\"__tile43\"]"}
COMMAND: POST /session/8f546a329179e62e8dd183950a75cae5/element/f.8CC9874A552313B3A8E13A8A50D78772.d.4125CFCA2CB9BBB3C23D429177129813.e.1924/click - {}
RESULT: undefined
COMMAND: POST /session/8f546a329179e62e8dd183950a75cae5/element - {"using":"xpath","value":"//*[@id=\"__tile43\"]"}
RESULT: {"using":"xpath","value":"//*[@id=\"__tile43\"]"}
COMMAND: POST /session/8f546a329179e62e8dd183950a75cae5/element/f.8CC9874A552313B3A8E13A8A50D78772.d.4125CFCA2CB9BBB3C23D429177129813.e.1924/click - {}
RESULT: undefined
COMMAND: POST /session/8f546a329179e62e8dd183950a75cae5/execute/async - {"script":"<script> [6424 bytes]","args":[{"element-6066-11e4-a52e-4f735466cecf":"f.8CC9874A552313B3A8E13A8A50D78772.d.4125CFCA2CB9BBB3C23D429177129813.e.286"},"getTitle",[]]}
COMMAND: POST /session/8f546a329179e62e8dd183950a75cae5/execute/async - {"script":"<script> [1562 bytes]","args":[{"selector":{"id":"shellAppTitle"},"wdio_ui5_key":"shellAppTitle"}]}
RESULT: {"script":"<script> [1562 bytes]","args":[{"selector":{"id":"shellAppTitle"},"wdio_ui5_key":"shellAppTitle"}]}
COMMAND: POST /session/8f546a329179e62e8dd183950a75cae5/execute/async - {"script":"<script> [6424 bytes]","args":[{"element-6066-11e4-a52e-4f735466cecf":"f.8CC9874A552313B3A8E13A8A50D78772.d.4125CFCA2CB9BBB3C23D429177129813.e.2106"},"getTitle",[]]}
RESULT: {"script":"<script> [6424 bytes]","args":[{"element-6066-11e4-a52e-4f735466cecf":"f.8CC9874A552313B3A8E13A8A50D78772.d.4125CFCA2CB9BBB3C23D429177129813.e.2106"},"getTitle",[]]}
RESULT: undefined
COMMAND: POST /session/8f546a329179e62e8dd183950a75cae5/element/f.8CC9874A552313B3A8E13A8A50D78772.d.4125CFCA2CB9BBB3C23D429177129813.e.1829/click - {}
COMMAND: POST /session/8f546a329179e62e8dd183950a75cae5/element - {"using":"xpath","value":"//*[@id=\"backBtn\"]"}
RESULT: {"using":"xpath","value":"//*[@id=\"backBtn\"]"}
COMMAND: POST /session/8f546a329179e62e8dd183950a75cae5/element/f.8CC9874A552313B3A8E13A8A50D78772.d.4125CFCA2CB9BBB3C23D429177129813.e.1829/click - {}
COMMAND: POST /session/8f546a329179e62e8dd183950a75cae5/element - {"using":"xpath","value":"//*[@id=\"backBtn\"]"}
RESULT: {"using":"xpath","value":"//*[@id=\"backBtn\"]"}
COMMAND: POST /session/8f546a329179e62e8dd183950a75cae5/element/f.8CC9874A552313B3A8E13A8A50D78772.d.4125CFCA2CB9BBB3C23D429177129813.e.2107/click - {}
RESULT: {}
COMMAND: GET /session/8f546a329179e62e8dd183950a75cae5/screenshot - {}
RESULT: {}
]]></system-out>
    </testcase>
    <testcase classname="chrome.136_0_7103_93.windows.Sanity_Tests_US104253" name="Should open Manage Calendar Exceptions page" time="37.874">
      <system-out><![CDATA[
COMMAND: POST /session/8f546a329179e62e8dd183950a75cae5/execute/async - {"script":"<script> [1562 bytes]","args":[{"selector":{"controlType":"sap.m.GenericTile","properties":{"header":"Manage Calendar Exceptions"}},"wdio_ui5_key":"sapm.GenericTile{\"header\":\"Manage Calendar Exceptions\"}"}]}
RESULT: {"script":"<script> [1562 bytes]","args":[{"selector":{"controlType":"sap.m.GenericTile","properties":{"header":"Manage Calendar Exceptions"}},"wdio_ui5_key":"sapm.GenericTile{\"header\":\"Manage Calendar Exceptions\"}"}]}
RESULT: undefined
COMMAND: POST /session/8f546a329179e62e8dd183950a75cae5/element - {"using":"xpath","value":"//*[@id=\"__tile52\"]"}
RESULT: {"using":"xpath","value":"//*[@id=\"__tile52\"]"}
COMMAND: POST /session/8f546a329179e62e8dd183950a75cae5/element/f.8CC9874A552313B3A8E13A8A50D78772.d.4125CFCA2CB9BBB3C23D429177129813.e.2109/click - {}
RESULT: {}
COMMAND: GET /session/8f546a329179e62e8dd183950a75cae5/screenshot - {}
RESULT: {}
COMMAND: POST /session/8f546a329179e62e8dd183950a75cae5/elements - {"using":"xpath","value":"//span[text()='Error']"}
RESULT: {"using":"xpath","value":"//span[text()='Error']"}
RESULT: undefined
COMMAND: POST /session/8f546a329179e62e8dd183950a75cae5/element - {"using":"xpath","value":"//*[@id=\"__tile52\"]"}
RESULT: {"using":"xpath","value":"//*[@id=\"__tile52\"]"}
COMMAND: POST /session/8f546a329179e62e8dd183950a75cae5/element/f.8CC9874A552313B3A8E13A8A50D78772.d.4125CFCA2CB9BBB3C23D429177129813.e.2109/click - {}
RESULT: undefined
COMMAND: POST /session/8f546a329179e62e8dd183950a75cae5/element - {"using":"xpath","value":"//*[@id=\"__tile52\"]"}
RESULT: {"using":"xpath","value":"//*[@id=\"__tile52\"]"}
COMMAND: POST /session/8f546a329179e62e8dd183950a75cae5/element/f.8CC9874A552313B3A8E13A8A50D78772.d.4125CFCA2CB9BBB3C23D429177129813.e.2109/click - {}
RESULT: undefined
COMMAND: POST /session/8f546a329179e62e8dd183950a75cae5/execute/async - {"script":"<script> [6424 bytes]","args":[{"element-6066-11e4-a52e-4f735466cecf":"f.8CC9874A552313B3A8E13A8A50D78772.d.4125CFCA2CB9BBB3C23D429177129813.e.286"},"getTitle",[]]}
COMMAND: POST /session/8f546a329179e62e8dd183950a75cae5/execute/async - {"script":"<script> [1562 bytes]","args":[{"selector":{"id":"shellAppTitle"},"wdio_ui5_key":"shellAppTitle"}]}
RESULT: {"script":"<script> [1562 bytes]","args":[{"selector":{"id":"shellAppTitle"},"wdio_ui5_key":"shellAppTitle"}]}
COMMAND: POST /session/8f546a329179e62e8dd183950a75cae5/execute/async - {"script":"<script> [6424 bytes]","args":[{"element-6066-11e4-a52e-4f735466cecf":"f.8CC9874A552313B3A8E13A8A50D78772.d.4125CFCA2CB9BBB3C23D429177129813.e.2228"},"getTitle",[]]}
RESULT: {"script":"<script> [6424 bytes]","args":[{"element-6066-11e4-a52e-4f735466cecf":"f.8CC9874A552313B3A8E13A8A50D78772.d.4125CFCA2CB9BBB3C23D429177129813.e.2228"},"getTitle",[]]}
RESULT: undefined
COMMAND: POST /session/8f546a329179e62e8dd183950a75cae5/element/f.8CC9874A552313B3A8E13A8A50D78772.d.4125CFCA2CB9BBB3C23D429177129813.e.2107/click - {}
RESULT: {}
COMMAND: GET /session/8f546a329179e62e8dd183950a75cae5/screenshot - {}
RESULT: {}
]]></system-out>
    </testcase>
    <testcase classname="chrome.136_0_7103_93.windows.Sanity_Tests_US104253" name="Should open Manage States Performance page" time="40.175">
      <system-out><![CDATA[
COMMAND: POST /session/8f546a329179e62e8dd183950a75cae5/execute/async - {"script":"<script> [1562 bytes]","args":[{"selector":{"controlType":"sap.m.GenericTile","properties":{"header":"Manage States & Performance"}},"wdio_ui5_key":"sapm.GenericTile{\"header\":\"Manage States & Performance\"}"}]}
RESULT: {"script":"<script> [1562 bytes]","args":[{"selector":{"controlType":"sap.m.GenericTile","properties":{"header":"Manage States & Performance"}},"wdio_ui5_key":"sapm.GenericTile{\"header\":\"Manage States & Performance\"}"}]}
RESULT: undefined
COMMAND: POST /session/8f546a329179e62e8dd183950a75cae5/element - {"using":"xpath","value":"//*[@id=\"__tile56\"]"}
RESULT: {"using":"xpath","value":"//*[@id=\"__tile56\"]"}
COMMAND: POST /session/8f546a329179e62e8dd183950a75cae5/element/f.8CC9874A552313B3A8E13A8A50D78772.d.4125CFCA2CB9BBB3C23D429177129813.e.108/click - {}
RESULT: {}
COMMAND: GET /session/8f546a329179e62e8dd183950a75cae5/screenshot - {}
RESULT: {}
COMMAND: POST /session/8f546a329179e62e8dd183950a75cae5/elements - {"using":"xpath","value":"//span[text()='Error']"}
RESULT: {"using":"xpath","value":"//span[text()='Error']"}
RESULT: undefined
COMMAND: POST /session/8f546a329179e62e8dd183950a75cae5/element - {"using":"xpath","value":"//*[@id=\"__tile56\"]"}
RESULT: {"using":"xpath","value":"//*[@id=\"__tile56\"]"}
COMMAND: POST /session/8f546a329179e62e8dd183950a75cae5/element/f.8CC9874A552313B3A8E13A8A50D78772.d.4125CFCA2CB9BBB3C23D429177129813.e.108/click - {}
RESULT: undefined
COMMAND: POST /session/8f546a329179e62e8dd183950a75cae5/element - {"using":"xpath","value":"//*[@id=\"__tile56\"]"}
RESULT: {"using":"xpath","value":"//*[@id=\"__tile56\"]"}
COMMAND: POST /session/8f546a329179e62e8dd183950a75cae5/element/f.8CC9874A552313B3A8E13A8A50D78772.d.4125CFCA2CB9BBB3C23D429177129813.e.108/click - {}
RESULT: undefined
COMMAND: POST /session/8f546a329179e62e8dd183950a75cae5/execute/async - {"script":"<script> [6424 bytes]","args":[{"element-6066-11e4-a52e-4f735466cecf":"f.8CC9874A552313B3A8E13A8A50D78772.d.4125CFCA2CB9BBB3C23D429177129813.e.286"},"getTitle",[]]}
COMMAND: POST /session/8f546a329179e62e8dd183950a75cae5/execute/async - {"script":"<script> [1562 bytes]","args":[{"selector":{"id":"shellAppTitle"},"wdio_ui5_key":"shellAppTitle"}]}
RESULT: {"script":"<script> [1562 bytes]","args":[{"selector":{"id":"shellAppTitle"},"wdio_ui5_key":"shellAppTitle"}]}
COMMAND: POST /session/8f546a329179e62e8dd183950a75cae5/execute/async - {"script":"<script> [6424 bytes]","args":[{"element-6066-11e4-a52e-4f735466cecf":"f.8CC9874A552313B3A8E13A8A50D78772.d.4125CFCA2CB9BBB3C23D429177129813.e.2332"},"getTitle",[]]}
RESULT: {"script":"<script> [6424 bytes]","args":[{"element-6066-11e4-a52e-4f735466cecf":"f.8CC9874A552313B3A8E13A8A50D78772.d.4125CFCA2CB9BBB3C23D429177129813.e.2332"},"getTitle",[]]}
RESULT: undefined
COMMAND: POST /session/8f546a329179e62e8dd183950a75cae5/element/f.8CC9874A552313B3A8E13A8A50D78772.d.4125CFCA2CB9BBB3C23D429177129813.e.2107/click - {}
COMMAND: POST /session/8f546a329179e62e8dd183950a75cae5/element - {"using":"xpath","value":"//*[@id=\"backBtn\"]"}
RESULT: {"using":"xpath","value":"//*[@id=\"backBtn\"]"}
COMMAND: POST /session/8f546a329179e62e8dd183950a75cae5/element/f.8CC9874A552313B3A8E13A8A50D78772.d.4125CFCA2CB9BBB3C23D429177129813.e.2107/click - {}
COMMAND: POST /session/8f546a329179e62e8dd183950a75cae5/element - {"using":"xpath","value":"//*[@id=\"backBtn\"]"}
RESULT: {"using":"xpath","value":"//*[@id=\"backBtn\"]"}
COMMAND: POST /session/8f546a329179e62e8dd183950a75cae5/element/f.8CC9874A552313B3A8E13A8A50D78772.d.4125CFCA2CB9BBB3C23D429177129813.e.2333/click - {}
RESULT: {}
COMMAND: GET /session/8f546a329179e62e8dd183950a75cae5/screenshot - {}
RESULT: {}
]]></system-out>
    </testcase>
    <testcase classname="chrome.136_0_7103_93.windows.Sanity_Tests_US104253" name="Should open Manage Billings page" time="41.508">
      <system-out><![CDATA[
COMMAND: POST /session/8f546a329179e62e8dd183950a75cae5/execute/async - {"script":"<script> [1562 bytes]","args":[{"selector":{"controlType":"sap.m.GenericTile","properties":{"header":"Manage Billings"}},"wdio_ui5_key":"sapm.GenericTile{\"header\":\"Manage Billings\"}"}]}
RESULT: {"script":"<script> [1562 bytes]","args":[{"selector":{"controlType":"sap.m.GenericTile","properties":{"header":"Manage Billings"}},"wdio_ui5_key":"sapm.GenericTile{\"header\":\"Manage Billings\"}"}]}
RESULT: undefined
COMMAND: POST /session/8f546a329179e62e8dd183950a75cae5/element - {"using":"xpath","value":"//*[@id=\"__tile51\"]"}
RESULT: {"using":"xpath","value":"//*[@id=\"__tile51\"]"}
COMMAND: POST /session/8f546a329179e62e8dd183950a75cae5/element/f.8CC9874A552313B3A8E13A8A50D78772.d.4125CFCA2CB9BBB3C23D429177129813.e.2335/click - {}
RESULT: {}
COMMAND: GET /session/8f546a329179e62e8dd183950a75cae5/screenshot - {}
RESULT: {}
COMMAND: POST /session/8f546a329179e62e8dd183950a75cae5/elements - {"using":"xpath","value":"//span[text()='Error']"}
RESULT: {"using":"xpath","value":"//span[text()='Error']"}
RESULT: undefined
COMMAND: POST /session/8f546a329179e62e8dd183950a75cae5/element - {"using":"xpath","value":"//*[@id=\"__tile51\"]"}
RESULT: {"using":"xpath","value":"//*[@id=\"__tile51\"]"}
COMMAND: POST /session/8f546a329179e62e8dd183950a75cae5/element/f.8CC9874A552313B3A8E13A8A50D78772.d.4125CFCA2CB9BBB3C23D429177129813.e.2335/click - {}
RESULT: undefined
COMMAND: POST /session/8f546a329179e62e8dd183950a75cae5/element - {"using":"xpath","value":"//*[@id=\"__tile51\"]"}
RESULT: {"using":"xpath","value":"//*[@id=\"__tile51\"]"}
COMMAND: POST /session/8f546a329179e62e8dd183950a75cae5/element/f.8CC9874A552313B3A8E13A8A50D78772.d.4125CFCA2CB9BBB3C23D429177129813.e.2335/click - {}
RESULT: undefined
COMMAND: POST /session/8f546a329179e62e8dd183950a75cae5/execute/async - {"script":"<script> [6424 bytes]","args":[{"element-6066-11e4-a52e-4f735466cecf":"f.8CC9874A552313B3A8E13A8A50D78772.d.4125CFCA2CB9BBB3C23D429177129813.e.286"},"getTitle",[]]}
COMMAND: POST /session/8f546a329179e62e8dd183950a75cae5/execute/async - {"script":"<script> [1562 bytes]","args":[{"selector":{"id":"shellAppTitle"},"wdio_ui5_key":"shellAppTitle"}]}
RESULT: {"script":"<script> [1562 bytes]","args":[{"selector":{"id":"shellAppTitle"},"wdio_ui5_key":"shellAppTitle"}]}
COMMAND: POST /session/8f546a329179e62e8dd183950a75cae5/execute/async - {"script":"<script> [6424 bytes]","args":[{"element-6066-11e4-a52e-4f735466cecf":"f.8CC9874A552313B3A8E13A8A50D78772.d.4125CFCA2CB9BBB3C23D429177129813.e.2573"},"getTitle",[]]}
RESULT: {"script":"<script> [6424 bytes]","args":[{"element-6066-11e4-a52e-4f735466cecf":"f.8CC9874A552313B3A8E13A8A50D78772.d.4125CFCA2CB9BBB3C23D429177129813.e.2573"},"getTitle",[]]}
RESULT: undefined
COMMAND: POST /session/8f546a329179e62e8dd183950a75cae5/element/f.8CC9874A552313B3A8E13A8A50D78772.d.4125CFCA2CB9BBB3C23D429177129813.e.2333/click - {}
COMMAND: POST /session/8f546a329179e62e8dd183950a75cae5/element/f.8CC9874A552313B3A8E13A8A50D78772.d.4125CFCA2CB9BBB3C23D429177129813.e.2333/click - {}
RESULT: {}
COMMAND: GET /session/8f546a329179e62e8dd183950a75cae5/screenshot - {}
COMMAND: POST /session/8f546a329179e62e8dd183950a75cae5/element - {"using":"xpath","value":"//*[@id=\"backBtn\"]"}
RESULT: {}
RESULT: {"using":"xpath","value":"//*[@id=\"backBtn\"]"}
COMMAND: POST /session/8f546a329179e62e8dd183950a75cae5/elements - {"using":"xpath","value":"//*[@id=\"backBtn\"]"}
RESULT: {"using":"xpath","value":"//*[@id=\"backBtn\"]"}
COMMAND: POST /session/8f546a329179e62e8dd183950a75cae5/elements - {"using":"xpath","value":"//*[@id=\"backBtn\"]"}
RESULT: {"using":"xpath","value":"//*[@id=\"backBtn\"]"}
COMMAND: POST /session/8f546a329179e62e8dd183950a75cae5/elements - {"using":"xpath","value":"//*[@id=\"backBtn\"]"}
RESULT: {"using":"xpath","value":"//*[@id=\"backBtn\"]"}
COMMAND: POST /session/8f546a329179e62e8dd183950a75cae5/elements - {"using":"xpath","value":"//*[@id=\"backBtn\"]"}
RESULT: {"using":"xpath","value":"//*[@id=\"backBtn\"]"}
COMMAND: POST /session/8f546a329179e62e8dd183950a75cae5/elements - {"using":"xpath","value":"//*[@id=\"backBtn\"]"}
RESULT: {"using":"xpath","value":"//*[@id=\"backBtn\"]"}
COMMAND: POST /session/8f546a329179e62e8dd183950a75cae5/elements - {"using":"xpath","value":"//*[@id=\"backBtn\"]"}
RESULT: {"using":"xpath","value":"//*[@id=\"backBtn\"]"}
COMMAND: POST /session/8f546a329179e62e8dd183950a75cae5/elements - {"using":"xpath","value":"//*[@id=\"backBtn\"]"}
RESULT: {"using":"xpath","value":"//*[@id=\"backBtn\"]"}
COMMAND: POST /session/8f546a329179e62e8dd183950a75cae5/elements - {"using":"xpath","value":"//*[@id=\"backBtn\"]"}
RESULT: {"using":"xpath","value":"//*[@id=\"backBtn\"]"}
COMMAND: POST /session/8f546a329179e62e8dd183950a75cae5/elements - {"using":"xpath","value":"//*[@id=\"backBtn\"]"}
RESULT: {"using":"xpath","value":"//*[@id=\"backBtn\"]"}
COMMAND: POST /session/8f546a329179e62e8dd183950a75cae5/elements - {"using":"xpath","value":"//*[@id=\"backBtn\"]"}
RESULT: {"using":"xpath","value":"//*[@id=\"backBtn\"]"}
COMMAND: POST /session/8f546a329179e62e8dd183950a75cae5/elements - {"using":"xpath","value":"//*[@id=\"backBtn\"]"}
RESULT: {"using":"xpath","value":"//*[@id=\"backBtn\"]"}
COMMAND: POST /session/8f546a329179e62e8dd183950a75cae5/elements - {"using":"xpath","value":"//*[@id=\"backBtn\"]"}
RESULT: {"using":"xpath","value":"//*[@id=\"backBtn\"]"}
COMMAND: POST /session/8f546a329179e62e8dd183950a75cae5/elements - {"using":"xpath","value":"//*[@id=\"backBtn\"]"}
RESULT: {"using":"xpath","value":"//*[@id=\"backBtn\"]"}
COMMAND: POST /session/8f546a329179e62e8dd183950a75cae5/elements - {"using":"xpath","value":"//*[@id=\"backBtn\"]"}
RESULT: {"using":"xpath","value":"//*[@id=\"backBtn\"]"}
COMMAND: POST /session/8f546a329179e62e8dd183950a75cae5/elements - {"using":"xpath","value":"//*[@id=\"backBtn\"]"}
RESULT: {"using":"xpath","value":"//*[@id=\"backBtn\"]"}
COMMAND: POST /session/8f546a329179e62e8dd183950a75cae5/elements - {"using":"xpath","value":"//*[@id=\"backBtn\"]"}
RESULT: {"using":"xpath","value":"//*[@id=\"backBtn\"]"}
COMMAND: POST /session/8f546a329179e62e8dd183950a75cae5/elements - {"using":"xpath","value":"//*[@id=\"backBtn\"]"}
RESULT: {"using":"xpath","value":"//*[@id=\"backBtn\"]"}
]]></system-out>
    </testcase>
    <testcase classname="chrome.136_0_7103_93.windows.Sanity_Tests_US104253" name="Should open Manage Conditions Prices page" time="61.533">
      <system-out><![CDATA[
COMMAND: POST /session/8f546a329179e62e8dd183950a75cae5/execute/async - {"script":"<script> [1562 bytes]","args":[{"selector":{"controlType":"sap.m.GenericTile","properties":{"header":"Manage Conditions & Prices"}},"wdio_ui5_key":"sapm.GenericTile{\"header\":\"Manage Conditions & Prices\"}"}]}
COMMAND: POST /session/8f546a329179e62e8dd183950a75cae5/elements - {"using":"xpath","value":"//*[@id=\"backBtn\"]"}
RESULT: {"script":"<script> [1562 bytes]","args":[{"selector":{"controlType":"sap.m.GenericTile","properties":{"header":"Manage Conditions & Prices"}},"wdio_ui5_key":"sapm.GenericTile{\"header\":\"Manage Conditions & Prices\"}"}]}
RESULT: undefined
COMMAND: POST /session/8f546a329179e62e8dd183950a75cae5/element - {"using":"xpath","value":"//*[@id=\"__tile53\"]"}
RESULT: {"using":"xpath","value":"//*[@id=\"backBtn\"]"}
RESULT: {"using":"xpath","value":"//*[@id=\"__tile53\"]"}
COMMAND: POST /session/8f546a329179e62e8dd183950a75cae5/element/f.8CC9874A552313B3A8E13A8A50D78772.d.4125CFCA2CB9BBB3C23D429177129813.e.2577/click - {}
COMMAND: POST /session/8f546a329179e62e8dd183950a75cae5/elements - {"using":"xpath","value":"//*[@id=\"backBtn\"]"}
RESULT: {}
COMMAND: GET /session/8f546a329179e62e8dd183950a75cae5/screenshot - {}
RESULT: {"using":"xpath","value":"//*[@id=\"backBtn\"]"}
COMMAND: POST /session/8f546a329179e62e8dd183950a75cae5/elements - {"using":"xpath","value":"//*[@id=\"backBtn\"]"}
RESULT: {}
RESULT: {"using":"xpath","value":"//*[@id=\"backBtn\"]"}
COMMAND: POST /session/8f546a329179e62e8dd183950a75cae5/elements - {"using":"xpath","value":"//*[@id=\"backBtn\"]"}
RESULT: {"using":"xpath","value":"//*[@id=\"backBtn\"]"}
COMMAND: POST /session/8f546a329179e62e8dd183950a75cae5/elements - {"using":"xpath","value":"//*[@id=\"backBtn\"]"}
RESULT: {"using":"xpath","value":"//*[@id=\"backBtn\"]"}
COMMAND: POST /session/8f546a329179e62e8dd183950a75cae5/elements - {"using":"xpath","value":"//*[@id=\"backBtn\"]"}
COMMAND: POST /session/8f546a329179e62e8dd183950a75cae5/elements - {"using":"xpath","value":"//span[text()='Error']"}
RESULT: {"using":"xpath","value":"//*[@id=\"backBtn\"]"}
COMMAND: POST /session/8f546a329179e62e8dd183950a75cae5/element - {"using":"xpath","value":"//*[@id=\"backBtn\"]"}
RESULT: {"using":"xpath","value":"//span[text()='Error']"}
RESULT: undefined
COMMAND: POST /session/8f546a329179e62e8dd183950a75cae5/element - {"using":"xpath","value":"//*[@id=\"__tile53\"]"}
RESULT: {"using":"xpath","value":"//*[@id=\"backBtn\"]"}
COMMAND: POST /session/8f546a329179e62e8dd183950a75cae5/element/f.8CC9874A552313B3A8E13A8A50D78772.d.4125CFCA2CB9BBB3C23D429177129813.e.2333/click - {}
RESULT: {"using":"xpath","value":"//*[@id=\"__tile53\"]"}
COMMAND: POST /session/8f546a329179e62e8dd183950a75cae5/element/f.8CC9874A552313B3A8E13A8A50D78772.d.4125CFCA2CB9BBB3C23D429177129813.e.2577/click - {}
COMMAND: POST /session/8f546a329179e62e8dd183950a75cae5/element - {"using":"xpath","value":"//*[@id=\"backBtn\"]"}
RESULT: {"using":"xpath","value":"//*[@id=\"backBtn\"]"}
COMMAND: POST /session/8f546a329179e62e8dd183950a75cae5/element/f.8CC9874A552313B3A8E13A8A50D78772.d.4125CFCA2CB9BBB3C23D429177129813.e.2580/click - {}
RESULT: {}
COMMAND: GET /session/8f546a329179e62e8dd183950a75cae5/screenshot - {}
RESULT: {}
RESULT: undefined
COMMAND: POST /session/8f546a329179e62e8dd183950a75cae5/element - {"using":"xpath","value":"//*[@id=\"__tile53\"]"}
COMMAND: GET /session/8f546a329179e62e8dd183950a75cae5/screenshot - {}
RESULT: {}
RESULT: {"using":"xpath","value":"//*[@id=\"__tile53\"]"}
COMMAND: POST /session/8f546a329179e62e8dd183950a75cae5/element/f.8CC9874A552313B3A8E13A8A50D78772.d.4125CFCA2CB9BBB3C23D429177129813.e.2577/click - {}
RESULT: {}
RESULT: undefined
COMMAND: POST /session/8f546a329179e62e8dd183950a75cae5/execute/async - {"script":"<script> [6424 bytes]","args":[{"element-6066-11e4-a52e-4f735466cecf":"f.8CC9874A552313B3A8E13A8A50D78772.d.4125CFCA2CB9BBB3C23D429177129813.e.286"},"getTitle",[]]}
COMMAND: POST /session/8f546a329179e62e8dd183950a75cae5/execute/async - {"script":"<script> [1562 bytes]","args":[{"selector":{"id":"shellAppTitle"},"wdio_ui5_key":"shellAppTitle"}]}
RESULT: {"script":"<script> [1562 bytes]","args":[{"selector":{"id":"shellAppTitle"},"wdio_ui5_key":"shellAppTitle"}]}
COMMAND: POST /session/8f546a329179e62e8dd183950a75cae5/execute/async - {"script":"<script> [6424 bytes]","args":[{"element-6066-11e4-a52e-4f735466cecf":"f.8CC9874A552313B3A8E13A8A50D78772.d.4125CFCA2CB9BBB3C23D429177129813.e.2933"},"getTitle",[]]}
RESULT: {"script":"<script> [6424 bytes]","args":[{"element-6066-11e4-a52e-4f735466cecf":"f.8CC9874A552313B3A8E13A8A50D78772.d.4125CFCA2CB9BBB3C23D429177129813.e.2933"},"getTitle",[]]}
RESULT: undefined
COMMAND: POST /session/8f546a329179e62e8dd183950a75cae5/element/f.8CC9874A552313B3A8E13A8A50D78772.d.4125CFCA2CB9BBB3C23D429177129813.e.2580/click - {}
RESULT: {}
COMMAND: GET /session/8f546a329179e62e8dd183950a75cae5/screenshot - {}
RESULT: {}
]]></system-out>
    </testcase>
    <testcase classname="chrome.136_0_7103_93.windows.Sanity_Tests_US104253" name="Should open Billing Transfer page" time="39.57">
      <system-out><![CDATA[
COMMAND: POST /session/8f546a329179e62e8dd183950a75cae5/execute/async - {"script":"<script> [1562 bytes]","args":[{"selector":{"controlType":"sap.m.GenericTile","properties":{"header":"Billing Transfer"}},"wdio_ui5_key":"sapm.GenericTile{\"header\":\"Billing Transfer\"}"}]}
RESULT: {"script":"<script> [1562 bytes]","args":[{"selector":{"controlType":"sap.m.GenericTile","properties":{"header":"Billing Transfer"}},"wdio_ui5_key":"sapm.GenericTile{\"header\":\"Billing Transfer\"}"}]}
RESULT: undefined
COMMAND: POST /session/8f546a329179e62e8dd183950a75cae5/element - {"using":"xpath","value":"//*[@id=\"__tile50\"]"}
RESULT: {"using":"xpath","value":"//*[@id=\"__tile50\"]"}
COMMAND: POST /session/8f546a329179e62e8dd183950a75cae5/element/f.8CC9874A552313B3A8E13A8A50D78772.d.4125CFCA2CB9BBB3C23D429177129813.e.2935/click - {}
RESULT: {}
COMMAND: GET /session/8f546a329179e62e8dd183950a75cae5/screenshot - {}
RESULT: {}
COMMAND: POST /session/8f546a329179e62e8dd183950a75cae5/elements - {"using":"xpath","value":"//span[text()='Error']"}
RESULT: {"using":"xpath","value":"//span[text()='Error']"}
RESULT: undefined
COMMAND: POST /session/8f546a329179e62e8dd183950a75cae5/element - {"using":"xpath","value":"//*[@id=\"__tile50\"]"}
RESULT: {"using":"xpath","value":"//*[@id=\"__tile50\"]"}
COMMAND: POST /session/8f546a329179e62e8dd183950a75cae5/element/f.8CC9874A552313B3A8E13A8A50D78772.d.4125CFCA2CB9BBB3C23D429177129813.e.2935/click - {}
RESULT: undefined
COMMAND: POST /session/8f546a329179e62e8dd183950a75cae5/element - {"using":"xpath","value":"//*[@id=\"__tile50\"]"}
RESULT: {"using":"xpath","value":"//*[@id=\"__tile50\"]"}
COMMAND: POST /session/8f546a329179e62e8dd183950a75cae5/element/f.8CC9874A552313B3A8E13A8A50D78772.d.4125CFCA2CB9BBB3C23D429177129813.e.2935/click - {}
RESULT: undefined
COMMAND: POST /session/8f546a329179e62e8dd183950a75cae5/execute/async - {"script":"<script> [6424 bytes]","args":[{"element-6066-11e4-a52e-4f735466cecf":"f.8CC9874A552313B3A8E13A8A50D78772.d.4125CFCA2CB9BBB3C23D429177129813.e.286"},"getTitle",[]]}
COMMAND: POST /session/8f546a329179e62e8dd183950a75cae5/execute/async - {"script":"<script> [1562 bytes]","args":[{"selector":{"id":"shellAppTitle"},"wdio_ui5_key":"shellAppTitle"}]}
RESULT: {"script":"<script> [1562 bytes]","args":[{"selector":{"id":"shellAppTitle"},"wdio_ui5_key":"shellAppTitle"}]}
COMMAND: POST /session/8f546a329179e62e8dd183950a75cae5/execute/async - {"script":"<script> [6424 bytes]","args":[{"element-6066-11e4-a52e-4f735466cecf":"f.8CC9874A552313B3A8E13A8A50D78772.d.4125CFCA2CB9BBB3C23D429177129813.e.3185"},"getTitle",[]]}
RESULT: {"script":"<script> [6424 bytes]","args":[{"element-6066-11e4-a52e-4f735466cecf":"f.8CC9874A552313B3A8E13A8A50D78772.d.4125CFCA2CB9BBB3C23D429177129813.e.3185"},"getTitle",[]]}
RESULT: undefined
COMMAND: POST /session/8f546a329179e62e8dd183950a75cae5/element/f.8CC9874A552313B3A8E13A8A50D78772.d.4125CFCA2CB9BBB3C23D429177129813.e.2580/click - {}
COMMAND: POST /session/8f546a329179e62e8dd183950a75cae5/element - {"using":"xpath","value":"//*[@id=\"backBtn\"]"}
RESULT: {"using":"xpath","value":"//*[@id=\"backBtn\"]"}
COMMAND: POST /session/8f546a329179e62e8dd183950a75cae5/element/f.8CC9874A552313B3A8E13A8A50D78772.d.4125CFCA2CB9BBB3C23D429177129813.e.2580/click - {}
COMMAND: POST /session/8f546a329179e62e8dd183950a75cae5/element - {"using":"xpath","value":"//*[@id=\"backBtn\"]"}
RESULT: {"using":"xpath","value":"//*[@id=\"backBtn\"]"}
COMMAND: POST /session/8f546a329179e62e8dd183950a75cae5/element/f.8CC9874A552313B3A8E13A8A50D78772.d.4125CFCA2CB9BBB3C23D429177129813.e.3186/click - {}
RESULT: {}
COMMAND: GET /session/8f546a329179e62e8dd183950a75cae5/screenshot - {}
RESULT: {}
]]></system-out>
    </testcase>
    <testcase classname="chrome.136_0_7103_93.windows.Sanity_Tests_US104253" name="Should open Manage Pricing Rules page" time="37.516">
      <system-out><![CDATA[
COMMAND: POST /session/8f546a329179e62e8dd183950a75cae5/execute/async - {"script":"<script> [1562 bytes]","args":[{"selector":{"controlType":"sap.m.GenericTile","properties":{"header":"Manage Pricing Rules"}},"wdio_ui5_key":"sapm.GenericTile{\"header\":\"Manage Pricing Rules\"}"}]}
RESULT: {"script":"<script> [1562 bytes]","args":[{"selector":{"controlType":"sap.m.GenericTile","properties":{"header":"Manage Pricing Rules"}},"wdio_ui5_key":"sapm.GenericTile{\"header\":\"Manage Pricing Rules\"}"}]}
RESULT: undefined
COMMAND: POST /session/8f546a329179e62e8dd183950a75cae5/element - {"using":"xpath","value":"//*[@id=\"__tile55\"]"}
RESULT: {"using":"xpath","value":"//*[@id=\"__tile55\"]"}
COMMAND: POST /session/8f546a329179e62e8dd183950a75cae5/element/f.8CC9874A552313B3A8E13A8A50D78772.d.4125CFCA2CB9BBB3C23D429177129813.e.3188/click - {}
RESULT: {}
COMMAND: GET /session/8f546a329179e62e8dd183950a75cae5/screenshot - {}
RESULT: {}
COMMAND: POST /session/8f546a329179e62e8dd183950a75cae5/elements - {"using":"xpath","value":"//span[text()='Error']"}
RESULT: {"using":"xpath","value":"//span[text()='Error']"}
RESULT: undefined
COMMAND: POST /session/8f546a329179e62e8dd183950a75cae5/element - {"using":"xpath","value":"//*[@id=\"__tile55\"]"}
RESULT: {"using":"xpath","value":"//*[@id=\"__tile55\"]"}
COMMAND: POST /session/8f546a329179e62e8dd183950a75cae5/element/f.8CC9874A552313B3A8E13A8A50D78772.d.4125CFCA2CB9BBB3C23D429177129813.e.3188/click - {}
RESULT: undefined
COMMAND: POST /session/8f546a329179e62e8dd183950a75cae5/element - {"using":"xpath","value":"//*[@id=\"__tile55\"]"}
RESULT: {"using":"xpath","value":"//*[@id=\"__tile55\"]"}
COMMAND: POST /session/8f546a329179e62e8dd183950a75cae5/element/f.8CC9874A552313B3A8E13A8A50D78772.d.4125CFCA2CB9BBB3C23D429177129813.e.3188/click - {}
RESULT: undefined
COMMAND: POST /session/8f546a329179e62e8dd183950a75cae5/execute/async - {"script":"<script> [6424 bytes]","args":[{"element-6066-11e4-a52e-4f735466cecf":"f.8CC9874A552313B3A8E13A8A50D78772.d.4125CFCA2CB9BBB3C23D429177129813.e.286"},"getTitle",[]]}
COMMAND: POST /session/8f546a329179e62e8dd183950a75cae5/execute/async - {"script":"<script> [1562 bytes]","args":[{"selector":{"id":"shellAppTitle"},"wdio_ui5_key":"shellAppTitle"}]}
RESULT: {"script":"<script> [1562 bytes]","args":[{"selector":{"id":"shellAppTitle"},"wdio_ui5_key":"shellAppTitle"}]}
COMMAND: POST /session/8f546a329179e62e8dd183950a75cae5/execute/async - {"script":"<script> [6424 bytes]","args":[{"element-6066-11e4-a52e-4f735466cecf":"f.8CC9874A552313B3A8E13A8A50D78772.d.4125CFCA2CB9BBB3C23D429177129813.e.3236"},"getTitle",[]]}
RESULT: {"script":"<script> [6424 bytes]","args":[{"element-6066-11e4-a52e-4f735466cecf":"f.8CC9874A552313B3A8E13A8A50D78772.d.4125CFCA2CB9BBB3C23D429177129813.e.3236"},"getTitle",[]]}
RESULT: undefined
COMMAND: POST /session/8f546a329179e62e8dd183950a75cae5/element/f.8CC9874A552313B3A8E13A8A50D78772.d.4125CFCA2CB9BBB3C23D429177129813.e.3186/click - {}
RESULT: {}
COMMAND: GET /session/8f546a329179e62e8dd183950a75cae5/screenshot - {}
RESULT: {}
]]></system-out>
    </testcase>
    <testcase classname="chrome.136_0_7103_93.windows.Sanity_Tests_US104253" name="Should open Manage Price Determination Matrices page" time="37.592">
      <system-out><![CDATA[
COMMAND: POST /session/8f546a329179e62e8dd183950a75cae5/execute/async - {"script":"<script> [1562 bytes]","args":[{"selector":{"controlType":"sap.m.GenericTile","properties":{"header":"Manage Price Determination Matrices"}},"wdio_ui5_key":"sapm.GenericTile{\"header\":\"Manage Price Determination Matrices\"}"}]}
RESULT: {"script":"<script> [1562 bytes]","args":[{"selector":{"controlType":"sap.m.GenericTile","properties":{"header":"Manage Price Determination Matrices"}},"wdio_ui5_key":"sapm.GenericTile{\"header\":\"Manage Price Determination Matrices\"}"}]}
RESULT: undefined
COMMAND: POST /session/8f546a329179e62e8dd183950a75cae5/element - {"using":"xpath","value":"//*[@id=\"__tile54\"]"}
RESULT: {"using":"xpath","value":"//*[@id=\"__tile54\"]"}
COMMAND: POST /session/8f546a329179e62e8dd183950a75cae5/element/f.8CC9874A552313B3A8E13A8A50D78772.d.4125CFCA2CB9BBB3C23D429177129813.e.3238/click - {}
RESULT: {}
COMMAND: GET /session/8f546a329179e62e8dd183950a75cae5/screenshot - {}
RESULT: {}
COMMAND: POST /session/8f546a329179e62e8dd183950a75cae5/elements - {"using":"xpath","value":"//span[text()='Error']"}
RESULT: {"using":"xpath","value":"//span[text()='Error']"}
RESULT: undefined
COMMAND: POST /session/8f546a329179e62e8dd183950a75cae5/element - {"using":"xpath","value":"//*[@id=\"__tile54\"]"}
RESULT: {"using":"xpath","value":"//*[@id=\"__tile54\"]"}
COMMAND: POST /session/8f546a329179e62e8dd183950a75cae5/element/f.8CC9874A552313B3A8E13A8A50D78772.d.4125CFCA2CB9BBB3C23D429177129813.e.3238/click - {}
RESULT: undefined
COMMAND: POST /session/8f546a329179e62e8dd183950a75cae5/element - {"using":"xpath","value":"//*[@id=\"__tile54\"]"}
RESULT: {"using":"xpath","value":"//*[@id=\"__tile54\"]"}
COMMAND: POST /session/8f546a329179e62e8dd183950a75cae5/element/f.8CC9874A552313B3A8E13A8A50D78772.d.4125CFCA2CB9BBB3C23D429177129813.e.3238/click - {}
RESULT: undefined
COMMAND: POST /session/8f546a329179e62e8dd183950a75cae5/execute/async - {"script":"<script> [6424 bytes]","args":[{"element-6066-11e4-a52e-4f735466cecf":"f.8CC9874A552313B3A8E13A8A50D78772.d.4125CFCA2CB9BBB3C23D429177129813.e.286"},"getTitle",[]]}
COMMAND: POST /session/8f546a329179e62e8dd183950a75cae5/execute/async - {"script":"<script> [1562 bytes]","args":[{"selector":{"id":"shellAppTitle"},"wdio_ui5_key":"shellAppTitle"}]}
RESULT: {"script":"<script> [1562 bytes]","args":[{"selector":{"id":"shellAppTitle"},"wdio_ui5_key":"shellAppTitle"}]}
COMMAND: POST /session/8f546a329179e62e8dd183950a75cae5/execute/async - {"script":"<script> [6424 bytes]","args":[{"element-6066-11e4-a52e-4f735466cecf":"f.8CC9874A552313B3A8E13A8A50D78772.d.4125CFCA2CB9BBB3C23D429177129813.e.3323"},"getTitle",[]]}
RESULT: {"script":"<script> [6424 bytes]","args":[{"element-6066-11e4-a52e-4f735466cecf":"f.8CC9874A552313B3A8E13A8A50D78772.d.4125CFCA2CB9BBB3C23D429177129813.e.3323"},"getTitle",[]]}
RESULT: undefined
COMMAND: POST /session/8f546a329179e62e8dd183950a75cae5/element/f.8CC9874A552313B3A8E13A8A50D78772.d.4125CFCA2CB9BBB3C23D429177129813.e.3186/click - {}
COMMAND: POST /session/8f546a329179e62e8dd183950a75cae5/element - {"using":"xpath","value":"//*[@id=\"backBtn\"]"}
RESULT: {"using":"xpath","value":"//*[@id=\"backBtn\"]"}
COMMAND: POST /session/8f546a329179e62e8dd183950a75cae5/element/f.8CC9874A552313B3A8E13A8A50D78772.d.4125CFCA2CB9BBB3C23D429177129813.e.3186/click - {}
COMMAND: POST /session/8f546a329179e62e8dd183950a75cae5/element - {"using":"xpath","value":"//*[@id=\"backBtn\"]"}
RESULT: {"using":"xpath","value":"//*[@id=\"backBtn\"]"}
COMMAND: POST /session/8f546a329179e62e8dd183950a75cae5/element/f.8CC9874A552313B3A8E13A8A50D78772.d.4125CFCA2CB9BBB3C23D429177129813.e.3324/click - {}
RESULT: {}
COMMAND: GET /session/8f546a329179e62e8dd183950a75cae5/screenshot - {}
RESULT: {}
]]></system-out>
    </testcase>
    <testcase classname="chrome.136_0_7103_93.windows.Sanity_Tests_US104253" name="Should open Yard Overview page" time="42.483">
      <system-out><![CDATA[
COMMAND: POST /session/8f546a329179e62e8dd183950a75cae5/execute/async - {"script":"<script> [1562 bytes]","args":[{"selector":{"controlType":"sap.m.GenericTile","properties":{"header":"Yard Overview"}},"wdio_ui5_key":"sapm.GenericTile{\"header\":\"Yard Overview\"}"}]}
RESULT: {"script":"<script> [1562 bytes]","args":[{"selector":{"controlType":"sap.m.GenericTile","properties":{"header":"Yard Overview"}},"wdio_ui5_key":"sapm.GenericTile{\"header\":\"Yard Overview\"}"}]}
RESULT: undefined
COMMAND: POST /session/8f546a329179e62e8dd183950a75cae5/element - {"using":"xpath","value":"//*[@id=\"__tile102\"]"}
RESULT: {"using":"xpath","value":"//*[@id=\"__tile102\"]"}
COMMAND: POST /session/8f546a329179e62e8dd183950a75cae5/element/f.8CC9874A552313B3A8E13A8A50D78772.d.4125CFCA2CB9BBB3C23D429177129813.e.3326/click - {}
RESULT: {}
COMMAND: GET /session/8f546a329179e62e8dd183950a75cae5/screenshot - {}
RESULT: {}
COMMAND: POST /session/8f546a329179e62e8dd183950a75cae5/elements - {"using":"xpath","value":"//span[text()='Error']"}
RESULT: {"using":"xpath","value":"//span[text()='Error']"}
RESULT: undefined
COMMAND: POST /session/8f546a329179e62e8dd183950a75cae5/element - {"using":"xpath","value":"//*[@id=\"__tile102\"]"}
RESULT: {"using":"xpath","value":"//*[@id=\"__tile102\"]"}
COMMAND: POST /session/8f546a329179e62e8dd183950a75cae5/element/f.8CC9874A552313B3A8E13A8A50D78772.d.4125CFCA2CB9BBB3C23D429177129813.e.3326/click - {}
RESULT: undefined
COMMAND: POST /session/8f546a329179e62e8dd183950a75cae5/element - {"using":"xpath","value":"//*[@id=\"__tile102\"]"}
RESULT: {"using":"xpath","value":"//*[@id=\"__tile102\"]"}
COMMAND: POST /session/8f546a329179e62e8dd183950a75cae5/element/f.8CC9874A552313B3A8E13A8A50D78772.d.4125CFCA2CB9BBB3C23D429177129813.e.3326/click - {}
RESULT: undefined
COMMAND: POST /session/8f546a329179e62e8dd183950a75cae5/execute/async - {"script":"<script> [6424 bytes]","args":[{"element-6066-11e4-a52e-4f735466cecf":"f.8CC9874A552313B3A8E13A8A50D78772.d.4125CFCA2CB9BBB3C23D429177129813.e.286"},"getTitle",[]]}
COMMAND: POST /session/8f546a329179e62e8dd183950a75cae5/execute/async - {"script":"<script> [1562 bytes]","args":[{"selector":{"id":"shellAppTitle"},"wdio_ui5_key":"shellAppTitle"}]}
RESULT: {"script":"<script> [1562 bytes]","args":[{"selector":{"id":"shellAppTitle"},"wdio_ui5_key":"shellAppTitle"}]}
COMMAND: POST /session/8f546a329179e62e8dd183950a75cae5/execute/async - {"script":"<script> [6424 bytes]","args":[{"element-6066-11e4-a52e-4f735466cecf":"f.8CC9874A552313B3A8E13A8A50D78772.d.4125CFCA2CB9BBB3C23D429177129813.e.3387"},"getTitle",[]]}
RESULT: {"script":"<script> [6424 bytes]","args":[{"element-6066-11e4-a52e-4f735466cecf":"f.8CC9874A552313B3A8E13A8A50D78772.d.4125CFCA2CB9BBB3C23D429177129813.e.3387"},"getTitle",[]]}
RESULT: undefined
COMMAND: POST /session/8f546a329179e62e8dd183950a75cae5/element/f.8CC9874A552313B3A8E13A8A50D78772.d.4125CFCA2CB9BBB3C23D429177129813.e.3324/click - {}
RESULT: {}
COMMAND: GET /session/8f546a329179e62e8dd183950a75cae5/screenshot - {}
RESULT: {}
]]></system-out>
    </testcase>
    <testcase classname="chrome.136_0_7103_93.windows.Sanity_Tests_US104253" name="Should open Site Overview page" time="39.795">
      <system-out><![CDATA[
COMMAND: POST /session/8f546a329179e62e8dd183950a75cae5/execute/async - {"script":"<script> [1562 bytes]","args":[{"selector":{"controlType":"sap.m.GenericTile","properties":{"header":"Site Overview"}},"wdio_ui5_key":"sapm.GenericTile{\"header\":\"Site Overview\"}"}]}
RESULT: {"script":"<script> [1562 bytes]","args":[{"selector":{"controlType":"sap.m.GenericTile","properties":{"header":"Site Overview"}},"wdio_ui5_key":"sapm.GenericTile{\"header\":\"Site Overview\"}"}]}
RESULT: undefined
COMMAND: POST /session/8f546a329179e62e8dd183950a75cae5/element - {"using":"xpath","value":"//*[@id=\"__tile100\"]"}
RESULT: {"using":"xpath","value":"//*[@id=\"__tile100\"]"}
COMMAND: POST /session/8f546a329179e62e8dd183950a75cae5/element/f.8CC9874A552313B3A8E13A8A50D78772.d.4125CFCA2CB9BBB3C23D429177129813.e.3390/click - {}
RESULT: {}
COMMAND: GET /session/8f546a329179e62e8dd183950a75cae5/screenshot - {}
RESULT: {}
COMMAND: POST /session/8f546a329179e62e8dd183950a75cae5/elements - {"using":"xpath","value":"//span[text()='Error']"}
RESULT: {"using":"xpath","value":"//span[text()='Error']"}
RESULT: undefined
COMMAND: POST /session/8f546a329179e62e8dd183950a75cae5/element - {"using":"xpath","value":"//*[@id=\"__tile100\"]"}
RESULT: {"using":"xpath","value":"//*[@id=\"__tile100\"]"}
COMMAND: POST /session/8f546a329179e62e8dd183950a75cae5/element/f.8CC9874A552313B3A8E13A8A50D78772.d.4125CFCA2CB9BBB3C23D429177129813.e.3390/click - {}
RESULT: undefined
COMMAND: POST /session/8f546a329179e62e8dd183950a75cae5/element - {"using":"xpath","value":"//*[@id=\"__tile100\"]"}
RESULT: {"using":"xpath","value":"//*[@id=\"__tile100\"]"}
COMMAND: POST /session/8f546a329179e62e8dd183950a75cae5/element/f.8CC9874A552313B3A8E13A8A50D78772.d.4125CFCA2CB9BBB3C23D429177129813.e.3390/click - {}
RESULT: undefined
COMMAND: POST /session/8f546a329179e62e8dd183950a75cae5/execute/async - {"script":"<script> [6424 bytes]","args":[{"element-6066-11e4-a52e-4f735466cecf":"f.8CC9874A552313B3A8E13A8A50D78772.d.4125CFCA2CB9BBB3C23D429177129813.e.286"},"getTitle",[]]}
COMMAND: POST /session/8f546a329179e62e8dd183950a75cae5/execute/async - {"script":"<script> [1562 bytes]","args":[{"selector":{"id":"shellAppTitle"},"wdio_ui5_key":"shellAppTitle"}]}
RESULT: {"script":"<script> [1562 bytes]","args":[{"selector":{"id":"shellAppTitle"},"wdio_ui5_key":"shellAppTitle"}]}
COMMAND: POST /session/8f546a329179e62e8dd183950a75cae5/execute/async - {"script":"<script> [6424 bytes]","args":[{"element-6066-11e4-a52e-4f735466cecf":"f.8CC9874A552313B3A8E13A8A50D78772.d.4125CFCA2CB9BBB3C23D429177129813.e.3507"},"getTitle",[]]}
RESULT: {"script":"<script> [6424 bytes]","args":[{"element-6066-11e4-a52e-4f735466cecf":"f.8CC9874A552313B3A8E13A8A50D78772.d.4125CFCA2CB9BBB3C23D429177129813.e.3507"},"getTitle",[]]}
RESULT: undefined
COMMAND: POST /session/8f546a329179e62e8dd183950a75cae5/element/f.8CC9874A552313B3A8E13A8A50D78772.d.4125CFCA2CB9BBB3C23D429177129813.e.3324/click - {}
COMMAND: POST /session/8f546a329179e62e8dd183950a75cae5/element - {"using":"xpath","value":"//*[@id=\"backBtn\"]"}
RESULT: {"using":"xpath","value":"//*[@id=\"backBtn\"]"}
COMMAND: POST /session/8f546a329179e62e8dd183950a75cae5/element/f.8CC9874A552313B3A8E13A8A50D78772.d.4125CFCA2CB9BBB3C23D429177129813.e.3324/click - {}
COMMAND: POST /session/8f546a329179e62e8dd183950a75cae5/element - {"using":"xpath","value":"//*[@id=\"backBtn\"]"}
RESULT: {"using":"xpath","value":"//*[@id=\"backBtn\"]"}
COMMAND: POST /session/8f546a329179e62e8dd183950a75cae5/element/f.8CC9874A552313B3A8E13A8A50D78772.d.4125CFCA2CB9BBB3C23D429177129813.e.3508/click - {}
RESULT: {}
COMMAND: GET /session/8f546a329179e62e8dd183950a75cae5/screenshot - {}
RESULT: {}
]]></system-out>
    </testcase>
    <testcase classname="chrome.136_0_7103_93.windows.Sanity_Tests_US104253" name="Should open Trace Track Resources page" time="39.45">
      <system-out><![CDATA[
COMMAND: POST /session/8f546a329179e62e8dd183950a75cae5/execute/async - {"script":"<script> [1562 bytes]","args":[{"selector":{"controlType":"sap.m.GenericTile","properties":{"header":"Trace & Track Resources"}},"wdio_ui5_key":"sapm.GenericTile{\"header\":\"Trace & Track Resources\"}"}]}
RESULT: {"script":"<script> [1562 bytes]","args":[{"selector":{"controlType":"sap.m.GenericTile","properties":{"header":"Trace & Track Resources"}},"wdio_ui5_key":"sapm.GenericTile{\"header\":\"Trace & Track Resources\"}"}]}
RESULT: undefined
COMMAND: POST /session/8f546a329179e62e8dd183950a75cae5/element - {"using":"xpath","value":"//*[@id=\"__tile101\"]"}
RESULT: {"using":"xpath","value":"//*[@id=\"__tile101\"]"}
COMMAND: POST /session/8f546a329179e62e8dd183950a75cae5/element/f.8CC9874A552313B3A8E13A8A50D78772.d.4125CFCA2CB9BBB3C23D429177129813.e.3510/click - {}
RESULT: {}
COMMAND: GET /session/8f546a329179e62e8dd183950a75cae5/screenshot - {}
RESULT: {}
COMMAND: POST /session/8f546a329179e62e8dd183950a75cae5/elements - {"using":"xpath","value":"//span[text()='Error']"}
RESULT: {"using":"xpath","value":"//span[text()='Error']"}
RESULT: undefined
COMMAND: POST /session/8f546a329179e62e8dd183950a75cae5/element - {"using":"xpath","value":"//*[@id=\"__tile101\"]"}
RESULT: {"using":"xpath","value":"//*[@id=\"__tile101\"]"}
COMMAND: POST /session/8f546a329179e62e8dd183950a75cae5/element/f.8CC9874A552313B3A8E13A8A50D78772.d.4125CFCA2CB9BBB3C23D429177129813.e.3510/click - {}
RESULT: undefined
COMMAND: POST /session/8f546a329179e62e8dd183950a75cae5/element - {"using":"xpath","value":"//*[@id=\"__tile101\"]"}
RESULT: {"using":"xpath","value":"//*[@id=\"__tile101\"]"}
COMMAND: POST /session/8f546a329179e62e8dd183950a75cae5/element/f.8CC9874A552313B3A8E13A8A50D78772.d.4125CFCA2CB9BBB3C23D429177129813.e.3510/click - {}
RESULT: undefined
COMMAND: POST /session/8f546a329179e62e8dd183950a75cae5/execute/async - {"script":"<script> [6424 bytes]","args":[{"element-6066-11e4-a52e-4f735466cecf":"f.8CC9874A552313B3A8E13A8A50D78772.d.4125CFCA2CB9BBB3C23D429177129813.e.286"},"getTitle",[]]}
COMMAND: POST /session/8f546a329179e62e8dd183950a75cae5/execute/async - {"script":"<script> [1562 bytes]","args":[{"selector":{"id":"shellAppTitle"},"wdio_ui5_key":"shellAppTitle"}]}
RESULT: {"script":"<script> [1562 bytes]","args":[{"selector":{"id":"shellAppTitle"},"wdio_ui5_key":"shellAppTitle"}]}
COMMAND: POST /session/8f546a329179e62e8dd183950a75cae5/execute/async - {"script":"<script> [6424 bytes]","args":[{"element-6066-11e4-a52e-4f735466cecf":"f.8CC9874A552313B3A8E13A8A50D78772.d.4125CFCA2CB9BBB3C23D429177129813.e.3544"},"getTitle",[]]}
RESULT: {"script":"<script> [6424 bytes]","args":[{"element-6066-11e4-a52e-4f735466cecf":"f.8CC9874A552313B3A8E13A8A50D78772.d.4125CFCA2CB9BBB3C23D429177129813.e.3544"},"getTitle",[]]}
RESULT: undefined
COMMAND: POST /session/8f546a329179e62e8dd183950a75cae5/element/f.8CC9874A552313B3A8E13A8A50D78772.d.4125CFCA2CB9BBB3C23D429177129813.e.3508/click - {}
RESULT: {}
COMMAND: GET /session/8f546a329179e62e8dd183950a75cae5/screenshot - {}
RESULT: {}
]]></system-out>
    </testcase>
    <testcase classname="chrome.136_0_7103_93.windows.Sanity_Tests_US104253" name="Should open RU Inventory List page" time="38.874">
      <system-out><![CDATA[
COMMAND: POST /session/8f546a329179e62e8dd183950a75cae5/execute/async - {"script":"<script> [1562 bytes]","args":[{"selector":{"controlType":"sap.m.GenericTile","properties":{"header":"RU Inventory List"}},"wdio_ui5_key":"sapm.GenericTile{\"header\":\"RU Inventory List\"}"}]}
RESULT: {"script":"<script> [1562 bytes]","args":[{"selector":{"controlType":"sap.m.GenericTile","properties":{"header":"RU Inventory List"}},"wdio_ui5_key":"sapm.GenericTile{\"header\":\"RU Inventory List\"}"}]}
RESULT: undefined
COMMAND: POST /session/8f546a329179e62e8dd183950a75cae5/element - {"using":"xpath","value":"//*[@id=\"__tile99\"]"}
RESULT: {"using":"xpath","value":"//*[@id=\"__tile99\"]"}
COMMAND: POST /session/8f546a329179e62e8dd183950a75cae5/element/f.8CC9874A552313B3A8E13A8A50D78772.d.4125CFCA2CB9BBB3C23D429177129813.e.3546/click - {}
RESULT: {}
COMMAND: GET /session/8f546a329179e62e8dd183950a75cae5/screenshot - {}
RESULT: {}
COMMAND: POST /session/8f546a329179e62e8dd183950a75cae5/elements - {"using":"xpath","value":"//span[text()='Error']"}
RESULT: {"using":"xpath","value":"//span[text()='Error']"}
RESULT: undefined
COMMAND: POST /session/8f546a329179e62e8dd183950a75cae5/element - {"using":"xpath","value":"//*[@id=\"__tile99\"]"}
RESULT: {"using":"xpath","value":"//*[@id=\"__tile99\"]"}
COMMAND: POST /session/8f546a329179e62e8dd183950a75cae5/element/f.8CC9874A552313B3A8E13A8A50D78772.d.4125CFCA2CB9BBB3C23D429177129813.e.3546/click - {}
RESULT: undefined
COMMAND: POST /session/8f546a329179e62e8dd183950a75cae5/element - {"using":"xpath","value":"//*[@id=\"__tile99\"]"}
RESULT: {"using":"xpath","value":"//*[@id=\"__tile99\"]"}
COMMAND: POST /session/8f546a329179e62e8dd183950a75cae5/element/f.8CC9874A552313B3A8E13A8A50D78772.d.4125CFCA2CB9BBB3C23D429177129813.e.3546/click - {}
RESULT: undefined
COMMAND: POST /session/8f546a329179e62e8dd183950a75cae5/execute/async - {"script":"<script> [6424 bytes]","args":[{"element-6066-11e4-a52e-4f735466cecf":"f.8CC9874A552313B3A8E13A8A50D78772.d.4125CFCA2CB9BBB3C23D429177129813.e.286"},"getTitle",[]]}
COMMAND: POST /session/8f546a329179e62e8dd183950a75cae5/execute/async - {"script":"<script> [1562 bytes]","args":[{"selector":{"id":"shellAppTitle"},"wdio_ui5_key":"shellAppTitle"}]}
RESULT: {"script":"<script> [1562 bytes]","args":[{"selector":{"id":"shellAppTitle"},"wdio_ui5_key":"shellAppTitle"}]}
COMMAND: POST /session/8f546a329179e62e8dd183950a75cae5/execute/async - {"script":"<script> [6424 bytes]","args":[{"element-6066-11e4-a52e-4f735466cecf":"f.8CC9874A552313B3A8E13A8A50D78772.d.4125CFCA2CB9BBB3C23D429177129813.e.3746"},"getTitle",[]]}
RESULT: {"script":"<script> [6424 bytes]","args":[{"element-6066-11e4-a52e-4f735466cecf":"f.8CC9874A552313B3A8E13A8A50D78772.d.4125CFCA2CB9BBB3C23D429177129813.e.3746"},"getTitle",[]]}
RESULT: undefined
COMMAND: POST /session/8f546a329179e62e8dd183950a75cae5/element/f.8CC9874A552313B3A8E13A8A50D78772.d.4125CFCA2CB9BBB3C23D429177129813.e.3508/click - {}
COMMAND: POST /session/8f546a329179e62e8dd183950a75cae5/element - {"using":"xpath","value":"//*[@id=\"backBtn\"]"}
RESULT: {"using":"xpath","value":"//*[@id=\"backBtn\"]"}
COMMAND: POST /session/8f546a329179e62e8dd183950a75cae5/element/f.8CC9874A552313B3A8E13A8A50D78772.d.4125CFCA2CB9BBB3C23D429177129813.e.3508/click - {}
COMMAND: POST /session/8f546a329179e62e8dd183950a75cae5/element - {"using":"xpath","value":"//*[@id=\"backBtn\"]"}
RESULT: {"using":"xpath","value":"//*[@id=\"backBtn\"]"}
COMMAND: POST /session/8f546a329179e62e8dd183950a75cae5/element/f.8CC9874A552313B3A8E13A8A50D78772.d.4125CFCA2CB9BBB3C23D429177129813.e.3747/click - {}
RESULT: {}
COMMAND: GET /session/8f546a329179e62e8dd183950a75cae5/screenshot - {}
RESULT: {}
]]></system-out>
    </testcase>
    <testcase classname="chrome.136_0_7103_93.windows.Sanity_Tests_US104253" name="Should open Contracts Dashboard page" time="45.337">
      <system-out><![CDATA[
COMMAND: POST /session/8f546a329179e62e8dd183950a75cae5/execute/async - {"script":"<script> [1562 bytes]","args":[{"selector":{"controlType":"sap.m.GenericTile","properties":{"header":"Contracts Dashboard"}},"wdio_ui5_key":"sapm.GenericTile{\"header\":\"Contracts Dashboard\"}"}]}
RESULT: {"script":"<script> [1562 bytes]","args":[{"selector":{"controlType":"sap.m.GenericTile","properties":{"header":"Contracts Dashboard"}},"wdio_ui5_key":"sapm.GenericTile{\"header\":\"Contracts Dashboard\"}"}]}
RESULT: undefined
COMMAND: POST /session/8f546a329179e62e8dd183950a75cae5/element - {"using":"xpath","value":"//*[@id=\"__tile97\"]"}
RESULT: {"using":"xpath","value":"//*[@id=\"__tile97\"]"}
COMMAND: POST /session/8f546a329179e62e8dd183950a75cae5/element/f.8CC9874A552313B3A8E13A8A50D78772.d.4125CFCA2CB9BBB3C23D429177129813.e.3749/click - {}
RESULT: {}
COMMAND: GET /session/8f546a329179e62e8dd183950a75cae5/screenshot - {}
RESULT: {}
COMMAND: POST /session/8f546a329179e62e8dd183950a75cae5/elements - {"using":"xpath","value":"//span[text()='Error']"}
RESULT: {"using":"xpath","value":"//span[text()='Error']"}
RESULT: undefined
COMMAND: POST /session/8f546a329179e62e8dd183950a75cae5/element - {"using":"xpath","value":"//*[@id=\"__tile97\"]"}
RESULT: {"using":"xpath","value":"//*[@id=\"__tile97\"]"}
COMMAND: POST /session/8f546a329179e62e8dd183950a75cae5/element/f.8CC9874A552313B3A8E13A8A50D78772.d.4125CFCA2CB9BBB3C23D429177129813.e.3749/click - {}
RESULT: undefined
COMMAND: POST /session/8f546a329179e62e8dd183950a75cae5/element - {"using":"xpath","value":"//*[@id=\"__tile97\"]"}
RESULT: {"using":"xpath","value":"//*[@id=\"__tile97\"]"}
COMMAND: POST /session/8f546a329179e62e8dd183950a75cae5/element/f.8CC9874A552313B3A8E13A8A50D78772.d.4125CFCA2CB9BBB3C23D429177129813.e.3749/click - {}
RESULT: undefined
COMMAND: POST /session/8f546a329179e62e8dd183950a75cae5/execute/async - {"script":"<script> [6424 bytes]","args":[{"element-6066-11e4-a52e-4f735466cecf":"f.8CC9874A552313B3A8E13A8A50D78772.d.4125CFCA2CB9BBB3C23D429177129813.e.286"},"getTitle",[]]}
COMMAND: POST /session/8f546a329179e62e8dd183950a75cae5/execute/async - {"script":"<script> [1562 bytes]","args":[{"selector":{"id":"shellAppTitle"},"wdio_ui5_key":"shellAppTitle"}]}
RESULT: {"script":"<script> [1562 bytes]","args":[{"selector":{"id":"shellAppTitle"},"wdio_ui5_key":"shellAppTitle"}]}
COMMAND: POST /session/8f546a329179e62e8dd183950a75cae5/execute/async - {"script":"<script> [6424 bytes]","args":[{"element-6066-11e4-a52e-4f735466cecf":"f.8CC9874A552313B3A8E13A8A50D78772.d.4125CFCA2CB9BBB3C23D429177129813.e.3766"},"getTitle",[]]}
RESULT: {"script":"<script> [6424 bytes]","args":[{"element-6066-11e4-a52e-4f735466cecf":"f.8CC9874A552313B3A8E13A8A50D78772.d.4125CFCA2CB9BBB3C23D429177129813.e.3766"},"getTitle",[]]}
RESULT: undefined
COMMAND: POST /session/8f546a329179e62e8dd183950a75cae5/element/f.8CC9874A552313B3A8E13A8A50D78772.d.4125CFCA2CB9BBB3C23D429177129813.e.3747/click - {}
RESULT: {}
COMMAND: GET /session/8f546a329179e62e8dd183950a75cae5/screenshot - {}
RESULT: {}
]]></system-out>
    </testcase>
    <testcase classname="chrome.136_0_7103_93.windows.Sanity_Tests_US104253" name="Should open Bin Status Report page" time="39.634">
      <system-out><![CDATA[
COMMAND: POST /session/8f546a329179e62e8dd183950a75cae5/execute/async - {"script":"<script> [1562 bytes]","args":[{"selector":{"controlType":"sap.m.GenericTile","properties":{"header":"Bin Status Report"}},"wdio_ui5_key":"sapm.GenericTile{\"header\":\"Bin Status Report\"}"}]}
RESULT: {"script":"<script> [1562 bytes]","args":[{"selector":{"controlType":"sap.m.GenericTile","properties":{"header":"Bin Status Report"}},"wdio_ui5_key":"sapm.GenericTile{\"header\":\"Bin Status Report\"}"}]}
RESULT: undefined
COMMAND: POST /session/8f546a329179e62e8dd183950a75cae5/element - {"using":"xpath","value":"//*[@id=\"__tile104\"]"}
RESULT: {"using":"xpath","value":"//*[@id=\"__tile104\"]"}
COMMAND: POST /session/8f546a329179e62e8dd183950a75cae5/element/f.8CC9874A552313B3A8E13A8A50D78772.d.4125CFCA2CB9BBB3C23D429177129813.e.3768/click - {}
RESULT: {}
COMMAND: GET /session/8f546a329179e62e8dd183950a75cae5/screenshot - {}
RESULT: {}
COMMAND: POST /session/8f546a329179e62e8dd183950a75cae5/elements - {"using":"xpath","value":"//span[text()='Error']"}
RESULT: {"using":"xpath","value":"//span[text()='Error']"}
RESULT: undefined
COMMAND: POST /session/8f546a329179e62e8dd183950a75cae5/element - {"using":"xpath","value":"//*[@id=\"__tile104\"]"}
RESULT: {"using":"xpath","value":"//*[@id=\"__tile104\"]"}
COMMAND: POST /session/8f546a329179e62e8dd183950a75cae5/element/f.8CC9874A552313B3A8E13A8A50D78772.d.4125CFCA2CB9BBB3C23D429177129813.e.3768/click - {}
RESULT: undefined
COMMAND: POST /session/8f546a329179e62e8dd183950a75cae5/element - {"using":"xpath","value":"//*[@id=\"__tile104\"]"}
RESULT: {"using":"xpath","value":"//*[@id=\"__tile104\"]"}
COMMAND: POST /session/8f546a329179e62e8dd183950a75cae5/element/f.8CC9874A552313B3A8E13A8A50D78772.d.4125CFCA2CB9BBB3C23D429177129813.e.3768/click - {}
RESULT: undefined
COMMAND: POST /session/8f546a329179e62e8dd183950a75cae5/execute/async - {"script":"<script> [6424 bytes]","args":[{"element-6066-11e4-a52e-4f735466cecf":"f.8CC9874A552313B3A8E13A8A50D78772.d.4125CFCA2CB9BBB3C23D429177129813.e.286"},"getTitle",[]]}
COMMAND: POST /session/8f546a329179e62e8dd183950a75cae5/execute/async - {"script":"<script> [1562 bytes]","args":[{"selector":{"id":"shellAppTitle"},"wdio_ui5_key":"shellAppTitle"}]}
RESULT: {"script":"<script> [1562 bytes]","args":[{"selector":{"id":"shellAppTitle"},"wdio_ui5_key":"shellAppTitle"}]}
COMMAND: POST /session/8f546a329179e62e8dd183950a75cae5/execute/async - {"script":"<script> [6424 bytes]","args":[{"element-6066-11e4-a52e-4f735466cecf":"f.8CC9874A552313B3A8E13A8A50D78772.d.4125CFCA2CB9BBB3C23D429177129813.e.3860"},"getTitle",[]]}
RESULT: {"script":"<script> [6424 bytes]","args":[{"element-6066-11e4-a52e-4f735466cecf":"f.8CC9874A552313B3A8E13A8A50D78772.d.4125CFCA2CB9BBB3C23D429177129813.e.3860"},"getTitle",[]]}
RESULT: undefined
COMMAND: POST /session/8f546a329179e62e8dd183950a75cae5/element/f.8CC9874A552313B3A8E13A8A50D78772.d.4125CFCA2CB9BBB3C23D429177129813.e.3747/click - {}
COMMAND: POST /session/8f546a329179e62e8dd183950a75cae5/element - {"using":"xpath","value":"//*[@id=\"backBtn\"]"}
RESULT: {"using":"xpath","value":"//*[@id=\"backBtn\"]"}
COMMAND: POST /session/8f546a329179e62e8dd183950a75cae5/element/f.8CC9874A552313B3A8E13A8A50D78772.d.4125CFCA2CB9BBB3C23D429177129813.e.3747/click - {}
COMMAND: POST /session/8f546a329179e62e8dd183950a75cae5/element - {"using":"xpath","value":"//*[@id=\"backBtn\"]"}
RESULT: {"using":"xpath","value":"//*[@id=\"backBtn\"]"}
COMMAND: POST /session/8f546a329179e62e8dd183950a75cae5/element/f.8CC9874A552313B3A8E13A8A50D78772.d.4125CFCA2CB9BBB3C23D429177129813.e.3861/click - {}
RESULT: {}
COMMAND: GET /session/8f546a329179e62e8dd183950a75cae5/screenshot - {}
RESULT: {}
]]></system-out>
    </testcase>
    <testcase classname="chrome.136_0_7103_93.windows.Sanity_Tests_US104253" name="Should open Manage Warehouse Movements page" time="40.203">
      <system-out><![CDATA[
COMMAND: POST /session/8f546a329179e62e8dd183950a75cae5/execute/async - {"script":"<script> [1562 bytes]","args":[{"selector":{"controlType":"sap.m.GenericTile","properties":{"header":"Manage Warehouse Movements"}},"wdio_ui5_key":"sapm.GenericTile{\"header\":\"Manage Warehouse Movements\"}"}]}
RESULT: {"script":"<script> [1562 bytes]","args":[{"selector":{"controlType":"sap.m.GenericTile","properties":{"header":"Manage Warehouse Movements"}},"wdio_ui5_key":"sapm.GenericTile{\"header\":\"Manage Warehouse Movements\"}"}]}
RESULT: undefined
COMMAND: POST /session/8f546a329179e62e8dd183950a75cae5/element - {"using":"xpath","value":"//*[@id=\"__tile105\"]"}
RESULT: {"using":"xpath","value":"//*[@id=\"__tile105\"]"}
COMMAND: POST /session/8f546a329179e62e8dd183950a75cae5/element/f.8CC9874A552313B3A8E13A8A50D78772.d.4125CFCA2CB9BBB3C23D429177129813.e.3865/click - {}
RESULT: {}
COMMAND: GET /session/8f546a329179e62e8dd183950a75cae5/screenshot - {}
RESULT: {}
COMMAND: POST /session/8f546a329179e62e8dd183950a75cae5/elements - {"using":"xpath","value":"//span[text()='Error']"}
RESULT: {"using":"xpath","value":"//span[text()='Error']"}
RESULT: undefined
COMMAND: POST /session/8f546a329179e62e8dd183950a75cae5/element - {"using":"xpath","value":"//*[@id=\"__tile105\"]"}
RESULT: {"using":"xpath","value":"//*[@id=\"__tile105\"]"}
COMMAND: POST /session/8f546a329179e62e8dd183950a75cae5/element/f.8CC9874A552313B3A8E13A8A50D78772.d.4125CFCA2CB9BBB3C23D429177129813.e.3865/click - {}
RESULT: undefined
COMMAND: POST /session/8f546a329179e62e8dd183950a75cae5/element - {"using":"xpath","value":"//*[@id=\"__tile105\"]"}
RESULT: {"using":"xpath","value":"//*[@id=\"__tile105\"]"}
COMMAND: POST /session/8f546a329179e62e8dd183950a75cae5/element/f.8CC9874A552313B3A8E13A8A50D78772.d.4125CFCA2CB9BBB3C23D429177129813.e.3865/click - {}
RESULT: undefined
COMMAND: POST /session/8f546a329179e62e8dd183950a75cae5/execute/async - {"script":"<script> [6424 bytes]","args":[{"element-6066-11e4-a52e-4f735466cecf":"f.8CC9874A552313B3A8E13A8A50D78772.d.4125CFCA2CB9BBB3C23D429177129813.e.286"},"getTitle",[]]}
COMMAND: POST /session/8f546a329179e62e8dd183950a75cae5/execute/async - {"script":"<script> [1562 bytes]","args":[{"selector":{"id":"shellAppTitle"},"wdio_ui5_key":"shellAppTitle"}]}
RESULT: {"script":"<script> [1562 bytes]","args":[{"selector":{"id":"shellAppTitle"},"wdio_ui5_key":"shellAppTitle"}]}
COMMAND: POST /session/8f546a329179e62e8dd183950a75cae5/execute/async - {"script":"<script> [6424 bytes]","args":[{"element-6066-11e4-a52e-4f735466cecf":"f.8CC9874A552313B3A8E13A8A50D78772.d.4125CFCA2CB9BBB3C23D429177129813.e.3953"},"getTitle",[]]}
RESULT: {"script":"<script> [6424 bytes]","args":[{"element-6066-11e4-a52e-4f735466cecf":"f.8CC9874A552313B3A8E13A8A50D78772.d.4125CFCA2CB9BBB3C23D429177129813.e.3953"},"getTitle",[]]}
RESULT: undefined
COMMAND: POST /session/8f546a329179e62e8dd183950a75cae5/element/f.8CC9874A552313B3A8E13A8A50D78772.d.4125CFCA2CB9BBB3C23D429177129813.e.3861/click - {}
RESULT: {}
COMMAND: GET /session/8f546a329179e62e8dd183950a75cae5/screenshot - {}
RESULT: {}
]]></system-out>
    </testcase>
    <testcase classname="chrome.136_0_7103_93.windows.Sanity_Tests_US104253" name="Should open Bin Inventory List page" time="40.655">
      <system-out><![CDATA[
COMMAND: POST /session/8f546a329179e62e8dd183950a75cae5/execute/async - {"script":"<script> [1562 bytes]","args":[{"selector":{"controlType":"sap.m.GenericTile","properties":{"header":"Bin Inventory List"}},"wdio_ui5_key":"sapm.GenericTile{\"header\":\"Bin Inventory List\"}"}]}
RESULT: {"script":"<script> [1562 bytes]","args":[{"selector":{"controlType":"sap.m.GenericTile","properties":{"header":"Bin Inventory List"}},"wdio_ui5_key":"sapm.GenericTile{\"header\":\"Bin Inventory List\"}"}]}
RESULT: undefined
COMMAND: POST /session/8f546a329179e62e8dd183950a75cae5/element - {"using":"xpath","value":"//*[@id=\"__tile103\"]"}
RESULT: {"using":"xpath","value":"//*[@id=\"__tile103\"]"}
COMMAND: POST /session/8f546a329179e62e8dd183950a75cae5/element/f.8CC9874A552313B3A8E13A8A50D78772.d.4125CFCA2CB9BBB3C23D429177129813.e.3955/click - {}
RESULT: {}
COMMAND: GET /session/8f546a329179e62e8dd183950a75cae5/screenshot - {}
RESULT: {}
COMMAND: POST /session/8f546a329179e62e8dd183950a75cae5/elements - {"using":"xpath","value":"//span[text()='Error']"}
RESULT: {"using":"xpath","value":"//span[text()='Error']"}
RESULT: undefined
COMMAND: POST /session/8f546a329179e62e8dd183950a75cae5/element - {"using":"xpath","value":"//*[@id=\"__tile103\"]"}
RESULT: {"using":"xpath","value":"//*[@id=\"__tile103\"]"}
COMMAND: POST /session/8f546a329179e62e8dd183950a75cae5/element/f.8CC9874A552313B3A8E13A8A50D78772.d.4125CFCA2CB9BBB3C23D429177129813.e.3955/click - {}
RESULT: undefined
COMMAND: POST /session/8f546a329179e62e8dd183950a75cae5/element - {"using":"xpath","value":"//*[@id=\"__tile103\"]"}
RESULT: {"using":"xpath","value":"//*[@id=\"__tile103\"]"}
COMMAND: POST /session/8f546a329179e62e8dd183950a75cae5/element/f.8CC9874A552313B3A8E13A8A50D78772.d.4125CFCA2CB9BBB3C23D429177129813.e.3955/click - {}
RESULT: undefined
COMMAND: POST /session/8f546a329179e62e8dd183950a75cae5/execute/async - {"script":"<script> [6424 bytes]","args":[{"element-6066-11e4-a52e-4f735466cecf":"f.8CC9874A552313B3A8E13A8A50D78772.d.4125CFCA2CB9BBB3C23D429177129813.e.286"},"getTitle",[]]}
COMMAND: POST /session/8f546a329179e62e8dd183950a75cae5/execute/async - {"script":"<script> [1562 bytes]","args":[{"selector":{"id":"shellAppTitle"},"wdio_ui5_key":"shellAppTitle"}]}
RESULT: {"script":"<script> [1562 bytes]","args":[{"selector":{"id":"shellAppTitle"},"wdio_ui5_key":"shellAppTitle"}]}
COMMAND: POST /session/8f546a329179e62e8dd183950a75cae5/execute/async - {"script":"<script> [6424 bytes]","args":[{"element-6066-11e4-a52e-4f735466cecf":"f.8CC9874A552313B3A8E13A8A50D78772.d.4125CFCA2CB9BBB3C23D429177129813.e.4052"},"getTitle",[]]}
RESULT: {"script":"<script> [6424 bytes]","args":[{"element-6066-11e4-a52e-4f735466cecf":"f.8CC9874A552313B3A8E13A8A50D78772.d.4125CFCA2CB9BBB3C23D429177129813.e.4052"},"getTitle",[]]}
RESULT: undefined
COMMAND: POST /session/8f546a329179e62e8dd183950a75cae5/element/f.8CC9874A552313B3A8E13A8A50D78772.d.4125CFCA2CB9BBB3C23D429177129813.e.3861/click - {}
COMMAND: POST /session/8f546a329179e62e8dd183950a75cae5/element - {"using":"xpath","value":"//*[@id=\"backBtn\"]"}
RESULT: {"using":"xpath","value":"//*[@id=\"backBtn\"]"}
COMMAND: POST /session/8f546a329179e62e8dd183950a75cae5/element/f.8CC9874A552313B3A8E13A8A50D78772.d.4125CFCA2CB9BBB3C23D429177129813.e.3861/click - {}
COMMAND: POST /session/8f546a329179e62e8dd183950a75cae5/element - {"using":"xpath","value":"//*[@id=\"backBtn\"]"}
RESULT: {"using":"xpath","value":"//*[@id=\"backBtn\"]"}
COMMAND: POST /session/8f546a329179e62e8dd183950a75cae5/element/f.8CC9874A552313B3A8E13A8A50D78772.d.4125CFCA2CB9BBB3C23D429177129813.e.4053/click - {}
RESULT: {}
COMMAND: GET /session/8f546a329179e62e8dd183950a75cae5/screenshot - {}
RESULT: {}
]]></system-out>
    </testcase>
    <testcase classname="chrome.136_0_7103_93.windows.Sanity_Tests_US104253" name="Should open ISC Templates page" time="36.58">
      <system-out><![CDATA[
COMMAND: POST /session/8f546a329179e62e8dd183950a75cae5/execute/async - {"script":"<script> [1562 bytes]","args":[{"selector":{"controlType":"sap.m.GenericTile","properties":{"header":"ISC Templates"}},"wdio_ui5_key":"sapm.GenericTile{\"header\":\"ISC Templates\"}"}]}
RESULT: {"script":"<script> [1562 bytes]","args":[{"selector":{"controlType":"sap.m.GenericTile","properties":{"header":"ISC Templates"}},"wdio_ui5_key":"sapm.GenericTile{\"header\":\"ISC Templates\"}"}]}
RESULT: undefined
COMMAND: POST /session/8f546a329179e62e8dd183950a75cae5/element - {"using":"xpath","value":"//*[@id=\"__tile111\"]"}
RESULT: {"using":"xpath","value":"//*[@id=\"__tile111\"]"}
COMMAND: POST /session/8f546a329179e62e8dd183950a75cae5/element/f.8CC9874A552313B3A8E13A8A50D78772.d.4125CFCA2CB9BBB3C23D429177129813.e.4055/click - {}
RESULT: {}
COMMAND: GET /session/8f546a329179e62e8dd183950a75cae5/screenshot - {}
RESULT: {}
COMMAND: POST /session/8f546a329179e62e8dd183950a75cae5/elements - {"using":"xpath","value":"//span[text()='Error']"}
RESULT: {"using":"xpath","value":"//span[text()='Error']"}
RESULT: undefined
COMMAND: POST /session/8f546a329179e62e8dd183950a75cae5/element - {"using":"xpath","value":"//*[@id=\"__tile111\"]"}
RESULT: {"using":"xpath","value":"//*[@id=\"__tile111\"]"}
COMMAND: POST /session/8f546a329179e62e8dd183950a75cae5/element/f.8CC9874A552313B3A8E13A8A50D78772.d.4125CFCA2CB9BBB3C23D429177129813.e.4055/click - {}
RESULT: undefined
COMMAND: POST /session/8f546a329179e62e8dd183950a75cae5/element - {"using":"xpath","value":"//*[@id=\"__tile111\"]"}
RESULT: {"using":"xpath","value":"//*[@id=\"__tile111\"]"}
COMMAND: POST /session/8f546a329179e62e8dd183950a75cae5/element/f.8CC9874A552313B3A8E13A8A50D78772.d.4125CFCA2CB9BBB3C23D429177129813.e.4055/click - {}
RESULT: undefined
COMMAND: POST /session/8f546a329179e62e8dd183950a75cae5/execute/async - {"script":"<script> [6424 bytes]","args":[{"element-6066-11e4-a52e-4f735466cecf":"f.8CC9874A552313B3A8E13A8A50D78772.d.4125CFCA2CB9BBB3C23D429177129813.e.286"},"getTitle",[]]}
COMMAND: POST /session/8f546a329179e62e8dd183950a75cae5/execute/async - {"script":"<script> [1562 bytes]","args":[{"selector":{"id":"shellAppTitle"},"wdio_ui5_key":"shellAppTitle"}]}
RESULT: {"script":"<script> [1562 bytes]","args":[{"selector":{"id":"shellAppTitle"},"wdio_ui5_key":"shellAppTitle"}]}
COMMAND: POST /session/8f546a329179e62e8dd183950a75cae5/execute/async - {"script":"<script> [6424 bytes]","args":[{"element-6066-11e4-a52e-4f735466cecf":"f.8CC9874A552313B3A8E13A8A50D78772.d.4125CFCA2CB9BBB3C23D429177129813.e.4122"},"getTitle",[]]}
RESULT: {"script":"<script> [6424 bytes]","args":[{"element-6066-11e4-a52e-4f735466cecf":"f.8CC9874A552313B3A8E13A8A50D78772.d.4125CFCA2CB9BBB3C23D429177129813.e.4122"},"getTitle",[]]}
RESULT: undefined
COMMAND: POST /session/8f546a329179e62e8dd183950a75cae5/element/f.8CC9874A552313B3A8E13A8A50D78772.d.4125CFCA2CB9BBB3C23D429177129813.e.4053/click - {}
RESULT: {}
COMMAND: GET /session/8f546a329179e62e8dd183950a75cae5/screenshot - {}
RESULT: {}
]]></system-out>
    </testcase>
    <testcase classname="chrome.136_0_7103_93.windows.Sanity_Tests_US104253" name="Should open ISC Schedules page" time="43.62">
      <system-out><![CDATA[
COMMAND: POST /session/8f546a329179e62e8dd183950a75cae5/execute/async - {"script":"<script> [1562 bytes]","args":[{"selector":{"controlType":"sap.m.GenericTile","properties":{"header":"ISC Schedules"}},"wdio_ui5_key":"sapm.GenericTile{\"header\":\"ISC Schedules\"}"}]}
RESULT: {"script":"<script> [1562 bytes]","args":[{"selector":{"controlType":"sap.m.GenericTile","properties":{"header":"ISC Schedules"}},"wdio_ui5_key":"sapm.GenericTile{\"header\":\"ISC Schedules\"}"}]}
RESULT: undefined
COMMAND: POST /session/8f546a329179e62e8dd183950a75cae5/element - {"using":"xpath","value":"//*[@id=\"__tile109\"]"}
RESULT: {"using":"xpath","value":"//*[@id=\"__tile109\"]"}
COMMAND: POST /session/8f546a329179e62e8dd183950a75cae5/element/f.8CC9874A552313B3A8E13A8A50D78772.d.4125CFCA2CB9BBB3C23D429177129813.e.4125/click - {}
RESULT: {}
COMMAND: GET /session/8f546a329179e62e8dd183950a75cae5/screenshot - {}
RESULT: {}
COMMAND: POST /session/8f546a329179e62e8dd183950a75cae5/elements - {"using":"xpath","value":"//span[text()='Error']"}
RESULT: {"using":"xpath","value":"//span[text()='Error']"}
RESULT: undefined
COMMAND: POST /session/8f546a329179e62e8dd183950a75cae5/element - {"using":"xpath","value":"//*[@id=\"__tile109\"]"}
RESULT: {"using":"xpath","value":"//*[@id=\"__tile109\"]"}
COMMAND: POST /session/8f546a329179e62e8dd183950a75cae5/element/f.8CC9874A552313B3A8E13A8A50D78772.d.4125CFCA2CB9BBB3C23D429177129813.e.4125/click - {}
RESULT: undefined
COMMAND: POST /session/8f546a329179e62e8dd183950a75cae5/element - {"using":"xpath","value":"//*[@id=\"__tile109\"]"}
RESULT: {"using":"xpath","value":"//*[@id=\"__tile109\"]"}
COMMAND: POST /session/8f546a329179e62e8dd183950a75cae5/element/f.8CC9874A552313B3A8E13A8A50D78772.d.4125CFCA2CB9BBB3C23D429177129813.e.4125/click - {}
RESULT: undefined
COMMAND: POST /session/8f546a329179e62e8dd183950a75cae5/execute/async - {"script":"<script> [6424 bytes]","args":[{"element-6066-11e4-a52e-4f735466cecf":"f.8CC9874A552313B3A8E13A8A50D78772.d.4125CFCA2CB9BBB3C23D429177129813.e.286"},"getTitle",[]]}
COMMAND: POST /session/8f546a329179e62e8dd183950a75cae5/execute/async - {"script":"<script> [1562 bytes]","args":[{"selector":{"id":"shellAppTitle"},"wdio_ui5_key":"shellAppTitle"}]}
RESULT: {"script":"<script> [1562 bytes]","args":[{"selector":{"id":"shellAppTitle"},"wdio_ui5_key":"shellAppTitle"}]}
COMMAND: POST /session/8f546a329179e62e8dd183950a75cae5/execute/async - {"script":"<script> [6424 bytes]","args":[{"element-6066-11e4-a52e-4f735466cecf":"f.8CC9874A552313B3A8E13A8A50D78772.d.4125CFCA2CB9BBB3C23D429177129813.e.4201"},"getTitle",[]]}
RESULT: {"script":"<script> [6424 bytes]","args":[{"element-6066-11e4-a52e-4f735466cecf":"f.8CC9874A552313B3A8E13A8A50D78772.d.4125CFCA2CB9BBB3C23D429177129813.e.4201"},"getTitle",[]]}
RESULT: undefined
COMMAND: POST /session/8f546a329179e62e8dd183950a75cae5/element/f.8CC9874A552313B3A8E13A8A50D78772.d.4125CFCA2CB9BBB3C23D429177129813.e.4053/click - {}
COMMAND: POST /session/8f546a329179e62e8dd183950a75cae5/element - {"using":"xpath","value":"//*[@id=\"backBtn\"]"}
RESULT: {"using":"xpath","value":"//*[@id=\"backBtn\"]"}
COMMAND: POST /session/8f546a329179e62e8dd183950a75cae5/element/f.8CC9874A552313B3A8E13A8A50D78772.d.4125CFCA2CB9BBB3C23D429177129813.e.4053/click - {}
COMMAND: POST /session/8f546a329179e62e8dd183950a75cae5/element - {"using":"xpath","value":"//*[@id=\"backBtn\"]"}
RESULT: {"using":"xpath","value":"//*[@id=\"backBtn\"]"}
COMMAND: POST /session/8f546a329179e62e8dd183950a75cae5/element/f.8CC9874A552313B3A8E13A8A50D78772.d.4125CFCA2CB9BBB3C23D429177129813.e.4202/click - {}
RESULT: {}
COMMAND: GET /session/8f546a329179e62e8dd183950a75cae5/screenshot - {}
RESULT: {}
]]></system-out>
    </testcase>
    <testcase classname="chrome.136_0_7103_93.windows.Sanity_Tests_US104253" name="Should open ISC Dashboard page" time="39.394">
      <system-out><![CDATA[
COMMAND: POST /session/8f546a329179e62e8dd183950a75cae5/execute/async - {"script":"<script> [1562 bytes]","args":[{"selector":{"controlType":"sap.m.GenericTile","properties":{"header":"ISC Dashboard"}},"wdio_ui5_key":"sapm.GenericTile{\"header\":\"ISC Dashboard\"}"}]}
RESULT: {"script":"<script> [1562 bytes]","args":[{"selector":{"controlType":"sap.m.GenericTile","properties":{"header":"ISC Dashboard"}},"wdio_ui5_key":"sapm.GenericTile{\"header\":\"ISC Dashboard\"}"}]}
RESULT: undefined
COMMAND: POST /session/8f546a329179e62e8dd183950a75cae5/element - {"using":"xpath","value":"//*[@id=\"__tile106\"]"}
RESULT: {"using":"xpath","value":"//*[@id=\"__tile106\"]"}
COMMAND: POST /session/8f546a329179e62e8dd183950a75cae5/element/f.8CC9874A552313B3A8E13A8A50D78772.d.4125CFCA2CB9BBB3C23D429177129813.e.4204/click - {}
RESULT: {}
COMMAND: GET /session/8f546a329179e62e8dd183950a75cae5/screenshot - {}
RESULT: {}
COMMAND: POST /session/8f546a329179e62e8dd183950a75cae5/elements - {"using":"xpath","value":"//span[text()='Error']"}
RESULT: {"using":"xpath","value":"//span[text()='Error']"}
RESULT: undefined
COMMAND: POST /session/8f546a329179e62e8dd183950a75cae5/element - {"using":"xpath","value":"//*[@id=\"__tile106\"]"}
RESULT: {"using":"xpath","value":"//*[@id=\"__tile106\"]"}
COMMAND: POST /session/8f546a329179e62e8dd183950a75cae5/element/f.8CC9874A552313B3A8E13A8A50D78772.d.4125CFCA2CB9BBB3C23D429177129813.e.4204/click - {}
RESULT: undefined
COMMAND: POST /session/8f546a329179e62e8dd183950a75cae5/element - {"using":"xpath","value":"//*[@id=\"__tile106\"]"}
RESULT: {"using":"xpath","value":"//*[@id=\"__tile106\"]"}
COMMAND: POST /session/8f546a329179e62e8dd183950a75cae5/element/f.8CC9874A552313B3A8E13A8A50D78772.d.4125CFCA2CB9BBB3C23D429177129813.e.4204/click - {}
RESULT: undefined
COMMAND: POST /session/8f546a329179e62e8dd183950a75cae5/execute/async - {"script":"<script> [6424 bytes]","args":[{"element-6066-11e4-a52e-4f735466cecf":"f.8CC9874A552313B3A8E13A8A50D78772.d.4125CFCA2CB9BBB3C23D429177129813.e.286"},"getTitle",[]]}
COMMAND: POST /session/8f546a329179e62e8dd183950a75cae5/execute/async - {"script":"<script> [1562 bytes]","args":[{"selector":{"id":"shellAppTitle"},"wdio_ui5_key":"shellAppTitle"}]}
RESULT: {"script":"<script> [1562 bytes]","args":[{"selector":{"id":"shellAppTitle"},"wdio_ui5_key":"shellAppTitle"}]}
COMMAND: POST /session/8f546a329179e62e8dd183950a75cae5/execute/async - {"script":"<script> [6424 bytes]","args":[{"element-6066-11e4-a52e-4f735466cecf":"f.8CC9874A552313B3A8E13A8A50D78772.d.4125CFCA2CB9BBB3C23D429177129813.e.4320"},"getTitle",[]]}
RESULT: {"script":"<script> [6424 bytes]","args":[{"element-6066-11e4-a52e-4f735466cecf":"f.8CC9874A552313B3A8E13A8A50D78772.d.4125CFCA2CB9BBB3C23D429177129813.e.4320"},"getTitle",[]]}
RESULT: undefined
COMMAND: POST /session/8f546a329179e62e8dd183950a75cae5/element/f.8CC9874A552313B3A8E13A8A50D78772.d.4125CFCA2CB9BBB3C23D429177129813.e.4202/click - {}
RESULT: {}
COMMAND: GET /session/8f546a329179e62e8dd183950a75cae5/screenshot - {}
RESULT: {}
]]></system-out>
    </testcase>
    <testcase classname="chrome.136_0_7103_93.windows.Sanity_Tests_US104253" name="Should open ISC Orders page" time="37.615">
      <system-out><![CDATA[
COMMAND: POST /session/8f546a329179e62e8dd183950a75cae5/execute/async - {"script":"<script> [1562 bytes]","args":[{"selector":{"controlType":"sap.m.GenericTile","properties":{"header":"ISC Orders"}},"wdio_ui5_key":"sapm.GenericTile{\"header\":\"ISC Orders\"}"}]}
RESULT: {"script":"<script> [1562 bytes]","args":[{"selector":{"controlType":"sap.m.GenericTile","properties":{"header":"ISC Orders"}},"wdio_ui5_key":"sapm.GenericTile{\"header\":\"ISC Orders\"}"}]}
RESULT: undefined
COMMAND: POST /session/8f546a329179e62e8dd183950a75cae5/element - {"using":"xpath","value":"//*[@id=\"__tile108\"]"}
RESULT: {"using":"xpath","value":"//*[@id=\"__tile108\"]"}
COMMAND: POST /session/8f546a329179e62e8dd183950a75cae5/element/f.8CC9874A552313B3A8E13A8A50D78772.d.4125CFCA2CB9BBB3C23D429177129813.e.4322/click - {}
RESULT: {}
COMMAND: GET /session/8f546a329179e62e8dd183950a75cae5/screenshot - {}
RESULT: {}
COMMAND: POST /session/8f546a329179e62e8dd183950a75cae5/elements - {"using":"xpath","value":"//span[text()='Error']"}
RESULT: {"using":"xpath","value":"//span[text()='Error']"}
RESULT: undefined
COMMAND: POST /session/8f546a329179e62e8dd183950a75cae5/element - {"using":"xpath","value":"//*[@id=\"__tile108\"]"}
RESULT: {"using":"xpath","value":"//*[@id=\"__tile108\"]"}
COMMAND: POST /session/8f546a329179e62e8dd183950a75cae5/element/f.8CC9874A552313B3A8E13A8A50D78772.d.4125CFCA2CB9BBB3C23D429177129813.e.4322/click - {}
RESULT: undefined
COMMAND: POST /session/8f546a329179e62e8dd183950a75cae5/element - {"using":"xpath","value":"//*[@id=\"__tile108\"]"}
RESULT: {"using":"xpath","value":"//*[@id=\"__tile108\"]"}
COMMAND: POST /session/8f546a329179e62e8dd183950a75cae5/element/f.8CC9874A552313B3A8E13A8A50D78772.d.4125CFCA2CB9BBB3C23D429177129813.e.4322/click - {}
RESULT: undefined
COMMAND: POST /session/8f546a329179e62e8dd183950a75cae5/execute/async - {"script":"<script> [6424 bytes]","args":[{"element-6066-11e4-a52e-4f735466cecf":"f.8CC9874A552313B3A8E13A8A50D78772.d.4125CFCA2CB9BBB3C23D429177129813.e.286"},"getTitle",[]]}
COMMAND: POST /session/8f546a329179e62e8dd183950a75cae5/execute/async - {"script":"<script> [1562 bytes]","args":[{"selector":{"id":"shellAppTitle"},"wdio_ui5_key":"shellAppTitle"}]}
RESULT: {"script":"<script> [1562 bytes]","args":[{"selector":{"id":"shellAppTitle"},"wdio_ui5_key":"shellAppTitle"}]}
COMMAND: POST /session/8f546a329179e62e8dd183950a75cae5/execute/async - {"script":"<script> [6424 bytes]","args":[{"element-6066-11e4-a52e-4f735466cecf":"f.8CC9874A552313B3A8E13A8A50D78772.d.4125CFCA2CB9BBB3C23D429177129813.e.4426"},"getTitle",[]]}
RESULT: {"script":"<script> [6424 bytes]","args":[{"element-6066-11e4-a52e-4f735466cecf":"f.8CC9874A552313B3A8E13A8A50D78772.d.4125CFCA2CB9BBB3C23D429177129813.e.4426"},"getTitle",[]]}
RESULT: undefined
COMMAND: POST /session/8f546a329179e62e8dd183950a75cae5/element/f.8CC9874A552313B3A8E13A8A50D78772.d.4125CFCA2CB9BBB3C23D429177129813.e.4202/click - {}
COMMAND: POST /session/8f546a329179e62e8dd183950a75cae5/element - {"using":"xpath","value":"//*[@id=\"backBtn\"]"}
RESULT: {"using":"xpath","value":"//*[@id=\"backBtn\"]"}
COMMAND: POST /session/8f546a329179e62e8dd183950a75cae5/element/f.8CC9874A552313B3A8E13A8A50D78772.d.4125CFCA2CB9BBB3C23D429177129813.e.4202/click - {}
COMMAND: POST /session/8f546a329179e62e8dd183950a75cae5/element - {"using":"xpath","value":"//*[@id=\"backBtn\"]"}
RESULT: {"using":"xpath","value":"//*[@id=\"backBtn\"]"}
COMMAND: POST /session/8f546a329179e62e8dd183950a75cae5/element/f.8CC9874A552313B3A8E13A8A50D78772.d.4125CFCA2CB9BBB3C23D429177129813.e.4427/click - {}
RESULT: {}
COMMAND: GET /session/8f546a329179e62e8dd183950a75cae5/screenshot - {}
RESULT: {}
]]></system-out>
    </testcase>
    <testcase classname="chrome.136_0_7103_93.windows.Sanity_Tests_US104253" name="Should open ISC Tasks page" time="38.469">
      <system-out><![CDATA[
COMMAND: POST /session/8f546a329179e62e8dd183950a75cae5/execute/async - {"script":"<script> [1562 bytes]","args":[{"selector":{"controlType":"sap.m.GenericTile","properties":{"header":"ISC Tasks"}},"wdio_ui5_key":"sapm.GenericTile{\"header\":\"ISC Tasks\"}"}]}
RESULT: {"script":"<script> [1562 bytes]","args":[{"selector":{"controlType":"sap.m.GenericTile","properties":{"header":"ISC Tasks"}},"wdio_ui5_key":"sapm.GenericTile{\"header\":\"ISC Tasks\"}"}]}
RESULT: undefined
COMMAND: POST /session/8f546a329179e62e8dd183950a75cae5/element - {"using":"xpath","value":"//*[@id=\"__tile110\"]"}
RESULT: {"using":"xpath","value":"//*[@id=\"__tile110\"]"}
COMMAND: POST /session/8f546a329179e62e8dd183950a75cae5/element/f.8CC9874A552313B3A8E13A8A50D78772.d.4125CFCA2CB9BBB3C23D429177129813.e.4429/click - {}
RESULT: {}
COMMAND: GET /session/8f546a329179e62e8dd183950a75cae5/screenshot - {}
RESULT: {}
COMMAND: POST /session/8f546a329179e62e8dd183950a75cae5/elements - {"using":"xpath","value":"//span[text()='Error']"}
RESULT: {"using":"xpath","value":"//span[text()='Error']"}
RESULT: undefined
COMMAND: POST /session/8f546a329179e62e8dd183950a75cae5/element - {"using":"xpath","value":"//*[@id=\"__tile110\"]"}
RESULT: {"using":"xpath","value":"//*[@id=\"__tile110\"]"}
COMMAND: POST /session/8f546a329179e62e8dd183950a75cae5/element/f.8CC9874A552313B3A8E13A8A50D78772.d.4125CFCA2CB9BBB3C23D429177129813.e.4429/click - {}
RESULT: undefined
COMMAND: POST /session/8f546a329179e62e8dd183950a75cae5/element - {"using":"xpath","value":"//*[@id=\"__tile110\"]"}
RESULT: {"using":"xpath","value":"//*[@id=\"__tile110\"]"}
COMMAND: POST /session/8f546a329179e62e8dd183950a75cae5/element/f.8CC9874A552313B3A8E13A8A50D78772.d.4125CFCA2CB9BBB3C23D429177129813.e.4429/click - {}
RESULT: undefined
COMMAND: POST /session/8f546a329179e62e8dd183950a75cae5/execute/async - {"script":"<script> [6424 bytes]","args":[{"element-6066-11e4-a52e-4f735466cecf":"f.8CC9874A552313B3A8E13A8A50D78772.d.4125CFCA2CB9BBB3C23D429177129813.e.286"},"getTitle",[]]}
COMMAND: POST /session/8f546a329179e62e8dd183950a75cae5/execute/async - {"script":"<script> [1562 bytes]","args":[{"selector":{"id":"shellAppTitle"},"wdio_ui5_key":"shellAppTitle"}]}
RESULT: {"script":"<script> [1562 bytes]","args":[{"selector":{"id":"shellAppTitle"},"wdio_ui5_key":"shellAppTitle"}]}
COMMAND: POST /session/8f546a329179e62e8dd183950a75cae5/execute/async - {"script":"<script> [6424 bytes]","args":[{"element-6066-11e4-a52e-4f735466cecf":"f.8CC9874A552313B3A8E13A8A50D78772.d.4125CFCA2CB9BBB3C23D429177129813.e.4516"},"getTitle",[]]}
RESULT: {"script":"<script> [6424 bytes]","args":[{"element-6066-11e4-a52e-4f735466cecf":"f.8CC9874A552313B3A8E13A8A50D78772.d.4125CFCA2CB9BBB3C23D429177129813.e.4516"},"getTitle",[]]}
RESULT: undefined
COMMAND: POST /session/8f546a329179e62e8dd183950a75cae5/element/f.8CC9874A552313B3A8E13A8A50D78772.d.4125CFCA2CB9BBB3C23D429177129813.e.4427/click - {}
RESULT: {}
COMMAND: GET /session/8f546a329179e62e8dd183950a75cae5/screenshot - {}
RESULT: {}
]]></system-out>
    </testcase>
    <testcase classname="chrome.136_0_7103_93.windows.Sanity_Tests_US104253" name="Should open Manage Resource Logbook page" time="43.645">
      <system-out><![CDATA[
COMMAND: POST /session/8f546a329179e62e8dd183950a75cae5/execute/async - {"script":"<script> [1562 bytes]","args":[{"selector":{"controlType":"sap.m.GenericTile","properties":{"header":"Manage Resource Logbook"}},"wdio_ui5_key":"sapm.GenericTile{\"header\":\"Manage Resource Logbook\"}"}]}
RESULT: {"script":"<script> [1562 bytes]","args":[{"selector":{"controlType":"sap.m.GenericTile","properties":{"header":"Manage Resource Logbook"}},"wdio_ui5_key":"sapm.GenericTile{\"header\":\"Manage Resource Logbook\"}"}]}
RESULT: undefined
COMMAND: POST /session/8f546a329179e62e8dd183950a75cae5/element - {"using":"xpath","value":"//*[@id=\"__tile113\"]"}
RESULT: {"using":"xpath","value":"//*[@id=\"__tile113\"]"}
COMMAND: POST /session/8f546a329179e62e8dd183950a75cae5/element/f.8CC9874A552313B3A8E13A8A50D78772.d.4125CFCA2CB9BBB3C23D429177129813.e.4518/click - {}
RESULT: {}
COMMAND: GET /session/8f546a329179e62e8dd183950a75cae5/screenshot - {}
RESULT: {}
COMMAND: POST /session/8f546a329179e62e8dd183950a75cae5/elements - {"using":"xpath","value":"//span[text()='Error']"}
RESULT: {"using":"xpath","value":"//span[text()='Error']"}
RESULT: undefined
COMMAND: POST /session/8f546a329179e62e8dd183950a75cae5/element - {"using":"xpath","value":"//*[@id=\"__tile113\"]"}
RESULT: {"using":"xpath","value":"//*[@id=\"__tile113\"]"}
COMMAND: POST /session/8f546a329179e62e8dd183950a75cae5/element/f.8CC9874A552313B3A8E13A8A50D78772.d.4125CFCA2CB9BBB3C23D429177129813.e.4518/click - {}
RESULT: undefined
COMMAND: POST /session/8f546a329179e62e8dd183950a75cae5/element - {"using":"xpath","value":"//*[@id=\"__tile113\"]"}
RESULT: {"using":"xpath","value":"//*[@id=\"__tile113\"]"}
COMMAND: POST /session/8f546a329179e62e8dd183950a75cae5/element/f.8CC9874A552313B3A8E13A8A50D78772.d.4125CFCA2CB9BBB3C23D429177129813.e.4518/click - {}
RESULT: undefined
COMMAND: POST /session/8f546a329179e62e8dd183950a75cae5/execute/async - {"script":"<script> [6424 bytes]","args":[{"element-6066-11e4-a52e-4f735466cecf":"f.8CC9874A552313B3A8E13A8A50D78772.d.4125CFCA2CB9BBB3C23D429177129813.e.286"},"getTitle",[]]}
COMMAND: POST /session/8f546a329179e62e8dd183950a75cae5/execute/async - {"script":"<script> [1562 bytes]","args":[{"selector":{"id":"shellAppTitle"},"wdio_ui5_key":"shellAppTitle"}]}
RESULT: {"script":"<script> [1562 bytes]","args":[{"selector":{"id":"shellAppTitle"},"wdio_ui5_key":"shellAppTitle"}]}
COMMAND: POST /session/8f546a329179e62e8dd183950a75cae5/execute/async - {"script":"<script> [6424 bytes]","args":[{"element-6066-11e4-a52e-4f735466cecf":"f.8CC9874A552313B3A8E13A8A50D78772.d.4125CFCA2CB9BBB3C23D429177129813.e.4618"},"getTitle",[]]}
RESULT: {"script":"<script> [6424 bytes]","args":[{"element-6066-11e4-a52e-4f735466cecf":"f.8CC9874A552313B3A8E13A8A50D78772.d.4125CFCA2CB9BBB3C23D429177129813.e.4618"},"getTitle",[]]}
RESULT: undefined
COMMAND: POST /session/8f546a329179e62e8dd183950a75cae5/element/f.8CC9874A552313B3A8E13A8A50D78772.d.4125CFCA2CB9BBB3C23D429177129813.e.4427/click - {}
COMMAND: POST /session/8f546a329179e62e8dd183950a75cae5/element - {"using":"xpath","value":"//*[@id=\"backBtn\"]"}
RESULT: {"using":"xpath","value":"//*[@id=\"backBtn\"]"}
COMMAND: POST /session/8f546a329179e62e8dd183950a75cae5/element/f.8CC9874A552313B3A8E13A8A50D78772.d.4125CFCA2CB9BBB3C23D429177129813.e.4427/click - {}
COMMAND: POST /session/8f546a329179e62e8dd183950a75cae5/element - {"using":"xpath","value":"//*[@id=\"backBtn\"]"}
RESULT: {"using":"xpath","value":"//*[@id=\"backBtn\"]"}
COMMAND: POST /session/8f546a329179e62e8dd183950a75cae5/element/f.8CC9874A552313B3A8E13A8A50D78772.d.4125CFCA2CB9BBB3C23D429177129813.e.4619/click - {}
RESULT: {}
COMMAND: GET /session/8f546a329179e62e8dd183950a75cae5/screenshot - {}
RESULT: {}
]]></system-out>
    </testcase>
    <testcase classname="chrome.136_0_7103_93.windows.Sanity_Tests_US104253" name="Should open Manage Logbook page" time="44.77">
      <system-out><![CDATA[
COMMAND: POST /session/8f546a329179e62e8dd183950a75cae5/execute/async - {"script":"<script> [1562 bytes]","args":[{"selector":{"controlType":"sap.m.GenericTile","properties":{"header":"Manage Logbook"}},"wdio_ui5_key":"sapm.GenericTile{\"header\":\"Manage Logbook\"}"}]}
RESULT: {"script":"<script> [1562 bytes]","args":[{"selector":{"controlType":"sap.m.GenericTile","properties":{"header":"Manage Logbook"}},"wdio_ui5_key":"sapm.GenericTile{\"header\":\"Manage Logbook\"}"}]}
RESULT: undefined
COMMAND: POST /session/8f546a329179e62e8dd183950a75cae5/element - {"using":"xpath","value":"//*[@id=\"__tile112\"]"}
RESULT: {"using":"xpath","value":"//*[@id=\"__tile112\"]"}
COMMAND: POST /session/8f546a329179e62e8dd183950a75cae5/element/f.8CC9874A552313B3A8E13A8A50D78772.d.4125CFCA2CB9BBB3C23D429177129813.e.4621/click - {}
RESULT: {}
COMMAND: GET /session/8f546a329179e62e8dd183950a75cae5/screenshot - {}
RESULT: {}
COMMAND: POST /session/8f546a329179e62e8dd183950a75cae5/elements - {"using":"xpath","value":"//span[text()='Error']"}
RESULT: {"using":"xpath","value":"//span[text()='Error']"}
RESULT: undefined
COMMAND: POST /session/8f546a329179e62e8dd183950a75cae5/element - {"using":"xpath","value":"//*[@id=\"__tile112\"]"}
RESULT: {"using":"xpath","value":"//*[@id=\"__tile112\"]"}
COMMAND: POST /session/8f546a329179e62e8dd183950a75cae5/element/f.8CC9874A552313B3A8E13A8A50D78772.d.4125CFCA2CB9BBB3C23D429177129813.e.4621/click - {}
RESULT: undefined
COMMAND: POST /session/8f546a329179e62e8dd183950a75cae5/element - {"using":"xpath","value":"//*[@id=\"__tile112\"]"}
RESULT: {"using":"xpath","value":"//*[@id=\"__tile112\"]"}
COMMAND: POST /session/8f546a329179e62e8dd183950a75cae5/element/f.8CC9874A552313B3A8E13A8A50D78772.d.4125CFCA2CB9BBB3C23D429177129813.e.4621/click - {}
RESULT: undefined
COMMAND: POST /session/8f546a329179e62e8dd183950a75cae5/execute/async - {"script":"<script> [6424 bytes]","args":[{"element-6066-11e4-a52e-4f735466cecf":"f.8CC9874A552313B3A8E13A8A50D78772.d.4125CFCA2CB9BBB3C23D429177129813.e.286"},"getTitle",[]]}
COMMAND: POST /session/8f546a329179e62e8dd183950a75cae5/execute/async - {"script":"<script> [1562 bytes]","args":[{"selector":{"id":"shellAppTitle"},"wdio_ui5_key":"shellAppTitle"}]}
RESULT: {"script":"<script> [1562 bytes]","args":[{"selector":{"id":"shellAppTitle"},"wdio_ui5_key":"shellAppTitle"}]}
COMMAND: POST /session/8f546a329179e62e8dd183950a75cae5/execute/async - {"script":"<script> [6424 bytes]","args":[{"element-6066-11e4-a52e-4f735466cecf":"f.8CC9874A552313B3A8E13A8A50D78772.d.4125CFCA2CB9BBB3C23D429177129813.e.4695"},"getTitle",[]]}
RESULT: {"script":"<script> [6424 bytes]","args":[{"element-6066-11e4-a52e-4f735466cecf":"f.8CC9874A552313B3A8E13A8A50D78772.d.4125CFCA2CB9BBB3C23D429177129813.e.4695"},"getTitle",[]]}
RESULT: undefined
COMMAND: POST /session/8f546a329179e62e8dd183950a75cae5/element/f.8CC9874A552313B3A8E13A8A50D78772.d.4125CFCA2CB9BBB3C23D429177129813.e.4619/click - {}
RESULT: {}
COMMAND: GET /session/8f546a329179e62e8dd183950a75cae5/screenshot - {}
RESULT: {}
]]></system-out>
    </testcase>
    <testcase classname="chrome.136_0_7103_93.windows.Sanity_Tests_US104253" name="Should open ISC Orders Calendar page" time="46.722">
      <system-out><![CDATA[
COMMAND: POST /session/8f546a329179e62e8dd183950a75cae5/execute/async - {"script":"<script> [1562 bytes]","args":[{"selector":{"controlType":"sap.m.GenericTile","properties":{"header":"ISC Orders Calendar"}},"wdio_ui5_key":"sapm.GenericTile{\"header\":\"ISC Orders Calendar\"}"}]}
RESULT: {"script":"<script> [1562 bytes]","args":[{"selector":{"controlType":"sap.m.GenericTile","properties":{"header":"ISC Orders Calendar"}},"wdio_ui5_key":"sapm.GenericTile{\"header\":\"ISC Orders Calendar\"}"}]}
RESULT: undefined
COMMAND: POST /session/8f546a329179e62e8dd183950a75cae5/element - {"using":"xpath","value":"//*[@id=\"__tile107\"]"}
RESULT: {"using":"xpath","value":"//*[@id=\"__tile107\"]"}
COMMAND: POST /session/8f546a329179e62e8dd183950a75cae5/element/f.8CC9874A552313B3A8E13A8A50D78772.d.4125CFCA2CB9BBB3C23D429177129813.e.4697/click - {}
RESULT: {}
COMMAND: GET /session/8f546a329179e62e8dd183950a75cae5/screenshot - {}
RESULT: {}
COMMAND: POST /session/8f546a329179e62e8dd183950a75cae5/elements - {"using":"xpath","value":"//span[text()='Error']"}
RESULT: {"using":"xpath","value":"//span[text()='Error']"}
RESULT: undefined
COMMAND: POST /session/8f546a329179e62e8dd183950a75cae5/element - {"using":"xpath","value":"//*[@id=\"__tile107\"]"}
RESULT: {"using":"xpath","value":"//*[@id=\"__tile107\"]"}
COMMAND: POST /session/8f546a329179e62e8dd183950a75cae5/element/f.8CC9874A552313B3A8E13A8A50D78772.d.4125CFCA2CB9BBB3C23D429177129813.e.4697/click - {}
RESULT: undefined
COMMAND: POST /session/8f546a329179e62e8dd183950a75cae5/element - {"using":"xpath","value":"//*[@id=\"__tile107\"]"}
RESULT: {"using":"xpath","value":"//*[@id=\"__tile107\"]"}
COMMAND: POST /session/8f546a329179e62e8dd183950a75cae5/element/f.8CC9874A552313B3A8E13A8A50D78772.d.4125CFCA2CB9BBB3C23D429177129813.e.4697/click - {}
RESULT: undefined
COMMAND: POST /session/8f546a329179e62e8dd183950a75cae5/execute/async - {"script":"<script> [6424 bytes]","args":[{"element-6066-11e4-a52e-4f735466cecf":"f.8CC9874A552313B3A8E13A8A50D78772.d.4125CFCA2CB9BBB3C23D429177129813.e.286"},"getTitle",[]]}
COMMAND: POST /session/8f546a329179e62e8dd183950a75cae5/execute/async - {"script":"<script> [1562 bytes]","args":[{"selector":{"id":"shellAppTitle"},"wdio_ui5_key":"shellAppTitle"}]}
RESULT: {"script":"<script> [1562 bytes]","args":[{"selector":{"id":"shellAppTitle"},"wdio_ui5_key":"shellAppTitle"}]}
COMMAND: POST /session/8f546a329179e62e8dd183950a75cae5/execute/async - {"script":"<script> [6424 bytes]","args":[{"element-6066-11e4-a52e-4f735466cecf":"f.8CC9874A552313B3A8E13A8A50D78772.d.4125CFCA2CB9BBB3C23D429177129813.e.4898"},"getTitle",[]]}
RESULT: {"script":"<script> [6424 bytes]","args":[{"element-6066-11e4-a52e-4f735466cecf":"f.8CC9874A552313B3A8E13A8A50D78772.d.4125CFCA2CB9BBB3C23D429177129813.e.4898"},"getTitle",[]]}
RESULT: undefined
COMMAND: POST /session/8f546a329179e62e8dd183950a75cae5/element/f.8CC9874A552313B3A8E13A8A50D78772.d.4125CFCA2CB9BBB3C23D429177129813.e.4619/click - {}
COMMAND: POST /session/8f546a329179e62e8dd183950a75cae5/element - {"using":"xpath","value":"//*[@id=\"backBtn\"]"}
RESULT: {"using":"xpath","value":"//*[@id=\"backBtn\"]"}
COMMAND: POST /session/8f546a329179e62e8dd183950a75cae5/element/f.8CC9874A552313B3A8E13A8A50D78772.d.4125CFCA2CB9BBB3C23D429177129813.e.4619/click - {}
COMMAND: POST /session/8f546a329179e62e8dd183950a75cae5/element - {"using":"xpath","value":"//*[@id=\"backBtn\"]"}
RESULT: {"using":"xpath","value":"//*[@id=\"backBtn\"]"}
COMMAND: POST /session/8f546a329179e62e8dd183950a75cae5/element/f.8CC9874A552313B3A8E13A8A50D78772.d.4125CFCA2CB9BBB3C23D429177129813.e.4899/click - {}
RESULT: {}
COMMAND: GET /session/8f546a329179e62e8dd183950a75cae5/screenshot - {}
RESULT: {}
]]></system-out>
    </testcase>
    <testcase classname="chrome.136_0_7103_93.windows.Sanity_Tests_US104253" name="Should open Configure System page" time="38.174">
      <system-out><![CDATA[
COMMAND: POST /session/8f546a329179e62e8dd183950a75cae5/execute/async - {"script":"<script> [1562 bytes]","args":[{"selector":{"controlType":"sap.m.GenericTile","properties":{"header":"Configure System"}},"wdio_ui5_key":"sapm.GenericTile{\"header\":\"Configure System\"}"}]}
RESULT: {"script":"<script> [1562 bytes]","args":[{"selector":{"controlType":"sap.m.GenericTile","properties":{"header":"Configure System"}},"wdio_ui5_key":"sapm.GenericTile{\"header\":\"Configure System\"}"}]}
RESULT: undefined
COMMAND: POST /session/8f546a329179e62e8dd183950a75cae5/element - {"using":"xpath","value":"//*[@id=\"__tile114\"]"}
RESULT: {"using":"xpath","value":"//*[@id=\"__tile114\"]"}
COMMAND: POST /session/8f546a329179e62e8dd183950a75cae5/element/f.8CC9874A552313B3A8E13A8A50D78772.d.4125CFCA2CB9BBB3C23D429177129813.e.4901/click - {}
RESULT: {}
COMMAND: GET /session/8f546a329179e62e8dd183950a75cae5/screenshot - {}
RESULT: {}
COMMAND: POST /session/8f546a329179e62e8dd183950a75cae5/elements - {"using":"xpath","value":"//span[text()='Error']"}
RESULT: {"using":"xpath","value":"//span[text()='Error']"}
RESULT: undefined
COMMAND: POST /session/8f546a329179e62e8dd183950a75cae5/element - {"using":"xpath","value":"//*[@id=\"__tile114\"]"}
RESULT: {"using":"xpath","value":"//*[@id=\"__tile114\"]"}
COMMAND: POST /session/8f546a329179e62e8dd183950a75cae5/element/f.8CC9874A552313B3A8E13A8A50D78772.d.4125CFCA2CB9BBB3C23D429177129813.e.4901/click - {}
RESULT: undefined
COMMAND: POST /session/8f546a329179e62e8dd183950a75cae5/element - {"using":"xpath","value":"//*[@id=\"__tile114\"]"}
RESULT: {"using":"xpath","value":"//*[@id=\"__tile114\"]"}
COMMAND: POST /session/8f546a329179e62e8dd183950a75cae5/element/f.8CC9874A552313B3A8E13A8A50D78772.d.4125CFCA2CB9BBB3C23D429177129813.e.4901/click - {}
RESULT: undefined
COMMAND: POST /session/8f546a329179e62e8dd183950a75cae5/execute/async - {"script":"<script> [6424 bytes]","args":[{"element-6066-11e4-a52e-4f735466cecf":"f.8CC9874A552313B3A8E13A8A50D78772.d.4125CFCA2CB9BBB3C23D429177129813.e.286"},"getTitle",[]]}
COMMAND: POST /session/8f546a329179e62e8dd183950a75cae5/execute/async - {"script":"<script> [1562 bytes]","args":[{"selector":{"id":"shellAppTitle"},"wdio_ui5_key":"shellAppTitle"}]}
RESULT: {"script":"<script> [1562 bytes]","args":[{"selector":{"id":"shellAppTitle"},"wdio_ui5_key":"shellAppTitle"}]}
COMMAND: POST /session/8f546a329179e62e8dd183950a75cae5/execute/async - {"script":"<script> [6424 bytes]","args":[{"element-6066-11e4-a52e-4f735466cecf":"f.8CC9874A552313B3A8E13A8A50D78772.d.4125CFCA2CB9BBB3C23D429177129813.e.4941"},"getTitle",[]]}
RESULT: {"script":"<script> [6424 bytes]","args":[{"element-6066-11e4-a52e-4f735466cecf":"f.8CC9874A552313B3A8E13A8A50D78772.d.4125CFCA2CB9BBB3C23D429177129813.e.4941"},"getTitle",[]]}
RESULT: undefined
COMMAND: POST /session/8f546a329179e62e8dd183950a75cae5/element/f.8CC9874A552313B3A8E13A8A50D78772.d.4125CFCA2CB9BBB3C23D429177129813.e.4899/click - {}
RESULT: {}
COMMAND: GET /session/8f546a329179e62e8dd183950a75cae5/screenshot - {}
RESULT: {}
]]></system-out>
    </testcase>
    <testcase classname="chrome.136_0_7103_93.windows.Sanity_Tests_US104253" name="Should open Manage Classifications page" time="39.033">
      <system-out><![CDATA[
COMMAND: POST /session/8f546a329179e62e8dd183950a75cae5/execute/async - {"script":"<script> [1562 bytes]","args":[{"selector":{"controlType":"sap.m.GenericTile","properties":{"header":"Manage Classifications"}},"wdio_ui5_key":"sapm.GenericTile{\"header\":\"Manage Classifications\"}"}]}
RESULT: {"script":"<script> [1562 bytes]","args":[{"selector":{"controlType":"sap.m.GenericTile","properties":{"header":"Manage Classifications"}},"wdio_ui5_key":"sapm.GenericTile{\"header\":\"Manage Classifications\"}"}]}
RESULT: undefined
COMMAND: POST /session/8f546a329179e62e8dd183950a75cae5/element - {"using":"xpath","value":"//*[@id=\"__tile115\"]"}
RESULT: {"using":"xpath","value":"//*[@id=\"__tile115\"]"}
COMMAND: POST /session/8f546a329179e62e8dd183950a75cae5/element/f.8CC9874A552313B3A8E13A8A50D78772.d.4125CFCA2CB9BBB3C23D429177129813.e.4945/click - {}
RESULT: {}
COMMAND: GET /session/8f546a329179e62e8dd183950a75cae5/screenshot - {}
RESULT: {}
COMMAND: POST /session/8f546a329179e62e8dd183950a75cae5/elements - {"using":"xpath","value":"//span[text()='Error']"}
RESULT: {"using":"xpath","value":"//span[text()='Error']"}
RESULT: undefined
COMMAND: POST /session/8f546a329179e62e8dd183950a75cae5/element - {"using":"xpath","value":"//*[@id=\"__tile115\"]"}
RESULT: {"using":"xpath","value":"//*[@id=\"__tile115\"]"}
COMMAND: POST /session/8f546a329179e62e8dd183950a75cae5/element/f.8CC9874A552313B3A8E13A8A50D78772.d.4125CFCA2CB9BBB3C23D429177129813.e.4945/click - {}
RESULT: undefined
COMMAND: POST /session/8f546a329179e62e8dd183950a75cae5/element - {"using":"xpath","value":"//*[@id=\"__tile115\"]"}
RESULT: {"using":"xpath","value":"//*[@id=\"__tile115\"]"}
COMMAND: POST /session/8f546a329179e62e8dd183950a75cae5/element/f.8CC9874A552313B3A8E13A8A50D78772.d.4125CFCA2CB9BBB3C23D429177129813.e.4945/click - {}
RESULT: undefined
COMMAND: POST /session/8f546a329179e62e8dd183950a75cae5/execute/async - {"script":"<script> [6424 bytes]","args":[{"element-6066-11e4-a52e-4f735466cecf":"f.8CC9874A552313B3A8E13A8A50D78772.d.4125CFCA2CB9BBB3C23D429177129813.e.286"},"getTitle",[]]}
COMMAND: POST /session/8f546a329179e62e8dd183950a75cae5/execute/async - {"script":"<script> [1562 bytes]","args":[{"selector":{"id":"shellAppTitle"},"wdio_ui5_key":"shellAppTitle"}]}
RESULT: {"script":"<script> [1562 bytes]","args":[{"selector":{"id":"shellAppTitle"},"wdio_ui5_key":"shellAppTitle"}]}
COMMAND: POST /session/8f546a329179e62e8dd183950a75cae5/execute/async - {"script":"<script> [6424 bytes]","args":[{"element-6066-11e4-a52e-4f735466cecf":"f.8CC9874A552313B3A8E13A8A50D78772.d.4125CFCA2CB9BBB3C23D429177129813.e.5186"},"getTitle",[]]}
RESULT: {"script":"<script> [6424 bytes]","args":[{"element-6066-11e4-a52e-4f735466cecf":"f.8CC9874A552313B3A8E13A8A50D78772.d.4125CFCA2CB9BBB3C23D429177129813.e.5186"},"getTitle",[]]}
RESULT: undefined
COMMAND: POST /session/8f546a329179e62e8dd183950a75cae5/element/f.8CC9874A552313B3A8E13A8A50D78772.d.4125CFCA2CB9BBB3C23D429177129813.e.4899/click - {}
COMMAND: POST /session/8f546a329179e62e8dd183950a75cae5/element - {"using":"xpath","value":"//*[@id=\"backBtn\"]"}
RESULT: {"using":"xpath","value":"//*[@id=\"backBtn\"]"}
COMMAND: POST /session/8f546a329179e62e8dd183950a75cae5/element/f.8CC9874A552313B3A8E13A8A50D78772.d.4125CFCA2CB9BBB3C23D429177129813.e.4899/click - {}
COMMAND: POST /session/8f546a329179e62e8dd183950a75cae5/element - {"using":"xpath","value":"//*[@id=\"backBtn\"]"}
RESULT: {"using":"xpath","value":"//*[@id=\"backBtn\"]"}
COMMAND: POST /session/8f546a329179e62e8dd183950a75cae5/element/f.8CC9874A552313B3A8E13A8A50D78772.d.4125CFCA2CB9BBB3C23D429177129813.e.5187/click - {}
RESULT: {}
COMMAND: GET /session/8f546a329179e62e8dd183950a75cae5/screenshot - {}
RESULT: {}
]]></system-out>
    </testcase>
    <testcase classname="chrome.136_0_7103_93.windows.Sanity_Tests_US104253" name="Should open Data Explorer page" time="39.17">
      <system-out><![CDATA[
COMMAND: POST /session/8f546a329179e62e8dd183950a75cae5/execute/async - {"script":"<script> [1562 bytes]","args":[{"selector":{"controlType":"sap.m.GenericTile","properties":{"header":"Data Explorer"}},"wdio_ui5_key":"sapm.GenericTile{\"header\":\"Data Explorer\"}"}]}
RESULT: {"script":"<script> [1562 bytes]","args":[{"selector":{"controlType":"sap.m.GenericTile","properties":{"header":"Data Explorer"}},"wdio_ui5_key":"sapm.GenericTile{\"header\":\"Data Explorer\"}"}]}
RESULT: undefined
COMMAND: POST /session/8f546a329179e62e8dd183950a75cae5/element - {"using":"xpath","value":"//*[@id=\"__tile117\"]"}
RESULT: {"using":"xpath","value":"//*[@id=\"__tile117\"]"}
COMMAND: POST /session/8f546a329179e62e8dd183950a75cae5/element/f.8CC9874A552313B3A8E13A8A50D78772.d.4125CFCA2CB9BBB3C23D429177129813.e.5189/click - {}
RESULT: {}
COMMAND: GET /session/8f546a329179e62e8dd183950a75cae5/screenshot - {}
RESULT: {}
COMMAND: POST /session/8f546a329179e62e8dd183950a75cae5/elements - {"using":"xpath","value":"//span[text()='Error']"}
RESULT: {"using":"xpath","value":"//span[text()='Error']"}
RESULT: undefined
COMMAND: POST /session/8f546a329179e62e8dd183950a75cae5/element - {"using":"xpath","value":"//*[@id=\"__tile117\"]"}
RESULT: {"using":"xpath","value":"//*[@id=\"__tile117\"]"}
COMMAND: POST /session/8f546a329179e62e8dd183950a75cae5/element/f.8CC9874A552313B3A8E13A8A50D78772.d.4125CFCA2CB9BBB3C23D429177129813.e.5189/click - {}
RESULT: undefined
COMMAND: POST /session/8f546a329179e62e8dd183950a75cae5/element - {"using":"xpath","value":"//*[@id=\"__tile117\"]"}
RESULT: {"using":"xpath","value":"//*[@id=\"__tile117\"]"}
COMMAND: POST /session/8f546a329179e62e8dd183950a75cae5/element/f.8CC9874A552313B3A8E13A8A50D78772.d.4125CFCA2CB9BBB3C23D429177129813.e.5189/click - {}
RESULT: undefined
COMMAND: POST /session/8f546a329179e62e8dd183950a75cae5/execute/async - {"script":"<script> [6424 bytes]","args":[{"element-6066-11e4-a52e-4f735466cecf":"f.8CC9874A552313B3A8E13A8A50D78772.d.4125CFCA2CB9BBB3C23D429177129813.e.286"},"getTitle",[]]}
COMMAND: POST /session/8f546a329179e62e8dd183950a75cae5/execute/async - {"script":"<script> [1562 bytes]","args":[{"selector":{"id":"shellAppTitle"},"wdio_ui5_key":"shellAppTitle"}]}
RESULT: {"script":"<script> [1562 bytes]","args":[{"selector":{"id":"shellAppTitle"},"wdio_ui5_key":"shellAppTitle"}]}
COMMAND: POST /session/8f546a329179e62e8dd183950a75cae5/execute/async - {"script":"<script> [6424 bytes]","args":[{"element-6066-11e4-a52e-4f735466cecf":"f.8CC9874A552313B3A8E13A8A50D78772.d.4125CFCA2CB9BBB3C23D429177129813.e.5514"},"getTitle",[]]}
RESULT: {"script":"<script> [6424 bytes]","args":[{"element-6066-11e4-a52e-4f735466cecf":"f.8CC9874A552313B3A8E13A8A50D78772.d.4125CFCA2CB9BBB3C23D429177129813.e.5514"},"getTitle",[]]}
RESULT: undefined
COMMAND: POST /session/8f546a329179e62e8dd183950a75cae5/element/f.8CC9874A552313B3A8E13A8A50D78772.d.4125CFCA2CB9BBB3C23D429177129813.e.5187/click - {}
RESULT: {}
COMMAND: GET /session/8f546a329179e62e8dd183950a75cae5/screenshot - {}
RESULT: {}
]]></system-out>
    </testcase>
    <testcase classname="chrome.136_0_7103_93.windows.Sanity_Tests_US104253" name="Should open Performance Monitor page" time="38.397">
      <system-out><![CDATA[
COMMAND: POST /session/8f546a329179e62e8dd183950a75cae5/execute/async - {"script":"<script> [1562 bytes]","args":[{"selector":{"controlType":"sap.m.GenericTile","properties":{"header":"Performance Monitor"}},"wdio_ui5_key":"sapm.GenericTile{\"header\":\"Performance Monitor\"}"}]}
RESULT: {"script":"<script> [1562 bytes]","args":[{"selector":{"controlType":"sap.m.GenericTile","properties":{"header":"Performance Monitor"}},"wdio_ui5_key":"sapm.GenericTile{\"header\":\"Performance Monitor\"}"}]}
RESULT: undefined
COMMAND: POST /session/8f546a329179e62e8dd183950a75cae5/element - {"using":"xpath","value":"//*[@id=\"__tile116\"]"}
RESULT: {"using":"xpath","value":"//*[@id=\"__tile116\"]"}
COMMAND: POST /session/8f546a329179e62e8dd183950a75cae5/element/f.8CC9874A552313B3A8E13A8A50D78772.d.4125CFCA2CB9BBB3C23D429177129813.e.5516/click - {}
RESULT: {}
COMMAND: GET /session/8f546a329179e62e8dd183950a75cae5/screenshot - {}
RESULT: {}
COMMAND: POST /session/8f546a329179e62e8dd183950a75cae5/elements - {"using":"xpath","value":"//span[text()='Error']"}
RESULT: {"using":"xpath","value":"//span[text()='Error']"}
RESULT: undefined
COMMAND: POST /session/8f546a329179e62e8dd183950a75cae5/element - {"using":"xpath","value":"//*[@id=\"__tile116\"]"}
RESULT: {"using":"xpath","value":"//*[@id=\"__tile116\"]"}
COMMAND: POST /session/8f546a329179e62e8dd183950a75cae5/element/f.8CC9874A552313B3A8E13A8A50D78772.d.4125CFCA2CB9BBB3C23D429177129813.e.5516/click - {}
RESULT: undefined
COMMAND: POST /session/8f546a329179e62e8dd183950a75cae5/element - {"using":"xpath","value":"//*[@id=\"__tile116\"]"}
RESULT: {"using":"xpath","value":"//*[@id=\"__tile116\"]"}
COMMAND: POST /session/8f546a329179e62e8dd183950a75cae5/element/f.8CC9874A552313B3A8E13A8A50D78772.d.4125CFCA2CB9BBB3C23D429177129813.e.5516/click - {}
RESULT: undefined
COMMAND: POST /session/8f546a329179e62e8dd183950a75cae5/execute/async - {"script":"<script> [6424 bytes]","args":[{"element-6066-11e4-a52e-4f735466cecf":"f.8CC9874A552313B3A8E13A8A50D78772.d.4125CFCA2CB9BBB3C23D429177129813.e.286"},"getTitle",[]]}
COMMAND: POST /session/8f546a329179e62e8dd183950a75cae5/execute/async - {"script":"<script> [1562 bytes]","args":[{"selector":{"id":"shellAppTitle"},"wdio_ui5_key":"shellAppTitle"}]}
RESULT: {"script":"<script> [1562 bytes]","args":[{"selector":{"id":"shellAppTitle"},"wdio_ui5_key":"shellAppTitle"}]}
COMMAND: POST /session/8f546a329179e62e8dd183950a75cae5/execute/async - {"script":"<script> [6424 bytes]","args":[{"element-6066-11e4-a52e-4f735466cecf":"f.8CC9874A552313B3A8E13A8A50D78772.d.4125CFCA2CB9BBB3C23D429177129813.e.5558"},"getTitle",[]]}
RESULT: {"script":"<script> [6424 bytes]","args":[{"element-6066-11e4-a52e-4f735466cecf":"f.8CC9874A552313B3A8E13A8A50D78772.d.4125CFCA2CB9BBB3C23D429177129813.e.5558"},"getTitle",[]]}
RESULT: undefined
COMMAND: POST /session/8f546a329179e62e8dd183950a75cae5/element/f.8CC9874A552313B3A8E13A8A50D78772.d.4125CFCA2CB9BBB3C23D429177129813.e.5187/click - {}
COMMAND: POST /session/8f546a329179e62e8dd183950a75cae5/element - {"using":"xpath","value":"//*[@id=\"backBtn\"]"}
RESULT: {"using":"xpath","value":"//*[@id=\"backBtn\"]"}
COMMAND: POST /session/8f546a329179e62e8dd183950a75cae5/element/f.8CC9874A552313B3A8E13A8A50D78772.d.4125CFCA2CB9BBB3C23D429177129813.e.5187/click - {}
COMMAND: POST /session/8f546a329179e62e8dd183950a75cae5/element - {"using":"xpath","value":"//*[@id=\"backBtn\"]"}
RESULT: {"using":"xpath","value":"//*[@id=\"backBtn\"]"}
COMMAND: POST /session/8f546a329179e62e8dd183950a75cae5/element/f.8CC9874A552313B3A8E13A8A50D78772.d.4125CFCA2CB9BBB3C23D429177129813.e.5559/click - {}
RESULT: {}
COMMAND: GET /session/8f546a329179e62e8dd183950a75cae5/screenshot - {}
RESULT: {}
]]></system-out>
    </testcase>
    <testcase classname="chrome.136_0_7103_93.windows.Sanity_Tests_US104253" name="Should open Organizational Model page" time="37.606">
      <system-out><![CDATA[
COMMAND: POST /session/8f546a329179e62e8dd183950a75cae5/execute/async - {"script":"<script> [1562 bytes]","args":[{"selector":{"controlType":"sap.m.GenericTile","properties":{"header":"Organizational Model"}},"wdio_ui5_key":"sapm.GenericTile{\"header\":\"Organizational Model\"}"}]}
RESULT: {"script":"<script> [1562 bytes]","args":[{"selector":{"controlType":"sap.m.GenericTile","properties":{"header":"Organizational Model"}},"wdio_ui5_key":"sapm.GenericTile{\"header\":\"Organizational Model\"}"}]}
RESULT: undefined
COMMAND: POST /session/8f546a329179e62e8dd183950a75cae5/element - {"using":"xpath","value":"//*[@id=\"__tile120\"]"}
RESULT: {"using":"xpath","value":"//*[@id=\"__tile120\"]"}
COMMAND: POST /session/8f546a329179e62e8dd183950a75cae5/element/f.8CC9874A552313B3A8E13A8A50D78772.d.4125CFCA2CB9BBB3C23D429177129813.e.5561/click - {}
RESULT: {}
COMMAND: GET /session/8f546a329179e62e8dd183950a75cae5/screenshot - {}
RESULT: {}
COMMAND: POST /session/8f546a329179e62e8dd183950a75cae5/elements - {"using":"xpath","value":"//span[text()='Error']"}
RESULT: {"using":"xpath","value":"//span[text()='Error']"}
RESULT: undefined
COMMAND: POST /session/8f546a329179e62e8dd183950a75cae5/element - {"using":"xpath","value":"//*[@id=\"__tile120\"]"}
RESULT: {"using":"xpath","value":"//*[@id=\"__tile120\"]"}
COMMAND: POST /session/8f546a329179e62e8dd183950a75cae5/element/f.8CC9874A552313B3A8E13A8A50D78772.d.4125CFCA2CB9BBB3C23D429177129813.e.5561/click - {}
RESULT: undefined
COMMAND: POST /session/8f546a329179e62e8dd183950a75cae5/element - {"using":"xpath","value":"//*[@id=\"__tile120\"]"}
RESULT: {"using":"xpath","value":"//*[@id=\"__tile120\"]"}
COMMAND: POST /session/8f546a329179e62e8dd183950a75cae5/element/f.8CC9874A552313B3A8E13A8A50D78772.d.4125CFCA2CB9BBB3C23D429177129813.e.5561/click - {}
RESULT: undefined
COMMAND: POST /session/8f546a329179e62e8dd183950a75cae5/execute/async - {"script":"<script> [6424 bytes]","args":[{"element-6066-11e4-a52e-4f735466cecf":"f.8CC9874A552313B3A8E13A8A50D78772.d.4125CFCA2CB9BBB3C23D429177129813.e.286"},"getTitle",[]]}
COMMAND: POST /session/8f546a329179e62e8dd183950a75cae5/execute/async - {"script":"<script> [1562 bytes]","args":[{"selector":{"id":"shellAppTitle"},"wdio_ui5_key":"shellAppTitle"}]}
RESULT: {"script":"<script> [1562 bytes]","args":[{"selector":{"id":"shellAppTitle"},"wdio_ui5_key":"shellAppTitle"}]}
COMMAND: POST /session/8f546a329179e62e8dd183950a75cae5/execute/async - {"script":"<script> [6424 bytes]","args":[{"element-6066-11e4-a52e-4f735466cecf":"f.8CC9874A552313B3A8E13A8A50D78772.d.4125CFCA2CB9BBB3C23D429177129813.e.5579"},"getTitle",[]]}
RESULT: {"script":"<script> [6424 bytes]","args":[{"element-6066-11e4-a52e-4f735466cecf":"f.8CC9874A552313B3A8E13A8A50D78772.d.4125CFCA2CB9BBB3C23D429177129813.e.5579"},"getTitle",[]]}
RESULT: undefined
COMMAND: POST /session/8f546a329179e62e8dd183950a75cae5/element/f.8CC9874A552313B3A8E13A8A50D78772.d.4125CFCA2CB9BBB3C23D429177129813.e.5559/click - {}
RESULT: {}
COMMAND: GET /session/8f546a329179e62e8dd183950a75cae5/screenshot - {}
RESULT: {}
]]></system-out>
    </testcase>
    <testcase classname="chrome.136_0_7103_93.windows.Sanity_Tests_US104253" name="Should open Manage Roles page" time="42.586">
      <system-out><![CDATA[
COMMAND: POST /session/8f546a329179e62e8dd183950a75cae5/execute/async - {"script":"<script> [1562 bytes]","args":[{"selector":{"controlType":"sap.m.GenericTile","properties":{"header":"Manage Roles"}},"wdio_ui5_key":"sapm.GenericTile{\"header\":\"Manage Roles\"}"}]}
RESULT: {"script":"<script> [1562 bytes]","args":[{"selector":{"controlType":"sap.m.GenericTile","properties":{"header":"Manage Roles"}},"wdio_ui5_key":"sapm.GenericTile{\"header\":\"Manage Roles\"}"}]}
RESULT: undefined
COMMAND: POST /session/8f546a329179e62e8dd183950a75cae5/element - {"using":"xpath","value":"//*[@id=\"__tile119\"]"}
RESULT: {"using":"xpath","value":"//*[@id=\"__tile119\"]"}
COMMAND: POST /session/8f546a329179e62e8dd183950a75cae5/element/f.8CC9874A552313B3A8E13A8A50D78772.d.4125CFCA2CB9BBB3C23D429177129813.e.5583/click - {}
RESULT: {}
COMMAND: GET /session/8f546a329179e62e8dd183950a75cae5/screenshot - {}
RESULT: {}
COMMAND: POST /session/8f546a329179e62e8dd183950a75cae5/elements - {"using":"xpath","value":"//span[text()='Error']"}
RESULT: {"using":"xpath","value":"//span[text()='Error']"}
RESULT: undefined
COMMAND: POST /session/8f546a329179e62e8dd183950a75cae5/element - {"using":"xpath","value":"//*[@id=\"__tile119\"]"}
RESULT: {"using":"xpath","value":"//*[@id=\"__tile119\"]"}
COMMAND: POST /session/8f546a329179e62e8dd183950a75cae5/element/f.8CC9874A552313B3A8E13A8A50D78772.d.4125CFCA2CB9BBB3C23D429177129813.e.5583/click - {}
RESULT: undefined
COMMAND: POST /session/8f546a329179e62e8dd183950a75cae5/element - {"using":"xpath","value":"//*[@id=\"__tile119\"]"}
RESULT: {"using":"xpath","value":"//*[@id=\"__tile119\"]"}
COMMAND: POST /session/8f546a329179e62e8dd183950a75cae5/element/f.8CC9874A552313B3A8E13A8A50D78772.d.4125CFCA2CB9BBB3C23D429177129813.e.5583/click - {}
RESULT: undefined
COMMAND: POST /session/8f546a329179e62e8dd183950a75cae5/execute/async - {"script":"<script> [6424 bytes]","args":[{"element-6066-11e4-a52e-4f735466cecf":"f.8CC9874A552313B3A8E13A8A50D78772.d.4125CFCA2CB9BBB3C23D429177129813.e.286"},"getTitle",[]]}
COMMAND: POST /session/8f546a329179e62e8dd183950a75cae5/execute/async - {"script":"<script> [1562 bytes]","args":[{"selector":{"id":"shellAppTitle"},"wdio_ui5_key":"shellAppTitle"}]}
RESULT: {"script":"<script> [1562 bytes]","args":[{"selector":{"id":"shellAppTitle"},"wdio_ui5_key":"shellAppTitle"}]}
COMMAND: POST /session/8f546a329179e62e8dd183950a75cae5/execute/async - {"script":"<script> [6424 bytes]","args":[{"element-6066-11e4-a52e-4f735466cecf":"f.8CC9874A552313B3A8E13A8A50D78772.d.4125CFCA2CB9BBB3C23D429177129813.e.5628"},"getTitle",[]]}
RESULT: {"script":"<script> [6424 bytes]","args":[{"element-6066-11e4-a52e-4f735466cecf":"f.8CC9874A552313B3A8E13A8A50D78772.d.4125CFCA2CB9BBB3C23D429177129813.e.5628"},"getTitle",[]]}
RESULT: undefined
COMMAND: POST /session/8f546a329179e62e8dd183950a75cae5/element/f.8CC9874A552313B3A8E13A8A50D78772.d.4125CFCA2CB9BBB3C23D429177129813.e.5559/click - {}
COMMAND: POST /session/8f546a329179e62e8dd183950a75cae5/element - {"using":"xpath","value":"//*[@id=\"backBtn\"]"}
RESULT: {"using":"xpath","value":"//*[@id=\"backBtn\"]"}
COMMAND: POST /session/8f546a329179e62e8dd183950a75cae5/element/f.8CC9874A552313B3A8E13A8A50D78772.d.4125CFCA2CB9BBB3C23D429177129813.e.5559/click - {}
COMMAND: POST /session/8f546a329179e62e8dd183950a75cae5/element - {"using":"xpath","value":"//*[@id=\"backBtn\"]"}
RESULT: {"using":"xpath","value":"//*[@id=\"backBtn\"]"}
COMMAND: POST /session/8f546a329179e62e8dd183950a75cae5/element/f.8CC9874A552313B3A8E13A8A50D78772.d.4125CFCA2CB9BBB3C23D429177129813.e.5629/click - {}
RESULT: {}
COMMAND: GET /session/8f546a329179e62e8dd183950a75cae5/screenshot - {}
RESULT: {}
]]></system-out>
    </testcase>
    <testcase classname="chrome.136_0_7103_93.windows.Sanity_Tests_US104253" name="Should open Authorization Tables page" time="47.603">
      <system-out><![CDATA[
COMMAND: POST /session/8f546a329179e62e8dd183950a75cae5/execute/async - {"script":"<script> [1562 bytes]","args":[{"selector":{"controlType":"sap.m.GenericTile","properties":{"header":"Authorization Tables"}},"wdio_ui5_key":"sapm.GenericTile{\"header\":\"Authorization Tables\"}"}]}
RESULT: {"script":"<script> [1562 bytes]","args":[{"selector":{"controlType":"sap.m.GenericTile","properties":{"header":"Authorization Tables"}},"wdio_ui5_key":"sapm.GenericTile{\"header\":\"Authorization Tables\"}"}]}
RESULT: undefined
COMMAND: POST /session/8f546a329179e62e8dd183950a75cae5/element - {"using":"xpath","value":"//*[@id=\"__tile118\"]"}
RESULT: {"using":"xpath","value":"//*[@id=\"__tile118\"]"}
COMMAND: POST /session/8f546a329179e62e8dd183950a75cae5/element/f.8CC9874A552313B3A8E13A8A50D78772.d.4125CFCA2CB9BBB3C23D429177129813.e.5631/click - {}
RESULT: {}
COMMAND: GET /session/8f546a329179e62e8dd183950a75cae5/screenshot - {}
RESULT: {}
COMMAND: POST /session/8f546a329179e62e8dd183950a75cae5/elements - {"using":"xpath","value":"//span[text()='Error']"}
RESULT: {"using":"xpath","value":"//span[text()='Error']"}
RESULT: undefined
COMMAND: POST /session/8f546a329179e62e8dd183950a75cae5/element - {"using":"xpath","value":"//*[@id=\"__tile118\"]"}
RESULT: {"using":"xpath","value":"//*[@id=\"__tile118\"]"}
COMMAND: POST /session/8f546a329179e62e8dd183950a75cae5/element/f.8CC9874A552313B3A8E13A8A50D78772.d.4125CFCA2CB9BBB3C23D429177129813.e.5631/click - {}
RESULT: undefined
COMMAND: POST /session/8f546a329179e62e8dd183950a75cae5/element - {"using":"xpath","value":"//*[@id=\"__tile118\"]"}
RESULT: {"using":"xpath","value":"//*[@id=\"__tile118\"]"}
COMMAND: POST /session/8f546a329179e62e8dd183950a75cae5/element/f.8CC9874A552313B3A8E13A8A50D78772.d.4125CFCA2CB9BBB3C23D429177129813.e.5631/click - {}
RESULT: undefined
COMMAND: POST /session/8f546a329179e62e8dd183950a75cae5/execute/async - {"script":"<script> [6424 bytes]","args":[{"element-6066-11e4-a52e-4f735466cecf":"f.8CC9874A552313B3A8E13A8A50D78772.d.4125CFCA2CB9BBB3C23D429177129813.e.286"},"getTitle",[]]}
COMMAND: POST /session/8f546a329179e62e8dd183950a75cae5/execute/async - {"script":"<script> [1562 bytes]","args":[{"selector":{"id":"shellAppTitle"},"wdio_ui5_key":"shellAppTitle"}]}
RESULT: {"script":"<script> [1562 bytes]","args":[{"selector":{"id":"shellAppTitle"},"wdio_ui5_key":"shellAppTitle"}]}
COMMAND: POST /session/8f546a329179e62e8dd183950a75cae5/execute/async - {"script":"<script> [6424 bytes]","args":[{"element-6066-11e4-a52e-4f735466cecf":"f.8CC9874A552313B3A8E13A8A50D78772.d.4125CFCA2CB9BBB3C23D429177129813.e.5716"},"getTitle",[]]}
RESULT: {"script":"<script> [6424 bytes]","args":[{"element-6066-11e4-a52e-4f735466cecf":"f.8CC9874A552313B3A8E13A8A50D78772.d.4125CFCA2CB9BBB3C23D429177129813.e.5716"},"getTitle",[]]}
RESULT: undefined
COMMAND: POST /session/8f546a329179e62e8dd183950a75cae5/element/f.8CC9874A552313B3A8E13A8A50D78772.d.4125CFCA2CB9BBB3C23D429177129813.e.5629/click - {}
RESULT: {}
COMMAND: GET /session/8f546a329179e62e8dd183950a75cae5/screenshot - {}
RESULT: {}
]]></system-out>
    </testcase>
    <testcase classname="chrome.136_0_7103_93.windows.Sanity_Tests_US104253" name="Should open User Maintenance page" time="36.611">
      <system-out><![CDATA[
COMMAND: POST /session/8f546a329179e62e8dd183950a75cae5/execute/async - {"script":"<script> [1562 bytes]","args":[{"selector":{"controlType":"sap.m.GenericTile","properties":{"header":"User Maintenance"}},"wdio_ui5_key":"sapm.GenericTile{\"header\":\"User Maintenance\"}"}]}
RESULT: {"script":"<script> [1562 bytes]","args":[{"selector":{"controlType":"sap.m.GenericTile","properties":{"header":"User Maintenance"}},"wdio_ui5_key":"sapm.GenericTile{\"header\":\"User Maintenance\"}"}]}
RESULT: undefined
COMMAND: POST /session/8f546a329179e62e8dd183950a75cae5/element - {"using":"xpath","value":"//*[@id=\"__tile121\"]"}
RESULT: {"using":"xpath","value":"//*[@id=\"__tile121\"]"}
COMMAND: POST /session/8f546a329179e62e8dd183950a75cae5/element/f.8CC9874A552313B3A8E13A8A50D78772.d.4125CFCA2CB9BBB3C23D429177129813.e.5718/click - {}
RESULT: {}
COMMAND: GET /session/8f546a329179e62e8dd183950a75cae5/screenshot - {}
RESULT: {}
COMMAND: POST /session/8f546a329179e62e8dd183950a75cae5/elements - {"using":"xpath","value":"//span[text()='Error']"}
RESULT: {"using":"xpath","value":"//span[text()='Error']"}
RESULT: undefined
COMMAND: POST /session/8f546a329179e62e8dd183950a75cae5/element - {"using":"xpath","value":"//*[@id=\"__tile121\"]"}
RESULT: {"using":"xpath","value":"//*[@id=\"__tile121\"]"}
COMMAND: POST /session/8f546a329179e62e8dd183950a75cae5/element/f.8CC9874A552313B3A8E13A8A50D78772.d.4125CFCA2CB9BBB3C23D429177129813.e.5718/click - {}
RESULT: undefined
COMMAND: POST /session/8f546a329179e62e8dd183950a75cae5/element - {"using":"xpath","value":"//*[@id=\"__tile121\"]"}
RESULT: {"using":"xpath","value":"//*[@id=\"__tile121\"]"}
COMMAND: POST /session/8f546a329179e62e8dd183950a75cae5/element/f.8CC9874A552313B3A8E13A8A50D78772.d.4125CFCA2CB9BBB3C23D429177129813.e.5718/click - {}
RESULT: undefined
COMMAND: POST /session/8f546a329179e62e8dd183950a75cae5/execute/async - {"script":"<script> [6424 bytes]","args":[{"element-6066-11e4-a52e-4f735466cecf":"f.8CC9874A552313B3A8E13A8A50D78772.d.4125CFCA2CB9BBB3C23D429177129813.e.286"},"getTitle",[]]}
COMMAND: POST /session/8f546a329179e62e8dd183950a75cae5/execute/async - {"script":"<script> [1562 bytes]","args":[{"selector":{"id":"shellAppTitle"},"wdio_ui5_key":"shellAppTitle"}]}
RESULT: {"script":"<script> [1562 bytes]","args":[{"selector":{"id":"shellAppTitle"},"wdio_ui5_key":"shellAppTitle"}]}
COMMAND: POST /session/8f546a329179e62e8dd183950a75cae5/execute/async - {"script":"<script> [6424 bytes]","args":[{"element-6066-11e4-a52e-4f735466cecf":"f.8CC9874A552313B3A8E13A8A50D78772.d.4125CFCA2CB9BBB3C23D429177129813.e.5812"},"getTitle",[]]}
RESULT: {"script":"<script> [6424 bytes]","args":[{"element-6066-11e4-a52e-4f735466cecf":"f.8CC9874A552313B3A8E13A8A50D78772.d.4125CFCA2CB9BBB3C23D429177129813.e.5812"},"getTitle",[]]}
RESULT: undefined
COMMAND: POST /session/8f546a329179e62e8dd183950a75cae5/element/f.8CC9874A552313B3A8E13A8A50D78772.d.4125CFCA2CB9BBB3C23D429177129813.e.5629/click - {}
COMMAND: POST /session/8f546a329179e62e8dd183950a75cae5/element - {"using":"xpath","value":"//*[@id=\"backBtn\"]"}
RESULT: {"using":"xpath","value":"//*[@id=\"backBtn\"]"}
COMMAND: POST /session/8f546a329179e62e8dd183950a75cae5/element/f.8CC9874A552313B3A8E13A8A50D78772.d.4125CFCA2CB9BBB3C23D429177129813.e.5629/click - {}
COMMAND: POST /session/8f546a329179e62e8dd183950a75cae5/element - {"using":"xpath","value":"//*[@id=\"backBtn\"]"}
RESULT: {"using":"xpath","value":"//*[@id=\"backBtn\"]"}
COMMAND: POST /session/8f546a329179e62e8dd183950a75cae5/element/f.8CC9874A552313B3A8E13A8A50D78772.d.4125CFCA2CB9BBB3C23D429177129813.e.5813/click - {}
RESULT: {}
COMMAND: GET /session/8f546a329179e62e8dd183950a75cae5/screenshot - {}
RESULT: {}
]]></system-out>
    </testcase>
    <testcase classname="chrome.136_0_7103_93.windows.Sanity_Tests_US104253" name="Should open Schedule Jobs page" time="36.837">
      <system-out><![CDATA[
COMMAND: POST /session/8f546a329179e62e8dd183950a75cae5/execute/async - {"script":"<script> [1562 bytes]","args":[{"selector":{"controlType":"sap.m.GenericTile","properties":{"header":"Schedule Jobs"}},"wdio_ui5_key":"sapm.GenericTile{\"header\":\"Schedule Jobs\"}"}]}
RESULT: {"script":"<script> [1562 bytes]","args":[{"selector":{"controlType":"sap.m.GenericTile","properties":{"header":"Schedule Jobs"}},"wdio_ui5_key":"sapm.GenericTile{\"header\":\"Schedule Jobs\"}"}]}
RESULT: undefined
COMMAND: POST /session/8f546a329179e62e8dd183950a75cae5/element - {"using":"xpath","value":"//*[@id=\"__tile127\"]"}
RESULT: {"using":"xpath","value":"//*[@id=\"__tile127\"]"}
COMMAND: POST /session/8f546a329179e62e8dd183950a75cae5/element/f.8CC9874A552313B3A8E13A8A50D78772.d.4125CFCA2CB9BBB3C23D429177129813.e.5817/click - {}
RESULT: {}
COMMAND: GET /session/8f546a329179e62e8dd183950a75cae5/screenshot - {}
RESULT: {}
COMMAND: POST /session/8f546a329179e62e8dd183950a75cae5/elements - {"using":"xpath","value":"//span[text()='Error']"}
RESULT: {"using":"xpath","value":"//span[text()='Error']"}
RESULT: undefined
COMMAND: POST /session/8f546a329179e62e8dd183950a75cae5/element - {"using":"xpath","value":"//*[@id=\"__tile127\"]"}
RESULT: {"using":"xpath","value":"//*[@id=\"__tile127\"]"}
COMMAND: POST /session/8f546a329179e62e8dd183950a75cae5/element/f.8CC9874A552313B3A8E13A8A50D78772.d.4125CFCA2CB9BBB3C23D429177129813.e.5817/click - {}
RESULT: undefined
COMMAND: POST /session/8f546a329179e62e8dd183950a75cae5/element - {"using":"xpath","value":"//*[@id=\"__tile127\"]"}
RESULT: {"using":"xpath","value":"//*[@id=\"__tile127\"]"}
COMMAND: POST /session/8f546a329179e62e8dd183950a75cae5/element/f.8CC9874A552313B3A8E13A8A50D78772.d.4125CFCA2CB9BBB3C23D429177129813.e.5817/click - {}
RESULT: undefined
COMMAND: POST /session/8f546a329179e62e8dd183950a75cae5/execute/async - {"script":"<script> [6424 bytes]","args":[{"element-6066-11e4-a52e-4f735466cecf":"f.8CC9874A552313B3A8E13A8A50D78772.d.4125CFCA2CB9BBB3C23D429177129813.e.286"},"getTitle",[]]}
COMMAND: POST /session/8f546a329179e62e8dd183950a75cae5/execute/async - {"script":"<script> [1562 bytes]","args":[{"selector":{"id":"shellAppTitle"},"wdio_ui5_key":"shellAppTitle"}]}
RESULT: {"script":"<script> [1562 bytes]","args":[{"selector":{"id":"shellAppTitle"},"wdio_ui5_key":"shellAppTitle"}]}
COMMAND: POST /session/8f546a329179e62e8dd183950a75cae5/execute/async - {"script":"<script> [6424 bytes]","args":[{"element-6066-11e4-a52e-4f735466cecf":"f.8CC9874A552313B3A8E13A8A50D78772.d.4125CFCA2CB9BBB3C23D429177129813.e.5864"},"getTitle",[]]}
RESULT: {"script":"<script> [6424 bytes]","args":[{"element-6066-11e4-a52e-4f735466cecf":"f.8CC9874A552313B3A8E13A8A50D78772.d.4125CFCA2CB9BBB3C23D429177129813.e.5864"},"getTitle",[]]}
RESULT: undefined
COMMAND: POST /session/8f546a329179e62e8dd183950a75cae5/element/f.8CC9874A552313B3A8E13A8A50D78772.d.4125CFCA2CB9BBB3C23D429177129813.e.5813/click - {}
COMMAND: POST /session/8f546a329179e62e8dd183950a75cae5/element/f.8CC9874A552313B3A8E13A8A50D78772.d.4125CFCA2CB9BBB3C23D429177129813.e.5813/click - {}
RESULT: {}
COMMAND: GET /session/8f546a329179e62e8dd183950a75cae5/screenshot - {}
COMMAND: POST /session/8f546a329179e62e8dd183950a75cae5/element - {"using":"xpath","value":"//*[@id=\"backBtn\"]"}
RESULT: {}
RESULT: {"using":"xpath","value":"//*[@id=\"backBtn\"]"}
COMMAND: POST /session/8f546a329179e62e8dd183950a75cae5/elements - {"using":"xpath","value":"//*[@id=\"backBtn\"]"}
RESULT: {"using":"xpath","value":"//*[@id=\"backBtn\"]"}
COMMAND: POST /session/8f546a329179e62e8dd183950a75cae5/elements - {"using":"xpath","value":"//*[@id=\"backBtn\"]"}
RESULT: {"using":"xpath","value":"//*[@id=\"backBtn\"]"}
COMMAND: POST /session/8f546a329179e62e8dd183950a75cae5/elements - {"using":"xpath","value":"//*[@id=\"backBtn\"]"}
RESULT: {"using":"xpath","value":"//*[@id=\"backBtn\"]"}
COMMAND: POST /session/8f546a329179e62e8dd183950a75cae5/elements - {"using":"xpath","value":"//*[@id=\"backBtn\"]"}
RESULT: {"using":"xpath","value":"//*[@id=\"backBtn\"]"}
COMMAND: POST /session/8f546a329179e62e8dd183950a75cae5/elements - {"using":"xpath","value":"//*[@id=\"backBtn\"]"}
RESULT: {"using":"xpath","value":"//*[@id=\"backBtn\"]"}
COMMAND: POST /session/8f546a329179e62e8dd183950a75cae5/elements - {"using":"xpath","value":"//*[@id=\"backBtn\"]"}
RESULT: {"using":"xpath","value":"//*[@id=\"backBtn\"]"}
COMMAND: POST /session/8f546a329179e62e8dd183950a75cae5/elements - {"using":"xpath","value":"//*[@id=\"backBtn\"]"}
RESULT: {"using":"xpath","value":"//*[@id=\"backBtn\"]"}
COMMAND: POST /session/8f546a329179e62e8dd183950a75cae5/elements - {"using":"xpath","value":"//*[@id=\"backBtn\"]"}
RESULT: {"using":"xpath","value":"//*[@id=\"backBtn\"]"}
COMMAND: POST /session/8f546a329179e62e8dd183950a75cae5/elements - {"using":"xpath","value":"//*[@id=\"backBtn\"]"}
RESULT: {"using":"xpath","value":"//*[@id=\"backBtn\"]"}
COMMAND: POST /session/8f546a329179e62e8dd183950a75cae5/elements - {"using":"xpath","value":"//*[@id=\"backBtn\"]"}
RESULT: {"using":"xpath","value":"//*[@id=\"backBtn\"]"}
COMMAND: POST /session/8f546a329179e62e8dd183950a75cae5/elements - {"using":"xpath","value":"//*[@id=\"backBtn\"]"}
RESULT: {"using":"xpath","value":"//*[@id=\"backBtn\"]"}
COMMAND: POST /session/8f546a329179e62e8dd183950a75cae5/elements - {"using":"xpath","value":"//*[@id=\"backBtn\"]"}
RESULT: {"using":"xpath","value":"//*[@id=\"backBtn\"]"}
COMMAND: POST /session/8f546a329179e62e8dd183950a75cae5/elements - {"using":"xpath","value":"//*[@id=\"backBtn\"]"}
RESULT: {"using":"xpath","value":"//*[@id=\"backBtn\"]"}
COMMAND: POST /session/8f546a329179e62e8dd183950a75cae5/elements - {"using":"xpath","value":"//*[@id=\"backBtn\"]"}
RESULT: {"using":"xpath","value":"//*[@id=\"backBtn\"]"}
COMMAND: POST /session/8f546a329179e62e8dd183950a75cae5/elements - {"using":"xpath","value":"//*[@id=\"backBtn\"]"}
RESULT: {"using":"xpath","value":"//*[@id=\"backBtn\"]"}
COMMAND: POST /session/8f546a329179e62e8dd183950a75cae5/elements - {"using":"xpath","value":"//*[@id=\"backBtn\"]"}
RESULT: {"using":"xpath","value":"//*[@id=\"backBtn\"]"}
COMMAND: POST /session/8f546a329179e62e8dd183950a75cae5/elements - {"using":"xpath","value":"//*[@id=\"backBtn\"]"}
RESULT: {"using":"xpath","value":"//*[@id=\"backBtn\"]"}
COMMAND: POST /session/8f546a329179e62e8dd183950a75cae5/elements - {"using":"xpath","value":"//*[@id=\"backBtn\"]"}
RESULT: {"using":"xpath","value":"//*[@id=\"backBtn\"]"}
COMMAND: POST /session/8f546a329179e62e8dd183950a75cae5/elements - {"using":"xpath","value":"//*[@id=\"backBtn\"]"}
RESULT: {"using":"xpath","value":"//*[@id=\"backBtn\"]"}
]]></system-out>
    </testcase>
    <testcase classname="chrome.136_0_7103_93.windows.Sanity_Tests_US104253" name="Should open Jobs Setup page" time="36.964">
      <system-out><![CDATA[
COMMAND: POST /session/8f546a329179e62e8dd183950a75cae5/execute/async - {"script":"<script> [1562 bytes]","args":[{"selector":{"controlType":"sap.m.GenericTile","properties":{"header":"Jobs Setup"}},"wdio_ui5_key":"sapm.GenericTile{\"header\":\"Jobs Setup\"}"}]}
COMMAND: POST /session/8f546a329179e62e8dd183950a75cae5/elements - {"using":"xpath","value":"//*[@id=\"backBtn\"]"}
RESULT: {"script":"<script> [1562 bytes]","args":[{"selector":{"controlType":"sap.m.GenericTile","properties":{"header":"Jobs Setup"}},"wdio_ui5_key":"sapm.GenericTile{\"header\":\"Jobs Setup\"}"}]}
RESULT: undefined
COMMAND: POST /session/8f546a329179e62e8dd183950a75cae5/element - {"using":"xpath","value":"//*[@id=\"__tile128\"]"}
RESULT: {"using":"xpath","value":"//*[@id=\"backBtn\"]"}
RESULT: {"using":"xpath","value":"//*[@id=\"__tile128\"]"}
COMMAND: POST /session/8f546a329179e62e8dd183950a75cae5/element/f.8CC9874A552313B3A8E13A8A50D78772.d.4125CFCA2CB9BBB3C23D429177129813.e.5866/click - {}
COMMAND: POST /session/8f546a329179e62e8dd183950a75cae5/elements - {"using":"xpath","value":"//*[@id=\"backBtn\"]"}
RESULT: {}
COMMAND: GET /session/8f546a329179e62e8dd183950a75cae5/screenshot - {}
RESULT: {"using":"xpath","value":"//*[@id=\"backBtn\"]"}
COMMAND: POST /session/8f546a329179e62e8dd183950a75cae5/elements - {"using":"xpath","value":"//*[@id=\"backBtn\"]"}
RESULT: {}
RESULT: {"using":"xpath","value":"//*[@id=\"backBtn\"]"}
COMMAND: POST /session/8f546a329179e62e8dd183950a75cae5/element - {"using":"xpath","value":"//*[@id=\"backBtn\"]"}
RESULT: {"using":"xpath","value":"//*[@id=\"backBtn\"]"}
COMMAND: POST /session/8f546a329179e62e8dd183950a75cae5/element/f.8CC9874A552313B3A8E13A8A50D78772.d.4125CFCA2CB9BBB3C23D429177129813.e.5813/click - {}
COMMAND: POST /session/8f546a329179e62e8dd183950a75cae5/element - {"using":"xpath","value":"//*[@id=\"backBtn\"]"}
RESULT: {"using":"xpath","value":"//*[@id=\"backBtn\"]"}
COMMAND: POST /session/8f546a329179e62e8dd183950a75cae5/element/f.8CC9874A552313B3A8E13A8A50D78772.d.4125CFCA2CB9BBB3C23D429177129813.e.6060/click - {}
RESULT: {}
COMMAND: GET /session/8f546a329179e62e8dd183950a75cae5/screenshot - {}
RESULT: {}
COMMAND: POST /session/8f546a329179e62e8dd183950a75cae5/elements - {"using":"xpath","value":"//span[text()='Error']"}
RESULT: {"using":"xpath","value":"//span[text()='Error']"}
RESULT: undefined
COMMAND: POST /session/8f546a329179e62e8dd183950a75cae5/element - {"using":"xpath","value":"//*[@id=\"__tile128\"]"}
RESULT: {"using":"xpath","value":"//*[@id=\"__tile128\"]"}
COMMAND: POST /session/8f546a329179e62e8dd183950a75cae5/element/f.8CC9874A552313B3A8E13A8A50D78772.d.4125CFCA2CB9BBB3C23D429177129813.e.5866/click - {}
RESULT: undefined
COMMAND: POST /session/8f546a329179e62e8dd183950a75cae5/element - {"using":"xpath","value":"//*[@id=\"__tile128\"]"}
RESULT: {"using":"xpath","value":"//*[@id=\"__tile128\"]"}
COMMAND: POST /session/8f546a329179e62e8dd183950a75cae5/element/f.8CC9874A552313B3A8E13A8A50D78772.d.4125CFCA2CB9BBB3C23D429177129813.e.5866/click - {}
RESULT: undefined
COMMAND: POST /session/8f546a329179e62e8dd183950a75cae5/execute/async - {"script":"<script> [6424 bytes]","args":[{"element-6066-11e4-a52e-4f735466cecf":"f.8CC9874A552313B3A8E13A8A50D78772.d.4125CFCA2CB9BBB3C23D429177129813.e.286"},"getTitle",[]]}
COMMAND: POST /session/8f546a329179e62e8dd183950a75cae5/execute/async - {"script":"<script> [1562 bytes]","args":[{"selector":{"id":"shellAppTitle"},"wdio_ui5_key":"shellAppTitle"}]}
RESULT: {"script":"<script> [1562 bytes]","args":[{"selector":{"id":"shellAppTitle"},"wdio_ui5_key":"shellAppTitle"}]}
COMMAND: POST /session/8f546a329179e62e8dd183950a75cae5/execute/async - {"script":"<script> [6424 bytes]","args":[{"element-6066-11e4-a52e-4f735466cecf":"f.8CC9874A552313B3A8E13A8A50D78772.d.4125CFCA2CB9BBB3C23D429177129813.e.6061"},"getTitle",[]]}
RESULT: {"script":"<script> [6424 bytes]","args":[{"element-6066-11e4-a52e-4f735466cecf":"f.8CC9874A552313B3A8E13A8A50D78772.d.4125CFCA2CB9BBB3C23D429177129813.e.6061"},"getTitle",[]]}
RESULT: undefined
COMMAND: POST /session/8f546a329179e62e8dd183950a75cae5/element/f.8CC9874A552313B3A8E13A8A50D78772.d.4125CFCA2CB9BBB3C23D429177129813.e.6060/click - {}
COMMAND: POST /session/8f546a329179e62e8dd183950a75cae5/element/f.8CC9874A552313B3A8E13A8A50D78772.d.4125CFCA2CB9BBB3C23D429177129813.e.6060/click - {}
RESULT: {}
COMMAND: GET /session/8f546a329179e62e8dd183950a75cae5/screenshot - {}
RESULT: {}
COMMAND: GET /session/8f546a329179e62e8dd183950a75cae5/screenshot - {}
RESULT: {}
RESULT: {}
]]></system-out>
    </testcase>
    <testcase classname="chrome.136_0_7103_93.windows.Sanity_Tests_US104253" name="Should open Target Systems Configuration page" time="36.965">
      <system-out><![CDATA[
COMMAND: POST /session/8f546a329179e62e8dd183950a75cae5/execute/async - {"script":"<script> [1562 bytes]","args":[{"selector":{"controlType":"sap.m.GenericTile","properties":{"header":"Target Systems Configuration"}},"wdio_ui5_key":"sapm.GenericTile{\"header\":\"Target Systems Configuration\"}"}]}
RESULT: {"script":"<script> [1562 bytes]","args":[{"selector":{"controlType":"sap.m.GenericTile","properties":{"header":"Target Systems Configuration"}},"wdio_ui5_key":"sapm.GenericTile{\"header\":\"Target Systems Configuration\"}"}]}
RESULT: undefined
COMMAND: POST /session/8f546a329179e62e8dd183950a75cae5/element - {"using":"xpath","value":"//*[@id=\"__tile129\"]"}
RESULT: {"using":"xpath","value":"//*[@id=\"__tile129\"]"}
COMMAND: POST /session/8f546a329179e62e8dd183950a75cae5/element/f.8CC9874A552313B3A8E13A8A50D78772.d.4125CFCA2CB9BBB3C23D429177129813.e.6063/click - {}
RESULT: {}
COMMAND: GET /session/8f546a329179e62e8dd183950a75cae5/screenshot - {}
RESULT: {}
COMMAND: POST /session/8f546a329179e62e8dd183950a75cae5/elements - {"using":"xpath","value":"//span[text()='Error']"}
RESULT: {"using":"xpath","value":"//span[text()='Error']"}
RESULT: undefined
COMMAND: POST /session/8f546a329179e62e8dd183950a75cae5/element - {"using":"xpath","value":"//*[@id=\"__tile129\"]"}
RESULT: {"using":"xpath","value":"//*[@id=\"__tile129\"]"}
COMMAND: POST /session/8f546a329179e62e8dd183950a75cae5/element/f.8CC9874A552313B3A8E13A8A50D78772.d.4125CFCA2CB9BBB3C23D429177129813.e.6063/click - {}
RESULT: undefined
COMMAND: POST /session/8f546a329179e62e8dd183950a75cae5/element - {"using":"xpath","value":"//*[@id=\"__tile129\"]"}
RESULT: {"using":"xpath","value":"//*[@id=\"__tile129\"]"}
COMMAND: POST /session/8f546a329179e62e8dd183950a75cae5/element/f.8CC9874A552313B3A8E13A8A50D78772.d.4125CFCA2CB9BBB3C23D429177129813.e.6063/click - {}
RESULT: undefined
COMMAND: POST /session/8f546a329179e62e8dd183950a75cae5/execute/async - {"script":"<script> [6424 bytes]","args":[{"element-6066-11e4-a52e-4f735466cecf":"f.8CC9874A552313B3A8E13A8A50D78772.d.4125CFCA2CB9BBB3C23D429177129813.e.286"},"getTitle",[]]}
COMMAND: POST /session/8f546a329179e62e8dd183950a75cae5/execute/async - {"script":"<script> [1562 bytes]","args":[{"selector":{"id":"shellAppTitle"},"wdio_ui5_key":"shellAppTitle"}]}
RESULT: {"script":"<script> [1562 bytes]","args":[{"selector":{"id":"shellAppTitle"},"wdio_ui5_key":"shellAppTitle"}]}
COMMAND: POST /session/8f546a329179e62e8dd183950a75cae5/execute/async - {"script":"<script> [6424 bytes]","args":[{"element-6066-11e4-a52e-4f735466cecf":"f.8CC9874A552313B3A8E13A8A50D78772.d.4125CFCA2CB9BBB3C23D429177129813.e.6139"},"getTitle",[]]}
RESULT: {"script":"<script> [6424 bytes]","args":[{"element-6066-11e4-a52e-4f735466cecf":"f.8CC9874A552313B3A8E13A8A50D78772.d.4125CFCA2CB9BBB3C23D429177129813.e.6139"},"getTitle",[]]}
RESULT: undefined
COMMAND: POST /session/8f546a329179e62e8dd183950a75cae5/element/f.8CC9874A552313B3A8E13A8A50D78772.d.4125CFCA2CB9BBB3C23D429177129813.e.6060/click - {}
COMMAND: POST /session/8f546a329179e62e8dd183950a75cae5/element/f.8CC9874A552313B3A8E13A8A50D78772.d.4125CFCA2CB9BBB3C23D429177129813.e.6060/click - {}
RESULT: {}
COMMAND: GET /session/8f546a329179e62e8dd183950a75cae5/screenshot - {}
COMMAND: POST /session/8f546a329179e62e8dd183950a75cae5/element - {"using":"xpath","value":"//*[@id=\"backBtn\"]"}
RESULT: {}
RESULT: {"using":"xpath","value":"//*[@id=\"backBtn\"]"}
COMMAND: POST /session/8f546a329179e62e8dd183950a75cae5/elements - {"using":"xpath","value":"//*[@id=\"backBtn\"]"}
RESULT: {"using":"xpath","value":"//*[@id=\"backBtn\"]"}
COMMAND: POST /session/8f546a329179e62e8dd183950a75cae5/elements - {"using":"xpath","value":"//*[@id=\"backBtn\"]"}
RESULT: {"using":"xpath","value":"//*[@id=\"backBtn\"]"}
COMMAND: POST /session/8f546a329179e62e8dd183950a75cae5/elements - {"using":"xpath","value":"//*[@id=\"backBtn\"]"}
RESULT: {"using":"xpath","value":"//*[@id=\"backBtn\"]"}
COMMAND: POST /session/8f546a329179e62e8dd183950a75cae5/elements - {"using":"xpath","value":"//*[@id=\"backBtn\"]"}
RESULT: {"using":"xpath","value":"//*[@id=\"backBtn\"]"}
COMMAND: POST /session/8f546a329179e62e8dd183950a75cae5/elements - {"using":"xpath","value":"//*[@id=\"backBtn\"]"}
RESULT: {"using":"xpath","value":"//*[@id=\"backBtn\"]"}
COMMAND: POST /session/8f546a329179e62e8dd183950a75cae5/elements - {"using":"xpath","value":"//*[@id=\"backBtn\"]"}
RESULT: {"using":"xpath","value":"//*[@id=\"backBtn\"]"}
COMMAND: POST /session/8f546a329179e62e8dd183950a75cae5/elements - {"using":"xpath","value":"//*[@id=\"backBtn\"]"}
RESULT: {"using":"xpath","value":"//*[@id=\"backBtn\"]"}
COMMAND: POST /session/8f546a329179e62e8dd183950a75cae5/elements - {"using":"xpath","value":"//*[@id=\"backBtn\"]"}
RESULT: {"using":"xpath","value":"//*[@id=\"backBtn\"]"}
COMMAND: POST /session/8f546a329179e62e8dd183950a75cae5/elements - {"using":"xpath","value":"//*[@id=\"backBtn\"]"}
RESULT: {"using":"xpath","value":"//*[@id=\"backBtn\"]"}
COMMAND: POST /session/8f546a329179e62e8dd183950a75cae5/elements - {"using":"xpath","value":"//*[@id=\"backBtn\"]"}
RESULT: {"using":"xpath","value":"//*[@id=\"backBtn\"]"}
COMMAND: POST /session/8f546a329179e62e8dd183950a75cae5/elements - {"using":"xpath","value":"//*[@id=\"backBtn\"]"}
RESULT: {"using":"xpath","value":"//*[@id=\"backBtn\"]"}
COMMAND: POST /session/8f546a329179e62e8dd183950a75cae5/elements - {"using":"xpath","value":"//*[@id=\"backBtn\"]"}
RESULT: {"using":"xpath","value":"//*[@id=\"backBtn\"]"}
COMMAND: POST /session/8f546a329179e62e8dd183950a75cae5/elements - {"using":"xpath","value":"//*[@id=\"backBtn\"]"}
RESULT: {"using":"xpath","value":"//*[@id=\"backBtn\"]"}
COMMAND: POST /session/8f546a329179e62e8dd183950a75cae5/elements - {"using":"xpath","value":"//*[@id=\"backBtn\"]"}
RESULT: {"using":"xpath","value":"//*[@id=\"backBtn\"]"}
COMMAND: POST /session/8f546a329179e62e8dd183950a75cae5/elements - {"using":"xpath","value":"//*[@id=\"backBtn\"]"}
RESULT: {"using":"xpath","value":"//*[@id=\"backBtn\"]"}
COMMAND: POST /session/8f546a329179e62e8dd183950a75cae5/elements - {"using":"xpath","value":"//*[@id=\"backBtn\"]"}
RESULT: {"using":"xpath","value":"//*[@id=\"backBtn\"]"}
COMMAND: POST /session/8f546a329179e62e8dd183950a75cae5/elements - {"using":"xpath","value":"//*[@id=\"backBtn\"]"}
RESULT: {"using":"xpath","value":"//*[@id=\"backBtn\"]"}
COMMAND: POST /session/8f546a329179e62e8dd183950a75cae5/elements - {"using":"xpath","value":"//*[@id=\"backBtn\"]"}
RESULT: {"using":"xpath","value":"//*[@id=\"backBtn\"]"}
COMMAND: POST /session/8f546a329179e62e8dd183950a75cae5/elements - {"using":"xpath","value":"//*[@id=\"backBtn\"]"}
RESULT: {"using":"xpath","value":"//*[@id=\"backBtn\"]"}
COMMAND: POST /session/8f546a329179e62e8dd183950a75cae5/elements - {"using":"xpath","value":"//*[@id=\"backBtn\"]"}
RESULT: {"using":"xpath","value":"//*[@id=\"backBtn\"]"}
COMMAND: POST /session/8f546a329179e62e8dd183950a75cae5/elements - {"using":"xpath","value":"//*[@id=\"backBtn\"]"}
RESULT: {"using":"xpath","value":"//*[@id=\"backBtn\"]"}
COMMAND: POST /session/8f546a329179e62e8dd183950a75cae5/elements - {"using":"xpath","value":"//*[@id=\"backBtn\"]"}
RESULT: {"using":"xpath","value":"//*[@id=\"backBtn\"]"}
COMMAND: POST /session/8f546a329179e62e8dd183950a75cae5/elements - {"using":"xpath","value":"//*[@id=\"backBtn\"]"}
RESULT: {"using":"xpath","value":"//*[@id=\"backBtn\"]"}
COMMAND: POST /session/8f546a329179e62e8dd183950a75cae5/elements - {"using":"xpath","value":"//*[@id=\"backBtn\"]"}
RESULT: {"using":"xpath","value":"//*[@id=\"backBtn\"]"}
COMMAND: POST /session/8f546a329179e62e8dd183950a75cae5/elements - {"using":"xpath","value":"//*[@id=\"backBtn\"]"}
RESULT: {"using":"xpath","value":"//*[@id=\"backBtn\"]"}
COMMAND: POST /session/8f546a329179e62e8dd183950a75cae5/elements - {"using":"xpath","value":"//*[@id=\"backBtn\"]"}
RESULT: {"using":"xpath","value":"//*[@id=\"backBtn\"]"}
COMMAND: POST /session/8f546a329179e62e8dd183950a75cae5/elements - {"using":"xpath","value":"//*[@id=\"backBtn\"]"}
RESULT: {"using":"xpath","value":"//*[@id=\"backBtn\"]"}
COMMAND: POST /session/8f546a329179e62e8dd183950a75cae5/elements - {"using":"xpath","value":"//*[@id=\"backBtn\"]"}
RESULT: {"using":"xpath","value":"//*[@id=\"backBtn\"]"}
COMMAND: POST /session/8f546a329179e62e8dd183950a75cae5/elements - {"using":"xpath","value":"//*[@id=\"backBtn\"]"}
RESULT: {"using":"xpath","value":"//*[@id=\"backBtn\"]"}
COMMAND: POST /session/8f546a329179e62e8dd183950a75cae5/elements - {"using":"xpath","value":"//*[@id=\"backBtn\"]"}
RESULT: {"using":"xpath","value":"//*[@id=\"backBtn\"]"}
COMMAND: POST /session/8f546a329179e62e8dd183950a75cae5/elements - {"using":"xpath","value":"//*[@id=\"backBtn\"]"}
RESULT: {"using":"xpath","value":"//*[@id=\"backBtn\"]"}
COMMAND: POST /session/8f546a329179e62e8dd183950a75cae5/elements - {"using":"xpath","value":"//*[@id=\"backBtn\"]"}
RESULT: {"using":"xpath","value":"//*[@id=\"backBtn\"]"}
COMMAND: POST /session/8f546a329179e62e8dd183950a75cae5/elements - {"using":"xpath","value":"//*[@id=\"backBtn\"]"}
RESULT: {"using":"xpath","value":"//*[@id=\"backBtn\"]"}
COMMAND: POST /session/8f546a329179e62e8dd183950a75cae5/elements - {"using":"xpath","value":"//*[@id=\"backBtn\"]"}
RESULT: {"using":"xpath","value":"//*[@id=\"backBtn\"]"}
COMMAND: POST /session/8f546a329179e62e8dd183950a75cae5/elements - {"using":"xpath","value":"//*[@id=\"backBtn\"]"}
RESULT: {"using":"xpath","value":"//*[@id=\"backBtn\"]"}
COMMAND: POST /session/8f546a329179e62e8dd183950a75cae5/elements - {"using":"xpath","value":"//*[@id=\"backBtn\"]"}
RESULT: {"using":"xpath","value":"//*[@id=\"backBtn\"]"}
COMMAND: POST /session/8f546a329179e62e8dd183950a75cae5/elements - {"using":"xpath","value":"//*[@id=\"backBtn\"]"}
RESULT: {"using":"xpath","value":"//*[@id=\"backBtn\"]"}
COMMAND: POST /session/8f546a329179e62e8dd183950a75cae5/elements - {"using":"xpath","value":"//*[@id=\"backBtn\"]"}
RESULT: {"using":"xpath","value":"//*[@id=\"backBtn\"]"}
COMMAND: POST /session/8f546a329179e62e8dd183950a75cae5/elements - {"using":"xpath","value":"//*[@id=\"backBtn\"]"}
RESULT: {"using":"xpath","value":"//*[@id=\"backBtn\"]"}
COMMAND: DELETE /session/8f546a329179e62e8dd183950a75cae5 - {}
RESULT: {}
]]></system-out>
    </testcase>
  </testsuite>
</testsuites>