<?xml version="1.0" encoding="UTF-8"?>
<testsuites tests="20" failures="0" errors="0" skipped="0">
  <testsuite timestamp="2025-05-08T05:36:48" time="53.603" tests="2" failures="0" errors="0" skipped="0">
    <properties>
      <property name="specId" value="0" />
      <property name="suiteName" value="Assign the user test user id to an address" />
      <property name="capabilities" value="chrome.136_0_7103_49.windows" />
      <property name="file" value="file:///D:/a/1/s/test/specs/R2C/assign-user-id-to-an-address.spec.js" />
    </properties>
    <testcase classname="chrome.136_0_7103_49.windows.Assign_the_user_test_user_id_to_an_address" name="Should search for test1ETM create only if not present" time="12.594">
      <system-out><![CDATA[
COMMAND: POST /session/9eb332d92fee3afc542bcceca92e7691/execute/async - {"script":"<script> [1562 bytes]","args":[{"selector":{"id":"application-addressmanagement-display-component---masterAdm--smartFilterBar-filterItemControl_BASIC-NAME-vhi"},"wdio_ui5_key":"applicationaddressmanagement-display-component---masterAdm--smartFilterBar-filterItemControl_BASIC-NAME-vhi"}]}
RESULT: {"script":"<script> [1562 bytes]","args":[{"selector":{"id":"application-addressmanagement-display-component---masterAdm--smartFilterBar-filterItemControl_BASIC-NAME-vhi"},"wdio_ui5_key":"applicationaddressmanagement-display-component---masterAdm--smartFilterBar-filterItemControl_BASIC-NAME-vhi"}]}
RESULT: undefined
COMMAND: POST /session/9eb332d92fee3afc542bcceca92e7691/element - {"using":"xpath","value":"//*[@id=\"application-addressmanagement-display-component---masterAdm--smartFilterBar-filterItemControl_BASIC-NAME-vhi\"]"}
RESULT: {"using":"xpath","value":"//*[@id=\"application-addressmanagement-display-component---masterAdm--smartFilterBar-filterItemControl_BASIC-NAME-vhi\"]"}
COMMAND: POST /session/9eb332d92fee3afc542bcceca92e7691/element/f.FB94101F77D2F5C7286D81464D13618E.d.05256D4B964C799498D5E8E95A97F669.e.192/click - {}
RESULT: {}
COMMAND: POST /session/9eb332d92fee3afc542bcceca92e7691/execute/async - {"script":"<script> [1562 bytes]","args":[{"selector":{"controlType":"sap.m.Input","viewName":"etm.portal.ui.addressmanagement.view.Master","viewId":"application-addressmanagement-display-component---masterAdm","properties":{"valueState":"None"},"searchOpenDialogs":true,"interaction":{"idSuffix":"inner"}},"wdio_ui5_key":"etmportal.ui.addressmanagement.view.Mastersap.m.Input{\"valueState\":\"None\"}"}]}
COMMAND: GET /session/9eb332d92fee3afc542bcceca92e7691/screenshot - {}
RESULT: {"script":"<script> [1562 bytes]","args":[{"selector":{"controlType":"sap.m.Input","viewName":"etm.portal.ui.addressmanagement.view.Master","viewId":"application-addressmanagement-display-component---masterAdm","properties":{"valueState":"None"},"searchOpenDialogs":true,"interaction":{"idSuffix":"inner"}},"wdio_ui5_key":"etmportal.ui.addressmanagement.view.Mastersap.m.Input{\"valueState\":\"None\"}"}]}
RESULT: undefined
COMMAND: POST /session/9eb332d92fee3afc542bcceca92e7691/execute/async - {"script":"<script> [776 bytes]","args":[{"enterText":"Test1ETM","selector":{"controlType":"sap.m.Input","viewName":"etm.portal.ui.addressmanagement.view.Master","viewId":"application-addressmanagement-display-component---masterAdm","properties":{"valueState":"None"},"searchOpenDialogs":true,"interaction":{"idSuffix":"inner"}},"clearTextFirst":true,"interactionType":"ENTER_TEXT"}]}
RESULT: {}
RESULT: {"script":"<script> [776 bytes]","args":[{"enterText":"Test1ETM","selector":{"controlType":"sap.m.Input","viewName":"etm.portal.ui.addressmanagement.view.Master","viewId":"application-addressmanagement-display-component---masterAdm","properties":{"valueState":"None"},"searchOpenDialogs":true,"interaction":{"idSuffix":"inner"}},"clearTextFirst":true,"interactionType":"ENTER_TEXT"}]}
COMMAND: POST /session/9eb332d92fee3afc542bcceca92e7691/actions - {"actions":[{"id":"action1","type":"key","parameters":{},"actions":[{"type":"keyDown","value":"î€‡"},{"type":"pause","duration":10},{"type":"keyUp","value":"î€‡"}]}]}
RESULT: {"actions":[{"id":"action1","type":"key","parameters":{},"actions":[{"type":"keyDown","value":"î€‡"},{"type":"pause","duration":10},{"type":"keyUp","value":"î€‡"}]}]}
COMMAND: POST /session/9eb332d92fee3afc542bcceca92e7691/execute/async - {"script":"<script> [1562 bytes]","args":[{"selector":{"id":"application-addressmanagement-display-component---masterAdm--smartFilterBar-filterItemControl_BASIC-NAME-valueHelpDialog-ok","searchOpenDialogs":true,"interaction":{"idSuffix":"BDI-content"}},"wdio_ui5_key":"applicationaddressmanagement-display-component---masterAdm--smartFilterBar-filterItemControl_BASIC-NAME-valueHelpDialog-ok"}]}
COMMAND: GET /session/9eb332d92fee3afc542bcceca92e7691/screenshot - {}
RESULT: {"script":"<script> [1562 bytes]","args":[{"selector":{"id":"application-addressmanagement-display-component---masterAdm--smartFilterBar-filterItemControl_BASIC-NAME-valueHelpDialog-ok","searchOpenDialogs":true,"interaction":{"idSuffix":"BDI-content"}},"wdio_ui5_key":"applicationaddressmanagement-display-component---masterAdm--smartFilterBar-filterItemControl_BASIC-NAME-valueHelpDialog-ok"}]}
RESULT: undefined
COMMAND: POST /session/9eb332d92fee3afc542bcceca92e7691/element - {"using":"xpath","value":"//*[@id=\"application-addressmanagement-display-component---masterAdm--smartFilterBar-filterItemControl_BASIC-NAME-valueHelpDialog-ok\"]"}
RESULT: {}
RESULT: {"using":"xpath","value":"//*[@id=\"application-addressmanagement-display-component---masterAdm--smartFilterBar-filterItemControl_BASIC-NAME-valueHelpDialog-ok\"]"}
COMMAND: POST /session/9eb332d92fee3afc542bcceca92e7691/element/f.FB94101F77D2F5C7286D81464D13618E.d.05256D4B964C799498D5E8E95A97F669.e.300/click - {}
RESULT: {}
COMMAND: GET /session/9eb332d92fee3afc542bcceca92e7691/screenshot - {}
RESULT: {}
COMMAND: POST /session/9eb332d92fee3afc542bcceca92e7691/element - {"using":"xpath","value":"(//span[text()=\"Active\"])[1]"}
RESULT: {"using":"xpath","value":"(//span[text()=\"Active\"])[1]"}
COMMAND: POST /session/9eb332d92fee3afc542bcceca92e7691/elements - {"using":"xpath","value":"(//span[text()=\"Active\"])[1]"}
RESULT: {"using":"xpath","value":"(//span[text()=\"Active\"])[1]"}
COMMAND: POST /session/9eb332d92fee3afc542bcceca92e7691/execute/sync - {"script":"<script> [8489 bytes]","args":[{"element-6066-11e4-a52e-4f735466cecf":"f.FB94101F77D2F5C7286D81464D13618E.d.05256D4B964C799498D5E8E95A97F669.e.314","ELEMENT":"f.FB94101F77D2F5C7286D81464D13618E.d.05256D4B964C799498D5E8E95A97F669.e.314"}]}
RESULT: {"script":"<script> [8489 bytes]","args":[{"element-6066-11e4-a52e-4f735466cecf":"f.FB94101F77D2F5C7286D81464D13618E.d.05256D4B964C799498D5E8E95A97F669.e.314","ELEMENT":"f.FB94101F77D2F5C7286D81464D13618E.d.05256D4B964C799498D5E8E95A97F669.e.314"}]}
COMMAND: POST /session/9eb332d92fee3afc542bcceca92e7691/execute/sync - {"script":"<script> [5351 bytes]","args":[{"element-6066-11e4-a52e-4f735466cecf":"f.FB94101F77D2F5C7286D81464D13618E.d.05256D4B964C799498D5E8E95A97F669.e.314","ELEMENT":"f.FB94101F77D2F5C7286D81464D13618E.d.05256D4B964C799498D5E8E95A97F669.e.314"}]}
COMMAND: GET /session/9eb332d92fee3afc542bcceca92e7691/screenshot - {}
RESULT: {"script":"<script> [5351 bytes]","args":[{"element-6066-11e4-a52e-4f735466cecf":"f.FB94101F77D2F5C7286D81464D13618E.d.05256D4B964C799498D5E8E95A97F669.e.314","ELEMENT":"f.FB94101F77D2F5C7286D81464D13618E.d.05256D4B964C799498D5E8E95A97F669.e.314"}]}
COMMAND: POST /session/9eb332d92fee3afc542bcceca92e7691/element/f.FB94101F77D2F5C7286D81464D13618E.d.05256D4B964C799498D5E8E95A97F669.e.314/click - {}
COMMAND: GET /session/9eb332d92fee3afc542bcceca92e7691/screenshot - {}
RESULT: {}
RESULT: {}
COMMAND: POST /session/9eb332d92fee3afc542bcceca92e7691/element - {"using":"xpath","value":"//span[@id=\"application-addressmanagement-display-component---detailAdm--addressDetailDetailsName1\"]"}
COMMAND: GET /session/9eb332d92fee3afc542bcceca92e7691/screenshot - {}
RESULT: {}
RESULT: {"using":"xpath","value":"//span[@id=\"application-addressmanagement-display-component---detailAdm--addressDetailDetailsName1\"]"}
COMMAND: POST /session/9eb332d92fee3afc542bcceca92e7691/execute/sync - {"script":"<script> [8489 bytes]","args":[{"element-6066-11e4-a52e-4f735466cecf":"f.FB94101F77D2F5C7286D81464D13618E.d.05256D4B964C799498D5E8E95A97F669.e.386","ELEMENT":"f.FB94101F77D2F5C7286D81464D13618E.d.05256D4B964C799498D5E8E95A97F669.e.386"}]}
RESULT: {}
RESULT: {"script":"<script> [8489 bytes]","args":[{"element-6066-11e4-a52e-4f735466cecf":"f.FB94101F77D2F5C7286D81464D13618E.d.05256D4B964C799498D5E8E95A97F669.e.386","ELEMENT":"f.FB94101F77D2F5C7286D81464D13618E.d.05256D4B964C799498D5E8E95A97F669.e.386"}]}
COMMAND: GET /session/9eb332d92fee3afc542bcceca92e7691/screenshot - {}
]]></system-out>
    </testcase>
    <testcase classname="chrome.136_0_7103_49.windows.Assign_the_user_test_user_id_to_an_address" name="Should edit the title of the created found address" time="10.472">
      <system-out><![CDATA[
COMMAND: POST /session/9eb332d92fee3afc542bcceca92e7691/execute/async - {"script":"<script> [1562 bytes]","args":[{"selector":{"controlType":"sap.m.Button","viewName":"etm.portal.ui.addressmanagement.view.Detail","viewId":"application-addressmanagement-display-component---detailAdm","i18NText":{"propertyName":"text","key":"edit"}},"wdio_ui5_key":"etmportal.ui.addressmanagement.view.Detailsap.m.Button{\"propertyName\":\"text\",\"key\":\"edit\"}"}]}
RESULT: {"script":"<script> [1562 bytes]","args":[{"selector":{"controlType":"sap.m.Button","viewName":"etm.portal.ui.addressmanagement.view.Detail","viewId":"application-addressmanagement-display-component---detailAdm","i18NText":{"propertyName":"text","key":"edit"}},"wdio_ui5_key":"etmportal.ui.addressmanagement.view.Detailsap.m.Button{\"propertyName\":\"text\",\"key\":\"edit\"}"}]}
RESULT: undefined
COMMAND: POST /session/9eb332d92fee3afc542bcceca92e7691/element - {"using":"xpath","value":"//*[@id=\"__button16\"]"}
RESULT: {}
RESULT: {"using":"xpath","value":"//*[@id=\"__button16\"]"}
COMMAND: POST /session/9eb332d92fee3afc542bcceca92e7691/element/f.FB94101F77D2F5C7286D81464D13618E.d.05256D4B964C799498D5E8E95A97F669.e.392/click - {}
RESULT: {}
COMMAND: POST /session/9eb332d92fee3afc542bcceca92e7691/execute/async - {"script":"<script> [1562 bytes]","args":[{"selector":{"controlType":"sap.ui.core.Icon","viewName":"etm.portal.ui.addressmanagement.view.EditDetail","properties":{"src":{"regex":{"source":"slim\\-arrow\\-down"}}},"ancestor":{"id":"addressTitle","viewName":"etm.portal.ui.addressmanagement.view.EditDetail"}},"wdio_ui5_key":"etmportal.ui.addressmanagement.view.EditDetailsap.ui.core.Icon{\"src\":{\"regex\":{\"source\":\"slim\\\\-arrow\\\\-down\"}}}{\"id\":\"addressTitle\",\"viewName\":\"etm.portal.ui.addressmanagement.view.EditDetail\"}"}]}
COMMAND: GET /session/9eb332d92fee3afc542bcceca92e7691/screenshot - {}
RESULT: {"script":"<script> [1562 bytes]","args":[{"selector":{"controlType":"sap.ui.core.Icon","viewName":"etm.portal.ui.addressmanagement.view.EditDetail","properties":{"src":{"regex":{"source":"slim\\-arrow\\-down"}}},"ancestor":{"id":"addressTitle","viewName":"etm.portal.ui.addressmanagement.view.EditDetail"}},"wdio_ui5_key":"etmportal.ui.addressmanagement.view.EditDetailsap.ui.core.Icon{\"src\":{\"regex\":{\"source\":\"slim\\\\-arrow\\\\-down\"}}}{\"id\":\"addressTitle\",\"viewName\":\"etm.portal.ui.addressmanagement.view.EditDetail\"}"}]}
RESULT: undefined
COMMAND: POST /session/9eb332d92fee3afc542bcceca92e7691/element - {"using":"xpath","value":"//*[@id=\"__xmlview58--addressTitle-arrow\"]"}
RESULT: {}
RESULT: {"using":"xpath","value":"//*[@id=\"__xmlview58--addressTitle-arrow\"]"}
COMMAND: POST /session/9eb332d92fee3afc542bcceca92e7691/element/f.FB94101F77D2F5C7286D81464D13618E.d.05256D4B964C799498D5E8E95A97F669.e.429/click - {}
RESULT: {}
COMMAND: POST /session/9eb332d92fee3afc542bcceca92e7691/execute/async - {"script":"<script> [1562 bytes]","args":[{"selector":{"controlType":"sap.m.StandardListItem","viewName":"etm.portal.ui.addressmanagement.view.EditDetail","properties":{"title":"Dr."},"searchOpenDialogs":true},"wdio_ui5_key":"etmportal.ui.addressmanagement.view.EditDetailsap.m.StandardListItem{\"title\":\"Dr.\"}"}]}
COMMAND: GET /session/9eb332d92fee3afc542bcceca92e7691/screenshot - {}
RESULT: {"script":"<script> [1562 bytes]","args":[{"selector":{"controlType":"sap.m.StandardListItem","viewName":"etm.portal.ui.addressmanagement.view.EditDetail","properties":{"title":"Dr."},"searchOpenDialogs":true},"wdio_ui5_key":"etmportal.ui.addressmanagement.view.EditDetailsap.m.StandardListItem{\"title\":\"Dr.\"}"}]}
RESULT: undefined
COMMAND: POST /session/9eb332d92fee3afc542bcceca92e7691/element - {"using":"xpath","value":"//*[@id=\"__item225\"]"}
RESULT: {}
RESULT: {"using":"xpath","value":"//*[@id=\"__item225\"]"}
COMMAND: POST /session/9eb332d92fee3afc542bcceca92e7691/element/f.FB94101F77D2F5C7286D81464D13618E.d.05256D4B964C799498D5E8E95A97F669.e.430/click - {}
RESULT: {}
COMMAND: POST /session/9eb332d92fee3afc542bcceca92e7691/execute/async - {"script":"<script> [1562 bytes]","args":[{"selector":{"controlType":"sap.m.Button","viewName":"etm.portal.ui.addressmanagement.view.EditDetail","i18NText":{"propertyName":"text","key":"save"}},"wdio_ui5_key":"etmportal.ui.addressmanagement.view.EditDetailsap.m.Button{\"propertyName\":\"text\",\"key\":\"save\"}"}]}
COMMAND: GET /session/9eb332d92fee3afc542bcceca92e7691/screenshot - {}
RESULT: {"script":"<script> [1562 bytes]","args":[{"selector":{"controlType":"sap.m.Button","viewName":"etm.portal.ui.addressmanagement.view.EditDetail","i18NText":{"propertyName":"text","key":"save"}},"wdio_ui5_key":"etmportal.ui.addressmanagement.view.EditDetailsap.m.Button{\"propertyName\":\"text\",\"key\":\"save\"}"}]}
RESULT: undefined
COMMAND: POST /session/9eb332d92fee3afc542bcceca92e7691/element - {"using":"xpath","value":"//*[@id=\"__button39\"]"}
RESULT: {}
RESULT: {"using":"xpath","value":"//*[@id=\"__button39\"]"}
COMMAND: POST /session/9eb332d92fee3afc542bcceca92e7691/element/f.FB94101F77D2F5C7286D81464D13618E.d.05256D4B964C799498D5E8E95A97F669.e.431/click - {}
RESULT: {}
COMMAND: GET /session/9eb332d92fee3afc542bcceca92e7691/screenshot - {}
RESULT: {}
COMMAND: POST /session/9eb332d92fee3afc542bcceca92e7691/element - {"using":"xpath","value":"//span[@id=\"application-addressmanagement-display-component---detailAdm--addressTitle\"]"}
RESULT: {"using":"xpath","value":"//span[@id=\"application-addressmanagement-display-component---detailAdm--addressTitle\"]"}
COMMAND: GET /session/9eb332d92fee3afc542bcceca92e7691/element/f.FB94101F77D2F5C7286D81464D13618E.d.05256D4B964C799498D5E8E95A97F669.e.436/text - {}
RESULT: {}
COMMAND: POST /session/9eb332d92fee3afc542bcceca92e7691/element - {"using":"xpath","value":"//span[@id=\"application-addressmanagement-display-component---detailAdm--addressDetailDetailsName1\"]"}
RESULT: {"using":"xpath","value":"//span[@id=\"application-addressmanagement-display-component---detailAdm--addressDetailDetailsName1\"]"}
COMMAND: GET /session/9eb332d92fee3afc542bcceca92e7691/element/f.FB94101F77D2F5C7286D81464D13618E.d.05256D4B964C799498D5E8E95A97F669.e.386/text - {}
RESULT: {}
COMMAND: POST /session/9eb332d92fee3afc542bcceca92e7691/refresh - {}
RESULT: {}
COMMAND: GET /session/9eb332d92fee3afc542bcceca92e7691/screenshot - {}
RESULT: {}
COMMAND: POST /session/9eb332d92fee3afc542bcceca92e7691/refresh - {}
RESULT: {}
COMMAND: GET /session/9eb332d92fee3afc542bcceca92e7691/screenshot - {}
RESULT: {}
COMMAND: POST /session/9eb332d92fee3afc542bcceca92e7691/window/fullscreen - {}
RESULT: {}
COMMAND: POST /session/9eb332d92fee3afc542bcceca92e7691/execute/async - {"script":"<script> [189 bytes]","args":[]}
RESULT: {"script":"<script> [189 bytes]","args":[]}
COMMAND: POST /session/9eb332d92fee3afc542bcceca92e7691/execute/async - {"script":"<script> [123 bytes]","args":[]}
RESULT: {"script":"<script> [123 bytes]","args":[]}
COMMAND: POST /session/9eb332d92fee3afc542bcceca92e7691/timeouts - {"script":"<number>"}
RESULT: {"script":"<number>"}
COMMAND: GET /session/9eb332d92fee3afc542bcceca92e7691/timeouts - {}
RESULT: {}
RESULT: undefined
COMMAND: POST /session/9eb332d92fee3afc542bcceca92e7691/execute/async - {"script":"<script> [2676 bytes]","args":[]}
RESULT: {"script":"<script> [2676 bytes]","args":[]}
COMMAND: POST /session/9eb332d92fee3afc542bcceca92e7691/execute/async - {"script":"<script> [2342 bytes]","args":[{"protocol":"http","hostname":"0.0.0.0","path":"/","capabilities":{"browserName":"chrome","goog:chromeOptions":{"binary":"C:\\Program Files\\Google\\Chrome\\Application\\chrome.exe","args":["--start-maximized"]}},"logLevel":"warn","connectionRetryTimeout":120000,"connectionRetryCount":3,"logLevels":{},"enableDirectConnect":true,"strictSSL":true,"_":"65 more keys: [\"cacheDir\",\"port\",\"requestedCapabilities\",\"automationProtocol\",\"baseUrl\",\"waitforInterval\",\"waitforTimeout\",\"onReload\",\"beforeCommand\",\"afterCommand\",\"rootDir\",\"specs\",\"suites\",\"exclude\",\"groupLogsByTestSpec\",\"excludeDriverLogs\",\"bail\",\"framework\",\"reporters\",\"services\",\"maxInstances\",\"maxInstancesPerCapability\",\"injectGlobals\",\"filesToWatch\",\"execArgv\",\"runnerEnv\",\"runner\",\"shard\",\"specFileRetries\",\"specFileRetriesDelay\",\"specFileRetriesDeferred\",\"reporterSyncInterval\",\"reporterSyncTimeout\",\"cucumberFeaturesWithLineNumbers\",\"autoCompileOpts\",\"mochaOpts\",\"jasmineOpts\",\"cucumberOpts\",\"onPrepare\",\"onWorkerStart\",\"onWorkerEnd\",\"before\",\"beforeSession\",\"beforeSuite\",\"beforeHook\",\"beforeTest\",\"afterTest\",\"afterHook\",\"afterSuite\",\"afterSession\",\"after\",\"onComplete\",\"beforeAssertion\",\"afterAssertion\",\"beforeFeature\",\"beforeScenario\",\"beforeStep\",\"afterStep\",\"afterScenario\",\"afterFeature\",\"_\",\"suite\",\"$0\",\"ignoredWorkerServices\",\"wdi5\"]"}]}
RESULT: {"script":"<script> [2342 bytes]","args":[{"protocol":"http","hostname":"0.0.0.0","path":"/","capabilities":{"browserName":"chrome","goog:chromeOptions":{"binary":"C:\\Program Files\\Google\\Chrome\\Application\\chrome.exe","args":["--start-maximized"]}},"logLevel":"warn","connectionRetryTimeout":120000,"connectionRetryCount":3,"logLevels":{},"enableDirectConnect":true,"strictSSL":true,"_":"65 more keys: [\"cacheDir\",\"port\",\"requestedCapabilities\",\"automationProtocol\",\"baseUrl\",\"waitforInterval\",\"waitforTimeout\",\"onReload\",\"beforeCommand\",\"afterCommand\",\"rootDir\",\"specs\",\"suites\",\"exclude\",\"groupLogsByTestSpec\",\"excludeDriverLogs\",\"bail\",\"framework\",\"reporters\",\"services\",\"maxInstances\",\"maxInstancesPerCapability\",\"injectGlobals\",\"filesToWatch\",\"execArgv\",\"runnerEnv\",\"runner\",\"shard\",\"specFileRetries\",\"specFileRetriesDelay\",\"specFileRetriesDeferred\",\"reporterSyncInterval\",\"reporterSyncTimeout\",\"cucumberFeaturesWithLineNumbers\",\"autoCompileOpts\",\"mochaOpts\",\"jasmineOpts\",\"cucumberOpts\",\"onPrepare\",\"onWorkerStart\",\"onWorkerEnd\",\"before\",\"beforeSession\",\"beforeSuite\",\"beforeHook\",\"beforeTest\",\"afterTest\",\"afterHook\",\"afterSuite\",\"afterSession\",\"after\",\"onComplete\",\"beforeAssertion\",\"afterAssertion\",\"beforeFeature\",\"beforeScenario\",\"beforeStep\",\"afterStep\",\"afterScenario\",\"afterFeature\",\"_\",\"suite\",\"$0\",\"ignoredWorkerServices\",\"wdi5\"]"}]}
COMMAND: POST /session/9eb332d92fee3afc542bcceca92e7691/execute/async - {"script":"<script> [21126 bytes]","args":[35000]}
RESULT: {"script":"<script> [21126 bytes]","args":[35000]}
COMMAND: POST /session/9eb332d92fee3afc542bcceca92e7691/element - {"using":"css selector","value":"#shell-header-logo"}
RESULT: {"using":"css selector","value":"#shell-header-logo"}
COMMAND: POST /session/9eb332d92fee3afc542bcceca92e7691/element/f.FB94101F77D2F5C7286D81464D13618E.d.C58CFD1950FDA0BD19F487A16D8FE0B0.e.668/click - {}
RESULT: {}
COMMAND: GET /session/9eb332d92fee3afc542bcceca92e7691/screenshot - {}
RESULT: {}
COMMAND: POST /session/9eb332d92fee3afc542bcceca92e7691/execute/async - {"script":"<script> [1562 bytes]","args":[{"selector":{"controlType":"sap.m.GenericTile","properties":{"header":"Manage Yards"}},"wdio_ui5_key":"sapm.GenericTile{\"header\":\"Manage Yards\"}"}]}
RESULT: {"script":"<script> [1562 bytes]","args":[{"selector":{"controlType":"sap.m.GenericTile","properties":{"header":"Manage Yards"}},"wdio_ui5_key":"sapm.GenericTile{\"header\":\"Manage Yards\"}"}]}
RESULT: undefined
COMMAND: POST /session/9eb332d92fee3afc542bcceca92e7691/element - {"using":"xpath","value":"//*[@id=\"__tile52\"]"}
RESULT: {"using":"xpath","value":"//*[@id=\"__tile52\"]"}
COMMAND: POST /session/9eb332d92fee3afc542bcceca92e7691/element/f.FB94101F77D2F5C7286D81464D13618E.d.C58CFD1950FDA0BD19F487A16D8FE0B0.e.916/click - {}
RESULT: {}
]]></system-out>
    </testcase>
  </testsuite>
  <testsuite timestamp="2025-05-08T05:37:42" time="246.134" tests="2" failures="0" errors="0" skipped="0">
    <properties>
      <property name="specId" value="0" />
      <property name="suiteName" value="Create 2 Yards US112496" />
      <property name="capabilities" value="chrome.136_0_7103_49.windows" />
      <property name="file" value="file:///D:/a/1/s/test/specs/R2C/create-yard.spec.js" />
    </properties>
    <testcase classname="chrome.136_0_7103_49.windows.Create_2_Yards_US112496" name="Should create a new simple yard" time="117.874">
      <system-out><![CDATA[
COMMAND: GET /session/9eb332d92fee3afc542bcceca92e7691/screenshot - {}
RESULT: {}
COMMAND: POST /session/9eb332d92fee3afc542bcceca92e7691/execute/async - {"script":"<script> [1562 bytes]","args":[{"selector":{"controlType":"sap.ui.core.Icon","viewName":"etm.portal.ui.manageyards.view.Master","viewId":"application-manageyards-display-component---masterYard","properties":{"src":{"regex":{"source":"add"}}}},"wdio_ui5_key":"etmportal.ui.manageyards.view.Mastersap.ui.core.Icon{\"src\":{\"regex\":{\"source\":\"add\"}}}"}]}
RESULT: {"script":"<script> [1562 bytes]","args":[{"selector":{"controlType":"sap.ui.core.Icon","viewName":"etm.portal.ui.manageyards.view.Master","viewId":"application-manageyards-display-component---masterYard","properties":{"src":{"regex":{"source":"add"}}}},"wdio_ui5_key":"etmportal.ui.manageyards.view.Mastersap.ui.core.Icon{\"src\":{\"regex\":{\"source\":\"add\"}}}"}]}
RESULT: undefined
COMMAND: POST /session/9eb332d92fee3afc542bcceca92e7691/element - {"using":"xpath","value":"//*[@id=\"__button25-img\"]"}
RESULT: {"using":"xpath","value":"//*[@id=\"__button25-img\"]"}
COMMAND: POST /session/9eb332d92fee3afc542bcceca92e7691/element/f.FB94101F77D2F5C7286D81464D13618E.d.C58CFD1950FDA0BD19F487A16D8FE0B0.e.961/click - {}
RESULT: {}
COMMAND: GET /session/9eb332d92fee3afc542bcceca92e7691/screenshot - {}
RESULT: {}
COMMAND: POST /session/9eb332d92fee3afc542bcceca92e7691/execute/async - {"script":"<script> [1562 bytes]","args":[{"selector":{"id":"application-manageyards-display-component---NewYard--yardId","interaction":{"idSuffix":"inner"}},"wdio_ui5_key":"applicationmanageyards-display-component---NewYard--yardId"}]}
RESULT: {"script":"<script> [1562 bytes]","args":[{"selector":{"id":"application-manageyards-display-component---NewYard--yardId","interaction":{"idSuffix":"inner"}},"wdio_ui5_key":"applicationmanageyards-display-component---NewYard--yardId"}]}
RESULT: undefined
COMMAND: POST /session/9eb332d92fee3afc542bcceca92e7691/element - {"using":"xpath","value":"//*[@id=\"application-manageyards-display-component---NewYard--addressDetailDetailsName1-inner\"]"}
RESULT: {"using":"xpath","value":"//*[@id=\"application-manageyards-display-component---NewYard--addressDetailDetailsName1-inner\"]"}
COMMAND: POST /session/9eb332d92fee3afc542bcceca92e7691/element/f.FB94101F77D2F5C7286D81464D13618E.d.C58CFD1950FDA0BD19F487A16D8FE0B0.e.1193/clear - {}
RESULT: {}
COMMAND: POST /session/9eb332d92fee3afc542bcceca92e7691/element/f.FB94101F77D2F5C7286D81464D13618E.d.C58CFD1950FDA0BD19F487A16D8FE0B0.e.1193/value - {"text":"Webdriver Yard 0q45e"}
COMMAND: GET /session/9eb332d92fee3afc542bcceca92e7691/screenshot - {}
RESULT: {"text":"Webdriver Yard 0q45e"}
COMMAND: POST /session/9eb332d92fee3afc542bcceca92e7691/element - {"using":"xpath","value":"//*[@id=\"application-manageyards-display-component---NewYard--addressDetailDetailsLanguage-inner\"]"}
COMMAND: GET /session/9eb332d92fee3afc542bcceca92e7691/screenshot - {}
RESULT: {}
RESULT: {"using":"xpath","value":"//*[@id=\"application-manageyards-display-component---NewYard--addressDetailDetailsLanguage-inner\"]"}
COMMAND: POST /session/9eb332d92fee3afc542bcceca92e7691/element/f.FB94101F77D2F5C7286D81464D13618E.d.C58CFD1950FDA0BD19F487A16D8FE0B0.e.1194/clear - {}
RESULT: {}
RESULT: {}
COMMAND: POST /session/9eb332d92fee3afc542bcceca92e7691/element/f.FB94101F77D2F5C7286D81464D13618E.d.C58CFD1950FDA0BD19F487A16D8FE0B0.e.1194/value - {"text":"Romanian"}
COMMAND: GET /session/9eb332d92fee3afc542bcceca92e7691/screenshot - {}
RESULT: {"text":"Romanian"}
COMMAND: GET /session/9eb332d92fee3afc542bcceca92e7691/screenshot - {}
RESULT: {}
RESULT: {}
COMMAND: POST /session/9eb332d92fee3afc542bcceca92e7691/element - {"using":"xpath","value":"//*[@id=\"application-manageyards-display-component---NewYard--addressDetailDetailsCity1-inner\"]"}
RESULT: {"using":"xpath","value":"//*[@id=\"application-manageyards-display-component---NewYard--addressDetailDetailsCity1-inner\"]"}
COMMAND: POST /session/9eb332d92fee3afc542bcceca92e7691/element/f.FB94101F77D2F5C7286D81464D13618E.d.C58CFD1950FDA0BD19F487A16D8FE0B0.e.1196/clear - {}
RESULT: {}
COMMAND: POST /session/9eb332d92fee3afc542bcceca92e7691/element/f.FB94101F77D2F5C7286D81464D13618E.d.C58CFD1950FDA0BD19F487A16D8FE0B0.e.1196/value - {"text":"Bucuresti"}
COMMAND: GET /session/9eb332d92fee3afc542bcceca92e7691/screenshot - {}
RESULT: {"text":"Bucuresti"}
COMMAND: GET /session/9eb332d92fee3afc542bcceca92e7691/screenshot - {}
RESULT: {}
RESULT: {}
COMMAND: POST /session/9eb332d92fee3afc542bcceca92e7691/element - {"using":"xpath","value":"//*[@id=\"application-manageyards-display-component---NewYard--addressDetailDetailsCountry-inner\"]"}
RESULT: {"using":"xpath","value":"//*[@id=\"application-manageyards-display-component---NewYard--addressDetailDetailsCountry-inner\"]"}
COMMAND: POST /session/9eb332d92fee3afc542bcceca92e7691/element/f.FB94101F77D2F5C7286D81464D13618E.d.C58CFD1950FDA0BD19F487A16D8FE0B0.e.1200/clear - {}
RESULT: {}
COMMAND: POST /session/9eb332d92fee3afc542bcceca92e7691/element/f.FB94101F77D2F5C7286D81464D13618E.d.C58CFD1950FDA0BD19F487A16D8FE0B0.e.1200/value - {"text":"Romania"}
COMMAND: GET /session/9eb332d92fee3afc542bcceca92e7691/screenshot - {}
RESULT: {"text":"Romania"}
COMMAND: GET /session/9eb332d92fee3afc542bcceca92e7691/screenshot - {}
RESULT: {}
RESULT: {}
COMMAND: POST /session/9eb332d92fee3afc542bcceca92e7691/element - {"using":"xpath","value":"//div[contains(text(), \"Commercial\")]"}
RESULT: {"using":"xpath","value":"//div[contains(text(), \"Commercial\")]"}
COMMAND: GET /session/9eb332d92fee3afc542bcceca92e7691/element/f.FB94101F77D2F5C7286D81464D13618E.d.C58CFD1950FDA0BD19F487A16D8FE0B0.e.1401/rect - {}
RESULT: {}
COMMAND: GET /session/9eb332d92fee3afc542bcceca92e7691/window/rect - {}
RESULT: {}
COMMAND: POST /session/9eb332d92fee3afc542bcceca92e7691/execute/sync - {"script":"<script> [92 bytes]","args":[]}
RESULT: {"script":"<script> [92 bytes]","args":[]}
COMMAND: POST /session/9eb332d92fee3afc542bcceca92e7691/actions - {"actions":[{"id":"action2","type":"wheel","parameters":{},"actions":[{"type":"scroll","x":-1825,"y":-44,"deltaX":0,"deltaY":0,"duration":0,"origin":{"element-6066-11e4-a52e-4f735466cecf":"f.FB94101F77D2F5C7286D81464D13618E.d.C58CFD1950FDA0BD19F487A16D8FE0B0.e.1401"}}]}]}
COMMAND: GET /session/9eb332d92fee3afc542bcceca92e7691/screenshot - {}
RESULT: {}
COMMAND: POST /session/9eb332d92fee3afc542bcceca92e7691/execute/sync - {"script":"<script> [79 bytes]","args":[{"element-6066-11e4-a52e-4f735466cecf":"f.FB94101F77D2F5C7286D81464D13618E.d.C58CFD1950FDA0BD19F487A16D8FE0B0.e.1401","ELEMENT":"f.FB94101F77D2F5C7286D81464D13618E.d.C58CFD1950FDA0BD19F487A16D8FE0B0.e.1401"},{"block":"start","inline":"nearest"}]}
RESULT: {"script":"<script> [79 bytes]","args":[{"element-6066-11e4-a52e-4f735466cecf":"f.FB94101F77D2F5C7286D81464D13618E.d.C58CFD1950FDA0BD19F487A16D8FE0B0.e.1401","ELEMENT":"f.FB94101F77D2F5C7286D81464D13618E.d.C58CFD1950FDA0BD19F487A16D8FE0B0.e.1401"},{"block":"start","inline":"nearest"}]}
COMMAND: GET /session/9eb332d92fee3afc542bcceca92e7691/screenshot - {}
RESULT: {}
COMMAND: POST /session/9eb332d92fee3afc542bcceca92e7691/element - {"using":"xpath","value":"//input[@id='application-manageyards-display-component---NewYard--addressEditDetailsCostObjectCstType-inner']"}
RESULT: {"using":"xpath","value":"//input[@id='application-manageyards-display-component---NewYard--addressEditDetailsCostObjectCstType-inner']"}
COMMAND: POST /session/9eb332d92fee3afc542bcceca92e7691/execute/sync - {"script":"<script> [8489 bytes]","args":[{"element-6066-11e4-a52e-4f735466cecf":"f.FB94101F77D2F5C7286D81464D13618E.d.C58CFD1950FDA0BD19F487A16D8FE0B0.e.1206","ELEMENT":"f.FB94101F77D2F5C7286D81464D13618E.d.C58CFD1950FDA0BD19F487A16D8FE0B0.e.1206"}]}
RESULT: {"script":"<script> [8489 bytes]","args":[{"element-6066-11e4-a52e-4f735466cecf":"f.FB94101F77D2F5C7286D81464D13618E.d.C58CFD1950FDA0BD19F487A16D8FE0B0.e.1206","ELEMENT":"f.FB94101F77D2F5C7286D81464D13618E.d.C58CFD1950FDA0BD19F487A16D8FE0B0.e.1206"}]}
COMMAND: POST /session/9eb332d92fee3afc542bcceca92e7691/element/f.FB94101F77D2F5C7286D81464D13618E.d.C58CFD1950FDA0BD19F487A16D8FE0B0.e.1206/clear - {}
COMMAND: GET /session/9eb332d92fee3afc542bcceca92e7691/screenshot - {}
RESULT: {}
COMMAND: POST /session/9eb332d92fee3afc542bcceca92e7691/element/f.FB94101F77D2F5C7286D81464D13618E.d.C58CFD1950FDA0BD19F487A16D8FE0B0.e.1206/value - {"text":"Cost"}
COMMAND: GET /session/9eb332d92fee3afc542bcceca92e7691/screenshot - {}
RESULT: {}
RESULT: {"text":"Cost"}
COMMAND: GET /session/9eb332d92fee3afc542bcceca92e7691/screenshot - {}
RESULT: {}
RESULT: {}
COMMAND: POST /session/9eb332d92fee3afc542bcceca92e7691/execute/async - {"script":"<script> [1562 bytes]","args":[{"selector":{"id":"application-manageyards-display-component---NewYard--addressNewCostObjectCstID","interaction":{"idSuffix":"inner"}},"wdio_ui5_key":"applicationmanageyards-display-component---NewYard--addressNewCostObjectCstID"}]}
RESULT: {"script":"<script> [1562 bytes]","args":[{"selector":{"id":"application-manageyards-display-component---NewYard--addressNewCostObjectCstID","interaction":{"idSuffix":"inner"}},"wdio_ui5_key":"applicationmanageyards-display-component---NewYard--addressNewCostObjectCstID"}]}
RESULT: undefined
COMMAND: POST /session/9eb332d92fee3afc542bcceca92e7691/execute/async - {"script":"<script> [776 bytes]","args":[{"enterText":"10001013","selector":{"id":"application-manageyards-display-component---NewYard--addressNewCostObjectCstID","interaction":{"idSuffix":"inner"}},"clearTextFirst":true,"interactionType":"ENTER_TEXT"}]}
RESULT: {"script":"<script> [776 bytes]","args":[{"enterText":"10001013","selector":{"id":"application-manageyards-display-component---NewYard--addressNewCostObjectCstID","interaction":{"idSuffix":"inner"}},"clearTextFirst":true,"interactionType":"ENTER_TEXT"}]}
COMMAND: POST /session/9eb332d92fee3afc542bcceca92e7691/actions - {"actions":[{"id":"action3","type":"key","parameters":{},"actions":[{"type":"keyDown","value":"î€‡"},{"type":"pause","duration":10},{"type":"keyUp","value":"î€‡"}]}]}
RESULT: {"actions":[{"id":"action3","type":"key","parameters":{},"actions":[{"type":"keyDown","value":"î€‡"},{"type":"pause","duration":10},{"type":"keyUp","value":"î€‡"}]}]}
COMMAND: GET /session/9eb332d92fee3afc542bcceca92e7691/screenshot - {}
RESULT: {}
COMMAND: POST /session/9eb332d92fee3afc542bcceca92e7691/execute/async - {"script":"<script> [1562 bytes]","args":[{"selector":{"controlType":"sap.m.Button","viewName":"etm.portal.ui.manageyards.view.New","viewId":"application-manageyards-display-component---NewYard","i18NText":{"propertyName":"text","key":"save"},"interaction":{"idSuffix":"inner"}},"wdio_ui5_key":"etmportal.ui.manageyards.view.Newsap.m.Button{\"propertyName\":\"text\",\"key\":\"save\"}"}]}
RESULT: {"script":"<script> [1562 bytes]","args":[{"selector":{"controlType":"sap.m.Button","viewName":"etm.portal.ui.manageyards.view.New","viewId":"application-manageyards-display-component---NewYard","i18NText":{"propertyName":"text","key":"save"},"interaction":{"idSuffix":"inner"}},"wdio_ui5_key":"etmportal.ui.manageyards.view.Newsap.m.Button{\"propertyName\":\"text\",\"key\":\"save\"}"}]}
RESULT: undefined
COMMAND: POST /session/9eb332d92fee3afc542bcceca92e7691/element - {"using":"xpath","value":"//*[@id=\"__button39\"]"}
RESULT: {"using":"xpath","value":"//*[@id=\"__button39\"]"}
COMMAND: POST /session/9eb332d92fee3afc542bcceca92e7691/element/f.FB94101F77D2F5C7286D81464D13618E.d.C58CFD1950FDA0BD19F487A16D8FE0B0.e.1362/click - {}
RESULT: {}
COMMAND: GET /session/9eb332d92fee3afc542bcceca92e7691/screenshot - {}
RESULT: {}
COMMAND: POST /session/9eb332d92fee3afc542bcceca92e7691/element - {"using":"xpath","value":"//header/div/div/div/div/div/div[2]/div/span"}
RESULT: {"using":"xpath","value":"//header/div/div/div/div/div/div[2]/div/span"}
COMMAND: GET /session/9eb332d92fee3afc542bcceca92e7691/element/f.FB94101F77D2F5C7286D81464D13618E.d.C58CFD1950FDA0BD19F487A16D8FE0B0.e.1622/text - {}
RESULT: {}
COMMAND: POST /session/9eb332d92fee3afc542bcceca92e7691/element - {"using":"xpath","value":"//header/div/div[2]/div[2]/span"}
RESULT: {"using":"xpath","value":"//header/div/div[2]/div[2]/span"}
COMMAND: GET /session/9eb332d92fee3afc542bcceca92e7691/element/f.FB94101F77D2F5C7286D81464D13618E.d.C58CFD1950FDA0BD19F487A16D8FE0B0.e.1623/text - {}
RESULT: {}
COMMAND: POST /session/9eb332d92fee3afc542bcceca92e7691/execute/async - {"script":"<script> [1562 bytes]","args":[{"selector":{"controlType":"sap.m.OverflowToolbarButton","viewName":"etm.portal.ui.manageyards.view.Detail","viewId":"application-manageyards-display-component---detailYard","i18NText":{"propertyName":"tooltip","key":"closeColumn"},"interaction":{"idSuffix":"inner"}},"wdio_ui5_key":"etmportal.ui.manageyards.view.Detailsap.m.OverflowToolbarButton{\"propertyName\":\"tooltip\",\"key\":\"closeColumn\"}"}]}
RESULT: {"script":"<script> [1562 bytes]","args":[{"selector":{"controlType":"sap.m.OverflowToolbarButton","viewName":"etm.portal.ui.manageyards.view.Detail","viewId":"application-manageyards-display-component---detailYard","i18NText":{"propertyName":"tooltip","key":"closeColumn"},"interaction":{"idSuffix":"inner"}},"wdio_ui5_key":"etmportal.ui.manageyards.view.Detailsap.m.OverflowToolbarButton{\"propertyName\":\"tooltip\",\"key\":\"closeColumn\"}"}]}
RESULT: undefined
COMMAND: POST /session/9eb332d92fee3afc542bcceca92e7691/element - {"using":"xpath","value":"//*[@id=\"__button62\"]"}
RESULT: {"using":"xpath","value":"//*[@id=\"__button62\"]"}
COMMAND: POST /session/9eb332d92fee3afc542bcceca92e7691/element/f.FB94101F77D2F5C7286D81464D13618E.d.C58CFD1950FDA0BD19F487A16D8FE0B0.e.1625/click - {}
RESULT: {}
COMMAND: POST /session/9eb332d92fee3afc542bcceca92e7691/refresh - {}
COMMAND: GET /session/9eb332d92fee3afc542bcceca92e7691/screenshot - {}
RESULT: {}
COMMAND: GET /session/9eb332d92fee3afc542bcceca92e7691/screenshot - {}
RESULT: {}
RESULT: {}
COMMAND: POST /session/9eb332d92fee3afc542bcceca92e7691/refresh - {}
RESULT: {}
COMMAND: GET /session/9eb332d92fee3afc542bcceca92e7691/screenshot - {}
RESULT: {}
COMMAND: POST /session/9eb332d92fee3afc542bcceca92e7691/window/fullscreen - {}
RESULT: {}
COMMAND: POST /session/9eb332d92fee3afc542bcceca92e7691/execute/async - {"script":"<script> [189 bytes]","args":[]}
RESULT: {"script":"<script> [189 bytes]","args":[]}
COMMAND: POST /session/9eb332d92fee3afc542bcceca92e7691/execute/async - {"script":"<script> [123 bytes]","args":[]}
RESULT: {"script":"<script> [123 bytes]","args":[]}
COMMAND: POST /session/9eb332d92fee3afc542bcceca92e7691/timeouts - {"script":"<number>"}
RESULT: {"script":"<number>"}
COMMAND: GET /session/9eb332d92fee3afc542bcceca92e7691/timeouts - {}
RESULT: {}
RESULT: undefined
COMMAND: POST /session/9eb332d92fee3afc542bcceca92e7691/execute/async - {"script":"<script> [2676 bytes]","args":[]}
RESULT: {"script":"<script> [2676 bytes]","args":[]}
COMMAND: POST /session/9eb332d92fee3afc542bcceca92e7691/execute/async - {"script":"<script> [2342 bytes]","args":[{"protocol":"http","hostname":"0.0.0.0","path":"/","capabilities":{"browserName":"chrome","goog:chromeOptions":{"binary":"C:\\Program Files\\Google\\Chrome\\Application\\chrome.exe","args":["--start-maximized"]}},"logLevel":"warn","connectionRetryTimeout":120000,"connectionRetryCount":3,"logLevels":{},"enableDirectConnect":true,"strictSSL":true,"_":"65 more keys: [\"cacheDir\",\"port\",\"requestedCapabilities\",\"automationProtocol\",\"baseUrl\",\"waitforInterval\",\"waitforTimeout\",\"onReload\",\"beforeCommand\",\"afterCommand\",\"rootDir\",\"specs\",\"suites\",\"exclude\",\"groupLogsByTestSpec\",\"excludeDriverLogs\",\"bail\",\"framework\",\"reporters\",\"services\",\"maxInstances\",\"maxInstancesPerCapability\",\"injectGlobals\",\"filesToWatch\",\"execArgv\",\"runnerEnv\",\"runner\",\"shard\",\"specFileRetries\",\"specFileRetriesDelay\",\"specFileRetriesDeferred\",\"reporterSyncInterval\",\"reporterSyncTimeout\",\"cucumberFeaturesWithLineNumbers\",\"autoCompileOpts\",\"mochaOpts\",\"jasmineOpts\",\"cucumberOpts\",\"onPrepare\",\"onWorkerStart\",\"onWorkerEnd\",\"before\",\"beforeSession\",\"beforeSuite\",\"beforeHook\",\"beforeTest\",\"afterTest\",\"afterHook\",\"afterSuite\",\"afterSession\",\"after\",\"onComplete\",\"beforeAssertion\",\"afterAssertion\",\"beforeFeature\",\"beforeScenario\",\"beforeStep\",\"afterStep\",\"afterScenario\",\"afterFeature\",\"_\",\"suite\",\"$0\",\"ignoredWorkerServices\",\"wdi5\"]"}]}
RESULT: {"script":"<script> [2342 bytes]","args":[{"protocol":"http","hostname":"0.0.0.0","path":"/","capabilities":{"browserName":"chrome","goog:chromeOptions":{"binary":"C:\\Program Files\\Google\\Chrome\\Application\\chrome.exe","args":["--start-maximized"]}},"logLevel":"warn","connectionRetryTimeout":120000,"connectionRetryCount":3,"logLevels":{},"enableDirectConnect":true,"strictSSL":true,"_":"65 more keys: [\"cacheDir\",\"port\",\"requestedCapabilities\",\"automationProtocol\",\"baseUrl\",\"waitforInterval\",\"waitforTimeout\",\"onReload\",\"beforeCommand\",\"afterCommand\",\"rootDir\",\"specs\",\"suites\",\"exclude\",\"groupLogsByTestSpec\",\"excludeDriverLogs\",\"bail\",\"framework\",\"reporters\",\"services\",\"maxInstances\",\"maxInstancesPerCapability\",\"injectGlobals\",\"filesToWatch\",\"execArgv\",\"runnerEnv\",\"runner\",\"shard\",\"specFileRetries\",\"specFileRetriesDelay\",\"specFileRetriesDeferred\",\"reporterSyncInterval\",\"reporterSyncTimeout\",\"cucumberFeaturesWithLineNumbers\",\"autoCompileOpts\",\"mochaOpts\",\"jasmineOpts\",\"cucumberOpts\",\"onPrepare\",\"onWorkerStart\",\"onWorkerEnd\",\"before\",\"beforeSession\",\"beforeSuite\",\"beforeHook\",\"beforeTest\",\"afterTest\",\"afterHook\",\"afterSuite\",\"afterSession\",\"after\",\"onComplete\",\"beforeAssertion\",\"afterAssertion\",\"beforeFeature\",\"beforeScenario\",\"beforeStep\",\"afterStep\",\"afterScenario\",\"afterFeature\",\"_\",\"suite\",\"$0\",\"ignoredWorkerServices\",\"wdi5\"]"}]}
COMMAND: POST /session/9eb332d92fee3afc542bcceca92e7691/execute/async - {"script":"<script> [21126 bytes]","args":[35000]}
RESULT: {"script":"<script> [21126 bytes]","args":[35000]}
]]></system-out>
    </testcase>
    <testcase classname="chrome.136_0_7103_49.windows.Create_2_Yards_US112496" name="Should create a WHM yard" time="64.137">
      <system-out><![CDATA[
COMMAND: POST /session/9eb332d92fee3afc542bcceca92e7691/execute/async - {"script":"<script> [1562 bytes]","args":[{"selector":{"controlType":"sap.ui.core.Icon","viewName":"etm.portal.ui.manageyards.view.Master","viewId":"application-manageyards-display-component---masterYard","properties":{"src":{"regex":{"source":"add"}}}},"wdio_ui5_key":"etmportal.ui.manageyards.view.Mastersap.ui.core.Icon{\"src\":{\"regex\":{\"source\":\"add\"}}}"}]}
RESULT: {"script":"<script> [1562 bytes]","args":[{"selector":{"controlType":"sap.ui.core.Icon","viewName":"etm.portal.ui.manageyards.view.Master","viewId":"application-manageyards-display-component---masterYard","properties":{"src":{"regex":{"source":"add"}}}},"wdio_ui5_key":"etmportal.ui.manageyards.view.Mastersap.ui.core.Icon{\"src\":{\"regex\":{\"source\":\"add\"}}}"}]}
RESULT: undefined
COMMAND: POST /session/9eb332d92fee3afc542bcceca92e7691/element - {"using":"xpath","value":"//*[@id=\"__button9-img\"]"}
RESULT: {"using":"xpath","value":"//*[@id=\"__button9-img\"]"}
COMMAND: POST /session/9eb332d92fee3afc542bcceca92e7691/element/f.FB94101F77D2F5C7286D81464D13618E.d.4968614A5CAB520E470AC8682F25FCA0.e.2227/click - {}
RESULT: {}
COMMAND: GET /session/9eb332d92fee3afc542bcceca92e7691/screenshot - {}
RESULT: {}
COMMAND: POST /session/9eb332d92fee3afc542bcceca92e7691/execute/async - {"script":"<script> [1562 bytes]","args":[{"selector":{"id":"application-manageyards-display-component---NewYard--yardId","interaction":{"idSuffix":"inner"}},"wdio_ui5_key":"applicationmanageyards-display-component---NewYard--yardId"}]}
RESULT: {"script":"<script> [1562 bytes]","args":[{"selector":{"id":"application-manageyards-display-component---NewYard--yardId","interaction":{"idSuffix":"inner"}},"wdio_ui5_key":"applicationmanageyards-display-component---NewYard--yardId"}]}
RESULT: undefined
COMMAND: POST /session/9eb332d92fee3afc542bcceca92e7691/element - {"using":"xpath","value":"//*[@id=\"application-manageyards-display-component---NewYard--addressDetailDetailsName1-inner\"]"}
RESULT: {"using":"xpath","value":"//*[@id=\"application-manageyards-display-component---NewYard--addressDetailDetailsName1-inner\"]"}
COMMAND: POST /session/9eb332d92fee3afc542bcceca92e7691/element/f.FB94101F77D2F5C7286D81464D13618E.d.4968614A5CAB520E470AC8682F25FCA0.e.2298/clear - {}
RESULT: {}
COMMAND: POST /session/9eb332d92fee3afc542bcceca92e7691/element/f.FB94101F77D2F5C7286D81464D13618E.d.4968614A5CAB520E470AC8682F25FCA0.e.2298/value - {"text":"Webdriver WHM Yard zrs4p"}
COMMAND: GET /session/9eb332d92fee3afc542bcceca92e7691/screenshot - {}
RESULT: {"text":"Webdriver WHM Yard zrs4p"}
COMMAND: POST /session/9eb332d92fee3afc542bcceca92e7691/element - {"using":"xpath","value":"//*[@id=\"application-manageyards-display-component---NewYard--addressDetailDetailsLanguage-inner\"]"}
COMMAND: GET /session/9eb332d92fee3afc542bcceca92e7691/screenshot - {}
RESULT: {}
RESULT: {"using":"xpath","value":"//*[@id=\"application-manageyards-display-component---NewYard--addressDetailDetailsLanguage-inner\"]"}
COMMAND: POST /session/9eb332d92fee3afc542bcceca92e7691/element/f.FB94101F77D2F5C7286D81464D13618E.d.4968614A5CAB520E470AC8682F25FCA0.e.2299/clear - {}
RESULT: {}
RESULT: {}
COMMAND: POST /session/9eb332d92fee3afc542bcceca92e7691/element/f.FB94101F77D2F5C7286D81464D13618E.d.4968614A5CAB520E470AC8682F25FCA0.e.2299/value - {"text":"Romanian"}
COMMAND: GET /session/9eb332d92fee3afc542bcceca92e7691/screenshot - {}
RESULT: {"text":"Romanian"}
COMMAND: GET /session/9eb332d92fee3afc542bcceca92e7691/screenshot - {}
RESULT: {}
RESULT: {}
COMMAND: POST /session/9eb332d92fee3afc542bcceca92e7691/element - {"using":"xpath","value":"//*[@id=\"application-manageyards-display-component---NewYard--addressDetailDetailsCity1-inner\"]"}
RESULT: {"using":"xpath","value":"//*[@id=\"application-manageyards-display-component---NewYard--addressDetailDetailsCity1-inner\"]"}
COMMAND: POST /session/9eb332d92fee3afc542bcceca92e7691/element/f.FB94101F77D2F5C7286D81464D13618E.d.4968614A5CAB520E470AC8682F25FCA0.e.2301/clear - {}
RESULT: {}
COMMAND: POST /session/9eb332d92fee3afc542bcceca92e7691/element/f.FB94101F77D2F5C7286D81464D13618E.d.4968614A5CAB520E470AC8682F25FCA0.e.2301/value - {"text":"Bucuresti"}
COMMAND: GET /session/9eb332d92fee3afc542bcceca92e7691/screenshot - {}
RESULT: {"text":"Bucuresti"}
COMMAND: GET /session/9eb332d92fee3afc542bcceca92e7691/screenshot - {}
RESULT: {}
RESULT: {}
COMMAND: POST /session/9eb332d92fee3afc542bcceca92e7691/element - {"using":"xpath","value":"//*[@id=\"application-manageyards-display-component---NewYard--addressDetailDetailsCountry-inner\"]"}
RESULT: {"using":"xpath","value":"//*[@id=\"application-manageyards-display-component---NewYard--addressDetailDetailsCountry-inner\"]"}
COMMAND: POST /session/9eb332d92fee3afc542bcceca92e7691/element/f.FB94101F77D2F5C7286D81464D13618E.d.4968614A5CAB520E470AC8682F25FCA0.e.2305/clear - {}
RESULT: {}
COMMAND: POST /session/9eb332d92fee3afc542bcceca92e7691/element/f.FB94101F77D2F5C7286D81464D13618E.d.4968614A5CAB520E470AC8682F25FCA0.e.2305/value - {"text":"Romania"}
COMMAND: GET /session/9eb332d92fee3afc542bcceca92e7691/screenshot - {}
RESULT: {"text":"Romania"}
COMMAND: GET /session/9eb332d92fee3afc542bcceca92e7691/screenshot - {}
RESULT: {}
RESULT: {}
COMMAND: POST /session/9eb332d92fee3afc542bcceca92e7691/execute/async - {"script":"<script> [1562 bytes]","args":[{"selector":{"controlType":"sap.m.Button","viewName":"etm.portal.ui.manageyards.view.New","viewId":"application-manageyards-display-component---NewYard","properties":{"text":"Commercial"},"interaction":{"idSuffix":"BDI-content"}},"wdio_ui5_key":"etmportal.ui.manageyards.view.Newsap.m.Button{\"text\":\"Commercial\"}"}]}
RESULT: {"script":"<script> [1562 bytes]","args":[{"selector":{"controlType":"sap.m.Button","viewName":"etm.portal.ui.manageyards.view.New","viewId":"application-manageyards-display-component---NewYard","properties":{"text":"Commercial"},"interaction":{"idSuffix":"BDI-content"}},"wdio_ui5_key":"etmportal.ui.manageyards.view.Newsap.m.Button{\"text\":\"Commercial\"}"}]}
RESULT: undefined
COMMAND: POST /session/9eb332d92fee3afc542bcceca92e7691/element - {"using":"xpath","value":"//*[@id=\"application-manageyards-display-component---NewYard--ObjectPageLayout-anchBar-__section18-anchor\"]"}
RESULT: {"using":"xpath","value":"//*[@id=\"application-manageyards-display-component---NewYard--ObjectPageLayout-anchBar-__section18-anchor\"]"}
COMMAND: POST /session/9eb332d92fee3afc542bcceca92e7691/element/f.FB94101F77D2F5C7286D81464D13618E.d.4968614A5CAB520E470AC8682F25FCA0.e.2450/click - {}
RESULT: {}
COMMAND: GET /session/9eb332d92fee3afc542bcceca92e7691/screenshot - {}
RESULT: {}
COMMAND: POST /session/9eb332d92fee3afc542bcceca92e7691/element - {"using":"xpath","value":"//input[@id='application-manageyards-display-component---NewYard--addressEditDetailsCostObjectCstType-inner']"}
RESULT: {"using":"xpath","value":"//input[@id='application-manageyards-display-component---NewYard--addressEditDetailsCostObjectCstType-inner']"}
COMMAND: POST /session/9eb332d92fee3afc542bcceca92e7691/execute/sync - {"script":"<script> [8489 bytes]","args":[{"element-6066-11e4-a52e-4f735466cecf":"f.FB94101F77D2F5C7286D81464D13618E.d.4968614A5CAB520E470AC8682F25FCA0.e.2311","ELEMENT":"f.FB94101F77D2F5C7286D81464D13618E.d.4968614A5CAB520E470AC8682F25FCA0.e.2311"}]}
RESULT: {"script":"<script> [8489 bytes]","args":[{"element-6066-11e4-a52e-4f735466cecf":"f.FB94101F77D2F5C7286D81464D13618E.d.4968614A5CAB520E470AC8682F25FCA0.e.2311","ELEMENT":"f.FB94101F77D2F5C7286D81464D13618E.d.4968614A5CAB520E470AC8682F25FCA0.e.2311"}]}
COMMAND: POST /session/9eb332d92fee3afc542bcceca92e7691/element/f.FB94101F77D2F5C7286D81464D13618E.d.4968614A5CAB520E470AC8682F25FCA0.e.2311/clear - {}
COMMAND: GET /session/9eb332d92fee3afc542bcceca92e7691/screenshot - {}
RESULT: {}
COMMAND: POST /session/9eb332d92fee3afc542bcceca92e7691/element/f.FB94101F77D2F5C7286D81464D13618E.d.4968614A5CAB520E470AC8682F25FCA0.e.2311/value - {"text":"Cost"}
COMMAND: GET /session/9eb332d92fee3afc542bcceca92e7691/screenshot - {}
RESULT: {}
RESULT: {"text":"Cost"}
COMMAND: GET /session/9eb332d92fee3afc542bcceca92e7691/screenshot - {}
RESULT: {}
RESULT: {}
COMMAND: POST /session/9eb332d92fee3afc542bcceca92e7691/execute/async - {"script":"<script> [1562 bytes]","args":[{"selector":{"id":"application-manageyards-display-component---NewYard--addressNewCostObjectCstID","interaction":{"idSuffix":"inner"}},"wdio_ui5_key":"applicationmanageyards-display-component---NewYard--addressNewCostObjectCstID"}]}
RESULT: {"script":"<script> [1562 bytes]","args":[{"selector":{"id":"application-manageyards-display-component---NewYard--addressNewCostObjectCstID","interaction":{"idSuffix":"inner"}},"wdio_ui5_key":"applicationmanageyards-display-component---NewYard--addressNewCostObjectCstID"}]}
RESULT: undefined
COMMAND: POST /session/9eb332d92fee3afc542bcceca92e7691/execute/async - {"script":"<script> [776 bytes]","args":[{"enterText":"10001013","selector":{"id":"application-manageyards-display-component---NewYard--addressNewCostObjectCstID","interaction":{"idSuffix":"inner"}},"clearTextFirst":true,"interactionType":"ENTER_TEXT"}]}
RESULT: {"script":"<script> [776 bytes]","args":[{"enterText":"10001013","selector":{"id":"application-manageyards-display-component---NewYard--addressNewCostObjectCstID","interaction":{"idSuffix":"inner"}},"clearTextFirst":true,"interactionType":"ENTER_TEXT"}]}
COMMAND: POST /session/9eb332d92fee3afc542bcceca92e7691/actions - {"actions":[{"id":"action4","type":"key","parameters":{},"actions":[{"type":"keyDown","value":"î€‡"},{"type":"pause","duration":10},{"type":"keyUp","value":"î€‡"}]}]}
RESULT: {"actions":[{"id":"action4","type":"key","parameters":{},"actions":[{"type":"keyDown","value":"î€‡"},{"type":"pause","duration":10},{"type":"keyUp","value":"î€‡"}]}]}
COMMAND: POST /session/9eb332d92fee3afc542bcceca92e7691/execute/async - {"script":"<script> [1562 bytes]","args":[{"selector":{"id":"application-manageyards-display-component---NewYard--addressEditDetailsCurrency","interaction":{"idSuffix":"inner"}},"wdio_ui5_key":"applicationmanageyards-display-component---NewYard--addressEditDetailsCurrency"}]}
COMMAND: GET /session/9eb332d92fee3afc542bcceca92e7691/screenshot - {}
RESULT: {"script":"<script> [1562 bytes]","args":[{"selector":{"id":"application-manageyards-display-component---NewYard--addressEditDetailsCurrency","interaction":{"idSuffix":"inner"}},"wdio_ui5_key":"applicationmanageyards-display-component---NewYard--addressEditDetailsCurrency"}]}
RESULT: undefined
COMMAND: POST /session/9eb332d92fee3afc542bcceca92e7691/execute/async - {"script":"<script> [776 bytes]","args":[{"enterText":"Euro","selector":{"id":"application-manageyards-display-component---NewYard--addressEditDetailsCurrency","interaction":{"idSuffix":"inner"}},"clearTextFirst":true,"interactionType":"ENTER_TEXT"}]}
RESULT: {}
RESULT: {"script":"<script> [776 bytes]","args":[{"enterText":"Euro","selector":{"id":"application-manageyards-display-component---NewYard--addressEditDetailsCurrency","interaction":{"idSuffix":"inner"}},"clearTextFirst":true,"interactionType":"ENTER_TEXT"}]}
COMMAND: POST /session/9eb332d92fee3afc542bcceca92e7691/execute/async - {"script":"<script> [1562 bytes]","args":[{"selector":{"controlType":"sap.m.Input","viewName":"etm.portal.ui.manageyards.view.New","viewId":"application-manageyards-display-component---NewYard","bindingPath":{"path":"","propertyPath":"/CONTROLLING_AREA","modelName":"NewYardModel"},"interaction":{"idSuffix":"inner"}},"wdio_ui5_key":"etmportal.ui.manageyards.view.Newsap.m.Input{\"path\":\"\",\"propertyPath\":\"/CONTROLLING_AREA\",\"modelName\":\"NewYardModel\"}"}]}
RESULT: {"script":"<script> [1562 bytes]","args":[{"selector":{"controlType":"sap.m.Input","viewName":"etm.portal.ui.manageyards.view.New","viewId":"application-manageyards-display-component---NewYard","bindingPath":{"path":"","propertyPath":"/CONTROLLING_AREA","modelName":"NewYardModel"},"interaction":{"idSuffix":"inner"}},"wdio_ui5_key":"etmportal.ui.manageyards.view.Newsap.m.Input{\"path\":\"\",\"propertyPath\":\"/CONTROLLING_AREA\",\"modelName\":\"NewYardModel\"}"}]}
RESULT: undefined
COMMAND: POST /session/9eb332d92fee3afc542bcceca92e7691/execute/async - {"script":"<script> [776 bytes]","args":[{"enterText":"Z001","selector":{"controlType":"sap.m.Input","viewName":"etm.portal.ui.manageyards.view.New","viewId":"application-manageyards-display-component---NewYard","bindingPath":{"path":"","propertyPath":"/CONTROLLING_AREA","modelName":"NewYardModel"},"interaction":{"idSuffix":"inner"}},"clearTextFirst":true,"interactionType":"ENTER_TEXT"}]}
RESULT: {"script":"<script> [776 bytes]","args":[{"enterText":"Z001","selector":{"controlType":"sap.m.Input","viewName":"etm.portal.ui.manageyards.view.New","viewId":"application-manageyards-display-component---NewYard","bindingPath":{"path":"","propertyPath":"/CONTROLLING_AREA","modelName":"NewYardModel"},"interaction":{"idSuffix":"inner"}},"clearTextFirst":true,"interactionType":"ENTER_TEXT"}]}
COMMAND: POST /session/9eb332d92fee3afc542bcceca92e7691/execute/async - {"script":"<script> [1562 bytes]","args":[{"selector":{"id":"application-manageyards-display-component---NewYard--companyCodeComboBox","interaction":{"idSuffix":"inner"}},"wdio_ui5_key":"applicationmanageyards-display-component---NewYard--companyCodeComboBox"}]}
RESULT: {"script":"<script> [1562 bytes]","args":[{"selector":{"id":"application-manageyards-display-component---NewYard--companyCodeComboBox","interaction":{"idSuffix":"inner"}},"wdio_ui5_key":"applicationmanageyards-display-component---NewYard--companyCodeComboBox"}]}
RESULT: undefined
COMMAND: POST /session/9eb332d92fee3afc542bcceca92e7691/execute/async - {"script":"<script> [776 bytes]","args":[{"enterText":"1000","selector":{"id":"application-manageyards-display-component---NewYard--companyCodeComboBox","interaction":{"idSuffix":"inner"}},"clearTextFirst":true,"interactionType":"ENTER_TEXT"}]}
RESULT: {"script":"<script> [776 bytes]","args":[{"enterText":"1000","selector":{"id":"application-manageyards-display-component---NewYard--companyCodeComboBox","interaction":{"idSuffix":"inner"}},"clearTextFirst":true,"interactionType":"ENTER_TEXT"}]}
COMMAND: POST /session/9eb332d92fee3afc542bcceca92e7691/actions - {"actions":[{"id":"action5","type":"key","parameters":{},"actions":[{"type":"keyDown","value":"î€‡"},{"type":"pause","duration":10},{"type":"keyUp","value":"î€‡"}]}]}
RESULT: {"actions":[{"id":"action5","type":"key","parameters":{},"actions":[{"type":"keyDown","value":"î€‡"},{"type":"pause","duration":10},{"type":"keyUp","value":"î€‡"}]}]}
COMMAND: POST /session/9eb332d92fee3afc542bcceca92e7691/execute/async - {"script":"<script> [1562 bytes]","args":[{"selector":{"controlType":"sap.m.Input","viewName":"etm.portal.ui.manageyards.view.New","viewId":"application-manageyards-display-component---NewYard","bindingPath":{"path":"","propertyPath":"/PLANT","modelName":"NewYardModel"},"interaction":{"idSuffix":"inner"}},"wdio_ui5_key":"etmportal.ui.manageyards.view.Newsap.m.Input{\"path\":\"\",\"propertyPath\":\"/PLANT\",\"modelName\":\"NewYardModel\"}"}]}
COMMAND: GET /session/9eb332d92fee3afc542bcceca92e7691/screenshot - {}
RESULT: {"script":"<script> [1562 bytes]","args":[{"selector":{"controlType":"sap.m.Input","viewName":"etm.portal.ui.manageyards.view.New","viewId":"application-manageyards-display-component---NewYard","bindingPath":{"path":"","propertyPath":"/PLANT","modelName":"NewYardModel"},"interaction":{"idSuffix":"inner"}},"wdio_ui5_key":"etmportal.ui.manageyards.view.Newsap.m.Input{\"path\":\"\",\"propertyPath\":\"/PLANT\",\"modelName\":\"NewYardModel\"}"}]}
RESULT: undefined
COMMAND: POST /session/9eb332d92fee3afc542bcceca92e7691/execute/async - {"script":"<script> [776 bytes]","args":[{"enterText":"1001","selector":{"controlType":"sap.m.Input","viewName":"etm.portal.ui.manageyards.view.New","viewId":"application-manageyards-display-component---NewYard","bindingPath":{"path":"","propertyPath":"/PLANT","modelName":"NewYardModel"},"interaction":{"idSuffix":"inner"}},"clearTextFirst":true,"interactionType":"ENTER_TEXT"}]}
RESULT: {}
RESULT: {"script":"<script> [776 bytes]","args":[{"enterText":"1001","selector":{"controlType":"sap.m.Input","viewName":"etm.portal.ui.manageyards.view.New","viewId":"application-manageyards-display-component---NewYard","bindingPath":{"path":"","propertyPath":"/PLANT","modelName":"NewYardModel"},"interaction":{"idSuffix":"inner"}},"clearTextFirst":true,"interactionType":"ENTER_TEXT"}]}
COMMAND: POST /session/9eb332d92fee3afc542bcceca92e7691/execute/async - {"script":"<script> [1562 bytes]","args":[{"selector":{"controlType":"sap.m.Input","viewName":"etm.portal.ui.manageyards.view.New","viewId":"application-manageyards-display-component---NewYard","bindingPath":{"path":"","propertyPath":"/SALES_AREA_VKORG","modelName":"NewYardModel"},"interaction":{"idSuffix":"inner"}},"wdio_ui5_key":"etmportal.ui.manageyards.view.Newsap.m.Input{\"path\":\"\",\"propertyPath\":\"/SALES_AREA_VKORG\",\"modelName\":\"NewYardModel\"}"}]}
RESULT: {"script":"<script> [1562 bytes]","args":[{"selector":{"controlType":"sap.m.Input","viewName":"etm.portal.ui.manageyards.view.New","viewId":"application-manageyards-display-component---NewYard","bindingPath":{"path":"","propertyPath":"/SALES_AREA_VKORG","modelName":"NewYardModel"},"interaction":{"idSuffix":"inner"}},"wdio_ui5_key":"etmportal.ui.manageyards.view.Newsap.m.Input{\"path\":\"\",\"propertyPath\":\"/SALES_AREA_VKORG\",\"modelName\":\"NewYardModel\"}"}]}
RESULT: undefined
COMMAND: POST /session/9eb332d92fee3afc542bcceca92e7691/execute/async - {"script":"<script> [776 bytes]","args":[{"enterText":"C002","selector":{"controlType":"sap.m.Input","viewName":"etm.portal.ui.manageyards.view.New","viewId":"application-manageyards-display-component---NewYard","bindingPath":{"path":"","propertyPath":"/SALES_AREA_VKORG","modelName":"NewYardModel"},"interaction":{"idSuffix":"inner"}},"clearTextFirst":true,"interactionType":"ENTER_TEXT"}]}
RESULT: {"script":"<script> [776 bytes]","args":[{"enterText":"C002","selector":{"controlType":"sap.m.Input","viewName":"etm.portal.ui.manageyards.view.New","viewId":"application-manageyards-display-component---NewYard","bindingPath":{"path":"","propertyPath":"/SALES_AREA_VKORG","modelName":"NewYardModel"},"interaction":{"idSuffix":"inner"}},"clearTextFirst":true,"interactionType":"ENTER_TEXT"}]}
COMMAND: POST /session/9eb332d92fee3afc542bcceca92e7691/execute/async - {"script":"<script> [1562 bytes]","args":[{"selector":{"controlType":"sap.m.Input","viewName":"etm.portal.ui.manageyards.view.New","viewId":"application-manageyards-display-component---NewYard","bindingPath":{"path":"","propertyPath":"/SALES_AREA_VTWEG","modelName":"NewYardModel"},"interaction":{"idSuffix":"inner"}},"wdio_ui5_key":"etmportal.ui.manageyards.view.Newsap.m.Input{\"path\":\"\",\"propertyPath\":\"/SALES_AREA_VTWEG\",\"modelName\":\"NewYardModel\"}"}]}
RESULT: {"script":"<script> [1562 bytes]","args":[{"selector":{"controlType":"sap.m.Input","viewName":"etm.portal.ui.manageyards.view.New","viewId":"application-manageyards-display-component---NewYard","bindingPath":{"path":"","propertyPath":"/SALES_AREA_VTWEG","modelName":"NewYardModel"},"interaction":{"idSuffix":"inner"}},"wdio_ui5_key":"etmportal.ui.manageyards.view.Newsap.m.Input{\"path\":\"\",\"propertyPath\":\"/SALES_AREA_VTWEG\",\"modelName\":\"NewYardModel\"}"}]}
RESULT: undefined
COMMAND: POST /session/9eb332d92fee3afc542bcceca92e7691/execute/async - {"script":"<script> [776 bytes]","args":[{"enterText":"C2","selector":{"controlType":"sap.m.Input","viewName":"etm.portal.ui.manageyards.view.New","viewId":"application-manageyards-display-component---NewYard","bindingPath":{"path":"","propertyPath":"/SALES_AREA_VTWEG","modelName":"NewYardModel"},"interaction":{"idSuffix":"inner"}},"clearTextFirst":true,"interactionType":"ENTER_TEXT"}]}
RESULT: {"script":"<script> [776 bytes]","args":[{"enterText":"C2","selector":{"controlType":"sap.m.Input","viewName":"etm.portal.ui.manageyards.view.New","viewId":"application-manageyards-display-component---NewYard","bindingPath":{"path":"","propertyPath":"/SALES_AREA_VTWEG","modelName":"NewYardModel"},"interaction":{"idSuffix":"inner"}},"clearTextFirst":true,"interactionType":"ENTER_TEXT"}]}
COMMAND: POST /session/9eb332d92fee3afc542bcceca92e7691/execute/async - {"script":"<script> [1562 bytes]","args":[{"selector":{"controlType":"sap.m.Input","viewName":"etm.portal.ui.manageyards.view.New","viewId":"application-manageyards-display-component---NewYard","bindingPath":{"path":"","propertyPath":"/SALES_AREA_SPART","modelName":"NewYardModel"},"interaction":{"idSuffix":"inner"}},"wdio_ui5_key":"etmportal.ui.manageyards.view.Newsap.m.Input{\"path\":\"\",\"propertyPath\":\"/SALES_AREA_SPART\",\"modelName\":\"NewYardModel\"}"}]}
RESULT: {"script":"<script> [1562 bytes]","args":[{"selector":{"controlType":"sap.m.Input","viewName":"etm.portal.ui.manageyards.view.New","viewId":"application-manageyards-display-component---NewYard","bindingPath":{"path":"","propertyPath":"/SALES_AREA_SPART","modelName":"NewYardModel"},"interaction":{"idSuffix":"inner"}},"wdio_ui5_key":"etmportal.ui.manageyards.view.Newsap.m.Input{\"path\":\"\",\"propertyPath\":\"/SALES_AREA_SPART\",\"modelName\":\"NewYardModel\"}"}]}
RESULT: undefined
COMMAND: POST /session/9eb332d92fee3afc542bcceca92e7691/execute/async - {"script":"<script> [776 bytes]","args":[{"enterText":"C2","selector":{"controlType":"sap.m.Input","viewName":"etm.portal.ui.manageyards.view.New","viewId":"application-manageyards-display-component---NewYard","bindingPath":{"path":"","propertyPath":"/SALES_AREA_SPART","modelName":"NewYardModel"},"interaction":{"idSuffix":"inner"}},"clearTextFirst":true,"interactionType":"ENTER_TEXT"}]}
RESULT: {"script":"<script> [776 bytes]","args":[{"enterText":"C2","selector":{"controlType":"sap.m.Input","viewName":"etm.portal.ui.manageyards.view.New","viewId":"application-manageyards-display-component---NewYard","bindingPath":{"path":"","propertyPath":"/SALES_AREA_SPART","modelName":"NewYardModel"},"interaction":{"idSuffix":"inner"}},"clearTextFirst":true,"interactionType":"ENTER_TEXT"}]}
COMMAND: POST /session/9eb332d92fee3afc542bcceca92e7691/execute/async - {"script":"<script> [1562 bytes]","args":[{"selector":{"id":"application-manageyards-display-component---NewYard--whmCheckBox","interaction":{"idSuffix":"CbBg"}},"wdio_ui5_key":"applicationmanageyards-display-component---NewYard--whmCheckBox"}]}
RESULT: {"script":"<script> [1562 bytes]","args":[{"selector":{"id":"application-manageyards-display-component---NewYard--whmCheckBox","interaction":{"idSuffix":"CbBg"}},"wdio_ui5_key":"applicationmanageyards-display-component---NewYard--whmCheckBox"}]}
RESULT: undefined
COMMAND: POST /session/9eb332d92fee3afc542bcceca92e7691/element - {"using":"xpath","value":"//*[@id=\"application-manageyards-display-component---NewYard--whmCheckBox\"]"}
RESULT: {"using":"xpath","value":"//*[@id=\"application-manageyards-display-component---NewYard--whmCheckBox\"]"}
COMMAND: POST /session/9eb332d92fee3afc542bcceca92e7691/element/f.FB94101F77D2F5C7286D81464D13618E.d.4968614A5CAB520E470AC8682F25FCA0.e.2473/click - {}
RESULT: {}
COMMAND: POST /session/9eb332d92fee3afc542bcceca92e7691/execute/async - {"script":"<script> [1562 bytes]","args":[{"selector":{"controlType":"sap.m.Button","viewName":"etm.portal.ui.manageyards.view.New","viewId":"application-manageyards-display-component---NewYard","i18NText":{"propertyName":"text","key":"save"},"interaction":{"idSuffix":"inner"}},"wdio_ui5_key":"etmportal.ui.manageyards.view.Newsap.m.Button{\"propertyName\":\"text\",\"key\":\"save\"}"}]}
COMMAND: GET /session/9eb332d92fee3afc542bcceca92e7691/screenshot - {}
RESULT: {"script":"<script> [1562 bytes]","args":[{"selector":{"controlType":"sap.m.Button","viewName":"etm.portal.ui.manageyards.view.New","viewId":"application-manageyards-display-component---NewYard","i18NText":{"propertyName":"text","key":"save"},"interaction":{"idSuffix":"inner"}},"wdio_ui5_key":"etmportal.ui.manageyards.view.Newsap.m.Button{\"propertyName\":\"text\",\"key\":\"save\"}"}]}
RESULT: undefined
COMMAND: POST /session/9eb332d92fee3afc542bcceca92e7691/element - {"using":"xpath","value":"//*[@id=\"__button43\"]"}
RESULT: {}
RESULT: {"using":"xpath","value":"//*[@id=\"__button43\"]"}
COMMAND: POST /session/9eb332d92fee3afc542bcceca92e7691/element/f.FB94101F77D2F5C7286D81464D13618E.d.4968614A5CAB520E470AC8682F25FCA0.e.2435/click - {}
RESULT: {}
COMMAND: GET /session/9eb332d92fee3afc542bcceca92e7691/screenshot - {}
RESULT: {}
COMMAND: POST /session/9eb332d92fee3afc542bcceca92e7691/element - {"using":"xpath","value":"//header/div/div/div/div/div/div[2]/div/span"}
RESULT: {"using":"xpath","value":"//header/div/div/div/div/div/div[2]/div/span"}
COMMAND: GET /session/9eb332d92fee3afc542bcceca92e7691/element/f.FB94101F77D2F5C7286D81464D13618E.d.4968614A5CAB520E470AC8682F25FCA0.e.2679/text - {}
RESULT: {}
COMMAND: POST /session/9eb332d92fee3afc542bcceca92e7691/element - {"using":"xpath","value":"//header/div/div[2]/div[2]/span"}
RESULT: {"using":"xpath","value":"//header/div/div[2]/div[2]/span"}
COMMAND: GET /session/9eb332d92fee3afc542bcceca92e7691/element/f.FB94101F77D2F5C7286D81464D13618E.d.4968614A5CAB520E470AC8682F25FCA0.e.2680/text - {}
RESULT: {}
COMMAND: POST /session/9eb332d92fee3afc542bcceca92e7691/element - {"using":"css selector","value":"#j_username"}
COMMAND: POST /session/9eb332d92fee3afc542bcceca92e7691/url - {"url":"https://qa-testing-00-live-etm-ui.cfapps.eu10-004.hana.ondemand.com/"}
RESULT: {"using":"css selector","value":"#j_username"}
COMMAND: POST /session/9eb332d92fee3afc542bcceca92e7691/element - {"using":"css selector","value":"#j_username"}
RESULT: {"url":"https://qa-testing-00-live-etm-ui.cfapps.eu10-004.hana.ondemand.com/"}
RESULT: undefined
COMMAND: GET /session/9eb332d92fee3afc542bcceca92e7691/screenshot - {}
RESULT: {"using":"css selector","value":"#j_username"}
COMMAND: POST /session/9eb332d92fee3afc542bcceca92e7691/element - {"using":"css selector","value":"#shell-header-logo"}
RESULT: {}
RESULT: {"using":"css selector","value":"#shell-header-logo"}
COMMAND: POST /session/9eb332d92fee3afc542bcceca92e7691/execute/sync - {"script":"<script> [8489 bytes]","args":[{"element-6066-11e4-a52e-4f735466cecf":"f.FB94101F77D2F5C7286D81464D13618E.d.4FD4C78D37196D6DE0C71EAC0837D3E7.e.2692","ELEMENT":"f.FB94101F77D2F5C7286D81464D13618E.d.4FD4C78D37196D6DE0C71EAC0837D3E7.e.2692"}]}
RESULT: {"script":"<script> [8489 bytes]","args":[{"element-6066-11e4-a52e-4f735466cecf":"f.FB94101F77D2F5C7286D81464D13618E.d.4FD4C78D37196D6DE0C71EAC0837D3E7.e.2692","ELEMENT":"f.FB94101F77D2F5C7286D81464D13618E.d.4FD4C78D37196D6DE0C71EAC0837D3E7.e.2692"}]}
COMMAND: POST /session/9eb332d92fee3afc542bcceca92e7691/element - {"using":"css selector","value":"#shell-header-logo"}
COMMAND: GET /session/9eb332d92fee3afc542bcceca92e7691/screenshot - {}
RESULT: {"using":"css selector","value":"#shell-header-logo"}
COMMAND: POST /session/9eb332d92fee3afc542bcceca92e7691/execute/sync - {"script":"<script> [8489 bytes]","args":[{"element-6066-11e4-a52e-4f735466cecf":"f.FB94101F77D2F5C7286D81464D13618E.d.4FD4C78D37196D6DE0C71EAC0837D3E7.e.2692","ELEMENT":"f.FB94101F77D2F5C7286D81464D13618E.d.4FD4C78D37196D6DE0C71EAC0837D3E7.e.2692"}]}
RESULT: {}
RESULT: {"script":"<script> [8489 bytes]","args":[{"element-6066-11e4-a52e-4f735466cecf":"f.FB94101F77D2F5C7286D81464D13618E.d.4FD4C78D37196D6DE0C71EAC0837D3E7.e.2692","ELEMENT":"f.FB94101F77D2F5C7286D81464D13618E.d.4FD4C78D37196D6DE0C71EAC0837D3E7.e.2692"}]}
COMMAND: POST /session/9eb332d92fee3afc542bcceca92e7691/execute/sync - {"script":"<script> [5351 bytes]","args":[{"element-6066-11e4-a52e-4f735466cecf":"f.FB94101F77D2F5C7286D81464D13618E.d.4FD4C78D37196D6DE0C71EAC0837D3E7.e.2692","ELEMENT":"f.FB94101F77D2F5C7286D81464D13618E.d.4FD4C78D37196D6DE0C71EAC0837D3E7.e.2692"}]}
COMMAND: GET /session/9eb332d92fee3afc542bcceca92e7691/screenshot - {}
RESULT: {"script":"<script> [5351 bytes]","args":[{"element-6066-11e4-a52e-4f735466cecf":"f.FB94101F77D2F5C7286D81464D13618E.d.4FD4C78D37196D6DE0C71EAC0837D3E7.e.2692","ELEMENT":"f.FB94101F77D2F5C7286D81464D13618E.d.4FD4C78D37196D6DE0C71EAC0837D3E7.e.2692"}]}
COMMAND: POST /session/9eb332d92fee3afc542bcceca92e7691/element - {"using":"css selector","value":"#shell-header-logo"}
COMMAND: GET /session/9eb332d92fee3afc542bcceca92e7691/screenshot - {}
RESULT: {}
RESULT: {"using":"css selector","value":"#shell-header-logo"}
COMMAND: POST /session/9eb332d92fee3afc542bcceca92e7691/element/f.FB94101F77D2F5C7286D81464D13618E.d.4FD4C78D37196D6DE0C71EAC0837D3E7.e.2692/click - {}
RESULT: {}
RESULT: {}
COMMAND: GET /session/9eb332d92fee3afc542bcceca92e7691/screenshot - {}
RESULT: {}
COMMAND: POST /session/9eb332d92fee3afc542bcceca92e7691/execute/async - {"script":"<script> [189 bytes]","args":[]}
RESULT: {"script":"<script> [189 bytes]","args":[]}
COMMAND: POST /session/9eb332d92fee3afc542bcceca92e7691/execute/async - {"script":"<script> [123 bytes]","args":[]}
RESULT: {"script":"<script> [123 bytes]","args":[]}
COMMAND: POST /session/9eb332d92fee3afc542bcceca92e7691/timeouts - {"script":"<number>"}
RESULT: {"script":"<number>"}
COMMAND: GET /session/9eb332d92fee3afc542bcceca92e7691/timeouts - {}
RESULT: {}
RESULT: undefined
COMMAND: POST /session/9eb332d92fee3afc542bcceca92e7691/execute/async - {"script":"<script> [2676 bytes]","args":[]}
RESULT: {"script":"<script> [2676 bytes]","args":[]}
COMMAND: POST /session/9eb332d92fee3afc542bcceca92e7691/execute/async - {"script":"<script> [2342 bytes]","args":[{"protocol":"http","hostname":"0.0.0.0","path":"/","capabilities":{"browserName":"chrome","goog:chromeOptions":{"binary":"C:\\Program Files\\Google\\Chrome\\Application\\chrome.exe","args":["--start-maximized"]}},"logLevel":"warn","connectionRetryTimeout":120000,"connectionRetryCount":3,"logLevels":{},"enableDirectConnect":true,"strictSSL":true,"_":"65 more keys: [\"cacheDir\",\"port\",\"requestedCapabilities\",\"automationProtocol\",\"baseUrl\",\"waitforInterval\",\"waitforTimeout\",\"onReload\",\"beforeCommand\",\"afterCommand\",\"rootDir\",\"specs\",\"suites\",\"exclude\",\"groupLogsByTestSpec\",\"excludeDriverLogs\",\"bail\",\"framework\",\"reporters\",\"services\",\"maxInstances\",\"maxInstancesPerCapability\",\"injectGlobals\",\"filesToWatch\",\"execArgv\",\"runnerEnv\",\"runner\",\"shard\",\"specFileRetries\",\"specFileRetriesDelay\",\"specFileRetriesDeferred\",\"reporterSyncInterval\",\"reporterSyncTimeout\",\"cucumberFeaturesWithLineNumbers\",\"autoCompileOpts\",\"mochaOpts\",\"jasmineOpts\",\"cucumberOpts\",\"onPrepare\",\"onWorkerStart\",\"onWorkerEnd\",\"before\",\"beforeSession\",\"beforeSuite\",\"beforeHook\",\"beforeTest\",\"afterTest\",\"afterHook\",\"afterSuite\",\"afterSession\",\"after\",\"onComplete\",\"beforeAssertion\",\"afterAssertion\",\"beforeFeature\",\"beforeScenario\",\"beforeStep\",\"afterStep\",\"afterScenario\",\"afterFeature\",\"_\",\"suite\",\"$0\",\"ignoredWorkerServices\",\"wdi5\"]"}]}
RESULT: {"script":"<script> [2342 bytes]","args":[{"protocol":"http","hostname":"0.0.0.0","path":"/","capabilities":{"browserName":"chrome","goog:chromeOptions":{"binary":"C:\\Program Files\\Google\\Chrome\\Application\\chrome.exe","args":["--start-maximized"]}},"logLevel":"warn","connectionRetryTimeout":120000,"connectionRetryCount":3,"logLevels":{},"enableDirectConnect":true,"strictSSL":true,"_":"65 more keys: [\"cacheDir\",\"port\",\"requestedCapabilities\",\"automationProtocol\",\"baseUrl\",\"waitforInterval\",\"waitforTimeout\",\"onReload\",\"beforeCommand\",\"afterCommand\",\"rootDir\",\"specs\",\"suites\",\"exclude\",\"groupLogsByTestSpec\",\"excludeDriverLogs\",\"bail\",\"framework\",\"reporters\",\"services\",\"maxInstances\",\"maxInstancesPerCapability\",\"injectGlobals\",\"filesToWatch\",\"execArgv\",\"runnerEnv\",\"runner\",\"shard\",\"specFileRetries\",\"specFileRetriesDelay\",\"specFileRetriesDeferred\",\"reporterSyncInterval\",\"reporterSyncTimeout\",\"cucumberFeaturesWithLineNumbers\",\"autoCompileOpts\",\"mochaOpts\",\"jasmineOpts\",\"cucumberOpts\",\"onPrepare\",\"onWorkerStart\",\"onWorkerEnd\",\"before\",\"beforeSession\",\"beforeSuite\",\"beforeHook\",\"beforeTest\",\"afterTest\",\"afterHook\",\"afterSuite\",\"afterSession\",\"after\",\"onComplete\",\"beforeAssertion\",\"afterAssertion\",\"beforeFeature\",\"beforeScenario\",\"beforeStep\",\"afterStep\",\"afterScenario\",\"afterFeature\",\"_\",\"suite\",\"$0\",\"ignoredWorkerServices\",\"wdi5\"]"}]}
COMMAND: POST /session/9eb332d92fee3afc542bcceca92e7691/execute/async - {"script":"<script> [21126 bytes]","args":[35000]}
RESULT: {"script":"<script> [21126 bytes]","args":[35000]}
COMMAND: POST /session/9eb332d92fee3afc542bcceca92e7691/window/maximize - {}
RESULT: {}
COMMAND: POST /session/9eb332d92fee3afc542bcceca92e7691/execute/async - {"script":"<script> [1562 bytes]","args":[{"selector":{"id":"shell-header","interaction":{"idSuffix":"icon"}},"wdio_ui5_key":"shellheader"}]}
COMMAND: GET /session/9eb332d92fee3afc542bcceca92e7691/screenshot - {}
RESULT: {"script":"<script> [1562 bytes]","args":[{"selector":{"id":"shell-header","interaction":{"idSuffix":"icon"}},"wdio_ui5_key":"shellheader"}]}
RESULT: undefined
COMMAND: POST /session/9eb332d92fee3afc542bcceca92e7691/refresh - {}
RESULT: {}
RESULT: {}
COMMAND: GET /session/9eb332d92fee3afc542bcceca92e7691/screenshot - {}
RESULT: {}
COMMAND: POST /session/9eb332d92fee3afc542bcceca92e7691/refresh - {}
RESULT: {}
COMMAND: GET /session/9eb332d92fee3afc542bcceca92e7691/screenshot - {}
RESULT: {}
COMMAND: POST /session/9eb332d92fee3afc542bcceca92e7691/window/fullscreen - {}
RESULT: {}
COMMAND: POST /session/9eb332d92fee3afc542bcceca92e7691/execute/async - {"script":"<script> [189 bytes]","args":[]}
RESULT: {"script":"<script> [189 bytes]","args":[]}
COMMAND: POST /session/9eb332d92fee3afc542bcceca92e7691/execute/async - {"script":"<script> [123 bytes]","args":[]}
RESULT: {"script":"<script> [123 bytes]","args":[]}
COMMAND: POST /session/9eb332d92fee3afc542bcceca92e7691/timeouts - {"script":"<number>"}
RESULT: {"script":"<number>"}
COMMAND: GET /session/9eb332d92fee3afc542bcceca92e7691/timeouts - {}
RESULT: {}
RESULT: undefined
COMMAND: POST /session/9eb332d92fee3afc542bcceca92e7691/execute/async - {"script":"<script> [2676 bytes]","args":[]}
RESULT: {"script":"<script> [2676 bytes]","args":[]}
COMMAND: POST /session/9eb332d92fee3afc542bcceca92e7691/execute/async - {"script":"<script> [2342 bytes]","args":[{"protocol":"http","hostname":"0.0.0.0","path":"/","capabilities":{"browserName":"chrome","goog:chromeOptions":{"binary":"C:\\Program Files\\Google\\Chrome\\Application\\chrome.exe","args":["--start-maximized"]}},"logLevel":"warn","connectionRetryTimeout":120000,"connectionRetryCount":3,"logLevels":{},"enableDirectConnect":true,"strictSSL":true,"_":"65 more keys: [\"cacheDir\",\"port\",\"requestedCapabilities\",\"automationProtocol\",\"baseUrl\",\"waitforInterval\",\"waitforTimeout\",\"onReload\",\"beforeCommand\",\"afterCommand\",\"rootDir\",\"specs\",\"suites\",\"exclude\",\"groupLogsByTestSpec\",\"excludeDriverLogs\",\"bail\",\"framework\",\"reporters\",\"services\",\"maxInstances\",\"maxInstancesPerCapability\",\"injectGlobals\",\"filesToWatch\",\"execArgv\",\"runnerEnv\",\"runner\",\"shard\",\"specFileRetries\",\"specFileRetriesDelay\",\"specFileRetriesDeferred\",\"reporterSyncInterval\",\"reporterSyncTimeout\",\"cucumberFeaturesWithLineNumbers\",\"autoCompileOpts\",\"mochaOpts\",\"jasmineOpts\",\"cucumberOpts\",\"onPrepare\",\"onWorkerStart\",\"onWorkerEnd\",\"before\",\"beforeSession\",\"beforeSuite\",\"beforeHook\",\"beforeTest\",\"afterTest\",\"afterHook\",\"afterSuite\",\"afterSession\",\"after\",\"onComplete\",\"beforeAssertion\",\"afterAssertion\",\"beforeFeature\",\"beforeScenario\",\"beforeStep\",\"afterStep\",\"afterScenario\",\"afterFeature\",\"_\",\"suite\",\"$0\",\"ignoredWorkerServices\",\"wdi5\"]"}]}
RESULT: {"script":"<script> [2342 bytes]","args":[{"protocol":"http","hostname":"0.0.0.0","path":"/","capabilities":{"browserName":"chrome","goog:chromeOptions":{"binary":"C:\\Program Files\\Google\\Chrome\\Application\\chrome.exe","args":["--start-maximized"]}},"logLevel":"warn","connectionRetryTimeout":120000,"connectionRetryCount":3,"logLevels":{},"enableDirectConnect":true,"strictSSL":true,"_":"65 more keys: [\"cacheDir\",\"port\",\"requestedCapabilities\",\"automationProtocol\",\"baseUrl\",\"waitforInterval\",\"waitforTimeout\",\"onReload\",\"beforeCommand\",\"afterCommand\",\"rootDir\",\"specs\",\"suites\",\"exclude\",\"groupLogsByTestSpec\",\"excludeDriverLogs\",\"bail\",\"framework\",\"reporters\",\"services\",\"maxInstances\",\"maxInstancesPerCapability\",\"injectGlobals\",\"filesToWatch\",\"execArgv\",\"runnerEnv\",\"runner\",\"shard\",\"specFileRetries\",\"specFileRetriesDelay\",\"specFileRetriesDeferred\",\"reporterSyncInterval\",\"reporterSyncTimeout\",\"cucumberFeaturesWithLineNumbers\",\"autoCompileOpts\",\"mochaOpts\",\"jasmineOpts\",\"cucumberOpts\",\"onPrepare\",\"onWorkerStart\",\"onWorkerEnd\",\"before\",\"beforeSession\",\"beforeSuite\",\"beforeHook\",\"beforeTest\",\"afterTest\",\"afterHook\",\"afterSuite\",\"afterSession\",\"after\",\"onComplete\",\"beforeAssertion\",\"afterAssertion\",\"beforeFeature\",\"beforeScenario\",\"beforeStep\",\"afterStep\",\"afterScenario\",\"afterFeature\",\"_\",\"suite\",\"$0\",\"ignoredWorkerServices\",\"wdi5\"]"}]}
COMMAND: POST /session/9eb332d92fee3afc542bcceca92e7691/execute/async - {"script":"<script> [21126 bytes]","args":[35000]}
RESULT: {"script":"<script> [21126 bytes]","args":[35000]}
]]></system-out>
    </testcase>
  </testsuite>
  <testsuite timestamp="2025-05-08T05:41:48" time="206.934" tests="4" failures="0" errors="0" skipped="0">
    <properties>
      <property name="specId" value="0" />
      <property name="suiteName" value="Create partner US118246" />
      <property name="capabilities" value="chrome.136_0_7103_49.windows" />
      <property name="file" value="file:///D:/a/1/s/test/specs/BTS/create-partner.spec.js" />
    </properties>
    <testcase classname="chrome.136_0_7103_49.windows.Create_partner_US118246" name="Should create a new yard in case create yard failed" time="0.012">
      <system-out><![CDATA[
COMMAND: POST /session/9eb332d92fee3afc542bcceca92e7691/window/fullscreen - {}
RESULT: {}
]]></system-out>
    </testcase>
    <testcase classname="chrome.136_0_7103_49.windows.Create_partner_US118246" name="Should create new external partner" time="83.201">
      <system-out><![CDATA[
COMMAND: POST /session/9eb332d92fee3afc542bcceca92e7691/window/fullscreen - {}
RESULT: {}
COMMAND: POST /session/9eb332d92fee3afc542bcceca92e7691/execute/async - {"script":"<script> [1562 bytes]","args":[{"selector":{"controlType":"sap.m.GenericTile","properties":{"header":"Manage Partners"}},"wdio_ui5_key":"sapm.GenericTile{\"header\":\"Manage Partners\"}"}]}
RESULT: {"script":"<script> [1562 bytes]","args":[{"selector":{"controlType":"sap.m.GenericTile","properties":{"header":"Manage Partners"}},"wdio_ui5_key":"sapm.GenericTile{\"header\":\"Manage Partners\"}"}]}
RESULT: undefined
COMMAND: POST /session/9eb332d92fee3afc542bcceca92e7691/element - {"using":"xpath","value":"//*[@id=\"__tile38\"]"}
RESULT: {"using":"xpath","value":"//*[@id=\"__tile38\"]"}
COMMAND: POST /session/9eb332d92fee3afc542bcceca92e7691/element/f.FB94101F77D2F5C7286D81464D13618E.d.A2A0FB7B531E326FC0DDF80E3577E6BE.e.2844/click - {}
RESULT: {}
COMMAND: POST /session/9eb332d92fee3afc542bcceca92e7691/element - {"using":"xpath","value":"//button[@data-kt=\"addButton\"]"}
COMMAND: GET /session/9eb332d92fee3afc542bcceca92e7691/screenshot - {}
RESULT: {"using":"xpath","value":"//button[@data-kt=\"addButton\"]"}
COMMAND: POST /session/9eb332d92fee3afc542bcceca92e7691/elements - {"using":"xpath","value":"//button[@data-kt=\"addButton\"]"}
RESULT: {}
RESULT: {"using":"xpath","value":"//button[@data-kt=\"addButton\"]"}
COMMAND: POST /session/9eb332d92fee3afc542bcceca92e7691/elements - {"using":"xpath","value":"//button[@data-kt=\"addButton\"]"}
RESULT: {"using":"xpath","value":"//button[@data-kt=\"addButton\"]"}
COMMAND: POST /session/9eb332d92fee3afc542bcceca92e7691/elements - {"using":"xpath","value":"//button[@data-kt=\"addButton\"]"}
RESULT: {"using":"xpath","value":"//button[@data-kt=\"addButton\"]"}
COMMAND: POST /session/9eb332d92fee3afc542bcceca92e7691/elements - {"using":"xpath","value":"//button[@data-kt=\"addButton\"]"}
RESULT: {"using":"xpath","value":"//button[@data-kt=\"addButton\"]"}
COMMAND: POST /session/9eb332d92fee3afc542bcceca92e7691/elements - {"using":"xpath","value":"//button[@data-kt=\"addButton\"]"}
RESULT: {"using":"xpath","value":"//button[@data-kt=\"addButton\"]"}
COMMAND: POST /session/9eb332d92fee3afc542bcceca92e7691/elements - {"using":"xpath","value":"//button[@data-kt=\"addButton\"]"}
RESULT: {"using":"xpath","value":"//button[@data-kt=\"addButton\"]"}
COMMAND: POST /session/9eb332d92fee3afc542bcceca92e7691/elements - {"using":"xpath","value":"//button[@data-kt=\"addButton\"]"}
RESULT: {"using":"xpath","value":"//button[@data-kt=\"addButton\"]"}
COMMAND: POST /session/9eb332d92fee3afc542bcceca92e7691/elements - {"using":"xpath","value":"//button[@data-kt=\"addButton\"]"}
RESULT: {"using":"xpath","value":"//button[@data-kt=\"addButton\"]"}
COMMAND: POST /session/9eb332d92fee3afc542bcceca92e7691/elements - {"using":"xpath","value":"//button[@data-kt=\"addButton\"]"}
RESULT: {"using":"xpath","value":"//button[@data-kt=\"addButton\"]"}
COMMAND: POST /session/9eb332d92fee3afc542bcceca92e7691/elements - {"using":"xpath","value":"//button[@data-kt=\"addButton\"]"}
RESULT: {"using":"xpath","value":"//button[@data-kt=\"addButton\"]"}
COMMAND: POST /session/9eb332d92fee3afc542bcceca92e7691/elements - {"using":"xpath","value":"//button[@data-kt=\"addButton\"]"}
RESULT: {"using":"xpath","value":"//button[@data-kt=\"addButton\"]"}
COMMAND: POST /session/9eb332d92fee3afc542bcceca92e7691/elements - {"using":"xpath","value":"//button[@data-kt=\"addButton\"]"}
RESULT: {"using":"xpath","value":"//button[@data-kt=\"addButton\"]"}
COMMAND: POST /session/9eb332d92fee3afc542bcceca92e7691/elements - {"using":"xpath","value":"//button[@data-kt=\"addButton\"]"}
RESULT: {"using":"xpath","value":"//button[@data-kt=\"addButton\"]"}
COMMAND: POST /session/9eb332d92fee3afc542bcceca92e7691/elements - {"using":"xpath","value":"//button[@data-kt=\"addButton\"]"}
RESULT: {"using":"xpath","value":"//button[@data-kt=\"addButton\"]"}
COMMAND: POST /session/9eb332d92fee3afc542bcceca92e7691/elements - {"using":"xpath","value":"//button[@data-kt=\"addButton\"]"}
RESULT: {"using":"xpath","value":"//button[@data-kt=\"addButton\"]"}
COMMAND: POST /session/9eb332d92fee3afc542bcceca92e7691/elements - {"using":"xpath","value":"//button[@data-kt=\"addButton\"]"}
RESULT: {"using":"xpath","value":"//button[@data-kt=\"addButton\"]"}
COMMAND: POST /session/9eb332d92fee3afc542bcceca92e7691/elements - {"using":"xpath","value":"//button[@data-kt=\"addButton\"]"}
RESULT: {"using":"xpath","value":"//button[@data-kt=\"addButton\"]"}
COMMAND: POST /session/9eb332d92fee3afc542bcceca92e7691/element - {"using":"xpath","value":"//button[@data-kt=\"addButton\"]"}
RESULT: {"using":"xpath","value":"//button[@data-kt=\"addButton\"]"}
COMMAND: POST /session/9eb332d92fee3afc542bcceca92e7691/execute/sync - {"script":"<script> [8489 bytes]","args":[{"element-6066-11e4-a52e-4f735466cecf":"f.FB94101F77D2F5C7286D81464D13618E.d.A2A0FB7B531E326FC0DDF80E3577E6BE.e.2994","ELEMENT":"f.FB94101F77D2F5C7286D81464D13618E.d.A2A0FB7B531E326FC0DDF80E3577E6BE.e.2994"}]}
RESULT: {"script":"<script> [8489 bytes]","args":[{"element-6066-11e4-a52e-4f735466cecf":"f.FB94101F77D2F5C7286D81464D13618E.d.A2A0FB7B531E326FC0DDF80E3577E6BE.e.2994","ELEMENT":"f.FB94101F77D2F5C7286D81464D13618E.d.A2A0FB7B531E326FC0DDF80E3577E6BE.e.2994"}]}
COMMAND: GET /session/9eb332d92fee3afc542bcceca92e7691/element/f.FB94101F77D2F5C7286D81464D13618E.d.A2A0FB7B531E326FC0DDF80E3577E6BE.e.2994/enabled - {}
COMMAND: GET /session/9eb332d92fee3afc542bcceca92e7691/screenshot - {}
RESULT: {}
COMMAND: POST /session/9eb332d92fee3afc542bcceca92e7691/execute/sync - {"script":"<script> [8489 bytes]","args":[{"element-6066-11e4-a52e-4f735466cecf":"f.FB94101F77D2F5C7286D81464D13618E.d.A2A0FB7B531E326FC0DDF80E3577E6BE.e.2994","ELEMENT":"f.FB94101F77D2F5C7286D81464D13618E.d.A2A0FB7B531E326FC0DDF80E3577E6BE.e.2994"}]}
COMMAND: GET /session/9eb332d92fee3afc542bcceca92e7691/screenshot - {}
RESULT: {}
RESULT: {"script":"<script> [8489 bytes]","args":[{"element-6066-11e4-a52e-4f735466cecf":"f.FB94101F77D2F5C7286D81464D13618E.d.A2A0FB7B531E326FC0DDF80E3577E6BE.e.2994","ELEMENT":"f.FB94101F77D2F5C7286D81464D13618E.d.A2A0FB7B531E326FC0DDF80E3577E6BE.e.2994"}]}
COMMAND: POST /session/9eb332d92fee3afc542bcceca92e7691/execute/sync - {"script":"<script> [5351 bytes]","args":[{"element-6066-11e4-a52e-4f735466cecf":"f.FB94101F77D2F5C7286D81464D13618E.d.A2A0FB7B531E326FC0DDF80E3577E6BE.e.2994","ELEMENT":"f.FB94101F77D2F5C7286D81464D13618E.d.A2A0FB7B531E326FC0DDF80E3577E6BE.e.2994"}]}
COMMAND: GET /session/9eb332d92fee3afc542bcceca92e7691/screenshot - {}
RESULT: {}
RESULT: {"script":"<script> [5351 bytes]","args":[{"element-6066-11e4-a52e-4f735466cecf":"f.FB94101F77D2F5C7286D81464D13618E.d.A2A0FB7B531E326FC0DDF80E3577E6BE.e.2994","ELEMENT":"f.FB94101F77D2F5C7286D81464D13618E.d.A2A0FB7B531E326FC0DDF80E3577E6BE.e.2994"}]}
COMMAND: POST /session/9eb332d92fee3afc542bcceca92e7691/element/f.FB94101F77D2F5C7286D81464D13618E.d.A2A0FB7B531E326FC0DDF80E3577E6BE.e.2994/click - {}
COMMAND: GET /session/9eb332d92fee3afc542bcceca92e7691/screenshot - {}
RESULT: {}
RESULT: {}
COMMAND: GET /session/9eb332d92fee3afc542bcceca92e7691/screenshot - {}
COMMAND: POST /session/9eb332d92fee3afc542bcceca92e7691/execute/async - {"script":"<script> [1562 bytes]","args":[{"selector":{"id":"application-managepartners-display-component---NewPartner--addressDetailDetailsName1","interaction":{"idSuffix":"inner"}},"wdio_ui5_key":"applicationmanagepartners-display-component---NewPartner--addressDetailDetailsName1"}]}
RESULT: {}
RESULT: {}
RESULT: {"script":"<script> [1562 bytes]","args":[{"selector":{"id":"application-managepartners-display-component---NewPartner--addressDetailDetailsName1","interaction":{"idSuffix":"inner"}},"wdio_ui5_key":"applicationmanagepartners-display-component---NewPartner--addressDetailDetailsName1"}]}
RESULT: undefined
COMMAND: POST /session/9eb332d92fee3afc542bcceca92e7691/execute/async - {"script":"<script> [776 bytes]","args":[{"enterText":"External Partner WDIO","selector":{"id":"application-managepartners-display-component---NewPartner--addressDetailDetailsName1","interaction":{"idSuffix":"inner"}},"clearTextFirst":true,"interactionType":"ENTER_TEXT"}]}
RESULT: {"script":"<script> [776 bytes]","args":[{"enterText":"External Partner WDIO","selector":{"id":"application-managepartners-display-component---NewPartner--addressDetailDetailsName1","interaction":{"idSuffix":"inner"}},"clearTextFirst":true,"interactionType":"ENTER_TEXT"}]}
COMMAND: POST /session/9eb332d92fee3afc542bcceca92e7691/execute/async - {"script":"<script> [1562 bytes]","args":[{"selector":{"id":"application-managepartners-display-component---NewPartner--addressDetailDetailsLanguage-arrow"},"wdio_ui5_key":"applicationmanagepartners-display-component---NewPartner--addressDetailDetailsLanguage-arrow"}]}
RESULT: {"script":"<script> [1562 bytes]","args":[{"selector":{"id":"application-managepartners-display-component---NewPartner--addressDetailDetailsLanguage-arrow"},"wdio_ui5_key":"applicationmanagepartners-display-component---NewPartner--addressDetailDetailsLanguage-arrow"}]}
RESULT: undefined
COMMAND: POST /session/9eb332d92fee3afc542bcceca92e7691/element - {"using":"xpath","value":"//*[@id=\"application-managepartners-display-component---NewPartner--addressDetailDetailsLanguage-arrow\"]"}
RESULT: {"using":"xpath","value":"//*[@id=\"application-managepartners-display-component---NewPartner--addressDetailDetailsLanguage-arrow\"]"}
COMMAND: POST /session/9eb332d92fee3afc542bcceca92e7691/element/f.FB94101F77D2F5C7286D81464D13618E.d.A2A0FB7B531E326FC0DDF80E3577E6BE.e.3451/click - {}
RESULT: {}
COMMAND: POST /session/9eb332d92fee3afc542bcceca92e7691/element - {"using":"xpath","value":"//span[contains(text(), \"English\")]"}
COMMAND: GET /session/9eb332d92fee3afc542bcceca92e7691/screenshot - {}
RESULT: {"using":"xpath","value":"//span[contains(text(), \"English\")]"}
COMMAND: POST /session/9eb332d92fee3afc542bcceca92e7691/element/f.FB94101F77D2F5C7286D81464D13618E.d.A2A0FB7B531E326FC0DDF80E3577E6BE.e.3452/click - {}
RESULT: {}
RESULT: {}
COMMAND: GET /session/9eb332d92fee3afc542bcceca92e7691/screenshot - {}
RESULT: {}
COMMAND: POST /session/9eb332d92fee3afc542bcceca92e7691/execute/async - {"script":"<script> [1562 bytes]","args":[{"selector":{"id":"application-managepartners-display-component---NewPartner--addressDetailDetailsCity1","interaction":{"idSuffix":"inner"}},"wdio_ui5_key":"applicationmanagepartners-display-component---NewPartner--addressDetailDetailsCity1"}]}
RESULT: {"script":"<script> [1562 bytes]","args":[{"selector":{"id":"application-managepartners-display-component---NewPartner--addressDetailDetailsCity1","interaction":{"idSuffix":"inner"}},"wdio_ui5_key":"applicationmanagepartners-display-component---NewPartner--addressDetailDetailsCity1"}]}
RESULT: undefined
COMMAND: POST /session/9eb332d92fee3afc542bcceca92e7691/execute/async - {"script":"<script> [776 bytes]","args":[{"enterText":"Rosario","selector":{"id":"application-managepartners-display-component---NewPartner--addressDetailDetailsCity1","interaction":{"idSuffix":"inner"}},"clearTextFirst":true,"interactionType":"ENTER_TEXT"}]}
RESULT: {"script":"<script> [776 bytes]","args":[{"enterText":"Rosario","selector":{"id":"application-managepartners-display-component---NewPartner--addressDetailDetailsCity1","interaction":{"idSuffix":"inner"}},"clearTextFirst":true,"interactionType":"ENTER_TEXT"}]}
COMMAND: POST /session/9eb332d92fee3afc542bcceca92e7691/execute/async - {"script":"<script> [1562 bytes]","args":[{"selector":{"id":"application-managepartners-display-component---NewPartner--addressDetailDetailsCountry-arrow"},"wdio_ui5_key":"applicationmanagepartners-display-component---NewPartner--addressDetailDetailsCountry-arrow"}]}
RESULT: {"script":"<script> [1562 bytes]","args":[{"selector":{"id":"application-managepartners-display-component---NewPartner--addressDetailDetailsCountry-arrow"},"wdio_ui5_key":"applicationmanagepartners-display-component---NewPartner--addressDetailDetailsCountry-arrow"}]}
RESULT: undefined
COMMAND: POST /session/9eb332d92fee3afc542bcceca92e7691/element - {"using":"xpath","value":"//*[@id=\"application-managepartners-display-component---NewPartner--addressDetailDetailsCountry-arrow\"]"}
RESULT: {"using":"xpath","value":"//*[@id=\"application-managepartners-display-component---NewPartner--addressDetailDetailsCountry-arrow\"]"}
COMMAND: POST /session/9eb332d92fee3afc542bcceca92e7691/element/f.FB94101F77D2F5C7286D81464D13618E.d.A2A0FB7B531E326FC0DDF80E3577E6BE.e.3438/click - {}
RESULT: {}
COMMAND: POST /session/9eb332d92fee3afc542bcceca92e7691/element - {"using":"xpath","value":"//span[contains(text(), \"Argentina\")]"}
COMMAND: GET /session/9eb332d92fee3afc542bcceca92e7691/screenshot - {}
RESULT: {"using":"xpath","value":"//span[contains(text(), \"Argentina\")]"}
COMMAND: POST /session/9eb332d92fee3afc542bcceca92e7691/element/f.FB94101F77D2F5C7286D81464D13618E.d.A2A0FB7B531E326FC0DDF80E3577E6BE.e.3454/click - {}
RESULT: {}
RESULT: {}
COMMAND: GET /session/9eb332d92fee3afc542bcceca92e7691/screenshot - {}
RESULT: {}
COMMAND: POST /session/9eb332d92fee3afc542bcceca92e7691/element - {"using":"xpath","value":"//bdi[contains(text(), \"Commercial\")]"}
RESULT: {"using":"xpath","value":"//bdi[contains(text(), \"Commercial\")]"}
COMMAND: POST /session/9eb332d92fee3afc542bcceca92e7691/element/f.FB94101F77D2F5C7286D81464D13618E.d.A2A0FB7B531E326FC0DDF80E3577E6BE.e.3455/click - {}
RESULT: {}
COMMAND: GET /session/9eb332d92fee3afc542bcceca92e7691/screenshot - {}
RESULT: {}
COMMAND: POST /session/9eb332d92fee3afc542bcceca92e7691/execute/async - {"script":"<script> [1562 bytes]","args":[{"selector":{"id":"application-managepartners-display-component---NewPartner--partnerDetailInternal-arrow"},"wdio_ui5_key":"applicationmanagepartners-display-component---NewPartner--partnerDetailInternal-arrow"}]}
RESULT: {"script":"<script> [1562 bytes]","args":[{"selector":{"id":"application-managepartners-display-component---NewPartner--partnerDetailInternal-arrow"},"wdio_ui5_key":"applicationmanagepartners-display-component---NewPartner--partnerDetailInternal-arrow"}]}
RESULT: undefined
COMMAND: POST /session/9eb332d92fee3afc542bcceca92e7691/element - {"using":"xpath","value":"//*[@id=\"application-managepartners-display-component---NewPartner--partnerDetailInternal-arrow\"]"}
RESULT: {"using":"xpath","value":"//*[@id=\"application-managepartners-display-component---NewPartner--partnerDetailInternal-arrow\"]"}
COMMAND: POST /session/9eb332d92fee3afc542bcceca92e7691/element/f.FB94101F77D2F5C7286D81464D13618E.d.A2A0FB7B531E326FC0DDF80E3577E6BE.e.3461/click - {}
RESULT: {}
COMMAND: POST /session/9eb332d92fee3afc542bcceca92e7691/element - {"using":"xpath","value":"//span[contains(text(), \"External partner\")]"}
COMMAND: GET /session/9eb332d92fee3afc542bcceca92e7691/screenshot - {}
RESULT: {"using":"xpath","value":"//span[contains(text(), \"External partner\")]"}
COMMAND: POST /session/9eb332d92fee3afc542bcceca92e7691/element/f.FB94101F77D2F5C7286D81464D13618E.d.A2A0FB7B531E326FC0DDF80E3577E6BE.e.3462/click - {}
RESULT: {}
RESULT: {}
COMMAND: POST /session/9eb332d92fee3afc542bcceca92e7691/execute/async - {"script":"<script> [1562 bytes]","args":[{"selector":{"id":"application-managepartners-display-component---NewPartner--partnerDetailsCurrency-arrow"},"wdio_ui5_key":"applicationmanagepartners-display-component---NewPartner--partnerDetailsCurrency-arrow"}]}
COMMAND: GET /session/9eb332d92fee3afc542bcceca92e7691/screenshot - {}
RESULT: {"script":"<script> [1562 bytes]","args":[{"selector":{"id":"application-managepartners-display-component---NewPartner--partnerDetailsCurrency-arrow"},"wdio_ui5_key":"applicationmanagepartners-display-component---NewPartner--partnerDetailsCurrency-arrow"}]}
RESULT: undefined
COMMAND: POST /session/9eb332d92fee3afc542bcceca92e7691/element - {"using":"xpath","value":"//*[@id=\"application-managepartners-display-component---NewPartner--partnerDetailsCurrency-arrow\"]"}
RESULT: {}
RESULT: {"using":"xpath","value":"//*[@id=\"application-managepartners-display-component---NewPartner--partnerDetailsCurrency-arrow\"]"}
COMMAND: POST /session/9eb332d92fee3afc542bcceca92e7691/element/f.FB94101F77D2F5C7286D81464D13618E.d.A2A0FB7B531E326FC0DDF80E3577E6BE.e.3467/click - {}
RESULT: {}
COMMAND: POST /session/9eb332d92fee3afc542bcceca92e7691/element - {"using":"xpath","value":"//span[contains(text(), \"US Dollar\")]"}
COMMAND: GET /session/9eb332d92fee3afc542bcceca92e7691/screenshot - {}
RESULT: {"using":"xpath","value":"//span[contains(text(), \"US Dollar\")]"}
COMMAND: POST /session/9eb332d92fee3afc542bcceca92e7691/element/f.FB94101F77D2F5C7286D81464D13618E.d.A2A0FB7B531E326FC0DDF80E3577E6BE.e.3468/click - {}
RESULT: {}
RESULT: {}
COMMAND: GET /session/9eb332d92fee3afc542bcceca92e7691/screenshot - {}
RESULT: {}
COMMAND: POST /session/9eb332d92fee3afc542bcceca92e7691/element - {"using":"xpath","value":"//input[@id=\"application-managepartners-display-component---NewPartner--companyCodeComboBox-inner\"]"}
RESULT: {"using":"xpath","value":"//input[@id=\"application-managepartners-display-component---NewPartner--companyCodeComboBox-inner\"]"}
COMMAND: POST /session/9eb332d92fee3afc542bcceca92e7691/element/f.FB94101F77D2F5C7286D81464D13618E.d.A2A0FB7B531E326FC0DDF80E3577E6BE.e.3306/clear - {}
RESULT: {}
COMMAND: POST /session/9eb332d92fee3afc542bcceca92e7691/element/f.FB94101F77D2F5C7286D81464D13618E.d.A2A0FB7B531E326FC0DDF80E3577E6BE.e.3306/value - {"text":"C002"}
COMMAND: GET /session/9eb332d92fee3afc542bcceca92e7691/screenshot - {}
RESULT: {"text":"C002"}
COMMAND: GET /session/9eb332d92fee3afc542bcceca92e7691/screenshot - {}
RESULT: {}
RESULT: {}
COMMAND: POST /session/9eb332d92fee3afc542bcceca92e7691/element - {"using":"xpath","value":"//li[.//span[text()= \"C002\"]]"}
RESULT: {"using":"xpath","value":"//li[.//span[text()= \"C002\"]]"}
COMMAND: POST /session/9eb332d92fee3afc542bcceca92e7691/element/f.FB94101F77D2F5C7286D81464D13618E.d.A2A0FB7B531E326FC0DDF80E3577E6BE.e.3472/click - {}
RESULT: {}
COMMAND: GET /session/9eb332d92fee3afc542bcceca92e7691/screenshot - {}
RESULT: {}
COMMAND: POST /session/9eb332d92fee3afc542bcceca92e7691/execute/async - {"script":"<script> [1562 bytes]","args":[{"selector":{"id":"application-managepartners-display-component---NewPartner--btnAddTableRow-img"},"wdio_ui5_key":"applicationmanagepartners-display-component---NewPartner--btnAddTableRow-img"}]}
RESULT: {"script":"<script> [1562 bytes]","args":[{"selector":{"id":"application-managepartners-display-component---NewPartner--btnAddTableRow-img"},"wdio_ui5_key":"applicationmanagepartners-display-component---NewPartner--btnAddTableRow-img"}]}
RESULT: undefined
COMMAND: POST /session/9eb332d92fee3afc542bcceca92e7691/element - {"using":"xpath","value":"//*[@id=\"application-managepartners-display-component---NewPartner--btnAddTableRow-img\"]"}
RESULT: {"using":"xpath","value":"//*[@id=\"application-managepartners-display-component---NewPartner--btnAddTableRow-img\"]"}
COMMAND: POST /session/9eb332d92fee3afc542bcceca92e7691/element/f.FB94101F77D2F5C7286D81464D13618E.d.A2A0FB7B531E326FC0DDF80E3577E6BE.e.3473/click - {}
RESULT: {}
COMMAND: GET /session/9eb332d92fee3afc542bcceca92e7691/screenshot - {}
RESULT: {}
COMMAND: POST /session/9eb332d92fee3afc542bcceca92e7691/element - {"using":"xpath","value":"//input[@id=\"application-managepartners-display-component---NewPartner--assignmentYard-application-managepartners-display-component---NewPartner--assignmentsTable-0-inner\"]"}
RESULT: {"using":"xpath","value":"//input[@id=\"application-managepartners-display-component---NewPartner--assignmentYard-application-managepartners-display-component---NewPartner--assignmentsTable-0-inner\"]"}
COMMAND: POST /session/9eb332d92fee3afc542bcceca92e7691/element/f.FB94101F77D2F5C7286D81464D13618E.d.A2A0FB7B531E326FC0DDF80E3577E6BE.e.3476/clear - {}
RESULT: {}
COMMAND: POST /session/9eb332d92fee3afc542bcceca92e7691/element/f.FB94101F77D2F5C7286D81464D13618E.d.A2A0FB7B531E326FC0DDF80E3577E6BE.e.3476/value - {"text":"689"}
COMMAND: GET /session/9eb332d92fee3afc542bcceca92e7691/screenshot - {}
RESULT: {"text":"689"}
COMMAND: GET /session/9eb332d92fee3afc542bcceca92e7691/screenshot - {}
RESULT: {}
RESULT: {}
COMMAND: POST /session/9eb332d92fee3afc542bcceca92e7691/element - {"using":"xpath","value":"//li[.//span[text()='689']]"}
RESULT: {"using":"xpath","value":"//li[.//span[text()='689']]"}
COMMAND: POST /session/9eb332d92fee3afc542bcceca92e7691/element/f.FB94101F77D2F5C7286D81464D13618E.d.A2A0FB7B531E326FC0DDF80E3577E6BE.e.3484/click - {}
RESULT: {}
COMMAND: GET /session/9eb332d92fee3afc542bcceca92e7691/screenshot - {}
RESULT: {}
COMMAND: POST /session/9eb332d92fee3afc542bcceca92e7691/actions - {"actions":[{"id":"action6","type":"key","parameters":{},"actions":[{"type":"keyDown","value":"î€‡"},{"type":"pause","duration":10},{"type":"keyUp","value":"î€‡"}]}]}
RESULT: {"actions":[{"id":"action6","type":"key","parameters":{},"actions":[{"type":"keyDown","value":"î€‡"},{"type":"pause","duration":10},{"type":"keyUp","value":"î€‡"}]}]}
COMMAND: POST /session/9eb332d92fee3afc542bcceca92e7691/element - {"using":"xpath","value":"//td[contains(@id, \"assignmentsTable-0-cell2\")]/div/div"}
COMMAND: GET /session/9eb332d92fee3afc542bcceca92e7691/screenshot - {}
RESULT: {"using":"xpath","value":"//td[contains(@id, \"assignmentsTable-0-cell2\")]/div/div"}
COMMAND: POST /session/9eb332d92fee3afc542bcceca92e7691/element/f.FB94101F77D2F5C7286D81464D13618E.d.A2A0FB7B531E326FC0DDF80E3577E6BE.e.3487/click - {}
RESULT: {}
RESULT: {}
COMMAND: GET /session/9eb332d92fee3afc542bcceca92e7691/screenshot - {}
RESULT: {}
COMMAND: POST /session/9eb332d92fee3afc542bcceca92e7691/element - {"using":"xpath","value":"//button[@data-kt=\"saveButton\"]"}
RESULT: {"using":"xpath","value":"//button[@data-kt=\"saveButton\"]"}
COMMAND: POST /session/9eb332d92fee3afc542bcceca92e7691/element/f.FB94101F77D2F5C7286D81464D13618E.d.A2A0FB7B531E326FC0DDF80E3577E6BE.e.3388/click - {}
RESULT: {}
COMMAND: GET /session/9eb332d92fee3afc542bcceca92e7691/screenshot - {}
RESULT: {}
COMMAND: POST /session/9eb332d92fee3afc542bcceca92e7691/element - {"using":"xpath","value":"//header[contains(@id, 'ObjectPageLayout-headerTitle')]/div[1]/div[2]/div[2]/span[1]"}
RESULT: {"using":"xpath","value":"//header[contains(@id, 'ObjectPageLayout-headerTitle')]/div[1]/div[2]/div[2]/span[1]"}
COMMAND: POST /session/9eb332d92fee3afc542bcceca92e7691/elements - {"using":"xpath","value":"//header[contains(@id, 'ObjectPageLayout-headerTitle')]/div[1]/div[2]/div[2]/span[1]"}
RESULT: {"using":"xpath","value":"//header[contains(@id, 'ObjectPageLayout-headerTitle')]/div[1]/div[2]/div[2]/span[1]"}
COMMAND: POST /session/9eb332d92fee3afc542bcceca92e7691/execute/sync - {"script":"<script> [56 bytes]","args":[{"element-6066-11e4-a52e-4f735466cecf":"f.FB94101F77D2F5C7286D81464D13618E.d.A2A0FB7B531E326FC0DDF80E3577E6BE.e.3652","ELEMENT":"f.FB94101F77D2F5C7286D81464D13618E.d.A2A0FB7B531E326FC0DDF80E3577E6BE.e.3652"}]}
RESULT: {"script":"<script> [56 bytes]","args":[{"element-6066-11e4-a52e-4f735466cecf":"f.FB94101F77D2F5C7286D81464D13618E.d.A2A0FB7B531E326FC0DDF80E3577E6BE.e.3652","ELEMENT":"f.FB94101F77D2F5C7286D81464D13618E.d.A2A0FB7B531E326FC0DDF80E3577E6BE.e.3652"}]}
COMMAND: POST /session/9eb332d92fee3afc542bcceca92e7691/element - {"using":"css selector","value":"#shell-header-logo"}
COMMAND: GET /session/9eb332d92fee3afc542bcceca92e7691/screenshot - {}
RESULT: {"using":"css selector","value":"#shell-header-logo"}
COMMAND: POST /session/9eb332d92fee3afc542bcceca92e7691/element/f.FB94101F77D2F5C7286D81464D13618E.d.A2A0FB7B531E326FC0DDF80E3577E6BE.e.2960/click - {}
RESULT: {}
RESULT: {}
COMMAND: GET /session/9eb332d92fee3afc542bcceca92e7691/screenshot - {}
RESULT: {}
COMMAND: POST /session/9eb332d92fee3afc542bcceca92e7691/execute/sync - {"script":"<script> [299 bytes]","args":[["getModel","getResource"]]}
RESULT: {"script":"<script> [299 bytes]","args":[["getModel","getResource"]]}
]]></system-out>
    </testcase>
    <testcase classname="chrome.136_0_7103_49.windows.Create_partner_US118246" name="Should create a new yard in case create yard failed" time="0.004" />
    <testcase classname="chrome.136_0_7103_49.windows.Create_partner_US118246" name="Should create new external WHM partner" time="72.492">
      <system-out><![CDATA[
COMMAND: GET /session/9eb332d92fee3afc542bcceca92e7691/screenshot - {}
COMMAND: POST /session/9eb332d92fee3afc542bcceca92e7691/window/fullscreen - {}
RESULT: {}
RESULT: undefined
COMMAND: POST /session/9eb332d92fee3afc542bcceca92e7691/element - {"using":"xpath","value":"//*[@id=\"__tile38\"]"}
RESULT: {}
RESULT: {"using":"xpath","value":"//*[@id=\"__tile38\"]"}
COMMAND: POST /session/9eb332d92fee3afc542bcceca92e7691/element/f.FB94101F77D2F5C7286D81464D13618E.d.A2A0FB7B531E326FC0DDF80E3577E6BE.e.2844/click - {}
RESULT: {}
COMMAND: POST /session/9eb332d92fee3afc542bcceca92e7691/element - {"using":"xpath","value":"//button[@data-kt=\"addButton\"]"}
COMMAND: GET /session/9eb332d92fee3afc542bcceca92e7691/screenshot - {}
RESULT: {"using":"xpath","value":"//button[@data-kt=\"addButton\"]"}
COMMAND: POST /session/9eb332d92fee3afc542bcceca92e7691/elements - {"using":"xpath","value":"//button[@data-kt=\"addButton\"]"}
RESULT: {}
RESULT: {"using":"xpath","value":"//button[@data-kt=\"addButton\"]"}
COMMAND: POST /session/9eb332d92fee3afc542bcceca92e7691/elements - {"using":"xpath","value":"//button[@data-kt=\"addButton\"]"}
RESULT: {"using":"xpath","value":"//button[@data-kt=\"addButton\"]"}
COMMAND: POST /session/9eb332d92fee3afc542bcceca92e7691/elements - {"using":"xpath","value":"//button[@data-kt=\"addButton\"]"}
RESULT: {"using":"xpath","value":"//button[@data-kt=\"addButton\"]"}
COMMAND: POST /session/9eb332d92fee3afc542bcceca92e7691/elements - {"using":"xpath","value":"//button[@data-kt=\"addButton\"]"}
RESULT: {"using":"xpath","value":"//button[@data-kt=\"addButton\"]"}
COMMAND: POST /session/9eb332d92fee3afc542bcceca92e7691/elements - {"using":"xpath","value":"//button[@data-kt=\"addButton\"]"}
RESULT: {"using":"xpath","value":"//button[@data-kt=\"addButton\"]"}
COMMAND: POST /session/9eb332d92fee3afc542bcceca92e7691/elements - {"using":"xpath","value":"//button[@data-kt=\"addButton\"]"}
RESULT: {"using":"xpath","value":"//button[@data-kt=\"addButton\"]"}
COMMAND: POST /session/9eb332d92fee3afc542bcceca92e7691/elements - {"using":"xpath","value":"//button[@data-kt=\"addButton\"]"}
RESULT: {"using":"xpath","value":"//button[@data-kt=\"addButton\"]"}
COMMAND: POST /session/9eb332d92fee3afc542bcceca92e7691/elements - {"using":"xpath","value":"//button[@data-kt=\"addButton\"]"}
RESULT: {"using":"xpath","value":"//button[@data-kt=\"addButton\"]"}
COMMAND: POST /session/9eb332d92fee3afc542bcceca92e7691/elements - {"using":"xpath","value":"//button[@data-kt=\"addButton\"]"}
RESULT: {"using":"xpath","value":"//button[@data-kt=\"addButton\"]"}
COMMAND: POST /session/9eb332d92fee3afc542bcceca92e7691/elements - {"using":"xpath","value":"//button[@data-kt=\"addButton\"]"}
RESULT: {"using":"xpath","value":"//button[@data-kt=\"addButton\"]"}
COMMAND: POST /session/9eb332d92fee3afc542bcceca92e7691/elements - {"using":"xpath","value":"//button[@data-kt=\"addButton\"]"}
RESULT: {"using":"xpath","value":"//button[@data-kt=\"addButton\"]"}
COMMAND: POST /session/9eb332d92fee3afc542bcceca92e7691/elements - {"using":"xpath","value":"//button[@data-kt=\"addButton\"]"}
RESULT: {"using":"xpath","value":"//button[@data-kt=\"addButton\"]"}
COMMAND: POST /session/9eb332d92fee3afc542bcceca92e7691/elements - {"using":"xpath","value":"//button[@data-kt=\"addButton\"]"}
RESULT: {"using":"xpath","value":"//button[@data-kt=\"addButton\"]"}
COMMAND: POST /session/9eb332d92fee3afc542bcceca92e7691/elements - {"using":"xpath","value":"//button[@data-kt=\"addButton\"]"}
RESULT: {"using":"xpath","value":"//button[@data-kt=\"addButton\"]"}
COMMAND: POST /session/9eb332d92fee3afc542bcceca92e7691/elements - {"using":"xpath","value":"//button[@data-kt=\"addButton\"]"}
RESULT: {"using":"xpath","value":"//button[@data-kt=\"addButton\"]"}
COMMAND: POST /session/9eb332d92fee3afc542bcceca92e7691/elements - {"using":"xpath","value":"//button[@data-kt=\"addButton\"]"}
RESULT: {"using":"xpath","value":"//button[@data-kt=\"addButton\"]"}
COMMAND: POST /session/9eb332d92fee3afc542bcceca92e7691/element - {"using":"xpath","value":"//button[@data-kt=\"addButton\"]"}
RESULT: {"using":"xpath","value":"//button[@data-kt=\"addButton\"]"}
COMMAND: POST /session/9eb332d92fee3afc542bcceca92e7691/execute/sync - {"script":"<script> [8489 bytes]","args":[{"element-6066-11e4-a52e-4f735466cecf":"f.FB94101F77D2F5C7286D81464D13618E.d.A2A0FB7B531E326FC0DDF80E3577E6BE.e.3688","ELEMENT":"f.FB94101F77D2F5C7286D81464D13618E.d.A2A0FB7B531E326FC0DDF80E3577E6BE.e.3688"}]}
RESULT: {"script":"<script> [8489 bytes]","args":[{"element-6066-11e4-a52e-4f735466cecf":"f.FB94101F77D2F5C7286D81464D13618E.d.A2A0FB7B531E326FC0DDF80E3577E6BE.e.3688","ELEMENT":"f.FB94101F77D2F5C7286D81464D13618E.d.A2A0FB7B531E326FC0DDF80E3577E6BE.e.3688"}]}
COMMAND: GET /session/9eb332d92fee3afc542bcceca92e7691/element/f.FB94101F77D2F5C7286D81464D13618E.d.A2A0FB7B531E326FC0DDF80E3577E6BE.e.3688/enabled - {}
COMMAND: GET /session/9eb332d92fee3afc542bcceca92e7691/screenshot - {}
RESULT: {}
COMMAND: POST /session/9eb332d92fee3afc542bcceca92e7691/execute/sync - {"script":"<script> [8489 bytes]","args":[{"element-6066-11e4-a52e-4f735466cecf":"f.FB94101F77D2F5C7286D81464D13618E.d.A2A0FB7B531E326FC0DDF80E3577E6BE.e.3688","ELEMENT":"f.FB94101F77D2F5C7286D81464D13618E.d.A2A0FB7B531E326FC0DDF80E3577E6BE.e.3688"}]}
COMMAND: GET /session/9eb332d92fee3afc542bcceca92e7691/screenshot - {}
RESULT: {}
RESULT: {"script":"<script> [8489 bytes]","args":[{"element-6066-11e4-a52e-4f735466cecf":"f.FB94101F77D2F5C7286D81464D13618E.d.A2A0FB7B531E326FC0DDF80E3577E6BE.e.3688","ELEMENT":"f.FB94101F77D2F5C7286D81464D13618E.d.A2A0FB7B531E326FC0DDF80E3577E6BE.e.3688"}]}
COMMAND: POST /session/9eb332d92fee3afc542bcceca92e7691/execute/sync - {"script":"<script> [5351 bytes]","args":[{"element-6066-11e4-a52e-4f735466cecf":"f.FB94101F77D2F5C7286D81464D13618E.d.A2A0FB7B531E326FC0DDF80E3577E6BE.e.3688","ELEMENT":"f.FB94101F77D2F5C7286D81464D13618E.d.A2A0FB7B531E326FC0DDF80E3577E6BE.e.3688"}]}
COMMAND: GET /session/9eb332d92fee3afc542bcceca92e7691/screenshot - {}
RESULT: {}
RESULT: {"script":"<script> [5351 bytes]","args":[{"element-6066-11e4-a52e-4f735466cecf":"f.FB94101F77D2F5C7286D81464D13618E.d.A2A0FB7B531E326FC0DDF80E3577E6BE.e.3688","ELEMENT":"f.FB94101F77D2F5C7286D81464D13618E.d.A2A0FB7B531E326FC0DDF80E3577E6BE.e.3688"}]}
COMMAND: POST /session/9eb332d92fee3afc542bcceca92e7691/element/f.FB94101F77D2F5C7286D81464D13618E.d.A2A0FB7B531E326FC0DDF80E3577E6BE.e.3688/click - {}
COMMAND: GET /session/9eb332d92fee3afc542bcceca92e7691/screenshot - {}
RESULT: {}
RESULT: {}
COMMAND: GET /session/9eb332d92fee3afc542bcceca92e7691/screenshot - {}
RESULT: undefined
COMMAND: POST /session/9eb332d92fee3afc542bcceca92e7691/execute/async - {"script":"<script> [776 bytes]","args":[{"enterText":"External Partner WDIO","selector":{"id":"application-managepartners-display-component---NewPartner--addressDetailDetailsName1","interaction":{"idSuffix":"inner"}},"clearTextFirst":true,"interactionType":"ENTER_TEXT"}]}
RESULT: {}
RESULT: {}
RESULT: {"script":"<script> [776 bytes]","args":[{"enterText":"External Partner WDIO","selector":{"id":"application-managepartners-display-component---NewPartner--addressDetailDetailsName1","interaction":{"idSuffix":"inner"}},"clearTextFirst":true,"interactionType":"ENTER_TEXT"}]}
RESULT: undefined
COMMAND: POST /session/9eb332d92fee3afc542bcceca92e7691/element - {"using":"xpath","value":"//*[@id=\"application-managepartners-display-component---NewPartner--addressDetailDetailsLanguage-arrow\"]"}
RESULT: {"using":"xpath","value":"//*[@id=\"application-managepartners-display-component---NewPartner--addressDetailDetailsLanguage-arrow\"]"}
COMMAND: POST /session/9eb332d92fee3afc542bcceca92e7691/element/f.FB94101F77D2F5C7286D81464D13618E.d.A2A0FB7B531E326FC0DDF80E3577E6BE.e.4142/click - {}
RESULT: {}
COMMAND: POST /session/9eb332d92fee3afc542bcceca92e7691/element - {"using":"xpath","value":"//span[contains(text(), \"English\")]"}
COMMAND: GET /session/9eb332d92fee3afc542bcceca92e7691/screenshot - {}
RESULT: {"using":"xpath","value":"//span[contains(text(), \"English\")]"}
COMMAND: POST /session/9eb332d92fee3afc542bcceca92e7691/element/f.FB94101F77D2F5C7286D81464D13618E.d.A2A0FB7B531E326FC0DDF80E3577E6BE.e.4143/click - {}
RESULT: {}
RESULT: {}
COMMAND: GET /session/9eb332d92fee3afc542bcceca92e7691/screenshot - {}
RESULT: {}
RESULT: undefined
COMMAND: POST /session/9eb332d92fee3afc542bcceca92e7691/execute/async - {"script":"<script> [776 bytes]","args":[{"enterText":"Rosario","selector":{"id":"application-managepartners-display-component---NewPartner--addressDetailDetailsCity1","interaction":{"idSuffix":"inner"}},"clearTextFirst":true,"interactionType":"ENTER_TEXT"}]}
RESULT: {"script":"<script> [776 bytes]","args":[{"enterText":"Rosario","selector":{"id":"application-managepartners-display-component---NewPartner--addressDetailDetailsCity1","interaction":{"idSuffix":"inner"}},"clearTextFirst":true,"interactionType":"ENTER_TEXT"}]}
RESULT: undefined
COMMAND: POST /session/9eb332d92fee3afc542bcceca92e7691/element - {"using":"xpath","value":"//*[@id=\"application-managepartners-display-component---NewPartner--addressDetailDetailsCountry-arrow\"]"}
RESULT: {"using":"xpath","value":"//*[@id=\"application-managepartners-display-component---NewPartner--addressDetailDetailsCountry-arrow\"]"}
COMMAND: POST /session/9eb332d92fee3afc542bcceca92e7691/element/f.FB94101F77D2F5C7286D81464D13618E.d.A2A0FB7B531E326FC0DDF80E3577E6BE.e.4130/click - {}
RESULT: {}
COMMAND: POST /session/9eb332d92fee3afc542bcceca92e7691/element - {"using":"xpath","value":"//span[contains(text(), \"Argentina\")]"}
COMMAND: GET /session/9eb332d92fee3afc542bcceca92e7691/screenshot - {}
RESULT: {"using":"xpath","value":"//span[contains(text(), \"Argentina\")]"}
COMMAND: POST /session/9eb332d92fee3afc542bcceca92e7691/element/f.FB94101F77D2F5C7286D81464D13618E.d.A2A0FB7B531E326FC0DDF80E3577E6BE.e.4144/click - {}
RESULT: {}
RESULT: {}
COMMAND: GET /session/9eb332d92fee3afc542bcceca92e7691/screenshot - {}
RESULT: {}
COMMAND: POST /session/9eb332d92fee3afc542bcceca92e7691/element - {"using":"xpath","value":"//bdi[contains(text(), \"Commercial\")]"}
RESULT: {"using":"xpath","value":"//bdi[contains(text(), \"Commercial\")]"}
COMMAND: POST /session/9eb332d92fee3afc542bcceca92e7691/element/f.FB94101F77D2F5C7286D81464D13618E.d.A2A0FB7B531E326FC0DDF80E3577E6BE.e.4145/click - {}
RESULT: {}
COMMAND: GET /session/9eb332d92fee3afc542bcceca92e7691/screenshot - {}
RESULT: {}
RESULT: undefined
COMMAND: POST /session/9eb332d92fee3afc542bcceca92e7691/element - {"using":"xpath","value":"//*[@id=\"application-managepartners-display-component---NewPartner--partnerDetailInternal-arrow\"]"}
RESULT: {"using":"xpath","value":"//*[@id=\"application-managepartners-display-component---NewPartner--partnerDetailInternal-arrow\"]"}
COMMAND: POST /session/9eb332d92fee3afc542bcceca92e7691/element/f.FB94101F77D2F5C7286D81464D13618E.d.A2A0FB7B531E326FC0DDF80E3577E6BE.e.4151/click - {}
RESULT: {}
COMMAND: POST /session/9eb332d92fee3afc542bcceca92e7691/element - {"using":"xpath","value":"//span[contains(text(), \"External partner\")]"}
COMMAND: GET /session/9eb332d92fee3afc542bcceca92e7691/screenshot - {}
RESULT: {"using":"xpath","value":"//span[contains(text(), \"External partner\")]"}
COMMAND: POST /session/9eb332d92fee3afc542bcceca92e7691/element/f.FB94101F77D2F5C7286D81464D13618E.d.A2A0FB7B531E326FC0DDF80E3577E6BE.e.4152/click - {}
RESULT: {}
RESULT: {}
RESULT: undefined
COMMAND: POST /session/9eb332d92fee3afc542bcceca92e7691/element - {"using":"xpath","value":"//*[@id=\"application-managepartners-display-component---NewPartner--partnerDetailsCurrency-arrow\"]"}
COMMAND: GET /session/9eb332d92fee3afc542bcceca92e7691/screenshot - {}
RESULT: {"using":"xpath","value":"//*[@id=\"application-managepartners-display-component---NewPartner--partnerDetailsCurrency-arrow\"]"}
COMMAND: POST /session/9eb332d92fee3afc542bcceca92e7691/element/f.FB94101F77D2F5C7286D81464D13618E.d.A2A0FB7B531E326FC0DDF80E3577E6BE.e.4157/click - {}
RESULT: {}
RESULT: {}
COMMAND: POST /session/9eb332d92fee3afc542bcceca92e7691/element - {"using":"xpath","value":"//span[contains(text(), \"US Dollar\")]"}
COMMAND: GET /session/9eb332d92fee3afc542bcceca92e7691/screenshot - {}
RESULT: {"using":"xpath","value":"//span[contains(text(), \"US Dollar\")]"}
COMMAND: POST /session/9eb332d92fee3afc542bcceca92e7691/element/f.FB94101F77D2F5C7286D81464D13618E.d.A2A0FB7B531E326FC0DDF80E3577E6BE.e.4158/click - {}
RESULT: {}
RESULT: {}
COMMAND: GET /session/9eb332d92fee3afc542bcceca92e7691/screenshot - {}
RESULT: {}
COMMAND: POST /session/9eb332d92fee3afc542bcceca92e7691/element - {"using":"xpath","value":"//input[@id=\"application-managepartners-display-component---NewPartner--companyCodeComboBox-inner\"]"}
RESULT: {"using":"xpath","value":"//input[@id=\"application-managepartners-display-component---NewPartner--companyCodeComboBox-inner\"]"}
COMMAND: POST /session/9eb332d92fee3afc542bcceca92e7691/element/f.FB94101F77D2F5C7286D81464D13618E.d.A2A0FB7B531E326FC0DDF80E3577E6BE.e.3999/clear - {}
RESULT: {}
COMMAND: POST /session/9eb332d92fee3afc542bcceca92e7691/element/f.FB94101F77D2F5C7286D81464D13618E.d.A2A0FB7B531E326FC0DDF80E3577E6BE.e.3999/value - {"text":"C002"}
COMMAND: GET /session/9eb332d92fee3afc542bcceca92e7691/screenshot - {}
RESULT: {"text":"C002"}
COMMAND: GET /session/9eb332d92fee3afc542bcceca92e7691/screenshot - {}
RESULT: {}
RESULT: {}
COMMAND: POST /session/9eb332d92fee3afc542bcceca92e7691/element - {"using":"xpath","value":"//li[.//span[text()= \"C002\"]]"}
RESULT: {"using":"xpath","value":"//li[.//span[text()= \"C002\"]]"}
COMMAND: POST /session/9eb332d92fee3afc542bcceca92e7691/element/f.FB94101F77D2F5C7286D81464D13618E.d.A2A0FB7B531E326FC0DDF80E3577E6BE.e.4162/click - {}
RESULT: {}
COMMAND: GET /session/9eb332d92fee3afc542bcceca92e7691/screenshot - {}
RESULT: {}
RESULT: undefined
COMMAND: POST /session/9eb332d92fee3afc542bcceca92e7691/element - {"using":"xpath","value":"//*[@id=\"application-managepartners-display-component---NewPartner--btnAddTableRow-img\"]"}
RESULT: {"using":"xpath","value":"//*[@id=\"application-managepartners-display-component---NewPartner--btnAddTableRow-img\"]"}
COMMAND: POST /session/9eb332d92fee3afc542bcceca92e7691/element/f.FB94101F77D2F5C7286D81464D13618E.d.A2A0FB7B531E326FC0DDF80E3577E6BE.e.4163/click - {}
RESULT: {}
COMMAND: GET /session/9eb332d92fee3afc542bcceca92e7691/screenshot - {}
RESULT: {}
COMMAND: POST /session/9eb332d92fee3afc542bcceca92e7691/element - {"using":"xpath","value":"//input[@id=\"application-managepartners-display-component---NewPartner--assignmentYard-application-managepartners-display-component---NewPartner--assignmentsTable-0-inner\"]"}
RESULT: {"using":"xpath","value":"//input[@id=\"application-managepartners-display-component---NewPartner--assignmentYard-application-managepartners-display-component---NewPartner--assignmentsTable-0-inner\"]"}
COMMAND: POST /session/9eb332d92fee3afc542bcceca92e7691/element/f.FB94101F77D2F5C7286D81464D13618E.d.A2A0FB7B531E326FC0DDF80E3577E6BE.e.4166/clear - {}
RESULT: {}
COMMAND: POST /session/9eb332d92fee3afc542bcceca92e7691/element/f.FB94101F77D2F5C7286D81464D13618E.d.A2A0FB7B531E326FC0DDF80E3577E6BE.e.4166/value - {"text":"692"}
COMMAND: GET /session/9eb332d92fee3afc542bcceca92e7691/screenshot - {}
RESULT: {"text":"692"}
COMMAND: GET /session/9eb332d92fee3afc542bcceca92e7691/screenshot - {}
RESULT: {}
RESULT: {}
COMMAND: POST /session/9eb332d92fee3afc542bcceca92e7691/element - {"using":"xpath","value":"//li[.//span[text()='692']]"}
RESULT: {"using":"xpath","value":"//li[.//span[text()='692']]"}
COMMAND: POST /session/9eb332d92fee3afc542bcceca92e7691/element/f.FB94101F77D2F5C7286D81464D13618E.d.A2A0FB7B531E326FC0DDF80E3577E6BE.e.4174/click - {}
RESULT: {}
COMMAND: GET /session/9eb332d92fee3afc542bcceca92e7691/screenshot - {}
RESULT: {}
COMMAND: POST /session/9eb332d92fee3afc542bcceca92e7691/actions - {"actions":[{"id":"action7","type":"key","parameters":{},"actions":[{"type":"keyDown","value":"î€‡"},{"type":"pause","duration":10},{"type":"keyUp","value":"î€‡"}]}]}
RESULT: {"actions":[{"id":"action7","type":"key","parameters":{},"actions":[{"type":"keyDown","value":"î€‡"},{"type":"pause","duration":10},{"type":"keyUp","value":"î€‡"}]}]}
COMMAND: POST /session/9eb332d92fee3afc542bcceca92e7691/element - {"using":"xpath","value":"//td[contains(@id, \"assignmentsTable-0-cell2\")]/div/div"}
COMMAND: GET /session/9eb332d92fee3afc542bcceca92e7691/screenshot - {}
RESULT: {"using":"xpath","value":"//td[contains(@id, \"assignmentsTable-0-cell2\")]/div/div"}
COMMAND: POST /session/9eb332d92fee3afc542bcceca92e7691/element/f.FB94101F77D2F5C7286D81464D13618E.d.A2A0FB7B531E326FC0DDF80E3577E6BE.e.4177/click - {}
RESULT: {}
RESULT: {}
COMMAND: GET /session/9eb332d92fee3afc542bcceca92e7691/screenshot - {}
RESULT: {}
COMMAND: POST /session/9eb332d92fee3afc542bcceca92e7691/element - {"using":"xpath","value":"//button[@data-kt=\"saveButton\"]"}
RESULT: {"using":"xpath","value":"//button[@data-kt=\"saveButton\"]"}
COMMAND: POST /session/9eb332d92fee3afc542bcceca92e7691/element/f.FB94101F77D2F5C7286D81464D13618E.d.A2A0FB7B531E326FC0DDF80E3577E6BE.e.4080/click - {}
RESULT: {}
COMMAND: GET /session/9eb332d92fee3afc542bcceca92e7691/screenshot - {}
RESULT: {}
COMMAND: POST /session/9eb332d92fee3afc542bcceca92e7691/element - {"using":"xpath","value":"//header[contains(@id, 'ObjectPageLayout-headerTitle')]/div[1]/div[2]/div[2]/span[1]"}
RESULT: {"using":"xpath","value":"//header[contains(@id, 'ObjectPageLayout-headerTitle')]/div[1]/div[2]/div[2]/span[1]"}
COMMAND: POST /session/9eb332d92fee3afc542bcceca92e7691/elements - {"using":"xpath","value":"//header[contains(@id, 'ObjectPageLayout-headerTitle')]/div[1]/div[2]/div[2]/span[1]"}
RESULT: {"using":"xpath","value":"//header[contains(@id, 'ObjectPageLayout-headerTitle')]/div[1]/div[2]/div[2]/span[1]"}
COMMAND: POST /session/9eb332d92fee3afc542bcceca92e7691/execute/sync - {"script":"<script> [56 bytes]","args":[{"element-6066-11e4-a52e-4f735466cecf":"f.FB94101F77D2F5C7286D81464D13618E.d.A2A0FB7B531E326FC0DDF80E3577E6BE.e.4341","ELEMENT":"f.FB94101F77D2F5C7286D81464D13618E.d.A2A0FB7B531E326FC0DDF80E3577E6BE.e.4341"}]}
RESULT: {"script":"<script> [56 bytes]","args":[{"element-6066-11e4-a52e-4f735466cecf":"f.FB94101F77D2F5C7286D81464D13618E.d.A2A0FB7B531E326FC0DDF80E3577E6BE.e.4341","ELEMENT":"f.FB94101F77D2F5C7286D81464D13618E.d.A2A0FB7B531E326FC0DDF80E3577E6BE.e.4341"}]}
COMMAND: POST /session/9eb332d92fee3afc542bcceca92e7691/element - {"using":"css selector","value":"#shell-header-logo"}
COMMAND: GET /session/9eb332d92fee3afc542bcceca92e7691/screenshot - {}
RESULT: {"using":"css selector","value":"#shell-header-logo"}
COMMAND: POST /session/9eb332d92fee3afc542bcceca92e7691/element/f.FB94101F77D2F5C7286D81464D13618E.d.A2A0FB7B531E326FC0DDF80E3577E6BE.e.3655/click - {}
RESULT: {}
RESULT: {}
COMMAND: GET /session/9eb332d92fee3afc542bcceca92e7691/screenshot - {}
RESULT: {}
COMMAND: POST /session/9eb332d92fee3afc542bcceca92e7691/execute/sync - {"script":"<script> [299 bytes]","args":[["getModel","getResource"]]}
RESULT: {"script":"<script> [299 bytes]","args":[["getModel","getResource"]]}
COMMAND: POST /session/9eb332d92fee3afc542bcceca92e7691/refresh - {}
COMMAND: GET /session/9eb332d92fee3afc542bcceca92e7691/screenshot - {}
RESULT: {}
COMMAND: GET /session/9eb332d92fee3afc542bcceca92e7691/screenshot - {}
RESULT: {}
RESULT: {}
COMMAND: POST /session/9eb332d92fee3afc542bcceca92e7691/refresh - {}
RESULT: {}
COMMAND: GET /session/9eb332d92fee3afc542bcceca92e7691/screenshot - {}
RESULT: {}
COMMAND: POST /session/9eb332d92fee3afc542bcceca92e7691/window/fullscreen - {}
RESULT: {}
COMMAND: POST /session/9eb332d92fee3afc542bcceca92e7691/execute/async - {"script":"<script> [189 bytes]","args":[]}
RESULT: {"script":"<script> [189 bytes]","args":[]}
COMMAND: POST /session/9eb332d92fee3afc542bcceca92e7691/execute/async - {"script":"<script> [123 bytes]","args":[]}
RESULT: {"script":"<script> [123 bytes]","args":[]}
COMMAND: POST /session/9eb332d92fee3afc542bcceca92e7691/timeouts - {"script":"<number>"}
RESULT: {"script":"<number>"}
COMMAND: GET /session/9eb332d92fee3afc542bcceca92e7691/timeouts - {}
RESULT: {}
RESULT: undefined
COMMAND: POST /session/9eb332d92fee3afc542bcceca92e7691/execute/async - {"script":"<script> [2676 bytes]","args":[]}
RESULT: {"script":"<script> [2676 bytes]","args":[]}
COMMAND: POST /session/9eb332d92fee3afc542bcceca92e7691/execute/async - {"script":"<script> [2342 bytes]","args":[{"protocol":"http","hostname":"0.0.0.0","path":"/","capabilities":{"browserName":"chrome","goog:chromeOptions":{"binary":"C:\\Program Files\\Google\\Chrome\\Application\\chrome.exe","args":["--start-maximized"]}},"logLevel":"warn","connectionRetryTimeout":120000,"connectionRetryCount":3,"logLevels":{},"enableDirectConnect":true,"strictSSL":true,"_":"65 more keys: [\"cacheDir\",\"port\",\"requestedCapabilities\",\"automationProtocol\",\"baseUrl\",\"waitforInterval\",\"waitforTimeout\",\"onReload\",\"beforeCommand\",\"afterCommand\",\"rootDir\",\"specs\",\"suites\",\"exclude\",\"groupLogsByTestSpec\",\"excludeDriverLogs\",\"bail\",\"framework\",\"reporters\",\"services\",\"maxInstances\",\"maxInstancesPerCapability\",\"injectGlobals\",\"filesToWatch\",\"execArgv\",\"runnerEnv\",\"runner\",\"shard\",\"specFileRetries\",\"specFileRetriesDelay\",\"specFileRetriesDeferred\",\"reporterSyncInterval\",\"reporterSyncTimeout\",\"cucumberFeaturesWithLineNumbers\",\"autoCompileOpts\",\"mochaOpts\",\"jasmineOpts\",\"cucumberOpts\",\"onPrepare\",\"onWorkerStart\",\"onWorkerEnd\",\"before\",\"beforeSession\",\"beforeSuite\",\"beforeHook\",\"beforeTest\",\"afterTest\",\"afterHook\",\"afterSuite\",\"afterSession\",\"after\",\"onComplete\",\"beforeAssertion\",\"afterAssertion\",\"beforeFeature\",\"beforeScenario\",\"beforeStep\",\"afterStep\",\"afterScenario\",\"afterFeature\",\"_\",\"suite\",\"$0\",\"ignoredWorkerServices\",\"wdi5\"]"}]}
RESULT: {"script":"<script> [2342 bytes]","args":[{"protocol":"http","hostname":"0.0.0.0","path":"/","capabilities":{"browserName":"chrome","goog:chromeOptions":{"binary":"C:\\Program Files\\Google\\Chrome\\Application\\chrome.exe","args":["--start-maximized"]}},"logLevel":"warn","connectionRetryTimeout":120000,"connectionRetryCount":3,"logLevels":{},"enableDirectConnect":true,"strictSSL":true,"_":"65 more keys: [\"cacheDir\",\"port\",\"requestedCapabilities\",\"automationProtocol\",\"baseUrl\",\"waitforInterval\",\"waitforTimeout\",\"onReload\",\"beforeCommand\",\"afterCommand\",\"rootDir\",\"specs\",\"suites\",\"exclude\",\"groupLogsByTestSpec\",\"excludeDriverLogs\",\"bail\",\"framework\",\"reporters\",\"services\",\"maxInstances\",\"maxInstancesPerCapability\",\"injectGlobals\",\"filesToWatch\",\"execArgv\",\"runnerEnv\",\"runner\",\"shard\",\"specFileRetries\",\"specFileRetriesDelay\",\"specFileRetriesDeferred\",\"reporterSyncInterval\",\"reporterSyncTimeout\",\"cucumberFeaturesWithLineNumbers\",\"autoCompileOpts\",\"mochaOpts\",\"jasmineOpts\",\"cucumberOpts\",\"onPrepare\",\"onWorkerStart\",\"onWorkerEnd\",\"before\",\"beforeSession\",\"beforeSuite\",\"beforeHook\",\"beforeTest\",\"afterTest\",\"afterHook\",\"afterSuite\",\"afterSession\",\"after\",\"onComplete\",\"beforeAssertion\",\"afterAssertion\",\"beforeFeature\",\"beforeScenario\",\"beforeStep\",\"afterStep\",\"afterScenario\",\"afterFeature\",\"_\",\"suite\",\"$0\",\"ignoredWorkerServices\",\"wdi5\"]"}]}
COMMAND: POST /session/9eb332d92fee3afc542bcceca92e7691/execute/async - {"script":"<script> [21126 bytes]","args":[35000]}
RESULT: {"script":"<script> [21126 bytes]","args":[35000]}
COMMAND: POST /session/9eb332d92fee3afc542bcceca92e7691/element - {"using":"css selector","value":"#shell-header-logo"}
RESULT: {"using":"css selector","value":"#shell-header-logo"}
COMMAND: POST /session/9eb332d92fee3afc542bcceca92e7691/element/f.FB94101F77D2F5C7286D81464D13618E.d.0ED6D7E142C781E19E24EAA06571E1C0.e.4485/click - {}
RESULT: {}
COMMAND: GET /session/9eb332d92fee3afc542bcceca92e7691/screenshot - {}
RESULT: {}
COMMAND: POST /session/9eb332d92fee3afc542bcceca92e7691/execute/async - {"script":"<script> [1562 bytes]","args":[{"selector":{"controlType":"sap.m.GenericTile","properties":{"header":"Manage Sites"}},"wdio_ui5_key":"sapm.GenericTile{\"header\":\"Manage Sites\"}"}]}
RESULT: {"script":"<script> [1562 bytes]","args":[{"selector":{"controlType":"sap.m.GenericTile","properties":{"header":"Manage Sites"}},"wdio_ui5_key":"sapm.GenericTile{\"header\":\"Manage Sites\"}"}]}
RESULT: undefined
COMMAND: POST /session/9eb332d92fee3afc542bcceca92e7691/element - {"using":"xpath","value":"//*[@id=\"__tile32\"]"}
RESULT: {"using":"xpath","value":"//*[@id=\"__tile32\"]"}
COMMAND: POST /session/9eb332d92fee3afc542bcceca92e7691/element/f.FB94101F77D2F5C7286D81464D13618E.d.0ED6D7E142C781E19E24EAA06571E1C0.e.4415/click - {}
RESULT: {}
]]></system-out>
    </testcase>
  </testsuite>
  <testsuite timestamp="2025-05-08T05:45:15" time="175.583" tests="2" failures="0" errors="0" skipped="0">
    <properties>
      <property name="specId" value="0" />
      <property name="suiteName" value="Create 2 sites US118246" />
      <property name="capabilities" value="chrome.136_0_7103_49.windows" />
      <property name="file" value="file:///D:/a/1/s/test/specs/R2C/create-site.spec.js" />
    </properties>
    <testcase classname="chrome.136_0_7103_49.windows.Create_2_sites_US118246" name="Should create new site" time="78.38">
      <system-out><![CDATA[
COMMAND: GET /session/9eb332d92fee3afc542bcceca92e7691/screenshot - {}
COMMAND: POST /session/9eb332d92fee3afc542bcceca92e7691/execute/async - {"script":"<script> [1562 bytes]","args":[{"selector":{"controlType":"sap.m.Title","viewName":"etm.portal.ui.managesites.view.Master","viewId":"application-managesites-display-component---masterSite","i18NText":{"propertyName":"text","key":"sites"}},"wdio_ui5_key":"etmportal.ui.managesites.view.Mastersap.m.Title{\"propertyName\":\"text\",\"key\":\"sites\"}"}]}
RESULT: {"script":"<script> [1562 bytes]","args":[{"selector":{"controlType":"sap.m.Title","viewName":"etm.portal.ui.managesites.view.Master","viewId":"application-managesites-display-component---masterSite","i18NText":{"propertyName":"text","key":"sites"}},"wdio_ui5_key":"etmportal.ui.managesites.view.Mastersap.m.Title{\"propertyName\":\"text\",\"key\":\"sites\"}"}]}
RESULT: undefined
COMMAND: POST /session/9eb332d92fee3afc542bcceca92e7691/execute/async - {"script":"<script> [6424 bytes]","args":[{"element-6066-11e4-a52e-4f735466cecf":"f.FB94101F77D2F5C7286D81464D13618E.d.0ED6D7E142C781E19E24EAA06571E1C0.e.4660"},"getText",[]]}
RESULT: {}
RESULT: {"script":"<script> [6424 bytes]","args":[{"element-6066-11e4-a52e-4f735466cecf":"f.FB94101F77D2F5C7286D81464D13618E.d.0ED6D7E142C781E19E24EAA06571E1C0.e.4660"},"getText",[]]}
COMMAND: POST /session/9eb332d92fee3afc542bcceca92e7691/execute/async - {"script":"<script> [1562 bytes]","args":[{"selector":{"controlType":"sap.ui.core.Icon","viewName":"etm.portal.ui.managesites.view.Master","viewId":"application-managesites-display-component---masterSite","properties":{"src":{"regex":{"source":"add"}}}},"wdio_ui5_key":"etmportal.ui.managesites.view.Mastersap.ui.core.Icon{\"src\":{\"regex\":{\"source\":\"add\"}}}"}]}
RESULT: {"script":"<script> [1562 bytes]","args":[{"selector":{"controlType":"sap.ui.core.Icon","viewName":"etm.portal.ui.managesites.view.Master","viewId":"application-managesites-display-component---masterSite","properties":{"src":{"regex":{"source":"add"}}}},"wdio_ui5_key":"etmportal.ui.managesites.view.Mastersap.ui.core.Icon{\"src\":{\"regex\":{\"source\":\"add\"}}}"}]}
RESULT: undefined
COMMAND: POST /session/9eb332d92fee3afc542bcceca92e7691/element - {"using":"xpath","value":"//*[@id=\"__button4-img\"]"}
RESULT: {"using":"xpath","value":"//*[@id=\"__button4-img\"]"}
COMMAND: POST /session/9eb332d92fee3afc542bcceca92e7691/element/f.FB94101F77D2F5C7286D81464D13618E.d.0ED6D7E142C781E19E24EAA06571E1C0.e.4535/click - {}
RESULT: {}
COMMAND: POST /session/9eb332d92fee3afc542bcceca92e7691/execute/async - {"script":"<script> [1562 bytes]","args":[{"selector":{"id":"application-managesites-display-component---NewSite--siteId","interaction":{"idSuffix":"inner"}},"wdio_ui5_key":"applicationmanagesites-display-component---NewSite--siteId"}]}
COMMAND: GET /session/9eb332d92fee3afc542bcceca92e7691/screenshot - {}
RESULT: {"script":"<script> [1562 bytes]","args":[{"selector":{"id":"application-managesites-display-component---NewSite--siteId","interaction":{"idSuffix":"inner"}},"wdio_ui5_key":"applicationmanagesites-display-component---NewSite--siteId"}]}
RESULT: undefined
COMMAND: POST /session/9eb332d92fee3afc542bcceca92e7691/execute/async - {"script":"<script> [1562 bytes]","args":[{"selector":{"id":"application-managesites-display-component---NewSite--addressDetailDetailsName1","interaction":{"idSuffix":"inner"}},"wdio_ui5_key":"applicationmanagesites-display-component---NewSite--addressDetailDetailsName1"}]}
RESULT: {}
RESULT: {"script":"<script> [1562 bytes]","args":[{"selector":{"id":"application-managesites-display-component---NewSite--addressDetailDetailsName1","interaction":{"idSuffix":"inner"}},"wdio_ui5_key":"applicationmanagesites-display-component---NewSite--addressDetailDetailsName1"}]}
RESULT: undefined
COMMAND: POST /session/9eb332d92fee3afc542bcceca92e7691/execute/async - {"script":"<script> [776 bytes]","args":[{"enterText":"Webdriver Site u245","selector":{"id":"application-managesites-display-component---NewSite--addressDetailDetailsName1","interaction":{"idSuffix":"inner"}},"clearTextFirst":true,"interactionType":"ENTER_TEXT"}]}
RESULT: {"script":"<script> [776 bytes]","args":[{"enterText":"Webdriver Site u245","selector":{"id":"application-managesites-display-component---NewSite--addressDetailDetailsName1","interaction":{"idSuffix":"inner"}},"clearTextFirst":true,"interactionType":"ENTER_TEXT"}]}
COMMAND: POST /session/9eb332d92fee3afc542bcceca92e7691/execute/async - {"script":"<script> [1562 bytes]","args":[{"selector":{"id":"application-managesites-display-component---NewSite--addressDetailDetailsLanguage","interaction":{"idSuffix":"inner"}},"wdio_ui5_key":"applicationmanagesites-display-component---NewSite--addressDetailDetailsLanguage"}]}
RESULT: {"script":"<script> [1562 bytes]","args":[{"selector":{"id":"application-managesites-display-component---NewSite--addressDetailDetailsLanguage","interaction":{"idSuffix":"inner"}},"wdio_ui5_key":"applicationmanagesites-display-component---NewSite--addressDetailDetailsLanguage"}]}
RESULT: undefined
COMMAND: POST /session/9eb332d92fee3afc542bcceca92e7691/execute/async - {"script":"<script> [776 bytes]","args":[{"enterText":"Romanian","selector":{"id":"application-managesites-display-component---NewSite--addressDetailDetailsLanguage","interaction":{"idSuffix":"inner"}},"clearTextFirst":true,"interactionType":"ENTER_TEXT"}]}
RESULT: {"script":"<script> [776 bytes]","args":[{"enterText":"Romanian","selector":{"id":"application-managesites-display-component---NewSite--addressDetailDetailsLanguage","interaction":{"idSuffix":"inner"}},"clearTextFirst":true,"interactionType":"ENTER_TEXT"}]}
COMMAND: POST /session/9eb332d92fee3afc542bcceca92e7691/execute/async - {"script":"<script> [1562 bytes]","args":[{"selector":{"id":"application-managesites-display-component---NewSite--addressDetailDetailsCity1","interaction":{"idSuffix":"inner"}},"wdio_ui5_key":"applicationmanagesites-display-component---NewSite--addressDetailDetailsCity1"}]}
RESULT: {"script":"<script> [1562 bytes]","args":[{"selector":{"id":"application-managesites-display-component---NewSite--addressDetailDetailsCity1","interaction":{"idSuffix":"inner"}},"wdio_ui5_key":"applicationmanagesites-display-component---NewSite--addressDetailDetailsCity1"}]}
RESULT: undefined
COMMAND: POST /session/9eb332d92fee3afc542bcceca92e7691/execute/async - {"script":"<script> [776 bytes]","args":[{"enterText":"Bucharest","selector":{"id":"application-managesites-display-component---NewSite--addressDetailDetailsCity1","interaction":{"idSuffix":"inner"}},"clearTextFirst":true,"interactionType":"ENTER_TEXT"}]}
RESULT: {"script":"<script> [776 bytes]","args":[{"enterText":"Bucharest","selector":{"id":"application-managesites-display-component---NewSite--addressDetailDetailsCity1","interaction":{"idSuffix":"inner"}},"clearTextFirst":true,"interactionType":"ENTER_TEXT"}]}
COMMAND: POST /session/9eb332d92fee3afc542bcceca92e7691/execute/async - {"script":"<script> [1562 bytes]","args":[{"selector":{"id":"application-managesites-display-component---NewSite--addressDetailDetailsCountry","interaction":{"idSuffix":"inner"}},"wdio_ui5_key":"applicationmanagesites-display-component---NewSite--addressDetailDetailsCountry"}]}
RESULT: {"script":"<script> [1562 bytes]","args":[{"selector":{"id":"application-managesites-display-component---NewSite--addressDetailDetailsCountry","interaction":{"idSuffix":"inner"}},"wdio_ui5_key":"applicationmanagesites-display-component---NewSite--addressDetailDetailsCountry"}]}
RESULT: undefined
COMMAND: POST /session/9eb332d92fee3afc542bcceca92e7691/execute/async - {"script":"<script> [776 bytes]","args":[{"enterText":"Romania","selector":{"id":"application-managesites-display-component---NewSite--addressDetailDetailsCountry","interaction":{"idSuffix":"inner"}},"clearTextFirst":true,"interactionType":"ENTER_TEXT"}]}
RESULT: {"script":"<script> [776 bytes]","args":[{"enterText":"Romania","selector":{"id":"application-managesites-display-component---NewSite--addressDetailDetailsCountry","interaction":{"idSuffix":"inner"}},"clearTextFirst":true,"interactionType":"ENTER_TEXT"}]}
COMMAND: POST /session/9eb332d92fee3afc542bcceca92e7691/execute/async - {"script":"<script> [1562 bytes]","args":[{"selector":{"id":"application-managesites-display-component---NewSite--addressDetailDetailsCalendar","interaction":{"idSuffix":"inner"}},"wdio_ui5_key":"applicationmanagesites-display-component---NewSite--addressDetailDetailsCalendar"}]}
RESULT: {"script":"<script> [1562 bytes]","args":[{"selector":{"id":"application-managesites-display-component---NewSite--addressDetailDetailsCalendar","interaction":{"idSuffix":"inner"}},"wdio_ui5_key":"applicationmanagesites-display-component---NewSite--addressDetailDetailsCalendar"}]}
RESULT: undefined
COMMAND: POST /session/9eb332d92fee3afc542bcceca92e7691/execute/async - {"script":"<script> [776 bytes]","args":[{"enterText":"Germany","selector":{"id":"application-managesites-display-component---NewSite--addressDetailDetailsCalendar","interaction":{"idSuffix":"inner"}},"clearTextFirst":true,"interactionType":"ENTER_TEXT"}]}
RESULT: {"script":"<script> [776 bytes]","args":[{"enterText":"Germany","selector":{"id":"application-managesites-display-component---NewSite--addressDetailDetailsCalendar","interaction":{"idSuffix":"inner"}},"clearTextFirst":true,"interactionType":"ENTER_TEXT"}]}
COMMAND: POST /session/9eb332d92fee3afc542bcceca92e7691/execute/async - {"script":"<script> [1562 bytes]","args":[{"selector":{"id":"application-managesites-display-component---NewSite--addressEditDetailsCostObjectCstType-arrow"},"wdio_ui5_key":"applicationmanagesites-display-component---NewSite--addressEditDetailsCostObjectCstType-arrow"}]}
RESULT: {"script":"<script> [1562 bytes]","args":[{"selector":{"id":"application-managesites-display-component---NewSite--addressEditDetailsCostObjectCstType-arrow"},"wdio_ui5_key":"applicationmanagesites-display-component---NewSite--addressEditDetailsCostObjectCstType-arrow"}]}
RESULT: undefined
COMMAND: POST /session/9eb332d92fee3afc542bcceca92e7691/element - {"using":"xpath","value":"//*[@id=\"application-managesites-display-component---NewSite--addressEditDetailsCostObjectCstType-arrow\"]"}
RESULT: {"using":"xpath","value":"//*[@id=\"application-managesites-display-component---NewSite--addressEditDetailsCostObjectCstType-arrow\"]"}
COMMAND: POST /session/9eb332d92fee3afc542bcceca92e7691/element/f.FB94101F77D2F5C7286D81464D13618E.d.0ED6D7E142C781E19E24EAA06571E1C0.e.4934/click - {}
RESULT: {}
COMMAND: POST /session/9eb332d92fee3afc542bcceca92e7691/element - {"using":"xpath","value":"//span[contains(text(), \"Work Breakdown Structure\")]"}
COMMAND: GET /session/9eb332d92fee3afc542bcceca92e7691/screenshot - {}
RESULT: {"using":"xpath","value":"//span[contains(text(), \"Work Breakdown Structure\")]"}
COMMAND: POST /session/9eb332d92fee3afc542bcceca92e7691/element/f.FB94101F77D2F5C7286D81464D13618E.d.0ED6D7E142C781E19E24EAA06571E1C0.e.4935/click - {}
RESULT: {}
RESULT: {}
COMMAND: GET /session/9eb332d92fee3afc542bcceca92e7691/screenshot - {}
RESULT: {}
COMMAND: POST /session/9eb332d92fee3afc542bcceca92e7691/execute/async - {"script":"<script> [1562 bytes]","args":[{"selector":{"id":"application-managesites-display-component---NewSite--addressNewCostObjectCstID-vhi"},"wdio_ui5_key":"applicationmanagesites-display-component---NewSite--addressNewCostObjectCstID-vhi"}]}
RESULT: {"script":"<script> [1562 bytes]","args":[{"selector":{"id":"application-managesites-display-component---NewSite--addressNewCostObjectCstID-vhi"},"wdio_ui5_key":"applicationmanagesites-display-component---NewSite--addressNewCostObjectCstID-vhi"}]}
RESULT: undefined
COMMAND: POST /session/9eb332d92fee3afc542bcceca92e7691/element - {"using":"xpath","value":"//*[@id=\"application-managesites-display-component---NewSite--addressNewCostObjectCstID-vhi\"]"}
RESULT: {"using":"xpath","value":"//*[@id=\"application-managesites-display-component---NewSite--addressNewCostObjectCstID-vhi\"]"}
COMMAND: POST /session/9eb332d92fee3afc542bcceca92e7691/element/f.FB94101F77D2F5C7286D81464D13618E.d.0ED6D7E142C781E19E24EAA06571E1C0.e.4940/click - {}
RESULT: {}
COMMAND: GET /session/9eb332d92fee3afc542bcceca92e7691/screenshot - {}
RESULT: {}
COMMAND: POST /session/9eb332d92fee3afc542bcceca92e7691/execute/async - {"script":"<script> [1562 bytes]","args":[{"selector":{"controlType":"sap.m.SearchField","properties":{"placeholder":"Search"},"searchOpenDialogs":true,"interaction":{"idSuffix":"I"}},"wdio_ui5_key":"sapm.SearchField{\"placeholder\":\"Search\"}"}]}
RESULT: {"script":"<script> [1562 bytes]","args":[{"selector":{"controlType":"sap.m.SearchField","properties":{"placeholder":"Search"},"searchOpenDialogs":true,"interaction":{"idSuffix":"I"}},"wdio_ui5_key":"sapm.SearchField{\"placeholder\":\"Search\"}"}]}
RESULT: undefined
COMMAND: POST /session/9eb332d92fee3afc542bcceca92e7691/execute/async - {"script":"<script> [776 bytes]","args":[{"enterText":"A1-000100-01","selector":{"controlType":"sap.m.SearchField","properties":{"placeholder":"Search"},"searchOpenDialogs":true,"interaction":{"idSuffix":"I"}},"clearTextFirst":true,"interactionType":"ENTER_TEXT"}]}
RESULT: {"script":"<script> [776 bytes]","args":[{"enterText":"A1-000100-01","selector":{"controlType":"sap.m.SearchField","properties":{"placeholder":"Search"},"searchOpenDialogs":true,"interaction":{"idSuffix":"I"}},"clearTextFirst":true,"interactionType":"ENTER_TEXT"}]}
COMMAND: POST /session/9eb332d92fee3afc542bcceca92e7691/actions - {"actions":[{"id":"action8","type":"key","parameters":{},"actions":[{"type":"keyDown","value":"î€‡"},{"type":"pause","duration":10},{"type":"keyUp","value":"î€‡"}]}]}
RESULT: {"actions":[{"id":"action8","type":"key","parameters":{},"actions":[{"type":"keyDown","value":"î€‡"},{"type":"pause","duration":10},{"type":"keyUp","value":"î€‡"}]}]}
COMMAND: GET /session/9eb332d92fee3afc542bcceca92e7691/screenshot - {}
RESULT: {}
COMMAND: POST /session/9eb332d92fee3afc542bcceca92e7691/element - {"using":"xpath","value":"//span[contains(text(), \"Template for ETO-Process\")]"}
RESULT: {"using":"xpath","value":"//span[contains(text(), \"Template for ETO-Process\")]"}
COMMAND: POST /session/9eb332d92fee3afc542bcceca92e7691/element/f.FB94101F77D2F5C7286D81464D13618E.d.0ED6D7E142C781E19E24EAA06571E1C0.e.4959/click - {}
RESULT: {}
COMMAND: GET /session/9eb332d92fee3afc542bcceca92e7691/screenshot - {}
RESULT: {}
COMMAND: POST /session/9eb332d92fee3afc542bcceca92e7691/element - {"using":"xpath","value":"//bdi[contains(text(), \"OK\")]"}
RESULT: {"using":"xpath","value":"//bdi[contains(text(), \"OK\")]"}
COMMAND: POST /session/9eb332d92fee3afc542bcceca92e7691/element/f.FB94101F77D2F5C7286D81464D13618E.d.0ED6D7E142C781E19E24EAA06571E1C0.e.4960/click - {}
RESULT: {}
COMMAND: GET /session/9eb332d92fee3afc542bcceca92e7691/screenshot - {}
RESULT: {}
COMMAND: POST /session/9eb332d92fee3afc542bcceca92e7691/element - {"using":"xpath","value":"//input[@id=\"application-managesites-display-component---NewSite--addressDetailDetailsYard-inner\"]"}
RESULT: {"using":"xpath","value":"//input[@id=\"application-managesites-display-component---NewSite--addressDetailDetailsYard-inner\"]"}
COMMAND: POST /session/9eb332d92fee3afc542bcceca92e7691/element/f.FB94101F77D2F5C7286D81464D13618E.d.0ED6D7E142C781E19E24EAA06571E1C0.e.4723/value - {"text":"689"}
RESULT: {"text":"689"}
COMMAND: GET /session/9eb332d92fee3afc542bcceca92e7691/screenshot - {}
RESULT: {}
COMMAND: POST /session/9eb332d92fee3afc542bcceca92e7691/actions - {"actions":[{"id":"action9","type":"key","parameters":{},"actions":[{"type":"keyDown","value":"î€‡"},{"type":"pause","duration":10},{"type":"keyUp","value":"î€‡"}]}]}
RESULT: {"actions":[{"id":"action9","type":"key","parameters":{},"actions":[{"type":"keyDown","value":"î€‡"},{"type":"pause","duration":10},{"type":"keyUp","value":"î€‡"}]}]}
COMMAND: GET /session/9eb332d92fee3afc542bcceca92e7691/screenshot - {}
RESULT: {}
COMMAND: POST /session/9eb332d92fee3afc542bcceca92e7691/element - {"using":"xpath","value":"//input[@id=\"application-managesites-display-component---NewSite--addressDetailDetailsPartner-inner\"]"}
RESULT: {"using":"xpath","value":"//input[@id=\"application-managesites-display-component---NewSite--addressDetailDetailsPartner-inner\"]"}
COMMAND: POST /session/9eb332d92fee3afc542bcceca92e7691/elements - {"using":"xpath","value":"//input[@id=\"application-managesites-display-component---NewSite--addressDetailDetailsPartner-inner\"]"}
RESULT: {"using":"xpath","value":"//input[@id=\"application-managesites-display-component---NewSite--addressDetailDetailsPartner-inner\"]"}
COMMAND: POST /session/9eb332d92fee3afc542bcceca92e7691/execute/async - {"script":"<script> [1562 bytes]","args":[{"selector":{"controlType":"sap.m.Button","viewName":"etm.portal.ui.managesites.view.NewSmartSite","viewId":"application-managesites-display-component---NewSite","properties":{"text":"Commercial"},"interaction":{"idSuffix":"BDI-content"}},"wdio_ui5_key":"etmportal.ui.managesites.view.NewSmartSitesap.m.Button{\"text\":\"Commercial\"}"}]}
RESULT: {"script":"<script> [1562 bytes]","args":[{"selector":{"controlType":"sap.m.Button","viewName":"etm.portal.ui.managesites.view.NewSmartSite","viewId":"application-managesites-display-component---NewSite","properties":{"text":"Commercial"},"interaction":{"idSuffix":"BDI-content"}},"wdio_ui5_key":"etmportal.ui.managesites.view.NewSmartSitesap.m.Button{\"text\":\"Commercial\"}"}]}
RESULT: undefined
COMMAND: POST /session/9eb332d92fee3afc542bcceca92e7691/element - {"using":"xpath","value":"//*[@id=\"application-managesites-display-component---NewSite--ObjectPageLayout-anchBar-__section5-anchor\"]"}
RESULT: {"using":"xpath","value":"//*[@id=\"application-managesites-display-component---NewSite--ObjectPageLayout-anchBar-__section5-anchor\"]"}
COMMAND: POST /session/9eb332d92fee3afc542bcceca92e7691/element/f.FB94101F77D2F5C7286D81464D13618E.d.0ED6D7E142C781E19E24EAA06571E1C0.e.4967/click - {}
RESULT: {}
COMMAND: POST /session/9eb332d92fee3afc542bcceca92e7691/execute/async - {"script":"<script> [1562 bytes]","args":[{"selector":{"controlType":"sap.m.Button","viewName":"etm.portal.ui.managesites.view.NewSmartSite","viewId":"application-managesites-display-component---NewSite","i18NText":{"propertyName":"text","key":"save"},"interaction":{"idSuffix":"BDI-content"}},"wdio_ui5_key":"etmportal.ui.managesites.view.NewSmartSitesap.m.Button{\"propertyName\":\"text\",\"key\":\"save\"}"}]}
COMMAND: GET /session/9eb332d92fee3afc542bcceca92e7691/screenshot - {}
RESULT: {"script":"<script> [1562 bytes]","args":[{"selector":{"controlType":"sap.m.Button","viewName":"etm.portal.ui.managesites.view.NewSmartSite","viewId":"application-managesites-display-component---NewSite","i18NText":{"propertyName":"text","key":"save"},"interaction":{"idSuffix":"BDI-content"}},"wdio_ui5_key":"etmportal.ui.managesites.view.NewSmartSitesap.m.Button{\"propertyName\":\"text\",\"key\":\"save\"}"}]}
RESULT: undefined
COMMAND: POST /session/9eb332d92fee3afc542bcceca92e7691/element - {"using":"xpath","value":"//*[@id=\"__button16\"]"}
RESULT: {}
RESULT: {"using":"xpath","value":"//*[@id=\"__button16\"]"}
COMMAND: POST /session/9eb332d92fee3afc542bcceca92e7691/element/f.FB94101F77D2F5C7286D81464D13618E.d.0ED6D7E142C781E19E24EAA06571E1C0.e.4910/click - {}
RESULT: {}
COMMAND: GET /session/9eb332d92fee3afc542bcceca92e7691/screenshot - {}
RESULT: {}
COMMAND: POST /session/9eb332d92fee3afc542bcceca92e7691/execute/async - {"script":"<script> [1562 bytes]","args":[{"selector":{"id":"application-managesites-display-component---detailSite--addressDetailDetailsYardText"},"wdio_ui5_key":"applicationmanagesites-display-component---detailSite--addressDetailDetailsYardText"}]}
RESULT: {"script":"<script> [1562 bytes]","args":[{"selector":{"id":"application-managesites-display-component---detailSite--addressDetailDetailsYardText"},"wdio_ui5_key":"applicationmanagesites-display-component---detailSite--addressDetailDetailsYardText"}]}
RESULT: undefined
COMMAND: POST /session/9eb332d92fee3afc542bcceca92e7691/element - {"using":"xpath","value":"//header/div/div[2]/div[2]/span"}
RESULT: {"using":"xpath","value":"//header/div/div[2]/div[2]/span"}
COMMAND: GET /session/9eb332d92fee3afc542bcceca92e7691/element/f.FB94101F77D2F5C7286D81464D13618E.d.0ED6D7E142C781E19E24EAA06571E1C0.e.5181/text - {}
RESULT: {}
COMMAND: POST /session/9eb332d92fee3afc542bcceca92e7691/execute/async - {"script":"<script> [1562 bytes]","args":[{"selector":{"controlType":"sap.m.Label","viewName":"etm.portal.ui.managesites.view.Detail","viewId":"application-managesites-display-component---detailSite","i18NText":{"propertyName":"text","key":"status"}},"wdio_ui5_key":"etmportal.ui.managesites.view.Detailsap.m.Label{\"propertyName\":\"text\",\"key\":\"status\"}"}]}
RESULT: {"script":"<script> [1562 bytes]","args":[{"selector":{"controlType":"sap.m.Label","viewName":"etm.portal.ui.managesites.view.Detail","viewId":"application-managesites-display-component---detailSite","i18NText":{"propertyName":"text","key":"status"}},"wdio_ui5_key":"etmportal.ui.managesites.view.Detailsap.m.Label{\"propertyName\":\"text\",\"key\":\"status\"}"}]}
RESULT: undefined
COMMAND: POST /session/9eb332d92fee3afc542bcceca92e7691/execute/async - {"script":"<script> [6424 bytes]","args":[{"element-6066-11e4-a52e-4f735466cecf":"f.FB94101F77D2F5C7286D81464D13618E.d.0ED6D7E142C781E19E24EAA06571E1C0.e.5168"},"getText",[]]}
RESULT: {"script":"<script> [6424 bytes]","args":[{"element-6066-11e4-a52e-4f735466cecf":"f.FB94101F77D2F5C7286D81464D13618E.d.0ED6D7E142C781E19E24EAA06571E1C0.e.5168"},"getText",[]]}
]]></system-out>
    </testcase>
    <testcase classname="chrome.136_0_7103_49.windows.Create_2_sites_US118246" name="Should create WHM site" time="53.807">
      <system-out><![CDATA[
RESULT: undefined
COMMAND: POST /session/9eb332d92fee3afc542bcceca92e7691/element - {"using":"xpath","value":"//*[@id=\"__button4-img\"]"}
RESULT: {"using":"xpath","value":"//*[@id=\"__button4-img\"]"}
COMMAND: POST /session/9eb332d92fee3afc542bcceca92e7691/element/f.FB94101F77D2F5C7286D81464D13618E.d.0ED6D7E142C781E19E24EAA06571E1C0.e.5182/click - {}
RESULT: {}
COMMAND: GET /session/9eb332d92fee3afc542bcceca92e7691/screenshot - {}
RESULT: {}
RESULT: undefined
COMMAND: POST /session/9eb332d92fee3afc542bcceca92e7691/execute/async - {"script":"<script> [1562 bytes]","args":[{"selector":{"controlType":"sap.m.Button","viewName":"etm.portal.ui.managesites.view.NewSmartSite","viewId":"application-managesites-display-component---NewSite","properties":{"text":"General Information"},"interaction":{"idSuffix":"BDI-content"}},"wdio_ui5_key":"etmportal.ui.managesites.view.NewSmartSitesap.m.Button{\"text\":\"General Information\"}"}]}
RESULT: {"script":"<script> [1562 bytes]","args":[{"selector":{"controlType":"sap.m.Button","viewName":"etm.portal.ui.managesites.view.NewSmartSite","viewId":"application-managesites-display-component---NewSite","properties":{"text":"General Information"},"interaction":{"idSuffix":"BDI-content"}},"wdio_ui5_key":"etmportal.ui.managesites.view.NewSmartSitesap.m.Button{\"text\":\"General Information\"}"}]}
RESULT: undefined
COMMAND: POST /session/9eb332d92fee3afc542bcceca92e7691/element - {"using":"xpath","value":"//*[@id=\"application-managesites-display-component---NewSite--ObjectPageLayout-anchBar-__section3-anchor\"]"}
RESULT: {"using":"xpath","value":"//*[@id=\"application-managesites-display-component---NewSite--ObjectPageLayout-anchBar-__section3-anchor\"]"}
COMMAND: POST /session/9eb332d92fee3afc542bcceca92e7691/element/f.FB94101F77D2F5C7286D81464D13618E.d.0ED6D7E142C781E19E24EAA06571E1C0.e.5365/click - {}
RESULT: {}
RESULT: undefined
COMMAND: POST /session/9eb332d92fee3afc542bcceca92e7691/execute/async - {"script":"<script> [776 bytes]","args":[{"enterText":"Webdriver WHM Site bjcu6i","selector":{"id":"application-managesites-display-component---NewSite--addressDetailDetailsName1","interaction":{"idSuffix":"inner"}},"clearTextFirst":true,"interactionType":"ENTER_TEXT"}]}
COMMAND: GET /session/9eb332d92fee3afc542bcceca92e7691/screenshot - {}
RESULT: {"script":"<script> [776 bytes]","args":[{"enterText":"Webdriver WHM Site bjcu6i","selector":{"id":"application-managesites-display-component---NewSite--addressDetailDetailsName1","interaction":{"idSuffix":"inner"}},"clearTextFirst":true,"interactionType":"ENTER_TEXT"}]}
RESULT: {}
RESULT: undefined
COMMAND: POST /session/9eb332d92fee3afc542bcceca92e7691/execute/async - {"script":"<script> [776 bytes]","args":[{"enterText":"Romanian","selector":{"id":"application-managesites-display-component---NewSite--addressDetailDetailsLanguage","interaction":{"idSuffix":"inner"}},"clearTextFirst":true,"interactionType":"ENTER_TEXT"}]}
RESULT: {"script":"<script> [776 bytes]","args":[{"enterText":"Romanian","selector":{"id":"application-managesites-display-component---NewSite--addressDetailDetailsLanguage","interaction":{"idSuffix":"inner"}},"clearTextFirst":true,"interactionType":"ENTER_TEXT"}]}
COMMAND: POST /session/9eb332d92fee3afc542bcceca92e7691/actions - {"actions":[{"id":"action10","type":"key","parameters":{},"actions":[{"type":"keyDown","value":"î€‡"},{"type":"pause","duration":10},{"type":"keyUp","value":"î€‡"}]}]}
RESULT: {"actions":[{"id":"action10","type":"key","parameters":{},"actions":[{"type":"keyDown","value":"î€‡"},{"type":"pause","duration":10},{"type":"keyUp","value":"î€‡"}]}]}
RESULT: undefined
COMMAND: POST /session/9eb332d92fee3afc542bcceca92e7691/execute/async - {"script":"<script> [776 bytes]","args":[{"enterText":"Bucharest","selector":{"id":"application-managesites-display-component---NewSite--addressDetailDetailsCity1","interaction":{"idSuffix":"inner"}},"clearTextFirst":true,"interactionType":"ENTER_TEXT"}]}
COMMAND: GET /session/9eb332d92fee3afc542bcceca92e7691/screenshot - {}
RESULT: {"script":"<script> [776 bytes]","args":[{"enterText":"Bucharest","selector":{"id":"application-managesites-display-component---NewSite--addressDetailDetailsCity1","interaction":{"idSuffix":"inner"}},"clearTextFirst":true,"interactionType":"ENTER_TEXT"}]}
RESULT: {}
COMMAND: POST /session/9eb332d92fee3afc542bcceca92e7691/actions - {"actions":[{"id":"action11","type":"key","parameters":{},"actions":[{"type":"keyDown","value":"î€‡"},{"type":"pause","duration":10},{"type":"keyUp","value":"î€‡"}]}]}
RESULT: {"actions":[{"id":"action11","type":"key","parameters":{},"actions":[{"type":"keyDown","value":"î€‡"},{"type":"pause","duration":10},{"type":"keyUp","value":"î€‡"}]}]}
RESULT: undefined
COMMAND: POST /session/9eb332d92fee3afc542bcceca92e7691/execute/async - {"script":"<script> [6424 bytes]","args":[{"element-6066-11e4-a52e-4f735466cecf":"f.FB94101F77D2F5C7286D81464D13618E.d.0ED6D7E142C781E19E24EAA06571E1C0.e.4712"},"setValue",["Romania"]]}
COMMAND: GET /session/9eb332d92fee3afc542bcceca92e7691/screenshot - {}
COMMAND: POST /session/9eb332d92fee3afc542bcceca92e7691/execute/async - {"script":"<script> [1562 bytes]","args":[{"selector":{"id":"application-managesites-display-component---NewSite--addressDetailDetailsCountry","interaction":{"idSuffix":"inner"}},"wdio_ui5_key":"applicationmanagesites-display-component---NewSite--addressDetailDetailsCountry"}]}
RESULT: {}
RESULT: {"script":"<script> [1562 bytes]","args":[{"selector":{"id":"application-managesites-display-component---NewSite--addressDetailDetailsCountry","interaction":{"idSuffix":"inner"}},"wdio_ui5_key":"applicationmanagesites-display-component---NewSite--addressDetailDetailsCountry"}]}
COMMAND: POST /session/9eb332d92fee3afc542bcceca92e7691/execute/async - {"script":"<script> [6424 bytes]","args":[{"element-6066-11e4-a52e-4f735466cecf":"f.FB94101F77D2F5C7286D81464D13618E.d.0ED6D7E142C781E19E24EAA06571E1C0.e.5237"},"setValue",["Romania"]]}
RESULT: {"script":"<script> [6424 bytes]","args":[{"element-6066-11e4-a52e-4f735466cecf":"f.FB94101F77D2F5C7286D81464D13618E.d.0ED6D7E142C781E19E24EAA06571E1C0.e.5237"},"setValue",["Romania"]]}
COMMAND: POST /session/9eb332d92fee3afc542bcceca92e7691/actions - {"actions":[{"id":"action12","type":"key","parameters":{},"actions":[{"type":"keyDown","value":"î€‡"},{"type":"pause","duration":10},{"type":"keyUp","value":"î€‡"}]}]}
RESULT: {"actions":[{"id":"action12","type":"key","parameters":{},"actions":[{"type":"keyDown","value":"î€‡"},{"type":"pause","duration":10},{"type":"keyUp","value":"î€‡"}]}]}
RESULT: undefined
COMMAND: POST /session/9eb332d92fee3afc542bcceca92e7691/execute/async - {"script":"<script> [776 bytes]","args":[{"enterText":"Germany","selector":{"id":"application-managesites-display-component---NewSite--addressDetailDetailsCalendar","interaction":{"idSuffix":"inner"}},"clearTextFirst":true,"interactionType":"ENTER_TEXT"}]}
COMMAND: GET /session/9eb332d92fee3afc542bcceca92e7691/screenshot - {}
RESULT: {"script":"<script> [776 bytes]","args":[{"enterText":"Germany","selector":{"id":"application-managesites-display-component---NewSite--addressDetailDetailsCalendar","interaction":{"idSuffix":"inner"}},"clearTextFirst":true,"interactionType":"ENTER_TEXT"}]}
RESULT: {}
COMMAND: POST /session/9eb332d92fee3afc542bcceca92e7691/actions - {"actions":[{"id":"action13","type":"key","parameters":{},"actions":[{"type":"keyDown","value":"î€‡"},{"type":"pause","duration":10},{"type":"keyUp","value":"î€‡"}]}]}
RESULT: {"actions":[{"id":"action13","type":"key","parameters":{},"actions":[{"type":"keyDown","value":"î€‡"},{"type":"pause","duration":10},{"type":"keyUp","value":"î€‡"}]}]}
COMMAND: POST /session/9eb332d92fee3afc542bcceca92e7691/execute/async - {"script":"<script> [1562 bytes]","args":[{"selector":{"id":"application-managesites-display-component---NewSite--addressEditDetailsCostObjectCstType","interaction":{"idSuffix":"inner"}},"wdio_ui5_key":"applicationmanagesites-display-component---NewSite--addressEditDetailsCostObjectCstType"}]}
COMMAND: GET /session/9eb332d92fee3afc542bcceca92e7691/screenshot - {}
RESULT: {"script":"<script> [1562 bytes]","args":[{"selector":{"id":"application-managesites-display-component---NewSite--addressEditDetailsCostObjectCstType","interaction":{"idSuffix":"inner"}},"wdio_ui5_key":"applicationmanagesites-display-component---NewSite--addressEditDetailsCostObjectCstType"}]}
RESULT: undefined
COMMAND: POST /session/9eb332d92fee3afc542bcceca92e7691/execute/async - {"script":"<script> [776 bytes]","args":[{"enterText":"Cost","selector":{"id":"application-managesites-display-component---NewSite--addressEditDetailsCostObjectCstType","interaction":{"idSuffix":"inner"}},"clearTextFirst":true,"interactionType":"ENTER_TEXT"}]}
RESULT: {}
RESULT: {"script":"<script> [776 bytes]","args":[{"enterText":"Cost","selector":{"id":"application-managesites-display-component---NewSite--addressEditDetailsCostObjectCstType","interaction":{"idSuffix":"inner"}},"clearTextFirst":true,"interactionType":"ENTER_TEXT"}]}
COMMAND: POST /session/9eb332d92fee3afc542bcceca92e7691/actions - {"actions":[{"id":"action14","type":"key","parameters":{},"actions":[{"type":"keyDown","value":"î€‡"},{"type":"pause","duration":10},{"type":"keyUp","value":"î€‡"}]}]}
RESULT: {"actions":[{"id":"action14","type":"key","parameters":{},"actions":[{"type":"keyDown","value":"î€‡"},{"type":"pause","duration":10},{"type":"keyUp","value":"î€‡"}]}]}
COMMAND: POST /session/9eb332d92fee3afc542bcceca92e7691/execute/async - {"script":"<script> [1562 bytes]","args":[{"selector":{"id":"application-managesites-display-component---NewSite--addressNewCostObjectCstID","interaction":{"idSuffix":"inner"}},"wdio_ui5_key":"applicationmanagesites-display-component---NewSite--addressNewCostObjectCstID"}]}
COMMAND: GET /session/9eb332d92fee3afc542bcceca92e7691/screenshot - {}
RESULT: {"script":"<script> [1562 bytes]","args":[{"selector":{"id":"application-managesites-display-component---NewSite--addressNewCostObjectCstID","interaction":{"idSuffix":"inner"}},"wdio_ui5_key":"applicationmanagesites-display-component---NewSite--addressNewCostObjectCstID"}]}
RESULT: undefined
COMMAND: POST /session/9eb332d92fee3afc542bcceca92e7691/execute/async - {"script":"<script> [776 bytes]","args":[{"enterText":"1001","selector":{"id":"application-managesites-display-component---NewSite--addressNewCostObjectCstID","interaction":{"idSuffix":"inner"}},"clearTextFirst":true,"interactionType":"ENTER_TEXT"}]}
RESULT: {}
RESULT: {"script":"<script> [776 bytes]","args":[{"enterText":"1001","selector":{"id":"application-managesites-display-component---NewSite--addressNewCostObjectCstID","interaction":{"idSuffix":"inner"}},"clearTextFirst":true,"interactionType":"ENTER_TEXT"}]}
COMMAND: POST /session/9eb332d92fee3afc542bcceca92e7691/actions - {"actions":[{"id":"action15","type":"key","parameters":{},"actions":[{"type":"keyDown","value":"î€‡"},{"type":"pause","duration":10},{"type":"keyUp","value":"î€‡"}]}]}
RESULT: {"actions":[{"id":"action15","type":"key","parameters":{},"actions":[{"type":"keyDown","value":"î€‡"},{"type":"pause","duration":10},{"type":"keyUp","value":"î€‡"}]}]}
COMMAND: POST /session/9eb332d92fee3afc542bcceca92e7691/element - {"using":"xpath","value":"//input[@id=\"application-managesites-display-component---NewSite--addressDetailDetailsYard-inner\"]"}
COMMAND: GET /session/9eb332d92fee3afc542bcceca92e7691/screenshot - {}
RESULT: {"using":"xpath","value":"//input[@id=\"application-managesites-display-component---NewSite--addressDetailDetailsYard-inner\"]"}
COMMAND: POST /session/9eb332d92fee3afc542bcceca92e7691/element/f.FB94101F77D2F5C7286D81464D13618E.d.0ED6D7E142C781E19E24EAA06571E1C0.e.5248/value - {"text":"692"}
RESULT: {}
RESULT: {"text":"692"}
COMMAND: GET /session/9eb332d92fee3afc542bcceca92e7691/screenshot - {}
RESULT: {}
COMMAND: POST /session/9eb332d92fee3afc542bcceca92e7691/actions - {"actions":[{"id":"action16","type":"key","parameters":{},"actions":[{"type":"keyDown","value":"î€‡"},{"type":"pause","duration":10},{"type":"keyUp","value":"î€‡"}]}]}
RESULT: {"actions":[{"id":"action16","type":"key","parameters":{},"actions":[{"type":"keyDown","value":"î€‡"},{"type":"pause","duration":10},{"type":"keyUp","value":"î€‡"}]}]}
COMMAND: GET /session/9eb332d92fee3afc542bcceca92e7691/screenshot - {}
RESULT: {}
COMMAND: POST /session/9eb332d92fee3afc542bcceca92e7691/element - {"using":"xpath","value":"//input[@id=\"application-managesites-display-component---NewSite--addressDetailDetailsPartner-inner\"]"}
RESULT: {"using":"xpath","value":"//input[@id=\"application-managesites-display-component---NewSite--addressDetailDetailsPartner-inner\"]"}
COMMAND: POST /session/9eb332d92fee3afc542bcceca92e7691/elements - {"using":"xpath","value":"//input[@id=\"application-managesites-display-component---NewSite--addressDetailDetailsPartner-inner\"]"}
RESULT: {"using":"xpath","value":"//input[@id=\"application-managesites-display-component---NewSite--addressDetailDetailsPartner-inner\"]"}
RESULT: undefined
COMMAND: POST /session/9eb332d92fee3afc542bcceca92e7691/element - {"using":"xpath","value":"//*[@id=\"application-managesites-display-component---NewSite--ObjectPageLayout-anchBar-__section5-anchor\"]"}
RESULT: {"using":"xpath","value":"//*[@id=\"application-managesites-display-component---NewSite--ObjectPageLayout-anchBar-__section5-anchor\"]"}
COMMAND: POST /session/9eb332d92fee3afc542bcceca92e7691/element/f.FB94101F77D2F5C7286D81464D13618E.d.0ED6D7E142C781E19E24EAA06571E1C0.e.5373/click - {}
RESULT: {}
COMMAND: POST /session/9eb332d92fee3afc542bcceca92e7691/execute/async - {"script":"<script> [1562 bytes]","args":[{"selector":{"id":"application-managesites-display-component---NewSite--siteWhmCheckBox-label","interaction":{"idSuffix":"bdi"}},"wdio_ui5_key":"applicationmanagesites-display-component---NewSite--siteWhmCheckBox-label"}]}
COMMAND: GET /session/9eb332d92fee3afc542bcceca92e7691/screenshot - {}
RESULT: {"script":"<script> [1562 bytes]","args":[{"selector":{"id":"application-managesites-display-component---NewSite--siteWhmCheckBox-label","interaction":{"idSuffix":"bdi"}},"wdio_ui5_key":"applicationmanagesites-display-component---NewSite--siteWhmCheckBox-label"}]}
RESULT: undefined
COMMAND: POST /session/9eb332d92fee3afc542bcceca92e7691/element - {"using":"xpath","value":"//*[@id=\"application-managesites-display-component---NewSite--siteWhmCheckBox-label\"]"}
RESULT: {}
RESULT: {"using":"xpath","value":"//*[@id=\"application-managesites-display-component---NewSite--siteWhmCheckBox-label\"]"}
COMMAND: POST /session/9eb332d92fee3afc542bcceca92e7691/element/f.FB94101F77D2F5C7286D81464D13618E.d.0ED6D7E142C781E19E24EAA06571E1C0.e.5377/click - {}
RESULT: {}
RESULT: undefined
COMMAND: POST /session/9eb332d92fee3afc542bcceca92e7691/element - {"using":"xpath","value":"//*[@id=\"__button16\"]"}
COMMAND: GET /session/9eb332d92fee3afc542bcceca92e7691/screenshot - {}
RESULT: {"using":"xpath","value":"//*[@id=\"__button16\"]"}
COMMAND: POST /session/9eb332d92fee3afc542bcceca92e7691/element/f.FB94101F77D2F5C7286D81464D13618E.d.0ED6D7E142C781E19E24EAA06571E1C0.e.5378/click - {}
RESULT: {}
RESULT: {}
COMMAND: GET /session/9eb332d92fee3afc542bcceca92e7691/screenshot - {}
RESULT: {}
COMMAND: POST /session/9eb332d92fee3afc542bcceca92e7691/element - {"using":"xpath","value":"//header/div/div[2]/div[2]/span"}
RESULT: {"using":"xpath","value":"//header/div/div[2]/div[2]/span"}
COMMAND: GET /session/9eb332d92fee3afc542bcceca92e7691/element/f.FB94101F77D2F5C7286D81464D13618E.d.0ED6D7E142C781E19E24EAA06571E1C0.e.5581/text - {}
RESULT: {}
RESULT: undefined
RESULT: undefined
COMMAND: POST /session/9eb332d92fee3afc542bcceca92e7691/execute/async - {"script":"<script> [6424 bytes]","args":[{"element-6066-11e4-a52e-4f735466cecf":"f.FB94101F77D2F5C7286D81464D13618E.d.0ED6D7E142C781E19E24EAA06571E1C0.e.5168"},"getText",[]]}
COMMAND: POST /session/9eb332d92fee3afc542bcceca92e7691/execute/async - {"script":"<script> [1562 bytes]","args":[{"selector":{"controlType":"sap.m.Label","viewName":"etm.portal.ui.managesites.view.Detail","viewId":"application-managesites-display-component---detailSite","i18NText":{"propertyName":"text","key":"status"}},"wdio_ui5_key":"etmportal.ui.managesites.view.Detailsap.m.Label{\"propertyName\":\"text\",\"key\":\"status\"}"}]}
RESULT: {"script":"<script> [1562 bytes]","args":[{"selector":{"controlType":"sap.m.Label","viewName":"etm.portal.ui.managesites.view.Detail","viewId":"application-managesites-display-component---detailSite","i18NText":{"propertyName":"text","key":"status"}},"wdio_ui5_key":"etmportal.ui.managesites.view.Detailsap.m.Label{\"propertyName\":\"text\",\"key\":\"status\"}"}]}
COMMAND: POST /session/9eb332d92fee3afc542bcceca92e7691/execute/async - {"script":"<script> [6424 bytes]","args":[{"element-6066-11e4-a52e-4f735466cecf":"f.FB94101F77D2F5C7286D81464D13618E.d.0ED6D7E142C781E19E24EAA06571E1C0.e.5570"},"getText",[]]}
RESULT: {"script":"<script> [6424 bytes]","args":[{"element-6066-11e4-a52e-4f735466cecf":"f.FB94101F77D2F5C7286D81464D13618E.d.0ED6D7E142C781E19E24EAA06571E1C0.e.5570"},"getText",[]]}
COMMAND: POST /session/9eb332d92fee3afc542bcceca92e7691/execute/async - {"script":"<script> [1562 bytes]","args":[{"selector":{"id":"shell-header","interaction":{"idSuffix":"icon"}},"wdio_ui5_key":"shellheader"}]}
RESULT: {"script":"<script> [1562 bytes]","args":[{"selector":{"id":"shell-header","interaction":{"idSuffix":"icon"}},"wdio_ui5_key":"shellheader"}]}
RESULT: undefined
COMMAND: POST /session/9eb332d92fee3afc542bcceca92e7691/element - {"using":"xpath","value":"//*[@id=\"shell-header\"]"}
RESULT: {"using":"xpath","value":"//*[@id=\"shell-header\"]"}
COMMAND: POST /session/9eb332d92fee3afc542bcceca92e7691/element/f.FB94101F77D2F5C7286D81464D13618E.d.0ED6D7E142C781E19E24EAA06571E1C0.e.5582/click - {}
RESULT: {}
COMMAND: POST /session/9eb332d92fee3afc542bcceca92e7691/refresh - {}
COMMAND: GET /session/9eb332d92fee3afc542bcceca92e7691/screenshot - {}
RESULT: {}
COMMAND: GET /session/9eb332d92fee3afc542bcceca92e7691/screenshot - {}
RESULT: {}
RESULT: {}
COMMAND: POST /session/9eb332d92fee3afc542bcceca92e7691/refresh - {}
RESULT: {}
COMMAND: GET /session/9eb332d92fee3afc542bcceca92e7691/screenshot - {}
RESULT: {}
COMMAND: POST /session/9eb332d92fee3afc542bcceca92e7691/window/fullscreen - {}
RESULT: {}
COMMAND: POST /session/9eb332d92fee3afc542bcceca92e7691/execute/async - {"script":"<script> [189 bytes]","args":[]}
RESULT: {"script":"<script> [189 bytes]","args":[]}
COMMAND: POST /session/9eb332d92fee3afc542bcceca92e7691/execute/async - {"script":"<script> [123 bytes]","args":[]}
RESULT: {"script":"<script> [123 bytes]","args":[]}
COMMAND: POST /session/9eb332d92fee3afc542bcceca92e7691/timeouts - {"script":"<number>"}
RESULT: {"script":"<number>"}
COMMAND: GET /session/9eb332d92fee3afc542bcceca92e7691/timeouts - {}
RESULT: {}
RESULT: undefined
COMMAND: POST /session/9eb332d92fee3afc542bcceca92e7691/execute/async - {"script":"<script> [2676 bytes]","args":[]}
RESULT: {"script":"<script> [2676 bytes]","args":[]}
COMMAND: POST /session/9eb332d92fee3afc542bcceca92e7691/execute/async - {"script":"<script> [2342 bytes]","args":[{"protocol":"http","hostname":"0.0.0.0","path":"/","capabilities":{"browserName":"chrome","goog:chromeOptions":{"binary":"C:\\Program Files\\Google\\Chrome\\Application\\chrome.exe","args":["--start-maximized"]}},"logLevel":"warn","connectionRetryTimeout":120000,"connectionRetryCount":3,"logLevels":{},"enableDirectConnect":true,"strictSSL":true,"_":"65 more keys: [\"cacheDir\",\"port\",\"requestedCapabilities\",\"automationProtocol\",\"baseUrl\",\"waitforInterval\",\"waitforTimeout\",\"onReload\",\"beforeCommand\",\"afterCommand\",\"rootDir\",\"specs\",\"suites\",\"exclude\",\"groupLogsByTestSpec\",\"excludeDriverLogs\",\"bail\",\"framework\",\"reporters\",\"services\",\"maxInstances\",\"maxInstancesPerCapability\",\"injectGlobals\",\"filesToWatch\",\"execArgv\",\"runnerEnv\",\"runner\",\"shard\",\"specFileRetries\",\"specFileRetriesDelay\",\"specFileRetriesDeferred\",\"reporterSyncInterval\",\"reporterSyncTimeout\",\"cucumberFeaturesWithLineNumbers\",\"autoCompileOpts\",\"mochaOpts\",\"jasmineOpts\",\"cucumberOpts\",\"onPrepare\",\"onWorkerStart\",\"onWorkerEnd\",\"before\",\"beforeSession\",\"beforeSuite\",\"beforeHook\",\"beforeTest\",\"afterTest\",\"afterHook\",\"afterSuite\",\"afterSession\",\"after\",\"onComplete\",\"beforeAssertion\",\"afterAssertion\",\"beforeFeature\",\"beforeScenario\",\"beforeStep\",\"afterStep\",\"afterScenario\",\"afterFeature\",\"_\",\"suite\",\"$0\",\"ignoredWorkerServices\",\"wdi5\"]"}]}
RESULT: {"script":"<script> [2342 bytes]","args":[{"protocol":"http","hostname":"0.0.0.0","path":"/","capabilities":{"browserName":"chrome","goog:chromeOptions":{"binary":"C:\\Program Files\\Google\\Chrome\\Application\\chrome.exe","args":["--start-maximized"]}},"logLevel":"warn","connectionRetryTimeout":120000,"connectionRetryCount":3,"logLevels":{},"enableDirectConnect":true,"strictSSL":true,"_":"65 more keys: [\"cacheDir\",\"port\",\"requestedCapabilities\",\"automationProtocol\",\"baseUrl\",\"waitforInterval\",\"waitforTimeout\",\"onReload\",\"beforeCommand\",\"afterCommand\",\"rootDir\",\"specs\",\"suites\",\"exclude\",\"groupLogsByTestSpec\",\"excludeDriverLogs\",\"bail\",\"framework\",\"reporters\",\"services\",\"maxInstances\",\"maxInstancesPerCapability\",\"injectGlobals\",\"filesToWatch\",\"execArgv\",\"runnerEnv\",\"runner\",\"shard\",\"specFileRetries\",\"specFileRetriesDelay\",\"specFileRetriesDeferred\",\"reporterSyncInterval\",\"reporterSyncTimeout\",\"cucumberFeaturesWithLineNumbers\",\"autoCompileOpts\",\"mochaOpts\",\"jasmineOpts\",\"cucumberOpts\",\"onPrepare\",\"onWorkerStart\",\"onWorkerEnd\",\"before\",\"beforeSession\",\"beforeSuite\",\"beforeHook\",\"beforeTest\",\"afterTest\",\"afterHook\",\"afterSuite\",\"afterSession\",\"after\",\"onComplete\",\"beforeAssertion\",\"afterAssertion\",\"beforeFeature\",\"beforeScenario\",\"beforeStep\",\"afterStep\",\"afterScenario\",\"afterFeature\",\"_\",\"suite\",\"$0\",\"ignoredWorkerServices\",\"wdi5\"]"}]}
COMMAND: POST /session/9eb332d92fee3afc542bcceca92e7691/execute/async - {"script":"<script> [21126 bytes]","args":[35000]}
RESULT: {"script":"<script> [21126 bytes]","args":[35000]}
COMMAND: POST /session/9eb332d92fee3afc542bcceca92e7691/element - {"using":"css selector","value":"#j_username"}
COMMAND: POST /session/9eb332d92fee3afc542bcceca92e7691/url - {"url":"https://qa-testing-00-live-etm-ui.cfapps.eu10-004.hana.ondemand.com/"}
RESULT: {"using":"css selector","value":"#j_username"}
COMMAND: POST /session/9eb332d92fee3afc542bcceca92e7691/element - {"using":"css selector","value":"#j_username"}
RESULT: {"url":"https://qa-testing-00-live-etm-ui.cfapps.eu10-004.hana.ondemand.com/"}
RESULT: undefined
COMMAND: GET /session/9eb332d92fee3afc542bcceca92e7691/screenshot - {}
RESULT: {"using":"css selector","value":"#j_username"}
COMMAND: POST /session/9eb332d92fee3afc542bcceca92e7691/element - {"using":"css selector","value":"#shell-header-logo"}
RESULT: {}
RESULT: {"using":"css selector","value":"#shell-header-logo"}
COMMAND: POST /session/9eb332d92fee3afc542bcceca92e7691/execute/sync - {"script":"<script> [8489 bytes]","args":[{"element-6066-11e4-a52e-4f735466cecf":"f.FB94101F77D2F5C7286D81464D13618E.d.74380E9F9FC97116A9DE4B36BB6E8D7D.e.6096","ELEMENT":"f.FB94101F77D2F5C7286D81464D13618E.d.74380E9F9FC97116A9DE4B36BB6E8D7D.e.6096"}]}
RESULT: {"script":"<script> [8489 bytes]","args":[{"element-6066-11e4-a52e-4f735466cecf":"f.FB94101F77D2F5C7286D81464D13618E.d.74380E9F9FC97116A9DE4B36BB6E8D7D.e.6096","ELEMENT":"f.FB94101F77D2F5C7286D81464D13618E.d.74380E9F9FC97116A9DE4B36BB6E8D7D.e.6096"}]}
COMMAND: POST /session/9eb332d92fee3afc542bcceca92e7691/element - {"using":"css selector","value":"#shell-header-logo"}
COMMAND: GET /session/9eb332d92fee3afc542bcceca92e7691/screenshot - {}
RESULT: {"using":"css selector","value":"#shell-header-logo"}
COMMAND: POST /session/9eb332d92fee3afc542bcceca92e7691/execute/sync - {"script":"<script> [8489 bytes]","args":[{"element-6066-11e4-a52e-4f735466cecf":"f.FB94101F77D2F5C7286D81464D13618E.d.74380E9F9FC97116A9DE4B36BB6E8D7D.e.6096","ELEMENT":"f.FB94101F77D2F5C7286D81464D13618E.d.74380E9F9FC97116A9DE4B36BB6E8D7D.e.6096"}]}
RESULT: {}
RESULT: {"script":"<script> [8489 bytes]","args":[{"element-6066-11e4-a52e-4f735466cecf":"f.FB94101F77D2F5C7286D81464D13618E.d.74380E9F9FC97116A9DE4B36BB6E8D7D.e.6096","ELEMENT":"f.FB94101F77D2F5C7286D81464D13618E.d.74380E9F9FC97116A9DE4B36BB6E8D7D.e.6096"}]}
COMMAND: POST /session/9eb332d92fee3afc542bcceca92e7691/execute/sync - {"script":"<script> [5351 bytes]","args":[{"element-6066-11e4-a52e-4f735466cecf":"f.FB94101F77D2F5C7286D81464D13618E.d.74380E9F9FC97116A9DE4B36BB6E8D7D.e.6096","ELEMENT":"f.FB94101F77D2F5C7286D81464D13618E.d.74380E9F9FC97116A9DE4B36BB6E8D7D.e.6096"}]}
COMMAND: GET /session/9eb332d92fee3afc542bcceca92e7691/screenshot - {}
RESULT: {"script":"<script> [5351 bytes]","args":[{"element-6066-11e4-a52e-4f735466cecf":"f.FB94101F77D2F5C7286D81464D13618E.d.74380E9F9FC97116A9DE4B36BB6E8D7D.e.6096","ELEMENT":"f.FB94101F77D2F5C7286D81464D13618E.d.74380E9F9FC97116A9DE4B36BB6E8D7D.e.6096"}]}
COMMAND: POST /session/9eb332d92fee3afc542bcceca92e7691/element - {"using":"css selector","value":"#shell-header-logo"}
COMMAND: GET /session/9eb332d92fee3afc542bcceca92e7691/screenshot - {}
RESULT: {}
RESULT: {"using":"css selector","value":"#shell-header-logo"}
COMMAND: POST /session/9eb332d92fee3afc542bcceca92e7691/element/f.FB94101F77D2F5C7286D81464D13618E.d.74380E9F9FC97116A9DE4B36BB6E8D7D.e.6096/click - {}
RESULT: {}
RESULT: {}
COMMAND: GET /session/9eb332d92fee3afc542bcceca92e7691/screenshot - {}
RESULT: {}
COMMAND: POST /session/9eb332d92fee3afc542bcceca92e7691/execute/async - {"script":"<script> [189 bytes]","args":[]}
RESULT: {"script":"<script> [189 bytes]","args":[]}
COMMAND: POST /session/9eb332d92fee3afc542bcceca92e7691/execute/async - {"script":"<script> [123 bytes]","args":[]}
RESULT: {"script":"<script> [123 bytes]","args":[]}
COMMAND: POST /session/9eb332d92fee3afc542bcceca92e7691/timeouts - {"script":"<number>"}
RESULT: {"script":"<number>"}
COMMAND: GET /session/9eb332d92fee3afc542bcceca92e7691/timeouts - {}
RESULT: {}
RESULT: undefined
COMMAND: POST /session/9eb332d92fee3afc542bcceca92e7691/execute/async - {"script":"<script> [2676 bytes]","args":[]}
RESULT: {"script":"<script> [2676 bytes]","args":[]}
COMMAND: POST /session/9eb332d92fee3afc542bcceca92e7691/execute/async - {"script":"<script> [2342 bytes]","args":[{"protocol":"http","hostname":"0.0.0.0","path":"/","capabilities":{"browserName":"chrome","goog:chromeOptions":{"binary":"C:\\Program Files\\Google\\Chrome\\Application\\chrome.exe","args":["--start-maximized"]}},"logLevel":"warn","connectionRetryTimeout":120000,"connectionRetryCount":3,"logLevels":{},"enableDirectConnect":true,"strictSSL":true,"_":"65 more keys: [\"cacheDir\",\"port\",\"requestedCapabilities\",\"automationProtocol\",\"baseUrl\",\"waitforInterval\",\"waitforTimeout\",\"onReload\",\"beforeCommand\",\"afterCommand\",\"rootDir\",\"specs\",\"suites\",\"exclude\",\"groupLogsByTestSpec\",\"excludeDriverLogs\",\"bail\",\"framework\",\"reporters\",\"services\",\"maxInstances\",\"maxInstancesPerCapability\",\"injectGlobals\",\"filesToWatch\",\"execArgv\",\"runnerEnv\",\"runner\",\"shard\",\"specFileRetries\",\"specFileRetriesDelay\",\"specFileRetriesDeferred\",\"reporterSyncInterval\",\"reporterSyncTimeout\",\"cucumberFeaturesWithLineNumbers\",\"autoCompileOpts\",\"mochaOpts\",\"jasmineOpts\",\"cucumberOpts\",\"onPrepare\",\"onWorkerStart\",\"onWorkerEnd\",\"before\",\"beforeSession\",\"beforeSuite\",\"beforeHook\",\"beforeTest\",\"afterTest\",\"afterHook\",\"afterSuite\",\"afterSession\",\"after\",\"onComplete\",\"beforeAssertion\",\"afterAssertion\",\"beforeFeature\",\"beforeScenario\",\"beforeStep\",\"afterStep\",\"afterScenario\",\"afterFeature\",\"_\",\"suite\",\"$0\",\"ignoredWorkerServices\",\"wdi5\"]"}]}
RESULT: {"script":"<script> [2342 bytes]","args":[{"protocol":"http","hostname":"0.0.0.0","path":"/","capabilities":{"browserName":"chrome","goog:chromeOptions":{"binary":"C:\\Program Files\\Google\\Chrome\\Application\\chrome.exe","args":["--start-maximized"]}},"logLevel":"warn","connectionRetryTimeout":120000,"connectionRetryCount":3,"logLevels":{},"enableDirectConnect":true,"strictSSL":true,"_":"65 more keys: [\"cacheDir\",\"port\",\"requestedCapabilities\",\"automationProtocol\",\"baseUrl\",\"waitforInterval\",\"waitforTimeout\",\"onReload\",\"beforeCommand\",\"afterCommand\",\"rootDir\",\"specs\",\"suites\",\"exclude\",\"groupLogsByTestSpec\",\"excludeDriverLogs\",\"bail\",\"framework\",\"reporters\",\"services\",\"maxInstances\",\"maxInstancesPerCapability\",\"injectGlobals\",\"filesToWatch\",\"execArgv\",\"runnerEnv\",\"runner\",\"shard\",\"specFileRetries\",\"specFileRetriesDelay\",\"specFileRetriesDeferred\",\"reporterSyncInterval\",\"reporterSyncTimeout\",\"cucumberFeaturesWithLineNumbers\",\"autoCompileOpts\",\"mochaOpts\",\"jasmineOpts\",\"cucumberOpts\",\"onPrepare\",\"onWorkerStart\",\"onWorkerEnd\",\"before\",\"beforeSession\",\"beforeSuite\",\"beforeHook\",\"beforeTest\",\"afterTest\",\"afterHook\",\"afterSuite\",\"afterSession\",\"after\",\"onComplete\",\"beforeAssertion\",\"afterAssertion\",\"beforeFeature\",\"beforeScenario\",\"beforeStep\",\"afterStep\",\"afterScenario\",\"afterFeature\",\"_\",\"suite\",\"$0\",\"ignoredWorkerServices\",\"wdi5\"]"}]}
COMMAND: POST /session/9eb332d92fee3afc542bcceca92e7691/execute/async - {"script":"<script> [21126 bytes]","args":[35000]}
RESULT: {"script":"<script> [21126 bytes]","args":[35000]}
COMMAND: POST /session/9eb332d92fee3afc542bcceca92e7691/window/maximize - {}
RESULT: {}
COMMAND: POST /session/9eb332d92fee3afc542bcceca92e7691/execute/async - {"script":"<script> [1562 bytes]","args":[{"selector":{"id":"shell-header","interaction":{"idSuffix":"icon"}},"wdio_ui5_key":"shellheader"}]}
COMMAND: GET /session/9eb332d92fee3afc542bcceca92e7691/screenshot - {}
RESULT: {"script":"<script> [1562 bytes]","args":[{"selector":{"id":"shell-header","interaction":{"idSuffix":"icon"}},"wdio_ui5_key":"shellheader"}]}
RESULT: undefined
RESULT: {}
COMMAND: POST /session/9eb332d92fee3afc542bcceca92e7691/execute/async - {"script":"<script> [1562 bytes]","args":[{"selector":{"controlType":"sap.m.Title","i18NText":{"propertyName":"text","key":"dataCollectionAgreement"},"searchOpenDialogs":true},"wdio_ui5_key":"sapm.Title{\"propertyName\":\"text\",\"key\":\"dataCollectionAgreement\"}"}]}
RESULT: {"script":"<script> [1562 bytes]","args":[{"selector":{"controlType":"sap.m.Title","i18NText":{"propertyName":"text","key":"dataCollectionAgreement"},"searchOpenDialogs":true},"wdio_ui5_key":"sapm.Title{\"propertyName\":\"text\",\"key\":\"dataCollectionAgreement\"}"}]}
RESULT: undefined
COMMAND: POST /session/9eb332d92fee3afc542bcceca92e7691/execute/async - {"script":"<script> [1562 bytes]","args":[{"selector":{"controlType":"sap.m.GenericTile","properties":{"header":"Manage Resources"}},"wdio_ui5_key":"sapm.GenericTile{\"header\":\"Manage Resources\"}"}]}
RESULT: {"script":"<script> [1562 bytes]","args":[{"selector":{"controlType":"sap.m.GenericTile","properties":{"header":"Manage Resources"}},"wdio_ui5_key":"sapm.GenericTile{\"header\":\"Manage Resources\"}"}]}
RESULT: undefined
COMMAND: POST /session/9eb332d92fee3afc542bcceca92e7691/element - {"using":"xpath","value":"//*[@id=\"__tile31\"]"}
RESULT: {"using":"xpath","value":"//*[@id=\"__tile31\"]"}
COMMAND: POST /session/9eb332d92fee3afc542bcceca92e7691/element/f.FB94101F77D2F5C7286D81464D13618E.d.74380E9F9FC97116A9DE4B36BB6E8D7D.e.6115/click - {}
RESULT: {}
COMMAND: GET /session/9eb332d92fee3afc542bcceca92e7691/screenshot - {}
RESULT: {}
]]></system-out>
    </testcase>
  </testsuite>
  <testsuite timestamp="2025-05-08T05:48:10" time="519.6" tests="2" failures="0" errors="0" skipped="0">
    <properties>
      <property name="specId" value="0" />
      <property name="suiteName" value="Create 2 RU material US118246" />
      <property name="capabilities" value="chrome.136_0_7103_49.windows" />
      <property name="file" value="file:///D:/a/1/s/test/specs/R2C/create-material.spec.js" />
    </properties>
    <testcase classname="chrome.136_0_7103_49.windows.Create_2_RU_material_US118246" name="Create material" time="245.301">
      <system-out><![CDATA[
COMMAND: POST /session/9eb332d92fee3afc542bcceca92e7691/element - {"using":"xpath","value":"//button[@data-kt=\"addNewRUOverflowToolbarButton\"]"}
RESULT: {"using":"xpath","value":"//button[@data-kt=\"addNewRUOverflowToolbarButton\"]"}
COMMAND: POST /session/9eb332d92fee3afc542bcceca92e7691/execute/sync - {"script":"<script> [8489 bytes]","args":[{"element-6066-11e4-a52e-4f735466cecf":"f.FB94101F77D2F5C7286D81464D13618E.d.74380E9F9FC97116A9DE4B36BB6E8D7D.e.6253","ELEMENT":"f.FB94101F77D2F5C7286D81464D13618E.d.74380E9F9FC97116A9DE4B36BB6E8D7D.e.6253"}]}
RESULT: {"script":"<script> [8489 bytes]","args":[{"element-6066-11e4-a52e-4f735466cecf":"f.FB94101F77D2F5C7286D81464D13618E.d.74380E9F9FC97116A9DE4B36BB6E8D7D.e.6253","ELEMENT":"f.FB94101F77D2F5C7286D81464D13618E.d.74380E9F9FC97116A9DE4B36BB6E8D7D.e.6253"}]}
COMMAND: POST /session/9eb332d92fee3afc542bcceca92e7691/element/f.FB94101F77D2F5C7286D81464D13618E.d.74380E9F9FC97116A9DE4B36BB6E8D7D.e.6253/click - {}
COMMAND: GET /session/9eb332d92fee3afc542bcceca92e7691/screenshot - {}
RESULT: {}
COMMAND: GET /session/9eb332d92fee3afc542bcceca92e7691/screenshot - {}
RESULT: {}
RESULT: {}
COMMAND: POST /session/9eb332d92fee3afc542bcceca92e7691/execute/async - {"script":"<script> [1562 bytes]","args":[{"selector":{"controlType":"sap.m.ComboBox","viewName":"reusables.view.manageresources.NewResourceUnit","viewId":"application-manageresources-display-component---newResourceUnit","bindingPath":{"path":"","propertyPath":"/RuTypes","modelName":"catalogModel"},"searchOpenDialogs":true},"wdio_ui5_key":"reusablesview.manageresources.NewResourceUnitsap.m.ComboBox{\"path\":\"\",\"propertyPath\":\"/RuTypes\",\"modelName\":\"catalogModel\"}"}]}
RESULT: {"script":"<script> [1562 bytes]","args":[{"selector":{"controlType":"sap.m.ComboBox","viewName":"reusables.view.manageresources.NewResourceUnit","viewId":"application-manageresources-display-component---newResourceUnit","bindingPath":{"path":"","propertyPath":"/RuTypes","modelName":"catalogModel"},"searchOpenDialogs":true},"wdio_ui5_key":"reusablesview.manageresources.NewResourceUnitsap.m.ComboBox{\"path\":\"\",\"propertyPath\":\"/RuTypes\",\"modelName\":\"catalogModel\"}"}]}
RESULT: undefined
COMMAND: POST /session/9eb332d92fee3afc542bcceca92e7691/execute/async - {"script":"<script> [1562 bytes]","args":[{"selector":{"controlType":"sap.m.ComboBox","viewName":"reusables.view.manageresources.NewResourceUnit","viewId":"application-manageresources-display-component---newResourceUnit","bindingPath":{"path":"","propertyPath":"/Yards","modelName":"catalogModel"},"searchOpenDialogs":true},"wdio_ui5_key":"reusablesview.manageresources.NewResourceUnitsap.m.ComboBox{\"path\":\"\",\"propertyPath\":\"/Yards\",\"modelName\":\"catalogModel\"}"}]}
RESULT: {"script":"<script> [1562 bytes]","args":[{"selector":{"controlType":"sap.m.ComboBox","viewName":"reusables.view.manageresources.NewResourceUnit","viewId":"application-manageresources-display-component---newResourceUnit","bindingPath":{"path":"","propertyPath":"/Yards","modelName":"catalogModel"},"searchOpenDialogs":true},"wdio_ui5_key":"reusablesview.manageresources.NewResourceUnitsap.m.ComboBox{\"path\":\"\",\"propertyPath\":\"/Yards\",\"modelName\":\"catalogModel\"}"}]}
RESULT: undefined
COMMAND: POST /session/9eb332d92fee3afc542bcceca92e7691/execute/async - {"script":"<script> [1562 bytes]","args":[{"selector":{"controlType":"etm.portal.ui.reusables.customControls.LiveSearchComboBox","viewName":"reusables.view.manageresources.NewResourceUnit","viewId":"application-manageresources-display-component---newResourceUnit","bindingPath":{"path":"","propertyPath":"/CatalogItems","modelName":"catalogModel"},"searchOpenDialogs":true},"wdio_ui5_key":"reusablesview.manageresources.NewResourceUnitetm.portal.ui.reusables.customControls.LiveSearchComboBox{\"path\":\"\",\"propertyPath\":\"/CatalogItems\",\"modelName\":\"catalogModel\"}"}]}
RESULT: {"script":"<script> [1562 bytes]","args":[{"selector":{"controlType":"etm.portal.ui.reusables.customControls.LiveSearchComboBox","viewName":"reusables.view.manageresources.NewResourceUnit","viewId":"application-manageresources-display-component---newResourceUnit","bindingPath":{"path":"","propertyPath":"/CatalogItems","modelName":"catalogModel"},"searchOpenDialogs":true},"wdio_ui5_key":"reusablesview.manageresources.NewResourceUnitetm.portal.ui.reusables.customControls.LiveSearchComboBox{\"path\":\"\",\"propertyPath\":\"/CatalogItems\",\"modelName\":\"catalogModel\"}"}]}
RESULT: undefined
COMMAND: POST /session/9eb332d92fee3afc542bcceca92e7691/element - {"using":"xpath","value":"//bdi[text()=\"OK\"]"}
RESULT: {"using":"xpath","value":"//bdi[text()=\"OK\"]"}
COMMAND: POST /session/9eb332d92fee3afc542bcceca92e7691/elements - {"using":"xpath","value":"//bdi[text()=\"OK\"]"}
RESULT: {"using":"xpath","value":"//bdi[text()=\"OK\"]"}
COMMAND: POST /session/9eb332d92fee3afc542bcceca92e7691/elements - {"using":"xpath","value":"//bdi[text()=\"OK\"]"}
RESULT: {"using":"xpath","value":"//bdi[text()=\"OK\"]"}
COMMAND: POST /session/9eb332d92fee3afc542bcceca92e7691/elements - {"using":"xpath","value":"//bdi[text()=\"OK\"]"}
RESULT: {"using":"xpath","value":"//bdi[text()=\"OK\"]"}
COMMAND: POST /session/9eb332d92fee3afc542bcceca92e7691/elements - {"using":"xpath","value":"//bdi[text()=\"OK\"]"}
RESULT: {"using":"xpath","value":"//bdi[text()=\"OK\"]"}
COMMAND: POST /session/9eb332d92fee3afc542bcceca92e7691/elements - {"using":"xpath","value":"//bdi[text()=\"OK\"]"}
RESULT: {"using":"xpath","value":"//bdi[text()=\"OK\"]"}
COMMAND: POST /session/9eb332d92fee3afc542bcceca92e7691/elements - {"using":"xpath","value":"//bdi[text()=\"OK\"]"}
RESULT: {"using":"xpath","value":"//bdi[text()=\"OK\"]"}
COMMAND: POST /session/9eb332d92fee3afc542bcceca92e7691/elements - {"using":"xpath","value":"//bdi[text()=\"OK\"]"}
RESULT: {"using":"xpath","value":"//bdi[text()=\"OK\"]"}
COMMAND: POST /session/9eb332d92fee3afc542bcceca92e7691/elements - {"using":"xpath","value":"//bdi[text()=\"OK\"]"}
RESULT: {"using":"xpath","value":"//bdi[text()=\"OK\"]"}
COMMAND: POST /session/9eb332d92fee3afc542bcceca92e7691/elements - {"using":"xpath","value":"//bdi[text()=\"OK\"]"}
RESULT: {"using":"xpath","value":"//bdi[text()=\"OK\"]"}
COMMAND: POST /session/9eb332d92fee3afc542bcceca92e7691/elements - {"using":"xpath","value":"//bdi[text()=\"OK\"]"}
RESULT: {"using":"xpath","value":"//bdi[text()=\"OK\"]"}
COMMAND: POST /session/9eb332d92fee3afc542bcceca92e7691/elements - {"using":"xpath","value":"//bdi[text()=\"OK\"]"}
RESULT: {"using":"xpath","value":"//bdi[text()=\"OK\"]"}
COMMAND: POST /session/9eb332d92fee3afc542bcceca92e7691/elements - {"using":"xpath","value":"//bdi[text()=\"OK\"]"}
RESULT: {"using":"xpath","value":"//bdi[text()=\"OK\"]"}
COMMAND: POST /session/9eb332d92fee3afc542bcceca92e7691/elements - {"using":"xpath","value":"//bdi[text()=\"OK\"]"}
RESULT: {"using":"xpath","value":"//bdi[text()=\"OK\"]"}
COMMAND: POST /session/9eb332d92fee3afc542bcceca92e7691/elements - {"using":"xpath","value":"//bdi[text()=\"OK\"]"}
RESULT: {"using":"xpath","value":"//bdi[text()=\"OK\"]"}
COMMAND: POST /session/9eb332d92fee3afc542bcceca92e7691/elements - {"using":"xpath","value":"//bdi[text()=\"OK\"]"}
RESULT: {"using":"xpath","value":"//bdi[text()=\"OK\"]"}
COMMAND: POST /session/9eb332d92fee3afc542bcceca92e7691/elements - {"using":"xpath","value":"//bdi[text()=\"OK\"]"}
RESULT: {"using":"xpath","value":"//bdi[text()=\"OK\"]"}
COMMAND: POST /session/9eb332d92fee3afc542bcceca92e7691/elements - {"using":"xpath","value":"//bdi[text()=\"OK\"]"}
RESULT: {"using":"xpath","value":"//bdi[text()=\"OK\"]"}
COMMAND: POST /session/9eb332d92fee3afc542bcceca92e7691/elements - {"using":"xpath","value":"//bdi[text()=\"OK\"]"}
RESULT: {"using":"xpath","value":"//bdi[text()=\"OK\"]"}
COMMAND: POST /session/9eb332d92fee3afc542bcceca92e7691/elements - {"using":"xpath","value":"//bdi[text()=\"OK\"]"}
RESULT: {"using":"xpath","value":"//bdi[text()=\"OK\"]"}
COMMAND: POST /session/9eb332d92fee3afc542bcceca92e7691/elements - {"using":"xpath","value":"//bdi[text()=\"OK\"]"}
RESULT: {"using":"xpath","value":"//bdi[text()=\"OK\"]"}
COMMAND: POST /session/9eb332d92fee3afc542bcceca92e7691/elements - {"using":"xpath","value":"//bdi[text()=\"OK\"]"}
RESULT: {"using":"xpath","value":"//bdi[text()=\"OK\"]"}
COMMAND: POST /session/9eb332d92fee3afc542bcceca92e7691/elements - {"using":"xpath","value":"//bdi[text()=\"OK\"]"}
RESULT: {"using":"xpath","value":"//bdi[text()=\"OK\"]"}
COMMAND: POST /session/9eb332d92fee3afc542bcceca92e7691/elements - {"using":"xpath","value":"//bdi[text()=\"OK\"]"}
RESULT: {"using":"xpath","value":"//bdi[text()=\"OK\"]"}
COMMAND: POST /session/9eb332d92fee3afc542bcceca92e7691/elements - {"using":"xpath","value":"//bdi[text()=\"OK\"]"}
RESULT: {"using":"xpath","value":"//bdi[text()=\"OK\"]"}
COMMAND: POST /session/9eb332d92fee3afc542bcceca92e7691/elements - {"using":"xpath","value":"//bdi[text()=\"OK\"]"}
RESULT: {"using":"xpath","value":"//bdi[text()=\"OK\"]"}
COMMAND: POST /session/9eb332d92fee3afc542bcceca92e7691/elements - {"using":"xpath","value":"//bdi[text()=\"OK\"]"}
RESULT: {"using":"xpath","value":"//bdi[text()=\"OK\"]"}
COMMAND: POST /session/9eb332d92fee3afc542bcceca92e7691/elements - {"using":"xpath","value":"//bdi[text()=\"OK\"]"}
RESULT: {"using":"xpath","value":"//bdi[text()=\"OK\"]"}
COMMAND: POST /session/9eb332d92fee3afc542bcceca92e7691/elements - {"using":"xpath","value":"//bdi[text()=\"OK\"]"}
RESULT: {"using":"xpath","value":"//bdi[text()=\"OK\"]"}
COMMAND: POST /session/9eb332d92fee3afc542bcceca92e7691/elements - {"using":"xpath","value":"//bdi[text()=\"OK\"]"}
RESULT: {"using":"xpath","value":"//bdi[text()=\"OK\"]"}
COMMAND: POST /session/9eb332d92fee3afc542bcceca92e7691/elements - {"using":"xpath","value":"//bdi[text()=\"OK\"]"}
RESULT: {"using":"xpath","value":"//bdi[text()=\"OK\"]"}
COMMAND: POST /session/9eb332d92fee3afc542bcceca92e7691/elements - {"using":"xpath","value":"//bdi[text()=\"OK\"]"}
RESULT: {"using":"xpath","value":"//bdi[text()=\"OK\"]"}
COMMAND: POST /session/9eb332d92fee3afc542bcceca92e7691/elements - {"using":"xpath","value":"//bdi[text()=\"OK\"]"}
RESULT: {"using":"xpath","value":"//bdi[text()=\"OK\"]"}
COMMAND: POST /session/9eb332d92fee3afc542bcceca92e7691/elements - {"using":"xpath","value":"//bdi[text()=\"OK\"]"}
RESULT: {"using":"xpath","value":"//bdi[text()=\"OK\"]"}
COMMAND: POST /session/9eb332d92fee3afc542bcceca92e7691/elements - {"using":"xpath","value":"//bdi[text()=\"OK\"]"}
RESULT: {"using":"xpath","value":"//bdi[text()=\"OK\"]"}
COMMAND: POST /session/9eb332d92fee3afc542bcceca92e7691/elements - {"using":"xpath","value":"//bdi[text()=\"OK\"]"}
RESULT: {"using":"xpath","value":"//bdi[text()=\"OK\"]"}
COMMAND: POST /session/9eb332d92fee3afc542bcceca92e7691/elements - {"using":"xpath","value":"//bdi[text()=\"OK\"]"}
RESULT: {"using":"xpath","value":"//bdi[text()=\"OK\"]"}
COMMAND: POST /session/9eb332d92fee3afc542bcceca92e7691/elements - {"using":"xpath","value":"//bdi[text()=\"OK\"]"}
RESULT: {"using":"xpath","value":"//bdi[text()=\"OK\"]"}
COMMAND: POST /session/9eb332d92fee3afc542bcceca92e7691/elements - {"using":"xpath","value":"//bdi[text()=\"OK\"]"}
RESULT: {"using":"xpath","value":"//bdi[text()=\"OK\"]"}
COMMAND: POST /session/9eb332d92fee3afc542bcceca92e7691/elements - {"using":"xpath","value":"//bdi[text()=\"OK\"]"}
RESULT: {"using":"xpath","value":"//bdi[text()=\"OK\"]"}
COMMAND: POST /session/9eb332d92fee3afc542bcceca92e7691/elements - {"using":"xpath","value":"//bdi[text()=\"OK\"]"}
RESULT: {"using":"xpath","value":"//bdi[text()=\"OK\"]"}
COMMAND: POST /session/9eb332d92fee3afc542bcceca92e7691/elements - {"using":"xpath","value":"//bdi[text()=\"OK\"]"}
RESULT: {"using":"xpath","value":"//bdi[text()=\"OK\"]"}
COMMAND: POST /session/9eb332d92fee3afc542bcceca92e7691/elements - {"using":"xpath","value":"//bdi[text()=\"OK\"]"}
RESULT: {"using":"xpath","value":"//bdi[text()=\"OK\"]"}
COMMAND: POST /session/9eb332d92fee3afc542bcceca92e7691/elements - {"using":"xpath","value":"//bdi[text()=\"OK\"]"}
RESULT: {"using":"xpath","value":"//bdi[text()=\"OK\"]"}
COMMAND: POST /session/9eb332d92fee3afc542bcceca92e7691/elements - {"using":"xpath","value":"//bdi[text()=\"OK\"]"}
RESULT: {"using":"xpath","value":"//bdi[text()=\"OK\"]"}
COMMAND: POST /session/9eb332d92fee3afc542bcceca92e7691/elements - {"using":"xpath","value":"//bdi[text()=\"OK\"]"}
RESULT: {"using":"xpath","value":"//bdi[text()=\"OK\"]"}
COMMAND: POST /session/9eb332d92fee3afc542bcceca92e7691/elements - {"using":"xpath","value":"//bdi[text()=\"OK\"]"}
RESULT: {"using":"xpath","value":"//bdi[text()=\"OK\"]"}
COMMAND: POST /session/9eb332d92fee3afc542bcceca92e7691/elements - {"using":"xpath","value":"//bdi[text()=\"OK\"]"}
RESULT: {"using":"xpath","value":"//bdi[text()=\"OK\"]"}
COMMAND: POST /session/9eb332d92fee3afc542bcceca92e7691/elements - {"using":"xpath","value":"//bdi[text()=\"OK\"]"}
RESULT: {"using":"xpath","value":"//bdi[text()=\"OK\"]"}
COMMAND: POST /session/9eb332d92fee3afc542bcceca92e7691/elements - {"using":"xpath","value":"//bdi[text()=\"OK\"]"}
RESULT: {"using":"xpath","value":"//bdi[text()=\"OK\"]"}
COMMAND: POST /session/9eb332d92fee3afc542bcceca92e7691/elements - {"using":"xpath","value":"//bdi[text()=\"OK\"]"}
RESULT: {"using":"xpath","value":"//bdi[text()=\"OK\"]"}
COMMAND: POST /session/9eb332d92fee3afc542bcceca92e7691/elements - {"using":"xpath","value":"//bdi[text()=\"OK\"]"}
RESULT: {"using":"xpath","value":"//bdi[text()=\"OK\"]"}
COMMAND: POST /session/9eb332d92fee3afc542bcceca92e7691/elements - {"using":"xpath","value":"//bdi[text()=\"OK\"]"}
RESULT: {"using":"xpath","value":"//bdi[text()=\"OK\"]"}
COMMAND: POST /session/9eb332d92fee3afc542bcceca92e7691/elements - {"using":"xpath","value":"//bdi[text()=\"OK\"]"}
RESULT: {"using":"xpath","value":"//bdi[text()=\"OK\"]"}
COMMAND: POST /session/9eb332d92fee3afc542bcceca92e7691/elements - {"using":"xpath","value":"//bdi[text()=\"OK\"]"}
RESULT: {"using":"xpath","value":"//bdi[text()=\"OK\"]"}
COMMAND: POST /session/9eb332d92fee3afc542bcceca92e7691/elements - {"using":"xpath","value":"//bdi[text()=\"OK\"]"}
RESULT: {"using":"xpath","value":"//bdi[text()=\"OK\"]"}
COMMAND: POST /session/9eb332d92fee3afc542bcceca92e7691/elements - {"using":"xpath","value":"//bdi[text()=\"OK\"]"}
RESULT: {"using":"xpath","value":"//bdi[text()=\"OK\"]"}
COMMAND: POST /session/9eb332d92fee3afc542bcceca92e7691/elements - {"using":"xpath","value":"//bdi[text()=\"OK\"]"}
RESULT: {"using":"xpath","value":"//bdi[text()=\"OK\"]"}
COMMAND: POST /session/9eb332d92fee3afc542bcceca92e7691/elements - {"using":"xpath","value":"//bdi[text()=\"OK\"]"}
RESULT: {"using":"xpath","value":"//bdi[text()=\"OK\"]"}
COMMAND: POST /session/9eb332d92fee3afc542bcceca92e7691/elements - {"using":"xpath","value":"//bdi[text()=\"OK\"]"}
RESULT: {"using":"xpath","value":"//bdi[text()=\"OK\"]"}
COMMAND: POST /session/9eb332d92fee3afc542bcceca92e7691/elements - {"using":"xpath","value":"//bdi[text()=\"OK\"]"}
RESULT: {"using":"xpath","value":"//bdi[text()=\"OK\"]"}
COMMAND: POST /session/9eb332d92fee3afc542bcceca92e7691/elements - {"using":"xpath","value":"//bdi[text()=\"OK\"]"}
RESULT: {"using":"xpath","value":"//bdi[text()=\"OK\"]"}
COMMAND: POST /session/9eb332d92fee3afc542bcceca92e7691/elements - {"using":"xpath","value":"//bdi[text()=\"OK\"]"}
RESULT: {"using":"xpath","value":"//bdi[text()=\"OK\"]"}
COMMAND: POST /session/9eb332d92fee3afc542bcceca92e7691/elements - {"using":"xpath","value":"//bdi[text()=\"OK\"]"}
RESULT: {"using":"xpath","value":"//bdi[text()=\"OK\"]"}
COMMAND: POST /session/9eb332d92fee3afc542bcceca92e7691/elements - {"using":"xpath","value":"//bdi[text()=\"OK\"]"}
RESULT: {"using":"xpath","value":"//bdi[text()=\"OK\"]"}
COMMAND: POST /session/9eb332d92fee3afc542bcceca92e7691/elements - {"using":"xpath","value":"//bdi[text()=\"OK\"]"}
RESULT: {"using":"xpath","value":"//bdi[text()=\"OK\"]"}
COMMAND: POST /session/9eb332d92fee3afc542bcceca92e7691/elements - {"using":"xpath","value":"//bdi[text()=\"OK\"]"}
RESULT: {"using":"xpath","value":"//bdi[text()=\"OK\"]"}
COMMAND: POST /session/9eb332d92fee3afc542bcceca92e7691/elements - {"using":"xpath","value":"//bdi[text()=\"OK\"]"}
RESULT: {"using":"xpath","value":"//bdi[text()=\"OK\"]"}
COMMAND: POST /session/9eb332d92fee3afc542bcceca92e7691/elements - {"using":"xpath","value":"//bdi[text()=\"OK\"]"}
RESULT: {"using":"xpath","value":"//bdi[text()=\"OK\"]"}
COMMAND: POST /session/9eb332d92fee3afc542bcceca92e7691/elements - {"using":"xpath","value":"//bdi[text()=\"OK\"]"}
RESULT: {"using":"xpath","value":"//bdi[text()=\"OK\"]"}
COMMAND: POST /session/9eb332d92fee3afc542bcceca92e7691/elements - {"using":"xpath","value":"//bdi[text()=\"OK\"]"}
RESULT: {"using":"xpath","value":"//bdi[text()=\"OK\"]"}
COMMAND: POST /session/9eb332d92fee3afc542bcceca92e7691/elements - {"using":"xpath","value":"//bdi[text()=\"OK\"]"}
RESULT: {"using":"xpath","value":"//bdi[text()=\"OK\"]"}
COMMAND: POST /session/9eb332d92fee3afc542bcceca92e7691/elements - {"using":"xpath","value":"//bdi[text()=\"OK\"]"}
RESULT: {"using":"xpath","value":"//bdi[text()=\"OK\"]"}
COMMAND: POST /session/9eb332d92fee3afc542bcceca92e7691/elements - {"using":"xpath","value":"//bdi[text()=\"OK\"]"}
RESULT: {"using":"xpath","value":"//bdi[text()=\"OK\"]"}
COMMAND: POST /session/9eb332d92fee3afc542bcceca92e7691/elements - {"using":"xpath","value":"//bdi[text()=\"OK\"]"}
RESULT: {"using":"xpath","value":"//bdi[text()=\"OK\"]"}
COMMAND: POST /session/9eb332d92fee3afc542bcceca92e7691/elements - {"using":"xpath","value":"//bdi[text()=\"OK\"]"}
RESULT: {"using":"xpath","value":"//bdi[text()=\"OK\"]"}
COMMAND: POST /session/9eb332d92fee3afc542bcceca92e7691/elements - {"using":"xpath","value":"//bdi[text()=\"OK\"]"}
RESULT: {"using":"xpath","value":"//bdi[text()=\"OK\"]"}
COMMAND: POST /session/9eb332d92fee3afc542bcceca92e7691/elements - {"using":"xpath","value":"//bdi[text()=\"OK\"]"}
RESULT: {"using":"xpath","value":"//bdi[text()=\"OK\"]"}
COMMAND: POST /session/9eb332d92fee3afc542bcceca92e7691/elements - {"using":"xpath","value":"//bdi[text()=\"OK\"]"}
RESULT: {"using":"xpath","value":"//bdi[text()=\"OK\"]"}
COMMAND: POST /session/9eb332d92fee3afc542bcceca92e7691/elements - {"using":"xpath","value":"//bdi[text()=\"OK\"]"}
RESULT: {"using":"xpath","value":"//bdi[text()=\"OK\"]"}
COMMAND: POST /session/9eb332d92fee3afc542bcceca92e7691/elements - {"using":"xpath","value":"//bdi[text()=\"OK\"]"}
RESULT: {"using":"xpath","value":"//bdi[text()=\"OK\"]"}
COMMAND: POST /session/9eb332d92fee3afc542bcceca92e7691/elements - {"using":"xpath","value":"//bdi[text()=\"OK\"]"}
RESULT: {"using":"xpath","value":"//bdi[text()=\"OK\"]"}
COMMAND: POST /session/9eb332d92fee3afc542bcceca92e7691/elements - {"using":"xpath","value":"//bdi[text()=\"OK\"]"}
RESULT: {"using":"xpath","value":"//bdi[text()=\"OK\"]"}
COMMAND: POST /session/9eb332d92fee3afc542bcceca92e7691/elements - {"using":"xpath","value":"//bdi[text()=\"OK\"]"}
RESULT: {"using":"xpath","value":"//bdi[text()=\"OK\"]"}
COMMAND: POST /session/9eb332d92fee3afc542bcceca92e7691/elements - {"using":"xpath","value":"//bdi[text()=\"OK\"]"}
RESULT: {"using":"xpath","value":"//bdi[text()=\"OK\"]"}
COMMAND: POST /session/9eb332d92fee3afc542bcceca92e7691/elements - {"using":"xpath","value":"//bdi[text()=\"OK\"]"}
RESULT: {"using":"xpath","value":"//bdi[text()=\"OK\"]"}
COMMAND: POST /session/9eb332d92fee3afc542bcceca92e7691/elements - {"using":"xpath","value":"//bdi[text()=\"OK\"]"}
RESULT: {"using":"xpath","value":"//bdi[text()=\"OK\"]"}
COMMAND: POST /session/9eb332d92fee3afc542bcceca92e7691/elements - {"using":"xpath","value":"//bdi[text()=\"OK\"]"}
RESULT: {"using":"xpath","value":"//bdi[text()=\"OK\"]"}
COMMAND: POST /session/9eb332d92fee3afc542bcceca92e7691/elements - {"using":"xpath","value":"//bdi[text()=\"OK\"]"}
RESULT: {"using":"xpath","value":"//bdi[text()=\"OK\"]"}
COMMAND: POST /session/9eb332d92fee3afc542bcceca92e7691/elements - {"using":"xpath","value":"//bdi[text()=\"OK\"]"}
RESULT: {"using":"xpath","value":"//bdi[text()=\"OK\"]"}
COMMAND: POST /session/9eb332d92fee3afc542bcceca92e7691/elements - {"using":"xpath","value":"//bdi[text()=\"OK\"]"}
RESULT: {"using":"xpath","value":"//bdi[text()=\"OK\"]"}
COMMAND: POST /session/9eb332d92fee3afc542bcceca92e7691/elements - {"using":"xpath","value":"//bdi[text()=\"OK\"]"}
RESULT: {"using":"xpath","value":"//bdi[text()=\"OK\"]"}
COMMAND: POST /session/9eb332d92fee3afc542bcceca92e7691/elements - {"using":"xpath","value":"//bdi[text()=\"OK\"]"}
RESULT: {"using":"xpath","value":"//bdi[text()=\"OK\"]"}
COMMAND: POST /session/9eb332d92fee3afc542bcceca92e7691/elements - {"using":"xpath","value":"//bdi[text()=\"OK\"]"}
RESULT: {"using":"xpath","value":"//bdi[text()=\"OK\"]"}
COMMAND: POST /session/9eb332d92fee3afc542bcceca92e7691/elements - {"using":"xpath","value":"//bdi[text()=\"OK\"]"}
RESULT: {"using":"xpath","value":"//bdi[text()=\"OK\"]"}
COMMAND: POST /session/9eb332d92fee3afc542bcceca92e7691/elements - {"using":"xpath","value":"//bdi[text()=\"OK\"]"}
RESULT: {"using":"xpath","value":"//bdi[text()=\"OK\"]"}
COMMAND: POST /session/9eb332d92fee3afc542bcceca92e7691/elements - {"using":"xpath","value":"//bdi[text()=\"OK\"]"}
RESULT: {"using":"xpath","value":"//bdi[text()=\"OK\"]"}
COMMAND: POST /session/9eb332d92fee3afc542bcceca92e7691/elements - {"using":"xpath","value":"//bdi[text()=\"OK\"]"}
RESULT: {"using":"xpath","value":"//bdi[text()=\"OK\"]"}
COMMAND: POST /session/9eb332d92fee3afc542bcceca92e7691/elements - {"using":"xpath","value":"//bdi[text()=\"OK\"]"}
RESULT: {"using":"xpath","value":"//bdi[text()=\"OK\"]"}
COMMAND: POST /session/9eb332d92fee3afc542bcceca92e7691/elements - {"using":"xpath","value":"//bdi[text()=\"OK\"]"}
RESULT: {"using":"xpath","value":"//bdi[text()=\"OK\"]"}
COMMAND: POST /session/9eb332d92fee3afc542bcceca92e7691/elements - {"using":"xpath","value":"//bdi[text()=\"OK\"]"}
RESULT: {"using":"xpath","value":"//bdi[text()=\"OK\"]"}
COMMAND: POST /session/9eb332d92fee3afc542bcceca92e7691/elements - {"using":"xpath","value":"//bdi[text()=\"OK\"]"}
RESULT: {"using":"xpath","value":"//bdi[text()=\"OK\"]"}
COMMAND: POST /session/9eb332d92fee3afc542bcceca92e7691/elements - {"using":"xpath","value":"//bdi[text()=\"OK\"]"}
RESULT: {"using":"xpath","value":"//bdi[text()=\"OK\"]"}
COMMAND: POST /session/9eb332d92fee3afc542bcceca92e7691/elements - {"using":"xpath","value":"//bdi[text()=\"OK\"]"}
RESULT: {"using":"xpath","value":"//bdi[text()=\"OK\"]"}
COMMAND: POST /session/9eb332d92fee3afc542bcceca92e7691/elements - {"using":"xpath","value":"//bdi[text()=\"OK\"]"}
RESULT: {"using":"xpath","value":"//bdi[text()=\"OK\"]"}
COMMAND: POST /session/9eb332d92fee3afc542bcceca92e7691/elements - {"using":"xpath","value":"//bdi[text()=\"OK\"]"}
RESULT: {"using":"xpath","value":"//bdi[text()=\"OK\"]"}
COMMAND: POST /session/9eb332d92fee3afc542bcceca92e7691/elements - {"using":"xpath","value":"//bdi[text()=\"OK\"]"}
RESULT: {"using":"xpath","value":"//bdi[text()=\"OK\"]"}
COMMAND: POST /session/9eb332d92fee3afc542bcceca92e7691/elements - {"using":"xpath","value":"//bdi[text()=\"OK\"]"}
RESULT: {"using":"xpath","value":"//bdi[text()=\"OK\"]"}
COMMAND: POST /session/9eb332d92fee3afc542bcceca92e7691/elements - {"using":"xpath","value":"//bdi[text()=\"OK\"]"}
RESULT: {"using":"xpath","value":"//bdi[text()=\"OK\"]"}
COMMAND: POST /session/9eb332d92fee3afc542bcceca92e7691/elements - {"using":"xpath","value":"//bdi[text()=\"OK\"]"}
RESULT: {"using":"xpath","value":"//bdi[text()=\"OK\"]"}
COMMAND: POST /session/9eb332d92fee3afc542bcceca92e7691/elements - {"using":"xpath","value":"//bdi[text()=\"OK\"]"}
RESULT: {"using":"xpath","value":"//bdi[text()=\"OK\"]"}
COMMAND: POST /session/9eb332d92fee3afc542bcceca92e7691/elements - {"using":"xpath","value":"//bdi[text()=\"OK\"]"}
RESULT: {"using":"xpath","value":"//bdi[text()=\"OK\"]"}
COMMAND: POST /session/9eb332d92fee3afc542bcceca92e7691/elements - {"using":"xpath","value":"//bdi[text()=\"OK\"]"}
RESULT: {"using":"xpath","value":"//bdi[text()=\"OK\"]"}
COMMAND: POST /session/9eb332d92fee3afc542bcceca92e7691/elements - {"using":"xpath","value":"//bdi[text()=\"OK\"]"}
RESULT: {"using":"xpath","value":"//bdi[text()=\"OK\"]"}
COMMAND: POST /session/9eb332d92fee3afc542bcceca92e7691/elements - {"using":"xpath","value":"//bdi[text()=\"OK\"]"}
RESULT: {"using":"xpath","value":"//bdi[text()=\"OK\"]"}
COMMAND: POST /session/9eb332d92fee3afc542bcceca92e7691/elements - {"using":"xpath","value":"//bdi[text()=\"OK\"]"}
RESULT: {"using":"xpath","value":"//bdi[text()=\"OK\"]"}
COMMAND: POST /session/9eb332d92fee3afc542bcceca92e7691/elements - {"using":"xpath","value":"//bdi[text()=\"OK\"]"}
RESULT: {"using":"xpath","value":"//bdi[text()=\"OK\"]"}
COMMAND: POST /session/9eb332d92fee3afc542bcceca92e7691/elements - {"using":"xpath","value":"//bdi[text()=\"OK\"]"}
RESULT: {"using":"xpath","value":"//bdi[text()=\"OK\"]"}
COMMAND: POST /session/9eb332d92fee3afc542bcceca92e7691/elements - {"using":"xpath","value":"//bdi[text()=\"OK\"]"}
RESULT: {"using":"xpath","value":"//bdi[text()=\"OK\"]"}
COMMAND: POST /session/9eb332d92fee3afc542bcceca92e7691/elements - {"using":"xpath","value":"//bdi[text()=\"OK\"]"}
RESULT: {"using":"xpath","value":"//bdi[text()=\"OK\"]"}
COMMAND: POST /session/9eb332d92fee3afc542bcceca92e7691/elements - {"using":"xpath","value":"//bdi[text()=\"OK\"]"}
RESULT: {"using":"xpath","value":"//bdi[text()=\"OK\"]"}
COMMAND: POST /session/9eb332d92fee3afc542bcceca92e7691/element - {"using":"xpath","value":"//bdi[text()=\"OK\"]"}
RESULT: {"using":"xpath","value":"//bdi[text()=\"OK\"]"}
COMMAND: POST /session/9eb332d92fee3afc542bcceca92e7691/elements - {"using":"xpath","value":"//bdi[text()=\"OK\"]"}
RESULT: {"using":"xpath","value":"//bdi[text()=\"OK\"]"}
COMMAND: POST /session/9eb332d92fee3afc542bcceca92e7691/elements - {"using":"xpath","value":"//bdi[text()=\"OK\"]"}
RESULT: {"using":"xpath","value":"//bdi[text()=\"OK\"]"}
COMMAND: POST /session/9eb332d92fee3afc542bcceca92e7691/elements - {"using":"xpath","value":"//bdi[text()=\"OK\"]"}
RESULT: {"using":"xpath","value":"//bdi[text()=\"OK\"]"}
COMMAND: POST /session/9eb332d92fee3afc542bcceca92e7691/elements - {"using":"xpath","value":"//bdi[text()=\"OK\"]"}
RESULT: {"using":"xpath","value":"//bdi[text()=\"OK\"]"}
COMMAND: POST /session/9eb332d92fee3afc542bcceca92e7691/elements - {"using":"xpath","value":"//bdi[text()=\"OK\"]"}
RESULT: {"using":"xpath","value":"//bdi[text()=\"OK\"]"}
COMMAND: POST /session/9eb332d92fee3afc542bcceca92e7691/elements - {"using":"xpath","value":"//bdi[text()=\"OK\"]"}
RESULT: {"using":"xpath","value":"//bdi[text()=\"OK\"]"}
COMMAND: POST /session/9eb332d92fee3afc542bcceca92e7691/elements - {"using":"xpath","value":"//bdi[text()=\"OK\"]"}
RESULT: {"using":"xpath","value":"//bdi[text()=\"OK\"]"}
COMMAND: POST /session/9eb332d92fee3afc542bcceca92e7691/elements - {"using":"xpath","value":"//bdi[text()=\"OK\"]"}
RESULT: {"using":"xpath","value":"//bdi[text()=\"OK\"]"}
COMMAND: POST /session/9eb332d92fee3afc542bcceca92e7691/elements - {"using":"xpath","value":"//bdi[text()=\"OK\"]"}
RESULT: {"using":"xpath","value":"//bdi[text()=\"OK\"]"}
COMMAND: POST /session/9eb332d92fee3afc542bcceca92e7691/elements - {"using":"xpath","value":"//bdi[text()=\"OK\"]"}
RESULT: {"using":"xpath","value":"//bdi[text()=\"OK\"]"}
COMMAND: POST /session/9eb332d92fee3afc542bcceca92e7691/elements - {"using":"xpath","value":"//bdi[text()=\"OK\"]"}
RESULT: {"using":"xpath","value":"//bdi[text()=\"OK\"]"}
COMMAND: POST /session/9eb332d92fee3afc542bcceca92e7691/elements - {"using":"xpath","value":"//bdi[text()=\"OK\"]"}
RESULT: {"using":"xpath","value":"//bdi[text()=\"OK\"]"}
COMMAND: POST /session/9eb332d92fee3afc542bcceca92e7691/elements - {"using":"xpath","value":"//bdi[text()=\"OK\"]"}
RESULT: {"using":"xpath","value":"//bdi[text()=\"OK\"]"}
COMMAND: POST /session/9eb332d92fee3afc542bcceca92e7691/elements - {"using":"xpath","value":"//bdi[text()=\"OK\"]"}
RESULT: {"using":"xpath","value":"//bdi[text()=\"OK\"]"}
COMMAND: POST /session/9eb332d92fee3afc542bcceca92e7691/elements - {"using":"xpath","value":"//bdi[text()=\"OK\"]"}
RESULT: {"using":"xpath","value":"//bdi[text()=\"OK\"]"}
COMMAND: POST /session/9eb332d92fee3afc542bcceca92e7691/elements - {"using":"xpath","value":"//bdi[text()=\"OK\"]"}
RESULT: {"using":"xpath","value":"//bdi[text()=\"OK\"]"}
COMMAND: POST /session/9eb332d92fee3afc542bcceca92e7691/elements - {"using":"xpath","value":"//bdi[text()=\"OK\"]"}
RESULT: {"using":"xpath","value":"//bdi[text()=\"OK\"]"}
COMMAND: POST /session/9eb332d92fee3afc542bcceca92e7691/elements - {"using":"xpath","value":"//bdi[text()=\"OK\"]"}
RESULT: {"using":"xpath","value":"//bdi[text()=\"OK\"]"}
COMMAND: POST /session/9eb332d92fee3afc542bcceca92e7691/elements - {"using":"xpath","value":"//bdi[text()=\"OK\"]"}
RESULT: {"using":"xpath","value":"//bdi[text()=\"OK\"]"}
COMMAND: POST /session/9eb332d92fee3afc542bcceca92e7691/elements - {"using":"xpath","value":"//bdi[text()=\"OK\"]"}
RESULT: {"using":"xpath","value":"//bdi[text()=\"OK\"]"}
COMMAND: POST /session/9eb332d92fee3afc542bcceca92e7691/elements - {"using":"xpath","value":"//bdi[text()=\"OK\"]"}
RESULT: {"using":"xpath","value":"//bdi[text()=\"OK\"]"}
COMMAND: POST /session/9eb332d92fee3afc542bcceca92e7691/elements - {"using":"xpath","value":"//bdi[text()=\"OK\"]"}
RESULT: {"using":"xpath","value":"//bdi[text()=\"OK\"]"}
COMMAND: POST /session/9eb332d92fee3afc542bcceca92e7691/elements - {"using":"xpath","value":"//bdi[text()=\"OK\"]"}
RESULT: {"using":"xpath","value":"//bdi[text()=\"OK\"]"}
COMMAND: POST /session/9eb332d92fee3afc542bcceca92e7691/elements - {"using":"xpath","value":"//bdi[text()=\"OK\"]"}
RESULT: {"using":"xpath","value":"//bdi[text()=\"OK\"]"}
COMMAND: POST /session/9eb332d92fee3afc542bcceca92e7691/elements - {"using":"xpath","value":"//bdi[text()=\"OK\"]"}
RESULT: {"using":"xpath","value":"//bdi[text()=\"OK\"]"}
COMMAND: POST /session/9eb332d92fee3afc542bcceca92e7691/elements - {"using":"xpath","value":"//bdi[text()=\"OK\"]"}
RESULT: {"using":"xpath","value":"//bdi[text()=\"OK\"]"}
COMMAND: POST /session/9eb332d92fee3afc542bcceca92e7691/elements - {"using":"xpath","value":"//bdi[text()=\"OK\"]"}
RESULT: {"using":"xpath","value":"//bdi[text()=\"OK\"]"}
COMMAND: POST /session/9eb332d92fee3afc542bcceca92e7691/elements - {"using":"xpath","value":"//bdi[text()=\"OK\"]"}
RESULT: {"using":"xpath","value":"//bdi[text()=\"OK\"]"}
COMMAND: POST /session/9eb332d92fee3afc542bcceca92e7691/elements - {"using":"xpath","value":"//bdi[text()=\"OK\"]"}
RESULT: {"using":"xpath","value":"//bdi[text()=\"OK\"]"}
COMMAND: POST /session/9eb332d92fee3afc542bcceca92e7691/elements - {"using":"xpath","value":"//bdi[text()=\"OK\"]"}
RESULT: {"using":"xpath","value":"//bdi[text()=\"OK\"]"}
COMMAND: POST /session/9eb332d92fee3afc542bcceca92e7691/elements - {"using":"xpath","value":"//bdi[text()=\"OK\"]"}
RESULT: {"using":"xpath","value":"//bdi[text()=\"OK\"]"}
COMMAND: POST /session/9eb332d92fee3afc542bcceca92e7691/elements - {"using":"xpath","value":"//bdi[text()=\"OK\"]"}
RESULT: {"using":"xpath","value":"//bdi[text()=\"OK\"]"}
COMMAND: POST /session/9eb332d92fee3afc542bcceca92e7691/elements - {"using":"xpath","value":"//bdi[text()=\"OK\"]"}
RESULT: {"using":"xpath","value":"//bdi[text()=\"OK\"]"}
COMMAND: POST /session/9eb332d92fee3afc542bcceca92e7691/elements - {"using":"xpath","value":"//bdi[text()=\"OK\"]"}
RESULT: {"using":"xpath","value":"//bdi[text()=\"OK\"]"}
COMMAND: POST /session/9eb332d92fee3afc542bcceca92e7691/elements - {"using":"xpath","value":"//bdi[text()=\"OK\"]"}
RESULT: {"using":"xpath","value":"//bdi[text()=\"OK\"]"}
COMMAND: POST /session/9eb332d92fee3afc542bcceca92e7691/elements - {"using":"xpath","value":"//bdi[text()=\"OK\"]"}
RESULT: {"using":"xpath","value":"//bdi[text()=\"OK\"]"}
COMMAND: POST /session/9eb332d92fee3afc542bcceca92e7691/elements - {"using":"xpath","value":"//bdi[text()=\"OK\"]"}
RESULT: {"using":"xpath","value":"//bdi[text()=\"OK\"]"}
COMMAND: POST /session/9eb332d92fee3afc542bcceca92e7691/elements - {"using":"xpath","value":"//bdi[text()=\"OK\"]"}
RESULT: {"using":"xpath","value":"//bdi[text()=\"OK\"]"}
COMMAND: POST /session/9eb332d92fee3afc542bcceca92e7691/elements - {"using":"xpath","value":"//bdi[text()=\"OK\"]"}
RESULT: {"using":"xpath","value":"//bdi[text()=\"OK\"]"}
COMMAND: POST /session/9eb332d92fee3afc542bcceca92e7691/elements - {"using":"xpath","value":"//bdi[text()=\"OK\"]"}
RESULT: {"using":"xpath","value":"//bdi[text()=\"OK\"]"}
COMMAND: POST /session/9eb332d92fee3afc542bcceca92e7691/elements - {"using":"xpath","value":"//bdi[text()=\"OK\"]"}
RESULT: {"using":"xpath","value":"//bdi[text()=\"OK\"]"}
COMMAND: POST /session/9eb332d92fee3afc542bcceca92e7691/elements - {"using":"xpath","value":"//bdi[text()=\"OK\"]"}
RESULT: {"using":"xpath","value":"//bdi[text()=\"OK\"]"}
COMMAND: POST /session/9eb332d92fee3afc542bcceca92e7691/elements - {"using":"xpath","value":"//bdi[text()=\"OK\"]"}
RESULT: {"using":"xpath","value":"//bdi[text()=\"OK\"]"}
COMMAND: POST /session/9eb332d92fee3afc542bcceca92e7691/elements - {"using":"xpath","value":"//bdi[text()=\"OK\"]"}
RESULT: {"using":"xpath","value":"//bdi[text()=\"OK\"]"}
COMMAND: POST /session/9eb332d92fee3afc542bcceca92e7691/elements - {"using":"xpath","value":"//bdi[text()=\"OK\"]"}
RESULT: {"using":"xpath","value":"//bdi[text()=\"OK\"]"}
COMMAND: POST /session/9eb332d92fee3afc542bcceca92e7691/elements - {"using":"xpath","value":"//bdi[text()=\"OK\"]"}
RESULT: {"using":"xpath","value":"//bdi[text()=\"OK\"]"}
COMMAND: POST /session/9eb332d92fee3afc542bcceca92e7691/elements - {"using":"xpath","value":"//bdi[text()=\"OK\"]"}
RESULT: {"using":"xpath","value":"//bdi[text()=\"OK\"]"}
COMMAND: POST /session/9eb332d92fee3afc542bcceca92e7691/elements - {"using":"xpath","value":"//bdi[text()=\"OK\"]"}
RESULT: {"using":"xpath","value":"//bdi[text()=\"OK\"]"}
COMMAND: POST /session/9eb332d92fee3afc542bcceca92e7691/elements - {"using":"xpath","value":"//bdi[text()=\"OK\"]"}
RESULT: {"using":"xpath","value":"//bdi[text()=\"OK\"]"}
COMMAND: POST /session/9eb332d92fee3afc542bcceca92e7691/elements - {"using":"xpath","value":"//bdi[text()=\"OK\"]"}
RESULT: {"using":"xpath","value":"//bdi[text()=\"OK\"]"}
COMMAND: POST /session/9eb332d92fee3afc542bcceca92e7691/elements - {"using":"xpath","value":"//bdi[text()=\"OK\"]"}
RESULT: {"using":"xpath","value":"//bdi[text()=\"OK\"]"}
COMMAND: POST /session/9eb332d92fee3afc542bcceca92e7691/elements - {"using":"xpath","value":"//bdi[text()=\"OK\"]"}
RESULT: {"using":"xpath","value":"//bdi[text()=\"OK\"]"}
COMMAND: POST /session/9eb332d92fee3afc542bcceca92e7691/elements - {"using":"xpath","value":"//bdi[text()=\"OK\"]"}
RESULT: {"using":"xpath","value":"//bdi[text()=\"OK\"]"}
COMMAND: POST /session/9eb332d92fee3afc542bcceca92e7691/elements - {"using":"xpath","value":"//bdi[text()=\"OK\"]"}
RESULT: {"using":"xpath","value":"//bdi[text()=\"OK\"]"}
COMMAND: POST /session/9eb332d92fee3afc542bcceca92e7691/elements - {"using":"xpath","value":"//bdi[text()=\"OK\"]"}
RESULT: {"using":"xpath","value":"//bdi[text()=\"OK\"]"}
COMMAND: POST /session/9eb332d92fee3afc542bcceca92e7691/elements - {"using":"xpath","value":"//bdi[text()=\"OK\"]"}
RESULT: {"using":"xpath","value":"//bdi[text()=\"OK\"]"}
COMMAND: POST /session/9eb332d92fee3afc542bcceca92e7691/elements - {"using":"xpath","value":"//bdi[text()=\"OK\"]"}
RESULT: {"using":"xpath","value":"//bdi[text()=\"OK\"]"}
COMMAND: POST /session/9eb332d92fee3afc542bcceca92e7691/elements - {"using":"xpath","value":"//bdi[text()=\"OK\"]"}
RESULT: {"using":"xpath","value":"//bdi[text()=\"OK\"]"}
COMMAND: POST /session/9eb332d92fee3afc542bcceca92e7691/elements - {"using":"xpath","value":"//bdi[text()=\"OK\"]"}
RESULT: {"using":"xpath","value":"//bdi[text()=\"OK\"]"}
COMMAND: POST /session/9eb332d92fee3afc542bcceca92e7691/elements - {"using":"xpath","value":"//bdi[text()=\"OK\"]"}
RESULT: {"using":"xpath","value":"//bdi[text()=\"OK\"]"}
COMMAND: POST /session/9eb332d92fee3afc542bcceca92e7691/elements - {"using":"xpath","value":"//bdi[text()=\"OK\"]"}
RESULT: {"using":"xpath","value":"//bdi[text()=\"OK\"]"}
COMMAND: POST /session/9eb332d92fee3afc542bcceca92e7691/elements - {"using":"xpath","value":"//bdi[text()=\"OK\"]"}
RESULT: {"using":"xpath","value":"//bdi[text()=\"OK\"]"}
COMMAND: POST /session/9eb332d92fee3afc542bcceca92e7691/elements - {"using":"xpath","value":"//bdi[text()=\"OK\"]"}
RESULT: {"using":"xpath","value":"//bdi[text()=\"OK\"]"}
COMMAND: POST /session/9eb332d92fee3afc542bcceca92e7691/elements - {"using":"xpath","value":"//bdi[text()=\"OK\"]"}
RESULT: {"using":"xpath","value":"//bdi[text()=\"OK\"]"}
COMMAND: POST /session/9eb332d92fee3afc542bcceca92e7691/elements - {"using":"xpath","value":"//bdi[text()=\"OK\"]"}
RESULT: {"using":"xpath","value":"//bdi[text()=\"OK\"]"}
COMMAND: POST /session/9eb332d92fee3afc542bcceca92e7691/elements - {"using":"xpath","value":"//bdi[text()=\"OK\"]"}
RESULT: {"using":"xpath","value":"//bdi[text()=\"OK\"]"}
COMMAND: POST /session/9eb332d92fee3afc542bcceca92e7691/elements - {"using":"xpath","value":"//bdi[text()=\"OK\"]"}
RESULT: {"using":"xpath","value":"//bdi[text()=\"OK\"]"}
COMMAND: POST /session/9eb332d92fee3afc542bcceca92e7691/elements - {"using":"xpath","value":"//bdi[text()=\"OK\"]"}
RESULT: {"using":"xpath","value":"//bdi[text()=\"OK\"]"}
COMMAND: POST /session/9eb332d92fee3afc542bcceca92e7691/elements - {"using":"xpath","value":"//bdi[text()=\"OK\"]"}
RESULT: {"using":"xpath","value":"//bdi[text()=\"OK\"]"}
COMMAND: POST /session/9eb332d92fee3afc542bcceca92e7691/elements - {"using":"xpath","value":"//bdi[text()=\"OK\"]"}
RESULT: {"using":"xpath","value":"//bdi[text()=\"OK\"]"}
COMMAND: POST /session/9eb332d92fee3afc542bcceca92e7691/elements - {"using":"xpath","value":"//bdi[text()=\"OK\"]"}
RESULT: {"using":"xpath","value":"//bdi[text()=\"OK\"]"}
COMMAND: POST /session/9eb332d92fee3afc542bcceca92e7691/elements - {"using":"xpath","value":"//bdi[text()=\"OK\"]"}
RESULT: {"using":"xpath","value":"//bdi[text()=\"OK\"]"}
COMMAND: POST /session/9eb332d92fee3afc542bcceca92e7691/elements - {"using":"xpath","value":"//bdi[text()=\"OK\"]"}
RESULT: {"using":"xpath","value":"//bdi[text()=\"OK\"]"}
COMMAND: POST /session/9eb332d92fee3afc542bcceca92e7691/elements - {"using":"xpath","value":"//bdi[text()=\"OK\"]"}
RESULT: {"using":"xpath","value":"//bdi[text()=\"OK\"]"}
COMMAND: POST /session/9eb332d92fee3afc542bcceca92e7691/elements - {"using":"xpath","value":"//bdi[text()=\"OK\"]"}
RESULT: {"using":"xpath","value":"//bdi[text()=\"OK\"]"}
COMMAND: POST /session/9eb332d92fee3afc542bcceca92e7691/elements - {"using":"xpath","value":"//bdi[text()=\"OK\"]"}
RESULT: {"using":"xpath","value":"//bdi[text()=\"OK\"]"}
COMMAND: POST /session/9eb332d92fee3afc542bcceca92e7691/elements - {"using":"xpath","value":"//bdi[text()=\"OK\"]"}
RESULT: {"using":"xpath","value":"//bdi[text()=\"OK\"]"}
COMMAND: POST /session/9eb332d92fee3afc542bcceca92e7691/elements - {"using":"xpath","value":"//bdi[text()=\"OK\"]"}
RESULT: {"using":"xpath","value":"//bdi[text()=\"OK\"]"}
COMMAND: POST /session/9eb332d92fee3afc542bcceca92e7691/elements - {"using":"xpath","value":"//bdi[text()=\"OK\"]"}
RESULT: {"using":"xpath","value":"//bdi[text()=\"OK\"]"}
COMMAND: POST /session/9eb332d92fee3afc542bcceca92e7691/elements - {"using":"xpath","value":"//bdi[text()=\"OK\"]"}
RESULT: {"using":"xpath","value":"//bdi[text()=\"OK\"]"}
COMMAND: POST /session/9eb332d92fee3afc542bcceca92e7691/elements - {"using":"xpath","value":"//bdi[text()=\"OK\"]"}
RESULT: {"using":"xpath","value":"//bdi[text()=\"OK\"]"}
COMMAND: POST /session/9eb332d92fee3afc542bcceca92e7691/elements - {"using":"xpath","value":"//bdi[text()=\"OK\"]"}
RESULT: {"using":"xpath","value":"//bdi[text()=\"OK\"]"}
COMMAND: POST /session/9eb332d92fee3afc542bcceca92e7691/elements - {"using":"xpath","value":"//bdi[text()=\"OK\"]"}
RESULT: {"using":"xpath","value":"//bdi[text()=\"OK\"]"}
COMMAND: POST /session/9eb332d92fee3afc542bcceca92e7691/elements - {"using":"xpath","value":"//bdi[text()=\"OK\"]"}
RESULT: {"using":"xpath","value":"//bdi[text()=\"OK\"]"}
COMMAND: POST /session/9eb332d92fee3afc542bcceca92e7691/elements - {"using":"xpath","value":"//bdi[text()=\"OK\"]"}
RESULT: {"using":"xpath","value":"//bdi[text()=\"OK\"]"}
COMMAND: POST /session/9eb332d92fee3afc542bcceca92e7691/elements - {"using":"xpath","value":"//bdi[text()=\"OK\"]"}
RESULT: {"using":"xpath","value":"//bdi[text()=\"OK\"]"}
COMMAND: POST /session/9eb332d92fee3afc542bcceca92e7691/elements - {"using":"xpath","value":"//bdi[text()=\"OK\"]"}
RESULT: {"using":"xpath","value":"//bdi[text()=\"OK\"]"}
COMMAND: POST /session/9eb332d92fee3afc542bcceca92e7691/elements - {"using":"xpath","value":"//bdi[text()=\"OK\"]"}
RESULT: {"using":"xpath","value":"//bdi[text()=\"OK\"]"}
COMMAND: POST /session/9eb332d92fee3afc542bcceca92e7691/elements - {"using":"xpath","value":"//bdi[text()=\"OK\"]"}
RESULT: {"using":"xpath","value":"//bdi[text()=\"OK\"]"}
COMMAND: POST /session/9eb332d92fee3afc542bcceca92e7691/elements - {"using":"xpath","value":"//bdi[text()=\"OK\"]"}
RESULT: {"using":"xpath","value":"//bdi[text()=\"OK\"]"}
COMMAND: POST /session/9eb332d92fee3afc542bcceca92e7691/elements - {"using":"xpath","value":"//bdi[text()=\"OK\"]"}
RESULT: {"using":"xpath","value":"//bdi[text()=\"OK\"]"}
COMMAND: POST /session/9eb332d92fee3afc542bcceca92e7691/elements - {"using":"xpath","value":"//bdi[text()=\"OK\"]"}
RESULT: {"using":"xpath","value":"//bdi[text()=\"OK\"]"}
COMMAND: POST /session/9eb332d92fee3afc542bcceca92e7691/elements - {"using":"xpath","value":"//bdi[text()=\"OK\"]"}
RESULT: {"using":"xpath","value":"//bdi[text()=\"OK\"]"}
COMMAND: POST /session/9eb332d92fee3afc542bcceca92e7691/elements - {"using":"xpath","value":"//bdi[text()=\"OK\"]"}
RESULT: {"using":"xpath","value":"//bdi[text()=\"OK\"]"}
COMMAND: POST /session/9eb332d92fee3afc542bcceca92e7691/elements - {"using":"xpath","value":"//bdi[text()=\"OK\"]"}
RESULT: {"using":"xpath","value":"//bdi[text()=\"OK\"]"}
COMMAND: POST /session/9eb332d92fee3afc542bcceca92e7691/elements - {"using":"xpath","value":"//bdi[text()=\"OK\"]"}
RESULT: {"using":"xpath","value":"//bdi[text()=\"OK\"]"}
COMMAND: POST /session/9eb332d92fee3afc542bcceca92e7691/elements - {"using":"xpath","value":"//bdi[text()=\"OK\"]"}
RESULT: {"using":"xpath","value":"//bdi[text()=\"OK\"]"}
COMMAND: POST /session/9eb332d92fee3afc542bcceca92e7691/elements - {"using":"xpath","value":"//bdi[text()=\"OK\"]"}
RESULT: {"using":"xpath","value":"//bdi[text()=\"OK\"]"}
COMMAND: POST /session/9eb332d92fee3afc542bcceca92e7691/elements - {"using":"xpath","value":"//bdi[text()=\"OK\"]"}
RESULT: {"using":"xpath","value":"//bdi[text()=\"OK\"]"}
COMMAND: POST /session/9eb332d92fee3afc542bcceca92e7691/elements - {"using":"xpath","value":"//bdi[text()=\"OK\"]"}
RESULT: {"using":"xpath","value":"//bdi[text()=\"OK\"]"}
COMMAND: POST /session/9eb332d92fee3afc542bcceca92e7691/elements - {"using":"xpath","value":"//bdi[text()=\"OK\"]"}
RESULT: {"using":"xpath","value":"//bdi[text()=\"OK\"]"}
COMMAND: POST /session/9eb332d92fee3afc542bcceca92e7691/elements - {"using":"xpath","value":"//bdi[text()=\"OK\"]"}
RESULT: {"using":"xpath","value":"//bdi[text()=\"OK\"]"}
COMMAND: POST /session/9eb332d92fee3afc542bcceca92e7691/elements - {"using":"xpath","value":"//bdi[text()=\"OK\"]"}
RESULT: {"using":"xpath","value":"//bdi[text()=\"OK\"]"}
COMMAND: POST /session/9eb332d92fee3afc542bcceca92e7691/elements - {"using":"xpath","value":"//bdi[text()=\"OK\"]"}
RESULT: {"using":"xpath","value":"//bdi[text()=\"OK\"]"}
COMMAND: POST /session/9eb332d92fee3afc542bcceca92e7691/elements - {"using":"xpath","value":"//bdi[text()=\"OK\"]"}
RESULT: {"using":"xpath","value":"//bdi[text()=\"OK\"]"}
COMMAND: POST /session/9eb332d92fee3afc542bcceca92e7691/elements - {"using":"xpath","value":"//bdi[text()=\"OK\"]"}
RESULT: {"using":"xpath","value":"//bdi[text()=\"OK\"]"}
COMMAND: POST /session/9eb332d92fee3afc542bcceca92e7691/elements - {"using":"xpath","value":"//bdi[text()=\"OK\"]"}
RESULT: {"using":"xpath","value":"//bdi[text()=\"OK\"]"}
COMMAND: POST /session/9eb332d92fee3afc542bcceca92e7691/elements - {"using":"xpath","value":"//bdi[text()=\"OK\"]"}
RESULT: {"using":"xpath","value":"//bdi[text()=\"OK\"]"}
COMMAND: POST /session/9eb332d92fee3afc542bcceca92e7691/elements - {"using":"xpath","value":"//bdi[text()=\"OK\"]"}
RESULT: {"using":"xpath","value":"//bdi[text()=\"OK\"]"}
COMMAND: POST /session/9eb332d92fee3afc542bcceca92e7691/elements - {"using":"xpath","value":"//bdi[text()=\"OK\"]"}
RESULT: {"using":"xpath","value":"//bdi[text()=\"OK\"]"}
COMMAND: POST /session/9eb332d92fee3afc542bcceca92e7691/elements - {"using":"xpath","value":"//bdi[text()=\"OK\"]"}
RESULT: {"using":"xpath","value":"//bdi[text()=\"OK\"]"}
COMMAND: POST /session/9eb332d92fee3afc542bcceca92e7691/elements - {"using":"xpath","value":"//bdi[text()=\"OK\"]"}
RESULT: {"using":"xpath","value":"//bdi[text()=\"OK\"]"}
COMMAND: POST /session/9eb332d92fee3afc542bcceca92e7691/elements - {"using":"xpath","value":"//bdi[text()=\"OK\"]"}
RESULT: {"using":"xpath","value":"//bdi[text()=\"OK\"]"}
COMMAND: POST /session/9eb332d92fee3afc542bcceca92e7691/elements - {"using":"xpath","value":"//bdi[text()=\"OK\"]"}
RESULT: {"using":"xpath","value":"//bdi[text()=\"OK\"]"}
COMMAND: POST /session/9eb332d92fee3afc542bcceca92e7691/elements - {"using":"xpath","value":"//bdi[text()=\"OK\"]"}
RESULT: {"using":"xpath","value":"//bdi[text()=\"OK\"]"}
COMMAND: POST /session/9eb332d92fee3afc542bcceca92e7691/elements - {"using":"xpath","value":"//bdi[text()=\"OK\"]"}
RESULT: {"using":"xpath","value":"//bdi[text()=\"OK\"]"}
COMMAND: POST /session/9eb332d92fee3afc542bcceca92e7691/elements - {"using":"xpath","value":"//bdi[text()=\"OK\"]"}
RESULT: {"using":"xpath","value":"//bdi[text()=\"OK\"]"}
COMMAND: POST /session/9eb332d92fee3afc542bcceca92e7691/elements - {"using":"xpath","value":"//bdi[text()=\"OK\"]"}
RESULT: {"using":"xpath","value":"//bdi[text()=\"OK\"]"}
COMMAND: POST /session/9eb332d92fee3afc542bcceca92e7691/elements - {"using":"xpath","value":"//bdi[text()=\"OK\"]"}
RESULT: {"using":"xpath","value":"//bdi[text()=\"OK\"]"}
COMMAND: POST /session/9eb332d92fee3afc542bcceca92e7691/elements - {"using":"xpath","value":"//bdi[text()=\"OK\"]"}
RESULT: {"using":"xpath","value":"//bdi[text()=\"OK\"]"}
COMMAND: POST /session/9eb332d92fee3afc542bcceca92e7691/elements - {"using":"xpath","value":"//bdi[text()=\"OK\"]"}
COMMAND: POST /session/9eb332d92fee3afc542bcceca92e7691/execute/async - {"script":"<script> [1562 bytes]","args":[{"selector":{"id":"application-manageresources-display-component---newResourceUnit--TYPE-arrow"},"wdio_ui5_key":"applicationmanageresources-display-component---newResourceUnit--TYPE-arrow"}]}
RESULT: {"using":"xpath","value":"//bdi[text()=\"OK\"]"}
RESULT: {"script":"<script> [1562 bytes]","args":[{"selector":{"id":"application-manageresources-display-component---newResourceUnit--TYPE-arrow"},"wdio_ui5_key":"applicationmanageresources-display-component---newResourceUnit--TYPE-arrow"}]}
RESULT: undefined
COMMAND: POST /session/9eb332d92fee3afc542bcceca92e7691/element - {"using":"xpath","value":"//*[@id=\"application-manageresources-display-component---newResourceUnit--TYPE-arrow\"]"}
RESULT: {"using":"xpath","value":"//*[@id=\"application-manageresources-display-component---newResourceUnit--TYPE-arrow\"]"}
COMMAND: POST /session/9eb332d92fee3afc542bcceca92e7691/element/f.FB94101F77D2F5C7286D81464D13618E.d.74380E9F9FC97116A9DE4B36BB6E8D7D.e.6577/click - {}
RESULT: {}
COMMAND: POST /session/9eb332d92fee3afc542bcceca92e7691/execute/async - {"script":"<script> [1562 bytes]","args":[{"selector":{"controlType":"sap.m.StandardListItem","viewName":"reusables.view.manageresources.NewResourceUnit","viewId":"application-manageresources-display-component---newResourceUnit","properties":{"title":"Material"},"searchOpenDialogs":true,"interaction":{"idSuffix":"titleText"}},"wdio_ui5_key":"reusablesview.manageresources.NewResourceUnitsap.m.StandardListItem{\"title\":\"Material\"}"}]}
COMMAND: GET /session/9eb332d92fee3afc542bcceca92e7691/screenshot - {}
RESULT: {"script":"<script> [1562 bytes]","args":[{"selector":{"controlType":"sap.m.StandardListItem","viewName":"reusables.view.manageresources.NewResourceUnit","viewId":"application-manageresources-display-component---newResourceUnit","properties":{"title":"Material"},"searchOpenDialogs":true,"interaction":{"idSuffix":"titleText"}},"wdio_ui5_key":"reusablesview.manageresources.NewResourceUnitsap.m.StandardListItem{\"title\":\"Material\"}"}]}
RESULT: undefined
COMMAND: POST /session/9eb332d92fee3afc542bcceca92e7691/element - {"using":"xpath","value":"//*[@id=\"__item142\"]"}
RESULT: {}
RESULT: {"using":"xpath","value":"//*[@id=\"__item142\"]"}
COMMAND: POST /session/9eb332d92fee3afc542bcceca92e7691/element/f.FB94101F77D2F5C7286D81464D13618E.d.74380E9F9FC97116A9DE4B36BB6E8D7D.e.6580/click - {}
RESULT: {}
COMMAND: POST /session/9eb332d92fee3afc542bcceca92e7691/execute/async - {"script":"<script> [1562 bytes]","args":[{"selector":{"id":"application-manageresources-display-component---newResourceUnit--SHORT_TEXT","interaction":{"idSuffix":"inner"}},"wdio_ui5_key":"applicationmanageresources-display-component---newResourceUnit--SHORT_TEXT"}]}
COMMAND: GET /session/9eb332d92fee3afc542bcceca92e7691/screenshot - {}
RESULT: {}
RESULT: {"script":"<script> [1562 bytes]","args":[{"selector":{"id":"application-manageresources-display-component---newResourceUnit--SHORT_TEXT","interaction":{"idSuffix":"inner"}},"wdio_ui5_key":"applicationmanageresources-display-component---newResourceUnit--SHORT_TEXT"}]}
RESULT: undefined
COMMAND: POST /session/9eb332d92fee3afc542bcceca92e7691/execute/async - {"script":"<script> [776 bytes]","args":[{"enterText":"WebdriverRU R2C8wy4c","selector":{"id":"application-manageresources-display-component---newResourceUnit--SHORT_TEXT","interaction":{"idSuffix":"inner"}},"clearTextFirst":true,"interactionType":"ENTER_TEXT"}]}
RESULT: {"script":"<script> [776 bytes]","args":[{"enterText":"WebdriverRU R2C8wy4c","selector":{"id":"application-manageresources-display-component---newResourceUnit--SHORT_TEXT","interaction":{"idSuffix":"inner"}},"clearTextFirst":true,"interactionType":"ENTER_TEXT"}]}
COMMAND: POST /session/9eb332d92fee3afc542bcceca92e7691/execute/async - {"script":"<script> [1562 bytes]","args":[{"selector":{"id":"application-manageresources-display-component---newResourceUnit--BASE_UNIT_OF_MEASURE-arrow"},"wdio_ui5_key":"applicationmanageresources-display-component---newResourceUnit--BASE_UNIT_OF_MEASURE-arrow"}]}
RESULT: {"script":"<script> [1562 bytes]","args":[{"selector":{"id":"application-manageresources-display-component---newResourceUnit--BASE_UNIT_OF_MEASURE-arrow"},"wdio_ui5_key":"applicationmanageresources-display-component---newResourceUnit--BASE_UNIT_OF_MEASURE-arrow"}]}
RESULT: undefined
COMMAND: POST /session/9eb332d92fee3afc542bcceca92e7691/element - {"using":"xpath","value":"//*[@id=\"application-manageresources-display-component---newResourceUnit--BASE_UNIT_OF_MEASURE-arrow\"]"}
RESULT: {"using":"xpath","value":"//*[@id=\"application-manageresources-display-component---newResourceUnit--BASE_UNIT_OF_MEASURE-arrow\"]"}
COMMAND: POST /session/9eb332d92fee3afc542bcceca92e7691/element/f.FB94101F77D2F5C7286D81464D13618E.d.74380E9F9FC97116A9DE4B36BB6E8D7D.e.6638/click - {}
RESULT: {}
COMMAND: POST /session/9eb332d92fee3afc542bcceca92e7691/execute/async - {"script":"<script> [1562 bytes]","args":[{"selector":{"controlType":"sap.m.StandardListItem","viewName":"reusables.view.manageresources.NewResourceUnit","viewId":"application-manageresources-display-component---newResourceUnit","properties":{"title":"Piece"},"searchOpenDialogs":true,"interaction":{"idSuffix":"titleText"}},"wdio_ui5_key":"reusablesview.manageresources.NewResourceUnitsap.m.StandardListItem{\"title\":\"Piece\"}"}]}
COMMAND: GET /session/9eb332d92fee3afc542bcceca92e7691/screenshot - {}
RESULT: {"script":"<script> [1562 bytes]","args":[{"selector":{"controlType":"sap.m.StandardListItem","viewName":"reusables.view.manageresources.NewResourceUnit","viewId":"application-manageresources-display-component---newResourceUnit","properties":{"title":"Piece"},"searchOpenDialogs":true,"interaction":{"idSuffix":"titleText"}},"wdio_ui5_key":"reusablesview.manageresources.NewResourceUnitsap.m.StandardListItem{\"title\":\"Piece\"}"}]}
RESULT: undefined
COMMAND: POST /session/9eb332d92fee3afc542bcceca92e7691/element - {"using":"xpath","value":"//*[@id=\"__item186\"]"}
RESULT: {}
RESULT: {"using":"xpath","value":"//*[@id=\"__item186\"]"}
COMMAND: POST /session/9eb332d92fee3afc542bcceca92e7691/element/f.FB94101F77D2F5C7286D81464D13618E.d.74380E9F9FC97116A9DE4B36BB6E8D7D.e.6640/click - {}
RESULT: {}
COMMAND: POST /session/9eb332d92fee3afc542bcceca92e7691/execute/async - {"script":"<script> [1562 bytes]","args":[{"selector":{"id":"application-manageresources-display-component---newResourceUnit--WEIGHT_UNIT-arrow"},"wdio_ui5_key":"applicationmanageresources-display-component---newResourceUnit--WEIGHT_UNIT-arrow"}]}
COMMAND: GET /session/9eb332d92fee3afc542bcceca92e7691/screenshot - {}
RESULT: {"script":"<script> [1562 bytes]","args":[{"selector":{"id":"application-manageresources-display-component---newResourceUnit--WEIGHT_UNIT-arrow"},"wdio_ui5_key":"applicationmanageresources-display-component---newResourceUnit--WEIGHT_UNIT-arrow"}]}
RESULT: undefined
COMMAND: POST /session/9eb332d92fee3afc542bcceca92e7691/element - {"using":"xpath","value":"//*[@id=\"application-manageresources-display-component---newResourceUnit--WEIGHT_UNIT-arrow\"]"}
RESULT: {}
RESULT: {"using":"xpath","value":"//*[@id=\"application-manageresources-display-component---newResourceUnit--WEIGHT_UNIT-arrow\"]"}
COMMAND: POST /session/9eb332d92fee3afc542bcceca92e7691/element/f.FB94101F77D2F5C7286D81464D13618E.d.74380E9F9FC97116A9DE4B36BB6E8D7D.e.6641/click - {}
RESULT: {}
COMMAND: POST /session/9eb332d92fee3afc542bcceca92e7691/execute/async - {"script":"<script> [1562 bytes]","args":[{"selector":{"controlType":"sap.m.StandardListItem","viewName":"reusables.view.manageresources.NewResourceUnit","viewId":"application-manageresources-display-component---newResourceUnit","properties":{"title":"Gram"},"searchOpenDialogs":true,"interaction":{"idSuffix":"content"}},"wdio_ui5_key":"reusablesview.manageresources.NewResourceUnitsap.m.StandardListItem{\"title\":\"Gram\"}"}]}
COMMAND: GET /session/9eb332d92fee3afc542bcceca92e7691/screenshot - {}
RESULT: {"script":"<script> [1562 bytes]","args":[{"selector":{"controlType":"sap.m.StandardListItem","viewName":"reusables.view.manageresources.NewResourceUnit","viewId":"application-manageresources-display-component---newResourceUnit","properties":{"title":"Gram"},"searchOpenDialogs":true,"interaction":{"idSuffix":"content"}},"wdio_ui5_key":"reusablesview.manageresources.NewResourceUnitsap.m.StandardListItem{\"title\":\"Gram\"}"}]}
RESULT: undefined
COMMAND: POST /session/9eb332d92fee3afc542bcceca92e7691/element - {"using":"xpath","value":"//*[@id=\"__item251\"]"}
RESULT: {}
RESULT: {"using":"xpath","value":"//*[@id=\"__item251\"]"}
COMMAND: POST /session/9eb332d92fee3afc542bcceca92e7691/element/f.FB94101F77D2F5C7286D81464D13618E.d.74380E9F9FC97116A9DE4B36BB6E8D7D.e.6643/click - {}
RESULT: {}
COMMAND: GET /session/9eb332d92fee3afc542bcceca92e7691/screenshot - {}
RESULT: {}
COMMAND: POST /session/9eb332d92fee3afc542bcceca92e7691/execute/async - {"script":"<script> [1562 bytes]","args":[{"selector":{"id":"application-manageresources-display-component---newResourceUnit--newRRUPage-OPHeaderContent-collapseBtn-img"},"wdio_ui5_key":"applicationmanageresources-display-component---newResourceUnit--newRRUPage-OPHeaderContent-collapseBtn-img"}]}
RESULT: {"script":"<script> [1562 bytes]","args":[{"selector":{"id":"application-manageresources-display-component---newResourceUnit--newRRUPage-OPHeaderContent-collapseBtn-img"},"wdio_ui5_key":"applicationmanageresources-display-component---newResourceUnit--newRRUPage-OPHeaderContent-collapseBtn-img"}]}
RESULT: undefined
COMMAND: POST /session/9eb332d92fee3afc542bcceca92e7691/element - {"using":"xpath","value":"//*[@id=\"application-manageresources-display-component---newResourceUnit--newRRUPage-OPHeaderContent-collapseBtn-img\"]"}
RESULT: {"using":"xpath","value":"//*[@id=\"application-manageresources-display-component---newResourceUnit--newRRUPage-OPHeaderContent-collapseBtn-img\"]"}
COMMAND: POST /session/9eb332d92fee3afc542bcceca92e7691/element/f.FB94101F77D2F5C7286D81464D13618E.d.74380E9F9FC97116A9DE4B36BB6E8D7D.e.6588/click - {}
RESULT: {}
COMMAND: GET /session/9eb332d92fee3afc542bcceca92e7691/screenshot - {}
RESULT: {}
COMMAND: POST /session/9eb332d92fee3afc542bcceca92e7691/element - {"using":"xpath","value":"(//span[contains(@id ,\"application-manageresources-display-component---newResourceUnit--DIMENSION_UNIT-arrow\")])[1]"}
RESULT: {"using":"xpath","value":"(//span[contains(@id ,\"application-manageresources-display-component---newResourceUnit--DIMENSION_UNIT-arrow\")])[1]"}
COMMAND: POST /session/9eb332d92fee3afc542bcceca92e7691/element/f.FB94101F77D2F5C7286D81464D13618E.d.74380E9F9FC97116A9DE4B36BB6E8D7D.e.6647/click - {}
RESULT: {}
COMMAND: GET /session/9eb332d92fee3afc542bcceca92e7691/screenshot - {}
RESULT: {}
COMMAND: POST /session/9eb332d92fee3afc542bcceca92e7691/execute/async - {"script":"<script> [1562 bytes]","args":[{"selector":{"controlType":"sap.m.StandardListItem","viewName":"reusables.view.manageresources.NewResourceUnit","viewId":"application-manageresources-display-component---newResourceUnit","properties":{"title":"Centimeter"},"searchOpenDialogs":true,"interaction":{"idSuffix":"titleText"}},"wdio_ui5_key":"reusablesview.manageresources.NewResourceUnitsap.m.StandardListItem{\"title\":\"Centimeter\"}"}]}
RESULT: {"script":"<script> [1562 bytes]","args":[{"selector":{"controlType":"sap.m.StandardListItem","viewName":"reusables.view.manageresources.NewResourceUnit","viewId":"application-manageresources-display-component---newResourceUnit","properties":{"title":"Centimeter"},"searchOpenDialogs":true,"interaction":{"idSuffix":"titleText"}},"wdio_ui5_key":"reusablesview.manageresources.NewResourceUnitsap.m.StandardListItem{\"title\":\"Centimeter\"}"}]}
RESULT: undefined
COMMAND: POST /session/9eb332d92fee3afc542bcceca92e7691/element - {"using":"xpath","value":"//*[@id=\"__item254\"]"}
RESULT: {"using":"xpath","value":"//*[@id=\"__item254\"]"}
COMMAND: POST /session/9eb332d92fee3afc542bcceca92e7691/element/f.FB94101F77D2F5C7286D81464D13618E.d.74380E9F9FC97116A9DE4B36BB6E8D7D.e.6651/click - {}
RESULT: {}
COMMAND: GET /session/9eb332d92fee3afc542bcceca92e7691/screenshot - {}
RESULT: {}
COMMAND: POST /session/9eb332d92fee3afc542bcceca92e7691/execute/async - {"script":"<script> [1562 bytes]","args":[{"selector":{"id":"application-manageresources-display-component---newResourceUnit--newRRUPage-anchBar-application-manageresources-display-component---newResourceUnit--reference-anchor","interaction":{"idSuffix":"BDI-content"}},"wdio_ui5_key":"applicationmanageresources-display-component---newResourceUnit--newRRUPage-anchBar-application-manageresources-display-component---newResourceUnit--reference-anchor"}]}
RESULT: {"script":"<script> [1562 bytes]","args":[{"selector":{"id":"application-manageresources-display-component---newResourceUnit--newRRUPage-anchBar-application-manageresources-display-component---newResourceUnit--reference-anchor","interaction":{"idSuffix":"BDI-content"}},"wdio_ui5_key":"applicationmanageresources-display-component---newResourceUnit--newRRUPage-anchBar-application-manageresources-display-component---newResourceUnit--reference-anchor"}]}
RESULT: undefined
COMMAND: POST /session/9eb332d92fee3afc542bcceca92e7691/element - {"using":"xpath","value":"//*[@id=\"application-manageresources-display-component---newResourceUnit--newRRUPage-anchBar-application-manageresources-display-component---newResourceUnit--reference-anchor\"]"}
RESULT: {"using":"xpath","value":"//*[@id=\"application-manageresources-display-component---newResourceUnit--newRRUPage-anchBar-application-manageresources-display-component---newResourceUnit--reference-anchor\"]"}
COMMAND: POST /session/9eb332d92fee3afc542bcceca92e7691/element/f.FB94101F77D2F5C7286D81464D13618E.d.74380E9F9FC97116A9DE4B36BB6E8D7D.e.6653/click - {}
RESULT: {}
COMMAND: POST /session/9eb332d92fee3afc542bcceca92e7691/execute/async - {"script":"<script> [1562 bytes]","args":[{"selector":{"id":"application-manageresources-display-component---newResourceUnit--PLANNING_GROUP-arrow"},"wdio_ui5_key":"applicationmanageresources-display-component---newResourceUnit--PLANNING_GROUP-arrow"}]}
COMMAND: GET /session/9eb332d92fee3afc542bcceca92e7691/screenshot - {}
RESULT: {"script":"<script> [1562 bytes]","args":[{"selector":{"id":"application-manageresources-display-component---newResourceUnit--PLANNING_GROUP-arrow"},"wdio_ui5_key":"applicationmanageresources-display-component---newResourceUnit--PLANNING_GROUP-arrow"}]}
RESULT: undefined
COMMAND: POST /session/9eb332d92fee3afc542bcceca92e7691/element - {"using":"xpath","value":"//*[@id=\"application-manageresources-display-component---newResourceUnit--PLANNING_GROUP-arrow\"]"}
RESULT: {}
RESULT: {"using":"xpath","value":"//*[@id=\"application-manageresources-display-component---newResourceUnit--PLANNING_GROUP-arrow\"]"}
COMMAND: POST /session/9eb332d92fee3afc542bcceca92e7691/element/f.FB94101F77D2F5C7286D81464D13618E.d.74380E9F9FC97116A9DE4B36BB6E8D7D.e.6657/click - {}
RESULT: {}
COMMAND: POST /session/9eb332d92fee3afc542bcceca92e7691/execute/async - {"script":"<script> [1562 bytes]","args":[{"selector":{"controlType":"sap.m.StandardListItem","viewName":"reusables.view.manageresources.NewResourceUnit","viewId":"application-manageresources-display-component---newResourceUnit","properties":{"title":"Heavy Equi"},"searchOpenDialogs":true,"interaction":{"idSuffix":"content"}},"wdio_ui5_key":"reusablesview.manageresources.NewResourceUnitsap.m.StandardListItem{\"title\":\"Heavy Equi\"}"}]}
COMMAND: GET /session/9eb332d92fee3afc542bcceca92e7691/screenshot - {}
RESULT: {"script":"<script> [1562 bytes]","args":[{"selector":{"controlType":"sap.m.StandardListItem","viewName":"reusables.view.manageresources.NewResourceUnit","viewId":"application-manageresources-display-component---newResourceUnit","properties":{"title":"Heavy Equi"},"searchOpenDialogs":true,"interaction":{"idSuffix":"content"}},"wdio_ui5_key":"reusablesview.manageresources.NewResourceUnitsap.m.StandardListItem{\"title\":\"Heavy Equi\"}"}]}
RESULT: undefined
COMMAND: POST /session/9eb332d92fee3afc542bcceca92e7691/element - {"using":"xpath","value":"//*[@id=\"__item262\"]"}
RESULT: {}
RESULT: {"using":"xpath","value":"//*[@id=\"__item262\"]"}
COMMAND: POST /session/9eb332d92fee3afc542bcceca92e7691/element/f.FB94101F77D2F5C7286D81464D13618E.d.74380E9F9FC97116A9DE4B36BB6E8D7D.e.6661/click - {}
RESULT: {}
COMMAND: GET /session/9eb332d92fee3afc542bcceca92e7691/screenshot - {}
RESULT: {}
COMMAND: POST /session/9eb332d92fee3afc542bcceca92e7691/execute/async - {"script":"<script> [1562 bytes]","args":[{"selector":{"id":"application-manageresources-display-component---newResourceUnit--PLANNING_INDICATOR-arrow"},"wdio_ui5_key":"applicationmanageresources-display-component---newResourceUnit--PLANNING_INDICATOR-arrow"}]}
RESULT: {"script":"<script> [1562 bytes]","args":[{"selector":{"id":"application-manageresources-display-component---newResourceUnit--PLANNING_INDICATOR-arrow"},"wdio_ui5_key":"applicationmanageresources-display-component---newResourceUnit--PLANNING_INDICATOR-arrow"}]}
RESULT: undefined
COMMAND: POST /session/9eb332d92fee3afc542bcceca92e7691/element - {"using":"xpath","value":"//*[@id=\"application-manageresources-display-component---newResourceUnit--PLANNING_INDICATOR-arrow\"]"}
RESULT: {"using":"xpath","value":"//*[@id=\"application-manageresources-display-component---newResourceUnit--PLANNING_INDICATOR-arrow\"]"}
COMMAND: POST /session/9eb332d92fee3afc542bcceca92e7691/element/f.FB94101F77D2F5C7286D81464D13618E.d.74380E9F9FC97116A9DE4B36BB6E8D7D.e.6662/click - {}
RESULT: {}
COMMAND: POST /session/9eb332d92fee3afc542bcceca92e7691/execute/async - {"script":"<script> [1562 bytes]","args":[{"selector":{"controlType":"sap.m.StandardListItem","viewName":"reusables.view.manageresources.NewResourceUnit","viewId":"application-manageresources-display-component---newResourceUnit","properties":{"title":"10 - infinite"},"searchOpenDialogs":true,"interaction":{"idSuffix":"content"}},"wdio_ui5_key":"reusablesview.manageresources.NewResourceUnitsap.m.StandardListItem{\"title\":\"10 - infinite\"}"}]}
COMMAND: GET /session/9eb332d92fee3afc542bcceca92e7691/screenshot - {}
RESULT: {"script":"<script> [1562 bytes]","args":[{"selector":{"controlType":"sap.m.StandardListItem","viewName":"reusables.view.manageresources.NewResourceUnit","viewId":"application-manageresources-display-component---newResourceUnit","properties":{"title":"10 - infinite"},"searchOpenDialogs":true,"interaction":{"idSuffix":"content"}},"wdio_ui5_key":"reusablesview.manageresources.NewResourceUnitsap.m.StandardListItem{\"title\":\"10 - infinite\"}"}]}
RESULT: undefined
COMMAND: POST /session/9eb332d92fee3afc542bcceca92e7691/element - {"using":"xpath","value":"//*[@id=\"__item272\"]"}
RESULT: {}
RESULT: {"using":"xpath","value":"//*[@id=\"__item272\"]"}
COMMAND: POST /session/9eb332d92fee3afc542bcceca92e7691/element/f.FB94101F77D2F5C7286D81464D13618E.d.74380E9F9FC97116A9DE4B36BB6E8D7D.e.6664/click - {}
RESULT: {}
COMMAND: GET /session/9eb332d92fee3afc542bcceca92e7691/screenshot - {}
RESULT: {}
COMMAND: POST /session/9eb332d92fee3afc542bcceca92e7691/element - {"using":"xpath","value":"//bdi[contains(text(), \"Time Segment\")]"}
RESULT: {"using":"xpath","value":"//bdi[contains(text(), \"Time Segment\")]"}
COMMAND: GET /session/9eb332d92fee3afc542bcceca92e7691/element/f.FB94101F77D2F5C7286D81464D13618E.d.74380E9F9FC97116A9DE4B36BB6E8D7D.e.6665/rect - {}
RESULT: {}
COMMAND: GET /session/9eb332d92fee3afc542bcceca92e7691/window/rect - {}
RESULT: {}
COMMAND: POST /session/9eb332d92fee3afc542bcceca92e7691/execute/sync - {"script":"<script> [92 bytes]","args":[]}
RESULT: {"script":"<script> [92 bytes]","args":[]}
COMMAND: POST /session/9eb332d92fee3afc542bcceca92e7691/actions - {"actions":[{"id":"action17","type":"wheel","parameters":{},"actions":[{"type":"scroll","x":-1820,"y":-21,"deltaX":0,"deltaY":0,"duration":0,"origin":{"element-6066-11e4-a52e-4f735466cecf":"f.FB94101F77D2F5C7286D81464D13618E.d.74380E9F9FC97116A9DE4B36BB6E8D7D.e.6665"}}]}]}
COMMAND: GET /session/9eb332d92fee3afc542bcceca92e7691/screenshot - {}
RESULT: {}
COMMAND: POST /session/9eb332d92fee3afc542bcceca92e7691/execute/sync - {"script":"<script> [79 bytes]","args":[{"element-6066-11e4-a52e-4f735466cecf":"f.FB94101F77D2F5C7286D81464D13618E.d.74380E9F9FC97116A9DE4B36BB6E8D7D.e.6665","ELEMENT":"f.FB94101F77D2F5C7286D81464D13618E.d.74380E9F9FC97116A9DE4B36BB6E8D7D.e.6665"},{"block":"start","inline":"nearest"}]}
RESULT: {"script":"<script> [79 bytes]","args":[{"element-6066-11e4-a52e-4f735466cecf":"f.FB94101F77D2F5C7286D81464D13618E.d.74380E9F9FC97116A9DE4B36BB6E8D7D.e.6665","ELEMENT":"f.FB94101F77D2F5C7286D81464D13618E.d.74380E9F9FC97116A9DE4B36BB6E8D7D.e.6665"},{"block":"start","inline":"nearest"}]}
COMMAND: GET /session/9eb332d92fee3afc542bcceca92e7691/screenshot - {}
RESULT: {}
COMMAND: POST /session/9eb332d92fee3afc542bcceca92e7691/element - {"using":"xpath","value":"//span[@id=\"application-manageresources-display-component---newResourceUnit--btnAddTimeSegment-img\"]"}
RESULT: {"using":"xpath","value":"//span[@id=\"application-manageresources-display-component---newResourceUnit--btnAddTimeSegment-img\"]"}
COMMAND: POST /session/9eb332d92fee3afc542bcceca92e7691/execute/sync - {"script":"<script> [8489 bytes]","args":[{"element-6066-11e4-a52e-4f735466cecf":"f.FB94101F77D2F5C7286D81464D13618E.d.74380E9F9FC97116A9DE4B36BB6E8D7D.e.6668","ELEMENT":"f.FB94101F77D2F5C7286D81464D13618E.d.74380E9F9FC97116A9DE4B36BB6E8D7D.e.6668"}]}
RESULT: {"script":"<script> [8489 bytes]","args":[{"element-6066-11e4-a52e-4f735466cecf":"f.FB94101F77D2F5C7286D81464D13618E.d.74380E9F9FC97116A9DE4B36BB6E8D7D.e.6668","ELEMENT":"f.FB94101F77D2F5C7286D81464D13618E.d.74380E9F9FC97116A9DE4B36BB6E8D7D.e.6668"}]}
COMMAND: POST /session/9eb332d92fee3afc542bcceca92e7691/element/f.FB94101F77D2F5C7286D81464D13618E.d.74380E9F9FC97116A9DE4B36BB6E8D7D.e.6668/click - {}
COMMAND: GET /session/9eb332d92fee3afc542bcceca92e7691/screenshot - {}
RESULT: {}
COMMAND: GET /session/9eb332d92fee3afc542bcceca92e7691/screenshot - {}
COMMAND: POST /session/9eb332d92fee3afc542bcceca92e7691/element - {"using":"xpath","value":"//input[@id=\"application-manageresources-display-component---newResourceUnit--idRuTSAdmin-application-manageresources-display-component---newResourceUnit--RUTimeSegment-0-inner\"]"}
RESULT: {}
RESULT: {}
RESULT: {"using":"xpath","value":"//input[@id=\"application-manageresources-display-component---newResourceUnit--idRuTSAdmin-application-manageresources-display-component---newResourceUnit--RUTimeSegment-0-inner\"]"}
COMMAND: POST /session/9eb332d92fee3afc542bcceca92e7691/element/f.FB94101F77D2F5C7286D81464D13618E.d.74380E9F9FC97116A9DE4B36BB6E8D7D.e.6671/clear - {}
RESULT: {}
COMMAND: POST /session/9eb332d92fee3afc542bcceca92e7691/element/f.FB94101F77D2F5C7286D81464D13618E.d.74380E9F9FC97116A9DE4B36BB6E8D7D.e.6671/value - {"text":"689"}
COMMAND: GET /session/9eb332d92fee3afc542bcceca92e7691/screenshot - {}
RESULT: {"text":"689"}
COMMAND: GET /session/9eb332d92fee3afc542bcceca92e7691/screenshot - {}
RESULT: {}
RESULT: {}
COMMAND: POST /session/9eb332d92fee3afc542bcceca92e7691/actions - {"actions":[{"id":"action18","type":"key","parameters":{},"actions":[{"type":"keyDown","value":"î€‡"},{"type":"pause","duration":10},{"type":"keyUp","value":"î€‡"}]}]}
RESULT: {"actions":[{"id":"action18","type":"key","parameters":{},"actions":[{"type":"keyDown","value":"î€‡"},{"type":"pause","duration":10},{"type":"keyUp","value":"î€‡"}]}]}
COMMAND: GET /session/9eb332d92fee3afc542bcceca92e7691/screenshot - {}
RESULT: {}
COMMAND: POST /session/9eb332d92fee3afc542bcceca92e7691/execute/async - {"script":"<script> [1562 bytes]","args":[{"selector":{"controlType":"sap.m.Button","viewName":"reusables.view.manageresources.NewResourceUnit","viewId":"application-manageresources-display-component---newResourceUnit","i18NText":{"propertyName":"tooltip","key":"save"},"interaction":{"idSuffix":"BDI-content"}},"wdio_ui5_key":"reusablesview.manageresources.NewResourceUnitsap.m.Button{\"propertyName\":\"tooltip\",\"key\":\"save\"}"}]}
RESULT: {"script":"<script> [1562 bytes]","args":[{"selector":{"controlType":"sap.m.Button","viewName":"reusables.view.manageresources.NewResourceUnit","viewId":"application-manageresources-display-component---newResourceUnit","i18NText":{"propertyName":"tooltip","key":"save"},"interaction":{"idSuffix":"BDI-content"}},"wdio_ui5_key":"reusablesview.manageresources.NewResourceUnitsap.m.Button{\"propertyName\":\"tooltip\",\"key\":\"save\"}"}]}
RESULT: undefined
COMMAND: POST /session/9eb332d92fee3afc542bcceca92e7691/element - {"using":"xpath","value":"//*[@id=\"application-manageresources-display-component---newResourceUnit--createRuButton\"]"}
RESULT: {"using":"xpath","value":"//*[@id=\"application-manageresources-display-component---newResourceUnit--createRuButton\"]"}
COMMAND: POST /session/9eb332d92fee3afc542bcceca92e7691/element/f.FB94101F77D2F5C7286D81464D13618E.d.74380E9F9FC97116A9DE4B36BB6E8D7D.e.6594/click - {}
RESULT: {}
COMMAND: GET /session/9eb332d92fee3afc542bcceca92e7691/screenshot - {}
RESULT: {}
COMMAND: POST /session/9eb332d92fee3afc542bcceca92e7691/execute/async - {"script":"<script> [1562 bytes]","args":[{"selector":{"controlType":"sap.m.Title","properties":{"text":"Success"},"searchOpenDialogs":true},"wdio_ui5_key":"sapm.Title{\"text\":\"Success\"}"}]}
RESULT: {"script":"<script> [1562 bytes]","args":[{"selector":{"controlType":"sap.m.Title","properties":{"text":"Success"},"searchOpenDialogs":true},"wdio_ui5_key":"sapm.Title{\"text\":\"Success\"}"}]}
RESULT: undefined
COMMAND: POST /session/9eb332d92fee3afc542bcceca92e7691/execute/async - {"script":"<script> [6424 bytes]","args":[{"element-6066-11e4-a52e-4f735466cecf":"f.FB94101F77D2F5C7286D81464D13618E.d.74380E9F9FC97116A9DE4B36BB6E8D7D.e.6686"},"getText",[]]}
RESULT: {"script":"<script> [6424 bytes]","args":[{"element-6066-11e4-a52e-4f735466cecf":"f.FB94101F77D2F5C7286D81464D13618E.d.74380E9F9FC97116A9DE4B36BB6E8D7D.e.6686"},"getText",[]]}
COMMAND: POST /session/9eb332d92fee3afc542bcceca92e7691/element - {"using":"xpath","value":"//*[contains(@id, '__text') and (contains(text(), 'successfully created') or contains(., 'successfully created'))]"}
RESULT: {"using":"xpath","value":"//*[contains(@id, '__text') and (contains(text(), 'successfully created') or contains(., 'successfully created'))]"}
COMMAND: GET /session/9eb332d92fee3afc542bcceca92e7691/element/f.FB94101F77D2F5C7286D81464D13618E.d.74380E9F9FC97116A9DE4B36BB6E8D7D.e.6685/text - {}
RESULT: {}
COMMAND: POST /session/9eb332d92fee3afc542bcceca92e7691/execute/async - {"script":"<script> [1562 bytes]","args":[{"selector":{"controlType":"sap.m.Button","properties":{"text":"Close"},"searchOpenDialogs":true,"interaction":{"idSuffix":"BDI-content"}},"wdio_ui5_key":"sapm.Button{\"text\":\"Close\"}"}]}
RESULT: {"script":"<script> [1562 bytes]","args":[{"selector":{"controlType":"sap.m.Button","properties":{"text":"Close"},"searchOpenDialogs":true,"interaction":{"idSuffix":"BDI-content"}},"wdio_ui5_key":"sapm.Button{\"text\":\"Close\"}"}]}
RESULT: undefined
COMMAND: POST /session/9eb332d92fee3afc542bcceca92e7691/element - {"using":"xpath","value":"//*[@id=\"__mbox-btn-0\"]"}
RESULT: {"using":"xpath","value":"//*[@id=\"__mbox-btn-0\"]"}
COMMAND: POST /session/9eb332d92fee3afc542bcceca92e7691/element/f.FB94101F77D2F5C7286D81464D13618E.d.74380E9F9FC97116A9DE4B36BB6E8D7D.e.6682/click - {}
RESULT: {}
COMMAND: GET /session/9eb332d92fee3afc542bcceca92e7691/screenshot - {}
RESULT: {}
COMMAND: POST /session/9eb332d92fee3afc542bcceca92e7691/execute/async - {"script":"<script> [1562 bytes]","args":[{"selector":{"controlType":"sap.ui.core.Icon","viewName":"etm.portal.ui.manageresources.view.Detail","viewId":"application-manageresources-display-component---detailRU","properties":{"src":{"regex":{"source":"overflow"}}}},"wdio_ui5_key":"etmportal.ui.manageresources.view.Detailsap.ui.core.Icon{\"src\":{\"regex\":{\"source\":\"overflow\"}}}"}]}
RESULT: {"script":"<script> [1562 bytes]","args":[{"selector":{"controlType":"sap.ui.core.Icon","viewName":"etm.portal.ui.manageresources.view.Detail","viewId":"application-manageresources-display-component---detailRU","properties":{"src":{"regex":{"source":"overflow"}}}},"wdio_ui5_key":"etmportal.ui.manageresources.view.Detailsap.ui.core.Icon{\"src\":{\"regex\":{\"source\":\"overflow\"}}}"}]}
RESULT: undefined
COMMAND: POST /session/9eb332d92fee3afc542bcceca92e7691/element - {"using":"xpath","value":"//*[@id=\"__title15-_actionsToolbar-overflowButton-img\"]"}
RESULT: {"using":"xpath","value":"//*[@id=\"__title15-_actionsToolbar-overflowButton-img\"]"}
COMMAND: POST /session/9eb332d92fee3afc542bcceca92e7691/element/f.FB94101F77D2F5C7286D81464D13618E.d.74380E9F9FC97116A9DE4B36BB6E8D7D.e.6714/click - {}
RESULT: {}
COMMAND: POST /session/9eb332d92fee3afc542bcceca92e7691/execute/async - {"script":"<script> [1562 bytes]","args":[{"selector":{"controlType":"sap.m.Button","viewName":"etm.portal.ui.manageresources.view.Detail","viewId":"application-manageresources-display-component---detailRU","i18NText":{"propertyName":"tooltip","key":"closeColumn"},"searchOpenDialogs":true,"interaction":{"idSuffix":"inner"}},"wdio_ui5_key":"etmportal.ui.manageresources.view.Detailsap.m.Button{\"propertyName\":\"tooltip\",\"key\":\"closeColumn\"}"}]}
COMMAND: GET /session/9eb332d92fee3afc542bcceca92e7691/screenshot - {}
RESULT: {"script":"<script> [1562 bytes]","args":[{"selector":{"controlType":"sap.m.Button","viewName":"etm.portal.ui.manageresources.view.Detail","viewId":"application-manageresources-display-component---detailRU","i18NText":{"propertyName":"tooltip","key":"closeColumn"},"searchOpenDialogs":true,"interaction":{"idSuffix":"inner"}},"wdio_ui5_key":"etmportal.ui.manageresources.view.Detailsap.m.Button{\"propertyName\":\"tooltip\",\"key\":\"closeColumn\"}"}]}
RESULT: undefined
COMMAND: POST /session/9eb332d92fee3afc542bcceca92e7691/element - {"using":"xpath","value":"//*[@id=\"__button43\"]"}
RESULT: {}
RESULT: {"using":"xpath","value":"//*[@id=\"__button43\"]"}
COMMAND: POST /session/9eb332d92fee3afc542bcceca92e7691/element/f.FB94101F77D2F5C7286D81464D13618E.d.74380E9F9FC97116A9DE4B36BB6E8D7D.e.6718/click - {}
RESULT: {}
COMMAND: GET /session/9eb332d92fee3afc542bcceca92e7691/screenshot - {}
RESULT: {}
COMMAND: POST /session/9eb332d92fee3afc542bcceca92e7691/refresh - {}
RESULT: {}
COMMAND: GET /session/9eb332d92fee3afc542bcceca92e7691/screenshot - {}
RESULT: {}
COMMAND: POST /session/9eb332d92fee3afc542bcceca92e7691/refresh - {}
RESULT: {}
COMMAND: GET /session/9eb332d92fee3afc542bcceca92e7691/screenshot - {}
RESULT: {}
COMMAND: POST /session/9eb332d92fee3afc542bcceca92e7691/window/fullscreen - {}
RESULT: {}
COMMAND: POST /session/9eb332d92fee3afc542bcceca92e7691/execute/async - {"script":"<script> [189 bytes]","args":[]}
RESULT: {"script":"<script> [189 bytes]","args":[]}
COMMAND: POST /session/9eb332d92fee3afc542bcceca92e7691/execute/async - {"script":"<script> [123 bytes]","args":[]}
RESULT: {"script":"<script> [123 bytes]","args":[]}
COMMAND: POST /session/9eb332d92fee3afc542bcceca92e7691/timeouts - {"script":"<number>"}
RESULT: {"script":"<number>"}
COMMAND: GET /session/9eb332d92fee3afc542bcceca92e7691/timeouts - {}
RESULT: {}
RESULT: undefined
COMMAND: POST /session/9eb332d92fee3afc542bcceca92e7691/execute/async - {"script":"<script> [2676 bytes]","args":[]}
RESULT: {"script":"<script> [2676 bytes]","args":[]}
COMMAND: POST /session/9eb332d92fee3afc542bcceca92e7691/execute/async - {"script":"<script> [2342 bytes]","args":[{"protocol":"http","hostname":"0.0.0.0","path":"/","capabilities":{"browserName":"chrome","goog:chromeOptions":{"binary":"C:\\Program Files\\Google\\Chrome\\Application\\chrome.exe","args":["--start-maximized"]}},"logLevel":"warn","connectionRetryTimeout":120000,"connectionRetryCount":3,"logLevels":{},"enableDirectConnect":true,"strictSSL":true,"_":"65 more keys: [\"cacheDir\",\"port\",\"requestedCapabilities\",\"automationProtocol\",\"baseUrl\",\"waitforInterval\",\"waitforTimeout\",\"onReload\",\"beforeCommand\",\"afterCommand\",\"rootDir\",\"specs\",\"suites\",\"exclude\",\"groupLogsByTestSpec\",\"excludeDriverLogs\",\"bail\",\"framework\",\"reporters\",\"services\",\"maxInstances\",\"maxInstancesPerCapability\",\"injectGlobals\",\"filesToWatch\",\"execArgv\",\"runnerEnv\",\"runner\",\"shard\",\"specFileRetries\",\"specFileRetriesDelay\",\"specFileRetriesDeferred\",\"reporterSyncInterval\",\"reporterSyncTimeout\",\"cucumberFeaturesWithLineNumbers\",\"autoCompileOpts\",\"mochaOpts\",\"jasmineOpts\",\"cucumberOpts\",\"onPrepare\",\"onWorkerStart\",\"onWorkerEnd\",\"before\",\"beforeSession\",\"beforeSuite\",\"beforeHook\",\"beforeTest\",\"afterTest\",\"afterHook\",\"afterSuite\",\"afterSession\",\"after\",\"onComplete\",\"beforeAssertion\",\"afterAssertion\",\"beforeFeature\",\"beforeScenario\",\"beforeStep\",\"afterStep\",\"afterScenario\",\"afterFeature\",\"_\",\"suite\",\"$0\",\"ignoredWorkerServices\",\"wdi5\"]"}]}
RESULT: {"script":"<script> [2342 bytes]","args":[{"protocol":"http","hostname":"0.0.0.0","path":"/","capabilities":{"browserName":"chrome","goog:chromeOptions":{"binary":"C:\\Program Files\\Google\\Chrome\\Application\\chrome.exe","args":["--start-maximized"]}},"logLevel":"warn","connectionRetryTimeout":120000,"connectionRetryCount":3,"logLevels":{},"enableDirectConnect":true,"strictSSL":true,"_":"65 more keys: [\"cacheDir\",\"port\",\"requestedCapabilities\",\"automationProtocol\",\"baseUrl\",\"waitforInterval\",\"waitforTimeout\",\"onReload\",\"beforeCommand\",\"afterCommand\",\"rootDir\",\"specs\",\"suites\",\"exclude\",\"groupLogsByTestSpec\",\"excludeDriverLogs\",\"bail\",\"framework\",\"reporters\",\"services\",\"maxInstances\",\"maxInstancesPerCapability\",\"injectGlobals\",\"filesToWatch\",\"execArgv\",\"runnerEnv\",\"runner\",\"shard\",\"specFileRetries\",\"specFileRetriesDelay\",\"specFileRetriesDeferred\",\"reporterSyncInterval\",\"reporterSyncTimeout\",\"cucumberFeaturesWithLineNumbers\",\"autoCompileOpts\",\"mochaOpts\",\"jasmineOpts\",\"cucumberOpts\",\"onPrepare\",\"onWorkerStart\",\"onWorkerEnd\",\"before\",\"beforeSession\",\"beforeSuite\",\"beforeHook\",\"beforeTest\",\"afterTest\",\"afterHook\",\"afterSuite\",\"afterSession\",\"after\",\"onComplete\",\"beforeAssertion\",\"afterAssertion\",\"beforeFeature\",\"beforeScenario\",\"beforeStep\",\"afterStep\",\"afterScenario\",\"afterFeature\",\"_\",\"suite\",\"$0\",\"ignoredWorkerServices\",\"wdi5\"]"}]}
COMMAND: POST /session/9eb332d92fee3afc542bcceca92e7691/execute/async - {"script":"<script> [21126 bytes]","args":[35000]}
RESULT: {"script":"<script> [21126 bytes]","args":[35000]}
]]></system-out>
    </testcase>
    <testcase classname="chrome.136_0_7103_49.windows.Create_2_RU_material_US118246" name="Create WHM material" time="185.085">
      <system-out><![CDATA[
COMMAND: POST /session/9eb332d92fee3afc542bcceca92e7691/element - {"using":"xpath","value":"//button[@data-kt=\"addNewRUOverflowToolbarButton\"]"}
RESULT: {"using":"xpath","value":"//button[@data-kt=\"addNewRUOverflowToolbarButton\"]"}
COMMAND: POST /session/9eb332d92fee3afc542bcceca92e7691/execute/sync - {"script":"<script> [8489 bytes]","args":[{"element-6066-11e4-a52e-4f735466cecf":"f.FB94101F77D2F5C7286D81464D13618E.d.67078503F7869D52567F80AF05BA5DDB.e.7104","ELEMENT":"f.FB94101F77D2F5C7286D81464D13618E.d.67078503F7869D52567F80AF05BA5DDB.e.7104"}]}
RESULT: {"script":"<script> [8489 bytes]","args":[{"element-6066-11e4-a52e-4f735466cecf":"f.FB94101F77D2F5C7286D81464D13618E.d.67078503F7869D52567F80AF05BA5DDB.e.7104","ELEMENT":"f.FB94101F77D2F5C7286D81464D13618E.d.67078503F7869D52567F80AF05BA5DDB.e.7104"}]}
COMMAND: POST /session/9eb332d92fee3afc542bcceca92e7691/element/f.FB94101F77D2F5C7286D81464D13618E.d.67078503F7869D52567F80AF05BA5DDB.e.7104/click - {}
COMMAND: GET /session/9eb332d92fee3afc542bcceca92e7691/screenshot - {}
RESULT: {}
COMMAND: GET /session/9eb332d92fee3afc542bcceca92e7691/screenshot - {}
RESULT: {}
RESULT: {}
COMMAND: POST /session/9eb332d92fee3afc542bcceca92e7691/execute/async - {"script":"<script> [1562 bytes]","args":[{"selector":{"controlType":"sap.m.ComboBox","viewName":"reusables.view.manageresources.NewResourceUnit","viewId":"application-manageresources-display-component---newResourceUnit","bindingPath":{"path":"","propertyPath":"/RuTypes","modelName":"catalogModel"},"searchOpenDialogs":true},"wdio_ui5_key":"reusablesview.manageresources.NewResourceUnitsap.m.ComboBox{\"path\":\"\",\"propertyPath\":\"/RuTypes\",\"modelName\":\"catalogModel\"}"}]}
RESULT: {"script":"<script> [1562 bytes]","args":[{"selector":{"controlType":"sap.m.ComboBox","viewName":"reusables.view.manageresources.NewResourceUnit","viewId":"application-manageresources-display-component---newResourceUnit","bindingPath":{"path":"","propertyPath":"/RuTypes","modelName":"catalogModel"},"searchOpenDialogs":true},"wdio_ui5_key":"reusablesview.manageresources.NewResourceUnitsap.m.ComboBox{\"path\":\"\",\"propertyPath\":\"/RuTypes\",\"modelName\":\"catalogModel\"}"}]}
RESULT: undefined
COMMAND: POST /session/9eb332d92fee3afc542bcceca92e7691/execute/async - {"script":"<script> [1562 bytes]","args":[{"selector":{"controlType":"sap.m.ComboBox","viewName":"reusables.view.manageresources.NewResourceUnit","viewId":"application-manageresources-display-component---newResourceUnit","bindingPath":{"path":"","propertyPath":"/Yards","modelName":"catalogModel"},"searchOpenDialogs":true},"wdio_ui5_key":"reusablesview.manageresources.NewResourceUnitsap.m.ComboBox{\"path\":\"\",\"propertyPath\":\"/Yards\",\"modelName\":\"catalogModel\"}"}]}
RESULT: {"script":"<script> [1562 bytes]","args":[{"selector":{"controlType":"sap.m.ComboBox","viewName":"reusables.view.manageresources.NewResourceUnit","viewId":"application-manageresources-display-component---newResourceUnit","bindingPath":{"path":"","propertyPath":"/Yards","modelName":"catalogModel"},"searchOpenDialogs":true},"wdio_ui5_key":"reusablesview.manageresources.NewResourceUnitsap.m.ComboBox{\"path\":\"\",\"propertyPath\":\"/Yards\",\"modelName\":\"catalogModel\"}"}]}
RESULT: undefined
COMMAND: POST /session/9eb332d92fee3afc542bcceca92e7691/execute/async - {"script":"<script> [1562 bytes]","args":[{"selector":{"controlType":"etm.portal.ui.reusables.customControls.LiveSearchComboBox","viewName":"reusables.view.manageresources.NewResourceUnit","viewId":"application-manageresources-display-component---newResourceUnit","bindingPath":{"path":"","propertyPath":"/CatalogItems","modelName":"catalogModel"},"searchOpenDialogs":true},"wdio_ui5_key":"reusablesview.manageresources.NewResourceUnitetm.portal.ui.reusables.customControls.LiveSearchComboBox{\"path\":\"\",\"propertyPath\":\"/CatalogItems\",\"modelName\":\"catalogModel\"}"}]}
RESULT: {"script":"<script> [1562 bytes]","args":[{"selector":{"controlType":"etm.portal.ui.reusables.customControls.LiveSearchComboBox","viewName":"reusables.view.manageresources.NewResourceUnit","viewId":"application-manageresources-display-component---newResourceUnit","bindingPath":{"path":"","propertyPath":"/CatalogItems","modelName":"catalogModel"},"searchOpenDialogs":true},"wdio_ui5_key":"reusablesview.manageresources.NewResourceUnitetm.portal.ui.reusables.customControls.LiveSearchComboBox{\"path\":\"\",\"propertyPath\":\"/CatalogItems\",\"modelName\":\"catalogModel\"}"}]}
RESULT: undefined
COMMAND: POST /session/9eb332d92fee3afc542bcceca92e7691/element - {"using":"xpath","value":"//bdi[text()=\"OK\"]"}
RESULT: {"using":"xpath","value":"//bdi[text()=\"OK\"]"}
COMMAND: POST /session/9eb332d92fee3afc542bcceca92e7691/elements - {"using":"xpath","value":"//bdi[text()=\"OK\"]"}
RESULT: {"using":"xpath","value":"//bdi[text()=\"OK\"]"}
COMMAND: POST /session/9eb332d92fee3afc542bcceca92e7691/elements - {"using":"xpath","value":"//bdi[text()=\"OK\"]"}
RESULT: {"using":"xpath","value":"//bdi[text()=\"OK\"]"}
COMMAND: POST /session/9eb332d92fee3afc542bcceca92e7691/elements - {"using":"xpath","value":"//bdi[text()=\"OK\"]"}
RESULT: {"using":"xpath","value":"//bdi[text()=\"OK\"]"}
COMMAND: POST /session/9eb332d92fee3afc542bcceca92e7691/elements - {"using":"xpath","value":"//bdi[text()=\"OK\"]"}
RESULT: {"using":"xpath","value":"//bdi[text()=\"OK\"]"}
COMMAND: POST /session/9eb332d92fee3afc542bcceca92e7691/elements - {"using":"xpath","value":"//bdi[text()=\"OK\"]"}
RESULT: {"using":"xpath","value":"//bdi[text()=\"OK\"]"}
COMMAND: POST /session/9eb332d92fee3afc542bcceca92e7691/elements - {"using":"xpath","value":"//bdi[text()=\"OK\"]"}
RESULT: {"using":"xpath","value":"//bdi[text()=\"OK\"]"}
COMMAND: POST /session/9eb332d92fee3afc542bcceca92e7691/elements - {"using":"xpath","value":"//bdi[text()=\"OK\"]"}
RESULT: {"using":"xpath","value":"//bdi[text()=\"OK\"]"}
COMMAND: POST /session/9eb332d92fee3afc542bcceca92e7691/elements - {"using":"xpath","value":"//bdi[text()=\"OK\"]"}
RESULT: {"using":"xpath","value":"//bdi[text()=\"OK\"]"}
COMMAND: POST /session/9eb332d92fee3afc542bcceca92e7691/elements - {"using":"xpath","value":"//bdi[text()=\"OK\"]"}
RESULT: {"using":"xpath","value":"//bdi[text()=\"OK\"]"}
COMMAND: POST /session/9eb332d92fee3afc542bcceca92e7691/elements - {"using":"xpath","value":"//bdi[text()=\"OK\"]"}
RESULT: {"using":"xpath","value":"//bdi[text()=\"OK\"]"}
COMMAND: POST /session/9eb332d92fee3afc542bcceca92e7691/elements - {"using":"xpath","value":"//bdi[text()=\"OK\"]"}
RESULT: {"using":"xpath","value":"//bdi[text()=\"OK\"]"}
COMMAND: POST /session/9eb332d92fee3afc542bcceca92e7691/elements - {"using":"xpath","value":"//bdi[text()=\"OK\"]"}
RESULT: {"using":"xpath","value":"//bdi[text()=\"OK\"]"}
COMMAND: POST /session/9eb332d92fee3afc542bcceca92e7691/elements - {"using":"xpath","value":"//bdi[text()=\"OK\"]"}
RESULT: {"using":"xpath","value":"//bdi[text()=\"OK\"]"}
COMMAND: POST /session/9eb332d92fee3afc542bcceca92e7691/elements - {"using":"xpath","value":"//bdi[text()=\"OK\"]"}
RESULT: {"using":"xpath","value":"//bdi[text()=\"OK\"]"}
COMMAND: POST /session/9eb332d92fee3afc542bcceca92e7691/elements - {"using":"xpath","value":"//bdi[text()=\"OK\"]"}
RESULT: {"using":"xpath","value":"//bdi[text()=\"OK\"]"}
COMMAND: POST /session/9eb332d92fee3afc542bcceca92e7691/elements - {"using":"xpath","value":"//bdi[text()=\"OK\"]"}
RESULT: {"using":"xpath","value":"//bdi[text()=\"OK\"]"}
COMMAND: POST /session/9eb332d92fee3afc542bcceca92e7691/elements - {"using":"xpath","value":"//bdi[text()=\"OK\"]"}
RESULT: {"using":"xpath","value":"//bdi[text()=\"OK\"]"}
COMMAND: POST /session/9eb332d92fee3afc542bcceca92e7691/elements - {"using":"xpath","value":"//bdi[text()=\"OK\"]"}
RESULT: {"using":"xpath","value":"//bdi[text()=\"OK\"]"}
COMMAND: POST /session/9eb332d92fee3afc542bcceca92e7691/elements - {"using":"xpath","value":"//bdi[text()=\"OK\"]"}
RESULT: {"using":"xpath","value":"//bdi[text()=\"OK\"]"}
COMMAND: POST /session/9eb332d92fee3afc542bcceca92e7691/elements - {"using":"xpath","value":"//bdi[text()=\"OK\"]"}
RESULT: {"using":"xpath","value":"//bdi[text()=\"OK\"]"}
COMMAND: POST /session/9eb332d92fee3afc542bcceca92e7691/elements - {"using":"xpath","value":"//bdi[text()=\"OK\"]"}
RESULT: {"using":"xpath","value":"//bdi[text()=\"OK\"]"}
COMMAND: POST /session/9eb332d92fee3afc542bcceca92e7691/elements - {"using":"xpath","value":"//bdi[text()=\"OK\"]"}
RESULT: {"using":"xpath","value":"//bdi[text()=\"OK\"]"}
COMMAND: POST /session/9eb332d92fee3afc542bcceca92e7691/elements - {"using":"xpath","value":"//bdi[text()=\"OK\"]"}
RESULT: {"using":"xpath","value":"//bdi[text()=\"OK\"]"}
COMMAND: POST /session/9eb332d92fee3afc542bcceca92e7691/elements - {"using":"xpath","value":"//bdi[text()=\"OK\"]"}
RESULT: {"using":"xpath","value":"//bdi[text()=\"OK\"]"}
COMMAND: POST /session/9eb332d92fee3afc542bcceca92e7691/elements - {"using":"xpath","value":"//bdi[text()=\"OK\"]"}
RESULT: {"using":"xpath","value":"//bdi[text()=\"OK\"]"}
COMMAND: POST /session/9eb332d92fee3afc542bcceca92e7691/elements - {"using":"xpath","value":"//bdi[text()=\"OK\"]"}
RESULT: {"using":"xpath","value":"//bdi[text()=\"OK\"]"}
COMMAND: POST /session/9eb332d92fee3afc542bcceca92e7691/elements - {"using":"xpath","value":"//bdi[text()=\"OK\"]"}
RESULT: {"using":"xpath","value":"//bdi[text()=\"OK\"]"}
COMMAND: POST /session/9eb332d92fee3afc542bcceca92e7691/elements - {"using":"xpath","value":"//bdi[text()=\"OK\"]"}
RESULT: {"using":"xpath","value":"//bdi[text()=\"OK\"]"}
COMMAND: POST /session/9eb332d92fee3afc542bcceca92e7691/elements - {"using":"xpath","value":"//bdi[text()=\"OK\"]"}
RESULT: {"using":"xpath","value":"//bdi[text()=\"OK\"]"}
COMMAND: POST /session/9eb332d92fee3afc542bcceca92e7691/elements - {"using":"xpath","value":"//bdi[text()=\"OK\"]"}
RESULT: {"using":"xpath","value":"//bdi[text()=\"OK\"]"}
COMMAND: POST /session/9eb332d92fee3afc542bcceca92e7691/elements - {"using":"xpath","value":"//bdi[text()=\"OK\"]"}
RESULT: {"using":"xpath","value":"//bdi[text()=\"OK\"]"}
COMMAND: POST /session/9eb332d92fee3afc542bcceca92e7691/elements - {"using":"xpath","value":"//bdi[text()=\"OK\"]"}
RESULT: {"using":"xpath","value":"//bdi[text()=\"OK\"]"}
COMMAND: POST /session/9eb332d92fee3afc542bcceca92e7691/elements - {"using":"xpath","value":"//bdi[text()=\"OK\"]"}
RESULT: {"using":"xpath","value":"//bdi[text()=\"OK\"]"}
COMMAND: POST /session/9eb332d92fee3afc542bcceca92e7691/elements - {"using":"xpath","value":"//bdi[text()=\"OK\"]"}
RESULT: {"using":"xpath","value":"//bdi[text()=\"OK\"]"}
COMMAND: POST /session/9eb332d92fee3afc542bcceca92e7691/elements - {"using":"xpath","value":"//bdi[text()=\"OK\"]"}
RESULT: {"using":"xpath","value":"//bdi[text()=\"OK\"]"}
COMMAND: POST /session/9eb332d92fee3afc542bcceca92e7691/elements - {"using":"xpath","value":"//bdi[text()=\"OK\"]"}
RESULT: {"using":"xpath","value":"//bdi[text()=\"OK\"]"}
COMMAND: POST /session/9eb332d92fee3afc542bcceca92e7691/elements - {"using":"xpath","value":"//bdi[text()=\"OK\"]"}
RESULT: {"using":"xpath","value":"//bdi[text()=\"OK\"]"}
COMMAND: POST /session/9eb332d92fee3afc542bcceca92e7691/elements - {"using":"xpath","value":"//bdi[text()=\"OK\"]"}
RESULT: {"using":"xpath","value":"//bdi[text()=\"OK\"]"}
COMMAND: POST /session/9eb332d92fee3afc542bcceca92e7691/elements - {"using":"xpath","value":"//bdi[text()=\"OK\"]"}
RESULT: {"using":"xpath","value":"//bdi[text()=\"OK\"]"}
COMMAND: POST /session/9eb332d92fee3afc542bcceca92e7691/elements - {"using":"xpath","value":"//bdi[text()=\"OK\"]"}
RESULT: {"using":"xpath","value":"//bdi[text()=\"OK\"]"}
COMMAND: POST /session/9eb332d92fee3afc542bcceca92e7691/elements - {"using":"xpath","value":"//bdi[text()=\"OK\"]"}
RESULT: {"using":"xpath","value":"//bdi[text()=\"OK\"]"}
COMMAND: POST /session/9eb332d92fee3afc542bcceca92e7691/elements - {"using":"xpath","value":"//bdi[text()=\"OK\"]"}
RESULT: {"using":"xpath","value":"//bdi[text()=\"OK\"]"}
COMMAND: POST /session/9eb332d92fee3afc542bcceca92e7691/elements - {"using":"xpath","value":"//bdi[text()=\"OK\"]"}
RESULT: {"using":"xpath","value":"//bdi[text()=\"OK\"]"}
COMMAND: POST /session/9eb332d92fee3afc542bcceca92e7691/elements - {"using":"xpath","value":"//bdi[text()=\"OK\"]"}
RESULT: {"using":"xpath","value":"//bdi[text()=\"OK\"]"}
COMMAND: POST /session/9eb332d92fee3afc542bcceca92e7691/elements - {"using":"xpath","value":"//bdi[text()=\"OK\"]"}
RESULT: {"using":"xpath","value":"//bdi[text()=\"OK\"]"}
COMMAND: POST /session/9eb332d92fee3afc542bcceca92e7691/elements - {"using":"xpath","value":"//bdi[text()=\"OK\"]"}
RESULT: {"using":"xpath","value":"//bdi[text()=\"OK\"]"}
COMMAND: POST /session/9eb332d92fee3afc542bcceca92e7691/elements - {"using":"xpath","value":"//bdi[text()=\"OK\"]"}
RESULT: {"using":"xpath","value":"//bdi[text()=\"OK\"]"}
COMMAND: POST /session/9eb332d92fee3afc542bcceca92e7691/elements - {"using":"xpath","value":"//bdi[text()=\"OK\"]"}
RESULT: {"using":"xpath","value":"//bdi[text()=\"OK\"]"}
COMMAND: POST /session/9eb332d92fee3afc542bcceca92e7691/elements - {"using":"xpath","value":"//bdi[text()=\"OK\"]"}
RESULT: {"using":"xpath","value":"//bdi[text()=\"OK\"]"}
COMMAND: POST /session/9eb332d92fee3afc542bcceca92e7691/elements - {"using":"xpath","value":"//bdi[text()=\"OK\"]"}
RESULT: {"using":"xpath","value":"//bdi[text()=\"OK\"]"}
COMMAND: POST /session/9eb332d92fee3afc542bcceca92e7691/elements - {"using":"xpath","value":"//bdi[text()=\"OK\"]"}
RESULT: {"using":"xpath","value":"//bdi[text()=\"OK\"]"}
COMMAND: POST /session/9eb332d92fee3afc542bcceca92e7691/elements - {"using":"xpath","value":"//bdi[text()=\"OK\"]"}
RESULT: {"using":"xpath","value":"//bdi[text()=\"OK\"]"}
COMMAND: POST /session/9eb332d92fee3afc542bcceca92e7691/elements - {"using":"xpath","value":"//bdi[text()=\"OK\"]"}
RESULT: {"using":"xpath","value":"//bdi[text()=\"OK\"]"}
COMMAND: POST /session/9eb332d92fee3afc542bcceca92e7691/elements - {"using":"xpath","value":"//bdi[text()=\"OK\"]"}
RESULT: {"using":"xpath","value":"//bdi[text()=\"OK\"]"}
COMMAND: POST /session/9eb332d92fee3afc542bcceca92e7691/elements - {"using":"xpath","value":"//bdi[text()=\"OK\"]"}
RESULT: {"using":"xpath","value":"//bdi[text()=\"OK\"]"}
COMMAND: POST /session/9eb332d92fee3afc542bcceca92e7691/elements - {"using":"xpath","value":"//bdi[text()=\"OK\"]"}
RESULT: {"using":"xpath","value":"//bdi[text()=\"OK\"]"}
COMMAND: POST /session/9eb332d92fee3afc542bcceca92e7691/elements - {"using":"xpath","value":"//bdi[text()=\"OK\"]"}
RESULT: {"using":"xpath","value":"//bdi[text()=\"OK\"]"}
COMMAND: POST /session/9eb332d92fee3afc542bcceca92e7691/elements - {"using":"xpath","value":"//bdi[text()=\"OK\"]"}
RESULT: {"using":"xpath","value":"//bdi[text()=\"OK\"]"}
COMMAND: POST /session/9eb332d92fee3afc542bcceca92e7691/elements - {"using":"xpath","value":"//bdi[text()=\"OK\"]"}
RESULT: {"using":"xpath","value":"//bdi[text()=\"OK\"]"}
COMMAND: POST /session/9eb332d92fee3afc542bcceca92e7691/elements - {"using":"xpath","value":"//bdi[text()=\"OK\"]"}
RESULT: {"using":"xpath","value":"//bdi[text()=\"OK\"]"}
COMMAND: POST /session/9eb332d92fee3afc542bcceca92e7691/elements - {"using":"xpath","value":"//bdi[text()=\"OK\"]"}
RESULT: {"using":"xpath","value":"//bdi[text()=\"OK\"]"}
COMMAND: POST /session/9eb332d92fee3afc542bcceca92e7691/elements - {"using":"xpath","value":"//bdi[text()=\"OK\"]"}
RESULT: {"using":"xpath","value":"//bdi[text()=\"OK\"]"}
COMMAND: POST /session/9eb332d92fee3afc542bcceca92e7691/elements - {"using":"xpath","value":"//bdi[text()=\"OK\"]"}
RESULT: {"using":"xpath","value":"//bdi[text()=\"OK\"]"}
COMMAND: POST /session/9eb332d92fee3afc542bcceca92e7691/elements - {"using":"xpath","value":"//bdi[text()=\"OK\"]"}
RESULT: {"using":"xpath","value":"//bdi[text()=\"OK\"]"}
COMMAND: POST /session/9eb332d92fee3afc542bcceca92e7691/elements - {"using":"xpath","value":"//bdi[text()=\"OK\"]"}
RESULT: {"using":"xpath","value":"//bdi[text()=\"OK\"]"}
COMMAND: POST /session/9eb332d92fee3afc542bcceca92e7691/elements - {"using":"xpath","value":"//bdi[text()=\"OK\"]"}
RESULT: {"using":"xpath","value":"//bdi[text()=\"OK\"]"}
COMMAND: POST /session/9eb332d92fee3afc542bcceca92e7691/elements - {"using":"xpath","value":"//bdi[text()=\"OK\"]"}
RESULT: {"using":"xpath","value":"//bdi[text()=\"OK\"]"}
COMMAND: POST /session/9eb332d92fee3afc542bcceca92e7691/elements - {"using":"xpath","value":"//bdi[text()=\"OK\"]"}
RESULT: {"using":"xpath","value":"//bdi[text()=\"OK\"]"}
COMMAND: POST /session/9eb332d92fee3afc542bcceca92e7691/elements - {"using":"xpath","value":"//bdi[text()=\"OK\"]"}
RESULT: {"using":"xpath","value":"//bdi[text()=\"OK\"]"}
COMMAND: POST /session/9eb332d92fee3afc542bcceca92e7691/elements - {"using":"xpath","value":"//bdi[text()=\"OK\"]"}
RESULT: {"using":"xpath","value":"//bdi[text()=\"OK\"]"}
COMMAND: POST /session/9eb332d92fee3afc542bcceca92e7691/elements - {"using":"xpath","value":"//bdi[text()=\"OK\"]"}
RESULT: {"using":"xpath","value":"//bdi[text()=\"OK\"]"}
COMMAND: POST /session/9eb332d92fee3afc542bcceca92e7691/elements - {"using":"xpath","value":"//bdi[text()=\"OK\"]"}
RESULT: {"using":"xpath","value":"//bdi[text()=\"OK\"]"}
COMMAND: POST /session/9eb332d92fee3afc542bcceca92e7691/elements - {"using":"xpath","value":"//bdi[text()=\"OK\"]"}
RESULT: {"using":"xpath","value":"//bdi[text()=\"OK\"]"}
COMMAND: POST /session/9eb332d92fee3afc542bcceca92e7691/elements - {"using":"xpath","value":"//bdi[text()=\"OK\"]"}
RESULT: {"using":"xpath","value":"//bdi[text()=\"OK\"]"}
COMMAND: POST /session/9eb332d92fee3afc542bcceca92e7691/elements - {"using":"xpath","value":"//bdi[text()=\"OK\"]"}
RESULT: {"using":"xpath","value":"//bdi[text()=\"OK\"]"}
COMMAND: POST /session/9eb332d92fee3afc542bcceca92e7691/elements - {"using":"xpath","value":"//bdi[text()=\"OK\"]"}
RESULT: {"using":"xpath","value":"//bdi[text()=\"OK\"]"}
COMMAND: POST /session/9eb332d92fee3afc542bcceca92e7691/elements - {"using":"xpath","value":"//bdi[text()=\"OK\"]"}
RESULT: {"using":"xpath","value":"//bdi[text()=\"OK\"]"}
COMMAND: POST /session/9eb332d92fee3afc542bcceca92e7691/elements - {"using":"xpath","value":"//bdi[text()=\"OK\"]"}
RESULT: {"using":"xpath","value":"//bdi[text()=\"OK\"]"}
COMMAND: POST /session/9eb332d92fee3afc542bcceca92e7691/elements - {"using":"xpath","value":"//bdi[text()=\"OK\"]"}
RESULT: {"using":"xpath","value":"//bdi[text()=\"OK\"]"}
COMMAND: POST /session/9eb332d92fee3afc542bcceca92e7691/elements - {"using":"xpath","value":"//bdi[text()=\"OK\"]"}
RESULT: {"using":"xpath","value":"//bdi[text()=\"OK\"]"}
COMMAND: POST /session/9eb332d92fee3afc542bcceca92e7691/elements - {"using":"xpath","value":"//bdi[text()=\"OK\"]"}
RESULT: {"using":"xpath","value":"//bdi[text()=\"OK\"]"}
COMMAND: POST /session/9eb332d92fee3afc542bcceca92e7691/elements - {"using":"xpath","value":"//bdi[text()=\"OK\"]"}
RESULT: {"using":"xpath","value":"//bdi[text()=\"OK\"]"}
COMMAND: POST /session/9eb332d92fee3afc542bcceca92e7691/elements - {"using":"xpath","value":"//bdi[text()=\"OK\"]"}
RESULT: {"using":"xpath","value":"//bdi[text()=\"OK\"]"}
COMMAND: POST /session/9eb332d92fee3afc542bcceca92e7691/elements - {"using":"xpath","value":"//bdi[text()=\"OK\"]"}
RESULT: {"using":"xpath","value":"//bdi[text()=\"OK\"]"}
COMMAND: POST /session/9eb332d92fee3afc542bcceca92e7691/elements - {"using":"xpath","value":"//bdi[text()=\"OK\"]"}
RESULT: {"using":"xpath","value":"//bdi[text()=\"OK\"]"}
COMMAND: POST /session/9eb332d92fee3afc542bcceca92e7691/elements - {"using":"xpath","value":"//bdi[text()=\"OK\"]"}
RESULT: {"using":"xpath","value":"//bdi[text()=\"OK\"]"}
COMMAND: POST /session/9eb332d92fee3afc542bcceca92e7691/elements - {"using":"xpath","value":"//bdi[text()=\"OK\"]"}
RESULT: {"using":"xpath","value":"//bdi[text()=\"OK\"]"}
COMMAND: POST /session/9eb332d92fee3afc542bcceca92e7691/elements - {"using":"xpath","value":"//bdi[text()=\"OK\"]"}
RESULT: {"using":"xpath","value":"//bdi[text()=\"OK\"]"}
COMMAND: POST /session/9eb332d92fee3afc542bcceca92e7691/elements - {"using":"xpath","value":"//bdi[text()=\"OK\"]"}
RESULT: {"using":"xpath","value":"//bdi[text()=\"OK\"]"}
COMMAND: POST /session/9eb332d92fee3afc542bcceca92e7691/elements - {"using":"xpath","value":"//bdi[text()=\"OK\"]"}
RESULT: {"using":"xpath","value":"//bdi[text()=\"OK\"]"}
COMMAND: POST /session/9eb332d92fee3afc542bcceca92e7691/elements - {"using":"xpath","value":"//bdi[text()=\"OK\"]"}
RESULT: {"using":"xpath","value":"//bdi[text()=\"OK\"]"}
COMMAND: POST /session/9eb332d92fee3afc542bcceca92e7691/elements - {"using":"xpath","value":"//bdi[text()=\"OK\"]"}
RESULT: {"using":"xpath","value":"//bdi[text()=\"OK\"]"}
COMMAND: POST /session/9eb332d92fee3afc542bcceca92e7691/elements - {"using":"xpath","value":"//bdi[text()=\"OK\"]"}
RESULT: {"using":"xpath","value":"//bdi[text()=\"OK\"]"}
COMMAND: POST /session/9eb332d92fee3afc542bcceca92e7691/elements - {"using":"xpath","value":"//bdi[text()=\"OK\"]"}
RESULT: {"using":"xpath","value":"//bdi[text()=\"OK\"]"}
COMMAND: POST /session/9eb332d92fee3afc542bcceca92e7691/elements - {"using":"xpath","value":"//bdi[text()=\"OK\"]"}
RESULT: {"using":"xpath","value":"//bdi[text()=\"OK\"]"}
COMMAND: POST /session/9eb332d92fee3afc542bcceca92e7691/elements - {"using":"xpath","value":"//bdi[text()=\"OK\"]"}
RESULT: {"using":"xpath","value":"//bdi[text()=\"OK\"]"}
COMMAND: POST /session/9eb332d92fee3afc542bcceca92e7691/elements - {"using":"xpath","value":"//bdi[text()=\"OK\"]"}
RESULT: {"using":"xpath","value":"//bdi[text()=\"OK\"]"}
COMMAND: POST /session/9eb332d92fee3afc542bcceca92e7691/elements - {"using":"xpath","value":"//bdi[text()=\"OK\"]"}
RESULT: {"using":"xpath","value":"//bdi[text()=\"OK\"]"}
COMMAND: POST /session/9eb332d92fee3afc542bcceca92e7691/elements - {"using":"xpath","value":"//bdi[text()=\"OK\"]"}
RESULT: {"using":"xpath","value":"//bdi[text()=\"OK\"]"}
COMMAND: POST /session/9eb332d92fee3afc542bcceca92e7691/elements - {"using":"xpath","value":"//bdi[text()=\"OK\"]"}
RESULT: {"using":"xpath","value":"//bdi[text()=\"OK\"]"}
COMMAND: POST /session/9eb332d92fee3afc542bcceca92e7691/elements - {"using":"xpath","value":"//bdi[text()=\"OK\"]"}
RESULT: {"using":"xpath","value":"//bdi[text()=\"OK\"]"}
COMMAND: POST /session/9eb332d92fee3afc542bcceca92e7691/elements - {"using":"xpath","value":"//bdi[text()=\"OK\"]"}
RESULT: {"using":"xpath","value":"//bdi[text()=\"OK\"]"}
COMMAND: POST /session/9eb332d92fee3afc542bcceca92e7691/elements - {"using":"xpath","value":"//bdi[text()=\"OK\"]"}
RESULT: {"using":"xpath","value":"//bdi[text()=\"OK\"]"}
COMMAND: POST /session/9eb332d92fee3afc542bcceca92e7691/elements - {"using":"xpath","value":"//bdi[text()=\"OK\"]"}
RESULT: {"using":"xpath","value":"//bdi[text()=\"OK\"]"}
COMMAND: POST /session/9eb332d92fee3afc542bcceca92e7691/elements - {"using":"xpath","value":"//bdi[text()=\"OK\"]"}
RESULT: {"using":"xpath","value":"//bdi[text()=\"OK\"]"}
COMMAND: POST /session/9eb332d92fee3afc542bcceca92e7691/elements - {"using":"xpath","value":"//bdi[text()=\"OK\"]"}
RESULT: {"using":"xpath","value":"//bdi[text()=\"OK\"]"}
COMMAND: POST /session/9eb332d92fee3afc542bcceca92e7691/elements - {"using":"xpath","value":"//bdi[text()=\"OK\"]"}
RESULT: {"using":"xpath","value":"//bdi[text()=\"OK\"]"}
COMMAND: POST /session/9eb332d92fee3afc542bcceca92e7691/elements - {"using":"xpath","value":"//bdi[text()=\"OK\"]"}
RESULT: {"using":"xpath","value":"//bdi[text()=\"OK\"]"}
COMMAND: POST /session/9eb332d92fee3afc542bcceca92e7691/elements - {"using":"xpath","value":"//bdi[text()=\"OK\"]"}
RESULT: {"using":"xpath","value":"//bdi[text()=\"OK\"]"}
COMMAND: POST /session/9eb332d92fee3afc542bcceca92e7691/elements - {"using":"xpath","value":"//bdi[text()=\"OK\"]"}
RESULT: {"using":"xpath","value":"//bdi[text()=\"OK\"]"}
COMMAND: POST /session/9eb332d92fee3afc542bcceca92e7691/elements - {"using":"xpath","value":"//bdi[text()=\"OK\"]"}
RESULT: {"using":"xpath","value":"//bdi[text()=\"OK\"]"}
COMMAND: POST /session/9eb332d92fee3afc542bcceca92e7691/elements - {"using":"xpath","value":"//bdi[text()=\"OK\"]"}
RESULT: {"using":"xpath","value":"//bdi[text()=\"OK\"]"}
COMMAND: POST /session/9eb332d92fee3afc542bcceca92e7691/elements - {"using":"xpath","value":"//bdi[text()=\"OK\"]"}
RESULT: {"using":"xpath","value":"//bdi[text()=\"OK\"]"}
COMMAND: POST /session/9eb332d92fee3afc542bcceca92e7691/elements - {"using":"xpath","value":"//bdi[text()=\"OK\"]"}
RESULT: {"using":"xpath","value":"//bdi[text()=\"OK\"]"}
COMMAND: POST /session/9eb332d92fee3afc542bcceca92e7691/elements - {"using":"xpath","value":"//bdi[text()=\"OK\"]"}
RESULT: {"using":"xpath","value":"//bdi[text()=\"OK\"]"}
COMMAND: POST /session/9eb332d92fee3afc542bcceca92e7691/elements - {"using":"xpath","value":"//bdi[text()=\"OK\"]"}
RESULT: {"using":"xpath","value":"//bdi[text()=\"OK\"]"}
COMMAND: POST /session/9eb332d92fee3afc542bcceca92e7691/elements - {"using":"xpath","value":"//bdi[text()=\"OK\"]"}
RESULT: {"using":"xpath","value":"//bdi[text()=\"OK\"]"}
COMMAND: POST /session/9eb332d92fee3afc542bcceca92e7691/elements - {"using":"xpath","value":"//bdi[text()=\"OK\"]"}
RESULT: {"using":"xpath","value":"//bdi[text()=\"OK\"]"}
COMMAND: POST /session/9eb332d92fee3afc542bcceca92e7691/elements - {"using":"xpath","value":"//bdi[text()=\"OK\"]"}
RESULT: {"using":"xpath","value":"//bdi[text()=\"OK\"]"}
COMMAND: POST /session/9eb332d92fee3afc542bcceca92e7691/elements - {"using":"xpath","value":"//bdi[text()=\"OK\"]"}
RESULT: {"using":"xpath","value":"//bdi[text()=\"OK\"]"}
COMMAND: POST /session/9eb332d92fee3afc542bcceca92e7691/elements - {"using":"xpath","value":"//bdi[text()=\"OK\"]"}
RESULT: {"using":"xpath","value":"//bdi[text()=\"OK\"]"}
COMMAND: POST /session/9eb332d92fee3afc542bcceca92e7691/element - {"using":"xpath","value":"//bdi[text()=\"OK\"]"}
RESULT: {"using":"xpath","value":"//bdi[text()=\"OK\"]"}
COMMAND: POST /session/9eb332d92fee3afc542bcceca92e7691/elements - {"using":"xpath","value":"//bdi[text()=\"OK\"]"}
RESULT: {"using":"xpath","value":"//bdi[text()=\"OK\"]"}
COMMAND: POST /session/9eb332d92fee3afc542bcceca92e7691/elements - {"using":"xpath","value":"//bdi[text()=\"OK\"]"}
RESULT: {"using":"xpath","value":"//bdi[text()=\"OK\"]"}
COMMAND: POST /session/9eb332d92fee3afc542bcceca92e7691/elements - {"using":"xpath","value":"//bdi[text()=\"OK\"]"}
RESULT: {"using":"xpath","value":"//bdi[text()=\"OK\"]"}
COMMAND: POST /session/9eb332d92fee3afc542bcceca92e7691/elements - {"using":"xpath","value":"//bdi[text()=\"OK\"]"}
RESULT: {"using":"xpath","value":"//bdi[text()=\"OK\"]"}
COMMAND: POST /session/9eb332d92fee3afc542bcceca92e7691/elements - {"using":"xpath","value":"//bdi[text()=\"OK\"]"}
RESULT: {"using":"xpath","value":"//bdi[text()=\"OK\"]"}
COMMAND: POST /session/9eb332d92fee3afc542bcceca92e7691/elements - {"using":"xpath","value":"//bdi[text()=\"OK\"]"}
RESULT: {"using":"xpath","value":"//bdi[text()=\"OK\"]"}
COMMAND: POST /session/9eb332d92fee3afc542bcceca92e7691/elements - {"using":"xpath","value":"//bdi[text()=\"OK\"]"}
RESULT: {"using":"xpath","value":"//bdi[text()=\"OK\"]"}
COMMAND: POST /session/9eb332d92fee3afc542bcceca92e7691/elements - {"using":"xpath","value":"//bdi[text()=\"OK\"]"}
RESULT: {"using":"xpath","value":"//bdi[text()=\"OK\"]"}
COMMAND: POST /session/9eb332d92fee3afc542bcceca92e7691/elements - {"using":"xpath","value":"//bdi[text()=\"OK\"]"}
RESULT: {"using":"xpath","value":"//bdi[text()=\"OK\"]"}
COMMAND: POST /session/9eb332d92fee3afc542bcceca92e7691/elements - {"using":"xpath","value":"//bdi[text()=\"OK\"]"}
RESULT: {"using":"xpath","value":"//bdi[text()=\"OK\"]"}
COMMAND: POST /session/9eb332d92fee3afc542bcceca92e7691/elements - {"using":"xpath","value":"//bdi[text()=\"OK\"]"}
RESULT: {"using":"xpath","value":"//bdi[text()=\"OK\"]"}
COMMAND: POST /session/9eb332d92fee3afc542bcceca92e7691/elements - {"using":"xpath","value":"//bdi[text()=\"OK\"]"}
RESULT: {"using":"xpath","value":"//bdi[text()=\"OK\"]"}
COMMAND: POST /session/9eb332d92fee3afc542bcceca92e7691/elements - {"using":"xpath","value":"//bdi[text()=\"OK\"]"}
RESULT: {"using":"xpath","value":"//bdi[text()=\"OK\"]"}
COMMAND: POST /session/9eb332d92fee3afc542bcceca92e7691/elements - {"using":"xpath","value":"//bdi[text()=\"OK\"]"}
RESULT: {"using":"xpath","value":"//bdi[text()=\"OK\"]"}
COMMAND: POST /session/9eb332d92fee3afc542bcceca92e7691/elements - {"using":"xpath","value":"//bdi[text()=\"OK\"]"}
RESULT: {"using":"xpath","value":"//bdi[text()=\"OK\"]"}
COMMAND: POST /session/9eb332d92fee3afc542bcceca92e7691/elements - {"using":"xpath","value":"//bdi[text()=\"OK\"]"}
RESULT: {"using":"xpath","value":"//bdi[text()=\"OK\"]"}
COMMAND: POST /session/9eb332d92fee3afc542bcceca92e7691/elements - {"using":"xpath","value":"//bdi[text()=\"OK\"]"}
RESULT: {"using":"xpath","value":"//bdi[text()=\"OK\"]"}
COMMAND: POST /session/9eb332d92fee3afc542bcceca92e7691/elements - {"using":"xpath","value":"//bdi[text()=\"OK\"]"}
RESULT: {"using":"xpath","value":"//bdi[text()=\"OK\"]"}
COMMAND: POST /session/9eb332d92fee3afc542bcceca92e7691/elements - {"using":"xpath","value":"//bdi[text()=\"OK\"]"}
RESULT: {"using":"xpath","value":"//bdi[text()=\"OK\"]"}
COMMAND: POST /session/9eb332d92fee3afc542bcceca92e7691/elements - {"using":"xpath","value":"//bdi[text()=\"OK\"]"}
RESULT: {"using":"xpath","value":"//bdi[text()=\"OK\"]"}
COMMAND: POST /session/9eb332d92fee3afc542bcceca92e7691/elements - {"using":"xpath","value":"//bdi[text()=\"OK\"]"}
RESULT: {"using":"xpath","value":"//bdi[text()=\"OK\"]"}
COMMAND: POST /session/9eb332d92fee3afc542bcceca92e7691/elements - {"using":"xpath","value":"//bdi[text()=\"OK\"]"}
RESULT: {"using":"xpath","value":"//bdi[text()=\"OK\"]"}
COMMAND: POST /session/9eb332d92fee3afc542bcceca92e7691/elements - {"using":"xpath","value":"//bdi[text()=\"OK\"]"}
RESULT: {"using":"xpath","value":"//bdi[text()=\"OK\"]"}
COMMAND: POST /session/9eb332d92fee3afc542bcceca92e7691/elements - {"using":"xpath","value":"//bdi[text()=\"OK\"]"}
RESULT: {"using":"xpath","value":"//bdi[text()=\"OK\"]"}
COMMAND: POST /session/9eb332d92fee3afc542bcceca92e7691/elements - {"using":"xpath","value":"//bdi[text()=\"OK\"]"}
RESULT: {"using":"xpath","value":"//bdi[text()=\"OK\"]"}
COMMAND: POST /session/9eb332d92fee3afc542bcceca92e7691/elements - {"using":"xpath","value":"//bdi[text()=\"OK\"]"}
RESULT: {"using":"xpath","value":"//bdi[text()=\"OK\"]"}
COMMAND: POST /session/9eb332d92fee3afc542bcceca92e7691/elements - {"using":"xpath","value":"//bdi[text()=\"OK\"]"}
RESULT: {"using":"xpath","value":"//bdi[text()=\"OK\"]"}
COMMAND: POST /session/9eb332d92fee3afc542bcceca92e7691/elements - {"using":"xpath","value":"//bdi[text()=\"OK\"]"}
RESULT: {"using":"xpath","value":"//bdi[text()=\"OK\"]"}
COMMAND: POST /session/9eb332d92fee3afc542bcceca92e7691/elements - {"using":"xpath","value":"//bdi[text()=\"OK\"]"}
RESULT: {"using":"xpath","value":"//bdi[text()=\"OK\"]"}
COMMAND: POST /session/9eb332d92fee3afc542bcceca92e7691/elements - {"using":"xpath","value":"//bdi[text()=\"OK\"]"}
RESULT: {"using":"xpath","value":"//bdi[text()=\"OK\"]"}
COMMAND: POST /session/9eb332d92fee3afc542bcceca92e7691/elements - {"using":"xpath","value":"//bdi[text()=\"OK\"]"}
RESULT: {"using":"xpath","value":"//bdi[text()=\"OK\"]"}
COMMAND: POST /session/9eb332d92fee3afc542bcceca92e7691/elements - {"using":"xpath","value":"//bdi[text()=\"OK\"]"}
RESULT: {"using":"xpath","value":"//bdi[text()=\"OK\"]"}
COMMAND: POST /session/9eb332d92fee3afc542bcceca92e7691/elements - {"using":"xpath","value":"//bdi[text()=\"OK\"]"}
RESULT: {"using":"xpath","value":"//bdi[text()=\"OK\"]"}
COMMAND: POST /session/9eb332d92fee3afc542bcceca92e7691/elements - {"using":"xpath","value":"//bdi[text()=\"OK\"]"}
RESULT: {"using":"xpath","value":"//bdi[text()=\"OK\"]"}
COMMAND: POST /session/9eb332d92fee3afc542bcceca92e7691/elements - {"using":"xpath","value":"//bdi[text()=\"OK\"]"}
RESULT: {"using":"xpath","value":"//bdi[text()=\"OK\"]"}
COMMAND: POST /session/9eb332d92fee3afc542bcceca92e7691/elements - {"using":"xpath","value":"//bdi[text()=\"OK\"]"}
RESULT: {"using":"xpath","value":"//bdi[text()=\"OK\"]"}
COMMAND: POST /session/9eb332d92fee3afc542bcceca92e7691/elements - {"using":"xpath","value":"//bdi[text()=\"OK\"]"}
RESULT: {"using":"xpath","value":"//bdi[text()=\"OK\"]"}
COMMAND: POST /session/9eb332d92fee3afc542bcceca92e7691/elements - {"using":"xpath","value":"//bdi[text()=\"OK\"]"}
RESULT: {"using":"xpath","value":"//bdi[text()=\"OK\"]"}
COMMAND: POST /session/9eb332d92fee3afc542bcceca92e7691/elements - {"using":"xpath","value":"//bdi[text()=\"OK\"]"}
RESULT: {"using":"xpath","value":"//bdi[text()=\"OK\"]"}
COMMAND: POST /session/9eb332d92fee3afc542bcceca92e7691/elements - {"using":"xpath","value":"//bdi[text()=\"OK\"]"}
RESULT: {"using":"xpath","value":"//bdi[text()=\"OK\"]"}
COMMAND: POST /session/9eb332d92fee3afc542bcceca92e7691/elements - {"using":"xpath","value":"//bdi[text()=\"OK\"]"}
RESULT: {"using":"xpath","value":"//bdi[text()=\"OK\"]"}
COMMAND: POST /session/9eb332d92fee3afc542bcceca92e7691/elements - {"using":"xpath","value":"//bdi[text()=\"OK\"]"}
RESULT: {"using":"xpath","value":"//bdi[text()=\"OK\"]"}
COMMAND: POST /session/9eb332d92fee3afc542bcceca92e7691/elements - {"using":"xpath","value":"//bdi[text()=\"OK\"]"}
RESULT: {"using":"xpath","value":"//bdi[text()=\"OK\"]"}
COMMAND: POST /session/9eb332d92fee3afc542bcceca92e7691/elements - {"using":"xpath","value":"//bdi[text()=\"OK\"]"}
RESULT: {"using":"xpath","value":"//bdi[text()=\"OK\"]"}
COMMAND: POST /session/9eb332d92fee3afc542bcceca92e7691/elements - {"using":"xpath","value":"//bdi[text()=\"OK\"]"}
RESULT: {"using":"xpath","value":"//bdi[text()=\"OK\"]"}
COMMAND: POST /session/9eb332d92fee3afc542bcceca92e7691/elements - {"using":"xpath","value":"//bdi[text()=\"OK\"]"}
RESULT: {"using":"xpath","value":"//bdi[text()=\"OK\"]"}
COMMAND: POST /session/9eb332d92fee3afc542bcceca92e7691/elements - {"using":"xpath","value":"//bdi[text()=\"OK\"]"}
RESULT: {"using":"xpath","value":"//bdi[text()=\"OK\"]"}
COMMAND: POST /session/9eb332d92fee3afc542bcceca92e7691/elements - {"using":"xpath","value":"//bdi[text()=\"OK\"]"}
RESULT: {"using":"xpath","value":"//bdi[text()=\"OK\"]"}
COMMAND: POST /session/9eb332d92fee3afc542bcceca92e7691/elements - {"using":"xpath","value":"//bdi[text()=\"OK\"]"}
RESULT: {"using":"xpath","value":"//bdi[text()=\"OK\"]"}
COMMAND: POST /session/9eb332d92fee3afc542bcceca92e7691/elements - {"using":"xpath","value":"//bdi[text()=\"OK\"]"}
RESULT: {"using":"xpath","value":"//bdi[text()=\"OK\"]"}
COMMAND: POST /session/9eb332d92fee3afc542bcceca92e7691/elements - {"using":"xpath","value":"//bdi[text()=\"OK\"]"}
RESULT: {"using":"xpath","value":"//bdi[text()=\"OK\"]"}
COMMAND: POST /session/9eb332d92fee3afc542bcceca92e7691/elements - {"using":"xpath","value":"//bdi[text()=\"OK\"]"}
RESULT: {"using":"xpath","value":"//bdi[text()=\"OK\"]"}
COMMAND: POST /session/9eb332d92fee3afc542bcceca92e7691/elements - {"using":"xpath","value":"//bdi[text()=\"OK\"]"}
RESULT: {"using":"xpath","value":"//bdi[text()=\"OK\"]"}
COMMAND: POST /session/9eb332d92fee3afc542bcceca92e7691/elements - {"using":"xpath","value":"//bdi[text()=\"OK\"]"}
RESULT: {"using":"xpath","value":"//bdi[text()=\"OK\"]"}
COMMAND: POST /session/9eb332d92fee3afc542bcceca92e7691/elements - {"using":"xpath","value":"//bdi[text()=\"OK\"]"}
RESULT: {"using":"xpath","value":"//bdi[text()=\"OK\"]"}
COMMAND: POST /session/9eb332d92fee3afc542bcceca92e7691/elements - {"using":"xpath","value":"//bdi[text()=\"OK\"]"}
RESULT: {"using":"xpath","value":"//bdi[text()=\"OK\"]"}
COMMAND: POST /session/9eb332d92fee3afc542bcceca92e7691/elements - {"using":"xpath","value":"//bdi[text()=\"OK\"]"}
RESULT: {"using":"xpath","value":"//bdi[text()=\"OK\"]"}
COMMAND: POST /session/9eb332d92fee3afc542bcceca92e7691/elements - {"using":"xpath","value":"//bdi[text()=\"OK\"]"}
RESULT: {"using":"xpath","value":"//bdi[text()=\"OK\"]"}
COMMAND: POST /session/9eb332d92fee3afc542bcceca92e7691/elements - {"using":"xpath","value":"//bdi[text()=\"OK\"]"}
RESULT: {"using":"xpath","value":"//bdi[text()=\"OK\"]"}
COMMAND: POST /session/9eb332d92fee3afc542bcceca92e7691/elements - {"using":"xpath","value":"//bdi[text()=\"OK\"]"}
RESULT: {"using":"xpath","value":"//bdi[text()=\"OK\"]"}
COMMAND: POST /session/9eb332d92fee3afc542bcceca92e7691/elements - {"using":"xpath","value":"//bdi[text()=\"OK\"]"}
RESULT: {"using":"xpath","value":"//bdi[text()=\"OK\"]"}
COMMAND: POST /session/9eb332d92fee3afc542bcceca92e7691/elements - {"using":"xpath","value":"//bdi[text()=\"OK\"]"}
RESULT: {"using":"xpath","value":"//bdi[text()=\"OK\"]"}
COMMAND: POST /session/9eb332d92fee3afc542bcceca92e7691/elements - {"using":"xpath","value":"//bdi[text()=\"OK\"]"}
RESULT: {"using":"xpath","value":"//bdi[text()=\"OK\"]"}
COMMAND: POST /session/9eb332d92fee3afc542bcceca92e7691/elements - {"using":"xpath","value":"//bdi[text()=\"OK\"]"}
RESULT: {"using":"xpath","value":"//bdi[text()=\"OK\"]"}
COMMAND: POST /session/9eb332d92fee3afc542bcceca92e7691/elements - {"using":"xpath","value":"//bdi[text()=\"OK\"]"}
RESULT: {"using":"xpath","value":"//bdi[text()=\"OK\"]"}
COMMAND: POST /session/9eb332d92fee3afc542bcceca92e7691/elements - {"using":"xpath","value":"//bdi[text()=\"OK\"]"}
RESULT: {"using":"xpath","value":"//bdi[text()=\"OK\"]"}
COMMAND: POST /session/9eb332d92fee3afc542bcceca92e7691/elements - {"using":"xpath","value":"//bdi[text()=\"OK\"]"}
RESULT: {"using":"xpath","value":"//bdi[text()=\"OK\"]"}
COMMAND: POST /session/9eb332d92fee3afc542bcceca92e7691/elements - {"using":"xpath","value":"//bdi[text()=\"OK\"]"}
RESULT: {"using":"xpath","value":"//bdi[text()=\"OK\"]"}
COMMAND: POST /session/9eb332d92fee3afc542bcceca92e7691/elements - {"using":"xpath","value":"//bdi[text()=\"OK\"]"}
RESULT: {"using":"xpath","value":"//bdi[text()=\"OK\"]"}
COMMAND: POST /session/9eb332d92fee3afc542bcceca92e7691/elements - {"using":"xpath","value":"//bdi[text()=\"OK\"]"}
RESULT: {"using":"xpath","value":"//bdi[text()=\"OK\"]"}
COMMAND: POST /session/9eb332d92fee3afc542bcceca92e7691/elements - {"using":"xpath","value":"//bdi[text()=\"OK\"]"}
RESULT: {"using":"xpath","value":"//bdi[text()=\"OK\"]"}
COMMAND: POST /session/9eb332d92fee3afc542bcceca92e7691/elements - {"using":"xpath","value":"//bdi[text()=\"OK\"]"}
RESULT: {"using":"xpath","value":"//bdi[text()=\"OK\"]"}
COMMAND: POST /session/9eb332d92fee3afc542bcceca92e7691/elements - {"using":"xpath","value":"//bdi[text()=\"OK\"]"}
RESULT: {"using":"xpath","value":"//bdi[text()=\"OK\"]"}
COMMAND: POST /session/9eb332d92fee3afc542bcceca92e7691/elements - {"using":"xpath","value":"//bdi[text()=\"OK\"]"}
RESULT: {"using":"xpath","value":"//bdi[text()=\"OK\"]"}
COMMAND: POST /session/9eb332d92fee3afc542bcceca92e7691/elements - {"using":"xpath","value":"//bdi[text()=\"OK\"]"}
RESULT: {"using":"xpath","value":"//bdi[text()=\"OK\"]"}
COMMAND: POST /session/9eb332d92fee3afc542bcceca92e7691/elements - {"using":"xpath","value":"//bdi[text()=\"OK\"]"}
RESULT: {"using":"xpath","value":"//bdi[text()=\"OK\"]"}
COMMAND: POST /session/9eb332d92fee3afc542bcceca92e7691/elements - {"using":"xpath","value":"//bdi[text()=\"OK\"]"}
RESULT: {"using":"xpath","value":"//bdi[text()=\"OK\"]"}
COMMAND: POST /session/9eb332d92fee3afc542bcceca92e7691/elements - {"using":"xpath","value":"//bdi[text()=\"OK\"]"}
RESULT: {"using":"xpath","value":"//bdi[text()=\"OK\"]"}
COMMAND: POST /session/9eb332d92fee3afc542bcceca92e7691/elements - {"using":"xpath","value":"//bdi[text()=\"OK\"]"}
RESULT: {"using":"xpath","value":"//bdi[text()=\"OK\"]"}
COMMAND: POST /session/9eb332d92fee3afc542bcceca92e7691/elements - {"using":"xpath","value":"//bdi[text()=\"OK\"]"}
RESULT: {"using":"xpath","value":"//bdi[text()=\"OK\"]"}
COMMAND: POST /session/9eb332d92fee3afc542bcceca92e7691/elements - {"using":"xpath","value":"//bdi[text()=\"OK\"]"}
RESULT: {"using":"xpath","value":"//bdi[text()=\"OK\"]"}
COMMAND: POST /session/9eb332d92fee3afc542bcceca92e7691/elements - {"using":"xpath","value":"//bdi[text()=\"OK\"]"}
RESULT: {"using":"xpath","value":"//bdi[text()=\"OK\"]"}
COMMAND: POST /session/9eb332d92fee3afc542bcceca92e7691/elements - {"using":"xpath","value":"//bdi[text()=\"OK\"]"}
RESULT: {"using":"xpath","value":"//bdi[text()=\"OK\"]"}
COMMAND: POST /session/9eb332d92fee3afc542bcceca92e7691/elements - {"using":"xpath","value":"//bdi[text()=\"OK\"]"}
RESULT: {"using":"xpath","value":"//bdi[text()=\"OK\"]"}
COMMAND: POST /session/9eb332d92fee3afc542bcceca92e7691/elements - {"using":"xpath","value":"//bdi[text()=\"OK\"]"}
RESULT: {"using":"xpath","value":"//bdi[text()=\"OK\"]"}
COMMAND: POST /session/9eb332d92fee3afc542bcceca92e7691/elements - {"using":"xpath","value":"//bdi[text()=\"OK\"]"}
RESULT: {"using":"xpath","value":"//bdi[text()=\"OK\"]"}
COMMAND: POST /session/9eb332d92fee3afc542bcceca92e7691/elements - {"using":"xpath","value":"//bdi[text()=\"OK\"]"}
RESULT: {"using":"xpath","value":"//bdi[text()=\"OK\"]"}
COMMAND: POST /session/9eb332d92fee3afc542bcceca92e7691/elements - {"using":"xpath","value":"//bdi[text()=\"OK\"]"}
RESULT: {"using":"xpath","value":"//bdi[text()=\"OK\"]"}
COMMAND: POST /session/9eb332d92fee3afc542bcceca92e7691/elements - {"using":"xpath","value":"//bdi[text()=\"OK\"]"}
RESULT: {"using":"xpath","value":"//bdi[text()=\"OK\"]"}
COMMAND: POST /session/9eb332d92fee3afc542bcceca92e7691/elements - {"using":"xpath","value":"//bdi[text()=\"OK\"]"}
RESULT: {"using":"xpath","value":"//bdi[text()=\"OK\"]"}
COMMAND: POST /session/9eb332d92fee3afc542bcceca92e7691/elements - {"using":"xpath","value":"//bdi[text()=\"OK\"]"}
RESULT: {"using":"xpath","value":"//bdi[text()=\"OK\"]"}
COMMAND: POST /session/9eb332d92fee3afc542bcceca92e7691/elements - {"using":"xpath","value":"//bdi[text()=\"OK\"]"}
RESULT: {"using":"xpath","value":"//bdi[text()=\"OK\"]"}
COMMAND: POST /session/9eb332d92fee3afc542bcceca92e7691/elements - {"using":"xpath","value":"//bdi[text()=\"OK\"]"}
RESULT: {"using":"xpath","value":"//bdi[text()=\"OK\"]"}
COMMAND: POST /session/9eb332d92fee3afc542bcceca92e7691/elements - {"using":"xpath","value":"//bdi[text()=\"OK\"]"}
RESULT: {"using":"xpath","value":"//bdi[text()=\"OK\"]"}
COMMAND: POST /session/9eb332d92fee3afc542bcceca92e7691/elements - {"using":"xpath","value":"//bdi[text()=\"OK\"]"}
RESULT: {"using":"xpath","value":"//bdi[text()=\"OK\"]"}
COMMAND: POST /session/9eb332d92fee3afc542bcceca92e7691/elements - {"using":"xpath","value":"//bdi[text()=\"OK\"]"}
RESULT: {"using":"xpath","value":"//bdi[text()=\"OK\"]"}
COMMAND: POST /session/9eb332d92fee3afc542bcceca92e7691/elements - {"using":"xpath","value":"//bdi[text()=\"OK\"]"}
RESULT: {"using":"xpath","value":"//bdi[text()=\"OK\"]"}
COMMAND: POST /session/9eb332d92fee3afc542bcceca92e7691/elements - {"using":"xpath","value":"//bdi[text()=\"OK\"]"}
RESULT: {"using":"xpath","value":"//bdi[text()=\"OK\"]"}
COMMAND: POST /session/9eb332d92fee3afc542bcceca92e7691/elements - {"using":"xpath","value":"//bdi[text()=\"OK\"]"}
RESULT: {"using":"xpath","value":"//bdi[text()=\"OK\"]"}
COMMAND: POST /session/9eb332d92fee3afc542bcceca92e7691/elements - {"using":"xpath","value":"//bdi[text()=\"OK\"]"}
RESULT: {"using":"xpath","value":"//bdi[text()=\"OK\"]"}
COMMAND: POST /session/9eb332d92fee3afc542bcceca92e7691/elements - {"using":"xpath","value":"//bdi[text()=\"OK\"]"}
RESULT: {"using":"xpath","value":"//bdi[text()=\"OK\"]"}
COMMAND: POST /session/9eb332d92fee3afc542bcceca92e7691/elements - {"using":"xpath","value":"//bdi[text()=\"OK\"]"}
RESULT: {"using":"xpath","value":"//bdi[text()=\"OK\"]"}
COMMAND: POST /session/9eb332d92fee3afc542bcceca92e7691/elements - {"using":"xpath","value":"//bdi[text()=\"OK\"]"}
RESULT: {"using":"xpath","value":"//bdi[text()=\"OK\"]"}
COMMAND: POST /session/9eb332d92fee3afc542bcceca92e7691/elements - {"using":"xpath","value":"//bdi[text()=\"OK\"]"}
RESULT: {"using":"xpath","value":"//bdi[text()=\"OK\"]"}
COMMAND: POST /session/9eb332d92fee3afc542bcceca92e7691/elements - {"using":"xpath","value":"//bdi[text()=\"OK\"]"}
RESULT: {"using":"xpath","value":"//bdi[text()=\"OK\"]"}
COMMAND: POST /session/9eb332d92fee3afc542bcceca92e7691/elements - {"using":"xpath","value":"//bdi[text()=\"OK\"]"}
RESULT: {"using":"xpath","value":"//bdi[text()=\"OK\"]"}
COMMAND: POST /session/9eb332d92fee3afc542bcceca92e7691/elements - {"using":"xpath","value":"//bdi[text()=\"OK\"]"}
RESULT: {"using":"xpath","value":"//bdi[text()=\"OK\"]"}
COMMAND: POST /session/9eb332d92fee3afc542bcceca92e7691/elements - {"using":"xpath","value":"//bdi[text()=\"OK\"]"}
RESULT: {"using":"xpath","value":"//bdi[text()=\"OK\"]"}
COMMAND: POST /session/9eb332d92fee3afc542bcceca92e7691/elements - {"using":"xpath","value":"//bdi[text()=\"OK\"]"}
RESULT: {"using":"xpath","value":"//bdi[text()=\"OK\"]"}
COMMAND: POST /session/9eb332d92fee3afc542bcceca92e7691/elements - {"using":"xpath","value":"//bdi[text()=\"OK\"]"}
RESULT: {"using":"xpath","value":"//bdi[text()=\"OK\"]"}
COMMAND: POST /session/9eb332d92fee3afc542bcceca92e7691/elements - {"using":"xpath","value":"//bdi[text()=\"OK\"]"}
RESULT: {"using":"xpath","value":"//bdi[text()=\"OK\"]"}
COMMAND: POST /session/9eb332d92fee3afc542bcceca92e7691/elements - {"using":"xpath","value":"//bdi[text()=\"OK\"]"}
RESULT: {"using":"xpath","value":"//bdi[text()=\"OK\"]"}
COMMAND: POST /session/9eb332d92fee3afc542bcceca92e7691/elements - {"using":"xpath","value":"//bdi[text()=\"OK\"]"}
RESULT: {"using":"xpath","value":"//bdi[text()=\"OK\"]"}
COMMAND: POST /session/9eb332d92fee3afc542bcceca92e7691/elements - {"using":"xpath","value":"//bdi[text()=\"OK\"]"}
RESULT: {"using":"xpath","value":"//bdi[text()=\"OK\"]"}
COMMAND: POST /session/9eb332d92fee3afc542bcceca92e7691/elements - {"using":"xpath","value":"//bdi[text()=\"OK\"]"}
RESULT: {"using":"xpath","value":"//bdi[text()=\"OK\"]"}
COMMAND: POST /session/9eb332d92fee3afc542bcceca92e7691/elements - {"using":"xpath","value":"//bdi[text()=\"OK\"]"}
RESULT: {"using":"xpath","value":"//bdi[text()=\"OK\"]"}
COMMAND: POST /session/9eb332d92fee3afc542bcceca92e7691/elements - {"using":"xpath","value":"//bdi[text()=\"OK\"]"}
RESULT: {"using":"xpath","value":"//bdi[text()=\"OK\"]"}
COMMAND: POST /session/9eb332d92fee3afc542bcceca92e7691/elements - {"using":"xpath","value":"//bdi[text()=\"OK\"]"}
RESULT: {"using":"xpath","value":"//bdi[text()=\"OK\"]"}
COMMAND: POST /session/9eb332d92fee3afc542bcceca92e7691/elements - {"using":"xpath","value":"//bdi[text()=\"OK\"]"}
RESULT: {"using":"xpath","value":"//bdi[text()=\"OK\"]"}
COMMAND: POST /session/9eb332d92fee3afc542bcceca92e7691/elements - {"using":"xpath","value":"//bdi[text()=\"OK\"]"}
RESULT: {"using":"xpath","value":"//bdi[text()=\"OK\"]"}
COMMAND: POST /session/9eb332d92fee3afc542bcceca92e7691/elements - {"using":"xpath","value":"//bdi[text()=\"OK\"]"}
COMMAND: POST /session/9eb332d92fee3afc542bcceca92e7691/execute/async - {"script":"<script> [1562 bytes]","args":[{"selector":{"id":"application-manageresources-display-component---newResourceUnit--TYPE-arrow"},"wdio_ui5_key":"applicationmanageresources-display-component---newResourceUnit--TYPE-arrow"}]}
RESULT: {"using":"xpath","value":"//bdi[text()=\"OK\"]"}
RESULT: {"script":"<script> [1562 bytes]","args":[{"selector":{"id":"application-manageresources-display-component---newResourceUnit--TYPE-arrow"},"wdio_ui5_key":"applicationmanageresources-display-component---newResourceUnit--TYPE-arrow"}]}
RESULT: undefined
COMMAND: POST /session/9eb332d92fee3afc542bcceca92e7691/element - {"using":"xpath","value":"//*[@id=\"application-manageresources-display-component---newResourceUnit--TYPE-arrow\"]"}
RESULT: {"using":"xpath","value":"//*[@id=\"application-manageresources-display-component---newResourceUnit--TYPE-arrow\"]"}
COMMAND: POST /session/9eb332d92fee3afc542bcceca92e7691/element/f.FB94101F77D2F5C7286D81464D13618E.d.67078503F7869D52567F80AF05BA5DDB.e.7458/click - {}
RESULT: {}
COMMAND: POST /session/9eb332d92fee3afc542bcceca92e7691/execute/async - {"script":"<script> [1562 bytes]","args":[{"selector":{"controlType":"sap.m.StandardListItem","viewName":"reusables.view.manageresources.NewResourceUnit","viewId":"application-manageresources-display-component---newResourceUnit","properties":{"title":"Material"},"searchOpenDialogs":true,"interaction":{"idSuffix":"titleText"}},"wdio_ui5_key":"reusablesview.manageresources.NewResourceUnitsap.m.StandardListItem{\"title\":\"Material\"}"}]}
COMMAND: GET /session/9eb332d92fee3afc542bcceca92e7691/screenshot - {}
RESULT: {"script":"<script> [1562 bytes]","args":[{"selector":{"controlType":"sap.m.StandardListItem","viewName":"reusables.view.manageresources.NewResourceUnit","viewId":"application-manageresources-display-component---newResourceUnit","properties":{"title":"Material"},"searchOpenDialogs":true,"interaction":{"idSuffix":"titleText"}},"wdio_ui5_key":"reusablesview.manageresources.NewResourceUnitsap.m.StandardListItem{\"title\":\"Material\"}"}]}
RESULT: undefined
COMMAND: POST /session/9eb332d92fee3afc542bcceca92e7691/element - {"using":"xpath","value":"//*[@id=\"__item143\"]"}
RESULT: {}
RESULT: {"using":"xpath","value":"//*[@id=\"__item143\"]"}
COMMAND: POST /session/9eb332d92fee3afc542bcceca92e7691/element/f.FB94101F77D2F5C7286D81464D13618E.d.67078503F7869D52567F80AF05BA5DDB.e.7461/click - {}
RESULT: {}
COMMAND: POST /session/9eb332d92fee3afc542bcceca92e7691/execute/async - {"script":"<script> [1562 bytes]","args":[{"selector":{"id":"application-manageresources-display-component---newResourceUnit--SHORT_TEXT","interaction":{"idSuffix":"inner"}},"wdio_ui5_key":"applicationmanageresources-display-component---newResourceUnit--SHORT_TEXT"}]}
COMMAND: GET /session/9eb332d92fee3afc542bcceca92e7691/screenshot - {}
RESULT: {"script":"<script> [1562 bytes]","args":[{"selector":{"id":"application-manageresources-display-component---newResourceUnit--SHORT_TEXT","interaction":{"idSuffix":"inner"}},"wdio_ui5_key":"applicationmanageresources-display-component---newResourceUnit--SHORT_TEXT"}]}
RESULT: undefined
COMMAND: POST /session/9eb332d92fee3afc542bcceca92e7691/execute/async - {"script":"<script> [776 bytes]","args":[{"enterText":"WebdriverWHM_RU R2Ckz1zbh","selector":{"id":"application-manageresources-display-component---newResourceUnit--SHORT_TEXT","interaction":{"idSuffix":"inner"}},"clearTextFirst":true,"interactionType":"ENTER_TEXT"}]}
RESULT: {}
RESULT: {"script":"<script> [776 bytes]","args":[{"enterText":"WebdriverWHM_RU R2Ckz1zbh","selector":{"id":"application-manageresources-display-component---newResourceUnit--SHORT_TEXT","interaction":{"idSuffix":"inner"}},"clearTextFirst":true,"interactionType":"ENTER_TEXT"}]}
COMMAND: POST /session/9eb332d92fee3afc542bcceca92e7691/execute/async - {"script":"<script> [1562 bytes]","args":[{"selector":{"id":"application-manageresources-display-component---newResourceUnit--BASE_UNIT_OF_MEASURE-arrow"},"wdio_ui5_key":"applicationmanageresources-display-component---newResourceUnit--BASE_UNIT_OF_MEASURE-arrow"}]}
RESULT: {"script":"<script> [1562 bytes]","args":[{"selector":{"id":"application-manageresources-display-component---newResourceUnit--BASE_UNIT_OF_MEASURE-arrow"},"wdio_ui5_key":"applicationmanageresources-display-component---newResourceUnit--BASE_UNIT_OF_MEASURE-arrow"}]}
RESULT: undefined
COMMAND: POST /session/9eb332d92fee3afc542bcceca92e7691/element - {"using":"xpath","value":"//*[@id=\"application-manageresources-display-component---newResourceUnit--BASE_UNIT_OF_MEASURE-arrow\"]"}
RESULT: {"using":"xpath","value":"//*[@id=\"application-manageresources-display-component---newResourceUnit--BASE_UNIT_OF_MEASURE-arrow\"]"}
COMMAND: POST /session/9eb332d92fee3afc542bcceca92e7691/element/f.FB94101F77D2F5C7286D81464D13618E.d.67078503F7869D52567F80AF05BA5DDB.e.7519/click - {}
RESULT: {}
COMMAND: POST /session/9eb332d92fee3afc542bcceca92e7691/execute/async - {"script":"<script> [1562 bytes]","args":[{"selector":{"controlType":"sap.m.StandardListItem","viewName":"reusables.view.manageresources.NewResourceUnit","viewId":"application-manageresources-display-component---newResourceUnit","properties":{"title":"Piece"},"searchOpenDialogs":true,"interaction":{"idSuffix":"content"}},"wdio_ui5_key":"reusablesview.manageresources.NewResourceUnitsap.m.StandardListItem{\"title\":\"Piece\"}"}]}
COMMAND: GET /session/9eb332d92fee3afc542bcceca92e7691/screenshot - {}
RESULT: {"script":"<script> [1562 bytes]","args":[{"selector":{"controlType":"sap.m.StandardListItem","viewName":"reusables.view.manageresources.NewResourceUnit","viewId":"application-manageresources-display-component---newResourceUnit","properties":{"title":"Piece"},"searchOpenDialogs":true,"interaction":{"idSuffix":"content"}},"wdio_ui5_key":"reusablesview.manageresources.NewResourceUnitsap.m.StandardListItem{\"title\":\"Piece\"}"}]}
RESULT: undefined
COMMAND: POST /session/9eb332d92fee3afc542bcceca92e7691/element - {"using":"xpath","value":"//*[@id=\"__item187\"]"}
RESULT: {}
RESULT: {"using":"xpath","value":"//*[@id=\"__item187\"]"}
COMMAND: POST /session/9eb332d92fee3afc542bcceca92e7691/element/f.FB94101F77D2F5C7286D81464D13618E.d.67078503F7869D52567F80AF05BA5DDB.e.7521/click - {}
RESULT: {}
COMMAND: POST /session/9eb332d92fee3afc542bcceca92e7691/execute/async - {"script":"<script> [1562 bytes]","args":[{"selector":{"id":"application-manageresources-display-component---newResourceUnit--WEIGHT_UNIT-arrow"},"wdio_ui5_key":"applicationmanageresources-display-component---newResourceUnit--WEIGHT_UNIT-arrow"}]}
COMMAND: GET /session/9eb332d92fee3afc542bcceca92e7691/screenshot - {}
RESULT: {"script":"<script> [1562 bytes]","args":[{"selector":{"id":"application-manageresources-display-component---newResourceUnit--WEIGHT_UNIT-arrow"},"wdio_ui5_key":"applicationmanageresources-display-component---newResourceUnit--WEIGHT_UNIT-arrow"}]}
RESULT: undefined
COMMAND: POST /session/9eb332d92fee3afc542bcceca92e7691/element - {"using":"xpath","value":"//*[@id=\"application-manageresources-display-component---newResourceUnit--WEIGHT_UNIT-arrow\"]"}
RESULT: {}
RESULT: {"using":"xpath","value":"//*[@id=\"application-manageresources-display-component---newResourceUnit--WEIGHT_UNIT-arrow\"]"}
COMMAND: POST /session/9eb332d92fee3afc542bcceca92e7691/element/f.FB94101F77D2F5C7286D81464D13618E.d.67078503F7869D52567F80AF05BA5DDB.e.7522/click - {}
RESULT: {}
COMMAND: POST /session/9eb332d92fee3afc542bcceca92e7691/execute/async - {"script":"<script> [1562 bytes]","args":[{"selector":{"controlType":"sap.m.StandardListItem","viewName":"reusables.view.manageresources.NewResourceUnit","viewId":"application-manageresources-display-component---newResourceUnit","properties":{"title":"Gram"},"searchOpenDialogs":true,"interaction":{"idSuffix":"content"}},"wdio_ui5_key":"reusablesview.manageresources.NewResourceUnitsap.m.StandardListItem{\"title\":\"Gram\"}"}]}
COMMAND: GET /session/9eb332d92fee3afc542bcceca92e7691/screenshot - {}
RESULT: {"script":"<script> [1562 bytes]","args":[{"selector":{"controlType":"sap.m.StandardListItem","viewName":"reusables.view.manageresources.NewResourceUnit","viewId":"application-manageresources-display-component---newResourceUnit","properties":{"title":"Gram"},"searchOpenDialogs":true,"interaction":{"idSuffix":"content"}},"wdio_ui5_key":"reusablesview.manageresources.NewResourceUnitsap.m.StandardListItem{\"title\":\"Gram\"}"}]}
RESULT: undefined
COMMAND: POST /session/9eb332d92fee3afc542bcceca92e7691/element - {"using":"xpath","value":"//*[@id=\"__item252\"]"}
RESULT: {}
RESULT: {"using":"xpath","value":"//*[@id=\"__item252\"]"}
COMMAND: POST /session/9eb332d92fee3afc542bcceca92e7691/element/f.FB94101F77D2F5C7286D81464D13618E.d.67078503F7869D52567F80AF05BA5DDB.e.7524/click - {}
RESULT: {}
COMMAND: GET /session/9eb332d92fee3afc542bcceca92e7691/screenshot - {}
RESULT: {}
COMMAND: POST /session/9eb332d92fee3afc542bcceca92e7691/execute/async - {"script":"<script> [1562 bytes]","args":[{"selector":{"id":"application-manageresources-display-component---newResourceUnit--newRRUPage-OPHeaderContent-collapseBtn-img"},"wdio_ui5_key":"applicationmanageresources-display-component---newResourceUnit--newRRUPage-OPHeaderContent-collapseBtn-img"}]}
RESULT: {"script":"<script> [1562 bytes]","args":[{"selector":{"id":"application-manageresources-display-component---newResourceUnit--newRRUPage-OPHeaderContent-collapseBtn-img"},"wdio_ui5_key":"applicationmanageresources-display-component---newResourceUnit--newRRUPage-OPHeaderContent-collapseBtn-img"}]}
RESULT: undefined
COMMAND: POST /session/9eb332d92fee3afc542bcceca92e7691/element - {"using":"xpath","value":"//*[@id=\"application-manageresources-display-component---newResourceUnit--newRRUPage-OPHeaderContent-collapseBtn-img\"]"}
RESULT: {"using":"xpath","value":"//*[@id=\"application-manageresources-display-component---newResourceUnit--newRRUPage-OPHeaderContent-collapseBtn-img\"]"}
COMMAND: POST /session/9eb332d92fee3afc542bcceca92e7691/element/f.FB94101F77D2F5C7286D81464D13618E.d.67078503F7869D52567F80AF05BA5DDB.e.7469/click - {}
RESULT: {}
COMMAND: GET /session/9eb332d92fee3afc542bcceca92e7691/screenshot - {}
RESULT: {}
COMMAND: POST /session/9eb332d92fee3afc542bcceca92e7691/element - {"using":"xpath","value":"(//span[contains(@id ,\"application-manageresources-display-component---newResourceUnit--DIMENSION_UNIT-arrow\")])[1]"}
RESULT: {"using":"xpath","value":"(//span[contains(@id ,\"application-manageresources-display-component---newResourceUnit--DIMENSION_UNIT-arrow\")])[1]"}
COMMAND: POST /session/9eb332d92fee3afc542bcceca92e7691/element/f.FB94101F77D2F5C7286D81464D13618E.d.67078503F7869D52567F80AF05BA5DDB.e.7530/click - {}
RESULT: {}
COMMAND: GET /session/9eb332d92fee3afc542bcceca92e7691/screenshot - {}
RESULT: {}
COMMAND: POST /session/9eb332d92fee3afc542bcceca92e7691/execute/async - {"script":"<script> [1562 bytes]","args":[{"selector":{"controlType":"sap.m.StandardListItem","viewName":"reusables.view.manageresources.NewResourceUnit","viewId":"application-manageresources-display-component---newResourceUnit","properties":{"title":"Centimeter"},"searchOpenDialogs":true,"interaction":{"idSuffix":"titleText"}},"wdio_ui5_key":"reusablesview.manageresources.NewResourceUnitsap.m.StandardListItem{\"title\":\"Centimeter\"}"}]}
RESULT: {"script":"<script> [1562 bytes]","args":[{"selector":{"controlType":"sap.m.StandardListItem","viewName":"reusables.view.manageresources.NewResourceUnit","viewId":"application-manageresources-display-component---newResourceUnit","properties":{"title":"Centimeter"},"searchOpenDialogs":true,"interaction":{"idSuffix":"titleText"}},"wdio_ui5_key":"reusablesview.manageresources.NewResourceUnitsap.m.StandardListItem{\"title\":\"Centimeter\"}"}]}
RESULT: undefined
COMMAND: POST /session/9eb332d92fee3afc542bcceca92e7691/element - {"using":"xpath","value":"//*[@id=\"__item255\"]"}
RESULT: {"using":"xpath","value":"//*[@id=\"__item255\"]"}
COMMAND: POST /session/9eb332d92fee3afc542bcceca92e7691/element/f.FB94101F77D2F5C7286D81464D13618E.d.67078503F7869D52567F80AF05BA5DDB.e.7532/click - {}
RESULT: {}
COMMAND: GET /session/9eb332d92fee3afc542bcceca92e7691/screenshot - {}
RESULT: {}
COMMAND: POST /session/9eb332d92fee3afc542bcceca92e7691/execute/async - {"script":"<script> [1562 bytes]","args":[{"selector":{"id":"application-manageresources-display-component---newResourceUnit--newRRUPage-anchBar-application-manageresources-display-component---newResourceUnit--reference-anchor","interaction":{"idSuffix":"BDI-content"}},"wdio_ui5_key":"applicationmanageresources-display-component---newResourceUnit--newRRUPage-anchBar-application-manageresources-display-component---newResourceUnit--reference-anchor"}]}
RESULT: {"script":"<script> [1562 bytes]","args":[{"selector":{"id":"application-manageresources-display-component---newResourceUnit--newRRUPage-anchBar-application-manageresources-display-component---newResourceUnit--reference-anchor","interaction":{"idSuffix":"BDI-content"}},"wdio_ui5_key":"applicationmanageresources-display-component---newResourceUnit--newRRUPage-anchBar-application-manageresources-display-component---newResourceUnit--reference-anchor"}]}
RESULT: undefined
COMMAND: POST /session/9eb332d92fee3afc542bcceca92e7691/element - {"using":"xpath","value":"//*[@id=\"application-manageresources-display-component---newResourceUnit--newRRUPage-anchBar-application-manageresources-display-component---newResourceUnit--reference-anchor\"]"}
RESULT: {"using":"xpath","value":"//*[@id=\"application-manageresources-display-component---newResourceUnit--newRRUPage-anchBar-application-manageresources-display-component---newResourceUnit--reference-anchor\"]"}
COMMAND: POST /session/9eb332d92fee3afc542bcceca92e7691/element/f.FB94101F77D2F5C7286D81464D13618E.d.67078503F7869D52567F80AF05BA5DDB.e.7534/click - {}
RESULT: {}
COMMAND: POST /session/9eb332d92fee3afc542bcceca92e7691/execute/async - {"script":"<script> [1562 bytes]","args":[{"selector":{"id":"application-manageresources-display-component---newResourceUnit--PLANNING_GROUP-arrow"},"wdio_ui5_key":"applicationmanageresources-display-component---newResourceUnit--PLANNING_GROUP-arrow"}]}
COMMAND: GET /session/9eb332d92fee3afc542bcceca92e7691/screenshot - {}
RESULT: {"script":"<script> [1562 bytes]","args":[{"selector":{"id":"application-manageresources-display-component---newResourceUnit--PLANNING_GROUP-arrow"},"wdio_ui5_key":"applicationmanageresources-display-component---newResourceUnit--PLANNING_GROUP-arrow"}]}
RESULT: undefined
COMMAND: POST /session/9eb332d92fee3afc542bcceca92e7691/element - {"using":"xpath","value":"//*[@id=\"application-manageresources-display-component---newResourceUnit--PLANNING_GROUP-arrow\"]"}
RESULT: {}
RESULT: {"using":"xpath","value":"//*[@id=\"application-manageresources-display-component---newResourceUnit--PLANNING_GROUP-arrow\"]"}
COMMAND: POST /session/9eb332d92fee3afc542bcceca92e7691/element/f.FB94101F77D2F5C7286D81464D13618E.d.67078503F7869D52567F80AF05BA5DDB.e.7538/click - {}
RESULT: {}
COMMAND: POST /session/9eb332d92fee3afc542bcceca92e7691/execute/async - {"script":"<script> [1562 bytes]","args":[{"selector":{"controlType":"sap.m.StandardListItem","viewName":"reusables.view.manageresources.NewResourceUnit","viewId":"application-manageresources-display-component---newResourceUnit","properties":{"title":"Heavy Equi"},"searchOpenDialogs":true,"interaction":{"idSuffix":"content"}},"wdio_ui5_key":"reusablesview.manageresources.NewResourceUnitsap.m.StandardListItem{\"title\":\"Heavy Equi\"}"}]}
COMMAND: GET /session/9eb332d92fee3afc542bcceca92e7691/screenshot - {}
RESULT: {"script":"<script> [1562 bytes]","args":[{"selector":{"controlType":"sap.m.StandardListItem","viewName":"reusables.view.manageresources.NewResourceUnit","viewId":"application-manageresources-display-component---newResourceUnit","properties":{"title":"Heavy Equi"},"searchOpenDialogs":true,"interaction":{"idSuffix":"content"}},"wdio_ui5_key":"reusablesview.manageresources.NewResourceUnitsap.m.StandardListItem{\"title\":\"Heavy Equi\"}"}]}
RESULT: undefined
COMMAND: POST /session/9eb332d92fee3afc542bcceca92e7691/element - {"using":"xpath","value":"//*[@id=\"__item263\"]"}
RESULT: {}
RESULT: {"using":"xpath","value":"//*[@id=\"__item263\"]"}
COMMAND: POST /session/9eb332d92fee3afc542bcceca92e7691/element/f.FB94101F77D2F5C7286D81464D13618E.d.67078503F7869D52567F80AF05BA5DDB.e.7540/click - {}
RESULT: {}
COMMAND: GET /session/9eb332d92fee3afc542bcceca92e7691/screenshot - {}
RESULT: {}
COMMAND: POST /session/9eb332d92fee3afc542bcceca92e7691/execute/async - {"script":"<script> [1562 bytes]","args":[{"selector":{"id":"application-manageresources-display-component---newResourceUnit--PLANNING_INDICATOR-arrow"},"wdio_ui5_key":"applicationmanageresources-display-component---newResourceUnit--PLANNING_INDICATOR-arrow"}]}
RESULT: {"script":"<script> [1562 bytes]","args":[{"selector":{"id":"application-manageresources-display-component---newResourceUnit--PLANNING_INDICATOR-arrow"},"wdio_ui5_key":"applicationmanageresources-display-component---newResourceUnit--PLANNING_INDICATOR-arrow"}]}
RESULT: undefined
COMMAND: POST /session/9eb332d92fee3afc542bcceca92e7691/element - {"using":"xpath","value":"//*[@id=\"application-manageresources-display-component---newResourceUnit--PLANNING_INDICATOR-arrow\"]"}
RESULT: {"using":"xpath","value":"//*[@id=\"application-manageresources-display-component---newResourceUnit--PLANNING_INDICATOR-arrow\"]"}
COMMAND: POST /session/9eb332d92fee3afc542bcceca92e7691/element/f.FB94101F77D2F5C7286D81464D13618E.d.67078503F7869D52567F80AF05BA5DDB.e.7541/click - {}
RESULT: {}
COMMAND: POST /session/9eb332d92fee3afc542bcceca92e7691/execute/async - {"script":"<script> [1562 bytes]","args":[{"selector":{"controlType":"sap.m.StandardListItem","viewName":"reusables.view.manageresources.NewResourceUnit","viewId":"application-manageresources-display-component---newResourceUnit","properties":{"title":"10 - infinite"},"searchOpenDialogs":true,"interaction":{"idSuffix":"content"}},"wdio_ui5_key":"reusablesview.manageresources.NewResourceUnitsap.m.StandardListItem{\"title\":\"10 - infinite\"}"}]}
COMMAND: GET /session/9eb332d92fee3afc542bcceca92e7691/screenshot - {}
RESULT: {"script":"<script> [1562 bytes]","args":[{"selector":{"controlType":"sap.m.StandardListItem","viewName":"reusables.view.manageresources.NewResourceUnit","viewId":"application-manageresources-display-component---newResourceUnit","properties":{"title":"10 - infinite"},"searchOpenDialogs":true,"interaction":{"idSuffix":"content"}},"wdio_ui5_key":"reusablesview.manageresources.NewResourceUnitsap.m.StandardListItem{\"title\":\"10 - infinite\"}"}]}
RESULT: undefined
COMMAND: POST /session/9eb332d92fee3afc542bcceca92e7691/element - {"using":"xpath","value":"//*[@id=\"__item273\"]"}
RESULT: {}
RESULT: {"using":"xpath","value":"//*[@id=\"__item273\"]"}
COMMAND: POST /session/9eb332d92fee3afc542bcceca92e7691/element/f.FB94101F77D2F5C7286D81464D13618E.d.67078503F7869D52567F80AF05BA5DDB.e.7543/click - {}
RESULT: {}
COMMAND: GET /session/9eb332d92fee3afc542bcceca92e7691/screenshot - {}
RESULT: {}
COMMAND: POST /session/9eb332d92fee3afc542bcceca92e7691/element - {"using":"xpath","value":"//bdi[contains(text(), \"Time Segment\")]"}
RESULT: {"using":"xpath","value":"//bdi[contains(text(), \"Time Segment\")]"}
COMMAND: GET /session/9eb332d92fee3afc542bcceca92e7691/element/f.FB94101F77D2F5C7286D81464D13618E.d.67078503F7869D52567F80AF05BA5DDB.e.7544/rect - {}
RESULT: {}
COMMAND: GET /session/9eb332d92fee3afc542bcceca92e7691/window/rect - {}
RESULT: {}
COMMAND: POST /session/9eb332d92fee3afc542bcceca92e7691/execute/sync - {"script":"<script> [92 bytes]","args":[]}
RESULT: {"script":"<script> [92 bytes]","args":[]}
COMMAND: POST /session/9eb332d92fee3afc542bcceca92e7691/actions - {"actions":[{"id":"action19","type":"wheel","parameters":{},"actions":[{"type":"scroll","x":-1804,"y":-21,"deltaX":0,"deltaY":0,"duration":0,"origin":{"element-6066-11e4-a52e-4f735466cecf":"f.FB94101F77D2F5C7286D81464D13618E.d.67078503F7869D52567F80AF05BA5DDB.e.7544"}}]}]}
COMMAND: GET /session/9eb332d92fee3afc542bcceca92e7691/screenshot - {}
RESULT: {}
COMMAND: POST /session/9eb332d92fee3afc542bcceca92e7691/execute/sync - {"script":"<script> [79 bytes]","args":[{"element-6066-11e4-a52e-4f735466cecf":"f.FB94101F77D2F5C7286D81464D13618E.d.67078503F7869D52567F80AF05BA5DDB.e.7544","ELEMENT":"f.FB94101F77D2F5C7286D81464D13618E.d.67078503F7869D52567F80AF05BA5DDB.e.7544"},{"block":"start","inline":"nearest"}]}
RESULT: {"script":"<script> [79 bytes]","args":[{"element-6066-11e4-a52e-4f735466cecf":"f.FB94101F77D2F5C7286D81464D13618E.d.67078503F7869D52567F80AF05BA5DDB.e.7544","ELEMENT":"f.FB94101F77D2F5C7286D81464D13618E.d.67078503F7869D52567F80AF05BA5DDB.e.7544"},{"block":"start","inline":"nearest"}]}
COMMAND: GET /session/9eb332d92fee3afc542bcceca92e7691/screenshot - {}
RESULT: {}
COMMAND: POST /session/9eb332d92fee3afc542bcceca92e7691/element - {"using":"xpath","value":"//span[@id=\"application-manageresources-display-component---newResourceUnit--btnAddTimeSegment-img\"]"}
RESULT: {"using":"xpath","value":"//span[@id=\"application-manageresources-display-component---newResourceUnit--btnAddTimeSegment-img\"]"}
COMMAND: POST /session/9eb332d92fee3afc542bcceca92e7691/execute/sync - {"script":"<script> [8489 bytes]","args":[{"element-6066-11e4-a52e-4f735466cecf":"f.FB94101F77D2F5C7286D81464D13618E.d.67078503F7869D52567F80AF05BA5DDB.e.7547","ELEMENT":"f.FB94101F77D2F5C7286D81464D13618E.d.67078503F7869D52567F80AF05BA5DDB.e.7547"}]}
RESULT: {"script":"<script> [8489 bytes]","args":[{"element-6066-11e4-a52e-4f735466cecf":"f.FB94101F77D2F5C7286D81464D13618E.d.67078503F7869D52567F80AF05BA5DDB.e.7547","ELEMENT":"f.FB94101F77D2F5C7286D81464D13618E.d.67078503F7869D52567F80AF05BA5DDB.e.7547"}]}
COMMAND: POST /session/9eb332d92fee3afc542bcceca92e7691/element/f.FB94101F77D2F5C7286D81464D13618E.d.67078503F7869D52567F80AF05BA5DDB.e.7547/click - {}
COMMAND: GET /session/9eb332d92fee3afc542bcceca92e7691/screenshot - {}
RESULT: {}
COMMAND: GET /session/9eb332d92fee3afc542bcceca92e7691/screenshot - {}
COMMAND: POST /session/9eb332d92fee3afc542bcceca92e7691/element - {"using":"xpath","value":"//input[@id=\"application-manageresources-display-component---newResourceUnit--idRuTSAdmin-application-manageresources-display-component---newResourceUnit--RUTimeSegment-0-inner\"]"}
RESULT: {}
RESULT: {}
RESULT: {"using":"xpath","value":"//input[@id=\"application-manageresources-display-component---newResourceUnit--idRuTSAdmin-application-manageresources-display-component---newResourceUnit--RUTimeSegment-0-inner\"]"}
COMMAND: POST /session/9eb332d92fee3afc542bcceca92e7691/element/f.FB94101F77D2F5C7286D81464D13618E.d.67078503F7869D52567F80AF05BA5DDB.e.7550/clear - {}
RESULT: {}
COMMAND: POST /session/9eb332d92fee3afc542bcceca92e7691/element/f.FB94101F77D2F5C7286D81464D13618E.d.67078503F7869D52567F80AF05BA5DDB.e.7550/value - {"text":"692"}
COMMAND: GET /session/9eb332d92fee3afc542bcceca92e7691/screenshot - {}
RESULT: {"text":"692"}
COMMAND: GET /session/9eb332d92fee3afc542bcceca92e7691/screenshot - {}
RESULT: {}
RESULT: {}
COMMAND: POST /session/9eb332d92fee3afc542bcceca92e7691/actions - {"actions":[{"id":"action20","type":"key","parameters":{},"actions":[{"type":"keyDown","value":"î€‡"},{"type":"pause","duration":10},{"type":"keyUp","value":"î€‡"}]}]}
RESULT: {"actions":[{"id":"action20","type":"key","parameters":{},"actions":[{"type":"keyDown","value":"î€‡"},{"type":"pause","duration":10},{"type":"keyUp","value":"î€‡"}]}]}
COMMAND: POST /session/9eb332d92fee3afc542bcceca92e7691/execute/async - {"script":"<script> [1562 bytes]","args":[{"selector":{"controlType":"sap.m.Button","viewName":"reusables.view.manageresources.NewResourceUnit","viewId":"application-manageresources-display-component---newResourceUnit","i18NText":{"propertyName":"tooltip","key":"save"},"interaction":{"idSuffix":"BDI-content"}},"wdio_ui5_key":"reusablesview.manageresources.NewResourceUnitsap.m.Button{\"propertyName\":\"tooltip\",\"key\":\"save\"}"}]}
COMMAND: GET /session/9eb332d92fee3afc542bcceca92e7691/screenshot - {}
RESULT: {"script":"<script> [1562 bytes]","args":[{"selector":{"controlType":"sap.m.Button","viewName":"reusables.view.manageresources.NewResourceUnit","viewId":"application-manageresources-display-component---newResourceUnit","i18NText":{"propertyName":"tooltip","key":"save"},"interaction":{"idSuffix":"BDI-content"}},"wdio_ui5_key":"reusablesview.manageresources.NewResourceUnitsap.m.Button{\"propertyName\":\"tooltip\",\"key\":\"save\"}"}]}
RESULT: undefined
COMMAND: POST /session/9eb332d92fee3afc542bcceca92e7691/element - {"using":"xpath","value":"//*[@id=\"application-manageresources-display-component---newResourceUnit--createRuButton\"]"}
RESULT: {}
RESULT: {"using":"xpath","value":"//*[@id=\"application-manageresources-display-component---newResourceUnit--createRuButton\"]"}
COMMAND: POST /session/9eb332d92fee3afc542bcceca92e7691/element/f.FB94101F77D2F5C7286D81464D13618E.d.67078503F7869D52567F80AF05BA5DDB.e.7475/click - {}
RESULT: {}
COMMAND: GET /session/9eb332d92fee3afc542bcceca92e7691/screenshot - {}
COMMAND: POST /session/9eb332d92fee3afc542bcceca92e7691/execute/async - {"script":"<script> [1562 bytes]","args":[{"selector":{"controlType":"sap.m.Title","properties":{"text":"Success"},"searchOpenDialogs":true},"wdio_ui5_key":"sapm.Title{\"text\":\"Success\"}"}]}
RESULT: {}
RESULT: {"script":"<script> [1562 bytes]","args":[{"selector":{"controlType":"sap.m.Title","properties":{"text":"Success"},"searchOpenDialogs":true},"wdio_ui5_key":"sapm.Title{\"text\":\"Success\"}"}]}
RESULT: undefined
COMMAND: POST /session/9eb332d92fee3afc542bcceca92e7691/execute/async - {"script":"<script> [6424 bytes]","args":[{"element-6066-11e4-a52e-4f735466cecf":"f.FB94101F77D2F5C7286D81464D13618E.d.67078503F7869D52567F80AF05BA5DDB.e.7566"},"getText",[]]}
RESULT: {"script":"<script> [6424 bytes]","args":[{"element-6066-11e4-a52e-4f735466cecf":"f.FB94101F77D2F5C7286D81464D13618E.d.67078503F7869D52567F80AF05BA5DDB.e.7566"},"getText",[]]}
COMMAND: POST /session/9eb332d92fee3afc542bcceca92e7691/element - {"using":"xpath","value":"//*[contains(@id, '__text') and (contains(text(), 'successfully created') or contains(., 'successfully created'))]"}
RESULT: {"using":"xpath","value":"//*[contains(@id, '__text') and (contains(text(), 'successfully created') or contains(., 'successfully created'))]"}
COMMAND: GET /session/9eb332d92fee3afc542bcceca92e7691/element/f.FB94101F77D2F5C7286D81464D13618E.d.67078503F7869D52567F80AF05BA5DDB.e.7567/text - {}
RESULT: {}
COMMAND: POST /session/9eb332d92fee3afc542bcceca92e7691/execute/async - {"script":"<script> [1562 bytes]","args":[{"selector":{"controlType":"sap.m.Button","properties":{"text":"Close"},"searchOpenDialogs":true,"interaction":{"idSuffix":"BDI-content"}},"wdio_ui5_key":"sapm.Button{\"text\":\"Close\"}"}]}
RESULT: {"script":"<script> [1562 bytes]","args":[{"selector":{"controlType":"sap.m.Button","properties":{"text":"Close"},"searchOpenDialogs":true,"interaction":{"idSuffix":"BDI-content"}},"wdio_ui5_key":"sapm.Button{\"text\":\"Close\"}"}]}
RESULT: undefined
COMMAND: POST /session/9eb332d92fee3afc542bcceca92e7691/element - {"using":"xpath","value":"//*[@id=\"__mbox-btn-0\"]"}
RESULT: {"using":"xpath","value":"//*[@id=\"__mbox-btn-0\"]"}
COMMAND: POST /session/9eb332d92fee3afc542bcceca92e7691/element/f.FB94101F77D2F5C7286D81464D13618E.d.67078503F7869D52567F80AF05BA5DDB.e.7563/click - {}
RESULT: {}
COMMAND: GET /session/9eb332d92fee3afc542bcceca92e7691/screenshot - {}
RESULT: {}
COMMAND: POST /session/9eb332d92fee3afc542bcceca92e7691/execute/async - {"script":"<script> [1562 bytes]","args":[{"selector":{"controlType":"sap.ui.core.Icon","viewName":"etm.portal.ui.manageresources.view.Detail","viewId":"application-manageresources-display-component---detailRU","properties":{"src":{"regex":{"source":"overflow"}}}},"wdio_ui5_key":"etmportal.ui.manageresources.view.Detailsap.ui.core.Icon{\"src\":{\"regex\":{\"source\":\"overflow\"}}}"}]}
RESULT: {"script":"<script> [1562 bytes]","args":[{"selector":{"controlType":"sap.ui.core.Icon","viewName":"etm.portal.ui.manageresources.view.Detail","viewId":"application-manageresources-display-component---detailRU","properties":{"src":{"regex":{"source":"overflow"}}}},"wdio_ui5_key":"etmportal.ui.manageresources.view.Detailsap.ui.core.Icon{\"src\":{\"regex\":{\"source\":\"overflow\"}}}"}]}
RESULT: undefined
COMMAND: POST /session/9eb332d92fee3afc542bcceca92e7691/element - {"using":"xpath","value":"//*[@id=\"__title15-_actionsToolbar-overflowButton-img\"]"}
RESULT: {"using":"xpath","value":"//*[@id=\"__title15-_actionsToolbar-overflowButton-img\"]"}
COMMAND: POST /session/9eb332d92fee3afc542bcceca92e7691/element/f.FB94101F77D2F5C7286D81464D13618E.d.67078503F7869D52567F80AF05BA5DDB.e.7596/click - {}
RESULT: {}
COMMAND: POST /session/9eb332d92fee3afc542bcceca92e7691/execute/async - {"script":"<script> [1562 bytes]","args":[{"selector":{"controlType":"sap.m.Button","viewName":"etm.portal.ui.manageresources.view.Detail","viewId":"application-manageresources-display-component---detailRU","i18NText":{"propertyName":"tooltip","key":"closeColumn"},"searchOpenDialogs":true,"interaction":{"idSuffix":"inner"}},"wdio_ui5_key":"etmportal.ui.manageresources.view.Detailsap.m.Button{\"propertyName\":\"tooltip\",\"key\":\"closeColumn\"}"}]}
COMMAND: GET /session/9eb332d92fee3afc542bcceca92e7691/screenshot - {}
RESULT: {"script":"<script> [1562 bytes]","args":[{"selector":{"controlType":"sap.m.Button","viewName":"etm.portal.ui.manageresources.view.Detail","viewId":"application-manageresources-display-component---detailRU","i18NText":{"propertyName":"tooltip","key":"closeColumn"},"searchOpenDialogs":true,"interaction":{"idSuffix":"inner"}},"wdio_ui5_key":"etmportal.ui.manageresources.view.Detailsap.m.Button{\"propertyName\":\"tooltip\",\"key\":\"closeColumn\"}"}]}
RESULT: undefined
COMMAND: POST /session/9eb332d92fee3afc542bcceca92e7691/element - {"using":"xpath","value":"//*[@id=\"__button41\"]"}
RESULT: {}
RESULT: {"using":"xpath","value":"//*[@id=\"__button41\"]"}
COMMAND: POST /session/9eb332d92fee3afc542bcceca92e7691/element/f.FB94101F77D2F5C7286D81464D13618E.d.67078503F7869D52567F80AF05BA5DDB.e.7600/click - {}
RESULT: {}
COMMAND: GET /session/9eb332d92fee3afc542bcceca92e7691/screenshot - {}
COMMAND: POST /session/9eb332d92fee3afc542bcceca92e7691/element - {"using":"css selector","value":"#j_username"}
COMMAND: POST /session/9eb332d92fee3afc542bcceca92e7691/url - {"url":"https://qa-testing-00-live-etm-ui.cfapps.eu10-004.hana.ondemand.com/"}
RESULT: {}
RESULT: {"url":"https://qa-testing-00-live-etm-ui.cfapps.eu10-004.hana.ondemand.com/"}
RESULT: undefined
COMMAND: GET /session/9eb332d92fee3afc542bcceca92e7691/screenshot - {}
RESULT: {"using":"css selector","value":"#j_username"}
COMMAND: POST /session/9eb332d92fee3afc542bcceca92e7691/element - {"using":"css selector","value":"#j_username"}
RESULT: {}
RESULT: {"using":"css selector","value":"#j_username"}
COMMAND: POST /session/9eb332d92fee3afc542bcceca92e7691/element - {"using":"css selector","value":"#shell-header-logo"}
RESULT: {"using":"css selector","value":"#shell-header-logo"}
COMMAND: POST /session/9eb332d92fee3afc542bcceca92e7691/execute/sync - {"script":"<script> [8489 bytes]","args":[{"element-6066-11e4-a52e-4f735466cecf":"f.FB94101F77D2F5C7286D81464D13618E.d.A4C652C2968371A1C56B4612BAAADAB5.e.7721","ELEMENT":"f.FB94101F77D2F5C7286D81464D13618E.d.A4C652C2968371A1C56B4612BAAADAB5.e.7721"}]}
RESULT: {"script":"<script> [8489 bytes]","args":[{"element-6066-11e4-a52e-4f735466cecf":"f.FB94101F77D2F5C7286D81464D13618E.d.A4C652C2968371A1C56B4612BAAADAB5.e.7721","ELEMENT":"f.FB94101F77D2F5C7286D81464D13618E.d.A4C652C2968371A1C56B4612BAAADAB5.e.7721"}]}
COMMAND: POST /session/9eb332d92fee3afc542bcceca92e7691/element - {"using":"css selector","value":"#shell-header-logo"}
COMMAND: GET /session/9eb332d92fee3afc542bcceca92e7691/screenshot - {}
RESULT: {"using":"css selector","value":"#shell-header-logo"}
COMMAND: POST /session/9eb332d92fee3afc542bcceca92e7691/execute/sync - {"script":"<script> [8489 bytes]","args":[{"element-6066-11e4-a52e-4f735466cecf":"f.FB94101F77D2F5C7286D81464D13618E.d.A4C652C2968371A1C56B4612BAAADAB5.e.7721","ELEMENT":"f.FB94101F77D2F5C7286D81464D13618E.d.A4C652C2968371A1C56B4612BAAADAB5.e.7721"}]}
RESULT: {}
RESULT: {"script":"<script> [8489 bytes]","args":[{"element-6066-11e4-a52e-4f735466cecf":"f.FB94101F77D2F5C7286D81464D13618E.d.A4C652C2968371A1C56B4612BAAADAB5.e.7721","ELEMENT":"f.FB94101F77D2F5C7286D81464D13618E.d.A4C652C2968371A1C56B4612BAAADAB5.e.7721"}]}
COMMAND: POST /session/9eb332d92fee3afc542bcceca92e7691/execute/sync - {"script":"<script> [5351 bytes]","args":[{"element-6066-11e4-a52e-4f735466cecf":"f.FB94101F77D2F5C7286D81464D13618E.d.A4C652C2968371A1C56B4612BAAADAB5.e.7721","ELEMENT":"f.FB94101F77D2F5C7286D81464D13618E.d.A4C652C2968371A1C56B4612BAAADAB5.e.7721"}]}
COMMAND: GET /session/9eb332d92fee3afc542bcceca92e7691/screenshot - {}
RESULT: {"script":"<script> [5351 bytes]","args":[{"element-6066-11e4-a52e-4f735466cecf":"f.FB94101F77D2F5C7286D81464D13618E.d.A4C652C2968371A1C56B4612BAAADAB5.e.7721","ELEMENT":"f.FB94101F77D2F5C7286D81464D13618E.d.A4C652C2968371A1C56B4612BAAADAB5.e.7721"}]}
COMMAND: POST /session/9eb332d92fee3afc542bcceca92e7691/element - {"using":"css selector","value":"#shell-header-logo"}
COMMAND: GET /session/9eb332d92fee3afc542bcceca92e7691/screenshot - {}
RESULT: {}
RESULT: {"using":"css selector","value":"#shell-header-logo"}
COMMAND: POST /session/9eb332d92fee3afc542bcceca92e7691/element/f.FB94101F77D2F5C7286D81464D13618E.d.A4C652C2968371A1C56B4612BAAADAB5.e.7721/click - {}
RESULT: {}
RESULT: {}
COMMAND: GET /session/9eb332d92fee3afc542bcceca92e7691/screenshot - {}
RESULT: {}
COMMAND: POST /session/9eb332d92fee3afc542bcceca92e7691/execute/async - {"script":"<script> [189 bytes]","args":[]}
RESULT: {"script":"<script> [189 bytes]","args":[]}
COMMAND: POST /session/9eb332d92fee3afc542bcceca92e7691/execute/async - {"script":"<script> [123 bytes]","args":[]}
RESULT: {"script":"<script> [123 bytes]","args":[]}
COMMAND: POST /session/9eb332d92fee3afc542bcceca92e7691/timeouts - {"script":"<number>"}
RESULT: {"script":"<number>"}
COMMAND: GET /session/9eb332d92fee3afc542bcceca92e7691/timeouts - {}
RESULT: {}
RESULT: undefined
COMMAND: POST /session/9eb332d92fee3afc542bcceca92e7691/execute/async - {"script":"<script> [2676 bytes]","args":[]}
RESULT: {"script":"<script> [2676 bytes]","args":[]}
COMMAND: POST /session/9eb332d92fee3afc542bcceca92e7691/execute/async - {"script":"<script> [2342 bytes]","args":[{"protocol":"http","hostname":"0.0.0.0","path":"/","capabilities":{"browserName":"chrome","goog:chromeOptions":{"binary":"C:\\Program Files\\Google\\Chrome\\Application\\chrome.exe","args":["--start-maximized"]}},"logLevel":"warn","connectionRetryTimeout":120000,"connectionRetryCount":3,"logLevels":{},"enableDirectConnect":true,"strictSSL":true,"_":"65 more keys: [\"cacheDir\",\"port\",\"requestedCapabilities\",\"automationProtocol\",\"baseUrl\",\"waitforInterval\",\"waitforTimeout\",\"onReload\",\"beforeCommand\",\"afterCommand\",\"rootDir\",\"specs\",\"suites\",\"exclude\",\"groupLogsByTestSpec\",\"excludeDriverLogs\",\"bail\",\"framework\",\"reporters\",\"services\",\"maxInstances\",\"maxInstancesPerCapability\",\"injectGlobals\",\"filesToWatch\",\"execArgv\",\"runnerEnv\",\"runner\",\"shard\",\"specFileRetries\",\"specFileRetriesDelay\",\"specFileRetriesDeferred\",\"reporterSyncInterval\",\"reporterSyncTimeout\",\"cucumberFeaturesWithLineNumbers\",\"autoCompileOpts\",\"mochaOpts\",\"jasmineOpts\",\"cucumberOpts\",\"onPrepare\",\"onWorkerStart\",\"onWorkerEnd\",\"before\",\"beforeSession\",\"beforeSuite\",\"beforeHook\",\"beforeTest\",\"afterTest\",\"afterHook\",\"afterSuite\",\"afterSession\",\"after\",\"onComplete\",\"beforeAssertion\",\"afterAssertion\",\"beforeFeature\",\"beforeScenario\",\"beforeStep\",\"afterStep\",\"afterScenario\",\"afterFeature\",\"_\",\"suite\",\"$0\",\"ignoredWorkerServices\",\"wdi5\"]"}]}
RESULT: {"script":"<script> [2342 bytes]","args":[{"protocol":"http","hostname":"0.0.0.0","path":"/","capabilities":{"browserName":"chrome","goog:chromeOptions":{"binary":"C:\\Program Files\\Google\\Chrome\\Application\\chrome.exe","args":["--start-maximized"]}},"logLevel":"warn","connectionRetryTimeout":120000,"connectionRetryCount":3,"logLevels":{},"enableDirectConnect":true,"strictSSL":true,"_":"65 more keys: [\"cacheDir\",\"port\",\"requestedCapabilities\",\"automationProtocol\",\"baseUrl\",\"waitforInterval\",\"waitforTimeout\",\"onReload\",\"beforeCommand\",\"afterCommand\",\"rootDir\",\"specs\",\"suites\",\"exclude\",\"groupLogsByTestSpec\",\"excludeDriverLogs\",\"bail\",\"framework\",\"reporters\",\"services\",\"maxInstances\",\"maxInstancesPerCapability\",\"injectGlobals\",\"filesToWatch\",\"execArgv\",\"runnerEnv\",\"runner\",\"shard\",\"specFileRetries\",\"specFileRetriesDelay\",\"specFileRetriesDeferred\",\"reporterSyncInterval\",\"reporterSyncTimeout\",\"cucumberFeaturesWithLineNumbers\",\"autoCompileOpts\",\"mochaOpts\",\"jasmineOpts\",\"cucumberOpts\",\"onPrepare\",\"onWorkerStart\",\"onWorkerEnd\",\"before\",\"beforeSession\",\"beforeSuite\",\"beforeHook\",\"beforeTest\",\"afterTest\",\"afterHook\",\"afterSuite\",\"afterSession\",\"after\",\"onComplete\",\"beforeAssertion\",\"afterAssertion\",\"beforeFeature\",\"beforeScenario\",\"beforeStep\",\"afterStep\",\"afterScenario\",\"afterFeature\",\"_\",\"suite\",\"$0\",\"ignoredWorkerServices\",\"wdi5\"]"}]}
COMMAND: POST /session/9eb332d92fee3afc542bcceca92e7691/execute/async - {"script":"<script> [21126 bytes]","args":[35000]}
RESULT: {"script":"<script> [21126 bytes]","args":[35000]}
COMMAND: POST /session/9eb332d92fee3afc542bcceca92e7691/window/maximize - {}
RESULT: {}
COMMAND: POST /session/9eb332d92fee3afc542bcceca92e7691/execute/async - {"script":"<script> [1562 bytes]","args":[{"selector":{"id":"shell-header","interaction":{"idSuffix":"icon"}},"wdio_ui5_key":"shellheader"}]}
COMMAND: GET /session/9eb332d92fee3afc542bcceca92e7691/screenshot - {}
RESULT: {"script":"<script> [1562 bytes]","args":[{"selector":{"id":"shell-header","interaction":{"idSuffix":"icon"}},"wdio_ui5_key":"shellheader"}]}
RESULT: undefined
]]></system-out>
    </testcase>
  </testsuite>
  <testsuite timestamp="2025-05-08T05:56:50" time="282.214" tests="1" failures="0" errors="0" skipped="0">
    <properties>
      <property name="specId" value="0" />
      <property name="suiteName" value="create-equipment" />
      <property name="capabilities" value="chrome.136_0_7103_49.windows" />
      <property name="file" value="file:///D:/a/1/s/test/specs/R2C/create-equipment.spec.js" />
    </properties>
    <testcase classname="chrome.136_0_7103_49.windows.create-equipment" name="create equipment" time="266.986">
      <system-out><![CDATA[
COMMAND: POST /session/9eb332d92fee3afc542bcceca92e7691/execute/async - {"script":"<script> [1562 bytes]","args":[{"selector":{"controlType":"sap.m.GenericTile","properties":{"header":"Manage Resources"}},"wdio_ui5_key":"sapm.GenericTile{\"header\":\"Manage Resources\"}"}]}
RESULT: {}
RESULT: {"script":"<script> [1562 bytes]","args":[{"selector":{"controlType":"sap.m.GenericTile","properties":{"header":"Manage Resources"}},"wdio_ui5_key":"sapm.GenericTile{\"header\":\"Manage Resources\"}"}]}
RESULT: undefined
COMMAND: POST /session/9eb332d92fee3afc542bcceca92e7691/element - {"using":"xpath","value":"//*[@id=\"__tile31\"]"}
RESULT: {"using":"xpath","value":"//*[@id=\"__tile31\"]"}
COMMAND: POST /session/9eb332d92fee3afc542bcceca92e7691/element/f.FB94101F77D2F5C7286D81464D13618E.d.A4C652C2968371A1C56B4612BAAADAB5.e.7743/click - {}
RESULT: {}
COMMAND: GET /session/9eb332d92fee3afc542bcceca92e7691/screenshot - {}
RESULT: {}
COMMAND: POST /session/9eb332d92fee3afc542bcceca92e7691/element - {"using":"xpath","value":"//button[@data-kt=\"addNewRUOverflowToolbarButton\"]"}
RESULT: {"using":"xpath","value":"//button[@data-kt=\"addNewRUOverflowToolbarButton\"]"}
COMMAND: POST /session/9eb332d92fee3afc542bcceca92e7691/element - {"using":"xpath","value":"//button[@data-kt=\"addNewRUOverflowToolbarButton\"]"}
RESULT: {"using":"xpath","value":"//button[@data-kt=\"addNewRUOverflowToolbarButton\"]"}
COMMAND: POST /session/9eb332d92fee3afc542bcceca92e7691/element - {"using":"xpath","value":"//button[@data-kt=\"addNewRUOverflowToolbarButton\"]"}
RESULT: {"using":"xpath","value":"//button[@data-kt=\"addNewRUOverflowToolbarButton\"]"}
COMMAND: POST /session/9eb332d92fee3afc542bcceca92e7691/element - {"using":"xpath","value":"//button[@data-kt=\"addNewRUOverflowToolbarButton\"]"}
COMMAND: POST /session/9eb332d92fee3afc542bcceca92e7691/execute/async - {"script":"<script> [1562 bytes]","args":[{"selector":{"controlType":"sap.ui.core.Icon","viewName":"etm.portal.ui.manageresources.view.Master","viewId":"application-manageresources-display-component---masterRU","properties":{"src":{"regex":{"source":"add"}}}},"wdio_ui5_key":"etmportal.ui.manageresources.view.Mastersap.ui.core.Icon{\"src\":{\"regex\":{\"source\":\"add\"}}}"}]}
RESULT: {"using":"xpath","value":"//button[@data-kt=\"addNewRUOverflowToolbarButton\"]"}
COMMAND: POST /session/9eb332d92fee3afc542bcceca92e7691/execute/sync - {"script":"<script> [8489 bytes]","args":[{"element-6066-11e4-a52e-4f735466cecf":"f.FB94101F77D2F5C7286D81464D13618E.d.A4C652C2968371A1C56B4612BAAADAB5.e.7868","ELEMENT":"f.FB94101F77D2F5C7286D81464D13618E.d.A4C652C2968371A1C56B4612BAAADAB5.e.7868"}]}
RESULT: {"script":"<script> [1562 bytes]","args":[{"selector":{"controlType":"sap.ui.core.Icon","viewName":"etm.portal.ui.manageresources.view.Master","viewId":"application-manageresources-display-component---masterRU","properties":{"src":{"regex":{"source":"add"}}}},"wdio_ui5_key":"etmportal.ui.manageresources.view.Mastersap.ui.core.Icon{\"src\":{\"regex\":{\"source\":\"add\"}}}"}]}
RESULT: undefined
COMMAND: POST /session/9eb332d92fee3afc542bcceca92e7691/element - {"using":"xpath","value":"//*[@id=\"__button5-img\"]"}
RESULT: {"script":"<script> [8489 bytes]","args":[{"element-6066-11e4-a52e-4f735466cecf":"f.FB94101F77D2F5C7286D81464D13618E.d.A4C652C2968371A1C56B4612BAAADAB5.e.7868","ELEMENT":"f.FB94101F77D2F5C7286D81464D13618E.d.A4C652C2968371A1C56B4612BAAADAB5.e.7868"}]}
COMMAND: GET /session/9eb332d92fee3afc542bcceca92e7691/screenshot - {}
RESULT: {"using":"xpath","value":"//*[@id=\"__button5-img\"]"}
COMMAND: POST /session/9eb332d92fee3afc542bcceca92e7691/element/f.FB94101F77D2F5C7286D81464D13618E.d.A4C652C2968371A1C56B4612BAAADAB5.e.7882/click - {}
RESULT: {}
RESULT: {}
COMMAND: GET /session/9eb332d92fee3afc542bcceca92e7691/screenshot - {}
RESULT: {}
COMMAND: POST /session/9eb332d92fee3afc542bcceca92e7691/execute/async - {"script":"<script> [1562 bytes]","args":[{"selector":{"controlType":"sap.m.ComboBox","viewName":"reusables.view.manageresources.NewResourceUnit","viewId":"application-manageresources-display-component---newResourceUnit","bindingPath":{"path":"","propertyPath":"/RuTypes","modelName":"catalogModel"},"searchOpenDialogs":true},"wdio_ui5_key":"reusablesview.manageresources.NewResourceUnitsap.m.ComboBox{\"path\":\"\",\"propertyPath\":\"/RuTypes\",\"modelName\":\"catalogModel\"}"}]}
RESULT: {"script":"<script> [1562 bytes]","args":[{"selector":{"controlType":"sap.m.ComboBox","viewName":"reusables.view.manageresources.NewResourceUnit","viewId":"application-manageresources-display-component---newResourceUnit","bindingPath":{"path":"","propertyPath":"/RuTypes","modelName":"catalogModel"},"searchOpenDialogs":true},"wdio_ui5_key":"reusablesview.manageresources.NewResourceUnitsap.m.ComboBox{\"path\":\"\",\"propertyPath\":\"/RuTypes\",\"modelName\":\"catalogModel\"}"}]}
RESULT: undefined
COMMAND: POST /session/9eb332d92fee3afc542bcceca92e7691/execute/async - {"script":"<script> [1562 bytes]","args":[{"selector":{"controlType":"sap.m.ComboBox","viewName":"reusables.view.manageresources.NewResourceUnit","viewId":"application-manageresources-display-component---newResourceUnit","bindingPath":{"path":"","propertyPath":"/Yards","modelName":"catalogModel"},"searchOpenDialogs":true},"wdio_ui5_key":"reusablesview.manageresources.NewResourceUnitsap.m.ComboBox{\"path\":\"\",\"propertyPath\":\"/Yards\",\"modelName\":\"catalogModel\"}"}]}
RESULT: {"script":"<script> [1562 bytes]","args":[{"selector":{"controlType":"sap.m.ComboBox","viewName":"reusables.view.manageresources.NewResourceUnit","viewId":"application-manageresources-display-component---newResourceUnit","bindingPath":{"path":"","propertyPath":"/Yards","modelName":"catalogModel"},"searchOpenDialogs":true},"wdio_ui5_key":"reusablesview.manageresources.NewResourceUnitsap.m.ComboBox{\"path\":\"\",\"propertyPath\":\"/Yards\",\"modelName\":\"catalogModel\"}"}]}
RESULT: undefined
COMMAND: POST /session/9eb332d92fee3afc542bcceca92e7691/execute/async - {"script":"<script> [1562 bytes]","args":[{"selector":{"controlType":"etm.portal.ui.reusables.customControls.LiveSearchComboBox","viewName":"reusables.view.manageresources.NewResourceUnit","viewId":"application-manageresources-display-component---newResourceUnit","bindingPath":{"path":"","propertyPath":"/CatalogItems","modelName":"catalogModel"},"searchOpenDialogs":true},"wdio_ui5_key":"reusablesview.manageresources.NewResourceUnitetm.portal.ui.reusables.customControls.LiveSearchComboBox{\"path\":\"\",\"propertyPath\":\"/CatalogItems\",\"modelName\":\"catalogModel\"}"}]}
RESULT: {"script":"<script> [1562 bytes]","args":[{"selector":{"controlType":"etm.portal.ui.reusables.customControls.LiveSearchComboBox","viewName":"reusables.view.manageresources.NewResourceUnit","viewId":"application-manageresources-display-component---newResourceUnit","bindingPath":{"path":"","propertyPath":"/CatalogItems","modelName":"catalogModel"},"searchOpenDialogs":true},"wdio_ui5_key":"reusablesview.manageresources.NewResourceUnitetm.portal.ui.reusables.customControls.LiveSearchComboBox{\"path\":\"\",\"propertyPath\":\"/CatalogItems\",\"modelName\":\"catalogModel\"}"}]}
RESULT: undefined
COMMAND: POST /session/9eb332d92fee3afc542bcceca92e7691/element - {"using":"xpath","value":"//bdi[text()=\"OK\"]"}
RESULT: {"using":"xpath","value":"//bdi[text()=\"OK\"]"}
COMMAND: POST /session/9eb332d92fee3afc542bcceca92e7691/elements - {"using":"xpath","value":"//bdi[text()=\"OK\"]"}
RESULT: {"using":"xpath","value":"//bdi[text()=\"OK\"]"}
COMMAND: POST /session/9eb332d92fee3afc542bcceca92e7691/elements - {"using":"xpath","value":"//bdi[text()=\"OK\"]"}
RESULT: {"using":"xpath","value":"//bdi[text()=\"OK\"]"}
COMMAND: POST /session/9eb332d92fee3afc542bcceca92e7691/elements - {"using":"xpath","value":"//bdi[text()=\"OK\"]"}
RESULT: {"using":"xpath","value":"//bdi[text()=\"OK\"]"}
COMMAND: POST /session/9eb332d92fee3afc542bcceca92e7691/elements - {"using":"xpath","value":"//bdi[text()=\"OK\"]"}
RESULT: {"using":"xpath","value":"//bdi[text()=\"OK\"]"}
COMMAND: POST /session/9eb332d92fee3afc542bcceca92e7691/elements - {"using":"xpath","value":"//bdi[text()=\"OK\"]"}
RESULT: {"using":"xpath","value":"//bdi[text()=\"OK\"]"}
COMMAND: POST /session/9eb332d92fee3afc542bcceca92e7691/elements - {"using":"xpath","value":"//bdi[text()=\"OK\"]"}
RESULT: {"using":"xpath","value":"//bdi[text()=\"OK\"]"}
COMMAND: POST /session/9eb332d92fee3afc542bcceca92e7691/elements - {"using":"xpath","value":"//bdi[text()=\"OK\"]"}
RESULT: {"using":"xpath","value":"//bdi[text()=\"OK\"]"}
COMMAND: POST /session/9eb332d92fee3afc542bcceca92e7691/elements - {"using":"xpath","value":"//bdi[text()=\"OK\"]"}
RESULT: {"using":"xpath","value":"//bdi[text()=\"OK\"]"}
COMMAND: POST /session/9eb332d92fee3afc542bcceca92e7691/elements - {"using":"xpath","value":"//bdi[text()=\"OK\"]"}
RESULT: {"using":"xpath","value":"//bdi[text()=\"OK\"]"}
COMMAND: POST /session/9eb332d92fee3afc542bcceca92e7691/elements - {"using":"xpath","value":"//bdi[text()=\"OK\"]"}
RESULT: {"using":"xpath","value":"//bdi[text()=\"OK\"]"}
COMMAND: POST /session/9eb332d92fee3afc542bcceca92e7691/elements - {"using":"xpath","value":"//bdi[text()=\"OK\"]"}
RESULT: {"using":"xpath","value":"//bdi[text()=\"OK\"]"}
COMMAND: POST /session/9eb332d92fee3afc542bcceca92e7691/elements - {"using":"xpath","value":"//bdi[text()=\"OK\"]"}
RESULT: {"using":"xpath","value":"//bdi[text()=\"OK\"]"}
COMMAND: POST /session/9eb332d92fee3afc542bcceca92e7691/elements - {"using":"xpath","value":"//bdi[text()=\"OK\"]"}
RESULT: {"using":"xpath","value":"//bdi[text()=\"OK\"]"}
COMMAND: POST /session/9eb332d92fee3afc542bcceca92e7691/elements - {"using":"xpath","value":"//bdi[text()=\"OK\"]"}
RESULT: {"using":"xpath","value":"//bdi[text()=\"OK\"]"}
COMMAND: POST /session/9eb332d92fee3afc542bcceca92e7691/elements - {"using":"xpath","value":"//bdi[text()=\"OK\"]"}
RESULT: {"using":"xpath","value":"//bdi[text()=\"OK\"]"}
COMMAND: POST /session/9eb332d92fee3afc542bcceca92e7691/elements - {"using":"xpath","value":"//bdi[text()=\"OK\"]"}
RESULT: {"using":"xpath","value":"//bdi[text()=\"OK\"]"}
COMMAND: POST /session/9eb332d92fee3afc542bcceca92e7691/elements - {"using":"xpath","value":"//bdi[text()=\"OK\"]"}
RESULT: {"using":"xpath","value":"//bdi[text()=\"OK\"]"}
COMMAND: POST /session/9eb332d92fee3afc542bcceca92e7691/elements - {"using":"xpath","value":"//bdi[text()=\"OK\"]"}
RESULT: {"using":"xpath","value":"//bdi[text()=\"OK\"]"}
COMMAND: POST /session/9eb332d92fee3afc542bcceca92e7691/elements - {"using":"xpath","value":"//bdi[text()=\"OK\"]"}
RESULT: {"using":"xpath","value":"//bdi[text()=\"OK\"]"}
COMMAND: POST /session/9eb332d92fee3afc542bcceca92e7691/elements - {"using":"xpath","value":"//bdi[text()=\"OK\"]"}
RESULT: {"using":"xpath","value":"//bdi[text()=\"OK\"]"}
COMMAND: POST /session/9eb332d92fee3afc542bcceca92e7691/elements - {"using":"xpath","value":"//bdi[text()=\"OK\"]"}
RESULT: {"using":"xpath","value":"//bdi[text()=\"OK\"]"}
COMMAND: POST /session/9eb332d92fee3afc542bcceca92e7691/elements - {"using":"xpath","value":"//bdi[text()=\"OK\"]"}
RESULT: {"using":"xpath","value":"//bdi[text()=\"OK\"]"}
COMMAND: POST /session/9eb332d92fee3afc542bcceca92e7691/elements - {"using":"xpath","value":"//bdi[text()=\"OK\"]"}
RESULT: {"using":"xpath","value":"//bdi[text()=\"OK\"]"}
COMMAND: POST /session/9eb332d92fee3afc542bcceca92e7691/elements - {"using":"xpath","value":"//bdi[text()=\"OK\"]"}
RESULT: {"using":"xpath","value":"//bdi[text()=\"OK\"]"}
COMMAND: POST /session/9eb332d92fee3afc542bcceca92e7691/elements - {"using":"xpath","value":"//bdi[text()=\"OK\"]"}
RESULT: {"using":"xpath","value":"//bdi[text()=\"OK\"]"}
COMMAND: POST /session/9eb332d92fee3afc542bcceca92e7691/elements - {"using":"xpath","value":"//bdi[text()=\"OK\"]"}
RESULT: {"using":"xpath","value":"//bdi[text()=\"OK\"]"}
COMMAND: POST /session/9eb332d92fee3afc542bcceca92e7691/elements - {"using":"xpath","value":"//bdi[text()=\"OK\"]"}
RESULT: {"using":"xpath","value":"//bdi[text()=\"OK\"]"}
COMMAND: POST /session/9eb332d92fee3afc542bcceca92e7691/elements - {"using":"xpath","value":"//bdi[text()=\"OK\"]"}
RESULT: {"using":"xpath","value":"//bdi[text()=\"OK\"]"}
COMMAND: POST /session/9eb332d92fee3afc542bcceca92e7691/elements - {"using":"xpath","value":"//bdi[text()=\"OK\"]"}
RESULT: {"using":"xpath","value":"//bdi[text()=\"OK\"]"}
COMMAND: POST /session/9eb332d92fee3afc542bcceca92e7691/elements - {"using":"xpath","value":"//bdi[text()=\"OK\"]"}
RESULT: {"using":"xpath","value":"//bdi[text()=\"OK\"]"}
COMMAND: POST /session/9eb332d92fee3afc542bcceca92e7691/elements - {"using":"xpath","value":"//bdi[text()=\"OK\"]"}
RESULT: {"using":"xpath","value":"//bdi[text()=\"OK\"]"}
COMMAND: POST /session/9eb332d92fee3afc542bcceca92e7691/elements - {"using":"xpath","value":"//bdi[text()=\"OK\"]"}
RESULT: {"using":"xpath","value":"//bdi[text()=\"OK\"]"}
COMMAND: POST /session/9eb332d92fee3afc542bcceca92e7691/elements - {"using":"xpath","value":"//bdi[text()=\"OK\"]"}
RESULT: {"using":"xpath","value":"//bdi[text()=\"OK\"]"}
COMMAND: POST /session/9eb332d92fee3afc542bcceca92e7691/elements - {"using":"xpath","value":"//bdi[text()=\"OK\"]"}
RESULT: {"using":"xpath","value":"//bdi[text()=\"OK\"]"}
COMMAND: POST /session/9eb332d92fee3afc542bcceca92e7691/elements - {"using":"xpath","value":"//bdi[text()=\"OK\"]"}
RESULT: {"using":"xpath","value":"//bdi[text()=\"OK\"]"}
COMMAND: POST /session/9eb332d92fee3afc542bcceca92e7691/elements - {"using":"xpath","value":"//bdi[text()=\"OK\"]"}
RESULT: {"using":"xpath","value":"//bdi[text()=\"OK\"]"}
COMMAND: POST /session/9eb332d92fee3afc542bcceca92e7691/elements - {"using":"xpath","value":"//bdi[text()=\"OK\"]"}
RESULT: {"using":"xpath","value":"//bdi[text()=\"OK\"]"}
COMMAND: POST /session/9eb332d92fee3afc542bcceca92e7691/elements - {"using":"xpath","value":"//bdi[text()=\"OK\"]"}
RESULT: {"using":"xpath","value":"//bdi[text()=\"OK\"]"}
COMMAND: POST /session/9eb332d92fee3afc542bcceca92e7691/elements - {"using":"xpath","value":"//bdi[text()=\"OK\"]"}
RESULT: {"using":"xpath","value":"//bdi[text()=\"OK\"]"}
COMMAND: POST /session/9eb332d92fee3afc542bcceca92e7691/elements - {"using":"xpath","value":"//bdi[text()=\"OK\"]"}
RESULT: {"using":"xpath","value":"//bdi[text()=\"OK\"]"}
COMMAND: POST /session/9eb332d92fee3afc542bcceca92e7691/elements - {"using":"xpath","value":"//bdi[text()=\"OK\"]"}
RESULT: {"using":"xpath","value":"//bdi[text()=\"OK\"]"}
COMMAND: POST /session/9eb332d92fee3afc542bcceca92e7691/elements - {"using":"xpath","value":"//bdi[text()=\"OK\"]"}
RESULT: {"using":"xpath","value":"//bdi[text()=\"OK\"]"}
COMMAND: POST /session/9eb332d92fee3afc542bcceca92e7691/elements - {"using":"xpath","value":"//bdi[text()=\"OK\"]"}
RESULT: {"using":"xpath","value":"//bdi[text()=\"OK\"]"}
COMMAND: POST /session/9eb332d92fee3afc542bcceca92e7691/elements - {"using":"xpath","value":"//bdi[text()=\"OK\"]"}
RESULT: {"using":"xpath","value":"//bdi[text()=\"OK\"]"}
COMMAND: POST /session/9eb332d92fee3afc542bcceca92e7691/elements - {"using":"xpath","value":"//bdi[text()=\"OK\"]"}
RESULT: {"using":"xpath","value":"//bdi[text()=\"OK\"]"}
COMMAND: POST /session/9eb332d92fee3afc542bcceca92e7691/elements - {"using":"xpath","value":"//bdi[text()=\"OK\"]"}
RESULT: {"using":"xpath","value":"//bdi[text()=\"OK\"]"}
COMMAND: POST /session/9eb332d92fee3afc542bcceca92e7691/elements - {"using":"xpath","value":"//bdi[text()=\"OK\"]"}
RESULT: {"using":"xpath","value":"//bdi[text()=\"OK\"]"}
COMMAND: POST /session/9eb332d92fee3afc542bcceca92e7691/elements - {"using":"xpath","value":"//bdi[text()=\"OK\"]"}
RESULT: {"using":"xpath","value":"//bdi[text()=\"OK\"]"}
COMMAND: POST /session/9eb332d92fee3afc542bcceca92e7691/elements - {"using":"xpath","value":"//bdi[text()=\"OK\"]"}
RESULT: {"using":"xpath","value":"//bdi[text()=\"OK\"]"}
COMMAND: POST /session/9eb332d92fee3afc542bcceca92e7691/elements - {"using":"xpath","value":"//bdi[text()=\"OK\"]"}
RESULT: {"using":"xpath","value":"//bdi[text()=\"OK\"]"}
COMMAND: POST /session/9eb332d92fee3afc542bcceca92e7691/elements - {"using":"xpath","value":"//bdi[text()=\"OK\"]"}
RESULT: {"using":"xpath","value":"//bdi[text()=\"OK\"]"}
COMMAND: POST /session/9eb332d92fee3afc542bcceca92e7691/elements - {"using":"xpath","value":"//bdi[text()=\"OK\"]"}
RESULT: {"using":"xpath","value":"//bdi[text()=\"OK\"]"}
COMMAND: POST /session/9eb332d92fee3afc542bcceca92e7691/elements - {"using":"xpath","value":"//bdi[text()=\"OK\"]"}
RESULT: {"using":"xpath","value":"//bdi[text()=\"OK\"]"}
COMMAND: POST /session/9eb332d92fee3afc542bcceca92e7691/elements - {"using":"xpath","value":"//bdi[text()=\"OK\"]"}
RESULT: {"using":"xpath","value":"//bdi[text()=\"OK\"]"}
COMMAND: POST /session/9eb332d92fee3afc542bcceca92e7691/elements - {"using":"xpath","value":"//bdi[text()=\"OK\"]"}
RESULT: {"using":"xpath","value":"//bdi[text()=\"OK\"]"}
COMMAND: POST /session/9eb332d92fee3afc542bcceca92e7691/elements - {"using":"xpath","value":"//bdi[text()=\"OK\"]"}
RESULT: {"using":"xpath","value":"//bdi[text()=\"OK\"]"}
COMMAND: POST /session/9eb332d92fee3afc542bcceca92e7691/elements - {"using":"xpath","value":"//bdi[text()=\"OK\"]"}
RESULT: {"using":"xpath","value":"//bdi[text()=\"OK\"]"}
COMMAND: POST /session/9eb332d92fee3afc542bcceca92e7691/elements - {"using":"xpath","value":"//bdi[text()=\"OK\"]"}
RESULT: {"using":"xpath","value":"//bdi[text()=\"OK\"]"}
COMMAND: POST /session/9eb332d92fee3afc542bcceca92e7691/elements - {"using":"xpath","value":"//bdi[text()=\"OK\"]"}
RESULT: {"using":"xpath","value":"//bdi[text()=\"OK\"]"}
COMMAND: POST /session/9eb332d92fee3afc542bcceca92e7691/elements - {"using":"xpath","value":"//bdi[text()=\"OK\"]"}
RESULT: {"using":"xpath","value":"//bdi[text()=\"OK\"]"}
COMMAND: POST /session/9eb332d92fee3afc542bcceca92e7691/elements - {"using":"xpath","value":"//bdi[text()=\"OK\"]"}
RESULT: {"using":"xpath","value":"//bdi[text()=\"OK\"]"}
COMMAND: POST /session/9eb332d92fee3afc542bcceca92e7691/elements - {"using":"xpath","value":"//bdi[text()=\"OK\"]"}
RESULT: {"using":"xpath","value":"//bdi[text()=\"OK\"]"}
COMMAND: POST /session/9eb332d92fee3afc542bcceca92e7691/elements - {"using":"xpath","value":"//bdi[text()=\"OK\"]"}
RESULT: {"using":"xpath","value":"//bdi[text()=\"OK\"]"}
COMMAND: POST /session/9eb332d92fee3afc542bcceca92e7691/elements - {"using":"xpath","value":"//bdi[text()=\"OK\"]"}
RESULT: {"using":"xpath","value":"//bdi[text()=\"OK\"]"}
COMMAND: POST /session/9eb332d92fee3afc542bcceca92e7691/elements - {"using":"xpath","value":"//bdi[text()=\"OK\"]"}
RESULT: {"using":"xpath","value":"//bdi[text()=\"OK\"]"}
COMMAND: POST /session/9eb332d92fee3afc542bcceca92e7691/elements - {"using":"xpath","value":"//bdi[text()=\"OK\"]"}
RESULT: {"using":"xpath","value":"//bdi[text()=\"OK\"]"}
COMMAND: POST /session/9eb332d92fee3afc542bcceca92e7691/elements - {"using":"xpath","value":"//bdi[text()=\"OK\"]"}
RESULT: {"using":"xpath","value":"//bdi[text()=\"OK\"]"}
COMMAND: POST /session/9eb332d92fee3afc542bcceca92e7691/elements - {"using":"xpath","value":"//bdi[text()=\"OK\"]"}
RESULT: {"using":"xpath","value":"//bdi[text()=\"OK\"]"}
COMMAND: POST /session/9eb332d92fee3afc542bcceca92e7691/elements - {"using":"xpath","value":"//bdi[text()=\"OK\"]"}
RESULT: {"using":"xpath","value":"//bdi[text()=\"OK\"]"}
COMMAND: POST /session/9eb332d92fee3afc542bcceca92e7691/elements - {"using":"xpath","value":"//bdi[text()=\"OK\"]"}
RESULT: {"using":"xpath","value":"//bdi[text()=\"OK\"]"}
COMMAND: POST /session/9eb332d92fee3afc542bcceca92e7691/elements - {"using":"xpath","value":"//bdi[text()=\"OK\"]"}
RESULT: {"using":"xpath","value":"//bdi[text()=\"OK\"]"}
COMMAND: POST /session/9eb332d92fee3afc542bcceca92e7691/elements - {"using":"xpath","value":"//bdi[text()=\"OK\"]"}
RESULT: {"using":"xpath","value":"//bdi[text()=\"OK\"]"}
COMMAND: POST /session/9eb332d92fee3afc542bcceca92e7691/elements - {"using":"xpath","value":"//bdi[text()=\"OK\"]"}
RESULT: {"using":"xpath","value":"//bdi[text()=\"OK\"]"}
COMMAND: POST /session/9eb332d92fee3afc542bcceca92e7691/elements - {"using":"xpath","value":"//bdi[text()=\"OK\"]"}
RESULT: {"using":"xpath","value":"//bdi[text()=\"OK\"]"}
COMMAND: POST /session/9eb332d92fee3afc542bcceca92e7691/elements - {"using":"xpath","value":"//bdi[text()=\"OK\"]"}
RESULT: {"using":"xpath","value":"//bdi[text()=\"OK\"]"}
COMMAND: POST /session/9eb332d92fee3afc542bcceca92e7691/elements - {"using":"xpath","value":"//bdi[text()=\"OK\"]"}
RESULT: {"using":"xpath","value":"//bdi[text()=\"OK\"]"}
COMMAND: POST /session/9eb332d92fee3afc542bcceca92e7691/elements - {"using":"xpath","value":"//bdi[text()=\"OK\"]"}
RESULT: {"using":"xpath","value":"//bdi[text()=\"OK\"]"}
COMMAND: POST /session/9eb332d92fee3afc542bcceca92e7691/elements - {"using":"xpath","value":"//bdi[text()=\"OK\"]"}
RESULT: {"using":"xpath","value":"//bdi[text()=\"OK\"]"}
COMMAND: POST /session/9eb332d92fee3afc542bcceca92e7691/elements - {"using":"xpath","value":"//bdi[text()=\"OK\"]"}
RESULT: {"using":"xpath","value":"//bdi[text()=\"OK\"]"}
COMMAND: POST /session/9eb332d92fee3afc542bcceca92e7691/elements - {"using":"xpath","value":"//bdi[text()=\"OK\"]"}
RESULT: {"using":"xpath","value":"//bdi[text()=\"OK\"]"}
COMMAND: POST /session/9eb332d92fee3afc542bcceca92e7691/elements - {"using":"xpath","value":"//bdi[text()=\"OK\"]"}
RESULT: {"using":"xpath","value":"//bdi[text()=\"OK\"]"}
COMMAND: POST /session/9eb332d92fee3afc542bcceca92e7691/elements - {"using":"xpath","value":"//bdi[text()=\"OK\"]"}
RESULT: {"using":"xpath","value":"//bdi[text()=\"OK\"]"}
COMMAND: POST /session/9eb332d92fee3afc542bcceca92e7691/elements - {"using":"xpath","value":"//bdi[text()=\"OK\"]"}
RESULT: {"using":"xpath","value":"//bdi[text()=\"OK\"]"}
COMMAND: POST /session/9eb332d92fee3afc542bcceca92e7691/elements - {"using":"xpath","value":"//bdi[text()=\"OK\"]"}
RESULT: {"using":"xpath","value":"//bdi[text()=\"OK\"]"}
COMMAND: POST /session/9eb332d92fee3afc542bcceca92e7691/elements - {"using":"xpath","value":"//bdi[text()=\"OK\"]"}
RESULT: {"using":"xpath","value":"//bdi[text()=\"OK\"]"}
COMMAND: POST /session/9eb332d92fee3afc542bcceca92e7691/elements - {"using":"xpath","value":"//bdi[text()=\"OK\"]"}
RESULT: {"using":"xpath","value":"//bdi[text()=\"OK\"]"}
COMMAND: POST /session/9eb332d92fee3afc542bcceca92e7691/elements - {"using":"xpath","value":"//bdi[text()=\"OK\"]"}
RESULT: {"using":"xpath","value":"//bdi[text()=\"OK\"]"}
COMMAND: POST /session/9eb332d92fee3afc542bcceca92e7691/elements - {"using":"xpath","value":"//bdi[text()=\"OK\"]"}
RESULT: {"using":"xpath","value":"//bdi[text()=\"OK\"]"}
COMMAND: POST /session/9eb332d92fee3afc542bcceca92e7691/elements - {"using":"xpath","value":"//bdi[text()=\"OK\"]"}
RESULT: {"using":"xpath","value":"//bdi[text()=\"OK\"]"}
COMMAND: POST /session/9eb332d92fee3afc542bcceca92e7691/elements - {"using":"xpath","value":"//bdi[text()=\"OK\"]"}
RESULT: {"using":"xpath","value":"//bdi[text()=\"OK\"]"}
COMMAND: POST /session/9eb332d92fee3afc542bcceca92e7691/elements - {"using":"xpath","value":"//bdi[text()=\"OK\"]"}
RESULT: {"using":"xpath","value":"//bdi[text()=\"OK\"]"}
COMMAND: POST /session/9eb332d92fee3afc542bcceca92e7691/elements - {"using":"xpath","value":"//bdi[text()=\"OK\"]"}
RESULT: {"using":"xpath","value":"//bdi[text()=\"OK\"]"}
COMMAND: POST /session/9eb332d92fee3afc542bcceca92e7691/elements - {"using":"xpath","value":"//bdi[text()=\"OK\"]"}
RESULT: {"using":"xpath","value":"//bdi[text()=\"OK\"]"}
COMMAND: POST /session/9eb332d92fee3afc542bcceca92e7691/elements - {"using":"xpath","value":"//bdi[text()=\"OK\"]"}
RESULT: {"using":"xpath","value":"//bdi[text()=\"OK\"]"}
COMMAND: POST /session/9eb332d92fee3afc542bcceca92e7691/elements - {"using":"xpath","value":"//bdi[text()=\"OK\"]"}
RESULT: {"using":"xpath","value":"//bdi[text()=\"OK\"]"}
COMMAND: POST /session/9eb332d92fee3afc542bcceca92e7691/elements - {"using":"xpath","value":"//bdi[text()=\"OK\"]"}
RESULT: {"using":"xpath","value":"//bdi[text()=\"OK\"]"}
COMMAND: POST /session/9eb332d92fee3afc542bcceca92e7691/elements - {"using":"xpath","value":"//bdi[text()=\"OK\"]"}
RESULT: {"using":"xpath","value":"//bdi[text()=\"OK\"]"}
COMMAND: POST /session/9eb332d92fee3afc542bcceca92e7691/elements - {"using":"xpath","value":"//bdi[text()=\"OK\"]"}
RESULT: {"using":"xpath","value":"//bdi[text()=\"OK\"]"}
COMMAND: POST /session/9eb332d92fee3afc542bcceca92e7691/elements - {"using":"xpath","value":"//bdi[text()=\"OK\"]"}
RESULT: {"using":"xpath","value":"//bdi[text()=\"OK\"]"}
COMMAND: POST /session/9eb332d92fee3afc542bcceca92e7691/elements - {"using":"xpath","value":"//bdi[text()=\"OK\"]"}
RESULT: {"using":"xpath","value":"//bdi[text()=\"OK\"]"}
COMMAND: POST /session/9eb332d92fee3afc542bcceca92e7691/elements - {"using":"xpath","value":"//bdi[text()=\"OK\"]"}
RESULT: {"using":"xpath","value":"//bdi[text()=\"OK\"]"}
COMMAND: POST /session/9eb332d92fee3afc542bcceca92e7691/elements - {"using":"xpath","value":"//bdi[text()=\"OK\"]"}
RESULT: {"using":"xpath","value":"//bdi[text()=\"OK\"]"}
COMMAND: POST /session/9eb332d92fee3afc542bcceca92e7691/elements - {"using":"xpath","value":"//bdi[text()=\"OK\"]"}
RESULT: {"using":"xpath","value":"//bdi[text()=\"OK\"]"}
COMMAND: POST /session/9eb332d92fee3afc542bcceca92e7691/elements - {"using":"xpath","value":"//bdi[text()=\"OK\"]"}
RESULT: {"using":"xpath","value":"//bdi[text()=\"OK\"]"}
COMMAND: POST /session/9eb332d92fee3afc542bcceca92e7691/elements - {"using":"xpath","value":"//bdi[text()=\"OK\"]"}
RESULT: {"using":"xpath","value":"//bdi[text()=\"OK\"]"}
COMMAND: POST /session/9eb332d92fee3afc542bcceca92e7691/elements - {"using":"xpath","value":"//bdi[text()=\"OK\"]"}
RESULT: {"using":"xpath","value":"//bdi[text()=\"OK\"]"}
COMMAND: POST /session/9eb332d92fee3afc542bcceca92e7691/elements - {"using":"xpath","value":"//bdi[text()=\"OK\"]"}
RESULT: {"using":"xpath","value":"//bdi[text()=\"OK\"]"}
COMMAND: POST /session/9eb332d92fee3afc542bcceca92e7691/elements - {"using":"xpath","value":"//bdi[text()=\"OK\"]"}
RESULT: {"using":"xpath","value":"//bdi[text()=\"OK\"]"}
COMMAND: POST /session/9eb332d92fee3afc542bcceca92e7691/elements - {"using":"xpath","value":"//bdi[text()=\"OK\"]"}
RESULT: {"using":"xpath","value":"//bdi[text()=\"OK\"]"}
COMMAND: POST /session/9eb332d92fee3afc542bcceca92e7691/elements - {"using":"xpath","value":"//bdi[text()=\"OK\"]"}
RESULT: {"using":"xpath","value":"//bdi[text()=\"OK\"]"}
COMMAND: POST /session/9eb332d92fee3afc542bcceca92e7691/elements - {"using":"xpath","value":"//bdi[text()=\"OK\"]"}
RESULT: {"using":"xpath","value":"//bdi[text()=\"OK\"]"}
COMMAND: POST /session/9eb332d92fee3afc542bcceca92e7691/elements - {"using":"xpath","value":"//bdi[text()=\"OK\"]"}
RESULT: {"using":"xpath","value":"//bdi[text()=\"OK\"]"}
COMMAND: POST /session/9eb332d92fee3afc542bcceca92e7691/elements - {"using":"xpath","value":"//bdi[text()=\"OK\"]"}
RESULT: {"using":"xpath","value":"//bdi[text()=\"OK\"]"}
COMMAND: POST /session/9eb332d92fee3afc542bcceca92e7691/elements - {"using":"xpath","value":"//bdi[text()=\"OK\"]"}
RESULT: {"using":"xpath","value":"//bdi[text()=\"OK\"]"}
COMMAND: POST /session/9eb332d92fee3afc542bcceca92e7691/elements - {"using":"xpath","value":"//bdi[text()=\"OK\"]"}
RESULT: {"using":"xpath","value":"//bdi[text()=\"OK\"]"}
COMMAND: POST /session/9eb332d92fee3afc542bcceca92e7691/elements - {"using":"xpath","value":"//bdi[text()=\"OK\"]"}
RESULT: {"using":"xpath","value":"//bdi[text()=\"OK\"]"}
COMMAND: POST /session/9eb332d92fee3afc542bcceca92e7691/elements - {"using":"xpath","value":"//bdi[text()=\"OK\"]"}
RESULT: {"using":"xpath","value":"//bdi[text()=\"OK\"]"}
COMMAND: POST /session/9eb332d92fee3afc542bcceca92e7691/elements - {"using":"xpath","value":"//bdi[text()=\"OK\"]"}
RESULT: {"using":"xpath","value":"//bdi[text()=\"OK\"]"}
COMMAND: POST /session/9eb332d92fee3afc542bcceca92e7691/elements - {"using":"xpath","value":"//bdi[text()=\"OK\"]"}
RESULT: {"using":"xpath","value":"//bdi[text()=\"OK\"]"}
COMMAND: POST /session/9eb332d92fee3afc542bcceca92e7691/elements - {"using":"xpath","value":"//bdi[text()=\"OK\"]"}
RESULT: {"using":"xpath","value":"//bdi[text()=\"OK\"]"}
COMMAND: POST /session/9eb332d92fee3afc542bcceca92e7691/elements - {"using":"xpath","value":"//bdi[text()=\"OK\"]"}
COMMAND: POST /session/9eb332d92fee3afc542bcceca92e7691/element - {"using":"xpath","value":"//bdi[text()=\"OK\"]"}
RESULT: {"using":"xpath","value":"//bdi[text()=\"OK\"]"}
RESULT: {"using":"xpath","value":"//bdi[text()=\"OK\"]"}
COMMAND: POST /session/9eb332d92fee3afc542bcceca92e7691/elements - {"using":"xpath","value":"//bdi[text()=\"OK\"]"}
RESULT: {"using":"xpath","value":"//bdi[text()=\"OK\"]"}
COMMAND: POST /session/9eb332d92fee3afc542bcceca92e7691/elements - {"using":"xpath","value":"//bdi[text()=\"OK\"]"}
RESULT: {"using":"xpath","value":"//bdi[text()=\"OK\"]"}
COMMAND: POST /session/9eb332d92fee3afc542bcceca92e7691/elements - {"using":"xpath","value":"//bdi[text()=\"OK\"]"}
RESULT: {"using":"xpath","value":"//bdi[text()=\"OK\"]"}
COMMAND: POST /session/9eb332d92fee3afc542bcceca92e7691/elements - {"using":"xpath","value":"//bdi[text()=\"OK\"]"}
RESULT: {"using":"xpath","value":"//bdi[text()=\"OK\"]"}
COMMAND: POST /session/9eb332d92fee3afc542bcceca92e7691/elements - {"using":"xpath","value":"//bdi[text()=\"OK\"]"}
RESULT: {"using":"xpath","value":"//bdi[text()=\"OK\"]"}
COMMAND: POST /session/9eb332d92fee3afc542bcceca92e7691/elements - {"using":"xpath","value":"//bdi[text()=\"OK\"]"}
RESULT: {"using":"xpath","value":"//bdi[text()=\"OK\"]"}
COMMAND: POST /session/9eb332d92fee3afc542bcceca92e7691/elements - {"using":"xpath","value":"//bdi[text()=\"OK\"]"}
RESULT: {"using":"xpath","value":"//bdi[text()=\"OK\"]"}
COMMAND: POST /session/9eb332d92fee3afc542bcceca92e7691/elements - {"using":"xpath","value":"//bdi[text()=\"OK\"]"}
RESULT: {"using":"xpath","value":"//bdi[text()=\"OK\"]"}
COMMAND: POST /session/9eb332d92fee3afc542bcceca92e7691/elements - {"using":"xpath","value":"//bdi[text()=\"OK\"]"}
RESULT: {"using":"xpath","value":"//bdi[text()=\"OK\"]"}
COMMAND: POST /session/9eb332d92fee3afc542bcceca92e7691/elements - {"using":"xpath","value":"//bdi[text()=\"OK\"]"}
RESULT: {"using":"xpath","value":"//bdi[text()=\"OK\"]"}
COMMAND: POST /session/9eb332d92fee3afc542bcceca92e7691/elements - {"using":"xpath","value":"//bdi[text()=\"OK\"]"}
RESULT: {"using":"xpath","value":"//bdi[text()=\"OK\"]"}
COMMAND: POST /session/9eb332d92fee3afc542bcceca92e7691/elements - {"using":"xpath","value":"//bdi[text()=\"OK\"]"}
RESULT: {"using":"xpath","value":"//bdi[text()=\"OK\"]"}
COMMAND: POST /session/9eb332d92fee3afc542bcceca92e7691/elements - {"using":"xpath","value":"//bdi[text()=\"OK\"]"}
RESULT: {"using":"xpath","value":"//bdi[text()=\"OK\"]"}
COMMAND: POST /session/9eb332d92fee3afc542bcceca92e7691/elements - {"using":"xpath","value":"//bdi[text()=\"OK\"]"}
RESULT: {"using":"xpath","value":"//bdi[text()=\"OK\"]"}
COMMAND: POST /session/9eb332d92fee3afc542bcceca92e7691/elements - {"using":"xpath","value":"//bdi[text()=\"OK\"]"}
RESULT: {"using":"xpath","value":"//bdi[text()=\"OK\"]"}
COMMAND: POST /session/9eb332d92fee3afc542bcceca92e7691/elements - {"using":"xpath","value":"//bdi[text()=\"OK\"]"}
RESULT: {"using":"xpath","value":"//bdi[text()=\"OK\"]"}
COMMAND: POST /session/9eb332d92fee3afc542bcceca92e7691/elements - {"using":"xpath","value":"//bdi[text()=\"OK\"]"}
RESULT: {"using":"xpath","value":"//bdi[text()=\"OK\"]"}
COMMAND: POST /session/9eb332d92fee3afc542bcceca92e7691/elements - {"using":"xpath","value":"//bdi[text()=\"OK\"]"}
RESULT: {"using":"xpath","value":"//bdi[text()=\"OK\"]"}
COMMAND: POST /session/9eb332d92fee3afc542bcceca92e7691/elements - {"using":"xpath","value":"//bdi[text()=\"OK\"]"}
RESULT: {"using":"xpath","value":"//bdi[text()=\"OK\"]"}
COMMAND: POST /session/9eb332d92fee3afc542bcceca92e7691/elements - {"using":"xpath","value":"//bdi[text()=\"OK\"]"}
RESULT: {"using":"xpath","value":"//bdi[text()=\"OK\"]"}
COMMAND: POST /session/9eb332d92fee3afc542bcceca92e7691/elements - {"using":"xpath","value":"//bdi[text()=\"OK\"]"}
RESULT: {"using":"xpath","value":"//bdi[text()=\"OK\"]"}
COMMAND: POST /session/9eb332d92fee3afc542bcceca92e7691/elements - {"using":"xpath","value":"//bdi[text()=\"OK\"]"}
RESULT: {"using":"xpath","value":"//bdi[text()=\"OK\"]"}
COMMAND: POST /session/9eb332d92fee3afc542bcceca92e7691/elements - {"using":"xpath","value":"//bdi[text()=\"OK\"]"}
RESULT: {"using":"xpath","value":"//bdi[text()=\"OK\"]"}
COMMAND: POST /session/9eb332d92fee3afc542bcceca92e7691/elements - {"using":"xpath","value":"//bdi[text()=\"OK\"]"}
RESULT: {"using":"xpath","value":"//bdi[text()=\"OK\"]"}
COMMAND: POST /session/9eb332d92fee3afc542bcceca92e7691/elements - {"using":"xpath","value":"//bdi[text()=\"OK\"]"}
RESULT: {"using":"xpath","value":"//bdi[text()=\"OK\"]"}
COMMAND: POST /session/9eb332d92fee3afc542bcceca92e7691/elements - {"using":"xpath","value":"//bdi[text()=\"OK\"]"}
RESULT: {"using":"xpath","value":"//bdi[text()=\"OK\"]"}
COMMAND: POST /session/9eb332d92fee3afc542bcceca92e7691/elements - {"using":"xpath","value":"//bdi[text()=\"OK\"]"}
RESULT: {"using":"xpath","value":"//bdi[text()=\"OK\"]"}
COMMAND: POST /session/9eb332d92fee3afc542bcceca92e7691/elements - {"using":"xpath","value":"//bdi[text()=\"OK\"]"}
RESULT: {"using":"xpath","value":"//bdi[text()=\"OK\"]"}
COMMAND: POST /session/9eb332d92fee3afc542bcceca92e7691/elements - {"using":"xpath","value":"//bdi[text()=\"OK\"]"}
RESULT: {"using":"xpath","value":"//bdi[text()=\"OK\"]"}
COMMAND: POST /session/9eb332d92fee3afc542bcceca92e7691/elements - {"using":"xpath","value":"//bdi[text()=\"OK\"]"}
RESULT: {"using":"xpath","value":"//bdi[text()=\"OK\"]"}
COMMAND: POST /session/9eb332d92fee3afc542bcceca92e7691/elements - {"using":"xpath","value":"//bdi[text()=\"OK\"]"}
RESULT: {"using":"xpath","value":"//bdi[text()=\"OK\"]"}
COMMAND: POST /session/9eb332d92fee3afc542bcceca92e7691/elements - {"using":"xpath","value":"//bdi[text()=\"OK\"]"}
RESULT: {"using":"xpath","value":"//bdi[text()=\"OK\"]"}
COMMAND: POST /session/9eb332d92fee3afc542bcceca92e7691/elements - {"using":"xpath","value":"//bdi[text()=\"OK\"]"}
RESULT: {"using":"xpath","value":"//bdi[text()=\"OK\"]"}
COMMAND: POST /session/9eb332d92fee3afc542bcceca92e7691/elements - {"using":"xpath","value":"//bdi[text()=\"OK\"]"}
RESULT: {"using":"xpath","value":"//bdi[text()=\"OK\"]"}
COMMAND: POST /session/9eb332d92fee3afc542bcceca92e7691/elements - {"using":"xpath","value":"//bdi[text()=\"OK\"]"}
RESULT: {"using":"xpath","value":"//bdi[text()=\"OK\"]"}
COMMAND: POST /session/9eb332d92fee3afc542bcceca92e7691/elements - {"using":"xpath","value":"//bdi[text()=\"OK\"]"}
RESULT: {"using":"xpath","value":"//bdi[text()=\"OK\"]"}
COMMAND: POST /session/9eb332d92fee3afc542bcceca92e7691/elements - {"using":"xpath","value":"//bdi[text()=\"OK\"]"}
RESULT: {"using":"xpath","value":"//bdi[text()=\"OK\"]"}
COMMAND: POST /session/9eb332d92fee3afc542bcceca92e7691/elements - {"using":"xpath","value":"//bdi[text()=\"OK\"]"}
RESULT: {"using":"xpath","value":"//bdi[text()=\"OK\"]"}
COMMAND: POST /session/9eb332d92fee3afc542bcceca92e7691/elements - {"using":"xpath","value":"//bdi[text()=\"OK\"]"}
RESULT: {"using":"xpath","value":"//bdi[text()=\"OK\"]"}
COMMAND: POST /session/9eb332d92fee3afc542bcceca92e7691/elements - {"using":"xpath","value":"//bdi[text()=\"OK\"]"}
RESULT: {"using":"xpath","value":"//bdi[text()=\"OK\"]"}
COMMAND: POST /session/9eb332d92fee3afc542bcceca92e7691/elements - {"using":"xpath","value":"//bdi[text()=\"OK\"]"}
RESULT: {"using":"xpath","value":"//bdi[text()=\"OK\"]"}
COMMAND: POST /session/9eb332d92fee3afc542bcceca92e7691/elements - {"using":"xpath","value":"//bdi[text()=\"OK\"]"}
RESULT: {"using":"xpath","value":"//bdi[text()=\"OK\"]"}
COMMAND: POST /session/9eb332d92fee3afc542bcceca92e7691/elements - {"using":"xpath","value":"//bdi[text()=\"OK\"]"}
RESULT: {"using":"xpath","value":"//bdi[text()=\"OK\"]"}
COMMAND: POST /session/9eb332d92fee3afc542bcceca92e7691/elements - {"using":"xpath","value":"//bdi[text()=\"OK\"]"}
RESULT: {"using":"xpath","value":"//bdi[text()=\"OK\"]"}
COMMAND: POST /session/9eb332d92fee3afc542bcceca92e7691/elements - {"using":"xpath","value":"//bdi[text()=\"OK\"]"}
RESULT: {"using":"xpath","value":"//bdi[text()=\"OK\"]"}
COMMAND: POST /session/9eb332d92fee3afc542bcceca92e7691/elements - {"using":"xpath","value":"//bdi[text()=\"OK\"]"}
RESULT: {"using":"xpath","value":"//bdi[text()=\"OK\"]"}
COMMAND: POST /session/9eb332d92fee3afc542bcceca92e7691/elements - {"using":"xpath","value":"//bdi[text()=\"OK\"]"}
RESULT: {"using":"xpath","value":"//bdi[text()=\"OK\"]"}
COMMAND: POST /session/9eb332d92fee3afc542bcceca92e7691/elements - {"using":"xpath","value":"//bdi[text()=\"OK\"]"}
RESULT: {"using":"xpath","value":"//bdi[text()=\"OK\"]"}
COMMAND: POST /session/9eb332d92fee3afc542bcceca92e7691/elements - {"using":"xpath","value":"//bdi[text()=\"OK\"]"}
RESULT: {"using":"xpath","value":"//bdi[text()=\"OK\"]"}
COMMAND: POST /session/9eb332d92fee3afc542bcceca92e7691/elements - {"using":"xpath","value":"//bdi[text()=\"OK\"]"}
RESULT: {"using":"xpath","value":"//bdi[text()=\"OK\"]"}
COMMAND: POST /session/9eb332d92fee3afc542bcceca92e7691/elements - {"using":"xpath","value":"//bdi[text()=\"OK\"]"}
RESULT: {"using":"xpath","value":"//bdi[text()=\"OK\"]"}
COMMAND: POST /session/9eb332d92fee3afc542bcceca92e7691/elements - {"using":"xpath","value":"//bdi[text()=\"OK\"]"}
RESULT: {"using":"xpath","value":"//bdi[text()=\"OK\"]"}
COMMAND: POST /session/9eb332d92fee3afc542bcceca92e7691/elements - {"using":"xpath","value":"//bdi[text()=\"OK\"]"}
RESULT: {"using":"xpath","value":"//bdi[text()=\"OK\"]"}
COMMAND: POST /session/9eb332d92fee3afc542bcceca92e7691/elements - {"using":"xpath","value":"//bdi[text()=\"OK\"]"}
RESULT: {"using":"xpath","value":"//bdi[text()=\"OK\"]"}
COMMAND: POST /session/9eb332d92fee3afc542bcceca92e7691/elements - {"using":"xpath","value":"//bdi[text()=\"OK\"]"}
RESULT: {"using":"xpath","value":"//bdi[text()=\"OK\"]"}
COMMAND: POST /session/9eb332d92fee3afc542bcceca92e7691/elements - {"using":"xpath","value":"//bdi[text()=\"OK\"]"}
RESULT: {"using":"xpath","value":"//bdi[text()=\"OK\"]"}
COMMAND: POST /session/9eb332d92fee3afc542bcceca92e7691/elements - {"using":"xpath","value":"//bdi[text()=\"OK\"]"}
RESULT: {"using":"xpath","value":"//bdi[text()=\"OK\"]"}
COMMAND: POST /session/9eb332d92fee3afc542bcceca92e7691/elements - {"using":"xpath","value":"//bdi[text()=\"OK\"]"}
RESULT: {"using":"xpath","value":"//bdi[text()=\"OK\"]"}
COMMAND: POST /session/9eb332d92fee3afc542bcceca92e7691/elements - {"using":"xpath","value":"//bdi[text()=\"OK\"]"}
RESULT: {"using":"xpath","value":"//bdi[text()=\"OK\"]"}
COMMAND: POST /session/9eb332d92fee3afc542bcceca92e7691/elements - {"using":"xpath","value":"//bdi[text()=\"OK\"]"}
RESULT: {"using":"xpath","value":"//bdi[text()=\"OK\"]"}
COMMAND: POST /session/9eb332d92fee3afc542bcceca92e7691/elements - {"using":"xpath","value":"//bdi[text()=\"OK\"]"}
RESULT: {"using":"xpath","value":"//bdi[text()=\"OK\"]"}
COMMAND: POST /session/9eb332d92fee3afc542bcceca92e7691/elements - {"using":"xpath","value":"//bdi[text()=\"OK\"]"}
RESULT: {"using":"xpath","value":"//bdi[text()=\"OK\"]"}
COMMAND: POST /session/9eb332d92fee3afc542bcceca92e7691/elements - {"using":"xpath","value":"//bdi[text()=\"OK\"]"}
RESULT: {"using":"xpath","value":"//bdi[text()=\"OK\"]"}
COMMAND: POST /session/9eb332d92fee3afc542bcceca92e7691/elements - {"using":"xpath","value":"//bdi[text()=\"OK\"]"}
RESULT: {"using":"xpath","value":"//bdi[text()=\"OK\"]"}
COMMAND: POST /session/9eb332d92fee3afc542bcceca92e7691/elements - {"using":"xpath","value":"//bdi[text()=\"OK\"]"}
RESULT: {"using":"xpath","value":"//bdi[text()=\"OK\"]"}
COMMAND: POST /session/9eb332d92fee3afc542bcceca92e7691/elements - {"using":"xpath","value":"//bdi[text()=\"OK\"]"}
RESULT: {"using":"xpath","value":"//bdi[text()=\"OK\"]"}
COMMAND: POST /session/9eb332d92fee3afc542bcceca92e7691/elements - {"using":"xpath","value":"//bdi[text()=\"OK\"]"}
RESULT: {"using":"xpath","value":"//bdi[text()=\"OK\"]"}
COMMAND: POST /session/9eb332d92fee3afc542bcceca92e7691/elements - {"using":"xpath","value":"//bdi[text()=\"OK\"]"}
RESULT: {"using":"xpath","value":"//bdi[text()=\"OK\"]"}
COMMAND: POST /session/9eb332d92fee3afc542bcceca92e7691/elements - {"using":"xpath","value":"//bdi[text()=\"OK\"]"}
RESULT: {"using":"xpath","value":"//bdi[text()=\"OK\"]"}
COMMAND: POST /session/9eb332d92fee3afc542bcceca92e7691/elements - {"using":"xpath","value":"//bdi[text()=\"OK\"]"}
RESULT: {"using":"xpath","value":"//bdi[text()=\"OK\"]"}
COMMAND: POST /session/9eb332d92fee3afc542bcceca92e7691/elements - {"using":"xpath","value":"//bdi[text()=\"OK\"]"}
RESULT: {"using":"xpath","value":"//bdi[text()=\"OK\"]"}
COMMAND: POST /session/9eb332d92fee3afc542bcceca92e7691/elements - {"using":"xpath","value":"//bdi[text()=\"OK\"]"}
RESULT: {"using":"xpath","value":"//bdi[text()=\"OK\"]"}
COMMAND: POST /session/9eb332d92fee3afc542bcceca92e7691/elements - {"using":"xpath","value":"//bdi[text()=\"OK\"]"}
RESULT: {"using":"xpath","value":"//bdi[text()=\"OK\"]"}
COMMAND: POST /session/9eb332d92fee3afc542bcceca92e7691/elements - {"using":"xpath","value":"//bdi[text()=\"OK\"]"}
RESULT: {"using":"xpath","value":"//bdi[text()=\"OK\"]"}
COMMAND: POST /session/9eb332d92fee3afc542bcceca92e7691/elements - {"using":"xpath","value":"//bdi[text()=\"OK\"]"}
RESULT: {"using":"xpath","value":"//bdi[text()=\"OK\"]"}
COMMAND: POST /session/9eb332d92fee3afc542bcceca92e7691/elements - {"using":"xpath","value":"//bdi[text()=\"OK\"]"}
RESULT: {"using":"xpath","value":"//bdi[text()=\"OK\"]"}
COMMAND: POST /session/9eb332d92fee3afc542bcceca92e7691/elements - {"using":"xpath","value":"//bdi[text()=\"OK\"]"}
RESULT: {"using":"xpath","value":"//bdi[text()=\"OK\"]"}
COMMAND: POST /session/9eb332d92fee3afc542bcceca92e7691/elements - {"using":"xpath","value":"//bdi[text()=\"OK\"]"}
RESULT: {"using":"xpath","value":"//bdi[text()=\"OK\"]"}
COMMAND: POST /session/9eb332d92fee3afc542bcceca92e7691/elements - {"using":"xpath","value":"//bdi[text()=\"OK\"]"}
RESULT: {"using":"xpath","value":"//bdi[text()=\"OK\"]"}
COMMAND: POST /session/9eb332d92fee3afc542bcceca92e7691/elements - {"using":"xpath","value":"//bdi[text()=\"OK\"]"}
RESULT: {"using":"xpath","value":"//bdi[text()=\"OK\"]"}
COMMAND: POST /session/9eb332d92fee3afc542bcceca92e7691/elements - {"using":"xpath","value":"//bdi[text()=\"OK\"]"}
RESULT: {"using":"xpath","value":"//bdi[text()=\"OK\"]"}
COMMAND: POST /session/9eb332d92fee3afc542bcceca92e7691/elements - {"using":"xpath","value":"//bdi[text()=\"OK\"]"}
RESULT: {"using":"xpath","value":"//bdi[text()=\"OK\"]"}
COMMAND: POST /session/9eb332d92fee3afc542bcceca92e7691/elements - {"using":"xpath","value":"//bdi[text()=\"OK\"]"}
RESULT: {"using":"xpath","value":"//bdi[text()=\"OK\"]"}
COMMAND: POST /session/9eb332d92fee3afc542bcceca92e7691/elements - {"using":"xpath","value":"//bdi[text()=\"OK\"]"}
RESULT: {"using":"xpath","value":"//bdi[text()=\"OK\"]"}
COMMAND: POST /session/9eb332d92fee3afc542bcceca92e7691/elements - {"using":"xpath","value":"//bdi[text()=\"OK\"]"}
RESULT: {"using":"xpath","value":"//bdi[text()=\"OK\"]"}
COMMAND: POST /session/9eb332d92fee3afc542bcceca92e7691/elements - {"using":"xpath","value":"//bdi[text()=\"OK\"]"}
RESULT: {"using":"xpath","value":"//bdi[text()=\"OK\"]"}
COMMAND: POST /session/9eb332d92fee3afc542bcceca92e7691/elements - {"using":"xpath","value":"//bdi[text()=\"OK\"]"}
RESULT: {"using":"xpath","value":"//bdi[text()=\"OK\"]"}
COMMAND: POST /session/9eb332d92fee3afc542bcceca92e7691/elements - {"using":"xpath","value":"//bdi[text()=\"OK\"]"}
RESULT: {"using":"xpath","value":"//bdi[text()=\"OK\"]"}
COMMAND: POST /session/9eb332d92fee3afc542bcceca92e7691/elements - {"using":"xpath","value":"//bdi[text()=\"OK\"]"}
RESULT: {"using":"xpath","value":"//bdi[text()=\"OK\"]"}
COMMAND: POST /session/9eb332d92fee3afc542bcceca92e7691/elements - {"using":"xpath","value":"//bdi[text()=\"OK\"]"}
RESULT: {"using":"xpath","value":"//bdi[text()=\"OK\"]"}
COMMAND: POST /session/9eb332d92fee3afc542bcceca92e7691/elements - {"using":"xpath","value":"//bdi[text()=\"OK\"]"}
RESULT: {"using":"xpath","value":"//bdi[text()=\"OK\"]"}
COMMAND: POST /session/9eb332d92fee3afc542bcceca92e7691/elements - {"using":"xpath","value":"//bdi[text()=\"OK\"]"}
RESULT: {"using":"xpath","value":"//bdi[text()=\"OK\"]"}
COMMAND: POST /session/9eb332d92fee3afc542bcceca92e7691/elements - {"using":"xpath","value":"//bdi[text()=\"OK\"]"}
RESULT: {"using":"xpath","value":"//bdi[text()=\"OK\"]"}
COMMAND: POST /session/9eb332d92fee3afc542bcceca92e7691/elements - {"using":"xpath","value":"//bdi[text()=\"OK\"]"}
RESULT: {"using":"xpath","value":"//bdi[text()=\"OK\"]"}
COMMAND: POST /session/9eb332d92fee3afc542bcceca92e7691/elements - {"using":"xpath","value":"//bdi[text()=\"OK\"]"}
RESULT: {"using":"xpath","value":"//bdi[text()=\"OK\"]"}
COMMAND: POST /session/9eb332d92fee3afc542bcceca92e7691/elements - {"using":"xpath","value":"//bdi[text()=\"OK\"]"}
RESULT: {"using":"xpath","value":"//bdi[text()=\"OK\"]"}
COMMAND: POST /session/9eb332d92fee3afc542bcceca92e7691/elements - {"using":"xpath","value":"//bdi[text()=\"OK\"]"}
RESULT: {"using":"xpath","value":"//bdi[text()=\"OK\"]"}
COMMAND: POST /session/9eb332d92fee3afc542bcceca92e7691/elements - {"using":"xpath","value":"//bdi[text()=\"OK\"]"}
RESULT: {"using":"xpath","value":"//bdi[text()=\"OK\"]"}
COMMAND: POST /session/9eb332d92fee3afc542bcceca92e7691/elements - {"using":"xpath","value":"//bdi[text()=\"OK\"]"}
RESULT: {"using":"xpath","value":"//bdi[text()=\"OK\"]"}
COMMAND: POST /session/9eb332d92fee3afc542bcceca92e7691/elements - {"using":"xpath","value":"//bdi[text()=\"OK\"]"}
RESULT: {"using":"xpath","value":"//bdi[text()=\"OK\"]"}
COMMAND: POST /session/9eb332d92fee3afc542bcceca92e7691/elements - {"using":"xpath","value":"//bdi[text()=\"OK\"]"}
RESULT: {"using":"xpath","value":"//bdi[text()=\"OK\"]"}
COMMAND: POST /session/9eb332d92fee3afc542bcceca92e7691/elements - {"using":"xpath","value":"//bdi[text()=\"OK\"]"}
RESULT: {"using":"xpath","value":"//bdi[text()=\"OK\"]"}
COMMAND: POST /session/9eb332d92fee3afc542bcceca92e7691/elements - {"using":"xpath","value":"//bdi[text()=\"OK\"]"}
RESULT: {"using":"xpath","value":"//bdi[text()=\"OK\"]"}
COMMAND: POST /session/9eb332d92fee3afc542bcceca92e7691/elements - {"using":"xpath","value":"//bdi[text()=\"OK\"]"}
RESULT: {"using":"xpath","value":"//bdi[text()=\"OK\"]"}
COMMAND: POST /session/9eb332d92fee3afc542bcceca92e7691/elements - {"using":"xpath","value":"//bdi[text()=\"OK\"]"}
RESULT: {"using":"xpath","value":"//bdi[text()=\"OK\"]"}
COMMAND: POST /session/9eb332d92fee3afc542bcceca92e7691/elements - {"using":"xpath","value":"//bdi[text()=\"OK\"]"}
RESULT: {"using":"xpath","value":"//bdi[text()=\"OK\"]"}
COMMAND: POST /session/9eb332d92fee3afc542bcceca92e7691/elements - {"using":"xpath","value":"//bdi[text()=\"OK\"]"}
RESULT: {"using":"xpath","value":"//bdi[text()=\"OK\"]"}
COMMAND: POST /session/9eb332d92fee3afc542bcceca92e7691/elements - {"using":"xpath","value":"//bdi[text()=\"OK\"]"}
RESULT: {"using":"xpath","value":"//bdi[text()=\"OK\"]"}
COMMAND: POST /session/9eb332d92fee3afc542bcceca92e7691/elements - {"using":"xpath","value":"//bdi[text()=\"OK\"]"}
RESULT: {"using":"xpath","value":"//bdi[text()=\"OK\"]"}
COMMAND: POST /session/9eb332d92fee3afc542bcceca92e7691/elements - {"using":"xpath","value":"//bdi[text()=\"OK\"]"}
RESULT: {"using":"xpath","value":"//bdi[text()=\"OK\"]"}
COMMAND: POST /session/9eb332d92fee3afc542bcceca92e7691/elements - {"using":"xpath","value":"//bdi[text()=\"OK\"]"}
RESULT: {"using":"xpath","value":"//bdi[text()=\"OK\"]"}
COMMAND: POST /session/9eb332d92fee3afc542bcceca92e7691/elements - {"using":"xpath","value":"//bdi[text()=\"OK\"]"}
RESULT: {"using":"xpath","value":"//bdi[text()=\"OK\"]"}
COMMAND: POST /session/9eb332d92fee3afc542bcceca92e7691/elements - {"using":"xpath","value":"//bdi[text()=\"OK\"]"}
RESULT: {"using":"xpath","value":"//bdi[text()=\"OK\"]"}
COMMAND: POST /session/9eb332d92fee3afc542bcceca92e7691/elements - {"using":"xpath","value":"//bdi[text()=\"OK\"]"}
RESULT: {"using":"xpath","value":"//bdi[text()=\"OK\"]"}
COMMAND: POST /session/9eb332d92fee3afc542bcceca92e7691/elements - {"using":"xpath","value":"//bdi[text()=\"OK\"]"}
RESULT: {"using":"xpath","value":"//bdi[text()=\"OK\"]"}
COMMAND: POST /session/9eb332d92fee3afc542bcceca92e7691/elements - {"using":"xpath","value":"//bdi[text()=\"OK\"]"}
RESULT: {"using":"xpath","value":"//bdi[text()=\"OK\"]"}
COMMAND: POST /session/9eb332d92fee3afc542bcceca92e7691/elements - {"using":"xpath","value":"//bdi[text()=\"OK\"]"}
RESULT: {"using":"xpath","value":"//bdi[text()=\"OK\"]"}
COMMAND: POST /session/9eb332d92fee3afc542bcceca92e7691/elements - {"using":"xpath","value":"//bdi[text()=\"OK\"]"}
RESULT: {"using":"xpath","value":"//bdi[text()=\"OK\"]"}
COMMAND: POST /session/9eb332d92fee3afc542bcceca92e7691/elements - {"using":"xpath","value":"//bdi[text()=\"OK\"]"}
RESULT: {"using":"xpath","value":"//bdi[text()=\"OK\"]"}
COMMAND: POST /session/9eb332d92fee3afc542bcceca92e7691/elements - {"using":"xpath","value":"//bdi[text()=\"OK\"]"}
RESULT: {"using":"xpath","value":"//bdi[text()=\"OK\"]"}
COMMAND: POST /session/9eb332d92fee3afc542bcceca92e7691/elements - {"using":"xpath","value":"//bdi[text()=\"OK\"]"}
RESULT: {"using":"xpath","value":"//bdi[text()=\"OK\"]"}
COMMAND: POST /session/9eb332d92fee3afc542bcceca92e7691/execute/async - {"script":"<script> [1562 bytes]","args":[{"selector":{"id":"application-manageresources-display-component---newResourceUnit--TYPE-arrow"},"wdio_ui5_key":"applicationmanageresources-display-component---newResourceUnit--TYPE-arrow"}]}
RESULT: {"script":"<script> [1562 bytes]","args":[{"selector":{"id":"application-manageresources-display-component---newResourceUnit--TYPE-arrow"},"wdio_ui5_key":"applicationmanageresources-display-component---newResourceUnit--TYPE-arrow"}]}
RESULT: undefined
COMMAND: POST /session/9eb332d92fee3afc542bcceca92e7691/element - {"using":"xpath","value":"//*[@id=\"application-manageresources-display-component---newResourceUnit--TYPE-arrow\"]"}
RESULT: {"using":"xpath","value":"//*[@id=\"application-manageresources-display-component---newResourceUnit--TYPE-arrow\"]"}
COMMAND: POST /session/9eb332d92fee3afc542bcceca92e7691/element/f.FB94101F77D2F5C7286D81464D13618E.d.A4C652C2968371A1C56B4612BAAADAB5.e.8201/click - {}
RESULT: {}
COMMAND: POST /session/9eb332d92fee3afc542bcceca92e7691/execute/async - {"script":"<script> [1562 bytes]","args":[{"selector":{"controlType":"sap.m.StandardListItem","viewName":"reusables.view.manageresources.NewResourceUnit","viewId":"application-manageresources-display-component---newResourceUnit","properties":{"title":"Equipment"},"searchOpenDialogs":true,"interaction":{"idSuffix":"content"}},"wdio_ui5_key":"reusablesview.manageresources.NewResourceUnitsap.m.StandardListItem{\"title\":\"Equipment\"}"}]}
COMMAND: GET /session/9eb332d92fee3afc542bcceca92e7691/screenshot - {}
RESULT: {"script":"<script> [1562 bytes]","args":[{"selector":{"controlType":"sap.m.StandardListItem","viewName":"reusables.view.manageresources.NewResourceUnit","viewId":"application-manageresources-display-component---newResourceUnit","properties":{"title":"Equipment"},"searchOpenDialogs":true,"interaction":{"idSuffix":"content"}},"wdio_ui5_key":"reusablesview.manageresources.NewResourceUnitsap.m.StandardListItem{\"title\":\"Equipment\"}"}]}
RESULT: undefined
COMMAND: POST /session/9eb332d92fee3afc542bcceca92e7691/element - {"using":"xpath","value":"//*[@id=\"__item139\"]"}
RESULT: {}
RESULT: {"using":"xpath","value":"//*[@id=\"__item139\"]"}
COMMAND: POST /session/9eb332d92fee3afc542bcceca92e7691/element/f.FB94101F77D2F5C7286D81464D13618E.d.A4C652C2968371A1C56B4612BAAADAB5.e.8204/click - {}
RESULT: {}
COMMAND: POST /session/9eb332d92fee3afc542bcceca92e7691/execute/async - {"script":"<script> [1562 bytes]","args":[{"selector":{"id":"application-manageresources-display-component---newResourceUnit--resourceId","interaction":{"idSuffix":"inner"}},"wdio_ui5_key":"applicationmanageresources-display-component---newResourceUnit--resourceId"}]}
COMMAND: GET /session/9eb332d92fee3afc542bcceca92e7691/screenshot - {}
RESULT: {"script":"<script> [1562 bytes]","args":[{"selector":{"id":"application-manageresources-display-component---newResourceUnit--resourceId","interaction":{"idSuffix":"inner"}},"wdio_ui5_key":"applicationmanageresources-display-component---newResourceUnit--resourceId"}]}
RESULT: undefined
COMMAND: POST /session/9eb332d92fee3afc542bcceca92e7691/execute/async - {"script":"<script> [776 bytes]","args":[{"enterText":"EquipmentCounter shizs","selector":{"id":"application-manageresources-display-component---newResourceUnit--resourceId","interaction":{"idSuffix":"inner"}},"clearTextFirst":true,"interactionType":"ENTER_TEXT"}]}
RESULT: {}
RESULT: {"script":"<script> [776 bytes]","args":[{"enterText":"EquipmentCounter shizs","selector":{"id":"application-manageresources-display-component---newResourceUnit--resourceId","interaction":{"idSuffix":"inner"}},"clearTextFirst":true,"interactionType":"ENTER_TEXT"}]}
COMMAND: POST /session/9eb332d92fee3afc542bcceca92e7691/execute/async - {"script":"<script> [1562 bytes]","args":[{"selector":{"id":"application-manageresources-display-component---newResourceUnit--SHORT_TEXT","interaction":{"idSuffix":"inner"}},"wdio_ui5_key":"applicationmanageresources-display-component---newResourceUnit--SHORT_TEXT"}]}
RESULT: {"script":"<script> [1562 bytes]","args":[{"selector":{"id":"application-manageresources-display-component---newResourceUnit--SHORT_TEXT","interaction":{"idSuffix":"inner"}},"wdio_ui5_key":"applicationmanageresources-display-component---newResourceUnit--SHORT_TEXT"}]}
RESULT: undefined
COMMAND: POST /session/9eb332d92fee3afc542bcceca92e7691/execute/async - {"script":"<script> [776 bytes]","args":[{"enterText":"EquipmentCounter shizs","selector":{"id":"application-manageresources-display-component---newResourceUnit--SHORT_TEXT","interaction":{"idSuffix":"inner"}},"clearTextFirst":true,"interactionType":"ENTER_TEXT"}]}
RESULT: {"script":"<script> [776 bytes]","args":[{"enterText":"EquipmentCounter shizs","selector":{"id":"application-manageresources-display-component---newResourceUnit--SHORT_TEXT","interaction":{"idSuffix":"inner"}},"clearTextFirst":true,"interactionType":"ENTER_TEXT"}]}
COMMAND: POST /session/9eb332d92fee3afc542bcceca92e7691/execute/async - {"script":"<script> [1562 bytes]","args":[{"selector":{"id":"application-manageresources-display-component---newResourceUnit--BASE_UNIT_OF_MEASURE","interaction":{"idSuffix":"inner"}},"wdio_ui5_key":"applicationmanageresources-display-component---newResourceUnit--BASE_UNIT_OF_MEASURE"}]}
RESULT: {"script":"<script> [1562 bytes]","args":[{"selector":{"id":"application-manageresources-display-component---newResourceUnit--BASE_UNIT_OF_MEASURE","interaction":{"idSuffix":"inner"}},"wdio_ui5_key":"applicationmanageresources-display-component---newResourceUnit--BASE_UNIT_OF_MEASURE"}]}
RESULT: undefined
COMMAND: POST /session/9eb332d92fee3afc542bcceca92e7691/execute/async - {"script":"<script> [776 bytes]","args":[{"enterText":"Piece","selector":{"id":"application-manageresources-display-component---newResourceUnit--BASE_UNIT_OF_MEASURE","interaction":{"idSuffix":"inner"}},"clearTextFirst":true,"interactionType":"ENTER_TEXT"}]}
RESULT: {"script":"<script> [776 bytes]","args":[{"enterText":"Piece","selector":{"id":"application-manageresources-display-component---newResourceUnit--BASE_UNIT_OF_MEASURE","interaction":{"idSuffix":"inner"}},"clearTextFirst":true,"interactionType":"ENTER_TEXT"}]}
COMMAND: POST /session/9eb332d92fee3afc542bcceca92e7691/execute/async - {"script":"<script> [1562 bytes]","args":[{"selector":{"id":"application-manageresources-display-component---newResourceUnit--WEIGHT_UNIT","interaction":{"idSuffix":"inner"}},"wdio_ui5_key":"applicationmanageresources-display-component---newResourceUnit--WEIGHT_UNIT"}]}
RESULT: {"script":"<script> [1562 bytes]","args":[{"selector":{"id":"application-manageresources-display-component---newResourceUnit--WEIGHT_UNIT","interaction":{"idSuffix":"inner"}},"wdio_ui5_key":"applicationmanageresources-display-component---newResourceUnit--WEIGHT_UNIT"}]}
RESULT: undefined
COMMAND: POST /session/9eb332d92fee3afc542bcceca92e7691/execute/async - {"script":"<script> [776 bytes]","args":[{"enterText":"Gram","selector":{"id":"application-manageresources-display-component---newResourceUnit--WEIGHT_UNIT","interaction":{"idSuffix":"inner"}},"clearTextFirst":true,"interactionType":"ENTER_TEXT"}]}
RESULT: {"script":"<script> [776 bytes]","args":[{"enterText":"Gram","selector":{"id":"application-manageresources-display-component---newResourceUnit--WEIGHT_UNIT","interaction":{"idSuffix":"inner"}},"clearTextFirst":true,"interactionType":"ENTER_TEXT"}]}
COMMAND: POST /session/9eb332d92fee3afc542bcceca92e7691/execute/async - {"script":"<script> [1562 bytes]","args":[{"selector":{"id":"application-manageresources-display-component---newResourceUnit--newRRUPage-OPHeaderContent-collapseBtn-img"},"wdio_ui5_key":"applicationmanageresources-display-component---newResourceUnit--newRRUPage-OPHeaderContent-collapseBtn-img"}]}
RESULT: {"script":"<script> [1562 bytes]","args":[{"selector":{"id":"application-manageresources-display-component---newResourceUnit--newRRUPage-OPHeaderContent-collapseBtn-img"},"wdio_ui5_key":"applicationmanageresources-display-component---newResourceUnit--newRRUPage-OPHeaderContent-collapseBtn-img"}]}
RESULT: undefined
COMMAND: POST /session/9eb332d92fee3afc542bcceca92e7691/element - {"using":"xpath","value":"//*[@id=\"application-manageresources-display-component---newResourceUnit--newRRUPage-OPHeaderContent-collapseBtn-img\"]"}
RESULT: {"using":"xpath","value":"//*[@id=\"application-manageresources-display-component---newResourceUnit--newRRUPage-OPHeaderContent-collapseBtn-img\"]"}
COMMAND: POST /session/9eb332d92fee3afc542bcceca92e7691/element/f.FB94101F77D2F5C7286D81464D13618E.d.A4C652C2968371A1C56B4612BAAADAB5.e.8212/click - {}
RESULT: {}
COMMAND: GET /session/9eb332d92fee3afc542bcceca92e7691/screenshot - {}
RESULT: {}
COMMAND: POST /session/9eb332d92fee3afc542bcceca92e7691/element - {"using":"xpath","value":"(//span[contains(@id ,\"application-manageresources-display-component---newResourceUnit--DIMENSION_UNIT-arrow\")])[1]"}
RESULT: {"using":"xpath","value":"(//span[contains(@id ,\"application-manageresources-display-component---newResourceUnit--DIMENSION_UNIT-arrow\")])[1]"}
COMMAND: POST /session/9eb332d92fee3afc542bcceca92e7691/element/f.FB94101F77D2F5C7286D81464D13618E.d.A4C652C2968371A1C56B4612BAAADAB5.e.8337/click - {}
RESULT: {}
COMMAND: GET /session/9eb332d92fee3afc542bcceca92e7691/screenshot - {}
RESULT: {}
COMMAND: POST /session/9eb332d92fee3afc542bcceca92e7691/execute/async - {"script":"<script> [1562 bytes]","args":[{"selector":{"controlType":"sap.m.StandardListItem","viewName":"reusables.view.manageresources.NewResourceUnit","viewId":"application-manageresources-display-component---newResourceUnit","properties":{"title":"Centimeter"},"searchOpenDialogs":true,"interaction":{"idSuffix":"titleText"}},"wdio_ui5_key":"reusablesview.manageresources.NewResourceUnitsap.m.StandardListItem{\"title\":\"Centimeter\"}"}]}
RESULT: {"script":"<script> [1562 bytes]","args":[{"selector":{"controlType":"sap.m.StandardListItem","viewName":"reusables.view.manageresources.NewResourceUnit","viewId":"application-manageresources-display-component---newResourceUnit","properties":{"title":"Centimeter"},"searchOpenDialogs":true,"interaction":{"idSuffix":"titleText"}},"wdio_ui5_key":"reusablesview.manageresources.NewResourceUnitsap.m.StandardListItem{\"title\":\"Centimeter\"}"}]}
RESULT: undefined
COMMAND: POST /session/9eb332d92fee3afc542bcceca92e7691/element - {"using":"xpath","value":"//*[@id=\"__item182\"]"}
RESULT: {"using":"xpath","value":"//*[@id=\"__item182\"]"}
COMMAND: POST /session/9eb332d92fee3afc542bcceca92e7691/element/f.FB94101F77D2F5C7286D81464D13618E.d.A4C652C2968371A1C56B4612BAAADAB5.e.8339/click - {}
RESULT: {}
COMMAND: GET /session/9eb332d92fee3afc542bcceca92e7691/screenshot - {}
RESULT: {}
COMMAND: POST /session/9eb332d92fee3afc542bcceca92e7691/execute/async - {"script":"<script> [1562 bytes]","args":[{"selector":{"id":"application-manageresources-display-component---newResourceUnit--newRRUPage-anchBar-application-manageresources-display-component---newResourceUnit--control-anchor","interaction":{"idSuffix":"BDI-content"}},"wdio_ui5_key":"applicationmanageresources-display-component---newResourceUnit--newRRUPage-anchBar-application-manageresources-display-component---newResourceUnit--control-anchor"}]}
RESULT: {"script":"<script> [1562 bytes]","args":[{"selector":{"id":"application-manageresources-display-component---newResourceUnit--newRRUPage-anchBar-application-manageresources-display-component---newResourceUnit--control-anchor","interaction":{"idSuffix":"BDI-content"}},"wdio_ui5_key":"applicationmanageresources-display-component---newResourceUnit--newRRUPage-anchBar-application-manageresources-display-component---newResourceUnit--control-anchor"}]}
RESULT: undefined
COMMAND: POST /session/9eb332d92fee3afc542bcceca92e7691/element - {"using":"xpath","value":"//*[@id=\"application-manageresources-display-component---newResourceUnit--newRRUPage-anchBar-application-manageresources-display-component---newResourceUnit--control-anchor\"]"}
RESULT: {"using":"xpath","value":"//*[@id=\"application-manageresources-display-component---newResourceUnit--newRRUPage-anchBar-application-manageresources-display-component---newResourceUnit--control-anchor\"]"}
COMMAND: POST /session/9eb332d92fee3afc542bcceca92e7691/element/f.FB94101F77D2F5C7286D81464D13618E.d.A4C652C2968371A1C56B4612BAAADAB5.e.8341/click - {}
RESULT: {}
COMMAND: POST /session/9eb332d92fee3afc542bcceca92e7691/execute/async - {"script":"<script> [1562 bytes]","args":[{"selector":{"id":"application-manageresources-display-component---newResourceUnit--PLANNING_GROUP","interaction":{"idSuffix":"inner"}},"wdio_ui5_key":"applicationmanageresources-display-component---newResourceUnit--PLANNING_GROUP"}]}
COMMAND: GET /session/9eb332d92fee3afc542bcceca92e7691/screenshot - {}
RESULT: {"script":"<script> [1562 bytes]","args":[{"selector":{"id":"application-manageresources-display-component---newResourceUnit--PLANNING_GROUP","interaction":{"idSuffix":"inner"}},"wdio_ui5_key":"applicationmanageresources-display-component---newResourceUnit--PLANNING_GROUP"}]}
RESULT: undefined
COMMAND: POST /session/9eb332d92fee3afc542bcceca92e7691/execute/async - {"script":"<script> [776 bytes]","args":[{"enterText":"Heavy Equi","selector":{"id":"application-manageresources-display-component---newResourceUnit--PLANNING_GROUP","interaction":{"idSuffix":"inner"}},"clearTextFirst":true,"interactionType":"ENTER_TEXT"}]}
RESULT: {}
RESULT: {"script":"<script> [776 bytes]","args":[{"enterText":"Heavy Equi","selector":{"id":"application-manageresources-display-component---newResourceUnit--PLANNING_GROUP","interaction":{"idSuffix":"inner"}},"clearTextFirst":true,"interactionType":"ENTER_TEXT"}]}
COMMAND: POST /session/9eb332d92fee3afc542bcceca92e7691/execute/async - {"script":"<script> [1562 bytes]","args":[{"selector":{"id":"application-manageresources-display-component---newResourceUnit--ITEM_TYPE-arrow"},"wdio_ui5_key":"applicationmanageresources-display-component---newResourceUnit--ITEM_TYPE-arrow"}]}
RESULT: {"script":"<script> [1562 bytes]","args":[{"selector":{"id":"application-manageresources-display-component---newResourceUnit--ITEM_TYPE-arrow"},"wdio_ui5_key":"applicationmanageresources-display-component---newResourceUnit--ITEM_TYPE-arrow"}]}
RESULT: undefined
COMMAND: POST /session/9eb332d92fee3afc542bcceca92e7691/element - {"using":"xpath","value":"//*[@id=\"application-manageresources-display-component---newResourceUnit--ITEM_TYPE-arrow\"]"}
RESULT: {"using":"xpath","value":"//*[@id=\"application-manageresources-display-component---newResourceUnit--ITEM_TYPE-arrow\"]"}
COMMAND: POST /session/9eb332d92fee3afc542bcceca92e7691/element/f.FB94101F77D2F5C7286D81464D13618E.d.A4C652C2968371A1C56B4612BAAADAB5.e.8346/click - {}
RESULT: {}
COMMAND: POST /session/9eb332d92fee3afc542bcceca92e7691/execute/async - {"script":"<script> [1562 bytes]","args":[{"selector":{"controlType":"sap.m.StandardListItem","viewName":"reusables.view.manageresources.NewResourceUnit","viewId":"application-manageresources-display-component---newResourceUnit","properties":{"title":"Resource Unit"},"searchOpenDialogs":true,"interaction":{"idSuffix":"titleText"}},"wdio_ui5_key":"reusablesview.manageresources.NewResourceUnitsap.m.StandardListItem{\"title\":\"Resource Unit\"}"}]}
COMMAND: GET /session/9eb332d92fee3afc542bcceca92e7691/screenshot - {}
RESULT: {"script":"<script> [1562 bytes]","args":[{"selector":{"controlType":"sap.m.StandardListItem","viewName":"reusables.view.manageresources.NewResourceUnit","viewId":"application-manageresources-display-component---newResourceUnit","properties":{"title":"Resource Unit"},"searchOpenDialogs":true,"interaction":{"idSuffix":"titleText"}},"wdio_ui5_key":"reusablesview.manageresources.NewResourceUnitsap.m.StandardListItem{\"title\":\"Resource Unit\"}"}]}
RESULT: undefined
COMMAND: POST /session/9eb332d92fee3afc542bcceca92e7691/element - {"using":"xpath","value":"//*[@id=\"__item204\"]"}
RESULT: {}
RESULT: {"using":"xpath","value":"//*[@id=\"__item204\"]"}
COMMAND: POST /session/9eb332d92fee3afc542bcceca92e7691/element/f.FB94101F77D2F5C7286D81464D13618E.d.A4C652C2968371A1C56B4612BAAADAB5.e.8348/click - {}
RESULT: {}
COMMAND: POST /session/9eb332d92fee3afc542bcceca92e7691/element - {"using":"xpath","value":"//bdi[contains(text(), \"Time Segment\")]"}
COMMAND: GET /session/9eb332d92fee3afc542bcceca92e7691/screenshot - {}
RESULT: {"using":"xpath","value":"//bdi[contains(text(), \"Time Segment\")]"}
COMMAND: GET /session/9eb332d92fee3afc542bcceca92e7691/element/f.FB94101F77D2F5C7286D81464D13618E.d.A4C652C2968371A1C56B4612BAAADAB5.e.8349/rect - {}
RESULT: {}
RESULT: {}
COMMAND: GET /session/9eb332d92fee3afc542bcceca92e7691/window/rect - {}
RESULT: {}
COMMAND: POST /session/9eb332d92fee3afc542bcceca92e7691/execute/sync - {"script":"<script> [92 bytes]","args":[]}
RESULT: {"script":"<script> [92 bytes]","args":[]}
COMMAND: POST /session/9eb332d92fee3afc542bcceca92e7691/actions - {"actions":[{"id":"action21","type":"wheel","parameters":{},"actions":[{"type":"scroll","x":-1820,"y":-21,"deltaX":0,"deltaY":0,"duration":0,"origin":{"element-6066-11e4-a52e-4f735466cecf":"f.FB94101F77D2F5C7286D81464D13618E.d.A4C652C2968371A1C56B4612BAAADAB5.e.8349"}}]}]}
COMMAND: GET /session/9eb332d92fee3afc542bcceca92e7691/screenshot - {}
RESULT: {}
COMMAND: POST /session/9eb332d92fee3afc542bcceca92e7691/execute/sync - {"script":"<script> [79 bytes]","args":[{"element-6066-11e4-a52e-4f735466cecf":"f.FB94101F77D2F5C7286D81464D13618E.d.A4C652C2968371A1C56B4612BAAADAB5.e.8349","ELEMENT":"f.FB94101F77D2F5C7286D81464D13618E.d.A4C652C2968371A1C56B4612BAAADAB5.e.8349"},{"block":"start","inline":"nearest"}]}
RESULT: {"script":"<script> [79 bytes]","args":[{"element-6066-11e4-a52e-4f735466cecf":"f.FB94101F77D2F5C7286D81464D13618E.d.A4C652C2968371A1C56B4612BAAADAB5.e.8349","ELEMENT":"f.FB94101F77D2F5C7286D81464D13618E.d.A4C652C2968371A1C56B4612BAAADAB5.e.8349"},{"block":"start","inline":"nearest"}]}
COMMAND: POST /session/9eb332d92fee3afc542bcceca92e7691/execute/async - {"script":"<script> [1562 bytes]","args":[{"selector":{"id":"application-manageresources-display-component---newResourceUnit--btnAddTimeSegment-img"},"wdio_ui5_key":"applicationmanageresources-display-component---newResourceUnit--btnAddTimeSegment-img"}]}
COMMAND: GET /session/9eb332d92fee3afc542bcceca92e7691/screenshot - {}
RESULT: {"script":"<script> [1562 bytes]","args":[{"selector":{"id":"application-manageresources-display-component---newResourceUnit--btnAddTimeSegment-img"},"wdio_ui5_key":"applicationmanageresources-display-component---newResourceUnit--btnAddTimeSegment-img"}]}
RESULT: undefined
COMMAND: POST /session/9eb332d92fee3afc542bcceca92e7691/element - {"using":"xpath","value":"//*[@id=\"application-manageresources-display-component---newResourceUnit--btnAddTimeSegment-img\"]"}
RESULT: {}
RESULT: {"using":"xpath","value":"//*[@id=\"application-manageresources-display-component---newResourceUnit--btnAddTimeSegment-img\"]"}
COMMAND: POST /session/9eb332d92fee3afc542bcceca92e7691/element/f.FB94101F77D2F5C7286D81464D13618E.d.A4C652C2968371A1C56B4612BAAADAB5.e.8352/click - {}
RESULT: {}
COMMAND: POST /session/9eb332d92fee3afc542bcceca92e7691/element - {"using":"xpath","value":"//input[@id=\"application-manageresources-display-component---newResourceUnit--idRuTSAdmin-application-manageresources-display-component---newResourceUnit--RUTimeSegment-0-inner\"]"}
COMMAND: GET /session/9eb332d92fee3afc542bcceca92e7691/screenshot - {}
RESULT: {"using":"xpath","value":"//input[@id=\"application-manageresources-display-component---newResourceUnit--idRuTSAdmin-application-manageresources-display-component---newResourceUnit--RUTimeSegment-0-inner\"]"}
COMMAND: POST /session/9eb332d92fee3afc542bcceca92e7691/element/f.FB94101F77D2F5C7286D81464D13618E.d.A4C652C2968371A1C56B4612BAAADAB5.e.8356/clear - {}
RESULT: {}
RESULT: {}
COMMAND: POST /session/9eb332d92fee3afc542bcceca92e7691/element/f.FB94101F77D2F5C7286D81464D13618E.d.A4C652C2968371A1C56B4612BAAADAB5.e.8356/value - {"text":"Webdriver Yard"}
COMMAND: GET /session/9eb332d92fee3afc542bcceca92e7691/screenshot - {}
RESULT: {"text":"Webdriver Yard"}
COMMAND: GET /session/9eb332d92fee3afc542bcceca92e7691/screenshot - {}
RESULT: {}
RESULT: {}
COMMAND: POST /session/9eb332d92fee3afc542bcceca92e7691/actions - {"actions":[{"id":"action22","type":"key","parameters":{},"actions":[{"type":"keyDown","value":"î€‡"},{"type":"pause","duration":10},{"type":"keyUp","value":"î€‡"}]}]}
RESULT: {"actions":[{"id":"action22","type":"key","parameters":{},"actions":[{"type":"keyDown","value":"î€‡"},{"type":"pause","duration":10},{"type":"keyUp","value":"î€‡"}]}]}
COMMAND: POST /session/9eb332d92fee3afc542bcceca92e7691/execute/async - {"script":"<script> [1562 bytes]","args":[{"selector":{"controlType":"sap.ui.core.Icon","viewName":"reusables.view.manageresources.NewResourceUnit","viewId":"application-manageresources-display-component---newResourceUnit","properties":{"src":{"regex":{"source":"slim\\-arrow\\-down"}}},"ancestor":{"controlType":"sap.m.ComboBox","viewName":"reusables.view.manageresources.NewResourceUnit","viewId":"application-manageresources-display-component---newResourceUnit","bindingPath":{"path":"/RESOURCE_UNIT_TIME_SEQUENCES/0","propertyPath":"COST_OBJECT_ADMIN_CST_TYPE","modelName":"oNewRruModel"}}},"wdio_ui5_key":"reusablesview.manageresources.NewResourceUnitsap.ui.core.Icon{\"src\":{\"regex\":{\"source\":\"slim\\\\-arrow\\\\-down\"}}}{\"controlType\":\"sap.m.ComboBox\",\"viewName\":\"reusables.view.manageresources.NewResourceUnit\",\"viewId\":\"application-manageresources-display-component---newResourceUnit\",\"bindingPath\":{\"path\":\"/RESOURCE_UNIT_TIME_SEQUENCES/0\",\"propertyPath\":\"COST_OBJECT_ADMIN_CST_TYPE\",\"modelName\":\"oNewRruModel\"}}"}]}
COMMAND: GET /session/9eb332d92fee3afc542bcceca92e7691/screenshot - {}
RESULT: {"script":"<script> [1562 bytes]","args":[{"selector":{"controlType":"sap.ui.core.Icon","viewName":"reusables.view.manageresources.NewResourceUnit","viewId":"application-manageresources-display-component---newResourceUnit","properties":{"src":{"regex":{"source":"slim\\-arrow\\-down"}}},"ancestor":{"controlType":"sap.m.ComboBox","viewName":"reusables.view.manageresources.NewResourceUnit","viewId":"application-manageresources-display-component---newResourceUnit","bindingPath":{"path":"/RESOURCE_UNIT_TIME_SEQUENCES/0","propertyPath":"COST_OBJECT_ADMIN_CST_TYPE","modelName":"oNewRruModel"}}},"wdio_ui5_key":"reusablesview.manageresources.NewResourceUnitsap.ui.core.Icon{\"src\":{\"regex\":{\"source\":\"slim\\\\-arrow\\\\-down\"}}}{\"controlType\":\"sap.m.ComboBox\",\"viewName\":\"reusables.view.manageresources.NewResourceUnit\",\"viewId\":\"application-manageresources-display-component---newResourceUnit\",\"bindingPath\":{\"path\":\"/RESOURCE_UNIT_TIME_SEQUENCES/0\",\"propertyPath\":\"COST_OBJECT_ADMIN_CST_TYPE\",\"modelName\":\"oNewRruModel\"}}"}]}
RESULT: undefined
COMMAND: POST /session/9eb332d92fee3afc542bcceca92e7691/element - {"using":"xpath","value":"//*[@id=\"__box4-application-manageresources-display-component---newResourceUnit--RUTimeSegment-0-arrow\"]"}
RESULT: {}
RESULT: {"using":"xpath","value":"//*[@id=\"__box4-application-manageresources-display-component---newResourceUnit--RUTimeSegment-0-arrow\"]"}
COMMAND: POST /session/9eb332d92fee3afc542bcceca92e7691/element/f.FB94101F77D2F5C7286D81464D13618E.d.A4C652C2968371A1C56B4612BAAADAB5.e.8370/click - {}
RESULT: {}
COMMAND: POST /session/9eb332d92fee3afc542bcceca92e7691/execute/async - {"script":"<script> [1562 bytes]","args":[{"selector":{"controlType":"sap.m.StandardListItem","viewName":"reusables.view.manageresources.NewResourceUnit","viewId":"application-manageresources-display-component---newResourceUnit","properties":{"title":"PM Order"},"searchOpenDialogs":true,"interaction":{"idSuffix":"titleText"}},"wdio_ui5_key":"reusablesview.manageresources.NewResourceUnitsap.m.StandardListItem{\"title\":\"PM Order\"}"}]}
COMMAND: GET /session/9eb332d92fee3afc542bcceca92e7691/screenshot - {}
RESULT: {"script":"<script> [1562 bytes]","args":[{"selector":{"controlType":"sap.m.StandardListItem","viewName":"reusables.view.manageresources.NewResourceUnit","viewId":"application-manageresources-display-component---newResourceUnit","properties":{"title":"PM Order"},"searchOpenDialogs":true,"interaction":{"idSuffix":"titleText"}},"wdio_ui5_key":"reusablesview.manageresources.NewResourceUnitsap.m.StandardListItem{\"title\":\"PM Order\"}"}]}
RESULT: undefined
COMMAND: POST /session/9eb332d92fee3afc542bcceca92e7691/element - {"using":"xpath","value":"//*[@id=\"__item1335\"]"}
RESULT: {}
RESULT: {"using":"xpath","value":"//*[@id=\"__item1335\"]"}
COMMAND: POST /session/9eb332d92fee3afc542bcceca92e7691/element/f.FB94101F77D2F5C7286D81464D13618E.d.A4C652C2968371A1C56B4612BAAADAB5.e.8374/click - {}
RESULT: {}
COMMAND: GET /session/9eb332d92fee3afc542bcceca92e7691/screenshot - {}
RESULT: {}
COMMAND: POST /session/9eb332d92fee3afc542bcceca92e7691/element - {"using":"xpath","value":"(//input[contains(@id ,\"-application-manageresources-display-component---newResourceUnit--RUTimeSegment-0-inner\")])[8]"}
RESULT: {"using":"xpath","value":"(//input[contains(@id ,\"-application-manageresources-display-component---newResourceUnit--RUTimeSegment-0-inner\")])[8]"}
COMMAND: POST /session/9eb332d92fee3afc542bcceca92e7691/element/f.FB94101F77D2F5C7286D81464D13618E.d.A4C652C2968371A1C56B4612BAAADAB5.e.8377/clear - {}
RESULT: {}
COMMAND: POST /session/9eb332d92fee3afc542bcceca92e7691/element/f.FB94101F77D2F5C7286D81464D13618E.d.A4C652C2968371A1C56B4612BAAADAB5.e.8377/value - {"text":"4000360"}
COMMAND: GET /session/9eb332d92fee3afc542bcceca92e7691/screenshot - {}
RESULT: {"text":"4000360"}
COMMAND: GET /session/9eb332d92fee3afc542bcceca92e7691/screenshot - {}
RESULT: {}
RESULT: {}
COMMAND: POST /session/9eb332d92fee3afc542bcceca92e7691/actions - {"actions":[{"id":"action23","type":"key","parameters":{},"actions":[{"type":"keyDown","value":"î€‡"},{"type":"pause","duration":10},{"type":"keyUp","value":"î€‡"}]}]}
RESULT: {"actions":[{"id":"action23","type":"key","parameters":{},"actions":[{"type":"keyDown","value":"î€‡"},{"type":"pause","duration":10},{"type":"keyUp","value":"î€‡"}]}]}
COMMAND: GET /session/9eb332d92fee3afc542bcceca92e7691/screenshot - {}
RESULT: {}
COMMAND: POST /session/9eb332d92fee3afc542bcceca92e7691/execute/async - {"script":"<script> [1562 bytes]","args":[{"selector":{"id":"application-manageresources-display-component---newResourceUnit--newTimeSegmentDateRangePicker-application-manageresources-display-component---newResourceUnit--RUTimeSegment-0","interaction":{"idSuffix":"inner"}},"wdio_ui5_key":"applicationmanageresources-display-component---newResourceUnit--newTimeSegmentDateRangePicker-application-manageresources-display-component---newResourceUnit--RUTimeSegment-0"}]}
RESULT: {"script":"<script> [1562 bytes]","args":[{"selector":{"id":"application-manageresources-display-component---newResourceUnit--newTimeSegmentDateRangePicker-application-manageresources-display-component---newResourceUnit--RUTimeSegment-0","interaction":{"idSuffix":"inner"}},"wdio_ui5_key":"applicationmanageresources-display-component---newResourceUnit--newTimeSegmentDateRangePicker-application-manageresources-display-component---newResourceUnit--RUTimeSegment-0"}]}
RESULT: undefined
COMMAND: POST /session/9eb332d92fee3afc542bcceca92e7691/execute/async - {"script":"<script> [1562 bytes]","args":[{"selector":{"id":"application-manageresources-display-component---newResourceUnit--newRRUPage-anchBar-application-manageresources-display-component---newResourceUnit--resource-anchor","interaction":{"idSuffix":"BDI-content"}},"wdio_ui5_key":"applicationmanageresources-display-component---newResourceUnit--newRRUPage-anchBar-application-manageresources-display-component---newResourceUnit--resource-anchor"}]}
RESULT: {"script":"<script> [1562 bytes]","args":[{"selector":{"id":"application-manageresources-display-component---newResourceUnit--newRRUPage-anchBar-application-manageresources-display-component---newResourceUnit--resource-anchor","interaction":{"idSuffix":"BDI-content"}},"wdio_ui5_key":"applicationmanageresources-display-component---newResourceUnit--newRRUPage-anchBar-application-manageresources-display-component---newResourceUnit--resource-anchor"}]}
RESULT: undefined
COMMAND: POST /session/9eb332d92fee3afc542bcceca92e7691/element - {"using":"xpath","value":"//*[@id=\"application-manageresources-display-component---newResourceUnit--newRRUPage-anchBar-application-manageresources-display-component---newResourceUnit--resource-anchor\"]"}
RESULT: {"using":"xpath","value":"//*[@id=\"application-manageresources-display-component---newResourceUnit--newRRUPage-anchBar-application-manageresources-display-component---newResourceUnit--resource-anchor\"]"}
COMMAND: POST /session/9eb332d92fee3afc542bcceca92e7691/element/f.FB94101F77D2F5C7286D81464D13618E.d.A4C652C2968371A1C56B4612BAAADAB5.e.8396/click - {}
RESULT: {}
COMMAND: POST /session/9eb332d92fee3afc542bcceca92e7691/execute/async - {"script":"<script> [1562 bytes]","args":[{"selector":{"id":"application-manageresources-display-component---newResourceUnit--PLANNED_DELIVERY_DATE","interaction":{"idSuffix":"inner"}},"wdio_ui5_key":"applicationmanageresources-display-component---newResourceUnit--PLANNED_DELIVERY_DATE"}]}
COMMAND: GET /session/9eb332d92fee3afc542bcceca92e7691/screenshot - {}
RESULT: {"script":"<script> [1562 bytes]","args":[{"selector":{"id":"application-manageresources-display-component---newResourceUnit--PLANNED_DELIVERY_DATE","interaction":{"idSuffix":"inner"}},"wdio_ui5_key":"applicationmanageresources-display-component---newResourceUnit--PLANNED_DELIVERY_DATE"}]}
RESULT: undefined
COMMAND: POST /session/9eb332d92fee3afc542bcceca92e7691/execute/async - {"script":"<script> [6424 bytes]","args":[{"element-6066-11e4-a52e-4f735466cecf":"f.FB94101F77D2F5C7286D81464D13618E.d.A4C652C2968371A1C56B4612BAAADAB5.e.8258"},"setValue",["06/08/24"]]}
RESULT: {}
RESULT: {"script":"<script> [6424 bytes]","args":[{"element-6066-11e4-a52e-4f735466cecf":"f.FB94101F77D2F5C7286D81464D13618E.d.A4C652C2968371A1C56B4612BAAADAB5.e.8258"},"setValue",["06/08/24"]]}
COMMAND: POST /session/9eb332d92fee3afc542bcceca92e7691/execute/async - {"script":"<script> [1562 bytes]","args":[{"selector":{"controlType":"sap.m.Button","viewName":"reusables.view.manageresources.NewResourceUnit","viewId":"application-manageresources-display-component---newResourceUnit","i18NText":{"propertyName":"tooltip","key":"save"},"interaction":{"idSuffix":"BDI-content"}},"wdio_ui5_key":"reusablesview.manageresources.NewResourceUnitsap.m.Button{\"propertyName\":\"tooltip\",\"key\":\"save\"}"}]}
RESULT: {"script":"<script> [1562 bytes]","args":[{"selector":{"controlType":"sap.m.Button","viewName":"reusables.view.manageresources.NewResourceUnit","viewId":"application-manageresources-display-component---newResourceUnit","i18NText":{"propertyName":"tooltip","key":"save"},"interaction":{"idSuffix":"BDI-content"}},"wdio_ui5_key":"reusablesview.manageresources.NewResourceUnitsap.m.Button{\"propertyName\":\"tooltip\",\"key\":\"save\"}"}]}
RESULT: undefined
COMMAND: POST /session/9eb332d92fee3afc542bcceca92e7691/element - {"using":"xpath","value":"//*[@id=\"application-manageresources-display-component---newResourceUnit--createRuButton\"]"}
RESULT: {"using":"xpath","value":"//*[@id=\"application-manageresources-display-component---newResourceUnit--createRuButton\"]"}
COMMAND: POST /session/9eb332d92fee3afc542bcceca92e7691/element/f.FB94101F77D2F5C7286D81464D13618E.d.A4C652C2968371A1C56B4612BAAADAB5.e.8218/click - {}
RESULT: {}
COMMAND: GET /session/9eb332d92fee3afc542bcceca92e7691/screenshot - {}
RESULT: {}
COMMAND: POST /session/9eb332d92fee3afc542bcceca92e7691/execute/async - {"script":"<script> [1562 bytes]","args":[{"selector":{"controlType":"sap.m.Button","properties":{"text":"Close"},"searchOpenDialogs":true,"interaction":{"idSuffix":"inner"}},"wdio_ui5_key":"sapm.Button{\"text\":\"Close\"}"}]}
RESULT: {"script":"<script> [1562 bytes]","args":[{"selector":{"controlType":"sap.m.Button","properties":{"text":"Close"},"searchOpenDialogs":true,"interaction":{"idSuffix":"inner"}},"wdio_ui5_key":"sapm.Button{\"text\":\"Close\"}"}]}
RESULT: undefined
COMMAND: POST /session/9eb332d92fee3afc542bcceca92e7691/element - {"using":"xpath","value":"//*[@id=\"__mbox-btn-0\"]"}
RESULT: {"using":"xpath","value":"//*[@id=\"__mbox-btn-0\"]"}
COMMAND: POST /session/9eb332d92fee3afc542bcceca92e7691/element/f.FB94101F77D2F5C7286D81464D13618E.d.A4C652C2968371A1C56B4612BAAADAB5.e.8402/click - {}
RESULT: {}
COMMAND: GET /session/9eb332d92fee3afc542bcceca92e7691/screenshot - {}
RESULT: {}
COMMAND: POST /session/9eb332d92fee3afc542bcceca92e7691/execute/async - {"script":"<script> [1562 bytes]","args":[{"selector":{"controlType":"sap.m.Text","viewName":"etm.portal.ui.manageresources.view.Detail","viewId":"application-manageresources-display-component---detailRU","bindingPath":{"propertyPath":"ID","modelName":"catalogModel"}},"wdio_ui5_key":"etmportal.ui.manageresources.view.Detailsap.m.Text{\"propertyPath\":\"ID\",\"modelName\":\"catalogModel\"}"}]}
RESULT: {"script":"<script> [1562 bytes]","args":[{"selector":{"controlType":"sap.m.Text","viewName":"etm.portal.ui.manageresources.view.Detail","viewId":"application-manageresources-display-component---detailRU","bindingPath":{"propertyPath":"ID","modelName":"catalogModel"}},"wdio_ui5_key":"etmportal.ui.manageresources.view.Detailsap.m.Text{\"propertyPath\":\"ID\",\"modelName\":\"catalogModel\"}"}]}
RESULT: undefined
COMMAND: POST /session/9eb332d92fee3afc542bcceca92e7691/execute/async - {"script":"<script> [6424 bytes]","args":[{"element-6066-11e4-a52e-4f735466cecf":"f.FB94101F77D2F5C7286D81464D13618E.d.A4C652C2968371A1C56B4612BAAADAB5.e.8434"},"getText",[]]}
RESULT: {"script":"<script> [6424 bytes]","args":[{"element-6066-11e4-a52e-4f735466cecf":"f.FB94101F77D2F5C7286D81464D13618E.d.A4C652C2968371A1C56B4612BAAADAB5.e.8434"},"getText",[]]}
COMMAND: POST /session/9eb332d92fee3afc542bcceca92e7691/element - {"using":"xpath","value":"//bdi[text()=\"Edit\"]"}
RESULT: {"using":"xpath","value":"//bdi[text()=\"Edit\"]"}
COMMAND: GET /session/9eb332d92fee3afc542bcceca92e7691/element/f.FB94101F77D2F5C7286D81464D13618E.d.A4C652C2968371A1C56B4612BAAADAB5.e.8435/enabled - {}
RESULT: {}
COMMAND: POST /session/9eb332d92fee3afc542bcceca92e7691/execute/sync - {"script":"<script> [8489 bytes]","args":[{"element-6066-11e4-a52e-4f735466cecf":"f.FB94101F77D2F5C7286D81464D13618E.d.A4C652C2968371A1C56B4612BAAADAB5.e.8435","ELEMENT":"f.FB94101F77D2F5C7286D81464D13618E.d.A4C652C2968371A1C56B4612BAAADAB5.e.8435"}]}
COMMAND: GET /session/9eb332d92fee3afc542bcceca92e7691/screenshot - {}
RESULT: {"script":"<script> [8489 bytes]","args":[{"element-6066-11e4-a52e-4f735466cecf":"f.FB94101F77D2F5C7286D81464D13618E.d.A4C652C2968371A1C56B4612BAAADAB5.e.8435","ELEMENT":"f.FB94101F77D2F5C7286D81464D13618E.d.A4C652C2968371A1C56B4612BAAADAB5.e.8435"}]}
COMMAND: POST /session/9eb332d92fee3afc542bcceca92e7691/execute/sync - {"script":"<script> [5351 bytes]","args":[{"element-6066-11e4-a52e-4f735466cecf":"f.FB94101F77D2F5C7286D81464D13618E.d.A4C652C2968371A1C56B4612BAAADAB5.e.8435","ELEMENT":"f.FB94101F77D2F5C7286D81464D13618E.d.A4C652C2968371A1C56B4612BAAADAB5.e.8435"}]}
COMMAND: GET /session/9eb332d92fee3afc542bcceca92e7691/screenshot - {}
RESULT: {}
RESULT: {"script":"<script> [5351 bytes]","args":[{"element-6066-11e4-a52e-4f735466cecf":"f.FB94101F77D2F5C7286D81464D13618E.d.A4C652C2968371A1C56B4612BAAADAB5.e.8435","ELEMENT":"f.FB94101F77D2F5C7286D81464D13618E.d.A4C652C2968371A1C56B4612BAAADAB5.e.8435"}]}
COMMAND: POST /session/9eb332d92fee3afc542bcceca92e7691/element/f.FB94101F77D2F5C7286D81464D13618E.d.A4C652C2968371A1C56B4612BAAADAB5.e.8435/click - {}
COMMAND: GET /session/9eb332d92fee3afc542bcceca92e7691/screenshot - {}
RESULT: {}
RESULT: {}
COMMAND: GET /session/9eb332d92fee3afc542bcceca92e7691/screenshot - {}
RESULT: {}
RESULT: {}
COMMAND: POST /session/9eb332d92fee3afc542bcceca92e7691/element - {"using":"xpath","value":"//bdi[@id=\"application-manageresources-display-component---editResource--editRruPage-anchBar-application-manageresources-display-component---editResource--counters-anchor-BDI-content\"]"}
RESULT: {"using":"xpath","value":"//bdi[@id=\"application-manageresources-display-component---editResource--editRruPage-anchBar-application-manageresources-display-component---editResource--counters-anchor-BDI-content\"]"}
COMMAND: POST /session/9eb332d92fee3afc542bcceca92e7691/execute/sync - {"script":"<script> [8489 bytes]","args":[{"element-6066-11e4-a52e-4f735466cecf":"f.FB94101F77D2F5C7286D81464D13618E.d.A4C652C2968371A1C56B4612BAAADAB5.e.8549","ELEMENT":"f.FB94101F77D2F5C7286D81464D13618E.d.A4C652C2968371A1C56B4612BAAADAB5.e.8549"}]}
RESULT: {"script":"<script> [8489 bytes]","args":[{"element-6066-11e4-a52e-4f735466cecf":"f.FB94101F77D2F5C7286D81464D13618E.d.A4C652C2968371A1C56B4612BAAADAB5.e.8549","ELEMENT":"f.FB94101F77D2F5C7286D81464D13618E.d.A4C652C2968371A1C56B4612BAAADAB5.e.8549"}]}
COMMAND: POST /session/9eb332d92fee3afc542bcceca92e7691/element/f.FB94101F77D2F5C7286D81464D13618E.d.A4C652C2968371A1C56B4612BAAADAB5.e.8549/click - {}
COMMAND: GET /session/9eb332d92fee3afc542bcceca92e7691/screenshot - {}
RESULT: {}
COMMAND: GET /session/9eb332d92fee3afc542bcceca92e7691/screenshot - {}
RESULT: {}
RESULT: {}
COMMAND: POST /session/9eb332d92fee3afc542bcceca92e7691/execute/async - {"script":"<script> [1562 bytes]","args":[{"selector":{"id":"application-manageresources-display-component---editResource--btnAddCounter-img"},"wdio_ui5_key":"applicationmanageresources-display-component---editResource--btnAddCounter-img"}]}
RESULT: {"script":"<script> [1562 bytes]","args":[{"selector":{"id":"application-manageresources-display-component---editResource--btnAddCounter-img"},"wdio_ui5_key":"applicationmanageresources-display-component---editResource--btnAddCounter-img"}]}
RESULT: undefined
COMMAND: POST /session/9eb332d92fee3afc542bcceca92e7691/element - {"using":"xpath","value":"//*[@id=\"application-manageresources-display-component---editResource--btnAddCounter-img\"]"}
RESULT: {"using":"xpath","value":"//*[@id=\"application-manageresources-display-component---editResource--btnAddCounter-img\"]"}
COMMAND: POST /session/9eb332d92fee3afc542bcceca92e7691/element/f.FB94101F77D2F5C7286D81464D13618E.d.A4C652C2968371A1C56B4612BAAADAB5.e.8584/click - {}
RESULT: {}
COMMAND: GET /session/9eb332d92fee3afc542bcceca92e7691/screenshot - {}
RESULT: {}
COMMAND: POST /session/9eb332d92fee3afc542bcceca92e7691/execute/async - {"script":"<script> [1562 bytes]","args":[{"selector":{"id":"application-manageresources-display-component---editResource--HAND_OVER_TYPE-application-manageresources-display-component---editResource--RUCounters-0","interaction":{"idSuffix":"CbBg"}},"wdio_ui5_key":"applicationmanageresources-display-component---editResource--HAND_OVER_TYPE-application-manageresources-display-component---editResource--RUCounters-0"}]}
RESULT: {"script":"<script> [1562 bytes]","args":[{"selector":{"id":"application-manageresources-display-component---editResource--HAND_OVER_TYPE-application-manageresources-display-component---editResource--RUCounters-0","interaction":{"idSuffix":"CbBg"}},"wdio_ui5_key":"applicationmanageresources-display-component---editResource--HAND_OVER_TYPE-application-manageresources-display-component---editResource--RUCounters-0"}]}
RESULT: undefined
COMMAND: POST /session/9eb332d92fee3afc542bcceca92e7691/element - {"using":"xpath","value":"//*[@id=\"application-manageresources-display-component---editResource--HAND_OVER_TYPE-application-manageresources-display-component---editResource--RUCounters-0\"]"}
RESULT: {"using":"xpath","value":"//*[@id=\"application-manageresources-display-component---editResource--HAND_OVER_TYPE-application-manageresources-display-component---editResource--RUCounters-0\"]"}
COMMAND: POST /session/9eb332d92fee3afc542bcceca92e7691/element/f.FB94101F77D2F5C7286D81464D13618E.d.A4C652C2968371A1C56B4612BAAADAB5.e.8589/click - {}
RESULT: {}
COMMAND: POST /session/9eb332d92fee3afc542bcceca92e7691/execute/async - {"script":"<script> [1562 bytes]","args":[{"selector":{"controlType":"sap.m.Button","viewName":"etm.portal.ui.manageresources.view.EditResource","viewId":"application-manageresources-display-component---editResource","i18NText":{"propertyName":"text","key":"save"},"interaction":{"idSuffix":"BDI-content"}},"wdio_ui5_key":"etmportal.ui.manageresources.view.EditResourcesap.m.Button{\"propertyName\":\"text\",\"key\":\"save\"}"}]}
COMMAND: GET /session/9eb332d92fee3afc542bcceca92e7691/screenshot - {}
RESULT: {"script":"<script> [1562 bytes]","args":[{"selector":{"controlType":"sap.m.Button","viewName":"etm.portal.ui.manageresources.view.EditResource","viewId":"application-manageresources-display-component---editResource","i18NText":{"propertyName":"text","key":"save"},"interaction":{"idSuffix":"BDI-content"}},"wdio_ui5_key":"etmportal.ui.manageresources.view.EditResourcesap.m.Button{\"propertyName\":\"text\",\"key\":\"save\"}"}]}
RESULT: undefined
COMMAND: POST /session/9eb332d92fee3afc542bcceca92e7691/element - {"using":"xpath","value":"//*[@id=\"__button90\"]"}
RESULT: {}
RESULT: {"using":"xpath","value":"//*[@id=\"__button90\"]"}
COMMAND: POST /session/9eb332d92fee3afc542bcceca92e7691/element/f.FB94101F77D2F5C7286D81464D13618E.d.A4C652C2968371A1C56B4612BAAADAB5.e.8591/click - {}
RESULT: {}
COMMAND: GET /session/9eb332d92fee3afc542bcceca92e7691/screenshot - {}
RESULT: {}
COMMAND: POST /session/9eb332d92fee3afc542bcceca92e7691/element - {"using":"css selector","value":"#shell-header-logo"}
RESULT: {"using":"css selector","value":"#shell-header-logo"}
COMMAND: POST /session/9eb332d92fee3afc542bcceca92e7691/elements - {"using":"css selector","value":"#shell-header-logo"}
RESULT: {"using":"css selector","value":"#shell-header-logo"}
COMMAND: POST /session/9eb332d92fee3afc542bcceca92e7691/execute/sync - {"script":"<script> [8489 bytes]","args":[{"element-6066-11e4-a52e-4f735466cecf":"f.FB94101F77D2F5C7286D81464D13618E.d.A4C652C2968371A1C56B4612BAAADAB5.e.7721","ELEMENT":"f.FB94101F77D2F5C7286D81464D13618E.d.A4C652C2968371A1C56B4612BAAADAB5.e.7721"}]}
RESULT: {"script":"<script> [8489 bytes]","args":[{"element-6066-11e4-a52e-4f735466cecf":"f.FB94101F77D2F5C7286D81464D13618E.d.A4C652C2968371A1C56B4612BAAADAB5.e.7721","ELEMENT":"f.FB94101F77D2F5C7286D81464D13618E.d.A4C652C2968371A1C56B4612BAAADAB5.e.7721"}]}
COMMAND: POST /session/9eb332d92fee3afc542bcceca92e7691/execute/sync - {"script":"<script> [5351 bytes]","args":[{"element-6066-11e4-a52e-4f735466cecf":"f.FB94101F77D2F5C7286D81464D13618E.d.A4C652C2968371A1C56B4612BAAADAB5.e.7721","ELEMENT":"f.FB94101F77D2F5C7286D81464D13618E.d.A4C652C2968371A1C56B4612BAAADAB5.e.7721"}]}
COMMAND: GET /session/9eb332d92fee3afc542bcceca92e7691/screenshot - {}
RESULT: {"script":"<script> [5351 bytes]","args":[{"element-6066-11e4-a52e-4f735466cecf":"f.FB94101F77D2F5C7286D81464D13618E.d.A4C652C2968371A1C56B4612BAAADAB5.e.7721","ELEMENT":"f.FB94101F77D2F5C7286D81464D13618E.d.A4C652C2968371A1C56B4612BAAADAB5.e.7721"}]}
COMMAND: POST /session/9eb332d92fee3afc542bcceca92e7691/element/f.FB94101F77D2F5C7286D81464D13618E.d.A4C652C2968371A1C56B4612BAAADAB5.e.7721/click - {}
COMMAND: GET /session/9eb332d92fee3afc542bcceca92e7691/screenshot - {}
RESULT: {}
RESULT: {}
RESULT: {}
COMMAND: GET /session/9eb332d92fee3afc542bcceca92e7691/screenshot - {}
RESULT: {}
COMMAND: POST /session/9eb332d92fee3afc542bcceca92e7691/element - {"using":"css selector","value":"#shell-header-logo"}
RESULT: {"using":"css selector","value":"#shell-header-logo"}
COMMAND: POST /session/9eb332d92fee3afc542bcceca92e7691/element/f.FB94101F77D2F5C7286D81464D13618E.d.A4C652C2968371A1C56B4612BAAADAB5.e.8605/click - {}
RESULT: {}
COMMAND: GET /session/9eb332d92fee3afc542bcceca92e7691/screenshot - {}
RESULT: {}
]]></system-out>
    </testcase>
  </testsuite>
  <testsuite timestamp="2025-05-08T06:01:32" time="80.96" tests="2" failures="0" errors="0" skipped="0">
    <properties>
      <property name="specId" value="0" />
      <property name="suiteName" value="Personnel creation and reference material verification  US120163" />
      <property name="capabilities" value="chrome.136_0_7103_49.windows" />
      <property name="file" value="file:///D:/a/1/s/test/specs/R2C/create-personnel-no-material-reference.spec.js" />
    </properties>
    <testcase classname="chrome.136_0_7103_49.windows.Personnel_creation_and_reference_material_verification__US120163" name="Should create a new personnel and verify if the material reference is visible" time="61.797">
      <system-out><![CDATA[
RESULT: undefined
COMMAND: POST /session/9eb332d92fee3afc542bcceca92e7691/element - {"using":"xpath","value":"//*[@id=\"__tile31\"]"}
RESULT: {"using":"xpath","value":"//*[@id=\"__tile31\"]"}
COMMAND: POST /session/9eb332d92fee3afc542bcceca92e7691/element/f.FB94101F77D2F5C7286D81464D13618E.d.A4C652C2968371A1C56B4612BAAADAB5.e.7743/click - {}
RESULT: {}
COMMAND: GET /session/9eb332d92fee3afc542bcceca92e7691/screenshot - {}
RESULT: {}
COMMAND: POST /session/9eb332d92fee3afc542bcceca92e7691/element - {"using":"xpath","value":"//button[@data-kt=\"addNewRUOverflowToolbarButton\"]"}
RESULT: {"using":"xpath","value":"//button[@data-kt=\"addNewRUOverflowToolbarButton\"]"}
COMMAND: POST /session/9eb332d92fee3afc542bcceca92e7691/execute/sync - {"script":"<script> [8489 bytes]","args":[{"element-6066-11e4-a52e-4f735466cecf":"f.FB94101F77D2F5C7286D81464D13618E.d.A4C652C2968371A1C56B4612BAAADAB5.e.8677","ELEMENT":"f.FB94101F77D2F5C7286D81464D13618E.d.A4C652C2968371A1C56B4612BAAADAB5.e.8677"}]}
RESULT: {"script":"<script> [8489 bytes]","args":[{"element-6066-11e4-a52e-4f735466cecf":"f.FB94101F77D2F5C7286D81464D13618E.d.A4C652C2968371A1C56B4612BAAADAB5.e.8677","ELEMENT":"f.FB94101F77D2F5C7286D81464D13618E.d.A4C652C2968371A1C56B4612BAAADAB5.e.8677"}]}
COMMAND: POST /session/9eb332d92fee3afc542bcceca92e7691/element/f.FB94101F77D2F5C7286D81464D13618E.d.A4C652C2968371A1C56B4612BAAADAB5.e.8677/click - {}
COMMAND: GET /session/9eb332d92fee3afc542bcceca92e7691/screenshot - {}
RESULT: {}
RESULT: undefined
COMMAND: POST /session/9eb332d92fee3afc542bcceca92e7691/element - {"using":"xpath","value":"//*[@id=\"application-manageresources-display-component---newResourceUnit--TYPE-arrow\"]"}
COMMAND: GET /session/9eb332d92fee3afc542bcceca92e7691/screenshot - {}
RESULT: {}
RESULT: {"using":"xpath","value":"//*[@id=\"application-manageresources-display-component---newResourceUnit--TYPE-arrow\"]"}
COMMAND: POST /session/9eb332d92fee3afc542bcceca92e7691/element/f.FB94101F77D2F5C7286D81464D13618E.d.A4C652C2968371A1C56B4612BAAADAB5.e.8986/click - {}
RESULT: {}
RESULT: {}
COMMAND: POST /session/9eb332d92fee3afc542bcceca92e7691/execute/async - {"script":"<script> [1562 bytes]","args":[{"selector":{"controlType":"sap.m.StandardListItem","viewName":"reusables.view.manageresources.NewResourceUnit","viewId":"application-manageresources-display-component---newResourceUnit","properties":{"title":"Personnel"},"searchOpenDialogs":true,"interaction":{"idSuffix":"titleText"}},"wdio_ui5_key":"reusablesview.manageresources.NewResourceUnitsap.m.StandardListItem{\"title\":\"Personnel\"}"}]}
COMMAND: GET /session/9eb332d92fee3afc542bcceca92e7691/screenshot - {}
RESULT: {"script":"<script> [1562 bytes]","args":[{"selector":{"controlType":"sap.m.StandardListItem","viewName":"reusables.view.manageresources.NewResourceUnit","viewId":"application-manageresources-display-component---newResourceUnit","properties":{"title":"Personnel"},"searchOpenDialogs":true,"interaction":{"idSuffix":"titleText"}},"wdio_ui5_key":"reusablesview.manageresources.NewResourceUnitsap.m.StandardListItem{\"title\":\"Personnel\"}"}]}
RESULT: undefined
COMMAND: POST /session/9eb332d92fee3afc542bcceca92e7691/element - {"using":"xpath","value":"//*[@id=\"__item1913\"]"}
RESULT: {}
RESULT: {"using":"xpath","value":"//*[@id=\"__item1913\"]"}
COMMAND: POST /session/9eb332d92fee3afc542bcceca92e7691/element/f.FB94101F77D2F5C7286D81464D13618E.d.A4C652C2968371A1C56B4612BAAADAB5.e.8989/click - {}
RESULT: {}
RESULT: undefined
COMMAND: POST /session/9eb332d92fee3afc542bcceca92e7691/execute/async - {"script":"<script> [776 bytes]","args":[{"enterText":"WdIOPersonnelshkpi","selector":{"id":"application-manageresources-display-component---newResourceUnit--SHORT_TEXT","interaction":{"idSuffix":"inner"}},"clearTextFirst":true,"interactionType":"ENTER_TEXT"}]}
COMMAND: GET /session/9eb332d92fee3afc542bcceca92e7691/screenshot - {}
RESULT: {"script":"<script> [776 bytes]","args":[{"enterText":"WdIOPersonnelshkpi","selector":{"id":"application-manageresources-display-component---newResourceUnit--SHORT_TEXT","interaction":{"idSuffix":"inner"}},"clearTextFirst":true,"interactionType":"ENTER_TEXT"}]}
COMMAND: POST /session/9eb332d92fee3afc542bcceca92e7691/element - {"using":"xpath","value":"//bdi[contains(text(), \"Material\")]"}
RESULT: {}
RESULT: {"using":"xpath","value":"//bdi[contains(text(), \"Material\")]"}
COMMAND: POST /session/9eb332d92fee3afc542bcceca92e7691/element - {"using":"xpath","value":"//bdi[contains(text(), \"Material\")]"}
RESULT: {"using":"xpath","value":"//bdi[contains(text(), \"Material\")]"}
COMMAND: POST /session/9eb332d92fee3afc542bcceca92e7691/execute/async - {"script":"<script> [1562 bytes]","args":[{"selector":{"id":"application-manageresources-display-component---newResourceUnit--BASE_UNIT_OF_MEASURE-arrow"},"wdio_ui5_key":"applicationmanageresources-display-component---newResourceUnit--BASE_UNIT_OF_MEASURE-arrow"}]}
RESULT: {"script":"<script> [1562 bytes]","args":[{"selector":{"id":"application-manageresources-display-component---newResourceUnit--BASE_UNIT_OF_MEASURE-arrow"},"wdio_ui5_key":"applicationmanageresources-display-component---newResourceUnit--BASE_UNIT_OF_MEASURE-arrow"}]}
RESULT: undefined
COMMAND: POST /session/9eb332d92fee3afc542bcceca92e7691/element - {"using":"xpath","value":"//*[@id=\"application-manageresources-display-component---newResourceUnit--BASE_UNIT_OF_MEASURE-arrow\"]"}
RESULT: {"using":"xpath","value":"//*[@id=\"application-manageresources-display-component---newResourceUnit--BASE_UNIT_OF_MEASURE-arrow\"]"}
COMMAND: POST /session/9eb332d92fee3afc542bcceca92e7691/element/f.FB94101F77D2F5C7286D81464D13618E.d.A4C652C2968371A1C56B4612BAAADAB5.e.9031/click - {}
RESULT: {}
COMMAND: POST /session/9eb332d92fee3afc542bcceca92e7691/execute/async - {"script":"<script> [1562 bytes]","args":[{"selector":{"controlType":"sap.m.StandardListItem","viewName":"reusables.view.manageresources.NewResourceUnit","viewId":"application-manageresources-display-component---newResourceUnit","properties":{"title":"Percent"},"searchOpenDialogs":true,"interaction":{"idSuffix":"titleText"}},"wdio_ui5_key":"reusablesview.manageresources.NewResourceUnitsap.m.StandardListItem{\"title\":\"Percent\"}"}]}
COMMAND: GET /session/9eb332d92fee3afc542bcceca92e7691/screenshot - {}
RESULT: {"script":"<script> [1562 bytes]","args":[{"selector":{"controlType":"sap.m.StandardListItem","viewName":"reusables.view.manageresources.NewResourceUnit","viewId":"application-manageresources-display-component---newResourceUnit","properties":{"title":"Percent"},"searchOpenDialogs":true,"interaction":{"idSuffix":"titleText"}},"wdio_ui5_key":"reusablesview.manageresources.NewResourceUnitsap.m.StandardListItem{\"title\":\"Percent\"}"}]}
RESULT: undefined
COMMAND: POST /session/9eb332d92fee3afc542bcceca92e7691/element - {"using":"xpath","value":"//*[@id=\"__item1935\"]"}
RESULT: {}
RESULT: {"using":"xpath","value":"//*[@id=\"__item1935\"]"}
COMMAND: POST /session/9eb332d92fee3afc542bcceca92e7691/element/f.FB94101F77D2F5C7286D81464D13618E.d.A4C652C2968371A1C56B4612BAAADAB5.e.9033/click - {}
RESULT: {}
COMMAND: POST /session/9eb332d92fee3afc542bcceca92e7691/execute/async - {"script":"<script> [1562 bytes]","args":[{"selector":{"id":"application-manageresources-display-component---newResourceUnit--PLANNING_GROUP-arrow"},"wdio_ui5_key":"applicationmanageresources-display-component---newResourceUnit--PLANNING_GROUP-arrow"}]}
COMMAND: GET /session/9eb332d92fee3afc542bcceca92e7691/screenshot - {}
RESULT: {"script":"<script> [1562 bytes]","args":[{"selector":{"id":"application-manageresources-display-component---newResourceUnit--PLANNING_GROUP-arrow"},"wdio_ui5_key":"applicationmanageresources-display-component---newResourceUnit--PLANNING_GROUP-arrow"}]}
RESULT: undefined
COMMAND: POST /session/9eb332d92fee3afc542bcceca92e7691/element - {"using":"xpath","value":"//*[@id=\"application-manageresources-display-component---newResourceUnit--PLANNING_GROUP-arrow\"]"}
RESULT: {}
RESULT: {"using":"xpath","value":"//*[@id=\"application-manageresources-display-component---newResourceUnit--PLANNING_GROUP-arrow\"]"}
COMMAND: POST /session/9eb332d92fee3afc542bcceca92e7691/element/f.FB94101F77D2F5C7286D81464D13618E.d.A4C652C2968371A1C56B4612BAAADAB5.e.9034/click - {}
RESULT: {}
COMMAND: GET /session/9eb332d92fee3afc542bcceca92e7691/screenshot - {}
RESULT: {}
COMMAND: POST /session/9eb332d92fee3afc542bcceca92e7691/execute/async - {"script":"<script> [1562 bytes]","args":[{"selector":{"controlType":"sap.m.StandardListItem","viewName":"reusables.view.manageresources.NewResourceUnit","viewId":"application-manageresources-display-component---newResourceUnit","properties":{"title":"Operating personnel"},"searchOpenDialogs":true,"interaction":{"idSuffix":"titleText"}},"wdio_ui5_key":"reusablesview.manageresources.NewResourceUnitsap.m.StandardListItem{\"title\":\"Operating personnel\"}"}]}
RESULT: {"script":"<script> [1562 bytes]","args":[{"selector":{"controlType":"sap.m.StandardListItem","viewName":"reusables.view.manageresources.NewResourceUnit","viewId":"application-manageresources-display-component---newResourceUnit","properties":{"title":"Operating personnel"},"searchOpenDialogs":true,"interaction":{"idSuffix":"titleText"}},"wdio_ui5_key":"reusablesview.manageresources.NewResourceUnitsap.m.StandardListItem{\"title\":\"Operating personnel\"}"}]}
RESULT: undefined
COMMAND: POST /session/9eb332d92fee3afc542bcceca92e7691/element - {"using":"xpath","value":"//*[@id=\"__item1944\"]"}
RESULT: {"using":"xpath","value":"//*[@id=\"__item1944\"]"}
COMMAND: POST /session/9eb332d92fee3afc542bcceca92e7691/element/f.FB94101F77D2F5C7286D81464D13618E.d.A4C652C2968371A1C56B4612BAAADAB5.e.9036/click - {}
RESULT: {}
COMMAND: GET /session/9eb332d92fee3afc542bcceca92e7691/screenshot - {}
RESULT: {}
COMMAND: POST /session/9eb332d92fee3afc542bcceca92e7691/element - {"using":"xpath","value":"//bdi[contains(text(), \"Time Segment\")]"}
RESULT: {"using":"xpath","value":"//bdi[contains(text(), \"Time Segment\")]"}
COMMAND: GET /session/9eb332d92fee3afc542bcceca92e7691/element/f.FB94101F77D2F5C7286D81464D13618E.d.A4C652C2968371A1C56B4612BAAADAB5.e.9037/rect - {}
RESULT: {}
COMMAND: GET /session/9eb332d92fee3afc542bcceca92e7691/window/rect - {}
RESULT: {}
COMMAND: POST /session/9eb332d92fee3afc542bcceca92e7691/execute/sync - {"script":"<script> [92 bytes]","args":[]}
RESULT: {"script":"<script> [92 bytes]","args":[]}
COMMAND: POST /session/9eb332d92fee3afc542bcceca92e7691/actions - {"actions":[{"id":"action24","type":"wheel","parameters":{},"actions":[{"type":"scroll","x":-1820,"y":804,"deltaX":0,"deltaY":0,"duration":0,"origin":{"element-6066-11e4-a52e-4f735466cecf":"f.FB94101F77D2F5C7286D81464D13618E.d.A4C652C2968371A1C56B4612BAAADAB5.e.9037"}}]}]}
COMMAND: GET /session/9eb332d92fee3afc542bcceca92e7691/screenshot - {}
RESULT: {}
COMMAND: POST /session/9eb332d92fee3afc542bcceca92e7691/execute/sync - {"script":"<script> [79 bytes]","args":[{"element-6066-11e4-a52e-4f735466cecf":"f.FB94101F77D2F5C7286D81464D13618E.d.A4C652C2968371A1C56B4612BAAADAB5.e.9037","ELEMENT":"f.FB94101F77D2F5C7286D81464D13618E.d.A4C652C2968371A1C56B4612BAAADAB5.e.9037"},{"block":"start","inline":"nearest"}]}
RESULT: {"script":"<script> [79 bytes]","args":[{"element-6066-11e4-a52e-4f735466cecf":"f.FB94101F77D2F5C7286D81464D13618E.d.A4C652C2968371A1C56B4612BAAADAB5.e.9037","ELEMENT":"f.FB94101F77D2F5C7286D81464D13618E.d.A4C652C2968371A1C56B4612BAAADAB5.e.9037"},{"block":"start","inline":"nearest"}]}
COMMAND: GET /session/9eb332d92fee3afc542bcceca92e7691/screenshot - {}
RESULT: {}
COMMAND: POST /session/9eb332d92fee3afc542bcceca92e7691/element - {"using":"xpath","value":"//span[@id=\"application-manageresources-display-component---newResourceUnit--btnAddTimeSegment-img\"]"}
RESULT: {"using":"xpath","value":"//span[@id=\"application-manageresources-display-component---newResourceUnit--btnAddTimeSegment-img\"]"}
COMMAND: POST /session/9eb332d92fee3afc542bcceca92e7691/execute/sync - {"script":"<script> [8489 bytes]","args":[{"element-6066-11e4-a52e-4f735466cecf":"f.FB94101F77D2F5C7286D81464D13618E.d.A4C652C2968371A1C56B4612BAAADAB5.e.9044","ELEMENT":"f.FB94101F77D2F5C7286D81464D13618E.d.A4C652C2968371A1C56B4612BAAADAB5.e.9044"}]}
RESULT: {"script":"<script> [8489 bytes]","args":[{"element-6066-11e4-a52e-4f735466cecf":"f.FB94101F77D2F5C7286D81464D13618E.d.A4C652C2968371A1C56B4612BAAADAB5.e.9044","ELEMENT":"f.FB94101F77D2F5C7286D81464D13618E.d.A4C652C2968371A1C56B4612BAAADAB5.e.9044"}]}
COMMAND: POST /session/9eb332d92fee3afc542bcceca92e7691/element/f.FB94101F77D2F5C7286D81464D13618E.d.A4C652C2968371A1C56B4612BAAADAB5.e.9044/click - {}
COMMAND: GET /session/9eb332d92fee3afc542bcceca92e7691/screenshot - {}
RESULT: {}
COMMAND: GET /session/9eb332d92fee3afc542bcceca92e7691/screenshot - {}
COMMAND: POST /session/9eb332d92fee3afc542bcceca92e7691/element - {"using":"xpath","value":"//input[@id=\"application-manageresources-display-component---newResourceUnit--idRuTSAdmin-application-manageresources-display-component---newResourceUnit--RUTimeSegment-0-inner\"]"}
RESULT: {}
RESULT: {}
RESULT: {"using":"xpath","value":"//input[@id=\"application-manageresources-display-component---newResourceUnit--idRuTSAdmin-application-manageresources-display-component---newResourceUnit--RUTimeSegment-0-inner\"]"}
COMMAND: POST /session/9eb332d92fee3afc542bcceca92e7691/element/f.FB94101F77D2F5C7286D81464D13618E.d.A4C652C2968371A1C56B4612BAAADAB5.e.9047/clear - {}
RESULT: {}
COMMAND: POST /session/9eb332d92fee3afc542bcceca92e7691/element/f.FB94101F77D2F5C7286D81464D13618E.d.A4C652C2968371A1C56B4612BAAADAB5.e.9047/value - {"text":"webdriveryard"}
COMMAND: GET /session/9eb332d92fee3afc542bcceca92e7691/screenshot - {}
RESULT: {"text":"webdriveryard"}
COMMAND: GET /session/9eb332d92fee3afc542bcceca92e7691/screenshot - {}
COMMAND: POST /session/9eb332d92fee3afc542bcceca92e7691/actions - {"actions":[{"id":"action25","type":"key","parameters":{},"actions":[{"type":"keyDown","value":"î€‡"},{"type":"pause","duration":10},{"type":"keyUp","value":"î€‡"}]}]}
RESULT: {}
RESULT: {}
RESULT: {"actions":[{"id":"action25","type":"key","parameters":{},"actions":[{"type":"keyDown","value":"î€‡"},{"type":"pause","duration":10},{"type":"keyUp","value":"î€‡"}]}]}
COMMAND: GET /session/9eb332d92fee3afc542bcceca92e7691/screenshot - {}
RESULT: {}
COMMAND: POST /session/9eb332d92fee3afc542bcceca92e7691/element - {"using":"xpath","value":"//input[contains(@id, \"application-manageresources-display-component---newResourceUnit--newControlDataDateRangePicker-inner\")]"}
RESULT: {"using":"xpath","value":"//input[contains(@id, \"application-manageresources-display-component---newResourceUnit--newControlDataDateRangePicker-inner\")]"}
COMMAND: POST /session/9eb332d92fee3afc542bcceca92e7691/element/f.FB94101F77D2F5C7286D81464D13618E.d.A4C652C2968371A1C56B4612BAAADAB5.e.9018/clear - {}
RESULT: {}
COMMAND: POST /session/9eb332d92fee3afc542bcceca92e7691/element/f.FB94101F77D2F5C7286D81464D13618E.d.A4C652C2968371A1C56B4612BAAADAB5.e.9018/value - {"text":"12/17/26 - 2/18/27"}
COMMAND: GET /session/9eb332d92fee3afc542bcceca92e7691/screenshot - {}
RESULT: {"text":"12/17/26 - 2/18/27"}
COMMAND: POST /session/9eb332d92fee3afc542bcceca92e7691/element - {"using":"xpath","value":"//bdi[contains(@id, \"application-manageresources-display-component---newResourceUnit--createRuButton-BDI-content\")]"}
COMMAND: GET /session/9eb332d92fee3afc542bcceca92e7691/screenshot - {}
RESULT: {}
RESULT: {"using":"xpath","value":"//bdi[contains(@id, \"application-manageresources-display-component---newResourceUnit--createRuButton-BDI-content\")]"}
COMMAND: POST /session/9eb332d92fee3afc542bcceca92e7691/element/f.FB94101F77D2F5C7286D81464D13618E.d.A4C652C2968371A1C56B4612BAAADAB5.e.9063/click - {}
RESULT: {}
RESULT: {}
COMMAND: GET /session/9eb332d92fee3afc542bcceca92e7691/screenshot - {}
RESULT: {}
COMMAND: POST /session/9eb332d92fee3afc542bcceca92e7691/actions - {"actions":[{"id":"action26","type":"key","parameters":{},"actions":[{"type":"keyDown","value":"î€‡"},{"type":"pause","duration":10},{"type":"keyUp","value":"î€‡"}]}]}
RESULT: {"actions":[{"id":"action26","type":"key","parameters":{},"actions":[{"type":"keyDown","value":"î€‡"},{"type":"pause","duration":10},{"type":"keyUp","value":"î€‡"}]}]}
COMMAND: GET /session/9eb332d92fee3afc542bcceca92e7691/screenshot - {}
RESULT: {}
]]></system-out>
    </testcase>
    <testcase classname="chrome.136_0_7103_49.windows.Personnel_creation_and_reference_material_verification__US120163" name="Should verify if the reference material is visible in edit and detail mode" time="16.02">
      <system-out><![CDATA[
COMMAND: POST /session/9eb332d92fee3afc542bcceca92e7691/element - {"using":"xpath","value":"//bdi[contains(text(), \"Edit\")]"}
RESULT: {"using":"xpath","value":"//bdi[contains(text(), \"Edit\")]"}
COMMAND: POST /session/9eb332d92fee3afc542bcceca92e7691/element/f.FB94101F77D2F5C7286D81464D13618E.d.A4C652C2968371A1C56B4612BAAADAB5.e.9087/click - {}
RESULT: {}
COMMAND: GET /session/9eb332d92fee3afc542bcceca92e7691/screenshot - {}
RESULT: {}
COMMAND: POST /session/9eb332d92fee3afc542bcceca92e7691/element - {"using":"xpath","value":"//bdi[contains(text(), \"Material\")]"}
RESULT: {"using":"xpath","value":"//bdi[contains(text(), \"Material\")]"}
COMMAND: POST /session/9eb332d92fee3afc542bcceca92e7691/element - {"using":"xpath","value":"//bdi[contains(text(), \"Material\")]"}
RESULT: {"using":"xpath","value":"//bdi[contains(text(), \"Material\")]"}
COMMAND: POST /session/9eb332d92fee3afc542bcceca92e7691/element - {"using":"xpath","value":"(//bdi[contains(text(), \"Save\")])[2]"}
RESULT: {"using":"xpath","value":"(//bdi[contains(text(), \"Save\")])[2]"}
COMMAND: POST /session/9eb332d92fee3afc542bcceca92e7691/element/f.FB94101F77D2F5C7286D81464D13618E.d.A4C652C2968371A1C56B4612BAAADAB5.e.9139/click - {}
RESULT: {}
COMMAND: GET /session/9eb332d92fee3afc542bcceca92e7691/screenshot - {}
RESULT: {}
COMMAND: POST /session/9eb332d92fee3afc542bcceca92e7691/element - {"using":"css selector","value":"#j_username"}
COMMAND: POST /session/9eb332d92fee3afc542bcceca92e7691/url - {"url":"https://qa-testing-00-live-etm-ui.cfapps.eu10-004.hana.ondemand.com/"}
RESULT: {"using":"css selector","value":"#j_username"}
COMMAND: POST /session/9eb332d92fee3afc542bcceca92e7691/element - {"using":"css selector","value":"#j_username"}
RESULT: {"url":"https://qa-testing-00-live-etm-ui.cfapps.eu10-004.hana.ondemand.com/"}
RESULT: undefined
COMMAND: GET /session/9eb332d92fee3afc542bcceca92e7691/screenshot - {}
RESULT: {"using":"css selector","value":"#j_username"}
COMMAND: POST /session/9eb332d92fee3afc542bcceca92e7691/element - {"using":"css selector","value":"#shell-header-logo"}
RESULT: {}
RESULT: {"using":"css selector","value":"#shell-header-logo"}
COMMAND: POST /session/9eb332d92fee3afc542bcceca92e7691/execute/sync - {"script":"<script> [8489 bytes]","args":[{"element-6066-11e4-a52e-4f735466cecf":"f.FB94101F77D2F5C7286D81464D13618E.d.EE24A10FBAB43C3DDFAEDB3F4DAC88C2.e.9162","ELEMENT":"f.FB94101F77D2F5C7286D81464D13618E.d.EE24A10FBAB43C3DDFAEDB3F4DAC88C2.e.9162"}]}
RESULT: {"script":"<script> [8489 bytes]","args":[{"element-6066-11e4-a52e-4f735466cecf":"f.FB94101F77D2F5C7286D81464D13618E.d.EE24A10FBAB43C3DDFAEDB3F4DAC88C2.e.9162","ELEMENT":"f.FB94101F77D2F5C7286D81464D13618E.d.EE24A10FBAB43C3DDFAEDB3F4DAC88C2.e.9162"}]}
COMMAND: POST /session/9eb332d92fee3afc542bcceca92e7691/element - {"using":"css selector","value":"#shell-header-logo"}
COMMAND: GET /session/9eb332d92fee3afc542bcceca92e7691/screenshot - {}
RESULT: {"using":"css selector","value":"#shell-header-logo"}
COMMAND: POST /session/9eb332d92fee3afc542bcceca92e7691/execute/sync - {"script":"<script> [8489 bytes]","args":[{"element-6066-11e4-a52e-4f735466cecf":"f.FB94101F77D2F5C7286D81464D13618E.d.EE24A10FBAB43C3DDFAEDB3F4DAC88C2.e.9162","ELEMENT":"f.FB94101F77D2F5C7286D81464D13618E.d.EE24A10FBAB43C3DDFAEDB3F4DAC88C2.e.9162"}]}
RESULT: {}
RESULT: {"script":"<script> [8489 bytes]","args":[{"element-6066-11e4-a52e-4f735466cecf":"f.FB94101F77D2F5C7286D81464D13618E.d.EE24A10FBAB43C3DDFAEDB3F4DAC88C2.e.9162","ELEMENT":"f.FB94101F77D2F5C7286D81464D13618E.d.EE24A10FBAB43C3DDFAEDB3F4DAC88C2.e.9162"}]}
COMMAND: POST /session/9eb332d92fee3afc542bcceca92e7691/execute/sync - {"script":"<script> [5351 bytes]","args":[{"element-6066-11e4-a52e-4f735466cecf":"f.FB94101F77D2F5C7286D81464D13618E.d.EE24A10FBAB43C3DDFAEDB3F4DAC88C2.e.9162","ELEMENT":"f.FB94101F77D2F5C7286D81464D13618E.d.EE24A10FBAB43C3DDFAEDB3F4DAC88C2.e.9162"}]}
COMMAND: GET /session/9eb332d92fee3afc542bcceca92e7691/screenshot - {}
RESULT: {"script":"<script> [5351 bytes]","args":[{"element-6066-11e4-a52e-4f735466cecf":"f.FB94101F77D2F5C7286D81464D13618E.d.EE24A10FBAB43C3DDFAEDB3F4DAC88C2.e.9162","ELEMENT":"f.FB94101F77D2F5C7286D81464D13618E.d.EE24A10FBAB43C3DDFAEDB3F4DAC88C2.e.9162"}]}
COMMAND: POST /session/9eb332d92fee3afc542bcceca92e7691/element - {"using":"css selector","value":"#shell-header-logo"}
COMMAND: GET /session/9eb332d92fee3afc542bcceca92e7691/screenshot - {}
RESULT: {}
RESULT: {"using":"css selector","value":"#shell-header-logo"}
COMMAND: POST /session/9eb332d92fee3afc542bcceca92e7691/element/f.FB94101F77D2F5C7286D81464D13618E.d.EE24A10FBAB43C3DDFAEDB3F4DAC88C2.e.9162/click - {}
RESULT: {}
RESULT: {}
COMMAND: GET /session/9eb332d92fee3afc542bcceca92e7691/screenshot - {}
RESULT: {}
COMMAND: POST /session/9eb332d92fee3afc542bcceca92e7691/execute/async - {"script":"<script> [189 bytes]","args":[]}
RESULT: {"script":"<script> [189 bytes]","args":[]}
COMMAND: POST /session/9eb332d92fee3afc542bcceca92e7691/execute/async - {"script":"<script> [123 bytes]","args":[]}
RESULT: {"script":"<script> [123 bytes]","args":[]}
COMMAND: POST /session/9eb332d92fee3afc542bcceca92e7691/timeouts - {"script":"<number>"}
RESULT: {"script":"<number>"}
COMMAND: GET /session/9eb332d92fee3afc542bcceca92e7691/timeouts - {}
RESULT: {}
RESULT: undefined
COMMAND: POST /session/9eb332d92fee3afc542bcceca92e7691/execute/async - {"script":"<script> [2676 bytes]","args":[]}
RESULT: {"script":"<script> [2676 bytes]","args":[]}
COMMAND: POST /session/9eb332d92fee3afc542bcceca92e7691/execute/async - {"script":"<script> [2342 bytes]","args":[{"protocol":"http","hostname":"0.0.0.0","path":"/","capabilities":{"browserName":"chrome","goog:chromeOptions":{"binary":"C:\\Program Files\\Google\\Chrome\\Application\\chrome.exe","args":["--start-maximized"]}},"logLevel":"warn","connectionRetryTimeout":120000,"connectionRetryCount":3,"logLevels":{},"enableDirectConnect":true,"strictSSL":true,"_":"65 more keys: [\"cacheDir\",\"port\",\"requestedCapabilities\",\"automationProtocol\",\"baseUrl\",\"waitforInterval\",\"waitforTimeout\",\"onReload\",\"beforeCommand\",\"afterCommand\",\"rootDir\",\"specs\",\"suites\",\"exclude\",\"groupLogsByTestSpec\",\"excludeDriverLogs\",\"bail\",\"framework\",\"reporters\",\"services\",\"maxInstances\",\"maxInstancesPerCapability\",\"injectGlobals\",\"filesToWatch\",\"execArgv\",\"runnerEnv\",\"runner\",\"shard\",\"specFileRetries\",\"specFileRetriesDelay\",\"specFileRetriesDeferred\",\"reporterSyncInterval\",\"reporterSyncTimeout\",\"cucumberFeaturesWithLineNumbers\",\"autoCompileOpts\",\"mochaOpts\",\"jasmineOpts\",\"cucumberOpts\",\"onPrepare\",\"onWorkerStart\",\"onWorkerEnd\",\"before\",\"beforeSession\",\"beforeSuite\",\"beforeHook\",\"beforeTest\",\"afterTest\",\"afterHook\",\"afterSuite\",\"afterSession\",\"after\",\"onComplete\",\"beforeAssertion\",\"afterAssertion\",\"beforeFeature\",\"beforeScenario\",\"beforeStep\",\"afterStep\",\"afterScenario\",\"afterFeature\",\"_\",\"suite\",\"$0\",\"ignoredWorkerServices\",\"wdi5\"]"}]}
RESULT: {"script":"<script> [2342 bytes]","args":[{"protocol":"http","hostname":"0.0.0.0","path":"/","capabilities":{"browserName":"chrome","goog:chromeOptions":{"binary":"C:\\Program Files\\Google\\Chrome\\Application\\chrome.exe","args":["--start-maximized"]}},"logLevel":"warn","connectionRetryTimeout":120000,"connectionRetryCount":3,"logLevels":{},"enableDirectConnect":true,"strictSSL":true,"_":"65 more keys: [\"cacheDir\",\"port\",\"requestedCapabilities\",\"automationProtocol\",\"baseUrl\",\"waitforInterval\",\"waitforTimeout\",\"onReload\",\"beforeCommand\",\"afterCommand\",\"rootDir\",\"specs\",\"suites\",\"exclude\",\"groupLogsByTestSpec\",\"excludeDriverLogs\",\"bail\",\"framework\",\"reporters\",\"services\",\"maxInstances\",\"maxInstancesPerCapability\",\"injectGlobals\",\"filesToWatch\",\"execArgv\",\"runnerEnv\",\"runner\",\"shard\",\"specFileRetries\",\"specFileRetriesDelay\",\"specFileRetriesDeferred\",\"reporterSyncInterval\",\"reporterSyncTimeout\",\"cucumberFeaturesWithLineNumbers\",\"autoCompileOpts\",\"mochaOpts\",\"jasmineOpts\",\"cucumberOpts\",\"onPrepare\",\"onWorkerStart\",\"onWorkerEnd\",\"before\",\"beforeSession\",\"beforeSuite\",\"beforeHook\",\"beforeTest\",\"afterTest\",\"afterHook\",\"afterSuite\",\"afterSession\",\"after\",\"onComplete\",\"beforeAssertion\",\"afterAssertion\",\"beforeFeature\",\"beforeScenario\",\"beforeStep\",\"afterStep\",\"afterScenario\",\"afterFeature\",\"_\",\"suite\",\"$0\",\"ignoredWorkerServices\",\"wdi5\"]"}]}
COMMAND: POST /session/9eb332d92fee3afc542bcceca92e7691/execute/async - {"script":"<script> [21126 bytes]","args":[35000]}
RESULT: {"script":"<script> [21126 bytes]","args":[35000]}
COMMAND: POST /session/9eb332d92fee3afc542bcceca92e7691/window/maximize - {}
RESULT: {}
COMMAND: POST /session/9eb332d92fee3afc542bcceca92e7691/execute/async - {"script":"<script> [1562 bytes]","args":[{"selector":{"id":"shell-header","interaction":{"idSuffix":"icon"}},"wdio_ui5_key":"shellheader"}]}
COMMAND: GET /session/9eb332d92fee3afc542bcceca92e7691/screenshot - {}
RESULT: {"script":"<script> [1562 bytes]","args":[{"selector":{"id":"shell-header","interaction":{"idSuffix":"icon"}},"wdio_ui5_key":"shellheader"}]}
RESULT: undefined
RESULT: {}
]]></system-out>
    </testcase>
  </testsuite>
  <testsuite timestamp="2025-05-08T06:02:53" time="428.793" tests="5" failures="0" errors="0" skipped="0">
    <properties>
      <property name="specId" value="0" />
      <property name="suiteName" value="Warehouse movements inventory test" />
      <property name="capabilities" value="chrome.136_0_7103_49.windows" />
      <property name="file" value="file:///D:/a/1/s/test/specs/R2C/create-resource.spec.js" />
    </properties>
    <testcase classname="chrome.136_0_7103_49.windows.Warehouse_movements_inventory_test" name="Should create a new WHM yard" time="116.607">
      <system-out><![CDATA[
COMMAND: POST /session/9eb332d92fee3afc542bcceca92e7691/execute/async - {"script":"<script> [1562 bytes]","args":[{"selector":{"controlType":"sap.m.GenericTile","properties":{"header":"Manage Yards"}},"wdio_ui5_key":"sapm.GenericTile{\"header\":\"Manage Yards\"}"}]}
RESULT: {"script":"<script> [1562 bytes]","args":[{"selector":{"controlType":"sap.m.GenericTile","properties":{"header":"Manage Yards"}},"wdio_ui5_key":"sapm.GenericTile{\"header\":\"Manage Yards\"}"}]}
RESULT: undefined
COMMAND: POST /session/9eb332d92fee3afc542bcceca92e7691/element - {"using":"xpath","value":"//*[@id=\"__tile41\"]"}
RESULT: {"using":"xpath","value":"//*[@id=\"__tile41\"]"}
COMMAND: POST /session/9eb332d92fee3afc542bcceca92e7691/element/f.FB94101F77D2F5C7286D81464D13618E.d.EE24A10FBAB43C3DDFAEDB3F4DAC88C2.e.9163/click - {}
RESULT: {}
COMMAND: GET /session/9eb332d92fee3afc542bcceca92e7691/screenshot - {}
RESULT: {}
COMMAND: POST /session/9eb332d92fee3afc542bcceca92e7691/execute/async - {"script":"<script> [1562 bytes]","args":[{"selector":{"controlType":"sap.ui.core.Icon","viewName":"etm.portal.ui.manageyards.view.Master","viewId":"application-manageyards-display-component---masterYard","properties":{"src":{"regex":{"source":"add"}}}},"wdio_ui5_key":"etmportal.ui.manageyards.view.Mastersap.ui.core.Icon{\"src\":{\"regex\":{\"source\":\"add\"}}}"}]}
RESULT: {"script":"<script> [1562 bytes]","args":[{"selector":{"controlType":"sap.ui.core.Icon","viewName":"etm.portal.ui.manageyards.view.Master","viewId":"application-manageyards-display-component---masterYard","properties":{"src":{"regex":{"source":"add"}}}},"wdio_ui5_key":"etmportal.ui.manageyards.view.Mastersap.ui.core.Icon{\"src\":{\"regex\":{\"source\":\"add\"}}}"}]}
RESULT: undefined
COMMAND: POST /session/9eb332d92fee3afc542bcceca92e7691/element - {"using":"xpath","value":"//*[@id=\"__button4-img\"]"}
RESULT: {"using":"xpath","value":"//*[@id=\"__button4-img\"]"}
COMMAND: POST /session/9eb332d92fee3afc542bcceca92e7691/element/f.FB94101F77D2F5C7286D81464D13618E.d.EE24A10FBAB43C3DDFAEDB3F4DAC88C2.e.9209/click - {}
RESULT: {}
COMMAND: GET /session/9eb332d92fee3afc542bcceca92e7691/screenshot - {}
RESULT: {}
COMMAND: POST /session/9eb332d92fee3afc542bcceca92e7691/execute/async - {"script":"<script> [1562 bytes]","args":[{"selector":{"id":"application-manageyards-display-component---NewYard--yardId","interaction":{"idSuffix":"inner"}},"wdio_ui5_key":"applicationmanageyards-display-component---NewYard--yardId"}]}
RESULT: {"script":"<script> [1562 bytes]","args":[{"selector":{"id":"application-manageyards-display-component---NewYard--yardId","interaction":{"idSuffix":"inner"}},"wdio_ui5_key":"applicationmanageyards-display-component---NewYard--yardId"}]}
RESULT: undefined
COMMAND: POST /session/9eb332d92fee3afc542bcceca92e7691/element - {"using":"xpath","value":"//*[@id=\"application-manageyards-display-component---NewYard--addressDetailDetailsName1-inner\"]"}
RESULT: {"using":"xpath","value":"//*[@id=\"application-manageyards-display-component---NewYard--addressDetailDetailsName1-inner\"]"}
COMMAND: POST /session/9eb332d92fee3afc542bcceca92e7691/element/f.FB94101F77D2F5C7286D81464D13618E.d.EE24A10FBAB43C3DDFAEDB3F4DAC88C2.e.9423/clear - {}
RESULT: {}
COMMAND: POST /session/9eb332d92fee3afc542bcceca92e7691/element/f.FB94101F77D2F5C7286D81464D13618E.d.EE24A10FBAB43C3DDFAEDB3F4DAC88C2.e.9423/value - {"text":"WebdriverWHMYardgjbdc"}
COMMAND: GET /session/9eb332d92fee3afc542bcceca92e7691/screenshot - {}
RESULT: {"text":"WebdriverWHMYardgjbdc"}
COMMAND: POST /session/9eb332d92fee3afc542bcceca92e7691/element - {"using":"xpath","value":"//*[@id=\"application-manageyards-display-component---NewYard--addressDetailDetailsLanguage-inner\"]"}
COMMAND: GET /session/9eb332d92fee3afc542bcceca92e7691/screenshot - {}
RESULT: {}
RESULT: {"using":"xpath","value":"//*[@id=\"application-manageyards-display-component---NewYard--addressDetailDetailsLanguage-inner\"]"}
COMMAND: POST /session/9eb332d92fee3afc542bcceca92e7691/element/f.FB94101F77D2F5C7286D81464D13618E.d.EE24A10FBAB43C3DDFAEDB3F4DAC88C2.e.9424/clear - {}
RESULT: {}
RESULT: {}
COMMAND: POST /session/9eb332d92fee3afc542bcceca92e7691/element/f.FB94101F77D2F5C7286D81464D13618E.d.EE24A10FBAB43C3DDFAEDB3F4DAC88C2.e.9424/value - {"text":"Romanian"}
COMMAND: GET /session/9eb332d92fee3afc542bcceca92e7691/screenshot - {}
RESULT: {"text":"Romanian"}
COMMAND: POST /session/9eb332d92fee3afc542bcceca92e7691/element - {"using":"xpath","value":"//input[contains(@id ,\"application-manageyards-display-component---NewYard--addressDetailDetailsName1-inner\")]"}
COMMAND: GET /session/9eb332d92fee3afc542bcceca92e7691/screenshot - {}
RESULT: {}
RESULT: {"using":"xpath","value":"//input[contains(@id ,\"application-manageyards-display-component---NewYard--addressDetailDetailsName1-inner\")]"}
COMMAND: GET /session/9eb332d92fee3afc542bcceca92e7691/element/f.FB94101F77D2F5C7286D81464D13618E.d.EE24A10FBAB43C3DDFAEDB3F4DAC88C2.e.9423/property/value - {}
RESULT: {}
RESULT: {}
COMMAND: GET /session/9eb332d92fee3afc542bcceca92e7691/screenshot - {}
RESULT: {}
COMMAND: POST /session/9eb332d92fee3afc542bcceca92e7691/element - {"using":"xpath","value":"//*[@id=\"application-manageyards-display-component---NewYard--addressDetailDetailsCity1-inner\"]"}
RESULT: {"using":"xpath","value":"//*[@id=\"application-manageyards-display-component---NewYard--addressDetailDetailsCity1-inner\"]"}
COMMAND: POST /session/9eb332d92fee3afc542bcceca92e7691/element/f.FB94101F77D2F5C7286D81464D13618E.d.EE24A10FBAB43C3DDFAEDB3F4DAC88C2.e.9426/clear - {}
RESULT: {}
COMMAND: POST /session/9eb332d92fee3afc542bcceca92e7691/element/f.FB94101F77D2F5C7286D81464D13618E.d.EE24A10FBAB43C3DDFAEDB3F4DAC88C2.e.9426/value - {"text":"Bucuresti"}
COMMAND: GET /session/9eb332d92fee3afc542bcceca92e7691/screenshot - {}
RESULT: {"text":"Bucuresti"}
COMMAND: GET /session/9eb332d92fee3afc542bcceca92e7691/screenshot - {}
RESULT: {}
RESULT: {}
COMMAND: POST /session/9eb332d92fee3afc542bcceca92e7691/element - {"using":"xpath","value":"//*[@id=\"application-manageyards-display-component---NewYard--addressDetailDetailsCountry-inner\"]"}
RESULT: {"using":"xpath","value":"//*[@id=\"application-manageyards-display-component---NewYard--addressDetailDetailsCountry-inner\"]"}
COMMAND: POST /session/9eb332d92fee3afc542bcceca92e7691/element/f.FB94101F77D2F5C7286D81464D13618E.d.EE24A10FBAB43C3DDFAEDB3F4DAC88C2.e.9430/clear - {}
RESULT: {}
COMMAND: POST /session/9eb332d92fee3afc542bcceca92e7691/element/f.FB94101F77D2F5C7286D81464D13618E.d.EE24A10FBAB43C3DDFAEDB3F4DAC88C2.e.9430/value - {"text":"Romania"}
COMMAND: GET /session/9eb332d92fee3afc542bcceca92e7691/screenshot - {}
RESULT: {"text":"Romania"}
COMMAND: GET /session/9eb332d92fee3afc542bcceca92e7691/screenshot - {}
RESULT: {}
RESULT: {}
COMMAND: POST /session/9eb332d92fee3afc542bcceca92e7691/execute/async - {"script":"<script> [1562 bytes]","args":[{"selector":{"controlType":"sap.m.Button","viewName":"etm.portal.ui.manageyards.view.New","viewId":"application-manageyards-display-component---NewYard","properties":{"text":"Commercial"},"interaction":{"idSuffix":"BDI-content"}},"wdio_ui5_key":"etmportal.ui.manageyards.view.Newsap.m.Button{\"text\":\"Commercial\"}"}]}
RESULT: {"script":"<script> [1562 bytes]","args":[{"selector":{"controlType":"sap.m.Button","viewName":"etm.portal.ui.manageyards.view.New","viewId":"application-manageyards-display-component---NewYard","properties":{"text":"Commercial"},"interaction":{"idSuffix":"BDI-content"}},"wdio_ui5_key":"etmportal.ui.manageyards.view.Newsap.m.Button{\"text\":\"Commercial\"}"}]}
RESULT: undefined
COMMAND: POST /session/9eb332d92fee3afc542bcceca92e7691/element - {"using":"xpath","value":"//*[@id=\"application-manageyards-display-component---NewYard--ObjectPageLayout-anchBar-__section5-anchor\"]"}
RESULT: {"using":"xpath","value":"//*[@id=\"application-manageyards-display-component---NewYard--ObjectPageLayout-anchBar-__section5-anchor\"]"}
COMMAND: POST /session/9eb332d92fee3afc542bcceca92e7691/element/f.FB94101F77D2F5C7286D81464D13618E.d.EE24A10FBAB43C3DDFAEDB3F4DAC88C2.e.9628/click - {}
RESULT: {}
COMMAND: GET /session/9eb332d92fee3afc542bcceca92e7691/screenshot - {}
RESULT: {}
COMMAND: POST /session/9eb332d92fee3afc542bcceca92e7691/element - {"using":"xpath","value":"//div[contains(text(), \"Commercial\")]"}
RESULT: {"using":"xpath","value":"//div[contains(text(), \"Commercial\")]"}
COMMAND: GET /session/9eb332d92fee3afc542bcceca92e7691/element/f.FB94101F77D2F5C7286D81464D13618E.d.EE24A10FBAB43C3DDFAEDB3F4DAC88C2.e.9637/rect - {}
RESULT: {}
COMMAND: GET /session/9eb332d92fee3afc542bcceca92e7691/window/rect - {}
RESULT: {}
COMMAND: POST /session/9eb332d92fee3afc542bcceca92e7691/execute/sync - {"script":"<script> [92 bytes]","args":[]}
RESULT: {"script":"<script> [92 bytes]","args":[]}
COMMAND: POST /session/9eb332d92fee3afc542bcceca92e7691/actions - {"actions":[{"id":"action27","type":"wheel","parameters":{},"actions":[{"type":"scroll","x":-1841,"y":-44,"deltaX":0,"deltaY":0,"duration":0,"origin":{"element-6066-11e4-a52e-4f735466cecf":"f.FB94101F77D2F5C7286D81464D13618E.d.EE24A10FBAB43C3DDFAEDB3F4DAC88C2.e.9637"}}]}]}
COMMAND: GET /session/9eb332d92fee3afc542bcceca92e7691/screenshot - {}
RESULT: {}
COMMAND: POST /session/9eb332d92fee3afc542bcceca92e7691/execute/sync - {"script":"<script> [79 bytes]","args":[{"element-6066-11e4-a52e-4f735466cecf":"f.FB94101F77D2F5C7286D81464D13618E.d.EE24A10FBAB43C3DDFAEDB3F4DAC88C2.e.9637","ELEMENT":"f.FB94101F77D2F5C7286D81464D13618E.d.EE24A10FBAB43C3DDFAEDB3F4DAC88C2.e.9637"},{"block":"start","inline":"nearest"}]}
RESULT: {"script":"<script> [79 bytes]","args":[{"element-6066-11e4-a52e-4f735466cecf":"f.FB94101F77D2F5C7286D81464D13618E.d.EE24A10FBAB43C3DDFAEDB3F4DAC88C2.e.9637","ELEMENT":"f.FB94101F77D2F5C7286D81464D13618E.d.EE24A10FBAB43C3DDFAEDB3F4DAC88C2.e.9637"},{"block":"start","inline":"nearest"}]}
COMMAND: GET /session/9eb332d92fee3afc542bcceca92e7691/screenshot - {}
RESULT: {}
COMMAND: POST /session/9eb332d92fee3afc542bcceca92e7691/execute/async - {"script":"<script> [1562 bytes]","args":[{"selector":{"id":"application-manageyards-display-component---NewYard--addressEditDetailsCostObjectCstType-arrow"},"wdio_ui5_key":"applicationmanageyards-display-component---NewYard--addressEditDetailsCostObjectCstType-arrow"}]}
RESULT: {"script":"<script> [1562 bytes]","args":[{"selector":{"id":"application-manageyards-display-component---NewYard--addressEditDetailsCostObjectCstType-arrow"},"wdio_ui5_key":"applicationmanageyards-display-component---NewYard--addressEditDetailsCostObjectCstType-arrow"}]}
RESULT: undefined
COMMAND: POST /session/9eb332d92fee3afc542bcceca92e7691/element - {"using":"xpath","value":"//*[@id=\"application-manageyards-display-component---NewYard--addressEditDetailsCostObjectCstType-arrow\"]"}
RESULT: {"using":"xpath","value":"//*[@id=\"application-manageyards-display-component---NewYard--addressEditDetailsCostObjectCstType-arrow\"]"}
COMMAND: POST /session/9eb332d92fee3afc542bcceca92e7691/element/f.FB94101F77D2F5C7286D81464D13618E.d.EE24A10FBAB43C3DDFAEDB3F4DAC88C2.e.9638/click - {}
RESULT: {}
COMMAND: POST /session/9eb332d92fee3afc542bcceca92e7691/element - {"using":"xpath","value":"//span[contains(text(), \"Cost Center\")]"}
COMMAND: GET /session/9eb332d92fee3afc542bcceca92e7691/screenshot - {}
RESULT: {"using":"xpath","value":"//span[contains(text(), \"Cost Center\")]"}
COMMAND: POST /session/9eb332d92fee3afc542bcceca92e7691/element/f.FB94101F77D2F5C7286D81464D13618E.d.EE24A10FBAB43C3DDFAEDB3F4DAC88C2.e.9639/click - {}
RESULT: {}
RESULT: {}
COMMAND: GET /session/9eb332d92fee3afc542bcceca92e7691/screenshot - {}
RESULT: {}
COMMAND: POST /session/9eb332d92fee3afc542bcceca92e7691/execute/async - {"script":"<script> [1562 bytes]","args":[{"selector":{"id":"application-manageyards-display-component---NewYard--addressNewCostObjectCstID-vhi"},"wdio_ui5_key":"applicationmanageyards-display-component---NewYard--addressNewCostObjectCstID-vhi"}]}
RESULT: {"script":"<script> [1562 bytes]","args":[{"selector":{"id":"application-manageyards-display-component---NewYard--addressNewCostObjectCstID-vhi"},"wdio_ui5_key":"applicationmanageyards-display-component---NewYard--addressNewCostObjectCstID-vhi"}]}
RESULT: undefined
COMMAND: POST /session/9eb332d92fee3afc542bcceca92e7691/element - {"using":"xpath","value":"//*[@id=\"application-manageyards-display-component---NewYard--addressNewCostObjectCstID-vhi\"]"}
RESULT: {"using":"xpath","value":"//*[@id=\"application-manageyards-display-component---NewYard--addressNewCostObjectCstID-vhi\"]"}
COMMAND: POST /session/9eb332d92fee3afc542bcceca92e7691/element/f.FB94101F77D2F5C7286D81464D13618E.d.EE24A10FBAB43C3DDFAEDB3F4DAC88C2.e.9643/click - {}
RESULT: {}
COMMAND: GET /session/9eb332d92fee3afc542bcceca92e7691/screenshot - {}
RESULT: {}
COMMAND: POST /session/9eb332d92fee3afc542bcceca92e7691/execute/async - {"script":"<script> [1562 bytes]","args":[{"selector":{"controlType":"sap.m.SearchField","properties":{"placeholder":"Search"},"searchOpenDialogs":true,"interaction":{"idSuffix":"I"}},"wdio_ui5_key":"sapm.SearchField{\"placeholder\":\"Search\"}"}]}
RESULT: {"script":"<script> [1562 bytes]","args":[{"selector":{"controlType":"sap.m.SearchField","properties":{"placeholder":"Search"},"searchOpenDialogs":true,"interaction":{"idSuffix":"I"}},"wdio_ui5_key":"sapm.SearchField{\"placeholder\":\"Search\"}"}]}
RESULT: undefined
COMMAND: POST /session/9eb332d92fee3afc542bcceca92e7691/execute/async - {"script":"<script> [776 bytes]","args":[{"enterText":"10001013","selector":{"controlType":"sap.m.SearchField","properties":{"placeholder":"Search"},"searchOpenDialogs":true,"interaction":{"idSuffix":"I"}},"clearTextFirst":true,"interactionType":"ENTER_TEXT"}]}
RESULT: {"script":"<script> [776 bytes]","args":[{"enterText":"10001013","selector":{"controlType":"sap.m.SearchField","properties":{"placeholder":"Search"},"searchOpenDialogs":true,"interaction":{"idSuffix":"I"}},"clearTextFirst":true,"interactionType":"ENTER_TEXT"}]}
COMMAND: POST /session/9eb332d92fee3afc542bcceca92e7691/actions - {"actions":[{"id":"action28","type":"key","parameters":{},"actions":[{"type":"keyDown","value":"î€‡"},{"type":"pause","duration":10},{"type":"keyUp","value":"î€‡"}]}]}
RESULT: {"actions":[{"id":"action28","type":"key","parameters":{},"actions":[{"type":"keyDown","value":"î€‡"},{"type":"pause","duration":10},{"type":"keyUp","value":"î€‡"}]}]}
COMMAND: GET /session/9eb332d92fee3afc542bcceca92e7691/screenshot - {}
RESULT: {}
COMMAND: POST /session/9eb332d92fee3afc542bcceca92e7691/element - {"using":"xpath","value":"//span[contains(text(), \"General Management\")]"}
RESULT: {"using":"xpath","value":"//span[contains(text(), \"General Management\")]"}
COMMAND: POST /session/9eb332d92fee3afc542bcceca92e7691/element/f.FB94101F77D2F5C7286D81464D13618E.d.EE24A10FBAB43C3DDFAEDB3F4DAC88C2.e.9684/click - {}
RESULT: {}
COMMAND: GET /session/9eb332d92fee3afc542bcceca92e7691/screenshot - {}
RESULT: {}
COMMAND: POST /session/9eb332d92fee3afc542bcceca92e7691/element - {"using":"xpath","value":"//bdi[contains(text(), \"OK\")]"}
RESULT: {"using":"xpath","value":"//bdi[contains(text(), \"OK\")]"}
COMMAND: POST /session/9eb332d92fee3afc542bcceca92e7691/element/f.FB94101F77D2F5C7286D81464D13618E.d.EE24A10FBAB43C3DDFAEDB3F4DAC88C2.e.9685/click - {}
RESULT: {}
COMMAND: GET /session/9eb332d92fee3afc542bcceca92e7691/screenshot - {}
RESULT: {}
COMMAND: POST /session/9eb332d92fee3afc542bcceca92e7691/execute/async - {"script":"<script> [1562 bytes]","args":[{"selector":{"id":"application-manageyards-display-component---NewYard--addressEditDetailsCurrency","interaction":{"idSuffix":"inner"}},"wdio_ui5_key":"applicationmanageyards-display-component---NewYard--addressEditDetailsCurrency"}]}
RESULT: {"script":"<script> [1562 bytes]","args":[{"selector":{"id":"application-manageyards-display-component---NewYard--addressEditDetailsCurrency","interaction":{"idSuffix":"inner"}},"wdio_ui5_key":"applicationmanageyards-display-component---NewYard--addressEditDetailsCurrency"}]}
RESULT: undefined
COMMAND: POST /session/9eb332d92fee3afc542bcceca92e7691/execute/async - {"script":"<script> [776 bytes]","args":[{"enterText":"Euro","selector":{"id":"application-manageyards-display-component---NewYard--addressEditDetailsCurrency","interaction":{"idSuffix":"inner"}},"clearTextFirst":true,"interactionType":"ENTER_TEXT"}]}
RESULT: {"script":"<script> [776 bytes]","args":[{"enterText":"Euro","selector":{"id":"application-manageyards-display-component---NewYard--addressEditDetailsCurrency","interaction":{"idSuffix":"inner"}},"clearTextFirst":true,"interactionType":"ENTER_TEXT"}]}
COMMAND: POST /session/9eb332d92fee3afc542bcceca92e7691/execute/async - {"script":"<script> [1562 bytes]","args":[{"selector":{"controlType":"sap.m.Input","viewName":"etm.portal.ui.manageyards.view.New","viewId":"application-manageyards-display-component---NewYard","bindingPath":{"path":"","propertyPath":"/CONTROLLING_AREA","modelName":"NewYardModel"},"interaction":{"idSuffix":"inner"}},"wdio_ui5_key":"etmportal.ui.manageyards.view.Newsap.m.Input{\"path\":\"\",\"propertyPath\":\"/CONTROLLING_AREA\",\"modelName\":\"NewYardModel\"}"}]}
RESULT: {"script":"<script> [1562 bytes]","args":[{"selector":{"controlType":"sap.m.Input","viewName":"etm.portal.ui.manageyards.view.New","viewId":"application-manageyards-display-component---NewYard","bindingPath":{"path":"","propertyPath":"/CONTROLLING_AREA","modelName":"NewYardModel"},"interaction":{"idSuffix":"inner"}},"wdio_ui5_key":"etmportal.ui.manageyards.view.Newsap.m.Input{\"path\":\"\",\"propertyPath\":\"/CONTROLLING_AREA\",\"modelName\":\"NewYardModel\"}"}]}
RESULT: undefined
COMMAND: POST /session/9eb332d92fee3afc542bcceca92e7691/execute/async - {"script":"<script> [776 bytes]","args":[{"enterText":"Z001","selector":{"controlType":"sap.m.Input","viewName":"etm.portal.ui.manageyards.view.New","viewId":"application-manageyards-display-component---NewYard","bindingPath":{"path":"","propertyPath":"/CONTROLLING_AREA","modelName":"NewYardModel"},"interaction":{"idSuffix":"inner"}},"clearTextFirst":true,"interactionType":"ENTER_TEXT"}]}
RESULT: {"script":"<script> [776 bytes]","args":[{"enterText":"Z001","selector":{"controlType":"sap.m.Input","viewName":"etm.portal.ui.manageyards.view.New","viewId":"application-manageyards-display-component---NewYard","bindingPath":{"path":"","propertyPath":"/CONTROLLING_AREA","modelName":"NewYardModel"},"interaction":{"idSuffix":"inner"}},"clearTextFirst":true,"interactionType":"ENTER_TEXT"}]}
COMMAND: POST /session/9eb332d92fee3afc542bcceca92e7691/execute/async - {"script":"<script> [1562 bytes]","args":[{"selector":{"id":"application-manageyards-display-component---NewYard--companyCodeComboBox","interaction":{"idSuffix":"inner"}},"wdio_ui5_key":"applicationmanageyards-display-component---NewYard--companyCodeComboBox"}]}
RESULT: {"script":"<script> [1562 bytes]","args":[{"selector":{"id":"application-manageyards-display-component---NewYard--companyCodeComboBox","interaction":{"idSuffix":"inner"}},"wdio_ui5_key":"applicationmanageyards-display-component---NewYard--companyCodeComboBox"}]}
RESULT: undefined
COMMAND: POST /session/9eb332d92fee3afc542bcceca92e7691/execute/async - {"script":"<script> [776 bytes]","args":[{"enterText":"1000","selector":{"id":"application-manageyards-display-component---NewYard--companyCodeComboBox","interaction":{"idSuffix":"inner"}},"clearTextFirst":true,"interactionType":"ENTER_TEXT"}]}
RESULT: {"script":"<script> [776 bytes]","args":[{"enterText":"1000","selector":{"id":"application-manageyards-display-component---NewYard--companyCodeComboBox","interaction":{"idSuffix":"inner"}},"clearTextFirst":true,"interactionType":"ENTER_TEXT"}]}
COMMAND: POST /session/9eb332d92fee3afc542bcceca92e7691/actions - {"actions":[{"id":"action29","type":"key","parameters":{},"actions":[{"type":"keyDown","value":"î€‡"},{"type":"pause","duration":10},{"type":"keyUp","value":"î€‡"}]}]}
RESULT: {"actions":[{"id":"action29","type":"key","parameters":{},"actions":[{"type":"keyDown","value":"î€‡"},{"type":"pause","duration":10},{"type":"keyUp","value":"î€‡"}]}]}
COMMAND: POST /session/9eb332d92fee3afc542bcceca92e7691/execute/async - {"script":"<script> [1562 bytes]","args":[{"selector":{"controlType":"sap.m.Input","viewName":"etm.portal.ui.manageyards.view.New","viewId":"application-manageyards-display-component---NewYard","bindingPath":{"path":"","propertyPath":"/PLANT","modelName":"NewYardModel"},"interaction":{"idSuffix":"inner"}},"wdio_ui5_key":"etmportal.ui.manageyards.view.Newsap.m.Input{\"path\":\"\",\"propertyPath\":\"/PLANT\",\"modelName\":\"NewYardModel\"}"}]}
COMMAND: GET /session/9eb332d92fee3afc542bcceca92e7691/screenshot - {}
RESULT: {"script":"<script> [1562 bytes]","args":[{"selector":{"controlType":"sap.m.Input","viewName":"etm.portal.ui.manageyards.view.New","viewId":"application-manageyards-display-component---NewYard","bindingPath":{"path":"","propertyPath":"/PLANT","modelName":"NewYardModel"},"interaction":{"idSuffix":"inner"}},"wdio_ui5_key":"etmportal.ui.manageyards.view.Newsap.m.Input{\"path\":\"\",\"propertyPath\":\"/PLANT\",\"modelName\":\"NewYardModel\"}"}]}
RESULT: undefined
COMMAND: POST /session/9eb332d92fee3afc542bcceca92e7691/execute/async - {"script":"<script> [776 bytes]","args":[{"enterText":"1001","selector":{"controlType":"sap.m.Input","viewName":"etm.portal.ui.manageyards.view.New","viewId":"application-manageyards-display-component---NewYard","bindingPath":{"path":"","propertyPath":"/PLANT","modelName":"NewYardModel"},"interaction":{"idSuffix":"inner"}},"clearTextFirst":true,"interactionType":"ENTER_TEXT"}]}
RESULT: {}
RESULT: {"script":"<script> [776 bytes]","args":[{"enterText":"1001","selector":{"controlType":"sap.m.Input","viewName":"etm.portal.ui.manageyards.view.New","viewId":"application-manageyards-display-component---NewYard","bindingPath":{"path":"","propertyPath":"/PLANT","modelName":"NewYardModel"},"interaction":{"idSuffix":"inner"}},"clearTextFirst":true,"interactionType":"ENTER_TEXT"}]}
COMMAND: POST /session/9eb332d92fee3afc542bcceca92e7691/execute/async - {"script":"<script> [1562 bytes]","args":[{"selector":{"controlType":"sap.m.Input","viewName":"etm.portal.ui.manageyards.view.New","viewId":"application-manageyards-display-component---NewYard","bindingPath":{"path":"","propertyPath":"/SALES_AREA_VKORG","modelName":"NewYardModel"},"interaction":{"idSuffix":"inner"}},"wdio_ui5_key":"etmportal.ui.manageyards.view.Newsap.m.Input{\"path\":\"\",\"propertyPath\":\"/SALES_AREA_VKORG\",\"modelName\":\"NewYardModel\"}"}]}
RESULT: {"script":"<script> [1562 bytes]","args":[{"selector":{"controlType":"sap.m.Input","viewName":"etm.portal.ui.manageyards.view.New","viewId":"application-manageyards-display-component---NewYard","bindingPath":{"path":"","propertyPath":"/SALES_AREA_VKORG","modelName":"NewYardModel"},"interaction":{"idSuffix":"inner"}},"wdio_ui5_key":"etmportal.ui.manageyards.view.Newsap.m.Input{\"path\":\"\",\"propertyPath\":\"/SALES_AREA_VKORG\",\"modelName\":\"NewYardModel\"}"}]}
RESULT: undefined
COMMAND: POST /session/9eb332d92fee3afc542bcceca92e7691/execute/async - {"script":"<script> [776 bytes]","args":[{"enterText":"C002","selector":{"controlType":"sap.m.Input","viewName":"etm.portal.ui.manageyards.view.New","viewId":"application-manageyards-display-component---NewYard","bindingPath":{"path":"","propertyPath":"/SALES_AREA_VKORG","modelName":"NewYardModel"},"interaction":{"idSuffix":"inner"}},"clearTextFirst":true,"interactionType":"ENTER_TEXT"}]}
RESULT: {"script":"<script> [776 bytes]","args":[{"enterText":"C002","selector":{"controlType":"sap.m.Input","viewName":"etm.portal.ui.manageyards.view.New","viewId":"application-manageyards-display-component---NewYard","bindingPath":{"path":"","propertyPath":"/SALES_AREA_VKORG","modelName":"NewYardModel"},"interaction":{"idSuffix":"inner"}},"clearTextFirst":true,"interactionType":"ENTER_TEXT"}]}
COMMAND: POST /session/9eb332d92fee3afc542bcceca92e7691/execute/async - {"script":"<script> [1562 bytes]","args":[{"selector":{"controlType":"sap.m.Input","viewName":"etm.portal.ui.manageyards.view.New","viewId":"application-manageyards-display-component---NewYard","bindingPath":{"path":"","propertyPath":"/SALES_AREA_VTWEG","modelName":"NewYardModel"},"interaction":{"idSuffix":"inner"}},"wdio_ui5_key":"etmportal.ui.manageyards.view.Newsap.m.Input{\"path\":\"\",\"propertyPath\":\"/SALES_AREA_VTWEG\",\"modelName\":\"NewYardModel\"}"}]}
RESULT: {"script":"<script> [1562 bytes]","args":[{"selector":{"controlType":"sap.m.Input","viewName":"etm.portal.ui.manageyards.view.New","viewId":"application-manageyards-display-component---NewYard","bindingPath":{"path":"","propertyPath":"/SALES_AREA_VTWEG","modelName":"NewYardModel"},"interaction":{"idSuffix":"inner"}},"wdio_ui5_key":"etmportal.ui.manageyards.view.Newsap.m.Input{\"path\":\"\",\"propertyPath\":\"/SALES_AREA_VTWEG\",\"modelName\":\"NewYardModel\"}"}]}
RESULT: undefined
COMMAND: POST /session/9eb332d92fee3afc542bcceca92e7691/execute/async - {"script":"<script> [776 bytes]","args":[{"enterText":"C2","selector":{"controlType":"sap.m.Input","viewName":"etm.portal.ui.manageyards.view.New","viewId":"application-manageyards-display-component---NewYard","bindingPath":{"path":"","propertyPath":"/SALES_AREA_VTWEG","modelName":"NewYardModel"},"interaction":{"idSuffix":"inner"}},"clearTextFirst":true,"interactionType":"ENTER_TEXT"}]}
RESULT: {"script":"<script> [776 bytes]","args":[{"enterText":"C2","selector":{"controlType":"sap.m.Input","viewName":"etm.portal.ui.manageyards.view.New","viewId":"application-manageyards-display-component---NewYard","bindingPath":{"path":"","propertyPath":"/SALES_AREA_VTWEG","modelName":"NewYardModel"},"interaction":{"idSuffix":"inner"}},"clearTextFirst":true,"interactionType":"ENTER_TEXT"}]}
COMMAND: POST /session/9eb332d92fee3afc542bcceca92e7691/execute/async - {"script":"<script> [1562 bytes]","args":[{"selector":{"controlType":"sap.m.Input","viewName":"etm.portal.ui.manageyards.view.New","viewId":"application-manageyards-display-component---NewYard","bindingPath":{"path":"","propertyPath":"/SALES_AREA_SPART","modelName":"NewYardModel"},"interaction":{"idSuffix":"inner"}},"wdio_ui5_key":"etmportal.ui.manageyards.view.Newsap.m.Input{\"path\":\"\",\"propertyPath\":\"/SALES_AREA_SPART\",\"modelName\":\"NewYardModel\"}"}]}
RESULT: {"script":"<script> [1562 bytes]","args":[{"selector":{"controlType":"sap.m.Input","viewName":"etm.portal.ui.manageyards.view.New","viewId":"application-manageyards-display-component---NewYard","bindingPath":{"path":"","propertyPath":"/SALES_AREA_SPART","modelName":"NewYardModel"},"interaction":{"idSuffix":"inner"}},"wdio_ui5_key":"etmportal.ui.manageyards.view.Newsap.m.Input{\"path\":\"\",\"propertyPath\":\"/SALES_AREA_SPART\",\"modelName\":\"NewYardModel\"}"}]}
RESULT: undefined
COMMAND: POST /session/9eb332d92fee3afc542bcceca92e7691/execute/async - {"script":"<script> [776 bytes]","args":[{"enterText":"C2","selector":{"controlType":"sap.m.Input","viewName":"etm.portal.ui.manageyards.view.New","viewId":"application-manageyards-display-component---NewYard","bindingPath":{"path":"","propertyPath":"/SALES_AREA_SPART","modelName":"NewYardModel"},"interaction":{"idSuffix":"inner"}},"clearTextFirst":true,"interactionType":"ENTER_TEXT"}]}
RESULT: {"script":"<script> [776 bytes]","args":[{"enterText":"C2","selector":{"controlType":"sap.m.Input","viewName":"etm.portal.ui.manageyards.view.New","viewId":"application-manageyards-display-component---NewYard","bindingPath":{"path":"","propertyPath":"/SALES_AREA_SPART","modelName":"NewYardModel"},"interaction":{"idSuffix":"inner"}},"clearTextFirst":true,"interactionType":"ENTER_TEXT"}]}
COMMAND: POST /session/9eb332d92fee3afc542bcceca92e7691/execute/async - {"script":"<script> [1562 bytes]","args":[{"selector":{"id":"application-manageyards-display-component---NewYard--whmCheckBox","interaction":{"idSuffix":"CbBg"}},"wdio_ui5_key":"applicationmanageyards-display-component---NewYard--whmCheckBox"}]}
RESULT: {"script":"<script> [1562 bytes]","args":[{"selector":{"id":"application-manageyards-display-component---NewYard--whmCheckBox","interaction":{"idSuffix":"CbBg"}},"wdio_ui5_key":"applicationmanageyards-display-component---NewYard--whmCheckBox"}]}
RESULT: undefined
COMMAND: POST /session/9eb332d92fee3afc542bcceca92e7691/element - {"using":"xpath","value":"//*[@id=\"application-manageyards-display-component---NewYard--whmCheckBox\"]"}
RESULT: {"using":"xpath","value":"//*[@id=\"application-manageyards-display-component---NewYard--whmCheckBox\"]"}
COMMAND: POST /session/9eb332d92fee3afc542bcceca92e7691/element/f.FB94101F77D2F5C7286D81464D13618E.d.EE24A10FBAB43C3DDFAEDB3F4DAC88C2.e.9696/click - {}
RESULT: {}
COMMAND: POST /session/9eb332d92fee3afc542bcceca92e7691/execute/async - {"script":"<script> [1562 bytes]","args":[{"selector":{"controlType":"sap.m.Button","viewName":"etm.portal.ui.manageyards.view.New","viewId":"application-manageyards-display-component---NewYard","i18NText":{"propertyName":"text","key":"save"},"interaction":{"idSuffix":"inner"}},"wdio_ui5_key":"etmportal.ui.manageyards.view.Newsap.m.Button{\"propertyName\":\"text\",\"key\":\"save\"}"}]}
COMMAND: GET /session/9eb332d92fee3afc542bcceca92e7691/screenshot - {}
RESULT: {"script":"<script> [1562 bytes]","args":[{"selector":{"controlType":"sap.m.Button","viewName":"etm.portal.ui.manageyards.view.New","viewId":"application-manageyards-display-component---NewYard","i18NText":{"propertyName":"text","key":"save"},"interaction":{"idSuffix":"inner"}},"wdio_ui5_key":"etmportal.ui.manageyards.view.Newsap.m.Button{\"propertyName\":\"text\",\"key\":\"save\"}"}]}
RESULT: undefined
COMMAND: POST /session/9eb332d92fee3afc542bcceca92e7691/element - {"using":"xpath","value":"//*[@id=\"__button18\"]"}
RESULT: {}
RESULT: {"using":"xpath","value":"//*[@id=\"__button18\"]"}
COMMAND: POST /session/9eb332d92fee3afc542bcceca92e7691/element/f.FB94101F77D2F5C7286D81464D13618E.d.EE24A10FBAB43C3DDFAEDB3F4DAC88C2.e.9603/click - {}
RESULT: {}
COMMAND: GET /session/9eb332d92fee3afc542bcceca92e7691/screenshot - {}
RESULT: {}
COMMAND: POST /session/9eb332d92fee3afc542bcceca92e7691/element - {"using":"css selector","value":"#shell-header-logo"}
RESULT: {"using":"css selector","value":"#shell-header-logo"}
COMMAND: POST /session/9eb332d92fee3afc542bcceca92e7691/element/f.FB94101F77D2F5C7286D81464D13618E.d.EE24A10FBAB43C3DDFAEDB3F4DAC88C2.e.9162/click - {}
RESULT: {}
COMMAND: GET /session/9eb332d92fee3afc542bcceca92e7691/screenshot - {}
RESULT: {}
COMMAND: POST /session/9eb332d92fee3afc542bcceca92e7691/refresh - {}
RESULT: {}
COMMAND: GET /session/9eb332d92fee3afc542bcceca92e7691/screenshot - {}
RESULT: {}
COMMAND: POST /session/9eb332d92fee3afc542bcceca92e7691/execute/async - {"script":"<script> [189 bytes]","args":[]}
RESULT: {"script":"<script> [189 bytes]","args":[]}
COMMAND: POST /session/9eb332d92fee3afc542bcceca92e7691/execute/async - {"script":"<script> [123 bytes]","args":[]}
RESULT: {"script":"<script> [123 bytes]","args":[]}
COMMAND: POST /session/9eb332d92fee3afc542bcceca92e7691/timeouts - {"script":"<number>"}
RESULT: {"script":"<number>"}
COMMAND: GET /session/9eb332d92fee3afc542bcceca92e7691/timeouts - {}
RESULT: {}
RESULT: undefined
COMMAND: POST /session/9eb332d92fee3afc542bcceca92e7691/execute/async - {"script":"<script> [2676 bytes]","args":[]}
RESULT: {"script":"<script> [2676 bytes]","args":[]}
COMMAND: POST /session/9eb332d92fee3afc542bcceca92e7691/execute/async - {"script":"<script> [2342 bytes]","args":[{"protocol":"http","hostname":"0.0.0.0","path":"/","capabilities":{"browserName":"chrome","goog:chromeOptions":{"binary":"C:\\Program Files\\Google\\Chrome\\Application\\chrome.exe","args":["--start-maximized"]}},"logLevel":"warn","connectionRetryTimeout":120000,"connectionRetryCount":3,"logLevels":{},"enableDirectConnect":true,"strictSSL":true,"_":"65 more keys: [\"cacheDir\",\"port\",\"requestedCapabilities\",\"automationProtocol\",\"baseUrl\",\"waitforInterval\",\"waitforTimeout\",\"onReload\",\"beforeCommand\",\"afterCommand\",\"rootDir\",\"specs\",\"suites\",\"exclude\",\"groupLogsByTestSpec\",\"excludeDriverLogs\",\"bail\",\"framework\",\"reporters\",\"services\",\"maxInstances\",\"maxInstancesPerCapability\",\"injectGlobals\",\"filesToWatch\",\"execArgv\",\"runnerEnv\",\"runner\",\"shard\",\"specFileRetries\",\"specFileRetriesDelay\",\"specFileRetriesDeferred\",\"reporterSyncInterval\",\"reporterSyncTimeout\",\"cucumberFeaturesWithLineNumbers\",\"autoCompileOpts\",\"mochaOpts\",\"jasmineOpts\",\"cucumberOpts\",\"onPrepare\",\"onWorkerStart\",\"onWorkerEnd\",\"before\",\"beforeSession\",\"beforeSuite\",\"beforeHook\",\"beforeTest\",\"afterTest\",\"afterHook\",\"afterSuite\",\"afterSession\",\"after\",\"onComplete\",\"beforeAssertion\",\"afterAssertion\",\"beforeFeature\",\"beforeScenario\",\"beforeStep\",\"afterStep\",\"afterScenario\",\"afterFeature\",\"_\",\"suite\",\"$0\",\"ignoredWorkerServices\",\"wdi5\"]"}]}
RESULT: {"script":"<script> [2342 bytes]","args":[{"protocol":"http","hostname":"0.0.0.0","path":"/","capabilities":{"browserName":"chrome","goog:chromeOptions":{"binary":"C:\\Program Files\\Google\\Chrome\\Application\\chrome.exe","args":["--start-maximized"]}},"logLevel":"warn","connectionRetryTimeout":120000,"connectionRetryCount":3,"logLevels":{},"enableDirectConnect":true,"strictSSL":true,"_":"65 more keys: [\"cacheDir\",\"port\",\"requestedCapabilities\",\"automationProtocol\",\"baseUrl\",\"waitforInterval\",\"waitforTimeout\",\"onReload\",\"beforeCommand\",\"afterCommand\",\"rootDir\",\"specs\",\"suites\",\"exclude\",\"groupLogsByTestSpec\",\"excludeDriverLogs\",\"bail\",\"framework\",\"reporters\",\"services\",\"maxInstances\",\"maxInstancesPerCapability\",\"injectGlobals\",\"filesToWatch\",\"execArgv\",\"runnerEnv\",\"runner\",\"shard\",\"specFileRetries\",\"specFileRetriesDelay\",\"specFileRetriesDeferred\",\"reporterSyncInterval\",\"reporterSyncTimeout\",\"cucumberFeaturesWithLineNumbers\",\"autoCompileOpts\",\"mochaOpts\",\"jasmineOpts\",\"cucumberOpts\",\"onPrepare\",\"onWorkerStart\",\"onWorkerEnd\",\"before\",\"beforeSession\",\"beforeSuite\",\"beforeHook\",\"beforeTest\",\"afterTest\",\"afterHook\",\"afterSuite\",\"afterSession\",\"after\",\"onComplete\",\"beforeAssertion\",\"afterAssertion\",\"beforeFeature\",\"beforeScenario\",\"beforeStep\",\"afterStep\",\"afterScenario\",\"afterFeature\",\"_\",\"suite\",\"$0\",\"ignoredWorkerServices\",\"wdi5\"]"}]}
COMMAND: POST /session/9eb332d92fee3afc542bcceca92e7691/execute/async - {"script":"<script> [21126 bytes]","args":[35000]}
RESULT: {"script":"<script> [21126 bytes]","args":[35000]}
]]></system-out>
    </testcase>
    <testcase classname="chrome.136_0_7103_49.windows.Warehouse_movements_inventory_test" name="Should create a new warehouse organization" time="58.669">
      <system-out><![CDATA[
COMMAND: POST /session/9eb332d92fee3afc542bcceca92e7691/execute/async - {"script":"<script> [1562 bytes]","args":[{"selector":{"controlType":"sap.m.GenericTile","properties":{"header":"Bin Status Report"}},"wdio_ui5_key":"sapm.GenericTile{\"header\":\"Bin Status Report\"}"}]}
RESULT: {"script":"<script> [1562 bytes]","args":[{"selector":{"controlType":"sap.m.GenericTile","properties":{"header":"Bin Status Report"}},"wdio_ui5_key":"sapm.GenericTile{\"header\":\"Bin Status Report\"}"}]}
RESULT: undefined
COMMAND: POST /session/9eb332d92fee3afc542bcceca92e7691/element - {"using":"xpath","value":"//*[@id=\"__tile104\"]"}
RESULT: {"using":"xpath","value":"//*[@id=\"__tile104\"]"}
COMMAND: POST /session/9eb332d92fee3afc542bcceca92e7691/element/f.FB94101F77D2F5C7286D81464D13618E.d.C6A71FCE8F906FF9AD75D5BB0DBD3CEC.e.9909/click - {}
RESULT: {}
COMMAND: GET /session/9eb332d92fee3afc542bcceca92e7691/screenshot - {}
RESULT: {}
COMMAND: POST /session/9eb332d92fee3afc542bcceca92e7691/execute/async - {"script":"<script> [1562 bytes]","args":[{"selector":{"id":"application-binstatusreport-display-component---warehousing--createOrgBtn","interaction":{"idSuffix":"BDI-content"}},"wdio_ui5_key":"applicationbinstatusreport-display-component---warehousing--createOrgBtn"}]}
RESULT: {"script":"<script> [1562 bytes]","args":[{"selector":{"id":"application-binstatusreport-display-component---warehousing--createOrgBtn","interaction":{"idSuffix":"BDI-content"}},"wdio_ui5_key":"applicationbinstatusreport-display-component---warehousing--createOrgBtn"}]}
RESULT: undefined
COMMAND: POST /session/9eb332d92fee3afc542bcceca92e7691/element - {"using":"xpath","value":"//*[@id=\"application-binstatusreport-display-component---warehousing--createOrgBtn\"]"}
RESULT: {"using":"xpath","value":"//*[@id=\"application-binstatusreport-display-component---warehousing--createOrgBtn\"]"}
COMMAND: POST /session/9eb332d92fee3afc542bcceca92e7691/element/f.FB94101F77D2F5C7286D81464D13618E.d.C6A71FCE8F906FF9AD75D5BB0DBD3CEC.e.9955/click - {}
RESULT: {}
COMMAND: GET /session/9eb332d92fee3afc542bcceca92e7691/screenshot - {}
RESULT: {}
COMMAND: POST /session/9eb332d92fee3afc542bcceca92e7691/execute/async - {"script":"<script> [1562 bytes]","args":[{"selector":{"id":"createOrganizationPop--sectionInput","searchOpenDialogs":true,"interaction":{"idSuffix":"inner"}},"wdio_ui5_key":"createOrganizationPopsectionInput"}]}
RESULT: {"script":"<script> [1562 bytes]","args":[{"selector":{"id":"createOrganizationPop--sectionInput","searchOpenDialogs":true,"interaction":{"idSuffix":"inner"}},"wdio_ui5_key":"createOrganizationPopsectionInput"}]}
RESULT: undefined
COMMAND: POST /session/9eb332d92fee3afc542bcceca92e7691/execute/async - {"script":"<script> [776 bytes]","args":[{"enterText":"Secdj00r","selector":{"id":"createOrganizationPop--sectionInput","searchOpenDialogs":true,"interaction":{"idSuffix":"inner"}},"clearTextFirst":true,"interactionType":"ENTER_TEXT"}]}
RESULT: {"script":"<script> [776 bytes]","args":[{"enterText":"Secdj00r","selector":{"id":"createOrganizationPop--sectionInput","searchOpenDialogs":true,"interaction":{"idSuffix":"inner"}},"clearTextFirst":true,"interactionType":"ENTER_TEXT"}]}
COMMAND: POST /session/9eb332d92fee3afc542bcceca92e7691/execute/async - {"script":"<script> [1562 bytes]","args":[{"selector":{"id":"createOrganizationPop--descriptionInput","searchOpenDialogs":true,"interaction":{"idSuffix":"inner"}},"wdio_ui5_key":"createOrganizationPopdescriptionInput"}]}
RESULT: {"script":"<script> [1562 bytes]","args":[{"selector":{"id":"createOrganizationPop--descriptionInput","searchOpenDialogs":true,"interaction":{"idSuffix":"inner"}},"wdio_ui5_key":"createOrganizationPopdescriptionInput"}]}
RESULT: undefined
COMMAND: POST /session/9eb332d92fee3afc542bcceca92e7691/execute/async - {"script":"<script> [776 bytes]","args":[{"enterText":"OrgNametdp5y","selector":{"id":"createOrganizationPop--descriptionInput","searchOpenDialogs":true,"interaction":{"idSuffix":"inner"}},"clearTextFirst":true,"interactionType":"ENTER_TEXT"}]}
RESULT: {"script":"<script> [776 bytes]","args":[{"enterText":"OrgNametdp5y","selector":{"id":"createOrganizationPop--descriptionInput","searchOpenDialogs":true,"interaction":{"idSuffix":"inner"}},"clearTextFirst":true,"interactionType":"ENTER_TEXT"}]}
COMMAND: POST /session/9eb332d92fee3afc542bcceca92e7691/element - {"using":"xpath","value":"//input[contains(@id ,\"createOrganizationPop--yardOrg-inner\")]"}
RESULT: {"using":"xpath","value":"//input[contains(@id ,\"createOrganizationPop--yardOrg-inner\")]"}
COMMAND: POST /session/9eb332d92fee3afc542bcceca92e7691/element/f.FB94101F77D2F5C7286D81464D13618E.d.C6A71FCE8F906FF9AD75D5BB0DBD3CEC.e.9992/clear - {}
RESULT: {}
COMMAND: POST /session/9eb332d92fee3afc542bcceca92e7691/element/f.FB94101F77D2F5C7286D81464D13618E.d.C6A71FCE8F906FF9AD75D5BB0DBD3CEC.e.9992/value - {"text":"WebdriverWHMYardgjbdc"}
COMMAND: GET /session/9eb332d92fee3afc542bcceca92e7691/screenshot - {}
RESULT: {"text":"WebdriverWHMYardgjbdc"}
COMMAND: GET /session/9eb332d92fee3afc542bcceca92e7691/screenshot - {}
RESULT: {}
RESULT: {}
COMMAND: POST /session/9eb332d92fee3afc542bcceca92e7691/actions - {"actions":[{"id":"action30","type":"key","parameters":{},"actions":[{"type":"keyDown","value":"î€‡"},{"type":"pause","duration":10},{"type":"keyUp","value":"î€‡"}]}]}
RESULT: {"actions":[{"id":"action30","type":"key","parameters":{},"actions":[{"type":"keyDown","value":"î€‡"},{"type":"pause","duration":10},{"type":"keyUp","value":"î€‡"}]}]}
COMMAND: GET /session/9eb332d92fee3afc542bcceca92e7691/screenshot - {}
RESULT: {}
COMMAND: POST /session/9eb332d92fee3afc542bcceca92e7691/execute/async - {"script":"<script> [1562 bytes]","args":[{"selector":{"id":"createOrganizationPop--grZone","searchOpenDialogs":true,"interaction":{"idSuffix":"CbBg"}},"wdio_ui5_key":"createOrganizationPopgrZone"}]}
RESULT: {"script":"<script> [1562 bytes]","args":[{"selector":{"id":"createOrganizationPop--grZone","searchOpenDialogs":true,"interaction":{"idSuffix":"CbBg"}},"wdio_ui5_key":"createOrganizationPopgrZone"}]}
RESULT: undefined
COMMAND: POST /session/9eb332d92fee3afc542bcceca92e7691/element - {"using":"xpath","value":"//*[@id=\"createOrganizationPop--grZone\"]"}
RESULT: {"using":"xpath","value":"//*[@id=\"createOrganizationPop--grZone\"]"}
COMMAND: POST /session/9eb332d92fee3afc542bcceca92e7691/element/f.FB94101F77D2F5C7286D81464D13618E.d.C6A71FCE8F906FF9AD75D5BB0DBD3CEC.e.10014/click - {}
RESULT: {}
COMMAND: POST /session/9eb332d92fee3afc542bcceca92e7691/execute/async - {"script":"<script> [1562 bytes]","args":[{"selector":{"id":"createOrganizationPop--giZone","searchOpenDialogs":true,"interaction":{"idSuffix":"CbBg"}},"wdio_ui5_key":"createOrganizationPopgiZone"}]}
COMMAND: GET /session/9eb332d92fee3afc542bcceca92e7691/screenshot - {}
RESULT: {"script":"<script> [1562 bytes]","args":[{"selector":{"id":"createOrganizationPop--giZone","searchOpenDialogs":true,"interaction":{"idSuffix":"CbBg"}},"wdio_ui5_key":"createOrganizationPopgiZone"}]}
RESULT: undefined
COMMAND: POST /session/9eb332d92fee3afc542bcceca92e7691/element - {"using":"xpath","value":"//*[@id=\"createOrganizationPop--giZone\"]"}
RESULT: {}
RESULT: {"using":"xpath","value":"//*[@id=\"createOrganizationPop--giZone\"]"}
COMMAND: POST /session/9eb332d92fee3afc542bcceca92e7691/element/f.FB94101F77D2F5C7286D81464D13618E.d.C6A71FCE8F906FF9AD75D5BB0DBD3CEC.e.10016/click - {}
RESULT: {}
COMMAND: POST /session/9eb332d92fee3afc542bcceca92e7691/execute/async - {"script":"<script> [1562 bytes]","args":[{"selector":{"id":"createOrganizationPop--binNoInput","searchOpenDialogs":true,"interaction":{"idSuffix":"inner"}},"wdio_ui5_key":"createOrganizationPopbinNoInput"}]}
COMMAND: GET /session/9eb332d92fee3afc542bcceca92e7691/screenshot - {}
RESULT: {"script":"<script> [1562 bytes]","args":[{"selector":{"id":"createOrganizationPop--binNoInput","searchOpenDialogs":true,"interaction":{"idSuffix":"inner"}},"wdio_ui5_key":"createOrganizationPopbinNoInput"}]}
RESULT: undefined
COMMAND: POST /session/9eb332d92fee3afc542bcceca92e7691/execute/async - {"script":"<script> [776 bytes]","args":[{"enterText":"Bin7qcy3","selector":{"id":"createOrganizationPop--binNoInput","searchOpenDialogs":true,"interaction":{"idSuffix":"inner"}},"clearTextFirst":true,"interactionType":"ENTER_TEXT"}]}
RESULT: {}
RESULT: {"script":"<script> [776 bytes]","args":[{"enterText":"Bin7qcy3","selector":{"id":"createOrganizationPop--binNoInput","searchOpenDialogs":true,"interaction":{"idSuffix":"inner"}},"clearTextFirst":true,"interactionType":"ENTER_TEXT"}]}
COMMAND: POST /session/9eb332d92fee3afc542bcceca92e7691/execute/async - {"script":"<script> [1562 bytes]","args":[{"selector":{"id":"createOrganizationPop--descriptionId","searchOpenDialogs":true,"interaction":{"idSuffix":"inner"}},"wdio_ui5_key":"createOrganizationPopdescriptionId"}]}
RESULT: {"script":"<script> [1562 bytes]","args":[{"selector":{"id":"createOrganizationPop--descriptionId","searchOpenDialogs":true,"interaction":{"idSuffix":"inner"}},"wdio_ui5_key":"createOrganizationPopdescriptionId"}]}
RESULT: undefined
COMMAND: POST /session/9eb332d92fee3afc542bcceca92e7691/execute/async - {"script":"<script> [776 bytes]","args":[{"enterText":"Bin4pz27","selector":{"id":"createOrganizationPop--descriptionId","searchOpenDialogs":true,"interaction":{"idSuffix":"inner"}},"clearTextFirst":true,"interactionType":"ENTER_TEXT"}]}
RESULT: {"script":"<script> [776 bytes]","args":[{"enterText":"Bin4pz27","selector":{"id":"createOrganizationPop--descriptionId","searchOpenDialogs":true,"interaction":{"idSuffix":"inner"}},"clearTextFirst":true,"interactionType":"ENTER_TEXT"}]}
COMMAND: POST /session/9eb332d92fee3afc542bcceca92e7691/execute/async - {"script":"<script> [1562 bytes]","args":[{"selector":{"controlType":"sap.m.CheckBox","viewName":"etm.portal.ui.binstatusreport.view.MasterWareBins","viewId":"application-binstatusreport-display-component---warehousing","bindingPath":{"path":"","propertyPath":"/ZONE","modelName":"newBin"},"searchOpenDialogs":true,"interaction":{"idSuffix":"CbBg"}},"wdio_ui5_key":"etmportal.ui.binstatusreport.view.MasterWareBinssap.m.CheckBox{\"path\":\"\",\"propertyPath\":\"/ZONE\",\"modelName\":\"newBin\"}"}]}
RESULT: {"script":"<script> [1562 bytes]","args":[{"selector":{"controlType":"sap.m.CheckBox","viewName":"etm.portal.ui.binstatusreport.view.MasterWareBins","viewId":"application-binstatusreport-display-component---warehousing","bindingPath":{"path":"","propertyPath":"/ZONE","modelName":"newBin"},"searchOpenDialogs":true,"interaction":{"idSuffix":"CbBg"}},"wdio_ui5_key":"etmportal.ui.binstatusreport.view.MasterWareBinssap.m.CheckBox{\"path\":\"\",\"propertyPath\":\"/ZONE\",\"modelName\":\"newBin\"}"}]}
RESULT: undefined
COMMAND: POST /session/9eb332d92fee3afc542bcceca92e7691/element - {"using":"xpath","value":"//*[@id=\"__box12\"]"}
RESULT: {"using":"xpath","value":"//*[@id=\"__box12\"]"}
COMMAND: POST /session/9eb332d92fee3afc542bcceca92e7691/element/f.FB94101F77D2F5C7286D81464D13618E.d.C6A71FCE8F906FF9AD75D5BB0DBD3CEC.e.10020/click - {}
RESULT: {}
COMMAND: POST /session/9eb332d92fee3afc542bcceca92e7691/execute/async - {"script":"<script> [1562 bytes]","args":[{"selector":{"id":"createOrganizationPop--binTypesCB-arrow","searchOpenDialogs":true},"wdio_ui5_key":"createOrganizationPopbinTypesCB-arrow"}]}
COMMAND: GET /session/9eb332d92fee3afc542bcceca92e7691/screenshot - {}
RESULT: {"script":"<script> [1562 bytes]","args":[{"selector":{"id":"createOrganizationPop--binTypesCB-arrow","searchOpenDialogs":true},"wdio_ui5_key":"createOrganizationPopbinTypesCB-arrow"}]}
RESULT: undefined
COMMAND: POST /session/9eb332d92fee3afc542bcceca92e7691/element - {"using":"xpath","value":"//*[@id=\"createOrganizationPop--binTypesCB-arrow\"]"}
RESULT: {}
RESULT: {"using":"xpath","value":"//*[@id=\"createOrganizationPop--binTypesCB-arrow\"]"}
COMMAND: POST /session/9eb332d92fee3afc542bcceca92e7691/element/f.FB94101F77D2F5C7286D81464D13618E.d.C6A71FCE8F906FF9AD75D5BB0DBD3CEC.e.10021/click - {}
RESULT: {}
COMMAND: POST /session/9eb332d92fee3afc542bcceca92e7691/execute/async - {"script":"<script> [1562 bytes]","args":[{"selector":{"controlType":"sap.m.StandardListItem","viewName":"etm.portal.ui.binstatusreport.view.MasterWareBins","viewId":"application-binstatusreport-display-component---warehousing","properties":{"title":"1 - General / No capacity check"},"searchOpenDialogs":true,"interaction":{"idSuffix":"content"}},"wdio_ui5_key":"etmportal.ui.binstatusreport.view.MasterWareBinssap.m.StandardListItem{\"title\":\"1 - General / No capacity check\"}"}]}
COMMAND: GET /session/9eb332d92fee3afc542bcceca92e7691/screenshot - {}
RESULT: {"script":"<script> [1562 bytes]","args":[{"selector":{"controlType":"sap.m.StandardListItem","viewName":"etm.portal.ui.binstatusreport.view.MasterWareBins","viewId":"application-binstatusreport-display-component---warehousing","properties":{"title":"1 - General / No capacity check"},"searchOpenDialogs":true,"interaction":{"idSuffix":"content"}},"wdio_ui5_key":"etmportal.ui.binstatusreport.view.MasterWareBinssap.m.StandardListItem{\"title\":\"1 - General / No capacity check\"}"}]}
RESULT: undefined
COMMAND: POST /session/9eb332d92fee3afc542bcceca92e7691/element - {"using":"xpath","value":"//*[@id=\"__item150\"]"}
RESULT: {}
RESULT: {"using":"xpath","value":"//*[@id=\"__item150\"]"}
COMMAND: POST /session/9eb332d92fee3afc542bcceca92e7691/element/f.FB94101F77D2F5C7286D81464D13618E.d.C6A71FCE8F906FF9AD75D5BB0DBD3CEC.e.10023/click - {}
RESULT: {}
COMMAND: POST /session/9eb332d92fee3afc542bcceca92e7691/execute/async - {"script":"<script> [1562 bytes]","args":[{"selector":{"id":"createOrganizationPop--finishBtn","searchOpenDialogs":true,"interaction":{"idSuffix":"BDI-content"}},"wdio_ui5_key":"createOrganizationPopfinishBtn"}]}
COMMAND: GET /session/9eb332d92fee3afc542bcceca92e7691/screenshot - {}
RESULT: {"script":"<script> [1562 bytes]","args":[{"selector":{"id":"createOrganizationPop--finishBtn","searchOpenDialogs":true,"interaction":{"idSuffix":"BDI-content"}},"wdio_ui5_key":"createOrganizationPopfinishBtn"}]}
RESULT: undefined
COMMAND: POST /session/9eb332d92fee3afc542bcceca92e7691/element - {"using":"xpath","value":"//*[@id=\"createOrganizationPop--finishBtn\"]"}
RESULT: {}
RESULT: {"using":"xpath","value":"//*[@id=\"createOrganizationPop--finishBtn\"]"}
COMMAND: POST /session/9eb332d92fee3afc542bcceca92e7691/element/f.FB94101F77D2F5C7286D81464D13618E.d.C6A71FCE8F906FF9AD75D5BB0DBD3CEC.e.10025/click - {}
RESULT: {}
COMMAND: GET /session/9eb332d92fee3afc542bcceca92e7691/screenshot - {}
RESULT: {}
COMMAND: POST /session/9eb332d92fee3afc542bcceca92e7691/element - {"using":"css selector","value":"#shell-header-logo"}
RESULT: {"using":"css selector","value":"#shell-header-logo"}
COMMAND: POST /session/9eb332d92fee3afc542bcceca92e7691/element/f.FB94101F77D2F5C7286D81464D13618E.d.C6A71FCE8F906FF9AD75D5BB0DBD3CEC.e.9914/click - {}
RESULT: {}
COMMAND: GET /session/9eb332d92fee3afc542bcceca92e7691/screenshot - {}
RESULT: {}
]]></system-out>
    </testcase>
    <testcase classname="chrome.136_0_7103_49.windows.Warehouse_movements_inventory_test" name="Should Create new material for WHM yard" time="123.287">
      <system-out><![CDATA[
COMMAND: POST /session/9eb332d92fee3afc542bcceca92e7691/execute/async - {"script":"<script> [1562 bytes]","args":[{"selector":{"controlType":"sap.m.GenericTile","properties":{"header":"Manage Resources"}},"wdio_ui5_key":"sapm.GenericTile{\"header\":\"Manage Resources\"}"}]}
RESULT: {"script":"<script> [1562 bytes]","args":[{"selector":{"controlType":"sap.m.GenericTile","properties":{"header":"Manage Resources"}},"wdio_ui5_key":"sapm.GenericTile{\"header\":\"Manage Resources\"}"}]}
RESULT: undefined
COMMAND: POST /session/9eb332d92fee3afc542bcceca92e7691/element - {"using":"xpath","value":"//*[@id=\"__tile39\"]"}
RESULT: {"using":"xpath","value":"//*[@id=\"__tile39\"]"}
COMMAND: POST /session/9eb332d92fee3afc542bcceca92e7691/element/f.FB94101F77D2F5C7286D81464D13618E.d.C6A71FCE8F906FF9AD75D5BB0DBD3CEC.e.10033/click - {}
RESULT: {}
COMMAND: GET /session/9eb332d92fee3afc542bcceca92e7691/screenshot - {}
RESULT: {}
COMMAND: POST /session/9eb332d92fee3afc542bcceca92e7691/element - {"using":"xpath","value":"//button[@data-kt=\"addNewRUOverflowToolbarButton\"]"}
RESULT: {"using":"xpath","value":"//button[@data-kt=\"addNewRUOverflowToolbarButton\"]"}
COMMAND: POST /session/9eb332d92fee3afc542bcceca92e7691/execute/sync - {"script":"<script> [8489 bytes]","args":[{"element-6066-11e4-a52e-4f735466cecf":"f.FB94101F77D2F5C7286D81464D13618E.d.C6A71FCE8F906FF9AD75D5BB0DBD3CEC.e.10076","ELEMENT":"f.FB94101F77D2F5C7286D81464D13618E.d.C6A71FCE8F906FF9AD75D5BB0DBD3CEC.e.10076"}]}
RESULT: {"script":"<script> [8489 bytes]","args":[{"element-6066-11e4-a52e-4f735466cecf":"f.FB94101F77D2F5C7286D81464D13618E.d.C6A71FCE8F906FF9AD75D5BB0DBD3CEC.e.10076","ELEMENT":"f.FB94101F77D2F5C7286D81464D13618E.d.C6A71FCE8F906FF9AD75D5BB0DBD3CEC.e.10076"}]}
COMMAND: POST /session/9eb332d92fee3afc542bcceca92e7691/element/f.FB94101F77D2F5C7286D81464D13618E.d.C6A71FCE8F906FF9AD75D5BB0DBD3CEC.e.10076/click - {}
COMMAND: GET /session/9eb332d92fee3afc542bcceca92e7691/screenshot - {}
RESULT: {}
COMMAND: POST /session/9eb332d92fee3afc542bcceca92e7691/execute/async - {"script":"<script> [1562 bytes]","args":[{"selector":{"id":"application-manageresources-display-component---newResourceUnit--TYPE-arrow"},"wdio_ui5_key":"applicationmanageresources-display-component---newResourceUnit--TYPE-arrow"}]}
COMMAND: GET /session/9eb332d92fee3afc542bcceca92e7691/screenshot - {}
RESULT: {}
RESULT: {"script":"<script> [1562 bytes]","args":[{"selector":{"id":"application-manageresources-display-component---newResourceUnit--TYPE-arrow"},"wdio_ui5_key":"applicationmanageresources-display-component---newResourceUnit--TYPE-arrow"}]}
RESULT: undefined
COMMAND: POST /session/9eb332d92fee3afc542bcceca92e7691/element - {"using":"xpath","value":"//*[@id=\"application-manageresources-display-component---newResourceUnit--TYPE-arrow\"]"}
RESULT: {}
RESULT: {"using":"xpath","value":"//*[@id=\"application-manageresources-display-component---newResourceUnit--TYPE-arrow\"]"}
COMMAND: POST /session/9eb332d92fee3afc542bcceca92e7691/element/f.FB94101F77D2F5C7286D81464D13618E.d.C6A71FCE8F906FF9AD75D5BB0DBD3CEC.e.10403/click - {}
RESULT: {}
COMMAND: POST /session/9eb332d92fee3afc542bcceca92e7691/execute/async - {"script":"<script> [1562 bytes]","args":[{"selector":{"controlType":"sap.m.StandardListItem","viewName":"reusables.view.manageresources.NewResourceUnit","viewId":"application-manageresources-display-component---newResourceUnit","properties":{"title":"Material"},"searchOpenDialogs":true,"interaction":{"idSuffix":"titleText"}},"wdio_ui5_key":"reusablesview.manageresources.NewResourceUnitsap.m.StandardListItem{\"title\":\"Material\"}"}]}
COMMAND: GET /session/9eb332d92fee3afc542bcceca92e7691/screenshot - {}
RESULT: {"script":"<script> [1562 bytes]","args":[{"selector":{"controlType":"sap.m.StandardListItem","viewName":"reusables.view.manageresources.NewResourceUnit","viewId":"application-manageresources-display-component---newResourceUnit","properties":{"title":"Material"},"searchOpenDialogs":true,"interaction":{"idSuffix":"titleText"}},"wdio_ui5_key":"reusablesview.manageresources.NewResourceUnitsap.m.StandardListItem{\"title\":\"Material\"}"}]}
RESULT: undefined
COMMAND: POST /session/9eb332d92fee3afc542bcceca92e7691/element - {"using":"xpath","value":"//*[@id=\"__item280\"]"}
RESULT: {}
RESULT: {"using":"xpath","value":"//*[@id=\"__item280\"]"}
COMMAND: POST /session/9eb332d92fee3afc542bcceca92e7691/element/f.FB94101F77D2F5C7286D81464D13618E.d.C6A71FCE8F906FF9AD75D5BB0DBD3CEC.e.10406/click - {}
RESULT: {}
COMMAND: POST /session/9eb332d92fee3afc542bcceca92e7691/execute/async - {"script":"<script> [1562 bytes]","args":[{"selector":{"id":"application-manageresources-display-component---newResourceUnit--SHORT_TEXT","interaction":{"idSuffix":"inner"}},"wdio_ui5_key":"applicationmanageresources-display-component---newResourceUnit--SHORT_TEXT"}]}
COMMAND: GET /session/9eb332d92fee3afc542bcceca92e7691/screenshot - {}
RESULT: {"script":"<script> [1562 bytes]","args":[{"selector":{"id":"application-manageresources-display-component---newResourceUnit--SHORT_TEXT","interaction":{"idSuffix":"inner"}},"wdio_ui5_key":"applicationmanageresources-display-component---newResourceUnit--SHORT_TEXT"}]}
RESULT: undefined
COMMAND: POST /session/9eb332d92fee3afc542bcceca92e7691/execute/async - {"script":"<script> [776 bytes]","args":[{"enterText":"WebdriverRUR2C409ff","selector":{"id":"application-manageresources-display-component---newResourceUnit--SHORT_TEXT","interaction":{"idSuffix":"inner"}},"clearTextFirst":true,"interactionType":"ENTER_TEXT"}]}
RESULT: {}
RESULT: {"script":"<script> [776 bytes]","args":[{"enterText":"WebdriverRUR2C409ff","selector":{"id":"application-manageresources-display-component---newResourceUnit--SHORT_TEXT","interaction":{"idSuffix":"inner"}},"clearTextFirst":true,"interactionType":"ENTER_TEXT"}]}
COMMAND: POST /session/9eb332d92fee3afc542bcceca92e7691/execute/async - {"script":"<script> [1562 bytes]","args":[{"selector":{"id":"application-manageresources-display-component---newResourceUnit--BASE_UNIT_OF_MEASURE-arrow"},"wdio_ui5_key":"applicationmanageresources-display-component---newResourceUnit--BASE_UNIT_OF_MEASURE-arrow"}]}
RESULT: {"script":"<script> [1562 bytes]","args":[{"selector":{"id":"application-manageresources-display-component---newResourceUnit--BASE_UNIT_OF_MEASURE-arrow"},"wdio_ui5_key":"applicationmanageresources-display-component---newResourceUnit--BASE_UNIT_OF_MEASURE-arrow"}]}
RESULT: undefined
COMMAND: POST /session/9eb332d92fee3afc542bcceca92e7691/element - {"using":"xpath","value":"//*[@id=\"application-manageresources-display-component---newResourceUnit--BASE_UNIT_OF_MEASURE-arrow\"]"}
RESULT: {"using":"xpath","value":"//*[@id=\"application-manageresources-display-component---newResourceUnit--BASE_UNIT_OF_MEASURE-arrow\"]"}
COMMAND: POST /session/9eb332d92fee3afc542bcceca92e7691/element/f.FB94101F77D2F5C7286D81464D13618E.d.C6A71FCE8F906FF9AD75D5BB0DBD3CEC.e.10462/click - {}
RESULT: {}
COMMAND: POST /session/9eb332d92fee3afc542bcceca92e7691/execute/async - {"script":"<script> [1562 bytes]","args":[{"selector":{"controlType":"sap.m.StandardListItem","viewName":"reusables.view.manageresources.NewResourceUnit","viewId":"application-manageresources-display-component---newResourceUnit","properties":{"title":"Piece"},"searchOpenDialogs":true,"interaction":{"idSuffix":"titleText"}},"wdio_ui5_key":"reusablesview.manageresources.NewResourceUnitsap.m.StandardListItem{\"title\":\"Piece\"}"}]}
COMMAND: GET /session/9eb332d92fee3afc542bcceca92e7691/screenshot - {}
RESULT: {"script":"<script> [1562 bytes]","args":[{"selector":{"controlType":"sap.m.StandardListItem","viewName":"reusables.view.manageresources.NewResourceUnit","viewId":"application-manageresources-display-component---newResourceUnit","properties":{"title":"Piece"},"searchOpenDialogs":true,"interaction":{"idSuffix":"titleText"}},"wdio_ui5_key":"reusablesview.manageresources.NewResourceUnitsap.m.StandardListItem{\"title\":\"Piece\"}"}]}
RESULT: undefined
COMMAND: POST /session/9eb332d92fee3afc542bcceca92e7691/element - {"using":"xpath","value":"//*[@id=\"__item324\"]"}
RESULT: {}
RESULT: {"using":"xpath","value":"//*[@id=\"__item324\"]"}
COMMAND: POST /session/9eb332d92fee3afc542bcceca92e7691/element/f.FB94101F77D2F5C7286D81464D13618E.d.C6A71FCE8F906FF9AD75D5BB0DBD3CEC.e.10464/click - {}
RESULT: {}
COMMAND: POST /session/9eb332d92fee3afc542bcceca92e7691/element - {"using":"xpath","value":"//input[contains(@id ,\"application-manageresources-display-component---newResourceUnit--SHORT_TEXT-inner\")]"}
COMMAND: GET /session/9eb332d92fee3afc542bcceca92e7691/screenshot - {}
RESULT: {"using":"xpath","value":"//input[contains(@id ,\"application-manageresources-display-component---newResourceUnit--SHORT_TEXT-inner\")]"}
COMMAND: GET /session/9eb332d92fee3afc542bcceca92e7691/element/f.FB94101F77D2F5C7286D81464D13618E.d.C6A71FCE8F906FF9AD75D5BB0DBD3CEC.e.10423/property/value - {}
RESULT: {}
RESULT: {}
COMMAND: POST /session/9eb332d92fee3afc542bcceca92e7691/execute/async - {"script":"<script> [1562 bytes]","args":[{"selector":{"id":"application-manageresources-display-component---newResourceUnit--WEIGHT_UNIT-arrow"},"wdio_ui5_key":"applicationmanageresources-display-component---newResourceUnit--WEIGHT_UNIT-arrow"}]}
COMMAND: GET /session/9eb332d92fee3afc542bcceca92e7691/screenshot - {}
RESULT: {"script":"<script> [1562 bytes]","args":[{"selector":{"id":"application-manageresources-display-component---newResourceUnit--WEIGHT_UNIT-arrow"},"wdio_ui5_key":"applicationmanageresources-display-component---newResourceUnit--WEIGHT_UNIT-arrow"}]}
RESULT: undefined
COMMAND: POST /session/9eb332d92fee3afc542bcceca92e7691/element - {"using":"xpath","value":"//*[@id=\"application-manageresources-display-component---newResourceUnit--WEIGHT_UNIT-arrow\"]"}
RESULT: {}
RESULT: {"using":"xpath","value":"//*[@id=\"application-manageresources-display-component---newResourceUnit--WEIGHT_UNIT-arrow\"]"}
COMMAND: POST /session/9eb332d92fee3afc542bcceca92e7691/element/f.FB94101F77D2F5C7286D81464D13618E.d.C6A71FCE8F906FF9AD75D5BB0DBD3CEC.e.10465/click - {}
RESULT: {}
COMMAND: POST /session/9eb332d92fee3afc542bcceca92e7691/execute/async - {"script":"<script> [1562 bytes]","args":[{"selector":{"controlType":"sap.m.StandardListItem","viewName":"reusables.view.manageresources.NewResourceUnit","viewId":"application-manageresources-display-component---newResourceUnit","properties":{"title":"Gram"},"searchOpenDialogs":true,"interaction":{"idSuffix":"content"}},"wdio_ui5_key":"reusablesview.manageresources.NewResourceUnitsap.m.StandardListItem{\"title\":\"Gram\"}"}]}
COMMAND: GET /session/9eb332d92fee3afc542bcceca92e7691/screenshot - {}
RESULT: {"script":"<script> [1562 bytes]","args":[{"selector":{"controlType":"sap.m.StandardListItem","viewName":"reusables.view.manageresources.NewResourceUnit","viewId":"application-manageresources-display-component---newResourceUnit","properties":{"title":"Gram"},"searchOpenDialogs":true,"interaction":{"idSuffix":"content"}},"wdio_ui5_key":"reusablesview.manageresources.NewResourceUnitsap.m.StandardListItem{\"title\":\"Gram\"}"}]}
RESULT: undefined
COMMAND: POST /session/9eb332d92fee3afc542bcceca92e7691/element - {"using":"xpath","value":"//*[@id=\"__item389\"]"}
RESULT: {}
RESULT: {"using":"xpath","value":"//*[@id=\"__item389\"]"}
COMMAND: POST /session/9eb332d92fee3afc542bcceca92e7691/element/f.FB94101F77D2F5C7286D81464D13618E.d.C6A71FCE8F906FF9AD75D5BB0DBD3CEC.e.10467/click - {}
RESULT: {}
COMMAND: POST /session/9eb332d92fee3afc542bcceca92e7691/execute/async - {"script":"<script> [1562 bytes]","args":[{"selector":{"id":"application-manageresources-display-component---newResourceUnit--newRRUPage-OPHeaderContent-collapseBtn-img"},"wdio_ui5_key":"applicationmanageresources-display-component---newResourceUnit--newRRUPage-OPHeaderContent-collapseBtn-img"}]}
COMMAND: GET /session/9eb332d92fee3afc542bcceca92e7691/screenshot - {}
RESULT: {"script":"<script> [1562 bytes]","args":[{"selector":{"id":"application-manageresources-display-component---newResourceUnit--newRRUPage-OPHeaderContent-collapseBtn-img"},"wdio_ui5_key":"applicationmanageresources-display-component---newResourceUnit--newRRUPage-OPHeaderContent-collapseBtn-img"}]}
RESULT: undefined
COMMAND: POST /session/9eb332d92fee3afc542bcceca92e7691/element - {"using":"xpath","value":"//*[@id=\"application-manageresources-display-component---newResourceUnit--newRRUPage-OPHeaderContent-collapseBtn-img\"]"}
RESULT: {}
RESULT: {"using":"xpath","value":"//*[@id=\"application-manageresources-display-component---newResourceUnit--newRRUPage-OPHeaderContent-collapseBtn-img\"]"}
COMMAND: POST /session/9eb332d92fee3afc542bcceca92e7691/element/f.FB94101F77D2F5C7286D81464D13618E.d.C6A71FCE8F906FF9AD75D5BB0DBD3CEC.e.10413/click - {}
RESULT: {}
COMMAND: GET /session/9eb332d92fee3afc542bcceca92e7691/screenshot - {}
RESULT: {}
COMMAND: POST /session/9eb332d92fee3afc542bcceca92e7691/element - {"using":"xpath","value":"(//span[contains(@id ,\"application-manageresources-display-component---newResourceUnit--DIMENSION_UNIT-arrow\")])[1]"}
RESULT: {"using":"xpath","value":"(//span[contains(@id ,\"application-manageresources-display-component---newResourceUnit--DIMENSION_UNIT-arrow\")])[1]"}
COMMAND: POST /session/9eb332d92fee3afc542bcceca92e7691/element/f.FB94101F77D2F5C7286D81464D13618E.d.C6A71FCE8F906FF9AD75D5BB0DBD3CEC.e.10471/click - {}
RESULT: {}
COMMAND: GET /session/9eb332d92fee3afc542bcceca92e7691/screenshot - {}
RESULT: {}
COMMAND: POST /session/9eb332d92fee3afc542bcceca92e7691/execute/async - {"script":"<script> [1562 bytes]","args":[{"selector":{"controlType":"sap.m.StandardListItem","viewName":"reusables.view.manageresources.NewResourceUnit","viewId":"application-manageresources-display-component---newResourceUnit","properties":{"title":"Centimeter"},"searchOpenDialogs":true,"interaction":{"idSuffix":"titleText"}},"wdio_ui5_key":"reusablesview.manageresources.NewResourceUnitsap.m.StandardListItem{\"title\":\"Centimeter\"}"}]}
RESULT: {"script":"<script> [1562 bytes]","args":[{"selector":{"controlType":"sap.m.StandardListItem","viewName":"reusables.view.manageresources.NewResourceUnit","viewId":"application-manageresources-display-component---newResourceUnit","properties":{"title":"Centimeter"},"searchOpenDialogs":true,"interaction":{"idSuffix":"titleText"}},"wdio_ui5_key":"reusablesview.manageresources.NewResourceUnitsap.m.StandardListItem{\"title\":\"Centimeter\"}"}]}
RESULT: undefined
COMMAND: POST /session/9eb332d92fee3afc542bcceca92e7691/element - {"using":"xpath","value":"//*[@id=\"__item392\"]"}
RESULT: {"using":"xpath","value":"//*[@id=\"__item392\"]"}
COMMAND: POST /session/9eb332d92fee3afc542bcceca92e7691/element/f.FB94101F77D2F5C7286D81464D13618E.d.C6A71FCE8F906FF9AD75D5BB0DBD3CEC.e.10475/click - {}
RESULT: {}
COMMAND: POST /session/9eb332d92fee3afc542bcceca92e7691/execute/async - {"script":"<script> [1562 bytes]","args":[{"selector":{"id":"application-manageresources-display-component---newResourceUnit--newRRUPage-anchBar-application-manageresources-display-component---newResourceUnit--reference-anchor","interaction":{"idSuffix":"BDI-content"}},"wdio_ui5_key":"applicationmanageresources-display-component---newResourceUnit--newRRUPage-anchBar-application-manageresources-display-component---newResourceUnit--reference-anchor"}]}
COMMAND: GET /session/9eb332d92fee3afc542bcceca92e7691/screenshot - {}
RESULT: {"script":"<script> [1562 bytes]","args":[{"selector":{"id":"application-manageresources-display-component---newResourceUnit--newRRUPage-anchBar-application-manageresources-display-component---newResourceUnit--reference-anchor","interaction":{"idSuffix":"BDI-content"}},"wdio_ui5_key":"applicationmanageresources-display-component---newResourceUnit--newRRUPage-anchBar-application-manageresources-display-component---newResourceUnit--reference-anchor"}]}
RESULT: undefined
COMMAND: POST /session/9eb332d92fee3afc542bcceca92e7691/element - {"using":"xpath","value":"//*[@id=\"application-manageresources-display-component---newResourceUnit--newRRUPage-anchBar-application-manageresources-display-component---newResourceUnit--reference-anchor\"]"}
RESULT: {}
RESULT: {"using":"xpath","value":"//*[@id=\"application-manageresources-display-component---newResourceUnit--newRRUPage-anchBar-application-manageresources-display-component---newResourceUnit--reference-anchor\"]"}
COMMAND: POST /session/9eb332d92fee3afc542bcceca92e7691/element/f.FB94101F77D2F5C7286D81464D13618E.d.C6A71FCE8F906FF9AD75D5BB0DBD3CEC.e.10477/click - {}
RESULT: {}
COMMAND: POST /session/9eb332d92fee3afc542bcceca92e7691/execute/async - {"script":"<script> [1562 bytes]","args":[{"selector":{"id":"application-manageresources-display-component---newResourceUnit--PLANNING_GROUP-arrow"},"wdio_ui5_key":"applicationmanageresources-display-component---newResourceUnit--PLANNING_GROUP-arrow"}]}
COMMAND: GET /session/9eb332d92fee3afc542bcceca92e7691/screenshot - {}
RESULT: {"script":"<script> [1562 bytes]","args":[{"selector":{"id":"application-manageresources-display-component---newResourceUnit--PLANNING_GROUP-arrow"},"wdio_ui5_key":"applicationmanageresources-display-component---newResourceUnit--PLANNING_GROUP-arrow"}]}
RESULT: undefined
COMMAND: POST /session/9eb332d92fee3afc542bcceca92e7691/element - {"using":"xpath","value":"//*[@id=\"application-manageresources-display-component---newResourceUnit--PLANNING_GROUP-arrow\"]"}
RESULT: {}
RESULT: {"using":"xpath","value":"//*[@id=\"application-manageresources-display-component---newResourceUnit--PLANNING_GROUP-arrow\"]"}
COMMAND: POST /session/9eb332d92fee3afc542bcceca92e7691/element/f.FB94101F77D2F5C7286D81464D13618E.d.C6A71FCE8F906FF9AD75D5BB0DBD3CEC.e.10481/click - {}
RESULT: {}
COMMAND: POST /session/9eb332d92fee3afc542bcceca92e7691/execute/async - {"script":"<script> [1562 bytes]","args":[{"selector":{"controlType":"sap.m.StandardListItem","viewName":"reusables.view.manageresources.NewResourceUnit","viewId":"application-manageresources-display-component---newResourceUnit","properties":{"title":"Heavy Equi"},"searchOpenDialogs":true,"interaction":{"idSuffix":"content"}},"wdio_ui5_key":"reusablesview.manageresources.NewResourceUnitsap.m.StandardListItem{\"title\":\"Heavy Equi\"}"}]}
COMMAND: GET /session/9eb332d92fee3afc542bcceca92e7691/screenshot - {}
RESULT: {"script":"<script> [1562 bytes]","args":[{"selector":{"controlType":"sap.m.StandardListItem","viewName":"reusables.view.manageresources.NewResourceUnit","viewId":"application-manageresources-display-component---newResourceUnit","properties":{"title":"Heavy Equi"},"searchOpenDialogs":true,"interaction":{"idSuffix":"content"}},"wdio_ui5_key":"reusablesview.manageresources.NewResourceUnitsap.m.StandardListItem{\"title\":\"Heavy Equi\"}"}]}
RESULT: undefined
COMMAND: POST /session/9eb332d92fee3afc542bcceca92e7691/element - {"using":"xpath","value":"//*[@id=\"__item400\"]"}
RESULT: {}
RESULT: {"using":"xpath","value":"//*[@id=\"__item400\"]"}
COMMAND: POST /session/9eb332d92fee3afc542bcceca92e7691/element/f.FB94101F77D2F5C7286D81464D13618E.d.C6A71FCE8F906FF9AD75D5BB0DBD3CEC.e.10484/click - {}
RESULT: {}
COMMAND: GET /session/9eb332d92fee3afc542bcceca92e7691/screenshot - {}
RESULT: {}
COMMAND: POST /session/9eb332d92fee3afc542bcceca92e7691/execute/async - {"script":"<script> [1562 bytes]","args":[{"selector":{"id":"application-manageresources-display-component---newResourceUnit--PLANNING_INDICATOR-arrow"},"wdio_ui5_key":"applicationmanageresources-display-component---newResourceUnit--PLANNING_INDICATOR-arrow"}]}
RESULT: {"script":"<script> [1562 bytes]","args":[{"selector":{"id":"application-manageresources-display-component---newResourceUnit--PLANNING_INDICATOR-arrow"},"wdio_ui5_key":"applicationmanageresources-display-component---newResourceUnit--PLANNING_INDICATOR-arrow"}]}
RESULT: undefined
COMMAND: POST /session/9eb332d92fee3afc542bcceca92e7691/element - {"using":"xpath","value":"//*[@id=\"application-manageresources-display-component---newResourceUnit--PLANNING_INDICATOR-arrow\"]"}
RESULT: {"using":"xpath","value":"//*[@id=\"application-manageresources-display-component---newResourceUnit--PLANNING_INDICATOR-arrow\"]"}
COMMAND: POST /session/9eb332d92fee3afc542bcceca92e7691/element/f.FB94101F77D2F5C7286D81464D13618E.d.C6A71FCE8F906FF9AD75D5BB0DBD3CEC.e.10485/click - {}
RESULT: {}
COMMAND: POST /session/9eb332d92fee3afc542bcceca92e7691/execute/async - {"script":"<script> [1562 bytes]","args":[{"selector":{"controlType":"sap.m.StandardListItem","viewName":"reusables.view.manageresources.NewResourceUnit","viewId":"application-manageresources-display-component---newResourceUnit","properties":{"title":"10 - infinite"},"searchOpenDialogs":true,"interaction":{"idSuffix":"content"}},"wdio_ui5_key":"reusablesview.manageresources.NewResourceUnitsap.m.StandardListItem{\"title\":\"10 - infinite\"}"}]}
COMMAND: GET /session/9eb332d92fee3afc542bcceca92e7691/screenshot - {}
RESULT: {"script":"<script> [1562 bytes]","args":[{"selector":{"controlType":"sap.m.StandardListItem","viewName":"reusables.view.manageresources.NewResourceUnit","viewId":"application-manageresources-display-component---newResourceUnit","properties":{"title":"10 - infinite"},"searchOpenDialogs":true,"interaction":{"idSuffix":"content"}},"wdio_ui5_key":"reusablesview.manageresources.NewResourceUnitsap.m.StandardListItem{\"title\":\"10 - infinite\"}"}]}
RESULT: undefined
COMMAND: POST /session/9eb332d92fee3afc542bcceca92e7691/element - {"using":"xpath","value":"//*[@id=\"__item410\"]"}
RESULT: {}
RESULT: {"using":"xpath","value":"//*[@id=\"__item410\"]"}
COMMAND: POST /session/9eb332d92fee3afc542bcceca92e7691/element/f.FB94101F77D2F5C7286D81464D13618E.d.C6A71FCE8F906FF9AD75D5BB0DBD3CEC.e.10487/click - {}
RESULT: {}
COMMAND: GET /session/9eb332d92fee3afc542bcceca92e7691/screenshot - {}
RESULT: {}
COMMAND: POST /session/9eb332d92fee3afc542bcceca92e7691/element - {"using":"xpath","value":"//bdi[contains(text(), \"Time Segment\")]"}
RESULT: {"using":"xpath","value":"//bdi[contains(text(), \"Time Segment\")]"}
COMMAND: GET /session/9eb332d92fee3afc542bcceca92e7691/element/f.FB94101F77D2F5C7286D81464D13618E.d.C6A71FCE8F906FF9AD75D5BB0DBD3CEC.e.10488/rect - {}
RESULT: {}
COMMAND: GET /session/9eb332d92fee3afc542bcceca92e7691/window/rect - {}
RESULT: {}
COMMAND: POST /session/9eb332d92fee3afc542bcceca92e7691/execute/sync - {"script":"<script> [92 bytes]","args":[]}
RESULT: {"script":"<script> [92 bytes]","args":[]}
COMMAND: POST /session/9eb332d92fee3afc542bcceca92e7691/actions - {"actions":[{"id":"action31","type":"wheel","parameters":{},"actions":[{"type":"scroll","x":-1820,"y":-21,"deltaX":0,"deltaY":0,"duration":0,"origin":{"element-6066-11e4-a52e-4f735466cecf":"f.FB94101F77D2F5C7286D81464D13618E.d.C6A71FCE8F906FF9AD75D5BB0DBD3CEC.e.10488"}}]}]}
COMMAND: GET /session/9eb332d92fee3afc542bcceca92e7691/screenshot - {}
RESULT: {}
COMMAND: POST /session/9eb332d92fee3afc542bcceca92e7691/execute/sync - {"script":"<script> [79 bytes]","args":[{"element-6066-11e4-a52e-4f735466cecf":"f.FB94101F77D2F5C7286D81464D13618E.d.C6A71FCE8F906FF9AD75D5BB0DBD3CEC.e.10488","ELEMENT":"f.FB94101F77D2F5C7286D81464D13618E.d.C6A71FCE8F906FF9AD75D5BB0DBD3CEC.e.10488"},{"block":"start","inline":"nearest"}]}
RESULT: {"script":"<script> [79 bytes]","args":[{"element-6066-11e4-a52e-4f735466cecf":"f.FB94101F77D2F5C7286D81464D13618E.d.C6A71FCE8F906FF9AD75D5BB0DBD3CEC.e.10488","ELEMENT":"f.FB94101F77D2F5C7286D81464D13618E.d.C6A71FCE8F906FF9AD75D5BB0DBD3CEC.e.10488"},{"block":"start","inline":"nearest"}]}
COMMAND: GET /session/9eb332d92fee3afc542bcceca92e7691/screenshot - {}
RESULT: {}
COMMAND: POST /session/9eb332d92fee3afc542bcceca92e7691/element - {"using":"xpath","value":"//span[@id=\"application-manageresources-display-component---newResourceUnit--btnAddTimeSegment-img\"]"}
RESULT: {"using":"xpath","value":"//span[@id=\"application-manageresources-display-component---newResourceUnit--btnAddTimeSegment-img\"]"}
COMMAND: POST /session/9eb332d92fee3afc542bcceca92e7691/execute/sync - {"script":"<script> [8489 bytes]","args":[{"element-6066-11e4-a52e-4f735466cecf":"f.FB94101F77D2F5C7286D81464D13618E.d.C6A71FCE8F906FF9AD75D5BB0DBD3CEC.e.10491","ELEMENT":"f.FB94101F77D2F5C7286D81464D13618E.d.C6A71FCE8F906FF9AD75D5BB0DBD3CEC.e.10491"}]}
RESULT: {"script":"<script> [8489 bytes]","args":[{"element-6066-11e4-a52e-4f735466cecf":"f.FB94101F77D2F5C7286D81464D13618E.d.C6A71FCE8F906FF9AD75D5BB0DBD3CEC.e.10491","ELEMENT":"f.FB94101F77D2F5C7286D81464D13618E.d.C6A71FCE8F906FF9AD75D5BB0DBD3CEC.e.10491"}]}
COMMAND: POST /session/9eb332d92fee3afc542bcceca92e7691/element/f.FB94101F77D2F5C7286D81464D13618E.d.C6A71FCE8F906FF9AD75D5BB0DBD3CEC.e.10491/click - {}
COMMAND: GET /session/9eb332d92fee3afc542bcceca92e7691/screenshot - {}
RESULT: {}
COMMAND: GET /session/9eb332d92fee3afc542bcceca92e7691/screenshot - {}
COMMAND: POST /session/9eb332d92fee3afc542bcceca92e7691/element - {"using":"xpath","value":"//input[@id=\"application-manageresources-display-component---newResourceUnit--idRuTSAdmin-application-manageresources-display-component---newResourceUnit--RUTimeSegment-0-inner\"]"}
RESULT: {}
RESULT: {}
RESULT: {"using":"xpath","value":"//input[@id=\"application-manageresources-display-component---newResourceUnit--idRuTSAdmin-application-manageresources-display-component---newResourceUnit--RUTimeSegment-0-inner\"]"}
COMMAND: POST /session/9eb332d92fee3afc542bcceca92e7691/element/f.FB94101F77D2F5C7286D81464D13618E.d.C6A71FCE8F906FF9AD75D5BB0DBD3CEC.e.10494/clear - {}
RESULT: {}
COMMAND: POST /session/9eb332d92fee3afc542bcceca92e7691/element/f.FB94101F77D2F5C7286D81464D13618E.d.C6A71FCE8F906FF9AD75D5BB0DBD3CEC.e.10494/value - {"text":"WebdriverWHMYardgjbdc"}
COMMAND: GET /session/9eb332d92fee3afc542bcceca92e7691/screenshot - {}
RESULT: {"text":"WebdriverWHMYardgjbdc"}
COMMAND: GET /session/9eb332d92fee3afc542bcceca92e7691/screenshot - {}
RESULT: {}
RESULT: {}
COMMAND: POST /session/9eb332d92fee3afc542bcceca92e7691/actions - {"actions":[{"id":"action32","type":"key","parameters":{},"actions":[{"type":"keyDown","value":"î€‡"},{"type":"pause","duration":10},{"type":"keyUp","value":"î€‡"}]}]}
RESULT: {"actions":[{"id":"action32","type":"key","parameters":{},"actions":[{"type":"keyDown","value":"î€‡"},{"type":"pause","duration":10},{"type":"keyUp","value":"î€‡"}]}]}
COMMAND: GET /session/9eb332d92fee3afc542bcceca92e7691/screenshot - {}
RESULT: {}
COMMAND: POST /session/9eb332d92fee3afc542bcceca92e7691/execute/async - {"script":"<script> [1562 bytes]","args":[{"selector":{"controlType":"sap.m.Button","viewName":"reusables.view.manageresources.NewResourceUnit","viewId":"application-manageresources-display-component---newResourceUnit","i18NText":{"propertyName":"tooltip","key":"save"},"interaction":{"idSuffix":"BDI-content"}},"wdio_ui5_key":"reusablesview.manageresources.NewResourceUnitsap.m.Button{\"propertyName\":\"tooltip\",\"key\":\"save\"}"}]}
RESULT: {"script":"<script> [1562 bytes]","args":[{"selector":{"controlType":"sap.m.Button","viewName":"reusables.view.manageresources.NewResourceUnit","viewId":"application-manageresources-display-component---newResourceUnit","i18NText":{"propertyName":"tooltip","key":"save"},"interaction":{"idSuffix":"BDI-content"}},"wdio_ui5_key":"reusablesview.manageresources.NewResourceUnitsap.m.Button{\"propertyName\":\"tooltip\",\"key\":\"save\"}"}]}
RESULT: undefined
COMMAND: POST /session/9eb332d92fee3afc542bcceca92e7691/element - {"using":"xpath","value":"//*[@id=\"application-manageresources-display-component---newResourceUnit--createRuButton\"]"}
RESULT: {"using":"xpath","value":"//*[@id=\"application-manageresources-display-component---newResourceUnit--createRuButton\"]"}
COMMAND: POST /session/9eb332d92fee3afc542bcceca92e7691/element/f.FB94101F77D2F5C7286D81464D13618E.d.C6A71FCE8F906FF9AD75D5BB0DBD3CEC.e.10419/click - {}
RESULT: {}
COMMAND: GET /session/9eb332d92fee3afc542bcceca92e7691/screenshot - {}
RESULT: {}
COMMAND: POST /session/9eb332d92fee3afc542bcceca92e7691/execute/async - {"script":"<script> [1562 bytes]","args":[{"selector":{"controlType":"sap.m.Title","properties":{"text":"Success"},"searchOpenDialogs":true},"wdio_ui5_key":"sapm.Title{\"text\":\"Success\"}"}]}
RESULT: {"script":"<script> [1562 bytes]","args":[{"selector":{"controlType":"sap.m.Title","properties":{"text":"Success"},"searchOpenDialogs":true},"wdio_ui5_key":"sapm.Title{\"text\":\"Success\"}"}]}
RESULT: undefined
COMMAND: POST /session/9eb332d92fee3afc542bcceca92e7691/execute/async - {"script":"<script> [6424 bytes]","args":[{"element-6066-11e4-a52e-4f735466cecf":"f.FB94101F77D2F5C7286D81464D13618E.d.C6A71FCE8F906FF9AD75D5BB0DBD3CEC.e.10509"},"getText",[]]}
RESULT: {"script":"<script> [6424 bytes]","args":[{"element-6066-11e4-a52e-4f735466cecf":"f.FB94101F77D2F5C7286D81464D13618E.d.C6A71FCE8F906FF9AD75D5BB0DBD3CEC.e.10509"},"getText",[]]}
COMMAND: POST /session/9eb332d92fee3afc542bcceca92e7691/element - {"using":"xpath","value":"//*[contains(@id, '__text') and (contains(text(), 'successfully created') or contains(., 'successfully created'))]"}
RESULT: {"using":"xpath","value":"//*[contains(@id, '__text') and (contains(text(), 'successfully created') or contains(., 'successfully created'))]"}
COMMAND: GET /session/9eb332d92fee3afc542bcceca92e7691/element/f.FB94101F77D2F5C7286D81464D13618E.d.C6A71FCE8F906FF9AD75D5BB0DBD3CEC.e.10508/text - {}
RESULT: {}
COMMAND: POST /session/9eb332d92fee3afc542bcceca92e7691/execute/async - {"script":"<script> [1562 bytes]","args":[{"selector":{"controlType":"sap.m.Button","properties":{"text":"Close"},"searchOpenDialogs":true,"interaction":{"idSuffix":"BDI-content"}},"wdio_ui5_key":"sapm.Button{\"text\":\"Close\"}"}]}
RESULT: {"script":"<script> [1562 bytes]","args":[{"selector":{"controlType":"sap.m.Button","properties":{"text":"Close"},"searchOpenDialogs":true,"interaction":{"idSuffix":"BDI-content"}},"wdio_ui5_key":"sapm.Button{\"text\":\"Close\"}"}]}
RESULT: undefined
COMMAND: POST /session/9eb332d92fee3afc542bcceca92e7691/element - {"using":"xpath","value":"//*[@id=\"__mbox-btn-0\"]"}
RESULT: {"using":"xpath","value":"//*[@id=\"__mbox-btn-0\"]"}
COMMAND: POST /session/9eb332d92fee3afc542bcceca92e7691/element/f.FB94101F77D2F5C7286D81464D13618E.d.C6A71FCE8F906FF9AD75D5BB0DBD3CEC.e.10505/click - {}
RESULT: {}
COMMAND: GET /session/9eb332d92fee3afc542bcceca92e7691/screenshot - {}
RESULT: {}
COMMAND: POST /session/9eb332d92fee3afc542bcceca92e7691/execute/async - {"script":"<script> [1562 bytes]","args":[{"selector":{"controlType":"sap.ui.core.Icon","viewName":"etm.portal.ui.manageresources.view.Detail","viewId":"application-manageresources-display-component---detailRU","properties":{"src":{"regex":{"source":"overflow"}}}},"wdio_ui5_key":"etmportal.ui.manageresources.view.Detailsap.ui.core.Icon{\"src\":{\"regex\":{\"source\":\"overflow\"}}}"}]}
RESULT: {"script":"<script> [1562 bytes]","args":[{"selector":{"controlType":"sap.ui.core.Icon","viewName":"etm.portal.ui.manageresources.view.Detail","viewId":"application-manageresources-display-component---detailRU","properties":{"src":{"regex":{"source":"overflow"}}}},"wdio_ui5_key":"etmportal.ui.manageresources.view.Detailsap.ui.core.Icon{\"src\":{\"regex\":{\"source\":\"overflow\"}}}"}]}
RESULT: undefined
COMMAND: POST /session/9eb332d92fee3afc542bcceca92e7691/element - {"using":"xpath","value":"//*[@id=\"__title18-_actionsToolbar-overflowButton-img\"]"}
RESULT: {"using":"xpath","value":"//*[@id=\"__title18-_actionsToolbar-overflowButton-img\"]"}
COMMAND: POST /session/9eb332d92fee3afc542bcceca92e7691/element/f.FB94101F77D2F5C7286D81464D13618E.d.C6A71FCE8F906FF9AD75D5BB0DBD3CEC.e.10535/click - {}
RESULT: {}
COMMAND: POST /session/9eb332d92fee3afc542bcceca92e7691/execute/async - {"script":"<script> [1562 bytes]","args":[{"selector":{"controlType":"sap.m.Button","viewName":"etm.portal.ui.manageresources.view.Detail","viewId":"application-manageresources-display-component---detailRU","i18NText":{"propertyName":"tooltip","key":"closeColumn"},"searchOpenDialogs":true,"interaction":{"idSuffix":"inner"}},"wdio_ui5_key":"etmportal.ui.manageresources.view.Detailsap.m.Button{\"propertyName\":\"tooltip\",\"key\":\"closeColumn\"}"}]}
COMMAND: GET /session/9eb332d92fee3afc542bcceca92e7691/screenshot - {}
RESULT: {"script":"<script> [1562 bytes]","args":[{"selector":{"controlType":"sap.m.Button","viewName":"etm.portal.ui.manageresources.view.Detail","viewId":"application-manageresources-display-component---detailRU","i18NText":{"propertyName":"tooltip","key":"closeColumn"},"searchOpenDialogs":true,"interaction":{"idSuffix":"inner"}},"wdio_ui5_key":"etmportal.ui.manageresources.view.Detailsap.m.Button{\"propertyName\":\"tooltip\",\"key\":\"closeColumn\"}"}]}
RESULT: undefined
COMMAND: POST /session/9eb332d92fee3afc542bcceca92e7691/element - {"using":"xpath","value":"//*[@id=\"__button47\"]"}
RESULT: {}
RESULT: {"using":"xpath","value":"//*[@id=\"__button47\"]"}
COMMAND: POST /session/9eb332d92fee3afc542bcceca92e7691/element/f.FB94101F77D2F5C7286D81464D13618E.d.C6A71FCE8F906FF9AD75D5BB0DBD3CEC.e.10539/click - {}
RESULT: {}
COMMAND: GET /session/9eb332d92fee3afc542bcceca92e7691/screenshot - {}
RESULT: {}
COMMAND: POST /session/9eb332d92fee3afc542bcceca92e7691/refresh - {}
RESULT: {}
COMMAND: GET /session/9eb332d92fee3afc542bcceca92e7691/screenshot - {}
RESULT: {}
COMMAND: POST /session/9eb332d92fee3afc542bcceca92e7691/execute/async - {"script":"<script> [189 bytes]","args":[]}
RESULT: {"script":"<script> [189 bytes]","args":[]}
COMMAND: POST /session/9eb332d92fee3afc542bcceca92e7691/execute/async - {"script":"<script> [123 bytes]","args":[]}
RESULT: {"script":"<script> [123 bytes]","args":[]}
COMMAND: POST /session/9eb332d92fee3afc542bcceca92e7691/timeouts - {"script":"<number>"}
RESULT: {"script":"<number>"}
COMMAND: GET /session/9eb332d92fee3afc542bcceca92e7691/timeouts - {}
RESULT: {}
RESULT: undefined
COMMAND: POST /session/9eb332d92fee3afc542bcceca92e7691/execute/async - {"script":"<script> [2676 bytes]","args":[]}
RESULT: {"script":"<script> [2676 bytes]","args":[]}
COMMAND: POST /session/9eb332d92fee3afc542bcceca92e7691/execute/async - {"script":"<script> [2342 bytes]","args":[{"protocol":"http","hostname":"0.0.0.0","path":"/","capabilities":{"browserName":"chrome","goog:chromeOptions":{"binary":"C:\\Program Files\\Google\\Chrome\\Application\\chrome.exe","args":["--start-maximized"]}},"logLevel":"warn","connectionRetryTimeout":120000,"connectionRetryCount":3,"logLevels":{},"enableDirectConnect":true,"strictSSL":true,"_":"65 more keys: [\"cacheDir\",\"port\",\"requestedCapabilities\",\"automationProtocol\",\"baseUrl\",\"waitforInterval\",\"waitforTimeout\",\"onReload\",\"beforeCommand\",\"afterCommand\",\"rootDir\",\"specs\",\"suites\",\"exclude\",\"groupLogsByTestSpec\",\"excludeDriverLogs\",\"bail\",\"framework\",\"reporters\",\"services\",\"maxInstances\",\"maxInstancesPerCapability\",\"injectGlobals\",\"filesToWatch\",\"execArgv\",\"runnerEnv\",\"runner\",\"shard\",\"specFileRetries\",\"specFileRetriesDelay\",\"specFileRetriesDeferred\",\"reporterSyncInterval\",\"reporterSyncTimeout\",\"cucumberFeaturesWithLineNumbers\",\"autoCompileOpts\",\"mochaOpts\",\"jasmineOpts\",\"cucumberOpts\",\"onPrepare\",\"onWorkerStart\",\"onWorkerEnd\",\"before\",\"beforeSession\",\"beforeSuite\",\"beforeHook\",\"beforeTest\",\"afterTest\",\"afterHook\",\"afterSuite\",\"afterSession\",\"after\",\"onComplete\",\"beforeAssertion\",\"afterAssertion\",\"beforeFeature\",\"beforeScenario\",\"beforeStep\",\"afterStep\",\"afterScenario\",\"afterFeature\",\"_\",\"suite\",\"$0\",\"ignoredWorkerServices\",\"wdi5\"]"}]}
RESULT: {"script":"<script> [2342 bytes]","args":[{"protocol":"http","hostname":"0.0.0.0","path":"/","capabilities":{"browserName":"chrome","goog:chromeOptions":{"binary":"C:\\Program Files\\Google\\Chrome\\Application\\chrome.exe","args":["--start-maximized"]}},"logLevel":"warn","connectionRetryTimeout":120000,"connectionRetryCount":3,"logLevels":{},"enableDirectConnect":true,"strictSSL":true,"_":"65 more keys: [\"cacheDir\",\"port\",\"requestedCapabilities\",\"automationProtocol\",\"baseUrl\",\"waitforInterval\",\"waitforTimeout\",\"onReload\",\"beforeCommand\",\"afterCommand\",\"rootDir\",\"specs\",\"suites\",\"exclude\",\"groupLogsByTestSpec\",\"excludeDriverLogs\",\"bail\",\"framework\",\"reporters\",\"services\",\"maxInstances\",\"maxInstancesPerCapability\",\"injectGlobals\",\"filesToWatch\",\"execArgv\",\"runnerEnv\",\"runner\",\"shard\",\"specFileRetries\",\"specFileRetriesDelay\",\"specFileRetriesDeferred\",\"reporterSyncInterval\",\"reporterSyncTimeout\",\"cucumberFeaturesWithLineNumbers\",\"autoCompileOpts\",\"mochaOpts\",\"jasmineOpts\",\"cucumberOpts\",\"onPrepare\",\"onWorkerStart\",\"onWorkerEnd\",\"before\",\"beforeSession\",\"beforeSuite\",\"beforeHook\",\"beforeTest\",\"afterTest\",\"afterHook\",\"afterSuite\",\"afterSession\",\"after\",\"onComplete\",\"beforeAssertion\",\"afterAssertion\",\"beforeFeature\",\"beforeScenario\",\"beforeStep\",\"afterStep\",\"afterScenario\",\"afterFeature\",\"_\",\"suite\",\"$0\",\"ignoredWorkerServices\",\"wdi5\"]"}]}
COMMAND: POST /session/9eb332d92fee3afc542bcceca92e7691/execute/async - {"script":"<script> [21126 bytes]","args":[35000]}
RESULT: {"script":"<script> [21126 bytes]","args":[35000]}
COMMAND: POST /session/9eb332d92fee3afc542bcceca92e7691/element - {"using":"css selector","value":"#shell-header-logo"}
RESULT: {"using":"css selector","value":"#shell-header-logo"}
COMMAND: POST /session/9eb332d92fee3afc542bcceca92e7691/element/f.FB94101F77D2F5C7286D81464D13618E.d.3F304DA3CD96046ED9DAA1BDFCE35158.e.10715/click - {}
RESULT: {}
COMMAND: GET /session/9eb332d92fee3afc542bcceca92e7691/screenshot - {}
RESULT: {}
COMMAND: POST /session/9eb332d92fee3afc542bcceca92e7691/element - {"using":"css selector","value":"#shell-header-logo"}
RESULT: {"using":"css selector","value":"#shell-header-logo"}
COMMAND: POST /session/9eb332d92fee3afc542bcceca92e7691/element/f.FB94101F77D2F5C7286D81464D13618E.d.3F304DA3CD96046ED9DAA1BDFCE35158.e.10876/click - {}
RESULT: {}
COMMAND: GET /session/9eb332d92fee3afc542bcceca92e7691/screenshot - {}
RESULT: {}
]]></system-out>
    </testcase>
    <testcase classname="chrome.136_0_7103_49.windows.Warehouse_movements_inventory_test" name="Should do a stock increase handover" time="69.178">
      <system-out><![CDATA[
COMMAND: POST /session/9eb332d92fee3afc542bcceca92e7691/execute/async - {"script":"<script> [1562 bytes]","args":[{"selector":{"controlType":"sap.m.Text","viewName":"etm.portal.ui.managehandoverstile.view.Master","properties":{"text":"Manage Handovers"},"interaction":{"idSuffix":"inner"}},"wdio_ui5_key":"etmportal.ui.managehandoverstile.view.Mastersap.m.Text{\"text\":\"Manage Handovers\"}"}]}
RESULT: {"script":"<script> [1562 bytes]","args":[{"selector":{"controlType":"sap.m.Text","viewName":"etm.portal.ui.managehandoverstile.view.Master","properties":{"text":"Manage Handovers"},"interaction":{"idSuffix":"inner"}},"wdio_ui5_key":"etmportal.ui.managehandoverstile.view.Mastersap.m.Text{\"text\":\"Manage Handovers\"}"}]}
RESULT: undefined
COMMAND: POST /session/9eb332d92fee3afc542bcceca92e7691/element - {"using":"xpath","value":"//*[@id=\"__tile132-title\"]"}
RESULT: {"using":"xpath","value":"//*[@id=\"__tile132-title\"]"}
COMMAND: POST /session/9eb332d92fee3afc542bcceca92e7691/element/f.FB94101F77D2F5C7286D81464D13618E.d.3F304DA3CD96046ED9DAA1BDFCE35158.e.10884/click - {}
RESULT: {}
COMMAND: GET /session/9eb332d92fee3afc542bcceca92e7691/screenshot - {}
RESULT: {}
COMMAND: POST /session/9eb332d92fee3afc542bcceca92e7691/element - {"using":"xpath","value":"//button[(@data-kt = 'masterHOAddButton')]"}
RESULT: {"using":"xpath","value":"//button[(@data-kt = 'masterHOAddButton')]"}
COMMAND: POST /session/9eb332d92fee3afc542bcceca92e7691/elements - {"using":"xpath","value":"//button[(@data-kt = 'masterHOAddButton')]"}
RESULT: {"using":"xpath","value":"//button[(@data-kt = 'masterHOAddButton')]"}
COMMAND: POST /session/9eb332d92fee3afc542bcceca92e7691/elements - {"using":"xpath","value":"//button[(@data-kt = 'masterHOAddButton')]"}
RESULT: {"using":"xpath","value":"//button[(@data-kt = 'masterHOAddButton')]"}
COMMAND: POST /session/9eb332d92fee3afc542bcceca92e7691/element - {"using":"xpath","value":"//button[(@data-kt = 'masterHOAddButton')]"}
RESULT: {"using":"xpath","value":"//button[(@data-kt = 'masterHOAddButton')]"}
COMMAND: POST /session/9eb332d92fee3afc542bcceca92e7691/element/f.FB94101F77D2F5C7286D81464D13618E.d.3F304DA3CD96046ED9DAA1BDFCE35158.e.10910/click - {}
RESULT: {}
COMMAND: GET /session/9eb332d92fee3afc542bcceca92e7691/screenshot - {}
RESULT: {}
COMMAND: POST /session/9eb332d92fee3afc542bcceca92e7691/element - {"using":"xpath","value":"//span[contains(@id ,\"AddNewHO--typeSelect-arrow\")]"}
RESULT: {"using":"xpath","value":"//span[contains(@id ,\"AddNewHO--typeSelect-arrow\")]"}
COMMAND: POST /session/9eb332d92fee3afc542bcceca92e7691/element/f.FB94101F77D2F5C7286D81464D13618E.d.3F304DA3CD96046ED9DAA1BDFCE35158.e.11050/click - {}
RESULT: {}
COMMAND: POST /session/9eb332d92fee3afc542bcceca92e7691/element - {"using":"xpath","value":"(//li[contains(text(), \"stock increase yard\")])[1]"}
COMMAND: GET /session/9eb332d92fee3afc542bcceca92e7691/screenshot - {}
RESULT: {"using":"xpath","value":"(//li[contains(text(), \"stock increase yard\")])[1]"}
COMMAND: POST /session/9eb332d92fee3afc542bcceca92e7691/element/f.FB94101F77D2F5C7286D81464D13618E.d.3F304DA3CD96046ED9DAA1BDFCE35158.e.11051/click - {}
RESULT: {}
RESULT: {}
COMMAND: GET /session/9eb332d92fee3afc542bcceca92e7691/screenshot - {}
RESULT: {}
COMMAND: POST /session/9eb332d92fee3afc542bcceca92e7691/execute/async - {"script":"<script> [1562 bytes]","args":[{"selector":{"id":"application-managehandovers-display-component---AddNewHO--dueDate","interaction":{"idSuffix":"inner"}},"wdio_ui5_key":"applicationmanagehandovers-display-component---AddNewHO--dueDate"}]}
RESULT: {"script":"<script> [1562 bytes]","args":[{"selector":{"id":"application-managehandovers-display-component---AddNewHO--dueDate","interaction":{"idSuffix":"inner"}},"wdio_ui5_key":"applicationmanagehandovers-display-component---AddNewHO--dueDate"}]}
RESULT: undefined
COMMAND: POST /session/9eb332d92fee3afc542bcceca92e7691/execute/async - {"script":"<script> [6424 bytes]","args":[{"element-6066-11e4-a52e-4f735466cecf":"f.FB94101F77D2F5C7286D81464D13618E.d.3F304DA3CD96046ED9DAA1BDFCE35158.e.11053"},"setValue",["05/08/2025"]]}
RESULT: {"script":"<script> [6424 bytes]","args":[{"element-6066-11e4-a52e-4f735466cecf":"f.FB94101F77D2F5C7286D81464D13618E.d.3F304DA3CD96046ED9DAA1BDFCE35158.e.11053"},"setValue",["05/08/2025"]]}
COMMAND: POST /session/9eb332d92fee3afc542bcceca92e7691/element - {"using":"xpath","value":"//input[@id=\"generalSectionFrg--receiveYard-inner\"]"}
RESULT: {"using":"xpath","value":"//input[@id=\"generalSectionFrg--receiveYard-inner\"]"}
COMMAND: POST /session/9eb332d92fee3afc542bcceca92e7691/element/f.FB94101F77D2F5C7286D81464D13618E.d.3F304DA3CD96046ED9DAA1BDFCE35158.e.11059/clear - {}
RESULT: {}
COMMAND: POST /session/9eb332d92fee3afc542bcceca92e7691/element/f.FB94101F77D2F5C7286D81464D13618E.d.3F304DA3CD96046ED9DAA1BDFCE35158.e.11059/value - {"text":"WebdriverWHMYardgjbdc"}
COMMAND: GET /session/9eb332d92fee3afc542bcceca92e7691/screenshot - {}
RESULT: {"text":"WebdriverWHMYardgjbdc"}
COMMAND: GET /session/9eb332d92fee3afc542bcceca92e7691/screenshot - {}
RESULT: {}
RESULT: {}
COMMAND: POST /session/9eb332d92fee3afc542bcceca92e7691/execute/async - {"script":"<script> [1562 bytes]","args":[{"selector":{"id":"application-managehandovers-display-component---AddNewHO--ObjectPageLayout-anchBar-application-managehandovers-display-component---AddNewHO--section4-anchor","interaction":{"idSuffix":"BDI-content"}},"wdio_ui5_key":"applicationmanagehandovers-display-component---AddNewHO--ObjectPageLayout-anchBar-application-managehandovers-display-component---AddNewHO--section4-anchor"}]}
RESULT: {"script":"<script> [1562 bytes]","args":[{"selector":{"id":"application-managehandovers-display-component---AddNewHO--ObjectPageLayout-anchBar-application-managehandovers-display-component---AddNewHO--section4-anchor","interaction":{"idSuffix":"BDI-content"}},"wdio_ui5_key":"applicationmanagehandovers-display-component---AddNewHO--ObjectPageLayout-anchBar-application-managehandovers-display-component---AddNewHO--section4-anchor"}]}
RESULT: undefined
COMMAND: POST /session/9eb332d92fee3afc542bcceca92e7691/element - {"using":"xpath","value":"//*[@id=\"application-managehandovers-display-component---AddNewHO--ObjectPageLayout-anchBar-application-managehandovers-display-component---AddNewHO--section4-anchor\"]"}
RESULT: {"using":"xpath","value":"//*[@id=\"application-managehandovers-display-component---AddNewHO--ObjectPageLayout-anchBar-application-managehandovers-display-component---AddNewHO--section4-anchor\"]"}
COMMAND: POST /session/9eb332d92fee3afc542bcceca92e7691/element/f.FB94101F77D2F5C7286D81464D13618E.d.3F304DA3CD96046ED9DAA1BDFCE35158.e.11077/click - {}
RESULT: {}
COMMAND: GET /session/9eb332d92fee3afc542bcceca92e7691/screenshot - {}
RESULT: {}
COMMAND: POST /session/9eb332d92fee3afc542bcceca92e7691/element - {"using":"xpath","value":"//button[@aria-label=\"Add\"]"}
RESULT: {"using":"xpath","value":"//button[@aria-label=\"Add\"]"}
COMMAND: POST /session/9eb332d92fee3afc542bcceca92e7691/element/f.FB94101F77D2F5C7286D81464D13618E.d.3F304DA3CD96046ED9DAA1BDFCE35158.e.11081/click - {}
RESULT: {}
COMMAND: GET /session/9eb332d92fee3afc542bcceca92e7691/screenshot - {}
RESULT: {}
COMMAND: POST /session/9eb332d92fee3afc542bcceca92e7691/execute/async - {"script":"<script> [1562 bytes]","args":[{"selector":{"id":"application-managehandovers-display-component---AddNewHO--smartFilterBar-btnBasicSearch","searchOpenDialogs":true,"interaction":{"idSuffix":"I"}},"wdio_ui5_key":"applicationmanagehandovers-display-component---AddNewHO--smartFilterBar-btnBasicSearch"}]}
RESULT: {"script":"<script> [1562 bytes]","args":[{"selector":{"id":"application-managehandovers-display-component---AddNewHO--smartFilterBar-btnBasicSearch","searchOpenDialogs":true,"interaction":{"idSuffix":"I"}},"wdio_ui5_key":"applicationmanagehandovers-display-component---AddNewHO--smartFilterBar-btnBasicSearch"}]}
RESULT: undefined
COMMAND: POST /session/9eb332d92fee3afc542bcceca92e7691/execute/async - {"script":"<script> [776 bytes]","args":[{"enterText":"WebdriverRUR2C409ff","selector":{"id":"application-managehandovers-display-component---AddNewHO--smartFilterBar-btnBasicSearch","searchOpenDialogs":true,"interaction":{"idSuffix":"I"}},"clearTextFirst":true,"interactionType":"ENTER_TEXT"}]}
RESULT: {"script":"<script> [776 bytes]","args":[{"enterText":"WebdriverRUR2C409ff","selector":{"id":"application-managehandovers-display-component---AddNewHO--smartFilterBar-btnBasicSearch","searchOpenDialogs":true,"interaction":{"idSuffix":"I"}},"clearTextFirst":true,"interactionType":"ENTER_TEXT"}]}
COMMAND: POST /session/9eb332d92fee3afc542bcceca92e7691/actions - {"actions":[{"id":"action33","type":"key","parameters":{},"actions":[{"type":"keyDown","value":"î€‡"},{"type":"pause","duration":10},{"type":"keyUp","value":"î€‡"}]}]}
RESULT: {"actions":[{"id":"action33","type":"key","parameters":{},"actions":[{"type":"keyDown","value":"î€‡"},{"type":"pause","duration":10},{"type":"keyUp","value":"î€‡"}]}]}
COMMAND: POST /session/9eb332d92fee3afc542bcceca92e7691/execute/async - {"script":"<script> [1562 bytes]","args":[{"selector":{"id":"application-managehandovers-display-component---AddNewHO--popup-sa","searchOpenDialogs":true,"interaction":{"idSuffix":"CbBg"}},"wdio_ui5_key":"applicationmanagehandovers-display-component---AddNewHO--popup-sa"}]}
COMMAND: GET /session/9eb332d92fee3afc542bcceca92e7691/screenshot - {}
RESULT: {"script":"<script> [1562 bytes]","args":[{"selector":{"id":"application-managehandovers-display-component---AddNewHO--popup-sa","searchOpenDialogs":true,"interaction":{"idSuffix":"CbBg"}},"wdio_ui5_key":"applicationmanagehandovers-display-component---AddNewHO--popup-sa"}]}
RESULT: undefined
COMMAND: POST /session/9eb332d92fee3afc542bcceca92e7691/element - {"using":"xpath","value":"//*[@id=\"application-managehandovers-display-component---AddNewHO--popup-sa\"]"}
RESULT: {}
RESULT: {"using":"xpath","value":"//*[@id=\"application-managehandovers-display-component---AddNewHO--popup-sa\"]"}
COMMAND: POST /session/9eb332d92fee3afc542bcceca92e7691/element/f.FB94101F77D2F5C7286D81464D13618E.d.3F304DA3CD96046ED9DAA1BDFCE35158.e.11235/click - {}
RESULT: {}
COMMAND: GET /session/9eb332d92fee3afc542bcceca92e7691/screenshot - {}
RESULT: {}
COMMAND: POST /session/9eb332d92fee3afc542bcceca92e7691/element - {"using":"xpath","value":"//bdi[contains(text(), \"Select\")]"}
RESULT: {"using":"xpath","value":"//bdi[contains(text(), \"Select\")]"}
COMMAND: POST /session/9eb332d92fee3afc542bcceca92e7691/element/f.FB94101F77D2F5C7286D81464D13618E.d.3F304DA3CD96046ED9DAA1BDFCE35158.e.11236/click - {}
RESULT: {}
COMMAND: GET /session/9eb332d92fee3afc542bcceca92e7691/screenshot - {}
RESULT: {}
COMMAND: POST /session/9eb332d92fee3afc542bcceca92e7691/element - {"using":"xpath","value":"//button[@data-kt=\"AddNewHOSaveButton\"]"}
RESULT: {"using":"xpath","value":"//button[@data-kt=\"AddNewHOSaveButton\"]"}
COMMAND: POST /session/9eb332d92fee3afc542bcceca92e7691/element/f.FB94101F77D2F5C7286D81464D13618E.d.3F304DA3CD96046ED9DAA1BDFCE35158.e.11240/click - {}
RESULT: {}
COMMAND: GET /session/9eb332d92fee3afc542bcceca92e7691/screenshot - {}
RESULT: {}
COMMAND: POST /session/9eb332d92fee3afc542bcceca92e7691/execute/async - {"script":"<script> [1562 bytes]","args":[{"selector":{"id":"receiptDatePicker","viewName":"etm.portal.ui.managehandovers.view.DetailExecuteHO","interaction":{"idSuffix":"inner"}},"wdio_ui5_key":"receiptDatePickeretmportal.ui.managehandovers.view.DetailExecuteHO"}]}
RESULT: {"script":"<script> [1562 bytes]","args":[{"selector":{"id":"receiptDatePicker","viewName":"etm.portal.ui.managehandovers.view.DetailExecuteHO","interaction":{"idSuffix":"inner"}},"wdio_ui5_key":"receiptDatePickeretmportal.ui.managehandovers.view.DetailExecuteHO"}]}
RESULT: undefined
COMMAND: POST /session/9eb332d92fee3afc542bcceca92e7691/execute/async - {"script":"<script> [6424 bytes]","args":[{"element-6066-11e4-a52e-4f735466cecf":"f.FB94101F77D2F5C7286D81464D13618E.d.3F304DA3CD96046ED9DAA1BDFCE35158.e.11268"},"setValue",["05/08/2025"]]}
RESULT: {"script":"<script> [6424 bytes]","args":[{"element-6066-11e4-a52e-4f735466cecf":"f.FB94101F77D2F5C7286D81464D13618E.d.3F304DA3CD96046ED9DAA1BDFCE35158.e.11268"},"setValue",["05/08/2025"]]}
COMMAND: POST /session/9eb332d92fee3afc542bcceca92e7691/element - {"using":"xpath","value":"//button[@data-kt=\"PickingTableConfirmAllButton\"]"}
RESULT: {"using":"xpath","value":"//button[@data-kt=\"PickingTableConfirmAllButton\"]"}
COMMAND: POST /session/9eb332d92fee3afc542bcceca92e7691/element/f.FB94101F77D2F5C7286D81464D13618E.d.3F304DA3CD96046ED9DAA1BDFCE35158.e.11286/click - {}
RESULT: {}
COMMAND: GET /session/9eb332d92fee3afc542bcceca92e7691/screenshot - {}
RESULT: {}
COMMAND: POST /session/9eb332d92fee3afc542bcceca92e7691/element - {"using":"xpath","value":"//bdi[contains(text(), \"OK\")]"}
RESULT: {"using":"xpath","value":"//bdi[contains(text(), \"OK\")]"}
COMMAND: POST /session/9eb332d92fee3afc542bcceca92e7691/element/f.FB94101F77D2F5C7286D81464D13618E.d.3F304DA3CD96046ED9DAA1BDFCE35158.e.11288/click - {}
RESULT: {}
COMMAND: GET /session/9eb332d92fee3afc542bcceca92e7691/screenshot - {}
RESULT: {}
COMMAND: POST /session/9eb332d92fee3afc542bcceca92e7691/element - {"using":"xpath","value":"(//bdi[contains(text(), \"Receive\")])[2]"}
RESULT: {"using":"xpath","value":"(//bdi[contains(text(), \"Receive\")])[2]"}
COMMAND: POST /session/9eb332d92fee3afc542bcceca92e7691/element/f.FB94101F77D2F5C7286D81464D13618E.d.3F304DA3CD96046ED9DAA1BDFCE35158.e.11290/click - {}
RESULT: {}
COMMAND: GET /session/9eb332d92fee3afc542bcceca92e7691/screenshot - {}
RESULT: {}
COMMAND: POST /session/9eb332d92fee3afc542bcceca92e7691/element - {"using":"css selector","value":"#shell-header-logo"}
RESULT: {"using":"css selector","value":"#shell-header-logo"}
COMMAND: POST /session/9eb332d92fee3afc542bcceca92e7691/element/f.FB94101F77D2F5C7286D81464D13618E.d.3F304DA3CD96046ED9DAA1BDFCE35158.e.10876/click - {}
RESULT: {}
COMMAND: GET /session/9eb332d92fee3afc542bcceca92e7691/screenshot - {}
RESULT: {}
]]></system-out>
    </testcase>
    <testcase classname="chrome.136_0_7103_49.windows.Warehouse_movements_inventory_test" name="Verify the warehouse movement" time="40.47">
      <system-out><![CDATA[
COMMAND: POST /session/9eb332d92fee3afc542bcceca92e7691/execute/async - {"script":"<script> [1562 bytes]","args":[{"selector":{"controlType":"sap.m.GenericTile","properties":{"header":"Manage Warehouse Movements"}},"wdio_ui5_key":"sapm.GenericTile{\"header\":\"Manage Warehouse Movements\"}"}]}
RESULT: {"script":"<script> [1562 bytes]","args":[{"selector":{"controlType":"sap.m.GenericTile","properties":{"header":"Manage Warehouse Movements"}},"wdio_ui5_key":"sapm.GenericTile{\"header\":\"Manage Warehouse Movements\"}"}]}
RESULT: undefined
COMMAND: POST /session/9eb332d92fee3afc542bcceca92e7691/element - {"using":"xpath","value":"//*[@id=\"__tile105\"]"}
RESULT: {"using":"xpath","value":"//*[@id=\"__tile105\"]"}
COMMAND: POST /session/9eb332d92fee3afc542bcceca92e7691/element/f.FB94101F77D2F5C7286D81464D13618E.d.3F304DA3CD96046ED9DAA1BDFCE35158.e.11524/click - {}
RESULT: {}
COMMAND: GET /session/9eb332d92fee3afc542bcceca92e7691/screenshot - {}
RESULT: {}
COMMAND: POST /session/9eb332d92fee3afc542bcceca92e7691/execute/async - {"script":"<script> [1562 bytes]","args":[{"selector":{"id":"application-warehousemovements-display-component---warehouseMovements--smartFilterBar-filterItemControl_BASIC-YARD-vhi"},"wdio_ui5_key":"applicationwarehousemovements-display-component---warehouseMovements--smartFilterBar-filterItemControl_BASIC-YARD-vhi"}]}
RESULT: {"script":"<script> [1562 bytes]","args":[{"selector":{"id":"application-warehousemovements-display-component---warehouseMovements--smartFilterBar-filterItemControl_BASIC-YARD-vhi"},"wdio_ui5_key":"applicationwarehousemovements-display-component---warehouseMovements--smartFilterBar-filterItemControl_BASIC-YARD-vhi"}]}
RESULT: undefined
COMMAND: POST /session/9eb332d92fee3afc542bcceca92e7691/element - {"using":"xpath","value":"//*[@id=\"application-warehousemovements-display-component---warehouseMovements--smartFilterBar-filterItemControl_BASIC-YARD-vhi\"]"}
RESULT: {"using":"xpath","value":"//*[@id=\"application-warehousemovements-display-component---warehouseMovements--smartFilterBar-filterItemControl_BASIC-YARD-vhi\"]"}
COMMAND: POST /session/9eb332d92fee3afc542bcceca92e7691/element/f.FB94101F77D2F5C7286D81464D13618E.d.3F304DA3CD96046ED9DAA1BDFCE35158.e.11631/click - {}
RESULT: {}
COMMAND: GET /session/9eb332d92fee3afc542bcceca92e7691/screenshot - {}
RESULT: {}
COMMAND: POST /session/9eb332d92fee3afc542bcceca92e7691/execute/async - {"script":"<script> [1562 bytes]","args":[{"selector":{"id":"application-warehousemovements-display-component---warehouseMovements--smartFilterBar-filterItemControl_BASIC-YARD-valueHelpDialog-smartFilterBar-btnBasicSearch","searchOpenDialogs":true,"interaction":{"idSuffix":"I"}},"wdio_ui5_key":"applicationwarehousemovements-display-component---warehouseMovements--smartFilterBar-filterItemControl_BASIC-YARD-valueHelpDialog-smartFilterBar-btnBasicSearch"}]}
RESULT: {"script":"<script> [1562 bytes]","args":[{"selector":{"id":"application-warehousemovements-display-component---warehouseMovements--smartFilterBar-filterItemControl_BASIC-YARD-valueHelpDialog-smartFilterBar-btnBasicSearch","searchOpenDialogs":true,"interaction":{"idSuffix":"I"}},"wdio_ui5_key":"applicationwarehousemovements-display-component---warehouseMovements--smartFilterBar-filterItemControl_BASIC-YARD-valueHelpDialog-smartFilterBar-btnBasicSearch"}]}
RESULT: undefined
COMMAND: POST /session/9eb332d92fee3afc542bcceca92e7691/execute/async - {"script":"<script> [776 bytes]","args":[{"enterText":"WebdriverWHMYardgjbdc","selector":{"id":"application-warehousemovements-display-component---warehouseMovements--smartFilterBar-filterItemControl_BASIC-YARD-valueHelpDialog-smartFilterBar-btnBasicSearch","searchOpenDialogs":true,"interaction":{"idSuffix":"I"}},"clearTextFirst":true,"interactionType":"ENTER_TEXT"}]}
RESULT: {"script":"<script> [776 bytes]","args":[{"enterText":"WebdriverWHMYardgjbdc","selector":{"id":"application-warehousemovements-display-component---warehouseMovements--smartFilterBar-filterItemControl_BASIC-YARD-valueHelpDialog-smartFilterBar-btnBasicSearch","searchOpenDialogs":true,"interaction":{"idSuffix":"I"}},"clearTextFirst":true,"interactionType":"ENTER_TEXT"}]}
COMMAND: POST /session/9eb332d92fee3afc542bcceca92e7691/actions - {"actions":[{"id":"action34","type":"key","parameters":{},"actions":[{"type":"keyDown","value":"î€‡"},{"type":"pause","duration":10},{"type":"keyUp","value":"î€‡"}]}]}
RESULT: {"actions":[{"id":"action34","type":"key","parameters":{},"actions":[{"type":"keyDown","value":"î€‡"},{"type":"pause","duration":10},{"type":"keyUp","value":"î€‡"}]}]}
COMMAND: GET /session/9eb332d92fee3afc542bcceca92e7691/screenshot - {}
RESULT: {}
COMMAND: POST /session/9eb332d92fee3afc542bcceca92e7691/element - {"using":"xpath","value":"//div[@id='application-warehousemovements-display-component---warehouseMovements--smartFilterBar-filterItemControl_BASIC-YARD-valueHelpDialog-table-rowsel0']"}
RESULT: {"using":"xpath","value":"//div[@id='application-warehousemovements-display-component---warehouseMovements--smartFilterBar-filterItemControl_BASIC-YARD-valueHelpDialog-table-rowsel0']"}
COMMAND: POST /session/9eb332d92fee3afc542bcceca92e7691/element/f.FB94101F77D2F5C7286D81464D13618E.d.3F304DA3CD96046ED9DAA1BDFCE35158.e.11642/click - {}
RESULT: {}
COMMAND: POST /session/9eb332d92fee3afc542bcceca92e7691/execute/async - {"script":"<script> [1562 bytes]","args":[{"selector":{"id":"application-warehousemovements-display-component---warehouseMovements--smartFilterBar-filterItemControl_BASIC-YARD-valueHelpDialog-ok","searchOpenDialogs":true,"interaction":{"idSuffix":"BDI-content"}},"wdio_ui5_key":"applicationwarehousemovements-display-component---warehouseMovements--smartFilterBar-filterItemControl_BASIC-YARD-valueHelpDialog-ok"}]}
COMMAND: GET /session/9eb332d92fee3afc542bcceca92e7691/screenshot - {}
RESULT: {"script":"<script> [1562 bytes]","args":[{"selector":{"id":"application-warehousemovements-display-component---warehouseMovements--smartFilterBar-filterItemControl_BASIC-YARD-valueHelpDialog-ok","searchOpenDialogs":true,"interaction":{"idSuffix":"BDI-content"}},"wdio_ui5_key":"applicationwarehousemovements-display-component---warehouseMovements--smartFilterBar-filterItemControl_BASIC-YARD-valueHelpDialog-ok"}]}
RESULT: undefined
COMMAND: POST /session/9eb332d92fee3afc542bcceca92e7691/element - {"using":"xpath","value":"//*[@id=\"application-warehousemovements-display-component---warehouseMovements--smartFilterBar-filterItemControl_BASIC-YARD-valueHelpDialog-ok\"]"}
RESULT: {}
RESULT: {"using":"xpath","value":"//*[@id=\"application-warehousemovements-display-component---warehouseMovements--smartFilterBar-filterItemControl_BASIC-YARD-valueHelpDialog-ok\"]"}
COMMAND: POST /session/9eb332d92fee3afc542bcceca92e7691/element/f.FB94101F77D2F5C7286D81464D13618E.d.3F304DA3CD96046ED9DAA1BDFCE35158.e.11645/click - {}
RESULT: {}
COMMAND: POST /session/9eb332d92fee3afc542bcceca92e7691/execute/async - {"script":"<script> [1562 bytes]","args":[{"selector":{"controlType":"sap.ui.core.Icon","viewName":"etm.portal.ui.warehousemovements.view.MasterMovement","viewId":"application-warehousemovements-display-component---warehouseMovements","properties":{"src":{"regex":{"source":"add"}}}},"wdio_ui5_key":"etmportal.ui.warehousemovements.view.MasterMovementsap.ui.core.Icon{\"src\":{\"regex\":{\"source\":\"add\"}}}"}]}
COMMAND: GET /session/9eb332d92fee3afc542bcceca92e7691/screenshot - {}
RESULT: {"script":"<script> [1562 bytes]","args":[{"selector":{"controlType":"sap.ui.core.Icon","viewName":"etm.portal.ui.warehousemovements.view.MasterMovement","viewId":"application-warehousemovements-display-component---warehouseMovements","properties":{"src":{"regex":{"source":"add"}}}},"wdio_ui5_key":"etmportal.ui.warehousemovements.view.MasterMovementsap.ui.core.Icon{\"src\":{\"regex\":{\"source\":\"add\"}}}"}]}
RESULT: undefined
COMMAND: POST /session/9eb332d92fee3afc542bcceca92e7691/element - {"using":"xpath","value":"//*[@id=\"__button73-img\"]"}
RESULT: {}
RESULT: {"using":"xpath","value":"//*[@id=\"__button73-img\"]"}
COMMAND: POST /session/9eb332d92fee3afc542bcceca92e7691/element/f.FB94101F77D2F5C7286D81464D13618E.d.3F304DA3CD96046ED9DAA1BDFCE35158.e.11594/click - {}
RESULT: {}
COMMAND: POST /session/9eb332d92fee3afc542bcceca92e7691/element - {"using":"xpath","value":"//input[contains(@id ,\"application-warehousemovements-display-component---addMovement--sectionsList-inner\")]"}
COMMAND: GET /session/9eb332d92fee3afc542bcceca92e7691/screenshot - {}
RESULT: {"using":"xpath","value":"//input[contains(@id ,\"application-warehousemovements-display-component---addMovement--sectionsList-inner\")]"}
COMMAND: POST /session/9eb332d92fee3afc542bcceca92e7691/elements - {"using":"xpath","value":"//input[contains(@id ,\"application-warehousemovements-display-component---addMovement--sectionsList-inner\")]"}
RESULT: {}
RESULT: {"using":"xpath","value":"//input[contains(@id ,\"application-warehousemovements-display-component---addMovement--sectionsList-inner\")]"}
COMMAND: POST /session/9eb332d92fee3afc542bcceca92e7691/elements - {"using":"xpath","value":"//input[contains(@id ,\"application-warehousemovements-display-component---addMovement--sectionsList-inner\")]"}
RESULT: {"using":"xpath","value":"//input[contains(@id ,\"application-warehousemovements-display-component---addMovement--sectionsList-inner\")]"}
COMMAND: POST /session/9eb332d92fee3afc542bcceca92e7691/element - {"using":"xpath","value":"//input[contains(@id ,\"application-warehousemovements-display-component---addMovement--sectionsList-inner\")]"}
RESULT: {"using":"xpath","value":"//input[contains(@id ,\"application-warehousemovements-display-component---addMovement--sectionsList-inner\")]"}
COMMAND: POST /session/9eb332d92fee3afc542bcceca92e7691/element/f.FB94101F77D2F5C7286D81464D13618E.d.3F304DA3CD96046ED9DAA1BDFCE35158.e.11708/clear - {}
RESULT: {}
COMMAND: POST /session/9eb332d92fee3afc542bcceca92e7691/element/f.FB94101F77D2F5C7286D81464D13618E.d.3F304DA3CD96046ED9DAA1BDFCE35158.e.11708/value - {"text":"Secdj00r"}
COMMAND: GET /session/9eb332d92fee3afc542bcceca92e7691/screenshot - {}
RESULT: {"text":"Secdj00r"}
COMMAND: GET /session/9eb332d92fee3afc542bcceca92e7691/screenshot - {}
RESULT: {}
RESULT: {}
COMMAND: POST /session/9eb332d92fee3afc542bcceca92e7691/actions - {"actions":[{"id":"action35","type":"key","parameters":{},"actions":[{"type":"keyDown","value":"î€‡"},{"type":"pause","duration":10},{"type":"keyUp","value":"î€‡"}]}]}
RESULT: {"actions":[{"id":"action35","type":"key","parameters":{},"actions":[{"type":"keyDown","value":"î€‡"},{"type":"pause","duration":10},{"type":"keyUp","value":"î€‡"}]}]}
COMMAND: GET /session/9eb332d92fee3afc542bcceca92e7691/screenshot - {}
RESULT: {}
COMMAND: POST /session/9eb332d92fee3afc542bcceca92e7691/execute/async - {"script":"<script> [1562 bytes]","args":[{"selector":{"id":"application-warehousemovements-display-component---addMovement--addItem-img"},"wdio_ui5_key":"applicationwarehousemovements-display-component---addMovement--addItem-img"}]}
RESULT: {"script":"<script> [1562 bytes]","args":[{"selector":{"id":"application-warehousemovements-display-component---addMovement--addItem-img"},"wdio_ui5_key":"applicationwarehousemovements-display-component---addMovement--addItem-img"}]}
RESULT: undefined
COMMAND: POST /session/9eb332d92fee3afc542bcceca92e7691/element - {"using":"xpath","value":"//*[@id=\"application-warehousemovements-display-component---addMovement--addItem-img\"]"}
RESULT: {"using":"xpath","value":"//*[@id=\"application-warehousemovements-display-component---addMovement--addItem-img\"]"}
COMMAND: POST /session/9eb332d92fee3afc542bcceca92e7691/element/f.FB94101F77D2F5C7286D81464D13618E.d.3F304DA3CD96046ED9DAA1BDFCE35158.e.11692/click - {}
RESULT: {}
COMMAND: POST /session/9eb332d92fee3afc542bcceca92e7691/execute/async - {"script":"<script> [1562 bytes]","args":[{"selector":{"id":"movementItemsPopUp--invSearch","searchOpenDialogs":true,"interaction":{"idSuffix":"I"}},"wdio_ui5_key":"movementItemsPopUpinvSearch"}]}
COMMAND: GET /session/9eb332d92fee3afc542bcceca92e7691/screenshot - {}
RESULT: {"script":"<script> [1562 bytes]","args":[{"selector":{"id":"movementItemsPopUp--invSearch","searchOpenDialogs":true,"interaction":{"idSuffix":"I"}},"wdio_ui5_key":"movementItemsPopUpinvSearch"}]}
RESULT: undefined
COMMAND: POST /session/9eb332d92fee3afc542bcceca92e7691/execute/async - {"script":"<script> [776 bytes]","args":[{"enterText":"WebdriverRUR2C409ff","selector":{"id":"movementItemsPopUp--invSearch","searchOpenDialogs":true,"interaction":{"idSuffix":"I"}},"clearTextFirst":true,"interactionType":"ENTER_TEXT"}]}
RESULT: {}
RESULT: {"script":"<script> [776 bytes]","args":[{"enterText":"WebdriverRUR2C409ff","selector":{"id":"movementItemsPopUp--invSearch","searchOpenDialogs":true,"interaction":{"idSuffix":"I"}},"clearTextFirst":true,"interactionType":"ENTER_TEXT"}]}
COMMAND: POST /session/9eb332d92fee3afc542bcceca92e7691/execute/async - {"script":"<script> [1562 bytes]","args":[{"selector":{"id":"movementItemsPopUp--movementItemsTable-sa","searchOpenDialogs":true,"interaction":{"idSuffix":"CbBg"}},"wdio_ui5_key":"movementItemsPopUpmovementItemsTable-sa"}]}
RESULT: {"script":"<script> [1562 bytes]","args":[{"selector":{"id":"movementItemsPopUp--movementItemsTable-sa","searchOpenDialogs":true,"interaction":{"idSuffix":"CbBg"}},"wdio_ui5_key":"movementItemsPopUpmovementItemsTable-sa"}]}
RESULT: undefined
COMMAND: POST /session/9eb332d92fee3afc542bcceca92e7691/element - {"using":"xpath","value":"//*[@id=\"movementItemsPopUp--movementItemsTable-sa\"]"}
RESULT: {"using":"xpath","value":"//*[@id=\"movementItemsPopUp--movementItemsTable-sa\"]"}
COMMAND: POST /session/9eb332d92fee3afc542bcceca92e7691/element/f.FB94101F77D2F5C7286D81464D13618E.d.3F304DA3CD96046ED9DAA1BDFCE35158.e.11793/click - {}
RESULT: {}
COMMAND: POST /session/9eb332d92fee3afc542bcceca92e7691/execute/async - {"script":"<script> [1562 bytes]","args":[{"selector":{"id":"movementItemsPopUp--createBtn","searchOpenDialogs":true,"interaction":{"idSuffix":"BDI-content"}},"wdio_ui5_key":"movementItemsPopUpcreateBtn"}]}
COMMAND: GET /session/9eb332d92fee3afc542bcceca92e7691/screenshot - {}
RESULT: {"script":"<script> [1562 bytes]","args":[{"selector":{"id":"movementItemsPopUp--createBtn","searchOpenDialogs":true,"interaction":{"idSuffix":"BDI-content"}},"wdio_ui5_key":"movementItemsPopUpcreateBtn"}]}
RESULT: undefined
COMMAND: POST /session/9eb332d92fee3afc542bcceca92e7691/element - {"using":"xpath","value":"//*[@id=\"movementItemsPopUp--createBtn\"]"}
RESULT: {}
RESULT: {"using":"xpath","value":"//*[@id=\"movementItemsPopUp--createBtn\"]"}
COMMAND: POST /session/9eb332d92fee3afc542bcceca92e7691/element/f.FB94101F77D2F5C7286D81464D13618E.d.3F304DA3CD96046ED9DAA1BDFCE35158.e.11795/click - {}
RESULT: {}
COMMAND: GET /session/9eb332d92fee3afc542bcceca92e7691/screenshot - {}
RESULT: {}
COMMAND: DELETE /session/9eb332d92fee3afc542bcceca92e7691 - {}
RESULT: {}
]]></system-out>
    </testcase>
  </testsuite>
</testsuites>